[{"Plan": {"Node Type": "Aggregate","Strategy": "Sorted","Partial Mode": "Finalize","Parallel Aware": false,"Async Capable": false,"Startup Cost": 47355.08,"Total Cost": 47374.71,"Plan Rows": 146,"Plan Width": 168,"Actual Startup Time": 2429.119,"Actual Total Time": 2605.321,"Actual Rows": 175,"Actual Loops": 1,"Group Key": ["nation.n_name", "(EXTRACT(year FROM orders.o_orderdate))"],"Plans": [{"Node Type": "Gather Merge","Parent Relationship": "Outer","Parallel Aware": false,"Async Capable": false,"Startup Cost": 47355.08,"Total Cost": 47371.30,"Plan Rows": 122,"Plan Width": 168,"Actual Startup Time": 2426.906,"Actual Total Time": 2604.867,"Actual Rows": 525,"Actual Loops": 1,"Workers Planned": 2,"Workers Launched": 2,"Plans": [{"Node Type": "Aggregate","Strategy": "Sorted","Partial Mode": "Partial","Parent Relationship": "Outer","Parallel Aware": false,"Async Capable": false,"Startup Cost": 46355.06,"Total Cost": 46357.20,"Plan Rows": 61,"Plan Width": 168,"Actual Startup Time": 2315.501,"Actual Total Time": 2444.657,"Actual Rows": 175,"Actual Loops": 3,"Group Key": ["nation.n_name", "(EXTRACT(year FROM orders.o_orderdate))"],"Workers": [],"Plans": [{"Node Type": "Sort","Parent Relationship": "Outer","Parallel Aware": false,"Async Capable": false,"Startup Cost": 46355.06,"Total Cost": 46355.21,"Plan Rows": 61,"Plan Width": 159,"Actual Startup Time": 2314.736,"Actual Total Time": 2357.989,"Actual Rows": 110203,"Actual Loops": 3,"Sort Key": ["nation.n_name", "(EXTRACT(year FROM orders.o_orderdate)) DESC"],"Sort Method": "quicksort","Sort Space Used": 13700,"Sort Space Type": "Memory","Workers": [{"Worker Number": 0,"Sort Method": "quicksort","Sort Space Used": 14285,"Sort Space Type": "Memory"},{"Worker Number": 1,"Sort Method": "quicksort","Sort Space Used": 14149,"Sort Space Type": "Memory"}],"Plans": [{"Node Type": "Hash Join","Parent Relationship": "Outer","Parallel Aware": false,"Async Capable": false,"Join Type": "Inner","Startup Cost": 3.13,"Total Cost": 46353.25,"Plan Rows": 61,"Plan Width": 159,"Actual Startup Time": 0.743,"Actual Total Time": 2163.601,"Actual Rows": 110203,"Actual Loops": 3,"Inner Unique": true,"Hash Cond": "(supplier.s_nationkey = nation.n_nationkey)","Workers": [],"Plans": [{"Node Type": "Nested Loop","Parent Relationship": "Outer","Parallel Aware": false,"Async Capable": false,"Join Type": "Inner","Startup Cost": 1.57,"Total Cost": 46351.35,"Plan Rows": 61,"Plan Width": 31,"Actual Startup Time": 0.555,"Actual Total Time": 2131.653,"Actual Rows": 110203,"Actual Loops": 3,"Inner Unique": true,"Workers": [],"Plans": [{"Node Type": "Nested Loop","Parent Relationship": "Outer","Parallel Aware": false,"Async Capable": false,"Join Type": "Inner","Startup Cost": 1.14,"Total Cost": 46322.98,"Plan Rows": 61,"Plan Width": 31,"Actual Startup Time": 0.406,"Actual Total Time": 971.169,"Actual Rows": 110203,"Actual Loops": 3,"Inner Unique": true,"Workers": [],"Plans": [{"Node Type": "Nested Loop","Parent Relationship": "Outer","Parallel Aware": false,"Async Capable": false,"Join Type": "Inner","Startup Cost": 0.86,"Total Cost": 46304.52,"Plan Rows": 61,"Plan Width": 35,"Actual Startup Time": 0.318,"Actual Total Time": 787.632,"Actual Rows": 110203,"Actual Loops": 3,"Inner Unique": false,"Workers": [],"Plans": [{"Node Type": "Nested Loop","Parent Relationship": "Outer","Parallel Aware": false,"Async Capable": false,"Join Type": "Inner","Startup Cost": 0.42,"Total Cost": 24846.16,"Plan Rows": 20202,"Plan Width": 18,"Actual Startup Time": 0.175,"Actual Total Time": 114.625,"Actual Rows": 14656,"Actual Loops": 3,"Inner Unique": false,"Workers": [],"Plans": [{"Node Type": "Seq Scan","Parent Relationship": "Outer","Parallel Aware": true,"Async Capable": false,"Relation Name": "part","Alias": "part","Startup Cost": 0.00,"Total Cost": 5138.67,"Plan Rows": 5051,"Plan Width": 4,"Actual Startup Time": 0.052,"Actual Total Time": 48.288,"Actual Rows": 3664,"Actual Loops": 3,"Filter": "((p_name)::text ~~ '%yellow%'::text)","Rows Removed by Filter": 63003,"Workers": []},{"Node Type": "Index Scan","Parent Relationship": "Inner","Parallel Aware": false,"Async Capable": false,"Scan Direction": "Forward","Index Name": "idx_partsupp_partkey","Relation Name": "partsupp","Alias": "partsupp","Startup Cost": 0.42,"Total Cost": 3.86,"Plan Rows": 4,"Plan Width": 14,"Actual Startup Time": 0.014,"Actual Total Time": 0.017,"Actual Rows": 4,"Actual Loops": 10992,"Index Cond": "(ps_partkey = part.p_partkey)","Rows Removed by Index Recheck": 0,"Workers": []}]},{"Node Type": "Index Scan","Parent Relationship": "Inner","Parallel Aware": false,"Async Capable": false,"Scan Direction": "Forward","Index Name": "idx_lineitem_part_supp","Relation Name": "lineitem","Alias": "lineitem","Startup Cost": 0.43,"Total Cost": 1.05,"Plan Rows": 1,"Plan Width": 29,"Actual Startup Time": 0.007,"Actual Total Time": 0.044,"Actual Rows": 8,"Actual Loops": 43968,"Index Cond": "((l_partkey = partsupp.ps_partkey) AND (l_suppkey = partsupp.ps_suppkey))","Rows Removed by Index Recheck": 0,"Workers": []}]},{"Node Type": "Index Scan","Parent Relationship": "Inner","Parallel Aware": false,"Async Capable": false,"Scan Direction": "Forward","Index Name": "supplier_pkey","Relation Name": "supplier","Alias": "supplier","Startup Cost": 0.29,"Total Cost": 0.30,"Plan Rows": 1,"Plan Width": 8,"Actual Startup Time": 0.001,"Actual Total Time": 0.001,"Actual Rows": 1,"Actual Loops": 330610,"Index Cond": "(s_suppkey = lineitem.l_suppkey)","Rows Removed by Index Recheck": 0,"Workers": []}]},{"Node Type": "Index Scan","Parent Relationship": "Inner","Parallel Aware": false,"Async Capable": false,"Scan Direction": "Forward","Index Name": "orders_pkey","Relation Name": "orders","Alias": "orders","Startup Cost": 0.43,"Total Cost": 0.47,"Plan Rows": 1,"Plan Width": 8,"Actual Startup Time": 0.010,"Actual Total Time": 0.010,"Actual Rows": 1,"Actual Loops": 330610,"Index Cond": "(o_orderkey = lineitem.l_orderkey)","Rows Removed by Index Recheck": 0,"Workers": []}]},{"Node Type": "Hash","Parent Relationship": "Inner","Parallel Aware": false,"Async Capable": false,"Startup Cost": 1.25,"Total Cost": 1.25,"Plan Rows": 25,"Plan Width": 108,"Actual Startup Time": 0.078,"Actual Total Time": 0.087,"Actual Rows": 25,"Actual Loops": 3,"Hash Buckets": 1024,"Original Hash Buckets": 1024,"Hash Batches": 1,"Original Hash Batches": 1,"Peak Memory Usage": 10,"Workers": [],"Plans": [{"Node Type": "Seq Scan","Parent Relationship": "Outer","Parallel Aware": false,"Async Capable": false,"Relation Name": "nation","Alias": "nation","Startup Cost": 0.00,"Total Cost": 1.25,"Plan Rows": 25,"Plan Width": 108,"Actual Startup Time": 0.049,"Actual Total Time": 0.055,"Actual Rows": 25,"Actual Loops": 3,"Workers": []}]}]}]}]}]}]},"Planning Time": 11.548,"Triggers": [],"Execution Time": 2608.833}]
[{"Plan": {"Node Type": "Aggregate","Strategy": "Sorted","Partial Mode": "Finalize","Parallel Aware": false,"Async Capable": false,"Startup Cost": 51920.12,"Total Cost": 51953.05,"Plan Rows": 219,"Plan Width": 168,"Actual Startup Time": 1685.576,"Actual Total Time": 1779.937,"Actual Rows": 175,"Actual Loops": 1,"Group Key": ["nation.n_name", "(EXTRACT(year FROM orders.o_orderdate))"],"Plans": [{"Node Type": "Gather Merge","Parent Relationship": "Outer","Parallel Aware": false,"Async Capable": false,"Startup Cost": 51920.12,"Total Cost": 51947.63,"Plan Rows": 213,"Plan Width": 168,"Actual Startup Time": 1684.109,"Actual Total Time": 1779.449,"Actual Rows": 700,"Actual Loops": 1,"Workers Planned": 3,"Workers Launched": 3,"Plans": [{"Node Type": "Aggregate","Strategy": "Sorted","Partial Mode": "Partial","Parent Relationship": "Outer","Parallel Aware": false,"Async Capable": false,"Startup Cost": 50920.08,"Total Cost": 50922.56,"Plan Rows": 71,"Plan Width": 168,"Actual Startup Time": 1615.575,"Actual Total Time": 1701.587,"Actual Rows": 175,"Actual Loops": 4,"Group Key": ["nation.n_name", "(EXTRACT(year FROM orders.o_orderdate))"],"Workers": [],"Plans": [{"Node Type": "Sort","Parent Relationship": "Outer","Parallel Aware": false,"Async Capable": false,"Startup Cost": 50920.08,"Total Cost": 50920.26,"Plan Rows": 71,"Plan Width": 159,"Actual Startup Time": 1615.138,"Actual Total Time": 1641.513,"Actual Rows": 82680,"Actual Loops": 4,"Sort Key": ["nation.n_name", "(EXTRACT(year FROM orders.o_orderdate)) DESC"],"Sort Method": "quicksort","Sort Space Used": 11114,"Sort Space Type": "Memory","Workers": [{"Worker Number": 0,"Sort Method": "quicksort","Sort Space Used": 11099,"Sort Space Type": "Memory"},{"Worker Number": 1,"Sort Method": "quicksort","Sort Space Used": 11470,"Sort Space Type": "Memory"},{"Worker Number": 2,"Sort Method": "quicksort","Sort Space Used": 11534,"Sort Space Type": "Memory"}],"Plans": [{"Node Type": "Hash Join","Parent Relationship": "Outer","Parallel Aware": false,"Async Capable": false,"Join Type": "Inner","Startup Cost": 5236.07,"Total Cost": 50917.89,"Plan Rows": 71,"Plan Width": 159,"Actual Startup Time": 22.147,"Actual Total Time": 1517.827,"Actual Rows": 82680,"Actual Loops": 4,"Inner Unique": true,"Hash Cond": "(supplier.s_nationkey = nation.n_nationkey)","Workers": [],"Plans": [{"Node Type": "Nested Loop","Parent Relationship": "Outer","Parallel Aware": false,"Async Capable": false,"Join Type": "Inner","Startup Cost": 5234.51,"Total Cost": 50915.94,"Plan Rows": 71,"Plan Width": 31,"Actual Startup Time": 21.955,"Actual Total Time": 1494.212,"Actual Rows": 82680,"Actual Loops": 4,"Inner Unique": true,"Workers": [],"Plans": [{"Node Type": "Nested Loop","Parent Relationship": "Outer","Parallel Aware": false,"Async Capable": false,"Join Type": "Inner","Startup Cost": 5234.08,"Total Cost": 50882.91,"Plan Rows": 71,"Plan Width": 31,"Actual Startup Time": 21.895,"Actual Total Time": 772.688,"Actual Rows": 82680,"Actual Loops": 4,"Inner Unique": true,"Workers": [],"Plans": [{"Node Type": "Nested Loop","Parent Relationship": "Outer","Parallel Aware": false,"Async Capable": false,"Join Type": "Inner","Startup Cost": 5233.80,"Total Cost": 50861.42,"Plan Rows": 71,"Plan Width": 35,"Actual Startup Time": 21.850,"Actual Total Time": 635.447,"Actual Rows": 82680,"Actual Loops": 4,"Inner Unique": false,"Workers": [],"Plans": [{"Node Type": "Hash Join","Parent Relationship": "Outer","Parallel Aware": true,"Async Capable": false,"Join Type": "Inner","Startup Cost": 5233.37,"Total Cost": 25942.44,"Plan Rows": 23460,"Plan Width": 18,"Actual Startup Time": 21.777,"Actual Total Time": 183.666,"Actual Rows": 11010,"Actual Loops": 4,"Inner Unique": true,"Hash Cond": "(partsupp.ps_partkey = part.p_partkey)","Workers": [],"Plans": [{"Node Type": "Seq Scan","Parent Relationship": "Outer","Parallel Aware": true,"Async Capable": false,"Relation Name": "partsupp","Alias": "partsupp","Startup Cost": 0.00,"Total Cost": 20031.65,"Plan Rows": 258065,"Plan Width": 14,"Actual Startup Time": 0.020,"Actual Total Time": 41.580,"Actual Rows": 200000,"Actual Loops": 4,"Workers": []},{"Node Type": "Hash","Parent Relationship": "Inner","Parallel Aware": true,"Async Capable": false,"Startup Cost": 5138.67,"Total Cost": 5138.67,"Plan Rows": 7576,"Plan Width": 4,"Actual Startup Time": 21.542,"Actual Total Time": 21.549,"Actual Rows": 2752,"Actual Loops": 4,"Hash Buckets": 32768,"Original Hash Buckets": 32768,"Hash Batches": 1,"Original Hash Batches": 1,"Peak Memory Usage": 736,"Workers": [],"Plans": [{"Node Type": "Seq Scan","Parent Relationship": "Outer","Parallel Aware": true,"Async Capable": false,"Relation Name": "part","Alias": "part","Startup Cost": 0.00,"Total Cost": 5138.67,"Plan Rows": 7576,"Plan Width": 4,"Actual Startup Time": 0.062,"Actual Total Time": 20.145,"Actual Rows": 2752,"Actual Loops": 4,"Filter": "((p_name)::text ~~ '%orchid%'::text)","Rows Removed by Filter": 47248,"Workers": []}]}]},{"Node Type": "Index Scan","Parent Relationship": "Inner","Parallel Aware": false,"Async Capable": false,"Scan Direction": "Forward","Index Name": "idx_lineitem_part_supp","Relation Name": "lineitem","Alias": "lineitem","Startup Cost": 0.43,"Total Cost": 1.05,"Plan Rows": 1,"Plan Width": 29,"Actual Startup Time": 0.006,"Actual Total Time": 0.040,"Actual Rows": 8,"Actual Loops": 44040,"Index Cond": "((l_partkey = partsupp.ps_partkey) AND (l_suppkey = partsupp.ps_suppkey))","Rows Removed by Index Recheck": 0,"Workers": []}]},{"Node Type": "Index Scan","Parent Relationship": "Inner","Parallel Aware": false,"Async Capable": false,"Scan Direction": "Forward","Index Name": "supplier_pkey","Relation Name": "supplier","Alias": "supplier","Startup Cost": 0.29,"Total Cost": 0.30,"Plan Rows": 1,"Plan Width": 8,"Actual Startup Time": 0.001,"Actual Total Time": 0.001,"Actual Rows": 1,"Actual Loops": 330720,"Index Cond": "(s_suppkey = lineitem.l_suppkey)","Rows Removed by Index Recheck": 0,"Workers": []}]},{"Node Type": "Index Scan","Parent Relationship": "Inner","Parallel Aware": false,"Async Capable": false,"Scan Direction": "Forward","Index Name": "orders_pkey","Relation Name": "orders","Alias": "orders","Startup Cost": 0.43,"Total Cost": 0.47,"Plan Rows": 1,"Plan Width": 8,"Actual Startup Time": 0.008,"Actual Total Time": 0.008,"Actual Rows": 1,"Actual Loops": 330720,"Index Cond": "(o_orderkey = lineitem.l_orderkey)","Rows Removed by Index Recheck": 0,"Workers": []}]},{"Node Type": "Hash","Parent Relationship": "Inner","Parallel Aware": false,"Async Capable": false,"Startup Cost": 1.25,"Total Cost": 1.25,"Plan Rows": 25,"Plan Width": 108,"Actual Startup Time": 0.085,"Actual Total Time": 0.091,"Actual Rows": 25,"Actual Loops": 4,"Hash Buckets": 1024,"Original Hash Buckets": 1024,"Hash Batches": 1,"Original Hash Batches": 1,"Peak Memory Usage": 10,"Workers": [],"Plans": [{"Node Type": "Seq Scan","Parent Relationship": "Outer","Parallel Aware": false,"Async Capable": false,"Relation Name": "nation","Alias": "nation","Startup Cost": 0.00,"Total Cost": 1.25,"Plan Rows": 25,"Plan Width": 108,"Actual Startup Time": 0.055,"Actual Total Time": 0.061,"Actual Rows": 25,"Actual Loops": 4,"Workers": []}]}]}]}]}]}]},"Planning Time": 12.199,"Triggers": [],"Execution Time": 1781.879}]
[{"Plan": {"Node Type": "Aggregate","Strategy": "Sorted","Partial Mode": "Finalize","Parallel Aware": false,"Async Capable": false,"Startup Cost": 51920.12,"Total Cost": 51953.05,"Plan Rows": 219,"Plan Width": 168,"Actual Startup Time": 1723.050,"Actual Total Time": 1859.125,"Actual Rows": 175,"Actual Loops": 1,"Group Key": ["nation.n_name", "(EXTRACT(year FROM orders.o_orderdate))"],"Plans": [{"Node Type": "Gather Merge","Parent Relationship": "Outer","Parallel Aware": false,"Async Capable": false,"Startup Cost": 51920.12,"Total Cost": 51947.63,"Plan Rows": 213,"Plan Width": 168,"Actual Startup Time": 1721.958,"Actual Total Time": 1858.702,"Actual Rows": 700,"Actual Loops": 1,"Workers Planned": 3,"Workers Launched": 3,"Plans": [{"Node Type": "Aggregate","Strategy": "Sorted","Partial Mode": "Partial","Parent Relationship": "Outer","Parallel Aware": false,"Async Capable": false,"Startup Cost": 50920.08,"Total Cost": 50922.56,"Plan Rows": 71,"Plan Width": 168,"Actual Startup Time": 1658.851,"Actual Total Time": 1755.065,"Actual Rows": 175,"Actual Loops": 4,"Group Key": ["nation.n_name", "(EXTRACT(year FROM orders.o_orderdate))"],"Workers": [],"Plans": [{"Node Type": "Sort","Parent Relationship": "Outer","Parallel Aware": false,"Async Capable": false,"Startup Cost": 50920.08,"Total Cost": 50920.26,"Plan Rows": 71,"Plan Width": 159,"Actual Startup Time": 1658.360,"Actual Total Time": 1691.567,"Actual Rows": 82609,"Actual Loops": 4,"Sort Key": ["nation.n_name", "(EXTRACT(year FROM orders.o_orderdate)) DESC"],"Sort Method": "quicksort","Sort Space Used": 11581,"Sort Space Type": "Memory","Workers": [{"Worker Number": 0,"Sort Method": "quicksort","Sort Space Used": 11232,"Sort Space Type": "Memory"},{"Worker Number": 1,"Sort Method": "quicksort","Sort Space Used": 11219,"Sort Space Type": "Memory"},{"Worker Number": 2,"Sort Method": "quicksort","Sort Space Used": 11158,"Sort Space Type": "Memory"}],"Plans": [{"Node Type": "Hash Join","Parent Relationship": "Outer","Parallel Aware": false,"Async Capable": false,"Join Type": "Inner","Startup Cost": 5236.07,"Total Cost": 50917.89,"Plan Rows": 71,"Plan Width": 159,"Actual Startup Time": 21.699,"Actual Total Time": 1557.030,"Actual Rows": 82609,"Actual Loops": 4,"Inner Unique": true,"Hash Cond": "(supplier.s_nationkey = nation.n_nationkey)","Workers": [],"Plans": [{"Node Type": "Nested Loop","Parent Relationship": "Outer","Parallel Aware": false,"Async Capable": false,"Join Type": "Inner","Startup Cost": 5234.51,"Total Cost": 50915.94,"Plan Rows": 71,"Plan Width": 31,"Actual Startup Time": 21.538,"Actual Total Time": 1533.756,"Actual Rows": 82609,"Actual Loops": 4,"Inner Unique": true,"Workers": [],"Plans": [{"Node Type": "Nested Loop","Parent Relationship": "Outer","Parallel Aware": false,"Async Capable": false,"Join Type": "Inner","Startup Cost": 5234.08,"Total Cost": 50882.91,"Plan Rows": 71,"Plan Width": 31,"Actual Startup Time": 21.473,"Actual Total Time": 801.833,"Actual Rows": 82609,"Actual Loops": 4,"Inner Unique": true,"Workers": [],"Plans": [{"Node Type": "Nested Loop","Parent Relationship": "Outer","Parallel Aware": false,"Async Capable": false,"Join Type": "Inner","Startup Cost": 5233.80,"Total Cost": 50861.42,"Plan Rows": 71,"Plan Width": 35,"Actual Startup Time": 21.434,"Actual Total Time": 663.334,"Actual Rows": 82609,"Actual Loops": 4,"Inner Unique": false,"Workers": [],"Plans": [{"Node Type": "Hash Join","Parent Relationship": "Outer","Parallel Aware": true,"Async Capable": false,"Join Type": "Inner","Startup Cost": 5233.37,"Total Cost": 25942.44,"Plan Rows": 23460,"Plan Width": 18,"Actual Startup Time": 21.376,"Actual Total Time": 198.945,"Actual Rows": 10969,"Actual Loops": 4,"Inner Unique": true,"Hash Cond": "(partsupp.ps_partkey = part.p_partkey)","Workers": [],"Plans": [{"Node Type": "Seq Scan","Parent Relationship": "Outer","Parallel Aware": true,"Async Capable": false,"Relation Name": "partsupp","Alias": "partsupp","Startup Cost": 0.00,"Total Cost": 20031.65,"Plan Rows": 258065,"Plan Width": 14,"Actual Startup Time": 0.019,"Actual Total Time": 41.772,"Actual Rows": 200000,"Actual Loops": 4,"Workers": []},{"Node Type": "Hash","Parent Relationship": "Inner","Parallel Aware": true,"Async Capable": false,"Startup Cost": 5138.67,"Total Cost": 5138.67,"Plan Rows": 7576,"Plan Width": 4,"Actual Startup Time": 21.156,"Actual Total Time": 21.166,"Actual Rows": 2742,"Actual Loops": 4,"Hash Buckets": 32768,"Original Hash Buckets": 32768,"Hash Batches": 1,"Original Hash Batches": 1,"Peak Memory Usage": 736,"Workers": [],"Plans": [{"Node Type": "Seq Scan","Parent Relationship": "Outer","Parallel Aware": true,"Async Capable": false,"Relation Name": "part","Alias": "part","Startup Cost": 0.00,"Total Cost": 5138.67,"Plan Rows": 7576,"Plan Width": 4,"Actual Startup Time": 0.057,"Actual Total Time": 19.393,"Actual Rows": 2742,"Actual Loops": 4,"Filter": "((p_name)::text ~~ '%burlywood%'::text)","Rows Removed by Filter": 47258,"Workers": []}]}]},{"Node Type": "Index Scan","Parent Relationship": "Inner","Parallel Aware": false,"Async Capable": false,"Scan Direction": "Forward","Index Name": "idx_lineitem_part_supp","Relation Name": "lineitem","Alias": "lineitem","Startup Cost": 0.43,"Total Cost": 1.05,"Plan Rows": 1,"Plan Width": 29,"Actual Startup Time": 0.006,"Actual Total Time": 0.041,"Actual Rows": 8,"Actual Loops": 43876,"Index Cond": "((l_partkey = partsupp.ps_partkey) AND (l_suppkey = partsupp.ps_suppkey))","Rows Removed by Index Recheck": 0,"Workers": []}]},{"Node Type": "Index Scan","Parent Relationship": "Inner","Parallel Aware": false,"Async Capable": false,"Scan Direction": "Forward","Index Name": "supplier_pkey","Relation Name": "supplier","Alias": "supplier","Startup Cost": 0.29,"Total Cost": 0.30,"Plan Rows": 1,"Plan Width": 8,"Actual Startup Time": 0.001,"Actual Total Time": 0.001,"Actual Rows": 1,"Actual Loops": 330436,"Index Cond": "(s_suppkey = lineitem.l_suppkey)","Rows Removed by Index Recheck": 0,"Workers": []}]},{"Node Type": "Index Scan","Parent Relationship": "Inner","Parallel Aware": false,"Async Capable": false,"Scan Direction": "Forward","Index Name": "orders_pkey","Relation Name": "orders","Alias": "orders","Startup Cost": 0.43,"Total Cost": 0.47,"Plan Rows": 1,"Plan Width": 8,"Actual Startup Time": 0.009,"Actual Total Time": 0.009,"Actual Rows": 1,"Actual Loops": 330436,"Index Cond": "(o_orderkey = lineitem.l_orderkey)","Rows Removed by Index Recheck": 0,"Workers": []}]},{"Node Type": "Hash","Parent Relationship": "Inner","Parallel Aware": false,"Async Capable": false,"Startup Cost": 1.25,"Total Cost": 1.25,"Plan Rows": 25,"Plan Width": 108,"Actual Startup Time": 0.081,"Actual Total Time": 0.085,"Actual Rows": 25,"Actual Loops": 4,"Hash Buckets": 1024,"Original Hash Buckets": 1024,"Hash Batches": 1,"Original Hash Batches": 1,"Peak Memory Usage": 10,"Workers": [],"Plans": [{"Node Type": "Seq Scan","Parent Relationship": "Outer","Parallel Aware": false,"Async Capable": false,"Relation Name": "nation","Alias": "nation","Startup Cost": 0.00,"Total Cost": 1.25,"Plan Rows": 25,"Plan Width": 108,"Actual Startup Time": 0.056,"Actual Total Time": 0.061,"Actual Rows": 25,"Actual Loops": 4,"Workers": []}]}]}]}]}]}]},"Planning Time": 12.444,"Triggers": [],"Execution Time": 1860.388}]
[{"Plan": {"Node Type": "Aggregate","Strategy": "Sorted","Partial Mode": "Finalize","Parallel Aware": false,"Async Capable": false,"Startup Cost": 47355.08,"Total Cost": 47374.71,"Plan Rows": 146,"Plan Width": 168,"Actual Startup Time": 2500.381,"Actual Total Time": 2613.066,"Actual Rows": 175,"Actual Loops": 1,"Group Key": ["nation.n_name", "(EXTRACT(year FROM orders.o_orderdate))"],"Plans": [{"Node Type": "Gather Merge","Parent Relationship": "Outer","Parallel Aware": false,"Async Capable": false,"Startup Cost": 47355.08,"Total Cost": 47371.30,"Plan Rows": 122,"Plan Width": 168,"Actual Startup Time": 2498.753,"Actual Total Time": 2612.506,"Actual Rows": 525,"Actual Loops": 1,"Workers Planned": 2,"Workers Launched": 2,"Plans": [{"Node Type": "Aggregate","Strategy": "Sorted","Partial Mode": "Partial","Parent Relationship": "Outer","Parallel Aware": false,"Async Capable": false,"Startup Cost": 46355.06,"Total Cost": 46357.20,"Plan Rows": 61,"Plan Width": 168,"Actual Startup Time": 2385.274,"Actual Total Time": 2517.765,"Actual Rows": 175,"Actual Loops": 3,"Group Key": ["nation.n_name", "(EXTRACT(year FROM orders.o_orderdate))"],"Workers": [],"Plans": [{"Node Type": "Sort","Parent Relationship": "Outer","Parallel Aware": false,"Async Capable": false,"Startup Cost": 46355.06,"Total Cost": 46355.21,"Plan Rows": 61,"Plan Width": 159,"Actual Startup Time": 2384.635,"Actual Total Time": 2429.059,"Actual Rows": 111540,"Actual Loops": 3,"Sort Key": ["nation.n_name", "(EXTRACT(year FROM orders.o_orderdate)) DESC"],"Sort Method": "quicksort","Sort Space Used": 13997,"Sort Space Type": "Memory","Workers": [{"Worker Number": 0,"Sort Method": "quicksort","Sort Space Used": 14233,"Sort Space Type": "Memory"},{"Worker Number": 1,"Sort Method": "quicksort","Sort Space Used": 14306,"Sort Space Type": "Memory"}],"Plans": [{"Node Type": "Hash Join","Parent Relationship": "Outer","Parallel Aware": false,"Async Capable": false,"Join Type": "Inner","Startup Cost": 3.13,"Total Cost": 46353.25,"Plan Rows": 61,"Plan Width": 159,"Actual Startup Time": 0.720,"Actual Total Time": 2224.522,"Actual Rows": 111540,"Actual Loops": 3,"Inner Unique": true,"Hash Cond": "(supplier.s_nationkey = nation.n_nationkey)","Workers": [],"Plans": [{"Node Type": "Nested Loop","Parent Relationship": "Outer","Parallel Aware": false,"Async Capable": false,"Join Type": "Inner","Startup Cost": 1.57,"Total Cost": 46351.35,"Plan Rows": 61,"Plan Width": 31,"Actual Startup Time": 0.543,"Actual Total Time": 2192.319,"Actual Rows": 111540,"Actual Loops": 3,"Inner Unique": true,"Workers": [],"Plans": [{"Node Type": "Nested Loop","Parent Relationship": "Outer","Parallel Aware": false,"Async Capable": false,"Join Type": "Inner","Startup Cost": 1.14,"Total Cost": 46322.98,"Plan Rows": 61,"Plan Width": 31,"Actual Startup Time": 0.416,"Actual Total Time": 1013.189,"Actual Rows": 111540,"Actual Loops": 3,"Inner Unique": true,"Workers": [],"Plans": [{"Node Type": "Nested Loop","Parent Relationship": "Outer","Parallel Aware": false,"Async Capable": false,"Join Type": "Inner","Startup Cost": 0.86,"Total Cost": 46304.52,"Plan Rows": 61,"Plan Width": 35,"Actual Startup Time": 0.322,"Actual Total Time": 823.097,"Actual Rows": 111540,"Actual Loops": 3,"Inner Unique": false,"Workers": [],"Plans": [{"Node Type": "Nested Loop","Parent Relationship": "Outer","Parallel Aware": false,"Async Capable": false,"Join Type": "Inner","Startup Cost": 0.42,"Total Cost": 24846.16,"Plan Rows": 20202,"Plan Width": 18,"Actual Startup Time": 0.205,"Actual Total Time": 119.618,"Actual Rows": 14867,"Actual Loops": 3,"Inner Unique": false,"Workers": [],"Plans": [{"Node Type": "Seq Scan","Parent Relationship": "Outer","Parallel Aware": true,"Async Capable": false,"Relation Name": "part","Alias": "part","Startup Cost": 0.00,"Total Cost": 5138.67,"Plan Rows": 5051,"Plan Width": 4,"Actual Startup Time": 0.067,"Actual Total Time": 50.965,"Actual Rows": 3717,"Actual Loops": 3,"Filter": "((p_name)::text ~~ '%tomato%'::text)","Rows Removed by Filter": 62950,"Workers": []},{"Node Type": "Index Scan","Parent Relationship": "Inner","Parallel Aware": false,"Async Capable": false,"Scan Direction": "Forward","Index Name": "idx_partsupp_partkey","Relation Name": "partsupp","Alias": "partsupp","Startup Cost": 0.42,"Total Cost": 3.86,"Plan Rows": 4,"Plan Width": 14,"Actual Startup Time": 0.014,"Actual Total Time": 0.018,"Actual Rows": 4,"Actual Loops": 11150,"Index Cond": "(ps_partkey = part.p_partkey)","Rows Removed by Index Recheck": 0,"Workers": []}]},{"Node Type": "Index Scan","Parent Relationship": "Inner","Parallel Aware": false,"Async Capable": false,"Scan Direction": "Forward","Index Name": "idx_lineitem_part_supp","Relation Name": "lineitem","Alias": "lineitem","Startup Cost": 0.43,"Total Cost": 1.05,"Plan Rows": 1,"Plan Width": 29,"Actual Startup Time": 0.007,"Actual Total Time": 0.046,"Actual Rows": 8,"Actual Loops": 44600,"Index Cond": "((l_partkey = partsupp.ps_partkey) AND (l_suppkey = partsupp.ps_suppkey))","Rows Removed by Index Recheck": 0,"Workers": []}]},{"Node Type": "Index Scan","Parent Relationship": "Inner","Parallel Aware": false,"Async Capable": false,"Scan Direction": "Forward","Index Name": "supplier_pkey","Relation Name": "supplier","Alias": "supplier","Startup Cost": 0.29,"Total Cost": 0.30,"Plan Rows": 1,"Plan Width": 8,"Actual Startup Time": 0.001,"Actual Total Time": 0.001,"Actual Rows": 1,"Actual Loops": 334621,"Index Cond": "(s_suppkey = lineitem.l_suppkey)","Rows Removed by Index Recheck": 0,"Workers": []}]},{"Node Type": "Index Scan","Parent Relationship": "Inner","Parallel Aware": false,"Async Capable": false,"Scan Direction": "Forward","Index Name": "orders_pkey","Relation Name": "orders","Alias": "orders","Startup Cost": 0.43,"Total Cost": 0.47,"Plan Rows": 1,"Plan Width": 8,"Actual Startup Time": 0.010,"Actual Total Time": 0.010,"Actual Rows": 1,"Actual Loops": 334621,"Index Cond": "(o_orderkey = lineitem.l_orderkey)","Rows Removed by Index Recheck": 0,"Workers": []}]},{"Node Type": "Hash","Parent Relationship": "Inner","Parallel Aware": false,"Async Capable": false,"Startup Cost": 1.25,"Total Cost": 1.25,"Plan Rows": 25,"Plan Width": 108,"Actual Startup Time": 0.076,"Actual Total Time": 0.105,"Actual Rows": 25,"Actual Loops": 3,"Hash Buckets": 1024,"Original Hash Buckets": 1024,"Hash Batches": 1,"Original Hash Batches": 1,"Peak Memory Usage": 10,"Workers": [],"Plans": [{"Node Type": "Seq Scan","Parent Relationship": "Outer","Parallel Aware": false,"Async Capable": false,"Relation Name": "nation","Alias": "nation","Startup Cost": 0.00,"Total Cost": 1.25,"Plan Rows": 25,"Plan Width": 108,"Actual Startup Time": 0.046,"Actual Total Time": 0.069,"Actual Rows": 25,"Actual Loops": 3,"Workers": []}]}]}]}]}]}]},"Planning Time": 11.495,"Triggers": [],"Execution Time": 2614.780}]
[{"Plan": {"Node Type": "Aggregate","Strategy": "Sorted","Partial Mode": "Finalize","Parallel Aware": false,"Async Capable": false,"Startup Cost": 47355.08,"Total Cost": 47374.71,"Plan Rows": 146,"Plan Width": 168,"Actual Startup Time": 2440.490,"Actual Total Time": 2625.263,"Actual Rows": 175,"Actual Loops": 1,"Group Key": ["nation.n_name", "(EXTRACT(year FROM orders.o_orderdate))"],"Plans": [{"Node Type": "Gather Merge","Parent Relationship": "Outer","Parallel Aware": false,"Async Capable": false,"Startup Cost": 47355.08,"Total Cost": 47371.30,"Plan Rows": 122,"Plan Width": 168,"Actual Startup Time": 2438.386,"Actual Total Time": 2624.843,"Actual Rows": 525,"Actual Loops": 1,"Workers Planned": 2,"Workers Launched": 2,"Plans": [{"Node Type": "Aggregate","Strategy": "Sorted","Partial Mode": "Partial","Parent Relationship": "Outer","Parallel Aware": false,"Async Capable": false,"Startup Cost": 46355.06,"Total Cost": 46357.20,"Plan Rows": 61,"Plan Width": 168,"Actual Startup Time": 2325.727,"Actual Total Time": 2473.967,"Actual Rows": 175,"Actual Loops": 3,"Group Key": ["nation.n_name", "(EXTRACT(year FROM orders.o_orderdate))"],"Workers": [],"Plans": [{"Node Type": "Sort","Parent Relationship": "Outer","Parallel Aware": false,"Async Capable": false,"Startup Cost": 46355.06,"Total Cost": 46355.21,"Plan Rows": 61,"Plan Width": 159,"Actual Startup Time": 2325.108,"Actual Total Time": 2380.247,"Actual Rows": 108586,"Actual Loops": 3,"Sort Key": ["nation.n_name", "(EXTRACT(year FROM orders.o_orderdate)) DESC"],"Sort Method": "quicksort","Sort Space Used": 14578,"Sort Space Type": "Memory","Workers": [{"Worker Number": 0,"Sort Method": "quicksort","Sort Space Used": 13509,"Sort Space Type": "Memory"},{"Worker Number": 1,"Sort Method": "quicksort","Sort Space Used": 13568,"Sort Space Type": "Memory"}],"Plans": [{"Node Type": "Hash Join","Parent Relationship": "Outer","Parallel Aware": false,"Async Capable": false,"Join Type": "Inner","Startup Cost": 3.13,"Total Cost": 46353.25,"Plan Rows": 61,"Plan Width": 159,"Actual Startup Time": 0.571,"Actual Total Time": 2178.589,"Actual Rows": 108586,"Actual Loops": 3,"Inner Unique": true,"Hash Cond": "(supplier.s_nationkey = nation.n_nationkey)","Workers": [],"Plans": [{"Node Type": "Nested Loop","Parent Relationship": "Outer","Parallel Aware": false,"Async Capable": false,"Join Type": "Inner","Startup Cost": 1.57,"Total Cost": 46351.35,"Plan Rows": 61,"Plan Width": 31,"Actual Startup Time": 0.432,"Actual Total Time": 2147.289,"Actual Rows": 108586,"Actual Loops": 3,"Inner Unique": true,"Workers": [],"Plans": [{"Node Type": "Nested Loop","Parent Relationship": "Outer","Parallel Aware": false,"Async Capable": false,"Join Type": "Inner","Startup Cost": 1.14,"Total Cost": 46322.98,"Plan Rows": 61,"Plan Width": 31,"Actual Startup Time": 0.340,"Actual Total Time": 1002.738,"Actual Rows": 108586,"Actual Loops": 3,"Inner Unique": true,"Workers": [],"Plans": [{"Node Type": "Nested Loop","Parent Relationship": "Outer","Parallel Aware": false,"Async Capable": false,"Join Type": "Inner","Startup Cost": 0.86,"Total Cost": 46304.52,"Plan Rows": 61,"Plan Width": 35,"Actual Startup Time": 0.260,"Actual Total Time": 817.852,"Actual Rows": 108586,"Actual Loops": 3,"Inner Unique": false,"Workers": [],"Plans": [{"Node Type": "Nested Loop","Parent Relationship": "Outer","Parallel Aware": false,"Async Capable": false,"Join Type": "Inner","Startup Cost": 0.42,"Total Cost": 24846.16,"Plan Rows": 20202,"Plan Width": 18,"Actual Startup Time": 0.150,"Actual Total Time": 113.874,"Actual Rows": 14481,"Actual Loops": 3,"Inner Unique": false,"Workers": [],"Plans": [{"Node Type": "Seq Scan","Parent Relationship": "Outer","Parallel Aware": true,"Async Capable": false,"Relation Name": "part","Alias": "part","Startup Cost": 0.00,"Total Cost": 5138.67,"Plan Rows": 5051,"Plan Width": 4,"Actual Startup Time": 0.040,"Actual Total Time": 48.758,"Actual Rows": 3620,"Actual Loops": 3,"Filter": "((p_name)::text ~~ '%chartreuse%'::text)","Rows Removed by Filter": 63046,"Workers": []},{"Node Type": "Index Scan","Parent Relationship": "Inner","Parallel Aware": false,"Async Capable": false,"Scan Direction": "Forward","Index Name": "idx_partsupp_partkey","Relation Name": "partsupp","Alias": "partsupp","Startup Cost": 0.42,"Total Cost": 3.86,"Plan Rows": 4,"Plan Width": 14,"Actual Startup Time": 0.013,"Actual Total Time": 0.017,"Actual Rows": 4,"Actual Loops": 10861,"Index Cond": "(ps_partkey = part.p_partkey)","Rows Removed by Index Recheck": 0,"Workers": []}]},{"Node Type": "Index Scan","Parent Relationship": "Inner","Parallel Aware": false,"Async Capable": false,"Scan Direction": "Forward","Index Name": "idx_lineitem_part_supp","Relation Name": "lineitem","Alias": "lineitem","Startup Cost": 0.43,"Total Cost": 1.05,"Plan Rows": 1,"Plan Width": 29,"Actual Startup Time": 0.007,"Actual Total Time": 0.047,"Actual Rows": 7,"Actual Loops": 43444,"Index Cond": "((l_partkey = partsupp.ps_partkey) AND (l_suppkey = partsupp.ps_suppkey))","Rows Removed by Index Recheck": 0,"Workers": []}]},{"Node Type": "Index Scan","Parent Relationship": "Inner","Parallel Aware": false,"Async Capable": false,"Scan Direction": "Forward","Index Name": "supplier_pkey","Relation Name": "supplier","Alias": "supplier","Startup Cost": 0.29,"Total Cost": 0.30,"Plan Rows": 1,"Plan Width": 8,"Actual Startup Time": 0.001,"Actual Total Time": 0.001,"Actual Rows": 1,"Actual Loops": 325758,"Index Cond": "(s_suppkey = lineitem.l_suppkey)","Rows Removed by Index Recheck": 0,"Workers": []}]},{"Node Type": "Index Scan","Parent Relationship": "Inner","Parallel Aware": false,"Async Capable": false,"Scan Direction": "Forward","Index Name": "orders_pkey","Relation Name": "orders","Alias": "orders","Startup Cost": 0.43,"Total Cost": 0.47,"Plan Rows": 1,"Plan Width": 8,"Actual Startup Time": 0.010,"Actual Total Time": 0.010,"Actual Rows": 1,"Actual Loops": 325758,"Index Cond": "(o_orderkey = lineitem.l_orderkey)","Rows Removed by Index Recheck": 0,"Workers": []}]},{"Node Type": "Hash","Parent Relationship": "Inner","Parallel Aware": false,"Async Capable": false,"Startup Cost": 1.25,"Total Cost": 1.25,"Plan Rows": 25,"Plan Width": 108,"Actual Startup Time": 0.066,"Actual Total Time": 0.077,"Actual Rows": 25,"Actual Loops": 3,"Hash Buckets": 1024,"Original Hash Buckets": 1024,"Hash Batches": 1,"Original Hash Batches": 1,"Peak Memory Usage": 10,"Workers": [],"Plans": [{"Node Type": "Seq Scan","Parent Relationship": "Outer","Parallel Aware": false,"Async Capable": false,"Relation Name": "nation","Alias": "nation","Startup Cost": 0.00,"Total Cost": 1.25,"Plan Rows": 25,"Plan Width": 108,"Actual Startup Time": 0.042,"Actual Total Time": 0.046,"Actual Rows": 25,"Actual Loops": 3,"Workers": []}]}]}]}]}]}]},"Planning Time": 12.561,"Triggers": [],"Execution Time": 2628.191}]
[{"Plan": {"Node Type": "Aggregate","Strategy": "Sorted","Partial Mode": "Finalize","Parallel Aware": false,"Async Capable": false,"Startup Cost": 28858.40,"Total Cost": 28868.07,"Plan Rows": 73,"Plan Width": 168,"Actual Startup Time": 2476.937,"Actual Total Time": 2596.733,"Actual Rows": 175,"Actual Loops": 1,"Group Key": ["nation.n_name", "(EXTRACT(year FROM orders.o_orderdate))"],"Plans": [{"Node Type": "Gather Merge","Parent Relationship": "Outer","Parallel Aware": false,"Async Capable": false,"Startup Cost": 28858.40,"Total Cost": 28866.38,"Plan Rows": 60,"Plan Width": 168,"Actual Startup Time": 2475.120,"Actual Total Time": 2596.260,"Actual Rows": 525,"Actual Loops": 1,"Workers Planned": 2,"Workers Launched": 2,"Plans": [{"Node Type": "Aggregate","Strategy": "Sorted","Partial Mode": "Partial","Parent Relationship": "Outer","Parallel Aware": false,"Async Capable": false,"Startup Cost": 27858.38,"Total Cost": 27859.43,"Plan Rows": 30,"Plan Width": 168,"Actual Startup Time": 2317.882,"Actual Total Time": 2463.965,"Actual Rows": 175,"Actual Loops": 3,"Group Key": ["nation.n_name", "(EXTRACT(year FROM orders.o_orderdate))"],"Workers": [],"Plans": [{"Node Type": "Sort","Parent Relationship": "Outer","Parallel Aware": false,"Async Capable": false,"Startup Cost": 27858.38,"Total Cost": 27858.46,"Plan Rows": 30,"Plan Width": 159,"Actual Startup Time": 2317.128,"Actual Total Time": 2372.186,"Actual Rows": 108899,"Actual Loops": 3,"Sort Key": ["nation.n_name", "(EXTRACT(year FROM orders.o_orderdate)) DESC"],"Sort Method": "quicksort","Sort Space Used": 13698,"Sort Space Type": "Memory","Workers": [{"Worker Number": 0,"Sort Method": "quicksort","Sort Space Used": 14061,"Sort Space Type": "Memory"},{"Worker Number": 1,"Sort Method": "quicksort","Sort Space Used": 13992,"Sort Space Type": "Memory"}],"Plans": [{"Node Type": "Hash Join","Parent Relationship": "Outer","Parallel Aware": false,"Async Capable": false,"Join Type": "Inner","Startup Cost": 3.13,"Total Cost": 27857.64,"Plan Rows": 30,"Plan Width": 159,"Actual Startup Time": 0.780,"Actual Total Time": 2157.536,"Actual Rows": 108899,"Actual Loops": 3,"Inner Unique": true,"Hash Cond": "(supplier.s_nationkey = nation.n_nationkey)","Workers": [],"Plans": [{"Node Type": "Nested Loop","Parent Relationship": "Outer","Parallel Aware": false,"Async Capable": false,"Join Type": "Inner","Startup Cost": 1.57,"Total Cost": 27855.92,"Plan Rows": 30,"Plan Width": 31,"Actual Startup Time": 0.577,"Actual Total Time": 2126.027,"Actual Rows": 108899,"Actual Loops": 3,"Inner Unique": true,"Workers": [],"Plans": [{"Node Type": "Nested Loop","Parent Relationship": "Outer","Parallel Aware": false,"Async Capable": false,"Join Type": "Inner","Startup Cost": 1.14,"Total Cost": 27841.96,"Plan Rows": 30,"Plan Width": 31,"Actual Startup Time": 0.440,"Actual Total Time": 987.757,"Actual Rows": 108899,"Actual Loops": 3,"Inner Unique": true,"Workers": [],"Plans": [{"Node Type": "Nested Loop","Parent Relationship": "Outer","Parallel Aware": false,"Async Capable": false,"Join Type": "Inner","Startup Cost": 0.86,"Total Cost": 27832.88,"Plan Rows": 30,"Plan Width": 35,"Actual Startup Time": 0.335,"Actual Total Time": 804.256,"Actual Rows": 108899,"Actual Loops": 3,"Inner Unique": false,"Workers": [],"Plans": [{"Node Type": "Nested Loop","Parent Relationship": "Outer","Parallel Aware": false,"Async Capable": false,"Join Type": "Inner","Startup Cost": 0.42,"Total Cost": 17103.70,"Plan Rows": 10101,"Plan Width": 18,"Actual Startup Time": 0.220,"Actual Total Time": 118.450,"Actual Rows": 14516,"Actual Loops": 3,"Inner Unique": false,"Workers": [],"Plans": [{"Node Type": "Seq Scan","Parent Relationship": "Outer","Parallel Aware": true,"Async Capable": false,"Relation Name": "part","Alias": "part","Startup Cost": 0.00,"Total Cost": 5138.67,"Plan Rows": 2525,"Plan Width": 4,"Actual Startup Time": 0.059,"Actual Total Time": 51.361,"Actual Rows": 3629,"Actual Loops": 3,"Filter": "((p_name)::text ~~ '%sandy%'::text)","Rows Removed by Filter": 63038,"Workers": []},{"Node Type": "Index Scan","Parent Relationship": "Inner","Parallel Aware": false,"Async Capable": false,"Scan Direction": "Forward","Index Name": "idx_partsupp_partkey","Relation Name": "partsupp","Alias": "partsupp","Startup Cost": 0.42,"Total Cost": 4.70,"Plan Rows": 4,"Plan Width": 14,"Actual Startup Time": 0.014,"Actual Total Time": 0.018,"Actual Rows": 4,"Actual Loops": 10887,"Index Cond": "(ps_partkey = part.p_partkey)","Rows Removed by Index Recheck": 0,"Workers": []}]},{"Node Type": "Index Scan","Parent Relationship": "Inner","Parallel Aware": false,"Async Capable": false,"Scan Direction": "Forward","Index Name": "idx_lineitem_part_supp","Relation Name": "lineitem","Alias": "lineitem","Startup Cost": 0.43,"Total Cost": 1.05,"Plan Rows": 1,"Plan Width": 29,"Actual Startup Time": 0.007,"Actual Total Time": 0.046,"Actual Rows": 8,"Actual Loops": 43548,"Index Cond": "((l_partkey = partsupp.ps_partkey) AND (l_suppkey = partsupp.ps_suppkey))","Rows Removed by Index Recheck": 0,"Workers": []}]},{"Node Type": "Index Scan","Parent Relationship": "Inner","Parallel Aware": false,"Async Capable": false,"Scan Direction": "Forward","Index Name": "supplier_pkey","Relation Name": "supplier","Alias": "supplier","Startup Cost": 0.29,"Total Cost": 0.30,"Plan Rows": 1,"Plan Width": 8,"Actual Startup Time": 0.001,"Actual Total Time": 0.001,"Actual Rows": 1,"Actual Loops": 326696,"Index Cond": "(s_suppkey = lineitem.l_suppkey)","Rows Removed by Index Recheck": 0,"Workers": []}]},{"Node Type": "Index Scan","Parent Relationship": "Inner","Parallel Aware": false,"Async Capable": false,"Scan Direction": "Forward","Index Name": "orders_pkey","Relation Name": "orders","Alias": "orders","Startup Cost": 0.43,"Total Cost": 0.47,"Plan Rows": 1,"Plan Width": 8,"Actual Startup Time": 0.010,"Actual Total Time": 0.010,"Actual Rows": 1,"Actual Loops": 326696,"Index Cond": "(o_orderkey = lineitem.l_orderkey)","Rows Removed by Index Recheck": 0,"Workers": []}]},{"Node Type": "Hash","Parent Relationship": "Inner","Parallel Aware": false,"Async Capable": false,"Startup Cost": 1.25,"Total Cost": 1.25,"Plan Rows": 25,"Plan Width": 108,"Actual Startup Time": 0.098,"Actual Total Time": 0.119,"Actual Rows": 25,"Actual Loops": 3,"Hash Buckets": 1024,"Original Hash Buckets": 1024,"Hash Batches": 1,"Original Hash Batches": 1,"Peak Memory Usage": 10,"Workers": [],"Plans": [{"Node Type": "Seq Scan","Parent Relationship": "Outer","Parallel Aware": false,"Async Capable": false,"Relation Name": "nation","Alias": "nation","Startup Cost": 0.00,"Total Cost": 1.25,"Plan Rows": 25,"Plan Width": 108,"Actual Startup Time": 0.065,"Actual Total Time": 0.081,"Actual Rows": 25,"Actual Loops": 3,"Workers": []}]}]}]}]}]}]},"Planning Time": 13.097,"Triggers": [],"Execution Time": 2598.254}]
[{"Plan": {"Node Type": "Aggregate","Strategy": "Sorted","Partial Mode": "Finalize","Parallel Aware": false,"Async Capable": false,"Startup Cost": 47355.08,"Total Cost": 47374.71,"Plan Rows": 146,"Plan Width": 168,"Actual Startup Time": 2443.289,"Actual Total Time": 2646.846,"Actual Rows": 175,"Actual Loops": 1,"Group Key": ["nation.n_name", "(EXTRACT(year FROM orders.o_orderdate))"],"Plans": [{"Node Type": "Gather Merge","Parent Relationship": "Outer","Parallel Aware": false,"Async Capable": false,"Startup Cost": 47355.08,"Total Cost": 47371.30,"Plan Rows": 122,"Plan Width": 168,"Actual Startup Time": 2441.379,"Actual Total Time": 2646.389,"Actual Rows": 525,"Actual Loops": 1,"Workers Planned": 2,"Workers Launched": 2,"Plans": [{"Node Type": "Aggregate","Strategy": "Sorted","Partial Mode": "Partial","Parent Relationship": "Outer","Parallel Aware": false,"Async Capable": false,"Startup Cost": 46355.06,"Total Cost": 46357.20,"Plan Rows": 61,"Plan Width": 168,"Actual Startup Time": 2344.628,"Actual Total Time": 2481.185,"Actual Rows": 175,"Actual Loops": 3,"Group Key": ["nation.n_name", "(EXTRACT(year FROM orders.o_orderdate))"],"Workers": [],"Plans": [{"Node Type": "Sort","Parent Relationship": "Outer","Parallel Aware": false,"Async Capable": false,"Startup Cost": 46355.06,"Total Cost": 46355.21,"Plan Rows": 61,"Plan Width": 159,"Actual Startup Time": 2343.975,"Actual Total Time": 2393.214,"Actual Rows": 108196,"Actual Loops": 3,"Sort Key": ["nation.n_name", "(EXTRACT(year FROM orders.o_orderdate)) DESC"],"Sort Method": "quicksort","Sort Space Used": 14440,"Sort Space Type": "Memory","Workers": [{"Worker Number": 0,"Sort Method": "quicksort","Sort Space Used": 13552,"Sort Space Type": "Memory"},{"Worker Number": 1,"Sort Method": "quicksort","Sort Space Used": 13546,"Sort Space Type": "Memory"}],"Plans": [{"Node Type": "Hash Join","Parent Relationship": "Outer","Parallel Aware": false,"Async Capable": false,"Join Type": "Inner","Startup Cost": 3.13,"Total Cost": 46353.25,"Plan Rows": 61,"Plan Width": 159,"Actual Startup Time": 0.737,"Actual Total Time": 2187.877,"Actual Rows": 108196,"Actual Loops": 3,"Inner Unique": true,"Hash Cond": "(supplier.s_nationkey = nation.n_nationkey)","Workers": [],"Plans": [{"Node Type": "Nested Loop","Parent Relationship": "Outer","Parallel Aware": false,"Async Capable": false,"Join Type": "Inner","Startup Cost": 1.57,"Total Cost": 46351.35,"Plan Rows": 61,"Plan Width": 31,"Actual Startup Time": 0.541,"Actual Total Time": 2156.168,"Actual Rows": 108196,"Actual Loops": 3,"Inner Unique": true,"Workers": [],"Plans": [{"Node Type": "Nested Loop","Parent Relationship": "Outer","Parallel Aware": false,"Async Capable": false,"Join Type": "Inner","Startup Cost": 1.14,"Total Cost": 46322.98,"Plan Rows": 61,"Plan Width": 31,"Actual Startup Time": 0.417,"Actual Total Time": 1004.407,"Actual Rows": 108196,"Actual Loops": 3,"Inner Unique": true,"Workers": [],"Plans": [{"Node Type": "Nested Loop","Parent Relationship": "Outer","Parallel Aware": false,"Async Capable": false,"Join Type": "Inner","Startup Cost": 0.86,"Total Cost": 46304.52,"Plan Rows": 61,"Plan Width": 35,"Actual Startup Time": 0.314,"Actual Total Time": 819.610,"Actual Rows": 108196,"Actual Loops": 3,"Inner Unique": false,"Workers": [],"Plans": [{"Node Type": "Nested Loop","Parent Relationship": "Outer","Parallel Aware": false,"Async Capable": false,"Join Type": "Inner","Startup Cost": 0.42,"Total Cost": 24846.16,"Plan Rows": 20202,"Plan Width": 18,"Actual Startup Time": 0.182,"Actual Total Time": 113.565,"Actual Rows": 14448,"Actual Loops": 3,"Inner Unique": false,"Workers": [],"Plans": [{"Node Type": "Seq Scan","Parent Relationship": "Outer","Parallel Aware": true,"Async Capable": false,"Relation Name": "part","Alias": "part","Startup Cost": 0.00,"Total Cost": 5138.67,"Plan Rows": 5051,"Plan Width": 4,"Actual Startup Time": 0.053,"Actual Total Time": 48.139,"Actual Rows": 3612,"Actual Loops": 3,"Filter": "((p_name)::text ~~ '%pale%'::text)","Rows Removed by Filter": 63055,"Workers": []},{"Node Type": "Index Scan","Parent Relationship": "Inner","Parallel Aware": false,"Async Capable": false,"Scan Direction": "Forward","Index Name": "idx_partsupp_partkey","Relation Name": "partsupp","Alias": "partsupp","Startup Cost": 0.42,"Total Cost": 3.86,"Plan Rows": 4,"Plan Width": 14,"Actual Startup Time": 0.014,"Actual Total Time": 0.017,"Actual Rows": 4,"Actual Loops": 10836,"Index Cond": "(ps_partkey = part.p_partkey)","Rows Removed by Index Recheck": 0,"Workers": []}]},{"Node Type": "Index Scan","Parent Relationship": "Inner","Parallel Aware": false,"Async Capable": false,"Scan Direction": "Forward","Index Name": "idx_lineitem_part_supp","Relation Name": "lineitem","Alias": "lineitem","Startup Cost": 0.43,"Total Cost": 1.05,"Plan Rows": 1,"Plan Width": 29,"Actual Startup Time": 0.007,"Actual Total Time": 0.047,"Actual Rows": 7,"Actual Loops": 43344,"Index Cond": "((l_partkey = partsupp.ps_partkey) AND (l_suppkey = partsupp.ps_suppkey))","Rows Removed by Index Recheck": 0,"Workers": []}]},{"Node Type": "Index Scan","Parent Relationship": "Inner","Parallel Aware": false,"Async Capable": false,"Scan Direction": "Forward","Index Name": "supplier_pkey","Relation Name": "supplier","Alias": "supplier","Startup Cost": 0.29,"Total Cost": 0.30,"Plan Rows": 1,"Plan Width": 8,"Actual Startup Time": 0.001,"Actual Total Time": 0.001,"Actual Rows": 1,"Actual Loops": 324587,"Index Cond": "(s_suppkey = lineitem.l_suppkey)","Rows Removed by Index Recheck": 0,"Workers": []}]},{"Node Type": "Index Scan","Parent Relationship": "Inner","Parallel Aware": false,"Async Capable": false,"Scan Direction": "Forward","Index Name": "orders_pkey","Relation Name": "orders","Alias": "orders","Startup Cost": 0.43,"Total Cost": 0.47,"Plan Rows": 1,"Plan Width": 8,"Actual Startup Time": 0.010,"Actual Total Time": 0.010,"Actual Rows": 1,"Actual Loops": 324587,"Index Cond": "(o_orderkey = lineitem.l_orderkey)","Rows Removed by Index Recheck": 0,"Workers": []}]},{"Node Type": "Hash","Parent Relationship": "Inner","Parallel Aware": false,"Async Capable": false,"Startup Cost": 1.25,"Total Cost": 1.25,"Plan Rows": 25,"Plan Width": 108,"Actual Startup Time": 0.093,"Actual Total Time": 0.102,"Actual Rows": 25,"Actual Loops": 3,"Hash Buckets": 1024,"Original Hash Buckets": 1024,"Hash Batches": 1,"Original Hash Batches": 1,"Peak Memory Usage": 10,"Workers": [],"Plans": [{"Node Type": "Seq Scan","Parent Relationship": "Outer","Parallel Aware": false,"Async Capable": false,"Relation Name": "nation","Alias": "nation","Startup Cost": 0.00,"Total Cost": 1.25,"Plan Rows": 25,"Plan Width": 108,"Actual Startup Time": 0.063,"Actual Total Time": 0.070,"Actual Rows": 25,"Actual Loops": 3,"Workers": []}]}]}]}]}]}]},"Planning Time": 11.644,"Triggers": [],"Execution Time": 2649.913}]
[{"Plan": {"Node Type": "Aggregate","Strategy": "Sorted","Partial Mode": "Finalize","Parallel Aware": false,"Async Capable": false,"Startup Cost": 47355.08,"Total Cost": 47374.71,"Plan Rows": 146,"Plan Width": 168,"Actual Startup Time": 2500.381,"Actual Total Time": 2613.066,"Actual Rows": 175,"Actual Loops": 1,"Group Key": ["nation.n_name", "(EXTRACT(year FROM orders.o_orderdate))"],"Plans": [{"Node Type": "Gather Merge","Parent Relationship": "Outer","Parallel Aware": false,"Async Capable": false,"Startup Cost": 47355.08,"Total Cost": 47371.30,"Plan Rows": 122,"Plan Width": 168,"Actual Startup Time": 2498.753,"Actual Total Time": 2612.506,"Actual Rows": 525,"Actual Loops": 1,"Workers Planned": 2,"Workers Launched": 2,"Plans": [{"Node Type": "Aggregate","Strategy": "Sorted","Partial Mode": "Partial","Parent Relationship": "Outer","Parallel Aware": false,"Async Capable": false,"Startup Cost": 46355.06,"Total Cost": 46357.20,"Plan Rows": 61,"Plan Width": 168,"Actual Startup Time": 2385.274,"Actual Total Time": 2517.765,"Actual Rows": 175,"Actual Loops": 3,"Group Key": ["nation.n_name", "(EXTRACT(year FROM orders.o_orderdate))"],"Workers": [],"Plans": [{"Node Type": "Sort","Parent Relationship": "Outer","Parallel Aware": false,"Async Capable": false,"Startup Cost": 46355.06,"Total Cost": 46355.21,"Plan Rows": 61,"Plan Width": 159,"Actual Startup Time": 2384.635,"Actual Total Time": 2429.059,"Actual Rows": 111540,"Actual Loops": 3,"Sort Key": ["nation.n_name", "(EXTRACT(year FROM orders.o_orderdate)) DESC"],"Sort Method": "quicksort","Sort Space Used": 13997,"Sort Space Type": "Memory","Workers": [{"Worker Number": 0,"Sort Method": "quicksort","Sort Space Used": 14233,"Sort Space Type": "Memory"},{"Worker Number": 1,"Sort Method": "quicksort","Sort Space Used": 14306,"Sort Space Type": "Memory"}],"Plans": [{"Node Type": "Hash Join","Parent Relationship": "Outer","Parallel Aware": false,"Async Capable": false,"Join Type": "Inner","Startup Cost": 3.13,"Total Cost": 46353.25,"Plan Rows": 61,"Plan Width": 159,"Actual Startup Time": 0.720,"Actual Total Time": 2224.522,"Actual Rows": 111540,"Actual Loops": 3,"Inner Unique": true,"Hash Cond": "(supplier.s_nationkey = nation.n_nationkey)","Workers": [],"Plans": [{"Node Type": "Nested Loop","Parent Relationship": "Outer","Parallel Aware": false,"Async Capable": false,"Join Type": "Inner","Startup Cost": 1.57,"Total Cost": 46351.35,"Plan Rows": 61,"Plan Width": 31,"Actual Startup Time": 0.543,"Actual Total Time": 2192.319,"Actual Rows": 111540,"Actual Loops": 3,"Inner Unique": true,"Workers": [],"Plans": [{"Node Type": "Nested Loop","Parent Relationship": "Outer","Parallel Aware": false,"Async Capable": false,"Join Type": "Inner","Startup Cost": 1.14,"Total Cost": 46322.98,"Plan Rows": 61,"Plan Width": 31,"Actual Startup Time": 0.416,"Actual Total Time": 1013.189,"Actual Rows": 111540,"Actual Loops": 3,"Inner Unique": true,"Workers": [],"Plans": [{"Node Type": "Nested Loop","Parent Relationship": "Outer","Parallel Aware": false,"Async Capable": false,"Join Type": "Inner","Startup Cost": 0.86,"Total Cost": 46304.52,"Plan Rows": 61,"Plan Width": 35,"Actual Startup Time": 0.322,"Actual Total Time": 823.097,"Actual Rows": 111540,"Actual Loops": 3,"Inner Unique": false,"Workers": [],"Plans": [{"Node Type": "Nested Loop","Parent Relationship": "Outer","Parallel Aware": false,"Async Capable": false,"Join Type": "Inner","Startup Cost": 0.42,"Total Cost": 24846.16,"Plan Rows": 20202,"Plan Width": 18,"Actual Startup Time": 0.205,"Actual Total Time": 119.618,"Actual Rows": 14867,"Actual Loops": 3,"Inner Unique": false,"Workers": [],"Plans": [{"Node Type": "Seq Scan","Parent Relationship": "Outer","Parallel Aware": true,"Async Capable": false,"Relation Name": "part","Alias": "part","Startup Cost": 0.00,"Total Cost": 5138.67,"Plan Rows": 5051,"Plan Width": 4,"Actual Startup Time": 0.067,"Actual Total Time": 50.965,"Actual Rows": 3717,"Actual Loops": 3,"Filter": "((p_name)::text ~~ '%tomato%'::text)","Rows Removed by Filter": 62950,"Workers": []},{"Node Type": "Index Scan","Parent Relationship": "Inner","Parallel Aware": false,"Async Capable": false,"Scan Direction": "Forward","Index Name": "idx_partsupp_partkey","Relation Name": "partsupp","Alias": "partsupp","Startup Cost": 0.42,"Total Cost": 3.86,"Plan Rows": 4,"Plan Width": 14,"Actual Startup Time": 0.014,"Actual Total Time": 0.018,"Actual Rows": 4,"Actual Loops": 11150,"Index Cond": "(ps_partkey = part.p_partkey)","Rows Removed by Index Recheck": 0,"Workers": []}]},{"Node Type": "Index Scan","Parent Relationship": "Inner","Parallel Aware": false,"Async Capable": false,"Scan Direction": "Forward","Index Name": "idx_lineitem_part_supp","Relation Name": "lineitem","Alias": "lineitem","Startup Cost": 0.43,"Total Cost": 1.05,"Plan Rows": 1,"Plan Width": 29,"Actual Startup Time": 0.007,"Actual Total Time": 0.046,"Actual Rows": 8,"Actual Loops": 44600,"Index Cond": "((l_partkey = partsupp.ps_partkey) AND (l_suppkey = partsupp.ps_suppkey))","Rows Removed by Index Recheck": 0,"Workers": []}]},{"Node Type": "Index Scan","Parent Relationship": "Inner","Parallel Aware": false,"Async Capable": false,"Scan Direction": "Forward","Index Name": "supplier_pkey","Relation Name": "supplier","Alias": "supplier","Startup Cost": 0.29,"Total Cost": 0.30,"Plan Rows": 1,"Plan Width": 8,"Actual Startup Time": 0.001,"Actual Total Time": 0.001,"Actual Rows": 1,"Actual Loops": 334621,"Index Cond": "(s_suppkey = lineitem.l_suppkey)","Rows Removed by Index Recheck": 0,"Workers": []}]},{"Node Type": "Index Scan","Parent Relationship": "Inner","Parallel Aware": false,"Async Capable": false,"Scan Direction": "Forward","Index Name": "orders_pkey","Relation Name": "orders","Alias": "orders","Startup Cost": 0.43,"Total Cost": 0.47,"Plan Rows": 1,"Plan Width": 8,"Actual Startup Time": 0.010,"Actual Total Time": 0.010,"Actual Rows": 1,"Actual Loops": 334621,"Index Cond": "(o_orderkey = lineitem.l_orderkey)","Rows Removed by Index Recheck": 0,"Workers": []}]},{"Node Type": "Hash","Parent Relationship": "Inner","Parallel Aware": false,"Async Capable": false,"Startup Cost": 1.25,"Total Cost": 1.25,"Plan Rows": 25,"Plan Width": 108,"Actual Startup Time": 0.076,"Actual Total Time": 0.105,"Actual Rows": 25,"Actual Loops": 3,"Hash Buckets": 1024,"Original Hash Buckets": 1024,"Hash Batches": 1,"Original Hash Batches": 1,"Peak Memory Usage": 10,"Workers": [],"Plans": [{"Node Type": "Seq Scan","Parent Relationship": "Outer","Parallel Aware": false,"Async Capable": false,"Relation Name": "nation","Alias": "nation","Startup Cost": 0.00,"Total Cost": 1.25,"Plan Rows": 25,"Plan Width": 108,"Actual Startup Time": 0.046,"Actual Total Time": 0.069,"Actual Rows": 25,"Actual Loops": 3,"Workers": []}]}]}]}]}]}]},"Planning Time": 11.495,"Triggers": [],"Execution Time": 2614.780}]
[{"Plan": {"Node Type": "Aggregate","Strategy": "Sorted","Partial Mode": "Finalize","Parallel Aware": false,"Async Capable": false,"Startup Cost": 47355.08,"Total Cost": 47374.71,"Plan Rows": 146,"Plan Width": 168,"Actual Startup Time": 2500.381,"Actual Total Time": 2613.066,"Actual Rows": 175,"Actual Loops": 1,"Group Key": ["nation.n_name", "(EXTRACT(year FROM orders.o_orderdate))"],"Plans": [{"Node Type": "Gather Merge","Parent Relationship": "Outer","Parallel Aware": false,"Async Capable": false,"Startup Cost": 47355.08,"Total Cost": 47371.30,"Plan Rows": 122,"Plan Width": 168,"Actual Startup Time": 2498.753,"Actual Total Time": 2612.506,"Actual Rows": 525,"Actual Loops": 1,"Workers Planned": 2,"Workers Launched": 2,"Plans": [{"Node Type": "Aggregate","Strategy": "Sorted","Partial Mode": "Partial","Parent Relationship": "Outer","Parallel Aware": false,"Async Capable": false,"Startup Cost": 46355.06,"Total Cost": 46357.20,"Plan Rows": 61,"Plan Width": 168,"Actual Startup Time": 2385.274,"Actual Total Time": 2517.765,"Actual Rows": 175,"Actual Loops": 3,"Group Key": ["nation.n_name", "(EXTRACT(year FROM orders.o_orderdate))"],"Workers": [],"Plans": [{"Node Type": "Sort","Parent Relationship": "Outer","Parallel Aware": false,"Async Capable": false,"Startup Cost": 46355.06,"Total Cost": 46355.21,"Plan Rows": 61,"Plan Width": 159,"Actual Startup Time": 2384.635,"Actual Total Time": 2429.059,"Actual Rows": 111540,"Actual Loops": 3,"Sort Key": ["nation.n_name", "(EXTRACT(year FROM orders.o_orderdate)) DESC"],"Sort Method": "quicksort","Sort Space Used": 13997,"Sort Space Type": "Memory","Workers": [{"Worker Number": 0,"Sort Method": "quicksort","Sort Space Used": 14233,"Sort Space Type": "Memory"},{"Worker Number": 1,"Sort Method": "quicksort","Sort Space Used": 14306,"Sort Space Type": "Memory"}],"Plans": [{"Node Type": "Hash Join","Parent Relationship": "Outer","Parallel Aware": false,"Async Capable": false,"Join Type": "Inner","Startup Cost": 3.13,"Total Cost": 46353.25,"Plan Rows": 61,"Plan Width": 159,"Actual Startup Time": 0.720,"Actual Total Time": 2224.522,"Actual Rows": 111540,"Actual Loops": 3,"Inner Unique": true,"Hash Cond": "(supplier.s_nationkey = nation.n_nationkey)","Workers": [],"Plans": [{"Node Type": "Nested Loop","Parent Relationship": "Outer","Parallel Aware": false,"Async Capable": false,"Join Type": "Inner","Startup Cost": 1.57,"Total Cost": 46351.35,"Plan Rows": 61,"Plan Width": 31,"Actual Startup Time": 0.543,"Actual Total Time": 2192.319,"Actual Rows": 111540,"Actual Loops": 3,"Inner Unique": true,"Workers": [],"Plans": [{"Node Type": "Nested Loop","Parent Relationship": "Outer","Parallel Aware": false,"Async Capable": false,"Join Type": "Inner","Startup Cost": 1.14,"Total Cost": 46322.98,"Plan Rows": 61,"Plan Width": 31,"Actual Startup Time": 0.416,"Actual Total Time": 1013.189,"Actual Rows": 111540,"Actual Loops": 3,"Inner Unique": true,"Workers": [],"Plans": [{"Node Type": "Nested Loop","Parent Relationship": "Outer","Parallel Aware": false,"Async Capable": false,"Join Type": "Inner","Startup Cost": 0.86,"Total Cost": 46304.52,"Plan Rows": 61,"Plan Width": 35,"Actual Startup Time": 0.322,"Actual Total Time": 823.097,"Actual Rows": 111540,"Actual Loops": 3,"Inner Unique": false,"Workers": [],"Plans": [{"Node Type": "Nested Loop","Parent Relationship": "Outer","Parallel Aware": false,"Async Capable": false,"Join Type": "Inner","Startup Cost": 0.42,"Total Cost": 24846.16,"Plan Rows": 20202,"Plan Width": 18,"Actual Startup Time": 0.205,"Actual Total Time": 119.618,"Actual Rows": 14867,"Actual Loops": 3,"Inner Unique": false,"Workers": [],"Plans": [{"Node Type": "Seq Scan","Parent Relationship": "Outer","Parallel Aware": true,"Async Capable": false,"Relation Name": "part","Alias": "part","Startup Cost": 0.00,"Total Cost": 5138.67,"Plan Rows": 5051,"Plan Width": 4,"Actual Startup Time": 0.067,"Actual Total Time": 50.965,"Actual Rows": 3717,"Actual Loops": 3,"Filter": "((p_name)::text ~~ '%tomato%'::text)","Rows Removed by Filter": 62950,"Workers": []},{"Node Type": "Index Scan","Parent Relationship": "Inner","Parallel Aware": false,"Async Capable": false,"Scan Direction": "Forward","Index Name": "idx_partsupp_partkey","Relation Name": "partsupp","Alias": "partsupp","Startup Cost": 0.42,"Total Cost": 3.86,"Plan Rows": 4,"Plan Width": 14,"Actual Startup Time": 0.014,"Actual Total Time": 0.018,"Actual Rows": 4,"Actual Loops": 11150,"Index Cond": "(ps_partkey = part.p_partkey)","Rows Removed by Index Recheck": 0,"Workers": []}]},{"Node Type": "Index Scan","Parent Relationship": "Inner","Parallel Aware": false,"Async Capable": false,"Scan Direction": "Forward","Index Name": "idx_lineitem_part_supp","Relation Name": "lineitem","Alias": "lineitem","Startup Cost": 0.43,"Total Cost": 1.05,"Plan Rows": 1,"Plan Width": 29,"Actual Startup Time": 0.007,"Actual Total Time": 0.046,"Actual Rows": 8,"Actual Loops": 44600,"Index Cond": "((l_partkey = partsupp.ps_partkey) AND (l_suppkey = partsupp.ps_suppkey))","Rows Removed by Index Recheck": 0,"Workers": []}]},{"Node Type": "Index Scan","Parent Relationship": "Inner","Parallel Aware": false,"Async Capable": false,"Scan Direction": "Forward","Index Name": "supplier_pkey","Relation Name": "supplier","Alias": "supplier","Startup Cost": 0.29,"Total Cost": 0.30,"Plan Rows": 1,"Plan Width": 8,"Actual Startup Time": 0.001,"Actual Total Time": 0.001,"Actual Rows": 1,"Actual Loops": 334621,"Index Cond": "(s_suppkey = lineitem.l_suppkey)","Rows Removed by Index Recheck": 0,"Workers": []}]},{"Node Type": "Index Scan","Parent Relationship": "Inner","Parallel Aware": false,"Async Capable": false,"Scan Direction": "Forward","Index Name": "orders_pkey","Relation Name": "orders","Alias": "orders","Startup Cost": 0.43,"Total Cost": 0.47,"Plan Rows": 1,"Plan Width": 8,"Actual Startup Time": 0.010,"Actual Total Time": 0.010,"Actual Rows": 1,"Actual Loops": 334621,"Index Cond": "(o_orderkey = lineitem.l_orderkey)","Rows Removed by Index Recheck": 0,"Workers": []}]},{"Node Type": "Hash","Parent Relationship": "Inner","Parallel Aware": false,"Async Capable": false,"Startup Cost": 1.25,"Total Cost": 1.25,"Plan Rows": 25,"Plan Width": 108,"Actual Startup Time": 0.076,"Actual Total Time": 0.105,"Actual Rows": 25,"Actual Loops": 3,"Hash Buckets": 1024,"Original Hash Buckets": 1024,"Hash Batches": 1,"Original Hash Batches": 1,"Peak Memory Usage": 10,"Workers": [],"Plans": [{"Node Type": "Seq Scan","Parent Relationship": "Outer","Parallel Aware": false,"Async Capable": false,"Relation Name": "nation","Alias": "nation","Startup Cost": 0.00,"Total Cost": 1.25,"Plan Rows": 25,"Plan Width": 108,"Actual Startup Time": 0.046,"Actual Total Time": 0.069,"Actual Rows": 25,"Actual Loops": 3,"Workers": []}]}]}]}]}]}]},"Planning Time": 11.495,"Triggers": [],"Execution Time": 2614.780}]
[{"Plan": {"Node Type": "Aggregate","Strategy": "Sorted","Partial Mode": "Finalize","Parallel Aware": false,"Async Capable": false,"Startup Cost": 41381.04,"Total Cost": 41397.45,"Plan Rows": 122,"Plan Width": 168,"Actual Startup Time": 2480.242,"Actual Total Time": 2577.614,"Actual Rows": 175,"Actual Loops": 1,"Group Key": ["nation.n_name", "(EXTRACT(year FROM orders.o_orderdate))"],"Plans": [{"Node Type": "Gather Merge","Parent Relationship": "Outer","Parallel Aware": false,"Async Capable": false,"Startup Cost": 41381.04,"Total Cost": 41394.60,"Plan Rows": 102,"Plan Width": 168,"Actual Startup Time": 2478.709,"Actual Total Time": 2577.227,"Actual Rows": 525,"Actual Loops": 1,"Workers Planned": 2,"Workers Launched": 2,"Plans": [{"Node Type": "Aggregate","Strategy": "Sorted","Partial Mode": "Partial","Parent Relationship": "Outer","Parallel Aware": false,"Async Capable": false,"Startup Cost": 40381.01,"Total Cost": 40382.80,"Plan Rows": 51,"Plan Width": 168,"Actual Startup Time": 2353.304,"Actual Total Time": 2480.698,"Actual Rows": 175,"Actual Loops": 3,"Group Key": ["nation.n_name", "(EXTRACT(year FROM orders.o_orderdate))"],"Workers": [],"Plans": [{"Node Type": "Sort","Parent Relationship": "Outer","Parallel Aware": false,"Async Capable": false,"Startup Cost": 40381.01,"Total Cost": 40381.14,"Plan Rows": 51,"Plan Width": 159,"Actual Startup Time": 2352.693,"Actual Total Time": 2396.159,"Actual Rows": 109229,"Actual Loops": 3,"Sort Key": ["nation.n_name", "(EXTRACT(year FROM orders.o_orderdate)) DESC"],"Sort Method": "quicksort","Sort Space Used": 13712,"Sort Space Type": "Memory","Workers": [{"Worker Number": 0,"Sort Method": "quicksort","Sort Space Used": 13695,"Sort Space Type": "Memory"},{"Worker Number": 1,"Sort Method": "quicksort","Sort Space Used": 14445,"Sort Space Type": "Memory"}],"Plans": [{"Node Type": "Hash Join","Parent Relationship": "Outer","Parallel Aware": false,"Async Capable": false,"Join Type": "Inner","Startup Cost": 3.13,"Total Cost": 40379.57,"Plan Rows": 51,"Plan Width": 159,"Actual Startup Time": 0.647,"Actual Total Time": 2203.600,"Actual Rows": 109229,"Actual Loops": 3,"Inner Unique": true,"Hash Cond": "(supplier.s_nationkey = nation.n_nationkey)","Workers": [],"Plans": [{"Node Type": "Nested Loop","Parent Relationship": "Outer","Parallel Aware": false,"Async Capable": false,"Join Type": "Inner","Startup Cost": 1.57,"Total Cost": 40377.72,"Plan Rows": 51,"Plan Width": 31,"Actual Startup Time": 0.487,"Actual Total Time": 2172.141,"Actual Rows": 109229,"Actual Loops": 3,"Inner Unique": true,"Workers": [],"Plans": [{"Node Type": "Nested Loop","Parent Relationship": "Outer","Parallel Aware": false,"Async Capable": false,"Join Type": "Inner","Startup Cost": 1.14,"Total Cost": 40354.00,"Plan Rows": 51,"Plan Width": 31,"Actual Startup Time": 0.369,"Actual Total Time": 1011.787,"Actual Rows": 109229,"Actual Loops": 3,"Inner Unique": true,"Workers": [],"Plans": [{"Node Type": "Nested Loop","Parent Relationship": "Outer","Parallel Aware": false,"Async Capable": false,"Join Type": "Inner","Startup Cost": 0.86,"Total Cost": 40338.56,"Plan Rows": 51,"Plan Width": 35,"Actual Startup Time": 0.277,"Actual Total Time": 825.152,"Actual Rows": 109229,"Actual Loops": 3,"Inner Unique": false,"Workers": [],"Plans": [{"Node Type": "Nested Loop","Parent Relationship": "Outer","Parallel Aware": false,"Async Capable": false,"Join Type": "Inner","Startup Cost": 0.42,"Total Cost": 22456.59,"Plan Rows": 16835,"Plan Width": 18,"Actual Startup Time": 0.156,"Actual Total Time": 114.451,"Actual Rows": 14521,"Actual Loops": 3,"Inner Unique": false,"Workers": [],"Plans": [{"Node Type": "Seq Scan","Parent Relationship": "Outer","Parallel Aware": true,"Async Capable": false,"Relation Name": "part","Alias": "part","Startup Cost": 0.00,"Total Cost": 5138.67,"Plan Rows": 4209,"Plan Width": 4,"Actual Startup Time": 0.051,"Actual Total Time": 48.691,"Actual Rows": 3630,"Actual Loops": 3,"Filter": "((p_name)::text ~~ '%mint%'::text)","Rows Removed by Filter": 63036,"Workers": []},{"Node Type": "Index Scan","Parent Relationship": "Inner","Parallel Aware": false,"Async Capable": false,"Scan Direction": "Forward","Index Name": "idx_partsupp_partkey","Relation Name": "partsupp","Alias": "partsupp","Startup Cost": 0.42,"Total Cost": 4.07,"Plan Rows": 4,"Plan Width": 14,"Actual Startup Time": 0.014,"Actual Total Time": 0.017,"Actual Rows": 4,"Actual Loops": 10891,"Index Cond": "(ps_partkey = part.p_partkey)","Rows Removed by Index Recheck": 0,"Workers": []}]},{"Node Type": "Index Scan","Parent Relationship": "Inner","Parallel Aware": false,"Async Capable": false,"Scan Direction": "Forward","Index Name": "idx_lineitem_part_supp","Relation Name": "lineitem","Alias": "lineitem","Startup Cost": 0.43,"Total Cost": 1.05,"Plan Rows": 1,"Plan Width": 29,"Actual Startup Time": 0.007,"Actual Total Time": 0.047,"Actual Rows": 8,"Actual Loops": 43564,"Index Cond": "((l_partkey = partsupp.ps_partkey) AND (l_suppkey = partsupp.ps_suppkey))","Rows Removed by Index Recheck": 0,"Workers": []}]},{"Node Type": "Index Scan","Parent Relationship": "Inner","Parallel Aware": false,"Async Capable": false,"Scan Direction": "Forward","Index Name": "supplier_pkey","Relation Name": "supplier","Alias": "supplier","Startup Cost": 0.29,"Total Cost": 0.30,"Plan Rows": 1,"Plan Width": 8,"Actual Startup Time": 0.001,"Actual Total Time": 0.001,"Actual Rows": 1,"Actual Loops": 327686,"Index Cond": "(s_suppkey = lineitem.l_suppkey)","Rows Removed by Index Recheck": 0,"Workers": []}]},{"Node Type": "Index Scan","Parent Relationship": "Inner","Parallel Aware": false,"Async Capable": false,"Scan Direction": "Forward","Index Name": "orders_pkey","Relation Name": "orders","Alias": "orders","Startup Cost": 0.43,"Total Cost": 0.47,"Plan Rows": 1,"Plan Width": 8,"Actual Startup Time": 0.010,"Actual Total Time": 0.010,"Actual Rows": 1,"Actual Loops": 327686,"Index Cond": "(o_orderkey = lineitem.l_orderkey)","Rows Removed by Index Recheck": 0,"Workers": []}]},{"Node Type": "Hash","Parent Relationship": "Inner","Parallel Aware": false,"Async Capable": false,"Startup Cost": 1.25,"Total Cost": 1.25,"Plan Rows": 25,"Plan Width": 108,"Actual Startup Time": 0.071,"Actual Total Time": 0.079,"Actual Rows": 25,"Actual Loops": 3,"Hash Buckets": 1024,"Original Hash Buckets": 1024,"Hash Batches": 1,"Original Hash Batches": 1,"Peak Memory Usage": 10,"Workers": [],"Plans": [{"Node Type": "Seq Scan","Parent Relationship": "Outer","Parallel Aware": false,"Async Capable": false,"Relation Name": "nation","Alias": "nation","Startup Cost": 0.00,"Total Cost": 1.25,"Plan Rows": 25,"Plan Width": 108,"Actual Startup Time": 0.043,"Actual Total Time": 0.050,"Actual Rows": 25,"Actual Loops": 3,"Workers": []}]}]}]}]}]}]},"Planning Time": 12.975,"Triggers": [],"Execution Time": 2581.261}]
[{"Plan": {"Node Type": "Aggregate","Strategy": "Sorted","Partial Mode": "Finalize","Parallel Aware": false,"Async Capable": false,"Startup Cost": 51920.12,"Total Cost": 51953.05,"Plan Rows": 219,"Plan Width": 168,"Actual Startup Time": 1723.050,"Actual Total Time": 1859.125,"Actual Rows": 175,"Actual Loops": 1,"Group Key": ["nation.n_name", "(EXTRACT(year FROM orders.o_orderdate))"],"Plans": [{"Node Type": "Gather Merge","Parent Relationship": "Outer","Parallel Aware": false,"Async Capable": false,"Startup Cost": 51920.12,"Total Cost": 51947.63,"Plan Rows": 213,"Plan Width": 168,"Actual Startup Time": 1721.958,"Actual Total Time": 1858.702,"Actual Rows": 700,"Actual Loops": 1,"Workers Planned": 3,"Workers Launched": 3,"Plans": [{"Node Type": "Aggregate","Strategy": "Sorted","Partial Mode": "Partial","Parent Relationship": "Outer","Parallel Aware": false,"Async Capable": false,"Startup Cost": 50920.08,"Total Cost": 50922.56,"Plan Rows": 71,"Plan Width": 168,"Actual Startup Time": 1658.851,"Actual Total Time": 1755.065,"Actual Rows": 175,"Actual Loops": 4,"Group Key": ["nation.n_name", "(EXTRACT(year FROM orders.o_orderdate))"],"Workers": [],"Plans": [{"Node Type": "Sort","Parent Relationship": "Outer","Parallel Aware": false,"Async Capable": false,"Startup Cost": 50920.08,"Total Cost": 50920.26,"Plan Rows": 71,"Plan Width": 159,"Actual Startup Time": 1658.360,"Actual Total Time": 1691.567,"Actual Rows": 82609,"Actual Loops": 4,"Sort Key": ["nation.n_name", "(EXTRACT(year FROM orders.o_orderdate)) DESC"],"Sort Method": "quicksort","Sort Space Used": 11581,"Sort Space Type": "Memory","Workers": [{"Worker Number": 0,"Sort Method": "quicksort","Sort Space Used": 11232,"Sort Space Type": "Memory"},{"Worker Number": 1,"Sort Method": "quicksort","Sort Space Used": 11219,"Sort Space Type": "Memory"},{"Worker Number": 2,"Sort Method": "quicksort","Sort Space Used": 11158,"Sort Space Type": "Memory"}],"Plans": [{"Node Type": "Hash Join","Parent Relationship": "Outer","Parallel Aware": false,"Async Capable": false,"Join Type": "Inner","Startup Cost": 5236.07,"Total Cost": 50917.89,"Plan Rows": 71,"Plan Width": 159,"Actual Startup Time": 21.699,"Actual Total Time": 1557.030,"Actual Rows": 82609,"Actual Loops": 4,"Inner Unique": true,"Hash Cond": "(supplier.s_nationkey = nation.n_nationkey)","Workers": [],"Plans": [{"Node Type": "Nested Loop","Parent Relationship": "Outer","Parallel Aware": false,"Async Capable": false,"Join Type": "Inner","Startup Cost": 5234.51,"Total Cost": 50915.94,"Plan Rows": 71,"Plan Width": 31,"Actual Startup Time": 21.538,"Actual Total Time": 1533.756,"Actual Rows": 82609,"Actual Loops": 4,"Inner Unique": true,"Workers": [],"Plans": [{"Node Type": "Nested Loop","Parent Relationship": "Outer","Parallel Aware": false,"Async Capable": false,"Join Type": "Inner","Startup Cost": 5234.08,"Total Cost": 50882.91,"Plan Rows": 71,"Plan Width": 31,"Actual Startup Time": 21.473,"Actual Total Time": 801.833,"Actual Rows": 82609,"Actual Loops": 4,"Inner Unique": true,"Workers": [],"Plans": [{"Node Type": "Nested Loop","Parent Relationship": "Outer","Parallel Aware": false,"Async Capable": false,"Join Type": "Inner","Startup Cost": 5233.80,"Total Cost": 50861.42,"Plan Rows": 71,"Plan Width": 35,"Actual Startup Time": 21.434,"Actual Total Time": 663.334,"Actual Rows": 82609,"Actual Loops": 4,"Inner Unique": false,"Workers": [],"Plans": [{"Node Type": "Hash Join","Parent Relationship": "Outer","Parallel Aware": true,"Async Capable": false,"Join Type": "Inner","Startup Cost": 5233.37,"Total Cost": 25942.44,"Plan Rows": 23460,"Plan Width": 18,"Actual Startup Time": 21.376,"Actual Total Time": 198.945,"Actual Rows": 10969,"Actual Loops": 4,"Inner Unique": true,"Hash Cond": "(partsupp.ps_partkey = part.p_partkey)","Workers": [],"Plans": [{"Node Type": "Seq Scan","Parent Relationship": "Outer","Parallel Aware": true,"Async Capable": false,"Relation Name": "partsupp","Alias": "partsupp","Startup Cost": 0.00,"Total Cost": 20031.65,"Plan Rows": 258065,"Plan Width": 14,"Actual Startup Time": 0.019,"Actual Total Time": 41.772,"Actual Rows": 200000,"Actual Loops": 4,"Workers": []},{"Node Type": "Hash","Parent Relationship": "Inner","Parallel Aware": true,"Async Capable": false,"Startup Cost": 5138.67,"Total Cost": 5138.67,"Plan Rows": 7576,"Plan Width": 4,"Actual Startup Time": 21.156,"Actual Total Time": 21.166,"Actual Rows": 2742,"Actual Loops": 4,"Hash Buckets": 32768,"Original Hash Buckets": 32768,"Hash Batches": 1,"Original Hash Batches": 1,"Peak Memory Usage": 736,"Workers": [],"Plans": [{"Node Type": "Seq Scan","Parent Relationship": "Outer","Parallel Aware": true,"Async Capable": false,"Relation Name": "part","Alias": "part","Startup Cost": 0.00,"Total Cost": 5138.67,"Plan Rows": 7576,"Plan Width": 4,"Actual Startup Time": 0.057,"Actual Total Time": 19.393,"Actual Rows": 2742,"Actual Loops": 4,"Filter": "((p_name)::text ~~ '%burlywood%'::text)","Rows Removed by Filter": 47258,"Workers": []}]}]},{"Node Type": "Index Scan","Parent Relationship": "Inner","Parallel Aware": false,"Async Capable": false,"Scan Direction": "Forward","Index Name": "idx_lineitem_part_supp","Relation Name": "lineitem","Alias": "lineitem","Startup Cost": 0.43,"Total Cost": 1.05,"Plan Rows": 1,"Plan Width": 29,"Actual Startup Time": 0.006,"Actual Total Time": 0.041,"Actual Rows": 8,"Actual Loops": 43876,"Index Cond": "((l_partkey = partsupp.ps_partkey) AND (l_suppkey = partsupp.ps_suppkey))","Rows Removed by Index Recheck": 0,"Workers": []}]},{"Node Type": "Index Scan","Parent Relationship": "Inner","Parallel Aware": false,"Async Capable": false,"Scan Direction": "Forward","Index Name": "supplier_pkey","Relation Name": "supplier","Alias": "supplier","Startup Cost": 0.29,"Total Cost": 0.30,"Plan Rows": 1,"Plan Width": 8,"Actual Startup Time": 0.001,"Actual Total Time": 0.001,"Actual Rows": 1,"Actual Loops": 330436,"Index Cond": "(s_suppkey = lineitem.l_suppkey)","Rows Removed by Index Recheck": 0,"Workers": []}]},{"Node Type": "Index Scan","Parent Relationship": "Inner","Parallel Aware": false,"Async Capable": false,"Scan Direction": "Forward","Index Name": "orders_pkey","Relation Name": "orders","Alias": "orders","Startup Cost": 0.43,"Total Cost": 0.47,"Plan Rows": 1,"Plan Width": 8,"Actual Startup Time": 0.009,"Actual Total Time": 0.009,"Actual Rows": 1,"Actual Loops": 330436,"Index Cond": "(o_orderkey = lineitem.l_orderkey)","Rows Removed by Index Recheck": 0,"Workers": []}]},{"Node Type": "Hash","Parent Relationship": "Inner","Parallel Aware": false,"Async Capable": false,"Startup Cost": 1.25,"Total Cost": 1.25,"Plan Rows": 25,"Plan Width": 108,"Actual Startup Time": 0.081,"Actual Total Time": 0.085,"Actual Rows": 25,"Actual Loops": 4,"Hash Buckets": 1024,"Original Hash Buckets": 1024,"Hash Batches": 1,"Original Hash Batches": 1,"Peak Memory Usage": 10,"Workers": [],"Plans": [{"Node Type": "Seq Scan","Parent Relationship": "Outer","Parallel Aware": false,"Async Capable": false,"Relation Name": "nation","Alias": "nation","Startup Cost": 0.00,"Total Cost": 1.25,"Plan Rows": 25,"Plan Width": 108,"Actual Startup Time": 0.056,"Actual Total Time": 0.061,"Actual Rows": 25,"Actual Loops": 4,"Workers": []}]}]}]}]}]}]},"Planning Time": 12.444,"Triggers": [],"Execution Time": 1860.388}]
[{"Plan": {"Node Type": "Aggregate","Strategy": "Sorted","Partial Mode": "Finalize","Parallel Aware": false,"Async Capable": false,"Startup Cost": 46348.90,"Total Cost": 46374.41,"Plan Rows": 170,"Plan Width": 168,"Actual Startup Time": 1703.802,"Actual Total Time": 1828.802,"Actual Rows": 175,"Actual Loops": 1,"Group Key": ["nation.n_name", "(EXTRACT(year FROM orders.o_orderdate))"],"Plans": [{"Node Type": "Gather Merge","Parent Relationship": "Outer","Parallel Aware": false,"Async Capable": false,"Startup Cost": 46348.90,"Total Cost": 46370.21,"Plan Rows": 165,"Plan Width": 168,"Actual Startup Time": 1702.647,"Actual Total Time": 1828.292,"Actual Rows": 700,"Actual Loops": 1,"Workers Planned": 3,"Workers Launched": 3,"Plans": [{"Node Type": "Aggregate","Strategy": "Sorted","Partial Mode": "Partial","Parent Relationship": "Outer","Parallel Aware": false,"Async Capable": false,"Startup Cost": 45348.86,"Total Cost": 45350.79,"Plan Rows": 55,"Plan Width": 168,"Actual Startup Time": 1619.862,"Actual Total Time": 1717.365,"Actual Rows": 175,"Actual Loops": 4,"Group Key": ["nation.n_name", "(EXTRACT(year FROM orders.o_orderdate))"],"Workers": [],"Plans": [{"Node Type": "Sort","Parent Relationship": "Outer","Parallel Aware": false,"Async Capable": false,"Startup Cost": 45348.86,"Total Cost": 45349.00,"Plan Rows": 55,"Plan Width": 159,"Actual Startup Time": 1619.469,"Actual Total Time": 1654.019,"Actual Rows": 80641,"Actual Loops": 4,"Sort Key": ["nation.n_name", "(EXTRACT(year FROM orders.o_orderdate)) DESC"],"Sort Method": "quicksort","Sort Space Used": 11007,"Sort Space Type": "Memory","Workers": [{"Worker Number": 0,"Sort Method": "quicksort","Sort Space Used": 10859,"Sort Space Type": "Memory"},{"Worker Number": 1,"Sort Method": "quicksort","Sort Space Used": 11221,"Sort Space Type": "Memory"},{"Worker Number": 2,"Sort Method": "quicksort","Sort Space Used": 11314,"Sort Space Type": "Memory"}],"Plans": [{"Node Type": "Hash Join","Parent Relationship": "Outer","Parallel Aware": false,"Async Capable": false,"Join Type": "Inner","Startup Cost": 5215.02,"Total Cost": 45347.27,"Plan Rows": 55,"Plan Width": 159,"Actual Startup Time": 21.592,"Actual Total Time": 1520.847,"Actual Rows": 80641,"Actual Loops": 4,"Inner Unique": true,"Hash Cond": "(supplier.s_nationkey = nation.n_nationkey)","Workers": [],"Plans": [{"Node Type": "Nested Loop","Parent Relationship": "Outer","Parallel Aware": false,"Async Capable": false,"Join Type": "Inner","Startup Cost": 5213.46,"Total Cost": 45345.40,"Plan Rows": 55,"Plan Width": 31,"Actual Startup Time": 21.389,"Actual Total Time": 1497.621,"Actual Rows": 80641,"Actual Loops": 4,"Inner Unique": true,"Workers": [],"Plans": [{"Node Type": "Nested Loop","Parent Relationship": "Outer","Parallel Aware": false,"Async Capable": false,"Join Type": "Inner","Startup Cost": 5213.03,"Total Cost": 45319.82,"Plan Rows": 55,"Plan Width": 31,"Actual Startup Time": 21.303,"Actual Total Time": 772.716,"Actual Rows": 80641,"Actual Loops": 4,"Inner Unique": true,"Workers": [],"Plans": [{"Node Type": "Nested Loop","Parent Relationship": "Outer","Parallel Aware": false,"Async Capable": false,"Join Type": "Inner","Startup Cost": 5212.75,"Total Cost": 45303.17,"Plan Rows": 55,"Plan Width": 35,"Actual Startup Time": 21.245,"Actual Total Time": 636.617,"Actual Rows": 80641,"Actual Loops": 4,"Inner Unique": false,"Workers": [],"Plans": [{"Node Type": "Hash Join","Parent Relationship": "Outer","Parallel Aware": true,"Async Capable": false,"Join Type": "Inner","Startup Cost": 5212.32,"Total Cost": 25921.39,"Plan Rows": 18247,"Plan Width": 18,"Actual Startup Time": 21.168,"Actual Total Time": 184.026,"Actual Rows": 10733,"Actual Loops": 4,"Inner Unique": true,"Hash Cond": "(partsupp.ps_partkey = part.p_partkey)","Workers": [],"Plans": [{"Node Type": "Seq Scan","Parent Relationship": "Outer","Parallel Aware": true,"Async Capable": false,"Relation Name": "partsupp","Alias": "partsupp","Startup Cost": 0.00,"Total Cost": 20031.65,"Plan Rows": 258065,"Plan Width": 14,"Actual Startup Time": 0.010,"Actual Total Time": 42.275,"Actual Rows": 200000,"Actual Loops": 4,"Workers": []},{"Node Type": "Hash","Parent Relationship": "Inner","Parallel Aware": true,"Async Capable": false,"Startup Cost": 5138.67,"Total Cost": 5138.67,"Plan Rows": 5892,"Plan Width": 4,"Actual Startup Time": 21.027,"Actual Total Time": 21.038,"Actual Rows": 2683,"Actual Loops": 4,"Hash Buckets": 16384,"Original Hash Buckets": 16384,"Hash Batches": 1,"Original Hash Batches": 1,"Peak Memory Usage": 576,"Workers": [],"Plans": [{"Node Type": "Seq Scan","Parent Relationship": "Outer","Parallel Aware": true,"Async Capable": false,"Relation Name": "part","Alias": "part","Startup Cost": 0.00,"Total Cost": 5138.67,"Plan Rows": 5892,"Plan Width": 4,"Actual Startup Time": 0.074,"Actual Total Time": 19.689,"Actual Rows": 2683,"Actual Loops": 4,"Filter": "((p_name)::text ~~ '%cornsilk%'::text)","Rows Removed by Filter": 47317,"Workers": []}]}]},{"Node Type": "Index Scan","Parent Relationship": "Inner","Parallel Aware": false,"Async Capable": false,"Scan Direction": "Forward","Index Name": "idx_lineitem_part_supp","Relation Name": "lineitem","Alias": "lineitem","Startup Cost": 0.43,"Total Cost": 1.05,"Plan Rows": 1,"Plan Width": 29,"Actual Startup Time": 0.006,"Actual Total Time": 0.041,"Actual Rows": 8,"Actual Loops": 42932,"Index Cond": "((l_partkey = partsupp.ps_partkey) AND (l_suppkey = partsupp.ps_suppkey))","Rows Removed by Index Recheck": 0,"Workers": []}]},{"Node Type": "Index Scan","Parent Relationship": "Inner","Parallel Aware": false,"Async Capable": false,"Scan Direction": "Forward","Index Name": "supplier_pkey","Relation Name": "supplier","Alias": "supplier","Startup Cost": 0.29,"Total Cost": 0.30,"Plan Rows": 1,"Plan Width": 8,"Actual Startup Time": 0.001,"Actual Total Time": 0.001,"Actual Rows": 1,"Actual Loops": 322563,"Index Cond": "(s_suppkey = lineitem.l_suppkey)","Rows Removed by Index Recheck": 0,"Workers": []}]},{"Node Type": "Index Scan","Parent Relationship": "Inner","Parallel Aware": false,"Async Capable": false,"Scan Direction": "Forward","Index Name": "orders_pkey","Relation Name": "orders","Alias": "orders","Startup Cost": 0.43,"Total Cost": 0.47,"Plan Rows": 1,"Plan Width": 8,"Actual Startup Time": 0.009,"Actual Total Time": 0.009,"Actual Rows": 1,"Actual Loops": 322563,"Index Cond": "(o_orderkey = lineitem.l_orderkey)","Rows Removed by Index Recheck": 0,"Workers": []}]},{"Node Type": "Hash","Parent Relationship": "Inner","Parallel Aware": false,"Async Capable": false,"Startup Cost": 1.25,"Total Cost": 1.25,"Plan Rows": 25,"Plan Width": 108,"Actual Startup Time": 0.088,"Actual Total Time": 0.096,"Actual Rows": 25,"Actual Loops": 4,"Hash Buckets": 1024,"Original Hash Buckets": 1024,"Hash Batches": 1,"Original Hash Batches": 1,"Peak Memory Usage": 10,"Workers": [],"Plans": [{"Node Type": "Seq Scan","Parent Relationship": "Outer","Parallel Aware": false,"Async Capable": false,"Relation Name": "nation","Alias": "nation","Startup Cost": 0.00,"Total Cost": 1.25,"Plan Rows": 25,"Plan Width": 108,"Actual Startup Time": 0.056,"Actual Total Time": 0.063,"Actual Rows": 25,"Actual Loops": 4,"Workers": []}]}]}]}]}]}]},"Planning Time": 12.190,"Triggers": [],"Execution Time": 1830.103}]
[{"Plan": {"Node Type": "Aggregate","Strategy": "Sorted","Partial Mode": "Finalize","Parallel Aware": false,"Async Capable": false,"Startup Cost": 41381.04,"Total Cost": 41397.45,"Plan Rows": 122,"Plan Width": 168,"Actual Startup Time": 2431.177,"Actual Total Time": 2560.188,"Actual Rows": 175,"Actual Loops": 1,"Group Key": ["nation.n_name", "(EXTRACT(year FROM orders.o_orderdate))"],"Plans": [{"Node Type": "Gather Merge","Parent Relationship": "Outer","Parallel Aware": false,"Async Capable": false,"Startup Cost": 41381.04,"Total Cost": 41394.60,"Plan Rows": 102,"Plan Width": 168,"Actual Startup Time": 2429.302,"Actual Total Time": 2559.805,"Actual Rows": 525,"Actual Loops": 1,"Workers Planned": 2,"Workers Launched": 2,"Plans": [{"Node Type": "Aggregate","Strategy": "Sorted","Partial Mode": "Partial","Parent Relationship": "Outer","Parallel Aware": false,"Async Capable": false,"Startup Cost": 40381.01,"Total Cost": 40382.80,"Plan Rows": 51,"Plan Width": 168,"Actual Startup Time": 2327.238,"Actual Total Time": 2438.083,"Actual Rows": 175,"Actual Loops": 3,"Group Key": ["nation.n_name", "(EXTRACT(year FROM orders.o_orderdate))"],"Workers": [],"Plans": [{"Node Type": "Sort","Parent Relationship": "Outer","Parallel Aware": false,"Async Capable": false,"Startup Cost": 40381.01,"Total Cost": 40381.14,"Plan Rows": 51,"Plan Width": 159,"Actual Startup Time": 2326.616,"Actual Total Time": 2360.128,"Actual Rows": 110167,"Actual Loops": 3,"Sort Key": ["nation.n_name", "(EXTRACT(year FROM orders.o_orderdate)) DESC"],"Sort Method": "quicksort","Sort Space Used": 13685,"Sort Space Type": "Memory","Workers": [{"Worker Number": 0,"Sort Method": "quicksort","Sort Space Used": 14027,"Sort Space Type": "Memory"},{"Worker Number": 1,"Sort Method": "quicksort","Sort Space Used": 14415,"Sort Space Type": "Memory"}],"Plans": [{"Node Type": "Hash Join","Parent Relationship": "Outer","Parallel Aware": false,"Async Capable": false,"Join Type": "Inner","Startup Cost": 3.13,"Total Cost": 40379.57,"Plan Rows": 51,"Plan Width": 159,"Actual Startup Time": 0.774,"Actual Total Time": 2175.154,"Actual Rows": 110167,"Actual Loops": 3,"Inner Unique": true,"Hash Cond": "(supplier.s_nationkey = nation.n_nationkey)","Workers": [],"Plans": [{"Node Type": "Nested Loop","Parent Relationship": "Outer","Parallel Aware": false,"Async Capable": false,"Join Type": "Inner","Startup Cost": 1.57,"Total Cost": 40377.72,"Plan Rows": 51,"Plan Width": 31,"Actual Startup Time": 0.582,"Actual Total Time": 2143.575,"Actual Rows": 110167,"Actual Loops": 3,"Inner Unique": true,"Workers": [],"Plans": [{"Node Type": "Nested Loop","Parent Relationship": "Outer","Parallel Aware": false,"Async Capable": false,"Join Type": "Inner","Startup Cost": 1.14,"Total Cost": 40354.00,"Plan Rows": 51,"Plan Width": 31,"Actual Startup Time": 0.451,"Actual Total Time": 989.410,"Actual Rows": 110167,"Actual Loops": 3,"Inner Unique": true,"Workers": [],"Plans": [{"Node Type": "Nested Loop","Parent Relationship": "Outer","Parallel Aware": false,"Async Capable": false,"Join Type": "Inner","Startup Cost": 0.86,"Total Cost": 40338.56,"Plan Rows": 51,"Plan Width": 35,"Actual Startup Time": 0.342,"Actual Total Time": 803.216,"Actual Rows": 110167,"Actual Loops": 3,"Inner Unique": false,"Workers": [],"Plans": [{"Node Type": "Nested Loop","Parent Relationship": "Outer","Parallel Aware": false,"Async Capable": false,"Join Type": "Inner","Startup Cost": 0.42,"Total Cost": 22456.59,"Plan Rows": 16835,"Plan Width": 18,"Actual Startup Time": 0.214,"Actual Total Time": 117.164,"Actual Rows": 14685,"Actual Loops": 3,"Inner Unique": false,"Workers": [],"Plans": [{"Node Type": "Seq Scan","Parent Relationship": "Outer","Parallel Aware": true,"Async Capable": false,"Relation Name": "part","Alias": "part","Startup Cost": 0.00,"Total Cost": 5138.67,"Plan Rows": 4209,"Plan Width": 4,"Actual Startup Time": 0.077,"Actual Total Time": 49.700,"Actual Rows": 3671,"Actual Loops": 3,"Filter": "((p_name)::text ~~ '%turquoise%'::text)","Rows Removed by Filter": 62995,"Workers": []},{"Node Type": "Index Scan","Parent Relationship": "Inner","Parallel Aware": false,"Async Capable": false,"Scan Direction": "Forward","Index Name": "idx_partsupp_partkey","Relation Name": "partsupp","Alias": "partsupp","Startup Cost": 0.42,"Total Cost": 4.07,"Plan Rows": 4,"Plan Width": 14,"Actual Startup Time": 0.014,"Actual Total Time": 0.018,"Actual Rows": 4,"Actual Loops": 11014,"Index Cond": "(ps_partkey = part.p_partkey)","Rows Removed by Index Recheck": 0,"Workers": []}]},{"Node Type": "Index Scan","Parent Relationship": "Inner","Parallel Aware": false,"Async Capable": false,"Scan Direction": "Forward","Index Name": "idx_lineitem_part_supp","Relation Name": "lineitem","Alias": "lineitem","Startup Cost": 0.43,"Total Cost": 1.05,"Plan Rows": 1,"Plan Width": 29,"Actual Startup Time": 0.007,"Actual Total Time": 0.045,"Actual Rows": 8,"Actual Loops": 44056,"Index Cond": "((l_partkey = partsupp.ps_partkey) AND (l_suppkey = partsupp.ps_suppkey))","Rows Removed by Index Recheck": 0,"Workers": []}]},{"Node Type": "Index Scan","Parent Relationship": "Inner","Parallel Aware": false,"Async Capable": false,"Scan Direction": "Forward","Index Name": "supplier_pkey","Relation Name": "supplier","Alias": "supplier","Startup Cost": 0.29,"Total Cost": 0.30,"Plan Rows": 1,"Plan Width": 8,"Actual Startup Time": 0.001,"Actual Total Time": 0.001,"Actual Rows": 1,"Actual Loops": 330501,"Index Cond": "(s_suppkey = lineitem.l_suppkey)","Rows Removed by Index Recheck": 0,"Workers": []}]},{"Node Type": "Index Scan","Parent Relationship": "Inner","Parallel Aware": false,"Async Capable": false,"Scan Direction": "Forward","Index Name": "orders_pkey","Relation Name": "orders","Alias": "orders","Startup Cost": 0.43,"Total Cost": 0.47,"Plan Rows": 1,"Plan Width": 8,"Actual Startup Time": 0.010,"Actual Total Time": 0.010,"Actual Rows": 1,"Actual Loops": 330501,"Index Cond": "(o_orderkey = lineitem.l_orderkey)","Rows Removed by Index Recheck": 0,"Workers": []}]},{"Node Type": "Hash","Parent Relationship": "Inner","Parallel Aware": false,"Async Capable": false,"Startup Cost": 1.25,"Total Cost": 1.25,"Plan Rows": 25,"Plan Width": 108,"Actual Startup Time": 0.077,"Actual Total Time": 0.095,"Actual Rows": 25,"Actual Loops": 3,"Hash Buckets": 1024,"Original Hash Buckets": 1024,"Hash Batches": 1,"Original Hash Batches": 1,"Peak Memory Usage": 10,"Workers": [],"Plans": [{"Node Type": "Seq Scan","Parent Relationship": "Outer","Parallel Aware": false,"Async Capable": false,"Relation Name": "nation","Alias": "nation","Startup Cost": 0.00,"Total Cost": 1.25,"Plan Rows": 25,"Plan Width": 108,"Actual Startup Time": 0.049,"Actual Total Time": 0.063,"Actual Rows": 25,"Actual Loops": 3,"Workers": []}]}]}]}]}]}]},"Planning Time": 11.933,"Triggers": [],"Execution Time": 2562.804}]
[{"Plan": {"Node Type": "Aggregate","Strategy": "Sorted","Partial Mode": "Finalize","Parallel Aware": false,"Async Capable": false,"Startup Cost": 41381.04,"Total Cost": 41397.45,"Plan Rows": 122,"Plan Width": 168,"Actual Startup Time": 2449.053,"Actual Total Time": 2635.568,"Actual Rows": 175,"Actual Loops": 1,"Group Key": ["nation.n_name", "(EXTRACT(year FROM orders.o_orderdate))"],"Plans": [{"Node Type": "Gather Merge","Parent Relationship": "Outer","Parallel Aware": false,"Async Capable": false,"Startup Cost": 41381.04,"Total Cost": 41394.60,"Plan Rows": 102,"Plan Width": 168,"Actual Startup Time": 2447.324,"Actual Total Time": 2635.159,"Actual Rows": 525,"Actual Loops": 1,"Workers Planned": 2,"Workers Launched": 2,"Plans": [{"Node Type": "Aggregate","Strategy": "Sorted","Partial Mode": "Partial","Parent Relationship": "Outer","Parallel Aware": false,"Async Capable": false,"Startup Cost": 40381.01,"Total Cost": 40382.80,"Plan Rows": 51,"Plan Width": 168,"Actual Startup Time": 2331.740,"Actual Total Time": 2482.748,"Actual Rows": 175,"Actual Loops": 3,"Group Key": ["nation.n_name", "(EXTRACT(year FROM orders.o_orderdate))"],"Workers": [],"Plans": [{"Node Type": "Sort","Parent Relationship": "Outer","Parallel Aware": false,"Async Capable": false,"Startup Cost": 40381.01,"Total Cost": 40381.14,"Plan Rows": 51,"Plan Width": 159,"Actual Startup Time": 2331.039,"Actual Total Time": 2387.406,"Actual Rows": 108809,"Actual Loops": 3,"Sort Key": ["nation.n_name", "(EXTRACT(year FROM orders.o_orderdate)) DESC"],"Sort Method": "quicksort","Sort Space Used": 14620,"Sort Space Type": "Memory","Workers": [{"Worker Number": 0,"Sort Method": "quicksort","Sort Space Used": 13545,"Sort Space Type": "Memory"},{"Worker Number": 1,"Sort Method": "quicksort","Sort Space Used": 13555,"Sort Space Type": "Memory"}],"Plans": [{"Node Type": "Hash Join","Parent Relationship": "Outer","Parallel Aware": false,"Async Capable": false,"Join Type": "Inner","Startup Cost": 3.13,"Total Cost": 40379.57,"Plan Rows": 51,"Plan Width": 159,"Actual Startup Time": 0.737,"Actual Total Time": 2187.041,"Actual Rows": 108809,"Actual Loops": 3,"Inner Unique": true,"Hash Cond": "(supplier.s_nationkey = nation.n_nationkey)","Workers": [],"Plans": [{"Node Type": "Nested Loop","Parent Relationship": "Outer","Parallel Aware": false,"Async Capable": false,"Join Type": "Inner","Startup Cost": 1.57,"Total Cost": 40377.72,"Plan Rows": 51,"Plan Width": 31,"Actual Startup Time": 0.552,"Actual Total Time": 2155.488,"Actual Rows": 108809,"Actual Loops": 3,"Inner Unique": true,"Workers": [],"Plans": [{"Node Type": "Nested Loop","Parent Relationship": "Outer","Parallel Aware": false,"Async Capable": false,"Join Type": "Inner","Startup Cost": 1.14,"Total Cost": 40354.00,"Plan Rows": 51,"Plan Width": 31,"Actual Startup Time": 0.419,"Actual Total Time": 1005.505,"Actual Rows": 108809,"Actual Loops": 3,"Inner Unique": true,"Workers": [],"Plans": [{"Node Type": "Nested Loop","Parent Relationship": "Outer","Parallel Aware": false,"Async Capable": false,"Join Type": "Inner","Startup Cost": 0.86,"Total Cost": 40338.56,"Plan Rows": 51,"Plan Width": 35,"Actual Startup Time": 0.336,"Actual Total Time": 819.466,"Actual Rows": 108809,"Actual Loops": 3,"Inner Unique": false,"Workers": [],"Plans": [{"Node Type": "Nested Loop","Parent Relationship": "Outer","Parallel Aware": false,"Async Capable": false,"Join Type": "Inner","Startup Cost": 0.42,"Total Cost": 22456.59,"Plan Rows": 16835,"Plan Width": 18,"Actual Startup Time": 0.212,"Actual Total Time": 113.652,"Actual Rows": 14564,"Actual Loops": 3,"Inner Unique": false,"Workers": [],"Plans": [{"Node Type": "Seq Scan","Parent Relationship": "Outer","Parallel Aware": true,"Async Capable": false,"Relation Name": "part","Alias": "part","Startup Cost": 0.00,"Total Cost": 5138.67,"Plan Rows": 4209,"Plan Width": 4,"Actual Startup Time": 0.070,"Actual Total Time": 47.906,"Actual Rows": 3641,"Actual Loops": 3,"Filter": "((p_name)::text ~~ '%violet%'::text)","Rows Removed by Filter": 63026,"Workers": []},{"Node Type": "Index Scan","Parent Relationship": "Inner","Parallel Aware": false,"Async Capable": false,"Scan Direction": "Forward","Index Name": "idx_partsupp_partkey","Relation Name": "partsupp","Alias": "partsupp","Startup Cost": 0.42,"Total Cost": 4.07,"Plan Rows": 4,"Plan Width": 14,"Actual Startup Time": 0.013,"Actual Total Time": 0.017,"Actual Rows": 4,"Actual Loops": 10923,"Index Cond": "(ps_partkey = part.p_partkey)","Rows Removed by Index Recheck": 0,"Workers": []}]},{"Node Type": "Index Scan","Parent Relationship": "Inner","Parallel Aware": false,"Async Capable": false,"Scan Direction": "Forward","Index Name": "idx_lineitem_part_supp","Relation Name": "lineitem","Alias": "lineitem","Startup Cost": 0.43,"Total Cost": 1.05,"Plan Rows": 1,"Plan Width": 29,"Actual Startup Time": 0.007,"Actual Total Time": 0.047,"Actual Rows": 7,"Actual Loops": 43692,"Index Cond": "((l_partkey = partsupp.ps_partkey) AND (l_suppkey = partsupp.ps_suppkey))","Rows Removed by Index Recheck": 0,"Workers": []}]},{"Node Type": "Index Scan","Parent Relationship": "Inner","Parallel Aware": false,"Async Capable": false,"Scan Direction": "Forward","Index Name": "supplier_pkey","Relation Name": "supplier","Alias": "supplier","Startup Cost": 0.29,"Total Cost": 0.30,"Plan Rows": 1,"Plan Width": 8,"Actual Startup Time": 0.001,"Actual Total Time": 0.001,"Actual Rows": 1,"Actual Loops": 326428,"Index Cond": "(s_suppkey = lineitem.l_suppkey)","Rows Removed by Index Recheck": 0,"Workers": []}]},{"Node Type": "Index Scan","Parent Relationship": "Inner","Parallel Aware": false,"Async Capable": false,"Scan Direction": "Forward","Index Name": "orders_pkey","Relation Name": "orders","Alias": "orders","Startup Cost": 0.43,"Total Cost": 0.47,"Plan Rows": 1,"Plan Width": 8,"Actual Startup Time": 0.010,"Actual Total Time": 0.010,"Actual Rows": 1,"Actual Loops": 326428,"Index Cond": "(o_orderkey = lineitem.l_orderkey)","Rows Removed by Index Recheck": 0,"Workers": []}]},{"Node Type": "Hash","Parent Relationship": "Inner","Parallel Aware": false,"Async Capable": false,"Startup Cost": 1.25,"Total Cost": 1.25,"Plan Rows": 25,"Plan Width": 108,"Actual Startup Time": 0.086,"Actual Total Time": 0.097,"Actual Rows": 25,"Actual Loops": 3,"Hash Buckets": 1024,"Original Hash Buckets": 1024,"Hash Batches": 1,"Original Hash Batches": 1,"Peak Memory Usage": 10,"Workers": [],"Plans": [{"Node Type": "Seq Scan","Parent Relationship": "Outer","Parallel Aware": false,"Async Capable": false,"Relation Name": "nation","Alias": "nation","Startup Cost": 0.00,"Total Cost": 1.25,"Plan Rows": 25,"Plan Width": 108,"Actual Startup Time": 0.055,"Actual Total Time": 0.061,"Actual Rows": 25,"Actual Loops": 3,"Workers": []}]}]}]}]}]}]},"Planning Time": 11.985,"Triggers": [],"Execution Time": 2638.417}]
[{"Plan": {"Node Type": "Aggregate","Strategy": "Sorted","Partial Mode": "Finalize","Parallel Aware": false,"Async Capable": false,"Startup Cost": 41381.04,"Total Cost": 41397.45,"Plan Rows": 122,"Plan Width": 168,"Actual Startup Time": 2398.876,"Actual Total Time": 2534.179,"Actual Rows": 175,"Actual Loops": 1,"Group Key": ["nation.n_name", "(EXTRACT(year FROM orders.o_orderdate))"],"Plans": [{"Node Type": "Gather Merge","Parent Relationship": "Outer","Parallel Aware": false,"Async Capable": false,"Startup Cost": 41381.04,"Total Cost": 41394.60,"Plan Rows": 102,"Plan Width": 168,"Actual Startup Time": 2396.898,"Actual Total Time": 2533.741,"Actual Rows": 525,"Actual Loops": 1,"Workers Planned": 2,"Workers Launched": 2,"Plans": [{"Node Type": "Aggregate","Strategy": "Sorted","Partial Mode": "Partial","Parent Relationship": "Outer","Parallel Aware": false,"Async Capable": false,"Startup Cost": 40381.01,"Total Cost": 40382.80,"Plan Rows": 51,"Plan Width": 168,"Actual Startup Time": 2301.409,"Actual Total Time": 2413.967,"Actual Rows": 175,"Actual Loops": 3,"Group Key": ["nation.n_name", "(EXTRACT(year FROM orders.o_orderdate))"],"Workers": [],"Plans": [{"Node Type": "Sort","Parent Relationship": "Outer","Parallel Aware": false,"Async Capable": false,"Startup Cost": 40381.01,"Total Cost": 40381.14,"Plan Rows": 51,"Plan Width": 159,"Actual Startup Time": 2300.764,"Actual Total Time": 2336.333,"Actual Rows": 108510,"Actual Loops": 3,"Sort Key": ["nation.n_name", "(EXTRACT(year FROM orders.o_orderdate)) DESC"],"Sort Method": "quicksort","Sort Space Used": 13476,"Sort Space Type": "Memory","Workers": [{"Worker Number": 0,"Sort Method": "quicksort","Sort Space Used": 13859,"Sort Space Type": "Memory"},{"Worker Number": 1,"Sort Method": "quicksort","Sort Space Used": 14299,"Sort Space Type": "Memory"}],"Plans": [{"Node Type": "Hash Join","Parent Relationship": "Outer","Parallel Aware": false,"Async Capable": false,"Join Type": "Inner","Startup Cost": 3.13,"Total Cost": 40379.57,"Plan Rows": 51,"Plan Width": 159,"Actual Startup Time": 0.700,"Actual Total Time": 2152.971,"Actual Rows": 108510,"Actual Loops": 3,"Inner Unique": true,"Hash Cond": "(supplier.s_nationkey = nation.n_nationkey)","Workers": [],"Plans": [{"Node Type": "Nested Loop","Parent Relationship": "Outer","Parallel Aware": false,"Async Capable": false,"Join Type": "Inner","Startup Cost": 1.57,"Total Cost": 40377.72,"Plan Rows": 51,"Plan Width": 31,"Actual Startup Time": 0.518,"Actual Total Time": 2121.953,"Actual Rows": 108510,"Actual Loops": 3,"Inner Unique": true,"Workers": [],"Plans": [{"Node Type": "Nested Loop","Parent Relationship": "Outer","Parallel Aware": false,"Async Capable": false,"Join Type": "Inner","Startup Cost": 1.14,"Total Cost": 40354.00,"Plan Rows": 51,"Plan Width": 31,"Actual Startup Time": 0.387,"Actual Total Time": 985.533,"Actual Rows": 108510,"Actual Loops": 3,"Inner Unique": true,"Workers": [],"Plans": [{"Node Type": "Nested Loop","Parent Relationship": "Outer","Parallel Aware": false,"Async Capable": false,"Join Type": "Inner","Startup Cost": 0.86,"Total Cost": 40338.56,"Plan Rows": 51,"Plan Width": 35,"Actual Startup Time": 0.285,"Actual Total Time": 801.596,"Actual Rows": 108510,"Actual Loops": 3,"Inner Unique": false,"Workers": [],"Plans": [{"Node Type": "Nested Loop","Parent Relationship": "Outer","Parallel Aware": false,"Async Capable": false,"Join Type": "Inner","Startup Cost": 0.42,"Total Cost": 22456.59,"Plan Rows": 16835,"Plan Width": 18,"Actual Startup Time": 0.166,"Actual Total Time": 117.519,"Actual Rows": 14491,"Actual Loops": 3,"Inner Unique": false,"Workers": [],"Plans": [{"Node Type": "Seq Scan","Parent Relationship": "Outer","Parallel Aware": true,"Async Capable": false,"Relation Name": "part","Alias": "part","Startup Cost": 0.00,"Total Cost": 5138.67,"Plan Rows": 4209,"Plan Width": 4,"Actual Startup Time": 0.049,"Actual Total Time": 50.202,"Actual Rows": 3623,"Actual Loops": 3,"Filter": "((p_name)::text ~~ '%bisque%'::text)","Rows Removed by Filter": 63044,"Workers": []},{"Node Type": "Index Scan","Parent Relationship": "Inner","Parallel Aware": false,"Async Capable": false,"Scan Direction": "Forward","Index Name": "idx_partsupp_partkey","Relation Name": "partsupp","Alias": "partsupp","Startup Cost": 0.42,"Total Cost": 4.07,"Plan Rows": 4,"Plan Width": 14,"Actual Startup Time": 0.014,"Actual Total Time": 0.018,"Actual Rows": 4,"Actual Loops": 10868,"Index Cond": "(ps_partkey = part.p_partkey)","Rows Removed by Index Recheck": 0,"Workers": []}]},{"Node Type": "Index Scan","Parent Relationship": "Inner","Parallel Aware": false,"Async Capable": false,"Scan Direction": "Forward","Index Name": "idx_lineitem_part_supp","Relation Name": "lineitem","Alias": "lineitem","Startup Cost": 0.43,"Total Cost": 1.05,"Plan Rows": 1,"Plan Width": 29,"Actual Startup Time": 0.007,"Actual Total Time": 0.046,"Actual Rows": 7,"Actual Loops": 43472,"Index Cond": "((l_partkey = partsupp.ps_partkey) AND (l_suppkey = partsupp.ps_suppkey))","Rows Removed by Index Recheck": 0,"Workers": []}]},{"Node Type": "Index Scan","Parent Relationship": "Inner","Parallel Aware": false,"Async Capable": false,"Scan Direction": "Forward","Index Name": "supplier_pkey","Relation Name": "supplier","Alias": "supplier","Startup Cost": 0.29,"Total Cost": 0.30,"Plan Rows": 1,"Plan Width": 8,"Actual Startup Time": 0.001,"Actual Total Time": 0.001,"Actual Rows": 1,"Actual Loops": 325530,"Index Cond": "(s_suppkey = lineitem.l_suppkey)","Rows Removed by Index Recheck": 0,"Workers": []}]},{"Node Type": "Index Scan","Parent Relationship": "Inner","Parallel Aware": false,"Async Capable": false,"Scan Direction": "Forward","Index Name": "orders_pkey","Relation Name": "orders","Alias": "orders","Startup Cost": 0.43,"Total Cost": 0.47,"Plan Rows": 1,"Plan Width": 8,"Actual Startup Time": 0.010,"Actual Total Time": 0.010,"Actual Rows": 1,"Actual Loops": 325530,"Index Cond": "(o_orderkey = lineitem.l_orderkey)","Rows Removed by Index Recheck": 0,"Workers": []}]},{"Node Type": "Hash","Parent Relationship": "Inner","Parallel Aware": false,"Async Capable": false,"Startup Cost": 1.25,"Total Cost": 1.25,"Plan Rows": 25,"Plan Width": 108,"Actual Startup Time": 0.079,"Actual Total Time": 0.096,"Actual Rows": 25,"Actual Loops": 3,"Hash Buckets": 1024,"Original Hash Buckets": 1024,"Hash Batches": 1,"Original Hash Batches": 1,"Peak Memory Usage": 10,"Workers": [],"Plans": [{"Node Type": "Seq Scan","Parent Relationship": "Outer","Parallel Aware": false,"Async Capable": false,"Relation Name": "nation","Alias": "nation","Startup Cost": 0.00,"Total Cost": 1.25,"Plan Rows": 25,"Plan Width": 108,"Actual Startup Time": 0.047,"Actual Total Time": 0.061,"Actual Rows": 25,"Actual Loops": 3,"Workers": []}]}]}]}]}]}]},"Planning Time": 12.274,"Triggers": [],"Execution Time": 2537.205}]
[{"Plan": {"Node Type": "Aggregate","Strategy": "Sorted","Partial Mode": "Finalize","Parallel Aware": false,"Async Capable": false,"Startup Cost": 47355.08,"Total Cost": 47374.71,"Plan Rows": 146,"Plan Width": 168,"Actual Startup Time": 2429.119,"Actual Total Time": 2605.321,"Actual Rows": 175,"Actual Loops": 1,"Group Key": ["nation.n_name", "(EXTRACT(year FROM orders.o_orderdate))"],"Plans": [{"Node Type": "Gather Merge","Parent Relationship": "Outer","Parallel Aware": false,"Async Capable": false,"Startup Cost": 47355.08,"Total Cost": 47371.30,"Plan Rows": 122,"Plan Width": 168,"Actual Startup Time": 2426.906,"Actual Total Time": 2604.867,"Actual Rows": 525,"Actual Loops": 1,"Workers Planned": 2,"Workers Launched": 2,"Plans": [{"Node Type": "Aggregate","Strategy": "Sorted","Partial Mode": "Partial","Parent Relationship": "Outer","Parallel Aware": false,"Async Capable": false,"Startup Cost": 46355.06,"Total Cost": 46357.20,"Plan Rows": 61,"Plan Width": 168,"Actual Startup Time": 2315.501,"Actual Total Time": 2444.657,"Actual Rows": 175,"Actual Loops": 3,"Group Key": ["nation.n_name", "(EXTRACT(year FROM orders.o_orderdate))"],"Workers": [],"Plans": [{"Node Type": "Sort","Parent Relationship": "Outer","Parallel Aware": false,"Async Capable": false,"Startup Cost": 46355.06,"Total Cost": 46355.21,"Plan Rows": 61,"Plan Width": 159,"Actual Startup Time": 2314.736,"Actual Total Time": 2357.989,"Actual Rows": 110203,"Actual Loops": 3,"Sort Key": ["nation.n_name", "(EXTRACT(year FROM orders.o_orderdate)) DESC"],"Sort Method": "quicksort","Sort Space Used": 13700,"Sort Space Type": "Memory","Workers": [{"Worker Number": 0,"Sort Method": "quicksort","Sort Space Used": 14285,"Sort Space Type": "Memory"},{"Worker Number": 1,"Sort Method": "quicksort","Sort Space Used": 14149,"Sort Space Type": "Memory"}],"Plans": [{"Node Type": "Hash Join","Parent Relationship": "Outer","Parallel Aware": false,"Async Capable": false,"Join Type": "Inner","Startup Cost": 3.13,"Total Cost": 46353.25,"Plan Rows": 61,"Plan Width": 159,"Actual Startup Time": 0.743,"Actual Total Time": 2163.601,"Actual Rows": 110203,"Actual Loops": 3,"Inner Unique": true,"Hash Cond": "(supplier.s_nationkey = nation.n_nationkey)","Workers": [],"Plans": [{"Node Type": "Nested Loop","Parent Relationship": "Outer","Parallel Aware": false,"Async Capable": false,"Join Type": "Inner","Startup Cost": 1.57,"Total Cost": 46351.35,"Plan Rows": 61,"Plan Width": 31,"Actual Startup Time": 0.555,"Actual Total Time": 2131.653,"Actual Rows": 110203,"Actual Loops": 3,"Inner Unique": true,"Workers": [],"Plans": [{"Node Type": "Nested Loop","Parent Relationship": "Outer","Parallel Aware": false,"Async Capable": false,"Join Type": "Inner","Startup Cost": 1.14,"Total Cost": 46322.98,"Plan Rows": 61,"Plan Width": 31,"Actual Startup Time": 0.406,"Actual Total Time": 971.169,"Actual Rows": 110203,"Actual Loops": 3,"Inner Unique": true,"Workers": [],"Plans": [{"Node Type": "Nested Loop","Parent Relationship": "Outer","Parallel Aware": false,"Async Capable": false,"Join Type": "Inner","Startup Cost": 0.86,"Total Cost": 46304.52,"Plan Rows": 61,"Plan Width": 35,"Actual Startup Time": 0.318,"Actual Total Time": 787.632,"Actual Rows": 110203,"Actual Loops": 3,"Inner Unique": false,"Workers": [],"Plans": [{"Node Type": "Nested Loop","Parent Relationship": "Outer","Parallel Aware": false,"Async Capable": false,"Join Type": "Inner","Startup Cost": 0.42,"Total Cost": 24846.16,"Plan Rows": 20202,"Plan Width": 18,"Actual Startup Time": 0.175,"Actual Total Time": 114.625,"Actual Rows": 14656,"Actual Loops": 3,"Inner Unique": false,"Workers": [],"Plans": [{"Node Type": "Seq Scan","Parent Relationship": "Outer","Parallel Aware": true,"Async Capable": false,"Relation Name": "part","Alias": "part","Startup Cost": 0.00,"Total Cost": 5138.67,"Plan Rows": 5051,"Plan Width": 4,"Actual Startup Time": 0.052,"Actual Total Time": 48.288,"Actual Rows": 3664,"Actual Loops": 3,"Filter": "((p_name)::text ~~ '%yellow%'::text)","Rows Removed by Filter": 63003,"Workers": []},{"Node Type": "Index Scan","Parent Relationship": "Inner","Parallel Aware": false,"Async Capable": false,"Scan Direction": "Forward","Index Name": "idx_partsupp_partkey","Relation Name": "partsupp","Alias": "partsupp","Startup Cost": 0.42,"Total Cost": 3.86,"Plan Rows": 4,"Plan Width": 14,"Actual Startup Time": 0.014,"Actual Total Time": 0.017,"Actual Rows": 4,"Actual Loops": 10992,"Index Cond": "(ps_partkey = part.p_partkey)","Rows Removed by Index Recheck": 0,"Workers": []}]},{"Node Type": "Index Scan","Parent Relationship": "Inner","Parallel Aware": false,"Async Capable": false,"Scan Direction": "Forward","Index Name": "idx_lineitem_part_supp","Relation Name": "lineitem","Alias": "lineitem","Startup Cost": 0.43,"Total Cost": 1.05,"Plan Rows": 1,"Plan Width": 29,"Actual Startup Time": 0.007,"Actual Total Time": 0.044,"Actual Rows": 8,"Actual Loops": 43968,"Index Cond": "((l_partkey = partsupp.ps_partkey) AND (l_suppkey = partsupp.ps_suppkey))","Rows Removed by Index Recheck": 0,"Workers": []}]},{"Node Type": "Index Scan","Parent Relationship": "Inner","Parallel Aware": false,"Async Capable": false,"Scan Direction": "Forward","Index Name": "supplier_pkey","Relation Name": "supplier","Alias": "supplier","Startup Cost": 0.29,"Total Cost": 0.30,"Plan Rows": 1,"Plan Width": 8,"Actual Startup Time": 0.001,"Actual Total Time": 0.001,"Actual Rows": 1,"Actual Loops": 330610,"Index Cond": "(s_suppkey = lineitem.l_suppkey)","Rows Removed by Index Recheck": 0,"Workers": []}]},{"Node Type": "Index Scan","Parent Relationship": "Inner","Parallel Aware": false,"Async Capable": false,"Scan Direction": "Forward","Index Name": "orders_pkey","Relation Name": "orders","Alias": "orders","Startup Cost": 0.43,"Total Cost": 0.47,"Plan Rows": 1,"Plan Width": 8,"Actual Startup Time": 0.010,"Actual Total Time": 0.010,"Actual Rows": 1,"Actual Loops": 330610,"Index Cond": "(o_orderkey = lineitem.l_orderkey)","Rows Removed by Index Recheck": 0,"Workers": []}]},{"Node Type": "Hash","Parent Relationship": "Inner","Parallel Aware": false,"Async Capable": false,"Startup Cost": 1.25,"Total Cost": 1.25,"Plan Rows": 25,"Plan Width": 108,"Actual Startup Time": 0.078,"Actual Total Time": 0.087,"Actual Rows": 25,"Actual Loops": 3,"Hash Buckets": 1024,"Original Hash Buckets": 1024,"Hash Batches": 1,"Original Hash Batches": 1,"Peak Memory Usage": 10,"Workers": [],"Plans": [{"Node Type": "Seq Scan","Parent Relationship": "Outer","Parallel Aware": false,"Async Capable": false,"Relation Name": "nation","Alias": "nation","Startup Cost": 0.00,"Total Cost": 1.25,"Plan Rows": 25,"Plan Width": 108,"Actual Startup Time": 0.049,"Actual Total Time": 0.055,"Actual Rows": 25,"Actual Loops": 3,"Workers": []}]}]}]}]}]}]},"Planning Time": 11.548,"Triggers": [],"Execution Time": 2608.833}]
[{"Plan": {"Node Type": "Aggregate","Strategy": "Sorted","Partial Mode": "Finalize","Parallel Aware": false,"Async Capable": false,"Startup Cost": 35224.41,"Total Cost": 35237.30,"Plan Rows": 97,"Plan Width": 168,"Actual Startup Time": 2410.163,"Actual Total Time": 2573.719,"Actual Rows": 175,"Actual Loops": 1,"Group Key": ["nation.n_name", "(EXTRACT(year FROM orders.o_orderdate))"],"Plans": [{"Node Type": "Gather Merge","Parent Relationship": "Outer","Parallel Aware": false,"Async Capable": false,"Startup Cost": 35224.41,"Total Cost": 35235.05,"Plan Rows": 80,"Plan Width": 168,"Actual Startup Time": 2408.338,"Actual Total Time": 2573.326,"Actual Rows": 525,"Actual Loops": 1,"Workers Planned": 2,"Workers Launched": 2,"Plans": [{"Node Type": "Aggregate","Strategy": "Sorted","Partial Mode": "Partial","Parent Relationship": "Outer","Parallel Aware": false,"Async Capable": false,"Startup Cost": 34224.39,"Total Cost": 34225.79,"Plan Rows": 40,"Plan Width": 168,"Actual Startup Time": 2302.691,"Actual Total Time": 2428.274,"Actual Rows": 175,"Actual Loops": 3,"Group Key": ["nation.n_name", "(EXTRACT(year FROM orders.o_orderdate))"],"Workers": [],"Plans": [{"Node Type": "Sort","Parent Relationship": "Outer","Parallel Aware": false,"Async Capable": false,"Startup Cost": 34224.39,"Total Cost": 34224.49,"Plan Rows": 40,"Plan Width": 159,"Actual Startup Time": 2302.042,"Actual Total Time": 2344.248,"Actual Rows": 109402,"Actual Loops": 3,"Sort Key": ["nation.n_name", "(EXTRACT(year FROM orders.o_orderdate)) DESC"],"Sort Method": "quicksort","Sort Space Used": 13601,"Sort Space Type": "Memory","Workers": [{"Worker Number": 0,"Sort Method": "quicksort","Sort Space Used": 14189,"Sort Space Type": "Memory"},{"Worker Number": 1,"Sort Method": "quicksort","Sort Space Used": 14107,"Sort Space Type": "Memory"}],"Plans": [{"Node Type": "Hash Join","Parent Relationship": "Outer","Parallel Aware": false,"Async Capable": false,"Join Type": "Inner","Startup Cost": 3.13,"Total Cost": 34223.32,"Plan Rows": 40,"Plan Width": 159,"Actual Startup Time": 0.735,"Actual Total Time": 2152.784,"Actual Rows": 109402,"Actual Loops": 3,"Inner Unique": true,"Hash Cond": "(supplier.s_nationkey = nation.n_nationkey)","Workers": [],"Plans": [{"Node Type": "Nested Loop","Parent Relationship": "Outer","Parallel Aware": false,"Async Capable": false,"Join Type": "Inner","Startup Cost": 1.57,"Total Cost": 34221.53,"Plan Rows": 40,"Plan Width": 31,"Actual Startup Time": 0.544,"Actual Total Time": 2120.427,"Actual Rows": 109402,"Actual Loops": 3,"Inner Unique": true,"Workers": [],"Plans": [{"Node Type": "Nested Loop","Parent Relationship": "Outer","Parallel Aware": false,"Async Capable": false,"Join Type": "Inner","Startup Cost": 1.14,"Total Cost": 34202.93,"Plan Rows": 40,"Plan Width": 31,"Actual Startup Time": 0.416,"Actual Total Time": 988.040,"Actual Rows": 109402,"Actual Loops": 3,"Inner Unique": true,"Workers": [],"Plans": [{"Node Type": "Nested Loop","Parent Relationship": "Outer","Parallel Aware": false,"Async Capable": false,"Join Type": "Inner","Startup Cost": 0.86,"Total Cost": 34190.82,"Plan Rows": 40,"Plan Width": 35,"Actual Startup Time": 0.319,"Actual Total Time": 803.042,"Actual Rows": 109402,"Actual Loops": 3,"Inner Unique": false,"Workers": [],"Plans": [{"Node Type": "Nested Loop","Parent Relationship": "Outer","Parallel Aware": false,"Async Capable": false,"Join Type": "Inner","Startup Cost": 0.42,"Total Cost": 19885.25,"Plan Rows": 13468,"Plan Width": 18,"Actual Startup Time": 0.207,"Actual Total Time": 118.633,"Actual Rows": 14617,"Actual Loops": 3,"Inner Unique": false,"Workers": [],"Plans": [{"Node Type": "Seq Scan","Parent Relationship": "Outer","Parallel Aware": true,"Async Capable": false,"Relation Name": "part","Alias": "part","Startup Cost": 0.00,"Total Cost": 5138.67,"Plan Rows": 3367,"Plan Width": 4,"Actual Startup Time": 0.078,"Actual Total Time": 50.998,"Actual Rows": 3654,"Actual Loops": 3,"Filter": "((p_name)::text ~~ '%misty%'::text)","Rows Removed by Filter": 63012,"Workers": []},{"Node Type": "Index Scan","Parent Relationship": "Inner","Parallel Aware": false,"Async Capable": false,"Scan Direction": "Forward","Index Name": "idx_partsupp_partkey","Relation Name": "partsupp","Alias": "partsupp","Startup Cost": 0.42,"Total Cost": 4.34,"Plan Rows": 4,"Plan Width": 14,"Actual Startup Time": 0.014,"Actual Total Time": 0.018,"Actual Rows": 4,"Actual Loops": 10963,"Index Cond": "(ps_partkey = part.p_partkey)","Rows Removed by Index Recheck": 0,"Workers": []}]},{"Node Type": "Index Scan","Parent Relationship": "Inner","Parallel Aware": false,"Async Capable": false,"Scan Direction": "Forward","Index Name": "idx_lineitem_part_supp","Relation Name": "lineitem","Alias": "lineitem","Startup Cost": 0.43,"Total Cost": 1.05,"Plan Rows": 1,"Plan Width": 29,"Actual Startup Time": 0.007,"Actual Total Time": 0.045,"Actual Rows": 7,"Actual Loops": 43852,"Index Cond": "((l_partkey = partsupp.ps_partkey) AND (l_suppkey = partsupp.ps_suppkey))","Rows Removed by Index Recheck": 0,"Workers": []}]},{"Node Type": "Index Scan","Parent Relationship": "Inner","Parallel Aware": false,"Async Capable": false,"Scan Direction": "Forward","Index Name": "supplier_pkey","Relation Name": "supplier","Alias": "supplier","Startup Cost": 0.29,"Total Cost": 0.30,"Plan Rows": 1,"Plan Width": 8,"Actual Startup Time": 0.001,"Actual Total Time": 0.001,"Actual Rows": 1,"Actual Loops": 328206,"Index Cond": "(s_suppkey = lineitem.l_suppkey)","Rows Removed by Index Recheck": 0,"Workers": []}]},{"Node Type": "Index Scan","Parent Relationship": "Inner","Parallel Aware": false,"Async Capable": false,"Scan Direction": "Forward","Index Name": "orders_pkey","Relation Name": "orders","Alias": "orders","Startup Cost": 0.43,"Total Cost": 0.47,"Plan Rows": 1,"Plan Width": 8,"Actual Startup Time": 0.010,"Actual Total Time": 0.010,"Actual Rows": 1,"Actual Loops": 328206,"Index Cond": "(o_orderkey = lineitem.l_orderkey)","Rows Removed by Index Recheck": 0,"Workers": []}]},{"Node Type": "Hash","Parent Relationship": "Inner","Parallel Aware": false,"Async Capable": false,"Startup Cost": 1.25,"Total Cost": 1.25,"Plan Rows": 25,"Plan Width": 108,"Actual Startup Time": 0.086,"Actual Total Time": 0.092,"Actual Rows": 25,"Actual Loops": 3,"Hash Buckets": 1024,"Original Hash Buckets": 1024,"Hash Batches": 1,"Original Hash Batches": 1,"Peak Memory Usage": 10,"Workers": [],"Plans": [{"Node Type": "Seq Scan","Parent Relationship": "Outer","Parallel Aware": false,"Async Capable": false,"Relation Name": "nation","Alias": "nation","Startup Cost": 0.00,"Total Cost": 1.25,"Plan Rows": 25,"Plan Width": 108,"Actual Startup Time": 0.060,"Actual Total Time": 0.066,"Actual Rows": 25,"Actual Loops": 3,"Workers": []}]}]}]}]}]}]},"Planning Time": 12.091,"Triggers": [],"Execution Time": 2576.214}]
[{"Plan": {"Node Type": "Aggregate","Strategy": "Sorted","Partial Mode": "Finalize","Parallel Aware": false,"Async Capable": false,"Startup Cost": 41381.04,"Total Cost": 41397.45,"Plan Rows": 122,"Plan Width": 168,"Actual Startup Time": 2461.783,"Actual Total Time": 2561.451,"Actual Rows": 175,"Actual Loops": 1,"Group Key": ["nation.n_name", "(EXTRACT(year FROM orders.o_orderdate))"],"Plans": [{"Node Type": "Gather Merge","Parent Relationship": "Outer","Parallel Aware": false,"Async Capable": false,"Startup Cost": 41381.04,"Total Cost": 41394.60,"Plan Rows": 102,"Plan Width": 168,"Actual Startup Time": 2460.110,"Actual Total Time": 2561.065,"Actual Rows": 525,"Actual Loops": 1,"Workers Planned": 2,"Workers Launched": 2,"Plans": [{"Node Type": "Aggregate","Strategy": "Sorted","Partial Mode": "Partial","Parent Relationship": "Outer","Parallel Aware": false,"Async Capable": false,"Startup Cost": 40381.01,"Total Cost": 40382.80,"Plan Rows": 51,"Plan Width": 168,"Actual Startup Time": 2353.201,"Actual Total Time": 2477.575,"Actual Rows": 175,"Actual Loops": 3,"Group Key": ["nation.n_name", "(EXTRACT(year FROM orders.o_orderdate))"],"Workers": [],"Plans": [{"Node Type": "Sort","Parent Relationship": "Outer","Parallel Aware": false,"Async Capable": false,"Startup Cost": 40381.01,"Total Cost": 40381.14,"Plan Rows": 51,"Plan Width": 159,"Actual Startup Time": 2352.548,"Actual Total Time": 2393.649,"Actual Rows": 110237,"Actual Loops": 3,"Sort Key": ["nation.n_name", "(EXTRACT(year FROM orders.o_orderdate)) DESC"],"Sort Method": "quicksort","Sort Space Used": 14774,"Sort Space Type": "Memory","Workers": [{"Worker Number": 0,"Sort Method": "quicksort","Sort Space Used": 13660,"Sort Space Type": "Memory"},{"Worker Number": 1,"Sort Method": "quicksort","Sort Space Used": 13719,"Sort Space Type": "Memory"}],"Plans": [{"Node Type": "Hash Join","Parent Relationship": "Outer","Parallel Aware": false,"Async Capable": false,"Join Type": "Inner","Startup Cost": 3.13,"Total Cost": 40379.57,"Plan Rows": 51,"Plan Width": 159,"Actual Startup Time": 0.791,"Actual Total Time": 2209.520,"Actual Rows": 110237,"Actual Loops": 3,"Inner Unique": true,"Hash Cond": "(supplier.s_nationkey = nation.n_nationkey)","Workers": [],"Plans": [{"Node Type": "Nested Loop","Parent Relationship": "Outer","Parallel Aware": false,"Async Capable": false,"Join Type": "Inner","Startup Cost": 1.57,"Total Cost": 40377.72,"Plan Rows": 51,"Plan Width": 31,"Actual Startup Time": 0.566,"Actual Total Time": 2178.223,"Actual Rows": 110237,"Actual Loops": 3,"Inner Unique": true,"Workers": [],"Plans": [{"Node Type": "Nested Loop","Parent Relationship": "Outer","Parallel Aware": false,"Async Capable": false,"Join Type": "Inner","Startup Cost": 1.14,"Total Cost": 40354.00,"Plan Rows": 51,"Plan Width": 31,"Actual Startup Time": 0.431,"Actual Total Time": 1014.051,"Actual Rows": 110237,"Actual Loops": 3,"Inner Unique": true,"Workers": [],"Plans": [{"Node Type": "Nested Loop","Parent Relationship": "Outer","Parallel Aware": false,"Async Capable": false,"Join Type": "Inner","Startup Cost": 0.86,"Total Cost": 40338.56,"Plan Rows": 51,"Plan Width": 35,"Actual Startup Time": 0.329,"Actual Total Time": 826.349,"Actual Rows": 110237,"Actual Loops": 3,"Inner Unique": false,"Workers": [],"Plans": [{"Node Type": "Nested Loop","Parent Relationship": "Outer","Parallel Aware": false,"Async Capable": false,"Join Type": "Inner","Startup Cost": 0.42,"Total Cost": 22456.59,"Plan Rows": 16835,"Plan Width": 18,"Actual Startup Time": 0.209,"Actual Total Time": 115.054,"Actual Rows": 14685,"Actual Loops": 3,"Inner Unique": false,"Workers": [],"Plans": [{"Node Type": "Seq Scan","Parent Relationship": "Outer","Parallel Aware": true,"Async Capable": false,"Relation Name": "part","Alias": "part","Startup Cost": 0.00,"Total Cost": 5138.67,"Plan Rows": 4209,"Plan Width": 4,"Actual Startup Time": 0.065,"Actual Total Time": 48.853,"Actual Rows": 3671,"Actual Loops": 3,"Filter": "((p_name)::text ~~ '%dodger%'::text)","Rows Removed by Filter": 62995,"Workers": []},{"Node Type": "Index Scan","Parent Relationship": "Inner","Parallel Aware": false,"Async Capable": false,"Scan Direction": "Forward","Index Name": "idx_partsupp_partkey","Relation Name": "partsupp","Alias": "partsupp","Startup Cost": 0.42,"Total Cost": 4.07,"Plan Rows": 4,"Plan Width": 14,"Actual Startup Time": 0.013,"Actual Total Time": 0.017,"Actual Rows": 4,"Actual Loops": 11014,"Index Cond": "(ps_partkey = part.p_partkey)","Rows Removed by Index Recheck": 0,"Workers": []}]},{"Node Type": "Index Scan","Parent Relationship": "Inner","Parallel Aware": false,"Async Capable": false,"Scan Direction": "Forward","Index Name": "idx_lineitem_part_supp","Relation Name": "lineitem","Alias": "lineitem","Startup Cost": 0.43,"Total Cost": 1.05,"Plan Rows": 1,"Plan Width": 29,"Actual Startup Time": 0.007,"Actual Total Time": 0.047,"Actual Rows": 8,"Actual Loops": 44056,"Index Cond": "((l_partkey = partsupp.ps_partkey) AND (l_suppkey = partsupp.ps_suppkey))","Rows Removed by Index Recheck": 0,"Workers": []}]},{"Node Type": "Index Scan","Parent Relationship": "Inner","Parallel Aware": false,"Async Capable": false,"Scan Direction": "Forward","Index Name": "supplier_pkey","Relation Name": "supplier","Alias": "supplier","Startup Cost": 0.29,"Total Cost": 0.30,"Plan Rows": 1,"Plan Width": 8,"Actual Startup Time": 0.001,"Actual Total Time": 0.001,"Actual Rows": 1,"Actual Loops": 330711,"Index Cond": "(s_suppkey = lineitem.l_suppkey)","Rows Removed by Index Recheck": 0,"Workers": []}]},{"Node Type": "Index Scan","Parent Relationship": "Inner","Parallel Aware": false,"Async Capable": false,"Scan Direction": "Forward","Index Name": "orders_pkey","Relation Name": "orders","Alias": "orders","Startup Cost": 0.43,"Total Cost": 0.47,"Plan Rows": 1,"Plan Width": 8,"Actual Startup Time": 0.010,"Actual Total Time": 0.010,"Actual Rows": 1,"Actual Loops": 330711,"Index Cond": "(o_orderkey = lineitem.l_orderkey)","Rows Removed by Index Recheck": 0,"Workers": []}]},{"Node Type": "Hash","Parent Relationship": "Inner","Parallel Aware": false,"Async Capable": false,"Startup Cost": 1.25,"Total Cost": 1.25,"Plan Rows": 25,"Plan Width": 108,"Actual Startup Time": 0.103,"Actual Total Time": 0.113,"Actual Rows": 25,"Actual Loops": 3,"Hash Buckets": 1024,"Original Hash Buckets": 1024,"Hash Batches": 1,"Original Hash Batches": 1,"Peak Memory Usage": 10,"Workers": [],"Plans": [{"Node Type": "Seq Scan","Parent Relationship": "Outer","Parallel Aware": false,"Async Capable": false,"Relation Name": "nation","Alias": "nation","Startup Cost": 0.00,"Total Cost": 1.25,"Plan Rows": 25,"Plan Width": 108,"Actual Startup Time": 0.072,"Actual Total Time": 0.078,"Actual Rows": 25,"Actual Loops": 3,"Workers": []}]}]}]}]}]}]},"Planning Time": 11.577,"Triggers": [],"Execution Time": 2564.419}]
[{"Plan": {"Node Type": "Aggregate","Strategy": "Sorted","Partial Mode": "Finalize","Parallel Aware": false,"Async Capable": false,"Startup Cost": 51920.12,"Total Cost": 51953.05,"Plan Rows": 219,"Plan Width": 168,"Actual Startup Time": 1736.886,"Actual Total Time": 1886.803,"Actual Rows": 175,"Actual Loops": 1,"Group Key": ["nation.n_name", "(EXTRACT(year FROM orders.o_orderdate))"],"Plans": [{"Node Type": "Gather Merge","Parent Relationship": "Outer","Parallel Aware": false,"Async Capable": false,"Startup Cost": 51920.12,"Total Cost": 51947.63,"Plan Rows": 213,"Plan Width": 168,"Actual Startup Time": 1734.752,"Actual Total Time": 1886.193,"Actual Rows": 700,"Actual Loops": 1,"Workers Planned": 3,"Workers Launched": 3,"Plans": [{"Node Type": "Aggregate","Strategy": "Sorted","Partial Mode": "Partial","Parent Relationship": "Outer","Parallel Aware": false,"Async Capable": false,"Startup Cost": 50920.08,"Total Cost": 50922.56,"Plan Rows": 71,"Plan Width": 168,"Actual Startup Time": 1652.291,"Actual Total Time": 1749.811,"Actual Rows": 175,"Actual Loops": 4,"Group Key": ["nation.n_name", "(EXTRACT(year FROM orders.o_orderdate))"],"Workers": [],"Plans": [{"Node Type": "Sort","Parent Relationship": "Outer","Parallel Aware": false,"Async Capable": false,"Startup Cost": 50920.08,"Total Cost": 50920.26,"Plan Rows": 71,"Plan Width": 159,"Actual Startup Time": 1651.742,"Actual Total Time": 1686.315,"Actual Rows": 81570,"Actual Loops": 4,"Sort Key": ["nation.n_name", "(EXTRACT(year FROM orders.o_orderdate)) DESC"],"Sort Method": "quicksort","Sort Space Used": 11359,"Sort Space Type": "Memory","Workers": [{"Worker Number": 0,"Sort Method": "quicksort","Sort Space Used": 11284,"Sort Space Type": "Memory"},{"Worker Number": 1,"Sort Method": "quicksort","Sort Space Used": 11074,"Sort Space Type": "Memory"},{"Worker Number": 2,"Sort Method": "quicksort","Sort Space Used": 11060,"Sort Space Type": "Memory"}],"Plans": [{"Node Type": "Hash Join","Parent Relationship": "Outer","Parallel Aware": false,"Async Capable": false,"Join Type": "Inner","Startup Cost": 5236.07,"Total Cost": 50917.89,"Plan Rows": 71,"Plan Width": 159,"Actual Startup Time": 23.416,"Actual Total Time": 1550.954,"Actual Rows": 81570,"Actual Loops": 4,"Inner Unique": true,"Hash Cond": "(supplier.s_nationkey = nation.n_nationkey)","Workers": [],"Plans": [{"Node Type": "Nested Loop","Parent Relationship": "Outer","Parallel Aware": false,"Async Capable": false,"Join Type": "Inner","Startup Cost": 5234.51,"Total Cost": 50915.94,"Plan Rows": 71,"Plan Width": 31,"Actual Startup Time": 23.259,"Actual Total Time": 1527.695,"Actual Rows": 81570,"Actual Loops": 4,"Inner Unique": true,"Workers": [],"Plans": [{"Node Type": "Nested Loop","Parent Relationship": "Outer","Parallel Aware": false,"Async Capable": false,"Join Type": "Inner","Startup Cost": 5234.08,"Total Cost": 50882.91,"Plan Rows": 71,"Plan Width": 31,"Actual Startup Time": 23.189,"Actual Total Time": 798.846,"Actual Rows": 81570,"Actual Loops": 4,"Inner Unique": true,"Workers": [],"Plans": [{"Node Type": "Nested Loop","Parent Relationship": "Outer","Parallel Aware": false,"Async Capable": false,"Join Type": "Inner","Startup Cost": 5233.80,"Total Cost": 50861.42,"Plan Rows": 71,"Plan Width": 35,"Actual Startup Time": 23.135,"Actual Total Time": 661.971,"Actual Rows": 81570,"Actual Loops": 4,"Inner Unique": false,"Workers": [],"Plans": [{"Node Type": "Hash Join","Parent Relationship": "Outer","Parallel Aware": true,"Async Capable": false,"Join Type": "Inner","Startup Cost": 5233.37,"Total Cost": 25942.44,"Plan Rows": 23460,"Plan Width": 18,"Actual Startup Time": 23.069,"Actual Total Time": 203.690,"Actual Rows": 10893,"Actual Loops": 4,"Inner Unique": true,"Hash Cond": "(partsupp.ps_partkey = part.p_partkey)","Workers": [],"Plans": [{"Node Type": "Seq Scan","Parent Relationship": "Outer","Parallel Aware": true,"Async Capable": false,"Relation Name": "partsupp","Alias": "partsupp","Startup Cost": 0.00,"Total Cost": 20031.65,"Plan Rows": 258065,"Plan Width": 14,"Actual Startup Time": 0.019,"Actual Total Time": 42.732,"Actual Rows": 200000,"Actual Loops": 4,"Workers": []},{"Node Type": "Hash","Parent Relationship": "Inner","Parallel Aware": true,"Async Capable": false,"Startup Cost": 5138.67,"Total Cost": 5138.67,"Plan Rows": 7576,"Plan Width": 4,"Actual Startup Time": 22.827,"Actual Total Time": 22.842,"Actual Rows": 2723,"Actual Loops": 4,"Hash Buckets": 32768,"Original Hash Buckets": 32768,"Hash Batches": 1,"Original Hash Batches": 1,"Peak Memory Usage": 736,"Workers": [],"Plans": [{"Node Type": "Seq Scan","Parent Relationship": "Outer","Parallel Aware": true,"Async Capable": false,"Relation Name": "part","Alias": "part","Startup Cost": 0.00,"Total Cost": 5138.67,"Plan Rows": 7576,"Plan Width": 4,"Actual Startup Time": 0.046,"Actual Total Time": 21.008,"Actual Rows": 2723,"Actual Loops": 4,"Filter": "((p_name)::text ~~ '%lemon%'::text)","Rows Removed by Filter": 47277,"Workers": []}]}]},{"Node Type": "Index Scan","Parent Relationship": "Inner","Parallel Aware": false,"Async Capable": false,"Scan Direction": "Forward","Index Name": "idx_lineitem_part_supp","Relation Name": "lineitem","Alias": "lineitem","Startup Cost": 0.43,"Total Cost": 1.05,"Plan Rows": 1,"Plan Width": 29,"Actual Startup Time": 0.006,"Actual Total Time": 0.041,"Actual Rows": 7,"Actual Loops": 43572,"Index Cond": "((l_partkey = partsupp.ps_partkey) AND (l_suppkey = partsupp.ps_suppkey))","Rows Removed by Index Recheck": 0,"Workers": []}]},{"Node Type": "Index Scan","Parent Relationship": "Inner","Parallel Aware": false,"Async Capable": false,"Scan Direction": "Forward","Index Name": "supplier_pkey","Relation Name": "supplier","Alias": "supplier","Startup Cost": 0.29,"Total Cost": 0.30,"Plan Rows": 1,"Plan Width": 8,"Actual Startup Time": 0.001,"Actual Total Time": 0.001,"Actual Rows": 1,"Actual Loops": 326278,"Index Cond": "(s_suppkey = lineitem.l_suppkey)","Rows Removed by Index Recheck": 0,"Workers": []}]},{"Node Type": "Index Scan","Parent Relationship": "Inner","Parallel Aware": false,"Async Capable": false,"Scan Direction": "Forward","Index Name": "orders_pkey","Relation Name": "orders","Alias": "orders","Startup Cost": 0.43,"Total Cost": 0.47,"Plan Rows": 1,"Plan Width": 8,"Actual Startup Time": 0.009,"Actual Total Time": 0.009,"Actual Rows": 1,"Actual Loops": 326278,"Index Cond": "(o_orderkey = lineitem.l_orderkey)","Rows Removed by Index Recheck": 0,"Workers": []}]},{"Node Type": "Hash","Parent Relationship": "Inner","Parallel Aware": false,"Async Capable": false,"Startup Cost": 1.25,"Total Cost": 1.25,"Plan Rows": 25,"Plan Width": 108,"Actual Startup Time": 0.065,"Actual Total Time": 0.072,"Actual Rows": 25,"Actual Loops": 4,"Hash Buckets": 1024,"Original Hash Buckets": 1024,"Hash Batches": 1,"Original Hash Batches": 1,"Peak Memory Usage": 10,"Workers": [],"Plans": [{"Node Type": "Seq Scan","Parent Relationship": "Outer","Parallel Aware": false,"Async Capable": false,"Relation Name": "nation","Alias": "nation","Startup Cost": 0.00,"Total Cost": 1.25,"Plan Rows": 25,"Plan Width": 108,"Actual Startup Time": 0.043,"Actual Total Time": 0.049,"Actual Rows": 25,"Actual Loops": 4,"Workers": []}]}]}]}]}]}]},"Planning Time": 13.208,"Triggers": [],"Execution Time": 1890.767}]
[{"Plan": {"Node Type": "Aggregate","Strategy": "Sorted","Partial Mode": "Finalize","Parallel Aware": false,"Async Capable": false,"Startup Cost": 46348.90,"Total Cost": 46374.41,"Plan Rows": 170,"Plan Width": 168,"Actual Startup Time": 1758.233,"Actual Total Time": 1875.547,"Actual Rows": 175,"Actual Loops": 1,"Group Key": ["nation.n_name", "(EXTRACT(year FROM orders.o_orderdate))"],"Plans": [{"Node Type": "Gather Merge","Parent Relationship": "Outer","Parallel Aware": false,"Async Capable": false,"Startup Cost": 46348.90,"Total Cost": 46370.21,"Plan Rows": 165,"Plan Width": 168,"Actual Startup Time": 1756.865,"Actual Total Time": 1875.050,"Actual Rows": 700,"Actual Loops": 1,"Workers Planned": 3,"Workers Launched": 3,"Plans": [{"Node Type": "Aggregate","Strategy": "Sorted","Partial Mode": "Partial","Parent Relationship": "Outer","Parallel Aware": false,"Async Capable": false,"Startup Cost": 45348.86,"Total Cost": 45350.79,"Plan Rows": 55,"Plan Width": 168,"Actual Startup Time": 1673.664,"Actual Total Time": 1769.994,"Actual Rows": 175,"Actual Loops": 4,"Group Key": ["nation.n_name", "(EXTRACT(year FROM orders.o_orderdate))"],"Workers": [],"Plans": [{"Node Type": "Sort","Parent Relationship": "Outer","Parallel Aware": false,"Async Capable": false,"Startup Cost": 45348.86,"Total Cost": 45349.00,"Plan Rows": 55,"Plan Width": 159,"Actual Startup Time": 1673.252,"Actual Total Time": 1706.988,"Actual Rows": 83328,"Actual Loops": 4,"Sort Key": ["nation.n_name", "(EXTRACT(year FROM orders.o_orderdate)) DESC"],"Sort Method": "quicksort","Sort Space Used": 11554,"Sort Space Type": "Memory","Workers": [{"Worker Number": 0,"Sort Method": "quicksort","Sort Space Used": 11442,"Sort Space Type": "Memory"},{"Worker Number": 1,"Sort Method": "quicksort","Sort Space Used": 11267,"Sort Space Type": "Memory"},{"Worker Number": 2,"Sort Method": "quicksort","Sort Space Used": 11217,"Sort Space Type": "Memory"}],"Plans": [{"Node Type": "Hash Join","Parent Relationship": "Outer","Parallel Aware": false,"Async Capable": false,"Join Type": "Inner","Startup Cost": 5215.02,"Total Cost": 45347.27,"Plan Rows": 55,"Plan Width": 159,"Actual Startup Time": 21.738,"Actual Total Time": 1570.538,"Actual Rows": 83328,"Actual Loops": 4,"Inner Unique": true,"Hash Cond": "(supplier.s_nationkey = nation.n_nationkey)","Workers": [],"Plans": [{"Node Type": "Nested Loop","Parent Relationship": "Outer","Parallel Aware": false,"Async Capable": false,"Join Type": "Inner","Startup Cost": 5213.46,"Total Cost": 45345.40,"Plan Rows": 55,"Plan Width": 31,"Actual Startup Time": 21.537,"Actual Total Time": 1546.521,"Actual Rows": 83328,"Actual Loops": 4,"Inner Unique": true,"Workers": [],"Plans": [{"Node Type": "Nested Loop","Parent Relationship": "Outer","Parallel Aware": false,"Async Capable": false,"Join Type": "Inner","Startup Cost": 5213.03,"Total Cost": 45319.82,"Plan Rows": 55,"Plan Width": 31,"Actual Startup Time": 21.473,"Actual Total Time": 802.646,"Actual Rows": 83328,"Actual Loops": 4,"Inner Unique": true,"Workers": [],"Plans": [{"Node Type": "Nested Loop","Parent Relationship": "Outer","Parallel Aware": false,"Async Capable": false,"Join Type": "Inner","Startup Cost": 5212.75,"Total Cost": 45303.17,"Plan Rows": 55,"Plan Width": 35,"Actual Startup Time": 21.432,"Actual Total Time": 663.395,"Actual Rows": 83328,"Actual Loops": 4,"Inner Unique": false,"Workers": [],"Plans": [{"Node Type": "Hash Join","Parent Relationship": "Outer","Parallel Aware": true,"Async Capable": false,"Join Type": "Inner","Startup Cost": 5212.32,"Total Cost": 25921.39,"Plan Rows": 18247,"Plan Width": 18,"Actual Startup Time": 21.375,"Actual Total Time": 197.392,"Actual Rows": 11082,"Actual Loops": 4,"Inner Unique": true,"Hash Cond": "(partsupp.ps_partkey = part.p_partkey)","Workers": [],"Plans": [{"Node Type": "Seq Scan","Parent Relationship": "Outer","Parallel Aware": true,"Async Capable": false,"Relation Name": "partsupp","Alias": "partsupp","Startup Cost": 0.00,"Total Cost": 20031.65,"Plan Rows": 258065,"Plan Width": 14,"Actual Startup Time": 0.017,"Actual Total Time": 42.711,"Actual Rows": 200000,"Actual Loops": 4,"Workers": []},{"Node Type": "Hash","Parent Relationship": "Inner","Parallel Aware": true,"Async Capable": false,"Startup Cost": 5138.67,"Total Cost": 5138.67,"Plan Rows": 5892,"Plan Width": 4,"Actual Startup Time": 21.186,"Actual Total Time": 21.198,"Actual Rows": 2770,"Actual Loops": 4,"Hash Buckets": 16384,"Original Hash Buckets": 16384,"Hash Batches": 1,"Original Hash Batches": 1,"Peak Memory Usage": 608,"Workers": [],"Plans": [{"Node Type": "Seq Scan","Parent Relationship": "Outer","Parallel Aware": true,"Async Capable": false,"Relation Name": "part","Alias": "part","Startup Cost": 0.00,"Total Cost": 5138.67,"Plan Rows": 5892,"Plan Width": 4,"Actual Startup Time": 0.056,"Actual Total Time": 19.572,"Actual Rows": 2770,"Actual Loops": 4,"Filter": "((p_name)::text ~~ '%cyan%'::text)","Rows Removed by Filter": 47230,"Workers": []}]}]},{"Node Type": "Index Scan","Parent Relationship": "Inner","Parallel Aware": false,"Async Capable": false,"Scan Direction": "Forward","Index Name": "idx_lineitem_part_supp","Relation Name": "lineitem","Alias": "lineitem","Startup Cost": 0.43,"Total Cost": 1.05,"Plan Rows": 1,"Plan Width": 29,"Actual Startup Time": 0.006,"Actual Total Time": 0.040,"Actual Rows": 8,"Actual Loops": 44328,"Index Cond": "((l_partkey = partsupp.ps_partkey) AND (l_suppkey = partsupp.ps_suppkey))","Rows Removed by Index Recheck": 0,"Workers": []}]},{"Node Type": "Index Scan","Parent Relationship": "Inner","Parallel Aware": false,"Async Capable": false,"Scan Direction": "Forward","Index Name": "supplier_pkey","Relation Name": "supplier","Alias": "supplier","Startup Cost": 0.29,"Total Cost": 0.30,"Plan Rows": 1,"Plan Width": 8,"Actual Startup Time": 0.001,"Actual Total Time": 0.001,"Actual Rows": 1,"Actual Loops": 333310,"Index Cond": "(s_suppkey = lineitem.l_suppkey)","Rows Removed by Index Recheck": 0,"Workers": []}]},{"Node Type": "Index Scan","Parent Relationship": "Inner","Parallel Aware": false,"Async Capable": false,"Scan Direction": "Forward","Index Name": "orders_pkey","Relation Name": "orders","Alias": "orders","Startup Cost": 0.43,"Total Cost": 0.47,"Plan Rows": 1,"Plan Width": 8,"Actual Startup Time": 0.009,"Actual Total Time": 0.009,"Actual Rows": 1,"Actual Loops": 333310,"Index Cond": "(o_orderkey = lineitem.l_orderkey)","Rows Removed by Index Recheck": 0,"Workers": []}]},{"Node Type": "Hash","Parent Relationship": "Inner","Parallel Aware": false,"Async Capable": false,"Startup Cost": 1.25,"Total Cost": 1.25,"Plan Rows": 25,"Plan Width": 108,"Actual Startup Time": 0.090,"Actual Total Time": 0.098,"Actual Rows": 25,"Actual Loops": 4,"Hash Buckets": 1024,"Original Hash Buckets": 1024,"Hash Batches": 1,"Original Hash Batches": 1,"Peak Memory Usage": 10,"Workers": [],"Plans": [{"Node Type": "Seq Scan","Parent Relationship": "Outer","Parallel Aware": false,"Async Capable": false,"Relation Name": "nation","Alias": "nation","Startup Cost": 0.00,"Total Cost": 1.25,"Plan Rows": 25,"Plan Width": 108,"Actual Startup Time": 0.055,"Actual Total Time": 0.063,"Actual Rows": 25,"Actual Loops": 4,"Workers": []}]}]}]}]}]}]},"Planning Time": 12.548,"Triggers": [],"Execution Time": 1876.920}]
[{"Plan": {"Node Type": "Aggregate","Strategy": "Sorted","Partial Mode": "Finalize","Parallel Aware": false,"Async Capable": false,"Startup Cost": 35224.41,"Total Cost": 35237.30,"Plan Rows": 97,"Plan Width": 168,"Actual Startup Time": 2409.386,"Actual Total Time": 2518.760,"Actual Rows": 175,"Actual Loops": 1,"Group Key": ["nation.n_name", "(EXTRACT(year FROM orders.o_orderdate))"],"Plans": [{"Node Type": "Gather Merge","Parent Relationship": "Outer","Parallel Aware": false,"Async Capable": false,"Startup Cost": 35224.41,"Total Cost": 35235.05,"Plan Rows": 80,"Plan Width": 168,"Actual Startup Time": 2407.543,"Actual Total Time": 2518.361,"Actual Rows": 525,"Actual Loops": 1,"Workers Planned": 2,"Workers Launched": 2,"Plans": [{"Node Type": "Aggregate","Strategy": "Sorted","Partial Mode": "Partial","Parent Relationship": "Outer","Parallel Aware": false,"Async Capable": false,"Startup Cost": 34224.39,"Total Cost": 34225.79,"Plan Rows": 40,"Plan Width": 168,"Actual Startup Time": 2318.085,"Actual Total Time": 2437.966,"Actual Rows": 175,"Actual Loops": 3,"Group Key": ["nation.n_name", "(EXTRACT(year FROM orders.o_orderdate))"],"Workers": [],"Plans": [{"Node Type": "Sort","Parent Relationship": "Outer","Parallel Aware": false,"Async Capable": false,"Startup Cost": 34224.39,"Total Cost": 34224.49,"Plan Rows": 40,"Plan Width": 159,"Actual Startup Time": 2317.450,"Actual Total Time": 2356.305,"Actual Rows": 107546,"Actual Loops": 3,"Sort Key": ["nation.n_name", "(EXTRACT(year FROM orders.o_orderdate)) DESC"],"Sort Method": "quicksort","Sort Space Used": 14482,"Sort Space Type": "Memory","Workers": [{"Worker Number": 0,"Sort Method": "quicksort","Sort Space Used": 13456,"Sort Space Type": "Memory"},{"Worker Number": 1,"Sort Method": "quicksort","Sort Space Used": 13404,"Sort Space Type": "Memory"}],"Plans": [{"Node Type": "Hash Join","Parent Relationship": "Outer","Parallel Aware": false,"Async Capable": false,"Join Type": "Inner","Startup Cost": 3.13,"Total Cost": 34223.32,"Plan Rows": 40,"Plan Width": 159,"Actual Startup Time": 0.706,"Actual Total Time": 2173.342,"Actual Rows": 107546,"Actual Loops": 3,"Inner Unique": true,"Hash Cond": "(supplier.s_nationkey = nation.n_nationkey)","Workers": [],"Plans": [{"Node Type": "Nested Loop","Parent Relationship": "Outer","Parallel Aware": false,"Async Capable": false,"Join Type": "Inner","Startup Cost": 1.57,"Total Cost": 34221.53,"Plan Rows": 40,"Plan Width": 31,"Actual Startup Time": 0.527,"Actual Total Time": 2141.873,"Actual Rows": 107546,"Actual Loops": 3,"Inner Unique": true,"Workers": [],"Plans": [{"Node Type": "Nested Loop","Parent Relationship": "Outer","Parallel Aware": false,"Async Capable": false,"Join Type": "Inner","Startup Cost": 1.14,"Total Cost": 34202.93,"Plan Rows": 40,"Plan Width": 31,"Actual Startup Time": 0.392,"Actual Total Time": 1002.144,"Actual Rows": 107546,"Actual Loops": 3,"Inner Unique": true,"Workers": [],"Plans": [{"Node Type": "Nested Loop","Parent Relationship": "Outer","Parallel Aware": false,"Async Capable": false,"Join Type": "Inner","Startup Cost": 0.86,"Total Cost": 34190.82,"Plan Rows": 40,"Plan Width": 35,"Actual Startup Time": 0.311,"Actual Total Time": 818.545,"Actual Rows": 107546,"Actual Loops": 3,"Inner Unique": false,"Workers": [],"Plans": [{"Node Type": "Nested Loop","Parent Relationship": "Outer","Parallel Aware": false,"Async Capable": false,"Join Type": "Inner","Startup Cost": 0.42,"Total Cost": 19885.25,"Plan Rows": 13468,"Plan Width": 18,"Actual Startup Time": 0.196,"Actual Total Time": 115.625,"Actual Rows": 14367,"Actual Loops": 3,"Inner Unique": false,"Workers": [],"Plans": [{"Node Type": "Seq Scan","Parent Relationship": "Outer","Parallel Aware": true,"Async Capable": false,"Relation Name": "part","Alias": "part","Startup Cost": 0.00,"Total Cost": 5138.67,"Plan Rows": 3367,"Plan Width": 4,"Actual Startup Time": 0.047,"Actual Total Time": 50.112,"Actual Rows": 3592,"Actual Loops": 3,"Filter": "((p_name)::text ~~ '%lawn%'::text)","Rows Removed by Filter": 63075,"Workers": []},{"Node Type": "Index Scan","Parent Relationship": "Inner","Parallel Aware": false,"Async Capable": false,"Scan Direction": "Forward","Index Name": "idx_partsupp_partkey","Relation Name": "partsupp","Alias": "partsupp","Startup Cost": 0.42,"Total Cost": 4.34,"Plan Rows": 4,"Plan Width": 14,"Actual Startup Time": 0.014,"Actual Total Time": 0.017,"Actual Rows": 4,"Actual Loops": 10775,"Index Cond": "(ps_partkey = part.p_partkey)","Rows Removed by Index Recheck": 0,"Workers": []}]},{"Node Type": "Index Scan","Parent Relationship": "Inner","Parallel Aware": false,"Async Capable": false,"Scan Direction": "Forward","Index Name": "idx_lineitem_part_supp","Relation Name": "lineitem","Alias": "lineitem","Startup Cost": 0.43,"Total Cost": 1.05,"Plan Rows": 1,"Plan Width": 29,"Actual Startup Time": 0.007,"Actual Total Time": 0.047,"Actual Rows": 7,"Actual Loops": 43100,"Index Cond": "((l_partkey = partsupp.ps_partkey) AND (l_suppkey = partsupp.ps_suppkey))","Rows Removed by Index Recheck": 0,"Workers": []}]},{"Node Type": "Index Scan","Parent Relationship": "Inner","Parallel Aware": false,"Async Capable": false,"Scan Direction": "Forward","Index Name": "supplier_pkey","Relation Name": "supplier","Alias": "supplier","Startup Cost": 0.29,"Total Cost": 0.30,"Plan Rows": 1,"Plan Width": 8,"Actual Startup Time": 0.001,"Actual Total Time": 0.001,"Actual Rows": 1,"Actual Loops": 322637,"Index Cond": "(s_suppkey = lineitem.l_suppkey)","Rows Removed by Index Recheck": 0,"Workers": []}]},{"Node Type": "Index Scan","Parent Relationship": "Inner","Parallel Aware": false,"Async Capable": false,"Scan Direction": "Forward","Index Name": "orders_pkey","Relation Name": "orders","Alias": "orders","Startup Cost": 0.43,"Total Cost": 0.47,"Plan Rows": 1,"Plan Width": 8,"Actual Startup Time": 0.010,"Actual Total Time": 0.010,"Actual Rows": 1,"Actual Loops": 322637,"Index Cond": "(o_orderkey = lineitem.l_orderkey)","Rows Removed by Index Recheck": 0,"Workers": []}]},{"Node Type": "Hash","Parent Relationship": "Inner","Parallel Aware": false,"Async Capable": false,"Startup Cost": 1.25,"Total Cost": 1.25,"Plan Rows": 25,"Plan Width": 108,"Actual Startup Time": 0.078,"Actual Total Time": 0.089,"Actual Rows": 25,"Actual Loops": 3,"Hash Buckets": 1024,"Original Hash Buckets": 1024,"Hash Batches": 1,"Original Hash Batches": 1,"Peak Memory Usage": 10,"Workers": [],"Plans": [{"Node Type": "Seq Scan","Parent Relationship": "Outer","Parallel Aware": false,"Async Capable": false,"Relation Name": "nation","Alias": "nation","Startup Cost": 0.00,"Total Cost": 1.25,"Plan Rows": 25,"Plan Width": 108,"Actual Startup Time": 0.053,"Actual Total Time": 0.059,"Actual Rows": 25,"Actual Loops": 3,"Workers": []}]}]}]}]}]}]},"Planning Time": 11.643,"Triggers": [],"Execution Time": 2520.117}]
[{"Plan": {"Node Type": "Aggregate","Strategy": "Sorted","Partial Mode": "Finalize","Parallel Aware": false,"Async Capable": false,"Startup Cost": 47355.08,"Total Cost": 47374.71,"Plan Rows": 146,"Plan Width": 168,"Actual Startup Time": 2443.124,"Actual Total Time": 2567.006,"Actual Rows": 175,"Actual Loops": 1,"Group Key": ["nation.n_name", "(EXTRACT(year FROM orders.o_orderdate))"],"Plans": [{"Node Type": "Gather Merge","Parent Relationship": "Outer","Parallel Aware": false,"Async Capable": false,"Startup Cost": 47355.08,"Total Cost": 47371.30,"Plan Rows": 122,"Plan Width": 168,"Actual Startup Time": 2441.228,"Actual Total Time": 2566.482,"Actual Rows": 525,"Actual Loops": 1,"Workers Planned": 2,"Workers Launched": 2,"Plans": [{"Node Type": "Aggregate","Strategy": "Sorted","Partial Mode": "Partial","Parent Relationship": "Outer","Parallel Aware": false,"Async Capable": false,"Startup Cost": 46355.06,"Total Cost": 46357.20,"Plan Rows": 61,"Plan Width": 168,"Actual Startup Time": 2336.095,"Actual Total Time": 2466.062,"Actual Rows": 175,"Actual Loops": 3,"Group Key": ["nation.n_name", "(EXTRACT(year FROM orders.o_orderdate))"],"Workers": [],"Plans": [{"Node Type": "Sort","Parent Relationship": "Outer","Parallel Aware": false,"Async Capable": false,"Startup Cost": 46355.06,"Total Cost": 46355.21,"Plan Rows": 61,"Plan Width": 159,"Actual Startup Time": 2335.334,"Actual Total Time": 2379.750,"Actual Rows": 108571,"Actual Loops": 3,"Sort Key": ["nation.n_name", "(EXTRACT(year FROM orders.o_orderdate)) DESC"],"Sort Method": "quicksort","Sort Space Used": 13745,"Sort Space Type": "Memory","Workers": [{"Worker Number": 0,"Sort Method": "quicksort","Sort Space Used": 13992,"Sort Space Type": "Memory"},{"Worker Number": 1,"Sort Method": "quicksort","Sort Space Used": 13911,"Sort Space Type": "Memory"}],"Plans": [{"Node Type": "Hash Join","Parent Relationship": "Outer","Parallel Aware": false,"Async Capable": false,"Join Type": "Inner","Startup Cost": 3.13,"Total Cost": 46353.25,"Plan Rows": 61,"Plan Width": 159,"Actual Startup Time": 0.583,"Actual Total Time": 2178.457,"Actual Rows": 108571,"Actual Loops": 3,"Inner Unique": true,"Hash Cond": "(supplier.s_nationkey = nation.n_nationkey)","Workers": [],"Plans": [{"Node Type": "Nested Loop","Parent Relationship": "Outer","Parallel Aware": false,"Async Capable": false,"Join Type": "Inner","Startup Cost": 1.57,"Total Cost": 46351.35,"Plan Rows": 61,"Plan Width": 31,"Actual Startup Time": 0.425,"Actual Total Time": 2146.635,"Actual Rows": 108571,"Actual Loops": 3,"Inner Unique": true,"Workers": [],"Plans": [{"Node Type": "Nested Loop","Parent Relationship": "Outer","Parallel Aware": false,"Async Capable": false,"Join Type": "Inner","Startup Cost": 1.14,"Total Cost": 46322.98,"Plan Rows": 61,"Plan Width": 31,"Actual Startup Time": 0.334,"Actual Total Time": 993.434,"Actual Rows": 108571,"Actual Loops": 3,"Inner Unique": true,"Workers": [],"Plans": [{"Node Type": "Nested Loop","Parent Relationship": "Outer","Parallel Aware": false,"Async Capable": false,"Join Type": "Inner","Startup Cost": 0.86,"Total Cost": 46304.52,"Plan Rows": 61,"Plan Width": 35,"Actual Startup Time": 0.258,"Actual Total Time": 808.058,"Actual Rows": 108571,"Actual Loops": 3,"Inner Unique": false,"Workers": [],"Plans": [{"Node Type": "Nested Loop","Parent Relationship": "Outer","Parallel Aware": false,"Async Capable": false,"Join Type": "Inner","Startup Cost": 0.42,"Total Cost": 24846.16,"Plan Rows": 20202,"Plan Width": 18,"Actual Startup Time": 0.160,"Actual Total Time": 118.628,"Actual Rows": 14495,"Actual Loops": 3,"Inner Unique": false,"Workers": [],"Plans": [{"Node Type": "Seq Scan","Parent Relationship": "Outer","Parallel Aware": true,"Async Capable": false,"Relation Name": "part","Alias": "part","Startup Cost": 0.00,"Total Cost": 5138.67,"Plan Rows": 5051,"Plan Width": 4,"Actual Startup Time": 0.041,"Actual Total Time": 50.514,"Actual Rows": 3624,"Actual Loops": 3,"Filter": "((p_name)::text ~~ '%blue%'::text)","Rows Removed by Filter": 63043,"Workers": []},{"Node Type": "Index Scan","Parent Relationship": "Inner","Parallel Aware": false,"Async Capable": false,"Scan Direction": "Forward","Index Name": "idx_partsupp_partkey","Relation Name": "partsupp","Alias": "partsupp","Startup Cost": 0.42,"Total Cost": 3.86,"Plan Rows": 4,"Plan Width": 14,"Actual Startup Time": 0.014,"Actual Total Time": 0.018,"Actual Rows": 4,"Actual Loops": 10871,"Index Cond": "(ps_partkey = part.p_partkey)","Rows Removed by Index Recheck": 0,"Workers": []}]},{"Node Type": "Index Scan","Parent Relationship": "Inner","Parallel Aware": false,"Async Capable": false,"Scan Direction": "Forward","Index Name": "idx_lineitem_part_supp","Relation Name": "lineitem","Alias": "lineitem","Startup Cost": 0.43,"Total Cost": 1.05,"Plan Rows": 1,"Plan Width": 29,"Actual Startup Time": 0.007,"Actual Total Time": 0.046,"Actual Rows": 7,"Actual Loops": 43484,"Index Cond": "((l_partkey = partsupp.ps_partkey) AND (l_suppkey = partsupp.ps_suppkey))","Rows Removed by Index Recheck": 0,"Workers": []}]},{"Node Type": "Index Scan","Parent Relationship": "Inner","Parallel Aware": false,"Async Capable": false,"Scan Direction": "Forward","Index Name": "supplier_pkey","Relation Name": "supplier","Alias": "supplier","Startup Cost": 0.29,"Total Cost": 0.30,"Plan Rows": 1,"Plan Width": 8,"Actual Startup Time": 0.001,"Actual Total Time": 0.001,"Actual Rows": 1,"Actual Loops": 325714,"Index Cond": "(s_suppkey = lineitem.l_suppkey)","Rows Removed by Index Recheck": 0,"Workers": []}]},{"Node Type": "Index Scan","Parent Relationship": "Inner","Parallel Aware": false,"Async Capable": false,"Scan Direction": "Forward","Index Name": "orders_pkey","Relation Name": "orders","Alias": "orders","Startup Cost": 0.43,"Total Cost": 0.47,"Plan Rows": 1,"Plan Width": 8,"Actual Startup Time": 0.010,"Actual Total Time": 0.010,"Actual Rows": 1,"Actual Loops": 325714,"Index Cond": "(o_orderkey = lineitem.l_orderkey)","Rows Removed by Index Recheck": 0,"Workers": []}]},{"Node Type": "Hash","Parent Relationship": "Inner","Parallel Aware": false,"Async Capable": false,"Startup Cost": 1.25,"Total Cost": 1.25,"Plan Rows": 25,"Plan Width": 108,"Actual Startup Time": 0.081,"Actual Total Time": 0.113,"Actual Rows": 25,"Actual Loops": 3,"Hash Buckets": 1024,"Original Hash Buckets": 1024,"Hash Batches": 1,"Original Hash Batches": 1,"Peak Memory Usage": 10,"Workers": [],"Plans": [{"Node Type": "Seq Scan","Parent Relationship": "Outer","Parallel Aware": false,"Async Capable": false,"Relation Name": "nation","Alias": "nation","Startup Cost": 0.00,"Total Cost": 1.25,"Plan Rows": 25,"Plan Width": 108,"Actual Startup Time": 0.057,"Actual Total Time": 0.083,"Actual Rows": 25,"Actual Loops": 3,"Workers": []}]}]}]}]}]}]},"Planning Time": 11.752,"Triggers": [],"Execution Time": 2568.537}]
[{"Plan": {"Node Type": "Aggregate","Strategy": "Sorted","Partial Mode": "Finalize","Parallel Aware": false,"Async Capable": false,"Startup Cost": 51920.12,"Total Cost": 51953.05,"Plan Rows": 219,"Plan Width": 168,"Actual Startup Time": 1695.944,"Actual Total Time": 1812.622,"Actual Rows": 175,"Actual Loops": 1,"Group Key": ["nation.n_name", "(EXTRACT(year FROM orders.o_orderdate))"],"Plans": [{"Node Type": "Gather Merge","Parent Relationship": "Outer","Parallel Aware": false,"Async Capable": false,"Startup Cost": 51920.12,"Total Cost": 51947.63,"Plan Rows": 213,"Plan Width": 168,"Actual Startup Time": 1695.015,"Actual Total Time": 1812.175,"Actual Rows": 700,"Actual Loops": 1,"Workers Planned": 3,"Workers Launched": 3,"Plans": [{"Node Type": "Aggregate","Strategy": "Sorted","Partial Mode": "Partial","Parent Relationship": "Outer","Parallel Aware": false,"Async Capable": false,"Startup Cost": 50920.08,"Total Cost": 50922.56,"Plan Rows": 71,"Plan Width": 168,"Actual Startup Time": 1627.056,"Actual Total Time": 1716.761,"Actual Rows": 175,"Actual Loops": 4,"Group Key": ["nation.n_name", "(EXTRACT(year FROM orders.o_orderdate))"],"Workers": [],"Plans": [{"Node Type": "Sort","Parent Relationship": "Outer","Parallel Aware": false,"Async Capable": false,"Startup Cost": 50920.08,"Total Cost": 50920.26,"Plan Rows": 71,"Plan Width": 159,"Actual Startup Time": 1626.699,"Actual Total Time": 1654.684,"Actual Rows": 82048,"Actual Loops": 4,"Sort Key": ["nation.n_name", "(EXTRACT(year FROM orders.o_orderdate)) DESC"],"Sort Method": "quicksort","Sort Space Used": 10998,"Sort Space Type": "Memory","Workers": [{"Worker Number": 0,"Sort Method": "quicksort","Sort Space Used": 11093,"Sort Space Type": "Memory"},{"Worker Number": 1,"Sort Method": "quicksort","Sort Space Used": 11417,"Sort Space Type": "Memory"},{"Worker Number": 2,"Sort Method": "quicksort","Sort Space Used": 11464,"Sort Space Type": "Memory"}],"Plans": [{"Node Type": "Hash Join","Parent Relationship": "Outer","Parallel Aware": false,"Async Capable": false,"Join Type": "Inner","Startup Cost": 5236.07,"Total Cost": 50917.89,"Plan Rows": 71,"Plan Width": 159,"Actual Startup Time": 22.962,"Actual Total Time": 1527.674,"Actual Rows": 82048,"Actual Loops": 4,"Inner Unique": true,"Hash Cond": "(supplier.s_nationkey = nation.n_nationkey)","Workers": [],"Plans": [{"Node Type": "Nested Loop","Parent Relationship": "Outer","Parallel Aware": false,"Async Capable": false,"Join Type": "Inner","Startup Cost": 5234.51,"Total Cost": 50915.94,"Plan Rows": 71,"Plan Width": 31,"Actual Startup Time": 22.797,"Actual Total Time": 1504.364,"Actual Rows": 82048,"Actual Loops": 4,"Inner Unique": true,"Workers": [],"Plans": [{"Node Type": "Nested Loop","Parent Relationship": "Outer","Parallel Aware": false,"Async Capable": false,"Join Type": "Inner","Startup Cost": 5234.08,"Total Cost": 50882.91,"Plan Rows": 71,"Plan Width": 31,"Actual Startup Time": 22.733,"Actual Total Time": 778.868,"Actual Rows": 82048,"Actual Loops": 4,"Inner Unique": true,"Workers": [],"Plans": [{"Node Type": "Nested Loop","Parent Relationship": "Outer","Parallel Aware": false,"Async Capable": false,"Join Type": "Inner","Startup Cost": 5233.80,"Total Cost": 50861.42,"Plan Rows": 71,"Plan Width": 35,"Actual Startup Time": 22.679,"Actual Total Time": 641.061,"Actual Rows": 82048,"Actual Loops": 4,"Inner Unique": false,"Workers": [],"Plans": [{"Node Type": "Hash Join","Parent Relationship": "Outer","Parallel Aware": true,"Async Capable": false,"Join Type": "Inner","Startup Cost": 5233.37,"Total Cost": 25942.44,"Plan Rows": 23460,"Plan Width": 18,"Actual Startup Time": 22.614,"Actual Total Time": 187.868,"Actual Rows": 10922,"Actual Loops": 4,"Inner Unique": true,"Hash Cond": "(partsupp.ps_partkey = part.p_partkey)","Workers": [],"Plans": [{"Node Type": "Seq Scan","Parent Relationship": "Outer","Parallel Aware": true,"Async Capable": false,"Relation Name": "partsupp","Alias": "partsupp","Startup Cost": 0.00,"Total Cost": 20031.65,"Plan Rows": 258065,"Plan Width": 14,"Actual Startup Time": 0.015,"Actual Total Time": 42.277,"Actual Rows": 200000,"Actual Loops": 4,"Workers": []},{"Node Type": "Hash","Parent Relationship": "Inner","Parallel Aware": true,"Async Capable": false,"Startup Cost": 5138.67,"Total Cost": 5138.67,"Plan Rows": 7576,"Plan Width": 4,"Actual Startup Time": 22.401,"Actual Total Time": 22.414,"Actual Rows": 2730,"Actual Loops": 4,"Hash Buckets": 32768,"Original Hash Buckets": 32768,"Hash Batches": 1,"Original Hash Batches": 1,"Peak Memory Usage": 704,"Workers": [],"Plans": [{"Node Type": "Seq Scan","Parent Relationship": "Outer","Parallel Aware": true,"Async Capable": false,"Relation Name": "part","Alias": "part","Startup Cost": 0.00,"Total Cost": 5138.67,"Plan Rows": 7576,"Plan Width": 4,"Actual Startup Time": 0.052,"Actual Total Time": 20.933,"Actual Rows": 2730,"Actual Loops": 4,"Filter": "((p_name)::text ~~ '%navajo%'::text)","Rows Removed by Filter": 47270,"Workers": []}]}]},{"Node Type": "Index Scan","Parent Relationship": "Inner","Parallel Aware": false,"Async Capable": false,"Scan Direction": "Forward","Index Name": "idx_lineitem_part_supp","Relation Name": "lineitem","Alias": "lineitem","Startup Cost": 0.43,"Total Cost": 1.05,"Plan Rows": 1,"Plan Width": 29,"Actual Startup Time": 0.006,"Actual Total Time": 0.040,"Actual Rows": 8,"Actual Loops": 43688,"Index Cond": "((l_partkey = partsupp.ps_partkey) AND (l_suppkey = partsupp.ps_suppkey))","Rows Removed by Index Recheck": 0,"Workers": []}]},{"Node Type": "Index Scan","Parent Relationship": "Inner","Parallel Aware": false,"Async Capable": false,"Scan Direction": "Forward","Index Name": "supplier_pkey","Relation Name": "supplier","Alias": "supplier","Startup Cost": 0.29,"Total Cost": 0.30,"Plan Rows": 1,"Plan Width": 8,"Actual Startup Time": 0.001,"Actual Total Time": 0.001,"Actual Rows": 1,"Actual Loops": 328192,"Index Cond": "(s_suppkey = lineitem.l_suppkey)","Rows Removed by Index Recheck": 0,"Workers": []}]},{"Node Type": "Index Scan","Parent Relationship": "Inner","Parallel Aware": false,"Async Capable": false,"Scan Direction": "Forward","Index Name": "orders_pkey","Relation Name": "orders","Alias": "orders","Startup Cost": 0.43,"Total Cost": 0.47,"Plan Rows": 1,"Plan Width": 8,"Actual Startup Time": 0.008,"Actual Total Time": 0.008,"Actual Rows": 1,"Actual Loops": 328192,"Index Cond": "(o_orderkey = lineitem.l_orderkey)","Rows Removed by Index Recheck": 0,"Workers": []}]},{"Node Type": "Hash","Parent Relationship": "Inner","Parallel Aware": false,"Async Capable": false,"Startup Cost": 1.25,"Total Cost": 1.25,"Plan Rows": 25,"Plan Width": 108,"Actual Startup Time": 0.073,"Actual Total Time": 0.078,"Actual Rows": 25,"Actual Loops": 4,"Hash Buckets": 1024,"Original Hash Buckets": 1024,"Hash Batches": 1,"Original Hash Batches": 1,"Peak Memory Usage": 10,"Workers": [],"Plans": [{"Node Type": "Seq Scan","Parent Relationship": "Outer","Parallel Aware": false,"Async Capable": false,"Relation Name": "nation","Alias": "nation","Startup Cost": 0.00,"Total Cost": 1.25,"Plan Rows": 25,"Plan Width": 108,"Actual Startup Time": 0.041,"Actual Total Time": 0.048,"Actual Rows": 25,"Actual Loops": 4,"Workers": []}]}]}]}]}]}]},"Planning Time": 11.862,"Triggers": [],"Execution Time": 1814.545}]
[{"Plan": {"Node Type": "Aggregate","Strategy": "Sorted","Partial Mode": "Finalize","Parallel Aware": false,"Async Capable": false,"Startup Cost": 28858.40,"Total Cost": 28868.07,"Plan Rows": 73,"Plan Width": 168,"Actual Startup Time": 2476.937,"Actual Total Time": 2596.733,"Actual Rows": 175,"Actual Loops": 1,"Group Key": ["nation.n_name", "(EXTRACT(year FROM orders.o_orderdate))"],"Plans": [{"Node Type": "Gather Merge","Parent Relationship": "Outer","Parallel Aware": false,"Async Capable": false,"Startup Cost": 28858.40,"Total Cost": 28866.38,"Plan Rows": 60,"Plan Width": 168,"Actual Startup Time": 2475.120,"Actual Total Time": 2596.260,"Actual Rows": 525,"Actual Loops": 1,"Workers Planned": 2,"Workers Launched": 2,"Plans": [{"Node Type": "Aggregate","Strategy": "Sorted","Partial Mode": "Partial","Parent Relationship": "Outer","Parallel Aware": false,"Async Capable": false,"Startup Cost": 27858.38,"Total Cost": 27859.43,"Plan Rows": 30,"Plan Width": 168,"Actual Startup Time": 2317.882,"Actual Total Time": 2463.965,"Actual Rows": 175,"Actual Loops": 3,"Group Key": ["nation.n_name", "(EXTRACT(year FROM orders.o_orderdate))"],"Workers": [],"Plans": [{"Node Type": "Sort","Parent Relationship": "Outer","Parallel Aware": false,"Async Capable": false,"Startup Cost": 27858.38,"Total Cost": 27858.46,"Plan Rows": 30,"Plan Width": 159,"Actual Startup Time": 2317.128,"Actual Total Time": 2372.186,"Actual Rows": 108899,"Actual Loops": 3,"Sort Key": ["nation.n_name", "(EXTRACT(year FROM orders.o_orderdate)) DESC"],"Sort Method": "quicksort","Sort Space Used": 13698,"Sort Space Type": "Memory","Workers": [{"Worker Number": 0,"Sort Method": "quicksort","Sort Space Used": 14061,"Sort Space Type": "Memory"},{"Worker Number": 1,"Sort Method": "quicksort","Sort Space Used": 13992,"Sort Space Type": "Memory"}],"Plans": [{"Node Type": "Hash Join","Parent Relationship": "Outer","Parallel Aware": false,"Async Capable": false,"Join Type": "Inner","Startup Cost": 3.13,"Total Cost": 27857.64,"Plan Rows": 30,"Plan Width": 159,"Actual Startup Time": 0.780,"Actual Total Time": 2157.536,"Actual Rows": 108899,"Actual Loops": 3,"Inner Unique": true,"Hash Cond": "(supplier.s_nationkey = nation.n_nationkey)","Workers": [],"Plans": [{"Node Type": "Nested Loop","Parent Relationship": "Outer","Parallel Aware": false,"Async Capable": false,"Join Type": "Inner","Startup Cost": 1.57,"Total Cost": 27855.92,"Plan Rows": 30,"Plan Width": 31,"Actual Startup Time": 0.577,"Actual Total Time": 2126.027,"Actual Rows": 108899,"Actual Loops": 3,"Inner Unique": true,"Workers": [],"Plans": [{"Node Type": "Nested Loop","Parent Relationship": "Outer","Parallel Aware": false,"Async Capable": false,"Join Type": "Inner","Startup Cost": 1.14,"Total Cost": 27841.96,"Plan Rows": 30,"Plan Width": 31,"Actual Startup Time": 0.440,"Actual Total Time": 987.757,"Actual Rows": 108899,"Actual Loops": 3,"Inner Unique": true,"Workers": [],"Plans": [{"Node Type": "Nested Loop","Parent Relationship": "Outer","Parallel Aware": false,"Async Capable": false,"Join Type": "Inner","Startup Cost": 0.86,"Total Cost": 27832.88,"Plan Rows": 30,"Plan Width": 35,"Actual Startup Time": 0.335,"Actual Total Time": 804.256,"Actual Rows": 108899,"Actual Loops": 3,"Inner Unique": false,"Workers": [],"Plans": [{"Node Type": "Nested Loop","Parent Relationship": "Outer","Parallel Aware": false,"Async Capable": false,"Join Type": "Inner","Startup Cost": 0.42,"Total Cost": 17103.70,"Plan Rows": 10101,"Plan Width": 18,"Actual Startup Time": 0.220,"Actual Total Time": 118.450,"Actual Rows": 14516,"Actual Loops": 3,"Inner Unique": false,"Workers": [],"Plans": [{"Node Type": "Seq Scan","Parent Relationship": "Outer","Parallel Aware": true,"Async Capable": false,"Relation Name": "part","Alias": "part","Startup Cost": 0.00,"Total Cost": 5138.67,"Plan Rows": 2525,"Plan Width": 4,"Actual Startup Time": 0.059,"Actual Total Time": 51.361,"Actual Rows": 3629,"Actual Loops": 3,"Filter": "((p_name)::text ~~ '%sandy%'::text)","Rows Removed by Filter": 63038,"Workers": []},{"Node Type": "Index Scan","Parent Relationship": "Inner","Parallel Aware": false,"Async Capable": false,"Scan Direction": "Forward","Index Name": "idx_partsupp_partkey","Relation Name": "partsupp","Alias": "partsupp","Startup Cost": 0.42,"Total Cost": 4.70,"Plan Rows": 4,"Plan Width": 14,"Actual Startup Time": 0.014,"Actual Total Time": 0.018,"Actual Rows": 4,"Actual Loops": 10887,"Index Cond": "(ps_partkey = part.p_partkey)","Rows Removed by Index Recheck": 0,"Workers": []}]},{"Node Type": "Index Scan","Parent Relationship": "Inner","Parallel Aware": false,"Async Capable": false,"Scan Direction": "Forward","Index Name": "idx_lineitem_part_supp","Relation Name": "lineitem","Alias": "lineitem","Startup Cost": 0.43,"Total Cost": 1.05,"Plan Rows": 1,"Plan Width": 29,"Actual Startup Time": 0.007,"Actual Total Time": 0.046,"Actual Rows": 8,"Actual Loops": 43548,"Index Cond": "((l_partkey = partsupp.ps_partkey) AND (l_suppkey = partsupp.ps_suppkey))","Rows Removed by Index Recheck": 0,"Workers": []}]},{"Node Type": "Index Scan","Parent Relationship": "Inner","Parallel Aware": false,"Async Capable": false,"Scan Direction": "Forward","Index Name": "supplier_pkey","Relation Name": "supplier","Alias": "supplier","Startup Cost": 0.29,"Total Cost": 0.30,"Plan Rows": 1,"Plan Width": 8,"Actual Startup Time": 0.001,"Actual Total Time": 0.001,"Actual Rows": 1,"Actual Loops": 326696,"Index Cond": "(s_suppkey = lineitem.l_suppkey)","Rows Removed by Index Recheck": 0,"Workers": []}]},{"Node Type": "Index Scan","Parent Relationship": "Inner","Parallel Aware": false,"Async Capable": false,"Scan Direction": "Forward","Index Name": "orders_pkey","Relation Name": "orders","Alias": "orders","Startup Cost": 0.43,"Total Cost": 0.47,"Plan Rows": 1,"Plan Width": 8,"Actual Startup Time": 0.010,"Actual Total Time": 0.010,"Actual Rows": 1,"Actual Loops": 326696,"Index Cond": "(o_orderkey = lineitem.l_orderkey)","Rows Removed by Index Recheck": 0,"Workers": []}]},{"Node Type": "Hash","Parent Relationship": "Inner","Parallel Aware": false,"Async Capable": false,"Startup Cost": 1.25,"Total Cost": 1.25,"Plan Rows": 25,"Plan Width": 108,"Actual Startup Time": 0.098,"Actual Total Time": 0.119,"Actual Rows": 25,"Actual Loops": 3,"Hash Buckets": 1024,"Original Hash Buckets": 1024,"Hash Batches": 1,"Original Hash Batches": 1,"Peak Memory Usage": 10,"Workers": [],"Plans": [{"Node Type": "Seq Scan","Parent Relationship": "Outer","Parallel Aware": false,"Async Capable": false,"Relation Name": "nation","Alias": "nation","Startup Cost": 0.00,"Total Cost": 1.25,"Plan Rows": 25,"Plan Width": 108,"Actual Startup Time": 0.065,"Actual Total Time": 0.081,"Actual Rows": 25,"Actual Loops": 3,"Workers": []}]}]}]}]}]}]},"Planning Time": 13.097,"Triggers": [],"Execution Time": 2598.254}]
[{"Plan": {"Node Type": "Aggregate","Strategy": "Sorted","Partial Mode": "Finalize","Parallel Aware": false,"Async Capable": false,"Startup Cost": 51920.12,"Total Cost": 51953.05,"Plan Rows": 219,"Plan Width": 168,"Actual Startup Time": 1685.576,"Actual Total Time": 1779.937,"Actual Rows": 175,"Actual Loops": 1,"Group Key": ["nation.n_name", "(EXTRACT(year FROM orders.o_orderdate))"],"Plans": [{"Node Type": "Gather Merge","Parent Relationship": "Outer","Parallel Aware": false,"Async Capable": false,"Startup Cost": 51920.12,"Total Cost": 51947.63,"Plan Rows": 213,"Plan Width": 168,"Actual Startup Time": 1684.109,"Actual Total Time": 1779.449,"Actual Rows": 700,"Actual Loops": 1,"Workers Planned": 3,"Workers Launched": 3,"Plans": [{"Node Type": "Aggregate","Strategy": "Sorted","Partial Mode": "Partial","Parent Relationship": "Outer","Parallel Aware": false,"Async Capable": false,"Startup Cost": 50920.08,"Total Cost": 50922.56,"Plan Rows": 71,"Plan Width": 168,"Actual Startup Time": 1615.575,"Actual Total Time": 1701.587,"Actual Rows": 175,"Actual Loops": 4,"Group Key": ["nation.n_name", "(EXTRACT(year FROM orders.o_orderdate))"],"Workers": [],"Plans": [{"Node Type": "Sort","Parent Relationship": "Outer","Parallel Aware": false,"Async Capable": false,"Startup Cost": 50920.08,"Total Cost": 50920.26,"Plan Rows": 71,"Plan Width": 159,"Actual Startup Time": 1615.138,"Actual Total Time": 1641.513,"Actual Rows": 82680,"Actual Loops": 4,"Sort Key": ["nation.n_name", "(EXTRACT(year FROM orders.o_orderdate)) DESC"],"Sort Method": "quicksort","Sort Space Used": 11114,"Sort Space Type": "Memory","Workers": [{"Worker Number": 0,"Sort Method": "quicksort","Sort Space Used": 11099,"Sort Space Type": "Memory"},{"Worker Number": 1,"Sort Method": "quicksort","Sort Space Used": 11470,"Sort Space Type": "Memory"},{"Worker Number": 2,"Sort Method": "quicksort","Sort Space Used": 11534,"Sort Space Type": "Memory"}],"Plans": [{"Node Type": "Hash Join","Parent Relationship": "Outer","Parallel Aware": false,"Async Capable": false,"Join Type": "Inner","Startup Cost": 5236.07,"Total Cost": 50917.89,"Plan Rows": 71,"Plan Width": 159,"Actual Startup Time": 22.147,"Actual Total Time": 1517.827,"Actual Rows": 82680,"Actual Loops": 4,"Inner Unique": true,"Hash Cond": "(supplier.s_nationkey = nation.n_nationkey)","Workers": [],"Plans": [{"Node Type": "Nested Loop","Parent Relationship": "Outer","Parallel Aware": false,"Async Capable": false,"Join Type": "Inner","Startup Cost": 5234.51,"Total Cost": 50915.94,"Plan Rows": 71,"Plan Width": 31,"Actual Startup Time": 21.955,"Actual Total Time": 1494.212,"Actual Rows": 82680,"Actual Loops": 4,"Inner Unique": true,"Workers": [],"Plans": [{"Node Type": "Nested Loop","Parent Relationship": "Outer","Parallel Aware": false,"Async Capable": false,"Join Type": "Inner","Startup Cost": 5234.08,"Total Cost": 50882.91,"Plan Rows": 71,"Plan Width": 31,"Actual Startup Time": 21.895,"Actual Total Time": 772.688,"Actual Rows": 82680,"Actual Loops": 4,"Inner Unique": true,"Workers": [],"Plans": [{"Node Type": "Nested Loop","Parent Relationship": "Outer","Parallel Aware": false,"Async Capable": false,"Join Type": "Inner","Startup Cost": 5233.80,"Total Cost": 50861.42,"Plan Rows": 71,"Plan Width": 35,"Actual Startup Time": 21.850,"Actual Total Time": 635.447,"Actual Rows": 82680,"Actual Loops": 4,"Inner Unique": false,"Workers": [],"Plans": [{"Node Type": "Hash Join","Parent Relationship": "Outer","Parallel Aware": true,"Async Capable": false,"Join Type": "Inner","Startup Cost": 5233.37,"Total Cost": 25942.44,"Plan Rows": 23460,"Plan Width": 18,"Actual Startup Time": 21.777,"Actual Total Time": 183.666,"Actual Rows": 11010,"Actual Loops": 4,"Inner Unique": true,"Hash Cond": "(partsupp.ps_partkey = part.p_partkey)","Workers": [],"Plans": [{"Node Type": "Seq Scan","Parent Relationship": "Outer","Parallel Aware": true,"Async Capable": false,"Relation Name": "partsupp","Alias": "partsupp","Startup Cost": 0.00,"Total Cost": 20031.65,"Plan Rows": 258065,"Plan Width": 14,"Actual Startup Time": 0.020,"Actual Total Time": 41.580,"Actual Rows": 200000,"Actual Loops": 4,"Workers": []},{"Node Type": "Hash","Parent Relationship": "Inner","Parallel Aware": true,"Async Capable": false,"Startup Cost": 5138.67,"Total Cost": 5138.67,"Plan Rows": 7576,"Plan Width": 4,"Actual Startup Time": 21.542,"Actual Total Time": 21.549,"Actual Rows": 2752,"Actual Loops": 4,"Hash Buckets": 32768,"Original Hash Buckets": 32768,"Hash Batches": 1,"Original Hash Batches": 1,"Peak Memory Usage": 736,"Workers": [],"Plans": [{"Node Type": "Seq Scan","Parent Relationship": "Outer","Parallel Aware": true,"Async Capable": false,"Relation Name": "part","Alias": "part","Startup Cost": 0.00,"Total Cost": 5138.67,"Plan Rows": 7576,"Plan Width": 4,"Actual Startup Time": 0.062,"Actual Total Time": 20.145,"Actual Rows": 2752,"Actual Loops": 4,"Filter": "((p_name)::text ~~ '%orchid%'::text)","Rows Removed by Filter": 47248,"Workers": []}]}]},{"Node Type": "Index Scan","Parent Relationship": "Inner","Parallel Aware": false,"Async Capable": false,"Scan Direction": "Forward","Index Name": "idx_lineitem_part_supp","Relation Name": "lineitem","Alias": "lineitem","Startup Cost": 0.43,"Total Cost": 1.05,"Plan Rows": 1,"Plan Width": 29,"Actual Startup Time": 0.006,"Actual Total Time": 0.040,"Actual Rows": 8,"Actual Loops": 44040,"Index Cond": "((l_partkey = partsupp.ps_partkey) AND (l_suppkey = partsupp.ps_suppkey))","Rows Removed by Index Recheck": 0,"Workers": []}]},{"Node Type": "Index Scan","Parent Relationship": "Inner","Parallel Aware": false,"Async Capable": false,"Scan Direction": "Forward","Index Name": "supplier_pkey","Relation Name": "supplier","Alias": "supplier","Startup Cost": 0.29,"Total Cost": 0.30,"Plan Rows": 1,"Plan Width": 8,"Actual Startup Time": 0.001,"Actual Total Time": 0.001,"Actual Rows": 1,"Actual Loops": 330720,"Index Cond": "(s_suppkey = lineitem.l_suppkey)","Rows Removed by Index Recheck": 0,"Workers": []}]},{"Node Type": "Index Scan","Parent Relationship": "Inner","Parallel Aware": false,"Async Capable": false,"Scan Direction": "Forward","Index Name": "orders_pkey","Relation Name": "orders","Alias": "orders","Startup Cost": 0.43,"Total Cost": 0.47,"Plan Rows": 1,"Plan Width": 8,"Actual Startup Time": 0.008,"Actual Total Time": 0.008,"Actual Rows": 1,"Actual Loops": 330720,"Index Cond": "(o_orderkey = lineitem.l_orderkey)","Rows Removed by Index Recheck": 0,"Workers": []}]},{"Node Type": "Hash","Parent Relationship": "Inner","Parallel Aware": false,"Async Capable": false,"Startup Cost": 1.25,"Total Cost": 1.25,"Plan Rows": 25,"Plan Width": 108,"Actual Startup Time": 0.085,"Actual Total Time": 0.091,"Actual Rows": 25,"Actual Loops": 4,"Hash Buckets": 1024,"Original Hash Buckets": 1024,"Hash Batches": 1,"Original Hash Batches": 1,"Peak Memory Usage": 10,"Workers": [],"Plans": [{"Node Type": "Seq Scan","Parent Relationship": "Outer","Parallel Aware": false,"Async Capable": false,"Relation Name": "nation","Alias": "nation","Startup Cost": 0.00,"Total Cost": 1.25,"Plan Rows": 25,"Plan Width": 108,"Actual Startup Time": 0.055,"Actual Total Time": 0.061,"Actual Rows": 25,"Actual Loops": 4,"Workers": []}]}]}]}]}]}]},"Planning Time": 12.199,"Triggers": [],"Execution Time": 1781.879}]
[{"Plan": {"Node Type": "Aggregate","Strategy": "Sorted","Partial Mode": "Finalize","Parallel Aware": false,"Async Capable": false,"Startup Cost": 41381.04,"Total Cost": 41397.45,"Plan Rows": 122,"Plan Width": 168,"Actual Startup Time": 2431.177,"Actual Total Time": 2560.188,"Actual Rows": 175,"Actual Loops": 1,"Group Key": ["nation.n_name", "(EXTRACT(year FROM orders.o_orderdate))"],"Plans": [{"Node Type": "Gather Merge","Parent Relationship": "Outer","Parallel Aware": false,"Async Capable": false,"Startup Cost": 41381.04,"Total Cost": 41394.60,"Plan Rows": 102,"Plan Width": 168,"Actual Startup Time": 2429.302,"Actual Total Time": 2559.805,"Actual Rows": 525,"Actual Loops": 1,"Workers Planned": 2,"Workers Launched": 2,"Plans": [{"Node Type": "Aggregate","Strategy": "Sorted","Partial Mode": "Partial","Parent Relationship": "Outer","Parallel Aware": false,"Async Capable": false,"Startup Cost": 40381.01,"Total Cost": 40382.80,"Plan Rows": 51,"Plan Width": 168,"Actual Startup Time": 2327.238,"Actual Total Time": 2438.083,"Actual Rows": 175,"Actual Loops": 3,"Group Key": ["nation.n_name", "(EXTRACT(year FROM orders.o_orderdate))"],"Workers": [],"Plans": [{"Node Type": "Sort","Parent Relationship": "Outer","Parallel Aware": false,"Async Capable": false,"Startup Cost": 40381.01,"Total Cost": 40381.14,"Plan Rows": 51,"Plan Width": 159,"Actual Startup Time": 2326.616,"Actual Total Time": 2360.128,"Actual Rows": 110167,"Actual Loops": 3,"Sort Key": ["nation.n_name", "(EXTRACT(year FROM orders.o_orderdate)) DESC"],"Sort Method": "quicksort","Sort Space Used": 13685,"Sort Space Type": "Memory","Workers": [{"Worker Number": 0,"Sort Method": "quicksort","Sort Space Used": 14027,"Sort Space Type": "Memory"},{"Worker Number": 1,"Sort Method": "quicksort","Sort Space Used": 14415,"Sort Space Type": "Memory"}],"Plans": [{"Node Type": "Hash Join","Parent Relationship": "Outer","Parallel Aware": false,"Async Capable": false,"Join Type": "Inner","Startup Cost": 3.13,"Total Cost": 40379.57,"Plan Rows": 51,"Plan Width": 159,"Actual Startup Time": 0.774,"Actual Total Time": 2175.154,"Actual Rows": 110167,"Actual Loops": 3,"Inner Unique": true,"Hash Cond": "(supplier.s_nationkey = nation.n_nationkey)","Workers": [],"Plans": [{"Node Type": "Nested Loop","Parent Relationship": "Outer","Parallel Aware": false,"Async Capable": false,"Join Type": "Inner","Startup Cost": 1.57,"Total Cost": 40377.72,"Plan Rows": 51,"Plan Width": 31,"Actual Startup Time": 0.582,"Actual Total Time": 2143.575,"Actual Rows": 110167,"Actual Loops": 3,"Inner Unique": true,"Workers": [],"Plans": [{"Node Type": "Nested Loop","Parent Relationship": "Outer","Parallel Aware": false,"Async Capable": false,"Join Type": "Inner","Startup Cost": 1.14,"Total Cost": 40354.00,"Plan Rows": 51,"Plan Width": 31,"Actual Startup Time": 0.451,"Actual Total Time": 989.410,"Actual Rows": 110167,"Actual Loops": 3,"Inner Unique": true,"Workers": [],"Plans": [{"Node Type": "Nested Loop","Parent Relationship": "Outer","Parallel Aware": false,"Async Capable": false,"Join Type": "Inner","Startup Cost": 0.86,"Total Cost": 40338.56,"Plan Rows": 51,"Plan Width": 35,"Actual Startup Time": 0.342,"Actual Total Time": 803.216,"Actual Rows": 110167,"Actual Loops": 3,"Inner Unique": false,"Workers": [],"Plans": [{"Node Type": "Nested Loop","Parent Relationship": "Outer","Parallel Aware": false,"Async Capable": false,"Join Type": "Inner","Startup Cost": 0.42,"Total Cost": 22456.59,"Plan Rows": 16835,"Plan Width": 18,"Actual Startup Time": 0.214,"Actual Total Time": 117.164,"Actual Rows": 14685,"Actual Loops": 3,"Inner Unique": false,"Workers": [],"Plans": [{"Node Type": "Seq Scan","Parent Relationship": "Outer","Parallel Aware": true,"Async Capable": false,"Relation Name": "part","Alias": "part","Startup Cost": 0.00,"Total Cost": 5138.67,"Plan Rows": 4209,"Plan Width": 4,"Actual Startup Time": 0.077,"Actual Total Time": 49.700,"Actual Rows": 3671,"Actual Loops": 3,"Filter": "((p_name)::text ~~ '%turquoise%'::text)","Rows Removed by Filter": 62995,"Workers": []},{"Node Type": "Index Scan","Parent Relationship": "Inner","Parallel Aware": false,"Async Capable": false,"Scan Direction": "Forward","Index Name": "idx_partsupp_partkey","Relation Name": "partsupp","Alias": "partsupp","Startup Cost": 0.42,"Total Cost": 4.07,"Plan Rows": 4,"Plan Width": 14,"Actual Startup Time": 0.014,"Actual Total Time": 0.018,"Actual Rows": 4,"Actual Loops": 11014,"Index Cond": "(ps_partkey = part.p_partkey)","Rows Removed by Index Recheck": 0,"Workers": []}]},{"Node Type": "Index Scan","Parent Relationship": "Inner","Parallel Aware": false,"Async Capable": false,"Scan Direction": "Forward","Index Name": "idx_lineitem_part_supp","Relation Name": "lineitem","Alias": "lineitem","Startup Cost": 0.43,"Total Cost": 1.05,"Plan Rows": 1,"Plan Width": 29,"Actual Startup Time": 0.007,"Actual Total Time": 0.045,"Actual Rows": 8,"Actual Loops": 44056,"Index Cond": "((l_partkey = partsupp.ps_partkey) AND (l_suppkey = partsupp.ps_suppkey))","Rows Removed by Index Recheck": 0,"Workers": []}]},{"Node Type": "Index Scan","Parent Relationship": "Inner","Parallel Aware": false,"Async Capable": false,"Scan Direction": "Forward","Index Name": "supplier_pkey","Relation Name": "supplier","Alias": "supplier","Startup Cost": 0.29,"Total Cost": 0.30,"Plan Rows": 1,"Plan Width": 8,"Actual Startup Time": 0.001,"Actual Total Time": 0.001,"Actual Rows": 1,"Actual Loops": 330501,"Index Cond": "(s_suppkey = lineitem.l_suppkey)","Rows Removed by Index Recheck": 0,"Workers": []}]},{"Node Type": "Index Scan","Parent Relationship": "Inner","Parallel Aware": false,"Async Capable": false,"Scan Direction": "Forward","Index Name": "orders_pkey","Relation Name": "orders","Alias": "orders","Startup Cost": 0.43,"Total Cost": 0.47,"Plan Rows": 1,"Plan Width": 8,"Actual Startup Time": 0.010,"Actual Total Time": 0.010,"Actual Rows": 1,"Actual Loops": 330501,"Index Cond": "(o_orderkey = lineitem.l_orderkey)","Rows Removed by Index Recheck": 0,"Workers": []}]},{"Node Type": "Hash","Parent Relationship": "Inner","Parallel Aware": false,"Async Capable": false,"Startup Cost": 1.25,"Total Cost": 1.25,"Plan Rows": 25,"Plan Width": 108,"Actual Startup Time": 0.077,"Actual Total Time": 0.095,"Actual Rows": 25,"Actual Loops": 3,"Hash Buckets": 1024,"Original Hash Buckets": 1024,"Hash Batches": 1,"Original Hash Batches": 1,"Peak Memory Usage": 10,"Workers": [],"Plans": [{"Node Type": "Seq Scan","Parent Relationship": "Outer","Parallel Aware": false,"Async Capable": false,"Relation Name": "nation","Alias": "nation","Startup Cost": 0.00,"Total Cost": 1.25,"Plan Rows": 25,"Plan Width": 108,"Actual Startup Time": 0.049,"Actual Total Time": 0.063,"Actual Rows": 25,"Actual Loops": 3,"Workers": []}]}]}]}]}]}]},"Planning Time": 11.933,"Triggers": [],"Execution Time": 2562.804}]
[{"Plan": {"Node Type": "Aggregate","Strategy": "Sorted","Partial Mode": "Finalize","Parallel Aware": false,"Async Capable": false,"Startup Cost": 35224.41,"Total Cost": 35237.30,"Plan Rows": 97,"Plan Width": 168,"Actual Startup Time": 2428.085,"Actual Total Time": 2552.329,"Actual Rows": 175,"Actual Loops": 1,"Group Key": ["nation.n_name", "(EXTRACT(year FROM orders.o_orderdate))"],"Plans": [{"Node Type": "Gather Merge","Parent Relationship": "Outer","Parallel Aware": false,"Async Capable": false,"Startup Cost": 35224.41,"Total Cost": 35235.05,"Plan Rows": 80,"Plan Width": 168,"Actual Startup Time": 2426.422,"Actual Total Time": 2551.930,"Actual Rows": 525,"Actual Loops": 1,"Workers Planned": 2,"Workers Launched": 2,"Plans": [{"Node Type": "Aggregate","Strategy": "Sorted","Partial Mode": "Partial","Parent Relationship": "Outer","Parallel Aware": false,"Async Capable": false,"Startup Cost": 34224.39,"Total Cost": 34225.79,"Plan Rows": 40,"Plan Width": 168,"Actual Startup Time": 2335.282,"Actual Total Time": 2449.763,"Actual Rows": 175,"Actual Loops": 3,"Group Key": ["nation.n_name", "(EXTRACT(year FROM orders.o_orderdate))"],"Workers": [],"Plans": [{"Node Type": "Sort","Parent Relationship": "Outer","Parallel Aware": false,"Async Capable": false,"Startup Cost": 34224.39,"Total Cost": 34224.49,"Plan Rows": 40,"Plan Width": 159,"Actual Startup Time": 2334.788,"Actual Total Time": 2371.227,"Actual Rows": 109304,"Actual Loops": 3,"Sort Key": ["nation.n_name", "(EXTRACT(year FROM orders.o_orderdate)) DESC"],"Sort Method": "quicksort","Sort Space Used": 13684,"Sort Space Type": "Memory","Workers": [{"Worker Number": 0,"Sort Method": "quicksort","Sort Space Used": 13602,"Sort Space Type": "Memory"},{"Worker Number": 1,"Sort Method": "quicksort","Sort Space Used": 14590,"Sort Space Type": "Memory"}],"Plans": [{"Node Type": "Hash Join","Parent Relationship": "Outer","Parallel Aware": false,"Async Capable": false,"Join Type": "Inner","Startup Cost": 3.13,"Total Cost": 34223.32,"Plan Rows": 40,"Plan Width": 159,"Actual Startup Time": 0.656,"Actual Total Time": 2188.052,"Actual Rows": 109304,"Actual Loops": 3,"Inner Unique": true,"Hash Cond": "(supplier.s_nationkey = nation.n_nationkey)","Workers": [],"Plans": [{"Node Type": "Nested Loop","Parent Relationship": "Outer","Parallel Aware": false,"Async Capable": false,"Join Type": "Inner","Startup Cost": 1.57,"Total Cost": 34221.53,"Plan Rows": 40,"Plan Width": 31,"Actual Startup Time": 0.483,"Actual Total Time": 2156.936,"Actual Rows": 109304,"Actual Loops": 3,"Inner Unique": true,"Workers": [],"Plans": [{"Node Type": "Nested Loop","Parent Relationship": "Outer","Parallel Aware": false,"Async Capable": false,"Join Type": "Inner","Startup Cost": 1.14,"Total Cost": 34202.93,"Plan Rows": 40,"Plan Width": 31,"Actual Startup Time": 0.358,"Actual Total Time": 1007.353,"Actual Rows": 109304,"Actual Loops": 3,"Inner Unique": true,"Workers": [],"Plans": [{"Node Type": "Nested Loop","Parent Relationship": "Outer","Parallel Aware": false,"Async Capable": false,"Join Type": "Inner","Startup Cost": 0.86,"Total Cost": 34190.82,"Plan Rows": 40,"Plan Width": 35,"Actual Startup Time": 0.268,"Actual Total Time": 821.121,"Actual Rows": 109304,"Actual Loops": 3,"Inner Unique": false,"Workers": [],"Plans": [{"Node Type": "Nested Loop","Parent Relationship": "Outer","Parallel Aware": false,"Async Capable": false,"Join Type": "Inner","Startup Cost": 0.42,"Total Cost": 19885.25,"Plan Rows": 13468,"Plan Width": 18,"Actual Startup Time": 0.145,"Actual Total Time": 114.863,"Actual Rows": 14581,"Actual Loops": 3,"Inner Unique": false,"Workers": [],"Plans": [{"Node Type": "Seq Scan","Parent Relationship": "Outer","Parallel Aware": true,"Async Capable": false,"Relation Name": "part","Alias": "part","Startup Cost": 0.00,"Total Cost": 5138.67,"Plan Rows": 3367,"Plan Width": 4,"Actual Startup Time": 0.044,"Actual Total Time": 48.912,"Actual Rows": 3645,"Actual Loops": 3,"Filter": "((p_name)::text ~~ '%coral%'::text)","Rows Removed by Filter": 63021,"Workers": []},{"Node Type": "Index Scan","Parent Relationship": "Inner","Parallel Aware": false,"Async Capable": false,"Scan Direction": "Forward","Index Name": "idx_partsupp_partkey","Relation Name": "partsupp","Alias": "partsupp","Startup Cost": 0.42,"Total Cost": 4.34,"Plan Rows": 4,"Plan Width": 14,"Actual Startup Time": 0.013,"Actual Total Time": 0.017,"Actual Rows": 4,"Actual Loops": 10936,"Index Cond": "(ps_partkey = part.p_partkey)","Rows Removed by Index Recheck": 0,"Workers": []}]},{"Node Type": "Index Scan","Parent Relationship": "Inner","Parallel Aware": false,"Async Capable": false,"Scan Direction": "Forward","Index Name": "idx_lineitem_part_supp","Relation Name": "lineitem","Alias": "lineitem","Startup Cost": 0.43,"Total Cost": 1.05,"Plan Rows": 1,"Plan Width": 29,"Actual Startup Time": 0.007,"Actual Total Time": 0.047,"Actual Rows": 7,"Actual Loops": 43744,"Index Cond": "((l_partkey = partsupp.ps_partkey) AND (l_suppkey = partsupp.ps_suppkey))","Rows Removed by Index Recheck": 0,"Workers": []}]},{"Node Type": "Index Scan","Parent Relationship": "Inner","Parallel Aware": false,"Async Capable": false,"Scan Direction": "Forward","Index Name": "supplier_pkey","Relation Name": "supplier","Alias": "supplier","Startup Cost": 0.29,"Total Cost": 0.30,"Plan Rows": 1,"Plan Width": 8,"Actual Startup Time": 0.001,"Actual Total Time": 0.001,"Actual Rows": 1,"Actual Loops": 327911,"Index Cond": "(s_suppkey = lineitem.l_suppkey)","Rows Removed by Index Recheck": 0,"Workers": []}]},{"Node Type": "Index Scan","Parent Relationship": "Inner","Parallel Aware": false,"Async Capable": false,"Scan Direction": "Forward","Index Name": "orders_pkey","Relation Name": "orders","Alias": "orders","Startup Cost": 0.43,"Total Cost": 0.47,"Plan Rows": 1,"Plan Width": 8,"Actual Startup Time": 0.010,"Actual Total Time": 0.010,"Actual Rows": 1,"Actual Loops": 327911,"Index Cond": "(o_orderkey = lineitem.l_orderkey)","Rows Removed by Index Recheck": 0,"Workers": []}]},{"Node Type": "Hash","Parent Relationship": "Inner","Parallel Aware": false,"Async Capable": false,"Startup Cost": 1.25,"Total Cost": 1.25,"Plan Rows": 25,"Plan Width": 108,"Actual Startup Time": 0.076,"Actual Total Time": 0.087,"Actual Rows": 25,"Actual Loops": 3,"Hash Buckets": 1024,"Original Hash Buckets": 1024,"Hash Batches": 1,"Original Hash Batches": 1,"Peak Memory Usage": 10,"Workers": [],"Plans": [{"Node Type": "Seq Scan","Parent Relationship": "Outer","Parallel Aware": false,"Async Capable": false,"Relation Name": "nation","Alias": "nation","Startup Cost": 0.00,"Total Cost": 1.25,"Plan Rows": 25,"Plan Width": 108,"Actual Startup Time": 0.046,"Actual Total Time": 0.054,"Actual Rows": 25,"Actual Loops": 3,"Workers": []}]}]}]}]}]}]},"Planning Time": 13.106,"Triggers": [],"Execution Time": 2554.930}]
[{"Plan": {"Node Type": "Aggregate","Strategy": "Sorted","Partial Mode": "Finalize","Parallel Aware": false,"Async Capable": false,"Startup Cost": 46348.90,"Total Cost": 46374.41,"Plan Rows": 170,"Plan Width": 168,"Actual Startup Time": 1723.493,"Actual Total Time": 1859.527,"Actual Rows": 175,"Actual Loops": 1,"Group Key": ["nation.n_name", "(EXTRACT(year FROM orders.o_orderdate))"],"Plans": [{"Node Type": "Gather Merge","Parent Relationship": "Outer","Parallel Aware": false,"Async Capable": false,"Startup Cost": 46348.90,"Total Cost": 46370.21,"Plan Rows": 165,"Plan Width": 168,"Actual Startup Time": 1722.182,"Actual Total Time": 1859.079,"Actual Rows": 700,"Actual Loops": 1,"Workers Planned": 3,"Workers Launched": 3,"Plans": [{"Node Type": "Aggregate","Strategy": "Sorted","Partial Mode": "Partial","Parent Relationship": "Outer","Parallel Aware": false,"Async Capable": false,"Startup Cost": 45348.86,"Total Cost": 45350.79,"Plan Rows": 55,"Plan Width": 168,"Actual Startup Time": 1656.882,"Actual Total Time": 1751.105,"Actual Rows": 175,"Actual Loops": 4,"Group Key": ["nation.n_name", "(EXTRACT(year FROM orders.o_orderdate))"],"Workers": [],"Plans": [{"Node Type": "Sort","Parent Relationship": "Outer","Parallel Aware": false,"Async Capable": false,"Startup Cost": 45348.86,"Total Cost": 45349.00,"Plan Rows": 55,"Plan Width": 159,"Actual Startup Time": 1656.482,"Actual Total Time": 1688.020,"Actual Rows": 82329,"Actual Loops": 4,"Sort Key": ["nation.n_name", "(EXTRACT(year FROM orders.o_orderdate)) DESC"],"Sort Method": "quicksort","Sort Space Used": 11581,"Sort Space Type": "Memory","Workers": [{"Worker Number": 0,"Sort Method": "quicksort","Sort Space Used": 11149,"Sort Space Type": "Memory"},{"Worker Number": 1,"Sort Method": "quicksort","Sort Space Used": 11206,"Sort Space Type": "Memory"},{"Worker Number": 2,"Sort Method": "quicksort","Sort Space Used": 11149,"Sort Space Type": "Memory"}],"Plans": [{"Node Type": "Hash Join","Parent Relationship": "Outer","Parallel Aware": false,"Async Capable": false,"Join Type": "Inner","Startup Cost": 5215.02,"Total Cost": 45347.27,"Plan Rows": 55,"Plan Width": 159,"Actual Startup Time": 22.822,"Actual Total Time": 1557.570,"Actual Rows": 82329,"Actual Loops": 4,"Inner Unique": true,"Hash Cond": "(supplier.s_nationkey = nation.n_nationkey)","Workers": [],"Plans": [{"Node Type": "Nested Loop","Parent Relationship": "Outer","Parallel Aware": false,"Async Capable": false,"Join Type": "Inner","Startup Cost": 5213.46,"Total Cost": 45345.40,"Plan Rows": 55,"Plan Width": 31,"Actual Startup Time": 22.599,"Actual Total Time": 1533.905,"Actual Rows": 82329,"Actual Loops": 4,"Inner Unique": true,"Workers": [],"Plans": [{"Node Type": "Nested Loop","Parent Relationship": "Outer","Parallel Aware": false,"Async Capable": false,"Join Type": "Inner","Startup Cost": 5213.03,"Total Cost": 45319.82,"Plan Rows": 55,"Plan Width": 31,"Actual Startup Time": 22.531,"Actual Total Time": 799.967,"Actual Rows": 82329,"Actual Loops": 4,"Inner Unique": true,"Workers": [],"Plans": [{"Node Type": "Nested Loop","Parent Relationship": "Outer","Parallel Aware": false,"Async Capable": false,"Join Type": "Inner","Startup Cost": 5212.75,"Total Cost": 45303.17,"Plan Rows": 55,"Plan Width": 35,"Actual Startup Time": 22.487,"Actual Total Time": 661.259,"Actual Rows": 82329,"Actual Loops": 4,"Inner Unique": false,"Workers": [],"Plans": [{"Node Type": "Hash Join","Parent Relationship": "Outer","Parallel Aware": true,"Async Capable": false,"Join Type": "Inner","Startup Cost": 5212.32,"Total Cost": 25921.39,"Plan Rows": 18247,"Plan Width": 18,"Actual Startup Time": 22.414,"Actual Total Time": 195.633,"Actual Rows": 10963,"Actual Loops": 4,"Inner Unique": true,"Hash Cond": "(partsupp.ps_partkey = part.p_partkey)","Workers": [],"Plans": [{"Node Type": "Seq Scan","Parent Relationship": "Outer","Parallel Aware": true,"Async Capable": false,"Relation Name": "partsupp","Alias": "partsupp","Startup Cost": 0.00,"Total Cost": 20031.65,"Plan Rows": 258065,"Plan Width": 14,"Actual Startup Time": 0.017,"Actual Total Time": 41.561,"Actual Rows": 200000,"Actual Loops": 4,"Workers": []},{"Node Type": "Hash","Parent Relationship": "Inner","Parallel Aware": true,"Async Capable": false,"Startup Cost": 5138.67,"Total Cost": 5138.67,"Plan Rows": 5892,"Plan Width": 4,"Actual Startup Time": 22.190,"Actual Total Time": 22.200,"Actual Rows": 2741,"Actual Loops": 4,"Hash Buckets": 16384,"Original Hash Buckets": 16384,"Hash Batches": 1,"Original Hash Batches": 1,"Peak Memory Usage": 608,"Workers": [],"Plans": [{"Node Type": "Seq Scan","Parent Relationship": "Outer","Parallel Aware": true,"Async Capable": false,"Relation Name": "part","Alias": "part","Startup Cost": 0.00,"Total Cost": 5138.67,"Plan Rows": 5892,"Plan Width": 4,"Actual Startup Time": 0.074,"Actual Total Time": 20.472,"Actual Rows": 2741,"Actual Loops": 4,"Filter": "((p_name)::text ~~ '%maroon%'::text)","Rows Removed by Filter": 47259,"Workers": []}]}]},{"Node Type": "Index Scan","Parent Relationship": "Inner","Parallel Aware": false,"Async Capable": false,"Scan Direction": "Forward","Index Name": "idx_lineitem_part_supp","Relation Name": "lineitem","Alias": "lineitem","Startup Cost": 0.43,"Total Cost": 1.05,"Plan Rows": 1,"Plan Width": 29,"Actual Startup Time": 0.006,"Actual Total Time": 0.041,"Actual Rows": 8,"Actual Loops": 43852,"Index Cond": "((l_partkey = partsupp.ps_partkey) AND (l_suppkey = partsupp.ps_suppkey))","Rows Removed by Index Recheck": 0,"Workers": []}]},{"Node Type": "Index Scan","Parent Relationship": "Inner","Parallel Aware": false,"Async Capable": false,"Scan Direction": "Forward","Index Name": "supplier_pkey","Relation Name": "supplier","Alias": "supplier","Startup Cost": 0.29,"Total Cost": 0.30,"Plan Rows": 1,"Plan Width": 8,"Actual Startup Time": 0.001,"Actual Total Time": 0.001,"Actual Rows": 1,"Actual Loops": 329315,"Index Cond": "(s_suppkey = lineitem.l_suppkey)","Rows Removed by Index Recheck": 0,"Workers": []}]},{"Node Type": "Index Scan","Parent Relationship": "Inner","Parallel Aware": false,"Async Capable": false,"Scan Direction": "Forward","Index Name": "orders_pkey","Relation Name": "orders","Alias": "orders","Startup Cost": 0.43,"Total Cost": 0.47,"Plan Rows": 1,"Plan Width": 8,"Actual Startup Time": 0.009,"Actual Total Time": 0.009,"Actual Rows": 1,"Actual Loops": 329315,"Index Cond": "(o_orderkey = lineitem.l_orderkey)","Rows Removed by Index Recheck": 0,"Workers": []}]},{"Node Type": "Hash","Parent Relationship": "Inner","Parallel Aware": false,"Async Capable": false,"Startup Cost": 1.25,"Total Cost": 1.25,"Plan Rows": 25,"Plan Width": 108,"Actual Startup Time": 0.106,"Actual Total Time": 0.111,"Actual Rows": 25,"Actual Loops": 4,"Hash Buckets": 1024,"Original Hash Buckets": 1024,"Hash Batches": 1,"Original Hash Batches": 1,"Peak Memory Usage": 10,"Workers": [],"Plans": [{"Node Type": "Seq Scan","Parent Relationship": "Outer","Parallel Aware": false,"Async Capable": false,"Relation Name": "nation","Alias": "nation","Startup Cost": 0.00,"Total Cost": 1.25,"Plan Rows": 25,"Plan Width": 108,"Actual Startup Time": 0.074,"Actual Total Time": 0.080,"Actual Rows": 25,"Actual Loops": 4,"Workers": []}]}]}]}]}]}]},"Planning Time": 11.867,"Triggers": [],"Execution Time": 1860.481}]
[{"Plan": {"Node Type": "Aggregate","Strategy": "Sorted","Partial Mode": "Finalize","Parallel Aware": false,"Async Capable": false,"Startup Cost": 35224.41,"Total Cost": 35237.30,"Plan Rows": 97,"Plan Width": 168,"Actual Startup Time": 2446.740,"Actual Total Time": 2527.570,"Actual Rows": 175,"Actual Loops": 1,"Group Key": ["nation.n_name", "(EXTRACT(year FROM orders.o_orderdate))"],"Plans": [{"Node Type": "Gather Merge","Parent Relationship": "Outer","Parallel Aware": false,"Async Capable": false,"Startup Cost": 35224.41,"Total Cost": 35235.05,"Plan Rows": 80,"Plan Width": 168,"Actual Startup Time": 2445.319,"Actual Total Time": 2527.159,"Actual Rows": 525,"Actual Loops": 1,"Workers Planned": 2,"Workers Launched": 2,"Plans": [{"Node Type": "Aggregate","Strategy": "Sorted","Partial Mode": "Partial","Parent Relationship": "Outer","Parallel Aware": false,"Async Capable": false,"Startup Cost": 34224.39,"Total Cost": 34225.79,"Plan Rows": 40,"Plan Width": 168,"Actual Startup Time": 2302.062,"Actual Total Time": 2432.417,"Actual Rows": 175,"Actual Loops": 3,"Group Key": ["nation.n_name", "(EXTRACT(year FROM orders.o_orderdate))"],"Workers": [],"Plans": [{"Node Type": "Sort","Parent Relationship": "Outer","Parallel Aware": false,"Async Capable": false,"Startup Cost": 34224.39,"Total Cost": 34224.49,"Plan Rows": 40,"Plan Width": 159,"Actual Startup Time": 2301.394,"Actual Total Time": 2345.621,"Actual Rows": 109556,"Actual Loops": 3,"Sort Key": ["nation.n_name", "(EXTRACT(year FROM orders.o_orderdate)) DESC"],"Sort Method": "quicksort","Sort Space Used": 13628,"Sort Space Type": "Memory","Workers": [{"Worker Number": 0,"Sort Method": "quicksort","Sort Space Used": 14173,"Sort Space Type": "Memory"},{"Worker Number": 1,"Sort Method": "quicksort","Sort Space Used": 14136,"Sort Space Type": "Memory"}],"Plans": [{"Node Type": "Hash Join","Parent Relationship": "Outer","Parallel Aware": false,"Async Capable": false,"Join Type": "Inner","Startup Cost": 3.13,"Total Cost": 34223.32,"Plan Rows": 40,"Plan Width": 159,"Actual Startup Time": 0.808,"Actual Total Time": 2152.387,"Actual Rows": 109556,"Actual Loops": 3,"Inner Unique": true,"Hash Cond": "(supplier.s_nationkey = nation.n_nationkey)","Workers": [],"Plans": [{"Node Type": "Nested Loop","Parent Relationship": "Outer","Parallel Aware": false,"Async Capable": false,"Join Type": "Inner","Startup Cost": 1.57,"Total Cost": 34221.53,"Plan Rows": 40,"Plan Width": 31,"Actual Startup Time": 0.597,"Actual Total Time": 2120.724,"Actual Rows": 109556,"Actual Loops": 3,"Inner Unique": true,"Workers": [],"Plans": [{"Node Type": "Nested Loop","Parent Relationship": "Outer","Parallel Aware": false,"Async Capable": false,"Join Type": "Inner","Startup Cost": 1.14,"Total Cost": 34202.93,"Plan Rows": 40,"Plan Width": 31,"Actual Startup Time": 0.482,"Actual Total Time": 981.866,"Actual Rows": 109556,"Actual Loops": 3,"Inner Unique": true,"Workers": [],"Plans": [{"Node Type": "Nested Loop","Parent Relationship": "Outer","Parallel Aware": false,"Async Capable": false,"Join Type": "Inner","Startup Cost": 0.86,"Total Cost": 34190.82,"Plan Rows": 40,"Plan Width": 35,"Actual Startup Time": 0.370,"Actual Total Time": 797.400,"Actual Rows": 109556,"Actual Loops": 3,"Inner Unique": false,"Workers": [],"Plans": [{"Node Type": "Nested Loop","Parent Relationship": "Outer","Parallel Aware": false,"Async Capable": false,"Join Type": "Inner","Startup Cost": 0.42,"Total Cost": 19885.25,"Plan Rows": 13468,"Plan Width": 18,"Actual Startup Time": 0.230,"Actual Total Time": 117.251,"Actual Rows": 14572,"Actual Loops": 3,"Inner Unique": false,"Workers": [],"Plans": [{"Node Type": "Seq Scan","Parent Relationship": "Outer","Parallel Aware": true,"Async Capable": false,"Relation Name": "part","Alias": "part","Startup Cost": 0.00,"Total Cost": 5138.67,"Plan Rows": 3367,"Plan Width": 4,"Actual Startup Time": 0.067,"Actual Total Time": 50.326,"Actual Rows": 3643,"Actual Loops": 3,"Filter": "((p_name)::text ~~ '%grey%'::text)","Rows Removed by Filter": 63024,"Workers": []},{"Node Type": "Index Scan","Parent Relationship": "Inner","Parallel Aware": false,"Async Capable": false,"Scan Direction": "Forward","Index Name": "idx_partsupp_partkey","Relation Name": "partsupp","Alias": "partsupp","Startup Cost": 0.42,"Total Cost": 4.34,"Plan Rows": 4,"Plan Width": 14,"Actual Startup Time": 0.014,"Actual Total Time": 0.018,"Actual Rows": 4,"Actual Loops": 10929,"Index Cond": "(ps_partkey = part.p_partkey)","Rows Removed by Index Recheck": 0,"Workers": []}]},{"Node Type": "Index Scan","Parent Relationship": "Inner","Parallel Aware": false,"Async Capable": false,"Scan Direction": "Forward","Index Name": "idx_lineitem_part_supp","Relation Name": "lineitem","Alias": "lineitem","Startup Cost": 0.43,"Total Cost": 1.05,"Plan Rows": 1,"Plan Width": 29,"Actual Startup Time": 0.007,"Actual Total Time": 0.045,"Actual Rows": 8,"Actual Loops": 43716,"Index Cond": "((l_partkey = partsupp.ps_partkey) AND (l_suppkey = partsupp.ps_suppkey))","Rows Removed by Index Recheck": 0,"Workers": []}]},{"Node Type": "Index Scan","Parent Relationship": "Inner","Parallel Aware": false,"Async Capable": false,"Scan Direction": "Forward","Index Name": "supplier_pkey","Relation Name": "supplier","Alias": "supplier","Startup Cost": 0.29,"Total Cost": 0.30,"Plan Rows": 1,"Plan Width": 8,"Actual Startup Time": 0.001,"Actual Total Time": 0.001,"Actual Rows": 1,"Actual Loops": 328668,"Index Cond": "(s_suppkey = lineitem.l_suppkey)","Rows Removed by Index Recheck": 0,"Workers": []}]},{"Node Type": "Index Scan","Parent Relationship": "Inner","Parallel Aware": false,"Async Capable": false,"Scan Direction": "Forward","Index Name": "orders_pkey","Relation Name": "orders","Alias": "orders","Startup Cost": 0.43,"Total Cost": 0.47,"Plan Rows": 1,"Plan Width": 8,"Actual Startup Time": 0.010,"Actual Total Time": 0.010,"Actual Rows": 1,"Actual Loops": 328668,"Index Cond": "(o_orderkey = lineitem.l_orderkey)","Rows Removed by Index Recheck": 0,"Workers": []}]},{"Node Type": "Hash","Parent Relationship": "Inner","Parallel Aware": false,"Async Capable": false,"Startup Cost": 1.25,"Total Cost": 1.25,"Plan Rows": 25,"Plan Width": 108,"Actual Startup Time": 0.086,"Actual Total Time": 0.097,"Actual Rows": 25,"Actual Loops": 3,"Hash Buckets": 1024,"Original Hash Buckets": 1024,"Hash Batches": 1,"Original Hash Batches": 1,"Peak Memory Usage": 10,"Workers": [],"Plans": [{"Node Type": "Seq Scan","Parent Relationship": "Outer","Parallel Aware": false,"Async Capable": false,"Relation Name": "nation","Alias": "nation","Startup Cost": 0.00,"Total Cost": 1.25,"Plan Rows": 25,"Plan Width": 108,"Actual Startup Time": 0.056,"Actual Total Time": 0.063,"Actual Rows": 25,"Actual Loops": 3,"Workers": []}]}]}]}]}]}]},"Planning Time": 11.608,"Triggers": [],"Execution Time": 2530.681}]
[{"Plan": {"Node Type": "Aggregate","Strategy": "Sorted","Partial Mode": "Finalize","Parallel Aware": false,"Async Capable": false,"Startup Cost": 35224.41,"Total Cost": 35237.30,"Plan Rows": 97,"Plan Width": 168,"Actual Startup Time": 2438.634,"Actual Total Time": 2597.179,"Actual Rows": 175,"Actual Loops": 1,"Group Key": ["nation.n_name", "(EXTRACT(year FROM orders.o_orderdate))"],"Plans": [{"Node Type": "Gather Merge","Parent Relationship": "Outer","Parallel Aware": false,"Async Capable": false,"Startup Cost": 35224.41,"Total Cost": 35235.05,"Plan Rows": 80,"Plan Width": 168,"Actual Startup Time": 2437.212,"Actual Total Time": 2596.783,"Actual Rows": 525,"Actual Loops": 1,"Workers Planned": 2,"Workers Launched": 2,"Plans": [{"Node Type": "Aggregate","Strategy": "Sorted","Partial Mode": "Partial","Parent Relationship": "Outer","Parallel Aware": false,"Async Capable": false,"Startup Cost": 34224.39,"Total Cost": 34225.79,"Plan Rows": 40,"Plan Width": 168,"Actual Startup Time": 2317.202,"Actual Total Time": 2458.541,"Actual Rows": 175,"Actual Loops": 3,"Group Key": ["nation.n_name", "(EXTRACT(year FROM orders.o_orderdate))"],"Workers": [],"Plans": [{"Node Type": "Sort","Parent Relationship": "Outer","Parallel Aware": false,"Async Capable": false,"Startup Cost": 34224.39,"Total Cost": 34224.49,"Plan Rows": 40,"Plan Width": 159,"Actual Startup Time": 2316.568,"Actual Total Time": 2367.365,"Actual Rows": 107948,"Actual Loops": 3,"Sort Key": ["nation.n_name", "(EXTRACT(year FROM orders.o_orderdate)) DESC"],"Sort Method": "quicksort","Sort Space Used": 14538,"Sort Space Type": "Memory","Workers": [{"Worker Number": 0,"Sort Method": "quicksort","Sort Space Used": 13479,"Sort Space Type": "Memory"},{"Worker Number": 1,"Sort Method": "quicksort","Sort Space Used": 13441,"Sort Space Type": "Memory"}],"Plans": [{"Node Type": "Hash Join","Parent Relationship": "Outer","Parallel Aware": false,"Async Capable": false,"Join Type": "Inner","Startup Cost": 3.13,"Total Cost": 34223.32,"Plan Rows": 40,"Plan Width": 159,"Actual Startup Time": 0.735,"Actual Total Time": 2172.824,"Actual Rows": 107948,"Actual Loops": 3,"Inner Unique": true,"Hash Cond": "(supplier.s_nationkey = nation.n_nationkey)","Workers": [],"Plans": [{"Node Type": "Nested Loop","Parent Relationship": "Outer","Parallel Aware": false,"Async Capable": false,"Join Type": "Inner","Startup Cost": 1.57,"Total Cost": 34221.53,"Plan Rows": 40,"Plan Width": 31,"Actual Startup Time": 0.558,"Actual Total Time": 2141.544,"Actual Rows": 107948,"Actual Loops": 3,"Inner Unique": true,"Workers": [],"Plans": [{"Node Type": "Nested Loop","Parent Relationship": "Outer","Parallel Aware": false,"Async Capable": false,"Join Type": "Inner","Startup Cost": 1.14,"Total Cost": 34202.93,"Plan Rows": 40,"Plan Width": 31,"Actual Startup Time": 0.423,"Actual Total Time": 998.893,"Actual Rows": 107948,"Actual Loops": 3,"Inner Unique": true,"Workers": [],"Plans": [{"Node Type": "Nested Loop","Parent Relationship": "Outer","Parallel Aware": false,"Async Capable": false,"Join Type": "Inner","Startup Cost": 0.86,"Total Cost": 34190.82,"Plan Rows": 40,"Plan Width": 35,"Actual Startup Time": 0.327,"Actual Total Time": 814.063,"Actual Rows": 107948,"Actual Loops": 3,"Inner Unique": false,"Workers": [],"Plans": [{"Node Type": "Nested Loop","Parent Relationship": "Outer","Parallel Aware": false,"Async Capable": false,"Join Type": "Inner","Startup Cost": 0.42,"Total Cost": 19885.25,"Plan Rows": 13468,"Plan Width": 18,"Actual Startup Time": 0.193,"Actual Total Time": 113.337,"Actual Rows": 14405,"Actual Loops": 3,"Inner Unique": false,"Workers": [],"Plans": [{"Node Type": "Seq Scan","Parent Relationship": "Outer","Parallel Aware": true,"Async Capable": false,"Relation Name": "part","Alias": "part","Startup Cost": 0.00,"Total Cost": 5138.67,"Plan Rows": 3367,"Plan Width": 4,"Actual Startup Time": 0.059,"Actual Total Time": 48.010,"Actual Rows": 3601,"Actual Loops": 3,"Filter": "((p_name)::text ~~ '%floral%'::text)","Rows Removed by Filter": 63065,"Workers": []},{"Node Type": "Index Scan","Parent Relationship": "Inner","Parallel Aware": false,"Async Capable": false,"Scan Direction": "Forward","Index Name": "idx_partsupp_partkey","Relation Name": "partsupp","Alias": "partsupp","Startup Cost": 0.42,"Total Cost": 4.34,"Plan Rows": 4,"Plan Width": 14,"Actual Startup Time": 0.014,"Actual Total Time": 0.017,"Actual Rows": 4,"Actual Loops": 10804,"Index Cond": "(ps_partkey = part.p_partkey)","Rows Removed by Index Recheck": 0,"Workers": []}]},{"Node Type": "Index Scan","Parent Relationship": "Inner","Parallel Aware": false,"Async Capable": false,"Scan Direction": "Forward","Index Name": "idx_lineitem_part_supp","Relation Name": "lineitem","Alias": "lineitem","Startup Cost": 0.43,"Total Cost": 1.05,"Plan Rows": 1,"Plan Width": 29,"Actual Startup Time": 0.007,"Actual Total Time": 0.047,"Actual Rows": 7,"Actual Loops": 43216,"Index Cond": "((l_partkey = partsupp.ps_partkey) AND (l_suppkey = partsupp.ps_suppkey))","Rows Removed by Index Recheck": 0,"Workers": []}]},{"Node Type": "Index Scan","Parent Relationship": "Inner","Parallel Aware": false,"Async Capable": false,"Scan Direction": "Forward","Index Name": "supplier_pkey","Relation Name": "supplier","Alias": "supplier","Startup Cost": 0.29,"Total Cost": 0.30,"Plan Rows": 1,"Plan Width": 8,"Actual Startup Time": 0.001,"Actual Total Time": 0.001,"Actual Rows": 1,"Actual Loops": 323844,"Index Cond": "(s_suppkey = lineitem.l_suppkey)","Rows Removed by Index Recheck": 0,"Workers": []}]},{"Node Type": "Index Scan","Parent Relationship": "Inner","Parallel Aware": false,"Async Capable": false,"Scan Direction": "Forward","Index Name": "orders_pkey","Relation Name": "orders","Alias": "orders","Startup Cost": 0.43,"Total Cost": 0.47,"Plan Rows": 1,"Plan Width": 8,"Actual Startup Time": 0.010,"Actual Total Time": 0.010,"Actual Rows": 1,"Actual Loops": 323844,"Index Cond": "(o_orderkey = lineitem.l_orderkey)","Rows Removed by Index Recheck": 0,"Workers": []}]},{"Node Type": "Hash","Parent Relationship": "Inner","Parallel Aware": false,"Async Capable": false,"Startup Cost": 1.25,"Total Cost": 1.25,"Plan Rows": 25,"Plan Width": 108,"Actual Startup Time": 0.087,"Actual Total Time": 0.099,"Actual Rows": 25,"Actual Loops": 3,"Hash Buckets": 1024,"Original Hash Buckets": 1024,"Hash Batches": 1,"Original Hash Batches": 1,"Peak Memory Usage": 10,"Workers": [],"Plans": [{"Node Type": "Seq Scan","Parent Relationship": "Outer","Parallel Aware": false,"Async Capable": false,"Relation Name": "nation","Alias": "nation","Startup Cost": 0.00,"Total Cost": 1.25,"Plan Rows": 25,"Plan Width": 108,"Actual Startup Time": 0.061,"Actual Total Time": 0.067,"Actual Rows": 25,"Actual Loops": 3,"Workers": []}]}]}]}]}]}]},"Planning Time": 12.204,"Triggers": [],"Execution Time": 2600.171}]
[{"Plan": {"Node Type": "Aggregate","Strategy": "Sorted","Partial Mode": "Finalize","Parallel Aware": false,"Async Capable": false,"Startup Cost": 51920.12,"Total Cost": 51953.05,"Plan Rows": 219,"Plan Width": 168,"Actual Startup Time": 1723.050,"Actual Total Time": 1859.125,"Actual Rows": 175,"Actual Loops": 1,"Group Key": ["nation.n_name", "(EXTRACT(year FROM orders.o_orderdate))"],"Plans": [{"Node Type": "Gather Merge","Parent Relationship": "Outer","Parallel Aware": false,"Async Capable": false,"Startup Cost": 51920.12,"Total Cost": 51947.63,"Plan Rows": 213,"Plan Width": 168,"Actual Startup Time": 1721.958,"Actual Total Time": 1858.702,"Actual Rows": 700,"Actual Loops": 1,"Workers Planned": 3,"Workers Launched": 3,"Plans": [{"Node Type": "Aggregate","Strategy": "Sorted","Partial Mode": "Partial","Parent Relationship": "Outer","Parallel Aware": false,"Async Capable": false,"Startup Cost": 50920.08,"Total Cost": 50922.56,"Plan Rows": 71,"Plan Width": 168,"Actual Startup Time": 1658.851,"Actual Total Time": 1755.065,"Actual Rows": 175,"Actual Loops": 4,"Group Key": ["nation.n_name", "(EXTRACT(year FROM orders.o_orderdate))"],"Workers": [],"Plans": [{"Node Type": "Sort","Parent Relationship": "Outer","Parallel Aware": false,"Async Capable": false,"Startup Cost": 50920.08,"Total Cost": 50920.26,"Plan Rows": 71,"Plan Width": 159,"Actual Startup Time": 1658.360,"Actual Total Time": 1691.567,"Actual Rows": 82609,"Actual Loops": 4,"Sort Key": ["nation.n_name", "(EXTRACT(year FROM orders.o_orderdate)) DESC"],"Sort Method": "quicksort","Sort Space Used": 11581,"Sort Space Type": "Memory","Workers": [{"Worker Number": 0,"Sort Method": "quicksort","Sort Space Used": 11232,"Sort Space Type": "Memory"},{"Worker Number": 1,"Sort Method": "quicksort","Sort Space Used": 11219,"Sort Space Type": "Memory"},{"Worker Number": 2,"Sort Method": "quicksort","Sort Space Used": 11158,"Sort Space Type": "Memory"}],"Plans": [{"Node Type": "Hash Join","Parent Relationship": "Outer","Parallel Aware": false,"Async Capable": false,"Join Type": "Inner","Startup Cost": 5236.07,"Total Cost": 50917.89,"Plan Rows": 71,"Plan Width": 159,"Actual Startup Time": 21.699,"Actual Total Time": 1557.030,"Actual Rows": 82609,"Actual Loops": 4,"Inner Unique": true,"Hash Cond": "(supplier.s_nationkey = nation.n_nationkey)","Workers": [],"Plans": [{"Node Type": "Nested Loop","Parent Relationship": "Outer","Parallel Aware": false,"Async Capable": false,"Join Type": "Inner","Startup Cost": 5234.51,"Total Cost": 50915.94,"Plan Rows": 71,"Plan Width": 31,"Actual Startup Time": 21.538,"Actual Total Time": 1533.756,"Actual Rows": 82609,"Actual Loops": 4,"Inner Unique": true,"Workers": [],"Plans": [{"Node Type": "Nested Loop","Parent Relationship": "Outer","Parallel Aware": false,"Async Capable": false,"Join Type": "Inner","Startup Cost": 5234.08,"Total Cost": 50882.91,"Plan Rows": 71,"Plan Width": 31,"Actual Startup Time": 21.473,"Actual Total Time": 801.833,"Actual Rows": 82609,"Actual Loops": 4,"Inner Unique": true,"Workers": [],"Plans": [{"Node Type": "Nested Loop","Parent Relationship": "Outer","Parallel Aware": false,"Async Capable": false,"Join Type": "Inner","Startup Cost": 5233.80,"Total Cost": 50861.42,"Plan Rows": 71,"Plan Width": 35,"Actual Startup Time": 21.434,"Actual Total Time": 663.334,"Actual Rows": 82609,"Actual Loops": 4,"Inner Unique": false,"Workers": [],"Plans": [{"Node Type": "Hash Join","Parent Relationship": "Outer","Parallel Aware": true,"Async Capable": false,"Join Type": "Inner","Startup Cost": 5233.37,"Total Cost": 25942.44,"Plan Rows": 23460,"Plan Width": 18,"Actual Startup Time": 21.376,"Actual Total Time": 198.945,"Actual Rows": 10969,"Actual Loops": 4,"Inner Unique": true,"Hash Cond": "(partsupp.ps_partkey = part.p_partkey)","Workers": [],"Plans": [{"Node Type": "Seq Scan","Parent Relationship": "Outer","Parallel Aware": true,"Async Capable": false,"Relation Name": "partsupp","Alias": "partsupp","Startup Cost": 0.00,"Total Cost": 20031.65,"Plan Rows": 258065,"Plan Width": 14,"Actual Startup Time": 0.019,"Actual Total Time": 41.772,"Actual Rows": 200000,"Actual Loops": 4,"Workers": []},{"Node Type": "Hash","Parent Relationship": "Inner","Parallel Aware": true,"Async Capable": false,"Startup Cost": 5138.67,"Total Cost": 5138.67,"Plan Rows": 7576,"Plan Width": 4,"Actual Startup Time": 21.156,"Actual Total Time": 21.166,"Actual Rows": 2742,"Actual Loops": 4,"Hash Buckets": 32768,"Original Hash Buckets": 32768,"Hash Batches": 1,"Original Hash Batches": 1,"Peak Memory Usage": 736,"Workers": [],"Plans": [{"Node Type": "Seq Scan","Parent Relationship": "Outer","Parallel Aware": true,"Async Capable": false,"Relation Name": "part","Alias": "part","Startup Cost": 0.00,"Total Cost": 5138.67,"Plan Rows": 7576,"Plan Width": 4,"Actual Startup Time": 0.057,"Actual Total Time": 19.393,"Actual Rows": 2742,"Actual Loops": 4,"Filter": "((p_name)::text ~~ '%burlywood%'::text)","Rows Removed by Filter": 47258,"Workers": []}]}]},{"Node Type": "Index Scan","Parent Relationship": "Inner","Parallel Aware": false,"Async Capable": false,"Scan Direction": "Forward","Index Name": "idx_lineitem_part_supp","Relation Name": "lineitem","Alias": "lineitem","Startup Cost": 0.43,"Total Cost": 1.05,"Plan Rows": 1,"Plan Width": 29,"Actual Startup Time": 0.006,"Actual Total Time": 0.041,"Actual Rows": 8,"Actual Loops": 43876,"Index Cond": "((l_partkey = partsupp.ps_partkey) AND (l_suppkey = partsupp.ps_suppkey))","Rows Removed by Index Recheck": 0,"Workers": []}]},{"Node Type": "Index Scan","Parent Relationship": "Inner","Parallel Aware": false,"Async Capable": false,"Scan Direction": "Forward","Index Name": "supplier_pkey","Relation Name": "supplier","Alias": "supplier","Startup Cost": 0.29,"Total Cost": 0.30,"Plan Rows": 1,"Plan Width": 8,"Actual Startup Time": 0.001,"Actual Total Time": 0.001,"Actual Rows": 1,"Actual Loops": 330436,"Index Cond": "(s_suppkey = lineitem.l_suppkey)","Rows Removed by Index Recheck": 0,"Workers": []}]},{"Node Type": "Index Scan","Parent Relationship": "Inner","Parallel Aware": false,"Async Capable": false,"Scan Direction": "Forward","Index Name": "orders_pkey","Relation Name": "orders","Alias": "orders","Startup Cost": 0.43,"Total Cost": 0.47,"Plan Rows": 1,"Plan Width": 8,"Actual Startup Time": 0.009,"Actual Total Time": 0.009,"Actual Rows": 1,"Actual Loops": 330436,"Index Cond": "(o_orderkey = lineitem.l_orderkey)","Rows Removed by Index Recheck": 0,"Workers": []}]},{"Node Type": "Hash","Parent Relationship": "Inner","Parallel Aware": false,"Async Capable": false,"Startup Cost": 1.25,"Total Cost": 1.25,"Plan Rows": 25,"Plan Width": 108,"Actual Startup Time": 0.081,"Actual Total Time": 0.085,"Actual Rows": 25,"Actual Loops": 4,"Hash Buckets": 1024,"Original Hash Buckets": 1024,"Hash Batches": 1,"Original Hash Batches": 1,"Peak Memory Usage": 10,"Workers": [],"Plans": [{"Node Type": "Seq Scan","Parent Relationship": "Outer","Parallel Aware": false,"Async Capable": false,"Relation Name": "nation","Alias": "nation","Startup Cost": 0.00,"Total Cost": 1.25,"Plan Rows": 25,"Plan Width": 108,"Actual Startup Time": 0.056,"Actual Total Time": 0.061,"Actual Rows": 25,"Actual Loops": 4,"Workers": []}]}]}]}]}]}]},"Planning Time": 12.444,"Triggers": [],"Execution Time": 1860.388}]
[{"Plan": {"Node Type": "Aggregate","Strategy": "Sorted","Partial Mode": "Finalize","Parallel Aware": false,"Async Capable": false,"Startup Cost": 49135.04,"Total Cost": 49164.27,"Plan Rows": 195,"Plan Width": 168,"Actual Startup Time": 1717.770,"Actual Total Time": 1820.281,"Actual Rows": 175,"Actual Loops": 1,"Group Key": ["nation.n_name", "(EXTRACT(year FROM orders.o_orderdate))"],"Plans": [{"Node Type": "Gather Merge","Parent Relationship": "Outer","Parallel Aware": false,"Async Capable": false,"Startup Cost": 49135.04,"Total Cost": 49159.45,"Plan Rows": 189,"Plan Width": 168,"Actual Startup Time": 1716.332,"Actual Total Time": 1819.712,"Actual Rows": 700,"Actual Loops": 1,"Workers Planned": 3,"Workers Launched": 3,"Plans": [{"Node Type": "Aggregate","Strategy": "Sorted","Partial Mode": "Partial","Parent Relationship": "Outer","Parallel Aware": false,"Async Capable": false,"Startup Cost": 48135.00,"Total Cost": 48137.21,"Plan Rows": 63,"Plan Width": 168,"Actual Startup Time": 1637.960,"Actual Total Time": 1730.367,"Actual Rows": 175,"Actual Loops": 4,"Group Key": ["nation.n_name", "(EXTRACT(year FROM orders.o_orderdate))"],"Workers": [],"Plans": [{"Node Type": "Sort","Parent Relationship": "Outer","Parallel Aware": false,"Async Capable": false,"Startup Cost": 48135.00,"Total Cost": 48135.16,"Plan Rows": 63,"Plan Width": 159,"Actual Startup Time": 1637.449,"Actual Total Time": 1669.077,"Actual Rows": 81300,"Actual Loops": 4,"Sort Key": ["nation.n_name", "(EXTRACT(year FROM orders.o_orderdate)) DESC"],"Sort Method": "quicksort","Sort Space Used": 11078,"Sort Space Type": "Memory","Workers": [{"Worker Number": 0,"Sort Method": "quicksort","Sort Space Used": 11424,"Sort Space Type": "Memory"},{"Worker Number": 1,"Sort Method": "quicksort","Sort Space Used": 10860,"Sort Space Type": "Memory"},{"Worker Number": 2,"Sort Method": "quicksort","Sort Space Used": 11307,"Sort Space Type": "Memory"}],"Plans": [{"Node Type": "Hash Join","Parent Relationship": "Outer","Parallel Aware": false,"Async Capable": false,"Join Type": "Inner","Startup Cost": 5225.55,"Total Cost": 48133.12,"Plan Rows": 63,"Plan Width": 159,"Actual Startup Time": 22.006,"Actual Total Time": 1536.711,"Actual Rows": 81300,"Actual Loops": 4,"Inner Unique": true,"Hash Cond": "(supplier.s_nationkey = nation.n_nationkey)","Workers": [],"Plans": [{"Node Type": "Nested Loop","Parent Relationship": "Outer","Parallel Aware": false,"Async Capable": false,"Join Type": "Inner","Startup Cost": 5223.99,"Total Cost": 48131.20,"Plan Rows": 63,"Plan Width": 31,"Actual Startup Time": 21.853,"Actual Total Time": 1512.923,"Actual Rows": 81300,"Actual Loops": 4,"Inner Unique": true,"Workers": [],"Plans": [{"Node Type": "Nested Loop","Parent Relationship": "Outer","Parallel Aware": false,"Async Capable": false,"Join Type": "Inner","Startup Cost": 5223.56,"Total Cost": 48101.90,"Plan Rows": 63,"Plan Width": 31,"Actual Startup Time": 21.770,"Actual Total Time": 779.387,"Actual Rows": 81300,"Actual Loops": 4,"Inner Unique": true,"Workers": [],"Plans": [{"Node Type": "Nested Loop","Parent Relationship": "Outer","Parallel Aware": false,"Async Capable": false,"Join Type": "Inner","Startup Cost": 5223.27,"Total Cost": 48082.83,"Plan Rows": 63,"Plan Width": 35,"Actual Startup Time": 21.713,"Actual Total Time": 642.667,"Actual Rows": 81300,"Actual Loops": 4,"Inner Unique": false,"Workers": [],"Plans": [{"Node Type": "Hash Join","Parent Relationship": "Outer","Parallel Aware": true,"Async Capable": false,"Join Type": "Inner","Startup Cost": 5222.84,"Total Cost": 25931.92,"Plan Rows": 20854,"Plan Width": 18,"Actual Startup Time": 21.651,"Actual Total Time": 185.729,"Actual Rows": 10842,"Actual Loops": 4,"Inner Unique": true,"Hash Cond": "(partsupp.ps_partkey = part.p_partkey)","Workers": [],"Plans": [{"Node Type": "Seq Scan","Parent Relationship": "Outer","Parallel Aware": true,"Async Capable": false,"Relation Name": "partsupp","Alias": "partsupp","Startup Cost": 0.00,"Total Cost": 20031.65,"Plan Rows": 258065,"Plan Width": 14,"Actual Startup Time": 0.018,"Actual Total Time": 42.893,"Actual Rows": 200000,"Actual Loops": 4,"Workers": []},{"Node Type": "Hash","Parent Relationship": "Inner","Parallel Aware": true,"Async Capable": false,"Startup Cost": 5138.67,"Total Cost": 5138.67,"Plan Rows": 6734,"Plan Width": 4,"Actual Startup Time": 21.459,"Actual Total Time": 21.480,"Actual Rows": 2710,"Actual Loops": 4,"Hash Buckets": 16384,"Original Hash Buckets": 16384,"Hash Batches": 1,"Original Hash Batches": 1,"Peak Memory Usage": 640,"Workers": [],"Plans": [{"Node Type": "Seq Scan","Parent Relationship": "Outer","Parallel Aware": true,"Async Capable": false,"Relation Name": "part","Alias": "part","Startup Cost": 0.00,"Total Cost": 5138.67,"Plan Rows": 6734,"Plan Width": 4,"Actual Startup Time": 0.045,"Actual Total Time": 20.042,"Actual Rows": 2710,"Actual Loops": 4,"Filter": "((p_name)::text ~~ '%goldenrod%'::text)","Rows Removed by Filter": 47290,"Workers": []}]}]},{"Node Type": "Index Scan","Parent Relationship": "Inner","Parallel Aware": false,"Async Capable": false,"Scan Direction": "Forward","Index Name": "idx_lineitem_part_supp","Relation Name": "lineitem","Alias": "lineitem","Startup Cost": 0.43,"Total Cost": 1.05,"Plan Rows": 1,"Plan Width": 29,"Actual Startup Time": 0.006,"Actual Total Time": 0.041,"Actual Rows": 7,"Actual Loops": 43368,"Index Cond": "((l_partkey = partsupp.ps_partkey) AND (l_suppkey = partsupp.ps_suppkey))","Rows Removed by Index Recheck": 0,"Workers": []}]},{"Node Type": "Index Scan","Parent Relationship": "Inner","Parallel Aware": false,"Async Capable": false,"Scan Direction": "Forward","Index Name": "supplier_pkey","Relation Name": "supplier","Alias": "supplier","Startup Cost": 0.29,"Total Cost": 0.30,"Plan Rows": 1,"Plan Width": 8,"Actual Startup Time": 0.001,"Actual Total Time": 0.001,"Actual Rows": 1,"Actual Loops": 325201,"Index Cond": "(s_suppkey = lineitem.l_suppkey)","Rows Removed by Index Recheck": 0,"Workers": []}]},{"Node Type": "Index Scan","Parent Relationship": "Inner","Parallel Aware": false,"Async Capable": false,"Scan Direction": "Forward","Index Name": "orders_pkey","Relation Name": "orders","Alias": "orders","Startup Cost": 0.43,"Total Cost": 0.47,"Plan Rows": 1,"Plan Width": 8,"Actual Startup Time": 0.009,"Actual Total Time": 0.009,"Actual Rows": 1,"Actual Loops": 325201,"Index Cond": "(o_orderkey = lineitem.l_orderkey)","Rows Removed by Index Recheck": 0,"Workers": []}]},{"Node Type": "Hash","Parent Relationship": "Inner","Parallel Aware": false,"Async Capable": false,"Startup Cost": 1.25,"Total Cost": 1.25,"Plan Rows": 25,"Plan Width": 108,"Actual Startup Time": 0.058,"Actual Total Time": 0.068,"Actual Rows": 25,"Actual Loops": 4,"Hash Buckets": 1024,"Original Hash Buckets": 1024,"Hash Batches": 1,"Original Hash Batches": 1,"Peak Memory Usage": 10,"Workers": [],"Plans": [{"Node Type": "Seq Scan","Parent Relationship": "Outer","Parallel Aware": false,"Async Capable": false,"Relation Name": "nation","Alias": "nation","Startup Cost": 0.00,"Total Cost": 1.25,"Plan Rows": 25,"Plan Width": 108,"Actual Startup Time": 0.040,"Actual Total Time": 0.047,"Actual Rows": 25,"Actual Loops": 4,"Workers": []}]}]}]}]}]}]},"Planning Time": 12.322,"Triggers": [],"Execution Time": 1822.644}]
[{"Plan": {"Node Type": "Aggregate","Strategy": "Sorted","Partial Mode": "Finalize","Parallel Aware": false,"Async Capable": false,"Startup Cost": 41381.04,"Total Cost": 41397.45,"Plan Rows": 122,"Plan Width": 168,"Actual Startup Time": 2431.177,"Actual Total Time": 2560.188,"Actual Rows": 175,"Actual Loops": 1,"Group Key": ["nation.n_name", "(EXTRACT(year FROM orders.o_orderdate))"],"Plans": [{"Node Type": "Gather Merge","Parent Relationship": "Outer","Parallel Aware": false,"Async Capable": false,"Startup Cost": 41381.04,"Total Cost": 41394.60,"Plan Rows": 102,"Plan Width": 168,"Actual Startup Time": 2429.302,"Actual Total Time": 2559.805,"Actual Rows": 525,"Actual Loops": 1,"Workers Planned": 2,"Workers Launched": 2,"Plans": [{"Node Type": "Aggregate","Strategy": "Sorted","Partial Mode": "Partial","Parent Relationship": "Outer","Parallel Aware": false,"Async Capable": false,"Startup Cost": 40381.01,"Total Cost": 40382.80,"Plan Rows": 51,"Plan Width": 168,"Actual Startup Time": 2327.238,"Actual Total Time": 2438.083,"Actual Rows": 175,"Actual Loops": 3,"Group Key": ["nation.n_name", "(EXTRACT(year FROM orders.o_orderdate))"],"Workers": [],"Plans": [{"Node Type": "Sort","Parent Relationship": "Outer","Parallel Aware": false,"Async Capable": false,"Startup Cost": 40381.01,"Total Cost": 40381.14,"Plan Rows": 51,"Plan Width": 159,"Actual Startup Time": 2326.616,"Actual Total Time": 2360.128,"Actual Rows": 110167,"Actual Loops": 3,"Sort Key": ["nation.n_name", "(EXTRACT(year FROM orders.o_orderdate)) DESC"],"Sort Method": "quicksort","Sort Space Used": 13685,"Sort Space Type": "Memory","Workers": [{"Worker Number": 0,"Sort Method": "quicksort","Sort Space Used": 14027,"Sort Space Type": "Memory"},{"Worker Number": 1,"Sort Method": "quicksort","Sort Space Used": 14415,"Sort Space Type": "Memory"}],"Plans": [{"Node Type": "Hash Join","Parent Relationship": "Outer","Parallel Aware": false,"Async Capable": false,"Join Type": "Inner","Startup Cost": 3.13,"Total Cost": 40379.57,"Plan Rows": 51,"Plan Width": 159,"Actual Startup Time": 0.774,"Actual Total Time": 2175.154,"Actual Rows": 110167,"Actual Loops": 3,"Inner Unique": true,"Hash Cond": "(supplier.s_nationkey = nation.n_nationkey)","Workers": [],"Plans": [{"Node Type": "Nested Loop","Parent Relationship": "Outer","Parallel Aware": false,"Async Capable": false,"Join Type": "Inner","Startup Cost": 1.57,"Total Cost": 40377.72,"Plan Rows": 51,"Plan Width": 31,"Actual Startup Time": 0.582,"Actual Total Time": 2143.575,"Actual Rows": 110167,"Actual Loops": 3,"Inner Unique": true,"Workers": [],"Plans": [{"Node Type": "Nested Loop","Parent Relationship": "Outer","Parallel Aware": false,"Async Capable": false,"Join Type": "Inner","Startup Cost": 1.14,"Total Cost": 40354.00,"Plan Rows": 51,"Plan Width": 31,"Actual Startup Time": 0.451,"Actual Total Time": 989.410,"Actual Rows": 110167,"Actual Loops": 3,"Inner Unique": true,"Workers": [],"Plans": [{"Node Type": "Nested Loop","Parent Relationship": "Outer","Parallel Aware": false,"Async Capable": false,"Join Type": "Inner","Startup Cost": 0.86,"Total Cost": 40338.56,"Plan Rows": 51,"Plan Width": 35,"Actual Startup Time": 0.342,"Actual Total Time": 803.216,"Actual Rows": 110167,"Actual Loops": 3,"Inner Unique": false,"Workers": [],"Plans": [{"Node Type": "Nested Loop","Parent Relationship": "Outer","Parallel Aware": false,"Async Capable": false,"Join Type": "Inner","Startup Cost": 0.42,"Total Cost": 22456.59,"Plan Rows": 16835,"Plan Width": 18,"Actual Startup Time": 0.214,"Actual Total Time": 117.164,"Actual Rows": 14685,"Actual Loops": 3,"Inner Unique": false,"Workers": [],"Plans": [{"Node Type": "Seq Scan","Parent Relationship": "Outer","Parallel Aware": true,"Async Capable": false,"Relation Name": "part","Alias": "part","Startup Cost": 0.00,"Total Cost": 5138.67,"Plan Rows": 4209,"Plan Width": 4,"Actual Startup Time": 0.077,"Actual Total Time": 49.700,"Actual Rows": 3671,"Actual Loops": 3,"Filter": "((p_name)::text ~~ '%turquoise%'::text)","Rows Removed by Filter": 62995,"Workers": []},{"Node Type": "Index Scan","Parent Relationship": "Inner","Parallel Aware": false,"Async Capable": false,"Scan Direction": "Forward","Index Name": "idx_partsupp_partkey","Relation Name": "partsupp","Alias": "partsupp","Startup Cost": 0.42,"Total Cost": 4.07,"Plan Rows": 4,"Plan Width": 14,"Actual Startup Time": 0.014,"Actual Total Time": 0.018,"Actual Rows": 4,"Actual Loops": 11014,"Index Cond": "(ps_partkey = part.p_partkey)","Rows Removed by Index Recheck": 0,"Workers": []}]},{"Node Type": "Index Scan","Parent Relationship": "Inner","Parallel Aware": false,"Async Capable": false,"Scan Direction": "Forward","Index Name": "idx_lineitem_part_supp","Relation Name": "lineitem","Alias": "lineitem","Startup Cost": 0.43,"Total Cost": 1.05,"Plan Rows": 1,"Plan Width": 29,"Actual Startup Time": 0.007,"Actual Total Time": 0.045,"Actual Rows": 8,"Actual Loops": 44056,"Index Cond": "((l_partkey = partsupp.ps_partkey) AND (l_suppkey = partsupp.ps_suppkey))","Rows Removed by Index Recheck": 0,"Workers": []}]},{"Node Type": "Index Scan","Parent Relationship": "Inner","Parallel Aware": false,"Async Capable": false,"Scan Direction": "Forward","Index Name": "supplier_pkey","Relation Name": "supplier","Alias": "supplier","Startup Cost": 0.29,"Total Cost": 0.30,"Plan Rows": 1,"Plan Width": 8,"Actual Startup Time": 0.001,"Actual Total Time": 0.001,"Actual Rows": 1,"Actual Loops": 330501,"Index Cond": "(s_suppkey = lineitem.l_suppkey)","Rows Removed by Index Recheck": 0,"Workers": []}]},{"Node Type": "Index Scan","Parent Relationship": "Inner","Parallel Aware": false,"Async Capable": false,"Scan Direction": "Forward","Index Name": "orders_pkey","Relation Name": "orders","Alias": "orders","Startup Cost": 0.43,"Total Cost": 0.47,"Plan Rows": 1,"Plan Width": 8,"Actual Startup Time": 0.010,"Actual Total Time": 0.010,"Actual Rows": 1,"Actual Loops": 330501,"Index Cond": "(o_orderkey = lineitem.l_orderkey)","Rows Removed by Index Recheck": 0,"Workers": []}]},{"Node Type": "Hash","Parent Relationship": "Inner","Parallel Aware": false,"Async Capable": false,"Startup Cost": 1.25,"Total Cost": 1.25,"Plan Rows": 25,"Plan Width": 108,"Actual Startup Time": 0.077,"Actual Total Time": 0.095,"Actual Rows": 25,"Actual Loops": 3,"Hash Buckets": 1024,"Original Hash Buckets": 1024,"Hash Batches": 1,"Original Hash Batches": 1,"Peak Memory Usage": 10,"Workers": [],"Plans": [{"Node Type": "Seq Scan","Parent Relationship": "Outer","Parallel Aware": false,"Async Capable": false,"Relation Name": "nation","Alias": "nation","Startup Cost": 0.00,"Total Cost": 1.25,"Plan Rows": 25,"Plan Width": 108,"Actual Startup Time": 0.049,"Actual Total Time": 0.063,"Actual Rows": 25,"Actual Loops": 3,"Workers": []}]}]}]}]}]}]},"Planning Time": 11.933,"Triggers": [],"Execution Time": 2562.804}]
[{"Plan": {"Node Type": "Aggregate","Strategy": "Sorted","Partial Mode": "Finalize","Parallel Aware": false,"Async Capable": false,"Startup Cost": 35224.41,"Total Cost": 35237.30,"Plan Rows": 97,"Plan Width": 168,"Actual Startup Time": 2475.030,"Actual Total Time": 2611.476,"Actual Rows": 175,"Actual Loops": 1,"Group Key": ["nation.n_name", "(EXTRACT(year FROM orders.o_orderdate))"],"Plans": [{"Node Type": "Gather Merge","Parent Relationship": "Outer","Parallel Aware": false,"Async Capable": false,"Startup Cost": 35224.41,"Total Cost": 35235.05,"Plan Rows": 80,"Plan Width": 168,"Actual Startup Time": 2473.086,"Actual Total Time": 2611.014,"Actual Rows": 525,"Actual Loops": 1,"Workers Planned": 2,"Workers Launched": 2,"Plans": [{"Node Type": "Aggregate","Strategy": "Sorted","Partial Mode": "Partial","Parent Relationship": "Outer","Parallel Aware": false,"Async Capable": false,"Startup Cost": 34224.39,"Total Cost": 34225.79,"Plan Rows": 40,"Plan Width": 168,"Actual Startup Time": 2358.545,"Actual Total Time": 2496.070,"Actual Rows": 175,"Actual Loops": 3,"Group Key": ["nation.n_name", "(EXTRACT(year FROM orders.o_orderdate))"],"Workers": [],"Plans": [{"Node Type": "Sort","Parent Relationship": "Outer","Parallel Aware": false,"Async Capable": false,"Startup Cost": 34224.39,"Total Cost": 34224.49,"Plan Rows": 40,"Plan Width": 159,"Actual Startup Time": 2357.894,"Actual Total Time": 2405.981,"Actual Rows": 109457,"Actual Loops": 3,"Sort Key": ["nation.n_name", "(EXTRACT(year FROM orders.o_orderdate)) DESC"],"Sort Method": "quicksort","Sort Space Used": 13828,"Sort Space Type": "Memory","Workers": [{"Worker Number": 0,"Sort Method": "quicksort","Sort Space Used": 14027,"Sort Space Type": "Memory"},{"Worker Number": 1,"Sort Method": "quicksort","Sort Space Used": 14059,"Sort Space Type": "Memory"}],"Plans": [{"Node Type": "Hash Join","Parent Relationship": "Outer","Parallel Aware": false,"Async Capable": false,"Join Type": "Inner","Startup Cost": 3.13,"Total Cost": 34223.32,"Plan Rows": 40,"Plan Width": 159,"Actual Startup Time": 0.738,"Actual Total Time": 2199.375,"Actual Rows": 109457,"Actual Loops": 3,"Inner Unique": true,"Hash Cond": "(supplier.s_nationkey = nation.n_nationkey)","Workers": [],"Plans": [{"Node Type": "Nested Loop","Parent Relationship": "Outer","Parallel Aware": false,"Async Capable": false,"Join Type": "Inner","Startup Cost": 1.57,"Total Cost": 34221.53,"Plan Rows": 40,"Plan Width": 31,"Actual Startup Time": 0.531,"Actual Total Time": 2166.679,"Actual Rows": 109457,"Actual Loops": 3,"Inner Unique": true,"Workers": [],"Plans": [{"Node Type": "Nested Loop","Parent Relationship": "Outer","Parallel Aware": false,"Async Capable": false,"Join Type": "Inner","Startup Cost": 1.14,"Total Cost": 34202.93,"Plan Rows": 40,"Plan Width": 31,"Actual Startup Time": 0.420,"Actual Total Time": 1001.631,"Actual Rows": 109457,"Actual Loops": 3,"Inner Unique": true,"Workers": [],"Plans": [{"Node Type": "Nested Loop","Parent Relationship": "Outer","Parallel Aware": false,"Async Capable": false,"Join Type": "Inner","Startup Cost": 0.86,"Total Cost": 34190.82,"Plan Rows": 40,"Plan Width": 35,"Actual Startup Time": 0.331,"Actual Total Time": 814.444,"Actual Rows": 109457,"Actual Loops": 3,"Inner Unique": false,"Workers": [],"Plans": [{"Node Type": "Nested Loop","Parent Relationship": "Outer","Parallel Aware": false,"Async Capable": false,"Join Type": "Inner","Startup Cost": 0.42,"Total Cost": 19885.25,"Plan Rows": 13468,"Plan Width": 18,"Actual Startup Time": 0.213,"Actual Total Time": 119.220,"Actual Rows": 14609,"Actual Loops": 3,"Inner Unique": false,"Workers": [],"Plans": [{"Node Type": "Seq Scan","Parent Relationship": "Outer","Parallel Aware": true,"Async Capable": false,"Relation Name": "part","Alias": "part","Startup Cost": 0.00,"Total Cost": 5138.67,"Plan Rows": 3367,"Plan Width": 4,"Actual Startup Time": 0.050,"Actual Total Time": 50.628,"Actual Rows": 3652,"Actual Loops": 3,"Filter": "((p_name)::text ~~ '%chocolate%'::text)","Rows Removed by Filter": 63014,"Workers": []},{"Node Type": "Index Scan","Parent Relationship": "Inner","Parallel Aware": false,"Async Capable": false,"Scan Direction": "Forward","Index Name": "idx_partsupp_partkey","Relation Name": "partsupp","Alias": "partsupp","Startup Cost": 0.42,"Total Cost": 4.34,"Plan Rows": 4,"Plan Width": 14,"Actual Startup Time": 0.014,"Actual Total Time": 0.018,"Actual Rows": 4,"Actual Loops": 10957,"Index Cond": "(ps_partkey = part.p_partkey)","Rows Removed by Index Recheck": 0,"Workers": []}]},{"Node Type": "Index Scan","Parent Relationship": "Inner","Parallel Aware": false,"Async Capable": false,"Scan Direction": "Forward","Index Name": "idx_lineitem_part_supp","Relation Name": "lineitem","Alias": "lineitem","Startup Cost": 0.43,"Total Cost": 1.05,"Plan Rows": 1,"Plan Width": 29,"Actual Startup Time": 0.007,"Actual Total Time": 0.046,"Actual Rows": 7,"Actual Loops": 43828,"Index Cond": "((l_partkey = partsupp.ps_partkey) AND (l_suppkey = partsupp.ps_suppkey))","Rows Removed by Index Recheck": 0,"Workers": []}]},{"Node Type": "Index Scan","Parent Relationship": "Inner","Parallel Aware": false,"Async Capable": false,"Scan Direction": "Forward","Index Name": "supplier_pkey","Relation Name": "supplier","Alias": "supplier","Startup Cost": 0.29,"Total Cost": 0.30,"Plan Rows": 1,"Plan Width": 8,"Actual Startup Time": 0.001,"Actual Total Time": 0.001,"Actual Rows": 1,"Actual Loops": 328370,"Index Cond": "(s_suppkey = lineitem.l_suppkey)","Rows Removed by Index Recheck": 0,"Workers": []}]},{"Node Type": "Index Scan","Parent Relationship": "Inner","Parallel Aware": false,"Async Capable": false,"Scan Direction": "Forward","Index Name": "orders_pkey","Relation Name": "orders","Alias": "orders","Startup Cost": 0.43,"Total Cost": 0.47,"Plan Rows": 1,"Plan Width": 8,"Actual Startup Time": 0.010,"Actual Total Time": 0.010,"Actual Rows": 1,"Actual Loops": 328370,"Index Cond": "(o_orderkey = lineitem.l_orderkey)","Rows Removed by Index Recheck": 0,"Workers": []}]},{"Node Type": "Hash","Parent Relationship": "Inner","Parallel Aware": false,"Async Capable": false,"Startup Cost": 1.25,"Total Cost": 1.25,"Plan Rows": 25,"Plan Width": 108,"Actual Startup Time": 0.103,"Actual Total Time": 0.114,"Actual Rows": 25,"Actual Loops": 3,"Hash Buckets": 1024,"Original Hash Buckets": 1024,"Hash Batches": 1,"Original Hash Batches": 1,"Peak Memory Usage": 10,"Workers": [],"Plans": [{"Node Type": "Seq Scan","Parent Relationship": "Outer","Parallel Aware": false,"Async Capable": false,"Relation Name": "nation","Alias": "nation","Startup Cost": 0.00,"Total Cost": 1.25,"Plan Rows": 25,"Plan Width": 108,"Actual Startup Time": 0.070,"Actual Total Time": 0.076,"Actual Rows": 25,"Actual Loops": 3,"Workers": []}]}]}]}]}]}]},"Planning Time": 11.795,"Triggers": [],"Execution Time": 2613.200}]
[{"Plan": {"Node Type": "Aggregate","Strategy": "Sorted","Partial Mode": "Finalize","Parallel Aware": false,"Async Capable": false,"Startup Cost": 35224.41,"Total Cost": 35237.30,"Plan Rows": 97,"Plan Width": 168,"Actual Startup Time": 2438.634,"Actual Total Time": 2597.179,"Actual Rows": 175,"Actual Loops": 1,"Group Key": ["nation.n_name", "(EXTRACT(year FROM orders.o_orderdate))"],"Plans": [{"Node Type": "Gather Merge","Parent Relationship": "Outer","Parallel Aware": false,"Async Capable": false,"Startup Cost": 35224.41,"Total Cost": 35235.05,"Plan Rows": 80,"Plan Width": 168,"Actual Startup Time": 2437.212,"Actual Total Time": 2596.783,"Actual Rows": 525,"Actual Loops": 1,"Workers Planned": 2,"Workers Launched": 2,"Plans": [{"Node Type": "Aggregate","Strategy": "Sorted","Partial Mode": "Partial","Parent Relationship": "Outer","Parallel Aware": false,"Async Capable": false,"Startup Cost": 34224.39,"Total Cost": 34225.79,"Plan Rows": 40,"Plan Width": 168,"Actual Startup Time": 2317.202,"Actual Total Time": 2458.541,"Actual Rows": 175,"Actual Loops": 3,"Group Key": ["nation.n_name", "(EXTRACT(year FROM orders.o_orderdate))"],"Workers": [],"Plans": [{"Node Type": "Sort","Parent Relationship": "Outer","Parallel Aware": false,"Async Capable": false,"Startup Cost": 34224.39,"Total Cost": 34224.49,"Plan Rows": 40,"Plan Width": 159,"Actual Startup Time": 2316.568,"Actual Total Time": 2367.365,"Actual Rows": 107948,"Actual Loops": 3,"Sort Key": ["nation.n_name", "(EXTRACT(year FROM orders.o_orderdate)) DESC"],"Sort Method": "quicksort","Sort Space Used": 14538,"Sort Space Type": "Memory","Workers": [{"Worker Number": 0,"Sort Method": "quicksort","Sort Space Used": 13479,"Sort Space Type": "Memory"},{"Worker Number": 1,"Sort Method": "quicksort","Sort Space Used": 13441,"Sort Space Type": "Memory"}],"Plans": [{"Node Type": "Hash Join","Parent Relationship": "Outer","Parallel Aware": false,"Async Capable": false,"Join Type": "Inner","Startup Cost": 3.13,"Total Cost": 34223.32,"Plan Rows": 40,"Plan Width": 159,"Actual Startup Time": 0.735,"Actual Total Time": 2172.824,"Actual Rows": 107948,"Actual Loops": 3,"Inner Unique": true,"Hash Cond": "(supplier.s_nationkey = nation.n_nationkey)","Workers": [],"Plans": [{"Node Type": "Nested Loop","Parent Relationship": "Outer","Parallel Aware": false,"Async Capable": false,"Join Type": "Inner","Startup Cost": 1.57,"Total Cost": 34221.53,"Plan Rows": 40,"Plan Width": 31,"Actual Startup Time": 0.558,"Actual Total Time": 2141.544,"Actual Rows": 107948,"Actual Loops": 3,"Inner Unique": true,"Workers": [],"Plans": [{"Node Type": "Nested Loop","Parent Relationship": "Outer","Parallel Aware": false,"Async Capable": false,"Join Type": "Inner","Startup Cost": 1.14,"Total Cost": 34202.93,"Plan Rows": 40,"Plan Width": 31,"Actual Startup Time": 0.423,"Actual Total Time": 998.893,"Actual Rows": 107948,"Actual Loops": 3,"Inner Unique": true,"Workers": [],"Plans": [{"Node Type": "Nested Loop","Parent Relationship": "Outer","Parallel Aware": false,"Async Capable": false,"Join Type": "Inner","Startup Cost": 0.86,"Total Cost": 34190.82,"Plan Rows": 40,"Plan Width": 35,"Actual Startup Time": 0.327,"Actual Total Time": 814.063,"Actual Rows": 107948,"Actual Loops": 3,"Inner Unique": false,"Workers": [],"Plans": [{"Node Type": "Nested Loop","Parent Relationship": "Outer","Parallel Aware": false,"Async Capable": false,"Join Type": "Inner","Startup Cost": 0.42,"Total Cost": 19885.25,"Plan Rows": 13468,"Plan Width": 18,"Actual Startup Time": 0.193,"Actual Total Time": 113.337,"Actual Rows": 14405,"Actual Loops": 3,"Inner Unique": false,"Workers": [],"Plans": [{"Node Type": "Seq Scan","Parent Relationship": "Outer","Parallel Aware": true,"Async Capable": false,"Relation Name": "part","Alias": "part","Startup Cost": 0.00,"Total Cost": 5138.67,"Plan Rows": 3367,"Plan Width": 4,"Actual Startup Time": 0.059,"Actual Total Time": 48.010,"Actual Rows": 3601,"Actual Loops": 3,"Filter": "((p_name)::text ~~ '%floral%'::text)","Rows Removed by Filter": 63065,"Workers": []},{"Node Type": "Index Scan","Parent Relationship": "Inner","Parallel Aware": false,"Async Capable": false,"Scan Direction": "Forward","Index Name": "idx_partsupp_partkey","Relation Name": "partsupp","Alias": "partsupp","Startup Cost": 0.42,"Total Cost": 4.34,"Plan Rows": 4,"Plan Width": 14,"Actual Startup Time": 0.014,"Actual Total Time": 0.017,"Actual Rows": 4,"Actual Loops": 10804,"Index Cond": "(ps_partkey = part.p_partkey)","Rows Removed by Index Recheck": 0,"Workers": []}]},{"Node Type": "Index Scan","Parent Relationship": "Inner","Parallel Aware": false,"Async Capable": false,"Scan Direction": "Forward","Index Name": "idx_lineitem_part_supp","Relation Name": "lineitem","Alias": "lineitem","Startup Cost": 0.43,"Total Cost": 1.05,"Plan Rows": 1,"Plan Width": 29,"Actual Startup Time": 0.007,"Actual Total Time": 0.047,"Actual Rows": 7,"Actual Loops": 43216,"Index Cond": "((l_partkey = partsupp.ps_partkey) AND (l_suppkey = partsupp.ps_suppkey))","Rows Removed by Index Recheck": 0,"Workers": []}]},{"Node Type": "Index Scan","Parent Relationship": "Inner","Parallel Aware": false,"Async Capable": false,"Scan Direction": "Forward","Index Name": "supplier_pkey","Relation Name": "supplier","Alias": "supplier","Startup Cost": 0.29,"Total Cost": 0.30,"Plan Rows": 1,"Plan Width": 8,"Actual Startup Time": 0.001,"Actual Total Time": 0.001,"Actual Rows": 1,"Actual Loops": 323844,"Index Cond": "(s_suppkey = lineitem.l_suppkey)","Rows Removed by Index Recheck": 0,"Workers": []}]},{"Node Type": "Index Scan","Parent Relationship": "Inner","Parallel Aware": false,"Async Capable": false,"Scan Direction": "Forward","Index Name": "orders_pkey","Relation Name": "orders","Alias": "orders","Startup Cost": 0.43,"Total Cost": 0.47,"Plan Rows": 1,"Plan Width": 8,"Actual Startup Time": 0.010,"Actual Total Time": 0.010,"Actual Rows": 1,"Actual Loops": 323844,"Index Cond": "(o_orderkey = lineitem.l_orderkey)","Rows Removed by Index Recheck": 0,"Workers": []}]},{"Node Type": "Hash","Parent Relationship": "Inner","Parallel Aware": false,"Async Capable": false,"Startup Cost": 1.25,"Total Cost": 1.25,"Plan Rows": 25,"Plan Width": 108,"Actual Startup Time": 0.087,"Actual Total Time": 0.099,"Actual Rows": 25,"Actual Loops": 3,"Hash Buckets": 1024,"Original Hash Buckets": 1024,"Hash Batches": 1,"Original Hash Batches": 1,"Peak Memory Usage": 10,"Workers": [],"Plans": [{"Node Type": "Seq Scan","Parent Relationship": "Outer","Parallel Aware": false,"Async Capable": false,"Relation Name": "nation","Alias": "nation","Startup Cost": 0.00,"Total Cost": 1.25,"Plan Rows": 25,"Plan Width": 108,"Actual Startup Time": 0.061,"Actual Total Time": 0.067,"Actual Rows": 25,"Actual Loops": 3,"Workers": []}]}]}]}]}]}]},"Planning Time": 12.204,"Triggers": [],"Execution Time": 2600.171}]
[{"Plan": {"Node Type": "Aggregate","Strategy": "Sorted","Partial Mode": "Finalize","Parallel Aware": false,"Async Capable": false,"Startup Cost": 47355.08,"Total Cost": 47374.71,"Plan Rows": 146,"Plan Width": 168,"Actual Startup Time": 2443.124,"Actual Total Time": 2567.006,"Actual Rows": 175,"Actual Loops": 1,"Group Key": ["nation.n_name", "(EXTRACT(year FROM orders.o_orderdate))"],"Plans": [{"Node Type": "Gather Merge","Parent Relationship": "Outer","Parallel Aware": false,"Async Capable": false,"Startup Cost": 47355.08,"Total Cost": 47371.30,"Plan Rows": 122,"Plan Width": 168,"Actual Startup Time": 2441.228,"Actual Total Time": 2566.482,"Actual Rows": 525,"Actual Loops": 1,"Workers Planned": 2,"Workers Launched": 2,"Plans": [{"Node Type": "Aggregate","Strategy": "Sorted","Partial Mode": "Partial","Parent Relationship": "Outer","Parallel Aware": false,"Async Capable": false,"Startup Cost": 46355.06,"Total Cost": 46357.20,"Plan Rows": 61,"Plan Width": 168,"Actual Startup Time": 2336.095,"Actual Total Time": 2466.062,"Actual Rows": 175,"Actual Loops": 3,"Group Key": ["nation.n_name", "(EXTRACT(year FROM orders.o_orderdate))"],"Workers": [],"Plans": [{"Node Type": "Sort","Parent Relationship": "Outer","Parallel Aware": false,"Async Capable": false,"Startup Cost": 46355.06,"Total Cost": 46355.21,"Plan Rows": 61,"Plan Width": 159,"Actual Startup Time": 2335.334,"Actual Total Time": 2379.750,"Actual Rows": 108571,"Actual Loops": 3,"Sort Key": ["nation.n_name", "(EXTRACT(year FROM orders.o_orderdate)) DESC"],"Sort Method": "quicksort","Sort Space Used": 13745,"Sort Space Type": "Memory","Workers": [{"Worker Number": 0,"Sort Method": "quicksort","Sort Space Used": 13992,"Sort Space Type": "Memory"},{"Worker Number": 1,"Sort Method": "quicksort","Sort Space Used": 13911,"Sort Space Type": "Memory"}],"Plans": [{"Node Type": "Hash Join","Parent Relationship": "Outer","Parallel Aware": false,"Async Capable": false,"Join Type": "Inner","Startup Cost": 3.13,"Total Cost": 46353.25,"Plan Rows": 61,"Plan Width": 159,"Actual Startup Time": 0.583,"Actual Total Time": 2178.457,"Actual Rows": 108571,"Actual Loops": 3,"Inner Unique": true,"Hash Cond": "(supplier.s_nationkey = nation.n_nationkey)","Workers": [],"Plans": [{"Node Type": "Nested Loop","Parent Relationship": "Outer","Parallel Aware": false,"Async Capable": false,"Join Type": "Inner","Startup Cost": 1.57,"Total Cost": 46351.35,"Plan Rows": 61,"Plan Width": 31,"Actual Startup Time": 0.425,"Actual Total Time": 2146.635,"Actual Rows": 108571,"Actual Loops": 3,"Inner Unique": true,"Workers": [],"Plans": [{"Node Type": "Nested Loop","Parent Relationship": "Outer","Parallel Aware": false,"Async Capable": false,"Join Type": "Inner","Startup Cost": 1.14,"Total Cost": 46322.98,"Plan Rows": 61,"Plan Width": 31,"Actual Startup Time": 0.334,"Actual Total Time": 993.434,"Actual Rows": 108571,"Actual Loops": 3,"Inner Unique": true,"Workers": [],"Plans": [{"Node Type": "Nested Loop","Parent Relationship": "Outer","Parallel Aware": false,"Async Capable": false,"Join Type": "Inner","Startup Cost": 0.86,"Total Cost": 46304.52,"Plan Rows": 61,"Plan Width": 35,"Actual Startup Time": 0.258,"Actual Total Time": 808.058,"Actual Rows": 108571,"Actual Loops": 3,"Inner Unique": false,"Workers": [],"Plans": [{"Node Type": "Nested Loop","Parent Relationship": "Outer","Parallel Aware": false,"Async Capable": false,"Join Type": "Inner","Startup Cost": 0.42,"Total Cost": 24846.16,"Plan Rows": 20202,"Plan Width": 18,"Actual Startup Time": 0.160,"Actual Total Time": 118.628,"Actual Rows": 14495,"Actual Loops": 3,"Inner Unique": false,"Workers": [],"Plans": [{"Node Type": "Seq Scan","Parent Relationship": "Outer","Parallel Aware": true,"Async Capable": false,"Relation Name": "part","Alias": "part","Startup Cost": 0.00,"Total Cost": 5138.67,"Plan Rows": 5051,"Plan Width": 4,"Actual Startup Time": 0.041,"Actual Total Time": 50.514,"Actual Rows": 3624,"Actual Loops": 3,"Filter": "((p_name)::text ~~ '%blue%'::text)","Rows Removed by Filter": 63043,"Workers": []},{"Node Type": "Index Scan","Parent Relationship": "Inner","Parallel Aware": false,"Async Capable": false,"Scan Direction": "Forward","Index Name": "idx_partsupp_partkey","Relation Name": "partsupp","Alias": "partsupp","Startup Cost": 0.42,"Total Cost": 3.86,"Plan Rows": 4,"Plan Width": 14,"Actual Startup Time": 0.014,"Actual Total Time": 0.018,"Actual Rows": 4,"Actual Loops": 10871,"Index Cond": "(ps_partkey = part.p_partkey)","Rows Removed by Index Recheck": 0,"Workers": []}]},{"Node Type": "Index Scan","Parent Relationship": "Inner","Parallel Aware": false,"Async Capable": false,"Scan Direction": "Forward","Index Name": "idx_lineitem_part_supp","Relation Name": "lineitem","Alias": "lineitem","Startup Cost": 0.43,"Total Cost": 1.05,"Plan Rows": 1,"Plan Width": 29,"Actual Startup Time": 0.007,"Actual Total Time": 0.046,"Actual Rows": 7,"Actual Loops": 43484,"Index Cond": "((l_partkey = partsupp.ps_partkey) AND (l_suppkey = partsupp.ps_suppkey))","Rows Removed by Index Recheck": 0,"Workers": []}]},{"Node Type": "Index Scan","Parent Relationship": "Inner","Parallel Aware": false,"Async Capable": false,"Scan Direction": "Forward","Index Name": "supplier_pkey","Relation Name": "supplier","Alias": "supplier","Startup Cost": 0.29,"Total Cost": 0.30,"Plan Rows": 1,"Plan Width": 8,"Actual Startup Time": 0.001,"Actual Total Time": 0.001,"Actual Rows": 1,"Actual Loops": 325714,"Index Cond": "(s_suppkey = lineitem.l_suppkey)","Rows Removed by Index Recheck": 0,"Workers": []}]},{"Node Type": "Index Scan","Parent Relationship": "Inner","Parallel Aware": false,"Async Capable": false,"Scan Direction": "Forward","Index Name": "orders_pkey","Relation Name": "orders","Alias": "orders","Startup Cost": 0.43,"Total Cost": 0.47,"Plan Rows": 1,"Plan Width": 8,"Actual Startup Time": 0.010,"Actual Total Time": 0.010,"Actual Rows": 1,"Actual Loops": 325714,"Index Cond": "(o_orderkey = lineitem.l_orderkey)","Rows Removed by Index Recheck": 0,"Workers": []}]},{"Node Type": "Hash","Parent Relationship": "Inner","Parallel Aware": false,"Async Capable": false,"Startup Cost": 1.25,"Total Cost": 1.25,"Plan Rows": 25,"Plan Width": 108,"Actual Startup Time": 0.081,"Actual Total Time": 0.113,"Actual Rows": 25,"Actual Loops": 3,"Hash Buckets": 1024,"Original Hash Buckets": 1024,"Hash Batches": 1,"Original Hash Batches": 1,"Peak Memory Usage": 10,"Workers": [],"Plans": [{"Node Type": "Seq Scan","Parent Relationship": "Outer","Parallel Aware": false,"Async Capable": false,"Relation Name": "nation","Alias": "nation","Startup Cost": 0.00,"Total Cost": 1.25,"Plan Rows": 25,"Plan Width": 108,"Actual Startup Time": 0.057,"Actual Total Time": 0.083,"Actual Rows": 25,"Actual Loops": 3,"Workers": []}]}]}]}]}]}]},"Planning Time": 11.752,"Triggers": [],"Execution Time": 2568.537}]
[{"Plan": {"Node Type": "Aggregate","Strategy": "Sorted","Partial Mode": "Finalize","Parallel Aware": false,"Async Capable": false,"Startup Cost": 47355.08,"Total Cost": 47374.71,"Plan Rows": 146,"Plan Width": 168,"Actual Startup Time": 2429.119,"Actual Total Time": 2605.321,"Actual Rows": 175,"Actual Loops": 1,"Group Key": ["nation.n_name", "(EXTRACT(year FROM orders.o_orderdate))"],"Plans": [{"Node Type": "Gather Merge","Parent Relationship": "Outer","Parallel Aware": false,"Async Capable": false,"Startup Cost": 47355.08,"Total Cost": 47371.30,"Plan Rows": 122,"Plan Width": 168,"Actual Startup Time": 2426.906,"Actual Total Time": 2604.867,"Actual Rows": 525,"Actual Loops": 1,"Workers Planned": 2,"Workers Launched": 2,"Plans": [{"Node Type": "Aggregate","Strategy": "Sorted","Partial Mode": "Partial","Parent Relationship": "Outer","Parallel Aware": false,"Async Capable": false,"Startup Cost": 46355.06,"Total Cost": 46357.20,"Plan Rows": 61,"Plan Width": 168,"Actual Startup Time": 2315.501,"Actual Total Time": 2444.657,"Actual Rows": 175,"Actual Loops": 3,"Group Key": ["nation.n_name", "(EXTRACT(year FROM orders.o_orderdate))"],"Workers": [],"Plans": [{"Node Type": "Sort","Parent Relationship": "Outer","Parallel Aware": false,"Async Capable": false,"Startup Cost": 46355.06,"Total Cost": 46355.21,"Plan Rows": 61,"Plan Width": 159,"Actual Startup Time": 2314.736,"Actual Total Time": 2357.989,"Actual Rows": 110203,"Actual Loops": 3,"Sort Key": ["nation.n_name", "(EXTRACT(year FROM orders.o_orderdate)) DESC"],"Sort Method": "quicksort","Sort Space Used": 13700,"Sort Space Type": "Memory","Workers": [{"Worker Number": 0,"Sort Method": "quicksort","Sort Space Used": 14285,"Sort Space Type": "Memory"},{"Worker Number": 1,"Sort Method": "quicksort","Sort Space Used": 14149,"Sort Space Type": "Memory"}],"Plans": [{"Node Type": "Hash Join","Parent Relationship": "Outer","Parallel Aware": false,"Async Capable": false,"Join Type": "Inner","Startup Cost": 3.13,"Total Cost": 46353.25,"Plan Rows": 61,"Plan Width": 159,"Actual Startup Time": 0.743,"Actual Total Time": 2163.601,"Actual Rows": 110203,"Actual Loops": 3,"Inner Unique": true,"Hash Cond": "(supplier.s_nationkey = nation.n_nationkey)","Workers": [],"Plans": [{"Node Type": "Nested Loop","Parent Relationship": "Outer","Parallel Aware": false,"Async Capable": false,"Join Type": "Inner","Startup Cost": 1.57,"Total Cost": 46351.35,"Plan Rows": 61,"Plan Width": 31,"Actual Startup Time": 0.555,"Actual Total Time": 2131.653,"Actual Rows": 110203,"Actual Loops": 3,"Inner Unique": true,"Workers": [],"Plans": [{"Node Type": "Nested Loop","Parent Relationship": "Outer","Parallel Aware": false,"Async Capable": false,"Join Type": "Inner","Startup Cost": 1.14,"Total Cost": 46322.98,"Plan Rows": 61,"Plan Width": 31,"Actual Startup Time": 0.406,"Actual Total Time": 971.169,"Actual Rows": 110203,"Actual Loops": 3,"Inner Unique": true,"Workers": [],"Plans": [{"Node Type": "Nested Loop","Parent Relationship": "Outer","Parallel Aware": false,"Async Capable": false,"Join Type": "Inner","Startup Cost": 0.86,"Total Cost": 46304.52,"Plan Rows": 61,"Plan Width": 35,"Actual Startup Time": 0.318,"Actual Total Time": 787.632,"Actual Rows": 110203,"Actual Loops": 3,"Inner Unique": false,"Workers": [],"Plans": [{"Node Type": "Nested Loop","Parent Relationship": "Outer","Parallel Aware": false,"Async Capable": false,"Join Type": "Inner","Startup Cost": 0.42,"Total Cost": 24846.16,"Plan Rows": 20202,"Plan Width": 18,"Actual Startup Time": 0.175,"Actual Total Time": 114.625,"Actual Rows": 14656,"Actual Loops": 3,"Inner Unique": false,"Workers": [],"Plans": [{"Node Type": "Seq Scan","Parent Relationship": "Outer","Parallel Aware": true,"Async Capable": false,"Relation Name": "part","Alias": "part","Startup Cost": 0.00,"Total Cost": 5138.67,"Plan Rows": 5051,"Plan Width": 4,"Actual Startup Time": 0.052,"Actual Total Time": 48.288,"Actual Rows": 3664,"Actual Loops": 3,"Filter": "((p_name)::text ~~ '%yellow%'::text)","Rows Removed by Filter": 63003,"Workers": []},{"Node Type": "Index Scan","Parent Relationship": "Inner","Parallel Aware": false,"Async Capable": false,"Scan Direction": "Forward","Index Name": "idx_partsupp_partkey","Relation Name": "partsupp","Alias": "partsupp","Startup Cost": 0.42,"Total Cost": 3.86,"Plan Rows": 4,"Plan Width": 14,"Actual Startup Time": 0.014,"Actual Total Time": 0.017,"Actual Rows": 4,"Actual Loops": 10992,"Index Cond": "(ps_partkey = part.p_partkey)","Rows Removed by Index Recheck": 0,"Workers": []}]},{"Node Type": "Index Scan","Parent Relationship": "Inner","Parallel Aware": false,"Async Capable": false,"Scan Direction": "Forward","Index Name": "idx_lineitem_part_supp","Relation Name": "lineitem","Alias": "lineitem","Startup Cost": 0.43,"Total Cost": 1.05,"Plan Rows": 1,"Plan Width": 29,"Actual Startup Time": 0.007,"Actual Total Time": 0.044,"Actual Rows": 8,"Actual Loops": 43968,"Index Cond": "((l_partkey = partsupp.ps_partkey) AND (l_suppkey = partsupp.ps_suppkey))","Rows Removed by Index Recheck": 0,"Workers": []}]},{"Node Type": "Index Scan","Parent Relationship": "Inner","Parallel Aware": false,"Async Capable": false,"Scan Direction": "Forward","Index Name": "supplier_pkey","Relation Name": "supplier","Alias": "supplier","Startup Cost": 0.29,"Total Cost": 0.30,"Plan Rows": 1,"Plan Width": 8,"Actual Startup Time": 0.001,"Actual Total Time": 0.001,"Actual Rows": 1,"Actual Loops": 330610,"Index Cond": "(s_suppkey = lineitem.l_suppkey)","Rows Removed by Index Recheck": 0,"Workers": []}]},{"Node Type": "Index Scan","Parent Relationship": "Inner","Parallel Aware": false,"Async Capable": false,"Scan Direction": "Forward","Index Name": "orders_pkey","Relation Name": "orders","Alias": "orders","Startup Cost": 0.43,"Total Cost": 0.47,"Plan Rows": 1,"Plan Width": 8,"Actual Startup Time": 0.010,"Actual Total Time": 0.010,"Actual Rows": 1,"Actual Loops": 330610,"Index Cond": "(o_orderkey = lineitem.l_orderkey)","Rows Removed by Index Recheck": 0,"Workers": []}]},{"Node Type": "Hash","Parent Relationship": "Inner","Parallel Aware": false,"Async Capable": false,"Startup Cost": 1.25,"Total Cost": 1.25,"Plan Rows": 25,"Plan Width": 108,"Actual Startup Time": 0.078,"Actual Total Time": 0.087,"Actual Rows": 25,"Actual Loops": 3,"Hash Buckets": 1024,"Original Hash Buckets": 1024,"Hash Batches": 1,"Original Hash Batches": 1,"Peak Memory Usage": 10,"Workers": [],"Plans": [{"Node Type": "Seq Scan","Parent Relationship": "Outer","Parallel Aware": false,"Async Capable": false,"Relation Name": "nation","Alias": "nation","Startup Cost": 0.00,"Total Cost": 1.25,"Plan Rows": 25,"Plan Width": 108,"Actual Startup Time": 0.049,"Actual Total Time": 0.055,"Actual Rows": 25,"Actual Loops": 3,"Workers": []}]}]}]}]}]}]},"Planning Time": 11.548,"Triggers": [],"Execution Time": 2608.833}]
[{"Plan": {"Node Type": "Aggregate","Strategy": "Sorted","Partial Mode": "Finalize","Parallel Aware": false,"Async Capable": false,"Startup Cost": 41381.04,"Total Cost": 41397.45,"Plan Rows": 122,"Plan Width": 168,"Actual Startup Time": 2431.177,"Actual Total Time": 2560.188,"Actual Rows": 175,"Actual Loops": 1,"Group Key": ["nation.n_name", "(EXTRACT(year FROM orders.o_orderdate))"],"Plans": [{"Node Type": "Gather Merge","Parent Relationship": "Outer","Parallel Aware": false,"Async Capable": false,"Startup Cost": 41381.04,"Total Cost": 41394.60,"Plan Rows": 102,"Plan Width": 168,"Actual Startup Time": 2429.302,"Actual Total Time": 2559.805,"Actual Rows": 525,"Actual Loops": 1,"Workers Planned": 2,"Workers Launched": 2,"Plans": [{"Node Type": "Aggregate","Strategy": "Sorted","Partial Mode": "Partial","Parent Relationship": "Outer","Parallel Aware": false,"Async Capable": false,"Startup Cost": 40381.01,"Total Cost": 40382.80,"Plan Rows": 51,"Plan Width": 168,"Actual Startup Time": 2327.238,"Actual Total Time": 2438.083,"Actual Rows": 175,"Actual Loops": 3,"Group Key": ["nation.n_name", "(EXTRACT(year FROM orders.o_orderdate))"],"Workers": [],"Plans": [{"Node Type": "Sort","Parent Relationship": "Outer","Parallel Aware": false,"Async Capable": false,"Startup Cost": 40381.01,"Total Cost": 40381.14,"Plan Rows": 51,"Plan Width": 159,"Actual Startup Time": 2326.616,"Actual Total Time": 2360.128,"Actual Rows": 110167,"Actual Loops": 3,"Sort Key": ["nation.n_name", "(EXTRACT(year FROM orders.o_orderdate)) DESC"],"Sort Method": "quicksort","Sort Space Used": 13685,"Sort Space Type": "Memory","Workers": [{"Worker Number": 0,"Sort Method": "quicksort","Sort Space Used": 14027,"Sort Space Type": "Memory"},{"Worker Number": 1,"Sort Method": "quicksort","Sort Space Used": 14415,"Sort Space Type": "Memory"}],"Plans": [{"Node Type": "Hash Join","Parent Relationship": "Outer","Parallel Aware": false,"Async Capable": false,"Join Type": "Inner","Startup Cost": 3.13,"Total Cost": 40379.57,"Plan Rows": 51,"Plan Width": 159,"Actual Startup Time": 0.774,"Actual Total Time": 2175.154,"Actual Rows": 110167,"Actual Loops": 3,"Inner Unique": true,"Hash Cond": "(supplier.s_nationkey = nation.n_nationkey)","Workers": [],"Plans": [{"Node Type": "Nested Loop","Parent Relationship": "Outer","Parallel Aware": false,"Async Capable": false,"Join Type": "Inner","Startup Cost": 1.57,"Total Cost": 40377.72,"Plan Rows": 51,"Plan Width": 31,"Actual Startup Time": 0.582,"Actual Total Time": 2143.575,"Actual Rows": 110167,"Actual Loops": 3,"Inner Unique": true,"Workers": [],"Plans": [{"Node Type": "Nested Loop","Parent Relationship": "Outer","Parallel Aware": false,"Async Capable": false,"Join Type": "Inner","Startup Cost": 1.14,"Total Cost": 40354.00,"Plan Rows": 51,"Plan Width": 31,"Actual Startup Time": 0.451,"Actual Total Time": 989.410,"Actual Rows": 110167,"Actual Loops": 3,"Inner Unique": true,"Workers": [],"Plans": [{"Node Type": "Nested Loop","Parent Relationship": "Outer","Parallel Aware": false,"Async Capable": false,"Join Type": "Inner","Startup Cost": 0.86,"Total Cost": 40338.56,"Plan Rows": 51,"Plan Width": 35,"Actual Startup Time": 0.342,"Actual Total Time": 803.216,"Actual Rows": 110167,"Actual Loops": 3,"Inner Unique": false,"Workers": [],"Plans": [{"Node Type": "Nested Loop","Parent Relationship": "Outer","Parallel Aware": false,"Async Capable": false,"Join Type": "Inner","Startup Cost": 0.42,"Total Cost": 22456.59,"Plan Rows": 16835,"Plan Width": 18,"Actual Startup Time": 0.214,"Actual Total Time": 117.164,"Actual Rows": 14685,"Actual Loops": 3,"Inner Unique": false,"Workers": [],"Plans": [{"Node Type": "Seq Scan","Parent Relationship": "Outer","Parallel Aware": true,"Async Capable": false,"Relation Name": "part","Alias": "part","Startup Cost": 0.00,"Total Cost": 5138.67,"Plan Rows": 4209,"Plan Width": 4,"Actual Startup Time": 0.077,"Actual Total Time": 49.700,"Actual Rows": 3671,"Actual Loops": 3,"Filter": "((p_name)::text ~~ '%turquoise%'::text)","Rows Removed by Filter": 62995,"Workers": []},{"Node Type": "Index Scan","Parent Relationship": "Inner","Parallel Aware": false,"Async Capable": false,"Scan Direction": "Forward","Index Name": "idx_partsupp_partkey","Relation Name": "partsupp","Alias": "partsupp","Startup Cost": 0.42,"Total Cost": 4.07,"Plan Rows": 4,"Plan Width": 14,"Actual Startup Time": 0.014,"Actual Total Time": 0.018,"Actual Rows": 4,"Actual Loops": 11014,"Index Cond": "(ps_partkey = part.p_partkey)","Rows Removed by Index Recheck": 0,"Workers": []}]},{"Node Type": "Index Scan","Parent Relationship": "Inner","Parallel Aware": false,"Async Capable": false,"Scan Direction": "Forward","Index Name": "idx_lineitem_part_supp","Relation Name": "lineitem","Alias": "lineitem","Startup Cost": 0.43,"Total Cost": 1.05,"Plan Rows": 1,"Plan Width": 29,"Actual Startup Time": 0.007,"Actual Total Time": 0.045,"Actual Rows": 8,"Actual Loops": 44056,"Index Cond": "((l_partkey = partsupp.ps_partkey) AND (l_suppkey = partsupp.ps_suppkey))","Rows Removed by Index Recheck": 0,"Workers": []}]},{"Node Type": "Index Scan","Parent Relationship": "Inner","Parallel Aware": false,"Async Capable": false,"Scan Direction": "Forward","Index Name": "supplier_pkey","Relation Name": "supplier","Alias": "supplier","Startup Cost": 0.29,"Total Cost": 0.30,"Plan Rows": 1,"Plan Width": 8,"Actual Startup Time": 0.001,"Actual Total Time": 0.001,"Actual Rows": 1,"Actual Loops": 330501,"Index Cond": "(s_suppkey = lineitem.l_suppkey)","Rows Removed by Index Recheck": 0,"Workers": []}]},{"Node Type": "Index Scan","Parent Relationship": "Inner","Parallel Aware": false,"Async Capable": false,"Scan Direction": "Forward","Index Name": "orders_pkey","Relation Name": "orders","Alias": "orders","Startup Cost": 0.43,"Total Cost": 0.47,"Plan Rows": 1,"Plan Width": 8,"Actual Startup Time": 0.010,"Actual Total Time": 0.010,"Actual Rows": 1,"Actual Loops": 330501,"Index Cond": "(o_orderkey = lineitem.l_orderkey)","Rows Removed by Index Recheck": 0,"Workers": []}]},{"Node Type": "Hash","Parent Relationship": "Inner","Parallel Aware": false,"Async Capable": false,"Startup Cost": 1.25,"Total Cost": 1.25,"Plan Rows": 25,"Plan Width": 108,"Actual Startup Time": 0.077,"Actual Total Time": 0.095,"Actual Rows": 25,"Actual Loops": 3,"Hash Buckets": 1024,"Original Hash Buckets": 1024,"Hash Batches": 1,"Original Hash Batches": 1,"Peak Memory Usage": 10,"Workers": [],"Plans": [{"Node Type": "Seq Scan","Parent Relationship": "Outer","Parallel Aware": false,"Async Capable": false,"Relation Name": "nation","Alias": "nation","Startup Cost": 0.00,"Total Cost": 1.25,"Plan Rows": 25,"Plan Width": 108,"Actual Startup Time": 0.049,"Actual Total Time": 0.063,"Actual Rows": 25,"Actual Loops": 3,"Workers": []}]}]}]}]}]}]},"Planning Time": 11.933,"Triggers": [],"Execution Time": 2562.804}]
[{"Plan": {"Node Type": "Aggregate","Strategy": "Sorted","Partial Mode": "Finalize","Parallel Aware": false,"Async Capable": false,"Startup Cost": 41381.04,"Total Cost": 41397.45,"Plan Rows": 122,"Plan Width": 168,"Actual Startup Time": 2431.177,"Actual Total Time": 2560.188,"Actual Rows": 175,"Actual Loops": 1,"Group Key": ["nation.n_name", "(EXTRACT(year FROM orders.o_orderdate))"],"Plans": [{"Node Type": "Gather Merge","Parent Relationship": "Outer","Parallel Aware": false,"Async Capable": false,"Startup Cost": 41381.04,"Total Cost": 41394.60,"Plan Rows": 102,"Plan Width": 168,"Actual Startup Time": 2429.302,"Actual Total Time": 2559.805,"Actual Rows": 525,"Actual Loops": 1,"Workers Planned": 2,"Workers Launched": 2,"Plans": [{"Node Type": "Aggregate","Strategy": "Sorted","Partial Mode": "Partial","Parent Relationship": "Outer","Parallel Aware": false,"Async Capable": false,"Startup Cost": 40381.01,"Total Cost": 40382.80,"Plan Rows": 51,"Plan Width": 168,"Actual Startup Time": 2327.238,"Actual Total Time": 2438.083,"Actual Rows": 175,"Actual Loops": 3,"Group Key": ["nation.n_name", "(EXTRACT(year FROM orders.o_orderdate))"],"Workers": [],"Plans": [{"Node Type": "Sort","Parent Relationship": "Outer","Parallel Aware": false,"Async Capable": false,"Startup Cost": 40381.01,"Total Cost": 40381.14,"Plan Rows": 51,"Plan Width": 159,"Actual Startup Time": 2326.616,"Actual Total Time": 2360.128,"Actual Rows": 110167,"Actual Loops": 3,"Sort Key": ["nation.n_name", "(EXTRACT(year FROM orders.o_orderdate)) DESC"],"Sort Method": "quicksort","Sort Space Used": 13685,"Sort Space Type": "Memory","Workers": [{"Worker Number": 0,"Sort Method": "quicksort","Sort Space Used": 14027,"Sort Space Type": "Memory"},{"Worker Number": 1,"Sort Method": "quicksort","Sort Space Used": 14415,"Sort Space Type": "Memory"}],"Plans": [{"Node Type": "Hash Join","Parent Relationship": "Outer","Parallel Aware": false,"Async Capable": false,"Join Type": "Inner","Startup Cost": 3.13,"Total Cost": 40379.57,"Plan Rows": 51,"Plan Width": 159,"Actual Startup Time": 0.774,"Actual Total Time": 2175.154,"Actual Rows": 110167,"Actual Loops": 3,"Inner Unique": true,"Hash Cond": "(supplier.s_nationkey = nation.n_nationkey)","Workers": [],"Plans": [{"Node Type": "Nested Loop","Parent Relationship": "Outer","Parallel Aware": false,"Async Capable": false,"Join Type": "Inner","Startup Cost": 1.57,"Total Cost": 40377.72,"Plan Rows": 51,"Plan Width": 31,"Actual Startup Time": 0.582,"Actual Total Time": 2143.575,"Actual Rows": 110167,"Actual Loops": 3,"Inner Unique": true,"Workers": [],"Plans": [{"Node Type": "Nested Loop","Parent Relationship": "Outer","Parallel Aware": false,"Async Capable": false,"Join Type": "Inner","Startup Cost": 1.14,"Total Cost": 40354.00,"Plan Rows": 51,"Plan Width": 31,"Actual Startup Time": 0.451,"Actual Total Time": 989.410,"Actual Rows": 110167,"Actual Loops": 3,"Inner Unique": true,"Workers": [],"Plans": [{"Node Type": "Nested Loop","Parent Relationship": "Outer","Parallel Aware": false,"Async Capable": false,"Join Type": "Inner","Startup Cost": 0.86,"Total Cost": 40338.56,"Plan Rows": 51,"Plan Width": 35,"Actual Startup Time": 0.342,"Actual Total Time": 803.216,"Actual Rows": 110167,"Actual Loops": 3,"Inner Unique": false,"Workers": [],"Plans": [{"Node Type": "Nested Loop","Parent Relationship": "Outer","Parallel Aware": false,"Async Capable": false,"Join Type": "Inner","Startup Cost": 0.42,"Total Cost": 22456.59,"Plan Rows": 16835,"Plan Width": 18,"Actual Startup Time": 0.214,"Actual Total Time": 117.164,"Actual Rows": 14685,"Actual Loops": 3,"Inner Unique": false,"Workers": [],"Plans": [{"Node Type": "Seq Scan","Parent Relationship": "Outer","Parallel Aware": true,"Async Capable": false,"Relation Name": "part","Alias": "part","Startup Cost": 0.00,"Total Cost": 5138.67,"Plan Rows": 4209,"Plan Width": 4,"Actual Startup Time": 0.077,"Actual Total Time": 49.700,"Actual Rows": 3671,"Actual Loops": 3,"Filter": "((p_name)::text ~~ '%turquoise%'::text)","Rows Removed by Filter": 62995,"Workers": []},{"Node Type": "Index Scan","Parent Relationship": "Inner","Parallel Aware": false,"Async Capable": false,"Scan Direction": "Forward","Index Name": "idx_partsupp_partkey","Relation Name": "partsupp","Alias": "partsupp","Startup Cost": 0.42,"Total Cost": 4.07,"Plan Rows": 4,"Plan Width": 14,"Actual Startup Time": 0.014,"Actual Total Time": 0.018,"Actual Rows": 4,"Actual Loops": 11014,"Index Cond": "(ps_partkey = part.p_partkey)","Rows Removed by Index Recheck": 0,"Workers": []}]},{"Node Type": "Index Scan","Parent Relationship": "Inner","Parallel Aware": false,"Async Capable": false,"Scan Direction": "Forward","Index Name": "idx_lineitem_part_supp","Relation Name": "lineitem","Alias": "lineitem","Startup Cost": 0.43,"Total Cost": 1.05,"Plan Rows": 1,"Plan Width": 29,"Actual Startup Time": 0.007,"Actual Total Time": 0.045,"Actual Rows": 8,"Actual Loops": 44056,"Index Cond": "((l_partkey = partsupp.ps_partkey) AND (l_suppkey = partsupp.ps_suppkey))","Rows Removed by Index Recheck": 0,"Workers": []}]},{"Node Type": "Index Scan","Parent Relationship": "Inner","Parallel Aware": false,"Async Capable": false,"Scan Direction": "Forward","Index Name": "supplier_pkey","Relation Name": "supplier","Alias": "supplier","Startup Cost": 0.29,"Total Cost": 0.30,"Plan Rows": 1,"Plan Width": 8,"Actual Startup Time": 0.001,"Actual Total Time": 0.001,"Actual Rows": 1,"Actual Loops": 330501,"Index Cond": "(s_suppkey = lineitem.l_suppkey)","Rows Removed by Index Recheck": 0,"Workers": []}]},{"Node Type": "Index Scan","Parent Relationship": "Inner","Parallel Aware": false,"Async Capable": false,"Scan Direction": "Forward","Index Name": "orders_pkey","Relation Name": "orders","Alias": "orders","Startup Cost": 0.43,"Total Cost": 0.47,"Plan Rows": 1,"Plan Width": 8,"Actual Startup Time": 0.010,"Actual Total Time": 0.010,"Actual Rows": 1,"Actual Loops": 330501,"Index Cond": "(o_orderkey = lineitem.l_orderkey)","Rows Removed by Index Recheck": 0,"Workers": []}]},{"Node Type": "Hash","Parent Relationship": "Inner","Parallel Aware": false,"Async Capable": false,"Startup Cost": 1.25,"Total Cost": 1.25,"Plan Rows": 25,"Plan Width": 108,"Actual Startup Time": 0.077,"Actual Total Time": 0.095,"Actual Rows": 25,"Actual Loops": 3,"Hash Buckets": 1024,"Original Hash Buckets": 1024,"Hash Batches": 1,"Original Hash Batches": 1,"Peak Memory Usage": 10,"Workers": [],"Plans": [{"Node Type": "Seq Scan","Parent Relationship": "Outer","Parallel Aware": false,"Async Capable": false,"Relation Name": "nation","Alias": "nation","Startup Cost": 0.00,"Total Cost": 1.25,"Plan Rows": 25,"Plan Width": 108,"Actual Startup Time": 0.049,"Actual Total Time": 0.063,"Actual Rows": 25,"Actual Loops": 3,"Workers": []}]}]}]}]}]}]},"Planning Time": 11.933,"Triggers": [],"Execution Time": 2562.804}]
[{"Plan": {"Node Type": "Aggregate","Strategy": "Sorted","Partial Mode": "Finalize","Parallel Aware": false,"Async Capable": false,"Startup Cost": 47355.08,"Total Cost": 47374.71,"Plan Rows": 146,"Plan Width": 168,"Actual Startup Time": 2452.566,"Actual Total Time": 2567.031,"Actual Rows": 175,"Actual Loops": 1,"Group Key": ["nation.n_name", "(EXTRACT(year FROM orders.o_orderdate))"],"Plans": [{"Node Type": "Gather Merge","Parent Relationship": "Outer","Parallel Aware": false,"Async Capable": false,"Startup Cost": 47355.08,"Total Cost": 47371.30,"Plan Rows": 122,"Plan Width": 168,"Actual Startup Time": 2450.871,"Actual Total Time": 2566.628,"Actual Rows": 525,"Actual Loops": 1,"Workers Planned": 2,"Workers Launched": 2,"Plans": [{"Node Type": "Aggregate","Strategy": "Sorted","Partial Mode": "Partial","Parent Relationship": "Outer","Parallel Aware": false,"Async Capable": false,"Startup Cost": 46355.06,"Total Cost": 46357.20,"Plan Rows": 61,"Plan Width": 168,"Actual Startup Time": 2346.089,"Actual Total Time": 2471.460,"Actual Rows": 175,"Actual Loops": 3,"Group Key": ["nation.n_name", "(EXTRACT(year FROM orders.o_orderdate))"],"Workers": [],"Plans": [{"Node Type": "Sort","Parent Relationship": "Outer","Parallel Aware": false,"Async Capable": false,"Startup Cost": 46355.06,"Total Cost": 46355.21,"Plan Rows": 61,"Plan Width": 159,"Actual Startup Time": 2345.653,"Actual Total Time": 2387.447,"Actual Rows": 108546,"Actual Loops": 3,"Sort Key": ["nation.n_name", "(EXTRACT(year FROM orders.o_orderdate)) DESC"],"Sort Method": "quicksort","Sort Space Used": 13713,"Sort Space Type": "Memory","Workers": [{"Worker Number": 0,"Sort Method": "quicksort","Sort Space Used": 13549,"Sort Space Type": "Memory"},{"Worker Number": 1,"Sort Method": "quicksort","Sort Space Used": 14378,"Sort Space Type": "Memory"}],"Plans": [{"Node Type": "Hash Join","Parent Relationship": "Outer","Parallel Aware": false,"Async Capable": false,"Join Type": "Inner","Startup Cost": 3.13,"Total Cost": 46353.25,"Plan Rows": 61,"Plan Width": 159,"Actual Startup Time": 0.592,"Actual Total Time": 2199.728,"Actual Rows": 108546,"Actual Loops": 3,"Inner Unique": true,"Hash Cond": "(supplier.s_nationkey = nation.n_nationkey)","Workers": [],"Plans": [{"Node Type": "Nested Loop","Parent Relationship": "Outer","Parallel Aware": false,"Async Capable": false,"Join Type": "Inner","Startup Cost": 1.57,"Total Cost": 46351.35,"Plan Rows": 61,"Plan Width": 31,"Actual Startup Time": 0.443,"Actual Total Time": 2168.555,"Actual Rows": 108546,"Actual Loops": 3,"Inner Unique": true,"Workers": [],"Plans": [{"Node Type": "Nested Loop","Parent Relationship": "Outer","Parallel Aware": false,"Async Capable": false,"Join Type": "Inner","Startup Cost": 1.14,"Total Cost": 46322.98,"Plan Rows": 61,"Plan Width": 31,"Actual Startup Time": 0.344,"Actual Total Time": 1012.735,"Actual Rows": 108546,"Actual Loops": 3,"Inner Unique": true,"Workers": [],"Plans": [{"Node Type": "Nested Loop","Parent Relationship": "Outer","Parallel Aware": false,"Async Capable": false,"Join Type": "Inner","Startup Cost": 0.86,"Total Cost": 46304.52,"Plan Rows": 61,"Plan Width": 35,"Actual Startup Time": 0.256,"Actual Total Time": 826.897,"Actual Rows": 108546,"Actual Loops": 3,"Inner Unique": false,"Workers": [],"Plans": [{"Node Type": "Nested Loop","Parent Relationship": "Outer","Parallel Aware": false,"Async Capable": false,"Join Type": "Inner","Startup Cost": 0.42,"Total Cost": 24846.16,"Plan Rows": 20202,"Plan Width": 18,"Actual Startup Time": 0.152,"Actual Total Time": 115.642,"Actual Rows": 14489,"Actual Loops": 3,"Inner Unique": false,"Workers": [],"Plans": [{"Node Type": "Seq Scan","Parent Relationship": "Outer","Parallel Aware": true,"Async Capable": false,"Relation Name": "part","Alias": "part","Startup Cost": 0.00,"Total Cost": 5138.67,"Plan Rows": 5051,"Plan Width": 4,"Actual Startup Time": 0.052,"Actual Total Time": 49.595,"Actual Rows": 3622,"Actual Loops": 3,"Filter": "((p_name)::text ~~ '%thistle%'::text)","Rows Removed by Filter": 63044,"Workers": []},{"Node Type": "Index Scan","Parent Relationship": "Inner","Parallel Aware": false,"Async Capable": false,"Scan Direction": "Forward","Index Name": "idx_partsupp_partkey","Relation Name": "partsupp","Alias": "partsupp","Startup Cost": 0.42,"Total Cost": 3.86,"Plan Rows": 4,"Plan Width": 14,"Actual Startup Time": 0.014,"Actual Total Time": 0.017,"Actual Rows": 4,"Actual Loops": 10867,"Index Cond": "(ps_partkey = part.p_partkey)","Rows Removed by Index Recheck": 0,"Workers": []}]},{"Node Type": "Index Scan","Parent Relationship": "Inner","Parallel Aware": false,"Async Capable": false,"Scan Direction": "Forward","Index Name": "idx_lineitem_part_supp","Relation Name": "lineitem","Alias": "lineitem","Startup Cost": 0.43,"Total Cost": 1.05,"Plan Rows": 1,"Plan Width": 29,"Actual Startup Time": 0.007,"Actual Total Time": 0.047,"Actual Rows": 7,"Actual Loops": 43468,"Index Cond": "((l_partkey = partsupp.ps_partkey) AND (l_suppkey = partsupp.ps_suppkey))","Rows Removed by Index Recheck": 0,"Workers": []}]},{"Node Type": "Index Scan","Parent Relationship": "Inner","Parallel Aware": false,"Async Capable": false,"Scan Direction": "Forward","Index Name": "supplier_pkey","Relation Name": "supplier","Alias": "supplier","Startup Cost": 0.29,"Total Cost": 0.30,"Plan Rows": 1,"Plan Width": 8,"Actual Startup Time": 0.001,"Actual Total Time": 0.001,"Actual Rows": 1,"Actual Loops": 325638,"Index Cond": "(s_suppkey = lineitem.l_suppkey)","Rows Removed by Index Recheck": 0,"Workers": []}]},{"Node Type": "Index Scan","Parent Relationship": "Inner","Parallel Aware": false,"Async Capable": false,"Scan Direction": "Forward","Index Name": "orders_pkey","Relation Name": "orders","Alias": "orders","Startup Cost": 0.43,"Total Cost": 0.47,"Plan Rows": 1,"Plan Width": 8,"Actual Startup Time": 0.010,"Actual Total Time": 0.010,"Actual Rows": 1,"Actual Loops": 325638,"Index Cond": "(o_orderkey = lineitem.l_orderkey)","Rows Removed by Index Recheck": 0,"Workers": []}]},{"Node Type": "Hash","Parent Relationship": "Inner","Parallel Aware": false,"Async Capable": false,"Startup Cost": 1.25,"Total Cost": 1.25,"Plan Rows": 25,"Plan Width": 108,"Actual Startup Time": 0.061,"Actual Total Time": 0.085,"Actual Rows": 25,"Actual Loops": 3,"Hash Buckets": 1024,"Original Hash Buckets": 1024,"Hash Batches": 1,"Original Hash Batches": 1,"Peak Memory Usage": 10,"Workers": [],"Plans": [{"Node Type": "Seq Scan","Parent Relationship": "Outer","Parallel Aware": false,"Async Capable": false,"Relation Name": "nation","Alias": "nation","Startup Cost": 0.00,"Total Cost": 1.25,"Plan Rows": 25,"Plan Width": 108,"Actual Startup Time": 0.037,"Actual Total Time": 0.057,"Actual Rows": 25,"Actual Loops": 3,"Workers": []}]}]}]}]}]}]},"Planning Time": 12.360,"Triggers": [],"Execution Time": 2569.911}]
[{"Plan": {"Node Type": "Aggregate","Strategy": "Sorted","Partial Mode": "Finalize","Parallel Aware": false,"Async Capable": false,"Startup Cost": 54706.26,"Total Cost": 54742.91,"Plan Rows": 244,"Plan Width": 168,"Actual Startup Time": 1714.474,"Actual Total Time": 1830.226,"Actual Rows": 175,"Actual Loops": 1,"Group Key": ["nation.n_name", "(EXTRACT(year FROM orders.o_orderdate))"],"Plans": [{"Node Type": "Gather Merge","Parent Relationship": "Outer","Parallel Aware": false,"Async Capable": false,"Startup Cost": 54706.26,"Total Cost": 54736.88,"Plan Rows": 237,"Plan Width": 168,"Actual Startup Time": 1713.154,"Actual Total Time": 1829.714,"Actual Rows": 700,"Actual Loops": 1,"Workers Planned": 3,"Workers Launched": 3,"Plans": [{"Node Type": "Aggregate","Strategy": "Sorted","Partial Mode": "Partial","Parent Relationship": "Outer","Parallel Aware": false,"Async Capable": false,"Startup Cost": 53706.22,"Total Cost": 53708.99,"Plan Rows": 79,"Plan Width": 168,"Actual Startup Time": 1641.405,"Actual Total Time": 1736.002,"Actual Rows": 175,"Actual Loops": 4,"Group Key": ["nation.n_name", "(EXTRACT(year FROM orders.o_orderdate))"],"Workers": [],"Plans": [{"Node Type": "Sort","Parent Relationship": "Outer","Parallel Aware": false,"Async Capable": false,"Startup Cost": 53706.22,"Total Cost": 53706.42,"Plan Rows": 79,"Plan Width": 159,"Actual Startup Time": 1640.941,"Actual Total Time": 1673.380,"Actual Rows": 81542,"Actual Loops": 4,"Sort Key": ["nation.n_name", "(EXTRACT(year FROM orders.o_orderdate)) DESC"],"Sort Method": "quicksort","Sort Space Used": 11097,"Sort Space Type": "Memory","Workers": [{"Worker Number": 0,"Sort Method": "quicksort","Sort Space Used": 11309,"Sort Space Type": "Memory"},{"Worker Number": 1,"Sort Method": "quicksort","Sort Space Used": 10929,"Sort Space Type": "Memory"},{"Worker Number": 2,"Sort Method": "quicksort","Sort Space Used": 11435,"Sort Space Type": "Memory"}],"Plans": [{"Node Type": "Hash Join","Parent Relationship": "Outer","Parallel Aware": false,"Async Capable": false,"Join Type": "Inner","Startup Cost": 5246.60,"Total Cost": 53703.73,"Plan Rows": 79,"Plan Width": 159,"Actual Startup Time": 23.772,"Actual Total Time": 1540.996,"Actual Rows": 81542,"Actual Loops": 4,"Inner Unique": true,"Hash Cond": "(supplier.s_nationkey = nation.n_nationkey)","Workers": [],"Plans": [{"Node Type": "Nested Loop","Parent Relationship": "Outer","Parallel Aware": false,"Async Capable": false,"Join Type": "Inner","Startup Cost": 5245.04,"Total Cost": 53701.73,"Plan Rows": 79,"Plan Width": 31,"Actual Startup Time": 23.575,"Actual Total Time": 1517.770,"Actual Rows": 81542,"Actual Loops": 4,"Inner Unique": true,"Workers": [],"Plans": [{"Node Type": "Nested Loop","Parent Relationship": "Outer","Parallel Aware": false,"Async Capable": false,"Join Type": "Inner","Startup Cost": 5244.61,"Total Cost": 53664.99,"Plan Rows": 79,"Plan Width": 31,"Actual Startup Time": 23.500,"Actual Total Time": 784.781,"Actual Rows": 81542,"Actual Loops": 4,"Inner Unique": true,"Workers": [],"Plans": [{"Node Type": "Nested Loop","Parent Relationship": "Outer","Parallel Aware": false,"Async Capable": false,"Join Type": "Inner","Startup Cost": 5244.32,"Total Cost": 53641.08,"Plan Rows": 79,"Plan Width": 35,"Actual Startup Time": 23.443,"Actual Total Time": 647.674,"Actual Rows": 81542,"Actual Loops": 4,"Inner Unique": false,"Workers": [],"Plans": [{"Node Type": "Hash Join","Parent Relationship": "Outer","Parallel Aware": true,"Async Capable": false,"Join Type": "Inner","Startup Cost": 5243.89,"Total Cost": 25952.97,"Plan Rows": 26067,"Plan Width": 18,"Actual Startup Time": 23.378,"Actual Total Time": 190.584,"Actual Rows": 10873,"Actual Loops": 4,"Inner Unique": true,"Hash Cond": "(partsupp.ps_partkey = part.p_partkey)","Workers": [],"Plans": [{"Node Type": "Seq Scan","Parent Relationship": "Outer","Parallel Aware": true,"Async Capable": false,"Relation Name": "partsupp","Alias": "partsupp","Startup Cost": 0.00,"Total Cost": 20031.65,"Plan Rows": 258065,"Plan Width": 14,"Actual Startup Time": 0.016,"Actual Total Time": 42.639,"Actual Rows": 200000,"Actual Loops": 4,"Workers": []},{"Node Type": "Hash","Parent Relationship": "Inner","Parallel Aware": true,"Async Capable": false,"Startup Cost": 5138.67,"Total Cost": 5138.67,"Plan Rows": 8418,"Plan Width": 4,"Actual Startup Time": 23.128,"Actual Total Time": 23.145,"Actual Rows": 2718,"Actual Loops": 4,"Hash Buckets": 32768,"Original Hash Buckets": 32768,"Hash Batches": 1,"Original Hash Batches": 1,"Peak Memory Usage": 704,"Workers": [],"Plans": [{"Node Type": "Seq Scan","Parent Relationship": "Outer","Parallel Aware": true,"Async Capable": false,"Relation Name": "part","Alias": "part","Startup Cost": 0.00,"Total Cost": 5138.67,"Plan Rows": 8418,"Plan Width": 4,"Actual Startup Time": 0.058,"Actual Total Time": 21.650,"Actual Rows": 2718,"Actual Loops": 4,"Filter": "((p_name)::text ~~ '%linen%'::text)","Rows Removed by Filter": 47282,"Workers": []}]}]},{"Node Type": "Index Scan","Parent Relationship": "Inner","Parallel Aware": false,"Async Capable": false,"Scan Direction": "Forward","Index Name": "idx_lineitem_part_supp","Relation Name": "lineitem","Alias": "lineitem","Startup Cost": 0.43,"Total Cost": 1.05,"Plan Rows": 1,"Plan Width": 29,"Actual Startup Time": 0.006,"Actual Total Time": 0.041,"Actual Rows": 7,"Actual Loops": 43492,"Index Cond": "((l_partkey = partsupp.ps_partkey) AND (l_suppkey = partsupp.ps_suppkey))","Rows Removed by Index Recheck": 0,"Workers": []}]},{"Node Type": "Index Scan","Parent Relationship": "Inner","Parallel Aware": false,"Async Capable": false,"Scan Direction": "Forward","Index Name": "supplier_pkey","Relation Name": "supplier","Alias": "supplier","Startup Cost": 0.29,"Total Cost": 0.30,"Plan Rows": 1,"Plan Width": 8,"Actual Startup Time": 0.001,"Actual Total Time": 0.001,"Actual Rows": 1,"Actual Loops": 326170,"Index Cond": "(s_suppkey = lineitem.l_suppkey)","Rows Removed by Index Recheck": 0,"Workers": []}]},{"Node Type": "Index Scan","Parent Relationship": "Inner","Parallel Aware": false,"Async Capable": false,"Scan Direction": "Forward","Index Name": "orders_pkey","Relation Name": "orders","Alias": "orders","Startup Cost": 0.43,"Total Cost": 0.47,"Plan Rows": 1,"Plan Width": 8,"Actual Startup Time": 0.009,"Actual Total Time": 0.009,"Actual Rows": 1,"Actual Loops": 326170,"Index Cond": "(o_orderkey = lineitem.l_orderkey)","Rows Removed by Index Recheck": 0,"Workers": []}]},{"Node Type": "Hash","Parent Relationship": "Inner","Parallel Aware": false,"Async Capable": false,"Startup Cost": 1.25,"Total Cost": 1.25,"Plan Rows": 25,"Plan Width": 108,"Actual Startup Time": 0.077,"Actual Total Time": 0.084,"Actual Rows": 25,"Actual Loops": 4,"Hash Buckets": 1024,"Original Hash Buckets": 1024,"Hash Batches": 1,"Original Hash Batches": 1,"Peak Memory Usage": 10,"Workers": [],"Plans": [{"Node Type": "Seq Scan","Parent Relationship": "Outer","Parallel Aware": false,"Async Capable": false,"Relation Name": "nation","Alias": "nation","Startup Cost": 0.00,"Total Cost": 1.25,"Plan Rows": 25,"Plan Width": 108,"Actual Startup Time": 0.049,"Actual Total Time": 0.057,"Actual Rows": 25,"Actual Loops": 4,"Workers": []}]}]}]}]}]}]},"Planning Time": 12.571,"Triggers": [],"Execution Time": 1831.398}]
[{"Plan": {"Node Type": "Aggregate","Strategy": "Sorted","Partial Mode": "Finalize","Parallel Aware": false,"Async Capable": false,"Startup Cost": 47355.08,"Total Cost": 47374.71,"Plan Rows": 146,"Plan Width": 168,"Actual Startup Time": 2447.101,"Actual Total Time": 2582.113,"Actual Rows": 175,"Actual Loops": 1,"Group Key": ["nation.n_name", "(EXTRACT(year FROM orders.o_orderdate))"],"Plans": [{"Node Type": "Gather Merge","Parent Relationship": "Outer","Parallel Aware": false,"Async Capable": false,"Startup Cost": 47355.08,"Total Cost": 47371.30,"Plan Rows": 122,"Plan Width": 168,"Actual Startup Time": 2445.811,"Actual Total Time": 2581.700,"Actual Rows": 525,"Actual Loops": 1,"Workers Planned": 2,"Workers Launched": 2,"Plans": [{"Node Type": "Aggregate","Strategy": "Sorted","Partial Mode": "Partial","Parent Relationship": "Outer","Parallel Aware": false,"Async Capable": false,"Startup Cost": 46355.06,"Total Cost": 46357.20,"Plan Rows": 61,"Plan Width": 168,"Actual Startup Time": 2328.504,"Actual Total Time": 2463.073,"Actual Rows": 175,"Actual Loops": 3,"Group Key": ["nation.n_name", "(EXTRACT(year FROM orders.o_orderdate))"],"Workers": [],"Plans": [{"Node Type": "Sort","Parent Relationship": "Outer","Parallel Aware": false,"Async Capable": false,"Startup Cost": 46355.06,"Total Cost": 46355.21,"Plan Rows": 61,"Plan Width": 159,"Actual Startup Time": 2327.878,"Actual Total Time": 2374.852,"Actual Rows": 108824,"Actual Loops": 3,"Sort Key": ["nation.n_name", "(EXTRACT(year FROM orders.o_orderdate)) DESC"],"Sort Method": "quicksort","Sort Space Used": 14647,"Sort Space Type": "Memory","Workers": [{"Worker Number": 0,"Sort Method": "quicksort","Sort Space Used": 13545,"Sort Space Type": "Memory"},{"Worker Number": 1,"Sort Method": "quicksort","Sort Space Used": 13533,"Sort Space Type": "Memory"}],"Plans": [{"Node Type": "Hash Join","Parent Relationship": "Outer","Parallel Aware": false,"Async Capable": false,"Join Type": "Inner","Startup Cost": 3.13,"Total Cost": 46353.25,"Plan Rows": 61,"Plan Width": 159,"Actual Startup Time": 0.684,"Actual Total Time": 2182.451,"Actual Rows": 108824,"Actual Loops": 3,"Inner Unique": true,"Hash Cond": "(supplier.s_nationkey = nation.n_nationkey)","Workers": [],"Plans": [{"Node Type": "Nested Loop","Parent Relationship": "Outer","Parallel Aware": false,"Async Capable": false,"Join Type": "Inner","Startup Cost": 1.57,"Total Cost": 46351.35,"Plan Rows": 61,"Plan Width": 31,"Actual Startup Time": 0.518,"Actual Total Time": 2151.596,"Actual Rows": 108824,"Actual Loops": 3,"Inner Unique": true,"Workers": [],"Plans": [{"Node Type": "Nested Loop","Parent Relationship": "Outer","Parallel Aware": false,"Async Capable": false,"Join Type": "Inner","Startup Cost": 1.14,"Total Cost": 46322.98,"Plan Rows": 61,"Plan Width": 31,"Actual Startup Time": 0.396,"Actual Total Time": 1001.503,"Actual Rows": 108824,"Actual Loops": 3,"Inner Unique": true,"Workers": [],"Plans": [{"Node Type": "Nested Loop","Parent Relationship": "Outer","Parallel Aware": false,"Async Capable": false,"Join Type": "Inner","Startup Cost": 0.86,"Total Cost": 46304.52,"Plan Rows": 61,"Plan Width": 35,"Actual Startup Time": 0.309,"Actual Total Time": 816.735,"Actual Rows": 108824,"Actual Loops": 3,"Inner Unique": false,"Workers": [],"Plans": [{"Node Type": "Nested Loop","Parent Relationship": "Outer","Parallel Aware": false,"Async Capable": false,"Join Type": "Inner","Startup Cost": 0.42,"Total Cost": 24846.16,"Plan Rows": 20202,"Plan Width": 18,"Actual Startup Time": 0.186,"Actual Total Time": 113.608,"Actual Rows": 14492,"Actual Loops": 3,"Inner Unique": false,"Workers": [],"Plans": [{"Node Type": "Seq Scan","Parent Relationship": "Outer","Parallel Aware": true,"Async Capable": false,"Relation Name": "part","Alias": "part","Startup Cost": 0.00,"Total Cost": 5138.67,"Plan Rows": 5051,"Plan Width": 4,"Actual Startup Time": 0.061,"Actual Total Time": 48.386,"Actual Rows": 3623,"Actual Loops": 3,"Filter": "((p_name)::text ~~ '%black%'::text)","Rows Removed by Filter": 63044,"Workers": []},{"Node Type": "Index Scan","Parent Relationship": "Inner","Parallel Aware": false,"Async Capable": false,"Scan Direction": "Forward","Index Name": "idx_partsupp_partkey","Relation Name": "partsupp","Alias": "partsupp","Startup Cost": 0.42,"Total Cost": 3.86,"Plan Rows": 4,"Plan Width": 14,"Actual Startup Time": 0.013,"Actual Total Time": 0.017,"Actual Rows": 4,"Actual Loops": 10869,"Index Cond": "(ps_partkey = part.p_partkey)","Rows Removed by Index Recheck": 0,"Workers": []}]},{"Node Type": "Index Scan","Parent Relationship": "Inner","Parallel Aware": false,"Async Capable": false,"Scan Direction": "Forward","Index Name": "idx_lineitem_part_supp","Relation Name": "lineitem","Alias": "lineitem","Startup Cost": 0.43,"Total Cost": 1.05,"Plan Rows": 1,"Plan Width": 29,"Actual Startup Time": 0.007,"Actual Total Time": 0.047,"Actual Rows": 8,"Actual Loops": 43476,"Index Cond": "((l_partkey = partsupp.ps_partkey) AND (l_suppkey = partsupp.ps_suppkey))","Rows Removed by Index Recheck": 0,"Workers": []}]},{"Node Type": "Index Scan","Parent Relationship": "Inner","Parallel Aware": false,"Async Capable": false,"Scan Direction": "Forward","Index Name": "supplier_pkey","Relation Name": "supplier","Alias": "supplier","Startup Cost": 0.29,"Total Cost": 0.30,"Plan Rows": 1,"Plan Width": 8,"Actual Startup Time": 0.001,"Actual Total Time": 0.001,"Actual Rows": 1,"Actual Loops": 326472,"Index Cond": "(s_suppkey = lineitem.l_suppkey)","Rows Removed by Index Recheck": 0,"Workers": []}]},{"Node Type": "Index Scan","Parent Relationship": "Inner","Parallel Aware": false,"Async Capable": false,"Scan Direction": "Forward","Index Name": "orders_pkey","Relation Name": "orders","Alias": "orders","Startup Cost": 0.43,"Total Cost": 0.47,"Plan Rows": 1,"Plan Width": 8,"Actual Startup Time": 0.010,"Actual Total Time": 0.010,"Actual Rows": 1,"Actual Loops": 326472,"Index Cond": "(o_orderkey = lineitem.l_orderkey)","Rows Removed by Index Recheck": 0,"Workers": []}]},{"Node Type": "Hash","Parent Relationship": "Inner","Parallel Aware": false,"Async Capable": false,"Startup Cost": 1.25,"Total Cost": 1.25,"Plan Rows": 25,"Plan Width": 108,"Actual Startup Time": 0.077,"Actual Total Time": 0.086,"Actual Rows": 25,"Actual Loops": 3,"Hash Buckets": 1024,"Original Hash Buckets": 1024,"Hash Batches": 1,"Original Hash Batches": 1,"Peak Memory Usage": 10,"Workers": [],"Plans": [{"Node Type": "Seq Scan","Parent Relationship": "Outer","Parallel Aware": false,"Async Capable": false,"Relation Name": "nation","Alias": "nation","Startup Cost": 0.00,"Total Cost": 1.25,"Plan Rows": 25,"Plan Width": 108,"Actual Startup Time": 0.047,"Actual Total Time": 0.054,"Actual Rows": 25,"Actual Loops": 3,"Workers": []}]}]}]}]}]}]},"Planning Time": 11.640,"Triggers": [],"Execution Time": 2584.991}]
[{"Plan": {"Node Type": "Aggregate","Strategy": "Sorted","Partial Mode": "Finalize","Parallel Aware": false,"Async Capable": false,"Startup Cost": 47355.08,"Total Cost": 47374.71,"Plan Rows": 146,"Plan Width": 168,"Actual Startup Time": 2451.743,"Actual Total Time": 2638.486,"Actual Rows": 175,"Actual Loops": 1,"Group Key": ["nation.n_name", "(EXTRACT(year FROM orders.o_orderdate))"],"Plans": [{"Node Type": "Gather Merge","Parent Relationship": "Outer","Parallel Aware": false,"Async Capable": false,"Startup Cost": 47355.08,"Total Cost": 47371.30,"Plan Rows": 122,"Plan Width": 168,"Actual Startup Time": 2450.259,"Actual Total Time": 2637.961,"Actual Rows": 525,"Actual Loops": 1,"Workers Planned": 2,"Workers Launched": 2,"Plans": [{"Node Type": "Aggregate","Strategy": "Sorted","Partial Mode": "Partial","Parent Relationship": "Outer","Parallel Aware": false,"Async Capable": false,"Startup Cost": 46355.06,"Total Cost": 46357.20,"Plan Rows": 61,"Plan Width": 168,"Actual Startup Time": 2354.615,"Actual Total Time": 2507.212,"Actual Rows": 175,"Actual Loops": 3,"Group Key": ["nation.n_name", "(EXTRACT(year FROM orders.o_orderdate))"],"Workers": [],"Plans": [{"Node Type": "Sort","Parent Relationship": "Outer","Parallel Aware": false,"Async Capable": false,"Startup Cost": 46355.06,"Total Cost": 46355.21,"Plan Rows": 61,"Plan Width": 159,"Actual Startup Time": 2354.072,"Actual Total Time": 2412.065,"Actual Rows": 109898,"Actual Loops": 3,"Sort Key": ["nation.n_name", "(EXTRACT(year FROM orders.o_orderdate)) DESC"],"Sort Method": "quicksort","Sort Space Used": 14665,"Sort Space Type": "Memory","Workers": [{"Worker Number": 0,"Sort Method": "quicksort","Sort Space Used": 13702,"Sort Space Type": "Memory"},{"Worker Number": 1,"Sort Method": "quicksort","Sort Space Used": 13674,"Sort Space Type": "Memory"}],"Plans": [{"Node Type": "Hash Join","Parent Relationship": "Outer","Parallel Aware": false,"Async Capable": false,"Join Type": "Inner","Startup Cost": 3.13,"Total Cost": 46353.25,"Plan Rows": 61,"Plan Width": 159,"Actual Startup Time": 0.557,"Actual Total Time": 2207.182,"Actual Rows": 109898,"Actual Loops": 3,"Inner Unique": true,"Hash Cond": "(supplier.s_nationkey = nation.n_nationkey)","Workers": [],"Plans": [{"Node Type": "Nested Loop","Parent Relationship": "Outer","Parallel Aware": false,"Async Capable": false,"Join Type": "Inner","Startup Cost": 1.57,"Total Cost": 46351.35,"Plan Rows": 61,"Plan Width": 31,"Actual Startup Time": 0.414,"Actual Total Time": 2175.294,"Actual Rows": 109898,"Actual Loops": 3,"Inner Unique": true,"Workers": [],"Plans": [{"Node Type": "Nested Loop","Parent Relationship": "Outer","Parallel Aware": false,"Async Capable": false,"Join Type": "Inner","Startup Cost": 1.14,"Total Cost": 46322.98,"Plan Rows": 61,"Plan Width": 31,"Actual Startup Time": 0.310,"Actual Total Time": 1011.624,"Actual Rows": 109898,"Actual Loops": 3,"Inner Unique": true,"Workers": [],"Plans": [{"Node Type": "Nested Loop","Parent Relationship": "Outer","Parallel Aware": false,"Async Capable": false,"Join Type": "Inner","Startup Cost": 0.86,"Total Cost": 46304.52,"Plan Rows": 61,"Plan Width": 35,"Actual Startup Time": 0.236,"Actual Total Time": 825.175,"Actual Rows": 109898,"Actual Loops": 3,"Inner Unique": false,"Workers": [],"Plans": [{"Node Type": "Nested Loop","Parent Relationship": "Outer","Parallel Aware": false,"Async Capable": false,"Join Type": "Inner","Startup Cost": 0.42,"Total Cost": 24846.16,"Plan Rows": 20202,"Plan Width": 18,"Actual Startup Time": 0.137,"Actual Total Time": 114.423,"Actual Rows": 14635,"Actual Loops": 3,"Inner Unique": false,"Workers": [],"Plans": [{"Node Type": "Seq Scan","Parent Relationship": "Outer","Parallel Aware": true,"Async Capable": false,"Relation Name": "part","Alias": "part","Startup Cost": 0.00,"Total Cost": 5138.67,"Plan Rows": 5051,"Plan Width": 4,"Actual Startup Time": 0.046,"Actual Total Time": 48.394,"Actual Rows": 3659,"Actual Loops": 3,"Filter": "((p_name)::text ~~ '%brown%'::text)","Rows Removed by Filter": 63008,"Workers": []},{"Node Type": "Index Scan","Parent Relationship": "Inner","Parallel Aware": false,"Async Capable": false,"Scan Direction": "Forward","Index Name": "idx_partsupp_partkey","Relation Name": "partsupp","Alias": "partsupp","Startup Cost": 0.42,"Total Cost": 3.86,"Plan Rows": 4,"Plan Width": 14,"Actual Startup Time": 0.014,"Actual Total Time": 0.017,"Actual Rows": 4,"Actual Loops": 10976,"Index Cond": "(ps_partkey = part.p_partkey)","Rows Removed by Index Recheck": 0,"Workers": []}]},{"Node Type": "Index Scan","Parent Relationship": "Inner","Parallel Aware": false,"Async Capable": false,"Scan Direction": "Forward","Index Name": "idx_lineitem_part_supp","Relation Name": "lineitem","Alias": "lineitem","Startup Cost": 0.43,"Total Cost": 1.05,"Plan Rows": 1,"Plan Width": 29,"Actual Startup Time": 0.007,"Actual Total Time": 0.047,"Actual Rows": 8,"Actual Loops": 43904,"Index Cond": "((l_partkey = partsupp.ps_partkey) AND (l_suppkey = partsupp.ps_suppkey))","Rows Removed by Index Recheck": 0,"Workers": []}]},{"Node Type": "Index Scan","Parent Relationship": "Inner","Parallel Aware": false,"Async Capable": false,"Scan Direction": "Forward","Index Name": "supplier_pkey","Relation Name": "supplier","Alias": "supplier","Startup Cost": 0.29,"Total Cost": 0.30,"Plan Rows": 1,"Plan Width": 8,"Actual Startup Time": 0.001,"Actual Total Time": 0.001,"Actual Rows": 1,"Actual Loops": 329693,"Index Cond": "(s_suppkey = lineitem.l_suppkey)","Rows Removed by Index Recheck": 0,"Workers": []}]},{"Node Type": "Index Scan","Parent Relationship": "Inner","Parallel Aware": false,"Async Capable": false,"Scan Direction": "Forward","Index Name": "orders_pkey","Relation Name": "orders","Alias": "orders","Startup Cost": 0.43,"Total Cost": 0.47,"Plan Rows": 1,"Plan Width": 8,"Actual Startup Time": 0.010,"Actual Total Time": 0.010,"Actual Rows": 1,"Actual Loops": 329693,"Index Cond": "(o_orderkey = lineitem.l_orderkey)","Rows Removed by Index Recheck": 0,"Workers": []}]},{"Node Type": "Hash","Parent Relationship": "Inner","Parallel Aware": false,"Async Capable": false,"Startup Cost": 1.25,"Total Cost": 1.25,"Plan Rows": 25,"Plan Width": 108,"Actual Startup Time": 0.066,"Actual Total Time": 0.074,"Actual Rows": 25,"Actual Loops": 3,"Hash Buckets": 1024,"Original Hash Buckets": 1024,"Hash Batches": 1,"Original Hash Batches": 1,"Peak Memory Usage": 10,"Workers": [],"Plans": [{"Node Type": "Seq Scan","Parent Relationship": "Outer","Parallel Aware": false,"Async Capable": false,"Relation Name": "nation","Alias": "nation","Startup Cost": 0.00,"Total Cost": 1.25,"Plan Rows": 25,"Plan Width": 108,"Actual Startup Time": 0.044,"Actual Total Time": 0.048,"Actual Rows": 25,"Actual Loops": 3,"Workers": []}]}]}]}]}]}]},"Planning Time": 12.167,"Triggers": [],"Execution Time": 2641.371}]
[{"Plan": {"Node Type": "Aggregate","Strategy": "Sorted","Partial Mode": "Finalize","Parallel Aware": false,"Async Capable": false,"Startup Cost": 35224.41,"Total Cost": 35237.30,"Plan Rows": 97,"Plan Width": 168,"Actual Startup Time": 2446.740,"Actual Total Time": 2527.570,"Actual Rows": 175,"Actual Loops": 1,"Group Key": ["nation.n_name", "(EXTRACT(year FROM orders.o_orderdate))"],"Plans": [{"Node Type": "Gather Merge","Parent Relationship": "Outer","Parallel Aware": false,"Async Capable": false,"Startup Cost": 35224.41,"Total Cost": 35235.05,"Plan Rows": 80,"Plan Width": 168,"Actual Startup Time": 2445.319,"Actual Total Time": 2527.159,"Actual Rows": 525,"Actual Loops": 1,"Workers Planned": 2,"Workers Launched": 2,"Plans": [{"Node Type": "Aggregate","Strategy": "Sorted","Partial Mode": "Partial","Parent Relationship": "Outer","Parallel Aware": false,"Async Capable": false,"Startup Cost": 34224.39,"Total Cost": 34225.79,"Plan Rows": 40,"Plan Width": 168,"Actual Startup Time": 2302.062,"Actual Total Time": 2432.417,"Actual Rows": 175,"Actual Loops": 3,"Group Key": ["nation.n_name", "(EXTRACT(year FROM orders.o_orderdate))"],"Workers": [],"Plans": [{"Node Type": "Sort","Parent Relationship": "Outer","Parallel Aware": false,"Async Capable": false,"Startup Cost": 34224.39,"Total Cost": 34224.49,"Plan Rows": 40,"Plan Width": 159,"Actual Startup Time": 2301.394,"Actual Total Time": 2345.621,"Actual Rows": 109556,"Actual Loops": 3,"Sort Key": ["nation.n_name", "(EXTRACT(year FROM orders.o_orderdate)) DESC"],"Sort Method": "quicksort","Sort Space Used": 13628,"Sort Space Type": "Memory","Workers": [{"Worker Number": 0,"Sort Method": "quicksort","Sort Space Used": 14173,"Sort Space Type": "Memory"},{"Worker Number": 1,"Sort Method": "quicksort","Sort Space Used": 14136,"Sort Space Type": "Memory"}],"Plans": [{"Node Type": "Hash Join","Parent Relationship": "Outer","Parallel Aware": false,"Async Capable": false,"Join Type": "Inner","Startup Cost": 3.13,"Total Cost": 34223.32,"Plan Rows": 40,"Plan Width": 159,"Actual Startup Time": 0.808,"Actual Total Time": 2152.387,"Actual Rows": 109556,"Actual Loops": 3,"Inner Unique": true,"Hash Cond": "(supplier.s_nationkey = nation.n_nationkey)","Workers": [],"Plans": [{"Node Type": "Nested Loop","Parent Relationship": "Outer","Parallel Aware": false,"Async Capable": false,"Join Type": "Inner","Startup Cost": 1.57,"Total Cost": 34221.53,"Plan Rows": 40,"Plan Width": 31,"Actual Startup Time": 0.597,"Actual Total Time": 2120.724,"Actual Rows": 109556,"Actual Loops": 3,"Inner Unique": true,"Workers": [],"Plans": [{"Node Type": "Nested Loop","Parent Relationship": "Outer","Parallel Aware": false,"Async Capable": false,"Join Type": "Inner","Startup Cost": 1.14,"Total Cost": 34202.93,"Plan Rows": 40,"Plan Width": 31,"Actual Startup Time": 0.482,"Actual Total Time": 981.866,"Actual Rows": 109556,"Actual Loops": 3,"Inner Unique": true,"Workers": [],"Plans": [{"Node Type": "Nested Loop","Parent Relationship": "Outer","Parallel Aware": false,"Async Capable": false,"Join Type": "Inner","Startup Cost": 0.86,"Total Cost": 34190.82,"Plan Rows": 40,"Plan Width": 35,"Actual Startup Time": 0.370,"Actual Total Time": 797.400,"Actual Rows": 109556,"Actual Loops": 3,"Inner Unique": false,"Workers": [],"Plans": [{"Node Type": "Nested Loop","Parent Relationship": "Outer","Parallel Aware": false,"Async Capable": false,"Join Type": "Inner","Startup Cost": 0.42,"Total Cost": 19885.25,"Plan Rows": 13468,"Plan Width": 18,"Actual Startup Time": 0.230,"Actual Total Time": 117.251,"Actual Rows": 14572,"Actual Loops": 3,"Inner Unique": false,"Workers": [],"Plans": [{"Node Type": "Seq Scan","Parent Relationship": "Outer","Parallel Aware": true,"Async Capable": false,"Relation Name": "part","Alias": "part","Startup Cost": 0.00,"Total Cost": 5138.67,"Plan Rows": 3367,"Plan Width": 4,"Actual Startup Time": 0.067,"Actual Total Time": 50.326,"Actual Rows": 3643,"Actual Loops": 3,"Filter": "((p_name)::text ~~ '%grey%'::text)","Rows Removed by Filter": 63024,"Workers": []},{"Node Type": "Index Scan","Parent Relationship": "Inner","Parallel Aware": false,"Async Capable": false,"Scan Direction": "Forward","Index Name": "idx_partsupp_partkey","Relation Name": "partsupp","Alias": "partsupp","Startup Cost": 0.42,"Total Cost": 4.34,"Plan Rows": 4,"Plan Width": 14,"Actual Startup Time": 0.014,"Actual Total Time": 0.018,"Actual Rows": 4,"Actual Loops": 10929,"Index Cond": "(ps_partkey = part.p_partkey)","Rows Removed by Index Recheck": 0,"Workers": []}]},{"Node Type": "Index Scan","Parent Relationship": "Inner","Parallel Aware": false,"Async Capable": false,"Scan Direction": "Forward","Index Name": "idx_lineitem_part_supp","Relation Name": "lineitem","Alias": "lineitem","Startup Cost": 0.43,"Total Cost": 1.05,"Plan Rows": 1,"Plan Width": 29,"Actual Startup Time": 0.007,"Actual Total Time": 0.045,"Actual Rows": 8,"Actual Loops": 43716,"Index Cond": "((l_partkey = partsupp.ps_partkey) AND (l_suppkey = partsupp.ps_suppkey))","Rows Removed by Index Recheck": 0,"Workers": []}]},{"Node Type": "Index Scan","Parent Relationship": "Inner","Parallel Aware": false,"Async Capable": false,"Scan Direction": "Forward","Index Name": "supplier_pkey","Relation Name": "supplier","Alias": "supplier","Startup Cost": 0.29,"Total Cost": 0.30,"Plan Rows": 1,"Plan Width": 8,"Actual Startup Time": 0.001,"Actual Total Time": 0.001,"Actual Rows": 1,"Actual Loops": 328668,"Index Cond": "(s_suppkey = lineitem.l_suppkey)","Rows Removed by Index Recheck": 0,"Workers": []}]},{"Node Type": "Index Scan","Parent Relationship": "Inner","Parallel Aware": false,"Async Capable": false,"Scan Direction": "Forward","Index Name": "orders_pkey","Relation Name": "orders","Alias": "orders","Startup Cost": 0.43,"Total Cost": 0.47,"Plan Rows": 1,"Plan Width": 8,"Actual Startup Time": 0.010,"Actual Total Time": 0.010,"Actual Rows": 1,"Actual Loops": 328668,"Index Cond": "(o_orderkey = lineitem.l_orderkey)","Rows Removed by Index Recheck": 0,"Workers": []}]},{"Node Type": "Hash","Parent Relationship": "Inner","Parallel Aware": false,"Async Capable": false,"Startup Cost": 1.25,"Total Cost": 1.25,"Plan Rows": 25,"Plan Width": 108,"Actual Startup Time": 0.086,"Actual Total Time": 0.097,"Actual Rows": 25,"Actual Loops": 3,"Hash Buckets": 1024,"Original Hash Buckets": 1024,"Hash Batches": 1,"Original Hash Batches": 1,"Peak Memory Usage": 10,"Workers": [],"Plans": [{"Node Type": "Seq Scan","Parent Relationship": "Outer","Parallel Aware": false,"Async Capable": false,"Relation Name": "nation","Alias": "nation","Startup Cost": 0.00,"Total Cost": 1.25,"Plan Rows": 25,"Plan Width": 108,"Actual Startup Time": 0.056,"Actual Total Time": 0.063,"Actual Rows": 25,"Actual Loops": 3,"Workers": []}]}]}]}]}]}]},"Planning Time": 11.608,"Triggers": [],"Execution Time": 2530.681}]
[{"Plan": {"Node Type": "Aggregate","Strategy": "Sorted","Partial Mode": "Finalize","Parallel Aware": false,"Async Capable": false,"Startup Cost": 41381.04,"Total Cost": 41397.45,"Plan Rows": 122,"Plan Width": 168,"Actual Startup Time": 2431.177,"Actual Total Time": 2560.188,"Actual Rows": 175,"Actual Loops": 1,"Group Key": ["nation.n_name", "(EXTRACT(year FROM orders.o_orderdate))"],"Plans": [{"Node Type": "Gather Merge","Parent Relationship": "Outer","Parallel Aware": false,"Async Capable": false,"Startup Cost": 41381.04,"Total Cost": 41394.60,"Plan Rows": 102,"Plan Width": 168,"Actual Startup Time": 2429.302,"Actual Total Time": 2559.805,"Actual Rows": 525,"Actual Loops": 1,"Workers Planned": 2,"Workers Launched": 2,"Plans": [{"Node Type": "Aggregate","Strategy": "Sorted","Partial Mode": "Partial","Parent Relationship": "Outer","Parallel Aware": false,"Async Capable": false,"Startup Cost": 40381.01,"Total Cost": 40382.80,"Plan Rows": 51,"Plan Width": 168,"Actual Startup Time": 2327.238,"Actual Total Time": 2438.083,"Actual Rows": 175,"Actual Loops": 3,"Group Key": ["nation.n_name", "(EXTRACT(year FROM orders.o_orderdate))"],"Workers": [],"Plans": [{"Node Type": "Sort","Parent Relationship": "Outer","Parallel Aware": false,"Async Capable": false,"Startup Cost": 40381.01,"Total Cost": 40381.14,"Plan Rows": 51,"Plan Width": 159,"Actual Startup Time": 2326.616,"Actual Total Time": 2360.128,"Actual Rows": 110167,"Actual Loops": 3,"Sort Key": ["nation.n_name", "(EXTRACT(year FROM orders.o_orderdate)) DESC"],"Sort Method": "quicksort","Sort Space Used": 13685,"Sort Space Type": "Memory","Workers": [{"Worker Number": 0,"Sort Method": "quicksort","Sort Space Used": 14027,"Sort Space Type": "Memory"},{"Worker Number": 1,"Sort Method": "quicksort","Sort Space Used": 14415,"Sort Space Type": "Memory"}],"Plans": [{"Node Type": "Hash Join","Parent Relationship": "Outer","Parallel Aware": false,"Async Capable": false,"Join Type": "Inner","Startup Cost": 3.13,"Total Cost": 40379.57,"Plan Rows": 51,"Plan Width": 159,"Actual Startup Time": 0.774,"Actual Total Time": 2175.154,"Actual Rows": 110167,"Actual Loops": 3,"Inner Unique": true,"Hash Cond": "(supplier.s_nationkey = nation.n_nationkey)","Workers": [],"Plans": [{"Node Type": "Nested Loop","Parent Relationship": "Outer","Parallel Aware": false,"Async Capable": false,"Join Type": "Inner","Startup Cost": 1.57,"Total Cost": 40377.72,"Plan Rows": 51,"Plan Width": 31,"Actual Startup Time": 0.582,"Actual Total Time": 2143.575,"Actual Rows": 110167,"Actual Loops": 3,"Inner Unique": true,"Workers": [],"Plans": [{"Node Type": "Nested Loop","Parent Relationship": "Outer","Parallel Aware": false,"Async Capable": false,"Join Type": "Inner","Startup Cost": 1.14,"Total Cost": 40354.00,"Plan Rows": 51,"Plan Width": 31,"Actual Startup Time": 0.451,"Actual Total Time": 989.410,"Actual Rows": 110167,"Actual Loops": 3,"Inner Unique": true,"Workers": [],"Plans": [{"Node Type": "Nested Loop","Parent Relationship": "Outer","Parallel Aware": false,"Async Capable": false,"Join Type": "Inner","Startup Cost": 0.86,"Total Cost": 40338.56,"Plan Rows": 51,"Plan Width": 35,"Actual Startup Time": 0.342,"Actual Total Time": 803.216,"Actual Rows": 110167,"Actual Loops": 3,"Inner Unique": false,"Workers": [],"Plans": [{"Node Type": "Nested Loop","Parent Relationship": "Outer","Parallel Aware": false,"Async Capable": false,"Join Type": "Inner","Startup Cost": 0.42,"Total Cost": 22456.59,"Plan Rows": 16835,"Plan Width": 18,"Actual Startup Time": 0.214,"Actual Total Time": 117.164,"Actual Rows": 14685,"Actual Loops": 3,"Inner Unique": false,"Workers": [],"Plans": [{"Node Type": "Seq Scan","Parent Relationship": "Outer","Parallel Aware": true,"Async Capable": false,"Relation Name": "part","Alias": "part","Startup Cost": 0.00,"Total Cost": 5138.67,"Plan Rows": 4209,"Plan Width": 4,"Actual Startup Time": 0.077,"Actual Total Time": 49.700,"Actual Rows": 3671,"Actual Loops": 3,"Filter": "((p_name)::text ~~ '%turquoise%'::text)","Rows Removed by Filter": 62995,"Workers": []},{"Node Type": "Index Scan","Parent Relationship": "Inner","Parallel Aware": false,"Async Capable": false,"Scan Direction": "Forward","Index Name": "idx_partsupp_partkey","Relation Name": "partsupp","Alias": "partsupp","Startup Cost": 0.42,"Total Cost": 4.07,"Plan Rows": 4,"Plan Width": 14,"Actual Startup Time": 0.014,"Actual Total Time": 0.018,"Actual Rows": 4,"Actual Loops": 11014,"Index Cond": "(ps_partkey = part.p_partkey)","Rows Removed by Index Recheck": 0,"Workers": []}]},{"Node Type": "Index Scan","Parent Relationship": "Inner","Parallel Aware": false,"Async Capable": false,"Scan Direction": "Forward","Index Name": "idx_lineitem_part_supp","Relation Name": "lineitem","Alias": "lineitem","Startup Cost": 0.43,"Total Cost": 1.05,"Plan Rows": 1,"Plan Width": 29,"Actual Startup Time": 0.007,"Actual Total Time": 0.045,"Actual Rows": 8,"Actual Loops": 44056,"Index Cond": "((l_partkey = partsupp.ps_partkey) AND (l_suppkey = partsupp.ps_suppkey))","Rows Removed by Index Recheck": 0,"Workers": []}]},{"Node Type": "Index Scan","Parent Relationship": "Inner","Parallel Aware": false,"Async Capable": false,"Scan Direction": "Forward","Index Name": "supplier_pkey","Relation Name": "supplier","Alias": "supplier","Startup Cost": 0.29,"Total Cost": 0.30,"Plan Rows": 1,"Plan Width": 8,"Actual Startup Time": 0.001,"Actual Total Time": 0.001,"Actual Rows": 1,"Actual Loops": 330501,"Index Cond": "(s_suppkey = lineitem.l_suppkey)","Rows Removed by Index Recheck": 0,"Workers": []}]},{"Node Type": "Index Scan","Parent Relationship": "Inner","Parallel Aware": false,"Async Capable": false,"Scan Direction": "Forward","Index Name": "orders_pkey","Relation Name": "orders","Alias": "orders","Startup Cost": 0.43,"Total Cost": 0.47,"Plan Rows": 1,"Plan Width": 8,"Actual Startup Time": 0.010,"Actual Total Time": 0.010,"Actual Rows": 1,"Actual Loops": 330501,"Index Cond": "(o_orderkey = lineitem.l_orderkey)","Rows Removed by Index Recheck": 0,"Workers": []}]},{"Node Type": "Hash","Parent Relationship": "Inner","Parallel Aware": false,"Async Capable": false,"Startup Cost": 1.25,"Total Cost": 1.25,"Plan Rows": 25,"Plan Width": 108,"Actual Startup Time": 0.077,"Actual Total Time": 0.095,"Actual Rows": 25,"Actual Loops": 3,"Hash Buckets": 1024,"Original Hash Buckets": 1024,"Hash Batches": 1,"Original Hash Batches": 1,"Peak Memory Usage": 10,"Workers": [],"Plans": [{"Node Type": "Seq Scan","Parent Relationship": "Outer","Parallel Aware": false,"Async Capable": false,"Relation Name": "nation","Alias": "nation","Startup Cost": 0.00,"Total Cost": 1.25,"Plan Rows": 25,"Plan Width": 108,"Actual Startup Time": 0.049,"Actual Total Time": 0.063,"Actual Rows": 25,"Actual Loops": 3,"Workers": []}]}]}]}]}]}]},"Planning Time": 11.933,"Triggers": [],"Execution Time": 2562.804}]
[{"Plan": {"Node Type": "Aggregate","Strategy": "Sorted","Partial Mode": "Finalize","Parallel Aware": false,"Async Capable": false,"Startup Cost": 41381.04,"Total Cost": 41397.45,"Plan Rows": 122,"Plan Width": 168,"Actual Startup Time": 2397.393,"Actual Total Time": 2528.927,"Actual Rows": 175,"Actual Loops": 1,"Group Key": ["nation.n_name", "(EXTRACT(year FROM orders.o_orderdate))"],"Plans": [{"Node Type": "Gather Merge","Parent Relationship": "Outer","Parallel Aware": false,"Async Capable": false,"Startup Cost": 41381.04,"Total Cost": 41394.60,"Plan Rows": 102,"Plan Width": 168,"Actual Startup Time": 2395.560,"Actual Total Time": 2528.508,"Actual Rows": 525,"Actual Loops": 1,"Workers Planned": 2,"Workers Launched": 2,"Plans": [{"Node Type": "Aggregate","Strategy": "Sorted","Partial Mode": "Partial","Parent Relationship": "Outer","Parallel Aware": false,"Async Capable": false,"Startup Cost": 40381.01,"Total Cost": 40382.80,"Plan Rows": 51,"Plan Width": 168,"Actual Startup Time": 2294.991,"Actual Total Time": 2407.950,"Actual Rows": 175,"Actual Loops": 3,"Group Key": ["nation.n_name", "(EXTRACT(year FROM orders.o_orderdate))"],"Workers": [],"Plans": [{"Node Type": "Sort","Parent Relationship": "Outer","Parallel Aware": false,"Async Capable": false,"Startup Cost": 40381.01,"Total Cost": 40381.14,"Plan Rows": 51,"Plan Width": 159,"Actual Startup Time": 2294.450,"Actual Total Time": 2329.456,"Actual Rows": 109386,"Actual Loops": 3,"Sort Key": ["nation.n_name", "(EXTRACT(year FROM orders.o_orderdate)) DESC"],"Sort Method": "quicksort","Sort Space Used": 13535,"Sort Space Type": "Memory","Workers": [{"Worker Number": 0,"Sort Method": "quicksort","Sort Space Used": 14044,"Sort Space Type": "Memory"},{"Worker Number": 1,"Sort Method": "quicksort","Sort Space Used": 14313,"Sort Space Type": "Memory"}],"Plans": [{"Node Type": "Hash Join","Parent Relationship": "Outer","Parallel Aware": false,"Async Capable": false,"Join Type": "Inner","Startup Cost": 3.13,"Total Cost": 40379.57,"Plan Rows": 51,"Plan Width": 159,"Actual Startup Time": 0.679,"Actual Total Time": 2145.675,"Actual Rows": 109386,"Actual Loops": 3,"Inner Unique": true,"Hash Cond": "(supplier.s_nationkey = nation.n_nationkey)","Workers": [],"Plans": [{"Node Type": "Nested Loop","Parent Relationship": "Outer","Parallel Aware": false,"Async Capable": false,"Join Type": "Inner","Startup Cost": 1.57,"Total Cost": 40377.72,"Plan Rows": 51,"Plan Width": 31,"Actual Startup Time": 0.505,"Actual Total Time": 2114.015,"Actual Rows": 109386,"Actual Loops": 3,"Inner Unique": true,"Workers": [],"Plans": [{"Node Type": "Nested Loop","Parent Relationship": "Outer","Parallel Aware": false,"Async Capable": false,"Join Type": "Inner","Startup Cost": 1.14,"Total Cost": 40354.00,"Plan Rows": 51,"Plan Width": 31,"Actual Startup Time": 0.377,"Actual Total Time": 981.690,"Actual Rows": 109386,"Actual Loops": 3,"Inner Unique": true,"Workers": [],"Plans": [{"Node Type": "Nested Loop","Parent Relationship": "Outer","Parallel Aware": false,"Async Capable": false,"Join Type": "Inner","Startup Cost": 0.86,"Total Cost": 40338.56,"Plan Rows": 51,"Plan Width": 35,"Actual Startup Time": 0.296,"Actual Total Time": 797.438,"Actual Rows": 109386,"Actual Loops": 3,"Inner Unique": false,"Workers": [],"Plans": [{"Node Type": "Nested Loop","Parent Relationship": "Outer","Parallel Aware": false,"Async Capable": false,"Join Type": "Inner","Startup Cost": 0.42,"Total Cost": 22456.59,"Plan Rows": 16835,"Plan Width": 18,"Actual Startup Time": 0.185,"Actual Total Time": 118.219,"Actual Rows": 14613,"Actual Loops": 3,"Inner Unique": false,"Workers": [],"Plans": [{"Node Type": "Seq Scan","Parent Relationship": "Outer","Parallel Aware": true,"Async Capable": false,"Relation Name": "part","Alias": "part","Startup Cost": 0.00,"Total Cost": 5138.67,"Plan Rows": 4209,"Plan Width": 4,"Actual Startup Time": 0.059,"Actual Total Time": 50.920,"Actual Rows": 3653,"Actual Loops": 3,"Filter": "((p_name)::text ~~ '%chiffon%'::text)","Rows Removed by Filter": 63013,"Workers": []},{"Node Type": "Index Scan","Parent Relationship": "Inner","Parallel Aware": false,"Async Capable": false,"Scan Direction": "Forward","Index Name": "idx_partsupp_partkey","Relation Name": "partsupp","Alias": "partsupp","Startup Cost": 0.42,"Total Cost": 4.07,"Plan Rows": 4,"Plan Width": 14,"Actual Startup Time": 0.014,"Actual Total Time": 0.018,"Actual Rows": 4,"Actual Loops": 10960,"Index Cond": "(ps_partkey = part.p_partkey)","Rows Removed by Index Recheck": 0,"Workers": []}]},{"Node Type": "Index Scan","Parent Relationship": "Inner","Parallel Aware": false,"Async Capable": false,"Scan Direction": "Forward","Index Name": "idx_lineitem_part_supp","Relation Name": "lineitem","Alias": "lineitem","Startup Cost": 0.43,"Total Cost": 1.05,"Plan Rows": 1,"Plan Width": 29,"Actual Startup Time": 0.007,"Actual Total Time": 0.045,"Actual Rows": 7,"Actual Loops": 43840,"Index Cond": "((l_partkey = partsupp.ps_partkey) AND (l_suppkey = partsupp.ps_suppkey))","Rows Removed by Index Recheck": 0,"Workers": []}]},{"Node Type": "Index Scan","Parent Relationship": "Inner","Parallel Aware": false,"Async Capable": false,"Scan Direction": "Forward","Index Name": "supplier_pkey","Relation Name": "supplier","Alias": "supplier","Startup Cost": 0.29,"Total Cost": 0.30,"Plan Rows": 1,"Plan Width": 8,"Actual Startup Time": 0.001,"Actual Total Time": 0.001,"Actual Rows": 1,"Actual Loops": 328159,"Index Cond": "(s_suppkey = lineitem.l_suppkey)","Rows Removed by Index Recheck": 0,"Workers": []}]},{"Node Type": "Index Scan","Parent Relationship": "Inner","Parallel Aware": false,"Async Capable": false,"Scan Direction": "Forward","Index Name": "orders_pkey","Relation Name": "orders","Alias": "orders","Startup Cost": 0.43,"Total Cost": 0.47,"Plan Rows": 1,"Plan Width": 8,"Actual Startup Time": 0.010,"Actual Total Time": 0.010,"Actual Rows": 1,"Actual Loops": 328159,"Index Cond": "(o_orderkey = lineitem.l_orderkey)","Rows Removed by Index Recheck": 0,"Workers": []}]},{"Node Type": "Hash","Parent Relationship": "Inner","Parallel Aware": false,"Async Capable": false,"Startup Cost": 1.25,"Total Cost": 1.25,"Plan Rows": 25,"Plan Width": 108,"Actual Startup Time": 0.075,"Actual Total Time": 0.083,"Actual Rows": 25,"Actual Loops": 3,"Hash Buckets": 1024,"Original Hash Buckets": 1024,"Hash Batches": 1,"Original Hash Batches": 1,"Peak Memory Usage": 10,"Workers": [],"Plans": [{"Node Type": "Seq Scan","Parent Relationship": "Outer","Parallel Aware": false,"Async Capable": false,"Relation Name": "nation","Alias": "nation","Startup Cost": 0.00,"Total Cost": 1.25,"Plan Rows": 25,"Plan Width": 108,"Actual Startup Time": 0.051,"Actual Total Time": 0.057,"Actual Rows": 25,"Actual Loops": 3,"Workers": []}]}]}]}]}]}]},"Planning Time": 13.106,"Triggers": [],"Execution Time": 2531.764}]
[{"Plan": {"Node Type": "Aggregate","Strategy": "Sorted","Partial Mode": "Finalize","Parallel Aware": false,"Async Capable": false,"Startup Cost": 47355.08,"Total Cost": 47374.71,"Plan Rows": 146,"Plan Width": 168,"Actual Startup Time": 2378.458,"Actual Total Time": 2522.697,"Actual Rows": 175,"Actual Loops": 1,"Group Key": ["nation.n_name", "(EXTRACT(year FROM orders.o_orderdate))"],"Plans": [{"Node Type": "Gather Merge","Parent Relationship": "Outer","Parallel Aware": false,"Async Capable": false,"Startup Cost": 47355.08,"Total Cost": 47371.30,"Plan Rows": 122,"Plan Width": 168,"Actual Startup Time": 2377.513,"Actual Total Time": 2522.343,"Actual Rows": 525,"Actual Loops": 1,"Workers Planned": 2,"Workers Launched": 2,"Plans": [{"Node Type": "Aggregate","Strategy": "Sorted","Partial Mode": "Partial","Parent Relationship": "Outer","Parallel Aware": false,"Async Capable": false,"Startup Cost": 46355.06,"Total Cost": 46357.20,"Plan Rows": 61,"Plan Width": 168,"Actual Startup Time": 2288.556,"Actual Total Time": 2417.572,"Actual Rows": 175,"Actual Loops": 3,"Group Key": ["nation.n_name", "(EXTRACT(year FROM orders.o_orderdate))"],"Workers": [],"Plans": [{"Node Type": "Sort","Parent Relationship": "Outer","Parallel Aware": false,"Async Capable": false,"Startup Cost": 46355.06,"Total Cost": 46355.21,"Plan Rows": 61,"Plan Width": 159,"Actual Startup Time": 2288.214,"Actual Total Time": 2333.035,"Actual Rows": 106468,"Actual Loops": 3,"Sort Key": ["nation.n_name", "(EXTRACT(year FROM orders.o_orderdate)) DESC"],"Sort Method": "quicksort","Sort Space Used": 14402,"Sort Space Type": "Memory","Workers": [{"Worker Number": 0,"Sort Method": "quicksort","Sort Space Used": 13293,"Sort Space Type": "Memory"},{"Worker Number": 1,"Sort Method": "quicksort","Sort Space Used": 13330,"Sort Space Type": "Memory"}],"Plans": [{"Node Type": "Hash Join","Parent Relationship": "Outer","Parallel Aware": false,"Async Capable": false,"Join Type": "Inner","Startup Cost": 3.13,"Total Cost": 46353.25,"Plan Rows": 61,"Plan Width": 159,"Actual Startup Time": 0.765,"Actual Total Time": 2146.837,"Actual Rows": 106468,"Actual Loops": 3,"Inner Unique": true,"Hash Cond": "(supplier.s_nationkey = nation.n_nationkey)","Workers": [],"Plans": [{"Node Type": "Nested Loop","Parent Relationship": "Outer","Parallel Aware": false,"Async Capable": false,"Join Type": "Inner","Startup Cost": 1.57,"Total Cost": 46351.35,"Plan Rows": 61,"Plan Width": 31,"Actual Startup Time": 0.566,"Actual Total Time": 2116.014,"Actual Rows": 106468,"Actual Loops": 3,"Inner Unique": true,"Workers": [],"Plans": [{"Node Type": "Nested Loop","Parent Relationship": "Outer","Parallel Aware": false,"Async Capable": false,"Join Type": "Inner","Startup Cost": 1.14,"Total Cost": 46322.98,"Plan Rows": 61,"Plan Width": 31,"Actual Startup Time": 0.424,"Actual Total Time": 986.299,"Actual Rows": 106468,"Actual Loops": 3,"Inner Unique": true,"Workers": [],"Plans": [{"Node Type": "Nested Loop","Parent Relationship": "Outer","Parallel Aware": false,"Async Capable": false,"Join Type": "Inner","Startup Cost": 0.86,"Total Cost": 46304.52,"Plan Rows": 61,"Plan Width": 35,"Actual Startup Time": 0.322,"Actual Total Time": 804.474,"Actual Rows": 106468,"Actual Loops": 3,"Inner Unique": false,"Workers": [],"Plans": [{"Node Type": "Nested Loop","Parent Relationship": "Outer","Parallel Aware": false,"Async Capable": false,"Join Type": "Inner","Startup Cost": 0.42,"Total Cost": 24846.16,"Plan Rows": 20202,"Plan Width": 18,"Actual Startup Time": 0.207,"Actual Total Time": 112.316,"Actual Rows": 14219,"Actual Loops": 3,"Inner Unique": false,"Workers": [],"Plans": [{"Node Type": "Seq Scan","Parent Relationship": "Outer","Parallel Aware": true,"Async Capable": false,"Relation Name": "part","Alias": "part","Startup Cost": 0.00,"Total Cost": 5138.67,"Plan Rows": 5051,"Plan Width": 4,"Actual Startup Time": 0.062,"Actual Total Time": 48.140,"Actual Rows": 3555,"Actual Loops": 3,"Filter": "((p_name)::text ~~ '%green%'::text)","Rows Removed by Filter": 63112,"Workers": []},{"Node Type": "Index Scan","Parent Relationship": "Inner","Parallel Aware": false,"Async Capable": false,"Scan Direction": "Forward","Index Name": "idx_partsupp_partkey","Relation Name": "partsupp","Alias": "partsupp","Startup Cost": 0.42,"Total Cost": 3.86,"Plan Rows": 4,"Plan Width": 14,"Actual Startup Time": 0.014,"Actual Total Time": 0.017,"Actual Rows": 4,"Actual Loops": 10664,"Index Cond": "(ps_partkey = part.p_partkey)","Rows Removed by Index Recheck": 0,"Workers": []}]},{"Node Type": "Index Scan","Parent Relationship": "Inner","Parallel Aware": false,"Async Capable": false,"Scan Direction": "Forward","Index Name": "idx_lineitem_part_supp","Relation Name": "lineitem","Alias": "lineitem","Startup Cost": 0.43,"Total Cost": 1.05,"Plan Rows": 1,"Plan Width": 29,"Actual Startup Time": 0.007,"Actual Total Time": 0.047,"Actual Rows": 7,"Actual Loops": 42656,"Index Cond": "((l_partkey = partsupp.ps_partkey) AND (l_suppkey = partsupp.ps_suppkey))","Rows Removed by Index Recheck": 0,"Workers": []}]},{"Node Type": "Index Scan","Parent Relationship": "Inner","Parallel Aware": false,"Async Capable": false,"Scan Direction": "Forward","Index Name": "supplier_pkey","Relation Name": "supplier","Alias": "supplier","Startup Cost": 0.29,"Total Cost": 0.30,"Plan Rows": 1,"Plan Width": 8,"Actual Startup Time": 0.001,"Actual Total Time": 0.001,"Actual Rows": 1,"Actual Loops": 319404,"Index Cond": "(s_suppkey = lineitem.l_suppkey)","Rows Removed by Index Recheck": 0,"Workers": []}]},{"Node Type": "Index Scan","Parent Relationship": "Inner","Parallel Aware": false,"Async Capable": false,"Scan Direction": "Forward","Index Name": "orders_pkey","Relation Name": "orders","Alias": "orders","Startup Cost": 0.43,"Total Cost": 0.47,"Plan Rows": 1,"Plan Width": 8,"Actual Startup Time": 0.010,"Actual Total Time": 0.010,"Actual Rows": 1,"Actual Loops": 319404,"Index Cond": "(o_orderkey = lineitem.l_orderkey)","Rows Removed by Index Recheck": 0,"Workers": []}]},{"Node Type": "Hash","Parent Relationship": "Inner","Parallel Aware": false,"Async Capable": false,"Startup Cost": 1.25,"Total Cost": 1.25,"Plan Rows": 25,"Plan Width": 108,"Actual Startup Time": 0.086,"Actual Total Time": 0.098,"Actual Rows": 25,"Actual Loops": 3,"Hash Buckets": 1024,"Original Hash Buckets": 1024,"Hash Batches": 1,"Original Hash Batches": 1,"Peak Memory Usage": 10,"Workers": [],"Plans": [{"Node Type": "Seq Scan","Parent Relationship": "Outer","Parallel Aware": false,"Async Capable": false,"Relation Name": "nation","Alias": "nation","Startup Cost": 0.00,"Total Cost": 1.25,"Plan Rows": 25,"Plan Width": 108,"Actual Startup Time": 0.058,"Actual Total Time": 0.065,"Actual Rows": 25,"Actual Loops": 3,"Workers": []}]}]}]}]}]}]},"Planning Time": 11.140,"Triggers": [],"Execution Time": 2525.518}]
[{"Plan": {"Node Type": "Aggregate","Strategy": "Sorted","Partial Mode": "Finalize","Parallel Aware": false,"Async Capable": false,"Startup Cost": 35224.41,"Total Cost": 35237.30,"Plan Rows": 97,"Plan Width": 168,"Actual Startup Time": 2423.963,"Actual Total Time": 2560.496,"Actual Rows": 175,"Actual Loops": 1,"Group Key": ["nation.n_name", "(EXTRACT(year FROM orders.o_orderdate))"],"Plans": [{"Node Type": "Gather Merge","Parent Relationship": "Outer","Parallel Aware": false,"Async Capable": false,"Startup Cost": 35224.41,"Total Cost": 35235.05,"Plan Rows": 80,"Plan Width": 168,"Actual Startup Time": 2422.019,"Actual Total Time": 2560.116,"Actual Rows": 525,"Actual Loops": 1,"Workers Planned": 2,"Workers Launched": 2,"Plans": [{"Node Type": "Aggregate","Strategy": "Sorted","Partial Mode": "Partial","Parent Relationship": "Outer","Parallel Aware": false,"Async Capable": false,"Startup Cost": 34224.39,"Total Cost": 34225.79,"Plan Rows": 40,"Plan Width": 168,"Actual Startup Time": 2311.477,"Actual Total Time": 2422.444,"Actual Rows": 175,"Actual Loops": 3,"Group Key": ["nation.n_name", "(EXTRACT(year FROM orders.o_orderdate))"],"Workers": [],"Plans": [{"Node Type": "Sort","Parent Relationship": "Outer","Parallel Aware": false,"Async Capable": false,"Startup Cost": 34224.39,"Total Cost": 34224.49,"Plan Rows": 40,"Plan Width": 159,"Actual Startup Time": 2310.904,"Actual Total Time": 2345.956,"Actual Rows": 108625,"Actual Loops": 3,"Sort Key": ["nation.n_name", "(EXTRACT(year FROM orders.o_orderdate)) DESC"],"Sort Method": "quicksort","Sort Space Used": 13495,"Sort Space Type": "Memory","Workers": [{"Worker Number": 0,"Sort Method": "quicksort","Sort Space Used": 14236,"Sort Space Type": "Memory"},{"Worker Number": 1,"Sort Method": "quicksort","Sort Space Used": 13931,"Sort Space Type": "Memory"}],"Plans": [{"Node Type": "Hash Join","Parent Relationship": "Outer","Parallel Aware": false,"Async Capable": false,"Join Type": "Inner","Startup Cost": 3.13,"Total Cost": 34223.32,"Plan Rows": 40,"Plan Width": 159,"Actual Startup Time": 0.667,"Actual Total Time": 2163.145,"Actual Rows": 108625,"Actual Loops": 3,"Inner Unique": true,"Hash Cond": "(supplier.s_nationkey = nation.n_nationkey)","Workers": [],"Plans": [{"Node Type": "Nested Loop","Parent Relationship": "Outer","Parallel Aware": false,"Async Capable": false,"Join Type": "Inner","Startup Cost": 1.57,"Total Cost": 34221.53,"Plan Rows": 40,"Plan Width": 31,"Actual Startup Time": 0.474,"Actual Total Time": 2131.583,"Actual Rows": 108625,"Actual Loops": 3,"Inner Unique": true,"Workers": [],"Plans": [{"Node Type": "Nested Loop","Parent Relationship": "Outer","Parallel Aware": false,"Async Capable": false,"Join Type": "Inner","Startup Cost": 1.14,"Total Cost": 34202.93,"Plan Rows": 40,"Plan Width": 31,"Actual Startup Time": 0.377,"Actual Total Time": 989.340,"Actual Rows": 108625,"Actual Loops": 3,"Inner Unique": true,"Workers": [],"Plans": [{"Node Type": "Nested Loop","Parent Relationship": "Outer","Parallel Aware": false,"Async Capable": false,"Join Type": "Inner","Startup Cost": 0.86,"Total Cost": 34190.82,"Plan Rows": 40,"Plan Width": 35,"Actual Startup Time": 0.299,"Actual Total Time": 804.524,"Actual Rows": 108625,"Actual Loops": 3,"Inner Unique": false,"Workers": [],"Plans": [{"Node Type": "Nested Loop","Parent Relationship": "Outer","Parallel Aware": false,"Async Capable": false,"Join Type": "Inner","Startup Cost": 0.42,"Total Cost": 19885.25,"Plan Rows": 13468,"Plan Width": 18,"Actual Startup Time": 0.197,"Actual Total Time": 118.975,"Actual Rows": 14469,"Actual Loops": 3,"Inner Unique": false,"Workers": [],"Plans": [{"Node Type": "Seq Scan","Parent Relationship": "Outer","Parallel Aware": true,"Async Capable": false,"Relation Name": "part","Alias": "part","Startup Cost": 0.00,"Total Cost": 5138.67,"Plan Rows": 3367,"Plan Width": 4,"Actual Startup Time": 0.059,"Actual Total Time": 51.422,"Actual Rows": 3617,"Actual Loops": 3,"Filter": "((p_name)::text ~~ '%medium%'::text)","Rows Removed by Filter": 63049,"Workers": []},{"Node Type": "Index Scan","Parent Relationship": "Inner","Parallel Aware": false,"Async Capable": false,"Scan Direction": "Forward","Index Name": "idx_partsupp_partkey","Relation Name": "partsupp","Alias": "partsupp","Startup Cost": 0.42,"Total Cost": 4.34,"Plan Rows": 4,"Plan Width": 14,"Actual Startup Time": 0.014,"Actual Total Time": 0.018,"Actual Rows": 4,"Actual Loops": 10852,"Index Cond": "(ps_partkey = part.p_partkey)","Rows Removed by Index Recheck": 0,"Workers": []}]},{"Node Type": "Index Scan","Parent Relationship": "Inner","Parallel Aware": false,"Async Capable": false,"Scan Direction": "Forward","Index Name": "idx_lineitem_part_supp","Relation Name": "lineitem","Alias": "lineitem","Startup Cost": 0.43,"Total Cost": 1.05,"Plan Rows": 1,"Plan Width": 29,"Actual Startup Time": 0.007,"Actual Total Time": 0.046,"Actual Rows": 8,"Actual Loops": 43408,"Index Cond": "((l_partkey = partsupp.ps_partkey) AND (l_suppkey = partsupp.ps_suppkey))","Rows Removed by Index Recheck": 0,"Workers": []}]},{"Node Type": "Index Scan","Parent Relationship": "Inner","Parallel Aware": false,"Async Capable": false,"Scan Direction": "Forward","Index Name": "supplier_pkey","Relation Name": "supplier","Alias": "supplier","Startup Cost": 0.29,"Total Cost": 0.30,"Plan Rows": 1,"Plan Width": 8,"Actual Startup Time": 0.001,"Actual Total Time": 0.001,"Actual Rows": 1,"Actual Loops": 325876,"Index Cond": "(s_suppkey = lineitem.l_suppkey)","Rows Removed by Index Recheck": 0,"Workers": []}]},{"Node Type": "Index Scan","Parent Relationship": "Inner","Parallel Aware": false,"Async Capable": false,"Scan Direction": "Forward","Index Name": "orders_pkey","Relation Name": "orders","Alias": "orders","Startup Cost": 0.43,"Total Cost": 0.47,"Plan Rows": 1,"Plan Width": 8,"Actual Startup Time": 0.010,"Actual Total Time": 0.010,"Actual Rows": 1,"Actual Loops": 325876,"Index Cond": "(o_orderkey = lineitem.l_orderkey)","Rows Removed by Index Recheck": 0,"Workers": []}]},{"Node Type": "Hash","Parent Relationship": "Inner","Parallel Aware": false,"Async Capable": false,"Startup Cost": 1.25,"Total Cost": 1.25,"Plan Rows": 25,"Plan Width": 108,"Actual Startup Time": 0.099,"Actual Total Time": 0.114,"Actual Rows": 25,"Actual Loops": 3,"Hash Buckets": 1024,"Original Hash Buckets": 1024,"Hash Batches": 1,"Original Hash Batches": 1,"Peak Memory Usage": 10,"Workers": [],"Plans": [{"Node Type": "Seq Scan","Parent Relationship": "Outer","Parallel Aware": false,"Async Capable": false,"Relation Name": "nation","Alias": "nation","Startup Cost": 0.00,"Total Cost": 1.25,"Plan Rows": 25,"Plan Width": 108,"Actual Startup Time": 0.070,"Actual Total Time": 0.083,"Actual Rows": 25,"Actual Loops": 3,"Workers": []}]}]}]}]}]}]},"Planning Time": 12.212,"Triggers": [],"Execution Time": 2563.131}]
[{"Plan": {"Node Type": "Aggregate","Strategy": "Sorted","Partial Mode": "Finalize","Parallel Aware": false,"Async Capable": false,"Startup Cost": 49135.04,"Total Cost": 49164.27,"Plan Rows": 195,"Plan Width": 168,"Actual Startup Time": 1717.770,"Actual Total Time": 1820.281,"Actual Rows": 175,"Actual Loops": 1,"Group Key": ["nation.n_name", "(EXTRACT(year FROM orders.o_orderdate))"],"Plans": [{"Node Type": "Gather Merge","Parent Relationship": "Outer","Parallel Aware": false,"Async Capable": false,"Startup Cost": 49135.04,"Total Cost": 49159.45,"Plan Rows": 189,"Plan Width": 168,"Actual Startup Time": 1716.332,"Actual Total Time": 1819.712,"Actual Rows": 700,"Actual Loops": 1,"Workers Planned": 3,"Workers Launched": 3,"Plans": [{"Node Type": "Aggregate","Strategy": "Sorted","Partial Mode": "Partial","Parent Relationship": "Outer","Parallel Aware": false,"Async Capable": false,"Startup Cost": 48135.00,"Total Cost": 48137.21,"Plan Rows": 63,"Plan Width": 168,"Actual Startup Time": 1637.960,"Actual Total Time": 1730.367,"Actual Rows": 175,"Actual Loops": 4,"Group Key": ["nation.n_name", "(EXTRACT(year FROM orders.o_orderdate))"],"Workers": [],"Plans": [{"Node Type": "Sort","Parent Relationship": "Outer","Parallel Aware": false,"Async Capable": false,"Startup Cost": 48135.00,"Total Cost": 48135.16,"Plan Rows": 63,"Plan Width": 159,"Actual Startup Time": 1637.449,"Actual Total Time": 1669.077,"Actual Rows": 81300,"Actual Loops": 4,"Sort Key": ["nation.n_name", "(EXTRACT(year FROM orders.o_orderdate)) DESC"],"Sort Method": "quicksort","Sort Space Used": 11078,"Sort Space Type": "Memory","Workers": [{"Worker Number": 0,"Sort Method": "quicksort","Sort Space Used": 11424,"Sort Space Type": "Memory"},{"Worker Number": 1,"Sort Method": "quicksort","Sort Space Used": 10860,"Sort Space Type": "Memory"},{"Worker Number": 2,"Sort Method": "quicksort","Sort Space Used": 11307,"Sort Space Type": "Memory"}],"Plans": [{"Node Type": "Hash Join","Parent Relationship": "Outer","Parallel Aware": false,"Async Capable": false,"Join Type": "Inner","Startup Cost": 5225.55,"Total Cost": 48133.12,"Plan Rows": 63,"Plan Width": 159,"Actual Startup Time": 22.006,"Actual Total Time": 1536.711,"Actual Rows": 81300,"Actual Loops": 4,"Inner Unique": true,"Hash Cond": "(supplier.s_nationkey = nation.n_nationkey)","Workers": [],"Plans": [{"Node Type": "Nested Loop","Parent Relationship": "Outer","Parallel Aware": false,"Async Capable": false,"Join Type": "Inner","Startup Cost": 5223.99,"Total Cost": 48131.20,"Plan Rows": 63,"Plan Width": 31,"Actual Startup Time": 21.853,"Actual Total Time": 1512.923,"Actual Rows": 81300,"Actual Loops": 4,"Inner Unique": true,"Workers": [],"Plans": [{"Node Type": "Nested Loop","Parent Relationship": "Outer","Parallel Aware": false,"Async Capable": false,"Join Type": "Inner","Startup Cost": 5223.56,"Total Cost": 48101.90,"Plan Rows": 63,"Plan Width": 31,"Actual Startup Time": 21.770,"Actual Total Time": 779.387,"Actual Rows": 81300,"Actual Loops": 4,"Inner Unique": true,"Workers": [],"Plans": [{"Node Type": "Nested Loop","Parent Relationship": "Outer","Parallel Aware": false,"Async Capable": false,"Join Type": "Inner","Startup Cost": 5223.27,"Total Cost": 48082.83,"Plan Rows": 63,"Plan Width": 35,"Actual Startup Time": 21.713,"Actual Total Time": 642.667,"Actual Rows": 81300,"Actual Loops": 4,"Inner Unique": false,"Workers": [],"Plans": [{"Node Type": "Hash Join","Parent Relationship": "Outer","Parallel Aware": true,"Async Capable": false,"Join Type": "Inner","Startup Cost": 5222.84,"Total Cost": 25931.92,"Plan Rows": 20854,"Plan Width": 18,"Actual Startup Time": 21.651,"Actual Total Time": 185.729,"Actual Rows": 10842,"Actual Loops": 4,"Inner Unique": true,"Hash Cond": "(partsupp.ps_partkey = part.p_partkey)","Workers": [],"Plans": [{"Node Type": "Seq Scan","Parent Relationship": "Outer","Parallel Aware": true,"Async Capable": false,"Relation Name": "partsupp","Alias": "partsupp","Startup Cost": 0.00,"Total Cost": 20031.65,"Plan Rows": 258065,"Plan Width": 14,"Actual Startup Time": 0.018,"Actual Total Time": 42.893,"Actual Rows": 200000,"Actual Loops": 4,"Workers": []},{"Node Type": "Hash","Parent Relationship": "Inner","Parallel Aware": true,"Async Capable": false,"Startup Cost": 5138.67,"Total Cost": 5138.67,"Plan Rows": 6734,"Plan Width": 4,"Actual Startup Time": 21.459,"Actual Total Time": 21.480,"Actual Rows": 2710,"Actual Loops": 4,"Hash Buckets": 16384,"Original Hash Buckets": 16384,"Hash Batches": 1,"Original Hash Batches": 1,"Peak Memory Usage": 640,"Workers": [],"Plans": [{"Node Type": "Seq Scan","Parent Relationship": "Outer","Parallel Aware": true,"Async Capable": false,"Relation Name": "part","Alias": "part","Startup Cost": 0.00,"Total Cost": 5138.67,"Plan Rows": 6734,"Plan Width": 4,"Actual Startup Time": 0.045,"Actual Total Time": 20.042,"Actual Rows": 2710,"Actual Loops": 4,"Filter": "((p_name)::text ~~ '%goldenrod%'::text)","Rows Removed by Filter": 47290,"Workers": []}]}]},{"Node Type": "Index Scan","Parent Relationship": "Inner","Parallel Aware": false,"Async Capable": false,"Scan Direction": "Forward","Index Name": "idx_lineitem_part_supp","Relation Name": "lineitem","Alias": "lineitem","Startup Cost": 0.43,"Total Cost": 1.05,"Plan Rows": 1,"Plan Width": 29,"Actual Startup Time": 0.006,"Actual Total Time": 0.041,"Actual Rows": 7,"Actual Loops": 43368,"Index Cond": "((l_partkey = partsupp.ps_partkey) AND (l_suppkey = partsupp.ps_suppkey))","Rows Removed by Index Recheck": 0,"Workers": []}]},{"Node Type": "Index Scan","Parent Relationship": "Inner","Parallel Aware": false,"Async Capable": false,"Scan Direction": "Forward","Index Name": "supplier_pkey","Relation Name": "supplier","Alias": "supplier","Startup Cost": 0.29,"Total Cost": 0.30,"Plan Rows": 1,"Plan Width": 8,"Actual Startup Time": 0.001,"Actual Total Time": 0.001,"Actual Rows": 1,"Actual Loops": 325201,"Index Cond": "(s_suppkey = lineitem.l_suppkey)","Rows Removed by Index Recheck": 0,"Workers": []}]},{"Node Type": "Index Scan","Parent Relationship": "Inner","Parallel Aware": false,"Async Capable": false,"Scan Direction": "Forward","Index Name": "orders_pkey","Relation Name": "orders","Alias": "orders","Startup Cost": 0.43,"Total Cost": 0.47,"Plan Rows": 1,"Plan Width": 8,"Actual Startup Time": 0.009,"Actual Total Time": 0.009,"Actual Rows": 1,"Actual Loops": 325201,"Index Cond": "(o_orderkey = lineitem.l_orderkey)","Rows Removed by Index Recheck": 0,"Workers": []}]},{"Node Type": "Hash","Parent Relationship": "Inner","Parallel Aware": false,"Async Capable": false,"Startup Cost": 1.25,"Total Cost": 1.25,"Plan Rows": 25,"Plan Width": 108,"Actual Startup Time": 0.058,"Actual Total Time": 0.068,"Actual Rows": 25,"Actual Loops": 4,"Hash Buckets": 1024,"Original Hash Buckets": 1024,"Hash Batches": 1,"Original Hash Batches": 1,"Peak Memory Usage": 10,"Workers": [],"Plans": [{"Node Type": "Seq Scan","Parent Relationship": "Outer","Parallel Aware": false,"Async Capable": false,"Relation Name": "nation","Alias": "nation","Startup Cost": 0.00,"Total Cost": 1.25,"Plan Rows": 25,"Plan Width": 108,"Actual Startup Time": 0.040,"Actual Total Time": 0.047,"Actual Rows": 25,"Actual Loops": 4,"Workers": []}]}]}]}]}]}]},"Planning Time": 12.322,"Triggers": [],"Execution Time": 1822.644}]
[{"Plan": {"Node Type": "Aggregate","Strategy": "Sorted","Partial Mode": "Finalize","Parallel Aware": false,"Async Capable": false,"Startup Cost": 28858.40,"Total Cost": 28868.07,"Plan Rows": 73,"Plan Width": 168,"Actual Startup Time": 2447.440,"Actual Total Time": 2545.613,"Actual Rows": 175,"Actual Loops": 1,"Group Key": ["nation.n_name", "(EXTRACT(year FROM orders.o_orderdate))"],"Plans": [{"Node Type": "Gather Merge","Parent Relationship": "Outer","Parallel Aware": false,"Async Capable": false,"Startup Cost": 28858.40,"Total Cost": 28866.38,"Plan Rows": 60,"Plan Width": 168,"Actual Startup Time": 2445.955,"Actual Total Time": 2545.171,"Actual Rows": 525,"Actual Loops": 1,"Workers Planned": 2,"Workers Launched": 2,"Plans": [{"Node Type": "Aggregate","Strategy": "Sorted","Partial Mode": "Partial","Parent Relationship": "Outer","Parallel Aware": false,"Async Capable": false,"Startup Cost": 27858.38,"Total Cost": 27859.43,"Plan Rows": 30,"Plan Width": 168,"Actual Startup Time": 2330.856,"Actual Total Time": 2450.060,"Actual Rows": 175,"Actual Loops": 3,"Group Key": ["nation.n_name", "(EXTRACT(year FROM orders.o_orderdate))"],"Workers": [],"Plans": [{"Node Type": "Sort","Parent Relationship": "Outer","Parallel Aware": false,"Async Capable": false,"Startup Cost": 27858.38,"Total Cost": 27858.46,"Plan Rows": 30,"Plan Width": 159,"Actual Startup Time": 2330.116,"Actual Total Time": 2368.297,"Actual Rows": 108123,"Actual Loops": 3,"Sort Key": ["nation.n_name", "(EXTRACT(year FROM orders.o_orderdate)) DESC"],"Sort Method": "quicksort","Sort Space Used": 13681,"Sort Space Type": "Memory","Workers": [{"Worker Number": 0,"Sort Method": "quicksort","Sort Space Used": 13921,"Sort Space Type": "Memory"},{"Worker Number": 1,"Sort Method": "quicksort","Sort Space Used": 13909,"Sort Space Type": "Memory"}],"Plans": [{"Node Type": "Hash Join","Parent Relationship": "Outer","Parallel Aware": false,"Async Capable": false,"Join Type": "Inner","Startup Cost": 3.13,"Total Cost": 27857.64,"Plan Rows": 30,"Plan Width": 159,"Actual Startup Time": 0.761,"Actual Total Time": 2172.025,"Actual Rows": 108123,"Actual Loops": 3,"Inner Unique": true,"Hash Cond": "(supplier.s_nationkey = nation.n_nationkey)","Workers": [],"Plans": [{"Node Type": "Nested Loop","Parent Relationship": "Outer","Parallel Aware": false,"Async Capable": false,"Join Type": "Inner","Startup Cost": 1.57,"Total Cost": 27855.92,"Plan Rows": 30,"Plan Width": 31,"Actual Startup Time": 0.568,"Actual Total Time": 2139.932,"Actual Rows": 108123,"Actual Loops": 3,"Inner Unique": true,"Workers": [],"Plans": [{"Node Type": "Nested Loop","Parent Relationship": "Outer","Parallel Aware": false,"Async Capable": false,"Join Type": "Inner","Startup Cost": 1.14,"Total Cost": 27841.96,"Plan Rows": 30,"Plan Width": 31,"Actual Startup Time": 0.441,"Actual Total Time": 989.960,"Actual Rows": 108123,"Actual Loops": 3,"Inner Unique": true,"Workers": [],"Plans": [{"Node Type": "Nested Loop","Parent Relationship": "Outer","Parallel Aware": false,"Async Capable": false,"Join Type": "Inner","Startup Cost": 0.86,"Total Cost": 27832.88,"Plan Rows": 30,"Plan Width": 35,"Actual Startup Time": 0.341,"Actual Total Time": 804.966,"Actual Rows": 108123,"Actual Loops": 3,"Inner Unique": false,"Workers": [],"Plans": [{"Node Type": "Nested Loop","Parent Relationship": "Outer","Parallel Aware": false,"Async Capable": false,"Join Type": "Inner","Startup Cost": 0.42,"Total Cost": 17103.70,"Plan Rows": 10101,"Plan Width": 18,"Actual Startup Time": 0.214,"Actual Total Time": 118.948,"Actual Rows": 14436,"Actual Loops": 3,"Inner Unique": false,"Workers": [],"Plans": [{"Node Type": "Seq Scan","Parent Relationship": "Outer","Parallel Aware": true,"Async Capable": false,"Relation Name": "part","Alias": "part","Startup Cost": 0.00,"Total Cost": 5138.67,"Plan Rows": 2525,"Plan Width": 4,"Actual Startup Time": 0.071,"Actual Total Time": 51.146,"Actual Rows": 3609,"Actual Loops": 3,"Filter": "((p_name)::text ~~ '%salmon%'::text)","Rows Removed by Filter": 63058,"Workers": []},{"Node Type": "Index Scan","Parent Relationship": "Inner","Parallel Aware": false,"Async Capable": false,"Scan Direction": "Forward","Index Name": "idx_partsupp_partkey","Relation Name": "partsupp","Alias": "partsupp","Startup Cost": 0.42,"Total Cost": 4.70,"Plan Rows": 4,"Plan Width": 14,"Actual Startup Time": 0.014,"Actual Total Time": 0.018,"Actual Rows": 4,"Actual Loops": 10827,"Index Cond": "(ps_partkey = part.p_partkey)","Rows Removed by Index Recheck": 0,"Workers": []}]},{"Node Type": "Index Scan","Parent Relationship": "Inner","Parallel Aware": false,"Async Capable": false,"Scan Direction": "Forward","Index Name": "idx_lineitem_part_supp","Relation Name": "lineitem","Alias": "lineitem","Startup Cost": 0.43,"Total Cost": 1.05,"Plan Rows": 1,"Plan Width": 29,"Actual Startup Time": 0.007,"Actual Total Time": 0.046,"Actual Rows": 7,"Actual Loops": 43308,"Index Cond": "((l_partkey = partsupp.ps_partkey) AND (l_suppkey = partsupp.ps_suppkey))","Rows Removed by Index Recheck": 0,"Workers": []}]},{"Node Type": "Index Scan","Parent Relationship": "Inner","Parallel Aware": false,"Async Capable": false,"Scan Direction": "Forward","Index Name": "supplier_pkey","Relation Name": "supplier","Alias": "supplier","Startup Cost": 0.29,"Total Cost": 0.30,"Plan Rows": 1,"Plan Width": 8,"Actual Startup Time": 0.001,"Actual Total Time": 0.001,"Actual Rows": 1,"Actual Loops": 324369,"Index Cond": "(s_suppkey = lineitem.l_suppkey)","Rows Removed by Index Recheck": 0,"Workers": []}]},{"Node Type": "Index Scan","Parent Relationship": "Inner","Parallel Aware": false,"Async Capable": false,"Scan Direction": "Forward","Index Name": "orders_pkey","Relation Name": "orders","Alias": "orders","Startup Cost": 0.43,"Total Cost": 0.47,"Plan Rows": 1,"Plan Width": 8,"Actual Startup Time": 0.010,"Actual Total Time": 0.010,"Actual Rows": 1,"Actual Loops": 324369,"Index Cond": "(o_orderkey = lineitem.l_orderkey)","Rows Removed by Index Recheck": 0,"Workers": []}]},{"Node Type": "Hash","Parent Relationship": "Inner","Parallel Aware": false,"Async Capable": false,"Startup Cost": 1.25,"Total Cost": 1.25,"Plan Rows": 25,"Plan Width": 108,"Actual Startup Time": 0.084,"Actual Total Time": 0.093,"Actual Rows": 25,"Actual Loops": 3,"Hash Buckets": 1024,"Original Hash Buckets": 1024,"Hash Batches": 1,"Original Hash Batches": 1,"Peak Memory Usage": 10,"Workers": [],"Plans": [{"Node Type": "Seq Scan","Parent Relationship": "Outer","Parallel Aware": false,"Async Capable": false,"Relation Name": "nation","Alias": "nation","Startup Cost": 0.00,"Total Cost": 1.25,"Plan Rows": 25,"Plan Width": 108,"Actual Startup Time": 0.055,"Actual Total Time": 0.062,"Actual Rows": 25,"Actual Loops": 3,"Workers": []}]}]}]}]}]}]},"Planning Time": 12.028,"Triggers": [],"Execution Time": 2548.676}]
[{"Plan": {"Node Type": "Aggregate","Strategy": "Sorted","Partial Mode": "Finalize","Parallel Aware": false,"Async Capable": false,"Startup Cost": 35224.41,"Total Cost": 35237.30,"Plan Rows": 97,"Plan Width": 168,"Actual Startup Time": 2468.334,"Actual Total Time": 2614.615,"Actual Rows": 175,"Actual Loops": 1,"Group Key": ["nation.n_name", "(EXTRACT(year FROM orders.o_orderdate))"],"Plans": [{"Node Type": "Gather Merge","Parent Relationship": "Outer","Parallel Aware": false,"Async Capable": false,"Startup Cost": 35224.41,"Total Cost": 35235.05,"Plan Rows": 80,"Plan Width": 168,"Actual Startup Time": 2467.004,"Actual Total Time": 2614.239,"Actual Rows": 525,"Actual Loops": 1,"Workers Planned": 2,"Workers Launched": 2,"Plans": [{"Node Type": "Aggregate","Strategy": "Sorted","Partial Mode": "Partial","Parent Relationship": "Outer","Parallel Aware": false,"Async Capable": false,"Startup Cost": 34224.39,"Total Cost": 34225.79,"Plan Rows": 40,"Plan Width": 168,"Actual Startup Time": 2350.593,"Actual Total Time": 2488.300,"Actual Rows": 175,"Actual Loops": 3,"Group Key": ["nation.n_name", "(EXTRACT(year FROM orders.o_orderdate))"],"Workers": [],"Plans": [{"Node Type": "Sort","Parent Relationship": "Outer","Parallel Aware": false,"Async Capable": false,"Startup Cost": 34224.39,"Total Cost": 34224.49,"Plan Rows": 40,"Plan Width": 159,"Actual Startup Time": 2349.936,"Actual Total Time": 2400.414,"Actual Rows": 109238,"Actual Loops": 3,"Sort Key": ["nation.n_name", "(EXTRACT(year FROM orders.o_orderdate)) DESC"],"Sort Method": "quicksort","Sort Space Used": 14698,"Sort Space Type": "Memory","Workers": [{"Worker Number": 0,"Sort Method": "quicksort","Sort Space Used": 13564,"Sort Space Type": "Memory"},{"Worker Number": 1,"Sort Method": "quicksort","Sort Space Used": 13587,"Sort Space Type": "Memory"}],"Plans": [{"Node Type": "Hash Join","Parent Relationship": "Outer","Parallel Aware": false,"Async Capable": false,"Join Type": "Inner","Startup Cost": 3.13,"Total Cost": 34223.32,"Plan Rows": 40,"Plan Width": 159,"Actual Startup Time": 0.710,"Actual Total Time": 2199.303,"Actual Rows": 109238,"Actual Loops": 3,"Inner Unique": true,"Hash Cond": "(supplier.s_nationkey = nation.n_nationkey)","Workers": [],"Plans": [{"Node Type": "Nested Loop","Parent Relationship": "Outer","Parallel Aware": false,"Async Capable": false,"Join Type": "Inner","Startup Cost": 1.57,"Total Cost": 34221.53,"Plan Rows": 40,"Plan Width": 31,"Actual Startup Time": 0.515,"Actual Total Time": 2168.211,"Actual Rows": 109238,"Actual Loops": 3,"Inner Unique": true,"Workers": [],"Plans": [{"Node Type": "Nested Loop","Parent Relationship": "Outer","Parallel Aware": false,"Async Capable": false,"Join Type": "Inner","Startup Cost": 1.14,"Total Cost": 34202.93,"Plan Rows": 40,"Plan Width": 31,"Actual Startup Time": 0.366,"Actual Total Time": 1011.087,"Actual Rows": 109238,"Actual Loops": 3,"Inner Unique": true,"Workers": [],"Plans": [{"Node Type": "Nested Loop","Parent Relationship": "Outer","Parallel Aware": false,"Async Capable": false,"Join Type": "Inner","Startup Cost": 0.86,"Total Cost": 34190.82,"Plan Rows": 40,"Plan Width": 35,"Actual Startup Time": 0.280,"Actual Total Time": 824.347,"Actual Rows": 109238,"Actual Loops": 3,"Inner Unique": false,"Workers": [],"Plans": [{"Node Type": "Nested Loop","Parent Relationship": "Outer","Parallel Aware": false,"Async Capable": false,"Join Type": "Inner","Startup Cost": 0.42,"Total Cost": 19885.25,"Plan Rows": 13468,"Plan Width": 18,"Actual Startup Time": 0.177,"Actual Total Time": 115.126,"Actual Rows": 14568,"Actual Loops": 3,"Inner Unique": false,"Workers": [],"Plans": [{"Node Type": "Seq Scan","Parent Relationship": "Outer","Parallel Aware": true,"Async Capable": false,"Relation Name": "part","Alias": "part","Startup Cost": 0.00,"Total Cost": 5138.67,"Plan Rows": 3367,"Plan Width": 4,"Actual Startup Time": 0.049,"Actual Total Time": 48.508,"Actual Rows": 3642,"Actual Loops": 3,"Filter": "((p_name)::text ~~ '%purple%'::text)","Rows Removed by Filter": 63025,"Workers": []},{"Node Type": "Index Scan","Parent Relationship": "Inner","Parallel Aware": false,"Async Capable": false,"Scan Direction": "Forward","Index Name": "idx_partsupp_partkey","Relation Name": "partsupp","Alias": "partsupp","Startup Cost": 0.42,"Total Cost": 4.34,"Plan Rows": 4,"Plan Width": 14,"Actual Startup Time": 0.014,"Actual Total Time": 0.018,"Actual Rows": 4,"Actual Loops": 10926,"Index Cond": "(ps_partkey = part.p_partkey)","Rows Removed by Index Recheck": 0,"Workers": []}]},{"Node Type": "Index Scan","Parent Relationship": "Inner","Parallel Aware": false,"Async Capable": false,"Scan Direction": "Forward","Index Name": "idx_lineitem_part_supp","Relation Name": "lineitem","Alias": "lineitem","Startup Cost": 0.43,"Total Cost": 1.05,"Plan Rows": 1,"Plan Width": 29,"Actual Startup Time": 0.007,"Actual Total Time": 0.047,"Actual Rows": 7,"Actual Loops": 43704,"Index Cond": "((l_partkey = partsupp.ps_partkey) AND (l_suppkey = partsupp.ps_suppkey))","Rows Removed by Index Recheck": 0,"Workers": []}]},{"Node Type": "Index Scan","Parent Relationship": "Inner","Parallel Aware": false,"Async Capable": false,"Scan Direction": "Forward","Index Name": "supplier_pkey","Relation Name": "supplier","Alias": "supplier","Startup Cost": 0.29,"Total Cost": 0.30,"Plan Rows": 1,"Plan Width": 8,"Actual Startup Time": 0.001,"Actual Total Time": 0.001,"Actual Rows": 1,"Actual Loops": 327714,"Index Cond": "(s_suppkey = lineitem.l_suppkey)","Rows Removed by Index Recheck": 0,"Workers": []}]},{"Node Type": "Index Scan","Parent Relationship": "Inner","Parallel Aware": false,"Async Capable": false,"Scan Direction": "Forward","Index Name": "orders_pkey","Relation Name": "orders","Alias": "orders","Startup Cost": 0.43,"Total Cost": 0.47,"Plan Rows": 1,"Plan Width": 8,"Actual Startup Time": 0.010,"Actual Total Time": 0.010,"Actual Rows": 1,"Actual Loops": 327714,"Index Cond": "(o_orderkey = lineitem.l_orderkey)","Rows Removed by Index Recheck": 0,"Workers": []}]},{"Node Type": "Hash","Parent Relationship": "Inner","Parallel Aware": false,"Async Capable": false,"Startup Cost": 1.25,"Total Cost": 1.25,"Plan Rows": 25,"Plan Width": 108,"Actual Startup Time": 0.085,"Actual Total Time": 0.094,"Actual Rows": 25,"Actual Loops": 3,"Hash Buckets": 1024,"Original Hash Buckets": 1024,"Hash Batches": 1,"Original Hash Batches": 1,"Peak Memory Usage": 10,"Workers": [],"Plans": [{"Node Type": "Seq Scan","Parent Relationship": "Outer","Parallel Aware": false,"Async Capable": false,"Relation Name": "nation","Alias": "nation","Startup Cost": 0.00,"Total Cost": 1.25,"Plan Rows": 25,"Plan Width": 108,"Actual Startup Time": 0.054,"Actual Total Time": 0.060,"Actual Rows": 25,"Actual Loops": 3,"Workers": []}]}]}]}]}]}]},"Planning Time": 11.747,"Triggers": [],"Execution Time": 2615.991}]
[{"Plan": {"Node Type": "Aggregate","Strategy": "Sorted","Partial Mode": "Finalize","Parallel Aware": false,"Async Capable": false,"Startup Cost": 47355.08,"Total Cost": 47374.71,"Plan Rows": 146,"Plan Width": 168,"Actual Startup Time": 2418.586,"Actual Total Time": 2591.239,"Actual Rows": 175,"Actual Loops": 1,"Group Key": ["nation.n_name", "(EXTRACT(year FROM orders.o_orderdate))"],"Plans": [{"Node Type": "Gather Merge","Parent Relationship": "Outer","Parallel Aware": false,"Async Capable": false,"Startup Cost": 47355.08,"Total Cost": 47371.30,"Plan Rows": 122,"Plan Width": 168,"Actual Startup Time": 2416.412,"Actual Total Time": 2590.812,"Actual Rows": 525,"Actual Loops": 1,"Workers Planned": 2,"Workers Launched": 2,"Plans": [{"Node Type": "Aggregate","Strategy": "Sorted","Partial Mode": "Partial","Parent Relationship": "Outer","Parallel Aware": false,"Async Capable": false,"Startup Cost": 46355.06,"Total Cost": 46357.20,"Plan Rows": 61,"Plan Width": 168,"Actual Startup Time": 2299.702,"Actual Total Time": 2424.397,"Actual Rows": 175,"Actual Loops": 3,"Group Key": ["nation.n_name", "(EXTRACT(year FROM orders.o_orderdate))"],"Workers": [],"Plans": [{"Node Type": "Sort","Parent Relationship": "Outer","Parallel Aware": false,"Async Capable": false,"Startup Cost": 46355.06,"Total Cost": 46355.21,"Plan Rows": 61,"Plan Width": 159,"Actual Startup Time": 2299.056,"Actual Total Time": 2340.972,"Actual Rows": 108881,"Actual Loops": 3,"Sort Key": ["nation.n_name", "(EXTRACT(year FROM orders.o_orderdate)) DESC"],"Sort Method": "quicksort","Sort Space Used": 13487,"Sort Space Type": "Memory","Workers": [{"Worker Number": 0,"Sort Method": "quicksort","Sort Space Used": 14047,"Sort Space Type": "Memory"},{"Worker Number": 1,"Sort Method": "quicksort","Sort Space Used": 14209,"Sort Space Type": "Memory"}],"Plans": [{"Node Type": "Hash Join","Parent Relationship": "Outer","Parallel Aware": false,"Async Capable": false,"Join Type": "Inner","Startup Cost": 3.13,"Total Cost": 46353.25,"Plan Rows": 61,"Plan Width": 159,"Actual Startup Time": 0.636,"Actual Total Time": 2147.342,"Actual Rows": 108881,"Actual Loops": 3,"Inner Unique": true,"Hash Cond": "(supplier.s_nationkey = nation.n_nationkey)","Workers": [],"Plans": [{"Node Type": "Nested Loop","Parent Relationship": "Outer","Parallel Aware": false,"Async Capable": false,"Join Type": "Inner","Startup Cost": 1.57,"Total Cost": 46351.35,"Plan Rows": 61,"Plan Width": 31,"Actual Startup Time": 0.492,"Actual Total Time": 2115.417,"Actual Rows": 108881,"Actual Loops": 3,"Inner Unique": true,"Workers": [],"Plans": [{"Node Type": "Nested Loop","Parent Relationship": "Outer","Parallel Aware": false,"Async Capable": false,"Join Type": "Inner","Startup Cost": 1.14,"Total Cost": 46322.98,"Plan Rows": 61,"Plan Width": 31,"Actual Startup Time": 0.372,"Actual Total Time": 983.625,"Actual Rows": 108881,"Actual Loops": 3,"Inner Unique": true,"Workers": [],"Plans": [{"Node Type": "Nested Loop","Parent Relationship": "Outer","Parallel Aware": false,"Async Capable": false,"Join Type": "Inner","Startup Cost": 0.86,"Total Cost": 46304.52,"Plan Rows": 61,"Plan Width": 35,"Actual Startup Time": 0.292,"Actual Total Time": 798.758,"Actual Rows": 108881,"Actual Loops": 3,"Inner Unique": false,"Workers": [],"Plans": [{"Node Type": "Nested Loop","Parent Relationship": "Outer","Parallel Aware": false,"Async Capable": false,"Join Type": "Inner","Startup Cost": 0.42,"Total Cost": 24846.16,"Plan Rows": 20202,"Plan Width": 18,"Actual Startup Time": 0.179,"Actual Total Time": 119.288,"Actual Rows": 14596,"Actual Loops": 3,"Inner Unique": false,"Workers": [],"Plans": [{"Node Type": "Seq Scan","Parent Relationship": "Outer","Parallel Aware": true,"Async Capable": false,"Relation Name": "part","Alias": "part","Startup Cost": 0.00,"Total Cost": 5138.67,"Plan Rows": 5051,"Plan Width": 4,"Actual Startup Time": 0.048,"Actual Total Time": 51.476,"Actual Rows": 3649,"Actual Loops": 3,"Filter": "((p_name)::text ~~ '%saddle%'::text)","Rows Removed by Filter": 63018,"Workers": []},{"Node Type": "Index Scan","Parent Relationship": "Inner","Parallel Aware": false,"Async Capable": false,"Scan Direction": "Forward","Index Name": "idx_partsupp_partkey","Relation Name": "partsupp","Alias": "partsupp","Startup Cost": 0.42,"Total Cost": 3.86,"Plan Rows": 4,"Plan Width": 14,"Actual Startup Time": 0.014,"Actual Total Time": 0.018,"Actual Rows": 4,"Actual Loops": 10947,"Index Cond": "(ps_partkey = part.p_partkey)","Rows Removed by Index Recheck": 0,"Workers": []}]},{"Node Type": "Index Scan","Parent Relationship": "Inner","Parallel Aware": false,"Async Capable": false,"Scan Direction": "Forward","Index Name": "idx_lineitem_part_supp","Relation Name": "lineitem","Alias": "lineitem","Startup Cost": 0.43,"Total Cost": 1.05,"Plan Rows": 1,"Plan Width": 29,"Actual Startup Time": 0.007,"Actual Total Time": 0.045,"Actual Rows": 7,"Actual Loops": 43788,"Index Cond": "((l_partkey = partsupp.ps_partkey) AND (l_suppkey = partsupp.ps_suppkey))","Rows Removed by Index Recheck": 0,"Workers": []}]},{"Node Type": "Index Scan","Parent Relationship": "Inner","Parallel Aware": false,"Async Capable": false,"Scan Direction": "Forward","Index Name": "supplier_pkey","Relation Name": "supplier","Alias": "supplier","Startup Cost": 0.29,"Total Cost": 0.30,"Plan Rows": 1,"Plan Width": 8,"Actual Startup Time": 0.001,"Actual Total Time": 0.001,"Actual Rows": 1,"Actual Loops": 326644,"Index Cond": "(s_suppkey = lineitem.l_suppkey)","Rows Removed by Index Recheck": 0,"Workers": []}]},{"Node Type": "Index Scan","Parent Relationship": "Inner","Parallel Aware": false,"Async Capable": false,"Scan Direction": "Forward","Index Name": "orders_pkey","Relation Name": "orders","Alias": "orders","Startup Cost": 0.43,"Total Cost": 0.47,"Plan Rows": 1,"Plan Width": 8,"Actual Startup Time": 0.010,"Actual Total Time": 0.010,"Actual Rows": 1,"Actual Loops": 326644,"Index Cond": "(o_orderkey = lineitem.l_orderkey)","Rows Removed by Index Recheck": 0,"Workers": []}]},{"Node Type": "Hash","Parent Relationship": "Inner","Parallel Aware": false,"Async Capable": false,"Startup Cost": 1.25,"Total Cost": 1.25,"Plan Rows": 25,"Plan Width": 108,"Actual Startup Time": 0.067,"Actual Total Time": 0.078,"Actual Rows": 25,"Actual Loops": 3,"Hash Buckets": 1024,"Original Hash Buckets": 1024,"Hash Batches": 1,"Original Hash Batches": 1,"Peak Memory Usage": 10,"Workers": [],"Plans": [{"Node Type": "Seq Scan","Parent Relationship": "Outer","Parallel Aware": false,"Async Capable": false,"Relation Name": "nation","Alias": "nation","Startup Cost": 0.00,"Total Cost": 1.25,"Plan Rows": 25,"Plan Width": 108,"Actual Startup Time": 0.044,"Actual Total Time": 0.050,"Actual Rows": 25,"Actual Loops": 3,"Workers": []}]}]}]}]}]}]},"Planning Time": 12.299,"Triggers": [],"Execution Time": 2594.723}]
[{"Plan": {"Node Type": "Aggregate","Strategy": "Sorted","Partial Mode": "Finalize","Parallel Aware": false,"Async Capable": false,"Startup Cost": 47355.08,"Total Cost": 47374.71,"Plan Rows": 146,"Plan Width": 168,"Actual Startup Time": 2488.313,"Actual Total Time": 2622.431,"Actual Rows": 175,"Actual Loops": 1,"Group Key": ["nation.n_name", "(EXTRACT(year FROM orders.o_orderdate))"],"Plans": [{"Node Type": "Gather Merge","Parent Relationship": "Outer","Parallel Aware": false,"Async Capable": false,"Startup Cost": 47355.08,"Total Cost": 47371.30,"Plan Rows": 122,"Plan Width": 168,"Actual Startup Time": 2486.292,"Actual Total Time": 2621.908,"Actual Rows": 525,"Actual Loops": 1,"Workers Planned": 2,"Workers Launched": 2,"Plans": [{"Node Type": "Aggregate","Strategy": "Sorted","Partial Mode": "Partial","Parent Relationship": "Outer","Parallel Aware": false,"Async Capable": false,"Startup Cost": 46355.06,"Total Cost": 46357.20,"Plan Rows": 61,"Plan Width": 168,"Actual Startup Time": 2352.837,"Actual Total Time": 2491.136,"Actual Rows": 175,"Actual Loops": 3,"Group Key": ["nation.n_name", "(EXTRACT(year FROM orders.o_orderdate))"],"Workers": [],"Plans": [{"Node Type": "Sort","Parent Relationship": "Outer","Parallel Aware": false,"Async Capable": false,"Startup Cost": 46355.06,"Total Cost": 46355.21,"Plan Rows": 61,"Plan Width": 159,"Actual Startup Time": 2352.058,"Actual Total Time": 2401.707,"Actual Rows": 109389,"Actual Loops": 3,"Sort Key": ["nation.n_name", "(EXTRACT(year FROM orders.o_orderdate)) DESC"],"Sort Method": "quicksort","Sort Space Used": 13819,"Sort Space Type": "Memory","Workers": [{"Worker Number": 0,"Sort Method": "quicksort","Sort Space Used": 14069,"Sort Space Type": "Memory"},{"Worker Number": 1,"Sort Method": "quicksort","Sort Space Used": 14004,"Sort Space Type": "Memory"}],"Plans": [{"Node Type": "Hash Join","Parent Relationship": "Outer","Parallel Aware": false,"Async Capable": false,"Join Type": "Inner","Startup Cost": 3.13,"Total Cost": 46353.25,"Plan Rows": 61,"Plan Width": 159,"Actual Startup Time": 0.598,"Actual Total Time": 2192.654,"Actual Rows": 109389,"Actual Loops": 3,"Inner Unique": true,"Hash Cond": "(supplier.s_nationkey = nation.n_nationkey)","Workers": [],"Plans": [{"Node Type": "Nested Loop","Parent Relationship": "Outer","Parallel Aware": false,"Async Capable": false,"Join Type": "Inner","Startup Cost": 1.57,"Total Cost": 46351.35,"Plan Rows": 61,"Plan Width": 31,"Actual Startup Time": 0.445,"Actual Total Time": 2160.825,"Actual Rows": 109389,"Actual Loops": 3,"Inner Unique": true,"Workers": [],"Plans": [{"Node Type": "Nested Loop","Parent Relationship": "Outer","Parallel Aware": false,"Async Capable": false,"Join Type": "Inner","Startup Cost": 1.14,"Total Cost": 46322.98,"Plan Rows": 61,"Plan Width": 31,"Actual Startup Time": 0.344,"Actual Total Time": 1000.384,"Actual Rows": 109389,"Actual Loops": 3,"Inner Unique": true,"Workers": [],"Plans": [{"Node Type": "Nested Loop","Parent Relationship": "Outer","Parallel Aware": false,"Async Capable": false,"Join Type": "Inner","Startup Cost": 0.86,"Total Cost": 46304.52,"Plan Rows": 61,"Plan Width": 35,"Actual Startup Time": 0.255,"Actual Total Time": 813.822,"Actual Rows": 109389,"Actual Loops": 3,"Inner Unique": false,"Workers": [],"Plans": [{"Node Type": "Nested Loop","Parent Relationship": "Outer","Parallel Aware": false,"Async Capable": false,"Join Type": "Inner","Startup Cost": 0.42,"Total Cost": 24846.16,"Plan Rows": 20202,"Plan Width": 18,"Actual Startup Time": 0.151,"Actual Total Time": 119.110,"Actual Rows": 14613,"Actual Loops": 3,"Inner Unique": false,"Workers": [],"Plans": [{"Node Type": "Seq Scan","Parent Relationship": "Outer","Parallel Aware": true,"Async Capable": false,"Relation Name": "part","Alias": "part","Startup Cost": 0.00,"Total Cost": 5138.67,"Plan Rows": 5051,"Plan Width": 4,"Actual Startup Time": 0.060,"Actual Total Time": 51.487,"Actual Rows": 3653,"Actual Loops": 3,"Filter": "((p_name)::text ~~ '%sienna%'::text)","Rows Removed by Filter": 63013,"Workers": []},{"Node Type": "Index Scan","Parent Relationship": "Inner","Parallel Aware": false,"Async Capable": false,"Scan Direction": "Forward","Index Name": "idx_partsupp_partkey","Relation Name": "partsupp","Alias": "partsupp","Startup Cost": 0.42,"Total Cost": 3.86,"Plan Rows": 4,"Plan Width": 14,"Actual Startup Time": 0.014,"Actual Total Time": 0.018,"Actual Rows": 4,"Actual Loops": 10960,"Index Cond": "(ps_partkey = part.p_partkey)","Rows Removed by Index Recheck": 0,"Workers": []}]},{"Node Type": "Index Scan","Parent Relationship": "Inner","Parallel Aware": false,"Async Capable": false,"Scan Direction": "Forward","Index Name": "idx_lineitem_part_supp","Relation Name": "lineitem","Alias": "lineitem","Startup Cost": 0.43,"Total Cost": 1.05,"Plan Rows": 1,"Plan Width": 29,"Actual Startup Time": 0.007,"Actual Total Time": 0.046,"Actual Rows": 7,"Actual Loops": 43840,"Index Cond": "((l_partkey = partsupp.ps_partkey) AND (l_suppkey = partsupp.ps_suppkey))","Rows Removed by Index Recheck": 0,"Workers": []}]},{"Node Type": "Index Scan","Parent Relationship": "Inner","Parallel Aware": false,"Async Capable": false,"Scan Direction": "Forward","Index Name": "supplier_pkey","Relation Name": "supplier","Alias": "supplier","Startup Cost": 0.29,"Total Cost": 0.30,"Plan Rows": 1,"Plan Width": 8,"Actual Startup Time": 0.001,"Actual Total Time": 0.001,"Actual Rows": 1,"Actual Loops": 328167,"Index Cond": "(s_suppkey = lineitem.l_suppkey)","Rows Removed by Index Recheck": 0,"Workers": []}]},{"Node Type": "Index Scan","Parent Relationship": "Inner","Parallel Aware": false,"Async Capable": false,"Scan Direction": "Forward","Index Name": "orders_pkey","Relation Name": "orders","Alias": "orders","Startup Cost": 0.43,"Total Cost": 0.47,"Plan Rows": 1,"Plan Width": 8,"Actual Startup Time": 0.010,"Actual Total Time": 0.010,"Actual Rows": 1,"Actual Loops": 328167,"Index Cond": "(o_orderkey = lineitem.l_orderkey)","Rows Removed by Index Recheck": 0,"Workers": []}]},{"Node Type": "Hash","Parent Relationship": "Inner","Parallel Aware": false,"Async Capable": false,"Startup Cost": 1.25,"Total Cost": 1.25,"Plan Rows": 25,"Plan Width": 108,"Actual Startup Time": 0.071,"Actual Total Time": 0.091,"Actual Rows": 25,"Actual Loops": 3,"Hash Buckets": 1024,"Original Hash Buckets": 1024,"Hash Batches": 1,"Original Hash Batches": 1,"Peak Memory Usage": 10,"Workers": [],"Plans": [{"Node Type": "Seq Scan","Parent Relationship": "Outer","Parallel Aware": false,"Async Capable": false,"Relation Name": "nation","Alias": "nation","Startup Cost": 0.00,"Total Cost": 1.25,"Plan Rows": 25,"Plan Width": 108,"Actual Startup Time": 0.047,"Actual Total Time": 0.063,"Actual Rows": 25,"Actual Loops": 3,"Workers": []}]}]}]}]}]}]},"Planning Time": 12.717,"Triggers": [],"Execution Time": 2624.148}]
[{"Plan": {"Node Type": "Aggregate","Strategy": "Sorted","Partial Mode": "Finalize","Parallel Aware": false,"Async Capable": false,"Startup Cost": 35224.41,"Total Cost": 35237.30,"Plan Rows": 97,"Plan Width": 168,"Actual Startup Time": 2436.112,"Actual Total Time": 2536.413,"Actual Rows": 175,"Actual Loops": 1,"Group Key": ["nation.n_name", "(EXTRACT(year FROM orders.o_orderdate))"],"Plans": [{"Node Type": "Gather Merge","Parent Relationship": "Outer","Parallel Aware": false,"Async Capable": false,"Startup Cost": 35224.41,"Total Cost": 35235.05,"Plan Rows": 80,"Plan Width": 168,"Actual Startup Time": 2434.380,"Actual Total Time": 2536.032,"Actual Rows": 525,"Actual Loops": 1,"Workers Planned": 2,"Workers Launched": 2,"Plans": [{"Node Type": "Aggregate","Strategy": "Sorted","Partial Mode": "Partial","Parent Relationship": "Outer","Parallel Aware": false,"Async Capable": false,"Startup Cost": 34224.39,"Total Cost": 34225.79,"Plan Rows": 40,"Plan Width": 168,"Actual Startup Time": 2323.231,"Actual Total Time": 2442.169,"Actual Rows": 175,"Actual Loops": 3,"Group Key": ["nation.n_name", "(EXTRACT(year FROM orders.o_orderdate))"],"Workers": [],"Plans": [{"Node Type": "Sort","Parent Relationship": "Outer","Parallel Aware": false,"Async Capable": false,"Startup Cost": 34224.39,"Total Cost": 34224.49,"Plan Rows": 40,"Plan Width": 159,"Actual Startup Time": 2322.675,"Actual Total Time": 2360.700,"Actual Rows": 108169,"Actual Loops": 3,"Sort Key": ["nation.n_name", "(EXTRACT(year FROM orders.o_orderdate)) DESC"],"Sort Method": "quicksort","Sort Space Used": 14561,"Sort Space Type": "Memory","Workers": [{"Worker Number": 0,"Sort Method": "quicksort","Sort Space Used": 13522,"Sort Space Type": "Memory"},{"Worker Number": 1,"Sort Method": "quicksort","Sort Space Used": 13446,"Sort Space Type": "Memory"}],"Plans": [{"Node Type": "Hash Join","Parent Relationship": "Outer","Parallel Aware": false,"Async Capable": false,"Join Type": "Inner","Startup Cost": 3.13,"Total Cost": 34223.32,"Plan Rows": 40,"Plan Width": 159,"Actual Startup Time": 0.802,"Actual Total Time": 2178.711,"Actual Rows": 108169,"Actual Loops": 3,"Inner Unique": true,"Hash Cond": "(supplier.s_nationkey = nation.n_nationkey)","Workers": [],"Plans": [{"Node Type": "Nested Loop","Parent Relationship": "Outer","Parallel Aware": false,"Async Capable": false,"Join Type": "Inner","Startup Cost": 1.57,"Total Cost": 34221.53,"Plan Rows": 40,"Plan Width": 31,"Actual Startup Time": 0.594,"Actual Total Time": 2147.121,"Actual Rows": 108169,"Actual Loops": 3,"Inner Unique": true,"Workers": [],"Plans": [{"Node Type": "Nested Loop","Parent Relationship": "Outer","Parallel Aware": false,"Async Capable": false,"Join Type": "Inner","Startup Cost": 1.14,"Total Cost": 34202.93,"Plan Rows": 40,"Plan Width": 31,"Actual Startup Time": 0.433,"Actual Total Time": 999.173,"Actual Rows": 108169,"Actual Loops": 3,"Inner Unique": true,"Workers": [],"Plans": [{"Node Type": "Nested Loop","Parent Relationship": "Outer","Parallel Aware": false,"Async Capable": false,"Join Type": "Inner","Startup Cost": 0.86,"Total Cost": 34190.82,"Plan Rows": 40,"Plan Width": 35,"Actual Startup Time": 0.322,"Actual Total Time": 814.062,"Actual Rows": 108169,"Actual Loops": 3,"Inner Unique": false,"Workers": [],"Plans": [{"Node Type": "Nested Loop","Parent Relationship": "Outer","Parallel Aware": false,"Async Capable": false,"Join Type": "Inner","Startup Cost": 0.42,"Total Cost": 19885.25,"Plan Rows": 13468,"Plan Width": 18,"Actual Startup Time": 0.205,"Actual Total Time": 113.355,"Actual Rows": 14441,"Actual Loops": 3,"Inner Unique": false,"Workers": [],"Plans": [{"Node Type": "Seq Scan","Parent Relationship": "Outer","Parallel Aware": true,"Async Capable": false,"Relation Name": "part","Alias": "part","Startup Cost": 0.00,"Total Cost": 5138.67,"Plan Rows": 3367,"Plan Width": 4,"Actual Startup Time": 0.063,"Actual Total Time": 48.159,"Actual Rows": 3610,"Actual Loops": 3,"Filter": "((p_name)::text ~~ '%ghost%'::text)","Rows Removed by Filter": 63056,"Workers": []},{"Node Type": "Index Scan","Parent Relationship": "Inner","Parallel Aware": false,"Async Capable": false,"Scan Direction": "Forward","Index Name": "idx_partsupp_partkey","Relation Name": "partsupp","Alias": "partsupp","Startup Cost": 0.42,"Total Cost": 4.34,"Plan Rows": 4,"Plan Width": 14,"Actual Startup Time": 0.013,"Actual Total Time": 0.017,"Actual Rows": 4,"Actual Loops": 10831,"Index Cond": "(ps_partkey = part.p_partkey)","Rows Removed by Index Recheck": 0,"Workers": []}]},{"Node Type": "Index Scan","Parent Relationship": "Inner","Parallel Aware": false,"Async Capable": false,"Scan Direction": "Forward","Index Name": "idx_lineitem_part_supp","Relation Name": "lineitem","Alias": "lineitem","Startup Cost": 0.43,"Total Cost": 1.05,"Plan Rows": 1,"Plan Width": 29,"Actual Startup Time": 0.007,"Actual Total Time": 0.047,"Actual Rows": 7,"Actual Loops": 43324,"Index Cond": "((l_partkey = partsupp.ps_partkey) AND (l_suppkey = partsupp.ps_suppkey))","Rows Removed by Index Recheck": 0,"Workers": []}]},{"Node Type": "Index Scan","Parent Relationship": "Inner","Parallel Aware": false,"Async Capable": false,"Scan Direction": "Forward","Index Name": "supplier_pkey","Relation Name": "supplier","Alias": "supplier","Startup Cost": 0.29,"Total Cost": 0.30,"Plan Rows": 1,"Plan Width": 8,"Actual Startup Time": 0.001,"Actual Total Time": 0.001,"Actual Rows": 1,"Actual Loops": 324507,"Index Cond": "(s_suppkey = lineitem.l_suppkey)","Rows Removed by Index Recheck": 0,"Workers": []}]},{"Node Type": "Index Scan","Parent Relationship": "Inner","Parallel Aware": false,"Async Capable": false,"Scan Direction": "Forward","Index Name": "orders_pkey","Relation Name": "orders","Alias": "orders","Startup Cost": 0.43,"Total Cost": 0.47,"Plan Rows": 1,"Plan Width": 8,"Actual Startup Time": 0.010,"Actual Total Time": 0.010,"Actual Rows": 1,"Actual Loops": 324507,"Index Cond": "(o_orderkey = lineitem.l_orderkey)","Rows Removed by Index Recheck": 0,"Workers": []}]},{"Node Type": "Hash","Parent Relationship": "Inner","Parallel Aware": false,"Async Capable": false,"Startup Cost": 1.25,"Total Cost": 1.25,"Plan Rows": 25,"Plan Width": 108,"Actual Startup Time": 0.105,"Actual Total Time": 0.112,"Actual Rows": 25,"Actual Loops": 3,"Hash Buckets": 1024,"Original Hash Buckets": 1024,"Hash Batches": 1,"Original Hash Batches": 1,"Peak Memory Usage": 10,"Workers": [],"Plans": [{"Node Type": "Seq Scan","Parent Relationship": "Outer","Parallel Aware": false,"Async Capable": false,"Relation Name": "nation","Alias": "nation","Startup Cost": 0.00,"Total Cost": 1.25,"Plan Rows": 25,"Plan Width": 108,"Actual Startup Time": 0.076,"Actual Total Time": 0.081,"Actual Rows": 25,"Actual Loops": 3,"Workers": []}]}]}]}]}]}]},"Planning Time": 12.127,"Triggers": [],"Execution Time": 2539.405}]
[{"Plan": {"Node Type": "Aggregate","Strategy": "Sorted","Partial Mode": "Finalize","Parallel Aware": false,"Async Capable": false,"Startup Cost": 51920.12,"Total Cost": 51953.05,"Plan Rows": 219,"Plan Width": 168,"Actual Startup Time": 1695.944,"Actual Total Time": 1812.622,"Actual Rows": 175,"Actual Loops": 1,"Group Key": ["nation.n_name", "(EXTRACT(year FROM orders.o_orderdate))"],"Plans": [{"Node Type": "Gather Merge","Parent Relationship": "Outer","Parallel Aware": false,"Async Capable": false,"Startup Cost": 51920.12,"Total Cost": 51947.63,"Plan Rows": 213,"Plan Width": 168,"Actual Startup Time": 1695.015,"Actual Total Time": 1812.175,"Actual Rows": 700,"Actual Loops": 1,"Workers Planned": 3,"Workers Launched": 3,"Plans": [{"Node Type": "Aggregate","Strategy": "Sorted","Partial Mode": "Partial","Parent Relationship": "Outer","Parallel Aware": false,"Async Capable": false,"Startup Cost": 50920.08,"Total Cost": 50922.56,"Plan Rows": 71,"Plan Width": 168,"Actual Startup Time": 1627.056,"Actual Total Time": 1716.761,"Actual Rows": 175,"Actual Loops": 4,"Group Key": ["nation.n_name", "(EXTRACT(year FROM orders.o_orderdate))"],"Workers": [],"Plans": [{"Node Type": "Sort","Parent Relationship": "Outer","Parallel Aware": false,"Async Capable": false,"Startup Cost": 50920.08,"Total Cost": 50920.26,"Plan Rows": 71,"Plan Width": 159,"Actual Startup Time": 1626.699,"Actual Total Time": 1654.684,"Actual Rows": 82048,"Actual Loops": 4,"Sort Key": ["nation.n_name", "(EXTRACT(year FROM orders.o_orderdate)) DESC"],"Sort Method": "quicksort","Sort Space Used": 10998,"Sort Space Type": "Memory","Workers": [{"Worker Number": 0,"Sort Method": "quicksort","Sort Space Used": 11093,"Sort Space Type": "Memory"},{"Worker Number": 1,"Sort Method": "quicksort","Sort Space Used": 11417,"Sort Space Type": "Memory"},{"Worker Number": 2,"Sort Method": "quicksort","Sort Space Used": 11464,"Sort Space Type": "Memory"}],"Plans": [{"Node Type": "Hash Join","Parent Relationship": "Outer","Parallel Aware": false,"Async Capable": false,"Join Type": "Inner","Startup Cost": 5236.07,"Total Cost": 50917.89,"Plan Rows": 71,"Plan Width": 159,"Actual Startup Time": 22.962,"Actual Total Time": 1527.674,"Actual Rows": 82048,"Actual Loops": 4,"Inner Unique": true,"Hash Cond": "(supplier.s_nationkey = nation.n_nationkey)","Workers": [],"Plans": [{"Node Type": "Nested Loop","Parent Relationship": "Outer","Parallel Aware": false,"Async Capable": false,"Join Type": "Inner","Startup Cost": 5234.51,"Total Cost": 50915.94,"Plan Rows": 71,"Plan Width": 31,"Actual Startup Time": 22.797,"Actual Total Time": 1504.364,"Actual Rows": 82048,"Actual Loops": 4,"Inner Unique": true,"Workers": [],"Plans": [{"Node Type": "Nested Loop","Parent Relationship": "Outer","Parallel Aware": false,"Async Capable": false,"Join Type": "Inner","Startup Cost": 5234.08,"Total Cost": 50882.91,"Plan Rows": 71,"Plan Width": 31,"Actual Startup Time": 22.733,"Actual Total Time": 778.868,"Actual Rows": 82048,"Actual Loops": 4,"Inner Unique": true,"Workers": [],"Plans": [{"Node Type": "Nested Loop","Parent Relationship": "Outer","Parallel Aware": false,"Async Capable": false,"Join Type": "Inner","Startup Cost": 5233.80,"Total Cost": 50861.42,"Plan Rows": 71,"Plan Width": 35,"Actual Startup Time": 22.679,"Actual Total Time": 641.061,"Actual Rows": 82048,"Actual Loops": 4,"Inner Unique": false,"Workers": [],"Plans": [{"Node Type": "Hash Join","Parent Relationship": "Outer","Parallel Aware": true,"Async Capable": false,"Join Type": "Inner","Startup Cost": 5233.37,"Total Cost": 25942.44,"Plan Rows": 23460,"Plan Width": 18,"Actual Startup Time": 22.614,"Actual Total Time": 187.868,"Actual Rows": 10922,"Actual Loops": 4,"Inner Unique": true,"Hash Cond": "(partsupp.ps_partkey = part.p_partkey)","Workers": [],"Plans": [{"Node Type": "Seq Scan","Parent Relationship": "Outer","Parallel Aware": true,"Async Capable": false,"Relation Name": "partsupp","Alias": "partsupp","Startup Cost": 0.00,"Total Cost": 20031.65,"Plan Rows": 258065,"Plan Width": 14,"Actual Startup Time": 0.015,"Actual Total Time": 42.277,"Actual Rows": 200000,"Actual Loops": 4,"Workers": []},{"Node Type": "Hash","Parent Relationship": "Inner","Parallel Aware": true,"Async Capable": false,"Startup Cost": 5138.67,"Total Cost": 5138.67,"Plan Rows": 7576,"Plan Width": 4,"Actual Startup Time": 22.401,"Actual Total Time": 22.414,"Actual Rows": 2730,"Actual Loops": 4,"Hash Buckets": 32768,"Original Hash Buckets": 32768,"Hash Batches": 1,"Original Hash Batches": 1,"Peak Memory Usage": 704,"Workers": [],"Plans": [{"Node Type": "Seq Scan","Parent Relationship": "Outer","Parallel Aware": true,"Async Capable": false,"Relation Name": "part","Alias": "part","Startup Cost": 0.00,"Total Cost": 5138.67,"Plan Rows": 7576,"Plan Width": 4,"Actual Startup Time": 0.052,"Actual Total Time": 20.933,"Actual Rows": 2730,"Actual Loops": 4,"Filter": "((p_name)::text ~~ '%navajo%'::text)","Rows Removed by Filter": 47270,"Workers": []}]}]},{"Node Type": "Index Scan","Parent Relationship": "Inner","Parallel Aware": false,"Async Capable": false,"Scan Direction": "Forward","Index Name": "idx_lineitem_part_supp","Relation Name": "lineitem","Alias": "lineitem","Startup Cost": 0.43,"Total Cost": 1.05,"Plan Rows": 1,"Plan Width": 29,"Actual Startup Time": 0.006,"Actual Total Time": 0.040,"Actual Rows": 8,"Actual Loops": 43688,"Index Cond": "((l_partkey = partsupp.ps_partkey) AND (l_suppkey = partsupp.ps_suppkey))","Rows Removed by Index Recheck": 0,"Workers": []}]},{"Node Type": "Index Scan","Parent Relationship": "Inner","Parallel Aware": false,"Async Capable": false,"Scan Direction": "Forward","Index Name": "supplier_pkey","Relation Name": "supplier","Alias": "supplier","Startup Cost": 0.29,"Total Cost": 0.30,"Plan Rows": 1,"Plan Width": 8,"Actual Startup Time": 0.001,"Actual Total Time": 0.001,"Actual Rows": 1,"Actual Loops": 328192,"Index Cond": "(s_suppkey = lineitem.l_suppkey)","Rows Removed by Index Recheck": 0,"Workers": []}]},{"Node Type": "Index Scan","Parent Relationship": "Inner","Parallel Aware": false,"Async Capable": false,"Scan Direction": "Forward","Index Name": "orders_pkey","Relation Name": "orders","Alias": "orders","Startup Cost": 0.43,"Total Cost": 0.47,"Plan Rows": 1,"Plan Width": 8,"Actual Startup Time": 0.008,"Actual Total Time": 0.008,"Actual Rows": 1,"Actual Loops": 328192,"Index Cond": "(o_orderkey = lineitem.l_orderkey)","Rows Removed by Index Recheck": 0,"Workers": []}]},{"Node Type": "Hash","Parent Relationship": "Inner","Parallel Aware": false,"Async Capable": false,"Startup Cost": 1.25,"Total Cost": 1.25,"Plan Rows": 25,"Plan Width": 108,"Actual Startup Time": 0.073,"Actual Total Time": 0.078,"Actual Rows": 25,"Actual Loops": 4,"Hash Buckets": 1024,"Original Hash Buckets": 1024,"Hash Batches": 1,"Original Hash Batches": 1,"Peak Memory Usage": 10,"Workers": [],"Plans": [{"Node Type": "Seq Scan","Parent Relationship": "Outer","Parallel Aware": false,"Async Capable": false,"Relation Name": "nation","Alias": "nation","Startup Cost": 0.00,"Total Cost": 1.25,"Plan Rows": 25,"Plan Width": 108,"Actual Startup Time": 0.041,"Actual Total Time": 0.048,"Actual Rows": 25,"Actual Loops": 4,"Workers": []}]}]}]}]}]}]},"Planning Time": 11.862,"Triggers": [],"Execution Time": 1814.545}]
[{"Plan": {"Node Type": "Aggregate","Strategy": "Sorted","Partial Mode": "Finalize","Parallel Aware": false,"Async Capable": false,"Startup Cost": 35224.41,"Total Cost": 35237.30,"Plan Rows": 97,"Plan Width": 168,"Actual Startup Time": 2409.386,"Actual Total Time": 2518.760,"Actual Rows": 175,"Actual Loops": 1,"Group Key": ["nation.n_name", "(EXTRACT(year FROM orders.o_orderdate))"],"Plans": [{"Node Type": "Gather Merge","Parent Relationship": "Outer","Parallel Aware": false,"Async Capable": false,"Startup Cost": 35224.41,"Total Cost": 35235.05,"Plan Rows": 80,"Plan Width": 168,"Actual Startup Time": 2407.543,"Actual Total Time": 2518.361,"Actual Rows": 525,"Actual Loops": 1,"Workers Planned": 2,"Workers Launched": 2,"Plans": [{"Node Type": "Aggregate","Strategy": "Sorted","Partial Mode": "Partial","Parent Relationship": "Outer","Parallel Aware": false,"Async Capable": false,"Startup Cost": 34224.39,"Total Cost": 34225.79,"Plan Rows": 40,"Plan Width": 168,"Actual Startup Time": 2318.085,"Actual Total Time": 2437.966,"Actual Rows": 175,"Actual Loops": 3,"Group Key": ["nation.n_name", "(EXTRACT(year FROM orders.o_orderdate))"],"Workers": [],"Plans": [{"Node Type": "Sort","Parent Relationship": "Outer","Parallel Aware": false,"Async Capable": false,"Startup Cost": 34224.39,"Total Cost": 34224.49,"Plan Rows": 40,"Plan Width": 159,"Actual Startup Time": 2317.450,"Actual Total Time": 2356.305,"Actual Rows": 107546,"Actual Loops": 3,"Sort Key": ["nation.n_name", "(EXTRACT(year FROM orders.o_orderdate)) DESC"],"Sort Method": "quicksort","Sort Space Used": 14482,"Sort Space Type": "Memory","Workers": [{"Worker Number": 0,"Sort Method": "quicksort","Sort Space Used": 13456,"Sort Space Type": "Memory"},{"Worker Number": 1,"Sort Method": "quicksort","Sort Space Used": 13404,"Sort Space Type": "Memory"}],"Plans": [{"Node Type": "Hash Join","Parent Relationship": "Outer","Parallel Aware": false,"Async Capable": false,"Join Type": "Inner","Startup Cost": 3.13,"Total Cost": 34223.32,"Plan Rows": 40,"Plan Width": 159,"Actual Startup Time": 0.706,"Actual Total Time": 2173.342,"Actual Rows": 107546,"Actual Loops": 3,"Inner Unique": true,"Hash Cond": "(supplier.s_nationkey = nation.n_nationkey)","Workers": [],"Plans": [{"Node Type": "Nested Loop","Parent Relationship": "Outer","Parallel Aware": false,"Async Capable": false,"Join Type": "Inner","Startup Cost": 1.57,"Total Cost": 34221.53,"Plan Rows": 40,"Plan Width": 31,"Actual Startup Time": 0.527,"Actual Total Time": 2141.873,"Actual Rows": 107546,"Actual Loops": 3,"Inner Unique": true,"Workers": [],"Plans": [{"Node Type": "Nested Loop","Parent Relationship": "Outer","Parallel Aware": false,"Async Capable": false,"Join Type": "Inner","Startup Cost": 1.14,"Total Cost": 34202.93,"Plan Rows": 40,"Plan Width": 31,"Actual Startup Time": 0.392,"Actual Total Time": 1002.144,"Actual Rows": 107546,"Actual Loops": 3,"Inner Unique": true,"Workers": [],"Plans": [{"Node Type": "Nested Loop","Parent Relationship": "Outer","Parallel Aware": false,"Async Capable": false,"Join Type": "Inner","Startup Cost": 0.86,"Total Cost": 34190.82,"Plan Rows": 40,"Plan Width": 35,"Actual Startup Time": 0.311,"Actual Total Time": 818.545,"Actual Rows": 107546,"Actual Loops": 3,"Inner Unique": false,"Workers": [],"Plans": [{"Node Type": "Nested Loop","Parent Relationship": "Outer","Parallel Aware": false,"Async Capable": false,"Join Type": "Inner","Startup Cost": 0.42,"Total Cost": 19885.25,"Plan Rows": 13468,"Plan Width": 18,"Actual Startup Time": 0.196,"Actual Total Time": 115.625,"Actual Rows": 14367,"Actual Loops": 3,"Inner Unique": false,"Workers": [],"Plans": [{"Node Type": "Seq Scan","Parent Relationship": "Outer","Parallel Aware": true,"Async Capable": false,"Relation Name": "part","Alias": "part","Startup Cost": 0.00,"Total Cost": 5138.67,"Plan Rows": 3367,"Plan Width": 4,"Actual Startup Time": 0.047,"Actual Total Time": 50.112,"Actual Rows": 3592,"Actual Loops": 3,"Filter": "((p_name)::text ~~ '%lawn%'::text)","Rows Removed by Filter": 63075,"Workers": []},{"Node Type": "Index Scan","Parent Relationship": "Inner","Parallel Aware": false,"Async Capable": false,"Scan Direction": "Forward","Index Name": "idx_partsupp_partkey","Relation Name": "partsupp","Alias": "partsupp","Startup Cost": 0.42,"Total Cost": 4.34,"Plan Rows": 4,"Plan Width": 14,"Actual Startup Time": 0.014,"Actual Total Time": 0.017,"Actual Rows": 4,"Actual Loops": 10775,"Index Cond": "(ps_partkey = part.p_partkey)","Rows Removed by Index Recheck": 0,"Workers": []}]},{"Node Type": "Index Scan","Parent Relationship": "Inner","Parallel Aware": false,"Async Capable": false,"Scan Direction": "Forward","Index Name": "idx_lineitem_part_supp","Relation Name": "lineitem","Alias": "lineitem","Startup Cost": 0.43,"Total Cost": 1.05,"Plan Rows": 1,"Plan Width": 29,"Actual Startup Time": 0.007,"Actual Total Time": 0.047,"Actual Rows": 7,"Actual Loops": 43100,"Index Cond": "((l_partkey = partsupp.ps_partkey) AND (l_suppkey = partsupp.ps_suppkey))","Rows Removed by Index Recheck": 0,"Workers": []}]},{"Node Type": "Index Scan","Parent Relationship": "Inner","Parallel Aware": false,"Async Capable": false,"Scan Direction": "Forward","Index Name": "supplier_pkey","Relation Name": "supplier","Alias": "supplier","Startup Cost": 0.29,"Total Cost": 0.30,"Plan Rows": 1,"Plan Width": 8,"Actual Startup Time": 0.001,"Actual Total Time": 0.001,"Actual Rows": 1,"Actual Loops": 322637,"Index Cond": "(s_suppkey = lineitem.l_suppkey)","Rows Removed by Index Recheck": 0,"Workers": []}]},{"Node Type": "Index Scan","Parent Relationship": "Inner","Parallel Aware": false,"Async Capable": false,"Scan Direction": "Forward","Index Name": "orders_pkey","Relation Name": "orders","Alias": "orders","Startup Cost": 0.43,"Total Cost": 0.47,"Plan Rows": 1,"Plan Width": 8,"Actual Startup Time": 0.010,"Actual Total Time": 0.010,"Actual Rows": 1,"Actual Loops": 322637,"Index Cond": "(o_orderkey = lineitem.l_orderkey)","Rows Removed by Index Recheck": 0,"Workers": []}]},{"Node Type": "Hash","Parent Relationship": "Inner","Parallel Aware": false,"Async Capable": false,"Startup Cost": 1.25,"Total Cost": 1.25,"Plan Rows": 25,"Plan Width": 108,"Actual Startup Time": 0.078,"Actual Total Time": 0.089,"Actual Rows": 25,"Actual Loops": 3,"Hash Buckets": 1024,"Original Hash Buckets": 1024,"Hash Batches": 1,"Original Hash Batches": 1,"Peak Memory Usage": 10,"Workers": [],"Plans": [{"Node Type": "Seq Scan","Parent Relationship": "Outer","Parallel Aware": false,"Async Capable": false,"Relation Name": "nation","Alias": "nation","Startup Cost": 0.00,"Total Cost": 1.25,"Plan Rows": 25,"Plan Width": 108,"Actual Startup Time": 0.053,"Actual Total Time": 0.059,"Actual Rows": 25,"Actual Loops": 3,"Workers": []}]}]}]}]}]}]},"Planning Time": 11.643,"Triggers": [],"Execution Time": 2520.117}]
[{"Plan": {"Node Type": "Aggregate","Strategy": "Sorted","Partial Mode": "Finalize","Parallel Aware": false,"Async Capable": false,"Startup Cost": 28858.40,"Total Cost": 28868.07,"Plan Rows": 73,"Plan Width": 168,"Actual Startup Time": 2429.484,"Actual Total Time": 2565.453,"Actual Rows": 175,"Actual Loops": 1,"Group Key": ["nation.n_name", "(EXTRACT(year FROM orders.o_orderdate))"],"Plans": [{"Node Type": "Gather Merge","Parent Relationship": "Outer","Parallel Aware": false,"Async Capable": false,"Startup Cost": 28858.40,"Total Cost": 28866.38,"Plan Rows": 60,"Plan Width": 168,"Actual Startup Time": 2427.372,"Actual Total Time": 2564.947,"Actual Rows": 525,"Actual Loops": 1,"Workers Planned": 2,"Workers Launched": 2,"Plans": [{"Node Type": "Aggregate","Strategy": "Sorted","Partial Mode": "Partial","Parent Relationship": "Outer","Parallel Aware": false,"Async Capable": false,"Startup Cost": 27858.38,"Total Cost": 27859.43,"Plan Rows": 30,"Plan Width": 168,"Actual Startup Time": 2302.543,"Actual Total Time": 2425.776,"Actual Rows": 175,"Actual Loops": 3,"Group Key": ["nation.n_name", "(EXTRACT(year FROM orders.o_orderdate))"],"Workers": [],"Plans": [{"Node Type": "Sort","Parent Relationship": "Outer","Parallel Aware": false,"Async Capable": false,"Startup Cost": 27858.38,"Total Cost": 27858.46,"Plan Rows": 30,"Plan Width": 159,"Actual Startup Time": 2301.927,"Actual Total Time": 2343.346,"Actual Rows": 109583,"Actual Loops": 3,"Sort Key": ["nation.n_name", "(EXTRACT(year FROM orders.o_orderdate)) DESC"],"Sort Method": "quicksort","Sort Space Used": 13696,"Sort Space Type": "Memory","Workers": [{"Worker Number": 0,"Sort Method": "quicksort","Sort Space Used": 14018,"Sort Space Type": "Memory"},{"Worker Number": 1,"Sort Method": "quicksort","Sort Space Used": 14244,"Sort Space Type": "Memory"}],"Plans": [{"Node Type": "Hash Join","Parent Relationship": "Outer","Parallel Aware": false,"Async Capable": false,"Join Type": "Inner","Startup Cost": 3.13,"Total Cost": 27857.64,"Plan Rows": 30,"Plan Width": 159,"Actual Startup Time": 0.607,"Actual Total Time": 2151.913,"Actual Rows": 109583,"Actual Loops": 3,"Inner Unique": true,"Hash Cond": "(supplier.s_nationkey = nation.n_nationkey)","Workers": [],"Plans": [{"Node Type": "Nested Loop","Parent Relationship": "Outer","Parallel Aware": false,"Async Capable": false,"Join Type": "Inner","Startup Cost": 1.57,"Total Cost": 27855.92,"Plan Rows": 30,"Plan Width": 31,"Actual Startup Time": 0.460,"Actual Total Time": 2120.412,"Actual Rows": 109583,"Actual Loops": 3,"Inner Unique": true,"Workers": [],"Plans": [{"Node Type": "Nested Loop","Parent Relationship": "Outer","Parallel Aware": false,"Async Capable": false,"Join Type": "Inner","Startup Cost": 1.14,"Total Cost": 27841.96,"Plan Rows": 30,"Plan Width": 31,"Actual Startup Time": 0.341,"Actual Total Time": 990.093,"Actual Rows": 109583,"Actual Loops": 3,"Inner Unique": true,"Workers": [],"Plans": [{"Node Type": "Nested Loop","Parent Relationship": "Outer","Parallel Aware": false,"Async Capable": false,"Join Type": "Inner","Startup Cost": 0.86,"Total Cost": 27832.88,"Plan Rows": 30,"Plan Width": 35,"Actual Startup Time": 0.270,"Actual Total Time": 805.529,"Actual Rows": 109583,"Actual Loops": 3,"Inner Unique": false,"Workers": [],"Plans": [{"Node Type": "Nested Loop","Parent Relationship": "Outer","Parallel Aware": false,"Async Capable": false,"Join Type": "Inner","Startup Cost": 0.42,"Total Cost": 17103.70,"Plan Rows": 10101,"Plan Width": 18,"Actual Startup Time": 0.172,"Actual Total Time": 119.406,"Actual Rows": 14584,"Actual Loops": 3,"Inner Unique": false,"Workers": [],"Plans": [{"Node Type": "Seq Scan","Parent Relationship": "Outer","Parallel Aware": true,"Async Capable": false,"Relation Name": "part","Alias": "part","Startup Cost": 0.00,"Total Cost": 5138.67,"Plan Rows": 2525,"Plan Width": 4,"Actual Startup Time": 0.054,"Actual Total Time": 51.261,"Actual Rows": 3646,"Actual Loops": 3,"Filter": "((p_name)::text ~~ '%drab%'::text)","Rows Removed by Filter": 63021,"Workers": []},{"Node Type": "Index Scan","Parent Relationship": "Inner","Parallel Aware": false,"Async Capable": false,"Scan Direction": "Forward","Index Name": "idx_partsupp_partkey","Relation Name": "partsupp","Alias": "partsupp","Startup Cost": 0.42,"Total Cost": 4.70,"Plan Rows": 4,"Plan Width": 14,"Actual Startup Time": 0.014,"Actual Total Time": 0.018,"Actual Rows": 4,"Actual Loops": 10938,"Index Cond": "(ps_partkey = part.p_partkey)","Rows Removed by Index Recheck": 0,"Workers": []}]},{"Node Type": "Index Scan","Parent Relationship": "Inner","Parallel Aware": false,"Async Capable": false,"Scan Direction": "Forward","Index Name": "idx_lineitem_part_supp","Relation Name": "lineitem","Alias": "lineitem","Startup Cost": 0.43,"Total Cost": 1.05,"Plan Rows": 1,"Plan Width": 29,"Actual Startup Time": 0.007,"Actual Total Time": 0.045,"Actual Rows": 8,"Actual Loops": 43752,"Index Cond": "((l_partkey = partsupp.ps_partkey) AND (l_suppkey = partsupp.ps_suppkey))","Rows Removed by Index Recheck": 0,"Workers": []}]},{"Node Type": "Index Scan","Parent Relationship": "Inner","Parallel Aware": false,"Async Capable": false,"Scan Direction": "Forward","Index Name": "supplier_pkey","Relation Name": "supplier","Alias": "supplier","Startup Cost": 0.29,"Total Cost": 0.30,"Plan Rows": 1,"Plan Width": 8,"Actual Startup Time": 0.001,"Actual Total Time": 0.001,"Actual Rows": 1,"Actual Loops": 328749,"Index Cond": "(s_suppkey = lineitem.l_suppkey)","Rows Removed by Index Recheck": 0,"Workers": []}]},{"Node Type": "Index Scan","Parent Relationship": "Inner","Parallel Aware": false,"Async Capable": false,"Scan Direction": "Forward","Index Name": "orders_pkey","Relation Name": "orders","Alias": "orders","Startup Cost": 0.43,"Total Cost": 0.47,"Plan Rows": 1,"Plan Width": 8,"Actual Startup Time": 0.010,"Actual Total Time": 0.010,"Actual Rows": 1,"Actual Loops": 328749,"Index Cond": "(o_orderkey = lineitem.l_orderkey)","Rows Removed by Index Recheck": 0,"Workers": []}]},{"Node Type": "Hash","Parent Relationship": "Inner","Parallel Aware": false,"Async Capable": false,"Startup Cost": 1.25,"Total Cost": 1.25,"Plan Rows": 25,"Plan Width": 108,"Actual Startup Time": 0.072,"Actual Total Time": 0.091,"Actual Rows": 25,"Actual Loops": 3,"Hash Buckets": 1024,"Original Hash Buckets": 1024,"Hash Batches": 1,"Original Hash Batches": 1,"Peak Memory Usage": 10,"Workers": [],"Plans": [{"Node Type": "Seq Scan","Parent Relationship": "Outer","Parallel Aware": false,"Async Capable": false,"Relation Name": "nation","Alias": "nation","Startup Cost": 0.00,"Total Cost": 1.25,"Plan Rows": 25,"Plan Width": 108,"Actual Startup Time": 0.048,"Actual Total Time": 0.059,"Actual Rows": 25,"Actual Loops": 3,"Workers": []}]}]}]}]}]}]},"Planning Time": 12.042,"Triggers": [],"Execution Time": 2567.199}]
[{"Plan": {"Node Type": "Aggregate","Strategy": "Sorted","Partial Mode": "Finalize","Parallel Aware": false,"Async Capable": false,"Startup Cost": 35224.41,"Total Cost": 35237.30,"Plan Rows": 97,"Plan Width": 168,"Actual Startup Time": 2434.813,"Actual Total Time": 2617.795,"Actual Rows": 175,"Actual Loops": 1,"Group Key": ["nation.n_name", "(EXTRACT(year FROM orders.o_orderdate))"],"Plans": [{"Node Type": "Gather Merge","Parent Relationship": "Outer","Parallel Aware": false,"Async Capable": false,"Startup Cost": 35224.41,"Total Cost": 35235.05,"Plan Rows": 80,"Plan Width": 168,"Actual Startup Time": 2432.801,"Actual Total Time": 2617.397,"Actual Rows": 525,"Actual Loops": 1,"Workers Planned": 2,"Workers Launched": 2,"Plans": [{"Node Type": "Aggregate","Strategy": "Sorted","Partial Mode": "Partial","Parent Relationship": "Outer","Parallel Aware": false,"Async Capable": false,"Startup Cost": 34224.39,"Total Cost": 34225.79,"Plan Rows": 40,"Plan Width": 168,"Actual Startup Time": 2321.601,"Actual Total Time": 2469.813,"Actual Rows": 175,"Actual Loops": 3,"Group Key": ["nation.n_name", "(EXTRACT(year FROM orders.o_orderdate))"],"Workers": [],"Plans": [{"Node Type": "Sort","Parent Relationship": "Outer","Parallel Aware": false,"Async Capable": false,"Startup Cost": 34224.39,"Total Cost": 34224.49,"Plan Rows": 40,"Plan Width": 159,"Actual Startup Time": 2320.901,"Actual Total Time": 2375.985,"Actual Rows": 108219,"Actual Loops": 3,"Sort Key": ["nation.n_name", "(EXTRACT(year FROM orders.o_orderdate)) DESC"],"Sort Method": "quicksort","Sort Space Used": 14500,"Sort Space Type": "Memory","Workers": [{"Worker Number": 0,"Sort Method": "quicksort","Sort Space Used": 13516,"Sort Space Type": "Memory"},{"Worker Number": 1,"Sort Method": "quicksort","Sort Space Used": 13530,"Sort Space Type": "Memory"}],"Plans": [{"Node Type": "Hash Join","Parent Relationship": "Outer","Parallel Aware": false,"Async Capable": false,"Join Type": "Inner","Startup Cost": 3.13,"Total Cost": 34223.32,"Plan Rows": 40,"Plan Width": 159,"Actual Startup Time": 0.812,"Actual Total Time": 2175.871,"Actual Rows": 108219,"Actual Loops": 3,"Inner Unique": true,"Hash Cond": "(supplier.s_nationkey = nation.n_nationkey)","Workers": [],"Plans": [{"Node Type": "Nested Loop","Parent Relationship": "Outer","Parallel Aware": false,"Async Capable": false,"Join Type": "Inner","Startup Cost": 1.57,"Total Cost": 34221.53,"Plan Rows": 40,"Plan Width": 31,"Actual Startup Time": 0.611,"Actual Total Time": 2144.353,"Actual Rows": 108219,"Actual Loops": 3,"Inner Unique": true,"Workers": [],"Plans": [{"Node Type": "Nested Loop","Parent Relationship": "Outer","Parallel Aware": false,"Async Capable": false,"Join Type": "Inner","Startup Cost": 1.14,"Total Cost": 34202.93,"Plan Rows": 40,"Plan Width": 31,"Actual Startup Time": 0.476,"Actual Total Time": 1001.070,"Actual Rows": 108219,"Actual Loops": 3,"Inner Unique": true,"Workers": [],"Plans": [{"Node Type": "Nested Loop","Parent Relationship": "Outer","Parallel Aware": false,"Async Capable": false,"Join Type": "Inner","Startup Cost": 0.86,"Total Cost": 34190.82,"Plan Rows": 40,"Plan Width": 35,"Actual Startup Time": 0.385,"Actual Total Time": 816.466,"Actual Rows": 108219,"Actual Loops": 3,"Inner Unique": false,"Workers": [],"Plans": [{"Node Type": "Nested Loop","Parent Relationship": "Outer","Parallel Aware": false,"Async Capable": false,"Join Type": "Inner","Startup Cost": 0.42,"Total Cost": 19885.25,"Plan Rows": 13468,"Plan Width": 18,"Actual Startup Time": 0.261,"Actual Total Time": 114.076,"Actual Rows": 14424,"Actual Loops": 3,"Inner Unique": false,"Workers": [],"Plans": [{"Node Type": "Seq Scan","Parent Relationship": "Outer","Parallel Aware": true,"Async Capable": false,"Relation Name": "part","Alias": "part","Startup Cost": 0.00,"Total Cost": 5138.67,"Plan Rows": 3367,"Plan Width": 4,"Actual Startup Time": 0.096,"Actual Total Time": 48.568,"Actual Rows": 3606,"Actual Loops": 3,"Filter": "((p_name)::text ~~ '%plum%'::text)","Rows Removed by Filter": 63061,"Workers": []},{"Node Type": "Index Scan","Parent Relationship": "Inner","Parallel Aware": false,"Async Capable": false,"Scan Direction": "Forward","Index Name": "idx_partsupp_partkey","Relation Name": "partsupp","Alias": "partsupp","Startup Cost": 0.42,"Total Cost": 4.34,"Plan Rows": 4,"Plan Width": 14,"Actual Startup Time": 0.014,"Actual Total Time": 0.017,"Actual Rows": 4,"Actual Loops": 10818,"Index Cond": "(ps_partkey = part.p_partkey)","Rows Removed by Index Recheck": 0,"Workers": []}]},{"Node Type": "Index Scan","Parent Relationship": "Inner","Parallel Aware": false,"Async Capable": false,"Scan Direction": "Forward","Index Name": "idx_lineitem_part_supp","Relation Name": "lineitem","Alias": "lineitem","Startup Cost": 0.43,"Total Cost": 1.05,"Plan Rows": 1,"Plan Width": 29,"Actual Startup Time": 0.007,"Actual Total Time": 0.047,"Actual Rows": 8,"Actual Loops": 43272,"Index Cond": "((l_partkey = partsupp.ps_partkey) AND (l_suppkey = partsupp.ps_suppkey))","Rows Removed by Index Recheck": 0,"Workers": []}]},{"Node Type": "Index Scan","Parent Relationship": "Inner","Parallel Aware": false,"Async Capable": false,"Scan Direction": "Forward","Index Name": "supplier_pkey","Relation Name": "supplier","Alias": "supplier","Startup Cost": 0.29,"Total Cost": 0.30,"Plan Rows": 1,"Plan Width": 8,"Actual Startup Time": 0.001,"Actual Total Time": 0.001,"Actual Rows": 1,"Actual Loops": 324656,"Index Cond": "(s_suppkey = lineitem.l_suppkey)","Rows Removed by Index Recheck": 0,"Workers": []}]},{"Node Type": "Index Scan","Parent Relationship": "Inner","Parallel Aware": false,"Async Capable": false,"Scan Direction": "Forward","Index Name": "orders_pkey","Relation Name": "orders","Alias": "orders","Startup Cost": 0.43,"Total Cost": 0.47,"Plan Rows": 1,"Plan Width": 8,"Actual Startup Time": 0.010,"Actual Total Time": 0.010,"Actual Rows": 1,"Actual Loops": 324656,"Index Cond": "(o_orderkey = lineitem.l_orderkey)","Rows Removed by Index Recheck": 0,"Workers": []}]},{"Node Type": "Hash","Parent Relationship": "Inner","Parallel Aware": false,"Async Capable": false,"Startup Cost": 1.25,"Total Cost": 1.25,"Plan Rows": 25,"Plan Width": 108,"Actual Startup Time": 0.084,"Actual Total Time": 0.092,"Actual Rows": 25,"Actual Loops": 3,"Hash Buckets": 1024,"Original Hash Buckets": 1024,"Hash Batches": 1,"Original Hash Batches": 1,"Peak Memory Usage": 10,"Workers": [],"Plans": [{"Node Type": "Seq Scan","Parent Relationship": "Outer","Parallel Aware": false,"Async Capable": false,"Relation Name": "nation","Alias": "nation","Startup Cost": 0.00,"Total Cost": 1.25,"Plan Rows": 25,"Plan Width": 108,"Actual Startup Time": 0.059,"Actual Total Time": 0.065,"Actual Rows": 25,"Actual Loops": 3,"Workers": []}]}]}]}]}]}]},"Planning Time": 12.232,"Triggers": [],"Execution Time": 2620.668}]
[{"Plan": {"Node Type": "Aggregate","Strategy": "Sorted","Partial Mode": "Finalize","Parallel Aware": false,"Async Capable": false,"Startup Cost": 49135.04,"Total Cost": 49164.27,"Plan Rows": 195,"Plan Width": 168,"Actual Startup Time": 1722.082,"Actual Total Time": 1834.381,"Actual Rows": 175,"Actual Loops": 1,"Group Key": ["nation.n_name", "(EXTRACT(year FROM orders.o_orderdate))"],"Plans": [{"Node Type": "Gather Merge","Parent Relationship": "Outer","Parallel Aware": false,"Async Capable": false,"Startup Cost": 49135.04,"Total Cost": 49159.45,"Plan Rows": 189,"Plan Width": 168,"Actual Startup Time": 1720.709,"Actual Total Time": 1833.931,"Actual Rows": 700,"Actual Loops": 1,"Workers Planned": 3,"Workers Launched": 3,"Plans": [{"Node Type": "Aggregate","Strategy": "Sorted","Partial Mode": "Partial","Parent Relationship": "Outer","Parallel Aware": false,"Async Capable": false,"Startup Cost": 48135.00,"Total Cost": 48137.21,"Plan Rows": 63,"Plan Width": 168,"Actual Startup Time": 1635.197,"Actual Total Time": 1727.326,"Actual Rows": 175,"Actual Loops": 4,"Group Key": ["nation.n_name", "(EXTRACT(year FROM orders.o_orderdate))"],"Workers": [],"Plans": [{"Node Type": "Sort","Parent Relationship": "Outer","Parallel Aware": false,"Async Capable": false,"Startup Cost": 48135.00,"Total Cost": 48135.16,"Plan Rows": 63,"Plan Width": 159,"Actual Startup Time": 1634.792,"Actual Total Time": 1666.970,"Actual Rows": 80970,"Actual Loops": 4,"Sort Key": ["nation.n_name", "(EXTRACT(year FROM orders.o_orderdate)) DESC"],"Sort Method": "quicksort","Sort Space Used": 11336,"Sort Space Type": "Memory","Workers": [{"Worker Number": 0,"Sort Method": "quicksort","Sort Space Used": 11197,"Sort Space Type": "Memory"},{"Worker Number": 1,"Sort Method": "quicksort","Sort Space Used": 10997,"Sort Space Type": "Memory"},{"Worker Number": 2,"Sort Method": "quicksort","Sort Space Used": 11011,"Sort Space Type": "Memory"}],"Plans": [{"Node Type": "Hash Join","Parent Relationship": "Outer","Parallel Aware": false,"Async Capable": false,"Join Type": "Inner","Startup Cost": 5225.55,"Total Cost": 48133.12,"Plan Rows": 63,"Plan Width": 159,"Actual Startup Time": 20.677,"Actual Total Time": 1535.207,"Actual Rows": 80970,"Actual Loops": 4,"Inner Unique": true,"Hash Cond": "(supplier.s_nationkey = nation.n_nationkey)","Workers": [],"Plans": [{"Node Type": "Nested Loop","Parent Relationship": "Outer","Parallel Aware": false,"Async Capable": false,"Join Type": "Inner","Startup Cost": 5223.99,"Total Cost": 48131.20,"Plan Rows": 63,"Plan Width": 31,"Actual Startup Time": 20.514,"Actual Total Time": 1511.705,"Actual Rows": 80970,"Actual Loops": 4,"Inner Unique": true,"Workers": [],"Plans": [{"Node Type": "Nested Loop","Parent Relationship": "Outer","Parallel Aware": false,"Async Capable": false,"Join Type": "Inner","Startup Cost": 5223.56,"Total Cost": 48101.90,"Plan Rows": 63,"Plan Width": 31,"Actual Startup Time": 20.440,"Actual Total Time": 786.949,"Actual Rows": 80970,"Actual Loops": 4,"Inner Unique": true,"Workers": [],"Plans": [{"Node Type": "Nested Loop","Parent Relationship": "Outer","Parallel Aware": false,"Async Capable": false,"Join Type": "Inner","Startup Cost": 5223.27,"Total Cost": 48082.83,"Plan Rows": 63,"Plan Width": 35,"Actual Startup Time": 20.383,"Actual Total Time": 651.782,"Actual Rows": 80970,"Actual Loops": 4,"Inner Unique": false,"Workers": [],"Plans": [{"Node Type": "Hash Join","Parent Relationship": "Outer","Parallel Aware": true,"Async Capable": false,"Join Type": "Inner","Startup Cost": 5222.84,"Total Cost": 25931.92,"Plan Rows": 20854,"Plan Width": 18,"Actual Startup Time": 20.315,"Actual Total Time": 195.790,"Actual Rows": 10793,"Actual Loops": 4,"Inner Unique": true,"Hash Cond": "(partsupp.ps_partkey = part.p_partkey)","Workers": [],"Plans": [{"Node Type": "Seq Scan","Parent Relationship": "Outer","Parallel Aware": true,"Async Capable": false,"Relation Name": "partsupp","Alias": "partsupp","Startup Cost": 0.00,"Total Cost": 20031.65,"Plan Rows": 258065,"Plan Width": 14,"Actual Startup Time": 0.019,"Actual Total Time": 42.343,"Actual Rows": 200000,"Actual Loops": 4,"Workers": []},{"Node Type": "Hash","Parent Relationship": "Inner","Parallel Aware": true,"Async Capable": false,"Startup Cost": 5138.67,"Total Cost": 5138.67,"Plan Rows": 6734,"Plan Width": 4,"Actual Startup Time": 20.135,"Actual Total Time": 20.146,"Actual Rows": 2698,"Actual Loops": 4,"Hash Buckets": 16384,"Original Hash Buckets": 16384,"Hash Batches": 1,"Original Hash Batches": 1,"Peak Memory Usage": 608,"Workers": [],"Plans": [{"Node Type": "Seq Scan","Parent Relationship": "Outer","Parallel Aware": true,"Async Capable": false,"Relation Name": "part","Alias": "part","Startup Cost": 0.00,"Total Cost": 5138.67,"Plan Rows": 6734,"Plan Width": 4,"Actual Startup Time": 0.059,"Actual Total Time": 18.504,"Actual Rows": 2698,"Actual Loops": 4,"Filter": "((p_name)::text ~~ '%wheat%'::text)","Rows Removed by Filter": 47302,"Workers": []}]}]},{"Node Type": "Index Scan","Parent Relationship": "Inner","Parallel Aware": false,"Async Capable": false,"Scan Direction": "Forward","Index Name": "idx_lineitem_part_supp","Relation Name": "lineitem","Alias": "lineitem","Startup Cost": 0.43,"Total Cost": 1.05,"Plan Rows": 1,"Plan Width": 29,"Actual Startup Time": 0.006,"Actual Total Time": 0.041,"Actual Rows": 8,"Actual Loops": 43172,"Index Cond": "((l_partkey = partsupp.ps_partkey) AND (l_suppkey = partsupp.ps_suppkey))","Rows Removed by Index Recheck": 0,"Workers": []}]},{"Node Type": "Index Scan","Parent Relationship": "Inner","Parallel Aware": false,"Async Capable": false,"Scan Direction": "Forward","Index Name": "supplier_pkey","Relation Name": "supplier","Alias": "supplier","Startup Cost": 0.29,"Total Cost": 0.30,"Plan Rows": 1,"Plan Width": 8,"Actual Startup Time": 0.001,"Actual Total Time": 0.001,"Actual Rows": 1,"Actual Loops": 323878,"Index Cond": "(s_suppkey = lineitem.l_suppkey)","Rows Removed by Index Recheck": 0,"Workers": []}]},{"Node Type": "Index Scan","Parent Relationship": "Inner","Parallel Aware": false,"Async Capable": false,"Scan Direction": "Forward","Index Name": "orders_pkey","Relation Name": "orders","Alias": "orders","Startup Cost": 0.43,"Total Cost": 0.47,"Plan Rows": 1,"Plan Width": 8,"Actual Startup Time": 0.009,"Actual Total Time": 0.009,"Actual Rows": 1,"Actual Loops": 323878,"Index Cond": "(o_orderkey = lineitem.l_orderkey)","Rows Removed by Index Recheck": 0,"Workers": []}]},{"Node Type": "Hash","Parent Relationship": "Inner","Parallel Aware": false,"Async Capable": false,"Startup Cost": 1.25,"Total Cost": 1.25,"Plan Rows": 25,"Plan Width": 108,"Actual Startup Time": 0.071,"Actual Total Time": 0.077,"Actual Rows": 25,"Actual Loops": 4,"Hash Buckets": 1024,"Original Hash Buckets": 1024,"Hash Batches": 1,"Original Hash Batches": 1,"Peak Memory Usage": 10,"Workers": [],"Plans": [{"Node Type": "Seq Scan","Parent Relationship": "Outer","Parallel Aware": false,"Async Capable": false,"Relation Name": "nation","Alias": "nation","Startup Cost": 0.00,"Total Cost": 1.25,"Plan Rows": 25,"Plan Width": 108,"Actual Startup Time": 0.046,"Actual Total Time": 0.053,"Actual Rows": 25,"Actual Loops": 4,"Workers": []}]}]}]}]}]}]},"Planning Time": 10.948,"Triggers": [],"Execution Time": 1835.260}]
[{"Plan": {"Node Type": "Aggregate","Strategy": "Sorted","Partial Mode": "Finalize","Parallel Aware": false,"Async Capable": false,"Startup Cost": 47355.08,"Total Cost": 47374.71,"Plan Rows": 146,"Plan Width": 168,"Actual Startup Time": 2443.289,"Actual Total Time": 2646.846,"Actual Rows": 175,"Actual Loops": 1,"Group Key": ["nation.n_name", "(EXTRACT(year FROM orders.o_orderdate))"],"Plans": [{"Node Type": "Gather Merge","Parent Relationship": "Outer","Parallel Aware": false,"Async Capable": false,"Startup Cost": 47355.08,"Total Cost": 47371.30,"Plan Rows": 122,"Plan Width": 168,"Actual Startup Time": 2441.379,"Actual Total Time": 2646.389,"Actual Rows": 525,"Actual Loops": 1,"Workers Planned": 2,"Workers Launched": 2,"Plans": [{"Node Type": "Aggregate","Strategy": "Sorted","Partial Mode": "Partial","Parent Relationship": "Outer","Parallel Aware": false,"Async Capable": false,"Startup Cost": 46355.06,"Total Cost": 46357.20,"Plan Rows": 61,"Plan Width": 168,"Actual Startup Time": 2344.628,"Actual Total Time": 2481.185,"Actual Rows": 175,"Actual Loops": 3,"Group Key": ["nation.n_name", "(EXTRACT(year FROM orders.o_orderdate))"],"Workers": [],"Plans": [{"Node Type": "Sort","Parent Relationship": "Outer","Parallel Aware": false,"Async Capable": false,"Startup Cost": 46355.06,"Total Cost": 46355.21,"Plan Rows": 61,"Plan Width": 159,"Actual Startup Time": 2343.975,"Actual Total Time": 2393.214,"Actual Rows": 108196,"Actual Loops": 3,"Sort Key": ["nation.n_name", "(EXTRACT(year FROM orders.o_orderdate)) DESC"],"Sort Method": "quicksort","Sort Space Used": 14440,"Sort Space Type": "Memory","Workers": [{"Worker Number": 0,"Sort Method": "quicksort","Sort Space Used": 13552,"Sort Space Type": "Memory"},{"Worker Number": 1,"Sort Method": "quicksort","Sort Space Used": 13546,"Sort Space Type": "Memory"}],"Plans": [{"Node Type": "Hash Join","Parent Relationship": "Outer","Parallel Aware": false,"Async Capable": false,"Join Type": "Inner","Startup Cost": 3.13,"Total Cost": 46353.25,"Plan Rows": 61,"Plan Width": 159,"Actual Startup Time": 0.737,"Actual Total Time": 2187.877,"Actual Rows": 108196,"Actual Loops": 3,"Inner Unique": true,"Hash Cond": "(supplier.s_nationkey = nation.n_nationkey)","Workers": [],"Plans": [{"Node Type": "Nested Loop","Parent Relationship": "Outer","Parallel Aware": false,"Async Capable": false,"Join Type": "Inner","Startup Cost": 1.57,"Total Cost": 46351.35,"Plan Rows": 61,"Plan Width": 31,"Actual Startup Time": 0.541,"Actual Total Time": 2156.168,"Actual Rows": 108196,"Actual Loops": 3,"Inner Unique": true,"Workers": [],"Plans": [{"Node Type": "Nested Loop","Parent Relationship": "Outer","Parallel Aware": false,"Async Capable": false,"Join Type": "Inner","Startup Cost": 1.14,"Total Cost": 46322.98,"Plan Rows": 61,"Plan Width": 31,"Actual Startup Time": 0.417,"Actual Total Time": 1004.407,"Actual Rows": 108196,"Actual Loops": 3,"Inner Unique": true,"Workers": [],"Plans": [{"Node Type": "Nested Loop","Parent Relationship": "Outer","Parallel Aware": false,"Async Capable": false,"Join Type": "Inner","Startup Cost": 0.86,"Total Cost": 46304.52,"Plan Rows": 61,"Plan Width": 35,"Actual Startup Time": 0.314,"Actual Total Time": 819.610,"Actual Rows": 108196,"Actual Loops": 3,"Inner Unique": false,"Workers": [],"Plans": [{"Node Type": "Nested Loop","Parent Relationship": "Outer","Parallel Aware": false,"Async Capable": false,"Join Type": "Inner","Startup Cost": 0.42,"Total Cost": 24846.16,"Plan Rows": 20202,"Plan Width": 18,"Actual Startup Time": 0.182,"Actual Total Time": 113.565,"Actual Rows": 14448,"Actual Loops": 3,"Inner Unique": false,"Workers": [],"Plans": [{"Node Type": "Seq Scan","Parent Relationship": "Outer","Parallel Aware": true,"Async Capable": false,"Relation Name": "part","Alias": "part","Startup Cost": 0.00,"Total Cost": 5138.67,"Plan Rows": 5051,"Plan Width": 4,"Actual Startup Time": 0.053,"Actual Total Time": 48.139,"Actual Rows": 3612,"Actual Loops": 3,"Filter": "((p_name)::text ~~ '%pale%'::text)","Rows Removed by Filter": 63055,"Workers": []},{"Node Type": "Index Scan","Parent Relationship": "Inner","Parallel Aware": false,"Async Capable": false,"Scan Direction": "Forward","Index Name": "idx_partsupp_partkey","Relation Name": "partsupp","Alias": "partsupp","Startup Cost": 0.42,"Total Cost": 3.86,"Plan Rows": 4,"Plan Width": 14,"Actual Startup Time": 0.014,"Actual Total Time": 0.017,"Actual Rows": 4,"Actual Loops": 10836,"Index Cond": "(ps_partkey = part.p_partkey)","Rows Removed by Index Recheck": 0,"Workers": []}]},{"Node Type": "Index Scan","Parent Relationship": "Inner","Parallel Aware": false,"Async Capable": false,"Scan Direction": "Forward","Index Name": "idx_lineitem_part_supp","Relation Name": "lineitem","Alias": "lineitem","Startup Cost": 0.43,"Total Cost": 1.05,"Plan Rows": 1,"Plan Width": 29,"Actual Startup Time": 0.007,"Actual Total Time": 0.047,"Actual Rows": 7,"Actual Loops": 43344,"Index Cond": "((l_partkey = partsupp.ps_partkey) AND (l_suppkey = partsupp.ps_suppkey))","Rows Removed by Index Recheck": 0,"Workers": []}]},{"Node Type": "Index Scan","Parent Relationship": "Inner","Parallel Aware": false,"Async Capable": false,"Scan Direction": "Forward","Index Name": "supplier_pkey","Relation Name": "supplier","Alias": "supplier","Startup Cost": 0.29,"Total Cost": 0.30,"Plan Rows": 1,"Plan Width": 8,"Actual Startup Time": 0.001,"Actual Total Time": 0.001,"Actual Rows": 1,"Actual Loops": 324587,"Index Cond": "(s_suppkey = lineitem.l_suppkey)","Rows Removed by Index Recheck": 0,"Workers": []}]},{"Node Type": "Index Scan","Parent Relationship": "Inner","Parallel Aware": false,"Async Capable": false,"Scan Direction": "Forward","Index Name": "orders_pkey","Relation Name": "orders","Alias": "orders","Startup Cost": 0.43,"Total Cost": 0.47,"Plan Rows": 1,"Plan Width": 8,"Actual Startup Time": 0.010,"Actual Total Time": 0.010,"Actual Rows": 1,"Actual Loops": 324587,"Index Cond": "(o_orderkey = lineitem.l_orderkey)","Rows Removed by Index Recheck": 0,"Workers": []}]},{"Node Type": "Hash","Parent Relationship": "Inner","Parallel Aware": false,"Async Capable": false,"Startup Cost": 1.25,"Total Cost": 1.25,"Plan Rows": 25,"Plan Width": 108,"Actual Startup Time": 0.093,"Actual Total Time": 0.102,"Actual Rows": 25,"Actual Loops": 3,"Hash Buckets": 1024,"Original Hash Buckets": 1024,"Hash Batches": 1,"Original Hash Batches": 1,"Peak Memory Usage": 10,"Workers": [],"Plans": [{"Node Type": "Seq Scan","Parent Relationship": "Outer","Parallel Aware": false,"Async Capable": false,"Relation Name": "nation","Alias": "nation","Startup Cost": 0.00,"Total Cost": 1.25,"Plan Rows": 25,"Plan Width": 108,"Actual Startup Time": 0.063,"Actual Total Time": 0.070,"Actual Rows": 25,"Actual Loops": 3,"Workers": []}]}]}]}]}]}]},"Planning Time": 11.644,"Triggers": [],"Execution Time": 2649.913}]
[{"Plan": {"Node Type": "Aggregate","Strategy": "Sorted","Partial Mode": "Finalize","Parallel Aware": false,"Async Capable": false,"Startup Cost": 41381.04,"Total Cost": 41397.45,"Plan Rows": 122,"Plan Width": 168,"Actual Startup Time": 2426.174,"Actual Total Time": 2588.144,"Actual Rows": 175,"Actual Loops": 1,"Group Key": ["nation.n_name", "(EXTRACT(year FROM orders.o_orderdate))"],"Plans": [{"Node Type": "Gather Merge","Parent Relationship": "Outer","Parallel Aware": false,"Async Capable": false,"Startup Cost": 41381.04,"Total Cost": 41394.60,"Plan Rows": 102,"Plan Width": 168,"Actual Startup Time": 2424.330,"Actual Total Time": 2587.740,"Actual Rows": 525,"Actual Loops": 1,"Workers Planned": 2,"Workers Launched": 2,"Plans": [{"Node Type": "Aggregate","Strategy": "Sorted","Partial Mode": "Partial","Parent Relationship": "Outer","Parallel Aware": false,"Async Capable": false,"Startup Cost": 40381.01,"Total Cost": 40382.80,"Plan Rows": 51,"Plan Width": 168,"Actual Startup Time": 2334.335,"Actual Total Time": 2452.805,"Actual Rows": 175,"Actual Loops": 3,"Group Key": ["nation.n_name", "(EXTRACT(year FROM orders.o_orderdate))"],"Workers": [],"Plans": [{"Node Type": "Sort","Parent Relationship": "Outer","Parallel Aware": false,"Async Capable": false,"Startup Cost": 40381.01,"Total Cost": 40381.14,"Plan Rows": 51,"Plan Width": 159,"Actual Startup Time": 2333.793,"Actual Total Time": 2372.738,"Actual Rows": 108922,"Actual Loops": 3,"Sort Key": ["nation.n_name", "(EXTRACT(year FROM orders.o_orderdate)) DESC"],"Sort Method": "quicksort","Sort Space Used": 13590,"Sort Space Type": "Memory","Workers": [{"Worker Number": 0,"Sort Method": "quicksort","Sort Space Used": 14172,"Sort Space Type": "Memory"},{"Worker Number": 1,"Sort Method": "quicksort","Sort Space Used": 14000,"Sort Space Type": "Memory"}],"Plans": [{"Node Type": "Hash Join","Parent Relationship": "Outer","Parallel Aware": false,"Async Capable": false,"Join Type": "Inner","Startup Cost": 3.13,"Total Cost": 40379.57,"Plan Rows": 51,"Plan Width": 159,"Actual Startup Time": 0.638,"Actual Total Time": 2182.546,"Actual Rows": 108922,"Actual Loops": 3,"Inner Unique": true,"Hash Cond": "(supplier.s_nationkey = nation.n_nationkey)","Workers": [],"Plans": [{"Node Type": "Nested Loop","Parent Relationship": "Outer","Parallel Aware": false,"Async Capable": false,"Join Type": "Inner","Startup Cost": 1.57,"Total Cost": 40377.72,"Plan Rows": 51,"Plan Width": 31,"Actual Startup Time": 0.480,"Actual Total Time": 2150.251,"Actual Rows": 108922,"Actual Loops": 3,"Inner Unique": true,"Workers": [],"Plans": [{"Node Type": "Nested Loop","Parent Relationship": "Outer","Parallel Aware": false,"Async Capable": false,"Join Type": "Inner","Startup Cost": 1.14,"Total Cost": 40354.00,"Plan Rows": 51,"Plan Width": 31,"Actual Startup Time": 0.366,"Actual Total Time": 994.589,"Actual Rows": 108922,"Actual Loops": 3,"Inner Unique": true,"Workers": [],"Plans": [{"Node Type": "Nested Loop","Parent Relationship": "Outer","Parallel Aware": false,"Async Capable": false,"Join Type": "Inner","Startup Cost": 0.86,"Total Cost": 40338.56,"Plan Rows": 51,"Plan Width": 35,"Actual Startup Time": 0.281,"Actual Total Time": 808.736,"Actual Rows": 108922,"Actual Loops": 3,"Inner Unique": false,"Workers": [],"Plans": [{"Node Type": "Nested Loop","Parent Relationship": "Outer","Parallel Aware": false,"Async Capable": false,"Join Type": "Inner","Startup Cost": 0.42,"Total Cost": 22456.59,"Plan Rows": 16835,"Plan Width": 18,"Actual Startup Time": 0.185,"Actual Total Time": 120.145,"Actual Rows": 14492,"Actual Loops": 3,"Inner Unique": false,"Workers": [],"Plans": [{"Node Type": "Seq Scan","Parent Relationship": "Outer","Parallel Aware": true,"Async Capable": false,"Relation Name": "part","Alias": "part","Startup Cost": 0.00,"Total Cost": 5138.67,"Plan Rows": 4209,"Plan Width": 4,"Actual Startup Time": 0.065,"Actual Total Time": 52.649,"Actual Rows": 3623,"Actual Loops": 3,"Filter": "((p_name)::text ~~ '%antique%'::text)","Rows Removed by Filter": 63044,"Workers": []},{"Node Type": "Index Scan","Parent Relationship": "Inner","Parallel Aware": false,"Async Capable": false,"Scan Direction": "Forward","Index Name": "idx_partsupp_partkey","Relation Name": "partsupp","Alias": "partsupp","Startup Cost": 0.42,"Total Cost": 4.07,"Plan Rows": 4,"Plan Width": 14,"Actual Startup Time": 0.014,"Actual Total Time": 0.018,"Actual Rows": 4,"Actual Loops": 10869,"Index Cond": "(ps_partkey = part.p_partkey)","Rows Removed by Index Recheck": 0,"Workers": []}]},{"Node Type": "Index Scan","Parent Relationship": "Inner","Parallel Aware": false,"Async Capable": false,"Scan Direction": "Forward","Index Name": "idx_lineitem_part_supp","Relation Name": "lineitem","Alias": "lineitem","Startup Cost": 0.43,"Total Cost": 1.05,"Plan Rows": 1,"Plan Width": 29,"Actual Startup Time": 0.007,"Actual Total Time": 0.046,"Actual Rows": 8,"Actual Loops": 43476,"Index Cond": "((l_partkey = partsupp.ps_partkey) AND (l_suppkey = partsupp.ps_suppkey))","Rows Removed by Index Recheck": 0,"Workers": []}]},{"Node Type": "Index Scan","Parent Relationship": "Inner","Parallel Aware": false,"Async Capable": false,"Scan Direction": "Forward","Index Name": "supplier_pkey","Relation Name": "supplier","Alias": "supplier","Startup Cost": 0.29,"Total Cost": 0.30,"Plan Rows": 1,"Plan Width": 8,"Actual Startup Time": 0.001,"Actual Total Time": 0.001,"Actual Rows": 1,"Actual Loops": 326765,"Index Cond": "(s_suppkey = lineitem.l_suppkey)","Rows Removed by Index Recheck": 0,"Workers": []}]},{"Node Type": "Index Scan","Parent Relationship": "Inner","Parallel Aware": false,"Async Capable": false,"Scan Direction": "Forward","Index Name": "orders_pkey","Relation Name": "orders","Alias": "orders","Startup Cost": 0.43,"Total Cost": 0.47,"Plan Rows": 1,"Plan Width": 8,"Actual Startup Time": 0.010,"Actual Total Time": 0.010,"Actual Rows": 1,"Actual Loops": 326765,"Index Cond": "(o_orderkey = lineitem.l_orderkey)","Rows Removed by Index Recheck": 0,"Workers": []}]},{"Node Type": "Hash","Parent Relationship": "Inner","Parallel Aware": false,"Async Capable": false,"Startup Cost": 1.25,"Total Cost": 1.25,"Plan Rows": 25,"Plan Width": 108,"Actual Startup Time": 0.075,"Actual Total Time": 0.084,"Actual Rows": 25,"Actual Loops": 3,"Hash Buckets": 1024,"Original Hash Buckets": 1024,"Hash Batches": 1,"Original Hash Batches": 1,"Peak Memory Usage": 10,"Workers": [],"Plans": [{"Node Type": "Seq Scan","Parent Relationship": "Outer","Parallel Aware": false,"Async Capable": false,"Relation Name": "nation","Alias": "nation","Startup Cost": 0.00,"Total Cost": 1.25,"Plan Rows": 25,"Plan Width": 108,"Actual Startup Time": 0.047,"Actual Total Time": 0.051,"Actual Rows": 25,"Actual Loops": 3,"Workers": []}]}]}]}]}]}]},"Planning Time": 11.499,"Triggers": [],"Execution Time": 2592.103}]
[{"Plan": {"Node Type": "Aggregate","Strategy": "Sorted","Partial Mode": "Finalize","Parallel Aware": false,"Async Capable": false,"Startup Cost": 28858.40,"Total Cost": 28868.07,"Plan Rows": 73,"Plan Width": 168,"Actual Startup Time": 2398.655,"Actual Total Time": 2502.700,"Actual Rows": 175,"Actual Loops": 1,"Group Key": ["nation.n_name", "(EXTRACT(year FROM orders.o_orderdate))"],"Plans": [{"Node Type": "Gather Merge","Parent Relationship": "Outer","Parallel Aware": false,"Async Capable": false,"Startup Cost": 28858.40,"Total Cost": 28866.38,"Plan Rows": 60,"Plan Width": 168,"Actual Startup Time": 2396.991,"Actual Total Time": 2502.164,"Actual Rows": 525,"Actual Loops": 1,"Workers Planned": 2,"Workers Launched": 2,"Plans": [{"Node Type": "Aggregate","Strategy": "Sorted","Partial Mode": "Partial","Parent Relationship": "Outer","Parallel Aware": false,"Async Capable": false,"Startup Cost": 27858.38,"Total Cost": 27859.43,"Plan Rows": 30,"Plan Width": 168,"Actual Startup Time": 2292.034,"Actual Total Time": 2415.187,"Actual Rows": 175,"Actual Loops": 3,"Group Key": ["nation.n_name", "(EXTRACT(year FROM orders.o_orderdate))"],"Workers": [],"Plans": [{"Node Type": "Sort","Parent Relationship": "Outer","Parallel Aware": false,"Async Capable": false,"Startup Cost": 27858.38,"Total Cost": 27858.46,"Plan Rows": 30,"Plan Width": 159,"Actual Startup Time": 2291.473,"Actual Total Time": 2331.706,"Actual Rows": 106427,"Actual Loops": 3,"Sort Key": ["nation.n_name", "(EXTRACT(year FROM orders.o_orderdate)) DESC"],"Sort Method": "quicksort","Sort Space Used": 13552,"Sort Space Type": "Memory","Workers": [{"Worker Number": 0,"Sort Method": "quicksort","Sort Space Used": 13739,"Sort Space Type": "Memory"},{"Worker Number": 1,"Sort Method": "quicksort","Sort Space Used": 13719,"Sort Space Type": "Memory"}],"Plans": [{"Node Type": "Hash Join","Parent Relationship": "Outer","Parallel Aware": false,"Async Capable": false,"Join Type": "Inner","Startup Cost": 3.13,"Total Cost": 27857.64,"Plan Rows": 30,"Plan Width": 159,"Actual Startup Time": 0.679,"Actual Total Time": 2140.139,"Actual Rows": 106427,"Actual Loops": 3,"Inner Unique": true,"Hash Cond": "(supplier.s_nationkey = nation.n_nationkey)","Workers": [],"Plans": [{"Node Type": "Nested Loop","Parent Relationship": "Outer","Parallel Aware": false,"Async Capable": false,"Join Type": "Inner","Startup Cost": 1.57,"Total Cost": 27855.92,"Plan Rows": 30,"Plan Width": 31,"Actual Startup Time": 0.479,"Actual Total Time": 2108.947,"Actual Rows": 106427,"Actual Loops": 3,"Inner Unique": true,"Workers": [],"Plans": [{"Node Type": "Nested Loop","Parent Relationship": "Outer","Parallel Aware": false,"Async Capable": false,"Join Type": "Inner","Startup Cost": 1.14,"Total Cost": 27841.96,"Plan Rows": 30,"Plan Width": 31,"Actual Startup Time": 0.356,"Actual Total Time": 979.627,"Actual Rows": 106427,"Actual Loops": 3,"Inner Unique": true,"Workers": [],"Plans": [{"Node Type": "Nested Loop","Parent Relationship": "Outer","Parallel Aware": false,"Async Capable": false,"Join Type": "Inner","Startup Cost": 0.86,"Total Cost": 27832.88,"Plan Rows": 30,"Plan Width": 35,"Actual Startup Time": 0.274,"Actual Total Time": 798.249,"Actual Rows": 106427,"Actual Loops": 3,"Inner Unique": false,"Workers": [],"Plans": [{"Node Type": "Nested Loop","Parent Relationship": "Outer","Parallel Aware": false,"Async Capable": false,"Join Type": "Inner","Startup Cost": 0.42,"Total Cost": 17103.70,"Plan Rows": 10101,"Plan Width": 18,"Actual Startup Time": 0.166,"Actual Total Time": 118.353,"Actual Rows": 14152,"Actual Loops": 3,"Inner Unique": false,"Workers": [],"Plans": [{"Node Type": "Seq Scan","Parent Relationship": "Outer","Parallel Aware": true,"Async Capable": false,"Relation Name": "part","Alias": "part","Startup Cost": 0.00,"Total Cost": 5138.67,"Plan Rows": 2525,"Plan Width": 4,"Actual Startup Time": 0.052,"Actual Total Time": 50.910,"Actual Rows": 3538,"Actual Loops": 3,"Filter": "((p_name)::text ~~ '%blush%'::text)","Rows Removed by Filter": 63129,"Workers": []},{"Node Type": "Index Scan","Parent Relationship": "Inner","Parallel Aware": false,"Async Capable": false,"Scan Direction": "Forward","Index Name": "idx_partsupp_partkey","Relation Name": "partsupp","Alias": "partsupp","Startup Cost": 0.42,"Total Cost": 4.70,"Plan Rows": 4,"Plan Width": 14,"Actual Startup Time": 0.014,"Actual Total Time": 0.018,"Actual Rows": 4,"Actual Loops": 10614,"Index Cond": "(ps_partkey = part.p_partkey)","Rows Removed by Index Recheck": 0,"Workers": []}]},{"Node Type": "Index Scan","Parent Relationship": "Inner","Parallel Aware": false,"Async Capable": false,"Scan Direction": "Forward","Index Name": "idx_lineitem_part_supp","Relation Name": "lineitem","Alias": "lineitem","Startup Cost": 0.43,"Total Cost": 1.05,"Plan Rows": 1,"Plan Width": 29,"Actual Startup Time": 0.007,"Actual Total Time": 0.046,"Actual Rows": 8,"Actual Loops": 42456,"Index Cond": "((l_partkey = partsupp.ps_partkey) AND (l_suppkey = partsupp.ps_suppkey))","Rows Removed by Index Recheck": 0,"Workers": []}]},{"Node Type": "Index Scan","Parent Relationship": "Inner","Parallel Aware": false,"Async Capable": false,"Scan Direction": "Forward","Index Name": "supplier_pkey","Relation Name": "supplier","Alias": "supplier","Startup Cost": 0.29,"Total Cost": 0.30,"Plan Rows": 1,"Plan Width": 8,"Actual Startup Time": 0.001,"Actual Total Time": 0.001,"Actual Rows": 1,"Actual Loops": 319280,"Index Cond": "(s_suppkey = lineitem.l_suppkey)","Rows Removed by Index Recheck": 0,"Workers": []}]},{"Node Type": "Index Scan","Parent Relationship": "Inner","Parallel Aware": false,"Async Capable": false,"Scan Direction": "Forward","Index Name": "orders_pkey","Relation Name": "orders","Alias": "orders","Startup Cost": 0.43,"Total Cost": 0.47,"Plan Rows": 1,"Plan Width": 8,"Actual Startup Time": 0.010,"Actual Total Time": 0.010,"Actual Rows": 1,"Actual Loops": 319280,"Index Cond": "(o_orderkey = lineitem.l_orderkey)","Rows Removed by Index Recheck": 0,"Workers": []}]},{"Node Type": "Hash","Parent Relationship": "Inner","Parallel Aware": false,"Async Capable": false,"Startup Cost": 1.25,"Total Cost": 1.25,"Plan Rows": 25,"Plan Width": 108,"Actual Startup Time": 0.096,"Actual Total Time": 0.129,"Actual Rows": 25,"Actual Loops": 3,"Hash Buckets": 1024,"Original Hash Buckets": 1024,"Hash Batches": 1,"Original Hash Batches": 1,"Peak Memory Usage": 10,"Workers": [],"Plans": [{"Node Type": "Seq Scan","Parent Relationship": "Outer","Parallel Aware": false,"Async Capable": false,"Relation Name": "nation","Alias": "nation","Startup Cost": 0.00,"Total Cost": 1.25,"Plan Rows": 25,"Plan Width": 108,"Actual Startup Time": 0.062,"Actual Total Time": 0.090,"Actual Rows": 25,"Actual Loops": 3,"Workers": []}]}]}]}]}]}]},"Planning Time": 12.103,"Triggers": [],"Execution Time": 2504.152}]
[{"Plan": {"Node Type": "Aggregate","Strategy": "Sorted","Partial Mode": "Finalize","Parallel Aware": false,"Async Capable": false,"Startup Cost": 47355.08,"Total Cost": 47374.71,"Plan Rows": 146,"Plan Width": 168,"Actual Startup Time": 2500.381,"Actual Total Time": 2613.066,"Actual Rows": 175,"Actual Loops": 1,"Group Key": ["nation.n_name", "(EXTRACT(year FROM orders.o_orderdate))"],"Plans": [{"Node Type": "Gather Merge","Parent Relationship": "Outer","Parallel Aware": false,"Async Capable": false,"Startup Cost": 47355.08,"Total Cost": 47371.30,"Plan Rows": 122,"Plan Width": 168,"Actual Startup Time": 2498.753,"Actual Total Time": 2612.506,"Actual Rows": 525,"Actual Loops": 1,"Workers Planned": 2,"Workers Launched": 2,"Plans": [{"Node Type": "Aggregate","Strategy": "Sorted","Partial Mode": "Partial","Parent Relationship": "Outer","Parallel Aware": false,"Async Capable": false,"Startup Cost": 46355.06,"Total Cost": 46357.20,"Plan Rows": 61,"Plan Width": 168,"Actual Startup Time": 2385.274,"Actual Total Time": 2517.765,"Actual Rows": 175,"Actual Loops": 3,"Group Key": ["nation.n_name", "(EXTRACT(year FROM orders.o_orderdate))"],"Workers": [],"Plans": [{"Node Type": "Sort","Parent Relationship": "Outer","Parallel Aware": false,"Async Capable": false,"Startup Cost": 46355.06,"Total Cost": 46355.21,"Plan Rows": 61,"Plan Width": 159,"Actual Startup Time": 2384.635,"Actual Total Time": 2429.059,"Actual Rows": 111540,"Actual Loops": 3,"Sort Key": ["nation.n_name", "(EXTRACT(year FROM orders.o_orderdate)) DESC"],"Sort Method": "quicksort","Sort Space Used": 13997,"Sort Space Type": "Memory","Workers": [{"Worker Number": 0,"Sort Method": "quicksort","Sort Space Used": 14233,"Sort Space Type": "Memory"},{"Worker Number": 1,"Sort Method": "quicksort","Sort Space Used": 14306,"Sort Space Type": "Memory"}],"Plans": [{"Node Type": "Hash Join","Parent Relationship": "Outer","Parallel Aware": false,"Async Capable": false,"Join Type": "Inner","Startup Cost": 3.13,"Total Cost": 46353.25,"Plan Rows": 61,"Plan Width": 159,"Actual Startup Time": 0.720,"Actual Total Time": 2224.522,"Actual Rows": 111540,"Actual Loops": 3,"Inner Unique": true,"Hash Cond": "(supplier.s_nationkey = nation.n_nationkey)","Workers": [],"Plans": [{"Node Type": "Nested Loop","Parent Relationship": "Outer","Parallel Aware": false,"Async Capable": false,"Join Type": "Inner","Startup Cost": 1.57,"Total Cost": 46351.35,"Plan Rows": 61,"Plan Width": 31,"Actual Startup Time": 0.543,"Actual Total Time": 2192.319,"Actual Rows": 111540,"Actual Loops": 3,"Inner Unique": true,"Workers": [],"Plans": [{"Node Type": "Nested Loop","Parent Relationship": "Outer","Parallel Aware": false,"Async Capable": false,"Join Type": "Inner","Startup Cost": 1.14,"Total Cost": 46322.98,"Plan Rows": 61,"Plan Width": 31,"Actual Startup Time": 0.416,"Actual Total Time": 1013.189,"Actual Rows": 111540,"Actual Loops": 3,"Inner Unique": true,"Workers": [],"Plans": [{"Node Type": "Nested Loop","Parent Relationship": "Outer","Parallel Aware": false,"Async Capable": false,"Join Type": "Inner","Startup Cost": 0.86,"Total Cost": 46304.52,"Plan Rows": 61,"Plan Width": 35,"Actual Startup Time": 0.322,"Actual Total Time": 823.097,"Actual Rows": 111540,"Actual Loops": 3,"Inner Unique": false,"Workers": [],"Plans": [{"Node Type": "Nested Loop","Parent Relationship": "Outer","Parallel Aware": false,"Async Capable": false,"Join Type": "Inner","Startup Cost": 0.42,"Total Cost": 24846.16,"Plan Rows": 20202,"Plan Width": 18,"Actual Startup Time": 0.205,"Actual Total Time": 119.618,"Actual Rows": 14867,"Actual Loops": 3,"Inner Unique": false,"Workers": [],"Plans": [{"Node Type": "Seq Scan","Parent Relationship": "Outer","Parallel Aware": true,"Async Capable": false,"Relation Name": "part","Alias": "part","Startup Cost": 0.00,"Total Cost": 5138.67,"Plan Rows": 5051,"Plan Width": 4,"Actual Startup Time": 0.067,"Actual Total Time": 50.965,"Actual Rows": 3717,"Actual Loops": 3,"Filter": "((p_name)::text ~~ '%tomato%'::text)","Rows Removed by Filter": 62950,"Workers": []},{"Node Type": "Index Scan","Parent Relationship": "Inner","Parallel Aware": false,"Async Capable": false,"Scan Direction": "Forward","Index Name": "idx_partsupp_partkey","Relation Name": "partsupp","Alias": "partsupp","Startup Cost": 0.42,"Total Cost": 3.86,"Plan Rows": 4,"Plan Width": 14,"Actual Startup Time": 0.014,"Actual Total Time": 0.018,"Actual Rows": 4,"Actual Loops": 11150,"Index Cond": "(ps_partkey = part.p_partkey)","Rows Removed by Index Recheck": 0,"Workers": []}]},{"Node Type": "Index Scan","Parent Relationship": "Inner","Parallel Aware": false,"Async Capable": false,"Scan Direction": "Forward","Index Name": "idx_lineitem_part_supp","Relation Name": "lineitem","Alias": "lineitem","Startup Cost": 0.43,"Total Cost": 1.05,"Plan Rows": 1,"Plan Width": 29,"Actual Startup Time": 0.007,"Actual Total Time": 0.046,"Actual Rows": 8,"Actual Loops": 44600,"Index Cond": "((l_partkey = partsupp.ps_partkey) AND (l_suppkey = partsupp.ps_suppkey))","Rows Removed by Index Recheck": 0,"Workers": []}]},{"Node Type": "Index Scan","Parent Relationship": "Inner","Parallel Aware": false,"Async Capable": false,"Scan Direction": "Forward","Index Name": "supplier_pkey","Relation Name": "supplier","Alias": "supplier","Startup Cost": 0.29,"Total Cost": 0.30,"Plan Rows": 1,"Plan Width": 8,"Actual Startup Time": 0.001,"Actual Total Time": 0.001,"Actual Rows": 1,"Actual Loops": 334621,"Index Cond": "(s_suppkey = lineitem.l_suppkey)","Rows Removed by Index Recheck": 0,"Workers": []}]},{"Node Type": "Index Scan","Parent Relationship": "Inner","Parallel Aware": false,"Async Capable": false,"Scan Direction": "Forward","Index Name": "orders_pkey","Relation Name": "orders","Alias": "orders","Startup Cost": 0.43,"Total Cost": 0.47,"Plan Rows": 1,"Plan Width": 8,"Actual Startup Time": 0.010,"Actual Total Time": 0.010,"Actual Rows": 1,"Actual Loops": 334621,"Index Cond": "(o_orderkey = lineitem.l_orderkey)","Rows Removed by Index Recheck": 0,"Workers": []}]},{"Node Type": "Hash","Parent Relationship": "Inner","Parallel Aware": false,"Async Capable": false,"Startup Cost": 1.25,"Total Cost": 1.25,"Plan Rows": 25,"Plan Width": 108,"Actual Startup Time": 0.076,"Actual Total Time": 0.105,"Actual Rows": 25,"Actual Loops": 3,"Hash Buckets": 1024,"Original Hash Buckets": 1024,"Hash Batches": 1,"Original Hash Batches": 1,"Peak Memory Usage": 10,"Workers": [],"Plans": [{"Node Type": "Seq Scan","Parent Relationship": "Outer","Parallel Aware": false,"Async Capable": false,"Relation Name": "nation","Alias": "nation","Startup Cost": 0.00,"Total Cost": 1.25,"Plan Rows": 25,"Plan Width": 108,"Actual Startup Time": 0.046,"Actual Total Time": 0.069,"Actual Rows": 25,"Actual Loops": 3,"Workers": []}]}]}]}]}]}]},"Planning Time": 11.495,"Triggers": [],"Execution Time": 2614.780}]
[{"Plan": {"Node Type": "Aggregate","Strategy": "Sorted","Partial Mode": "Finalize","Parallel Aware": false,"Async Capable": false,"Startup Cost": 41381.04,"Total Cost": 41397.45,"Plan Rows": 122,"Plan Width": 168,"Actual Startup Time": 2431.177,"Actual Total Time": 2560.188,"Actual Rows": 175,"Actual Loops": 1,"Group Key": ["nation.n_name", "(EXTRACT(year FROM orders.o_orderdate))"],"Plans": [{"Node Type": "Gather Merge","Parent Relationship": "Outer","Parallel Aware": false,"Async Capable": false,"Startup Cost": 41381.04,"Total Cost": 41394.60,"Plan Rows": 102,"Plan Width": 168,"Actual Startup Time": 2429.302,"Actual Total Time": 2559.805,"Actual Rows": 525,"Actual Loops": 1,"Workers Planned": 2,"Workers Launched": 2,"Plans": [{"Node Type": "Aggregate","Strategy": "Sorted","Partial Mode": "Partial","Parent Relationship": "Outer","Parallel Aware": false,"Async Capable": false,"Startup Cost": 40381.01,"Total Cost": 40382.80,"Plan Rows": 51,"Plan Width": 168,"Actual Startup Time": 2327.238,"Actual Total Time": 2438.083,"Actual Rows": 175,"Actual Loops": 3,"Group Key": ["nation.n_name", "(EXTRACT(year FROM orders.o_orderdate))"],"Workers": [],"Plans": [{"Node Type": "Sort","Parent Relationship": "Outer","Parallel Aware": false,"Async Capable": false,"Startup Cost": 40381.01,"Total Cost": 40381.14,"Plan Rows": 51,"Plan Width": 159,"Actual Startup Time": 2326.616,"Actual Total Time": 2360.128,"Actual Rows": 110167,"Actual Loops": 3,"Sort Key": ["nation.n_name", "(EXTRACT(year FROM orders.o_orderdate)) DESC"],"Sort Method": "quicksort","Sort Space Used": 13685,"Sort Space Type": "Memory","Workers": [{"Worker Number": 0,"Sort Method": "quicksort","Sort Space Used": 14027,"Sort Space Type": "Memory"},{"Worker Number": 1,"Sort Method": "quicksort","Sort Space Used": 14415,"Sort Space Type": "Memory"}],"Plans": [{"Node Type": "Hash Join","Parent Relationship": "Outer","Parallel Aware": false,"Async Capable": false,"Join Type": "Inner","Startup Cost": 3.13,"Total Cost": 40379.57,"Plan Rows": 51,"Plan Width": 159,"Actual Startup Time": 0.774,"Actual Total Time": 2175.154,"Actual Rows": 110167,"Actual Loops": 3,"Inner Unique": true,"Hash Cond": "(supplier.s_nationkey = nation.n_nationkey)","Workers": [],"Plans": [{"Node Type": "Nested Loop","Parent Relationship": "Outer","Parallel Aware": false,"Async Capable": false,"Join Type": "Inner","Startup Cost": 1.57,"Total Cost": 40377.72,"Plan Rows": 51,"Plan Width": 31,"Actual Startup Time": 0.582,"Actual Total Time": 2143.575,"Actual Rows": 110167,"Actual Loops": 3,"Inner Unique": true,"Workers": [],"Plans": [{"Node Type": "Nested Loop","Parent Relationship": "Outer","Parallel Aware": false,"Async Capable": false,"Join Type": "Inner","Startup Cost": 1.14,"Total Cost": 40354.00,"Plan Rows": 51,"Plan Width": 31,"Actual Startup Time": 0.451,"Actual Total Time": 989.410,"Actual Rows": 110167,"Actual Loops": 3,"Inner Unique": true,"Workers": [],"Plans": [{"Node Type": "Nested Loop","Parent Relationship": "Outer","Parallel Aware": false,"Async Capable": false,"Join Type": "Inner","Startup Cost": 0.86,"Total Cost": 40338.56,"Plan Rows": 51,"Plan Width": 35,"Actual Startup Time": 0.342,"Actual Total Time": 803.216,"Actual Rows": 110167,"Actual Loops": 3,"Inner Unique": false,"Workers": [],"Plans": [{"Node Type": "Nested Loop","Parent Relationship": "Outer","Parallel Aware": false,"Async Capable": false,"Join Type": "Inner","Startup Cost": 0.42,"Total Cost": 22456.59,"Plan Rows": 16835,"Plan Width": 18,"Actual Startup Time": 0.214,"Actual Total Time": 117.164,"Actual Rows": 14685,"Actual Loops": 3,"Inner Unique": false,"Workers": [],"Plans": [{"Node Type": "Seq Scan","Parent Relationship": "Outer","Parallel Aware": true,"Async Capable": false,"Relation Name": "part","Alias": "part","Startup Cost": 0.00,"Total Cost": 5138.67,"Plan Rows": 4209,"Plan Width": 4,"Actual Startup Time": 0.077,"Actual Total Time": 49.700,"Actual Rows": 3671,"Actual Loops": 3,"Filter": "((p_name)::text ~~ '%turquoise%'::text)","Rows Removed by Filter": 62995,"Workers": []},{"Node Type": "Index Scan","Parent Relationship": "Inner","Parallel Aware": false,"Async Capable": false,"Scan Direction": "Forward","Index Name": "idx_partsupp_partkey","Relation Name": "partsupp","Alias": "partsupp","Startup Cost": 0.42,"Total Cost": 4.07,"Plan Rows": 4,"Plan Width": 14,"Actual Startup Time": 0.014,"Actual Total Time": 0.018,"Actual Rows": 4,"Actual Loops": 11014,"Index Cond": "(ps_partkey = part.p_partkey)","Rows Removed by Index Recheck": 0,"Workers": []}]},{"Node Type": "Index Scan","Parent Relationship": "Inner","Parallel Aware": false,"Async Capable": false,"Scan Direction": "Forward","Index Name": "idx_lineitem_part_supp","Relation Name": "lineitem","Alias": "lineitem","Startup Cost": 0.43,"Total Cost": 1.05,"Plan Rows": 1,"Plan Width": 29,"Actual Startup Time": 0.007,"Actual Total Time": 0.045,"Actual Rows": 8,"Actual Loops": 44056,"Index Cond": "((l_partkey = partsupp.ps_partkey) AND (l_suppkey = partsupp.ps_suppkey))","Rows Removed by Index Recheck": 0,"Workers": []}]},{"Node Type": "Index Scan","Parent Relationship": "Inner","Parallel Aware": false,"Async Capable": false,"Scan Direction": "Forward","Index Name": "supplier_pkey","Relation Name": "supplier","Alias": "supplier","Startup Cost": 0.29,"Total Cost": 0.30,"Plan Rows": 1,"Plan Width": 8,"Actual Startup Time": 0.001,"Actual Total Time": 0.001,"Actual Rows": 1,"Actual Loops": 330501,"Index Cond": "(s_suppkey = lineitem.l_suppkey)","Rows Removed by Index Recheck": 0,"Workers": []}]},{"Node Type": "Index Scan","Parent Relationship": "Inner","Parallel Aware": false,"Async Capable": false,"Scan Direction": "Forward","Index Name": "orders_pkey","Relation Name": "orders","Alias": "orders","Startup Cost": 0.43,"Total Cost": 0.47,"Plan Rows": 1,"Plan Width": 8,"Actual Startup Time": 0.010,"Actual Total Time": 0.010,"Actual Rows": 1,"Actual Loops": 330501,"Index Cond": "(o_orderkey = lineitem.l_orderkey)","Rows Removed by Index Recheck": 0,"Workers": []}]},{"Node Type": "Hash","Parent Relationship": "Inner","Parallel Aware": false,"Async Capable": false,"Startup Cost": 1.25,"Total Cost": 1.25,"Plan Rows": 25,"Plan Width": 108,"Actual Startup Time": 0.077,"Actual Total Time": 0.095,"Actual Rows": 25,"Actual Loops": 3,"Hash Buckets": 1024,"Original Hash Buckets": 1024,"Hash Batches": 1,"Original Hash Batches": 1,"Peak Memory Usage": 10,"Workers": [],"Plans": [{"Node Type": "Seq Scan","Parent Relationship": "Outer","Parallel Aware": false,"Async Capable": false,"Relation Name": "nation","Alias": "nation","Startup Cost": 0.00,"Total Cost": 1.25,"Plan Rows": 25,"Plan Width": 108,"Actual Startup Time": 0.049,"Actual Total Time": 0.063,"Actual Rows": 25,"Actual Loops": 3,"Workers": []}]}]}]}]}]}]},"Planning Time": 11.933,"Triggers": [],"Execution Time": 2562.804}]
[{"Plan": {"Node Type": "Aggregate","Strategy": "Sorted","Partial Mode": "Finalize","Parallel Aware": false,"Async Capable": false,"Startup Cost": 28858.40,"Total Cost": 28868.07,"Plan Rows": 73,"Plan Width": 168,"Actual Startup Time": 2429.484,"Actual Total Time": 2565.453,"Actual Rows": 175,"Actual Loops": 1,"Group Key": ["nation.n_name", "(EXTRACT(year FROM orders.o_orderdate))"],"Plans": [{"Node Type": "Gather Merge","Parent Relationship": "Outer","Parallel Aware": false,"Async Capable": false,"Startup Cost": 28858.40,"Total Cost": 28866.38,"Plan Rows": 60,"Plan Width": 168,"Actual Startup Time": 2427.372,"Actual Total Time": 2564.947,"Actual Rows": 525,"Actual Loops": 1,"Workers Planned": 2,"Workers Launched": 2,"Plans": [{"Node Type": "Aggregate","Strategy": "Sorted","Partial Mode": "Partial","Parent Relationship": "Outer","Parallel Aware": false,"Async Capable": false,"Startup Cost": 27858.38,"Total Cost": 27859.43,"Plan Rows": 30,"Plan Width": 168,"Actual Startup Time": 2302.543,"Actual Total Time": 2425.776,"Actual Rows": 175,"Actual Loops": 3,"Group Key": ["nation.n_name", "(EXTRACT(year FROM orders.o_orderdate))"],"Workers": [],"Plans": [{"Node Type": "Sort","Parent Relationship": "Outer","Parallel Aware": false,"Async Capable": false,"Startup Cost": 27858.38,"Total Cost": 27858.46,"Plan Rows": 30,"Plan Width": 159,"Actual Startup Time": 2301.927,"Actual Total Time": 2343.346,"Actual Rows": 109583,"Actual Loops": 3,"Sort Key": ["nation.n_name", "(EXTRACT(year FROM orders.o_orderdate)) DESC"],"Sort Method": "quicksort","Sort Space Used": 13696,"Sort Space Type": "Memory","Workers": [{"Worker Number": 0,"Sort Method": "quicksort","Sort Space Used": 14018,"Sort Space Type": "Memory"},{"Worker Number": 1,"Sort Method": "quicksort","Sort Space Used": 14244,"Sort Space Type": "Memory"}],"Plans": [{"Node Type": "Hash Join","Parent Relationship": "Outer","Parallel Aware": false,"Async Capable": false,"Join Type": "Inner","Startup Cost": 3.13,"Total Cost": 27857.64,"Plan Rows": 30,"Plan Width": 159,"Actual Startup Time": 0.607,"Actual Total Time": 2151.913,"Actual Rows": 109583,"Actual Loops": 3,"Inner Unique": true,"Hash Cond": "(supplier.s_nationkey = nation.n_nationkey)","Workers": [],"Plans": [{"Node Type": "Nested Loop","Parent Relationship": "Outer","Parallel Aware": false,"Async Capable": false,"Join Type": "Inner","Startup Cost": 1.57,"Total Cost": 27855.92,"Plan Rows": 30,"Plan Width": 31,"Actual Startup Time": 0.460,"Actual Total Time": 2120.412,"Actual Rows": 109583,"Actual Loops": 3,"Inner Unique": true,"Workers": [],"Plans": [{"Node Type": "Nested Loop","Parent Relationship": "Outer","Parallel Aware": false,"Async Capable": false,"Join Type": "Inner","Startup Cost": 1.14,"Total Cost": 27841.96,"Plan Rows": 30,"Plan Width": 31,"Actual Startup Time": 0.341,"Actual Total Time": 990.093,"Actual Rows": 109583,"Actual Loops": 3,"Inner Unique": true,"Workers": [],"Plans": [{"Node Type": "Nested Loop","Parent Relationship": "Outer","Parallel Aware": false,"Async Capable": false,"Join Type": "Inner","Startup Cost": 0.86,"Total Cost": 27832.88,"Plan Rows": 30,"Plan Width": 35,"Actual Startup Time": 0.270,"Actual Total Time": 805.529,"Actual Rows": 109583,"Actual Loops": 3,"Inner Unique": false,"Workers": [],"Plans": [{"Node Type": "Nested Loop","Parent Relationship": "Outer","Parallel Aware": false,"Async Capable": false,"Join Type": "Inner","Startup Cost": 0.42,"Total Cost": 17103.70,"Plan Rows": 10101,"Plan Width": 18,"Actual Startup Time": 0.172,"Actual Total Time": 119.406,"Actual Rows": 14584,"Actual Loops": 3,"Inner Unique": false,"Workers": [],"Plans": [{"Node Type": "Seq Scan","Parent Relationship": "Outer","Parallel Aware": true,"Async Capable": false,"Relation Name": "part","Alias": "part","Startup Cost": 0.00,"Total Cost": 5138.67,"Plan Rows": 2525,"Plan Width": 4,"Actual Startup Time": 0.054,"Actual Total Time": 51.261,"Actual Rows": 3646,"Actual Loops": 3,"Filter": "((p_name)::text ~~ '%drab%'::text)","Rows Removed by Filter": 63021,"Workers": []},{"Node Type": "Index Scan","Parent Relationship": "Inner","Parallel Aware": false,"Async Capable": false,"Scan Direction": "Forward","Index Name": "idx_partsupp_partkey","Relation Name": "partsupp","Alias": "partsupp","Startup Cost": 0.42,"Total Cost": 4.70,"Plan Rows": 4,"Plan Width": 14,"Actual Startup Time": 0.014,"Actual Total Time": 0.018,"Actual Rows": 4,"Actual Loops": 10938,"Index Cond": "(ps_partkey = part.p_partkey)","Rows Removed by Index Recheck": 0,"Workers": []}]},{"Node Type": "Index Scan","Parent Relationship": "Inner","Parallel Aware": false,"Async Capable": false,"Scan Direction": "Forward","Index Name": "idx_lineitem_part_supp","Relation Name": "lineitem","Alias": "lineitem","Startup Cost": 0.43,"Total Cost": 1.05,"Plan Rows": 1,"Plan Width": 29,"Actual Startup Time": 0.007,"Actual Total Time": 0.045,"Actual Rows": 8,"Actual Loops": 43752,"Index Cond": "((l_partkey = partsupp.ps_partkey) AND (l_suppkey = partsupp.ps_suppkey))","Rows Removed by Index Recheck": 0,"Workers": []}]},{"Node Type": "Index Scan","Parent Relationship": "Inner","Parallel Aware": false,"Async Capable": false,"Scan Direction": "Forward","Index Name": "supplier_pkey","Relation Name": "supplier","Alias": "supplier","Startup Cost": 0.29,"Total Cost": 0.30,"Plan Rows": 1,"Plan Width": 8,"Actual Startup Time": 0.001,"Actual Total Time": 0.001,"Actual Rows": 1,"Actual Loops": 328749,"Index Cond": "(s_suppkey = lineitem.l_suppkey)","Rows Removed by Index Recheck": 0,"Workers": []}]},{"Node Type": "Index Scan","Parent Relationship": "Inner","Parallel Aware": false,"Async Capable": false,"Scan Direction": "Forward","Index Name": "orders_pkey","Relation Name": "orders","Alias": "orders","Startup Cost": 0.43,"Total Cost": 0.47,"Plan Rows": 1,"Plan Width": 8,"Actual Startup Time": 0.010,"Actual Total Time": 0.010,"Actual Rows": 1,"Actual Loops": 328749,"Index Cond": "(o_orderkey = lineitem.l_orderkey)","Rows Removed by Index Recheck": 0,"Workers": []}]},{"Node Type": "Hash","Parent Relationship": "Inner","Parallel Aware": false,"Async Capable": false,"Startup Cost": 1.25,"Total Cost": 1.25,"Plan Rows": 25,"Plan Width": 108,"Actual Startup Time": 0.072,"Actual Total Time": 0.091,"Actual Rows": 25,"Actual Loops": 3,"Hash Buckets": 1024,"Original Hash Buckets": 1024,"Hash Batches": 1,"Original Hash Batches": 1,"Peak Memory Usage": 10,"Workers": [],"Plans": [{"Node Type": "Seq Scan","Parent Relationship": "Outer","Parallel Aware": false,"Async Capable": false,"Relation Name": "nation","Alias": "nation","Startup Cost": 0.00,"Total Cost": 1.25,"Plan Rows": 25,"Plan Width": 108,"Actual Startup Time": 0.048,"Actual Total Time": 0.059,"Actual Rows": 25,"Actual Loops": 3,"Workers": []}]}]}]}]}]}]},"Planning Time": 12.042,"Triggers": [],"Execution Time": 2567.199}]
[{"Plan": {"Node Type": "Aggregate","Strategy": "Sorted","Partial Mode": "Finalize","Parallel Aware": false,"Async Capable": false,"Startup Cost": 46348.90,"Total Cost": 46374.41,"Plan Rows": 170,"Plan Width": 168,"Actual Startup Time": 1758.233,"Actual Total Time": 1875.547,"Actual Rows": 175,"Actual Loops": 1,"Group Key": ["nation.n_name", "(EXTRACT(year FROM orders.o_orderdate))"],"Plans": [{"Node Type": "Gather Merge","Parent Relationship": "Outer","Parallel Aware": false,"Async Capable": false,"Startup Cost": 46348.90,"Total Cost": 46370.21,"Plan Rows": 165,"Plan Width": 168,"Actual Startup Time": 1756.865,"Actual Total Time": 1875.050,"Actual Rows": 700,"Actual Loops": 1,"Workers Planned": 3,"Workers Launched": 3,"Plans": [{"Node Type": "Aggregate","Strategy": "Sorted","Partial Mode": "Partial","Parent Relationship": "Outer","Parallel Aware": false,"Async Capable": false,"Startup Cost": 45348.86,"Total Cost": 45350.79,"Plan Rows": 55,"Plan Width": 168,"Actual Startup Time": 1673.664,"Actual Total Time": 1769.994,"Actual Rows": 175,"Actual Loops": 4,"Group Key": ["nation.n_name", "(EXTRACT(year FROM orders.o_orderdate))"],"Workers": [],"Plans": [{"Node Type": "Sort","Parent Relationship": "Outer","Parallel Aware": false,"Async Capable": false,"Startup Cost": 45348.86,"Total Cost": 45349.00,"Plan Rows": 55,"Plan Width": 159,"Actual Startup Time": 1673.252,"Actual Total Time": 1706.988,"Actual Rows": 83328,"Actual Loops": 4,"Sort Key": ["nation.n_name", "(EXTRACT(year FROM orders.o_orderdate)) DESC"],"Sort Method": "quicksort","Sort Space Used": 11554,"Sort Space Type": "Memory","Workers": [{"Worker Number": 0,"Sort Method": "quicksort","Sort Space Used": 11442,"Sort Space Type": "Memory"},{"Worker Number": 1,"Sort Method": "quicksort","Sort Space Used": 11267,"Sort Space Type": "Memory"},{"Worker Number": 2,"Sort Method": "quicksort","Sort Space Used": 11217,"Sort Space Type": "Memory"}],"Plans": [{"Node Type": "Hash Join","Parent Relationship": "Outer","Parallel Aware": false,"Async Capable": false,"Join Type": "Inner","Startup Cost": 5215.02,"Total Cost": 45347.27,"Plan Rows": 55,"Plan Width": 159,"Actual Startup Time": 21.738,"Actual Total Time": 1570.538,"Actual Rows": 83328,"Actual Loops": 4,"Inner Unique": true,"Hash Cond": "(supplier.s_nationkey = nation.n_nationkey)","Workers": [],"Plans": [{"Node Type": "Nested Loop","Parent Relationship": "Outer","Parallel Aware": false,"Async Capable": false,"Join Type": "Inner","Startup Cost": 5213.46,"Total Cost": 45345.40,"Plan Rows": 55,"Plan Width": 31,"Actual Startup Time": 21.537,"Actual Total Time": 1546.521,"Actual Rows": 83328,"Actual Loops": 4,"Inner Unique": true,"Workers": [],"Plans": [{"Node Type": "Nested Loop","Parent Relationship": "Outer","Parallel Aware": false,"Async Capable": false,"Join Type": "Inner","Startup Cost": 5213.03,"Total Cost": 45319.82,"Plan Rows": 55,"Plan Width": 31,"Actual Startup Time": 21.473,"Actual Total Time": 802.646,"Actual Rows": 83328,"Actual Loops": 4,"Inner Unique": true,"Workers": [],"Plans": [{"Node Type": "Nested Loop","Parent Relationship": "Outer","Parallel Aware": false,"Async Capable": false,"Join Type": "Inner","Startup Cost": 5212.75,"Total Cost": 45303.17,"Plan Rows": 55,"Plan Width": 35,"Actual Startup Time": 21.432,"Actual Total Time": 663.395,"Actual Rows": 83328,"Actual Loops": 4,"Inner Unique": false,"Workers": [],"Plans": [{"Node Type": "Hash Join","Parent Relationship": "Outer","Parallel Aware": true,"Async Capable": false,"Join Type": "Inner","Startup Cost": 5212.32,"Total Cost": 25921.39,"Plan Rows": 18247,"Plan Width": 18,"Actual Startup Time": 21.375,"Actual Total Time": 197.392,"Actual Rows": 11082,"Actual Loops": 4,"Inner Unique": true,"Hash Cond": "(partsupp.ps_partkey = part.p_partkey)","Workers": [],"Plans": [{"Node Type": "Seq Scan","Parent Relationship": "Outer","Parallel Aware": true,"Async Capable": false,"Relation Name": "partsupp","Alias": "partsupp","Startup Cost": 0.00,"Total Cost": 20031.65,"Plan Rows": 258065,"Plan Width": 14,"Actual Startup Time": 0.017,"Actual Total Time": 42.711,"Actual Rows": 200000,"Actual Loops": 4,"Workers": []},{"Node Type": "Hash","Parent Relationship": "Inner","Parallel Aware": true,"Async Capable": false,"Startup Cost": 5138.67,"Total Cost": 5138.67,"Plan Rows": 5892,"Plan Width": 4,"Actual Startup Time": 21.186,"Actual Total Time": 21.198,"Actual Rows": 2770,"Actual Loops": 4,"Hash Buckets": 16384,"Original Hash Buckets": 16384,"Hash Batches": 1,"Original Hash Batches": 1,"Peak Memory Usage": 608,"Workers": [],"Plans": [{"Node Type": "Seq Scan","Parent Relationship": "Outer","Parallel Aware": true,"Async Capable": false,"Relation Name": "part","Alias": "part","Startup Cost": 0.00,"Total Cost": 5138.67,"Plan Rows": 5892,"Plan Width": 4,"Actual Startup Time": 0.056,"Actual Total Time": 19.572,"Actual Rows": 2770,"Actual Loops": 4,"Filter": "((p_name)::text ~~ '%cyan%'::text)","Rows Removed by Filter": 47230,"Workers": []}]}]},{"Node Type": "Index Scan","Parent Relationship": "Inner","Parallel Aware": false,"Async Capable": false,"Scan Direction": "Forward","Index Name": "idx_lineitem_part_supp","Relation Name": "lineitem","Alias": "lineitem","Startup Cost": 0.43,"Total Cost": 1.05,"Plan Rows": 1,"Plan Width": 29,"Actual Startup Time": 0.006,"Actual Total Time": 0.040,"Actual Rows": 8,"Actual Loops": 44328,"Index Cond": "((l_partkey = partsupp.ps_partkey) AND (l_suppkey = partsupp.ps_suppkey))","Rows Removed by Index Recheck": 0,"Workers": []}]},{"Node Type": "Index Scan","Parent Relationship": "Inner","Parallel Aware": false,"Async Capable": false,"Scan Direction": "Forward","Index Name": "supplier_pkey","Relation Name": "supplier","Alias": "supplier","Startup Cost": 0.29,"Total Cost": 0.30,"Plan Rows": 1,"Plan Width": 8,"Actual Startup Time": 0.001,"Actual Total Time": 0.001,"Actual Rows": 1,"Actual Loops": 333310,"Index Cond": "(s_suppkey = lineitem.l_suppkey)","Rows Removed by Index Recheck": 0,"Workers": []}]},{"Node Type": "Index Scan","Parent Relationship": "Inner","Parallel Aware": false,"Async Capable": false,"Scan Direction": "Forward","Index Name": "orders_pkey","Relation Name": "orders","Alias": "orders","Startup Cost": 0.43,"Total Cost": 0.47,"Plan Rows": 1,"Plan Width": 8,"Actual Startup Time": 0.009,"Actual Total Time": 0.009,"Actual Rows": 1,"Actual Loops": 333310,"Index Cond": "(o_orderkey = lineitem.l_orderkey)","Rows Removed by Index Recheck": 0,"Workers": []}]},{"Node Type": "Hash","Parent Relationship": "Inner","Parallel Aware": false,"Async Capable": false,"Startup Cost": 1.25,"Total Cost": 1.25,"Plan Rows": 25,"Plan Width": 108,"Actual Startup Time": 0.090,"Actual Total Time": 0.098,"Actual Rows": 25,"Actual Loops": 4,"Hash Buckets": 1024,"Original Hash Buckets": 1024,"Hash Batches": 1,"Original Hash Batches": 1,"Peak Memory Usage": 10,"Workers": [],"Plans": [{"Node Type": "Seq Scan","Parent Relationship": "Outer","Parallel Aware": false,"Async Capable": false,"Relation Name": "nation","Alias": "nation","Startup Cost": 0.00,"Total Cost": 1.25,"Plan Rows": 25,"Plan Width": 108,"Actual Startup Time": 0.055,"Actual Total Time": 0.063,"Actual Rows": 25,"Actual Loops": 4,"Workers": []}]}]}]}]}]}]},"Planning Time": 12.548,"Triggers": [],"Execution Time": 1876.920}]
[{"Plan": {"Node Type": "Aggregate","Strategy": "Sorted","Partial Mode": "Finalize","Parallel Aware": false,"Async Capable": false,"Startup Cost": 35224.41,"Total Cost": 35237.30,"Plan Rows": 97,"Plan Width": 168,"Actual Startup Time": 2444.138,"Actual Total Time": 2542.472,"Actual Rows": 175,"Actual Loops": 1,"Group Key": ["nation.n_name", "(EXTRACT(year FROM orders.o_orderdate))"],"Plans": [{"Node Type": "Gather Merge","Parent Relationship": "Outer","Parallel Aware": false,"Async Capable": false,"Startup Cost": 35224.41,"Total Cost": 35235.05,"Plan Rows": 80,"Plan Width": 168,"Actual Startup Time": 2442.420,"Actual Total Time": 2542.094,"Actual Rows": 525,"Actual Loops": 1,"Workers Planned": 2,"Workers Launched": 2,"Plans": [{"Node Type": "Aggregate","Strategy": "Sorted","Partial Mode": "Partial","Parent Relationship": "Outer","Parallel Aware": false,"Async Capable": false,"Startup Cost": 34224.39,"Total Cost": 34225.79,"Plan Rows": 40,"Plan Width": 168,"Actual Startup Time": 2337.842,"Actual Total Time": 2456.025,"Actual Rows": 175,"Actual Loops": 3,"Group Key": ["nation.n_name", "(EXTRACT(year FROM orders.o_orderdate))"],"Workers": [],"Plans": [{"Node Type": "Sort","Parent Relationship": "Outer","Parallel Aware": false,"Async Capable": false,"Startup Cost": 34224.39,"Total Cost": 34224.49,"Plan Rows": 40,"Plan Width": 159,"Actual Startup Time": 2337.234,"Actual Total Time": 2374.843,"Actual Rows": 108757,"Actual Loops": 3,"Sort Key": ["nation.n_name", "(EXTRACT(year FROM orders.o_orderdate)) DESC"],"Sort Method": "quicksort","Sort Space Used": 14638,"Sort Space Type": "Memory","Workers": [{"Worker Number": 0,"Sort Method": "quicksort","Sort Space Used": 13561,"Sort Space Type": "Memory"},{"Worker Number": 1,"Sort Method": "quicksort","Sort Space Used": 13499,"Sort Space Type": "Memory"}],"Plans": [{"Node Type": "Hash Join","Parent Relationship": "Outer","Parallel Aware": false,"Async Capable": false,"Join Type": "Inner","Startup Cost": 3.13,"Total Cost": 34223.32,"Plan Rows": 40,"Plan Width": 159,"Actual Startup Time": 0.556,"Actual Total Time": 2190.470,"Actual Rows": 108757,"Actual Loops": 3,"Inner Unique": true,"Hash Cond": "(supplier.s_nationkey = nation.n_nationkey)","Workers": [],"Plans": [{"Node Type": "Nested Loop","Parent Relationship": "Outer","Parallel Aware": false,"Async Capable": false,"Join Type": "Inner","Startup Cost": 1.57,"Total Cost": 34221.53,"Plan Rows": 40,"Plan Width": 31,"Actual Startup Time": 0.403,"Actual Total Time": 2158.779,"Actual Rows": 108757,"Actual Loops": 3,"Inner Unique": true,"Workers": [],"Plans": [{"Node Type": "Nested Loop","Parent Relationship": "Outer","Parallel Aware": false,"Async Capable": false,"Join Type": "Inner","Startup Cost": 1.14,"Total Cost": 34202.93,"Plan Rows": 40,"Plan Width": 31,"Actual Startup Time": 0.309,"Actual Total Time": 1007.807,"Actual Rows": 108757,"Actual Loops": 3,"Inner Unique": true,"Workers": [],"Plans": [{"Node Type": "Nested Loop","Parent Relationship": "Outer","Parallel Aware": false,"Async Capable": false,"Join Type": "Inner","Startup Cost": 0.86,"Total Cost": 34190.82,"Plan Rows": 40,"Plan Width": 35,"Actual Startup Time": 0.236,"Actual Total Time": 821.703,"Actual Rows": 108757,"Actual Loops": 3,"Inner Unique": false,"Workers": [],"Plans": [{"Node Type": "Nested Loop","Parent Relationship": "Outer","Parallel Aware": false,"Async Capable": false,"Join Type": "Inner","Startup Cost": 0.42,"Total Cost": 19885.25,"Plan Rows": 13468,"Plan Width": 18,"Actual Startup Time": 0.138,"Actual Total Time": 114.586,"Actual Rows": 14501,"Actual Loops": 3,"Inner Unique": false,"Workers": [],"Plans": [{"Node Type": "Seq Scan","Parent Relationship": "Outer","Parallel Aware": true,"Async Capable": false,"Relation Name": "part","Alias": "part","Startup Cost": 0.00,"Total Cost": 5138.67,"Plan Rows": 3367,"Plan Width": 4,"Actual Startup Time": 0.031,"Actual Total Time": 48.710,"Actual Rows": 3625,"Actual Loops": 3,"Filter": "((p_name)::text ~~ '%beige%'::text)","Rows Removed by Filter": 63041,"Workers": []},{"Node Type": "Index Scan","Parent Relationship": "Inner","Parallel Aware": false,"Async Capable": false,"Scan Direction": "Forward","Index Name": "idx_partsupp_partkey","Relation Name": "partsupp","Alias": "partsupp","Startup Cost": 0.42,"Total Cost": 4.34,"Plan Rows": 4,"Plan Width": 14,"Actual Startup Time": 0.014,"Actual Total Time": 0.017,"Actual Rows": 4,"Actual Loops": 10876,"Index Cond": "(ps_partkey = part.p_partkey)","Rows Removed by Index Recheck": 0,"Workers": []}]},{"Node Type": "Index Scan","Parent Relationship": "Inner","Parallel Aware": false,"Async Capable": false,"Scan Direction": "Forward","Index Name": "idx_lineitem_part_supp","Relation Name": "lineitem","Alias": "lineitem","Startup Cost": 0.43,"Total Cost": 1.05,"Plan Rows": 1,"Plan Width": 29,"Actual Startup Time": 0.007,"Actual Total Time": 0.047,"Actual Rows": 7,"Actual Loops": 43504,"Index Cond": "((l_partkey = partsupp.ps_partkey) AND (l_suppkey = partsupp.ps_suppkey))","Rows Removed by Index Recheck": 0,"Workers": []}]},{"Node Type": "Index Scan","Parent Relationship": "Inner","Parallel Aware": false,"Async Capable": false,"Scan Direction": "Forward","Index Name": "supplier_pkey","Relation Name": "supplier","Alias": "supplier","Startup Cost": 0.29,"Total Cost": 0.30,"Plan Rows": 1,"Plan Width": 8,"Actual Startup Time": 0.001,"Actual Total Time": 0.001,"Actual Rows": 1,"Actual Loops": 326272,"Index Cond": "(s_suppkey = lineitem.l_suppkey)","Rows Removed by Index Recheck": 0,"Workers": []}]},{"Node Type": "Index Scan","Parent Relationship": "Inner","Parallel Aware": false,"Async Capable": false,"Scan Direction": "Forward","Index Name": "orders_pkey","Relation Name": "orders","Alias": "orders","Startup Cost": 0.43,"Total Cost": 0.47,"Plan Rows": 1,"Plan Width": 8,"Actual Startup Time": 0.010,"Actual Total Time": 0.010,"Actual Rows": 1,"Actual Loops": 326272,"Index Cond": "(o_orderkey = lineitem.l_orderkey)","Rows Removed by Index Recheck": 0,"Workers": []}]},{"Node Type": "Hash","Parent Relationship": "Inner","Parallel Aware": false,"Async Capable": false,"Startup Cost": 1.25,"Total Cost": 1.25,"Plan Rows": 25,"Plan Width": 108,"Actual Startup Time": 0.080,"Actual Total Time": 0.089,"Actual Rows": 25,"Actual Loops": 3,"Hash Buckets": 1024,"Original Hash Buckets": 1024,"Hash Batches": 1,"Original Hash Batches": 1,"Peak Memory Usage": 10,"Workers": [],"Plans": [{"Node Type": "Seq Scan","Parent Relationship": "Outer","Parallel Aware": false,"Async Capable": false,"Relation Name": "nation","Alias": "nation","Startup Cost": 0.00,"Total Cost": 1.25,"Plan Rows": 25,"Plan Width": 108,"Actual Startup Time": 0.061,"Actual Total Time": 0.065,"Actual Rows": 25,"Actual Loops": 3,"Workers": []}]}]}]}]}]}]},"Planning Time": 11.872,"Triggers": [],"Execution Time": 2543.621}]
[{"Plan": {"Node Type": "Aggregate","Strategy": "Sorted","Partial Mode": "Finalize","Parallel Aware": false,"Async Capable": false,"Startup Cost": 47355.08,"Total Cost": 47374.71,"Plan Rows": 146,"Plan Width": 168,"Actual Startup Time": 2445.844,"Actual Total Time": 2574.849,"Actual Rows": 175,"Actual Loops": 1,"Group Key": ["nation.n_name", "(EXTRACT(year FROM orders.o_orderdate))"],"Plans": [{"Node Type": "Gather Merge","Parent Relationship": "Outer","Parallel Aware": false,"Async Capable": false,"Startup Cost": 47355.08,"Total Cost": 47371.30,"Plan Rows": 122,"Plan Width": 168,"Actual Startup Time": 2444.252,"Actual Total Time": 2574.439,"Actual Rows": 525,"Actual Loops": 1,"Workers Planned": 2,"Workers Launched": 2,"Plans": [{"Node Type": "Aggregate","Strategy": "Sorted","Partial Mode": "Partial","Parent Relationship": "Outer","Parallel Aware": false,"Async Capable": false,"Startup Cost": 46355.06,"Total Cost": 46357.20,"Plan Rows": 61,"Plan Width": 168,"Actual Startup Time": 2336.398,"Actual Total Time": 2469.030,"Actual Rows": 175,"Actual Loops": 3,"Group Key": ["nation.n_name", "(EXTRACT(year FROM orders.o_orderdate))"],"Workers": [],"Plans": [{"Node Type": "Sort","Parent Relationship": "Outer","Parallel Aware": false,"Async Capable": false,"Startup Cost": 46355.06,"Total Cost": 46355.21,"Plan Rows": 61,"Plan Width": 159,"Actual Startup Time": 2335.736,"Actual Total Time": 2381.738,"Actual Rows": 108835,"Actual Loops": 3,"Sort Key": ["nation.n_name", "(EXTRACT(year FROM orders.o_orderdate)) DESC"],"Sort Method": "quicksort","Sort Space Used": 14665,"Sort Space Type": "Memory","Workers": [{"Worker Number": 0,"Sort Method": "quicksort","Sort Space Used": 13491,"Sort Space Type": "Memory"},{"Worker Number": 1,"Sort Method": "quicksort","Sort Space Used": 13578,"Sort Space Type": "Memory"}],"Plans": [{"Node Type": "Hash Join","Parent Relationship": "Outer","Parallel Aware": false,"Async Capable": false,"Join Type": "Inner","Startup Cost": 3.13,"Total Cost": 46353.25,"Plan Rows": 61,"Plan Width": 159,"Actual Startup Time": 0.801,"Actual Total Time": 2189.937,"Actual Rows": 108835,"Actual Loops": 3,"Inner Unique": true,"Hash Cond": "(supplier.s_nationkey = nation.n_nationkey)","Workers": [],"Plans": [{"Node Type": "Nested Loop","Parent Relationship": "Outer","Parallel Aware": false,"Async Capable": false,"Join Type": "Inner","Startup Cost": 1.57,"Total Cost": 46351.35,"Plan Rows": 61,"Plan Width": 31,"Actual Startup Time": 0.594,"Actual Total Time": 2158.852,"Actual Rows": 108835,"Actual Loops": 3,"Inner Unique": true,"Workers": [],"Plans": [{"Node Type": "Nested Loop","Parent Relationship": "Outer","Parallel Aware": false,"Async Capable": false,"Join Type": "Inner","Startup Cost": 1.14,"Total Cost": 46322.98,"Plan Rows": 61,"Plan Width": 31,"Actual Startup Time": 0.453,"Actual Total Time": 1007.952,"Actual Rows": 108835,"Actual Loops": 3,"Inner Unique": true,"Workers": [],"Plans": [{"Node Type": "Nested Loop","Parent Relationship": "Outer","Parallel Aware": false,"Async Capable": false,"Join Type": "Inner","Startup Cost": 0.86,"Total Cost": 46304.52,"Plan Rows": 61,"Plan Width": 35,"Actual Startup Time": 0.346,"Actual Total Time": 822.076,"Actual Rows": 108835,"Actual Loops": 3,"Inner Unique": false,"Workers": [],"Plans": [{"Node Type": "Nested Loop","Parent Relationship": "Outer","Parallel Aware": false,"Async Capable": false,"Join Type": "Inner","Startup Cost": 0.42,"Total Cost": 24846.16,"Plan Rows": 20202,"Plan Width": 18,"Actual Startup Time": 0.223,"Actual Total Time": 115.712,"Actual Rows": 14532,"Actual Loops": 3,"Inner Unique": false,"Workers": [],"Plans": [{"Node Type": "Seq Scan","Parent Relationship": "Outer","Parallel Aware": true,"Async Capable": false,"Relation Name": "part","Alias": "part","Startup Cost": 0.00,"Total Cost": 5138.67,"Plan Rows": 5051,"Plan Width": 4,"Actual Startup Time": 0.063,"Actual Total Time": 49.661,"Actual Rows": 3633,"Actual Loops": 3,"Filter": "((p_name)::text ~~ '%dim%'::text)","Rows Removed by Filter": 63034,"Workers": []},{"Node Type": "Index Scan","Parent Relationship": "Inner","Parallel Aware": false,"Async Capable": false,"Scan Direction": "Forward","Index Name": "idx_partsupp_partkey","Relation Name": "partsupp","Alias": "partsupp","Startup Cost": 0.42,"Total Cost": 3.86,"Plan Rows": 4,"Plan Width": 14,"Actual Startup Time": 0.014,"Actual Total Time": 0.017,"Actual Rows": 4,"Actual Loops": 10899,"Index Cond": "(ps_partkey = part.p_partkey)","Rows Removed by Index Recheck": 0,"Workers": []}]},{"Node Type": "Index Scan","Parent Relationship": "Inner","Parallel Aware": false,"Async Capable": false,"Scan Direction": "Forward","Index Name": "idx_lineitem_part_supp","Relation Name": "lineitem","Alias": "lineitem","Startup Cost": 0.43,"Total Cost": 1.05,"Plan Rows": 1,"Plan Width": 29,"Actual Startup Time": 0.007,"Actual Total Time": 0.047,"Actual Rows": 7,"Actual Loops": 43596,"Index Cond": "((l_partkey = partsupp.ps_partkey) AND (l_suppkey = partsupp.ps_suppkey))","Rows Removed by Index Recheck": 0,"Workers": []}]},{"Node Type": "Index Scan","Parent Relationship": "Inner","Parallel Aware": false,"Async Capable": false,"Scan Direction": "Forward","Index Name": "supplier_pkey","Relation Name": "supplier","Alias": "supplier","Startup Cost": 0.29,"Total Cost": 0.30,"Plan Rows": 1,"Plan Width": 8,"Actual Startup Time": 0.001,"Actual Total Time": 0.001,"Actual Rows": 1,"Actual Loops": 326506,"Index Cond": "(s_suppkey = lineitem.l_suppkey)","Rows Removed by Index Recheck": 0,"Workers": []}]},{"Node Type": "Index Scan","Parent Relationship": "Inner","Parallel Aware": false,"Async Capable": false,"Scan Direction": "Forward","Index Name": "orders_pkey","Relation Name": "orders","Alias": "orders","Startup Cost": 0.43,"Total Cost": 0.47,"Plan Rows": 1,"Plan Width": 8,"Actual Startup Time": 0.010,"Actual Total Time": 0.010,"Actual Rows": 1,"Actual Loops": 326506,"Index Cond": "(o_orderkey = lineitem.l_orderkey)","Rows Removed by Index Recheck": 0,"Workers": []}]},{"Node Type": "Hash","Parent Relationship": "Inner","Parallel Aware": false,"Async Capable": false,"Startup Cost": 1.25,"Total Cost": 1.25,"Plan Rows": 25,"Plan Width": 108,"Actual Startup Time": 0.092,"Actual Total Time": 0.102,"Actual Rows": 25,"Actual Loops": 3,"Hash Buckets": 1024,"Original Hash Buckets": 1024,"Hash Batches": 1,"Original Hash Batches": 1,"Peak Memory Usage": 10,"Workers": [],"Plans": [{"Node Type": "Seq Scan","Parent Relationship": "Outer","Parallel Aware": false,"Async Capable": false,"Relation Name": "nation","Alias": "nation","Startup Cost": 0.00,"Total Cost": 1.25,"Plan Rows": 25,"Plan Width": 108,"Actual Startup Time": 0.060,"Actual Total Time": 0.067,"Actual Rows": 25,"Actual Loops": 3,"Workers": []}]}]}]}]}]}]},"Planning Time": 12.111,"Triggers": [],"Execution Time": 2577.900}]
[{"Plan": {"Node Type": "Aggregate","Strategy": "Sorted","Partial Mode": "Finalize","Parallel Aware": false,"Async Capable": false,"Startup Cost": 47355.08,"Total Cost": 47374.71,"Plan Rows": 146,"Plan Width": 168,"Actual Startup Time": 2451.743,"Actual Total Time": 2638.486,"Actual Rows": 175,"Actual Loops": 1,"Group Key": ["nation.n_name", "(EXTRACT(year FROM orders.o_orderdate))"],"Plans": [{"Node Type": "Gather Merge","Parent Relationship": "Outer","Parallel Aware": false,"Async Capable": false,"Startup Cost": 47355.08,"Total Cost": 47371.30,"Plan Rows": 122,"Plan Width": 168,"Actual Startup Time": 2450.259,"Actual Total Time": 2637.961,"Actual Rows": 525,"Actual Loops": 1,"Workers Planned": 2,"Workers Launched": 2,"Plans": [{"Node Type": "Aggregate","Strategy": "Sorted","Partial Mode": "Partial","Parent Relationship": "Outer","Parallel Aware": false,"Async Capable": false,"Startup Cost": 46355.06,"Total Cost": 46357.20,"Plan Rows": 61,"Plan Width": 168,"Actual Startup Time": 2354.615,"Actual Total Time": 2507.212,"Actual Rows": 175,"Actual Loops": 3,"Group Key": ["nation.n_name", "(EXTRACT(year FROM orders.o_orderdate))"],"Workers": [],"Plans": [{"Node Type": "Sort","Parent Relationship": "Outer","Parallel Aware": false,"Async Capable": false,"Startup Cost": 46355.06,"Total Cost": 46355.21,"Plan Rows": 61,"Plan Width": 159,"Actual Startup Time": 2354.072,"Actual Total Time": 2412.065,"Actual Rows": 109898,"Actual Loops": 3,"Sort Key": ["nation.n_name", "(EXTRACT(year FROM orders.o_orderdate)) DESC"],"Sort Method": "quicksort","Sort Space Used": 14665,"Sort Space Type": "Memory","Workers": [{"Worker Number": 0,"Sort Method": "quicksort","Sort Space Used": 13702,"Sort Space Type": "Memory"},{"Worker Number": 1,"Sort Method": "quicksort","Sort Space Used": 13674,"Sort Space Type": "Memory"}],"Plans": [{"Node Type": "Hash Join","Parent Relationship": "Outer","Parallel Aware": false,"Async Capable": false,"Join Type": "Inner","Startup Cost": 3.13,"Total Cost": 46353.25,"Plan Rows": 61,"Plan Width": 159,"Actual Startup Time": 0.557,"Actual Total Time": 2207.182,"Actual Rows": 109898,"Actual Loops": 3,"Inner Unique": true,"Hash Cond": "(supplier.s_nationkey = nation.n_nationkey)","Workers": [],"Plans": [{"Node Type": "Nested Loop","Parent Relationship": "Outer","Parallel Aware": false,"Async Capable": false,"Join Type": "Inner","Startup Cost": 1.57,"Total Cost": 46351.35,"Plan Rows": 61,"Plan Width": 31,"Actual Startup Time": 0.414,"Actual Total Time": 2175.294,"Actual Rows": 109898,"Actual Loops": 3,"Inner Unique": true,"Workers": [],"Plans": [{"Node Type": "Nested Loop","Parent Relationship": "Outer","Parallel Aware": false,"Async Capable": false,"Join Type": "Inner","Startup Cost": 1.14,"Total Cost": 46322.98,"Plan Rows": 61,"Plan Width": 31,"Actual Startup Time": 0.310,"Actual Total Time": 1011.624,"Actual Rows": 109898,"Actual Loops": 3,"Inner Unique": true,"Workers": [],"Plans": [{"Node Type": "Nested Loop","Parent Relationship": "Outer","Parallel Aware": false,"Async Capable": false,"Join Type": "Inner","Startup Cost": 0.86,"Total Cost": 46304.52,"Plan Rows": 61,"Plan Width": 35,"Actual Startup Time": 0.236,"Actual Total Time": 825.175,"Actual Rows": 109898,"Actual Loops": 3,"Inner Unique": false,"Workers": [],"Plans": [{"Node Type": "Nested Loop","Parent Relationship": "Outer","Parallel Aware": false,"Async Capable": false,"Join Type": "Inner","Startup Cost": 0.42,"Total Cost": 24846.16,"Plan Rows": 20202,"Plan Width": 18,"Actual Startup Time": 0.137,"Actual Total Time": 114.423,"Actual Rows": 14635,"Actual Loops": 3,"Inner Unique": false,"Workers": [],"Plans": [{"Node Type": "Seq Scan","Parent Relationship": "Outer","Parallel Aware": true,"Async Capable": false,"Relation Name": "part","Alias": "part","Startup Cost": 0.00,"Total Cost": 5138.67,"Plan Rows": 5051,"Plan Width": 4,"Actual Startup Time": 0.046,"Actual Total Time": 48.394,"Actual Rows": 3659,"Actual Loops": 3,"Filter": "((p_name)::text ~~ '%brown%'::text)","Rows Removed by Filter": 63008,"Workers": []},{"Node Type": "Index Scan","Parent Relationship": "Inner","Parallel Aware": false,"Async Capable": false,"Scan Direction": "Forward","Index Name": "idx_partsupp_partkey","Relation Name": "partsupp","Alias": "partsupp","Startup Cost": 0.42,"Total Cost": 3.86,"Plan Rows": 4,"Plan Width": 14,"Actual Startup Time": 0.014,"Actual Total Time": 0.017,"Actual Rows": 4,"Actual Loops": 10976,"Index Cond": "(ps_partkey = part.p_partkey)","Rows Removed by Index Recheck": 0,"Workers": []}]},{"Node Type": "Index Scan","Parent Relationship": "Inner","Parallel Aware": false,"Async Capable": false,"Scan Direction": "Forward","Index Name": "idx_lineitem_part_supp","Relation Name": "lineitem","Alias": "lineitem","Startup Cost": 0.43,"Total Cost": 1.05,"Plan Rows": 1,"Plan Width": 29,"Actual Startup Time": 0.007,"Actual Total Time": 0.047,"Actual Rows": 8,"Actual Loops": 43904,"Index Cond": "((l_partkey = partsupp.ps_partkey) AND (l_suppkey = partsupp.ps_suppkey))","Rows Removed by Index Recheck": 0,"Workers": []}]},{"Node Type": "Index Scan","Parent Relationship": "Inner","Parallel Aware": false,"Async Capable": false,"Scan Direction": "Forward","Index Name": "supplier_pkey","Relation Name": "supplier","Alias": "supplier","Startup Cost": 0.29,"Total Cost": 0.30,"Plan Rows": 1,"Plan Width": 8,"Actual Startup Time": 0.001,"Actual Total Time": 0.001,"Actual Rows": 1,"Actual Loops": 329693,"Index Cond": "(s_suppkey = lineitem.l_suppkey)","Rows Removed by Index Recheck": 0,"Workers": []}]},{"Node Type": "Index Scan","Parent Relationship": "Inner","Parallel Aware": false,"Async Capable": false,"Scan Direction": "Forward","Index Name": "orders_pkey","Relation Name": "orders","Alias": "orders","Startup Cost": 0.43,"Total Cost": 0.47,"Plan Rows": 1,"Plan Width": 8,"Actual Startup Time": 0.010,"Actual Total Time": 0.010,"Actual Rows": 1,"Actual Loops": 329693,"Index Cond": "(o_orderkey = lineitem.l_orderkey)","Rows Removed by Index Recheck": 0,"Workers": []}]},{"Node Type": "Hash","Parent Relationship": "Inner","Parallel Aware": false,"Async Capable": false,"Startup Cost": 1.25,"Total Cost": 1.25,"Plan Rows": 25,"Plan Width": 108,"Actual Startup Time": 0.066,"Actual Total Time": 0.074,"Actual Rows": 25,"Actual Loops": 3,"Hash Buckets": 1024,"Original Hash Buckets": 1024,"Hash Batches": 1,"Original Hash Batches": 1,"Peak Memory Usage": 10,"Workers": [],"Plans": [{"Node Type": "Seq Scan","Parent Relationship": "Outer","Parallel Aware": false,"Async Capable": false,"Relation Name": "nation","Alias": "nation","Startup Cost": 0.00,"Total Cost": 1.25,"Plan Rows": 25,"Plan Width": 108,"Actual Startup Time": 0.044,"Actual Total Time": 0.048,"Actual Rows": 25,"Actual Loops": 3,"Workers": []}]}]}]}]}]}]},"Planning Time": 12.167,"Triggers": [],"Execution Time": 2641.371}]
[{"Plan": {"Node Type": "Aggregate","Strategy": "Sorted","Partial Mode": "Finalize","Parallel Aware": false,"Async Capable": false,"Startup Cost": 15191.58,"Total Cost": 15194.80,"Plan Rows": 24,"Plan Width": 168,"Actual Startup Time": 2525.897,"Actual Total Time": 2655.198,"Actual Rows": 175,"Actual Loops": 1,"Group Key": ["nation.n_name", "(EXTRACT(year FROM orders.o_orderdate))"],"Plans": [{"Node Type": "Gather Merge","Parent Relationship": "Outer","Parallel Aware": false,"Async Capable": false,"Startup Cost": 15191.58,"Total Cost": 15194.24,"Plan Rows": 20,"Plan Width": 168,"Actual Startup Time": 2524.969,"Actual Total Time": 2654.657,"Actual Rows": 525,"Actual Loops": 1,"Workers Planned": 2,"Workers Launched": 2,"Plans": [{"Node Type": "Aggregate","Strategy": "Sorted","Partial Mode": "Partial","Parent Relationship": "Outer","Parallel Aware": false,"Async Capable": false,"Startup Cost": 14191.56,"Total Cost": 14191.91,"Plan Rows": 10,"Plan Width": 168,"Actual Startup Time": 2430.723,"Actual Total Time": 2561.950,"Actual Rows": 175,"Actual Loops": 3,"Group Key": ["nation.n_name", "(EXTRACT(year FROM orders.o_orderdate))"],"Workers": [],"Plans": [{"Node Type": "Sort","Parent Relationship": "Outer","Parallel Aware": false,"Async Capable": false,"Startup Cost": 14191.56,"Total Cost": 14191.59,"Plan Rows": 10,"Plan Width": 159,"Actual Startup Time": 2430.120,"Actual Total Time": 2476.960,"Actual Rows": 108589,"Actual Loops": 3,"Sort Key": ["nation.n_name", "(EXTRACT(year FROM orders.o_orderdate)) DESC"],"Sort Method": "quicksort","Sort Space Used": 14616,"Sort Space Type": "Memory","Workers": [{"Worker Number": 0,"Sort Method": "quicksort","Sort Space Used": 13490,"Sort Space Type": "Memory"},{"Worker Number": 1,"Sort Method": "quicksort","Sort Space Used": 13544,"Sort Space Type": "Memory"}],"Plans": [{"Node Type": "Nested Loop","Parent Relationship": "Outer","Parallel Aware": false,"Async Capable": false,"Join Type": "Inner","Startup Cost": 1.71,"Total Cost": 14191.39,"Plan Rows": 10,"Plan Width": 159,"Actual Startup Time": 0.520,"Actual Total Time": 2284.263,"Actual Rows": 108589,"Actual Loops": 3,"Inner Unique": true,"Workers": [],"Plans": [{"Node Type": "Nested Loop","Parent Relationship": "Outer","Parallel Aware": false,"Async Capable": false,"Join Type": "Inner","Startup Cost": 1.57,"Total Cost": 14189.81,"Plan Rows": 10,"Plan Width": 31,"Actual Startup Time": 0.447,"Actual Total Time": 2128.732,"Actual Rows": 108589,"Actual Loops": 3,"Inner Unique": true,"Workers": [],"Plans": [{"Node Type": "Nested Loop","Parent Relationship": "Outer","Parallel Aware": false,"Async Capable": false,"Join Type": "Inner","Startup Cost": 1.14,"Total Cost": 14185.15,"Plan Rows": 10,"Plan Width": 31,"Actual Startup Time": 0.332,"Actual Total Time": 981.846,"Actual Rows": 108589,"Actual Loops": 3,"Inner Unique": true,"Workers": [],"Plans": [{"Node Type": "Nested Loop","Parent Relationship": "Outer","Parallel Aware": false,"Async Capable": false,"Join Type": "Inner","Startup Cost": 0.86,"Total Cost": 14182.13,"Plan Rows": 10,"Plan Width": 35,"Actual Startup Time": 0.262,"Actual Total Time": 792.480,"Actual Rows": 108589,"Actual Loops": 3,"Inner Unique": false,"Workers": [],"Plans": [{"Node Type": "Nested Loop","Parent Relationship": "Outer","Parallel Aware": false,"Async Capable": false,"Join Type": "Inner","Startup Cost": 0.42,"Total Cost": 10605.73,"Plan Rows": 3367,"Plan Width": 18,"Actual Startup Time": 0.162,"Actual Total Time": 118.025,"Actual Rows": 14513,"Actual Loops": 3,"Inner Unique": false,"Workers": [],"Plans": [{"Node Type": "Seq Scan","Parent Relationship": "Outer","Parallel Aware": true,"Async Capable": false,"Relation Name": "part","Alias": "part","Startup Cost": 0.00,"Total Cost": 5138.67,"Plan Rows": 842,"Plan Width": 4,"Actual Startup Time": 0.049,"Actual Total Time": 48.677,"Actual Rows": 3628,"Actual Loops": 3,"Filter": "((p_name)::text ~~ '%white%'::text)","Rows Removed by Filter": 63038,"Workers": []},{"Node Type": "Index Scan","Parent Relationship": "Inner","Parallel Aware": false,"Async Capable": false,"Scan Direction": "Forward","Index Name": "idx_partsupp_partkey","Relation Name": "partsupp","Alias": "partsupp","Startup Cost": 0.42,"Total Cost": 6.45,"Plan Rows": 4,"Plan Width": 14,"Actual Startup Time": 0.013,"Actual Total Time": 0.018,"Actual Rows": 4,"Actual Loops": 10885,"Index Cond": "(ps_partkey = part.p_partkey)","Rows Removed by Index Recheck": 0,"Workers": []}]},{"Node Type": "Index Scan","Parent Relationship": "Inner","Parallel Aware": false,"Async Capable": false,"Scan Direction": "Forward","Index Name": "idx_lineitem_part_supp","Relation Name": "lineitem","Alias": "lineitem","Startup Cost": 0.43,"Total Cost": 1.05,"Plan Rows": 1,"Plan Width": 29,"Actual Startup Time": 0.007,"Actual Total Time": 0.045,"Actual Rows": 7,"Actual Loops": 43540,"Index Cond": "((l_partkey = partsupp.ps_partkey) AND (l_suppkey = partsupp.ps_suppkey))","Rows Removed by Index Recheck": 0,"Workers": []}]},{"Node Type": "Index Scan","Parent Relationship": "Inner","Parallel Aware": false,"Async Capable": false,"Scan Direction": "Forward","Index Name": "supplier_pkey","Relation Name": "supplier","Alias": "supplier","Startup Cost": 0.29,"Total Cost": 0.30,"Plan Rows": 1,"Plan Width": 8,"Actual Startup Time": 0.001,"Actual Total Time": 0.001,"Actual Rows": 1,"Actual Loops": 325768,"Index Cond": "(s_suppkey = lineitem.l_suppkey)","Rows Removed by Index Recheck": 0,"Workers": []}]},{"Node Type": "Index Scan","Parent Relationship": "Inner","Parallel Aware": false,"Async Capable": false,"Scan Direction": "Forward","Index Name": "orders_pkey","Relation Name": "orders","Alias": "orders","Startup Cost": 0.43,"Total Cost": 0.47,"Plan Rows": 1,"Plan Width": 8,"Actual Startup Time": 0.010,"Actual Total Time": 0.010,"Actual Rows": 1,"Actual Loops": 325768,"Index Cond": "(o_orderkey = lineitem.l_orderkey)","Rows Removed by Index Recheck": 0,"Workers": []}]},{"Node Type": "Index Scan","Parent Relationship": "Inner","Parallel Aware": false,"Async Capable": false,"Scan Direction": "Forward","Index Name": "nation_pkey","Relation Name": "nation","Alias": "nation","Startup Cost": 0.14,"Total Cost": 0.16,"Plan Rows": 1,"Plan Width": 108,"Actual Startup Time": 0.001,"Actual Total Time": 0.001,"Actual Rows": 1,"Actual Loops": 325768,"Index Cond": "(n_nationkey = supplier.s_nationkey)","Rows Removed by Index Recheck": 0,"Workers": []}]}]}]}]}]},"Planning Time": 12.167,"Triggers": [],"Execution Time": 2657.009}]
[{"Plan": {"Node Type": "Aggregate","Strategy": "Sorted","Partial Mode": "Finalize","Parallel Aware": false,"Async Capable": false,"Startup Cost": 35224.41,"Total Cost": 35237.30,"Plan Rows": 97,"Plan Width": 168,"Actual Startup Time": 2475.030,"Actual Total Time": 2611.476,"Actual Rows": 175,"Actual Loops": 1,"Group Key": ["nation.n_name", "(EXTRACT(year FROM orders.o_orderdate))"],"Plans": [{"Node Type": "Gather Merge","Parent Relationship": "Outer","Parallel Aware": false,"Async Capable": false,"Startup Cost": 35224.41,"Total Cost": 35235.05,"Plan Rows": 80,"Plan Width": 168,"Actual Startup Time": 2473.086,"Actual Total Time": 2611.014,"Actual Rows": 525,"Actual Loops": 1,"Workers Planned": 2,"Workers Launched": 2,"Plans": [{"Node Type": "Aggregate","Strategy": "Sorted","Partial Mode": "Partial","Parent Relationship": "Outer","Parallel Aware": false,"Async Capable": false,"Startup Cost": 34224.39,"Total Cost": 34225.79,"Plan Rows": 40,"Plan Width": 168,"Actual Startup Time": 2358.545,"Actual Total Time": 2496.070,"Actual Rows": 175,"Actual Loops": 3,"Group Key": ["nation.n_name", "(EXTRACT(year FROM orders.o_orderdate))"],"Workers": [],"Plans": [{"Node Type": "Sort","Parent Relationship": "Outer","Parallel Aware": false,"Async Capable": false,"Startup Cost": 34224.39,"Total Cost": 34224.49,"Plan Rows": 40,"Plan Width": 159,"Actual Startup Time": 2357.894,"Actual Total Time": 2405.981,"Actual Rows": 109457,"Actual Loops": 3,"Sort Key": ["nation.n_name", "(EXTRACT(year FROM orders.o_orderdate)) DESC"],"Sort Method": "quicksort","Sort Space Used": 13828,"Sort Space Type": "Memory","Workers": [{"Worker Number": 0,"Sort Method": "quicksort","Sort Space Used": 14027,"Sort Space Type": "Memory"},{"Worker Number": 1,"Sort Method": "quicksort","Sort Space Used": 14059,"Sort Space Type": "Memory"}],"Plans": [{"Node Type": "Hash Join","Parent Relationship": "Outer","Parallel Aware": false,"Async Capable": false,"Join Type": "Inner","Startup Cost": 3.13,"Total Cost": 34223.32,"Plan Rows": 40,"Plan Width": 159,"Actual Startup Time": 0.738,"Actual Total Time": 2199.375,"Actual Rows": 109457,"Actual Loops": 3,"Inner Unique": true,"Hash Cond": "(supplier.s_nationkey = nation.n_nationkey)","Workers": [],"Plans": [{"Node Type": "Nested Loop","Parent Relationship": "Outer","Parallel Aware": false,"Async Capable": false,"Join Type": "Inner","Startup Cost": 1.57,"Total Cost": 34221.53,"Plan Rows": 40,"Plan Width": 31,"Actual Startup Time": 0.531,"Actual Total Time": 2166.679,"Actual Rows": 109457,"Actual Loops": 3,"Inner Unique": true,"Workers": [],"Plans": [{"Node Type": "Nested Loop","Parent Relationship": "Outer","Parallel Aware": false,"Async Capable": false,"Join Type": "Inner","Startup Cost": 1.14,"Total Cost": 34202.93,"Plan Rows": 40,"Plan Width": 31,"Actual Startup Time": 0.420,"Actual Total Time": 1001.631,"Actual Rows": 109457,"Actual Loops": 3,"Inner Unique": true,"Workers": [],"Plans": [{"Node Type": "Nested Loop","Parent Relationship": "Outer","Parallel Aware": false,"Async Capable": false,"Join Type": "Inner","Startup Cost": 0.86,"Total Cost": 34190.82,"Plan Rows": 40,"Plan Width": 35,"Actual Startup Time": 0.331,"Actual Total Time": 814.444,"Actual Rows": 109457,"Actual Loops": 3,"Inner Unique": false,"Workers": [],"Plans": [{"Node Type": "Nested Loop","Parent Relationship": "Outer","Parallel Aware": false,"Async Capable": false,"Join Type": "Inner","Startup Cost": 0.42,"Total Cost": 19885.25,"Plan Rows": 13468,"Plan Width": 18,"Actual Startup Time": 0.213,"Actual Total Time": 119.220,"Actual Rows": 14609,"Actual Loops": 3,"Inner Unique": false,"Workers": [],"Plans": [{"Node Type": "Seq Scan","Parent Relationship": "Outer","Parallel Aware": true,"Async Capable": false,"Relation Name": "part","Alias": "part","Startup Cost": 0.00,"Total Cost": 5138.67,"Plan Rows": 3367,"Plan Width": 4,"Actual Startup Time": 0.050,"Actual Total Time": 50.628,"Actual Rows": 3652,"Actual Loops": 3,"Filter": "((p_name)::text ~~ '%chocolate%'::text)","Rows Removed by Filter": 63014,"Workers": []},{"Node Type": "Index Scan","Parent Relationship": "Inner","Parallel Aware": false,"Async Capable": false,"Scan Direction": "Forward","Index Name": "idx_partsupp_partkey","Relation Name": "partsupp","Alias": "partsupp","Startup Cost": 0.42,"Total Cost": 4.34,"Plan Rows": 4,"Plan Width": 14,"Actual Startup Time": 0.014,"Actual Total Time": 0.018,"Actual Rows": 4,"Actual Loops": 10957,"Index Cond": "(ps_partkey = part.p_partkey)","Rows Removed by Index Recheck": 0,"Workers": []}]},{"Node Type": "Index Scan","Parent Relationship": "Inner","Parallel Aware": false,"Async Capable": false,"Scan Direction": "Forward","Index Name": "idx_lineitem_part_supp","Relation Name": "lineitem","Alias": "lineitem","Startup Cost": 0.43,"Total Cost": 1.05,"Plan Rows": 1,"Plan Width": 29,"Actual Startup Time": 0.007,"Actual Total Time": 0.046,"Actual Rows": 7,"Actual Loops": 43828,"Index Cond": "((l_partkey = partsupp.ps_partkey) AND (l_suppkey = partsupp.ps_suppkey))","Rows Removed by Index Recheck": 0,"Workers": []}]},{"Node Type": "Index Scan","Parent Relationship": "Inner","Parallel Aware": false,"Async Capable": false,"Scan Direction": "Forward","Index Name": "supplier_pkey","Relation Name": "supplier","Alias": "supplier","Startup Cost": 0.29,"Total Cost": 0.30,"Plan Rows": 1,"Plan Width": 8,"Actual Startup Time": 0.001,"Actual Total Time": 0.001,"Actual Rows": 1,"Actual Loops": 328370,"Index Cond": "(s_suppkey = lineitem.l_suppkey)","Rows Removed by Index Recheck": 0,"Workers": []}]},{"Node Type": "Index Scan","Parent Relationship": "Inner","Parallel Aware": false,"Async Capable": false,"Scan Direction": "Forward","Index Name": "orders_pkey","Relation Name": "orders","Alias": "orders","Startup Cost": 0.43,"Total Cost": 0.47,"Plan Rows": 1,"Plan Width": 8,"Actual Startup Time": 0.010,"Actual Total Time": 0.010,"Actual Rows": 1,"Actual Loops": 328370,"Index Cond": "(o_orderkey = lineitem.l_orderkey)","Rows Removed by Index Recheck": 0,"Workers": []}]},{"Node Type": "Hash","Parent Relationship": "Inner","Parallel Aware": false,"Async Capable": false,"Startup Cost": 1.25,"Total Cost": 1.25,"Plan Rows": 25,"Plan Width": 108,"Actual Startup Time": 0.103,"Actual Total Time": 0.114,"Actual Rows": 25,"Actual Loops": 3,"Hash Buckets": 1024,"Original Hash Buckets": 1024,"Hash Batches": 1,"Original Hash Batches": 1,"Peak Memory Usage": 10,"Workers": [],"Plans": [{"Node Type": "Seq Scan","Parent Relationship": "Outer","Parallel Aware": false,"Async Capable": false,"Relation Name": "nation","Alias": "nation","Startup Cost": 0.00,"Total Cost": 1.25,"Plan Rows": 25,"Plan Width": 108,"Actual Startup Time": 0.070,"Actual Total Time": 0.076,"Actual Rows": 25,"Actual Loops": 3,"Workers": []}]}]}]}]}]}]},"Planning Time": 11.795,"Triggers": [],"Execution Time": 2613.200}]
[{"Plan": {"Node Type": "Aggregate","Strategy": "Sorted","Partial Mode": "Finalize","Parallel Aware": false,"Async Capable": false,"Startup Cost": 41381.04,"Total Cost": 41397.45,"Plan Rows": 122,"Plan Width": 168,"Actual Startup Time": 2380.288,"Actual Total Time": 2510.252,"Actual Rows": 175,"Actual Loops": 1,"Group Key": ["nation.n_name", "(EXTRACT(year FROM orders.o_orderdate))"],"Plans": [{"Node Type": "Gather Merge","Parent Relationship": "Outer","Parallel Aware": false,"Async Capable": false,"Startup Cost": 41381.04,"Total Cost": 41394.60,"Plan Rows": 102,"Plan Width": 168,"Actual Startup Time": 2378.432,"Actual Total Time": 2509.752,"Actual Rows": 525,"Actual Loops": 1,"Workers Planned": 2,"Workers Launched": 2,"Plans": [{"Node Type": "Aggregate","Strategy": "Sorted","Partial Mode": "Partial","Parent Relationship": "Outer","Parallel Aware": false,"Async Capable": false,"Startup Cost": 40381.01,"Total Cost": 40382.80,"Plan Rows": 51,"Plan Width": 168,"Actual Startup Time": 2272.614,"Actual Total Time": 2386.654,"Actual Rows": 175,"Actual Loops": 3,"Group Key": ["nation.n_name", "(EXTRACT(year FROM orders.o_orderdate))"],"Workers": [],"Plans": [{"Node Type": "Sort","Parent Relationship": "Outer","Parallel Aware": false,"Async Capable": false,"Startup Cost": 40381.01,"Total Cost": 40381.14,"Plan Rows": 51,"Plan Width": 159,"Actual Startup Time": 2272.019,"Actual Total Time": 2308.245,"Actual Rows": 106740,"Actual Loops": 3,"Sort Key": ["nation.n_name", "(EXTRACT(year FROM orders.o_orderdate)) DESC"],"Sort Method": "quicksort","Sort Space Used": 13794,"Sort Space Type": "Memory","Workers": [{"Worker Number": 0,"Sort Method": "quicksort","Sort Space Used": 13998,"Sort Space Type": "Memory"},{"Worker Number": 1,"Sort Method": "quicksort","Sort Space Used": 13310,"Sort Space Type": "Memory"}],"Plans": [{"Node Type": "Hash Join","Parent Relationship": "Outer","Parallel Aware": false,"Async Capable": false,"Join Type": "Inner","Startup Cost": 3.13,"Total Cost": 40379.57,"Plan Rows": 51,"Plan Width": 159,"Actual Startup Time": 0.683,"Actual Total Time": 2123.834,"Actual Rows": 106740,"Actual Loops": 3,"Inner Unique": true,"Hash Cond": "(supplier.s_nationkey = nation.n_nationkey)","Workers": [],"Plans": [{"Node Type": "Nested Loop","Parent Relationship": "Outer","Parallel Aware": false,"Async Capable": false,"Join Type": "Inner","Startup Cost": 1.57,"Total Cost": 40377.72,"Plan Rows": 51,"Plan Width": 31,"Actual Startup Time": 0.513,"Actual Total Time": 2093.243,"Actual Rows": 106740,"Actual Loops": 3,"Inner Unique": true,"Workers": [],"Plans": [{"Node Type": "Nested Loop","Parent Relationship": "Outer","Parallel Aware": false,"Async Capable": false,"Join Type": "Inner","Startup Cost": 1.14,"Total Cost": 40354.00,"Plan Rows": 51,"Plan Width": 31,"Actual Startup Time": 0.387,"Actual Total Time": 972.943,"Actual Rows": 106740,"Actual Loops": 3,"Inner Unique": true,"Workers": [],"Plans": [{"Node Type": "Nested Loop","Parent Relationship": "Outer","Parallel Aware": false,"Async Capable": false,"Join Type": "Inner","Startup Cost": 0.86,"Total Cost": 40338.56,"Plan Rows": 51,"Plan Width": 35,"Actual Startup Time": 0.288,"Actual Total Time": 790.865,"Actual Rows": 106740,"Actual Loops": 3,"Inner Unique": false,"Workers": [],"Plans": [{"Node Type": "Nested Loop","Parent Relationship": "Outer","Parallel Aware": false,"Async Capable": false,"Join Type": "Inner","Startup Cost": 0.42,"Total Cost": 22456.59,"Plan Rows": 16835,"Plan Width": 18,"Actual Startup Time": 0.184,"Actual Total Time": 117.958,"Actual Rows": 14244,"Actual Loops": 3,"Inner Unique": false,"Workers": [],"Plans": [{"Node Type": "Seq Scan","Parent Relationship": "Outer","Parallel Aware": true,"Async Capable": false,"Relation Name": "part","Alias": "part","Startup Cost": 0.00,"Total Cost": 5138.67,"Plan Rows": 4209,"Plan Width": 4,"Actual Startup Time": 0.065,"Actual Total Time": 51.798,"Actual Rows": 3561,"Actual Loops": 3,"Filter": "((p_name)::text ~~ '%olive%'::text)","Rows Removed by Filter": 63106,"Workers": []},{"Node Type": "Index Scan","Parent Relationship": "Inner","Parallel Aware": false,"Async Capable": false,"Scan Direction": "Forward","Index Name": "idx_partsupp_partkey","Relation Name": "partsupp","Alias": "partsupp","Startup Cost": 0.42,"Total Cost": 4.07,"Plan Rows": 4,"Plan Width": 14,"Actual Startup Time": 0.014,"Actual Total Time": 0.018,"Actual Rows": 4,"Actual Loops": 10683,"Index Cond": "(ps_partkey = part.p_partkey)","Rows Removed by Index Recheck": 0,"Workers": []}]},{"Node Type": "Index Scan","Parent Relationship": "Inner","Parallel Aware": false,"Async Capable": false,"Scan Direction": "Forward","Index Name": "idx_lineitem_part_supp","Relation Name": "lineitem","Alias": "lineitem","Startup Cost": 0.43,"Total Cost": 1.05,"Plan Rows": 1,"Plan Width": 29,"Actual Startup Time": 0.007,"Actual Total Time": 0.046,"Actual Rows": 7,"Actual Loops": 42732,"Index Cond": "((l_partkey = partsupp.ps_partkey) AND (l_suppkey = partsupp.ps_suppkey))","Rows Removed by Index Recheck": 0,"Workers": []}]},{"Node Type": "Index Scan","Parent Relationship": "Inner","Parallel Aware": false,"Async Capable": false,"Scan Direction": "Forward","Index Name": "supplier_pkey","Relation Name": "supplier","Alias": "supplier","Startup Cost": 0.29,"Total Cost": 0.30,"Plan Rows": 1,"Plan Width": 8,"Actual Startup Time": 0.001,"Actual Total Time": 0.001,"Actual Rows": 1,"Actual Loops": 320221,"Index Cond": "(s_suppkey = lineitem.l_suppkey)","Rows Removed by Index Recheck": 0,"Workers": []}]},{"Node Type": "Index Scan","Parent Relationship": "Inner","Parallel Aware": false,"Async Capable": false,"Scan Direction": "Forward","Index Name": "orders_pkey","Relation Name": "orders","Alias": "orders","Startup Cost": 0.43,"Total Cost": 0.47,"Plan Rows": 1,"Plan Width": 8,"Actual Startup Time": 0.010,"Actual Total Time": 0.010,"Actual Rows": 1,"Actual Loops": 320221,"Index Cond": "(o_orderkey = lineitem.l_orderkey)","Rows Removed by Index Recheck": 0,"Workers": []}]},{"Node Type": "Hash","Parent Relationship": "Inner","Parallel Aware": false,"Async Capable": false,"Startup Cost": 1.25,"Total Cost": 1.25,"Plan Rows": 25,"Plan Width": 108,"Actual Startup Time": 0.084,"Actual Total Time": 0.092,"Actual Rows": 25,"Actual Loops": 3,"Hash Buckets": 1024,"Original Hash Buckets": 1024,"Hash Batches": 1,"Original Hash Batches": 1,"Peak Memory Usage": 10,"Workers": [],"Plans": [{"Node Type": "Seq Scan","Parent Relationship": "Outer","Parallel Aware": false,"Async Capable": false,"Relation Name": "nation","Alias": "nation","Startup Cost": 0.00,"Total Cost": 1.25,"Plan Rows": 25,"Plan Width": 108,"Actual Startup Time": 0.057,"Actual Total Time": 0.062,"Actual Rows": 25,"Actual Loops": 3,"Workers": []}]}]}]}]}]}]},"Planning Time": 11.947,"Triggers": [],"Execution Time": 2513.057}]
[{"Plan": {"Node Type": "Aggregate","Strategy": "Sorted","Partial Mode": "Finalize","Parallel Aware": false,"Async Capable": false,"Startup Cost": 49135.04,"Total Cost": 49164.27,"Plan Rows": 195,"Plan Width": 168,"Actual Startup Time": 1722.082,"Actual Total Time": 1834.381,"Actual Rows": 175,"Actual Loops": 1,"Group Key": ["nation.n_name", "(EXTRACT(year FROM orders.o_orderdate))"],"Plans": [{"Node Type": "Gather Merge","Parent Relationship": "Outer","Parallel Aware": false,"Async Capable": false,"Startup Cost": 49135.04,"Total Cost": 49159.45,"Plan Rows": 189,"Plan Width": 168,"Actual Startup Time": 1720.709,"Actual Total Time": 1833.931,"Actual Rows": 700,"Actual Loops": 1,"Workers Planned": 3,"Workers Launched": 3,"Plans": [{"Node Type": "Aggregate","Strategy": "Sorted","Partial Mode": "Partial","Parent Relationship": "Outer","Parallel Aware": false,"Async Capable": false,"Startup Cost": 48135.00,"Total Cost": 48137.21,"Plan Rows": 63,"Plan Width": 168,"Actual Startup Time": 1635.197,"Actual Total Time": 1727.326,"Actual Rows": 175,"Actual Loops": 4,"Group Key": ["nation.n_name", "(EXTRACT(year FROM orders.o_orderdate))"],"Workers": [],"Plans": [{"Node Type": "Sort","Parent Relationship": "Outer","Parallel Aware": false,"Async Capable": false,"Startup Cost": 48135.00,"Total Cost": 48135.16,"Plan Rows": 63,"Plan Width": 159,"Actual Startup Time": 1634.792,"Actual Total Time": 1666.970,"Actual Rows": 80970,"Actual Loops": 4,"Sort Key": ["nation.n_name", "(EXTRACT(year FROM orders.o_orderdate)) DESC"],"Sort Method": "quicksort","Sort Space Used": 11336,"Sort Space Type": "Memory","Workers": [{"Worker Number": 0,"Sort Method": "quicksort","Sort Space Used": 11197,"Sort Space Type": "Memory"},{"Worker Number": 1,"Sort Method": "quicksort","Sort Space Used": 10997,"Sort Space Type": "Memory"},{"Worker Number": 2,"Sort Method": "quicksort","Sort Space Used": 11011,"Sort Space Type": "Memory"}],"Plans": [{"Node Type": "Hash Join","Parent Relationship": "Outer","Parallel Aware": false,"Async Capable": false,"Join Type": "Inner","Startup Cost": 5225.55,"Total Cost": 48133.12,"Plan Rows": 63,"Plan Width": 159,"Actual Startup Time": 20.677,"Actual Total Time": 1535.207,"Actual Rows": 80970,"Actual Loops": 4,"Inner Unique": true,"Hash Cond": "(supplier.s_nationkey = nation.n_nationkey)","Workers": [],"Plans": [{"Node Type": "Nested Loop","Parent Relationship": "Outer","Parallel Aware": false,"Async Capable": false,"Join Type": "Inner","Startup Cost": 5223.99,"Total Cost": 48131.20,"Plan Rows": 63,"Plan Width": 31,"Actual Startup Time": 20.514,"Actual Total Time": 1511.705,"Actual Rows": 80970,"Actual Loops": 4,"Inner Unique": true,"Workers": [],"Plans": [{"Node Type": "Nested Loop","Parent Relationship": "Outer","Parallel Aware": false,"Async Capable": false,"Join Type": "Inner","Startup Cost": 5223.56,"Total Cost": 48101.90,"Plan Rows": 63,"Plan Width": 31,"Actual Startup Time": 20.440,"Actual Total Time": 786.949,"Actual Rows": 80970,"Actual Loops": 4,"Inner Unique": true,"Workers": [],"Plans": [{"Node Type": "Nested Loop","Parent Relationship": "Outer","Parallel Aware": false,"Async Capable": false,"Join Type": "Inner","Startup Cost": 5223.27,"Total Cost": 48082.83,"Plan Rows": 63,"Plan Width": 35,"Actual Startup Time": 20.383,"Actual Total Time": 651.782,"Actual Rows": 80970,"Actual Loops": 4,"Inner Unique": false,"Workers": [],"Plans": [{"Node Type": "Hash Join","Parent Relationship": "Outer","Parallel Aware": true,"Async Capable": false,"Join Type": "Inner","Startup Cost": 5222.84,"Total Cost": 25931.92,"Plan Rows": 20854,"Plan Width": 18,"Actual Startup Time": 20.315,"Actual Total Time": 195.790,"Actual Rows": 10793,"Actual Loops": 4,"Inner Unique": true,"Hash Cond": "(partsupp.ps_partkey = part.p_partkey)","Workers": [],"Plans": [{"Node Type": "Seq Scan","Parent Relationship": "Outer","Parallel Aware": true,"Async Capable": false,"Relation Name": "partsupp","Alias": "partsupp","Startup Cost": 0.00,"Total Cost": 20031.65,"Plan Rows": 258065,"Plan Width": 14,"Actual Startup Time": 0.019,"Actual Total Time": 42.343,"Actual Rows": 200000,"Actual Loops": 4,"Workers": []},{"Node Type": "Hash","Parent Relationship": "Inner","Parallel Aware": true,"Async Capable": false,"Startup Cost": 5138.67,"Total Cost": 5138.67,"Plan Rows": 6734,"Plan Width": 4,"Actual Startup Time": 20.135,"Actual Total Time": 20.146,"Actual Rows": 2698,"Actual Loops": 4,"Hash Buckets": 16384,"Original Hash Buckets": 16384,"Hash Batches": 1,"Original Hash Batches": 1,"Peak Memory Usage": 608,"Workers": [],"Plans": [{"Node Type": "Seq Scan","Parent Relationship": "Outer","Parallel Aware": true,"Async Capable": false,"Relation Name": "part","Alias": "part","Startup Cost": 0.00,"Total Cost": 5138.67,"Plan Rows": 6734,"Plan Width": 4,"Actual Startup Time": 0.059,"Actual Total Time": 18.504,"Actual Rows": 2698,"Actual Loops": 4,"Filter": "((p_name)::text ~~ '%wheat%'::text)","Rows Removed by Filter": 47302,"Workers": []}]}]},{"Node Type": "Index Scan","Parent Relationship": "Inner","Parallel Aware": false,"Async Capable": false,"Scan Direction": "Forward","Index Name": "idx_lineitem_part_supp","Relation Name": "lineitem","Alias": "lineitem","Startup Cost": 0.43,"Total Cost": 1.05,"Plan Rows": 1,"Plan Width": 29,"Actual Startup Time": 0.006,"Actual Total Time": 0.041,"Actual Rows": 8,"Actual Loops": 43172,"Index Cond": "((l_partkey = partsupp.ps_partkey) AND (l_suppkey = partsupp.ps_suppkey))","Rows Removed by Index Recheck": 0,"Workers": []}]},{"Node Type": "Index Scan","Parent Relationship": "Inner","Parallel Aware": false,"Async Capable": false,"Scan Direction": "Forward","Index Name": "supplier_pkey","Relation Name": "supplier","Alias": "supplier","Startup Cost": 0.29,"Total Cost": 0.30,"Plan Rows": 1,"Plan Width": 8,"Actual Startup Time": 0.001,"Actual Total Time": 0.001,"Actual Rows": 1,"Actual Loops": 323878,"Index Cond": "(s_suppkey = lineitem.l_suppkey)","Rows Removed by Index Recheck": 0,"Workers": []}]},{"Node Type": "Index Scan","Parent Relationship": "Inner","Parallel Aware": false,"Async Capable": false,"Scan Direction": "Forward","Index Name": "orders_pkey","Relation Name": "orders","Alias": "orders","Startup Cost": 0.43,"Total Cost": 0.47,"Plan Rows": 1,"Plan Width": 8,"Actual Startup Time": 0.009,"Actual Total Time": 0.009,"Actual Rows": 1,"Actual Loops": 323878,"Index Cond": "(o_orderkey = lineitem.l_orderkey)","Rows Removed by Index Recheck": 0,"Workers": []}]},{"Node Type": "Hash","Parent Relationship": "Inner","Parallel Aware": false,"Async Capable": false,"Startup Cost": 1.25,"Total Cost": 1.25,"Plan Rows": 25,"Plan Width": 108,"Actual Startup Time": 0.071,"Actual Total Time": 0.077,"Actual Rows": 25,"Actual Loops": 4,"Hash Buckets": 1024,"Original Hash Buckets": 1024,"Hash Batches": 1,"Original Hash Batches": 1,"Peak Memory Usage": 10,"Workers": [],"Plans": [{"Node Type": "Seq Scan","Parent Relationship": "Outer","Parallel Aware": false,"Async Capable": false,"Relation Name": "nation","Alias": "nation","Startup Cost": 0.00,"Total Cost": 1.25,"Plan Rows": 25,"Plan Width": 108,"Actual Startup Time": 0.046,"Actual Total Time": 0.053,"Actual Rows": 25,"Actual Loops": 4,"Workers": []}]}]}]}]}]}]},"Planning Time": 10.948,"Triggers": [],"Execution Time": 1835.260}]
[{"Plan": {"Node Type": "Aggregate","Strategy": "Sorted","Partial Mode": "Finalize","Parallel Aware": false,"Async Capable": false,"Startup Cost": 28858.40,"Total Cost": 28868.07,"Plan Rows": 73,"Plan Width": 168,"Actual Startup Time": 2437.634,"Actual Total Time": 2536.387,"Actual Rows": 175,"Actual Loops": 1,"Group Key": ["nation.n_name", "(EXTRACT(year FROM orders.o_orderdate))"],"Plans": [{"Node Type": "Gather Merge","Parent Relationship": "Outer","Parallel Aware": false,"Async Capable": false,"Startup Cost": 28858.40,"Total Cost": 28866.38,"Plan Rows": 60,"Plan Width": 168,"Actual Startup Time": 2436.170,"Actual Total Time": 2536.007,"Actual Rows": 525,"Actual Loops": 1,"Workers Planned": 2,"Workers Launched": 2,"Plans": [{"Node Type": "Aggregate","Strategy": "Sorted","Partial Mode": "Partial","Parent Relationship": "Outer","Parallel Aware": false,"Async Capable": false,"Startup Cost": 27858.38,"Total Cost": 27859.43,"Plan Rows": 30,"Plan Width": 168,"Actual Startup Time": 2330.398,"Actual Total Time": 2449.907,"Actual Rows": 175,"Actual Loops": 3,"Group Key": ["nation.n_name", "(EXTRACT(year FROM orders.o_orderdate))"],"Workers": [],"Plans": [{"Node Type": "Sort","Parent Relationship": "Outer","Parallel Aware": false,"Async Capable": false,"Startup Cost": 27858.38,"Total Cost": 27858.46,"Plan Rows": 30,"Plan Width": 159,"Actual Startup Time": 2329.782,"Actual Total Time": 2368.079,"Actual Rows": 108338,"Actual Loops": 3,"Sort Key": ["nation.n_name", "(EXTRACT(year FROM orders.o_orderdate)) DESC"],"Sort Method": "quicksort","Sort Space Used": 14593,"Sort Space Type": "Memory","Workers": [{"Worker Number": 0,"Sort Method": "quicksort","Sort Space Used": 13513,"Sort Space Type": "Memory"},{"Worker Number": 1,"Sort Method": "quicksort","Sort Space Used": 13476,"Sort Space Type": "Memory"}],"Plans": [{"Node Type": "Hash Join","Parent Relationship": "Outer","Parallel Aware": false,"Async Capable": false,"Join Type": "Inner","Startup Cost": 3.13,"Total Cost": 27857.64,"Plan Rows": 30,"Plan Width": 159,"Actual Startup Time": 0.731,"Actual Total Time": 2182.891,"Actual Rows": 108338,"Actual Loops": 3,"Inner Unique": true,"Hash Cond": "(supplier.s_nationkey = nation.n_nationkey)","Workers": [],"Plans": [{"Node Type": "Nested Loop","Parent Relationship": "Outer","Parallel Aware": false,"Async Capable": false,"Join Type": "Inner","Startup Cost": 1.57,"Total Cost": 27855.92,"Plan Rows": 30,"Plan Width": 31,"Actual Startup Time": 0.565,"Actual Total Time": 2151.553,"Actual Rows": 108338,"Actual Loops": 3,"Inner Unique": true,"Workers": [],"Plans": [{"Node Type": "Nested Loop","Parent Relationship": "Outer","Parallel Aware": false,"Async Capable": false,"Join Type": "Inner","Startup Cost": 1.14,"Total Cost": 27841.96,"Plan Rows": 30,"Plan Width": 31,"Actual Startup Time": 0.427,"Actual Total Time": 1003.075,"Actual Rows": 108338,"Actual Loops": 3,"Inner Unique": true,"Workers": [],"Plans": [{"Node Type": "Nested Loop","Parent Relationship": "Outer","Parallel Aware": false,"Async Capable": false,"Join Type": "Inner","Startup Cost": 0.86,"Total Cost": 27832.88,"Plan Rows": 30,"Plan Width": 35,"Actual Startup Time": 0.323,"Actual Total Time": 818.616,"Actual Rows": 108338,"Actual Loops": 3,"Inner Unique": false,"Workers": [],"Plans": [{"Node Type": "Nested Loop","Parent Relationship": "Outer","Parallel Aware": false,"Async Capable": false,"Join Type": "Inner","Startup Cost": 0.42,"Total Cost": 17103.70,"Plan Rows": 10101,"Plan Width": 18,"Actual Startup Time": 0.191,"Actual Total Time": 114.214,"Actual Rows": 14445,"Actual Loops": 3,"Inner Unique": false,"Workers": [],"Plans": [{"Node Type": "Seq Scan","Parent Relationship": "Outer","Parallel Aware": true,"Async Capable": false,"Relation Name": "part","Alias": "part","Startup Cost": 0.00,"Total Cost": 5138.67,"Plan Rows": 2525,"Plan Width": 4,"Actual Startup Time": 0.051,"Actual Total Time": 48.661,"Actual Rows": 3611,"Actual Loops": 3,"Filter": "((p_name)::text ~~ '%cream%'::text)","Rows Removed by Filter": 63055,"Workers": []},{"Node Type": "Index Scan","Parent Relationship": "Inner","Parallel Aware": false,"Async Capable": false,"Scan Direction": "Forward","Index Name": "idx_partsupp_partkey","Relation Name": "partsupp","Alias": "partsupp","Startup Cost": 0.42,"Total Cost": 4.70,"Plan Rows": 4,"Plan Width": 14,"Actual Startup Time": 0.014,"Actual Total Time": 0.017,"Actual Rows": 4,"Actual Loops": 10834,"Index Cond": "(ps_partkey = part.p_partkey)","Rows Removed by Index Recheck": 0,"Workers": []}]},{"Node Type": "Index Scan","Parent Relationship": "Inner","Parallel Aware": false,"Async Capable": false,"Scan Direction": "Forward","Index Name": "idx_lineitem_part_supp","Relation Name": "lineitem","Alias": "lineitem","Startup Cost": 0.43,"Total Cost": 1.05,"Plan Rows": 1,"Plan Width": 29,"Actual Startup Time": 0.007,"Actual Total Time": 0.047,"Actual Rows": 7,"Actual Loops": 43336,"Index Cond": "((l_partkey = partsupp.ps_partkey) AND (l_suppkey = partsupp.ps_suppkey))","Rows Removed by Index Recheck": 0,"Workers": []}]},{"Node Type": "Index Scan","Parent Relationship": "Inner","Parallel Aware": false,"Async Capable": false,"Scan Direction": "Forward","Index Name": "supplier_pkey","Relation Name": "supplier","Alias": "supplier","Startup Cost": 0.29,"Total Cost": 0.30,"Plan Rows": 1,"Plan Width": 8,"Actual Startup Time": 0.001,"Actual Total Time": 0.001,"Actual Rows": 1,"Actual Loops": 325015,"Index Cond": "(s_suppkey = lineitem.l_suppkey)","Rows Removed by Index Recheck": 0,"Workers": []}]},{"Node Type": "Index Scan","Parent Relationship": "Inner","Parallel Aware": false,"Async Capable": false,"Scan Direction": "Forward","Index Name": "orders_pkey","Relation Name": "orders","Alias": "orders","Startup Cost": 0.43,"Total Cost": 0.47,"Plan Rows": 1,"Plan Width": 8,"Actual Startup Time": 0.010,"Actual Total Time": 0.010,"Actual Rows": 1,"Actual Loops": 325015,"Index Cond": "(o_orderkey = lineitem.l_orderkey)","Rows Removed by Index Recheck": 0,"Workers": []}]},{"Node Type": "Hash","Parent Relationship": "Inner","Parallel Aware": false,"Async Capable": false,"Startup Cost": 1.25,"Total Cost": 1.25,"Plan Rows": 25,"Plan Width": 108,"Actual Startup Time": 0.071,"Actual Total Time": 0.078,"Actual Rows": 25,"Actual Loops": 3,"Hash Buckets": 1024,"Original Hash Buckets": 1024,"Hash Batches": 1,"Original Hash Batches": 1,"Peak Memory Usage": 10,"Workers": [],"Plans": [{"Node Type": "Seq Scan","Parent Relationship": "Outer","Parallel Aware": false,"Async Capable": false,"Relation Name": "nation","Alias": "nation","Startup Cost": 0.00,"Total Cost": 1.25,"Plan Rows": 25,"Plan Width": 108,"Actual Startup Time": 0.045,"Actual Total Time": 0.051,"Actual Rows": 25,"Actual Loops": 3,"Workers": []}]}]}]}]}]}]},"Planning Time": 10.879,"Triggers": [],"Execution Time": 2537.521}]
[{"Plan": {"Node Type": "Aggregate","Strategy": "Sorted","Partial Mode": "Finalize","Parallel Aware": false,"Async Capable": false,"Startup Cost": 49135.04,"Total Cost": 49164.27,"Plan Rows": 195,"Plan Width": 168,"Actual Startup Time": 1722.082,"Actual Total Time": 1834.381,"Actual Rows": 175,"Actual Loops": 1,"Group Key": ["nation.n_name", "(EXTRACT(year FROM orders.o_orderdate))"],"Plans": [{"Node Type": "Gather Merge","Parent Relationship": "Outer","Parallel Aware": false,"Async Capable": false,"Startup Cost": 49135.04,"Total Cost": 49159.45,"Plan Rows": 189,"Plan Width": 168,"Actual Startup Time": 1720.709,"Actual Total Time": 1833.931,"Actual Rows": 700,"Actual Loops": 1,"Workers Planned": 3,"Workers Launched": 3,"Plans": [{"Node Type": "Aggregate","Strategy": "Sorted","Partial Mode": "Partial","Parent Relationship": "Outer","Parallel Aware": false,"Async Capable": false,"Startup Cost": 48135.00,"Total Cost": 48137.21,"Plan Rows": 63,"Plan Width": 168,"Actual Startup Time": 1635.197,"Actual Total Time": 1727.326,"Actual Rows": 175,"Actual Loops": 4,"Group Key": ["nation.n_name", "(EXTRACT(year FROM orders.o_orderdate))"],"Workers": [],"Plans": [{"Node Type": "Sort","Parent Relationship": "Outer","Parallel Aware": false,"Async Capable": false,"Startup Cost": 48135.00,"Total Cost": 48135.16,"Plan Rows": 63,"Plan Width": 159,"Actual Startup Time": 1634.792,"Actual Total Time": 1666.970,"Actual Rows": 80970,"Actual Loops": 4,"Sort Key": ["nation.n_name", "(EXTRACT(year FROM orders.o_orderdate)) DESC"],"Sort Method": "quicksort","Sort Space Used": 11336,"Sort Space Type": "Memory","Workers": [{"Worker Number": 0,"Sort Method": "quicksort","Sort Space Used": 11197,"Sort Space Type": "Memory"},{"Worker Number": 1,"Sort Method": "quicksort","Sort Space Used": 10997,"Sort Space Type": "Memory"},{"Worker Number": 2,"Sort Method": "quicksort","Sort Space Used": 11011,"Sort Space Type": "Memory"}],"Plans": [{"Node Type": "Hash Join","Parent Relationship": "Outer","Parallel Aware": false,"Async Capable": false,"Join Type": "Inner","Startup Cost": 5225.55,"Total Cost": 48133.12,"Plan Rows": 63,"Plan Width": 159,"Actual Startup Time": 20.677,"Actual Total Time": 1535.207,"Actual Rows": 80970,"Actual Loops": 4,"Inner Unique": true,"Hash Cond": "(supplier.s_nationkey = nation.n_nationkey)","Workers": [],"Plans": [{"Node Type": "Nested Loop","Parent Relationship": "Outer","Parallel Aware": false,"Async Capable": false,"Join Type": "Inner","Startup Cost": 5223.99,"Total Cost": 48131.20,"Plan Rows": 63,"Plan Width": 31,"Actual Startup Time": 20.514,"Actual Total Time": 1511.705,"Actual Rows": 80970,"Actual Loops": 4,"Inner Unique": true,"Workers": [],"Plans": [{"Node Type": "Nested Loop","Parent Relationship": "Outer","Parallel Aware": false,"Async Capable": false,"Join Type": "Inner","Startup Cost": 5223.56,"Total Cost": 48101.90,"Plan Rows": 63,"Plan Width": 31,"Actual Startup Time": 20.440,"Actual Total Time": 786.949,"Actual Rows": 80970,"Actual Loops": 4,"Inner Unique": true,"Workers": [],"Plans": [{"Node Type": "Nested Loop","Parent Relationship": "Outer","Parallel Aware": false,"Async Capable": false,"Join Type": "Inner","Startup Cost": 5223.27,"Total Cost": 48082.83,"Plan Rows": 63,"Plan Width": 35,"Actual Startup Time": 20.383,"Actual Total Time": 651.782,"Actual Rows": 80970,"Actual Loops": 4,"Inner Unique": false,"Workers": [],"Plans": [{"Node Type": "Hash Join","Parent Relationship": "Outer","Parallel Aware": true,"Async Capable": false,"Join Type": "Inner","Startup Cost": 5222.84,"Total Cost": 25931.92,"Plan Rows": 20854,"Plan Width": 18,"Actual Startup Time": 20.315,"Actual Total Time": 195.790,"Actual Rows": 10793,"Actual Loops": 4,"Inner Unique": true,"Hash Cond": "(partsupp.ps_partkey = part.p_partkey)","Workers": [],"Plans": [{"Node Type": "Seq Scan","Parent Relationship": "Outer","Parallel Aware": true,"Async Capable": false,"Relation Name": "partsupp","Alias": "partsupp","Startup Cost": 0.00,"Total Cost": 20031.65,"Plan Rows": 258065,"Plan Width": 14,"Actual Startup Time": 0.019,"Actual Total Time": 42.343,"Actual Rows": 200000,"Actual Loops": 4,"Workers": []},{"Node Type": "Hash","Parent Relationship": "Inner","Parallel Aware": true,"Async Capable": false,"Startup Cost": 5138.67,"Total Cost": 5138.67,"Plan Rows": 6734,"Plan Width": 4,"Actual Startup Time": 20.135,"Actual Total Time": 20.146,"Actual Rows": 2698,"Actual Loops": 4,"Hash Buckets": 16384,"Original Hash Buckets": 16384,"Hash Batches": 1,"Original Hash Batches": 1,"Peak Memory Usage": 608,"Workers": [],"Plans": [{"Node Type": "Seq Scan","Parent Relationship": "Outer","Parallel Aware": true,"Async Capable": false,"Relation Name": "part","Alias": "part","Startup Cost": 0.00,"Total Cost": 5138.67,"Plan Rows": 6734,"Plan Width": 4,"Actual Startup Time": 0.059,"Actual Total Time": 18.504,"Actual Rows": 2698,"Actual Loops": 4,"Filter": "((p_name)::text ~~ '%wheat%'::text)","Rows Removed by Filter": 47302,"Workers": []}]}]},{"Node Type": "Index Scan","Parent Relationship": "Inner","Parallel Aware": false,"Async Capable": false,"Scan Direction": "Forward","Index Name": "idx_lineitem_part_supp","Relation Name": "lineitem","Alias": "lineitem","Startup Cost": 0.43,"Total Cost": 1.05,"Plan Rows": 1,"Plan Width": 29,"Actual Startup Time": 0.006,"Actual Total Time": 0.041,"Actual Rows": 8,"Actual Loops": 43172,"Index Cond": "((l_partkey = partsupp.ps_partkey) AND (l_suppkey = partsupp.ps_suppkey))","Rows Removed by Index Recheck": 0,"Workers": []}]},{"Node Type": "Index Scan","Parent Relationship": "Inner","Parallel Aware": false,"Async Capable": false,"Scan Direction": "Forward","Index Name": "supplier_pkey","Relation Name": "supplier","Alias": "supplier","Startup Cost": 0.29,"Total Cost": 0.30,"Plan Rows": 1,"Plan Width": 8,"Actual Startup Time": 0.001,"Actual Total Time": 0.001,"Actual Rows": 1,"Actual Loops": 323878,"Index Cond": "(s_suppkey = lineitem.l_suppkey)","Rows Removed by Index Recheck": 0,"Workers": []}]},{"Node Type": "Index Scan","Parent Relationship": "Inner","Parallel Aware": false,"Async Capable": false,"Scan Direction": "Forward","Index Name": "orders_pkey","Relation Name": "orders","Alias": "orders","Startup Cost": 0.43,"Total Cost": 0.47,"Plan Rows": 1,"Plan Width": 8,"Actual Startup Time": 0.009,"Actual Total Time": 0.009,"Actual Rows": 1,"Actual Loops": 323878,"Index Cond": "(o_orderkey = lineitem.l_orderkey)","Rows Removed by Index Recheck": 0,"Workers": []}]},{"Node Type": "Hash","Parent Relationship": "Inner","Parallel Aware": false,"Async Capable": false,"Startup Cost": 1.25,"Total Cost": 1.25,"Plan Rows": 25,"Plan Width": 108,"Actual Startup Time": 0.071,"Actual Total Time": 0.077,"Actual Rows": 25,"Actual Loops": 4,"Hash Buckets": 1024,"Original Hash Buckets": 1024,"Hash Batches": 1,"Original Hash Batches": 1,"Peak Memory Usage": 10,"Workers": [],"Plans": [{"Node Type": "Seq Scan","Parent Relationship": "Outer","Parallel Aware": false,"Async Capable": false,"Relation Name": "nation","Alias": "nation","Startup Cost": 0.00,"Total Cost": 1.25,"Plan Rows": 25,"Plan Width": 108,"Actual Startup Time": 0.046,"Actual Total Time": 0.053,"Actual Rows": 25,"Actual Loops": 4,"Workers": []}]}]}]}]}]}]},"Planning Time": 10.948,"Triggers": [],"Execution Time": 1835.260}]
[{"Plan": {"Node Type": "Aggregate","Strategy": "Sorted","Partial Mode": "Finalize","Parallel Aware": false,"Async Capable": false,"Startup Cost": 46348.90,"Total Cost": 46374.41,"Plan Rows": 170,"Plan Width": 168,"Actual Startup Time": 1757.899,"Actual Total Time": 1871.868,"Actual Rows": 175,"Actual Loops": 1,"Group Key": ["nation.n_name", "(EXTRACT(year FROM orders.o_orderdate))"],"Plans": [{"Node Type": "Gather Merge","Parent Relationship": "Outer","Parallel Aware": false,"Async Capable": false,"Startup Cost": 46348.90,"Total Cost": 46370.21,"Plan Rows": 165,"Plan Width": 168,"Actual Startup Time": 1756.503,"Actual Total Time": 1871.427,"Actual Rows": 700,"Actual Loops": 1,"Workers Planned": 3,"Workers Launched": 3,"Plans": [{"Node Type": "Aggregate","Strategy": "Sorted","Partial Mode": "Partial","Parent Relationship": "Outer","Parallel Aware": false,"Async Capable": false,"Startup Cost": 45348.86,"Total Cost": 45350.79,"Plan Rows": 55,"Plan Width": 168,"Actual Startup Time": 1668.919,"Actual Total Time": 1766.305,"Actual Rows": 175,"Actual Loops": 4,"Group Key": ["nation.n_name", "(EXTRACT(year FROM orders.o_orderdate))"],"Workers": [],"Plans": [{"Node Type": "Sort","Parent Relationship": "Outer","Parallel Aware": false,"Async Capable": false,"Startup Cost": 45348.86,"Total Cost": 45349.00,"Plan Rows": 55,"Plan Width": 159,"Actual Startup Time": 1668.444,"Actual Total Time": 1703.145,"Actual Rows": 83038,"Actual Loops": 4,"Sort Key": ["nation.n_name", "(EXTRACT(year FROM orders.o_orderdate)) DESC"],"Sort Method": "quicksort","Sort Space Used": 11548,"Sort Space Type": "Memory","Workers": [{"Worker Number": 0,"Sort Method": "quicksort","Sort Space Used": 11418,"Sort Space Type": "Memory"},{"Worker Number": 1,"Sort Method": "quicksort","Sort Space Used": 11149,"Sort Space Type": "Memory"},{"Worker Number": 2,"Sort Method": "quicksort","Sort Space Used": 11246,"Sort Space Type": "Memory"}],"Plans": [{"Node Type": "Hash Join","Parent Relationship": "Outer","Parallel Aware": false,"Async Capable": false,"Join Type": "Inner","Startup Cost": 5215.02,"Total Cost": 45347.27,"Plan Rows": 55,"Plan Width": 159,"Actual Startup Time": 21.688,"Actual Total Time": 1565.255,"Actual Rows": 83038,"Actual Loops": 4,"Inner Unique": true,"Hash Cond": "(supplier.s_nationkey = nation.n_nationkey)","Workers": [],"Plans": [{"Node Type": "Nested Loop","Parent Relationship": "Outer","Parallel Aware": false,"Async Capable": false,"Join Type": "Inner","Startup Cost": 5213.46,"Total Cost": 45345.40,"Plan Rows": 55,"Plan Width": 31,"Actual Startup Time": 21.499,"Actual Total Time": 1541.205,"Actual Rows": 83038,"Actual Loops": 4,"Inner Unique": true,"Workers": [],"Plans": [{"Node Type": "Nested Loop","Parent Relationship": "Outer","Parallel Aware": false,"Async Capable": false,"Join Type": "Inner","Startup Cost": 5213.03,"Total Cost": 45319.82,"Plan Rows": 55,"Plan Width": 31,"Actual Startup Time": 21.433,"Actual Total Time": 798.756,"Actual Rows": 83038,"Actual Loops": 4,"Inner Unique": true,"Workers": [],"Plans": [{"Node Type": "Nested Loop","Parent Relationship": "Outer","Parallel Aware": false,"Async Capable": false,"Join Type": "Inner","Startup Cost": 5212.75,"Total Cost": 45303.17,"Plan Rows": 55,"Plan Width": 35,"Actual Startup Time": 21.394,"Actual Total Time": 659.573,"Actual Rows": 83038,"Actual Loops": 4,"Inner Unique": false,"Workers": [],"Plans": [{"Node Type": "Hash Join","Parent Relationship": "Outer","Parallel Aware": true,"Async Capable": false,"Join Type": "Inner","Startup Cost": 5212.32,"Total Cost": 25921.39,"Plan Rows": 18247,"Plan Width": 18,"Actual Startup Time": 21.331,"Actual Total Time": 195.916,"Actual Rows": 11075,"Actual Loops": 4,"Inner Unique": true,"Hash Cond": "(partsupp.ps_partkey = part.p_partkey)","Workers": [],"Plans": [{"Node Type": "Seq Scan","Parent Relationship": "Outer","Parallel Aware": true,"Async Capable": false,"Relation Name": "partsupp","Alias": "partsupp","Startup Cost": 0.00,"Total Cost": 20031.65,"Plan Rows": 258065,"Plan Width": 14,"Actual Startup Time": 0.015,"Actual Total Time": 42.252,"Actual Rows": 200000,"Actual Loops": 4,"Workers": []},{"Node Type": "Hash","Parent Relationship": "Inner","Parallel Aware": true,"Async Capable": false,"Startup Cost": 5138.67,"Total Cost": 5138.67,"Plan Rows": 5892,"Plan Width": 4,"Actual Startup Time": 21.111,"Actual Total Time": 21.124,"Actual Rows": 2769,"Actual Loops": 4,"Hash Buckets": 16384,"Original Hash Buckets": 16384,"Hash Batches": 1,"Original Hash Batches": 1,"Peak Memory Usage": 608,"Workers": [],"Plans": [{"Node Type": "Seq Scan","Parent Relationship": "Outer","Parallel Aware": true,"Async Capable": false,"Relation Name": "part","Alias": "part","Startup Cost": 0.00,"Total Cost": 5138.67,"Plan Rows": 5892,"Plan Width": 4,"Actual Startup Time": 0.069,"Actual Total Time": 19.514,"Actual Rows": 2769,"Actual Loops": 4,"Filter": "((p_name)::text ~~ '%tan%'::text)","Rows Removed by Filter": 47231,"Workers": []}]}]},{"Node Type": "Index Scan","Parent Relationship": "Inner","Parallel Aware": false,"Async Capable": false,"Scan Direction": "Forward","Index Name": "idx_lineitem_part_supp","Relation Name": "lineitem","Alias": "lineitem","Startup Cost": 0.43,"Total Cost": 1.05,"Plan Rows": 1,"Plan Width": 29,"Actual Startup Time": 0.006,"Actual Total Time": 0.040,"Actual Rows": 7,"Actual Loops": 44300,"Index Cond": "((l_partkey = partsupp.ps_partkey) AND (l_suppkey = partsupp.ps_suppkey))","Rows Removed by Index Recheck": 0,"Workers": []}]},{"Node Type": "Index Scan","Parent Relationship": "Inner","Parallel Aware": false,"Async Capable": false,"Scan Direction": "Forward","Index Name": "supplier_pkey","Relation Name": "supplier","Alias": "supplier","Startup Cost": 0.29,"Total Cost": 0.30,"Plan Rows": 1,"Plan Width": 8,"Actual Startup Time": 0.001,"Actual Total Time": 0.001,"Actual Rows": 1,"Actual Loops": 332152,"Index Cond": "(s_suppkey = lineitem.l_suppkey)","Rows Removed by Index Recheck": 0,"Workers": []}]},{"Node Type": "Index Scan","Parent Relationship": "Inner","Parallel Aware": false,"Async Capable": false,"Scan Direction": "Forward","Index Name": "orders_pkey","Relation Name": "orders","Alias": "orders","Startup Cost": 0.43,"Total Cost": 0.47,"Plan Rows": 1,"Plan Width": 8,"Actual Startup Time": 0.009,"Actual Total Time": 0.009,"Actual Rows": 1,"Actual Loops": 332152,"Index Cond": "(o_orderkey = lineitem.l_orderkey)","Rows Removed by Index Recheck": 0,"Workers": []}]},{"Node Type": "Hash","Parent Relationship": "Inner","Parallel Aware": false,"Async Capable": false,"Startup Cost": 1.25,"Total Cost": 1.25,"Plan Rows": 25,"Plan Width": 108,"Actual Startup Time": 0.081,"Actual Total Time": 0.088,"Actual Rows": 25,"Actual Loops": 4,"Hash Buckets": 1024,"Original Hash Buckets": 1024,"Hash Batches": 1,"Original Hash Batches": 1,"Peak Memory Usage": 10,"Workers": [],"Plans": [{"Node Type": "Seq Scan","Parent Relationship": "Outer","Parallel Aware": false,"Async Capable": false,"Relation Name": "nation","Alias": "nation","Startup Cost": 0.00,"Total Cost": 1.25,"Plan Rows": 25,"Plan Width": 108,"Actual Startup Time": 0.052,"Actual Total Time": 0.059,"Actual Rows": 25,"Actual Loops": 4,"Workers": []}]}]}]}]}]}]},"Planning Time": 11.717,"Triggers": [],"Execution Time": 1872.853}]
[{"Plan": {"Node Type": "Aggregate","Strategy": "Sorted","Partial Mode": "Finalize","Parallel Aware": false,"Async Capable": false,"Startup Cost": 35224.41,"Total Cost": 35237.30,"Plan Rows": 97,"Plan Width": 168,"Actual Startup Time": 2446.740,"Actual Total Time": 2527.570,"Actual Rows": 175,"Actual Loops": 1,"Group Key": ["nation.n_name", "(EXTRACT(year FROM orders.o_orderdate))"],"Plans": [{"Node Type": "Gather Merge","Parent Relationship": "Outer","Parallel Aware": false,"Async Capable": false,"Startup Cost": 35224.41,"Total Cost": 35235.05,"Plan Rows": 80,"Plan Width": 168,"Actual Startup Time": 2445.319,"Actual Total Time": 2527.159,"Actual Rows": 525,"Actual Loops": 1,"Workers Planned": 2,"Workers Launched": 2,"Plans": [{"Node Type": "Aggregate","Strategy": "Sorted","Partial Mode": "Partial","Parent Relationship": "Outer","Parallel Aware": false,"Async Capable": false,"Startup Cost": 34224.39,"Total Cost": 34225.79,"Plan Rows": 40,"Plan Width": 168,"Actual Startup Time": 2302.062,"Actual Total Time": 2432.417,"Actual Rows": 175,"Actual Loops": 3,"Group Key": ["nation.n_name", "(EXTRACT(year FROM orders.o_orderdate))"],"Workers": [],"Plans": [{"Node Type": "Sort","Parent Relationship": "Outer","Parallel Aware": false,"Async Capable": false,"Startup Cost": 34224.39,"Total Cost": 34224.49,"Plan Rows": 40,"Plan Width": 159,"Actual Startup Time": 2301.394,"Actual Total Time": 2345.621,"Actual Rows": 109556,"Actual Loops": 3,"Sort Key": ["nation.n_name", "(EXTRACT(year FROM orders.o_orderdate)) DESC"],"Sort Method": "quicksort","Sort Space Used": 13628,"Sort Space Type": "Memory","Workers": [{"Worker Number": 0,"Sort Method": "quicksort","Sort Space Used": 14173,"Sort Space Type": "Memory"},{"Worker Number": 1,"Sort Method": "quicksort","Sort Space Used": 14136,"Sort Space Type": "Memory"}],"Plans": [{"Node Type": "Hash Join","Parent Relationship": "Outer","Parallel Aware": false,"Async Capable": false,"Join Type": "Inner","Startup Cost": 3.13,"Total Cost": 34223.32,"Plan Rows": 40,"Plan Width": 159,"Actual Startup Time": 0.808,"Actual Total Time": 2152.387,"Actual Rows": 109556,"Actual Loops": 3,"Inner Unique": true,"Hash Cond": "(supplier.s_nationkey = nation.n_nationkey)","Workers": [],"Plans": [{"Node Type": "Nested Loop","Parent Relationship": "Outer","Parallel Aware": false,"Async Capable": false,"Join Type": "Inner","Startup Cost": 1.57,"Total Cost": 34221.53,"Plan Rows": 40,"Plan Width": 31,"Actual Startup Time": 0.597,"Actual Total Time": 2120.724,"Actual Rows": 109556,"Actual Loops": 3,"Inner Unique": true,"Workers": [],"Plans": [{"Node Type": "Nested Loop","Parent Relationship": "Outer","Parallel Aware": false,"Async Capable": false,"Join Type": "Inner","Startup Cost": 1.14,"Total Cost": 34202.93,"Plan Rows": 40,"Plan Width": 31,"Actual Startup Time": 0.482,"Actual Total Time": 981.866,"Actual Rows": 109556,"Actual Loops": 3,"Inner Unique": true,"Workers": [],"Plans": [{"Node Type": "Nested Loop","Parent Relationship": "Outer","Parallel Aware": false,"Async Capable": false,"Join Type": "Inner","Startup Cost": 0.86,"Total Cost": 34190.82,"Plan Rows": 40,"Plan Width": 35,"Actual Startup Time": 0.370,"Actual Total Time": 797.400,"Actual Rows": 109556,"Actual Loops": 3,"Inner Unique": false,"Workers": [],"Plans": [{"Node Type": "Nested Loop","Parent Relationship": "Outer","Parallel Aware": false,"Async Capable": false,"Join Type": "Inner","Startup Cost": 0.42,"Total Cost": 19885.25,"Plan Rows": 13468,"Plan Width": 18,"Actual Startup Time": 0.230,"Actual Total Time": 117.251,"Actual Rows": 14572,"Actual Loops": 3,"Inner Unique": false,"Workers": [],"Plans": [{"Node Type": "Seq Scan","Parent Relationship": "Outer","Parallel Aware": true,"Async Capable": false,"Relation Name": "part","Alias": "part","Startup Cost": 0.00,"Total Cost": 5138.67,"Plan Rows": 3367,"Plan Width": 4,"Actual Startup Time": 0.067,"Actual Total Time": 50.326,"Actual Rows": 3643,"Actual Loops": 3,"Filter": "((p_name)::text ~~ '%grey%'::text)","Rows Removed by Filter": 63024,"Workers": []},{"Node Type": "Index Scan","Parent Relationship": "Inner","Parallel Aware": false,"Async Capable": false,"Scan Direction": "Forward","Index Name": "idx_partsupp_partkey","Relation Name": "partsupp","Alias": "partsupp","Startup Cost": 0.42,"Total Cost": 4.34,"Plan Rows": 4,"Plan Width": 14,"Actual Startup Time": 0.014,"Actual Total Time": 0.018,"Actual Rows": 4,"Actual Loops": 10929,"Index Cond": "(ps_partkey = part.p_partkey)","Rows Removed by Index Recheck": 0,"Workers": []}]},{"Node Type": "Index Scan","Parent Relationship": "Inner","Parallel Aware": false,"Async Capable": false,"Scan Direction": "Forward","Index Name": "idx_lineitem_part_supp","Relation Name": "lineitem","Alias": "lineitem","Startup Cost": 0.43,"Total Cost": 1.05,"Plan Rows": 1,"Plan Width": 29,"Actual Startup Time": 0.007,"Actual Total Time": 0.045,"Actual Rows": 8,"Actual Loops": 43716,"Index Cond": "((l_partkey = partsupp.ps_partkey) AND (l_suppkey = partsupp.ps_suppkey))","Rows Removed by Index Recheck": 0,"Workers": []}]},{"Node Type": "Index Scan","Parent Relationship": "Inner","Parallel Aware": false,"Async Capable": false,"Scan Direction": "Forward","Index Name": "supplier_pkey","Relation Name": "supplier","Alias": "supplier","Startup Cost": 0.29,"Total Cost": 0.30,"Plan Rows": 1,"Plan Width": 8,"Actual Startup Time": 0.001,"Actual Total Time": 0.001,"Actual Rows": 1,"Actual Loops": 328668,"Index Cond": "(s_suppkey = lineitem.l_suppkey)","Rows Removed by Index Recheck": 0,"Workers": []}]},{"Node Type": "Index Scan","Parent Relationship": "Inner","Parallel Aware": false,"Async Capable": false,"Scan Direction": "Forward","Index Name": "orders_pkey","Relation Name": "orders","Alias": "orders","Startup Cost": 0.43,"Total Cost": 0.47,"Plan Rows": 1,"Plan Width": 8,"Actual Startup Time": 0.010,"Actual Total Time": 0.010,"Actual Rows": 1,"Actual Loops": 328668,"Index Cond": "(o_orderkey = lineitem.l_orderkey)","Rows Removed by Index Recheck": 0,"Workers": []}]},{"Node Type": "Hash","Parent Relationship": "Inner","Parallel Aware": false,"Async Capable": false,"Startup Cost": 1.25,"Total Cost": 1.25,"Plan Rows": 25,"Plan Width": 108,"Actual Startup Time": 0.086,"Actual Total Time": 0.097,"Actual Rows": 25,"Actual Loops": 3,"Hash Buckets": 1024,"Original Hash Buckets": 1024,"Hash Batches": 1,"Original Hash Batches": 1,"Peak Memory Usage": 10,"Workers": [],"Plans": [{"Node Type": "Seq Scan","Parent Relationship": "Outer","Parallel Aware": false,"Async Capable": false,"Relation Name": "nation","Alias": "nation","Startup Cost": 0.00,"Total Cost": 1.25,"Plan Rows": 25,"Plan Width": 108,"Actual Startup Time": 0.056,"Actual Total Time": 0.063,"Actual Rows": 25,"Actual Loops": 3,"Workers": []}]}]}]}]}]}]},"Planning Time": 11.608,"Triggers": [],"Execution Time": 2530.681}]
[{"Plan": {"Node Type": "Aggregate","Strategy": "Sorted","Partial Mode": "Finalize","Parallel Aware": false,"Async Capable": false,"Startup Cost": 41381.04,"Total Cost": 41397.45,"Plan Rows": 122,"Plan Width": 168,"Actual Startup Time": 2369.291,"Actual Total Time": 2478.707,"Actual Rows": 175,"Actual Loops": 1,"Group Key": ["nation.n_name", "(EXTRACT(year FROM orders.o_orderdate))"],"Plans": [{"Node Type": "Gather Merge","Parent Relationship": "Outer","Parallel Aware": false,"Async Capable": false,"Startup Cost": 41381.04,"Total Cost": 41394.60,"Plan Rows": 102,"Plan Width": 168,"Actual Startup Time": 2368.553,"Actual Total Time": 2478.320,"Actual Rows": 525,"Actual Loops": 1,"Workers Planned": 2,"Workers Launched": 2,"Plans": [{"Node Type": "Aggregate","Strategy": "Sorted","Partial Mode": "Partial","Parent Relationship": "Outer","Parallel Aware": false,"Async Capable": false,"Startup Cost": 40381.01,"Total Cost": 40382.80,"Plan Rows": 51,"Plan Width": 168,"Actual Startup Time": 2234.651,"Actual Total Time": 2367.808,"Actual Rows": 175,"Actual Loops": 3,"Group Key": ["nation.n_name", "(EXTRACT(year FROM orders.o_orderdate))"],"Workers": [],"Plans": [{"Node Type": "Sort","Parent Relationship": "Outer","Parallel Aware": false,"Async Capable": false,"Startup Cost": 40381.01,"Total Cost": 40381.14,"Plan Rows": 51,"Plan Width": 159,"Actual Startup Time": 2234.151,"Actual Total Time": 2281.175,"Actual Rows": 106377,"Actual Loops": 3,"Sort Key": ["nation.n_name", "(EXTRACT(year FROM orders.o_orderdate)) DESC"],"Sort Method": "quicksort","Sort Space Used": 13281,"Sort Space Type": "Memory","Workers": [{"Worker Number": 0,"Sort Method": "quicksort","Sort Space Used": 13894,"Sort Space Type": "Memory"},{"Worker Number": 1,"Sort Method": "quicksort","Sort Space Used": 13818,"Sort Space Type": "Memory"}],"Plans": [{"Node Type": "Hash Join","Parent Relationship": "Outer","Parallel Aware": false,"Async Capable": false,"Join Type": "Inner","Startup Cost": 3.13,"Total Cost": 40379.57,"Plan Rows": 51,"Plan Width": 159,"Actual Startup Time": 0.768,"Actual Total Time": 2087.367,"Actual Rows": 106377,"Actual Loops": 3,"Inner Unique": true,"Hash Cond": "(supplier.s_nationkey = nation.n_nationkey)","Workers": [],"Plans": [{"Node Type": "Nested Loop","Parent Relationship": "Outer","Parallel Aware": false,"Async Capable": false,"Join Type": "Inner","Startup Cost": 1.57,"Total Cost": 40377.72,"Plan Rows": 51,"Plan Width": 31,"Actual Startup Time": 0.548,"Actual Total Time": 2056.182,"Actual Rows": 106377,"Actual Loops": 3,"Inner Unique": true,"Workers": [],"Plans": [{"Node Type": "Nested Loop","Parent Relationship": "Outer","Parallel Aware": false,"Async Capable": false,"Join Type": "Inner","Startup Cost": 1.14,"Total Cost": 40354.00,"Plan Rows": 51,"Plan Width": 31,"Actual Startup Time": 0.413,"Actual Total Time": 960.517,"Actual Rows": 106377,"Actual Loops": 3,"Inner Unique": true,"Workers": [],"Plans": [{"Node Type": "Nested Loop","Parent Relationship": "Outer","Parallel Aware": false,"Async Capable": false,"Join Type": "Inner","Startup Cost": 0.86,"Total Cost": 40338.56,"Plan Rows": 51,"Plan Width": 35,"Actual Startup Time": 0.324,"Actual Total Time": 781.220,"Actual Rows": 106377,"Actual Loops": 3,"Inner Unique": false,"Workers": [],"Plans": [{"Node Type": "Nested Loop","Parent Relationship": "Outer","Parallel Aware": false,"Async Capable": false,"Join Type": "Inner","Startup Cost": 0.42,"Total Cost": 22456.59,"Plan Rows": 16835,"Plan Width": 18,"Actual Startup Time": 0.210,"Actual Total Time": 116.185,"Actual Rows": 14180,"Actual Loops": 3,"Inner Unique": false,"Workers": [],"Plans": [{"Node Type": "Seq Scan","Parent Relationship": "Outer","Parallel Aware": true,"Async Capable": false,"Relation Name": "part","Alias": "part","Startup Cost": 0.00,"Total Cost": 5138.67,"Plan Rows": 4209,"Plan Width": 4,"Actual Startup Time": 0.080,"Actual Total Time": 50.374,"Actual Rows": 3545,"Actual Loops": 3,"Filter": "((p_name)::text ~~ '%gainsboro%'::text)","Rows Removed by Filter": 63122,"Workers": []},{"Node Type": "Index Scan","Parent Relationship": "Inner","Parallel Aware": false,"Async Capable": false,"Scan Direction": "Forward","Index Name": "idx_partsupp_partkey","Relation Name": "partsupp","Alias": "partsupp","Startup Cost": 0.42,"Total Cost": 4.07,"Plan Rows": 4,"Plan Width": 14,"Actual Startup Time": 0.014,"Actual Total Time": 0.018,"Actual Rows": 4,"Actual Loops": 10635,"Index Cond": "(ps_partkey = part.p_partkey)","Rows Removed by Index Recheck": 0,"Workers": []}]},{"Node Type": "Index Scan","Parent Relationship": "Inner","Parallel Aware": false,"Async Capable": false,"Scan Direction": "Forward","Index Name": "idx_lineitem_part_supp","Relation Name": "lineitem","Alias": "lineitem","Startup Cost": 0.43,"Total Cost": 1.05,"Plan Rows": 1,"Plan Width": 29,"Actual Startup Time": 0.007,"Actual Total Time": 0.045,"Actual Rows": 8,"Actual Loops": 42540,"Index Cond": "((l_partkey = partsupp.ps_partkey) AND (l_suppkey = partsupp.ps_suppkey))","Rows Removed by Index Recheck": 0,"Workers": []}]},{"Node Type": "Index Scan","Parent Relationship": "Inner","Parallel Aware": false,"Async Capable": false,"Scan Direction": "Forward","Index Name": "supplier_pkey","Relation Name": "supplier","Alias": "supplier","Startup Cost": 0.29,"Total Cost": 0.30,"Plan Rows": 1,"Plan Width": 8,"Actual Startup Time": 0.001,"Actual Total Time": 0.001,"Actual Rows": 1,"Actual Loops": 319131,"Index Cond": "(s_suppkey = lineitem.l_suppkey)","Rows Removed by Index Recheck": 0,"Workers": []}]},{"Node Type": "Index Scan","Parent Relationship": "Inner","Parallel Aware": false,"Async Capable": false,"Scan Direction": "Forward","Index Name": "orders_pkey","Relation Name": "orders","Alias": "orders","Startup Cost": 0.43,"Total Cost": 0.47,"Plan Rows": 1,"Plan Width": 8,"Actual Startup Time": 0.010,"Actual Total Time": 0.010,"Actual Rows": 1,"Actual Loops": 319131,"Index Cond": "(o_orderkey = lineitem.l_orderkey)","Rows Removed by Index Recheck": 0,"Workers": []}]},{"Node Type": "Hash","Parent Relationship": "Inner","Parallel Aware": false,"Async Capable": false,"Startup Cost": 1.25,"Total Cost": 1.25,"Plan Rows": 25,"Plan Width": 108,"Actual Startup Time": 0.092,"Actual Total Time": 0.105,"Actual Rows": 25,"Actual Loops": 3,"Hash Buckets": 1024,"Original Hash Buckets": 1024,"Hash Batches": 1,"Original Hash Batches": 1,"Peak Memory Usage": 10,"Workers": [],"Plans": [{"Node Type": "Seq Scan","Parent Relationship": "Outer","Parallel Aware": false,"Async Capable": false,"Relation Name": "nation","Alias": "nation","Startup Cost": 0.00,"Total Cost": 1.25,"Plan Rows": 25,"Plan Width": 108,"Actual Startup Time": 0.059,"Actual Total Time": 0.067,"Actual Rows": 25,"Actual Loops": 3,"Workers": []}]}]}]}]}]}]},"Planning Time": 12.024,"Triggers": [],"Execution Time": 2481.928}]
[{"Plan": {"Node Type": "Aggregate","Strategy": "Sorted","Partial Mode": "Finalize","Parallel Aware": false,"Async Capable": false,"Startup Cost": 35224.41,"Total Cost": 35237.30,"Plan Rows": 97,"Plan Width": 168,"Actual Startup Time": 2448.509,"Actual Total Time": 2590.402,"Actual Rows": 175,"Actual Loops": 1,"Group Key": ["nation.n_name", "(EXTRACT(year FROM orders.o_orderdate))"],"Plans": [{"Node Type": "Gather Merge","Parent Relationship": "Outer","Parallel Aware": false,"Async Capable": false,"Startup Cost": 35224.41,"Total Cost": 35235.05,"Plan Rows": 80,"Plan Width": 168,"Actual Startup Time": 2446.328,"Actual Total Time": 2589.879,"Actual Rows": 525,"Actual Loops": 1,"Workers Planned": 2,"Workers Launched": 2,"Plans": [{"Node Type": "Aggregate","Strategy": "Sorted","Partial Mode": "Partial","Parent Relationship": "Outer","Parallel Aware": false,"Async Capable": false,"Startup Cost": 34224.39,"Total Cost": 34225.79,"Plan Rows": 40,"Plan Width": 168,"Actual Startup Time": 2328.455,"Actual Total Time": 2453.319,"Actual Rows": 175,"Actual Loops": 3,"Group Key": ["nation.n_name", "(EXTRACT(year FROM orders.o_orderdate))"],"Workers": [],"Plans": [{"Node Type": "Sort","Parent Relationship": "Outer","Parallel Aware": false,"Async Capable": false,"Startup Cost": 34224.39,"Total Cost": 34224.49,"Plan Rows": 40,"Plan Width": 159,"Actual Startup Time": 2327.759,"Actual Total Time": 2370.420,"Actual Rows": 109541,"Actual Loops": 3,"Sort Key": ["nation.n_name", "(EXTRACT(year FROM orders.o_orderdate)) DESC"],"Sort Method": "quicksort","Sort Space Used": 14008,"Sort Space Type": "Memory","Workers": [{"Worker Number": 0,"Sort Method": "quicksort","Sort Space Used": 14427,"Sort Space Type": "Memory"},{"Worker Number": 1,"Sort Method": "quicksort","Sort Space Used": 13506,"Sort Space Type": "Memory"}],"Plans": [{"Node Type": "Hash Join","Parent Relationship": "Outer","Parallel Aware": false,"Async Capable": false,"Join Type": "Inner","Startup Cost": 3.13,"Total Cost": 34223.32,"Plan Rows": 40,"Plan Width": 159,"Actual Startup Time": 0.672,"Actual Total Time": 2178.227,"Actual Rows": 109541,"Actual Loops": 3,"Inner Unique": true,"Hash Cond": "(supplier.s_nationkey = nation.n_nationkey)","Workers": [],"Plans": [{"Node Type": "Nested Loop","Parent Relationship": "Outer","Parallel Aware": false,"Async Capable": false,"Join Type": "Inner","Startup Cost": 1.57,"Total Cost": 34221.53,"Plan Rows": 40,"Plan Width": 31,"Actual Startup Time": 0.501,"Actual Total Time": 2146.411,"Actual Rows": 109541,"Actual Loops": 3,"Inner Unique": true,"Workers": [],"Plans": [{"Node Type": "Nested Loop","Parent Relationship": "Outer","Parallel Aware": false,"Async Capable": false,"Join Type": "Inner","Startup Cost": 1.14,"Total Cost": 34202.93,"Plan Rows": 40,"Plan Width": 31,"Actual Startup Time": 0.383,"Actual Total Time": 995.071,"Actual Rows": 109541,"Actual Loops": 3,"Inner Unique": true,"Workers": [],"Plans": [{"Node Type": "Nested Loop","Parent Relationship": "Outer","Parallel Aware": false,"Async Capable": false,"Join Type": "Inner","Startup Cost": 0.86,"Total Cost": 34190.82,"Plan Rows": 40,"Plan Width": 35,"Actual Startup Time": 0.293,"Actual Total Time": 807.463,"Actual Rows": 109541,"Actual Loops": 3,"Inner Unique": false,"Workers": [],"Plans": [{"Node Type": "Nested Loop","Parent Relationship": "Outer","Parallel Aware": false,"Async Capable": false,"Join Type": "Inner","Startup Cost": 0.42,"Total Cost": 19885.25,"Plan Rows": 13468,"Plan Width": 18,"Actual Startup Time": 0.172,"Actual Total Time": 119.590,"Actual Rows": 14584,"Actual Loops": 3,"Inner Unique": false,"Workers": [],"Plans": [{"Node Type": "Seq Scan","Parent Relationship": "Outer","Parallel Aware": true,"Async Capable": false,"Relation Name": "part","Alias": "part","Startup Cost": 0.00,"Total Cost": 5138.67,"Plan Rows": 3367,"Plan Width": 4,"Actual Startup Time": 0.050,"Actual Total Time": 51.876,"Actual Rows": 3646,"Actual Loops": 3,"Filter": "((p_name)::text ~~ '%lavender%'::text)","Rows Removed by Filter": 63021,"Workers": []},{"Node Type": "Index Scan","Parent Relationship": "Inner","Parallel Aware": false,"Async Capable": false,"Scan Direction": "Forward","Index Name": "idx_partsupp_partkey","Relation Name": "partsupp","Alias": "partsupp","Startup Cost": 0.42,"Total Cost": 4.34,"Plan Rows": 4,"Plan Width": 14,"Actual Startup Time": 0.014,"Actual Total Time": 0.018,"Actual Rows": 4,"Actual Loops": 10938,"Index Cond": "(ps_partkey = part.p_partkey)","Rows Removed by Index Recheck": 0,"Workers": []}]},{"Node Type": "Index Scan","Parent Relationship": "Inner","Parallel Aware": false,"Async Capable": false,"Scan Direction": "Forward","Index Name": "idx_lineitem_part_supp","Relation Name": "lineitem","Alias": "lineitem","Startup Cost": 0.43,"Total Cost": 1.05,"Plan Rows": 1,"Plan Width": 29,"Actual Startup Time": 0.007,"Actual Total Time": 0.045,"Actual Rows": 8,"Actual Loops": 43752,"Index Cond": "((l_partkey = partsupp.ps_partkey) AND (l_suppkey = partsupp.ps_suppkey))","Rows Removed by Index Recheck": 0,"Workers": []}]},{"Node Type": "Index Scan","Parent Relationship": "Inner","Parallel Aware": false,"Async Capable": false,"Scan Direction": "Forward","Index Name": "supplier_pkey","Relation Name": "supplier","Alias": "supplier","Startup Cost": 0.29,"Total Cost": 0.30,"Plan Rows": 1,"Plan Width": 8,"Actual Startup Time": 0.001,"Actual Total Time": 0.001,"Actual Rows": 1,"Actual Loops": 328622,"Index Cond": "(s_suppkey = lineitem.l_suppkey)","Rows Removed by Index Recheck": 0,"Workers": []}]},{"Node Type": "Index Scan","Parent Relationship": "Inner","Parallel Aware": false,"Async Capable": false,"Scan Direction": "Forward","Index Name": "orders_pkey","Relation Name": "orders","Alias": "orders","Startup Cost": 0.43,"Total Cost": 0.47,"Plan Rows": 1,"Plan Width": 8,"Actual Startup Time": 0.010,"Actual Total Time": 0.010,"Actual Rows": 1,"Actual Loops": 328622,"Index Cond": "(o_orderkey = lineitem.l_orderkey)","Rows Removed by Index Recheck": 0,"Workers": []}]},{"Node Type": "Hash","Parent Relationship": "Inner","Parallel Aware": false,"Async Capable": false,"Startup Cost": 1.25,"Total Cost": 1.25,"Plan Rows": 25,"Plan Width": 108,"Actual Startup Time": 0.078,"Actual Total Time": 0.087,"Actual Rows": 25,"Actual Loops": 3,"Hash Buckets": 1024,"Original Hash Buckets": 1024,"Hash Batches": 1,"Original Hash Batches": 1,"Peak Memory Usage": 10,"Workers": [],"Plans": [{"Node Type": "Seq Scan","Parent Relationship": "Outer","Parallel Aware": false,"Async Capable": false,"Relation Name": "nation","Alias": "nation","Startup Cost": 0.00,"Total Cost": 1.25,"Plan Rows": 25,"Plan Width": 108,"Actual Startup Time": 0.049,"Actual Total Time": 0.055,"Actual Rows": 25,"Actual Loops": 3,"Workers": []}]}]}]}]}]}]},"Planning Time": 11.935,"Triggers": [],"Execution Time": 2592.244}]
[{"Plan": {"Node Type": "Aggregate","Strategy": "Sorted","Partial Mode": "Finalize","Parallel Aware": false,"Async Capable": false,"Startup Cost": 35224.41,"Total Cost": 35237.30,"Plan Rows": 97,"Plan Width": 168,"Actual Startup Time": 2434.813,"Actual Total Time": 2617.795,"Actual Rows": 175,"Actual Loops": 1,"Group Key": ["nation.n_name", "(EXTRACT(year FROM orders.o_orderdate))"],"Plans": [{"Node Type": "Gather Merge","Parent Relationship": "Outer","Parallel Aware": false,"Async Capable": false,"Startup Cost": 35224.41,"Total Cost": 35235.05,"Plan Rows": 80,"Plan Width": 168,"Actual Startup Time": 2432.801,"Actual Total Time": 2617.397,"Actual Rows": 525,"Actual Loops": 1,"Workers Planned": 2,"Workers Launched": 2,"Plans": [{"Node Type": "Aggregate","Strategy": "Sorted","Partial Mode": "Partial","Parent Relationship": "Outer","Parallel Aware": false,"Async Capable": false,"Startup Cost": 34224.39,"Total Cost": 34225.79,"Plan Rows": 40,"Plan Width": 168,"Actual Startup Time": 2321.601,"Actual Total Time": 2469.813,"Actual Rows": 175,"Actual Loops": 3,"Group Key": ["nation.n_name", "(EXTRACT(year FROM orders.o_orderdate))"],"Workers": [],"Plans": [{"Node Type": "Sort","Parent Relationship": "Outer","Parallel Aware": false,"Async Capable": false,"Startup Cost": 34224.39,"Total Cost": 34224.49,"Plan Rows": 40,"Plan Width": 159,"Actual Startup Time": 2320.901,"Actual Total Time": 2375.985,"Actual Rows": 108219,"Actual Loops": 3,"Sort Key": ["nation.n_name", "(EXTRACT(year FROM orders.o_orderdate)) DESC"],"Sort Method": "quicksort","Sort Space Used": 14500,"Sort Space Type": "Memory","Workers": [{"Worker Number": 0,"Sort Method": "quicksort","Sort Space Used": 13516,"Sort Space Type": "Memory"},{"Worker Number": 1,"Sort Method": "quicksort","Sort Space Used": 13530,"Sort Space Type": "Memory"}],"Plans": [{"Node Type": "Hash Join","Parent Relationship": "Outer","Parallel Aware": false,"Async Capable": false,"Join Type": "Inner","Startup Cost": 3.13,"Total Cost": 34223.32,"Plan Rows": 40,"Plan Width": 159,"Actual Startup Time": 0.812,"Actual Total Time": 2175.871,"Actual Rows": 108219,"Actual Loops": 3,"Inner Unique": true,"Hash Cond": "(supplier.s_nationkey = nation.n_nationkey)","Workers": [],"Plans": [{"Node Type": "Nested Loop","Parent Relationship": "Outer","Parallel Aware": false,"Async Capable": false,"Join Type": "Inner","Startup Cost": 1.57,"Total Cost": 34221.53,"Plan Rows": 40,"Plan Width": 31,"Actual Startup Time": 0.611,"Actual Total Time": 2144.353,"Actual Rows": 108219,"Actual Loops": 3,"Inner Unique": true,"Workers": [],"Plans": [{"Node Type": "Nested Loop","Parent Relationship": "Outer","Parallel Aware": false,"Async Capable": false,"Join Type": "Inner","Startup Cost": 1.14,"Total Cost": 34202.93,"Plan Rows": 40,"Plan Width": 31,"Actual Startup Time": 0.476,"Actual Total Time": 1001.070,"Actual Rows": 108219,"Actual Loops": 3,"Inner Unique": true,"Workers": [],"Plans": [{"Node Type": "Nested Loop","Parent Relationship": "Outer","Parallel Aware": false,"Async Capable": false,"Join Type": "Inner","Startup Cost": 0.86,"Total Cost": 34190.82,"Plan Rows": 40,"Plan Width": 35,"Actual Startup Time": 0.385,"Actual Total Time": 816.466,"Actual Rows": 108219,"Actual Loops": 3,"Inner Unique": false,"Workers": [],"Plans": [{"Node Type": "Nested Loop","Parent Relationship": "Outer","Parallel Aware": false,"Async Capable": false,"Join Type": "Inner","Startup Cost": 0.42,"Total Cost": 19885.25,"Plan Rows": 13468,"Plan Width": 18,"Actual Startup Time": 0.261,"Actual Total Time": 114.076,"Actual Rows": 14424,"Actual Loops": 3,"Inner Unique": false,"Workers": [],"Plans": [{"Node Type": "Seq Scan","Parent Relationship": "Outer","Parallel Aware": true,"Async Capable": false,"Relation Name": "part","Alias": "part","Startup Cost": 0.00,"Total Cost": 5138.67,"Plan Rows": 3367,"Plan Width": 4,"Actual Startup Time": 0.096,"Actual Total Time": 48.568,"Actual Rows": 3606,"Actual Loops": 3,"Filter": "((p_name)::text ~~ '%plum%'::text)","Rows Removed by Filter": 63061,"Workers": []},{"Node Type": "Index Scan","Parent Relationship": "Inner","Parallel Aware": false,"Async Capable": false,"Scan Direction": "Forward","Index Name": "idx_partsupp_partkey","Relation Name": "partsupp","Alias": "partsupp","Startup Cost": 0.42,"Total Cost": 4.34,"Plan Rows": 4,"Plan Width": 14,"Actual Startup Time": 0.014,"Actual Total Time": 0.017,"Actual Rows": 4,"Actual Loops": 10818,"Index Cond": "(ps_partkey = part.p_partkey)","Rows Removed by Index Recheck": 0,"Workers": []}]},{"Node Type": "Index Scan","Parent Relationship": "Inner","Parallel Aware": false,"Async Capable": false,"Scan Direction": "Forward","Index Name": "idx_lineitem_part_supp","Relation Name": "lineitem","Alias": "lineitem","Startup Cost": 0.43,"Total Cost": 1.05,"Plan Rows": 1,"Plan Width": 29,"Actual Startup Time": 0.007,"Actual Total Time": 0.047,"Actual Rows": 8,"Actual Loops": 43272,"Index Cond": "((l_partkey = partsupp.ps_partkey) AND (l_suppkey = partsupp.ps_suppkey))","Rows Removed by Index Recheck": 0,"Workers": []}]},{"Node Type": "Index Scan","Parent Relationship": "Inner","Parallel Aware": false,"Async Capable": false,"Scan Direction": "Forward","Index Name": "supplier_pkey","Relation Name": "supplier","Alias": "supplier","Startup Cost": 0.29,"Total Cost": 0.30,"Plan Rows": 1,"Plan Width": 8,"Actual Startup Time": 0.001,"Actual Total Time": 0.001,"Actual Rows": 1,"Actual Loops": 324656,"Index Cond": "(s_suppkey = lineitem.l_suppkey)","Rows Removed by Index Recheck": 0,"Workers": []}]},{"Node Type": "Index Scan","Parent Relationship": "Inner","Parallel Aware": false,"Async Capable": false,"Scan Direction": "Forward","Index Name": "orders_pkey","Relation Name": "orders","Alias": "orders","Startup Cost": 0.43,"Total Cost": 0.47,"Plan Rows": 1,"Plan Width": 8,"Actual Startup Time": 0.010,"Actual Total Time": 0.010,"Actual Rows": 1,"Actual Loops": 324656,"Index Cond": "(o_orderkey = lineitem.l_orderkey)","Rows Removed by Index Recheck": 0,"Workers": []}]},{"Node Type": "Hash","Parent Relationship": "Inner","Parallel Aware": false,"Async Capable": false,"Startup Cost": 1.25,"Total Cost": 1.25,"Plan Rows": 25,"Plan Width": 108,"Actual Startup Time": 0.084,"Actual Total Time": 0.092,"Actual Rows": 25,"Actual Loops": 3,"Hash Buckets": 1024,"Original Hash Buckets": 1024,"Hash Batches": 1,"Original Hash Batches": 1,"Peak Memory Usage": 10,"Workers": [],"Plans": [{"Node Type": "Seq Scan","Parent Relationship": "Outer","Parallel Aware": false,"Async Capable": false,"Relation Name": "nation","Alias": "nation","Startup Cost": 0.00,"Total Cost": 1.25,"Plan Rows": 25,"Plan Width": 108,"Actual Startup Time": 0.059,"Actual Total Time": 0.065,"Actual Rows": 25,"Actual Loops": 3,"Workers": []}]}]}]}]}]}]},"Planning Time": 12.232,"Triggers": [],"Execution Time": 2620.668}]
[{"Plan": {"Node Type": "Aggregate","Strategy": "Sorted","Partial Mode": "Finalize","Parallel Aware": false,"Async Capable": false,"Startup Cost": 41381.04,"Total Cost": 41397.45,"Plan Rows": 122,"Plan Width": 168,"Actual Startup Time": 2451.259,"Actual Total Time": 2559.957,"Actual Rows": 175,"Actual Loops": 1,"Group Key": ["nation.n_name", "(EXTRACT(year FROM orders.o_orderdate))"],"Plans": [{"Node Type": "Gather Merge","Parent Relationship": "Outer","Parallel Aware": false,"Async Capable": false,"Startup Cost": 41381.04,"Total Cost": 41394.60,"Plan Rows": 102,"Plan Width": 168,"Actual Startup Time": 2449.596,"Actual Total Time": 2559.597,"Actual Rows": 525,"Actual Loops": 1,"Workers Planned": 2,"Workers Launched": 2,"Plans": [{"Node Type": "Aggregate","Strategy": "Sorted","Partial Mode": "Partial","Parent Relationship": "Outer","Parallel Aware": false,"Async Capable": false,"Startup Cost": 40381.01,"Total Cost": 40382.80,"Plan Rows": 51,"Plan Width": 168,"Actual Startup Time": 2354.227,"Actual Total Time": 2477.890,"Actual Rows": 175,"Actual Loops": 3,"Group Key": ["nation.n_name", "(EXTRACT(year FROM orders.o_orderdate))"],"Workers": [],"Plans": [{"Node Type": "Sort","Parent Relationship": "Outer","Parallel Aware": false,"Async Capable": false,"Startup Cost": 40381.01,"Total Cost": 40381.14,"Plan Rows": 51,"Plan Width": 159,"Actual Startup Time": 2353.659,"Actual Total Time": 2394.615,"Actual Rows": 109711,"Actual Loops": 3,"Sort Key": ["nation.n_name", "(EXTRACT(year FROM orders.o_orderdate)) DESC"],"Sort Method": "quicksort","Sort Space Used": 14760,"Sort Space Type": "Memory","Workers": [{"Worker Number": 0,"Sort Method": "quicksort","Sort Space Used": 13620,"Sort Space Type": "Memory"},{"Worker Number": 1,"Sort Method": "quicksort","Sort Space Used": 13610,"Sort Space Type": "Memory"}],"Plans": [{"Node Type": "Hash Join","Parent Relationship": "Outer","Parallel Aware": false,"Async Capable": false,"Join Type": "Inner","Startup Cost": 3.13,"Total Cost": 40379.57,"Plan Rows": 51,"Plan Width": 159,"Actual Startup Time": 0.805,"Actual Total Time": 2206.423,"Actual Rows": 109711,"Actual Loops": 3,"Inner Unique": true,"Hash Cond": "(supplier.s_nationkey = nation.n_nationkey)","Workers": [],"Plans": [{"Node Type": "Nested Loop","Parent Relationship": "Outer","Parallel Aware": false,"Async Capable": false,"Join Type": "Inner","Startup Cost": 1.57,"Total Cost": 40377.72,"Plan Rows": 51,"Plan Width": 31,"Actual Startup Time": 0.608,"Actual Total Time": 2174.506,"Actual Rows": 109711,"Actual Loops": 3,"Inner Unique": true,"Workers": [],"Plans": [{"Node Type": "Nested Loop","Parent Relationship": "Outer","Parallel Aware": false,"Async Capable": false,"Join Type": "Inner","Startup Cost": 1.14,"Total Cost": 40354.00,"Plan Rows": 51,"Plan Width": 31,"Actual Startup Time": 0.463,"Actual Total Time": 1012.005,"Actual Rows": 109711,"Actual Loops": 3,"Inner Unique": true,"Workers": [],"Plans": [{"Node Type": "Nested Loop","Parent Relationship": "Outer","Parallel Aware": false,"Async Capable": false,"Join Type": "Inner","Startup Cost": 0.86,"Total Cost": 40338.56,"Plan Rows": 51,"Plan Width": 35,"Actual Startup Time": 0.379,"Actual Total Time": 824.842,"Actual Rows": 109711,"Actual Loops": 3,"Inner Unique": false,"Workers": [],"Plans": [{"Node Type": "Nested Loop","Parent Relationship": "Outer","Parallel Aware": false,"Async Capable": false,"Join Type": "Inner","Startup Cost": 0.42,"Total Cost": 22456.59,"Plan Rows": 16835,"Plan Width": 18,"Actual Startup Time": 0.239,"Actual Total Time": 115.107,"Actual Rows": 14620,"Actual Loops": 3,"Inner Unique": false,"Workers": [],"Plans": [{"Node Type": "Seq Scan","Parent Relationship": "Outer","Parallel Aware": true,"Async Capable": false,"Relation Name": "part","Alias": "part","Startup Cost": 0.00,"Total Cost": 5138.67,"Plan Rows": 4209,"Plan Width": 4,"Actual Startup Time": 0.070,"Actual Total Time": 48.754,"Actual Rows": 3655,"Actual Loops": 3,"Filter": "((p_name)::text ~~ '%blanched%'::text)","Rows Removed by Filter": 63012,"Workers": []},{"Node Type": "Index Scan","Parent Relationship": "Inner","Parallel Aware": false,"Async Capable": false,"Scan Direction": "Forward","Index Name": "idx_partsupp_partkey","Relation Name": "partsupp","Alias": "partsupp","Startup Cost": 0.42,"Total Cost": 4.07,"Plan Rows": 4,"Plan Width": 14,"Actual Startup Time": 0.014,"Actual Total Time": 0.017,"Actual Rows": 4,"Actual Loops": 10965,"Index Cond": "(ps_partkey = part.p_partkey)","Rows Removed by Index Recheck": 0,"Workers": []}]},{"Node Type": "Index Scan","Parent Relationship": "Inner","Parallel Aware": false,"Async Capable": false,"Scan Direction": "Forward","Index Name": "idx_lineitem_part_supp","Relation Name": "lineitem","Alias": "lineitem","Startup Cost": 0.43,"Total Cost": 1.05,"Plan Rows": 1,"Plan Width": 29,"Actual Startup Time": 0.007,"Actual Total Time": 0.047,"Actual Rows": 8,"Actual Loops": 43860,"Index Cond": "((l_partkey = partsupp.ps_partkey) AND (l_suppkey = partsupp.ps_suppkey))","Rows Removed by Index Recheck": 0,"Workers": []}]},{"Node Type": "Index Scan","Parent Relationship": "Inner","Parallel Aware": false,"Async Capable": false,"Scan Direction": "Forward","Index Name": "supplier_pkey","Relation Name": "supplier","Alias": "supplier","Startup Cost": 0.29,"Total Cost": 0.30,"Plan Rows": 1,"Plan Width": 8,"Actual Startup Time": 0.001,"Actual Total Time": 0.001,"Actual Rows": 1,"Actual Loops": 329134,"Index Cond": "(s_suppkey = lineitem.l_suppkey)","Rows Removed by Index Recheck": 0,"Workers": []}]},{"Node Type": "Index Scan","Parent Relationship": "Inner","Parallel Aware": false,"Async Capable": false,"Scan Direction": "Forward","Index Name": "orders_pkey","Relation Name": "orders","Alias": "orders","Startup Cost": 0.43,"Total Cost": 0.47,"Plan Rows": 1,"Plan Width": 8,"Actual Startup Time": 0.010,"Actual Total Time": 0.010,"Actual Rows": 1,"Actual Loops": 329134,"Index Cond": "(o_orderkey = lineitem.l_orderkey)","Rows Removed by Index Recheck": 0,"Workers": []}]},{"Node Type": "Hash","Parent Relationship": "Inner","Parallel Aware": false,"Async Capable": false,"Startup Cost": 1.25,"Total Cost": 1.25,"Plan Rows": 25,"Plan Width": 108,"Actual Startup Time": 0.089,"Actual Total Time": 0.097,"Actual Rows": 25,"Actual Loops": 3,"Hash Buckets": 1024,"Original Hash Buckets": 1024,"Hash Batches": 1,"Original Hash Batches": 1,"Peak Memory Usage": 10,"Workers": [],"Plans": [{"Node Type": "Seq Scan","Parent Relationship": "Outer","Parallel Aware": false,"Async Capable": false,"Relation Name": "nation","Alias": "nation","Startup Cost": 0.00,"Total Cost": 1.25,"Plan Rows": 25,"Plan Width": 108,"Actual Startup Time": 0.061,"Actual Total Time": 0.066,"Actual Rows": 25,"Actual Loops": 3,"Workers": []}]}]}]}]}]}]},"Planning Time": 11.831,"Triggers": [],"Execution Time": 2562.813}]
[{"Plan": {"Node Type": "Aggregate","Strategy": "Sorted","Partial Mode": "Finalize","Parallel Aware": false,"Async Capable": false,"Startup Cost": 46348.90,"Total Cost": 46374.41,"Plan Rows": 170,"Plan Width": 168,"Actual Startup Time": 1703.802,"Actual Total Time": 1828.802,"Actual Rows": 175,"Actual Loops": 1,"Group Key": ["nation.n_name", "(EXTRACT(year FROM orders.o_orderdate))"],"Plans": [{"Node Type": "Gather Merge","Parent Relationship": "Outer","Parallel Aware": false,"Async Capable": false,"Startup Cost": 46348.90,"Total Cost": 46370.21,"Plan Rows": 165,"Plan Width": 168,"Actual Startup Time": 1702.647,"Actual Total Time": 1828.292,"Actual Rows": 700,"Actual Loops": 1,"Workers Planned": 3,"Workers Launched": 3,"Plans": [{"Node Type": "Aggregate","Strategy": "Sorted","Partial Mode": "Partial","Parent Relationship": "Outer","Parallel Aware": false,"Async Capable": false,"Startup Cost": 45348.86,"Total Cost": 45350.79,"Plan Rows": 55,"Plan Width": 168,"Actual Startup Time": 1619.862,"Actual Total Time": 1717.365,"Actual Rows": 175,"Actual Loops": 4,"Group Key": ["nation.n_name", "(EXTRACT(year FROM orders.o_orderdate))"],"Workers": [],"Plans": [{"Node Type": "Sort","Parent Relationship": "Outer","Parallel Aware": false,"Async Capable": false,"Startup Cost": 45348.86,"Total Cost": 45349.00,"Plan Rows": 55,"Plan Width": 159,"Actual Startup Time": 1619.469,"Actual Total Time": 1654.019,"Actual Rows": 80641,"Actual Loops": 4,"Sort Key": ["nation.n_name", "(EXTRACT(year FROM orders.o_orderdate)) DESC"],"Sort Method": "quicksort","Sort Space Used": 11007,"Sort Space Type": "Memory","Workers": [{"Worker Number": 0,"Sort Method": "quicksort","Sort Space Used": 10859,"Sort Space Type": "Memory"},{"Worker Number": 1,"Sort Method": "quicksort","Sort Space Used": 11221,"Sort Space Type": "Memory"},{"Worker Number": 2,"Sort Method": "quicksort","Sort Space Used": 11314,"Sort Space Type": "Memory"}],"Plans": [{"Node Type": "Hash Join","Parent Relationship": "Outer","Parallel Aware": false,"Async Capable": false,"Join Type": "Inner","Startup Cost": 5215.02,"Total Cost": 45347.27,"Plan Rows": 55,"Plan Width": 159,"Actual Startup Time": 21.592,"Actual Total Time": 1520.847,"Actual Rows": 80641,"Actual Loops": 4,"Inner Unique": true,"Hash Cond": "(supplier.s_nationkey = nation.n_nationkey)","Workers": [],"Plans": [{"Node Type": "Nested Loop","Parent Relationship": "Outer","Parallel Aware": false,"Async Capable": false,"Join Type": "Inner","Startup Cost": 5213.46,"Total Cost": 45345.40,"Plan Rows": 55,"Plan Width": 31,"Actual Startup Time": 21.389,"Actual Total Time": 1497.621,"Actual Rows": 80641,"Actual Loops": 4,"Inner Unique": true,"Workers": [],"Plans": [{"Node Type": "Nested Loop","Parent Relationship": "Outer","Parallel Aware": false,"Async Capable": false,"Join Type": "Inner","Startup Cost": 5213.03,"Total Cost": 45319.82,"Plan Rows": 55,"Plan Width": 31,"Actual Startup Time": 21.303,"Actual Total Time": 772.716,"Actual Rows": 80641,"Actual Loops": 4,"Inner Unique": true,"Workers": [],"Plans": [{"Node Type": "Nested Loop","Parent Relationship": "Outer","Parallel Aware": false,"Async Capable": false,"Join Type": "Inner","Startup Cost": 5212.75,"Total Cost": 45303.17,"Plan Rows": 55,"Plan Width": 35,"Actual Startup Time": 21.245,"Actual Total Time": 636.617,"Actual Rows": 80641,"Actual Loops": 4,"Inner Unique": false,"Workers": [],"Plans": [{"Node Type": "Hash Join","Parent Relationship": "Outer","Parallel Aware": true,"Async Capable": false,"Join Type": "Inner","Startup Cost": 5212.32,"Total Cost": 25921.39,"Plan Rows": 18247,"Plan Width": 18,"Actual Startup Time": 21.168,"Actual Total Time": 184.026,"Actual Rows": 10733,"Actual Loops": 4,"Inner Unique": true,"Hash Cond": "(partsupp.ps_partkey = part.p_partkey)","Workers": [],"Plans": [{"Node Type": "Seq Scan","Parent Relationship": "Outer","Parallel Aware": true,"Async Capable": false,"Relation Name": "partsupp","Alias": "partsupp","Startup Cost": 0.00,"Total Cost": 20031.65,"Plan Rows": 258065,"Plan Width": 14,"Actual Startup Time": 0.010,"Actual Total Time": 42.275,"Actual Rows": 200000,"Actual Loops": 4,"Workers": []},{"Node Type": "Hash","Parent Relationship": "Inner","Parallel Aware": true,"Async Capable": false,"Startup Cost": 5138.67,"Total Cost": 5138.67,"Plan Rows": 5892,"Plan Width": 4,"Actual Startup Time": 21.027,"Actual Total Time": 21.038,"Actual Rows": 2683,"Actual Loops": 4,"Hash Buckets": 16384,"Original Hash Buckets": 16384,"Hash Batches": 1,"Original Hash Batches": 1,"Peak Memory Usage": 576,"Workers": [],"Plans": [{"Node Type": "Seq Scan","Parent Relationship": "Outer","Parallel Aware": true,"Async Capable": false,"Relation Name": "part","Alias": "part","Startup Cost": 0.00,"Total Cost": 5138.67,"Plan Rows": 5892,"Plan Width": 4,"Actual Startup Time": 0.074,"Actual Total Time": 19.689,"Actual Rows": 2683,"Actual Loops": 4,"Filter": "((p_name)::text ~~ '%cornsilk%'::text)","Rows Removed by Filter": 47317,"Workers": []}]}]},{"Node Type": "Index Scan","Parent Relationship": "Inner","Parallel Aware": false,"Async Capable": false,"Scan Direction": "Forward","Index Name": "idx_lineitem_part_supp","Relation Name": "lineitem","Alias": "lineitem","Startup Cost": 0.43,"Total Cost": 1.05,"Plan Rows": 1,"Plan Width": 29,"Actual Startup Time": 0.006,"Actual Total Time": 0.041,"Actual Rows": 8,"Actual Loops": 42932,"Index Cond": "((l_partkey = partsupp.ps_partkey) AND (l_suppkey = partsupp.ps_suppkey))","Rows Removed by Index Recheck": 0,"Workers": []}]},{"Node Type": "Index Scan","Parent Relationship": "Inner","Parallel Aware": false,"Async Capable": false,"Scan Direction": "Forward","Index Name": "supplier_pkey","Relation Name": "supplier","Alias": "supplier","Startup Cost": 0.29,"Total Cost": 0.30,"Plan Rows": 1,"Plan Width": 8,"Actual Startup Time": 0.001,"Actual Total Time": 0.001,"Actual Rows": 1,"Actual Loops": 322563,"Index Cond": "(s_suppkey = lineitem.l_suppkey)","Rows Removed by Index Recheck": 0,"Workers": []}]},{"Node Type": "Index Scan","Parent Relationship": "Inner","Parallel Aware": false,"Async Capable": false,"Scan Direction": "Forward","Index Name": "orders_pkey","Relation Name": "orders","Alias": "orders","Startup Cost": 0.43,"Total Cost": 0.47,"Plan Rows": 1,"Plan Width": 8,"Actual Startup Time": 0.009,"Actual Total Time": 0.009,"Actual Rows": 1,"Actual Loops": 322563,"Index Cond": "(o_orderkey = lineitem.l_orderkey)","Rows Removed by Index Recheck": 0,"Workers": []}]},{"Node Type": "Hash","Parent Relationship": "Inner","Parallel Aware": false,"Async Capable": false,"Startup Cost": 1.25,"Total Cost": 1.25,"Plan Rows": 25,"Plan Width": 108,"Actual Startup Time": 0.088,"Actual Total Time": 0.096,"Actual Rows": 25,"Actual Loops": 4,"Hash Buckets": 1024,"Original Hash Buckets": 1024,"Hash Batches": 1,"Original Hash Batches": 1,"Peak Memory Usage": 10,"Workers": [],"Plans": [{"Node Type": "Seq Scan","Parent Relationship": "Outer","Parallel Aware": false,"Async Capable": false,"Relation Name": "nation","Alias": "nation","Startup Cost": 0.00,"Total Cost": 1.25,"Plan Rows": 25,"Plan Width": 108,"Actual Startup Time": 0.056,"Actual Total Time": 0.063,"Actual Rows": 25,"Actual Loops": 4,"Workers": []}]}]}]}]}]}]},"Planning Time": 12.190,"Triggers": [],"Execution Time": 1830.103}]
[{"Plan": {"Node Type": "Aggregate","Strategy": "Sorted","Partial Mode": "Finalize","Parallel Aware": false,"Async Capable": false,"Startup Cost": 57491.59,"Total Cost": 57531.51,"Plan Rows": 268,"Plan Width": 168,"Actual Startup Time": 1716.576,"Actual Total Time": 1816.027,"Actual Rows": 175,"Actual Loops": 1,"Group Key": ["nation.n_name", "(EXTRACT(year FROM orders.o_orderdate))"],"Plans": [{"Node Type": "Gather Merge","Parent Relationship": "Outer","Parallel Aware": false,"Async Capable": false,"Startup Cost": 57491.59,"Total Cost": 57524.91,"Plan Rows": 258,"Plan Width": 168,"Actual Startup Time": 1715.100,"Actual Total Time": 1815.498,"Actual Rows": 700,"Actual Loops": 1,"Workers Planned": 3,"Workers Launched": 3,"Plans": [{"Node Type": "Aggregate","Strategy": "Sorted","Partial Mode": "Partial","Parent Relationship": "Outer","Parallel Aware": false,"Async Capable": false,"Startup Cost": 56491.55,"Total Cost": 56494.56,"Plan Rows": 86,"Plan Width": 168,"Actual Startup Time": 1638.437,"Actual Total Time": 1725.874,"Actual Rows": 175,"Actual Loops": 4,"Group Key": ["nation.n_name", "(EXTRACT(year FROM orders.o_orderdate))"],"Workers": [],"Plans": [{"Node Type": "Sort","Parent Relationship": "Outer","Parallel Aware": false,"Async Capable": false,"Startup Cost": 56491.55,"Total Cost": 56491.76,"Plan Rows": 86,"Plan Width": 159,"Actual Startup Time": 1637.996,"Actual Total Time": 1667.543,"Actual Rows": 80498,"Actual Loops": 4,"Sort Key": ["nation.n_name", "(EXTRACT(year FROM orders.o_orderdate)) DESC"],"Sort Method": "quicksort","Sort Space Used": 11044,"Sort Space Type": "Memory","Workers": [{"Worker Number": 0,"Sort Method": "quicksort","Sort Space Used": 11323,"Sort Space Type": "Memory"},{"Worker Number": 1,"Sort Method": "quicksort","Sort Space Used": 10775,"Sort Space Type": "Memory"},{"Worker Number": 2,"Sort Method": "quicksort","Sort Space Used": 11207,"Sort Space Type": "Memory"}],"Plans": [{"Node Type": "Hash Join","Parent Relationship": "Outer","Parallel Aware": false,"Async Capable": false,"Join Type": "Inner","Startup Cost": 5257.11,"Total Cost": 56488.78,"Plan Rows": 86,"Plan Width": 159,"Actual Startup Time": 21.970,"Actual Total Time": 1538.763,"Actual Rows": 80498,"Actual Loops": 4,"Inner Unique": true,"Hash Cond": "(supplier.s_nationkey = nation.n_nationkey)","Workers": [],"Plans": [{"Node Type": "Nested Loop","Parent Relationship": "Outer","Parallel Aware": false,"Async Capable": false,"Join Type": "Inner","Startup Cost": 5255.55,"Total Cost": 56486.75,"Plan Rows": 86,"Plan Width": 31,"Actual Startup Time": 21.768,"Actual Total Time": 1515.219,"Actual Rows": 80498,"Actual Loops": 4,"Inner Unique": true,"Workers": [],"Plans": [{"Node Type": "Nested Loop","Parent Relationship": "Outer","Parallel Aware": false,"Async Capable": false,"Join Type": "Inner","Startup Cost": 5255.12,"Total Cost": 56446.75,"Plan Rows": 86,"Plan Width": 31,"Actual Startup Time": 21.692,"Actual Total Time": 783.532,"Actual Rows": 80498,"Actual Loops": 4,"Inner Unique": true,"Workers": [],"Plans": [{"Node Type": "Nested Loop","Parent Relationship": "Outer","Parallel Aware": false,"Async Capable": false,"Join Type": "Inner","Startup Cost": 5254.84,"Total Cost": 56420.72,"Plan Rows": 86,"Plan Width": 35,"Actual Startup Time": 21.653,"Actual Total Time": 647.174,"Actual Rows": 80498,"Actual Loops": 4,"Inner Unique": false,"Workers": [],"Plans": [{"Node Type": "Hash Join","Parent Relationship": "Outer","Parallel Aware": true,"Async Capable": false,"Join Type": "Inner","Startup Cost": 5254.40,"Total Cost": 25963.48,"Plan Rows": 28674,"Plan Width": 18,"Actual Startup Time": 21.570,"Actual Total Time": 189.698,"Actual Rows": 10729,"Actual Loops": 4,"Inner Unique": true,"Hash Cond": "(partsupp.ps_partkey = part.p_partkey)","Workers": [],"Plans": [{"Node Type": "Seq Scan","Parent Relationship": "Outer","Parallel Aware": true,"Async Capable": false,"Relation Name": "partsupp","Alias": "partsupp","Startup Cost": 0.00,"Total Cost": 20031.65,"Plan Rows": 258065,"Plan Width": 14,"Actual Startup Time": 0.016,"Actual Total Time": 43.585,"Actual Rows": 200000,"Actual Loops": 4,"Workers": []},{"Node Type": "Hash","Parent Relationship": "Inner","Parallel Aware": true,"Async Capable": false,"Startup Cost": 5138.67,"Total Cost": 5138.67,"Plan Rows": 9259,"Plan Width": 4,"Actual Startup Time": 21.247,"Actual Total Time": 21.264,"Actual Rows": 2682,"Actual Loops": 4,"Hash Buckets": 32768,"Original Hash Buckets": 32768,"Hash Batches": 1,"Original Hash Batches": 1,"Peak Memory Usage": 704,"Workers": [],"Plans": [{"Node Type": "Seq Scan","Parent Relationship": "Outer","Parallel Aware": true,"Async Capable": false,"Relation Name": "part","Alias": "part","Startup Cost": 0.00,"Total Cost": 5138.67,"Plan Rows": 9259,"Plan Width": 4,"Actual Startup Time": 0.052,"Actual Total Time": 19.779,"Actual Rows": 2682,"Actual Loops": 4,"Filter": "((p_name)::text ~~ '%khaki%'::text)","Rows Removed by Filter": 47318,"Workers": []}]}]},{"Node Type": "Index Scan","Parent Relationship": "Inner","Parallel Aware": false,"Async Capable": false,"Scan Direction": "Forward","Index Name": "idx_lineitem_part_supp","Relation Name": "lineitem","Alias": "lineitem","Startup Cost": 0.43,"Total Cost": 1.05,"Plan Rows": 1,"Plan Width": 29,"Actual Startup Time": 0.006,"Actual Total Time": 0.041,"Actual Rows": 8,"Actual Loops": 42916,"Index Cond": "((l_partkey = partsupp.ps_partkey) AND (l_suppkey = partsupp.ps_suppkey))","Rows Removed by Index Recheck": 0,"Workers": []}]},{"Node Type": "Index Scan","Parent Relationship": "Inner","Parallel Aware": false,"Async Capable": false,"Scan Direction": "Forward","Index Name": "supplier_pkey","Relation Name": "supplier","Alias": "supplier","Startup Cost": 0.29,"Total Cost": 0.30,"Plan Rows": 1,"Plan Width": 8,"Actual Startup Time": 0.001,"Actual Total Time": 0.001,"Actual Rows": 1,"Actual Loops": 321993,"Index Cond": "(s_suppkey = lineitem.l_suppkey)","Rows Removed by Index Recheck": 0,"Workers": []}]},{"Node Type": "Index Scan","Parent Relationship": "Inner","Parallel Aware": false,"Async Capable": false,"Scan Direction": "Forward","Index Name": "orders_pkey","Relation Name": "orders","Alias": "orders","Startup Cost": 0.43,"Total Cost": 0.47,"Plan Rows": 1,"Plan Width": 8,"Actual Startup Time": 0.009,"Actual Total Time": 0.009,"Actual Rows": 1,"Actual Loops": 321993,"Index Cond": "(o_orderkey = lineitem.l_orderkey)","Rows Removed by Index Recheck": 0,"Workers": []}]},{"Node Type": "Hash","Parent Relationship": "Inner","Parallel Aware": false,"Async Capable": false,"Startup Cost": 1.25,"Total Cost": 1.25,"Plan Rows": 25,"Plan Width": 108,"Actual Startup Time": 0.099,"Actual Total Time": 0.107,"Actual Rows": 25,"Actual Loops": 4,"Hash Buckets": 1024,"Original Hash Buckets": 1024,"Hash Batches": 1,"Original Hash Batches": 1,"Peak Memory Usage": 10,"Workers": [],"Plans": [{"Node Type": "Seq Scan","Parent Relationship": "Outer","Parallel Aware": false,"Async Capable": false,"Relation Name": "nation","Alias": "nation","Startup Cost": 0.00,"Total Cost": 1.25,"Plan Rows": 25,"Plan Width": 108,"Actual Startup Time": 0.064,"Actual Total Time": 0.072,"Actual Rows": 25,"Actual Loops": 4,"Workers": []}]}]}]}]}]}]},"Planning Time": 12.149,"Triggers": [],"Execution Time": 1818.437}]
[{"Plan": {"Node Type": "Aggregate","Strategy": "Sorted","Partial Mode": "Finalize","Parallel Aware": false,"Async Capable": false,"Startup Cost": 41381.04,"Total Cost": 41397.45,"Plan Rows": 122,"Plan Width": 168,"Actual Startup Time": 2380.037,"Actual Total Time": 2536.699,"Actual Rows": 175,"Actual Loops": 1,"Group Key": ["nation.n_name", "(EXTRACT(year FROM orders.o_orderdate))"],"Plans": [{"Node Type": "Gather Merge","Parent Relationship": "Outer","Parallel Aware": false,"Async Capable": false,"Startup Cost": 41381.04,"Total Cost": 41394.60,"Plan Rows": 102,"Plan Width": 168,"Actual Startup Time": 2378.020,"Actual Total Time": 2536.240,"Actual Rows": 525,"Actual Loops": 1,"Workers Planned": 2,"Workers Launched": 2,"Plans": [{"Node Type": "Aggregate","Strategy": "Sorted","Partial Mode": "Partial","Parent Relationship": "Outer","Parallel Aware": false,"Async Capable": false,"Startup Cost": 40381.01,"Total Cost": 40382.80,"Plan Rows": 51,"Plan Width": 168,"Actual Startup Time": 2282.745,"Actual Total Time": 2406.982,"Actual Rows": 175,"Actual Loops": 3,"Group Key": ["nation.n_name", "(EXTRACT(year FROM orders.o_orderdate))"],"Workers": [],"Plans": [{"Node Type": "Sort","Parent Relationship": "Outer","Parallel Aware": false,"Async Capable": false,"Startup Cost": 40381.01,"Total Cost": 40381.14,"Plan Rows": 51,"Plan Width": 159,"Actual Startup Time": 2282.141,"Actual Total Time": 2324.020,"Actual Rows": 107642,"Actual Loops": 3,"Sort Key": ["nation.n_name", "(EXTRACT(year FROM orders.o_orderdate)) DESC"],"Sort Method": "quicksort","Sort Space Used": 13777,"Sort Space Type": "Memory","Workers": [{"Worker Number": 0,"Sort Method": "quicksort","Sort Space Used": 14178,"Sort Space Type": "Memory"},{"Worker Number": 1,"Sort Method": "quicksort","Sort Space Used": 13418,"Sort Space Type": "Memory"}],"Plans": [{"Node Type": "Hash Join","Parent Relationship": "Outer","Parallel Aware": false,"Async Capable": false,"Join Type": "Inner","Startup Cost": 3.13,"Total Cost": 40379.57,"Plan Rows": 51,"Plan Width": 159,"Actual Startup Time": 0.691,"Actual Total Time": 2135.316,"Actual Rows": 107642,"Actual Loops": 3,"Inner Unique": true,"Hash Cond": "(supplier.s_nationkey = nation.n_nationkey)","Workers": [],"Plans": [{"Node Type": "Nested Loop","Parent Relationship": "Outer","Parallel Aware": false,"Async Capable": false,"Join Type": "Inner","Startup Cost": 1.57,"Total Cost": 40377.72,"Plan Rows": 51,"Plan Width": 31,"Actual Startup Time": 0.525,"Actual Total Time": 2103.577,"Actual Rows": 107642,"Actual Loops": 3,"Inner Unique": true,"Workers": [],"Plans": [{"Node Type": "Nested Loop","Parent Relationship": "Outer","Parallel Aware": false,"Async Capable": false,"Join Type": "Inner","Startup Cost": 1.14,"Total Cost": 40354.00,"Plan Rows": 51,"Plan Width": 31,"Actual Startup Time": 0.391,"Actual Total Time": 975.362,"Actual Rows": 107642,"Actual Loops": 3,"Inner Unique": true,"Workers": [],"Plans": [{"Node Type": "Nested Loop","Parent Relationship": "Outer","Parallel Aware": false,"Async Capable": false,"Join Type": "Inner","Startup Cost": 0.86,"Total Cost": 40338.56,"Plan Rows": 51,"Plan Width": 35,"Actual Startup Time": 0.304,"Actual Total Time": 792.710,"Actual Rows": 107642,"Actual Loops": 3,"Inner Unique": false,"Workers": [],"Plans": [{"Node Type": "Nested Loop","Parent Relationship": "Outer","Parallel Aware": false,"Async Capable": false,"Join Type": "Inner","Startup Cost": 0.42,"Total Cost": 22456.59,"Plan Rows": 16835,"Plan Width": 18,"Actual Startup Time": 0.180,"Actual Total Time": 117.497,"Actual Rows": 14331,"Actual Loops": 3,"Inner Unique": false,"Workers": [],"Plans": [{"Node Type": "Seq Scan","Parent Relationship": "Outer","Parallel Aware": true,"Async Capable": false,"Relation Name": "part","Alias": "part","Startup Cost": 0.00,"Total Cost": 5138.67,"Plan Rows": 4209,"Plan Width": 4,"Actual Startup Time": 0.071,"Actual Total Time": 50.951,"Actual Rows": 3583,"Actual Loops": 3,"Filter": "((p_name)::text ~~ '%steel%'::text)","Rows Removed by Filter": 63084,"Workers": []},{"Node Type": "Index Scan","Parent Relationship": "Inner","Parallel Aware": false,"Async Capable": false,"Scan Direction": "Forward","Index Name": "idx_partsupp_partkey","Relation Name": "partsupp","Alias": "partsupp","Startup Cost": 0.42,"Total Cost": 4.07,"Plan Rows": 4,"Plan Width": 14,"Actual Startup Time": 0.014,"Actual Total Time": 0.018,"Actual Rows": 4,"Actual Loops": 10748,"Index Cond": "(ps_partkey = part.p_partkey)","Rows Removed by Index Recheck": 0,"Workers": []}]},{"Node Type": "Index Scan","Parent Relationship": "Inner","Parallel Aware": false,"Async Capable": false,"Scan Direction": "Forward","Index Name": "idx_lineitem_part_supp","Relation Name": "lineitem","Alias": "lineitem","Startup Cost": 0.43,"Total Cost": 1.05,"Plan Rows": 1,"Plan Width": 29,"Actual Startup Time": 0.007,"Actual Total Time": 0.045,"Actual Rows": 8,"Actual Loops": 42992,"Index Cond": "((l_partkey = partsupp.ps_partkey) AND (l_suppkey = partsupp.ps_suppkey))","Rows Removed by Index Recheck": 0,"Workers": []}]},{"Node Type": "Index Scan","Parent Relationship": "Inner","Parallel Aware": false,"Async Capable": false,"Scan Direction": "Forward","Index Name": "supplier_pkey","Relation Name": "supplier","Alias": "supplier","Startup Cost": 0.29,"Total Cost": 0.30,"Plan Rows": 1,"Plan Width": 8,"Actual Startup Time": 0.001,"Actual Total Time": 0.001,"Actual Rows": 1,"Actual Loops": 322925,"Index Cond": "(s_suppkey = lineitem.l_suppkey)","Rows Removed by Index Recheck": 0,"Workers": []}]},{"Node Type": "Index Scan","Parent Relationship": "Inner","Parallel Aware": false,"Async Capable": false,"Scan Direction": "Forward","Index Name": "orders_pkey","Relation Name": "orders","Alias": "orders","Startup Cost": 0.43,"Total Cost": 0.47,"Plan Rows": 1,"Plan Width": 8,"Actual Startup Time": 0.010,"Actual Total Time": 0.010,"Actual Rows": 1,"Actual Loops": 322925,"Index Cond": "(o_orderkey = lineitem.l_orderkey)","Rows Removed by Index Recheck": 0,"Workers": []}]},{"Node Type": "Hash","Parent Relationship": "Inner","Parallel Aware": false,"Async Capable": false,"Startup Cost": 1.25,"Total Cost": 1.25,"Plan Rows": 25,"Plan Width": 108,"Actual Startup Time": 0.077,"Actual Total Time": 0.087,"Actual Rows": 25,"Actual Loops": 3,"Hash Buckets": 1024,"Original Hash Buckets": 1024,"Hash Batches": 1,"Original Hash Batches": 1,"Peak Memory Usage": 10,"Workers": [],"Plans": [{"Node Type": "Seq Scan","Parent Relationship": "Outer","Parallel Aware": false,"Async Capable": false,"Relation Name": "nation","Alias": "nation","Startup Cost": 0.00,"Total Cost": 1.25,"Plan Rows": 25,"Plan Width": 108,"Actual Startup Time": 0.052,"Actual Total Time": 0.059,"Actual Rows": 25,"Actual Loops": 3,"Workers": []}]}]}]}]}]}]},"Planning Time": 11.698,"Triggers": [],"Execution Time": 2539.427}]
[{"Plan": {"Node Type": "Aggregate","Strategy": "Sorted","Partial Mode": "Finalize","Parallel Aware": false,"Async Capable": false,"Startup Cost": 41381.04,"Total Cost": 41397.45,"Plan Rows": 122,"Plan Width": 168,"Actual Startup Time": 2449.674,"Actual Total Time": 2543.452,"Actual Rows": 175,"Actual Loops": 1,"Group Key": ["nation.n_name", "(EXTRACT(year FROM orders.o_orderdate))"],"Plans": [{"Node Type": "Gather Merge","Parent Relationship": "Outer","Parallel Aware": false,"Async Capable": false,"Startup Cost": 41381.04,"Total Cost": 41394.60,"Plan Rows": 102,"Plan Width": 168,"Actual Startup Time": 2448.066,"Actual Total Time": 2542.931,"Actual Rows": 525,"Actual Loops": 1,"Workers Planned": 2,"Workers Launched": 2,"Plans": [{"Node Type": "Aggregate","Strategy": "Sorted","Partial Mode": "Partial","Parent Relationship": "Outer","Parallel Aware": false,"Async Capable": false,"Startup Cost": 40381.01,"Total Cost": 40382.80,"Plan Rows": 51,"Plan Width": 168,"Actual Startup Time": 2312.054,"Actual Total Time": 2440.182,"Actual Rows": 175,"Actual Loops": 3,"Group Key": ["nation.n_name", "(EXTRACT(year FROM orders.o_orderdate))"],"Workers": [],"Plans": [{"Node Type": "Sort","Parent Relationship": "Outer","Parallel Aware": false,"Async Capable": false,"Startup Cost": 40381.01,"Total Cost": 40381.14,"Plan Rows": 51,"Plan Width": 159,"Actual Startup Time": 2311.303,"Actual Total Time": 2355.012,"Actual Rows": 108553,"Actual Loops": 3,"Sort Key": ["nation.n_name", "(EXTRACT(year FROM orders.o_orderdate)) DESC"],"Sort Method": "quicksort","Sort Space Used": 13671,"Sort Space Type": "Memory","Workers": [{"Worker Number": 0,"Sort Method": "quicksort","Sort Space Used": 14055,"Sort Space Type": "Memory"},{"Worker Number": 1,"Sort Method": "quicksort","Sort Space Used": 13920,"Sort Space Type": "Memory"}],"Plans": [{"Node Type": "Hash Join","Parent Relationship": "Outer","Parallel Aware": false,"Async Capable": false,"Join Type": "Inner","Startup Cost": 3.13,"Total Cost": 40379.57,"Plan Rows": 51,"Plan Width": 159,"Actual Startup Time": 0.614,"Actual Total Time": 2152.509,"Actual Rows": 108553,"Actual Loops": 3,"Inner Unique": true,"Hash Cond": "(supplier.s_nationkey = nation.n_nationkey)","Workers": [],"Plans": [{"Node Type": "Nested Loop","Parent Relationship": "Outer","Parallel Aware": false,"Async Capable": false,"Join Type": "Inner","Startup Cost": 1.57,"Total Cost": 40377.72,"Plan Rows": 51,"Plan Width": 31,"Actual Startup Time": 0.463,"Actual Total Time": 2120.870,"Actual Rows": 108553,"Actual Loops": 3,"Inner Unique": true,"Workers": [],"Plans": [{"Node Type": "Nested Loop","Parent Relationship": "Outer","Parallel Aware": false,"Async Capable": false,"Join Type": "Inner","Startup Cost": 1.14,"Total Cost": 40354.00,"Plan Rows": 51,"Plan Width": 31,"Actual Startup Time": 0.355,"Actual Total Time": 987.248,"Actual Rows": 108553,"Actual Loops": 3,"Inner Unique": true,"Workers": [],"Plans": [{"Node Type": "Nested Loop","Parent Relationship": "Outer","Parallel Aware": false,"Async Capable": false,"Join Type": "Inner","Startup Cost": 0.86,"Total Cost": 40338.56,"Plan Rows": 51,"Plan Width": 35,"Actual Startup Time": 0.279,"Actual Total Time": 803.841,"Actual Rows": 108553,"Actual Loops": 3,"Inner Unique": false,"Workers": [],"Plans": [{"Node Type": "Nested Loop","Parent Relationship": "Outer","Parallel Aware": false,"Async Capable": false,"Join Type": "Inner","Startup Cost": 0.42,"Total Cost": 22456.59,"Plan Rows": 16835,"Plan Width": 18,"Actual Startup Time": 0.181,"Actual Total Time": 118.449,"Actual Rows": 14437,"Actual Loops": 3,"Inner Unique": false,"Workers": [],"Plans": [{"Node Type": "Seq Scan","Parent Relationship": "Outer","Parallel Aware": true,"Async Capable": false,"Relation Name": "part","Alias": "part","Startup Cost": 0.00,"Total Cost": 5138.67,"Plan Rows": 4209,"Plan Width": 4,"Actual Startup Time": 0.049,"Actual Total Time": 50.624,"Actual Rows": 3609,"Actual Loops": 3,"Filter": "((p_name)::text ~~ '%magenta%'::text)","Rows Removed by Filter": 63057,"Workers": []},{"Node Type": "Index Scan","Parent Relationship": "Inner","Parallel Aware": false,"Async Capable": false,"Scan Direction": "Forward","Index Name": "idx_partsupp_partkey","Relation Name": "partsupp","Alias": "partsupp","Startup Cost": 0.42,"Total Cost": 4.07,"Plan Rows": 4,"Plan Width": 14,"Actual Startup Time": 0.014,"Actual Total Time": 0.018,"Actual Rows": 4,"Actual Loops": 10828,"Index Cond": "(ps_partkey = part.p_partkey)","Rows Removed by Index Recheck": 0,"Workers": []}]},{"Node Type": "Index Scan","Parent Relationship": "Inner","Parallel Aware": false,"Async Capable": false,"Scan Direction": "Forward","Index Name": "idx_lineitem_part_supp","Relation Name": "lineitem","Alias": "lineitem","Startup Cost": 0.43,"Total Cost": 1.05,"Plan Rows": 1,"Plan Width": 29,"Actual Startup Time": 0.007,"Actual Total Time": 0.046,"Actual Rows": 8,"Actual Loops": 43312,"Index Cond": "((l_partkey = partsupp.ps_partkey) AND (l_suppkey = partsupp.ps_suppkey))","Rows Removed by Index Recheck": 0,"Workers": []}]},{"Node Type": "Index Scan","Parent Relationship": "Inner","Parallel Aware": false,"Async Capable": false,"Scan Direction": "Forward","Index Name": "supplier_pkey","Relation Name": "supplier","Alias": "supplier","Startup Cost": 0.29,"Total Cost": 0.30,"Plan Rows": 1,"Plan Width": 8,"Actual Startup Time": 0.001,"Actual Total Time": 0.001,"Actual Rows": 1,"Actual Loops": 325659,"Index Cond": "(s_suppkey = lineitem.l_suppkey)","Rows Removed by Index Recheck": 0,"Workers": []}]},{"Node Type": "Index Scan","Parent Relationship": "Inner","Parallel Aware": false,"Async Capable": false,"Scan Direction": "Forward","Index Name": "orders_pkey","Relation Name": "orders","Alias": "orders","Startup Cost": 0.43,"Total Cost": 0.47,"Plan Rows": 1,"Plan Width": 8,"Actual Startup Time": 0.010,"Actual Total Time": 0.010,"Actual Rows": 1,"Actual Loops": 325659,"Index Cond": "(o_orderkey = lineitem.l_orderkey)","Rows Removed by Index Recheck": 0,"Workers": []}]},{"Node Type": "Hash","Parent Relationship": "Inner","Parallel Aware": false,"Async Capable": false,"Startup Cost": 1.25,"Total Cost": 1.25,"Plan Rows": 25,"Plan Width": 108,"Actual Startup Time": 0.071,"Actual Total Time": 0.101,"Actual Rows": 25,"Actual Loops": 3,"Hash Buckets": 1024,"Original Hash Buckets": 1024,"Hash Batches": 1,"Original Hash Batches": 1,"Peak Memory Usage": 10,"Workers": [],"Plans": [{"Node Type": "Seq Scan","Parent Relationship": "Outer","Parallel Aware": false,"Async Capable": false,"Relation Name": "nation","Alias": "nation","Startup Cost": 0.00,"Total Cost": 1.25,"Plan Rows": 25,"Plan Width": 108,"Actual Startup Time": 0.048,"Actual Total Time": 0.076,"Actual Rows": 25,"Actual Loops": 3,"Workers": []}]}]}]}]}]}]},"Planning Time": 12.331,"Triggers": [],"Execution Time": 2545.556}]
[{"Plan": {"Node Type": "Aggregate","Strategy": "Sorted","Partial Mode": "Finalize","Parallel Aware": false,"Async Capable": false,"Startup Cost": 28858.40,"Total Cost": 28868.07,"Plan Rows": 73,"Plan Width": 168,"Actual Startup Time": 2433.385,"Actual Total Time": 2598.575,"Actual Rows": 175,"Actual Loops": 1,"Group Key": ["nation.n_name", "(EXTRACT(year FROM orders.o_orderdate))"],"Plans": [{"Node Type": "Gather Merge","Parent Relationship": "Outer","Parallel Aware": false,"Async Capable": false,"Startup Cost": 28858.40,"Total Cost": 28866.38,"Plan Rows": 60,"Plan Width": 168,"Actual Startup Time": 2431.438,"Actual Total Time": 2598.048,"Actual Rows": 525,"Actual Loops": 1,"Workers Planned": 2,"Workers Launched": 2,"Plans": [{"Node Type": "Aggregate","Strategy": "Sorted","Partial Mode": "Partial","Parent Relationship": "Outer","Parallel Aware": false,"Async Capable": false,"Startup Cost": 27858.38,"Total Cost": 27859.43,"Plan Rows": 30,"Plan Width": 168,"Actual Startup Time": 2301.530,"Actual Total Time": 2432.114,"Actual Rows": 175,"Actual Loops": 3,"Group Key": ["nation.n_name", "(EXTRACT(year FROM orders.o_orderdate))"],"Workers": [],"Plans": [{"Node Type": "Sort","Parent Relationship": "Outer","Parallel Aware": false,"Async Capable": false,"Startup Cost": 27858.38,"Total Cost": 27858.46,"Plan Rows": 30,"Plan Width": 159,"Actual Startup Time": 2300.992,"Actual Total Time": 2347.199,"Actual Rows": 108766,"Actual Loops": 3,"Sort Key": ["nation.n_name", "(EXTRACT(year FROM orders.o_orderdate)) DESC"],"Sort Method": "quicksort","Sort Space Used": 13491,"Sort Space Type": "Memory","Workers": [{"Worker Number": 0,"Sort Method": "quicksort","Sort Space Used": 14063,"Sort Space Type": "Memory"},{"Worker Number": 1,"Sort Method": "quicksort","Sort Space Used": 14152,"Sort Space Type": "Memory"}],"Plans": [{"Node Type": "Hash Join","Parent Relationship": "Outer","Parallel Aware": false,"Async Capable": false,"Join Type": "Inner","Startup Cost": 3.13,"Total Cost": 27857.64,"Plan Rows": 30,"Plan Width": 159,"Actual Startup Time": 0.556,"Actual Total Time": 2149.836,"Actual Rows": 108766,"Actual Loops": 3,"Inner Unique": true,"Hash Cond": "(supplier.s_nationkey = nation.n_nationkey)","Workers": [],"Plans": [{"Node Type": "Nested Loop","Parent Relationship": "Outer","Parallel Aware": false,"Async Capable": false,"Join Type": "Inner","Startup Cost": 1.57,"Total Cost": 27855.92,"Plan Rows": 30,"Plan Width": 31,"Actual Startup Time": 0.420,"Actual Total Time": 2117.705,"Actual Rows": 108766,"Actual Loops": 3,"Inner Unique": true,"Workers": [],"Plans": [{"Node Type": "Nested Loop","Parent Relationship": "Outer","Parallel Aware": false,"Async Capable": false,"Join Type": "Inner","Startup Cost": 1.14,"Total Cost": 27841.96,"Plan Rows": 30,"Plan Width": 31,"Actual Startup Time": 0.326,"Actual Total Time": 987.272,"Actual Rows": 108766,"Actual Loops": 3,"Inner Unique": true,"Workers": [],"Plans": [{"Node Type": "Nested Loop","Parent Relationship": "Outer","Parallel Aware": false,"Async Capable": false,"Join Type": "Inner","Startup Cost": 0.86,"Total Cost": 27832.88,"Plan Rows": 30,"Plan Width": 35,"Actual Startup Time": 0.242,"Actual Total Time": 803.252,"Actual Rows": 108766,"Actual Loops": 3,"Inner Unique": false,"Workers": [],"Plans": [{"Node Type": "Nested Loop","Parent Relationship": "Outer","Parallel Aware": false,"Async Capable": false,"Join Type": "Inner","Startup Cost": 0.42,"Total Cost": 17103.70,"Plan Rows": 10101,"Plan Width": 18,"Actual Startup Time": 0.158,"Actual Total Time": 119.708,"Actual Rows": 14507,"Actual Loops": 3,"Inner Unique": false,"Workers": [],"Plans": [{"Node Type": "Seq Scan","Parent Relationship": "Outer","Parallel Aware": true,"Async Capable": false,"Relation Name": "part","Alias": "part","Startup Cost": 0.00,"Total Cost": 5138.67,"Plan Rows": 2525,"Plan Width": 4,"Actual Startup Time": 0.041,"Actual Total Time": 51.865,"Actual Rows": 3627,"Actual Loops": 3,"Filter": "((p_name)::text ~~ '%azure%'::text)","Rows Removed by Filter": 63040,"Workers": []},{"Node Type": "Index Scan","Parent Relationship": "Inner","Parallel Aware": false,"Async Capable": false,"Scan Direction": "Forward","Index Name": "idx_partsupp_partkey","Relation Name": "partsupp","Alias": "partsupp","Startup Cost": 0.42,"Total Cost": 4.70,"Plan Rows": 4,"Plan Width": 14,"Actual Startup Time": 0.014,"Actual Total Time": 0.018,"Actual Rows": 4,"Actual Loops": 10880,"Index Cond": "(ps_partkey = part.p_partkey)","Rows Removed by Index Recheck": 0,"Workers": []}]},{"Node Type": "Index Scan","Parent Relationship": "Inner","Parallel Aware": false,"Async Capable": false,"Scan Direction": "Forward","Index Name": "idx_lineitem_part_supp","Relation Name": "lineitem","Alias": "lineitem","Startup Cost": 0.43,"Total Cost": 1.05,"Plan Rows": 1,"Plan Width": 29,"Actual Startup Time": 0.007,"Actual Total Time": 0.045,"Actual Rows": 7,"Actual Loops": 43520,"Index Cond": "((l_partkey = partsupp.ps_partkey) AND (l_suppkey = partsupp.ps_suppkey))","Rows Removed by Index Recheck": 0,"Workers": []}]},{"Node Type": "Index Scan","Parent Relationship": "Inner","Parallel Aware": false,"Async Capable": false,"Scan Direction": "Forward","Index Name": "supplier_pkey","Relation Name": "supplier","Alias": "supplier","Startup Cost": 0.29,"Total Cost": 0.30,"Plan Rows": 1,"Plan Width": 8,"Actual Startup Time": 0.001,"Actual Total Time": 0.001,"Actual Rows": 1,"Actual Loops": 326297,"Index Cond": "(s_suppkey = lineitem.l_suppkey)","Rows Removed by Index Recheck": 0,"Workers": []}]},{"Node Type": "Index Scan","Parent Relationship": "Inner","Parallel Aware": false,"Async Capable": false,"Scan Direction": "Forward","Index Name": "orders_pkey","Relation Name": "orders","Alias": "orders","Startup Cost": 0.43,"Total Cost": 0.47,"Plan Rows": 1,"Plan Width": 8,"Actual Startup Time": 0.010,"Actual Total Time": 0.010,"Actual Rows": 1,"Actual Loops": 326297,"Index Cond": "(o_orderkey = lineitem.l_orderkey)","Rows Removed by Index Recheck": 0,"Workers": []}]},{"Node Type": "Hash","Parent Relationship": "Inner","Parallel Aware": false,"Async Capable": false,"Startup Cost": 1.25,"Total Cost": 1.25,"Plan Rows": 25,"Plan Width": 108,"Actual Startup Time": 0.059,"Actual Total Time": 0.066,"Actual Rows": 25,"Actual Loops": 3,"Hash Buckets": 1024,"Original Hash Buckets": 1024,"Hash Batches": 1,"Original Hash Batches": 1,"Peak Memory Usage": 10,"Workers": [],"Plans": [{"Node Type": "Seq Scan","Parent Relationship": "Outer","Parallel Aware": false,"Async Capable": false,"Relation Name": "nation","Alias": "nation","Startup Cost": 0.00,"Total Cost": 1.25,"Plan Rows": 25,"Plan Width": 108,"Actual Startup Time": 0.042,"Actual Total Time": 0.046,"Actual Rows": 25,"Actual Loops": 3,"Workers": []}]}]}]}]}]}]},"Planning Time": 11.434,"Triggers": [],"Execution Time": 2600.707}]
[{"Plan": {"Node Type": "Aggregate","Strategy": "Sorted","Partial Mode": "Finalize","Parallel Aware": false,"Async Capable": false,"Startup Cost": 49135.04,"Total Cost": 49164.27,"Plan Rows": 195,"Plan Width": 168,"Actual Startup Time": 1717.770,"Actual Total Time": 1820.281,"Actual Rows": 175,"Actual Loops": 1,"Group Key": ["nation.n_name", "(EXTRACT(year FROM orders.o_orderdate))"],"Plans": [{"Node Type": "Gather Merge","Parent Relationship": "Outer","Parallel Aware": false,"Async Capable": false,"Startup Cost": 49135.04,"Total Cost": 49159.45,"Plan Rows": 189,"Plan Width": 168,"Actual Startup Time": 1716.332,"Actual Total Time": 1819.712,"Actual Rows": 700,"Actual Loops": 1,"Workers Planned": 3,"Workers Launched": 3,"Plans": [{"Node Type": "Aggregate","Strategy": "Sorted","Partial Mode": "Partial","Parent Relationship": "Outer","Parallel Aware": false,"Async Capable": false,"Startup Cost": 48135.00,"Total Cost": 48137.21,"Plan Rows": 63,"Plan Width": 168,"Actual Startup Time": 1637.960,"Actual Total Time": 1730.367,"Actual Rows": 175,"Actual Loops": 4,"Group Key": ["nation.n_name", "(EXTRACT(year FROM orders.o_orderdate))"],"Workers": [],"Plans": [{"Node Type": "Sort","Parent Relationship": "Outer","Parallel Aware": false,"Async Capable": false,"Startup Cost": 48135.00,"Total Cost": 48135.16,"Plan Rows": 63,"Plan Width": 159,"Actual Startup Time": 1637.449,"Actual Total Time": 1669.077,"Actual Rows": 81300,"Actual Loops": 4,"Sort Key": ["nation.n_name", "(EXTRACT(year FROM orders.o_orderdate)) DESC"],"Sort Method": "quicksort","Sort Space Used": 11078,"Sort Space Type": "Memory","Workers": [{"Worker Number": 0,"Sort Method": "quicksort","Sort Space Used": 11424,"Sort Space Type": "Memory"},{"Worker Number": 1,"Sort Method": "quicksort","Sort Space Used": 10860,"Sort Space Type": "Memory"},{"Worker Number": 2,"Sort Method": "quicksort","Sort Space Used": 11307,"Sort Space Type": "Memory"}],"Plans": [{"Node Type": "Hash Join","Parent Relationship": "Outer","Parallel Aware": false,"Async Capable": false,"Join Type": "Inner","Startup Cost": 5225.55,"Total Cost": 48133.12,"Plan Rows": 63,"Plan Width": 159,"Actual Startup Time": 22.006,"Actual Total Time": 1536.711,"Actual Rows": 81300,"Actual Loops": 4,"Inner Unique": true,"Hash Cond": "(supplier.s_nationkey = nation.n_nationkey)","Workers": [],"Plans": [{"Node Type": "Nested Loop","Parent Relationship": "Outer","Parallel Aware": false,"Async Capable": false,"Join Type": "Inner","Startup Cost": 5223.99,"Total Cost": 48131.20,"Plan Rows": 63,"Plan Width": 31,"Actual Startup Time": 21.853,"Actual Total Time": 1512.923,"Actual Rows": 81300,"Actual Loops": 4,"Inner Unique": true,"Workers": [],"Plans": [{"Node Type": "Nested Loop","Parent Relationship": "Outer","Parallel Aware": false,"Async Capable": false,"Join Type": "Inner","Startup Cost": 5223.56,"Total Cost": 48101.90,"Plan Rows": 63,"Plan Width": 31,"Actual Startup Time": 21.770,"Actual Total Time": 779.387,"Actual Rows": 81300,"Actual Loops": 4,"Inner Unique": true,"Workers": [],"Plans": [{"Node Type": "Nested Loop","Parent Relationship": "Outer","Parallel Aware": false,"Async Capable": false,"Join Type": "Inner","Startup Cost": 5223.27,"Total Cost": 48082.83,"Plan Rows": 63,"Plan Width": 35,"Actual Startup Time": 21.713,"Actual Total Time": 642.667,"Actual Rows": 81300,"Actual Loops": 4,"Inner Unique": false,"Workers": [],"Plans": [{"Node Type": "Hash Join","Parent Relationship": "Outer","Parallel Aware": true,"Async Capable": false,"Join Type": "Inner","Startup Cost": 5222.84,"Total Cost": 25931.92,"Plan Rows": 20854,"Plan Width": 18,"Actual Startup Time": 21.651,"Actual Total Time": 185.729,"Actual Rows": 10842,"Actual Loops": 4,"Inner Unique": true,"Hash Cond": "(partsupp.ps_partkey = part.p_partkey)","Workers": [],"Plans": [{"Node Type": "Seq Scan","Parent Relationship": "Outer","Parallel Aware": true,"Async Capable": false,"Relation Name": "partsupp","Alias": "partsupp","Startup Cost": 0.00,"Total Cost": 20031.65,"Plan Rows": 258065,"Plan Width": 14,"Actual Startup Time": 0.018,"Actual Total Time": 42.893,"Actual Rows": 200000,"Actual Loops": 4,"Workers": []},{"Node Type": "Hash","Parent Relationship": "Inner","Parallel Aware": true,"Async Capable": false,"Startup Cost": 5138.67,"Total Cost": 5138.67,"Plan Rows": 6734,"Plan Width": 4,"Actual Startup Time": 21.459,"Actual Total Time": 21.480,"Actual Rows": 2710,"Actual Loops": 4,"Hash Buckets": 16384,"Original Hash Buckets": 16384,"Hash Batches": 1,"Original Hash Batches": 1,"Peak Memory Usage": 640,"Workers": [],"Plans": [{"Node Type": "Seq Scan","Parent Relationship": "Outer","Parallel Aware": true,"Async Capable": false,"Relation Name": "part","Alias": "part","Startup Cost": 0.00,"Total Cost": 5138.67,"Plan Rows": 6734,"Plan Width": 4,"Actual Startup Time": 0.045,"Actual Total Time": 20.042,"Actual Rows": 2710,"Actual Loops": 4,"Filter": "((p_name)::text ~~ '%goldenrod%'::text)","Rows Removed by Filter": 47290,"Workers": []}]}]},{"Node Type": "Index Scan","Parent Relationship": "Inner","Parallel Aware": false,"Async Capable": false,"Scan Direction": "Forward","Index Name": "idx_lineitem_part_supp","Relation Name": "lineitem","Alias": "lineitem","Startup Cost": 0.43,"Total Cost": 1.05,"Plan Rows": 1,"Plan Width": 29,"Actual Startup Time": 0.006,"Actual Total Time": 0.041,"Actual Rows": 7,"Actual Loops": 43368,"Index Cond": "((l_partkey = partsupp.ps_partkey) AND (l_suppkey = partsupp.ps_suppkey))","Rows Removed by Index Recheck": 0,"Workers": []}]},{"Node Type": "Index Scan","Parent Relationship": "Inner","Parallel Aware": false,"Async Capable": false,"Scan Direction": "Forward","Index Name": "supplier_pkey","Relation Name": "supplier","Alias": "supplier","Startup Cost": 0.29,"Total Cost": 0.30,"Plan Rows": 1,"Plan Width": 8,"Actual Startup Time": 0.001,"Actual Total Time": 0.001,"Actual Rows": 1,"Actual Loops": 325201,"Index Cond": "(s_suppkey = lineitem.l_suppkey)","Rows Removed by Index Recheck": 0,"Workers": []}]},{"Node Type": "Index Scan","Parent Relationship": "Inner","Parallel Aware": false,"Async Capable": false,"Scan Direction": "Forward","Index Name": "orders_pkey","Relation Name": "orders","Alias": "orders","Startup Cost": 0.43,"Total Cost": 0.47,"Plan Rows": 1,"Plan Width": 8,"Actual Startup Time": 0.009,"Actual Total Time": 0.009,"Actual Rows": 1,"Actual Loops": 325201,"Index Cond": "(o_orderkey = lineitem.l_orderkey)","Rows Removed by Index Recheck": 0,"Workers": []}]},{"Node Type": "Hash","Parent Relationship": "Inner","Parallel Aware": false,"Async Capable": false,"Startup Cost": 1.25,"Total Cost": 1.25,"Plan Rows": 25,"Plan Width": 108,"Actual Startup Time": 0.058,"Actual Total Time": 0.068,"Actual Rows": 25,"Actual Loops": 4,"Hash Buckets": 1024,"Original Hash Buckets": 1024,"Hash Batches": 1,"Original Hash Batches": 1,"Peak Memory Usage": 10,"Workers": [],"Plans": [{"Node Type": "Seq Scan","Parent Relationship": "Outer","Parallel Aware": false,"Async Capable": false,"Relation Name": "nation","Alias": "nation","Startup Cost": 0.00,"Total Cost": 1.25,"Plan Rows": 25,"Plan Width": 108,"Actual Startup Time": 0.040,"Actual Total Time": 0.047,"Actual Rows": 25,"Actual Loops": 4,"Workers": []}]}]}]}]}]}]},"Planning Time": 12.322,"Triggers": [],"Execution Time": 1822.644}]
[{"Plan": {"Node Type": "Aggregate","Strategy": "Sorted","Partial Mode": "Finalize","Parallel Aware": false,"Async Capable": false,"Startup Cost": 47355.08,"Total Cost": 47374.71,"Plan Rows": 146,"Plan Width": 168,"Actual Startup Time": 2418.586,"Actual Total Time": 2591.239,"Actual Rows": 175,"Actual Loops": 1,"Group Key": ["nation.n_name", "(EXTRACT(year FROM orders.o_orderdate))"],"Plans": [{"Node Type": "Gather Merge","Parent Relationship": "Outer","Parallel Aware": false,"Async Capable": false,"Startup Cost": 47355.08,"Total Cost": 47371.30,"Plan Rows": 122,"Plan Width": 168,"Actual Startup Time": 2416.412,"Actual Total Time": 2590.812,"Actual Rows": 525,"Actual Loops": 1,"Workers Planned": 2,"Workers Launched": 2,"Plans": [{"Node Type": "Aggregate","Strategy": "Sorted","Partial Mode": "Partial","Parent Relationship": "Outer","Parallel Aware": false,"Async Capable": false,"Startup Cost": 46355.06,"Total Cost": 46357.20,"Plan Rows": 61,"Plan Width": 168,"Actual Startup Time": 2299.702,"Actual Total Time": 2424.397,"Actual Rows": 175,"Actual Loops": 3,"Group Key": ["nation.n_name", "(EXTRACT(year FROM orders.o_orderdate))"],"Workers": [],"Plans": [{"Node Type": "Sort","Parent Relationship": "Outer","Parallel Aware": false,"Async Capable": false,"Startup Cost": 46355.06,"Total Cost": 46355.21,"Plan Rows": 61,"Plan Width": 159,"Actual Startup Time": 2299.056,"Actual Total Time": 2340.972,"Actual Rows": 108881,"Actual Loops": 3,"Sort Key": ["nation.n_name", "(EXTRACT(year FROM orders.o_orderdate)) DESC"],"Sort Method": "quicksort","Sort Space Used": 13487,"Sort Space Type": "Memory","Workers": [{"Worker Number": 0,"Sort Method": "quicksort","Sort Space Used": 14047,"Sort Space Type": "Memory"},{"Worker Number": 1,"Sort Method": "quicksort","Sort Space Used": 14209,"Sort Space Type": "Memory"}],"Plans": [{"Node Type": "Hash Join","Parent Relationship": "Outer","Parallel Aware": false,"Async Capable": false,"Join Type": "Inner","Startup Cost": 3.13,"Total Cost": 46353.25,"Plan Rows": 61,"Plan Width": 159,"Actual Startup Time": 0.636,"Actual Total Time": 2147.342,"Actual Rows": 108881,"Actual Loops": 3,"Inner Unique": true,"Hash Cond": "(supplier.s_nationkey = nation.n_nationkey)","Workers": [],"Plans": [{"Node Type": "Nested Loop","Parent Relationship": "Outer","Parallel Aware": false,"Async Capable": false,"Join Type": "Inner","Startup Cost": 1.57,"Total Cost": 46351.35,"Plan Rows": 61,"Plan Width": 31,"Actual Startup Time": 0.492,"Actual Total Time": 2115.417,"Actual Rows": 108881,"Actual Loops": 3,"Inner Unique": true,"Workers": [],"Plans": [{"Node Type": "Nested Loop","Parent Relationship": "Outer","Parallel Aware": false,"Async Capable": false,"Join Type": "Inner","Startup Cost": 1.14,"Total Cost": 46322.98,"Plan Rows": 61,"Plan Width": 31,"Actual Startup Time": 0.372,"Actual Total Time": 983.625,"Actual Rows": 108881,"Actual Loops": 3,"Inner Unique": true,"Workers": [],"Plans": [{"Node Type": "Nested Loop","Parent Relationship": "Outer","Parallel Aware": false,"Async Capable": false,"Join Type": "Inner","Startup Cost": 0.86,"Total Cost": 46304.52,"Plan Rows": 61,"Plan Width": 35,"Actual Startup Time": 0.292,"Actual Total Time": 798.758,"Actual Rows": 108881,"Actual Loops": 3,"Inner Unique": false,"Workers": [],"Plans": [{"Node Type": "Nested Loop","Parent Relationship": "Outer","Parallel Aware": false,"Async Capable": false,"Join Type": "Inner","Startup Cost": 0.42,"Total Cost": 24846.16,"Plan Rows": 20202,"Plan Width": 18,"Actual Startup Time": 0.179,"Actual Total Time": 119.288,"Actual Rows": 14596,"Actual Loops": 3,"Inner Unique": false,"Workers": [],"Plans": [{"Node Type": "Seq Scan","Parent Relationship": "Outer","Parallel Aware": true,"Async Capable": false,"Relation Name": "part","Alias": "part","Startup Cost": 0.00,"Total Cost": 5138.67,"Plan Rows": 5051,"Plan Width": 4,"Actual Startup Time": 0.048,"Actual Total Time": 51.476,"Actual Rows": 3649,"Actual Loops": 3,"Filter": "((p_name)::text ~~ '%saddle%'::text)","Rows Removed by Filter": 63018,"Workers": []},{"Node Type": "Index Scan","Parent Relationship": "Inner","Parallel Aware": false,"Async Capable": false,"Scan Direction": "Forward","Index Name": "idx_partsupp_partkey","Relation Name": "partsupp","Alias": "partsupp","Startup Cost": 0.42,"Total Cost": 3.86,"Plan Rows": 4,"Plan Width": 14,"Actual Startup Time": 0.014,"Actual Total Time": 0.018,"Actual Rows": 4,"Actual Loops": 10947,"Index Cond": "(ps_partkey = part.p_partkey)","Rows Removed by Index Recheck": 0,"Workers": []}]},{"Node Type": "Index Scan","Parent Relationship": "Inner","Parallel Aware": false,"Async Capable": false,"Scan Direction": "Forward","Index Name": "idx_lineitem_part_supp","Relation Name": "lineitem","Alias": "lineitem","Startup Cost": 0.43,"Total Cost": 1.05,"Plan Rows": 1,"Plan Width": 29,"Actual Startup Time": 0.007,"Actual Total Time": 0.045,"Actual Rows": 7,"Actual Loops": 43788,"Index Cond": "((l_partkey = partsupp.ps_partkey) AND (l_suppkey = partsupp.ps_suppkey))","Rows Removed by Index Recheck": 0,"Workers": []}]},{"Node Type": "Index Scan","Parent Relationship": "Inner","Parallel Aware": false,"Async Capable": false,"Scan Direction": "Forward","Index Name": "supplier_pkey","Relation Name": "supplier","Alias": "supplier","Startup Cost": 0.29,"Total Cost": 0.30,"Plan Rows": 1,"Plan Width": 8,"Actual Startup Time": 0.001,"Actual Total Time": 0.001,"Actual Rows": 1,"Actual Loops": 326644,"Index Cond": "(s_suppkey = lineitem.l_suppkey)","Rows Removed by Index Recheck": 0,"Workers": []}]},{"Node Type": "Index Scan","Parent Relationship": "Inner","Parallel Aware": false,"Async Capable": false,"Scan Direction": "Forward","Index Name": "orders_pkey","Relation Name": "orders","Alias": "orders","Startup Cost": 0.43,"Total Cost": 0.47,"Plan Rows": 1,"Plan Width": 8,"Actual Startup Time": 0.010,"Actual Total Time": 0.010,"Actual Rows": 1,"Actual Loops": 326644,"Index Cond": "(o_orderkey = lineitem.l_orderkey)","Rows Removed by Index Recheck": 0,"Workers": []}]},{"Node Type": "Hash","Parent Relationship": "Inner","Parallel Aware": false,"Async Capable": false,"Startup Cost": 1.25,"Total Cost": 1.25,"Plan Rows": 25,"Plan Width": 108,"Actual Startup Time": 0.067,"Actual Total Time": 0.078,"Actual Rows": 25,"Actual Loops": 3,"Hash Buckets": 1024,"Original Hash Buckets": 1024,"Hash Batches": 1,"Original Hash Batches": 1,"Peak Memory Usage": 10,"Workers": [],"Plans": [{"Node Type": "Seq Scan","Parent Relationship": "Outer","Parallel Aware": false,"Async Capable": false,"Relation Name": "nation","Alias": "nation","Startup Cost": 0.00,"Total Cost": 1.25,"Plan Rows": 25,"Plan Width": 108,"Actual Startup Time": 0.044,"Actual Total Time": 0.050,"Actual Rows": 25,"Actual Loops": 3,"Workers": []}]}]}]}]}]}]},"Planning Time": 12.299,"Triggers": [],"Execution Time": 2594.723}]
[{"Plan": {"Node Type": "Aggregate","Strategy": "Sorted","Partial Mode": "Finalize","Parallel Aware": false,"Async Capable": false,"Startup Cost": 35224.41,"Total Cost": 35237.30,"Plan Rows": 97,"Plan Width": 168,"Actual Startup Time": 2425.316,"Actual Total Time": 2523.264,"Actual Rows": 175,"Actual Loops": 1,"Group Key": ["nation.n_name", "(EXTRACT(year FROM orders.o_orderdate))"],"Plans": [{"Node Type": "Gather Merge","Parent Relationship": "Outer","Parallel Aware": false,"Async Capable": false,"Startup Cost": 35224.41,"Total Cost": 35235.05,"Plan Rows": 80,"Plan Width": 168,"Actual Startup Time": 2423.780,"Actual Total Time": 2522.874,"Actual Rows": 525,"Actual Loops": 1,"Workers Planned": 2,"Workers Launched": 2,"Plans": [{"Node Type": "Aggregate","Strategy": "Sorted","Partial Mode": "Partial","Parent Relationship": "Outer","Parallel Aware": false,"Async Capable": false,"Startup Cost": 34224.39,"Total Cost": 34225.79,"Plan Rows": 40,"Plan Width": 168,"Actual Startup Time": 2325.764,"Actual Total Time": 2441.475,"Actual Rows": 175,"Actual Loops": 3,"Group Key": ["nation.n_name", "(EXTRACT(year FROM orders.o_orderdate))"],"Workers": [],"Plans": [{"Node Type": "Sort","Parent Relationship": "Outer","Parallel Aware": false,"Async Capable": false,"Startup Cost": 34224.39,"Total Cost": 34224.49,"Plan Rows": 40,"Plan Width": 159,"Actual Startup Time": 2325.161,"Actual Total Time": 2361.677,"Actual Rows": 108051,"Actual Loops": 3,"Sort Key": ["nation.n_name", "(EXTRACT(year FROM orders.o_orderdate)) DESC"],"Sort Method": "quicksort","Sort Space Used": 14518,"Sort Space Type": "Memory","Workers": [{"Worker Number": 0,"Sort Method": "quicksort","Sort Space Used": 13451,"Sort Space Type": "Memory"},{"Worker Number": 1,"Sort Method": "quicksort","Sort Space Used": 13522,"Sort Space Type": "Memory"}],"Plans": [{"Node Type": "Hash Join","Parent Relationship": "Outer","Parallel Aware": false,"Async Capable": false,"Join Type": "Inner","Startup Cost": 3.13,"Total Cost": 34223.32,"Plan Rows": 40,"Plan Width": 159,"Actual Startup Time": 0.791,"Actual Total Time": 2181.378,"Actual Rows": 108051,"Actual Loops": 3,"Inner Unique": true,"Hash Cond": "(supplier.s_nationkey = nation.n_nationkey)","Workers": [],"Plans": [{"Node Type": "Nested Loop","Parent Relationship": "Outer","Parallel Aware": false,"Async Capable": false,"Join Type": "Inner","Startup Cost": 1.57,"Total Cost": 34221.53,"Plan Rows": 40,"Plan Width": 31,"Actual Startup Time": 0.601,"Actual Total Time": 2150.661,"Actual Rows": 108051,"Actual Loops": 3,"Inner Unique": true,"Workers": [],"Plans": [{"Node Type": "Nested Loop","Parent Relationship": "Outer","Parallel Aware": false,"Async Capable": false,"Join Type": "Inner","Startup Cost": 1.14,"Total Cost": 34202.93,"Plan Rows": 40,"Plan Width": 31,"Actual Startup Time": 0.442,"Actual Total Time": 1003.187,"Actual Rows": 108051,"Actual Loops": 3,"Inner Unique": true,"Workers": [],"Plans": [{"Node Type": "Nested Loop","Parent Relationship": "Outer","Parallel Aware": false,"Async Capable": false,"Join Type": "Inner","Startup Cost": 0.86,"Total Cost": 34190.82,"Plan Rows": 40,"Plan Width": 35,"Actual Startup Time": 0.334,"Actual Total Time": 818.488,"Actual Rows": 108051,"Actual Loops": 3,"Inner Unique": false,"Workers": [],"Plans": [{"Node Type": "Nested Loop","Parent Relationship": "Outer","Parallel Aware": false,"Async Capable": false,"Join Type": "Inner","Startup Cost": 0.42,"Total Cost": 19885.25,"Plan Rows": 13468,"Plan Width": 18,"Actual Startup Time": 0.184,"Actual Total Time": 114.034,"Actual Rows": 14448,"Actual Loops": 3,"Inner Unique": false,"Workers": [],"Plans": [{"Node Type": "Seq Scan","Parent Relationship": "Outer","Parallel Aware": true,"Async Capable": false,"Relation Name": "part","Alias": "part","Startup Cost": 0.00,"Total Cost": 5138.67,"Plan Rows": 3367,"Plan Width": 4,"Actual Startup Time": 0.057,"Actual Total Time": 48.424,"Actual Rows": 3612,"Actual Loops": 3,"Filter": "((p_name)::text ~~ '%puff%'::text)","Rows Removed by Filter": 63055,"Workers": []},{"Node Type": "Index Scan","Parent Relationship": "Inner","Parallel Aware": false,"Async Capable": false,"Scan Direction": "Forward","Index Name": "idx_partsupp_partkey","Relation Name": "partsupp","Alias": "partsupp","Startup Cost": 0.42,"Total Cost": 4.34,"Plan Rows": 4,"Plan Width": 14,"Actual Startup Time": 0.014,"Actual Total Time": 0.017,"Actual Rows": 4,"Actual Loops": 10836,"Index Cond": "(ps_partkey = part.p_partkey)","Rows Removed by Index Recheck": 0,"Workers": []}]},{"Node Type": "Index Scan","Parent Relationship": "Inner","Parallel Aware": false,"Async Capable": false,"Scan Direction": "Forward","Index Name": "idx_lineitem_part_supp","Relation Name": "lineitem","Alias": "lineitem","Startup Cost": 0.43,"Total Cost": 1.05,"Plan Rows": 1,"Plan Width": 29,"Actual Startup Time": 0.007,"Actual Total Time": 0.047,"Actual Rows": 7,"Actual Loops": 43344,"Index Cond": "((l_partkey = partsupp.ps_partkey) AND (l_suppkey = partsupp.ps_suppkey))","Rows Removed by Index Recheck": 0,"Workers": []}]},{"Node Type": "Index Scan","Parent Relationship": "Inner","Parallel Aware": false,"Async Capable": false,"Scan Direction": "Forward","Index Name": "supplier_pkey","Relation Name": "supplier","Alias": "supplier","Startup Cost": 0.29,"Total Cost": 0.30,"Plan Rows": 1,"Plan Width": 8,"Actual Startup Time": 0.001,"Actual Total Time": 0.001,"Actual Rows": 1,"Actual Loops": 324152,"Index Cond": "(s_suppkey = lineitem.l_suppkey)","Rows Removed by Index Recheck": 0,"Workers": []}]},{"Node Type": "Index Scan","Parent Relationship": "Inner","Parallel Aware": false,"Async Capable": false,"Scan Direction": "Forward","Index Name": "orders_pkey","Relation Name": "orders","Alias": "orders","Startup Cost": 0.43,"Total Cost": 0.47,"Plan Rows": 1,"Plan Width": 8,"Actual Startup Time": 0.010,"Actual Total Time": 0.010,"Actual Rows": 1,"Actual Loops": 324152,"Index Cond": "(o_orderkey = lineitem.l_orderkey)","Rows Removed by Index Recheck": 0,"Workers": []}]},{"Node Type": "Hash","Parent Relationship": "Inner","Parallel Aware": false,"Async Capable": false,"Startup Cost": 1.25,"Total Cost": 1.25,"Plan Rows": 25,"Plan Width": 108,"Actual Startup Time": 0.094,"Actual Total Time": 0.104,"Actual Rows": 25,"Actual Loops": 3,"Hash Buckets": 1024,"Original Hash Buckets": 1024,"Hash Batches": 1,"Original Hash Batches": 1,"Peak Memory Usage": 10,"Workers": [],"Plans": [{"Node Type": "Seq Scan","Parent Relationship": "Outer","Parallel Aware": false,"Async Capable": false,"Relation Name": "nation","Alias": "nation","Startup Cost": 0.00,"Total Cost": 1.25,"Plan Rows": 25,"Plan Width": 108,"Actual Startup Time": 0.063,"Actual Total Time": 0.069,"Actual Rows": 25,"Actual Loops": 3,"Workers": []}]}]}]}]}]}]},"Planning Time": 12.078,"Triggers": [],"Execution Time": 2525.040}]
[{"Plan": {"Node Type": "Aggregate","Strategy": "Sorted","Partial Mode": "Finalize","Parallel Aware": false,"Async Capable": false,"Startup Cost": 41381.04,"Total Cost": 41397.45,"Plan Rows": 122,"Plan Width": 168,"Actual Startup Time": 2369.291,"Actual Total Time": 2478.707,"Actual Rows": 175,"Actual Loops": 1,"Group Key": ["nation.n_name", "(EXTRACT(year FROM orders.o_orderdate))"],"Plans": [{"Node Type": "Gather Merge","Parent Relationship": "Outer","Parallel Aware": false,"Async Capable": false,"Startup Cost": 41381.04,"Total Cost": 41394.60,"Plan Rows": 102,"Plan Width": 168,"Actual Startup Time": 2368.553,"Actual Total Time": 2478.320,"Actual Rows": 525,"Actual Loops": 1,"Workers Planned": 2,"Workers Launched": 2,"Plans": [{"Node Type": "Aggregate","Strategy": "Sorted","Partial Mode": "Partial","Parent Relationship": "Outer","Parallel Aware": false,"Async Capable": false,"Startup Cost": 40381.01,"Total Cost": 40382.80,"Plan Rows": 51,"Plan Width": 168,"Actual Startup Time": 2234.651,"Actual Total Time": 2367.808,"Actual Rows": 175,"Actual Loops": 3,"Group Key": ["nation.n_name", "(EXTRACT(year FROM orders.o_orderdate))"],"Workers": [],"Plans": [{"Node Type": "Sort","Parent Relationship": "Outer","Parallel Aware": false,"Async Capable": false,"Startup Cost": 40381.01,"Total Cost": 40381.14,"Plan Rows": 51,"Plan Width": 159,"Actual Startup Time": 2234.151,"Actual Total Time": 2281.175,"Actual Rows": 106377,"Actual Loops": 3,"Sort Key": ["nation.n_name", "(EXTRACT(year FROM orders.o_orderdate)) DESC"],"Sort Method": "quicksort","Sort Space Used": 13281,"Sort Space Type": "Memory","Workers": [{"Worker Number": 0,"Sort Method": "quicksort","Sort Space Used": 13894,"Sort Space Type": "Memory"},{"Worker Number": 1,"Sort Method": "quicksort","Sort Space Used": 13818,"Sort Space Type": "Memory"}],"Plans": [{"Node Type": "Hash Join","Parent Relationship": "Outer","Parallel Aware": false,"Async Capable": false,"Join Type": "Inner","Startup Cost": 3.13,"Total Cost": 40379.57,"Plan Rows": 51,"Plan Width": 159,"Actual Startup Time": 0.768,"Actual Total Time": 2087.367,"Actual Rows": 106377,"Actual Loops": 3,"Inner Unique": true,"Hash Cond": "(supplier.s_nationkey = nation.n_nationkey)","Workers": [],"Plans": [{"Node Type": "Nested Loop","Parent Relationship": "Outer","Parallel Aware": false,"Async Capable": false,"Join Type": "Inner","Startup Cost": 1.57,"Total Cost": 40377.72,"Plan Rows": 51,"Plan Width": 31,"Actual Startup Time": 0.548,"Actual Total Time": 2056.182,"Actual Rows": 106377,"Actual Loops": 3,"Inner Unique": true,"Workers": [],"Plans": [{"Node Type": "Nested Loop","Parent Relationship": "Outer","Parallel Aware": false,"Async Capable": false,"Join Type": "Inner","Startup Cost": 1.14,"Total Cost": 40354.00,"Plan Rows": 51,"Plan Width": 31,"Actual Startup Time": 0.413,"Actual Total Time": 960.517,"Actual Rows": 106377,"Actual Loops": 3,"Inner Unique": true,"Workers": [],"Plans": [{"Node Type": "Nested Loop","Parent Relationship": "Outer","Parallel Aware": false,"Async Capable": false,"Join Type": "Inner","Startup Cost": 0.86,"Total Cost": 40338.56,"Plan Rows": 51,"Plan Width": 35,"Actual Startup Time": 0.324,"Actual Total Time": 781.220,"Actual Rows": 106377,"Actual Loops": 3,"Inner Unique": false,"Workers": [],"Plans": [{"Node Type": "Nested Loop","Parent Relationship": "Outer","Parallel Aware": false,"Async Capable": false,"Join Type": "Inner","Startup Cost": 0.42,"Total Cost": 22456.59,"Plan Rows": 16835,"Plan Width": 18,"Actual Startup Time": 0.210,"Actual Total Time": 116.185,"Actual Rows": 14180,"Actual Loops": 3,"Inner Unique": false,"Workers": [],"Plans": [{"Node Type": "Seq Scan","Parent Relationship": "Outer","Parallel Aware": true,"Async Capable": false,"Relation Name": "part","Alias": "part","Startup Cost": 0.00,"Total Cost": 5138.67,"Plan Rows": 4209,"Plan Width": 4,"Actual Startup Time": 0.080,"Actual Total Time": 50.374,"Actual Rows": 3545,"Actual Loops": 3,"Filter": "((p_name)::text ~~ '%gainsboro%'::text)","Rows Removed by Filter": 63122,"Workers": []},{"Node Type": "Index Scan","Parent Relationship": "Inner","Parallel Aware": false,"Async Capable": false,"Scan Direction": "Forward","Index Name": "idx_partsupp_partkey","Relation Name": "partsupp","Alias": "partsupp","Startup Cost": 0.42,"Total Cost": 4.07,"Plan Rows": 4,"Plan Width": 14,"Actual Startup Time": 0.014,"Actual Total Time": 0.018,"Actual Rows": 4,"Actual Loops": 10635,"Index Cond": "(ps_partkey = part.p_partkey)","Rows Removed by Index Recheck": 0,"Workers": []}]},{"Node Type": "Index Scan","Parent Relationship": "Inner","Parallel Aware": false,"Async Capable": false,"Scan Direction": "Forward","Index Name": "idx_lineitem_part_supp","Relation Name": "lineitem","Alias": "lineitem","Startup Cost": 0.43,"Total Cost": 1.05,"Plan Rows": 1,"Plan Width": 29,"Actual Startup Time": 0.007,"Actual Total Time": 0.045,"Actual Rows": 8,"Actual Loops": 42540,"Index Cond": "((l_partkey = partsupp.ps_partkey) AND (l_suppkey = partsupp.ps_suppkey))","Rows Removed by Index Recheck": 0,"Workers": []}]},{"Node Type": "Index Scan","Parent Relationship": "Inner","Parallel Aware": false,"Async Capable": false,"Scan Direction": "Forward","Index Name": "supplier_pkey","Relation Name": "supplier","Alias": "supplier","Startup Cost": 0.29,"Total Cost": 0.30,"Plan Rows": 1,"Plan Width": 8,"Actual Startup Time": 0.001,"Actual Total Time": 0.001,"Actual Rows": 1,"Actual Loops": 319131,"Index Cond": "(s_suppkey = lineitem.l_suppkey)","Rows Removed by Index Recheck": 0,"Workers": []}]},{"Node Type": "Index Scan","Parent Relationship": "Inner","Parallel Aware": false,"Async Capable": false,"Scan Direction": "Forward","Index Name": "orders_pkey","Relation Name": "orders","Alias": "orders","Startup Cost": 0.43,"Total Cost": 0.47,"Plan Rows": 1,"Plan Width": 8,"Actual Startup Time": 0.010,"Actual Total Time": 0.010,"Actual Rows": 1,"Actual Loops": 319131,"Index Cond": "(o_orderkey = lineitem.l_orderkey)","Rows Removed by Index Recheck": 0,"Workers": []}]},{"Node Type": "Hash","Parent Relationship": "Inner","Parallel Aware": false,"Async Capable": false,"Startup Cost": 1.25,"Total Cost": 1.25,"Plan Rows": 25,"Plan Width": 108,"Actual Startup Time": 0.092,"Actual Total Time": 0.105,"Actual Rows": 25,"Actual Loops": 3,"Hash Buckets": 1024,"Original Hash Buckets": 1024,"Hash Batches": 1,"Original Hash Batches": 1,"Peak Memory Usage": 10,"Workers": [],"Plans": [{"Node Type": "Seq Scan","Parent Relationship": "Outer","Parallel Aware": false,"Async Capable": false,"Relation Name": "nation","Alias": "nation","Startup Cost": 0.00,"Total Cost": 1.25,"Plan Rows": 25,"Plan Width": 108,"Actual Startup Time": 0.059,"Actual Total Time": 0.067,"Actual Rows": 25,"Actual Loops": 3,"Workers": []}]}]}]}]}]}]},"Planning Time": 12.024,"Triggers": [],"Execution Time": 2481.928}]
[{"Plan": {"Node Type": "Aggregate","Strategy": "Sorted","Partial Mode": "Finalize","Parallel Aware": false,"Async Capable": false,"Startup Cost": 47355.08,"Total Cost": 47374.71,"Plan Rows": 146,"Plan Width": 168,"Actual Startup Time": 2378.458,"Actual Total Time": 2522.697,"Actual Rows": 175,"Actual Loops": 1,"Group Key": ["nation.n_name", "(EXTRACT(year FROM orders.o_orderdate))"],"Plans": [{"Node Type": "Gather Merge","Parent Relationship": "Outer","Parallel Aware": false,"Async Capable": false,"Startup Cost": 47355.08,"Total Cost": 47371.30,"Plan Rows": 122,"Plan Width": 168,"Actual Startup Time": 2377.513,"Actual Total Time": 2522.343,"Actual Rows": 525,"Actual Loops": 1,"Workers Planned": 2,"Workers Launched": 2,"Plans": [{"Node Type": "Aggregate","Strategy": "Sorted","Partial Mode": "Partial","Parent Relationship": "Outer","Parallel Aware": false,"Async Capable": false,"Startup Cost": 46355.06,"Total Cost": 46357.20,"Plan Rows": 61,"Plan Width": 168,"Actual Startup Time": 2288.556,"Actual Total Time": 2417.572,"Actual Rows": 175,"Actual Loops": 3,"Group Key": ["nation.n_name", "(EXTRACT(year FROM orders.o_orderdate))"],"Workers": [],"Plans": [{"Node Type": "Sort","Parent Relationship": "Outer","Parallel Aware": false,"Async Capable": false,"Startup Cost": 46355.06,"Total Cost": 46355.21,"Plan Rows": 61,"Plan Width": 159,"Actual Startup Time": 2288.214,"Actual Total Time": 2333.035,"Actual Rows": 106468,"Actual Loops": 3,"Sort Key": ["nation.n_name", "(EXTRACT(year FROM orders.o_orderdate)) DESC"],"Sort Method": "quicksort","Sort Space Used": 14402,"Sort Space Type": "Memory","Workers": [{"Worker Number": 0,"Sort Method": "quicksort","Sort Space Used": 13293,"Sort Space Type": "Memory"},{"Worker Number": 1,"Sort Method": "quicksort","Sort Space Used": 13330,"Sort Space Type": "Memory"}],"Plans": [{"Node Type": "Hash Join","Parent Relationship": "Outer","Parallel Aware": false,"Async Capable": false,"Join Type": "Inner","Startup Cost": 3.13,"Total Cost": 46353.25,"Plan Rows": 61,"Plan Width": 159,"Actual Startup Time": 0.765,"Actual Total Time": 2146.837,"Actual Rows": 106468,"Actual Loops": 3,"Inner Unique": true,"Hash Cond": "(supplier.s_nationkey = nation.n_nationkey)","Workers": [],"Plans": [{"Node Type": "Nested Loop","Parent Relationship": "Outer","Parallel Aware": false,"Async Capable": false,"Join Type": "Inner","Startup Cost": 1.57,"Total Cost": 46351.35,"Plan Rows": 61,"Plan Width": 31,"Actual Startup Time": 0.566,"Actual Total Time": 2116.014,"Actual Rows": 106468,"Actual Loops": 3,"Inner Unique": true,"Workers": [],"Plans": [{"Node Type": "Nested Loop","Parent Relationship": "Outer","Parallel Aware": false,"Async Capable": false,"Join Type": "Inner","Startup Cost": 1.14,"Total Cost": 46322.98,"Plan Rows": 61,"Plan Width": 31,"Actual Startup Time": 0.424,"Actual Total Time": 986.299,"Actual Rows": 106468,"Actual Loops": 3,"Inner Unique": true,"Workers": [],"Plans": [{"Node Type": "Nested Loop","Parent Relationship": "Outer","Parallel Aware": false,"Async Capable": false,"Join Type": "Inner","Startup Cost": 0.86,"Total Cost": 46304.52,"Plan Rows": 61,"Plan Width": 35,"Actual Startup Time": 0.322,"Actual Total Time": 804.474,"Actual Rows": 106468,"Actual Loops": 3,"Inner Unique": false,"Workers": [],"Plans": [{"Node Type": "Nested Loop","Parent Relationship": "Outer","Parallel Aware": false,"Async Capable": false,"Join Type": "Inner","Startup Cost": 0.42,"Total Cost": 24846.16,"Plan Rows": 20202,"Plan Width": 18,"Actual Startup Time": 0.207,"Actual Total Time": 112.316,"Actual Rows": 14219,"Actual Loops": 3,"Inner Unique": false,"Workers": [],"Plans": [{"Node Type": "Seq Scan","Parent Relationship": "Outer","Parallel Aware": true,"Async Capable": false,"Relation Name": "part","Alias": "part","Startup Cost": 0.00,"Total Cost": 5138.67,"Plan Rows": 5051,"Plan Width": 4,"Actual Startup Time": 0.062,"Actual Total Time": 48.140,"Actual Rows": 3555,"Actual Loops": 3,"Filter": "((p_name)::text ~~ '%green%'::text)","Rows Removed by Filter": 63112,"Workers": []},{"Node Type": "Index Scan","Parent Relationship": "Inner","Parallel Aware": false,"Async Capable": false,"Scan Direction": "Forward","Index Name": "idx_partsupp_partkey","Relation Name": "partsupp","Alias": "partsupp","Startup Cost": 0.42,"Total Cost": 3.86,"Plan Rows": 4,"Plan Width": 14,"Actual Startup Time": 0.014,"Actual Total Time": 0.017,"Actual Rows": 4,"Actual Loops": 10664,"Index Cond": "(ps_partkey = part.p_partkey)","Rows Removed by Index Recheck": 0,"Workers": []}]},{"Node Type": "Index Scan","Parent Relationship": "Inner","Parallel Aware": false,"Async Capable": false,"Scan Direction": "Forward","Index Name": "idx_lineitem_part_supp","Relation Name": "lineitem","Alias": "lineitem","Startup Cost": 0.43,"Total Cost": 1.05,"Plan Rows": 1,"Plan Width": 29,"Actual Startup Time": 0.007,"Actual Total Time": 0.047,"Actual Rows": 7,"Actual Loops": 42656,"Index Cond": "((l_partkey = partsupp.ps_partkey) AND (l_suppkey = partsupp.ps_suppkey))","Rows Removed by Index Recheck": 0,"Workers": []}]},{"Node Type": "Index Scan","Parent Relationship": "Inner","Parallel Aware": false,"Async Capable": false,"Scan Direction": "Forward","Index Name": "supplier_pkey","Relation Name": "supplier","Alias": "supplier","Startup Cost": 0.29,"Total Cost": 0.30,"Plan Rows": 1,"Plan Width": 8,"Actual Startup Time": 0.001,"Actual Total Time": 0.001,"Actual Rows": 1,"Actual Loops": 319404,"Index Cond": "(s_suppkey = lineitem.l_suppkey)","Rows Removed by Index Recheck": 0,"Workers": []}]},{"Node Type": "Index Scan","Parent Relationship": "Inner","Parallel Aware": false,"Async Capable": false,"Scan Direction": "Forward","Index Name": "orders_pkey","Relation Name": "orders","Alias": "orders","Startup Cost": 0.43,"Total Cost": 0.47,"Plan Rows": 1,"Plan Width": 8,"Actual Startup Time": 0.010,"Actual Total Time": 0.010,"Actual Rows": 1,"Actual Loops": 319404,"Index Cond": "(o_orderkey = lineitem.l_orderkey)","Rows Removed by Index Recheck": 0,"Workers": []}]},{"Node Type": "Hash","Parent Relationship": "Inner","Parallel Aware": false,"Async Capable": false,"Startup Cost": 1.25,"Total Cost": 1.25,"Plan Rows": 25,"Plan Width": 108,"Actual Startup Time": 0.086,"Actual Total Time": 0.098,"Actual Rows": 25,"Actual Loops": 3,"Hash Buckets": 1024,"Original Hash Buckets": 1024,"Hash Batches": 1,"Original Hash Batches": 1,"Peak Memory Usage": 10,"Workers": [],"Plans": [{"Node Type": "Seq Scan","Parent Relationship": "Outer","Parallel Aware": false,"Async Capable": false,"Relation Name": "nation","Alias": "nation","Startup Cost": 0.00,"Total Cost": 1.25,"Plan Rows": 25,"Plan Width": 108,"Actual Startup Time": 0.058,"Actual Total Time": 0.065,"Actual Rows": 25,"Actual Loops": 3,"Workers": []}]}]}]}]}]}]},"Planning Time": 11.140,"Triggers": [],"Execution Time": 2525.518}]
[{"Plan": {"Node Type": "Aggregate","Strategy": "Sorted","Partial Mode": "Finalize","Parallel Aware": false,"Async Capable": false,"Startup Cost": 47355.08,"Total Cost": 47374.71,"Plan Rows": 146,"Plan Width": 168,"Actual Startup Time": 2514.427,"Actual Total Time": 2703.238,"Actual Rows": 175,"Actual Loops": 1,"Group Key": ["nation.n_name", "(EXTRACT(year FROM orders.o_orderdate))"],"Plans": [{"Node Type": "Gather Merge","Parent Relationship": "Outer","Parallel Aware": false,"Async Capable": false,"Startup Cost": 47355.08,"Total Cost": 47371.30,"Plan Rows": 122,"Plan Width": 168,"Actual Startup Time": 2512.395,"Actual Total Time": 2702.832,"Actual Rows": 525,"Actual Loops": 1,"Workers Planned": 2,"Workers Launched": 2,"Plans": [{"Node Type": "Aggregate","Strategy": "Sorted","Partial Mode": "Partial","Parent Relationship": "Outer","Parallel Aware": false,"Async Capable": false,"Startup Cost": 46355.06,"Total Cost": 46357.20,"Plan Rows": 61,"Plan Width": 168,"Actual Startup Time": 2387.854,"Actual Total Time": 2544.213,"Actual Rows": 175,"Actual Loops": 3,"Group Key": ["nation.n_name", "(EXTRACT(year FROM orders.o_orderdate))"],"Workers": [],"Plans": [{"Node Type": "Sort","Parent Relationship": "Outer","Parallel Aware": false,"Async Capable": false,"Startup Cost": 46355.06,"Total Cost": 46355.21,"Plan Rows": 61,"Plan Width": 159,"Actual Startup Time": 2387.145,"Actual Total Time": 2446.167,"Actual Rows": 110413,"Actual Loops": 3,"Sort Key": ["nation.n_name", "(EXTRACT(year FROM orders.o_orderdate)) DESC"],"Sort Method": "quicksort","Sort Space Used": 14862,"Sort Space Type": "Memory","Workers": [{"Worker Number": 0,"Sort Method": "quicksort","Sort Space Used": 13748,"Sort Space Type": "Memory"},{"Worker Number": 1,"Sort Method": "quicksort","Sort Space Used": 13594,"Sort Space Type": "Memory"}],"Plans": [{"Node Type": "Hash Join","Parent Relationship": "Outer","Parallel Aware": false,"Async Capable": false,"Join Type": "Inner","Startup Cost": 3.13,"Total Cost": 46353.25,"Plan Rows": 61,"Plan Width": 159,"Actual Startup Time": 0.586,"Actual Total Time": 2238.998,"Actual Rows": 110413,"Actual Loops": 3,"Inner Unique": true,"Hash Cond": "(supplier.s_nationkey = nation.n_nationkey)","Workers": [],"Plans": [{"Node Type": "Nested Loop","Parent Relationship": "Outer","Parallel Aware": false,"Async Capable": false,"Join Type": "Inner","Startup Cost": 1.57,"Total Cost": 46351.35,"Plan Rows": 61,"Plan Width": 31,"Actual Startup Time": 0.446,"Actual Total Time": 2206.727,"Actual Rows": 110413,"Actual Loops": 3,"Inner Unique": true,"Workers": [],"Plans": [{"Node Type": "Nested Loop","Parent Relationship": "Outer","Parallel Aware": false,"Async Capable": false,"Join Type": "Inner","Startup Cost": 1.14,"Total Cost": 46322.98,"Plan Rows": 61,"Plan Width": 31,"Actual Startup Time": 0.345,"Actual Total Time": 1028.676,"Actual Rows": 110413,"Actual Loops": 3,"Inner Unique": true,"Workers": [],"Plans": [{"Node Type": "Nested Loop","Parent Relationship": "Outer","Parallel Aware": false,"Async Capable": false,"Join Type": "Inner","Startup Cost": 0.86,"Total Cost": 46304.52,"Plan Rows": 61,"Plan Width": 35,"Actual Startup Time": 0.259,"Actual Total Time": 837.153,"Actual Rows": 110413,"Actual Loops": 3,"Inner Unique": false,"Workers": [],"Plans": [{"Node Type": "Nested Loop","Parent Relationship": "Outer","Parallel Aware": false,"Async Capable": false,"Join Type": "Inner","Startup Cost": 0.42,"Total Cost": 24846.16,"Plan Rows": 20202,"Plan Width": 18,"Actual Startup Time": 0.158,"Actual Total Time": 117.913,"Actual Rows": 14717,"Actual Loops": 3,"Inner Unique": false,"Workers": [],"Plans": [{"Node Type": "Seq Scan","Parent Relationship": "Outer","Parallel Aware": true,"Async Capable": false,"Relation Name": "part","Alias": "part","Startup Cost": 0.00,"Total Cost": 5138.67,"Plan Rows": 5051,"Plan Width": 4,"Actual Startup Time": 0.058,"Actual Total Time": 50.922,"Actual Rows": 3679,"Actual Loops": 3,"Filter": "((p_name)::text ~~ '%red%'::text)","Rows Removed by Filter": 62987,"Workers": []},{"Node Type": "Index Scan","Parent Relationship": "Inner","Parallel Aware": false,"Async Capable": false,"Scan Direction": "Forward","Index Name": "idx_partsupp_partkey","Relation Name": "partsupp","Alias": "partsupp","Startup Cost": 0.42,"Total Cost": 3.86,"Plan Rows": 4,"Plan Width": 14,"Actual Startup Time": 0.014,"Actual Total Time": 0.017,"Actual Rows": 4,"Actual Loops": 11038,"Index Cond": "(ps_partkey = part.p_partkey)","Rows Removed by Index Recheck": 0,"Workers": []}]},{"Node Type": "Index Scan","Parent Relationship": "Inner","Parallel Aware": false,"Async Capable": false,"Scan Direction": "Forward","Index Name": "idx_lineitem_part_supp","Relation Name": "lineitem","Alias": "lineitem","Startup Cost": 0.43,"Total Cost": 1.05,"Plan Rows": 1,"Plan Width": 29,"Actual Startup Time": 0.007,"Actual Total Time": 0.047,"Actual Rows": 8,"Actual Loops": 44152,"Index Cond": "((l_partkey = partsupp.ps_partkey) AND (l_suppkey = partsupp.ps_suppkey))","Rows Removed by Index Recheck": 0,"Workers": []}]},{"Node Type": "Index Scan","Parent Relationship": "Inner","Parallel Aware": false,"Async Capable": false,"Scan Direction": "Forward","Index Name": "supplier_pkey","Relation Name": "supplier","Alias": "supplier","Startup Cost": 0.29,"Total Cost": 0.30,"Plan Rows": 1,"Plan Width": 8,"Actual Startup Time": 0.001,"Actual Total Time": 0.001,"Actual Rows": 1,"Actual Loops": 331238,"Index Cond": "(s_suppkey = lineitem.l_suppkey)","Rows Removed by Index Recheck": 0,"Workers": []}]},{"Node Type": "Index Scan","Parent Relationship": "Inner","Parallel Aware": false,"Async Capable": false,"Scan Direction": "Forward","Index Name": "orders_pkey","Relation Name": "orders","Alias": "orders","Startup Cost": 0.43,"Total Cost": 0.47,"Plan Rows": 1,"Plan Width": 8,"Actual Startup Time": 0.010,"Actual Total Time": 0.010,"Actual Rows": 1,"Actual Loops": 331238,"Index Cond": "(o_orderkey = lineitem.l_orderkey)","Rows Removed by Index Recheck": 0,"Workers": []}]},{"Node Type": "Hash","Parent Relationship": "Inner","Parallel Aware": false,"Async Capable": false,"Startup Cost": 1.25,"Total Cost": 1.25,"Plan Rows": 25,"Plan Width": 108,"Actual Startup Time": 0.061,"Actual Total Time": 0.070,"Actual Rows": 25,"Actual Loops": 3,"Hash Buckets": 1024,"Original Hash Buckets": 1024,"Hash Batches": 1,"Original Hash Batches": 1,"Peak Memory Usage": 10,"Workers": [],"Plans": [{"Node Type": "Seq Scan","Parent Relationship": "Outer","Parallel Aware": false,"Async Capable": false,"Relation Name": "nation","Alias": "nation","Startup Cost": 0.00,"Total Cost": 1.25,"Plan Rows": 25,"Plan Width": 108,"Actual Startup Time": 0.040,"Actual Total Time": 0.045,"Actual Rows": 25,"Actual Loops": 3,"Workers": []}]}]}]}]}]}]},"Planning Time": 13.100,"Triggers": [],"Execution Time": 2706.177}]
[{"Plan": {"Node Type": "Aggregate","Strategy": "Sorted","Partial Mode": "Finalize","Parallel Aware": false,"Async Capable": false,"Startup Cost": 47355.08,"Total Cost": 47374.71,"Plan Rows": 146,"Plan Width": 168,"Actual Startup Time": 2427.281,"Actual Total Time": 2560.623,"Actual Rows": 175,"Actual Loops": 1,"Group Key": ["nation.n_name", "(EXTRACT(year FROM orders.o_orderdate))"],"Plans": [{"Node Type": "Gather Merge","Parent Relationship": "Outer","Parallel Aware": false,"Async Capable": false,"Startup Cost": 47355.08,"Total Cost": 47371.30,"Plan Rows": 122,"Plan Width": 168,"Actual Startup Time": 2425.770,"Actual Total Time": 2560.173,"Actual Rows": 525,"Actual Loops": 1,"Workers Planned": 2,"Workers Launched": 2,"Plans": [{"Node Type": "Aggregate","Strategy": "Sorted","Partial Mode": "Partial","Parent Relationship": "Outer","Parallel Aware": false,"Async Capable": false,"Startup Cost": 46355.06,"Total Cost": 46357.20,"Plan Rows": 61,"Plan Width": 168,"Actual Startup Time": 2324.281,"Actual Total Time": 2437.938,"Actual Rows": 175,"Actual Loops": 3,"Group Key": ["nation.n_name", "(EXTRACT(year FROM orders.o_orderdate))"],"Workers": [],"Plans": [{"Node Type": "Sort","Parent Relationship": "Outer","Parallel Aware": false,"Async Capable": false,"Startup Cost": 46355.06,"Total Cost": 46355.21,"Plan Rows": 61,"Plan Width": 159,"Actual Startup Time": 2323.550,"Actual Total Time": 2359.455,"Actual Rows": 109049,"Actual Loops": 3,"Sort Key": ["nation.n_name", "(EXTRACT(year FROM orders.o_orderdate)) DESC"],"Sort Method": "quicksort","Sort Space Used": 13570,"Sort Space Type": "Memory","Workers": [{"Worker Number": 0,"Sort Method": "quicksort","Sort Space Used": 14218,"Sort Space Type": "Memory"},{"Worker Number": 1,"Sort Method": "quicksort","Sort Space Used": 14007,"Sort Space Type": "Memory"}],"Plans": [{"Node Type": "Hash Join","Parent Relationship": "Outer","Parallel Aware": false,"Async Capable": false,"Join Type": "Inner","Startup Cost": 3.13,"Total Cost": 46353.25,"Plan Rows": 61,"Plan Width": 159,"Actual Startup Time": 0.593,"Actual Total Time": 2171.007,"Actual Rows": 109049,"Actual Loops": 3,"Inner Unique": true,"Hash Cond": "(supplier.s_nationkey = nation.n_nationkey)","Workers": [],"Plans": [{"Node Type": "Nested Loop","Parent Relationship": "Outer","Parallel Aware": false,"Async Capable": false,"Join Type": "Inner","Startup Cost": 1.57,"Total Cost": 46351.35,"Plan Rows": 61,"Plan Width": 31,"Actual Startup Time": 0.436,"Actual Total Time": 2139.469,"Actual Rows": 109049,"Actual Loops": 3,"Inner Unique": true,"Workers": [],"Plans": [{"Node Type": "Nested Loop","Parent Relationship": "Outer","Parallel Aware": false,"Async Capable": false,"Join Type": "Inner","Startup Cost": 1.14,"Total Cost": 46322.98,"Plan Rows": 61,"Plan Width": 31,"Actual Startup Time": 0.327,"Actual Total Time": 995.967,"Actual Rows": 109049,"Actual Loops": 3,"Inner Unique": true,"Workers": [],"Plans": [{"Node Type": "Nested Loop","Parent Relationship": "Outer","Parallel Aware": false,"Async Capable": false,"Join Type": "Inner","Startup Cost": 0.86,"Total Cost": 46304.52,"Plan Rows": 61,"Plan Width": 35,"Actual Startup Time": 0.248,"Actual Total Time": 810.663,"Actual Rows": 109049,"Actual Loops": 3,"Inner Unique": false,"Workers": [],"Plans": [{"Node Type": "Nested Loop","Parent Relationship": "Outer","Parallel Aware": false,"Async Capable": false,"Join Type": "Inner","Startup Cost": 0.42,"Total Cost": 24846.16,"Plan Rows": 20202,"Plan Width": 18,"Actual Startup Time": 0.143,"Actual Total Time": 120.159,"Actual Rows": 14543,"Actual Loops": 3,"Inner Unique": false,"Workers": [],"Plans": [{"Node Type": "Seq Scan","Parent Relationship": "Outer","Parallel Aware": true,"Async Capable": false,"Relation Name": "part","Alias": "part","Startup Cost": 0.00,"Total Cost": 5138.67,"Plan Rows": 5051,"Plan Width": 4,"Actual Startup Time": 0.049,"Actual Total Time": 52.346,"Actual Rows": 3636,"Actual Loops": 3,"Filter": "((p_name)::text ~~ '%lace%'::text)","Rows Removed by Filter": 63031,"Workers": []},{"Node Type": "Index Scan","Parent Relationship": "Inner","Parallel Aware": false,"Async Capable": false,"Scan Direction": "Forward","Index Name": "idx_partsupp_partkey","Relation Name": "partsupp","Alias": "partsupp","Startup Cost": 0.42,"Total Cost": 3.86,"Plan Rows": 4,"Plan Width": 14,"Actual Startup Time": 0.014,"Actual Total Time": 0.018,"Actual Rows": 4,"Actual Loops": 10907,"Index Cond": "(ps_partkey = part.p_partkey)","Rows Removed by Index Recheck": 0,"Workers": []}]},{"Node Type": "Index Scan","Parent Relationship": "Inner","Parallel Aware": false,"Async Capable": false,"Scan Direction": "Forward","Index Name": "idx_lineitem_part_supp","Relation Name": "lineitem","Alias": "lineitem","Startup Cost": 0.43,"Total Cost": 1.05,"Plan Rows": 1,"Plan Width": 29,"Actual Startup Time": 0.007,"Actual Total Time": 0.046,"Actual Rows": 7,"Actual Loops": 43628,"Index Cond": "((l_partkey = partsupp.ps_partkey) AND (l_suppkey = partsupp.ps_suppkey))","Rows Removed by Index Recheck": 0,"Workers": []}]},{"Node Type": "Index Scan","Parent Relationship": "Inner","Parallel Aware": false,"Async Capable": false,"Scan Direction": "Forward","Index Name": "supplier_pkey","Relation Name": "supplier","Alias": "supplier","Startup Cost": 0.29,"Total Cost": 0.30,"Plan Rows": 1,"Plan Width": 8,"Actual Startup Time": 0.001,"Actual Total Time": 0.001,"Actual Rows": 1,"Actual Loops": 327148,"Index Cond": "(s_suppkey = lineitem.l_suppkey)","Rows Removed by Index Recheck": 0,"Workers": []}]},{"Node Type": "Index Scan","Parent Relationship": "Inner","Parallel Aware": false,"Async Capable": false,"Scan Direction": "Forward","Index Name": "orders_pkey","Relation Name": "orders","Alias": "orders","Startup Cost": 0.43,"Total Cost": 0.47,"Plan Rows": 1,"Plan Width": 8,"Actual Startup Time": 0.010,"Actual Total Time": 0.010,"Actual Rows": 1,"Actual Loops": 327148,"Index Cond": "(o_orderkey = lineitem.l_orderkey)","Rows Removed by Index Recheck": 0,"Workers": []}]},{"Node Type": "Hash","Parent Relationship": "Inner","Parallel Aware": false,"Async Capable": false,"Startup Cost": 1.25,"Total Cost": 1.25,"Plan Rows": 25,"Plan Width": 108,"Actual Startup Time": 0.069,"Actual Total Time": 0.083,"Actual Rows": 25,"Actual Loops": 3,"Hash Buckets": 1024,"Original Hash Buckets": 1024,"Hash Batches": 1,"Original Hash Batches": 1,"Peak Memory Usage": 10,"Workers": [],"Plans": [{"Node Type": "Seq Scan","Parent Relationship": "Outer","Parallel Aware": false,"Async Capable": false,"Relation Name": "nation","Alias": "nation","Startup Cost": 0.00,"Total Cost": 1.25,"Plan Rows": 25,"Plan Width": 108,"Actual Startup Time": 0.048,"Actual Total Time": 0.058,"Actual Rows": 25,"Actual Loops": 3,"Workers": []}]}]}]}]}]}]},"Planning Time": 12.341,"Triggers": [],"Execution Time": 2564.702}]
[{"Plan": {"Node Type": "Aggregate","Strategy": "Sorted","Partial Mode": "Finalize","Parallel Aware": false,"Async Capable": false,"Startup Cost": 35224.41,"Total Cost": 35237.30,"Plan Rows": 97,"Plan Width": 168,"Actual Startup Time": 2438.634,"Actual Total Time": 2597.179,"Actual Rows": 175,"Actual Loops": 1,"Group Key": ["nation.n_name", "(EXTRACT(year FROM orders.o_orderdate))"],"Plans": [{"Node Type": "Gather Merge","Parent Relationship": "Outer","Parallel Aware": false,"Async Capable": false,"Startup Cost": 35224.41,"Total Cost": 35235.05,"Plan Rows": 80,"Plan Width": 168,"Actual Startup Time": 2437.212,"Actual Total Time": 2596.783,"Actual Rows": 525,"Actual Loops": 1,"Workers Planned": 2,"Workers Launched": 2,"Plans": [{"Node Type": "Aggregate","Strategy": "Sorted","Partial Mode": "Partial","Parent Relationship": "Outer","Parallel Aware": false,"Async Capable": false,"Startup Cost": 34224.39,"Total Cost": 34225.79,"Plan Rows": 40,"Plan Width": 168,"Actual Startup Time": 2317.202,"Actual Total Time": 2458.541,"Actual Rows": 175,"Actual Loops": 3,"Group Key": ["nation.n_name", "(EXTRACT(year FROM orders.o_orderdate))"],"Workers": [],"Plans": [{"Node Type": "Sort","Parent Relationship": "Outer","Parallel Aware": false,"Async Capable": false,"Startup Cost": 34224.39,"Total Cost": 34224.49,"Plan Rows": 40,"Plan Width": 159,"Actual Startup Time": 2316.568,"Actual Total Time": 2367.365,"Actual Rows": 107948,"Actual Loops": 3,"Sort Key": ["nation.n_name", "(EXTRACT(year FROM orders.o_orderdate)) DESC"],"Sort Method": "quicksort","Sort Space Used": 14538,"Sort Space Type": "Memory","Workers": [{"Worker Number": 0,"Sort Method": "quicksort","Sort Space Used": 13479,"Sort Space Type": "Memory"},{"Worker Number": 1,"Sort Method": "quicksort","Sort Space Used": 13441,"Sort Space Type": "Memory"}],"Plans": [{"Node Type": "Hash Join","Parent Relationship": "Outer","Parallel Aware": false,"Async Capable": false,"Join Type": "Inner","Startup Cost": 3.13,"Total Cost": 34223.32,"Plan Rows": 40,"Plan Width": 159,"Actual Startup Time": 0.735,"Actual Total Time": 2172.824,"Actual Rows": 107948,"Actual Loops": 3,"Inner Unique": true,"Hash Cond": "(supplier.s_nationkey = nation.n_nationkey)","Workers": [],"Plans": [{"Node Type": "Nested Loop","Parent Relationship": "Outer","Parallel Aware": false,"Async Capable": false,"Join Type": "Inner","Startup Cost": 1.57,"Total Cost": 34221.53,"Plan Rows": 40,"Plan Width": 31,"Actual Startup Time": 0.558,"Actual Total Time": 2141.544,"Actual Rows": 107948,"Actual Loops": 3,"Inner Unique": true,"Workers": [],"Plans": [{"Node Type": "Nested Loop","Parent Relationship": "Outer","Parallel Aware": false,"Async Capable": false,"Join Type": "Inner","Startup Cost": 1.14,"Total Cost": 34202.93,"Plan Rows": 40,"Plan Width": 31,"Actual Startup Time": 0.423,"Actual Total Time": 998.893,"Actual Rows": 107948,"Actual Loops": 3,"Inner Unique": true,"Workers": [],"Plans": [{"Node Type": "Nested Loop","Parent Relationship": "Outer","Parallel Aware": false,"Async Capable": false,"Join Type": "Inner","Startup Cost": 0.86,"Total Cost": 34190.82,"Plan Rows": 40,"Plan Width": 35,"Actual Startup Time": 0.327,"Actual Total Time": 814.063,"Actual Rows": 107948,"Actual Loops": 3,"Inner Unique": false,"Workers": [],"Plans": [{"Node Type": "Nested Loop","Parent Relationship": "Outer","Parallel Aware": false,"Async Capable": false,"Join Type": "Inner","Startup Cost": 0.42,"Total Cost": 19885.25,"Plan Rows": 13468,"Plan Width": 18,"Actual Startup Time": 0.193,"Actual Total Time": 113.337,"Actual Rows": 14405,"Actual Loops": 3,"Inner Unique": false,"Workers": [],"Plans": [{"Node Type": "Seq Scan","Parent Relationship": "Outer","Parallel Aware": true,"Async Capable": false,"Relation Name": "part","Alias": "part","Startup Cost": 0.00,"Total Cost": 5138.67,"Plan Rows": 3367,"Plan Width": 4,"Actual Startup Time": 0.059,"Actual Total Time": 48.010,"Actual Rows": 3601,"Actual Loops": 3,"Filter": "((p_name)::text ~~ '%floral%'::text)","Rows Removed by Filter": 63065,"Workers": []},{"Node Type": "Index Scan","Parent Relationship": "Inner","Parallel Aware": false,"Async Capable": false,"Scan Direction": "Forward","Index Name": "idx_partsupp_partkey","Relation Name": "partsupp","Alias": "partsupp","Startup Cost": 0.42,"Total Cost": 4.34,"Plan Rows": 4,"Plan Width": 14,"Actual Startup Time": 0.014,"Actual Total Time": 0.017,"Actual Rows": 4,"Actual Loops": 10804,"Index Cond": "(ps_partkey = part.p_partkey)","Rows Removed by Index Recheck": 0,"Workers": []}]},{"Node Type": "Index Scan","Parent Relationship": "Inner","Parallel Aware": false,"Async Capable": false,"Scan Direction": "Forward","Index Name": "idx_lineitem_part_supp","Relation Name": "lineitem","Alias": "lineitem","Startup Cost": 0.43,"Total Cost": 1.05,"Plan Rows": 1,"Plan Width": 29,"Actual Startup Time": 0.007,"Actual Total Time": 0.047,"Actual Rows": 7,"Actual Loops": 43216,"Index Cond": "((l_partkey = partsupp.ps_partkey) AND (l_suppkey = partsupp.ps_suppkey))","Rows Removed by Index Recheck": 0,"Workers": []}]},{"Node Type": "Index Scan","Parent Relationship": "Inner","Parallel Aware": false,"Async Capable": false,"Scan Direction": "Forward","Index Name": "supplier_pkey","Relation Name": "supplier","Alias": "supplier","Startup Cost": 0.29,"Total Cost": 0.30,"Plan Rows": 1,"Plan Width": 8,"Actual Startup Time": 0.001,"Actual Total Time": 0.001,"Actual Rows": 1,"Actual Loops": 323844,"Index Cond": "(s_suppkey = lineitem.l_suppkey)","Rows Removed by Index Recheck": 0,"Workers": []}]},{"Node Type": "Index Scan","Parent Relationship": "Inner","Parallel Aware": false,"Async Capable": false,"Scan Direction": "Forward","Index Name": "orders_pkey","Relation Name": "orders","Alias": "orders","Startup Cost": 0.43,"Total Cost": 0.47,"Plan Rows": 1,"Plan Width": 8,"Actual Startup Time": 0.010,"Actual Total Time": 0.010,"Actual Rows": 1,"Actual Loops": 323844,"Index Cond": "(o_orderkey = lineitem.l_orderkey)","Rows Removed by Index Recheck": 0,"Workers": []}]},{"Node Type": "Hash","Parent Relationship": "Inner","Parallel Aware": false,"Async Capable": false,"Startup Cost": 1.25,"Total Cost": 1.25,"Plan Rows": 25,"Plan Width": 108,"Actual Startup Time": 0.087,"Actual Total Time": 0.099,"Actual Rows": 25,"Actual Loops": 3,"Hash Buckets": 1024,"Original Hash Buckets": 1024,"Hash Batches": 1,"Original Hash Batches": 1,"Peak Memory Usage": 10,"Workers": [],"Plans": [{"Node Type": "Seq Scan","Parent Relationship": "Outer","Parallel Aware": false,"Async Capable": false,"Relation Name": "nation","Alias": "nation","Startup Cost": 0.00,"Total Cost": 1.25,"Plan Rows": 25,"Plan Width": 108,"Actual Startup Time": 0.061,"Actual Total Time": 0.067,"Actual Rows": 25,"Actual Loops": 3,"Workers": []}]}]}]}]}]}]},"Planning Time": 12.204,"Triggers": [],"Execution Time": 2600.171}]
[{"Plan": {"Node Type": "Aggregate","Strategy": "Sorted","Partial Mode": "Finalize","Parallel Aware": false,"Async Capable": false,"Startup Cost": 46348.90,"Total Cost": 46374.41,"Plan Rows": 170,"Plan Width": 168,"Actual Startup Time": 1730.222,"Actual Total Time": 1874.204,"Actual Rows": 175,"Actual Loops": 1,"Group Key": ["nation.n_name", "(EXTRACT(year FROM orders.o_orderdate))"],"Plans": [{"Node Type": "Gather Merge","Parent Relationship": "Outer","Parallel Aware": false,"Async Capable": false,"Startup Cost": 46348.90,"Total Cost": 46370.21,"Plan Rows": 165,"Plan Width": 168,"Actual Startup Time": 1728.668,"Actual Total Time": 1873.759,"Actual Rows": 700,"Actual Loops": 1,"Workers Planned": 3,"Workers Launched": 3,"Plans": [{"Node Type": "Aggregate","Strategy": "Sorted","Partial Mode": "Partial","Parent Relationship": "Outer","Parallel Aware": false,"Async Capable": false,"Startup Cost": 45348.86,"Total Cost": 45350.79,"Plan Rows": 55,"Plan Width": 168,"Actual Startup Time": 1650.826,"Actual Total Time": 1744.501,"Actual Rows": 175,"Actual Loops": 4,"Group Key": ["nation.n_name", "(EXTRACT(year FROM orders.o_orderdate))"],"Workers": [],"Plans": [{"Node Type": "Sort","Parent Relationship": "Outer","Parallel Aware": false,"Async Capable": false,"Startup Cost": 45348.86,"Total Cost": 45349.00,"Plan Rows": 55,"Plan Width": 159,"Actual Startup Time": 1650.333,"Actual Total Time": 1682.232,"Actual Rows": 81534,"Actual Loops": 4,"Sort Key": ["nation.n_name", "(EXTRACT(year FROM orders.o_orderdate)) DESC"],"Sort Method": "quicksort","Sort Space Used": 11317,"Sort Space Type": "Memory","Workers": [{"Worker Number": 0,"Sort Method": "quicksort","Sort Space Used": 11037,"Sort Space Type": "Memory"},{"Worker Number": 1,"Sort Method": "quicksort","Sort Space Used": 11269,"Sort Space Type": "Memory"},{"Worker Number": 2,"Sort Method": "quicksort","Sort Space Used": 11142,"Sort Space Type": "Memory"}],"Plans": [{"Node Type": "Hash Join","Parent Relationship": "Outer","Parallel Aware": false,"Async Capable": false,"Join Type": "Inner","Startup Cost": 5215.02,"Total Cost": 45347.27,"Plan Rows": 55,"Plan Width": 159,"Actual Startup Time": 22.539,"Actual Total Time": 1549.942,"Actual Rows": 81534,"Actual Loops": 4,"Inner Unique": true,"Hash Cond": "(supplier.s_nationkey = nation.n_nationkey)","Workers": [],"Plans": [{"Node Type": "Nested Loop","Parent Relationship": "Outer","Parallel Aware": false,"Async Capable": false,"Join Type": "Inner","Startup Cost": 5213.46,"Total Cost": 45345.40,"Plan Rows": 55,"Plan Width": 31,"Actual Startup Time": 22.374,"Actual Total Time": 1526.572,"Actual Rows": 81534,"Actual Loops": 4,"Inner Unique": true,"Workers": [],"Plans": [{"Node Type": "Nested Loop","Parent Relationship": "Outer","Parallel Aware": false,"Async Capable": false,"Join Type": "Inner","Startup Cost": 5213.03,"Total Cost": 45319.82,"Plan Rows": 55,"Plan Width": 31,"Actual Startup Time": 22.306,"Actual Total Time": 793.181,"Actual Rows": 81534,"Actual Loops": 4,"Inner Unique": true,"Workers": [],"Plans": [{"Node Type": "Nested Loop","Parent Relationship": "Outer","Parallel Aware": false,"Async Capable": false,"Join Type": "Inner","Startup Cost": 5212.75,"Total Cost": 45303.17,"Plan Rows": 55,"Plan Width": 35,"Actual Startup Time": 22.249,"Actual Total Time": 656.284,"Actual Rows": 81534,"Actual Loops": 4,"Inner Unique": false,"Workers": [],"Plans": [{"Node Type": "Hash Join","Parent Relationship": "Outer","Parallel Aware": true,"Async Capable": false,"Join Type": "Inner","Startup Cost": 5212.32,"Total Cost": 25921.39,"Plan Rows": 18247,"Plan Width": 18,"Actual Startup Time": 22.162,"Actual Total Time": 197.619,"Actual Rows": 10856,"Actual Loops": 4,"Inner Unique": true,"Hash Cond": "(partsupp.ps_partkey = part.p_partkey)","Workers": [],"Plans": [{"Node Type": "Seq Scan","Parent Relationship": "Outer","Parallel Aware": true,"Async Capable": false,"Relation Name": "partsupp","Alias": "partsupp","Startup Cost": 0.00,"Total Cost": 20031.65,"Plan Rows": 258065,"Plan Width": 14,"Actual Startup Time": 0.014,"Actual Total Time": 42.173,"Actual Rows": 200000,"Actual Loops": 4,"Workers": []},{"Node Type": "Hash","Parent Relationship": "Inner","Parallel Aware": true,"Async Capable": false,"Startup Cost": 5138.67,"Total Cost": 5138.67,"Plan Rows": 5892,"Plan Width": 4,"Actual Startup Time": 22.002,"Actual Total Time": 22.011,"Actual Rows": 2714,"Actual Loops": 4,"Hash Buckets": 16384,"Original Hash Buckets": 16384,"Hash Batches": 1,"Original Hash Batches": 1,"Peak Memory Usage": 608,"Workers": [],"Plans": [{"Node Type": "Seq Scan","Parent Relationship": "Outer","Parallel Aware": true,"Async Capable": false,"Relation Name": "part","Alias": "part","Startup Cost": 0.00,"Total Cost": 5138.67,"Plan Rows": 5892,"Plan Width": 4,"Actual Startup Time": 0.065,"Actual Total Time": 20.262,"Actual Rows": 2714,"Actual Loops": 4,"Filter": "((p_name)::text ~~ '%pink%'::text)","Rows Removed by Filter": 47286,"Workers": []}]}]},{"Node Type": "Index Scan","Parent Relationship": "Inner","Parallel Aware": false,"Async Capable": false,"Scan Direction": "Forward","Index Name": "idx_lineitem_part_supp","Relation Name": "lineitem","Alias": "lineitem","Startup Cost": 0.43,"Total Cost": 1.05,"Plan Rows": 1,"Plan Width": 29,"Actual Startup Time": 0.006,"Actual Total Time": 0.041,"Actual Rows": 8,"Actual Loops": 43424,"Index Cond": "((l_partkey = partsupp.ps_partkey) AND (l_suppkey = partsupp.ps_suppkey))","Rows Removed by Index Recheck": 0,"Workers": []}]},{"Node Type": "Index Scan","Parent Relationship": "Inner","Parallel Aware": false,"Async Capable": false,"Scan Direction": "Forward","Index Name": "supplier_pkey","Relation Name": "supplier","Alias": "supplier","Startup Cost": 0.29,"Total Cost": 0.30,"Plan Rows": 1,"Plan Width": 8,"Actual Startup Time": 0.001,"Actual Total Time": 0.001,"Actual Rows": 1,"Actual Loops": 326137,"Index Cond": "(s_suppkey = lineitem.l_suppkey)","Rows Removed by Index Recheck": 0,"Workers": []}]},{"Node Type": "Index Scan","Parent Relationship": "Inner","Parallel Aware": false,"Async Capable": false,"Scan Direction": "Forward","Index Name": "orders_pkey","Relation Name": "orders","Alias": "orders","Startup Cost": 0.43,"Total Cost": 0.47,"Plan Rows": 1,"Plan Width": 8,"Actual Startup Time": 0.009,"Actual Total Time": 0.009,"Actual Rows": 1,"Actual Loops": 326137,"Index Cond": "(o_orderkey = lineitem.l_orderkey)","Rows Removed by Index Recheck": 0,"Workers": []}]},{"Node Type": "Hash","Parent Relationship": "Inner","Parallel Aware": false,"Async Capable": false,"Startup Cost": 1.25,"Total Cost": 1.25,"Plan Rows": 25,"Plan Width": 108,"Actual Startup Time": 0.071,"Actual Total Time": 0.076,"Actual Rows": 25,"Actual Loops": 4,"Hash Buckets": 1024,"Original Hash Buckets": 1024,"Hash Batches": 1,"Original Hash Batches": 1,"Peak Memory Usage": 10,"Workers": [],"Plans": [{"Node Type": "Seq Scan","Parent Relationship": "Outer","Parallel Aware": false,"Async Capable": false,"Relation Name": "nation","Alias": "nation","Startup Cost": 0.00,"Total Cost": 1.25,"Plan Rows": 25,"Plan Width": 108,"Actual Startup Time": 0.047,"Actual Total Time": 0.052,"Actual Rows": 25,"Actual Loops": 4,"Workers": []}]}]}]}]}]}]},"Planning Time": 12.442,"Triggers": [],"Execution Time": 1875.255}]
[{"Plan": {"Node Type": "Aggregate","Strategy": "Sorted","Partial Mode": "Finalize","Parallel Aware": false,"Async Capable": false,"Startup Cost": 46348.90,"Total Cost": 46374.41,"Plan Rows": 170,"Plan Width": 168,"Actual Startup Time": 1750.907,"Actual Total Time": 1855.023,"Actual Rows": 175,"Actual Loops": 1,"Group Key": ["nation.n_name", "(EXTRACT(year FROM orders.o_orderdate))"],"Plans": [{"Node Type": "Gather Merge","Parent Relationship": "Outer","Parallel Aware": false,"Async Capable": false,"Startup Cost": 46348.90,"Total Cost": 46370.21,"Plan Rows": 165,"Plan Width": 168,"Actual Startup Time": 1749.012,"Actual Total Time": 1854.505,"Actual Rows": 700,"Actual Loops": 1,"Workers Planned": 3,"Workers Launched": 3,"Plans": [{"Node Type": "Aggregate","Strategy": "Sorted","Partial Mode": "Partial","Parent Relationship": "Outer","Parallel Aware": false,"Async Capable": false,"Startup Cost": 45348.86,"Total Cost": 45350.79,"Plan Rows": 55,"Plan Width": 168,"Actual Startup Time": 1664.618,"Actual Total Time": 1759.222,"Actual Rows": 175,"Actual Loops": 4,"Group Key": ["nation.n_name", "(EXTRACT(year FROM orders.o_orderdate))"],"Workers": [],"Plans": [{"Node Type": "Sort","Parent Relationship": "Outer","Parallel Aware": false,"Async Capable": false,"Startup Cost": 45348.86,"Total Cost": 45349.00,"Plan Rows": 55,"Plan Width": 159,"Actual Startup Time": 1664.224,"Actual Total Time": 1696.542,"Actual Rows": 82796,"Actual Loops": 4,"Sort Key": ["nation.n_name", "(EXTRACT(year FROM orders.o_orderdate)) DESC"],"Sort Method": "quicksort","Sort Space Used": 11192,"Sort Space Type": "Memory","Workers": [{"Worker Number": 0,"Sort Method": "quicksort","Sort Space Used": 11411,"Sort Space Type": "Memory"},{"Worker Number": 1,"Sort Method": "quicksort","Sort Space Used": 11117,"Sort Space Type": "Memory"},{"Worker Number": 2,"Sort Method": "quicksort","Sort Space Used": 11548,"Sort Space Type": "Memory"}],"Plans": [{"Node Type": "Hash Join","Parent Relationship": "Outer","Parallel Aware": false,"Async Capable": false,"Join Type": "Inner","Startup Cost": 5215.02,"Total Cost": 45347.27,"Plan Rows": 55,"Plan Width": 159,"Actual Startup Time": 22.142,"Actual Total Time": 1561.411,"Actual Rows": 82796,"Actual Loops": 4,"Inner Unique": true,"Hash Cond": "(supplier.s_nationkey = nation.n_nationkey)","Workers": [],"Plans": [{"Node Type": "Nested Loop","Parent Relationship": "Outer","Parallel Aware": false,"Async Capable": false,"Join Type": "Inner","Startup Cost": 5213.46,"Total Cost": 45345.40,"Plan Rows": 55,"Plan Width": 31,"Actual Startup Time": 21.917,"Actual Total Time": 1537.278,"Actual Rows": 82796,"Actual Loops": 4,"Inner Unique": true,"Workers": [],"Plans": [{"Node Type": "Nested Loop","Parent Relationship": "Outer","Parallel Aware": false,"Async Capable": false,"Join Type": "Inner","Startup Cost": 5213.03,"Total Cost": 45319.82,"Plan Rows": 55,"Plan Width": 31,"Actual Startup Time": 21.852,"Actual Total Time": 791.105,"Actual Rows": 82796,"Actual Loops": 4,"Inner Unique": true,"Workers": [],"Plans": [{"Node Type": "Nested Loop","Parent Relationship": "Outer","Parallel Aware": false,"Async Capable": false,"Join Type": "Inner","Startup Cost": 5212.75,"Total Cost": 45303.17,"Plan Rows": 55,"Plan Width": 35,"Actual Startup Time": 21.805,"Actual Total Time": 652.381,"Actual Rows": 82796,"Actual Loops": 4,"Inner Unique": false,"Workers": [],"Plans": [{"Node Type": "Hash Join","Parent Relationship": "Outer","Parallel Aware": true,"Async Capable": false,"Join Type": "Inner","Startup Cost": 5212.32,"Total Cost": 25921.39,"Plan Rows": 18247,"Plan Width": 18,"Actual Startup Time": 21.736,"Actual Total Time": 188.254,"Actual Rows": 11007,"Actual Loops": 4,"Inner Unique": true,"Hash Cond": "(partsupp.ps_partkey = part.p_partkey)","Workers": [],"Plans": [{"Node Type": "Seq Scan","Parent Relationship": "Outer","Parallel Aware": true,"Async Capable": false,"Relation Name": "partsupp","Alias": "partsupp","Startup Cost": 0.00,"Total Cost": 20031.65,"Plan Rows": 258065,"Plan Width": 14,"Actual Startup Time": 0.015,"Actual Total Time": 42.654,"Actual Rows": 200000,"Actual Loops": 4,"Workers": []},{"Node Type": "Hash","Parent Relationship": "Inner","Parallel Aware": true,"Async Capable": false,"Startup Cost": 5138.67,"Total Cost": 5138.67,"Plan Rows": 5892,"Plan Width": 4,"Actual Startup Time": 21.539,"Actual Total Time": 21.550,"Actual Rows": 2752,"Actual Loops": 4,"Hash Buckets": 16384,"Original Hash Buckets": 16384,"Hash Batches": 1,"Original Hash Batches": 1,"Peak Memory Usage": 608,"Workers": [],"Plans": [{"Node Type": "Seq Scan","Parent Relationship": "Outer","Parallel Aware": true,"Async Capable": false,"Relation Name": "part","Alias": "part","Startup Cost": 0.00,"Total Cost": 5138.67,"Plan Rows": 5892,"Plan Width": 4,"Actual Startup Time": 0.060,"Actual Total Time": 20.080,"Actual Rows": 2752,"Actual Loops": 4,"Filter": "((p_name)::text ~~ '%orange%'::text)","Rows Removed by Filter": 47248,"Workers": []}]}]},{"Node Type": "Index Scan","Parent Relationship": "Inner","Parallel Aware": false,"Async Capable": false,"Scan Direction": "Forward","Index Name": "idx_lineitem_part_supp","Relation Name": "lineitem","Alias": "lineitem","Startup Cost": 0.43,"Total Cost": 1.05,"Plan Rows": 1,"Plan Width": 29,"Actual Startup Time": 0.006,"Actual Total Time": 0.041,"Actual Rows": 8,"Actual Loops": 44028,"Index Cond": "((l_partkey = partsupp.ps_partkey) AND (l_suppkey = partsupp.ps_suppkey))","Rows Removed by Index Recheck": 0,"Workers": []}]},{"Node Type": "Index Scan","Parent Relationship": "Inner","Parallel Aware": false,"Async Capable": false,"Scan Direction": "Forward","Index Name": "supplier_pkey","Relation Name": "supplier","Alias": "supplier","Startup Cost": 0.29,"Total Cost": 0.30,"Plan Rows": 1,"Plan Width": 8,"Actual Startup Time": 0.001,"Actual Total Time": 0.001,"Actual Rows": 1,"Actual Loops": 331186,"Index Cond": "(s_suppkey = lineitem.l_suppkey)","Rows Removed by Index Recheck": 0,"Workers": []}]},{"Node Type": "Index Scan","Parent Relationship": "Inner","Parallel Aware": false,"Async Capable": false,"Scan Direction": "Forward","Index Name": "orders_pkey","Relation Name": "orders","Alias": "orders","Startup Cost": 0.43,"Total Cost": 0.47,"Plan Rows": 1,"Plan Width": 8,"Actual Startup Time": 0.009,"Actual Total Time": 0.009,"Actual Rows": 1,"Actual Loops": 331186,"Index Cond": "(o_orderkey = lineitem.l_orderkey)","Rows Removed by Index Recheck": 0,"Workers": []}]},{"Node Type": "Hash","Parent Relationship": "Inner","Parallel Aware": false,"Async Capable": false,"Startup Cost": 1.25,"Total Cost": 1.25,"Plan Rows": 25,"Plan Width": 108,"Actual Startup Time": 0.103,"Actual Total Time": 0.109,"Actual Rows": 25,"Actual Loops": 4,"Hash Buckets": 1024,"Original Hash Buckets": 1024,"Hash Batches": 1,"Original Hash Batches": 1,"Peak Memory Usage": 10,"Workers": [],"Plans": [{"Node Type": "Seq Scan","Parent Relationship": "Outer","Parallel Aware": false,"Async Capable": false,"Relation Name": "nation","Alias": "nation","Startup Cost": 0.00,"Total Cost": 1.25,"Plan Rows": 25,"Plan Width": 108,"Actual Startup Time": 0.073,"Actual Total Time": 0.079,"Actual Rows": 25,"Actual Loops": 4,"Workers": []}]}]}]}]}]}]},"Planning Time": 12.134,"Triggers": [],"Execution Time": 1857.581}]
[{"Plan": {"Node Type": "Aggregate","Strategy": "Sorted","Partial Mode": "Finalize","Parallel Aware": false,"Async Capable": false,"Startup Cost": 46348.90,"Total Cost": 46374.41,"Plan Rows": 170,"Plan Width": 168,"Actual Startup Time": 1723.493,"Actual Total Time": 1859.527,"Actual Rows": 175,"Actual Loops": 1,"Group Key": ["nation.n_name", "(EXTRACT(year FROM orders.o_orderdate))"],"Plans": [{"Node Type": "Gather Merge","Parent Relationship": "Outer","Parallel Aware": false,"Async Capable": false,"Startup Cost": 46348.90,"Total Cost": 46370.21,"Plan Rows": 165,"Plan Width": 168,"Actual Startup Time": 1722.182,"Actual Total Time": 1859.079,"Actual Rows": 700,"Actual Loops": 1,"Workers Planned": 3,"Workers Launched": 3,"Plans": [{"Node Type": "Aggregate","Strategy": "Sorted","Partial Mode": "Partial","Parent Relationship": "Outer","Parallel Aware": false,"Async Capable": false,"Startup Cost": 45348.86,"Total Cost": 45350.79,"Plan Rows": 55,"Plan Width": 168,"Actual Startup Time": 1656.882,"Actual Total Time": 1751.105,"Actual Rows": 175,"Actual Loops": 4,"Group Key": ["nation.n_name", "(EXTRACT(year FROM orders.o_orderdate))"],"Workers": [],"Plans": [{"Node Type": "Sort","Parent Relationship": "Outer","Parallel Aware": false,"Async Capable": false,"Startup Cost": 45348.86,"Total Cost": 45349.00,"Plan Rows": 55,"Plan Width": 159,"Actual Startup Time": 1656.482,"Actual Total Time": 1688.020,"Actual Rows": 82329,"Actual Loops": 4,"Sort Key": ["nation.n_name", "(EXTRACT(year FROM orders.o_orderdate)) DESC"],"Sort Method": "quicksort","Sort Space Used": 11581,"Sort Space Type": "Memory","Workers": [{"Worker Number": 0,"Sort Method": "quicksort","Sort Space Used": 11149,"Sort Space Type": "Memory"},{"Worker Number": 1,"Sort Method": "quicksort","Sort Space Used": 11206,"Sort Space Type": "Memory"},{"Worker Number": 2,"Sort Method": "quicksort","Sort Space Used": 11149,"Sort Space Type": "Memory"}],"Plans": [{"Node Type": "Hash Join","Parent Relationship": "Outer","Parallel Aware": false,"Async Capable": false,"Join Type": "Inner","Startup Cost": 5215.02,"Total Cost": 45347.27,"Plan Rows": 55,"Plan Width": 159,"Actual Startup Time": 22.822,"Actual Total Time": 1557.570,"Actual Rows": 82329,"Actual Loops": 4,"Inner Unique": true,"Hash Cond": "(supplier.s_nationkey = nation.n_nationkey)","Workers": [],"Plans": [{"Node Type": "Nested Loop","Parent Relationship": "Outer","Parallel Aware": false,"Async Capable": false,"Join Type": "Inner","Startup Cost": 5213.46,"Total Cost": 45345.40,"Plan Rows": 55,"Plan Width": 31,"Actual Startup Time": 22.599,"Actual Total Time": 1533.905,"Actual Rows": 82329,"Actual Loops": 4,"Inner Unique": true,"Workers": [],"Plans": [{"Node Type": "Nested Loop","Parent Relationship": "Outer","Parallel Aware": false,"Async Capable": false,"Join Type": "Inner","Startup Cost": 5213.03,"Total Cost": 45319.82,"Plan Rows": 55,"Plan Width": 31,"Actual Startup Time": 22.531,"Actual Total Time": 799.967,"Actual Rows": 82329,"Actual Loops": 4,"Inner Unique": true,"Workers": [],"Plans": [{"Node Type": "Nested Loop","Parent Relationship": "Outer","Parallel Aware": false,"Async Capable": false,"Join Type": "Inner","Startup Cost": 5212.75,"Total Cost": 45303.17,"Plan Rows": 55,"Plan Width": 35,"Actual Startup Time": 22.487,"Actual Total Time": 661.259,"Actual Rows": 82329,"Actual Loops": 4,"Inner Unique": false,"Workers": [],"Plans": [{"Node Type": "Hash Join","Parent Relationship": "Outer","Parallel Aware": true,"Async Capable": false,"Join Type": "Inner","Startup Cost": 5212.32,"Total Cost": 25921.39,"Plan Rows": 18247,"Plan Width": 18,"Actual Startup Time": 22.414,"Actual Total Time": 195.633,"Actual Rows": 10963,"Actual Loops": 4,"Inner Unique": true,"Hash Cond": "(partsupp.ps_partkey = part.p_partkey)","Workers": [],"Plans": [{"Node Type": "Seq Scan","Parent Relationship": "Outer","Parallel Aware": true,"Async Capable": false,"Relation Name": "partsupp","Alias": "partsupp","Startup Cost": 0.00,"Total Cost": 20031.65,"Plan Rows": 258065,"Plan Width": 14,"Actual Startup Time": 0.017,"Actual Total Time": 41.561,"Actual Rows": 200000,"Actual Loops": 4,"Workers": []},{"Node Type": "Hash","Parent Relationship": "Inner","Parallel Aware": true,"Async Capable": false,"Startup Cost": 5138.67,"Total Cost": 5138.67,"Plan Rows": 5892,"Plan Width": 4,"Actual Startup Time": 22.190,"Actual Total Time": 22.200,"Actual Rows": 2741,"Actual Loops": 4,"Hash Buckets": 16384,"Original Hash Buckets": 16384,"Hash Batches": 1,"Original Hash Batches": 1,"Peak Memory Usage": 608,"Workers": [],"Plans": [{"Node Type": "Seq Scan","Parent Relationship": "Outer","Parallel Aware": true,"Async Capable": false,"Relation Name": "part","Alias": "part","Startup Cost": 0.00,"Total Cost": 5138.67,"Plan Rows": 5892,"Plan Width": 4,"Actual Startup Time": 0.074,"Actual Total Time": 20.472,"Actual Rows": 2741,"Actual Loops": 4,"Filter": "((p_name)::text ~~ '%maroon%'::text)","Rows Removed by Filter": 47259,"Workers": []}]}]},{"Node Type": "Index Scan","Parent Relationship": "Inner","Parallel Aware": false,"Async Capable": false,"Scan Direction": "Forward","Index Name": "idx_lineitem_part_supp","Relation Name": "lineitem","Alias": "lineitem","Startup Cost": 0.43,"Total Cost": 1.05,"Plan Rows": 1,"Plan Width": 29,"Actual Startup Time": 0.006,"Actual Total Time": 0.041,"Actual Rows": 8,"Actual Loops": 43852,"Index Cond": "((l_partkey = partsupp.ps_partkey) AND (l_suppkey = partsupp.ps_suppkey))","Rows Removed by Index Recheck": 0,"Workers": []}]},{"Node Type": "Index Scan","Parent Relationship": "Inner","Parallel Aware": false,"Async Capable": false,"Scan Direction": "Forward","Index Name": "supplier_pkey","Relation Name": "supplier","Alias": "supplier","Startup Cost": 0.29,"Total Cost": 0.30,"Plan Rows": 1,"Plan Width": 8,"Actual Startup Time": 0.001,"Actual Total Time": 0.001,"Actual Rows": 1,"Actual Loops": 329315,"Index Cond": "(s_suppkey = lineitem.l_suppkey)","Rows Removed by Index Recheck": 0,"Workers": []}]},{"Node Type": "Index Scan","Parent Relationship": "Inner","Parallel Aware": false,"Async Capable": false,"Scan Direction": "Forward","Index Name": "orders_pkey","Relation Name": "orders","Alias": "orders","Startup Cost": 0.43,"Total Cost": 0.47,"Plan Rows": 1,"Plan Width": 8,"Actual Startup Time": 0.009,"Actual Total Time": 0.009,"Actual Rows": 1,"Actual Loops": 329315,"Index Cond": "(o_orderkey = lineitem.l_orderkey)","Rows Removed by Index Recheck": 0,"Workers": []}]},{"Node Type": "Hash","Parent Relationship": "Inner","Parallel Aware": false,"Async Capable": false,"Startup Cost": 1.25,"Total Cost": 1.25,"Plan Rows": 25,"Plan Width": 108,"Actual Startup Time": 0.106,"Actual Total Time": 0.111,"Actual Rows": 25,"Actual Loops": 4,"Hash Buckets": 1024,"Original Hash Buckets": 1024,"Hash Batches": 1,"Original Hash Batches": 1,"Peak Memory Usage": 10,"Workers": [],"Plans": [{"Node Type": "Seq Scan","Parent Relationship": "Outer","Parallel Aware": false,"Async Capable": false,"Relation Name": "nation","Alias": "nation","Startup Cost": 0.00,"Total Cost": 1.25,"Plan Rows": 25,"Plan Width": 108,"Actual Startup Time": 0.074,"Actual Total Time": 0.080,"Actual Rows": 25,"Actual Loops": 4,"Workers": []}]}]}]}]}]}]},"Planning Time": 11.867,"Triggers": [],"Execution Time": 1860.481}]
[{"Plan": {"Node Type": "Aggregate","Strategy": "Sorted","Partial Mode": "Finalize","Parallel Aware": false,"Async Capable": false,"Startup Cost": 28858.40,"Total Cost": 28868.07,"Plan Rows": 73,"Plan Width": 168,"Actual Startup Time": 2463.071,"Actual Total Time": 2567.637,"Actual Rows": 175,"Actual Loops": 1,"Group Key": ["nation.n_name", "(EXTRACT(year FROM orders.o_orderdate))"],"Plans": [{"Node Type": "Gather Merge","Parent Relationship": "Outer","Parallel Aware": false,"Async Capable": false,"Startup Cost": 28858.40,"Total Cost": 28866.38,"Plan Rows": 60,"Plan Width": 168,"Actual Startup Time": 2461.516,"Actual Total Time": 2567.174,"Actual Rows": 525,"Actual Loops": 1,"Workers Planned": 2,"Workers Launched": 2,"Plans": [{"Node Type": "Aggregate","Strategy": "Sorted","Partial Mode": "Partial","Parent Relationship": "Outer","Parallel Aware": false,"Async Capable": false,"Startup Cost": 27858.38,"Total Cost": 27859.43,"Plan Rows": 30,"Plan Width": 168,"Actual Startup Time": 2344.398,"Actual Total Time": 2466.935,"Actual Rows": 175,"Actual Loops": 3,"Group Key": ["nation.n_name", "(EXTRACT(year FROM orders.o_orderdate))"],"Workers": [],"Plans": [{"Node Type": "Sort","Parent Relationship": "Outer","Parallel Aware": false,"Async Capable": false,"Startup Cost": 27858.38,"Total Cost": 27858.46,"Plan Rows": 30,"Plan Width": 159,"Actual Startup Time": 2343.742,"Actual Total Time": 2383.320,"Actual Rows": 109328,"Actual Loops": 3,"Sort Key": ["nation.n_name", "(EXTRACT(year FROM orders.o_orderdate)) DESC"],"Sort Method": "quicksort","Sort Space Used": 13858,"Sort Space Type": "Memory","Workers": [{"Worker Number": 0,"Sort Method": "quicksort","Sort Space Used": 14008,"Sort Space Type": "Memory"},{"Worker Number": 1,"Sort Method": "quicksort","Sort Space Used": 14013,"Sort Space Type": "Memory"}],"Plans": [{"Node Type": "Hash Join","Parent Relationship": "Outer","Parallel Aware": false,"Async Capable": false,"Join Type": "Inner","Startup Cost": 3.13,"Total Cost": 27857.64,"Plan Rows": 30,"Plan Width": 159,"Actual Startup Time": 0.598,"Actual Total Time": 2184.488,"Actual Rows": 109328,"Actual Loops": 3,"Inner Unique": true,"Hash Cond": "(supplier.s_nationkey = nation.n_nationkey)","Workers": [],"Plans": [{"Node Type": "Nested Loop","Parent Relationship": "Outer","Parallel Aware": false,"Async Capable": false,"Join Type": "Inner","Startup Cost": 1.57,"Total Cost": 27855.92,"Plan Rows": 30,"Plan Width": 31,"Actual Startup Time": 0.466,"Actual Total Time": 2152.575,"Actual Rows": 109328,"Actual Loops": 3,"Inner Unique": true,"Workers": [],"Plans": [{"Node Type": "Nested Loop","Parent Relationship": "Outer","Parallel Aware": false,"Async Capable": false,"Join Type": "Inner","Startup Cost": 1.14,"Total Cost": 27841.96,"Plan Rows": 30,"Plan Width": 31,"Actual Startup Time": 0.352,"Actual Total Time": 998.104,"Actual Rows": 109328,"Actual Loops": 3,"Inner Unique": true,"Workers": [],"Plans": [{"Node Type": "Nested Loop","Parent Relationship": "Outer","Parallel Aware": false,"Async Capable": false,"Join Type": "Inner","Startup Cost": 0.86,"Total Cost": 27832.88,"Plan Rows": 30,"Plan Width": 35,"Actual Startup Time": 0.275,"Actual Total Time": 811.998,"Actual Rows": 109328,"Actual Loops": 3,"Inner Unique": false,"Workers": [],"Plans": [{"Node Type": "Nested Loop","Parent Relationship": "Outer","Parallel Aware": false,"Async Capable": false,"Join Type": "Inner","Startup Cost": 0.42,"Total Cost": 17103.70,"Plan Rows": 10101,"Plan Width": 18,"Actual Startup Time": 0.163,"Actual Total Time": 118.534,"Actual Rows": 14549,"Actual Loops": 3,"Inner Unique": false,"Workers": [],"Plans": [{"Node Type": "Seq Scan","Parent Relationship": "Outer","Parallel Aware": true,"Async Capable": false,"Relation Name": "part","Alias": "part","Startup Cost": 0.00,"Total Cost": 5138.67,"Plan Rows": 2525,"Plan Width": 4,"Actual Startup Time": 0.061,"Actual Total Time": 50.900,"Actual Rows": 3637,"Actual Loops": 3,"Filter": "((p_name)::text ~~ '%papaya%'::text)","Rows Removed by Filter": 63029,"Workers": []},{"Node Type": "Index Scan","Parent Relationship": "Inner","Parallel Aware": false,"Async Capable": false,"Scan Direction": "Forward","Index Name": "idx_partsupp_partkey","Relation Name": "partsupp","Alias": "partsupp","Startup Cost": 0.42,"Total Cost": 4.70,"Plan Rows": 4,"Plan Width": 14,"Actual Startup Time": 0.014,"Actual Total Time": 0.018,"Actual Rows": 4,"Actual Loops": 10912,"Index Cond": "(ps_partkey = part.p_partkey)","Rows Removed by Index Recheck": 0,"Workers": []}]},{"Node Type": "Index Scan","Parent Relationship": "Inner","Parallel Aware": false,"Async Capable": false,"Scan Direction": "Forward","Index Name": "idx_lineitem_part_supp","Relation Name": "lineitem","Alias": "lineitem","Startup Cost": 0.43,"Total Cost": 1.05,"Plan Rows": 1,"Plan Width": 29,"Actual Startup Time": 0.007,"Actual Total Time": 0.046,"Actual Rows": 8,"Actual Loops": 43648,"Index Cond": "((l_partkey = partsupp.ps_partkey) AND (l_suppkey = partsupp.ps_suppkey))","Rows Removed by Index Recheck": 0,"Workers": []}]},{"Node Type": "Index Scan","Parent Relationship": "Inner","Parallel Aware": false,"Async Capable": false,"Scan Direction": "Forward","Index Name": "supplier_pkey","Relation Name": "supplier","Alias": "supplier","Startup Cost": 0.29,"Total Cost": 0.30,"Plan Rows": 1,"Plan Width": 8,"Actual Startup Time": 0.001,"Actual Total Time": 0.001,"Actual Rows": 1,"Actual Loops": 327983,"Index Cond": "(s_suppkey = lineitem.l_suppkey)","Rows Removed by Index Recheck": 0,"Workers": []}]},{"Node Type": "Index Scan","Parent Relationship": "Inner","Parallel Aware": false,"Async Capable": false,"Scan Direction": "Forward","Index Name": "orders_pkey","Relation Name": "orders","Alias": "orders","Startup Cost": 0.43,"Total Cost": 0.47,"Plan Rows": 1,"Plan Width": 8,"Actual Startup Time": 0.010,"Actual Total Time": 0.010,"Actual Rows": 1,"Actual Loops": 327983,"Index Cond": "(o_orderkey = lineitem.l_orderkey)","Rows Removed by Index Recheck": 0,"Workers": []}]},{"Node Type": "Hash","Parent Relationship": "Inner","Parallel Aware": false,"Async Capable": false,"Startup Cost": 1.25,"Total Cost": 1.25,"Plan Rows": 25,"Plan Width": 108,"Actual Startup Time": 0.064,"Actual Total Time": 0.072,"Actual Rows": 25,"Actual Loops": 3,"Hash Buckets": 1024,"Original Hash Buckets": 1024,"Hash Batches": 1,"Original Hash Batches": 1,"Peak Memory Usage": 10,"Workers": [],"Plans": [{"Node Type": "Seq Scan","Parent Relationship": "Outer","Parallel Aware": false,"Async Capable": false,"Relation Name": "nation","Alias": "nation","Startup Cost": 0.00,"Total Cost": 1.25,"Plan Rows": 25,"Plan Width": 108,"Actual Startup Time": 0.039,"Actual Total Time": 0.044,"Actual Rows": 25,"Actual Loops": 3,"Workers": []}]}]}]}]}]}]},"Planning Time": 11.473,"Triggers": [],"Execution Time": 2570.223}]
[{"Plan": {"Node Type": "Aggregate","Strategy": "Sorted","Partial Mode": "Finalize","Parallel Aware": false,"Async Capable": false,"Startup Cost": 35224.41,"Total Cost": 35237.30,"Plan Rows": 97,"Plan Width": 168,"Actual Startup Time": 2411.970,"Actual Total Time": 2542.231,"Actual Rows": 175,"Actual Loops": 1,"Group Key": ["nation.n_name", "(EXTRACT(year FROM orders.o_orderdate))"],"Plans": [{"Node Type": "Gather Merge","Parent Relationship": "Outer","Parallel Aware": false,"Async Capable": false,"Startup Cost": 35224.41,"Total Cost": 35235.05,"Plan Rows": 80,"Plan Width": 168,"Actual Startup Time": 2410.474,"Actual Total Time": 2541.844,"Actual Rows": 525,"Actual Loops": 1,"Workers Planned": 2,"Workers Launched": 2,"Plans": [{"Node Type": "Aggregate","Strategy": "Sorted","Partial Mode": "Partial","Parent Relationship": "Outer","Parallel Aware": false,"Async Capable": false,"Startup Cost": 34224.39,"Total Cost": 34225.79,"Plan Rows": 40,"Plan Width": 168,"Actual Startup Time": 2320.435,"Actual Total Time": 2432.397,"Actual Rows": 175,"Actual Loops": 3,"Group Key": ["nation.n_name", "(EXTRACT(year FROM orders.o_orderdate))"],"Workers": [],"Plans": [{"Node Type": "Sort","Parent Relationship": "Outer","Parallel Aware": false,"Async Capable": false,"Startup Cost": 34224.39,"Total Cost": 34224.49,"Plan Rows": 40,"Plan Width": 159,"Actual Startup Time": 2319.894,"Actual Total Time": 2355.791,"Actual Rows": 108368,"Actual Loops": 3,"Sort Key": ["nation.n_name", "(EXTRACT(year FROM orders.o_orderdate)) DESC"],"Sort Method": "quicksort","Sort Space Used": 13552,"Sort Space Type": "Memory","Workers": [{"Worker Number": 0,"Sort Method": "quicksort","Sort Space Used": 13515,"Sort Space Type": "Memory"},{"Worker Number": 1,"Sort Method": "quicksort","Sort Space Used": 14525,"Sort Space Type": "Memory"}],"Plans": [{"Node Type": "Hash Join","Parent Relationship": "Outer","Parallel Aware": false,"Async Capable": false,"Join Type": "Inner","Startup Cost": 3.13,"Total Cost": 34223.32,"Plan Rows": 40,"Plan Width": 159,"Actual Startup Time": 0.613,"Actual Total Time": 2175.485,"Actual Rows": 108368,"Actual Loops": 3,"Inner Unique": true,"Hash Cond": "(supplier.s_nationkey = nation.n_nationkey)","Workers": [],"Plans": [{"Node Type": "Nested Loop","Parent Relationship": "Outer","Parallel Aware": false,"Async Capable": false,"Join Type": "Inner","Startup Cost": 1.57,"Total Cost": 34221.53,"Plan Rows": 40,"Plan Width": 31,"Actual Startup Time": 0.446,"Actual Total Time": 2144.696,"Actual Rows": 108368,"Actual Loops": 3,"Inner Unique": true,"Workers": [],"Plans": [{"Node Type": "Nested Loop","Parent Relationship": "Outer","Parallel Aware": false,"Async Capable": false,"Join Type": "Inner","Startup Cost": 1.14,"Total Cost": 34202.93,"Plan Rows": 40,"Plan Width": 31,"Actual Startup Time": 0.336,"Actual Total Time": 1000.816,"Actual Rows": 108368,"Actual Loops": 3,"Inner Unique": true,"Workers": [],"Plans": [{"Node Type": "Nested Loop","Parent Relationship": "Outer","Parallel Aware": false,"Async Capable": false,"Join Type": "Inner","Startup Cost": 0.86,"Total Cost": 34190.82,"Plan Rows": 40,"Plan Width": 35,"Actual Startup Time": 0.253,"Actual Total Time": 815.957,"Actual Rows": 108368,"Actual Loops": 3,"Inner Unique": false,"Workers": [],"Plans": [{"Node Type": "Nested Loop","Parent Relationship": "Outer","Parallel Aware": false,"Async Capable": false,"Join Type": "Inner","Startup Cost": 0.42,"Total Cost": 19885.25,"Plan Rows": 13468,"Plan Width": 18,"Actual Startup Time": 0.137,"Actual Total Time": 114.142,"Actual Rows": 14429,"Actual Loops": 3,"Inner Unique": false,"Workers": [],"Plans": [{"Node Type": "Seq Scan","Parent Relationship": "Outer","Parallel Aware": true,"Async Capable": false,"Relation Name": "part","Alias": "part","Startup Cost": 0.00,"Total Cost": 5138.67,"Plan Rows": 3367,"Plan Width": 4,"Actual Startup Time": 0.039,"Actual Total Time": 49.163,"Actual Rows": 3607,"Actual Loops": 3,"Filter": "((p_name)::text ~~ '%slate%'::text)","Rows Removed by Filter": 63059,"Workers": []},{"Node Type": "Index Scan","Parent Relationship": "Inner","Parallel Aware": false,"Async Capable": false,"Scan Direction": "Forward","Index Name": "idx_partsupp_partkey","Relation Name": "partsupp","Alias": "partsupp","Startup Cost": 0.42,"Total Cost": 4.34,"Plan Rows": 4,"Plan Width": 14,"Actual Startup Time": 0.014,"Actual Total Time": 0.017,"Actual Rows": 4,"Actual Loops": 10822,"Index Cond": "(ps_partkey = part.p_partkey)","Rows Removed by Index Recheck": 0,"Workers": []}]},{"Node Type": "Index Scan","Parent Relationship": "Inner","Parallel Aware": false,"Async Capable": false,"Scan Direction": "Forward","Index Name": "idx_lineitem_part_supp","Relation Name": "lineitem","Alias": "lineitem","Startup Cost": 0.43,"Total Cost": 1.05,"Plan Rows": 1,"Plan Width": 29,"Actual Startup Time": 0.007,"Actual Total Time": 0.047,"Actual Rows": 8,"Actual Loops": 43288,"Index Cond": "((l_partkey = partsupp.ps_partkey) AND (l_suppkey = partsupp.ps_suppkey))","Rows Removed by Index Recheck": 0,"Workers": []}]},{"Node Type": "Index Scan","Parent Relationship": "Inner","Parallel Aware": false,"Async Capable": false,"Scan Direction": "Forward","Index Name": "supplier_pkey","Relation Name": "supplier","Alias": "supplier","Startup Cost": 0.29,"Total Cost": 0.30,"Plan Rows": 1,"Plan Width": 8,"Actual Startup Time": 0.001,"Actual Total Time": 0.001,"Actual Rows": 1,"Actual Loops": 325104,"Index Cond": "(s_suppkey = lineitem.l_suppkey)","Rows Removed by Index Recheck": 0,"Workers": []}]},{"Node Type": "Index Scan","Parent Relationship": "Inner","Parallel Aware": false,"Async Capable": false,"Scan Direction": "Forward","Index Name": "orders_pkey","Relation Name": "orders","Alias": "orders","Startup Cost": 0.43,"Total Cost": 0.47,"Plan Rows": 1,"Plan Width": 8,"Actual Startup Time": 0.010,"Actual Total Time": 0.010,"Actual Rows": 1,"Actual Loops": 325104,"Index Cond": "(o_orderkey = lineitem.l_orderkey)","Rows Removed by Index Recheck": 0,"Workers": []}]},{"Node Type": "Hash","Parent Relationship": "Inner","Parallel Aware": false,"Async Capable": false,"Startup Cost": 1.25,"Total Cost": 1.25,"Plan Rows": 25,"Plan Width": 108,"Actual Startup Time": 0.075,"Actual Total Time": 0.082,"Actual Rows": 25,"Actual Loops": 3,"Hash Buckets": 1024,"Original Hash Buckets": 1024,"Hash Batches": 1,"Original Hash Batches": 1,"Peak Memory Usage": 10,"Workers": [],"Plans": [{"Node Type": "Seq Scan","Parent Relationship": "Outer","Parallel Aware": false,"Async Capable": false,"Relation Name": "nation","Alias": "nation","Startup Cost": 0.00,"Total Cost": 1.25,"Plan Rows": 25,"Plan Width": 108,"Actual Startup Time": 0.049,"Actual Total Time": 0.055,"Actual Rows": 25,"Actual Loops": 3,"Workers": []}]}]}]}]}]}]},"Planning Time": 12.486,"Triggers": [],"Execution Time": 2545.219}]
[{"Plan": {"Node Type": "Aggregate","Strategy": "Sorted","Partial Mode": "Finalize","Parallel Aware": false,"Async Capable": false,"Startup Cost": 41381.04,"Total Cost": 41397.45,"Plan Rows": 122,"Plan Width": 168,"Actual Startup Time": 2380.288,"Actual Total Time": 2510.252,"Actual Rows": 175,"Actual Loops": 1,"Group Key": ["nation.n_name", "(EXTRACT(year FROM orders.o_orderdate))"],"Plans": [{"Node Type": "Gather Merge","Parent Relationship": "Outer","Parallel Aware": false,"Async Capable": false,"Startup Cost": 41381.04,"Total Cost": 41394.60,"Plan Rows": 102,"Plan Width": 168,"Actual Startup Time": 2378.432,"Actual Total Time": 2509.752,"Actual Rows": 525,"Actual Loops": 1,"Workers Planned": 2,"Workers Launched": 2,"Plans": [{"Node Type": "Aggregate","Strategy": "Sorted","Partial Mode": "Partial","Parent Relationship": "Outer","Parallel Aware": false,"Async Capable": false,"Startup Cost": 40381.01,"Total Cost": 40382.80,"Plan Rows": 51,"Plan Width": 168,"Actual Startup Time": 2272.614,"Actual Total Time": 2386.654,"Actual Rows": 175,"Actual Loops": 3,"Group Key": ["nation.n_name", "(EXTRACT(year FROM orders.o_orderdate))"],"Workers": [],"Plans": [{"Node Type": "Sort","Parent Relationship": "Outer","Parallel Aware": false,"Async Capable": false,"Startup Cost": 40381.01,"Total Cost": 40381.14,"Plan Rows": 51,"Plan Width": 159,"Actual Startup Time": 2272.019,"Actual Total Time": 2308.245,"Actual Rows": 106740,"Actual Loops": 3,"Sort Key": ["nation.n_name", "(EXTRACT(year FROM orders.o_orderdate)) DESC"],"Sort Method": "quicksort","Sort Space Used": 13794,"Sort Space Type": "Memory","Workers": [{"Worker Number": 0,"Sort Method": "quicksort","Sort Space Used": 13998,"Sort Space Type": "Memory"},{"Worker Number": 1,"Sort Method": "quicksort","Sort Space Used": 13310,"Sort Space Type": "Memory"}],"Plans": [{"Node Type": "Hash Join","Parent Relationship": "Outer","Parallel Aware": false,"Async Capable": false,"Join Type": "Inner","Startup Cost": 3.13,"Total Cost": 40379.57,"Plan Rows": 51,"Plan Width": 159,"Actual Startup Time": 0.683,"Actual Total Time": 2123.834,"Actual Rows": 106740,"Actual Loops": 3,"Inner Unique": true,"Hash Cond": "(supplier.s_nationkey = nation.n_nationkey)","Workers": [],"Plans": [{"Node Type": "Nested Loop","Parent Relationship": "Outer","Parallel Aware": false,"Async Capable": false,"Join Type": "Inner","Startup Cost": 1.57,"Total Cost": 40377.72,"Plan Rows": 51,"Plan Width": 31,"Actual Startup Time": 0.513,"Actual Total Time": 2093.243,"Actual Rows": 106740,"Actual Loops": 3,"Inner Unique": true,"Workers": [],"Plans": [{"Node Type": "Nested Loop","Parent Relationship": "Outer","Parallel Aware": false,"Async Capable": false,"Join Type": "Inner","Startup Cost": 1.14,"Total Cost": 40354.00,"Plan Rows": 51,"Plan Width": 31,"Actual Startup Time": 0.387,"Actual Total Time": 972.943,"Actual Rows": 106740,"Actual Loops": 3,"Inner Unique": true,"Workers": [],"Plans": [{"Node Type": "Nested Loop","Parent Relationship": "Outer","Parallel Aware": false,"Async Capable": false,"Join Type": "Inner","Startup Cost": 0.86,"Total Cost": 40338.56,"Plan Rows": 51,"Plan Width": 35,"Actual Startup Time": 0.288,"Actual Total Time": 790.865,"Actual Rows": 106740,"Actual Loops": 3,"Inner Unique": false,"Workers": [],"Plans": [{"Node Type": "Nested Loop","Parent Relationship": "Outer","Parallel Aware": false,"Async Capable": false,"Join Type": "Inner","Startup Cost": 0.42,"Total Cost": 22456.59,"Plan Rows": 16835,"Plan Width": 18,"Actual Startup Time": 0.184,"Actual Total Time": 117.958,"Actual Rows": 14244,"Actual Loops": 3,"Inner Unique": false,"Workers": [],"Plans": [{"Node Type": "Seq Scan","Parent Relationship": "Outer","Parallel Aware": true,"Async Capable": false,"Relation Name": "part","Alias": "part","Startup Cost": 0.00,"Total Cost": 5138.67,"Plan Rows": 4209,"Plan Width": 4,"Actual Startup Time": 0.065,"Actual Total Time": 51.798,"Actual Rows": 3561,"Actual Loops": 3,"Filter": "((p_name)::text ~~ '%olive%'::text)","Rows Removed by Filter": 63106,"Workers": []},{"Node Type": "Index Scan","Parent Relationship": "Inner","Parallel Aware": false,"Async Capable": false,"Scan Direction": "Forward","Index Name": "idx_partsupp_partkey","Relation Name": "partsupp","Alias": "partsupp","Startup Cost": 0.42,"Total Cost": 4.07,"Plan Rows": 4,"Plan Width": 14,"Actual Startup Time": 0.014,"Actual Total Time": 0.018,"Actual Rows": 4,"Actual Loops": 10683,"Index Cond": "(ps_partkey = part.p_partkey)","Rows Removed by Index Recheck": 0,"Workers": []}]},{"Node Type": "Index Scan","Parent Relationship": "Inner","Parallel Aware": false,"Async Capable": false,"Scan Direction": "Forward","Index Name": "idx_lineitem_part_supp","Relation Name": "lineitem","Alias": "lineitem","Startup Cost": 0.43,"Total Cost": 1.05,"Plan Rows": 1,"Plan Width": 29,"Actual Startup Time": 0.007,"Actual Total Time": 0.046,"Actual Rows": 7,"Actual Loops": 42732,"Index Cond": "((l_partkey = partsupp.ps_partkey) AND (l_suppkey = partsupp.ps_suppkey))","Rows Removed by Index Recheck": 0,"Workers": []}]},{"Node Type": "Index Scan","Parent Relationship": "Inner","Parallel Aware": false,"Async Capable": false,"Scan Direction": "Forward","Index Name": "supplier_pkey","Relation Name": "supplier","Alias": "supplier","Startup Cost": 0.29,"Total Cost": 0.30,"Plan Rows": 1,"Plan Width": 8,"Actual Startup Time": 0.001,"Actual Total Time": 0.001,"Actual Rows": 1,"Actual Loops": 320221,"Index Cond": "(s_suppkey = lineitem.l_suppkey)","Rows Removed by Index Recheck": 0,"Workers": []}]},{"Node Type": "Index Scan","Parent Relationship": "Inner","Parallel Aware": false,"Async Capable": false,"Scan Direction": "Forward","Index Name": "orders_pkey","Relation Name": "orders","Alias": "orders","Startup Cost": 0.43,"Total Cost": 0.47,"Plan Rows": 1,"Plan Width": 8,"Actual Startup Time": 0.010,"Actual Total Time": 0.010,"Actual Rows": 1,"Actual Loops": 320221,"Index Cond": "(o_orderkey = lineitem.l_orderkey)","Rows Removed by Index Recheck": 0,"Workers": []}]},{"Node Type": "Hash","Parent Relationship": "Inner","Parallel Aware": false,"Async Capable": false,"Startup Cost": 1.25,"Total Cost": 1.25,"Plan Rows": 25,"Plan Width": 108,"Actual Startup Time": 0.084,"Actual Total Time": 0.092,"Actual Rows": 25,"Actual Loops": 3,"Hash Buckets": 1024,"Original Hash Buckets": 1024,"Hash Batches": 1,"Original Hash Batches": 1,"Peak Memory Usage": 10,"Workers": [],"Plans": [{"Node Type": "Seq Scan","Parent Relationship": "Outer","Parallel Aware": false,"Async Capable": false,"Relation Name": "nation","Alias": "nation","Startup Cost": 0.00,"Total Cost": 1.25,"Plan Rows": 25,"Plan Width": 108,"Actual Startup Time": 0.057,"Actual Total Time": 0.062,"Actual Rows": 25,"Actual Loops": 3,"Workers": []}]}]}]}]}]}]},"Planning Time": 11.947,"Triggers": [],"Execution Time": 2513.057}]
[{"Plan": {"Node Type": "Aggregate","Strategy": "Sorted","Partial Mode": "Finalize","Parallel Aware": false,"Async Capable": false,"Startup Cost": 46348.90,"Total Cost": 46374.41,"Plan Rows": 170,"Plan Width": 168,"Actual Startup Time": 1750.907,"Actual Total Time": 1855.023,"Actual Rows": 175,"Actual Loops": 1,"Group Key": ["nation.n_name", "(EXTRACT(year FROM orders.o_orderdate))"],"Plans": [{"Node Type": "Gather Merge","Parent Relationship": "Outer","Parallel Aware": false,"Async Capable": false,"Startup Cost": 46348.90,"Total Cost": 46370.21,"Plan Rows": 165,"Plan Width": 168,"Actual Startup Time": 1749.012,"Actual Total Time": 1854.505,"Actual Rows": 700,"Actual Loops": 1,"Workers Planned": 3,"Workers Launched": 3,"Plans": [{"Node Type": "Aggregate","Strategy": "Sorted","Partial Mode": "Partial","Parent Relationship": "Outer","Parallel Aware": false,"Async Capable": false,"Startup Cost": 45348.86,"Total Cost": 45350.79,"Plan Rows": 55,"Plan Width": 168,"Actual Startup Time": 1664.618,"Actual Total Time": 1759.222,"Actual Rows": 175,"Actual Loops": 4,"Group Key": ["nation.n_name", "(EXTRACT(year FROM orders.o_orderdate))"],"Workers": [],"Plans": [{"Node Type": "Sort","Parent Relationship": "Outer","Parallel Aware": false,"Async Capable": false,"Startup Cost": 45348.86,"Total Cost": 45349.00,"Plan Rows": 55,"Plan Width": 159,"Actual Startup Time": 1664.224,"Actual Total Time": 1696.542,"Actual Rows": 82796,"Actual Loops": 4,"Sort Key": ["nation.n_name", "(EXTRACT(year FROM orders.o_orderdate)) DESC"],"Sort Method": "quicksort","Sort Space Used": 11192,"Sort Space Type": "Memory","Workers": [{"Worker Number": 0,"Sort Method": "quicksort","Sort Space Used": 11411,"Sort Space Type": "Memory"},{"Worker Number": 1,"Sort Method": "quicksort","Sort Space Used": 11117,"Sort Space Type": "Memory"},{"Worker Number": 2,"Sort Method": "quicksort","Sort Space Used": 11548,"Sort Space Type": "Memory"}],"Plans": [{"Node Type": "Hash Join","Parent Relationship": "Outer","Parallel Aware": false,"Async Capable": false,"Join Type": "Inner","Startup Cost": 5215.02,"Total Cost": 45347.27,"Plan Rows": 55,"Plan Width": 159,"Actual Startup Time": 22.142,"Actual Total Time": 1561.411,"Actual Rows": 82796,"Actual Loops": 4,"Inner Unique": true,"Hash Cond": "(supplier.s_nationkey = nation.n_nationkey)","Workers": [],"Plans": [{"Node Type": "Nested Loop","Parent Relationship": "Outer","Parallel Aware": false,"Async Capable": false,"Join Type": "Inner","Startup Cost": 5213.46,"Total Cost": 45345.40,"Plan Rows": 55,"Plan Width": 31,"Actual Startup Time": 21.917,"Actual Total Time": 1537.278,"Actual Rows": 82796,"Actual Loops": 4,"Inner Unique": true,"Workers": [],"Plans": [{"Node Type": "Nested Loop","Parent Relationship": "Outer","Parallel Aware": false,"Async Capable": false,"Join Type": "Inner","Startup Cost": 5213.03,"Total Cost": 45319.82,"Plan Rows": 55,"Plan Width": 31,"Actual Startup Time": 21.852,"Actual Total Time": 791.105,"Actual Rows": 82796,"Actual Loops": 4,"Inner Unique": true,"Workers": [],"Plans": [{"Node Type": "Nested Loop","Parent Relationship": "Outer","Parallel Aware": false,"Async Capable": false,"Join Type": "Inner","Startup Cost": 5212.75,"Total Cost": 45303.17,"Plan Rows": 55,"Plan Width": 35,"Actual Startup Time": 21.805,"Actual Total Time": 652.381,"Actual Rows": 82796,"Actual Loops": 4,"Inner Unique": false,"Workers": [],"Plans": [{"Node Type": "Hash Join","Parent Relationship": "Outer","Parallel Aware": true,"Async Capable": false,"Join Type": "Inner","Startup Cost": 5212.32,"Total Cost": 25921.39,"Plan Rows": 18247,"Plan Width": 18,"Actual Startup Time": 21.736,"Actual Total Time": 188.254,"Actual Rows": 11007,"Actual Loops": 4,"Inner Unique": true,"Hash Cond": "(partsupp.ps_partkey = part.p_partkey)","Workers": [],"Plans": [{"Node Type": "Seq Scan","Parent Relationship": "Outer","Parallel Aware": true,"Async Capable": false,"Relation Name": "partsupp","Alias": "partsupp","Startup Cost": 0.00,"Total Cost": 20031.65,"Plan Rows": 258065,"Plan Width": 14,"Actual Startup Time": 0.015,"Actual Total Time": 42.654,"Actual Rows": 200000,"Actual Loops": 4,"Workers": []},{"Node Type": "Hash","Parent Relationship": "Inner","Parallel Aware": true,"Async Capable": false,"Startup Cost": 5138.67,"Total Cost": 5138.67,"Plan Rows": 5892,"Plan Width": 4,"Actual Startup Time": 21.539,"Actual Total Time": 21.550,"Actual Rows": 2752,"Actual Loops": 4,"Hash Buckets": 16384,"Original Hash Buckets": 16384,"Hash Batches": 1,"Original Hash Batches": 1,"Peak Memory Usage": 608,"Workers": [],"Plans": [{"Node Type": "Seq Scan","Parent Relationship": "Outer","Parallel Aware": true,"Async Capable": false,"Relation Name": "part","Alias": "part","Startup Cost": 0.00,"Total Cost": 5138.67,"Plan Rows": 5892,"Plan Width": 4,"Actual Startup Time": 0.060,"Actual Total Time": 20.080,"Actual Rows": 2752,"Actual Loops": 4,"Filter": "((p_name)::text ~~ '%orange%'::text)","Rows Removed by Filter": 47248,"Workers": []}]}]},{"Node Type": "Index Scan","Parent Relationship": "Inner","Parallel Aware": false,"Async Capable": false,"Scan Direction": "Forward","Index Name": "idx_lineitem_part_supp","Relation Name": "lineitem","Alias": "lineitem","Startup Cost": 0.43,"Total Cost": 1.05,"Plan Rows": 1,"Plan Width": 29,"Actual Startup Time": 0.006,"Actual Total Time": 0.041,"Actual Rows": 8,"Actual Loops": 44028,"Index Cond": "((l_partkey = partsupp.ps_partkey) AND (l_suppkey = partsupp.ps_suppkey))","Rows Removed by Index Recheck": 0,"Workers": []}]},{"Node Type": "Index Scan","Parent Relationship": "Inner","Parallel Aware": false,"Async Capable": false,"Scan Direction": "Forward","Index Name": "supplier_pkey","Relation Name": "supplier","Alias": "supplier","Startup Cost": 0.29,"Total Cost": 0.30,"Plan Rows": 1,"Plan Width": 8,"Actual Startup Time": 0.001,"Actual Total Time": 0.001,"Actual Rows": 1,"Actual Loops": 331186,"Index Cond": "(s_suppkey = lineitem.l_suppkey)","Rows Removed by Index Recheck": 0,"Workers": []}]},{"Node Type": "Index Scan","Parent Relationship": "Inner","Parallel Aware": false,"Async Capable": false,"Scan Direction": "Forward","Index Name": "orders_pkey","Relation Name": "orders","Alias": "orders","Startup Cost": 0.43,"Total Cost": 0.47,"Plan Rows": 1,"Plan Width": 8,"Actual Startup Time": 0.009,"Actual Total Time": 0.009,"Actual Rows": 1,"Actual Loops": 331186,"Index Cond": "(o_orderkey = lineitem.l_orderkey)","Rows Removed by Index Recheck": 0,"Workers": []}]},{"Node Type": "Hash","Parent Relationship": "Inner","Parallel Aware": false,"Async Capable": false,"Startup Cost": 1.25,"Total Cost": 1.25,"Plan Rows": 25,"Plan Width": 108,"Actual Startup Time": 0.103,"Actual Total Time": 0.109,"Actual Rows": 25,"Actual Loops": 4,"Hash Buckets": 1024,"Original Hash Buckets": 1024,"Hash Batches": 1,"Original Hash Batches": 1,"Peak Memory Usage": 10,"Workers": [],"Plans": [{"Node Type": "Seq Scan","Parent Relationship": "Outer","Parallel Aware": false,"Async Capable": false,"Relation Name": "nation","Alias": "nation","Startup Cost": 0.00,"Total Cost": 1.25,"Plan Rows": 25,"Plan Width": 108,"Actual Startup Time": 0.073,"Actual Total Time": 0.079,"Actual Rows": 25,"Actual Loops": 4,"Workers": []}]}]}]}]}]}]},"Planning Time": 12.134,"Triggers": [],"Execution Time": 1857.581}]
[{"Plan": {"Node Type": "Aggregate","Strategy": "Sorted","Partial Mode": "Finalize","Parallel Aware": false,"Async Capable": false,"Startup Cost": 49135.04,"Total Cost": 49164.27,"Plan Rows": 195,"Plan Width": 168,"Actual Startup Time": 1722.082,"Actual Total Time": 1834.381,"Actual Rows": 175,"Actual Loops": 1,"Group Key": ["nation.n_name", "(EXTRACT(year FROM orders.o_orderdate))"],"Plans": [{"Node Type": "Gather Merge","Parent Relationship": "Outer","Parallel Aware": false,"Async Capable": false,"Startup Cost": 49135.04,"Total Cost": 49159.45,"Plan Rows": 189,"Plan Width": 168,"Actual Startup Time": 1720.709,"Actual Total Time": 1833.931,"Actual Rows": 700,"Actual Loops": 1,"Workers Planned": 3,"Workers Launched": 3,"Plans": [{"Node Type": "Aggregate","Strategy": "Sorted","Partial Mode": "Partial","Parent Relationship": "Outer","Parallel Aware": false,"Async Capable": false,"Startup Cost": 48135.00,"Total Cost": 48137.21,"Plan Rows": 63,"Plan Width": 168,"Actual Startup Time": 1635.197,"Actual Total Time": 1727.326,"Actual Rows": 175,"Actual Loops": 4,"Group Key": ["nation.n_name", "(EXTRACT(year FROM orders.o_orderdate))"],"Workers": [],"Plans": [{"Node Type": "Sort","Parent Relationship": "Outer","Parallel Aware": false,"Async Capable": false,"Startup Cost": 48135.00,"Total Cost": 48135.16,"Plan Rows": 63,"Plan Width": 159,"Actual Startup Time": 1634.792,"Actual Total Time": 1666.970,"Actual Rows": 80970,"Actual Loops": 4,"Sort Key": ["nation.n_name", "(EXTRACT(year FROM orders.o_orderdate)) DESC"],"Sort Method": "quicksort","Sort Space Used": 11336,"Sort Space Type": "Memory","Workers": [{"Worker Number": 0,"Sort Method": "quicksort","Sort Space Used": 11197,"Sort Space Type": "Memory"},{"Worker Number": 1,"Sort Method": "quicksort","Sort Space Used": 10997,"Sort Space Type": "Memory"},{"Worker Number": 2,"Sort Method": "quicksort","Sort Space Used": 11011,"Sort Space Type": "Memory"}],"Plans": [{"Node Type": "Hash Join","Parent Relationship": "Outer","Parallel Aware": false,"Async Capable": false,"Join Type": "Inner","Startup Cost": 5225.55,"Total Cost": 48133.12,"Plan Rows": 63,"Plan Width": 159,"Actual Startup Time": 20.677,"Actual Total Time": 1535.207,"Actual Rows": 80970,"Actual Loops": 4,"Inner Unique": true,"Hash Cond": "(supplier.s_nationkey = nation.n_nationkey)","Workers": [],"Plans": [{"Node Type": "Nested Loop","Parent Relationship": "Outer","Parallel Aware": false,"Async Capable": false,"Join Type": "Inner","Startup Cost": 5223.99,"Total Cost": 48131.20,"Plan Rows": 63,"Plan Width": 31,"Actual Startup Time": 20.514,"Actual Total Time": 1511.705,"Actual Rows": 80970,"Actual Loops": 4,"Inner Unique": true,"Workers": [],"Plans": [{"Node Type": "Nested Loop","Parent Relationship": "Outer","Parallel Aware": false,"Async Capable": false,"Join Type": "Inner","Startup Cost": 5223.56,"Total Cost": 48101.90,"Plan Rows": 63,"Plan Width": 31,"Actual Startup Time": 20.440,"Actual Total Time": 786.949,"Actual Rows": 80970,"Actual Loops": 4,"Inner Unique": true,"Workers": [],"Plans": [{"Node Type": "Nested Loop","Parent Relationship": "Outer","Parallel Aware": false,"Async Capable": false,"Join Type": "Inner","Startup Cost": 5223.27,"Total Cost": 48082.83,"Plan Rows": 63,"Plan Width": 35,"Actual Startup Time": 20.383,"Actual Total Time": 651.782,"Actual Rows": 80970,"Actual Loops": 4,"Inner Unique": false,"Workers": [],"Plans": [{"Node Type": "Hash Join","Parent Relationship": "Outer","Parallel Aware": true,"Async Capable": false,"Join Type": "Inner","Startup Cost": 5222.84,"Total Cost": 25931.92,"Plan Rows": 20854,"Plan Width": 18,"Actual Startup Time": 20.315,"Actual Total Time": 195.790,"Actual Rows": 10793,"Actual Loops": 4,"Inner Unique": true,"Hash Cond": "(partsupp.ps_partkey = part.p_partkey)","Workers": [],"Plans": [{"Node Type": "Seq Scan","Parent Relationship": "Outer","Parallel Aware": true,"Async Capable": false,"Relation Name": "partsupp","Alias": "partsupp","Startup Cost": 0.00,"Total Cost": 20031.65,"Plan Rows": 258065,"Plan Width": 14,"Actual Startup Time": 0.019,"Actual Total Time": 42.343,"Actual Rows": 200000,"Actual Loops": 4,"Workers": []},{"Node Type": "Hash","Parent Relationship": "Inner","Parallel Aware": true,"Async Capable": false,"Startup Cost": 5138.67,"Total Cost": 5138.67,"Plan Rows": 6734,"Plan Width": 4,"Actual Startup Time": 20.135,"Actual Total Time": 20.146,"Actual Rows": 2698,"Actual Loops": 4,"Hash Buckets": 16384,"Original Hash Buckets": 16384,"Hash Batches": 1,"Original Hash Batches": 1,"Peak Memory Usage": 608,"Workers": [],"Plans": [{"Node Type": "Seq Scan","Parent Relationship": "Outer","Parallel Aware": true,"Async Capable": false,"Relation Name": "part","Alias": "part","Startup Cost": 0.00,"Total Cost": 5138.67,"Plan Rows": 6734,"Plan Width": 4,"Actual Startup Time": 0.059,"Actual Total Time": 18.504,"Actual Rows": 2698,"Actual Loops": 4,"Filter": "((p_name)::text ~~ '%wheat%'::text)","Rows Removed by Filter": 47302,"Workers": []}]}]},{"Node Type": "Index Scan","Parent Relationship": "Inner","Parallel Aware": false,"Async Capable": false,"Scan Direction": "Forward","Index Name": "idx_lineitem_part_supp","Relation Name": "lineitem","Alias": "lineitem","Startup Cost": 0.43,"Total Cost": 1.05,"Plan Rows": 1,"Plan Width": 29,"Actual Startup Time": 0.006,"Actual Total Time": 0.041,"Actual Rows": 8,"Actual Loops": 43172,"Index Cond": "((l_partkey = partsupp.ps_partkey) AND (l_suppkey = partsupp.ps_suppkey))","Rows Removed by Index Recheck": 0,"Workers": []}]},{"Node Type": "Index Scan","Parent Relationship": "Inner","Parallel Aware": false,"Async Capable": false,"Scan Direction": "Forward","Index Name": "supplier_pkey","Relation Name": "supplier","Alias": "supplier","Startup Cost": 0.29,"Total Cost": 0.30,"Plan Rows": 1,"Plan Width": 8,"Actual Startup Time": 0.001,"Actual Total Time": 0.001,"Actual Rows": 1,"Actual Loops": 323878,"Index Cond": "(s_suppkey = lineitem.l_suppkey)","Rows Removed by Index Recheck": 0,"Workers": []}]},{"Node Type": "Index Scan","Parent Relationship": "Inner","Parallel Aware": false,"Async Capable": false,"Scan Direction": "Forward","Index Name": "orders_pkey","Relation Name": "orders","Alias": "orders","Startup Cost": 0.43,"Total Cost": 0.47,"Plan Rows": 1,"Plan Width": 8,"Actual Startup Time": 0.009,"Actual Total Time": 0.009,"Actual Rows": 1,"Actual Loops": 323878,"Index Cond": "(o_orderkey = lineitem.l_orderkey)","Rows Removed by Index Recheck": 0,"Workers": []}]},{"Node Type": "Hash","Parent Relationship": "Inner","Parallel Aware": false,"Async Capable": false,"Startup Cost": 1.25,"Total Cost": 1.25,"Plan Rows": 25,"Plan Width": 108,"Actual Startup Time": 0.071,"Actual Total Time": 0.077,"Actual Rows": 25,"Actual Loops": 4,"Hash Buckets": 1024,"Original Hash Buckets": 1024,"Hash Batches": 1,"Original Hash Batches": 1,"Peak Memory Usage": 10,"Workers": [],"Plans": [{"Node Type": "Seq Scan","Parent Relationship": "Outer","Parallel Aware": false,"Async Capable": false,"Relation Name": "nation","Alias": "nation","Startup Cost": 0.00,"Total Cost": 1.25,"Plan Rows": 25,"Plan Width": 108,"Actual Startup Time": 0.046,"Actual Total Time": 0.053,"Actual Rows": 25,"Actual Loops": 4,"Workers": []}]}]}]}]}]}]},"Planning Time": 10.948,"Triggers": [],"Execution Time": 1835.260}]
[{"Plan": {"Node Type": "Aggregate","Strategy": "Sorted","Partial Mode": "Finalize","Parallel Aware": false,"Async Capable": false,"Startup Cost": 41381.04,"Total Cost": 41397.45,"Plan Rows": 122,"Plan Width": 168,"Actual Startup Time": 2397.393,"Actual Total Time": 2528.927,"Actual Rows": 175,"Actual Loops": 1,"Group Key": ["nation.n_name", "(EXTRACT(year FROM orders.o_orderdate))"],"Plans": [{"Node Type": "Gather Merge","Parent Relationship": "Outer","Parallel Aware": false,"Async Capable": false,"Startup Cost": 41381.04,"Total Cost": 41394.60,"Plan Rows": 102,"Plan Width": 168,"Actual Startup Time": 2395.560,"Actual Total Time": 2528.508,"Actual Rows": 525,"Actual Loops": 1,"Workers Planned": 2,"Workers Launched": 2,"Plans": [{"Node Type": "Aggregate","Strategy": "Sorted","Partial Mode": "Partial","Parent Relationship": "Outer","Parallel Aware": false,"Async Capable": false,"Startup Cost": 40381.01,"Total Cost": 40382.80,"Plan Rows": 51,"Plan Width": 168,"Actual Startup Time": 2294.991,"Actual Total Time": 2407.950,"Actual Rows": 175,"Actual Loops": 3,"Group Key": ["nation.n_name", "(EXTRACT(year FROM orders.o_orderdate))"],"Workers": [],"Plans": [{"Node Type": "Sort","Parent Relationship": "Outer","Parallel Aware": false,"Async Capable": false,"Startup Cost": 40381.01,"Total Cost": 40381.14,"Plan Rows": 51,"Plan Width": 159,"Actual Startup Time": 2294.450,"Actual Total Time": 2329.456,"Actual Rows": 109386,"Actual Loops": 3,"Sort Key": ["nation.n_name", "(EXTRACT(year FROM orders.o_orderdate)) DESC"],"Sort Method": "quicksort","Sort Space Used": 13535,"Sort Space Type": "Memory","Workers": [{"Worker Number": 0,"Sort Method": "quicksort","Sort Space Used": 14044,"Sort Space Type": "Memory"},{"Worker Number": 1,"Sort Method": "quicksort","Sort Space Used": 14313,"Sort Space Type": "Memory"}],"Plans": [{"Node Type": "Hash Join","Parent Relationship": "Outer","Parallel Aware": false,"Async Capable": false,"Join Type": "Inner","Startup Cost": 3.13,"Total Cost": 40379.57,"Plan Rows": 51,"Plan Width": 159,"Actual Startup Time": 0.679,"Actual Total Time": 2145.675,"Actual Rows": 109386,"Actual Loops": 3,"Inner Unique": true,"Hash Cond": "(supplier.s_nationkey = nation.n_nationkey)","Workers": [],"Plans": [{"Node Type": "Nested Loop","Parent Relationship": "Outer","Parallel Aware": false,"Async Capable": false,"Join Type": "Inner","Startup Cost": 1.57,"Total Cost": 40377.72,"Plan Rows": 51,"Plan Width": 31,"Actual Startup Time": 0.505,"Actual Total Time": 2114.015,"Actual Rows": 109386,"Actual Loops": 3,"Inner Unique": true,"Workers": [],"Plans": [{"Node Type": "Nested Loop","Parent Relationship": "Outer","Parallel Aware": false,"Async Capable": false,"Join Type": "Inner","Startup Cost": 1.14,"Total Cost": 40354.00,"Plan Rows": 51,"Plan Width": 31,"Actual Startup Time": 0.377,"Actual Total Time": 981.690,"Actual Rows": 109386,"Actual Loops": 3,"Inner Unique": true,"Workers": [],"Plans": [{"Node Type": "Nested Loop","Parent Relationship": "Outer","Parallel Aware": false,"Async Capable": false,"Join Type": "Inner","Startup Cost": 0.86,"Total Cost": 40338.56,"Plan Rows": 51,"Plan Width": 35,"Actual Startup Time": 0.296,"Actual Total Time": 797.438,"Actual Rows": 109386,"Actual Loops": 3,"Inner Unique": false,"Workers": [],"Plans": [{"Node Type": "Nested Loop","Parent Relationship": "Outer","Parallel Aware": false,"Async Capable": false,"Join Type": "Inner","Startup Cost": 0.42,"Total Cost": 22456.59,"Plan Rows": 16835,"Plan Width": 18,"Actual Startup Time": 0.185,"Actual Total Time": 118.219,"Actual Rows": 14613,"Actual Loops": 3,"Inner Unique": false,"Workers": [],"Plans": [{"Node Type": "Seq Scan","Parent Relationship": "Outer","Parallel Aware": true,"Async Capable": false,"Relation Name": "part","Alias": "part","Startup Cost": 0.00,"Total Cost": 5138.67,"Plan Rows": 4209,"Plan Width": 4,"Actual Startup Time": 0.059,"Actual Total Time": 50.920,"Actual Rows": 3653,"Actual Loops": 3,"Filter": "((p_name)::text ~~ '%chiffon%'::text)","Rows Removed by Filter": 63013,"Workers": []},{"Node Type": "Index Scan","Parent Relationship": "Inner","Parallel Aware": false,"Async Capable": false,"Scan Direction": "Forward","Index Name": "idx_partsupp_partkey","Relation Name": "partsupp","Alias": "partsupp","Startup Cost": 0.42,"Total Cost": 4.07,"Plan Rows": 4,"Plan Width": 14,"Actual Startup Time": 0.014,"Actual Total Time": 0.018,"Actual Rows": 4,"Actual Loops": 10960,"Index Cond": "(ps_partkey = part.p_partkey)","Rows Removed by Index Recheck": 0,"Workers": []}]},{"Node Type": "Index Scan","Parent Relationship": "Inner","Parallel Aware": false,"Async Capable": false,"Scan Direction": "Forward","Index Name": "idx_lineitem_part_supp","Relation Name": "lineitem","Alias": "lineitem","Startup Cost": 0.43,"Total Cost": 1.05,"Plan Rows": 1,"Plan Width": 29,"Actual Startup Time": 0.007,"Actual Total Time": 0.045,"Actual Rows": 7,"Actual Loops": 43840,"Index Cond": "((l_partkey = partsupp.ps_partkey) AND (l_suppkey = partsupp.ps_suppkey))","Rows Removed by Index Recheck": 0,"Workers": []}]},{"Node Type": "Index Scan","Parent Relationship": "Inner","Parallel Aware": false,"Async Capable": false,"Scan Direction": "Forward","Index Name": "supplier_pkey","Relation Name": "supplier","Alias": "supplier","Startup Cost": 0.29,"Total Cost": 0.30,"Plan Rows": 1,"Plan Width": 8,"Actual Startup Time": 0.001,"Actual Total Time": 0.001,"Actual Rows": 1,"Actual Loops": 328159,"Index Cond": "(s_suppkey = lineitem.l_suppkey)","Rows Removed by Index Recheck": 0,"Workers": []}]},{"Node Type": "Index Scan","Parent Relationship": "Inner","Parallel Aware": false,"Async Capable": false,"Scan Direction": "Forward","Index Name": "orders_pkey","Relation Name": "orders","Alias": "orders","Startup Cost": 0.43,"Total Cost": 0.47,"Plan Rows": 1,"Plan Width": 8,"Actual Startup Time": 0.010,"Actual Total Time": 0.010,"Actual Rows": 1,"Actual Loops": 328159,"Index Cond": "(o_orderkey = lineitem.l_orderkey)","Rows Removed by Index Recheck": 0,"Workers": []}]},{"Node Type": "Hash","Parent Relationship": "Inner","Parallel Aware": false,"Async Capable": false,"Startup Cost": 1.25,"Total Cost": 1.25,"Plan Rows": 25,"Plan Width": 108,"Actual Startup Time": 0.075,"Actual Total Time": 0.083,"Actual Rows": 25,"Actual Loops": 3,"Hash Buckets": 1024,"Original Hash Buckets": 1024,"Hash Batches": 1,"Original Hash Batches": 1,"Peak Memory Usage": 10,"Workers": [],"Plans": [{"Node Type": "Seq Scan","Parent Relationship": "Outer","Parallel Aware": false,"Async Capable": false,"Relation Name": "nation","Alias": "nation","Startup Cost": 0.00,"Total Cost": 1.25,"Plan Rows": 25,"Plan Width": 108,"Actual Startup Time": 0.051,"Actual Total Time": 0.057,"Actual Rows": 25,"Actual Loops": 3,"Workers": []}]}]}]}]}]}]},"Planning Time": 13.106,"Triggers": [],"Execution Time": 2531.764}]
[{"Plan": {"Node Type": "Aggregate","Strategy": "Sorted","Partial Mode": "Finalize","Parallel Aware": false,"Async Capable": false,"Startup Cost": 51920.12,"Total Cost": 51953.05,"Plan Rows": 219,"Plan Width": 168,"Actual Startup Time": 1695.944,"Actual Total Time": 1812.622,"Actual Rows": 175,"Actual Loops": 1,"Group Key": ["nation.n_name", "(EXTRACT(year FROM orders.o_orderdate))"],"Plans": [{"Node Type": "Gather Merge","Parent Relationship": "Outer","Parallel Aware": false,"Async Capable": false,"Startup Cost": 51920.12,"Total Cost": 51947.63,"Plan Rows": 213,"Plan Width": 168,"Actual Startup Time": 1695.015,"Actual Total Time": 1812.175,"Actual Rows": 700,"Actual Loops": 1,"Workers Planned": 3,"Workers Launched": 3,"Plans": [{"Node Type": "Aggregate","Strategy": "Sorted","Partial Mode": "Partial","Parent Relationship": "Outer","Parallel Aware": false,"Async Capable": false,"Startup Cost": 50920.08,"Total Cost": 50922.56,"Plan Rows": 71,"Plan Width": 168,"Actual Startup Time": 1627.056,"Actual Total Time": 1716.761,"Actual Rows": 175,"Actual Loops": 4,"Group Key": ["nation.n_name", "(EXTRACT(year FROM orders.o_orderdate))"],"Workers": [],"Plans": [{"Node Type": "Sort","Parent Relationship": "Outer","Parallel Aware": false,"Async Capable": false,"Startup Cost": 50920.08,"Total Cost": 50920.26,"Plan Rows": 71,"Plan Width": 159,"Actual Startup Time": 1626.699,"Actual Total Time": 1654.684,"Actual Rows": 82048,"Actual Loops": 4,"Sort Key": ["nation.n_name", "(EXTRACT(year FROM orders.o_orderdate)) DESC"],"Sort Method": "quicksort","Sort Space Used": 10998,"Sort Space Type": "Memory","Workers": [{"Worker Number": 0,"Sort Method": "quicksort","Sort Space Used": 11093,"Sort Space Type": "Memory"},{"Worker Number": 1,"Sort Method": "quicksort","Sort Space Used": 11417,"Sort Space Type": "Memory"},{"Worker Number": 2,"Sort Method": "quicksort","Sort Space Used": 11464,"Sort Space Type": "Memory"}],"Plans": [{"Node Type": "Hash Join","Parent Relationship": "Outer","Parallel Aware": false,"Async Capable": false,"Join Type": "Inner","Startup Cost": 5236.07,"Total Cost": 50917.89,"Plan Rows": 71,"Plan Width": 159,"Actual Startup Time": 22.962,"Actual Total Time": 1527.674,"Actual Rows": 82048,"Actual Loops": 4,"Inner Unique": true,"Hash Cond": "(supplier.s_nationkey = nation.n_nationkey)","Workers": [],"Plans": [{"Node Type": "Nested Loop","Parent Relationship": "Outer","Parallel Aware": false,"Async Capable": false,"Join Type": "Inner","Startup Cost": 5234.51,"Total Cost": 50915.94,"Plan Rows": 71,"Plan Width": 31,"Actual Startup Time": 22.797,"Actual Total Time": 1504.364,"Actual Rows": 82048,"Actual Loops": 4,"Inner Unique": true,"Workers": [],"Plans": [{"Node Type": "Nested Loop","Parent Relationship": "Outer","Parallel Aware": false,"Async Capable": false,"Join Type": "Inner","Startup Cost": 5234.08,"Total Cost": 50882.91,"Plan Rows": 71,"Plan Width": 31,"Actual Startup Time": 22.733,"Actual Total Time": 778.868,"Actual Rows": 82048,"Actual Loops": 4,"Inner Unique": true,"Workers": [],"Plans": [{"Node Type": "Nested Loop","Parent Relationship": "Outer","Parallel Aware": false,"Async Capable": false,"Join Type": "Inner","Startup Cost": 5233.80,"Total Cost": 50861.42,"Plan Rows": 71,"Plan Width": 35,"Actual Startup Time": 22.679,"Actual Total Time": 641.061,"Actual Rows": 82048,"Actual Loops": 4,"Inner Unique": false,"Workers": [],"Plans": [{"Node Type": "Hash Join","Parent Relationship": "Outer","Parallel Aware": true,"Async Capable": false,"Join Type": "Inner","Startup Cost": 5233.37,"Total Cost": 25942.44,"Plan Rows": 23460,"Plan Width": 18,"Actual Startup Time": 22.614,"Actual Total Time": 187.868,"Actual Rows": 10922,"Actual Loops": 4,"Inner Unique": true,"Hash Cond": "(partsupp.ps_partkey = part.p_partkey)","Workers": [],"Plans": [{"Node Type": "Seq Scan","Parent Relationship": "Outer","Parallel Aware": true,"Async Capable": false,"Relation Name": "partsupp","Alias": "partsupp","Startup Cost": 0.00,"Total Cost": 20031.65,"Plan Rows": 258065,"Plan Width": 14,"Actual Startup Time": 0.015,"Actual Total Time": 42.277,"Actual Rows": 200000,"Actual Loops": 4,"Workers": []},{"Node Type": "Hash","Parent Relationship": "Inner","Parallel Aware": true,"Async Capable": false,"Startup Cost": 5138.67,"Total Cost": 5138.67,"Plan Rows": 7576,"Plan Width": 4,"Actual Startup Time": 22.401,"Actual Total Time": 22.414,"Actual Rows": 2730,"Actual Loops": 4,"Hash Buckets": 32768,"Original Hash Buckets": 32768,"Hash Batches": 1,"Original Hash Batches": 1,"Peak Memory Usage": 704,"Workers": [],"Plans": [{"Node Type": "Seq Scan","Parent Relationship": "Outer","Parallel Aware": true,"Async Capable": false,"Relation Name": "part","Alias": "part","Startup Cost": 0.00,"Total Cost": 5138.67,"Plan Rows": 7576,"Plan Width": 4,"Actual Startup Time": 0.052,"Actual Total Time": 20.933,"Actual Rows": 2730,"Actual Loops": 4,"Filter": "((p_name)::text ~~ '%navajo%'::text)","Rows Removed by Filter": 47270,"Workers": []}]}]},{"Node Type": "Index Scan","Parent Relationship": "Inner","Parallel Aware": false,"Async Capable": false,"Scan Direction": "Forward","Index Name": "idx_lineitem_part_supp","Relation Name": "lineitem","Alias": "lineitem","Startup Cost": 0.43,"Total Cost": 1.05,"Plan Rows": 1,"Plan Width": 29,"Actual Startup Time": 0.006,"Actual Total Time": 0.040,"Actual Rows": 8,"Actual Loops": 43688,"Index Cond": "((l_partkey = partsupp.ps_partkey) AND (l_suppkey = partsupp.ps_suppkey))","Rows Removed by Index Recheck": 0,"Workers": []}]},{"Node Type": "Index Scan","Parent Relationship": "Inner","Parallel Aware": false,"Async Capable": false,"Scan Direction": "Forward","Index Name": "supplier_pkey","Relation Name": "supplier","Alias": "supplier","Startup Cost": 0.29,"Total Cost": 0.30,"Plan Rows": 1,"Plan Width": 8,"Actual Startup Time": 0.001,"Actual Total Time": 0.001,"Actual Rows": 1,"Actual Loops": 328192,"Index Cond": "(s_suppkey = lineitem.l_suppkey)","Rows Removed by Index Recheck": 0,"Workers": []}]},{"Node Type": "Index Scan","Parent Relationship": "Inner","Parallel Aware": false,"Async Capable": false,"Scan Direction": "Forward","Index Name": "orders_pkey","Relation Name": "orders","Alias": "orders","Startup Cost": 0.43,"Total Cost": 0.47,"Plan Rows": 1,"Plan Width": 8,"Actual Startup Time": 0.008,"Actual Total Time": 0.008,"Actual Rows": 1,"Actual Loops": 328192,"Index Cond": "(o_orderkey = lineitem.l_orderkey)","Rows Removed by Index Recheck": 0,"Workers": []}]},{"Node Type": "Hash","Parent Relationship": "Inner","Parallel Aware": false,"Async Capable": false,"Startup Cost": 1.25,"Total Cost": 1.25,"Plan Rows": 25,"Plan Width": 108,"Actual Startup Time": 0.073,"Actual Total Time": 0.078,"Actual Rows": 25,"Actual Loops": 4,"Hash Buckets": 1024,"Original Hash Buckets": 1024,"Hash Batches": 1,"Original Hash Batches": 1,"Peak Memory Usage": 10,"Workers": [],"Plans": [{"Node Type": "Seq Scan","Parent Relationship": "Outer","Parallel Aware": false,"Async Capable": false,"Relation Name": "nation","Alias": "nation","Startup Cost": 0.00,"Total Cost": 1.25,"Plan Rows": 25,"Plan Width": 108,"Actual Startup Time": 0.041,"Actual Total Time": 0.048,"Actual Rows": 25,"Actual Loops": 4,"Workers": []}]}]}]}]}]}]},"Planning Time": 11.862,"Triggers": [],"Execution Time": 1814.545}]
[{"Plan": {"Node Type": "Aggregate","Strategy": "Sorted","Partial Mode": "Finalize","Parallel Aware": false,"Async Capable": false,"Startup Cost": 35224.41,"Total Cost": 35237.30,"Plan Rows": 97,"Plan Width": 168,"Actual Startup Time": 2475.030,"Actual Total Time": 2611.476,"Actual Rows": 175,"Actual Loops": 1,"Group Key": ["nation.n_name", "(EXTRACT(year FROM orders.o_orderdate))"],"Plans": [{"Node Type": "Gather Merge","Parent Relationship": "Outer","Parallel Aware": false,"Async Capable": false,"Startup Cost": 35224.41,"Total Cost": 35235.05,"Plan Rows": 80,"Plan Width": 168,"Actual Startup Time": 2473.086,"Actual Total Time": 2611.014,"Actual Rows": 525,"Actual Loops": 1,"Workers Planned": 2,"Workers Launched": 2,"Plans": [{"Node Type": "Aggregate","Strategy": "Sorted","Partial Mode": "Partial","Parent Relationship": "Outer","Parallel Aware": false,"Async Capable": false,"Startup Cost": 34224.39,"Total Cost": 34225.79,"Plan Rows": 40,"Plan Width": 168,"Actual Startup Time": 2358.545,"Actual Total Time": 2496.070,"Actual Rows": 175,"Actual Loops": 3,"Group Key": ["nation.n_name", "(EXTRACT(year FROM orders.o_orderdate))"],"Workers": [],"Plans": [{"Node Type": "Sort","Parent Relationship": "Outer","Parallel Aware": false,"Async Capable": false,"Startup Cost": 34224.39,"Total Cost": 34224.49,"Plan Rows": 40,"Plan Width": 159,"Actual Startup Time": 2357.894,"Actual Total Time": 2405.981,"Actual Rows": 109457,"Actual Loops": 3,"Sort Key": ["nation.n_name", "(EXTRACT(year FROM orders.o_orderdate)) DESC"],"Sort Method": "quicksort","Sort Space Used": 13828,"Sort Space Type": "Memory","Workers": [{"Worker Number": 0,"Sort Method": "quicksort","Sort Space Used": 14027,"Sort Space Type": "Memory"},{"Worker Number": 1,"Sort Method": "quicksort","Sort Space Used": 14059,"Sort Space Type": "Memory"}],"Plans": [{"Node Type": "Hash Join","Parent Relationship": "Outer","Parallel Aware": false,"Async Capable": false,"Join Type": "Inner","Startup Cost": 3.13,"Total Cost": 34223.32,"Plan Rows": 40,"Plan Width": 159,"Actual Startup Time": 0.738,"Actual Total Time": 2199.375,"Actual Rows": 109457,"Actual Loops": 3,"Inner Unique": true,"Hash Cond": "(supplier.s_nationkey = nation.n_nationkey)","Workers": [],"Plans": [{"Node Type": "Nested Loop","Parent Relationship": "Outer","Parallel Aware": false,"Async Capable": false,"Join Type": "Inner","Startup Cost": 1.57,"Total Cost": 34221.53,"Plan Rows": 40,"Plan Width": 31,"Actual Startup Time": 0.531,"Actual Total Time": 2166.679,"Actual Rows": 109457,"Actual Loops": 3,"Inner Unique": true,"Workers": [],"Plans": [{"Node Type": "Nested Loop","Parent Relationship": "Outer","Parallel Aware": false,"Async Capable": false,"Join Type": "Inner","Startup Cost": 1.14,"Total Cost": 34202.93,"Plan Rows": 40,"Plan Width": 31,"Actual Startup Time": 0.420,"Actual Total Time": 1001.631,"Actual Rows": 109457,"Actual Loops": 3,"Inner Unique": true,"Workers": [],"Plans": [{"Node Type": "Nested Loop","Parent Relationship": "Outer","Parallel Aware": false,"Async Capable": false,"Join Type": "Inner","Startup Cost": 0.86,"Total Cost": 34190.82,"Plan Rows": 40,"Plan Width": 35,"Actual Startup Time": 0.331,"Actual Total Time": 814.444,"Actual Rows": 109457,"Actual Loops": 3,"Inner Unique": false,"Workers": [],"Plans": [{"Node Type": "Nested Loop","Parent Relationship": "Outer","Parallel Aware": false,"Async Capable": false,"Join Type": "Inner","Startup Cost": 0.42,"Total Cost": 19885.25,"Plan Rows": 13468,"Plan Width": 18,"Actual Startup Time": 0.213,"Actual Total Time": 119.220,"Actual Rows": 14609,"Actual Loops": 3,"Inner Unique": false,"Workers": [],"Plans": [{"Node Type": "Seq Scan","Parent Relationship": "Outer","Parallel Aware": true,"Async Capable": false,"Relation Name": "part","Alias": "part","Startup Cost": 0.00,"Total Cost": 5138.67,"Plan Rows": 3367,"Plan Width": 4,"Actual Startup Time": 0.050,"Actual Total Time": 50.628,"Actual Rows": 3652,"Actual Loops": 3,"Filter": "((p_name)::text ~~ '%chocolate%'::text)","Rows Removed by Filter": 63014,"Workers": []},{"Node Type": "Index Scan","Parent Relationship": "Inner","Parallel Aware": false,"Async Capable": false,"Scan Direction": "Forward","Index Name": "idx_partsupp_partkey","Relation Name": "partsupp","Alias": "partsupp","Startup Cost": 0.42,"Total Cost": 4.34,"Plan Rows": 4,"Plan Width": 14,"Actual Startup Time": 0.014,"Actual Total Time": 0.018,"Actual Rows": 4,"Actual Loops": 10957,"Index Cond": "(ps_partkey = part.p_partkey)","Rows Removed by Index Recheck": 0,"Workers": []}]},{"Node Type": "Index Scan","Parent Relationship": "Inner","Parallel Aware": false,"Async Capable": false,"Scan Direction": "Forward","Index Name": "idx_lineitem_part_supp","Relation Name": "lineitem","Alias": "lineitem","Startup Cost": 0.43,"Total Cost": 1.05,"Plan Rows": 1,"Plan Width": 29,"Actual Startup Time": 0.007,"Actual Total Time": 0.046,"Actual Rows": 7,"Actual Loops": 43828,"Index Cond": "((l_partkey = partsupp.ps_partkey) AND (l_suppkey = partsupp.ps_suppkey))","Rows Removed by Index Recheck": 0,"Workers": []}]},{"Node Type": "Index Scan","Parent Relationship": "Inner","Parallel Aware": false,"Async Capable": false,"Scan Direction": "Forward","Index Name": "supplier_pkey","Relation Name": "supplier","Alias": "supplier","Startup Cost": 0.29,"Total Cost": 0.30,"Plan Rows": 1,"Plan Width": 8,"Actual Startup Time": 0.001,"Actual Total Time": 0.001,"Actual Rows": 1,"Actual Loops": 328370,"Index Cond": "(s_suppkey = lineitem.l_suppkey)","Rows Removed by Index Recheck": 0,"Workers": []}]},{"Node Type": "Index Scan","Parent Relationship": "Inner","Parallel Aware": false,"Async Capable": false,"Scan Direction": "Forward","Index Name": "orders_pkey","Relation Name": "orders","Alias": "orders","Startup Cost": 0.43,"Total Cost": 0.47,"Plan Rows": 1,"Plan Width": 8,"Actual Startup Time": 0.010,"Actual Total Time": 0.010,"Actual Rows": 1,"Actual Loops": 328370,"Index Cond": "(o_orderkey = lineitem.l_orderkey)","Rows Removed by Index Recheck": 0,"Workers": []}]},{"Node Type": "Hash","Parent Relationship": "Inner","Parallel Aware": false,"Async Capable": false,"Startup Cost": 1.25,"Total Cost": 1.25,"Plan Rows": 25,"Plan Width": 108,"Actual Startup Time": 0.103,"Actual Total Time": 0.114,"Actual Rows": 25,"Actual Loops": 3,"Hash Buckets": 1024,"Original Hash Buckets": 1024,"Hash Batches": 1,"Original Hash Batches": 1,"Peak Memory Usage": 10,"Workers": [],"Plans": [{"Node Type": "Seq Scan","Parent Relationship": "Outer","Parallel Aware": false,"Async Capable": false,"Relation Name": "nation","Alias": "nation","Startup Cost": 0.00,"Total Cost": 1.25,"Plan Rows": 25,"Plan Width": 108,"Actual Startup Time": 0.070,"Actual Total Time": 0.076,"Actual Rows": 25,"Actual Loops": 3,"Workers": []}]}]}]}]}]}]},"Planning Time": 11.795,"Triggers": [],"Execution Time": 2613.200}]
[{"Plan": {"Node Type": "Aggregate","Strategy": "Sorted","Partial Mode": "Finalize","Parallel Aware": false,"Async Capable": false,"Startup Cost": 46348.90,"Total Cost": 46374.41,"Plan Rows": 170,"Plan Width": 168,"Actual Startup Time": 1721.273,"Actual Total Time": 1854.515,"Actual Rows": 175,"Actual Loops": 1,"Group Key": ["nation.n_name", "(EXTRACT(year FROM orders.o_orderdate))"],"Plans": [{"Node Type": "Gather Merge","Parent Relationship": "Outer","Parallel Aware": false,"Async Capable": false,"Startup Cost": 46348.90,"Total Cost": 46370.21,"Plan Rows": 165,"Plan Width": 168,"Actual Startup Time": 1719.350,"Actual Total Time": 1854.023,"Actual Rows": 700,"Actual Loops": 1,"Workers Planned": 3,"Workers Launched": 3,"Plans": [{"Node Type": "Aggregate","Strategy": "Sorted","Partial Mode": "Partial","Parent Relationship": "Outer","Parallel Aware": false,"Async Capable": false,"Startup Cost": 45348.86,"Total Cost": 45350.79,"Plan Rows": 55,"Plan Width": 168,"Actual Startup Time": 1646.442,"Actual Total Time": 1738.929,"Actual Rows": 175,"Actual Loops": 4,"Group Key": ["nation.n_name", "(EXTRACT(year FROM orders.o_orderdate))"],"Workers": [],"Plans": [{"Node Type": "Sort","Parent Relationship": "Outer","Parallel Aware": false,"Async Capable": false,"Startup Cost": 45348.86,"Total Cost": 45349.00,"Plan Rows": 55,"Plan Width": 159,"Actual Startup Time": 1645.906,"Actual Total Time": 1677.663,"Actual Rows": 81262,"Actual Loops": 4,"Sort Key": ["nation.n_name", "(EXTRACT(year FROM orders.o_orderdate)) DESC"],"Sort Method": "quicksort","Sort Space Used": 11306,"Sort Space Type": "Memory","Workers": [{"Worker Number": 0,"Sort Method": "quicksort","Sort Space Used": 11205,"Sort Space Type": "Memory"},{"Worker Number": 1,"Sort Method": "quicksort","Sort Space Used": 11072,"Sort Space Type": "Memory"},{"Worker Number": 2,"Sort Method": "quicksort","Sort Space Used": 11071,"Sort Space Type": "Memory"}],"Plans": [{"Node Type": "Hash Join","Parent Relationship": "Outer","Parallel Aware": false,"Async Capable": false,"Join Type": "Inner","Startup Cost": 5215.02,"Total Cost": 45347.27,"Plan Rows": 55,"Plan Width": 159,"Actual Startup Time": 21.234,"Actual Total Time": 1544.257,"Actual Rows": 81262,"Actual Loops": 4,"Inner Unique": true,"Hash Cond": "(supplier.s_nationkey = nation.n_nationkey)","Workers": [],"Plans": [{"Node Type": "Nested Loop","Parent Relationship": "Outer","Parallel Aware": false,"Async Capable": false,"Join Type": "Inner","Startup Cost": 5213.46,"Total Cost": 45345.40,"Plan Rows": 55,"Plan Width": 31,"Actual Startup Time": 21.038,"Actual Total Time": 1520.991,"Actual Rows": 81262,"Actual Loops": 4,"Inner Unique": true,"Workers": [],"Plans": [{"Node Type": "Nested Loop","Parent Relationship": "Outer","Parallel Aware": false,"Async Capable": false,"Join Type": "Inner","Startup Cost": 5213.03,"Total Cost": 45319.82,"Plan Rows": 55,"Plan Width": 31,"Actual Startup Time": 20.972,"Actual Total Time": 791.083,"Actual Rows": 81262,"Actual Loops": 4,"Inner Unique": true,"Workers": [],"Plans": [{"Node Type": "Nested Loop","Parent Relationship": "Outer","Parallel Aware": false,"Async Capable": false,"Join Type": "Inner","Startup Cost": 5212.75,"Total Cost": 45303.17,"Plan Rows": 55,"Plan Width": 35,"Actual Startup Time": 20.917,"Actual Total Time": 653.989,"Actual Rows": 81262,"Actual Loops": 4,"Inner Unique": false,"Workers": [],"Plans": [{"Node Type": "Hash Join","Parent Relationship": "Outer","Parallel Aware": true,"Async Capable": false,"Join Type": "Inner","Startup Cost": 5212.32,"Total Cost": 25921.39,"Plan Rows": 18247,"Plan Width": 18,"Actual Startup Time": 20.846,"Actual Total Time": 195.804,"Actual Rows": 10838,"Actual Loops": 4,"Inner Unique": true,"Hash Cond": "(partsupp.ps_partkey = part.p_partkey)","Workers": [],"Plans": [{"Node Type": "Seq Scan","Parent Relationship": "Outer","Parallel Aware": true,"Async Capable": false,"Relation Name": "partsupp","Alias": "partsupp","Startup Cost": 0.00,"Total Cost": 20031.65,"Plan Rows": 258065,"Plan Width": 14,"Actual Startup Time": 0.011,"Actual Total Time": 42.921,"Actual Rows": 200000,"Actual Loops": 4,"Workers": []},{"Node Type": "Hash","Parent Relationship": "Inner","Parallel Aware": true,"Async Capable": false,"Startup Cost": 5138.67,"Total Cost": 5138.67,"Plan Rows": 5892,"Plan Width": 4,"Actual Startup Time": 20.643,"Actual Total Time": 20.652,"Actual Rows": 2710,"Actual Loops": 4,"Hash Buckets": 16384,"Original Hash Buckets": 16384,"Hash Batches": 1,"Original Hash Batches": 1,"Peak Memory Usage": 608,"Workers": [],"Plans": [{"Node Type": "Seq Scan","Parent Relationship": "Outer","Parallel Aware": true,"Async Capable": false,"Relation Name": "part","Alias": "part","Startup Cost": 0.00,"Total Cost": 5138.67,"Plan Rows": 5892,"Plan Width": 4,"Actual Startup Time": 0.061,"Actual Total Time": 19.025,"Actual Rows": 2710,"Actual Loops": 4,"Filter": "((p_name)::text ~~ '%burnished%'::text)","Rows Removed by Filter": 47290,"Workers": []}]}]},{"Node Type": "Index Scan","Parent Relationship": "Inner","Parallel Aware": false,"Async Capable": false,"Scan Direction": "Forward","Index Name": "idx_lineitem_part_supp","Relation Name": "lineitem","Alias": "lineitem","Startup Cost": 0.43,"Total Cost": 1.05,"Plan Rows": 1,"Plan Width": 29,"Actual Startup Time": 0.006,"Actual Total Time": 0.041,"Actual Rows": 7,"Actual Loops": 43352,"Index Cond": "((l_partkey = partsupp.ps_partkey) AND (l_suppkey = partsupp.ps_suppkey))","Rows Removed by Index Recheck": 0,"Workers": []}]},{"Node Type": "Index Scan","Parent Relationship": "Inner","Parallel Aware": false,"Async Capable": false,"Scan Direction": "Forward","Index Name": "supplier_pkey","Relation Name": "supplier","Alias": "supplier","Startup Cost": 0.29,"Total Cost": 0.30,"Plan Rows": 1,"Plan Width": 8,"Actual Startup Time": 0.001,"Actual Total Time": 0.001,"Actual Rows": 1,"Actual Loops": 325050,"Index Cond": "(s_suppkey = lineitem.l_suppkey)","Rows Removed by Index Recheck": 0,"Workers": []}]},{"Node Type": "Index Scan","Parent Relationship": "Inner","Parallel Aware": false,"Async Capable": false,"Scan Direction": "Forward","Index Name": "orders_pkey","Relation Name": "orders","Alias": "orders","Startup Cost": 0.43,"Total Cost": 0.47,"Plan Rows": 1,"Plan Width": 8,"Actual Startup Time": 0.009,"Actual Total Time": 0.009,"Actual Rows": 1,"Actual Loops": 325050,"Index Cond": "(o_orderkey = lineitem.l_orderkey)","Rows Removed by Index Recheck": 0,"Workers": []}]},{"Node Type": "Hash","Parent Relationship": "Inner","Parallel Aware": false,"Async Capable": false,"Startup Cost": 1.25,"Total Cost": 1.25,"Plan Rows": 25,"Plan Width": 108,"Actual Startup Time": 0.087,"Actual Total Time": 0.092,"Actual Rows": 25,"Actual Loops": 4,"Hash Buckets": 1024,"Original Hash Buckets": 1024,"Hash Batches": 1,"Original Hash Batches": 1,"Peak Memory Usage": 10,"Workers": [],"Plans": [{"Node Type": "Seq Scan","Parent Relationship": "Outer","Parallel Aware": false,"Async Capable": false,"Relation Name": "nation","Alias": "nation","Startup Cost": 0.00,"Total Cost": 1.25,"Plan Rows": 25,"Plan Width": 108,"Actual Startup Time": 0.057,"Actual Total Time": 0.064,"Actual Rows": 25,"Actual Loops": 4,"Workers": []}]}]}]}]}]}]},"Planning Time": 12.393,"Triggers": [],"Execution Time": 1858.181}]
[{"Plan": {"Node Type": "Aggregate","Strategy": "Sorted","Partial Mode": "Finalize","Parallel Aware": false,"Async Capable": false,"Startup Cost": 46348.90,"Total Cost": 46374.41,"Plan Rows": 170,"Plan Width": 168,"Actual Startup Time": 1723.493,"Actual Total Time": 1859.527,"Actual Rows": 175,"Actual Loops": 1,"Group Key": ["nation.n_name", "(EXTRACT(year FROM orders.o_orderdate))"],"Plans": [{"Node Type": "Gather Merge","Parent Relationship": "Outer","Parallel Aware": false,"Async Capable": false,"Startup Cost": 46348.90,"Total Cost": 46370.21,"Plan Rows": 165,"Plan Width": 168,"Actual Startup Time": 1722.182,"Actual Total Time": 1859.079,"Actual Rows": 700,"Actual Loops": 1,"Workers Planned": 3,"Workers Launched": 3,"Plans": [{"Node Type": "Aggregate","Strategy": "Sorted","Partial Mode": "Partial","Parent Relationship": "Outer","Parallel Aware": false,"Async Capable": false,"Startup Cost": 45348.86,"Total Cost": 45350.79,"Plan Rows": 55,"Plan Width": 168,"Actual Startup Time": 1656.882,"Actual Total Time": 1751.105,"Actual Rows": 175,"Actual Loops": 4,"Group Key": ["nation.n_name", "(EXTRACT(year FROM orders.o_orderdate))"],"Workers": [],"Plans": [{"Node Type": "Sort","Parent Relationship": "Outer","Parallel Aware": false,"Async Capable": false,"Startup Cost": 45348.86,"Total Cost": 45349.00,"Plan Rows": 55,"Plan Width": 159,"Actual Startup Time": 1656.482,"Actual Total Time": 1688.020,"Actual Rows": 82329,"Actual Loops": 4,"Sort Key": ["nation.n_name", "(EXTRACT(year FROM orders.o_orderdate)) DESC"],"Sort Method": "quicksort","Sort Space Used": 11581,"Sort Space Type": "Memory","Workers": [{"Worker Number": 0,"Sort Method": "quicksort","Sort Space Used": 11149,"Sort Space Type": "Memory"},{"Worker Number": 1,"Sort Method": "quicksort","Sort Space Used": 11206,"Sort Space Type": "Memory"},{"Worker Number": 2,"Sort Method": "quicksort","Sort Space Used": 11149,"Sort Space Type": "Memory"}],"Plans": [{"Node Type": "Hash Join","Parent Relationship": "Outer","Parallel Aware": false,"Async Capable": false,"Join Type": "Inner","Startup Cost": 5215.02,"Total Cost": 45347.27,"Plan Rows": 55,"Plan Width": 159,"Actual Startup Time": 22.822,"Actual Total Time": 1557.570,"Actual Rows": 82329,"Actual Loops": 4,"Inner Unique": true,"Hash Cond": "(supplier.s_nationkey = nation.n_nationkey)","Workers": [],"Plans": [{"Node Type": "Nested Loop","Parent Relationship": "Outer","Parallel Aware": false,"Async Capable": false,"Join Type": "Inner","Startup Cost": 5213.46,"Total Cost": 45345.40,"Plan Rows": 55,"Plan Width": 31,"Actual Startup Time": 22.599,"Actual Total Time": 1533.905,"Actual Rows": 82329,"Actual Loops": 4,"Inner Unique": true,"Workers": [],"Plans": [{"Node Type": "Nested Loop","Parent Relationship": "Outer","Parallel Aware": false,"Async Capable": false,"Join Type": "Inner","Startup Cost": 5213.03,"Total Cost": 45319.82,"Plan Rows": 55,"Plan Width": 31,"Actual Startup Time": 22.531,"Actual Total Time": 799.967,"Actual Rows": 82329,"Actual Loops": 4,"Inner Unique": true,"Workers": [],"Plans": [{"Node Type": "Nested Loop","Parent Relationship": "Outer","Parallel Aware": false,"Async Capable": false,"Join Type": "Inner","Startup Cost": 5212.75,"Total Cost": 45303.17,"Plan Rows": 55,"Plan Width": 35,"Actual Startup Time": 22.487,"Actual Total Time": 661.259,"Actual Rows": 82329,"Actual Loops": 4,"Inner Unique": false,"Workers": [],"Plans": [{"Node Type": "Hash Join","Parent Relationship": "Outer","Parallel Aware": true,"Async Capable": false,"Join Type": "Inner","Startup Cost": 5212.32,"Total Cost": 25921.39,"Plan Rows": 18247,"Plan Width": 18,"Actual Startup Time": 22.414,"Actual Total Time": 195.633,"Actual Rows": 10963,"Actual Loops": 4,"Inner Unique": true,"Hash Cond": "(partsupp.ps_partkey = part.p_partkey)","Workers": [],"Plans": [{"Node Type": "Seq Scan","Parent Relationship": "Outer","Parallel Aware": true,"Async Capable": false,"Relation Name": "partsupp","Alias": "partsupp","Startup Cost": 0.00,"Total Cost": 20031.65,"Plan Rows": 258065,"Plan Width": 14,"Actual Startup Time": 0.017,"Actual Total Time": 41.561,"Actual Rows": 200000,"Actual Loops": 4,"Workers": []},{"Node Type": "Hash","Parent Relationship": "Inner","Parallel Aware": true,"Async Capable": false,"Startup Cost": 5138.67,"Total Cost": 5138.67,"Plan Rows": 5892,"Plan Width": 4,"Actual Startup Time": 22.190,"Actual Total Time": 22.200,"Actual Rows": 2741,"Actual Loops": 4,"Hash Buckets": 16384,"Original Hash Buckets": 16384,"Hash Batches": 1,"Original Hash Batches": 1,"Peak Memory Usage": 608,"Workers": [],"Plans": [{"Node Type": "Seq Scan","Parent Relationship": "Outer","Parallel Aware": true,"Async Capable": false,"Relation Name": "part","Alias": "part","Startup Cost": 0.00,"Total Cost": 5138.67,"Plan Rows": 5892,"Plan Width": 4,"Actual Startup Time": 0.074,"Actual Total Time": 20.472,"Actual Rows": 2741,"Actual Loops": 4,"Filter": "((p_name)::text ~~ '%maroon%'::text)","Rows Removed by Filter": 47259,"Workers": []}]}]},{"Node Type": "Index Scan","Parent Relationship": "Inner","Parallel Aware": false,"Async Capable": false,"Scan Direction": "Forward","Index Name": "idx_lineitem_part_supp","Relation Name": "lineitem","Alias": "lineitem","Startup Cost": 0.43,"Total Cost": 1.05,"Plan Rows": 1,"Plan Width": 29,"Actual Startup Time": 0.006,"Actual Total Time": 0.041,"Actual Rows": 8,"Actual Loops": 43852,"Index Cond": "((l_partkey = partsupp.ps_partkey) AND (l_suppkey = partsupp.ps_suppkey))","Rows Removed by Index Recheck": 0,"Workers": []}]},{"Node Type": "Index Scan","Parent Relationship": "Inner","Parallel Aware": false,"Async Capable": false,"Scan Direction": "Forward","Index Name": "supplier_pkey","Relation Name": "supplier","Alias": "supplier","Startup Cost": 0.29,"Total Cost": 0.30,"Plan Rows": 1,"Plan Width": 8,"Actual Startup Time": 0.001,"Actual Total Time": 0.001,"Actual Rows": 1,"Actual Loops": 329315,"Index Cond": "(s_suppkey = lineitem.l_suppkey)","Rows Removed by Index Recheck": 0,"Workers": []}]},{"Node Type": "Index Scan","Parent Relationship": "Inner","Parallel Aware": false,"Async Capable": false,"Scan Direction": "Forward","Index Name": "orders_pkey","Relation Name": "orders","Alias": "orders","Startup Cost": 0.43,"Total Cost": 0.47,"Plan Rows": 1,"Plan Width": 8,"Actual Startup Time": 0.009,"Actual Total Time": 0.009,"Actual Rows": 1,"Actual Loops": 329315,"Index Cond": "(o_orderkey = lineitem.l_orderkey)","Rows Removed by Index Recheck": 0,"Workers": []}]},{"Node Type": "Hash","Parent Relationship": "Inner","Parallel Aware": false,"Async Capable": false,"Startup Cost": 1.25,"Total Cost": 1.25,"Plan Rows": 25,"Plan Width": 108,"Actual Startup Time": 0.106,"Actual Total Time": 0.111,"Actual Rows": 25,"Actual Loops": 4,"Hash Buckets": 1024,"Original Hash Buckets": 1024,"Hash Batches": 1,"Original Hash Batches": 1,"Peak Memory Usage": 10,"Workers": [],"Plans": [{"Node Type": "Seq Scan","Parent Relationship": "Outer","Parallel Aware": false,"Async Capable": false,"Relation Name": "nation","Alias": "nation","Startup Cost": 0.00,"Total Cost": 1.25,"Plan Rows": 25,"Plan Width": 108,"Actual Startup Time": 0.074,"Actual Total Time": 0.080,"Actual Rows": 25,"Actual Loops": 4,"Workers": []}]}]}]}]}]}]},"Planning Time": 11.867,"Triggers": [],"Execution Time": 1860.481}]
[{"Plan": {"Node Type": "Aggregate","Strategy": "Sorted","Partial Mode": "Finalize","Parallel Aware": false,"Async Capable": false,"Startup Cost": 35224.41,"Total Cost": 35237.30,"Plan Rows": 97,"Plan Width": 168,"Actual Startup Time": 2423.963,"Actual Total Time": 2560.496,"Actual Rows": 175,"Actual Loops": 1,"Group Key": ["nation.n_name", "(EXTRACT(year FROM orders.o_orderdate))"],"Plans": [{"Node Type": "Gather Merge","Parent Relationship": "Outer","Parallel Aware": false,"Async Capable": false,"Startup Cost": 35224.41,"Total Cost": 35235.05,"Plan Rows": 80,"Plan Width": 168,"Actual Startup Time": 2422.019,"Actual Total Time": 2560.116,"Actual Rows": 525,"Actual Loops": 1,"Workers Planned": 2,"Workers Launched": 2,"Plans": [{"Node Type": "Aggregate","Strategy": "Sorted","Partial Mode": "Partial","Parent Relationship": "Outer","Parallel Aware": false,"Async Capable": false,"Startup Cost": 34224.39,"Total Cost": 34225.79,"Plan Rows": 40,"Plan Width": 168,"Actual Startup Time": 2311.477,"Actual Total Time": 2422.444,"Actual Rows": 175,"Actual Loops": 3,"Group Key": ["nation.n_name", "(EXTRACT(year FROM orders.o_orderdate))"],"Workers": [],"Plans": [{"Node Type": "Sort","Parent Relationship": "Outer","Parallel Aware": false,"Async Capable": false,"Startup Cost": 34224.39,"Total Cost": 34224.49,"Plan Rows": 40,"Plan Width": 159,"Actual Startup Time": 2310.904,"Actual Total Time": 2345.956,"Actual Rows": 108625,"Actual Loops": 3,"Sort Key": ["nation.n_name", "(EXTRACT(year FROM orders.o_orderdate)) DESC"],"Sort Method": "quicksort","Sort Space Used": 13495,"Sort Space Type": "Memory","Workers": [{"Worker Number": 0,"Sort Method": "quicksort","Sort Space Used": 14236,"Sort Space Type": "Memory"},{"Worker Number": 1,"Sort Method": "quicksort","Sort Space Used": 13931,"Sort Space Type": "Memory"}],"Plans": [{"Node Type": "Hash Join","Parent Relationship": "Outer","Parallel Aware": false,"Async Capable": false,"Join Type": "Inner","Startup Cost": 3.13,"Total Cost": 34223.32,"Plan Rows": 40,"Plan Width": 159,"Actual Startup Time": 0.667,"Actual Total Time": 2163.145,"Actual Rows": 108625,"Actual Loops": 3,"Inner Unique": true,"Hash Cond": "(supplier.s_nationkey = nation.n_nationkey)","Workers": [],"Plans": [{"Node Type": "Nested Loop","Parent Relationship": "Outer","Parallel Aware": false,"Async Capable": false,"Join Type": "Inner","Startup Cost": 1.57,"Total Cost": 34221.53,"Plan Rows": 40,"Plan Width": 31,"Actual Startup Time": 0.474,"Actual Total Time": 2131.583,"Actual Rows": 108625,"Actual Loops": 3,"Inner Unique": true,"Workers": [],"Plans": [{"Node Type": "Nested Loop","Parent Relationship": "Outer","Parallel Aware": false,"Async Capable": false,"Join Type": "Inner","Startup Cost": 1.14,"Total Cost": 34202.93,"Plan Rows": 40,"Plan Width": 31,"Actual Startup Time": 0.377,"Actual Total Time": 989.340,"Actual Rows": 108625,"Actual Loops": 3,"Inner Unique": true,"Workers": [],"Plans": [{"Node Type": "Nested Loop","Parent Relationship": "Outer","Parallel Aware": false,"Async Capable": false,"Join Type": "Inner","Startup Cost": 0.86,"Total Cost": 34190.82,"Plan Rows": 40,"Plan Width": 35,"Actual Startup Time": 0.299,"Actual Total Time": 804.524,"Actual Rows": 108625,"Actual Loops": 3,"Inner Unique": false,"Workers": [],"Plans": [{"Node Type": "Nested Loop","Parent Relationship": "Outer","Parallel Aware": false,"Async Capable": false,"Join Type": "Inner","Startup Cost": 0.42,"Total Cost": 19885.25,"Plan Rows": 13468,"Plan Width": 18,"Actual Startup Time": 0.197,"Actual Total Time": 118.975,"Actual Rows": 14469,"Actual Loops": 3,"Inner Unique": false,"Workers": [],"Plans": [{"Node Type": "Seq Scan","Parent Relationship": "Outer","Parallel Aware": true,"Async Capable": false,"Relation Name": "part","Alias": "part","Startup Cost": 0.00,"Total Cost": 5138.67,"Plan Rows": 3367,"Plan Width": 4,"Actual Startup Time": 0.059,"Actual Total Time": 51.422,"Actual Rows": 3617,"Actual Loops": 3,"Filter": "((p_name)::text ~~ '%medium%'::text)","Rows Removed by Filter": 63049,"Workers": []},{"Node Type": "Index Scan","Parent Relationship": "Inner","Parallel Aware": false,"Async Capable": false,"Scan Direction": "Forward","Index Name": "idx_partsupp_partkey","Relation Name": "partsupp","Alias": "partsupp","Startup Cost": 0.42,"Total Cost": 4.34,"Plan Rows": 4,"Plan Width": 14,"Actual Startup Time": 0.014,"Actual Total Time": 0.018,"Actual Rows": 4,"Actual Loops": 10852,"Index Cond": "(ps_partkey = part.p_partkey)","Rows Removed by Index Recheck": 0,"Workers": []}]},{"Node Type": "Index Scan","Parent Relationship": "Inner","Parallel Aware": false,"Async Capable": false,"Scan Direction": "Forward","Index Name": "idx_lineitem_part_supp","Relation Name": "lineitem","Alias": "lineitem","Startup Cost": 0.43,"Total Cost": 1.05,"Plan Rows": 1,"Plan Width": 29,"Actual Startup Time": 0.007,"Actual Total Time": 0.046,"Actual Rows": 8,"Actual Loops": 43408,"Index Cond": "((l_partkey = partsupp.ps_partkey) AND (l_suppkey = partsupp.ps_suppkey))","Rows Removed by Index Recheck": 0,"Workers": []}]},{"Node Type": "Index Scan","Parent Relationship": "Inner","Parallel Aware": false,"Async Capable": false,"Scan Direction": "Forward","Index Name": "supplier_pkey","Relation Name": "supplier","Alias": "supplier","Startup Cost": 0.29,"Total Cost": 0.30,"Plan Rows": 1,"Plan Width": 8,"Actual Startup Time": 0.001,"Actual Total Time": 0.001,"Actual Rows": 1,"Actual Loops": 325876,"Index Cond": "(s_suppkey = lineitem.l_suppkey)","Rows Removed by Index Recheck": 0,"Workers": []}]},{"Node Type": "Index Scan","Parent Relationship": "Inner","Parallel Aware": false,"Async Capable": false,"Scan Direction": "Forward","Index Name": "orders_pkey","Relation Name": "orders","Alias": "orders","Startup Cost": 0.43,"Total Cost": 0.47,"Plan Rows": 1,"Plan Width": 8,"Actual Startup Time": 0.010,"Actual Total Time": 0.010,"Actual Rows": 1,"Actual Loops": 325876,"Index Cond": "(o_orderkey = lineitem.l_orderkey)","Rows Removed by Index Recheck": 0,"Workers": []}]},{"Node Type": "Hash","Parent Relationship": "Inner","Parallel Aware": false,"Async Capable": false,"Startup Cost": 1.25,"Total Cost": 1.25,"Plan Rows": 25,"Plan Width": 108,"Actual Startup Time": 0.099,"Actual Total Time": 0.114,"Actual Rows": 25,"Actual Loops": 3,"Hash Buckets": 1024,"Original Hash Buckets": 1024,"Hash Batches": 1,"Original Hash Batches": 1,"Peak Memory Usage": 10,"Workers": [],"Plans": [{"Node Type": "Seq Scan","Parent Relationship": "Outer","Parallel Aware": false,"Async Capable": false,"Relation Name": "nation","Alias": "nation","Startup Cost": 0.00,"Total Cost": 1.25,"Plan Rows": 25,"Plan Width": 108,"Actual Startup Time": 0.070,"Actual Total Time": 0.083,"Actual Rows": 25,"Actual Loops": 3,"Workers": []}]}]}]}]}]}]},"Planning Time": 12.212,"Triggers": [],"Execution Time": 2563.131}]
[{"Plan": {"Node Type": "Aggregate","Strategy": "Sorted","Partial Mode": "Finalize","Parallel Aware": false,"Async Capable": false,"Startup Cost": 41381.04,"Total Cost": 41397.45,"Plan Rows": 122,"Plan Width": 168,"Actual Startup Time": 2450.148,"Actual Total Time": 2534.975,"Actual Rows": 175,"Actual Loops": 1,"Group Key": ["nation.n_name", "(EXTRACT(year FROM orders.o_orderdate))"],"Plans": [{"Node Type": "Gather Merge","Parent Relationship": "Outer","Parallel Aware": false,"Async Capable": false,"Startup Cost": 41381.04,"Total Cost": 41394.60,"Plan Rows": 102,"Plan Width": 168,"Actual Startup Time": 2448.558,"Actual Total Time": 2534.429,"Actual Rows": 525,"Actual Loops": 1,"Workers Planned": 2,"Workers Launched": 2,"Plans": [{"Node Type": "Aggregate","Strategy": "Sorted","Partial Mode": "Partial","Parent Relationship": "Outer","Parallel Aware": false,"Async Capable": false,"Startup Cost": 40381.01,"Total Cost": 40382.80,"Plan Rows": 51,"Plan Width": 168,"Actual Startup Time": 2320.131,"Actual Total Time": 2442.177,"Actual Rows": 175,"Actual Loops": 3,"Group Key": ["nation.n_name", "(EXTRACT(year FROM orders.o_orderdate))"],"Workers": [],"Plans": [{"Node Type": "Sort","Parent Relationship": "Outer","Parallel Aware": false,"Async Capable": false,"Startup Cost": 40381.01,"Total Cost": 40381.14,"Plan Rows": 51,"Plan Width": 159,"Actual Startup Time": 2319.540,"Actual Total Time": 2359.449,"Actual Rows": 108975,"Actual Loops": 3,"Sort Key": ["nation.n_name", "(EXTRACT(year FROM orders.o_orderdate)) DESC"],"Sort Method": "quicksort","Sort Space Used": 13700,"Sort Space Type": "Memory","Workers": [{"Worker Number": 0,"Sort Method": "quicksort","Sort Space Used": 13962,"Sort Space Type": "Memory"},{"Worker Number": 1,"Sort Method": "quicksort","Sort Space Used": 14110,"Sort Space Type": "Memory"}],"Plans": [{"Node Type": "Hash Join","Parent Relationship": "Outer","Parallel Aware": false,"Async Capable": false,"Join Type": "Inner","Startup Cost": 3.13,"Total Cost": 40379.57,"Plan Rows": 51,"Plan Width": 159,"Actual Startup Time": 0.665,"Actual Total Time": 2161.485,"Actual Rows": 108975,"Actual Loops": 3,"Inner Unique": true,"Hash Cond": "(supplier.s_nationkey = nation.n_nationkey)","Workers": [],"Plans": [{"Node Type": "Nested Loop","Parent Relationship": "Outer","Parallel Aware": false,"Async Capable": false,"Join Type": "Inner","Startup Cost": 1.57,"Total Cost": 40377.72,"Plan Rows": 51,"Plan Width": 31,"Actual Startup Time": 0.476,"Actual Total Time": 2130.088,"Actual Rows": 108975,"Actual Loops": 3,"Inner Unique": true,"Workers": [],"Plans": [{"Node Type": "Nested Loop","Parent Relationship": "Outer","Parallel Aware": false,"Async Capable": false,"Join Type": "Inner","Startup Cost": 1.14,"Total Cost": 40354.00,"Plan Rows": 51,"Plan Width": 31,"Actual Startup Time": 0.358,"Actual Total Time": 991.301,"Actual Rows": 108975,"Actual Loops": 3,"Inner Unique": true,"Workers": [],"Plans": [{"Node Type": "Nested Loop","Parent Relationship": "Outer","Parallel Aware": false,"Async Capable": false,"Join Type": "Inner","Startup Cost": 0.86,"Total Cost": 40338.56,"Plan Rows": 51,"Plan Width": 35,"Actual Startup Time": 0.273,"Actual Total Time": 807.397,"Actual Rows": 108975,"Actual Loops": 3,"Inner Unique": false,"Workers": [],"Plans": [{"Node Type": "Nested Loop","Parent Relationship": "Outer","Parallel Aware": false,"Async Capable": false,"Join Type": "Inner","Startup Cost": 0.42,"Total Cost": 22456.59,"Plan Rows": 16835,"Plan Width": 18,"Actual Startup Time": 0.178,"Actual Total Time": 117.714,"Actual Rows": 14541,"Actual Loops": 3,"Inner Unique": false,"Workers": [],"Plans": [{"Node Type": "Seq Scan","Parent Relationship": "Outer","Parallel Aware": true,"Async Capable": false,"Relation Name": "part","Alias": "part","Startup Cost": 0.00,"Total Cost": 5138.67,"Plan Rows": 4209,"Plan Width": 4,"Actual Startup Time": 0.056,"Actual Total Time": 50.629,"Actual Rows": 3635,"Actual Loops": 3,"Filter": "((p_name)::text ~~ '%honeydew%'::text)","Rows Removed by Filter": 63031,"Workers": []},{"Node Type": "Index Scan","Parent Relationship": "Inner","Parallel Aware": false,"Async Capable": false,"Scan Direction": "Forward","Index Name": "idx_partsupp_partkey","Relation Name": "partsupp","Alias": "partsupp","Startup Cost": 0.42,"Total Cost": 4.07,"Plan Rows": 4,"Plan Width": 14,"Actual Startup Time": 0.014,"Actual Total Time": 0.018,"Actual Rows": 4,"Actual Loops": 10906,"Index Cond": "(ps_partkey = part.p_partkey)","Rows Removed by Index Recheck": 0,"Workers": []}]},{"Node Type": "Index Scan","Parent Relationship": "Inner","Parallel Aware": false,"Async Capable": false,"Scan Direction": "Forward","Index Name": "idx_lineitem_part_supp","Relation Name": "lineitem","Alias": "lineitem","Startup Cost": 0.43,"Total Cost": 1.05,"Plan Rows": 1,"Plan Width": 29,"Actual Startup Time": 0.007,"Actual Total Time": 0.046,"Actual Rows": 7,"Actual Loops": 43624,"Index Cond": "((l_partkey = partsupp.ps_partkey) AND (l_suppkey = partsupp.ps_suppkey))","Rows Removed by Index Recheck": 0,"Workers": []}]},{"Node Type": "Index Scan","Parent Relationship": "Inner","Parallel Aware": false,"Async Capable": false,"Scan Direction": "Forward","Index Name": "supplier_pkey","Relation Name": "supplier","Alias": "supplier","Startup Cost": 0.29,"Total Cost": 0.30,"Plan Rows": 1,"Plan Width": 8,"Actual Startup Time": 0.001,"Actual Total Time": 0.001,"Actual Rows": 1,"Actual Loops": 326925,"Index Cond": "(s_suppkey = lineitem.l_suppkey)","Rows Removed by Index Recheck": 0,"Workers": []}]},{"Node Type": "Index Scan","Parent Relationship": "Inner","Parallel Aware": false,"Async Capable": false,"Scan Direction": "Forward","Index Name": "orders_pkey","Relation Name": "orders","Alias": "orders","Startup Cost": 0.43,"Total Cost": 0.47,"Plan Rows": 1,"Plan Width": 8,"Actual Startup Time": 0.010,"Actual Total Time": 0.010,"Actual Rows": 1,"Actual Loops": 326925,"Index Cond": "(o_orderkey = lineitem.l_orderkey)","Rows Removed by Index Recheck": 0,"Workers": []}]},{"Node Type": "Hash","Parent Relationship": "Inner","Parallel Aware": false,"Async Capable": false,"Startup Cost": 1.25,"Total Cost": 1.25,"Plan Rows": 25,"Plan Width": 108,"Actual Startup Time": 0.092,"Actual Total Time": 0.113,"Actual Rows": 25,"Actual Loops": 3,"Hash Buckets": 1024,"Original Hash Buckets": 1024,"Hash Batches": 1,"Original Hash Batches": 1,"Peak Memory Usage": 10,"Workers": [],"Plans": [{"Node Type": "Seq Scan","Parent Relationship": "Outer","Parallel Aware": false,"Async Capable": false,"Relation Name": "nation","Alias": "nation","Startup Cost": 0.00,"Total Cost": 1.25,"Plan Rows": 25,"Plan Width": 108,"Actual Startup Time": 0.053,"Actual Total Time": 0.073,"Actual Rows": 25,"Actual Loops": 3,"Workers": []}]}]}]}]}]}]},"Planning Time": 12.409,"Triggers": [],"Execution Time": 2536.448}]
[{"Plan": {"Node Type": "Aggregate","Strategy": "Sorted","Partial Mode": "Finalize","Parallel Aware": false,"Async Capable": false,"Startup Cost": 49135.04,"Total Cost": 49164.27,"Plan Rows": 195,"Plan Width": 168,"Actual Startup Time": 1722.082,"Actual Total Time": 1834.381,"Actual Rows": 175,"Actual Loops": 1,"Group Key": ["nation.n_name", "(EXTRACT(year FROM orders.o_orderdate))"],"Plans": [{"Node Type": "Gather Merge","Parent Relationship": "Outer","Parallel Aware": false,"Async Capable": false,"Startup Cost": 49135.04,"Total Cost": 49159.45,"Plan Rows": 189,"Plan Width": 168,"Actual Startup Time": 1720.709,"Actual Total Time": 1833.931,"Actual Rows": 700,"Actual Loops": 1,"Workers Planned": 3,"Workers Launched": 3,"Plans": [{"Node Type": "Aggregate","Strategy": "Sorted","Partial Mode": "Partial","Parent Relationship": "Outer","Parallel Aware": false,"Async Capable": false,"Startup Cost": 48135.00,"Total Cost": 48137.21,"Plan Rows": 63,"Plan Width": 168,"Actual Startup Time": 1635.197,"Actual Total Time": 1727.326,"Actual Rows": 175,"Actual Loops": 4,"Group Key": ["nation.n_name", "(EXTRACT(year FROM orders.o_orderdate))"],"Workers": [],"Plans": [{"Node Type": "Sort","Parent Relationship": "Outer","Parallel Aware": false,"Async Capable": false,"Startup Cost": 48135.00,"Total Cost": 48135.16,"Plan Rows": 63,"Plan Width": 159,"Actual Startup Time": 1634.792,"Actual Total Time": 1666.970,"Actual Rows": 80970,"Actual Loops": 4,"Sort Key": ["nation.n_name", "(EXTRACT(year FROM orders.o_orderdate)) DESC"],"Sort Method": "quicksort","Sort Space Used": 11336,"Sort Space Type": "Memory","Workers": [{"Worker Number": 0,"Sort Method": "quicksort","Sort Space Used": 11197,"Sort Space Type": "Memory"},{"Worker Number": 1,"Sort Method": "quicksort","Sort Space Used": 10997,"Sort Space Type": "Memory"},{"Worker Number": 2,"Sort Method": "quicksort","Sort Space Used": 11011,"Sort Space Type": "Memory"}],"Plans": [{"Node Type": "Hash Join","Parent Relationship": "Outer","Parallel Aware": false,"Async Capable": false,"Join Type": "Inner","Startup Cost": 5225.55,"Total Cost": 48133.12,"Plan Rows": 63,"Plan Width": 159,"Actual Startup Time": 20.677,"Actual Total Time": 1535.207,"Actual Rows": 80970,"Actual Loops": 4,"Inner Unique": true,"Hash Cond": "(supplier.s_nationkey = nation.n_nationkey)","Workers": [],"Plans": [{"Node Type": "Nested Loop","Parent Relationship": "Outer","Parallel Aware": false,"Async Capable": false,"Join Type": "Inner","Startup Cost": 5223.99,"Total Cost": 48131.20,"Plan Rows": 63,"Plan Width": 31,"Actual Startup Time": 20.514,"Actual Total Time": 1511.705,"Actual Rows": 80970,"Actual Loops": 4,"Inner Unique": true,"Workers": [],"Plans": [{"Node Type": "Nested Loop","Parent Relationship": "Outer","Parallel Aware": false,"Async Capable": false,"Join Type": "Inner","Startup Cost": 5223.56,"Total Cost": 48101.90,"Plan Rows": 63,"Plan Width": 31,"Actual Startup Time": 20.440,"Actual Total Time": 786.949,"Actual Rows": 80970,"Actual Loops": 4,"Inner Unique": true,"Workers": [],"Plans": [{"Node Type": "Nested Loop","Parent Relationship": "Outer","Parallel Aware": false,"Async Capable": false,"Join Type": "Inner","Startup Cost": 5223.27,"Total Cost": 48082.83,"Plan Rows": 63,"Plan Width": 35,"Actual Startup Time": 20.383,"Actual Total Time": 651.782,"Actual Rows": 80970,"Actual Loops": 4,"Inner Unique": false,"Workers": [],"Plans": [{"Node Type": "Hash Join","Parent Relationship": "Outer","Parallel Aware": true,"Async Capable": false,"Join Type": "Inner","Startup Cost": 5222.84,"Total Cost": 25931.92,"Plan Rows": 20854,"Plan Width": 18,"Actual Startup Time": 20.315,"Actual Total Time": 195.790,"Actual Rows": 10793,"Actual Loops": 4,"Inner Unique": true,"Hash Cond": "(partsupp.ps_partkey = part.p_partkey)","Workers": [],"Plans": [{"Node Type": "Seq Scan","Parent Relationship": "Outer","Parallel Aware": true,"Async Capable": false,"Relation Name": "partsupp","Alias": "partsupp","Startup Cost": 0.00,"Total Cost": 20031.65,"Plan Rows": 258065,"Plan Width": 14,"Actual Startup Time": 0.019,"Actual Total Time": 42.343,"Actual Rows": 200000,"Actual Loops": 4,"Workers": []},{"Node Type": "Hash","Parent Relationship": "Inner","Parallel Aware": true,"Async Capable": false,"Startup Cost": 5138.67,"Total Cost": 5138.67,"Plan Rows": 6734,"Plan Width": 4,"Actual Startup Time": 20.135,"Actual Total Time": 20.146,"Actual Rows": 2698,"Actual Loops": 4,"Hash Buckets": 16384,"Original Hash Buckets": 16384,"Hash Batches": 1,"Original Hash Batches": 1,"Peak Memory Usage": 608,"Workers": [],"Plans": [{"Node Type": "Seq Scan","Parent Relationship": "Outer","Parallel Aware": true,"Async Capable": false,"Relation Name": "part","Alias": "part","Startup Cost": 0.00,"Total Cost": 5138.67,"Plan Rows": 6734,"Plan Width": 4,"Actual Startup Time": 0.059,"Actual Total Time": 18.504,"Actual Rows": 2698,"Actual Loops": 4,"Filter": "((p_name)::text ~~ '%wheat%'::text)","Rows Removed by Filter": 47302,"Workers": []}]}]},{"Node Type": "Index Scan","Parent Relationship": "Inner","Parallel Aware": false,"Async Capable": false,"Scan Direction": "Forward","Index Name": "idx_lineitem_part_supp","Relation Name": "lineitem","Alias": "lineitem","Startup Cost": 0.43,"Total Cost": 1.05,"Plan Rows": 1,"Plan Width": 29,"Actual Startup Time": 0.006,"Actual Total Time": 0.041,"Actual Rows": 8,"Actual Loops": 43172,"Index Cond": "((l_partkey = partsupp.ps_partkey) AND (l_suppkey = partsupp.ps_suppkey))","Rows Removed by Index Recheck": 0,"Workers": []}]},{"Node Type": "Index Scan","Parent Relationship": "Inner","Parallel Aware": false,"Async Capable": false,"Scan Direction": "Forward","Index Name": "supplier_pkey","Relation Name": "supplier","Alias": "supplier","Startup Cost": 0.29,"Total Cost": 0.30,"Plan Rows": 1,"Plan Width": 8,"Actual Startup Time": 0.001,"Actual Total Time": 0.001,"Actual Rows": 1,"Actual Loops": 323878,"Index Cond": "(s_suppkey = lineitem.l_suppkey)","Rows Removed by Index Recheck": 0,"Workers": []}]},{"Node Type": "Index Scan","Parent Relationship": "Inner","Parallel Aware": false,"Async Capable": false,"Scan Direction": "Forward","Index Name": "orders_pkey","Relation Name": "orders","Alias": "orders","Startup Cost": 0.43,"Total Cost": 0.47,"Plan Rows": 1,"Plan Width": 8,"Actual Startup Time": 0.009,"Actual Total Time": 0.009,"Actual Rows": 1,"Actual Loops": 323878,"Index Cond": "(o_orderkey = lineitem.l_orderkey)","Rows Removed by Index Recheck": 0,"Workers": []}]},{"Node Type": "Hash","Parent Relationship": "Inner","Parallel Aware": false,"Async Capable": false,"Startup Cost": 1.25,"Total Cost": 1.25,"Plan Rows": 25,"Plan Width": 108,"Actual Startup Time": 0.071,"Actual Total Time": 0.077,"Actual Rows": 25,"Actual Loops": 4,"Hash Buckets": 1024,"Original Hash Buckets": 1024,"Hash Batches": 1,"Original Hash Batches": 1,"Peak Memory Usage": 10,"Workers": [],"Plans": [{"Node Type": "Seq Scan","Parent Relationship": "Outer","Parallel Aware": false,"Async Capable": false,"Relation Name": "nation","Alias": "nation","Startup Cost": 0.00,"Total Cost": 1.25,"Plan Rows": 25,"Plan Width": 108,"Actual Startup Time": 0.046,"Actual Total Time": 0.053,"Actual Rows": 25,"Actual Loops": 4,"Workers": []}]}]}]}]}]}]},"Planning Time": 10.948,"Triggers": [],"Execution Time": 1835.260}]
[{"Plan": {"Node Type": "Aggregate","Strategy": "Sorted","Partial Mode": "Finalize","Parallel Aware": false,"Async Capable": false,"Startup Cost": 35224.41,"Total Cost": 35237.30,"Plan Rows": 97,"Plan Width": 168,"Actual Startup Time": 2475.030,"Actual Total Time": 2611.476,"Actual Rows": 175,"Actual Loops": 1,"Group Key": ["nation.n_name", "(EXTRACT(year FROM orders.o_orderdate))"],"Plans": [{"Node Type": "Gather Merge","Parent Relationship": "Outer","Parallel Aware": false,"Async Capable": false,"Startup Cost": 35224.41,"Total Cost": 35235.05,"Plan Rows": 80,"Plan Width": 168,"Actual Startup Time": 2473.086,"Actual Total Time": 2611.014,"Actual Rows": 525,"Actual Loops": 1,"Workers Planned": 2,"Workers Launched": 2,"Plans": [{"Node Type": "Aggregate","Strategy": "Sorted","Partial Mode": "Partial","Parent Relationship": "Outer","Parallel Aware": false,"Async Capable": false,"Startup Cost": 34224.39,"Total Cost": 34225.79,"Plan Rows": 40,"Plan Width": 168,"Actual Startup Time": 2358.545,"Actual Total Time": 2496.070,"Actual Rows": 175,"Actual Loops": 3,"Group Key": ["nation.n_name", "(EXTRACT(year FROM orders.o_orderdate))"],"Workers": [],"Plans": [{"Node Type": "Sort","Parent Relationship": "Outer","Parallel Aware": false,"Async Capable": false,"Startup Cost": 34224.39,"Total Cost": 34224.49,"Plan Rows": 40,"Plan Width": 159,"Actual Startup Time": 2357.894,"Actual Total Time": 2405.981,"Actual Rows": 109457,"Actual Loops": 3,"Sort Key": ["nation.n_name", "(EXTRACT(year FROM orders.o_orderdate)) DESC"],"Sort Method": "quicksort","Sort Space Used": 13828,"Sort Space Type": "Memory","Workers": [{"Worker Number": 0,"Sort Method": "quicksort","Sort Space Used": 14027,"Sort Space Type": "Memory"},{"Worker Number": 1,"Sort Method": "quicksort","Sort Space Used": 14059,"Sort Space Type": "Memory"}],"Plans": [{"Node Type": "Hash Join","Parent Relationship": "Outer","Parallel Aware": false,"Async Capable": false,"Join Type": "Inner","Startup Cost": 3.13,"Total Cost": 34223.32,"Plan Rows": 40,"Plan Width": 159,"Actual Startup Time": 0.738,"Actual Total Time": 2199.375,"Actual Rows": 109457,"Actual Loops": 3,"Inner Unique": true,"Hash Cond": "(supplier.s_nationkey = nation.n_nationkey)","Workers": [],"Plans": [{"Node Type": "Nested Loop","Parent Relationship": "Outer","Parallel Aware": false,"Async Capable": false,"Join Type": "Inner","Startup Cost": 1.57,"Total Cost": 34221.53,"Plan Rows": 40,"Plan Width": 31,"Actual Startup Time": 0.531,"Actual Total Time": 2166.679,"Actual Rows": 109457,"Actual Loops": 3,"Inner Unique": true,"Workers": [],"Plans": [{"Node Type": "Nested Loop","Parent Relationship": "Outer","Parallel Aware": false,"Async Capable": false,"Join Type": "Inner","Startup Cost": 1.14,"Total Cost": 34202.93,"Plan Rows": 40,"Plan Width": 31,"Actual Startup Time": 0.420,"Actual Total Time": 1001.631,"Actual Rows": 109457,"Actual Loops": 3,"Inner Unique": true,"Workers": [],"Plans": [{"Node Type": "Nested Loop","Parent Relationship": "Outer","Parallel Aware": false,"Async Capable": false,"Join Type": "Inner","Startup Cost": 0.86,"Total Cost": 34190.82,"Plan Rows": 40,"Plan Width": 35,"Actual Startup Time": 0.331,"Actual Total Time": 814.444,"Actual Rows": 109457,"Actual Loops": 3,"Inner Unique": false,"Workers": [],"Plans": [{"Node Type": "Nested Loop","Parent Relationship": "Outer","Parallel Aware": false,"Async Capable": false,"Join Type": "Inner","Startup Cost": 0.42,"Total Cost": 19885.25,"Plan Rows": 13468,"Plan Width": 18,"Actual Startup Time": 0.213,"Actual Total Time": 119.220,"Actual Rows": 14609,"Actual Loops": 3,"Inner Unique": false,"Workers": [],"Plans": [{"Node Type": "Seq Scan","Parent Relationship": "Outer","Parallel Aware": true,"Async Capable": false,"Relation Name": "part","Alias": "part","Startup Cost": 0.00,"Total Cost": 5138.67,"Plan Rows": 3367,"Plan Width": 4,"Actual Startup Time": 0.050,"Actual Total Time": 50.628,"Actual Rows": 3652,"Actual Loops": 3,"Filter": "((p_name)::text ~~ '%chocolate%'::text)","Rows Removed by Filter": 63014,"Workers": []},{"Node Type": "Index Scan","Parent Relationship": "Inner","Parallel Aware": false,"Async Capable": false,"Scan Direction": "Forward","Index Name": "idx_partsupp_partkey","Relation Name": "partsupp","Alias": "partsupp","Startup Cost": 0.42,"Total Cost": 4.34,"Plan Rows": 4,"Plan Width": 14,"Actual Startup Time": 0.014,"Actual Total Time": 0.018,"Actual Rows": 4,"Actual Loops": 10957,"Index Cond": "(ps_partkey = part.p_partkey)","Rows Removed by Index Recheck": 0,"Workers": []}]},{"Node Type": "Index Scan","Parent Relationship": "Inner","Parallel Aware": false,"Async Capable": false,"Scan Direction": "Forward","Index Name": "idx_lineitem_part_supp","Relation Name": "lineitem","Alias": "lineitem","Startup Cost": 0.43,"Total Cost": 1.05,"Plan Rows": 1,"Plan Width": 29,"Actual Startup Time": 0.007,"Actual Total Time": 0.046,"Actual Rows": 7,"Actual Loops": 43828,"Index Cond": "((l_partkey = partsupp.ps_partkey) AND (l_suppkey = partsupp.ps_suppkey))","Rows Removed by Index Recheck": 0,"Workers": []}]},{"Node Type": "Index Scan","Parent Relationship": "Inner","Parallel Aware": false,"Async Capable": false,"Scan Direction": "Forward","Index Name": "supplier_pkey","Relation Name": "supplier","Alias": "supplier","Startup Cost": 0.29,"Total Cost": 0.30,"Plan Rows": 1,"Plan Width": 8,"Actual Startup Time": 0.001,"Actual Total Time": 0.001,"Actual Rows": 1,"Actual Loops": 328370,"Index Cond": "(s_suppkey = lineitem.l_suppkey)","Rows Removed by Index Recheck": 0,"Workers": []}]},{"Node Type": "Index Scan","Parent Relationship": "Inner","Parallel Aware": false,"Async Capable": false,"Scan Direction": "Forward","Index Name": "orders_pkey","Relation Name": "orders","Alias": "orders","Startup Cost": 0.43,"Total Cost": 0.47,"Plan Rows": 1,"Plan Width": 8,"Actual Startup Time": 0.010,"Actual Total Time": 0.010,"Actual Rows": 1,"Actual Loops": 328370,"Index Cond": "(o_orderkey = lineitem.l_orderkey)","Rows Removed by Index Recheck": 0,"Workers": []}]},{"Node Type": "Hash","Parent Relationship": "Inner","Parallel Aware": false,"Async Capable": false,"Startup Cost": 1.25,"Total Cost": 1.25,"Plan Rows": 25,"Plan Width": 108,"Actual Startup Time": 0.103,"Actual Total Time": 0.114,"Actual Rows": 25,"Actual Loops": 3,"Hash Buckets": 1024,"Original Hash Buckets": 1024,"Hash Batches": 1,"Original Hash Batches": 1,"Peak Memory Usage": 10,"Workers": [],"Plans": [{"Node Type": "Seq Scan","Parent Relationship": "Outer","Parallel Aware": false,"Async Capable": false,"Relation Name": "nation","Alias": "nation","Startup Cost": 0.00,"Total Cost": 1.25,"Plan Rows": 25,"Plan Width": 108,"Actual Startup Time": 0.070,"Actual Total Time": 0.076,"Actual Rows": 25,"Actual Loops": 3,"Workers": []}]}]}]}]}]}]},"Planning Time": 11.795,"Triggers": [],"Execution Time": 2613.200}]
[{"Plan": {"Node Type": "Aggregate","Strategy": "Sorted","Partial Mode": "Finalize","Parallel Aware": false,"Async Capable": false,"Startup Cost": 51920.12,"Total Cost": 51953.05,"Plan Rows": 219,"Plan Width": 168,"Actual Startup Time": 1736.886,"Actual Total Time": 1886.803,"Actual Rows": 175,"Actual Loops": 1,"Group Key": ["nation.n_name", "(EXTRACT(year FROM orders.o_orderdate))"],"Plans": [{"Node Type": "Gather Merge","Parent Relationship": "Outer","Parallel Aware": false,"Async Capable": false,"Startup Cost": 51920.12,"Total Cost": 51947.63,"Plan Rows": 213,"Plan Width": 168,"Actual Startup Time": 1734.752,"Actual Total Time": 1886.193,"Actual Rows": 700,"Actual Loops": 1,"Workers Planned": 3,"Workers Launched": 3,"Plans": [{"Node Type": "Aggregate","Strategy": "Sorted","Partial Mode": "Partial","Parent Relationship": "Outer","Parallel Aware": false,"Async Capable": false,"Startup Cost": 50920.08,"Total Cost": 50922.56,"Plan Rows": 71,"Plan Width": 168,"Actual Startup Time": 1652.291,"Actual Total Time": 1749.811,"Actual Rows": 175,"Actual Loops": 4,"Group Key": ["nation.n_name", "(EXTRACT(year FROM orders.o_orderdate))"],"Workers": [],"Plans": [{"Node Type": "Sort","Parent Relationship": "Outer","Parallel Aware": false,"Async Capable": false,"Startup Cost": 50920.08,"Total Cost": 50920.26,"Plan Rows": 71,"Plan Width": 159,"Actual Startup Time": 1651.742,"Actual Total Time": 1686.315,"Actual Rows": 81570,"Actual Loops": 4,"Sort Key": ["nation.n_name", "(EXTRACT(year FROM orders.o_orderdate)) DESC"],"Sort Method": "quicksort","Sort Space Used": 11359,"Sort Space Type": "Memory","Workers": [{"Worker Number": 0,"Sort Method": "quicksort","Sort Space Used": 11284,"Sort Space Type": "Memory"},{"Worker Number": 1,"Sort Method": "quicksort","Sort Space Used": 11074,"Sort Space Type": "Memory"},{"Worker Number": 2,"Sort Method": "quicksort","Sort Space Used": 11060,"Sort Space Type": "Memory"}],"Plans": [{"Node Type": "Hash Join","Parent Relationship": "Outer","Parallel Aware": false,"Async Capable": false,"Join Type": "Inner","Startup Cost": 5236.07,"Total Cost": 50917.89,"Plan Rows": 71,"Plan Width": 159,"Actual Startup Time": 23.416,"Actual Total Time": 1550.954,"Actual Rows": 81570,"Actual Loops": 4,"Inner Unique": true,"Hash Cond": "(supplier.s_nationkey = nation.n_nationkey)","Workers": [],"Plans": [{"Node Type": "Nested Loop","Parent Relationship": "Outer","Parallel Aware": false,"Async Capable": false,"Join Type": "Inner","Startup Cost": 5234.51,"Total Cost": 50915.94,"Plan Rows": 71,"Plan Width": 31,"Actual Startup Time": 23.259,"Actual Total Time": 1527.695,"Actual Rows": 81570,"Actual Loops": 4,"Inner Unique": true,"Workers": [],"Plans": [{"Node Type": "Nested Loop","Parent Relationship": "Outer","Parallel Aware": false,"Async Capable": false,"Join Type": "Inner","Startup Cost": 5234.08,"Total Cost": 50882.91,"Plan Rows": 71,"Plan Width": 31,"Actual Startup Time": 23.189,"Actual Total Time": 798.846,"Actual Rows": 81570,"Actual Loops": 4,"Inner Unique": true,"Workers": [],"Plans": [{"Node Type": "Nested Loop","Parent Relationship": "Outer","Parallel Aware": false,"Async Capable": false,"Join Type": "Inner","Startup Cost": 5233.80,"Total Cost": 50861.42,"Plan Rows": 71,"Plan Width": 35,"Actual Startup Time": 23.135,"Actual Total Time": 661.971,"Actual Rows": 81570,"Actual Loops": 4,"Inner Unique": false,"Workers": [],"Plans": [{"Node Type": "Hash Join","Parent Relationship": "Outer","Parallel Aware": true,"Async Capable": false,"Join Type": "Inner","Startup Cost": 5233.37,"Total Cost": 25942.44,"Plan Rows": 23460,"Plan Width": 18,"Actual Startup Time": 23.069,"Actual Total Time": 203.690,"Actual Rows": 10893,"Actual Loops": 4,"Inner Unique": true,"Hash Cond": "(partsupp.ps_partkey = part.p_partkey)","Workers": [],"Plans": [{"Node Type": "Seq Scan","Parent Relationship": "Outer","Parallel Aware": true,"Async Capable": false,"Relation Name": "partsupp","Alias": "partsupp","Startup Cost": 0.00,"Total Cost": 20031.65,"Plan Rows": 258065,"Plan Width": 14,"Actual Startup Time": 0.019,"Actual Total Time": 42.732,"Actual Rows": 200000,"Actual Loops": 4,"Workers": []},{"Node Type": "Hash","Parent Relationship": "Inner","Parallel Aware": true,"Async Capable": false,"Startup Cost": 5138.67,"Total Cost": 5138.67,"Plan Rows": 7576,"Plan Width": 4,"Actual Startup Time": 22.827,"Actual Total Time": 22.842,"Actual Rows": 2723,"Actual Loops": 4,"Hash Buckets": 32768,"Original Hash Buckets": 32768,"Hash Batches": 1,"Original Hash Batches": 1,"Peak Memory Usage": 736,"Workers": [],"Plans": [{"Node Type": "Seq Scan","Parent Relationship": "Outer","Parallel Aware": true,"Async Capable": false,"Relation Name": "part","Alias": "part","Startup Cost": 0.00,"Total Cost": 5138.67,"Plan Rows": 7576,"Plan Width": 4,"Actual Startup Time": 0.046,"Actual Total Time": 21.008,"Actual Rows": 2723,"Actual Loops": 4,"Filter": "((p_name)::text ~~ '%lemon%'::text)","Rows Removed by Filter": 47277,"Workers": []}]}]},{"Node Type": "Index Scan","Parent Relationship": "Inner","Parallel Aware": false,"Async Capable": false,"Scan Direction": "Forward","Index Name": "idx_lineitem_part_supp","Relation Name": "lineitem","Alias": "lineitem","Startup Cost": 0.43,"Total Cost": 1.05,"Plan Rows": 1,"Plan Width": 29,"Actual Startup Time": 0.006,"Actual Total Time": 0.041,"Actual Rows": 7,"Actual Loops": 43572,"Index Cond": "((l_partkey = partsupp.ps_partkey) AND (l_suppkey = partsupp.ps_suppkey))","Rows Removed by Index Recheck": 0,"Workers": []}]},{"Node Type": "Index Scan","Parent Relationship": "Inner","Parallel Aware": false,"Async Capable": false,"Scan Direction": "Forward","Index Name": "supplier_pkey","Relation Name": "supplier","Alias": "supplier","Startup Cost": 0.29,"Total Cost": 0.30,"Plan Rows": 1,"Plan Width": 8,"Actual Startup Time": 0.001,"Actual Total Time": 0.001,"Actual Rows": 1,"Actual Loops": 326278,"Index Cond": "(s_suppkey = lineitem.l_suppkey)","Rows Removed by Index Recheck": 0,"Workers": []}]},{"Node Type": "Index Scan","Parent Relationship": "Inner","Parallel Aware": false,"Async Capable": false,"Scan Direction": "Forward","Index Name": "orders_pkey","Relation Name": "orders","Alias": "orders","Startup Cost": 0.43,"Total Cost": 0.47,"Plan Rows": 1,"Plan Width": 8,"Actual Startup Time": 0.009,"Actual Total Time": 0.009,"Actual Rows": 1,"Actual Loops": 326278,"Index Cond": "(o_orderkey = lineitem.l_orderkey)","Rows Removed by Index Recheck": 0,"Workers": []}]},{"Node Type": "Hash","Parent Relationship": "Inner","Parallel Aware": false,"Async Capable": false,"Startup Cost": 1.25,"Total Cost": 1.25,"Plan Rows": 25,"Plan Width": 108,"Actual Startup Time": 0.065,"Actual Total Time": 0.072,"Actual Rows": 25,"Actual Loops": 4,"Hash Buckets": 1024,"Original Hash Buckets": 1024,"Hash Batches": 1,"Original Hash Batches": 1,"Peak Memory Usage": 10,"Workers": [],"Plans": [{"Node Type": "Seq Scan","Parent Relationship": "Outer","Parallel Aware": false,"Async Capable": false,"Relation Name": "nation","Alias": "nation","Startup Cost": 0.00,"Total Cost": 1.25,"Plan Rows": 25,"Plan Width": 108,"Actual Startup Time": 0.043,"Actual Total Time": 0.049,"Actual Rows": 25,"Actual Loops": 4,"Workers": []}]}]}]}]}]}]},"Planning Time": 13.208,"Triggers": [],"Execution Time": 1890.767}]
[{"Plan": {"Node Type": "Aggregate","Strategy": "Sorted","Partial Mode": "Finalize","Parallel Aware": false,"Async Capable": false,"Startup Cost": 47355.08,"Total Cost": 47374.71,"Plan Rows": 146,"Plan Width": 168,"Actual Startup Time": 2440.490,"Actual Total Time": 2625.263,"Actual Rows": 175,"Actual Loops": 1,"Group Key": ["nation.n_name", "(EXTRACT(year FROM orders.o_orderdate))"],"Plans": [{"Node Type": "Gather Merge","Parent Relationship": "Outer","Parallel Aware": false,"Async Capable": false,"Startup Cost": 47355.08,"Total Cost": 47371.30,"Plan Rows": 122,"Plan Width": 168,"Actual Startup Time": 2438.386,"Actual Total Time": 2624.843,"Actual Rows": 525,"Actual Loops": 1,"Workers Planned": 2,"Workers Launched": 2,"Plans": [{"Node Type": "Aggregate","Strategy": "Sorted","Partial Mode": "Partial","Parent Relationship": "Outer","Parallel Aware": false,"Async Capable": false,"Startup Cost": 46355.06,"Total Cost": 46357.20,"Plan Rows": 61,"Plan Width": 168,"Actual Startup Time": 2325.727,"Actual Total Time": 2473.967,"Actual Rows": 175,"Actual Loops": 3,"Group Key": ["nation.n_name", "(EXTRACT(year FROM orders.o_orderdate))"],"Workers": [],"Plans": [{"Node Type": "Sort","Parent Relationship": "Outer","Parallel Aware": false,"Async Capable": false,"Startup Cost": 46355.06,"Total Cost": 46355.21,"Plan Rows": 61,"Plan Width": 159,"Actual Startup Time": 2325.108,"Actual Total Time": 2380.247,"Actual Rows": 108586,"Actual Loops": 3,"Sort Key": ["nation.n_name", "(EXTRACT(year FROM orders.o_orderdate)) DESC"],"Sort Method": "quicksort","Sort Space Used": 14578,"Sort Space Type": "Memory","Workers": [{"Worker Number": 0,"Sort Method": "quicksort","Sort Space Used": 13509,"Sort Space Type": "Memory"},{"Worker Number": 1,"Sort Method": "quicksort","Sort Space Used": 13568,"Sort Space Type": "Memory"}],"Plans": [{"Node Type": "Hash Join","Parent Relationship": "Outer","Parallel Aware": false,"Async Capable": false,"Join Type": "Inner","Startup Cost": 3.13,"Total Cost": 46353.25,"Plan Rows": 61,"Plan Width": 159,"Actual Startup Time": 0.571,"Actual Total Time": 2178.589,"Actual Rows": 108586,"Actual Loops": 3,"Inner Unique": true,"Hash Cond": "(supplier.s_nationkey = nation.n_nationkey)","Workers": [],"Plans": [{"Node Type": "Nested Loop","Parent Relationship": "Outer","Parallel Aware": false,"Async Capable": false,"Join Type": "Inner","Startup Cost": 1.57,"Total Cost": 46351.35,"Plan Rows": 61,"Plan Width": 31,"Actual Startup Time": 0.432,"Actual Total Time": 2147.289,"Actual Rows": 108586,"Actual Loops": 3,"Inner Unique": true,"Workers": [],"Plans": [{"Node Type": "Nested Loop","Parent Relationship": "Outer","Parallel Aware": false,"Async Capable": false,"Join Type": "Inner","Startup Cost": 1.14,"Total Cost": 46322.98,"Plan Rows": 61,"Plan Width": 31,"Actual Startup Time": 0.340,"Actual Total Time": 1002.738,"Actual Rows": 108586,"Actual Loops": 3,"Inner Unique": true,"Workers": [],"Plans": [{"Node Type": "Nested Loop","Parent Relationship": "Outer","Parallel Aware": false,"Async Capable": false,"Join Type": "Inner","Startup Cost": 0.86,"Total Cost": 46304.52,"Plan Rows": 61,"Plan Width": 35,"Actual Startup Time": 0.260,"Actual Total Time": 817.852,"Actual Rows": 108586,"Actual Loops": 3,"Inner Unique": false,"Workers": [],"Plans": [{"Node Type": "Nested Loop","Parent Relationship": "Outer","Parallel Aware": false,"Async Capable": false,"Join Type": "Inner","Startup Cost": 0.42,"Total Cost": 24846.16,"Plan Rows": 20202,"Plan Width": 18,"Actual Startup Time": 0.150,"Actual Total Time": 113.874,"Actual Rows": 14481,"Actual Loops": 3,"Inner Unique": false,"Workers": [],"Plans": [{"Node Type": "Seq Scan","Parent Relationship": "Outer","Parallel Aware": true,"Async Capable": false,"Relation Name": "part","Alias": "part","Startup Cost": 0.00,"Total Cost": 5138.67,"Plan Rows": 5051,"Plan Width": 4,"Actual Startup Time": 0.040,"Actual Total Time": 48.758,"Actual Rows": 3620,"Actual Loops": 3,"Filter": "((p_name)::text ~~ '%chartreuse%'::text)","Rows Removed by Filter": 63046,"Workers": []},{"Node Type": "Index Scan","Parent Relationship": "Inner","Parallel Aware": false,"Async Capable": false,"Scan Direction": "Forward","Index Name": "idx_partsupp_partkey","Relation Name": "partsupp","Alias": "partsupp","Startup Cost": 0.42,"Total Cost": 3.86,"Plan Rows": 4,"Plan Width": 14,"Actual Startup Time": 0.013,"Actual Total Time": 0.017,"Actual Rows": 4,"Actual Loops": 10861,"Index Cond": "(ps_partkey = part.p_partkey)","Rows Removed by Index Recheck": 0,"Workers": []}]},{"Node Type": "Index Scan","Parent Relationship": "Inner","Parallel Aware": false,"Async Capable": false,"Scan Direction": "Forward","Index Name": "idx_lineitem_part_supp","Relation Name": "lineitem","Alias": "lineitem","Startup Cost": 0.43,"Total Cost": 1.05,"Plan Rows": 1,"Plan Width": 29,"Actual Startup Time": 0.007,"Actual Total Time": 0.047,"Actual Rows": 7,"Actual Loops": 43444,"Index Cond": "((l_partkey = partsupp.ps_partkey) AND (l_suppkey = partsupp.ps_suppkey))","Rows Removed by Index Recheck": 0,"Workers": []}]},{"Node Type": "Index Scan","Parent Relationship": "Inner","Parallel Aware": false,"Async Capable": false,"Scan Direction": "Forward","Index Name": "supplier_pkey","Relation Name": "supplier","Alias": "supplier","Startup Cost": 0.29,"Total Cost": 0.30,"Plan Rows": 1,"Plan Width": 8,"Actual Startup Time": 0.001,"Actual Total Time": 0.001,"Actual Rows": 1,"Actual Loops": 325758,"Index Cond": "(s_suppkey = lineitem.l_suppkey)","Rows Removed by Index Recheck": 0,"Workers": []}]},{"Node Type": "Index Scan","Parent Relationship": "Inner","Parallel Aware": false,"Async Capable": false,"Scan Direction": "Forward","Index Name": "orders_pkey","Relation Name": "orders","Alias": "orders","Startup Cost": 0.43,"Total Cost": 0.47,"Plan Rows": 1,"Plan Width": 8,"Actual Startup Time": 0.010,"Actual Total Time": 0.010,"Actual Rows": 1,"Actual Loops": 325758,"Index Cond": "(o_orderkey = lineitem.l_orderkey)","Rows Removed by Index Recheck": 0,"Workers": []}]},{"Node Type": "Hash","Parent Relationship": "Inner","Parallel Aware": false,"Async Capable": false,"Startup Cost": 1.25,"Total Cost": 1.25,"Plan Rows": 25,"Plan Width": 108,"Actual Startup Time": 0.066,"Actual Total Time": 0.077,"Actual Rows": 25,"Actual Loops": 3,"Hash Buckets": 1024,"Original Hash Buckets": 1024,"Hash Batches": 1,"Original Hash Batches": 1,"Peak Memory Usage": 10,"Workers": [],"Plans": [{"Node Type": "Seq Scan","Parent Relationship": "Outer","Parallel Aware": false,"Async Capable": false,"Relation Name": "nation","Alias": "nation","Startup Cost": 0.00,"Total Cost": 1.25,"Plan Rows": 25,"Plan Width": 108,"Actual Startup Time": 0.042,"Actual Total Time": 0.046,"Actual Rows": 25,"Actual Loops": 3,"Workers": []}]}]}]}]}]}]},"Planning Time": 12.561,"Triggers": [],"Execution Time": 2628.191}]
[{"Plan": {"Node Type": "Aggregate","Strategy": "Sorted","Partial Mode": "Finalize","Parallel Aware": false,"Async Capable": false,"Startup Cost": 35224.41,"Total Cost": 35237.30,"Plan Rows": 97,"Plan Width": 168,"Actual Startup Time": 2410.163,"Actual Total Time": 2573.719,"Actual Rows": 175,"Actual Loops": 1,"Group Key": ["nation.n_name", "(EXTRACT(year FROM orders.o_orderdate))"],"Plans": [{"Node Type": "Gather Merge","Parent Relationship": "Outer","Parallel Aware": false,"Async Capable": false,"Startup Cost": 35224.41,"Total Cost": 35235.05,"Plan Rows": 80,"Plan Width": 168,"Actual Startup Time": 2408.338,"Actual Total Time": 2573.326,"Actual Rows": 525,"Actual Loops": 1,"Workers Planned": 2,"Workers Launched": 2,"Plans": [{"Node Type": "Aggregate","Strategy": "Sorted","Partial Mode": "Partial","Parent Relationship": "Outer","Parallel Aware": false,"Async Capable": false,"Startup Cost": 34224.39,"Total Cost": 34225.79,"Plan Rows": 40,"Plan Width": 168,"Actual Startup Time": 2302.691,"Actual Total Time": 2428.274,"Actual Rows": 175,"Actual Loops": 3,"Group Key": ["nation.n_name", "(EXTRACT(year FROM orders.o_orderdate))"],"Workers": [],"Plans": [{"Node Type": "Sort","Parent Relationship": "Outer","Parallel Aware": false,"Async Capable": false,"Startup Cost": 34224.39,"Total Cost": 34224.49,"Plan Rows": 40,"Plan Width": 159,"Actual Startup Time": 2302.042,"Actual Total Time": 2344.248,"Actual Rows": 109402,"Actual Loops": 3,"Sort Key": ["nation.n_name", "(EXTRACT(year FROM orders.o_orderdate)) DESC"],"Sort Method": "quicksort","Sort Space Used": 13601,"Sort Space Type": "Memory","Workers": [{"Worker Number": 0,"Sort Method": "quicksort","Sort Space Used": 14189,"Sort Space Type": "Memory"},{"Worker Number": 1,"Sort Method": "quicksort","Sort Space Used": 14107,"Sort Space Type": "Memory"}],"Plans": [{"Node Type": "Hash Join","Parent Relationship": "Outer","Parallel Aware": false,"Async Capable": false,"Join Type": "Inner","Startup Cost": 3.13,"Total Cost": 34223.32,"Plan Rows": 40,"Plan Width": 159,"Actual Startup Time": 0.735,"Actual Total Time": 2152.784,"Actual Rows": 109402,"Actual Loops": 3,"Inner Unique": true,"Hash Cond": "(supplier.s_nationkey = nation.n_nationkey)","Workers": [],"Plans": [{"Node Type": "Nested Loop","Parent Relationship": "Outer","Parallel Aware": false,"Async Capable": false,"Join Type": "Inner","Startup Cost": 1.57,"Total Cost": 34221.53,"Plan Rows": 40,"Plan Width": 31,"Actual Startup Time": 0.544,"Actual Total Time": 2120.427,"Actual Rows": 109402,"Actual Loops": 3,"Inner Unique": true,"Workers": [],"Plans": [{"Node Type": "Nested Loop","Parent Relationship": "Outer","Parallel Aware": false,"Async Capable": false,"Join Type": "Inner","Startup Cost": 1.14,"Total Cost": 34202.93,"Plan Rows": 40,"Plan Width": 31,"Actual Startup Time": 0.416,"Actual Total Time": 988.040,"Actual Rows": 109402,"Actual Loops": 3,"Inner Unique": true,"Workers": [],"Plans": [{"Node Type": "Nested Loop","Parent Relationship": "Outer","Parallel Aware": false,"Async Capable": false,"Join Type": "Inner","Startup Cost": 0.86,"Total Cost": 34190.82,"Plan Rows": 40,"Plan Width": 35,"Actual Startup Time": 0.319,"Actual Total Time": 803.042,"Actual Rows": 109402,"Actual Loops": 3,"Inner Unique": false,"Workers": [],"Plans": [{"Node Type": "Nested Loop","Parent Relationship": "Outer","Parallel Aware": false,"Async Capable": false,"Join Type": "Inner","Startup Cost": 0.42,"Total Cost": 19885.25,"Plan Rows": 13468,"Plan Width": 18,"Actual Startup Time": 0.207,"Actual Total Time": 118.633,"Actual Rows": 14617,"Actual Loops": 3,"Inner Unique": false,"Workers": [],"Plans": [{"Node Type": "Seq Scan","Parent Relationship": "Outer","Parallel Aware": true,"Async Capable": false,"Relation Name": "part","Alias": "part","Startup Cost": 0.00,"Total Cost": 5138.67,"Plan Rows": 3367,"Plan Width": 4,"Actual Startup Time": 0.078,"Actual Total Time": 50.998,"Actual Rows": 3654,"Actual Loops": 3,"Filter": "((p_name)::text ~~ '%misty%'::text)","Rows Removed by Filter": 63012,"Workers": []},{"Node Type": "Index Scan","Parent Relationship": "Inner","Parallel Aware": false,"Async Capable": false,"Scan Direction": "Forward","Index Name": "idx_partsupp_partkey","Relation Name": "partsupp","Alias": "partsupp","Startup Cost": 0.42,"Total Cost": 4.34,"Plan Rows": 4,"Plan Width": 14,"Actual Startup Time": 0.014,"Actual Total Time": 0.018,"Actual Rows": 4,"Actual Loops": 10963,"Index Cond": "(ps_partkey = part.p_partkey)","Rows Removed by Index Recheck": 0,"Workers": []}]},{"Node Type": "Index Scan","Parent Relationship": "Inner","Parallel Aware": false,"Async Capable": false,"Scan Direction": "Forward","Index Name": "idx_lineitem_part_supp","Relation Name": "lineitem","Alias": "lineitem","Startup Cost": 0.43,"Total Cost": 1.05,"Plan Rows": 1,"Plan Width": 29,"Actual Startup Time": 0.007,"Actual Total Time": 0.045,"Actual Rows": 7,"Actual Loops": 43852,"Index Cond": "((l_partkey = partsupp.ps_partkey) AND (l_suppkey = partsupp.ps_suppkey))","Rows Removed by Index Recheck": 0,"Workers": []}]},{"Node Type": "Index Scan","Parent Relationship": "Inner","Parallel Aware": false,"Async Capable": false,"Scan Direction": "Forward","Index Name": "supplier_pkey","Relation Name": "supplier","Alias": "supplier","Startup Cost": 0.29,"Total Cost": 0.30,"Plan Rows": 1,"Plan Width": 8,"Actual Startup Time": 0.001,"Actual Total Time": 0.001,"Actual Rows": 1,"Actual Loops": 328206,"Index Cond": "(s_suppkey = lineitem.l_suppkey)","Rows Removed by Index Recheck": 0,"Workers": []}]},{"Node Type": "Index Scan","Parent Relationship": "Inner","Parallel Aware": false,"Async Capable": false,"Scan Direction": "Forward","Index Name": "orders_pkey","Relation Name": "orders","Alias": "orders","Startup Cost": 0.43,"Total Cost": 0.47,"Plan Rows": 1,"Plan Width": 8,"Actual Startup Time": 0.010,"Actual Total Time": 0.010,"Actual Rows": 1,"Actual Loops": 328206,"Index Cond": "(o_orderkey = lineitem.l_orderkey)","Rows Removed by Index Recheck": 0,"Workers": []}]},{"Node Type": "Hash","Parent Relationship": "Inner","Parallel Aware": false,"Async Capable": false,"Startup Cost": 1.25,"Total Cost": 1.25,"Plan Rows": 25,"Plan Width": 108,"Actual Startup Time": 0.086,"Actual Total Time": 0.092,"Actual Rows": 25,"Actual Loops": 3,"Hash Buckets": 1024,"Original Hash Buckets": 1024,"Hash Batches": 1,"Original Hash Batches": 1,"Peak Memory Usage": 10,"Workers": [],"Plans": [{"Node Type": "Seq Scan","Parent Relationship": "Outer","Parallel Aware": false,"Async Capable": false,"Relation Name": "nation","Alias": "nation","Startup Cost": 0.00,"Total Cost": 1.25,"Plan Rows": 25,"Plan Width": 108,"Actual Startup Time": 0.060,"Actual Total Time": 0.066,"Actual Rows": 25,"Actual Loops": 3,"Workers": []}]}]}]}]}]}]},"Planning Time": 12.091,"Triggers": [],"Execution Time": 2576.214}]
[{"Plan": {"Node Type": "Aggregate","Strategy": "Sorted","Partial Mode": "Finalize","Parallel Aware": false,"Async Capable": false,"Startup Cost": 47355.08,"Total Cost": 47374.71,"Plan Rows": 146,"Plan Width": 168,"Actual Startup Time": 2378.458,"Actual Total Time": 2522.697,"Actual Rows": 175,"Actual Loops": 1,"Group Key": ["nation.n_name", "(EXTRACT(year FROM orders.o_orderdate))"],"Plans": [{"Node Type": "Gather Merge","Parent Relationship": "Outer","Parallel Aware": false,"Async Capable": false,"Startup Cost": 47355.08,"Total Cost": 47371.30,"Plan Rows": 122,"Plan Width": 168,"Actual Startup Time": 2377.513,"Actual Total Time": 2522.343,"Actual Rows": 525,"Actual Loops": 1,"Workers Planned": 2,"Workers Launched": 2,"Plans": [{"Node Type": "Aggregate","Strategy": "Sorted","Partial Mode": "Partial","Parent Relationship": "Outer","Parallel Aware": false,"Async Capable": false,"Startup Cost": 46355.06,"Total Cost": 46357.20,"Plan Rows": 61,"Plan Width": 168,"Actual Startup Time": 2288.556,"Actual Total Time": 2417.572,"Actual Rows": 175,"Actual Loops": 3,"Group Key": ["nation.n_name", "(EXTRACT(year FROM orders.o_orderdate))"],"Workers": [],"Plans": [{"Node Type": "Sort","Parent Relationship": "Outer","Parallel Aware": false,"Async Capable": false,"Startup Cost": 46355.06,"Total Cost": 46355.21,"Plan Rows": 61,"Plan Width": 159,"Actual Startup Time": 2288.214,"Actual Total Time": 2333.035,"Actual Rows": 106468,"Actual Loops": 3,"Sort Key": ["nation.n_name", "(EXTRACT(year FROM orders.o_orderdate)) DESC"],"Sort Method": "quicksort","Sort Space Used": 14402,"Sort Space Type": "Memory","Workers": [{"Worker Number": 0,"Sort Method": "quicksort","Sort Space Used": 13293,"Sort Space Type": "Memory"},{"Worker Number": 1,"Sort Method": "quicksort","Sort Space Used": 13330,"Sort Space Type": "Memory"}],"Plans": [{"Node Type": "Hash Join","Parent Relationship": "Outer","Parallel Aware": false,"Async Capable": false,"Join Type": "Inner","Startup Cost": 3.13,"Total Cost": 46353.25,"Plan Rows": 61,"Plan Width": 159,"Actual Startup Time": 0.765,"Actual Total Time": 2146.837,"Actual Rows": 106468,"Actual Loops": 3,"Inner Unique": true,"Hash Cond": "(supplier.s_nationkey = nation.n_nationkey)","Workers": [],"Plans": [{"Node Type": "Nested Loop","Parent Relationship": "Outer","Parallel Aware": false,"Async Capable": false,"Join Type": "Inner","Startup Cost": 1.57,"Total Cost": 46351.35,"Plan Rows": 61,"Plan Width": 31,"Actual Startup Time": 0.566,"Actual Total Time": 2116.014,"Actual Rows": 106468,"Actual Loops": 3,"Inner Unique": true,"Workers": [],"Plans": [{"Node Type": "Nested Loop","Parent Relationship": "Outer","Parallel Aware": false,"Async Capable": false,"Join Type": "Inner","Startup Cost": 1.14,"Total Cost": 46322.98,"Plan Rows": 61,"Plan Width": 31,"Actual Startup Time": 0.424,"Actual Total Time": 986.299,"Actual Rows": 106468,"Actual Loops": 3,"Inner Unique": true,"Workers": [],"Plans": [{"Node Type": "Nested Loop","Parent Relationship": "Outer","Parallel Aware": false,"Async Capable": false,"Join Type": "Inner","Startup Cost": 0.86,"Total Cost": 46304.52,"Plan Rows": 61,"Plan Width": 35,"Actual Startup Time": 0.322,"Actual Total Time": 804.474,"Actual Rows": 106468,"Actual Loops": 3,"Inner Unique": false,"Workers": [],"Plans": [{"Node Type": "Nested Loop","Parent Relationship": "Outer","Parallel Aware": false,"Async Capable": false,"Join Type": "Inner","Startup Cost": 0.42,"Total Cost": 24846.16,"Plan Rows": 20202,"Plan Width": 18,"Actual Startup Time": 0.207,"Actual Total Time": 112.316,"Actual Rows": 14219,"Actual Loops": 3,"Inner Unique": false,"Workers": [],"Plans": [{"Node Type": "Seq Scan","Parent Relationship": "Outer","Parallel Aware": true,"Async Capable": false,"Relation Name": "part","Alias": "part","Startup Cost": 0.00,"Total Cost": 5138.67,"Plan Rows": 5051,"Plan Width": 4,"Actual Startup Time": 0.062,"Actual Total Time": 48.140,"Actual Rows": 3555,"Actual Loops": 3,"Filter": "((p_name)::text ~~ '%green%'::text)","Rows Removed by Filter": 63112,"Workers": []},{"Node Type": "Index Scan","Parent Relationship": "Inner","Parallel Aware": false,"Async Capable": false,"Scan Direction": "Forward","Index Name": "idx_partsupp_partkey","Relation Name": "partsupp","Alias": "partsupp","Startup Cost": 0.42,"Total Cost": 3.86,"Plan Rows": 4,"Plan Width": 14,"Actual Startup Time": 0.014,"Actual Total Time": 0.017,"Actual Rows": 4,"Actual Loops": 10664,"Index Cond": "(ps_partkey = part.p_partkey)","Rows Removed by Index Recheck": 0,"Workers": []}]},{"Node Type": "Index Scan","Parent Relationship": "Inner","Parallel Aware": false,"Async Capable": false,"Scan Direction": "Forward","Index Name": "idx_lineitem_part_supp","Relation Name": "lineitem","Alias": "lineitem","Startup Cost": 0.43,"Total Cost": 1.05,"Plan Rows": 1,"Plan Width": 29,"Actual Startup Time": 0.007,"Actual Total Time": 0.047,"Actual Rows": 7,"Actual Loops": 42656,"Index Cond": "((l_partkey = partsupp.ps_partkey) AND (l_suppkey = partsupp.ps_suppkey))","Rows Removed by Index Recheck": 0,"Workers": []}]},{"Node Type": "Index Scan","Parent Relationship": "Inner","Parallel Aware": false,"Async Capable": false,"Scan Direction": "Forward","Index Name": "supplier_pkey","Relation Name": "supplier","Alias": "supplier","Startup Cost": 0.29,"Total Cost": 0.30,"Plan Rows": 1,"Plan Width": 8,"Actual Startup Time": 0.001,"Actual Total Time": 0.001,"Actual Rows": 1,"Actual Loops": 319404,"Index Cond": "(s_suppkey = lineitem.l_suppkey)","Rows Removed by Index Recheck": 0,"Workers": []}]},{"Node Type": "Index Scan","Parent Relationship": "Inner","Parallel Aware": false,"Async Capable": false,"Scan Direction": "Forward","Index Name": "orders_pkey","Relation Name": "orders","Alias": "orders","Startup Cost": 0.43,"Total Cost": 0.47,"Plan Rows": 1,"Plan Width": 8,"Actual Startup Time": 0.010,"Actual Total Time": 0.010,"Actual Rows": 1,"Actual Loops": 319404,"Index Cond": "(o_orderkey = lineitem.l_orderkey)","Rows Removed by Index Recheck": 0,"Workers": []}]},{"Node Type": "Hash","Parent Relationship": "Inner","Parallel Aware": false,"Async Capable": false,"Startup Cost": 1.25,"Total Cost": 1.25,"Plan Rows": 25,"Plan Width": 108,"Actual Startup Time": 0.086,"Actual Total Time": 0.098,"Actual Rows": 25,"Actual Loops": 3,"Hash Buckets": 1024,"Original Hash Buckets": 1024,"Hash Batches": 1,"Original Hash Batches": 1,"Peak Memory Usage": 10,"Workers": [],"Plans": [{"Node Type": "Seq Scan","Parent Relationship": "Outer","Parallel Aware": false,"Async Capable": false,"Relation Name": "nation","Alias": "nation","Startup Cost": 0.00,"Total Cost": 1.25,"Plan Rows": 25,"Plan Width": 108,"Actual Startup Time": 0.058,"Actual Total Time": 0.065,"Actual Rows": 25,"Actual Loops": 3,"Workers": []}]}]}]}]}]}]},"Planning Time": 11.140,"Triggers": [],"Execution Time": 2525.518}]
[{"Plan": {"Node Type": "Aggregate","Strategy": "Sorted","Partial Mode": "Finalize","Parallel Aware": false,"Async Capable": false,"Startup Cost": 47355.08,"Total Cost": 47374.71,"Plan Rows": 146,"Plan Width": 168,"Actual Startup Time": 2443.289,"Actual Total Time": 2646.846,"Actual Rows": 175,"Actual Loops": 1,"Group Key": ["nation.n_name", "(EXTRACT(year FROM orders.o_orderdate))"],"Plans": [{"Node Type": "Gather Merge","Parent Relationship": "Outer","Parallel Aware": false,"Async Capable": false,"Startup Cost": 47355.08,"Total Cost": 47371.30,"Plan Rows": 122,"Plan Width": 168,"Actual Startup Time": 2441.379,"Actual Total Time": 2646.389,"Actual Rows": 525,"Actual Loops": 1,"Workers Planned": 2,"Workers Launched": 2,"Plans": [{"Node Type": "Aggregate","Strategy": "Sorted","Partial Mode": "Partial","Parent Relationship": "Outer","Parallel Aware": false,"Async Capable": false,"Startup Cost": 46355.06,"Total Cost": 46357.20,"Plan Rows": 61,"Plan Width": 168,"Actual Startup Time": 2344.628,"Actual Total Time": 2481.185,"Actual Rows": 175,"Actual Loops": 3,"Group Key": ["nation.n_name", "(EXTRACT(year FROM orders.o_orderdate))"],"Workers": [],"Plans": [{"Node Type": "Sort","Parent Relationship": "Outer","Parallel Aware": false,"Async Capable": false,"Startup Cost": 46355.06,"Total Cost": 46355.21,"Plan Rows": 61,"Plan Width": 159,"Actual Startup Time": 2343.975,"Actual Total Time": 2393.214,"Actual Rows": 108196,"Actual Loops": 3,"Sort Key": ["nation.n_name", "(EXTRACT(year FROM orders.o_orderdate)) DESC"],"Sort Method": "quicksort","Sort Space Used": 14440,"Sort Space Type": "Memory","Workers": [{"Worker Number": 0,"Sort Method": "quicksort","Sort Space Used": 13552,"Sort Space Type": "Memory"},{"Worker Number": 1,"Sort Method": "quicksort","Sort Space Used": 13546,"Sort Space Type": "Memory"}],"Plans": [{"Node Type": "Hash Join","Parent Relationship": "Outer","Parallel Aware": false,"Async Capable": false,"Join Type": "Inner","Startup Cost": 3.13,"Total Cost": 46353.25,"Plan Rows": 61,"Plan Width": 159,"Actual Startup Time": 0.737,"Actual Total Time": 2187.877,"Actual Rows": 108196,"Actual Loops": 3,"Inner Unique": true,"Hash Cond": "(supplier.s_nationkey = nation.n_nationkey)","Workers": [],"Plans": [{"Node Type": "Nested Loop","Parent Relationship": "Outer","Parallel Aware": false,"Async Capable": false,"Join Type": "Inner","Startup Cost": 1.57,"Total Cost": 46351.35,"Plan Rows": 61,"Plan Width": 31,"Actual Startup Time": 0.541,"Actual Total Time": 2156.168,"Actual Rows": 108196,"Actual Loops": 3,"Inner Unique": true,"Workers": [],"Plans": [{"Node Type": "Nested Loop","Parent Relationship": "Outer","Parallel Aware": false,"Async Capable": false,"Join Type": "Inner","Startup Cost": 1.14,"Total Cost": 46322.98,"Plan Rows": 61,"Plan Width": 31,"Actual Startup Time": 0.417,"Actual Total Time": 1004.407,"Actual Rows": 108196,"Actual Loops": 3,"Inner Unique": true,"Workers": [],"Plans": [{"Node Type": "Nested Loop","Parent Relationship": "Outer","Parallel Aware": false,"Async Capable": false,"Join Type": "Inner","Startup Cost": 0.86,"Total Cost": 46304.52,"Plan Rows": 61,"Plan Width": 35,"Actual Startup Time": 0.314,"Actual Total Time": 819.610,"Actual Rows": 108196,"Actual Loops": 3,"Inner Unique": false,"Workers": [],"Plans": [{"Node Type": "Nested Loop","Parent Relationship": "Outer","Parallel Aware": false,"Async Capable": false,"Join Type": "Inner","Startup Cost": 0.42,"Total Cost": 24846.16,"Plan Rows": 20202,"Plan Width": 18,"Actual Startup Time": 0.182,"Actual Total Time": 113.565,"Actual Rows": 14448,"Actual Loops": 3,"Inner Unique": false,"Workers": [],"Plans": [{"Node Type": "Seq Scan","Parent Relationship": "Outer","Parallel Aware": true,"Async Capable": false,"Relation Name": "part","Alias": "part","Startup Cost": 0.00,"Total Cost": 5138.67,"Plan Rows": 5051,"Plan Width": 4,"Actual Startup Time": 0.053,"Actual Total Time": 48.139,"Actual Rows": 3612,"Actual Loops": 3,"Filter": "((p_name)::text ~~ '%pale%'::text)","Rows Removed by Filter": 63055,"Workers": []},{"Node Type": "Index Scan","Parent Relationship": "Inner","Parallel Aware": false,"Async Capable": false,"Scan Direction": "Forward","Index Name": "idx_partsupp_partkey","Relation Name": "partsupp","Alias": "partsupp","Startup Cost": 0.42,"Total Cost": 3.86,"Plan Rows": 4,"Plan Width": 14,"Actual Startup Time": 0.014,"Actual Total Time": 0.017,"Actual Rows": 4,"Actual Loops": 10836,"Index Cond": "(ps_partkey = part.p_partkey)","Rows Removed by Index Recheck": 0,"Workers": []}]},{"Node Type": "Index Scan","Parent Relationship": "Inner","Parallel Aware": false,"Async Capable": false,"Scan Direction": "Forward","Index Name": "idx_lineitem_part_supp","Relation Name": "lineitem","Alias": "lineitem","Startup Cost": 0.43,"Total Cost": 1.05,"Plan Rows": 1,"Plan Width": 29,"Actual Startup Time": 0.007,"Actual Total Time": 0.047,"Actual Rows": 7,"Actual Loops": 43344,"Index Cond": "((l_partkey = partsupp.ps_partkey) AND (l_suppkey = partsupp.ps_suppkey))","Rows Removed by Index Recheck": 0,"Workers": []}]},{"Node Type": "Index Scan","Parent Relationship": "Inner","Parallel Aware": false,"Async Capable": false,"Scan Direction": "Forward","Index Name": "supplier_pkey","Relation Name": "supplier","Alias": "supplier","Startup Cost": 0.29,"Total Cost": 0.30,"Plan Rows": 1,"Plan Width": 8,"Actual Startup Time": 0.001,"Actual Total Time": 0.001,"Actual Rows": 1,"Actual Loops": 324587,"Index Cond": "(s_suppkey = lineitem.l_suppkey)","Rows Removed by Index Recheck": 0,"Workers": []}]},{"Node Type": "Index Scan","Parent Relationship": "Inner","Parallel Aware": false,"Async Capable": false,"Scan Direction": "Forward","Index Name": "orders_pkey","Relation Name": "orders","Alias": "orders","Startup Cost": 0.43,"Total Cost": 0.47,"Plan Rows": 1,"Plan Width": 8,"Actual Startup Time": 0.010,"Actual Total Time": 0.010,"Actual Rows": 1,"Actual Loops": 324587,"Index Cond": "(o_orderkey = lineitem.l_orderkey)","Rows Removed by Index Recheck": 0,"Workers": []}]},{"Node Type": "Hash","Parent Relationship": "Inner","Parallel Aware": false,"Async Capable": false,"Startup Cost": 1.25,"Total Cost": 1.25,"Plan Rows": 25,"Plan Width": 108,"Actual Startup Time": 0.093,"Actual Total Time": 0.102,"Actual Rows": 25,"Actual Loops": 3,"Hash Buckets": 1024,"Original Hash Buckets": 1024,"Hash Batches": 1,"Original Hash Batches": 1,"Peak Memory Usage": 10,"Workers": [],"Plans": [{"Node Type": "Seq Scan","Parent Relationship": "Outer","Parallel Aware": false,"Async Capable": false,"Relation Name": "nation","Alias": "nation","Startup Cost": 0.00,"Total Cost": 1.25,"Plan Rows": 25,"Plan Width": 108,"Actual Startup Time": 0.063,"Actual Total Time": 0.070,"Actual Rows": 25,"Actual Loops": 3,"Workers": []}]}]}]}]}]}]},"Planning Time": 11.644,"Triggers": [],"Execution Time": 2649.913}]
[{"Plan": {"Node Type": "Aggregate","Strategy": "Sorted","Partial Mode": "Finalize","Parallel Aware": false,"Async Capable": false,"Startup Cost": 51920.12,"Total Cost": 51953.05,"Plan Rows": 219,"Plan Width": 168,"Actual Startup Time": 1695.944,"Actual Total Time": 1812.622,"Actual Rows": 175,"Actual Loops": 1,"Group Key": ["nation.n_name", "(EXTRACT(year FROM orders.o_orderdate))"],"Plans": [{"Node Type": "Gather Merge","Parent Relationship": "Outer","Parallel Aware": false,"Async Capable": false,"Startup Cost": 51920.12,"Total Cost": 51947.63,"Plan Rows": 213,"Plan Width": 168,"Actual Startup Time": 1695.015,"Actual Total Time": 1812.175,"Actual Rows": 700,"Actual Loops": 1,"Workers Planned": 3,"Workers Launched": 3,"Plans": [{"Node Type": "Aggregate","Strategy": "Sorted","Partial Mode": "Partial","Parent Relationship": "Outer","Parallel Aware": false,"Async Capable": false,"Startup Cost": 50920.08,"Total Cost": 50922.56,"Plan Rows": 71,"Plan Width": 168,"Actual Startup Time": 1627.056,"Actual Total Time": 1716.761,"Actual Rows": 175,"Actual Loops": 4,"Group Key": ["nation.n_name", "(EXTRACT(year FROM orders.o_orderdate))"],"Workers": [],"Plans": [{"Node Type": "Sort","Parent Relationship": "Outer","Parallel Aware": false,"Async Capable": false,"Startup Cost": 50920.08,"Total Cost": 50920.26,"Plan Rows": 71,"Plan Width": 159,"Actual Startup Time": 1626.699,"Actual Total Time": 1654.684,"Actual Rows": 82048,"Actual Loops": 4,"Sort Key": ["nation.n_name", "(EXTRACT(year FROM orders.o_orderdate)) DESC"],"Sort Method": "quicksort","Sort Space Used": 10998,"Sort Space Type": "Memory","Workers": [{"Worker Number": 0,"Sort Method": "quicksort","Sort Space Used": 11093,"Sort Space Type": "Memory"},{"Worker Number": 1,"Sort Method": "quicksort","Sort Space Used": 11417,"Sort Space Type": "Memory"},{"Worker Number": 2,"Sort Method": "quicksort","Sort Space Used": 11464,"Sort Space Type": "Memory"}],"Plans": [{"Node Type": "Hash Join","Parent Relationship": "Outer","Parallel Aware": false,"Async Capable": false,"Join Type": "Inner","Startup Cost": 5236.07,"Total Cost": 50917.89,"Plan Rows": 71,"Plan Width": 159,"Actual Startup Time": 22.962,"Actual Total Time": 1527.674,"Actual Rows": 82048,"Actual Loops": 4,"Inner Unique": true,"Hash Cond": "(supplier.s_nationkey = nation.n_nationkey)","Workers": [],"Plans": [{"Node Type": "Nested Loop","Parent Relationship": "Outer","Parallel Aware": false,"Async Capable": false,"Join Type": "Inner","Startup Cost": 5234.51,"Total Cost": 50915.94,"Plan Rows": 71,"Plan Width": 31,"Actual Startup Time": 22.797,"Actual Total Time": 1504.364,"Actual Rows": 82048,"Actual Loops": 4,"Inner Unique": true,"Workers": [],"Plans": [{"Node Type": "Nested Loop","Parent Relationship": "Outer","Parallel Aware": false,"Async Capable": false,"Join Type": "Inner","Startup Cost": 5234.08,"Total Cost": 50882.91,"Plan Rows": 71,"Plan Width": 31,"Actual Startup Time": 22.733,"Actual Total Time": 778.868,"Actual Rows": 82048,"Actual Loops": 4,"Inner Unique": true,"Workers": [],"Plans": [{"Node Type": "Nested Loop","Parent Relationship": "Outer","Parallel Aware": false,"Async Capable": false,"Join Type": "Inner","Startup Cost": 5233.80,"Total Cost": 50861.42,"Plan Rows": 71,"Plan Width": 35,"Actual Startup Time": 22.679,"Actual Total Time": 641.061,"Actual Rows": 82048,"Actual Loops": 4,"Inner Unique": false,"Workers": [],"Plans": [{"Node Type": "Hash Join","Parent Relationship": "Outer","Parallel Aware": true,"Async Capable": false,"Join Type": "Inner","Startup Cost": 5233.37,"Total Cost": 25942.44,"Plan Rows": 23460,"Plan Width": 18,"Actual Startup Time": 22.614,"Actual Total Time": 187.868,"Actual Rows": 10922,"Actual Loops": 4,"Inner Unique": true,"Hash Cond": "(partsupp.ps_partkey = part.p_partkey)","Workers": [],"Plans": [{"Node Type": "Seq Scan","Parent Relationship": "Outer","Parallel Aware": true,"Async Capable": false,"Relation Name": "partsupp","Alias": "partsupp","Startup Cost": 0.00,"Total Cost": 20031.65,"Plan Rows": 258065,"Plan Width": 14,"Actual Startup Time": 0.015,"Actual Total Time": 42.277,"Actual Rows": 200000,"Actual Loops": 4,"Workers": []},{"Node Type": "Hash","Parent Relationship": "Inner","Parallel Aware": true,"Async Capable": false,"Startup Cost": 5138.67,"Total Cost": 5138.67,"Plan Rows": 7576,"Plan Width": 4,"Actual Startup Time": 22.401,"Actual Total Time": 22.414,"Actual Rows": 2730,"Actual Loops": 4,"Hash Buckets": 32768,"Original Hash Buckets": 32768,"Hash Batches": 1,"Original Hash Batches": 1,"Peak Memory Usage": 704,"Workers": [],"Plans": [{"Node Type": "Seq Scan","Parent Relationship": "Outer","Parallel Aware": true,"Async Capable": false,"Relation Name": "part","Alias": "part","Startup Cost": 0.00,"Total Cost": 5138.67,"Plan Rows": 7576,"Plan Width": 4,"Actual Startup Time": 0.052,"Actual Total Time": 20.933,"Actual Rows": 2730,"Actual Loops": 4,"Filter": "((p_name)::text ~~ '%navajo%'::text)","Rows Removed by Filter": 47270,"Workers": []}]}]},{"Node Type": "Index Scan","Parent Relationship": "Inner","Parallel Aware": false,"Async Capable": false,"Scan Direction": "Forward","Index Name": "idx_lineitem_part_supp","Relation Name": "lineitem","Alias": "lineitem","Startup Cost": 0.43,"Total Cost": 1.05,"Plan Rows": 1,"Plan Width": 29,"Actual Startup Time": 0.006,"Actual Total Time": 0.040,"Actual Rows": 8,"Actual Loops": 43688,"Index Cond": "((l_partkey = partsupp.ps_partkey) AND (l_suppkey = partsupp.ps_suppkey))","Rows Removed by Index Recheck": 0,"Workers": []}]},{"Node Type": "Index Scan","Parent Relationship": "Inner","Parallel Aware": false,"Async Capable": false,"Scan Direction": "Forward","Index Name": "supplier_pkey","Relation Name": "supplier","Alias": "supplier","Startup Cost": 0.29,"Total Cost": 0.30,"Plan Rows": 1,"Plan Width": 8,"Actual Startup Time": 0.001,"Actual Total Time": 0.001,"Actual Rows": 1,"Actual Loops": 328192,"Index Cond": "(s_suppkey = lineitem.l_suppkey)","Rows Removed by Index Recheck": 0,"Workers": []}]},{"Node Type": "Index Scan","Parent Relationship": "Inner","Parallel Aware": false,"Async Capable": false,"Scan Direction": "Forward","Index Name": "orders_pkey","Relation Name": "orders","Alias": "orders","Startup Cost": 0.43,"Total Cost": 0.47,"Plan Rows": 1,"Plan Width": 8,"Actual Startup Time": 0.008,"Actual Total Time": 0.008,"Actual Rows": 1,"Actual Loops": 328192,"Index Cond": "(o_orderkey = lineitem.l_orderkey)","Rows Removed by Index Recheck": 0,"Workers": []}]},{"Node Type": "Hash","Parent Relationship": "Inner","Parallel Aware": false,"Async Capable": false,"Startup Cost": 1.25,"Total Cost": 1.25,"Plan Rows": 25,"Plan Width": 108,"Actual Startup Time": 0.073,"Actual Total Time": 0.078,"Actual Rows": 25,"Actual Loops": 4,"Hash Buckets": 1024,"Original Hash Buckets": 1024,"Hash Batches": 1,"Original Hash Batches": 1,"Peak Memory Usage": 10,"Workers": [],"Plans": [{"Node Type": "Seq Scan","Parent Relationship": "Outer","Parallel Aware": false,"Async Capable": false,"Relation Name": "nation","Alias": "nation","Startup Cost": 0.00,"Total Cost": 1.25,"Plan Rows": 25,"Plan Width": 108,"Actual Startup Time": 0.041,"Actual Total Time": 0.048,"Actual Rows": 25,"Actual Loops": 4,"Workers": []}]}]}]}]}]}]},"Planning Time": 11.862,"Triggers": [],"Execution Time": 1814.545}]
[{"Plan": {"Node Type": "Aggregate","Strategy": "Sorted","Partial Mode": "Finalize","Parallel Aware": false,"Async Capable": false,"Startup Cost": 41381.04,"Total Cost": 41397.45,"Plan Rows": 122,"Plan Width": 168,"Actual Startup Time": 2415.817,"Actual Total Time": 2576.279,"Actual Rows": 175,"Actual Loops": 1,"Group Key": ["nation.n_name", "(EXTRACT(year FROM orders.o_orderdate))"],"Plans": [{"Node Type": "Gather Merge","Parent Relationship": "Outer","Parallel Aware": false,"Async Capable": false,"Startup Cost": 41381.04,"Total Cost": 41394.60,"Plan Rows": 102,"Plan Width": 168,"Actual Startup Time": 2413.962,"Actual Total Time": 2575.846,"Actual Rows": 525,"Actual Loops": 1,"Workers Planned": 2,"Workers Launched": 2,"Plans": [{"Node Type": "Aggregate","Strategy": "Sorted","Partial Mode": "Partial","Parent Relationship": "Outer","Parallel Aware": false,"Async Capable": false,"Startup Cost": 40381.01,"Total Cost": 40382.80,"Plan Rows": 51,"Plan Width": 168,"Actual Startup Time": 2314.456,"Actual Total Time": 2439.761,"Actual Rows": 175,"Actual Loops": 3,"Group Key": ["nation.n_name", "(EXTRACT(year FROM orders.o_orderdate))"],"Workers": [],"Plans": [{"Node Type": "Sort","Parent Relationship": "Outer","Parallel Aware": false,"Async Capable": false,"Startup Cost": 40381.01,"Total Cost": 40381.14,"Plan Rows": 51,"Plan Width": 159,"Actual Startup Time": 2313.793,"Actual Total Time": 2356.065,"Actual Rows": 108863,"Actual Loops": 3,"Sort Key": ["nation.n_name", "(EXTRACT(year FROM orders.o_orderdate)) DESC"],"Sort Method": "quicksort","Sort Space Used": 13940,"Sort Space Type": "Memory","Workers": [{"Worker Number": 0,"Sort Method": "quicksort","Sort Space Used": 14265,"Sort Space Type": "Memory"},{"Worker Number": 1,"Sort Method": "quicksort","Sort Space Used": 13529,"Sort Space Type": "Memory"}],"Plans": [{"Node Type": "Hash Join","Parent Relationship": "Outer","Parallel Aware": false,"Async Capable": false,"Join Type": "Inner","Startup Cost": 3.13,"Total Cost": 40379.57,"Plan Rows": 51,"Plan Width": 159,"Actual Startup Time": 0.692,"Actual Total Time": 2163.813,"Actual Rows": 108863,"Actual Loops": 3,"Inner Unique": true,"Hash Cond": "(supplier.s_nationkey = nation.n_nationkey)","Workers": [],"Plans": [{"Node Type": "Nested Loop","Parent Relationship": "Outer","Parallel Aware": false,"Async Capable": false,"Join Type": "Inner","Startup Cost": 1.57,"Total Cost": 40377.72,"Plan Rows": 51,"Plan Width": 31,"Actual Startup Time": 0.496,"Actual Total Time": 2131.834,"Actual Rows": 108863,"Actual Loops": 3,"Inner Unique": true,"Workers": [],"Plans": [{"Node Type": "Nested Loop","Parent Relationship": "Outer","Parallel Aware": false,"Async Capable": false,"Join Type": "Inner","Startup Cost": 1.14,"Total Cost": 40354.00,"Plan Rows": 51,"Plan Width": 31,"Actual Startup Time": 0.384,"Actual Total Time": 987.825,"Actual Rows": 108863,"Actual Loops": 3,"Inner Unique": true,"Workers": [],"Plans": [{"Node Type": "Nested Loop","Parent Relationship": "Outer","Parallel Aware": false,"Async Capable": false,"Join Type": "Inner","Startup Cost": 0.86,"Total Cost": 40338.56,"Plan Rows": 51,"Plan Width": 35,"Actual Startup Time": 0.287,"Actual Total Time": 802.632,"Actual Rows": 108863,"Actual Loops": 3,"Inner Unique": false,"Workers": [],"Plans": [{"Node Type": "Nested Loop","Parent Relationship": "Outer","Parallel Aware": false,"Async Capable": false,"Join Type": "Inner","Startup Cost": 0.42,"Total Cost": 22456.59,"Plan Rows": 16835,"Plan Width": 18,"Actual Startup Time": 0.178,"Actual Total Time": 118.628,"Actual Rows": 14540,"Actual Loops": 3,"Inner Unique": false,"Workers": [],"Plans": [{"Node Type": "Seq Scan","Parent Relationship": "Outer","Parallel Aware": true,"Async Capable": false,"Relation Name": "part","Alias": "part","Startup Cost": 0.00,"Total Cost": 5138.67,"Plan Rows": 4209,"Plan Width": 4,"Actual Startup Time": 0.055,"Actual Total Time": 50.445,"Actual Rows": 3635,"Actual Loops": 3,"Filter": "((p_name)::text ~~ '%powder%'::text)","Rows Removed by Filter": 63032,"Workers": []},{"Node Type": "Index Scan","Parent Relationship": "Inner","Parallel Aware": false,"Async Capable": false,"Scan Direction": "Forward","Index Name": "idx_partsupp_partkey","Relation Name": "partsupp","Alias": "partsupp","Startup Cost": 0.42,"Total Cost": 4.07,"Plan Rows": 4,"Plan Width": 14,"Actual Startup Time": 0.014,"Actual Total Time": 0.018,"Actual Rows": 4,"Actual Loops": 10905,"Index Cond": "(ps_partkey = part.p_partkey)","Rows Removed by Index Recheck": 0,"Workers": []}]},{"Node Type": "Index Scan","Parent Relationship": "Inner","Parallel Aware": false,"Async Capable": false,"Scan Direction": "Forward","Index Name": "idx_lineitem_part_supp","Relation Name": "lineitem","Alias": "lineitem","Startup Cost": 0.43,"Total Cost": 1.05,"Plan Rows": 1,"Plan Width": 29,"Actual Startup Time": 0.007,"Actual Total Time": 0.045,"Actual Rows": 7,"Actual Loops": 43620,"Index Cond": "((l_partkey = partsupp.ps_partkey) AND (l_suppkey = partsupp.ps_suppkey))","Rows Removed by Index Recheck": 0,"Workers": []}]},{"Node Type": "Index Scan","Parent Relationship": "Inner","Parallel Aware": false,"Async Capable": false,"Scan Direction": "Forward","Index Name": "supplier_pkey","Relation Name": "supplier","Alias": "supplier","Startup Cost": 0.29,"Total Cost": 0.30,"Plan Rows": 1,"Plan Width": 8,"Actual Startup Time": 0.001,"Actual Total Time": 0.001,"Actual Rows": 1,"Actual Loops": 326589,"Index Cond": "(s_suppkey = lineitem.l_suppkey)","Rows Removed by Index Recheck": 0,"Workers": []}]},{"Node Type": "Index Scan","Parent Relationship": "Inner","Parallel Aware": false,"Async Capable": false,"Scan Direction": "Forward","Index Name": "orders_pkey","Relation Name": "orders","Alias": "orders","Startup Cost": 0.43,"Total Cost": 0.47,"Plan Rows": 1,"Plan Width": 8,"Actual Startup Time": 0.010,"Actual Total Time": 0.010,"Actual Rows": 1,"Actual Loops": 326589,"Index Cond": "(o_orderkey = lineitem.l_orderkey)","Rows Removed by Index Recheck": 0,"Workers": []}]},{"Node Type": "Hash","Parent Relationship": "Inner","Parallel Aware": false,"Async Capable": false,"Startup Cost": 1.25,"Total Cost": 1.25,"Plan Rows": 25,"Plan Width": 108,"Actual Startup Time": 0.092,"Actual Total Time": 0.101,"Actual Rows": 25,"Actual Loops": 3,"Hash Buckets": 1024,"Original Hash Buckets": 1024,"Hash Batches": 1,"Original Hash Batches": 1,"Peak Memory Usage": 10,"Workers": [],"Plans": [{"Node Type": "Seq Scan","Parent Relationship": "Outer","Parallel Aware": false,"Async Capable": false,"Relation Name": "nation","Alias": "nation","Startup Cost": 0.00,"Total Cost": 1.25,"Plan Rows": 25,"Plan Width": 108,"Actual Startup Time": 0.056,"Actual Total Time": 0.062,"Actual Rows": 25,"Actual Loops": 3,"Workers": []}]}]}]}]}]}]},"Planning Time": 11.856,"Triggers": [],"Execution Time": 2578.474}]
[{"Plan": {"Node Type": "Aggregate","Strategy": "Sorted","Partial Mode": "Finalize","Parallel Aware": false,"Async Capable": false,"Startup Cost": 35224.41,"Total Cost": 35237.30,"Plan Rows": 97,"Plan Width": 168,"Actual Startup Time": 2446.740,"Actual Total Time": 2527.570,"Actual Rows": 175,"Actual Loops": 1,"Group Key": ["nation.n_name", "(EXTRACT(year FROM orders.o_orderdate))"],"Plans": [{"Node Type": "Gather Merge","Parent Relationship": "Outer","Parallel Aware": false,"Async Capable": false,"Startup Cost": 35224.41,"Total Cost": 35235.05,"Plan Rows": 80,"Plan Width": 168,"Actual Startup Time": 2445.319,"Actual Total Time": 2527.159,"Actual Rows": 525,"Actual Loops": 1,"Workers Planned": 2,"Workers Launched": 2,"Plans": [{"Node Type": "Aggregate","Strategy": "Sorted","Partial Mode": "Partial","Parent Relationship": "Outer","Parallel Aware": false,"Async Capable": false,"Startup Cost": 34224.39,"Total Cost": 34225.79,"Plan Rows": 40,"Plan Width": 168,"Actual Startup Time": 2302.062,"Actual Total Time": 2432.417,"Actual Rows": 175,"Actual Loops": 3,"Group Key": ["nation.n_name", "(EXTRACT(year FROM orders.o_orderdate))"],"Workers": [],"Plans": [{"Node Type": "Sort","Parent Relationship": "Outer","Parallel Aware": false,"Async Capable": false,"Startup Cost": 34224.39,"Total Cost": 34224.49,"Plan Rows": 40,"Plan Width": 159,"Actual Startup Time": 2301.394,"Actual Total Time": 2345.621,"Actual Rows": 109556,"Actual Loops": 3,"Sort Key": ["nation.n_name", "(EXTRACT(year FROM orders.o_orderdate)) DESC"],"Sort Method": "quicksort","Sort Space Used": 13628,"Sort Space Type": "Memory","Workers": [{"Worker Number": 0,"Sort Method": "quicksort","Sort Space Used": 14173,"Sort Space Type": "Memory"},{"Worker Number": 1,"Sort Method": "quicksort","Sort Space Used": 14136,"Sort Space Type": "Memory"}],"Plans": [{"Node Type": "Hash Join","Parent Relationship": "Outer","Parallel Aware": false,"Async Capable": false,"Join Type": "Inner","Startup Cost": 3.13,"Total Cost": 34223.32,"Plan Rows": 40,"Plan Width": 159,"Actual Startup Time": 0.808,"Actual Total Time": 2152.387,"Actual Rows": 109556,"Actual Loops": 3,"Inner Unique": true,"Hash Cond": "(supplier.s_nationkey = nation.n_nationkey)","Workers": [],"Plans": [{"Node Type": "Nested Loop","Parent Relationship": "Outer","Parallel Aware": false,"Async Capable": false,"Join Type": "Inner","Startup Cost": 1.57,"Total Cost": 34221.53,"Plan Rows": 40,"Plan Width": 31,"Actual Startup Time": 0.597,"Actual Total Time": 2120.724,"Actual Rows": 109556,"Actual Loops": 3,"Inner Unique": true,"Workers": [],"Plans": [{"Node Type": "Nested Loop","Parent Relationship": "Outer","Parallel Aware": false,"Async Capable": false,"Join Type": "Inner","Startup Cost": 1.14,"Total Cost": 34202.93,"Plan Rows": 40,"Plan Width": 31,"Actual Startup Time": 0.482,"Actual Total Time": 981.866,"Actual Rows": 109556,"Actual Loops": 3,"Inner Unique": true,"Workers": [],"Plans": [{"Node Type": "Nested Loop","Parent Relationship": "Outer","Parallel Aware": false,"Async Capable": false,"Join Type": "Inner","Startup Cost": 0.86,"Total Cost": 34190.82,"Plan Rows": 40,"Plan Width": 35,"Actual Startup Time": 0.370,"Actual Total Time": 797.400,"Actual Rows": 109556,"Actual Loops": 3,"Inner Unique": false,"Workers": [],"Plans": [{"Node Type": "Nested Loop","Parent Relationship": "Outer","Parallel Aware": false,"Async Capable": false,"Join Type": "Inner","Startup Cost": 0.42,"Total Cost": 19885.25,"Plan Rows": 13468,"Plan Width": 18,"Actual Startup Time": 0.230,"Actual Total Time": 117.251,"Actual Rows": 14572,"Actual Loops": 3,"Inner Unique": false,"Workers": [],"Plans": [{"Node Type": "Seq Scan","Parent Relationship": "Outer","Parallel Aware": true,"Async Capable": false,"Relation Name": "part","Alias": "part","Startup Cost": 0.00,"Total Cost": 5138.67,"Plan Rows": 3367,"Plan Width": 4,"Actual Startup Time": 0.067,"Actual Total Time": 50.326,"Actual Rows": 3643,"Actual Loops": 3,"Filter": "((p_name)::text ~~ '%grey%'::text)","Rows Removed by Filter": 63024,"Workers": []},{"Node Type": "Index Scan","Parent Relationship": "Inner","Parallel Aware": false,"Async Capable": false,"Scan Direction": "Forward","Index Name": "idx_partsupp_partkey","Relation Name": "partsupp","Alias": "partsupp","Startup Cost": 0.42,"Total Cost": 4.34,"Plan Rows": 4,"Plan Width": 14,"Actual Startup Time": 0.014,"Actual Total Time": 0.018,"Actual Rows": 4,"Actual Loops": 10929,"Index Cond": "(ps_partkey = part.p_partkey)","Rows Removed by Index Recheck": 0,"Workers": []}]},{"Node Type": "Index Scan","Parent Relationship": "Inner","Parallel Aware": false,"Async Capable": false,"Scan Direction": "Forward","Index Name": "idx_lineitem_part_supp","Relation Name": "lineitem","Alias": "lineitem","Startup Cost": 0.43,"Total Cost": 1.05,"Plan Rows": 1,"Plan Width": 29,"Actual Startup Time": 0.007,"Actual Total Time": 0.045,"Actual Rows": 8,"Actual Loops": 43716,"Index Cond": "((l_partkey = partsupp.ps_partkey) AND (l_suppkey = partsupp.ps_suppkey))","Rows Removed by Index Recheck": 0,"Workers": []}]},{"Node Type": "Index Scan","Parent Relationship": "Inner","Parallel Aware": false,"Async Capable": false,"Scan Direction": "Forward","Index Name": "supplier_pkey","Relation Name": "supplier","Alias": "supplier","Startup Cost": 0.29,"Total Cost": 0.30,"Plan Rows": 1,"Plan Width": 8,"Actual Startup Time": 0.001,"Actual Total Time": 0.001,"Actual Rows": 1,"Actual Loops": 328668,"Index Cond": "(s_suppkey = lineitem.l_suppkey)","Rows Removed by Index Recheck": 0,"Workers": []}]},{"Node Type": "Index Scan","Parent Relationship": "Inner","Parallel Aware": false,"Async Capable": false,"Scan Direction": "Forward","Index Name": "orders_pkey","Relation Name": "orders","Alias": "orders","Startup Cost": 0.43,"Total Cost": 0.47,"Plan Rows": 1,"Plan Width": 8,"Actual Startup Time": 0.010,"Actual Total Time": 0.010,"Actual Rows": 1,"Actual Loops": 328668,"Index Cond": "(o_orderkey = lineitem.l_orderkey)","Rows Removed by Index Recheck": 0,"Workers": []}]},{"Node Type": "Hash","Parent Relationship": "Inner","Parallel Aware": false,"Async Capable": false,"Startup Cost": 1.25,"Total Cost": 1.25,"Plan Rows": 25,"Plan Width": 108,"Actual Startup Time": 0.086,"Actual Total Time": 0.097,"Actual Rows": 25,"Actual Loops": 3,"Hash Buckets": 1024,"Original Hash Buckets": 1024,"Hash Batches": 1,"Original Hash Batches": 1,"Peak Memory Usage": 10,"Workers": [],"Plans": [{"Node Type": "Seq Scan","Parent Relationship": "Outer","Parallel Aware": false,"Async Capable": false,"Relation Name": "nation","Alias": "nation","Startup Cost": 0.00,"Total Cost": 1.25,"Plan Rows": 25,"Plan Width": 108,"Actual Startup Time": 0.056,"Actual Total Time": 0.063,"Actual Rows": 25,"Actual Loops": 3,"Workers": []}]}]}]}]}]}]},"Planning Time": 11.608,"Triggers": [],"Execution Time": 2530.681}]
[{"Plan": {"Node Type": "Aggregate","Strategy": "Sorted","Partial Mode": "Finalize","Parallel Aware": false,"Async Capable": false,"Startup Cost": 28858.40,"Total Cost": 28868.07,"Plan Rows": 73,"Plan Width": 168,"Actual Startup Time": 2429.484,"Actual Total Time": 2565.453,"Actual Rows": 175,"Actual Loops": 1,"Group Key": ["nation.n_name", "(EXTRACT(year FROM orders.o_orderdate))"],"Plans": [{"Node Type": "Gather Merge","Parent Relationship": "Outer","Parallel Aware": false,"Async Capable": false,"Startup Cost": 28858.40,"Total Cost": 28866.38,"Plan Rows": 60,"Plan Width": 168,"Actual Startup Time": 2427.372,"Actual Total Time": 2564.947,"Actual Rows": 525,"Actual Loops": 1,"Workers Planned": 2,"Workers Launched": 2,"Plans": [{"Node Type": "Aggregate","Strategy": "Sorted","Partial Mode": "Partial","Parent Relationship": "Outer","Parallel Aware": false,"Async Capable": false,"Startup Cost": 27858.38,"Total Cost": 27859.43,"Plan Rows": 30,"Plan Width": 168,"Actual Startup Time": 2302.543,"Actual Total Time": 2425.776,"Actual Rows": 175,"Actual Loops": 3,"Group Key": ["nation.n_name", "(EXTRACT(year FROM orders.o_orderdate))"],"Workers": [],"Plans": [{"Node Type": "Sort","Parent Relationship": "Outer","Parallel Aware": false,"Async Capable": false,"Startup Cost": 27858.38,"Total Cost": 27858.46,"Plan Rows": 30,"Plan Width": 159,"Actual Startup Time": 2301.927,"Actual Total Time": 2343.346,"Actual Rows": 109583,"Actual Loops": 3,"Sort Key": ["nation.n_name", "(EXTRACT(year FROM orders.o_orderdate)) DESC"],"Sort Method": "quicksort","Sort Space Used": 13696,"Sort Space Type": "Memory","Workers": [{"Worker Number": 0,"Sort Method": "quicksort","Sort Space Used": 14018,"Sort Space Type": "Memory"},{"Worker Number": 1,"Sort Method": "quicksort","Sort Space Used": 14244,"Sort Space Type": "Memory"}],"Plans": [{"Node Type": "Hash Join","Parent Relationship": "Outer","Parallel Aware": false,"Async Capable": false,"Join Type": "Inner","Startup Cost": 3.13,"Total Cost": 27857.64,"Plan Rows": 30,"Plan Width": 159,"Actual Startup Time": 0.607,"Actual Total Time": 2151.913,"Actual Rows": 109583,"Actual Loops": 3,"Inner Unique": true,"Hash Cond": "(supplier.s_nationkey = nation.n_nationkey)","Workers": [],"Plans": [{"Node Type": "Nested Loop","Parent Relationship": "Outer","Parallel Aware": false,"Async Capable": false,"Join Type": "Inner","Startup Cost": 1.57,"Total Cost": 27855.92,"Plan Rows": 30,"Plan Width": 31,"Actual Startup Time": 0.460,"Actual Total Time": 2120.412,"Actual Rows": 109583,"Actual Loops": 3,"Inner Unique": true,"Workers": [],"Plans": [{"Node Type": "Nested Loop","Parent Relationship": "Outer","Parallel Aware": false,"Async Capable": false,"Join Type": "Inner","Startup Cost": 1.14,"Total Cost": 27841.96,"Plan Rows": 30,"Plan Width": 31,"Actual Startup Time": 0.341,"Actual Total Time": 990.093,"Actual Rows": 109583,"Actual Loops": 3,"Inner Unique": true,"Workers": [],"Plans": [{"Node Type": "Nested Loop","Parent Relationship": "Outer","Parallel Aware": false,"Async Capable": false,"Join Type": "Inner","Startup Cost": 0.86,"Total Cost": 27832.88,"Plan Rows": 30,"Plan Width": 35,"Actual Startup Time": 0.270,"Actual Total Time": 805.529,"Actual Rows": 109583,"Actual Loops": 3,"Inner Unique": false,"Workers": [],"Plans": [{"Node Type": "Nested Loop","Parent Relationship": "Outer","Parallel Aware": false,"Async Capable": false,"Join Type": "Inner","Startup Cost": 0.42,"Total Cost": 17103.70,"Plan Rows": 10101,"Plan Width": 18,"Actual Startup Time": 0.172,"Actual Total Time": 119.406,"Actual Rows": 14584,"Actual Loops": 3,"Inner Unique": false,"Workers": [],"Plans": [{"Node Type": "Seq Scan","Parent Relationship": "Outer","Parallel Aware": true,"Async Capable": false,"Relation Name": "part","Alias": "part","Startup Cost": 0.00,"Total Cost": 5138.67,"Plan Rows": 2525,"Plan Width": 4,"Actual Startup Time": 0.054,"Actual Total Time": 51.261,"Actual Rows": 3646,"Actual Loops": 3,"Filter": "((p_name)::text ~~ '%drab%'::text)","Rows Removed by Filter": 63021,"Workers": []},{"Node Type": "Index Scan","Parent Relationship": "Inner","Parallel Aware": false,"Async Capable": false,"Scan Direction": "Forward","Index Name": "idx_partsupp_partkey","Relation Name": "partsupp","Alias": "partsupp","Startup Cost": 0.42,"Total Cost": 4.70,"Plan Rows": 4,"Plan Width": 14,"Actual Startup Time": 0.014,"Actual Total Time": 0.018,"Actual Rows": 4,"Actual Loops": 10938,"Index Cond": "(ps_partkey = part.p_partkey)","Rows Removed by Index Recheck": 0,"Workers": []}]},{"Node Type": "Index Scan","Parent Relationship": "Inner","Parallel Aware": false,"Async Capable": false,"Scan Direction": "Forward","Index Name": "idx_lineitem_part_supp","Relation Name": "lineitem","Alias": "lineitem","Startup Cost": 0.43,"Total Cost": 1.05,"Plan Rows": 1,"Plan Width": 29,"Actual Startup Time": 0.007,"Actual Total Time": 0.045,"Actual Rows": 8,"Actual Loops": 43752,"Index Cond": "((l_partkey = partsupp.ps_partkey) AND (l_suppkey = partsupp.ps_suppkey))","Rows Removed by Index Recheck": 0,"Workers": []}]},{"Node Type": "Index Scan","Parent Relationship": "Inner","Parallel Aware": false,"Async Capable": false,"Scan Direction": "Forward","Index Name": "supplier_pkey","Relation Name": "supplier","Alias": "supplier","Startup Cost": 0.29,"Total Cost": 0.30,"Plan Rows": 1,"Plan Width": 8,"Actual Startup Time": 0.001,"Actual Total Time": 0.001,"Actual Rows": 1,"Actual Loops": 328749,"Index Cond": "(s_suppkey = lineitem.l_suppkey)","Rows Removed by Index Recheck": 0,"Workers": []}]},{"Node Type": "Index Scan","Parent Relationship": "Inner","Parallel Aware": false,"Async Capable": false,"Scan Direction": "Forward","Index Name": "orders_pkey","Relation Name": "orders","Alias": "orders","Startup Cost": 0.43,"Total Cost": 0.47,"Plan Rows": 1,"Plan Width": 8,"Actual Startup Time": 0.010,"Actual Total Time": 0.010,"Actual Rows": 1,"Actual Loops": 328749,"Index Cond": "(o_orderkey = lineitem.l_orderkey)","Rows Removed by Index Recheck": 0,"Workers": []}]},{"Node Type": "Hash","Parent Relationship": "Inner","Parallel Aware": false,"Async Capable": false,"Startup Cost": 1.25,"Total Cost": 1.25,"Plan Rows": 25,"Plan Width": 108,"Actual Startup Time": 0.072,"Actual Total Time": 0.091,"Actual Rows": 25,"Actual Loops": 3,"Hash Buckets": 1024,"Original Hash Buckets": 1024,"Hash Batches": 1,"Original Hash Batches": 1,"Peak Memory Usage": 10,"Workers": [],"Plans": [{"Node Type": "Seq Scan","Parent Relationship": "Outer","Parallel Aware": false,"Async Capable": false,"Relation Name": "nation","Alias": "nation","Startup Cost": 0.00,"Total Cost": 1.25,"Plan Rows": 25,"Plan Width": 108,"Actual Startup Time": 0.048,"Actual Total Time": 0.059,"Actual Rows": 25,"Actual Loops": 3,"Workers": []}]}]}]}]}]}]},"Planning Time": 12.042,"Triggers": [],"Execution Time": 2567.199}]
[{"Plan": {"Node Type": "Aggregate","Strategy": "Sorted","Partial Mode": "Finalize","Parallel Aware": false,"Async Capable": false,"Startup Cost": 35224.41,"Total Cost": 35237.30,"Plan Rows": 97,"Plan Width": 168,"Actual Startup Time": 2444.138,"Actual Total Time": 2542.472,"Actual Rows": 175,"Actual Loops": 1,"Group Key": ["nation.n_name", "(EXTRACT(year FROM orders.o_orderdate))"],"Plans": [{"Node Type": "Gather Merge","Parent Relationship": "Outer","Parallel Aware": false,"Async Capable": false,"Startup Cost": 35224.41,"Total Cost": 35235.05,"Plan Rows": 80,"Plan Width": 168,"Actual Startup Time": 2442.420,"Actual Total Time": 2542.094,"Actual Rows": 525,"Actual Loops": 1,"Workers Planned": 2,"Workers Launched": 2,"Plans": [{"Node Type": "Aggregate","Strategy": "Sorted","Partial Mode": "Partial","Parent Relationship": "Outer","Parallel Aware": false,"Async Capable": false,"Startup Cost": 34224.39,"Total Cost": 34225.79,"Plan Rows": 40,"Plan Width": 168,"Actual Startup Time": 2337.842,"Actual Total Time": 2456.025,"Actual Rows": 175,"Actual Loops": 3,"Group Key": ["nation.n_name", "(EXTRACT(year FROM orders.o_orderdate))"],"Workers": [],"Plans": [{"Node Type": "Sort","Parent Relationship": "Outer","Parallel Aware": false,"Async Capable": false,"Startup Cost": 34224.39,"Total Cost": 34224.49,"Plan Rows": 40,"Plan Width": 159,"Actual Startup Time": 2337.234,"Actual Total Time": 2374.843,"Actual Rows": 108757,"Actual Loops": 3,"Sort Key": ["nation.n_name", "(EXTRACT(year FROM orders.o_orderdate)) DESC"],"Sort Method": "quicksort","Sort Space Used": 14638,"Sort Space Type": "Memory","Workers": [{"Worker Number": 0,"Sort Method": "quicksort","Sort Space Used": 13561,"Sort Space Type": "Memory"},{"Worker Number": 1,"Sort Method": "quicksort","Sort Space Used": 13499,"Sort Space Type": "Memory"}],"Plans": [{"Node Type": "Hash Join","Parent Relationship": "Outer","Parallel Aware": false,"Async Capable": false,"Join Type": "Inner","Startup Cost": 3.13,"Total Cost": 34223.32,"Plan Rows": 40,"Plan Width": 159,"Actual Startup Time": 0.556,"Actual Total Time": 2190.470,"Actual Rows": 108757,"Actual Loops": 3,"Inner Unique": true,"Hash Cond": "(supplier.s_nationkey = nation.n_nationkey)","Workers": [],"Plans": [{"Node Type": "Nested Loop","Parent Relationship": "Outer","Parallel Aware": false,"Async Capable": false,"Join Type": "Inner","Startup Cost": 1.57,"Total Cost": 34221.53,"Plan Rows": 40,"Plan Width": 31,"Actual Startup Time": 0.403,"Actual Total Time": 2158.779,"Actual Rows": 108757,"Actual Loops": 3,"Inner Unique": true,"Workers": [],"Plans": [{"Node Type": "Nested Loop","Parent Relationship": "Outer","Parallel Aware": false,"Async Capable": false,"Join Type": "Inner","Startup Cost": 1.14,"Total Cost": 34202.93,"Plan Rows": 40,"Plan Width": 31,"Actual Startup Time": 0.309,"Actual Total Time": 1007.807,"Actual Rows": 108757,"Actual Loops": 3,"Inner Unique": true,"Workers": [],"Plans": [{"Node Type": "Nested Loop","Parent Relationship": "Outer","Parallel Aware": false,"Async Capable": false,"Join Type": "Inner","Startup Cost": 0.86,"Total Cost": 34190.82,"Plan Rows": 40,"Plan Width": 35,"Actual Startup Time": 0.236,"Actual Total Time": 821.703,"Actual Rows": 108757,"Actual Loops": 3,"Inner Unique": false,"Workers": [],"Plans": [{"Node Type": "Nested Loop","Parent Relationship": "Outer","Parallel Aware": false,"Async Capable": false,"Join Type": "Inner","Startup Cost": 0.42,"Total Cost": 19885.25,"Plan Rows": 13468,"Plan Width": 18,"Actual Startup Time": 0.138,"Actual Total Time": 114.586,"Actual Rows": 14501,"Actual Loops": 3,"Inner Unique": false,"Workers": [],"Plans": [{"Node Type": "Seq Scan","Parent Relationship": "Outer","Parallel Aware": true,"Async Capable": false,"Relation Name": "part","Alias": "part","Startup Cost": 0.00,"Total Cost": 5138.67,"Plan Rows": 3367,"Plan Width": 4,"Actual Startup Time": 0.031,"Actual Total Time": 48.710,"Actual Rows": 3625,"Actual Loops": 3,"Filter": "((p_name)::text ~~ '%beige%'::text)","Rows Removed by Filter": 63041,"Workers": []},{"Node Type": "Index Scan","Parent Relationship": "Inner","Parallel Aware": false,"Async Capable": false,"Scan Direction": "Forward","Index Name": "idx_partsupp_partkey","Relation Name": "partsupp","Alias": "partsupp","Startup Cost": 0.42,"Total Cost": 4.34,"Plan Rows": 4,"Plan Width": 14,"Actual Startup Time": 0.014,"Actual Total Time": 0.017,"Actual Rows": 4,"Actual Loops": 10876,"Index Cond": "(ps_partkey = part.p_partkey)","Rows Removed by Index Recheck": 0,"Workers": []}]},{"Node Type": "Index Scan","Parent Relationship": "Inner","Parallel Aware": false,"Async Capable": false,"Scan Direction": "Forward","Index Name": "idx_lineitem_part_supp","Relation Name": "lineitem","Alias": "lineitem","Startup Cost": 0.43,"Total Cost": 1.05,"Plan Rows": 1,"Plan Width": 29,"Actual Startup Time": 0.007,"Actual Total Time": 0.047,"Actual Rows": 7,"Actual Loops": 43504,"Index Cond": "((l_partkey = partsupp.ps_partkey) AND (l_suppkey = partsupp.ps_suppkey))","Rows Removed by Index Recheck": 0,"Workers": []}]},{"Node Type": "Index Scan","Parent Relationship": "Inner","Parallel Aware": false,"Async Capable": false,"Scan Direction": "Forward","Index Name": "supplier_pkey","Relation Name": "supplier","Alias": "supplier","Startup Cost": 0.29,"Total Cost": 0.30,"Plan Rows": 1,"Plan Width": 8,"Actual Startup Time": 0.001,"Actual Total Time": 0.001,"Actual Rows": 1,"Actual Loops": 326272,"Index Cond": "(s_suppkey = lineitem.l_suppkey)","Rows Removed by Index Recheck": 0,"Workers": []}]},{"Node Type": "Index Scan","Parent Relationship": "Inner","Parallel Aware": false,"Async Capable": false,"Scan Direction": "Forward","Index Name": "orders_pkey","Relation Name": "orders","Alias": "orders","Startup Cost": 0.43,"Total Cost": 0.47,"Plan Rows": 1,"Plan Width": 8,"Actual Startup Time": 0.010,"Actual Total Time": 0.010,"Actual Rows": 1,"Actual Loops": 326272,"Index Cond": "(o_orderkey = lineitem.l_orderkey)","Rows Removed by Index Recheck": 0,"Workers": []}]},{"Node Type": "Hash","Parent Relationship": "Inner","Parallel Aware": false,"Async Capable": false,"Startup Cost": 1.25,"Total Cost": 1.25,"Plan Rows": 25,"Plan Width": 108,"Actual Startup Time": 0.080,"Actual Total Time": 0.089,"Actual Rows": 25,"Actual Loops": 3,"Hash Buckets": 1024,"Original Hash Buckets": 1024,"Hash Batches": 1,"Original Hash Batches": 1,"Peak Memory Usage": 10,"Workers": [],"Plans": [{"Node Type": "Seq Scan","Parent Relationship": "Outer","Parallel Aware": false,"Async Capable": false,"Relation Name": "nation","Alias": "nation","Startup Cost": 0.00,"Total Cost": 1.25,"Plan Rows": 25,"Plan Width": 108,"Actual Startup Time": 0.061,"Actual Total Time": 0.065,"Actual Rows": 25,"Actual Loops": 3,"Workers": []}]}]}]}]}]}]},"Planning Time": 11.872,"Triggers": [],"Execution Time": 2543.621}]
[{"Plan": {"Node Type": "Aggregate","Strategy": "Sorted","Partial Mode": "Finalize","Parallel Aware": false,"Async Capable": false,"Startup Cost": 35224.41,"Total Cost": 35237.30,"Plan Rows": 97,"Plan Width": 168,"Actual Startup Time": 2468.334,"Actual Total Time": 2614.615,"Actual Rows": 175,"Actual Loops": 1,"Group Key": ["nation.n_name", "(EXTRACT(year FROM orders.o_orderdate))"],"Plans": [{"Node Type": "Gather Merge","Parent Relationship": "Outer","Parallel Aware": false,"Async Capable": false,"Startup Cost": 35224.41,"Total Cost": 35235.05,"Plan Rows": 80,"Plan Width": 168,"Actual Startup Time": 2467.004,"Actual Total Time": 2614.239,"Actual Rows": 525,"Actual Loops": 1,"Workers Planned": 2,"Workers Launched": 2,"Plans": [{"Node Type": "Aggregate","Strategy": "Sorted","Partial Mode": "Partial","Parent Relationship": "Outer","Parallel Aware": false,"Async Capable": false,"Startup Cost": 34224.39,"Total Cost": 34225.79,"Plan Rows": 40,"Plan Width": 168,"Actual Startup Time": 2350.593,"Actual Total Time": 2488.300,"Actual Rows": 175,"Actual Loops": 3,"Group Key": ["nation.n_name", "(EXTRACT(year FROM orders.o_orderdate))"],"Workers": [],"Plans": [{"Node Type": "Sort","Parent Relationship": "Outer","Parallel Aware": false,"Async Capable": false,"Startup Cost": 34224.39,"Total Cost": 34224.49,"Plan Rows": 40,"Plan Width": 159,"Actual Startup Time": 2349.936,"Actual Total Time": 2400.414,"Actual Rows": 109238,"Actual Loops": 3,"Sort Key": ["nation.n_name", "(EXTRACT(year FROM orders.o_orderdate)) DESC"],"Sort Method": "quicksort","Sort Space Used": 14698,"Sort Space Type": "Memory","Workers": [{"Worker Number": 0,"Sort Method": "quicksort","Sort Space Used": 13564,"Sort Space Type": "Memory"},{"Worker Number": 1,"Sort Method": "quicksort","Sort Space Used": 13587,"Sort Space Type": "Memory"}],"Plans": [{"Node Type": "Hash Join","Parent Relationship": "Outer","Parallel Aware": false,"Async Capable": false,"Join Type": "Inner","Startup Cost": 3.13,"Total Cost": 34223.32,"Plan Rows": 40,"Plan Width": 159,"Actual Startup Time": 0.710,"Actual Total Time": 2199.303,"Actual Rows": 109238,"Actual Loops": 3,"Inner Unique": true,"Hash Cond": "(supplier.s_nationkey = nation.n_nationkey)","Workers": [],"Plans": [{"Node Type": "Nested Loop","Parent Relationship": "Outer","Parallel Aware": false,"Async Capable": false,"Join Type": "Inner","Startup Cost": 1.57,"Total Cost": 34221.53,"Plan Rows": 40,"Plan Width": 31,"Actual Startup Time": 0.515,"Actual Total Time": 2168.211,"Actual Rows": 109238,"Actual Loops": 3,"Inner Unique": true,"Workers": [],"Plans": [{"Node Type": "Nested Loop","Parent Relationship": "Outer","Parallel Aware": false,"Async Capable": false,"Join Type": "Inner","Startup Cost": 1.14,"Total Cost": 34202.93,"Plan Rows": 40,"Plan Width": 31,"Actual Startup Time": 0.366,"Actual Total Time": 1011.087,"Actual Rows": 109238,"Actual Loops": 3,"Inner Unique": true,"Workers": [],"Plans": [{"Node Type": "Nested Loop","Parent Relationship": "Outer","Parallel Aware": false,"Async Capable": false,"Join Type": "Inner","Startup Cost": 0.86,"Total Cost": 34190.82,"Plan Rows": 40,"Plan Width": 35,"Actual Startup Time": 0.280,"Actual Total Time": 824.347,"Actual Rows": 109238,"Actual Loops": 3,"Inner Unique": false,"Workers": [],"Plans": [{"Node Type": "Nested Loop","Parent Relationship": "Outer","Parallel Aware": false,"Async Capable": false,"Join Type": "Inner","Startup Cost": 0.42,"Total Cost": 19885.25,"Plan Rows": 13468,"Plan Width": 18,"Actual Startup Time": 0.177,"Actual Total Time": 115.126,"Actual Rows": 14568,"Actual Loops": 3,"Inner Unique": false,"Workers": [],"Plans": [{"Node Type": "Seq Scan","Parent Relationship": "Outer","Parallel Aware": true,"Async Capable": false,"Relation Name": "part","Alias": "part","Startup Cost": 0.00,"Total Cost": 5138.67,"Plan Rows": 3367,"Plan Width": 4,"Actual Startup Time": 0.049,"Actual Total Time": 48.508,"Actual Rows": 3642,"Actual Loops": 3,"Filter": "((p_name)::text ~~ '%purple%'::text)","Rows Removed by Filter": 63025,"Workers": []},{"Node Type": "Index Scan","Parent Relationship": "Inner","Parallel Aware": false,"Async Capable": false,"Scan Direction": "Forward","Index Name": "idx_partsupp_partkey","Relation Name": "partsupp","Alias": "partsupp","Startup Cost": 0.42,"Total Cost": 4.34,"Plan Rows": 4,"Plan Width": 14,"Actual Startup Time": 0.014,"Actual Total Time": 0.018,"Actual Rows": 4,"Actual Loops": 10926,"Index Cond": "(ps_partkey = part.p_partkey)","Rows Removed by Index Recheck": 0,"Workers": []}]},{"Node Type": "Index Scan","Parent Relationship": "Inner","Parallel Aware": false,"Async Capable": false,"Scan Direction": "Forward","Index Name": "idx_lineitem_part_supp","Relation Name": "lineitem","Alias": "lineitem","Startup Cost": 0.43,"Total Cost": 1.05,"Plan Rows": 1,"Plan Width": 29,"Actual Startup Time": 0.007,"Actual Total Time": 0.047,"Actual Rows": 7,"Actual Loops": 43704,"Index Cond": "((l_partkey = partsupp.ps_partkey) AND (l_suppkey = partsupp.ps_suppkey))","Rows Removed by Index Recheck": 0,"Workers": []}]},{"Node Type": "Index Scan","Parent Relationship": "Inner","Parallel Aware": false,"Async Capable": false,"Scan Direction": "Forward","Index Name": "supplier_pkey","Relation Name": "supplier","Alias": "supplier","Startup Cost": 0.29,"Total Cost": 0.30,"Plan Rows": 1,"Plan Width": 8,"Actual Startup Time": 0.001,"Actual Total Time": 0.001,"Actual Rows": 1,"Actual Loops": 327714,"Index Cond": "(s_suppkey = lineitem.l_suppkey)","Rows Removed by Index Recheck": 0,"Workers": []}]},{"Node Type": "Index Scan","Parent Relationship": "Inner","Parallel Aware": false,"Async Capable": false,"Scan Direction": "Forward","Index Name": "orders_pkey","Relation Name": "orders","Alias": "orders","Startup Cost": 0.43,"Total Cost": 0.47,"Plan Rows": 1,"Plan Width": 8,"Actual Startup Time": 0.010,"Actual Total Time": 0.010,"Actual Rows": 1,"Actual Loops": 327714,"Index Cond": "(o_orderkey = lineitem.l_orderkey)","Rows Removed by Index Recheck": 0,"Workers": []}]},{"Node Type": "Hash","Parent Relationship": "Inner","Parallel Aware": false,"Async Capable": false,"Startup Cost": 1.25,"Total Cost": 1.25,"Plan Rows": 25,"Plan Width": 108,"Actual Startup Time": 0.085,"Actual Total Time": 0.094,"Actual Rows": 25,"Actual Loops": 3,"Hash Buckets": 1024,"Original Hash Buckets": 1024,"Hash Batches": 1,"Original Hash Batches": 1,"Peak Memory Usage": 10,"Workers": [],"Plans": [{"Node Type": "Seq Scan","Parent Relationship": "Outer","Parallel Aware": false,"Async Capable": false,"Relation Name": "nation","Alias": "nation","Startup Cost": 0.00,"Total Cost": 1.25,"Plan Rows": 25,"Plan Width": 108,"Actual Startup Time": 0.054,"Actual Total Time": 0.060,"Actual Rows": 25,"Actual Loops": 3,"Workers": []}]}]}]}]}]}]},"Planning Time": 11.747,"Triggers": [],"Execution Time": 2615.991}]
[{"Plan": {"Node Type": "Aggregate","Strategy": "Sorted","Partial Mode": "Finalize","Parallel Aware": false,"Async Capable": false,"Startup Cost": 15191.58,"Total Cost": 15194.80,"Plan Rows": 24,"Plan Width": 168,"Actual Startup Time": 2580.050,"Actual Total Time": 2695.598,"Actual Rows": 175,"Actual Loops": 1,"Group Key": ["nation.n_name", "(EXTRACT(year FROM orders.o_orderdate))"],"Plans": [{"Node Type": "Gather Merge","Parent Relationship": "Outer","Parallel Aware": false,"Async Capable": false,"Startup Cost": 15191.58,"Total Cost": 15194.24,"Plan Rows": 20,"Plan Width": 168,"Actual Startup Time": 2578.182,"Actual Total Time": 2695.139,"Actual Rows": 525,"Actual Loops": 1,"Workers Planned": 2,"Workers Launched": 2,"Plans": [{"Node Type": "Aggregate","Strategy": "Sorted","Partial Mode": "Partial","Parent Relationship": "Outer","Parallel Aware": false,"Async Capable": false,"Startup Cost": 14191.56,"Total Cost": 14191.91,"Plan Rows": 10,"Plan Width": 168,"Actual Startup Time": 2460.574,"Actual Total Time": 2586.008,"Actual Rows": 175,"Actual Loops": 3,"Group Key": ["nation.n_name", "(EXTRACT(year FROM orders.o_orderdate))"],"Workers": [],"Plans": [{"Node Type": "Sort","Parent Relationship": "Outer","Parallel Aware": false,"Async Capable": false,"Startup Cost": 14191.56,"Total Cost": 14191.59,"Plan Rows": 10,"Plan Width": 159,"Actual Startup Time": 2459.945,"Actual Total Time": 2501.002,"Actual Rows": 109962,"Actual Loops": 3,"Sort Key": ["nation.n_name", "(EXTRACT(year FROM orders.o_orderdate)) DESC"],"Sort Method": "quicksort","Sort Space Used": 14734,"Sort Space Type": "Memory","Workers": [{"Worker Number": 0,"Sort Method": "quicksort","Sort Space Used": 13697,"Sort Space Type": "Memory"},{"Worker Number": 1,"Sort Method": "quicksort","Sort Space Used": 13637,"Sort Space Type": "Memory"}],"Plans": [{"Node Type": "Nested Loop","Parent Relationship": "Outer","Parallel Aware": false,"Async Capable": false,"Join Type": "Inner","Startup Cost": 1.71,"Total Cost": 14191.39,"Plan Rows": 10,"Plan Width": 159,"Actual Startup Time": 0.548,"Actual Total Time": 2314.077,"Actual Rows": 109962,"Actual Loops": 3,"Inner Unique": true,"Workers": [],"Plans": [{"Node Type": "Nested Loop","Parent Relationship": "Outer","Parallel Aware": false,"Async Capable": false,"Join Type": "Inner","Startup Cost": 1.57,"Total Cost": 14189.81,"Plan Rows": 10,"Plan Width": 31,"Actual Startup Time": 0.468,"Actual Total Time": 2156.976,"Actual Rows": 109962,"Actual Loops": 3,"Inner Unique": true,"Workers": [],"Plans": [{"Node Type": "Nested Loop","Parent Relationship": "Outer","Parallel Aware": false,"Async Capable": false,"Join Type": "Inner","Startup Cost": 1.14,"Total Cost": 14185.15,"Plan Rows": 10,"Plan Width": 31,"Actual Startup Time": 0.326,"Actual Total Time": 995.510,"Actual Rows": 109962,"Actual Loops": 3,"Inner Unique": true,"Workers": [],"Plans": [{"Node Type": "Nested Loop","Parent Relationship": "Outer","Parallel Aware": false,"Async Capable": false,"Join Type": "Inner","Startup Cost": 0.86,"Total Cost": 14182.13,"Plan Rows": 10,"Plan Width": 35,"Actual Startup Time": 0.255,"Actual Total Time": 803.233,"Actual Rows": 109962,"Actual Loops": 3,"Inner Unique": false,"Workers": [],"Plans": [{"Node Type": "Nested Loop","Parent Relationship": "Outer","Parallel Aware": false,"Async Capable": false,"Join Type": "Inner","Startup Cost": 0.42,"Total Cost": 10605.73,"Plan Rows": 3367,"Plan Width": 18,"Actual Startup Time": 0.152,"Actual Total Time": 120.343,"Actual Rows": 14627,"Actual Loops": 3,"Inner Unique": false,"Workers": [],"Plans": [{"Node Type": "Seq Scan","Parent Relationship": "Outer","Parallel Aware": true,"Async Capable": false,"Relation Name": "part","Alias": "part","Startup Cost": 0.00,"Total Cost": 5138.67,"Plan Rows": 842,"Plan Width": 4,"Actual Startup Time": 0.051,"Actual Total Time": 50.932,"Actual Rows": 3657,"Actual Loops": 3,"Filter": "((p_name)::text ~~ '%almond%'::text)","Rows Removed by Filter": 63010,"Workers": []},{"Node Type": "Index Scan","Parent Relationship": "Inner","Parallel Aware": false,"Async Capable": false,"Scan Direction": "Forward","Index Name": "idx_partsupp_partkey","Relation Name": "partsupp","Alias": "partsupp","Startup Cost": 0.42,"Total Cost": 6.45,"Plan Rows": 4,"Plan Width": 14,"Actual Startup Time": 0.013,"Actual Total Time": 0.018,"Actual Rows": 4,"Actual Loops": 10970,"Index Cond": "(ps_partkey = part.p_partkey)","Rows Removed by Index Recheck": 0,"Workers": []}]},{"Node Type": "Index Scan","Parent Relationship": "Inner","Parallel Aware": false,"Async Capable": false,"Scan Direction": "Forward","Index Name": "idx_lineitem_part_supp","Relation Name": "lineitem","Alias": "lineitem","Startup Cost": 0.43,"Total Cost": 1.05,"Plan Rows": 1,"Plan Width": 29,"Actual Startup Time": 0.007,"Actual Total Time": 0.045,"Actual Rows": 8,"Actual Loops": 43880,"Index Cond": "((l_partkey = partsupp.ps_partkey) AND (l_suppkey = partsupp.ps_suppkey))","Rows Removed by Index Recheck": 0,"Workers": []}]},{"Node Type": "Index Scan","Parent Relationship": "Inner","Parallel Aware": false,"Async Capable": false,"Scan Direction": "Forward","Index Name": "supplier_pkey","Relation Name": "supplier","Alias": "supplier","Startup Cost": 0.29,"Total Cost": 0.30,"Plan Rows": 1,"Plan Width": 8,"Actual Startup Time": 0.001,"Actual Total Time": 0.001,"Actual Rows": 1,"Actual Loops": 329885,"Index Cond": "(s_suppkey = lineitem.l_suppkey)","Rows Removed by Index Recheck": 0,"Workers": []}]},{"Node Type": "Index Scan","Parent Relationship": "Inner","Parallel Aware": false,"Async Capable": false,"Scan Direction": "Forward","Index Name": "orders_pkey","Relation Name": "orders","Alias": "orders","Startup Cost": 0.43,"Total Cost": 0.47,"Plan Rows": 1,"Plan Width": 8,"Actual Startup Time": 0.010,"Actual Total Time": 0.010,"Actual Rows": 1,"Actual Loops": 329885,"Index Cond": "(o_orderkey = lineitem.l_orderkey)","Rows Removed by Index Recheck": 0,"Workers": []}]},{"Node Type": "Index Scan","Parent Relationship": "Inner","Parallel Aware": false,"Async Capable": false,"Scan Direction": "Forward","Index Name": "nation_pkey","Relation Name": "nation","Alias": "nation","Startup Cost": 0.14,"Total Cost": 0.16,"Plan Rows": 1,"Plan Width": 108,"Actual Startup Time": 0.001,"Actual Total Time": 0.001,"Actual Rows": 1,"Actual Loops": 329885,"Index Cond": "(n_nationkey = supplier.s_nationkey)","Rows Removed by Index Recheck": 0,"Workers": []}]}]}]}]}]},"Planning Time": 11.358,"Triggers": [],"Execution Time": 2698.445}]
[{"Plan": {"Node Type": "Aggregate","Strategy": "Sorted","Partial Mode": "Finalize","Parallel Aware": false,"Async Capable": false,"Startup Cost": 51920.12,"Total Cost": 51953.05,"Plan Rows": 219,"Plan Width": 168,"Actual Startup Time": 1736.886,"Actual Total Time": 1886.803,"Actual Rows": 175,"Actual Loops": 1,"Group Key": ["nation.n_name", "(EXTRACT(year FROM orders.o_orderdate))"],"Plans": [{"Node Type": "Gather Merge","Parent Relationship": "Outer","Parallel Aware": false,"Async Capable": false,"Startup Cost": 51920.12,"Total Cost": 51947.63,"Plan Rows": 213,"Plan Width": 168,"Actual Startup Time": 1734.752,"Actual Total Time": 1886.193,"Actual Rows": 700,"Actual Loops": 1,"Workers Planned": 3,"Workers Launched": 3,"Plans": [{"Node Type": "Aggregate","Strategy": "Sorted","Partial Mode": "Partial","Parent Relationship": "Outer","Parallel Aware": false,"Async Capable": false,"Startup Cost": 50920.08,"Total Cost": 50922.56,"Plan Rows": 71,"Plan Width": 168,"Actual Startup Time": 1652.291,"Actual Total Time": 1749.811,"Actual Rows": 175,"Actual Loops": 4,"Group Key": ["nation.n_name", "(EXTRACT(year FROM orders.o_orderdate))"],"Workers": [],"Plans": [{"Node Type": "Sort","Parent Relationship": "Outer","Parallel Aware": false,"Async Capable": false,"Startup Cost": 50920.08,"Total Cost": 50920.26,"Plan Rows": 71,"Plan Width": 159,"Actual Startup Time": 1651.742,"Actual Total Time": 1686.315,"Actual Rows": 81570,"Actual Loops": 4,"Sort Key": ["nation.n_name", "(EXTRACT(year FROM orders.o_orderdate)) DESC"],"Sort Method": "quicksort","Sort Space Used": 11359,"Sort Space Type": "Memory","Workers": [{"Worker Number": 0,"Sort Method": "quicksort","Sort Space Used": 11284,"Sort Space Type": "Memory"},{"Worker Number": 1,"Sort Method": "quicksort","Sort Space Used": 11074,"Sort Space Type": "Memory"},{"Worker Number": 2,"Sort Method": "quicksort","Sort Space Used": 11060,"Sort Space Type": "Memory"}],"Plans": [{"Node Type": "Hash Join","Parent Relationship": "Outer","Parallel Aware": false,"Async Capable": false,"Join Type": "Inner","Startup Cost": 5236.07,"Total Cost": 50917.89,"Plan Rows": 71,"Plan Width": 159,"Actual Startup Time": 23.416,"Actual Total Time": 1550.954,"Actual Rows": 81570,"Actual Loops": 4,"Inner Unique": true,"Hash Cond": "(supplier.s_nationkey = nation.n_nationkey)","Workers": [],"Plans": [{"Node Type": "Nested Loop","Parent Relationship": "Outer","Parallel Aware": false,"Async Capable": false,"Join Type": "Inner","Startup Cost": 5234.51,"Total Cost": 50915.94,"Plan Rows": 71,"Plan Width": 31,"Actual Startup Time": 23.259,"Actual Total Time": 1527.695,"Actual Rows": 81570,"Actual Loops": 4,"Inner Unique": true,"Workers": [],"Plans": [{"Node Type": "Nested Loop","Parent Relationship": "Outer","Parallel Aware": false,"Async Capable": false,"Join Type": "Inner","Startup Cost": 5234.08,"Total Cost": 50882.91,"Plan Rows": 71,"Plan Width": 31,"Actual Startup Time": 23.189,"Actual Total Time": 798.846,"Actual Rows": 81570,"Actual Loops": 4,"Inner Unique": true,"Workers": [],"Plans": [{"Node Type": "Nested Loop","Parent Relationship": "Outer","Parallel Aware": false,"Async Capable": false,"Join Type": "Inner","Startup Cost": 5233.80,"Total Cost": 50861.42,"Plan Rows": 71,"Plan Width": 35,"Actual Startup Time": 23.135,"Actual Total Time": 661.971,"Actual Rows": 81570,"Actual Loops": 4,"Inner Unique": false,"Workers": [],"Plans": [{"Node Type": "Hash Join","Parent Relationship": "Outer","Parallel Aware": true,"Async Capable": false,"Join Type": "Inner","Startup Cost": 5233.37,"Total Cost": 25942.44,"Plan Rows": 23460,"Plan Width": 18,"Actual Startup Time": 23.069,"Actual Total Time": 203.690,"Actual Rows": 10893,"Actual Loops": 4,"Inner Unique": true,"Hash Cond": "(partsupp.ps_partkey = part.p_partkey)","Workers": [],"Plans": [{"Node Type": "Seq Scan","Parent Relationship": "Outer","Parallel Aware": true,"Async Capable": false,"Relation Name": "partsupp","Alias": "partsupp","Startup Cost": 0.00,"Total Cost": 20031.65,"Plan Rows": 258065,"Plan Width": 14,"Actual Startup Time": 0.019,"Actual Total Time": 42.732,"Actual Rows": 200000,"Actual Loops": 4,"Workers": []},{"Node Type": "Hash","Parent Relationship": "Inner","Parallel Aware": true,"Async Capable": false,"Startup Cost": 5138.67,"Total Cost": 5138.67,"Plan Rows": 7576,"Plan Width": 4,"Actual Startup Time": 22.827,"Actual Total Time": 22.842,"Actual Rows": 2723,"Actual Loops": 4,"Hash Buckets": 32768,"Original Hash Buckets": 32768,"Hash Batches": 1,"Original Hash Batches": 1,"Peak Memory Usage": 736,"Workers": [],"Plans": [{"Node Type": "Seq Scan","Parent Relationship": "Outer","Parallel Aware": true,"Async Capable": false,"Relation Name": "part","Alias": "part","Startup Cost": 0.00,"Total Cost": 5138.67,"Plan Rows": 7576,"Plan Width": 4,"Actual Startup Time": 0.046,"Actual Total Time": 21.008,"Actual Rows": 2723,"Actual Loops": 4,"Filter": "((p_name)::text ~~ '%lemon%'::text)","Rows Removed by Filter": 47277,"Workers": []}]}]},{"Node Type": "Index Scan","Parent Relationship": "Inner","Parallel Aware": false,"Async Capable": false,"Scan Direction": "Forward","Index Name": "idx_lineitem_part_supp","Relation Name": "lineitem","Alias": "lineitem","Startup Cost": 0.43,"Total Cost": 1.05,"Plan Rows": 1,"Plan Width": 29,"Actual Startup Time": 0.006,"Actual Total Time": 0.041,"Actual Rows": 7,"Actual Loops": 43572,"Index Cond": "((l_partkey = partsupp.ps_partkey) AND (l_suppkey = partsupp.ps_suppkey))","Rows Removed by Index Recheck": 0,"Workers": []}]},{"Node Type": "Index Scan","Parent Relationship": "Inner","Parallel Aware": false,"Async Capable": false,"Scan Direction": "Forward","Index Name": "supplier_pkey","Relation Name": "supplier","Alias": "supplier","Startup Cost": 0.29,"Total Cost": 0.30,"Plan Rows": 1,"Plan Width": 8,"Actual Startup Time": 0.001,"Actual Total Time": 0.001,"Actual Rows": 1,"Actual Loops": 326278,"Index Cond": "(s_suppkey = lineitem.l_suppkey)","Rows Removed by Index Recheck": 0,"Workers": []}]},{"Node Type": "Index Scan","Parent Relationship": "Inner","Parallel Aware": false,"Async Capable": false,"Scan Direction": "Forward","Index Name": "orders_pkey","Relation Name": "orders","Alias": "orders","Startup Cost": 0.43,"Total Cost": 0.47,"Plan Rows": 1,"Plan Width": 8,"Actual Startup Time": 0.009,"Actual Total Time": 0.009,"Actual Rows": 1,"Actual Loops": 326278,"Index Cond": "(o_orderkey = lineitem.l_orderkey)","Rows Removed by Index Recheck": 0,"Workers": []}]},{"Node Type": "Hash","Parent Relationship": "Inner","Parallel Aware": false,"Async Capable": false,"Startup Cost": 1.25,"Total Cost": 1.25,"Plan Rows": 25,"Plan Width": 108,"Actual Startup Time": 0.065,"Actual Total Time": 0.072,"Actual Rows": 25,"Actual Loops": 4,"Hash Buckets": 1024,"Original Hash Buckets": 1024,"Hash Batches": 1,"Original Hash Batches": 1,"Peak Memory Usage": 10,"Workers": [],"Plans": [{"Node Type": "Seq Scan","Parent Relationship": "Outer","Parallel Aware": false,"Async Capable": false,"Relation Name": "nation","Alias": "nation","Startup Cost": 0.00,"Total Cost": 1.25,"Plan Rows": 25,"Plan Width": 108,"Actual Startup Time": 0.043,"Actual Total Time": 0.049,"Actual Rows": 25,"Actual Loops": 4,"Workers": []}]}]}]}]}]}]},"Planning Time": 13.208,"Triggers": [],"Execution Time": 1890.767}]
[{"Plan": {"Node Type": "Aggregate","Strategy": "Sorted","Partial Mode": "Finalize","Parallel Aware": false,"Async Capable": false,"Startup Cost": 41381.04,"Total Cost": 41397.45,"Plan Rows": 122,"Plan Width": 168,"Actual Startup Time": 2426.174,"Actual Total Time": 2588.144,"Actual Rows": 175,"Actual Loops": 1,"Group Key": ["nation.n_name", "(EXTRACT(year FROM orders.o_orderdate))"],"Plans": [{"Node Type": "Gather Merge","Parent Relationship": "Outer","Parallel Aware": false,"Async Capable": false,"Startup Cost": 41381.04,"Total Cost": 41394.60,"Plan Rows": 102,"Plan Width": 168,"Actual Startup Time": 2424.330,"Actual Total Time": 2587.740,"Actual Rows": 525,"Actual Loops": 1,"Workers Planned": 2,"Workers Launched": 2,"Plans": [{"Node Type": "Aggregate","Strategy": "Sorted","Partial Mode": "Partial","Parent Relationship": "Outer","Parallel Aware": false,"Async Capable": false,"Startup Cost": 40381.01,"Total Cost": 40382.80,"Plan Rows": 51,"Plan Width": 168,"Actual Startup Time": 2334.335,"Actual Total Time": 2452.805,"Actual Rows": 175,"Actual Loops": 3,"Group Key": ["nation.n_name", "(EXTRACT(year FROM orders.o_orderdate))"],"Workers": [],"Plans": [{"Node Type": "Sort","Parent Relationship": "Outer","Parallel Aware": false,"Async Capable": false,"Startup Cost": 40381.01,"Total Cost": 40381.14,"Plan Rows": 51,"Plan Width": 159,"Actual Startup Time": 2333.793,"Actual Total Time": 2372.738,"Actual Rows": 108922,"Actual Loops": 3,"Sort Key": ["nation.n_name", "(EXTRACT(year FROM orders.o_orderdate)) DESC"],"Sort Method": "quicksort","Sort Space Used": 13590,"Sort Space Type": "Memory","Workers": [{"Worker Number": 0,"Sort Method": "quicksort","Sort Space Used": 14172,"Sort Space Type": "Memory"},{"Worker Number": 1,"Sort Method": "quicksort","Sort Space Used": 14000,"Sort Space Type": "Memory"}],"Plans": [{"Node Type": "Hash Join","Parent Relationship": "Outer","Parallel Aware": false,"Async Capable": false,"Join Type": "Inner","Startup Cost": 3.13,"Total Cost": 40379.57,"Plan Rows": 51,"Plan Width": 159,"Actual Startup Time": 0.638,"Actual Total Time": 2182.546,"Actual Rows": 108922,"Actual Loops": 3,"Inner Unique": true,"Hash Cond": "(supplier.s_nationkey = nation.n_nationkey)","Workers": [],"Plans": [{"Node Type": "Nested Loop","Parent Relationship": "Outer","Parallel Aware": false,"Async Capable": false,"Join Type": "Inner","Startup Cost": 1.57,"Total Cost": 40377.72,"Plan Rows": 51,"Plan Width": 31,"Actual Startup Time": 0.480,"Actual Total Time": 2150.251,"Actual Rows": 108922,"Actual Loops": 3,"Inner Unique": true,"Workers": [],"Plans": [{"Node Type": "Nested Loop","Parent Relationship": "Outer","Parallel Aware": false,"Async Capable": false,"Join Type": "Inner","Startup Cost": 1.14,"Total Cost": 40354.00,"Plan Rows": 51,"Plan Width": 31,"Actual Startup Time": 0.366,"Actual Total Time": 994.589,"Actual Rows": 108922,"Actual Loops": 3,"Inner Unique": true,"Workers": [],"Plans": [{"Node Type": "Nested Loop","Parent Relationship": "Outer","Parallel Aware": false,"Async Capable": false,"Join Type": "Inner","Startup Cost": 0.86,"Total Cost": 40338.56,"Plan Rows": 51,"Plan Width": 35,"Actual Startup Time": 0.281,"Actual Total Time": 808.736,"Actual Rows": 108922,"Actual Loops": 3,"Inner Unique": false,"Workers": [],"Plans": [{"Node Type": "Nested Loop","Parent Relationship": "Outer","Parallel Aware": false,"Async Capable": false,"Join Type": "Inner","Startup Cost": 0.42,"Total Cost": 22456.59,"Plan Rows": 16835,"Plan Width": 18,"Actual Startup Time": 0.185,"Actual Total Time": 120.145,"Actual Rows": 14492,"Actual Loops": 3,"Inner Unique": false,"Workers": [],"Plans": [{"Node Type": "Seq Scan","Parent Relationship": "Outer","Parallel Aware": true,"Async Capable": false,"Relation Name": "part","Alias": "part","Startup Cost": 0.00,"Total Cost": 5138.67,"Plan Rows": 4209,"Plan Width": 4,"Actual Startup Time": 0.065,"Actual Total Time": 52.649,"Actual Rows": 3623,"Actual Loops": 3,"Filter": "((p_name)::text ~~ '%antique%'::text)","Rows Removed by Filter": 63044,"Workers": []},{"Node Type": "Index Scan","Parent Relationship": "Inner","Parallel Aware": false,"Async Capable": false,"Scan Direction": "Forward","Index Name": "idx_partsupp_partkey","Relation Name": "partsupp","Alias": "partsupp","Startup Cost": 0.42,"Total Cost": 4.07,"Plan Rows": 4,"Plan Width": 14,"Actual Startup Time": 0.014,"Actual Total Time": 0.018,"Actual Rows": 4,"Actual Loops": 10869,"Index Cond": "(ps_partkey = part.p_partkey)","Rows Removed by Index Recheck": 0,"Workers": []}]},{"Node Type": "Index Scan","Parent Relationship": "Inner","Parallel Aware": false,"Async Capable": false,"Scan Direction": "Forward","Index Name": "idx_lineitem_part_supp","Relation Name": "lineitem","Alias": "lineitem","Startup Cost": 0.43,"Total Cost": 1.05,"Plan Rows": 1,"Plan Width": 29,"Actual Startup Time": 0.007,"Actual Total Time": 0.046,"Actual Rows": 8,"Actual Loops": 43476,"Index Cond": "((l_partkey = partsupp.ps_partkey) AND (l_suppkey = partsupp.ps_suppkey))","Rows Removed by Index Recheck": 0,"Workers": []}]},{"Node Type": "Index Scan","Parent Relationship": "Inner","Parallel Aware": false,"Async Capable": false,"Scan Direction": "Forward","Index Name": "supplier_pkey","Relation Name": "supplier","Alias": "supplier","Startup Cost": 0.29,"Total Cost": 0.30,"Plan Rows": 1,"Plan Width": 8,"Actual Startup Time": 0.001,"Actual Total Time": 0.001,"Actual Rows": 1,"Actual Loops": 326765,"Index Cond": "(s_suppkey = lineitem.l_suppkey)","Rows Removed by Index Recheck": 0,"Workers": []}]},{"Node Type": "Index Scan","Parent Relationship": "Inner","Parallel Aware": false,"Async Capable": false,"Scan Direction": "Forward","Index Name": "orders_pkey","Relation Name": "orders","Alias": "orders","Startup Cost": 0.43,"Total Cost": 0.47,"Plan Rows": 1,"Plan Width": 8,"Actual Startup Time": 0.010,"Actual Total Time": 0.010,"Actual Rows": 1,"Actual Loops": 326765,"Index Cond": "(o_orderkey = lineitem.l_orderkey)","Rows Removed by Index Recheck": 0,"Workers": []}]},{"Node Type": "Hash","Parent Relationship": "Inner","Parallel Aware": false,"Async Capable": false,"Startup Cost": 1.25,"Total Cost": 1.25,"Plan Rows": 25,"Plan Width": 108,"Actual Startup Time": 0.075,"Actual Total Time": 0.084,"Actual Rows": 25,"Actual Loops": 3,"Hash Buckets": 1024,"Original Hash Buckets": 1024,"Hash Batches": 1,"Original Hash Batches": 1,"Peak Memory Usage": 10,"Workers": [],"Plans": [{"Node Type": "Seq Scan","Parent Relationship": "Outer","Parallel Aware": false,"Async Capable": false,"Relation Name": "nation","Alias": "nation","Startup Cost": 0.00,"Total Cost": 1.25,"Plan Rows": 25,"Plan Width": 108,"Actual Startup Time": 0.047,"Actual Total Time": 0.051,"Actual Rows": 25,"Actual Loops": 3,"Workers": []}]}]}]}]}]}]},"Planning Time": 11.499,"Triggers": [],"Execution Time": 2592.103}]
[{"Plan": {"Node Type": "Aggregate","Strategy": "Sorted","Partial Mode": "Finalize","Parallel Aware": false,"Async Capable": false,"Startup Cost": 41381.04,"Total Cost": 41397.45,"Plan Rows": 122,"Plan Width": 168,"Actual Startup Time": 2380.288,"Actual Total Time": 2510.252,"Actual Rows": 175,"Actual Loops": 1,"Group Key": ["nation.n_name", "(EXTRACT(year FROM orders.o_orderdate))"],"Plans": [{"Node Type": "Gather Merge","Parent Relationship": "Outer","Parallel Aware": false,"Async Capable": false,"Startup Cost": 41381.04,"Total Cost": 41394.60,"Plan Rows": 102,"Plan Width": 168,"Actual Startup Time": 2378.432,"Actual Total Time": 2509.752,"Actual Rows": 525,"Actual Loops": 1,"Workers Planned": 2,"Workers Launched": 2,"Plans": [{"Node Type": "Aggregate","Strategy": "Sorted","Partial Mode": "Partial","Parent Relationship": "Outer","Parallel Aware": false,"Async Capable": false,"Startup Cost": 40381.01,"Total Cost": 40382.80,"Plan Rows": 51,"Plan Width": 168,"Actual Startup Time": 2272.614,"Actual Total Time": 2386.654,"Actual Rows": 175,"Actual Loops": 3,"Group Key": ["nation.n_name", "(EXTRACT(year FROM orders.o_orderdate))"],"Workers": [],"Plans": [{"Node Type": "Sort","Parent Relationship": "Outer","Parallel Aware": false,"Async Capable": false,"Startup Cost": 40381.01,"Total Cost": 40381.14,"Plan Rows": 51,"Plan Width": 159,"Actual Startup Time": 2272.019,"Actual Total Time": 2308.245,"Actual Rows": 106740,"Actual Loops": 3,"Sort Key": ["nation.n_name", "(EXTRACT(year FROM orders.o_orderdate)) DESC"],"Sort Method": "quicksort","Sort Space Used": 13794,"Sort Space Type": "Memory","Workers": [{"Worker Number": 0,"Sort Method": "quicksort","Sort Space Used": 13998,"Sort Space Type": "Memory"},{"Worker Number": 1,"Sort Method": "quicksort","Sort Space Used": 13310,"Sort Space Type": "Memory"}],"Plans": [{"Node Type": "Hash Join","Parent Relationship": "Outer","Parallel Aware": false,"Async Capable": false,"Join Type": "Inner","Startup Cost": 3.13,"Total Cost": 40379.57,"Plan Rows": 51,"Plan Width": 159,"Actual Startup Time": 0.683,"Actual Total Time": 2123.834,"Actual Rows": 106740,"Actual Loops": 3,"Inner Unique": true,"Hash Cond": "(supplier.s_nationkey = nation.n_nationkey)","Workers": [],"Plans": [{"Node Type": "Nested Loop","Parent Relationship": "Outer","Parallel Aware": false,"Async Capable": false,"Join Type": "Inner","Startup Cost": 1.57,"Total Cost": 40377.72,"Plan Rows": 51,"Plan Width": 31,"Actual Startup Time": 0.513,"Actual Total Time": 2093.243,"Actual Rows": 106740,"Actual Loops": 3,"Inner Unique": true,"Workers": [],"Plans": [{"Node Type": "Nested Loop","Parent Relationship": "Outer","Parallel Aware": false,"Async Capable": false,"Join Type": "Inner","Startup Cost": 1.14,"Total Cost": 40354.00,"Plan Rows": 51,"Plan Width": 31,"Actual Startup Time": 0.387,"Actual Total Time": 972.943,"Actual Rows": 106740,"Actual Loops": 3,"Inner Unique": true,"Workers": [],"Plans": [{"Node Type": "Nested Loop","Parent Relationship": "Outer","Parallel Aware": false,"Async Capable": false,"Join Type": "Inner","Startup Cost": 0.86,"Total Cost": 40338.56,"Plan Rows": 51,"Plan Width": 35,"Actual Startup Time": 0.288,"Actual Total Time": 790.865,"Actual Rows": 106740,"Actual Loops": 3,"Inner Unique": false,"Workers": [],"Plans": [{"Node Type": "Nested Loop","Parent Relationship": "Outer","Parallel Aware": false,"Async Capable": false,"Join Type": "Inner","Startup Cost": 0.42,"Total Cost": 22456.59,"Plan Rows": 16835,"Plan Width": 18,"Actual Startup Time": 0.184,"Actual Total Time": 117.958,"Actual Rows": 14244,"Actual Loops": 3,"Inner Unique": false,"Workers": [],"Plans": [{"Node Type": "Seq Scan","Parent Relationship": "Outer","Parallel Aware": true,"Async Capable": false,"Relation Name": "part","Alias": "part","Startup Cost": 0.00,"Total Cost": 5138.67,"Plan Rows": 4209,"Plan Width": 4,"Actual Startup Time": 0.065,"Actual Total Time": 51.798,"Actual Rows": 3561,"Actual Loops": 3,"Filter": "((p_name)::text ~~ '%olive%'::text)","Rows Removed by Filter": 63106,"Workers": []},{"Node Type": "Index Scan","Parent Relationship": "Inner","Parallel Aware": false,"Async Capable": false,"Scan Direction": "Forward","Index Name": "idx_partsupp_partkey","Relation Name": "partsupp","Alias": "partsupp","Startup Cost": 0.42,"Total Cost": 4.07,"Plan Rows": 4,"Plan Width": 14,"Actual Startup Time": 0.014,"Actual Total Time": 0.018,"Actual Rows": 4,"Actual Loops": 10683,"Index Cond": "(ps_partkey = part.p_partkey)","Rows Removed by Index Recheck": 0,"Workers": []}]},{"Node Type": "Index Scan","Parent Relationship": "Inner","Parallel Aware": false,"Async Capable": false,"Scan Direction": "Forward","Index Name": "idx_lineitem_part_supp","Relation Name": "lineitem","Alias": "lineitem","Startup Cost": 0.43,"Total Cost": 1.05,"Plan Rows": 1,"Plan Width": 29,"Actual Startup Time": 0.007,"Actual Total Time": 0.046,"Actual Rows": 7,"Actual Loops": 42732,"Index Cond": "((l_partkey = partsupp.ps_partkey) AND (l_suppkey = partsupp.ps_suppkey))","Rows Removed by Index Recheck": 0,"Workers": []}]},{"Node Type": "Index Scan","Parent Relationship": "Inner","Parallel Aware": false,"Async Capable": false,"Scan Direction": "Forward","Index Name": "supplier_pkey","Relation Name": "supplier","Alias": "supplier","Startup Cost": 0.29,"Total Cost": 0.30,"Plan Rows": 1,"Plan Width": 8,"Actual Startup Time": 0.001,"Actual Total Time": 0.001,"Actual Rows": 1,"Actual Loops": 320221,"Index Cond": "(s_suppkey = lineitem.l_suppkey)","Rows Removed by Index Recheck": 0,"Workers": []}]},{"Node Type": "Index Scan","Parent Relationship": "Inner","Parallel Aware": false,"Async Capable": false,"Scan Direction": "Forward","Index Name": "orders_pkey","Relation Name": "orders","Alias": "orders","Startup Cost": 0.43,"Total Cost": 0.47,"Plan Rows": 1,"Plan Width": 8,"Actual Startup Time": 0.010,"Actual Total Time": 0.010,"Actual Rows": 1,"Actual Loops": 320221,"Index Cond": "(o_orderkey = lineitem.l_orderkey)","Rows Removed by Index Recheck": 0,"Workers": []}]},{"Node Type": "Hash","Parent Relationship": "Inner","Parallel Aware": false,"Async Capable": false,"Startup Cost": 1.25,"Total Cost": 1.25,"Plan Rows": 25,"Plan Width": 108,"Actual Startup Time": 0.084,"Actual Total Time": 0.092,"Actual Rows": 25,"Actual Loops": 3,"Hash Buckets": 1024,"Original Hash Buckets": 1024,"Hash Batches": 1,"Original Hash Batches": 1,"Peak Memory Usage": 10,"Workers": [],"Plans": [{"Node Type": "Seq Scan","Parent Relationship": "Outer","Parallel Aware": false,"Async Capable": false,"Relation Name": "nation","Alias": "nation","Startup Cost": 0.00,"Total Cost": 1.25,"Plan Rows": 25,"Plan Width": 108,"Actual Startup Time": 0.057,"Actual Total Time": 0.062,"Actual Rows": 25,"Actual Loops": 3,"Workers": []}]}]}]}]}]}]},"Planning Time": 11.947,"Triggers": [],"Execution Time": 2513.057}]
[{"Plan": {"Node Type": "Aggregate","Strategy": "Sorted","Partial Mode": "Finalize","Parallel Aware": false,"Async Capable": false,"Startup Cost": 47355.08,"Total Cost": 47374.71,"Plan Rows": 146,"Plan Width": 168,"Actual Startup Time": 2443.124,"Actual Total Time": 2567.006,"Actual Rows": 175,"Actual Loops": 1,"Group Key": ["nation.n_name", "(EXTRACT(year FROM orders.o_orderdate))"],"Plans": [{"Node Type": "Gather Merge","Parent Relationship": "Outer","Parallel Aware": false,"Async Capable": false,"Startup Cost": 47355.08,"Total Cost": 47371.30,"Plan Rows": 122,"Plan Width": 168,"Actual Startup Time": 2441.228,"Actual Total Time": 2566.482,"Actual Rows": 525,"Actual Loops": 1,"Workers Planned": 2,"Workers Launched": 2,"Plans": [{"Node Type": "Aggregate","Strategy": "Sorted","Partial Mode": "Partial","Parent Relationship": "Outer","Parallel Aware": false,"Async Capable": false,"Startup Cost": 46355.06,"Total Cost": 46357.20,"Plan Rows": 61,"Plan Width": 168,"Actual Startup Time": 2336.095,"Actual Total Time": 2466.062,"Actual Rows": 175,"Actual Loops": 3,"Group Key": ["nation.n_name", "(EXTRACT(year FROM orders.o_orderdate))"],"Workers": [],"Plans": [{"Node Type": "Sort","Parent Relationship": "Outer","Parallel Aware": false,"Async Capable": false,"Startup Cost": 46355.06,"Total Cost": 46355.21,"Plan Rows": 61,"Plan Width": 159,"Actual Startup Time": 2335.334,"Actual Total Time": 2379.750,"Actual Rows": 108571,"Actual Loops": 3,"Sort Key": ["nation.n_name", "(EXTRACT(year FROM orders.o_orderdate)) DESC"],"Sort Method": "quicksort","Sort Space Used": 13745,"Sort Space Type": "Memory","Workers": [{"Worker Number": 0,"Sort Method": "quicksort","Sort Space Used": 13992,"Sort Space Type": "Memory"},{"Worker Number": 1,"Sort Method": "quicksort","Sort Space Used": 13911,"Sort Space Type": "Memory"}],"Plans": [{"Node Type": "Hash Join","Parent Relationship": "Outer","Parallel Aware": false,"Async Capable": false,"Join Type": "Inner","Startup Cost": 3.13,"Total Cost": 46353.25,"Plan Rows": 61,"Plan Width": 159,"Actual Startup Time": 0.583,"Actual Total Time": 2178.457,"Actual Rows": 108571,"Actual Loops": 3,"Inner Unique": true,"Hash Cond": "(supplier.s_nationkey = nation.n_nationkey)","Workers": [],"Plans": [{"Node Type": "Nested Loop","Parent Relationship": "Outer","Parallel Aware": false,"Async Capable": false,"Join Type": "Inner","Startup Cost": 1.57,"Total Cost": 46351.35,"Plan Rows": 61,"Plan Width": 31,"Actual Startup Time": 0.425,"Actual Total Time": 2146.635,"Actual Rows": 108571,"Actual Loops": 3,"Inner Unique": true,"Workers": [],"Plans": [{"Node Type": "Nested Loop","Parent Relationship": "Outer","Parallel Aware": false,"Async Capable": false,"Join Type": "Inner","Startup Cost": 1.14,"Total Cost": 46322.98,"Plan Rows": 61,"Plan Width": 31,"Actual Startup Time": 0.334,"Actual Total Time": 993.434,"Actual Rows": 108571,"Actual Loops": 3,"Inner Unique": true,"Workers": [],"Plans": [{"Node Type": "Nested Loop","Parent Relationship": "Outer","Parallel Aware": false,"Async Capable": false,"Join Type": "Inner","Startup Cost": 0.86,"Total Cost": 46304.52,"Plan Rows": 61,"Plan Width": 35,"Actual Startup Time": 0.258,"Actual Total Time": 808.058,"Actual Rows": 108571,"Actual Loops": 3,"Inner Unique": false,"Workers": [],"Plans": [{"Node Type": "Nested Loop","Parent Relationship": "Outer","Parallel Aware": false,"Async Capable": false,"Join Type": "Inner","Startup Cost": 0.42,"Total Cost": 24846.16,"Plan Rows": 20202,"Plan Width": 18,"Actual Startup Time": 0.160,"Actual Total Time": 118.628,"Actual Rows": 14495,"Actual Loops": 3,"Inner Unique": false,"Workers": [],"Plans": [{"Node Type": "Seq Scan","Parent Relationship": "Outer","Parallel Aware": true,"Async Capable": false,"Relation Name": "part","Alias": "part","Startup Cost": 0.00,"Total Cost": 5138.67,"Plan Rows": 5051,"Plan Width": 4,"Actual Startup Time": 0.041,"Actual Total Time": 50.514,"Actual Rows": 3624,"Actual Loops": 3,"Filter": "((p_name)::text ~~ '%blue%'::text)","Rows Removed by Filter": 63043,"Workers": []},{"Node Type": "Index Scan","Parent Relationship": "Inner","Parallel Aware": false,"Async Capable": false,"Scan Direction": "Forward","Index Name": "idx_partsupp_partkey","Relation Name": "partsupp","Alias": "partsupp","Startup Cost": 0.42,"Total Cost": 3.86,"Plan Rows": 4,"Plan Width": 14,"Actual Startup Time": 0.014,"Actual Total Time": 0.018,"Actual Rows": 4,"Actual Loops": 10871,"Index Cond": "(ps_partkey = part.p_partkey)","Rows Removed by Index Recheck": 0,"Workers": []}]},{"Node Type": "Index Scan","Parent Relationship": "Inner","Parallel Aware": false,"Async Capable": false,"Scan Direction": "Forward","Index Name": "idx_lineitem_part_supp","Relation Name": "lineitem","Alias": "lineitem","Startup Cost": 0.43,"Total Cost": 1.05,"Plan Rows": 1,"Plan Width": 29,"Actual Startup Time": 0.007,"Actual Total Time": 0.046,"Actual Rows": 7,"Actual Loops": 43484,"Index Cond": "((l_partkey = partsupp.ps_partkey) AND (l_suppkey = partsupp.ps_suppkey))","Rows Removed by Index Recheck": 0,"Workers": []}]},{"Node Type": "Index Scan","Parent Relationship": "Inner","Parallel Aware": false,"Async Capable": false,"Scan Direction": "Forward","Index Name": "supplier_pkey","Relation Name": "supplier","Alias": "supplier","Startup Cost": 0.29,"Total Cost": 0.30,"Plan Rows": 1,"Plan Width": 8,"Actual Startup Time": 0.001,"Actual Total Time": 0.001,"Actual Rows": 1,"Actual Loops": 325714,"Index Cond": "(s_suppkey = lineitem.l_suppkey)","Rows Removed by Index Recheck": 0,"Workers": []}]},{"Node Type": "Index Scan","Parent Relationship": "Inner","Parallel Aware": false,"Async Capable": false,"Scan Direction": "Forward","Index Name": "orders_pkey","Relation Name": "orders","Alias": "orders","Startup Cost": 0.43,"Total Cost": 0.47,"Plan Rows": 1,"Plan Width": 8,"Actual Startup Time": 0.010,"Actual Total Time": 0.010,"Actual Rows": 1,"Actual Loops": 325714,"Index Cond": "(o_orderkey = lineitem.l_orderkey)","Rows Removed by Index Recheck": 0,"Workers": []}]},{"Node Type": "Hash","Parent Relationship": "Inner","Parallel Aware": false,"Async Capable": false,"Startup Cost": 1.25,"Total Cost": 1.25,"Plan Rows": 25,"Plan Width": 108,"Actual Startup Time": 0.081,"Actual Total Time": 0.113,"Actual Rows": 25,"Actual Loops": 3,"Hash Buckets": 1024,"Original Hash Buckets": 1024,"Hash Batches": 1,"Original Hash Batches": 1,"Peak Memory Usage": 10,"Workers": [],"Plans": [{"Node Type": "Seq Scan","Parent Relationship": "Outer","Parallel Aware": false,"Async Capable": false,"Relation Name": "nation","Alias": "nation","Startup Cost": 0.00,"Total Cost": 1.25,"Plan Rows": 25,"Plan Width": 108,"Actual Startup Time": 0.057,"Actual Total Time": 0.083,"Actual Rows": 25,"Actual Loops": 3,"Workers": []}]}]}]}]}]}]},"Planning Time": 11.752,"Triggers": [],"Execution Time": 2568.537}]
[{"Plan": {"Node Type": "Aggregate","Strategy": "Sorted","Partial Mode": "Finalize","Parallel Aware": false,"Async Capable": false,"Startup Cost": 46348.90,"Total Cost": 46374.41,"Plan Rows": 170,"Plan Width": 168,"Actual Startup Time": 1723.493,"Actual Total Time": 1859.527,"Actual Rows": 175,"Actual Loops": 1,"Group Key": ["nation.n_name", "(EXTRACT(year FROM orders.o_orderdate))"],"Plans": [{"Node Type": "Gather Merge","Parent Relationship": "Outer","Parallel Aware": false,"Async Capable": false,"Startup Cost": 46348.90,"Total Cost": 46370.21,"Plan Rows": 165,"Plan Width": 168,"Actual Startup Time": 1722.182,"Actual Total Time": 1859.079,"Actual Rows": 700,"Actual Loops": 1,"Workers Planned": 3,"Workers Launched": 3,"Plans": [{"Node Type": "Aggregate","Strategy": "Sorted","Partial Mode": "Partial","Parent Relationship": "Outer","Parallel Aware": false,"Async Capable": false,"Startup Cost": 45348.86,"Total Cost": 45350.79,"Plan Rows": 55,"Plan Width": 168,"Actual Startup Time": 1656.882,"Actual Total Time": 1751.105,"Actual Rows": 175,"Actual Loops": 4,"Group Key": ["nation.n_name", "(EXTRACT(year FROM orders.o_orderdate))"],"Workers": [],"Plans": [{"Node Type": "Sort","Parent Relationship": "Outer","Parallel Aware": false,"Async Capable": false,"Startup Cost": 45348.86,"Total Cost": 45349.00,"Plan Rows": 55,"Plan Width": 159,"Actual Startup Time": 1656.482,"Actual Total Time": 1688.020,"Actual Rows": 82329,"Actual Loops": 4,"Sort Key": ["nation.n_name", "(EXTRACT(year FROM orders.o_orderdate)) DESC"],"Sort Method": "quicksort","Sort Space Used": 11581,"Sort Space Type": "Memory","Workers": [{"Worker Number": 0,"Sort Method": "quicksort","Sort Space Used": 11149,"Sort Space Type": "Memory"},{"Worker Number": 1,"Sort Method": "quicksort","Sort Space Used": 11206,"Sort Space Type": "Memory"},{"Worker Number": 2,"Sort Method": "quicksort","Sort Space Used": 11149,"Sort Space Type": "Memory"}],"Plans": [{"Node Type": "Hash Join","Parent Relationship": "Outer","Parallel Aware": false,"Async Capable": false,"Join Type": "Inner","Startup Cost": 5215.02,"Total Cost": 45347.27,"Plan Rows": 55,"Plan Width": 159,"Actual Startup Time": 22.822,"Actual Total Time": 1557.570,"Actual Rows": 82329,"Actual Loops": 4,"Inner Unique": true,"Hash Cond": "(supplier.s_nationkey = nation.n_nationkey)","Workers": [],"Plans": [{"Node Type": "Nested Loop","Parent Relationship": "Outer","Parallel Aware": false,"Async Capable": false,"Join Type": "Inner","Startup Cost": 5213.46,"Total Cost": 45345.40,"Plan Rows": 55,"Plan Width": 31,"Actual Startup Time": 22.599,"Actual Total Time": 1533.905,"Actual Rows": 82329,"Actual Loops": 4,"Inner Unique": true,"Workers": [],"Plans": [{"Node Type": "Nested Loop","Parent Relationship": "Outer","Parallel Aware": false,"Async Capable": false,"Join Type": "Inner","Startup Cost": 5213.03,"Total Cost": 45319.82,"Plan Rows": 55,"Plan Width": 31,"Actual Startup Time": 22.531,"Actual Total Time": 799.967,"Actual Rows": 82329,"Actual Loops": 4,"Inner Unique": true,"Workers": [],"Plans": [{"Node Type": "Nested Loop","Parent Relationship": "Outer","Parallel Aware": false,"Async Capable": false,"Join Type": "Inner","Startup Cost": 5212.75,"Total Cost": 45303.17,"Plan Rows": 55,"Plan Width": 35,"Actual Startup Time": 22.487,"Actual Total Time": 661.259,"Actual Rows": 82329,"Actual Loops": 4,"Inner Unique": false,"Workers": [],"Plans": [{"Node Type": "Hash Join","Parent Relationship": "Outer","Parallel Aware": true,"Async Capable": false,"Join Type": "Inner","Startup Cost": 5212.32,"Total Cost": 25921.39,"Plan Rows": 18247,"Plan Width": 18,"Actual Startup Time": 22.414,"Actual Total Time": 195.633,"Actual Rows": 10963,"Actual Loops": 4,"Inner Unique": true,"Hash Cond": "(partsupp.ps_partkey = part.p_partkey)","Workers": [],"Plans": [{"Node Type": "Seq Scan","Parent Relationship": "Outer","Parallel Aware": true,"Async Capable": false,"Relation Name": "partsupp","Alias": "partsupp","Startup Cost": 0.00,"Total Cost": 20031.65,"Plan Rows": 258065,"Plan Width": 14,"Actual Startup Time": 0.017,"Actual Total Time": 41.561,"Actual Rows": 200000,"Actual Loops": 4,"Workers": []},{"Node Type": "Hash","Parent Relationship": "Inner","Parallel Aware": true,"Async Capable": false,"Startup Cost": 5138.67,"Total Cost": 5138.67,"Plan Rows": 5892,"Plan Width": 4,"Actual Startup Time": 22.190,"Actual Total Time": 22.200,"Actual Rows": 2741,"Actual Loops": 4,"Hash Buckets": 16384,"Original Hash Buckets": 16384,"Hash Batches": 1,"Original Hash Batches": 1,"Peak Memory Usage": 608,"Workers": [],"Plans": [{"Node Type": "Seq Scan","Parent Relationship": "Outer","Parallel Aware": true,"Async Capable": false,"Relation Name": "part","Alias": "part","Startup Cost": 0.00,"Total Cost": 5138.67,"Plan Rows": 5892,"Plan Width": 4,"Actual Startup Time": 0.074,"Actual Total Time": 20.472,"Actual Rows": 2741,"Actual Loops": 4,"Filter": "((p_name)::text ~~ '%maroon%'::text)","Rows Removed by Filter": 47259,"Workers": []}]}]},{"Node Type": "Index Scan","Parent Relationship": "Inner","Parallel Aware": false,"Async Capable": false,"Scan Direction": "Forward","Index Name": "idx_lineitem_part_supp","Relation Name": "lineitem","Alias": "lineitem","Startup Cost": 0.43,"Total Cost": 1.05,"Plan Rows": 1,"Plan Width": 29,"Actual Startup Time": 0.006,"Actual Total Time": 0.041,"Actual Rows": 8,"Actual Loops": 43852,"Index Cond": "((l_partkey = partsupp.ps_partkey) AND (l_suppkey = partsupp.ps_suppkey))","Rows Removed by Index Recheck": 0,"Workers": []}]},{"Node Type": "Index Scan","Parent Relationship": "Inner","Parallel Aware": false,"Async Capable": false,"Scan Direction": "Forward","Index Name": "supplier_pkey","Relation Name": "supplier","Alias": "supplier","Startup Cost": 0.29,"Total Cost": 0.30,"Plan Rows": 1,"Plan Width": 8,"Actual Startup Time": 0.001,"Actual Total Time": 0.001,"Actual Rows": 1,"Actual Loops": 329315,"Index Cond": "(s_suppkey = lineitem.l_suppkey)","Rows Removed by Index Recheck": 0,"Workers": []}]},{"Node Type": "Index Scan","Parent Relationship": "Inner","Parallel Aware": false,"Async Capable": false,"Scan Direction": "Forward","Index Name": "orders_pkey","Relation Name": "orders","Alias": "orders","Startup Cost": 0.43,"Total Cost": 0.47,"Plan Rows": 1,"Plan Width": 8,"Actual Startup Time": 0.009,"Actual Total Time": 0.009,"Actual Rows": 1,"Actual Loops": 329315,"Index Cond": "(o_orderkey = lineitem.l_orderkey)","Rows Removed by Index Recheck": 0,"Workers": []}]},{"Node Type": "Hash","Parent Relationship": "Inner","Parallel Aware": false,"Async Capable": false,"Startup Cost": 1.25,"Total Cost": 1.25,"Plan Rows": 25,"Plan Width": 108,"Actual Startup Time": 0.106,"Actual Total Time": 0.111,"Actual Rows": 25,"Actual Loops": 4,"Hash Buckets": 1024,"Original Hash Buckets": 1024,"Hash Batches": 1,"Original Hash Batches": 1,"Peak Memory Usage": 10,"Workers": [],"Plans": [{"Node Type": "Seq Scan","Parent Relationship": "Outer","Parallel Aware": false,"Async Capable": false,"Relation Name": "nation","Alias": "nation","Startup Cost": 0.00,"Total Cost": 1.25,"Plan Rows": 25,"Plan Width": 108,"Actual Startup Time": 0.074,"Actual Total Time": 0.080,"Actual Rows": 25,"Actual Loops": 4,"Workers": []}]}]}]}]}]}]},"Planning Time": 11.867,"Triggers": [],"Execution Time": 1860.481}]
[{"Plan": {"Node Type": "Aggregate","Strategy": "Sorted","Partial Mode": "Finalize","Parallel Aware": false,"Async Capable": false,"Startup Cost": 46348.90,"Total Cost": 46374.41,"Plan Rows": 170,"Plan Width": 168,"Actual Startup Time": 1727.472,"Actual Total Time": 1868.015,"Actual Rows": 175,"Actual Loops": 1,"Group Key": ["nation.n_name", "(EXTRACT(year FROM orders.o_orderdate))"],"Plans": [{"Node Type": "Gather Merge","Parent Relationship": "Outer","Parallel Aware": false,"Async Capable": false,"Startup Cost": 46348.90,"Total Cost": 46370.21,"Plan Rows": 165,"Plan Width": 168,"Actual Startup Time": 1725.748,"Actual Total Time": 1867.575,"Actual Rows": 700,"Actual Loops": 1,"Workers Planned": 3,"Workers Launched": 3,"Plans": [{"Node Type": "Aggregate","Strategy": "Sorted","Partial Mode": "Partial","Parent Relationship": "Outer","Parallel Aware": false,"Async Capable": false,"Startup Cost": 45348.86,"Total Cost": 45350.79,"Plan Rows": 55,"Plan Width": 168,"Actual Startup Time": 1653.610,"Actual Total Time": 1749.132,"Actual Rows": 175,"Actual Loops": 4,"Group Key": ["nation.n_name", "(EXTRACT(year FROM orders.o_orderdate))"],"Workers": [],"Plans": [{"Node Type": "Sort","Parent Relationship": "Outer","Parallel Aware": false,"Async Capable": false,"Startup Cost": 45348.86,"Total Cost": 45349.00,"Plan Rows": 55,"Plan Width": 159,"Actual Startup Time": 1653.066,"Actual Total Time": 1686.532,"Actual Rows": 81810,"Actual Loops": 4,"Sort Key": ["nation.n_name", "(EXTRACT(year FROM orders.o_orderdate)) DESC"],"Sort Method": "quicksort","Sort Space Used": 11471,"Sort Space Type": "Memory","Workers": [{"Worker Number": 0,"Sort Method": "quicksort","Sort Space Used": 11147,"Sort Space Type": "Memory"},{"Worker Number": 1,"Sort Method": "quicksort","Sort Space Used": 11095,"Sort Space Type": "Memory"},{"Worker Number": 2,"Sort Method": "quicksort","Sort Space Used": 11162,"Sort Space Type": "Memory"}],"Plans": [{"Node Type": "Hash Join","Parent Relationship": "Outer","Parallel Aware": false,"Async Capable": false,"Join Type": "Inner","Startup Cost": 5215.02,"Total Cost": 45347.27,"Plan Rows": 55,"Plan Width": 159,"Actual Startup Time": 20.833,"Actual Total Time": 1551.514,"Actual Rows": 81810,"Actual Loops": 4,"Inner Unique": true,"Hash Cond": "(supplier.s_nationkey = nation.n_nationkey)","Workers": [],"Plans": [{"Node Type": "Nested Loop","Parent Relationship": "Outer","Parallel Aware": false,"Async Capable": false,"Join Type": "Inner","Startup Cost": 5213.46,"Total Cost": 45345.40,"Plan Rows": 55,"Plan Width": 31,"Actual Startup Time": 20.681,"Actual Total Time": 1528.164,"Actual Rows": 81810,"Actual Loops": 4,"Inner Unique": true,"Workers": [],"Plans": [{"Node Type": "Nested Loop","Parent Relationship": "Outer","Parallel Aware": false,"Async Capable": false,"Join Type": "Inner","Startup Cost": 5213.03,"Total Cost": 45319.82,"Plan Rows": 55,"Plan Width": 31,"Actual Startup Time": 20.609,"Actual Total Time": 796.744,"Actual Rows": 81810,"Actual Loops": 4,"Inner Unique": true,"Workers": [],"Plans": [{"Node Type": "Nested Loop","Parent Relationship": "Outer","Parallel Aware": false,"Async Capable": false,"Join Type": "Inner","Startup Cost": 5212.75,"Total Cost": 45303.17,"Plan Rows": 55,"Plan Width": 35,"Actual Startup Time": 20.570,"Actual Total Time": 658.735,"Actual Rows": 81810,"Actual Loops": 4,"Inner Unique": false,"Workers": [],"Plans": [{"Node Type": "Hash Join","Parent Relationship": "Outer","Parallel Aware": true,"Async Capable": false,"Join Type": "Inner","Startup Cost": 5212.32,"Total Cost": 25921.39,"Plan Rows": 18247,"Plan Width": 18,"Actual Startup Time": 20.503,"Actual Total Time": 194.617,"Actual Rows": 10904,"Actual Loops": 4,"Inner Unique": true,"Hash Cond": "(partsupp.ps_partkey = part.p_partkey)","Workers": [],"Plans": [{"Node Type": "Seq Scan","Parent Relationship": "Outer","Parallel Aware": true,"Async Capable": false,"Relation Name": "partsupp","Alias": "partsupp","Startup Cost": 0.00,"Total Cost": 20031.65,"Plan Rows": 258065,"Plan Width": 14,"Actual Startup Time": 0.015,"Actual Total Time": 41.930,"Actual Rows": 200000,"Actual Loops": 4,"Workers": []},{"Node Type": "Hash","Parent Relationship": "Inner","Parallel Aware": true,"Async Capable": false,"Startup Cost": 5138.67,"Total Cost": 5138.67,"Plan Rows": 5892,"Plan Width": 4,"Actual Startup Time": 20.326,"Actual Total Time": 20.334,"Actual Rows": 2726,"Actual Loops": 4,"Hash Buckets": 16384,"Original Hash Buckets": 16384,"Hash Batches": 1,"Original Hash Batches": 1,"Peak Memory Usage": 576,"Workers": [],"Plans": [{"Node Type": "Seq Scan","Parent Relationship": "Outer","Parallel Aware": true,"Async Capable": false,"Relation Name": "part","Alias": "part","Startup Cost": 0.00,"Total Cost": 5138.67,"Plan Rows": 5892,"Plan Width": 4,"Actual Startup Time": 0.040,"Actual Total Time": 18.599,"Actual Rows": 2726,"Actual Loops": 4,"Filter": "((p_name)::text ~~ '%firebrick%'::text)","Rows Removed by Filter": 47274,"Workers": []}]}]},{"Node Type": "Index Scan","Parent Relationship": "Inner","Parallel Aware": false,"Async Capable": false,"Scan Direction": "Forward","Index Name": "idx_lineitem_part_supp","Relation Name": "lineitem","Alias": "lineitem","Startup Cost": 0.43,"Total Cost": 1.05,"Plan Rows": 1,"Plan Width": 29,"Actual Startup Time": 0.006,"Actual Total Time": 0.041,"Actual Rows": 8,"Actual Loops": 43616,"Index Cond": "((l_partkey = partsupp.ps_partkey) AND (l_suppkey = partsupp.ps_suppkey))","Rows Removed by Index Recheck": 0,"Workers": []}]},{"Node Type": "Index Scan","Parent Relationship": "Inner","Parallel Aware": false,"Async Capable": false,"Scan Direction": "Forward","Index Name": "supplier_pkey","Relation Name": "supplier","Alias": "supplier","Startup Cost": 0.29,"Total Cost": 0.30,"Plan Rows": 1,"Plan Width": 8,"Actual Startup Time": 0.001,"Actual Total Time": 0.001,"Actual Rows": 1,"Actual Loops": 327242,"Index Cond": "(s_suppkey = lineitem.l_suppkey)","Rows Removed by Index Recheck": 0,"Workers": []}]},{"Node Type": "Index Scan","Parent Relationship": "Inner","Parallel Aware": false,"Async Capable": false,"Scan Direction": "Forward","Index Name": "orders_pkey","Relation Name": "orders","Alias": "orders","Startup Cost": 0.43,"Total Cost": 0.47,"Plan Rows": 1,"Plan Width": 8,"Actual Startup Time": 0.009,"Actual Total Time": 0.009,"Actual Rows": 1,"Actual Loops": 327242,"Index Cond": "(o_orderkey = lineitem.l_orderkey)","Rows Removed by Index Recheck": 0,"Workers": []}]},{"Node Type": "Hash","Parent Relationship": "Inner","Parallel Aware": false,"Async Capable": false,"Startup Cost": 1.25,"Total Cost": 1.25,"Plan Rows": 25,"Plan Width": 108,"Actual Startup Time": 0.064,"Actual Total Time": 0.068,"Actual Rows": 25,"Actual Loops": 4,"Hash Buckets": 1024,"Original Hash Buckets": 1024,"Hash Batches": 1,"Original Hash Batches": 1,"Peak Memory Usage": 10,"Workers": [],"Plans": [{"Node Type": "Seq Scan","Parent Relationship": "Outer","Parallel Aware": false,"Async Capable": false,"Relation Name": "nation","Alias": "nation","Startup Cost": 0.00,"Total Cost": 1.25,"Plan Rows": 25,"Plan Width": 108,"Actual Startup Time": 0.042,"Actual Total Time": 0.046,"Actual Rows": 25,"Actual Loops": 4,"Workers": []}]}]}]}]}]}]},"Planning Time": 11.442,"Triggers": [],"Execution Time": 1870.367}]
[{"Plan": {"Node Type": "Aggregate","Strategy": "Sorted","Partial Mode": "Finalize","Parallel Aware": false,"Async Capable": false,"Startup Cost": 41381.04,"Total Cost": 41397.45,"Plan Rows": 122,"Plan Width": 168,"Actual Startup Time": 2410.183,"Actual Total Time": 2543.383,"Actual Rows": 175,"Actual Loops": 1,"Group Key": ["nation.n_name", "(EXTRACT(year FROM orders.o_orderdate))"],"Plans": [{"Node Type": "Gather Merge","Parent Relationship": "Outer","Parallel Aware": false,"Async Capable": false,"Startup Cost": 41381.04,"Total Cost": 41394.60,"Plan Rows": 102,"Plan Width": 168,"Actual Startup Time": 2408.637,"Actual Total Time": 2543.001,"Actual Rows": 525,"Actual Loops": 1,"Workers Planned": 2,"Workers Launched": 2,"Plans": [{"Node Type": "Aggregate","Strategy": "Sorted","Partial Mode": "Partial","Parent Relationship": "Outer","Parallel Aware": false,"Async Capable": false,"Startup Cost": 40381.01,"Total Cost": 40382.80,"Plan Rows": 51,"Plan Width": 168,"Actual Startup Time": 2289.407,"Actual Total Time": 2404.228,"Actual Rows": 175,"Actual Loops": 3,"Group Key": ["nation.n_name", "(EXTRACT(year FROM orders.o_orderdate))"],"Workers": [],"Plans": [{"Node Type": "Sort","Parent Relationship": "Outer","Parallel Aware": false,"Async Capable": false,"Startup Cost": 40381.01,"Total Cost": 40381.14,"Plan Rows": 51,"Plan Width": 159,"Actual Startup Time": 2288.733,"Actual Total Time": 2325.888,"Actual Rows": 108248,"Actual Loops": 3,"Sort Key": ["nation.n_name", "(EXTRACT(year FROM orders.o_orderdate)) DESC"],"Sort Method": "quicksort","Sort Space Used": 13451,"Sort Space Type": "Memory","Workers": [{"Worker Number": 0,"Sort Method": "quicksort","Sort Space Used": 13987,"Sort Space Type": "Memory"},{"Worker Number": 1,"Sort Method": "quicksort","Sort Space Used": 14111,"Sort Space Type": "Memory"}],"Plans": [{"Node Type": "Hash Join","Parent Relationship": "Outer","Parallel Aware": false,"Async Capable": false,"Join Type": "Inner","Startup Cost": 3.13,"Total Cost": 40379.57,"Plan Rows": 51,"Plan Width": 159,"Actual Startup Time": 0.621,"Actual Total Time": 2139.511,"Actual Rows": 108248,"Actual Loops": 3,"Inner Unique": true,"Hash Cond": "(supplier.s_nationkey = nation.n_nationkey)","Workers": [],"Plans": [{"Node Type": "Nested Loop","Parent Relationship": "Outer","Parallel Aware": false,"Async Capable": false,"Join Type": "Inner","Startup Cost": 1.57,"Total Cost": 40377.72,"Plan Rows": 51,"Plan Width": 31,"Actual Startup Time": 0.420,"Actual Total Time": 2108.126,"Actual Rows": 108248,"Actual Loops": 3,"Inner Unique": true,"Workers": [],"Plans": [{"Node Type": "Nested Loop","Parent Relationship": "Outer","Parallel Aware": false,"Async Capable": false,"Join Type": "Inner","Startup Cost": 1.14,"Total Cost": 40354.00,"Plan Rows": 51,"Plan Width": 31,"Actual Startup Time": 0.328,"Actual Total Time": 981.432,"Actual Rows": 108248,"Actual Loops": 3,"Inner Unique": true,"Workers": [],"Plans": [{"Node Type": "Nested Loop","Parent Relationship": "Outer","Parallel Aware": false,"Async Capable": false,"Join Type": "Inner","Startup Cost": 0.86,"Total Cost": 40338.56,"Plan Rows": 51,"Plan Width": 35,"Actual Startup Time": 0.267,"Actual Total Time": 798.328,"Actual Rows": 108248,"Actual Loops": 3,"Inner Unique": false,"Workers": [],"Plans": [{"Node Type": "Nested Loop","Parent Relationship": "Outer","Parallel Aware": false,"Async Capable": false,"Join Type": "Inner","Startup Cost": 0.42,"Total Cost": 22456.59,"Plan Rows": 16835,"Plan Width": 18,"Actual Startup Time": 0.184,"Actual Total Time": 117.735,"Actual Rows": 14433,"Actual Loops": 3,"Inner Unique": false,"Workers": [],"Plans": [{"Node Type": "Seq Scan","Parent Relationship": "Outer","Parallel Aware": true,"Async Capable": false,"Relation Name": "part","Alias": "part","Startup Cost": 0.00,"Total Cost": 5138.67,"Plan Rows": 4209,"Plan Width": 4,"Actual Startup Time": 0.057,"Actual Total Time": 51.012,"Actual Rows": 3608,"Actual Loops": 3,"Filter": "((p_name)::text ~~ '%spring%'::text)","Rows Removed by Filter": 63058,"Workers": []},{"Node Type": "Index Scan","Parent Relationship": "Inner","Parallel Aware": false,"Async Capable": false,"Scan Direction": "Forward","Index Name": "idx_partsupp_partkey","Relation Name": "partsupp","Alias": "partsupp","Startup Cost": 0.42,"Total Cost": 4.07,"Plan Rows": 4,"Plan Width": 14,"Actual Startup Time": 0.014,"Actual Total Time": 0.018,"Actual Rows": 4,"Actual Loops": 10825,"Index Cond": "(ps_partkey = part.p_partkey)","Rows Removed by Index Recheck": 0,"Workers": []}]},{"Node Type": "Index Scan","Parent Relationship": "Inner","Parallel Aware": false,"Async Capable": false,"Scan Direction": "Forward","Index Name": "idx_lineitem_part_supp","Relation Name": "lineitem","Alias": "lineitem","Startup Cost": 0.43,"Total Cost": 1.05,"Plan Rows": 1,"Plan Width": 29,"Actual Startup Time": 0.007,"Actual Total Time": 0.045,"Actual Rows": 7,"Actual Loops": 43300,"Index Cond": "((l_partkey = partsupp.ps_partkey) AND (l_suppkey = partsupp.ps_suppkey))","Rows Removed by Index Recheck": 0,"Workers": []}]},{"Node Type": "Index Scan","Parent Relationship": "Inner","Parallel Aware": false,"Async Capable": false,"Scan Direction": "Forward","Index Name": "supplier_pkey","Relation Name": "supplier","Alias": "supplier","Startup Cost": 0.29,"Total Cost": 0.30,"Plan Rows": 1,"Plan Width": 8,"Actual Startup Time": 0.001,"Actual Total Time": 0.001,"Actual Rows": 1,"Actual Loops": 324744,"Index Cond": "(s_suppkey = lineitem.l_suppkey)","Rows Removed by Index Recheck": 0,"Workers": []}]},{"Node Type": "Index Scan","Parent Relationship": "Inner","Parallel Aware": false,"Async Capable": false,"Scan Direction": "Forward","Index Name": "orders_pkey","Relation Name": "orders","Alias": "orders","Startup Cost": 0.43,"Total Cost": 0.47,"Plan Rows": 1,"Plan Width": 8,"Actual Startup Time": 0.010,"Actual Total Time": 0.010,"Actual Rows": 1,"Actual Loops": 324744,"Index Cond": "(o_orderkey = lineitem.l_orderkey)","Rows Removed by Index Recheck": 0,"Workers": []}]},{"Node Type": "Hash","Parent Relationship": "Inner","Parallel Aware": false,"Async Capable": false,"Startup Cost": 1.25,"Total Cost": 1.25,"Plan Rows": 25,"Plan Width": 108,"Actual Startup Time": 0.096,"Actual Total Time": 0.104,"Actual Rows": 25,"Actual Loops": 3,"Hash Buckets": 1024,"Original Hash Buckets": 1024,"Hash Batches": 1,"Original Hash Batches": 1,"Peak Memory Usage": 10,"Workers": [],"Plans": [{"Node Type": "Seq Scan","Parent Relationship": "Outer","Parallel Aware": false,"Async Capable": false,"Relation Name": "nation","Alias": "nation","Startup Cost": 0.00,"Total Cost": 1.25,"Plan Rows": 25,"Plan Width": 108,"Actual Startup Time": 0.062,"Actual Total Time": 0.069,"Actual Rows": 25,"Actual Loops": 3,"Workers": []}]}]}]}]}]}]},"Planning Time": 11.565,"Triggers": [],"Execution Time": 2547.363}]
[{"Plan": {"Node Type": "Aggregate","Strategy": "Sorted","Partial Mode": "Finalize","Parallel Aware": false,"Async Capable": false,"Startup Cost": 41381.04,"Total Cost": 41397.45,"Plan Rows": 122,"Plan Width": 168,"Actual Startup Time": 2451.259,"Actual Total Time": 2559.957,"Actual Rows": 175,"Actual Loops": 1,"Group Key": ["nation.n_name", "(EXTRACT(year FROM orders.o_orderdate))"],"Plans": [{"Node Type": "Gather Merge","Parent Relationship": "Outer","Parallel Aware": false,"Async Capable": false,"Startup Cost": 41381.04,"Total Cost": 41394.60,"Plan Rows": 102,"Plan Width": 168,"Actual Startup Time": 2449.596,"Actual Total Time": 2559.597,"Actual Rows": 525,"Actual Loops": 1,"Workers Planned": 2,"Workers Launched": 2,"Plans": [{"Node Type": "Aggregate","Strategy": "Sorted","Partial Mode": "Partial","Parent Relationship": "Outer","Parallel Aware": false,"Async Capable": false,"Startup Cost": 40381.01,"Total Cost": 40382.80,"Plan Rows": 51,"Plan Width": 168,"Actual Startup Time": 2354.227,"Actual Total Time": 2477.890,"Actual Rows": 175,"Actual Loops": 3,"Group Key": ["nation.n_name", "(EXTRACT(year FROM orders.o_orderdate))"],"Workers": [],"Plans": [{"Node Type": "Sort","Parent Relationship": "Outer","Parallel Aware": false,"Async Capable": false,"Startup Cost": 40381.01,"Total Cost": 40381.14,"Plan Rows": 51,"Plan Width": 159,"Actual Startup Time": 2353.659,"Actual Total Time": 2394.615,"Actual Rows": 109711,"Actual Loops": 3,"Sort Key": ["nation.n_name", "(EXTRACT(year FROM orders.o_orderdate)) DESC"],"Sort Method": "quicksort","Sort Space Used": 14760,"Sort Space Type": "Memory","Workers": [{"Worker Number": 0,"Sort Method": "quicksort","Sort Space Used": 13620,"Sort Space Type": "Memory"},{"Worker Number": 1,"Sort Method": "quicksort","Sort Space Used": 13610,"Sort Space Type": "Memory"}],"Plans": [{"Node Type": "Hash Join","Parent Relationship": "Outer","Parallel Aware": false,"Async Capable": false,"Join Type": "Inner","Startup Cost": 3.13,"Total Cost": 40379.57,"Plan Rows": 51,"Plan Width": 159,"Actual Startup Time": 0.805,"Actual Total Time": 2206.423,"Actual Rows": 109711,"Actual Loops": 3,"Inner Unique": true,"Hash Cond": "(supplier.s_nationkey = nation.n_nationkey)","Workers": [],"Plans": [{"Node Type": "Nested Loop","Parent Relationship": "Outer","Parallel Aware": false,"Async Capable": false,"Join Type": "Inner","Startup Cost": 1.57,"Total Cost": 40377.72,"Plan Rows": 51,"Plan Width": 31,"Actual Startup Time": 0.608,"Actual Total Time": 2174.506,"Actual Rows": 109711,"Actual Loops": 3,"Inner Unique": true,"Workers": [],"Plans": [{"Node Type": "Nested Loop","Parent Relationship": "Outer","Parallel Aware": false,"Async Capable": false,"Join Type": "Inner","Startup Cost": 1.14,"Total Cost": 40354.00,"Plan Rows": 51,"Plan Width": 31,"Actual Startup Time": 0.463,"Actual Total Time": 1012.005,"Actual Rows": 109711,"Actual Loops": 3,"Inner Unique": true,"Workers": [],"Plans": [{"Node Type": "Nested Loop","Parent Relationship": "Outer","Parallel Aware": false,"Async Capable": false,"Join Type": "Inner","Startup Cost": 0.86,"Total Cost": 40338.56,"Plan Rows": 51,"Plan Width": 35,"Actual Startup Time": 0.379,"Actual Total Time": 824.842,"Actual Rows": 109711,"Actual Loops": 3,"Inner Unique": false,"Workers": [],"Plans": [{"Node Type": "Nested Loop","Parent Relationship": "Outer","Parallel Aware": false,"Async Capable": false,"Join Type": "Inner","Startup Cost": 0.42,"Total Cost": 22456.59,"Plan Rows": 16835,"Plan Width": 18,"Actual Startup Time": 0.239,"Actual Total Time": 115.107,"Actual Rows": 14620,"Actual Loops": 3,"Inner Unique": false,"Workers": [],"Plans": [{"Node Type": "Seq Scan","Parent Relationship": "Outer","Parallel Aware": true,"Async Capable": false,"Relation Name": "part","Alias": "part","Startup Cost": 0.00,"Total Cost": 5138.67,"Plan Rows": 4209,"Plan Width": 4,"Actual Startup Time": 0.070,"Actual Total Time": 48.754,"Actual Rows": 3655,"Actual Loops": 3,"Filter": "((p_name)::text ~~ '%blanched%'::text)","Rows Removed by Filter": 63012,"Workers": []},{"Node Type": "Index Scan","Parent Relationship": "Inner","Parallel Aware": false,"Async Capable": false,"Scan Direction": "Forward","Index Name": "idx_partsupp_partkey","Relation Name": "partsupp","Alias": "partsupp","Startup Cost": 0.42,"Total Cost": 4.07,"Plan Rows": 4,"Plan Width": 14,"Actual Startup Time": 0.014,"Actual Total Time": 0.017,"Actual Rows": 4,"Actual Loops": 10965,"Index Cond": "(ps_partkey = part.p_partkey)","Rows Removed by Index Recheck": 0,"Workers": []}]},{"Node Type": "Index Scan","Parent Relationship": "Inner","Parallel Aware": false,"Async Capable": false,"Scan Direction": "Forward","Index Name": "idx_lineitem_part_supp","Relation Name": "lineitem","Alias": "lineitem","Startup Cost": 0.43,"Total Cost": 1.05,"Plan Rows": 1,"Plan Width": 29,"Actual Startup Time": 0.007,"Actual Total Time": 0.047,"Actual Rows": 8,"Actual Loops": 43860,"Index Cond": "((l_partkey = partsupp.ps_partkey) AND (l_suppkey = partsupp.ps_suppkey))","Rows Removed by Index Recheck": 0,"Workers": []}]},{"Node Type": "Index Scan","Parent Relationship": "Inner","Parallel Aware": false,"Async Capable": false,"Scan Direction": "Forward","Index Name": "supplier_pkey","Relation Name": "supplier","Alias": "supplier","Startup Cost": 0.29,"Total Cost": 0.30,"Plan Rows": 1,"Plan Width": 8,"Actual Startup Time": 0.001,"Actual Total Time": 0.001,"Actual Rows": 1,"Actual Loops": 329134,"Index Cond": "(s_suppkey = lineitem.l_suppkey)","Rows Removed by Index Recheck": 0,"Workers": []}]},{"Node Type": "Index Scan","Parent Relationship": "Inner","Parallel Aware": false,"Async Capable": false,"Scan Direction": "Forward","Index Name": "orders_pkey","Relation Name": "orders","Alias": "orders","Startup Cost": 0.43,"Total Cost": 0.47,"Plan Rows": 1,"Plan Width": 8,"Actual Startup Time": 0.010,"Actual Total Time": 0.010,"Actual Rows": 1,"Actual Loops": 329134,"Index Cond": "(o_orderkey = lineitem.l_orderkey)","Rows Removed by Index Recheck": 0,"Workers": []}]},{"Node Type": "Hash","Parent Relationship": "Inner","Parallel Aware": false,"Async Capable": false,"Startup Cost": 1.25,"Total Cost": 1.25,"Plan Rows": 25,"Plan Width": 108,"Actual Startup Time": 0.089,"Actual Total Time": 0.097,"Actual Rows": 25,"Actual Loops": 3,"Hash Buckets": 1024,"Original Hash Buckets": 1024,"Hash Batches": 1,"Original Hash Batches": 1,"Peak Memory Usage": 10,"Workers": [],"Plans": [{"Node Type": "Seq Scan","Parent Relationship": "Outer","Parallel Aware": false,"Async Capable": false,"Relation Name": "nation","Alias": "nation","Startup Cost": 0.00,"Total Cost": 1.25,"Plan Rows": 25,"Plan Width": 108,"Actual Startup Time": 0.061,"Actual Total Time": 0.066,"Actual Rows": 25,"Actual Loops": 3,"Workers": []}]}]}]}]}]}]},"Planning Time": 11.831,"Triggers": [],"Execution Time": 2562.813}]
[{"Plan": {"Node Type": "Aggregate","Strategy": "Sorted","Partial Mode": "Finalize","Parallel Aware": false,"Async Capable": false,"Startup Cost": 46348.90,"Total Cost": 46374.41,"Plan Rows": 170,"Plan Width": 168,"Actual Startup Time": 1757.899,"Actual Total Time": 1871.868,"Actual Rows": 175,"Actual Loops": 1,"Group Key": ["nation.n_name", "(EXTRACT(year FROM orders.o_orderdate))"],"Plans": [{"Node Type": "Gather Merge","Parent Relationship": "Outer","Parallel Aware": false,"Async Capable": false,"Startup Cost": 46348.90,"Total Cost": 46370.21,"Plan Rows": 165,"Plan Width": 168,"Actual Startup Time": 1756.503,"Actual Total Time": 1871.427,"Actual Rows": 700,"Actual Loops": 1,"Workers Planned": 3,"Workers Launched": 3,"Plans": [{"Node Type": "Aggregate","Strategy": "Sorted","Partial Mode": "Partial","Parent Relationship": "Outer","Parallel Aware": false,"Async Capable": false,"Startup Cost": 45348.86,"Total Cost": 45350.79,"Plan Rows": 55,"Plan Width": 168,"Actual Startup Time": 1668.919,"Actual Total Time": 1766.305,"Actual Rows": 175,"Actual Loops": 4,"Group Key": ["nation.n_name", "(EXTRACT(year FROM orders.o_orderdate))"],"Workers": [],"Plans": [{"Node Type": "Sort","Parent Relationship": "Outer","Parallel Aware": false,"Async Capable": false,"Startup Cost": 45348.86,"Total Cost": 45349.00,"Plan Rows": 55,"Plan Width": 159,"Actual Startup Time": 1668.444,"Actual Total Time": 1703.145,"Actual Rows": 83038,"Actual Loops": 4,"Sort Key": ["nation.n_name", "(EXTRACT(year FROM orders.o_orderdate)) DESC"],"Sort Method": "quicksort","Sort Space Used": 11548,"Sort Space Type": "Memory","Workers": [{"Worker Number": 0,"Sort Method": "quicksort","Sort Space Used": 11418,"Sort Space Type": "Memory"},{"Worker Number": 1,"Sort Method": "quicksort","Sort Space Used": 11149,"Sort Space Type": "Memory"},{"Worker Number": 2,"Sort Method": "quicksort","Sort Space Used": 11246,"Sort Space Type": "Memory"}],"Plans": [{"Node Type": "Hash Join","Parent Relationship": "Outer","Parallel Aware": false,"Async Capable": false,"Join Type": "Inner","Startup Cost": 5215.02,"Total Cost": 45347.27,"Plan Rows": 55,"Plan Width": 159,"Actual Startup Time": 21.688,"Actual Total Time": 1565.255,"Actual Rows": 83038,"Actual Loops": 4,"Inner Unique": true,"Hash Cond": "(supplier.s_nationkey = nation.n_nationkey)","Workers": [],"Plans": [{"Node Type": "Nested Loop","Parent Relationship": "Outer","Parallel Aware": false,"Async Capable": false,"Join Type": "Inner","Startup Cost": 5213.46,"Total Cost": 45345.40,"Plan Rows": 55,"Plan Width": 31,"Actual Startup Time": 21.499,"Actual Total Time": 1541.205,"Actual Rows": 83038,"Actual Loops": 4,"Inner Unique": true,"Workers": [],"Plans": [{"Node Type": "Nested Loop","Parent Relationship": "Outer","Parallel Aware": false,"Async Capable": false,"Join Type": "Inner","Startup Cost": 5213.03,"Total Cost": 45319.82,"Plan Rows": 55,"Plan Width": 31,"Actual Startup Time": 21.433,"Actual Total Time": 798.756,"Actual Rows": 83038,"Actual Loops": 4,"Inner Unique": true,"Workers": [],"Plans": [{"Node Type": "Nested Loop","Parent Relationship": "Outer","Parallel Aware": false,"Async Capable": false,"Join Type": "Inner","Startup Cost": 5212.75,"Total Cost": 45303.17,"Plan Rows": 55,"Plan Width": 35,"Actual Startup Time": 21.394,"Actual Total Time": 659.573,"Actual Rows": 83038,"Actual Loops": 4,"Inner Unique": false,"Workers": [],"Plans": [{"Node Type": "Hash Join","Parent Relationship": "Outer","Parallel Aware": true,"Async Capable": false,"Join Type": "Inner","Startup Cost": 5212.32,"Total Cost": 25921.39,"Plan Rows": 18247,"Plan Width": 18,"Actual Startup Time": 21.331,"Actual Total Time": 195.916,"Actual Rows": 11075,"Actual Loops": 4,"Inner Unique": true,"Hash Cond": "(partsupp.ps_partkey = part.p_partkey)","Workers": [],"Plans": [{"Node Type": "Seq Scan","Parent Relationship": "Outer","Parallel Aware": true,"Async Capable": false,"Relation Name": "partsupp","Alias": "partsupp","Startup Cost": 0.00,"Total Cost": 20031.65,"Plan Rows": 258065,"Plan Width": 14,"Actual Startup Time": 0.015,"Actual Total Time": 42.252,"Actual Rows": 200000,"Actual Loops": 4,"Workers": []},{"Node Type": "Hash","Parent Relationship": "Inner","Parallel Aware": true,"Async Capable": false,"Startup Cost": 5138.67,"Total Cost": 5138.67,"Plan Rows": 5892,"Plan Width": 4,"Actual Startup Time": 21.111,"Actual Total Time": 21.124,"Actual Rows": 2769,"Actual Loops": 4,"Hash Buckets": 16384,"Original Hash Buckets": 16384,"Hash Batches": 1,"Original Hash Batches": 1,"Peak Memory Usage": 608,"Workers": [],"Plans": [{"Node Type": "Seq Scan","Parent Relationship": "Outer","Parallel Aware": true,"Async Capable": false,"Relation Name": "part","Alias": "part","Startup Cost": 0.00,"Total Cost": 5138.67,"Plan Rows": 5892,"Plan Width": 4,"Actual Startup Time": 0.069,"Actual Total Time": 19.514,"Actual Rows": 2769,"Actual Loops": 4,"Filter": "((p_name)::text ~~ '%tan%'::text)","Rows Removed by Filter": 47231,"Workers": []}]}]},{"Node Type": "Index Scan","Parent Relationship": "Inner","Parallel Aware": false,"Async Capable": false,"Scan Direction": "Forward","Index Name": "idx_lineitem_part_supp","Relation Name": "lineitem","Alias": "lineitem","Startup Cost": 0.43,"Total Cost": 1.05,"Plan Rows": 1,"Plan Width": 29,"Actual Startup Time": 0.006,"Actual Total Time": 0.040,"Actual Rows": 7,"Actual Loops": 44300,"Index Cond": "((l_partkey = partsupp.ps_partkey) AND (l_suppkey = partsupp.ps_suppkey))","Rows Removed by Index Recheck": 0,"Workers": []}]},{"Node Type": "Index Scan","Parent Relationship": "Inner","Parallel Aware": false,"Async Capable": false,"Scan Direction": "Forward","Index Name": "supplier_pkey","Relation Name": "supplier","Alias": "supplier","Startup Cost": 0.29,"Total Cost": 0.30,"Plan Rows": 1,"Plan Width": 8,"Actual Startup Time": 0.001,"Actual Total Time": 0.001,"Actual Rows": 1,"Actual Loops": 332152,"Index Cond": "(s_suppkey = lineitem.l_suppkey)","Rows Removed by Index Recheck": 0,"Workers": []}]},{"Node Type": "Index Scan","Parent Relationship": "Inner","Parallel Aware": false,"Async Capable": false,"Scan Direction": "Forward","Index Name": "orders_pkey","Relation Name": "orders","Alias": "orders","Startup Cost": 0.43,"Total Cost": 0.47,"Plan Rows": 1,"Plan Width": 8,"Actual Startup Time": 0.009,"Actual Total Time": 0.009,"Actual Rows": 1,"Actual Loops": 332152,"Index Cond": "(o_orderkey = lineitem.l_orderkey)","Rows Removed by Index Recheck": 0,"Workers": []}]},{"Node Type": "Hash","Parent Relationship": "Inner","Parallel Aware": false,"Async Capable": false,"Startup Cost": 1.25,"Total Cost": 1.25,"Plan Rows": 25,"Plan Width": 108,"Actual Startup Time": 0.081,"Actual Total Time": 0.088,"Actual Rows": 25,"Actual Loops": 4,"Hash Buckets": 1024,"Original Hash Buckets": 1024,"Hash Batches": 1,"Original Hash Batches": 1,"Peak Memory Usage": 10,"Workers": [],"Plans": [{"Node Type": "Seq Scan","Parent Relationship": "Outer","Parallel Aware": false,"Async Capable": false,"Relation Name": "nation","Alias": "nation","Startup Cost": 0.00,"Total Cost": 1.25,"Plan Rows": 25,"Plan Width": 108,"Actual Startup Time": 0.052,"Actual Total Time": 0.059,"Actual Rows": 25,"Actual Loops": 4,"Workers": []}]}]}]}]}]}]},"Planning Time": 11.717,"Triggers": [],"Execution Time": 1872.853}]
[{"Plan": {"Node Type": "Aggregate","Strategy": "Sorted","Partial Mode": "Finalize","Parallel Aware": false,"Async Capable": false,"Startup Cost": 35224.41,"Total Cost": 35237.30,"Plan Rows": 97,"Plan Width": 168,"Actual Startup Time": 2411.970,"Actual Total Time": 2542.231,"Actual Rows": 175,"Actual Loops": 1,"Group Key": ["nation.n_name", "(EXTRACT(year FROM orders.o_orderdate))"],"Plans": [{"Node Type": "Gather Merge","Parent Relationship": "Outer","Parallel Aware": false,"Async Capable": false,"Startup Cost": 35224.41,"Total Cost": 35235.05,"Plan Rows": 80,"Plan Width": 168,"Actual Startup Time": 2410.474,"Actual Total Time": 2541.844,"Actual Rows": 525,"Actual Loops": 1,"Workers Planned": 2,"Workers Launched": 2,"Plans": [{"Node Type": "Aggregate","Strategy": "Sorted","Partial Mode": "Partial","Parent Relationship": "Outer","Parallel Aware": false,"Async Capable": false,"Startup Cost": 34224.39,"Total Cost": 34225.79,"Plan Rows": 40,"Plan Width": 168,"Actual Startup Time": 2320.435,"Actual Total Time": 2432.397,"Actual Rows": 175,"Actual Loops": 3,"Group Key": ["nation.n_name", "(EXTRACT(year FROM orders.o_orderdate))"],"Workers": [],"Plans": [{"Node Type": "Sort","Parent Relationship": "Outer","Parallel Aware": false,"Async Capable": false,"Startup Cost": 34224.39,"Total Cost": 34224.49,"Plan Rows": 40,"Plan Width": 159,"Actual Startup Time": 2319.894,"Actual Total Time": 2355.791,"Actual Rows": 108368,"Actual Loops": 3,"Sort Key": ["nation.n_name", "(EXTRACT(year FROM orders.o_orderdate)) DESC"],"Sort Method": "quicksort","Sort Space Used": 13552,"Sort Space Type": "Memory","Workers": [{"Worker Number": 0,"Sort Method": "quicksort","Sort Space Used": 13515,"Sort Space Type": "Memory"},{"Worker Number": 1,"Sort Method": "quicksort","Sort Space Used": 14525,"Sort Space Type": "Memory"}],"Plans": [{"Node Type": "Hash Join","Parent Relationship": "Outer","Parallel Aware": false,"Async Capable": false,"Join Type": "Inner","Startup Cost": 3.13,"Total Cost": 34223.32,"Plan Rows": 40,"Plan Width": 159,"Actual Startup Time": 0.613,"Actual Total Time": 2175.485,"Actual Rows": 108368,"Actual Loops": 3,"Inner Unique": true,"Hash Cond": "(supplier.s_nationkey = nation.n_nationkey)","Workers": [],"Plans": [{"Node Type": "Nested Loop","Parent Relationship": "Outer","Parallel Aware": false,"Async Capable": false,"Join Type": "Inner","Startup Cost": 1.57,"Total Cost": 34221.53,"Plan Rows": 40,"Plan Width": 31,"Actual Startup Time": 0.446,"Actual Total Time": 2144.696,"Actual Rows": 108368,"Actual Loops": 3,"Inner Unique": true,"Workers": [],"Plans": [{"Node Type": "Nested Loop","Parent Relationship": "Outer","Parallel Aware": false,"Async Capable": false,"Join Type": "Inner","Startup Cost": 1.14,"Total Cost": 34202.93,"Plan Rows": 40,"Plan Width": 31,"Actual Startup Time": 0.336,"Actual Total Time": 1000.816,"Actual Rows": 108368,"Actual Loops": 3,"Inner Unique": true,"Workers": [],"Plans": [{"Node Type": "Nested Loop","Parent Relationship": "Outer","Parallel Aware": false,"Async Capable": false,"Join Type": "Inner","Startup Cost": 0.86,"Total Cost": 34190.82,"Plan Rows": 40,"Plan Width": 35,"Actual Startup Time": 0.253,"Actual Total Time": 815.957,"Actual Rows": 108368,"Actual Loops": 3,"Inner Unique": false,"Workers": [],"Plans": [{"Node Type": "Nested Loop","Parent Relationship": "Outer","Parallel Aware": false,"Async Capable": false,"Join Type": "Inner","Startup Cost": 0.42,"Total Cost": 19885.25,"Plan Rows": 13468,"Plan Width": 18,"Actual Startup Time": 0.137,"Actual Total Time": 114.142,"Actual Rows": 14429,"Actual Loops": 3,"Inner Unique": false,"Workers": [],"Plans": [{"Node Type": "Seq Scan","Parent Relationship": "Outer","Parallel Aware": true,"Async Capable": false,"Relation Name": "part","Alias": "part","Startup Cost": 0.00,"Total Cost": 5138.67,"Plan Rows": 3367,"Plan Width": 4,"Actual Startup Time": 0.039,"Actual Total Time": 49.163,"Actual Rows": 3607,"Actual Loops": 3,"Filter": "((p_name)::text ~~ '%slate%'::text)","Rows Removed by Filter": 63059,"Workers": []},{"Node Type": "Index Scan","Parent Relationship": "Inner","Parallel Aware": false,"Async Capable": false,"Scan Direction": "Forward","Index Name": "idx_partsupp_partkey","Relation Name": "partsupp","Alias": "partsupp","Startup Cost": 0.42,"Total Cost": 4.34,"Plan Rows": 4,"Plan Width": 14,"Actual Startup Time": 0.014,"Actual Total Time": 0.017,"Actual Rows": 4,"Actual Loops": 10822,"Index Cond": "(ps_partkey = part.p_partkey)","Rows Removed by Index Recheck": 0,"Workers": []}]},{"Node Type": "Index Scan","Parent Relationship": "Inner","Parallel Aware": false,"Async Capable": false,"Scan Direction": "Forward","Index Name": "idx_lineitem_part_supp","Relation Name": "lineitem","Alias": "lineitem","Startup Cost": 0.43,"Total Cost": 1.05,"Plan Rows": 1,"Plan Width": 29,"Actual Startup Time": 0.007,"Actual Total Time": 0.047,"Actual Rows": 8,"Actual Loops": 43288,"Index Cond": "((l_partkey = partsupp.ps_partkey) AND (l_suppkey = partsupp.ps_suppkey))","Rows Removed by Index Recheck": 0,"Workers": []}]},{"Node Type": "Index Scan","Parent Relationship": "Inner","Parallel Aware": false,"Async Capable": false,"Scan Direction": "Forward","Index Name": "supplier_pkey","Relation Name": "supplier","Alias": "supplier","Startup Cost": 0.29,"Total Cost": 0.30,"Plan Rows": 1,"Plan Width": 8,"Actual Startup Time": 0.001,"Actual Total Time": 0.001,"Actual Rows": 1,"Actual Loops": 325104,"Index Cond": "(s_suppkey = lineitem.l_suppkey)","Rows Removed by Index Recheck": 0,"Workers": []}]},{"Node Type": "Index Scan","Parent Relationship": "Inner","Parallel Aware": false,"Async Capable": false,"Scan Direction": "Forward","Index Name": "orders_pkey","Relation Name": "orders","Alias": "orders","Startup Cost": 0.43,"Total Cost": 0.47,"Plan Rows": 1,"Plan Width": 8,"Actual Startup Time": 0.010,"Actual Total Time": 0.010,"Actual Rows": 1,"Actual Loops": 325104,"Index Cond": "(o_orderkey = lineitem.l_orderkey)","Rows Removed by Index Recheck": 0,"Workers": []}]},{"Node Type": "Hash","Parent Relationship": "Inner","Parallel Aware": false,"Async Capable": false,"Startup Cost": 1.25,"Total Cost": 1.25,"Plan Rows": 25,"Plan Width": 108,"Actual Startup Time": 0.075,"Actual Total Time": 0.082,"Actual Rows": 25,"Actual Loops": 3,"Hash Buckets": 1024,"Original Hash Buckets": 1024,"Hash Batches": 1,"Original Hash Batches": 1,"Peak Memory Usage": 10,"Workers": [],"Plans": [{"Node Type": "Seq Scan","Parent Relationship": "Outer","Parallel Aware": false,"Async Capable": false,"Relation Name": "nation","Alias": "nation","Startup Cost": 0.00,"Total Cost": 1.25,"Plan Rows": 25,"Plan Width": 108,"Actual Startup Time": 0.049,"Actual Total Time": 0.055,"Actual Rows": 25,"Actual Loops": 3,"Workers": []}]}]}]}]}]}]},"Planning Time": 12.486,"Triggers": [],"Execution Time": 2545.219}]
[{"Plan": {"Node Type": "Aggregate","Strategy": "Sorted","Partial Mode": "Finalize","Parallel Aware": false,"Async Capable": false,"Startup Cost": 46348.90,"Total Cost": 46374.41,"Plan Rows": 170,"Plan Width": 168,"Actual Startup Time": 1758.233,"Actual Total Time": 1875.547,"Actual Rows": 175,"Actual Loops": 1,"Group Key": ["nation.n_name", "(EXTRACT(year FROM orders.o_orderdate))"],"Plans": [{"Node Type": "Gather Merge","Parent Relationship": "Outer","Parallel Aware": false,"Async Capable": false,"Startup Cost": 46348.90,"Total Cost": 46370.21,"Plan Rows": 165,"Plan Width": 168,"Actual Startup Time": 1756.865,"Actual Total Time": 1875.050,"Actual Rows": 700,"Actual Loops": 1,"Workers Planned": 3,"Workers Launched": 3,"Plans": [{"Node Type": "Aggregate","Strategy": "Sorted","Partial Mode": "Partial","Parent Relationship": "Outer","Parallel Aware": false,"Async Capable": false,"Startup Cost": 45348.86,"Total Cost": 45350.79,"Plan Rows": 55,"Plan Width": 168,"Actual Startup Time": 1673.664,"Actual Total Time": 1769.994,"Actual Rows": 175,"Actual Loops": 4,"Group Key": ["nation.n_name", "(EXTRACT(year FROM orders.o_orderdate))"],"Workers": [],"Plans": [{"Node Type": "Sort","Parent Relationship": "Outer","Parallel Aware": false,"Async Capable": false,"Startup Cost": 45348.86,"Total Cost": 45349.00,"Plan Rows": 55,"Plan Width": 159,"Actual Startup Time": 1673.252,"Actual Total Time": 1706.988,"Actual Rows": 83328,"Actual Loops": 4,"Sort Key": ["nation.n_name", "(EXTRACT(year FROM orders.o_orderdate)) DESC"],"Sort Method": "quicksort","Sort Space Used": 11554,"Sort Space Type": "Memory","Workers": [{"Worker Number": 0,"Sort Method": "quicksort","Sort Space Used": 11442,"Sort Space Type": "Memory"},{"Worker Number": 1,"Sort Method": "quicksort","Sort Space Used": 11267,"Sort Space Type": "Memory"},{"Worker Number": 2,"Sort Method": "quicksort","Sort Space Used": 11217,"Sort Space Type": "Memory"}],"Plans": [{"Node Type": "Hash Join","Parent Relationship": "Outer","Parallel Aware": false,"Async Capable": false,"Join Type": "Inner","Startup Cost": 5215.02,"Total Cost": 45347.27,"Plan Rows": 55,"Plan Width": 159,"Actual Startup Time": 21.738,"Actual Total Time": 1570.538,"Actual Rows": 83328,"Actual Loops": 4,"Inner Unique": true,"Hash Cond": "(supplier.s_nationkey = nation.n_nationkey)","Workers": [],"Plans": [{"Node Type": "Nested Loop","Parent Relationship": "Outer","Parallel Aware": false,"Async Capable": false,"Join Type": "Inner","Startup Cost": 5213.46,"Total Cost": 45345.40,"Plan Rows": 55,"Plan Width": 31,"Actual Startup Time": 21.537,"Actual Total Time": 1546.521,"Actual Rows": 83328,"Actual Loops": 4,"Inner Unique": true,"Workers": [],"Plans": [{"Node Type": "Nested Loop","Parent Relationship": "Outer","Parallel Aware": false,"Async Capable": false,"Join Type": "Inner","Startup Cost": 5213.03,"Total Cost": 45319.82,"Plan Rows": 55,"Plan Width": 31,"Actual Startup Time": 21.473,"Actual Total Time": 802.646,"Actual Rows": 83328,"Actual Loops": 4,"Inner Unique": true,"Workers": [],"Plans": [{"Node Type": "Nested Loop","Parent Relationship": "Outer","Parallel Aware": false,"Async Capable": false,"Join Type": "Inner","Startup Cost": 5212.75,"Total Cost": 45303.17,"Plan Rows": 55,"Plan Width": 35,"Actual Startup Time": 21.432,"Actual Total Time": 663.395,"Actual Rows": 83328,"Actual Loops": 4,"Inner Unique": false,"Workers": [],"Plans": [{"Node Type": "Hash Join","Parent Relationship": "Outer","Parallel Aware": true,"Async Capable": false,"Join Type": "Inner","Startup Cost": 5212.32,"Total Cost": 25921.39,"Plan Rows": 18247,"Plan Width": 18,"Actual Startup Time": 21.375,"Actual Total Time": 197.392,"Actual Rows": 11082,"Actual Loops": 4,"Inner Unique": true,"Hash Cond": "(partsupp.ps_partkey = part.p_partkey)","Workers": [],"Plans": [{"Node Type": "Seq Scan","Parent Relationship": "Outer","Parallel Aware": true,"Async Capable": false,"Relation Name": "partsupp","Alias": "partsupp","Startup Cost": 0.00,"Total Cost": 20031.65,"Plan Rows": 258065,"Plan Width": 14,"Actual Startup Time": 0.017,"Actual Total Time": 42.711,"Actual Rows": 200000,"Actual Loops": 4,"Workers": []},{"Node Type": "Hash","Parent Relationship": "Inner","Parallel Aware": true,"Async Capable": false,"Startup Cost": 5138.67,"Total Cost": 5138.67,"Plan Rows": 5892,"Plan Width": 4,"Actual Startup Time": 21.186,"Actual Total Time": 21.198,"Actual Rows": 2770,"Actual Loops": 4,"Hash Buckets": 16384,"Original Hash Buckets": 16384,"Hash Batches": 1,"Original Hash Batches": 1,"Peak Memory Usage": 608,"Workers": [],"Plans": [{"Node Type": "Seq Scan","Parent Relationship": "Outer","Parallel Aware": true,"Async Capable": false,"Relation Name": "part","Alias": "part","Startup Cost": 0.00,"Total Cost": 5138.67,"Plan Rows": 5892,"Plan Width": 4,"Actual Startup Time": 0.056,"Actual Total Time": 19.572,"Actual Rows": 2770,"Actual Loops": 4,"Filter": "((p_name)::text ~~ '%cyan%'::text)","Rows Removed by Filter": 47230,"Workers": []}]}]},{"Node Type": "Index Scan","Parent Relationship": "Inner","Parallel Aware": false,"Async Capable": false,"Scan Direction": "Forward","Index Name": "idx_lineitem_part_supp","Relation Name": "lineitem","Alias": "lineitem","Startup Cost": 0.43,"Total Cost": 1.05,"Plan Rows": 1,"Plan Width": 29,"Actual Startup Time": 0.006,"Actual Total Time": 0.040,"Actual Rows": 8,"Actual Loops": 44328,"Index Cond": "((l_partkey = partsupp.ps_partkey) AND (l_suppkey = partsupp.ps_suppkey))","Rows Removed by Index Recheck": 0,"Workers": []}]},{"Node Type": "Index Scan","Parent Relationship": "Inner","Parallel Aware": false,"Async Capable": false,"Scan Direction": "Forward","Index Name": "supplier_pkey","Relation Name": "supplier","Alias": "supplier","Startup Cost": 0.29,"Total Cost": 0.30,"Plan Rows": 1,"Plan Width": 8,"Actual Startup Time": 0.001,"Actual Total Time": 0.001,"Actual Rows": 1,"Actual Loops": 333310,"Index Cond": "(s_suppkey = lineitem.l_suppkey)","Rows Removed by Index Recheck": 0,"Workers": []}]},{"Node Type": "Index Scan","Parent Relationship": "Inner","Parallel Aware": false,"Async Capable": false,"Scan Direction": "Forward","Index Name": "orders_pkey","Relation Name": "orders","Alias": "orders","Startup Cost": 0.43,"Total Cost": 0.47,"Plan Rows": 1,"Plan Width": 8,"Actual Startup Time": 0.009,"Actual Total Time": 0.009,"Actual Rows": 1,"Actual Loops": 333310,"Index Cond": "(o_orderkey = lineitem.l_orderkey)","Rows Removed by Index Recheck": 0,"Workers": []}]},{"Node Type": "Hash","Parent Relationship": "Inner","Parallel Aware": false,"Async Capable": false,"Startup Cost": 1.25,"Total Cost": 1.25,"Plan Rows": 25,"Plan Width": 108,"Actual Startup Time": 0.090,"Actual Total Time": 0.098,"Actual Rows": 25,"Actual Loops": 4,"Hash Buckets": 1024,"Original Hash Buckets": 1024,"Hash Batches": 1,"Original Hash Batches": 1,"Peak Memory Usage": 10,"Workers": [],"Plans": [{"Node Type": "Seq Scan","Parent Relationship": "Outer","Parallel Aware": false,"Async Capable": false,"Relation Name": "nation","Alias": "nation","Startup Cost": 0.00,"Total Cost": 1.25,"Plan Rows": 25,"Plan Width": 108,"Actual Startup Time": 0.055,"Actual Total Time": 0.063,"Actual Rows": 25,"Actual Loops": 4,"Workers": []}]}]}]}]}]}]},"Planning Time": 12.548,"Triggers": [],"Execution Time": 1876.920}]
[{"Plan": {"Node Type": "Aggregate","Strategy": "Sorted","Partial Mode": "Finalize","Parallel Aware": false,"Async Capable": false,"Startup Cost": 35224.41,"Total Cost": 35237.30,"Plan Rows": 97,"Plan Width": 168,"Actual Startup Time": 2409.386,"Actual Total Time": 2518.760,"Actual Rows": 175,"Actual Loops": 1,"Group Key": ["nation.n_name", "(EXTRACT(year FROM orders.o_orderdate))"],"Plans": [{"Node Type": "Gather Merge","Parent Relationship": "Outer","Parallel Aware": false,"Async Capable": false,"Startup Cost": 35224.41,"Total Cost": 35235.05,"Plan Rows": 80,"Plan Width": 168,"Actual Startup Time": 2407.543,"Actual Total Time": 2518.361,"Actual Rows": 525,"Actual Loops": 1,"Workers Planned": 2,"Workers Launched": 2,"Plans": [{"Node Type": "Aggregate","Strategy": "Sorted","Partial Mode": "Partial","Parent Relationship": "Outer","Parallel Aware": false,"Async Capable": false,"Startup Cost": 34224.39,"Total Cost": 34225.79,"Plan Rows": 40,"Plan Width": 168,"Actual Startup Time": 2318.085,"Actual Total Time": 2437.966,"Actual Rows": 175,"Actual Loops": 3,"Group Key": ["nation.n_name", "(EXTRACT(year FROM orders.o_orderdate))"],"Workers": [],"Plans": [{"Node Type": "Sort","Parent Relationship": "Outer","Parallel Aware": false,"Async Capable": false,"Startup Cost": 34224.39,"Total Cost": 34224.49,"Plan Rows": 40,"Plan Width": 159,"Actual Startup Time": 2317.450,"Actual Total Time": 2356.305,"Actual Rows": 107546,"Actual Loops": 3,"Sort Key": ["nation.n_name", "(EXTRACT(year FROM orders.o_orderdate)) DESC"],"Sort Method": "quicksort","Sort Space Used": 14482,"Sort Space Type": "Memory","Workers": [{"Worker Number": 0,"Sort Method": "quicksort","Sort Space Used": 13456,"Sort Space Type": "Memory"},{"Worker Number": 1,"Sort Method": "quicksort","Sort Space Used": 13404,"Sort Space Type": "Memory"}],"Plans": [{"Node Type": "Hash Join","Parent Relationship": "Outer","Parallel Aware": false,"Async Capable": false,"Join Type": "Inner","Startup Cost": 3.13,"Total Cost": 34223.32,"Plan Rows": 40,"Plan Width": 159,"Actual Startup Time": 0.706,"Actual Total Time": 2173.342,"Actual Rows": 107546,"Actual Loops": 3,"Inner Unique": true,"Hash Cond": "(supplier.s_nationkey = nation.n_nationkey)","Workers": [],"Plans": [{"Node Type": "Nested Loop","Parent Relationship": "Outer","Parallel Aware": false,"Async Capable": false,"Join Type": "Inner","Startup Cost": 1.57,"Total Cost": 34221.53,"Plan Rows": 40,"Plan Width": 31,"Actual Startup Time": 0.527,"Actual Total Time": 2141.873,"Actual Rows": 107546,"Actual Loops": 3,"Inner Unique": true,"Workers": [],"Plans": [{"Node Type": "Nested Loop","Parent Relationship": "Outer","Parallel Aware": false,"Async Capable": false,"Join Type": "Inner","Startup Cost": 1.14,"Total Cost": 34202.93,"Plan Rows": 40,"Plan Width": 31,"Actual Startup Time": 0.392,"Actual Total Time": 1002.144,"Actual Rows": 107546,"Actual Loops": 3,"Inner Unique": true,"Workers": [],"Plans": [{"Node Type": "Nested Loop","Parent Relationship": "Outer","Parallel Aware": false,"Async Capable": false,"Join Type": "Inner","Startup Cost": 0.86,"Total Cost": 34190.82,"Plan Rows": 40,"Plan Width": 35,"Actual Startup Time": 0.311,"Actual Total Time": 818.545,"Actual Rows": 107546,"Actual Loops": 3,"Inner Unique": false,"Workers": [],"Plans": [{"Node Type": "Nested Loop","Parent Relationship": "Outer","Parallel Aware": false,"Async Capable": false,"Join Type": "Inner","Startup Cost": 0.42,"Total Cost": 19885.25,"Plan Rows": 13468,"Plan Width": 18,"Actual Startup Time": 0.196,"Actual Total Time": 115.625,"Actual Rows": 14367,"Actual Loops": 3,"Inner Unique": false,"Workers": [],"Plans": [{"Node Type": "Seq Scan","Parent Relationship": "Outer","Parallel Aware": true,"Async Capable": false,"Relation Name": "part","Alias": "part","Startup Cost": 0.00,"Total Cost": 5138.67,"Plan Rows": 3367,"Plan Width": 4,"Actual Startup Time": 0.047,"Actual Total Time": 50.112,"Actual Rows": 3592,"Actual Loops": 3,"Filter": "((p_name)::text ~~ '%lawn%'::text)","Rows Removed by Filter": 63075,"Workers": []},{"Node Type": "Index Scan","Parent Relationship": "Inner","Parallel Aware": false,"Async Capable": false,"Scan Direction": "Forward","Index Name": "idx_partsupp_partkey","Relation Name": "partsupp","Alias": "partsupp","Startup Cost": 0.42,"Total Cost": 4.34,"Plan Rows": 4,"Plan Width": 14,"Actual Startup Time": 0.014,"Actual Total Time": 0.017,"Actual Rows": 4,"Actual Loops": 10775,"Index Cond": "(ps_partkey = part.p_partkey)","Rows Removed by Index Recheck": 0,"Workers": []}]},{"Node Type": "Index Scan","Parent Relationship": "Inner","Parallel Aware": false,"Async Capable": false,"Scan Direction": "Forward","Index Name": "idx_lineitem_part_supp","Relation Name": "lineitem","Alias": "lineitem","Startup Cost": 0.43,"Total Cost": 1.05,"Plan Rows": 1,"Plan Width": 29,"Actual Startup Time": 0.007,"Actual Total Time": 0.047,"Actual Rows": 7,"Actual Loops": 43100,"Index Cond": "((l_partkey = partsupp.ps_partkey) AND (l_suppkey = partsupp.ps_suppkey))","Rows Removed by Index Recheck": 0,"Workers": []}]},{"Node Type": "Index Scan","Parent Relationship": "Inner","Parallel Aware": false,"Async Capable": false,"Scan Direction": "Forward","Index Name": "supplier_pkey","Relation Name": "supplier","Alias": "supplier","Startup Cost": 0.29,"Total Cost": 0.30,"Plan Rows": 1,"Plan Width": 8,"Actual Startup Time": 0.001,"Actual Total Time": 0.001,"Actual Rows": 1,"Actual Loops": 322637,"Index Cond": "(s_suppkey = lineitem.l_suppkey)","Rows Removed by Index Recheck": 0,"Workers": []}]},{"Node Type": "Index Scan","Parent Relationship": "Inner","Parallel Aware": false,"Async Capable": false,"Scan Direction": "Forward","Index Name": "orders_pkey","Relation Name": "orders","Alias": "orders","Startup Cost": 0.43,"Total Cost": 0.47,"Plan Rows": 1,"Plan Width": 8,"Actual Startup Time": 0.010,"Actual Total Time": 0.010,"Actual Rows": 1,"Actual Loops": 322637,"Index Cond": "(o_orderkey = lineitem.l_orderkey)","Rows Removed by Index Recheck": 0,"Workers": []}]},{"Node Type": "Hash","Parent Relationship": "Inner","Parallel Aware": false,"Async Capable": false,"Startup Cost": 1.25,"Total Cost": 1.25,"Plan Rows": 25,"Plan Width": 108,"Actual Startup Time": 0.078,"Actual Total Time": 0.089,"Actual Rows": 25,"Actual Loops": 3,"Hash Buckets": 1024,"Original Hash Buckets": 1024,"Hash Batches": 1,"Original Hash Batches": 1,"Peak Memory Usage": 10,"Workers": [],"Plans": [{"Node Type": "Seq Scan","Parent Relationship": "Outer","Parallel Aware": false,"Async Capable": false,"Relation Name": "nation","Alias": "nation","Startup Cost": 0.00,"Total Cost": 1.25,"Plan Rows": 25,"Plan Width": 108,"Actual Startup Time": 0.053,"Actual Total Time": 0.059,"Actual Rows": 25,"Actual Loops": 3,"Workers": []}]}]}]}]}]}]},"Planning Time": 11.643,"Triggers": [],"Execution Time": 2520.117}]
[{"Plan": {"Node Type": "Aggregate","Strategy": "Sorted","Partial Mode": "Finalize","Parallel Aware": false,"Async Capable": false,"Startup Cost": 41381.04,"Total Cost": 41397.45,"Plan Rows": 122,"Plan Width": 168,"Actual Startup Time": 2402.130,"Actual Total Time": 2525.292,"Actual Rows": 175,"Actual Loops": 1,"Group Key": ["nation.n_name", "(EXTRACT(year FROM orders.o_orderdate))"],"Plans": [{"Node Type": "Gather Merge","Parent Relationship": "Outer","Parallel Aware": false,"Async Capable": false,"Startup Cost": 41381.04,"Total Cost": 41394.60,"Plan Rows": 102,"Plan Width": 168,"Actual Startup Time": 2401.500,"Actual Total Time": 2524.925,"Actual Rows": 525,"Actual Loops": 1,"Workers Planned": 2,"Workers Launched": 2,"Plans": [{"Node Type": "Aggregate","Strategy": "Sorted","Partial Mode": "Partial","Parent Relationship": "Outer","Parallel Aware": false,"Async Capable": false,"Startup Cost": 40381.01,"Total Cost": 40382.80,"Plan Rows": 51,"Plan Width": 168,"Actual Startup Time": 2309.277,"Actual Total Time": 2434.754,"Actual Rows": 175,"Actual Loops": 3,"Group Key": ["nation.n_name", "(EXTRACT(year FROM orders.o_orderdate))"],"Workers": [],"Plans": [{"Node Type": "Sort","Parent Relationship": "Outer","Parallel Aware": false,"Async Capable": false,"Startup Cost": 40381.01,"Total Cost": 40381.14,"Plan Rows": 51,"Plan Width": 159,"Actual Startup Time": 2308.778,"Actual Total Time": 2350.395,"Actual Rows": 107266,"Actual Loops": 3,"Sort Key": ["nation.n_name", "(EXTRACT(year FROM orders.o_orderdate)) DESC"],"Sort Method": "quicksort","Sort Space Used": 14493,"Sort Space Type": "Memory","Workers": [{"Worker Number": 0,"Sort Method": "quicksort","Sort Space Used": 13387,"Sort Space Type": "Memory"},{"Worker Number": 1,"Sort Method": "quicksort","Sort Space Used": 13375,"Sort Space Type": "Memory"}],"Plans": [{"Node Type": "Hash Join","Parent Relationship": "Outer","Parallel Aware": false,"Async Capable": false,"Join Type": "Inner","Startup Cost": 3.13,"Total Cost": 40379.57,"Plan Rows": 51,"Plan Width": 159,"Actual Startup Time": 0.734,"Actual Total Time": 2166.199,"Actual Rows": 107266,"Actual Loops": 3,"Inner Unique": true,"Hash Cond": "(supplier.s_nationkey = nation.n_nationkey)","Workers": [],"Plans": [{"Node Type": "Nested Loop","Parent Relationship": "Outer","Parallel Aware": false,"Async Capable": false,"Join Type": "Inner","Startup Cost": 1.57,"Total Cost": 40377.72,"Plan Rows": 51,"Plan Width": 31,"Actual Startup Time": 0.557,"Actual Total Time": 2135.002,"Actual Rows": 107266,"Actual Loops": 3,"Inner Unique": true,"Workers": [],"Plans": [{"Node Type": "Nested Loop","Parent Relationship": "Outer","Parallel Aware": false,"Async Capable": false,"Join Type": "Inner","Startup Cost": 1.14,"Total Cost": 40354.00,"Plan Rows": 51,"Plan Width": 31,"Actual Startup Time": 0.421,"Actual Total Time": 995.648,"Actual Rows": 107266,"Actual Loops": 3,"Inner Unique": true,"Workers": [],"Plans": [{"Node Type": "Nested Loop","Parent Relationship": "Outer","Parallel Aware": false,"Async Capable": false,"Join Type": "Inner","Startup Cost": 0.86,"Total Cost": 40338.56,"Plan Rows": 51,"Plan Width": 35,"Actual Startup Time": 0.324,"Actual Total Time": 812.642,"Actual Rows": 107266,"Actual Loops": 3,"Inner Unique": false,"Workers": [],"Plans": [{"Node Type": "Nested Loop","Parent Relationship": "Outer","Parallel Aware": false,"Async Capable": false,"Join Type": "Inner","Startup Cost": 0.42,"Total Cost": 22456.59,"Plan Rows": 16835,"Plan Width": 18,"Actual Startup Time": 0.198,"Actual Total Time": 115.648,"Actual Rows": 14303,"Actual Loops": 3,"Inner Unique": false,"Workers": [],"Plans": [{"Node Type": "Seq Scan","Parent Relationship": "Outer","Parallel Aware": true,"Async Capable": false,"Relation Name": "part","Alias": "part","Startup Cost": 0.00,"Total Cost": 5138.67,"Plan Rows": 4209,"Plan Width": 4,"Actual Startup Time": 0.052,"Actual Total Time": 50.443,"Actual Rows": 3576,"Actual Loops": 3,"Filter": "((p_name)::text ~~ '%aquamarine%'::text)","Rows Removed by Filter": 63091,"Workers": []},{"Node Type": "Index Scan","Parent Relationship": "Inner","Parallel Aware": false,"Async Capable": false,"Scan Direction": "Forward","Index Name": "idx_partsupp_partkey","Relation Name": "partsupp","Alias": "partsupp","Startup Cost": 0.42,"Total Cost": 4.07,"Plan Rows": 4,"Plan Width": 14,"Actual Startup Time": 0.014,"Actual Total Time": 0.017,"Actual Rows": 4,"Actual Loops": 10727,"Index Cond": "(ps_partkey = part.p_partkey)","Rows Removed by Index Recheck": 0,"Workers": []}]},{"Node Type": "Index Scan","Parent Relationship": "Inner","Parallel Aware": false,"Async Capable": false,"Scan Direction": "Forward","Index Name": "idx_lineitem_part_supp","Relation Name": "lineitem","Alias": "lineitem","Startup Cost": 0.43,"Total Cost": 1.05,"Plan Rows": 1,"Plan Width": 29,"Actual Startup Time": 0.007,"Actual Total Time": 0.047,"Actual Rows": 7,"Actual Loops": 42908,"Index Cond": "((l_partkey = partsupp.ps_partkey) AND (l_suppkey = partsupp.ps_suppkey))","Rows Removed by Index Recheck": 0,"Workers": []}]},{"Node Type": "Index Scan","Parent Relationship": "Inner","Parallel Aware": false,"Async Capable": false,"Scan Direction": "Forward","Index Name": "supplier_pkey","Relation Name": "supplier","Alias": "supplier","Startup Cost": 0.29,"Total Cost": 0.30,"Plan Rows": 1,"Plan Width": 8,"Actual Startup Time": 0.001,"Actual Total Time": 0.001,"Actual Rows": 1,"Actual Loops": 321798,"Index Cond": "(s_suppkey = lineitem.l_suppkey)","Rows Removed by Index Recheck": 0,"Workers": []}]},{"Node Type": "Index Scan","Parent Relationship": "Inner","Parallel Aware": false,"Async Capable": false,"Scan Direction": "Forward","Index Name": "orders_pkey","Relation Name": "orders","Alias": "orders","Startup Cost": 0.43,"Total Cost": 0.47,"Plan Rows": 1,"Plan Width": 8,"Actual Startup Time": 0.010,"Actual Total Time": 0.010,"Actual Rows": 1,"Actual Loops": 321798,"Index Cond": "(o_orderkey = lineitem.l_orderkey)","Rows Removed by Index Recheck": 0,"Workers": []}]},{"Node Type": "Hash","Parent Relationship": "Inner","Parallel Aware": false,"Async Capable": false,"Startup Cost": 1.25,"Total Cost": 1.25,"Plan Rows": 25,"Plan Width": 108,"Actual Startup Time": 0.085,"Actual Total Time": 0.094,"Actual Rows": 25,"Actual Loops": 3,"Hash Buckets": 1024,"Original Hash Buckets": 1024,"Hash Batches": 1,"Original Hash Batches": 1,"Peak Memory Usage": 10,"Workers": [],"Plans": [{"Node Type": "Seq Scan","Parent Relationship": "Outer","Parallel Aware": false,"Async Capable": false,"Relation Name": "nation","Alias": "nation","Startup Cost": 0.00,"Total Cost": 1.25,"Plan Rows": 25,"Plan Width": 108,"Actual Startup Time": 0.060,"Actual Total Time": 0.066,"Actual Rows": 25,"Actual Loops": 3,"Workers": []}]}]}]}]}]}]},"Planning Time": 10.822,"Triggers": [],"Execution Time": 2526.608}]
[{"Plan": {"Node Type": "Aggregate","Strategy": "Sorted","Partial Mode": "Finalize","Parallel Aware": false,"Async Capable": false,"Startup Cost": 49135.04,"Total Cost": 49164.27,"Plan Rows": 195,"Plan Width": 168,"Actual Startup Time": 1717.770,"Actual Total Time": 1820.281,"Actual Rows": 175,"Actual Loops": 1,"Group Key": ["nation.n_name", "(EXTRACT(year FROM orders.o_orderdate))"],"Plans": [{"Node Type": "Gather Merge","Parent Relationship": "Outer","Parallel Aware": false,"Async Capable": false,"Startup Cost": 49135.04,"Total Cost": 49159.45,"Plan Rows": 189,"Plan Width": 168,"Actual Startup Time": 1716.332,"Actual Total Time": 1819.712,"Actual Rows": 700,"Actual Loops": 1,"Workers Planned": 3,"Workers Launched": 3,"Plans": [{"Node Type": "Aggregate","Strategy": "Sorted","Partial Mode": "Partial","Parent Relationship": "Outer","Parallel Aware": false,"Async Capable": false,"Startup Cost": 48135.00,"Total Cost": 48137.21,"Plan Rows": 63,"Plan Width": 168,"Actual Startup Time": 1637.960,"Actual Total Time": 1730.367,"Actual Rows": 175,"Actual Loops": 4,"Group Key": ["nation.n_name", "(EXTRACT(year FROM orders.o_orderdate))"],"Workers": [],"Plans": [{"Node Type": "Sort","Parent Relationship": "Outer","Parallel Aware": false,"Async Capable": false,"Startup Cost": 48135.00,"Total Cost": 48135.16,"Plan Rows": 63,"Plan Width": 159,"Actual Startup Time": 1637.449,"Actual Total Time": 1669.077,"Actual Rows": 81300,"Actual Loops": 4,"Sort Key": ["nation.n_name", "(EXTRACT(year FROM orders.o_orderdate)) DESC"],"Sort Method": "quicksort","Sort Space Used": 11078,"Sort Space Type": "Memory","Workers": [{"Worker Number": 0,"Sort Method": "quicksort","Sort Space Used": 11424,"Sort Space Type": "Memory"},{"Worker Number": 1,"Sort Method": "quicksort","Sort Space Used": 10860,"Sort Space Type": "Memory"},{"Worker Number": 2,"Sort Method": "quicksort","Sort Space Used": 11307,"Sort Space Type": "Memory"}],"Plans": [{"Node Type": "Hash Join","Parent Relationship": "Outer","Parallel Aware": false,"Async Capable": false,"Join Type": "Inner","Startup Cost": 5225.55,"Total Cost": 48133.12,"Plan Rows": 63,"Plan Width": 159,"Actual Startup Time": 22.006,"Actual Total Time": 1536.711,"Actual Rows": 81300,"Actual Loops": 4,"Inner Unique": true,"Hash Cond": "(supplier.s_nationkey = nation.n_nationkey)","Workers": [],"Plans": [{"Node Type": "Nested Loop","Parent Relationship": "Outer","Parallel Aware": false,"Async Capable": false,"Join Type": "Inner","Startup Cost": 5223.99,"Total Cost": 48131.20,"Plan Rows": 63,"Plan Width": 31,"Actual Startup Time": 21.853,"Actual Total Time": 1512.923,"Actual Rows": 81300,"Actual Loops": 4,"Inner Unique": true,"Workers": [],"Plans": [{"Node Type": "Nested Loop","Parent Relationship": "Outer","Parallel Aware": false,"Async Capable": false,"Join Type": "Inner","Startup Cost": 5223.56,"Total Cost": 48101.90,"Plan Rows": 63,"Plan Width": 31,"Actual Startup Time": 21.770,"Actual Total Time": 779.387,"Actual Rows": 81300,"Actual Loops": 4,"Inner Unique": true,"Workers": [],"Plans": [{"Node Type": "Nested Loop","Parent Relationship": "Outer","Parallel Aware": false,"Async Capable": false,"Join Type": "Inner","Startup Cost": 5223.27,"Total Cost": 48082.83,"Plan Rows": 63,"Plan Width": 35,"Actual Startup Time": 21.713,"Actual Total Time": 642.667,"Actual Rows": 81300,"Actual Loops": 4,"Inner Unique": false,"Workers": [],"Plans": [{"Node Type": "Hash Join","Parent Relationship": "Outer","Parallel Aware": true,"Async Capable": false,"Join Type": "Inner","Startup Cost": 5222.84,"Total Cost": 25931.92,"Plan Rows": 20854,"Plan Width": 18,"Actual Startup Time": 21.651,"Actual Total Time": 185.729,"Actual Rows": 10842,"Actual Loops": 4,"Inner Unique": true,"Hash Cond": "(partsupp.ps_partkey = part.p_partkey)","Workers": [],"Plans": [{"Node Type": "Seq Scan","Parent Relationship": "Outer","Parallel Aware": true,"Async Capable": false,"Relation Name": "partsupp","Alias": "partsupp","Startup Cost": 0.00,"Total Cost": 20031.65,"Plan Rows": 258065,"Plan Width": 14,"Actual Startup Time": 0.018,"Actual Total Time": 42.893,"Actual Rows": 200000,"Actual Loops": 4,"Workers": []},{"Node Type": "Hash","Parent Relationship": "Inner","Parallel Aware": true,"Async Capable": false,"Startup Cost": 5138.67,"Total Cost": 5138.67,"Plan Rows": 6734,"Plan Width": 4,"Actual Startup Time": 21.459,"Actual Total Time": 21.480,"Actual Rows": 2710,"Actual Loops": 4,"Hash Buckets": 16384,"Original Hash Buckets": 16384,"Hash Batches": 1,"Original Hash Batches": 1,"Peak Memory Usage": 640,"Workers": [],"Plans": [{"Node Type": "Seq Scan","Parent Relationship": "Outer","Parallel Aware": true,"Async Capable": false,"Relation Name": "part","Alias": "part","Startup Cost": 0.00,"Total Cost": 5138.67,"Plan Rows": 6734,"Plan Width": 4,"Actual Startup Time": 0.045,"Actual Total Time": 20.042,"Actual Rows": 2710,"Actual Loops": 4,"Filter": "((p_name)::text ~~ '%goldenrod%'::text)","Rows Removed by Filter": 47290,"Workers": []}]}]},{"Node Type": "Index Scan","Parent Relationship": "Inner","Parallel Aware": false,"Async Capable": false,"Scan Direction": "Forward","Index Name": "idx_lineitem_part_supp","Relation Name": "lineitem","Alias": "lineitem","Startup Cost": 0.43,"Total Cost": 1.05,"Plan Rows": 1,"Plan Width": 29,"Actual Startup Time": 0.006,"Actual Total Time": 0.041,"Actual Rows": 7,"Actual Loops": 43368,"Index Cond": "((l_partkey = partsupp.ps_partkey) AND (l_suppkey = partsupp.ps_suppkey))","Rows Removed by Index Recheck": 0,"Workers": []}]},{"Node Type": "Index Scan","Parent Relationship": "Inner","Parallel Aware": false,"Async Capable": false,"Scan Direction": "Forward","Index Name": "supplier_pkey","Relation Name": "supplier","Alias": "supplier","Startup Cost": 0.29,"Total Cost": 0.30,"Plan Rows": 1,"Plan Width": 8,"Actual Startup Time": 0.001,"Actual Total Time": 0.001,"Actual Rows": 1,"Actual Loops": 325201,"Index Cond": "(s_suppkey = lineitem.l_suppkey)","Rows Removed by Index Recheck": 0,"Workers": []}]},{"Node Type": "Index Scan","Parent Relationship": "Inner","Parallel Aware": false,"Async Capable": false,"Scan Direction": "Forward","Index Name": "orders_pkey","Relation Name": "orders","Alias": "orders","Startup Cost": 0.43,"Total Cost": 0.47,"Plan Rows": 1,"Plan Width": 8,"Actual Startup Time": 0.009,"Actual Total Time": 0.009,"Actual Rows": 1,"Actual Loops": 325201,"Index Cond": "(o_orderkey = lineitem.l_orderkey)","Rows Removed by Index Recheck": 0,"Workers": []}]},{"Node Type": "Hash","Parent Relationship": "Inner","Parallel Aware": false,"Async Capable": false,"Startup Cost": 1.25,"Total Cost": 1.25,"Plan Rows": 25,"Plan Width": 108,"Actual Startup Time": 0.058,"Actual Total Time": 0.068,"Actual Rows": 25,"Actual Loops": 4,"Hash Buckets": 1024,"Original Hash Buckets": 1024,"Hash Batches": 1,"Original Hash Batches": 1,"Peak Memory Usage": 10,"Workers": [],"Plans": [{"Node Type": "Seq Scan","Parent Relationship": "Outer","Parallel Aware": false,"Async Capable": false,"Relation Name": "nation","Alias": "nation","Startup Cost": 0.00,"Total Cost": 1.25,"Plan Rows": 25,"Plan Width": 108,"Actual Startup Time": 0.040,"Actual Total Time": 0.047,"Actual Rows": 25,"Actual Loops": 4,"Workers": []}]}]}]}]}]}]},"Planning Time": 12.322,"Triggers": [],"Execution Time": 1822.644}]
[{"Plan": {"Node Type": "Aggregate","Strategy": "Sorted","Partial Mode": "Finalize","Parallel Aware": false,"Async Capable": false,"Startup Cost": 15191.58,"Total Cost": 15194.80,"Plan Rows": 24,"Plan Width": 168,"Actual Startup Time": 2525.897,"Actual Total Time": 2655.198,"Actual Rows": 175,"Actual Loops": 1,"Group Key": ["nation.n_name", "(EXTRACT(year FROM orders.o_orderdate))"],"Plans": [{"Node Type": "Gather Merge","Parent Relationship": "Outer","Parallel Aware": false,"Async Capable": false,"Startup Cost": 15191.58,"Total Cost": 15194.24,"Plan Rows": 20,"Plan Width": 168,"Actual Startup Time": 2524.969,"Actual Total Time": 2654.657,"Actual Rows": 525,"Actual Loops": 1,"Workers Planned": 2,"Workers Launched": 2,"Plans": [{"Node Type": "Aggregate","Strategy": "Sorted","Partial Mode": "Partial","Parent Relationship": "Outer","Parallel Aware": false,"Async Capable": false,"Startup Cost": 14191.56,"Total Cost": 14191.91,"Plan Rows": 10,"Plan Width": 168,"Actual Startup Time": 2430.723,"Actual Total Time": 2561.950,"Actual Rows": 175,"Actual Loops": 3,"Group Key": ["nation.n_name", "(EXTRACT(year FROM orders.o_orderdate))"],"Workers": [],"Plans": [{"Node Type": "Sort","Parent Relationship": "Outer","Parallel Aware": false,"Async Capable": false,"Startup Cost": 14191.56,"Total Cost": 14191.59,"Plan Rows": 10,"Plan Width": 159,"Actual Startup Time": 2430.120,"Actual Total Time": 2476.960,"Actual Rows": 108589,"Actual Loops": 3,"Sort Key": ["nation.n_name", "(EXTRACT(year FROM orders.o_orderdate)) DESC"],"Sort Method": "quicksort","Sort Space Used": 14616,"Sort Space Type": "Memory","Workers": [{"Worker Number": 0,"Sort Method": "quicksort","Sort Space Used": 13490,"Sort Space Type": "Memory"},{"Worker Number": 1,"Sort Method": "quicksort","Sort Space Used": 13544,"Sort Space Type": "Memory"}],"Plans": [{"Node Type": "Nested Loop","Parent Relationship": "Outer","Parallel Aware": false,"Async Capable": false,"Join Type": "Inner","Startup Cost": 1.71,"Total Cost": 14191.39,"Plan Rows": 10,"Plan Width": 159,"Actual Startup Time": 0.520,"Actual Total Time": 2284.263,"Actual Rows": 108589,"Actual Loops": 3,"Inner Unique": true,"Workers": [],"Plans": [{"Node Type": "Nested Loop","Parent Relationship": "Outer","Parallel Aware": false,"Async Capable": false,"Join Type": "Inner","Startup Cost": 1.57,"Total Cost": 14189.81,"Plan Rows": 10,"Plan Width": 31,"Actual Startup Time": 0.447,"Actual Total Time": 2128.732,"Actual Rows": 108589,"Actual Loops": 3,"Inner Unique": true,"Workers": [],"Plans": [{"Node Type": "Nested Loop","Parent Relationship": "Outer","Parallel Aware": false,"Async Capable": false,"Join Type": "Inner","Startup Cost": 1.14,"Total Cost": 14185.15,"Plan Rows": 10,"Plan Width": 31,"Actual Startup Time": 0.332,"Actual Total Time": 981.846,"Actual Rows": 108589,"Actual Loops": 3,"Inner Unique": true,"Workers": [],"Plans": [{"Node Type": "Nested Loop","Parent Relationship": "Outer","Parallel Aware": false,"Async Capable": false,"Join Type": "Inner","Startup Cost": 0.86,"Total Cost": 14182.13,"Plan Rows": 10,"Plan Width": 35,"Actual Startup Time": 0.262,"Actual Total Time": 792.480,"Actual Rows": 108589,"Actual Loops": 3,"Inner Unique": false,"Workers": [],"Plans": [{"Node Type": "Nested Loop","Parent Relationship": "Outer","Parallel Aware": false,"Async Capable": false,"Join Type": "Inner","Startup Cost": 0.42,"Total Cost": 10605.73,"Plan Rows": 3367,"Plan Width": 18,"Actual Startup Time": 0.162,"Actual Total Time": 118.025,"Actual Rows": 14513,"Actual Loops": 3,"Inner Unique": false,"Workers": [],"Plans": [{"Node Type": "Seq Scan","Parent Relationship": "Outer","Parallel Aware": true,"Async Capable": false,"Relation Name": "part","Alias": "part","Startup Cost": 0.00,"Total Cost": 5138.67,"Plan Rows": 842,"Plan Width": 4,"Actual Startup Time": 0.049,"Actual Total Time": 48.677,"Actual Rows": 3628,"Actual Loops": 3,"Filter": "((p_name)::text ~~ '%white%'::text)","Rows Removed by Filter": 63038,"Workers": []},{"Node Type": "Index Scan","Parent Relationship": "Inner","Parallel Aware": false,"Async Capable": false,"Scan Direction": "Forward","Index Name": "idx_partsupp_partkey","Relation Name": "partsupp","Alias": "partsupp","Startup Cost": 0.42,"Total Cost": 6.45,"Plan Rows": 4,"Plan Width": 14,"Actual Startup Time": 0.013,"Actual Total Time": 0.018,"Actual Rows": 4,"Actual Loops": 10885,"Index Cond": "(ps_partkey = part.p_partkey)","Rows Removed by Index Recheck": 0,"Workers": []}]},{"Node Type": "Index Scan","Parent Relationship": "Inner","Parallel Aware": false,"Async Capable": false,"Scan Direction": "Forward","Index Name": "idx_lineitem_part_supp","Relation Name": "lineitem","Alias": "lineitem","Startup Cost": 0.43,"Total Cost": 1.05,"Plan Rows": 1,"Plan Width": 29,"Actual Startup Time": 0.007,"Actual Total Time": 0.045,"Actual Rows": 7,"Actual Loops": 43540,"Index Cond": "((l_partkey = partsupp.ps_partkey) AND (l_suppkey = partsupp.ps_suppkey))","Rows Removed by Index Recheck": 0,"Workers": []}]},{"Node Type": "Index Scan","Parent Relationship": "Inner","Parallel Aware": false,"Async Capable": false,"Scan Direction": "Forward","Index Name": "supplier_pkey","Relation Name": "supplier","Alias": "supplier","Startup Cost": 0.29,"Total Cost": 0.30,"Plan Rows": 1,"Plan Width": 8,"Actual Startup Time": 0.001,"Actual Total Time": 0.001,"Actual Rows": 1,"Actual Loops": 325768,"Index Cond": "(s_suppkey = lineitem.l_suppkey)","Rows Removed by Index Recheck": 0,"Workers": []}]},{"Node Type": "Index Scan","Parent Relationship": "Inner","Parallel Aware": false,"Async Capable": false,"Scan Direction": "Forward","Index Name": "orders_pkey","Relation Name": "orders","Alias": "orders","Startup Cost": 0.43,"Total Cost": 0.47,"Plan Rows": 1,"Plan Width": 8,"Actual Startup Time": 0.010,"Actual Total Time": 0.010,"Actual Rows": 1,"Actual Loops": 325768,"Index Cond": "(o_orderkey = lineitem.l_orderkey)","Rows Removed by Index Recheck": 0,"Workers": []}]},{"Node Type": "Index Scan","Parent Relationship": "Inner","Parallel Aware": false,"Async Capable": false,"Scan Direction": "Forward","Index Name": "nation_pkey","Relation Name": "nation","Alias": "nation","Startup Cost": 0.14,"Total Cost": 0.16,"Plan Rows": 1,"Plan Width": 108,"Actual Startup Time": 0.001,"Actual Total Time": 0.001,"Actual Rows": 1,"Actual Loops": 325768,"Index Cond": "(n_nationkey = supplier.s_nationkey)","Rows Removed by Index Recheck": 0,"Workers": []}]}]}]}]}]},"Planning Time": 12.167,"Triggers": [],"Execution Time": 2657.009}]
[{"Plan": {"Node Type": "Aggregate","Strategy": "Sorted","Partial Mode": "Finalize","Parallel Aware": false,"Async Capable": false,"Startup Cost": 35224.41,"Total Cost": 35237.30,"Plan Rows": 97,"Plan Width": 168,"Actual Startup Time": 2423.249,"Actual Total Time": 2515.192,"Actual Rows": 175,"Actual Loops": 1,"Group Key": ["nation.n_name", "(EXTRACT(year FROM orders.o_orderdate))"],"Plans": [{"Node Type": "Gather Merge","Parent Relationship": "Outer","Parallel Aware": false,"Async Capable": false,"Startup Cost": 35224.41,"Total Cost": 35235.05,"Plan Rows": 80,"Plan Width": 168,"Actual Startup Time": 2422.043,"Actual Total Time": 2514.833,"Actual Rows": 525,"Actual Loops": 1,"Workers Planned": 2,"Workers Launched": 2,"Plans": [{"Node Type": "Aggregate","Strategy": "Sorted","Partial Mode": "Partial","Parent Relationship": "Outer","Parallel Aware": false,"Async Capable": false,"Startup Cost": 34224.39,"Total Cost": 34225.79,"Plan Rows": 40,"Plan Width": 168,"Actual Startup Time": 2309.712,"Actual Total Time": 2427.242,"Actual Rows": 175,"Actual Loops": 3,"Group Key": ["nation.n_name", "(EXTRACT(year FROM orders.o_orderdate))"],"Workers": [],"Plans": [{"Node Type": "Sort","Parent Relationship": "Outer","Parallel Aware": false,"Async Capable": false,"Startup Cost": 34224.39,"Total Cost": 34224.49,"Plan Rows": 40,"Plan Width": 159,"Actual Startup Time": 2309.075,"Actual Total Time": 2348.152,"Actual Rows": 107534,"Actual Loops": 3,"Sort Key": ["nation.n_name", "(EXTRACT(year FROM orders.o_orderdate)) DESC"],"Sort Method": "quicksort","Sort Space Used": 14516,"Sort Space Type": "Memory","Workers": [{"Worker Number": 0,"Sort Method": "quicksort","Sort Space Used": 13430,"Sort Space Type": "Memory"},{"Worker Number": 1,"Sort Method": "quicksort","Sort Space Used": 13394,"Sort Space Type": "Memory"}],"Plans": [{"Node Type": "Hash Join","Parent Relationship": "Outer","Parallel Aware": false,"Async Capable": false,"Join Type": "Inner","Startup Cost": 3.13,"Total Cost": 34223.32,"Plan Rows": 40,"Plan Width": 159,"Actual Startup Time": 0.599,"Actual Total Time": 2164.320,"Actual Rows": 107534,"Actual Loops": 3,"Inner Unique": true,"Hash Cond": "(supplier.s_nationkey = nation.n_nationkey)","Workers": [],"Plans": [{"Node Type": "Nested Loop","Parent Relationship": "Outer","Parallel Aware": false,"Async Capable": false,"Join Type": "Inner","Startup Cost": 1.57,"Total Cost": 34221.53,"Plan Rows": 40,"Plan Width": 31,"Actual Startup Time": 0.448,"Actual Total Time": 2133.517,"Actual Rows": 107534,"Actual Loops": 3,"Inner Unique": true,"Workers": [],"Plans": [{"Node Type": "Nested Loop","Parent Relationship": "Outer","Parallel Aware": false,"Async Capable": false,"Join Type": "Inner","Startup Cost": 1.14,"Total Cost": 34202.93,"Plan Rows": 40,"Plan Width": 31,"Actual Startup Time": 0.343,"Actual Total Time": 995.000,"Actual Rows": 107534,"Actual Loops": 3,"Inner Unique": true,"Workers": [],"Plans": [{"Node Type": "Nested Loop","Parent Relationship": "Outer","Parallel Aware": false,"Async Capable": false,"Join Type": "Inner","Startup Cost": 0.86,"Total Cost": 34190.82,"Plan Rows": 40,"Plan Width": 35,"Actual Startup Time": 0.249,"Actual Total Time": 811.484,"Actual Rows": 107534,"Actual Loops": 3,"Inner Unique": false,"Workers": [],"Plans": [{"Node Type": "Nested Loop","Parent Relationship": "Outer","Parallel Aware": false,"Async Capable": false,"Join Type": "Inner","Startup Cost": 0.42,"Total Cost": 19885.25,"Plan Rows": 13468,"Plan Width": 18,"Actual Startup Time": 0.160,"Actual Total Time": 113.812,"Actual Rows": 14291,"Actual Loops": 3,"Inner Unique": false,"Workers": [],"Plans": [{"Node Type": "Seq Scan","Parent Relationship": "Outer","Parallel Aware": true,"Async Capable": false,"Relation Name": "part","Alias": "part","Startup Cost": 0.00,"Total Cost": 5138.67,"Plan Rows": 3367,"Plan Width": 4,"Actual Startup Time": 0.050,"Actual Total Time": 48.849,"Actual Rows": 3573,"Actual Loops": 3,"Filter": "((p_name)::text ~~ '%metallic%'::text)","Rows Removed by Filter": 63094,"Workers": []},{"Node Type": "Index Scan","Parent Relationship": "Inner","Parallel Aware": false,"Async Capable": false,"Scan Direction": "Forward","Index Name": "idx_partsupp_partkey","Relation Name": "partsupp","Alias": "partsupp","Startup Cost": 0.42,"Total Cost": 4.34,"Plan Rows": 4,"Plan Width": 14,"Actual Startup Time": 0.014,"Actual Total Time": 0.017,"Actual Rows": 4,"Actual Loops": 10718,"Index Cond": "(ps_partkey = part.p_partkey)","Rows Removed by Index Recheck": 0,"Workers": []}]},{"Node Type": "Index Scan","Parent Relationship": "Inner","Parallel Aware": false,"Async Capable": false,"Scan Direction": "Forward","Index Name": "idx_lineitem_part_supp","Relation Name": "lineitem","Alias": "lineitem","Startup Cost": 0.43,"Total Cost": 1.05,"Plan Rows": 1,"Plan Width": 29,"Actual Startup Time": 0.007,"Actual Total Time": 0.047,"Actual Rows": 8,"Actual Loops": 42872,"Index Cond": "((l_partkey = partsupp.ps_partkey) AND (l_suppkey = partsupp.ps_suppkey))","Rows Removed by Index Recheck": 0,"Workers": []}]},{"Node Type": "Index Scan","Parent Relationship": "Inner","Parallel Aware": false,"Async Capable": false,"Scan Direction": "Forward","Index Name": "supplier_pkey","Relation Name": "supplier","Alias": "supplier","Startup Cost": 0.29,"Total Cost": 0.30,"Plan Rows": 1,"Plan Width": 8,"Actual Startup Time": 0.001,"Actual Total Time": 0.001,"Actual Rows": 1,"Actual Loops": 322603,"Index Cond": "(s_suppkey = lineitem.l_suppkey)","Rows Removed by Index Recheck": 0,"Workers": []}]},{"Node Type": "Index Scan","Parent Relationship": "Inner","Parallel Aware": false,"Async Capable": false,"Scan Direction": "Forward","Index Name": "orders_pkey","Relation Name": "orders","Alias": "orders","Startup Cost": 0.43,"Total Cost": 0.47,"Plan Rows": 1,"Plan Width": 8,"Actual Startup Time": 0.010,"Actual Total Time": 0.010,"Actual Rows": 1,"Actual Loops": 322603,"Index Cond": "(o_orderkey = lineitem.l_orderkey)","Rows Removed by Index Recheck": 0,"Workers": []}]},{"Node Type": "Hash","Parent Relationship": "Inner","Parallel Aware": false,"Async Capable": false,"Startup Cost": 1.25,"Total Cost": 1.25,"Plan Rows": 25,"Plan Width": 108,"Actual Startup Time": 0.058,"Actual Total Time": 0.069,"Actual Rows": 25,"Actual Loops": 3,"Hash Buckets": 1024,"Original Hash Buckets": 1024,"Hash Batches": 1,"Original Hash Batches": 1,"Peak Memory Usage": 10,"Workers": [],"Plans": [{"Node Type": "Seq Scan","Parent Relationship": "Outer","Parallel Aware": false,"Async Capable": false,"Relation Name": "nation","Alias": "nation","Startup Cost": 0.00,"Total Cost": 1.25,"Plan Rows": 25,"Plan Width": 108,"Actual Startup Time": 0.034,"Actual Total Time": 0.039,"Actual Rows": 25,"Actual Loops": 3,"Workers": []}]}]}]}]}]}]},"Planning Time": 11.896,"Triggers": [],"Execution Time": 2518.140}]
[{"Plan": {"Node Type": "Aggregate","Strategy": "Sorted","Partial Mode": "Finalize","Parallel Aware": false,"Async Capable": false,"Startup Cost": 35224.41,"Total Cost": 35237.30,"Plan Rows": 97,"Plan Width": 168,"Actual Startup Time": 2425.316,"Actual Total Time": 2523.264,"Actual Rows": 175,"Actual Loops": 1,"Group Key": ["nation.n_name", "(EXTRACT(year FROM orders.o_orderdate))"],"Plans": [{"Node Type": "Gather Merge","Parent Relationship": "Outer","Parallel Aware": false,"Async Capable": false,"Startup Cost": 35224.41,"Total Cost": 35235.05,"Plan Rows": 80,"Plan Width": 168,"Actual Startup Time": 2423.780,"Actual Total Time": 2522.874,"Actual Rows": 525,"Actual Loops": 1,"Workers Planned": 2,"Workers Launched": 2,"Plans": [{"Node Type": "Aggregate","Strategy": "Sorted","Partial Mode": "Partial","Parent Relationship": "Outer","Parallel Aware": false,"Async Capable": false,"Startup Cost": 34224.39,"Total Cost": 34225.79,"Plan Rows": 40,"Plan Width": 168,"Actual Startup Time": 2325.764,"Actual Total Time": 2441.475,"Actual Rows": 175,"Actual Loops": 3,"Group Key": ["nation.n_name", "(EXTRACT(year FROM orders.o_orderdate))"],"Workers": [],"Plans": [{"Node Type": "Sort","Parent Relationship": "Outer","Parallel Aware": false,"Async Capable": false,"Startup Cost": 34224.39,"Total Cost": 34224.49,"Plan Rows": 40,"Plan Width": 159,"Actual Startup Time": 2325.161,"Actual Total Time": 2361.677,"Actual Rows": 108051,"Actual Loops": 3,"Sort Key": ["nation.n_name", "(EXTRACT(year FROM orders.o_orderdate)) DESC"],"Sort Method": "quicksort","Sort Space Used": 14518,"Sort Space Type": "Memory","Workers": [{"Worker Number": 0,"Sort Method": "quicksort","Sort Space Used": 13451,"Sort Space Type": "Memory"},{"Worker Number": 1,"Sort Method": "quicksort","Sort Space Used": 13522,"Sort Space Type": "Memory"}],"Plans": [{"Node Type": "Hash Join","Parent Relationship": "Outer","Parallel Aware": false,"Async Capable": false,"Join Type": "Inner","Startup Cost": 3.13,"Total Cost": 34223.32,"Plan Rows": 40,"Plan Width": 159,"Actual Startup Time": 0.791,"Actual Total Time": 2181.378,"Actual Rows": 108051,"Actual Loops": 3,"Inner Unique": true,"Hash Cond": "(supplier.s_nationkey = nation.n_nationkey)","Workers": [],"Plans": [{"Node Type": "Nested Loop","Parent Relationship": "Outer","Parallel Aware": false,"Async Capable": false,"Join Type": "Inner","Startup Cost": 1.57,"Total Cost": 34221.53,"Plan Rows": 40,"Plan Width": 31,"Actual Startup Time": 0.601,"Actual Total Time": 2150.661,"Actual Rows": 108051,"Actual Loops": 3,"Inner Unique": true,"Workers": [],"Plans": [{"Node Type": "Nested Loop","Parent Relationship": "Outer","Parallel Aware": false,"Async Capable": false,"Join Type": "Inner","Startup Cost": 1.14,"Total Cost": 34202.93,"Plan Rows": 40,"Plan Width": 31,"Actual Startup Time": 0.442,"Actual Total Time": 1003.187,"Actual Rows": 108051,"Actual Loops": 3,"Inner Unique": true,"Workers": [],"Plans": [{"Node Type": "Nested Loop","Parent Relationship": "Outer","Parallel Aware": false,"Async Capable": false,"Join Type": "Inner","Startup Cost": 0.86,"Total Cost": 34190.82,"Plan Rows": 40,"Plan Width": 35,"Actual Startup Time": 0.334,"Actual Total Time": 818.488,"Actual Rows": 108051,"Actual Loops": 3,"Inner Unique": false,"Workers": [],"Plans": [{"Node Type": "Nested Loop","Parent Relationship": "Outer","Parallel Aware": false,"Async Capable": false,"Join Type": "Inner","Startup Cost": 0.42,"Total Cost": 19885.25,"Plan Rows": 13468,"Plan Width": 18,"Actual Startup Time": 0.184,"Actual Total Time": 114.034,"Actual Rows": 14448,"Actual Loops": 3,"Inner Unique": false,"Workers": [],"Plans": [{"Node Type": "Seq Scan","Parent Relationship": "Outer","Parallel Aware": true,"Async Capable": false,"Relation Name": "part","Alias": "part","Startup Cost": 0.00,"Total Cost": 5138.67,"Plan Rows": 3367,"Plan Width": 4,"Actual Startup Time": 0.057,"Actual Total Time": 48.424,"Actual Rows": 3612,"Actual Loops": 3,"Filter": "((p_name)::text ~~ '%puff%'::text)","Rows Removed by Filter": 63055,"Workers": []},{"Node Type": "Index Scan","Parent Relationship": "Inner","Parallel Aware": false,"Async Capable": false,"Scan Direction": "Forward","Index Name": "idx_partsupp_partkey","Relation Name": "partsupp","Alias": "partsupp","Startup Cost": 0.42,"Total Cost": 4.34,"Plan Rows": 4,"Plan Width": 14,"Actual Startup Time": 0.014,"Actual Total Time": 0.017,"Actual Rows": 4,"Actual Loops": 10836,"Index Cond": "(ps_partkey = part.p_partkey)","Rows Removed by Index Recheck": 0,"Workers": []}]},{"Node Type": "Index Scan","Parent Relationship": "Inner","Parallel Aware": false,"Async Capable": false,"Scan Direction": "Forward","Index Name": "idx_lineitem_part_supp","Relation Name": "lineitem","Alias": "lineitem","Startup Cost": 0.43,"Total Cost": 1.05,"Plan Rows": 1,"Plan Width": 29,"Actual Startup Time": 0.007,"Actual Total Time": 0.047,"Actual Rows": 7,"Actual Loops": 43344,"Index Cond": "((l_partkey = partsupp.ps_partkey) AND (l_suppkey = partsupp.ps_suppkey))","Rows Removed by Index Recheck": 0,"Workers": []}]},{"Node Type": "Index Scan","Parent Relationship": "Inner","Parallel Aware": false,"Async Capable": false,"Scan Direction": "Forward","Index Name": "supplier_pkey","Relation Name": "supplier","Alias": "supplier","Startup Cost": 0.29,"Total Cost": 0.30,"Plan Rows": 1,"Plan Width": 8,"Actual Startup Time": 0.001,"Actual Total Time": 0.001,"Actual Rows": 1,"Actual Loops": 324152,"Index Cond": "(s_suppkey = lineitem.l_suppkey)","Rows Removed by Index Recheck": 0,"Workers": []}]},{"Node Type": "Index Scan","Parent Relationship": "Inner","Parallel Aware": false,"Async Capable": false,"Scan Direction": "Forward","Index Name": "orders_pkey","Relation Name": "orders","Alias": "orders","Startup Cost": 0.43,"Total Cost": 0.47,"Plan Rows": 1,"Plan Width": 8,"Actual Startup Time": 0.010,"Actual Total Time": 0.010,"Actual Rows": 1,"Actual Loops": 324152,"Index Cond": "(o_orderkey = lineitem.l_orderkey)","Rows Removed by Index Recheck": 0,"Workers": []}]},{"Node Type": "Hash","Parent Relationship": "Inner","Parallel Aware": false,"Async Capable": false,"Startup Cost": 1.25,"Total Cost": 1.25,"Plan Rows": 25,"Plan Width": 108,"Actual Startup Time": 0.094,"Actual Total Time": 0.104,"Actual Rows": 25,"Actual Loops": 3,"Hash Buckets": 1024,"Original Hash Buckets": 1024,"Hash Batches": 1,"Original Hash Batches": 1,"Peak Memory Usage": 10,"Workers": [],"Plans": [{"Node Type": "Seq Scan","Parent Relationship": "Outer","Parallel Aware": false,"Async Capable": false,"Relation Name": "nation","Alias": "nation","Startup Cost": 0.00,"Total Cost": 1.25,"Plan Rows": 25,"Plan Width": 108,"Actual Startup Time": 0.063,"Actual Total Time": 0.069,"Actual Rows": 25,"Actual Loops": 3,"Workers": []}]}]}]}]}]}]},"Planning Time": 12.078,"Triggers": [],"Execution Time": 2525.040}]
[{"Plan": {"Node Type": "Aggregate","Strategy": "Sorted","Partial Mode": "Finalize","Parallel Aware": false,"Async Capable": false,"Startup Cost": 35224.41,"Total Cost": 35237.30,"Plan Rows": 97,"Plan Width": 168,"Actual Startup Time": 2357.364,"Actual Total Time": 2496.535,"Actual Rows": 175,"Actual Loops": 1,"Group Key": ["nation.n_name", "(EXTRACT(year FROM orders.o_orderdate))"],"Plans": [{"Node Type": "Gather Merge","Parent Relationship": "Outer","Parallel Aware": false,"Async Capable": false,"Startup Cost": 35224.41,"Total Cost": 35235.05,"Plan Rows": 80,"Plan Width": 168,"Actual Startup Time": 2355.924,"Actual Total Time": 2496.142,"Actual Rows": 525,"Actual Loops": 1,"Workers Planned": 2,"Workers Launched": 2,"Plans": [{"Node Type": "Aggregate","Strategy": "Sorted","Partial Mode": "Partial","Parent Relationship": "Outer","Parallel Aware": false,"Async Capable": false,"Startup Cost": 34224.39,"Total Cost": 34225.79,"Plan Rows": 40,"Plan Width": 168,"Actual Startup Time": 2247.984,"Actual Total Time": 2368.597,"Actual Rows": 175,"Actual Loops": 3,"Group Key": ["nation.n_name", "(EXTRACT(year FROM orders.o_orderdate))"],"Workers": [],"Plans": [{"Node Type": "Sort","Parent Relationship": "Outer","Parallel Aware": false,"Async Capable": false,"Startup Cost": 34224.39,"Total Cost": 34224.49,"Plan Rows": 40,"Plan Width": 159,"Actual Startup Time": 2247.517,"Actual Total Time": 2286.585,"Actual Rows": 107203,"Actual Loops": 3,"Sort Key": ["nation.n_name", "(EXTRACT(year FROM orders.o_orderdate)) DESC"],"Sort Method": "quicksort","Sort Space Used": 13369,"Sort Space Type": "Memory","Workers": [{"Worker Number": 0,"Sort Method": "quicksort","Sort Space Used": 14016,"Sort Space Type": "Memory"},{"Worker Number": 1,"Sort Method": "quicksort","Sort Space Used": 13856,"Sort Space Type": "Memory"}],"Plans": [{"Node Type": "Hash Join","Parent Relationship": "Outer","Parallel Aware": false,"Async Capable": false,"Join Type": "Inner","Startup Cost": 3.13,"Total Cost": 34223.32,"Plan Rows": 40,"Plan Width": 159,"Actual Startup Time": 0.679,"Actual Total Time": 2101.760,"Actual Rows": 107203,"Actual Loops": 3,"Inner Unique": true,"Hash Cond": "(supplier.s_nationkey = nation.n_nationkey)","Workers": [],"Plans": [{"Node Type": "Nested Loop","Parent Relationship": "Outer","Parallel Aware": false,"Async Capable": false,"Join Type": "Inner","Startup Cost": 1.57,"Total Cost": 34221.53,"Plan Rows": 40,"Plan Width": 31,"Actual Startup Time": 0.517,"Actual Total Time": 2070.140,"Actual Rows": 107203,"Actual Loops": 3,"Inner Unique": true,"Workers": [],"Plans": [{"Node Type": "Nested Loop","Parent Relationship": "Outer","Parallel Aware": false,"Async Capable": false,"Join Type": "Inner","Startup Cost": 1.14,"Total Cost": 34202.93,"Plan Rows": 40,"Plan Width": 31,"Actual Startup Time": 0.385,"Actual Total Time": 967.844,"Actual Rows": 107203,"Actual Loops": 3,"Inner Unique": true,"Workers": [],"Plans": [{"Node Type": "Nested Loop","Parent Relationship": "Outer","Parallel Aware": false,"Async Capable": false,"Join Type": "Inner","Startup Cost": 0.86,"Total Cost": 34190.82,"Plan Rows": 40,"Plan Width": 35,"Actual Startup Time": 0.299,"Actual Total Time": 787.636,"Actual Rows": 107203,"Actual Loops": 3,"Inner Unique": false,"Workers": [],"Plans": [{"Node Type": "Nested Loop","Parent Relationship": "Outer","Parallel Aware": false,"Async Capable": false,"Join Type": "Inner","Startup Cost": 0.42,"Total Cost": 19885.25,"Plan Rows": 13468,"Plan Width": 18,"Actual Startup Time": 0.192,"Actual Total Time": 117.102,"Actual Rows": 14315,"Actual Loops": 3,"Inner Unique": false,"Workers": [],"Plans": [{"Node Type": "Seq Scan","Parent Relationship": "Outer","Parallel Aware": true,"Async Capable": false,"Relation Name": "part","Alias": "part","Startup Cost": 0.00,"Total Cost": 5138.67,"Plan Rows": 3367,"Plan Width": 4,"Actual Startup Time": 0.065,"Actual Total Time": 51.071,"Actual Rows": 3579,"Actual Loops": 3,"Filter": "((p_name)::text ~~ '%smoke%'::text)","Rows Removed by Filter": 63088,"Workers": []},{"Node Type": "Index Scan","Parent Relationship": "Inner","Parallel Aware": false,"Async Capable": false,"Scan Direction": "Forward","Index Name": "idx_partsupp_partkey","Relation Name": "partsupp","Alias": "partsupp","Startup Cost": 0.42,"Total Cost": 4.34,"Plan Rows": 4,"Plan Width": 14,"Actual Startup Time": 0.014,"Actual Total Time": 0.018,"Actual Rows": 4,"Actual Loops": 10736,"Index Cond": "(ps_partkey = part.p_partkey)","Rows Removed by Index Recheck": 0,"Workers": []}]},{"Node Type": "Index Scan","Parent Relationship": "Inner","Parallel Aware": false,"Async Capable": false,"Scan Direction": "Forward","Index Name": "idx_lineitem_part_supp","Relation Name": "lineitem","Alias": "lineitem","Startup Cost": 0.43,"Total Cost": 1.05,"Plan Rows": 1,"Plan Width": 29,"Actual Startup Time": 0.007,"Actual Total Time": 0.045,"Actual Rows": 7,"Actual Loops": 42944,"Index Cond": "((l_partkey = partsupp.ps_partkey) AND (l_suppkey = partsupp.ps_suppkey))","Rows Removed by Index Recheck": 0,"Workers": []}]},{"Node Type": "Index Scan","Parent Relationship": "Inner","Parallel Aware": false,"Async Capable": false,"Scan Direction": "Forward","Index Name": "supplier_pkey","Relation Name": "supplier","Alias": "supplier","Startup Cost": 0.29,"Total Cost": 0.30,"Plan Rows": 1,"Plan Width": 8,"Actual Startup Time": 0.001,"Actual Total Time": 0.001,"Actual Rows": 1,"Actual Loops": 321610,"Index Cond": "(s_suppkey = lineitem.l_suppkey)","Rows Removed by Index Recheck": 0,"Workers": []}]},{"Node Type": "Index Scan","Parent Relationship": "Inner","Parallel Aware": false,"Async Capable": false,"Scan Direction": "Forward","Index Name": "orders_pkey","Relation Name": "orders","Alias": "orders","Startup Cost": 0.43,"Total Cost": 0.47,"Plan Rows": 1,"Plan Width": 8,"Actual Startup Time": 0.010,"Actual Total Time": 0.010,"Actual Rows": 1,"Actual Loops": 321610,"Index Cond": "(o_orderkey = lineitem.l_orderkey)","Rows Removed by Index Recheck": 0,"Workers": []}]},{"Node Type": "Hash","Parent Relationship": "Inner","Parallel Aware": false,"Async Capable": false,"Startup Cost": 1.25,"Total Cost": 1.25,"Plan Rows": 25,"Plan Width": 108,"Actual Startup Time": 0.075,"Actual Total Time": 0.083,"Actual Rows": 25,"Actual Loops": 3,"Hash Buckets": 1024,"Original Hash Buckets": 1024,"Hash Batches": 1,"Original Hash Batches": 1,"Peak Memory Usage": 10,"Workers": [],"Plans": [{"Node Type": "Seq Scan","Parent Relationship": "Outer","Parallel Aware": false,"Async Capable": false,"Relation Name": "nation","Alias": "nation","Startup Cost": 0.00,"Total Cost": 1.25,"Plan Rows": 25,"Plan Width": 108,"Actual Startup Time": 0.048,"Actual Total Time": 0.054,"Actual Rows": 25,"Actual Loops": 3,"Workers": []}]}]}]}]}]}]},"Planning Time": 11.689,"Triggers": [],"Execution Time": 2500.376}]
[{"Plan": {"Node Type": "Aggregate","Strategy": "Sorted","Partial Mode": "Finalize","Parallel Aware": false,"Async Capable": false,"Startup Cost": 46348.90,"Total Cost": 46374.41,"Plan Rows": 170,"Plan Width": 168,"Actual Startup Time": 1730.222,"Actual Total Time": 1874.204,"Actual Rows": 175,"Actual Loops": 1,"Group Key": ["nation.n_name", "(EXTRACT(year FROM orders.o_orderdate))"],"Plans": [{"Node Type": "Gather Merge","Parent Relationship": "Outer","Parallel Aware": false,"Async Capable": false,"Startup Cost": 46348.90,"Total Cost": 46370.21,"Plan Rows": 165,"Plan Width": 168,"Actual Startup Time": 1728.668,"Actual Total Time": 1873.759,"Actual Rows": 700,"Actual Loops": 1,"Workers Planned": 3,"Workers Launched": 3,"Plans": [{"Node Type": "Aggregate","Strategy": "Sorted","Partial Mode": "Partial","Parent Relationship": "Outer","Parallel Aware": false,"Async Capable": false,"Startup Cost": 45348.86,"Total Cost": 45350.79,"Plan Rows": 55,"Plan Width": 168,"Actual Startup Time": 1650.826,"Actual Total Time": 1744.501,"Actual Rows": 175,"Actual Loops": 4,"Group Key": ["nation.n_name", "(EXTRACT(year FROM orders.o_orderdate))"],"Workers": [],"Plans": [{"Node Type": "Sort","Parent Relationship": "Outer","Parallel Aware": false,"Async Capable": false,"Startup Cost": 45348.86,"Total Cost": 45349.00,"Plan Rows": 55,"Plan Width": 159,"Actual Startup Time": 1650.333,"Actual Total Time": 1682.232,"Actual Rows": 81534,"Actual Loops": 4,"Sort Key": ["nation.n_name", "(EXTRACT(year FROM orders.o_orderdate)) DESC"],"Sort Method": "quicksort","Sort Space Used": 11317,"Sort Space Type": "Memory","Workers": [{"Worker Number": 0,"Sort Method": "quicksort","Sort Space Used": 11037,"Sort Space Type": "Memory"},{"Worker Number": 1,"Sort Method": "quicksort","Sort Space Used": 11269,"Sort Space Type": "Memory"},{"Worker Number": 2,"Sort Method": "quicksort","Sort Space Used": 11142,"Sort Space Type": "Memory"}],"Plans": [{"Node Type": "Hash Join","Parent Relationship": "Outer","Parallel Aware": false,"Async Capable": false,"Join Type": "Inner","Startup Cost": 5215.02,"Total Cost": 45347.27,"Plan Rows": 55,"Plan Width": 159,"Actual Startup Time": 22.539,"Actual Total Time": 1549.942,"Actual Rows": 81534,"Actual Loops": 4,"Inner Unique": true,"Hash Cond": "(supplier.s_nationkey = nation.n_nationkey)","Workers": [],"Plans": [{"Node Type": "Nested Loop","Parent Relationship": "Outer","Parallel Aware": false,"Async Capable": false,"Join Type": "Inner","Startup Cost": 5213.46,"Total Cost": 45345.40,"Plan Rows": 55,"Plan Width": 31,"Actual Startup Time": 22.374,"Actual Total Time": 1526.572,"Actual Rows": 81534,"Actual Loops": 4,"Inner Unique": true,"Workers": [],"Plans": [{"Node Type": "Nested Loop","Parent Relationship": "Outer","Parallel Aware": false,"Async Capable": false,"Join Type": "Inner","Startup Cost": 5213.03,"Total Cost": 45319.82,"Plan Rows": 55,"Plan Width": 31,"Actual Startup Time": 22.306,"Actual Total Time": 793.181,"Actual Rows": 81534,"Actual Loops": 4,"Inner Unique": true,"Workers": [],"Plans": [{"Node Type": "Nested Loop","Parent Relationship": "Outer","Parallel Aware": false,"Async Capable": false,"Join Type": "Inner","Startup Cost": 5212.75,"Total Cost": 45303.17,"Plan Rows": 55,"Plan Width": 35,"Actual Startup Time": 22.249,"Actual Total Time": 656.284,"Actual Rows": 81534,"Actual Loops": 4,"Inner Unique": false,"Workers": [],"Plans": [{"Node Type": "Hash Join","Parent Relationship": "Outer","Parallel Aware": true,"Async Capable": false,"Join Type": "Inner","Startup Cost": 5212.32,"Total Cost": 25921.39,"Plan Rows": 18247,"Plan Width": 18,"Actual Startup Time": 22.162,"Actual Total Time": 197.619,"Actual Rows": 10856,"Actual Loops": 4,"Inner Unique": true,"Hash Cond": "(partsupp.ps_partkey = part.p_partkey)","Workers": [],"Plans": [{"Node Type": "Seq Scan","Parent Relationship": "Outer","Parallel Aware": true,"Async Capable": false,"Relation Name": "partsupp","Alias": "partsupp","Startup Cost": 0.00,"Total Cost": 20031.65,"Plan Rows": 258065,"Plan Width": 14,"Actual Startup Time": 0.014,"Actual Total Time": 42.173,"Actual Rows": 200000,"Actual Loops": 4,"Workers": []},{"Node Type": "Hash","Parent Relationship": "Inner","Parallel Aware": true,"Async Capable": false,"Startup Cost": 5138.67,"Total Cost": 5138.67,"Plan Rows": 5892,"Plan Width": 4,"Actual Startup Time": 22.002,"Actual Total Time": 22.011,"Actual Rows": 2714,"Actual Loops": 4,"Hash Buckets": 16384,"Original Hash Buckets": 16384,"Hash Batches": 1,"Original Hash Batches": 1,"Peak Memory Usage": 608,"Workers": [],"Plans": [{"Node Type": "Seq Scan","Parent Relationship": "Outer","Parallel Aware": true,"Async Capable": false,"Relation Name": "part","Alias": "part","Startup Cost": 0.00,"Total Cost": 5138.67,"Plan Rows": 5892,"Plan Width": 4,"Actual Startup Time": 0.065,"Actual Total Time": 20.262,"Actual Rows": 2714,"Actual Loops": 4,"Filter": "((p_name)::text ~~ '%pink%'::text)","Rows Removed by Filter": 47286,"Workers": []}]}]},{"Node Type": "Index Scan","Parent Relationship": "Inner","Parallel Aware": false,"Async Capable": false,"Scan Direction": "Forward","Index Name": "idx_lineitem_part_supp","Relation Name": "lineitem","Alias": "lineitem","Startup Cost": 0.43,"Total Cost": 1.05,"Plan Rows": 1,"Plan Width": 29,"Actual Startup Time": 0.006,"Actual Total Time": 0.041,"Actual Rows": 8,"Actual Loops": 43424,"Index Cond": "((l_partkey = partsupp.ps_partkey) AND (l_suppkey = partsupp.ps_suppkey))","Rows Removed by Index Recheck": 0,"Workers": []}]},{"Node Type": "Index Scan","Parent Relationship": "Inner","Parallel Aware": false,"Async Capable": false,"Scan Direction": "Forward","Index Name": "supplier_pkey","Relation Name": "supplier","Alias": "supplier","Startup Cost": 0.29,"Total Cost": 0.30,"Plan Rows": 1,"Plan Width": 8,"Actual Startup Time": 0.001,"Actual Total Time": 0.001,"Actual Rows": 1,"Actual Loops": 326137,"Index Cond": "(s_suppkey = lineitem.l_suppkey)","Rows Removed by Index Recheck": 0,"Workers": []}]},{"Node Type": "Index Scan","Parent Relationship": "Inner","Parallel Aware": false,"Async Capable": false,"Scan Direction": "Forward","Index Name": "orders_pkey","Relation Name": "orders","Alias": "orders","Startup Cost": 0.43,"Total Cost": 0.47,"Plan Rows": 1,"Plan Width": 8,"Actual Startup Time": 0.009,"Actual Total Time": 0.009,"Actual Rows": 1,"Actual Loops": 326137,"Index Cond": "(o_orderkey = lineitem.l_orderkey)","Rows Removed by Index Recheck": 0,"Workers": []}]},{"Node Type": "Hash","Parent Relationship": "Inner","Parallel Aware": false,"Async Capable": false,"Startup Cost": 1.25,"Total Cost": 1.25,"Plan Rows": 25,"Plan Width": 108,"Actual Startup Time": 0.071,"Actual Total Time": 0.076,"Actual Rows": 25,"Actual Loops": 4,"Hash Buckets": 1024,"Original Hash Buckets": 1024,"Hash Batches": 1,"Original Hash Batches": 1,"Peak Memory Usage": 10,"Workers": [],"Plans": [{"Node Type": "Seq Scan","Parent Relationship": "Outer","Parallel Aware": false,"Async Capable": false,"Relation Name": "nation","Alias": "nation","Startup Cost": 0.00,"Total Cost": 1.25,"Plan Rows": 25,"Plan Width": 108,"Actual Startup Time": 0.047,"Actual Total Time": 0.052,"Actual Rows": 25,"Actual Loops": 4,"Workers": []}]}]}]}]}]}]},"Planning Time": 12.442,"Triggers": [],"Execution Time": 1875.255}]
[{"Plan": {"Node Type": "Aggregate","Strategy": "Sorted","Partial Mode": "Finalize","Parallel Aware": false,"Async Capable": false,"Startup Cost": 46348.90,"Total Cost": 46374.41,"Plan Rows": 170,"Plan Width": 168,"Actual Startup Time": 1703.802,"Actual Total Time": 1828.802,"Actual Rows": 175,"Actual Loops": 1,"Group Key": ["nation.n_name", "(EXTRACT(year FROM orders.o_orderdate))"],"Plans": [{"Node Type": "Gather Merge","Parent Relationship": "Outer","Parallel Aware": false,"Async Capable": false,"Startup Cost": 46348.90,"Total Cost": 46370.21,"Plan Rows": 165,"Plan Width": 168,"Actual Startup Time": 1702.647,"Actual Total Time": 1828.292,"Actual Rows": 700,"Actual Loops": 1,"Workers Planned": 3,"Workers Launched": 3,"Plans": [{"Node Type": "Aggregate","Strategy": "Sorted","Partial Mode": "Partial","Parent Relationship": "Outer","Parallel Aware": false,"Async Capable": false,"Startup Cost": 45348.86,"Total Cost": 45350.79,"Plan Rows": 55,"Plan Width": 168,"Actual Startup Time": 1619.862,"Actual Total Time": 1717.365,"Actual Rows": 175,"Actual Loops": 4,"Group Key": ["nation.n_name", "(EXTRACT(year FROM orders.o_orderdate))"],"Workers": [],"Plans": [{"Node Type": "Sort","Parent Relationship": "Outer","Parallel Aware": false,"Async Capable": false,"Startup Cost": 45348.86,"Total Cost": 45349.00,"Plan Rows": 55,"Plan Width": 159,"Actual Startup Time": 1619.469,"Actual Total Time": 1654.019,"Actual Rows": 80641,"Actual Loops": 4,"Sort Key": ["nation.n_name", "(EXTRACT(year FROM orders.o_orderdate)) DESC"],"Sort Method": "quicksort","Sort Space Used": 11007,"Sort Space Type": "Memory","Workers": [{"Worker Number": 0,"Sort Method": "quicksort","Sort Space Used": 10859,"Sort Space Type": "Memory"},{"Worker Number": 1,"Sort Method": "quicksort","Sort Space Used": 11221,"Sort Space Type": "Memory"},{"Worker Number": 2,"Sort Method": "quicksort","Sort Space Used": 11314,"Sort Space Type": "Memory"}],"Plans": [{"Node Type": "Hash Join","Parent Relationship": "Outer","Parallel Aware": false,"Async Capable": false,"Join Type": "Inner","Startup Cost": 5215.02,"Total Cost": 45347.27,"Plan Rows": 55,"Plan Width": 159,"Actual Startup Time": 21.592,"Actual Total Time": 1520.847,"Actual Rows": 80641,"Actual Loops": 4,"Inner Unique": true,"Hash Cond": "(supplier.s_nationkey = nation.n_nationkey)","Workers": [],"Plans": [{"Node Type": "Nested Loop","Parent Relationship": "Outer","Parallel Aware": false,"Async Capable": false,"Join Type": "Inner","Startup Cost": 5213.46,"Total Cost": 45345.40,"Plan Rows": 55,"Plan Width": 31,"Actual Startup Time": 21.389,"Actual Total Time": 1497.621,"Actual Rows": 80641,"Actual Loops": 4,"Inner Unique": true,"Workers": [],"Plans": [{"Node Type": "Nested Loop","Parent Relationship": "Outer","Parallel Aware": false,"Async Capable": false,"Join Type": "Inner","Startup Cost": 5213.03,"Total Cost": 45319.82,"Plan Rows": 55,"Plan Width": 31,"Actual Startup Time": 21.303,"Actual Total Time": 772.716,"Actual Rows": 80641,"Actual Loops": 4,"Inner Unique": true,"Workers": [],"Plans": [{"Node Type": "Nested Loop","Parent Relationship": "Outer","Parallel Aware": false,"Async Capable": false,"Join Type": "Inner","Startup Cost": 5212.75,"Total Cost": 45303.17,"Plan Rows": 55,"Plan Width": 35,"Actual Startup Time": 21.245,"Actual Total Time": 636.617,"Actual Rows": 80641,"Actual Loops": 4,"Inner Unique": false,"Workers": [],"Plans": [{"Node Type": "Hash Join","Parent Relationship": "Outer","Parallel Aware": true,"Async Capable": false,"Join Type": "Inner","Startup Cost": 5212.32,"Total Cost": 25921.39,"Plan Rows": 18247,"Plan Width": 18,"Actual Startup Time": 21.168,"Actual Total Time": 184.026,"Actual Rows": 10733,"Actual Loops": 4,"Inner Unique": true,"Hash Cond": "(partsupp.ps_partkey = part.p_partkey)","Workers": [],"Plans": [{"Node Type": "Seq Scan","Parent Relationship": "Outer","Parallel Aware": true,"Async Capable": false,"Relation Name": "partsupp","Alias": "partsupp","Startup Cost": 0.00,"Total Cost": 20031.65,"Plan Rows": 258065,"Plan Width": 14,"Actual Startup Time": 0.010,"Actual Total Time": 42.275,"Actual Rows": 200000,"Actual Loops": 4,"Workers": []},{"Node Type": "Hash","Parent Relationship": "Inner","Parallel Aware": true,"Async Capable": false,"Startup Cost": 5138.67,"Total Cost": 5138.67,"Plan Rows": 5892,"Plan Width": 4,"Actual Startup Time": 21.027,"Actual Total Time": 21.038,"Actual Rows": 2683,"Actual Loops": 4,"Hash Buckets": 16384,"Original Hash Buckets": 16384,"Hash Batches": 1,"Original Hash Batches": 1,"Peak Memory Usage": 576,"Workers": [],"Plans": [{"Node Type": "Seq Scan","Parent Relationship": "Outer","Parallel Aware": true,"Async Capable": false,"Relation Name": "part","Alias": "part","Startup Cost": 0.00,"Total Cost": 5138.67,"Plan Rows": 5892,"Plan Width": 4,"Actual Startup Time": 0.074,"Actual Total Time": 19.689,"Actual Rows": 2683,"Actual Loops": 4,"Filter": "((p_name)::text ~~ '%cornsilk%'::text)","Rows Removed by Filter": 47317,"Workers": []}]}]},{"Node Type": "Index Scan","Parent Relationship": "Inner","Parallel Aware": false,"Async Capable": false,"Scan Direction": "Forward","Index Name": "idx_lineitem_part_supp","Relation Name": "lineitem","Alias": "lineitem","Startup Cost": 0.43,"Total Cost": 1.05,"Plan Rows": 1,"Plan Width": 29,"Actual Startup Time": 0.006,"Actual Total Time": 0.041,"Actual Rows": 8,"Actual Loops": 42932,"Index Cond": "((l_partkey = partsupp.ps_partkey) AND (l_suppkey = partsupp.ps_suppkey))","Rows Removed by Index Recheck": 0,"Workers": []}]},{"Node Type": "Index Scan","Parent Relationship": "Inner","Parallel Aware": false,"Async Capable": false,"Scan Direction": "Forward","Index Name": "supplier_pkey","Relation Name": "supplier","Alias": "supplier","Startup Cost": 0.29,"Total Cost": 0.30,"Plan Rows": 1,"Plan Width": 8,"Actual Startup Time": 0.001,"Actual Total Time": 0.001,"Actual Rows": 1,"Actual Loops": 322563,"Index Cond": "(s_suppkey = lineitem.l_suppkey)","Rows Removed by Index Recheck": 0,"Workers": []}]},{"Node Type": "Index Scan","Parent Relationship": "Inner","Parallel Aware": false,"Async Capable": false,"Scan Direction": "Forward","Index Name": "orders_pkey","Relation Name": "orders","Alias": "orders","Startup Cost": 0.43,"Total Cost": 0.47,"Plan Rows": 1,"Plan Width": 8,"Actual Startup Time": 0.009,"Actual Total Time": 0.009,"Actual Rows": 1,"Actual Loops": 322563,"Index Cond": "(o_orderkey = lineitem.l_orderkey)","Rows Removed by Index Recheck": 0,"Workers": []}]},{"Node Type": "Hash","Parent Relationship": "Inner","Parallel Aware": false,"Async Capable": false,"Startup Cost": 1.25,"Total Cost": 1.25,"Plan Rows": 25,"Plan Width": 108,"Actual Startup Time": 0.088,"Actual Total Time": 0.096,"Actual Rows": 25,"Actual Loops": 4,"Hash Buckets": 1024,"Original Hash Buckets": 1024,"Hash Batches": 1,"Original Hash Batches": 1,"Peak Memory Usage": 10,"Workers": [],"Plans": [{"Node Type": "Seq Scan","Parent Relationship": "Outer","Parallel Aware": false,"Async Capable": false,"Relation Name": "nation","Alias": "nation","Startup Cost": 0.00,"Total Cost": 1.25,"Plan Rows": 25,"Plan Width": 108,"Actual Startup Time": 0.056,"Actual Total Time": 0.063,"Actual Rows": 25,"Actual Loops": 4,"Workers": []}]}]}]}]}]}]},"Planning Time": 12.190,"Triggers": [],"Execution Time": 1830.103}]
[{"Plan": {"Node Type": "Aggregate","Strategy": "Sorted","Partial Mode": "Finalize","Parallel Aware": false,"Async Capable": false,"Startup Cost": 41381.04,"Total Cost": 41397.45,"Plan Rows": 122,"Plan Width": 168,"Actual Startup Time": 2402.130,"Actual Total Time": 2525.292,"Actual Rows": 175,"Actual Loops": 1,"Group Key": ["nation.n_name", "(EXTRACT(year FROM orders.o_orderdate))"],"Plans": [{"Node Type": "Gather Merge","Parent Relationship": "Outer","Parallel Aware": false,"Async Capable": false,"Startup Cost": 41381.04,"Total Cost": 41394.60,"Plan Rows": 102,"Plan Width": 168,"Actual Startup Time": 2401.500,"Actual Total Time": 2524.925,"Actual Rows": 525,"Actual Loops": 1,"Workers Planned": 2,"Workers Launched": 2,"Plans": [{"Node Type": "Aggregate","Strategy": "Sorted","Partial Mode": "Partial","Parent Relationship": "Outer","Parallel Aware": false,"Async Capable": false,"Startup Cost": 40381.01,"Total Cost": 40382.80,"Plan Rows": 51,"Plan Width": 168,"Actual Startup Time": 2309.277,"Actual Total Time": 2434.754,"Actual Rows": 175,"Actual Loops": 3,"Group Key": ["nation.n_name", "(EXTRACT(year FROM orders.o_orderdate))"],"Workers": [],"Plans": [{"Node Type": "Sort","Parent Relationship": "Outer","Parallel Aware": false,"Async Capable": false,"Startup Cost": 40381.01,"Total Cost": 40381.14,"Plan Rows": 51,"Plan Width": 159,"Actual Startup Time": 2308.778,"Actual Total Time": 2350.395,"Actual Rows": 107266,"Actual Loops": 3,"Sort Key": ["nation.n_name", "(EXTRACT(year FROM orders.o_orderdate)) DESC"],"Sort Method": "quicksort","Sort Space Used": 14493,"Sort Space Type": "Memory","Workers": [{"Worker Number": 0,"Sort Method": "quicksort","Sort Space Used": 13387,"Sort Space Type": "Memory"},{"Worker Number": 1,"Sort Method": "quicksort","Sort Space Used": 13375,"Sort Space Type": "Memory"}],"Plans": [{"Node Type": "Hash Join","Parent Relationship": "Outer","Parallel Aware": false,"Async Capable": false,"Join Type": "Inner","Startup Cost": 3.13,"Total Cost": 40379.57,"Plan Rows": 51,"Plan Width": 159,"Actual Startup Time": 0.734,"Actual Total Time": 2166.199,"Actual Rows": 107266,"Actual Loops": 3,"Inner Unique": true,"Hash Cond": "(supplier.s_nationkey = nation.n_nationkey)","Workers": [],"Plans": [{"Node Type": "Nested Loop","Parent Relationship": "Outer","Parallel Aware": false,"Async Capable": false,"Join Type": "Inner","Startup Cost": 1.57,"Total Cost": 40377.72,"Plan Rows": 51,"Plan Width": 31,"Actual Startup Time": 0.557,"Actual Total Time": 2135.002,"Actual Rows": 107266,"Actual Loops": 3,"Inner Unique": true,"Workers": [],"Plans": [{"Node Type": "Nested Loop","Parent Relationship": "Outer","Parallel Aware": false,"Async Capable": false,"Join Type": "Inner","Startup Cost": 1.14,"Total Cost": 40354.00,"Plan Rows": 51,"Plan Width": 31,"Actual Startup Time": 0.421,"Actual Total Time": 995.648,"Actual Rows": 107266,"Actual Loops": 3,"Inner Unique": true,"Workers": [],"Plans": [{"Node Type": "Nested Loop","Parent Relationship": "Outer","Parallel Aware": false,"Async Capable": false,"Join Type": "Inner","Startup Cost": 0.86,"Total Cost": 40338.56,"Plan Rows": 51,"Plan Width": 35,"Actual Startup Time": 0.324,"Actual Total Time": 812.642,"Actual Rows": 107266,"Actual Loops": 3,"Inner Unique": false,"Workers": [],"Plans": [{"Node Type": "Nested Loop","Parent Relationship": "Outer","Parallel Aware": false,"Async Capable": false,"Join Type": "Inner","Startup Cost": 0.42,"Total Cost": 22456.59,"Plan Rows": 16835,"Plan Width": 18,"Actual Startup Time": 0.198,"Actual Total Time": 115.648,"Actual Rows": 14303,"Actual Loops": 3,"Inner Unique": false,"Workers": [],"Plans": [{"Node Type": "Seq Scan","Parent Relationship": "Outer","Parallel Aware": true,"Async Capable": false,"Relation Name": "part","Alias": "part","Startup Cost": 0.00,"Total Cost": 5138.67,"Plan Rows": 4209,"Plan Width": 4,"Actual Startup Time": 0.052,"Actual Total Time": 50.443,"Actual Rows": 3576,"Actual Loops": 3,"Filter": "((p_name)::text ~~ '%aquamarine%'::text)","Rows Removed by Filter": 63091,"Workers": []},{"Node Type": "Index Scan","Parent Relationship": "Inner","Parallel Aware": false,"Async Capable": false,"Scan Direction": "Forward","Index Name": "idx_partsupp_partkey","Relation Name": "partsupp","Alias": "partsupp","Startup Cost": 0.42,"Total Cost": 4.07,"Plan Rows": 4,"Plan Width": 14,"Actual Startup Time": 0.014,"Actual Total Time": 0.017,"Actual Rows": 4,"Actual Loops": 10727,"Index Cond": "(ps_partkey = part.p_partkey)","Rows Removed by Index Recheck": 0,"Workers": []}]},{"Node Type": "Index Scan","Parent Relationship": "Inner","Parallel Aware": false,"Async Capable": false,"Scan Direction": "Forward","Index Name": "idx_lineitem_part_supp","Relation Name": "lineitem","Alias": "lineitem","Startup Cost": 0.43,"Total Cost": 1.05,"Plan Rows": 1,"Plan Width": 29,"Actual Startup Time": 0.007,"Actual Total Time": 0.047,"Actual Rows": 7,"Actual Loops": 42908,"Index Cond": "((l_partkey = partsupp.ps_partkey) AND (l_suppkey = partsupp.ps_suppkey))","Rows Removed by Index Recheck": 0,"Workers": []}]},{"Node Type": "Index Scan","Parent Relationship": "Inner","Parallel Aware": false,"Async Capable": false,"Scan Direction": "Forward","Index Name": "supplier_pkey","Relation Name": "supplier","Alias": "supplier","Startup Cost": 0.29,"Total Cost": 0.30,"Plan Rows": 1,"Plan Width": 8,"Actual Startup Time": 0.001,"Actual Total Time": 0.001,"Actual Rows": 1,"Actual Loops": 321798,"Index Cond": "(s_suppkey = lineitem.l_suppkey)","Rows Removed by Index Recheck": 0,"Workers": []}]},{"Node Type": "Index Scan","Parent Relationship": "Inner","Parallel Aware": false,"Async Capable": false,"Scan Direction": "Forward","Index Name": "orders_pkey","Relation Name": "orders","Alias": "orders","Startup Cost": 0.43,"Total Cost": 0.47,"Plan Rows": 1,"Plan Width": 8,"Actual Startup Time": 0.010,"Actual Total Time": 0.010,"Actual Rows": 1,"Actual Loops": 321798,"Index Cond": "(o_orderkey = lineitem.l_orderkey)","Rows Removed by Index Recheck": 0,"Workers": []}]},{"Node Type": "Hash","Parent Relationship": "Inner","Parallel Aware": false,"Async Capable": false,"Startup Cost": 1.25,"Total Cost": 1.25,"Plan Rows": 25,"Plan Width": 108,"Actual Startup Time": 0.085,"Actual Total Time": 0.094,"Actual Rows": 25,"Actual Loops": 3,"Hash Buckets": 1024,"Original Hash Buckets": 1024,"Hash Batches": 1,"Original Hash Batches": 1,"Peak Memory Usage": 10,"Workers": [],"Plans": [{"Node Type": "Seq Scan","Parent Relationship": "Outer","Parallel Aware": false,"Async Capable": false,"Relation Name": "nation","Alias": "nation","Startup Cost": 0.00,"Total Cost": 1.25,"Plan Rows": 25,"Plan Width": 108,"Actual Startup Time": 0.060,"Actual Total Time": 0.066,"Actual Rows": 25,"Actual Loops": 3,"Workers": []}]}]}]}]}]}]},"Planning Time": 10.822,"Triggers": [],"Execution Time": 2526.608}]
[{"Plan": {"Node Type": "Aggregate","Strategy": "Sorted","Partial Mode": "Finalize","Parallel Aware": false,"Async Capable": false,"Startup Cost": 46348.90,"Total Cost": 46374.41,"Plan Rows": 170,"Plan Width": 168,"Actual Startup Time": 1727.472,"Actual Total Time": 1868.015,"Actual Rows": 175,"Actual Loops": 1,"Group Key": ["nation.n_name", "(EXTRACT(year FROM orders.o_orderdate))"],"Plans": [{"Node Type": "Gather Merge","Parent Relationship": "Outer","Parallel Aware": false,"Async Capable": false,"Startup Cost": 46348.90,"Total Cost": 46370.21,"Plan Rows": 165,"Plan Width": 168,"Actual Startup Time": 1725.748,"Actual Total Time": 1867.575,"Actual Rows": 700,"Actual Loops": 1,"Workers Planned": 3,"Workers Launched": 3,"Plans": [{"Node Type": "Aggregate","Strategy": "Sorted","Partial Mode": "Partial","Parent Relationship": "Outer","Parallel Aware": false,"Async Capable": false,"Startup Cost": 45348.86,"Total Cost": 45350.79,"Plan Rows": 55,"Plan Width": 168,"Actual Startup Time": 1653.610,"Actual Total Time": 1749.132,"Actual Rows": 175,"Actual Loops": 4,"Group Key": ["nation.n_name", "(EXTRACT(year FROM orders.o_orderdate))"],"Workers": [],"Plans": [{"Node Type": "Sort","Parent Relationship": "Outer","Parallel Aware": false,"Async Capable": false,"Startup Cost": 45348.86,"Total Cost": 45349.00,"Plan Rows": 55,"Plan Width": 159,"Actual Startup Time": 1653.066,"Actual Total Time": 1686.532,"Actual Rows": 81810,"Actual Loops": 4,"Sort Key": ["nation.n_name", "(EXTRACT(year FROM orders.o_orderdate)) DESC"],"Sort Method": "quicksort","Sort Space Used": 11471,"Sort Space Type": "Memory","Workers": [{"Worker Number": 0,"Sort Method": "quicksort","Sort Space Used": 11147,"Sort Space Type": "Memory"},{"Worker Number": 1,"Sort Method": "quicksort","Sort Space Used": 11095,"Sort Space Type": "Memory"},{"Worker Number": 2,"Sort Method": "quicksort","Sort Space Used": 11162,"Sort Space Type": "Memory"}],"Plans": [{"Node Type": "Hash Join","Parent Relationship": "Outer","Parallel Aware": false,"Async Capable": false,"Join Type": "Inner","Startup Cost": 5215.02,"Total Cost": 45347.27,"Plan Rows": 55,"Plan Width": 159,"Actual Startup Time": 20.833,"Actual Total Time": 1551.514,"Actual Rows": 81810,"Actual Loops": 4,"Inner Unique": true,"Hash Cond": "(supplier.s_nationkey = nation.n_nationkey)","Workers": [],"Plans": [{"Node Type": "Nested Loop","Parent Relationship": "Outer","Parallel Aware": false,"Async Capable": false,"Join Type": "Inner","Startup Cost": 5213.46,"Total Cost": 45345.40,"Plan Rows": 55,"Plan Width": 31,"Actual Startup Time": 20.681,"Actual Total Time": 1528.164,"Actual Rows": 81810,"Actual Loops": 4,"Inner Unique": true,"Workers": [],"Plans": [{"Node Type": "Nested Loop","Parent Relationship": "Outer","Parallel Aware": false,"Async Capable": false,"Join Type": "Inner","Startup Cost": 5213.03,"Total Cost": 45319.82,"Plan Rows": 55,"Plan Width": 31,"Actual Startup Time": 20.609,"Actual Total Time": 796.744,"Actual Rows": 81810,"Actual Loops": 4,"Inner Unique": true,"Workers": [],"Plans": [{"Node Type": "Nested Loop","Parent Relationship": "Outer","Parallel Aware": false,"Async Capable": false,"Join Type": "Inner","Startup Cost": 5212.75,"Total Cost": 45303.17,"Plan Rows": 55,"Plan Width": 35,"Actual Startup Time": 20.570,"Actual Total Time": 658.735,"Actual Rows": 81810,"Actual Loops": 4,"Inner Unique": false,"Workers": [],"Plans": [{"Node Type": "Hash Join","Parent Relationship": "Outer","Parallel Aware": true,"Async Capable": false,"Join Type": "Inner","Startup Cost": 5212.32,"Total Cost": 25921.39,"Plan Rows": 18247,"Plan Width": 18,"Actual Startup Time": 20.503,"Actual Total Time": 194.617,"Actual Rows": 10904,"Actual Loops": 4,"Inner Unique": true,"Hash Cond": "(partsupp.ps_partkey = part.p_partkey)","Workers": [],"Plans": [{"Node Type": "Seq Scan","Parent Relationship": "Outer","Parallel Aware": true,"Async Capable": false,"Relation Name": "partsupp","Alias": "partsupp","Startup Cost": 0.00,"Total Cost": 20031.65,"Plan Rows": 258065,"Plan Width": 14,"Actual Startup Time": 0.015,"Actual Total Time": 41.930,"Actual Rows": 200000,"Actual Loops": 4,"Workers": []},{"Node Type": "Hash","Parent Relationship": "Inner","Parallel Aware": true,"Async Capable": false,"Startup Cost": 5138.67,"Total Cost": 5138.67,"Plan Rows": 5892,"Plan Width": 4,"Actual Startup Time": 20.326,"Actual Total Time": 20.334,"Actual Rows": 2726,"Actual Loops": 4,"Hash Buckets": 16384,"Original Hash Buckets": 16384,"Hash Batches": 1,"Original Hash Batches": 1,"Peak Memory Usage": 576,"Workers": [],"Plans": [{"Node Type": "Seq Scan","Parent Relationship": "Outer","Parallel Aware": true,"Async Capable": false,"Relation Name": "part","Alias": "part","Startup Cost": 0.00,"Total Cost": 5138.67,"Plan Rows": 5892,"Plan Width": 4,"Actual Startup Time": 0.040,"Actual Total Time": 18.599,"Actual Rows": 2726,"Actual Loops": 4,"Filter": "((p_name)::text ~~ '%firebrick%'::text)","Rows Removed by Filter": 47274,"Workers": []}]}]},{"Node Type": "Index Scan","Parent Relationship": "Inner","Parallel Aware": false,"Async Capable": false,"Scan Direction": "Forward","Index Name": "idx_lineitem_part_supp","Relation Name": "lineitem","Alias": "lineitem","Startup Cost": 0.43,"Total Cost": 1.05,"Plan Rows": 1,"Plan Width": 29,"Actual Startup Time": 0.006,"Actual Total Time": 0.041,"Actual Rows": 8,"Actual Loops": 43616,"Index Cond": "((l_partkey = partsupp.ps_partkey) AND (l_suppkey = partsupp.ps_suppkey))","Rows Removed by Index Recheck": 0,"Workers": []}]},{"Node Type": "Index Scan","Parent Relationship": "Inner","Parallel Aware": false,"Async Capable": false,"Scan Direction": "Forward","Index Name": "supplier_pkey","Relation Name": "supplier","Alias": "supplier","Startup Cost": 0.29,"Total Cost": 0.30,"Plan Rows": 1,"Plan Width": 8,"Actual Startup Time": 0.001,"Actual Total Time": 0.001,"Actual Rows": 1,"Actual Loops": 327242,"Index Cond": "(s_suppkey = lineitem.l_suppkey)","Rows Removed by Index Recheck": 0,"Workers": []}]},{"Node Type": "Index Scan","Parent Relationship": "Inner","Parallel Aware": false,"Async Capable": false,"Scan Direction": "Forward","Index Name": "orders_pkey","Relation Name": "orders","Alias": "orders","Startup Cost": 0.43,"Total Cost": 0.47,"Plan Rows": 1,"Plan Width": 8,"Actual Startup Time": 0.009,"Actual Total Time": 0.009,"Actual Rows": 1,"Actual Loops": 327242,"Index Cond": "(o_orderkey = lineitem.l_orderkey)","Rows Removed by Index Recheck": 0,"Workers": []}]},{"Node Type": "Hash","Parent Relationship": "Inner","Parallel Aware": false,"Async Capable": false,"Startup Cost": 1.25,"Total Cost": 1.25,"Plan Rows": 25,"Plan Width": 108,"Actual Startup Time": 0.064,"Actual Total Time": 0.068,"Actual Rows": 25,"Actual Loops": 4,"Hash Buckets": 1024,"Original Hash Buckets": 1024,"Hash Batches": 1,"Original Hash Batches": 1,"Peak Memory Usage": 10,"Workers": [],"Plans": [{"Node Type": "Seq Scan","Parent Relationship": "Outer","Parallel Aware": false,"Async Capable": false,"Relation Name": "nation","Alias": "nation","Startup Cost": 0.00,"Total Cost": 1.25,"Plan Rows": 25,"Plan Width": 108,"Actual Startup Time": 0.042,"Actual Total Time": 0.046,"Actual Rows": 25,"Actual Loops": 4,"Workers": []}]}]}]}]}]}]},"Planning Time": 11.442,"Triggers": [],"Execution Time": 1870.367}]
[{"Plan": {"Node Type": "Aggregate","Strategy": "Sorted","Partial Mode": "Finalize","Parallel Aware": false,"Async Capable": false,"Startup Cost": 46348.90,"Total Cost": 46374.41,"Plan Rows": 170,"Plan Width": 168,"Actual Startup Time": 1765.122,"Actual Total Time": 1878.837,"Actual Rows": 175,"Actual Loops": 1,"Group Key": ["nation.n_name", "(EXTRACT(year FROM orders.o_orderdate))"],"Plans": [{"Node Type": "Gather Merge","Parent Relationship": "Outer","Parallel Aware": false,"Async Capable": false,"Startup Cost": 46348.90,"Total Cost": 46370.21,"Plan Rows": 165,"Plan Width": 168,"Actual Startup Time": 1763.976,"Actual Total Time": 1878.362,"Actual Rows": 700,"Actual Loops": 1,"Workers Planned": 3,"Workers Launched": 3,"Plans": [{"Node Type": "Aggregate","Strategy": "Sorted","Partial Mode": "Partial","Parent Relationship": "Outer","Parallel Aware": false,"Async Capable": false,"Startup Cost": 45348.86,"Total Cost": 45350.79,"Plan Rows": 55,"Plan Width": 168,"Actual Startup Time": 1678.236,"Actual Total Time": 1772.865,"Actual Rows": 175,"Actual Loops": 4,"Group Key": ["nation.n_name", "(EXTRACT(year FROM orders.o_orderdate))"],"Workers": [],"Plans": [{"Node Type": "Sort","Parent Relationship": "Outer","Parallel Aware": false,"Async Capable": false,"Startup Cost": 45348.86,"Total Cost": 45349.00,"Plan Rows": 55,"Plan Width": 159,"Actual Startup Time": 1677.751,"Actual Total Time": 1709.316,"Actual Rows": 82508,"Actual Loops": 4,"Sort Key": ["nation.n_name", "(EXTRACT(year FROM orders.o_orderdate)) DESC"],"Sort Method": "quicksort","Sort Space Used": 11508,"Sort Space Type": "Memory","Workers": [{"Worker Number": 0,"Sort Method": "quicksort","Sort Space Used": 11186,"Sort Space Type": "Memory"},{"Worker Number": 1,"Sort Method": "quicksort","Sort Space Used": 11219,"Sort Space Type": "Memory"},{"Worker Number": 2,"Sort Method": "quicksort","Sort Space Used": 11238,"Sort Space Type": "Memory"}],"Plans": [{"Node Type": "Hash Join","Parent Relationship": "Outer","Parallel Aware": false,"Async Capable": false,"Join Type": "Inner","Startup Cost": 5215.02,"Total Cost": 45347.27,"Plan Rows": 55,"Plan Width": 159,"Actual Startup Time": 21.726,"Actual Total Time": 1573.130,"Actual Rows": 82508,"Actual Loops": 4,"Inner Unique": true,"Hash Cond": "(supplier.s_nationkey = nation.n_nationkey)","Workers": [],"Plans": [{"Node Type": "Nested Loop","Parent Relationship": "Outer","Parallel Aware": false,"Async Capable": false,"Join Type": "Inner","Startup Cost": 5213.46,"Total Cost": 45345.40,"Plan Rows": 55,"Plan Width": 31,"Actual Startup Time": 21.516,"Actual Total Time": 1549.295,"Actual Rows": 82508,"Actual Loops": 4,"Inner Unique": true,"Workers": [],"Plans": [{"Node Type": "Nested Loop","Parent Relationship": "Outer","Parallel Aware": false,"Async Capable": false,"Join Type": "Inner","Startup Cost": 5213.03,"Total Cost": 45319.82,"Plan Rows": 55,"Plan Width": 31,"Actual Startup Time": 21.426,"Actual Total Time": 807.961,"Actual Rows": 82508,"Actual Loops": 4,"Inner Unique": true,"Workers": [],"Plans": [{"Node Type": "Nested Loop","Parent Relationship": "Outer","Parallel Aware": false,"Async Capable": false,"Join Type": "Inner","Startup Cost": 5212.75,"Total Cost": 45303.17,"Plan Rows": 55,"Plan Width": 35,"Actual Startup Time": 21.366,"Actual Total Time": 669.820,"Actual Rows": 82508,"Actual Loops": 4,"Inner Unique": false,"Workers": [],"Plans": [{"Node Type": "Hash Join","Parent Relationship": "Outer","Parallel Aware": true,"Async Capable": false,"Join Type": "Inner","Startup Cost": 5212.32,"Total Cost": 25921.39,"Plan Rows": 18247,"Plan Width": 18,"Actual Startup Time": 21.288,"Actual Total Time": 198.560,"Actual Rows": 11011,"Actual Loops": 4,"Inner Unique": true,"Hash Cond": "(partsupp.ps_partkey = part.p_partkey)","Workers": [],"Plans": [{"Node Type": "Seq Scan","Parent Relationship": "Outer","Parallel Aware": true,"Async Capable": false,"Relation Name": "partsupp","Alias": "partsupp","Startup Cost": 0.00,"Total Cost": 20031.65,"Plan Rows": 258065,"Plan Width": 14,"Actual Startup Time": 0.011,"Actual Total Time": 42.308,"Actual Rows": 200000,"Actual Loops": 4,"Workers": []},{"Node Type": "Hash","Parent Relationship": "Inner","Parallel Aware": true,"Async Capable": false,"Startup Cost": 5138.67,"Total Cost": 5138.67,"Plan Rows": 5892,"Plan Width": 4,"Actual Startup Time": 21.102,"Actual Total Time": 21.115,"Actual Rows": 2753,"Actual Loops": 4,"Hash Buckets": 16384,"Original Hash Buckets": 16384,"Hash Batches": 1,"Original Hash Batches": 1,"Peak Memory Usage": 608,"Workers": [],"Plans": [{"Node Type": "Seq Scan","Parent Relationship": "Outer","Parallel Aware": true,"Async Capable": false,"Relation Name": "part","Alias": "part","Startup Cost": 0.00,"Total Cost": 5138.67,"Plan Rows": 5892,"Plan Width": 4,"Actual Startup Time": 0.060,"Actual Total Time": 19.377,"Actual Rows": 2753,"Actual Loops": 4,"Filter": "((p_name)::text ~~ '%midnight%'::text)","Rows Removed by Filter": 47247,"Workers": []}]}]},{"Node Type": "Index Scan","Parent Relationship": "Inner","Parallel Aware": false,"Async Capable": false,"Scan Direction": "Forward","Index Name": "idx_lineitem_part_supp","Relation Name": "lineitem","Alias": "lineitem","Startup Cost": 0.43,"Total Cost": 1.05,"Plan Rows": 1,"Plan Width": 29,"Actual Startup Time": 0.006,"Actual Total Time": 0.041,"Actual Rows": 7,"Actual Loops": 44044,"Index Cond": "((l_partkey = partsupp.ps_partkey) AND (l_suppkey = partsupp.ps_suppkey))","Rows Removed by Index Recheck": 0,"Workers": []}]},{"Node Type": "Index Scan","Parent Relationship": "Inner","Parallel Aware": false,"Async Capable": false,"Scan Direction": "Forward","Index Name": "supplier_pkey","Relation Name": "supplier","Alias": "supplier","Startup Cost": 0.29,"Total Cost": 0.30,"Plan Rows": 1,"Plan Width": 8,"Actual Startup Time": 0.001,"Actual Total Time": 0.001,"Actual Rows": 1,"Actual Loops": 330032,"Index Cond": "(s_suppkey = lineitem.l_suppkey)","Rows Removed by Index Recheck": 0,"Workers": []}]},{"Node Type": "Index Scan","Parent Relationship": "Inner","Parallel Aware": false,"Async Capable": false,"Scan Direction": "Forward","Index Name": "orders_pkey","Relation Name": "orders","Alias": "orders","Startup Cost": 0.43,"Total Cost": 0.47,"Plan Rows": 1,"Plan Width": 8,"Actual Startup Time": 0.009,"Actual Total Time": 0.009,"Actual Rows": 1,"Actual Loops": 330032,"Index Cond": "(o_orderkey = lineitem.l_orderkey)","Rows Removed by Index Recheck": 0,"Workers": []}]},{"Node Type": "Hash","Parent Relationship": "Inner","Parallel Aware": false,"Async Capable": false,"Startup Cost": 1.25,"Total Cost": 1.25,"Plan Rows": 25,"Plan Width": 108,"Actual Startup Time": 0.102,"Actual Total Time": 0.109,"Actual Rows": 25,"Actual Loops": 4,"Hash Buckets": 1024,"Original Hash Buckets": 1024,"Hash Batches": 1,"Original Hash Batches": 1,"Peak Memory Usage": 10,"Workers": [],"Plans": [{"Node Type": "Seq Scan","Parent Relationship": "Outer","Parallel Aware": false,"Async Capable": false,"Relation Name": "nation","Alias": "nation","Startup Cost": 0.00,"Total Cost": 1.25,"Plan Rows": 25,"Plan Width": 108,"Actual Startup Time": 0.072,"Actual Total Time": 0.080,"Actual Rows": 25,"Actual Loops": 4,"Workers": []}]}]}]}]}]}]},"Planning Time": 11.978,"Triggers": [],"Execution Time": 1880.350}]
[{"Plan": {"Node Type": "Aggregate","Strategy": "Sorted","Partial Mode": "Finalize","Parallel Aware": false,"Async Capable": false,"Startup Cost": 41381.04,"Total Cost": 41397.45,"Plan Rows": 122,"Plan Width": 168,"Actual Startup Time": 2420.928,"Actual Total Time": 2521.416,"Actual Rows": 175,"Actual Loops": 1,"Group Key": ["nation.n_name", "(EXTRACT(year FROM orders.o_orderdate))"],"Plans": [{"Node Type": "Gather Merge","Parent Relationship": "Outer","Parallel Aware": false,"Async Capable": false,"Startup Cost": 41381.04,"Total Cost": 41394.60,"Plan Rows": 102,"Plan Width": 168,"Actual Startup Time": 2419.150,"Actual Total Time": 2521.044,"Actual Rows": 525,"Actual Loops": 1,"Workers Planned": 2,"Workers Launched": 2,"Plans": [{"Node Type": "Aggregate","Strategy": "Sorted","Partial Mode": "Partial","Parent Relationship": "Outer","Parallel Aware": false,"Async Capable": false,"Startup Cost": 40381.01,"Total Cost": 40382.80,"Plan Rows": 51,"Plan Width": 168,"Actual Startup Time": 2330.204,"Actual Total Time": 2446.743,"Actual Rows": 175,"Actual Loops": 3,"Group Key": ["nation.n_name", "(EXTRACT(year FROM orders.o_orderdate))"],"Workers": [],"Plans": [{"Node Type": "Sort","Parent Relationship": "Outer","Parallel Aware": false,"Async Capable": false,"Startup Cost": 40381.01,"Total Cost": 40381.14,"Plan Rows": 51,"Plan Width": 159,"Actual Startup Time": 2329.797,"Actual Total Time": 2366.082,"Actual Rows": 108643,"Actual Loops": 3,"Sort Key": ["nation.n_name", "(EXTRACT(year FROM orders.o_orderdate)) DESC"],"Sort Method": "quicksort","Sort Space Used": 14576,"Sort Space Type": "Memory","Workers": [{"Worker Number": 0,"Sort Method": "quicksort","Sort Space Used": 13550,"Sort Space Type": "Memory"},{"Worker Number": 1,"Sort Method": "quicksort","Sort Space Used": 13540,"Sort Space Type": "Memory"}],"Plans": [{"Node Type": "Hash Join","Parent Relationship": "Outer","Parallel Aware": false,"Async Capable": false,"Join Type": "Inner","Startup Cost": 3.13,"Total Cost": 40379.57,"Plan Rows": 51,"Plan Width": 159,"Actual Startup Time": 0.791,"Actual Total Time": 2183.029,"Actual Rows": 108643,"Actual Loops": 3,"Inner Unique": true,"Hash Cond": "(supplier.s_nationkey = nation.n_nationkey)","Workers": [],"Plans": [{"Node Type": "Nested Loop","Parent Relationship": "Outer","Parallel Aware": false,"Async Capable": false,"Join Type": "Inner","Startup Cost": 1.57,"Total Cost": 40377.72,"Plan Rows": 51,"Plan Width": 31,"Actual Startup Time": 0.592,"Actual Total Time": 2151.282,"Actual Rows": 108643,"Actual Loops": 3,"Inner Unique": true,"Workers": [],"Plans": [{"Node Type": "Nested Loop","Parent Relationship": "Outer","Parallel Aware": false,"Async Capable": false,"Join Type": "Inner","Startup Cost": 1.14,"Total Cost": 40354.00,"Plan Rows": 51,"Plan Width": 31,"Actual Startup Time": 0.465,"Actual Total Time": 1002.527,"Actual Rows": 108643,"Actual Loops": 3,"Inner Unique": true,"Workers": [],"Plans": [{"Node Type": "Nested Loop","Parent Relationship": "Outer","Parallel Aware": false,"Async Capable": false,"Join Type": "Inner","Startup Cost": 0.86,"Total Cost": 40338.56,"Plan Rows": 51,"Plan Width": 35,"Actual Startup Time": 0.353,"Actual Total Time": 817.470,"Actual Rows": 108643,"Actual Loops": 3,"Inner Unique": false,"Workers": [],"Plans": [{"Node Type": "Nested Loop","Parent Relationship": "Outer","Parallel Aware": false,"Async Capable": false,"Join Type": "Inner","Startup Cost": 0.42,"Total Cost": 22456.59,"Plan Rows": 16835,"Plan Width": 18,"Actual Startup Time": 0.220,"Actual Total Time": 115.062,"Actual Rows": 14507,"Actual Loops": 3,"Inner Unique": false,"Workers": [],"Plans": [{"Node Type": "Seq Scan","Parent Relationship": "Outer","Parallel Aware": true,"Async Capable": false,"Relation Name": "part","Alias": "part","Startup Cost": 0.00,"Total Cost": 5138.67,"Plan Rows": 4209,"Plan Width": 4,"Actual Startup Time": 0.050,"Actual Total Time": 49.762,"Actual Rows": 3627,"Actual Loops": 3,"Filter": "((p_name)::text ~~ '%navy%'::text)","Rows Removed by Filter": 63040,"Workers": []},{"Node Type": "Index Scan","Parent Relationship": "Inner","Parallel Aware": false,"Async Capable": false,"Scan Direction": "Forward","Index Name": "idx_partsupp_partkey","Relation Name": "partsupp","Alias": "partsupp","Startup Cost": 0.42,"Total Cost": 4.07,"Plan Rows": 4,"Plan Width": 14,"Actual Startup Time": 0.013,"Actual Total Time": 0.017,"Actual Rows": 4,"Actual Loops": 10880,"Index Cond": "(ps_partkey = part.p_partkey)","Rows Removed by Index Recheck": 0,"Workers": []}]},{"Node Type": "Index Scan","Parent Relationship": "Inner","Parallel Aware": false,"Async Capable": false,"Scan Direction": "Forward","Index Name": "idx_lineitem_part_supp","Relation Name": "lineitem","Alias": "lineitem","Startup Cost": 0.43,"Total Cost": 1.05,"Plan Rows": 1,"Plan Width": 29,"Actual Startup Time": 0.007,"Actual Total Time": 0.047,"Actual Rows": 7,"Actual Loops": 43520,"Index Cond": "((l_partkey = partsupp.ps_partkey) AND (l_suppkey = partsupp.ps_suppkey))","Rows Removed by Index Recheck": 0,"Workers": []}]},{"Node Type": "Index Scan","Parent Relationship": "Inner","Parallel Aware": false,"Async Capable": false,"Scan Direction": "Forward","Index Name": "supplier_pkey","Relation Name": "supplier","Alias": "supplier","Startup Cost": 0.29,"Total Cost": 0.30,"Plan Rows": 1,"Plan Width": 8,"Actual Startup Time": 0.001,"Actual Total Time": 0.001,"Actual Rows": 1,"Actual Loops": 325928,"Index Cond": "(s_suppkey = lineitem.l_suppkey)","Rows Removed by Index Recheck": 0,"Workers": []}]},{"Node Type": "Index Scan","Parent Relationship": "Inner","Parallel Aware": false,"Async Capable": false,"Scan Direction": "Forward","Index Name": "orders_pkey","Relation Name": "orders","Alias": "orders","Startup Cost": 0.43,"Total Cost": 0.47,"Plan Rows": 1,"Plan Width": 8,"Actual Startup Time": 0.010,"Actual Total Time": 0.010,"Actual Rows": 1,"Actual Loops": 325928,"Index Cond": "(o_orderkey = lineitem.l_orderkey)","Rows Removed by Index Recheck": 0,"Workers": []}]},{"Node Type": "Hash","Parent Relationship": "Inner","Parallel Aware": false,"Async Capable": false,"Startup Cost": 1.25,"Total Cost": 1.25,"Plan Rows": 25,"Plan Width": 108,"Actual Startup Time": 0.090,"Actual Total Time": 0.098,"Actual Rows": 25,"Actual Loops": 3,"Hash Buckets": 1024,"Original Hash Buckets": 1024,"Hash Batches": 1,"Original Hash Batches": 1,"Peak Memory Usage": 10,"Workers": [],"Plans": [{"Node Type": "Seq Scan","Parent Relationship": "Outer","Parallel Aware": false,"Async Capable": false,"Relation Name": "nation","Alias": "nation","Startup Cost": 0.00,"Total Cost": 1.25,"Plan Rows": 25,"Plan Width": 108,"Actual Startup Time": 0.066,"Actual Total Time": 0.072,"Actual Rows": 25,"Actual Loops": 3,"Workers": []}]}]}]}]}]}]},"Planning Time": 12.345,"Triggers": [],"Execution Time": 2522.949}]
[{"Plan": {"Node Type": "Aggregate","Strategy": "Sorted","Partial Mode": "Finalize","Parallel Aware": false,"Async Capable": false,"Startup Cost": 28858.40,"Total Cost": 28868.07,"Plan Rows": 73,"Plan Width": 168,"Actual Startup Time": 2447.440,"Actual Total Time": 2545.613,"Actual Rows": 175,"Actual Loops": 1,"Group Key": ["nation.n_name", "(EXTRACT(year FROM orders.o_orderdate))"],"Plans": [{"Node Type": "Gather Merge","Parent Relationship": "Outer","Parallel Aware": false,"Async Capable": false,"Startup Cost": 28858.40,"Total Cost": 28866.38,"Plan Rows": 60,"Plan Width": 168,"Actual Startup Time": 2445.955,"Actual Total Time": 2545.171,"Actual Rows": 525,"Actual Loops": 1,"Workers Planned": 2,"Workers Launched": 2,"Plans": [{"Node Type": "Aggregate","Strategy": "Sorted","Partial Mode": "Partial","Parent Relationship": "Outer","Parallel Aware": false,"Async Capable": false,"Startup Cost": 27858.38,"Total Cost": 27859.43,"Plan Rows": 30,"Plan Width": 168,"Actual Startup Time": 2330.856,"Actual Total Time": 2450.060,"Actual Rows": 175,"Actual Loops": 3,"Group Key": ["nation.n_name", "(EXTRACT(year FROM orders.o_orderdate))"],"Workers": [],"Plans": [{"Node Type": "Sort","Parent Relationship": "Outer","Parallel Aware": false,"Async Capable": false,"Startup Cost": 27858.38,"Total Cost": 27858.46,"Plan Rows": 30,"Plan Width": 159,"Actual Startup Time": 2330.116,"Actual Total Time": 2368.297,"Actual Rows": 108123,"Actual Loops": 3,"Sort Key": ["nation.n_name", "(EXTRACT(year FROM orders.o_orderdate)) DESC"],"Sort Method": "quicksort","Sort Space Used": 13681,"Sort Space Type": "Memory","Workers": [{"Worker Number": 0,"Sort Method": "quicksort","Sort Space Used": 13921,"Sort Space Type": "Memory"},{"Worker Number": 1,"Sort Method": "quicksort","Sort Space Used": 13909,"Sort Space Type": "Memory"}],"Plans": [{"Node Type": "Hash Join","Parent Relationship": "Outer","Parallel Aware": false,"Async Capable": false,"Join Type": "Inner","Startup Cost": 3.13,"Total Cost": 27857.64,"Plan Rows": 30,"Plan Width": 159,"Actual Startup Time": 0.761,"Actual Total Time": 2172.025,"Actual Rows": 108123,"Actual Loops": 3,"Inner Unique": true,"Hash Cond": "(supplier.s_nationkey = nation.n_nationkey)","Workers": [],"Plans": [{"Node Type": "Nested Loop","Parent Relationship": "Outer","Parallel Aware": false,"Async Capable": false,"Join Type": "Inner","Startup Cost": 1.57,"Total Cost": 27855.92,"Plan Rows": 30,"Plan Width": 31,"Actual Startup Time": 0.568,"Actual Total Time": 2139.932,"Actual Rows": 108123,"Actual Loops": 3,"Inner Unique": true,"Workers": [],"Plans": [{"Node Type": "Nested Loop","Parent Relationship": "Outer","Parallel Aware": false,"Async Capable": false,"Join Type": "Inner","Startup Cost": 1.14,"Total Cost": 27841.96,"Plan Rows": 30,"Plan Width": 31,"Actual Startup Time": 0.441,"Actual Total Time": 989.960,"Actual Rows": 108123,"Actual Loops": 3,"Inner Unique": true,"Workers": [],"Plans": [{"Node Type": "Nested Loop","Parent Relationship": "Outer","Parallel Aware": false,"Async Capable": false,"Join Type": "Inner","Startup Cost": 0.86,"Total Cost": 27832.88,"Plan Rows": 30,"Plan Width": 35,"Actual Startup Time": 0.341,"Actual Total Time": 804.966,"Actual Rows": 108123,"Actual Loops": 3,"Inner Unique": false,"Workers": [],"Plans": [{"Node Type": "Nested Loop","Parent Relationship": "Outer","Parallel Aware": false,"Async Capable": false,"Join Type": "Inner","Startup Cost": 0.42,"Total Cost": 17103.70,"Plan Rows": 10101,"Plan Width": 18,"Actual Startup Time": 0.214,"Actual Total Time": 118.948,"Actual Rows": 14436,"Actual Loops": 3,"Inner Unique": false,"Workers": [],"Plans": [{"Node Type": "Seq Scan","Parent Relationship": "Outer","Parallel Aware": true,"Async Capable": false,"Relation Name": "part","Alias": "part","Startup Cost": 0.00,"Total Cost": 5138.67,"Plan Rows": 2525,"Plan Width": 4,"Actual Startup Time": 0.071,"Actual Total Time": 51.146,"Actual Rows": 3609,"Actual Loops": 3,"Filter": "((p_name)::text ~~ '%salmon%'::text)","Rows Removed by Filter": 63058,"Workers": []},{"Node Type": "Index Scan","Parent Relationship": "Inner","Parallel Aware": false,"Async Capable": false,"Scan Direction": "Forward","Index Name": "idx_partsupp_partkey","Relation Name": "partsupp","Alias": "partsupp","Startup Cost": 0.42,"Total Cost": 4.70,"Plan Rows": 4,"Plan Width": 14,"Actual Startup Time": 0.014,"Actual Total Time": 0.018,"Actual Rows": 4,"Actual Loops": 10827,"Index Cond": "(ps_partkey = part.p_partkey)","Rows Removed by Index Recheck": 0,"Workers": []}]},{"Node Type": "Index Scan","Parent Relationship": "Inner","Parallel Aware": false,"Async Capable": false,"Scan Direction": "Forward","Index Name": "idx_lineitem_part_supp","Relation Name": "lineitem","Alias": "lineitem","Startup Cost": 0.43,"Total Cost": 1.05,"Plan Rows": 1,"Plan Width": 29,"Actual Startup Time": 0.007,"Actual Total Time": 0.046,"Actual Rows": 7,"Actual Loops": 43308,"Index Cond": "((l_partkey = partsupp.ps_partkey) AND (l_suppkey = partsupp.ps_suppkey))","Rows Removed by Index Recheck": 0,"Workers": []}]},{"Node Type": "Index Scan","Parent Relationship": "Inner","Parallel Aware": false,"Async Capable": false,"Scan Direction": "Forward","Index Name": "supplier_pkey","Relation Name": "supplier","Alias": "supplier","Startup Cost": 0.29,"Total Cost": 0.30,"Plan Rows": 1,"Plan Width": 8,"Actual Startup Time": 0.001,"Actual Total Time": 0.001,"Actual Rows": 1,"Actual Loops": 324369,"Index Cond": "(s_suppkey = lineitem.l_suppkey)","Rows Removed by Index Recheck": 0,"Workers": []}]},{"Node Type": "Index Scan","Parent Relationship": "Inner","Parallel Aware": false,"Async Capable": false,"Scan Direction": "Forward","Index Name": "orders_pkey","Relation Name": "orders","Alias": "orders","Startup Cost": 0.43,"Total Cost": 0.47,"Plan Rows": 1,"Plan Width": 8,"Actual Startup Time": 0.010,"Actual Total Time": 0.010,"Actual Rows": 1,"Actual Loops": 324369,"Index Cond": "(o_orderkey = lineitem.l_orderkey)","Rows Removed by Index Recheck": 0,"Workers": []}]},{"Node Type": "Hash","Parent Relationship": "Inner","Parallel Aware": false,"Async Capable": false,"Startup Cost": 1.25,"Total Cost": 1.25,"Plan Rows": 25,"Plan Width": 108,"Actual Startup Time": 0.084,"Actual Total Time": 0.093,"Actual Rows": 25,"Actual Loops": 3,"Hash Buckets": 1024,"Original Hash Buckets": 1024,"Hash Batches": 1,"Original Hash Batches": 1,"Peak Memory Usage": 10,"Workers": [],"Plans": [{"Node Type": "Seq Scan","Parent Relationship": "Outer","Parallel Aware": false,"Async Capable": false,"Relation Name": "nation","Alias": "nation","Startup Cost": 0.00,"Total Cost": 1.25,"Plan Rows": 25,"Plan Width": 108,"Actual Startup Time": 0.055,"Actual Total Time": 0.062,"Actual Rows": 25,"Actual Loops": 3,"Workers": []}]}]}]}]}]}]},"Planning Time": 12.028,"Triggers": [],"Execution Time": 2548.676}]
[{"Plan": {"Node Type": "Aggregate","Strategy": "Sorted","Partial Mode": "Finalize","Parallel Aware": false,"Async Capable": false,"Startup Cost": 41381.04,"Total Cost": 41397.45,"Plan Rows": 122,"Plan Width": 168,"Actual Startup Time": 2461.783,"Actual Total Time": 2561.451,"Actual Rows": 175,"Actual Loops": 1,"Group Key": ["nation.n_name", "(EXTRACT(year FROM orders.o_orderdate))"],"Plans": [{"Node Type": "Gather Merge","Parent Relationship": "Outer","Parallel Aware": false,"Async Capable": false,"Startup Cost": 41381.04,"Total Cost": 41394.60,"Plan Rows": 102,"Plan Width": 168,"Actual Startup Time": 2460.110,"Actual Total Time": 2561.065,"Actual Rows": 525,"Actual Loops": 1,"Workers Planned": 2,"Workers Launched": 2,"Plans": [{"Node Type": "Aggregate","Strategy": "Sorted","Partial Mode": "Partial","Parent Relationship": "Outer","Parallel Aware": false,"Async Capable": false,"Startup Cost": 40381.01,"Total Cost": 40382.80,"Plan Rows": 51,"Plan Width": 168,"Actual Startup Time": 2353.201,"Actual Total Time": 2477.575,"Actual Rows": 175,"Actual Loops": 3,"Group Key": ["nation.n_name", "(EXTRACT(year FROM orders.o_orderdate))"],"Workers": [],"Plans": [{"Node Type": "Sort","Parent Relationship": "Outer","Parallel Aware": false,"Async Capable": false,"Startup Cost": 40381.01,"Total Cost": 40381.14,"Plan Rows": 51,"Plan Width": 159,"Actual Startup Time": 2352.548,"Actual Total Time": 2393.649,"Actual Rows": 110237,"Actual Loops": 3,"Sort Key": ["nation.n_name", "(EXTRACT(year FROM orders.o_orderdate)) DESC"],"Sort Method": "quicksort","Sort Space Used": 14774,"Sort Space Type": "Memory","Workers": [{"Worker Number": 0,"Sort Method": "quicksort","Sort Space Used": 13660,"Sort Space Type": "Memory"},{"Worker Number": 1,"Sort Method": "quicksort","Sort Space Used": 13719,"Sort Space Type": "Memory"}],"Plans": [{"Node Type": "Hash Join","Parent Relationship": "Outer","Parallel Aware": false,"Async Capable": false,"Join Type": "Inner","Startup Cost": 3.13,"Total Cost": 40379.57,"Plan Rows": 51,"Plan Width": 159,"Actual Startup Time": 0.791,"Actual Total Time": 2209.520,"Actual Rows": 110237,"Actual Loops": 3,"Inner Unique": true,"Hash Cond": "(supplier.s_nationkey = nation.n_nationkey)","Workers": [],"Plans": [{"Node Type": "Nested Loop","Parent Relationship": "Outer","Parallel Aware": false,"Async Capable": false,"Join Type": "Inner","Startup Cost": 1.57,"Total Cost": 40377.72,"Plan Rows": 51,"Plan Width": 31,"Actual Startup Time": 0.566,"Actual Total Time": 2178.223,"Actual Rows": 110237,"Actual Loops": 3,"Inner Unique": true,"Workers": [],"Plans": [{"Node Type": "Nested Loop","Parent Relationship": "Outer","Parallel Aware": false,"Async Capable": false,"Join Type": "Inner","Startup Cost": 1.14,"Total Cost": 40354.00,"Plan Rows": 51,"Plan Width": 31,"Actual Startup Time": 0.431,"Actual Total Time": 1014.051,"Actual Rows": 110237,"Actual Loops": 3,"Inner Unique": true,"Workers": [],"Plans": [{"Node Type": "Nested Loop","Parent Relationship": "Outer","Parallel Aware": false,"Async Capable": false,"Join Type": "Inner","Startup Cost": 0.86,"Total Cost": 40338.56,"Plan Rows": 51,"Plan Width": 35,"Actual Startup Time": 0.329,"Actual Total Time": 826.349,"Actual Rows": 110237,"Actual Loops": 3,"Inner Unique": false,"Workers": [],"Plans": [{"Node Type": "Nested Loop","Parent Relationship": "Outer","Parallel Aware": false,"Async Capable": false,"Join Type": "Inner","Startup Cost": 0.42,"Total Cost": 22456.59,"Plan Rows": 16835,"Plan Width": 18,"Actual Startup Time": 0.209,"Actual Total Time": 115.054,"Actual Rows": 14685,"Actual Loops": 3,"Inner Unique": false,"Workers": [],"Plans": [{"Node Type": "Seq Scan","Parent Relationship": "Outer","Parallel Aware": true,"Async Capable": false,"Relation Name": "part","Alias": "part","Startup Cost": 0.00,"Total Cost": 5138.67,"Plan Rows": 4209,"Plan Width": 4,"Actual Startup Time": 0.065,"Actual Total Time": 48.853,"Actual Rows": 3671,"Actual Loops": 3,"Filter": "((p_name)::text ~~ '%dodger%'::text)","Rows Removed by Filter": 62995,"Workers": []},{"Node Type": "Index Scan","Parent Relationship": "Inner","Parallel Aware": false,"Async Capable": false,"Scan Direction": "Forward","Index Name": "idx_partsupp_partkey","Relation Name": "partsupp","Alias": "partsupp","Startup Cost": 0.42,"Total Cost": 4.07,"Plan Rows": 4,"Plan Width": 14,"Actual Startup Time": 0.013,"Actual Total Time": 0.017,"Actual Rows": 4,"Actual Loops": 11014,"Index Cond": "(ps_partkey = part.p_partkey)","Rows Removed by Index Recheck": 0,"Workers": []}]},{"Node Type": "Index Scan","Parent Relationship": "Inner","Parallel Aware": false,"Async Capable": false,"Scan Direction": "Forward","Index Name": "idx_lineitem_part_supp","Relation Name": "lineitem","Alias": "lineitem","Startup Cost": 0.43,"Total Cost": 1.05,"Plan Rows": 1,"Plan Width": 29,"Actual Startup Time": 0.007,"Actual Total Time": 0.047,"Actual Rows": 8,"Actual Loops": 44056,"Index Cond": "((l_partkey = partsupp.ps_partkey) AND (l_suppkey = partsupp.ps_suppkey))","Rows Removed by Index Recheck": 0,"Workers": []}]},{"Node Type": "Index Scan","Parent Relationship": "Inner","Parallel Aware": false,"Async Capable": false,"Scan Direction": "Forward","Index Name": "supplier_pkey","Relation Name": "supplier","Alias": "supplier","Startup Cost": 0.29,"Total Cost": 0.30,"Plan Rows": 1,"Plan Width": 8,"Actual Startup Time": 0.001,"Actual Total Time": 0.001,"Actual Rows": 1,"Actual Loops": 330711,"Index Cond": "(s_suppkey = lineitem.l_suppkey)","Rows Removed by Index Recheck": 0,"Workers": []}]},{"Node Type": "Index Scan","Parent Relationship": "Inner","Parallel Aware": false,"Async Capable": false,"Scan Direction": "Forward","Index Name": "orders_pkey","Relation Name": "orders","Alias": "orders","Startup Cost": 0.43,"Total Cost": 0.47,"Plan Rows": 1,"Plan Width": 8,"Actual Startup Time": 0.010,"Actual Total Time": 0.010,"Actual Rows": 1,"Actual Loops": 330711,"Index Cond": "(o_orderkey = lineitem.l_orderkey)","Rows Removed by Index Recheck": 0,"Workers": []}]},{"Node Type": "Hash","Parent Relationship": "Inner","Parallel Aware": false,"Async Capable": false,"Startup Cost": 1.25,"Total Cost": 1.25,"Plan Rows": 25,"Plan Width": 108,"Actual Startup Time": 0.103,"Actual Total Time": 0.113,"Actual Rows": 25,"Actual Loops": 3,"Hash Buckets": 1024,"Original Hash Buckets": 1024,"Hash Batches": 1,"Original Hash Batches": 1,"Peak Memory Usage": 10,"Workers": [],"Plans": [{"Node Type": "Seq Scan","Parent Relationship": "Outer","Parallel Aware": false,"Async Capable": false,"Relation Name": "nation","Alias": "nation","Startup Cost": 0.00,"Total Cost": 1.25,"Plan Rows": 25,"Plan Width": 108,"Actual Startup Time": 0.072,"Actual Total Time": 0.078,"Actual Rows": 25,"Actual Loops": 3,"Workers": []}]}]}]}]}]}]},"Planning Time": 11.577,"Triggers": [],"Execution Time": 2564.419}]
[{"Plan": {"Node Type": "Aggregate","Strategy": "Sorted","Partial Mode": "Finalize","Parallel Aware": false,"Async Capable": false,"Startup Cost": 41381.04,"Total Cost": 41397.45,"Plan Rows": 122,"Plan Width": 168,"Actual Startup Time": 2449.053,"Actual Total Time": 2635.568,"Actual Rows": 175,"Actual Loops": 1,"Group Key": ["nation.n_name", "(EXTRACT(year FROM orders.o_orderdate))"],"Plans": [{"Node Type": "Gather Merge","Parent Relationship": "Outer","Parallel Aware": false,"Async Capable": false,"Startup Cost": 41381.04,"Total Cost": 41394.60,"Plan Rows": 102,"Plan Width": 168,"Actual Startup Time": 2447.324,"Actual Total Time": 2635.159,"Actual Rows": 525,"Actual Loops": 1,"Workers Planned": 2,"Workers Launched": 2,"Plans": [{"Node Type": "Aggregate","Strategy": "Sorted","Partial Mode": "Partial","Parent Relationship": "Outer","Parallel Aware": false,"Async Capable": false,"Startup Cost": 40381.01,"Total Cost": 40382.80,"Plan Rows": 51,"Plan Width": 168,"Actual Startup Time": 2331.740,"Actual Total Time": 2482.748,"Actual Rows": 175,"Actual Loops": 3,"Group Key": ["nation.n_name", "(EXTRACT(year FROM orders.o_orderdate))"],"Workers": [],"Plans": [{"Node Type": "Sort","Parent Relationship": "Outer","Parallel Aware": false,"Async Capable": false,"Startup Cost": 40381.01,"Total Cost": 40381.14,"Plan Rows": 51,"Plan Width": 159,"Actual Startup Time": 2331.039,"Actual Total Time": 2387.406,"Actual Rows": 108809,"Actual Loops": 3,"Sort Key": ["nation.n_name", "(EXTRACT(year FROM orders.o_orderdate)) DESC"],"Sort Method": "quicksort","Sort Space Used": 14620,"Sort Space Type": "Memory","Workers": [{"Worker Number": 0,"Sort Method": "quicksort","Sort Space Used": 13545,"Sort Space Type": "Memory"},{"Worker Number": 1,"Sort Method": "quicksort","Sort Space Used": 13555,"Sort Space Type": "Memory"}],"Plans": [{"Node Type": "Hash Join","Parent Relationship": "Outer","Parallel Aware": false,"Async Capable": false,"Join Type": "Inner","Startup Cost": 3.13,"Total Cost": 40379.57,"Plan Rows": 51,"Plan Width": 159,"Actual Startup Time": 0.737,"Actual Total Time": 2187.041,"Actual Rows": 108809,"Actual Loops": 3,"Inner Unique": true,"Hash Cond": "(supplier.s_nationkey = nation.n_nationkey)","Workers": [],"Plans": [{"Node Type": "Nested Loop","Parent Relationship": "Outer","Parallel Aware": false,"Async Capable": false,"Join Type": "Inner","Startup Cost": 1.57,"Total Cost": 40377.72,"Plan Rows": 51,"Plan Width": 31,"Actual Startup Time": 0.552,"Actual Total Time": 2155.488,"Actual Rows": 108809,"Actual Loops": 3,"Inner Unique": true,"Workers": [],"Plans": [{"Node Type": "Nested Loop","Parent Relationship": "Outer","Parallel Aware": false,"Async Capable": false,"Join Type": "Inner","Startup Cost": 1.14,"Total Cost": 40354.00,"Plan Rows": 51,"Plan Width": 31,"Actual Startup Time": 0.419,"Actual Total Time": 1005.505,"Actual Rows": 108809,"Actual Loops": 3,"Inner Unique": true,"Workers": [],"Plans": [{"Node Type": "Nested Loop","Parent Relationship": "Outer","Parallel Aware": false,"Async Capable": false,"Join Type": "Inner","Startup Cost": 0.86,"Total Cost": 40338.56,"Plan Rows": 51,"Plan Width": 35,"Actual Startup Time": 0.336,"Actual Total Time": 819.466,"Actual Rows": 108809,"Actual Loops": 3,"Inner Unique": false,"Workers": [],"Plans": [{"Node Type": "Nested Loop","Parent Relationship": "Outer","Parallel Aware": false,"Async Capable": false,"Join Type": "Inner","Startup Cost": 0.42,"Total Cost": 22456.59,"Plan Rows": 16835,"Plan Width": 18,"Actual Startup Time": 0.212,"Actual Total Time": 113.652,"Actual Rows": 14564,"Actual Loops": 3,"Inner Unique": false,"Workers": [],"Plans": [{"Node Type": "Seq Scan","Parent Relationship": "Outer","Parallel Aware": true,"Async Capable": false,"Relation Name": "part","Alias": "part","Startup Cost": 0.00,"Total Cost": 5138.67,"Plan Rows": 4209,"Plan Width": 4,"Actual Startup Time": 0.070,"Actual Total Time": 47.906,"Actual Rows": 3641,"Actual Loops": 3,"Filter": "((p_name)::text ~~ '%violet%'::text)","Rows Removed by Filter": 63026,"Workers": []},{"Node Type": "Index Scan","Parent Relationship": "Inner","Parallel Aware": false,"Async Capable": false,"Scan Direction": "Forward","Index Name": "idx_partsupp_partkey","Relation Name": "partsupp","Alias": "partsupp","Startup Cost": 0.42,"Total Cost": 4.07,"Plan Rows": 4,"Plan Width": 14,"Actual Startup Time": 0.013,"Actual Total Time": 0.017,"Actual Rows": 4,"Actual Loops": 10923,"Index Cond": "(ps_partkey = part.p_partkey)","Rows Removed by Index Recheck": 0,"Workers": []}]},{"Node Type": "Index Scan","Parent Relationship": "Inner","Parallel Aware": false,"Async Capable": false,"Scan Direction": "Forward","Index Name": "idx_lineitem_part_supp","Relation Name": "lineitem","Alias": "lineitem","Startup Cost": 0.43,"Total Cost": 1.05,"Plan Rows": 1,"Plan Width": 29,"Actual Startup Time": 0.007,"Actual Total Time": 0.047,"Actual Rows": 7,"Actual Loops": 43692,"Index Cond": "((l_partkey = partsupp.ps_partkey) AND (l_suppkey = partsupp.ps_suppkey))","Rows Removed by Index Recheck": 0,"Workers": []}]},{"Node Type": "Index Scan","Parent Relationship": "Inner","Parallel Aware": false,"Async Capable": false,"Scan Direction": "Forward","Index Name": "supplier_pkey","Relation Name": "supplier","Alias": "supplier","Startup Cost": 0.29,"Total Cost": 0.30,"Plan Rows": 1,"Plan Width": 8,"Actual Startup Time": 0.001,"Actual Total Time": 0.001,"Actual Rows": 1,"Actual Loops": 326428,"Index Cond": "(s_suppkey = lineitem.l_suppkey)","Rows Removed by Index Recheck": 0,"Workers": []}]},{"Node Type": "Index Scan","Parent Relationship": "Inner","Parallel Aware": false,"Async Capable": false,"Scan Direction": "Forward","Index Name": "orders_pkey","Relation Name": "orders","Alias": "orders","Startup Cost": 0.43,"Total Cost": 0.47,"Plan Rows": 1,"Plan Width": 8,"Actual Startup Time": 0.010,"Actual Total Time": 0.010,"Actual Rows": 1,"Actual Loops": 326428,"Index Cond": "(o_orderkey = lineitem.l_orderkey)","Rows Removed by Index Recheck": 0,"Workers": []}]},{"Node Type": "Hash","Parent Relationship": "Inner","Parallel Aware": false,"Async Capable": false,"Startup Cost": 1.25,"Total Cost": 1.25,"Plan Rows": 25,"Plan Width": 108,"Actual Startup Time": 0.086,"Actual Total Time": 0.097,"Actual Rows": 25,"Actual Loops": 3,"Hash Buckets": 1024,"Original Hash Buckets": 1024,"Hash Batches": 1,"Original Hash Batches": 1,"Peak Memory Usage": 10,"Workers": [],"Plans": [{"Node Type": "Seq Scan","Parent Relationship": "Outer","Parallel Aware": false,"Async Capable": false,"Relation Name": "nation","Alias": "nation","Startup Cost": 0.00,"Total Cost": 1.25,"Plan Rows": 25,"Plan Width": 108,"Actual Startup Time": 0.055,"Actual Total Time": 0.061,"Actual Rows": 25,"Actual Loops": 3,"Workers": []}]}]}]}]}]}]},"Planning Time": 11.985,"Triggers": [],"Execution Time": 2638.417}]
[{"Plan": {"Node Type": "Aggregate","Strategy": "Sorted","Partial Mode": "Finalize","Parallel Aware": false,"Async Capable": false,"Startup Cost": 47355.08,"Total Cost": 47374.71,"Plan Rows": 146,"Plan Width": 168,"Actual Startup Time": 2443.124,"Actual Total Time": 2567.006,"Actual Rows": 175,"Actual Loops": 1,"Group Key": ["nation.n_name", "(EXTRACT(year FROM orders.o_orderdate))"],"Plans": [{"Node Type": "Gather Merge","Parent Relationship": "Outer","Parallel Aware": false,"Async Capable": false,"Startup Cost": 47355.08,"Total Cost": 47371.30,"Plan Rows": 122,"Plan Width": 168,"Actual Startup Time": 2441.228,"Actual Total Time": 2566.482,"Actual Rows": 525,"Actual Loops": 1,"Workers Planned": 2,"Workers Launched": 2,"Plans": [{"Node Type": "Aggregate","Strategy": "Sorted","Partial Mode": "Partial","Parent Relationship": "Outer","Parallel Aware": false,"Async Capable": false,"Startup Cost": 46355.06,"Total Cost": 46357.20,"Plan Rows": 61,"Plan Width": 168,"Actual Startup Time": 2336.095,"Actual Total Time": 2466.062,"Actual Rows": 175,"Actual Loops": 3,"Group Key": ["nation.n_name", "(EXTRACT(year FROM orders.o_orderdate))"],"Workers": [],"Plans": [{"Node Type": "Sort","Parent Relationship": "Outer","Parallel Aware": false,"Async Capable": false,"Startup Cost": 46355.06,"Total Cost": 46355.21,"Plan Rows": 61,"Plan Width": 159,"Actual Startup Time": 2335.334,"Actual Total Time": 2379.750,"Actual Rows": 108571,"Actual Loops": 3,"Sort Key": ["nation.n_name", "(EXTRACT(year FROM orders.o_orderdate)) DESC"],"Sort Method": "quicksort","Sort Space Used": 13745,"Sort Space Type": "Memory","Workers": [{"Worker Number": 0,"Sort Method": "quicksort","Sort Space Used": 13992,"Sort Space Type": "Memory"},{"Worker Number": 1,"Sort Method": "quicksort","Sort Space Used": 13911,"Sort Space Type": "Memory"}],"Plans": [{"Node Type": "Hash Join","Parent Relationship": "Outer","Parallel Aware": false,"Async Capable": false,"Join Type": "Inner","Startup Cost": 3.13,"Total Cost": 46353.25,"Plan Rows": 61,"Plan Width": 159,"Actual Startup Time": 0.583,"Actual Total Time": 2178.457,"Actual Rows": 108571,"Actual Loops": 3,"Inner Unique": true,"Hash Cond": "(supplier.s_nationkey = nation.n_nationkey)","Workers": [],"Plans": [{"Node Type": "Nested Loop","Parent Relationship": "Outer","Parallel Aware": false,"Async Capable": false,"Join Type": "Inner","Startup Cost": 1.57,"Total Cost": 46351.35,"Plan Rows": 61,"Plan Width": 31,"Actual Startup Time": 0.425,"Actual Total Time": 2146.635,"Actual Rows": 108571,"Actual Loops": 3,"Inner Unique": true,"Workers": [],"Plans": [{"Node Type": "Nested Loop","Parent Relationship": "Outer","Parallel Aware": false,"Async Capable": false,"Join Type": "Inner","Startup Cost": 1.14,"Total Cost": 46322.98,"Plan Rows": 61,"Plan Width": 31,"Actual Startup Time": 0.334,"Actual Total Time": 993.434,"Actual Rows": 108571,"Actual Loops": 3,"Inner Unique": true,"Workers": [],"Plans": [{"Node Type": "Nested Loop","Parent Relationship": "Outer","Parallel Aware": false,"Async Capable": false,"Join Type": "Inner","Startup Cost": 0.86,"Total Cost": 46304.52,"Plan Rows": 61,"Plan Width": 35,"Actual Startup Time": 0.258,"Actual Total Time": 808.058,"Actual Rows": 108571,"Actual Loops": 3,"Inner Unique": false,"Workers": [],"Plans": [{"Node Type": "Nested Loop","Parent Relationship": "Outer","Parallel Aware": false,"Async Capable": false,"Join Type": "Inner","Startup Cost": 0.42,"Total Cost": 24846.16,"Plan Rows": 20202,"Plan Width": 18,"Actual Startup Time": 0.160,"Actual Total Time": 118.628,"Actual Rows": 14495,"Actual Loops": 3,"Inner Unique": false,"Workers": [],"Plans": [{"Node Type": "Seq Scan","Parent Relationship": "Outer","Parallel Aware": true,"Async Capable": false,"Relation Name": "part","Alias": "part","Startup Cost": 0.00,"Total Cost": 5138.67,"Plan Rows": 5051,"Plan Width": 4,"Actual Startup Time": 0.041,"Actual Total Time": 50.514,"Actual Rows": 3624,"Actual Loops": 3,"Filter": "((p_name)::text ~~ '%blue%'::text)","Rows Removed by Filter": 63043,"Workers": []},{"Node Type": "Index Scan","Parent Relationship": "Inner","Parallel Aware": false,"Async Capable": false,"Scan Direction": "Forward","Index Name": "idx_partsupp_partkey","Relation Name": "partsupp","Alias": "partsupp","Startup Cost": 0.42,"Total Cost": 3.86,"Plan Rows": 4,"Plan Width": 14,"Actual Startup Time": 0.014,"Actual Total Time": 0.018,"Actual Rows": 4,"Actual Loops": 10871,"Index Cond": "(ps_partkey = part.p_partkey)","Rows Removed by Index Recheck": 0,"Workers": []}]},{"Node Type": "Index Scan","Parent Relationship": "Inner","Parallel Aware": false,"Async Capable": false,"Scan Direction": "Forward","Index Name": "idx_lineitem_part_supp","Relation Name": "lineitem","Alias": "lineitem","Startup Cost": 0.43,"Total Cost": 1.05,"Plan Rows": 1,"Plan Width": 29,"Actual Startup Time": 0.007,"Actual Total Time": 0.046,"Actual Rows": 7,"Actual Loops": 43484,"Index Cond": "((l_partkey = partsupp.ps_partkey) AND (l_suppkey = partsupp.ps_suppkey))","Rows Removed by Index Recheck": 0,"Workers": []}]},{"Node Type": "Index Scan","Parent Relationship": "Inner","Parallel Aware": false,"Async Capable": false,"Scan Direction": "Forward","Index Name": "supplier_pkey","Relation Name": "supplier","Alias": "supplier","Startup Cost": 0.29,"Total Cost": 0.30,"Plan Rows": 1,"Plan Width": 8,"Actual Startup Time": 0.001,"Actual Total Time": 0.001,"Actual Rows": 1,"Actual Loops": 325714,"Index Cond": "(s_suppkey = lineitem.l_suppkey)","Rows Removed by Index Recheck": 0,"Workers": []}]},{"Node Type": "Index Scan","Parent Relationship": "Inner","Parallel Aware": false,"Async Capable": false,"Scan Direction": "Forward","Index Name": "orders_pkey","Relation Name": "orders","Alias": "orders","Startup Cost": 0.43,"Total Cost": 0.47,"Plan Rows": 1,"Plan Width": 8,"Actual Startup Time": 0.010,"Actual Total Time": 0.010,"Actual Rows": 1,"Actual Loops": 325714,"Index Cond": "(o_orderkey = lineitem.l_orderkey)","Rows Removed by Index Recheck": 0,"Workers": []}]},{"Node Type": "Hash","Parent Relationship": "Inner","Parallel Aware": false,"Async Capable": false,"Startup Cost": 1.25,"Total Cost": 1.25,"Plan Rows": 25,"Plan Width": 108,"Actual Startup Time": 0.081,"Actual Total Time": 0.113,"Actual Rows": 25,"Actual Loops": 3,"Hash Buckets": 1024,"Original Hash Buckets": 1024,"Hash Batches": 1,"Original Hash Batches": 1,"Peak Memory Usage": 10,"Workers": [],"Plans": [{"Node Type": "Seq Scan","Parent Relationship": "Outer","Parallel Aware": false,"Async Capable": false,"Relation Name": "nation","Alias": "nation","Startup Cost": 0.00,"Total Cost": 1.25,"Plan Rows": 25,"Plan Width": 108,"Actual Startup Time": 0.057,"Actual Total Time": 0.083,"Actual Rows": 25,"Actual Loops": 3,"Workers": []}]}]}]}]}]}]},"Planning Time": 11.752,"Triggers": [],"Execution Time": 2568.537}]
[{"Plan": {"Node Type": "Aggregate","Strategy": "Sorted","Partial Mode": "Finalize","Parallel Aware": false,"Async Capable": false,"Startup Cost": 41381.04,"Total Cost": 41397.45,"Plan Rows": 122,"Plan Width": 168,"Actual Startup Time": 2413.570,"Actual Total Time": 2552.658,"Actual Rows": 175,"Actual Loops": 1,"Group Key": ["nation.n_name", "(EXTRACT(year FROM orders.o_orderdate))"],"Plans": [{"Node Type": "Gather Merge","Parent Relationship": "Outer","Parallel Aware": false,"Async Capable": false,"Startup Cost": 41381.04,"Total Cost": 41394.60,"Plan Rows": 102,"Plan Width": 168,"Actual Startup Time": 2411.287,"Actual Total Time": 2552.132,"Actual Rows": 525,"Actual Loops": 1,"Workers Planned": 2,"Workers Launched": 2,"Plans": [{"Node Type": "Aggregate","Strategy": "Sorted","Partial Mode": "Partial","Parent Relationship": "Outer","Parallel Aware": false,"Async Capable": false,"Startup Cost": 40381.01,"Total Cost": 40382.80,"Plan Rows": 51,"Plan Width": 168,"Actual Startup Time": 2290.036,"Actual Total Time": 2412.404,"Actual Rows": 175,"Actual Loops": 3,"Group Key": ["nation.n_name", "(EXTRACT(year FROM orders.o_orderdate))"],"Workers": [],"Plans": [{"Node Type": "Sort","Parent Relationship": "Outer","Parallel Aware": false,"Async Capable": false,"Startup Cost": 40381.01,"Total Cost": 40381.14,"Plan Rows": 51,"Plan Width": 159,"Actual Startup Time": 2289.335,"Actual Total Time": 2330.900,"Actual Rows": 108120,"Actual Loops": 3,"Sort Key": ["nation.n_name", "(EXTRACT(year FROM orders.o_orderdate)) DESC"],"Sort Method": "quicksort","Sort Space Used": 13871,"Sort Space Type": "Memory","Workers": [{"Worker Number": 0,"Sort Method": "quicksort","Sort Space Used": 14218,"Sort Space Type": "Memory"},{"Worker Number": 1,"Sort Method": "quicksort","Sort Space Used": 13424,"Sort Space Type": "Memory"}],"Plans": [{"Node Type": "Hash Join","Parent Relationship": "Outer","Parallel Aware": false,"Async Capable": false,"Join Type": "Inner","Startup Cost": 3.13,"Total Cost": 40379.57,"Plan Rows": 51,"Plan Width": 159,"Actual Startup Time": 0.663,"Actual Total Time": 2143.266,"Actual Rows": 108120,"Actual Loops": 3,"Inner Unique": true,"Hash Cond": "(supplier.s_nationkey = nation.n_nationkey)","Workers": [],"Plans": [{"Node Type": "Nested Loop","Parent Relationship": "Outer","Parallel Aware": false,"Async Capable": false,"Join Type": "Inner","Startup Cost": 1.57,"Total Cost": 40377.72,"Plan Rows": 51,"Plan Width": 31,"Actual Startup Time": 0.490,"Actual Total Time": 2112.260,"Actual Rows": 108120,"Actual Loops": 3,"Inner Unique": true,"Workers": [],"Plans": [{"Node Type": "Nested Loop","Parent Relationship": "Outer","Parallel Aware": false,"Async Capable": false,"Join Type": "Inner","Startup Cost": 1.14,"Total Cost": 40354.00,"Plan Rows": 51,"Plan Width": 31,"Actual Startup Time": 0.350,"Actual Total Time": 977.646,"Actual Rows": 108120,"Actual Loops": 3,"Inner Unique": true,"Workers": [],"Plans": [{"Node Type": "Nested Loop","Parent Relationship": "Outer","Parallel Aware": false,"Async Capable": false,"Join Type": "Inner","Startup Cost": 0.86,"Total Cost": 40338.56,"Plan Rows": 51,"Plan Width": 35,"Actual Startup Time": 0.270,"Actual Total Time": 794.004,"Actual Rows": 108120,"Actual Loops": 3,"Inner Unique": false,"Workers": [],"Plans": [{"Node Type": "Nested Loop","Parent Relationship": "Outer","Parallel Aware": false,"Async Capable": false,"Join Type": "Inner","Startup Cost": 0.42,"Total Cost": 22456.59,"Plan Rows": 16835,"Plan Width": 18,"Actual Startup Time": 0.158,"Actual Total Time": 116.592,"Actual Rows": 14400,"Actual Loops": 3,"Inner Unique": false,"Workers": [],"Plans": [{"Node Type": "Seq Scan","Parent Relationship": "Outer","Parallel Aware": true,"Async Capable": false,"Relation Name": "part","Alias": "part","Startup Cost": 0.00,"Total Cost": 5138.67,"Plan Rows": 4209,"Plan Width": 4,"Actual Startup Time": 0.051,"Actual Total Time": 50.034,"Actual Rows": 3600,"Actual Loops": 3,"Filter": "((p_name)::text ~~ '%frosted%'::text)","Rows Removed by Filter": 63067,"Workers": []},{"Node Type": "Index Scan","Parent Relationship": "Inner","Parallel Aware": false,"Async Capable": false,"Scan Direction": "Forward","Index Name": "idx_partsupp_partkey","Relation Name": "partsupp","Alias": "partsupp","Startup Cost": 0.42,"Total Cost": 4.07,"Plan Rows": 4,"Plan Width": 14,"Actual Startup Time": 0.014,"Actual Total Time": 0.018,"Actual Rows": 4,"Actual Loops": 10800,"Index Cond": "(ps_partkey = part.p_partkey)","Rows Removed by Index Recheck": 0,"Workers": []}]},{"Node Type": "Index Scan","Parent Relationship": "Inner","Parallel Aware": false,"Async Capable": false,"Scan Direction": "Forward","Index Name": "idx_lineitem_part_supp","Relation Name": "lineitem","Alias": "lineitem","Startup Cost": 0.43,"Total Cost": 1.05,"Plan Rows": 1,"Plan Width": 29,"Actual Startup Time": 0.007,"Actual Total Time": 0.045,"Actual Rows": 8,"Actual Loops": 43200,"Index Cond": "((l_partkey = partsupp.ps_partkey) AND (l_suppkey = partsupp.ps_suppkey))","Rows Removed by Index Recheck": 0,"Workers": []}]},{"Node Type": "Index Scan","Parent Relationship": "Inner","Parallel Aware": false,"Async Capable": false,"Scan Direction": "Forward","Index Name": "supplier_pkey","Relation Name": "supplier","Alias": "supplier","Startup Cost": 0.29,"Total Cost": 0.30,"Plan Rows": 1,"Plan Width": 8,"Actual Startup Time": 0.001,"Actual Total Time": 0.001,"Actual Rows": 1,"Actual Loops": 324361,"Index Cond": "(s_suppkey = lineitem.l_suppkey)","Rows Removed by Index Recheck": 0,"Workers": []}]},{"Node Type": "Index Scan","Parent Relationship": "Inner","Parallel Aware": false,"Async Capable": false,"Scan Direction": "Forward","Index Name": "orders_pkey","Relation Name": "orders","Alias": "orders","Startup Cost": 0.43,"Total Cost": 0.47,"Plan Rows": 1,"Plan Width": 8,"Actual Startup Time": 0.010,"Actual Total Time": 0.010,"Actual Rows": 1,"Actual Loops": 324361,"Index Cond": "(o_orderkey = lineitem.l_orderkey)","Rows Removed by Index Recheck": 0,"Workers": []}]},{"Node Type": "Hash","Parent Relationship": "Inner","Parallel Aware": false,"Async Capable": false,"Startup Cost": 1.25,"Total Cost": 1.25,"Plan Rows": 25,"Plan Width": 108,"Actual Startup Time": 0.082,"Actual Total Time": 0.092,"Actual Rows": 25,"Actual Loops": 3,"Hash Buckets": 1024,"Original Hash Buckets": 1024,"Hash Batches": 1,"Original Hash Batches": 1,"Peak Memory Usage": 10,"Workers": [],"Plans": [{"Node Type": "Seq Scan","Parent Relationship": "Outer","Parallel Aware": false,"Async Capable": false,"Relation Name": "nation","Alias": "nation","Startup Cost": 0.00,"Total Cost": 1.25,"Plan Rows": 25,"Plan Width": 108,"Actual Startup Time": 0.051,"Actual Total Time": 0.057,"Actual Rows": 25,"Actual Loops": 3,"Workers": []}]}]}]}]}]}]},"Planning Time": 11.904,"Triggers": [],"Execution Time": 2555.856}]
[{"Plan": {"Node Type": "Aggregate","Strategy": "Sorted","Partial Mode": "Finalize","Parallel Aware": false,"Async Capable": false,"Startup Cost": 35224.41,"Total Cost": 35237.30,"Plan Rows": 97,"Plan Width": 168,"Actual Startup Time": 2434.813,"Actual Total Time": 2617.795,"Actual Rows": 175,"Actual Loops": 1,"Group Key": ["nation.n_name", "(EXTRACT(year FROM orders.o_orderdate))"],"Plans": [{"Node Type": "Gather Merge","Parent Relationship": "Outer","Parallel Aware": false,"Async Capable": false,"Startup Cost": 35224.41,"Total Cost": 35235.05,"Plan Rows": 80,"Plan Width": 168,"Actual Startup Time": 2432.801,"Actual Total Time": 2617.397,"Actual Rows": 525,"Actual Loops": 1,"Workers Planned": 2,"Workers Launched": 2,"Plans": [{"Node Type": "Aggregate","Strategy": "Sorted","Partial Mode": "Partial","Parent Relationship": "Outer","Parallel Aware": false,"Async Capable": false,"Startup Cost": 34224.39,"Total Cost": 34225.79,"Plan Rows": 40,"Plan Width": 168,"Actual Startup Time": 2321.601,"Actual Total Time": 2469.813,"Actual Rows": 175,"Actual Loops": 3,"Group Key": ["nation.n_name", "(EXTRACT(year FROM orders.o_orderdate))"],"Workers": [],"Plans": [{"Node Type": "Sort","Parent Relationship": "Outer","Parallel Aware": false,"Async Capable": false,"Startup Cost": 34224.39,"Total Cost": 34224.49,"Plan Rows": 40,"Plan Width": 159,"Actual Startup Time": 2320.901,"Actual Total Time": 2375.985,"Actual Rows": 108219,"Actual Loops": 3,"Sort Key": ["nation.n_name", "(EXTRACT(year FROM orders.o_orderdate)) DESC"],"Sort Method": "quicksort","Sort Space Used": 14500,"Sort Space Type": "Memory","Workers": [{"Worker Number": 0,"Sort Method": "quicksort","Sort Space Used": 13516,"Sort Space Type": "Memory"},{"Worker Number": 1,"Sort Method": "quicksort","Sort Space Used": 13530,"Sort Space Type": "Memory"}],"Plans": [{"Node Type": "Hash Join","Parent Relationship": "Outer","Parallel Aware": false,"Async Capable": false,"Join Type": "Inner","Startup Cost": 3.13,"Total Cost": 34223.32,"Plan Rows": 40,"Plan Width": 159,"Actual Startup Time": 0.812,"Actual Total Time": 2175.871,"Actual Rows": 108219,"Actual Loops": 3,"Inner Unique": true,"Hash Cond": "(supplier.s_nationkey = nation.n_nationkey)","Workers": [],"Plans": [{"Node Type": "Nested Loop","Parent Relationship": "Outer","Parallel Aware": false,"Async Capable": false,"Join Type": "Inner","Startup Cost": 1.57,"Total Cost": 34221.53,"Plan Rows": 40,"Plan Width": 31,"Actual Startup Time": 0.611,"Actual Total Time": 2144.353,"Actual Rows": 108219,"Actual Loops": 3,"Inner Unique": true,"Workers": [],"Plans": [{"Node Type": "Nested Loop","Parent Relationship": "Outer","Parallel Aware": false,"Async Capable": false,"Join Type": "Inner","Startup Cost": 1.14,"Total Cost": 34202.93,"Plan Rows": 40,"Plan Width": 31,"Actual Startup Time": 0.476,"Actual Total Time": 1001.070,"Actual Rows": 108219,"Actual Loops": 3,"Inner Unique": true,"Workers": [],"Plans": [{"Node Type": "Nested Loop","Parent Relationship": "Outer","Parallel Aware": false,"Async Capable": false,"Join Type": "Inner","Startup Cost": 0.86,"Total Cost": 34190.82,"Plan Rows": 40,"Plan Width": 35,"Actual Startup Time": 0.385,"Actual Total Time": 816.466,"Actual Rows": 108219,"Actual Loops": 3,"Inner Unique": false,"Workers": [],"Plans": [{"Node Type": "Nested Loop","Parent Relationship": "Outer","Parallel Aware": false,"Async Capable": false,"Join Type": "Inner","Startup Cost": 0.42,"Total Cost": 19885.25,"Plan Rows": 13468,"Plan Width": 18,"Actual Startup Time": 0.261,"Actual Total Time": 114.076,"Actual Rows": 14424,"Actual Loops": 3,"Inner Unique": false,"Workers": [],"Plans": [{"Node Type": "Seq Scan","Parent Relationship": "Outer","Parallel Aware": true,"Async Capable": false,"Relation Name": "part","Alias": "part","Startup Cost": 0.00,"Total Cost": 5138.67,"Plan Rows": 3367,"Plan Width": 4,"Actual Startup Time": 0.096,"Actual Total Time": 48.568,"Actual Rows": 3606,"Actual Loops": 3,"Filter": "((p_name)::text ~~ '%plum%'::text)","Rows Removed by Filter": 63061,"Workers": []},{"Node Type": "Index Scan","Parent Relationship": "Inner","Parallel Aware": false,"Async Capable": false,"Scan Direction": "Forward","Index Name": "idx_partsupp_partkey","Relation Name": "partsupp","Alias": "partsupp","Startup Cost": 0.42,"Total Cost": 4.34,"Plan Rows": 4,"Plan Width": 14,"Actual Startup Time": 0.014,"Actual Total Time": 0.017,"Actual Rows": 4,"Actual Loops": 10818,"Index Cond": "(ps_partkey = part.p_partkey)","Rows Removed by Index Recheck": 0,"Workers": []}]},{"Node Type": "Index Scan","Parent Relationship": "Inner","Parallel Aware": false,"Async Capable": false,"Scan Direction": "Forward","Index Name": "idx_lineitem_part_supp","Relation Name": "lineitem","Alias": "lineitem","Startup Cost": 0.43,"Total Cost": 1.05,"Plan Rows": 1,"Plan Width": 29,"Actual Startup Time": 0.007,"Actual Total Time": 0.047,"Actual Rows": 8,"Actual Loops": 43272,"Index Cond": "((l_partkey = partsupp.ps_partkey) AND (l_suppkey = partsupp.ps_suppkey))","Rows Removed by Index Recheck": 0,"Workers": []}]},{"Node Type": "Index Scan","Parent Relationship": "Inner","Parallel Aware": false,"Async Capable": false,"Scan Direction": "Forward","Index Name": "supplier_pkey","Relation Name": "supplier","Alias": "supplier","Startup Cost": 0.29,"Total Cost": 0.30,"Plan Rows": 1,"Plan Width": 8,"Actual Startup Time": 0.001,"Actual Total Time": 0.001,"Actual Rows": 1,"Actual Loops": 324656,"Index Cond": "(s_suppkey = lineitem.l_suppkey)","Rows Removed by Index Recheck": 0,"Workers": []}]},{"Node Type": "Index Scan","Parent Relationship": "Inner","Parallel Aware": false,"Async Capable": false,"Scan Direction": "Forward","Index Name": "orders_pkey","Relation Name": "orders","Alias": "orders","Startup Cost": 0.43,"Total Cost": 0.47,"Plan Rows": 1,"Plan Width": 8,"Actual Startup Time": 0.010,"Actual Total Time": 0.010,"Actual Rows": 1,"Actual Loops": 324656,"Index Cond": "(o_orderkey = lineitem.l_orderkey)","Rows Removed by Index Recheck": 0,"Workers": []}]},{"Node Type": "Hash","Parent Relationship": "Inner","Parallel Aware": false,"Async Capable": false,"Startup Cost": 1.25,"Total Cost": 1.25,"Plan Rows": 25,"Plan Width": 108,"Actual Startup Time": 0.084,"Actual Total Time": 0.092,"Actual Rows": 25,"Actual Loops": 3,"Hash Buckets": 1024,"Original Hash Buckets": 1024,"Hash Batches": 1,"Original Hash Batches": 1,"Peak Memory Usage": 10,"Workers": [],"Plans": [{"Node Type": "Seq Scan","Parent Relationship": "Outer","Parallel Aware": false,"Async Capable": false,"Relation Name": "nation","Alias": "nation","Startup Cost": 0.00,"Total Cost": 1.25,"Plan Rows": 25,"Plan Width": 108,"Actual Startup Time": 0.059,"Actual Total Time": 0.065,"Actual Rows": 25,"Actual Loops": 3,"Workers": []}]}]}]}]}]}]},"Planning Time": 12.232,"Triggers": [],"Execution Time": 2620.668}]
[{"Plan": {"Node Type": "Aggregate","Strategy": "Sorted","Partial Mode": "Finalize","Parallel Aware": false,"Async Capable": false,"Startup Cost": 41381.04,"Total Cost": 41397.45,"Plan Rows": 122,"Plan Width": 168,"Actual Startup Time": 2451.259,"Actual Total Time": 2559.957,"Actual Rows": 175,"Actual Loops": 1,"Group Key": ["nation.n_name", "(EXTRACT(year FROM orders.o_orderdate))"],"Plans": [{"Node Type": "Gather Merge","Parent Relationship": "Outer","Parallel Aware": false,"Async Capable": false,"Startup Cost": 41381.04,"Total Cost": 41394.60,"Plan Rows": 102,"Plan Width": 168,"Actual Startup Time": 2449.596,"Actual Total Time": 2559.597,"Actual Rows": 525,"Actual Loops": 1,"Workers Planned": 2,"Workers Launched": 2,"Plans": [{"Node Type": "Aggregate","Strategy": "Sorted","Partial Mode": "Partial","Parent Relationship": "Outer","Parallel Aware": false,"Async Capable": false,"Startup Cost": 40381.01,"Total Cost": 40382.80,"Plan Rows": 51,"Plan Width": 168,"Actual Startup Time": 2354.227,"Actual Total Time": 2477.890,"Actual Rows": 175,"Actual Loops": 3,"Group Key": ["nation.n_name", "(EXTRACT(year FROM orders.o_orderdate))"],"Workers": [],"Plans": [{"Node Type": "Sort","Parent Relationship": "Outer","Parallel Aware": false,"Async Capable": false,"Startup Cost": 40381.01,"Total Cost": 40381.14,"Plan Rows": 51,"Plan Width": 159,"Actual Startup Time": 2353.659,"Actual Total Time": 2394.615,"Actual Rows": 109711,"Actual Loops": 3,"Sort Key": ["nation.n_name", "(EXTRACT(year FROM orders.o_orderdate)) DESC"],"Sort Method": "quicksort","Sort Space Used": 14760,"Sort Space Type": "Memory","Workers": [{"Worker Number": 0,"Sort Method": "quicksort","Sort Space Used": 13620,"Sort Space Type": "Memory"},{"Worker Number": 1,"Sort Method": "quicksort","Sort Space Used": 13610,"Sort Space Type": "Memory"}],"Plans": [{"Node Type": "Hash Join","Parent Relationship": "Outer","Parallel Aware": false,"Async Capable": false,"Join Type": "Inner","Startup Cost": 3.13,"Total Cost": 40379.57,"Plan Rows": 51,"Plan Width": 159,"Actual Startup Time": 0.805,"Actual Total Time": 2206.423,"Actual Rows": 109711,"Actual Loops": 3,"Inner Unique": true,"Hash Cond": "(supplier.s_nationkey = nation.n_nationkey)","Workers": [],"Plans": [{"Node Type": "Nested Loop","Parent Relationship": "Outer","Parallel Aware": false,"Async Capable": false,"Join Type": "Inner","Startup Cost": 1.57,"Total Cost": 40377.72,"Plan Rows": 51,"Plan Width": 31,"Actual Startup Time": 0.608,"Actual Total Time": 2174.506,"Actual Rows": 109711,"Actual Loops": 3,"Inner Unique": true,"Workers": [],"Plans": [{"Node Type": "Nested Loop","Parent Relationship": "Outer","Parallel Aware": false,"Async Capable": false,"Join Type": "Inner","Startup Cost": 1.14,"Total Cost": 40354.00,"Plan Rows": 51,"Plan Width": 31,"Actual Startup Time": 0.463,"Actual Total Time": 1012.005,"Actual Rows": 109711,"Actual Loops": 3,"Inner Unique": true,"Workers": [],"Plans": [{"Node Type": "Nested Loop","Parent Relationship": "Outer","Parallel Aware": false,"Async Capable": false,"Join Type": "Inner","Startup Cost": 0.86,"Total Cost": 40338.56,"Plan Rows": 51,"Plan Width": 35,"Actual Startup Time": 0.379,"Actual Total Time": 824.842,"Actual Rows": 109711,"Actual Loops": 3,"Inner Unique": false,"Workers": [],"Plans": [{"Node Type": "Nested Loop","Parent Relationship": "Outer","Parallel Aware": false,"Async Capable": false,"Join Type": "Inner","Startup Cost": 0.42,"Total Cost": 22456.59,"Plan Rows": 16835,"Plan Width": 18,"Actual Startup Time": 0.239,"Actual Total Time": 115.107,"Actual Rows": 14620,"Actual Loops": 3,"Inner Unique": false,"Workers": [],"Plans": [{"Node Type": "Seq Scan","Parent Relationship": "Outer","Parallel Aware": true,"Async Capable": false,"Relation Name": "part","Alias": "part","Startup Cost": 0.00,"Total Cost": 5138.67,"Plan Rows": 4209,"Plan Width": 4,"Actual Startup Time": 0.070,"Actual Total Time": 48.754,"Actual Rows": 3655,"Actual Loops": 3,"Filter": "((p_name)::text ~~ '%blanched%'::text)","Rows Removed by Filter": 63012,"Workers": []},{"Node Type": "Index Scan","Parent Relationship": "Inner","Parallel Aware": false,"Async Capable": false,"Scan Direction": "Forward","Index Name": "idx_partsupp_partkey","Relation Name": "partsupp","Alias": "partsupp","Startup Cost": 0.42,"Total Cost": 4.07,"Plan Rows": 4,"Plan Width": 14,"Actual Startup Time": 0.014,"Actual Total Time": 0.017,"Actual Rows": 4,"Actual Loops": 10965,"Index Cond": "(ps_partkey = part.p_partkey)","Rows Removed by Index Recheck": 0,"Workers": []}]},{"Node Type": "Index Scan","Parent Relationship": "Inner","Parallel Aware": false,"Async Capable": false,"Scan Direction": "Forward","Index Name": "idx_lineitem_part_supp","Relation Name": "lineitem","Alias": "lineitem","Startup Cost": 0.43,"Total Cost": 1.05,"Plan Rows": 1,"Plan Width": 29,"Actual Startup Time": 0.007,"Actual Total Time": 0.047,"Actual Rows": 8,"Actual Loops": 43860,"Index Cond": "((l_partkey = partsupp.ps_partkey) AND (l_suppkey = partsupp.ps_suppkey))","Rows Removed by Index Recheck": 0,"Workers": []}]},{"Node Type": "Index Scan","Parent Relationship": "Inner","Parallel Aware": false,"Async Capable": false,"Scan Direction": "Forward","Index Name": "supplier_pkey","Relation Name": "supplier","Alias": "supplier","Startup Cost": 0.29,"Total Cost": 0.30,"Plan Rows": 1,"Plan Width": 8,"Actual Startup Time": 0.001,"Actual Total Time": 0.001,"Actual Rows": 1,"Actual Loops": 329134,"Index Cond": "(s_suppkey = lineitem.l_suppkey)","Rows Removed by Index Recheck": 0,"Workers": []}]},{"Node Type": "Index Scan","Parent Relationship": "Inner","Parallel Aware": false,"Async Capable": false,"Scan Direction": "Forward","Index Name": "orders_pkey","Relation Name": "orders","Alias": "orders","Startup Cost": 0.43,"Total Cost": 0.47,"Plan Rows": 1,"Plan Width": 8,"Actual Startup Time": 0.010,"Actual Total Time": 0.010,"Actual Rows": 1,"Actual Loops": 329134,"Index Cond": "(o_orderkey = lineitem.l_orderkey)","Rows Removed by Index Recheck": 0,"Workers": []}]},{"Node Type": "Hash","Parent Relationship": "Inner","Parallel Aware": false,"Async Capable": false,"Startup Cost": 1.25,"Total Cost": 1.25,"Plan Rows": 25,"Plan Width": 108,"Actual Startup Time": 0.089,"Actual Total Time": 0.097,"Actual Rows": 25,"Actual Loops": 3,"Hash Buckets": 1024,"Original Hash Buckets": 1024,"Hash Batches": 1,"Original Hash Batches": 1,"Peak Memory Usage": 10,"Workers": [],"Plans": [{"Node Type": "Seq Scan","Parent Relationship": "Outer","Parallel Aware": false,"Async Capable": false,"Relation Name": "nation","Alias": "nation","Startup Cost": 0.00,"Total Cost": 1.25,"Plan Rows": 25,"Plan Width": 108,"Actual Startup Time": 0.061,"Actual Total Time": 0.066,"Actual Rows": 25,"Actual Loops": 3,"Workers": []}]}]}]}]}]}]},"Planning Time": 11.831,"Triggers": [],"Execution Time": 2562.813}]
[{"Plan": {"Node Type": "Aggregate","Strategy": "Sorted","Partial Mode": "Finalize","Parallel Aware": false,"Async Capable": false,"Startup Cost": 35224.41,"Total Cost": 35237.30,"Plan Rows": 97,"Plan Width": 168,"Actual Startup Time": 2434.813,"Actual Total Time": 2617.795,"Actual Rows": 175,"Actual Loops": 1,"Group Key": ["nation.n_name", "(EXTRACT(year FROM orders.o_orderdate))"],"Plans": [{"Node Type": "Gather Merge","Parent Relationship": "Outer","Parallel Aware": false,"Async Capable": false,"Startup Cost": 35224.41,"Total Cost": 35235.05,"Plan Rows": 80,"Plan Width": 168,"Actual Startup Time": 2432.801,"Actual Total Time": 2617.397,"Actual Rows": 525,"Actual Loops": 1,"Workers Planned": 2,"Workers Launched": 2,"Plans": [{"Node Type": "Aggregate","Strategy": "Sorted","Partial Mode": "Partial","Parent Relationship": "Outer","Parallel Aware": false,"Async Capable": false,"Startup Cost": 34224.39,"Total Cost": 34225.79,"Plan Rows": 40,"Plan Width": 168,"Actual Startup Time": 2321.601,"Actual Total Time": 2469.813,"Actual Rows": 175,"Actual Loops": 3,"Group Key": ["nation.n_name", "(EXTRACT(year FROM orders.o_orderdate))"],"Workers": [],"Plans": [{"Node Type": "Sort","Parent Relationship": "Outer","Parallel Aware": false,"Async Capable": false,"Startup Cost": 34224.39,"Total Cost": 34224.49,"Plan Rows": 40,"Plan Width": 159,"Actual Startup Time": 2320.901,"Actual Total Time": 2375.985,"Actual Rows": 108219,"Actual Loops": 3,"Sort Key": ["nation.n_name", "(EXTRACT(year FROM orders.o_orderdate)) DESC"],"Sort Method": "quicksort","Sort Space Used": 14500,"Sort Space Type": "Memory","Workers": [{"Worker Number": 0,"Sort Method": "quicksort","Sort Space Used": 13516,"Sort Space Type": "Memory"},{"Worker Number": 1,"Sort Method": "quicksort","Sort Space Used": 13530,"Sort Space Type": "Memory"}],"Plans": [{"Node Type": "Hash Join","Parent Relationship": "Outer","Parallel Aware": false,"Async Capable": false,"Join Type": "Inner","Startup Cost": 3.13,"Total Cost": 34223.32,"Plan Rows": 40,"Plan Width": 159,"Actual Startup Time": 0.812,"Actual Total Time": 2175.871,"Actual Rows": 108219,"Actual Loops": 3,"Inner Unique": true,"Hash Cond": "(supplier.s_nationkey = nation.n_nationkey)","Workers": [],"Plans": [{"Node Type": "Nested Loop","Parent Relationship": "Outer","Parallel Aware": false,"Async Capable": false,"Join Type": "Inner","Startup Cost": 1.57,"Total Cost": 34221.53,"Plan Rows": 40,"Plan Width": 31,"Actual Startup Time": 0.611,"Actual Total Time": 2144.353,"Actual Rows": 108219,"Actual Loops": 3,"Inner Unique": true,"Workers": [],"Plans": [{"Node Type": "Nested Loop","Parent Relationship": "Outer","Parallel Aware": false,"Async Capable": false,"Join Type": "Inner","Startup Cost": 1.14,"Total Cost": 34202.93,"Plan Rows": 40,"Plan Width": 31,"Actual Startup Time": 0.476,"Actual Total Time": 1001.070,"Actual Rows": 108219,"Actual Loops": 3,"Inner Unique": true,"Workers": [],"Plans": [{"Node Type": "Nested Loop","Parent Relationship": "Outer","Parallel Aware": false,"Async Capable": false,"Join Type": "Inner","Startup Cost": 0.86,"Total Cost": 34190.82,"Plan Rows": 40,"Plan Width": 35,"Actual Startup Time": 0.385,"Actual Total Time": 816.466,"Actual Rows": 108219,"Actual Loops": 3,"Inner Unique": false,"Workers": [],"Plans": [{"Node Type": "Nested Loop","Parent Relationship": "Outer","Parallel Aware": false,"Async Capable": false,"Join Type": "Inner","Startup Cost": 0.42,"Total Cost": 19885.25,"Plan Rows": 13468,"Plan Width": 18,"Actual Startup Time": 0.261,"Actual Total Time": 114.076,"Actual Rows": 14424,"Actual Loops": 3,"Inner Unique": false,"Workers": [],"Plans": [{"Node Type": "Seq Scan","Parent Relationship": "Outer","Parallel Aware": true,"Async Capable": false,"Relation Name": "part","Alias": "part","Startup Cost": 0.00,"Total Cost": 5138.67,"Plan Rows": 3367,"Plan Width": 4,"Actual Startup Time": 0.096,"Actual Total Time": 48.568,"Actual Rows": 3606,"Actual Loops": 3,"Filter": "((p_name)::text ~~ '%plum%'::text)","Rows Removed by Filter": 63061,"Workers": []},{"Node Type": "Index Scan","Parent Relationship": "Inner","Parallel Aware": false,"Async Capable": false,"Scan Direction": "Forward","Index Name": "idx_partsupp_partkey","Relation Name": "partsupp","Alias": "partsupp","Startup Cost": 0.42,"Total Cost": 4.34,"Plan Rows": 4,"Plan Width": 14,"Actual Startup Time": 0.014,"Actual Total Time": 0.017,"Actual Rows": 4,"Actual Loops": 10818,"Index Cond": "(ps_partkey = part.p_partkey)","Rows Removed by Index Recheck": 0,"Workers": []}]},{"Node Type": "Index Scan","Parent Relationship": "Inner","Parallel Aware": false,"Async Capable": false,"Scan Direction": "Forward","Index Name": "idx_lineitem_part_supp","Relation Name": "lineitem","Alias": "lineitem","Startup Cost": 0.43,"Total Cost": 1.05,"Plan Rows": 1,"Plan Width": 29,"Actual Startup Time": 0.007,"Actual Total Time": 0.047,"Actual Rows": 8,"Actual Loops": 43272,"Index Cond": "((l_partkey = partsupp.ps_partkey) AND (l_suppkey = partsupp.ps_suppkey))","Rows Removed by Index Recheck": 0,"Workers": []}]},{"Node Type": "Index Scan","Parent Relationship": "Inner","Parallel Aware": false,"Async Capable": false,"Scan Direction": "Forward","Index Name": "supplier_pkey","Relation Name": "supplier","Alias": "supplier","Startup Cost": 0.29,"Total Cost": 0.30,"Plan Rows": 1,"Plan Width": 8,"Actual Startup Time": 0.001,"Actual Total Time": 0.001,"Actual Rows": 1,"Actual Loops": 324656,"Index Cond": "(s_suppkey = lineitem.l_suppkey)","Rows Removed by Index Recheck": 0,"Workers": []}]},{"Node Type": "Index Scan","Parent Relationship": "Inner","Parallel Aware": false,"Async Capable": false,"Scan Direction": "Forward","Index Name": "orders_pkey","Relation Name": "orders","Alias": "orders","Startup Cost": 0.43,"Total Cost": 0.47,"Plan Rows": 1,"Plan Width": 8,"Actual Startup Time": 0.010,"Actual Total Time": 0.010,"Actual Rows": 1,"Actual Loops": 324656,"Index Cond": "(o_orderkey = lineitem.l_orderkey)","Rows Removed by Index Recheck": 0,"Workers": []}]},{"Node Type": "Hash","Parent Relationship": "Inner","Parallel Aware": false,"Async Capable": false,"Startup Cost": 1.25,"Total Cost": 1.25,"Plan Rows": 25,"Plan Width": 108,"Actual Startup Time": 0.084,"Actual Total Time": 0.092,"Actual Rows": 25,"Actual Loops": 3,"Hash Buckets": 1024,"Original Hash Buckets": 1024,"Hash Batches": 1,"Original Hash Batches": 1,"Peak Memory Usage": 10,"Workers": [],"Plans": [{"Node Type": "Seq Scan","Parent Relationship": "Outer","Parallel Aware": false,"Async Capable": false,"Relation Name": "nation","Alias": "nation","Startup Cost": 0.00,"Total Cost": 1.25,"Plan Rows": 25,"Plan Width": 108,"Actual Startup Time": 0.059,"Actual Total Time": 0.065,"Actual Rows": 25,"Actual Loops": 3,"Workers": []}]}]}]}]}]}]},"Planning Time": 12.232,"Triggers": [],"Execution Time": 2620.668}]
[{"Plan": {"Node Type": "Aggregate","Strategy": "Sorted","Partial Mode": "Finalize","Parallel Aware": false,"Async Capable": false,"Startup Cost": 35224.41,"Total Cost": 35237.30,"Plan Rows": 97,"Plan Width": 168,"Actual Startup Time": 2434.813,"Actual Total Time": 2617.795,"Actual Rows": 175,"Actual Loops": 1,"Group Key": ["nation.n_name", "(EXTRACT(year FROM orders.o_orderdate))"],"Plans": [{"Node Type": "Gather Merge","Parent Relationship": "Outer","Parallel Aware": false,"Async Capable": false,"Startup Cost": 35224.41,"Total Cost": 35235.05,"Plan Rows": 80,"Plan Width": 168,"Actual Startup Time": 2432.801,"Actual Total Time": 2617.397,"Actual Rows": 525,"Actual Loops": 1,"Workers Planned": 2,"Workers Launched": 2,"Plans": [{"Node Type": "Aggregate","Strategy": "Sorted","Partial Mode": "Partial","Parent Relationship": "Outer","Parallel Aware": false,"Async Capable": false,"Startup Cost": 34224.39,"Total Cost": 34225.79,"Plan Rows": 40,"Plan Width": 168,"Actual Startup Time": 2321.601,"Actual Total Time": 2469.813,"Actual Rows": 175,"Actual Loops": 3,"Group Key": ["nation.n_name", "(EXTRACT(year FROM orders.o_orderdate))"],"Workers": [],"Plans": [{"Node Type": "Sort","Parent Relationship": "Outer","Parallel Aware": false,"Async Capable": false,"Startup Cost": 34224.39,"Total Cost": 34224.49,"Plan Rows": 40,"Plan Width": 159,"Actual Startup Time": 2320.901,"Actual Total Time": 2375.985,"Actual Rows": 108219,"Actual Loops": 3,"Sort Key": ["nation.n_name", "(EXTRACT(year FROM orders.o_orderdate)) DESC"],"Sort Method": "quicksort","Sort Space Used": 14500,"Sort Space Type": "Memory","Workers": [{"Worker Number": 0,"Sort Method": "quicksort","Sort Space Used": 13516,"Sort Space Type": "Memory"},{"Worker Number": 1,"Sort Method": "quicksort","Sort Space Used": 13530,"Sort Space Type": "Memory"}],"Plans": [{"Node Type": "Hash Join","Parent Relationship": "Outer","Parallel Aware": false,"Async Capable": false,"Join Type": "Inner","Startup Cost": 3.13,"Total Cost": 34223.32,"Plan Rows": 40,"Plan Width": 159,"Actual Startup Time": 0.812,"Actual Total Time": 2175.871,"Actual Rows": 108219,"Actual Loops": 3,"Inner Unique": true,"Hash Cond": "(supplier.s_nationkey = nation.n_nationkey)","Workers": [],"Plans": [{"Node Type": "Nested Loop","Parent Relationship": "Outer","Parallel Aware": false,"Async Capable": false,"Join Type": "Inner","Startup Cost": 1.57,"Total Cost": 34221.53,"Plan Rows": 40,"Plan Width": 31,"Actual Startup Time": 0.611,"Actual Total Time": 2144.353,"Actual Rows": 108219,"Actual Loops": 3,"Inner Unique": true,"Workers": [],"Plans": [{"Node Type": "Nested Loop","Parent Relationship": "Outer","Parallel Aware": false,"Async Capable": false,"Join Type": "Inner","Startup Cost": 1.14,"Total Cost": 34202.93,"Plan Rows": 40,"Plan Width": 31,"Actual Startup Time": 0.476,"Actual Total Time": 1001.070,"Actual Rows": 108219,"Actual Loops": 3,"Inner Unique": true,"Workers": [],"Plans": [{"Node Type": "Nested Loop","Parent Relationship": "Outer","Parallel Aware": false,"Async Capable": false,"Join Type": "Inner","Startup Cost": 0.86,"Total Cost": 34190.82,"Plan Rows": 40,"Plan Width": 35,"Actual Startup Time": 0.385,"Actual Total Time": 816.466,"Actual Rows": 108219,"Actual Loops": 3,"Inner Unique": false,"Workers": [],"Plans": [{"Node Type": "Nested Loop","Parent Relationship": "Outer","Parallel Aware": false,"Async Capable": false,"Join Type": "Inner","Startup Cost": 0.42,"Total Cost": 19885.25,"Plan Rows": 13468,"Plan Width": 18,"Actual Startup Time": 0.261,"Actual Total Time": 114.076,"Actual Rows": 14424,"Actual Loops": 3,"Inner Unique": false,"Workers": [],"Plans": [{"Node Type": "Seq Scan","Parent Relationship": "Outer","Parallel Aware": true,"Async Capable": false,"Relation Name": "part","Alias": "part","Startup Cost": 0.00,"Total Cost": 5138.67,"Plan Rows": 3367,"Plan Width": 4,"Actual Startup Time": 0.096,"Actual Total Time": 48.568,"Actual Rows": 3606,"Actual Loops": 3,"Filter": "((p_name)::text ~~ '%plum%'::text)","Rows Removed by Filter": 63061,"Workers": []},{"Node Type": "Index Scan","Parent Relationship": "Inner","Parallel Aware": false,"Async Capable": false,"Scan Direction": "Forward","Index Name": "idx_partsupp_partkey","Relation Name": "partsupp","Alias": "partsupp","Startup Cost": 0.42,"Total Cost": 4.34,"Plan Rows": 4,"Plan Width": 14,"Actual Startup Time": 0.014,"Actual Total Time": 0.017,"Actual Rows": 4,"Actual Loops": 10818,"Index Cond": "(ps_partkey = part.p_partkey)","Rows Removed by Index Recheck": 0,"Workers": []}]},{"Node Type": "Index Scan","Parent Relationship": "Inner","Parallel Aware": false,"Async Capable": false,"Scan Direction": "Forward","Index Name": "idx_lineitem_part_supp","Relation Name": "lineitem","Alias": "lineitem","Startup Cost": 0.43,"Total Cost": 1.05,"Plan Rows": 1,"Plan Width": 29,"Actual Startup Time": 0.007,"Actual Total Time": 0.047,"Actual Rows": 8,"Actual Loops": 43272,"Index Cond": "((l_partkey = partsupp.ps_partkey) AND (l_suppkey = partsupp.ps_suppkey))","Rows Removed by Index Recheck": 0,"Workers": []}]},{"Node Type": "Index Scan","Parent Relationship": "Inner","Parallel Aware": false,"Async Capable": false,"Scan Direction": "Forward","Index Name": "supplier_pkey","Relation Name": "supplier","Alias": "supplier","Startup Cost": 0.29,"Total Cost": 0.30,"Plan Rows": 1,"Plan Width": 8,"Actual Startup Time": 0.001,"Actual Total Time": 0.001,"Actual Rows": 1,"Actual Loops": 324656,"Index Cond": "(s_suppkey = lineitem.l_suppkey)","Rows Removed by Index Recheck": 0,"Workers": []}]},{"Node Type": "Index Scan","Parent Relationship": "Inner","Parallel Aware": false,"Async Capable": false,"Scan Direction": "Forward","Index Name": "orders_pkey","Relation Name": "orders","Alias": "orders","Startup Cost": 0.43,"Total Cost": 0.47,"Plan Rows": 1,"Plan Width": 8,"Actual Startup Time": 0.010,"Actual Total Time": 0.010,"Actual Rows": 1,"Actual Loops": 324656,"Index Cond": "(o_orderkey = lineitem.l_orderkey)","Rows Removed by Index Recheck": 0,"Workers": []}]},{"Node Type": "Hash","Parent Relationship": "Inner","Parallel Aware": false,"Async Capable": false,"Startup Cost": 1.25,"Total Cost": 1.25,"Plan Rows": 25,"Plan Width": 108,"Actual Startup Time": 0.084,"Actual Total Time": 0.092,"Actual Rows": 25,"Actual Loops": 3,"Hash Buckets": 1024,"Original Hash Buckets": 1024,"Hash Batches": 1,"Original Hash Batches": 1,"Peak Memory Usage": 10,"Workers": [],"Plans": [{"Node Type": "Seq Scan","Parent Relationship": "Outer","Parallel Aware": false,"Async Capable": false,"Relation Name": "nation","Alias": "nation","Startup Cost": 0.00,"Total Cost": 1.25,"Plan Rows": 25,"Plan Width": 108,"Actual Startup Time": 0.059,"Actual Total Time": 0.065,"Actual Rows": 25,"Actual Loops": 3,"Workers": []}]}]}]}]}]}]},"Planning Time": 12.232,"Triggers": [],"Execution Time": 2620.668}]
[{"Plan": {"Node Type": "Aggregate","Strategy": "Sorted","Partial Mode": "Finalize","Parallel Aware": false,"Async Capable": false,"Startup Cost": 35224.41,"Total Cost": 35237.30,"Plan Rows": 97,"Plan Width": 168,"Actual Startup Time": 2434.813,"Actual Total Time": 2617.795,"Actual Rows": 175,"Actual Loops": 1,"Group Key": ["nation.n_name", "(EXTRACT(year FROM orders.o_orderdate))"],"Plans": [{"Node Type": "Gather Merge","Parent Relationship": "Outer","Parallel Aware": false,"Async Capable": false,"Startup Cost": 35224.41,"Total Cost": 35235.05,"Plan Rows": 80,"Plan Width": 168,"Actual Startup Time": 2432.801,"Actual Total Time": 2617.397,"Actual Rows": 525,"Actual Loops": 1,"Workers Planned": 2,"Workers Launched": 2,"Plans": [{"Node Type": "Aggregate","Strategy": "Sorted","Partial Mode": "Partial","Parent Relationship": "Outer","Parallel Aware": false,"Async Capable": false,"Startup Cost": 34224.39,"Total Cost": 34225.79,"Plan Rows": 40,"Plan Width": 168,"Actual Startup Time": 2321.601,"Actual Total Time": 2469.813,"Actual Rows": 175,"Actual Loops": 3,"Group Key": ["nation.n_name", "(EXTRACT(year FROM orders.o_orderdate))"],"Workers": [],"Plans": [{"Node Type": "Sort","Parent Relationship": "Outer","Parallel Aware": false,"Async Capable": false,"Startup Cost": 34224.39,"Total Cost": 34224.49,"Plan Rows": 40,"Plan Width": 159,"Actual Startup Time": 2320.901,"Actual Total Time": 2375.985,"Actual Rows": 108219,"Actual Loops": 3,"Sort Key": ["nation.n_name", "(EXTRACT(year FROM orders.o_orderdate)) DESC"],"Sort Method": "quicksort","Sort Space Used": 14500,"Sort Space Type": "Memory","Workers": [{"Worker Number": 0,"Sort Method": "quicksort","Sort Space Used": 13516,"Sort Space Type": "Memory"},{"Worker Number": 1,"Sort Method": "quicksort","Sort Space Used": 13530,"Sort Space Type": "Memory"}],"Plans": [{"Node Type": "Hash Join","Parent Relationship": "Outer","Parallel Aware": false,"Async Capable": false,"Join Type": "Inner","Startup Cost": 3.13,"Total Cost": 34223.32,"Plan Rows": 40,"Plan Width": 159,"Actual Startup Time": 0.812,"Actual Total Time": 2175.871,"Actual Rows": 108219,"Actual Loops": 3,"Inner Unique": true,"Hash Cond": "(supplier.s_nationkey = nation.n_nationkey)","Workers": [],"Plans": [{"Node Type": "Nested Loop","Parent Relationship": "Outer","Parallel Aware": false,"Async Capable": false,"Join Type": "Inner","Startup Cost": 1.57,"Total Cost": 34221.53,"Plan Rows": 40,"Plan Width": 31,"Actual Startup Time": 0.611,"Actual Total Time": 2144.353,"Actual Rows": 108219,"Actual Loops": 3,"Inner Unique": true,"Workers": [],"Plans": [{"Node Type": "Nested Loop","Parent Relationship": "Outer","Parallel Aware": false,"Async Capable": false,"Join Type": "Inner","Startup Cost": 1.14,"Total Cost": 34202.93,"Plan Rows": 40,"Plan Width": 31,"Actual Startup Time": 0.476,"Actual Total Time": 1001.070,"Actual Rows": 108219,"Actual Loops": 3,"Inner Unique": true,"Workers": [],"Plans": [{"Node Type": "Nested Loop","Parent Relationship": "Outer","Parallel Aware": false,"Async Capable": false,"Join Type": "Inner","Startup Cost": 0.86,"Total Cost": 34190.82,"Plan Rows": 40,"Plan Width": 35,"Actual Startup Time": 0.385,"Actual Total Time": 816.466,"Actual Rows": 108219,"Actual Loops": 3,"Inner Unique": false,"Workers": [],"Plans": [{"Node Type": "Nested Loop","Parent Relationship": "Outer","Parallel Aware": false,"Async Capable": false,"Join Type": "Inner","Startup Cost": 0.42,"Total Cost": 19885.25,"Plan Rows": 13468,"Plan Width": 18,"Actual Startup Time": 0.261,"Actual Total Time": 114.076,"Actual Rows": 14424,"Actual Loops": 3,"Inner Unique": false,"Workers": [],"Plans": [{"Node Type": "Seq Scan","Parent Relationship": "Outer","Parallel Aware": true,"Async Capable": false,"Relation Name": "part","Alias": "part","Startup Cost": 0.00,"Total Cost": 5138.67,"Plan Rows": 3367,"Plan Width": 4,"Actual Startup Time": 0.096,"Actual Total Time": 48.568,"Actual Rows": 3606,"Actual Loops": 3,"Filter": "((p_name)::text ~~ '%plum%'::text)","Rows Removed by Filter": 63061,"Workers": []},{"Node Type": "Index Scan","Parent Relationship": "Inner","Parallel Aware": false,"Async Capable": false,"Scan Direction": "Forward","Index Name": "idx_partsupp_partkey","Relation Name": "partsupp","Alias": "partsupp","Startup Cost": 0.42,"Total Cost": 4.34,"Plan Rows": 4,"Plan Width": 14,"Actual Startup Time": 0.014,"Actual Total Time": 0.017,"Actual Rows": 4,"Actual Loops": 10818,"Index Cond": "(ps_partkey = part.p_partkey)","Rows Removed by Index Recheck": 0,"Workers": []}]},{"Node Type": "Index Scan","Parent Relationship": "Inner","Parallel Aware": false,"Async Capable": false,"Scan Direction": "Forward","Index Name": "idx_lineitem_part_supp","Relation Name": "lineitem","Alias": "lineitem","Startup Cost": 0.43,"Total Cost": 1.05,"Plan Rows": 1,"Plan Width": 29,"Actual Startup Time": 0.007,"Actual Total Time": 0.047,"Actual Rows": 8,"Actual Loops": 43272,"Index Cond": "((l_partkey = partsupp.ps_partkey) AND (l_suppkey = partsupp.ps_suppkey))","Rows Removed by Index Recheck": 0,"Workers": []}]},{"Node Type": "Index Scan","Parent Relationship": "Inner","Parallel Aware": false,"Async Capable": false,"Scan Direction": "Forward","Index Name": "supplier_pkey","Relation Name": "supplier","Alias": "supplier","Startup Cost": 0.29,"Total Cost": 0.30,"Plan Rows": 1,"Plan Width": 8,"Actual Startup Time": 0.001,"Actual Total Time": 0.001,"Actual Rows": 1,"Actual Loops": 324656,"Index Cond": "(s_suppkey = lineitem.l_suppkey)","Rows Removed by Index Recheck": 0,"Workers": []}]},{"Node Type": "Index Scan","Parent Relationship": "Inner","Parallel Aware": false,"Async Capable": false,"Scan Direction": "Forward","Index Name": "orders_pkey","Relation Name": "orders","Alias": "orders","Startup Cost": 0.43,"Total Cost": 0.47,"Plan Rows": 1,"Plan Width": 8,"Actual Startup Time": 0.010,"Actual Total Time": 0.010,"Actual Rows": 1,"Actual Loops": 324656,"Index Cond": "(o_orderkey = lineitem.l_orderkey)","Rows Removed by Index Recheck": 0,"Workers": []}]},{"Node Type": "Hash","Parent Relationship": "Inner","Parallel Aware": false,"Async Capable": false,"Startup Cost": 1.25,"Total Cost": 1.25,"Plan Rows": 25,"Plan Width": 108,"Actual Startup Time": 0.084,"Actual Total Time": 0.092,"Actual Rows": 25,"Actual Loops": 3,"Hash Buckets": 1024,"Original Hash Buckets": 1024,"Hash Batches": 1,"Original Hash Batches": 1,"Peak Memory Usage": 10,"Workers": [],"Plans": [{"Node Type": "Seq Scan","Parent Relationship": "Outer","Parallel Aware": false,"Async Capable": false,"Relation Name": "nation","Alias": "nation","Startup Cost": 0.00,"Total Cost": 1.25,"Plan Rows": 25,"Plan Width": 108,"Actual Startup Time": 0.059,"Actual Total Time": 0.065,"Actual Rows": 25,"Actual Loops": 3,"Workers": []}]}]}]}]}]}]},"Planning Time": 12.232,"Triggers": [],"Execution Time": 2620.668}]
[{"Plan": {"Node Type": "Aggregate","Strategy": "Sorted","Partial Mode": "Finalize","Parallel Aware": false,"Async Capable": false,"Startup Cost": 47355.08,"Total Cost": 47374.71,"Plan Rows": 146,"Plan Width": 168,"Actual Startup Time": 2418.586,"Actual Total Time": 2591.239,"Actual Rows": 175,"Actual Loops": 1,"Group Key": ["nation.n_name", "(EXTRACT(year FROM orders.o_orderdate))"],"Plans": [{"Node Type": "Gather Merge","Parent Relationship": "Outer","Parallel Aware": false,"Async Capable": false,"Startup Cost": 47355.08,"Total Cost": 47371.30,"Plan Rows": 122,"Plan Width": 168,"Actual Startup Time": 2416.412,"Actual Total Time": 2590.812,"Actual Rows": 525,"Actual Loops": 1,"Workers Planned": 2,"Workers Launched": 2,"Plans": [{"Node Type": "Aggregate","Strategy": "Sorted","Partial Mode": "Partial","Parent Relationship": "Outer","Parallel Aware": false,"Async Capable": false,"Startup Cost": 46355.06,"Total Cost": 46357.20,"Plan Rows": 61,"Plan Width": 168,"Actual Startup Time": 2299.702,"Actual Total Time": 2424.397,"Actual Rows": 175,"Actual Loops": 3,"Group Key": ["nation.n_name", "(EXTRACT(year FROM orders.o_orderdate))"],"Workers": [],"Plans": [{"Node Type": "Sort","Parent Relationship": "Outer","Parallel Aware": false,"Async Capable": false,"Startup Cost": 46355.06,"Total Cost": 46355.21,"Plan Rows": 61,"Plan Width": 159,"Actual Startup Time": 2299.056,"Actual Total Time": 2340.972,"Actual Rows": 108881,"Actual Loops": 3,"Sort Key": ["nation.n_name", "(EXTRACT(year FROM orders.o_orderdate)) DESC"],"Sort Method": "quicksort","Sort Space Used": 13487,"Sort Space Type": "Memory","Workers": [{"Worker Number": 0,"Sort Method": "quicksort","Sort Space Used": 14047,"Sort Space Type": "Memory"},{"Worker Number": 1,"Sort Method": "quicksort","Sort Space Used": 14209,"Sort Space Type": "Memory"}],"Plans": [{"Node Type": "Hash Join","Parent Relationship": "Outer","Parallel Aware": false,"Async Capable": false,"Join Type": "Inner","Startup Cost": 3.13,"Total Cost": 46353.25,"Plan Rows": 61,"Plan Width": 159,"Actual Startup Time": 0.636,"Actual Total Time": 2147.342,"Actual Rows": 108881,"Actual Loops": 3,"Inner Unique": true,"Hash Cond": "(supplier.s_nationkey = nation.n_nationkey)","Workers": [],"Plans": [{"Node Type": "Nested Loop","Parent Relationship": "Outer","Parallel Aware": false,"Async Capable": false,"Join Type": "Inner","Startup Cost": 1.57,"Total Cost": 46351.35,"Plan Rows": 61,"Plan Width": 31,"Actual Startup Time": 0.492,"Actual Total Time": 2115.417,"Actual Rows": 108881,"Actual Loops": 3,"Inner Unique": true,"Workers": [],"Plans": [{"Node Type": "Nested Loop","Parent Relationship": "Outer","Parallel Aware": false,"Async Capable": false,"Join Type": "Inner","Startup Cost": 1.14,"Total Cost": 46322.98,"Plan Rows": 61,"Plan Width": 31,"Actual Startup Time": 0.372,"Actual Total Time": 983.625,"Actual Rows": 108881,"Actual Loops": 3,"Inner Unique": true,"Workers": [],"Plans": [{"Node Type": "Nested Loop","Parent Relationship": "Outer","Parallel Aware": false,"Async Capable": false,"Join Type": "Inner","Startup Cost": 0.86,"Total Cost": 46304.52,"Plan Rows": 61,"Plan Width": 35,"Actual Startup Time": 0.292,"Actual Total Time": 798.758,"Actual Rows": 108881,"Actual Loops": 3,"Inner Unique": false,"Workers": [],"Plans": [{"Node Type": "Nested Loop","Parent Relationship": "Outer","Parallel Aware": false,"Async Capable": false,"Join Type": "Inner","Startup Cost": 0.42,"Total Cost": 24846.16,"Plan Rows": 20202,"Plan Width": 18,"Actual Startup Time": 0.179,"Actual Total Time": 119.288,"Actual Rows": 14596,"Actual Loops": 3,"Inner Unique": false,"Workers": [],"Plans": [{"Node Type": "Seq Scan","Parent Relationship": "Outer","Parallel Aware": true,"Async Capable": false,"Relation Name": "part","Alias": "part","Startup Cost": 0.00,"Total Cost": 5138.67,"Plan Rows": 5051,"Plan Width": 4,"Actual Startup Time": 0.048,"Actual Total Time": 51.476,"Actual Rows": 3649,"Actual Loops": 3,"Filter": "((p_name)::text ~~ '%saddle%'::text)","Rows Removed by Filter": 63018,"Workers": []},{"Node Type": "Index Scan","Parent Relationship": "Inner","Parallel Aware": false,"Async Capable": false,"Scan Direction": "Forward","Index Name": "idx_partsupp_partkey","Relation Name": "partsupp","Alias": "partsupp","Startup Cost": 0.42,"Total Cost": 3.86,"Plan Rows": 4,"Plan Width": 14,"Actual Startup Time": 0.014,"Actual Total Time": 0.018,"Actual Rows": 4,"Actual Loops": 10947,"Index Cond": "(ps_partkey = part.p_partkey)","Rows Removed by Index Recheck": 0,"Workers": []}]},{"Node Type": "Index Scan","Parent Relationship": "Inner","Parallel Aware": false,"Async Capable": false,"Scan Direction": "Forward","Index Name": "idx_lineitem_part_supp","Relation Name": "lineitem","Alias": "lineitem","Startup Cost": 0.43,"Total Cost": 1.05,"Plan Rows": 1,"Plan Width": 29,"Actual Startup Time": 0.007,"Actual Total Time": 0.045,"Actual Rows": 7,"Actual Loops": 43788,"Index Cond": "((l_partkey = partsupp.ps_partkey) AND (l_suppkey = partsupp.ps_suppkey))","Rows Removed by Index Recheck": 0,"Workers": []}]},{"Node Type": "Index Scan","Parent Relationship": "Inner","Parallel Aware": false,"Async Capable": false,"Scan Direction": "Forward","Index Name": "supplier_pkey","Relation Name": "supplier","Alias": "supplier","Startup Cost": 0.29,"Total Cost": 0.30,"Plan Rows": 1,"Plan Width": 8,"Actual Startup Time": 0.001,"Actual Total Time": 0.001,"Actual Rows": 1,"Actual Loops": 326644,"Index Cond": "(s_suppkey = lineitem.l_suppkey)","Rows Removed by Index Recheck": 0,"Workers": []}]},{"Node Type": "Index Scan","Parent Relationship": "Inner","Parallel Aware": false,"Async Capable": false,"Scan Direction": "Forward","Index Name": "orders_pkey","Relation Name": "orders","Alias": "orders","Startup Cost": 0.43,"Total Cost": 0.47,"Plan Rows": 1,"Plan Width": 8,"Actual Startup Time": 0.010,"Actual Total Time": 0.010,"Actual Rows": 1,"Actual Loops": 326644,"Index Cond": "(o_orderkey = lineitem.l_orderkey)","Rows Removed by Index Recheck": 0,"Workers": []}]},{"Node Type": "Hash","Parent Relationship": "Inner","Parallel Aware": false,"Async Capable": false,"Startup Cost": 1.25,"Total Cost": 1.25,"Plan Rows": 25,"Plan Width": 108,"Actual Startup Time": 0.067,"Actual Total Time": 0.078,"Actual Rows": 25,"Actual Loops": 3,"Hash Buckets": 1024,"Original Hash Buckets": 1024,"Hash Batches": 1,"Original Hash Batches": 1,"Peak Memory Usage": 10,"Workers": [],"Plans": [{"Node Type": "Seq Scan","Parent Relationship": "Outer","Parallel Aware": false,"Async Capable": false,"Relation Name": "nation","Alias": "nation","Startup Cost": 0.00,"Total Cost": 1.25,"Plan Rows": 25,"Plan Width": 108,"Actual Startup Time": 0.044,"Actual Total Time": 0.050,"Actual Rows": 25,"Actual Loops": 3,"Workers": []}]}]}]}]}]}]},"Planning Time": 12.299,"Triggers": [],"Execution Time": 2594.723}]
[{"Plan": {"Node Type": "Aggregate","Strategy": "Sorted","Partial Mode": "Finalize","Parallel Aware": false,"Async Capable": false,"Startup Cost": 15191.58,"Total Cost": 15194.80,"Plan Rows": 24,"Plan Width": 168,"Actual Startup Time": 2511.028,"Actual Total Time": 2675.594,"Actual Rows": 175,"Actual Loops": 1,"Group Key": ["nation.n_name", "(EXTRACT(year FROM orders.o_orderdate))"],"Plans": [{"Node Type": "Gather Merge","Parent Relationship": "Outer","Parallel Aware": false,"Async Capable": false,"Startup Cost": 15191.58,"Total Cost": 15194.24,"Plan Rows": 20,"Plan Width": 168,"Actual Startup Time": 2509.899,"Actual Total Time": 2675.237,"Actual Rows": 525,"Actual Loops": 1,"Workers Planned": 2,"Workers Launched": 2,"Plans": [{"Node Type": "Aggregate","Strategy": "Sorted","Partial Mode": "Partial","Parent Relationship": "Outer","Parallel Aware": false,"Async Capable": false,"Startup Cost": 14191.56,"Total Cost": 14191.91,"Plan Rows": 10,"Plan Width": 168,"Actual Startup Time": 2410.065,"Actual Total Time": 2549.795,"Actual Rows": 175,"Actual Loops": 3,"Group Key": ["nation.n_name", "(EXTRACT(year FROM orders.o_orderdate))"],"Workers": [],"Plans": [{"Node Type": "Sort","Parent Relationship": "Outer","Parallel Aware": false,"Async Capable": false,"Startup Cost": 14191.56,"Total Cost": 14191.59,"Plan Rows": 10,"Plan Width": 159,"Actual Startup Time": 2409.458,"Actual Total Time": 2460.605,"Actual Rows": 107206,"Actual Loops": 3,"Sort Key": ["nation.n_name", "(EXTRACT(year FROM orders.o_orderdate)) DESC"],"Sort Method": "quicksort","Sort Space Used": 14443,"Sort Space Type": "Memory","Workers": [{"Worker Number": 0,"Sort Method": "quicksort","Sort Space Used": 13419,"Sort Space Type": "Memory"},{"Worker Number": 1,"Sort Method": "quicksort","Sort Space Used": 13378,"Sort Space Type": "Memory"}],"Plans": [{"Node Type": "Nested Loop","Parent Relationship": "Outer","Parallel Aware": false,"Async Capable": false,"Join Type": "Inner","Startup Cost": 1.71,"Total Cost": 14191.39,"Plan Rows": 10,"Plan Width": 159,"Actual Startup Time": 0.675,"Actual Total Time": 2264.251,"Actual Rows": 107206,"Actual Loops": 3,"Inner Unique": true,"Workers": [],"Plans": [{"Node Type": "Nested Loop","Parent Relationship": "Outer","Parallel Aware": false,"Async Capable": false,"Join Type": "Inner","Startup Cost": 1.57,"Total Cost": 14189.81,"Plan Rows": 10,"Plan Width": 31,"Actual Startup Time": 0.581,"Actual Total Time": 2108.455,"Actual Rows": 107206,"Actual Loops": 3,"Inner Unique": true,"Workers": [],"Plans": [{"Node Type": "Nested Loop","Parent Relationship": "Outer","Parallel Aware": false,"Async Capable": false,"Join Type": "Inner","Startup Cost": 1.14,"Total Cost": 14185.15,"Plan Rows": 10,"Plan Width": 31,"Actual Startup Time": 0.431,"Actual Total Time": 976.638,"Actual Rows": 107206,"Actual Loops": 3,"Inner Unique": true,"Workers": [],"Plans": [{"Node Type": "Nested Loop","Parent Relationship": "Outer","Parallel Aware": false,"Async Capable": false,"Join Type": "Inner","Startup Cost": 0.86,"Total Cost": 14182.13,"Plan Rows": 10,"Plan Width": 35,"Actual Startup Time": 0.321,"Actual Total Time": 789.830,"Actual Rows": 107206,"Actual Loops": 3,"Inner Unique": false,"Workers": [],"Plans": [{"Node Type": "Nested Loop","Parent Relationship": "Outer","Parallel Aware": false,"Async Capable": false,"Join Type": "Inner","Startup Cost": 0.42,"Total Cost": 10605.73,"Plan Rows": 3367,"Plan Width": 18,"Actual Startup Time": 0.218,"Actual Total Time": 118.621,"Actual Rows": 14297,"Actual Loops": 3,"Inner Unique": false,"Workers": [],"Plans": [{"Node Type": "Seq Scan","Parent Relationship": "Outer","Parallel Aware": true,"Async Capable": false,"Relation Name": "part","Alias": "part","Startup Cost": 0.00,"Total Cost": 5138.67,"Plan Rows": 842,"Plan Width": 4,"Actual Startup Time": 0.065,"Actual Total Time": 49.393,"Actual Rows": 3574,"Actual Loops": 3,"Filter": "((p_name)::text ~~ '%dark%'::text)","Rows Removed by Filter": 63092,"Workers": []},{"Node Type": "Index Scan","Parent Relationship": "Inner","Parallel Aware": false,"Async Capable": false,"Scan Direction": "Forward","Index Name": "idx_partsupp_partkey","Relation Name": "partsupp","Alias": "partsupp","Startup Cost": 0.42,"Total Cost": 6.45,"Plan Rows": 4,"Plan Width": 14,"Actual Startup Time": 0.014,"Actual Total Time": 0.019,"Actual Rows": 4,"Actual Loops": 10723,"Index Cond": "(ps_partkey = part.p_partkey)","Rows Removed by Index Recheck": 0,"Workers": []}]},{"Node Type": "Index Scan","Parent Relationship": "Inner","Parallel Aware": false,"Async Capable": false,"Scan Direction": "Forward","Index Name": "idx_lineitem_part_supp","Relation Name": "lineitem","Alias": "lineitem","Startup Cost": 0.43,"Total Cost": 1.05,"Plan Rows": 1,"Plan Width": 29,"Actual Startup Time": 0.007,"Actual Total Time": 0.045,"Actual Rows": 7,"Actual Loops": 42892,"Index Cond": "((l_partkey = partsupp.ps_partkey) AND (l_suppkey = partsupp.ps_suppkey))","Rows Removed by Index Recheck": 0,"Workers": []}]},{"Node Type": "Index Scan","Parent Relationship": "Inner","Parallel Aware": false,"Async Capable": false,"Scan Direction": "Forward","Index Name": "supplier_pkey","Relation Name": "supplier","Alias": "supplier","Startup Cost": 0.29,"Total Cost": 0.30,"Plan Rows": 1,"Plan Width": 8,"Actual Startup Time": 0.001,"Actual Total Time": 0.001,"Actual Rows": 1,"Actual Loops": 321617,"Index Cond": "(s_suppkey = lineitem.l_suppkey)","Rows Removed by Index Recheck": 0,"Workers": []}]},{"Node Type": "Index Scan","Parent Relationship": "Inner","Parallel Aware": false,"Async Capable": false,"Scan Direction": "Forward","Index Name": "orders_pkey","Relation Name": "orders","Alias": "orders","Startup Cost": 0.43,"Total Cost": 0.47,"Plan Rows": 1,"Plan Width": 8,"Actual Startup Time": 0.010,"Actual Total Time": 0.010,"Actual Rows": 1,"Actual Loops": 321617,"Index Cond": "(o_orderkey = lineitem.l_orderkey)","Rows Removed by Index Recheck": 0,"Workers": []}]},{"Node Type": "Index Scan","Parent Relationship": "Inner","Parallel Aware": false,"Async Capable": false,"Scan Direction": "Forward","Index Name": "nation_pkey","Relation Name": "nation","Alias": "nation","Startup Cost": 0.14,"Total Cost": 0.16,"Plan Rows": 1,"Plan Width": 108,"Actual Startup Time": 0.001,"Actual Total Time": 0.001,"Actual Rows": 1,"Actual Loops": 321617,"Index Cond": "(n_nationkey = supplier.s_nationkey)","Rows Removed by Index Recheck": 0,"Workers": []}]}]}]}]}]},"Planning Time": 11.486,"Triggers": [],"Execution Time": 2676.896}]
[{"Plan": {"Node Type": "Aggregate","Strategy": "Sorted","Partial Mode": "Finalize","Parallel Aware": false,"Async Capable": false,"Startup Cost": 47355.08,"Total Cost": 47374.71,"Plan Rows": 146,"Plan Width": 168,"Actual Startup Time": 2429.119,"Actual Total Time": 2605.321,"Actual Rows": 175,"Actual Loops": 1,"Group Key": ["nation.n_name", "(EXTRACT(year FROM orders.o_orderdate))"],"Plans": [{"Node Type": "Gather Merge","Parent Relationship": "Outer","Parallel Aware": false,"Async Capable": false,"Startup Cost": 47355.08,"Total Cost": 47371.30,"Plan Rows": 122,"Plan Width": 168,"Actual Startup Time": 2426.906,"Actual Total Time": 2604.867,"Actual Rows": 525,"Actual Loops": 1,"Workers Planned": 2,"Workers Launched": 2,"Plans": [{"Node Type": "Aggregate","Strategy": "Sorted","Partial Mode": "Partial","Parent Relationship": "Outer","Parallel Aware": false,"Async Capable": false,"Startup Cost": 46355.06,"Total Cost": 46357.20,"Plan Rows": 61,"Plan Width": 168,"Actual Startup Time": 2315.501,"Actual Total Time": 2444.657,"Actual Rows": 175,"Actual Loops": 3,"Group Key": ["nation.n_name", "(EXTRACT(year FROM orders.o_orderdate))"],"Workers": [],"Plans": [{"Node Type": "Sort","Parent Relationship": "Outer","Parallel Aware": false,"Async Capable": false,"Startup Cost": 46355.06,"Total Cost": 46355.21,"Plan Rows": 61,"Plan Width": 159,"Actual Startup Time": 2314.736,"Actual Total Time": 2357.989,"Actual Rows": 110203,"Actual Loops": 3,"Sort Key": ["nation.n_name", "(EXTRACT(year FROM orders.o_orderdate)) DESC"],"Sort Method": "quicksort","Sort Space Used": 13700,"Sort Space Type": "Memory","Workers": [{"Worker Number": 0,"Sort Method": "quicksort","Sort Space Used": 14285,"Sort Space Type": "Memory"},{"Worker Number": 1,"Sort Method": "quicksort","Sort Space Used": 14149,"Sort Space Type": "Memory"}],"Plans": [{"Node Type": "Hash Join","Parent Relationship": "Outer","Parallel Aware": false,"Async Capable": false,"Join Type": "Inner","Startup Cost": 3.13,"Total Cost": 46353.25,"Plan Rows": 61,"Plan Width": 159,"Actual Startup Time": 0.743,"Actual Total Time": 2163.601,"Actual Rows": 110203,"Actual Loops": 3,"Inner Unique": true,"Hash Cond": "(supplier.s_nationkey = nation.n_nationkey)","Workers": [],"Plans": [{"Node Type": "Nested Loop","Parent Relationship": "Outer","Parallel Aware": false,"Async Capable": false,"Join Type": "Inner","Startup Cost": 1.57,"Total Cost": 46351.35,"Plan Rows": 61,"Plan Width": 31,"Actual Startup Time": 0.555,"Actual Total Time": 2131.653,"Actual Rows": 110203,"Actual Loops": 3,"Inner Unique": true,"Workers": [],"Plans": [{"Node Type": "Nested Loop","Parent Relationship": "Outer","Parallel Aware": false,"Async Capable": false,"Join Type": "Inner","Startup Cost": 1.14,"Total Cost": 46322.98,"Plan Rows": 61,"Plan Width": 31,"Actual Startup Time": 0.406,"Actual Total Time": 971.169,"Actual Rows": 110203,"Actual Loops": 3,"Inner Unique": true,"Workers": [],"Plans": [{"Node Type": "Nested Loop","Parent Relationship": "Outer","Parallel Aware": false,"Async Capable": false,"Join Type": "Inner","Startup Cost": 0.86,"Total Cost": 46304.52,"Plan Rows": 61,"Plan Width": 35,"Actual Startup Time": 0.318,"Actual Total Time": 787.632,"Actual Rows": 110203,"Actual Loops": 3,"Inner Unique": false,"Workers": [],"Plans": [{"Node Type": "Nested Loop","Parent Relationship": "Outer","Parallel Aware": false,"Async Capable": false,"Join Type": "Inner","Startup Cost": 0.42,"Total Cost": 24846.16,"Plan Rows": 20202,"Plan Width": 18,"Actual Startup Time": 0.175,"Actual Total Time": 114.625,"Actual Rows": 14656,"Actual Loops": 3,"Inner Unique": false,"Workers": [],"Plans": [{"Node Type": "Seq Scan","Parent Relationship": "Outer","Parallel Aware": true,"Async Capable": false,"Relation Name": "part","Alias": "part","Startup Cost": 0.00,"Total Cost": 5138.67,"Plan Rows": 5051,"Plan Width": 4,"Actual Startup Time": 0.052,"Actual Total Time": 48.288,"Actual Rows": 3664,"Actual Loops": 3,"Filter": "((p_name)::text ~~ '%yellow%'::text)","Rows Removed by Filter": 63003,"Workers": []},{"Node Type": "Index Scan","Parent Relationship": "Inner","Parallel Aware": false,"Async Capable": false,"Scan Direction": "Forward","Index Name": "idx_partsupp_partkey","Relation Name": "partsupp","Alias": "partsupp","Startup Cost": 0.42,"Total Cost": 3.86,"Plan Rows": 4,"Plan Width": 14,"Actual Startup Time": 0.014,"Actual Total Time": 0.017,"Actual Rows": 4,"Actual Loops": 10992,"Index Cond": "(ps_partkey = part.p_partkey)","Rows Removed by Index Recheck": 0,"Workers": []}]},{"Node Type": "Index Scan","Parent Relationship": "Inner","Parallel Aware": false,"Async Capable": false,"Scan Direction": "Forward","Index Name": "idx_lineitem_part_supp","Relation Name": "lineitem","Alias": "lineitem","Startup Cost": 0.43,"Total Cost": 1.05,"Plan Rows": 1,"Plan Width": 29,"Actual Startup Time": 0.007,"Actual Total Time": 0.044,"Actual Rows": 8,"Actual Loops": 43968,"Index Cond": "((l_partkey = partsupp.ps_partkey) AND (l_suppkey = partsupp.ps_suppkey))","Rows Removed by Index Recheck": 0,"Workers": []}]},{"Node Type": "Index Scan","Parent Relationship": "Inner","Parallel Aware": false,"Async Capable": false,"Scan Direction": "Forward","Index Name": "supplier_pkey","Relation Name": "supplier","Alias": "supplier","Startup Cost": 0.29,"Total Cost": 0.30,"Plan Rows": 1,"Plan Width": 8,"Actual Startup Time": 0.001,"Actual Total Time": 0.001,"Actual Rows": 1,"Actual Loops": 330610,"Index Cond": "(s_suppkey = lineitem.l_suppkey)","Rows Removed by Index Recheck": 0,"Workers": []}]},{"Node Type": "Index Scan","Parent Relationship": "Inner","Parallel Aware": false,"Async Capable": false,"Scan Direction": "Forward","Index Name": "orders_pkey","Relation Name": "orders","Alias": "orders","Startup Cost": 0.43,"Total Cost": 0.47,"Plan Rows": 1,"Plan Width": 8,"Actual Startup Time": 0.010,"Actual Total Time": 0.010,"Actual Rows": 1,"Actual Loops": 330610,"Index Cond": "(o_orderkey = lineitem.l_orderkey)","Rows Removed by Index Recheck": 0,"Workers": []}]},{"Node Type": "Hash","Parent Relationship": "Inner","Parallel Aware": false,"Async Capable": false,"Startup Cost": 1.25,"Total Cost": 1.25,"Plan Rows": 25,"Plan Width": 108,"Actual Startup Time": 0.078,"Actual Total Time": 0.087,"Actual Rows": 25,"Actual Loops": 3,"Hash Buckets": 1024,"Original Hash Buckets": 1024,"Hash Batches": 1,"Original Hash Batches": 1,"Peak Memory Usage": 10,"Workers": [],"Plans": [{"Node Type": "Seq Scan","Parent Relationship": "Outer","Parallel Aware": false,"Async Capable": false,"Relation Name": "nation","Alias": "nation","Startup Cost": 0.00,"Total Cost": 1.25,"Plan Rows": 25,"Plan Width": 108,"Actual Startup Time": 0.049,"Actual Total Time": 0.055,"Actual Rows": 25,"Actual Loops": 3,"Workers": []}]}]}]}]}]}]},"Planning Time": 11.548,"Triggers": [],"Execution Time": 2608.833}]
[{"Plan": {"Node Type": "Aggregate","Strategy": "Sorted","Partial Mode": "Finalize","Parallel Aware": false,"Async Capable": false,"Startup Cost": 46348.90,"Total Cost": 46374.41,"Plan Rows": 170,"Plan Width": 168,"Actual Startup Time": 1730.222,"Actual Total Time": 1874.204,"Actual Rows": 175,"Actual Loops": 1,"Group Key": ["nation.n_name", "(EXTRACT(year FROM orders.o_orderdate))"],"Plans": [{"Node Type": "Gather Merge","Parent Relationship": "Outer","Parallel Aware": false,"Async Capable": false,"Startup Cost": 46348.90,"Total Cost": 46370.21,"Plan Rows": 165,"Plan Width": 168,"Actual Startup Time": 1728.668,"Actual Total Time": 1873.759,"Actual Rows": 700,"Actual Loops": 1,"Workers Planned": 3,"Workers Launched": 3,"Plans": [{"Node Type": "Aggregate","Strategy": "Sorted","Partial Mode": "Partial","Parent Relationship": "Outer","Parallel Aware": false,"Async Capable": false,"Startup Cost": 45348.86,"Total Cost": 45350.79,"Plan Rows": 55,"Plan Width": 168,"Actual Startup Time": 1650.826,"Actual Total Time": 1744.501,"Actual Rows": 175,"Actual Loops": 4,"Group Key": ["nation.n_name", "(EXTRACT(year FROM orders.o_orderdate))"],"Workers": [],"Plans": [{"Node Type": "Sort","Parent Relationship": "Outer","Parallel Aware": false,"Async Capable": false,"Startup Cost": 45348.86,"Total Cost": 45349.00,"Plan Rows": 55,"Plan Width": 159,"Actual Startup Time": 1650.333,"Actual Total Time": 1682.232,"Actual Rows": 81534,"Actual Loops": 4,"Sort Key": ["nation.n_name", "(EXTRACT(year FROM orders.o_orderdate)) DESC"],"Sort Method": "quicksort","Sort Space Used": 11317,"Sort Space Type": "Memory","Workers": [{"Worker Number": 0,"Sort Method": "quicksort","Sort Space Used": 11037,"Sort Space Type": "Memory"},{"Worker Number": 1,"Sort Method": "quicksort","Sort Space Used": 11269,"Sort Space Type": "Memory"},{"Worker Number": 2,"Sort Method": "quicksort","Sort Space Used": 11142,"Sort Space Type": "Memory"}],"Plans": [{"Node Type": "Hash Join","Parent Relationship": "Outer","Parallel Aware": false,"Async Capable": false,"Join Type": "Inner","Startup Cost": 5215.02,"Total Cost": 45347.27,"Plan Rows": 55,"Plan Width": 159,"Actual Startup Time": 22.539,"Actual Total Time": 1549.942,"Actual Rows": 81534,"Actual Loops": 4,"Inner Unique": true,"Hash Cond": "(supplier.s_nationkey = nation.n_nationkey)","Workers": [],"Plans": [{"Node Type": "Nested Loop","Parent Relationship": "Outer","Parallel Aware": false,"Async Capable": false,"Join Type": "Inner","Startup Cost": 5213.46,"Total Cost": 45345.40,"Plan Rows": 55,"Plan Width": 31,"Actual Startup Time": 22.374,"Actual Total Time": 1526.572,"Actual Rows": 81534,"Actual Loops": 4,"Inner Unique": true,"Workers": [],"Plans": [{"Node Type": "Nested Loop","Parent Relationship": "Outer","Parallel Aware": false,"Async Capable": false,"Join Type": "Inner","Startup Cost": 5213.03,"Total Cost": 45319.82,"Plan Rows": 55,"Plan Width": 31,"Actual Startup Time": 22.306,"Actual Total Time": 793.181,"Actual Rows": 81534,"Actual Loops": 4,"Inner Unique": true,"Workers": [],"Plans": [{"Node Type": "Nested Loop","Parent Relationship": "Outer","Parallel Aware": false,"Async Capable": false,"Join Type": "Inner","Startup Cost": 5212.75,"Total Cost": 45303.17,"Plan Rows": 55,"Plan Width": 35,"Actual Startup Time": 22.249,"Actual Total Time": 656.284,"Actual Rows": 81534,"Actual Loops": 4,"Inner Unique": false,"Workers": [],"Plans": [{"Node Type": "Hash Join","Parent Relationship": "Outer","Parallel Aware": true,"Async Capable": false,"Join Type": "Inner","Startup Cost": 5212.32,"Total Cost": 25921.39,"Plan Rows": 18247,"Plan Width": 18,"Actual Startup Time": 22.162,"Actual Total Time": 197.619,"Actual Rows": 10856,"Actual Loops": 4,"Inner Unique": true,"Hash Cond": "(partsupp.ps_partkey = part.p_partkey)","Workers": [],"Plans": [{"Node Type": "Seq Scan","Parent Relationship": "Outer","Parallel Aware": true,"Async Capable": false,"Relation Name": "partsupp","Alias": "partsupp","Startup Cost": 0.00,"Total Cost": 20031.65,"Plan Rows": 258065,"Plan Width": 14,"Actual Startup Time": 0.014,"Actual Total Time": 42.173,"Actual Rows": 200000,"Actual Loops": 4,"Workers": []},{"Node Type": "Hash","Parent Relationship": "Inner","Parallel Aware": true,"Async Capable": false,"Startup Cost": 5138.67,"Total Cost": 5138.67,"Plan Rows": 5892,"Plan Width": 4,"Actual Startup Time": 22.002,"Actual Total Time": 22.011,"Actual Rows": 2714,"Actual Loops": 4,"Hash Buckets": 16384,"Original Hash Buckets": 16384,"Hash Batches": 1,"Original Hash Batches": 1,"Peak Memory Usage": 608,"Workers": [],"Plans": [{"Node Type": "Seq Scan","Parent Relationship": "Outer","Parallel Aware": true,"Async Capable": false,"Relation Name": "part","Alias": "part","Startup Cost": 0.00,"Total Cost": 5138.67,"Plan Rows": 5892,"Plan Width": 4,"Actual Startup Time": 0.065,"Actual Total Time": 20.262,"Actual Rows": 2714,"Actual Loops": 4,"Filter": "((p_name)::text ~~ '%pink%'::text)","Rows Removed by Filter": 47286,"Workers": []}]}]},{"Node Type": "Index Scan","Parent Relationship": "Inner","Parallel Aware": false,"Async Capable": false,"Scan Direction": "Forward","Index Name": "idx_lineitem_part_supp","Relation Name": "lineitem","Alias": "lineitem","Startup Cost": 0.43,"Total Cost": 1.05,"Plan Rows": 1,"Plan Width": 29,"Actual Startup Time": 0.006,"Actual Total Time": 0.041,"Actual Rows": 8,"Actual Loops": 43424,"Index Cond": "((l_partkey = partsupp.ps_partkey) AND (l_suppkey = partsupp.ps_suppkey))","Rows Removed by Index Recheck": 0,"Workers": []}]},{"Node Type": "Index Scan","Parent Relationship": "Inner","Parallel Aware": false,"Async Capable": false,"Scan Direction": "Forward","Index Name": "supplier_pkey","Relation Name": "supplier","Alias": "supplier","Startup Cost": 0.29,"Total Cost": 0.30,"Plan Rows": 1,"Plan Width": 8,"Actual Startup Time": 0.001,"Actual Total Time": 0.001,"Actual Rows": 1,"Actual Loops": 326137,"Index Cond": "(s_suppkey = lineitem.l_suppkey)","Rows Removed by Index Recheck": 0,"Workers": []}]},{"Node Type": "Index Scan","Parent Relationship": "Inner","Parallel Aware": false,"Async Capable": false,"Scan Direction": "Forward","Index Name": "orders_pkey","Relation Name": "orders","Alias": "orders","Startup Cost": 0.43,"Total Cost": 0.47,"Plan Rows": 1,"Plan Width": 8,"Actual Startup Time": 0.009,"Actual Total Time": 0.009,"Actual Rows": 1,"Actual Loops": 326137,"Index Cond": "(o_orderkey = lineitem.l_orderkey)","Rows Removed by Index Recheck": 0,"Workers": []}]},{"Node Type": "Hash","Parent Relationship": "Inner","Parallel Aware": false,"Async Capable": false,"Startup Cost": 1.25,"Total Cost": 1.25,"Plan Rows": 25,"Plan Width": 108,"Actual Startup Time": 0.071,"Actual Total Time": 0.076,"Actual Rows": 25,"Actual Loops": 4,"Hash Buckets": 1024,"Original Hash Buckets": 1024,"Hash Batches": 1,"Original Hash Batches": 1,"Peak Memory Usage": 10,"Workers": [],"Plans": [{"Node Type": "Seq Scan","Parent Relationship": "Outer","Parallel Aware": false,"Async Capable": false,"Relation Name": "nation","Alias": "nation","Startup Cost": 0.00,"Total Cost": 1.25,"Plan Rows": 25,"Plan Width": 108,"Actual Startup Time": 0.047,"Actual Total Time": 0.052,"Actual Rows": 25,"Actual Loops": 4,"Workers": []}]}]}]}]}]}]},"Planning Time": 12.442,"Triggers": [],"Execution Time": 1875.255}]
[{"Plan": {"Node Type": "Aggregate","Strategy": "Sorted","Partial Mode": "Finalize","Parallel Aware": false,"Async Capable": false,"Startup Cost": 35224.41,"Total Cost": 35237.30,"Plan Rows": 97,"Plan Width": 168,"Actual Startup Time": 2438.634,"Actual Total Time": 2597.179,"Actual Rows": 175,"Actual Loops": 1,"Group Key": ["nation.n_name", "(EXTRACT(year FROM orders.o_orderdate))"],"Plans": [{"Node Type": "Gather Merge","Parent Relationship": "Outer","Parallel Aware": false,"Async Capable": false,"Startup Cost": 35224.41,"Total Cost": 35235.05,"Plan Rows": 80,"Plan Width": 168,"Actual Startup Time": 2437.212,"Actual Total Time": 2596.783,"Actual Rows": 525,"Actual Loops": 1,"Workers Planned": 2,"Workers Launched": 2,"Plans": [{"Node Type": "Aggregate","Strategy": "Sorted","Partial Mode": "Partial","Parent Relationship": "Outer","Parallel Aware": false,"Async Capable": false,"Startup Cost": 34224.39,"Total Cost": 34225.79,"Plan Rows": 40,"Plan Width": 168,"Actual Startup Time": 2317.202,"Actual Total Time": 2458.541,"Actual Rows": 175,"Actual Loops": 3,"Group Key": ["nation.n_name", "(EXTRACT(year FROM orders.o_orderdate))"],"Workers": [],"Plans": [{"Node Type": "Sort","Parent Relationship": "Outer","Parallel Aware": false,"Async Capable": false,"Startup Cost": 34224.39,"Total Cost": 34224.49,"Plan Rows": 40,"Plan Width": 159,"Actual Startup Time": 2316.568,"Actual Total Time": 2367.365,"Actual Rows": 107948,"Actual Loops": 3,"Sort Key": ["nation.n_name", "(EXTRACT(year FROM orders.o_orderdate)) DESC"],"Sort Method": "quicksort","Sort Space Used": 14538,"Sort Space Type": "Memory","Workers": [{"Worker Number": 0,"Sort Method": "quicksort","Sort Space Used": 13479,"Sort Space Type": "Memory"},{"Worker Number": 1,"Sort Method": "quicksort","Sort Space Used": 13441,"Sort Space Type": "Memory"}],"Plans": [{"Node Type": "Hash Join","Parent Relationship": "Outer","Parallel Aware": false,"Async Capable": false,"Join Type": "Inner","Startup Cost": 3.13,"Total Cost": 34223.32,"Plan Rows": 40,"Plan Width": 159,"Actual Startup Time": 0.735,"Actual Total Time": 2172.824,"Actual Rows": 107948,"Actual Loops": 3,"Inner Unique": true,"Hash Cond": "(supplier.s_nationkey = nation.n_nationkey)","Workers": [],"Plans": [{"Node Type": "Nested Loop","Parent Relationship": "Outer","Parallel Aware": false,"Async Capable": false,"Join Type": "Inner","Startup Cost": 1.57,"Total Cost": 34221.53,"Plan Rows": 40,"Plan Width": 31,"Actual Startup Time": 0.558,"Actual Total Time": 2141.544,"Actual Rows": 107948,"Actual Loops": 3,"Inner Unique": true,"Workers": [],"Plans": [{"Node Type": "Nested Loop","Parent Relationship": "Outer","Parallel Aware": false,"Async Capable": false,"Join Type": "Inner","Startup Cost": 1.14,"Total Cost": 34202.93,"Plan Rows": 40,"Plan Width": 31,"Actual Startup Time": 0.423,"Actual Total Time": 998.893,"Actual Rows": 107948,"Actual Loops": 3,"Inner Unique": true,"Workers": [],"Plans": [{"Node Type": "Nested Loop","Parent Relationship": "Outer","Parallel Aware": false,"Async Capable": false,"Join Type": "Inner","Startup Cost": 0.86,"Total Cost": 34190.82,"Plan Rows": 40,"Plan Width": 35,"Actual Startup Time": 0.327,"Actual Total Time": 814.063,"Actual Rows": 107948,"Actual Loops": 3,"Inner Unique": false,"Workers": [],"Plans": [{"Node Type": "Nested Loop","Parent Relationship": "Outer","Parallel Aware": false,"Async Capable": false,"Join Type": "Inner","Startup Cost": 0.42,"Total Cost": 19885.25,"Plan Rows": 13468,"Plan Width": 18,"Actual Startup Time": 0.193,"Actual Total Time": 113.337,"Actual Rows": 14405,"Actual Loops": 3,"Inner Unique": false,"Workers": [],"Plans": [{"Node Type": "Seq Scan","Parent Relationship": "Outer","Parallel Aware": true,"Async Capable": false,"Relation Name": "part","Alias": "part","Startup Cost": 0.00,"Total Cost": 5138.67,"Plan Rows": 3367,"Plan Width": 4,"Actual Startup Time": 0.059,"Actual Total Time": 48.010,"Actual Rows": 3601,"Actual Loops": 3,"Filter": "((p_name)::text ~~ '%floral%'::text)","Rows Removed by Filter": 63065,"Workers": []},{"Node Type": "Index Scan","Parent Relationship": "Inner","Parallel Aware": false,"Async Capable": false,"Scan Direction": "Forward","Index Name": "idx_partsupp_partkey","Relation Name": "partsupp","Alias": "partsupp","Startup Cost": 0.42,"Total Cost": 4.34,"Plan Rows": 4,"Plan Width": 14,"Actual Startup Time": 0.014,"Actual Total Time": 0.017,"Actual Rows": 4,"Actual Loops": 10804,"Index Cond": "(ps_partkey = part.p_partkey)","Rows Removed by Index Recheck": 0,"Workers": []}]},{"Node Type": "Index Scan","Parent Relationship": "Inner","Parallel Aware": false,"Async Capable": false,"Scan Direction": "Forward","Index Name": "idx_lineitem_part_supp","Relation Name": "lineitem","Alias": "lineitem","Startup Cost": 0.43,"Total Cost": 1.05,"Plan Rows": 1,"Plan Width": 29,"Actual Startup Time": 0.007,"Actual Total Time": 0.047,"Actual Rows": 7,"Actual Loops": 43216,"Index Cond": "((l_partkey = partsupp.ps_partkey) AND (l_suppkey = partsupp.ps_suppkey))","Rows Removed by Index Recheck": 0,"Workers": []}]},{"Node Type": "Index Scan","Parent Relationship": "Inner","Parallel Aware": false,"Async Capable": false,"Scan Direction": "Forward","Index Name": "supplier_pkey","Relation Name": "supplier","Alias": "supplier","Startup Cost": 0.29,"Total Cost": 0.30,"Plan Rows": 1,"Plan Width": 8,"Actual Startup Time": 0.001,"Actual Total Time": 0.001,"Actual Rows": 1,"Actual Loops": 323844,"Index Cond": "(s_suppkey = lineitem.l_suppkey)","Rows Removed by Index Recheck": 0,"Workers": []}]},{"Node Type": "Index Scan","Parent Relationship": "Inner","Parallel Aware": false,"Async Capable": false,"Scan Direction": "Forward","Index Name": "orders_pkey","Relation Name": "orders","Alias": "orders","Startup Cost": 0.43,"Total Cost": 0.47,"Plan Rows": 1,"Plan Width": 8,"Actual Startup Time": 0.010,"Actual Total Time": 0.010,"Actual Rows": 1,"Actual Loops": 323844,"Index Cond": "(o_orderkey = lineitem.l_orderkey)","Rows Removed by Index Recheck": 0,"Workers": []}]},{"Node Type": "Hash","Parent Relationship": "Inner","Parallel Aware": false,"Async Capable": false,"Startup Cost": 1.25,"Total Cost": 1.25,"Plan Rows": 25,"Plan Width": 108,"Actual Startup Time": 0.087,"Actual Total Time": 0.099,"Actual Rows": 25,"Actual Loops": 3,"Hash Buckets": 1024,"Original Hash Buckets": 1024,"Hash Batches": 1,"Original Hash Batches": 1,"Peak Memory Usage": 10,"Workers": [],"Plans": [{"Node Type": "Seq Scan","Parent Relationship": "Outer","Parallel Aware": false,"Async Capable": false,"Relation Name": "nation","Alias": "nation","Startup Cost": 0.00,"Total Cost": 1.25,"Plan Rows": 25,"Plan Width": 108,"Actual Startup Time": 0.061,"Actual Total Time": 0.067,"Actual Rows": 25,"Actual Loops": 3,"Workers": []}]}]}]}]}]}]},"Planning Time": 12.204,"Triggers": [],"Execution Time": 2600.171}]
[{"Plan": {"Node Type": "Aggregate","Strategy": "Sorted","Partial Mode": "Finalize","Parallel Aware": false,"Async Capable": false,"Startup Cost": 47355.08,"Total Cost": 47374.71,"Plan Rows": 146,"Plan Width": 168,"Actual Startup Time": 2488.313,"Actual Total Time": 2622.431,"Actual Rows": 175,"Actual Loops": 1,"Group Key": ["nation.n_name", "(EXTRACT(year FROM orders.o_orderdate))"],"Plans": [{"Node Type": "Gather Merge","Parent Relationship": "Outer","Parallel Aware": false,"Async Capable": false,"Startup Cost": 47355.08,"Total Cost": 47371.30,"Plan Rows": 122,"Plan Width": 168,"Actual Startup Time": 2486.292,"Actual Total Time": 2621.908,"Actual Rows": 525,"Actual Loops": 1,"Workers Planned": 2,"Workers Launched": 2,"Plans": [{"Node Type": "Aggregate","Strategy": "Sorted","Partial Mode": "Partial","Parent Relationship": "Outer","Parallel Aware": false,"Async Capable": false,"Startup Cost": 46355.06,"Total Cost": 46357.20,"Plan Rows": 61,"Plan Width": 168,"Actual Startup Time": 2352.837,"Actual Total Time": 2491.136,"Actual Rows": 175,"Actual Loops": 3,"Group Key": ["nation.n_name", "(EXTRACT(year FROM orders.o_orderdate))"],"Workers": [],"Plans": [{"Node Type": "Sort","Parent Relationship": "Outer","Parallel Aware": false,"Async Capable": false,"Startup Cost": 46355.06,"Total Cost": 46355.21,"Plan Rows": 61,"Plan Width": 159,"Actual Startup Time": 2352.058,"Actual Total Time": 2401.707,"Actual Rows": 109389,"Actual Loops": 3,"Sort Key": ["nation.n_name", "(EXTRACT(year FROM orders.o_orderdate)) DESC"],"Sort Method": "quicksort","Sort Space Used": 13819,"Sort Space Type": "Memory","Workers": [{"Worker Number": 0,"Sort Method": "quicksort","Sort Space Used": 14069,"Sort Space Type": "Memory"},{"Worker Number": 1,"Sort Method": "quicksort","Sort Space Used": 14004,"Sort Space Type": "Memory"}],"Plans": [{"Node Type": "Hash Join","Parent Relationship": "Outer","Parallel Aware": false,"Async Capable": false,"Join Type": "Inner","Startup Cost": 3.13,"Total Cost": 46353.25,"Plan Rows": 61,"Plan Width": 159,"Actual Startup Time": 0.598,"Actual Total Time": 2192.654,"Actual Rows": 109389,"Actual Loops": 3,"Inner Unique": true,"Hash Cond": "(supplier.s_nationkey = nation.n_nationkey)","Workers": [],"Plans": [{"Node Type": "Nested Loop","Parent Relationship": "Outer","Parallel Aware": false,"Async Capable": false,"Join Type": "Inner","Startup Cost": 1.57,"Total Cost": 46351.35,"Plan Rows": 61,"Plan Width": 31,"Actual Startup Time": 0.445,"Actual Total Time": 2160.825,"Actual Rows": 109389,"Actual Loops": 3,"Inner Unique": true,"Workers": [],"Plans": [{"Node Type": "Nested Loop","Parent Relationship": "Outer","Parallel Aware": false,"Async Capable": false,"Join Type": "Inner","Startup Cost": 1.14,"Total Cost": 46322.98,"Plan Rows": 61,"Plan Width": 31,"Actual Startup Time": 0.344,"Actual Total Time": 1000.384,"Actual Rows": 109389,"Actual Loops": 3,"Inner Unique": true,"Workers": [],"Plans": [{"Node Type": "Nested Loop","Parent Relationship": "Outer","Parallel Aware": false,"Async Capable": false,"Join Type": "Inner","Startup Cost": 0.86,"Total Cost": 46304.52,"Plan Rows": 61,"Plan Width": 35,"Actual Startup Time": 0.255,"Actual Total Time": 813.822,"Actual Rows": 109389,"Actual Loops": 3,"Inner Unique": false,"Workers": [],"Plans": [{"Node Type": "Nested Loop","Parent Relationship": "Outer","Parallel Aware": false,"Async Capable": false,"Join Type": "Inner","Startup Cost": 0.42,"Total Cost": 24846.16,"Plan Rows": 20202,"Plan Width": 18,"Actual Startup Time": 0.151,"Actual Total Time": 119.110,"Actual Rows": 14613,"Actual Loops": 3,"Inner Unique": false,"Workers": [],"Plans": [{"Node Type": "Seq Scan","Parent Relationship": "Outer","Parallel Aware": true,"Async Capable": false,"Relation Name": "part","Alias": "part","Startup Cost": 0.00,"Total Cost": 5138.67,"Plan Rows": 5051,"Plan Width": 4,"Actual Startup Time": 0.060,"Actual Total Time": 51.487,"Actual Rows": 3653,"Actual Loops": 3,"Filter": "((p_name)::text ~~ '%sienna%'::text)","Rows Removed by Filter": 63013,"Workers": []},{"Node Type": "Index Scan","Parent Relationship": "Inner","Parallel Aware": false,"Async Capable": false,"Scan Direction": "Forward","Index Name": "idx_partsupp_partkey","Relation Name": "partsupp","Alias": "partsupp","Startup Cost": 0.42,"Total Cost": 3.86,"Plan Rows": 4,"Plan Width": 14,"Actual Startup Time": 0.014,"Actual Total Time": 0.018,"Actual Rows": 4,"Actual Loops": 10960,"Index Cond": "(ps_partkey = part.p_partkey)","Rows Removed by Index Recheck": 0,"Workers": []}]},{"Node Type": "Index Scan","Parent Relationship": "Inner","Parallel Aware": false,"Async Capable": false,"Scan Direction": "Forward","Index Name": "idx_lineitem_part_supp","Relation Name": "lineitem","Alias": "lineitem","Startup Cost": 0.43,"Total Cost": 1.05,"Plan Rows": 1,"Plan Width": 29,"Actual Startup Time": 0.007,"Actual Total Time": 0.046,"Actual Rows": 7,"Actual Loops": 43840,"Index Cond": "((l_partkey = partsupp.ps_partkey) AND (l_suppkey = partsupp.ps_suppkey))","Rows Removed by Index Recheck": 0,"Workers": []}]},{"Node Type": "Index Scan","Parent Relationship": "Inner","Parallel Aware": false,"Async Capable": false,"Scan Direction": "Forward","Index Name": "supplier_pkey","Relation Name": "supplier","Alias": "supplier","Startup Cost": 0.29,"Total Cost": 0.30,"Plan Rows": 1,"Plan Width": 8,"Actual Startup Time": 0.001,"Actual Total Time": 0.001,"Actual Rows": 1,"Actual Loops": 328167,"Index Cond": "(s_suppkey = lineitem.l_suppkey)","Rows Removed by Index Recheck": 0,"Workers": []}]},{"Node Type": "Index Scan","Parent Relationship": "Inner","Parallel Aware": false,"Async Capable": false,"Scan Direction": "Forward","Index Name": "orders_pkey","Relation Name": "orders","Alias": "orders","Startup Cost": 0.43,"Total Cost": 0.47,"Plan Rows": 1,"Plan Width": 8,"Actual Startup Time": 0.010,"Actual Total Time": 0.010,"Actual Rows": 1,"Actual Loops": 328167,"Index Cond": "(o_orderkey = lineitem.l_orderkey)","Rows Removed by Index Recheck": 0,"Workers": []}]},{"Node Type": "Hash","Parent Relationship": "Inner","Parallel Aware": false,"Async Capable": false,"Startup Cost": 1.25,"Total Cost": 1.25,"Plan Rows": 25,"Plan Width": 108,"Actual Startup Time": 0.071,"Actual Total Time": 0.091,"Actual Rows": 25,"Actual Loops": 3,"Hash Buckets": 1024,"Original Hash Buckets": 1024,"Hash Batches": 1,"Original Hash Batches": 1,"Peak Memory Usage": 10,"Workers": [],"Plans": [{"Node Type": "Seq Scan","Parent Relationship": "Outer","Parallel Aware": false,"Async Capable": false,"Relation Name": "nation","Alias": "nation","Startup Cost": 0.00,"Total Cost": 1.25,"Plan Rows": 25,"Plan Width": 108,"Actual Startup Time": 0.047,"Actual Total Time": 0.063,"Actual Rows": 25,"Actual Loops": 3,"Workers": []}]}]}]}]}]}]},"Planning Time": 12.717,"Triggers": [],"Execution Time": 2624.148}]
[{"Plan": {"Node Type": "Aggregate","Strategy": "Sorted","Partial Mode": "Finalize","Parallel Aware": false,"Async Capable": false,"Startup Cost": 35224.41,"Total Cost": 35237.30,"Plan Rows": 97,"Plan Width": 168,"Actual Startup Time": 2423.963,"Actual Total Time": 2560.496,"Actual Rows": 175,"Actual Loops": 1,"Group Key": ["nation.n_name", "(EXTRACT(year FROM orders.o_orderdate))"],"Plans": [{"Node Type": "Gather Merge","Parent Relationship": "Outer","Parallel Aware": false,"Async Capable": false,"Startup Cost": 35224.41,"Total Cost": 35235.05,"Plan Rows": 80,"Plan Width": 168,"Actual Startup Time": 2422.019,"Actual Total Time": 2560.116,"Actual Rows": 525,"Actual Loops": 1,"Workers Planned": 2,"Workers Launched": 2,"Plans": [{"Node Type": "Aggregate","Strategy": "Sorted","Partial Mode": "Partial","Parent Relationship": "Outer","Parallel Aware": false,"Async Capable": false,"Startup Cost": 34224.39,"Total Cost": 34225.79,"Plan Rows": 40,"Plan Width": 168,"Actual Startup Time": 2311.477,"Actual Total Time": 2422.444,"Actual Rows": 175,"Actual Loops": 3,"Group Key": ["nation.n_name", "(EXTRACT(year FROM orders.o_orderdate))"],"Workers": [],"Plans": [{"Node Type": "Sort","Parent Relationship": "Outer","Parallel Aware": false,"Async Capable": false,"Startup Cost": 34224.39,"Total Cost": 34224.49,"Plan Rows": 40,"Plan Width": 159,"Actual Startup Time": 2310.904,"Actual Total Time": 2345.956,"Actual Rows": 108625,"Actual Loops": 3,"Sort Key": ["nation.n_name", "(EXTRACT(year FROM orders.o_orderdate)) DESC"],"Sort Method": "quicksort","Sort Space Used": 13495,"Sort Space Type": "Memory","Workers": [{"Worker Number": 0,"Sort Method": "quicksort","Sort Space Used": 14236,"Sort Space Type": "Memory"},{"Worker Number": 1,"Sort Method": "quicksort","Sort Space Used": 13931,"Sort Space Type": "Memory"}],"Plans": [{"Node Type": "Hash Join","Parent Relationship": "Outer","Parallel Aware": false,"Async Capable": false,"Join Type": "Inner","Startup Cost": 3.13,"Total Cost": 34223.32,"Plan Rows": 40,"Plan Width": 159,"Actual Startup Time": 0.667,"Actual Total Time": 2163.145,"Actual Rows": 108625,"Actual Loops": 3,"Inner Unique": true,"Hash Cond": "(supplier.s_nationkey = nation.n_nationkey)","Workers": [],"Plans": [{"Node Type": "Nested Loop","Parent Relationship": "Outer","Parallel Aware": false,"Async Capable": false,"Join Type": "Inner","Startup Cost": 1.57,"Total Cost": 34221.53,"Plan Rows": 40,"Plan Width": 31,"Actual Startup Time": 0.474,"Actual Total Time": 2131.583,"Actual Rows": 108625,"Actual Loops": 3,"Inner Unique": true,"Workers": [],"Plans": [{"Node Type": "Nested Loop","Parent Relationship": "Outer","Parallel Aware": false,"Async Capable": false,"Join Type": "Inner","Startup Cost": 1.14,"Total Cost": 34202.93,"Plan Rows": 40,"Plan Width": 31,"Actual Startup Time": 0.377,"Actual Total Time": 989.340,"Actual Rows": 108625,"Actual Loops": 3,"Inner Unique": true,"Workers": [],"Plans": [{"Node Type": "Nested Loop","Parent Relationship": "Outer","Parallel Aware": false,"Async Capable": false,"Join Type": "Inner","Startup Cost": 0.86,"Total Cost": 34190.82,"Plan Rows": 40,"Plan Width": 35,"Actual Startup Time": 0.299,"Actual Total Time": 804.524,"Actual Rows": 108625,"Actual Loops": 3,"Inner Unique": false,"Workers": [],"Plans": [{"Node Type": "Nested Loop","Parent Relationship": "Outer","Parallel Aware": false,"Async Capable": false,"Join Type": "Inner","Startup Cost": 0.42,"Total Cost": 19885.25,"Plan Rows": 13468,"Plan Width": 18,"Actual Startup Time": 0.197,"Actual Total Time": 118.975,"Actual Rows": 14469,"Actual Loops": 3,"Inner Unique": false,"Workers": [],"Plans": [{"Node Type": "Seq Scan","Parent Relationship": "Outer","Parallel Aware": true,"Async Capable": false,"Relation Name": "part","Alias": "part","Startup Cost": 0.00,"Total Cost": 5138.67,"Plan Rows": 3367,"Plan Width": 4,"Actual Startup Time": 0.059,"Actual Total Time": 51.422,"Actual Rows": 3617,"Actual Loops": 3,"Filter": "((p_name)::text ~~ '%medium%'::text)","Rows Removed by Filter": 63049,"Workers": []},{"Node Type": "Index Scan","Parent Relationship": "Inner","Parallel Aware": false,"Async Capable": false,"Scan Direction": "Forward","Index Name": "idx_partsupp_partkey","Relation Name": "partsupp","Alias": "partsupp","Startup Cost": 0.42,"Total Cost": 4.34,"Plan Rows": 4,"Plan Width": 14,"Actual Startup Time": 0.014,"Actual Total Time": 0.018,"Actual Rows": 4,"Actual Loops": 10852,"Index Cond": "(ps_partkey = part.p_partkey)","Rows Removed by Index Recheck": 0,"Workers": []}]},{"Node Type": "Index Scan","Parent Relationship": "Inner","Parallel Aware": false,"Async Capable": false,"Scan Direction": "Forward","Index Name": "idx_lineitem_part_supp","Relation Name": "lineitem","Alias": "lineitem","Startup Cost": 0.43,"Total Cost": 1.05,"Plan Rows": 1,"Plan Width": 29,"Actual Startup Time": 0.007,"Actual Total Time": 0.046,"Actual Rows": 8,"Actual Loops": 43408,"Index Cond": "((l_partkey = partsupp.ps_partkey) AND (l_suppkey = partsupp.ps_suppkey))","Rows Removed by Index Recheck": 0,"Workers": []}]},{"Node Type": "Index Scan","Parent Relationship": "Inner","Parallel Aware": false,"Async Capable": false,"Scan Direction": "Forward","Index Name": "supplier_pkey","Relation Name": "supplier","Alias": "supplier","Startup Cost": 0.29,"Total Cost": 0.30,"Plan Rows": 1,"Plan Width": 8,"Actual Startup Time": 0.001,"Actual Total Time": 0.001,"Actual Rows": 1,"Actual Loops": 325876,"Index Cond": "(s_suppkey = lineitem.l_suppkey)","Rows Removed by Index Recheck": 0,"Workers": []}]},{"Node Type": "Index Scan","Parent Relationship": "Inner","Parallel Aware": false,"Async Capable": false,"Scan Direction": "Forward","Index Name": "orders_pkey","Relation Name": "orders","Alias": "orders","Startup Cost": 0.43,"Total Cost": 0.47,"Plan Rows": 1,"Plan Width": 8,"Actual Startup Time": 0.010,"Actual Total Time": 0.010,"Actual Rows": 1,"Actual Loops": 325876,"Index Cond": "(o_orderkey = lineitem.l_orderkey)","Rows Removed by Index Recheck": 0,"Workers": []}]},{"Node Type": "Hash","Parent Relationship": "Inner","Parallel Aware": false,"Async Capable": false,"Startup Cost": 1.25,"Total Cost": 1.25,"Plan Rows": 25,"Plan Width": 108,"Actual Startup Time": 0.099,"Actual Total Time": 0.114,"Actual Rows": 25,"Actual Loops": 3,"Hash Buckets": 1024,"Original Hash Buckets": 1024,"Hash Batches": 1,"Original Hash Batches": 1,"Peak Memory Usage": 10,"Workers": [],"Plans": [{"Node Type": "Seq Scan","Parent Relationship": "Outer","Parallel Aware": false,"Async Capable": false,"Relation Name": "nation","Alias": "nation","Startup Cost": 0.00,"Total Cost": 1.25,"Plan Rows": 25,"Plan Width": 108,"Actual Startup Time": 0.070,"Actual Total Time": 0.083,"Actual Rows": 25,"Actual Loops": 3,"Workers": []}]}]}]}]}]}]},"Planning Time": 12.212,"Triggers": [],"Execution Time": 2563.131}]
[{"Plan": {"Node Type": "Aggregate","Strategy": "Sorted","Partial Mode": "Finalize","Parallel Aware": false,"Async Capable": false,"Startup Cost": 41381.04,"Total Cost": 41397.45,"Plan Rows": 122,"Plan Width": 168,"Actual Startup Time": 2449.674,"Actual Total Time": 2543.452,"Actual Rows": 175,"Actual Loops": 1,"Group Key": ["nation.n_name", "(EXTRACT(year FROM orders.o_orderdate))"],"Plans": [{"Node Type": "Gather Merge","Parent Relationship": "Outer","Parallel Aware": false,"Async Capable": false,"Startup Cost": 41381.04,"Total Cost": 41394.60,"Plan Rows": 102,"Plan Width": 168,"Actual Startup Time": 2448.066,"Actual Total Time": 2542.931,"Actual Rows": 525,"Actual Loops": 1,"Workers Planned": 2,"Workers Launched": 2,"Plans": [{"Node Type": "Aggregate","Strategy": "Sorted","Partial Mode": "Partial","Parent Relationship": "Outer","Parallel Aware": false,"Async Capable": false,"Startup Cost": 40381.01,"Total Cost": 40382.80,"Plan Rows": 51,"Plan Width": 168,"Actual Startup Time": 2312.054,"Actual Total Time": 2440.182,"Actual Rows": 175,"Actual Loops": 3,"Group Key": ["nation.n_name", "(EXTRACT(year FROM orders.o_orderdate))"],"Workers": [],"Plans": [{"Node Type": "Sort","Parent Relationship": "Outer","Parallel Aware": false,"Async Capable": false,"Startup Cost": 40381.01,"Total Cost": 40381.14,"Plan Rows": 51,"Plan Width": 159,"Actual Startup Time": 2311.303,"Actual Total Time": 2355.012,"Actual Rows": 108553,"Actual Loops": 3,"Sort Key": ["nation.n_name", "(EXTRACT(year FROM orders.o_orderdate)) DESC"],"Sort Method": "quicksort","Sort Space Used": 13671,"Sort Space Type": "Memory","Workers": [{"Worker Number": 0,"Sort Method": "quicksort","Sort Space Used": 14055,"Sort Space Type": "Memory"},{"Worker Number": 1,"Sort Method": "quicksort","Sort Space Used": 13920,"Sort Space Type": "Memory"}],"Plans": [{"Node Type": "Hash Join","Parent Relationship": "Outer","Parallel Aware": false,"Async Capable": false,"Join Type": "Inner","Startup Cost": 3.13,"Total Cost": 40379.57,"Plan Rows": 51,"Plan Width": 159,"Actual Startup Time": 0.614,"Actual Total Time": 2152.509,"Actual Rows": 108553,"Actual Loops": 3,"Inner Unique": true,"Hash Cond": "(supplier.s_nationkey = nation.n_nationkey)","Workers": [],"Plans": [{"Node Type": "Nested Loop","Parent Relationship": "Outer","Parallel Aware": false,"Async Capable": false,"Join Type": "Inner","Startup Cost": 1.57,"Total Cost": 40377.72,"Plan Rows": 51,"Plan Width": 31,"Actual Startup Time": 0.463,"Actual Total Time": 2120.870,"Actual Rows": 108553,"Actual Loops": 3,"Inner Unique": true,"Workers": [],"Plans": [{"Node Type": "Nested Loop","Parent Relationship": "Outer","Parallel Aware": false,"Async Capable": false,"Join Type": "Inner","Startup Cost": 1.14,"Total Cost": 40354.00,"Plan Rows": 51,"Plan Width": 31,"Actual Startup Time": 0.355,"Actual Total Time": 987.248,"Actual Rows": 108553,"Actual Loops": 3,"Inner Unique": true,"Workers": [],"Plans": [{"Node Type": "Nested Loop","Parent Relationship": "Outer","Parallel Aware": false,"Async Capable": false,"Join Type": "Inner","Startup Cost": 0.86,"Total Cost": 40338.56,"Plan Rows": 51,"Plan Width": 35,"Actual Startup Time": 0.279,"Actual Total Time": 803.841,"Actual Rows": 108553,"Actual Loops": 3,"Inner Unique": false,"Workers": [],"Plans": [{"Node Type": "Nested Loop","Parent Relationship": "Outer","Parallel Aware": false,"Async Capable": false,"Join Type": "Inner","Startup Cost": 0.42,"Total Cost": 22456.59,"Plan Rows": 16835,"Plan Width": 18,"Actual Startup Time": 0.181,"Actual Total Time": 118.449,"Actual Rows": 14437,"Actual Loops": 3,"Inner Unique": false,"Workers": [],"Plans": [{"Node Type": "Seq Scan","Parent Relationship": "Outer","Parallel Aware": true,"Async Capable": false,"Relation Name": "part","Alias": "part","Startup Cost": 0.00,"Total Cost": 5138.67,"Plan Rows": 4209,"Plan Width": 4,"Actual Startup Time": 0.049,"Actual Total Time": 50.624,"Actual Rows": 3609,"Actual Loops": 3,"Filter": "((p_name)::text ~~ '%magenta%'::text)","Rows Removed by Filter": 63057,"Workers": []},{"Node Type": "Index Scan","Parent Relationship": "Inner","Parallel Aware": false,"Async Capable": false,"Scan Direction": "Forward","Index Name": "idx_partsupp_partkey","Relation Name": "partsupp","Alias": "partsupp","Startup Cost": 0.42,"Total Cost": 4.07,"Plan Rows": 4,"Plan Width": 14,"Actual Startup Time": 0.014,"Actual Total Time": 0.018,"Actual Rows": 4,"Actual Loops": 10828,"Index Cond": "(ps_partkey = part.p_partkey)","Rows Removed by Index Recheck": 0,"Workers": []}]},{"Node Type": "Index Scan","Parent Relationship": "Inner","Parallel Aware": false,"Async Capable": false,"Scan Direction": "Forward","Index Name": "idx_lineitem_part_supp","Relation Name": "lineitem","Alias": "lineitem","Startup Cost": 0.43,"Total Cost": 1.05,"Plan Rows": 1,"Plan Width": 29,"Actual Startup Time": 0.007,"Actual Total Time": 0.046,"Actual Rows": 8,"Actual Loops": 43312,"Index Cond": "((l_partkey = partsupp.ps_partkey) AND (l_suppkey = partsupp.ps_suppkey))","Rows Removed by Index Recheck": 0,"Workers": []}]},{"Node Type": "Index Scan","Parent Relationship": "Inner","Parallel Aware": false,"Async Capable": false,"Scan Direction": "Forward","Index Name": "supplier_pkey","Relation Name": "supplier","Alias": "supplier","Startup Cost": 0.29,"Total Cost": 0.30,"Plan Rows": 1,"Plan Width": 8,"Actual Startup Time": 0.001,"Actual Total Time": 0.001,"Actual Rows": 1,"Actual Loops": 325659,"Index Cond": "(s_suppkey = lineitem.l_suppkey)","Rows Removed by Index Recheck": 0,"Workers": []}]},{"Node Type": "Index Scan","Parent Relationship": "Inner","Parallel Aware": false,"Async Capable": false,"Scan Direction": "Forward","Index Name": "orders_pkey","Relation Name": "orders","Alias": "orders","Startup Cost": 0.43,"Total Cost": 0.47,"Plan Rows": 1,"Plan Width": 8,"Actual Startup Time": 0.010,"Actual Total Time": 0.010,"Actual Rows": 1,"Actual Loops": 325659,"Index Cond": "(o_orderkey = lineitem.l_orderkey)","Rows Removed by Index Recheck": 0,"Workers": []}]},{"Node Type": "Hash","Parent Relationship": "Inner","Parallel Aware": false,"Async Capable": false,"Startup Cost": 1.25,"Total Cost": 1.25,"Plan Rows": 25,"Plan Width": 108,"Actual Startup Time": 0.071,"Actual Total Time": 0.101,"Actual Rows": 25,"Actual Loops": 3,"Hash Buckets": 1024,"Original Hash Buckets": 1024,"Hash Batches": 1,"Original Hash Batches": 1,"Peak Memory Usage": 10,"Workers": [],"Plans": [{"Node Type": "Seq Scan","Parent Relationship": "Outer","Parallel Aware": false,"Async Capable": false,"Relation Name": "nation","Alias": "nation","Startup Cost": 0.00,"Total Cost": 1.25,"Plan Rows": 25,"Plan Width": 108,"Actual Startup Time": 0.048,"Actual Total Time": 0.076,"Actual Rows": 25,"Actual Loops": 3,"Workers": []}]}]}]}]}]}]},"Planning Time": 12.331,"Triggers": [],"Execution Time": 2545.556}]
[{"Plan": {"Node Type": "Aggregate","Strategy": "Sorted","Partial Mode": "Finalize","Parallel Aware": false,"Async Capable": false,"Startup Cost": 46348.90,"Total Cost": 46374.41,"Plan Rows": 170,"Plan Width": 168,"Actual Startup Time": 1727.472,"Actual Total Time": 1868.015,"Actual Rows": 175,"Actual Loops": 1,"Group Key": ["nation.n_name", "(EXTRACT(year FROM orders.o_orderdate))"],"Plans": [{"Node Type": "Gather Merge","Parent Relationship": "Outer","Parallel Aware": false,"Async Capable": false,"Startup Cost": 46348.90,"Total Cost": 46370.21,"Plan Rows": 165,"Plan Width": 168,"Actual Startup Time": 1725.748,"Actual Total Time": 1867.575,"Actual Rows": 700,"Actual Loops": 1,"Workers Planned": 3,"Workers Launched": 3,"Plans": [{"Node Type": "Aggregate","Strategy": "Sorted","Partial Mode": "Partial","Parent Relationship": "Outer","Parallel Aware": false,"Async Capable": false,"Startup Cost": 45348.86,"Total Cost": 45350.79,"Plan Rows": 55,"Plan Width": 168,"Actual Startup Time": 1653.610,"Actual Total Time": 1749.132,"Actual Rows": 175,"Actual Loops": 4,"Group Key": ["nation.n_name", "(EXTRACT(year FROM orders.o_orderdate))"],"Workers": [],"Plans": [{"Node Type": "Sort","Parent Relationship": "Outer","Parallel Aware": false,"Async Capable": false,"Startup Cost": 45348.86,"Total Cost": 45349.00,"Plan Rows": 55,"Plan Width": 159,"Actual Startup Time": 1653.066,"Actual Total Time": 1686.532,"Actual Rows": 81810,"Actual Loops": 4,"Sort Key": ["nation.n_name", "(EXTRACT(year FROM orders.o_orderdate)) DESC"],"Sort Method": "quicksort","Sort Space Used": 11471,"Sort Space Type": "Memory","Workers": [{"Worker Number": 0,"Sort Method": "quicksort","Sort Space Used": 11147,"Sort Space Type": "Memory"},{"Worker Number": 1,"Sort Method": "quicksort","Sort Space Used": 11095,"Sort Space Type": "Memory"},{"Worker Number": 2,"Sort Method": "quicksort","Sort Space Used": 11162,"Sort Space Type": "Memory"}],"Plans": [{"Node Type": "Hash Join","Parent Relationship": "Outer","Parallel Aware": false,"Async Capable": false,"Join Type": "Inner","Startup Cost": 5215.02,"Total Cost": 45347.27,"Plan Rows": 55,"Plan Width": 159,"Actual Startup Time": 20.833,"Actual Total Time": 1551.514,"Actual Rows": 81810,"Actual Loops": 4,"Inner Unique": true,"Hash Cond": "(supplier.s_nationkey = nation.n_nationkey)","Workers": [],"Plans": [{"Node Type": "Nested Loop","Parent Relationship": "Outer","Parallel Aware": false,"Async Capable": false,"Join Type": "Inner","Startup Cost": 5213.46,"Total Cost": 45345.40,"Plan Rows": 55,"Plan Width": 31,"Actual Startup Time": 20.681,"Actual Total Time": 1528.164,"Actual Rows": 81810,"Actual Loops": 4,"Inner Unique": true,"Workers": [],"Plans": [{"Node Type": "Nested Loop","Parent Relationship": "Outer","Parallel Aware": false,"Async Capable": false,"Join Type": "Inner","Startup Cost": 5213.03,"Total Cost": 45319.82,"Plan Rows": 55,"Plan Width": 31,"Actual Startup Time": 20.609,"Actual Total Time": 796.744,"Actual Rows": 81810,"Actual Loops": 4,"Inner Unique": true,"Workers": [],"Plans": [{"Node Type": "Nested Loop","Parent Relationship": "Outer","Parallel Aware": false,"Async Capable": false,"Join Type": "Inner","Startup Cost": 5212.75,"Total Cost": 45303.17,"Plan Rows": 55,"Plan Width": 35,"Actual Startup Time": 20.570,"Actual Total Time": 658.735,"Actual Rows": 81810,"Actual Loops": 4,"Inner Unique": false,"Workers": [],"Plans": [{"Node Type": "Hash Join","Parent Relationship": "Outer","Parallel Aware": true,"Async Capable": false,"Join Type": "Inner","Startup Cost": 5212.32,"Total Cost": 25921.39,"Plan Rows": 18247,"Plan Width": 18,"Actual Startup Time": 20.503,"Actual Total Time": 194.617,"Actual Rows": 10904,"Actual Loops": 4,"Inner Unique": true,"Hash Cond": "(partsupp.ps_partkey = part.p_partkey)","Workers": [],"Plans": [{"Node Type": "Seq Scan","Parent Relationship": "Outer","Parallel Aware": true,"Async Capable": false,"Relation Name": "partsupp","Alias": "partsupp","Startup Cost": 0.00,"Total Cost": 20031.65,"Plan Rows": 258065,"Plan Width": 14,"Actual Startup Time": 0.015,"Actual Total Time": 41.930,"Actual Rows": 200000,"Actual Loops": 4,"Workers": []},{"Node Type": "Hash","Parent Relationship": "Inner","Parallel Aware": true,"Async Capable": false,"Startup Cost": 5138.67,"Total Cost": 5138.67,"Plan Rows": 5892,"Plan Width": 4,"Actual Startup Time": 20.326,"Actual Total Time": 20.334,"Actual Rows": 2726,"Actual Loops": 4,"Hash Buckets": 16384,"Original Hash Buckets": 16384,"Hash Batches": 1,"Original Hash Batches": 1,"Peak Memory Usage": 576,"Workers": [],"Plans": [{"Node Type": "Seq Scan","Parent Relationship": "Outer","Parallel Aware": true,"Async Capable": false,"Relation Name": "part","Alias": "part","Startup Cost": 0.00,"Total Cost": 5138.67,"Plan Rows": 5892,"Plan Width": 4,"Actual Startup Time": 0.040,"Actual Total Time": 18.599,"Actual Rows": 2726,"Actual Loops": 4,"Filter": "((p_name)::text ~~ '%firebrick%'::text)","Rows Removed by Filter": 47274,"Workers": []}]}]},{"Node Type": "Index Scan","Parent Relationship": "Inner","Parallel Aware": false,"Async Capable": false,"Scan Direction": "Forward","Index Name": "idx_lineitem_part_supp","Relation Name": "lineitem","Alias": "lineitem","Startup Cost": 0.43,"Total Cost": 1.05,"Plan Rows": 1,"Plan Width": 29,"Actual Startup Time": 0.006,"Actual Total Time": 0.041,"Actual Rows": 8,"Actual Loops": 43616,"Index Cond": "((l_partkey = partsupp.ps_partkey) AND (l_suppkey = partsupp.ps_suppkey))","Rows Removed by Index Recheck": 0,"Workers": []}]},{"Node Type": "Index Scan","Parent Relationship": "Inner","Parallel Aware": false,"Async Capable": false,"Scan Direction": "Forward","Index Name": "supplier_pkey","Relation Name": "supplier","Alias": "supplier","Startup Cost": 0.29,"Total Cost": 0.30,"Plan Rows": 1,"Plan Width": 8,"Actual Startup Time": 0.001,"Actual Total Time": 0.001,"Actual Rows": 1,"Actual Loops": 327242,"Index Cond": "(s_suppkey = lineitem.l_suppkey)","Rows Removed by Index Recheck": 0,"Workers": []}]},{"Node Type": "Index Scan","Parent Relationship": "Inner","Parallel Aware": false,"Async Capable": false,"Scan Direction": "Forward","Index Name": "orders_pkey","Relation Name": "orders","Alias": "orders","Startup Cost": 0.43,"Total Cost": 0.47,"Plan Rows": 1,"Plan Width": 8,"Actual Startup Time": 0.009,"Actual Total Time": 0.009,"Actual Rows": 1,"Actual Loops": 327242,"Index Cond": "(o_orderkey = lineitem.l_orderkey)","Rows Removed by Index Recheck": 0,"Workers": []}]},{"Node Type": "Hash","Parent Relationship": "Inner","Parallel Aware": false,"Async Capable": false,"Startup Cost": 1.25,"Total Cost": 1.25,"Plan Rows": 25,"Plan Width": 108,"Actual Startup Time": 0.064,"Actual Total Time": 0.068,"Actual Rows": 25,"Actual Loops": 4,"Hash Buckets": 1024,"Original Hash Buckets": 1024,"Hash Batches": 1,"Original Hash Batches": 1,"Peak Memory Usage": 10,"Workers": [],"Plans": [{"Node Type": "Seq Scan","Parent Relationship": "Outer","Parallel Aware": false,"Async Capable": false,"Relation Name": "nation","Alias": "nation","Startup Cost": 0.00,"Total Cost": 1.25,"Plan Rows": 25,"Plan Width": 108,"Actual Startup Time": 0.042,"Actual Total Time": 0.046,"Actual Rows": 25,"Actual Loops": 4,"Workers": []}]}]}]}]}]}]},"Planning Time": 11.442,"Triggers": [],"Execution Time": 1870.367}]
[{"Plan": {"Node Type": "Aggregate","Strategy": "Sorted","Partial Mode": "Finalize","Parallel Aware": false,"Async Capable": false,"Startup Cost": 41381.04,"Total Cost": 41397.45,"Plan Rows": 122,"Plan Width": 168,"Actual Startup Time": 2480.242,"Actual Total Time": 2577.614,"Actual Rows": 175,"Actual Loops": 1,"Group Key": ["nation.n_name", "(EXTRACT(year FROM orders.o_orderdate))"],"Plans": [{"Node Type": "Gather Merge","Parent Relationship": "Outer","Parallel Aware": false,"Async Capable": false,"Startup Cost": 41381.04,"Total Cost": 41394.60,"Plan Rows": 102,"Plan Width": 168,"Actual Startup Time": 2478.709,"Actual Total Time": 2577.227,"Actual Rows": 525,"Actual Loops": 1,"Workers Planned": 2,"Workers Launched": 2,"Plans": [{"Node Type": "Aggregate","Strategy": "Sorted","Partial Mode": "Partial","Parent Relationship": "Outer","Parallel Aware": false,"Async Capable": false,"Startup Cost": 40381.01,"Total Cost": 40382.80,"Plan Rows": 51,"Plan Width": 168,"Actual Startup Time": 2353.304,"Actual Total Time": 2480.698,"Actual Rows": 175,"Actual Loops": 3,"Group Key": ["nation.n_name", "(EXTRACT(year FROM orders.o_orderdate))"],"Workers": [],"Plans": [{"Node Type": "Sort","Parent Relationship": "Outer","Parallel Aware": false,"Async Capable": false,"Startup Cost": 40381.01,"Total Cost": 40381.14,"Plan Rows": 51,"Plan Width": 159,"Actual Startup Time": 2352.693,"Actual Total Time": 2396.159,"Actual Rows": 109229,"Actual Loops": 3,"Sort Key": ["nation.n_name", "(EXTRACT(year FROM orders.o_orderdate)) DESC"],"Sort Method": "quicksort","Sort Space Used": 13712,"Sort Space Type": "Memory","Workers": [{"Worker Number": 0,"Sort Method": "quicksort","Sort Space Used": 13695,"Sort Space Type": "Memory"},{"Worker Number": 1,"Sort Method": "quicksort","Sort Space Used": 14445,"Sort Space Type": "Memory"}],"Plans": [{"Node Type": "Hash Join","Parent Relationship": "Outer","Parallel Aware": false,"Async Capable": false,"Join Type": "Inner","Startup Cost": 3.13,"Total Cost": 40379.57,"Plan Rows": 51,"Plan Width": 159,"Actual Startup Time": 0.647,"Actual Total Time": 2203.600,"Actual Rows": 109229,"Actual Loops": 3,"Inner Unique": true,"Hash Cond": "(supplier.s_nationkey = nation.n_nationkey)","Workers": [],"Plans": [{"Node Type": "Nested Loop","Parent Relationship": "Outer","Parallel Aware": false,"Async Capable": false,"Join Type": "Inner","Startup Cost": 1.57,"Total Cost": 40377.72,"Plan Rows": 51,"Plan Width": 31,"Actual Startup Time": 0.487,"Actual Total Time": 2172.141,"Actual Rows": 109229,"Actual Loops": 3,"Inner Unique": true,"Workers": [],"Plans": [{"Node Type": "Nested Loop","Parent Relationship": "Outer","Parallel Aware": false,"Async Capable": false,"Join Type": "Inner","Startup Cost": 1.14,"Total Cost": 40354.00,"Plan Rows": 51,"Plan Width": 31,"Actual Startup Time": 0.369,"Actual Total Time": 1011.787,"Actual Rows": 109229,"Actual Loops": 3,"Inner Unique": true,"Workers": [],"Plans": [{"Node Type": "Nested Loop","Parent Relationship": "Outer","Parallel Aware": false,"Async Capable": false,"Join Type": "Inner","Startup Cost": 0.86,"Total Cost": 40338.56,"Plan Rows": 51,"Plan Width": 35,"Actual Startup Time": 0.277,"Actual Total Time": 825.152,"Actual Rows": 109229,"Actual Loops": 3,"Inner Unique": false,"Workers": [],"Plans": [{"Node Type": "Nested Loop","Parent Relationship": "Outer","Parallel Aware": false,"Async Capable": false,"Join Type": "Inner","Startup Cost": 0.42,"Total Cost": 22456.59,"Plan Rows": 16835,"Plan Width": 18,"Actual Startup Time": 0.156,"Actual Total Time": 114.451,"Actual Rows": 14521,"Actual Loops": 3,"Inner Unique": false,"Workers": [],"Plans": [{"Node Type": "Seq Scan","Parent Relationship": "Outer","Parallel Aware": true,"Async Capable": false,"Relation Name": "part","Alias": "part","Startup Cost": 0.00,"Total Cost": 5138.67,"Plan Rows": 4209,"Plan Width": 4,"Actual Startup Time": 0.051,"Actual Total Time": 48.691,"Actual Rows": 3630,"Actual Loops": 3,"Filter": "((p_name)::text ~~ '%mint%'::text)","Rows Removed by Filter": 63036,"Workers": []},{"Node Type": "Index Scan","Parent Relationship": "Inner","Parallel Aware": false,"Async Capable": false,"Scan Direction": "Forward","Index Name": "idx_partsupp_partkey","Relation Name": "partsupp","Alias": "partsupp","Startup Cost": 0.42,"Total Cost": 4.07,"Plan Rows": 4,"Plan Width": 14,"Actual Startup Time": 0.014,"Actual Total Time": 0.017,"Actual Rows": 4,"Actual Loops": 10891,"Index Cond": "(ps_partkey = part.p_partkey)","Rows Removed by Index Recheck": 0,"Workers": []}]},{"Node Type": "Index Scan","Parent Relationship": "Inner","Parallel Aware": false,"Async Capable": false,"Scan Direction": "Forward","Index Name": "idx_lineitem_part_supp","Relation Name": "lineitem","Alias": "lineitem","Startup Cost": 0.43,"Total Cost": 1.05,"Plan Rows": 1,"Plan Width": 29,"Actual Startup Time": 0.007,"Actual Total Time": 0.047,"Actual Rows": 8,"Actual Loops": 43564,"Index Cond": "((l_partkey = partsupp.ps_partkey) AND (l_suppkey = partsupp.ps_suppkey))","Rows Removed by Index Recheck": 0,"Workers": []}]},{"Node Type": "Index Scan","Parent Relationship": "Inner","Parallel Aware": false,"Async Capable": false,"Scan Direction": "Forward","Index Name": "supplier_pkey","Relation Name": "supplier","Alias": "supplier","Startup Cost": 0.29,"Total Cost": 0.30,"Plan Rows": 1,"Plan Width": 8,"Actual Startup Time": 0.001,"Actual Total Time": 0.001,"Actual Rows": 1,"Actual Loops": 327686,"Index Cond": "(s_suppkey = lineitem.l_suppkey)","Rows Removed by Index Recheck": 0,"Workers": []}]},{"Node Type": "Index Scan","Parent Relationship": "Inner","Parallel Aware": false,"Async Capable": false,"Scan Direction": "Forward","Index Name": "orders_pkey","Relation Name": "orders","Alias": "orders","Startup Cost": 0.43,"Total Cost": 0.47,"Plan Rows": 1,"Plan Width": 8,"Actual Startup Time": 0.010,"Actual Total Time": 0.010,"Actual Rows": 1,"Actual Loops": 327686,"Index Cond": "(o_orderkey = lineitem.l_orderkey)","Rows Removed by Index Recheck": 0,"Workers": []}]},{"Node Type": "Hash","Parent Relationship": "Inner","Parallel Aware": false,"Async Capable": false,"Startup Cost": 1.25,"Total Cost": 1.25,"Plan Rows": 25,"Plan Width": 108,"Actual Startup Time": 0.071,"Actual Total Time": 0.079,"Actual Rows": 25,"Actual Loops": 3,"Hash Buckets": 1024,"Original Hash Buckets": 1024,"Hash Batches": 1,"Original Hash Batches": 1,"Peak Memory Usage": 10,"Workers": [],"Plans": [{"Node Type": "Seq Scan","Parent Relationship": "Outer","Parallel Aware": false,"Async Capable": false,"Relation Name": "nation","Alias": "nation","Startup Cost": 0.00,"Total Cost": 1.25,"Plan Rows": 25,"Plan Width": 108,"Actual Startup Time": 0.043,"Actual Total Time": 0.050,"Actual Rows": 25,"Actual Loops": 3,"Workers": []}]}]}]}]}]}]},"Planning Time": 12.975,"Triggers": [],"Execution Time": 2581.261}]
[{"Plan": {"Node Type": "Aggregate","Strategy": "Sorted","Partial Mode": "Finalize","Parallel Aware": false,"Async Capable": false,"Startup Cost": 51920.12,"Total Cost": 51953.05,"Plan Rows": 219,"Plan Width": 168,"Actual Startup Time": 1721.654,"Actual Total Time": 1827.276,"Actual Rows": 175,"Actual Loops": 1,"Group Key": ["nation.n_name", "(EXTRACT(year FROM orders.o_orderdate))"],"Plans": [{"Node Type": "Gather Merge","Parent Relationship": "Outer","Parallel Aware": false,"Async Capable": false,"Startup Cost": 51920.12,"Total Cost": 51947.63,"Plan Rows": 213,"Plan Width": 168,"Actual Startup Time": 1720.222,"Actual Total Time": 1826.765,"Actual Rows": 700,"Actual Loops": 1,"Workers Planned": 3,"Workers Launched": 3,"Plans": [{"Node Type": "Aggregate","Strategy": "Sorted","Partial Mode": "Partial","Parent Relationship": "Outer","Parallel Aware": false,"Async Capable": false,"Startup Cost": 50920.08,"Total Cost": 50922.56,"Plan Rows": 71,"Plan Width": 168,"Actual Startup Time": 1650.749,"Actual Total Time": 1734.261,"Actual Rows": 175,"Actual Loops": 4,"Group Key": ["nation.n_name", "(EXTRACT(year FROM orders.o_orderdate))"],"Workers": [],"Plans": [{"Node Type": "Sort","Parent Relationship": "Outer","Parallel Aware": false,"Async Capable": false,"Startup Cost": 50920.08,"Total Cost": 50920.26,"Plan Rows": 71,"Plan Width": 159,"Actual Startup Time": 1650.366,"Actual Total Time": 1677.057,"Actual Rows": 80612,"Actual Loops": 4,"Sort Key": ["nation.n_name", "(EXTRACT(year FROM orders.o_orderdate)) DESC"],"Sort Method": "quicksort","Sort Space Used": 11250,"Sort Space Type": "Memory","Workers": [{"Worker Number": 0,"Sort Method": "quicksort","Sort Space Used": 11043,"Sort Space Type": "Memory"},{"Worker Number": 1,"Sort Method": "quicksort","Sort Space Used": 11082,"Sort Space Type": "Memory"},{"Worker Number": 2,"Sort Method": "quicksort","Sort Space Used": 11022,"Sort Space Type": "Memory"}],"Plans": [{"Node Type": "Hash Join","Parent Relationship": "Outer","Parallel Aware": false,"Async Capable": false,"Join Type": "Inner","Startup Cost": 5236.07,"Total Cost": 50917.89,"Plan Rows": 71,"Plan Width": 159,"Actual Startup Time": 23.103,"Actual Total Time": 1552.537,"Actual Rows": 80612,"Actual Loops": 4,"Inner Unique": true,"Hash Cond": "(supplier.s_nationkey = nation.n_nationkey)","Workers": [],"Plans": [{"Node Type": "Nested Loop","Parent Relationship": "Outer","Parallel Aware": false,"Async Capable": false,"Join Type": "Inner","Startup Cost": 5234.51,"Total Cost": 50915.94,"Plan Rows": 71,"Plan Width": 31,"Actual Startup Time": 22.948,"Actual Total Time": 1529.400,"Actual Rows": 80612,"Actual Loops": 4,"Inner Unique": true,"Workers": [],"Plans": [{"Node Type": "Nested Loop","Parent Relationship": "Outer","Parallel Aware": false,"Async Capable": false,"Join Type": "Inner","Startup Cost": 5234.08,"Total Cost": 50882.91,"Plan Rows": 71,"Plan Width": 31,"Actual Startup Time": 22.886,"Actual Total Time": 802.830,"Actual Rows": 80612,"Actual Loops": 4,"Inner Unique": true,"Workers": [],"Plans": [{"Node Type": "Nested Loop","Parent Relationship": "Outer","Parallel Aware": false,"Async Capable": false,"Join Type": "Inner","Startup Cost": 5233.80,"Total Cost": 50861.42,"Plan Rows": 71,"Plan Width": 35,"Actual Startup Time": 22.843,"Actual Total Time": 667.163,"Actual Rows": 80612,"Actual Loops": 4,"Inner Unique": false,"Workers": [],"Plans": [{"Node Type": "Hash Join","Parent Relationship": "Outer","Parallel Aware": true,"Async Capable": false,"Join Type": "Inner","Startup Cost": 5233.37,"Total Cost": 25942.44,"Plan Rows": 23460,"Plan Width": 18,"Actual Startup Time": 22.783,"Actual Total Time": 202.540,"Actual Rows": 10756,"Actual Loops": 4,"Inner Unique": true,"Hash Cond": "(partsupp.ps_partkey = part.p_partkey)","Workers": [],"Plans": [{"Node Type": "Seq Scan","Parent Relationship": "Outer","Parallel Aware": true,"Async Capable": false,"Relation Name": "partsupp","Alias": "partsupp","Startup Cost": 0.00,"Total Cost": 20031.65,"Plan Rows": 258065,"Plan Width": 14,"Actual Startup Time": 0.012,"Actual Total Time": 41.903,"Actual Rows": 200000,"Actual Loops": 4,"Workers": []},{"Node Type": "Hash","Parent Relationship": "Inner","Parallel Aware": true,"Async Capable": false,"Startup Cost": 5138.67,"Total Cost": 5138.67,"Plan Rows": 7576,"Plan Width": 4,"Actual Startup Time": 22.548,"Actual Total Time": 22.557,"Actual Rows": 2689,"Actual Loops": 4,"Hash Buckets": 32768,"Original Hash Buckets": 32768,"Hash Batches": 1,"Original Hash Batches": 1,"Peak Memory Usage": 704,"Workers": [],"Plans": [{"Node Type": "Seq Scan","Parent Relationship": "Outer","Parallel Aware": true,"Async Capable": false,"Relation Name": "part","Alias": "part","Startup Cost": 0.00,"Total Cost": 5138.67,"Plan Rows": 7576,"Plan Width": 4,"Actual Startup Time": 0.036,"Actual Total Time": 20.722,"Actual Rows": 2689,"Actual Loops": 4,"Filter": "((p_name)::text ~~ '%royal%'::text)","Rows Removed by Filter": 47311,"Workers": []}]}]},{"Node Type": "Index Scan","Parent Relationship": "Inner","Parallel Aware": false,"Async Capable": false,"Scan Direction": "Forward","Index Name": "idx_lineitem_part_supp","Relation Name": "lineitem","Alias": "lineitem","Startup Cost": 0.43,"Total Cost": 1.05,"Plan Rows": 1,"Plan Width": 29,"Actual Startup Time": 0.006,"Actual Total Time": 0.042,"Actual Rows": 7,"Actual Loops": 43024,"Index Cond": "((l_partkey = partsupp.ps_partkey) AND (l_suppkey = partsupp.ps_suppkey))","Rows Removed by Index Recheck": 0,"Workers": []}]},{"Node Type": "Index Scan","Parent Relationship": "Inner","Parallel Aware": false,"Async Capable": false,"Scan Direction": "Forward","Index Name": "supplier_pkey","Relation Name": "supplier","Alias": "supplier","Startup Cost": 0.29,"Total Cost": 0.30,"Plan Rows": 1,"Plan Width": 8,"Actual Startup Time": 0.001,"Actual Total Time": 0.001,"Actual Rows": 1,"Actual Loops": 322446,"Index Cond": "(s_suppkey = lineitem.l_suppkey)","Rows Removed by Index Recheck": 0,"Workers": []}]},{"Node Type": "Index Scan","Parent Relationship": "Inner","Parallel Aware": false,"Async Capable": false,"Scan Direction": "Forward","Index Name": "orders_pkey","Relation Name": "orders","Alias": "orders","Startup Cost": 0.43,"Total Cost": 0.47,"Plan Rows": 1,"Plan Width": 8,"Actual Startup Time": 0.009,"Actual Total Time": 0.009,"Actual Rows": 1,"Actual Loops": 322446,"Index Cond": "(o_orderkey = lineitem.l_orderkey)","Rows Removed by Index Recheck": 0,"Workers": []}]},{"Node Type": "Hash","Parent Relationship": "Inner","Parallel Aware": false,"Async Capable": false,"Startup Cost": 1.25,"Total Cost": 1.25,"Plan Rows": 25,"Plan Width": 108,"Actual Startup Time": 0.059,"Actual Total Time": 0.064,"Actual Rows": 25,"Actual Loops": 4,"Hash Buckets": 1024,"Original Hash Buckets": 1024,"Hash Batches": 1,"Original Hash Batches": 1,"Peak Memory Usage": 10,"Workers": [],"Plans": [{"Node Type": "Seq Scan","Parent Relationship": "Outer","Parallel Aware": false,"Async Capable": false,"Relation Name": "nation","Alias": "nation","Startup Cost": 0.00,"Total Cost": 1.25,"Plan Rows": 25,"Plan Width": 108,"Actual Startup Time": 0.039,"Actual Total Time": 0.043,"Actual Rows": 25,"Actual Loops": 4,"Workers": []}]}]}]}]}]}]},"Planning Time": 12.321,"Triggers": [],"Execution Time": 1830.725}]
[{"Plan": {"Node Type": "Aggregate","Strategy": "Sorted","Partial Mode": "Finalize","Parallel Aware": false,"Async Capable": false,"Startup Cost": 28858.40,"Total Cost": 28868.07,"Plan Rows": 73,"Plan Width": 168,"Actual Startup Time": 2429.484,"Actual Total Time": 2565.453,"Actual Rows": 175,"Actual Loops": 1,"Group Key": ["nation.n_name", "(EXTRACT(year FROM orders.o_orderdate))"],"Plans": [{"Node Type": "Gather Merge","Parent Relationship": "Outer","Parallel Aware": false,"Async Capable": false,"Startup Cost": 28858.40,"Total Cost": 28866.38,"Plan Rows": 60,"Plan Width": 168,"Actual Startup Time": 2427.372,"Actual Total Time": 2564.947,"Actual Rows": 525,"Actual Loops": 1,"Workers Planned": 2,"Workers Launched": 2,"Plans": [{"Node Type": "Aggregate","Strategy": "Sorted","Partial Mode": "Partial","Parent Relationship": "Outer","Parallel Aware": false,"Async Capable": false,"Startup Cost": 27858.38,"Total Cost": 27859.43,"Plan Rows": 30,"Plan Width": 168,"Actual Startup Time": 2302.543,"Actual Total Time": 2425.776,"Actual Rows": 175,"Actual Loops": 3,"Group Key": ["nation.n_name", "(EXTRACT(year FROM orders.o_orderdate))"],"Workers": [],"Plans": [{"Node Type": "Sort","Parent Relationship": "Outer","Parallel Aware": false,"Async Capable": false,"Startup Cost": 27858.38,"Total Cost": 27858.46,"Plan Rows": 30,"Plan Width": 159,"Actual Startup Time": 2301.927,"Actual Total Time": 2343.346,"Actual Rows": 109583,"Actual Loops": 3,"Sort Key": ["nation.n_name", "(EXTRACT(year FROM orders.o_orderdate)) DESC"],"Sort Method": "quicksort","Sort Space Used": 13696,"Sort Space Type": "Memory","Workers": [{"Worker Number": 0,"Sort Method": "quicksort","Sort Space Used": 14018,"Sort Space Type": "Memory"},{"Worker Number": 1,"Sort Method": "quicksort","Sort Space Used": 14244,"Sort Space Type": "Memory"}],"Plans": [{"Node Type": "Hash Join","Parent Relationship": "Outer","Parallel Aware": false,"Async Capable": false,"Join Type": "Inner","Startup Cost": 3.13,"Total Cost": 27857.64,"Plan Rows": 30,"Plan Width": 159,"Actual Startup Time": 0.607,"Actual Total Time": 2151.913,"Actual Rows": 109583,"Actual Loops": 3,"Inner Unique": true,"Hash Cond": "(supplier.s_nationkey = nation.n_nationkey)","Workers": [],"Plans": [{"Node Type": "Nested Loop","Parent Relationship": "Outer","Parallel Aware": false,"Async Capable": false,"Join Type": "Inner","Startup Cost": 1.57,"Total Cost": 27855.92,"Plan Rows": 30,"Plan Width": 31,"Actual Startup Time": 0.460,"Actual Total Time": 2120.412,"Actual Rows": 109583,"Actual Loops": 3,"Inner Unique": true,"Workers": [],"Plans": [{"Node Type": "Nested Loop","Parent Relationship": "Outer","Parallel Aware": false,"Async Capable": false,"Join Type": "Inner","Startup Cost": 1.14,"Total Cost": 27841.96,"Plan Rows": 30,"Plan Width": 31,"Actual Startup Time": 0.341,"Actual Total Time": 990.093,"Actual Rows": 109583,"Actual Loops": 3,"Inner Unique": true,"Workers": [],"Plans": [{"Node Type": "Nested Loop","Parent Relationship": "Outer","Parallel Aware": false,"Async Capable": false,"Join Type": "Inner","Startup Cost": 0.86,"Total Cost": 27832.88,"Plan Rows": 30,"Plan Width": 35,"Actual Startup Time": 0.270,"Actual Total Time": 805.529,"Actual Rows": 109583,"Actual Loops": 3,"Inner Unique": false,"Workers": [],"Plans": [{"Node Type": "Nested Loop","Parent Relationship": "Outer","Parallel Aware": false,"Async Capable": false,"Join Type": "Inner","Startup Cost": 0.42,"Total Cost": 17103.70,"Plan Rows": 10101,"Plan Width": 18,"Actual Startup Time": 0.172,"Actual Total Time": 119.406,"Actual Rows": 14584,"Actual Loops": 3,"Inner Unique": false,"Workers": [],"Plans": [{"Node Type": "Seq Scan","Parent Relationship": "Outer","Parallel Aware": true,"Async Capable": false,"Relation Name": "part","Alias": "part","Startup Cost": 0.00,"Total Cost": 5138.67,"Plan Rows": 2525,"Plan Width": 4,"Actual Startup Time": 0.054,"Actual Total Time": 51.261,"Actual Rows": 3646,"Actual Loops": 3,"Filter": "((p_name)::text ~~ '%drab%'::text)","Rows Removed by Filter": 63021,"Workers": []},{"Node Type": "Index Scan","Parent Relationship": "Inner","Parallel Aware": false,"Async Capable": false,"Scan Direction": "Forward","Index Name": "idx_partsupp_partkey","Relation Name": "partsupp","Alias": "partsupp","Startup Cost": 0.42,"Total Cost": 4.70,"Plan Rows": 4,"Plan Width": 14,"Actual Startup Time": 0.014,"Actual Total Time": 0.018,"Actual Rows": 4,"Actual Loops": 10938,"Index Cond": "(ps_partkey = part.p_partkey)","Rows Removed by Index Recheck": 0,"Workers": []}]},{"Node Type": "Index Scan","Parent Relationship": "Inner","Parallel Aware": false,"Async Capable": false,"Scan Direction": "Forward","Index Name": "idx_lineitem_part_supp","Relation Name": "lineitem","Alias": "lineitem","Startup Cost": 0.43,"Total Cost": 1.05,"Plan Rows": 1,"Plan Width": 29,"Actual Startup Time": 0.007,"Actual Total Time": 0.045,"Actual Rows": 8,"Actual Loops": 43752,"Index Cond": "((l_partkey = partsupp.ps_partkey) AND (l_suppkey = partsupp.ps_suppkey))","Rows Removed by Index Recheck": 0,"Workers": []}]},{"Node Type": "Index Scan","Parent Relationship": "Inner","Parallel Aware": false,"Async Capable": false,"Scan Direction": "Forward","Index Name": "supplier_pkey","Relation Name": "supplier","Alias": "supplier","Startup Cost": 0.29,"Total Cost": 0.30,"Plan Rows": 1,"Plan Width": 8,"Actual Startup Time": 0.001,"Actual Total Time": 0.001,"Actual Rows": 1,"Actual Loops": 328749,"Index Cond": "(s_suppkey = lineitem.l_suppkey)","Rows Removed by Index Recheck": 0,"Workers": []}]},{"Node Type": "Index Scan","Parent Relationship": "Inner","Parallel Aware": false,"Async Capable": false,"Scan Direction": "Forward","Index Name": "orders_pkey","Relation Name": "orders","Alias": "orders","Startup Cost": 0.43,"Total Cost": 0.47,"Plan Rows": 1,"Plan Width": 8,"Actual Startup Time": 0.010,"Actual Total Time": 0.010,"Actual Rows": 1,"Actual Loops": 328749,"Index Cond": "(o_orderkey = lineitem.l_orderkey)","Rows Removed by Index Recheck": 0,"Workers": []}]},{"Node Type": "Hash","Parent Relationship": "Inner","Parallel Aware": false,"Async Capable": false,"Startup Cost": 1.25,"Total Cost": 1.25,"Plan Rows": 25,"Plan Width": 108,"Actual Startup Time": 0.072,"Actual Total Time": 0.091,"Actual Rows": 25,"Actual Loops": 3,"Hash Buckets": 1024,"Original Hash Buckets": 1024,"Hash Batches": 1,"Original Hash Batches": 1,"Peak Memory Usage": 10,"Workers": [],"Plans": [{"Node Type": "Seq Scan","Parent Relationship": "Outer","Parallel Aware": false,"Async Capable": false,"Relation Name": "nation","Alias": "nation","Startup Cost": 0.00,"Total Cost": 1.25,"Plan Rows": 25,"Plan Width": 108,"Actual Startup Time": 0.048,"Actual Total Time": 0.059,"Actual Rows": 25,"Actual Loops": 3,"Workers": []}]}]}]}]}]}]},"Planning Time": 12.042,"Triggers": [],"Execution Time": 2567.199}]
[{"Plan": {"Node Type": "Aggregate","Strategy": "Sorted","Partial Mode": "Finalize","Parallel Aware": false,"Async Capable": false,"Startup Cost": 28858.40,"Total Cost": 28868.07,"Plan Rows": 73,"Plan Width": 168,"Actual Startup Time": 2433.385,"Actual Total Time": 2598.575,"Actual Rows": 175,"Actual Loops": 1,"Group Key": ["nation.n_name", "(EXTRACT(year FROM orders.o_orderdate))"],"Plans": [{"Node Type": "Gather Merge","Parent Relationship": "Outer","Parallel Aware": false,"Async Capable": false,"Startup Cost": 28858.40,"Total Cost": 28866.38,"Plan Rows": 60,"Plan Width": 168,"Actual Startup Time": 2431.438,"Actual Total Time": 2598.048,"Actual Rows": 525,"Actual Loops": 1,"Workers Planned": 2,"Workers Launched": 2,"Plans": [{"Node Type": "Aggregate","Strategy": "Sorted","Partial Mode": "Partial","Parent Relationship": "Outer","Parallel Aware": false,"Async Capable": false,"Startup Cost": 27858.38,"Total Cost": 27859.43,"Plan Rows": 30,"Plan Width": 168,"Actual Startup Time": 2301.530,"Actual Total Time": 2432.114,"Actual Rows": 175,"Actual Loops": 3,"Group Key": ["nation.n_name", "(EXTRACT(year FROM orders.o_orderdate))"],"Workers": [],"Plans": [{"Node Type": "Sort","Parent Relationship": "Outer","Parallel Aware": false,"Async Capable": false,"Startup Cost": 27858.38,"Total Cost": 27858.46,"Plan Rows": 30,"Plan Width": 159,"Actual Startup Time": 2300.992,"Actual Total Time": 2347.199,"Actual Rows": 108766,"Actual Loops": 3,"Sort Key": ["nation.n_name", "(EXTRACT(year FROM orders.o_orderdate)) DESC"],"Sort Method": "quicksort","Sort Space Used": 13491,"Sort Space Type": "Memory","Workers": [{"Worker Number": 0,"Sort Method": "quicksort","Sort Space Used": 14063,"Sort Space Type": "Memory"},{"Worker Number": 1,"Sort Method": "quicksort","Sort Space Used": 14152,"Sort Space Type": "Memory"}],"Plans": [{"Node Type": "Hash Join","Parent Relationship": "Outer","Parallel Aware": false,"Async Capable": false,"Join Type": "Inner","Startup Cost": 3.13,"Total Cost": 27857.64,"Plan Rows": 30,"Plan Width": 159,"Actual Startup Time": 0.556,"Actual Total Time": 2149.836,"Actual Rows": 108766,"Actual Loops": 3,"Inner Unique": true,"Hash Cond": "(supplier.s_nationkey = nation.n_nationkey)","Workers": [],"Plans": [{"Node Type": "Nested Loop","Parent Relationship": "Outer","Parallel Aware": false,"Async Capable": false,"Join Type": "Inner","Startup Cost": 1.57,"Total Cost": 27855.92,"Plan Rows": 30,"Plan Width": 31,"Actual Startup Time": 0.420,"Actual Total Time": 2117.705,"Actual Rows": 108766,"Actual Loops": 3,"Inner Unique": true,"Workers": [],"Plans": [{"Node Type": "Nested Loop","Parent Relationship": "Outer","Parallel Aware": false,"Async Capable": false,"Join Type": "Inner","Startup Cost": 1.14,"Total Cost": 27841.96,"Plan Rows": 30,"Plan Width": 31,"Actual Startup Time": 0.326,"Actual Total Time": 987.272,"Actual Rows": 108766,"Actual Loops": 3,"Inner Unique": true,"Workers": [],"Plans": [{"Node Type": "Nested Loop","Parent Relationship": "Outer","Parallel Aware": false,"Async Capable": false,"Join Type": "Inner","Startup Cost": 0.86,"Total Cost": 27832.88,"Plan Rows": 30,"Plan Width": 35,"Actual Startup Time": 0.242,"Actual Total Time": 803.252,"Actual Rows": 108766,"Actual Loops": 3,"Inner Unique": false,"Workers": [],"Plans": [{"Node Type": "Nested Loop","Parent Relationship": "Outer","Parallel Aware": false,"Async Capable": false,"Join Type": "Inner","Startup Cost": 0.42,"Total Cost": 17103.70,"Plan Rows": 10101,"Plan Width": 18,"Actual Startup Time": 0.158,"Actual Total Time": 119.708,"Actual Rows": 14507,"Actual Loops": 3,"Inner Unique": false,"Workers": [],"Plans": [{"Node Type": "Seq Scan","Parent Relationship": "Outer","Parallel Aware": true,"Async Capable": false,"Relation Name": "part","Alias": "part","Startup Cost": 0.00,"Total Cost": 5138.67,"Plan Rows": 2525,"Plan Width": 4,"Actual Startup Time": 0.041,"Actual Total Time": 51.865,"Actual Rows": 3627,"Actual Loops": 3,"Filter": "((p_name)::text ~~ '%azure%'::text)","Rows Removed by Filter": 63040,"Workers": []},{"Node Type": "Index Scan","Parent Relationship": "Inner","Parallel Aware": false,"Async Capable": false,"Scan Direction": "Forward","Index Name": "idx_partsupp_partkey","Relation Name": "partsupp","Alias": "partsupp","Startup Cost": 0.42,"Total Cost": 4.70,"Plan Rows": 4,"Plan Width": 14,"Actual Startup Time": 0.014,"Actual Total Time": 0.018,"Actual Rows": 4,"Actual Loops": 10880,"Index Cond": "(ps_partkey = part.p_partkey)","Rows Removed by Index Recheck": 0,"Workers": []}]},{"Node Type": "Index Scan","Parent Relationship": "Inner","Parallel Aware": false,"Async Capable": false,"Scan Direction": "Forward","Index Name": "idx_lineitem_part_supp","Relation Name": "lineitem","Alias": "lineitem","Startup Cost": 0.43,"Total Cost": 1.05,"Plan Rows": 1,"Plan Width": 29,"Actual Startup Time": 0.007,"Actual Total Time": 0.045,"Actual Rows": 7,"Actual Loops": 43520,"Index Cond": "((l_partkey = partsupp.ps_partkey) AND (l_suppkey = partsupp.ps_suppkey))","Rows Removed by Index Recheck": 0,"Workers": []}]},{"Node Type": "Index Scan","Parent Relationship": "Inner","Parallel Aware": false,"Async Capable": false,"Scan Direction": "Forward","Index Name": "supplier_pkey","Relation Name": "supplier","Alias": "supplier","Startup Cost": 0.29,"Total Cost": 0.30,"Plan Rows": 1,"Plan Width": 8,"Actual Startup Time": 0.001,"Actual Total Time": 0.001,"Actual Rows": 1,"Actual Loops": 326297,"Index Cond": "(s_suppkey = lineitem.l_suppkey)","Rows Removed by Index Recheck": 0,"Workers": []}]},{"Node Type": "Index Scan","Parent Relationship": "Inner","Parallel Aware": false,"Async Capable": false,"Scan Direction": "Forward","Index Name": "orders_pkey","Relation Name": "orders","Alias": "orders","Startup Cost": 0.43,"Total Cost": 0.47,"Plan Rows": 1,"Plan Width": 8,"Actual Startup Time": 0.010,"Actual Total Time": 0.010,"Actual Rows": 1,"Actual Loops": 326297,"Index Cond": "(o_orderkey = lineitem.l_orderkey)","Rows Removed by Index Recheck": 0,"Workers": []}]},{"Node Type": "Hash","Parent Relationship": "Inner","Parallel Aware": false,"Async Capable": false,"Startup Cost": 1.25,"Total Cost": 1.25,"Plan Rows": 25,"Plan Width": 108,"Actual Startup Time": 0.059,"Actual Total Time": 0.066,"Actual Rows": 25,"Actual Loops": 3,"Hash Buckets": 1024,"Original Hash Buckets": 1024,"Hash Batches": 1,"Original Hash Batches": 1,"Peak Memory Usage": 10,"Workers": [],"Plans": [{"Node Type": "Seq Scan","Parent Relationship": "Outer","Parallel Aware": false,"Async Capable": false,"Relation Name": "nation","Alias": "nation","Startup Cost": 0.00,"Total Cost": 1.25,"Plan Rows": 25,"Plan Width": 108,"Actual Startup Time": 0.042,"Actual Total Time": 0.046,"Actual Rows": 25,"Actual Loops": 3,"Workers": []}]}]}]}]}]}]},"Planning Time": 11.434,"Triggers": [],"Execution Time": 2600.707}]
[{"Plan": {"Node Type": "Aggregate","Strategy": "Sorted","Partial Mode": "Finalize","Parallel Aware": false,"Async Capable": false,"Startup Cost": 46348.90,"Total Cost": 46374.41,"Plan Rows": 170,"Plan Width": 168,"Actual Startup Time": 1723.493,"Actual Total Time": 1859.527,"Actual Rows": 175,"Actual Loops": 1,"Group Key": ["nation.n_name", "(EXTRACT(year FROM orders.o_orderdate))"],"Plans": [{"Node Type": "Gather Merge","Parent Relationship": "Outer","Parallel Aware": false,"Async Capable": false,"Startup Cost": 46348.90,"Total Cost": 46370.21,"Plan Rows": 165,"Plan Width": 168,"Actual Startup Time": 1722.182,"Actual Total Time": 1859.079,"Actual Rows": 700,"Actual Loops": 1,"Workers Planned": 3,"Workers Launched": 3,"Plans": [{"Node Type": "Aggregate","Strategy": "Sorted","Partial Mode": "Partial","Parent Relationship": "Outer","Parallel Aware": false,"Async Capable": false,"Startup Cost": 45348.86,"Total Cost": 45350.79,"Plan Rows": 55,"Plan Width": 168,"Actual Startup Time": 1656.882,"Actual Total Time": 1751.105,"Actual Rows": 175,"Actual Loops": 4,"Group Key": ["nation.n_name", "(EXTRACT(year FROM orders.o_orderdate))"],"Workers": [],"Plans": [{"Node Type": "Sort","Parent Relationship": "Outer","Parallel Aware": false,"Async Capable": false,"Startup Cost": 45348.86,"Total Cost": 45349.00,"Plan Rows": 55,"Plan Width": 159,"Actual Startup Time": 1656.482,"Actual Total Time": 1688.020,"Actual Rows": 82329,"Actual Loops": 4,"Sort Key": ["nation.n_name", "(EXTRACT(year FROM orders.o_orderdate)) DESC"],"Sort Method": "quicksort","Sort Space Used": 11581,"Sort Space Type": "Memory","Workers": [{"Worker Number": 0,"Sort Method": "quicksort","Sort Space Used": 11149,"Sort Space Type": "Memory"},{"Worker Number": 1,"Sort Method": "quicksort","Sort Space Used": 11206,"Sort Space Type": "Memory"},{"Worker Number": 2,"Sort Method": "quicksort","Sort Space Used": 11149,"Sort Space Type": "Memory"}],"Plans": [{"Node Type": "Hash Join","Parent Relationship": "Outer","Parallel Aware": false,"Async Capable": false,"Join Type": "Inner","Startup Cost": 5215.02,"Total Cost": 45347.27,"Plan Rows": 55,"Plan Width": 159,"Actual Startup Time": 22.822,"Actual Total Time": 1557.570,"Actual Rows": 82329,"Actual Loops": 4,"Inner Unique": true,"Hash Cond": "(supplier.s_nationkey = nation.n_nationkey)","Workers": [],"Plans": [{"Node Type": "Nested Loop","Parent Relationship": "Outer","Parallel Aware": false,"Async Capable": false,"Join Type": "Inner","Startup Cost": 5213.46,"Total Cost": 45345.40,"Plan Rows": 55,"Plan Width": 31,"Actual Startup Time": 22.599,"Actual Total Time": 1533.905,"Actual Rows": 82329,"Actual Loops": 4,"Inner Unique": true,"Workers": [],"Plans": [{"Node Type": "Nested Loop","Parent Relationship": "Outer","Parallel Aware": false,"Async Capable": false,"Join Type": "Inner","Startup Cost": 5213.03,"Total Cost": 45319.82,"Plan Rows": 55,"Plan Width": 31,"Actual Startup Time": 22.531,"Actual Total Time": 799.967,"Actual Rows": 82329,"Actual Loops": 4,"Inner Unique": true,"Workers": [],"Plans": [{"Node Type": "Nested Loop","Parent Relationship": "Outer","Parallel Aware": false,"Async Capable": false,"Join Type": "Inner","Startup Cost": 5212.75,"Total Cost": 45303.17,"Plan Rows": 55,"Plan Width": 35,"Actual Startup Time": 22.487,"Actual Total Time": 661.259,"Actual Rows": 82329,"Actual Loops": 4,"Inner Unique": false,"Workers": [],"Plans": [{"Node Type": "Hash Join","Parent Relationship": "Outer","Parallel Aware": true,"Async Capable": false,"Join Type": "Inner","Startup Cost": 5212.32,"Total Cost": 25921.39,"Plan Rows": 18247,"Plan Width": 18,"Actual Startup Time": 22.414,"Actual Total Time": 195.633,"Actual Rows": 10963,"Actual Loops": 4,"Inner Unique": true,"Hash Cond": "(partsupp.ps_partkey = part.p_partkey)","Workers": [],"Plans": [{"Node Type": "Seq Scan","Parent Relationship": "Outer","Parallel Aware": true,"Async Capable": false,"Relation Name": "partsupp","Alias": "partsupp","Startup Cost": 0.00,"Total Cost": 20031.65,"Plan Rows": 258065,"Plan Width": 14,"Actual Startup Time": 0.017,"Actual Total Time": 41.561,"Actual Rows": 200000,"Actual Loops": 4,"Workers": []},{"Node Type": "Hash","Parent Relationship": "Inner","Parallel Aware": true,"Async Capable": false,"Startup Cost": 5138.67,"Total Cost": 5138.67,"Plan Rows": 5892,"Plan Width": 4,"Actual Startup Time": 22.190,"Actual Total Time": 22.200,"Actual Rows": 2741,"Actual Loops": 4,"Hash Buckets": 16384,"Original Hash Buckets": 16384,"Hash Batches": 1,"Original Hash Batches": 1,"Peak Memory Usage": 608,"Workers": [],"Plans": [{"Node Type": "Seq Scan","Parent Relationship": "Outer","Parallel Aware": true,"Async Capable": false,"Relation Name": "part","Alias": "part","Startup Cost": 0.00,"Total Cost": 5138.67,"Plan Rows": 5892,"Plan Width": 4,"Actual Startup Time": 0.074,"Actual Total Time": 20.472,"Actual Rows": 2741,"Actual Loops": 4,"Filter": "((p_name)::text ~~ '%maroon%'::text)","Rows Removed by Filter": 47259,"Workers": []}]}]},{"Node Type": "Index Scan","Parent Relationship": "Inner","Parallel Aware": false,"Async Capable": false,"Scan Direction": "Forward","Index Name": "idx_lineitem_part_supp","Relation Name": "lineitem","Alias": "lineitem","Startup Cost": 0.43,"Total Cost": 1.05,"Plan Rows": 1,"Plan Width": 29,"Actual Startup Time": 0.006,"Actual Total Time": 0.041,"Actual Rows": 8,"Actual Loops": 43852,"Index Cond": "((l_partkey = partsupp.ps_partkey) AND (l_suppkey = partsupp.ps_suppkey))","Rows Removed by Index Recheck": 0,"Workers": []}]},{"Node Type": "Index Scan","Parent Relationship": "Inner","Parallel Aware": false,"Async Capable": false,"Scan Direction": "Forward","Index Name": "supplier_pkey","Relation Name": "supplier","Alias": "supplier","Startup Cost": 0.29,"Total Cost": 0.30,"Plan Rows": 1,"Plan Width": 8,"Actual Startup Time": 0.001,"Actual Total Time": 0.001,"Actual Rows": 1,"Actual Loops": 329315,"Index Cond": "(s_suppkey = lineitem.l_suppkey)","Rows Removed by Index Recheck": 0,"Workers": []}]},{"Node Type": "Index Scan","Parent Relationship": "Inner","Parallel Aware": false,"Async Capable": false,"Scan Direction": "Forward","Index Name": "orders_pkey","Relation Name": "orders","Alias": "orders","Startup Cost": 0.43,"Total Cost": 0.47,"Plan Rows": 1,"Plan Width": 8,"Actual Startup Time": 0.009,"Actual Total Time": 0.009,"Actual Rows": 1,"Actual Loops": 329315,"Index Cond": "(o_orderkey = lineitem.l_orderkey)","Rows Removed by Index Recheck": 0,"Workers": []}]},{"Node Type": "Hash","Parent Relationship": "Inner","Parallel Aware": false,"Async Capable": false,"Startup Cost": 1.25,"Total Cost": 1.25,"Plan Rows": 25,"Plan Width": 108,"Actual Startup Time": 0.106,"Actual Total Time": 0.111,"Actual Rows": 25,"Actual Loops": 4,"Hash Buckets": 1024,"Original Hash Buckets": 1024,"Hash Batches": 1,"Original Hash Batches": 1,"Peak Memory Usage": 10,"Workers": [],"Plans": [{"Node Type": "Seq Scan","Parent Relationship": "Outer","Parallel Aware": false,"Async Capable": false,"Relation Name": "nation","Alias": "nation","Startup Cost": 0.00,"Total Cost": 1.25,"Plan Rows": 25,"Plan Width": 108,"Actual Startup Time": 0.074,"Actual Total Time": 0.080,"Actual Rows": 25,"Actual Loops": 4,"Workers": []}]}]}]}]}]}]},"Planning Time": 11.867,"Triggers": [],"Execution Time": 1860.481}]
[{"Plan": {"Node Type": "Aggregate","Strategy": "Sorted","Partial Mode": "Finalize","Parallel Aware": false,"Async Capable": false,"Startup Cost": 46348.90,"Total Cost": 46374.41,"Plan Rows": 170,"Plan Width": 168,"Actual Startup Time": 1721.273,"Actual Total Time": 1854.515,"Actual Rows": 175,"Actual Loops": 1,"Group Key": ["nation.n_name", "(EXTRACT(year FROM orders.o_orderdate))"],"Plans": [{"Node Type": "Gather Merge","Parent Relationship": "Outer","Parallel Aware": false,"Async Capable": false,"Startup Cost": 46348.90,"Total Cost": 46370.21,"Plan Rows": 165,"Plan Width": 168,"Actual Startup Time": 1719.350,"Actual Total Time": 1854.023,"Actual Rows": 700,"Actual Loops": 1,"Workers Planned": 3,"Workers Launched": 3,"Plans": [{"Node Type": "Aggregate","Strategy": "Sorted","Partial Mode": "Partial","Parent Relationship": "Outer","Parallel Aware": false,"Async Capable": false,"Startup Cost": 45348.86,"Total Cost": 45350.79,"Plan Rows": 55,"Plan Width": 168,"Actual Startup Time": 1646.442,"Actual Total Time": 1738.929,"Actual Rows": 175,"Actual Loops": 4,"Group Key": ["nation.n_name", "(EXTRACT(year FROM orders.o_orderdate))"],"Workers": [],"Plans": [{"Node Type": "Sort","Parent Relationship": "Outer","Parallel Aware": false,"Async Capable": false,"Startup Cost": 45348.86,"Total Cost": 45349.00,"Plan Rows": 55,"Plan Width": 159,"Actual Startup Time": 1645.906,"Actual Total Time": 1677.663,"Actual Rows": 81262,"Actual Loops": 4,"Sort Key": ["nation.n_name", "(EXTRACT(year FROM orders.o_orderdate)) DESC"],"Sort Method": "quicksort","Sort Space Used": 11306,"Sort Space Type": "Memory","Workers": [{"Worker Number": 0,"Sort Method": "quicksort","Sort Space Used": 11205,"Sort Space Type": "Memory"},{"Worker Number": 1,"Sort Method": "quicksort","Sort Space Used": 11072,"Sort Space Type": "Memory"},{"Worker Number": 2,"Sort Method": "quicksort","Sort Space Used": 11071,"Sort Space Type": "Memory"}],"Plans": [{"Node Type": "Hash Join","Parent Relationship": "Outer","Parallel Aware": false,"Async Capable": false,"Join Type": "Inner","Startup Cost": 5215.02,"Total Cost": 45347.27,"Plan Rows": 55,"Plan Width": 159,"Actual Startup Time": 21.234,"Actual Total Time": 1544.257,"Actual Rows": 81262,"Actual Loops": 4,"Inner Unique": true,"Hash Cond": "(supplier.s_nationkey = nation.n_nationkey)","Workers": [],"Plans": [{"Node Type": "Nested Loop","Parent Relationship": "Outer","Parallel Aware": false,"Async Capable": false,"Join Type": "Inner","Startup Cost": 5213.46,"Total Cost": 45345.40,"Plan Rows": 55,"Plan Width": 31,"Actual Startup Time": 21.038,"Actual Total Time": 1520.991,"Actual Rows": 81262,"Actual Loops": 4,"Inner Unique": true,"Workers": [],"Plans": [{"Node Type": "Nested Loop","Parent Relationship": "Outer","Parallel Aware": false,"Async Capable": false,"Join Type": "Inner","Startup Cost": 5213.03,"Total Cost": 45319.82,"Plan Rows": 55,"Plan Width": 31,"Actual Startup Time": 20.972,"Actual Total Time": 791.083,"Actual Rows": 81262,"Actual Loops": 4,"Inner Unique": true,"Workers": [],"Plans": [{"Node Type": "Nested Loop","Parent Relationship": "Outer","Parallel Aware": false,"Async Capable": false,"Join Type": "Inner","Startup Cost": 5212.75,"Total Cost": 45303.17,"Plan Rows": 55,"Plan Width": 35,"Actual Startup Time": 20.917,"Actual Total Time": 653.989,"Actual Rows": 81262,"Actual Loops": 4,"Inner Unique": false,"Workers": [],"Plans": [{"Node Type": "Hash Join","Parent Relationship": "Outer","Parallel Aware": true,"Async Capable": false,"Join Type": "Inner","Startup Cost": 5212.32,"Total Cost": 25921.39,"Plan Rows": 18247,"Plan Width": 18,"Actual Startup Time": 20.846,"Actual Total Time": 195.804,"Actual Rows": 10838,"Actual Loops": 4,"Inner Unique": true,"Hash Cond": "(partsupp.ps_partkey = part.p_partkey)","Workers": [],"Plans": [{"Node Type": "Seq Scan","Parent Relationship": "Outer","Parallel Aware": true,"Async Capable": false,"Relation Name": "partsupp","Alias": "partsupp","Startup Cost": 0.00,"Total Cost": 20031.65,"Plan Rows": 258065,"Plan Width": 14,"Actual Startup Time": 0.011,"Actual Total Time": 42.921,"Actual Rows": 200000,"Actual Loops": 4,"Workers": []},{"Node Type": "Hash","Parent Relationship": "Inner","Parallel Aware": true,"Async Capable": false,"Startup Cost": 5138.67,"Total Cost": 5138.67,"Plan Rows": 5892,"Plan Width": 4,"Actual Startup Time": 20.643,"Actual Total Time": 20.652,"Actual Rows": 2710,"Actual Loops": 4,"Hash Buckets": 16384,"Original Hash Buckets": 16384,"Hash Batches": 1,"Original Hash Batches": 1,"Peak Memory Usage": 608,"Workers": [],"Plans": [{"Node Type": "Seq Scan","Parent Relationship": "Outer","Parallel Aware": true,"Async Capable": false,"Relation Name": "part","Alias": "part","Startup Cost": 0.00,"Total Cost": 5138.67,"Plan Rows": 5892,"Plan Width": 4,"Actual Startup Time": 0.061,"Actual Total Time": 19.025,"Actual Rows": 2710,"Actual Loops": 4,"Filter": "((p_name)::text ~~ '%burnished%'::text)","Rows Removed by Filter": 47290,"Workers": []}]}]},{"Node Type": "Index Scan","Parent Relationship": "Inner","Parallel Aware": false,"Async Capable": false,"Scan Direction": "Forward","Index Name": "idx_lineitem_part_supp","Relation Name": "lineitem","Alias": "lineitem","Startup Cost": 0.43,"Total Cost": 1.05,"Plan Rows": 1,"Plan Width": 29,"Actual Startup Time": 0.006,"Actual Total Time": 0.041,"Actual Rows": 7,"Actual Loops": 43352,"Index Cond": "((l_partkey = partsupp.ps_partkey) AND (l_suppkey = partsupp.ps_suppkey))","Rows Removed by Index Recheck": 0,"Workers": []}]},{"Node Type": "Index Scan","Parent Relationship": "Inner","Parallel Aware": false,"Async Capable": false,"Scan Direction": "Forward","Index Name": "supplier_pkey","Relation Name": "supplier","Alias": "supplier","Startup Cost": 0.29,"Total Cost": 0.30,"Plan Rows": 1,"Plan Width": 8,"Actual Startup Time": 0.001,"Actual Total Time": 0.001,"Actual Rows": 1,"Actual Loops": 325050,"Index Cond": "(s_suppkey = lineitem.l_suppkey)","Rows Removed by Index Recheck": 0,"Workers": []}]},{"Node Type": "Index Scan","Parent Relationship": "Inner","Parallel Aware": false,"Async Capable": false,"Scan Direction": "Forward","Index Name": "orders_pkey","Relation Name": "orders","Alias": "orders","Startup Cost": 0.43,"Total Cost": 0.47,"Plan Rows": 1,"Plan Width": 8,"Actual Startup Time": 0.009,"Actual Total Time": 0.009,"Actual Rows": 1,"Actual Loops": 325050,"Index Cond": "(o_orderkey = lineitem.l_orderkey)","Rows Removed by Index Recheck": 0,"Workers": []}]},{"Node Type": "Hash","Parent Relationship": "Inner","Parallel Aware": false,"Async Capable": false,"Startup Cost": 1.25,"Total Cost": 1.25,"Plan Rows": 25,"Plan Width": 108,"Actual Startup Time": 0.087,"Actual Total Time": 0.092,"Actual Rows": 25,"Actual Loops": 4,"Hash Buckets": 1024,"Original Hash Buckets": 1024,"Hash Batches": 1,"Original Hash Batches": 1,"Peak Memory Usage": 10,"Workers": [],"Plans": [{"Node Type": "Seq Scan","Parent Relationship": "Outer","Parallel Aware": false,"Async Capable": false,"Relation Name": "nation","Alias": "nation","Startup Cost": 0.00,"Total Cost": 1.25,"Plan Rows": 25,"Plan Width": 108,"Actual Startup Time": 0.057,"Actual Total Time": 0.064,"Actual Rows": 25,"Actual Loops": 4,"Workers": []}]}]}]}]}]}]},"Planning Time": 12.393,"Triggers": [],"Execution Time": 1858.181}]
[{"Plan": {"Node Type": "Aggregate","Strategy": "Sorted","Partial Mode": "Finalize","Parallel Aware": false,"Async Capable": false,"Startup Cost": 35224.41,"Total Cost": 35237.30,"Plan Rows": 97,"Plan Width": 168,"Actual Startup Time": 2468.334,"Actual Total Time": 2614.615,"Actual Rows": 175,"Actual Loops": 1,"Group Key": ["nation.n_name", "(EXTRACT(year FROM orders.o_orderdate))"],"Plans": [{"Node Type": "Gather Merge","Parent Relationship": "Outer","Parallel Aware": false,"Async Capable": false,"Startup Cost": 35224.41,"Total Cost": 35235.05,"Plan Rows": 80,"Plan Width": 168,"Actual Startup Time": 2467.004,"Actual Total Time": 2614.239,"Actual Rows": 525,"Actual Loops": 1,"Workers Planned": 2,"Workers Launched": 2,"Plans": [{"Node Type": "Aggregate","Strategy": "Sorted","Partial Mode": "Partial","Parent Relationship": "Outer","Parallel Aware": false,"Async Capable": false,"Startup Cost": 34224.39,"Total Cost": 34225.79,"Plan Rows": 40,"Plan Width": 168,"Actual Startup Time": 2350.593,"Actual Total Time": 2488.300,"Actual Rows": 175,"Actual Loops": 3,"Group Key": ["nation.n_name", "(EXTRACT(year FROM orders.o_orderdate))"],"Workers": [],"Plans": [{"Node Type": "Sort","Parent Relationship": "Outer","Parallel Aware": false,"Async Capable": false,"Startup Cost": 34224.39,"Total Cost": 34224.49,"Plan Rows": 40,"Plan Width": 159,"Actual Startup Time": 2349.936,"Actual Total Time": 2400.414,"Actual Rows": 109238,"Actual Loops": 3,"Sort Key": ["nation.n_name", "(EXTRACT(year FROM orders.o_orderdate)) DESC"],"Sort Method": "quicksort","Sort Space Used": 14698,"Sort Space Type": "Memory","Workers": [{"Worker Number": 0,"Sort Method": "quicksort","Sort Space Used": 13564,"Sort Space Type": "Memory"},{"Worker Number": 1,"Sort Method": "quicksort","Sort Space Used": 13587,"Sort Space Type": "Memory"}],"Plans": [{"Node Type": "Hash Join","Parent Relationship": "Outer","Parallel Aware": false,"Async Capable": false,"Join Type": "Inner","Startup Cost": 3.13,"Total Cost": 34223.32,"Plan Rows": 40,"Plan Width": 159,"Actual Startup Time": 0.710,"Actual Total Time": 2199.303,"Actual Rows": 109238,"Actual Loops": 3,"Inner Unique": true,"Hash Cond": "(supplier.s_nationkey = nation.n_nationkey)","Workers": [],"Plans": [{"Node Type": "Nested Loop","Parent Relationship": "Outer","Parallel Aware": false,"Async Capable": false,"Join Type": "Inner","Startup Cost": 1.57,"Total Cost": 34221.53,"Plan Rows": 40,"Plan Width": 31,"Actual Startup Time": 0.515,"Actual Total Time": 2168.211,"Actual Rows": 109238,"Actual Loops": 3,"Inner Unique": true,"Workers": [],"Plans": [{"Node Type": "Nested Loop","Parent Relationship": "Outer","Parallel Aware": false,"Async Capable": false,"Join Type": "Inner","Startup Cost": 1.14,"Total Cost": 34202.93,"Plan Rows": 40,"Plan Width": 31,"Actual Startup Time": 0.366,"Actual Total Time": 1011.087,"Actual Rows": 109238,"Actual Loops": 3,"Inner Unique": true,"Workers": [],"Plans": [{"Node Type": "Nested Loop","Parent Relationship": "Outer","Parallel Aware": false,"Async Capable": false,"Join Type": "Inner","Startup Cost": 0.86,"Total Cost": 34190.82,"Plan Rows": 40,"Plan Width": 35,"Actual Startup Time": 0.280,"Actual Total Time": 824.347,"Actual Rows": 109238,"Actual Loops": 3,"Inner Unique": false,"Workers": [],"Plans": [{"Node Type": "Nested Loop","Parent Relationship": "Outer","Parallel Aware": false,"Async Capable": false,"Join Type": "Inner","Startup Cost": 0.42,"Total Cost": 19885.25,"Plan Rows": 13468,"Plan Width": 18,"Actual Startup Time": 0.177,"Actual Total Time": 115.126,"Actual Rows": 14568,"Actual Loops": 3,"Inner Unique": false,"Workers": [],"Plans": [{"Node Type": "Seq Scan","Parent Relationship": "Outer","Parallel Aware": true,"Async Capable": false,"Relation Name": "part","Alias": "part","Startup Cost": 0.00,"Total Cost": 5138.67,"Plan Rows": 3367,"Plan Width": 4,"Actual Startup Time": 0.049,"Actual Total Time": 48.508,"Actual Rows": 3642,"Actual Loops": 3,"Filter": "((p_name)::text ~~ '%purple%'::text)","Rows Removed by Filter": 63025,"Workers": []},{"Node Type": "Index Scan","Parent Relationship": "Inner","Parallel Aware": false,"Async Capable": false,"Scan Direction": "Forward","Index Name": "idx_partsupp_partkey","Relation Name": "partsupp","Alias": "partsupp","Startup Cost": 0.42,"Total Cost": 4.34,"Plan Rows": 4,"Plan Width": 14,"Actual Startup Time": 0.014,"Actual Total Time": 0.018,"Actual Rows": 4,"Actual Loops": 10926,"Index Cond": "(ps_partkey = part.p_partkey)","Rows Removed by Index Recheck": 0,"Workers": []}]},{"Node Type": "Index Scan","Parent Relationship": "Inner","Parallel Aware": false,"Async Capable": false,"Scan Direction": "Forward","Index Name": "idx_lineitem_part_supp","Relation Name": "lineitem","Alias": "lineitem","Startup Cost": 0.43,"Total Cost": 1.05,"Plan Rows": 1,"Plan Width": 29,"Actual Startup Time": 0.007,"Actual Total Time": 0.047,"Actual Rows": 7,"Actual Loops": 43704,"Index Cond": "((l_partkey = partsupp.ps_partkey) AND (l_suppkey = partsupp.ps_suppkey))","Rows Removed by Index Recheck": 0,"Workers": []}]},{"Node Type": "Index Scan","Parent Relationship": "Inner","Parallel Aware": false,"Async Capable": false,"Scan Direction": "Forward","Index Name": "supplier_pkey","Relation Name": "supplier","Alias": "supplier","Startup Cost": 0.29,"Total Cost": 0.30,"Plan Rows": 1,"Plan Width": 8,"Actual Startup Time": 0.001,"Actual Total Time": 0.001,"Actual Rows": 1,"Actual Loops": 327714,"Index Cond": "(s_suppkey = lineitem.l_suppkey)","Rows Removed by Index Recheck": 0,"Workers": []}]},{"Node Type": "Index Scan","Parent Relationship": "Inner","Parallel Aware": false,"Async Capable": false,"Scan Direction": "Forward","Index Name": "orders_pkey","Relation Name": "orders","Alias": "orders","Startup Cost": 0.43,"Total Cost": 0.47,"Plan Rows": 1,"Plan Width": 8,"Actual Startup Time": 0.010,"Actual Total Time": 0.010,"Actual Rows": 1,"Actual Loops": 327714,"Index Cond": "(o_orderkey = lineitem.l_orderkey)","Rows Removed by Index Recheck": 0,"Workers": []}]},{"Node Type": "Hash","Parent Relationship": "Inner","Parallel Aware": false,"Async Capable": false,"Startup Cost": 1.25,"Total Cost": 1.25,"Plan Rows": 25,"Plan Width": 108,"Actual Startup Time": 0.085,"Actual Total Time": 0.094,"Actual Rows": 25,"Actual Loops": 3,"Hash Buckets": 1024,"Original Hash Buckets": 1024,"Hash Batches": 1,"Original Hash Batches": 1,"Peak Memory Usage": 10,"Workers": [],"Plans": [{"Node Type": "Seq Scan","Parent Relationship": "Outer","Parallel Aware": false,"Async Capable": false,"Relation Name": "nation","Alias": "nation","Startup Cost": 0.00,"Total Cost": 1.25,"Plan Rows": 25,"Plan Width": 108,"Actual Startup Time": 0.054,"Actual Total Time": 0.060,"Actual Rows": 25,"Actual Loops": 3,"Workers": []}]}]}]}]}]}]},"Planning Time": 11.747,"Triggers": [],"Execution Time": 2615.991}]
[{"Plan": {"Node Type": "Aggregate","Strategy": "Sorted","Partial Mode": "Finalize","Parallel Aware": false,"Async Capable": false,"Startup Cost": 46348.90,"Total Cost": 46374.41,"Plan Rows": 170,"Plan Width": 168,"Actual Startup Time": 1750.907,"Actual Total Time": 1855.023,"Actual Rows": 175,"Actual Loops": 1,"Group Key": ["nation.n_name", "(EXTRACT(year FROM orders.o_orderdate))"],"Plans": [{"Node Type": "Gather Merge","Parent Relationship": "Outer","Parallel Aware": false,"Async Capable": false,"Startup Cost": 46348.90,"Total Cost": 46370.21,"Plan Rows": 165,"Plan Width": 168,"Actual Startup Time": 1749.012,"Actual Total Time": 1854.505,"Actual Rows": 700,"Actual Loops": 1,"Workers Planned": 3,"Workers Launched": 3,"Plans": [{"Node Type": "Aggregate","Strategy": "Sorted","Partial Mode": "Partial","Parent Relationship": "Outer","Parallel Aware": false,"Async Capable": false,"Startup Cost": 45348.86,"Total Cost": 45350.79,"Plan Rows": 55,"Plan Width": 168,"Actual Startup Time": 1664.618,"Actual Total Time": 1759.222,"Actual Rows": 175,"Actual Loops": 4,"Group Key": ["nation.n_name", "(EXTRACT(year FROM orders.o_orderdate))"],"Workers": [],"Plans": [{"Node Type": "Sort","Parent Relationship": "Outer","Parallel Aware": false,"Async Capable": false,"Startup Cost": 45348.86,"Total Cost": 45349.00,"Plan Rows": 55,"Plan Width": 159,"Actual Startup Time": 1664.224,"Actual Total Time": 1696.542,"Actual Rows": 82796,"Actual Loops": 4,"Sort Key": ["nation.n_name", "(EXTRACT(year FROM orders.o_orderdate)) DESC"],"Sort Method": "quicksort","Sort Space Used": 11192,"Sort Space Type": "Memory","Workers": [{"Worker Number": 0,"Sort Method": "quicksort","Sort Space Used": 11411,"Sort Space Type": "Memory"},{"Worker Number": 1,"Sort Method": "quicksort","Sort Space Used": 11117,"Sort Space Type": "Memory"},{"Worker Number": 2,"Sort Method": "quicksort","Sort Space Used": 11548,"Sort Space Type": "Memory"}],"Plans": [{"Node Type": "Hash Join","Parent Relationship": "Outer","Parallel Aware": false,"Async Capable": false,"Join Type": "Inner","Startup Cost": 5215.02,"Total Cost": 45347.27,"Plan Rows": 55,"Plan Width": 159,"Actual Startup Time": 22.142,"Actual Total Time": 1561.411,"Actual Rows": 82796,"Actual Loops": 4,"Inner Unique": true,"Hash Cond": "(supplier.s_nationkey = nation.n_nationkey)","Workers": [],"Plans": [{"Node Type": "Nested Loop","Parent Relationship": "Outer","Parallel Aware": false,"Async Capable": false,"Join Type": "Inner","Startup Cost": 5213.46,"Total Cost": 45345.40,"Plan Rows": 55,"Plan Width": 31,"Actual Startup Time": 21.917,"Actual Total Time": 1537.278,"Actual Rows": 82796,"Actual Loops": 4,"Inner Unique": true,"Workers": [],"Plans": [{"Node Type": "Nested Loop","Parent Relationship": "Outer","Parallel Aware": false,"Async Capable": false,"Join Type": "Inner","Startup Cost": 5213.03,"Total Cost": 45319.82,"Plan Rows": 55,"Plan Width": 31,"Actual Startup Time": 21.852,"Actual Total Time": 791.105,"Actual Rows": 82796,"Actual Loops": 4,"Inner Unique": true,"Workers": [],"Plans": [{"Node Type": "Nested Loop","Parent Relationship": "Outer","Parallel Aware": false,"Async Capable": false,"Join Type": "Inner","Startup Cost": 5212.75,"Total Cost": 45303.17,"Plan Rows": 55,"Plan Width": 35,"Actual Startup Time": 21.805,"Actual Total Time": 652.381,"Actual Rows": 82796,"Actual Loops": 4,"Inner Unique": false,"Workers": [],"Plans": [{"Node Type": "Hash Join","Parent Relationship": "Outer","Parallel Aware": true,"Async Capable": false,"Join Type": "Inner","Startup Cost": 5212.32,"Total Cost": 25921.39,"Plan Rows": 18247,"Plan Width": 18,"Actual Startup Time": 21.736,"Actual Total Time": 188.254,"Actual Rows": 11007,"Actual Loops": 4,"Inner Unique": true,"Hash Cond": "(partsupp.ps_partkey = part.p_partkey)","Workers": [],"Plans": [{"Node Type": "Seq Scan","Parent Relationship": "Outer","Parallel Aware": true,"Async Capable": false,"Relation Name": "partsupp","Alias": "partsupp","Startup Cost": 0.00,"Total Cost": 20031.65,"Plan Rows": 258065,"Plan Width": 14,"Actual Startup Time": 0.015,"Actual Total Time": 42.654,"Actual Rows": 200000,"Actual Loops": 4,"Workers": []},{"Node Type": "Hash","Parent Relationship": "Inner","Parallel Aware": true,"Async Capable": false,"Startup Cost": 5138.67,"Total Cost": 5138.67,"Plan Rows": 5892,"Plan Width": 4,"Actual Startup Time": 21.539,"Actual Total Time": 21.550,"Actual Rows": 2752,"Actual Loops": 4,"Hash Buckets": 16384,"Original Hash Buckets": 16384,"Hash Batches": 1,"Original Hash Batches": 1,"Peak Memory Usage": 608,"Workers": [],"Plans": [{"Node Type": "Seq Scan","Parent Relationship": "Outer","Parallel Aware": true,"Async Capable": false,"Relation Name": "part","Alias": "part","Startup Cost": 0.00,"Total Cost": 5138.67,"Plan Rows": 5892,"Plan Width": 4,"Actual Startup Time": 0.060,"Actual Total Time": 20.080,"Actual Rows": 2752,"Actual Loops": 4,"Filter": "((p_name)::text ~~ '%orange%'::text)","Rows Removed by Filter": 47248,"Workers": []}]}]},{"Node Type": "Index Scan","Parent Relationship": "Inner","Parallel Aware": false,"Async Capable": false,"Scan Direction": "Forward","Index Name": "idx_lineitem_part_supp","Relation Name": "lineitem","Alias": "lineitem","Startup Cost": 0.43,"Total Cost": 1.05,"Plan Rows": 1,"Plan Width": 29,"Actual Startup Time": 0.006,"Actual Total Time": 0.041,"Actual Rows": 8,"Actual Loops": 44028,"Index Cond": "((l_partkey = partsupp.ps_partkey) AND (l_suppkey = partsupp.ps_suppkey))","Rows Removed by Index Recheck": 0,"Workers": []}]},{"Node Type": "Index Scan","Parent Relationship": "Inner","Parallel Aware": false,"Async Capable": false,"Scan Direction": "Forward","Index Name": "supplier_pkey","Relation Name": "supplier","Alias": "supplier","Startup Cost": 0.29,"Total Cost": 0.30,"Plan Rows": 1,"Plan Width": 8,"Actual Startup Time": 0.001,"Actual Total Time": 0.001,"Actual Rows": 1,"Actual Loops": 331186,"Index Cond": "(s_suppkey = lineitem.l_suppkey)","Rows Removed by Index Recheck": 0,"Workers": []}]},{"Node Type": "Index Scan","Parent Relationship": "Inner","Parallel Aware": false,"Async Capable": false,"Scan Direction": "Forward","Index Name": "orders_pkey","Relation Name": "orders","Alias": "orders","Startup Cost": 0.43,"Total Cost": 0.47,"Plan Rows": 1,"Plan Width": 8,"Actual Startup Time": 0.009,"Actual Total Time": 0.009,"Actual Rows": 1,"Actual Loops": 331186,"Index Cond": "(o_orderkey = lineitem.l_orderkey)","Rows Removed by Index Recheck": 0,"Workers": []}]},{"Node Type": "Hash","Parent Relationship": "Inner","Parallel Aware": false,"Async Capable": false,"Startup Cost": 1.25,"Total Cost": 1.25,"Plan Rows": 25,"Plan Width": 108,"Actual Startup Time": 0.103,"Actual Total Time": 0.109,"Actual Rows": 25,"Actual Loops": 4,"Hash Buckets": 1024,"Original Hash Buckets": 1024,"Hash Batches": 1,"Original Hash Batches": 1,"Peak Memory Usage": 10,"Workers": [],"Plans": [{"Node Type": "Seq Scan","Parent Relationship": "Outer","Parallel Aware": false,"Async Capable": false,"Relation Name": "nation","Alias": "nation","Startup Cost": 0.00,"Total Cost": 1.25,"Plan Rows": 25,"Plan Width": 108,"Actual Startup Time": 0.073,"Actual Total Time": 0.079,"Actual Rows": 25,"Actual Loops": 4,"Workers": []}]}]}]}]}]}]},"Planning Time": 12.134,"Triggers": [],"Execution Time": 1857.581}]
[{"Plan": {"Node Type": "Aggregate","Strategy": "Sorted","Partial Mode": "Finalize","Parallel Aware": false,"Async Capable": false,"Startup Cost": 47355.08,"Total Cost": 47374.71,"Plan Rows": 146,"Plan Width": 168,"Actual Startup Time": 2443.124,"Actual Total Time": 2567.006,"Actual Rows": 175,"Actual Loops": 1,"Group Key": ["nation.n_name", "(EXTRACT(year FROM orders.o_orderdate))"],"Plans": [{"Node Type": "Gather Merge","Parent Relationship": "Outer","Parallel Aware": false,"Async Capable": false,"Startup Cost": 47355.08,"Total Cost": 47371.30,"Plan Rows": 122,"Plan Width": 168,"Actual Startup Time": 2441.228,"Actual Total Time": 2566.482,"Actual Rows": 525,"Actual Loops": 1,"Workers Planned": 2,"Workers Launched": 2,"Plans": [{"Node Type": "Aggregate","Strategy": "Sorted","Partial Mode": "Partial","Parent Relationship": "Outer","Parallel Aware": false,"Async Capable": false,"Startup Cost": 46355.06,"Total Cost": 46357.20,"Plan Rows": 61,"Plan Width": 168,"Actual Startup Time": 2336.095,"Actual Total Time": 2466.062,"Actual Rows": 175,"Actual Loops": 3,"Group Key": ["nation.n_name", "(EXTRACT(year FROM orders.o_orderdate))"],"Workers": [],"Plans": [{"Node Type": "Sort","Parent Relationship": "Outer","Parallel Aware": false,"Async Capable": false,"Startup Cost": 46355.06,"Total Cost": 46355.21,"Plan Rows": 61,"Plan Width": 159,"Actual Startup Time": 2335.334,"Actual Total Time": 2379.750,"Actual Rows": 108571,"Actual Loops": 3,"Sort Key": ["nation.n_name", "(EXTRACT(year FROM orders.o_orderdate)) DESC"],"Sort Method": "quicksort","Sort Space Used": 13745,"Sort Space Type": "Memory","Workers": [{"Worker Number": 0,"Sort Method": "quicksort","Sort Space Used": 13992,"Sort Space Type": "Memory"},{"Worker Number": 1,"Sort Method": "quicksort","Sort Space Used": 13911,"Sort Space Type": "Memory"}],"Plans": [{"Node Type": "Hash Join","Parent Relationship": "Outer","Parallel Aware": false,"Async Capable": false,"Join Type": "Inner","Startup Cost": 3.13,"Total Cost": 46353.25,"Plan Rows": 61,"Plan Width": 159,"Actual Startup Time": 0.583,"Actual Total Time": 2178.457,"Actual Rows": 108571,"Actual Loops": 3,"Inner Unique": true,"Hash Cond": "(supplier.s_nationkey = nation.n_nationkey)","Workers": [],"Plans": [{"Node Type": "Nested Loop","Parent Relationship": "Outer","Parallel Aware": false,"Async Capable": false,"Join Type": "Inner","Startup Cost": 1.57,"Total Cost": 46351.35,"Plan Rows": 61,"Plan Width": 31,"Actual Startup Time": 0.425,"Actual Total Time": 2146.635,"Actual Rows": 108571,"Actual Loops": 3,"Inner Unique": true,"Workers": [],"Plans": [{"Node Type": "Nested Loop","Parent Relationship": "Outer","Parallel Aware": false,"Async Capable": false,"Join Type": "Inner","Startup Cost": 1.14,"Total Cost": 46322.98,"Plan Rows": 61,"Plan Width": 31,"Actual Startup Time": 0.334,"Actual Total Time": 993.434,"Actual Rows": 108571,"Actual Loops": 3,"Inner Unique": true,"Workers": [],"Plans": [{"Node Type": "Nested Loop","Parent Relationship": "Outer","Parallel Aware": false,"Async Capable": false,"Join Type": "Inner","Startup Cost": 0.86,"Total Cost": 46304.52,"Plan Rows": 61,"Plan Width": 35,"Actual Startup Time": 0.258,"Actual Total Time": 808.058,"Actual Rows": 108571,"Actual Loops": 3,"Inner Unique": false,"Workers": [],"Plans": [{"Node Type": "Nested Loop","Parent Relationship": "Outer","Parallel Aware": false,"Async Capable": false,"Join Type": "Inner","Startup Cost": 0.42,"Total Cost": 24846.16,"Plan Rows": 20202,"Plan Width": 18,"Actual Startup Time": 0.160,"Actual Total Time": 118.628,"Actual Rows": 14495,"Actual Loops": 3,"Inner Unique": false,"Workers": [],"Plans": [{"Node Type": "Seq Scan","Parent Relationship": "Outer","Parallel Aware": true,"Async Capable": false,"Relation Name": "part","Alias": "part","Startup Cost": 0.00,"Total Cost": 5138.67,"Plan Rows": 5051,"Plan Width": 4,"Actual Startup Time": 0.041,"Actual Total Time": 50.514,"Actual Rows": 3624,"Actual Loops": 3,"Filter": "((p_name)::text ~~ '%blue%'::text)","Rows Removed by Filter": 63043,"Workers": []},{"Node Type": "Index Scan","Parent Relationship": "Inner","Parallel Aware": false,"Async Capable": false,"Scan Direction": "Forward","Index Name": "idx_partsupp_partkey","Relation Name": "partsupp","Alias": "partsupp","Startup Cost": 0.42,"Total Cost": 3.86,"Plan Rows": 4,"Plan Width": 14,"Actual Startup Time": 0.014,"Actual Total Time": 0.018,"Actual Rows": 4,"Actual Loops": 10871,"Index Cond": "(ps_partkey = part.p_partkey)","Rows Removed by Index Recheck": 0,"Workers": []}]},{"Node Type": "Index Scan","Parent Relationship": "Inner","Parallel Aware": false,"Async Capable": false,"Scan Direction": "Forward","Index Name": "idx_lineitem_part_supp","Relation Name": "lineitem","Alias": "lineitem","Startup Cost": 0.43,"Total Cost": 1.05,"Plan Rows": 1,"Plan Width": 29,"Actual Startup Time": 0.007,"Actual Total Time": 0.046,"Actual Rows": 7,"Actual Loops": 43484,"Index Cond": "((l_partkey = partsupp.ps_partkey) AND (l_suppkey = partsupp.ps_suppkey))","Rows Removed by Index Recheck": 0,"Workers": []}]},{"Node Type": "Index Scan","Parent Relationship": "Inner","Parallel Aware": false,"Async Capable": false,"Scan Direction": "Forward","Index Name": "supplier_pkey","Relation Name": "supplier","Alias": "supplier","Startup Cost": 0.29,"Total Cost": 0.30,"Plan Rows": 1,"Plan Width": 8,"Actual Startup Time": 0.001,"Actual Total Time": 0.001,"Actual Rows": 1,"Actual Loops": 325714,"Index Cond": "(s_suppkey = lineitem.l_suppkey)","Rows Removed by Index Recheck": 0,"Workers": []}]},{"Node Type": "Index Scan","Parent Relationship": "Inner","Parallel Aware": false,"Async Capable": false,"Scan Direction": "Forward","Index Name": "orders_pkey","Relation Name": "orders","Alias": "orders","Startup Cost": 0.43,"Total Cost": 0.47,"Plan Rows": 1,"Plan Width": 8,"Actual Startup Time": 0.010,"Actual Total Time": 0.010,"Actual Rows": 1,"Actual Loops": 325714,"Index Cond": "(o_orderkey = lineitem.l_orderkey)","Rows Removed by Index Recheck": 0,"Workers": []}]},{"Node Type": "Hash","Parent Relationship": "Inner","Parallel Aware": false,"Async Capable": false,"Startup Cost": 1.25,"Total Cost": 1.25,"Plan Rows": 25,"Plan Width": 108,"Actual Startup Time": 0.081,"Actual Total Time": 0.113,"Actual Rows": 25,"Actual Loops": 3,"Hash Buckets": 1024,"Original Hash Buckets": 1024,"Hash Batches": 1,"Original Hash Batches": 1,"Peak Memory Usage": 10,"Workers": [],"Plans": [{"Node Type": "Seq Scan","Parent Relationship": "Outer","Parallel Aware": false,"Async Capable": false,"Relation Name": "nation","Alias": "nation","Startup Cost": 0.00,"Total Cost": 1.25,"Plan Rows": 25,"Plan Width": 108,"Actual Startup Time": 0.057,"Actual Total Time": 0.083,"Actual Rows": 25,"Actual Loops": 3,"Workers": []}]}]}]}]}]}]},"Planning Time": 11.752,"Triggers": [],"Execution Time": 2568.537}]
[{"Plan": {"Node Type": "Aggregate","Strategy": "Sorted","Partial Mode": "Finalize","Parallel Aware": false,"Async Capable": false,"Startup Cost": 41381.04,"Total Cost": 41397.45,"Plan Rows": 122,"Plan Width": 168,"Actual Startup Time": 2431.177,"Actual Total Time": 2560.188,"Actual Rows": 175,"Actual Loops": 1,"Group Key": ["nation.n_name", "(EXTRACT(year FROM orders.o_orderdate))"],"Plans": [{"Node Type": "Gather Merge","Parent Relationship": "Outer","Parallel Aware": false,"Async Capable": false,"Startup Cost": 41381.04,"Total Cost": 41394.60,"Plan Rows": 102,"Plan Width": 168,"Actual Startup Time": 2429.302,"Actual Total Time": 2559.805,"Actual Rows": 525,"Actual Loops": 1,"Workers Planned": 2,"Workers Launched": 2,"Plans": [{"Node Type": "Aggregate","Strategy": "Sorted","Partial Mode": "Partial","Parent Relationship": "Outer","Parallel Aware": false,"Async Capable": false,"Startup Cost": 40381.01,"Total Cost": 40382.80,"Plan Rows": 51,"Plan Width": 168,"Actual Startup Time": 2327.238,"Actual Total Time": 2438.083,"Actual Rows": 175,"Actual Loops": 3,"Group Key": ["nation.n_name", "(EXTRACT(year FROM orders.o_orderdate))"],"Workers": [],"Plans": [{"Node Type": "Sort","Parent Relationship": "Outer","Parallel Aware": false,"Async Capable": false,"Startup Cost": 40381.01,"Total Cost": 40381.14,"Plan Rows": 51,"Plan Width": 159,"Actual Startup Time": 2326.616,"Actual Total Time": 2360.128,"Actual Rows": 110167,"Actual Loops": 3,"Sort Key": ["nation.n_name", "(EXTRACT(year FROM orders.o_orderdate)) DESC"],"Sort Method": "quicksort","Sort Space Used": 13685,"Sort Space Type": "Memory","Workers": [{"Worker Number": 0,"Sort Method": "quicksort","Sort Space Used": 14027,"Sort Space Type": "Memory"},{"Worker Number": 1,"Sort Method": "quicksort","Sort Space Used": 14415,"Sort Space Type": "Memory"}],"Plans": [{"Node Type": "Hash Join","Parent Relationship": "Outer","Parallel Aware": false,"Async Capable": false,"Join Type": "Inner","Startup Cost": 3.13,"Total Cost": 40379.57,"Plan Rows": 51,"Plan Width": 159,"Actual Startup Time": 0.774,"Actual Total Time": 2175.154,"Actual Rows": 110167,"Actual Loops": 3,"Inner Unique": true,"Hash Cond": "(supplier.s_nationkey = nation.n_nationkey)","Workers": [],"Plans": [{"Node Type": "Nested Loop","Parent Relationship": "Outer","Parallel Aware": false,"Async Capable": false,"Join Type": "Inner","Startup Cost": 1.57,"Total Cost": 40377.72,"Plan Rows": 51,"Plan Width": 31,"Actual Startup Time": 0.582,"Actual Total Time": 2143.575,"Actual Rows": 110167,"Actual Loops": 3,"Inner Unique": true,"Workers": [],"Plans": [{"Node Type": "Nested Loop","Parent Relationship": "Outer","Parallel Aware": false,"Async Capable": false,"Join Type": "Inner","Startup Cost": 1.14,"Total Cost": 40354.00,"Plan Rows": 51,"Plan Width": 31,"Actual Startup Time": 0.451,"Actual Total Time": 989.410,"Actual Rows": 110167,"Actual Loops": 3,"Inner Unique": true,"Workers": [],"Plans": [{"Node Type": "Nested Loop","Parent Relationship": "Outer","Parallel Aware": false,"Async Capable": false,"Join Type": "Inner","Startup Cost": 0.86,"Total Cost": 40338.56,"Plan Rows": 51,"Plan Width": 35,"Actual Startup Time": 0.342,"Actual Total Time": 803.216,"Actual Rows": 110167,"Actual Loops": 3,"Inner Unique": false,"Workers": [],"Plans": [{"Node Type": "Nested Loop","Parent Relationship": "Outer","Parallel Aware": false,"Async Capable": false,"Join Type": "Inner","Startup Cost": 0.42,"Total Cost": 22456.59,"Plan Rows": 16835,"Plan Width": 18,"Actual Startup Time": 0.214,"Actual Total Time": 117.164,"Actual Rows": 14685,"Actual Loops": 3,"Inner Unique": false,"Workers": [],"Plans": [{"Node Type": "Seq Scan","Parent Relationship": "Outer","Parallel Aware": true,"Async Capable": false,"Relation Name": "part","Alias": "part","Startup Cost": 0.00,"Total Cost": 5138.67,"Plan Rows": 4209,"Plan Width": 4,"Actual Startup Time": 0.077,"Actual Total Time": 49.700,"Actual Rows": 3671,"Actual Loops": 3,"Filter": "((p_name)::text ~~ '%turquoise%'::text)","Rows Removed by Filter": 62995,"Workers": []},{"Node Type": "Index Scan","Parent Relationship": "Inner","Parallel Aware": false,"Async Capable": false,"Scan Direction": "Forward","Index Name": "idx_partsupp_partkey","Relation Name": "partsupp","Alias": "partsupp","Startup Cost": 0.42,"Total Cost": 4.07,"Plan Rows": 4,"Plan Width": 14,"Actual Startup Time": 0.014,"Actual Total Time": 0.018,"Actual Rows": 4,"Actual Loops": 11014,"Index Cond": "(ps_partkey = part.p_partkey)","Rows Removed by Index Recheck": 0,"Workers": []}]},{"Node Type": "Index Scan","Parent Relationship": "Inner","Parallel Aware": false,"Async Capable": false,"Scan Direction": "Forward","Index Name": "idx_lineitem_part_supp","Relation Name": "lineitem","Alias": "lineitem","Startup Cost": 0.43,"Total Cost": 1.05,"Plan Rows": 1,"Plan Width": 29,"Actual Startup Time": 0.007,"Actual Total Time": 0.045,"Actual Rows": 8,"Actual Loops": 44056,"Index Cond": "((l_partkey = partsupp.ps_partkey) AND (l_suppkey = partsupp.ps_suppkey))","Rows Removed by Index Recheck": 0,"Workers": []}]},{"Node Type": "Index Scan","Parent Relationship": "Inner","Parallel Aware": false,"Async Capable": false,"Scan Direction": "Forward","Index Name": "supplier_pkey","Relation Name": "supplier","Alias": "supplier","Startup Cost": 0.29,"Total Cost": 0.30,"Plan Rows": 1,"Plan Width": 8,"Actual Startup Time": 0.001,"Actual Total Time": 0.001,"Actual Rows": 1,"Actual Loops": 330501,"Index Cond": "(s_suppkey = lineitem.l_suppkey)","Rows Removed by Index Recheck": 0,"Workers": []}]},{"Node Type": "Index Scan","Parent Relationship": "Inner","Parallel Aware": false,"Async Capable": false,"Scan Direction": "Forward","Index Name": "orders_pkey","Relation Name": "orders","Alias": "orders","Startup Cost": 0.43,"Total Cost": 0.47,"Plan Rows": 1,"Plan Width": 8,"Actual Startup Time": 0.010,"Actual Total Time": 0.010,"Actual Rows": 1,"Actual Loops": 330501,"Index Cond": "(o_orderkey = lineitem.l_orderkey)","Rows Removed by Index Recheck": 0,"Workers": []}]},{"Node Type": "Hash","Parent Relationship": "Inner","Parallel Aware": false,"Async Capable": false,"Startup Cost": 1.25,"Total Cost": 1.25,"Plan Rows": 25,"Plan Width": 108,"Actual Startup Time": 0.077,"Actual Total Time": 0.095,"Actual Rows": 25,"Actual Loops": 3,"Hash Buckets": 1024,"Original Hash Buckets": 1024,"Hash Batches": 1,"Original Hash Batches": 1,"Peak Memory Usage": 10,"Workers": [],"Plans": [{"Node Type": "Seq Scan","Parent Relationship": "Outer","Parallel Aware": false,"Async Capable": false,"Relation Name": "nation","Alias": "nation","Startup Cost": 0.00,"Total Cost": 1.25,"Plan Rows": 25,"Plan Width": 108,"Actual Startup Time": 0.049,"Actual Total Time": 0.063,"Actual Rows": 25,"Actual Loops": 3,"Workers": []}]}]}]}]}]}]},"Planning Time": 11.933,"Triggers": [],"Execution Time": 2562.804}]
[{"Plan": {"Node Type": "Aggregate","Strategy": "Sorted","Partial Mode": "Finalize","Parallel Aware": false,"Async Capable": false,"Startup Cost": 35224.41,"Total Cost": 35237.30,"Plan Rows": 97,"Plan Width": 168,"Actual Startup Time": 2460.022,"Actual Total Time": 2558.697,"Actual Rows": 175,"Actual Loops": 1,"Group Key": ["nation.n_name", "(EXTRACT(year FROM orders.o_orderdate))"],"Plans": [{"Node Type": "Gather Merge","Parent Relationship": "Outer","Parallel Aware": false,"Async Capable": false,"Startup Cost": 35224.41,"Total Cost": 35235.05,"Plan Rows": 80,"Plan Width": 168,"Actual Startup Time": 2458.251,"Actual Total Time": 2558.308,"Actual Rows": 525,"Actual Loops": 1,"Workers Planned": 2,"Workers Launched": 2,"Plans": [{"Node Type": "Aggregate","Strategy": "Sorted","Partial Mode": "Partial","Parent Relationship": "Outer","Parallel Aware": false,"Async Capable": false,"Startup Cost": 34224.39,"Total Cost": 34225.79,"Plan Rows": 40,"Plan Width": 168,"Actual Startup Time": 2344.225,"Actual Total Time": 2465.606,"Actual Rows": 175,"Actual Loops": 3,"Group Key": ["nation.n_name", "(EXTRACT(year FROM orders.o_orderdate))"],"Workers": [],"Plans": [{"Node Type": "Sort","Parent Relationship": "Outer","Parallel Aware": false,"Async Capable": false,"Startup Cost": 34224.39,"Total Cost": 34224.49,"Plan Rows": 40,"Plan Width": 159,"Actual Startup Time": 2343.466,"Actual Total Time": 2382.605,"Actual Rows": 109438,"Actual Loops": 3,"Sort Key": ["nation.n_name", "(EXTRACT(year FROM orders.o_orderdate)) DESC"],"Sort Method": "quicksort","Sort Space Used": 14663,"Sort Space Type": "Memory","Workers": [{"Worker Number": 0,"Sort Method": "quicksort","Sort Space Used": 13603,"Sort Space Type": "Memory"},{"Worker Number": 1,"Sort Method": "quicksort","Sort Space Used": 13638,"Sort Space Type": "Memory"}],"Plans": [{"Node Type": "Hash Join","Parent Relationship": "Outer","Parallel Aware": false,"Async Capable": false,"Join Type": "Inner","Startup Cost": 3.13,"Total Cost": 34223.32,"Plan Rows": 40,"Plan Width": 159,"Actual Startup Time": 0.760,"Actual Total Time": 2196.510,"Actual Rows": 109438,"Actual Loops": 3,"Inner Unique": true,"Hash Cond": "(supplier.s_nationkey = nation.n_nationkey)","Workers": [],"Plans": [{"Node Type": "Nested Loop","Parent Relationship": "Outer","Parallel Aware": false,"Async Capable": false,"Join Type": "Inner","Startup Cost": 1.57,"Total Cost": 34221.53,"Plan Rows": 40,"Plan Width": 31,"Actual Startup Time": 0.551,"Actual Total Time": 2164.566,"Actual Rows": 109438,"Actual Loops": 3,"Inner Unique": true,"Workers": [],"Plans": [{"Node Type": "Nested Loop","Parent Relationship": "Outer","Parallel Aware": false,"Async Capable": false,"Join Type": "Inner","Startup Cost": 1.14,"Total Cost": 34202.93,"Plan Rows": 40,"Plan Width": 31,"Actual Startup Time": 0.405,"Actual Total Time": 1011.592,"Actual Rows": 109438,"Actual Loops": 3,"Inner Unique": true,"Workers": [],"Plans": [{"Node Type": "Nested Loop","Parent Relationship": "Outer","Parallel Aware": false,"Async Capable": false,"Join Type": "Inner","Startup Cost": 0.86,"Total Cost": 34190.82,"Plan Rows": 40,"Plan Width": 35,"Actual Startup Time": 0.312,"Actual Total Time": 825.309,"Actual Rows": 109438,"Actual Loops": 3,"Inner Unique": false,"Workers": [],"Plans": [{"Node Type": "Nested Loop","Parent Relationship": "Outer","Parallel Aware": false,"Async Capable": false,"Join Type": "Inner","Startup Cost": 0.42,"Total Cost": 19885.25,"Plan Rows": 13468,"Plan Width": 18,"Actual Startup Time": 0.185,"Actual Total Time": 115.007,"Actual Rows": 14580,"Actual Loops": 3,"Inner Unique": false,"Workers": [],"Plans": [{"Node Type": "Seq Scan","Parent Relationship": "Outer","Parallel Aware": true,"Async Capable": false,"Relation Name": "part","Alias": "part","Startup Cost": 0.00,"Total Cost": 5138.67,"Plan Rows": 3367,"Plan Width": 4,"Actual Startup Time": 0.047,"Actual Total Time": 49.557,"Actual Rows": 3645,"Actual Loops": 3,"Filter": "((p_name)::text ~~ '%cornflower%'::text)","Rows Removed by Filter": 63022,"Workers": []},{"Node Type": "Index Scan","Parent Relationship": "Inner","Parallel Aware": false,"Async Capable": false,"Scan Direction": "Forward","Index Name": "idx_partsupp_partkey","Relation Name": "partsupp","Alias": "partsupp","Startup Cost": 0.42,"Total Cost": 4.34,"Plan Rows": 4,"Plan Width": 14,"Actual Startup Time": 0.013,"Actual Total Time": 0.017,"Actual Rows": 4,"Actual Loops": 10935,"Index Cond": "(ps_partkey = part.p_partkey)","Rows Removed by Index Recheck": 0,"Workers": []}]},{"Node Type": "Index Scan","Parent Relationship": "Inner","Parallel Aware": false,"Async Capable": false,"Scan Direction": "Forward","Index Name": "idx_lineitem_part_supp","Relation Name": "lineitem","Alias": "lineitem","Startup Cost": 0.43,"Total Cost": 1.05,"Plan Rows": 1,"Plan Width": 29,"Actual Startup Time": 0.007,"Actual Total Time": 0.047,"Actual Rows": 8,"Actual Loops": 43740,"Index Cond": "((l_partkey = partsupp.ps_partkey) AND (l_suppkey = partsupp.ps_suppkey))","Rows Removed by Index Recheck": 0,"Workers": []}]},{"Node Type": "Index Scan","Parent Relationship": "Inner","Parallel Aware": false,"Async Capable": false,"Scan Direction": "Forward","Index Name": "supplier_pkey","Relation Name": "supplier","Alias": "supplier","Startup Cost": 0.29,"Total Cost": 0.30,"Plan Rows": 1,"Plan Width": 8,"Actual Startup Time": 0.001,"Actual Total Time": 0.001,"Actual Rows": 1,"Actual Loops": 328313,"Index Cond": "(s_suppkey = lineitem.l_suppkey)","Rows Removed by Index Recheck": 0,"Workers": []}]},{"Node Type": "Index Scan","Parent Relationship": "Inner","Parallel Aware": false,"Async Capable": false,"Scan Direction": "Forward","Index Name": "orders_pkey","Relation Name": "orders","Alias": "orders","Startup Cost": 0.43,"Total Cost": 0.47,"Plan Rows": 1,"Plan Width": 8,"Actual Startup Time": 0.010,"Actual Total Time": 0.010,"Actual Rows": 1,"Actual Loops": 328313,"Index Cond": "(o_orderkey = lineitem.l_orderkey)","Rows Removed by Index Recheck": 0,"Workers": []}]},{"Node Type": "Hash","Parent Relationship": "Inner","Parallel Aware": false,"Async Capable": false,"Startup Cost": 1.25,"Total Cost": 1.25,"Plan Rows": 25,"Plan Width": 108,"Actual Startup Time": 0.100,"Actual Total Time": 0.111,"Actual Rows": 25,"Actual Loops": 3,"Hash Buckets": 1024,"Original Hash Buckets": 1024,"Hash Batches": 1,"Original Hash Batches": 1,"Peak Memory Usage": 10,"Workers": [],"Plans": [{"Node Type": "Seq Scan","Parent Relationship": "Outer","Parallel Aware": false,"Async Capable": false,"Relation Name": "nation","Alias": "nation","Startup Cost": 0.00,"Total Cost": 1.25,"Plan Rows": 25,"Plan Width": 108,"Actual Startup Time": 0.068,"Actual Total Time": 0.075,"Actual Rows": 25,"Actual Loops": 3,"Workers": []}]}]}]}]}]}]},"Planning Time": 11.010,"Triggers": [],"Execution Time": 2560.097}]
[{"Plan": {"Node Type": "Aggregate","Strategy": "Sorted","Partial Mode": "Finalize","Parallel Aware": false,"Async Capable": false,"Startup Cost": 47355.08,"Total Cost": 47374.71,"Plan Rows": 146,"Plan Width": 168,"Actual Startup Time": 2415.786,"Actual Total Time": 2534.768,"Actual Rows": 175,"Actual Loops": 1,"Group Key": ["nation.n_name", "(EXTRACT(year FROM orders.o_orderdate))"],"Plans": [{"Node Type": "Gather Merge","Parent Relationship": "Outer","Parallel Aware": false,"Async Capable": false,"Startup Cost": 47355.08,"Total Cost": 47371.30,"Plan Rows": 122,"Plan Width": 168,"Actual Startup Time": 2414.157,"Actual Total Time": 2534.359,"Actual Rows": 525,"Actual Loops": 1,"Workers Planned": 2,"Workers Launched": 2,"Plans": [{"Node Type": "Aggregate","Strategy": "Sorted","Partial Mode": "Partial","Parent Relationship": "Outer","Parallel Aware": false,"Async Capable": false,"Startup Cost": 46355.06,"Total Cost": 46357.20,"Plan Rows": 61,"Plan Width": 168,"Actual Startup Time": 2297.371,"Actual Total Time": 2422.591,"Actual Rows": 175,"Actual Loops": 3,"Group Key": ["nation.n_name", "(EXTRACT(year FROM orders.o_orderdate))"],"Workers": [],"Plans": [{"Node Type": "Sort","Parent Relationship": "Outer","Parallel Aware": false,"Async Capable": false,"Startup Cost": 46355.06,"Total Cost": 46355.21,"Plan Rows": 61,"Plan Width": 159,"Actual Startup Time": 2296.734,"Actual Total Time": 2338.671,"Actual Rows": 108616,"Actual Loops": 3,"Sort Key": ["nation.n_name", "(EXTRACT(year FROM orders.o_orderdate)) DESC"],"Sort Method": "quicksort","Sort Space Used": 13538,"Sort Space Type": "Memory","Workers": [{"Worker Number": 0,"Sort Method": "quicksort","Sort Space Used": 13960,"Sort Space Type": "Memory"},{"Worker Number": 1,"Sort Method": "quicksort","Sort Space Used": 14163,"Sort Space Type": "Memory"}],"Plans": [{"Node Type": "Hash Join","Parent Relationship": "Outer","Parallel Aware": false,"Async Capable": false,"Join Type": "Inner","Startup Cost": 3.13,"Total Cost": 46353.25,"Plan Rows": 61,"Plan Width": 159,"Actual Startup Time": 0.781,"Actual Total Time": 2145.248,"Actual Rows": 108616,"Actual Loops": 3,"Inner Unique": true,"Hash Cond": "(supplier.s_nationkey = nation.n_nationkey)","Workers": [],"Plans": [{"Node Type": "Nested Loop","Parent Relationship": "Outer","Parallel Aware": false,"Async Capable": false,"Join Type": "Inner","Startup Cost": 1.57,"Total Cost": 46351.35,"Plan Rows": 61,"Plan Width": 31,"Actual Startup Time": 0.588,"Actual Total Time": 2113.747,"Actual Rows": 108616,"Actual Loops": 3,"Inner Unique": true,"Workers": [],"Plans": [{"Node Type": "Nested Loop","Parent Relationship": "Outer","Parallel Aware": false,"Async Capable": false,"Join Type": "Inner","Startup Cost": 1.14,"Total Cost": 46322.98,"Plan Rows": 61,"Plan Width": 31,"Actual Startup Time": 0.441,"Actual Total Time": 984.535,"Actual Rows": 108616,"Actual Loops": 3,"Inner Unique": true,"Workers": [],"Plans": [{"Node Type": "Nested Loop","Parent Relationship": "Outer","Parallel Aware": false,"Async Capable": false,"Join Type": "Inner","Startup Cost": 0.86,"Total Cost": 46304.52,"Plan Rows": 61,"Plan Width": 35,"Actual Startup Time": 0.339,"Actual Total Time": 801.599,"Actual Rows": 108616,"Actual Loops": 3,"Inner Unique": false,"Workers": [],"Plans": [{"Node Type": "Nested Loop","Parent Relationship": "Outer","Parallel Aware": false,"Async Capable": false,"Join Type": "Inner","Startup Cost": 0.42,"Total Cost": 24846.16,"Plan Rows": 20202,"Plan Width": 18,"Actual Startup Time": 0.197,"Actual Total Time": 118.073,"Actual Rows": 14435,"Actual Loops": 3,"Inner Unique": false,"Workers": [],"Plans": [{"Node Type": "Seq Scan","Parent Relationship": "Outer","Parallel Aware": true,"Async Capable": false,"Relation Name": "part","Alias": "part","Startup Cost": 0.00,"Total Cost": 5138.67,"Plan Rows": 5051,"Plan Width": 4,"Actual Startup Time": 0.061,"Actual Total Time": 51.005,"Actual Rows": 3609,"Actual Loops": 3,"Filter": "((p_name)::text ~~ '%peru%'::text)","Rows Removed by Filter": 63058,"Workers": []},{"Node Type": "Index Scan","Parent Relationship": "Inner","Parallel Aware": false,"Async Capable": false,"Scan Direction": "Forward","Index Name": "idx_partsupp_partkey","Relation Name": "partsupp","Alias": "partsupp","Startup Cost": 0.42,"Total Cost": 3.86,"Plan Rows": 4,"Plan Width": 14,"Actual Startup Time": 0.014,"Actual Total Time": 0.018,"Actual Rows": 4,"Actual Loops": 10826,"Index Cond": "(ps_partkey = part.p_partkey)","Rows Removed by Index Recheck": 0,"Workers": []}]},{"Node Type": "Index Scan","Parent Relationship": "Inner","Parallel Aware": false,"Async Capable": false,"Scan Direction": "Forward","Index Name": "idx_lineitem_part_supp","Relation Name": "lineitem","Alias": "lineitem","Startup Cost": 0.43,"Total Cost": 1.05,"Plan Rows": 1,"Plan Width": 29,"Actual Startup Time": 0.007,"Actual Total Time": 0.046,"Actual Rows": 8,"Actual Loops": 43304,"Index Cond": "((l_partkey = partsupp.ps_partkey) AND (l_suppkey = partsupp.ps_suppkey))","Rows Removed by Index Recheck": 0,"Workers": []}]},{"Node Type": "Index Scan","Parent Relationship": "Inner","Parallel Aware": false,"Async Capable": false,"Scan Direction": "Forward","Index Name": "supplier_pkey","Relation Name": "supplier","Alias": "supplier","Startup Cost": 0.29,"Total Cost": 0.30,"Plan Rows": 1,"Plan Width": 8,"Actual Startup Time": 0.001,"Actual Total Time": 0.001,"Actual Rows": 1,"Actual Loops": 325847,"Index Cond": "(s_suppkey = lineitem.l_suppkey)","Rows Removed by Index Recheck": 0,"Workers": []}]},{"Node Type": "Index Scan","Parent Relationship": "Inner","Parallel Aware": false,"Async Capable": false,"Scan Direction": "Forward","Index Name": "orders_pkey","Relation Name": "orders","Alias": "orders","Startup Cost": 0.43,"Total Cost": 0.47,"Plan Rows": 1,"Plan Width": 8,"Actual Startup Time": 0.010,"Actual Total Time": 0.010,"Actual Rows": 1,"Actual Loops": 325847,"Index Cond": "(o_orderkey = lineitem.l_orderkey)","Rows Removed by Index Recheck": 0,"Workers": []}]},{"Node Type": "Hash","Parent Relationship": "Inner","Parallel Aware": false,"Async Capable": false,"Startup Cost": 1.25,"Total Cost": 1.25,"Plan Rows": 25,"Plan Width": 108,"Actual Startup Time": 0.087,"Actual Total Time": 0.096,"Actual Rows": 25,"Actual Loops": 3,"Hash Buckets": 1024,"Original Hash Buckets": 1024,"Hash Batches": 1,"Original Hash Batches": 1,"Peak Memory Usage": 10,"Workers": [],"Plans": [{"Node Type": "Seq Scan","Parent Relationship": "Outer","Parallel Aware": false,"Async Capable": false,"Relation Name": "nation","Alias": "nation","Startup Cost": 0.00,"Total Cost": 1.25,"Plan Rows": 25,"Plan Width": 108,"Actual Startup Time": 0.055,"Actual Total Time": 0.061,"Actual Rows": 25,"Actual Loops": 3,"Workers": []}]}]}]}]}]}]},"Planning Time": 12.956,"Triggers": [],"Execution Time": 2539.642}]
[{"Plan": {"Node Type": "Aggregate","Strategy": "Sorted","Partial Mode": "Finalize","Parallel Aware": false,"Async Capable": false,"Startup Cost": 47355.08,"Total Cost": 47374.71,"Plan Rows": 146,"Plan Width": 168,"Actual Startup Time": 2381.469,"Actual Total Time": 2536.102,"Actual Rows": 175,"Actual Loops": 1,"Group Key": ["nation.n_name", "(EXTRACT(year FROM orders.o_orderdate))"],"Plans": [{"Node Type": "Gather Merge","Parent Relationship": "Outer","Parallel Aware": false,"Async Capable": false,"Startup Cost": 47355.08,"Total Cost": 47371.30,"Plan Rows": 122,"Plan Width": 168,"Actual Startup Time": 2379.701,"Actual Total Time": 2535.664,"Actual Rows": 525,"Actual Loops": 1,"Workers Planned": 2,"Workers Launched": 2,"Plans": [{"Node Type": "Aggregate","Strategy": "Sorted","Partial Mode": "Partial","Parent Relationship": "Outer","Parallel Aware": false,"Async Capable": false,"Startup Cost": 46355.06,"Total Cost": 46357.20,"Plan Rows": 61,"Plan Width": 168,"Actual Startup Time": 2271.137,"Actual Total Time": 2390.068,"Actual Rows": 175,"Actual Loops": 3,"Group Key": ["nation.n_name", "(EXTRACT(year FROM orders.o_orderdate))"],"Workers": [],"Plans": [{"Node Type": "Sort","Parent Relationship": "Outer","Parallel Aware": false,"Async Capable": false,"Startup Cost": 46355.06,"Total Cost": 46355.21,"Plan Rows": 61,"Plan Width": 159,"Actual Startup Time": 2270.519,"Actual Total Time": 2308.045,"Actual Rows": 107900,"Actual Loops": 3,"Sort Key": ["nation.n_name", "(EXTRACT(year FROM orders.o_orderdate)) DESC"],"Sort Method": "quicksort","Sort Space Used": 13440,"Sort Space Type": "Memory","Workers": [{"Worker Number": 0,"Sort Method": "quicksort","Sort Space Used": 13938,"Sort Space Type": "Memory"},{"Worker Number": 1,"Sort Method": "quicksort","Sort Space Used": 14070,"Sort Space Type": "Memory"}],"Plans": [{"Node Type": "Hash Join","Parent Relationship": "Outer","Parallel Aware": false,"Async Capable": false,"Join Type": "Inner","Startup Cost": 3.13,"Total Cost": 46353.25,"Plan Rows": 61,"Plan Width": 159,"Actual Startup Time": 0.619,"Actual Total Time": 2122.592,"Actual Rows": 107900,"Actual Loops": 3,"Inner Unique": true,"Hash Cond": "(supplier.s_nationkey = nation.n_nationkey)","Workers": [],"Plans": [{"Node Type": "Nested Loop","Parent Relationship": "Outer","Parallel Aware": false,"Async Capable": false,"Join Type": "Inner","Startup Cost": 1.57,"Total Cost": 46351.35,"Plan Rows": 61,"Plan Width": 31,"Actual Startup Time": 0.408,"Actual Total Time": 2090.946,"Actual Rows": 107900,"Actual Loops": 3,"Inner Unique": true,"Workers": [],"Plans": [{"Node Type": "Nested Loop","Parent Relationship": "Outer","Parallel Aware": false,"Async Capable": false,"Join Type": "Inner","Startup Cost": 1.14,"Total Cost": 46322.98,"Plan Rows": 61,"Plan Width": 31,"Actual Startup Time": 0.323,"Actual Total Time": 973.422,"Actual Rows": 107900,"Actual Loops": 3,"Inner Unique": true,"Workers": [],"Plans": [{"Node Type": "Nested Loop","Parent Relationship": "Outer","Parallel Aware": false,"Async Capable": false,"Join Type": "Inner","Startup Cost": 0.86,"Total Cost": 46304.52,"Plan Rows": 61,"Plan Width": 35,"Actual Startup Time": 0.265,"Actual Total Time": 792.389,"Actual Rows": 107900,"Actual Loops": 3,"Inner Unique": false,"Workers": [],"Plans": [{"Node Type": "Nested Loop","Parent Relationship": "Outer","Parallel Aware": false,"Async Capable": false,"Join Type": "Inner","Startup Cost": 0.42,"Total Cost": 24846.16,"Plan Rows": 20202,"Plan Width": 18,"Actual Startup Time": 0.194,"Actual Total Time": 118.841,"Actual Rows": 14391,"Actual Loops": 3,"Inner Unique": false,"Workers": [],"Plans": [{"Node Type": "Seq Scan","Parent Relationship": "Outer","Parallel Aware": true,"Async Capable": false,"Relation Name": "part","Alias": "part","Startup Cost": 0.00,"Total Cost": 5138.67,"Plan Rows": 5051,"Plan Width": 4,"Actual Startup Time": 0.055,"Actual Total Time": 52.315,"Actual Rows": 3598,"Actual Loops": 3,"Filter": "((p_name)::text ~~ '%rose%'::text)","Rows Removed by Filter": 63069,"Workers": []},{"Node Type": "Index Scan","Parent Relationship": "Inner","Parallel Aware": false,"Async Capable": false,"Scan Direction": "Forward","Index Name": "idx_partsupp_partkey","Relation Name": "partsupp","Alias": "partsupp","Startup Cost": 0.42,"Total Cost": 3.86,"Plan Rows": 4,"Plan Width": 14,"Actual Startup Time": 0.014,"Actual Total Time": 0.018,"Actual Rows": 4,"Actual Loops": 10793,"Index Cond": "(ps_partkey = part.p_partkey)","Rows Removed by Index Recheck": 0,"Workers": []}]},{"Node Type": "Index Scan","Parent Relationship": "Inner","Parallel Aware": false,"Async Capable": false,"Scan Direction": "Forward","Index Name": "idx_lineitem_part_supp","Relation Name": "lineitem","Alias": "lineitem","Startup Cost": 0.43,"Total Cost": 1.05,"Plan Rows": 1,"Plan Width": 29,"Actual Startup Time": 0.007,"Actual Total Time": 0.045,"Actual Rows": 7,"Actual Loops": 43172,"Index Cond": "((l_partkey = partsupp.ps_partkey) AND (l_suppkey = partsupp.ps_suppkey))","Rows Removed by Index Recheck": 0,"Workers": []}]},{"Node Type": "Index Scan","Parent Relationship": "Inner","Parallel Aware": false,"Async Capable": false,"Scan Direction": "Forward","Index Name": "supplier_pkey","Relation Name": "supplier","Alias": "supplier","Startup Cost": 0.29,"Total Cost": 0.30,"Plan Rows": 1,"Plan Width": 8,"Actual Startup Time": 0.001,"Actual Total Time": 0.001,"Actual Rows": 1,"Actual Loops": 323699,"Index Cond": "(s_suppkey = lineitem.l_suppkey)","Rows Removed by Index Recheck": 0,"Workers": []}]},{"Node Type": "Index Scan","Parent Relationship": "Inner","Parallel Aware": false,"Async Capable": false,"Scan Direction": "Forward","Index Name": "orders_pkey","Relation Name": "orders","Alias": "orders","Startup Cost": 0.43,"Total Cost": 0.47,"Plan Rows": 1,"Plan Width": 8,"Actual Startup Time": 0.010,"Actual Total Time": 0.010,"Actual Rows": 1,"Actual Loops": 323699,"Index Cond": "(o_orderkey = lineitem.l_orderkey)","Rows Removed by Index Recheck": 0,"Workers": []}]},{"Node Type": "Hash","Parent Relationship": "Inner","Parallel Aware": false,"Async Capable": false,"Startup Cost": 1.25,"Total Cost": 1.25,"Plan Rows": 25,"Plan Width": 108,"Actual Startup Time": 0.106,"Actual Total Time": 0.116,"Actual Rows": 25,"Actual Loops": 3,"Hash Buckets": 1024,"Original Hash Buckets": 1024,"Hash Batches": 1,"Original Hash Batches": 1,"Peak Memory Usage": 10,"Workers": [],"Plans": [{"Node Type": "Seq Scan","Parent Relationship": "Outer","Parallel Aware": false,"Async Capable": false,"Relation Name": "nation","Alias": "nation","Startup Cost": 0.00,"Total Cost": 1.25,"Plan Rows": 25,"Plan Width": 108,"Actual Startup Time": 0.077,"Actual Total Time": 0.084,"Actual Rows": 25,"Actual Loops": 3,"Workers": []}]}]}]}]}]}]},"Planning Time": 10.972,"Triggers": [],"Execution Time": 2540.598}]
[{"Plan": {"Node Type": "Aggregate","Strategy": "Sorted","Partial Mode": "Finalize","Parallel Aware": false,"Async Capable": false,"Startup Cost": 41381.04,"Total Cost": 41397.45,"Plan Rows": 122,"Plan Width": 168,"Actual Startup Time": 2450.148,"Actual Total Time": 2534.975,"Actual Rows": 175,"Actual Loops": 1,"Group Key": ["nation.n_name", "(EXTRACT(year FROM orders.o_orderdate))"],"Plans": [{"Node Type": "Gather Merge","Parent Relationship": "Outer","Parallel Aware": false,"Async Capable": false,"Startup Cost": 41381.04,"Total Cost": 41394.60,"Plan Rows": 102,"Plan Width": 168,"Actual Startup Time": 2448.558,"Actual Total Time": 2534.429,"Actual Rows": 525,"Actual Loops": 1,"Workers Planned": 2,"Workers Launched": 2,"Plans": [{"Node Type": "Aggregate","Strategy": "Sorted","Partial Mode": "Partial","Parent Relationship": "Outer","Parallel Aware": false,"Async Capable": false,"Startup Cost": 40381.01,"Total Cost": 40382.80,"Plan Rows": 51,"Plan Width": 168,"Actual Startup Time": 2320.131,"Actual Total Time": 2442.177,"Actual Rows": 175,"Actual Loops": 3,"Group Key": ["nation.n_name", "(EXTRACT(year FROM orders.o_orderdate))"],"Workers": [],"Plans": [{"Node Type": "Sort","Parent Relationship": "Outer","Parallel Aware": false,"Async Capable": false,"Startup Cost": 40381.01,"Total Cost": 40381.14,"Plan Rows": 51,"Plan Width": 159,"Actual Startup Time": 2319.540,"Actual Total Time": 2359.449,"Actual Rows": 108975,"Actual Loops": 3,"Sort Key": ["nation.n_name", "(EXTRACT(year FROM orders.o_orderdate)) DESC"],"Sort Method": "quicksort","Sort Space Used": 13700,"Sort Space Type": "Memory","Workers": [{"Worker Number": 0,"Sort Method": "quicksort","Sort Space Used": 13962,"Sort Space Type": "Memory"},{"Worker Number": 1,"Sort Method": "quicksort","Sort Space Used": 14110,"Sort Space Type": "Memory"}],"Plans": [{"Node Type": "Hash Join","Parent Relationship": "Outer","Parallel Aware": false,"Async Capable": false,"Join Type": "Inner","Startup Cost": 3.13,"Total Cost": 40379.57,"Plan Rows": 51,"Plan Width": 159,"Actual Startup Time": 0.665,"Actual Total Time": 2161.485,"Actual Rows": 108975,"Actual Loops": 3,"Inner Unique": true,"Hash Cond": "(supplier.s_nationkey = nation.n_nationkey)","Workers": [],"Plans": [{"Node Type": "Nested Loop","Parent Relationship": "Outer","Parallel Aware": false,"Async Capable": false,"Join Type": "Inner","Startup Cost": 1.57,"Total Cost": 40377.72,"Plan Rows": 51,"Plan Width": 31,"Actual Startup Time": 0.476,"Actual Total Time": 2130.088,"Actual Rows": 108975,"Actual Loops": 3,"Inner Unique": true,"Workers": [],"Plans": [{"Node Type": "Nested Loop","Parent Relationship": "Outer","Parallel Aware": false,"Async Capable": false,"Join Type": "Inner","Startup Cost": 1.14,"Total Cost": 40354.00,"Plan Rows": 51,"Plan Width": 31,"Actual Startup Time": 0.358,"Actual Total Time": 991.301,"Actual Rows": 108975,"Actual Loops": 3,"Inner Unique": true,"Workers": [],"Plans": [{"Node Type": "Nested Loop","Parent Relationship": "Outer","Parallel Aware": false,"Async Capable": false,"Join Type": "Inner","Startup Cost": 0.86,"Total Cost": 40338.56,"Plan Rows": 51,"Plan Width": 35,"Actual Startup Time": 0.273,"Actual Total Time": 807.397,"Actual Rows": 108975,"Actual Loops": 3,"Inner Unique": false,"Workers": [],"Plans": [{"Node Type": "Nested Loop","Parent Relationship": "Outer","Parallel Aware": false,"Async Capable": false,"Join Type": "Inner","Startup Cost": 0.42,"Total Cost": 22456.59,"Plan Rows": 16835,"Plan Width": 18,"Actual Startup Time": 0.178,"Actual Total Time": 117.714,"Actual Rows": 14541,"Actual Loops": 3,"Inner Unique": false,"Workers": [],"Plans": [{"Node Type": "Seq Scan","Parent Relationship": "Outer","Parallel Aware": true,"Async Capable": false,"Relation Name": "part","Alias": "part","Startup Cost": 0.00,"Total Cost": 5138.67,"Plan Rows": 4209,"Plan Width": 4,"Actual Startup Time": 0.056,"Actual Total Time": 50.629,"Actual Rows": 3635,"Actual Loops": 3,"Filter": "((p_name)::text ~~ '%honeydew%'::text)","Rows Removed by Filter": 63031,"Workers": []},{"Node Type": "Index Scan","Parent Relationship": "Inner","Parallel Aware": false,"Async Capable": false,"Scan Direction": "Forward","Index Name": "idx_partsupp_partkey","Relation Name": "partsupp","Alias": "partsupp","Startup Cost": 0.42,"Total Cost": 4.07,"Plan Rows": 4,"Plan Width": 14,"Actual Startup Time": 0.014,"Actual Total Time": 0.018,"Actual Rows": 4,"Actual Loops": 10906,"Index Cond": "(ps_partkey = part.p_partkey)","Rows Removed by Index Recheck": 0,"Workers": []}]},{"Node Type": "Index Scan","Parent Relationship": "Inner","Parallel Aware": false,"Async Capable": false,"Scan Direction": "Forward","Index Name": "idx_lineitem_part_supp","Relation Name": "lineitem","Alias": "lineitem","Startup Cost": 0.43,"Total Cost": 1.05,"Plan Rows": 1,"Plan Width": 29,"Actual Startup Time": 0.007,"Actual Total Time": 0.046,"Actual Rows": 7,"Actual Loops": 43624,"Index Cond": "((l_partkey = partsupp.ps_partkey) AND (l_suppkey = partsupp.ps_suppkey))","Rows Removed by Index Recheck": 0,"Workers": []}]},{"Node Type": "Index Scan","Parent Relationship": "Inner","Parallel Aware": false,"Async Capable": false,"Scan Direction": "Forward","Index Name": "supplier_pkey","Relation Name": "supplier","Alias": "supplier","Startup Cost": 0.29,"Total Cost": 0.30,"Plan Rows": 1,"Plan Width": 8,"Actual Startup Time": 0.001,"Actual Total Time": 0.001,"Actual Rows": 1,"Actual Loops": 326925,"Index Cond": "(s_suppkey = lineitem.l_suppkey)","Rows Removed by Index Recheck": 0,"Workers": []}]},{"Node Type": "Index Scan","Parent Relationship": "Inner","Parallel Aware": false,"Async Capable": false,"Scan Direction": "Forward","Index Name": "orders_pkey","Relation Name": "orders","Alias": "orders","Startup Cost": 0.43,"Total Cost": 0.47,"Plan Rows": 1,"Plan Width": 8,"Actual Startup Time": 0.010,"Actual Total Time": 0.010,"Actual Rows": 1,"Actual Loops": 326925,"Index Cond": "(o_orderkey = lineitem.l_orderkey)","Rows Removed by Index Recheck": 0,"Workers": []}]},{"Node Type": "Hash","Parent Relationship": "Inner","Parallel Aware": false,"Async Capable": false,"Startup Cost": 1.25,"Total Cost": 1.25,"Plan Rows": 25,"Plan Width": 108,"Actual Startup Time": 0.092,"Actual Total Time": 0.113,"Actual Rows": 25,"Actual Loops": 3,"Hash Buckets": 1024,"Original Hash Buckets": 1024,"Hash Batches": 1,"Original Hash Batches": 1,"Peak Memory Usage": 10,"Workers": [],"Plans": [{"Node Type": "Seq Scan","Parent Relationship": "Outer","Parallel Aware": false,"Async Capable": false,"Relation Name": "nation","Alias": "nation","Startup Cost": 0.00,"Total Cost": 1.25,"Plan Rows": 25,"Plan Width": 108,"Actual Startup Time": 0.053,"Actual Total Time": 0.073,"Actual Rows": 25,"Actual Loops": 3,"Workers": []}]}]}]}]}]}]},"Planning Time": 12.409,"Triggers": [],"Execution Time": 2536.448}]
[{"Plan": {"Node Type": "Aggregate","Strategy": "Sorted","Partial Mode": "Finalize","Parallel Aware": false,"Async Capable": false,"Startup Cost": 47355.08,"Total Cost": 47374.71,"Plan Rows": 146,"Plan Width": 168,"Actual Startup Time": 2443.289,"Actual Total Time": 2646.846,"Actual Rows": 175,"Actual Loops": 1,"Group Key": ["nation.n_name", "(EXTRACT(year FROM orders.o_orderdate))"],"Plans": [{"Node Type": "Gather Merge","Parent Relationship": "Outer","Parallel Aware": false,"Async Capable": false,"Startup Cost": 47355.08,"Total Cost": 47371.30,"Plan Rows": 122,"Plan Width": 168,"Actual Startup Time": 2441.379,"Actual Total Time": 2646.389,"Actual Rows": 525,"Actual Loops": 1,"Workers Planned": 2,"Workers Launched": 2,"Plans": [{"Node Type": "Aggregate","Strategy": "Sorted","Partial Mode": "Partial","Parent Relationship": "Outer","Parallel Aware": false,"Async Capable": false,"Startup Cost": 46355.06,"Total Cost": 46357.20,"Plan Rows": 61,"Plan Width": 168,"Actual Startup Time": 2344.628,"Actual Total Time": 2481.185,"Actual Rows": 175,"Actual Loops": 3,"Group Key": ["nation.n_name", "(EXTRACT(year FROM orders.o_orderdate))"],"Workers": [],"Plans": [{"Node Type": "Sort","Parent Relationship": "Outer","Parallel Aware": false,"Async Capable": false,"Startup Cost": 46355.06,"Total Cost": 46355.21,"Plan Rows": 61,"Plan Width": 159,"Actual Startup Time": 2343.975,"Actual Total Time": 2393.214,"Actual Rows": 108196,"Actual Loops": 3,"Sort Key": ["nation.n_name", "(EXTRACT(year FROM orders.o_orderdate)) DESC"],"Sort Method": "quicksort","Sort Space Used": 14440,"Sort Space Type": "Memory","Workers": [{"Worker Number": 0,"Sort Method": "quicksort","Sort Space Used": 13552,"Sort Space Type": "Memory"},{"Worker Number": 1,"Sort Method": "quicksort","Sort Space Used": 13546,"Sort Space Type": "Memory"}],"Plans": [{"Node Type": "Hash Join","Parent Relationship": "Outer","Parallel Aware": false,"Async Capable": false,"Join Type": "Inner","Startup Cost": 3.13,"Total Cost": 46353.25,"Plan Rows": 61,"Plan Width": 159,"Actual Startup Time": 0.737,"Actual Total Time": 2187.877,"Actual Rows": 108196,"Actual Loops": 3,"Inner Unique": true,"Hash Cond": "(supplier.s_nationkey = nation.n_nationkey)","Workers": [],"Plans": [{"Node Type": "Nested Loop","Parent Relationship": "Outer","Parallel Aware": false,"Async Capable": false,"Join Type": "Inner","Startup Cost": 1.57,"Total Cost": 46351.35,"Plan Rows": 61,"Plan Width": 31,"Actual Startup Time": 0.541,"Actual Total Time": 2156.168,"Actual Rows": 108196,"Actual Loops": 3,"Inner Unique": true,"Workers": [],"Plans": [{"Node Type": "Nested Loop","Parent Relationship": "Outer","Parallel Aware": false,"Async Capable": false,"Join Type": "Inner","Startup Cost": 1.14,"Total Cost": 46322.98,"Plan Rows": 61,"Plan Width": 31,"Actual Startup Time": 0.417,"Actual Total Time": 1004.407,"Actual Rows": 108196,"Actual Loops": 3,"Inner Unique": true,"Workers": [],"Plans": [{"Node Type": "Nested Loop","Parent Relationship": "Outer","Parallel Aware": false,"Async Capable": false,"Join Type": "Inner","Startup Cost": 0.86,"Total Cost": 46304.52,"Plan Rows": 61,"Plan Width": 35,"Actual Startup Time": 0.314,"Actual Total Time": 819.610,"Actual Rows": 108196,"Actual Loops": 3,"Inner Unique": false,"Workers": [],"Plans": [{"Node Type": "Nested Loop","Parent Relationship": "Outer","Parallel Aware": false,"Async Capable": false,"Join Type": "Inner","Startup Cost": 0.42,"Total Cost": 24846.16,"Plan Rows": 20202,"Plan Width": 18,"Actual Startup Time": 0.182,"Actual Total Time": 113.565,"Actual Rows": 14448,"Actual Loops": 3,"Inner Unique": false,"Workers": [],"Plans": [{"Node Type": "Seq Scan","Parent Relationship": "Outer","Parallel Aware": true,"Async Capable": false,"Relation Name": "part","Alias": "part","Startup Cost": 0.00,"Total Cost": 5138.67,"Plan Rows": 5051,"Plan Width": 4,"Actual Startup Time": 0.053,"Actual Total Time": 48.139,"Actual Rows": 3612,"Actual Loops": 3,"Filter": "((p_name)::text ~~ '%pale%'::text)","Rows Removed by Filter": 63055,"Workers": []},{"Node Type": "Index Scan","Parent Relationship": "Inner","Parallel Aware": false,"Async Capable": false,"Scan Direction": "Forward","Index Name": "idx_partsupp_partkey","Relation Name": "partsupp","Alias": "partsupp","Startup Cost": 0.42,"Total Cost": 3.86,"Plan Rows": 4,"Plan Width": 14,"Actual Startup Time": 0.014,"Actual Total Time": 0.017,"Actual Rows": 4,"Actual Loops": 10836,"Index Cond": "(ps_partkey = part.p_partkey)","Rows Removed by Index Recheck": 0,"Workers": []}]},{"Node Type": "Index Scan","Parent Relationship": "Inner","Parallel Aware": false,"Async Capable": false,"Scan Direction": "Forward","Index Name": "idx_lineitem_part_supp","Relation Name": "lineitem","Alias": "lineitem","Startup Cost": 0.43,"Total Cost": 1.05,"Plan Rows": 1,"Plan Width": 29,"Actual Startup Time": 0.007,"Actual Total Time": 0.047,"Actual Rows": 7,"Actual Loops": 43344,"Index Cond": "((l_partkey = partsupp.ps_partkey) AND (l_suppkey = partsupp.ps_suppkey))","Rows Removed by Index Recheck": 0,"Workers": []}]},{"Node Type": "Index Scan","Parent Relationship": "Inner","Parallel Aware": false,"Async Capable": false,"Scan Direction": "Forward","Index Name": "supplier_pkey","Relation Name": "supplier","Alias": "supplier","Startup Cost": 0.29,"Total Cost": 0.30,"Plan Rows": 1,"Plan Width": 8,"Actual Startup Time": 0.001,"Actual Total Time": 0.001,"Actual Rows": 1,"Actual Loops": 324587,"Index Cond": "(s_suppkey = lineitem.l_suppkey)","Rows Removed by Index Recheck": 0,"Workers": []}]},{"Node Type": "Index Scan","Parent Relationship": "Inner","Parallel Aware": false,"Async Capable": false,"Scan Direction": "Forward","Index Name": "orders_pkey","Relation Name": "orders","Alias": "orders","Startup Cost": 0.43,"Total Cost": 0.47,"Plan Rows": 1,"Plan Width": 8,"Actual Startup Time": 0.010,"Actual Total Time": 0.010,"Actual Rows": 1,"Actual Loops": 324587,"Index Cond": "(o_orderkey = lineitem.l_orderkey)","Rows Removed by Index Recheck": 0,"Workers": []}]},{"Node Type": "Hash","Parent Relationship": "Inner","Parallel Aware": false,"Async Capable": false,"Startup Cost": 1.25,"Total Cost": 1.25,"Plan Rows": 25,"Plan Width": 108,"Actual Startup Time": 0.093,"Actual Total Time": 0.102,"Actual Rows": 25,"Actual Loops": 3,"Hash Buckets": 1024,"Original Hash Buckets": 1024,"Hash Batches": 1,"Original Hash Batches": 1,"Peak Memory Usage": 10,"Workers": [],"Plans": [{"Node Type": "Seq Scan","Parent Relationship": "Outer","Parallel Aware": false,"Async Capable": false,"Relation Name": "nation","Alias": "nation","Startup Cost": 0.00,"Total Cost": 1.25,"Plan Rows": 25,"Plan Width": 108,"Actual Startup Time": 0.063,"Actual Total Time": 0.070,"Actual Rows": 25,"Actual Loops": 3,"Workers": []}]}]}]}]}]}]},"Planning Time": 11.644,"Triggers": [],"Execution Time": 2649.913}]
[{"Plan": {"Node Type": "Aggregate","Strategy": "Sorted","Partial Mode": "Finalize","Parallel Aware": false,"Async Capable": false,"Startup Cost": 47355.08,"Total Cost": 47374.71,"Plan Rows": 146,"Plan Width": 168,"Actual Startup Time": 2488.313,"Actual Total Time": 2622.431,"Actual Rows": 175,"Actual Loops": 1,"Group Key": ["nation.n_name", "(EXTRACT(year FROM orders.o_orderdate))"],"Plans": [{"Node Type": "Gather Merge","Parent Relationship": "Outer","Parallel Aware": false,"Async Capable": false,"Startup Cost": 47355.08,"Total Cost": 47371.30,"Plan Rows": 122,"Plan Width": 168,"Actual Startup Time": 2486.292,"Actual Total Time": 2621.908,"Actual Rows": 525,"Actual Loops": 1,"Workers Planned": 2,"Workers Launched": 2,"Plans": [{"Node Type": "Aggregate","Strategy": "Sorted","Partial Mode": "Partial","Parent Relationship": "Outer","Parallel Aware": false,"Async Capable": false,"Startup Cost": 46355.06,"Total Cost": 46357.20,"Plan Rows": 61,"Plan Width": 168,"Actual Startup Time": 2352.837,"Actual Total Time": 2491.136,"Actual Rows": 175,"Actual Loops": 3,"Group Key": ["nation.n_name", "(EXTRACT(year FROM orders.o_orderdate))"],"Workers": [],"Plans": [{"Node Type": "Sort","Parent Relationship": "Outer","Parallel Aware": false,"Async Capable": false,"Startup Cost": 46355.06,"Total Cost": 46355.21,"Plan Rows": 61,"Plan Width": 159,"Actual Startup Time": 2352.058,"Actual Total Time": 2401.707,"Actual Rows": 109389,"Actual Loops": 3,"Sort Key": ["nation.n_name", "(EXTRACT(year FROM orders.o_orderdate)) DESC"],"Sort Method": "quicksort","Sort Space Used": 13819,"Sort Space Type": "Memory","Workers": [{"Worker Number": 0,"Sort Method": "quicksort","Sort Space Used": 14069,"Sort Space Type": "Memory"},{"Worker Number": 1,"Sort Method": "quicksort","Sort Space Used": 14004,"Sort Space Type": "Memory"}],"Plans": [{"Node Type": "Hash Join","Parent Relationship": "Outer","Parallel Aware": false,"Async Capable": false,"Join Type": "Inner","Startup Cost": 3.13,"Total Cost": 46353.25,"Plan Rows": 61,"Plan Width": 159,"Actual Startup Time": 0.598,"Actual Total Time": 2192.654,"Actual Rows": 109389,"Actual Loops": 3,"Inner Unique": true,"Hash Cond": "(supplier.s_nationkey = nation.n_nationkey)","Workers": [],"Plans": [{"Node Type": "Nested Loop","Parent Relationship": "Outer","Parallel Aware": false,"Async Capable": false,"Join Type": "Inner","Startup Cost": 1.57,"Total Cost": 46351.35,"Plan Rows": 61,"Plan Width": 31,"Actual Startup Time": 0.445,"Actual Total Time": 2160.825,"Actual Rows": 109389,"Actual Loops": 3,"Inner Unique": true,"Workers": [],"Plans": [{"Node Type": "Nested Loop","Parent Relationship": "Outer","Parallel Aware": false,"Async Capable": false,"Join Type": "Inner","Startup Cost": 1.14,"Total Cost": 46322.98,"Plan Rows": 61,"Plan Width": 31,"Actual Startup Time": 0.344,"Actual Total Time": 1000.384,"Actual Rows": 109389,"Actual Loops": 3,"Inner Unique": true,"Workers": [],"Plans": [{"Node Type": "Nested Loop","Parent Relationship": "Outer","Parallel Aware": false,"Async Capable": false,"Join Type": "Inner","Startup Cost": 0.86,"Total Cost": 46304.52,"Plan Rows": 61,"Plan Width": 35,"Actual Startup Time": 0.255,"Actual Total Time": 813.822,"Actual Rows": 109389,"Actual Loops": 3,"Inner Unique": false,"Workers": [],"Plans": [{"Node Type": "Nested Loop","Parent Relationship": "Outer","Parallel Aware": false,"Async Capable": false,"Join Type": "Inner","Startup Cost": 0.42,"Total Cost": 24846.16,"Plan Rows": 20202,"Plan Width": 18,"Actual Startup Time": 0.151,"Actual Total Time": 119.110,"Actual Rows": 14613,"Actual Loops": 3,"Inner Unique": false,"Workers": [],"Plans": [{"Node Type": "Seq Scan","Parent Relationship": "Outer","Parallel Aware": true,"Async Capable": false,"Relation Name": "part","Alias": "part","Startup Cost": 0.00,"Total Cost": 5138.67,"Plan Rows": 5051,"Plan Width": 4,"Actual Startup Time": 0.060,"Actual Total Time": 51.487,"Actual Rows": 3653,"Actual Loops": 3,"Filter": "((p_name)::text ~~ '%sienna%'::text)","Rows Removed by Filter": 63013,"Workers": []},{"Node Type": "Index Scan","Parent Relationship": "Inner","Parallel Aware": false,"Async Capable": false,"Scan Direction": "Forward","Index Name": "idx_partsupp_partkey","Relation Name": "partsupp","Alias": "partsupp","Startup Cost": 0.42,"Total Cost": 3.86,"Plan Rows": 4,"Plan Width": 14,"Actual Startup Time": 0.014,"Actual Total Time": 0.018,"Actual Rows": 4,"Actual Loops": 10960,"Index Cond": "(ps_partkey = part.p_partkey)","Rows Removed by Index Recheck": 0,"Workers": []}]},{"Node Type": "Index Scan","Parent Relationship": "Inner","Parallel Aware": false,"Async Capable": false,"Scan Direction": "Forward","Index Name": "idx_lineitem_part_supp","Relation Name": "lineitem","Alias": "lineitem","Startup Cost": 0.43,"Total Cost": 1.05,"Plan Rows": 1,"Plan Width": 29,"Actual Startup Time": 0.007,"Actual Total Time": 0.046,"Actual Rows": 7,"Actual Loops": 43840,"Index Cond": "((l_partkey = partsupp.ps_partkey) AND (l_suppkey = partsupp.ps_suppkey))","Rows Removed by Index Recheck": 0,"Workers": []}]},{"Node Type": "Index Scan","Parent Relationship": "Inner","Parallel Aware": false,"Async Capable": false,"Scan Direction": "Forward","Index Name": "supplier_pkey","Relation Name": "supplier","Alias": "supplier","Startup Cost": 0.29,"Total Cost": 0.30,"Plan Rows": 1,"Plan Width": 8,"Actual Startup Time": 0.001,"Actual Total Time": 0.001,"Actual Rows": 1,"Actual Loops": 328167,"Index Cond": "(s_suppkey = lineitem.l_suppkey)","Rows Removed by Index Recheck": 0,"Workers": []}]},{"Node Type": "Index Scan","Parent Relationship": "Inner","Parallel Aware": false,"Async Capable": false,"Scan Direction": "Forward","Index Name": "orders_pkey","Relation Name": "orders","Alias": "orders","Startup Cost": 0.43,"Total Cost": 0.47,"Plan Rows": 1,"Plan Width": 8,"Actual Startup Time": 0.010,"Actual Total Time": 0.010,"Actual Rows": 1,"Actual Loops": 328167,"Index Cond": "(o_orderkey = lineitem.l_orderkey)","Rows Removed by Index Recheck": 0,"Workers": []}]},{"Node Type": "Hash","Parent Relationship": "Inner","Parallel Aware": false,"Async Capable": false,"Startup Cost": 1.25,"Total Cost": 1.25,"Plan Rows": 25,"Plan Width": 108,"Actual Startup Time": 0.071,"Actual Total Time": 0.091,"Actual Rows": 25,"Actual Loops": 3,"Hash Buckets": 1024,"Original Hash Buckets": 1024,"Hash Batches": 1,"Original Hash Batches": 1,"Peak Memory Usage": 10,"Workers": [],"Plans": [{"Node Type": "Seq Scan","Parent Relationship": "Outer","Parallel Aware": false,"Async Capable": false,"Relation Name": "nation","Alias": "nation","Startup Cost": 0.00,"Total Cost": 1.25,"Plan Rows": 25,"Plan Width": 108,"Actual Startup Time": 0.047,"Actual Total Time": 0.063,"Actual Rows": 25,"Actual Loops": 3,"Workers": []}]}]}]}]}]}]},"Planning Time": 12.717,"Triggers": [],"Execution Time": 2624.148}]
[{"Plan": {"Node Type": "Aggregate","Strategy": "Sorted","Partial Mode": "Finalize","Parallel Aware": false,"Async Capable": false,"Startup Cost": 47355.08,"Total Cost": 47374.71,"Plan Rows": 146,"Plan Width": 168,"Actual Startup Time": 2415.786,"Actual Total Time": 2534.768,"Actual Rows": 175,"Actual Loops": 1,"Group Key": ["nation.n_name", "(EXTRACT(year FROM orders.o_orderdate))"],"Plans": [{"Node Type": "Gather Merge","Parent Relationship": "Outer","Parallel Aware": false,"Async Capable": false,"Startup Cost": 47355.08,"Total Cost": 47371.30,"Plan Rows": 122,"Plan Width": 168,"Actual Startup Time": 2414.157,"Actual Total Time": 2534.359,"Actual Rows": 525,"Actual Loops": 1,"Workers Planned": 2,"Workers Launched": 2,"Plans": [{"Node Type": "Aggregate","Strategy": "Sorted","Partial Mode": "Partial","Parent Relationship": "Outer","Parallel Aware": false,"Async Capable": false,"Startup Cost": 46355.06,"Total Cost": 46357.20,"Plan Rows": 61,"Plan Width": 168,"Actual Startup Time": 2297.371,"Actual Total Time": 2422.591,"Actual Rows": 175,"Actual Loops": 3,"Group Key": ["nation.n_name", "(EXTRACT(year FROM orders.o_orderdate))"],"Workers": [],"Plans": [{"Node Type": "Sort","Parent Relationship": "Outer","Parallel Aware": false,"Async Capable": false,"Startup Cost": 46355.06,"Total Cost": 46355.21,"Plan Rows": 61,"Plan Width": 159,"Actual Startup Time": 2296.734,"Actual Total Time": 2338.671,"Actual Rows": 108616,"Actual Loops": 3,"Sort Key": ["nation.n_name", "(EXTRACT(year FROM orders.o_orderdate)) DESC"],"Sort Method": "quicksort","Sort Space Used": 13538,"Sort Space Type": "Memory","Workers": [{"Worker Number": 0,"Sort Method": "quicksort","Sort Space Used": 13960,"Sort Space Type": "Memory"},{"Worker Number": 1,"Sort Method": "quicksort","Sort Space Used": 14163,"Sort Space Type": "Memory"}],"Plans": [{"Node Type": "Hash Join","Parent Relationship": "Outer","Parallel Aware": false,"Async Capable": false,"Join Type": "Inner","Startup Cost": 3.13,"Total Cost": 46353.25,"Plan Rows": 61,"Plan Width": 159,"Actual Startup Time": 0.781,"Actual Total Time": 2145.248,"Actual Rows": 108616,"Actual Loops": 3,"Inner Unique": true,"Hash Cond": "(supplier.s_nationkey = nation.n_nationkey)","Workers": [],"Plans": [{"Node Type": "Nested Loop","Parent Relationship": "Outer","Parallel Aware": false,"Async Capable": false,"Join Type": "Inner","Startup Cost": 1.57,"Total Cost": 46351.35,"Plan Rows": 61,"Plan Width": 31,"Actual Startup Time": 0.588,"Actual Total Time": 2113.747,"Actual Rows": 108616,"Actual Loops": 3,"Inner Unique": true,"Workers": [],"Plans": [{"Node Type": "Nested Loop","Parent Relationship": "Outer","Parallel Aware": false,"Async Capable": false,"Join Type": "Inner","Startup Cost": 1.14,"Total Cost": 46322.98,"Plan Rows": 61,"Plan Width": 31,"Actual Startup Time": 0.441,"Actual Total Time": 984.535,"Actual Rows": 108616,"Actual Loops": 3,"Inner Unique": true,"Workers": [],"Plans": [{"Node Type": "Nested Loop","Parent Relationship": "Outer","Parallel Aware": false,"Async Capable": false,"Join Type": "Inner","Startup Cost": 0.86,"Total Cost": 46304.52,"Plan Rows": 61,"Plan Width": 35,"Actual Startup Time": 0.339,"Actual Total Time": 801.599,"Actual Rows": 108616,"Actual Loops": 3,"Inner Unique": false,"Workers": [],"Plans": [{"Node Type": "Nested Loop","Parent Relationship": "Outer","Parallel Aware": false,"Async Capable": false,"Join Type": "Inner","Startup Cost": 0.42,"Total Cost": 24846.16,"Plan Rows": 20202,"Plan Width": 18,"Actual Startup Time": 0.197,"Actual Total Time": 118.073,"Actual Rows": 14435,"Actual Loops": 3,"Inner Unique": false,"Workers": [],"Plans": [{"Node Type": "Seq Scan","Parent Relationship": "Outer","Parallel Aware": true,"Async Capable": false,"Relation Name": "part","Alias": "part","Startup Cost": 0.00,"Total Cost": 5138.67,"Plan Rows": 5051,"Plan Width": 4,"Actual Startup Time": 0.061,"Actual Total Time": 51.005,"Actual Rows": 3609,"Actual Loops": 3,"Filter": "((p_name)::text ~~ '%peru%'::text)","Rows Removed by Filter": 63058,"Workers": []},{"Node Type": "Index Scan","Parent Relationship": "Inner","Parallel Aware": false,"Async Capable": false,"Scan Direction": "Forward","Index Name": "idx_partsupp_partkey","Relation Name": "partsupp","Alias": "partsupp","Startup Cost": 0.42,"Total Cost": 3.86,"Plan Rows": 4,"Plan Width": 14,"Actual Startup Time": 0.014,"Actual Total Time": 0.018,"Actual Rows": 4,"Actual Loops": 10826,"Index Cond": "(ps_partkey = part.p_partkey)","Rows Removed by Index Recheck": 0,"Workers": []}]},{"Node Type": "Index Scan","Parent Relationship": "Inner","Parallel Aware": false,"Async Capable": false,"Scan Direction": "Forward","Index Name": "idx_lineitem_part_supp","Relation Name": "lineitem","Alias": "lineitem","Startup Cost": 0.43,"Total Cost": 1.05,"Plan Rows": 1,"Plan Width": 29,"Actual Startup Time": 0.007,"Actual Total Time": 0.046,"Actual Rows": 8,"Actual Loops": 43304,"Index Cond": "((l_partkey = partsupp.ps_partkey) AND (l_suppkey = partsupp.ps_suppkey))","Rows Removed by Index Recheck": 0,"Workers": []}]},{"Node Type": "Index Scan","Parent Relationship": "Inner","Parallel Aware": false,"Async Capable": false,"Scan Direction": "Forward","Index Name": "supplier_pkey","Relation Name": "supplier","Alias": "supplier","Startup Cost": 0.29,"Total Cost": 0.30,"Plan Rows": 1,"Plan Width": 8,"Actual Startup Time": 0.001,"Actual Total Time": 0.001,"Actual Rows": 1,"Actual Loops": 325847,"Index Cond": "(s_suppkey = lineitem.l_suppkey)","Rows Removed by Index Recheck": 0,"Workers": []}]},{"Node Type": "Index Scan","Parent Relationship": "Inner","Parallel Aware": false,"Async Capable": false,"Scan Direction": "Forward","Index Name": "orders_pkey","Relation Name": "orders","Alias": "orders","Startup Cost": 0.43,"Total Cost": 0.47,"Plan Rows": 1,"Plan Width": 8,"Actual Startup Time": 0.010,"Actual Total Time": 0.010,"Actual Rows": 1,"Actual Loops": 325847,"Index Cond": "(o_orderkey = lineitem.l_orderkey)","Rows Removed by Index Recheck": 0,"Workers": []}]},{"Node Type": "Hash","Parent Relationship": "Inner","Parallel Aware": false,"Async Capable": false,"Startup Cost": 1.25,"Total Cost": 1.25,"Plan Rows": 25,"Plan Width": 108,"Actual Startup Time": 0.087,"Actual Total Time": 0.096,"Actual Rows": 25,"Actual Loops": 3,"Hash Buckets": 1024,"Original Hash Buckets": 1024,"Hash Batches": 1,"Original Hash Batches": 1,"Peak Memory Usage": 10,"Workers": [],"Plans": [{"Node Type": "Seq Scan","Parent Relationship": "Outer","Parallel Aware": false,"Async Capable": false,"Relation Name": "nation","Alias": "nation","Startup Cost": 0.00,"Total Cost": 1.25,"Plan Rows": 25,"Plan Width": 108,"Actual Startup Time": 0.055,"Actual Total Time": 0.061,"Actual Rows": 25,"Actual Loops": 3,"Workers": []}]}]}]}]}]}]},"Planning Time": 12.956,"Triggers": [],"Execution Time": 2539.642}]
[{"Plan": {"Node Type": "Aggregate","Strategy": "Sorted","Partial Mode": "Finalize","Parallel Aware": false,"Async Capable": false,"Startup Cost": 49135.04,"Total Cost": 49164.27,"Plan Rows": 195,"Plan Width": 168,"Actual Startup Time": 1717.770,"Actual Total Time": 1820.281,"Actual Rows": 175,"Actual Loops": 1,"Group Key": ["nation.n_name", "(EXTRACT(year FROM orders.o_orderdate))"],"Plans": [{"Node Type": "Gather Merge","Parent Relationship": "Outer","Parallel Aware": false,"Async Capable": false,"Startup Cost": 49135.04,"Total Cost": 49159.45,"Plan Rows": 189,"Plan Width": 168,"Actual Startup Time": 1716.332,"Actual Total Time": 1819.712,"Actual Rows": 700,"Actual Loops": 1,"Workers Planned": 3,"Workers Launched": 3,"Plans": [{"Node Type": "Aggregate","Strategy": "Sorted","Partial Mode": "Partial","Parent Relationship": "Outer","Parallel Aware": false,"Async Capable": false,"Startup Cost": 48135.00,"Total Cost": 48137.21,"Plan Rows": 63,"Plan Width": 168,"Actual Startup Time": 1637.960,"Actual Total Time": 1730.367,"Actual Rows": 175,"Actual Loops": 4,"Group Key": ["nation.n_name", "(EXTRACT(year FROM orders.o_orderdate))"],"Workers": [],"Plans": [{"Node Type": "Sort","Parent Relationship": "Outer","Parallel Aware": false,"Async Capable": false,"Startup Cost": 48135.00,"Total Cost": 48135.16,"Plan Rows": 63,"Plan Width": 159,"Actual Startup Time": 1637.449,"Actual Total Time": 1669.077,"Actual Rows": 81300,"Actual Loops": 4,"Sort Key": ["nation.n_name", "(EXTRACT(year FROM orders.o_orderdate)) DESC"],"Sort Method": "quicksort","Sort Space Used": 11078,"Sort Space Type": "Memory","Workers": [{"Worker Number": 0,"Sort Method": "quicksort","Sort Space Used": 11424,"Sort Space Type": "Memory"},{"Worker Number": 1,"Sort Method": "quicksort","Sort Space Used": 10860,"Sort Space Type": "Memory"},{"Worker Number": 2,"Sort Method": "quicksort","Sort Space Used": 11307,"Sort Space Type": "Memory"}],"Plans": [{"Node Type": "Hash Join","Parent Relationship": "Outer","Parallel Aware": false,"Async Capable": false,"Join Type": "Inner","Startup Cost": 5225.55,"Total Cost": 48133.12,"Plan Rows": 63,"Plan Width": 159,"Actual Startup Time": 22.006,"Actual Total Time": 1536.711,"Actual Rows": 81300,"Actual Loops": 4,"Inner Unique": true,"Hash Cond": "(supplier.s_nationkey = nation.n_nationkey)","Workers": [],"Plans": [{"Node Type": "Nested Loop","Parent Relationship": "Outer","Parallel Aware": false,"Async Capable": false,"Join Type": "Inner","Startup Cost": 5223.99,"Total Cost": 48131.20,"Plan Rows": 63,"Plan Width": 31,"Actual Startup Time": 21.853,"Actual Total Time": 1512.923,"Actual Rows": 81300,"Actual Loops": 4,"Inner Unique": true,"Workers": [],"Plans": [{"Node Type": "Nested Loop","Parent Relationship": "Outer","Parallel Aware": false,"Async Capable": false,"Join Type": "Inner","Startup Cost": 5223.56,"Total Cost": 48101.90,"Plan Rows": 63,"Plan Width": 31,"Actual Startup Time": 21.770,"Actual Total Time": 779.387,"Actual Rows": 81300,"Actual Loops": 4,"Inner Unique": true,"Workers": [],"Plans": [{"Node Type": "Nested Loop","Parent Relationship": "Outer","Parallel Aware": false,"Async Capable": false,"Join Type": "Inner","Startup Cost": 5223.27,"Total Cost": 48082.83,"Plan Rows": 63,"Plan Width": 35,"Actual Startup Time": 21.713,"Actual Total Time": 642.667,"Actual Rows": 81300,"Actual Loops": 4,"Inner Unique": false,"Workers": [],"Plans": [{"Node Type": "Hash Join","Parent Relationship": "Outer","Parallel Aware": true,"Async Capable": false,"Join Type": "Inner","Startup Cost": 5222.84,"Total Cost": 25931.92,"Plan Rows": 20854,"Plan Width": 18,"Actual Startup Time": 21.651,"Actual Total Time": 185.729,"Actual Rows": 10842,"Actual Loops": 4,"Inner Unique": true,"Hash Cond": "(partsupp.ps_partkey = part.p_partkey)","Workers": [],"Plans": [{"Node Type": "Seq Scan","Parent Relationship": "Outer","Parallel Aware": true,"Async Capable": false,"Relation Name": "partsupp","Alias": "partsupp","Startup Cost": 0.00,"Total Cost": 20031.65,"Plan Rows": 258065,"Plan Width": 14,"Actual Startup Time": 0.018,"Actual Total Time": 42.893,"Actual Rows": 200000,"Actual Loops": 4,"Workers": []},{"Node Type": "Hash","Parent Relationship": "Inner","Parallel Aware": true,"Async Capable": false,"Startup Cost": 5138.67,"Total Cost": 5138.67,"Plan Rows": 6734,"Plan Width": 4,"Actual Startup Time": 21.459,"Actual Total Time": 21.480,"Actual Rows": 2710,"Actual Loops": 4,"Hash Buckets": 16384,"Original Hash Buckets": 16384,"Hash Batches": 1,"Original Hash Batches": 1,"Peak Memory Usage": 640,"Workers": [],"Plans": [{"Node Type": "Seq Scan","Parent Relationship": "Outer","Parallel Aware": true,"Async Capable": false,"Relation Name": "part","Alias": "part","Startup Cost": 0.00,"Total Cost": 5138.67,"Plan Rows": 6734,"Plan Width": 4,"Actual Startup Time": 0.045,"Actual Total Time": 20.042,"Actual Rows": 2710,"Actual Loops": 4,"Filter": "((p_name)::text ~~ '%goldenrod%'::text)","Rows Removed by Filter": 47290,"Workers": []}]}]},{"Node Type": "Index Scan","Parent Relationship": "Inner","Parallel Aware": false,"Async Capable": false,"Scan Direction": "Forward","Index Name": "idx_lineitem_part_supp","Relation Name": "lineitem","Alias": "lineitem","Startup Cost": 0.43,"Total Cost": 1.05,"Plan Rows": 1,"Plan Width": 29,"Actual Startup Time": 0.006,"Actual Total Time": 0.041,"Actual Rows": 7,"Actual Loops": 43368,"Index Cond": "((l_partkey = partsupp.ps_partkey) AND (l_suppkey = partsupp.ps_suppkey))","Rows Removed by Index Recheck": 0,"Workers": []}]},{"Node Type": "Index Scan","Parent Relationship": "Inner","Parallel Aware": false,"Async Capable": false,"Scan Direction": "Forward","Index Name": "supplier_pkey","Relation Name": "supplier","Alias": "supplier","Startup Cost": 0.29,"Total Cost": 0.30,"Plan Rows": 1,"Plan Width": 8,"Actual Startup Time": 0.001,"Actual Total Time": 0.001,"Actual Rows": 1,"Actual Loops": 325201,"Index Cond": "(s_suppkey = lineitem.l_suppkey)","Rows Removed by Index Recheck": 0,"Workers": []}]},{"Node Type": "Index Scan","Parent Relationship": "Inner","Parallel Aware": false,"Async Capable": false,"Scan Direction": "Forward","Index Name": "orders_pkey","Relation Name": "orders","Alias": "orders","Startup Cost": 0.43,"Total Cost": 0.47,"Plan Rows": 1,"Plan Width": 8,"Actual Startup Time": 0.009,"Actual Total Time": 0.009,"Actual Rows": 1,"Actual Loops": 325201,"Index Cond": "(o_orderkey = lineitem.l_orderkey)","Rows Removed by Index Recheck": 0,"Workers": []}]},{"Node Type": "Hash","Parent Relationship": "Inner","Parallel Aware": false,"Async Capable": false,"Startup Cost": 1.25,"Total Cost": 1.25,"Plan Rows": 25,"Plan Width": 108,"Actual Startup Time": 0.058,"Actual Total Time": 0.068,"Actual Rows": 25,"Actual Loops": 4,"Hash Buckets": 1024,"Original Hash Buckets": 1024,"Hash Batches": 1,"Original Hash Batches": 1,"Peak Memory Usage": 10,"Workers": [],"Plans": [{"Node Type": "Seq Scan","Parent Relationship": "Outer","Parallel Aware": false,"Async Capable": false,"Relation Name": "nation","Alias": "nation","Startup Cost": 0.00,"Total Cost": 1.25,"Plan Rows": 25,"Plan Width": 108,"Actual Startup Time": 0.040,"Actual Total Time": 0.047,"Actual Rows": 25,"Actual Loops": 4,"Workers": []}]}]}]}]}]}]},"Planning Time": 12.322,"Triggers": [],"Execution Time": 1822.644}]
[{"Plan": {"Node Type": "Aggregate","Strategy": "Sorted","Partial Mode": "Finalize","Parallel Aware": false,"Async Capable": false,"Startup Cost": 46348.90,"Total Cost": 46374.41,"Plan Rows": 170,"Plan Width": 168,"Actual Startup Time": 1757.899,"Actual Total Time": 1871.868,"Actual Rows": 175,"Actual Loops": 1,"Group Key": ["nation.n_name", "(EXTRACT(year FROM orders.o_orderdate))"],"Plans": [{"Node Type": "Gather Merge","Parent Relationship": "Outer","Parallel Aware": false,"Async Capable": false,"Startup Cost": 46348.90,"Total Cost": 46370.21,"Plan Rows": 165,"Plan Width": 168,"Actual Startup Time": 1756.503,"Actual Total Time": 1871.427,"Actual Rows": 700,"Actual Loops": 1,"Workers Planned": 3,"Workers Launched": 3,"Plans": [{"Node Type": "Aggregate","Strategy": "Sorted","Partial Mode": "Partial","Parent Relationship": "Outer","Parallel Aware": false,"Async Capable": false,"Startup Cost": 45348.86,"Total Cost": 45350.79,"Plan Rows": 55,"Plan Width": 168,"Actual Startup Time": 1668.919,"Actual Total Time": 1766.305,"Actual Rows": 175,"Actual Loops": 4,"Group Key": ["nation.n_name", "(EXTRACT(year FROM orders.o_orderdate))"],"Workers": [],"Plans": [{"Node Type": "Sort","Parent Relationship": "Outer","Parallel Aware": false,"Async Capable": false,"Startup Cost": 45348.86,"Total Cost": 45349.00,"Plan Rows": 55,"Plan Width": 159,"Actual Startup Time": 1668.444,"Actual Total Time": 1703.145,"Actual Rows": 83038,"Actual Loops": 4,"Sort Key": ["nation.n_name", "(EXTRACT(year FROM orders.o_orderdate)) DESC"],"Sort Method": "quicksort","Sort Space Used": 11548,"Sort Space Type": "Memory","Workers": [{"Worker Number": 0,"Sort Method": "quicksort","Sort Space Used": 11418,"Sort Space Type": "Memory"},{"Worker Number": 1,"Sort Method": "quicksort","Sort Space Used": 11149,"Sort Space Type": "Memory"},{"Worker Number": 2,"Sort Method": "quicksort","Sort Space Used": 11246,"Sort Space Type": "Memory"}],"Plans": [{"Node Type": "Hash Join","Parent Relationship": "Outer","Parallel Aware": false,"Async Capable": false,"Join Type": "Inner","Startup Cost": 5215.02,"Total Cost": 45347.27,"Plan Rows": 55,"Plan Width": 159,"Actual Startup Time": 21.688,"Actual Total Time": 1565.255,"Actual Rows": 83038,"Actual Loops": 4,"Inner Unique": true,"Hash Cond": "(supplier.s_nationkey = nation.n_nationkey)","Workers": [],"Plans": [{"Node Type": "Nested Loop","Parent Relationship": "Outer","Parallel Aware": false,"Async Capable": false,"Join Type": "Inner","Startup Cost": 5213.46,"Total Cost": 45345.40,"Plan Rows": 55,"Plan Width": 31,"Actual Startup Time": 21.499,"Actual Total Time": 1541.205,"Actual Rows": 83038,"Actual Loops": 4,"Inner Unique": true,"Workers": [],"Plans": [{"Node Type": "Nested Loop","Parent Relationship": "Outer","Parallel Aware": false,"Async Capable": false,"Join Type": "Inner","Startup Cost": 5213.03,"Total Cost": 45319.82,"Plan Rows": 55,"Plan Width": 31,"Actual Startup Time": 21.433,"Actual Total Time": 798.756,"Actual Rows": 83038,"Actual Loops": 4,"Inner Unique": true,"Workers": [],"Plans": [{"Node Type": "Nested Loop","Parent Relationship": "Outer","Parallel Aware": false,"Async Capable": false,"Join Type": "Inner","Startup Cost": 5212.75,"Total Cost": 45303.17,"Plan Rows": 55,"Plan Width": 35,"Actual Startup Time": 21.394,"Actual Total Time": 659.573,"Actual Rows": 83038,"Actual Loops": 4,"Inner Unique": false,"Workers": [],"Plans": [{"Node Type": "Hash Join","Parent Relationship": "Outer","Parallel Aware": true,"Async Capable": false,"Join Type": "Inner","Startup Cost": 5212.32,"Total Cost": 25921.39,"Plan Rows": 18247,"Plan Width": 18,"Actual Startup Time": 21.331,"Actual Total Time": 195.916,"Actual Rows": 11075,"Actual Loops": 4,"Inner Unique": true,"Hash Cond": "(partsupp.ps_partkey = part.p_partkey)","Workers": [],"Plans": [{"Node Type": "Seq Scan","Parent Relationship": "Outer","Parallel Aware": true,"Async Capable": false,"Relation Name": "partsupp","Alias": "partsupp","Startup Cost": 0.00,"Total Cost": 20031.65,"Plan Rows": 258065,"Plan Width": 14,"Actual Startup Time": 0.015,"Actual Total Time": 42.252,"Actual Rows": 200000,"Actual Loops": 4,"Workers": []},{"Node Type": "Hash","Parent Relationship": "Inner","Parallel Aware": true,"Async Capable": false,"Startup Cost": 5138.67,"Total Cost": 5138.67,"Plan Rows": 5892,"Plan Width": 4,"Actual Startup Time": 21.111,"Actual Total Time": 21.124,"Actual Rows": 2769,"Actual Loops": 4,"Hash Buckets": 16384,"Original Hash Buckets": 16384,"Hash Batches": 1,"Original Hash Batches": 1,"Peak Memory Usage": 608,"Workers": [],"Plans": [{"Node Type": "Seq Scan","Parent Relationship": "Outer","Parallel Aware": true,"Async Capable": false,"Relation Name": "part","Alias": "part","Startup Cost": 0.00,"Total Cost": 5138.67,"Plan Rows": 5892,"Plan Width": 4,"Actual Startup Time": 0.069,"Actual Total Time": 19.514,"Actual Rows": 2769,"Actual Loops": 4,"Filter": "((p_name)::text ~~ '%tan%'::text)","Rows Removed by Filter": 47231,"Workers": []}]}]},{"Node Type": "Index Scan","Parent Relationship": "Inner","Parallel Aware": false,"Async Capable": false,"Scan Direction": "Forward","Index Name": "idx_lineitem_part_supp","Relation Name": "lineitem","Alias": "lineitem","Startup Cost": 0.43,"Total Cost": 1.05,"Plan Rows": 1,"Plan Width": 29,"Actual Startup Time": 0.006,"Actual Total Time": 0.040,"Actual Rows": 7,"Actual Loops": 44300,"Index Cond": "((l_partkey = partsupp.ps_partkey) AND (l_suppkey = partsupp.ps_suppkey))","Rows Removed by Index Recheck": 0,"Workers": []}]},{"Node Type": "Index Scan","Parent Relationship": "Inner","Parallel Aware": false,"Async Capable": false,"Scan Direction": "Forward","Index Name": "supplier_pkey","Relation Name": "supplier","Alias": "supplier","Startup Cost": 0.29,"Total Cost": 0.30,"Plan Rows": 1,"Plan Width": 8,"Actual Startup Time": 0.001,"Actual Total Time": 0.001,"Actual Rows": 1,"Actual Loops": 332152,"Index Cond": "(s_suppkey = lineitem.l_suppkey)","Rows Removed by Index Recheck": 0,"Workers": []}]},{"Node Type": "Index Scan","Parent Relationship": "Inner","Parallel Aware": false,"Async Capable": false,"Scan Direction": "Forward","Index Name": "orders_pkey","Relation Name": "orders","Alias": "orders","Startup Cost": 0.43,"Total Cost": 0.47,"Plan Rows": 1,"Plan Width": 8,"Actual Startup Time": 0.009,"Actual Total Time": 0.009,"Actual Rows": 1,"Actual Loops": 332152,"Index Cond": "(o_orderkey = lineitem.l_orderkey)","Rows Removed by Index Recheck": 0,"Workers": []}]},{"Node Type": "Hash","Parent Relationship": "Inner","Parallel Aware": false,"Async Capable": false,"Startup Cost": 1.25,"Total Cost": 1.25,"Plan Rows": 25,"Plan Width": 108,"Actual Startup Time": 0.081,"Actual Total Time": 0.088,"Actual Rows": 25,"Actual Loops": 4,"Hash Buckets": 1024,"Original Hash Buckets": 1024,"Hash Batches": 1,"Original Hash Batches": 1,"Peak Memory Usage": 10,"Workers": [],"Plans": [{"Node Type": "Seq Scan","Parent Relationship": "Outer","Parallel Aware": false,"Async Capable": false,"Relation Name": "nation","Alias": "nation","Startup Cost": 0.00,"Total Cost": 1.25,"Plan Rows": 25,"Plan Width": 108,"Actual Startup Time": 0.052,"Actual Total Time": 0.059,"Actual Rows": 25,"Actual Loops": 4,"Workers": []}]}]}]}]}]}]},"Planning Time": 11.717,"Triggers": [],"Execution Time": 1872.853}]
[{"Plan": {"Node Type": "Aggregate","Strategy": "Sorted","Partial Mode": "Finalize","Parallel Aware": false,"Async Capable": false,"Startup Cost": 35224.41,"Total Cost": 35237.30,"Plan Rows": 97,"Plan Width": 168,"Actual Startup Time": 2446.740,"Actual Total Time": 2527.570,"Actual Rows": 175,"Actual Loops": 1,"Group Key": ["nation.n_name", "(EXTRACT(year FROM orders.o_orderdate))"],"Plans": [{"Node Type": "Gather Merge","Parent Relationship": "Outer","Parallel Aware": false,"Async Capable": false,"Startup Cost": 35224.41,"Total Cost": 35235.05,"Plan Rows": 80,"Plan Width": 168,"Actual Startup Time": 2445.319,"Actual Total Time": 2527.159,"Actual Rows": 525,"Actual Loops": 1,"Workers Planned": 2,"Workers Launched": 2,"Plans": [{"Node Type": "Aggregate","Strategy": "Sorted","Partial Mode": "Partial","Parent Relationship": "Outer","Parallel Aware": false,"Async Capable": false,"Startup Cost": 34224.39,"Total Cost": 34225.79,"Plan Rows": 40,"Plan Width": 168,"Actual Startup Time": 2302.062,"Actual Total Time": 2432.417,"Actual Rows": 175,"Actual Loops": 3,"Group Key": ["nation.n_name", "(EXTRACT(year FROM orders.o_orderdate))"],"Workers": [],"Plans": [{"Node Type": "Sort","Parent Relationship": "Outer","Parallel Aware": false,"Async Capable": false,"Startup Cost": 34224.39,"Total Cost": 34224.49,"Plan Rows": 40,"Plan Width": 159,"Actual Startup Time": 2301.394,"Actual Total Time": 2345.621,"Actual Rows": 109556,"Actual Loops": 3,"Sort Key": ["nation.n_name", "(EXTRACT(year FROM orders.o_orderdate)) DESC"],"Sort Method": "quicksort","Sort Space Used": 13628,"Sort Space Type": "Memory","Workers": [{"Worker Number": 0,"Sort Method": "quicksort","Sort Space Used": 14173,"Sort Space Type": "Memory"},{"Worker Number": 1,"Sort Method": "quicksort","Sort Space Used": 14136,"Sort Space Type": "Memory"}],"Plans": [{"Node Type": "Hash Join","Parent Relationship": "Outer","Parallel Aware": false,"Async Capable": false,"Join Type": "Inner","Startup Cost": 3.13,"Total Cost": 34223.32,"Plan Rows": 40,"Plan Width": 159,"Actual Startup Time": 0.808,"Actual Total Time": 2152.387,"Actual Rows": 109556,"Actual Loops": 3,"Inner Unique": true,"Hash Cond": "(supplier.s_nationkey = nation.n_nationkey)","Workers": [],"Plans": [{"Node Type": "Nested Loop","Parent Relationship": "Outer","Parallel Aware": false,"Async Capable": false,"Join Type": "Inner","Startup Cost": 1.57,"Total Cost": 34221.53,"Plan Rows": 40,"Plan Width": 31,"Actual Startup Time": 0.597,"Actual Total Time": 2120.724,"Actual Rows": 109556,"Actual Loops": 3,"Inner Unique": true,"Workers": [],"Plans": [{"Node Type": "Nested Loop","Parent Relationship": "Outer","Parallel Aware": false,"Async Capable": false,"Join Type": "Inner","Startup Cost": 1.14,"Total Cost": 34202.93,"Plan Rows": 40,"Plan Width": 31,"Actual Startup Time": 0.482,"Actual Total Time": 981.866,"Actual Rows": 109556,"Actual Loops": 3,"Inner Unique": true,"Workers": [],"Plans": [{"Node Type": "Nested Loop","Parent Relationship": "Outer","Parallel Aware": false,"Async Capable": false,"Join Type": "Inner","Startup Cost": 0.86,"Total Cost": 34190.82,"Plan Rows": 40,"Plan Width": 35,"Actual Startup Time": 0.370,"Actual Total Time": 797.400,"Actual Rows": 109556,"Actual Loops": 3,"Inner Unique": false,"Workers": [],"Plans": [{"Node Type": "Nested Loop","Parent Relationship": "Outer","Parallel Aware": false,"Async Capable": false,"Join Type": "Inner","Startup Cost": 0.42,"Total Cost": 19885.25,"Plan Rows": 13468,"Plan Width": 18,"Actual Startup Time": 0.230,"Actual Total Time": 117.251,"Actual Rows": 14572,"Actual Loops": 3,"Inner Unique": false,"Workers": [],"Plans": [{"Node Type": "Seq Scan","Parent Relationship": "Outer","Parallel Aware": true,"Async Capable": false,"Relation Name": "part","Alias": "part","Startup Cost": 0.00,"Total Cost": 5138.67,"Plan Rows": 3367,"Plan Width": 4,"Actual Startup Time": 0.067,"Actual Total Time": 50.326,"Actual Rows": 3643,"Actual Loops": 3,"Filter": "((p_name)::text ~~ '%grey%'::text)","Rows Removed by Filter": 63024,"Workers": []},{"Node Type": "Index Scan","Parent Relationship": "Inner","Parallel Aware": false,"Async Capable": false,"Scan Direction": "Forward","Index Name": "idx_partsupp_partkey","Relation Name": "partsupp","Alias": "partsupp","Startup Cost": 0.42,"Total Cost": 4.34,"Plan Rows": 4,"Plan Width": 14,"Actual Startup Time": 0.014,"Actual Total Time": 0.018,"Actual Rows": 4,"Actual Loops": 10929,"Index Cond": "(ps_partkey = part.p_partkey)","Rows Removed by Index Recheck": 0,"Workers": []}]},{"Node Type": "Index Scan","Parent Relationship": "Inner","Parallel Aware": false,"Async Capable": false,"Scan Direction": "Forward","Index Name": "idx_lineitem_part_supp","Relation Name": "lineitem","Alias": "lineitem","Startup Cost": 0.43,"Total Cost": 1.05,"Plan Rows": 1,"Plan Width": 29,"Actual Startup Time": 0.007,"Actual Total Time": 0.045,"Actual Rows": 8,"Actual Loops": 43716,"Index Cond": "((l_partkey = partsupp.ps_partkey) AND (l_suppkey = partsupp.ps_suppkey))","Rows Removed by Index Recheck": 0,"Workers": []}]},{"Node Type": "Index Scan","Parent Relationship": "Inner","Parallel Aware": false,"Async Capable": false,"Scan Direction": "Forward","Index Name": "supplier_pkey","Relation Name": "supplier","Alias": "supplier","Startup Cost": 0.29,"Total Cost": 0.30,"Plan Rows": 1,"Plan Width": 8,"Actual Startup Time": 0.001,"Actual Total Time": 0.001,"Actual Rows": 1,"Actual Loops": 328668,"Index Cond": "(s_suppkey = lineitem.l_suppkey)","Rows Removed by Index Recheck": 0,"Workers": []}]},{"Node Type": "Index Scan","Parent Relationship": "Inner","Parallel Aware": false,"Async Capable": false,"Scan Direction": "Forward","Index Name": "orders_pkey","Relation Name": "orders","Alias": "orders","Startup Cost": 0.43,"Total Cost": 0.47,"Plan Rows": 1,"Plan Width": 8,"Actual Startup Time": 0.010,"Actual Total Time": 0.010,"Actual Rows": 1,"Actual Loops": 328668,"Index Cond": "(o_orderkey = lineitem.l_orderkey)","Rows Removed by Index Recheck": 0,"Workers": []}]},{"Node Type": "Hash","Parent Relationship": "Inner","Parallel Aware": false,"Async Capable": false,"Startup Cost": 1.25,"Total Cost": 1.25,"Plan Rows": 25,"Plan Width": 108,"Actual Startup Time": 0.086,"Actual Total Time": 0.097,"Actual Rows": 25,"Actual Loops": 3,"Hash Buckets": 1024,"Original Hash Buckets": 1024,"Hash Batches": 1,"Original Hash Batches": 1,"Peak Memory Usage": 10,"Workers": [],"Plans": [{"Node Type": "Seq Scan","Parent Relationship": "Outer","Parallel Aware": false,"Async Capable": false,"Relation Name": "nation","Alias": "nation","Startup Cost": 0.00,"Total Cost": 1.25,"Plan Rows": 25,"Plan Width": 108,"Actual Startup Time": 0.056,"Actual Total Time": 0.063,"Actual Rows": 25,"Actual Loops": 3,"Workers": []}]}]}]}]}]}]},"Planning Time": 11.608,"Triggers": [],"Execution Time": 2530.681}]
[{"Plan": {"Node Type": "Aggregate","Strategy": "Sorted","Partial Mode": "Finalize","Parallel Aware": false,"Async Capable": false,"Startup Cost": 41381.04,"Total Cost": 41397.45,"Plan Rows": 122,"Plan Width": 168,"Actual Startup Time": 2398.876,"Actual Total Time": 2534.179,"Actual Rows": 175,"Actual Loops": 1,"Group Key": ["nation.n_name", "(EXTRACT(year FROM orders.o_orderdate))"],"Plans": [{"Node Type": "Gather Merge","Parent Relationship": "Outer","Parallel Aware": false,"Async Capable": false,"Startup Cost": 41381.04,"Total Cost": 41394.60,"Plan Rows": 102,"Plan Width": 168,"Actual Startup Time": 2396.898,"Actual Total Time": 2533.741,"Actual Rows": 525,"Actual Loops": 1,"Workers Planned": 2,"Workers Launched": 2,"Plans": [{"Node Type": "Aggregate","Strategy": "Sorted","Partial Mode": "Partial","Parent Relationship": "Outer","Parallel Aware": false,"Async Capable": false,"Startup Cost": 40381.01,"Total Cost": 40382.80,"Plan Rows": 51,"Plan Width": 168,"Actual Startup Time": 2301.409,"Actual Total Time": 2413.967,"Actual Rows": 175,"Actual Loops": 3,"Group Key": ["nation.n_name", "(EXTRACT(year FROM orders.o_orderdate))"],"Workers": [],"Plans": [{"Node Type": "Sort","Parent Relationship": "Outer","Parallel Aware": false,"Async Capable": false,"Startup Cost": 40381.01,"Total Cost": 40381.14,"Plan Rows": 51,"Plan Width": 159,"Actual Startup Time": 2300.764,"Actual Total Time": 2336.333,"Actual Rows": 108510,"Actual Loops": 3,"Sort Key": ["nation.n_name", "(EXTRACT(year FROM orders.o_orderdate)) DESC"],"Sort Method": "quicksort","Sort Space Used": 13476,"Sort Space Type": "Memory","Workers": [{"Worker Number": 0,"Sort Method": "quicksort","Sort Space Used": 13859,"Sort Space Type": "Memory"},{"Worker Number": 1,"Sort Method": "quicksort","Sort Space Used": 14299,"Sort Space Type": "Memory"}],"Plans": [{"Node Type": "Hash Join","Parent Relationship": "Outer","Parallel Aware": false,"Async Capable": false,"Join Type": "Inner","Startup Cost": 3.13,"Total Cost": 40379.57,"Plan Rows": 51,"Plan Width": 159,"Actual Startup Time": 0.700,"Actual Total Time": 2152.971,"Actual Rows": 108510,"Actual Loops": 3,"Inner Unique": true,"Hash Cond": "(supplier.s_nationkey = nation.n_nationkey)","Workers": [],"Plans": [{"Node Type": "Nested Loop","Parent Relationship": "Outer","Parallel Aware": false,"Async Capable": false,"Join Type": "Inner","Startup Cost": 1.57,"Total Cost": 40377.72,"Plan Rows": 51,"Plan Width": 31,"Actual Startup Time": 0.518,"Actual Total Time": 2121.953,"Actual Rows": 108510,"Actual Loops": 3,"Inner Unique": true,"Workers": [],"Plans": [{"Node Type": "Nested Loop","Parent Relationship": "Outer","Parallel Aware": false,"Async Capable": false,"Join Type": "Inner","Startup Cost": 1.14,"Total Cost": 40354.00,"Plan Rows": 51,"Plan Width": 31,"Actual Startup Time": 0.387,"Actual Total Time": 985.533,"Actual Rows": 108510,"Actual Loops": 3,"Inner Unique": true,"Workers": [],"Plans": [{"Node Type": "Nested Loop","Parent Relationship": "Outer","Parallel Aware": false,"Async Capable": false,"Join Type": "Inner","Startup Cost": 0.86,"Total Cost": 40338.56,"Plan Rows": 51,"Plan Width": 35,"Actual Startup Time": 0.285,"Actual Total Time": 801.596,"Actual Rows": 108510,"Actual Loops": 3,"Inner Unique": false,"Workers": [],"Plans": [{"Node Type": "Nested Loop","Parent Relationship": "Outer","Parallel Aware": false,"Async Capable": false,"Join Type": "Inner","Startup Cost": 0.42,"Total Cost": 22456.59,"Plan Rows": 16835,"Plan Width": 18,"Actual Startup Time": 0.166,"Actual Total Time": 117.519,"Actual Rows": 14491,"Actual Loops": 3,"Inner Unique": false,"Workers": [],"Plans": [{"Node Type": "Seq Scan","Parent Relationship": "Outer","Parallel Aware": true,"Async Capable": false,"Relation Name": "part","Alias": "part","Startup Cost": 0.00,"Total Cost": 5138.67,"Plan Rows": 4209,"Plan Width": 4,"Actual Startup Time": 0.049,"Actual Total Time": 50.202,"Actual Rows": 3623,"Actual Loops": 3,"Filter": "((p_name)::text ~~ '%bisque%'::text)","Rows Removed by Filter": 63044,"Workers": []},{"Node Type": "Index Scan","Parent Relationship": "Inner","Parallel Aware": false,"Async Capable": false,"Scan Direction": "Forward","Index Name": "idx_partsupp_partkey","Relation Name": "partsupp","Alias": "partsupp","Startup Cost": 0.42,"Total Cost": 4.07,"Plan Rows": 4,"Plan Width": 14,"Actual Startup Time": 0.014,"Actual Total Time": 0.018,"Actual Rows": 4,"Actual Loops": 10868,"Index Cond": "(ps_partkey = part.p_partkey)","Rows Removed by Index Recheck": 0,"Workers": []}]},{"Node Type": "Index Scan","Parent Relationship": "Inner","Parallel Aware": false,"Async Capable": false,"Scan Direction": "Forward","Index Name": "idx_lineitem_part_supp","Relation Name": "lineitem","Alias": "lineitem","Startup Cost": 0.43,"Total Cost": 1.05,"Plan Rows": 1,"Plan Width": 29,"Actual Startup Time": 0.007,"Actual Total Time": 0.046,"Actual Rows": 7,"Actual Loops": 43472,"Index Cond": "((l_partkey = partsupp.ps_partkey) AND (l_suppkey = partsupp.ps_suppkey))","Rows Removed by Index Recheck": 0,"Workers": []}]},{"Node Type": "Index Scan","Parent Relationship": "Inner","Parallel Aware": false,"Async Capable": false,"Scan Direction": "Forward","Index Name": "supplier_pkey","Relation Name": "supplier","Alias": "supplier","Startup Cost": 0.29,"Total Cost": 0.30,"Plan Rows": 1,"Plan Width": 8,"Actual Startup Time": 0.001,"Actual Total Time": 0.001,"Actual Rows": 1,"Actual Loops": 325530,"Index Cond": "(s_suppkey = lineitem.l_suppkey)","Rows Removed by Index Recheck": 0,"Workers": []}]},{"Node Type": "Index Scan","Parent Relationship": "Inner","Parallel Aware": false,"Async Capable": false,"Scan Direction": "Forward","Index Name": "orders_pkey","Relation Name": "orders","Alias": "orders","Startup Cost": 0.43,"Total Cost": 0.47,"Plan Rows": 1,"Plan Width": 8,"Actual Startup Time": 0.010,"Actual Total Time": 0.010,"Actual Rows": 1,"Actual Loops": 325530,"Index Cond": "(o_orderkey = lineitem.l_orderkey)","Rows Removed by Index Recheck": 0,"Workers": []}]},{"Node Type": "Hash","Parent Relationship": "Inner","Parallel Aware": false,"Async Capable": false,"Startup Cost": 1.25,"Total Cost": 1.25,"Plan Rows": 25,"Plan Width": 108,"Actual Startup Time": 0.079,"Actual Total Time": 0.096,"Actual Rows": 25,"Actual Loops": 3,"Hash Buckets": 1024,"Original Hash Buckets": 1024,"Hash Batches": 1,"Original Hash Batches": 1,"Peak Memory Usage": 10,"Workers": [],"Plans": [{"Node Type": "Seq Scan","Parent Relationship": "Outer","Parallel Aware": false,"Async Capable": false,"Relation Name": "nation","Alias": "nation","Startup Cost": 0.00,"Total Cost": 1.25,"Plan Rows": 25,"Plan Width": 108,"Actual Startup Time": 0.047,"Actual Total Time": 0.061,"Actual Rows": 25,"Actual Loops": 3,"Workers": []}]}]}]}]}]}]},"Planning Time": 12.274,"Triggers": [],"Execution Time": 2537.205}]
[{"Plan": {"Node Type": "Aggregate","Strategy": "Sorted","Partial Mode": "Finalize","Parallel Aware": false,"Async Capable": false,"Startup Cost": 35224.41,"Total Cost": 35237.30,"Plan Rows": 97,"Plan Width": 168,"Actual Startup Time": 2423.249,"Actual Total Time": 2515.192,"Actual Rows": 175,"Actual Loops": 1,"Group Key": ["nation.n_name", "(EXTRACT(year FROM orders.o_orderdate))"],"Plans": [{"Node Type": "Gather Merge","Parent Relationship": "Outer","Parallel Aware": false,"Async Capable": false,"Startup Cost": 35224.41,"Total Cost": 35235.05,"Plan Rows": 80,"Plan Width": 168,"Actual Startup Time": 2422.043,"Actual Total Time": 2514.833,"Actual Rows": 525,"Actual Loops": 1,"Workers Planned": 2,"Workers Launched": 2,"Plans": [{"Node Type": "Aggregate","Strategy": "Sorted","Partial Mode": "Partial","Parent Relationship": "Outer","Parallel Aware": false,"Async Capable": false,"Startup Cost": 34224.39,"Total Cost": 34225.79,"Plan Rows": 40,"Plan Width": 168,"Actual Startup Time": 2309.712,"Actual Total Time": 2427.242,"Actual Rows": 175,"Actual Loops": 3,"Group Key": ["nation.n_name", "(EXTRACT(year FROM orders.o_orderdate))"],"Workers": [],"Plans": [{"Node Type": "Sort","Parent Relationship": "Outer","Parallel Aware": false,"Async Capable": false,"Startup Cost": 34224.39,"Total Cost": 34224.49,"Plan Rows": 40,"Plan Width": 159,"Actual Startup Time": 2309.075,"Actual Total Time": 2348.152,"Actual Rows": 107534,"Actual Loops": 3,"Sort Key": ["nation.n_name", "(EXTRACT(year FROM orders.o_orderdate)) DESC"],"Sort Method": "quicksort","Sort Space Used": 14516,"Sort Space Type": "Memory","Workers": [{"Worker Number": 0,"Sort Method": "quicksort","Sort Space Used": 13430,"Sort Space Type": "Memory"},{"Worker Number": 1,"Sort Method": "quicksort","Sort Space Used": 13394,"Sort Space Type": "Memory"}],"Plans": [{"Node Type": "Hash Join","Parent Relationship": "Outer","Parallel Aware": false,"Async Capable": false,"Join Type": "Inner","Startup Cost": 3.13,"Total Cost": 34223.32,"Plan Rows": 40,"Plan Width": 159,"Actual Startup Time": 0.599,"Actual Total Time": 2164.320,"Actual Rows": 107534,"Actual Loops": 3,"Inner Unique": true,"Hash Cond": "(supplier.s_nationkey = nation.n_nationkey)","Workers": [],"Plans": [{"Node Type": "Nested Loop","Parent Relationship": "Outer","Parallel Aware": false,"Async Capable": false,"Join Type": "Inner","Startup Cost": 1.57,"Total Cost": 34221.53,"Plan Rows": 40,"Plan Width": 31,"Actual Startup Time": 0.448,"Actual Total Time": 2133.517,"Actual Rows": 107534,"Actual Loops": 3,"Inner Unique": true,"Workers": [],"Plans": [{"Node Type": "Nested Loop","Parent Relationship": "Outer","Parallel Aware": false,"Async Capable": false,"Join Type": "Inner","Startup Cost": 1.14,"Total Cost": 34202.93,"Plan Rows": 40,"Plan Width": 31,"Actual Startup Time": 0.343,"Actual Total Time": 995.000,"Actual Rows": 107534,"Actual Loops": 3,"Inner Unique": true,"Workers": [],"Plans": [{"Node Type": "Nested Loop","Parent Relationship": "Outer","Parallel Aware": false,"Async Capable": false,"Join Type": "Inner","Startup Cost": 0.86,"Total Cost": 34190.82,"Plan Rows": 40,"Plan Width": 35,"Actual Startup Time": 0.249,"Actual Total Time": 811.484,"Actual Rows": 107534,"Actual Loops": 3,"Inner Unique": false,"Workers": [],"Plans": [{"Node Type": "Nested Loop","Parent Relationship": "Outer","Parallel Aware": false,"Async Capable": false,"Join Type": "Inner","Startup Cost": 0.42,"Total Cost": 19885.25,"Plan Rows": 13468,"Plan Width": 18,"Actual Startup Time": 0.160,"Actual Total Time": 113.812,"Actual Rows": 14291,"Actual Loops": 3,"Inner Unique": false,"Workers": [],"Plans": [{"Node Type": "Seq Scan","Parent Relationship": "Outer","Parallel Aware": true,"Async Capable": false,"Relation Name": "part","Alias": "part","Startup Cost": 0.00,"Total Cost": 5138.67,"Plan Rows": 3367,"Plan Width": 4,"Actual Startup Time": 0.050,"Actual Total Time": 48.849,"Actual Rows": 3573,"Actual Loops": 3,"Filter": "((p_name)::text ~~ '%metallic%'::text)","Rows Removed by Filter": 63094,"Workers": []},{"Node Type": "Index Scan","Parent Relationship": "Inner","Parallel Aware": false,"Async Capable": false,"Scan Direction": "Forward","Index Name": "idx_partsupp_partkey","Relation Name": "partsupp","Alias": "partsupp","Startup Cost": 0.42,"Total Cost": 4.34,"Plan Rows": 4,"Plan Width": 14,"Actual Startup Time": 0.014,"Actual Total Time": 0.017,"Actual Rows": 4,"Actual Loops": 10718,"Index Cond": "(ps_partkey = part.p_partkey)","Rows Removed by Index Recheck": 0,"Workers": []}]},{"Node Type": "Index Scan","Parent Relationship": "Inner","Parallel Aware": false,"Async Capable": false,"Scan Direction": "Forward","Index Name": "idx_lineitem_part_supp","Relation Name": "lineitem","Alias": "lineitem","Startup Cost": 0.43,"Total Cost": 1.05,"Plan Rows": 1,"Plan Width": 29,"Actual Startup Time": 0.007,"Actual Total Time": 0.047,"Actual Rows": 8,"Actual Loops": 42872,"Index Cond": "((l_partkey = partsupp.ps_partkey) AND (l_suppkey = partsupp.ps_suppkey))","Rows Removed by Index Recheck": 0,"Workers": []}]},{"Node Type": "Index Scan","Parent Relationship": "Inner","Parallel Aware": false,"Async Capable": false,"Scan Direction": "Forward","Index Name": "supplier_pkey","Relation Name": "supplier","Alias": "supplier","Startup Cost": 0.29,"Total Cost": 0.30,"Plan Rows": 1,"Plan Width": 8,"Actual Startup Time": 0.001,"Actual Total Time": 0.001,"Actual Rows": 1,"Actual Loops": 322603,"Index Cond": "(s_suppkey = lineitem.l_suppkey)","Rows Removed by Index Recheck": 0,"Workers": []}]},{"Node Type": "Index Scan","Parent Relationship": "Inner","Parallel Aware": false,"Async Capable": false,"Scan Direction": "Forward","Index Name": "orders_pkey","Relation Name": "orders","Alias": "orders","Startup Cost": 0.43,"Total Cost": 0.47,"Plan Rows": 1,"Plan Width": 8,"Actual Startup Time": 0.010,"Actual Total Time": 0.010,"Actual Rows": 1,"Actual Loops": 322603,"Index Cond": "(o_orderkey = lineitem.l_orderkey)","Rows Removed by Index Recheck": 0,"Workers": []}]},{"Node Type": "Hash","Parent Relationship": "Inner","Parallel Aware": false,"Async Capable": false,"Startup Cost": 1.25,"Total Cost": 1.25,"Plan Rows": 25,"Plan Width": 108,"Actual Startup Time": 0.058,"Actual Total Time": 0.069,"Actual Rows": 25,"Actual Loops": 3,"Hash Buckets": 1024,"Original Hash Buckets": 1024,"Hash Batches": 1,"Original Hash Batches": 1,"Peak Memory Usage": 10,"Workers": [],"Plans": [{"Node Type": "Seq Scan","Parent Relationship": "Outer","Parallel Aware": false,"Async Capable": false,"Relation Name": "nation","Alias": "nation","Startup Cost": 0.00,"Total Cost": 1.25,"Plan Rows": 25,"Plan Width": 108,"Actual Startup Time": 0.034,"Actual Total Time": 0.039,"Actual Rows": 25,"Actual Loops": 3,"Workers": []}]}]}]}]}]}]},"Planning Time": 11.896,"Triggers": [],"Execution Time": 2518.140}]
[{"Plan": {"Node Type": "Aggregate","Strategy": "Sorted","Partial Mode": "Finalize","Parallel Aware": false,"Async Capable": false,"Startup Cost": 47355.08,"Total Cost": 47374.71,"Plan Rows": 146,"Plan Width": 168,"Actual Startup Time": 2451.743,"Actual Total Time": 2638.486,"Actual Rows": 175,"Actual Loops": 1,"Group Key": ["nation.n_name", "(EXTRACT(year FROM orders.o_orderdate))"],"Plans": [{"Node Type": "Gather Merge","Parent Relationship": "Outer","Parallel Aware": false,"Async Capable": false,"Startup Cost": 47355.08,"Total Cost": 47371.30,"Plan Rows": 122,"Plan Width": 168,"Actual Startup Time": 2450.259,"Actual Total Time": 2637.961,"Actual Rows": 525,"Actual Loops": 1,"Workers Planned": 2,"Workers Launched": 2,"Plans": [{"Node Type": "Aggregate","Strategy": "Sorted","Partial Mode": "Partial","Parent Relationship": "Outer","Parallel Aware": false,"Async Capable": false,"Startup Cost": 46355.06,"Total Cost": 46357.20,"Plan Rows": 61,"Plan Width": 168,"Actual Startup Time": 2354.615,"Actual Total Time": 2507.212,"Actual Rows": 175,"Actual Loops": 3,"Group Key": ["nation.n_name", "(EXTRACT(year FROM orders.o_orderdate))"],"Workers": [],"Plans": [{"Node Type": "Sort","Parent Relationship": "Outer","Parallel Aware": false,"Async Capable": false,"Startup Cost": 46355.06,"Total Cost": 46355.21,"Plan Rows": 61,"Plan Width": 159,"Actual Startup Time": 2354.072,"Actual Total Time": 2412.065,"Actual Rows": 109898,"Actual Loops": 3,"Sort Key": ["nation.n_name", "(EXTRACT(year FROM orders.o_orderdate)) DESC"],"Sort Method": "quicksort","Sort Space Used": 14665,"Sort Space Type": "Memory","Workers": [{"Worker Number": 0,"Sort Method": "quicksort","Sort Space Used": 13702,"Sort Space Type": "Memory"},{"Worker Number": 1,"Sort Method": "quicksort","Sort Space Used": 13674,"Sort Space Type": "Memory"}],"Plans": [{"Node Type": "Hash Join","Parent Relationship": "Outer","Parallel Aware": false,"Async Capable": false,"Join Type": "Inner","Startup Cost": 3.13,"Total Cost": 46353.25,"Plan Rows": 61,"Plan Width": 159,"Actual Startup Time": 0.557,"Actual Total Time": 2207.182,"Actual Rows": 109898,"Actual Loops": 3,"Inner Unique": true,"Hash Cond": "(supplier.s_nationkey = nation.n_nationkey)","Workers": [],"Plans": [{"Node Type": "Nested Loop","Parent Relationship": "Outer","Parallel Aware": false,"Async Capable": false,"Join Type": "Inner","Startup Cost": 1.57,"Total Cost": 46351.35,"Plan Rows": 61,"Plan Width": 31,"Actual Startup Time": 0.414,"Actual Total Time": 2175.294,"Actual Rows": 109898,"Actual Loops": 3,"Inner Unique": true,"Workers": [],"Plans": [{"Node Type": "Nested Loop","Parent Relationship": "Outer","Parallel Aware": false,"Async Capable": false,"Join Type": "Inner","Startup Cost": 1.14,"Total Cost": 46322.98,"Plan Rows": 61,"Plan Width": 31,"Actual Startup Time": 0.310,"Actual Total Time": 1011.624,"Actual Rows": 109898,"Actual Loops": 3,"Inner Unique": true,"Workers": [],"Plans": [{"Node Type": "Nested Loop","Parent Relationship": "Outer","Parallel Aware": false,"Async Capable": false,"Join Type": "Inner","Startup Cost": 0.86,"Total Cost": 46304.52,"Plan Rows": 61,"Plan Width": 35,"Actual Startup Time": 0.236,"Actual Total Time": 825.175,"Actual Rows": 109898,"Actual Loops": 3,"Inner Unique": false,"Workers": [],"Plans": [{"Node Type": "Nested Loop","Parent Relationship": "Outer","Parallel Aware": false,"Async Capable": false,"Join Type": "Inner","Startup Cost": 0.42,"Total Cost": 24846.16,"Plan Rows": 20202,"Plan Width": 18,"Actual Startup Time": 0.137,"Actual Total Time": 114.423,"Actual Rows": 14635,"Actual Loops": 3,"Inner Unique": false,"Workers": [],"Plans": [{"Node Type": "Seq Scan","Parent Relationship": "Outer","Parallel Aware": true,"Async Capable": false,"Relation Name": "part","Alias": "part","Startup Cost": 0.00,"Total Cost": 5138.67,"Plan Rows": 5051,"Plan Width": 4,"Actual Startup Time": 0.046,"Actual Total Time": 48.394,"Actual Rows": 3659,"Actual Loops": 3,"Filter": "((p_name)::text ~~ '%brown%'::text)","Rows Removed by Filter": 63008,"Workers": []},{"Node Type": "Index Scan","Parent Relationship": "Inner","Parallel Aware": false,"Async Capable": false,"Scan Direction": "Forward","Index Name": "idx_partsupp_partkey","Relation Name": "partsupp","Alias": "partsupp","Startup Cost": 0.42,"Total Cost": 3.86,"Plan Rows": 4,"Plan Width": 14,"Actual Startup Time": 0.014,"Actual Total Time": 0.017,"Actual Rows": 4,"Actual Loops": 10976,"Index Cond": "(ps_partkey = part.p_partkey)","Rows Removed by Index Recheck": 0,"Workers": []}]},{"Node Type": "Index Scan","Parent Relationship": "Inner","Parallel Aware": false,"Async Capable": false,"Scan Direction": "Forward","Index Name": "idx_lineitem_part_supp","Relation Name": "lineitem","Alias": "lineitem","Startup Cost": 0.43,"Total Cost": 1.05,"Plan Rows": 1,"Plan Width": 29,"Actual Startup Time": 0.007,"Actual Total Time": 0.047,"Actual Rows": 8,"Actual Loops": 43904,"Index Cond": "((l_partkey = partsupp.ps_partkey) AND (l_suppkey = partsupp.ps_suppkey))","Rows Removed by Index Recheck": 0,"Workers": []}]},{"Node Type": "Index Scan","Parent Relationship": "Inner","Parallel Aware": false,"Async Capable": false,"Scan Direction": "Forward","Index Name": "supplier_pkey","Relation Name": "supplier","Alias": "supplier","Startup Cost": 0.29,"Total Cost": 0.30,"Plan Rows": 1,"Plan Width": 8,"Actual Startup Time": 0.001,"Actual Total Time": 0.001,"Actual Rows": 1,"Actual Loops": 329693,"Index Cond": "(s_suppkey = lineitem.l_suppkey)","Rows Removed by Index Recheck": 0,"Workers": []}]},{"Node Type": "Index Scan","Parent Relationship": "Inner","Parallel Aware": false,"Async Capable": false,"Scan Direction": "Forward","Index Name": "orders_pkey","Relation Name": "orders","Alias": "orders","Startup Cost": 0.43,"Total Cost": 0.47,"Plan Rows": 1,"Plan Width": 8,"Actual Startup Time": 0.010,"Actual Total Time": 0.010,"Actual Rows": 1,"Actual Loops": 329693,"Index Cond": "(o_orderkey = lineitem.l_orderkey)","Rows Removed by Index Recheck": 0,"Workers": []}]},{"Node Type": "Hash","Parent Relationship": "Inner","Parallel Aware": false,"Async Capable": false,"Startup Cost": 1.25,"Total Cost": 1.25,"Plan Rows": 25,"Plan Width": 108,"Actual Startup Time": 0.066,"Actual Total Time": 0.074,"Actual Rows": 25,"Actual Loops": 3,"Hash Buckets": 1024,"Original Hash Buckets": 1024,"Hash Batches": 1,"Original Hash Batches": 1,"Peak Memory Usage": 10,"Workers": [],"Plans": [{"Node Type": "Seq Scan","Parent Relationship": "Outer","Parallel Aware": false,"Async Capable": false,"Relation Name": "nation","Alias": "nation","Startup Cost": 0.00,"Total Cost": 1.25,"Plan Rows": 25,"Plan Width": 108,"Actual Startup Time": 0.044,"Actual Total Time": 0.048,"Actual Rows": 25,"Actual Loops": 3,"Workers": []}]}]}]}]}]}]},"Planning Time": 12.167,"Triggers": [],"Execution Time": 2641.371}]
[{"Plan": {"Node Type": "Aggregate","Strategy": "Sorted","Partial Mode": "Finalize","Parallel Aware": false,"Async Capable": false,"Startup Cost": 28858.40,"Total Cost": 28868.07,"Plan Rows": 73,"Plan Width": 168,"Actual Startup Time": 2429.484,"Actual Total Time": 2565.453,"Actual Rows": 175,"Actual Loops": 1,"Group Key": ["nation.n_name", "(EXTRACT(year FROM orders.o_orderdate))"],"Plans": [{"Node Type": "Gather Merge","Parent Relationship": "Outer","Parallel Aware": false,"Async Capable": false,"Startup Cost": 28858.40,"Total Cost": 28866.38,"Plan Rows": 60,"Plan Width": 168,"Actual Startup Time": 2427.372,"Actual Total Time": 2564.947,"Actual Rows": 525,"Actual Loops": 1,"Workers Planned": 2,"Workers Launched": 2,"Plans": [{"Node Type": "Aggregate","Strategy": "Sorted","Partial Mode": "Partial","Parent Relationship": "Outer","Parallel Aware": false,"Async Capable": false,"Startup Cost": 27858.38,"Total Cost": 27859.43,"Plan Rows": 30,"Plan Width": 168,"Actual Startup Time": 2302.543,"Actual Total Time": 2425.776,"Actual Rows": 175,"Actual Loops": 3,"Group Key": ["nation.n_name", "(EXTRACT(year FROM orders.o_orderdate))"],"Workers": [],"Plans": [{"Node Type": "Sort","Parent Relationship": "Outer","Parallel Aware": false,"Async Capable": false,"Startup Cost": 27858.38,"Total Cost": 27858.46,"Plan Rows": 30,"Plan Width": 159,"Actual Startup Time": 2301.927,"Actual Total Time": 2343.346,"Actual Rows": 109583,"Actual Loops": 3,"Sort Key": ["nation.n_name", "(EXTRACT(year FROM orders.o_orderdate)) DESC"],"Sort Method": "quicksort","Sort Space Used": 13696,"Sort Space Type": "Memory","Workers": [{"Worker Number": 0,"Sort Method": "quicksort","Sort Space Used": 14018,"Sort Space Type": "Memory"},{"Worker Number": 1,"Sort Method": "quicksort","Sort Space Used": 14244,"Sort Space Type": "Memory"}],"Plans": [{"Node Type": "Hash Join","Parent Relationship": "Outer","Parallel Aware": false,"Async Capable": false,"Join Type": "Inner","Startup Cost": 3.13,"Total Cost": 27857.64,"Plan Rows": 30,"Plan Width": 159,"Actual Startup Time": 0.607,"Actual Total Time": 2151.913,"Actual Rows": 109583,"Actual Loops": 3,"Inner Unique": true,"Hash Cond": "(supplier.s_nationkey = nation.n_nationkey)","Workers": [],"Plans": [{"Node Type": "Nested Loop","Parent Relationship": "Outer","Parallel Aware": false,"Async Capable": false,"Join Type": "Inner","Startup Cost": 1.57,"Total Cost": 27855.92,"Plan Rows": 30,"Plan Width": 31,"Actual Startup Time": 0.460,"Actual Total Time": 2120.412,"Actual Rows": 109583,"Actual Loops": 3,"Inner Unique": true,"Workers": [],"Plans": [{"Node Type": "Nested Loop","Parent Relationship": "Outer","Parallel Aware": false,"Async Capable": false,"Join Type": "Inner","Startup Cost": 1.14,"Total Cost": 27841.96,"Plan Rows": 30,"Plan Width": 31,"Actual Startup Time": 0.341,"Actual Total Time": 990.093,"Actual Rows": 109583,"Actual Loops": 3,"Inner Unique": true,"Workers": [],"Plans": [{"Node Type": "Nested Loop","Parent Relationship": "Outer","Parallel Aware": false,"Async Capable": false,"Join Type": "Inner","Startup Cost": 0.86,"Total Cost": 27832.88,"Plan Rows": 30,"Plan Width": 35,"Actual Startup Time": 0.270,"Actual Total Time": 805.529,"Actual Rows": 109583,"Actual Loops": 3,"Inner Unique": false,"Workers": [],"Plans": [{"Node Type": "Nested Loop","Parent Relationship": "Outer","Parallel Aware": false,"Async Capable": false,"Join Type": "Inner","Startup Cost": 0.42,"Total Cost": 17103.70,"Plan Rows": 10101,"Plan Width": 18,"Actual Startup Time": 0.172,"Actual Total Time": 119.406,"Actual Rows": 14584,"Actual Loops": 3,"Inner Unique": false,"Workers": [],"Plans": [{"Node Type": "Seq Scan","Parent Relationship": "Outer","Parallel Aware": true,"Async Capable": false,"Relation Name": "part","Alias": "part","Startup Cost": 0.00,"Total Cost": 5138.67,"Plan Rows": 2525,"Plan Width": 4,"Actual Startup Time": 0.054,"Actual Total Time": 51.261,"Actual Rows": 3646,"Actual Loops": 3,"Filter": "((p_name)::text ~~ '%drab%'::text)","Rows Removed by Filter": 63021,"Workers": []},{"Node Type": "Index Scan","Parent Relationship": "Inner","Parallel Aware": false,"Async Capable": false,"Scan Direction": "Forward","Index Name": "idx_partsupp_partkey","Relation Name": "partsupp","Alias": "partsupp","Startup Cost": 0.42,"Total Cost": 4.70,"Plan Rows": 4,"Plan Width": 14,"Actual Startup Time": 0.014,"Actual Total Time": 0.018,"Actual Rows": 4,"Actual Loops": 10938,"Index Cond": "(ps_partkey = part.p_partkey)","Rows Removed by Index Recheck": 0,"Workers": []}]},{"Node Type": "Index Scan","Parent Relationship": "Inner","Parallel Aware": false,"Async Capable": false,"Scan Direction": "Forward","Index Name": "idx_lineitem_part_supp","Relation Name": "lineitem","Alias": "lineitem","Startup Cost": 0.43,"Total Cost": 1.05,"Plan Rows": 1,"Plan Width": 29,"Actual Startup Time": 0.007,"Actual Total Time": 0.045,"Actual Rows": 8,"Actual Loops": 43752,"Index Cond": "((l_partkey = partsupp.ps_partkey) AND (l_suppkey = partsupp.ps_suppkey))","Rows Removed by Index Recheck": 0,"Workers": []}]},{"Node Type": "Index Scan","Parent Relationship": "Inner","Parallel Aware": false,"Async Capable": false,"Scan Direction": "Forward","Index Name": "supplier_pkey","Relation Name": "supplier","Alias": "supplier","Startup Cost": 0.29,"Total Cost": 0.30,"Plan Rows": 1,"Plan Width": 8,"Actual Startup Time": 0.001,"Actual Total Time": 0.001,"Actual Rows": 1,"Actual Loops": 328749,"Index Cond": "(s_suppkey = lineitem.l_suppkey)","Rows Removed by Index Recheck": 0,"Workers": []}]},{"Node Type": "Index Scan","Parent Relationship": "Inner","Parallel Aware": false,"Async Capable": false,"Scan Direction": "Forward","Index Name": "orders_pkey","Relation Name": "orders","Alias": "orders","Startup Cost": 0.43,"Total Cost": 0.47,"Plan Rows": 1,"Plan Width": 8,"Actual Startup Time": 0.010,"Actual Total Time": 0.010,"Actual Rows": 1,"Actual Loops": 328749,"Index Cond": "(o_orderkey = lineitem.l_orderkey)","Rows Removed by Index Recheck": 0,"Workers": []}]},{"Node Type": "Hash","Parent Relationship": "Inner","Parallel Aware": false,"Async Capable": false,"Startup Cost": 1.25,"Total Cost": 1.25,"Plan Rows": 25,"Plan Width": 108,"Actual Startup Time": 0.072,"Actual Total Time": 0.091,"Actual Rows": 25,"Actual Loops": 3,"Hash Buckets": 1024,"Original Hash Buckets": 1024,"Hash Batches": 1,"Original Hash Batches": 1,"Peak Memory Usage": 10,"Workers": [],"Plans": [{"Node Type": "Seq Scan","Parent Relationship": "Outer","Parallel Aware": false,"Async Capable": false,"Relation Name": "nation","Alias": "nation","Startup Cost": 0.00,"Total Cost": 1.25,"Plan Rows": 25,"Plan Width": 108,"Actual Startup Time": 0.048,"Actual Total Time": 0.059,"Actual Rows": 25,"Actual Loops": 3,"Workers": []}]}]}]}]}]}]},"Planning Time": 12.042,"Triggers": [],"Execution Time": 2567.199}]
[{"Plan": {"Node Type": "Aggregate","Strategy": "Sorted","Partial Mode": "Finalize","Parallel Aware": false,"Async Capable": false,"Startup Cost": 46348.90,"Total Cost": 46374.41,"Plan Rows": 170,"Plan Width": 168,"Actual Startup Time": 1723.493,"Actual Total Time": 1859.527,"Actual Rows": 175,"Actual Loops": 1,"Group Key": ["nation.n_name", "(EXTRACT(year FROM orders.o_orderdate))"],"Plans": [{"Node Type": "Gather Merge","Parent Relationship": "Outer","Parallel Aware": false,"Async Capable": false,"Startup Cost": 46348.90,"Total Cost": 46370.21,"Plan Rows": 165,"Plan Width": 168,"Actual Startup Time": 1722.182,"Actual Total Time": 1859.079,"Actual Rows": 700,"Actual Loops": 1,"Workers Planned": 3,"Workers Launched": 3,"Plans": [{"Node Type": "Aggregate","Strategy": "Sorted","Partial Mode": "Partial","Parent Relationship": "Outer","Parallel Aware": false,"Async Capable": false,"Startup Cost": 45348.86,"Total Cost": 45350.79,"Plan Rows": 55,"Plan Width": 168,"Actual Startup Time": 1656.882,"Actual Total Time": 1751.105,"Actual Rows": 175,"Actual Loops": 4,"Group Key": ["nation.n_name", "(EXTRACT(year FROM orders.o_orderdate))"],"Workers": [],"Plans": [{"Node Type": "Sort","Parent Relationship": "Outer","Parallel Aware": false,"Async Capable": false,"Startup Cost": 45348.86,"Total Cost": 45349.00,"Plan Rows": 55,"Plan Width": 159,"Actual Startup Time": 1656.482,"Actual Total Time": 1688.020,"Actual Rows": 82329,"Actual Loops": 4,"Sort Key": ["nation.n_name", "(EXTRACT(year FROM orders.o_orderdate)) DESC"],"Sort Method": "quicksort","Sort Space Used": 11581,"Sort Space Type": "Memory","Workers": [{"Worker Number": 0,"Sort Method": "quicksort","Sort Space Used": 11149,"Sort Space Type": "Memory"},{"Worker Number": 1,"Sort Method": "quicksort","Sort Space Used": 11206,"Sort Space Type": "Memory"},{"Worker Number": 2,"Sort Method": "quicksort","Sort Space Used": 11149,"Sort Space Type": "Memory"}],"Plans": [{"Node Type": "Hash Join","Parent Relationship": "Outer","Parallel Aware": false,"Async Capable": false,"Join Type": "Inner","Startup Cost": 5215.02,"Total Cost": 45347.27,"Plan Rows": 55,"Plan Width": 159,"Actual Startup Time": 22.822,"Actual Total Time": 1557.570,"Actual Rows": 82329,"Actual Loops": 4,"Inner Unique": true,"Hash Cond": "(supplier.s_nationkey = nation.n_nationkey)","Workers": [],"Plans": [{"Node Type": "Nested Loop","Parent Relationship": "Outer","Parallel Aware": false,"Async Capable": false,"Join Type": "Inner","Startup Cost": 5213.46,"Total Cost": 45345.40,"Plan Rows": 55,"Plan Width": 31,"Actual Startup Time": 22.599,"Actual Total Time": 1533.905,"Actual Rows": 82329,"Actual Loops": 4,"Inner Unique": true,"Workers": [],"Plans": [{"Node Type": "Nested Loop","Parent Relationship": "Outer","Parallel Aware": false,"Async Capable": false,"Join Type": "Inner","Startup Cost": 5213.03,"Total Cost": 45319.82,"Plan Rows": 55,"Plan Width": 31,"Actual Startup Time": 22.531,"Actual Total Time": 799.967,"Actual Rows": 82329,"Actual Loops": 4,"Inner Unique": true,"Workers": [],"Plans": [{"Node Type": "Nested Loop","Parent Relationship": "Outer","Parallel Aware": false,"Async Capable": false,"Join Type": "Inner","Startup Cost": 5212.75,"Total Cost": 45303.17,"Plan Rows": 55,"Plan Width": 35,"Actual Startup Time": 22.487,"Actual Total Time": 661.259,"Actual Rows": 82329,"Actual Loops": 4,"Inner Unique": false,"Workers": [],"Plans": [{"Node Type": "Hash Join","Parent Relationship": "Outer","Parallel Aware": true,"Async Capable": false,"Join Type": "Inner","Startup Cost": 5212.32,"Total Cost": 25921.39,"Plan Rows": 18247,"Plan Width": 18,"Actual Startup Time": 22.414,"Actual Total Time": 195.633,"Actual Rows": 10963,"Actual Loops": 4,"Inner Unique": true,"Hash Cond": "(partsupp.ps_partkey = part.p_partkey)","Workers": [],"Plans": [{"Node Type": "Seq Scan","Parent Relationship": "Outer","Parallel Aware": true,"Async Capable": false,"Relation Name": "partsupp","Alias": "partsupp","Startup Cost": 0.00,"Total Cost": 20031.65,"Plan Rows": 258065,"Plan Width": 14,"Actual Startup Time": 0.017,"Actual Total Time": 41.561,"Actual Rows": 200000,"Actual Loops": 4,"Workers": []},{"Node Type": "Hash","Parent Relationship": "Inner","Parallel Aware": true,"Async Capable": false,"Startup Cost": 5138.67,"Total Cost": 5138.67,"Plan Rows": 5892,"Plan Width": 4,"Actual Startup Time": 22.190,"Actual Total Time": 22.200,"Actual Rows": 2741,"Actual Loops": 4,"Hash Buckets": 16384,"Original Hash Buckets": 16384,"Hash Batches": 1,"Original Hash Batches": 1,"Peak Memory Usage": 608,"Workers": [],"Plans": [{"Node Type": "Seq Scan","Parent Relationship": "Outer","Parallel Aware": true,"Async Capable": false,"Relation Name": "part","Alias": "part","Startup Cost": 0.00,"Total Cost": 5138.67,"Plan Rows": 5892,"Plan Width": 4,"Actual Startup Time": 0.074,"Actual Total Time": 20.472,"Actual Rows": 2741,"Actual Loops": 4,"Filter": "((p_name)::text ~~ '%maroon%'::text)","Rows Removed by Filter": 47259,"Workers": []}]}]},{"Node Type": "Index Scan","Parent Relationship": "Inner","Parallel Aware": false,"Async Capable": false,"Scan Direction": "Forward","Index Name": "idx_lineitem_part_supp","Relation Name": "lineitem","Alias": "lineitem","Startup Cost": 0.43,"Total Cost": 1.05,"Plan Rows": 1,"Plan Width": 29,"Actual Startup Time": 0.006,"Actual Total Time": 0.041,"Actual Rows": 8,"Actual Loops": 43852,"Index Cond": "((l_partkey = partsupp.ps_partkey) AND (l_suppkey = partsupp.ps_suppkey))","Rows Removed by Index Recheck": 0,"Workers": []}]},{"Node Type": "Index Scan","Parent Relationship": "Inner","Parallel Aware": false,"Async Capable": false,"Scan Direction": "Forward","Index Name": "supplier_pkey","Relation Name": "supplier","Alias": "supplier","Startup Cost": 0.29,"Total Cost": 0.30,"Plan Rows": 1,"Plan Width": 8,"Actual Startup Time": 0.001,"Actual Total Time": 0.001,"Actual Rows": 1,"Actual Loops": 329315,"Index Cond": "(s_suppkey = lineitem.l_suppkey)","Rows Removed by Index Recheck": 0,"Workers": []}]},{"Node Type": "Index Scan","Parent Relationship": "Inner","Parallel Aware": false,"Async Capable": false,"Scan Direction": "Forward","Index Name": "orders_pkey","Relation Name": "orders","Alias": "orders","Startup Cost": 0.43,"Total Cost": 0.47,"Plan Rows": 1,"Plan Width": 8,"Actual Startup Time": 0.009,"Actual Total Time": 0.009,"Actual Rows": 1,"Actual Loops": 329315,"Index Cond": "(o_orderkey = lineitem.l_orderkey)","Rows Removed by Index Recheck": 0,"Workers": []}]},{"Node Type": "Hash","Parent Relationship": "Inner","Parallel Aware": false,"Async Capable": false,"Startup Cost": 1.25,"Total Cost": 1.25,"Plan Rows": 25,"Plan Width": 108,"Actual Startup Time": 0.106,"Actual Total Time": 0.111,"Actual Rows": 25,"Actual Loops": 4,"Hash Buckets": 1024,"Original Hash Buckets": 1024,"Hash Batches": 1,"Original Hash Batches": 1,"Peak Memory Usage": 10,"Workers": [],"Plans": [{"Node Type": "Seq Scan","Parent Relationship": "Outer","Parallel Aware": false,"Async Capable": false,"Relation Name": "nation","Alias": "nation","Startup Cost": 0.00,"Total Cost": 1.25,"Plan Rows": 25,"Plan Width": 108,"Actual Startup Time": 0.074,"Actual Total Time": 0.080,"Actual Rows": 25,"Actual Loops": 4,"Workers": []}]}]}]}]}]}]},"Planning Time": 11.867,"Triggers": [],"Execution Time": 1860.481}]
[{"Plan": {"Node Type": "Aggregate","Strategy": "Sorted","Partial Mode": "Finalize","Parallel Aware": false,"Async Capable": false,"Startup Cost": 47355.08,"Total Cost": 47374.71,"Plan Rows": 146,"Plan Width": 168,"Actual Startup Time": 2418.586,"Actual Total Time": 2591.239,"Actual Rows": 175,"Actual Loops": 1,"Group Key": ["nation.n_name", "(EXTRACT(year FROM orders.o_orderdate))"],"Plans": [{"Node Type": "Gather Merge","Parent Relationship": "Outer","Parallel Aware": false,"Async Capable": false,"Startup Cost": 47355.08,"Total Cost": 47371.30,"Plan Rows": 122,"Plan Width": 168,"Actual Startup Time": 2416.412,"Actual Total Time": 2590.812,"Actual Rows": 525,"Actual Loops": 1,"Workers Planned": 2,"Workers Launched": 2,"Plans": [{"Node Type": "Aggregate","Strategy": "Sorted","Partial Mode": "Partial","Parent Relationship": "Outer","Parallel Aware": false,"Async Capable": false,"Startup Cost": 46355.06,"Total Cost": 46357.20,"Plan Rows": 61,"Plan Width": 168,"Actual Startup Time": 2299.702,"Actual Total Time": 2424.397,"Actual Rows": 175,"Actual Loops": 3,"Group Key": ["nation.n_name", "(EXTRACT(year FROM orders.o_orderdate))"],"Workers": [],"Plans": [{"Node Type": "Sort","Parent Relationship": "Outer","Parallel Aware": false,"Async Capable": false,"Startup Cost": 46355.06,"Total Cost": 46355.21,"Plan Rows": 61,"Plan Width": 159,"Actual Startup Time": 2299.056,"Actual Total Time": 2340.972,"Actual Rows": 108881,"Actual Loops": 3,"Sort Key": ["nation.n_name", "(EXTRACT(year FROM orders.o_orderdate)) DESC"],"Sort Method": "quicksort","Sort Space Used": 13487,"Sort Space Type": "Memory","Workers": [{"Worker Number": 0,"Sort Method": "quicksort","Sort Space Used": 14047,"Sort Space Type": "Memory"},{"Worker Number": 1,"Sort Method": "quicksort","Sort Space Used": 14209,"Sort Space Type": "Memory"}],"Plans": [{"Node Type": "Hash Join","Parent Relationship": "Outer","Parallel Aware": false,"Async Capable": false,"Join Type": "Inner","Startup Cost": 3.13,"Total Cost": 46353.25,"Plan Rows": 61,"Plan Width": 159,"Actual Startup Time": 0.636,"Actual Total Time": 2147.342,"Actual Rows": 108881,"Actual Loops": 3,"Inner Unique": true,"Hash Cond": "(supplier.s_nationkey = nation.n_nationkey)","Workers": [],"Plans": [{"Node Type": "Nested Loop","Parent Relationship": "Outer","Parallel Aware": false,"Async Capable": false,"Join Type": "Inner","Startup Cost": 1.57,"Total Cost": 46351.35,"Plan Rows": 61,"Plan Width": 31,"Actual Startup Time": 0.492,"Actual Total Time": 2115.417,"Actual Rows": 108881,"Actual Loops": 3,"Inner Unique": true,"Workers": [],"Plans": [{"Node Type": "Nested Loop","Parent Relationship": "Outer","Parallel Aware": false,"Async Capable": false,"Join Type": "Inner","Startup Cost": 1.14,"Total Cost": 46322.98,"Plan Rows": 61,"Plan Width": 31,"Actual Startup Time": 0.372,"Actual Total Time": 983.625,"Actual Rows": 108881,"Actual Loops": 3,"Inner Unique": true,"Workers": [],"Plans": [{"Node Type": "Nested Loop","Parent Relationship": "Outer","Parallel Aware": false,"Async Capable": false,"Join Type": "Inner","Startup Cost": 0.86,"Total Cost": 46304.52,"Plan Rows": 61,"Plan Width": 35,"Actual Startup Time": 0.292,"Actual Total Time": 798.758,"Actual Rows": 108881,"Actual Loops": 3,"Inner Unique": false,"Workers": [],"Plans": [{"Node Type": "Nested Loop","Parent Relationship": "Outer","Parallel Aware": false,"Async Capable": false,"Join Type": "Inner","Startup Cost": 0.42,"Total Cost": 24846.16,"Plan Rows": 20202,"Plan Width": 18,"Actual Startup Time": 0.179,"Actual Total Time": 119.288,"Actual Rows": 14596,"Actual Loops": 3,"Inner Unique": false,"Workers": [],"Plans": [{"Node Type": "Seq Scan","Parent Relationship": "Outer","Parallel Aware": true,"Async Capable": false,"Relation Name": "part","Alias": "part","Startup Cost": 0.00,"Total Cost": 5138.67,"Plan Rows": 5051,"Plan Width": 4,"Actual Startup Time": 0.048,"Actual Total Time": 51.476,"Actual Rows": 3649,"Actual Loops": 3,"Filter": "((p_name)::text ~~ '%saddle%'::text)","Rows Removed by Filter": 63018,"Workers": []},{"Node Type": "Index Scan","Parent Relationship": "Inner","Parallel Aware": false,"Async Capable": false,"Scan Direction": "Forward","Index Name": "idx_partsupp_partkey","Relation Name": "partsupp","Alias": "partsupp","Startup Cost": 0.42,"Total Cost": 3.86,"Plan Rows": 4,"Plan Width": 14,"Actual Startup Time": 0.014,"Actual Total Time": 0.018,"Actual Rows": 4,"Actual Loops": 10947,"Index Cond": "(ps_partkey = part.p_partkey)","Rows Removed by Index Recheck": 0,"Workers": []}]},{"Node Type": "Index Scan","Parent Relationship": "Inner","Parallel Aware": false,"Async Capable": false,"Scan Direction": "Forward","Index Name": "idx_lineitem_part_supp","Relation Name": "lineitem","Alias": "lineitem","Startup Cost": 0.43,"Total Cost": 1.05,"Plan Rows": 1,"Plan Width": 29,"Actual Startup Time": 0.007,"Actual Total Time": 0.045,"Actual Rows": 7,"Actual Loops": 43788,"Index Cond": "((l_partkey = partsupp.ps_partkey) AND (l_suppkey = partsupp.ps_suppkey))","Rows Removed by Index Recheck": 0,"Workers": []}]},{"Node Type": "Index Scan","Parent Relationship": "Inner","Parallel Aware": false,"Async Capable": false,"Scan Direction": "Forward","Index Name": "supplier_pkey","Relation Name": "supplier","Alias": "supplier","Startup Cost": 0.29,"Total Cost": 0.30,"Plan Rows": 1,"Plan Width": 8,"Actual Startup Time": 0.001,"Actual Total Time": 0.001,"Actual Rows": 1,"Actual Loops": 326644,"Index Cond": "(s_suppkey = lineitem.l_suppkey)","Rows Removed by Index Recheck": 0,"Workers": []}]},{"Node Type": "Index Scan","Parent Relationship": "Inner","Parallel Aware": false,"Async Capable": false,"Scan Direction": "Forward","Index Name": "orders_pkey","Relation Name": "orders","Alias": "orders","Startup Cost": 0.43,"Total Cost": 0.47,"Plan Rows": 1,"Plan Width": 8,"Actual Startup Time": 0.010,"Actual Total Time": 0.010,"Actual Rows": 1,"Actual Loops": 326644,"Index Cond": "(o_orderkey = lineitem.l_orderkey)","Rows Removed by Index Recheck": 0,"Workers": []}]},{"Node Type": "Hash","Parent Relationship": "Inner","Parallel Aware": false,"Async Capable": false,"Startup Cost": 1.25,"Total Cost": 1.25,"Plan Rows": 25,"Plan Width": 108,"Actual Startup Time": 0.067,"Actual Total Time": 0.078,"Actual Rows": 25,"Actual Loops": 3,"Hash Buckets": 1024,"Original Hash Buckets": 1024,"Hash Batches": 1,"Original Hash Batches": 1,"Peak Memory Usage": 10,"Workers": [],"Plans": [{"Node Type": "Seq Scan","Parent Relationship": "Outer","Parallel Aware": false,"Async Capable": false,"Relation Name": "nation","Alias": "nation","Startup Cost": 0.00,"Total Cost": 1.25,"Plan Rows": 25,"Plan Width": 108,"Actual Startup Time": 0.044,"Actual Total Time": 0.050,"Actual Rows": 25,"Actual Loops": 3,"Workers": []}]}]}]}]}]}]},"Planning Time": 12.299,"Triggers": [],"Execution Time": 2594.723}]
[{"Plan": {"Node Type": "Aggregate","Strategy": "Sorted","Partial Mode": "Finalize","Parallel Aware": false,"Async Capable": false,"Startup Cost": 54706.26,"Total Cost": 54742.91,"Plan Rows": 244,"Plan Width": 168,"Actual Startup Time": 1714.474,"Actual Total Time": 1830.226,"Actual Rows": 175,"Actual Loops": 1,"Group Key": ["nation.n_name", "(EXTRACT(year FROM orders.o_orderdate))"],"Plans": [{"Node Type": "Gather Merge","Parent Relationship": "Outer","Parallel Aware": false,"Async Capable": false,"Startup Cost": 54706.26,"Total Cost": 54736.88,"Plan Rows": 237,"Plan Width": 168,"Actual Startup Time": 1713.154,"Actual Total Time": 1829.714,"Actual Rows": 700,"Actual Loops": 1,"Workers Planned": 3,"Workers Launched": 3,"Plans": [{"Node Type": "Aggregate","Strategy": "Sorted","Partial Mode": "Partial","Parent Relationship": "Outer","Parallel Aware": false,"Async Capable": false,"Startup Cost": 53706.22,"Total Cost": 53708.99,"Plan Rows": 79,"Plan Width": 168,"Actual Startup Time": 1641.405,"Actual Total Time": 1736.002,"Actual Rows": 175,"Actual Loops": 4,"Group Key": ["nation.n_name", "(EXTRACT(year FROM orders.o_orderdate))"],"Workers": [],"Plans": [{"Node Type": "Sort","Parent Relationship": "Outer","Parallel Aware": false,"Async Capable": false,"Startup Cost": 53706.22,"Total Cost": 53706.42,"Plan Rows": 79,"Plan Width": 159,"Actual Startup Time": 1640.941,"Actual Total Time": 1673.380,"Actual Rows": 81542,"Actual Loops": 4,"Sort Key": ["nation.n_name", "(EXTRACT(year FROM orders.o_orderdate)) DESC"],"Sort Method": "quicksort","Sort Space Used": 11097,"Sort Space Type": "Memory","Workers": [{"Worker Number": 0,"Sort Method": "quicksort","Sort Space Used": 11309,"Sort Space Type": "Memory"},{"Worker Number": 1,"Sort Method": "quicksort","Sort Space Used": 10929,"Sort Space Type": "Memory"},{"Worker Number": 2,"Sort Method": "quicksort","Sort Space Used": 11435,"Sort Space Type": "Memory"}],"Plans": [{"Node Type": "Hash Join","Parent Relationship": "Outer","Parallel Aware": false,"Async Capable": false,"Join Type": "Inner","Startup Cost": 5246.60,"Total Cost": 53703.73,"Plan Rows": 79,"Plan Width": 159,"Actual Startup Time": 23.772,"Actual Total Time": 1540.996,"Actual Rows": 81542,"Actual Loops": 4,"Inner Unique": true,"Hash Cond": "(supplier.s_nationkey = nation.n_nationkey)","Workers": [],"Plans": [{"Node Type": "Nested Loop","Parent Relationship": "Outer","Parallel Aware": false,"Async Capable": false,"Join Type": "Inner","Startup Cost": 5245.04,"Total Cost": 53701.73,"Plan Rows": 79,"Plan Width": 31,"Actual Startup Time": 23.575,"Actual Total Time": 1517.770,"Actual Rows": 81542,"Actual Loops": 4,"Inner Unique": true,"Workers": [],"Plans": [{"Node Type": "Nested Loop","Parent Relationship": "Outer","Parallel Aware": false,"Async Capable": false,"Join Type": "Inner","Startup Cost": 5244.61,"Total Cost": 53664.99,"Plan Rows": 79,"Plan Width": 31,"Actual Startup Time": 23.500,"Actual Total Time": 784.781,"Actual Rows": 81542,"Actual Loops": 4,"Inner Unique": true,"Workers": [],"Plans": [{"Node Type": "Nested Loop","Parent Relationship": "Outer","Parallel Aware": false,"Async Capable": false,"Join Type": "Inner","Startup Cost": 5244.32,"Total Cost": 53641.08,"Plan Rows": 79,"Plan Width": 35,"Actual Startup Time": 23.443,"Actual Total Time": 647.674,"Actual Rows": 81542,"Actual Loops": 4,"Inner Unique": false,"Workers": [],"Plans": [{"Node Type": "Hash Join","Parent Relationship": "Outer","Parallel Aware": true,"Async Capable": false,"Join Type": "Inner","Startup Cost": 5243.89,"Total Cost": 25952.97,"Plan Rows": 26067,"Plan Width": 18,"Actual Startup Time": 23.378,"Actual Total Time": 190.584,"Actual Rows": 10873,"Actual Loops": 4,"Inner Unique": true,"Hash Cond": "(partsupp.ps_partkey = part.p_partkey)","Workers": [],"Plans": [{"Node Type": "Seq Scan","Parent Relationship": "Outer","Parallel Aware": true,"Async Capable": false,"Relation Name": "partsupp","Alias": "partsupp","Startup Cost": 0.00,"Total Cost": 20031.65,"Plan Rows": 258065,"Plan Width": 14,"Actual Startup Time": 0.016,"Actual Total Time": 42.639,"Actual Rows": 200000,"Actual Loops": 4,"Workers": []},{"Node Type": "Hash","Parent Relationship": "Inner","Parallel Aware": true,"Async Capable": false,"Startup Cost": 5138.67,"Total Cost": 5138.67,"Plan Rows": 8418,"Plan Width": 4,"Actual Startup Time": 23.128,"Actual Total Time": 23.145,"Actual Rows": 2718,"Actual Loops": 4,"Hash Buckets": 32768,"Original Hash Buckets": 32768,"Hash Batches": 1,"Original Hash Batches": 1,"Peak Memory Usage": 704,"Workers": [],"Plans": [{"Node Type": "Seq Scan","Parent Relationship": "Outer","Parallel Aware": true,"Async Capable": false,"Relation Name": "part","Alias": "part","Startup Cost": 0.00,"Total Cost": 5138.67,"Plan Rows": 8418,"Plan Width": 4,"Actual Startup Time": 0.058,"Actual Total Time": 21.650,"Actual Rows": 2718,"Actual Loops": 4,"Filter": "((p_name)::text ~~ '%linen%'::text)","Rows Removed by Filter": 47282,"Workers": []}]}]},{"Node Type": "Index Scan","Parent Relationship": "Inner","Parallel Aware": false,"Async Capable": false,"Scan Direction": "Forward","Index Name": "idx_lineitem_part_supp","Relation Name": "lineitem","Alias": "lineitem","Startup Cost": 0.43,"Total Cost": 1.05,"Plan Rows": 1,"Plan Width": 29,"Actual Startup Time": 0.006,"Actual Total Time": 0.041,"Actual Rows": 7,"Actual Loops": 43492,"Index Cond": "((l_partkey = partsupp.ps_partkey) AND (l_suppkey = partsupp.ps_suppkey))","Rows Removed by Index Recheck": 0,"Workers": []}]},{"Node Type": "Index Scan","Parent Relationship": "Inner","Parallel Aware": false,"Async Capable": false,"Scan Direction": "Forward","Index Name": "supplier_pkey","Relation Name": "supplier","Alias": "supplier","Startup Cost": 0.29,"Total Cost": 0.30,"Plan Rows": 1,"Plan Width": 8,"Actual Startup Time": 0.001,"Actual Total Time": 0.001,"Actual Rows": 1,"Actual Loops": 326170,"Index Cond": "(s_suppkey = lineitem.l_suppkey)","Rows Removed by Index Recheck": 0,"Workers": []}]},{"Node Type": "Index Scan","Parent Relationship": "Inner","Parallel Aware": false,"Async Capable": false,"Scan Direction": "Forward","Index Name": "orders_pkey","Relation Name": "orders","Alias": "orders","Startup Cost": 0.43,"Total Cost": 0.47,"Plan Rows": 1,"Plan Width": 8,"Actual Startup Time": 0.009,"Actual Total Time": 0.009,"Actual Rows": 1,"Actual Loops": 326170,"Index Cond": "(o_orderkey = lineitem.l_orderkey)","Rows Removed by Index Recheck": 0,"Workers": []}]},{"Node Type": "Hash","Parent Relationship": "Inner","Parallel Aware": false,"Async Capable": false,"Startup Cost": 1.25,"Total Cost": 1.25,"Plan Rows": 25,"Plan Width": 108,"Actual Startup Time": 0.077,"Actual Total Time": 0.084,"Actual Rows": 25,"Actual Loops": 4,"Hash Buckets": 1024,"Original Hash Buckets": 1024,"Hash Batches": 1,"Original Hash Batches": 1,"Peak Memory Usage": 10,"Workers": [],"Plans": [{"Node Type": "Seq Scan","Parent Relationship": "Outer","Parallel Aware": false,"Async Capable": false,"Relation Name": "nation","Alias": "nation","Startup Cost": 0.00,"Total Cost": 1.25,"Plan Rows": 25,"Plan Width": 108,"Actual Startup Time": 0.049,"Actual Total Time": 0.057,"Actual Rows": 25,"Actual Loops": 4,"Workers": []}]}]}]}]}]}]},"Planning Time": 12.571,"Triggers": [],"Execution Time": 1831.398}]
[{"Plan": {"Node Type": "Aggregate","Strategy": "Sorted","Partial Mode": "Finalize","Parallel Aware": false,"Async Capable": false,"Startup Cost": 47355.08,"Total Cost": 47374.71,"Plan Rows": 146,"Plan Width": 168,"Actual Startup Time": 2378.458,"Actual Total Time": 2522.697,"Actual Rows": 175,"Actual Loops": 1,"Group Key": ["nation.n_name", "(EXTRACT(year FROM orders.o_orderdate))"],"Plans": [{"Node Type": "Gather Merge","Parent Relationship": "Outer","Parallel Aware": false,"Async Capable": false,"Startup Cost": 47355.08,"Total Cost": 47371.30,"Plan Rows": 122,"Plan Width": 168,"Actual Startup Time": 2377.513,"Actual Total Time": 2522.343,"Actual Rows": 525,"Actual Loops": 1,"Workers Planned": 2,"Workers Launched": 2,"Plans": [{"Node Type": "Aggregate","Strategy": "Sorted","Partial Mode": "Partial","Parent Relationship": "Outer","Parallel Aware": false,"Async Capable": false,"Startup Cost": 46355.06,"Total Cost": 46357.20,"Plan Rows": 61,"Plan Width": 168,"Actual Startup Time": 2288.556,"Actual Total Time": 2417.572,"Actual Rows": 175,"Actual Loops": 3,"Group Key": ["nation.n_name", "(EXTRACT(year FROM orders.o_orderdate))"],"Workers": [],"Plans": [{"Node Type": "Sort","Parent Relationship": "Outer","Parallel Aware": false,"Async Capable": false,"Startup Cost": 46355.06,"Total Cost": 46355.21,"Plan Rows": 61,"Plan Width": 159,"Actual Startup Time": 2288.214,"Actual Total Time": 2333.035,"Actual Rows": 106468,"Actual Loops": 3,"Sort Key": ["nation.n_name", "(EXTRACT(year FROM orders.o_orderdate)) DESC"],"Sort Method": "quicksort","Sort Space Used": 14402,"Sort Space Type": "Memory","Workers": [{"Worker Number": 0,"Sort Method": "quicksort","Sort Space Used": 13293,"Sort Space Type": "Memory"},{"Worker Number": 1,"Sort Method": "quicksort","Sort Space Used": 13330,"Sort Space Type": "Memory"}],"Plans": [{"Node Type": "Hash Join","Parent Relationship": "Outer","Parallel Aware": false,"Async Capable": false,"Join Type": "Inner","Startup Cost": 3.13,"Total Cost": 46353.25,"Plan Rows": 61,"Plan Width": 159,"Actual Startup Time": 0.765,"Actual Total Time": 2146.837,"Actual Rows": 106468,"Actual Loops": 3,"Inner Unique": true,"Hash Cond": "(supplier.s_nationkey = nation.n_nationkey)","Workers": [],"Plans": [{"Node Type": "Nested Loop","Parent Relationship": "Outer","Parallel Aware": false,"Async Capable": false,"Join Type": "Inner","Startup Cost": 1.57,"Total Cost": 46351.35,"Plan Rows": 61,"Plan Width": 31,"Actual Startup Time": 0.566,"Actual Total Time": 2116.014,"Actual Rows": 106468,"Actual Loops": 3,"Inner Unique": true,"Workers": [],"Plans": [{"Node Type": "Nested Loop","Parent Relationship": "Outer","Parallel Aware": false,"Async Capable": false,"Join Type": "Inner","Startup Cost": 1.14,"Total Cost": 46322.98,"Plan Rows": 61,"Plan Width": 31,"Actual Startup Time": 0.424,"Actual Total Time": 986.299,"Actual Rows": 106468,"Actual Loops": 3,"Inner Unique": true,"Workers": [],"Plans": [{"Node Type": "Nested Loop","Parent Relationship": "Outer","Parallel Aware": false,"Async Capable": false,"Join Type": "Inner","Startup Cost": 0.86,"Total Cost": 46304.52,"Plan Rows": 61,"Plan Width": 35,"Actual Startup Time": 0.322,"Actual Total Time": 804.474,"Actual Rows": 106468,"Actual Loops": 3,"Inner Unique": false,"Workers": [],"Plans": [{"Node Type": "Nested Loop","Parent Relationship": "Outer","Parallel Aware": false,"Async Capable": false,"Join Type": "Inner","Startup Cost": 0.42,"Total Cost": 24846.16,"Plan Rows": 20202,"Plan Width": 18,"Actual Startup Time": 0.207,"Actual Total Time": 112.316,"Actual Rows": 14219,"Actual Loops": 3,"Inner Unique": false,"Workers": [],"Plans": [{"Node Type": "Seq Scan","Parent Relationship": "Outer","Parallel Aware": true,"Async Capable": false,"Relation Name": "part","Alias": "part","Startup Cost": 0.00,"Total Cost": 5138.67,"Plan Rows": 5051,"Plan Width": 4,"Actual Startup Time": 0.062,"Actual Total Time": 48.140,"Actual Rows": 3555,"Actual Loops": 3,"Filter": "((p_name)::text ~~ '%green%'::text)","Rows Removed by Filter": 63112,"Workers": []},{"Node Type": "Index Scan","Parent Relationship": "Inner","Parallel Aware": false,"Async Capable": false,"Scan Direction": "Forward","Index Name": "idx_partsupp_partkey","Relation Name": "partsupp","Alias": "partsupp","Startup Cost": 0.42,"Total Cost": 3.86,"Plan Rows": 4,"Plan Width": 14,"Actual Startup Time": 0.014,"Actual Total Time": 0.017,"Actual Rows": 4,"Actual Loops": 10664,"Index Cond": "(ps_partkey = part.p_partkey)","Rows Removed by Index Recheck": 0,"Workers": []}]},{"Node Type": "Index Scan","Parent Relationship": "Inner","Parallel Aware": false,"Async Capable": false,"Scan Direction": "Forward","Index Name": "idx_lineitem_part_supp","Relation Name": "lineitem","Alias": "lineitem","Startup Cost": 0.43,"Total Cost": 1.05,"Plan Rows": 1,"Plan Width": 29,"Actual Startup Time": 0.007,"Actual Total Time": 0.047,"Actual Rows": 7,"Actual Loops": 42656,"Index Cond": "((l_partkey = partsupp.ps_partkey) AND (l_suppkey = partsupp.ps_suppkey))","Rows Removed by Index Recheck": 0,"Workers": []}]},{"Node Type": "Index Scan","Parent Relationship": "Inner","Parallel Aware": false,"Async Capable": false,"Scan Direction": "Forward","Index Name": "supplier_pkey","Relation Name": "supplier","Alias": "supplier","Startup Cost": 0.29,"Total Cost": 0.30,"Plan Rows": 1,"Plan Width": 8,"Actual Startup Time": 0.001,"Actual Total Time": 0.001,"Actual Rows": 1,"Actual Loops": 319404,"Index Cond": "(s_suppkey = lineitem.l_suppkey)","Rows Removed by Index Recheck": 0,"Workers": []}]},{"Node Type": "Index Scan","Parent Relationship": "Inner","Parallel Aware": false,"Async Capable": false,"Scan Direction": "Forward","Index Name": "orders_pkey","Relation Name": "orders","Alias": "orders","Startup Cost": 0.43,"Total Cost": 0.47,"Plan Rows": 1,"Plan Width": 8,"Actual Startup Time": 0.010,"Actual Total Time": 0.010,"Actual Rows": 1,"Actual Loops": 319404,"Index Cond": "(o_orderkey = lineitem.l_orderkey)","Rows Removed by Index Recheck": 0,"Workers": []}]},{"Node Type": "Hash","Parent Relationship": "Inner","Parallel Aware": false,"Async Capable": false,"Startup Cost": 1.25,"Total Cost": 1.25,"Plan Rows": 25,"Plan Width": 108,"Actual Startup Time": 0.086,"Actual Total Time": 0.098,"Actual Rows": 25,"Actual Loops": 3,"Hash Buckets": 1024,"Original Hash Buckets": 1024,"Hash Batches": 1,"Original Hash Batches": 1,"Peak Memory Usage": 10,"Workers": [],"Plans": [{"Node Type": "Seq Scan","Parent Relationship": "Outer","Parallel Aware": false,"Async Capable": false,"Relation Name": "nation","Alias": "nation","Startup Cost": 0.00,"Total Cost": 1.25,"Plan Rows": 25,"Plan Width": 108,"Actual Startup Time": 0.058,"Actual Total Time": 0.065,"Actual Rows": 25,"Actual Loops": 3,"Workers": []}]}]}]}]}]}]},"Planning Time": 11.140,"Triggers": [],"Execution Time": 2525.518}]
[{"Plan": {"Node Type": "Aggregate","Strategy": "Sorted","Partial Mode": "Finalize","Parallel Aware": false,"Async Capable": false,"Startup Cost": 41381.04,"Total Cost": 41397.45,"Plan Rows": 122,"Plan Width": 168,"Actual Startup Time": 2461.783,"Actual Total Time": 2561.451,"Actual Rows": 175,"Actual Loops": 1,"Group Key": ["nation.n_name", "(EXTRACT(year FROM orders.o_orderdate))"],"Plans": [{"Node Type": "Gather Merge","Parent Relationship": "Outer","Parallel Aware": false,"Async Capable": false,"Startup Cost": 41381.04,"Total Cost": 41394.60,"Plan Rows": 102,"Plan Width": 168,"Actual Startup Time": 2460.110,"Actual Total Time": 2561.065,"Actual Rows": 525,"Actual Loops": 1,"Workers Planned": 2,"Workers Launched": 2,"Plans": [{"Node Type": "Aggregate","Strategy": "Sorted","Partial Mode": "Partial","Parent Relationship": "Outer","Parallel Aware": false,"Async Capable": false,"Startup Cost": 40381.01,"Total Cost": 40382.80,"Plan Rows": 51,"Plan Width": 168,"Actual Startup Time": 2353.201,"Actual Total Time": 2477.575,"Actual Rows": 175,"Actual Loops": 3,"Group Key": ["nation.n_name", "(EXTRACT(year FROM orders.o_orderdate))"],"Workers": [],"Plans": [{"Node Type": "Sort","Parent Relationship": "Outer","Parallel Aware": false,"Async Capable": false,"Startup Cost": 40381.01,"Total Cost": 40381.14,"Plan Rows": 51,"Plan Width": 159,"Actual Startup Time": 2352.548,"Actual Total Time": 2393.649,"Actual Rows": 110237,"Actual Loops": 3,"Sort Key": ["nation.n_name", "(EXTRACT(year FROM orders.o_orderdate)) DESC"],"Sort Method": "quicksort","Sort Space Used": 14774,"Sort Space Type": "Memory","Workers": [{"Worker Number": 0,"Sort Method": "quicksort","Sort Space Used": 13660,"Sort Space Type": "Memory"},{"Worker Number": 1,"Sort Method": "quicksort","Sort Space Used": 13719,"Sort Space Type": "Memory"}],"Plans": [{"Node Type": "Hash Join","Parent Relationship": "Outer","Parallel Aware": false,"Async Capable": false,"Join Type": "Inner","Startup Cost": 3.13,"Total Cost": 40379.57,"Plan Rows": 51,"Plan Width": 159,"Actual Startup Time": 0.791,"Actual Total Time": 2209.520,"Actual Rows": 110237,"Actual Loops": 3,"Inner Unique": true,"Hash Cond": "(supplier.s_nationkey = nation.n_nationkey)","Workers": [],"Plans": [{"Node Type": "Nested Loop","Parent Relationship": "Outer","Parallel Aware": false,"Async Capable": false,"Join Type": "Inner","Startup Cost": 1.57,"Total Cost": 40377.72,"Plan Rows": 51,"Plan Width": 31,"Actual Startup Time": 0.566,"Actual Total Time": 2178.223,"Actual Rows": 110237,"Actual Loops": 3,"Inner Unique": true,"Workers": [],"Plans": [{"Node Type": "Nested Loop","Parent Relationship": "Outer","Parallel Aware": false,"Async Capable": false,"Join Type": "Inner","Startup Cost": 1.14,"Total Cost": 40354.00,"Plan Rows": 51,"Plan Width": 31,"Actual Startup Time": 0.431,"Actual Total Time": 1014.051,"Actual Rows": 110237,"Actual Loops": 3,"Inner Unique": true,"Workers": [],"Plans": [{"Node Type": "Nested Loop","Parent Relationship": "Outer","Parallel Aware": false,"Async Capable": false,"Join Type": "Inner","Startup Cost": 0.86,"Total Cost": 40338.56,"Plan Rows": 51,"Plan Width": 35,"Actual Startup Time": 0.329,"Actual Total Time": 826.349,"Actual Rows": 110237,"Actual Loops": 3,"Inner Unique": false,"Workers": [],"Plans": [{"Node Type": "Nested Loop","Parent Relationship": "Outer","Parallel Aware": false,"Async Capable": false,"Join Type": "Inner","Startup Cost": 0.42,"Total Cost": 22456.59,"Plan Rows": 16835,"Plan Width": 18,"Actual Startup Time": 0.209,"Actual Total Time": 115.054,"Actual Rows": 14685,"Actual Loops": 3,"Inner Unique": false,"Workers": [],"Plans": [{"Node Type": "Seq Scan","Parent Relationship": "Outer","Parallel Aware": true,"Async Capable": false,"Relation Name": "part","Alias": "part","Startup Cost": 0.00,"Total Cost": 5138.67,"Plan Rows": 4209,"Plan Width": 4,"Actual Startup Time": 0.065,"Actual Total Time": 48.853,"Actual Rows": 3671,"Actual Loops": 3,"Filter": "((p_name)::text ~~ '%dodger%'::text)","Rows Removed by Filter": 62995,"Workers": []},{"Node Type": "Index Scan","Parent Relationship": "Inner","Parallel Aware": false,"Async Capable": false,"Scan Direction": "Forward","Index Name": "idx_partsupp_partkey","Relation Name": "partsupp","Alias": "partsupp","Startup Cost": 0.42,"Total Cost": 4.07,"Plan Rows": 4,"Plan Width": 14,"Actual Startup Time": 0.013,"Actual Total Time": 0.017,"Actual Rows": 4,"Actual Loops": 11014,"Index Cond": "(ps_partkey = part.p_partkey)","Rows Removed by Index Recheck": 0,"Workers": []}]},{"Node Type": "Index Scan","Parent Relationship": "Inner","Parallel Aware": false,"Async Capable": false,"Scan Direction": "Forward","Index Name": "idx_lineitem_part_supp","Relation Name": "lineitem","Alias": "lineitem","Startup Cost": 0.43,"Total Cost": 1.05,"Plan Rows": 1,"Plan Width": 29,"Actual Startup Time": 0.007,"Actual Total Time": 0.047,"Actual Rows": 8,"Actual Loops": 44056,"Index Cond": "((l_partkey = partsupp.ps_partkey) AND (l_suppkey = partsupp.ps_suppkey))","Rows Removed by Index Recheck": 0,"Workers": []}]},{"Node Type": "Index Scan","Parent Relationship": "Inner","Parallel Aware": false,"Async Capable": false,"Scan Direction": "Forward","Index Name": "supplier_pkey","Relation Name": "supplier","Alias": "supplier","Startup Cost": 0.29,"Total Cost": 0.30,"Plan Rows": 1,"Plan Width": 8,"Actual Startup Time": 0.001,"Actual Total Time": 0.001,"Actual Rows": 1,"Actual Loops": 330711,"Index Cond": "(s_suppkey = lineitem.l_suppkey)","Rows Removed by Index Recheck": 0,"Workers": []}]},{"Node Type": "Index Scan","Parent Relationship": "Inner","Parallel Aware": false,"Async Capable": false,"Scan Direction": "Forward","Index Name": "orders_pkey","Relation Name": "orders","Alias": "orders","Startup Cost": 0.43,"Total Cost": 0.47,"Plan Rows": 1,"Plan Width": 8,"Actual Startup Time": 0.010,"Actual Total Time": 0.010,"Actual Rows": 1,"Actual Loops": 330711,"Index Cond": "(o_orderkey = lineitem.l_orderkey)","Rows Removed by Index Recheck": 0,"Workers": []}]},{"Node Type": "Hash","Parent Relationship": "Inner","Parallel Aware": false,"Async Capable": false,"Startup Cost": 1.25,"Total Cost": 1.25,"Plan Rows": 25,"Plan Width": 108,"Actual Startup Time": 0.103,"Actual Total Time": 0.113,"Actual Rows": 25,"Actual Loops": 3,"Hash Buckets": 1024,"Original Hash Buckets": 1024,"Hash Batches": 1,"Original Hash Batches": 1,"Peak Memory Usage": 10,"Workers": [],"Plans": [{"Node Type": "Seq Scan","Parent Relationship": "Outer","Parallel Aware": false,"Async Capable": false,"Relation Name": "nation","Alias": "nation","Startup Cost": 0.00,"Total Cost": 1.25,"Plan Rows": 25,"Plan Width": 108,"Actual Startup Time": 0.072,"Actual Total Time": 0.078,"Actual Rows": 25,"Actual Loops": 3,"Workers": []}]}]}]}]}]}]},"Planning Time": 11.577,"Triggers": [],"Execution Time": 2564.419}]
[{"Plan": {"Node Type": "Aggregate","Strategy": "Sorted","Partial Mode": "Finalize","Parallel Aware": false,"Async Capable": false,"Startup Cost": 15191.58,"Total Cost": 15194.80,"Plan Rows": 24,"Plan Width": 168,"Actual Startup Time": 2580.050,"Actual Total Time": 2695.598,"Actual Rows": 175,"Actual Loops": 1,"Group Key": ["nation.n_name", "(EXTRACT(year FROM orders.o_orderdate))"],"Plans": [{"Node Type": "Gather Merge","Parent Relationship": "Outer","Parallel Aware": false,"Async Capable": false,"Startup Cost": 15191.58,"Total Cost": 15194.24,"Plan Rows": 20,"Plan Width": 168,"Actual Startup Time": 2578.182,"Actual Total Time": 2695.139,"Actual Rows": 525,"Actual Loops": 1,"Workers Planned": 2,"Workers Launched": 2,"Plans": [{"Node Type": "Aggregate","Strategy": "Sorted","Partial Mode": "Partial","Parent Relationship": "Outer","Parallel Aware": false,"Async Capable": false,"Startup Cost": 14191.56,"Total Cost": 14191.91,"Plan Rows": 10,"Plan Width": 168,"Actual Startup Time": 2460.574,"Actual Total Time": 2586.008,"Actual Rows": 175,"Actual Loops": 3,"Group Key": ["nation.n_name", "(EXTRACT(year FROM orders.o_orderdate))"],"Workers": [],"Plans": [{"Node Type": "Sort","Parent Relationship": "Outer","Parallel Aware": false,"Async Capable": false,"Startup Cost": 14191.56,"Total Cost": 14191.59,"Plan Rows": 10,"Plan Width": 159,"Actual Startup Time": 2459.945,"Actual Total Time": 2501.002,"Actual Rows": 109962,"Actual Loops": 3,"Sort Key": ["nation.n_name", "(EXTRACT(year FROM orders.o_orderdate)) DESC"],"Sort Method": "quicksort","Sort Space Used": 14734,"Sort Space Type": "Memory","Workers": [{"Worker Number": 0,"Sort Method": "quicksort","Sort Space Used": 13697,"Sort Space Type": "Memory"},{"Worker Number": 1,"Sort Method": "quicksort","Sort Space Used": 13637,"Sort Space Type": "Memory"}],"Plans": [{"Node Type": "Nested Loop","Parent Relationship": "Outer","Parallel Aware": false,"Async Capable": false,"Join Type": "Inner","Startup Cost": 1.71,"Total Cost": 14191.39,"Plan Rows": 10,"Plan Width": 159,"Actual Startup Time": 0.548,"Actual Total Time": 2314.077,"Actual Rows": 109962,"Actual Loops": 3,"Inner Unique": true,"Workers": [],"Plans": [{"Node Type": "Nested Loop","Parent Relationship": "Outer","Parallel Aware": false,"Async Capable": false,"Join Type": "Inner","Startup Cost": 1.57,"Total Cost": 14189.81,"Plan Rows": 10,"Plan Width": 31,"Actual Startup Time": 0.468,"Actual Total Time": 2156.976,"Actual Rows": 109962,"Actual Loops": 3,"Inner Unique": true,"Workers": [],"Plans": [{"Node Type": "Nested Loop","Parent Relationship": "Outer","Parallel Aware": false,"Async Capable": false,"Join Type": "Inner","Startup Cost": 1.14,"Total Cost": 14185.15,"Plan Rows": 10,"Plan Width": 31,"Actual Startup Time": 0.326,"Actual Total Time": 995.510,"Actual Rows": 109962,"Actual Loops": 3,"Inner Unique": true,"Workers": [],"Plans": [{"Node Type": "Nested Loop","Parent Relationship": "Outer","Parallel Aware": false,"Async Capable": false,"Join Type": "Inner","Startup Cost": 0.86,"Total Cost": 14182.13,"Plan Rows": 10,"Plan Width": 35,"Actual Startup Time": 0.255,"Actual Total Time": 803.233,"Actual Rows": 109962,"Actual Loops": 3,"Inner Unique": false,"Workers": [],"Plans": [{"Node Type": "Nested Loop","Parent Relationship": "Outer","Parallel Aware": false,"Async Capable": false,"Join Type": "Inner","Startup Cost": 0.42,"Total Cost": 10605.73,"Plan Rows": 3367,"Plan Width": 18,"Actual Startup Time": 0.152,"Actual Total Time": 120.343,"Actual Rows": 14627,"Actual Loops": 3,"Inner Unique": false,"Workers": [],"Plans": [{"Node Type": "Seq Scan","Parent Relationship": "Outer","Parallel Aware": true,"Async Capable": false,"Relation Name": "part","Alias": "part","Startup Cost": 0.00,"Total Cost": 5138.67,"Plan Rows": 842,"Plan Width": 4,"Actual Startup Time": 0.051,"Actual Total Time": 50.932,"Actual Rows": 3657,"Actual Loops": 3,"Filter": "((p_name)::text ~~ '%almond%'::text)","Rows Removed by Filter": 63010,"Workers": []},{"Node Type": "Index Scan","Parent Relationship": "Inner","Parallel Aware": false,"Async Capable": false,"Scan Direction": "Forward","Index Name": "idx_partsupp_partkey","Relation Name": "partsupp","Alias": "partsupp","Startup Cost": 0.42,"Total Cost": 6.45,"Plan Rows": 4,"Plan Width": 14,"Actual Startup Time": 0.013,"Actual Total Time": 0.018,"Actual Rows": 4,"Actual Loops": 10970,"Index Cond": "(ps_partkey = part.p_partkey)","Rows Removed by Index Recheck": 0,"Workers": []}]},{"Node Type": "Index Scan","Parent Relationship": "Inner","Parallel Aware": false,"Async Capable": false,"Scan Direction": "Forward","Index Name": "idx_lineitem_part_supp","Relation Name": "lineitem","Alias": "lineitem","Startup Cost": 0.43,"Total Cost": 1.05,"Plan Rows": 1,"Plan Width": 29,"Actual Startup Time": 0.007,"Actual Total Time": 0.045,"Actual Rows": 8,"Actual Loops": 43880,"Index Cond": "((l_partkey = partsupp.ps_partkey) AND (l_suppkey = partsupp.ps_suppkey))","Rows Removed by Index Recheck": 0,"Workers": []}]},{"Node Type": "Index Scan","Parent Relationship": "Inner","Parallel Aware": false,"Async Capable": false,"Scan Direction": "Forward","Index Name": "supplier_pkey","Relation Name": "supplier","Alias": "supplier","Startup Cost": 0.29,"Total Cost": 0.30,"Plan Rows": 1,"Plan Width": 8,"Actual Startup Time": 0.001,"Actual Total Time": 0.001,"Actual Rows": 1,"Actual Loops": 329885,"Index Cond": "(s_suppkey = lineitem.l_suppkey)","Rows Removed by Index Recheck": 0,"Workers": []}]},{"Node Type": "Index Scan","Parent Relationship": "Inner","Parallel Aware": false,"Async Capable": false,"Scan Direction": "Forward","Index Name": "orders_pkey","Relation Name": "orders","Alias": "orders","Startup Cost": 0.43,"Total Cost": 0.47,"Plan Rows": 1,"Plan Width": 8,"Actual Startup Time": 0.010,"Actual Total Time": 0.010,"Actual Rows": 1,"Actual Loops": 329885,"Index Cond": "(o_orderkey = lineitem.l_orderkey)","Rows Removed by Index Recheck": 0,"Workers": []}]},{"Node Type": "Index Scan","Parent Relationship": "Inner","Parallel Aware": false,"Async Capable": false,"Scan Direction": "Forward","Index Name": "nation_pkey","Relation Name": "nation","Alias": "nation","Startup Cost": 0.14,"Total Cost": 0.16,"Plan Rows": 1,"Plan Width": 108,"Actual Startup Time": 0.001,"Actual Total Time": 0.001,"Actual Rows": 1,"Actual Loops": 329885,"Index Cond": "(n_nationkey = supplier.s_nationkey)","Rows Removed by Index Recheck": 0,"Workers": []}]}]}]}]}]},"Planning Time": 11.358,"Triggers": [],"Execution Time": 2698.445}]
[{"Plan": {"Node Type": "Aggregate","Strategy": "Sorted","Partial Mode": "Finalize","Parallel Aware": false,"Async Capable": false,"Startup Cost": 47355.08,"Total Cost": 47374.71,"Plan Rows": 146,"Plan Width": 168,"Actual Startup Time": 2443.289,"Actual Total Time": 2646.846,"Actual Rows": 175,"Actual Loops": 1,"Group Key": ["nation.n_name", "(EXTRACT(year FROM orders.o_orderdate))"],"Plans": [{"Node Type": "Gather Merge","Parent Relationship": "Outer","Parallel Aware": false,"Async Capable": false,"Startup Cost": 47355.08,"Total Cost": 47371.30,"Plan Rows": 122,"Plan Width": 168,"Actual Startup Time": 2441.379,"Actual Total Time": 2646.389,"Actual Rows": 525,"Actual Loops": 1,"Workers Planned": 2,"Workers Launched": 2,"Plans": [{"Node Type": "Aggregate","Strategy": "Sorted","Partial Mode": "Partial","Parent Relationship": "Outer","Parallel Aware": false,"Async Capable": false,"Startup Cost": 46355.06,"Total Cost": 46357.20,"Plan Rows": 61,"Plan Width": 168,"Actual Startup Time": 2344.628,"Actual Total Time": 2481.185,"Actual Rows": 175,"Actual Loops": 3,"Group Key": ["nation.n_name", "(EXTRACT(year FROM orders.o_orderdate))"],"Workers": [],"Plans": [{"Node Type": "Sort","Parent Relationship": "Outer","Parallel Aware": false,"Async Capable": false,"Startup Cost": 46355.06,"Total Cost": 46355.21,"Plan Rows": 61,"Plan Width": 159,"Actual Startup Time": 2343.975,"Actual Total Time": 2393.214,"Actual Rows": 108196,"Actual Loops": 3,"Sort Key": ["nation.n_name", "(EXTRACT(year FROM orders.o_orderdate)) DESC"],"Sort Method": "quicksort","Sort Space Used": 14440,"Sort Space Type": "Memory","Workers": [{"Worker Number": 0,"Sort Method": "quicksort","Sort Space Used": 13552,"Sort Space Type": "Memory"},{"Worker Number": 1,"Sort Method": "quicksort","Sort Space Used": 13546,"Sort Space Type": "Memory"}],"Plans": [{"Node Type": "Hash Join","Parent Relationship": "Outer","Parallel Aware": false,"Async Capable": false,"Join Type": "Inner","Startup Cost": 3.13,"Total Cost": 46353.25,"Plan Rows": 61,"Plan Width": 159,"Actual Startup Time": 0.737,"Actual Total Time": 2187.877,"Actual Rows": 108196,"Actual Loops": 3,"Inner Unique": true,"Hash Cond": "(supplier.s_nationkey = nation.n_nationkey)","Workers": [],"Plans": [{"Node Type": "Nested Loop","Parent Relationship": "Outer","Parallel Aware": false,"Async Capable": false,"Join Type": "Inner","Startup Cost": 1.57,"Total Cost": 46351.35,"Plan Rows": 61,"Plan Width": 31,"Actual Startup Time": 0.541,"Actual Total Time": 2156.168,"Actual Rows": 108196,"Actual Loops": 3,"Inner Unique": true,"Workers": [],"Plans": [{"Node Type": "Nested Loop","Parent Relationship": "Outer","Parallel Aware": false,"Async Capable": false,"Join Type": "Inner","Startup Cost": 1.14,"Total Cost": 46322.98,"Plan Rows": 61,"Plan Width": 31,"Actual Startup Time": 0.417,"Actual Total Time": 1004.407,"Actual Rows": 108196,"Actual Loops": 3,"Inner Unique": true,"Workers": [],"Plans": [{"Node Type": "Nested Loop","Parent Relationship": "Outer","Parallel Aware": false,"Async Capable": false,"Join Type": "Inner","Startup Cost": 0.86,"Total Cost": 46304.52,"Plan Rows": 61,"Plan Width": 35,"Actual Startup Time": 0.314,"Actual Total Time": 819.610,"Actual Rows": 108196,"Actual Loops": 3,"Inner Unique": false,"Workers": [],"Plans": [{"Node Type": "Nested Loop","Parent Relationship": "Outer","Parallel Aware": false,"Async Capable": false,"Join Type": "Inner","Startup Cost": 0.42,"Total Cost": 24846.16,"Plan Rows": 20202,"Plan Width": 18,"Actual Startup Time": 0.182,"Actual Total Time": 113.565,"Actual Rows": 14448,"Actual Loops": 3,"Inner Unique": false,"Workers": [],"Plans": [{"Node Type": "Seq Scan","Parent Relationship": "Outer","Parallel Aware": true,"Async Capable": false,"Relation Name": "part","Alias": "part","Startup Cost": 0.00,"Total Cost": 5138.67,"Plan Rows": 5051,"Plan Width": 4,"Actual Startup Time": 0.053,"Actual Total Time": 48.139,"Actual Rows": 3612,"Actual Loops": 3,"Filter": "((p_name)::text ~~ '%pale%'::text)","Rows Removed by Filter": 63055,"Workers": []},{"Node Type": "Index Scan","Parent Relationship": "Inner","Parallel Aware": false,"Async Capable": false,"Scan Direction": "Forward","Index Name": "idx_partsupp_partkey","Relation Name": "partsupp","Alias": "partsupp","Startup Cost": 0.42,"Total Cost": 3.86,"Plan Rows": 4,"Plan Width": 14,"Actual Startup Time": 0.014,"Actual Total Time": 0.017,"Actual Rows": 4,"Actual Loops": 10836,"Index Cond": "(ps_partkey = part.p_partkey)","Rows Removed by Index Recheck": 0,"Workers": []}]},{"Node Type": "Index Scan","Parent Relationship": "Inner","Parallel Aware": false,"Async Capable": false,"Scan Direction": "Forward","Index Name": "idx_lineitem_part_supp","Relation Name": "lineitem","Alias": "lineitem","Startup Cost": 0.43,"Total Cost": 1.05,"Plan Rows": 1,"Plan Width": 29,"Actual Startup Time": 0.007,"Actual Total Time": 0.047,"Actual Rows": 7,"Actual Loops": 43344,"Index Cond": "((l_partkey = partsupp.ps_partkey) AND (l_suppkey = partsupp.ps_suppkey))","Rows Removed by Index Recheck": 0,"Workers": []}]},{"Node Type": "Index Scan","Parent Relationship": "Inner","Parallel Aware": false,"Async Capable": false,"Scan Direction": "Forward","Index Name": "supplier_pkey","Relation Name": "supplier","Alias": "supplier","Startup Cost": 0.29,"Total Cost": 0.30,"Plan Rows": 1,"Plan Width": 8,"Actual Startup Time": 0.001,"Actual Total Time": 0.001,"Actual Rows": 1,"Actual Loops": 324587,"Index Cond": "(s_suppkey = lineitem.l_suppkey)","Rows Removed by Index Recheck": 0,"Workers": []}]},{"Node Type": "Index Scan","Parent Relationship": "Inner","Parallel Aware": false,"Async Capable": false,"Scan Direction": "Forward","Index Name": "orders_pkey","Relation Name": "orders","Alias": "orders","Startup Cost": 0.43,"Total Cost": 0.47,"Plan Rows": 1,"Plan Width": 8,"Actual Startup Time": 0.010,"Actual Total Time": 0.010,"Actual Rows": 1,"Actual Loops": 324587,"Index Cond": "(o_orderkey = lineitem.l_orderkey)","Rows Removed by Index Recheck": 0,"Workers": []}]},{"Node Type": "Hash","Parent Relationship": "Inner","Parallel Aware": false,"Async Capable": false,"Startup Cost": 1.25,"Total Cost": 1.25,"Plan Rows": 25,"Plan Width": 108,"Actual Startup Time": 0.093,"Actual Total Time": 0.102,"Actual Rows": 25,"Actual Loops": 3,"Hash Buckets": 1024,"Original Hash Buckets": 1024,"Hash Batches": 1,"Original Hash Batches": 1,"Peak Memory Usage": 10,"Workers": [],"Plans": [{"Node Type": "Seq Scan","Parent Relationship": "Outer","Parallel Aware": false,"Async Capable": false,"Relation Name": "nation","Alias": "nation","Startup Cost": 0.00,"Total Cost": 1.25,"Plan Rows": 25,"Plan Width": 108,"Actual Startup Time": 0.063,"Actual Total Time": 0.070,"Actual Rows": 25,"Actual Loops": 3,"Workers": []}]}]}]}]}]}]},"Planning Time": 11.644,"Triggers": [],"Execution Time": 2649.913}]
[{"Plan": {"Node Type": "Aggregate","Strategy": "Sorted","Partial Mode": "Finalize","Parallel Aware": false,"Async Capable": false,"Startup Cost": 28858.40,"Total Cost": 28868.07,"Plan Rows": 73,"Plan Width": 168,"Actual Startup Time": 2476.937,"Actual Total Time": 2596.733,"Actual Rows": 175,"Actual Loops": 1,"Group Key": ["nation.n_name", "(EXTRACT(year FROM orders.o_orderdate))"],"Plans": [{"Node Type": "Gather Merge","Parent Relationship": "Outer","Parallel Aware": false,"Async Capable": false,"Startup Cost": 28858.40,"Total Cost": 28866.38,"Plan Rows": 60,"Plan Width": 168,"Actual Startup Time": 2475.120,"Actual Total Time": 2596.260,"Actual Rows": 525,"Actual Loops": 1,"Workers Planned": 2,"Workers Launched": 2,"Plans": [{"Node Type": "Aggregate","Strategy": "Sorted","Partial Mode": "Partial","Parent Relationship": "Outer","Parallel Aware": false,"Async Capable": false,"Startup Cost": 27858.38,"Total Cost": 27859.43,"Plan Rows": 30,"Plan Width": 168,"Actual Startup Time": 2317.882,"Actual Total Time": 2463.965,"Actual Rows": 175,"Actual Loops": 3,"Group Key": ["nation.n_name", "(EXTRACT(year FROM orders.o_orderdate))"],"Workers": [],"Plans": [{"Node Type": "Sort","Parent Relationship": "Outer","Parallel Aware": false,"Async Capable": false,"Startup Cost": 27858.38,"Total Cost": 27858.46,"Plan Rows": 30,"Plan Width": 159,"Actual Startup Time": 2317.128,"Actual Total Time": 2372.186,"Actual Rows": 108899,"Actual Loops": 3,"Sort Key": ["nation.n_name", "(EXTRACT(year FROM orders.o_orderdate)) DESC"],"Sort Method": "quicksort","Sort Space Used": 13698,"Sort Space Type": "Memory","Workers": [{"Worker Number": 0,"Sort Method": "quicksort","Sort Space Used": 14061,"Sort Space Type": "Memory"},{"Worker Number": 1,"Sort Method": "quicksort","Sort Space Used": 13992,"Sort Space Type": "Memory"}],"Plans": [{"Node Type": "Hash Join","Parent Relationship": "Outer","Parallel Aware": false,"Async Capable": false,"Join Type": "Inner","Startup Cost": 3.13,"Total Cost": 27857.64,"Plan Rows": 30,"Plan Width": 159,"Actual Startup Time": 0.780,"Actual Total Time": 2157.536,"Actual Rows": 108899,"Actual Loops": 3,"Inner Unique": true,"Hash Cond": "(supplier.s_nationkey = nation.n_nationkey)","Workers": [],"Plans": [{"Node Type": "Nested Loop","Parent Relationship": "Outer","Parallel Aware": false,"Async Capable": false,"Join Type": "Inner","Startup Cost": 1.57,"Total Cost": 27855.92,"Plan Rows": 30,"Plan Width": 31,"Actual Startup Time": 0.577,"Actual Total Time": 2126.027,"Actual Rows": 108899,"Actual Loops": 3,"Inner Unique": true,"Workers": [],"Plans": [{"Node Type": "Nested Loop","Parent Relationship": "Outer","Parallel Aware": false,"Async Capable": false,"Join Type": "Inner","Startup Cost": 1.14,"Total Cost": 27841.96,"Plan Rows": 30,"Plan Width": 31,"Actual Startup Time": 0.440,"Actual Total Time": 987.757,"Actual Rows": 108899,"Actual Loops": 3,"Inner Unique": true,"Workers": [],"Plans": [{"Node Type": "Nested Loop","Parent Relationship": "Outer","Parallel Aware": false,"Async Capable": false,"Join Type": "Inner","Startup Cost": 0.86,"Total Cost": 27832.88,"Plan Rows": 30,"Plan Width": 35,"Actual Startup Time": 0.335,"Actual Total Time": 804.256,"Actual Rows": 108899,"Actual Loops": 3,"Inner Unique": false,"Workers": [],"Plans": [{"Node Type": "Nested Loop","Parent Relationship": "Outer","Parallel Aware": false,"Async Capable": false,"Join Type": "Inner","Startup Cost": 0.42,"Total Cost": 17103.70,"Plan Rows": 10101,"Plan Width": 18,"Actual Startup Time": 0.220,"Actual Total Time": 118.450,"Actual Rows": 14516,"Actual Loops": 3,"Inner Unique": false,"Workers": [],"Plans": [{"Node Type": "Seq Scan","Parent Relationship": "Outer","Parallel Aware": true,"Async Capable": false,"Relation Name": "part","Alias": "part","Startup Cost": 0.00,"Total Cost": 5138.67,"Plan Rows": 2525,"Plan Width": 4,"Actual Startup Time": 0.059,"Actual Total Time": 51.361,"Actual Rows": 3629,"Actual Loops": 3,"Filter": "((p_name)::text ~~ '%sandy%'::text)","Rows Removed by Filter": 63038,"Workers": []},{"Node Type": "Index Scan","Parent Relationship": "Inner","Parallel Aware": false,"Async Capable": false,"Scan Direction": "Forward","Index Name": "idx_partsupp_partkey","Relation Name": "partsupp","Alias": "partsupp","Startup Cost": 0.42,"Total Cost": 4.70,"Plan Rows": 4,"Plan Width": 14,"Actual Startup Time": 0.014,"Actual Total Time": 0.018,"Actual Rows": 4,"Actual Loops": 10887,"Index Cond": "(ps_partkey = part.p_partkey)","Rows Removed by Index Recheck": 0,"Workers": []}]},{"Node Type": "Index Scan","Parent Relationship": "Inner","Parallel Aware": false,"Async Capable": false,"Scan Direction": "Forward","Index Name": "idx_lineitem_part_supp","Relation Name": "lineitem","Alias": "lineitem","Startup Cost": 0.43,"Total Cost": 1.05,"Plan Rows": 1,"Plan Width": 29,"Actual Startup Time": 0.007,"Actual Total Time": 0.046,"Actual Rows": 8,"Actual Loops": 43548,"Index Cond": "((l_partkey = partsupp.ps_partkey) AND (l_suppkey = partsupp.ps_suppkey))","Rows Removed by Index Recheck": 0,"Workers": []}]},{"Node Type": "Index Scan","Parent Relationship": "Inner","Parallel Aware": false,"Async Capable": false,"Scan Direction": "Forward","Index Name": "supplier_pkey","Relation Name": "supplier","Alias": "supplier","Startup Cost": 0.29,"Total Cost": 0.30,"Plan Rows": 1,"Plan Width": 8,"Actual Startup Time": 0.001,"Actual Total Time": 0.001,"Actual Rows": 1,"Actual Loops": 326696,"Index Cond": "(s_suppkey = lineitem.l_suppkey)","Rows Removed by Index Recheck": 0,"Workers": []}]},{"Node Type": "Index Scan","Parent Relationship": "Inner","Parallel Aware": false,"Async Capable": false,"Scan Direction": "Forward","Index Name": "orders_pkey","Relation Name": "orders","Alias": "orders","Startup Cost": 0.43,"Total Cost": 0.47,"Plan Rows": 1,"Plan Width": 8,"Actual Startup Time": 0.010,"Actual Total Time": 0.010,"Actual Rows": 1,"Actual Loops": 326696,"Index Cond": "(o_orderkey = lineitem.l_orderkey)","Rows Removed by Index Recheck": 0,"Workers": []}]},{"Node Type": "Hash","Parent Relationship": "Inner","Parallel Aware": false,"Async Capable": false,"Startup Cost": 1.25,"Total Cost": 1.25,"Plan Rows": 25,"Plan Width": 108,"Actual Startup Time": 0.098,"Actual Total Time": 0.119,"Actual Rows": 25,"Actual Loops": 3,"Hash Buckets": 1024,"Original Hash Buckets": 1024,"Hash Batches": 1,"Original Hash Batches": 1,"Peak Memory Usage": 10,"Workers": [],"Plans": [{"Node Type": "Seq Scan","Parent Relationship": "Outer","Parallel Aware": false,"Async Capable": false,"Relation Name": "nation","Alias": "nation","Startup Cost": 0.00,"Total Cost": 1.25,"Plan Rows": 25,"Plan Width": 108,"Actual Startup Time": 0.065,"Actual Total Time": 0.081,"Actual Rows": 25,"Actual Loops": 3,"Workers": []}]}]}]}]}]}]},"Planning Time": 13.097,"Triggers": [],"Execution Time": 2598.254}]
[{"Plan": {"Node Type": "Aggregate","Strategy": "Sorted","Partial Mode": "Finalize","Parallel Aware": false,"Async Capable": false,"Startup Cost": 49135.04,"Total Cost": 49164.27,"Plan Rows": 195,"Plan Width": 168,"Actual Startup Time": 1715.979,"Actual Total Time": 1840.844,"Actual Rows": 175,"Actual Loops": 1,"Group Key": ["nation.n_name", "(EXTRACT(year FROM orders.o_orderdate))"],"Plans": [{"Node Type": "Gather Merge","Parent Relationship": "Outer","Parallel Aware": false,"Async Capable": false,"Startup Cost": 49135.04,"Total Cost": 49159.45,"Plan Rows": 189,"Plan Width": 168,"Actual Startup Time": 1714.891,"Actual Total Time": 1840.259,"Actual Rows": 700,"Actual Loops": 1,"Workers Planned": 3,"Workers Launched": 3,"Plans": [{"Node Type": "Aggregate","Strategy": "Sorted","Partial Mode": "Partial","Parent Relationship": "Outer","Parallel Aware": false,"Async Capable": false,"Startup Cost": 48135.00,"Total Cost": 48137.21,"Plan Rows": 63,"Plan Width": 168,"Actual Startup Time": 1628.599,"Actual Total Time": 1725.060,"Actual Rows": 175,"Actual Loops": 4,"Group Key": ["nation.n_name", "(EXTRACT(year FROM orders.o_orderdate))"],"Workers": [],"Plans": [{"Node Type": "Sort","Parent Relationship": "Outer","Parallel Aware": false,"Async Capable": false,"Startup Cost": 48135.00,"Total Cost": 48135.16,"Plan Rows": 63,"Plan Width": 159,"Actual Startup Time": 1628.157,"Actual Total Time": 1658.798,"Actual Rows": 82097,"Actual Loops": 4,"Sort Key": ["nation.n_name", "(EXTRACT(year FROM orders.o_orderdate)) DESC"],"Sort Method": "quicksort","Sort Space Used": 11051,"Sort Space Type": "Memory","Workers": [{"Worker Number": 0,"Sort Method": "quicksort","Sort Space Used": 11042,"Sort Space Type": "Memory"},{"Worker Number": 1,"Sort Method": "quicksort","Sort Space Used": 11460,"Sort Space Type": "Memory"},{"Worker Number": 2,"Sort Method": "quicksort","Sort Space Used": 11436,"Sort Space Type": "Memory"}],"Plans": [{"Node Type": "Hash Join","Parent Relationship": "Outer","Parallel Aware": false,"Async Capable": false,"Join Type": "Inner","Startup Cost": 5225.55,"Total Cost": 48133.12,"Plan Rows": 63,"Plan Width": 159,"Actual Startup Time": 21.742,"Actual Total Time": 1529.409,"Actual Rows": 82097,"Actual Loops": 4,"Inner Unique": true,"Hash Cond": "(supplier.s_nationkey = nation.n_nationkey)","Workers": [],"Plans": [{"Node Type": "Nested Loop","Parent Relationship": "Outer","Parallel Aware": false,"Async Capable": false,"Join Type": "Inner","Startup Cost": 5223.99,"Total Cost": 48131.20,"Plan Rows": 63,"Plan Width": 31,"Actual Startup Time": 21.588,"Actual Total Time": 1505.764,"Actual Rows": 82097,"Actual Loops": 4,"Inner Unique": true,"Workers": [],"Plans": [{"Node Type": "Nested Loop","Parent Relationship": "Outer","Parallel Aware": false,"Async Capable": false,"Join Type": "Inner","Startup Cost": 5223.56,"Total Cost": 48101.90,"Plan Rows": 63,"Plan Width": 31,"Actual Startup Time": 21.515,"Actual Total Time": 779.024,"Actual Rows": 82097,"Actual Loops": 4,"Inner Unique": true,"Workers": [],"Plans": [{"Node Type": "Nested Loop","Parent Relationship": "Outer","Parallel Aware": false,"Async Capable": false,"Join Type": "Inner","Startup Cost": 5223.27,"Total Cost": 48082.83,"Plan Rows": 63,"Plan Width": 35,"Actual Startup Time": 21.469,"Actual Total Time": 641.312,"Actual Rows": 82097,"Actual Loops": 4,"Inner Unique": false,"Workers": [],"Plans": [{"Node Type": "Hash Join","Parent Relationship": "Outer","Parallel Aware": true,"Async Capable": false,"Join Type": "Inner","Startup Cost": 5222.84,"Total Cost": 25931.92,"Plan Rows": 20854,"Plan Width": 18,"Actual Startup Time": 21.399,"Actual Total Time": 183.796,"Actual Rows": 10971,"Actual Loops": 4,"Inner Unique": true,"Hash Cond": "(partsupp.ps_partkey = part.p_partkey)","Workers": [],"Plans": [{"Node Type": "Seq Scan","Parent Relationship": "Outer","Parallel Aware": true,"Async Capable": false,"Relation Name": "partsupp","Alias": "partsupp","Startup Cost": 0.00,"Total Cost": 20031.65,"Plan Rows": 258065,"Plan Width": 14,"Actual Startup Time": 0.012,"Actual Total Time": 41.787,"Actual Rows": 200000,"Actual Loops": 4,"Workers": []},{"Node Type": "Hash","Parent Relationship": "Inner","Parallel Aware": true,"Async Capable": false,"Startup Cost": 5138.67,"Total Cost": 5138.67,"Plan Rows": 6734,"Plan Width": 4,"Actual Startup Time": 21.187,"Actual Total Time": 21.198,"Actual Rows": 2743,"Actual Loops": 4,"Hash Buckets": 16384,"Original Hash Buckets": 16384,"Hash Batches": 1,"Original Hash Batches": 1,"Peak Memory Usage": 576,"Workers": [],"Plans": [{"Node Type": "Seq Scan","Parent Relationship": "Outer","Parallel Aware": true,"Async Capable": false,"Relation Name": "part","Alias": "part","Startup Cost": 0.00,"Total Cost": 5138.67,"Plan Rows": 6734,"Plan Width": 4,"Actual Startup Time": 0.039,"Actual Total Time": 19.867,"Actual Rows": 2743,"Actual Loops": 4,"Filter": "((p_name)::text ~~ '%rosy%'::text)","Rows Removed by Filter": 47257,"Workers": []}]}]},{"Node Type": "Index Scan","Parent Relationship": "Inner","Parallel Aware": false,"Async Capable": false,"Scan Direction": "Forward","Index Name": "idx_lineitem_part_supp","Relation Name": "lineitem","Alias": "lineitem","Startup Cost": 0.43,"Total Cost": 1.05,"Plan Rows": 1,"Plan Width": 29,"Actual Startup Time": 0.006,"Actual Total Time": 0.040,"Actual Rows": 7,"Actual Loops": 43884,"Index Cond": "((l_partkey = partsupp.ps_partkey) AND (l_suppkey = partsupp.ps_suppkey))","Rows Removed by Index Recheck": 0,"Workers": []}]},{"Node Type": "Index Scan","Parent Relationship": "Inner","Parallel Aware": false,"Async Capable": false,"Scan Direction": "Forward","Index Name": "supplier_pkey","Relation Name": "supplier","Alias": "supplier","Startup Cost": 0.29,"Total Cost": 0.30,"Plan Rows": 1,"Plan Width": 8,"Actual Startup Time": 0.001,"Actual Total Time": 0.001,"Actual Rows": 1,"Actual Loops": 328387,"Index Cond": "(s_suppkey = lineitem.l_suppkey)","Rows Removed by Index Recheck": 0,"Workers": []}]},{"Node Type": "Index Scan","Parent Relationship": "Inner","Parallel Aware": false,"Async Capable": false,"Scan Direction": "Forward","Index Name": "orders_pkey","Relation Name": "orders","Alias": "orders","Startup Cost": 0.43,"Total Cost": 0.47,"Plan Rows": 1,"Plan Width": 8,"Actual Startup Time": 0.008,"Actual Total Time": 0.008,"Actual Rows": 1,"Actual Loops": 328387,"Index Cond": "(o_orderkey = lineitem.l_orderkey)","Rows Removed by Index Recheck": 0,"Workers": []}]},{"Node Type": "Hash","Parent Relationship": "Inner","Parallel Aware": false,"Async Capable": false,"Startup Cost": 1.25,"Total Cost": 1.25,"Plan Rows": 25,"Plan Width": 108,"Actual Startup Time": 0.069,"Actual Total Time": 0.074,"Actual Rows": 25,"Actual Loops": 4,"Hash Buckets": 1024,"Original Hash Buckets": 1024,"Hash Batches": 1,"Original Hash Batches": 1,"Peak Memory Usage": 10,"Workers": [],"Plans": [{"Node Type": "Seq Scan","Parent Relationship": "Outer","Parallel Aware": false,"Async Capable": false,"Relation Name": "nation","Alias": "nation","Startup Cost": 0.00,"Total Cost": 1.25,"Plan Rows": 25,"Plan Width": 108,"Actual Startup Time": 0.048,"Actual Total Time": 0.053,"Actual Rows": 25,"Actual Loops": 4,"Workers": []}]}]}]}]}]}]},"Planning Time": 12.029,"Triggers": [],"Execution Time": 1842.931}]
[{"Plan": {"Node Type": "Aggregate","Strategy": "Sorted","Partial Mode": "Finalize","Parallel Aware": false,"Async Capable": false,"Startup Cost": 47355.08,"Total Cost": 47374.71,"Plan Rows": 146,"Plan Width": 168,"Actual Startup Time": 2504.241,"Actual Total Time": 2642.335,"Actual Rows": 175,"Actual Loops": 1,"Group Key": ["nation.n_name", "(EXTRACT(year FROM orders.o_orderdate))"],"Plans": [{"Node Type": "Gather Merge","Parent Relationship": "Outer","Parallel Aware": false,"Async Capable": false,"Startup Cost": 47355.08,"Total Cost": 47371.30,"Plan Rows": 122,"Plan Width": 168,"Actual Startup Time": 2502.506,"Actual Total Time": 2641.857,"Actual Rows": 525,"Actual Loops": 1,"Workers Planned": 2,"Workers Launched": 2,"Plans": [{"Node Type": "Aggregate","Strategy": "Sorted","Partial Mode": "Partial","Parent Relationship": "Outer","Parallel Aware": false,"Async Capable": false,"Startup Cost": 46355.06,"Total Cost": 46357.20,"Plan Rows": 61,"Plan Width": 168,"Actual Startup Time": 2344.670,"Actual Total Time": 2498.493,"Actual Rows": 175,"Actual Loops": 3,"Group Key": ["nation.n_name", "(EXTRACT(year FROM orders.o_orderdate))"],"Workers": [],"Plans": [{"Node Type": "Sort","Parent Relationship": "Outer","Parallel Aware": false,"Async Capable": false,"Startup Cost": 46355.06,"Total Cost": 46355.21,"Plan Rows": 61,"Plan Width": 159,"Actual Startup Time": 2344.013,"Actual Total Time": 2402.913,"Actual Rows": 108480,"Actual Loops": 3,"Sort Key": ["nation.n_name", "(EXTRACT(year FROM orders.o_orderdate)) DESC"],"Sort Method": "quicksort","Sort Space Used": 13732,"Sort Space Type": "Memory","Workers": [{"Worker Number": 0,"Sort Method": "quicksort","Sort Space Used": 13598,"Sort Space Type": "Memory"},{"Worker Number": 1,"Sort Method": "quicksort","Sort Space Used": 14292,"Sort Space Type": "Memory"}],"Plans": [{"Node Type": "Hash Join","Parent Relationship": "Outer","Parallel Aware": false,"Async Capable": false,"Join Type": "Inner","Startup Cost": 3.13,"Total Cost": 46353.25,"Plan Rows": 61,"Plan Width": 159,"Actual Startup Time": 0.691,"Actual Total Time": 2191.960,"Actual Rows": 108480,"Actual Loops": 3,"Inner Unique": true,"Hash Cond": "(supplier.s_nationkey = nation.n_nationkey)","Workers": [],"Plans": [{"Node Type": "Nested Loop","Parent Relationship": "Outer","Parallel Aware": false,"Async Capable": false,"Join Type": "Inner","Startup Cost": 1.57,"Total Cost": 46351.35,"Plan Rows": 61,"Plan Width": 31,"Actual Startup Time": 0.511,"Actual Total Time": 2159.831,"Actual Rows": 108480,"Actual Loops": 3,"Inner Unique": true,"Workers": [],"Plans": [{"Node Type": "Nested Loop","Parent Relationship": "Outer","Parallel Aware": false,"Async Capable": false,"Join Type": "Inner","Startup Cost": 1.14,"Total Cost": 46322.98,"Plan Rows": 61,"Plan Width": 31,"Actual Startup Time": 0.381,"Actual Total Time": 1010.906,"Actual Rows": 108480,"Actual Loops": 3,"Inner Unique": true,"Workers": [],"Plans": [{"Node Type": "Nested Loop","Parent Relationship": "Outer","Parallel Aware": false,"Async Capable": false,"Join Type": "Inner","Startup Cost": 0.86,"Total Cost": 46304.52,"Plan Rows": 61,"Plan Width": 35,"Actual Startup Time": 0.285,"Actual Total Time": 825.109,"Actual Rows": 108480,"Actual Loops": 3,"Inner Unique": false,"Workers": [],"Plans": [{"Node Type": "Nested Loop","Parent Relationship": "Outer","Parallel Aware": false,"Async Capable": false,"Join Type": "Inner","Startup Cost": 0.42,"Total Cost": 24846.16,"Plan Rows": 20202,"Plan Width": 18,"Actual Startup Time": 0.180,"Actual Total Time": 116.007,"Actual Rows": 14429,"Actual Loops": 3,"Inner Unique": false,"Workers": [],"Plans": [{"Node Type": "Seq Scan","Parent Relationship": "Outer","Parallel Aware": true,"Async Capable": false,"Relation Name": "part","Alias": "part","Startup Cost": 0.00,"Total Cost": 5138.67,"Plan Rows": 5051,"Plan Width": 4,"Actual Startup Time": 0.052,"Actual Total Time": 50.227,"Actual Rows": 3607,"Actual Loops": 3,"Filter": "((p_name)::text ~~ '%sky%'::text)","Rows Removed by Filter": 63059,"Workers": []},{"Node Type": "Index Scan","Parent Relationship": "Inner","Parallel Aware": false,"Async Capable": false,"Scan Direction": "Forward","Index Name": "idx_partsupp_partkey","Relation Name": "partsupp","Alias": "partsupp","Startup Cost": 0.42,"Total Cost": 3.86,"Plan Rows": 4,"Plan Width": 14,"Actual Startup Time": 0.014,"Actual Total Time": 0.017,"Actual Rows": 4,"Actual Loops": 10822,"Index Cond": "(ps_partkey = part.p_partkey)","Rows Removed by Index Recheck": 0,"Workers": []}]},{"Node Type": "Index Scan","Parent Relationship": "Inner","Parallel Aware": false,"Async Capable": false,"Scan Direction": "Forward","Index Name": "idx_lineitem_part_supp","Relation Name": "lineitem","Alias": "lineitem","Startup Cost": 0.43,"Total Cost": 1.05,"Plan Rows": 1,"Plan Width": 29,"Actual Startup Time": 0.007,"Actual Total Time": 0.047,"Actual Rows": 8,"Actual Loops": 43288,"Index Cond": "((l_partkey = partsupp.ps_partkey) AND (l_suppkey = partsupp.ps_suppkey))","Rows Removed by Index Recheck": 0,"Workers": []}]},{"Node Type": "Index Scan","Parent Relationship": "Inner","Parallel Aware": false,"Async Capable": false,"Scan Direction": "Forward","Index Name": "supplier_pkey","Relation Name": "supplier","Alias": "supplier","Startup Cost": 0.29,"Total Cost": 0.30,"Plan Rows": 1,"Plan Width": 8,"Actual Startup Time": 0.001,"Actual Total Time": 0.001,"Actual Rows": 1,"Actual Loops": 325439,"Index Cond": "(s_suppkey = lineitem.l_suppkey)","Rows Removed by Index Recheck": 0,"Workers": []}]},{"Node Type": "Index Scan","Parent Relationship": "Inner","Parallel Aware": false,"Async Capable": false,"Scan Direction": "Forward","Index Name": "orders_pkey","Relation Name": "orders","Alias": "orders","Startup Cost": 0.43,"Total Cost": 0.47,"Plan Rows": 1,"Plan Width": 8,"Actual Startup Time": 0.010,"Actual Total Time": 0.010,"Actual Rows": 1,"Actual Loops": 325439,"Index Cond": "(o_orderkey = lineitem.l_orderkey)","Rows Removed by Index Recheck": 0,"Workers": []}]},{"Node Type": "Hash","Parent Relationship": "Inner","Parallel Aware": false,"Async Capable": false,"Startup Cost": 1.25,"Total Cost": 1.25,"Plan Rows": 25,"Plan Width": 108,"Actual Startup Time": 0.080,"Actual Total Time": 0.093,"Actual Rows": 25,"Actual Loops": 3,"Hash Buckets": 1024,"Original Hash Buckets": 1024,"Hash Batches": 1,"Original Hash Batches": 1,"Peak Memory Usage": 10,"Workers": [],"Plans": [{"Node Type": "Seq Scan","Parent Relationship": "Outer","Parallel Aware": false,"Async Capable": false,"Relation Name": "nation","Alias": "nation","Startup Cost": 0.00,"Total Cost": 1.25,"Plan Rows": 25,"Plan Width": 108,"Actual Startup Time": 0.053,"Actual Total Time": 0.061,"Actual Rows": 25,"Actual Loops": 3,"Workers": []}]}]}]}]}]}]},"Planning Time": 12.506,"Triggers": [],"Execution Time": 2643.875}]
[{"Plan": {"Node Type": "Aggregate","Strategy": "Sorted","Partial Mode": "Finalize","Parallel Aware": false,"Async Capable": false,"Startup Cost": 35224.41,"Total Cost": 35237.30,"Plan Rows": 97,"Plan Width": 168,"Actual Startup Time": 2411.970,"Actual Total Time": 2542.231,"Actual Rows": 175,"Actual Loops": 1,"Group Key": ["nation.n_name", "(EXTRACT(year FROM orders.o_orderdate))"],"Plans": [{"Node Type": "Gather Merge","Parent Relationship": "Outer","Parallel Aware": false,"Async Capable": false,"Startup Cost": 35224.41,"Total Cost": 35235.05,"Plan Rows": 80,"Plan Width": 168,"Actual Startup Time": 2410.474,"Actual Total Time": 2541.844,"Actual Rows": 525,"Actual Loops": 1,"Workers Planned": 2,"Workers Launched": 2,"Plans": [{"Node Type": "Aggregate","Strategy": "Sorted","Partial Mode": "Partial","Parent Relationship": "Outer","Parallel Aware": false,"Async Capable": false,"Startup Cost": 34224.39,"Total Cost": 34225.79,"Plan Rows": 40,"Plan Width": 168,"Actual Startup Time": 2320.435,"Actual Total Time": 2432.397,"Actual Rows": 175,"Actual Loops": 3,"Group Key": ["nation.n_name", "(EXTRACT(year FROM orders.o_orderdate))"],"Workers": [],"Plans": [{"Node Type": "Sort","Parent Relationship": "Outer","Parallel Aware": false,"Async Capable": false,"Startup Cost": 34224.39,"Total Cost": 34224.49,"Plan Rows": 40,"Plan Width": 159,"Actual Startup Time": 2319.894,"Actual Total Time": 2355.791,"Actual Rows": 108368,"Actual Loops": 3,"Sort Key": ["nation.n_name", "(EXTRACT(year FROM orders.o_orderdate)) DESC"],"Sort Method": "quicksort","Sort Space Used": 13552,"Sort Space Type": "Memory","Workers": [{"Worker Number": 0,"Sort Method": "quicksort","Sort Space Used": 13515,"Sort Space Type": "Memory"},{"Worker Number": 1,"Sort Method": "quicksort","Sort Space Used": 14525,"Sort Space Type": "Memory"}],"Plans": [{"Node Type": "Hash Join","Parent Relationship": "Outer","Parallel Aware": false,"Async Capable": false,"Join Type": "Inner","Startup Cost": 3.13,"Total Cost": 34223.32,"Plan Rows": 40,"Plan Width": 159,"Actual Startup Time": 0.613,"Actual Total Time": 2175.485,"Actual Rows": 108368,"Actual Loops": 3,"Inner Unique": true,"Hash Cond": "(supplier.s_nationkey = nation.n_nationkey)","Workers": [],"Plans": [{"Node Type": "Nested Loop","Parent Relationship": "Outer","Parallel Aware": false,"Async Capable": false,"Join Type": "Inner","Startup Cost": 1.57,"Total Cost": 34221.53,"Plan Rows": 40,"Plan Width": 31,"Actual Startup Time": 0.446,"Actual Total Time": 2144.696,"Actual Rows": 108368,"Actual Loops": 3,"Inner Unique": true,"Workers": [],"Plans": [{"Node Type": "Nested Loop","Parent Relationship": "Outer","Parallel Aware": false,"Async Capable": false,"Join Type": "Inner","Startup Cost": 1.14,"Total Cost": 34202.93,"Plan Rows": 40,"Plan Width": 31,"Actual Startup Time": 0.336,"Actual Total Time": 1000.816,"Actual Rows": 108368,"Actual Loops": 3,"Inner Unique": true,"Workers": [],"Plans": [{"Node Type": "Nested Loop","Parent Relationship": "Outer","Parallel Aware": false,"Async Capable": false,"Join Type": "Inner","Startup Cost": 0.86,"Total Cost": 34190.82,"Plan Rows": 40,"Plan Width": 35,"Actual Startup Time": 0.253,"Actual Total Time": 815.957,"Actual Rows": 108368,"Actual Loops": 3,"Inner Unique": false,"Workers": [],"Plans": [{"Node Type": "Nested Loop","Parent Relationship": "Outer","Parallel Aware": false,"Async Capable": false,"Join Type": "Inner","Startup Cost": 0.42,"Total Cost": 19885.25,"Plan Rows": 13468,"Plan Width": 18,"Actual Startup Time": 0.137,"Actual Total Time": 114.142,"Actual Rows": 14429,"Actual Loops": 3,"Inner Unique": false,"Workers": [],"Plans": [{"Node Type": "Seq Scan","Parent Relationship": "Outer","Parallel Aware": true,"Async Capable": false,"Relation Name": "part","Alias": "part","Startup Cost": 0.00,"Total Cost": 5138.67,"Plan Rows": 3367,"Plan Width": 4,"Actual Startup Time": 0.039,"Actual Total Time": 49.163,"Actual Rows": 3607,"Actual Loops": 3,"Filter": "((p_name)::text ~~ '%slate%'::text)","Rows Removed by Filter": 63059,"Workers": []},{"Node Type": "Index Scan","Parent Relationship": "Inner","Parallel Aware": false,"Async Capable": false,"Scan Direction": "Forward","Index Name": "idx_partsupp_partkey","Relation Name": "partsupp","Alias": "partsupp","Startup Cost": 0.42,"Total Cost": 4.34,"Plan Rows": 4,"Plan Width": 14,"Actual Startup Time": 0.014,"Actual Total Time": 0.017,"Actual Rows": 4,"Actual Loops": 10822,"Index Cond": "(ps_partkey = part.p_partkey)","Rows Removed by Index Recheck": 0,"Workers": []}]},{"Node Type": "Index Scan","Parent Relationship": "Inner","Parallel Aware": false,"Async Capable": false,"Scan Direction": "Forward","Index Name": "idx_lineitem_part_supp","Relation Name": "lineitem","Alias": "lineitem","Startup Cost": 0.43,"Total Cost": 1.05,"Plan Rows": 1,"Plan Width": 29,"Actual Startup Time": 0.007,"Actual Total Time": 0.047,"Actual Rows": 8,"Actual Loops": 43288,"Index Cond": "((l_partkey = partsupp.ps_partkey) AND (l_suppkey = partsupp.ps_suppkey))","Rows Removed by Index Recheck": 0,"Workers": []}]},{"Node Type": "Index Scan","Parent Relationship": "Inner","Parallel Aware": false,"Async Capable": false,"Scan Direction": "Forward","Index Name": "supplier_pkey","Relation Name": "supplier","Alias": "supplier","Startup Cost": 0.29,"Total Cost": 0.30,"Plan Rows": 1,"Plan Width": 8,"Actual Startup Time": 0.001,"Actual Total Time": 0.001,"Actual Rows": 1,"Actual Loops": 325104,"Index Cond": "(s_suppkey = lineitem.l_suppkey)","Rows Removed by Index Recheck": 0,"Workers": []}]},{"Node Type": "Index Scan","Parent Relationship": "Inner","Parallel Aware": false,"Async Capable": false,"Scan Direction": "Forward","Index Name": "orders_pkey","Relation Name": "orders","Alias": "orders","Startup Cost": 0.43,"Total Cost": 0.47,"Plan Rows": 1,"Plan Width": 8,"Actual Startup Time": 0.010,"Actual Total Time": 0.010,"Actual Rows": 1,"Actual Loops": 325104,"Index Cond": "(o_orderkey = lineitem.l_orderkey)","Rows Removed by Index Recheck": 0,"Workers": []}]},{"Node Type": "Hash","Parent Relationship": "Inner","Parallel Aware": false,"Async Capable": false,"Startup Cost": 1.25,"Total Cost": 1.25,"Plan Rows": 25,"Plan Width": 108,"Actual Startup Time": 0.075,"Actual Total Time": 0.082,"Actual Rows": 25,"Actual Loops": 3,"Hash Buckets": 1024,"Original Hash Buckets": 1024,"Hash Batches": 1,"Original Hash Batches": 1,"Peak Memory Usage": 10,"Workers": [],"Plans": [{"Node Type": "Seq Scan","Parent Relationship": "Outer","Parallel Aware": false,"Async Capable": false,"Relation Name": "nation","Alias": "nation","Startup Cost": 0.00,"Total Cost": 1.25,"Plan Rows": 25,"Plan Width": 108,"Actual Startup Time": 0.049,"Actual Total Time": 0.055,"Actual Rows": 25,"Actual Loops": 3,"Workers": []}]}]}]}]}]}]},"Planning Time": 12.486,"Triggers": [],"Execution Time": 2545.219}]
[{"Plan": {"Node Type": "Aggregate","Strategy": "Sorted","Partial Mode": "Finalize","Parallel Aware": false,"Async Capable": false,"Startup Cost": 46348.90,"Total Cost": 46374.41,"Plan Rows": 170,"Plan Width": 168,"Actual Startup Time": 1758.233,"Actual Total Time": 1875.547,"Actual Rows": 175,"Actual Loops": 1,"Group Key": ["nation.n_name", "(EXTRACT(year FROM orders.o_orderdate))"],"Plans": [{"Node Type": "Gather Merge","Parent Relationship": "Outer","Parallel Aware": false,"Async Capable": false,"Startup Cost": 46348.90,"Total Cost": 46370.21,"Plan Rows": 165,"Plan Width": 168,"Actual Startup Time": 1756.865,"Actual Total Time": 1875.050,"Actual Rows": 700,"Actual Loops": 1,"Workers Planned": 3,"Workers Launched": 3,"Plans": [{"Node Type": "Aggregate","Strategy": "Sorted","Partial Mode": "Partial","Parent Relationship": "Outer","Parallel Aware": false,"Async Capable": false,"Startup Cost": 45348.86,"Total Cost": 45350.79,"Plan Rows": 55,"Plan Width": 168,"Actual Startup Time": 1673.664,"Actual Total Time": 1769.994,"Actual Rows": 175,"Actual Loops": 4,"Group Key": ["nation.n_name", "(EXTRACT(year FROM orders.o_orderdate))"],"Workers": [],"Plans": [{"Node Type": "Sort","Parent Relationship": "Outer","Parallel Aware": false,"Async Capable": false,"Startup Cost": 45348.86,"Total Cost": 45349.00,"Plan Rows": 55,"Plan Width": 159,"Actual Startup Time": 1673.252,"Actual Total Time": 1706.988,"Actual Rows": 83328,"Actual Loops": 4,"Sort Key": ["nation.n_name", "(EXTRACT(year FROM orders.o_orderdate)) DESC"],"Sort Method": "quicksort","Sort Space Used": 11554,"Sort Space Type": "Memory","Workers": [{"Worker Number": 0,"Sort Method": "quicksort","Sort Space Used": 11442,"Sort Space Type": "Memory"},{"Worker Number": 1,"Sort Method": "quicksort","Sort Space Used": 11267,"Sort Space Type": "Memory"},{"Worker Number": 2,"Sort Method": "quicksort","Sort Space Used": 11217,"Sort Space Type": "Memory"}],"Plans": [{"Node Type": "Hash Join","Parent Relationship": "Outer","Parallel Aware": false,"Async Capable": false,"Join Type": "Inner","Startup Cost": 5215.02,"Total Cost": 45347.27,"Plan Rows": 55,"Plan Width": 159,"Actual Startup Time": 21.738,"Actual Total Time": 1570.538,"Actual Rows": 83328,"Actual Loops": 4,"Inner Unique": true,"Hash Cond": "(supplier.s_nationkey = nation.n_nationkey)","Workers": [],"Plans": [{"Node Type": "Nested Loop","Parent Relationship": "Outer","Parallel Aware": false,"Async Capable": false,"Join Type": "Inner","Startup Cost": 5213.46,"Total Cost": 45345.40,"Plan Rows": 55,"Plan Width": 31,"Actual Startup Time": 21.537,"Actual Total Time": 1546.521,"Actual Rows": 83328,"Actual Loops": 4,"Inner Unique": true,"Workers": [],"Plans": [{"Node Type": "Nested Loop","Parent Relationship": "Outer","Parallel Aware": false,"Async Capable": false,"Join Type": "Inner","Startup Cost": 5213.03,"Total Cost": 45319.82,"Plan Rows": 55,"Plan Width": 31,"Actual Startup Time": 21.473,"Actual Total Time": 802.646,"Actual Rows": 83328,"Actual Loops": 4,"Inner Unique": true,"Workers": [],"Plans": [{"Node Type": "Nested Loop","Parent Relationship": "Outer","Parallel Aware": false,"Async Capable": false,"Join Type": "Inner","Startup Cost": 5212.75,"Total Cost": 45303.17,"Plan Rows": 55,"Plan Width": 35,"Actual Startup Time": 21.432,"Actual Total Time": 663.395,"Actual Rows": 83328,"Actual Loops": 4,"Inner Unique": false,"Workers": [],"Plans": [{"Node Type": "Hash Join","Parent Relationship": "Outer","Parallel Aware": true,"Async Capable": false,"Join Type": "Inner","Startup Cost": 5212.32,"Total Cost": 25921.39,"Plan Rows": 18247,"Plan Width": 18,"Actual Startup Time": 21.375,"Actual Total Time": 197.392,"Actual Rows": 11082,"Actual Loops": 4,"Inner Unique": true,"Hash Cond": "(partsupp.ps_partkey = part.p_partkey)","Workers": [],"Plans": [{"Node Type": "Seq Scan","Parent Relationship": "Outer","Parallel Aware": true,"Async Capable": false,"Relation Name": "partsupp","Alias": "partsupp","Startup Cost": 0.00,"Total Cost": 20031.65,"Plan Rows": 258065,"Plan Width": 14,"Actual Startup Time": 0.017,"Actual Total Time": 42.711,"Actual Rows": 200000,"Actual Loops": 4,"Workers": []},{"Node Type": "Hash","Parent Relationship": "Inner","Parallel Aware": true,"Async Capable": false,"Startup Cost": 5138.67,"Total Cost": 5138.67,"Plan Rows": 5892,"Plan Width": 4,"Actual Startup Time": 21.186,"Actual Total Time": 21.198,"Actual Rows": 2770,"Actual Loops": 4,"Hash Buckets": 16384,"Original Hash Buckets": 16384,"Hash Batches": 1,"Original Hash Batches": 1,"Peak Memory Usage": 608,"Workers": [],"Plans": [{"Node Type": "Seq Scan","Parent Relationship": "Outer","Parallel Aware": true,"Async Capable": false,"Relation Name": "part","Alias": "part","Startup Cost": 0.00,"Total Cost": 5138.67,"Plan Rows": 5892,"Plan Width": 4,"Actual Startup Time": 0.056,"Actual Total Time": 19.572,"Actual Rows": 2770,"Actual Loops": 4,"Filter": "((p_name)::text ~~ '%cyan%'::text)","Rows Removed by Filter": 47230,"Workers": []}]}]},{"Node Type": "Index Scan","Parent Relationship": "Inner","Parallel Aware": false,"Async Capable": false,"Scan Direction": "Forward","Index Name": "idx_lineitem_part_supp","Relation Name": "lineitem","Alias": "lineitem","Startup Cost": 0.43,"Total Cost": 1.05,"Plan Rows": 1,"Plan Width": 29,"Actual Startup Time": 0.006,"Actual Total Time": 0.040,"Actual Rows": 8,"Actual Loops": 44328,"Index Cond": "((l_partkey = partsupp.ps_partkey) AND (l_suppkey = partsupp.ps_suppkey))","Rows Removed by Index Recheck": 0,"Workers": []}]},{"Node Type": "Index Scan","Parent Relationship": "Inner","Parallel Aware": false,"Async Capable": false,"Scan Direction": "Forward","Index Name": "supplier_pkey","Relation Name": "supplier","Alias": "supplier","Startup Cost": 0.29,"Total Cost": 0.30,"Plan Rows": 1,"Plan Width": 8,"Actual Startup Time": 0.001,"Actual Total Time": 0.001,"Actual Rows": 1,"Actual Loops": 333310,"Index Cond": "(s_suppkey = lineitem.l_suppkey)","Rows Removed by Index Recheck": 0,"Workers": []}]},{"Node Type": "Index Scan","Parent Relationship": "Inner","Parallel Aware": false,"Async Capable": false,"Scan Direction": "Forward","Index Name": "orders_pkey","Relation Name": "orders","Alias": "orders","Startup Cost": 0.43,"Total Cost": 0.47,"Plan Rows": 1,"Plan Width": 8,"Actual Startup Time": 0.009,"Actual Total Time": 0.009,"Actual Rows": 1,"Actual Loops": 333310,"Index Cond": "(o_orderkey = lineitem.l_orderkey)","Rows Removed by Index Recheck": 0,"Workers": []}]},{"Node Type": "Hash","Parent Relationship": "Inner","Parallel Aware": false,"Async Capable": false,"Startup Cost": 1.25,"Total Cost": 1.25,"Plan Rows": 25,"Plan Width": 108,"Actual Startup Time": 0.090,"Actual Total Time": 0.098,"Actual Rows": 25,"Actual Loops": 4,"Hash Buckets": 1024,"Original Hash Buckets": 1024,"Hash Batches": 1,"Original Hash Batches": 1,"Peak Memory Usage": 10,"Workers": [],"Plans": [{"Node Type": "Seq Scan","Parent Relationship": "Outer","Parallel Aware": false,"Async Capable": false,"Relation Name": "nation","Alias": "nation","Startup Cost": 0.00,"Total Cost": 1.25,"Plan Rows": 25,"Plan Width": 108,"Actual Startup Time": 0.055,"Actual Total Time": 0.063,"Actual Rows": 25,"Actual Loops": 4,"Workers": []}]}]}]}]}]}]},"Planning Time": 12.548,"Triggers": [],"Execution Time": 1876.920}]
[{"Plan": {"Node Type": "Aggregate","Strategy": "Sorted","Partial Mode": "Finalize","Parallel Aware": false,"Async Capable": false,"Startup Cost": 41381.04,"Total Cost": 41397.45,"Plan Rows": 122,"Plan Width": 168,"Actual Startup Time": 2449.053,"Actual Total Time": 2635.568,"Actual Rows": 175,"Actual Loops": 1,"Group Key": ["nation.n_name", "(EXTRACT(year FROM orders.o_orderdate))"],"Plans": [{"Node Type": "Gather Merge","Parent Relationship": "Outer","Parallel Aware": false,"Async Capable": false,"Startup Cost": 41381.04,"Total Cost": 41394.60,"Plan Rows": 102,"Plan Width": 168,"Actual Startup Time": 2447.324,"Actual Total Time": 2635.159,"Actual Rows": 525,"Actual Loops": 1,"Workers Planned": 2,"Workers Launched": 2,"Plans": [{"Node Type": "Aggregate","Strategy": "Sorted","Partial Mode": "Partial","Parent Relationship": "Outer","Parallel Aware": false,"Async Capable": false,"Startup Cost": 40381.01,"Total Cost": 40382.80,"Plan Rows": 51,"Plan Width": 168,"Actual Startup Time": 2331.740,"Actual Total Time": 2482.748,"Actual Rows": 175,"Actual Loops": 3,"Group Key": ["nation.n_name", "(EXTRACT(year FROM orders.o_orderdate))"],"Workers": [],"Plans": [{"Node Type": "Sort","Parent Relationship": "Outer","Parallel Aware": false,"Async Capable": false,"Startup Cost": 40381.01,"Total Cost": 40381.14,"Plan Rows": 51,"Plan Width": 159,"Actual Startup Time": 2331.039,"Actual Total Time": 2387.406,"Actual Rows": 108809,"Actual Loops": 3,"Sort Key": ["nation.n_name", "(EXTRACT(year FROM orders.o_orderdate)) DESC"],"Sort Method": "quicksort","Sort Space Used": 14620,"Sort Space Type": "Memory","Workers": [{"Worker Number": 0,"Sort Method": "quicksort","Sort Space Used": 13545,"Sort Space Type": "Memory"},{"Worker Number": 1,"Sort Method": "quicksort","Sort Space Used": 13555,"Sort Space Type": "Memory"}],"Plans": [{"Node Type": "Hash Join","Parent Relationship": "Outer","Parallel Aware": false,"Async Capable": false,"Join Type": "Inner","Startup Cost": 3.13,"Total Cost": 40379.57,"Plan Rows": 51,"Plan Width": 159,"Actual Startup Time": 0.737,"Actual Total Time": 2187.041,"Actual Rows": 108809,"Actual Loops": 3,"Inner Unique": true,"Hash Cond": "(supplier.s_nationkey = nation.n_nationkey)","Workers": [],"Plans": [{"Node Type": "Nested Loop","Parent Relationship": "Outer","Parallel Aware": false,"Async Capable": false,"Join Type": "Inner","Startup Cost": 1.57,"Total Cost": 40377.72,"Plan Rows": 51,"Plan Width": 31,"Actual Startup Time": 0.552,"Actual Total Time": 2155.488,"Actual Rows": 108809,"Actual Loops": 3,"Inner Unique": true,"Workers": [],"Plans": [{"Node Type": "Nested Loop","Parent Relationship": "Outer","Parallel Aware": false,"Async Capable": false,"Join Type": "Inner","Startup Cost": 1.14,"Total Cost": 40354.00,"Plan Rows": 51,"Plan Width": 31,"Actual Startup Time": 0.419,"Actual Total Time": 1005.505,"Actual Rows": 108809,"Actual Loops": 3,"Inner Unique": true,"Workers": [],"Plans": [{"Node Type": "Nested Loop","Parent Relationship": "Outer","Parallel Aware": false,"Async Capable": false,"Join Type": "Inner","Startup Cost": 0.86,"Total Cost": 40338.56,"Plan Rows": 51,"Plan Width": 35,"Actual Startup Time": 0.336,"Actual Total Time": 819.466,"Actual Rows": 108809,"Actual Loops": 3,"Inner Unique": false,"Workers": [],"Plans": [{"Node Type": "Nested Loop","Parent Relationship": "Outer","Parallel Aware": false,"Async Capable": false,"Join Type": "Inner","Startup Cost": 0.42,"Total Cost": 22456.59,"Plan Rows": 16835,"Plan Width": 18,"Actual Startup Time": 0.212,"Actual Total Time": 113.652,"Actual Rows": 14564,"Actual Loops": 3,"Inner Unique": false,"Workers": [],"Plans": [{"Node Type": "Seq Scan","Parent Relationship": "Outer","Parallel Aware": true,"Async Capable": false,"Relation Name": "part","Alias": "part","Startup Cost": 0.00,"Total Cost": 5138.67,"Plan Rows": 4209,"Plan Width": 4,"Actual Startup Time": 0.070,"Actual Total Time": 47.906,"Actual Rows": 3641,"Actual Loops": 3,"Filter": "((p_name)::text ~~ '%violet%'::text)","Rows Removed by Filter": 63026,"Workers": []},{"Node Type": "Index Scan","Parent Relationship": "Inner","Parallel Aware": false,"Async Capable": false,"Scan Direction": "Forward","Index Name": "idx_partsupp_partkey","Relation Name": "partsupp","Alias": "partsupp","Startup Cost": 0.42,"Total Cost": 4.07,"Plan Rows": 4,"Plan Width": 14,"Actual Startup Time": 0.013,"Actual Total Time": 0.017,"Actual Rows": 4,"Actual Loops": 10923,"Index Cond": "(ps_partkey = part.p_partkey)","Rows Removed by Index Recheck": 0,"Workers": []}]},{"Node Type": "Index Scan","Parent Relationship": "Inner","Parallel Aware": false,"Async Capable": false,"Scan Direction": "Forward","Index Name": "idx_lineitem_part_supp","Relation Name": "lineitem","Alias": "lineitem","Startup Cost": 0.43,"Total Cost": 1.05,"Plan Rows": 1,"Plan Width": 29,"Actual Startup Time": 0.007,"Actual Total Time": 0.047,"Actual Rows": 7,"Actual Loops": 43692,"Index Cond": "((l_partkey = partsupp.ps_partkey) AND (l_suppkey = partsupp.ps_suppkey))","Rows Removed by Index Recheck": 0,"Workers": []}]},{"Node Type": "Index Scan","Parent Relationship": "Inner","Parallel Aware": false,"Async Capable": false,"Scan Direction": "Forward","Index Name": "supplier_pkey","Relation Name": "supplier","Alias": "supplier","Startup Cost": 0.29,"Total Cost": 0.30,"Plan Rows": 1,"Plan Width": 8,"Actual Startup Time": 0.001,"Actual Total Time": 0.001,"Actual Rows": 1,"Actual Loops": 326428,"Index Cond": "(s_suppkey = lineitem.l_suppkey)","Rows Removed by Index Recheck": 0,"Workers": []}]},{"Node Type": "Index Scan","Parent Relationship": "Inner","Parallel Aware": false,"Async Capable": false,"Scan Direction": "Forward","Index Name": "orders_pkey","Relation Name": "orders","Alias": "orders","Startup Cost": 0.43,"Total Cost": 0.47,"Plan Rows": 1,"Plan Width": 8,"Actual Startup Time": 0.010,"Actual Total Time": 0.010,"Actual Rows": 1,"Actual Loops": 326428,"Index Cond": "(o_orderkey = lineitem.l_orderkey)","Rows Removed by Index Recheck": 0,"Workers": []}]},{"Node Type": "Hash","Parent Relationship": "Inner","Parallel Aware": false,"Async Capable": false,"Startup Cost": 1.25,"Total Cost": 1.25,"Plan Rows": 25,"Plan Width": 108,"Actual Startup Time": 0.086,"Actual Total Time": 0.097,"Actual Rows": 25,"Actual Loops": 3,"Hash Buckets": 1024,"Original Hash Buckets": 1024,"Hash Batches": 1,"Original Hash Batches": 1,"Peak Memory Usage": 10,"Workers": [],"Plans": [{"Node Type": "Seq Scan","Parent Relationship": "Outer","Parallel Aware": false,"Async Capable": false,"Relation Name": "nation","Alias": "nation","Startup Cost": 0.00,"Total Cost": 1.25,"Plan Rows": 25,"Plan Width": 108,"Actual Startup Time": 0.055,"Actual Total Time": 0.061,"Actual Rows": 25,"Actual Loops": 3,"Workers": []}]}]}]}]}]}]},"Planning Time": 11.985,"Triggers": [],"Execution Time": 2638.417}]
[{"Plan": {"Node Type": "Aggregate","Strategy": "Sorted","Partial Mode": "Finalize","Parallel Aware": false,"Async Capable": false,"Startup Cost": 46348.90,"Total Cost": 46374.41,"Plan Rows": 170,"Plan Width": 168,"Actual Startup Time": 1723.493,"Actual Total Time": 1859.527,"Actual Rows": 175,"Actual Loops": 1,"Group Key": ["nation.n_name", "(EXTRACT(year FROM orders.o_orderdate))"],"Plans": [{"Node Type": "Gather Merge","Parent Relationship": "Outer","Parallel Aware": false,"Async Capable": false,"Startup Cost": 46348.90,"Total Cost": 46370.21,"Plan Rows": 165,"Plan Width": 168,"Actual Startup Time": 1722.182,"Actual Total Time": 1859.079,"Actual Rows": 700,"Actual Loops": 1,"Workers Planned": 3,"Workers Launched": 3,"Plans": [{"Node Type": "Aggregate","Strategy": "Sorted","Partial Mode": "Partial","Parent Relationship": "Outer","Parallel Aware": false,"Async Capable": false,"Startup Cost": 45348.86,"Total Cost": 45350.79,"Plan Rows": 55,"Plan Width": 168,"Actual Startup Time": 1656.882,"Actual Total Time": 1751.105,"Actual Rows": 175,"Actual Loops": 4,"Group Key": ["nation.n_name", "(EXTRACT(year FROM orders.o_orderdate))"],"Workers": [],"Plans": [{"Node Type": "Sort","Parent Relationship": "Outer","Parallel Aware": false,"Async Capable": false,"Startup Cost": 45348.86,"Total Cost": 45349.00,"Plan Rows": 55,"Plan Width": 159,"Actual Startup Time": 1656.482,"Actual Total Time": 1688.020,"Actual Rows": 82329,"Actual Loops": 4,"Sort Key": ["nation.n_name", "(EXTRACT(year FROM orders.o_orderdate)) DESC"],"Sort Method": "quicksort","Sort Space Used": 11581,"Sort Space Type": "Memory","Workers": [{"Worker Number": 0,"Sort Method": "quicksort","Sort Space Used": 11149,"Sort Space Type": "Memory"},{"Worker Number": 1,"Sort Method": "quicksort","Sort Space Used": 11206,"Sort Space Type": "Memory"},{"Worker Number": 2,"Sort Method": "quicksort","Sort Space Used": 11149,"Sort Space Type": "Memory"}],"Plans": [{"Node Type": "Hash Join","Parent Relationship": "Outer","Parallel Aware": false,"Async Capable": false,"Join Type": "Inner","Startup Cost": 5215.02,"Total Cost": 45347.27,"Plan Rows": 55,"Plan Width": 159,"Actual Startup Time": 22.822,"Actual Total Time": 1557.570,"Actual Rows": 82329,"Actual Loops": 4,"Inner Unique": true,"Hash Cond": "(supplier.s_nationkey = nation.n_nationkey)","Workers": [],"Plans": [{"Node Type": "Nested Loop","Parent Relationship": "Outer","Parallel Aware": false,"Async Capable": false,"Join Type": "Inner","Startup Cost": 5213.46,"Total Cost": 45345.40,"Plan Rows": 55,"Plan Width": 31,"Actual Startup Time": 22.599,"Actual Total Time": 1533.905,"Actual Rows": 82329,"Actual Loops": 4,"Inner Unique": true,"Workers": [],"Plans": [{"Node Type": "Nested Loop","Parent Relationship": "Outer","Parallel Aware": false,"Async Capable": false,"Join Type": "Inner","Startup Cost": 5213.03,"Total Cost": 45319.82,"Plan Rows": 55,"Plan Width": 31,"Actual Startup Time": 22.531,"Actual Total Time": 799.967,"Actual Rows": 82329,"Actual Loops": 4,"Inner Unique": true,"Workers": [],"Plans": [{"Node Type": "Nested Loop","Parent Relationship": "Outer","Parallel Aware": false,"Async Capable": false,"Join Type": "Inner","Startup Cost": 5212.75,"Total Cost": 45303.17,"Plan Rows": 55,"Plan Width": 35,"Actual Startup Time": 22.487,"Actual Total Time": 661.259,"Actual Rows": 82329,"Actual Loops": 4,"Inner Unique": false,"Workers": [],"Plans": [{"Node Type": "Hash Join","Parent Relationship": "Outer","Parallel Aware": true,"Async Capable": false,"Join Type": "Inner","Startup Cost": 5212.32,"Total Cost": 25921.39,"Plan Rows": 18247,"Plan Width": 18,"Actual Startup Time": 22.414,"Actual Total Time": 195.633,"Actual Rows": 10963,"Actual Loops": 4,"Inner Unique": true,"Hash Cond": "(partsupp.ps_partkey = part.p_partkey)","Workers": [],"Plans": [{"Node Type": "Seq Scan","Parent Relationship": "Outer","Parallel Aware": true,"Async Capable": false,"Relation Name": "partsupp","Alias": "partsupp","Startup Cost": 0.00,"Total Cost": 20031.65,"Plan Rows": 258065,"Plan Width": 14,"Actual Startup Time": 0.017,"Actual Total Time": 41.561,"Actual Rows": 200000,"Actual Loops": 4,"Workers": []},{"Node Type": "Hash","Parent Relationship": "Inner","Parallel Aware": true,"Async Capable": false,"Startup Cost": 5138.67,"Total Cost": 5138.67,"Plan Rows": 5892,"Plan Width": 4,"Actual Startup Time": 22.190,"Actual Total Time": 22.200,"Actual Rows": 2741,"Actual Loops": 4,"Hash Buckets": 16384,"Original Hash Buckets": 16384,"Hash Batches": 1,"Original Hash Batches": 1,"Peak Memory Usage": 608,"Workers": [],"Plans": [{"Node Type": "Seq Scan","Parent Relationship": "Outer","Parallel Aware": true,"Async Capable": false,"Relation Name": "part","Alias": "part","Startup Cost": 0.00,"Total Cost": 5138.67,"Plan Rows": 5892,"Plan Width": 4,"Actual Startup Time": 0.074,"Actual Total Time": 20.472,"Actual Rows": 2741,"Actual Loops": 4,"Filter": "((p_name)::text ~~ '%maroon%'::text)","Rows Removed by Filter": 47259,"Workers": []}]}]},{"Node Type": "Index Scan","Parent Relationship": "Inner","Parallel Aware": false,"Async Capable": false,"Scan Direction": "Forward","Index Name": "idx_lineitem_part_supp","Relation Name": "lineitem","Alias": "lineitem","Startup Cost": 0.43,"Total Cost": 1.05,"Plan Rows": 1,"Plan Width": 29,"Actual Startup Time": 0.006,"Actual Total Time": 0.041,"Actual Rows": 8,"Actual Loops": 43852,"Index Cond": "((l_partkey = partsupp.ps_partkey) AND (l_suppkey = partsupp.ps_suppkey))","Rows Removed by Index Recheck": 0,"Workers": []}]},{"Node Type": "Index Scan","Parent Relationship": "Inner","Parallel Aware": false,"Async Capable": false,"Scan Direction": "Forward","Index Name": "supplier_pkey","Relation Name": "supplier","Alias": "supplier","Startup Cost": 0.29,"Total Cost": 0.30,"Plan Rows": 1,"Plan Width": 8,"Actual Startup Time": 0.001,"Actual Total Time": 0.001,"Actual Rows": 1,"Actual Loops": 329315,"Index Cond": "(s_suppkey = lineitem.l_suppkey)","Rows Removed by Index Recheck": 0,"Workers": []}]},{"Node Type": "Index Scan","Parent Relationship": "Inner","Parallel Aware": false,"Async Capable": false,"Scan Direction": "Forward","Index Name": "orders_pkey","Relation Name": "orders","Alias": "orders","Startup Cost": 0.43,"Total Cost": 0.47,"Plan Rows": 1,"Plan Width": 8,"Actual Startup Time": 0.009,"Actual Total Time": 0.009,"Actual Rows": 1,"Actual Loops": 329315,"Index Cond": "(o_orderkey = lineitem.l_orderkey)","Rows Removed by Index Recheck": 0,"Workers": []}]},{"Node Type": "Hash","Parent Relationship": "Inner","Parallel Aware": false,"Async Capable": false,"Startup Cost": 1.25,"Total Cost": 1.25,"Plan Rows": 25,"Plan Width": 108,"Actual Startup Time": 0.106,"Actual Total Time": 0.111,"Actual Rows": 25,"Actual Loops": 4,"Hash Buckets": 1024,"Original Hash Buckets": 1024,"Hash Batches": 1,"Original Hash Batches": 1,"Peak Memory Usage": 10,"Workers": [],"Plans": [{"Node Type": "Seq Scan","Parent Relationship": "Outer","Parallel Aware": false,"Async Capable": false,"Relation Name": "nation","Alias": "nation","Startup Cost": 0.00,"Total Cost": 1.25,"Plan Rows": 25,"Plan Width": 108,"Actual Startup Time": 0.074,"Actual Total Time": 0.080,"Actual Rows": 25,"Actual Loops": 4,"Workers": []}]}]}]}]}]}]},"Planning Time": 11.867,"Triggers": [],"Execution Time": 1860.481}]
[{"Plan": {"Node Type": "Aggregate","Strategy": "Sorted","Partial Mode": "Finalize","Parallel Aware": false,"Async Capable": false,"Startup Cost": 47355.08,"Total Cost": 47374.71,"Plan Rows": 146,"Plan Width": 168,"Actual Startup Time": 2488.313,"Actual Total Time": 2622.431,"Actual Rows": 175,"Actual Loops": 1,"Group Key": ["nation.n_name", "(EXTRACT(year FROM orders.o_orderdate))"],"Plans": [{"Node Type": "Gather Merge","Parent Relationship": "Outer","Parallel Aware": false,"Async Capable": false,"Startup Cost": 47355.08,"Total Cost": 47371.30,"Plan Rows": 122,"Plan Width": 168,"Actual Startup Time": 2486.292,"Actual Total Time": 2621.908,"Actual Rows": 525,"Actual Loops": 1,"Workers Planned": 2,"Workers Launched": 2,"Plans": [{"Node Type": "Aggregate","Strategy": "Sorted","Partial Mode": "Partial","Parent Relationship": "Outer","Parallel Aware": false,"Async Capable": false,"Startup Cost": 46355.06,"Total Cost": 46357.20,"Plan Rows": 61,"Plan Width": 168,"Actual Startup Time": 2352.837,"Actual Total Time": 2491.136,"Actual Rows": 175,"Actual Loops": 3,"Group Key": ["nation.n_name", "(EXTRACT(year FROM orders.o_orderdate))"],"Workers": [],"Plans": [{"Node Type": "Sort","Parent Relationship": "Outer","Parallel Aware": false,"Async Capable": false,"Startup Cost": 46355.06,"Total Cost": 46355.21,"Plan Rows": 61,"Plan Width": 159,"Actual Startup Time": 2352.058,"Actual Total Time": 2401.707,"Actual Rows": 109389,"Actual Loops": 3,"Sort Key": ["nation.n_name", "(EXTRACT(year FROM orders.o_orderdate)) DESC"],"Sort Method": "quicksort","Sort Space Used": 13819,"Sort Space Type": "Memory","Workers": [{"Worker Number": 0,"Sort Method": "quicksort","Sort Space Used": 14069,"Sort Space Type": "Memory"},{"Worker Number": 1,"Sort Method": "quicksort","Sort Space Used": 14004,"Sort Space Type": "Memory"}],"Plans": [{"Node Type": "Hash Join","Parent Relationship": "Outer","Parallel Aware": false,"Async Capable": false,"Join Type": "Inner","Startup Cost": 3.13,"Total Cost": 46353.25,"Plan Rows": 61,"Plan Width": 159,"Actual Startup Time": 0.598,"Actual Total Time": 2192.654,"Actual Rows": 109389,"Actual Loops": 3,"Inner Unique": true,"Hash Cond": "(supplier.s_nationkey = nation.n_nationkey)","Workers": [],"Plans": [{"Node Type": "Nested Loop","Parent Relationship": "Outer","Parallel Aware": false,"Async Capable": false,"Join Type": "Inner","Startup Cost": 1.57,"Total Cost": 46351.35,"Plan Rows": 61,"Plan Width": 31,"Actual Startup Time": 0.445,"Actual Total Time": 2160.825,"Actual Rows": 109389,"Actual Loops": 3,"Inner Unique": true,"Workers": [],"Plans": [{"Node Type": "Nested Loop","Parent Relationship": "Outer","Parallel Aware": false,"Async Capable": false,"Join Type": "Inner","Startup Cost": 1.14,"Total Cost": 46322.98,"Plan Rows": 61,"Plan Width": 31,"Actual Startup Time": 0.344,"Actual Total Time": 1000.384,"Actual Rows": 109389,"Actual Loops": 3,"Inner Unique": true,"Workers": [],"Plans": [{"Node Type": "Nested Loop","Parent Relationship": "Outer","Parallel Aware": false,"Async Capable": false,"Join Type": "Inner","Startup Cost": 0.86,"Total Cost": 46304.52,"Plan Rows": 61,"Plan Width": 35,"Actual Startup Time": 0.255,"Actual Total Time": 813.822,"Actual Rows": 109389,"Actual Loops": 3,"Inner Unique": false,"Workers": [],"Plans": [{"Node Type": "Nested Loop","Parent Relationship": "Outer","Parallel Aware": false,"Async Capable": false,"Join Type": "Inner","Startup Cost": 0.42,"Total Cost": 24846.16,"Plan Rows": 20202,"Plan Width": 18,"Actual Startup Time": 0.151,"Actual Total Time": 119.110,"Actual Rows": 14613,"Actual Loops": 3,"Inner Unique": false,"Workers": [],"Plans": [{"Node Type": "Seq Scan","Parent Relationship": "Outer","Parallel Aware": true,"Async Capable": false,"Relation Name": "part","Alias": "part","Startup Cost": 0.00,"Total Cost": 5138.67,"Plan Rows": 5051,"Plan Width": 4,"Actual Startup Time": 0.060,"Actual Total Time": 51.487,"Actual Rows": 3653,"Actual Loops": 3,"Filter": "((p_name)::text ~~ '%sienna%'::text)","Rows Removed by Filter": 63013,"Workers": []},{"Node Type": "Index Scan","Parent Relationship": "Inner","Parallel Aware": false,"Async Capable": false,"Scan Direction": "Forward","Index Name": "idx_partsupp_partkey","Relation Name": "partsupp","Alias": "partsupp","Startup Cost": 0.42,"Total Cost": 3.86,"Plan Rows": 4,"Plan Width": 14,"Actual Startup Time": 0.014,"Actual Total Time": 0.018,"Actual Rows": 4,"Actual Loops": 10960,"Index Cond": "(ps_partkey = part.p_partkey)","Rows Removed by Index Recheck": 0,"Workers": []}]},{"Node Type": "Index Scan","Parent Relationship": "Inner","Parallel Aware": false,"Async Capable": false,"Scan Direction": "Forward","Index Name": "idx_lineitem_part_supp","Relation Name": "lineitem","Alias": "lineitem","Startup Cost": 0.43,"Total Cost": 1.05,"Plan Rows": 1,"Plan Width": 29,"Actual Startup Time": 0.007,"Actual Total Time": 0.046,"Actual Rows": 7,"Actual Loops": 43840,"Index Cond": "((l_partkey = partsupp.ps_partkey) AND (l_suppkey = partsupp.ps_suppkey))","Rows Removed by Index Recheck": 0,"Workers": []}]},{"Node Type": "Index Scan","Parent Relationship": "Inner","Parallel Aware": false,"Async Capable": false,"Scan Direction": "Forward","Index Name": "supplier_pkey","Relation Name": "supplier","Alias": "supplier","Startup Cost": 0.29,"Total Cost": 0.30,"Plan Rows": 1,"Plan Width": 8,"Actual Startup Time": 0.001,"Actual Total Time": 0.001,"Actual Rows": 1,"Actual Loops": 328167,"Index Cond": "(s_suppkey = lineitem.l_suppkey)","Rows Removed by Index Recheck": 0,"Workers": []}]},{"Node Type": "Index Scan","Parent Relationship": "Inner","Parallel Aware": false,"Async Capable": false,"Scan Direction": "Forward","Index Name": "orders_pkey","Relation Name": "orders","Alias": "orders","Startup Cost": 0.43,"Total Cost": 0.47,"Plan Rows": 1,"Plan Width": 8,"Actual Startup Time": 0.010,"Actual Total Time": 0.010,"Actual Rows": 1,"Actual Loops": 328167,"Index Cond": "(o_orderkey = lineitem.l_orderkey)","Rows Removed by Index Recheck": 0,"Workers": []}]},{"Node Type": "Hash","Parent Relationship": "Inner","Parallel Aware": false,"Async Capable": false,"Startup Cost": 1.25,"Total Cost": 1.25,"Plan Rows": 25,"Plan Width": 108,"Actual Startup Time": 0.071,"Actual Total Time": 0.091,"Actual Rows": 25,"Actual Loops": 3,"Hash Buckets": 1024,"Original Hash Buckets": 1024,"Hash Batches": 1,"Original Hash Batches": 1,"Peak Memory Usage": 10,"Workers": [],"Plans": [{"Node Type": "Seq Scan","Parent Relationship": "Outer","Parallel Aware": false,"Async Capable": false,"Relation Name": "nation","Alias": "nation","Startup Cost": 0.00,"Total Cost": 1.25,"Plan Rows": 25,"Plan Width": 108,"Actual Startup Time": 0.047,"Actual Total Time": 0.063,"Actual Rows": 25,"Actual Loops": 3,"Workers": []}]}]}]}]}]}]},"Planning Time": 12.717,"Triggers": [],"Execution Time": 2624.148}]
[{"Plan": {"Node Type": "Aggregate","Strategy": "Sorted","Partial Mode": "Finalize","Parallel Aware": false,"Async Capable": false,"Startup Cost": 35224.41,"Total Cost": 35237.30,"Plan Rows": 97,"Plan Width": 168,"Actual Startup Time": 2444.138,"Actual Total Time": 2542.472,"Actual Rows": 175,"Actual Loops": 1,"Group Key": ["nation.n_name", "(EXTRACT(year FROM orders.o_orderdate))"],"Plans": [{"Node Type": "Gather Merge","Parent Relationship": "Outer","Parallel Aware": false,"Async Capable": false,"Startup Cost": 35224.41,"Total Cost": 35235.05,"Plan Rows": 80,"Plan Width": 168,"Actual Startup Time": 2442.420,"Actual Total Time": 2542.094,"Actual Rows": 525,"Actual Loops": 1,"Workers Planned": 2,"Workers Launched": 2,"Plans": [{"Node Type": "Aggregate","Strategy": "Sorted","Partial Mode": "Partial","Parent Relationship": "Outer","Parallel Aware": false,"Async Capable": false,"Startup Cost": 34224.39,"Total Cost": 34225.79,"Plan Rows": 40,"Plan Width": 168,"Actual Startup Time": 2337.842,"Actual Total Time": 2456.025,"Actual Rows": 175,"Actual Loops": 3,"Group Key": ["nation.n_name", "(EXTRACT(year FROM orders.o_orderdate))"],"Workers": [],"Plans": [{"Node Type": "Sort","Parent Relationship": "Outer","Parallel Aware": false,"Async Capable": false,"Startup Cost": 34224.39,"Total Cost": 34224.49,"Plan Rows": 40,"Plan Width": 159,"Actual Startup Time": 2337.234,"Actual Total Time": 2374.843,"Actual Rows": 108757,"Actual Loops": 3,"Sort Key": ["nation.n_name", "(EXTRACT(year FROM orders.o_orderdate)) DESC"],"Sort Method": "quicksort","Sort Space Used": 14638,"Sort Space Type": "Memory","Workers": [{"Worker Number": 0,"Sort Method": "quicksort","Sort Space Used": 13561,"Sort Space Type": "Memory"},{"Worker Number": 1,"Sort Method": "quicksort","Sort Space Used": 13499,"Sort Space Type": "Memory"}],"Plans": [{"Node Type": "Hash Join","Parent Relationship": "Outer","Parallel Aware": false,"Async Capable": false,"Join Type": "Inner","Startup Cost": 3.13,"Total Cost": 34223.32,"Plan Rows": 40,"Plan Width": 159,"Actual Startup Time": 0.556,"Actual Total Time": 2190.470,"Actual Rows": 108757,"Actual Loops": 3,"Inner Unique": true,"Hash Cond": "(supplier.s_nationkey = nation.n_nationkey)","Workers": [],"Plans": [{"Node Type": "Nested Loop","Parent Relationship": "Outer","Parallel Aware": false,"Async Capable": false,"Join Type": "Inner","Startup Cost": 1.57,"Total Cost": 34221.53,"Plan Rows": 40,"Plan Width": 31,"Actual Startup Time": 0.403,"Actual Total Time": 2158.779,"Actual Rows": 108757,"Actual Loops": 3,"Inner Unique": true,"Workers": [],"Plans": [{"Node Type": "Nested Loop","Parent Relationship": "Outer","Parallel Aware": false,"Async Capable": false,"Join Type": "Inner","Startup Cost": 1.14,"Total Cost": 34202.93,"Plan Rows": 40,"Plan Width": 31,"Actual Startup Time": 0.309,"Actual Total Time": 1007.807,"Actual Rows": 108757,"Actual Loops": 3,"Inner Unique": true,"Workers": [],"Plans": [{"Node Type": "Nested Loop","Parent Relationship": "Outer","Parallel Aware": false,"Async Capable": false,"Join Type": "Inner","Startup Cost": 0.86,"Total Cost": 34190.82,"Plan Rows": 40,"Plan Width": 35,"Actual Startup Time": 0.236,"Actual Total Time": 821.703,"Actual Rows": 108757,"Actual Loops": 3,"Inner Unique": false,"Workers": [],"Plans": [{"Node Type": "Nested Loop","Parent Relationship": "Outer","Parallel Aware": false,"Async Capable": false,"Join Type": "Inner","Startup Cost": 0.42,"Total Cost": 19885.25,"Plan Rows": 13468,"Plan Width": 18,"Actual Startup Time": 0.138,"Actual Total Time": 114.586,"Actual Rows": 14501,"Actual Loops": 3,"Inner Unique": false,"Workers": [],"Plans": [{"Node Type": "Seq Scan","Parent Relationship": "Outer","Parallel Aware": true,"Async Capable": false,"Relation Name": "part","Alias": "part","Startup Cost": 0.00,"Total Cost": 5138.67,"Plan Rows": 3367,"Plan Width": 4,"Actual Startup Time": 0.031,"Actual Total Time": 48.710,"Actual Rows": 3625,"Actual Loops": 3,"Filter": "((p_name)::text ~~ '%beige%'::text)","Rows Removed by Filter": 63041,"Workers": []},{"Node Type": "Index Scan","Parent Relationship": "Inner","Parallel Aware": false,"Async Capable": false,"Scan Direction": "Forward","Index Name": "idx_partsupp_partkey","Relation Name": "partsupp","Alias": "partsupp","Startup Cost": 0.42,"Total Cost": 4.34,"Plan Rows": 4,"Plan Width": 14,"Actual Startup Time": 0.014,"Actual Total Time": 0.017,"Actual Rows": 4,"Actual Loops": 10876,"Index Cond": "(ps_partkey = part.p_partkey)","Rows Removed by Index Recheck": 0,"Workers": []}]},{"Node Type": "Index Scan","Parent Relationship": "Inner","Parallel Aware": false,"Async Capable": false,"Scan Direction": "Forward","Index Name": "idx_lineitem_part_supp","Relation Name": "lineitem","Alias": "lineitem","Startup Cost": 0.43,"Total Cost": 1.05,"Plan Rows": 1,"Plan Width": 29,"Actual Startup Time": 0.007,"Actual Total Time": 0.047,"Actual Rows": 7,"Actual Loops": 43504,"Index Cond": "((l_partkey = partsupp.ps_partkey) AND (l_suppkey = partsupp.ps_suppkey))","Rows Removed by Index Recheck": 0,"Workers": []}]},{"Node Type": "Index Scan","Parent Relationship": "Inner","Parallel Aware": false,"Async Capable": false,"Scan Direction": "Forward","Index Name": "supplier_pkey","Relation Name": "supplier","Alias": "supplier","Startup Cost": 0.29,"Total Cost": 0.30,"Plan Rows": 1,"Plan Width": 8,"Actual Startup Time": 0.001,"Actual Total Time": 0.001,"Actual Rows": 1,"Actual Loops": 326272,"Index Cond": "(s_suppkey = lineitem.l_suppkey)","Rows Removed by Index Recheck": 0,"Workers": []}]},{"Node Type": "Index Scan","Parent Relationship": "Inner","Parallel Aware": false,"Async Capable": false,"Scan Direction": "Forward","Index Name": "orders_pkey","Relation Name": "orders","Alias": "orders","Startup Cost": 0.43,"Total Cost": 0.47,"Plan Rows": 1,"Plan Width": 8,"Actual Startup Time": 0.010,"Actual Total Time": 0.010,"Actual Rows": 1,"Actual Loops": 326272,"Index Cond": "(o_orderkey = lineitem.l_orderkey)","Rows Removed by Index Recheck": 0,"Workers": []}]},{"Node Type": "Hash","Parent Relationship": "Inner","Parallel Aware": false,"Async Capable": false,"Startup Cost": 1.25,"Total Cost": 1.25,"Plan Rows": 25,"Plan Width": 108,"Actual Startup Time": 0.080,"Actual Total Time": 0.089,"Actual Rows": 25,"Actual Loops": 3,"Hash Buckets": 1024,"Original Hash Buckets": 1024,"Hash Batches": 1,"Original Hash Batches": 1,"Peak Memory Usage": 10,"Workers": [],"Plans": [{"Node Type": "Seq Scan","Parent Relationship": "Outer","Parallel Aware": false,"Async Capable": false,"Relation Name": "nation","Alias": "nation","Startup Cost": 0.00,"Total Cost": 1.25,"Plan Rows": 25,"Plan Width": 108,"Actual Startup Time": 0.061,"Actual Total Time": 0.065,"Actual Rows": 25,"Actual Loops": 3,"Workers": []}]}]}]}]}]}]},"Planning Time": 11.872,"Triggers": [],"Execution Time": 2543.621}]
[{"Plan": {"Node Type": "Aggregate","Strategy": "Sorted","Partial Mode": "Finalize","Parallel Aware": false,"Async Capable": false,"Startup Cost": 51920.12,"Total Cost": 51953.05,"Plan Rows": 219,"Plan Width": 168,"Actual Startup Time": 1736.886,"Actual Total Time": 1886.803,"Actual Rows": 175,"Actual Loops": 1,"Group Key": ["nation.n_name", "(EXTRACT(year FROM orders.o_orderdate))"],"Plans": [{"Node Type": "Gather Merge","Parent Relationship": "Outer","Parallel Aware": false,"Async Capable": false,"Startup Cost": 51920.12,"Total Cost": 51947.63,"Plan Rows": 213,"Plan Width": 168,"Actual Startup Time": 1734.752,"Actual Total Time": 1886.193,"Actual Rows": 700,"Actual Loops": 1,"Workers Planned": 3,"Workers Launched": 3,"Plans": [{"Node Type": "Aggregate","Strategy": "Sorted","Partial Mode": "Partial","Parent Relationship": "Outer","Parallel Aware": false,"Async Capable": false,"Startup Cost": 50920.08,"Total Cost": 50922.56,"Plan Rows": 71,"Plan Width": 168,"Actual Startup Time": 1652.291,"Actual Total Time": 1749.811,"Actual Rows": 175,"Actual Loops": 4,"Group Key": ["nation.n_name", "(EXTRACT(year FROM orders.o_orderdate))"],"Workers": [],"Plans": [{"Node Type": "Sort","Parent Relationship": "Outer","Parallel Aware": false,"Async Capable": false,"Startup Cost": 50920.08,"Total Cost": 50920.26,"Plan Rows": 71,"Plan Width": 159,"Actual Startup Time": 1651.742,"Actual Total Time": 1686.315,"Actual Rows": 81570,"Actual Loops": 4,"Sort Key": ["nation.n_name", "(EXTRACT(year FROM orders.o_orderdate)) DESC"],"Sort Method": "quicksort","Sort Space Used": 11359,"Sort Space Type": "Memory","Workers": [{"Worker Number": 0,"Sort Method": "quicksort","Sort Space Used": 11284,"Sort Space Type": "Memory"},{"Worker Number": 1,"Sort Method": "quicksort","Sort Space Used": 11074,"Sort Space Type": "Memory"},{"Worker Number": 2,"Sort Method": "quicksort","Sort Space Used": 11060,"Sort Space Type": "Memory"}],"Plans": [{"Node Type": "Hash Join","Parent Relationship": "Outer","Parallel Aware": false,"Async Capable": false,"Join Type": "Inner","Startup Cost": 5236.07,"Total Cost": 50917.89,"Plan Rows": 71,"Plan Width": 159,"Actual Startup Time": 23.416,"Actual Total Time": 1550.954,"Actual Rows": 81570,"Actual Loops": 4,"Inner Unique": true,"Hash Cond": "(supplier.s_nationkey = nation.n_nationkey)","Workers": [],"Plans": [{"Node Type": "Nested Loop","Parent Relationship": "Outer","Parallel Aware": false,"Async Capable": false,"Join Type": "Inner","Startup Cost": 5234.51,"Total Cost": 50915.94,"Plan Rows": 71,"Plan Width": 31,"Actual Startup Time": 23.259,"Actual Total Time": 1527.695,"Actual Rows": 81570,"Actual Loops": 4,"Inner Unique": true,"Workers": [],"Plans": [{"Node Type": "Nested Loop","Parent Relationship": "Outer","Parallel Aware": false,"Async Capable": false,"Join Type": "Inner","Startup Cost": 5234.08,"Total Cost": 50882.91,"Plan Rows": 71,"Plan Width": 31,"Actual Startup Time": 23.189,"Actual Total Time": 798.846,"Actual Rows": 81570,"Actual Loops": 4,"Inner Unique": true,"Workers": [],"Plans": [{"Node Type": "Nested Loop","Parent Relationship": "Outer","Parallel Aware": false,"Async Capable": false,"Join Type": "Inner","Startup Cost": 5233.80,"Total Cost": 50861.42,"Plan Rows": 71,"Plan Width": 35,"Actual Startup Time": 23.135,"Actual Total Time": 661.971,"Actual Rows": 81570,"Actual Loops": 4,"Inner Unique": false,"Workers": [],"Plans": [{"Node Type": "Hash Join","Parent Relationship": "Outer","Parallel Aware": true,"Async Capable": false,"Join Type": "Inner","Startup Cost": 5233.37,"Total Cost": 25942.44,"Plan Rows": 23460,"Plan Width": 18,"Actual Startup Time": 23.069,"Actual Total Time": 203.690,"Actual Rows": 10893,"Actual Loops": 4,"Inner Unique": true,"Hash Cond": "(partsupp.ps_partkey = part.p_partkey)","Workers": [],"Plans": [{"Node Type": "Seq Scan","Parent Relationship": "Outer","Parallel Aware": true,"Async Capable": false,"Relation Name": "partsupp","Alias": "partsupp","Startup Cost": 0.00,"Total Cost": 20031.65,"Plan Rows": 258065,"Plan Width": 14,"Actual Startup Time": 0.019,"Actual Total Time": 42.732,"Actual Rows": 200000,"Actual Loops": 4,"Workers": []},{"Node Type": "Hash","Parent Relationship": "Inner","Parallel Aware": true,"Async Capable": false,"Startup Cost": 5138.67,"Total Cost": 5138.67,"Plan Rows": 7576,"Plan Width": 4,"Actual Startup Time": 22.827,"Actual Total Time": 22.842,"Actual Rows": 2723,"Actual Loops": 4,"Hash Buckets": 32768,"Original Hash Buckets": 32768,"Hash Batches": 1,"Original Hash Batches": 1,"Peak Memory Usage": 736,"Workers": [],"Plans": [{"Node Type": "Seq Scan","Parent Relationship": "Outer","Parallel Aware": true,"Async Capable": false,"Relation Name": "part","Alias": "part","Startup Cost": 0.00,"Total Cost": 5138.67,"Plan Rows": 7576,"Plan Width": 4,"Actual Startup Time": 0.046,"Actual Total Time": 21.008,"Actual Rows": 2723,"Actual Loops": 4,"Filter": "((p_name)::text ~~ '%lemon%'::text)","Rows Removed by Filter": 47277,"Workers": []}]}]},{"Node Type": "Index Scan","Parent Relationship": "Inner","Parallel Aware": false,"Async Capable": false,"Scan Direction": "Forward","Index Name": "idx_lineitem_part_supp","Relation Name": "lineitem","Alias": "lineitem","Startup Cost": 0.43,"Total Cost": 1.05,"Plan Rows": 1,"Plan Width": 29,"Actual Startup Time": 0.006,"Actual Total Time": 0.041,"Actual Rows": 7,"Actual Loops": 43572,"Index Cond": "((l_partkey = partsupp.ps_partkey) AND (l_suppkey = partsupp.ps_suppkey))","Rows Removed by Index Recheck": 0,"Workers": []}]},{"Node Type": "Index Scan","Parent Relationship": "Inner","Parallel Aware": false,"Async Capable": false,"Scan Direction": "Forward","Index Name": "supplier_pkey","Relation Name": "supplier","Alias": "supplier","Startup Cost": 0.29,"Total Cost": 0.30,"Plan Rows": 1,"Plan Width": 8,"Actual Startup Time": 0.001,"Actual Total Time": 0.001,"Actual Rows": 1,"Actual Loops": 326278,"Index Cond": "(s_suppkey = lineitem.l_suppkey)","Rows Removed by Index Recheck": 0,"Workers": []}]},{"Node Type": "Index Scan","Parent Relationship": "Inner","Parallel Aware": false,"Async Capable": false,"Scan Direction": "Forward","Index Name": "orders_pkey","Relation Name": "orders","Alias": "orders","Startup Cost": 0.43,"Total Cost": 0.47,"Plan Rows": 1,"Plan Width": 8,"Actual Startup Time": 0.009,"Actual Total Time": 0.009,"Actual Rows": 1,"Actual Loops": 326278,"Index Cond": "(o_orderkey = lineitem.l_orderkey)","Rows Removed by Index Recheck": 0,"Workers": []}]},{"Node Type": "Hash","Parent Relationship": "Inner","Parallel Aware": false,"Async Capable": false,"Startup Cost": 1.25,"Total Cost": 1.25,"Plan Rows": 25,"Plan Width": 108,"Actual Startup Time": 0.065,"Actual Total Time": 0.072,"Actual Rows": 25,"Actual Loops": 4,"Hash Buckets": 1024,"Original Hash Buckets": 1024,"Hash Batches": 1,"Original Hash Batches": 1,"Peak Memory Usage": 10,"Workers": [],"Plans": [{"Node Type": "Seq Scan","Parent Relationship": "Outer","Parallel Aware": false,"Async Capable": false,"Relation Name": "nation","Alias": "nation","Startup Cost": 0.00,"Total Cost": 1.25,"Plan Rows": 25,"Plan Width": 108,"Actual Startup Time": 0.043,"Actual Total Time": 0.049,"Actual Rows": 25,"Actual Loops": 4,"Workers": []}]}]}]}]}]}]},"Planning Time": 13.208,"Triggers": [],"Execution Time": 1890.767}]
[{"Plan": {"Node Type": "Aggregate","Strategy": "Sorted","Partial Mode": "Finalize","Parallel Aware": false,"Async Capable": false,"Startup Cost": 41381.04,"Total Cost": 41397.45,"Plan Rows": 122,"Plan Width": 168,"Actual Startup Time": 2402.130,"Actual Total Time": 2525.292,"Actual Rows": 175,"Actual Loops": 1,"Group Key": ["nation.n_name", "(EXTRACT(year FROM orders.o_orderdate))"],"Plans": [{"Node Type": "Gather Merge","Parent Relationship": "Outer","Parallel Aware": false,"Async Capable": false,"Startup Cost": 41381.04,"Total Cost": 41394.60,"Plan Rows": 102,"Plan Width": 168,"Actual Startup Time": 2401.500,"Actual Total Time": 2524.925,"Actual Rows": 525,"Actual Loops": 1,"Workers Planned": 2,"Workers Launched": 2,"Plans": [{"Node Type": "Aggregate","Strategy": "Sorted","Partial Mode": "Partial","Parent Relationship": "Outer","Parallel Aware": false,"Async Capable": false,"Startup Cost": 40381.01,"Total Cost": 40382.80,"Plan Rows": 51,"Plan Width": 168,"Actual Startup Time": 2309.277,"Actual Total Time": 2434.754,"Actual Rows": 175,"Actual Loops": 3,"Group Key": ["nation.n_name", "(EXTRACT(year FROM orders.o_orderdate))"],"Workers": [],"Plans": [{"Node Type": "Sort","Parent Relationship": "Outer","Parallel Aware": false,"Async Capable": false,"Startup Cost": 40381.01,"Total Cost": 40381.14,"Plan Rows": 51,"Plan Width": 159,"Actual Startup Time": 2308.778,"Actual Total Time": 2350.395,"Actual Rows": 107266,"Actual Loops": 3,"Sort Key": ["nation.n_name", "(EXTRACT(year FROM orders.o_orderdate)) DESC"],"Sort Method": "quicksort","Sort Space Used": 14493,"Sort Space Type": "Memory","Workers": [{"Worker Number": 0,"Sort Method": "quicksort","Sort Space Used": 13387,"Sort Space Type": "Memory"},{"Worker Number": 1,"Sort Method": "quicksort","Sort Space Used": 13375,"Sort Space Type": "Memory"}],"Plans": [{"Node Type": "Hash Join","Parent Relationship": "Outer","Parallel Aware": false,"Async Capable": false,"Join Type": "Inner","Startup Cost": 3.13,"Total Cost": 40379.57,"Plan Rows": 51,"Plan Width": 159,"Actual Startup Time": 0.734,"Actual Total Time": 2166.199,"Actual Rows": 107266,"Actual Loops": 3,"Inner Unique": true,"Hash Cond": "(supplier.s_nationkey = nation.n_nationkey)","Workers": [],"Plans": [{"Node Type": "Nested Loop","Parent Relationship": "Outer","Parallel Aware": false,"Async Capable": false,"Join Type": "Inner","Startup Cost": 1.57,"Total Cost": 40377.72,"Plan Rows": 51,"Plan Width": 31,"Actual Startup Time": 0.557,"Actual Total Time": 2135.002,"Actual Rows": 107266,"Actual Loops": 3,"Inner Unique": true,"Workers": [],"Plans": [{"Node Type": "Nested Loop","Parent Relationship": "Outer","Parallel Aware": false,"Async Capable": false,"Join Type": "Inner","Startup Cost": 1.14,"Total Cost": 40354.00,"Plan Rows": 51,"Plan Width": 31,"Actual Startup Time": 0.421,"Actual Total Time": 995.648,"Actual Rows": 107266,"Actual Loops": 3,"Inner Unique": true,"Workers": [],"Plans": [{"Node Type": "Nested Loop","Parent Relationship": "Outer","Parallel Aware": false,"Async Capable": false,"Join Type": "Inner","Startup Cost": 0.86,"Total Cost": 40338.56,"Plan Rows": 51,"Plan Width": 35,"Actual Startup Time": 0.324,"Actual Total Time": 812.642,"Actual Rows": 107266,"Actual Loops": 3,"Inner Unique": false,"Workers": [],"Plans": [{"Node Type": "Nested Loop","Parent Relationship": "Outer","Parallel Aware": false,"Async Capable": false,"Join Type": "Inner","Startup Cost": 0.42,"Total Cost": 22456.59,"Plan Rows": 16835,"Plan Width": 18,"Actual Startup Time": 0.198,"Actual Total Time": 115.648,"Actual Rows": 14303,"Actual Loops": 3,"Inner Unique": false,"Workers": [],"Plans": [{"Node Type": "Seq Scan","Parent Relationship": "Outer","Parallel Aware": true,"Async Capable": false,"Relation Name": "part","Alias": "part","Startup Cost": 0.00,"Total Cost": 5138.67,"Plan Rows": 4209,"Plan Width": 4,"Actual Startup Time": 0.052,"Actual Total Time": 50.443,"Actual Rows": 3576,"Actual Loops": 3,"Filter": "((p_name)::text ~~ '%aquamarine%'::text)","Rows Removed by Filter": 63091,"Workers": []},{"Node Type": "Index Scan","Parent Relationship": "Inner","Parallel Aware": false,"Async Capable": false,"Scan Direction": "Forward","Index Name": "idx_partsupp_partkey","Relation Name": "partsupp","Alias": "partsupp","Startup Cost": 0.42,"Total Cost": 4.07,"Plan Rows": 4,"Plan Width": 14,"Actual Startup Time": 0.014,"Actual Total Time": 0.017,"Actual Rows": 4,"Actual Loops": 10727,"Index Cond": "(ps_partkey = part.p_partkey)","Rows Removed by Index Recheck": 0,"Workers": []}]},{"Node Type": "Index Scan","Parent Relationship": "Inner","Parallel Aware": false,"Async Capable": false,"Scan Direction": "Forward","Index Name": "idx_lineitem_part_supp","Relation Name": "lineitem","Alias": "lineitem","Startup Cost": 0.43,"Total Cost": 1.05,"Plan Rows": 1,"Plan Width": 29,"Actual Startup Time": 0.007,"Actual Total Time": 0.047,"Actual Rows": 7,"Actual Loops": 42908,"Index Cond": "((l_partkey = partsupp.ps_partkey) AND (l_suppkey = partsupp.ps_suppkey))","Rows Removed by Index Recheck": 0,"Workers": []}]},{"Node Type": "Index Scan","Parent Relationship": "Inner","Parallel Aware": false,"Async Capable": false,"Scan Direction": "Forward","Index Name": "supplier_pkey","Relation Name": "supplier","Alias": "supplier","Startup Cost": 0.29,"Total Cost": 0.30,"Plan Rows": 1,"Plan Width": 8,"Actual Startup Time": 0.001,"Actual Total Time": 0.001,"Actual Rows": 1,"Actual Loops": 321798,"Index Cond": "(s_suppkey = lineitem.l_suppkey)","Rows Removed by Index Recheck": 0,"Workers": []}]},{"Node Type": "Index Scan","Parent Relationship": "Inner","Parallel Aware": false,"Async Capable": false,"Scan Direction": "Forward","Index Name": "orders_pkey","Relation Name": "orders","Alias": "orders","Startup Cost": 0.43,"Total Cost": 0.47,"Plan Rows": 1,"Plan Width": 8,"Actual Startup Time": 0.010,"Actual Total Time": 0.010,"Actual Rows": 1,"Actual Loops": 321798,"Index Cond": "(o_orderkey = lineitem.l_orderkey)","Rows Removed by Index Recheck": 0,"Workers": []}]},{"Node Type": "Hash","Parent Relationship": "Inner","Parallel Aware": false,"Async Capable": false,"Startup Cost": 1.25,"Total Cost": 1.25,"Plan Rows": 25,"Plan Width": 108,"Actual Startup Time": 0.085,"Actual Total Time": 0.094,"Actual Rows": 25,"Actual Loops": 3,"Hash Buckets": 1024,"Original Hash Buckets": 1024,"Hash Batches": 1,"Original Hash Batches": 1,"Peak Memory Usage": 10,"Workers": [],"Plans": [{"Node Type": "Seq Scan","Parent Relationship": "Outer","Parallel Aware": false,"Async Capable": false,"Relation Name": "nation","Alias": "nation","Startup Cost": 0.00,"Total Cost": 1.25,"Plan Rows": 25,"Plan Width": 108,"Actual Startup Time": 0.060,"Actual Total Time": 0.066,"Actual Rows": 25,"Actual Loops": 3,"Workers": []}]}]}]}]}]}]},"Planning Time": 10.822,"Triggers": [],"Execution Time": 2526.608}]
[{"Plan": {"Node Type": "Aggregate","Strategy": "Sorted","Partial Mode": "Finalize","Parallel Aware": false,"Async Capable": false,"Startup Cost": 41381.04,"Total Cost": 41397.45,"Plan Rows": 122,"Plan Width": 168,"Actual Startup Time": 2415.817,"Actual Total Time": 2576.279,"Actual Rows": 175,"Actual Loops": 1,"Group Key": ["nation.n_name", "(EXTRACT(year FROM orders.o_orderdate))"],"Plans": [{"Node Type": "Gather Merge","Parent Relationship": "Outer","Parallel Aware": false,"Async Capable": false,"Startup Cost": 41381.04,"Total Cost": 41394.60,"Plan Rows": 102,"Plan Width": 168,"Actual Startup Time": 2413.962,"Actual Total Time": 2575.846,"Actual Rows": 525,"Actual Loops": 1,"Workers Planned": 2,"Workers Launched": 2,"Plans": [{"Node Type": "Aggregate","Strategy": "Sorted","Partial Mode": "Partial","Parent Relationship": "Outer","Parallel Aware": false,"Async Capable": false,"Startup Cost": 40381.01,"Total Cost": 40382.80,"Plan Rows": 51,"Plan Width": 168,"Actual Startup Time": 2314.456,"Actual Total Time": 2439.761,"Actual Rows": 175,"Actual Loops": 3,"Group Key": ["nation.n_name", "(EXTRACT(year FROM orders.o_orderdate))"],"Workers": [],"Plans": [{"Node Type": "Sort","Parent Relationship": "Outer","Parallel Aware": false,"Async Capable": false,"Startup Cost": 40381.01,"Total Cost": 40381.14,"Plan Rows": 51,"Plan Width": 159,"Actual Startup Time": 2313.793,"Actual Total Time": 2356.065,"Actual Rows": 108863,"Actual Loops": 3,"Sort Key": ["nation.n_name", "(EXTRACT(year FROM orders.o_orderdate)) DESC"],"Sort Method": "quicksort","Sort Space Used": 13940,"Sort Space Type": "Memory","Workers": [{"Worker Number": 0,"Sort Method": "quicksort","Sort Space Used": 14265,"Sort Space Type": "Memory"},{"Worker Number": 1,"Sort Method": "quicksort","Sort Space Used": 13529,"Sort Space Type": "Memory"}],"Plans": [{"Node Type": "Hash Join","Parent Relationship": "Outer","Parallel Aware": false,"Async Capable": false,"Join Type": "Inner","Startup Cost": 3.13,"Total Cost": 40379.57,"Plan Rows": 51,"Plan Width": 159,"Actual Startup Time": 0.692,"Actual Total Time": 2163.813,"Actual Rows": 108863,"Actual Loops": 3,"Inner Unique": true,"Hash Cond": "(supplier.s_nationkey = nation.n_nationkey)","Workers": [],"Plans": [{"Node Type": "Nested Loop","Parent Relationship": "Outer","Parallel Aware": false,"Async Capable": false,"Join Type": "Inner","Startup Cost": 1.57,"Total Cost": 40377.72,"Plan Rows": 51,"Plan Width": 31,"Actual Startup Time": 0.496,"Actual Total Time": 2131.834,"Actual Rows": 108863,"Actual Loops": 3,"Inner Unique": true,"Workers": [],"Plans": [{"Node Type": "Nested Loop","Parent Relationship": "Outer","Parallel Aware": false,"Async Capable": false,"Join Type": "Inner","Startup Cost": 1.14,"Total Cost": 40354.00,"Plan Rows": 51,"Plan Width": 31,"Actual Startup Time": 0.384,"Actual Total Time": 987.825,"Actual Rows": 108863,"Actual Loops": 3,"Inner Unique": true,"Workers": [],"Plans": [{"Node Type": "Nested Loop","Parent Relationship": "Outer","Parallel Aware": false,"Async Capable": false,"Join Type": "Inner","Startup Cost": 0.86,"Total Cost": 40338.56,"Plan Rows": 51,"Plan Width": 35,"Actual Startup Time": 0.287,"Actual Total Time": 802.632,"Actual Rows": 108863,"Actual Loops": 3,"Inner Unique": false,"Workers": [],"Plans": [{"Node Type": "Nested Loop","Parent Relationship": "Outer","Parallel Aware": false,"Async Capable": false,"Join Type": "Inner","Startup Cost": 0.42,"Total Cost": 22456.59,"Plan Rows": 16835,"Plan Width": 18,"Actual Startup Time": 0.178,"Actual Total Time": 118.628,"Actual Rows": 14540,"Actual Loops": 3,"Inner Unique": false,"Workers": [],"Plans": [{"Node Type": "Seq Scan","Parent Relationship": "Outer","Parallel Aware": true,"Async Capable": false,"Relation Name": "part","Alias": "part","Startup Cost": 0.00,"Total Cost": 5138.67,"Plan Rows": 4209,"Plan Width": 4,"Actual Startup Time": 0.055,"Actual Total Time": 50.445,"Actual Rows": 3635,"Actual Loops": 3,"Filter": "((p_name)::text ~~ '%powder%'::text)","Rows Removed by Filter": 63032,"Workers": []},{"Node Type": "Index Scan","Parent Relationship": "Inner","Parallel Aware": false,"Async Capable": false,"Scan Direction": "Forward","Index Name": "idx_partsupp_partkey","Relation Name": "partsupp","Alias": "partsupp","Startup Cost": 0.42,"Total Cost": 4.07,"Plan Rows": 4,"Plan Width": 14,"Actual Startup Time": 0.014,"Actual Total Time": 0.018,"Actual Rows": 4,"Actual Loops": 10905,"Index Cond": "(ps_partkey = part.p_partkey)","Rows Removed by Index Recheck": 0,"Workers": []}]},{"Node Type": "Index Scan","Parent Relationship": "Inner","Parallel Aware": false,"Async Capable": false,"Scan Direction": "Forward","Index Name": "idx_lineitem_part_supp","Relation Name": "lineitem","Alias": "lineitem","Startup Cost": 0.43,"Total Cost": 1.05,"Plan Rows": 1,"Plan Width": 29,"Actual Startup Time": 0.007,"Actual Total Time": 0.045,"Actual Rows": 7,"Actual Loops": 43620,"Index Cond": "((l_partkey = partsupp.ps_partkey) AND (l_suppkey = partsupp.ps_suppkey))","Rows Removed by Index Recheck": 0,"Workers": []}]},{"Node Type": "Index Scan","Parent Relationship": "Inner","Parallel Aware": false,"Async Capable": false,"Scan Direction": "Forward","Index Name": "supplier_pkey","Relation Name": "supplier","Alias": "supplier","Startup Cost": 0.29,"Total Cost": 0.30,"Plan Rows": 1,"Plan Width": 8,"Actual Startup Time": 0.001,"Actual Total Time": 0.001,"Actual Rows": 1,"Actual Loops": 326589,"Index Cond": "(s_suppkey = lineitem.l_suppkey)","Rows Removed by Index Recheck": 0,"Workers": []}]},{"Node Type": "Index Scan","Parent Relationship": "Inner","Parallel Aware": false,"Async Capable": false,"Scan Direction": "Forward","Index Name": "orders_pkey","Relation Name": "orders","Alias": "orders","Startup Cost": 0.43,"Total Cost": 0.47,"Plan Rows": 1,"Plan Width": 8,"Actual Startup Time": 0.010,"Actual Total Time": 0.010,"Actual Rows": 1,"Actual Loops": 326589,"Index Cond": "(o_orderkey = lineitem.l_orderkey)","Rows Removed by Index Recheck": 0,"Workers": []}]},{"Node Type": "Hash","Parent Relationship": "Inner","Parallel Aware": false,"Async Capable": false,"Startup Cost": 1.25,"Total Cost": 1.25,"Plan Rows": 25,"Plan Width": 108,"Actual Startup Time": 0.092,"Actual Total Time": 0.101,"Actual Rows": 25,"Actual Loops": 3,"Hash Buckets": 1024,"Original Hash Buckets": 1024,"Hash Batches": 1,"Original Hash Batches": 1,"Peak Memory Usage": 10,"Workers": [],"Plans": [{"Node Type": "Seq Scan","Parent Relationship": "Outer","Parallel Aware": false,"Async Capable": false,"Relation Name": "nation","Alias": "nation","Startup Cost": 0.00,"Total Cost": 1.25,"Plan Rows": 25,"Plan Width": 108,"Actual Startup Time": 0.056,"Actual Total Time": 0.062,"Actual Rows": 25,"Actual Loops": 3,"Workers": []}]}]}]}]}]}]},"Planning Time": 11.856,"Triggers": [],"Execution Time": 2578.474}]
[{"Plan": {"Node Type": "Aggregate","Strategy": "Sorted","Partial Mode": "Finalize","Parallel Aware": false,"Async Capable": false,"Startup Cost": 46348.90,"Total Cost": 46374.41,"Plan Rows": 170,"Plan Width": 168,"Actual Startup Time": 1758.233,"Actual Total Time": 1875.547,"Actual Rows": 175,"Actual Loops": 1,"Group Key": ["nation.n_name", "(EXTRACT(year FROM orders.o_orderdate))"],"Plans": [{"Node Type": "Gather Merge","Parent Relationship": "Outer","Parallel Aware": false,"Async Capable": false,"Startup Cost": 46348.90,"Total Cost": 46370.21,"Plan Rows": 165,"Plan Width": 168,"Actual Startup Time": 1756.865,"Actual Total Time": 1875.050,"Actual Rows": 700,"Actual Loops": 1,"Workers Planned": 3,"Workers Launched": 3,"Plans": [{"Node Type": "Aggregate","Strategy": "Sorted","Partial Mode": "Partial","Parent Relationship": "Outer","Parallel Aware": false,"Async Capable": false,"Startup Cost": 45348.86,"Total Cost": 45350.79,"Plan Rows": 55,"Plan Width": 168,"Actual Startup Time": 1673.664,"Actual Total Time": 1769.994,"Actual Rows": 175,"Actual Loops": 4,"Group Key": ["nation.n_name", "(EXTRACT(year FROM orders.o_orderdate))"],"Workers": [],"Plans": [{"Node Type": "Sort","Parent Relationship": "Outer","Parallel Aware": false,"Async Capable": false,"Startup Cost": 45348.86,"Total Cost": 45349.00,"Plan Rows": 55,"Plan Width": 159,"Actual Startup Time": 1673.252,"Actual Total Time": 1706.988,"Actual Rows": 83328,"Actual Loops": 4,"Sort Key": ["nation.n_name", "(EXTRACT(year FROM orders.o_orderdate)) DESC"],"Sort Method": "quicksort","Sort Space Used": 11554,"Sort Space Type": "Memory","Workers": [{"Worker Number": 0,"Sort Method": "quicksort","Sort Space Used": 11442,"Sort Space Type": "Memory"},{"Worker Number": 1,"Sort Method": "quicksort","Sort Space Used": 11267,"Sort Space Type": "Memory"},{"Worker Number": 2,"Sort Method": "quicksort","Sort Space Used": 11217,"Sort Space Type": "Memory"}],"Plans": [{"Node Type": "Hash Join","Parent Relationship": "Outer","Parallel Aware": false,"Async Capable": false,"Join Type": "Inner","Startup Cost": 5215.02,"Total Cost": 45347.27,"Plan Rows": 55,"Plan Width": 159,"Actual Startup Time": 21.738,"Actual Total Time": 1570.538,"Actual Rows": 83328,"Actual Loops": 4,"Inner Unique": true,"Hash Cond": "(supplier.s_nationkey = nation.n_nationkey)","Workers": [],"Plans": [{"Node Type": "Nested Loop","Parent Relationship": "Outer","Parallel Aware": false,"Async Capable": false,"Join Type": "Inner","Startup Cost": 5213.46,"Total Cost": 45345.40,"Plan Rows": 55,"Plan Width": 31,"Actual Startup Time": 21.537,"Actual Total Time": 1546.521,"Actual Rows": 83328,"Actual Loops": 4,"Inner Unique": true,"Workers": [],"Plans": [{"Node Type": "Nested Loop","Parent Relationship": "Outer","Parallel Aware": false,"Async Capable": false,"Join Type": "Inner","Startup Cost": 5213.03,"Total Cost": 45319.82,"Plan Rows": 55,"Plan Width": 31,"Actual Startup Time": 21.473,"Actual Total Time": 802.646,"Actual Rows": 83328,"Actual Loops": 4,"Inner Unique": true,"Workers": [],"Plans": [{"Node Type": "Nested Loop","Parent Relationship": "Outer","Parallel Aware": false,"Async Capable": false,"Join Type": "Inner","Startup Cost": 5212.75,"Total Cost": 45303.17,"Plan Rows": 55,"Plan Width": 35,"Actual Startup Time": 21.432,"Actual Total Time": 663.395,"Actual Rows": 83328,"Actual Loops": 4,"Inner Unique": false,"Workers": [],"Plans": [{"Node Type": "Hash Join","Parent Relationship": "Outer","Parallel Aware": true,"Async Capable": false,"Join Type": "Inner","Startup Cost": 5212.32,"Total Cost": 25921.39,"Plan Rows": 18247,"Plan Width": 18,"Actual Startup Time": 21.375,"Actual Total Time": 197.392,"Actual Rows": 11082,"Actual Loops": 4,"Inner Unique": true,"Hash Cond": "(partsupp.ps_partkey = part.p_partkey)","Workers": [],"Plans": [{"Node Type": "Seq Scan","Parent Relationship": "Outer","Parallel Aware": true,"Async Capable": false,"Relation Name": "partsupp","Alias": "partsupp","Startup Cost": 0.00,"Total Cost": 20031.65,"Plan Rows": 258065,"Plan Width": 14,"Actual Startup Time": 0.017,"Actual Total Time": 42.711,"Actual Rows": 200000,"Actual Loops": 4,"Workers": []},{"Node Type": "Hash","Parent Relationship": "Inner","Parallel Aware": true,"Async Capable": false,"Startup Cost": 5138.67,"Total Cost": 5138.67,"Plan Rows": 5892,"Plan Width": 4,"Actual Startup Time": 21.186,"Actual Total Time": 21.198,"Actual Rows": 2770,"Actual Loops": 4,"Hash Buckets": 16384,"Original Hash Buckets": 16384,"Hash Batches": 1,"Original Hash Batches": 1,"Peak Memory Usage": 608,"Workers": [],"Plans": [{"Node Type": "Seq Scan","Parent Relationship": "Outer","Parallel Aware": true,"Async Capable": false,"Relation Name": "part","Alias": "part","Startup Cost": 0.00,"Total Cost": 5138.67,"Plan Rows": 5892,"Plan Width": 4,"Actual Startup Time": 0.056,"Actual Total Time": 19.572,"Actual Rows": 2770,"Actual Loops": 4,"Filter": "((p_name)::text ~~ '%cyan%'::text)","Rows Removed by Filter": 47230,"Workers": []}]}]},{"Node Type": "Index Scan","Parent Relationship": "Inner","Parallel Aware": false,"Async Capable": false,"Scan Direction": "Forward","Index Name": "idx_lineitem_part_supp","Relation Name": "lineitem","Alias": "lineitem","Startup Cost": 0.43,"Total Cost": 1.05,"Plan Rows": 1,"Plan Width": 29,"Actual Startup Time": 0.006,"Actual Total Time": 0.040,"Actual Rows": 8,"Actual Loops": 44328,"Index Cond": "((l_partkey = partsupp.ps_partkey) AND (l_suppkey = partsupp.ps_suppkey))","Rows Removed by Index Recheck": 0,"Workers": []}]},{"Node Type": "Index Scan","Parent Relationship": "Inner","Parallel Aware": false,"Async Capable": false,"Scan Direction": "Forward","Index Name": "supplier_pkey","Relation Name": "supplier","Alias": "supplier","Startup Cost": 0.29,"Total Cost": 0.30,"Plan Rows": 1,"Plan Width": 8,"Actual Startup Time": 0.001,"Actual Total Time": 0.001,"Actual Rows": 1,"Actual Loops": 333310,"Index Cond": "(s_suppkey = lineitem.l_suppkey)","Rows Removed by Index Recheck": 0,"Workers": []}]},{"Node Type": "Index Scan","Parent Relationship": "Inner","Parallel Aware": false,"Async Capable": false,"Scan Direction": "Forward","Index Name": "orders_pkey","Relation Name": "orders","Alias": "orders","Startup Cost": 0.43,"Total Cost": 0.47,"Plan Rows": 1,"Plan Width": 8,"Actual Startup Time": 0.009,"Actual Total Time": 0.009,"Actual Rows": 1,"Actual Loops": 333310,"Index Cond": "(o_orderkey = lineitem.l_orderkey)","Rows Removed by Index Recheck": 0,"Workers": []}]},{"Node Type": "Hash","Parent Relationship": "Inner","Parallel Aware": false,"Async Capable": false,"Startup Cost": 1.25,"Total Cost": 1.25,"Plan Rows": 25,"Plan Width": 108,"Actual Startup Time": 0.090,"Actual Total Time": 0.098,"Actual Rows": 25,"Actual Loops": 4,"Hash Buckets": 1024,"Original Hash Buckets": 1024,"Hash Batches": 1,"Original Hash Batches": 1,"Peak Memory Usage": 10,"Workers": [],"Plans": [{"Node Type": "Seq Scan","Parent Relationship": "Outer","Parallel Aware": false,"Async Capable": false,"Relation Name": "nation","Alias": "nation","Startup Cost": 0.00,"Total Cost": 1.25,"Plan Rows": 25,"Plan Width": 108,"Actual Startup Time": 0.055,"Actual Total Time": 0.063,"Actual Rows": 25,"Actual Loops": 4,"Workers": []}]}]}]}]}]}]},"Planning Time": 12.548,"Triggers": [],"Execution Time": 1876.920}]
[{"Plan": {"Node Type": "Aggregate","Strategy": "Sorted","Partial Mode": "Finalize","Parallel Aware": false,"Async Capable": false,"Startup Cost": 46348.90,"Total Cost": 46374.41,"Plan Rows": 170,"Plan Width": 168,"Actual Startup Time": 1721.900,"Actual Total Time": 1830.646,"Actual Rows": 175,"Actual Loops": 1,"Group Key": ["nation.n_name", "(EXTRACT(year FROM orders.o_orderdate))"],"Plans": [{"Node Type": "Gather Merge","Parent Relationship": "Outer","Parallel Aware": false,"Async Capable": false,"Startup Cost": 46348.90,"Total Cost": 46370.21,"Plan Rows": 165,"Plan Width": 168,"Actual Startup Time": 1720.280,"Actual Total Time": 1830.173,"Actual Rows": 700,"Actual Loops": 1,"Workers Planned": 3,"Workers Launched": 3,"Plans": [{"Node Type": "Aggregate","Strategy": "Sorted","Partial Mode": "Partial","Parent Relationship": "Outer","Parallel Aware": false,"Async Capable": false,"Startup Cost": 45348.86,"Total Cost": 45350.79,"Plan Rows": 55,"Plan Width": 168,"Actual Startup Time": 1654.475,"Actual Total Time": 1741.275,"Actual Rows": 175,"Actual Loops": 4,"Group Key": ["nation.n_name", "(EXTRACT(year FROM orders.o_orderdate))"],"Workers": [],"Plans": [{"Node Type": "Sort","Parent Relationship": "Outer","Parallel Aware": false,"Async Capable": false,"Startup Cost": 45348.86,"Total Cost": 45349.00,"Plan Rows": 55,"Plan Width": 159,"Actual Startup Time": 1654.136,"Actual Total Time": 1680.723,"Actual Rows": 82316,"Actual Loops": 4,"Sort Key": ["nation.n_name", "(EXTRACT(year FROM orders.o_orderdate)) DESC"],"Sort Method": "quicksort","Sort Space Used": 11440,"Sort Space Type": "Memory","Workers": [{"Worker Number": 0,"Sort Method": "quicksort","Sort Space Used": 11396,"Sort Space Type": "Memory"},{"Worker Number": 1,"Sort Method": "quicksort","Sort Space Used": 11133,"Sort Space Type": "Memory"},{"Worker Number": 2,"Sort Method": "quicksort","Sort Space Used": 11106,"Sort Space Type": "Memory"}],"Plans": [{"Node Type": "Hash Join","Parent Relationship": "Outer","Parallel Aware": false,"Async Capable": false,"Join Type": "Inner","Startup Cost": 5215.02,"Total Cost": 45347.27,"Plan Rows": 55,"Plan Width": 159,"Actual Startup Time": 22.420,"Actual Total Time": 1553.173,"Actual Rows": 82316,"Actual Loops": 4,"Inner Unique": true,"Hash Cond": "(supplier.s_nationkey = nation.n_nationkey)","Workers": [],"Plans": [{"Node Type": "Nested Loop","Parent Relationship": "Outer","Parallel Aware": false,"Async Capable": false,"Join Type": "Inner","Startup Cost": 5213.46,"Total Cost": 45345.40,"Plan Rows": 55,"Plan Width": 31,"Actual Startup Time": 22.259,"Actual Total Time": 1529.513,"Actual Rows": 82316,"Actual Loops": 4,"Inner Unique": true,"Workers": [],"Plans": [{"Node Type": "Nested Loop","Parent Relationship": "Outer","Parallel Aware": false,"Async Capable": false,"Join Type": "Inner","Startup Cost": 5213.03,"Total Cost": 45319.82,"Plan Rows": 55,"Plan Width": 31,"Actual Startup Time": 22.154,"Actual Total Time": 794.323,"Actual Rows": 82316,"Actual Loops": 4,"Inner Unique": true,"Workers": [],"Plans": [{"Node Type": "Nested Loop","Parent Relationship": "Outer","Parallel Aware": false,"Async Capable": false,"Join Type": "Inner","Startup Cost": 5212.75,"Total Cost": 45303.17,"Plan Rows": 55,"Plan Width": 35,"Actual Startup Time": 22.102,"Actual Total Time": 656.654,"Actual Rows": 82316,"Actual Loops": 4,"Inner Unique": false,"Workers": [],"Plans": [{"Node Type": "Hash Join","Parent Relationship": "Outer","Parallel Aware": true,"Async Capable": false,"Join Type": "Inner","Startup Cost": 5212.32,"Total Cost": 25921.39,"Plan Rows": 18247,"Plan Width": 18,"Actual Startup Time": 22.020,"Actual Total Time": 197.924,"Actual Rows": 10995,"Actual Loops": 4,"Inner Unique": true,"Hash Cond": "(partsupp.ps_partkey = part.p_partkey)","Workers": [],"Plans": [{"Node Type": "Seq Scan","Parent Relationship": "Outer","Parallel Aware": true,"Async Capable": false,"Relation Name": "partsupp","Alias": "partsupp","Startup Cost": 0.00,"Total Cost": 20031.65,"Plan Rows": 258065,"Plan Width": 14,"Actual Startup Time": 0.022,"Actual Total Time": 42.354,"Actual Rows": 200000,"Actual Loops": 4,"Workers": []},{"Node Type": "Hash","Parent Relationship": "Inner","Parallel Aware": true,"Async Capable": false,"Startup Cost": 5138.67,"Total Cost": 5138.67,"Plan Rows": 5892,"Plan Width": 4,"Actual Startup Time": 21.785,"Actual Total Time": 21.794,"Actual Rows": 2749,"Actual Loops": 4,"Hash Buckets": 16384,"Original Hash Buckets": 16384,"Hash Batches": 1,"Original Hash Batches": 1,"Peak Memory Usage": 640,"Workers": [],"Plans": [{"Node Type": "Seq Scan","Parent Relationship": "Outer","Parallel Aware": true,"Async Capable": false,"Relation Name": "part","Alias": "part","Startup Cost": 0.00,"Total Cost": 5138.67,"Plan Rows": 5892,"Plan Width": 4,"Actual Startup Time": 0.084,"Actual Total Time": 20.105,"Actual Rows": 2749,"Actual Loops": 4,"Filter": "((p_name)::text ~~ '%hot%'::text)","Rows Removed by Filter": 47251,"Workers": []}]}]},{"Node Type": "Index Scan","Parent Relationship": "Inner","Parallel Aware": false,"Async Capable": false,"Scan Direction": "Forward","Index Name": "idx_lineitem_part_supp","Relation Name": "lineitem","Alias": "lineitem","Startup Cost": 0.43,"Total Cost": 1.05,"Plan Rows": 1,"Plan Width": 29,"Actual Startup Time": 0.006,"Actual Total Time": 0.040,"Actual Rows": 7,"Actual Loops": 43980,"Index Cond": "((l_partkey = partsupp.ps_partkey) AND (l_suppkey = partsupp.ps_suppkey))","Rows Removed by Index Recheck": 0,"Workers": []}]},{"Node Type": "Index Scan","Parent Relationship": "Inner","Parallel Aware": false,"Async Capable": false,"Scan Direction": "Forward","Index Name": "supplier_pkey","Relation Name": "supplier","Alias": "supplier","Startup Cost": 0.29,"Total Cost": 0.30,"Plan Rows": 1,"Plan Width": 8,"Actual Startup Time": 0.001,"Actual Total Time": 0.001,"Actual Rows": 1,"Actual Loops": 329264,"Index Cond": "(s_suppkey = lineitem.l_suppkey)","Rows Removed by Index Recheck": 0,"Workers": []}]},{"Node Type": "Index Scan","Parent Relationship": "Inner","Parallel Aware": false,"Async Capable": false,"Scan Direction": "Forward","Index Name": "orders_pkey","Relation Name": "orders","Alias": "orders","Startup Cost": 0.43,"Total Cost": 0.47,"Plan Rows": 1,"Plan Width": 8,"Actual Startup Time": 0.009,"Actual Total Time": 0.009,"Actual Rows": 1,"Actual Loops": 329264,"Index Cond": "(o_orderkey = lineitem.l_orderkey)","Rows Removed by Index Recheck": 0,"Workers": []}]},{"Node Type": "Hash","Parent Relationship": "Inner","Parallel Aware": false,"Async Capable": false,"Startup Cost": 1.25,"Total Cost": 1.25,"Plan Rows": 25,"Plan Width": 108,"Actual Startup Time": 0.067,"Actual Total Time": 0.073,"Actual Rows": 25,"Actual Loops": 4,"Hash Buckets": 1024,"Original Hash Buckets": 1024,"Hash Batches": 1,"Original Hash Batches": 1,"Peak Memory Usage": 10,"Workers": [],"Plans": [{"Node Type": "Seq Scan","Parent Relationship": "Outer","Parallel Aware": false,"Async Capable": false,"Relation Name": "nation","Alias": "nation","Startup Cost": 0.00,"Total Cost": 1.25,"Plan Rows": 25,"Plan Width": 108,"Actual Startup Time": 0.046,"Actual Total Time": 0.051,"Actual Rows": 25,"Actual Loops": 4,"Workers": []}]}]}]}]}]}]},"Planning Time": 11.474,"Triggers": [],"Execution Time": 1832.228}]
[{"Plan": {"Node Type": "Aggregate","Strategy": "Sorted","Partial Mode": "Finalize","Parallel Aware": false,"Async Capable": false,"Startup Cost": 47355.08,"Total Cost": 47374.71,"Plan Rows": 146,"Plan Width": 168,"Actual Startup Time": 2378.458,"Actual Total Time": 2522.697,"Actual Rows": 175,"Actual Loops": 1,"Group Key": ["nation.n_name", "(EXTRACT(year FROM orders.o_orderdate))"],"Plans": [{"Node Type": "Gather Merge","Parent Relationship": "Outer","Parallel Aware": false,"Async Capable": false,"Startup Cost": 47355.08,"Total Cost": 47371.30,"Plan Rows": 122,"Plan Width": 168,"Actual Startup Time": 2377.513,"Actual Total Time": 2522.343,"Actual Rows": 525,"Actual Loops": 1,"Workers Planned": 2,"Workers Launched": 2,"Plans": [{"Node Type": "Aggregate","Strategy": "Sorted","Partial Mode": "Partial","Parent Relationship": "Outer","Parallel Aware": false,"Async Capable": false,"Startup Cost": 46355.06,"Total Cost": 46357.20,"Plan Rows": 61,"Plan Width": 168,"Actual Startup Time": 2288.556,"Actual Total Time": 2417.572,"Actual Rows": 175,"Actual Loops": 3,"Group Key": ["nation.n_name", "(EXTRACT(year FROM orders.o_orderdate))"],"Workers": [],"Plans": [{"Node Type": "Sort","Parent Relationship": "Outer","Parallel Aware": false,"Async Capable": false,"Startup Cost": 46355.06,"Total Cost": 46355.21,"Plan Rows": 61,"Plan Width": 159,"Actual Startup Time": 2288.214,"Actual Total Time": 2333.035,"Actual Rows": 106468,"Actual Loops": 3,"Sort Key": ["nation.n_name", "(EXTRACT(year FROM orders.o_orderdate)) DESC"],"Sort Method": "quicksort","Sort Space Used": 14402,"Sort Space Type": "Memory","Workers": [{"Worker Number": 0,"Sort Method": "quicksort","Sort Space Used": 13293,"Sort Space Type": "Memory"},{"Worker Number": 1,"Sort Method": "quicksort","Sort Space Used": 13330,"Sort Space Type": "Memory"}],"Plans": [{"Node Type": "Hash Join","Parent Relationship": "Outer","Parallel Aware": false,"Async Capable": false,"Join Type": "Inner","Startup Cost": 3.13,"Total Cost": 46353.25,"Plan Rows": 61,"Plan Width": 159,"Actual Startup Time": 0.765,"Actual Total Time": 2146.837,"Actual Rows": 106468,"Actual Loops": 3,"Inner Unique": true,"Hash Cond": "(supplier.s_nationkey = nation.n_nationkey)","Workers": [],"Plans": [{"Node Type": "Nested Loop","Parent Relationship": "Outer","Parallel Aware": false,"Async Capable": false,"Join Type": "Inner","Startup Cost": 1.57,"Total Cost": 46351.35,"Plan Rows": 61,"Plan Width": 31,"Actual Startup Time": 0.566,"Actual Total Time": 2116.014,"Actual Rows": 106468,"Actual Loops": 3,"Inner Unique": true,"Workers": [],"Plans": [{"Node Type": "Nested Loop","Parent Relationship": "Outer","Parallel Aware": false,"Async Capable": false,"Join Type": "Inner","Startup Cost": 1.14,"Total Cost": 46322.98,"Plan Rows": 61,"Plan Width": 31,"Actual Startup Time": 0.424,"Actual Total Time": 986.299,"Actual Rows": 106468,"Actual Loops": 3,"Inner Unique": true,"Workers": [],"Plans": [{"Node Type": "Nested Loop","Parent Relationship": "Outer","Parallel Aware": false,"Async Capable": false,"Join Type": "Inner","Startup Cost": 0.86,"Total Cost": 46304.52,"Plan Rows": 61,"Plan Width": 35,"Actual Startup Time": 0.322,"Actual Total Time": 804.474,"Actual Rows": 106468,"Actual Loops": 3,"Inner Unique": false,"Workers": [],"Plans": [{"Node Type": "Nested Loop","Parent Relationship": "Outer","Parallel Aware": false,"Async Capable": false,"Join Type": "Inner","Startup Cost": 0.42,"Total Cost": 24846.16,"Plan Rows": 20202,"Plan Width": 18,"Actual Startup Time": 0.207,"Actual Total Time": 112.316,"Actual Rows": 14219,"Actual Loops": 3,"Inner Unique": false,"Workers": [],"Plans": [{"Node Type": "Seq Scan","Parent Relationship": "Outer","Parallel Aware": true,"Async Capable": false,"Relation Name": "part","Alias": "part","Startup Cost": 0.00,"Total Cost": 5138.67,"Plan Rows": 5051,"Plan Width": 4,"Actual Startup Time": 0.062,"Actual Total Time": 48.140,"Actual Rows": 3555,"Actual Loops": 3,"Filter": "((p_name)::text ~~ '%green%'::text)","Rows Removed by Filter": 63112,"Workers": []},{"Node Type": "Index Scan","Parent Relationship": "Inner","Parallel Aware": false,"Async Capable": false,"Scan Direction": "Forward","Index Name": "idx_partsupp_partkey","Relation Name": "partsupp","Alias": "partsupp","Startup Cost": 0.42,"Total Cost": 3.86,"Plan Rows": 4,"Plan Width": 14,"Actual Startup Time": 0.014,"Actual Total Time": 0.017,"Actual Rows": 4,"Actual Loops": 10664,"Index Cond": "(ps_partkey = part.p_partkey)","Rows Removed by Index Recheck": 0,"Workers": []}]},{"Node Type": "Index Scan","Parent Relationship": "Inner","Parallel Aware": false,"Async Capable": false,"Scan Direction": "Forward","Index Name": "idx_lineitem_part_supp","Relation Name": "lineitem","Alias": "lineitem","Startup Cost": 0.43,"Total Cost": 1.05,"Plan Rows": 1,"Plan Width": 29,"Actual Startup Time": 0.007,"Actual Total Time": 0.047,"Actual Rows": 7,"Actual Loops": 42656,"Index Cond": "((l_partkey = partsupp.ps_partkey) AND (l_suppkey = partsupp.ps_suppkey))","Rows Removed by Index Recheck": 0,"Workers": []}]},{"Node Type": "Index Scan","Parent Relationship": "Inner","Parallel Aware": false,"Async Capable": false,"Scan Direction": "Forward","Index Name": "supplier_pkey","Relation Name": "supplier","Alias": "supplier","Startup Cost": 0.29,"Total Cost": 0.30,"Plan Rows": 1,"Plan Width": 8,"Actual Startup Time": 0.001,"Actual Total Time": 0.001,"Actual Rows": 1,"Actual Loops": 319404,"Index Cond": "(s_suppkey = lineitem.l_suppkey)","Rows Removed by Index Recheck": 0,"Workers": []}]},{"Node Type": "Index Scan","Parent Relationship": "Inner","Parallel Aware": false,"Async Capable": false,"Scan Direction": "Forward","Index Name": "orders_pkey","Relation Name": "orders","Alias": "orders","Startup Cost": 0.43,"Total Cost": 0.47,"Plan Rows": 1,"Plan Width": 8,"Actual Startup Time": 0.010,"Actual Total Time": 0.010,"Actual Rows": 1,"Actual Loops": 319404,"Index Cond": "(o_orderkey = lineitem.l_orderkey)","Rows Removed by Index Recheck": 0,"Workers": []}]},{"Node Type": "Hash","Parent Relationship": "Inner","Parallel Aware": false,"Async Capable": false,"Startup Cost": 1.25,"Total Cost": 1.25,"Plan Rows": 25,"Plan Width": 108,"Actual Startup Time": 0.086,"Actual Total Time": 0.098,"Actual Rows": 25,"Actual Loops": 3,"Hash Buckets": 1024,"Original Hash Buckets": 1024,"Hash Batches": 1,"Original Hash Batches": 1,"Peak Memory Usage": 10,"Workers": [],"Plans": [{"Node Type": "Seq Scan","Parent Relationship": "Outer","Parallel Aware": false,"Async Capable": false,"Relation Name": "nation","Alias": "nation","Startup Cost": 0.00,"Total Cost": 1.25,"Plan Rows": 25,"Plan Width": 108,"Actual Startup Time": 0.058,"Actual Total Time": 0.065,"Actual Rows": 25,"Actual Loops": 3,"Workers": []}]}]}]}]}]}]},"Planning Time": 11.140,"Triggers": [],"Execution Time": 2525.518}]
[{"Plan": {"Node Type": "Aggregate","Strategy": "Sorted","Partial Mode": "Finalize","Parallel Aware": false,"Async Capable": false,"Startup Cost": 41381.04,"Total Cost": 41397.45,"Plan Rows": 122,"Plan Width": 168,"Actual Startup Time": 2398.876,"Actual Total Time": 2534.179,"Actual Rows": 175,"Actual Loops": 1,"Group Key": ["nation.n_name", "(EXTRACT(year FROM orders.o_orderdate))"],"Plans": [{"Node Type": "Gather Merge","Parent Relationship": "Outer","Parallel Aware": false,"Async Capable": false,"Startup Cost": 41381.04,"Total Cost": 41394.60,"Plan Rows": 102,"Plan Width": 168,"Actual Startup Time": 2396.898,"Actual Total Time": 2533.741,"Actual Rows": 525,"Actual Loops": 1,"Workers Planned": 2,"Workers Launched": 2,"Plans": [{"Node Type": "Aggregate","Strategy": "Sorted","Partial Mode": "Partial","Parent Relationship": "Outer","Parallel Aware": false,"Async Capable": false,"Startup Cost": 40381.01,"Total Cost": 40382.80,"Plan Rows": 51,"Plan Width": 168,"Actual Startup Time": 2301.409,"Actual Total Time": 2413.967,"Actual Rows": 175,"Actual Loops": 3,"Group Key": ["nation.n_name", "(EXTRACT(year FROM orders.o_orderdate))"],"Workers": [],"Plans": [{"Node Type": "Sort","Parent Relationship": "Outer","Parallel Aware": false,"Async Capable": false,"Startup Cost": 40381.01,"Total Cost": 40381.14,"Plan Rows": 51,"Plan Width": 159,"Actual Startup Time": 2300.764,"Actual Total Time": 2336.333,"Actual Rows": 108510,"Actual Loops": 3,"Sort Key": ["nation.n_name", "(EXTRACT(year FROM orders.o_orderdate)) DESC"],"Sort Method": "quicksort","Sort Space Used": 13476,"Sort Space Type": "Memory","Workers": [{"Worker Number": 0,"Sort Method": "quicksort","Sort Space Used": 13859,"Sort Space Type": "Memory"},{"Worker Number": 1,"Sort Method": "quicksort","Sort Space Used": 14299,"Sort Space Type": "Memory"}],"Plans": [{"Node Type": "Hash Join","Parent Relationship": "Outer","Parallel Aware": false,"Async Capable": false,"Join Type": "Inner","Startup Cost": 3.13,"Total Cost": 40379.57,"Plan Rows": 51,"Plan Width": 159,"Actual Startup Time": 0.700,"Actual Total Time": 2152.971,"Actual Rows": 108510,"Actual Loops": 3,"Inner Unique": true,"Hash Cond": "(supplier.s_nationkey = nation.n_nationkey)","Workers": [],"Plans": [{"Node Type": "Nested Loop","Parent Relationship": "Outer","Parallel Aware": false,"Async Capable": false,"Join Type": "Inner","Startup Cost": 1.57,"Total Cost": 40377.72,"Plan Rows": 51,"Plan Width": 31,"Actual Startup Time": 0.518,"Actual Total Time": 2121.953,"Actual Rows": 108510,"Actual Loops": 3,"Inner Unique": true,"Workers": [],"Plans": [{"Node Type": "Nested Loop","Parent Relationship": "Outer","Parallel Aware": false,"Async Capable": false,"Join Type": "Inner","Startup Cost": 1.14,"Total Cost": 40354.00,"Plan Rows": 51,"Plan Width": 31,"Actual Startup Time": 0.387,"Actual Total Time": 985.533,"Actual Rows": 108510,"Actual Loops": 3,"Inner Unique": true,"Workers": [],"Plans": [{"Node Type": "Nested Loop","Parent Relationship": "Outer","Parallel Aware": false,"Async Capable": false,"Join Type": "Inner","Startup Cost": 0.86,"Total Cost": 40338.56,"Plan Rows": 51,"Plan Width": 35,"Actual Startup Time": 0.285,"Actual Total Time": 801.596,"Actual Rows": 108510,"Actual Loops": 3,"Inner Unique": false,"Workers": [],"Plans": [{"Node Type": "Nested Loop","Parent Relationship": "Outer","Parallel Aware": false,"Async Capable": false,"Join Type": "Inner","Startup Cost": 0.42,"Total Cost": 22456.59,"Plan Rows": 16835,"Plan Width": 18,"Actual Startup Time": 0.166,"Actual Total Time": 117.519,"Actual Rows": 14491,"Actual Loops": 3,"Inner Unique": false,"Workers": [],"Plans": [{"Node Type": "Seq Scan","Parent Relationship": "Outer","Parallel Aware": true,"Async Capable": false,"Relation Name": "part","Alias": "part","Startup Cost": 0.00,"Total Cost": 5138.67,"Plan Rows": 4209,"Plan Width": 4,"Actual Startup Time": 0.049,"Actual Total Time": 50.202,"Actual Rows": 3623,"Actual Loops": 3,"Filter": "((p_name)::text ~~ '%bisque%'::text)","Rows Removed by Filter": 63044,"Workers": []},{"Node Type": "Index Scan","Parent Relationship": "Inner","Parallel Aware": false,"Async Capable": false,"Scan Direction": "Forward","Index Name": "idx_partsupp_partkey","Relation Name": "partsupp","Alias": "partsupp","Startup Cost": 0.42,"Total Cost": 4.07,"Plan Rows": 4,"Plan Width": 14,"Actual Startup Time": 0.014,"Actual Total Time": 0.018,"Actual Rows": 4,"Actual Loops": 10868,"Index Cond": "(ps_partkey = part.p_partkey)","Rows Removed by Index Recheck": 0,"Workers": []}]},{"Node Type": "Index Scan","Parent Relationship": "Inner","Parallel Aware": false,"Async Capable": false,"Scan Direction": "Forward","Index Name": "idx_lineitem_part_supp","Relation Name": "lineitem","Alias": "lineitem","Startup Cost": 0.43,"Total Cost": 1.05,"Plan Rows": 1,"Plan Width": 29,"Actual Startup Time": 0.007,"Actual Total Time": 0.046,"Actual Rows": 7,"Actual Loops": 43472,"Index Cond": "((l_partkey = partsupp.ps_partkey) AND (l_suppkey = partsupp.ps_suppkey))","Rows Removed by Index Recheck": 0,"Workers": []}]},{"Node Type": "Index Scan","Parent Relationship": "Inner","Parallel Aware": false,"Async Capable": false,"Scan Direction": "Forward","Index Name": "supplier_pkey","Relation Name": "supplier","Alias": "supplier","Startup Cost": 0.29,"Total Cost": 0.30,"Plan Rows": 1,"Plan Width": 8,"Actual Startup Time": 0.001,"Actual Total Time": 0.001,"Actual Rows": 1,"Actual Loops": 325530,"Index Cond": "(s_suppkey = lineitem.l_suppkey)","Rows Removed by Index Recheck": 0,"Workers": []}]},{"Node Type": "Index Scan","Parent Relationship": "Inner","Parallel Aware": false,"Async Capable": false,"Scan Direction": "Forward","Index Name": "orders_pkey","Relation Name": "orders","Alias": "orders","Startup Cost": 0.43,"Total Cost": 0.47,"Plan Rows": 1,"Plan Width": 8,"Actual Startup Time": 0.010,"Actual Total Time": 0.010,"Actual Rows": 1,"Actual Loops": 325530,"Index Cond": "(o_orderkey = lineitem.l_orderkey)","Rows Removed by Index Recheck": 0,"Workers": []}]},{"Node Type": "Hash","Parent Relationship": "Inner","Parallel Aware": false,"Async Capable": false,"Startup Cost": 1.25,"Total Cost": 1.25,"Plan Rows": 25,"Plan Width": 108,"Actual Startup Time": 0.079,"Actual Total Time": 0.096,"Actual Rows": 25,"Actual Loops": 3,"Hash Buckets": 1024,"Original Hash Buckets": 1024,"Hash Batches": 1,"Original Hash Batches": 1,"Peak Memory Usage": 10,"Workers": [],"Plans": [{"Node Type": "Seq Scan","Parent Relationship": "Outer","Parallel Aware": false,"Async Capable": false,"Relation Name": "nation","Alias": "nation","Startup Cost": 0.00,"Total Cost": 1.25,"Plan Rows": 25,"Plan Width": 108,"Actual Startup Time": 0.047,"Actual Total Time": 0.061,"Actual Rows": 25,"Actual Loops": 3,"Workers": []}]}]}]}]}]}]},"Planning Time": 12.274,"Triggers": [],"Execution Time": 2537.205}]
[{"Plan": {"Node Type": "Aggregate","Strategy": "Sorted","Partial Mode": "Finalize","Parallel Aware": false,"Async Capable": false,"Startup Cost": 15191.58,"Total Cost": 15194.80,"Plan Rows": 24,"Plan Width": 168,"Actual Startup Time": 2580.050,"Actual Total Time": 2695.598,"Actual Rows": 175,"Actual Loops": 1,"Group Key": ["nation.n_name", "(EXTRACT(year FROM orders.o_orderdate))"],"Plans": [{"Node Type": "Gather Merge","Parent Relationship": "Outer","Parallel Aware": false,"Async Capable": false,"Startup Cost": 15191.58,"Total Cost": 15194.24,"Plan Rows": 20,"Plan Width": 168,"Actual Startup Time": 2578.182,"Actual Total Time": 2695.139,"Actual Rows": 525,"Actual Loops": 1,"Workers Planned": 2,"Workers Launched": 2,"Plans": [{"Node Type": "Aggregate","Strategy": "Sorted","Partial Mode": "Partial","Parent Relationship": "Outer","Parallel Aware": false,"Async Capable": false,"Startup Cost": 14191.56,"Total Cost": 14191.91,"Plan Rows": 10,"Plan Width": 168,"Actual Startup Time": 2460.574,"Actual Total Time": 2586.008,"Actual Rows": 175,"Actual Loops": 3,"Group Key": ["nation.n_name", "(EXTRACT(year FROM orders.o_orderdate))"],"Workers": [],"Plans": [{"Node Type": "Sort","Parent Relationship": "Outer","Parallel Aware": false,"Async Capable": false,"Startup Cost": 14191.56,"Total Cost": 14191.59,"Plan Rows": 10,"Plan Width": 159,"Actual Startup Time": 2459.945,"Actual Total Time": 2501.002,"Actual Rows": 109962,"Actual Loops": 3,"Sort Key": ["nation.n_name", "(EXTRACT(year FROM orders.o_orderdate)) DESC"],"Sort Method": "quicksort","Sort Space Used": 14734,"Sort Space Type": "Memory","Workers": [{"Worker Number": 0,"Sort Method": "quicksort","Sort Space Used": 13697,"Sort Space Type": "Memory"},{"Worker Number": 1,"Sort Method": "quicksort","Sort Space Used": 13637,"Sort Space Type": "Memory"}],"Plans": [{"Node Type": "Nested Loop","Parent Relationship": "Outer","Parallel Aware": false,"Async Capable": false,"Join Type": "Inner","Startup Cost": 1.71,"Total Cost": 14191.39,"Plan Rows": 10,"Plan Width": 159,"Actual Startup Time": 0.548,"Actual Total Time": 2314.077,"Actual Rows": 109962,"Actual Loops": 3,"Inner Unique": true,"Workers": [],"Plans": [{"Node Type": "Nested Loop","Parent Relationship": "Outer","Parallel Aware": false,"Async Capable": false,"Join Type": "Inner","Startup Cost": 1.57,"Total Cost": 14189.81,"Plan Rows": 10,"Plan Width": 31,"Actual Startup Time": 0.468,"Actual Total Time": 2156.976,"Actual Rows": 109962,"Actual Loops": 3,"Inner Unique": true,"Workers": [],"Plans": [{"Node Type": "Nested Loop","Parent Relationship": "Outer","Parallel Aware": false,"Async Capable": false,"Join Type": "Inner","Startup Cost": 1.14,"Total Cost": 14185.15,"Plan Rows": 10,"Plan Width": 31,"Actual Startup Time": 0.326,"Actual Total Time": 995.510,"Actual Rows": 109962,"Actual Loops": 3,"Inner Unique": true,"Workers": [],"Plans": [{"Node Type": "Nested Loop","Parent Relationship": "Outer","Parallel Aware": false,"Async Capable": false,"Join Type": "Inner","Startup Cost": 0.86,"Total Cost": 14182.13,"Plan Rows": 10,"Plan Width": 35,"Actual Startup Time": 0.255,"Actual Total Time": 803.233,"Actual Rows": 109962,"Actual Loops": 3,"Inner Unique": false,"Workers": [],"Plans": [{"Node Type": "Nested Loop","Parent Relationship": "Outer","Parallel Aware": false,"Async Capable": false,"Join Type": "Inner","Startup Cost": 0.42,"Total Cost": 10605.73,"Plan Rows": 3367,"Plan Width": 18,"Actual Startup Time": 0.152,"Actual Total Time": 120.343,"Actual Rows": 14627,"Actual Loops": 3,"Inner Unique": false,"Workers": [],"Plans": [{"Node Type": "Seq Scan","Parent Relationship": "Outer","Parallel Aware": true,"Async Capable": false,"Relation Name": "part","Alias": "part","Startup Cost": 0.00,"Total Cost": 5138.67,"Plan Rows": 842,"Plan Width": 4,"Actual Startup Time": 0.051,"Actual Total Time": 50.932,"Actual Rows": 3657,"Actual Loops": 3,"Filter": "((p_name)::text ~~ '%almond%'::text)","Rows Removed by Filter": 63010,"Workers": []},{"Node Type": "Index Scan","Parent Relationship": "Inner","Parallel Aware": false,"Async Capable": false,"Scan Direction": "Forward","Index Name": "idx_partsupp_partkey","Relation Name": "partsupp","Alias": "partsupp","Startup Cost": 0.42,"Total Cost": 6.45,"Plan Rows": 4,"Plan Width": 14,"Actual Startup Time": 0.013,"Actual Total Time": 0.018,"Actual Rows": 4,"Actual Loops": 10970,"Index Cond": "(ps_partkey = part.p_partkey)","Rows Removed by Index Recheck": 0,"Workers": []}]},{"Node Type": "Index Scan","Parent Relationship": "Inner","Parallel Aware": false,"Async Capable": false,"Scan Direction": "Forward","Index Name": "idx_lineitem_part_supp","Relation Name": "lineitem","Alias": "lineitem","Startup Cost": 0.43,"Total Cost": 1.05,"Plan Rows": 1,"Plan Width": 29,"Actual Startup Time": 0.007,"Actual Total Time": 0.045,"Actual Rows": 8,"Actual Loops": 43880,"Index Cond": "((l_partkey = partsupp.ps_partkey) AND (l_suppkey = partsupp.ps_suppkey))","Rows Removed by Index Recheck": 0,"Workers": []}]},{"Node Type": "Index Scan","Parent Relationship": "Inner","Parallel Aware": false,"Async Capable": false,"Scan Direction": "Forward","Index Name": "supplier_pkey","Relation Name": "supplier","Alias": "supplier","Startup Cost": 0.29,"Total Cost": 0.30,"Plan Rows": 1,"Plan Width": 8,"Actual Startup Time": 0.001,"Actual Total Time": 0.001,"Actual Rows": 1,"Actual Loops": 329885,"Index Cond": "(s_suppkey = lineitem.l_suppkey)","Rows Removed by Index Recheck": 0,"Workers": []}]},{"Node Type": "Index Scan","Parent Relationship": "Inner","Parallel Aware": false,"Async Capable": false,"Scan Direction": "Forward","Index Name": "orders_pkey","Relation Name": "orders","Alias": "orders","Startup Cost": 0.43,"Total Cost": 0.47,"Plan Rows": 1,"Plan Width": 8,"Actual Startup Time": 0.010,"Actual Total Time": 0.010,"Actual Rows": 1,"Actual Loops": 329885,"Index Cond": "(o_orderkey = lineitem.l_orderkey)","Rows Removed by Index Recheck": 0,"Workers": []}]},{"Node Type": "Index Scan","Parent Relationship": "Inner","Parallel Aware": false,"Async Capable": false,"Scan Direction": "Forward","Index Name": "nation_pkey","Relation Name": "nation","Alias": "nation","Startup Cost": 0.14,"Total Cost": 0.16,"Plan Rows": 1,"Plan Width": 108,"Actual Startup Time": 0.001,"Actual Total Time": 0.001,"Actual Rows": 1,"Actual Loops": 329885,"Index Cond": "(n_nationkey = supplier.s_nationkey)","Rows Removed by Index Recheck": 0,"Workers": []}]}]}]}]}]},"Planning Time": 11.358,"Triggers": [],"Execution Time": 2698.445}]
[{"Plan": {"Node Type": "Aggregate","Strategy": "Sorted","Partial Mode": "Finalize","Parallel Aware": false,"Async Capable": false,"Startup Cost": 35224.41,"Total Cost": 35237.30,"Plan Rows": 97,"Plan Width": 168,"Actual Startup Time": 2434.813,"Actual Total Time": 2617.795,"Actual Rows": 175,"Actual Loops": 1,"Group Key": ["nation.n_name", "(EXTRACT(year FROM orders.o_orderdate))"],"Plans": [{"Node Type": "Gather Merge","Parent Relationship": "Outer","Parallel Aware": false,"Async Capable": false,"Startup Cost": 35224.41,"Total Cost": 35235.05,"Plan Rows": 80,"Plan Width": 168,"Actual Startup Time": 2432.801,"Actual Total Time": 2617.397,"Actual Rows": 525,"Actual Loops": 1,"Workers Planned": 2,"Workers Launched": 2,"Plans": [{"Node Type": "Aggregate","Strategy": "Sorted","Partial Mode": "Partial","Parent Relationship": "Outer","Parallel Aware": false,"Async Capable": false,"Startup Cost": 34224.39,"Total Cost": 34225.79,"Plan Rows": 40,"Plan Width": 168,"Actual Startup Time": 2321.601,"Actual Total Time": 2469.813,"Actual Rows": 175,"Actual Loops": 3,"Group Key": ["nation.n_name", "(EXTRACT(year FROM orders.o_orderdate))"],"Workers": [],"Plans": [{"Node Type": "Sort","Parent Relationship": "Outer","Parallel Aware": false,"Async Capable": false,"Startup Cost": 34224.39,"Total Cost": 34224.49,"Plan Rows": 40,"Plan Width": 159,"Actual Startup Time": 2320.901,"Actual Total Time": 2375.985,"Actual Rows": 108219,"Actual Loops": 3,"Sort Key": ["nation.n_name", "(EXTRACT(year FROM orders.o_orderdate)) DESC"],"Sort Method": "quicksort","Sort Space Used": 14500,"Sort Space Type": "Memory","Workers": [{"Worker Number": 0,"Sort Method": "quicksort","Sort Space Used": 13516,"Sort Space Type": "Memory"},{"Worker Number": 1,"Sort Method": "quicksort","Sort Space Used": 13530,"Sort Space Type": "Memory"}],"Plans": [{"Node Type": "Hash Join","Parent Relationship": "Outer","Parallel Aware": false,"Async Capable": false,"Join Type": "Inner","Startup Cost": 3.13,"Total Cost": 34223.32,"Plan Rows": 40,"Plan Width": 159,"Actual Startup Time": 0.812,"Actual Total Time": 2175.871,"Actual Rows": 108219,"Actual Loops": 3,"Inner Unique": true,"Hash Cond": "(supplier.s_nationkey = nation.n_nationkey)","Workers": [],"Plans": [{"Node Type": "Nested Loop","Parent Relationship": "Outer","Parallel Aware": false,"Async Capable": false,"Join Type": "Inner","Startup Cost": 1.57,"Total Cost": 34221.53,"Plan Rows": 40,"Plan Width": 31,"Actual Startup Time": 0.611,"Actual Total Time": 2144.353,"Actual Rows": 108219,"Actual Loops": 3,"Inner Unique": true,"Workers": [],"Plans": [{"Node Type": "Nested Loop","Parent Relationship": "Outer","Parallel Aware": false,"Async Capable": false,"Join Type": "Inner","Startup Cost": 1.14,"Total Cost": 34202.93,"Plan Rows": 40,"Plan Width": 31,"Actual Startup Time": 0.476,"Actual Total Time": 1001.070,"Actual Rows": 108219,"Actual Loops": 3,"Inner Unique": true,"Workers": [],"Plans": [{"Node Type": "Nested Loop","Parent Relationship": "Outer","Parallel Aware": false,"Async Capable": false,"Join Type": "Inner","Startup Cost": 0.86,"Total Cost": 34190.82,"Plan Rows": 40,"Plan Width": 35,"Actual Startup Time": 0.385,"Actual Total Time": 816.466,"Actual Rows": 108219,"Actual Loops": 3,"Inner Unique": false,"Workers": [],"Plans": [{"Node Type": "Nested Loop","Parent Relationship": "Outer","Parallel Aware": false,"Async Capable": false,"Join Type": "Inner","Startup Cost": 0.42,"Total Cost": 19885.25,"Plan Rows": 13468,"Plan Width": 18,"Actual Startup Time": 0.261,"Actual Total Time": 114.076,"Actual Rows": 14424,"Actual Loops": 3,"Inner Unique": false,"Workers": [],"Plans": [{"Node Type": "Seq Scan","Parent Relationship": "Outer","Parallel Aware": true,"Async Capable": false,"Relation Name": "part","Alias": "part","Startup Cost": 0.00,"Total Cost": 5138.67,"Plan Rows": 3367,"Plan Width": 4,"Actual Startup Time": 0.096,"Actual Total Time": 48.568,"Actual Rows": 3606,"Actual Loops": 3,"Filter": "((p_name)::text ~~ '%plum%'::text)","Rows Removed by Filter": 63061,"Workers": []},{"Node Type": "Index Scan","Parent Relationship": "Inner","Parallel Aware": false,"Async Capable": false,"Scan Direction": "Forward","Index Name": "idx_partsupp_partkey","Relation Name": "partsupp","Alias": "partsupp","Startup Cost": 0.42,"Total Cost": 4.34,"Plan Rows": 4,"Plan Width": 14,"Actual Startup Time": 0.014,"Actual Total Time": 0.017,"Actual Rows": 4,"Actual Loops": 10818,"Index Cond": "(ps_partkey = part.p_partkey)","Rows Removed by Index Recheck": 0,"Workers": []}]},{"Node Type": "Index Scan","Parent Relationship": "Inner","Parallel Aware": false,"Async Capable": false,"Scan Direction": "Forward","Index Name": "idx_lineitem_part_supp","Relation Name": "lineitem","Alias": "lineitem","Startup Cost": 0.43,"Total Cost": 1.05,"Plan Rows": 1,"Plan Width": 29,"Actual Startup Time": 0.007,"Actual Total Time": 0.047,"Actual Rows": 8,"Actual Loops": 43272,"Index Cond": "((l_partkey = partsupp.ps_partkey) AND (l_suppkey = partsupp.ps_suppkey))","Rows Removed by Index Recheck": 0,"Workers": []}]},{"Node Type": "Index Scan","Parent Relationship": "Inner","Parallel Aware": false,"Async Capable": false,"Scan Direction": "Forward","Index Name": "supplier_pkey","Relation Name": "supplier","Alias": "supplier","Startup Cost": 0.29,"Total Cost": 0.30,"Plan Rows": 1,"Plan Width": 8,"Actual Startup Time": 0.001,"Actual Total Time": 0.001,"Actual Rows": 1,"Actual Loops": 324656,"Index Cond": "(s_suppkey = lineitem.l_suppkey)","Rows Removed by Index Recheck": 0,"Workers": []}]},{"Node Type": "Index Scan","Parent Relationship": "Inner","Parallel Aware": false,"Async Capable": false,"Scan Direction": "Forward","Index Name": "orders_pkey","Relation Name": "orders","Alias": "orders","Startup Cost": 0.43,"Total Cost": 0.47,"Plan Rows": 1,"Plan Width": 8,"Actual Startup Time": 0.010,"Actual Total Time": 0.010,"Actual Rows": 1,"Actual Loops": 324656,"Index Cond": "(o_orderkey = lineitem.l_orderkey)","Rows Removed by Index Recheck": 0,"Workers": []}]},{"Node Type": "Hash","Parent Relationship": "Inner","Parallel Aware": false,"Async Capable": false,"Startup Cost": 1.25,"Total Cost": 1.25,"Plan Rows": 25,"Plan Width": 108,"Actual Startup Time": 0.084,"Actual Total Time": 0.092,"Actual Rows": 25,"Actual Loops": 3,"Hash Buckets": 1024,"Original Hash Buckets": 1024,"Hash Batches": 1,"Original Hash Batches": 1,"Peak Memory Usage": 10,"Workers": [],"Plans": [{"Node Type": "Seq Scan","Parent Relationship": "Outer","Parallel Aware": false,"Async Capable": false,"Relation Name": "nation","Alias": "nation","Startup Cost": 0.00,"Total Cost": 1.25,"Plan Rows": 25,"Plan Width": 108,"Actual Startup Time": 0.059,"Actual Total Time": 0.065,"Actual Rows": 25,"Actual Loops": 3,"Workers": []}]}]}]}]}]}]},"Planning Time": 12.232,"Triggers": [],"Execution Time": 2620.668}]
[{"Plan": {"Node Type": "Aggregate","Strategy": "Sorted","Partial Mode": "Finalize","Parallel Aware": false,"Async Capable": false,"Startup Cost": 41381.04,"Total Cost": 41397.45,"Plan Rows": 122,"Plan Width": 168,"Actual Startup Time": 2449.053,"Actual Total Time": 2635.568,"Actual Rows": 175,"Actual Loops": 1,"Group Key": ["nation.n_name", "(EXTRACT(year FROM orders.o_orderdate))"],"Plans": [{"Node Type": "Gather Merge","Parent Relationship": "Outer","Parallel Aware": false,"Async Capable": false,"Startup Cost": 41381.04,"Total Cost": 41394.60,"Plan Rows": 102,"Plan Width": 168,"Actual Startup Time": 2447.324,"Actual Total Time": 2635.159,"Actual Rows": 525,"Actual Loops": 1,"Workers Planned": 2,"Workers Launched": 2,"Plans": [{"Node Type": "Aggregate","Strategy": "Sorted","Partial Mode": "Partial","Parent Relationship": "Outer","Parallel Aware": false,"Async Capable": false,"Startup Cost": 40381.01,"Total Cost": 40382.80,"Plan Rows": 51,"Plan Width": 168,"Actual Startup Time": 2331.740,"Actual Total Time": 2482.748,"Actual Rows": 175,"Actual Loops": 3,"Group Key": ["nation.n_name", "(EXTRACT(year FROM orders.o_orderdate))"],"Workers": [],"Plans": [{"Node Type": "Sort","Parent Relationship": "Outer","Parallel Aware": false,"Async Capable": false,"Startup Cost": 40381.01,"Total Cost": 40381.14,"Plan Rows": 51,"Plan Width": 159,"Actual Startup Time": 2331.039,"Actual Total Time": 2387.406,"Actual Rows": 108809,"Actual Loops": 3,"Sort Key": ["nation.n_name", "(EXTRACT(year FROM orders.o_orderdate)) DESC"],"Sort Method": "quicksort","Sort Space Used": 14620,"Sort Space Type": "Memory","Workers": [{"Worker Number": 0,"Sort Method": "quicksort","Sort Space Used": 13545,"Sort Space Type": "Memory"},{"Worker Number": 1,"Sort Method": "quicksort","Sort Space Used": 13555,"Sort Space Type": "Memory"}],"Plans": [{"Node Type": "Hash Join","Parent Relationship": "Outer","Parallel Aware": false,"Async Capable": false,"Join Type": "Inner","Startup Cost": 3.13,"Total Cost": 40379.57,"Plan Rows": 51,"Plan Width": 159,"Actual Startup Time": 0.737,"Actual Total Time": 2187.041,"Actual Rows": 108809,"Actual Loops": 3,"Inner Unique": true,"Hash Cond": "(supplier.s_nationkey = nation.n_nationkey)","Workers": [],"Plans": [{"Node Type": "Nested Loop","Parent Relationship": "Outer","Parallel Aware": false,"Async Capable": false,"Join Type": "Inner","Startup Cost": 1.57,"Total Cost": 40377.72,"Plan Rows": 51,"Plan Width": 31,"Actual Startup Time": 0.552,"Actual Total Time": 2155.488,"Actual Rows": 108809,"Actual Loops": 3,"Inner Unique": true,"Workers": [],"Plans": [{"Node Type": "Nested Loop","Parent Relationship": "Outer","Parallel Aware": false,"Async Capable": false,"Join Type": "Inner","Startup Cost": 1.14,"Total Cost": 40354.00,"Plan Rows": 51,"Plan Width": 31,"Actual Startup Time": 0.419,"Actual Total Time": 1005.505,"Actual Rows": 108809,"Actual Loops": 3,"Inner Unique": true,"Workers": [],"Plans": [{"Node Type": "Nested Loop","Parent Relationship": "Outer","Parallel Aware": false,"Async Capable": false,"Join Type": "Inner","Startup Cost": 0.86,"Total Cost": 40338.56,"Plan Rows": 51,"Plan Width": 35,"Actual Startup Time": 0.336,"Actual Total Time": 819.466,"Actual Rows": 108809,"Actual Loops": 3,"Inner Unique": false,"Workers": [],"Plans": [{"Node Type": "Nested Loop","Parent Relationship": "Outer","Parallel Aware": false,"Async Capable": false,"Join Type": "Inner","Startup Cost": 0.42,"Total Cost": 22456.59,"Plan Rows": 16835,"Plan Width": 18,"Actual Startup Time": 0.212,"Actual Total Time": 113.652,"Actual Rows": 14564,"Actual Loops": 3,"Inner Unique": false,"Workers": [],"Plans": [{"Node Type": "Seq Scan","Parent Relationship": "Outer","Parallel Aware": true,"Async Capable": false,"Relation Name": "part","Alias": "part","Startup Cost": 0.00,"Total Cost": 5138.67,"Plan Rows": 4209,"Plan Width": 4,"Actual Startup Time": 0.070,"Actual Total Time": 47.906,"Actual Rows": 3641,"Actual Loops": 3,"Filter": "((p_name)::text ~~ '%violet%'::text)","Rows Removed by Filter": 63026,"Workers": []},{"Node Type": "Index Scan","Parent Relationship": "Inner","Parallel Aware": false,"Async Capable": false,"Scan Direction": "Forward","Index Name": "idx_partsupp_partkey","Relation Name": "partsupp","Alias": "partsupp","Startup Cost": 0.42,"Total Cost": 4.07,"Plan Rows": 4,"Plan Width": 14,"Actual Startup Time": 0.013,"Actual Total Time": 0.017,"Actual Rows": 4,"Actual Loops": 10923,"Index Cond": "(ps_partkey = part.p_partkey)","Rows Removed by Index Recheck": 0,"Workers": []}]},{"Node Type": "Index Scan","Parent Relationship": "Inner","Parallel Aware": false,"Async Capable": false,"Scan Direction": "Forward","Index Name": "idx_lineitem_part_supp","Relation Name": "lineitem","Alias": "lineitem","Startup Cost": 0.43,"Total Cost": 1.05,"Plan Rows": 1,"Plan Width": 29,"Actual Startup Time": 0.007,"Actual Total Time": 0.047,"Actual Rows": 7,"Actual Loops": 43692,"Index Cond": "((l_partkey = partsupp.ps_partkey) AND (l_suppkey = partsupp.ps_suppkey))","Rows Removed by Index Recheck": 0,"Workers": []}]},{"Node Type": "Index Scan","Parent Relationship": "Inner","Parallel Aware": false,"Async Capable": false,"Scan Direction": "Forward","Index Name": "supplier_pkey","Relation Name": "supplier","Alias": "supplier","Startup Cost": 0.29,"Total Cost": 0.30,"Plan Rows": 1,"Plan Width": 8,"Actual Startup Time": 0.001,"Actual Total Time": 0.001,"Actual Rows": 1,"Actual Loops": 326428,"Index Cond": "(s_suppkey = lineitem.l_suppkey)","Rows Removed by Index Recheck": 0,"Workers": []}]},{"Node Type": "Index Scan","Parent Relationship": "Inner","Parallel Aware": false,"Async Capable": false,"Scan Direction": "Forward","Index Name": "orders_pkey","Relation Name": "orders","Alias": "orders","Startup Cost": 0.43,"Total Cost": 0.47,"Plan Rows": 1,"Plan Width": 8,"Actual Startup Time": 0.010,"Actual Total Time": 0.010,"Actual Rows": 1,"Actual Loops": 326428,"Index Cond": "(o_orderkey = lineitem.l_orderkey)","Rows Removed by Index Recheck": 0,"Workers": []}]},{"Node Type": "Hash","Parent Relationship": "Inner","Parallel Aware": false,"Async Capable": false,"Startup Cost": 1.25,"Total Cost": 1.25,"Plan Rows": 25,"Plan Width": 108,"Actual Startup Time": 0.086,"Actual Total Time": 0.097,"Actual Rows": 25,"Actual Loops": 3,"Hash Buckets": 1024,"Original Hash Buckets": 1024,"Hash Batches": 1,"Original Hash Batches": 1,"Peak Memory Usage": 10,"Workers": [],"Plans": [{"Node Type": "Seq Scan","Parent Relationship": "Outer","Parallel Aware": false,"Async Capable": false,"Relation Name": "nation","Alias": "nation","Startup Cost": 0.00,"Total Cost": 1.25,"Plan Rows": 25,"Plan Width": 108,"Actual Startup Time": 0.055,"Actual Total Time": 0.061,"Actual Rows": 25,"Actual Loops": 3,"Workers": []}]}]}]}]}]}]},"Planning Time": 11.985,"Triggers": [],"Execution Time": 2638.417}]
[{"Plan": {"Node Type": "Aggregate","Strategy": "Sorted","Partial Mode": "Finalize","Parallel Aware": false,"Async Capable": false,"Startup Cost": 41381.04,"Total Cost": 41397.45,"Plan Rows": 122,"Plan Width": 168,"Actual Startup Time": 2450.148,"Actual Total Time": 2534.975,"Actual Rows": 175,"Actual Loops": 1,"Group Key": ["nation.n_name", "(EXTRACT(year FROM orders.o_orderdate))"],"Plans": [{"Node Type": "Gather Merge","Parent Relationship": "Outer","Parallel Aware": false,"Async Capable": false,"Startup Cost": 41381.04,"Total Cost": 41394.60,"Plan Rows": 102,"Plan Width": 168,"Actual Startup Time": 2448.558,"Actual Total Time": 2534.429,"Actual Rows": 525,"Actual Loops": 1,"Workers Planned": 2,"Workers Launched": 2,"Plans": [{"Node Type": "Aggregate","Strategy": "Sorted","Partial Mode": "Partial","Parent Relationship": "Outer","Parallel Aware": false,"Async Capable": false,"Startup Cost": 40381.01,"Total Cost": 40382.80,"Plan Rows": 51,"Plan Width": 168,"Actual Startup Time": 2320.131,"Actual Total Time": 2442.177,"Actual Rows": 175,"Actual Loops": 3,"Group Key": ["nation.n_name", "(EXTRACT(year FROM orders.o_orderdate))"],"Workers": [],"Plans": [{"Node Type": "Sort","Parent Relationship": "Outer","Parallel Aware": false,"Async Capable": false,"Startup Cost": 40381.01,"Total Cost": 40381.14,"Plan Rows": 51,"Plan Width": 159,"Actual Startup Time": 2319.540,"Actual Total Time": 2359.449,"Actual Rows": 108975,"Actual Loops": 3,"Sort Key": ["nation.n_name", "(EXTRACT(year FROM orders.o_orderdate)) DESC"],"Sort Method": "quicksort","Sort Space Used": 13700,"Sort Space Type": "Memory","Workers": [{"Worker Number": 0,"Sort Method": "quicksort","Sort Space Used": 13962,"Sort Space Type": "Memory"},{"Worker Number": 1,"Sort Method": "quicksort","Sort Space Used": 14110,"Sort Space Type": "Memory"}],"Plans": [{"Node Type": "Hash Join","Parent Relationship": "Outer","Parallel Aware": false,"Async Capable": false,"Join Type": "Inner","Startup Cost": 3.13,"Total Cost": 40379.57,"Plan Rows": 51,"Plan Width": 159,"Actual Startup Time": 0.665,"Actual Total Time": 2161.485,"Actual Rows": 108975,"Actual Loops": 3,"Inner Unique": true,"Hash Cond": "(supplier.s_nationkey = nation.n_nationkey)","Workers": [],"Plans": [{"Node Type": "Nested Loop","Parent Relationship": "Outer","Parallel Aware": false,"Async Capable": false,"Join Type": "Inner","Startup Cost": 1.57,"Total Cost": 40377.72,"Plan Rows": 51,"Plan Width": 31,"Actual Startup Time": 0.476,"Actual Total Time": 2130.088,"Actual Rows": 108975,"Actual Loops": 3,"Inner Unique": true,"Workers": [],"Plans": [{"Node Type": "Nested Loop","Parent Relationship": "Outer","Parallel Aware": false,"Async Capable": false,"Join Type": "Inner","Startup Cost": 1.14,"Total Cost": 40354.00,"Plan Rows": 51,"Plan Width": 31,"Actual Startup Time": 0.358,"Actual Total Time": 991.301,"Actual Rows": 108975,"Actual Loops": 3,"Inner Unique": true,"Workers": [],"Plans": [{"Node Type": "Nested Loop","Parent Relationship": "Outer","Parallel Aware": false,"Async Capable": false,"Join Type": "Inner","Startup Cost": 0.86,"Total Cost": 40338.56,"Plan Rows": 51,"Plan Width": 35,"Actual Startup Time": 0.273,"Actual Total Time": 807.397,"Actual Rows": 108975,"Actual Loops": 3,"Inner Unique": false,"Workers": [],"Plans": [{"Node Type": "Nested Loop","Parent Relationship": "Outer","Parallel Aware": false,"Async Capable": false,"Join Type": "Inner","Startup Cost": 0.42,"Total Cost": 22456.59,"Plan Rows": 16835,"Plan Width": 18,"Actual Startup Time": 0.178,"Actual Total Time": 117.714,"Actual Rows": 14541,"Actual Loops": 3,"Inner Unique": false,"Workers": [],"Plans": [{"Node Type": "Seq Scan","Parent Relationship": "Outer","Parallel Aware": true,"Async Capable": false,"Relation Name": "part","Alias": "part","Startup Cost": 0.00,"Total Cost": 5138.67,"Plan Rows": 4209,"Plan Width": 4,"Actual Startup Time": 0.056,"Actual Total Time": 50.629,"Actual Rows": 3635,"Actual Loops": 3,"Filter": "((p_name)::text ~~ '%honeydew%'::text)","Rows Removed by Filter": 63031,"Workers": []},{"Node Type": "Index Scan","Parent Relationship": "Inner","Parallel Aware": false,"Async Capable": false,"Scan Direction": "Forward","Index Name": "idx_partsupp_partkey","Relation Name": "partsupp","Alias": "partsupp","Startup Cost": 0.42,"Total Cost": 4.07,"Plan Rows": 4,"Plan Width": 14,"Actual Startup Time": 0.014,"Actual Total Time": 0.018,"Actual Rows": 4,"Actual Loops": 10906,"Index Cond": "(ps_partkey = part.p_partkey)","Rows Removed by Index Recheck": 0,"Workers": []}]},{"Node Type": "Index Scan","Parent Relationship": "Inner","Parallel Aware": false,"Async Capable": false,"Scan Direction": "Forward","Index Name": "idx_lineitem_part_supp","Relation Name": "lineitem","Alias": "lineitem","Startup Cost": 0.43,"Total Cost": 1.05,"Plan Rows": 1,"Plan Width": 29,"Actual Startup Time": 0.007,"Actual Total Time": 0.046,"Actual Rows": 7,"Actual Loops": 43624,"Index Cond": "((l_partkey = partsupp.ps_partkey) AND (l_suppkey = partsupp.ps_suppkey))","Rows Removed by Index Recheck": 0,"Workers": []}]},{"Node Type": "Index Scan","Parent Relationship": "Inner","Parallel Aware": false,"Async Capable": false,"Scan Direction": "Forward","Index Name": "supplier_pkey","Relation Name": "supplier","Alias": "supplier","Startup Cost": 0.29,"Total Cost": 0.30,"Plan Rows": 1,"Plan Width": 8,"Actual Startup Time": 0.001,"Actual Total Time": 0.001,"Actual Rows": 1,"Actual Loops": 326925,"Index Cond": "(s_suppkey = lineitem.l_suppkey)","Rows Removed by Index Recheck": 0,"Workers": []}]},{"Node Type": "Index Scan","Parent Relationship": "Inner","Parallel Aware": false,"Async Capable": false,"Scan Direction": "Forward","Index Name": "orders_pkey","Relation Name": "orders","Alias": "orders","Startup Cost": 0.43,"Total Cost": 0.47,"Plan Rows": 1,"Plan Width": 8,"Actual Startup Time": 0.010,"Actual Total Time": 0.010,"Actual Rows": 1,"Actual Loops": 326925,"Index Cond": "(o_orderkey = lineitem.l_orderkey)","Rows Removed by Index Recheck": 0,"Workers": []}]},{"Node Type": "Hash","Parent Relationship": "Inner","Parallel Aware": false,"Async Capable": false,"Startup Cost": 1.25,"Total Cost": 1.25,"Plan Rows": 25,"Plan Width": 108,"Actual Startup Time": 0.092,"Actual Total Time": 0.113,"Actual Rows": 25,"Actual Loops": 3,"Hash Buckets": 1024,"Original Hash Buckets": 1024,"Hash Batches": 1,"Original Hash Batches": 1,"Peak Memory Usage": 10,"Workers": [],"Plans": [{"Node Type": "Seq Scan","Parent Relationship": "Outer","Parallel Aware": false,"Async Capable": false,"Relation Name": "nation","Alias": "nation","Startup Cost": 0.00,"Total Cost": 1.25,"Plan Rows": 25,"Plan Width": 108,"Actual Startup Time": 0.053,"Actual Total Time": 0.073,"Actual Rows": 25,"Actual Loops": 3,"Workers": []}]}]}]}]}]}]},"Planning Time": 12.409,"Triggers": [],"Execution Time": 2536.448}]
[{"Plan": {"Node Type": "Aggregate","Strategy": "Sorted","Partial Mode": "Finalize","Parallel Aware": false,"Async Capable": false,"Startup Cost": 35224.41,"Total Cost": 35237.30,"Plan Rows": 97,"Plan Width": 168,"Actual Startup Time": 2468.334,"Actual Total Time": 2614.615,"Actual Rows": 175,"Actual Loops": 1,"Group Key": ["nation.n_name", "(EXTRACT(year FROM orders.o_orderdate))"],"Plans": [{"Node Type": "Gather Merge","Parent Relationship": "Outer","Parallel Aware": false,"Async Capable": false,"Startup Cost": 35224.41,"Total Cost": 35235.05,"Plan Rows": 80,"Plan Width": 168,"Actual Startup Time": 2467.004,"Actual Total Time": 2614.239,"Actual Rows": 525,"Actual Loops": 1,"Workers Planned": 2,"Workers Launched": 2,"Plans": [{"Node Type": "Aggregate","Strategy": "Sorted","Partial Mode": "Partial","Parent Relationship": "Outer","Parallel Aware": false,"Async Capable": false,"Startup Cost": 34224.39,"Total Cost": 34225.79,"Plan Rows": 40,"Plan Width": 168,"Actual Startup Time": 2350.593,"Actual Total Time": 2488.300,"Actual Rows": 175,"Actual Loops": 3,"Group Key": ["nation.n_name", "(EXTRACT(year FROM orders.o_orderdate))"],"Workers": [],"Plans": [{"Node Type": "Sort","Parent Relationship": "Outer","Parallel Aware": false,"Async Capable": false,"Startup Cost": 34224.39,"Total Cost": 34224.49,"Plan Rows": 40,"Plan Width": 159,"Actual Startup Time": 2349.936,"Actual Total Time": 2400.414,"Actual Rows": 109238,"Actual Loops": 3,"Sort Key": ["nation.n_name", "(EXTRACT(year FROM orders.o_orderdate)) DESC"],"Sort Method": "quicksort","Sort Space Used": 14698,"Sort Space Type": "Memory","Workers": [{"Worker Number": 0,"Sort Method": "quicksort","Sort Space Used": 13564,"Sort Space Type": "Memory"},{"Worker Number": 1,"Sort Method": "quicksort","Sort Space Used": 13587,"Sort Space Type": "Memory"}],"Plans": [{"Node Type": "Hash Join","Parent Relationship": "Outer","Parallel Aware": false,"Async Capable": false,"Join Type": "Inner","Startup Cost": 3.13,"Total Cost": 34223.32,"Plan Rows": 40,"Plan Width": 159,"Actual Startup Time": 0.710,"Actual Total Time": 2199.303,"Actual Rows": 109238,"Actual Loops": 3,"Inner Unique": true,"Hash Cond": "(supplier.s_nationkey = nation.n_nationkey)","Workers": [],"Plans": [{"Node Type": "Nested Loop","Parent Relationship": "Outer","Parallel Aware": false,"Async Capable": false,"Join Type": "Inner","Startup Cost": 1.57,"Total Cost": 34221.53,"Plan Rows": 40,"Plan Width": 31,"Actual Startup Time": 0.515,"Actual Total Time": 2168.211,"Actual Rows": 109238,"Actual Loops": 3,"Inner Unique": true,"Workers": [],"Plans": [{"Node Type": "Nested Loop","Parent Relationship": "Outer","Parallel Aware": false,"Async Capable": false,"Join Type": "Inner","Startup Cost": 1.14,"Total Cost": 34202.93,"Plan Rows": 40,"Plan Width": 31,"Actual Startup Time": 0.366,"Actual Total Time": 1011.087,"Actual Rows": 109238,"Actual Loops": 3,"Inner Unique": true,"Workers": [],"Plans": [{"Node Type": "Nested Loop","Parent Relationship": "Outer","Parallel Aware": false,"Async Capable": false,"Join Type": "Inner","Startup Cost": 0.86,"Total Cost": 34190.82,"Plan Rows": 40,"Plan Width": 35,"Actual Startup Time": 0.280,"Actual Total Time": 824.347,"Actual Rows": 109238,"Actual Loops": 3,"Inner Unique": false,"Workers": [],"Plans": [{"Node Type": "Nested Loop","Parent Relationship": "Outer","Parallel Aware": false,"Async Capable": false,"Join Type": "Inner","Startup Cost": 0.42,"Total Cost": 19885.25,"Plan Rows": 13468,"Plan Width": 18,"Actual Startup Time": 0.177,"Actual Total Time": 115.126,"Actual Rows": 14568,"Actual Loops": 3,"Inner Unique": false,"Workers": [],"Plans": [{"Node Type": "Seq Scan","Parent Relationship": "Outer","Parallel Aware": true,"Async Capable": false,"Relation Name": "part","Alias": "part","Startup Cost": 0.00,"Total Cost": 5138.67,"Plan Rows": 3367,"Plan Width": 4,"Actual Startup Time": 0.049,"Actual Total Time": 48.508,"Actual Rows": 3642,"Actual Loops": 3,"Filter": "((p_name)::text ~~ '%purple%'::text)","Rows Removed by Filter": 63025,"Workers": []},{"Node Type": "Index Scan","Parent Relationship": "Inner","Parallel Aware": false,"Async Capable": false,"Scan Direction": "Forward","Index Name": "idx_partsupp_partkey","Relation Name": "partsupp","Alias": "partsupp","Startup Cost": 0.42,"Total Cost": 4.34,"Plan Rows": 4,"Plan Width": 14,"Actual Startup Time": 0.014,"Actual Total Time": 0.018,"Actual Rows": 4,"Actual Loops": 10926,"Index Cond": "(ps_partkey = part.p_partkey)","Rows Removed by Index Recheck": 0,"Workers": []}]},{"Node Type": "Index Scan","Parent Relationship": "Inner","Parallel Aware": false,"Async Capable": false,"Scan Direction": "Forward","Index Name": "idx_lineitem_part_supp","Relation Name": "lineitem","Alias": "lineitem","Startup Cost": 0.43,"Total Cost": 1.05,"Plan Rows": 1,"Plan Width": 29,"Actual Startup Time": 0.007,"Actual Total Time": 0.047,"Actual Rows": 7,"Actual Loops": 43704,"Index Cond": "((l_partkey = partsupp.ps_partkey) AND (l_suppkey = partsupp.ps_suppkey))","Rows Removed by Index Recheck": 0,"Workers": []}]},{"Node Type": "Index Scan","Parent Relationship": "Inner","Parallel Aware": false,"Async Capable": false,"Scan Direction": "Forward","Index Name": "supplier_pkey","Relation Name": "supplier","Alias": "supplier","Startup Cost": 0.29,"Total Cost": 0.30,"Plan Rows": 1,"Plan Width": 8,"Actual Startup Time": 0.001,"Actual Total Time": 0.001,"Actual Rows": 1,"Actual Loops": 327714,"Index Cond": "(s_suppkey = lineitem.l_suppkey)","Rows Removed by Index Recheck": 0,"Workers": []}]},{"Node Type": "Index Scan","Parent Relationship": "Inner","Parallel Aware": false,"Async Capable": false,"Scan Direction": "Forward","Index Name": "orders_pkey","Relation Name": "orders","Alias": "orders","Startup Cost": 0.43,"Total Cost": 0.47,"Plan Rows": 1,"Plan Width": 8,"Actual Startup Time": 0.010,"Actual Total Time": 0.010,"Actual Rows": 1,"Actual Loops": 327714,"Index Cond": "(o_orderkey = lineitem.l_orderkey)","Rows Removed by Index Recheck": 0,"Workers": []}]},{"Node Type": "Hash","Parent Relationship": "Inner","Parallel Aware": false,"Async Capable": false,"Startup Cost": 1.25,"Total Cost": 1.25,"Plan Rows": 25,"Plan Width": 108,"Actual Startup Time": 0.085,"Actual Total Time": 0.094,"Actual Rows": 25,"Actual Loops": 3,"Hash Buckets": 1024,"Original Hash Buckets": 1024,"Hash Batches": 1,"Original Hash Batches": 1,"Peak Memory Usage": 10,"Workers": [],"Plans": [{"Node Type": "Seq Scan","Parent Relationship": "Outer","Parallel Aware": false,"Async Capable": false,"Relation Name": "nation","Alias": "nation","Startup Cost": 0.00,"Total Cost": 1.25,"Plan Rows": 25,"Plan Width": 108,"Actual Startup Time": 0.054,"Actual Total Time": 0.060,"Actual Rows": 25,"Actual Loops": 3,"Workers": []}]}]}]}]}]}]},"Planning Time": 11.747,"Triggers": [],"Execution Time": 2615.991}]
[{"Plan": {"Node Type": "Aggregate","Strategy": "Sorted","Partial Mode": "Finalize","Parallel Aware": false,"Async Capable": false,"Startup Cost": 49135.04,"Total Cost": 49164.27,"Plan Rows": 195,"Plan Width": 168,"Actual Startup Time": 1725.991,"Actual Total Time": 1871.333,"Actual Rows": 175,"Actual Loops": 1,"Group Key": ["nation.n_name", "(EXTRACT(year FROM orders.o_orderdate))"],"Plans": [{"Node Type": "Gather Merge","Parent Relationship": "Outer","Parallel Aware": false,"Async Capable": false,"Startup Cost": 49135.04,"Total Cost": 49159.45,"Plan Rows": 189,"Plan Width": 168,"Actual Startup Time": 1724.410,"Actual Total Time": 1870.772,"Actual Rows": 700,"Actual Loops": 1,"Workers Planned": 3,"Workers Launched": 3,"Plans": [{"Node Type": "Aggregate","Strategy": "Sorted","Partial Mode": "Partial","Parent Relationship": "Outer","Parallel Aware": false,"Async Capable": false,"Startup Cost": 48135.00,"Total Cost": 48137.21,"Plan Rows": 63,"Plan Width": 168,"Actual Startup Time": 1642.964,"Actual Total Time": 1738.350,"Actual Rows": 175,"Actual Loops": 4,"Group Key": ["nation.n_name", "(EXTRACT(year FROM orders.o_orderdate))"],"Workers": [],"Plans": [{"Node Type": "Sort","Parent Relationship": "Outer","Parallel Aware": false,"Async Capable": false,"Startup Cost": 48135.00,"Total Cost": 48135.16,"Plan Rows": 63,"Plan Width": 159,"Actual Startup Time": 1642.489,"Actual Total Time": 1674.765,"Actual Rows": 80807,"Actual Loops": 4,"Sort Key": ["nation.n_name", "(EXTRACT(year FROM orders.o_orderdate)) DESC"],"Sort Method": "quicksort","Sort Space Used": 11216,"Sort Space Type": "Memory","Workers": [{"Worker Number": 0,"Sort Method": "quicksort","Sort Space Used": 11190,"Sort Space Type": "Memory"},{"Worker Number": 1,"Sort Method": "quicksort","Sort Space Used": 11031,"Sort Space Type": "Memory"},{"Worker Number": 2,"Sort Method": "quicksort","Sort Space Used": 11039,"Sort Space Type": "Memory"}],"Plans": [{"Node Type": "Hash Join","Parent Relationship": "Outer","Parallel Aware": false,"Async Capable": false,"Join Type": "Inner","Startup Cost": 5225.55,"Total Cost": 48133.12,"Plan Rows": 63,"Plan Width": 159,"Actual Startup Time": 23.223,"Actual Total Time": 1542.778,"Actual Rows": 80807,"Actual Loops": 4,"Inner Unique": true,"Hash Cond": "(supplier.s_nationkey = nation.n_nationkey)","Workers": [],"Plans": [{"Node Type": "Nested Loop","Parent Relationship": "Outer","Parallel Aware": false,"Async Capable": false,"Join Type": "Inner","Startup Cost": 5223.99,"Total Cost": 48131.20,"Plan Rows": 63,"Plan Width": 31,"Actual Startup Time": 23.068,"Actual Total Time": 1519.655,"Actual Rows": 80807,"Actual Loops": 4,"Inner Unique": true,"Workers": [],"Plans": [{"Node Type": "Nested Loop","Parent Relationship": "Outer","Parallel Aware": false,"Async Capable": false,"Join Type": "Inner","Startup Cost": 5223.56,"Total Cost": 48101.90,"Plan Rows": 63,"Plan Width": 31,"Actual Startup Time": 23.008,"Actual Total Time": 793.385,"Actual Rows": 80807,"Actual Loops": 4,"Inner Unique": true,"Workers": [],"Plans": [{"Node Type": "Nested Loop","Parent Relationship": "Outer","Parallel Aware": false,"Async Capable": false,"Join Type": "Inner","Startup Cost": 5223.27,"Total Cost": 48082.83,"Plan Rows": 63,"Plan Width": 35,"Actual Startup Time": 22.959,"Actual Total Time": 657.278,"Actual Rows": 80807,"Actual Loops": 4,"Inner Unique": false,"Workers": [],"Plans": [{"Node Type": "Hash Join","Parent Relationship": "Outer","Parallel Aware": true,"Async Capable": false,"Join Type": "Inner","Startup Cost": 5222.84,"Total Cost": 25931.92,"Plan Rows": 20854,"Plan Width": 18,"Actual Startup Time": 22.889,"Actual Total Time": 199.001,"Actual Rows": 10785,"Actual Loops": 4,"Inner Unique": true,"Hash Cond": "(partsupp.ps_partkey = part.p_partkey)","Workers": [],"Plans": [{"Node Type": "Seq Scan","Parent Relationship": "Outer","Parallel Aware": true,"Async Capable": false,"Relation Name": "partsupp","Alias": "partsupp","Startup Cost": 0.00,"Total Cost": 20031.65,"Plan Rows": 258065,"Plan Width": 14,"Actual Startup Time": 0.016,"Actual Total Time": 42.939,"Actual Rows": 200000,"Actual Loops": 4,"Workers": []},{"Node Type": "Hash","Parent Relationship": "Inner","Parallel Aware": true,"Async Capable": false,"Startup Cost": 5138.67,"Total Cost": 5138.67,"Plan Rows": 6734,"Plan Width": 4,"Actual Startup Time": 22.693,"Actual Total Time": 22.704,"Actual Rows": 2696,"Actual Loops": 4,"Hash Buckets": 16384,"Original Hash Buckets": 16384,"Hash Batches": 1,"Original Hash Batches": 1,"Peak Memory Usage": 608,"Workers": [],"Plans": [{"Node Type": "Seq Scan","Parent Relationship": "Outer","Parallel Aware": true,"Async Capable": false,"Relation Name": "part","Alias": "part","Startup Cost": 0.00,"Total Cost": 5138.67,"Plan Rows": 6734,"Plan Width": 4,"Actual Startup Time": 0.049,"Actual Total Time": 20.967,"Actual Rows": 2696,"Actual Loops": 4,"Filter": "((p_name)::text ~~ '%lime%'::text)","Rows Removed by Filter": 47304,"Workers": []}]}]},{"Node Type": "Index Scan","Parent Relationship": "Inner","Parallel Aware": false,"Async Capable": false,"Scan Direction": "Forward","Index Name": "idx_lineitem_part_supp","Relation Name": "lineitem","Alias": "lineitem","Startup Cost": 0.43,"Total Cost": 1.05,"Plan Rows": 1,"Plan Width": 29,"Actual Startup Time": 0.006,"Actual Total Time": 0.041,"Actual Rows": 7,"Actual Loops": 43140,"Index Cond": "((l_partkey = partsupp.ps_partkey) AND (l_suppkey = partsupp.ps_suppkey))","Rows Removed by Index Recheck": 0,"Workers": []}]},{"Node Type": "Index Scan","Parent Relationship": "Inner","Parallel Aware": false,"Async Capable": false,"Scan Direction": "Forward","Index Name": "supplier_pkey","Relation Name": "supplier","Alias": "supplier","Startup Cost": 0.29,"Total Cost": 0.30,"Plan Rows": 1,"Plan Width": 8,"Actual Startup Time": 0.001,"Actual Total Time": 0.001,"Actual Rows": 1,"Actual Loops": 323229,"Index Cond": "(s_suppkey = lineitem.l_suppkey)","Rows Removed by Index Recheck": 0,"Workers": []}]},{"Node Type": "Index Scan","Parent Relationship": "Inner","Parallel Aware": false,"Async Capable": false,"Scan Direction": "Forward","Index Name": "orders_pkey","Relation Name": "orders","Alias": "orders","Startup Cost": 0.43,"Total Cost": 0.47,"Plan Rows": 1,"Plan Width": 8,"Actual Startup Time": 0.009,"Actual Total Time": 0.009,"Actual Rows": 1,"Actual Loops": 323229,"Index Cond": "(o_orderkey = lineitem.l_orderkey)","Rows Removed by Index Recheck": 0,"Workers": []}]},{"Node Type": "Hash","Parent Relationship": "Inner","Parallel Aware": false,"Async Capable": false,"Startup Cost": 1.25,"Total Cost": 1.25,"Plan Rows": 25,"Plan Width": 108,"Actual Startup Time": 0.067,"Actual Total Time": 0.072,"Actual Rows": 25,"Actual Loops": 4,"Hash Buckets": 1024,"Original Hash Buckets": 1024,"Hash Batches": 1,"Original Hash Batches": 1,"Peak Memory Usage": 10,"Workers": [],"Plans": [{"Node Type": "Seq Scan","Parent Relationship": "Outer","Parallel Aware": false,"Async Capable": false,"Relation Name": "nation","Alias": "nation","Startup Cost": 0.00,"Total Cost": 1.25,"Plan Rows": 25,"Plan Width": 108,"Actual Startup Time": 0.045,"Actual Total Time": 0.050,"Actual Rows": 25,"Actual Loops": 4,"Workers": []}]}]}]}]}]}]},"Planning Time": 12.908,"Triggers": [],"Execution Time": 1873.227}]
[{"Plan": {"Node Type": "Aggregate","Strategy": "Sorted","Partial Mode": "Finalize","Parallel Aware": false,"Async Capable": false,"Startup Cost": 15191.58,"Total Cost": 15194.80,"Plan Rows": 24,"Plan Width": 168,"Actual Startup Time": 2527.969,"Actual Total Time": 2683.056,"Actual Rows": 175,"Actual Loops": 1,"Group Key": ["nation.n_name", "(EXTRACT(year FROM orders.o_orderdate))"],"Plans": [{"Node Type": "Gather Merge","Parent Relationship": "Outer","Parallel Aware": false,"Async Capable": false,"Startup Cost": 15191.58,"Total Cost": 15194.24,"Plan Rows": 20,"Plan Width": 168,"Actual Startup Time": 2526.404,"Actual Total Time": 2682.506,"Actual Rows": 525,"Actual Loops": 1,"Workers Planned": 2,"Workers Launched": 2,"Plans": [{"Node Type": "Aggregate","Strategy": "Sorted","Partial Mode": "Partial","Parent Relationship": "Outer","Parallel Aware": false,"Async Capable": false,"Startup Cost": 14191.56,"Total Cost": 14191.91,"Plan Rows": 10,"Plan Width": 168,"Actual Startup Time": 2407.501,"Actual Total Time": 2530.795,"Actual Rows": 175,"Actual Loops": 3,"Group Key": ["nation.n_name", "(EXTRACT(year FROM orders.o_orderdate))"],"Workers": [],"Plans": [{"Node Type": "Sort","Parent Relationship": "Outer","Parallel Aware": false,"Async Capable": false,"Startup Cost": 14191.56,"Total Cost": 14191.59,"Plan Rows": 10,"Plan Width": 159,"Actual Startup Time": 2407.024,"Actual Total Time": 2447.211,"Actual Rows": 108476,"Actual Loops": 3,"Sort Key": ["nation.n_name", "(EXTRACT(year FROM orders.o_orderdate)) DESC"],"Sort Method": "quicksort","Sort Space Used": 13864,"Sort Space Type": "Memory","Workers": [{"Worker Number": 0,"Sort Method": "quicksort","Sort Space Used": 14243,"Sort Space Type": "Memory"},{"Worker Number": 1,"Sort Method": "quicksort","Sort Space Used": 13510,"Sort Space Type": "Memory"}],"Plans": [{"Node Type": "Nested Loop","Parent Relationship": "Outer","Parallel Aware": false,"Async Capable": false,"Join Type": "Inner","Startup Cost": 1.71,"Total Cost": 14191.39,"Plan Rows": 10,"Plan Width": 159,"Actual Startup Time": 0.538,"Actual Total Time": 2256.346,"Actual Rows": 108476,"Actual Loops": 3,"Inner Unique": true,"Workers": [],"Plans": [{"Node Type": "Nested Loop","Parent Relationship": "Outer","Parallel Aware": false,"Async Capable": false,"Join Type": "Inner","Startup Cost": 1.57,"Total Cost": 14189.81,"Plan Rows": 10,"Plan Width": 31,"Actual Startup Time": 0.460,"Actual Total Time": 2101.149,"Actual Rows": 108476,"Actual Loops": 3,"Inner Unique": true,"Workers": [],"Plans": [{"Node Type": "Nested Loop","Parent Relationship": "Outer","Parallel Aware": false,"Async Capable": false,"Join Type": "Inner","Startup Cost": 1.14,"Total Cost": 14185.15,"Plan Rows": 10,"Plan Width": 31,"Actual Startup Time": 0.332,"Actual Total Time": 962.931,"Actual Rows": 108476,"Actual Loops": 3,"Inner Unique": true,"Workers": [],"Plans": [{"Node Type": "Nested Loop","Parent Relationship": "Outer","Parallel Aware": false,"Async Capable": false,"Join Type": "Inner","Startup Cost": 0.86,"Total Cost": 14182.13,"Plan Rows": 10,"Plan Width": 35,"Actual Startup Time": 0.259,"Actual Total Time": 774.484,"Actual Rows": 108476,"Actual Loops": 3,"Inner Unique": false,"Workers": [],"Plans": [{"Node Type": "Nested Loop","Parent Relationship": "Outer","Parallel Aware": false,"Async Capable": false,"Join Type": "Inner","Startup Cost": 0.42,"Total Cost": 10605.73,"Plan Rows": 3367,"Plan Width": 18,"Actual Startup Time": 0.149,"Actual Total Time": 122.879,"Actual Rows": 14427,"Actual Loops": 3,"Inner Unique": false,"Workers": [],"Plans": [{"Node Type": "Seq Scan","Parent Relationship": "Outer","Parallel Aware": true,"Async Capable": false,"Relation Name": "part","Alias": "part","Startup Cost": 0.00,"Total Cost": 5138.67,"Plan Rows": 842,"Plan Width": 4,"Actual Startup Time": 0.054,"Actual Total Time": 51.647,"Actual Rows": 3607,"Actual Loops": 3,"Filter": "((p_name)::text ~~ '%light%'::text)","Rows Removed by Filter": 63060,"Workers": []},{"Node Type": "Index Scan","Parent Relationship": "Inner","Parallel Aware": false,"Async Capable": false,"Scan Direction": "Forward","Index Name": "idx_partsupp_partkey","Relation Name": "partsupp","Alias": "partsupp","Startup Cost": 0.42,"Total Cost": 6.45,"Plan Rows": 4,"Plan Width": 14,"Actual Startup Time": 0.014,"Actual Total Time": 0.019,"Actual Rows": 4,"Actual Loops": 10820,"Index Cond": "(ps_partkey = part.p_partkey)","Rows Removed by Index Recheck": 0,"Workers": []}]},{"Node Type": "Index Scan","Parent Relationship": "Inner","Parallel Aware": false,"Async Capable": false,"Scan Direction": "Forward","Index Name": "idx_lineitem_part_supp","Relation Name": "lineitem","Alias": "lineitem","Startup Cost": 0.43,"Total Cost": 1.05,"Plan Rows": 1,"Plan Width": 29,"Actual Startup Time": 0.007,"Actual Total Time": 0.043,"Actual Rows": 8,"Actual Loops": 43280,"Index Cond": "((l_partkey = partsupp.ps_partkey) AND (l_suppkey = partsupp.ps_suppkey))","Rows Removed by Index Recheck": 0,"Workers": []}]},{"Node Type": "Index Scan","Parent Relationship": "Inner","Parallel Aware": false,"Async Capable": false,"Scan Direction": "Forward","Index Name": "supplier_pkey","Relation Name": "supplier","Alias": "supplier","Startup Cost": 0.29,"Total Cost": 0.30,"Plan Rows": 1,"Plan Width": 8,"Actual Startup Time": 0.001,"Actual Total Time": 0.001,"Actual Rows": 1,"Actual Loops": 325427,"Index Cond": "(s_suppkey = lineitem.l_suppkey)","Rows Removed by Index Recheck": 0,"Workers": []}]},{"Node Type": "Index Scan","Parent Relationship": "Inner","Parallel Aware": false,"Async Capable": false,"Scan Direction": "Forward","Index Name": "orders_pkey","Relation Name": "orders","Alias": "orders","Startup Cost": 0.43,"Total Cost": 0.47,"Plan Rows": 1,"Plan Width": 8,"Actual Startup Time": 0.010,"Actual Total Time": 0.010,"Actual Rows": 1,"Actual Loops": 325427,"Index Cond": "(o_orderkey = lineitem.l_orderkey)","Rows Removed by Index Recheck": 0,"Workers": []}]},{"Node Type": "Index Scan","Parent Relationship": "Inner","Parallel Aware": false,"Async Capable": false,"Scan Direction": "Forward","Index Name": "nation_pkey","Relation Name": "nation","Alias": "nation","Startup Cost": 0.14,"Total Cost": 0.16,"Plan Rows": 1,"Plan Width": 108,"Actual Startup Time": 0.001,"Actual Total Time": 0.001,"Actual Rows": 1,"Actual Loops": 325427,"Index Cond": "(n_nationkey = supplier.s_nationkey)","Rows Removed by Index Recheck": 0,"Workers": []}]}]}]}]}]},"Planning Time": 11.526,"Triggers": [],"Execution Time": 2685.777}]
[{"Plan": {"Node Type": "Aggregate","Strategy": "Sorted","Partial Mode": "Finalize","Parallel Aware": false,"Async Capable": false,"Startup Cost": 47355.08,"Total Cost": 47374.71,"Plan Rows": 146,"Plan Width": 168,"Actual Startup Time": 2500.381,"Actual Total Time": 2613.066,"Actual Rows": 175,"Actual Loops": 1,"Group Key": ["nation.n_name", "(EXTRACT(year FROM orders.o_orderdate))"],"Plans": [{"Node Type": "Gather Merge","Parent Relationship": "Outer","Parallel Aware": false,"Async Capable": false,"Startup Cost": 47355.08,"Total Cost": 47371.30,"Plan Rows": 122,"Plan Width": 168,"Actual Startup Time": 2498.753,"Actual Total Time": 2612.506,"Actual Rows": 525,"Actual Loops": 1,"Workers Planned": 2,"Workers Launched": 2,"Plans": [{"Node Type": "Aggregate","Strategy": "Sorted","Partial Mode": "Partial","Parent Relationship": "Outer","Parallel Aware": false,"Async Capable": false,"Startup Cost": 46355.06,"Total Cost": 46357.20,"Plan Rows": 61,"Plan Width": 168,"Actual Startup Time": 2385.274,"Actual Total Time": 2517.765,"Actual Rows": 175,"Actual Loops": 3,"Group Key": ["nation.n_name", "(EXTRACT(year FROM orders.o_orderdate))"],"Workers": [],"Plans": [{"Node Type": "Sort","Parent Relationship": "Outer","Parallel Aware": false,"Async Capable": false,"Startup Cost": 46355.06,"Total Cost": 46355.21,"Plan Rows": 61,"Plan Width": 159,"Actual Startup Time": 2384.635,"Actual Total Time": 2429.059,"Actual Rows": 111540,"Actual Loops": 3,"Sort Key": ["nation.n_name", "(EXTRACT(year FROM orders.o_orderdate)) DESC"],"Sort Method": "quicksort","Sort Space Used": 13997,"Sort Space Type": "Memory","Workers": [{"Worker Number": 0,"Sort Method": "quicksort","Sort Space Used": 14233,"Sort Space Type": "Memory"},{"Worker Number": 1,"Sort Method": "quicksort","Sort Space Used": 14306,"Sort Space Type": "Memory"}],"Plans": [{"Node Type": "Hash Join","Parent Relationship": "Outer","Parallel Aware": false,"Async Capable": false,"Join Type": "Inner","Startup Cost": 3.13,"Total Cost": 46353.25,"Plan Rows": 61,"Plan Width": 159,"Actual Startup Time": 0.720,"Actual Total Time": 2224.522,"Actual Rows": 111540,"Actual Loops": 3,"Inner Unique": true,"Hash Cond": "(supplier.s_nationkey = nation.n_nationkey)","Workers": [],"Plans": [{"Node Type": "Nested Loop","Parent Relationship": "Outer","Parallel Aware": false,"Async Capable": false,"Join Type": "Inner","Startup Cost": 1.57,"Total Cost": 46351.35,"Plan Rows": 61,"Plan Width": 31,"Actual Startup Time": 0.543,"Actual Total Time": 2192.319,"Actual Rows": 111540,"Actual Loops": 3,"Inner Unique": true,"Workers": [],"Plans": [{"Node Type": "Nested Loop","Parent Relationship": "Outer","Parallel Aware": false,"Async Capable": false,"Join Type": "Inner","Startup Cost": 1.14,"Total Cost": 46322.98,"Plan Rows": 61,"Plan Width": 31,"Actual Startup Time": 0.416,"Actual Total Time": 1013.189,"Actual Rows": 111540,"Actual Loops": 3,"Inner Unique": true,"Workers": [],"Plans": [{"Node Type": "Nested Loop","Parent Relationship": "Outer","Parallel Aware": false,"Async Capable": false,"Join Type": "Inner","Startup Cost": 0.86,"Total Cost": 46304.52,"Plan Rows": 61,"Plan Width": 35,"Actual Startup Time": 0.322,"Actual Total Time": 823.097,"Actual Rows": 111540,"Actual Loops": 3,"Inner Unique": false,"Workers": [],"Plans": [{"Node Type": "Nested Loop","Parent Relationship": "Outer","Parallel Aware": false,"Async Capable": false,"Join Type": "Inner","Startup Cost": 0.42,"Total Cost": 24846.16,"Plan Rows": 20202,"Plan Width": 18,"Actual Startup Time": 0.205,"Actual Total Time": 119.618,"Actual Rows": 14867,"Actual Loops": 3,"Inner Unique": false,"Workers": [],"Plans": [{"Node Type": "Seq Scan","Parent Relationship": "Outer","Parallel Aware": true,"Async Capable": false,"Relation Name": "part","Alias": "part","Startup Cost": 0.00,"Total Cost": 5138.67,"Plan Rows": 5051,"Plan Width": 4,"Actual Startup Time": 0.067,"Actual Total Time": 50.965,"Actual Rows": 3717,"Actual Loops": 3,"Filter": "((p_name)::text ~~ '%tomato%'::text)","Rows Removed by Filter": 62950,"Workers": []},{"Node Type": "Index Scan","Parent Relationship": "Inner","Parallel Aware": false,"Async Capable": false,"Scan Direction": "Forward","Index Name": "idx_partsupp_partkey","Relation Name": "partsupp","Alias": "partsupp","Startup Cost": 0.42,"Total Cost": 3.86,"Plan Rows": 4,"Plan Width": 14,"Actual Startup Time": 0.014,"Actual Total Time": 0.018,"Actual Rows": 4,"Actual Loops": 11150,"Index Cond": "(ps_partkey = part.p_partkey)","Rows Removed by Index Recheck": 0,"Workers": []}]},{"Node Type": "Index Scan","Parent Relationship": "Inner","Parallel Aware": false,"Async Capable": false,"Scan Direction": "Forward","Index Name": "idx_lineitem_part_supp","Relation Name": "lineitem","Alias": "lineitem","Startup Cost": 0.43,"Total Cost": 1.05,"Plan Rows": 1,"Plan Width": 29,"Actual Startup Time": 0.007,"Actual Total Time": 0.046,"Actual Rows": 8,"Actual Loops": 44600,"Index Cond": "((l_partkey = partsupp.ps_partkey) AND (l_suppkey = partsupp.ps_suppkey))","Rows Removed by Index Recheck": 0,"Workers": []}]},{"Node Type": "Index Scan","Parent Relationship": "Inner","Parallel Aware": false,"Async Capable": false,"Scan Direction": "Forward","Index Name": "supplier_pkey","Relation Name": "supplier","Alias": "supplier","Startup Cost": 0.29,"Total Cost": 0.30,"Plan Rows": 1,"Plan Width": 8,"Actual Startup Time": 0.001,"Actual Total Time": 0.001,"Actual Rows": 1,"Actual Loops": 334621,"Index Cond": "(s_suppkey = lineitem.l_suppkey)","Rows Removed by Index Recheck": 0,"Workers": []}]},{"Node Type": "Index Scan","Parent Relationship": "Inner","Parallel Aware": false,"Async Capable": false,"Scan Direction": "Forward","Index Name": "orders_pkey","Relation Name": "orders","Alias": "orders","Startup Cost": 0.43,"Total Cost": 0.47,"Plan Rows": 1,"Plan Width": 8,"Actual Startup Time": 0.010,"Actual Total Time": 0.010,"Actual Rows": 1,"Actual Loops": 334621,"Index Cond": "(o_orderkey = lineitem.l_orderkey)","Rows Removed by Index Recheck": 0,"Workers": []}]},{"Node Type": "Hash","Parent Relationship": "Inner","Parallel Aware": false,"Async Capable": false,"Startup Cost": 1.25,"Total Cost": 1.25,"Plan Rows": 25,"Plan Width": 108,"Actual Startup Time": 0.076,"Actual Total Time": 0.105,"Actual Rows": 25,"Actual Loops": 3,"Hash Buckets": 1024,"Original Hash Buckets": 1024,"Hash Batches": 1,"Original Hash Batches": 1,"Peak Memory Usage": 10,"Workers": [],"Plans": [{"Node Type": "Seq Scan","Parent Relationship": "Outer","Parallel Aware": false,"Async Capable": false,"Relation Name": "nation","Alias": "nation","Startup Cost": 0.00,"Total Cost": 1.25,"Plan Rows": 25,"Plan Width": 108,"Actual Startup Time": 0.046,"Actual Total Time": 0.069,"Actual Rows": 25,"Actual Loops": 3,"Workers": []}]}]}]}]}]}]},"Planning Time": 11.495,"Triggers": [],"Execution Time": 2614.780}]
[{"Plan": {"Node Type": "Aggregate","Strategy": "Sorted","Partial Mode": "Finalize","Parallel Aware": false,"Async Capable": false,"Startup Cost": 41381.04,"Total Cost": 41397.45,"Plan Rows": 122,"Plan Width": 168,"Actual Startup Time": 2431.177,"Actual Total Time": 2560.188,"Actual Rows": 175,"Actual Loops": 1,"Group Key": ["nation.n_name", "(EXTRACT(year FROM orders.o_orderdate))"],"Plans": [{"Node Type": "Gather Merge","Parent Relationship": "Outer","Parallel Aware": false,"Async Capable": false,"Startup Cost": 41381.04,"Total Cost": 41394.60,"Plan Rows": 102,"Plan Width": 168,"Actual Startup Time": 2429.302,"Actual Total Time": 2559.805,"Actual Rows": 525,"Actual Loops": 1,"Workers Planned": 2,"Workers Launched": 2,"Plans": [{"Node Type": "Aggregate","Strategy": "Sorted","Partial Mode": "Partial","Parent Relationship": "Outer","Parallel Aware": false,"Async Capable": false,"Startup Cost": 40381.01,"Total Cost": 40382.80,"Plan Rows": 51,"Plan Width": 168,"Actual Startup Time": 2327.238,"Actual Total Time": 2438.083,"Actual Rows": 175,"Actual Loops": 3,"Group Key": ["nation.n_name", "(EXTRACT(year FROM orders.o_orderdate))"],"Workers": [],"Plans": [{"Node Type": "Sort","Parent Relationship": "Outer","Parallel Aware": false,"Async Capable": false,"Startup Cost": 40381.01,"Total Cost": 40381.14,"Plan Rows": 51,"Plan Width": 159,"Actual Startup Time": 2326.616,"Actual Total Time": 2360.128,"Actual Rows": 110167,"Actual Loops": 3,"Sort Key": ["nation.n_name", "(EXTRACT(year FROM orders.o_orderdate)) DESC"],"Sort Method": "quicksort","Sort Space Used": 13685,"Sort Space Type": "Memory","Workers": [{"Worker Number": 0,"Sort Method": "quicksort","Sort Space Used": 14027,"Sort Space Type": "Memory"},{"Worker Number": 1,"Sort Method": "quicksort","Sort Space Used": 14415,"Sort Space Type": "Memory"}],"Plans": [{"Node Type": "Hash Join","Parent Relationship": "Outer","Parallel Aware": false,"Async Capable": false,"Join Type": "Inner","Startup Cost": 3.13,"Total Cost": 40379.57,"Plan Rows": 51,"Plan Width": 159,"Actual Startup Time": 0.774,"Actual Total Time": 2175.154,"Actual Rows": 110167,"Actual Loops": 3,"Inner Unique": true,"Hash Cond": "(supplier.s_nationkey = nation.n_nationkey)","Workers": [],"Plans": [{"Node Type": "Nested Loop","Parent Relationship": "Outer","Parallel Aware": false,"Async Capable": false,"Join Type": "Inner","Startup Cost": 1.57,"Total Cost": 40377.72,"Plan Rows": 51,"Plan Width": 31,"Actual Startup Time": 0.582,"Actual Total Time": 2143.575,"Actual Rows": 110167,"Actual Loops": 3,"Inner Unique": true,"Workers": [],"Plans": [{"Node Type": "Nested Loop","Parent Relationship": "Outer","Parallel Aware": false,"Async Capable": false,"Join Type": "Inner","Startup Cost": 1.14,"Total Cost": 40354.00,"Plan Rows": 51,"Plan Width": 31,"Actual Startup Time": 0.451,"Actual Total Time": 989.410,"Actual Rows": 110167,"Actual Loops": 3,"Inner Unique": true,"Workers": [],"Plans": [{"Node Type": "Nested Loop","Parent Relationship": "Outer","Parallel Aware": false,"Async Capable": false,"Join Type": "Inner","Startup Cost": 0.86,"Total Cost": 40338.56,"Plan Rows": 51,"Plan Width": 35,"Actual Startup Time": 0.342,"Actual Total Time": 803.216,"Actual Rows": 110167,"Actual Loops": 3,"Inner Unique": false,"Workers": [],"Plans": [{"Node Type": "Nested Loop","Parent Relationship": "Outer","Parallel Aware": false,"Async Capable": false,"Join Type": "Inner","Startup Cost": 0.42,"Total Cost": 22456.59,"Plan Rows": 16835,"Plan Width": 18,"Actual Startup Time": 0.214,"Actual Total Time": 117.164,"Actual Rows": 14685,"Actual Loops": 3,"Inner Unique": false,"Workers": [],"Plans": [{"Node Type": "Seq Scan","Parent Relationship": "Outer","Parallel Aware": true,"Async Capable": false,"Relation Name": "part","Alias": "part","Startup Cost": 0.00,"Total Cost": 5138.67,"Plan Rows": 4209,"Plan Width": 4,"Actual Startup Time": 0.077,"Actual Total Time": 49.700,"Actual Rows": 3671,"Actual Loops": 3,"Filter": "((p_name)::text ~~ '%turquoise%'::text)","Rows Removed by Filter": 62995,"Workers": []},{"Node Type": "Index Scan","Parent Relationship": "Inner","Parallel Aware": false,"Async Capable": false,"Scan Direction": "Forward","Index Name": "idx_partsupp_partkey","Relation Name": "partsupp","Alias": "partsupp","Startup Cost": 0.42,"Total Cost": 4.07,"Plan Rows": 4,"Plan Width": 14,"Actual Startup Time": 0.014,"Actual Total Time": 0.018,"Actual Rows": 4,"Actual Loops": 11014,"Index Cond": "(ps_partkey = part.p_partkey)","Rows Removed by Index Recheck": 0,"Workers": []}]},{"Node Type": "Index Scan","Parent Relationship": "Inner","Parallel Aware": false,"Async Capable": false,"Scan Direction": "Forward","Index Name": "idx_lineitem_part_supp","Relation Name": "lineitem","Alias": "lineitem","Startup Cost": 0.43,"Total Cost": 1.05,"Plan Rows": 1,"Plan Width": 29,"Actual Startup Time": 0.007,"Actual Total Time": 0.045,"Actual Rows": 8,"Actual Loops": 44056,"Index Cond": "((l_partkey = partsupp.ps_partkey) AND (l_suppkey = partsupp.ps_suppkey))","Rows Removed by Index Recheck": 0,"Workers": []}]},{"Node Type": "Index Scan","Parent Relationship": "Inner","Parallel Aware": false,"Async Capable": false,"Scan Direction": "Forward","Index Name": "supplier_pkey","Relation Name": "supplier","Alias": "supplier","Startup Cost": 0.29,"Total Cost": 0.30,"Plan Rows": 1,"Plan Width": 8,"Actual Startup Time": 0.001,"Actual Total Time": 0.001,"Actual Rows": 1,"Actual Loops": 330501,"Index Cond": "(s_suppkey = lineitem.l_suppkey)","Rows Removed by Index Recheck": 0,"Workers": []}]},{"Node Type": "Index Scan","Parent Relationship": "Inner","Parallel Aware": false,"Async Capable": false,"Scan Direction": "Forward","Index Name": "orders_pkey","Relation Name": "orders","Alias": "orders","Startup Cost": 0.43,"Total Cost": 0.47,"Plan Rows": 1,"Plan Width": 8,"Actual Startup Time": 0.010,"Actual Total Time": 0.010,"Actual Rows": 1,"Actual Loops": 330501,"Index Cond": "(o_orderkey = lineitem.l_orderkey)","Rows Removed by Index Recheck": 0,"Workers": []}]},{"Node Type": "Hash","Parent Relationship": "Inner","Parallel Aware": false,"Async Capable": false,"Startup Cost": 1.25,"Total Cost": 1.25,"Plan Rows": 25,"Plan Width": 108,"Actual Startup Time": 0.077,"Actual Total Time": 0.095,"Actual Rows": 25,"Actual Loops": 3,"Hash Buckets": 1024,"Original Hash Buckets": 1024,"Hash Batches": 1,"Original Hash Batches": 1,"Peak Memory Usage": 10,"Workers": [],"Plans": [{"Node Type": "Seq Scan","Parent Relationship": "Outer","Parallel Aware": false,"Async Capable": false,"Relation Name": "nation","Alias": "nation","Startup Cost": 0.00,"Total Cost": 1.25,"Plan Rows": 25,"Plan Width": 108,"Actual Startup Time": 0.049,"Actual Total Time": 0.063,"Actual Rows": 25,"Actual Loops": 3,"Workers": []}]}]}]}]}]}]},"Planning Time": 11.933,"Triggers": [],"Execution Time": 2562.804}]
[{"Plan": {"Node Type": "Aggregate","Strategy": "Sorted","Partial Mode": "Finalize","Parallel Aware": false,"Async Capable": false,"Startup Cost": 28858.40,"Total Cost": 28868.07,"Plan Rows": 73,"Plan Width": 168,"Actual Startup Time": 2437.634,"Actual Total Time": 2536.387,"Actual Rows": 175,"Actual Loops": 1,"Group Key": ["nation.n_name", "(EXTRACT(year FROM orders.o_orderdate))"],"Plans": [{"Node Type": "Gather Merge","Parent Relationship": "Outer","Parallel Aware": false,"Async Capable": false,"Startup Cost": 28858.40,"Total Cost": 28866.38,"Plan Rows": 60,"Plan Width": 168,"Actual Startup Time": 2436.170,"Actual Total Time": 2536.007,"Actual Rows": 525,"Actual Loops": 1,"Workers Planned": 2,"Workers Launched": 2,"Plans": [{"Node Type": "Aggregate","Strategy": "Sorted","Partial Mode": "Partial","Parent Relationship": "Outer","Parallel Aware": false,"Async Capable": false,"Startup Cost": 27858.38,"Total Cost": 27859.43,"Plan Rows": 30,"Plan Width": 168,"Actual Startup Time": 2330.398,"Actual Total Time": 2449.907,"Actual Rows": 175,"Actual Loops": 3,"Group Key": ["nation.n_name", "(EXTRACT(year FROM orders.o_orderdate))"],"Workers": [],"Plans": [{"Node Type": "Sort","Parent Relationship": "Outer","Parallel Aware": false,"Async Capable": false,"Startup Cost": 27858.38,"Total Cost": 27858.46,"Plan Rows": 30,"Plan Width": 159,"Actual Startup Time": 2329.782,"Actual Total Time": 2368.079,"Actual Rows": 108338,"Actual Loops": 3,"Sort Key": ["nation.n_name", "(EXTRACT(year FROM orders.o_orderdate)) DESC"],"Sort Method": "quicksort","Sort Space Used": 14593,"Sort Space Type": "Memory","Workers": [{"Worker Number": 0,"Sort Method": "quicksort","Sort Space Used": 13513,"Sort Space Type": "Memory"},{"Worker Number": 1,"Sort Method": "quicksort","Sort Space Used": 13476,"Sort Space Type": "Memory"}],"Plans": [{"Node Type": "Hash Join","Parent Relationship": "Outer","Parallel Aware": false,"Async Capable": false,"Join Type": "Inner","Startup Cost": 3.13,"Total Cost": 27857.64,"Plan Rows": 30,"Plan Width": 159,"Actual Startup Time": 0.731,"Actual Total Time": 2182.891,"Actual Rows": 108338,"Actual Loops": 3,"Inner Unique": true,"Hash Cond": "(supplier.s_nationkey = nation.n_nationkey)","Workers": [],"Plans": [{"Node Type": "Nested Loop","Parent Relationship": "Outer","Parallel Aware": false,"Async Capable": false,"Join Type": "Inner","Startup Cost": 1.57,"Total Cost": 27855.92,"Plan Rows": 30,"Plan Width": 31,"Actual Startup Time": 0.565,"Actual Total Time": 2151.553,"Actual Rows": 108338,"Actual Loops": 3,"Inner Unique": true,"Workers": [],"Plans": [{"Node Type": "Nested Loop","Parent Relationship": "Outer","Parallel Aware": false,"Async Capable": false,"Join Type": "Inner","Startup Cost": 1.14,"Total Cost": 27841.96,"Plan Rows": 30,"Plan Width": 31,"Actual Startup Time": 0.427,"Actual Total Time": 1003.075,"Actual Rows": 108338,"Actual Loops": 3,"Inner Unique": true,"Workers": [],"Plans": [{"Node Type": "Nested Loop","Parent Relationship": "Outer","Parallel Aware": false,"Async Capable": false,"Join Type": "Inner","Startup Cost": 0.86,"Total Cost": 27832.88,"Plan Rows": 30,"Plan Width": 35,"Actual Startup Time": 0.323,"Actual Total Time": 818.616,"Actual Rows": 108338,"Actual Loops": 3,"Inner Unique": false,"Workers": [],"Plans": [{"Node Type": "Nested Loop","Parent Relationship": "Outer","Parallel Aware": false,"Async Capable": false,"Join Type": "Inner","Startup Cost": 0.42,"Total Cost": 17103.70,"Plan Rows": 10101,"Plan Width": 18,"Actual Startup Time": 0.191,"Actual Total Time": 114.214,"Actual Rows": 14445,"Actual Loops": 3,"Inner Unique": false,"Workers": [],"Plans": [{"Node Type": "Seq Scan","Parent Relationship": "Outer","Parallel Aware": true,"Async Capable": false,"Relation Name": "part","Alias": "part","Startup Cost": 0.00,"Total Cost": 5138.67,"Plan Rows": 2525,"Plan Width": 4,"Actual Startup Time": 0.051,"Actual Total Time": 48.661,"Actual Rows": 3611,"Actual Loops": 3,"Filter": "((p_name)::text ~~ '%cream%'::text)","Rows Removed by Filter": 63055,"Workers": []},{"Node Type": "Index Scan","Parent Relationship": "Inner","Parallel Aware": false,"Async Capable": false,"Scan Direction": "Forward","Index Name": "idx_partsupp_partkey","Relation Name": "partsupp","Alias": "partsupp","Startup Cost": 0.42,"Total Cost": 4.70,"Plan Rows": 4,"Plan Width": 14,"Actual Startup Time": 0.014,"Actual Total Time": 0.017,"Actual Rows": 4,"Actual Loops": 10834,"Index Cond": "(ps_partkey = part.p_partkey)","Rows Removed by Index Recheck": 0,"Workers": []}]},{"Node Type": "Index Scan","Parent Relationship": "Inner","Parallel Aware": false,"Async Capable": false,"Scan Direction": "Forward","Index Name": "idx_lineitem_part_supp","Relation Name": "lineitem","Alias": "lineitem","Startup Cost": 0.43,"Total Cost": 1.05,"Plan Rows": 1,"Plan Width": 29,"Actual Startup Time": 0.007,"Actual Total Time": 0.047,"Actual Rows": 7,"Actual Loops": 43336,"Index Cond": "((l_partkey = partsupp.ps_partkey) AND (l_suppkey = partsupp.ps_suppkey))","Rows Removed by Index Recheck": 0,"Workers": []}]},{"Node Type": "Index Scan","Parent Relationship": "Inner","Parallel Aware": false,"Async Capable": false,"Scan Direction": "Forward","Index Name": "supplier_pkey","Relation Name": "supplier","Alias": "supplier","Startup Cost": 0.29,"Total Cost": 0.30,"Plan Rows": 1,"Plan Width": 8,"Actual Startup Time": 0.001,"Actual Total Time": 0.001,"Actual Rows": 1,"Actual Loops": 325015,"Index Cond": "(s_suppkey = lineitem.l_suppkey)","Rows Removed by Index Recheck": 0,"Workers": []}]},{"Node Type": "Index Scan","Parent Relationship": "Inner","Parallel Aware": false,"Async Capable": false,"Scan Direction": "Forward","Index Name": "orders_pkey","Relation Name": "orders","Alias": "orders","Startup Cost": 0.43,"Total Cost": 0.47,"Plan Rows": 1,"Plan Width": 8,"Actual Startup Time": 0.010,"Actual Total Time": 0.010,"Actual Rows": 1,"Actual Loops": 325015,"Index Cond": "(o_orderkey = lineitem.l_orderkey)","Rows Removed by Index Recheck": 0,"Workers": []}]},{"Node Type": "Hash","Parent Relationship": "Inner","Parallel Aware": false,"Async Capable": false,"Startup Cost": 1.25,"Total Cost": 1.25,"Plan Rows": 25,"Plan Width": 108,"Actual Startup Time": 0.071,"Actual Total Time": 0.078,"Actual Rows": 25,"Actual Loops": 3,"Hash Buckets": 1024,"Original Hash Buckets": 1024,"Hash Batches": 1,"Original Hash Batches": 1,"Peak Memory Usage": 10,"Workers": [],"Plans": [{"Node Type": "Seq Scan","Parent Relationship": "Outer","Parallel Aware": false,"Async Capable": false,"Relation Name": "nation","Alias": "nation","Startup Cost": 0.00,"Total Cost": 1.25,"Plan Rows": 25,"Plan Width": 108,"Actual Startup Time": 0.045,"Actual Total Time": 0.051,"Actual Rows": 25,"Actual Loops": 3,"Workers": []}]}]}]}]}]}]},"Planning Time": 10.879,"Triggers": [],"Execution Time": 2537.521}]
[{"Plan": {"Node Type": "Aggregate","Strategy": "Sorted","Partial Mode": "Finalize","Parallel Aware": false,"Async Capable": false,"Startup Cost": 47355.08,"Total Cost": 47374.71,"Plan Rows": 146,"Plan Width": 168,"Actual Startup Time": 2427.281,"Actual Total Time": 2560.623,"Actual Rows": 175,"Actual Loops": 1,"Group Key": ["nation.n_name", "(EXTRACT(year FROM orders.o_orderdate))"],"Plans": [{"Node Type": "Gather Merge","Parent Relationship": "Outer","Parallel Aware": false,"Async Capable": false,"Startup Cost": 47355.08,"Total Cost": 47371.30,"Plan Rows": 122,"Plan Width": 168,"Actual Startup Time": 2425.770,"Actual Total Time": 2560.173,"Actual Rows": 525,"Actual Loops": 1,"Workers Planned": 2,"Workers Launched": 2,"Plans": [{"Node Type": "Aggregate","Strategy": "Sorted","Partial Mode": "Partial","Parent Relationship": "Outer","Parallel Aware": false,"Async Capable": false,"Startup Cost": 46355.06,"Total Cost": 46357.20,"Plan Rows": 61,"Plan Width": 168,"Actual Startup Time": 2324.281,"Actual Total Time": 2437.938,"Actual Rows": 175,"Actual Loops": 3,"Group Key": ["nation.n_name", "(EXTRACT(year FROM orders.o_orderdate))"],"Workers": [],"Plans": [{"Node Type": "Sort","Parent Relationship": "Outer","Parallel Aware": false,"Async Capable": false,"Startup Cost": 46355.06,"Total Cost": 46355.21,"Plan Rows": 61,"Plan Width": 159,"Actual Startup Time": 2323.550,"Actual Total Time": 2359.455,"Actual Rows": 109049,"Actual Loops": 3,"Sort Key": ["nation.n_name", "(EXTRACT(year FROM orders.o_orderdate)) DESC"],"Sort Method": "quicksort","Sort Space Used": 13570,"Sort Space Type": "Memory","Workers": [{"Worker Number": 0,"Sort Method": "quicksort","Sort Space Used": 14218,"Sort Space Type": "Memory"},{"Worker Number": 1,"Sort Method": "quicksort","Sort Space Used": 14007,"Sort Space Type": "Memory"}],"Plans": [{"Node Type": "Hash Join","Parent Relationship": "Outer","Parallel Aware": false,"Async Capable": false,"Join Type": "Inner","Startup Cost": 3.13,"Total Cost": 46353.25,"Plan Rows": 61,"Plan Width": 159,"Actual Startup Time": 0.593,"Actual Total Time": 2171.007,"Actual Rows": 109049,"Actual Loops": 3,"Inner Unique": true,"Hash Cond": "(supplier.s_nationkey = nation.n_nationkey)","Workers": [],"Plans": [{"Node Type": "Nested Loop","Parent Relationship": "Outer","Parallel Aware": false,"Async Capable": false,"Join Type": "Inner","Startup Cost": 1.57,"Total Cost": 46351.35,"Plan Rows": 61,"Plan Width": 31,"Actual Startup Time": 0.436,"Actual Total Time": 2139.469,"Actual Rows": 109049,"Actual Loops": 3,"Inner Unique": true,"Workers": [],"Plans": [{"Node Type": "Nested Loop","Parent Relationship": "Outer","Parallel Aware": false,"Async Capable": false,"Join Type": "Inner","Startup Cost": 1.14,"Total Cost": 46322.98,"Plan Rows": 61,"Plan Width": 31,"Actual Startup Time": 0.327,"Actual Total Time": 995.967,"Actual Rows": 109049,"Actual Loops": 3,"Inner Unique": true,"Workers": [],"Plans": [{"Node Type": "Nested Loop","Parent Relationship": "Outer","Parallel Aware": false,"Async Capable": false,"Join Type": "Inner","Startup Cost": 0.86,"Total Cost": 46304.52,"Plan Rows": 61,"Plan Width": 35,"Actual Startup Time": 0.248,"Actual Total Time": 810.663,"Actual Rows": 109049,"Actual Loops": 3,"Inner Unique": false,"Workers": [],"Plans": [{"Node Type": "Nested Loop","Parent Relationship": "Outer","Parallel Aware": false,"Async Capable": false,"Join Type": "Inner","Startup Cost": 0.42,"Total Cost": 24846.16,"Plan Rows": 20202,"Plan Width": 18,"Actual Startup Time": 0.143,"Actual Total Time": 120.159,"Actual Rows": 14543,"Actual Loops": 3,"Inner Unique": false,"Workers": [],"Plans": [{"Node Type": "Seq Scan","Parent Relationship": "Outer","Parallel Aware": true,"Async Capable": false,"Relation Name": "part","Alias": "part","Startup Cost": 0.00,"Total Cost": 5138.67,"Plan Rows": 5051,"Plan Width": 4,"Actual Startup Time": 0.049,"Actual Total Time": 52.346,"Actual Rows": 3636,"Actual Loops": 3,"Filter": "((p_name)::text ~~ '%lace%'::text)","Rows Removed by Filter": 63031,"Workers": []},{"Node Type": "Index Scan","Parent Relationship": "Inner","Parallel Aware": false,"Async Capable": false,"Scan Direction": "Forward","Index Name": "idx_partsupp_partkey","Relation Name": "partsupp","Alias": "partsupp","Startup Cost": 0.42,"Total Cost": 3.86,"Plan Rows": 4,"Plan Width": 14,"Actual Startup Time": 0.014,"Actual Total Time": 0.018,"Actual Rows": 4,"Actual Loops": 10907,"Index Cond": "(ps_partkey = part.p_partkey)","Rows Removed by Index Recheck": 0,"Workers": []}]},{"Node Type": "Index Scan","Parent Relationship": "Inner","Parallel Aware": false,"Async Capable": false,"Scan Direction": "Forward","Index Name": "idx_lineitem_part_supp","Relation Name": "lineitem","Alias": "lineitem","Startup Cost": 0.43,"Total Cost": 1.05,"Plan Rows": 1,"Plan Width": 29,"Actual Startup Time": 0.007,"Actual Total Time": 0.046,"Actual Rows": 7,"Actual Loops": 43628,"Index Cond": "((l_partkey = partsupp.ps_partkey) AND (l_suppkey = partsupp.ps_suppkey))","Rows Removed by Index Recheck": 0,"Workers": []}]},{"Node Type": "Index Scan","Parent Relationship": "Inner","Parallel Aware": false,"Async Capable": false,"Scan Direction": "Forward","Index Name": "supplier_pkey","Relation Name": "supplier","Alias": "supplier","Startup Cost": 0.29,"Total Cost": 0.30,"Plan Rows": 1,"Plan Width": 8,"Actual Startup Time": 0.001,"Actual Total Time": 0.001,"Actual Rows": 1,"Actual Loops": 327148,"Index Cond": "(s_suppkey = lineitem.l_suppkey)","Rows Removed by Index Recheck": 0,"Workers": []}]},{"Node Type": "Index Scan","Parent Relationship": "Inner","Parallel Aware": false,"Async Capable": false,"Scan Direction": "Forward","Index Name": "orders_pkey","Relation Name": "orders","Alias": "orders","Startup Cost": 0.43,"Total Cost": 0.47,"Plan Rows": 1,"Plan Width": 8,"Actual Startup Time": 0.010,"Actual Total Time": 0.010,"Actual Rows": 1,"Actual Loops": 327148,"Index Cond": "(o_orderkey = lineitem.l_orderkey)","Rows Removed by Index Recheck": 0,"Workers": []}]},{"Node Type": "Hash","Parent Relationship": "Inner","Parallel Aware": false,"Async Capable": false,"Startup Cost": 1.25,"Total Cost": 1.25,"Plan Rows": 25,"Plan Width": 108,"Actual Startup Time": 0.069,"Actual Total Time": 0.083,"Actual Rows": 25,"Actual Loops": 3,"Hash Buckets": 1024,"Original Hash Buckets": 1024,"Hash Batches": 1,"Original Hash Batches": 1,"Peak Memory Usage": 10,"Workers": [],"Plans": [{"Node Type": "Seq Scan","Parent Relationship": "Outer","Parallel Aware": false,"Async Capable": false,"Relation Name": "nation","Alias": "nation","Startup Cost": 0.00,"Total Cost": 1.25,"Plan Rows": 25,"Plan Width": 108,"Actual Startup Time": 0.048,"Actual Total Time": 0.058,"Actual Rows": 25,"Actual Loops": 3,"Workers": []}]}]}]}]}]}]},"Planning Time": 12.341,"Triggers": [],"Execution Time": 2564.702}]
[{"Plan": {"Node Type": "Aggregate","Strategy": "Sorted","Partial Mode": "Finalize","Parallel Aware": false,"Async Capable": false,"Startup Cost": 35224.41,"Total Cost": 35237.30,"Plan Rows": 97,"Plan Width": 168,"Actual Startup Time": 2438.634,"Actual Total Time": 2597.179,"Actual Rows": 175,"Actual Loops": 1,"Group Key": ["nation.n_name", "(EXTRACT(year FROM orders.o_orderdate))"],"Plans": [{"Node Type": "Gather Merge","Parent Relationship": "Outer","Parallel Aware": false,"Async Capable": false,"Startup Cost": 35224.41,"Total Cost": 35235.05,"Plan Rows": 80,"Plan Width": 168,"Actual Startup Time": 2437.212,"Actual Total Time": 2596.783,"Actual Rows": 525,"Actual Loops": 1,"Workers Planned": 2,"Workers Launched": 2,"Plans": [{"Node Type": "Aggregate","Strategy": "Sorted","Partial Mode": "Partial","Parent Relationship": "Outer","Parallel Aware": false,"Async Capable": false,"Startup Cost": 34224.39,"Total Cost": 34225.79,"Plan Rows": 40,"Plan Width": 168,"Actual Startup Time": 2317.202,"Actual Total Time": 2458.541,"Actual Rows": 175,"Actual Loops": 3,"Group Key": ["nation.n_name", "(EXTRACT(year FROM orders.o_orderdate))"],"Workers": [],"Plans": [{"Node Type": "Sort","Parent Relationship": "Outer","Parallel Aware": false,"Async Capable": false,"Startup Cost": 34224.39,"Total Cost": 34224.49,"Plan Rows": 40,"Plan Width": 159,"Actual Startup Time": 2316.568,"Actual Total Time": 2367.365,"Actual Rows": 107948,"Actual Loops": 3,"Sort Key": ["nation.n_name", "(EXTRACT(year FROM orders.o_orderdate)) DESC"],"Sort Method": "quicksort","Sort Space Used": 14538,"Sort Space Type": "Memory","Workers": [{"Worker Number": 0,"Sort Method": "quicksort","Sort Space Used": 13479,"Sort Space Type": "Memory"},{"Worker Number": 1,"Sort Method": "quicksort","Sort Space Used": 13441,"Sort Space Type": "Memory"}],"Plans": [{"Node Type": "Hash Join","Parent Relationship": "Outer","Parallel Aware": false,"Async Capable": false,"Join Type": "Inner","Startup Cost": 3.13,"Total Cost": 34223.32,"Plan Rows": 40,"Plan Width": 159,"Actual Startup Time": 0.735,"Actual Total Time": 2172.824,"Actual Rows": 107948,"Actual Loops": 3,"Inner Unique": true,"Hash Cond": "(supplier.s_nationkey = nation.n_nationkey)","Workers": [],"Plans": [{"Node Type": "Nested Loop","Parent Relationship": "Outer","Parallel Aware": false,"Async Capable": false,"Join Type": "Inner","Startup Cost": 1.57,"Total Cost": 34221.53,"Plan Rows": 40,"Plan Width": 31,"Actual Startup Time": 0.558,"Actual Total Time": 2141.544,"Actual Rows": 107948,"Actual Loops": 3,"Inner Unique": true,"Workers": [],"Plans": [{"Node Type": "Nested Loop","Parent Relationship": "Outer","Parallel Aware": false,"Async Capable": false,"Join Type": "Inner","Startup Cost": 1.14,"Total Cost": 34202.93,"Plan Rows": 40,"Plan Width": 31,"Actual Startup Time": 0.423,"Actual Total Time": 998.893,"Actual Rows": 107948,"Actual Loops": 3,"Inner Unique": true,"Workers": [],"Plans": [{"Node Type": "Nested Loop","Parent Relationship": "Outer","Parallel Aware": false,"Async Capable": false,"Join Type": "Inner","Startup Cost": 0.86,"Total Cost": 34190.82,"Plan Rows": 40,"Plan Width": 35,"Actual Startup Time": 0.327,"Actual Total Time": 814.063,"Actual Rows": 107948,"Actual Loops": 3,"Inner Unique": false,"Workers": [],"Plans": [{"Node Type": "Nested Loop","Parent Relationship": "Outer","Parallel Aware": false,"Async Capable": false,"Join Type": "Inner","Startup Cost": 0.42,"Total Cost": 19885.25,"Plan Rows": 13468,"Plan Width": 18,"Actual Startup Time": 0.193,"Actual Total Time": 113.337,"Actual Rows": 14405,"Actual Loops": 3,"Inner Unique": false,"Workers": [],"Plans": [{"Node Type": "Seq Scan","Parent Relationship": "Outer","Parallel Aware": true,"Async Capable": false,"Relation Name": "part","Alias": "part","Startup Cost": 0.00,"Total Cost": 5138.67,"Plan Rows": 3367,"Plan Width": 4,"Actual Startup Time": 0.059,"Actual Total Time": 48.010,"Actual Rows": 3601,"Actual Loops": 3,"Filter": "((p_name)::text ~~ '%floral%'::text)","Rows Removed by Filter": 63065,"Workers": []},{"Node Type": "Index Scan","Parent Relationship": "Inner","Parallel Aware": false,"Async Capable": false,"Scan Direction": "Forward","Index Name": "idx_partsupp_partkey","Relation Name": "partsupp","Alias": "partsupp","Startup Cost": 0.42,"Total Cost": 4.34,"Plan Rows": 4,"Plan Width": 14,"Actual Startup Time": 0.014,"Actual Total Time": 0.017,"Actual Rows": 4,"Actual Loops": 10804,"Index Cond": "(ps_partkey = part.p_partkey)","Rows Removed by Index Recheck": 0,"Workers": []}]},{"Node Type": "Index Scan","Parent Relationship": "Inner","Parallel Aware": false,"Async Capable": false,"Scan Direction": "Forward","Index Name": "idx_lineitem_part_supp","Relation Name": "lineitem","Alias": "lineitem","Startup Cost": 0.43,"Total Cost": 1.05,"Plan Rows": 1,"Plan Width": 29,"Actual Startup Time": 0.007,"Actual Total Time": 0.047,"Actual Rows": 7,"Actual Loops": 43216,"Index Cond": "((l_partkey = partsupp.ps_partkey) AND (l_suppkey = partsupp.ps_suppkey))","Rows Removed by Index Recheck": 0,"Workers": []}]},{"Node Type": "Index Scan","Parent Relationship": "Inner","Parallel Aware": false,"Async Capable": false,"Scan Direction": "Forward","Index Name": "supplier_pkey","Relation Name": "supplier","Alias": "supplier","Startup Cost": 0.29,"Total Cost": 0.30,"Plan Rows": 1,"Plan Width": 8,"Actual Startup Time": 0.001,"Actual Total Time": 0.001,"Actual Rows": 1,"Actual Loops": 323844,"Index Cond": "(s_suppkey = lineitem.l_suppkey)","Rows Removed by Index Recheck": 0,"Workers": []}]},{"Node Type": "Index Scan","Parent Relationship": "Inner","Parallel Aware": false,"Async Capable": false,"Scan Direction": "Forward","Index Name": "orders_pkey","Relation Name": "orders","Alias": "orders","Startup Cost": 0.43,"Total Cost": 0.47,"Plan Rows": 1,"Plan Width": 8,"Actual Startup Time": 0.010,"Actual Total Time": 0.010,"Actual Rows": 1,"Actual Loops": 323844,"Index Cond": "(o_orderkey = lineitem.l_orderkey)","Rows Removed by Index Recheck": 0,"Workers": []}]},{"Node Type": "Hash","Parent Relationship": "Inner","Parallel Aware": false,"Async Capable": false,"Startup Cost": 1.25,"Total Cost": 1.25,"Plan Rows": 25,"Plan Width": 108,"Actual Startup Time": 0.087,"Actual Total Time": 0.099,"Actual Rows": 25,"Actual Loops": 3,"Hash Buckets": 1024,"Original Hash Buckets": 1024,"Hash Batches": 1,"Original Hash Batches": 1,"Peak Memory Usage": 10,"Workers": [],"Plans": [{"Node Type": "Seq Scan","Parent Relationship": "Outer","Parallel Aware": false,"Async Capable": false,"Relation Name": "nation","Alias": "nation","Startup Cost": 0.00,"Total Cost": 1.25,"Plan Rows": 25,"Plan Width": 108,"Actual Startup Time": 0.061,"Actual Total Time": 0.067,"Actual Rows": 25,"Actual Loops": 3,"Workers": []}]}]}]}]}]}]},"Planning Time": 12.204,"Triggers": [],"Execution Time": 2600.171}]
[{"Plan": {"Node Type": "Aggregate","Strategy": "Sorted","Partial Mode": "Finalize","Parallel Aware": false,"Async Capable": false,"Startup Cost": 51920.12,"Total Cost": 51953.05,"Plan Rows": 219,"Plan Width": 168,"Actual Startup Time": 1736.886,"Actual Total Time": 1886.803,"Actual Rows": 175,"Actual Loops": 1,"Group Key": ["nation.n_name", "(EXTRACT(year FROM orders.o_orderdate))"],"Plans": [{"Node Type": "Gather Merge","Parent Relationship": "Outer","Parallel Aware": false,"Async Capable": false,"Startup Cost": 51920.12,"Total Cost": 51947.63,"Plan Rows": 213,"Plan Width": 168,"Actual Startup Time": 1734.752,"Actual Total Time": 1886.193,"Actual Rows": 700,"Actual Loops": 1,"Workers Planned": 3,"Workers Launched": 3,"Plans": [{"Node Type": "Aggregate","Strategy": "Sorted","Partial Mode": "Partial","Parent Relationship": "Outer","Parallel Aware": false,"Async Capable": false,"Startup Cost": 50920.08,"Total Cost": 50922.56,"Plan Rows": 71,"Plan Width": 168,"Actual Startup Time": 1652.291,"Actual Total Time": 1749.811,"Actual Rows": 175,"Actual Loops": 4,"Group Key": ["nation.n_name", "(EXTRACT(year FROM orders.o_orderdate))"],"Workers": [],"Plans": [{"Node Type": "Sort","Parent Relationship": "Outer","Parallel Aware": false,"Async Capable": false,"Startup Cost": 50920.08,"Total Cost": 50920.26,"Plan Rows": 71,"Plan Width": 159,"Actual Startup Time": 1651.742,"Actual Total Time": 1686.315,"Actual Rows": 81570,"Actual Loops": 4,"Sort Key": ["nation.n_name", "(EXTRACT(year FROM orders.o_orderdate)) DESC"],"Sort Method": "quicksort","Sort Space Used": 11359,"Sort Space Type": "Memory","Workers": [{"Worker Number": 0,"Sort Method": "quicksort","Sort Space Used": 11284,"Sort Space Type": "Memory"},{"Worker Number": 1,"Sort Method": "quicksort","Sort Space Used": 11074,"Sort Space Type": "Memory"},{"Worker Number": 2,"Sort Method": "quicksort","Sort Space Used": 11060,"Sort Space Type": "Memory"}],"Plans": [{"Node Type": "Hash Join","Parent Relationship": "Outer","Parallel Aware": false,"Async Capable": false,"Join Type": "Inner","Startup Cost": 5236.07,"Total Cost": 50917.89,"Plan Rows": 71,"Plan Width": 159,"Actual Startup Time": 23.416,"Actual Total Time": 1550.954,"Actual Rows": 81570,"Actual Loops": 4,"Inner Unique": true,"Hash Cond": "(supplier.s_nationkey = nation.n_nationkey)","Workers": [],"Plans": [{"Node Type": "Nested Loop","Parent Relationship": "Outer","Parallel Aware": false,"Async Capable": false,"Join Type": "Inner","Startup Cost": 5234.51,"Total Cost": 50915.94,"Plan Rows": 71,"Plan Width": 31,"Actual Startup Time": 23.259,"Actual Total Time": 1527.695,"Actual Rows": 81570,"Actual Loops": 4,"Inner Unique": true,"Workers": [],"Plans": [{"Node Type": "Nested Loop","Parent Relationship": "Outer","Parallel Aware": false,"Async Capable": false,"Join Type": "Inner","Startup Cost": 5234.08,"Total Cost": 50882.91,"Plan Rows": 71,"Plan Width": 31,"Actual Startup Time": 23.189,"Actual Total Time": 798.846,"Actual Rows": 81570,"Actual Loops": 4,"Inner Unique": true,"Workers": [],"Plans": [{"Node Type": "Nested Loop","Parent Relationship": "Outer","Parallel Aware": false,"Async Capable": false,"Join Type": "Inner","Startup Cost": 5233.80,"Total Cost": 50861.42,"Plan Rows": 71,"Plan Width": 35,"Actual Startup Time": 23.135,"Actual Total Time": 661.971,"Actual Rows": 81570,"Actual Loops": 4,"Inner Unique": false,"Workers": [],"Plans": [{"Node Type": "Hash Join","Parent Relationship": "Outer","Parallel Aware": true,"Async Capable": false,"Join Type": "Inner","Startup Cost": 5233.37,"Total Cost": 25942.44,"Plan Rows": 23460,"Plan Width": 18,"Actual Startup Time": 23.069,"Actual Total Time": 203.690,"Actual Rows": 10893,"Actual Loops": 4,"Inner Unique": true,"Hash Cond": "(partsupp.ps_partkey = part.p_partkey)","Workers": [],"Plans": [{"Node Type": "Seq Scan","Parent Relationship": "Outer","Parallel Aware": true,"Async Capable": false,"Relation Name": "partsupp","Alias": "partsupp","Startup Cost": 0.00,"Total Cost": 20031.65,"Plan Rows": 258065,"Plan Width": 14,"Actual Startup Time": 0.019,"Actual Total Time": 42.732,"Actual Rows": 200000,"Actual Loops": 4,"Workers": []},{"Node Type": "Hash","Parent Relationship": "Inner","Parallel Aware": true,"Async Capable": false,"Startup Cost": 5138.67,"Total Cost": 5138.67,"Plan Rows": 7576,"Plan Width": 4,"Actual Startup Time": 22.827,"Actual Total Time": 22.842,"Actual Rows": 2723,"Actual Loops": 4,"Hash Buckets": 32768,"Original Hash Buckets": 32768,"Hash Batches": 1,"Original Hash Batches": 1,"Peak Memory Usage": 736,"Workers": [],"Plans": [{"Node Type": "Seq Scan","Parent Relationship": "Outer","Parallel Aware": true,"Async Capable": false,"Relation Name": "part","Alias": "part","Startup Cost": 0.00,"Total Cost": 5138.67,"Plan Rows": 7576,"Plan Width": 4,"Actual Startup Time": 0.046,"Actual Total Time": 21.008,"Actual Rows": 2723,"Actual Loops": 4,"Filter": "((p_name)::text ~~ '%lemon%'::text)","Rows Removed by Filter": 47277,"Workers": []}]}]},{"Node Type": "Index Scan","Parent Relationship": "Inner","Parallel Aware": false,"Async Capable": false,"Scan Direction": "Forward","Index Name": "idx_lineitem_part_supp","Relation Name": "lineitem","Alias": "lineitem","Startup Cost": 0.43,"Total Cost": 1.05,"Plan Rows": 1,"Plan Width": 29,"Actual Startup Time": 0.006,"Actual Total Time": 0.041,"Actual Rows": 7,"Actual Loops": 43572,"Index Cond": "((l_partkey = partsupp.ps_partkey) AND (l_suppkey = partsupp.ps_suppkey))","Rows Removed by Index Recheck": 0,"Workers": []}]},{"Node Type": "Index Scan","Parent Relationship": "Inner","Parallel Aware": false,"Async Capable": false,"Scan Direction": "Forward","Index Name": "supplier_pkey","Relation Name": "supplier","Alias": "supplier","Startup Cost": 0.29,"Total Cost": 0.30,"Plan Rows": 1,"Plan Width": 8,"Actual Startup Time": 0.001,"Actual Total Time": 0.001,"Actual Rows": 1,"Actual Loops": 326278,"Index Cond": "(s_suppkey = lineitem.l_suppkey)","Rows Removed by Index Recheck": 0,"Workers": []}]},{"Node Type": "Index Scan","Parent Relationship": "Inner","Parallel Aware": false,"Async Capable": false,"Scan Direction": "Forward","Index Name": "orders_pkey","Relation Name": "orders","Alias": "orders","Startup Cost": 0.43,"Total Cost": 0.47,"Plan Rows": 1,"Plan Width": 8,"Actual Startup Time": 0.009,"Actual Total Time": 0.009,"Actual Rows": 1,"Actual Loops": 326278,"Index Cond": "(o_orderkey = lineitem.l_orderkey)","Rows Removed by Index Recheck": 0,"Workers": []}]},{"Node Type": "Hash","Parent Relationship": "Inner","Parallel Aware": false,"Async Capable": false,"Startup Cost": 1.25,"Total Cost": 1.25,"Plan Rows": 25,"Plan Width": 108,"Actual Startup Time": 0.065,"Actual Total Time": 0.072,"Actual Rows": 25,"Actual Loops": 4,"Hash Buckets": 1024,"Original Hash Buckets": 1024,"Hash Batches": 1,"Original Hash Batches": 1,"Peak Memory Usage": 10,"Workers": [],"Plans": [{"Node Type": "Seq Scan","Parent Relationship": "Outer","Parallel Aware": false,"Async Capable": false,"Relation Name": "nation","Alias": "nation","Startup Cost": 0.00,"Total Cost": 1.25,"Plan Rows": 25,"Plan Width": 108,"Actual Startup Time": 0.043,"Actual Total Time": 0.049,"Actual Rows": 25,"Actual Loops": 4,"Workers": []}]}]}]}]}]}]},"Planning Time": 13.208,"Triggers": [],"Execution Time": 1890.767}]
[{"Plan": {"Node Type": "Aggregate","Strategy": "Sorted","Partial Mode": "Finalize","Parallel Aware": false,"Async Capable": false,"Startup Cost": 57491.59,"Total Cost": 57531.51,"Plan Rows": 268,"Plan Width": 168,"Actual Startup Time": 1716.576,"Actual Total Time": 1816.027,"Actual Rows": 175,"Actual Loops": 1,"Group Key": ["nation.n_name", "(EXTRACT(year FROM orders.o_orderdate))"],"Plans": [{"Node Type": "Gather Merge","Parent Relationship": "Outer","Parallel Aware": false,"Async Capable": false,"Startup Cost": 57491.59,"Total Cost": 57524.91,"Plan Rows": 258,"Plan Width": 168,"Actual Startup Time": 1715.100,"Actual Total Time": 1815.498,"Actual Rows": 700,"Actual Loops": 1,"Workers Planned": 3,"Workers Launched": 3,"Plans": [{"Node Type": "Aggregate","Strategy": "Sorted","Partial Mode": "Partial","Parent Relationship": "Outer","Parallel Aware": false,"Async Capable": false,"Startup Cost": 56491.55,"Total Cost": 56494.56,"Plan Rows": 86,"Plan Width": 168,"Actual Startup Time": 1638.437,"Actual Total Time": 1725.874,"Actual Rows": 175,"Actual Loops": 4,"Group Key": ["nation.n_name", "(EXTRACT(year FROM orders.o_orderdate))"],"Workers": [],"Plans": [{"Node Type": "Sort","Parent Relationship": "Outer","Parallel Aware": false,"Async Capable": false,"Startup Cost": 56491.55,"Total Cost": 56491.76,"Plan Rows": 86,"Plan Width": 159,"Actual Startup Time": 1637.996,"Actual Total Time": 1667.543,"Actual Rows": 80498,"Actual Loops": 4,"Sort Key": ["nation.n_name", "(EXTRACT(year FROM orders.o_orderdate)) DESC"],"Sort Method": "quicksort","Sort Space Used": 11044,"Sort Space Type": "Memory","Workers": [{"Worker Number": 0,"Sort Method": "quicksort","Sort Space Used": 11323,"Sort Space Type": "Memory"},{"Worker Number": 1,"Sort Method": "quicksort","Sort Space Used": 10775,"Sort Space Type": "Memory"},{"Worker Number": 2,"Sort Method": "quicksort","Sort Space Used": 11207,"Sort Space Type": "Memory"}],"Plans": [{"Node Type": "Hash Join","Parent Relationship": "Outer","Parallel Aware": false,"Async Capable": false,"Join Type": "Inner","Startup Cost": 5257.11,"Total Cost": 56488.78,"Plan Rows": 86,"Plan Width": 159,"Actual Startup Time": 21.970,"Actual Total Time": 1538.763,"Actual Rows": 80498,"Actual Loops": 4,"Inner Unique": true,"Hash Cond": "(supplier.s_nationkey = nation.n_nationkey)","Workers": [],"Plans": [{"Node Type": "Nested Loop","Parent Relationship": "Outer","Parallel Aware": false,"Async Capable": false,"Join Type": "Inner","Startup Cost": 5255.55,"Total Cost": 56486.75,"Plan Rows": 86,"Plan Width": 31,"Actual Startup Time": 21.768,"Actual Total Time": 1515.219,"Actual Rows": 80498,"Actual Loops": 4,"Inner Unique": true,"Workers": [],"Plans": [{"Node Type": "Nested Loop","Parent Relationship": "Outer","Parallel Aware": false,"Async Capable": false,"Join Type": "Inner","Startup Cost": 5255.12,"Total Cost": 56446.75,"Plan Rows": 86,"Plan Width": 31,"Actual Startup Time": 21.692,"Actual Total Time": 783.532,"Actual Rows": 80498,"Actual Loops": 4,"Inner Unique": true,"Workers": [],"Plans": [{"Node Type": "Nested Loop","Parent Relationship": "Outer","Parallel Aware": false,"Async Capable": false,"Join Type": "Inner","Startup Cost": 5254.84,"Total Cost": 56420.72,"Plan Rows": 86,"Plan Width": 35,"Actual Startup Time": 21.653,"Actual Total Time": 647.174,"Actual Rows": 80498,"Actual Loops": 4,"Inner Unique": false,"Workers": [],"Plans": [{"Node Type": "Hash Join","Parent Relationship": "Outer","Parallel Aware": true,"Async Capable": false,"Join Type": "Inner","Startup Cost": 5254.40,"Total Cost": 25963.48,"Plan Rows": 28674,"Plan Width": 18,"Actual Startup Time": 21.570,"Actual Total Time": 189.698,"Actual Rows": 10729,"Actual Loops": 4,"Inner Unique": true,"Hash Cond": "(partsupp.ps_partkey = part.p_partkey)","Workers": [],"Plans": [{"Node Type": "Seq Scan","Parent Relationship": "Outer","Parallel Aware": true,"Async Capable": false,"Relation Name": "partsupp","Alias": "partsupp","Startup Cost": 0.00,"Total Cost": 20031.65,"Plan Rows": 258065,"Plan Width": 14,"Actual Startup Time": 0.016,"Actual Total Time": 43.585,"Actual Rows": 200000,"Actual Loops": 4,"Workers": []},{"Node Type": "Hash","Parent Relationship": "Inner","Parallel Aware": true,"Async Capable": false,"Startup Cost": 5138.67,"Total Cost": 5138.67,"Plan Rows": 9259,"Plan Width": 4,"Actual Startup Time": 21.247,"Actual Total Time": 21.264,"Actual Rows": 2682,"Actual Loops": 4,"Hash Buckets": 32768,"Original Hash Buckets": 32768,"Hash Batches": 1,"Original Hash Batches": 1,"Peak Memory Usage": 704,"Workers": [],"Plans": [{"Node Type": "Seq Scan","Parent Relationship": "Outer","Parallel Aware": true,"Async Capable": false,"Relation Name": "part","Alias": "part","Startup Cost": 0.00,"Total Cost": 5138.67,"Plan Rows": 9259,"Plan Width": 4,"Actual Startup Time": 0.052,"Actual Total Time": 19.779,"Actual Rows": 2682,"Actual Loops": 4,"Filter": "((p_name)::text ~~ '%khaki%'::text)","Rows Removed by Filter": 47318,"Workers": []}]}]},{"Node Type": "Index Scan","Parent Relationship": "Inner","Parallel Aware": false,"Async Capable": false,"Scan Direction": "Forward","Index Name": "idx_lineitem_part_supp","Relation Name": "lineitem","Alias": "lineitem","Startup Cost": 0.43,"Total Cost": 1.05,"Plan Rows": 1,"Plan Width": 29,"Actual Startup Time": 0.006,"Actual Total Time": 0.041,"Actual Rows": 8,"Actual Loops": 42916,"Index Cond": "((l_partkey = partsupp.ps_partkey) AND (l_suppkey = partsupp.ps_suppkey))","Rows Removed by Index Recheck": 0,"Workers": []}]},{"Node Type": "Index Scan","Parent Relationship": "Inner","Parallel Aware": false,"Async Capable": false,"Scan Direction": "Forward","Index Name": "supplier_pkey","Relation Name": "supplier","Alias": "supplier","Startup Cost": 0.29,"Total Cost": 0.30,"Plan Rows": 1,"Plan Width": 8,"Actual Startup Time": 0.001,"Actual Total Time": 0.001,"Actual Rows": 1,"Actual Loops": 321993,"Index Cond": "(s_suppkey = lineitem.l_suppkey)","Rows Removed by Index Recheck": 0,"Workers": []}]},{"Node Type": "Index Scan","Parent Relationship": "Inner","Parallel Aware": false,"Async Capable": false,"Scan Direction": "Forward","Index Name": "orders_pkey","Relation Name": "orders","Alias": "orders","Startup Cost": 0.43,"Total Cost": 0.47,"Plan Rows": 1,"Plan Width": 8,"Actual Startup Time": 0.009,"Actual Total Time": 0.009,"Actual Rows": 1,"Actual Loops": 321993,"Index Cond": "(o_orderkey = lineitem.l_orderkey)","Rows Removed by Index Recheck": 0,"Workers": []}]},{"Node Type": "Hash","Parent Relationship": "Inner","Parallel Aware": false,"Async Capable": false,"Startup Cost": 1.25,"Total Cost": 1.25,"Plan Rows": 25,"Plan Width": 108,"Actual Startup Time": 0.099,"Actual Total Time": 0.107,"Actual Rows": 25,"Actual Loops": 4,"Hash Buckets": 1024,"Original Hash Buckets": 1024,"Hash Batches": 1,"Original Hash Batches": 1,"Peak Memory Usage": 10,"Workers": [],"Plans": [{"Node Type": "Seq Scan","Parent Relationship": "Outer","Parallel Aware": false,"Async Capable": false,"Relation Name": "nation","Alias": "nation","Startup Cost": 0.00,"Total Cost": 1.25,"Plan Rows": 25,"Plan Width": 108,"Actual Startup Time": 0.064,"Actual Total Time": 0.072,"Actual Rows": 25,"Actual Loops": 4,"Workers": []}]}]}]}]}]}]},"Planning Time": 12.149,"Triggers": [],"Execution Time": 1818.437}]
[{"Plan": {"Node Type": "Aggregate","Strategy": "Sorted","Partial Mode": "Finalize","Parallel Aware": false,"Async Capable": false,"Startup Cost": 35224.41,"Total Cost": 35237.30,"Plan Rows": 97,"Plan Width": 168,"Actual Startup Time": 2357.364,"Actual Total Time": 2496.535,"Actual Rows": 175,"Actual Loops": 1,"Group Key": ["nation.n_name", "(EXTRACT(year FROM orders.o_orderdate))"],"Plans": [{"Node Type": "Gather Merge","Parent Relationship": "Outer","Parallel Aware": false,"Async Capable": false,"Startup Cost": 35224.41,"Total Cost": 35235.05,"Plan Rows": 80,"Plan Width": 168,"Actual Startup Time": 2355.924,"Actual Total Time": 2496.142,"Actual Rows": 525,"Actual Loops": 1,"Workers Planned": 2,"Workers Launched": 2,"Plans": [{"Node Type": "Aggregate","Strategy": "Sorted","Partial Mode": "Partial","Parent Relationship": "Outer","Parallel Aware": false,"Async Capable": false,"Startup Cost": 34224.39,"Total Cost": 34225.79,"Plan Rows": 40,"Plan Width": 168,"Actual Startup Time": 2247.984,"Actual Total Time": 2368.597,"Actual Rows": 175,"Actual Loops": 3,"Group Key": ["nation.n_name", "(EXTRACT(year FROM orders.o_orderdate))"],"Workers": [],"Plans": [{"Node Type": "Sort","Parent Relationship": "Outer","Parallel Aware": false,"Async Capable": false,"Startup Cost": 34224.39,"Total Cost": 34224.49,"Plan Rows": 40,"Plan Width": 159,"Actual Startup Time": 2247.517,"Actual Total Time": 2286.585,"Actual Rows": 107203,"Actual Loops": 3,"Sort Key": ["nation.n_name", "(EXTRACT(year FROM orders.o_orderdate)) DESC"],"Sort Method": "quicksort","Sort Space Used": 13369,"Sort Space Type": "Memory","Workers": [{"Worker Number": 0,"Sort Method": "quicksort","Sort Space Used": 14016,"Sort Space Type": "Memory"},{"Worker Number": 1,"Sort Method": "quicksort","Sort Space Used": 13856,"Sort Space Type": "Memory"}],"Plans": [{"Node Type": "Hash Join","Parent Relationship": "Outer","Parallel Aware": false,"Async Capable": false,"Join Type": "Inner","Startup Cost": 3.13,"Total Cost": 34223.32,"Plan Rows": 40,"Plan Width": 159,"Actual Startup Time": 0.679,"Actual Total Time": 2101.760,"Actual Rows": 107203,"Actual Loops": 3,"Inner Unique": true,"Hash Cond": "(supplier.s_nationkey = nation.n_nationkey)","Workers": [],"Plans": [{"Node Type": "Nested Loop","Parent Relationship": "Outer","Parallel Aware": false,"Async Capable": false,"Join Type": "Inner","Startup Cost": 1.57,"Total Cost": 34221.53,"Plan Rows": 40,"Plan Width": 31,"Actual Startup Time": 0.517,"Actual Total Time": 2070.140,"Actual Rows": 107203,"Actual Loops": 3,"Inner Unique": true,"Workers": [],"Plans": [{"Node Type": "Nested Loop","Parent Relationship": "Outer","Parallel Aware": false,"Async Capable": false,"Join Type": "Inner","Startup Cost": 1.14,"Total Cost": 34202.93,"Plan Rows": 40,"Plan Width": 31,"Actual Startup Time": 0.385,"Actual Total Time": 967.844,"Actual Rows": 107203,"Actual Loops": 3,"Inner Unique": true,"Workers": [],"Plans": [{"Node Type": "Nested Loop","Parent Relationship": "Outer","Parallel Aware": false,"Async Capable": false,"Join Type": "Inner","Startup Cost": 0.86,"Total Cost": 34190.82,"Plan Rows": 40,"Plan Width": 35,"Actual Startup Time": 0.299,"Actual Total Time": 787.636,"Actual Rows": 107203,"Actual Loops": 3,"Inner Unique": false,"Workers": [],"Plans": [{"Node Type": "Nested Loop","Parent Relationship": "Outer","Parallel Aware": false,"Async Capable": false,"Join Type": "Inner","Startup Cost": 0.42,"Total Cost": 19885.25,"Plan Rows": 13468,"Plan Width": 18,"Actual Startup Time": 0.192,"Actual Total Time": 117.102,"Actual Rows": 14315,"Actual Loops": 3,"Inner Unique": false,"Workers": [],"Plans": [{"Node Type": "Seq Scan","Parent Relationship": "Outer","Parallel Aware": true,"Async Capable": false,"Relation Name": "part","Alias": "part","Startup Cost": 0.00,"Total Cost": 5138.67,"Plan Rows": 3367,"Plan Width": 4,"Actual Startup Time": 0.065,"Actual Total Time": 51.071,"Actual Rows": 3579,"Actual Loops": 3,"Filter": "((p_name)::text ~~ '%smoke%'::text)","Rows Removed by Filter": 63088,"Workers": []},{"Node Type": "Index Scan","Parent Relationship": "Inner","Parallel Aware": false,"Async Capable": false,"Scan Direction": "Forward","Index Name": "idx_partsupp_partkey","Relation Name": "partsupp","Alias": "partsupp","Startup Cost": 0.42,"Total Cost": 4.34,"Plan Rows": 4,"Plan Width": 14,"Actual Startup Time": 0.014,"Actual Total Time": 0.018,"Actual Rows": 4,"Actual Loops": 10736,"Index Cond": "(ps_partkey = part.p_partkey)","Rows Removed by Index Recheck": 0,"Workers": []}]},{"Node Type": "Index Scan","Parent Relationship": "Inner","Parallel Aware": false,"Async Capable": false,"Scan Direction": "Forward","Index Name": "idx_lineitem_part_supp","Relation Name": "lineitem","Alias": "lineitem","Startup Cost": 0.43,"Total Cost": 1.05,"Plan Rows": 1,"Plan Width": 29,"Actual Startup Time": 0.007,"Actual Total Time": 0.045,"Actual Rows": 7,"Actual Loops": 42944,"Index Cond": "((l_partkey = partsupp.ps_partkey) AND (l_suppkey = partsupp.ps_suppkey))","Rows Removed by Index Recheck": 0,"Workers": []}]},{"Node Type": "Index Scan","Parent Relationship": "Inner","Parallel Aware": false,"Async Capable": false,"Scan Direction": "Forward","Index Name": "supplier_pkey","Relation Name": "supplier","Alias": "supplier","Startup Cost": 0.29,"Total Cost": 0.30,"Plan Rows": 1,"Plan Width": 8,"Actual Startup Time": 0.001,"Actual Total Time": 0.001,"Actual Rows": 1,"Actual Loops": 321610,"Index Cond": "(s_suppkey = lineitem.l_suppkey)","Rows Removed by Index Recheck": 0,"Workers": []}]},{"Node Type": "Index Scan","Parent Relationship": "Inner","Parallel Aware": false,"Async Capable": false,"Scan Direction": "Forward","Index Name": "orders_pkey","Relation Name": "orders","Alias": "orders","Startup Cost": 0.43,"Total Cost": 0.47,"Plan Rows": 1,"Plan Width": 8,"Actual Startup Time": 0.010,"Actual Total Time": 0.010,"Actual Rows": 1,"Actual Loops": 321610,"Index Cond": "(o_orderkey = lineitem.l_orderkey)","Rows Removed by Index Recheck": 0,"Workers": []}]},{"Node Type": "Hash","Parent Relationship": "Inner","Parallel Aware": false,"Async Capable": false,"Startup Cost": 1.25,"Total Cost": 1.25,"Plan Rows": 25,"Plan Width": 108,"Actual Startup Time": 0.075,"Actual Total Time": 0.083,"Actual Rows": 25,"Actual Loops": 3,"Hash Buckets": 1024,"Original Hash Buckets": 1024,"Hash Batches": 1,"Original Hash Batches": 1,"Peak Memory Usage": 10,"Workers": [],"Plans": [{"Node Type": "Seq Scan","Parent Relationship": "Outer","Parallel Aware": false,"Async Capable": false,"Relation Name": "nation","Alias": "nation","Startup Cost": 0.00,"Total Cost": 1.25,"Plan Rows": 25,"Plan Width": 108,"Actual Startup Time": 0.048,"Actual Total Time": 0.054,"Actual Rows": 25,"Actual Loops": 3,"Workers": []}]}]}]}]}]}]},"Planning Time": 11.689,"Triggers": [],"Execution Time": 2500.376}]
[{"Plan": {"Node Type": "Aggregate","Strategy": "Sorted","Partial Mode": "Finalize","Parallel Aware": false,"Async Capable": false,"Startup Cost": 35224.41,"Total Cost": 35237.30,"Plan Rows": 97,"Plan Width": 168,"Actual Startup Time": 2438.634,"Actual Total Time": 2597.179,"Actual Rows": 175,"Actual Loops": 1,"Group Key": ["nation.n_name", "(EXTRACT(year FROM orders.o_orderdate))"],"Plans": [{"Node Type": "Gather Merge","Parent Relationship": "Outer","Parallel Aware": false,"Async Capable": false,"Startup Cost": 35224.41,"Total Cost": 35235.05,"Plan Rows": 80,"Plan Width": 168,"Actual Startup Time": 2437.212,"Actual Total Time": 2596.783,"Actual Rows": 525,"Actual Loops": 1,"Workers Planned": 2,"Workers Launched": 2,"Plans": [{"Node Type": "Aggregate","Strategy": "Sorted","Partial Mode": "Partial","Parent Relationship": "Outer","Parallel Aware": false,"Async Capable": false,"Startup Cost": 34224.39,"Total Cost": 34225.79,"Plan Rows": 40,"Plan Width": 168,"Actual Startup Time": 2317.202,"Actual Total Time": 2458.541,"Actual Rows": 175,"Actual Loops": 3,"Group Key": ["nation.n_name", "(EXTRACT(year FROM orders.o_orderdate))"],"Workers": [],"Plans": [{"Node Type": "Sort","Parent Relationship": "Outer","Parallel Aware": false,"Async Capable": false,"Startup Cost": 34224.39,"Total Cost": 34224.49,"Plan Rows": 40,"Plan Width": 159,"Actual Startup Time": 2316.568,"Actual Total Time": 2367.365,"Actual Rows": 107948,"Actual Loops": 3,"Sort Key": ["nation.n_name", "(EXTRACT(year FROM orders.o_orderdate)) DESC"],"Sort Method": "quicksort","Sort Space Used": 14538,"Sort Space Type": "Memory","Workers": [{"Worker Number": 0,"Sort Method": "quicksort","Sort Space Used": 13479,"Sort Space Type": "Memory"},{"Worker Number": 1,"Sort Method": "quicksort","Sort Space Used": 13441,"Sort Space Type": "Memory"}],"Plans": [{"Node Type": "Hash Join","Parent Relationship": "Outer","Parallel Aware": false,"Async Capable": false,"Join Type": "Inner","Startup Cost": 3.13,"Total Cost": 34223.32,"Plan Rows": 40,"Plan Width": 159,"Actual Startup Time": 0.735,"Actual Total Time": 2172.824,"Actual Rows": 107948,"Actual Loops": 3,"Inner Unique": true,"Hash Cond": "(supplier.s_nationkey = nation.n_nationkey)","Workers": [],"Plans": [{"Node Type": "Nested Loop","Parent Relationship": "Outer","Parallel Aware": false,"Async Capable": false,"Join Type": "Inner","Startup Cost": 1.57,"Total Cost": 34221.53,"Plan Rows": 40,"Plan Width": 31,"Actual Startup Time": 0.558,"Actual Total Time": 2141.544,"Actual Rows": 107948,"Actual Loops": 3,"Inner Unique": true,"Workers": [],"Plans": [{"Node Type": "Nested Loop","Parent Relationship": "Outer","Parallel Aware": false,"Async Capable": false,"Join Type": "Inner","Startup Cost": 1.14,"Total Cost": 34202.93,"Plan Rows": 40,"Plan Width": 31,"Actual Startup Time": 0.423,"Actual Total Time": 998.893,"Actual Rows": 107948,"Actual Loops": 3,"Inner Unique": true,"Workers": [],"Plans": [{"Node Type": "Nested Loop","Parent Relationship": "Outer","Parallel Aware": false,"Async Capable": false,"Join Type": "Inner","Startup Cost": 0.86,"Total Cost": 34190.82,"Plan Rows": 40,"Plan Width": 35,"Actual Startup Time": 0.327,"Actual Total Time": 814.063,"Actual Rows": 107948,"Actual Loops": 3,"Inner Unique": false,"Workers": [],"Plans": [{"Node Type": "Nested Loop","Parent Relationship": "Outer","Parallel Aware": false,"Async Capable": false,"Join Type": "Inner","Startup Cost": 0.42,"Total Cost": 19885.25,"Plan Rows": 13468,"Plan Width": 18,"Actual Startup Time": 0.193,"Actual Total Time": 113.337,"Actual Rows": 14405,"Actual Loops": 3,"Inner Unique": false,"Workers": [],"Plans": [{"Node Type": "Seq Scan","Parent Relationship": "Outer","Parallel Aware": true,"Async Capable": false,"Relation Name": "part","Alias": "part","Startup Cost": 0.00,"Total Cost": 5138.67,"Plan Rows": 3367,"Plan Width": 4,"Actual Startup Time": 0.059,"Actual Total Time": 48.010,"Actual Rows": 3601,"Actual Loops": 3,"Filter": "((p_name)::text ~~ '%floral%'::text)","Rows Removed by Filter": 63065,"Workers": []},{"Node Type": "Index Scan","Parent Relationship": "Inner","Parallel Aware": false,"Async Capable": false,"Scan Direction": "Forward","Index Name": "idx_partsupp_partkey","Relation Name": "partsupp","Alias": "partsupp","Startup Cost": 0.42,"Total Cost": 4.34,"Plan Rows": 4,"Plan Width": 14,"Actual Startup Time": 0.014,"Actual Total Time": 0.017,"Actual Rows": 4,"Actual Loops": 10804,"Index Cond": "(ps_partkey = part.p_partkey)","Rows Removed by Index Recheck": 0,"Workers": []}]},{"Node Type": "Index Scan","Parent Relationship": "Inner","Parallel Aware": false,"Async Capable": false,"Scan Direction": "Forward","Index Name": "idx_lineitem_part_supp","Relation Name": "lineitem","Alias": "lineitem","Startup Cost": 0.43,"Total Cost": 1.05,"Plan Rows": 1,"Plan Width": 29,"Actual Startup Time": 0.007,"Actual Total Time": 0.047,"Actual Rows": 7,"Actual Loops": 43216,"Index Cond": "((l_partkey = partsupp.ps_partkey) AND (l_suppkey = partsupp.ps_suppkey))","Rows Removed by Index Recheck": 0,"Workers": []}]},{"Node Type": "Index Scan","Parent Relationship": "Inner","Parallel Aware": false,"Async Capable": false,"Scan Direction": "Forward","Index Name": "supplier_pkey","Relation Name": "supplier","Alias": "supplier","Startup Cost": 0.29,"Total Cost": 0.30,"Plan Rows": 1,"Plan Width": 8,"Actual Startup Time": 0.001,"Actual Total Time": 0.001,"Actual Rows": 1,"Actual Loops": 323844,"Index Cond": "(s_suppkey = lineitem.l_suppkey)","Rows Removed by Index Recheck": 0,"Workers": []}]},{"Node Type": "Index Scan","Parent Relationship": "Inner","Parallel Aware": false,"Async Capable": false,"Scan Direction": "Forward","Index Name": "orders_pkey","Relation Name": "orders","Alias": "orders","Startup Cost": 0.43,"Total Cost": 0.47,"Plan Rows": 1,"Plan Width": 8,"Actual Startup Time": 0.010,"Actual Total Time": 0.010,"Actual Rows": 1,"Actual Loops": 323844,"Index Cond": "(o_orderkey = lineitem.l_orderkey)","Rows Removed by Index Recheck": 0,"Workers": []}]},{"Node Type": "Hash","Parent Relationship": "Inner","Parallel Aware": false,"Async Capable": false,"Startup Cost": 1.25,"Total Cost": 1.25,"Plan Rows": 25,"Plan Width": 108,"Actual Startup Time": 0.087,"Actual Total Time": 0.099,"Actual Rows": 25,"Actual Loops": 3,"Hash Buckets": 1024,"Original Hash Buckets": 1024,"Hash Batches": 1,"Original Hash Batches": 1,"Peak Memory Usage": 10,"Workers": [],"Plans": [{"Node Type": "Seq Scan","Parent Relationship": "Outer","Parallel Aware": false,"Async Capable": false,"Relation Name": "nation","Alias": "nation","Startup Cost": 0.00,"Total Cost": 1.25,"Plan Rows": 25,"Plan Width": 108,"Actual Startup Time": 0.061,"Actual Total Time": 0.067,"Actual Rows": 25,"Actual Loops": 3,"Workers": []}]}]}]}]}]}]},"Planning Time": 12.204,"Triggers": [],"Execution Time": 2600.171}]
[{"Plan": {"Node Type": "Aggregate","Strategy": "Sorted","Partial Mode": "Finalize","Parallel Aware": false,"Async Capable": false,"Startup Cost": 46348.90,"Total Cost": 46374.41,"Plan Rows": 170,"Plan Width": 168,"Actual Startup Time": 1721.273,"Actual Total Time": 1854.515,"Actual Rows": 175,"Actual Loops": 1,"Group Key": ["nation.n_name", "(EXTRACT(year FROM orders.o_orderdate))"],"Plans": [{"Node Type": "Gather Merge","Parent Relationship": "Outer","Parallel Aware": false,"Async Capable": false,"Startup Cost": 46348.90,"Total Cost": 46370.21,"Plan Rows": 165,"Plan Width": 168,"Actual Startup Time": 1719.350,"Actual Total Time": 1854.023,"Actual Rows": 700,"Actual Loops": 1,"Workers Planned": 3,"Workers Launched": 3,"Plans": [{"Node Type": "Aggregate","Strategy": "Sorted","Partial Mode": "Partial","Parent Relationship": "Outer","Parallel Aware": false,"Async Capable": false,"Startup Cost": 45348.86,"Total Cost": 45350.79,"Plan Rows": 55,"Plan Width": 168,"Actual Startup Time": 1646.442,"Actual Total Time": 1738.929,"Actual Rows": 175,"Actual Loops": 4,"Group Key": ["nation.n_name", "(EXTRACT(year FROM orders.o_orderdate))"],"Workers": [],"Plans": [{"Node Type": "Sort","Parent Relationship": "Outer","Parallel Aware": false,"Async Capable": false,"Startup Cost": 45348.86,"Total Cost": 45349.00,"Plan Rows": 55,"Plan Width": 159,"Actual Startup Time": 1645.906,"Actual Total Time": 1677.663,"Actual Rows": 81262,"Actual Loops": 4,"Sort Key": ["nation.n_name", "(EXTRACT(year FROM orders.o_orderdate)) DESC"],"Sort Method": "quicksort","Sort Space Used": 11306,"Sort Space Type": "Memory","Workers": [{"Worker Number": 0,"Sort Method": "quicksort","Sort Space Used": 11205,"Sort Space Type": "Memory"},{"Worker Number": 1,"Sort Method": "quicksort","Sort Space Used": 11072,"Sort Space Type": "Memory"},{"Worker Number": 2,"Sort Method": "quicksort","Sort Space Used": 11071,"Sort Space Type": "Memory"}],"Plans": [{"Node Type": "Hash Join","Parent Relationship": "Outer","Parallel Aware": false,"Async Capable": false,"Join Type": "Inner","Startup Cost": 5215.02,"Total Cost": 45347.27,"Plan Rows": 55,"Plan Width": 159,"Actual Startup Time": 21.234,"Actual Total Time": 1544.257,"Actual Rows": 81262,"Actual Loops": 4,"Inner Unique": true,"Hash Cond": "(supplier.s_nationkey = nation.n_nationkey)","Workers": [],"Plans": [{"Node Type": "Nested Loop","Parent Relationship": "Outer","Parallel Aware": false,"Async Capable": false,"Join Type": "Inner","Startup Cost": 5213.46,"Total Cost": 45345.40,"Plan Rows": 55,"Plan Width": 31,"Actual Startup Time": 21.038,"Actual Total Time": 1520.991,"Actual Rows": 81262,"Actual Loops": 4,"Inner Unique": true,"Workers": [],"Plans": [{"Node Type": "Nested Loop","Parent Relationship": "Outer","Parallel Aware": false,"Async Capable": false,"Join Type": "Inner","Startup Cost": 5213.03,"Total Cost": 45319.82,"Plan Rows": 55,"Plan Width": 31,"Actual Startup Time": 20.972,"Actual Total Time": 791.083,"Actual Rows": 81262,"Actual Loops": 4,"Inner Unique": true,"Workers": [],"Plans": [{"Node Type": "Nested Loop","Parent Relationship": "Outer","Parallel Aware": false,"Async Capable": false,"Join Type": "Inner","Startup Cost": 5212.75,"Total Cost": 45303.17,"Plan Rows": 55,"Plan Width": 35,"Actual Startup Time": 20.917,"Actual Total Time": 653.989,"Actual Rows": 81262,"Actual Loops": 4,"Inner Unique": false,"Workers": [],"Plans": [{"Node Type": "Hash Join","Parent Relationship": "Outer","Parallel Aware": true,"Async Capable": false,"Join Type": "Inner","Startup Cost": 5212.32,"Total Cost": 25921.39,"Plan Rows": 18247,"Plan Width": 18,"Actual Startup Time": 20.846,"Actual Total Time": 195.804,"Actual Rows": 10838,"Actual Loops": 4,"Inner Unique": true,"Hash Cond": "(partsupp.ps_partkey = part.p_partkey)","Workers": [],"Plans": [{"Node Type": "Seq Scan","Parent Relationship": "Outer","Parallel Aware": true,"Async Capable": false,"Relation Name": "partsupp","Alias": "partsupp","Startup Cost": 0.00,"Total Cost": 20031.65,"Plan Rows": 258065,"Plan Width": 14,"Actual Startup Time": 0.011,"Actual Total Time": 42.921,"Actual Rows": 200000,"Actual Loops": 4,"Workers": []},{"Node Type": "Hash","Parent Relationship": "Inner","Parallel Aware": true,"Async Capable": false,"Startup Cost": 5138.67,"Total Cost": 5138.67,"Plan Rows": 5892,"Plan Width": 4,"Actual Startup Time": 20.643,"Actual Total Time": 20.652,"Actual Rows": 2710,"Actual Loops": 4,"Hash Buckets": 16384,"Original Hash Buckets": 16384,"Hash Batches": 1,"Original Hash Batches": 1,"Peak Memory Usage": 608,"Workers": [],"Plans": [{"Node Type": "Seq Scan","Parent Relationship": "Outer","Parallel Aware": true,"Async Capable": false,"Relation Name": "part","Alias": "part","Startup Cost": 0.00,"Total Cost": 5138.67,"Plan Rows": 5892,"Plan Width": 4,"Actual Startup Time": 0.061,"Actual Total Time": 19.025,"Actual Rows": 2710,"Actual Loops": 4,"Filter": "((p_name)::text ~~ '%burnished%'::text)","Rows Removed by Filter": 47290,"Workers": []}]}]},{"Node Type": "Index Scan","Parent Relationship": "Inner","Parallel Aware": false,"Async Capable": false,"Scan Direction": "Forward","Index Name": "idx_lineitem_part_supp","Relation Name": "lineitem","Alias": "lineitem","Startup Cost": 0.43,"Total Cost": 1.05,"Plan Rows": 1,"Plan Width": 29,"Actual Startup Time": 0.006,"Actual Total Time": 0.041,"Actual Rows": 7,"Actual Loops": 43352,"Index Cond": "((l_partkey = partsupp.ps_partkey) AND (l_suppkey = partsupp.ps_suppkey))","Rows Removed by Index Recheck": 0,"Workers": []}]},{"Node Type": "Index Scan","Parent Relationship": "Inner","Parallel Aware": false,"Async Capable": false,"Scan Direction": "Forward","Index Name": "supplier_pkey","Relation Name": "supplier","Alias": "supplier","Startup Cost": 0.29,"Total Cost": 0.30,"Plan Rows": 1,"Plan Width": 8,"Actual Startup Time": 0.001,"Actual Total Time": 0.001,"Actual Rows": 1,"Actual Loops": 325050,"Index Cond": "(s_suppkey = lineitem.l_suppkey)","Rows Removed by Index Recheck": 0,"Workers": []}]},{"Node Type": "Index Scan","Parent Relationship": "Inner","Parallel Aware": false,"Async Capable": false,"Scan Direction": "Forward","Index Name": "orders_pkey","Relation Name": "orders","Alias": "orders","Startup Cost": 0.43,"Total Cost": 0.47,"Plan Rows": 1,"Plan Width": 8,"Actual Startup Time": 0.009,"Actual Total Time": 0.009,"Actual Rows": 1,"Actual Loops": 325050,"Index Cond": "(o_orderkey = lineitem.l_orderkey)","Rows Removed by Index Recheck": 0,"Workers": []}]},{"Node Type": "Hash","Parent Relationship": "Inner","Parallel Aware": false,"Async Capable": false,"Startup Cost": 1.25,"Total Cost": 1.25,"Plan Rows": 25,"Plan Width": 108,"Actual Startup Time": 0.087,"Actual Total Time": 0.092,"Actual Rows": 25,"Actual Loops": 4,"Hash Buckets": 1024,"Original Hash Buckets": 1024,"Hash Batches": 1,"Original Hash Batches": 1,"Peak Memory Usage": 10,"Workers": [],"Plans": [{"Node Type": "Seq Scan","Parent Relationship": "Outer","Parallel Aware": false,"Async Capable": false,"Relation Name": "nation","Alias": "nation","Startup Cost": 0.00,"Total Cost": 1.25,"Plan Rows": 25,"Plan Width": 108,"Actual Startup Time": 0.057,"Actual Total Time": 0.064,"Actual Rows": 25,"Actual Loops": 4,"Workers": []}]}]}]}]}]}]},"Planning Time": 12.393,"Triggers": [],"Execution Time": 1858.181}]
[{"Plan": {"Node Type": "Aggregate","Strategy": "Sorted","Partial Mode": "Finalize","Parallel Aware": false,"Async Capable": false,"Startup Cost": 46348.90,"Total Cost": 46374.41,"Plan Rows": 170,"Plan Width": 168,"Actual Startup Time": 1730.222,"Actual Total Time": 1874.204,"Actual Rows": 175,"Actual Loops": 1,"Group Key": ["nation.n_name", "(EXTRACT(year FROM orders.o_orderdate))"],"Plans": [{"Node Type": "Gather Merge","Parent Relationship": "Outer","Parallel Aware": false,"Async Capable": false,"Startup Cost": 46348.90,"Total Cost": 46370.21,"Plan Rows": 165,"Plan Width": 168,"Actual Startup Time": 1728.668,"Actual Total Time": 1873.759,"Actual Rows": 700,"Actual Loops": 1,"Workers Planned": 3,"Workers Launched": 3,"Plans": [{"Node Type": "Aggregate","Strategy": "Sorted","Partial Mode": "Partial","Parent Relationship": "Outer","Parallel Aware": false,"Async Capable": false,"Startup Cost": 45348.86,"Total Cost": 45350.79,"Plan Rows": 55,"Plan Width": 168,"Actual Startup Time": 1650.826,"Actual Total Time": 1744.501,"Actual Rows": 175,"Actual Loops": 4,"Group Key": ["nation.n_name", "(EXTRACT(year FROM orders.o_orderdate))"],"Workers": [],"Plans": [{"Node Type": "Sort","Parent Relationship": "Outer","Parallel Aware": false,"Async Capable": false,"Startup Cost": 45348.86,"Total Cost": 45349.00,"Plan Rows": 55,"Plan Width": 159,"Actual Startup Time": 1650.333,"Actual Total Time": 1682.232,"Actual Rows": 81534,"Actual Loops": 4,"Sort Key": ["nation.n_name", "(EXTRACT(year FROM orders.o_orderdate)) DESC"],"Sort Method": "quicksort","Sort Space Used": 11317,"Sort Space Type": "Memory","Workers": [{"Worker Number": 0,"Sort Method": "quicksort","Sort Space Used": 11037,"Sort Space Type": "Memory"},{"Worker Number": 1,"Sort Method": "quicksort","Sort Space Used": 11269,"Sort Space Type": "Memory"},{"Worker Number": 2,"Sort Method": "quicksort","Sort Space Used": 11142,"Sort Space Type": "Memory"}],"Plans": [{"Node Type": "Hash Join","Parent Relationship": "Outer","Parallel Aware": false,"Async Capable": false,"Join Type": "Inner","Startup Cost": 5215.02,"Total Cost": 45347.27,"Plan Rows": 55,"Plan Width": 159,"Actual Startup Time": 22.539,"Actual Total Time": 1549.942,"Actual Rows": 81534,"Actual Loops": 4,"Inner Unique": true,"Hash Cond": "(supplier.s_nationkey = nation.n_nationkey)","Workers": [],"Plans": [{"Node Type": "Nested Loop","Parent Relationship": "Outer","Parallel Aware": false,"Async Capable": false,"Join Type": "Inner","Startup Cost": 5213.46,"Total Cost": 45345.40,"Plan Rows": 55,"Plan Width": 31,"Actual Startup Time": 22.374,"Actual Total Time": 1526.572,"Actual Rows": 81534,"Actual Loops": 4,"Inner Unique": true,"Workers": [],"Plans": [{"Node Type": "Nested Loop","Parent Relationship": "Outer","Parallel Aware": false,"Async Capable": false,"Join Type": "Inner","Startup Cost": 5213.03,"Total Cost": 45319.82,"Plan Rows": 55,"Plan Width": 31,"Actual Startup Time": 22.306,"Actual Total Time": 793.181,"Actual Rows": 81534,"Actual Loops": 4,"Inner Unique": true,"Workers": [],"Plans": [{"Node Type": "Nested Loop","Parent Relationship": "Outer","Parallel Aware": false,"Async Capable": false,"Join Type": "Inner","Startup Cost": 5212.75,"Total Cost": 45303.17,"Plan Rows": 55,"Plan Width": 35,"Actual Startup Time": 22.249,"Actual Total Time": 656.284,"Actual Rows": 81534,"Actual Loops": 4,"Inner Unique": false,"Workers": [],"Plans": [{"Node Type": "Hash Join","Parent Relationship": "Outer","Parallel Aware": true,"Async Capable": false,"Join Type": "Inner","Startup Cost": 5212.32,"Total Cost": 25921.39,"Plan Rows": 18247,"Plan Width": 18,"Actual Startup Time": 22.162,"Actual Total Time": 197.619,"Actual Rows": 10856,"Actual Loops": 4,"Inner Unique": true,"Hash Cond": "(partsupp.ps_partkey = part.p_partkey)","Workers": [],"Plans": [{"Node Type": "Seq Scan","Parent Relationship": "Outer","Parallel Aware": true,"Async Capable": false,"Relation Name": "partsupp","Alias": "partsupp","Startup Cost": 0.00,"Total Cost": 20031.65,"Plan Rows": 258065,"Plan Width": 14,"Actual Startup Time": 0.014,"Actual Total Time": 42.173,"Actual Rows": 200000,"Actual Loops": 4,"Workers": []},{"Node Type": "Hash","Parent Relationship": "Inner","Parallel Aware": true,"Async Capable": false,"Startup Cost": 5138.67,"Total Cost": 5138.67,"Plan Rows": 5892,"Plan Width": 4,"Actual Startup Time": 22.002,"Actual Total Time": 22.011,"Actual Rows": 2714,"Actual Loops": 4,"Hash Buckets": 16384,"Original Hash Buckets": 16384,"Hash Batches": 1,"Original Hash Batches": 1,"Peak Memory Usage": 608,"Workers": [],"Plans": [{"Node Type": "Seq Scan","Parent Relationship": "Outer","Parallel Aware": true,"Async Capable": false,"Relation Name": "part","Alias": "part","Startup Cost": 0.00,"Total Cost": 5138.67,"Plan Rows": 5892,"Plan Width": 4,"Actual Startup Time": 0.065,"Actual Total Time": 20.262,"Actual Rows": 2714,"Actual Loops": 4,"Filter": "((p_name)::text ~~ '%pink%'::text)","Rows Removed by Filter": 47286,"Workers": []}]}]},{"Node Type": "Index Scan","Parent Relationship": "Inner","Parallel Aware": false,"Async Capable": false,"Scan Direction": "Forward","Index Name": "idx_lineitem_part_supp","Relation Name": "lineitem","Alias": "lineitem","Startup Cost": 0.43,"Total Cost": 1.05,"Plan Rows": 1,"Plan Width": 29,"Actual Startup Time": 0.006,"Actual Total Time": 0.041,"Actual Rows": 8,"Actual Loops": 43424,"Index Cond": "((l_partkey = partsupp.ps_partkey) AND (l_suppkey = partsupp.ps_suppkey))","Rows Removed by Index Recheck": 0,"Workers": []}]},{"Node Type": "Index Scan","Parent Relationship": "Inner","Parallel Aware": false,"Async Capable": false,"Scan Direction": "Forward","Index Name": "supplier_pkey","Relation Name": "supplier","Alias": "supplier","Startup Cost": 0.29,"Total Cost": 0.30,"Plan Rows": 1,"Plan Width": 8,"Actual Startup Time": 0.001,"Actual Total Time": 0.001,"Actual Rows": 1,"Actual Loops": 326137,"Index Cond": "(s_suppkey = lineitem.l_suppkey)","Rows Removed by Index Recheck": 0,"Workers": []}]},{"Node Type": "Index Scan","Parent Relationship": "Inner","Parallel Aware": false,"Async Capable": false,"Scan Direction": "Forward","Index Name": "orders_pkey","Relation Name": "orders","Alias": "orders","Startup Cost": 0.43,"Total Cost": 0.47,"Plan Rows": 1,"Plan Width": 8,"Actual Startup Time": 0.009,"Actual Total Time": 0.009,"Actual Rows": 1,"Actual Loops": 326137,"Index Cond": "(o_orderkey = lineitem.l_orderkey)","Rows Removed by Index Recheck": 0,"Workers": []}]},{"Node Type": "Hash","Parent Relationship": "Inner","Parallel Aware": false,"Async Capable": false,"Startup Cost": 1.25,"Total Cost": 1.25,"Plan Rows": 25,"Plan Width": 108,"Actual Startup Time": 0.071,"Actual Total Time": 0.076,"Actual Rows": 25,"Actual Loops": 4,"Hash Buckets": 1024,"Original Hash Buckets": 1024,"Hash Batches": 1,"Original Hash Batches": 1,"Peak Memory Usage": 10,"Workers": [],"Plans": [{"Node Type": "Seq Scan","Parent Relationship": "Outer","Parallel Aware": false,"Async Capable": false,"Relation Name": "nation","Alias": "nation","Startup Cost": 0.00,"Total Cost": 1.25,"Plan Rows": 25,"Plan Width": 108,"Actual Startup Time": 0.047,"Actual Total Time": 0.052,"Actual Rows": 25,"Actual Loops": 4,"Workers": []}]}]}]}]}]}]},"Planning Time": 12.442,"Triggers": [],"Execution Time": 1875.255}]
[{"Plan": {"Node Type": "Aggregate","Strategy": "Sorted","Partial Mode": "Finalize","Parallel Aware": false,"Async Capable": false,"Startup Cost": 41381.04,"Total Cost": 41397.45,"Plan Rows": 122,"Plan Width": 168,"Actual Startup Time": 2451.259,"Actual Total Time": 2559.957,"Actual Rows": 175,"Actual Loops": 1,"Group Key": ["nation.n_name", "(EXTRACT(year FROM orders.o_orderdate))"],"Plans": [{"Node Type": "Gather Merge","Parent Relationship": "Outer","Parallel Aware": false,"Async Capable": false,"Startup Cost": 41381.04,"Total Cost": 41394.60,"Plan Rows": 102,"Plan Width": 168,"Actual Startup Time": 2449.596,"Actual Total Time": 2559.597,"Actual Rows": 525,"Actual Loops": 1,"Workers Planned": 2,"Workers Launched": 2,"Plans": [{"Node Type": "Aggregate","Strategy": "Sorted","Partial Mode": "Partial","Parent Relationship": "Outer","Parallel Aware": false,"Async Capable": false,"Startup Cost": 40381.01,"Total Cost": 40382.80,"Plan Rows": 51,"Plan Width": 168,"Actual Startup Time": 2354.227,"Actual Total Time": 2477.890,"Actual Rows": 175,"Actual Loops": 3,"Group Key": ["nation.n_name", "(EXTRACT(year FROM orders.o_orderdate))"],"Workers": [],"Plans": [{"Node Type": "Sort","Parent Relationship": "Outer","Parallel Aware": false,"Async Capable": false,"Startup Cost": 40381.01,"Total Cost": 40381.14,"Plan Rows": 51,"Plan Width": 159,"Actual Startup Time": 2353.659,"Actual Total Time": 2394.615,"Actual Rows": 109711,"Actual Loops": 3,"Sort Key": ["nation.n_name", "(EXTRACT(year FROM orders.o_orderdate)) DESC"],"Sort Method": "quicksort","Sort Space Used": 14760,"Sort Space Type": "Memory","Workers": [{"Worker Number": 0,"Sort Method": "quicksort","Sort Space Used": 13620,"Sort Space Type": "Memory"},{"Worker Number": 1,"Sort Method": "quicksort","Sort Space Used": 13610,"Sort Space Type": "Memory"}],"Plans": [{"Node Type": "Hash Join","Parent Relationship": "Outer","Parallel Aware": false,"Async Capable": false,"Join Type": "Inner","Startup Cost": 3.13,"Total Cost": 40379.57,"Plan Rows": 51,"Plan Width": 159,"Actual Startup Time": 0.805,"Actual Total Time": 2206.423,"Actual Rows": 109711,"Actual Loops": 3,"Inner Unique": true,"Hash Cond": "(supplier.s_nationkey = nation.n_nationkey)","Workers": [],"Plans": [{"Node Type": "Nested Loop","Parent Relationship": "Outer","Parallel Aware": false,"Async Capable": false,"Join Type": "Inner","Startup Cost": 1.57,"Total Cost": 40377.72,"Plan Rows": 51,"Plan Width": 31,"Actual Startup Time": 0.608,"Actual Total Time": 2174.506,"Actual Rows": 109711,"Actual Loops": 3,"Inner Unique": true,"Workers": [],"Plans": [{"Node Type": "Nested Loop","Parent Relationship": "Outer","Parallel Aware": false,"Async Capable": false,"Join Type": "Inner","Startup Cost": 1.14,"Total Cost": 40354.00,"Plan Rows": 51,"Plan Width": 31,"Actual Startup Time": 0.463,"Actual Total Time": 1012.005,"Actual Rows": 109711,"Actual Loops": 3,"Inner Unique": true,"Workers": [],"Plans": [{"Node Type": "Nested Loop","Parent Relationship": "Outer","Parallel Aware": false,"Async Capable": false,"Join Type": "Inner","Startup Cost": 0.86,"Total Cost": 40338.56,"Plan Rows": 51,"Plan Width": 35,"Actual Startup Time": 0.379,"Actual Total Time": 824.842,"Actual Rows": 109711,"Actual Loops": 3,"Inner Unique": false,"Workers": [],"Plans": [{"Node Type": "Nested Loop","Parent Relationship": "Outer","Parallel Aware": false,"Async Capable": false,"Join Type": "Inner","Startup Cost": 0.42,"Total Cost": 22456.59,"Plan Rows": 16835,"Plan Width": 18,"Actual Startup Time": 0.239,"Actual Total Time": 115.107,"Actual Rows": 14620,"Actual Loops": 3,"Inner Unique": false,"Workers": [],"Plans": [{"Node Type": "Seq Scan","Parent Relationship": "Outer","Parallel Aware": true,"Async Capable": false,"Relation Name": "part","Alias": "part","Startup Cost": 0.00,"Total Cost": 5138.67,"Plan Rows": 4209,"Plan Width": 4,"Actual Startup Time": 0.070,"Actual Total Time": 48.754,"Actual Rows": 3655,"Actual Loops": 3,"Filter": "((p_name)::text ~~ '%blanched%'::text)","Rows Removed by Filter": 63012,"Workers": []},{"Node Type": "Index Scan","Parent Relationship": "Inner","Parallel Aware": false,"Async Capable": false,"Scan Direction": "Forward","Index Name": "idx_partsupp_partkey","Relation Name": "partsupp","Alias": "partsupp","Startup Cost": 0.42,"Total Cost": 4.07,"Plan Rows": 4,"Plan Width": 14,"Actual Startup Time": 0.014,"Actual Total Time": 0.017,"Actual Rows": 4,"Actual Loops": 10965,"Index Cond": "(ps_partkey = part.p_partkey)","Rows Removed by Index Recheck": 0,"Workers": []}]},{"Node Type": "Index Scan","Parent Relationship": "Inner","Parallel Aware": false,"Async Capable": false,"Scan Direction": "Forward","Index Name": "idx_lineitem_part_supp","Relation Name": "lineitem","Alias": "lineitem","Startup Cost": 0.43,"Total Cost": 1.05,"Plan Rows": 1,"Plan Width": 29,"Actual Startup Time": 0.007,"Actual Total Time": 0.047,"Actual Rows": 8,"Actual Loops": 43860,"Index Cond": "((l_partkey = partsupp.ps_partkey) AND (l_suppkey = partsupp.ps_suppkey))","Rows Removed by Index Recheck": 0,"Workers": []}]},{"Node Type": "Index Scan","Parent Relationship": "Inner","Parallel Aware": false,"Async Capable": false,"Scan Direction": "Forward","Index Name": "supplier_pkey","Relation Name": "supplier","Alias": "supplier","Startup Cost": 0.29,"Total Cost": 0.30,"Plan Rows": 1,"Plan Width": 8,"Actual Startup Time": 0.001,"Actual Total Time": 0.001,"Actual Rows": 1,"Actual Loops": 329134,"Index Cond": "(s_suppkey = lineitem.l_suppkey)","Rows Removed by Index Recheck": 0,"Workers": []}]},{"Node Type": "Index Scan","Parent Relationship": "Inner","Parallel Aware": false,"Async Capable": false,"Scan Direction": "Forward","Index Name": "orders_pkey","Relation Name": "orders","Alias": "orders","Startup Cost": 0.43,"Total Cost": 0.47,"Plan Rows": 1,"Plan Width": 8,"Actual Startup Time": 0.010,"Actual Total Time": 0.010,"Actual Rows": 1,"Actual Loops": 329134,"Index Cond": "(o_orderkey = lineitem.l_orderkey)","Rows Removed by Index Recheck": 0,"Workers": []}]},{"Node Type": "Hash","Parent Relationship": "Inner","Parallel Aware": false,"Async Capable": false,"Startup Cost": 1.25,"Total Cost": 1.25,"Plan Rows": 25,"Plan Width": 108,"Actual Startup Time": 0.089,"Actual Total Time": 0.097,"Actual Rows": 25,"Actual Loops": 3,"Hash Buckets": 1024,"Original Hash Buckets": 1024,"Hash Batches": 1,"Original Hash Batches": 1,"Peak Memory Usage": 10,"Workers": [],"Plans": [{"Node Type": "Seq Scan","Parent Relationship": "Outer","Parallel Aware": false,"Async Capable": false,"Relation Name": "nation","Alias": "nation","Startup Cost": 0.00,"Total Cost": 1.25,"Plan Rows": 25,"Plan Width": 108,"Actual Startup Time": 0.061,"Actual Total Time": 0.066,"Actual Rows": 25,"Actual Loops": 3,"Workers": []}]}]}]}]}]}]},"Planning Time": 11.831,"Triggers": [],"Execution Time": 2562.813}]
[{"Plan": {"Node Type": "Aggregate","Strategy": "Sorted","Partial Mode": "Finalize","Parallel Aware": false,"Async Capable": false,"Startup Cost": 49135.04,"Total Cost": 49164.27,"Plan Rows": 195,"Plan Width": 168,"Actual Startup Time": 1717.770,"Actual Total Time": 1820.281,"Actual Rows": 175,"Actual Loops": 1,"Group Key": ["nation.n_name", "(EXTRACT(year FROM orders.o_orderdate))"],"Plans": [{"Node Type": "Gather Merge","Parent Relationship": "Outer","Parallel Aware": false,"Async Capable": false,"Startup Cost": 49135.04,"Total Cost": 49159.45,"Plan Rows": 189,"Plan Width": 168,"Actual Startup Time": 1716.332,"Actual Total Time": 1819.712,"Actual Rows": 700,"Actual Loops": 1,"Workers Planned": 3,"Workers Launched": 3,"Plans": [{"Node Type": "Aggregate","Strategy": "Sorted","Partial Mode": "Partial","Parent Relationship": "Outer","Parallel Aware": false,"Async Capable": false,"Startup Cost": 48135.00,"Total Cost": 48137.21,"Plan Rows": 63,"Plan Width": 168,"Actual Startup Time": 1637.960,"Actual Total Time": 1730.367,"Actual Rows": 175,"Actual Loops": 4,"Group Key": ["nation.n_name", "(EXTRACT(year FROM orders.o_orderdate))"],"Workers": [],"Plans": [{"Node Type": "Sort","Parent Relationship": "Outer","Parallel Aware": false,"Async Capable": false,"Startup Cost": 48135.00,"Total Cost": 48135.16,"Plan Rows": 63,"Plan Width": 159,"Actual Startup Time": 1637.449,"Actual Total Time": 1669.077,"Actual Rows": 81300,"Actual Loops": 4,"Sort Key": ["nation.n_name", "(EXTRACT(year FROM orders.o_orderdate)) DESC"],"Sort Method": "quicksort","Sort Space Used": 11078,"Sort Space Type": "Memory","Workers": [{"Worker Number": 0,"Sort Method": "quicksort","Sort Space Used": 11424,"Sort Space Type": "Memory"},{"Worker Number": 1,"Sort Method": "quicksort","Sort Space Used": 10860,"Sort Space Type": "Memory"},{"Worker Number": 2,"Sort Method": "quicksort","Sort Space Used": 11307,"Sort Space Type": "Memory"}],"Plans": [{"Node Type": "Hash Join","Parent Relationship": "Outer","Parallel Aware": false,"Async Capable": false,"Join Type": "Inner","Startup Cost": 5225.55,"Total Cost": 48133.12,"Plan Rows": 63,"Plan Width": 159,"Actual Startup Time": 22.006,"Actual Total Time": 1536.711,"Actual Rows": 81300,"Actual Loops": 4,"Inner Unique": true,"Hash Cond": "(supplier.s_nationkey = nation.n_nationkey)","Workers": [],"Plans": [{"Node Type": "Nested Loop","Parent Relationship": "Outer","Parallel Aware": false,"Async Capable": false,"Join Type": "Inner","Startup Cost": 5223.99,"Total Cost": 48131.20,"Plan Rows": 63,"Plan Width": 31,"Actual Startup Time": 21.853,"Actual Total Time": 1512.923,"Actual Rows": 81300,"Actual Loops": 4,"Inner Unique": true,"Workers": [],"Plans": [{"Node Type": "Nested Loop","Parent Relationship": "Outer","Parallel Aware": false,"Async Capable": false,"Join Type": "Inner","Startup Cost": 5223.56,"Total Cost": 48101.90,"Plan Rows": 63,"Plan Width": 31,"Actual Startup Time": 21.770,"Actual Total Time": 779.387,"Actual Rows": 81300,"Actual Loops": 4,"Inner Unique": true,"Workers": [],"Plans": [{"Node Type": "Nested Loop","Parent Relationship": "Outer","Parallel Aware": false,"Async Capable": false,"Join Type": "Inner","Startup Cost": 5223.27,"Total Cost": 48082.83,"Plan Rows": 63,"Plan Width": 35,"Actual Startup Time": 21.713,"Actual Total Time": 642.667,"Actual Rows": 81300,"Actual Loops": 4,"Inner Unique": false,"Workers": [],"Plans": [{"Node Type": "Hash Join","Parent Relationship": "Outer","Parallel Aware": true,"Async Capable": false,"Join Type": "Inner","Startup Cost": 5222.84,"Total Cost": 25931.92,"Plan Rows": 20854,"Plan Width": 18,"Actual Startup Time": 21.651,"Actual Total Time": 185.729,"Actual Rows": 10842,"Actual Loops": 4,"Inner Unique": true,"Hash Cond": "(partsupp.ps_partkey = part.p_partkey)","Workers": [],"Plans": [{"Node Type": "Seq Scan","Parent Relationship": "Outer","Parallel Aware": true,"Async Capable": false,"Relation Name": "partsupp","Alias": "partsupp","Startup Cost": 0.00,"Total Cost": 20031.65,"Plan Rows": 258065,"Plan Width": 14,"Actual Startup Time": 0.018,"Actual Total Time": 42.893,"Actual Rows": 200000,"Actual Loops": 4,"Workers": []},{"Node Type": "Hash","Parent Relationship": "Inner","Parallel Aware": true,"Async Capable": false,"Startup Cost": 5138.67,"Total Cost": 5138.67,"Plan Rows": 6734,"Plan Width": 4,"Actual Startup Time": 21.459,"Actual Total Time": 21.480,"Actual Rows": 2710,"Actual Loops": 4,"Hash Buckets": 16384,"Original Hash Buckets": 16384,"Hash Batches": 1,"Original Hash Batches": 1,"Peak Memory Usage": 640,"Workers": [],"Plans": [{"Node Type": "Seq Scan","Parent Relationship": "Outer","Parallel Aware": true,"Async Capable": false,"Relation Name": "part","Alias": "part","Startup Cost": 0.00,"Total Cost": 5138.67,"Plan Rows": 6734,"Plan Width": 4,"Actual Startup Time": 0.045,"Actual Total Time": 20.042,"Actual Rows": 2710,"Actual Loops": 4,"Filter": "((p_name)::text ~~ '%goldenrod%'::text)","Rows Removed by Filter": 47290,"Workers": []}]}]},{"Node Type": "Index Scan","Parent Relationship": "Inner","Parallel Aware": false,"Async Capable": false,"Scan Direction": "Forward","Index Name": "idx_lineitem_part_supp","Relation Name": "lineitem","Alias": "lineitem","Startup Cost": 0.43,"Total Cost": 1.05,"Plan Rows": 1,"Plan Width": 29,"Actual Startup Time": 0.006,"Actual Total Time": 0.041,"Actual Rows": 7,"Actual Loops": 43368,"Index Cond": "((l_partkey = partsupp.ps_partkey) AND (l_suppkey = partsupp.ps_suppkey))","Rows Removed by Index Recheck": 0,"Workers": []}]},{"Node Type": "Index Scan","Parent Relationship": "Inner","Parallel Aware": false,"Async Capable": false,"Scan Direction": "Forward","Index Name": "supplier_pkey","Relation Name": "supplier","Alias": "supplier","Startup Cost": 0.29,"Total Cost": 0.30,"Plan Rows": 1,"Plan Width": 8,"Actual Startup Time": 0.001,"Actual Total Time": 0.001,"Actual Rows": 1,"Actual Loops": 325201,"Index Cond": "(s_suppkey = lineitem.l_suppkey)","Rows Removed by Index Recheck": 0,"Workers": []}]},{"Node Type": "Index Scan","Parent Relationship": "Inner","Parallel Aware": false,"Async Capable": false,"Scan Direction": "Forward","Index Name": "orders_pkey","Relation Name": "orders","Alias": "orders","Startup Cost": 0.43,"Total Cost": 0.47,"Plan Rows": 1,"Plan Width": 8,"Actual Startup Time": 0.009,"Actual Total Time": 0.009,"Actual Rows": 1,"Actual Loops": 325201,"Index Cond": "(o_orderkey = lineitem.l_orderkey)","Rows Removed by Index Recheck": 0,"Workers": []}]},{"Node Type": "Hash","Parent Relationship": "Inner","Parallel Aware": false,"Async Capable": false,"Startup Cost": 1.25,"Total Cost": 1.25,"Plan Rows": 25,"Plan Width": 108,"Actual Startup Time": 0.058,"Actual Total Time": 0.068,"Actual Rows": 25,"Actual Loops": 4,"Hash Buckets": 1024,"Original Hash Buckets": 1024,"Hash Batches": 1,"Original Hash Batches": 1,"Peak Memory Usage": 10,"Workers": [],"Plans": [{"Node Type": "Seq Scan","Parent Relationship": "Outer","Parallel Aware": false,"Async Capable": false,"Relation Name": "nation","Alias": "nation","Startup Cost": 0.00,"Total Cost": 1.25,"Plan Rows": 25,"Plan Width": 108,"Actual Startup Time": 0.040,"Actual Total Time": 0.047,"Actual Rows": 25,"Actual Loops": 4,"Workers": []}]}]}]}]}]}]},"Planning Time": 12.322,"Triggers": [],"Execution Time": 1822.644}]
[{"Plan": {"Node Type": "Aggregate","Strategy": "Sorted","Partial Mode": "Finalize","Parallel Aware": false,"Async Capable": false,"Startup Cost": 28858.40,"Total Cost": 28868.07,"Plan Rows": 73,"Plan Width": 168,"Actual Startup Time": 2463.071,"Actual Total Time": 2567.637,"Actual Rows": 175,"Actual Loops": 1,"Group Key": ["nation.n_name", "(EXTRACT(year FROM orders.o_orderdate))"],"Plans": [{"Node Type": "Gather Merge","Parent Relationship": "Outer","Parallel Aware": false,"Async Capable": false,"Startup Cost": 28858.40,"Total Cost": 28866.38,"Plan Rows": 60,"Plan Width": 168,"Actual Startup Time": 2461.516,"Actual Total Time": 2567.174,"Actual Rows": 525,"Actual Loops": 1,"Workers Planned": 2,"Workers Launched": 2,"Plans": [{"Node Type": "Aggregate","Strategy": "Sorted","Partial Mode": "Partial","Parent Relationship": "Outer","Parallel Aware": false,"Async Capable": false,"Startup Cost": 27858.38,"Total Cost": 27859.43,"Plan Rows": 30,"Plan Width": 168,"Actual Startup Time": 2344.398,"Actual Total Time": 2466.935,"Actual Rows": 175,"Actual Loops": 3,"Group Key": ["nation.n_name", "(EXTRACT(year FROM orders.o_orderdate))"],"Workers": [],"Plans": [{"Node Type": "Sort","Parent Relationship": "Outer","Parallel Aware": false,"Async Capable": false,"Startup Cost": 27858.38,"Total Cost": 27858.46,"Plan Rows": 30,"Plan Width": 159,"Actual Startup Time": 2343.742,"Actual Total Time": 2383.320,"Actual Rows": 109328,"Actual Loops": 3,"Sort Key": ["nation.n_name", "(EXTRACT(year FROM orders.o_orderdate)) DESC"],"Sort Method": "quicksort","Sort Space Used": 13858,"Sort Space Type": "Memory","Workers": [{"Worker Number": 0,"Sort Method": "quicksort","Sort Space Used": 14008,"Sort Space Type": "Memory"},{"Worker Number": 1,"Sort Method": "quicksort","Sort Space Used": 14013,"Sort Space Type": "Memory"}],"Plans": [{"Node Type": "Hash Join","Parent Relationship": "Outer","Parallel Aware": false,"Async Capable": false,"Join Type": "Inner","Startup Cost": 3.13,"Total Cost": 27857.64,"Plan Rows": 30,"Plan Width": 159,"Actual Startup Time": 0.598,"Actual Total Time": 2184.488,"Actual Rows": 109328,"Actual Loops": 3,"Inner Unique": true,"Hash Cond": "(supplier.s_nationkey = nation.n_nationkey)","Workers": [],"Plans": [{"Node Type": "Nested Loop","Parent Relationship": "Outer","Parallel Aware": false,"Async Capable": false,"Join Type": "Inner","Startup Cost": 1.57,"Total Cost": 27855.92,"Plan Rows": 30,"Plan Width": 31,"Actual Startup Time": 0.466,"Actual Total Time": 2152.575,"Actual Rows": 109328,"Actual Loops": 3,"Inner Unique": true,"Workers": [],"Plans": [{"Node Type": "Nested Loop","Parent Relationship": "Outer","Parallel Aware": false,"Async Capable": false,"Join Type": "Inner","Startup Cost": 1.14,"Total Cost": 27841.96,"Plan Rows": 30,"Plan Width": 31,"Actual Startup Time": 0.352,"Actual Total Time": 998.104,"Actual Rows": 109328,"Actual Loops": 3,"Inner Unique": true,"Workers": [],"Plans": [{"Node Type": "Nested Loop","Parent Relationship": "Outer","Parallel Aware": false,"Async Capable": false,"Join Type": "Inner","Startup Cost": 0.86,"Total Cost": 27832.88,"Plan Rows": 30,"Plan Width": 35,"Actual Startup Time": 0.275,"Actual Total Time": 811.998,"Actual Rows": 109328,"Actual Loops": 3,"Inner Unique": false,"Workers": [],"Plans": [{"Node Type": "Nested Loop","Parent Relationship": "Outer","Parallel Aware": false,"Async Capable": false,"Join Type": "Inner","Startup Cost": 0.42,"Total Cost": 17103.70,"Plan Rows": 10101,"Plan Width": 18,"Actual Startup Time": 0.163,"Actual Total Time": 118.534,"Actual Rows": 14549,"Actual Loops": 3,"Inner Unique": false,"Workers": [],"Plans": [{"Node Type": "Seq Scan","Parent Relationship": "Outer","Parallel Aware": true,"Async Capable": false,"Relation Name": "part","Alias": "part","Startup Cost": 0.00,"Total Cost": 5138.67,"Plan Rows": 2525,"Plan Width": 4,"Actual Startup Time": 0.061,"Actual Total Time": 50.900,"Actual Rows": 3637,"Actual Loops": 3,"Filter": "((p_name)::text ~~ '%papaya%'::text)","Rows Removed by Filter": 63029,"Workers": []},{"Node Type": "Index Scan","Parent Relationship": "Inner","Parallel Aware": false,"Async Capable": false,"Scan Direction": "Forward","Index Name": "idx_partsupp_partkey","Relation Name": "partsupp","Alias": "partsupp","Startup Cost": 0.42,"Total Cost": 4.70,"Plan Rows": 4,"Plan Width": 14,"Actual Startup Time": 0.014,"Actual Total Time": 0.018,"Actual Rows": 4,"Actual Loops": 10912,"Index Cond": "(ps_partkey = part.p_partkey)","Rows Removed by Index Recheck": 0,"Workers": []}]},{"Node Type": "Index Scan","Parent Relationship": "Inner","Parallel Aware": false,"Async Capable": false,"Scan Direction": "Forward","Index Name": "idx_lineitem_part_supp","Relation Name": "lineitem","Alias": "lineitem","Startup Cost": 0.43,"Total Cost": 1.05,"Plan Rows": 1,"Plan Width": 29,"Actual Startup Time": 0.007,"Actual Total Time": 0.046,"Actual Rows": 8,"Actual Loops": 43648,"Index Cond": "((l_partkey = partsupp.ps_partkey) AND (l_suppkey = partsupp.ps_suppkey))","Rows Removed by Index Recheck": 0,"Workers": []}]},{"Node Type": "Index Scan","Parent Relationship": "Inner","Parallel Aware": false,"Async Capable": false,"Scan Direction": "Forward","Index Name": "supplier_pkey","Relation Name": "supplier","Alias": "supplier","Startup Cost": 0.29,"Total Cost": 0.30,"Plan Rows": 1,"Plan Width": 8,"Actual Startup Time": 0.001,"Actual Total Time": 0.001,"Actual Rows": 1,"Actual Loops": 327983,"Index Cond": "(s_suppkey = lineitem.l_suppkey)","Rows Removed by Index Recheck": 0,"Workers": []}]},{"Node Type": "Index Scan","Parent Relationship": "Inner","Parallel Aware": false,"Async Capable": false,"Scan Direction": "Forward","Index Name": "orders_pkey","Relation Name": "orders","Alias": "orders","Startup Cost": 0.43,"Total Cost": 0.47,"Plan Rows": 1,"Plan Width": 8,"Actual Startup Time": 0.010,"Actual Total Time": 0.010,"Actual Rows": 1,"Actual Loops": 327983,"Index Cond": "(o_orderkey = lineitem.l_orderkey)","Rows Removed by Index Recheck": 0,"Workers": []}]},{"Node Type": "Hash","Parent Relationship": "Inner","Parallel Aware": false,"Async Capable": false,"Startup Cost": 1.25,"Total Cost": 1.25,"Plan Rows": 25,"Plan Width": 108,"Actual Startup Time": 0.064,"Actual Total Time": 0.072,"Actual Rows": 25,"Actual Loops": 3,"Hash Buckets": 1024,"Original Hash Buckets": 1024,"Hash Batches": 1,"Original Hash Batches": 1,"Peak Memory Usage": 10,"Workers": [],"Plans": [{"Node Type": "Seq Scan","Parent Relationship": "Outer","Parallel Aware": false,"Async Capable": false,"Relation Name": "nation","Alias": "nation","Startup Cost": 0.00,"Total Cost": 1.25,"Plan Rows": 25,"Plan Width": 108,"Actual Startup Time": 0.039,"Actual Total Time": 0.044,"Actual Rows": 25,"Actual Loops": 3,"Workers": []}]}]}]}]}]}]},"Planning Time": 11.473,"Triggers": [],"Execution Time": 2570.223}]
[{"Plan": {"Node Type": "Aggregate","Strategy": "Sorted","Partial Mode": "Finalize","Parallel Aware": false,"Async Capable": false,"Startup Cost": 49135.04,"Total Cost": 49164.27,"Plan Rows": 195,"Plan Width": 168,"Actual Startup Time": 1719.387,"Actual Total Time": 1867.840,"Actual Rows": 175,"Actual Loops": 1,"Group Key": ["nation.n_name", "(EXTRACT(year FROM orders.o_orderdate))"],"Plans": [{"Node Type": "Gather Merge","Parent Relationship": "Outer","Parallel Aware": false,"Async Capable": false,"Startup Cost": 49135.04,"Total Cost": 49159.45,"Plan Rows": 189,"Plan Width": 168,"Actual Startup Time": 1717.612,"Actual Total Time": 1867.284,"Actual Rows": 700,"Actual Loops": 1,"Workers Planned": 3,"Workers Launched": 3,"Plans": [{"Node Type": "Aggregate","Strategy": "Sorted","Partial Mode": "Partial","Parent Relationship": "Outer","Parallel Aware": false,"Async Capable": false,"Startup Cost": 48135.00,"Total Cost": 48137.21,"Plan Rows": 63,"Plan Width": 168,"Actual Startup Time": 1644.278,"Actual Total Time": 1744.259,"Actual Rows": 175,"Actual Loops": 4,"Group Key": ["nation.n_name", "(EXTRACT(year FROM orders.o_orderdate))"],"Workers": [],"Plans": [{"Node Type": "Sort","Parent Relationship": "Outer","Parallel Aware": false,"Async Capable": false,"Startup Cost": 48135.00,"Total Cost": 48135.16,"Plan Rows": 63,"Plan Width": 159,"Actual Startup Time": 1643.883,"Actual Total Time": 1679.733,"Actual Rows": 81136,"Actual Loops": 4,"Sort Key": ["nation.n_name", "(EXTRACT(year FROM orders.o_orderdate)) DESC"],"Sort Method": "quicksort","Sort Space Used": 11311,"Sort Space Type": "Memory","Workers": [{"Worker Number": 0,"Sort Method": "quicksort","Sort Space Used": 11244,"Sort Space Type": "Memory"},{"Worker Number": 1,"Sort Method": "quicksort","Sort Space Used": 11040,"Sort Space Type": "Memory"},{"Worker Number": 2,"Sort Method": "quicksort","Sort Space Used": 11010,"Sort Space Type": "Memory"}],"Plans": [{"Node Type": "Hash Join","Parent Relationship": "Outer","Parallel Aware": false,"Async Capable": false,"Join Type": "Inner","Startup Cost": 5225.55,"Total Cost": 48133.12,"Plan Rows": 63,"Plan Width": 159,"Actual Startup Time": 22.395,"Actual Total Time": 1544.400,"Actual Rows": 81136,"Actual Loops": 4,"Inner Unique": true,"Hash Cond": "(supplier.s_nationkey = nation.n_nationkey)","Workers": [],"Plans": [{"Node Type": "Nested Loop","Parent Relationship": "Outer","Parallel Aware": false,"Async Capable": false,"Join Type": "Inner","Startup Cost": 5223.99,"Total Cost": 48131.20,"Plan Rows": 63,"Plan Width": 31,"Actual Startup Time": 22.189,"Actual Total Time": 1521.276,"Actual Rows": 81136,"Actual Loops": 4,"Inner Unique": true,"Workers": [],"Plans": [{"Node Type": "Nested Loop","Parent Relationship": "Outer","Parallel Aware": false,"Async Capable": false,"Join Type": "Inner","Startup Cost": 5223.56,"Total Cost": 48101.90,"Plan Rows": 63,"Plan Width": 31,"Actual Startup Time": 22.113,"Actual Total Time": 793.642,"Actual Rows": 81136,"Actual Loops": 4,"Inner Unique": true,"Workers": [],"Plans": [{"Node Type": "Nested Loop","Parent Relationship": "Outer","Parallel Aware": false,"Async Capable": false,"Join Type": "Inner","Startup Cost": 5223.27,"Total Cost": 48082.83,"Plan Rows": 63,"Plan Width": 35,"Actual Startup Time": 22.047,"Actual Total Time": 656.709,"Actual Rows": 81136,"Actual Loops": 4,"Inner Unique": false,"Workers": [],"Plans": [{"Node Type": "Hash Join","Parent Relationship": "Outer","Parallel Aware": true,"Async Capable": false,"Join Type": "Inner","Startup Cost": 5222.84,"Total Cost": 25931.92,"Plan Rows": 20854,"Plan Width": 18,"Actual Startup Time": 21.964,"Actual Total Time": 198.136,"Actual Rows": 10825,"Actual Loops": 4,"Inner Unique": true,"Hash Cond": "(partsupp.ps_partkey = part.p_partkey)","Workers": [],"Plans": [{"Node Type": "Seq Scan","Parent Relationship": "Outer","Parallel Aware": true,"Async Capable": false,"Relation Name": "partsupp","Alias": "partsupp","Startup Cost": 0.00,"Total Cost": 20031.65,"Plan Rows": 258065,"Plan Width": 14,"Actual Startup Time": 0.024,"Actual Total Time": 42.684,"Actual Rows": 200000,"Actual Loops": 4,"Workers": []},{"Node Type": "Hash","Parent Relationship": "Inner","Parallel Aware": true,"Async Capable": false,"Startup Cost": 5138.67,"Total Cost": 5138.67,"Plan Rows": 6734,"Plan Width": 4,"Actual Startup Time": 21.816,"Actual Total Time": 21.827,"Actual Rows": 2706,"Actual Loops": 4,"Hash Buckets": 16384,"Original Hash Buckets": 16384,"Hash Batches": 1,"Original Hash Batches": 1,"Peak Memory Usage": 608,"Workers": [],"Plans": [{"Node Type": "Seq Scan","Parent Relationship": "Outer","Parallel Aware": true,"Async Capable": false,"Relation Name": "part","Alias": "part","Startup Cost": 0.00,"Total Cost": 5138.67,"Plan Rows": 6734,"Plan Width": 4,"Actual Startup Time": 0.057,"Actual Total Time": 20.127,"Actual Rows": 2706,"Actual Loops": 4,"Filter": "((p_name)::text ~~ '%moccasin%'::text)","Rows Removed by Filter": 47294,"Workers": []}]}]},{"Node Type": "Index Scan","Parent Relationship": "Inner","Parallel Aware": false,"Async Capable": false,"Scan Direction": "Forward","Index Name": "idx_lineitem_part_supp","Relation Name": "lineitem","Alias": "lineitem","Startup Cost": 0.43,"Total Cost": 1.05,"Plan Rows": 1,"Plan Width": 29,"Actual Startup Time": 0.006,"Actual Total Time": 0.041,"Actual Rows": 7,"Actual Loops": 43300,"Index Cond": "((l_partkey = partsupp.ps_partkey) AND (l_suppkey = partsupp.ps_suppkey))","Rows Removed by Index Recheck": 0,"Workers": []}]},{"Node Type": "Index Scan","Parent Relationship": "Inner","Parallel Aware": false,"Async Capable": false,"Scan Direction": "Forward","Index Name": "supplier_pkey","Relation Name": "supplier","Alias": "supplier","Startup Cost": 0.29,"Total Cost": 0.30,"Plan Rows": 1,"Plan Width": 8,"Actual Startup Time": 0.001,"Actual Total Time": 0.001,"Actual Rows": 1,"Actual Loops": 324544,"Index Cond": "(s_suppkey = lineitem.l_suppkey)","Rows Removed by Index Recheck": 0,"Workers": []}]},{"Node Type": "Index Scan","Parent Relationship": "Inner","Parallel Aware": false,"Async Capable": false,"Scan Direction": "Forward","Index Name": "orders_pkey","Relation Name": "orders","Alias": "orders","Startup Cost": 0.43,"Total Cost": 0.47,"Plan Rows": 1,"Plan Width": 8,"Actual Startup Time": 0.009,"Actual Total Time": 0.009,"Actual Rows": 1,"Actual Loops": 324544,"Index Cond": "(o_orderkey = lineitem.l_orderkey)","Rows Removed by Index Recheck": 0,"Workers": []}]},{"Node Type": "Hash","Parent Relationship": "Inner","Parallel Aware": false,"Async Capable": false,"Startup Cost": 1.25,"Total Cost": 1.25,"Plan Rows": 25,"Plan Width": 108,"Actual Startup Time": 0.092,"Actual Total Time": 0.100,"Actual Rows": 25,"Actual Loops": 4,"Hash Buckets": 1024,"Original Hash Buckets": 1024,"Hash Batches": 1,"Original Hash Batches": 1,"Peak Memory Usage": 10,"Workers": [],"Plans": [{"Node Type": "Seq Scan","Parent Relationship": "Outer","Parallel Aware": false,"Async Capable": false,"Relation Name": "nation","Alias": "nation","Startup Cost": 0.00,"Total Cost": 1.25,"Plan Rows": 25,"Plan Width": 108,"Actual Startup Time": 0.061,"Actual Total Time": 0.069,"Actual Rows": 25,"Actual Loops": 4,"Workers": []}]}]}]}]}]}]},"Planning Time": 12.030,"Triggers": [],"Execution Time": 1869.572}]
[{"Plan": {"Node Type": "Aggregate","Strategy": "Sorted","Partial Mode": "Finalize","Parallel Aware": false,"Async Capable": false,"Startup Cost": 46348.90,"Total Cost": 46374.41,"Plan Rows": 170,"Plan Width": 168,"Actual Startup Time": 1703.802,"Actual Total Time": 1828.802,"Actual Rows": 175,"Actual Loops": 1,"Group Key": ["nation.n_name", "(EXTRACT(year FROM orders.o_orderdate))"],"Plans": [{"Node Type": "Gather Merge","Parent Relationship": "Outer","Parallel Aware": false,"Async Capable": false,"Startup Cost": 46348.90,"Total Cost": 46370.21,"Plan Rows": 165,"Plan Width": 168,"Actual Startup Time": 1702.647,"Actual Total Time": 1828.292,"Actual Rows": 700,"Actual Loops": 1,"Workers Planned": 3,"Workers Launched": 3,"Plans": [{"Node Type": "Aggregate","Strategy": "Sorted","Partial Mode": "Partial","Parent Relationship": "Outer","Parallel Aware": false,"Async Capable": false,"Startup Cost": 45348.86,"Total Cost": 45350.79,"Plan Rows": 55,"Plan Width": 168,"Actual Startup Time": 1619.862,"Actual Total Time": 1717.365,"Actual Rows": 175,"Actual Loops": 4,"Group Key": ["nation.n_name", "(EXTRACT(year FROM orders.o_orderdate))"],"Workers": [],"Plans": [{"Node Type": "Sort","Parent Relationship": "Outer","Parallel Aware": false,"Async Capable": false,"Startup Cost": 45348.86,"Total Cost": 45349.00,"Plan Rows": 55,"Plan Width": 159,"Actual Startup Time": 1619.469,"Actual Total Time": 1654.019,"Actual Rows": 80641,"Actual Loops": 4,"Sort Key": ["nation.n_name", "(EXTRACT(year FROM orders.o_orderdate)) DESC"],"Sort Method": "quicksort","Sort Space Used": 11007,"Sort Space Type": "Memory","Workers": [{"Worker Number": 0,"Sort Method": "quicksort","Sort Space Used": 10859,"Sort Space Type": "Memory"},{"Worker Number": 1,"Sort Method": "quicksort","Sort Space Used": 11221,"Sort Space Type": "Memory"},{"Worker Number": 2,"Sort Method": "quicksort","Sort Space Used": 11314,"Sort Space Type": "Memory"}],"Plans": [{"Node Type": "Hash Join","Parent Relationship": "Outer","Parallel Aware": false,"Async Capable": false,"Join Type": "Inner","Startup Cost": 5215.02,"Total Cost": 45347.27,"Plan Rows": 55,"Plan Width": 159,"Actual Startup Time": 21.592,"Actual Total Time": 1520.847,"Actual Rows": 80641,"Actual Loops": 4,"Inner Unique": true,"Hash Cond": "(supplier.s_nationkey = nation.n_nationkey)","Workers": [],"Plans": [{"Node Type": "Nested Loop","Parent Relationship": "Outer","Parallel Aware": false,"Async Capable": false,"Join Type": "Inner","Startup Cost": 5213.46,"Total Cost": 45345.40,"Plan Rows": 55,"Plan Width": 31,"Actual Startup Time": 21.389,"Actual Total Time": 1497.621,"Actual Rows": 80641,"Actual Loops": 4,"Inner Unique": true,"Workers": [],"Plans": [{"Node Type": "Nested Loop","Parent Relationship": "Outer","Parallel Aware": false,"Async Capable": false,"Join Type": "Inner","Startup Cost": 5213.03,"Total Cost": 45319.82,"Plan Rows": 55,"Plan Width": 31,"Actual Startup Time": 21.303,"Actual Total Time": 772.716,"Actual Rows": 80641,"Actual Loops": 4,"Inner Unique": true,"Workers": [],"Plans": [{"Node Type": "Nested Loop","Parent Relationship": "Outer","Parallel Aware": false,"Async Capable": false,"Join Type": "Inner","Startup Cost": 5212.75,"Total Cost": 45303.17,"Plan Rows": 55,"Plan Width": 35,"Actual Startup Time": 21.245,"Actual Total Time": 636.617,"Actual Rows": 80641,"Actual Loops": 4,"Inner Unique": false,"Workers": [],"Plans": [{"Node Type": "Hash Join","Parent Relationship": "Outer","Parallel Aware": true,"Async Capable": false,"Join Type": "Inner","Startup Cost": 5212.32,"Total Cost": 25921.39,"Plan Rows": 18247,"Plan Width": 18,"Actual Startup Time": 21.168,"Actual Total Time": 184.026,"Actual Rows": 10733,"Actual Loops": 4,"Inner Unique": true,"Hash Cond": "(partsupp.ps_partkey = part.p_partkey)","Workers": [],"Plans": [{"Node Type": "Seq Scan","Parent Relationship": "Outer","Parallel Aware": true,"Async Capable": false,"Relation Name": "partsupp","Alias": "partsupp","Startup Cost": 0.00,"Total Cost": 20031.65,"Plan Rows": 258065,"Plan Width": 14,"Actual Startup Time": 0.010,"Actual Total Time": 42.275,"Actual Rows": 200000,"Actual Loops": 4,"Workers": []},{"Node Type": "Hash","Parent Relationship": "Inner","Parallel Aware": true,"Async Capable": false,"Startup Cost": 5138.67,"Total Cost": 5138.67,"Plan Rows": 5892,"Plan Width": 4,"Actual Startup Time": 21.027,"Actual Total Time": 21.038,"Actual Rows": 2683,"Actual Loops": 4,"Hash Buckets": 16384,"Original Hash Buckets": 16384,"Hash Batches": 1,"Original Hash Batches": 1,"Peak Memory Usage": 576,"Workers": [],"Plans": [{"Node Type": "Seq Scan","Parent Relationship": "Outer","Parallel Aware": true,"Async Capable": false,"Relation Name": "part","Alias": "part","Startup Cost": 0.00,"Total Cost": 5138.67,"Plan Rows": 5892,"Plan Width": 4,"Actual Startup Time": 0.074,"Actual Total Time": 19.689,"Actual Rows": 2683,"Actual Loops": 4,"Filter": "((p_name)::text ~~ '%cornsilk%'::text)","Rows Removed by Filter": 47317,"Workers": []}]}]},{"Node Type": "Index Scan","Parent Relationship": "Inner","Parallel Aware": false,"Async Capable": false,"Scan Direction": "Forward","Index Name": "idx_lineitem_part_supp","Relation Name": "lineitem","Alias": "lineitem","Startup Cost": 0.43,"Total Cost": 1.05,"Plan Rows": 1,"Plan Width": 29,"Actual Startup Time": 0.006,"Actual Total Time": 0.041,"Actual Rows": 8,"Actual Loops": 42932,"Index Cond": "((l_partkey = partsupp.ps_partkey) AND (l_suppkey = partsupp.ps_suppkey))","Rows Removed by Index Recheck": 0,"Workers": []}]},{"Node Type": "Index Scan","Parent Relationship": "Inner","Parallel Aware": false,"Async Capable": false,"Scan Direction": "Forward","Index Name": "supplier_pkey","Relation Name": "supplier","Alias": "supplier","Startup Cost": 0.29,"Total Cost": 0.30,"Plan Rows": 1,"Plan Width": 8,"Actual Startup Time": 0.001,"Actual Total Time": 0.001,"Actual Rows": 1,"Actual Loops": 322563,"Index Cond": "(s_suppkey = lineitem.l_suppkey)","Rows Removed by Index Recheck": 0,"Workers": []}]},{"Node Type": "Index Scan","Parent Relationship": "Inner","Parallel Aware": false,"Async Capable": false,"Scan Direction": "Forward","Index Name": "orders_pkey","Relation Name": "orders","Alias": "orders","Startup Cost": 0.43,"Total Cost": 0.47,"Plan Rows": 1,"Plan Width": 8,"Actual Startup Time": 0.009,"Actual Total Time": 0.009,"Actual Rows": 1,"Actual Loops": 322563,"Index Cond": "(o_orderkey = lineitem.l_orderkey)","Rows Removed by Index Recheck": 0,"Workers": []}]},{"Node Type": "Hash","Parent Relationship": "Inner","Parallel Aware": false,"Async Capable": false,"Startup Cost": 1.25,"Total Cost": 1.25,"Plan Rows": 25,"Plan Width": 108,"Actual Startup Time": 0.088,"Actual Total Time": 0.096,"Actual Rows": 25,"Actual Loops": 4,"Hash Buckets": 1024,"Original Hash Buckets": 1024,"Hash Batches": 1,"Original Hash Batches": 1,"Peak Memory Usage": 10,"Workers": [],"Plans": [{"Node Type": "Seq Scan","Parent Relationship": "Outer","Parallel Aware": false,"Async Capable": false,"Relation Name": "nation","Alias": "nation","Startup Cost": 0.00,"Total Cost": 1.25,"Plan Rows": 25,"Plan Width": 108,"Actual Startup Time": 0.056,"Actual Total Time": 0.063,"Actual Rows": 25,"Actual Loops": 4,"Workers": []}]}]}]}]}]}]},"Planning Time": 12.190,"Triggers": [],"Execution Time": 1830.103}]
[{"Plan": {"Node Type": "Aggregate","Strategy": "Sorted","Partial Mode": "Finalize","Parallel Aware": false,"Async Capable": false,"Startup Cost": 51920.12,"Total Cost": 51953.05,"Plan Rows": 219,"Plan Width": 168,"Actual Startup Time": 1685.576,"Actual Total Time": 1779.937,"Actual Rows": 175,"Actual Loops": 1,"Group Key": ["nation.n_name", "(EXTRACT(year FROM orders.o_orderdate))"],"Plans": [{"Node Type": "Gather Merge","Parent Relationship": "Outer","Parallel Aware": false,"Async Capable": false,"Startup Cost": 51920.12,"Total Cost": 51947.63,"Plan Rows": 213,"Plan Width": 168,"Actual Startup Time": 1684.109,"Actual Total Time": 1779.449,"Actual Rows": 700,"Actual Loops": 1,"Workers Planned": 3,"Workers Launched": 3,"Plans": [{"Node Type": "Aggregate","Strategy": "Sorted","Partial Mode": "Partial","Parent Relationship": "Outer","Parallel Aware": false,"Async Capable": false,"Startup Cost": 50920.08,"Total Cost": 50922.56,"Plan Rows": 71,"Plan Width": 168,"Actual Startup Time": 1615.575,"Actual Total Time": 1701.587,"Actual Rows": 175,"Actual Loops": 4,"Group Key": ["nation.n_name", "(EXTRACT(year FROM orders.o_orderdate))"],"Workers": [],"Plans": [{"Node Type": "Sort","Parent Relationship": "Outer","Parallel Aware": false,"Async Capable": false,"Startup Cost": 50920.08,"Total Cost": 50920.26,"Plan Rows": 71,"Plan Width": 159,"Actual Startup Time": 1615.138,"Actual Total Time": 1641.513,"Actual Rows": 82680,"Actual Loops": 4,"Sort Key": ["nation.n_name", "(EXTRACT(year FROM orders.o_orderdate)) DESC"],"Sort Method": "quicksort","Sort Space Used": 11114,"Sort Space Type": "Memory","Workers": [{"Worker Number": 0,"Sort Method": "quicksort","Sort Space Used": 11099,"Sort Space Type": "Memory"},{"Worker Number": 1,"Sort Method": "quicksort","Sort Space Used": 11470,"Sort Space Type": "Memory"},{"Worker Number": 2,"Sort Method": "quicksort","Sort Space Used": 11534,"Sort Space Type": "Memory"}],"Plans": [{"Node Type": "Hash Join","Parent Relationship": "Outer","Parallel Aware": false,"Async Capable": false,"Join Type": "Inner","Startup Cost": 5236.07,"Total Cost": 50917.89,"Plan Rows": 71,"Plan Width": 159,"Actual Startup Time": 22.147,"Actual Total Time": 1517.827,"Actual Rows": 82680,"Actual Loops": 4,"Inner Unique": true,"Hash Cond": "(supplier.s_nationkey = nation.n_nationkey)","Workers": [],"Plans": [{"Node Type": "Nested Loop","Parent Relationship": "Outer","Parallel Aware": false,"Async Capable": false,"Join Type": "Inner","Startup Cost": 5234.51,"Total Cost": 50915.94,"Plan Rows": 71,"Plan Width": 31,"Actual Startup Time": 21.955,"Actual Total Time": 1494.212,"Actual Rows": 82680,"Actual Loops": 4,"Inner Unique": true,"Workers": [],"Plans": [{"Node Type": "Nested Loop","Parent Relationship": "Outer","Parallel Aware": false,"Async Capable": false,"Join Type": "Inner","Startup Cost": 5234.08,"Total Cost": 50882.91,"Plan Rows": 71,"Plan Width": 31,"Actual Startup Time": 21.895,"Actual Total Time": 772.688,"Actual Rows": 82680,"Actual Loops": 4,"Inner Unique": true,"Workers": [],"Plans": [{"Node Type": "Nested Loop","Parent Relationship": "Outer","Parallel Aware": false,"Async Capable": false,"Join Type": "Inner","Startup Cost": 5233.80,"Total Cost": 50861.42,"Plan Rows": 71,"Plan Width": 35,"Actual Startup Time": 21.850,"Actual Total Time": 635.447,"Actual Rows": 82680,"Actual Loops": 4,"Inner Unique": false,"Workers": [],"Plans": [{"Node Type": "Hash Join","Parent Relationship": "Outer","Parallel Aware": true,"Async Capable": false,"Join Type": "Inner","Startup Cost": 5233.37,"Total Cost": 25942.44,"Plan Rows": 23460,"Plan Width": 18,"Actual Startup Time": 21.777,"Actual Total Time": 183.666,"Actual Rows": 11010,"Actual Loops": 4,"Inner Unique": true,"Hash Cond": "(partsupp.ps_partkey = part.p_partkey)","Workers": [],"Plans": [{"Node Type": "Seq Scan","Parent Relationship": "Outer","Parallel Aware": true,"Async Capable": false,"Relation Name": "partsupp","Alias": "partsupp","Startup Cost": 0.00,"Total Cost": 20031.65,"Plan Rows": 258065,"Plan Width": 14,"Actual Startup Time": 0.020,"Actual Total Time": 41.580,"Actual Rows": 200000,"Actual Loops": 4,"Workers": []},{"Node Type": "Hash","Parent Relationship": "Inner","Parallel Aware": true,"Async Capable": false,"Startup Cost": 5138.67,"Total Cost": 5138.67,"Plan Rows": 7576,"Plan Width": 4,"Actual Startup Time": 21.542,"Actual Total Time": 21.549,"Actual Rows": 2752,"Actual Loops": 4,"Hash Buckets": 32768,"Original Hash Buckets": 32768,"Hash Batches": 1,"Original Hash Batches": 1,"Peak Memory Usage": 736,"Workers": [],"Plans": [{"Node Type": "Seq Scan","Parent Relationship": "Outer","Parallel Aware": true,"Async Capable": false,"Relation Name": "part","Alias": "part","Startup Cost": 0.00,"Total Cost": 5138.67,"Plan Rows": 7576,"Plan Width": 4,"Actual Startup Time": 0.062,"Actual Total Time": 20.145,"Actual Rows": 2752,"Actual Loops": 4,"Filter": "((p_name)::text ~~ '%orchid%'::text)","Rows Removed by Filter": 47248,"Workers": []}]}]},{"Node Type": "Index Scan","Parent Relationship": "Inner","Parallel Aware": false,"Async Capable": false,"Scan Direction": "Forward","Index Name": "idx_lineitem_part_supp","Relation Name": "lineitem","Alias": "lineitem","Startup Cost": 0.43,"Total Cost": 1.05,"Plan Rows": 1,"Plan Width": 29,"Actual Startup Time": 0.006,"Actual Total Time": 0.040,"Actual Rows": 8,"Actual Loops": 44040,"Index Cond": "((l_partkey = partsupp.ps_partkey) AND (l_suppkey = partsupp.ps_suppkey))","Rows Removed by Index Recheck": 0,"Workers": []}]},{"Node Type": "Index Scan","Parent Relationship": "Inner","Parallel Aware": false,"Async Capable": false,"Scan Direction": "Forward","Index Name": "supplier_pkey","Relation Name": "supplier","Alias": "supplier","Startup Cost": 0.29,"Total Cost": 0.30,"Plan Rows": 1,"Plan Width": 8,"Actual Startup Time": 0.001,"Actual Total Time": 0.001,"Actual Rows": 1,"Actual Loops": 330720,"Index Cond": "(s_suppkey = lineitem.l_suppkey)","Rows Removed by Index Recheck": 0,"Workers": []}]},{"Node Type": "Index Scan","Parent Relationship": "Inner","Parallel Aware": false,"Async Capable": false,"Scan Direction": "Forward","Index Name": "orders_pkey","Relation Name": "orders","Alias": "orders","Startup Cost": 0.43,"Total Cost": 0.47,"Plan Rows": 1,"Plan Width": 8,"Actual Startup Time": 0.008,"Actual Total Time": 0.008,"Actual Rows": 1,"Actual Loops": 330720,"Index Cond": "(o_orderkey = lineitem.l_orderkey)","Rows Removed by Index Recheck": 0,"Workers": []}]},{"Node Type": "Hash","Parent Relationship": "Inner","Parallel Aware": false,"Async Capable": false,"Startup Cost": 1.25,"Total Cost": 1.25,"Plan Rows": 25,"Plan Width": 108,"Actual Startup Time": 0.085,"Actual Total Time": 0.091,"Actual Rows": 25,"Actual Loops": 4,"Hash Buckets": 1024,"Original Hash Buckets": 1024,"Hash Batches": 1,"Original Hash Batches": 1,"Peak Memory Usage": 10,"Workers": [],"Plans": [{"Node Type": "Seq Scan","Parent Relationship": "Outer","Parallel Aware": false,"Async Capable": false,"Relation Name": "nation","Alias": "nation","Startup Cost": 0.00,"Total Cost": 1.25,"Plan Rows": 25,"Plan Width": 108,"Actual Startup Time": 0.055,"Actual Total Time": 0.061,"Actual Rows": 25,"Actual Loops": 4,"Workers": []}]}]}]}]}]}]},"Planning Time": 12.199,"Triggers": [],"Execution Time": 1781.879}]
[{"Plan": {"Node Type": "Aggregate","Strategy": "Sorted","Partial Mode": "Finalize","Parallel Aware": false,"Async Capable": false,"Startup Cost": 41381.04,"Total Cost": 41397.45,"Plan Rows": 122,"Plan Width": 168,"Actual Startup Time": 2398.876,"Actual Total Time": 2534.179,"Actual Rows": 175,"Actual Loops": 1,"Group Key": ["nation.n_name", "(EXTRACT(year FROM orders.o_orderdate))"],"Plans": [{"Node Type": "Gather Merge","Parent Relationship": "Outer","Parallel Aware": false,"Async Capable": false,"Startup Cost": 41381.04,"Total Cost": 41394.60,"Plan Rows": 102,"Plan Width": 168,"Actual Startup Time": 2396.898,"Actual Total Time": 2533.741,"Actual Rows": 525,"Actual Loops": 1,"Workers Planned": 2,"Workers Launched": 2,"Plans": [{"Node Type": "Aggregate","Strategy": "Sorted","Partial Mode": "Partial","Parent Relationship": "Outer","Parallel Aware": false,"Async Capable": false,"Startup Cost": 40381.01,"Total Cost": 40382.80,"Plan Rows": 51,"Plan Width": 168,"Actual Startup Time": 2301.409,"Actual Total Time": 2413.967,"Actual Rows": 175,"Actual Loops": 3,"Group Key": ["nation.n_name", "(EXTRACT(year FROM orders.o_orderdate))"],"Workers": [],"Plans": [{"Node Type": "Sort","Parent Relationship": "Outer","Parallel Aware": false,"Async Capable": false,"Startup Cost": 40381.01,"Total Cost": 40381.14,"Plan Rows": 51,"Plan Width": 159,"Actual Startup Time": 2300.764,"Actual Total Time": 2336.333,"Actual Rows": 108510,"Actual Loops": 3,"Sort Key": ["nation.n_name", "(EXTRACT(year FROM orders.o_orderdate)) DESC"],"Sort Method": "quicksort","Sort Space Used": 13476,"Sort Space Type": "Memory","Workers": [{"Worker Number": 0,"Sort Method": "quicksort","Sort Space Used": 13859,"Sort Space Type": "Memory"},{"Worker Number": 1,"Sort Method": "quicksort","Sort Space Used": 14299,"Sort Space Type": "Memory"}],"Plans": [{"Node Type": "Hash Join","Parent Relationship": "Outer","Parallel Aware": false,"Async Capable": false,"Join Type": "Inner","Startup Cost": 3.13,"Total Cost": 40379.57,"Plan Rows": 51,"Plan Width": 159,"Actual Startup Time": 0.700,"Actual Total Time": 2152.971,"Actual Rows": 108510,"Actual Loops": 3,"Inner Unique": true,"Hash Cond": "(supplier.s_nationkey = nation.n_nationkey)","Workers": [],"Plans": [{"Node Type": "Nested Loop","Parent Relationship": "Outer","Parallel Aware": false,"Async Capable": false,"Join Type": "Inner","Startup Cost": 1.57,"Total Cost": 40377.72,"Plan Rows": 51,"Plan Width": 31,"Actual Startup Time": 0.518,"Actual Total Time": 2121.953,"Actual Rows": 108510,"Actual Loops": 3,"Inner Unique": true,"Workers": [],"Plans": [{"Node Type": "Nested Loop","Parent Relationship": "Outer","Parallel Aware": false,"Async Capable": false,"Join Type": "Inner","Startup Cost": 1.14,"Total Cost": 40354.00,"Plan Rows": 51,"Plan Width": 31,"Actual Startup Time": 0.387,"Actual Total Time": 985.533,"Actual Rows": 108510,"Actual Loops": 3,"Inner Unique": true,"Workers": [],"Plans": [{"Node Type": "Nested Loop","Parent Relationship": "Outer","Parallel Aware": false,"Async Capable": false,"Join Type": "Inner","Startup Cost": 0.86,"Total Cost": 40338.56,"Plan Rows": 51,"Plan Width": 35,"Actual Startup Time": 0.285,"Actual Total Time": 801.596,"Actual Rows": 108510,"Actual Loops": 3,"Inner Unique": false,"Workers": [],"Plans": [{"Node Type": "Nested Loop","Parent Relationship": "Outer","Parallel Aware": false,"Async Capable": false,"Join Type": "Inner","Startup Cost": 0.42,"Total Cost": 22456.59,"Plan Rows": 16835,"Plan Width": 18,"Actual Startup Time": 0.166,"Actual Total Time": 117.519,"Actual Rows": 14491,"Actual Loops": 3,"Inner Unique": false,"Workers": [],"Plans": [{"Node Type": "Seq Scan","Parent Relationship": "Outer","Parallel Aware": true,"Async Capable": false,"Relation Name": "part","Alias": "part","Startup Cost": 0.00,"Total Cost": 5138.67,"Plan Rows": 4209,"Plan Width": 4,"Actual Startup Time": 0.049,"Actual Total Time": 50.202,"Actual Rows": 3623,"Actual Loops": 3,"Filter": "((p_name)::text ~~ '%bisque%'::text)","Rows Removed by Filter": 63044,"Workers": []},{"Node Type": "Index Scan","Parent Relationship": "Inner","Parallel Aware": false,"Async Capable": false,"Scan Direction": "Forward","Index Name": "idx_partsupp_partkey","Relation Name": "partsupp","Alias": "partsupp","Startup Cost": 0.42,"Total Cost": 4.07,"Plan Rows": 4,"Plan Width": 14,"Actual Startup Time": 0.014,"Actual Total Time": 0.018,"Actual Rows": 4,"Actual Loops": 10868,"Index Cond": "(ps_partkey = part.p_partkey)","Rows Removed by Index Recheck": 0,"Workers": []}]},{"Node Type": "Index Scan","Parent Relationship": "Inner","Parallel Aware": false,"Async Capable": false,"Scan Direction": "Forward","Index Name": "idx_lineitem_part_supp","Relation Name": "lineitem","Alias": "lineitem","Startup Cost": 0.43,"Total Cost": 1.05,"Plan Rows": 1,"Plan Width": 29,"Actual Startup Time": 0.007,"Actual Total Time": 0.046,"Actual Rows": 7,"Actual Loops": 43472,"Index Cond": "((l_partkey = partsupp.ps_partkey) AND (l_suppkey = partsupp.ps_suppkey))","Rows Removed by Index Recheck": 0,"Workers": []}]},{"Node Type": "Index Scan","Parent Relationship": "Inner","Parallel Aware": false,"Async Capable": false,"Scan Direction": "Forward","Index Name": "supplier_pkey","Relation Name": "supplier","Alias": "supplier","Startup Cost": 0.29,"Total Cost": 0.30,"Plan Rows": 1,"Plan Width": 8,"Actual Startup Time": 0.001,"Actual Total Time": 0.001,"Actual Rows": 1,"Actual Loops": 325530,"Index Cond": "(s_suppkey = lineitem.l_suppkey)","Rows Removed by Index Recheck": 0,"Workers": []}]},{"Node Type": "Index Scan","Parent Relationship": "Inner","Parallel Aware": false,"Async Capable": false,"Scan Direction": "Forward","Index Name": "orders_pkey","Relation Name": "orders","Alias": "orders","Startup Cost": 0.43,"Total Cost": 0.47,"Plan Rows": 1,"Plan Width": 8,"Actual Startup Time": 0.010,"Actual Total Time": 0.010,"Actual Rows": 1,"Actual Loops": 325530,"Index Cond": "(o_orderkey = lineitem.l_orderkey)","Rows Removed by Index Recheck": 0,"Workers": []}]},{"Node Type": "Hash","Parent Relationship": "Inner","Parallel Aware": false,"Async Capable": false,"Startup Cost": 1.25,"Total Cost": 1.25,"Plan Rows": 25,"Plan Width": 108,"Actual Startup Time": 0.079,"Actual Total Time": 0.096,"Actual Rows": 25,"Actual Loops": 3,"Hash Buckets": 1024,"Original Hash Buckets": 1024,"Hash Batches": 1,"Original Hash Batches": 1,"Peak Memory Usage": 10,"Workers": [],"Plans": [{"Node Type": "Seq Scan","Parent Relationship": "Outer","Parallel Aware": false,"Async Capable": false,"Relation Name": "nation","Alias": "nation","Startup Cost": 0.00,"Total Cost": 1.25,"Plan Rows": 25,"Plan Width": 108,"Actual Startup Time": 0.047,"Actual Total Time": 0.061,"Actual Rows": 25,"Actual Loops": 3,"Workers": []}]}]}]}]}]}]},"Planning Time": 12.274,"Triggers": [],"Execution Time": 2537.205}]
[{"Plan": {"Node Type": "Aggregate","Strategy": "Sorted","Partial Mode": "Finalize","Parallel Aware": false,"Async Capable": false,"Startup Cost": 28858.40,"Total Cost": 28868.07,"Plan Rows": 73,"Plan Width": 168,"Actual Startup Time": 2437.634,"Actual Total Time": 2536.387,"Actual Rows": 175,"Actual Loops": 1,"Group Key": ["nation.n_name", "(EXTRACT(year FROM orders.o_orderdate))"],"Plans": [{"Node Type": "Gather Merge","Parent Relationship": "Outer","Parallel Aware": false,"Async Capable": false,"Startup Cost": 28858.40,"Total Cost": 28866.38,"Plan Rows": 60,"Plan Width": 168,"Actual Startup Time": 2436.170,"Actual Total Time": 2536.007,"Actual Rows": 525,"Actual Loops": 1,"Workers Planned": 2,"Workers Launched": 2,"Plans": [{"Node Type": "Aggregate","Strategy": "Sorted","Partial Mode": "Partial","Parent Relationship": "Outer","Parallel Aware": false,"Async Capable": false,"Startup Cost": 27858.38,"Total Cost": 27859.43,"Plan Rows": 30,"Plan Width": 168,"Actual Startup Time": 2330.398,"Actual Total Time": 2449.907,"Actual Rows": 175,"Actual Loops": 3,"Group Key": ["nation.n_name", "(EXTRACT(year FROM orders.o_orderdate))"],"Workers": [],"Plans": [{"Node Type": "Sort","Parent Relationship": "Outer","Parallel Aware": false,"Async Capable": false,"Startup Cost": 27858.38,"Total Cost": 27858.46,"Plan Rows": 30,"Plan Width": 159,"Actual Startup Time": 2329.782,"Actual Total Time": 2368.079,"Actual Rows": 108338,"Actual Loops": 3,"Sort Key": ["nation.n_name", "(EXTRACT(year FROM orders.o_orderdate)) DESC"],"Sort Method": "quicksort","Sort Space Used": 14593,"Sort Space Type": "Memory","Workers": [{"Worker Number": 0,"Sort Method": "quicksort","Sort Space Used": 13513,"Sort Space Type": "Memory"},{"Worker Number": 1,"Sort Method": "quicksort","Sort Space Used": 13476,"Sort Space Type": "Memory"}],"Plans": [{"Node Type": "Hash Join","Parent Relationship": "Outer","Parallel Aware": false,"Async Capable": false,"Join Type": "Inner","Startup Cost": 3.13,"Total Cost": 27857.64,"Plan Rows": 30,"Plan Width": 159,"Actual Startup Time": 0.731,"Actual Total Time": 2182.891,"Actual Rows": 108338,"Actual Loops": 3,"Inner Unique": true,"Hash Cond": "(supplier.s_nationkey = nation.n_nationkey)","Workers": [],"Plans": [{"Node Type": "Nested Loop","Parent Relationship": "Outer","Parallel Aware": false,"Async Capable": false,"Join Type": "Inner","Startup Cost": 1.57,"Total Cost": 27855.92,"Plan Rows": 30,"Plan Width": 31,"Actual Startup Time": 0.565,"Actual Total Time": 2151.553,"Actual Rows": 108338,"Actual Loops": 3,"Inner Unique": true,"Workers": [],"Plans": [{"Node Type": "Nested Loop","Parent Relationship": "Outer","Parallel Aware": false,"Async Capable": false,"Join Type": "Inner","Startup Cost": 1.14,"Total Cost": 27841.96,"Plan Rows": 30,"Plan Width": 31,"Actual Startup Time": 0.427,"Actual Total Time": 1003.075,"Actual Rows": 108338,"Actual Loops": 3,"Inner Unique": true,"Workers": [],"Plans": [{"Node Type": "Nested Loop","Parent Relationship": "Outer","Parallel Aware": false,"Async Capable": false,"Join Type": "Inner","Startup Cost": 0.86,"Total Cost": 27832.88,"Plan Rows": 30,"Plan Width": 35,"Actual Startup Time": 0.323,"Actual Total Time": 818.616,"Actual Rows": 108338,"Actual Loops": 3,"Inner Unique": false,"Workers": [],"Plans": [{"Node Type": "Nested Loop","Parent Relationship": "Outer","Parallel Aware": false,"Async Capable": false,"Join Type": "Inner","Startup Cost": 0.42,"Total Cost": 17103.70,"Plan Rows": 10101,"Plan Width": 18,"Actual Startup Time": 0.191,"Actual Total Time": 114.214,"Actual Rows": 14445,"Actual Loops": 3,"Inner Unique": false,"Workers": [],"Plans": [{"Node Type": "Seq Scan","Parent Relationship": "Outer","Parallel Aware": true,"Async Capable": false,"Relation Name": "part","Alias": "part","Startup Cost": 0.00,"Total Cost": 5138.67,"Plan Rows": 2525,"Plan Width": 4,"Actual Startup Time": 0.051,"Actual Total Time": 48.661,"Actual Rows": 3611,"Actual Loops": 3,"Filter": "((p_name)::text ~~ '%cream%'::text)","Rows Removed by Filter": 63055,"Workers": []},{"Node Type": "Index Scan","Parent Relationship": "Inner","Parallel Aware": false,"Async Capable": false,"Scan Direction": "Forward","Index Name": "idx_partsupp_partkey","Relation Name": "partsupp","Alias": "partsupp","Startup Cost": 0.42,"Total Cost": 4.70,"Plan Rows": 4,"Plan Width": 14,"Actual Startup Time": 0.014,"Actual Total Time": 0.017,"Actual Rows": 4,"Actual Loops": 10834,"Index Cond": "(ps_partkey = part.p_partkey)","Rows Removed by Index Recheck": 0,"Workers": []}]},{"Node Type": "Index Scan","Parent Relationship": "Inner","Parallel Aware": false,"Async Capable": false,"Scan Direction": "Forward","Index Name": "idx_lineitem_part_supp","Relation Name": "lineitem","Alias": "lineitem","Startup Cost": 0.43,"Total Cost": 1.05,"Plan Rows": 1,"Plan Width": 29,"Actual Startup Time": 0.007,"Actual Total Time": 0.047,"Actual Rows": 7,"Actual Loops": 43336,"Index Cond": "((l_partkey = partsupp.ps_partkey) AND (l_suppkey = partsupp.ps_suppkey))","Rows Removed by Index Recheck": 0,"Workers": []}]},{"Node Type": "Index Scan","Parent Relationship": "Inner","Parallel Aware": false,"Async Capable": false,"Scan Direction": "Forward","Index Name": "supplier_pkey","Relation Name": "supplier","Alias": "supplier","Startup Cost": 0.29,"Total Cost": 0.30,"Plan Rows": 1,"Plan Width": 8,"Actual Startup Time": 0.001,"Actual Total Time": 0.001,"Actual Rows": 1,"Actual Loops": 325015,"Index Cond": "(s_suppkey = lineitem.l_suppkey)","Rows Removed by Index Recheck": 0,"Workers": []}]},{"Node Type": "Index Scan","Parent Relationship": "Inner","Parallel Aware": false,"Async Capable": false,"Scan Direction": "Forward","Index Name": "orders_pkey","Relation Name": "orders","Alias": "orders","Startup Cost": 0.43,"Total Cost": 0.47,"Plan Rows": 1,"Plan Width": 8,"Actual Startup Time": 0.010,"Actual Total Time": 0.010,"Actual Rows": 1,"Actual Loops": 325015,"Index Cond": "(o_orderkey = lineitem.l_orderkey)","Rows Removed by Index Recheck": 0,"Workers": []}]},{"Node Type": "Hash","Parent Relationship": "Inner","Parallel Aware": false,"Async Capable": false,"Startup Cost": 1.25,"Total Cost": 1.25,"Plan Rows": 25,"Plan Width": 108,"Actual Startup Time": 0.071,"Actual Total Time": 0.078,"Actual Rows": 25,"Actual Loops": 3,"Hash Buckets": 1024,"Original Hash Buckets": 1024,"Hash Batches": 1,"Original Hash Batches": 1,"Peak Memory Usage": 10,"Workers": [],"Plans": [{"Node Type": "Seq Scan","Parent Relationship": "Outer","Parallel Aware": false,"Async Capable": false,"Relation Name": "nation","Alias": "nation","Startup Cost": 0.00,"Total Cost": 1.25,"Plan Rows": 25,"Plan Width": 108,"Actual Startup Time": 0.045,"Actual Total Time": 0.051,"Actual Rows": 25,"Actual Loops": 3,"Workers": []}]}]}]}]}]}]},"Planning Time": 10.879,"Triggers": [],"Execution Time": 2537.521}]
[{"Plan": {"Node Type": "Aggregate","Strategy": "Sorted","Partial Mode": "Finalize","Parallel Aware": false,"Async Capable": false,"Startup Cost": 47355.08,"Total Cost": 47374.71,"Plan Rows": 146,"Plan Width": 168,"Actual Startup Time": 2378.458,"Actual Total Time": 2522.697,"Actual Rows": 175,"Actual Loops": 1,"Group Key": ["nation.n_name", "(EXTRACT(year FROM orders.o_orderdate))"],"Plans": [{"Node Type": "Gather Merge","Parent Relationship": "Outer","Parallel Aware": false,"Async Capable": false,"Startup Cost": 47355.08,"Total Cost": 47371.30,"Plan Rows": 122,"Plan Width": 168,"Actual Startup Time": 2377.513,"Actual Total Time": 2522.343,"Actual Rows": 525,"Actual Loops": 1,"Workers Planned": 2,"Workers Launched": 2,"Plans": [{"Node Type": "Aggregate","Strategy": "Sorted","Partial Mode": "Partial","Parent Relationship": "Outer","Parallel Aware": false,"Async Capable": false,"Startup Cost": 46355.06,"Total Cost": 46357.20,"Plan Rows": 61,"Plan Width": 168,"Actual Startup Time": 2288.556,"Actual Total Time": 2417.572,"Actual Rows": 175,"Actual Loops": 3,"Group Key": ["nation.n_name", "(EXTRACT(year FROM orders.o_orderdate))"],"Workers": [],"Plans": [{"Node Type": "Sort","Parent Relationship": "Outer","Parallel Aware": false,"Async Capable": false,"Startup Cost": 46355.06,"Total Cost": 46355.21,"Plan Rows": 61,"Plan Width": 159,"Actual Startup Time": 2288.214,"Actual Total Time": 2333.035,"Actual Rows": 106468,"Actual Loops": 3,"Sort Key": ["nation.n_name", "(EXTRACT(year FROM orders.o_orderdate)) DESC"],"Sort Method": "quicksort","Sort Space Used": 14402,"Sort Space Type": "Memory","Workers": [{"Worker Number": 0,"Sort Method": "quicksort","Sort Space Used": 13293,"Sort Space Type": "Memory"},{"Worker Number": 1,"Sort Method": "quicksort","Sort Space Used": 13330,"Sort Space Type": "Memory"}],"Plans": [{"Node Type": "Hash Join","Parent Relationship": "Outer","Parallel Aware": false,"Async Capable": false,"Join Type": "Inner","Startup Cost": 3.13,"Total Cost": 46353.25,"Plan Rows": 61,"Plan Width": 159,"Actual Startup Time": 0.765,"Actual Total Time": 2146.837,"Actual Rows": 106468,"Actual Loops": 3,"Inner Unique": true,"Hash Cond": "(supplier.s_nationkey = nation.n_nationkey)","Workers": [],"Plans": [{"Node Type": "Nested Loop","Parent Relationship": "Outer","Parallel Aware": false,"Async Capable": false,"Join Type": "Inner","Startup Cost": 1.57,"Total Cost": 46351.35,"Plan Rows": 61,"Plan Width": 31,"Actual Startup Time": 0.566,"Actual Total Time": 2116.014,"Actual Rows": 106468,"Actual Loops": 3,"Inner Unique": true,"Workers": [],"Plans": [{"Node Type": "Nested Loop","Parent Relationship": "Outer","Parallel Aware": false,"Async Capable": false,"Join Type": "Inner","Startup Cost": 1.14,"Total Cost": 46322.98,"Plan Rows": 61,"Plan Width": 31,"Actual Startup Time": 0.424,"Actual Total Time": 986.299,"Actual Rows": 106468,"Actual Loops": 3,"Inner Unique": true,"Workers": [],"Plans": [{"Node Type": "Nested Loop","Parent Relationship": "Outer","Parallel Aware": false,"Async Capable": false,"Join Type": "Inner","Startup Cost": 0.86,"Total Cost": 46304.52,"Plan Rows": 61,"Plan Width": 35,"Actual Startup Time": 0.322,"Actual Total Time": 804.474,"Actual Rows": 106468,"Actual Loops": 3,"Inner Unique": false,"Workers": [],"Plans": [{"Node Type": "Nested Loop","Parent Relationship": "Outer","Parallel Aware": false,"Async Capable": false,"Join Type": "Inner","Startup Cost": 0.42,"Total Cost": 24846.16,"Plan Rows": 20202,"Plan Width": 18,"Actual Startup Time": 0.207,"Actual Total Time": 112.316,"Actual Rows": 14219,"Actual Loops": 3,"Inner Unique": false,"Workers": [],"Plans": [{"Node Type": "Seq Scan","Parent Relationship": "Outer","Parallel Aware": true,"Async Capable": false,"Relation Name": "part","Alias": "part","Startup Cost": 0.00,"Total Cost": 5138.67,"Plan Rows": 5051,"Plan Width": 4,"Actual Startup Time": 0.062,"Actual Total Time": 48.140,"Actual Rows": 3555,"Actual Loops": 3,"Filter": "((p_name)::text ~~ '%green%'::text)","Rows Removed by Filter": 63112,"Workers": []},{"Node Type": "Index Scan","Parent Relationship": "Inner","Parallel Aware": false,"Async Capable": false,"Scan Direction": "Forward","Index Name": "idx_partsupp_partkey","Relation Name": "partsupp","Alias": "partsupp","Startup Cost": 0.42,"Total Cost": 3.86,"Plan Rows": 4,"Plan Width": 14,"Actual Startup Time": 0.014,"Actual Total Time": 0.017,"Actual Rows": 4,"Actual Loops": 10664,"Index Cond": "(ps_partkey = part.p_partkey)","Rows Removed by Index Recheck": 0,"Workers": []}]},{"Node Type": "Index Scan","Parent Relationship": "Inner","Parallel Aware": false,"Async Capable": false,"Scan Direction": "Forward","Index Name": "idx_lineitem_part_supp","Relation Name": "lineitem","Alias": "lineitem","Startup Cost": 0.43,"Total Cost": 1.05,"Plan Rows": 1,"Plan Width": 29,"Actual Startup Time": 0.007,"Actual Total Time": 0.047,"Actual Rows": 7,"Actual Loops": 42656,"Index Cond": "((l_partkey = partsupp.ps_partkey) AND (l_suppkey = partsupp.ps_suppkey))","Rows Removed by Index Recheck": 0,"Workers": []}]},{"Node Type": "Index Scan","Parent Relationship": "Inner","Parallel Aware": false,"Async Capable": false,"Scan Direction": "Forward","Index Name": "supplier_pkey","Relation Name": "supplier","Alias": "supplier","Startup Cost": 0.29,"Total Cost": 0.30,"Plan Rows": 1,"Plan Width": 8,"Actual Startup Time": 0.001,"Actual Total Time": 0.001,"Actual Rows": 1,"Actual Loops": 319404,"Index Cond": "(s_suppkey = lineitem.l_suppkey)","Rows Removed by Index Recheck": 0,"Workers": []}]},{"Node Type": "Index Scan","Parent Relationship": "Inner","Parallel Aware": false,"Async Capable": false,"Scan Direction": "Forward","Index Name": "orders_pkey","Relation Name": "orders","Alias": "orders","Startup Cost": 0.43,"Total Cost": 0.47,"Plan Rows": 1,"Plan Width": 8,"Actual Startup Time": 0.010,"Actual Total Time": 0.010,"Actual Rows": 1,"Actual Loops": 319404,"Index Cond": "(o_orderkey = lineitem.l_orderkey)","Rows Removed by Index Recheck": 0,"Workers": []}]},{"Node Type": "Hash","Parent Relationship": "Inner","Parallel Aware": false,"Async Capable": false,"Startup Cost": 1.25,"Total Cost": 1.25,"Plan Rows": 25,"Plan Width": 108,"Actual Startup Time": 0.086,"Actual Total Time": 0.098,"Actual Rows": 25,"Actual Loops": 3,"Hash Buckets": 1024,"Original Hash Buckets": 1024,"Hash Batches": 1,"Original Hash Batches": 1,"Peak Memory Usage": 10,"Workers": [],"Plans": [{"Node Type": "Seq Scan","Parent Relationship": "Outer","Parallel Aware": false,"Async Capable": false,"Relation Name": "nation","Alias": "nation","Startup Cost": 0.00,"Total Cost": 1.25,"Plan Rows": 25,"Plan Width": 108,"Actual Startup Time": 0.058,"Actual Total Time": 0.065,"Actual Rows": 25,"Actual Loops": 3,"Workers": []}]}]}]}]}]}]},"Planning Time": 11.140,"Triggers": [],"Execution Time": 2525.518}]
[{"Plan": {"Node Type": "Aggregate","Strategy": "Sorted","Partial Mode": "Finalize","Parallel Aware": false,"Async Capable": false,"Startup Cost": 46348.90,"Total Cost": 46374.41,"Plan Rows": 170,"Plan Width": 168,"Actual Startup Time": 1727.472,"Actual Total Time": 1868.015,"Actual Rows": 175,"Actual Loops": 1,"Group Key": ["nation.n_name", "(EXTRACT(year FROM orders.o_orderdate))"],"Plans": [{"Node Type": "Gather Merge","Parent Relationship": "Outer","Parallel Aware": false,"Async Capable": false,"Startup Cost": 46348.90,"Total Cost": 46370.21,"Plan Rows": 165,"Plan Width": 168,"Actual Startup Time": 1725.748,"Actual Total Time": 1867.575,"Actual Rows": 700,"Actual Loops": 1,"Workers Planned": 3,"Workers Launched": 3,"Plans": [{"Node Type": "Aggregate","Strategy": "Sorted","Partial Mode": "Partial","Parent Relationship": "Outer","Parallel Aware": false,"Async Capable": false,"Startup Cost": 45348.86,"Total Cost": 45350.79,"Plan Rows": 55,"Plan Width": 168,"Actual Startup Time": 1653.610,"Actual Total Time": 1749.132,"Actual Rows": 175,"Actual Loops": 4,"Group Key": ["nation.n_name", "(EXTRACT(year FROM orders.o_orderdate))"],"Workers": [],"Plans": [{"Node Type": "Sort","Parent Relationship": "Outer","Parallel Aware": false,"Async Capable": false,"Startup Cost": 45348.86,"Total Cost": 45349.00,"Plan Rows": 55,"Plan Width": 159,"Actual Startup Time": 1653.066,"Actual Total Time": 1686.532,"Actual Rows": 81810,"Actual Loops": 4,"Sort Key": ["nation.n_name", "(EXTRACT(year FROM orders.o_orderdate)) DESC"],"Sort Method": "quicksort","Sort Space Used": 11471,"Sort Space Type": "Memory","Workers": [{"Worker Number": 0,"Sort Method": "quicksort","Sort Space Used": 11147,"Sort Space Type": "Memory"},{"Worker Number": 1,"Sort Method": "quicksort","Sort Space Used": 11095,"Sort Space Type": "Memory"},{"Worker Number": 2,"Sort Method": "quicksort","Sort Space Used": 11162,"Sort Space Type": "Memory"}],"Plans": [{"Node Type": "Hash Join","Parent Relationship": "Outer","Parallel Aware": false,"Async Capable": false,"Join Type": "Inner","Startup Cost": 5215.02,"Total Cost": 45347.27,"Plan Rows": 55,"Plan Width": 159,"Actual Startup Time": 20.833,"Actual Total Time": 1551.514,"Actual Rows": 81810,"Actual Loops": 4,"Inner Unique": true,"Hash Cond": "(supplier.s_nationkey = nation.n_nationkey)","Workers": [],"Plans": [{"Node Type": "Nested Loop","Parent Relationship": "Outer","Parallel Aware": false,"Async Capable": false,"Join Type": "Inner","Startup Cost": 5213.46,"Total Cost": 45345.40,"Plan Rows": 55,"Plan Width": 31,"Actual Startup Time": 20.681,"Actual Total Time": 1528.164,"Actual Rows": 81810,"Actual Loops": 4,"Inner Unique": true,"Workers": [],"Plans": [{"Node Type": "Nested Loop","Parent Relationship": "Outer","Parallel Aware": false,"Async Capable": false,"Join Type": "Inner","Startup Cost": 5213.03,"Total Cost": 45319.82,"Plan Rows": 55,"Plan Width": 31,"Actual Startup Time": 20.609,"Actual Total Time": 796.744,"Actual Rows": 81810,"Actual Loops": 4,"Inner Unique": true,"Workers": [],"Plans": [{"Node Type": "Nested Loop","Parent Relationship": "Outer","Parallel Aware": false,"Async Capable": false,"Join Type": "Inner","Startup Cost": 5212.75,"Total Cost": 45303.17,"Plan Rows": 55,"Plan Width": 35,"Actual Startup Time": 20.570,"Actual Total Time": 658.735,"Actual Rows": 81810,"Actual Loops": 4,"Inner Unique": false,"Workers": [],"Plans": [{"Node Type": "Hash Join","Parent Relationship": "Outer","Parallel Aware": true,"Async Capable": false,"Join Type": "Inner","Startup Cost": 5212.32,"Total Cost": 25921.39,"Plan Rows": 18247,"Plan Width": 18,"Actual Startup Time": 20.503,"Actual Total Time": 194.617,"Actual Rows": 10904,"Actual Loops": 4,"Inner Unique": true,"Hash Cond": "(partsupp.ps_partkey = part.p_partkey)","Workers": [],"Plans": [{"Node Type": "Seq Scan","Parent Relationship": "Outer","Parallel Aware": true,"Async Capable": false,"Relation Name": "partsupp","Alias": "partsupp","Startup Cost": 0.00,"Total Cost": 20031.65,"Plan Rows": 258065,"Plan Width": 14,"Actual Startup Time": 0.015,"Actual Total Time": 41.930,"Actual Rows": 200000,"Actual Loops": 4,"Workers": []},{"Node Type": "Hash","Parent Relationship": "Inner","Parallel Aware": true,"Async Capable": false,"Startup Cost": 5138.67,"Total Cost": 5138.67,"Plan Rows": 5892,"Plan Width": 4,"Actual Startup Time": 20.326,"Actual Total Time": 20.334,"Actual Rows": 2726,"Actual Loops": 4,"Hash Buckets": 16384,"Original Hash Buckets": 16384,"Hash Batches": 1,"Original Hash Batches": 1,"Peak Memory Usage": 576,"Workers": [],"Plans": [{"Node Type": "Seq Scan","Parent Relationship": "Outer","Parallel Aware": true,"Async Capable": false,"Relation Name": "part","Alias": "part","Startup Cost": 0.00,"Total Cost": 5138.67,"Plan Rows": 5892,"Plan Width": 4,"Actual Startup Time": 0.040,"Actual Total Time": 18.599,"Actual Rows": 2726,"Actual Loops": 4,"Filter": "((p_name)::text ~~ '%firebrick%'::text)","Rows Removed by Filter": 47274,"Workers": []}]}]},{"Node Type": "Index Scan","Parent Relationship": "Inner","Parallel Aware": false,"Async Capable": false,"Scan Direction": "Forward","Index Name": "idx_lineitem_part_supp","Relation Name": "lineitem","Alias": "lineitem","Startup Cost": 0.43,"Total Cost": 1.05,"Plan Rows": 1,"Plan Width": 29,"Actual Startup Time": 0.006,"Actual Total Time": 0.041,"Actual Rows": 8,"Actual Loops": 43616,"Index Cond": "((l_partkey = partsupp.ps_partkey) AND (l_suppkey = partsupp.ps_suppkey))","Rows Removed by Index Recheck": 0,"Workers": []}]},{"Node Type": "Index Scan","Parent Relationship": "Inner","Parallel Aware": false,"Async Capable": false,"Scan Direction": "Forward","Index Name": "supplier_pkey","Relation Name": "supplier","Alias": "supplier","Startup Cost": 0.29,"Total Cost": 0.30,"Plan Rows": 1,"Plan Width": 8,"Actual Startup Time": 0.001,"Actual Total Time": 0.001,"Actual Rows": 1,"Actual Loops": 327242,"Index Cond": "(s_suppkey = lineitem.l_suppkey)","Rows Removed by Index Recheck": 0,"Workers": []}]},{"Node Type": "Index Scan","Parent Relationship": "Inner","Parallel Aware": false,"Async Capable": false,"Scan Direction": "Forward","Index Name": "orders_pkey","Relation Name": "orders","Alias": "orders","Startup Cost": 0.43,"Total Cost": 0.47,"Plan Rows": 1,"Plan Width": 8,"Actual Startup Time": 0.009,"Actual Total Time": 0.009,"Actual Rows": 1,"Actual Loops": 327242,"Index Cond": "(o_orderkey = lineitem.l_orderkey)","Rows Removed by Index Recheck": 0,"Workers": []}]},{"Node Type": "Hash","Parent Relationship": "Inner","Parallel Aware": false,"Async Capable": false,"Startup Cost": 1.25,"Total Cost": 1.25,"Plan Rows": 25,"Plan Width": 108,"Actual Startup Time": 0.064,"Actual Total Time": 0.068,"Actual Rows": 25,"Actual Loops": 4,"Hash Buckets": 1024,"Original Hash Buckets": 1024,"Hash Batches": 1,"Original Hash Batches": 1,"Peak Memory Usage": 10,"Workers": [],"Plans": [{"Node Type": "Seq Scan","Parent Relationship": "Outer","Parallel Aware": false,"Async Capable": false,"Relation Name": "nation","Alias": "nation","Startup Cost": 0.00,"Total Cost": 1.25,"Plan Rows": 25,"Plan Width": 108,"Actual Startup Time": 0.042,"Actual Total Time": 0.046,"Actual Rows": 25,"Actual Loops": 4,"Workers": []}]}]}]}]}]}]},"Planning Time": 11.442,"Triggers": [],"Execution Time": 1870.367}]
[{"Plan": {"Node Type": "Aggregate","Strategy": "Sorted","Partial Mode": "Finalize","Parallel Aware": false,"Async Capable": false,"Startup Cost": 35224.41,"Total Cost": 35237.30,"Plan Rows": 97,"Plan Width": 168,"Actual Startup Time": 2423.249,"Actual Total Time": 2515.192,"Actual Rows": 175,"Actual Loops": 1,"Group Key": ["nation.n_name", "(EXTRACT(year FROM orders.o_orderdate))"],"Plans": [{"Node Type": "Gather Merge","Parent Relationship": "Outer","Parallel Aware": false,"Async Capable": false,"Startup Cost": 35224.41,"Total Cost": 35235.05,"Plan Rows": 80,"Plan Width": 168,"Actual Startup Time": 2422.043,"Actual Total Time": 2514.833,"Actual Rows": 525,"Actual Loops": 1,"Workers Planned": 2,"Workers Launched": 2,"Plans": [{"Node Type": "Aggregate","Strategy": "Sorted","Partial Mode": "Partial","Parent Relationship": "Outer","Parallel Aware": false,"Async Capable": false,"Startup Cost": 34224.39,"Total Cost": 34225.79,"Plan Rows": 40,"Plan Width": 168,"Actual Startup Time": 2309.712,"Actual Total Time": 2427.242,"Actual Rows": 175,"Actual Loops": 3,"Group Key": ["nation.n_name", "(EXTRACT(year FROM orders.o_orderdate))"],"Workers": [],"Plans": [{"Node Type": "Sort","Parent Relationship": "Outer","Parallel Aware": false,"Async Capable": false,"Startup Cost": 34224.39,"Total Cost": 34224.49,"Plan Rows": 40,"Plan Width": 159,"Actual Startup Time": 2309.075,"Actual Total Time": 2348.152,"Actual Rows": 107534,"Actual Loops": 3,"Sort Key": ["nation.n_name", "(EXTRACT(year FROM orders.o_orderdate)) DESC"],"Sort Method": "quicksort","Sort Space Used": 14516,"Sort Space Type": "Memory","Workers": [{"Worker Number": 0,"Sort Method": "quicksort","Sort Space Used": 13430,"Sort Space Type": "Memory"},{"Worker Number": 1,"Sort Method": "quicksort","Sort Space Used": 13394,"Sort Space Type": "Memory"}],"Plans": [{"Node Type": "Hash Join","Parent Relationship": "Outer","Parallel Aware": false,"Async Capable": false,"Join Type": "Inner","Startup Cost": 3.13,"Total Cost": 34223.32,"Plan Rows": 40,"Plan Width": 159,"Actual Startup Time": 0.599,"Actual Total Time": 2164.320,"Actual Rows": 107534,"Actual Loops": 3,"Inner Unique": true,"Hash Cond": "(supplier.s_nationkey = nation.n_nationkey)","Workers": [],"Plans": [{"Node Type": "Nested Loop","Parent Relationship": "Outer","Parallel Aware": false,"Async Capable": false,"Join Type": "Inner","Startup Cost": 1.57,"Total Cost": 34221.53,"Plan Rows": 40,"Plan Width": 31,"Actual Startup Time": 0.448,"Actual Total Time": 2133.517,"Actual Rows": 107534,"Actual Loops": 3,"Inner Unique": true,"Workers": [],"Plans": [{"Node Type": "Nested Loop","Parent Relationship": "Outer","Parallel Aware": false,"Async Capable": false,"Join Type": "Inner","Startup Cost": 1.14,"Total Cost": 34202.93,"Plan Rows": 40,"Plan Width": 31,"Actual Startup Time": 0.343,"Actual Total Time": 995.000,"Actual Rows": 107534,"Actual Loops": 3,"Inner Unique": true,"Workers": [],"Plans": [{"Node Type": "Nested Loop","Parent Relationship": "Outer","Parallel Aware": false,"Async Capable": false,"Join Type": "Inner","Startup Cost": 0.86,"Total Cost": 34190.82,"Plan Rows": 40,"Plan Width": 35,"Actual Startup Time": 0.249,"Actual Total Time": 811.484,"Actual Rows": 107534,"Actual Loops": 3,"Inner Unique": false,"Workers": [],"Plans": [{"Node Type": "Nested Loop","Parent Relationship": "Outer","Parallel Aware": false,"Async Capable": false,"Join Type": "Inner","Startup Cost": 0.42,"Total Cost": 19885.25,"Plan Rows": 13468,"Plan Width": 18,"Actual Startup Time": 0.160,"Actual Total Time": 113.812,"Actual Rows": 14291,"Actual Loops": 3,"Inner Unique": false,"Workers": [],"Plans": [{"Node Type": "Seq Scan","Parent Relationship": "Outer","Parallel Aware": true,"Async Capable": false,"Relation Name": "part","Alias": "part","Startup Cost": 0.00,"Total Cost": 5138.67,"Plan Rows": 3367,"Plan Width": 4,"Actual Startup Time": 0.050,"Actual Total Time": 48.849,"Actual Rows": 3573,"Actual Loops": 3,"Filter": "((p_name)::text ~~ '%metallic%'::text)","Rows Removed by Filter": 63094,"Workers": []},{"Node Type": "Index Scan","Parent Relationship": "Inner","Parallel Aware": false,"Async Capable": false,"Scan Direction": "Forward","Index Name": "idx_partsupp_partkey","Relation Name": "partsupp","Alias": "partsupp","Startup Cost": 0.42,"Total Cost": 4.34,"Plan Rows": 4,"Plan Width": 14,"Actual Startup Time": 0.014,"Actual Total Time": 0.017,"Actual Rows": 4,"Actual Loops": 10718,"Index Cond": "(ps_partkey = part.p_partkey)","Rows Removed by Index Recheck": 0,"Workers": []}]},{"Node Type": "Index Scan","Parent Relationship": "Inner","Parallel Aware": false,"Async Capable": false,"Scan Direction": "Forward","Index Name": "idx_lineitem_part_supp","Relation Name": "lineitem","Alias": "lineitem","Startup Cost": 0.43,"Total Cost": 1.05,"Plan Rows": 1,"Plan Width": 29,"Actual Startup Time": 0.007,"Actual Total Time": 0.047,"Actual Rows": 8,"Actual Loops": 42872,"Index Cond": "((l_partkey = partsupp.ps_partkey) AND (l_suppkey = partsupp.ps_suppkey))","Rows Removed by Index Recheck": 0,"Workers": []}]},{"Node Type": "Index Scan","Parent Relationship": "Inner","Parallel Aware": false,"Async Capable": false,"Scan Direction": "Forward","Index Name": "supplier_pkey","Relation Name": "supplier","Alias": "supplier","Startup Cost": 0.29,"Total Cost": 0.30,"Plan Rows": 1,"Plan Width": 8,"Actual Startup Time": 0.001,"Actual Total Time": 0.001,"Actual Rows": 1,"Actual Loops": 322603,"Index Cond": "(s_suppkey = lineitem.l_suppkey)","Rows Removed by Index Recheck": 0,"Workers": []}]},{"Node Type": "Index Scan","Parent Relationship": "Inner","Parallel Aware": false,"Async Capable": false,"Scan Direction": "Forward","Index Name": "orders_pkey","Relation Name": "orders","Alias": "orders","Startup Cost": 0.43,"Total Cost": 0.47,"Plan Rows": 1,"Plan Width": 8,"Actual Startup Time": 0.010,"Actual Total Time": 0.010,"Actual Rows": 1,"Actual Loops": 322603,"Index Cond": "(o_orderkey = lineitem.l_orderkey)","Rows Removed by Index Recheck": 0,"Workers": []}]},{"Node Type": "Hash","Parent Relationship": "Inner","Parallel Aware": false,"Async Capable": false,"Startup Cost": 1.25,"Total Cost": 1.25,"Plan Rows": 25,"Plan Width": 108,"Actual Startup Time": 0.058,"Actual Total Time": 0.069,"Actual Rows": 25,"Actual Loops": 3,"Hash Buckets": 1024,"Original Hash Buckets": 1024,"Hash Batches": 1,"Original Hash Batches": 1,"Peak Memory Usage": 10,"Workers": [],"Plans": [{"Node Type": "Seq Scan","Parent Relationship": "Outer","Parallel Aware": false,"Async Capable": false,"Relation Name": "nation","Alias": "nation","Startup Cost": 0.00,"Total Cost": 1.25,"Plan Rows": 25,"Plan Width": 108,"Actual Startup Time": 0.034,"Actual Total Time": 0.039,"Actual Rows": 25,"Actual Loops": 3,"Workers": []}]}]}]}]}]}]},"Planning Time": 11.896,"Triggers": [],"Execution Time": 2518.140}]
[{"Plan": {"Node Type": "Aggregate","Strategy": "Sorted","Partial Mode": "Finalize","Parallel Aware": false,"Async Capable": false,"Startup Cost": 28858.40,"Total Cost": 28868.07,"Plan Rows": 73,"Plan Width": 168,"Actual Startup Time": 2463.071,"Actual Total Time": 2567.637,"Actual Rows": 175,"Actual Loops": 1,"Group Key": ["nation.n_name", "(EXTRACT(year FROM orders.o_orderdate))"],"Plans": [{"Node Type": "Gather Merge","Parent Relationship": "Outer","Parallel Aware": false,"Async Capable": false,"Startup Cost": 28858.40,"Total Cost": 28866.38,"Plan Rows": 60,"Plan Width": 168,"Actual Startup Time": 2461.516,"Actual Total Time": 2567.174,"Actual Rows": 525,"Actual Loops": 1,"Workers Planned": 2,"Workers Launched": 2,"Plans": [{"Node Type": "Aggregate","Strategy": "Sorted","Partial Mode": "Partial","Parent Relationship": "Outer","Parallel Aware": false,"Async Capable": false,"Startup Cost": 27858.38,"Total Cost": 27859.43,"Plan Rows": 30,"Plan Width": 168,"Actual Startup Time": 2344.398,"Actual Total Time": 2466.935,"Actual Rows": 175,"Actual Loops": 3,"Group Key": ["nation.n_name", "(EXTRACT(year FROM orders.o_orderdate))"],"Workers": [],"Plans": [{"Node Type": "Sort","Parent Relationship": "Outer","Parallel Aware": false,"Async Capable": false,"Startup Cost": 27858.38,"Total Cost": 27858.46,"Plan Rows": 30,"Plan Width": 159,"Actual Startup Time": 2343.742,"Actual Total Time": 2383.320,"Actual Rows": 109328,"Actual Loops": 3,"Sort Key": ["nation.n_name", "(EXTRACT(year FROM orders.o_orderdate)) DESC"],"Sort Method": "quicksort","Sort Space Used": 13858,"Sort Space Type": "Memory","Workers": [{"Worker Number": 0,"Sort Method": "quicksort","Sort Space Used": 14008,"Sort Space Type": "Memory"},{"Worker Number": 1,"Sort Method": "quicksort","Sort Space Used": 14013,"Sort Space Type": "Memory"}],"Plans": [{"Node Type": "Hash Join","Parent Relationship": "Outer","Parallel Aware": false,"Async Capable": false,"Join Type": "Inner","Startup Cost": 3.13,"Total Cost": 27857.64,"Plan Rows": 30,"Plan Width": 159,"Actual Startup Time": 0.598,"Actual Total Time": 2184.488,"Actual Rows": 109328,"Actual Loops": 3,"Inner Unique": true,"Hash Cond": "(supplier.s_nationkey = nation.n_nationkey)","Workers": [],"Plans": [{"Node Type": "Nested Loop","Parent Relationship": "Outer","Parallel Aware": false,"Async Capable": false,"Join Type": "Inner","Startup Cost": 1.57,"Total Cost": 27855.92,"Plan Rows": 30,"Plan Width": 31,"Actual Startup Time": 0.466,"Actual Total Time": 2152.575,"Actual Rows": 109328,"Actual Loops": 3,"Inner Unique": true,"Workers": [],"Plans": [{"Node Type": "Nested Loop","Parent Relationship": "Outer","Parallel Aware": false,"Async Capable": false,"Join Type": "Inner","Startup Cost": 1.14,"Total Cost": 27841.96,"Plan Rows": 30,"Plan Width": 31,"Actual Startup Time": 0.352,"Actual Total Time": 998.104,"Actual Rows": 109328,"Actual Loops": 3,"Inner Unique": true,"Workers": [],"Plans": [{"Node Type": "Nested Loop","Parent Relationship": "Outer","Parallel Aware": false,"Async Capable": false,"Join Type": "Inner","Startup Cost": 0.86,"Total Cost": 27832.88,"Plan Rows": 30,"Plan Width": 35,"Actual Startup Time": 0.275,"Actual Total Time": 811.998,"Actual Rows": 109328,"Actual Loops": 3,"Inner Unique": false,"Workers": [],"Plans": [{"Node Type": "Nested Loop","Parent Relationship": "Outer","Parallel Aware": false,"Async Capable": false,"Join Type": "Inner","Startup Cost": 0.42,"Total Cost": 17103.70,"Plan Rows": 10101,"Plan Width": 18,"Actual Startup Time": 0.163,"Actual Total Time": 118.534,"Actual Rows": 14549,"Actual Loops": 3,"Inner Unique": false,"Workers": [],"Plans": [{"Node Type": "Seq Scan","Parent Relationship": "Outer","Parallel Aware": true,"Async Capable": false,"Relation Name": "part","Alias": "part","Startup Cost": 0.00,"Total Cost": 5138.67,"Plan Rows": 2525,"Plan Width": 4,"Actual Startup Time": 0.061,"Actual Total Time": 50.900,"Actual Rows": 3637,"Actual Loops": 3,"Filter": "((p_name)::text ~~ '%papaya%'::text)","Rows Removed by Filter": 63029,"Workers": []},{"Node Type": "Index Scan","Parent Relationship": "Inner","Parallel Aware": false,"Async Capable": false,"Scan Direction": "Forward","Index Name": "idx_partsupp_partkey","Relation Name": "partsupp","Alias": "partsupp","Startup Cost": 0.42,"Total Cost": 4.70,"Plan Rows": 4,"Plan Width": 14,"Actual Startup Time": 0.014,"Actual Total Time": 0.018,"Actual Rows": 4,"Actual Loops": 10912,"Index Cond": "(ps_partkey = part.p_partkey)","Rows Removed by Index Recheck": 0,"Workers": []}]},{"Node Type": "Index Scan","Parent Relationship": "Inner","Parallel Aware": false,"Async Capable": false,"Scan Direction": "Forward","Index Name": "idx_lineitem_part_supp","Relation Name": "lineitem","Alias": "lineitem","Startup Cost": 0.43,"Total Cost": 1.05,"Plan Rows": 1,"Plan Width": 29,"Actual Startup Time": 0.007,"Actual Total Time": 0.046,"Actual Rows": 8,"Actual Loops": 43648,"Index Cond": "((l_partkey = partsupp.ps_partkey) AND (l_suppkey = partsupp.ps_suppkey))","Rows Removed by Index Recheck": 0,"Workers": []}]},{"Node Type": "Index Scan","Parent Relationship": "Inner","Parallel Aware": false,"Async Capable": false,"Scan Direction": "Forward","Index Name": "supplier_pkey","Relation Name": "supplier","Alias": "supplier","Startup Cost": 0.29,"Total Cost": 0.30,"Plan Rows": 1,"Plan Width": 8,"Actual Startup Time": 0.001,"Actual Total Time": 0.001,"Actual Rows": 1,"Actual Loops": 327983,"Index Cond": "(s_suppkey = lineitem.l_suppkey)","Rows Removed by Index Recheck": 0,"Workers": []}]},{"Node Type": "Index Scan","Parent Relationship": "Inner","Parallel Aware": false,"Async Capable": false,"Scan Direction": "Forward","Index Name": "orders_pkey","Relation Name": "orders","Alias": "orders","Startup Cost": 0.43,"Total Cost": 0.47,"Plan Rows": 1,"Plan Width": 8,"Actual Startup Time": 0.010,"Actual Total Time": 0.010,"Actual Rows": 1,"Actual Loops": 327983,"Index Cond": "(o_orderkey = lineitem.l_orderkey)","Rows Removed by Index Recheck": 0,"Workers": []}]},{"Node Type": "Hash","Parent Relationship": "Inner","Parallel Aware": false,"Async Capable": false,"Startup Cost": 1.25,"Total Cost": 1.25,"Plan Rows": 25,"Plan Width": 108,"Actual Startup Time": 0.064,"Actual Total Time": 0.072,"Actual Rows": 25,"Actual Loops": 3,"Hash Buckets": 1024,"Original Hash Buckets": 1024,"Hash Batches": 1,"Original Hash Batches": 1,"Peak Memory Usage": 10,"Workers": [],"Plans": [{"Node Type": "Seq Scan","Parent Relationship": "Outer","Parallel Aware": false,"Async Capable": false,"Relation Name": "nation","Alias": "nation","Startup Cost": 0.00,"Total Cost": 1.25,"Plan Rows": 25,"Plan Width": 108,"Actual Startup Time": 0.039,"Actual Total Time": 0.044,"Actual Rows": 25,"Actual Loops": 3,"Workers": []}]}]}]}]}]}]},"Planning Time": 11.473,"Triggers": [],"Execution Time": 2570.223}]
[{"Plan": {"Node Type": "Aggregate","Strategy": "Sorted","Partial Mode": "Finalize","Parallel Aware": false,"Async Capable": false,"Startup Cost": 41381.04,"Total Cost": 41397.45,"Plan Rows": 122,"Plan Width": 168,"Actual Startup Time": 2369.291,"Actual Total Time": 2478.707,"Actual Rows": 175,"Actual Loops": 1,"Group Key": ["nation.n_name", "(EXTRACT(year FROM orders.o_orderdate))"],"Plans": [{"Node Type": "Gather Merge","Parent Relationship": "Outer","Parallel Aware": false,"Async Capable": false,"Startup Cost": 41381.04,"Total Cost": 41394.60,"Plan Rows": 102,"Plan Width": 168,"Actual Startup Time": 2368.553,"Actual Total Time": 2478.320,"Actual Rows": 525,"Actual Loops": 1,"Workers Planned": 2,"Workers Launched": 2,"Plans": [{"Node Type": "Aggregate","Strategy": "Sorted","Partial Mode": "Partial","Parent Relationship": "Outer","Parallel Aware": false,"Async Capable": false,"Startup Cost": 40381.01,"Total Cost": 40382.80,"Plan Rows": 51,"Plan Width": 168,"Actual Startup Time": 2234.651,"Actual Total Time": 2367.808,"Actual Rows": 175,"Actual Loops": 3,"Group Key": ["nation.n_name", "(EXTRACT(year FROM orders.o_orderdate))"],"Workers": [],"Plans": [{"Node Type": "Sort","Parent Relationship": "Outer","Parallel Aware": false,"Async Capable": false,"Startup Cost": 40381.01,"Total Cost": 40381.14,"Plan Rows": 51,"Plan Width": 159,"Actual Startup Time": 2234.151,"Actual Total Time": 2281.175,"Actual Rows": 106377,"Actual Loops": 3,"Sort Key": ["nation.n_name", "(EXTRACT(year FROM orders.o_orderdate)) DESC"],"Sort Method": "quicksort","Sort Space Used": 13281,"Sort Space Type": "Memory","Workers": [{"Worker Number": 0,"Sort Method": "quicksort","Sort Space Used": 13894,"Sort Space Type": "Memory"},{"Worker Number": 1,"Sort Method": "quicksort","Sort Space Used": 13818,"Sort Space Type": "Memory"}],"Plans": [{"Node Type": "Hash Join","Parent Relationship": "Outer","Parallel Aware": false,"Async Capable": false,"Join Type": "Inner","Startup Cost": 3.13,"Total Cost": 40379.57,"Plan Rows": 51,"Plan Width": 159,"Actual Startup Time": 0.768,"Actual Total Time": 2087.367,"Actual Rows": 106377,"Actual Loops": 3,"Inner Unique": true,"Hash Cond": "(supplier.s_nationkey = nation.n_nationkey)","Workers": [],"Plans": [{"Node Type": "Nested Loop","Parent Relationship": "Outer","Parallel Aware": false,"Async Capable": false,"Join Type": "Inner","Startup Cost": 1.57,"Total Cost": 40377.72,"Plan Rows": 51,"Plan Width": 31,"Actual Startup Time": 0.548,"Actual Total Time": 2056.182,"Actual Rows": 106377,"Actual Loops": 3,"Inner Unique": true,"Workers": [],"Plans": [{"Node Type": "Nested Loop","Parent Relationship": "Outer","Parallel Aware": false,"Async Capable": false,"Join Type": "Inner","Startup Cost": 1.14,"Total Cost": 40354.00,"Plan Rows": 51,"Plan Width": 31,"Actual Startup Time": 0.413,"Actual Total Time": 960.517,"Actual Rows": 106377,"Actual Loops": 3,"Inner Unique": true,"Workers": [],"Plans": [{"Node Type": "Nested Loop","Parent Relationship": "Outer","Parallel Aware": false,"Async Capable": false,"Join Type": "Inner","Startup Cost": 0.86,"Total Cost": 40338.56,"Plan Rows": 51,"Plan Width": 35,"Actual Startup Time": 0.324,"Actual Total Time": 781.220,"Actual Rows": 106377,"Actual Loops": 3,"Inner Unique": false,"Workers": [],"Plans": [{"Node Type": "Nested Loop","Parent Relationship": "Outer","Parallel Aware": false,"Async Capable": false,"Join Type": "Inner","Startup Cost": 0.42,"Total Cost": 22456.59,"Plan Rows": 16835,"Plan Width": 18,"Actual Startup Time": 0.210,"Actual Total Time": 116.185,"Actual Rows": 14180,"Actual Loops": 3,"Inner Unique": false,"Workers": [],"Plans": [{"Node Type": "Seq Scan","Parent Relationship": "Outer","Parallel Aware": true,"Async Capable": false,"Relation Name": "part","Alias": "part","Startup Cost": 0.00,"Total Cost": 5138.67,"Plan Rows": 4209,"Plan Width": 4,"Actual Startup Time": 0.080,"Actual Total Time": 50.374,"Actual Rows": 3545,"Actual Loops": 3,"Filter": "((p_name)::text ~~ '%gainsboro%'::text)","Rows Removed by Filter": 63122,"Workers": []},{"Node Type": "Index Scan","Parent Relationship": "Inner","Parallel Aware": false,"Async Capable": false,"Scan Direction": "Forward","Index Name": "idx_partsupp_partkey","Relation Name": "partsupp","Alias": "partsupp","Startup Cost": 0.42,"Total Cost": 4.07,"Plan Rows": 4,"Plan Width": 14,"Actual Startup Time": 0.014,"Actual Total Time": 0.018,"Actual Rows": 4,"Actual Loops": 10635,"Index Cond": "(ps_partkey = part.p_partkey)","Rows Removed by Index Recheck": 0,"Workers": []}]},{"Node Type": "Index Scan","Parent Relationship": "Inner","Parallel Aware": false,"Async Capable": false,"Scan Direction": "Forward","Index Name": "idx_lineitem_part_supp","Relation Name": "lineitem","Alias": "lineitem","Startup Cost": 0.43,"Total Cost": 1.05,"Plan Rows": 1,"Plan Width": 29,"Actual Startup Time": 0.007,"Actual Total Time": 0.045,"Actual Rows": 8,"Actual Loops": 42540,"Index Cond": "((l_partkey = partsupp.ps_partkey) AND (l_suppkey = partsupp.ps_suppkey))","Rows Removed by Index Recheck": 0,"Workers": []}]},{"Node Type": "Index Scan","Parent Relationship": "Inner","Parallel Aware": false,"Async Capable": false,"Scan Direction": "Forward","Index Name": "supplier_pkey","Relation Name": "supplier","Alias": "supplier","Startup Cost": 0.29,"Total Cost": 0.30,"Plan Rows": 1,"Plan Width": 8,"Actual Startup Time": 0.001,"Actual Total Time": 0.001,"Actual Rows": 1,"Actual Loops": 319131,"Index Cond": "(s_suppkey = lineitem.l_suppkey)","Rows Removed by Index Recheck": 0,"Workers": []}]},{"Node Type": "Index Scan","Parent Relationship": "Inner","Parallel Aware": false,"Async Capable": false,"Scan Direction": "Forward","Index Name": "orders_pkey","Relation Name": "orders","Alias": "orders","Startup Cost": 0.43,"Total Cost": 0.47,"Plan Rows": 1,"Plan Width": 8,"Actual Startup Time": 0.010,"Actual Total Time": 0.010,"Actual Rows": 1,"Actual Loops": 319131,"Index Cond": "(o_orderkey = lineitem.l_orderkey)","Rows Removed by Index Recheck": 0,"Workers": []}]},{"Node Type": "Hash","Parent Relationship": "Inner","Parallel Aware": false,"Async Capable": false,"Startup Cost": 1.25,"Total Cost": 1.25,"Plan Rows": 25,"Plan Width": 108,"Actual Startup Time": 0.092,"Actual Total Time": 0.105,"Actual Rows": 25,"Actual Loops": 3,"Hash Buckets": 1024,"Original Hash Buckets": 1024,"Hash Batches": 1,"Original Hash Batches": 1,"Peak Memory Usage": 10,"Workers": [],"Plans": [{"Node Type": "Seq Scan","Parent Relationship": "Outer","Parallel Aware": false,"Async Capable": false,"Relation Name": "nation","Alias": "nation","Startup Cost": 0.00,"Total Cost": 1.25,"Plan Rows": 25,"Plan Width": 108,"Actual Startup Time": 0.059,"Actual Total Time": 0.067,"Actual Rows": 25,"Actual Loops": 3,"Workers": []}]}]}]}]}]}]},"Planning Time": 12.024,"Triggers": [],"Execution Time": 2481.928}]
[{"Plan": {"Node Type": "Aggregate","Strategy": "Sorted","Partial Mode": "Finalize","Parallel Aware": false,"Async Capable": false,"Startup Cost": 35224.41,"Total Cost": 35237.30,"Plan Rows": 97,"Plan Width": 168,"Actual Startup Time": 2423.963,"Actual Total Time": 2560.496,"Actual Rows": 175,"Actual Loops": 1,"Group Key": ["nation.n_name", "(EXTRACT(year FROM orders.o_orderdate))"],"Plans": [{"Node Type": "Gather Merge","Parent Relationship": "Outer","Parallel Aware": false,"Async Capable": false,"Startup Cost": 35224.41,"Total Cost": 35235.05,"Plan Rows": 80,"Plan Width": 168,"Actual Startup Time": 2422.019,"Actual Total Time": 2560.116,"Actual Rows": 525,"Actual Loops": 1,"Workers Planned": 2,"Workers Launched": 2,"Plans": [{"Node Type": "Aggregate","Strategy": "Sorted","Partial Mode": "Partial","Parent Relationship": "Outer","Parallel Aware": false,"Async Capable": false,"Startup Cost": 34224.39,"Total Cost": 34225.79,"Plan Rows": 40,"Plan Width": 168,"Actual Startup Time": 2311.477,"Actual Total Time": 2422.444,"Actual Rows": 175,"Actual Loops": 3,"Group Key": ["nation.n_name", "(EXTRACT(year FROM orders.o_orderdate))"],"Workers": [],"Plans": [{"Node Type": "Sort","Parent Relationship": "Outer","Parallel Aware": false,"Async Capable": false,"Startup Cost": 34224.39,"Total Cost": 34224.49,"Plan Rows": 40,"Plan Width": 159,"Actual Startup Time": 2310.904,"Actual Total Time": 2345.956,"Actual Rows": 108625,"Actual Loops": 3,"Sort Key": ["nation.n_name", "(EXTRACT(year FROM orders.o_orderdate)) DESC"],"Sort Method": "quicksort","Sort Space Used": 13495,"Sort Space Type": "Memory","Workers": [{"Worker Number": 0,"Sort Method": "quicksort","Sort Space Used": 14236,"Sort Space Type": "Memory"},{"Worker Number": 1,"Sort Method": "quicksort","Sort Space Used": 13931,"Sort Space Type": "Memory"}],"Plans": [{"Node Type": "Hash Join","Parent Relationship": "Outer","Parallel Aware": false,"Async Capable": false,"Join Type": "Inner","Startup Cost": 3.13,"Total Cost": 34223.32,"Plan Rows": 40,"Plan Width": 159,"Actual Startup Time": 0.667,"Actual Total Time": 2163.145,"Actual Rows": 108625,"Actual Loops": 3,"Inner Unique": true,"Hash Cond": "(supplier.s_nationkey = nation.n_nationkey)","Workers": [],"Plans": [{"Node Type": "Nested Loop","Parent Relationship": "Outer","Parallel Aware": false,"Async Capable": false,"Join Type": "Inner","Startup Cost": 1.57,"Total Cost": 34221.53,"Plan Rows": 40,"Plan Width": 31,"Actual Startup Time": 0.474,"Actual Total Time": 2131.583,"Actual Rows": 108625,"Actual Loops": 3,"Inner Unique": true,"Workers": [],"Plans": [{"Node Type": "Nested Loop","Parent Relationship": "Outer","Parallel Aware": false,"Async Capable": false,"Join Type": "Inner","Startup Cost": 1.14,"Total Cost": 34202.93,"Plan Rows": 40,"Plan Width": 31,"Actual Startup Time": 0.377,"Actual Total Time": 989.340,"Actual Rows": 108625,"Actual Loops": 3,"Inner Unique": true,"Workers": [],"Plans": [{"Node Type": "Nested Loop","Parent Relationship": "Outer","Parallel Aware": false,"Async Capable": false,"Join Type": "Inner","Startup Cost": 0.86,"Total Cost": 34190.82,"Plan Rows": 40,"Plan Width": 35,"Actual Startup Time": 0.299,"Actual Total Time": 804.524,"Actual Rows": 108625,"Actual Loops": 3,"Inner Unique": false,"Workers": [],"Plans": [{"Node Type": "Nested Loop","Parent Relationship": "Outer","Parallel Aware": false,"Async Capable": false,"Join Type": "Inner","Startup Cost": 0.42,"Total Cost": 19885.25,"Plan Rows": 13468,"Plan Width": 18,"Actual Startup Time": 0.197,"Actual Total Time": 118.975,"Actual Rows": 14469,"Actual Loops": 3,"Inner Unique": false,"Workers": [],"Plans": [{"Node Type": "Seq Scan","Parent Relationship": "Outer","Parallel Aware": true,"Async Capable": false,"Relation Name": "part","Alias": "part","Startup Cost": 0.00,"Total Cost": 5138.67,"Plan Rows": 3367,"Plan Width": 4,"Actual Startup Time": 0.059,"Actual Total Time": 51.422,"Actual Rows": 3617,"Actual Loops": 3,"Filter": "((p_name)::text ~~ '%medium%'::text)","Rows Removed by Filter": 63049,"Workers": []},{"Node Type": "Index Scan","Parent Relationship": "Inner","Parallel Aware": false,"Async Capable": false,"Scan Direction": "Forward","Index Name": "idx_partsupp_partkey","Relation Name": "partsupp","Alias": "partsupp","Startup Cost": 0.42,"Total Cost": 4.34,"Plan Rows": 4,"Plan Width": 14,"Actual Startup Time": 0.014,"Actual Total Time": 0.018,"Actual Rows": 4,"Actual Loops": 10852,"Index Cond": "(ps_partkey = part.p_partkey)","Rows Removed by Index Recheck": 0,"Workers": []}]},{"Node Type": "Index Scan","Parent Relationship": "Inner","Parallel Aware": false,"Async Capable": false,"Scan Direction": "Forward","Index Name": "idx_lineitem_part_supp","Relation Name": "lineitem","Alias": "lineitem","Startup Cost": 0.43,"Total Cost": 1.05,"Plan Rows": 1,"Plan Width": 29,"Actual Startup Time": 0.007,"Actual Total Time": 0.046,"Actual Rows": 8,"Actual Loops": 43408,"Index Cond": "((l_partkey = partsupp.ps_partkey) AND (l_suppkey = partsupp.ps_suppkey))","Rows Removed by Index Recheck": 0,"Workers": []}]},{"Node Type": "Index Scan","Parent Relationship": "Inner","Parallel Aware": false,"Async Capable": false,"Scan Direction": "Forward","Index Name": "supplier_pkey","Relation Name": "supplier","Alias": "supplier","Startup Cost": 0.29,"Total Cost": 0.30,"Plan Rows": 1,"Plan Width": 8,"Actual Startup Time": 0.001,"Actual Total Time": 0.001,"Actual Rows": 1,"Actual Loops": 325876,"Index Cond": "(s_suppkey = lineitem.l_suppkey)","Rows Removed by Index Recheck": 0,"Workers": []}]},{"Node Type": "Index Scan","Parent Relationship": "Inner","Parallel Aware": false,"Async Capable": false,"Scan Direction": "Forward","Index Name": "orders_pkey","Relation Name": "orders","Alias": "orders","Startup Cost": 0.43,"Total Cost": 0.47,"Plan Rows": 1,"Plan Width": 8,"Actual Startup Time": 0.010,"Actual Total Time": 0.010,"Actual Rows": 1,"Actual Loops": 325876,"Index Cond": "(o_orderkey = lineitem.l_orderkey)","Rows Removed by Index Recheck": 0,"Workers": []}]},{"Node Type": "Hash","Parent Relationship": "Inner","Parallel Aware": false,"Async Capable": false,"Startup Cost": 1.25,"Total Cost": 1.25,"Plan Rows": 25,"Plan Width": 108,"Actual Startup Time": 0.099,"Actual Total Time": 0.114,"Actual Rows": 25,"Actual Loops": 3,"Hash Buckets": 1024,"Original Hash Buckets": 1024,"Hash Batches": 1,"Original Hash Batches": 1,"Peak Memory Usage": 10,"Workers": [],"Plans": [{"Node Type": "Seq Scan","Parent Relationship": "Outer","Parallel Aware": false,"Async Capable": false,"Relation Name": "nation","Alias": "nation","Startup Cost": 0.00,"Total Cost": 1.25,"Plan Rows": 25,"Plan Width": 108,"Actual Startup Time": 0.070,"Actual Total Time": 0.083,"Actual Rows": 25,"Actual Loops": 3,"Workers": []}]}]}]}]}]}]},"Planning Time": 12.212,"Triggers": [],"Execution Time": 2563.131}]
[{"Plan": {"Node Type": "Aggregate","Strategy": "Sorted","Partial Mode": "Finalize","Parallel Aware": false,"Async Capable": false,"Startup Cost": 49135.04,"Total Cost": 49164.27,"Plan Rows": 195,"Plan Width": 168,"Actual Startup Time": 1717.770,"Actual Total Time": 1820.281,"Actual Rows": 175,"Actual Loops": 1,"Group Key": ["nation.n_name", "(EXTRACT(year FROM orders.o_orderdate))"],"Plans": [{"Node Type": "Gather Merge","Parent Relationship": "Outer","Parallel Aware": false,"Async Capable": false,"Startup Cost": 49135.04,"Total Cost": 49159.45,"Plan Rows": 189,"Plan Width": 168,"Actual Startup Time": 1716.332,"Actual Total Time": 1819.712,"Actual Rows": 700,"Actual Loops": 1,"Workers Planned": 3,"Workers Launched": 3,"Plans": [{"Node Type": "Aggregate","Strategy": "Sorted","Partial Mode": "Partial","Parent Relationship": "Outer","Parallel Aware": false,"Async Capable": false,"Startup Cost": 48135.00,"Total Cost": 48137.21,"Plan Rows": 63,"Plan Width": 168,"Actual Startup Time": 1637.960,"Actual Total Time": 1730.367,"Actual Rows": 175,"Actual Loops": 4,"Group Key": ["nation.n_name", "(EXTRACT(year FROM orders.o_orderdate))"],"Workers": [],"Plans": [{"Node Type": "Sort","Parent Relationship": "Outer","Parallel Aware": false,"Async Capable": false,"Startup Cost": 48135.00,"Total Cost": 48135.16,"Plan Rows": 63,"Plan Width": 159,"Actual Startup Time": 1637.449,"Actual Total Time": 1669.077,"Actual Rows": 81300,"Actual Loops": 4,"Sort Key": ["nation.n_name", "(EXTRACT(year FROM orders.o_orderdate)) DESC"],"Sort Method": "quicksort","Sort Space Used": 11078,"Sort Space Type": "Memory","Workers": [{"Worker Number": 0,"Sort Method": "quicksort","Sort Space Used": 11424,"Sort Space Type": "Memory"},{"Worker Number": 1,"Sort Method": "quicksort","Sort Space Used": 10860,"Sort Space Type": "Memory"},{"Worker Number": 2,"Sort Method": "quicksort","Sort Space Used": 11307,"Sort Space Type": "Memory"}],"Plans": [{"Node Type": "Hash Join","Parent Relationship": "Outer","Parallel Aware": false,"Async Capable": false,"Join Type": "Inner","Startup Cost": 5225.55,"Total Cost": 48133.12,"Plan Rows": 63,"Plan Width": 159,"Actual Startup Time": 22.006,"Actual Total Time": 1536.711,"Actual Rows": 81300,"Actual Loops": 4,"Inner Unique": true,"Hash Cond": "(supplier.s_nationkey = nation.n_nationkey)","Workers": [],"Plans": [{"Node Type": "Nested Loop","Parent Relationship": "Outer","Parallel Aware": false,"Async Capable": false,"Join Type": "Inner","Startup Cost": 5223.99,"Total Cost": 48131.20,"Plan Rows": 63,"Plan Width": 31,"Actual Startup Time": 21.853,"Actual Total Time": 1512.923,"Actual Rows": 81300,"Actual Loops": 4,"Inner Unique": true,"Workers": [],"Plans": [{"Node Type": "Nested Loop","Parent Relationship": "Outer","Parallel Aware": false,"Async Capable": false,"Join Type": "Inner","Startup Cost": 5223.56,"Total Cost": 48101.90,"Plan Rows": 63,"Plan Width": 31,"Actual Startup Time": 21.770,"Actual Total Time": 779.387,"Actual Rows": 81300,"Actual Loops": 4,"Inner Unique": true,"Workers": [],"Plans": [{"Node Type": "Nested Loop","Parent Relationship": "Outer","Parallel Aware": false,"Async Capable": false,"Join Type": "Inner","Startup Cost": 5223.27,"Total Cost": 48082.83,"Plan Rows": 63,"Plan Width": 35,"Actual Startup Time": 21.713,"Actual Total Time": 642.667,"Actual Rows": 81300,"Actual Loops": 4,"Inner Unique": false,"Workers": [],"Plans": [{"Node Type": "Hash Join","Parent Relationship": "Outer","Parallel Aware": true,"Async Capable": false,"Join Type": "Inner","Startup Cost": 5222.84,"Total Cost": 25931.92,"Plan Rows": 20854,"Plan Width": 18,"Actual Startup Time": 21.651,"Actual Total Time": 185.729,"Actual Rows": 10842,"Actual Loops": 4,"Inner Unique": true,"Hash Cond": "(partsupp.ps_partkey = part.p_partkey)","Workers": [],"Plans": [{"Node Type": "Seq Scan","Parent Relationship": "Outer","Parallel Aware": true,"Async Capable": false,"Relation Name": "partsupp","Alias": "partsupp","Startup Cost": 0.00,"Total Cost": 20031.65,"Plan Rows": 258065,"Plan Width": 14,"Actual Startup Time": 0.018,"Actual Total Time": 42.893,"Actual Rows": 200000,"Actual Loops": 4,"Workers": []},{"Node Type": "Hash","Parent Relationship": "Inner","Parallel Aware": true,"Async Capable": false,"Startup Cost": 5138.67,"Total Cost": 5138.67,"Plan Rows": 6734,"Plan Width": 4,"Actual Startup Time": 21.459,"Actual Total Time": 21.480,"Actual Rows": 2710,"Actual Loops": 4,"Hash Buckets": 16384,"Original Hash Buckets": 16384,"Hash Batches": 1,"Original Hash Batches": 1,"Peak Memory Usage": 640,"Workers": [],"Plans": [{"Node Type": "Seq Scan","Parent Relationship": "Outer","Parallel Aware": true,"Async Capable": false,"Relation Name": "part","Alias": "part","Startup Cost": 0.00,"Total Cost": 5138.67,"Plan Rows": 6734,"Plan Width": 4,"Actual Startup Time": 0.045,"Actual Total Time": 20.042,"Actual Rows": 2710,"Actual Loops": 4,"Filter": "((p_name)::text ~~ '%goldenrod%'::text)","Rows Removed by Filter": 47290,"Workers": []}]}]},{"Node Type": "Index Scan","Parent Relationship": "Inner","Parallel Aware": false,"Async Capable": false,"Scan Direction": "Forward","Index Name": "idx_lineitem_part_supp","Relation Name": "lineitem","Alias": "lineitem","Startup Cost": 0.43,"Total Cost": 1.05,"Plan Rows": 1,"Plan Width": 29,"Actual Startup Time": 0.006,"Actual Total Time": 0.041,"Actual Rows": 7,"Actual Loops": 43368,"Index Cond": "((l_partkey = partsupp.ps_partkey) AND (l_suppkey = partsupp.ps_suppkey))","Rows Removed by Index Recheck": 0,"Workers": []}]},{"Node Type": "Index Scan","Parent Relationship": "Inner","Parallel Aware": false,"Async Capable": false,"Scan Direction": "Forward","Index Name": "supplier_pkey","Relation Name": "supplier","Alias": "supplier","Startup Cost": 0.29,"Total Cost": 0.30,"Plan Rows": 1,"Plan Width": 8,"Actual Startup Time": 0.001,"Actual Total Time": 0.001,"Actual Rows": 1,"Actual Loops": 325201,"Index Cond": "(s_suppkey = lineitem.l_suppkey)","Rows Removed by Index Recheck": 0,"Workers": []}]},{"Node Type": "Index Scan","Parent Relationship": "Inner","Parallel Aware": false,"Async Capable": false,"Scan Direction": "Forward","Index Name": "orders_pkey","Relation Name": "orders","Alias": "orders","Startup Cost": 0.43,"Total Cost": 0.47,"Plan Rows": 1,"Plan Width": 8,"Actual Startup Time": 0.009,"Actual Total Time": 0.009,"Actual Rows": 1,"Actual Loops": 325201,"Index Cond": "(o_orderkey = lineitem.l_orderkey)","Rows Removed by Index Recheck": 0,"Workers": []}]},{"Node Type": "Hash","Parent Relationship": "Inner","Parallel Aware": false,"Async Capable": false,"Startup Cost": 1.25,"Total Cost": 1.25,"Plan Rows": 25,"Plan Width": 108,"Actual Startup Time": 0.058,"Actual Total Time": 0.068,"Actual Rows": 25,"Actual Loops": 4,"Hash Buckets": 1024,"Original Hash Buckets": 1024,"Hash Batches": 1,"Original Hash Batches": 1,"Peak Memory Usage": 10,"Workers": [],"Plans": [{"Node Type": "Seq Scan","Parent Relationship": "Outer","Parallel Aware": false,"Async Capable": false,"Relation Name": "nation","Alias": "nation","Startup Cost": 0.00,"Total Cost": 1.25,"Plan Rows": 25,"Plan Width": 108,"Actual Startup Time": 0.040,"Actual Total Time": 0.047,"Actual Rows": 25,"Actual Loops": 4,"Workers": []}]}]}]}]}]}]},"Planning Time": 12.322,"Triggers": [],"Execution Time": 1822.644}]
[{"Plan": {"Node Type": "Aggregate","Strategy": "Sorted","Partial Mode": "Finalize","Parallel Aware": false,"Async Capable": false,"Startup Cost": 28858.40,"Total Cost": 28868.07,"Plan Rows": 73,"Plan Width": 168,"Actual Startup Time": 2429.484,"Actual Total Time": 2565.453,"Actual Rows": 175,"Actual Loops": 1,"Group Key": ["nation.n_name", "(EXTRACT(year FROM orders.o_orderdate))"],"Plans": [{"Node Type": "Gather Merge","Parent Relationship": "Outer","Parallel Aware": false,"Async Capable": false,"Startup Cost": 28858.40,"Total Cost": 28866.38,"Plan Rows": 60,"Plan Width": 168,"Actual Startup Time": 2427.372,"Actual Total Time": 2564.947,"Actual Rows": 525,"Actual Loops": 1,"Workers Planned": 2,"Workers Launched": 2,"Plans": [{"Node Type": "Aggregate","Strategy": "Sorted","Partial Mode": "Partial","Parent Relationship": "Outer","Parallel Aware": false,"Async Capable": false,"Startup Cost": 27858.38,"Total Cost": 27859.43,"Plan Rows": 30,"Plan Width": 168,"Actual Startup Time": 2302.543,"Actual Total Time": 2425.776,"Actual Rows": 175,"Actual Loops": 3,"Group Key": ["nation.n_name", "(EXTRACT(year FROM orders.o_orderdate))"],"Workers": [],"Plans": [{"Node Type": "Sort","Parent Relationship": "Outer","Parallel Aware": false,"Async Capable": false,"Startup Cost": 27858.38,"Total Cost": 27858.46,"Plan Rows": 30,"Plan Width": 159,"Actual Startup Time": 2301.927,"Actual Total Time": 2343.346,"Actual Rows": 109583,"Actual Loops": 3,"Sort Key": ["nation.n_name", "(EXTRACT(year FROM orders.o_orderdate)) DESC"],"Sort Method": "quicksort","Sort Space Used": 13696,"Sort Space Type": "Memory","Workers": [{"Worker Number": 0,"Sort Method": "quicksort","Sort Space Used": 14018,"Sort Space Type": "Memory"},{"Worker Number": 1,"Sort Method": "quicksort","Sort Space Used": 14244,"Sort Space Type": "Memory"}],"Plans": [{"Node Type": "Hash Join","Parent Relationship": "Outer","Parallel Aware": false,"Async Capable": false,"Join Type": "Inner","Startup Cost": 3.13,"Total Cost": 27857.64,"Plan Rows": 30,"Plan Width": 159,"Actual Startup Time": 0.607,"Actual Total Time": 2151.913,"Actual Rows": 109583,"Actual Loops": 3,"Inner Unique": true,"Hash Cond": "(supplier.s_nationkey = nation.n_nationkey)","Workers": [],"Plans": [{"Node Type": "Nested Loop","Parent Relationship": "Outer","Parallel Aware": false,"Async Capable": false,"Join Type": "Inner","Startup Cost": 1.57,"Total Cost": 27855.92,"Plan Rows": 30,"Plan Width": 31,"Actual Startup Time": 0.460,"Actual Total Time": 2120.412,"Actual Rows": 109583,"Actual Loops": 3,"Inner Unique": true,"Workers": [],"Plans": [{"Node Type": "Nested Loop","Parent Relationship": "Outer","Parallel Aware": false,"Async Capable": false,"Join Type": "Inner","Startup Cost": 1.14,"Total Cost": 27841.96,"Plan Rows": 30,"Plan Width": 31,"Actual Startup Time": 0.341,"Actual Total Time": 990.093,"Actual Rows": 109583,"Actual Loops": 3,"Inner Unique": true,"Workers": [],"Plans": [{"Node Type": "Nested Loop","Parent Relationship": "Outer","Parallel Aware": false,"Async Capable": false,"Join Type": "Inner","Startup Cost": 0.86,"Total Cost": 27832.88,"Plan Rows": 30,"Plan Width": 35,"Actual Startup Time": 0.270,"Actual Total Time": 805.529,"Actual Rows": 109583,"Actual Loops": 3,"Inner Unique": false,"Workers": [],"Plans": [{"Node Type": "Nested Loop","Parent Relationship": "Outer","Parallel Aware": false,"Async Capable": false,"Join Type": "Inner","Startup Cost": 0.42,"Total Cost": 17103.70,"Plan Rows": 10101,"Plan Width": 18,"Actual Startup Time": 0.172,"Actual Total Time": 119.406,"Actual Rows": 14584,"Actual Loops": 3,"Inner Unique": false,"Workers": [],"Plans": [{"Node Type": "Seq Scan","Parent Relationship": "Outer","Parallel Aware": true,"Async Capable": false,"Relation Name": "part","Alias": "part","Startup Cost": 0.00,"Total Cost": 5138.67,"Plan Rows": 2525,"Plan Width": 4,"Actual Startup Time": 0.054,"Actual Total Time": 51.261,"Actual Rows": 3646,"Actual Loops": 3,"Filter": "((p_name)::text ~~ '%drab%'::text)","Rows Removed by Filter": 63021,"Workers": []},{"Node Type": "Index Scan","Parent Relationship": "Inner","Parallel Aware": false,"Async Capable": false,"Scan Direction": "Forward","Index Name": "idx_partsupp_partkey","Relation Name": "partsupp","Alias": "partsupp","Startup Cost": 0.42,"Total Cost": 4.70,"Plan Rows": 4,"Plan Width": 14,"Actual Startup Time": 0.014,"Actual Total Time": 0.018,"Actual Rows": 4,"Actual Loops": 10938,"Index Cond": "(ps_partkey = part.p_partkey)","Rows Removed by Index Recheck": 0,"Workers": []}]},{"Node Type": "Index Scan","Parent Relationship": "Inner","Parallel Aware": false,"Async Capable": false,"Scan Direction": "Forward","Index Name": "idx_lineitem_part_supp","Relation Name": "lineitem","Alias": "lineitem","Startup Cost": 0.43,"Total Cost": 1.05,"Plan Rows": 1,"Plan Width": 29,"Actual Startup Time": 0.007,"Actual Total Time": 0.045,"Actual Rows": 8,"Actual Loops": 43752,"Index Cond": "((l_partkey = partsupp.ps_partkey) AND (l_suppkey = partsupp.ps_suppkey))","Rows Removed by Index Recheck": 0,"Workers": []}]},{"Node Type": "Index Scan","Parent Relationship": "Inner","Parallel Aware": false,"Async Capable": false,"Scan Direction": "Forward","Index Name": "supplier_pkey","Relation Name": "supplier","Alias": "supplier","Startup Cost": 0.29,"Total Cost": 0.30,"Plan Rows": 1,"Plan Width": 8,"Actual Startup Time": 0.001,"Actual Total Time": 0.001,"Actual Rows": 1,"Actual Loops": 328749,"Index Cond": "(s_suppkey = lineitem.l_suppkey)","Rows Removed by Index Recheck": 0,"Workers": []}]},{"Node Type": "Index Scan","Parent Relationship": "Inner","Parallel Aware": false,"Async Capable": false,"Scan Direction": "Forward","Index Name": "orders_pkey","Relation Name": "orders","Alias": "orders","Startup Cost": 0.43,"Total Cost": 0.47,"Plan Rows": 1,"Plan Width": 8,"Actual Startup Time": 0.010,"Actual Total Time": 0.010,"Actual Rows": 1,"Actual Loops": 328749,"Index Cond": "(o_orderkey = lineitem.l_orderkey)","Rows Removed by Index Recheck": 0,"Workers": []}]},{"Node Type": "Hash","Parent Relationship": "Inner","Parallel Aware": false,"Async Capable": false,"Startup Cost": 1.25,"Total Cost": 1.25,"Plan Rows": 25,"Plan Width": 108,"Actual Startup Time": 0.072,"Actual Total Time": 0.091,"Actual Rows": 25,"Actual Loops": 3,"Hash Buckets": 1024,"Original Hash Buckets": 1024,"Hash Batches": 1,"Original Hash Batches": 1,"Peak Memory Usage": 10,"Workers": [],"Plans": [{"Node Type": "Seq Scan","Parent Relationship": "Outer","Parallel Aware": false,"Async Capable": false,"Relation Name": "nation","Alias": "nation","Startup Cost": 0.00,"Total Cost": 1.25,"Plan Rows": 25,"Plan Width": 108,"Actual Startup Time": 0.048,"Actual Total Time": 0.059,"Actual Rows": 25,"Actual Loops": 3,"Workers": []}]}]}]}]}]}]},"Planning Time": 12.042,"Triggers": [],"Execution Time": 2567.199}]
[{"Plan": {"Node Type": "Aggregate","Strategy": "Sorted","Partial Mode": "Finalize","Parallel Aware": false,"Async Capable": false,"Startup Cost": 46348.90,"Total Cost": 46374.41,"Plan Rows": 170,"Plan Width": 168,"Actual Startup Time": 1757.899,"Actual Total Time": 1871.868,"Actual Rows": 175,"Actual Loops": 1,"Group Key": ["nation.n_name", "(EXTRACT(year FROM orders.o_orderdate))"],"Plans": [{"Node Type": "Gather Merge","Parent Relationship": "Outer","Parallel Aware": false,"Async Capable": false,"Startup Cost": 46348.90,"Total Cost": 46370.21,"Plan Rows": 165,"Plan Width": 168,"Actual Startup Time": 1756.503,"Actual Total Time": 1871.427,"Actual Rows": 700,"Actual Loops": 1,"Workers Planned": 3,"Workers Launched": 3,"Plans": [{"Node Type": "Aggregate","Strategy": "Sorted","Partial Mode": "Partial","Parent Relationship": "Outer","Parallel Aware": false,"Async Capable": false,"Startup Cost": 45348.86,"Total Cost": 45350.79,"Plan Rows": 55,"Plan Width": 168,"Actual Startup Time": 1668.919,"Actual Total Time": 1766.305,"Actual Rows": 175,"Actual Loops": 4,"Group Key": ["nation.n_name", "(EXTRACT(year FROM orders.o_orderdate))"],"Workers": [],"Plans": [{"Node Type": "Sort","Parent Relationship": "Outer","Parallel Aware": false,"Async Capable": false,"Startup Cost": 45348.86,"Total Cost": 45349.00,"Plan Rows": 55,"Plan Width": 159,"Actual Startup Time": 1668.444,"Actual Total Time": 1703.145,"Actual Rows": 83038,"Actual Loops": 4,"Sort Key": ["nation.n_name", "(EXTRACT(year FROM orders.o_orderdate)) DESC"],"Sort Method": "quicksort","Sort Space Used": 11548,"Sort Space Type": "Memory","Workers": [{"Worker Number": 0,"Sort Method": "quicksort","Sort Space Used": 11418,"Sort Space Type": "Memory"},{"Worker Number": 1,"Sort Method": "quicksort","Sort Space Used": 11149,"Sort Space Type": "Memory"},{"Worker Number": 2,"Sort Method": "quicksort","Sort Space Used": 11246,"Sort Space Type": "Memory"}],"Plans": [{"Node Type": "Hash Join","Parent Relationship": "Outer","Parallel Aware": false,"Async Capable": false,"Join Type": "Inner","Startup Cost": 5215.02,"Total Cost": 45347.27,"Plan Rows": 55,"Plan Width": 159,"Actual Startup Time": 21.688,"Actual Total Time": 1565.255,"Actual Rows": 83038,"Actual Loops": 4,"Inner Unique": true,"Hash Cond": "(supplier.s_nationkey = nation.n_nationkey)","Workers": [],"Plans": [{"Node Type": "Nested Loop","Parent Relationship": "Outer","Parallel Aware": false,"Async Capable": false,"Join Type": "Inner","Startup Cost": 5213.46,"Total Cost": 45345.40,"Plan Rows": 55,"Plan Width": 31,"Actual Startup Time": 21.499,"Actual Total Time": 1541.205,"Actual Rows": 83038,"Actual Loops": 4,"Inner Unique": true,"Workers": [],"Plans": [{"Node Type": "Nested Loop","Parent Relationship": "Outer","Parallel Aware": false,"Async Capable": false,"Join Type": "Inner","Startup Cost": 5213.03,"Total Cost": 45319.82,"Plan Rows": 55,"Plan Width": 31,"Actual Startup Time": 21.433,"Actual Total Time": 798.756,"Actual Rows": 83038,"Actual Loops": 4,"Inner Unique": true,"Workers": [],"Plans": [{"Node Type": "Nested Loop","Parent Relationship": "Outer","Parallel Aware": false,"Async Capable": false,"Join Type": "Inner","Startup Cost": 5212.75,"Total Cost": 45303.17,"Plan Rows": 55,"Plan Width": 35,"Actual Startup Time": 21.394,"Actual Total Time": 659.573,"Actual Rows": 83038,"Actual Loops": 4,"Inner Unique": false,"Workers": [],"Plans": [{"Node Type": "Hash Join","Parent Relationship": "Outer","Parallel Aware": true,"Async Capable": false,"Join Type": "Inner","Startup Cost": 5212.32,"Total Cost": 25921.39,"Plan Rows": 18247,"Plan Width": 18,"Actual Startup Time": 21.331,"Actual Total Time": 195.916,"Actual Rows": 11075,"Actual Loops": 4,"Inner Unique": true,"Hash Cond": "(partsupp.ps_partkey = part.p_partkey)","Workers": [],"Plans": [{"Node Type": "Seq Scan","Parent Relationship": "Outer","Parallel Aware": true,"Async Capable": false,"Relation Name": "partsupp","Alias": "partsupp","Startup Cost": 0.00,"Total Cost": 20031.65,"Plan Rows": 258065,"Plan Width": 14,"Actual Startup Time": 0.015,"Actual Total Time": 42.252,"Actual Rows": 200000,"Actual Loops": 4,"Workers": []},{"Node Type": "Hash","Parent Relationship": "Inner","Parallel Aware": true,"Async Capable": false,"Startup Cost": 5138.67,"Total Cost": 5138.67,"Plan Rows": 5892,"Plan Width": 4,"Actual Startup Time": 21.111,"Actual Total Time": 21.124,"Actual Rows": 2769,"Actual Loops": 4,"Hash Buckets": 16384,"Original Hash Buckets": 16384,"Hash Batches": 1,"Original Hash Batches": 1,"Peak Memory Usage": 608,"Workers": [],"Plans": [{"Node Type": "Seq Scan","Parent Relationship": "Outer","Parallel Aware": true,"Async Capable": false,"Relation Name": "part","Alias": "part","Startup Cost": 0.00,"Total Cost": 5138.67,"Plan Rows": 5892,"Plan Width": 4,"Actual Startup Time": 0.069,"Actual Total Time": 19.514,"Actual Rows": 2769,"Actual Loops": 4,"Filter": "((p_name)::text ~~ '%tan%'::text)","Rows Removed by Filter": 47231,"Workers": []}]}]},{"Node Type": "Index Scan","Parent Relationship": "Inner","Parallel Aware": false,"Async Capable": false,"Scan Direction": "Forward","Index Name": "idx_lineitem_part_supp","Relation Name": "lineitem","Alias": "lineitem","Startup Cost": 0.43,"Total Cost": 1.05,"Plan Rows": 1,"Plan Width": 29,"Actual Startup Time": 0.006,"Actual Total Time": 0.040,"Actual Rows": 7,"Actual Loops": 44300,"Index Cond": "((l_partkey = partsupp.ps_partkey) AND (l_suppkey = partsupp.ps_suppkey))","Rows Removed by Index Recheck": 0,"Workers": []}]},{"Node Type": "Index Scan","Parent Relationship": "Inner","Parallel Aware": false,"Async Capable": false,"Scan Direction": "Forward","Index Name": "supplier_pkey","Relation Name": "supplier","Alias": "supplier","Startup Cost": 0.29,"Total Cost": 0.30,"Plan Rows": 1,"Plan Width": 8,"Actual Startup Time": 0.001,"Actual Total Time": 0.001,"Actual Rows": 1,"Actual Loops": 332152,"Index Cond": "(s_suppkey = lineitem.l_suppkey)","Rows Removed by Index Recheck": 0,"Workers": []}]},{"Node Type": "Index Scan","Parent Relationship": "Inner","Parallel Aware": false,"Async Capable": false,"Scan Direction": "Forward","Index Name": "orders_pkey","Relation Name": "orders","Alias": "orders","Startup Cost": 0.43,"Total Cost": 0.47,"Plan Rows": 1,"Plan Width": 8,"Actual Startup Time": 0.009,"Actual Total Time": 0.009,"Actual Rows": 1,"Actual Loops": 332152,"Index Cond": "(o_orderkey = lineitem.l_orderkey)","Rows Removed by Index Recheck": 0,"Workers": []}]},{"Node Type": "Hash","Parent Relationship": "Inner","Parallel Aware": false,"Async Capable": false,"Startup Cost": 1.25,"Total Cost": 1.25,"Plan Rows": 25,"Plan Width": 108,"Actual Startup Time": 0.081,"Actual Total Time": 0.088,"Actual Rows": 25,"Actual Loops": 4,"Hash Buckets": 1024,"Original Hash Buckets": 1024,"Hash Batches": 1,"Original Hash Batches": 1,"Peak Memory Usage": 10,"Workers": [],"Plans": [{"Node Type": "Seq Scan","Parent Relationship": "Outer","Parallel Aware": false,"Async Capable": false,"Relation Name": "nation","Alias": "nation","Startup Cost": 0.00,"Total Cost": 1.25,"Plan Rows": 25,"Plan Width": 108,"Actual Startup Time": 0.052,"Actual Total Time": 0.059,"Actual Rows": 25,"Actual Loops": 4,"Workers": []}]}]}]}]}]}]},"Planning Time": 11.717,"Triggers": [],"Execution Time": 1872.853}]
[{"Plan": {"Node Type": "Aggregate","Strategy": "Sorted","Partial Mode": "Finalize","Parallel Aware": false,"Async Capable": false,"Startup Cost": 41381.04,"Total Cost": 41397.45,"Plan Rows": 122,"Plan Width": 168,"Actual Startup Time": 2402.130,"Actual Total Time": 2525.292,"Actual Rows": 175,"Actual Loops": 1,"Group Key": ["nation.n_name", "(EXTRACT(year FROM orders.o_orderdate))"],"Plans": [{"Node Type": "Gather Merge","Parent Relationship": "Outer","Parallel Aware": false,"Async Capable": false,"Startup Cost": 41381.04,"Total Cost": 41394.60,"Plan Rows": 102,"Plan Width": 168,"Actual Startup Time": 2401.500,"Actual Total Time": 2524.925,"Actual Rows": 525,"Actual Loops": 1,"Workers Planned": 2,"Workers Launched": 2,"Plans": [{"Node Type": "Aggregate","Strategy": "Sorted","Partial Mode": "Partial","Parent Relationship": "Outer","Parallel Aware": false,"Async Capable": false,"Startup Cost": 40381.01,"Total Cost": 40382.80,"Plan Rows": 51,"Plan Width": 168,"Actual Startup Time": 2309.277,"Actual Total Time": 2434.754,"Actual Rows": 175,"Actual Loops": 3,"Group Key": ["nation.n_name", "(EXTRACT(year FROM orders.o_orderdate))"],"Workers": [],"Plans": [{"Node Type": "Sort","Parent Relationship": "Outer","Parallel Aware": false,"Async Capable": false,"Startup Cost": 40381.01,"Total Cost": 40381.14,"Plan Rows": 51,"Plan Width": 159,"Actual Startup Time": 2308.778,"Actual Total Time": 2350.395,"Actual Rows": 107266,"Actual Loops": 3,"Sort Key": ["nation.n_name", "(EXTRACT(year FROM orders.o_orderdate)) DESC"],"Sort Method": "quicksort","Sort Space Used": 14493,"Sort Space Type": "Memory","Workers": [{"Worker Number": 0,"Sort Method": "quicksort","Sort Space Used": 13387,"Sort Space Type": "Memory"},{"Worker Number": 1,"Sort Method": "quicksort","Sort Space Used": 13375,"Sort Space Type": "Memory"}],"Plans": [{"Node Type": "Hash Join","Parent Relationship": "Outer","Parallel Aware": false,"Async Capable": false,"Join Type": "Inner","Startup Cost": 3.13,"Total Cost": 40379.57,"Plan Rows": 51,"Plan Width": 159,"Actual Startup Time": 0.734,"Actual Total Time": 2166.199,"Actual Rows": 107266,"Actual Loops": 3,"Inner Unique": true,"Hash Cond": "(supplier.s_nationkey = nation.n_nationkey)","Workers": [],"Plans": [{"Node Type": "Nested Loop","Parent Relationship": "Outer","Parallel Aware": false,"Async Capable": false,"Join Type": "Inner","Startup Cost": 1.57,"Total Cost": 40377.72,"Plan Rows": 51,"Plan Width": 31,"Actual Startup Time": 0.557,"Actual Total Time": 2135.002,"Actual Rows": 107266,"Actual Loops": 3,"Inner Unique": true,"Workers": [],"Plans": [{"Node Type": "Nested Loop","Parent Relationship": "Outer","Parallel Aware": false,"Async Capable": false,"Join Type": "Inner","Startup Cost": 1.14,"Total Cost": 40354.00,"Plan Rows": 51,"Plan Width": 31,"Actual Startup Time": 0.421,"Actual Total Time": 995.648,"Actual Rows": 107266,"Actual Loops": 3,"Inner Unique": true,"Workers": [],"Plans": [{"Node Type": "Nested Loop","Parent Relationship": "Outer","Parallel Aware": false,"Async Capable": false,"Join Type": "Inner","Startup Cost": 0.86,"Total Cost": 40338.56,"Plan Rows": 51,"Plan Width": 35,"Actual Startup Time": 0.324,"Actual Total Time": 812.642,"Actual Rows": 107266,"Actual Loops": 3,"Inner Unique": false,"Workers": [],"Plans": [{"Node Type": "Nested Loop","Parent Relationship": "Outer","Parallel Aware": false,"Async Capable": false,"Join Type": "Inner","Startup Cost": 0.42,"Total Cost": 22456.59,"Plan Rows": 16835,"Plan Width": 18,"Actual Startup Time": 0.198,"Actual Total Time": 115.648,"Actual Rows": 14303,"Actual Loops": 3,"Inner Unique": false,"Workers": [],"Plans": [{"Node Type": "Seq Scan","Parent Relationship": "Outer","Parallel Aware": true,"Async Capable": false,"Relation Name": "part","Alias": "part","Startup Cost": 0.00,"Total Cost": 5138.67,"Plan Rows": 4209,"Plan Width": 4,"Actual Startup Time": 0.052,"Actual Total Time": 50.443,"Actual Rows": 3576,"Actual Loops": 3,"Filter": "((p_name)::text ~~ '%aquamarine%'::text)","Rows Removed by Filter": 63091,"Workers": []},{"Node Type": "Index Scan","Parent Relationship": "Inner","Parallel Aware": false,"Async Capable": false,"Scan Direction": "Forward","Index Name": "idx_partsupp_partkey","Relation Name": "partsupp","Alias": "partsupp","Startup Cost": 0.42,"Total Cost": 4.07,"Plan Rows": 4,"Plan Width": 14,"Actual Startup Time": 0.014,"Actual Total Time": 0.017,"Actual Rows": 4,"Actual Loops": 10727,"Index Cond": "(ps_partkey = part.p_partkey)","Rows Removed by Index Recheck": 0,"Workers": []}]},{"Node Type": "Index Scan","Parent Relationship": "Inner","Parallel Aware": false,"Async Capable": false,"Scan Direction": "Forward","Index Name": "idx_lineitem_part_supp","Relation Name": "lineitem","Alias": "lineitem","Startup Cost": 0.43,"Total Cost": 1.05,"Plan Rows": 1,"Plan Width": 29,"Actual Startup Time": 0.007,"Actual Total Time": 0.047,"Actual Rows": 7,"Actual Loops": 42908,"Index Cond": "((l_partkey = partsupp.ps_partkey) AND (l_suppkey = partsupp.ps_suppkey))","Rows Removed by Index Recheck": 0,"Workers": []}]},{"Node Type": "Index Scan","Parent Relationship": "Inner","Parallel Aware": false,"Async Capable": false,"Scan Direction": "Forward","Index Name": "supplier_pkey","Relation Name": "supplier","Alias": "supplier","Startup Cost": 0.29,"Total Cost": 0.30,"Plan Rows": 1,"Plan Width": 8,"Actual Startup Time": 0.001,"Actual Total Time": 0.001,"Actual Rows": 1,"Actual Loops": 321798,"Index Cond": "(s_suppkey = lineitem.l_suppkey)","Rows Removed by Index Recheck": 0,"Workers": []}]},{"Node Type": "Index Scan","Parent Relationship": "Inner","Parallel Aware": false,"Async Capable": false,"Scan Direction": "Forward","Index Name": "orders_pkey","Relation Name": "orders","Alias": "orders","Startup Cost": 0.43,"Total Cost": 0.47,"Plan Rows": 1,"Plan Width": 8,"Actual Startup Time": 0.010,"Actual Total Time": 0.010,"Actual Rows": 1,"Actual Loops": 321798,"Index Cond": "(o_orderkey = lineitem.l_orderkey)","Rows Removed by Index Recheck": 0,"Workers": []}]},{"Node Type": "Hash","Parent Relationship": "Inner","Parallel Aware": false,"Async Capable": false,"Startup Cost": 1.25,"Total Cost": 1.25,"Plan Rows": 25,"Plan Width": 108,"Actual Startup Time": 0.085,"Actual Total Time": 0.094,"Actual Rows": 25,"Actual Loops": 3,"Hash Buckets": 1024,"Original Hash Buckets": 1024,"Hash Batches": 1,"Original Hash Batches": 1,"Peak Memory Usage": 10,"Workers": [],"Plans": [{"Node Type": "Seq Scan","Parent Relationship": "Outer","Parallel Aware": false,"Async Capable": false,"Relation Name": "nation","Alias": "nation","Startup Cost": 0.00,"Total Cost": 1.25,"Plan Rows": 25,"Plan Width": 108,"Actual Startup Time": 0.060,"Actual Total Time": 0.066,"Actual Rows": 25,"Actual Loops": 3,"Workers": []}]}]}]}]}]}]},"Planning Time": 10.822,"Triggers": [],"Execution Time": 2526.608}]
[{"Plan": {"Node Type": "Aggregate","Strategy": "Sorted","Partial Mode": "Finalize","Parallel Aware": false,"Async Capable": false,"Startup Cost": 46348.90,"Total Cost": 46374.41,"Plan Rows": 170,"Plan Width": 168,"Actual Startup Time": 1730.222,"Actual Total Time": 1874.204,"Actual Rows": 175,"Actual Loops": 1,"Group Key": ["nation.n_name", "(EXTRACT(year FROM orders.o_orderdate))"],"Plans": [{"Node Type": "Gather Merge","Parent Relationship": "Outer","Parallel Aware": false,"Async Capable": false,"Startup Cost": 46348.90,"Total Cost": 46370.21,"Plan Rows": 165,"Plan Width": 168,"Actual Startup Time": 1728.668,"Actual Total Time": 1873.759,"Actual Rows": 700,"Actual Loops": 1,"Workers Planned": 3,"Workers Launched": 3,"Plans": [{"Node Type": "Aggregate","Strategy": "Sorted","Partial Mode": "Partial","Parent Relationship": "Outer","Parallel Aware": false,"Async Capable": false,"Startup Cost": 45348.86,"Total Cost": 45350.79,"Plan Rows": 55,"Plan Width": 168,"Actual Startup Time": 1650.826,"Actual Total Time": 1744.501,"Actual Rows": 175,"Actual Loops": 4,"Group Key": ["nation.n_name", "(EXTRACT(year FROM orders.o_orderdate))"],"Workers": [],"Plans": [{"Node Type": "Sort","Parent Relationship": "Outer","Parallel Aware": false,"Async Capable": false,"Startup Cost": 45348.86,"Total Cost": 45349.00,"Plan Rows": 55,"Plan Width": 159,"Actual Startup Time": 1650.333,"Actual Total Time": 1682.232,"Actual Rows": 81534,"Actual Loops": 4,"Sort Key": ["nation.n_name", "(EXTRACT(year FROM orders.o_orderdate)) DESC"],"Sort Method": "quicksort","Sort Space Used": 11317,"Sort Space Type": "Memory","Workers": [{"Worker Number": 0,"Sort Method": "quicksort","Sort Space Used": 11037,"Sort Space Type": "Memory"},{"Worker Number": 1,"Sort Method": "quicksort","Sort Space Used": 11269,"Sort Space Type": "Memory"},{"Worker Number": 2,"Sort Method": "quicksort","Sort Space Used": 11142,"Sort Space Type": "Memory"}],"Plans": [{"Node Type": "Hash Join","Parent Relationship": "Outer","Parallel Aware": false,"Async Capable": false,"Join Type": "Inner","Startup Cost": 5215.02,"Total Cost": 45347.27,"Plan Rows": 55,"Plan Width": 159,"Actual Startup Time": 22.539,"Actual Total Time": 1549.942,"Actual Rows": 81534,"Actual Loops": 4,"Inner Unique": true,"Hash Cond": "(supplier.s_nationkey = nation.n_nationkey)","Workers": [],"Plans": [{"Node Type": "Nested Loop","Parent Relationship": "Outer","Parallel Aware": false,"Async Capable": false,"Join Type": "Inner","Startup Cost": 5213.46,"Total Cost": 45345.40,"Plan Rows": 55,"Plan Width": 31,"Actual Startup Time": 22.374,"Actual Total Time": 1526.572,"Actual Rows": 81534,"Actual Loops": 4,"Inner Unique": true,"Workers": [],"Plans": [{"Node Type": "Nested Loop","Parent Relationship": "Outer","Parallel Aware": false,"Async Capable": false,"Join Type": "Inner","Startup Cost": 5213.03,"Total Cost": 45319.82,"Plan Rows": 55,"Plan Width": 31,"Actual Startup Time": 22.306,"Actual Total Time": 793.181,"Actual Rows": 81534,"Actual Loops": 4,"Inner Unique": true,"Workers": [],"Plans": [{"Node Type": "Nested Loop","Parent Relationship": "Outer","Parallel Aware": false,"Async Capable": false,"Join Type": "Inner","Startup Cost": 5212.75,"Total Cost": 45303.17,"Plan Rows": 55,"Plan Width": 35,"Actual Startup Time": 22.249,"Actual Total Time": 656.284,"Actual Rows": 81534,"Actual Loops": 4,"Inner Unique": false,"Workers": [],"Plans": [{"Node Type": "Hash Join","Parent Relationship": "Outer","Parallel Aware": true,"Async Capable": false,"Join Type": "Inner","Startup Cost": 5212.32,"Total Cost": 25921.39,"Plan Rows": 18247,"Plan Width": 18,"Actual Startup Time": 22.162,"Actual Total Time": 197.619,"Actual Rows": 10856,"Actual Loops": 4,"Inner Unique": true,"Hash Cond": "(partsupp.ps_partkey = part.p_partkey)","Workers": [],"Plans": [{"Node Type": "Seq Scan","Parent Relationship": "Outer","Parallel Aware": true,"Async Capable": false,"Relation Name": "partsupp","Alias": "partsupp","Startup Cost": 0.00,"Total Cost": 20031.65,"Plan Rows": 258065,"Plan Width": 14,"Actual Startup Time": 0.014,"Actual Total Time": 42.173,"Actual Rows": 200000,"Actual Loops": 4,"Workers": []},{"Node Type": "Hash","Parent Relationship": "Inner","Parallel Aware": true,"Async Capable": false,"Startup Cost": 5138.67,"Total Cost": 5138.67,"Plan Rows": 5892,"Plan Width": 4,"Actual Startup Time": 22.002,"Actual Total Time": 22.011,"Actual Rows": 2714,"Actual Loops": 4,"Hash Buckets": 16384,"Original Hash Buckets": 16384,"Hash Batches": 1,"Original Hash Batches": 1,"Peak Memory Usage": 608,"Workers": [],"Plans": [{"Node Type": "Seq Scan","Parent Relationship": "Outer","Parallel Aware": true,"Async Capable": false,"Relation Name": "part","Alias": "part","Startup Cost": 0.00,"Total Cost": 5138.67,"Plan Rows": 5892,"Plan Width": 4,"Actual Startup Time": 0.065,"Actual Total Time": 20.262,"Actual Rows": 2714,"Actual Loops": 4,"Filter": "((p_name)::text ~~ '%pink%'::text)","Rows Removed by Filter": 47286,"Workers": []}]}]},{"Node Type": "Index Scan","Parent Relationship": "Inner","Parallel Aware": false,"Async Capable": false,"Scan Direction": "Forward","Index Name": "idx_lineitem_part_supp","Relation Name": "lineitem","Alias": "lineitem","Startup Cost": 0.43,"Total Cost": 1.05,"Plan Rows": 1,"Plan Width": 29,"Actual Startup Time": 0.006,"Actual Total Time": 0.041,"Actual Rows": 8,"Actual Loops": 43424,"Index Cond": "((l_partkey = partsupp.ps_partkey) AND (l_suppkey = partsupp.ps_suppkey))","Rows Removed by Index Recheck": 0,"Workers": []}]},{"Node Type": "Index Scan","Parent Relationship": "Inner","Parallel Aware": false,"Async Capable": false,"Scan Direction": "Forward","Index Name": "supplier_pkey","Relation Name": "supplier","Alias": "supplier","Startup Cost": 0.29,"Total Cost": 0.30,"Plan Rows": 1,"Plan Width": 8,"Actual Startup Time": 0.001,"Actual Total Time": 0.001,"Actual Rows": 1,"Actual Loops": 326137,"Index Cond": "(s_suppkey = lineitem.l_suppkey)","Rows Removed by Index Recheck": 0,"Workers": []}]},{"Node Type": "Index Scan","Parent Relationship": "Inner","Parallel Aware": false,"Async Capable": false,"Scan Direction": "Forward","Index Name": "orders_pkey","Relation Name": "orders","Alias": "orders","Startup Cost": 0.43,"Total Cost": 0.47,"Plan Rows": 1,"Plan Width": 8,"Actual Startup Time": 0.009,"Actual Total Time": 0.009,"Actual Rows": 1,"Actual Loops": 326137,"Index Cond": "(o_orderkey = lineitem.l_orderkey)","Rows Removed by Index Recheck": 0,"Workers": []}]},{"Node Type": "Hash","Parent Relationship": "Inner","Parallel Aware": false,"Async Capable": false,"Startup Cost": 1.25,"Total Cost": 1.25,"Plan Rows": 25,"Plan Width": 108,"Actual Startup Time": 0.071,"Actual Total Time": 0.076,"Actual Rows": 25,"Actual Loops": 4,"Hash Buckets": 1024,"Original Hash Buckets": 1024,"Hash Batches": 1,"Original Hash Batches": 1,"Peak Memory Usage": 10,"Workers": [],"Plans": [{"Node Type": "Seq Scan","Parent Relationship": "Outer","Parallel Aware": false,"Async Capable": false,"Relation Name": "nation","Alias": "nation","Startup Cost": 0.00,"Total Cost": 1.25,"Plan Rows": 25,"Plan Width": 108,"Actual Startup Time": 0.047,"Actual Total Time": 0.052,"Actual Rows": 25,"Actual Loops": 4,"Workers": []}]}]}]}]}]}]},"Planning Time": 12.442,"Triggers": [],"Execution Time": 1875.255}]
[{"Plan": {"Node Type": "Aggregate","Strategy": "Sorted","Partial Mode": "Finalize","Parallel Aware": false,"Async Capable": false,"Startup Cost": 35224.41,"Total Cost": 35237.30,"Plan Rows": 97,"Plan Width": 168,"Actual Startup Time": 2436.112,"Actual Total Time": 2536.413,"Actual Rows": 175,"Actual Loops": 1,"Group Key": ["nation.n_name", "(EXTRACT(year FROM orders.o_orderdate))"],"Plans": [{"Node Type": "Gather Merge","Parent Relationship": "Outer","Parallel Aware": false,"Async Capable": false,"Startup Cost": 35224.41,"Total Cost": 35235.05,"Plan Rows": 80,"Plan Width": 168,"Actual Startup Time": 2434.380,"Actual Total Time": 2536.032,"Actual Rows": 525,"Actual Loops": 1,"Workers Planned": 2,"Workers Launched": 2,"Plans": [{"Node Type": "Aggregate","Strategy": "Sorted","Partial Mode": "Partial","Parent Relationship": "Outer","Parallel Aware": false,"Async Capable": false,"Startup Cost": 34224.39,"Total Cost": 34225.79,"Plan Rows": 40,"Plan Width": 168,"Actual Startup Time": 2323.231,"Actual Total Time": 2442.169,"Actual Rows": 175,"Actual Loops": 3,"Group Key": ["nation.n_name", "(EXTRACT(year FROM orders.o_orderdate))"],"Workers": [],"Plans": [{"Node Type": "Sort","Parent Relationship": "Outer","Parallel Aware": false,"Async Capable": false,"Startup Cost": 34224.39,"Total Cost": 34224.49,"Plan Rows": 40,"Plan Width": 159,"Actual Startup Time": 2322.675,"Actual Total Time": 2360.700,"Actual Rows": 108169,"Actual Loops": 3,"Sort Key": ["nation.n_name", "(EXTRACT(year FROM orders.o_orderdate)) DESC"],"Sort Method": "quicksort","Sort Space Used": 14561,"Sort Space Type": "Memory","Workers": [{"Worker Number": 0,"Sort Method": "quicksort","Sort Space Used": 13522,"Sort Space Type": "Memory"},{"Worker Number": 1,"Sort Method": "quicksort","Sort Space Used": 13446,"Sort Space Type": "Memory"}],"Plans": [{"Node Type": "Hash Join","Parent Relationship": "Outer","Parallel Aware": false,"Async Capable": false,"Join Type": "Inner","Startup Cost": 3.13,"Total Cost": 34223.32,"Plan Rows": 40,"Plan Width": 159,"Actual Startup Time": 0.802,"Actual Total Time": 2178.711,"Actual Rows": 108169,"Actual Loops": 3,"Inner Unique": true,"Hash Cond": "(supplier.s_nationkey = nation.n_nationkey)","Workers": [],"Plans": [{"Node Type": "Nested Loop","Parent Relationship": "Outer","Parallel Aware": false,"Async Capable": false,"Join Type": "Inner","Startup Cost": 1.57,"Total Cost": 34221.53,"Plan Rows": 40,"Plan Width": 31,"Actual Startup Time": 0.594,"Actual Total Time": 2147.121,"Actual Rows": 108169,"Actual Loops": 3,"Inner Unique": true,"Workers": [],"Plans": [{"Node Type": "Nested Loop","Parent Relationship": "Outer","Parallel Aware": false,"Async Capable": false,"Join Type": "Inner","Startup Cost": 1.14,"Total Cost": 34202.93,"Plan Rows": 40,"Plan Width": 31,"Actual Startup Time": 0.433,"Actual Total Time": 999.173,"Actual Rows": 108169,"Actual Loops": 3,"Inner Unique": true,"Workers": [],"Plans": [{"Node Type": "Nested Loop","Parent Relationship": "Outer","Parallel Aware": false,"Async Capable": false,"Join Type": "Inner","Startup Cost": 0.86,"Total Cost": 34190.82,"Plan Rows": 40,"Plan Width": 35,"Actual Startup Time": 0.322,"Actual Total Time": 814.062,"Actual Rows": 108169,"Actual Loops": 3,"Inner Unique": false,"Workers": [],"Plans": [{"Node Type": "Nested Loop","Parent Relationship": "Outer","Parallel Aware": false,"Async Capable": false,"Join Type": "Inner","Startup Cost": 0.42,"Total Cost": 19885.25,"Plan Rows": 13468,"Plan Width": 18,"Actual Startup Time": 0.205,"Actual Total Time": 113.355,"Actual Rows": 14441,"Actual Loops": 3,"Inner Unique": false,"Workers": [],"Plans": [{"Node Type": "Seq Scan","Parent Relationship": "Outer","Parallel Aware": true,"Async Capable": false,"Relation Name": "part","Alias": "part","Startup Cost": 0.00,"Total Cost": 5138.67,"Plan Rows": 3367,"Plan Width": 4,"Actual Startup Time": 0.063,"Actual Total Time": 48.159,"Actual Rows": 3610,"Actual Loops": 3,"Filter": "((p_name)::text ~~ '%ghost%'::text)","Rows Removed by Filter": 63056,"Workers": []},{"Node Type": "Index Scan","Parent Relationship": "Inner","Parallel Aware": false,"Async Capable": false,"Scan Direction": "Forward","Index Name": "idx_partsupp_partkey","Relation Name": "partsupp","Alias": "partsupp","Startup Cost": 0.42,"Total Cost": 4.34,"Plan Rows": 4,"Plan Width": 14,"Actual Startup Time": 0.013,"Actual Total Time": 0.017,"Actual Rows": 4,"Actual Loops": 10831,"Index Cond": "(ps_partkey = part.p_partkey)","Rows Removed by Index Recheck": 0,"Workers": []}]},{"Node Type": "Index Scan","Parent Relationship": "Inner","Parallel Aware": false,"Async Capable": false,"Scan Direction": "Forward","Index Name": "idx_lineitem_part_supp","Relation Name": "lineitem","Alias": "lineitem","Startup Cost": 0.43,"Total Cost": 1.05,"Plan Rows": 1,"Plan Width": 29,"Actual Startup Time": 0.007,"Actual Total Time": 0.047,"Actual Rows": 7,"Actual Loops": 43324,"Index Cond": "((l_partkey = partsupp.ps_partkey) AND (l_suppkey = partsupp.ps_suppkey))","Rows Removed by Index Recheck": 0,"Workers": []}]},{"Node Type": "Index Scan","Parent Relationship": "Inner","Parallel Aware": false,"Async Capable": false,"Scan Direction": "Forward","Index Name": "supplier_pkey","Relation Name": "supplier","Alias": "supplier","Startup Cost": 0.29,"Total Cost": 0.30,"Plan Rows": 1,"Plan Width": 8,"Actual Startup Time": 0.001,"Actual Total Time": 0.001,"Actual Rows": 1,"Actual Loops": 324507,"Index Cond": "(s_suppkey = lineitem.l_suppkey)","Rows Removed by Index Recheck": 0,"Workers": []}]},{"Node Type": "Index Scan","Parent Relationship": "Inner","Parallel Aware": false,"Async Capable": false,"Scan Direction": "Forward","Index Name": "orders_pkey","Relation Name": "orders","Alias": "orders","Startup Cost": 0.43,"Total Cost": 0.47,"Plan Rows": 1,"Plan Width": 8,"Actual Startup Time": 0.010,"Actual Total Time": 0.010,"Actual Rows": 1,"Actual Loops": 324507,"Index Cond": "(o_orderkey = lineitem.l_orderkey)","Rows Removed by Index Recheck": 0,"Workers": []}]},{"Node Type": "Hash","Parent Relationship": "Inner","Parallel Aware": false,"Async Capable": false,"Startup Cost": 1.25,"Total Cost": 1.25,"Plan Rows": 25,"Plan Width": 108,"Actual Startup Time": 0.105,"Actual Total Time": 0.112,"Actual Rows": 25,"Actual Loops": 3,"Hash Buckets": 1024,"Original Hash Buckets": 1024,"Hash Batches": 1,"Original Hash Batches": 1,"Peak Memory Usage": 10,"Workers": [],"Plans": [{"Node Type": "Seq Scan","Parent Relationship": "Outer","Parallel Aware": false,"Async Capable": false,"Relation Name": "nation","Alias": "nation","Startup Cost": 0.00,"Total Cost": 1.25,"Plan Rows": 25,"Plan Width": 108,"Actual Startup Time": 0.076,"Actual Total Time": 0.081,"Actual Rows": 25,"Actual Loops": 3,"Workers": []}]}]}]}]}]}]},"Planning Time": 12.127,"Triggers": [],"Execution Time": 2539.405}]
[{"Plan": {"Node Type": "Aggregate","Strategy": "Sorted","Partial Mode": "Finalize","Parallel Aware": false,"Async Capable": false,"Startup Cost": 41381.04,"Total Cost": 41397.45,"Plan Rows": 122,"Plan Width": 168,"Actual Startup Time": 2449.053,"Actual Total Time": 2635.568,"Actual Rows": 175,"Actual Loops": 1,"Group Key": ["nation.n_name", "(EXTRACT(year FROM orders.o_orderdate))"],"Plans": [{"Node Type": "Gather Merge","Parent Relationship": "Outer","Parallel Aware": false,"Async Capable": false,"Startup Cost": 41381.04,"Total Cost": 41394.60,"Plan Rows": 102,"Plan Width": 168,"Actual Startup Time": 2447.324,"Actual Total Time": 2635.159,"Actual Rows": 525,"Actual Loops": 1,"Workers Planned": 2,"Workers Launched": 2,"Plans": [{"Node Type": "Aggregate","Strategy": "Sorted","Partial Mode": "Partial","Parent Relationship": "Outer","Parallel Aware": false,"Async Capable": false,"Startup Cost": 40381.01,"Total Cost": 40382.80,"Plan Rows": 51,"Plan Width": 168,"Actual Startup Time": 2331.740,"Actual Total Time": 2482.748,"Actual Rows": 175,"Actual Loops": 3,"Group Key": ["nation.n_name", "(EXTRACT(year FROM orders.o_orderdate))"],"Workers": [],"Plans": [{"Node Type": "Sort","Parent Relationship": "Outer","Parallel Aware": false,"Async Capable": false,"Startup Cost": 40381.01,"Total Cost": 40381.14,"Plan Rows": 51,"Plan Width": 159,"Actual Startup Time": 2331.039,"Actual Total Time": 2387.406,"Actual Rows": 108809,"Actual Loops": 3,"Sort Key": ["nation.n_name", "(EXTRACT(year FROM orders.o_orderdate)) DESC"],"Sort Method": "quicksort","Sort Space Used": 14620,"Sort Space Type": "Memory","Workers": [{"Worker Number": 0,"Sort Method": "quicksort","Sort Space Used": 13545,"Sort Space Type": "Memory"},{"Worker Number": 1,"Sort Method": "quicksort","Sort Space Used": 13555,"Sort Space Type": "Memory"}],"Plans": [{"Node Type": "Hash Join","Parent Relationship": "Outer","Parallel Aware": false,"Async Capable": false,"Join Type": "Inner","Startup Cost": 3.13,"Total Cost": 40379.57,"Plan Rows": 51,"Plan Width": 159,"Actual Startup Time": 0.737,"Actual Total Time": 2187.041,"Actual Rows": 108809,"Actual Loops": 3,"Inner Unique": true,"Hash Cond": "(supplier.s_nationkey = nation.n_nationkey)","Workers": [],"Plans": [{"Node Type": "Nested Loop","Parent Relationship": "Outer","Parallel Aware": false,"Async Capable": false,"Join Type": "Inner","Startup Cost": 1.57,"Total Cost": 40377.72,"Plan Rows": 51,"Plan Width": 31,"Actual Startup Time": 0.552,"Actual Total Time": 2155.488,"Actual Rows": 108809,"Actual Loops": 3,"Inner Unique": true,"Workers": [],"Plans": [{"Node Type": "Nested Loop","Parent Relationship": "Outer","Parallel Aware": false,"Async Capable": false,"Join Type": "Inner","Startup Cost": 1.14,"Total Cost": 40354.00,"Plan Rows": 51,"Plan Width": 31,"Actual Startup Time": 0.419,"Actual Total Time": 1005.505,"Actual Rows": 108809,"Actual Loops": 3,"Inner Unique": true,"Workers": [],"Plans": [{"Node Type": "Nested Loop","Parent Relationship": "Outer","Parallel Aware": false,"Async Capable": false,"Join Type": "Inner","Startup Cost": 0.86,"Total Cost": 40338.56,"Plan Rows": 51,"Plan Width": 35,"Actual Startup Time": 0.336,"Actual Total Time": 819.466,"Actual Rows": 108809,"Actual Loops": 3,"Inner Unique": false,"Workers": [],"Plans": [{"Node Type": "Nested Loop","Parent Relationship": "Outer","Parallel Aware": false,"Async Capable": false,"Join Type": "Inner","Startup Cost": 0.42,"Total Cost": 22456.59,"Plan Rows": 16835,"Plan Width": 18,"Actual Startup Time": 0.212,"Actual Total Time": 113.652,"Actual Rows": 14564,"Actual Loops": 3,"Inner Unique": false,"Workers": [],"Plans": [{"Node Type": "Seq Scan","Parent Relationship": "Outer","Parallel Aware": true,"Async Capable": false,"Relation Name": "part","Alias": "part","Startup Cost": 0.00,"Total Cost": 5138.67,"Plan Rows": 4209,"Plan Width": 4,"Actual Startup Time": 0.070,"Actual Total Time": 47.906,"Actual Rows": 3641,"Actual Loops": 3,"Filter": "((p_name)::text ~~ '%violet%'::text)","Rows Removed by Filter": 63026,"Workers": []},{"Node Type": "Index Scan","Parent Relationship": "Inner","Parallel Aware": false,"Async Capable": false,"Scan Direction": "Forward","Index Name": "idx_partsupp_partkey","Relation Name": "partsupp","Alias": "partsupp","Startup Cost": 0.42,"Total Cost": 4.07,"Plan Rows": 4,"Plan Width": 14,"Actual Startup Time": 0.013,"Actual Total Time": 0.017,"Actual Rows": 4,"Actual Loops": 10923,"Index Cond": "(ps_partkey = part.p_partkey)","Rows Removed by Index Recheck": 0,"Workers": []}]},{"Node Type": "Index Scan","Parent Relationship": "Inner","Parallel Aware": false,"Async Capable": false,"Scan Direction": "Forward","Index Name": "idx_lineitem_part_supp","Relation Name": "lineitem","Alias": "lineitem","Startup Cost": 0.43,"Total Cost": 1.05,"Plan Rows": 1,"Plan Width": 29,"Actual Startup Time": 0.007,"Actual Total Time": 0.047,"Actual Rows": 7,"Actual Loops": 43692,"Index Cond": "((l_partkey = partsupp.ps_partkey) AND (l_suppkey = partsupp.ps_suppkey))","Rows Removed by Index Recheck": 0,"Workers": []}]},{"Node Type": "Index Scan","Parent Relationship": "Inner","Parallel Aware": false,"Async Capable": false,"Scan Direction": "Forward","Index Name": "supplier_pkey","Relation Name": "supplier","Alias": "supplier","Startup Cost": 0.29,"Total Cost": 0.30,"Plan Rows": 1,"Plan Width": 8,"Actual Startup Time": 0.001,"Actual Total Time": 0.001,"Actual Rows": 1,"Actual Loops": 326428,"Index Cond": "(s_suppkey = lineitem.l_suppkey)","Rows Removed by Index Recheck": 0,"Workers": []}]},{"Node Type": "Index Scan","Parent Relationship": "Inner","Parallel Aware": false,"Async Capable": false,"Scan Direction": "Forward","Index Name": "orders_pkey","Relation Name": "orders","Alias": "orders","Startup Cost": 0.43,"Total Cost": 0.47,"Plan Rows": 1,"Plan Width": 8,"Actual Startup Time": 0.010,"Actual Total Time": 0.010,"Actual Rows": 1,"Actual Loops": 326428,"Index Cond": "(o_orderkey = lineitem.l_orderkey)","Rows Removed by Index Recheck": 0,"Workers": []}]},{"Node Type": "Hash","Parent Relationship": "Inner","Parallel Aware": false,"Async Capable": false,"Startup Cost": 1.25,"Total Cost": 1.25,"Plan Rows": 25,"Plan Width": 108,"Actual Startup Time": 0.086,"Actual Total Time": 0.097,"Actual Rows": 25,"Actual Loops": 3,"Hash Buckets": 1024,"Original Hash Buckets": 1024,"Hash Batches": 1,"Original Hash Batches": 1,"Peak Memory Usage": 10,"Workers": [],"Plans": [{"Node Type": "Seq Scan","Parent Relationship": "Outer","Parallel Aware": false,"Async Capable": false,"Relation Name": "nation","Alias": "nation","Startup Cost": 0.00,"Total Cost": 1.25,"Plan Rows": 25,"Plan Width": 108,"Actual Startup Time": 0.055,"Actual Total Time": 0.061,"Actual Rows": 25,"Actual Loops": 3,"Workers": []}]}]}]}]}]}]},"Planning Time": 11.985,"Triggers": [],"Execution Time": 2638.417}]
[{"Plan": {"Node Type": "Aggregate","Strategy": "Sorted","Partial Mode": "Finalize","Parallel Aware": false,"Async Capable": false,"Startup Cost": 46348.90,"Total Cost": 46374.41,"Plan Rows": 170,"Plan Width": 168,"Actual Startup Time": 1750.907,"Actual Total Time": 1855.023,"Actual Rows": 175,"Actual Loops": 1,"Group Key": ["nation.n_name", "(EXTRACT(year FROM orders.o_orderdate))"],"Plans": [{"Node Type": "Gather Merge","Parent Relationship": "Outer","Parallel Aware": false,"Async Capable": false,"Startup Cost": 46348.90,"Total Cost": 46370.21,"Plan Rows": 165,"Plan Width": 168,"Actual Startup Time": 1749.012,"Actual Total Time": 1854.505,"Actual Rows": 700,"Actual Loops": 1,"Workers Planned": 3,"Workers Launched": 3,"Plans": [{"Node Type": "Aggregate","Strategy": "Sorted","Partial Mode": "Partial","Parent Relationship": "Outer","Parallel Aware": false,"Async Capable": false,"Startup Cost": 45348.86,"Total Cost": 45350.79,"Plan Rows": 55,"Plan Width": 168,"Actual Startup Time": 1664.618,"Actual Total Time": 1759.222,"Actual Rows": 175,"Actual Loops": 4,"Group Key": ["nation.n_name", "(EXTRACT(year FROM orders.o_orderdate))"],"Workers": [],"Plans": [{"Node Type": "Sort","Parent Relationship": "Outer","Parallel Aware": false,"Async Capable": false,"Startup Cost": 45348.86,"Total Cost": 45349.00,"Plan Rows": 55,"Plan Width": 159,"Actual Startup Time": 1664.224,"Actual Total Time": 1696.542,"Actual Rows": 82796,"Actual Loops": 4,"Sort Key": ["nation.n_name", "(EXTRACT(year FROM orders.o_orderdate)) DESC"],"Sort Method": "quicksort","Sort Space Used": 11192,"Sort Space Type": "Memory","Workers": [{"Worker Number": 0,"Sort Method": "quicksort","Sort Space Used": 11411,"Sort Space Type": "Memory"},{"Worker Number": 1,"Sort Method": "quicksort","Sort Space Used": 11117,"Sort Space Type": "Memory"},{"Worker Number": 2,"Sort Method": "quicksort","Sort Space Used": 11548,"Sort Space Type": "Memory"}],"Plans": [{"Node Type": "Hash Join","Parent Relationship": "Outer","Parallel Aware": false,"Async Capable": false,"Join Type": "Inner","Startup Cost": 5215.02,"Total Cost": 45347.27,"Plan Rows": 55,"Plan Width": 159,"Actual Startup Time": 22.142,"Actual Total Time": 1561.411,"Actual Rows": 82796,"Actual Loops": 4,"Inner Unique": true,"Hash Cond": "(supplier.s_nationkey = nation.n_nationkey)","Workers": [],"Plans": [{"Node Type": "Nested Loop","Parent Relationship": "Outer","Parallel Aware": false,"Async Capable": false,"Join Type": "Inner","Startup Cost": 5213.46,"Total Cost": 45345.40,"Plan Rows": 55,"Plan Width": 31,"Actual Startup Time": 21.917,"Actual Total Time": 1537.278,"Actual Rows": 82796,"Actual Loops": 4,"Inner Unique": true,"Workers": [],"Plans": [{"Node Type": "Nested Loop","Parent Relationship": "Outer","Parallel Aware": false,"Async Capable": false,"Join Type": "Inner","Startup Cost": 5213.03,"Total Cost": 45319.82,"Plan Rows": 55,"Plan Width": 31,"Actual Startup Time": 21.852,"Actual Total Time": 791.105,"Actual Rows": 82796,"Actual Loops": 4,"Inner Unique": true,"Workers": [],"Plans": [{"Node Type": "Nested Loop","Parent Relationship": "Outer","Parallel Aware": false,"Async Capable": false,"Join Type": "Inner","Startup Cost": 5212.75,"Total Cost": 45303.17,"Plan Rows": 55,"Plan Width": 35,"Actual Startup Time": 21.805,"Actual Total Time": 652.381,"Actual Rows": 82796,"Actual Loops": 4,"Inner Unique": false,"Workers": [],"Plans": [{"Node Type": "Hash Join","Parent Relationship": "Outer","Parallel Aware": true,"Async Capable": false,"Join Type": "Inner","Startup Cost": 5212.32,"Total Cost": 25921.39,"Plan Rows": 18247,"Plan Width": 18,"Actual Startup Time": 21.736,"Actual Total Time": 188.254,"Actual Rows": 11007,"Actual Loops": 4,"Inner Unique": true,"Hash Cond": "(partsupp.ps_partkey = part.p_partkey)","Workers": [],"Plans": [{"Node Type": "Seq Scan","Parent Relationship": "Outer","Parallel Aware": true,"Async Capable": false,"Relation Name": "partsupp","Alias": "partsupp","Startup Cost": 0.00,"Total Cost": 20031.65,"Plan Rows": 258065,"Plan Width": 14,"Actual Startup Time": 0.015,"Actual Total Time": 42.654,"Actual Rows": 200000,"Actual Loops": 4,"Workers": []},{"Node Type": "Hash","Parent Relationship": "Inner","Parallel Aware": true,"Async Capable": false,"Startup Cost": 5138.67,"Total Cost": 5138.67,"Plan Rows": 5892,"Plan Width": 4,"Actual Startup Time": 21.539,"Actual Total Time": 21.550,"Actual Rows": 2752,"Actual Loops": 4,"Hash Buckets": 16384,"Original Hash Buckets": 16384,"Hash Batches": 1,"Original Hash Batches": 1,"Peak Memory Usage": 608,"Workers": [],"Plans": [{"Node Type": "Seq Scan","Parent Relationship": "Outer","Parallel Aware": true,"Async Capable": false,"Relation Name": "part","Alias": "part","Startup Cost": 0.00,"Total Cost": 5138.67,"Plan Rows": 5892,"Plan Width": 4,"Actual Startup Time": 0.060,"Actual Total Time": 20.080,"Actual Rows": 2752,"Actual Loops": 4,"Filter": "((p_name)::text ~~ '%orange%'::text)","Rows Removed by Filter": 47248,"Workers": []}]}]},{"Node Type": "Index Scan","Parent Relationship": "Inner","Parallel Aware": false,"Async Capable": false,"Scan Direction": "Forward","Index Name": "idx_lineitem_part_supp","Relation Name": "lineitem","Alias": "lineitem","Startup Cost": 0.43,"Total Cost": 1.05,"Plan Rows": 1,"Plan Width": 29,"Actual Startup Time": 0.006,"Actual Total Time": 0.041,"Actual Rows": 8,"Actual Loops": 44028,"Index Cond": "((l_partkey = partsupp.ps_partkey) AND (l_suppkey = partsupp.ps_suppkey))","Rows Removed by Index Recheck": 0,"Workers": []}]},{"Node Type": "Index Scan","Parent Relationship": "Inner","Parallel Aware": false,"Async Capable": false,"Scan Direction": "Forward","Index Name": "supplier_pkey","Relation Name": "supplier","Alias": "supplier","Startup Cost": 0.29,"Total Cost": 0.30,"Plan Rows": 1,"Plan Width": 8,"Actual Startup Time": 0.001,"Actual Total Time": 0.001,"Actual Rows": 1,"Actual Loops": 331186,"Index Cond": "(s_suppkey = lineitem.l_suppkey)","Rows Removed by Index Recheck": 0,"Workers": []}]},{"Node Type": "Index Scan","Parent Relationship": "Inner","Parallel Aware": false,"Async Capable": false,"Scan Direction": "Forward","Index Name": "orders_pkey","Relation Name": "orders","Alias": "orders","Startup Cost": 0.43,"Total Cost": 0.47,"Plan Rows": 1,"Plan Width": 8,"Actual Startup Time": 0.009,"Actual Total Time": 0.009,"Actual Rows": 1,"Actual Loops": 331186,"Index Cond": "(o_orderkey = lineitem.l_orderkey)","Rows Removed by Index Recheck": 0,"Workers": []}]},{"Node Type": "Hash","Parent Relationship": "Inner","Parallel Aware": false,"Async Capable": false,"Startup Cost": 1.25,"Total Cost": 1.25,"Plan Rows": 25,"Plan Width": 108,"Actual Startup Time": 0.103,"Actual Total Time": 0.109,"Actual Rows": 25,"Actual Loops": 4,"Hash Buckets": 1024,"Original Hash Buckets": 1024,"Hash Batches": 1,"Original Hash Batches": 1,"Peak Memory Usage": 10,"Workers": [],"Plans": [{"Node Type": "Seq Scan","Parent Relationship": "Outer","Parallel Aware": false,"Async Capable": false,"Relation Name": "nation","Alias": "nation","Startup Cost": 0.00,"Total Cost": 1.25,"Plan Rows": 25,"Plan Width": 108,"Actual Startup Time": 0.073,"Actual Total Time": 0.079,"Actual Rows": 25,"Actual Loops": 4,"Workers": []}]}]}]}]}]}]},"Planning Time": 12.134,"Triggers": [],"Execution Time": 1857.581}]
[{"Plan": {"Node Type": "Aggregate","Strategy": "Sorted","Partial Mode": "Finalize","Parallel Aware": false,"Async Capable": false,"Startup Cost": 35224.41,"Total Cost": 35237.30,"Plan Rows": 97,"Plan Width": 168,"Actual Startup Time": 2423.963,"Actual Total Time": 2560.496,"Actual Rows": 175,"Actual Loops": 1,"Group Key": ["nation.n_name", "(EXTRACT(year FROM orders.o_orderdate))"],"Plans": [{"Node Type": "Gather Merge","Parent Relationship": "Outer","Parallel Aware": false,"Async Capable": false,"Startup Cost": 35224.41,"Total Cost": 35235.05,"Plan Rows": 80,"Plan Width": 168,"Actual Startup Time": 2422.019,"Actual Total Time": 2560.116,"Actual Rows": 525,"Actual Loops": 1,"Workers Planned": 2,"Workers Launched": 2,"Plans": [{"Node Type": "Aggregate","Strategy": "Sorted","Partial Mode": "Partial","Parent Relationship": "Outer","Parallel Aware": false,"Async Capable": false,"Startup Cost": 34224.39,"Total Cost": 34225.79,"Plan Rows": 40,"Plan Width": 168,"Actual Startup Time": 2311.477,"Actual Total Time": 2422.444,"Actual Rows": 175,"Actual Loops": 3,"Group Key": ["nation.n_name", "(EXTRACT(year FROM orders.o_orderdate))"],"Workers": [],"Plans": [{"Node Type": "Sort","Parent Relationship": "Outer","Parallel Aware": false,"Async Capable": false,"Startup Cost": 34224.39,"Total Cost": 34224.49,"Plan Rows": 40,"Plan Width": 159,"Actual Startup Time": 2310.904,"Actual Total Time": 2345.956,"Actual Rows": 108625,"Actual Loops": 3,"Sort Key": ["nation.n_name", "(EXTRACT(year FROM orders.o_orderdate)) DESC"],"Sort Method": "quicksort","Sort Space Used": 13495,"Sort Space Type": "Memory","Workers": [{"Worker Number": 0,"Sort Method": "quicksort","Sort Space Used": 14236,"Sort Space Type": "Memory"},{"Worker Number": 1,"Sort Method": "quicksort","Sort Space Used": 13931,"Sort Space Type": "Memory"}],"Plans": [{"Node Type": "Hash Join","Parent Relationship": "Outer","Parallel Aware": false,"Async Capable": false,"Join Type": "Inner","Startup Cost": 3.13,"Total Cost": 34223.32,"Plan Rows": 40,"Plan Width": 159,"Actual Startup Time": 0.667,"Actual Total Time": 2163.145,"Actual Rows": 108625,"Actual Loops": 3,"Inner Unique": true,"Hash Cond": "(supplier.s_nationkey = nation.n_nationkey)","Workers": [],"Plans": [{"Node Type": "Nested Loop","Parent Relationship": "Outer","Parallel Aware": false,"Async Capable": false,"Join Type": "Inner","Startup Cost": 1.57,"Total Cost": 34221.53,"Plan Rows": 40,"Plan Width": 31,"Actual Startup Time": 0.474,"Actual Total Time": 2131.583,"Actual Rows": 108625,"Actual Loops": 3,"Inner Unique": true,"Workers": [],"Plans": [{"Node Type": "Nested Loop","Parent Relationship": "Outer","Parallel Aware": false,"Async Capable": false,"Join Type": "Inner","Startup Cost": 1.14,"Total Cost": 34202.93,"Plan Rows": 40,"Plan Width": 31,"Actual Startup Time": 0.377,"Actual Total Time": 989.340,"Actual Rows": 108625,"Actual Loops": 3,"Inner Unique": true,"Workers": [],"Plans": [{"Node Type": "Nested Loop","Parent Relationship": "Outer","Parallel Aware": false,"Async Capable": false,"Join Type": "Inner","Startup Cost": 0.86,"Total Cost": 34190.82,"Plan Rows": 40,"Plan Width": 35,"Actual Startup Time": 0.299,"Actual Total Time": 804.524,"Actual Rows": 108625,"Actual Loops": 3,"Inner Unique": false,"Workers": [],"Plans": [{"Node Type": "Nested Loop","Parent Relationship": "Outer","Parallel Aware": false,"Async Capable": false,"Join Type": "Inner","Startup Cost": 0.42,"Total Cost": 19885.25,"Plan Rows": 13468,"Plan Width": 18,"Actual Startup Time": 0.197,"Actual Total Time": 118.975,"Actual Rows": 14469,"Actual Loops": 3,"Inner Unique": false,"Workers": [],"Plans": [{"Node Type": "Seq Scan","Parent Relationship": "Outer","Parallel Aware": true,"Async Capable": false,"Relation Name": "part","Alias": "part","Startup Cost": 0.00,"Total Cost": 5138.67,"Plan Rows": 3367,"Plan Width": 4,"Actual Startup Time": 0.059,"Actual Total Time": 51.422,"Actual Rows": 3617,"Actual Loops": 3,"Filter": "((p_name)::text ~~ '%medium%'::text)","Rows Removed by Filter": 63049,"Workers": []},{"Node Type": "Index Scan","Parent Relationship": "Inner","Parallel Aware": false,"Async Capable": false,"Scan Direction": "Forward","Index Name": "idx_partsupp_partkey","Relation Name": "partsupp","Alias": "partsupp","Startup Cost": 0.42,"Total Cost": 4.34,"Plan Rows": 4,"Plan Width": 14,"Actual Startup Time": 0.014,"Actual Total Time": 0.018,"Actual Rows": 4,"Actual Loops": 10852,"Index Cond": "(ps_partkey = part.p_partkey)","Rows Removed by Index Recheck": 0,"Workers": []}]},{"Node Type": "Index Scan","Parent Relationship": "Inner","Parallel Aware": false,"Async Capable": false,"Scan Direction": "Forward","Index Name": "idx_lineitem_part_supp","Relation Name": "lineitem","Alias": "lineitem","Startup Cost": 0.43,"Total Cost": 1.05,"Plan Rows": 1,"Plan Width": 29,"Actual Startup Time": 0.007,"Actual Total Time": 0.046,"Actual Rows": 8,"Actual Loops": 43408,"Index Cond": "((l_partkey = partsupp.ps_partkey) AND (l_suppkey = partsupp.ps_suppkey))","Rows Removed by Index Recheck": 0,"Workers": []}]},{"Node Type": "Index Scan","Parent Relationship": "Inner","Parallel Aware": false,"Async Capable": false,"Scan Direction": "Forward","Index Name": "supplier_pkey","Relation Name": "supplier","Alias": "supplier","Startup Cost": 0.29,"Total Cost": 0.30,"Plan Rows": 1,"Plan Width": 8,"Actual Startup Time": 0.001,"Actual Total Time": 0.001,"Actual Rows": 1,"Actual Loops": 325876,"Index Cond": "(s_suppkey = lineitem.l_suppkey)","Rows Removed by Index Recheck": 0,"Workers": []}]},{"Node Type": "Index Scan","Parent Relationship": "Inner","Parallel Aware": false,"Async Capable": false,"Scan Direction": "Forward","Index Name": "orders_pkey","Relation Name": "orders","Alias": "orders","Startup Cost": 0.43,"Total Cost": 0.47,"Plan Rows": 1,"Plan Width": 8,"Actual Startup Time": 0.010,"Actual Total Time": 0.010,"Actual Rows": 1,"Actual Loops": 325876,"Index Cond": "(o_orderkey = lineitem.l_orderkey)","Rows Removed by Index Recheck": 0,"Workers": []}]},{"Node Type": "Hash","Parent Relationship": "Inner","Parallel Aware": false,"Async Capable": false,"Startup Cost": 1.25,"Total Cost": 1.25,"Plan Rows": 25,"Plan Width": 108,"Actual Startup Time": 0.099,"Actual Total Time": 0.114,"Actual Rows": 25,"Actual Loops": 3,"Hash Buckets": 1024,"Original Hash Buckets": 1024,"Hash Batches": 1,"Original Hash Batches": 1,"Peak Memory Usage": 10,"Workers": [],"Plans": [{"Node Type": "Seq Scan","Parent Relationship": "Outer","Parallel Aware": false,"Async Capable": false,"Relation Name": "nation","Alias": "nation","Startup Cost": 0.00,"Total Cost": 1.25,"Plan Rows": 25,"Plan Width": 108,"Actual Startup Time": 0.070,"Actual Total Time": 0.083,"Actual Rows": 25,"Actual Loops": 3,"Workers": []}]}]}]}]}]}]},"Planning Time": 12.212,"Triggers": [],"Execution Time": 2563.131}]
[{"Plan": {"Node Type": "Aggregate","Strategy": "Sorted","Partial Mode": "Finalize","Parallel Aware": false,"Async Capable": false,"Startup Cost": 46348.90,"Total Cost": 46374.41,"Plan Rows": 170,"Plan Width": 168,"Actual Startup Time": 1721.900,"Actual Total Time": 1830.646,"Actual Rows": 175,"Actual Loops": 1,"Group Key": ["nation.n_name", "(EXTRACT(year FROM orders.o_orderdate))"],"Plans": [{"Node Type": "Gather Merge","Parent Relationship": "Outer","Parallel Aware": false,"Async Capable": false,"Startup Cost": 46348.90,"Total Cost": 46370.21,"Plan Rows": 165,"Plan Width": 168,"Actual Startup Time": 1720.280,"Actual Total Time": 1830.173,"Actual Rows": 700,"Actual Loops": 1,"Workers Planned": 3,"Workers Launched": 3,"Plans": [{"Node Type": "Aggregate","Strategy": "Sorted","Partial Mode": "Partial","Parent Relationship": "Outer","Parallel Aware": false,"Async Capable": false,"Startup Cost": 45348.86,"Total Cost": 45350.79,"Plan Rows": 55,"Plan Width": 168,"Actual Startup Time": 1654.475,"Actual Total Time": 1741.275,"Actual Rows": 175,"Actual Loops": 4,"Group Key": ["nation.n_name", "(EXTRACT(year FROM orders.o_orderdate))"],"Workers": [],"Plans": [{"Node Type": "Sort","Parent Relationship": "Outer","Parallel Aware": false,"Async Capable": false,"Startup Cost": 45348.86,"Total Cost": 45349.00,"Plan Rows": 55,"Plan Width": 159,"Actual Startup Time": 1654.136,"Actual Total Time": 1680.723,"Actual Rows": 82316,"Actual Loops": 4,"Sort Key": ["nation.n_name", "(EXTRACT(year FROM orders.o_orderdate)) DESC"],"Sort Method": "quicksort","Sort Space Used": 11440,"Sort Space Type": "Memory","Workers": [{"Worker Number": 0,"Sort Method": "quicksort","Sort Space Used": 11396,"Sort Space Type": "Memory"},{"Worker Number": 1,"Sort Method": "quicksort","Sort Space Used": 11133,"Sort Space Type": "Memory"},{"Worker Number": 2,"Sort Method": "quicksort","Sort Space Used": 11106,"Sort Space Type": "Memory"}],"Plans": [{"Node Type": "Hash Join","Parent Relationship": "Outer","Parallel Aware": false,"Async Capable": false,"Join Type": "Inner","Startup Cost": 5215.02,"Total Cost": 45347.27,"Plan Rows": 55,"Plan Width": 159,"Actual Startup Time": 22.420,"Actual Total Time": 1553.173,"Actual Rows": 82316,"Actual Loops": 4,"Inner Unique": true,"Hash Cond": "(supplier.s_nationkey = nation.n_nationkey)","Workers": [],"Plans": [{"Node Type": "Nested Loop","Parent Relationship": "Outer","Parallel Aware": false,"Async Capable": false,"Join Type": "Inner","Startup Cost": 5213.46,"Total Cost": 45345.40,"Plan Rows": 55,"Plan Width": 31,"Actual Startup Time": 22.259,"Actual Total Time": 1529.513,"Actual Rows": 82316,"Actual Loops": 4,"Inner Unique": true,"Workers": [],"Plans": [{"Node Type": "Nested Loop","Parent Relationship": "Outer","Parallel Aware": false,"Async Capable": false,"Join Type": "Inner","Startup Cost": 5213.03,"Total Cost": 45319.82,"Plan Rows": 55,"Plan Width": 31,"Actual Startup Time": 22.154,"Actual Total Time": 794.323,"Actual Rows": 82316,"Actual Loops": 4,"Inner Unique": true,"Workers": [],"Plans": [{"Node Type": "Nested Loop","Parent Relationship": "Outer","Parallel Aware": false,"Async Capable": false,"Join Type": "Inner","Startup Cost": 5212.75,"Total Cost": 45303.17,"Plan Rows": 55,"Plan Width": 35,"Actual Startup Time": 22.102,"Actual Total Time": 656.654,"Actual Rows": 82316,"Actual Loops": 4,"Inner Unique": false,"Workers": [],"Plans": [{"Node Type": "Hash Join","Parent Relationship": "Outer","Parallel Aware": true,"Async Capable": false,"Join Type": "Inner","Startup Cost": 5212.32,"Total Cost": 25921.39,"Plan Rows": 18247,"Plan Width": 18,"Actual Startup Time": 22.020,"Actual Total Time": 197.924,"Actual Rows": 10995,"Actual Loops": 4,"Inner Unique": true,"Hash Cond": "(partsupp.ps_partkey = part.p_partkey)","Workers": [],"Plans": [{"Node Type": "Seq Scan","Parent Relationship": "Outer","Parallel Aware": true,"Async Capable": false,"Relation Name": "partsupp","Alias": "partsupp","Startup Cost": 0.00,"Total Cost": 20031.65,"Plan Rows": 258065,"Plan Width": 14,"Actual Startup Time": 0.022,"Actual Total Time": 42.354,"Actual Rows": 200000,"Actual Loops": 4,"Workers": []},{"Node Type": "Hash","Parent Relationship": "Inner","Parallel Aware": true,"Async Capable": false,"Startup Cost": 5138.67,"Total Cost": 5138.67,"Plan Rows": 5892,"Plan Width": 4,"Actual Startup Time": 21.785,"Actual Total Time": 21.794,"Actual Rows": 2749,"Actual Loops": 4,"Hash Buckets": 16384,"Original Hash Buckets": 16384,"Hash Batches": 1,"Original Hash Batches": 1,"Peak Memory Usage": 640,"Workers": [],"Plans": [{"Node Type": "Seq Scan","Parent Relationship": "Outer","Parallel Aware": true,"Async Capable": false,"Relation Name": "part","Alias": "part","Startup Cost": 0.00,"Total Cost": 5138.67,"Plan Rows": 5892,"Plan Width": 4,"Actual Startup Time": 0.084,"Actual Total Time": 20.105,"Actual Rows": 2749,"Actual Loops": 4,"Filter": "((p_name)::text ~~ '%hot%'::text)","Rows Removed by Filter": 47251,"Workers": []}]}]},{"Node Type": "Index Scan","Parent Relationship": "Inner","Parallel Aware": false,"Async Capable": false,"Scan Direction": "Forward","Index Name": "idx_lineitem_part_supp","Relation Name": "lineitem","Alias": "lineitem","Startup Cost": 0.43,"Total Cost": 1.05,"Plan Rows": 1,"Plan Width": 29,"Actual Startup Time": 0.006,"Actual Total Time": 0.040,"Actual Rows": 7,"Actual Loops": 43980,"Index Cond": "((l_partkey = partsupp.ps_partkey) AND (l_suppkey = partsupp.ps_suppkey))","Rows Removed by Index Recheck": 0,"Workers": []}]},{"Node Type": "Index Scan","Parent Relationship": "Inner","Parallel Aware": false,"Async Capable": false,"Scan Direction": "Forward","Index Name": "supplier_pkey","Relation Name": "supplier","Alias": "supplier","Startup Cost": 0.29,"Total Cost": 0.30,"Plan Rows": 1,"Plan Width": 8,"Actual Startup Time": 0.001,"Actual Total Time": 0.001,"Actual Rows": 1,"Actual Loops": 329264,"Index Cond": "(s_suppkey = lineitem.l_suppkey)","Rows Removed by Index Recheck": 0,"Workers": []}]},{"Node Type": "Index Scan","Parent Relationship": "Inner","Parallel Aware": false,"Async Capable": false,"Scan Direction": "Forward","Index Name": "orders_pkey","Relation Name": "orders","Alias": "orders","Startup Cost": 0.43,"Total Cost": 0.47,"Plan Rows": 1,"Plan Width": 8,"Actual Startup Time": 0.009,"Actual Total Time": 0.009,"Actual Rows": 1,"Actual Loops": 329264,"Index Cond": "(o_orderkey = lineitem.l_orderkey)","Rows Removed by Index Recheck": 0,"Workers": []}]},{"Node Type": "Hash","Parent Relationship": "Inner","Parallel Aware": false,"Async Capable": false,"Startup Cost": 1.25,"Total Cost": 1.25,"Plan Rows": 25,"Plan Width": 108,"Actual Startup Time": 0.067,"Actual Total Time": 0.073,"Actual Rows": 25,"Actual Loops": 4,"Hash Buckets": 1024,"Original Hash Buckets": 1024,"Hash Batches": 1,"Original Hash Batches": 1,"Peak Memory Usage": 10,"Workers": [],"Plans": [{"Node Type": "Seq Scan","Parent Relationship": "Outer","Parallel Aware": false,"Async Capable": false,"Relation Name": "nation","Alias": "nation","Startup Cost": 0.00,"Total Cost": 1.25,"Plan Rows": 25,"Plan Width": 108,"Actual Startup Time": 0.046,"Actual Total Time": 0.051,"Actual Rows": 25,"Actual Loops": 4,"Workers": []}]}]}]}]}]}]},"Planning Time": 11.474,"Triggers": [],"Execution Time": 1832.228}]
[{"Plan": {"Node Type": "Aggregate","Strategy": "Sorted","Partial Mode": "Finalize","Parallel Aware": false,"Async Capable": false,"Startup Cost": 47355.08,"Total Cost": 47374.71,"Plan Rows": 146,"Plan Width": 168,"Actual Startup Time": 2500.381,"Actual Total Time": 2613.066,"Actual Rows": 175,"Actual Loops": 1,"Group Key": ["nation.n_name", "(EXTRACT(year FROM orders.o_orderdate))"],"Plans": [{"Node Type": "Gather Merge","Parent Relationship": "Outer","Parallel Aware": false,"Async Capable": false,"Startup Cost": 47355.08,"Total Cost": 47371.30,"Plan Rows": 122,"Plan Width": 168,"Actual Startup Time": 2498.753,"Actual Total Time": 2612.506,"Actual Rows": 525,"Actual Loops": 1,"Workers Planned": 2,"Workers Launched": 2,"Plans": [{"Node Type": "Aggregate","Strategy": "Sorted","Partial Mode": "Partial","Parent Relationship": "Outer","Parallel Aware": false,"Async Capable": false,"Startup Cost": 46355.06,"Total Cost": 46357.20,"Plan Rows": 61,"Plan Width": 168,"Actual Startup Time": 2385.274,"Actual Total Time": 2517.765,"Actual Rows": 175,"Actual Loops": 3,"Group Key": ["nation.n_name", "(EXTRACT(year FROM orders.o_orderdate))"],"Workers": [],"Plans": [{"Node Type": "Sort","Parent Relationship": "Outer","Parallel Aware": false,"Async Capable": false,"Startup Cost": 46355.06,"Total Cost": 46355.21,"Plan Rows": 61,"Plan Width": 159,"Actual Startup Time": 2384.635,"Actual Total Time": 2429.059,"Actual Rows": 111540,"Actual Loops": 3,"Sort Key": ["nation.n_name", "(EXTRACT(year FROM orders.o_orderdate)) DESC"],"Sort Method": "quicksort","Sort Space Used": 13997,"Sort Space Type": "Memory","Workers": [{"Worker Number": 0,"Sort Method": "quicksort","Sort Space Used": 14233,"Sort Space Type": "Memory"},{"Worker Number": 1,"Sort Method": "quicksort","Sort Space Used": 14306,"Sort Space Type": "Memory"}],"Plans": [{"Node Type": "Hash Join","Parent Relationship": "Outer","Parallel Aware": false,"Async Capable": false,"Join Type": "Inner","Startup Cost": 3.13,"Total Cost": 46353.25,"Plan Rows": 61,"Plan Width": 159,"Actual Startup Time": 0.720,"Actual Total Time": 2224.522,"Actual Rows": 111540,"Actual Loops": 3,"Inner Unique": true,"Hash Cond": "(supplier.s_nationkey = nation.n_nationkey)","Workers": [],"Plans": [{"Node Type": "Nested Loop","Parent Relationship": "Outer","Parallel Aware": false,"Async Capable": false,"Join Type": "Inner","Startup Cost": 1.57,"Total Cost": 46351.35,"Plan Rows": 61,"Plan Width": 31,"Actual Startup Time": 0.543,"Actual Total Time": 2192.319,"Actual Rows": 111540,"Actual Loops": 3,"Inner Unique": true,"Workers": [],"Plans": [{"Node Type": "Nested Loop","Parent Relationship": "Outer","Parallel Aware": false,"Async Capable": false,"Join Type": "Inner","Startup Cost": 1.14,"Total Cost": 46322.98,"Plan Rows": 61,"Plan Width": 31,"Actual Startup Time": 0.416,"Actual Total Time": 1013.189,"Actual Rows": 111540,"Actual Loops": 3,"Inner Unique": true,"Workers": [],"Plans": [{"Node Type": "Nested Loop","Parent Relationship": "Outer","Parallel Aware": false,"Async Capable": false,"Join Type": "Inner","Startup Cost": 0.86,"Total Cost": 46304.52,"Plan Rows": 61,"Plan Width": 35,"Actual Startup Time": 0.322,"Actual Total Time": 823.097,"Actual Rows": 111540,"Actual Loops": 3,"Inner Unique": false,"Workers": [],"Plans": [{"Node Type": "Nested Loop","Parent Relationship": "Outer","Parallel Aware": false,"Async Capable": false,"Join Type": "Inner","Startup Cost": 0.42,"Total Cost": 24846.16,"Plan Rows": 20202,"Plan Width": 18,"Actual Startup Time": 0.205,"Actual Total Time": 119.618,"Actual Rows": 14867,"Actual Loops": 3,"Inner Unique": false,"Workers": [],"Plans": [{"Node Type": "Seq Scan","Parent Relationship": "Outer","Parallel Aware": true,"Async Capable": false,"Relation Name": "part","Alias": "part","Startup Cost": 0.00,"Total Cost": 5138.67,"Plan Rows": 5051,"Plan Width": 4,"Actual Startup Time": 0.067,"Actual Total Time": 50.965,"Actual Rows": 3717,"Actual Loops": 3,"Filter": "((p_name)::text ~~ '%tomato%'::text)","Rows Removed by Filter": 62950,"Workers": []},{"Node Type": "Index Scan","Parent Relationship": "Inner","Parallel Aware": false,"Async Capable": false,"Scan Direction": "Forward","Index Name": "idx_partsupp_partkey","Relation Name": "partsupp","Alias": "partsupp","Startup Cost": 0.42,"Total Cost": 3.86,"Plan Rows": 4,"Plan Width": 14,"Actual Startup Time": 0.014,"Actual Total Time": 0.018,"Actual Rows": 4,"Actual Loops": 11150,"Index Cond": "(ps_partkey = part.p_partkey)","Rows Removed by Index Recheck": 0,"Workers": []}]},{"Node Type": "Index Scan","Parent Relationship": "Inner","Parallel Aware": false,"Async Capable": false,"Scan Direction": "Forward","Index Name": "idx_lineitem_part_supp","Relation Name": "lineitem","Alias": "lineitem","Startup Cost": 0.43,"Total Cost": 1.05,"Plan Rows": 1,"Plan Width": 29,"Actual Startup Time": 0.007,"Actual Total Time": 0.046,"Actual Rows": 8,"Actual Loops": 44600,"Index Cond": "((l_partkey = partsupp.ps_partkey) AND (l_suppkey = partsupp.ps_suppkey))","Rows Removed by Index Recheck": 0,"Workers": []}]},{"Node Type": "Index Scan","Parent Relationship": "Inner","Parallel Aware": false,"Async Capable": false,"Scan Direction": "Forward","Index Name": "supplier_pkey","Relation Name": "supplier","Alias": "supplier","Startup Cost": 0.29,"Total Cost": 0.30,"Plan Rows": 1,"Plan Width": 8,"Actual Startup Time": 0.001,"Actual Total Time": 0.001,"Actual Rows": 1,"Actual Loops": 334621,"Index Cond": "(s_suppkey = lineitem.l_suppkey)","Rows Removed by Index Recheck": 0,"Workers": []}]},{"Node Type": "Index Scan","Parent Relationship": "Inner","Parallel Aware": false,"Async Capable": false,"Scan Direction": "Forward","Index Name": "orders_pkey","Relation Name": "orders","Alias": "orders","Startup Cost": 0.43,"Total Cost": 0.47,"Plan Rows": 1,"Plan Width": 8,"Actual Startup Time": 0.010,"Actual Total Time": 0.010,"Actual Rows": 1,"Actual Loops": 334621,"Index Cond": "(o_orderkey = lineitem.l_orderkey)","Rows Removed by Index Recheck": 0,"Workers": []}]},{"Node Type": "Hash","Parent Relationship": "Inner","Parallel Aware": false,"Async Capable": false,"Startup Cost": 1.25,"Total Cost": 1.25,"Plan Rows": 25,"Plan Width": 108,"Actual Startup Time": 0.076,"Actual Total Time": 0.105,"Actual Rows": 25,"Actual Loops": 3,"Hash Buckets": 1024,"Original Hash Buckets": 1024,"Hash Batches": 1,"Original Hash Batches": 1,"Peak Memory Usage": 10,"Workers": [],"Plans": [{"Node Type": "Seq Scan","Parent Relationship": "Outer","Parallel Aware": false,"Async Capable": false,"Relation Name": "nation","Alias": "nation","Startup Cost": 0.00,"Total Cost": 1.25,"Plan Rows": 25,"Plan Width": 108,"Actual Startup Time": 0.046,"Actual Total Time": 0.069,"Actual Rows": 25,"Actual Loops": 3,"Workers": []}]}]}]}]}]}]},"Planning Time": 11.495,"Triggers": [],"Execution Time": 2614.780}]
[{"Plan": {"Node Type": "Aggregate","Strategy": "Sorted","Partial Mode": "Finalize","Parallel Aware": false,"Async Capable": false,"Startup Cost": 15191.58,"Total Cost": 15194.80,"Plan Rows": 24,"Plan Width": 168,"Actual Startup Time": 2580.050,"Actual Total Time": 2695.598,"Actual Rows": 175,"Actual Loops": 1,"Group Key": ["nation.n_name", "(EXTRACT(year FROM orders.o_orderdate))"],"Plans": [{"Node Type": "Gather Merge","Parent Relationship": "Outer","Parallel Aware": false,"Async Capable": false,"Startup Cost": 15191.58,"Total Cost": 15194.24,"Plan Rows": 20,"Plan Width": 168,"Actual Startup Time": 2578.182,"Actual Total Time": 2695.139,"Actual Rows": 525,"Actual Loops": 1,"Workers Planned": 2,"Workers Launched": 2,"Plans": [{"Node Type": "Aggregate","Strategy": "Sorted","Partial Mode": "Partial","Parent Relationship": "Outer","Parallel Aware": false,"Async Capable": false,"Startup Cost": 14191.56,"Total Cost": 14191.91,"Plan Rows": 10,"Plan Width": 168,"Actual Startup Time": 2460.574,"Actual Total Time": 2586.008,"Actual Rows": 175,"Actual Loops": 3,"Group Key": ["nation.n_name", "(EXTRACT(year FROM orders.o_orderdate))"],"Workers": [],"Plans": [{"Node Type": "Sort","Parent Relationship": "Outer","Parallel Aware": false,"Async Capable": false,"Startup Cost": 14191.56,"Total Cost": 14191.59,"Plan Rows": 10,"Plan Width": 159,"Actual Startup Time": 2459.945,"Actual Total Time": 2501.002,"Actual Rows": 109962,"Actual Loops": 3,"Sort Key": ["nation.n_name", "(EXTRACT(year FROM orders.o_orderdate)) DESC"],"Sort Method": "quicksort","Sort Space Used": 14734,"Sort Space Type": "Memory","Workers": [{"Worker Number": 0,"Sort Method": "quicksort","Sort Space Used": 13697,"Sort Space Type": "Memory"},{"Worker Number": 1,"Sort Method": "quicksort","Sort Space Used": 13637,"Sort Space Type": "Memory"}],"Plans": [{"Node Type": "Nested Loop","Parent Relationship": "Outer","Parallel Aware": false,"Async Capable": false,"Join Type": "Inner","Startup Cost": 1.71,"Total Cost": 14191.39,"Plan Rows": 10,"Plan Width": 159,"Actual Startup Time": 0.548,"Actual Total Time": 2314.077,"Actual Rows": 109962,"Actual Loops": 3,"Inner Unique": true,"Workers": [],"Plans": [{"Node Type": "Nested Loop","Parent Relationship": "Outer","Parallel Aware": false,"Async Capable": false,"Join Type": "Inner","Startup Cost": 1.57,"Total Cost": 14189.81,"Plan Rows": 10,"Plan Width": 31,"Actual Startup Time": 0.468,"Actual Total Time": 2156.976,"Actual Rows": 109962,"Actual Loops": 3,"Inner Unique": true,"Workers": [],"Plans": [{"Node Type": "Nested Loop","Parent Relationship": "Outer","Parallel Aware": false,"Async Capable": false,"Join Type": "Inner","Startup Cost": 1.14,"Total Cost": 14185.15,"Plan Rows": 10,"Plan Width": 31,"Actual Startup Time": 0.326,"Actual Total Time": 995.510,"Actual Rows": 109962,"Actual Loops": 3,"Inner Unique": true,"Workers": [],"Plans": [{"Node Type": "Nested Loop","Parent Relationship": "Outer","Parallel Aware": false,"Async Capable": false,"Join Type": "Inner","Startup Cost": 0.86,"Total Cost": 14182.13,"Plan Rows": 10,"Plan Width": 35,"Actual Startup Time": 0.255,"Actual Total Time": 803.233,"Actual Rows": 109962,"Actual Loops": 3,"Inner Unique": false,"Workers": [],"Plans": [{"Node Type": "Nested Loop","Parent Relationship": "Outer","Parallel Aware": false,"Async Capable": false,"Join Type": "Inner","Startup Cost": 0.42,"Total Cost": 10605.73,"Plan Rows": 3367,"Plan Width": 18,"Actual Startup Time": 0.152,"Actual Total Time": 120.343,"Actual Rows": 14627,"Actual Loops": 3,"Inner Unique": false,"Workers": [],"Plans": [{"Node Type": "Seq Scan","Parent Relationship": "Outer","Parallel Aware": true,"Async Capable": false,"Relation Name": "part","Alias": "part","Startup Cost": 0.00,"Total Cost": 5138.67,"Plan Rows": 842,"Plan Width": 4,"Actual Startup Time": 0.051,"Actual Total Time": 50.932,"Actual Rows": 3657,"Actual Loops": 3,"Filter": "((p_name)::text ~~ '%almond%'::text)","Rows Removed by Filter": 63010,"Workers": []},{"Node Type": "Index Scan","Parent Relationship": "Inner","Parallel Aware": false,"Async Capable": false,"Scan Direction": "Forward","Index Name": "idx_partsupp_partkey","Relation Name": "partsupp","Alias": "partsupp","Startup Cost": 0.42,"Total Cost": 6.45,"Plan Rows": 4,"Plan Width": 14,"Actual Startup Time": 0.013,"Actual Total Time": 0.018,"Actual Rows": 4,"Actual Loops": 10970,"Index Cond": "(ps_partkey = part.p_partkey)","Rows Removed by Index Recheck": 0,"Workers": []}]},{"Node Type": "Index Scan","Parent Relationship": "Inner","Parallel Aware": false,"Async Capable": false,"Scan Direction": "Forward","Index Name": "idx_lineitem_part_supp","Relation Name": "lineitem","Alias": "lineitem","Startup Cost": 0.43,"Total Cost": 1.05,"Plan Rows": 1,"Plan Width": 29,"Actual Startup Time": 0.007,"Actual Total Time": 0.045,"Actual Rows": 8,"Actual Loops": 43880,"Index Cond": "((l_partkey = partsupp.ps_partkey) AND (l_suppkey = partsupp.ps_suppkey))","Rows Removed by Index Recheck": 0,"Workers": []}]},{"Node Type": "Index Scan","Parent Relationship": "Inner","Parallel Aware": false,"Async Capable": false,"Scan Direction": "Forward","Index Name": "supplier_pkey","Relation Name": "supplier","Alias": "supplier","Startup Cost": 0.29,"Total Cost": 0.30,"Plan Rows": 1,"Plan Width": 8,"Actual Startup Time": 0.001,"Actual Total Time": 0.001,"Actual Rows": 1,"Actual Loops": 329885,"Index Cond": "(s_suppkey = lineitem.l_suppkey)","Rows Removed by Index Recheck": 0,"Workers": []}]},{"Node Type": "Index Scan","Parent Relationship": "Inner","Parallel Aware": false,"Async Capable": false,"Scan Direction": "Forward","Index Name": "orders_pkey","Relation Name": "orders","Alias": "orders","Startup Cost": 0.43,"Total Cost": 0.47,"Plan Rows": 1,"Plan Width": 8,"Actual Startup Time": 0.010,"Actual Total Time": 0.010,"Actual Rows": 1,"Actual Loops": 329885,"Index Cond": "(o_orderkey = lineitem.l_orderkey)","Rows Removed by Index Recheck": 0,"Workers": []}]},{"Node Type": "Index Scan","Parent Relationship": "Inner","Parallel Aware": false,"Async Capable": false,"Scan Direction": "Forward","Index Name": "nation_pkey","Relation Name": "nation","Alias": "nation","Startup Cost": 0.14,"Total Cost": 0.16,"Plan Rows": 1,"Plan Width": 108,"Actual Startup Time": 0.001,"Actual Total Time": 0.001,"Actual Rows": 1,"Actual Loops": 329885,"Index Cond": "(n_nationkey = supplier.s_nationkey)","Rows Removed by Index Recheck": 0,"Workers": []}]}]}]}]}]},"Planning Time": 11.358,"Triggers": [],"Execution Time": 2698.445}]
[{"Plan": {"Node Type": "Aggregate","Strategy": "Sorted","Partial Mode": "Finalize","Parallel Aware": false,"Async Capable": false,"Startup Cost": 35224.41,"Total Cost": 35237.30,"Plan Rows": 97,"Plan Width": 168,"Actual Startup Time": 2453.912,"Actual Total Time": 2546.232,"Actual Rows": 175,"Actual Loops": 1,"Group Key": ["nation.n_name", "(EXTRACT(year FROM orders.o_orderdate))"],"Plans": [{"Node Type": "Gather Merge","Parent Relationship": "Outer","Parallel Aware": false,"Async Capable": false,"Startup Cost": 35224.41,"Total Cost": 35235.05,"Plan Rows": 80,"Plan Width": 168,"Actual Startup Time": 2452.278,"Actual Total Time": 2545.858,"Actual Rows": 525,"Actual Loops": 1,"Workers Planned": 2,"Workers Launched": 2,"Plans": [{"Node Type": "Aggregate","Strategy": "Sorted","Partial Mode": "Partial","Parent Relationship": "Outer","Parallel Aware": false,"Async Capable": false,"Startup Cost": 34224.39,"Total Cost": 34225.79,"Plan Rows": 40,"Plan Width": 168,"Actual Startup Time": 2332.762,"Actual Total Time": 2454.611,"Actual Rows": 175,"Actual Loops": 3,"Group Key": ["nation.n_name", "(EXTRACT(year FROM orders.o_orderdate))"],"Workers": [],"Plans": [{"Node Type": "Sort","Parent Relationship": "Outer","Parallel Aware": false,"Async Capable": false,"Startup Cost": 34224.39,"Total Cost": 34224.49,"Plan Rows": 40,"Plan Width": 159,"Actual Startup Time": 2332.182,"Actual Total Time": 2371.566,"Actual Rows": 110005,"Actual Loops": 3,"Sort Key": ["nation.n_name", "(EXTRACT(year FROM orders.o_orderdate)) DESC"],"Sort Method": "quicksort","Sort Space Used": 14433,"Sort Space Type": "Memory","Workers": [{"Worker Number": 0,"Sort Method": "quicksort","Sort Space Used": 14051,"Sort Space Type": "Memory"},{"Worker Number": 1,"Sort Method": "quicksort","Sort Space Used": 13596,"Sort Space Type": "Memory"}],"Plans": [{"Node Type": "Hash Join","Parent Relationship": "Outer","Parallel Aware": false,"Async Capable": false,"Join Type": "Inner","Startup Cost": 3.13,"Total Cost": 34223.32,"Plan Rows": 40,"Plan Width": 159,"Actual Startup Time": 0.610,"Actual Total Time": 2182.614,"Actual Rows": 110005,"Actual Loops": 3,"Inner Unique": true,"Hash Cond": "(supplier.s_nationkey = nation.n_nationkey)","Workers": [],"Plans": [{"Node Type": "Nested Loop","Parent Relationship": "Outer","Parallel Aware": false,"Async Capable": false,"Join Type": "Inner","Startup Cost": 1.57,"Total Cost": 34221.53,"Plan Rows": 40,"Plan Width": 31,"Actual Startup Time": 0.446,"Actual Total Time": 2150.932,"Actual Rows": 110005,"Actual Loops": 3,"Inner Unique": true,"Workers": [],"Plans": [{"Node Type": "Nested Loop","Parent Relationship": "Outer","Parallel Aware": false,"Async Capable": false,"Join Type": "Inner","Startup Cost": 1.14,"Total Cost": 34202.93,"Plan Rows": 40,"Plan Width": 31,"Actual Startup Time": 0.323,"Actual Total Time": 997.991,"Actual Rows": 110005,"Actual Loops": 3,"Inner Unique": true,"Workers": [],"Plans": [{"Node Type": "Nested Loop","Parent Relationship": "Outer","Parallel Aware": false,"Async Capable": false,"Join Type": "Inner","Startup Cost": 0.86,"Total Cost": 34190.82,"Plan Rows": 40,"Plan Width": 35,"Actual Startup Time": 0.253,"Actual Total Time": 810.725,"Actual Rows": 110005,"Actual Loops": 3,"Inner Unique": false,"Workers": [],"Plans": [{"Node Type": "Nested Loop","Parent Relationship": "Outer","Parallel Aware": false,"Async Capable": false,"Join Type": "Inner","Startup Cost": 0.42,"Total Cost": 19885.25,"Plan Rows": 13468,"Plan Width": 18,"Actual Startup Time": 0.159,"Actual Total Time": 119.482,"Actual Rows": 14625,"Actual Loops": 3,"Inner Unique": false,"Workers": [],"Plans": [{"Node Type": "Seq Scan","Parent Relationship": "Outer","Parallel Aware": true,"Async Capable": false,"Relation Name": "part","Alias": "part","Startup Cost": 0.00,"Total Cost": 5138.67,"Plan Rows": 3367,"Plan Width": 4,"Actual Startup Time": 0.055,"Actual Total Time": 51.564,"Actual Rows": 3656,"Actual Loops": 3,"Filter": "((p_name)::text ~~ '%seashell%'::text)","Rows Removed by Filter": 63010,"Workers": []},{"Node Type": "Index Scan","Parent Relationship": "Inner","Parallel Aware": false,"Async Capable": false,"Scan Direction": "Forward","Index Name": "idx_partsupp_partkey","Relation Name": "partsupp","Alias": "partsupp","Startup Cost": 0.42,"Total Cost": 4.34,"Plan Rows": 4,"Plan Width": 14,"Actual Startup Time": 0.014,"Actual Total Time": 0.018,"Actual Rows": 4,"Actual Loops": 10969,"Index Cond": "(ps_partkey = part.p_partkey)","Rows Removed by Index Recheck": 0,"Workers": []}]},{"Node Type": "Index Scan","Parent Relationship": "Inner","Parallel Aware": false,"Async Capable": false,"Scan Direction": "Forward","Index Name": "idx_lineitem_part_supp","Relation Name": "lineitem","Alias": "lineitem","Startup Cost": 0.43,"Total Cost": 1.05,"Plan Rows": 1,"Plan Width": 29,"Actual Startup Time": 0.007,"Actual Total Time": 0.046,"Actual Rows": 8,"Actual Loops": 43876,"Index Cond": "((l_partkey = partsupp.ps_partkey) AND (l_suppkey = partsupp.ps_suppkey))","Rows Removed by Index Recheck": 0,"Workers": []}]},{"Node Type": "Index Scan","Parent Relationship": "Inner","Parallel Aware": false,"Async Capable": false,"Scan Direction": "Forward","Index Name": "supplier_pkey","Relation Name": "supplier","Alias": "supplier","Startup Cost": 0.29,"Total Cost": 0.30,"Plan Rows": 1,"Plan Width": 8,"Actual Startup Time": 0.001,"Actual Total Time": 0.001,"Actual Rows": 1,"Actual Loops": 330015,"Index Cond": "(s_suppkey = lineitem.l_suppkey)","Rows Removed by Index Recheck": 0,"Workers": []}]},{"Node Type": "Index Scan","Parent Relationship": "Inner","Parallel Aware": false,"Async Capable": false,"Scan Direction": "Forward","Index Name": "orders_pkey","Relation Name": "orders","Alias": "orders","Startup Cost": 0.43,"Total Cost": 0.47,"Plan Rows": 1,"Plan Width": 8,"Actual Startup Time": 0.010,"Actual Total Time": 0.010,"Actual Rows": 1,"Actual Loops": 330015,"Index Cond": "(o_orderkey = lineitem.l_orderkey)","Rows Removed by Index Recheck": 0,"Workers": []}]},{"Node Type": "Hash","Parent Relationship": "Inner","Parallel Aware": false,"Async Capable": false,"Startup Cost": 1.25,"Total Cost": 1.25,"Plan Rows": 25,"Plan Width": 108,"Actual Startup Time": 0.079,"Actual Total Time": 0.113,"Actual Rows": 25,"Actual Loops": 3,"Hash Buckets": 1024,"Original Hash Buckets": 1024,"Hash Batches": 1,"Original Hash Batches": 1,"Peak Memory Usage": 10,"Workers": [],"Plans": [{"Node Type": "Seq Scan","Parent Relationship": "Outer","Parallel Aware": false,"Async Capable": false,"Relation Name": "nation","Alias": "nation","Startup Cost": 0.00,"Total Cost": 1.25,"Plan Rows": 25,"Plan Width": 108,"Actual Startup Time": 0.053,"Actual Total Time": 0.084,"Actual Rows": 25,"Actual Loops": 3,"Workers": []}]}]}]}]}]}]},"Planning Time": 12.078,"Triggers": [],"Execution Time": 2551.044}]
[{"Plan": {"Node Type": "Aggregate","Strategy": "Sorted","Partial Mode": "Finalize","Parallel Aware": false,"Async Capable": false,"Startup Cost": 51920.12,"Total Cost": 51953.05,"Plan Rows": 219,"Plan Width": 168,"Actual Startup Time": 1721.654,"Actual Total Time": 1827.276,"Actual Rows": 175,"Actual Loops": 1,"Group Key": ["nation.n_name", "(EXTRACT(year FROM orders.o_orderdate))"],"Plans": [{"Node Type": "Gather Merge","Parent Relationship": "Outer","Parallel Aware": false,"Async Capable": false,"Startup Cost": 51920.12,"Total Cost": 51947.63,"Plan Rows": 213,"Plan Width": 168,"Actual Startup Time": 1720.222,"Actual Total Time": 1826.765,"Actual Rows": 700,"Actual Loops": 1,"Workers Planned": 3,"Workers Launched": 3,"Plans": [{"Node Type": "Aggregate","Strategy": "Sorted","Partial Mode": "Partial","Parent Relationship": "Outer","Parallel Aware": false,"Async Capable": false,"Startup Cost": 50920.08,"Total Cost": 50922.56,"Plan Rows": 71,"Plan Width": 168,"Actual Startup Time": 1650.749,"Actual Total Time": 1734.261,"Actual Rows": 175,"Actual Loops": 4,"Group Key": ["nation.n_name", "(EXTRACT(year FROM orders.o_orderdate))"],"Workers": [],"Plans": [{"Node Type": "Sort","Parent Relationship": "Outer","Parallel Aware": false,"Async Capable": false,"Startup Cost": 50920.08,"Total Cost": 50920.26,"Plan Rows": 71,"Plan Width": 159,"Actual Startup Time": 1650.366,"Actual Total Time": 1677.057,"Actual Rows": 80612,"Actual Loops": 4,"Sort Key": ["nation.n_name", "(EXTRACT(year FROM orders.o_orderdate)) DESC"],"Sort Method": "quicksort","Sort Space Used": 11250,"Sort Space Type": "Memory","Workers": [{"Worker Number": 0,"Sort Method": "quicksort","Sort Space Used": 11043,"Sort Space Type": "Memory"},{"Worker Number": 1,"Sort Method": "quicksort","Sort Space Used": 11082,"Sort Space Type": "Memory"},{"Worker Number": 2,"Sort Method": "quicksort","Sort Space Used": 11022,"Sort Space Type": "Memory"}],"Plans": [{"Node Type": "Hash Join","Parent Relationship": "Outer","Parallel Aware": false,"Async Capable": false,"Join Type": "Inner","Startup Cost": 5236.07,"Total Cost": 50917.89,"Plan Rows": 71,"Plan Width": 159,"Actual Startup Time": 23.103,"Actual Total Time": 1552.537,"Actual Rows": 80612,"Actual Loops": 4,"Inner Unique": true,"Hash Cond": "(supplier.s_nationkey = nation.n_nationkey)","Workers": [],"Plans": [{"Node Type": "Nested Loop","Parent Relationship": "Outer","Parallel Aware": false,"Async Capable": false,"Join Type": "Inner","Startup Cost": 5234.51,"Total Cost": 50915.94,"Plan Rows": 71,"Plan Width": 31,"Actual Startup Time": 22.948,"Actual Total Time": 1529.400,"Actual Rows": 80612,"Actual Loops": 4,"Inner Unique": true,"Workers": [],"Plans": [{"Node Type": "Nested Loop","Parent Relationship": "Outer","Parallel Aware": false,"Async Capable": false,"Join Type": "Inner","Startup Cost": 5234.08,"Total Cost": 50882.91,"Plan Rows": 71,"Plan Width": 31,"Actual Startup Time": 22.886,"Actual Total Time": 802.830,"Actual Rows": 80612,"Actual Loops": 4,"Inner Unique": true,"Workers": [],"Plans": [{"Node Type": "Nested Loop","Parent Relationship": "Outer","Parallel Aware": false,"Async Capable": false,"Join Type": "Inner","Startup Cost": 5233.80,"Total Cost": 50861.42,"Plan Rows": 71,"Plan Width": 35,"Actual Startup Time": 22.843,"Actual Total Time": 667.163,"Actual Rows": 80612,"Actual Loops": 4,"Inner Unique": false,"Workers": [],"Plans": [{"Node Type": "Hash Join","Parent Relationship": "Outer","Parallel Aware": true,"Async Capable": false,"Join Type": "Inner","Startup Cost": 5233.37,"Total Cost": 25942.44,"Plan Rows": 23460,"Plan Width": 18,"Actual Startup Time": 22.783,"Actual Total Time": 202.540,"Actual Rows": 10756,"Actual Loops": 4,"Inner Unique": true,"Hash Cond": "(partsupp.ps_partkey = part.p_partkey)","Workers": [],"Plans": [{"Node Type": "Seq Scan","Parent Relationship": "Outer","Parallel Aware": true,"Async Capable": false,"Relation Name": "partsupp","Alias": "partsupp","Startup Cost": 0.00,"Total Cost": 20031.65,"Plan Rows": 258065,"Plan Width": 14,"Actual Startup Time": 0.012,"Actual Total Time": 41.903,"Actual Rows": 200000,"Actual Loops": 4,"Workers": []},{"Node Type": "Hash","Parent Relationship": "Inner","Parallel Aware": true,"Async Capable": false,"Startup Cost": 5138.67,"Total Cost": 5138.67,"Plan Rows": 7576,"Plan Width": 4,"Actual Startup Time": 22.548,"Actual Total Time": 22.557,"Actual Rows": 2689,"Actual Loops": 4,"Hash Buckets": 32768,"Original Hash Buckets": 32768,"Hash Batches": 1,"Original Hash Batches": 1,"Peak Memory Usage": 704,"Workers": [],"Plans": [{"Node Type": "Seq Scan","Parent Relationship": "Outer","Parallel Aware": true,"Async Capable": false,"Relation Name": "part","Alias": "part","Startup Cost": 0.00,"Total Cost": 5138.67,"Plan Rows": 7576,"Plan Width": 4,"Actual Startup Time": 0.036,"Actual Total Time": 20.722,"Actual Rows": 2689,"Actual Loops": 4,"Filter": "((p_name)::text ~~ '%royal%'::text)","Rows Removed by Filter": 47311,"Workers": []}]}]},{"Node Type": "Index Scan","Parent Relationship": "Inner","Parallel Aware": false,"Async Capable": false,"Scan Direction": "Forward","Index Name": "idx_lineitem_part_supp","Relation Name": "lineitem","Alias": "lineitem","Startup Cost": 0.43,"Total Cost": 1.05,"Plan Rows": 1,"Plan Width": 29,"Actual Startup Time": 0.006,"Actual Total Time": 0.042,"Actual Rows": 7,"Actual Loops": 43024,"Index Cond": "((l_partkey = partsupp.ps_partkey) AND (l_suppkey = partsupp.ps_suppkey))","Rows Removed by Index Recheck": 0,"Workers": []}]},{"Node Type": "Index Scan","Parent Relationship": "Inner","Parallel Aware": false,"Async Capable": false,"Scan Direction": "Forward","Index Name": "supplier_pkey","Relation Name": "supplier","Alias": "supplier","Startup Cost": 0.29,"Total Cost": 0.30,"Plan Rows": 1,"Plan Width": 8,"Actual Startup Time": 0.001,"Actual Total Time": 0.001,"Actual Rows": 1,"Actual Loops": 322446,"Index Cond": "(s_suppkey = lineitem.l_suppkey)","Rows Removed by Index Recheck": 0,"Workers": []}]},{"Node Type": "Index Scan","Parent Relationship": "Inner","Parallel Aware": false,"Async Capable": false,"Scan Direction": "Forward","Index Name": "orders_pkey","Relation Name": "orders","Alias": "orders","Startup Cost": 0.43,"Total Cost": 0.47,"Plan Rows": 1,"Plan Width": 8,"Actual Startup Time": 0.009,"Actual Total Time": 0.009,"Actual Rows": 1,"Actual Loops": 322446,"Index Cond": "(o_orderkey = lineitem.l_orderkey)","Rows Removed by Index Recheck": 0,"Workers": []}]},{"Node Type": "Hash","Parent Relationship": "Inner","Parallel Aware": false,"Async Capable": false,"Startup Cost": 1.25,"Total Cost": 1.25,"Plan Rows": 25,"Plan Width": 108,"Actual Startup Time": 0.059,"Actual Total Time": 0.064,"Actual Rows": 25,"Actual Loops": 4,"Hash Buckets": 1024,"Original Hash Buckets": 1024,"Hash Batches": 1,"Original Hash Batches": 1,"Peak Memory Usage": 10,"Workers": [],"Plans": [{"Node Type": "Seq Scan","Parent Relationship": "Outer","Parallel Aware": false,"Async Capable": false,"Relation Name": "nation","Alias": "nation","Startup Cost": 0.00,"Total Cost": 1.25,"Plan Rows": 25,"Plan Width": 108,"Actual Startup Time": 0.039,"Actual Total Time": 0.043,"Actual Rows": 25,"Actual Loops": 4,"Workers": []}]}]}]}]}]}]},"Planning Time": 12.321,"Triggers": [],"Execution Time": 1830.725}]
[{"Plan": {"Node Type": "Aggregate","Strategy": "Sorted","Partial Mode": "Finalize","Parallel Aware": false,"Async Capable": false,"Startup Cost": 46348.90,"Total Cost": 46374.41,"Plan Rows": 170,"Plan Width": 168,"Actual Startup Time": 1727.472,"Actual Total Time": 1868.015,"Actual Rows": 175,"Actual Loops": 1,"Group Key": ["nation.n_name", "(EXTRACT(year FROM orders.o_orderdate))"],"Plans": [{"Node Type": "Gather Merge","Parent Relationship": "Outer","Parallel Aware": false,"Async Capable": false,"Startup Cost": 46348.90,"Total Cost": 46370.21,"Plan Rows": 165,"Plan Width": 168,"Actual Startup Time": 1725.748,"Actual Total Time": 1867.575,"Actual Rows": 700,"Actual Loops": 1,"Workers Planned": 3,"Workers Launched": 3,"Plans": [{"Node Type": "Aggregate","Strategy": "Sorted","Partial Mode": "Partial","Parent Relationship": "Outer","Parallel Aware": false,"Async Capable": false,"Startup Cost": 45348.86,"Total Cost": 45350.79,"Plan Rows": 55,"Plan Width": 168,"Actual Startup Time": 1653.610,"Actual Total Time": 1749.132,"Actual Rows": 175,"Actual Loops": 4,"Group Key": ["nation.n_name", "(EXTRACT(year FROM orders.o_orderdate))"],"Workers": [],"Plans": [{"Node Type": "Sort","Parent Relationship": "Outer","Parallel Aware": false,"Async Capable": false,"Startup Cost": 45348.86,"Total Cost": 45349.00,"Plan Rows": 55,"Plan Width": 159,"Actual Startup Time": 1653.066,"Actual Total Time": 1686.532,"Actual Rows": 81810,"Actual Loops": 4,"Sort Key": ["nation.n_name", "(EXTRACT(year FROM orders.o_orderdate)) DESC"],"Sort Method": "quicksort","Sort Space Used": 11471,"Sort Space Type": "Memory","Workers": [{"Worker Number": 0,"Sort Method": "quicksort","Sort Space Used": 11147,"Sort Space Type": "Memory"},{"Worker Number": 1,"Sort Method": "quicksort","Sort Space Used": 11095,"Sort Space Type": "Memory"},{"Worker Number": 2,"Sort Method": "quicksort","Sort Space Used": 11162,"Sort Space Type": "Memory"}],"Plans": [{"Node Type": "Hash Join","Parent Relationship": "Outer","Parallel Aware": false,"Async Capable": false,"Join Type": "Inner","Startup Cost": 5215.02,"Total Cost": 45347.27,"Plan Rows": 55,"Plan Width": 159,"Actual Startup Time": 20.833,"Actual Total Time": 1551.514,"Actual Rows": 81810,"Actual Loops": 4,"Inner Unique": true,"Hash Cond": "(supplier.s_nationkey = nation.n_nationkey)","Workers": [],"Plans": [{"Node Type": "Nested Loop","Parent Relationship": "Outer","Parallel Aware": false,"Async Capable": false,"Join Type": "Inner","Startup Cost": 5213.46,"Total Cost": 45345.40,"Plan Rows": 55,"Plan Width": 31,"Actual Startup Time": 20.681,"Actual Total Time": 1528.164,"Actual Rows": 81810,"Actual Loops": 4,"Inner Unique": true,"Workers": [],"Plans": [{"Node Type": "Nested Loop","Parent Relationship": "Outer","Parallel Aware": false,"Async Capable": false,"Join Type": "Inner","Startup Cost": 5213.03,"Total Cost": 45319.82,"Plan Rows": 55,"Plan Width": 31,"Actual Startup Time": 20.609,"Actual Total Time": 796.744,"Actual Rows": 81810,"Actual Loops": 4,"Inner Unique": true,"Workers": [],"Plans": [{"Node Type": "Nested Loop","Parent Relationship": "Outer","Parallel Aware": false,"Async Capable": false,"Join Type": "Inner","Startup Cost": 5212.75,"Total Cost": 45303.17,"Plan Rows": 55,"Plan Width": 35,"Actual Startup Time": 20.570,"Actual Total Time": 658.735,"Actual Rows": 81810,"Actual Loops": 4,"Inner Unique": false,"Workers": [],"Plans": [{"Node Type": "Hash Join","Parent Relationship": "Outer","Parallel Aware": true,"Async Capable": false,"Join Type": "Inner","Startup Cost": 5212.32,"Total Cost": 25921.39,"Plan Rows": 18247,"Plan Width": 18,"Actual Startup Time": 20.503,"Actual Total Time": 194.617,"Actual Rows": 10904,"Actual Loops": 4,"Inner Unique": true,"Hash Cond": "(partsupp.ps_partkey = part.p_partkey)","Workers": [],"Plans": [{"Node Type": "Seq Scan","Parent Relationship": "Outer","Parallel Aware": true,"Async Capable": false,"Relation Name": "partsupp","Alias": "partsupp","Startup Cost": 0.00,"Total Cost": 20031.65,"Plan Rows": 258065,"Plan Width": 14,"Actual Startup Time": 0.015,"Actual Total Time": 41.930,"Actual Rows": 200000,"Actual Loops": 4,"Workers": []},{"Node Type": "Hash","Parent Relationship": "Inner","Parallel Aware": true,"Async Capable": false,"Startup Cost": 5138.67,"Total Cost": 5138.67,"Plan Rows": 5892,"Plan Width": 4,"Actual Startup Time": 20.326,"Actual Total Time": 20.334,"Actual Rows": 2726,"Actual Loops": 4,"Hash Buckets": 16384,"Original Hash Buckets": 16384,"Hash Batches": 1,"Original Hash Batches": 1,"Peak Memory Usage": 576,"Workers": [],"Plans": [{"Node Type": "Seq Scan","Parent Relationship": "Outer","Parallel Aware": true,"Async Capable": false,"Relation Name": "part","Alias": "part","Startup Cost": 0.00,"Total Cost": 5138.67,"Plan Rows": 5892,"Plan Width": 4,"Actual Startup Time": 0.040,"Actual Total Time": 18.599,"Actual Rows": 2726,"Actual Loops": 4,"Filter": "((p_name)::text ~~ '%firebrick%'::text)","Rows Removed by Filter": 47274,"Workers": []}]}]},{"Node Type": "Index Scan","Parent Relationship": "Inner","Parallel Aware": false,"Async Capable": false,"Scan Direction": "Forward","Index Name": "idx_lineitem_part_supp","Relation Name": "lineitem","Alias": "lineitem","Startup Cost": 0.43,"Total Cost": 1.05,"Plan Rows": 1,"Plan Width": 29,"Actual Startup Time": 0.006,"Actual Total Time": 0.041,"Actual Rows": 8,"Actual Loops": 43616,"Index Cond": "((l_partkey = partsupp.ps_partkey) AND (l_suppkey = partsupp.ps_suppkey))","Rows Removed by Index Recheck": 0,"Workers": []}]},{"Node Type": "Index Scan","Parent Relationship": "Inner","Parallel Aware": false,"Async Capable": false,"Scan Direction": "Forward","Index Name": "supplier_pkey","Relation Name": "supplier","Alias": "supplier","Startup Cost": 0.29,"Total Cost": 0.30,"Plan Rows": 1,"Plan Width": 8,"Actual Startup Time": 0.001,"Actual Total Time": 0.001,"Actual Rows": 1,"Actual Loops": 327242,"Index Cond": "(s_suppkey = lineitem.l_suppkey)","Rows Removed by Index Recheck": 0,"Workers": []}]},{"Node Type": "Index Scan","Parent Relationship": "Inner","Parallel Aware": false,"Async Capable": false,"Scan Direction": "Forward","Index Name": "orders_pkey","Relation Name": "orders","Alias": "orders","Startup Cost": 0.43,"Total Cost": 0.47,"Plan Rows": 1,"Plan Width": 8,"Actual Startup Time": 0.009,"Actual Total Time": 0.009,"Actual Rows": 1,"Actual Loops": 327242,"Index Cond": "(o_orderkey = lineitem.l_orderkey)","Rows Removed by Index Recheck": 0,"Workers": []}]},{"Node Type": "Hash","Parent Relationship": "Inner","Parallel Aware": false,"Async Capable": false,"Startup Cost": 1.25,"Total Cost": 1.25,"Plan Rows": 25,"Plan Width": 108,"Actual Startup Time": 0.064,"Actual Total Time": 0.068,"Actual Rows": 25,"Actual Loops": 4,"Hash Buckets": 1024,"Original Hash Buckets": 1024,"Hash Batches": 1,"Original Hash Batches": 1,"Peak Memory Usage": 10,"Workers": [],"Plans": [{"Node Type": "Seq Scan","Parent Relationship": "Outer","Parallel Aware": false,"Async Capable": false,"Relation Name": "nation","Alias": "nation","Startup Cost": 0.00,"Total Cost": 1.25,"Plan Rows": 25,"Plan Width": 108,"Actual Startup Time": 0.042,"Actual Total Time": 0.046,"Actual Rows": 25,"Actual Loops": 4,"Workers": []}]}]}]}]}]}]},"Planning Time": 11.442,"Triggers": [],"Execution Time": 1870.367}]
[{"Plan": {"Node Type": "Aggregate","Strategy": "Sorted","Partial Mode": "Finalize","Parallel Aware": false,"Async Capable": false,"Startup Cost": 47355.08,"Total Cost": 47374.71,"Plan Rows": 146,"Plan Width": 168,"Actual Startup Time": 2500.381,"Actual Total Time": 2613.066,"Actual Rows": 175,"Actual Loops": 1,"Group Key": ["nation.n_name", "(EXTRACT(year FROM orders.o_orderdate))"],"Plans": [{"Node Type": "Gather Merge","Parent Relationship": "Outer","Parallel Aware": false,"Async Capable": false,"Startup Cost": 47355.08,"Total Cost": 47371.30,"Plan Rows": 122,"Plan Width": 168,"Actual Startup Time": 2498.753,"Actual Total Time": 2612.506,"Actual Rows": 525,"Actual Loops": 1,"Workers Planned": 2,"Workers Launched": 2,"Plans": [{"Node Type": "Aggregate","Strategy": "Sorted","Partial Mode": "Partial","Parent Relationship": "Outer","Parallel Aware": false,"Async Capable": false,"Startup Cost": 46355.06,"Total Cost": 46357.20,"Plan Rows": 61,"Plan Width": 168,"Actual Startup Time": 2385.274,"Actual Total Time": 2517.765,"Actual Rows": 175,"Actual Loops": 3,"Group Key": ["nation.n_name", "(EXTRACT(year FROM orders.o_orderdate))"],"Workers": [],"Plans": [{"Node Type": "Sort","Parent Relationship": "Outer","Parallel Aware": false,"Async Capable": false,"Startup Cost": 46355.06,"Total Cost": 46355.21,"Plan Rows": 61,"Plan Width": 159,"Actual Startup Time": 2384.635,"Actual Total Time": 2429.059,"Actual Rows": 111540,"Actual Loops": 3,"Sort Key": ["nation.n_name", "(EXTRACT(year FROM orders.o_orderdate)) DESC"],"Sort Method": "quicksort","Sort Space Used": 13997,"Sort Space Type": "Memory","Workers": [{"Worker Number": 0,"Sort Method": "quicksort","Sort Space Used": 14233,"Sort Space Type": "Memory"},{"Worker Number": 1,"Sort Method": "quicksort","Sort Space Used": 14306,"Sort Space Type": "Memory"}],"Plans": [{"Node Type": "Hash Join","Parent Relationship": "Outer","Parallel Aware": false,"Async Capable": false,"Join Type": "Inner","Startup Cost": 3.13,"Total Cost": 46353.25,"Plan Rows": 61,"Plan Width": 159,"Actual Startup Time": 0.720,"Actual Total Time": 2224.522,"Actual Rows": 111540,"Actual Loops": 3,"Inner Unique": true,"Hash Cond": "(supplier.s_nationkey = nation.n_nationkey)","Workers": [],"Plans": [{"Node Type": "Nested Loop","Parent Relationship": "Outer","Parallel Aware": false,"Async Capable": false,"Join Type": "Inner","Startup Cost": 1.57,"Total Cost": 46351.35,"Plan Rows": 61,"Plan Width": 31,"Actual Startup Time": 0.543,"Actual Total Time": 2192.319,"Actual Rows": 111540,"Actual Loops": 3,"Inner Unique": true,"Workers": [],"Plans": [{"Node Type": "Nested Loop","Parent Relationship": "Outer","Parallel Aware": false,"Async Capable": false,"Join Type": "Inner","Startup Cost": 1.14,"Total Cost": 46322.98,"Plan Rows": 61,"Plan Width": 31,"Actual Startup Time": 0.416,"Actual Total Time": 1013.189,"Actual Rows": 111540,"Actual Loops": 3,"Inner Unique": true,"Workers": [],"Plans": [{"Node Type": "Nested Loop","Parent Relationship": "Outer","Parallel Aware": false,"Async Capable": false,"Join Type": "Inner","Startup Cost": 0.86,"Total Cost": 46304.52,"Plan Rows": 61,"Plan Width": 35,"Actual Startup Time": 0.322,"Actual Total Time": 823.097,"Actual Rows": 111540,"Actual Loops": 3,"Inner Unique": false,"Workers": [],"Plans": [{"Node Type": "Nested Loop","Parent Relationship": "Outer","Parallel Aware": false,"Async Capable": false,"Join Type": "Inner","Startup Cost": 0.42,"Total Cost": 24846.16,"Plan Rows": 20202,"Plan Width": 18,"Actual Startup Time": 0.205,"Actual Total Time": 119.618,"Actual Rows": 14867,"Actual Loops": 3,"Inner Unique": false,"Workers": [],"Plans": [{"Node Type": "Seq Scan","Parent Relationship": "Outer","Parallel Aware": true,"Async Capable": false,"Relation Name": "part","Alias": "part","Startup Cost": 0.00,"Total Cost": 5138.67,"Plan Rows": 5051,"Plan Width": 4,"Actual Startup Time": 0.067,"Actual Total Time": 50.965,"Actual Rows": 3717,"Actual Loops": 3,"Filter": "((p_name)::text ~~ '%tomato%'::text)","Rows Removed by Filter": 62950,"Workers": []},{"Node Type": "Index Scan","Parent Relationship": "Inner","Parallel Aware": false,"Async Capable": false,"Scan Direction": "Forward","Index Name": "idx_partsupp_partkey","Relation Name": "partsupp","Alias": "partsupp","Startup Cost": 0.42,"Total Cost": 3.86,"Plan Rows": 4,"Plan Width": 14,"Actual Startup Time": 0.014,"Actual Total Time": 0.018,"Actual Rows": 4,"Actual Loops": 11150,"Index Cond": "(ps_partkey = part.p_partkey)","Rows Removed by Index Recheck": 0,"Workers": []}]},{"Node Type": "Index Scan","Parent Relationship": "Inner","Parallel Aware": false,"Async Capable": false,"Scan Direction": "Forward","Index Name": "idx_lineitem_part_supp","Relation Name": "lineitem","Alias": "lineitem","Startup Cost": 0.43,"Total Cost": 1.05,"Plan Rows": 1,"Plan Width": 29,"Actual Startup Time": 0.007,"Actual Total Time": 0.046,"Actual Rows": 8,"Actual Loops": 44600,"Index Cond": "((l_partkey = partsupp.ps_partkey) AND (l_suppkey = partsupp.ps_suppkey))","Rows Removed by Index Recheck": 0,"Workers": []}]},{"Node Type": "Index Scan","Parent Relationship": "Inner","Parallel Aware": false,"Async Capable": false,"Scan Direction": "Forward","Index Name": "supplier_pkey","Relation Name": "supplier","Alias": "supplier","Startup Cost": 0.29,"Total Cost": 0.30,"Plan Rows": 1,"Plan Width": 8,"Actual Startup Time": 0.001,"Actual Total Time": 0.001,"Actual Rows": 1,"Actual Loops": 334621,"Index Cond": "(s_suppkey = lineitem.l_suppkey)","Rows Removed by Index Recheck": 0,"Workers": []}]},{"Node Type": "Index Scan","Parent Relationship": "Inner","Parallel Aware": false,"Async Capable": false,"Scan Direction": "Forward","Index Name": "orders_pkey","Relation Name": "orders","Alias": "orders","Startup Cost": 0.43,"Total Cost": 0.47,"Plan Rows": 1,"Plan Width": 8,"Actual Startup Time": 0.010,"Actual Total Time": 0.010,"Actual Rows": 1,"Actual Loops": 334621,"Index Cond": "(o_orderkey = lineitem.l_orderkey)","Rows Removed by Index Recheck": 0,"Workers": []}]},{"Node Type": "Hash","Parent Relationship": "Inner","Parallel Aware": false,"Async Capable": false,"Startup Cost": 1.25,"Total Cost": 1.25,"Plan Rows": 25,"Plan Width": 108,"Actual Startup Time": 0.076,"Actual Total Time": 0.105,"Actual Rows": 25,"Actual Loops": 3,"Hash Buckets": 1024,"Original Hash Buckets": 1024,"Hash Batches": 1,"Original Hash Batches": 1,"Peak Memory Usage": 10,"Workers": [],"Plans": [{"Node Type": "Seq Scan","Parent Relationship": "Outer","Parallel Aware": false,"Async Capable": false,"Relation Name": "nation","Alias": "nation","Startup Cost": 0.00,"Total Cost": 1.25,"Plan Rows": 25,"Plan Width": 108,"Actual Startup Time": 0.046,"Actual Total Time": 0.069,"Actual Rows": 25,"Actual Loops": 3,"Workers": []}]}]}]}]}]}]},"Planning Time": 11.495,"Triggers": [],"Execution Time": 2614.780}]
[{"Plan": {"Node Type": "Aggregate","Strategy": "Sorted","Partial Mode": "Finalize","Parallel Aware": false,"Async Capable": false,"Startup Cost": 49135.04,"Total Cost": 49164.27,"Plan Rows": 195,"Plan Width": 168,"Actual Startup Time": 1725.991,"Actual Total Time": 1871.333,"Actual Rows": 175,"Actual Loops": 1,"Group Key": ["nation.n_name", "(EXTRACT(year FROM orders.o_orderdate))"],"Plans": [{"Node Type": "Gather Merge","Parent Relationship": "Outer","Parallel Aware": false,"Async Capable": false,"Startup Cost": 49135.04,"Total Cost": 49159.45,"Plan Rows": 189,"Plan Width": 168,"Actual Startup Time": 1724.410,"Actual Total Time": 1870.772,"Actual Rows": 700,"Actual Loops": 1,"Workers Planned": 3,"Workers Launched": 3,"Plans": [{"Node Type": "Aggregate","Strategy": "Sorted","Partial Mode": "Partial","Parent Relationship": "Outer","Parallel Aware": false,"Async Capable": false,"Startup Cost": 48135.00,"Total Cost": 48137.21,"Plan Rows": 63,"Plan Width": 168,"Actual Startup Time": 1642.964,"Actual Total Time": 1738.350,"Actual Rows": 175,"Actual Loops": 4,"Group Key": ["nation.n_name", "(EXTRACT(year FROM orders.o_orderdate))"],"Workers": [],"Plans": [{"Node Type": "Sort","Parent Relationship": "Outer","Parallel Aware": false,"Async Capable": false,"Startup Cost": 48135.00,"Total Cost": 48135.16,"Plan Rows": 63,"Plan Width": 159,"Actual Startup Time": 1642.489,"Actual Total Time": 1674.765,"Actual Rows": 80807,"Actual Loops": 4,"Sort Key": ["nation.n_name", "(EXTRACT(year FROM orders.o_orderdate)) DESC"],"Sort Method": "quicksort","Sort Space Used": 11216,"Sort Space Type": "Memory","Workers": [{"Worker Number": 0,"Sort Method": "quicksort","Sort Space Used": 11190,"Sort Space Type": "Memory"},{"Worker Number": 1,"Sort Method": "quicksort","Sort Space Used": 11031,"Sort Space Type": "Memory"},{"Worker Number": 2,"Sort Method": "quicksort","Sort Space Used": 11039,"Sort Space Type": "Memory"}],"Plans": [{"Node Type": "Hash Join","Parent Relationship": "Outer","Parallel Aware": false,"Async Capable": false,"Join Type": "Inner","Startup Cost": 5225.55,"Total Cost": 48133.12,"Plan Rows": 63,"Plan Width": 159,"Actual Startup Time": 23.223,"Actual Total Time": 1542.778,"Actual Rows": 80807,"Actual Loops": 4,"Inner Unique": true,"Hash Cond": "(supplier.s_nationkey = nation.n_nationkey)","Workers": [],"Plans": [{"Node Type": "Nested Loop","Parent Relationship": "Outer","Parallel Aware": false,"Async Capable": false,"Join Type": "Inner","Startup Cost": 5223.99,"Total Cost": 48131.20,"Plan Rows": 63,"Plan Width": 31,"Actual Startup Time": 23.068,"Actual Total Time": 1519.655,"Actual Rows": 80807,"Actual Loops": 4,"Inner Unique": true,"Workers": [],"Plans": [{"Node Type": "Nested Loop","Parent Relationship": "Outer","Parallel Aware": false,"Async Capable": false,"Join Type": "Inner","Startup Cost": 5223.56,"Total Cost": 48101.90,"Plan Rows": 63,"Plan Width": 31,"Actual Startup Time": 23.008,"Actual Total Time": 793.385,"Actual Rows": 80807,"Actual Loops": 4,"Inner Unique": true,"Workers": [],"Plans": [{"Node Type": "Nested Loop","Parent Relationship": "Outer","Parallel Aware": false,"Async Capable": false,"Join Type": "Inner","Startup Cost": 5223.27,"Total Cost": 48082.83,"Plan Rows": 63,"Plan Width": 35,"Actual Startup Time": 22.959,"Actual Total Time": 657.278,"Actual Rows": 80807,"Actual Loops": 4,"Inner Unique": false,"Workers": [],"Plans": [{"Node Type": "Hash Join","Parent Relationship": "Outer","Parallel Aware": true,"Async Capable": false,"Join Type": "Inner","Startup Cost": 5222.84,"Total Cost": 25931.92,"Plan Rows": 20854,"Plan Width": 18,"Actual Startup Time": 22.889,"Actual Total Time": 199.001,"Actual Rows": 10785,"Actual Loops": 4,"Inner Unique": true,"Hash Cond": "(partsupp.ps_partkey = part.p_partkey)","Workers": [],"Plans": [{"Node Type": "Seq Scan","Parent Relationship": "Outer","Parallel Aware": true,"Async Capable": false,"Relation Name": "partsupp","Alias": "partsupp","Startup Cost": 0.00,"Total Cost": 20031.65,"Plan Rows": 258065,"Plan Width": 14,"Actual Startup Time": 0.016,"Actual Total Time": 42.939,"Actual Rows": 200000,"Actual Loops": 4,"Workers": []},{"Node Type": "Hash","Parent Relationship": "Inner","Parallel Aware": true,"Async Capable": false,"Startup Cost": 5138.67,"Total Cost": 5138.67,"Plan Rows": 6734,"Plan Width": 4,"Actual Startup Time": 22.693,"Actual Total Time": 22.704,"Actual Rows": 2696,"Actual Loops": 4,"Hash Buckets": 16384,"Original Hash Buckets": 16384,"Hash Batches": 1,"Original Hash Batches": 1,"Peak Memory Usage": 608,"Workers": [],"Plans": [{"Node Type": "Seq Scan","Parent Relationship": "Outer","Parallel Aware": true,"Async Capable": false,"Relation Name": "part","Alias": "part","Startup Cost": 0.00,"Total Cost": 5138.67,"Plan Rows": 6734,"Plan Width": 4,"Actual Startup Time": 0.049,"Actual Total Time": 20.967,"Actual Rows": 2696,"Actual Loops": 4,"Filter": "((p_name)::text ~~ '%lime%'::text)","Rows Removed by Filter": 47304,"Workers": []}]}]},{"Node Type": "Index Scan","Parent Relationship": "Inner","Parallel Aware": false,"Async Capable": false,"Scan Direction": "Forward","Index Name": "idx_lineitem_part_supp","Relation Name": "lineitem","Alias": "lineitem","Startup Cost": 0.43,"Total Cost": 1.05,"Plan Rows": 1,"Plan Width": 29,"Actual Startup Time": 0.006,"Actual Total Time": 0.041,"Actual Rows": 7,"Actual Loops": 43140,"Index Cond": "((l_partkey = partsupp.ps_partkey) AND (l_suppkey = partsupp.ps_suppkey))","Rows Removed by Index Recheck": 0,"Workers": []}]},{"Node Type": "Index Scan","Parent Relationship": "Inner","Parallel Aware": false,"Async Capable": false,"Scan Direction": "Forward","Index Name": "supplier_pkey","Relation Name": "supplier","Alias": "supplier","Startup Cost": 0.29,"Total Cost": 0.30,"Plan Rows": 1,"Plan Width": 8,"Actual Startup Time": 0.001,"Actual Total Time": 0.001,"Actual Rows": 1,"Actual Loops": 323229,"Index Cond": "(s_suppkey = lineitem.l_suppkey)","Rows Removed by Index Recheck": 0,"Workers": []}]},{"Node Type": "Index Scan","Parent Relationship": "Inner","Parallel Aware": false,"Async Capable": false,"Scan Direction": "Forward","Index Name": "orders_pkey","Relation Name": "orders","Alias": "orders","Startup Cost": 0.43,"Total Cost": 0.47,"Plan Rows": 1,"Plan Width": 8,"Actual Startup Time": 0.009,"Actual Total Time": 0.009,"Actual Rows": 1,"Actual Loops": 323229,"Index Cond": "(o_orderkey = lineitem.l_orderkey)","Rows Removed by Index Recheck": 0,"Workers": []}]},{"Node Type": "Hash","Parent Relationship": "Inner","Parallel Aware": false,"Async Capable": false,"Startup Cost": 1.25,"Total Cost": 1.25,"Plan Rows": 25,"Plan Width": 108,"Actual Startup Time": 0.067,"Actual Total Time": 0.072,"Actual Rows": 25,"Actual Loops": 4,"Hash Buckets": 1024,"Original Hash Buckets": 1024,"Hash Batches": 1,"Original Hash Batches": 1,"Peak Memory Usage": 10,"Workers": [],"Plans": [{"Node Type": "Seq Scan","Parent Relationship": "Outer","Parallel Aware": false,"Async Capable": false,"Relation Name": "nation","Alias": "nation","Startup Cost": 0.00,"Total Cost": 1.25,"Plan Rows": 25,"Plan Width": 108,"Actual Startup Time": 0.045,"Actual Total Time": 0.050,"Actual Rows": 25,"Actual Loops": 4,"Workers": []}]}]}]}]}]}]},"Planning Time": 12.908,"Triggers": [],"Execution Time": 1873.227}]
[{"Plan": {"Node Type": "Aggregate","Strategy": "Sorted","Partial Mode": "Finalize","Parallel Aware": false,"Async Capable": false,"Startup Cost": 35224.41,"Total Cost": 35237.30,"Plan Rows": 97,"Plan Width": 168,"Actual Startup Time": 2436.112,"Actual Total Time": 2536.413,"Actual Rows": 175,"Actual Loops": 1,"Group Key": ["nation.n_name", "(EXTRACT(year FROM orders.o_orderdate))"],"Plans": [{"Node Type": "Gather Merge","Parent Relationship": "Outer","Parallel Aware": false,"Async Capable": false,"Startup Cost": 35224.41,"Total Cost": 35235.05,"Plan Rows": 80,"Plan Width": 168,"Actual Startup Time": 2434.380,"Actual Total Time": 2536.032,"Actual Rows": 525,"Actual Loops": 1,"Workers Planned": 2,"Workers Launched": 2,"Plans": [{"Node Type": "Aggregate","Strategy": "Sorted","Partial Mode": "Partial","Parent Relationship": "Outer","Parallel Aware": false,"Async Capable": false,"Startup Cost": 34224.39,"Total Cost": 34225.79,"Plan Rows": 40,"Plan Width": 168,"Actual Startup Time": 2323.231,"Actual Total Time": 2442.169,"Actual Rows": 175,"Actual Loops": 3,"Group Key": ["nation.n_name", "(EXTRACT(year FROM orders.o_orderdate))"],"Workers": [],"Plans": [{"Node Type": "Sort","Parent Relationship": "Outer","Parallel Aware": false,"Async Capable": false,"Startup Cost": 34224.39,"Total Cost": 34224.49,"Plan Rows": 40,"Plan Width": 159,"Actual Startup Time": 2322.675,"Actual Total Time": 2360.700,"Actual Rows": 108169,"Actual Loops": 3,"Sort Key": ["nation.n_name", "(EXTRACT(year FROM orders.o_orderdate)) DESC"],"Sort Method": "quicksort","Sort Space Used": 14561,"Sort Space Type": "Memory","Workers": [{"Worker Number": 0,"Sort Method": "quicksort","Sort Space Used": 13522,"Sort Space Type": "Memory"},{"Worker Number": 1,"Sort Method": "quicksort","Sort Space Used": 13446,"Sort Space Type": "Memory"}],"Plans": [{"Node Type": "Hash Join","Parent Relationship": "Outer","Parallel Aware": false,"Async Capable": false,"Join Type": "Inner","Startup Cost": 3.13,"Total Cost": 34223.32,"Plan Rows": 40,"Plan Width": 159,"Actual Startup Time": 0.802,"Actual Total Time": 2178.711,"Actual Rows": 108169,"Actual Loops": 3,"Inner Unique": true,"Hash Cond": "(supplier.s_nationkey = nation.n_nationkey)","Workers": [],"Plans": [{"Node Type": "Nested Loop","Parent Relationship": "Outer","Parallel Aware": false,"Async Capable": false,"Join Type": "Inner","Startup Cost": 1.57,"Total Cost": 34221.53,"Plan Rows": 40,"Plan Width": 31,"Actual Startup Time": 0.594,"Actual Total Time": 2147.121,"Actual Rows": 108169,"Actual Loops": 3,"Inner Unique": true,"Workers": [],"Plans": [{"Node Type": "Nested Loop","Parent Relationship": "Outer","Parallel Aware": false,"Async Capable": false,"Join Type": "Inner","Startup Cost": 1.14,"Total Cost": 34202.93,"Plan Rows": 40,"Plan Width": 31,"Actual Startup Time": 0.433,"Actual Total Time": 999.173,"Actual Rows": 108169,"Actual Loops": 3,"Inner Unique": true,"Workers": [],"Plans": [{"Node Type": "Nested Loop","Parent Relationship": "Outer","Parallel Aware": false,"Async Capable": false,"Join Type": "Inner","Startup Cost": 0.86,"Total Cost": 34190.82,"Plan Rows": 40,"Plan Width": 35,"Actual Startup Time": 0.322,"Actual Total Time": 814.062,"Actual Rows": 108169,"Actual Loops": 3,"Inner Unique": false,"Workers": [],"Plans": [{"Node Type": "Nested Loop","Parent Relationship": "Outer","Parallel Aware": false,"Async Capable": false,"Join Type": "Inner","Startup Cost": 0.42,"Total Cost": 19885.25,"Plan Rows": 13468,"Plan Width": 18,"Actual Startup Time": 0.205,"Actual Total Time": 113.355,"Actual Rows": 14441,"Actual Loops": 3,"Inner Unique": false,"Workers": [],"Plans": [{"Node Type": "Seq Scan","Parent Relationship": "Outer","Parallel Aware": true,"Async Capable": false,"Relation Name": "part","Alias": "part","Startup Cost": 0.00,"Total Cost": 5138.67,"Plan Rows": 3367,"Plan Width": 4,"Actual Startup Time": 0.063,"Actual Total Time": 48.159,"Actual Rows": 3610,"Actual Loops": 3,"Filter": "((p_name)::text ~~ '%ghost%'::text)","Rows Removed by Filter": 63056,"Workers": []},{"Node Type": "Index Scan","Parent Relationship": "Inner","Parallel Aware": false,"Async Capable": false,"Scan Direction": "Forward","Index Name": "idx_partsupp_partkey","Relation Name": "partsupp","Alias": "partsupp","Startup Cost": 0.42,"Total Cost": 4.34,"Plan Rows": 4,"Plan Width": 14,"Actual Startup Time": 0.013,"Actual Total Time": 0.017,"Actual Rows": 4,"Actual Loops": 10831,"Index Cond": "(ps_partkey = part.p_partkey)","Rows Removed by Index Recheck": 0,"Workers": []}]},{"Node Type": "Index Scan","Parent Relationship": "Inner","Parallel Aware": false,"Async Capable": false,"Scan Direction": "Forward","Index Name": "idx_lineitem_part_supp","Relation Name": "lineitem","Alias": "lineitem","Startup Cost": 0.43,"Total Cost": 1.05,"Plan Rows": 1,"Plan Width": 29,"Actual Startup Time": 0.007,"Actual Total Time": 0.047,"Actual Rows": 7,"Actual Loops": 43324,"Index Cond": "((l_partkey = partsupp.ps_partkey) AND (l_suppkey = partsupp.ps_suppkey))","Rows Removed by Index Recheck": 0,"Workers": []}]},{"Node Type": "Index Scan","Parent Relationship": "Inner","Parallel Aware": false,"Async Capable": false,"Scan Direction": "Forward","Index Name": "supplier_pkey","Relation Name": "supplier","Alias": "supplier","Startup Cost": 0.29,"Total Cost": 0.30,"Plan Rows": 1,"Plan Width": 8,"Actual Startup Time": 0.001,"Actual Total Time": 0.001,"Actual Rows": 1,"Actual Loops": 324507,"Index Cond": "(s_suppkey = lineitem.l_suppkey)","Rows Removed by Index Recheck": 0,"Workers": []}]},{"Node Type": "Index Scan","Parent Relationship": "Inner","Parallel Aware": false,"Async Capable": false,"Scan Direction": "Forward","Index Name": "orders_pkey","Relation Name": "orders","Alias": "orders","Startup Cost": 0.43,"Total Cost": 0.47,"Plan Rows": 1,"Plan Width": 8,"Actual Startup Time": 0.010,"Actual Total Time": 0.010,"Actual Rows": 1,"Actual Loops": 324507,"Index Cond": "(o_orderkey = lineitem.l_orderkey)","Rows Removed by Index Recheck": 0,"Workers": []}]},{"Node Type": "Hash","Parent Relationship": "Inner","Parallel Aware": false,"Async Capable": false,"Startup Cost": 1.25,"Total Cost": 1.25,"Plan Rows": 25,"Plan Width": 108,"Actual Startup Time": 0.105,"Actual Total Time": 0.112,"Actual Rows": 25,"Actual Loops": 3,"Hash Buckets": 1024,"Original Hash Buckets": 1024,"Hash Batches": 1,"Original Hash Batches": 1,"Peak Memory Usage": 10,"Workers": [],"Plans": [{"Node Type": "Seq Scan","Parent Relationship": "Outer","Parallel Aware": false,"Async Capable": false,"Relation Name": "nation","Alias": "nation","Startup Cost": 0.00,"Total Cost": 1.25,"Plan Rows": 25,"Plan Width": 108,"Actual Startup Time": 0.076,"Actual Total Time": 0.081,"Actual Rows": 25,"Actual Loops": 3,"Workers": []}]}]}]}]}]}]},"Planning Time": 12.127,"Triggers": [],"Execution Time": 2539.405}]
[{"Plan": {"Node Type": "Aggregate","Strategy": "Sorted","Partial Mode": "Finalize","Parallel Aware": false,"Async Capable": false,"Startup Cost": 35224.41,"Total Cost": 35237.30,"Plan Rows": 97,"Plan Width": 168,"Actual Startup Time": 2438.634,"Actual Total Time": 2597.179,"Actual Rows": 175,"Actual Loops": 1,"Group Key": ["nation.n_name", "(EXTRACT(year FROM orders.o_orderdate))"],"Plans": [{"Node Type": "Gather Merge","Parent Relationship": "Outer","Parallel Aware": false,"Async Capable": false,"Startup Cost": 35224.41,"Total Cost": 35235.05,"Plan Rows": 80,"Plan Width": 168,"Actual Startup Time": 2437.212,"Actual Total Time": 2596.783,"Actual Rows": 525,"Actual Loops": 1,"Workers Planned": 2,"Workers Launched": 2,"Plans": [{"Node Type": "Aggregate","Strategy": "Sorted","Partial Mode": "Partial","Parent Relationship": "Outer","Parallel Aware": false,"Async Capable": false,"Startup Cost": 34224.39,"Total Cost": 34225.79,"Plan Rows": 40,"Plan Width": 168,"Actual Startup Time": 2317.202,"Actual Total Time": 2458.541,"Actual Rows": 175,"Actual Loops": 3,"Group Key": ["nation.n_name", "(EXTRACT(year FROM orders.o_orderdate))"],"Workers": [],"Plans": [{"Node Type": "Sort","Parent Relationship": "Outer","Parallel Aware": false,"Async Capable": false,"Startup Cost": 34224.39,"Total Cost": 34224.49,"Plan Rows": 40,"Plan Width": 159,"Actual Startup Time": 2316.568,"Actual Total Time": 2367.365,"Actual Rows": 107948,"Actual Loops": 3,"Sort Key": ["nation.n_name", "(EXTRACT(year FROM orders.o_orderdate)) DESC"],"Sort Method": "quicksort","Sort Space Used": 14538,"Sort Space Type": "Memory","Workers": [{"Worker Number": 0,"Sort Method": "quicksort","Sort Space Used": 13479,"Sort Space Type": "Memory"},{"Worker Number": 1,"Sort Method": "quicksort","Sort Space Used": 13441,"Sort Space Type": "Memory"}],"Plans": [{"Node Type": "Hash Join","Parent Relationship": "Outer","Parallel Aware": false,"Async Capable": false,"Join Type": "Inner","Startup Cost": 3.13,"Total Cost": 34223.32,"Plan Rows": 40,"Plan Width": 159,"Actual Startup Time": 0.735,"Actual Total Time": 2172.824,"Actual Rows": 107948,"Actual Loops": 3,"Inner Unique": true,"Hash Cond": "(supplier.s_nationkey = nation.n_nationkey)","Workers": [],"Plans": [{"Node Type": "Nested Loop","Parent Relationship": "Outer","Parallel Aware": false,"Async Capable": false,"Join Type": "Inner","Startup Cost": 1.57,"Total Cost": 34221.53,"Plan Rows": 40,"Plan Width": 31,"Actual Startup Time": 0.558,"Actual Total Time": 2141.544,"Actual Rows": 107948,"Actual Loops": 3,"Inner Unique": true,"Workers": [],"Plans": [{"Node Type": "Nested Loop","Parent Relationship": "Outer","Parallel Aware": false,"Async Capable": false,"Join Type": "Inner","Startup Cost": 1.14,"Total Cost": 34202.93,"Plan Rows": 40,"Plan Width": 31,"Actual Startup Time": 0.423,"Actual Total Time": 998.893,"Actual Rows": 107948,"Actual Loops": 3,"Inner Unique": true,"Workers": [],"Plans": [{"Node Type": "Nested Loop","Parent Relationship": "Outer","Parallel Aware": false,"Async Capable": false,"Join Type": "Inner","Startup Cost": 0.86,"Total Cost": 34190.82,"Plan Rows": 40,"Plan Width": 35,"Actual Startup Time": 0.327,"Actual Total Time": 814.063,"Actual Rows": 107948,"Actual Loops": 3,"Inner Unique": false,"Workers": [],"Plans": [{"Node Type": "Nested Loop","Parent Relationship": "Outer","Parallel Aware": false,"Async Capable": false,"Join Type": "Inner","Startup Cost": 0.42,"Total Cost": 19885.25,"Plan Rows": 13468,"Plan Width": 18,"Actual Startup Time": 0.193,"Actual Total Time": 113.337,"Actual Rows": 14405,"Actual Loops": 3,"Inner Unique": false,"Workers": [],"Plans": [{"Node Type": "Seq Scan","Parent Relationship": "Outer","Parallel Aware": true,"Async Capable": false,"Relation Name": "part","Alias": "part","Startup Cost": 0.00,"Total Cost": 5138.67,"Plan Rows": 3367,"Plan Width": 4,"Actual Startup Time": 0.059,"Actual Total Time": 48.010,"Actual Rows": 3601,"Actual Loops": 3,"Filter": "((p_name)::text ~~ '%floral%'::text)","Rows Removed by Filter": 63065,"Workers": []},{"Node Type": "Index Scan","Parent Relationship": "Inner","Parallel Aware": false,"Async Capable": false,"Scan Direction": "Forward","Index Name": "idx_partsupp_partkey","Relation Name": "partsupp","Alias": "partsupp","Startup Cost": 0.42,"Total Cost": 4.34,"Plan Rows": 4,"Plan Width": 14,"Actual Startup Time": 0.014,"Actual Total Time": 0.017,"Actual Rows": 4,"Actual Loops": 10804,"Index Cond": "(ps_partkey = part.p_partkey)","Rows Removed by Index Recheck": 0,"Workers": []}]},{"Node Type": "Index Scan","Parent Relationship": "Inner","Parallel Aware": false,"Async Capable": false,"Scan Direction": "Forward","Index Name": "idx_lineitem_part_supp","Relation Name": "lineitem","Alias": "lineitem","Startup Cost": 0.43,"Total Cost": 1.05,"Plan Rows": 1,"Plan Width": 29,"Actual Startup Time": 0.007,"Actual Total Time": 0.047,"Actual Rows": 7,"Actual Loops": 43216,"Index Cond": "((l_partkey = partsupp.ps_partkey) AND (l_suppkey = partsupp.ps_suppkey))","Rows Removed by Index Recheck": 0,"Workers": []}]},{"Node Type": "Index Scan","Parent Relationship": "Inner","Parallel Aware": false,"Async Capable": false,"Scan Direction": "Forward","Index Name": "supplier_pkey","Relation Name": "supplier","Alias": "supplier","Startup Cost": 0.29,"Total Cost": 0.30,"Plan Rows": 1,"Plan Width": 8,"Actual Startup Time": 0.001,"Actual Total Time": 0.001,"Actual Rows": 1,"Actual Loops": 323844,"Index Cond": "(s_suppkey = lineitem.l_suppkey)","Rows Removed by Index Recheck": 0,"Workers": []}]},{"Node Type": "Index Scan","Parent Relationship": "Inner","Parallel Aware": false,"Async Capable": false,"Scan Direction": "Forward","Index Name": "orders_pkey","Relation Name": "orders","Alias": "orders","Startup Cost": 0.43,"Total Cost": 0.47,"Plan Rows": 1,"Plan Width": 8,"Actual Startup Time": 0.010,"Actual Total Time": 0.010,"Actual Rows": 1,"Actual Loops": 323844,"Index Cond": "(o_orderkey = lineitem.l_orderkey)","Rows Removed by Index Recheck": 0,"Workers": []}]},{"Node Type": "Hash","Parent Relationship": "Inner","Parallel Aware": false,"Async Capable": false,"Startup Cost": 1.25,"Total Cost": 1.25,"Plan Rows": 25,"Plan Width": 108,"Actual Startup Time": 0.087,"Actual Total Time": 0.099,"Actual Rows": 25,"Actual Loops": 3,"Hash Buckets": 1024,"Original Hash Buckets": 1024,"Hash Batches": 1,"Original Hash Batches": 1,"Peak Memory Usage": 10,"Workers": [],"Plans": [{"Node Type": "Seq Scan","Parent Relationship": "Outer","Parallel Aware": false,"Async Capable": false,"Relation Name": "nation","Alias": "nation","Startup Cost": 0.00,"Total Cost": 1.25,"Plan Rows": 25,"Plan Width": 108,"Actual Startup Time": 0.061,"Actual Total Time": 0.067,"Actual Rows": 25,"Actual Loops": 3,"Workers": []}]}]}]}]}]}]},"Planning Time": 12.204,"Triggers": [],"Execution Time": 2600.171}]
[{"Plan": {"Node Type": "Aggregate","Strategy": "Sorted","Partial Mode": "Finalize","Parallel Aware": false,"Async Capable": false,"Startup Cost": 28858.40,"Total Cost": 28868.07,"Plan Rows": 73,"Plan Width": 168,"Actual Startup Time": 2398.655,"Actual Total Time": 2502.700,"Actual Rows": 175,"Actual Loops": 1,"Group Key": ["nation.n_name", "(EXTRACT(year FROM orders.o_orderdate))"],"Plans": [{"Node Type": "Gather Merge","Parent Relationship": "Outer","Parallel Aware": false,"Async Capable": false,"Startup Cost": 28858.40,"Total Cost": 28866.38,"Plan Rows": 60,"Plan Width": 168,"Actual Startup Time": 2396.991,"Actual Total Time": 2502.164,"Actual Rows": 525,"Actual Loops": 1,"Workers Planned": 2,"Workers Launched": 2,"Plans": [{"Node Type": "Aggregate","Strategy": "Sorted","Partial Mode": "Partial","Parent Relationship": "Outer","Parallel Aware": false,"Async Capable": false,"Startup Cost": 27858.38,"Total Cost": 27859.43,"Plan Rows": 30,"Plan Width": 168,"Actual Startup Time": 2292.034,"Actual Total Time": 2415.187,"Actual Rows": 175,"Actual Loops": 3,"Group Key": ["nation.n_name", "(EXTRACT(year FROM orders.o_orderdate))"],"Workers": [],"Plans": [{"Node Type": "Sort","Parent Relationship": "Outer","Parallel Aware": false,"Async Capable": false,"Startup Cost": 27858.38,"Total Cost": 27858.46,"Plan Rows": 30,"Plan Width": 159,"Actual Startup Time": 2291.473,"Actual Total Time": 2331.706,"Actual Rows": 106427,"Actual Loops": 3,"Sort Key": ["nation.n_name", "(EXTRACT(year FROM orders.o_orderdate)) DESC"],"Sort Method": "quicksort","Sort Space Used": 13552,"Sort Space Type": "Memory","Workers": [{"Worker Number": 0,"Sort Method": "quicksort","Sort Space Used": 13739,"Sort Space Type": "Memory"},{"Worker Number": 1,"Sort Method": "quicksort","Sort Space Used": 13719,"Sort Space Type": "Memory"}],"Plans": [{"Node Type": "Hash Join","Parent Relationship": "Outer","Parallel Aware": false,"Async Capable": false,"Join Type": "Inner","Startup Cost": 3.13,"Total Cost": 27857.64,"Plan Rows": 30,"Plan Width": 159,"Actual Startup Time": 0.679,"Actual Total Time": 2140.139,"Actual Rows": 106427,"Actual Loops": 3,"Inner Unique": true,"Hash Cond": "(supplier.s_nationkey = nation.n_nationkey)","Workers": [],"Plans": [{"Node Type": "Nested Loop","Parent Relationship": "Outer","Parallel Aware": false,"Async Capable": false,"Join Type": "Inner","Startup Cost": 1.57,"Total Cost": 27855.92,"Plan Rows": 30,"Plan Width": 31,"Actual Startup Time": 0.479,"Actual Total Time": 2108.947,"Actual Rows": 106427,"Actual Loops": 3,"Inner Unique": true,"Workers": [],"Plans": [{"Node Type": "Nested Loop","Parent Relationship": "Outer","Parallel Aware": false,"Async Capable": false,"Join Type": "Inner","Startup Cost": 1.14,"Total Cost": 27841.96,"Plan Rows": 30,"Plan Width": 31,"Actual Startup Time": 0.356,"Actual Total Time": 979.627,"Actual Rows": 106427,"Actual Loops": 3,"Inner Unique": true,"Workers": [],"Plans": [{"Node Type": "Nested Loop","Parent Relationship": "Outer","Parallel Aware": false,"Async Capable": false,"Join Type": "Inner","Startup Cost": 0.86,"Total Cost": 27832.88,"Plan Rows": 30,"Plan Width": 35,"Actual Startup Time": 0.274,"Actual Total Time": 798.249,"Actual Rows": 106427,"Actual Loops": 3,"Inner Unique": false,"Workers": [],"Plans": [{"Node Type": "Nested Loop","Parent Relationship": "Outer","Parallel Aware": false,"Async Capable": false,"Join Type": "Inner","Startup Cost": 0.42,"Total Cost": 17103.70,"Plan Rows": 10101,"Plan Width": 18,"Actual Startup Time": 0.166,"Actual Total Time": 118.353,"Actual Rows": 14152,"Actual Loops": 3,"Inner Unique": false,"Workers": [],"Plans": [{"Node Type": "Seq Scan","Parent Relationship": "Outer","Parallel Aware": true,"Async Capable": false,"Relation Name": "part","Alias": "part","Startup Cost": 0.00,"Total Cost": 5138.67,"Plan Rows": 2525,"Plan Width": 4,"Actual Startup Time": 0.052,"Actual Total Time": 50.910,"Actual Rows": 3538,"Actual Loops": 3,"Filter": "((p_name)::text ~~ '%blush%'::text)","Rows Removed by Filter": 63129,"Workers": []},{"Node Type": "Index Scan","Parent Relationship": "Inner","Parallel Aware": false,"Async Capable": false,"Scan Direction": "Forward","Index Name": "idx_partsupp_partkey","Relation Name": "partsupp","Alias": "partsupp","Startup Cost": 0.42,"Total Cost": 4.70,"Plan Rows": 4,"Plan Width": 14,"Actual Startup Time": 0.014,"Actual Total Time": 0.018,"Actual Rows": 4,"Actual Loops": 10614,"Index Cond": "(ps_partkey = part.p_partkey)","Rows Removed by Index Recheck": 0,"Workers": []}]},{"Node Type": "Index Scan","Parent Relationship": "Inner","Parallel Aware": false,"Async Capable": false,"Scan Direction": "Forward","Index Name": "idx_lineitem_part_supp","Relation Name": "lineitem","Alias": "lineitem","Startup Cost": 0.43,"Total Cost": 1.05,"Plan Rows": 1,"Plan Width": 29,"Actual Startup Time": 0.007,"Actual Total Time": 0.046,"Actual Rows": 8,"Actual Loops": 42456,"Index Cond": "((l_partkey = partsupp.ps_partkey) AND (l_suppkey = partsupp.ps_suppkey))","Rows Removed by Index Recheck": 0,"Workers": []}]},{"Node Type": "Index Scan","Parent Relationship": "Inner","Parallel Aware": false,"Async Capable": false,"Scan Direction": "Forward","Index Name": "supplier_pkey","Relation Name": "supplier","Alias": "supplier","Startup Cost": 0.29,"Total Cost": 0.30,"Plan Rows": 1,"Plan Width": 8,"Actual Startup Time": 0.001,"Actual Total Time": 0.001,"Actual Rows": 1,"Actual Loops": 319280,"Index Cond": "(s_suppkey = lineitem.l_suppkey)","Rows Removed by Index Recheck": 0,"Workers": []}]},{"Node Type": "Index Scan","Parent Relationship": "Inner","Parallel Aware": false,"Async Capable": false,"Scan Direction": "Forward","Index Name": "orders_pkey","Relation Name": "orders","Alias": "orders","Startup Cost": 0.43,"Total Cost": 0.47,"Plan Rows": 1,"Plan Width": 8,"Actual Startup Time": 0.010,"Actual Total Time": 0.010,"Actual Rows": 1,"Actual Loops": 319280,"Index Cond": "(o_orderkey = lineitem.l_orderkey)","Rows Removed by Index Recheck": 0,"Workers": []}]},{"Node Type": "Hash","Parent Relationship": "Inner","Parallel Aware": false,"Async Capable": false,"Startup Cost": 1.25,"Total Cost": 1.25,"Plan Rows": 25,"Plan Width": 108,"Actual Startup Time": 0.096,"Actual Total Time": 0.129,"Actual Rows": 25,"Actual Loops": 3,"Hash Buckets": 1024,"Original Hash Buckets": 1024,"Hash Batches": 1,"Original Hash Batches": 1,"Peak Memory Usage": 10,"Workers": [],"Plans": [{"Node Type": "Seq Scan","Parent Relationship": "Outer","Parallel Aware": false,"Async Capable": false,"Relation Name": "nation","Alias": "nation","Startup Cost": 0.00,"Total Cost": 1.25,"Plan Rows": 25,"Plan Width": 108,"Actual Startup Time": 0.062,"Actual Total Time": 0.090,"Actual Rows": 25,"Actual Loops": 3,"Workers": []}]}]}]}]}]}]},"Planning Time": 12.103,"Triggers": [],"Execution Time": 2504.152}]
[{"Plan": {"Node Type": "Aggregate","Strategy": "Sorted","Partial Mode": "Finalize","Parallel Aware": false,"Async Capable": false,"Startup Cost": 47355.08,"Total Cost": 47374.71,"Plan Rows": 146,"Plan Width": 168,"Actual Startup Time": 2500.381,"Actual Total Time": 2613.066,"Actual Rows": 175,"Actual Loops": 1,"Group Key": ["nation.n_name", "(EXTRACT(year FROM orders.o_orderdate))"],"Plans": [{"Node Type": "Gather Merge","Parent Relationship": "Outer","Parallel Aware": false,"Async Capable": false,"Startup Cost": 47355.08,"Total Cost": 47371.30,"Plan Rows": 122,"Plan Width": 168,"Actual Startup Time": 2498.753,"Actual Total Time": 2612.506,"Actual Rows": 525,"Actual Loops": 1,"Workers Planned": 2,"Workers Launched": 2,"Plans": [{"Node Type": "Aggregate","Strategy": "Sorted","Partial Mode": "Partial","Parent Relationship": "Outer","Parallel Aware": false,"Async Capable": false,"Startup Cost": 46355.06,"Total Cost": 46357.20,"Plan Rows": 61,"Plan Width": 168,"Actual Startup Time": 2385.274,"Actual Total Time": 2517.765,"Actual Rows": 175,"Actual Loops": 3,"Group Key": ["nation.n_name", "(EXTRACT(year FROM orders.o_orderdate))"],"Workers": [],"Plans": [{"Node Type": "Sort","Parent Relationship": "Outer","Parallel Aware": false,"Async Capable": false,"Startup Cost": 46355.06,"Total Cost": 46355.21,"Plan Rows": 61,"Plan Width": 159,"Actual Startup Time": 2384.635,"Actual Total Time": 2429.059,"Actual Rows": 111540,"Actual Loops": 3,"Sort Key": ["nation.n_name", "(EXTRACT(year FROM orders.o_orderdate)) DESC"],"Sort Method": "quicksort","Sort Space Used": 13997,"Sort Space Type": "Memory","Workers": [{"Worker Number": 0,"Sort Method": "quicksort","Sort Space Used": 14233,"Sort Space Type": "Memory"},{"Worker Number": 1,"Sort Method": "quicksort","Sort Space Used": 14306,"Sort Space Type": "Memory"}],"Plans": [{"Node Type": "Hash Join","Parent Relationship": "Outer","Parallel Aware": false,"Async Capable": false,"Join Type": "Inner","Startup Cost": 3.13,"Total Cost": 46353.25,"Plan Rows": 61,"Plan Width": 159,"Actual Startup Time": 0.720,"Actual Total Time": 2224.522,"Actual Rows": 111540,"Actual Loops": 3,"Inner Unique": true,"Hash Cond": "(supplier.s_nationkey = nation.n_nationkey)","Workers": [],"Plans": [{"Node Type": "Nested Loop","Parent Relationship": "Outer","Parallel Aware": false,"Async Capable": false,"Join Type": "Inner","Startup Cost": 1.57,"Total Cost": 46351.35,"Plan Rows": 61,"Plan Width": 31,"Actual Startup Time": 0.543,"Actual Total Time": 2192.319,"Actual Rows": 111540,"Actual Loops": 3,"Inner Unique": true,"Workers": [],"Plans": [{"Node Type": "Nested Loop","Parent Relationship": "Outer","Parallel Aware": false,"Async Capable": false,"Join Type": "Inner","Startup Cost": 1.14,"Total Cost": 46322.98,"Plan Rows": 61,"Plan Width": 31,"Actual Startup Time": 0.416,"Actual Total Time": 1013.189,"Actual Rows": 111540,"Actual Loops": 3,"Inner Unique": true,"Workers": [],"Plans": [{"Node Type": "Nested Loop","Parent Relationship": "Outer","Parallel Aware": false,"Async Capable": false,"Join Type": "Inner","Startup Cost": 0.86,"Total Cost": 46304.52,"Plan Rows": 61,"Plan Width": 35,"Actual Startup Time": 0.322,"Actual Total Time": 823.097,"Actual Rows": 111540,"Actual Loops": 3,"Inner Unique": false,"Workers": [],"Plans": [{"Node Type": "Nested Loop","Parent Relationship": "Outer","Parallel Aware": false,"Async Capable": false,"Join Type": "Inner","Startup Cost": 0.42,"Total Cost": 24846.16,"Plan Rows": 20202,"Plan Width": 18,"Actual Startup Time": 0.205,"Actual Total Time": 119.618,"Actual Rows": 14867,"Actual Loops": 3,"Inner Unique": false,"Workers": [],"Plans": [{"Node Type": "Seq Scan","Parent Relationship": "Outer","Parallel Aware": true,"Async Capable": false,"Relation Name": "part","Alias": "part","Startup Cost": 0.00,"Total Cost": 5138.67,"Plan Rows": 5051,"Plan Width": 4,"Actual Startup Time": 0.067,"Actual Total Time": 50.965,"Actual Rows": 3717,"Actual Loops": 3,"Filter": "((p_name)::text ~~ '%tomato%'::text)","Rows Removed by Filter": 62950,"Workers": []},{"Node Type": "Index Scan","Parent Relationship": "Inner","Parallel Aware": false,"Async Capable": false,"Scan Direction": "Forward","Index Name": "idx_partsupp_partkey","Relation Name": "partsupp","Alias": "partsupp","Startup Cost": 0.42,"Total Cost": 3.86,"Plan Rows": 4,"Plan Width": 14,"Actual Startup Time": 0.014,"Actual Total Time": 0.018,"Actual Rows": 4,"Actual Loops": 11150,"Index Cond": "(ps_partkey = part.p_partkey)","Rows Removed by Index Recheck": 0,"Workers": []}]},{"Node Type": "Index Scan","Parent Relationship": "Inner","Parallel Aware": false,"Async Capable": false,"Scan Direction": "Forward","Index Name": "idx_lineitem_part_supp","Relation Name": "lineitem","Alias": "lineitem","Startup Cost": 0.43,"Total Cost": 1.05,"Plan Rows": 1,"Plan Width": 29,"Actual Startup Time": 0.007,"Actual Total Time": 0.046,"Actual Rows": 8,"Actual Loops": 44600,"Index Cond": "((l_partkey = partsupp.ps_partkey) AND (l_suppkey = partsupp.ps_suppkey))","Rows Removed by Index Recheck": 0,"Workers": []}]},{"Node Type": "Index Scan","Parent Relationship": "Inner","Parallel Aware": false,"Async Capable": false,"Scan Direction": "Forward","Index Name": "supplier_pkey","Relation Name": "supplier","Alias": "supplier","Startup Cost": 0.29,"Total Cost": 0.30,"Plan Rows": 1,"Plan Width": 8,"Actual Startup Time": 0.001,"Actual Total Time": 0.001,"Actual Rows": 1,"Actual Loops": 334621,"Index Cond": "(s_suppkey = lineitem.l_suppkey)","Rows Removed by Index Recheck": 0,"Workers": []}]},{"Node Type": "Index Scan","Parent Relationship": "Inner","Parallel Aware": false,"Async Capable": false,"Scan Direction": "Forward","Index Name": "orders_pkey","Relation Name": "orders","Alias": "orders","Startup Cost": 0.43,"Total Cost": 0.47,"Plan Rows": 1,"Plan Width": 8,"Actual Startup Time": 0.010,"Actual Total Time": 0.010,"Actual Rows": 1,"Actual Loops": 334621,"Index Cond": "(o_orderkey = lineitem.l_orderkey)","Rows Removed by Index Recheck": 0,"Workers": []}]},{"Node Type": "Hash","Parent Relationship": "Inner","Parallel Aware": false,"Async Capable": false,"Startup Cost": 1.25,"Total Cost": 1.25,"Plan Rows": 25,"Plan Width": 108,"Actual Startup Time": 0.076,"Actual Total Time": 0.105,"Actual Rows": 25,"Actual Loops": 3,"Hash Buckets": 1024,"Original Hash Buckets": 1024,"Hash Batches": 1,"Original Hash Batches": 1,"Peak Memory Usage": 10,"Workers": [],"Plans": [{"Node Type": "Seq Scan","Parent Relationship": "Outer","Parallel Aware": false,"Async Capable": false,"Relation Name": "nation","Alias": "nation","Startup Cost": 0.00,"Total Cost": 1.25,"Plan Rows": 25,"Plan Width": 108,"Actual Startup Time": 0.046,"Actual Total Time": 0.069,"Actual Rows": 25,"Actual Loops": 3,"Workers": []}]}]}]}]}]}]},"Planning Time": 11.495,"Triggers": [],"Execution Time": 2614.780}]
[{"Plan": {"Node Type": "Aggregate","Strategy": "Sorted","Partial Mode": "Finalize","Parallel Aware": false,"Async Capable": false,"Startup Cost": 51920.12,"Total Cost": 51953.05,"Plan Rows": 219,"Plan Width": 168,"Actual Startup Time": 1736.886,"Actual Total Time": 1886.803,"Actual Rows": 175,"Actual Loops": 1,"Group Key": ["nation.n_name", "(EXTRACT(year FROM orders.o_orderdate))"],"Plans": [{"Node Type": "Gather Merge","Parent Relationship": "Outer","Parallel Aware": false,"Async Capable": false,"Startup Cost": 51920.12,"Total Cost": 51947.63,"Plan Rows": 213,"Plan Width": 168,"Actual Startup Time": 1734.752,"Actual Total Time": 1886.193,"Actual Rows": 700,"Actual Loops": 1,"Workers Planned": 3,"Workers Launched": 3,"Plans": [{"Node Type": "Aggregate","Strategy": "Sorted","Partial Mode": "Partial","Parent Relationship": "Outer","Parallel Aware": false,"Async Capable": false,"Startup Cost": 50920.08,"Total Cost": 50922.56,"Plan Rows": 71,"Plan Width": 168,"Actual Startup Time": 1652.291,"Actual Total Time": 1749.811,"Actual Rows": 175,"Actual Loops": 4,"Group Key": ["nation.n_name", "(EXTRACT(year FROM orders.o_orderdate))"],"Workers": [],"Plans": [{"Node Type": "Sort","Parent Relationship": "Outer","Parallel Aware": false,"Async Capable": false,"Startup Cost": 50920.08,"Total Cost": 50920.26,"Plan Rows": 71,"Plan Width": 159,"Actual Startup Time": 1651.742,"Actual Total Time": 1686.315,"Actual Rows": 81570,"Actual Loops": 4,"Sort Key": ["nation.n_name", "(EXTRACT(year FROM orders.o_orderdate)) DESC"],"Sort Method": "quicksort","Sort Space Used": 11359,"Sort Space Type": "Memory","Workers": [{"Worker Number": 0,"Sort Method": "quicksort","Sort Space Used": 11284,"Sort Space Type": "Memory"},{"Worker Number": 1,"Sort Method": "quicksort","Sort Space Used": 11074,"Sort Space Type": "Memory"},{"Worker Number": 2,"Sort Method": "quicksort","Sort Space Used": 11060,"Sort Space Type": "Memory"}],"Plans": [{"Node Type": "Hash Join","Parent Relationship": "Outer","Parallel Aware": false,"Async Capable": false,"Join Type": "Inner","Startup Cost": 5236.07,"Total Cost": 50917.89,"Plan Rows": 71,"Plan Width": 159,"Actual Startup Time": 23.416,"Actual Total Time": 1550.954,"Actual Rows": 81570,"Actual Loops": 4,"Inner Unique": true,"Hash Cond": "(supplier.s_nationkey = nation.n_nationkey)","Workers": [],"Plans": [{"Node Type": "Nested Loop","Parent Relationship": "Outer","Parallel Aware": false,"Async Capable": false,"Join Type": "Inner","Startup Cost": 5234.51,"Total Cost": 50915.94,"Plan Rows": 71,"Plan Width": 31,"Actual Startup Time": 23.259,"Actual Total Time": 1527.695,"Actual Rows": 81570,"Actual Loops": 4,"Inner Unique": true,"Workers": [],"Plans": [{"Node Type": "Nested Loop","Parent Relationship": "Outer","Parallel Aware": false,"Async Capable": false,"Join Type": "Inner","Startup Cost": 5234.08,"Total Cost": 50882.91,"Plan Rows": 71,"Plan Width": 31,"Actual Startup Time": 23.189,"Actual Total Time": 798.846,"Actual Rows": 81570,"Actual Loops": 4,"Inner Unique": true,"Workers": [],"Plans": [{"Node Type": "Nested Loop","Parent Relationship": "Outer","Parallel Aware": false,"Async Capable": false,"Join Type": "Inner","Startup Cost": 5233.80,"Total Cost": 50861.42,"Plan Rows": 71,"Plan Width": 35,"Actual Startup Time": 23.135,"Actual Total Time": 661.971,"Actual Rows": 81570,"Actual Loops": 4,"Inner Unique": false,"Workers": [],"Plans": [{"Node Type": "Hash Join","Parent Relationship": "Outer","Parallel Aware": true,"Async Capable": false,"Join Type": "Inner","Startup Cost": 5233.37,"Total Cost": 25942.44,"Plan Rows": 23460,"Plan Width": 18,"Actual Startup Time": 23.069,"Actual Total Time": 203.690,"Actual Rows": 10893,"Actual Loops": 4,"Inner Unique": true,"Hash Cond": "(partsupp.ps_partkey = part.p_partkey)","Workers": [],"Plans": [{"Node Type": "Seq Scan","Parent Relationship": "Outer","Parallel Aware": true,"Async Capable": false,"Relation Name": "partsupp","Alias": "partsupp","Startup Cost": 0.00,"Total Cost": 20031.65,"Plan Rows": 258065,"Plan Width": 14,"Actual Startup Time": 0.019,"Actual Total Time": 42.732,"Actual Rows": 200000,"Actual Loops": 4,"Workers": []},{"Node Type": "Hash","Parent Relationship": "Inner","Parallel Aware": true,"Async Capable": false,"Startup Cost": 5138.67,"Total Cost": 5138.67,"Plan Rows": 7576,"Plan Width": 4,"Actual Startup Time": 22.827,"Actual Total Time": 22.842,"Actual Rows": 2723,"Actual Loops": 4,"Hash Buckets": 32768,"Original Hash Buckets": 32768,"Hash Batches": 1,"Original Hash Batches": 1,"Peak Memory Usage": 736,"Workers": [],"Plans": [{"Node Type": "Seq Scan","Parent Relationship": "Outer","Parallel Aware": true,"Async Capable": false,"Relation Name": "part","Alias": "part","Startup Cost": 0.00,"Total Cost": 5138.67,"Plan Rows": 7576,"Plan Width": 4,"Actual Startup Time": 0.046,"Actual Total Time": 21.008,"Actual Rows": 2723,"Actual Loops": 4,"Filter": "((p_name)::text ~~ '%lemon%'::text)","Rows Removed by Filter": 47277,"Workers": []}]}]},{"Node Type": "Index Scan","Parent Relationship": "Inner","Parallel Aware": false,"Async Capable": false,"Scan Direction": "Forward","Index Name": "idx_lineitem_part_supp","Relation Name": "lineitem","Alias": "lineitem","Startup Cost": 0.43,"Total Cost": 1.05,"Plan Rows": 1,"Plan Width": 29,"Actual Startup Time": 0.006,"Actual Total Time": 0.041,"Actual Rows": 7,"Actual Loops": 43572,"Index Cond": "((l_partkey = partsupp.ps_partkey) AND (l_suppkey = partsupp.ps_suppkey))","Rows Removed by Index Recheck": 0,"Workers": []}]},{"Node Type": "Index Scan","Parent Relationship": "Inner","Parallel Aware": false,"Async Capable": false,"Scan Direction": "Forward","Index Name": "supplier_pkey","Relation Name": "supplier","Alias": "supplier","Startup Cost": 0.29,"Total Cost": 0.30,"Plan Rows": 1,"Plan Width": 8,"Actual Startup Time": 0.001,"Actual Total Time": 0.001,"Actual Rows": 1,"Actual Loops": 326278,"Index Cond": "(s_suppkey = lineitem.l_suppkey)","Rows Removed by Index Recheck": 0,"Workers": []}]},{"Node Type": "Index Scan","Parent Relationship": "Inner","Parallel Aware": false,"Async Capable": false,"Scan Direction": "Forward","Index Name": "orders_pkey","Relation Name": "orders","Alias": "orders","Startup Cost": 0.43,"Total Cost": 0.47,"Plan Rows": 1,"Plan Width": 8,"Actual Startup Time": 0.009,"Actual Total Time": 0.009,"Actual Rows": 1,"Actual Loops": 326278,"Index Cond": "(o_orderkey = lineitem.l_orderkey)","Rows Removed by Index Recheck": 0,"Workers": []}]},{"Node Type": "Hash","Parent Relationship": "Inner","Parallel Aware": false,"Async Capable": false,"Startup Cost": 1.25,"Total Cost": 1.25,"Plan Rows": 25,"Plan Width": 108,"Actual Startup Time": 0.065,"Actual Total Time": 0.072,"Actual Rows": 25,"Actual Loops": 4,"Hash Buckets": 1024,"Original Hash Buckets": 1024,"Hash Batches": 1,"Original Hash Batches": 1,"Peak Memory Usage": 10,"Workers": [],"Plans": [{"Node Type": "Seq Scan","Parent Relationship": "Outer","Parallel Aware": false,"Async Capable": false,"Relation Name": "nation","Alias": "nation","Startup Cost": 0.00,"Total Cost": 1.25,"Plan Rows": 25,"Plan Width": 108,"Actual Startup Time": 0.043,"Actual Total Time": 0.049,"Actual Rows": 25,"Actual Loops": 4,"Workers": []}]}]}]}]}]}]},"Planning Time": 13.208,"Triggers": [],"Execution Time": 1890.767}]
[{"Plan": {"Node Type": "Aggregate","Strategy": "Sorted","Partial Mode": "Finalize","Parallel Aware": false,"Async Capable": false,"Startup Cost": 35224.41,"Total Cost": 35237.30,"Plan Rows": 97,"Plan Width": 168,"Actual Startup Time": 2425.316,"Actual Total Time": 2523.264,"Actual Rows": 175,"Actual Loops": 1,"Group Key": ["nation.n_name", "(EXTRACT(year FROM orders.o_orderdate))"],"Plans": [{"Node Type": "Gather Merge","Parent Relationship": "Outer","Parallel Aware": false,"Async Capable": false,"Startup Cost": 35224.41,"Total Cost": 35235.05,"Plan Rows": 80,"Plan Width": 168,"Actual Startup Time": 2423.780,"Actual Total Time": 2522.874,"Actual Rows": 525,"Actual Loops": 1,"Workers Planned": 2,"Workers Launched": 2,"Plans": [{"Node Type": "Aggregate","Strategy": "Sorted","Partial Mode": "Partial","Parent Relationship": "Outer","Parallel Aware": false,"Async Capable": false,"Startup Cost": 34224.39,"Total Cost": 34225.79,"Plan Rows": 40,"Plan Width": 168,"Actual Startup Time": 2325.764,"Actual Total Time": 2441.475,"Actual Rows": 175,"Actual Loops": 3,"Group Key": ["nation.n_name", "(EXTRACT(year FROM orders.o_orderdate))"],"Workers": [],"Plans": [{"Node Type": "Sort","Parent Relationship": "Outer","Parallel Aware": false,"Async Capable": false,"Startup Cost": 34224.39,"Total Cost": 34224.49,"Plan Rows": 40,"Plan Width": 159,"Actual Startup Time": 2325.161,"Actual Total Time": 2361.677,"Actual Rows": 108051,"Actual Loops": 3,"Sort Key": ["nation.n_name", "(EXTRACT(year FROM orders.o_orderdate)) DESC"],"Sort Method": "quicksort","Sort Space Used": 14518,"Sort Space Type": "Memory","Workers": [{"Worker Number": 0,"Sort Method": "quicksort","Sort Space Used": 13451,"Sort Space Type": "Memory"},{"Worker Number": 1,"Sort Method": "quicksort","Sort Space Used": 13522,"Sort Space Type": "Memory"}],"Plans": [{"Node Type": "Hash Join","Parent Relationship": "Outer","Parallel Aware": false,"Async Capable": false,"Join Type": "Inner","Startup Cost": 3.13,"Total Cost": 34223.32,"Plan Rows": 40,"Plan Width": 159,"Actual Startup Time": 0.791,"Actual Total Time": 2181.378,"Actual Rows": 108051,"Actual Loops": 3,"Inner Unique": true,"Hash Cond": "(supplier.s_nationkey = nation.n_nationkey)","Workers": [],"Plans": [{"Node Type": "Nested Loop","Parent Relationship": "Outer","Parallel Aware": false,"Async Capable": false,"Join Type": "Inner","Startup Cost": 1.57,"Total Cost": 34221.53,"Plan Rows": 40,"Plan Width": 31,"Actual Startup Time": 0.601,"Actual Total Time": 2150.661,"Actual Rows": 108051,"Actual Loops": 3,"Inner Unique": true,"Workers": [],"Plans": [{"Node Type": "Nested Loop","Parent Relationship": "Outer","Parallel Aware": false,"Async Capable": false,"Join Type": "Inner","Startup Cost": 1.14,"Total Cost": 34202.93,"Plan Rows": 40,"Plan Width": 31,"Actual Startup Time": 0.442,"Actual Total Time": 1003.187,"Actual Rows": 108051,"Actual Loops": 3,"Inner Unique": true,"Workers": [],"Plans": [{"Node Type": "Nested Loop","Parent Relationship": "Outer","Parallel Aware": false,"Async Capable": false,"Join Type": "Inner","Startup Cost": 0.86,"Total Cost": 34190.82,"Plan Rows": 40,"Plan Width": 35,"Actual Startup Time": 0.334,"Actual Total Time": 818.488,"Actual Rows": 108051,"Actual Loops": 3,"Inner Unique": false,"Workers": [],"Plans": [{"Node Type": "Nested Loop","Parent Relationship": "Outer","Parallel Aware": false,"Async Capable": false,"Join Type": "Inner","Startup Cost": 0.42,"Total Cost": 19885.25,"Plan Rows": 13468,"Plan Width": 18,"Actual Startup Time": 0.184,"Actual Total Time": 114.034,"Actual Rows": 14448,"Actual Loops": 3,"Inner Unique": false,"Workers": [],"Plans": [{"Node Type": "Seq Scan","Parent Relationship": "Outer","Parallel Aware": true,"Async Capable": false,"Relation Name": "part","Alias": "part","Startup Cost": 0.00,"Total Cost": 5138.67,"Plan Rows": 3367,"Plan Width": 4,"Actual Startup Time": 0.057,"Actual Total Time": 48.424,"Actual Rows": 3612,"Actual Loops": 3,"Filter": "((p_name)::text ~~ '%puff%'::text)","Rows Removed by Filter": 63055,"Workers": []},{"Node Type": "Index Scan","Parent Relationship": "Inner","Parallel Aware": false,"Async Capable": false,"Scan Direction": "Forward","Index Name": "idx_partsupp_partkey","Relation Name": "partsupp","Alias": "partsupp","Startup Cost": 0.42,"Total Cost": 4.34,"Plan Rows": 4,"Plan Width": 14,"Actual Startup Time": 0.014,"Actual Total Time": 0.017,"Actual Rows": 4,"Actual Loops": 10836,"Index Cond": "(ps_partkey = part.p_partkey)","Rows Removed by Index Recheck": 0,"Workers": []}]},{"Node Type": "Index Scan","Parent Relationship": "Inner","Parallel Aware": false,"Async Capable": false,"Scan Direction": "Forward","Index Name": "idx_lineitem_part_supp","Relation Name": "lineitem","Alias": "lineitem","Startup Cost": 0.43,"Total Cost": 1.05,"Plan Rows": 1,"Plan Width": 29,"Actual Startup Time": 0.007,"Actual Total Time": 0.047,"Actual Rows": 7,"Actual Loops": 43344,"Index Cond": "((l_partkey = partsupp.ps_partkey) AND (l_suppkey = partsupp.ps_suppkey))","Rows Removed by Index Recheck": 0,"Workers": []}]},{"Node Type": "Index Scan","Parent Relationship": "Inner","Parallel Aware": false,"Async Capable": false,"Scan Direction": "Forward","Index Name": "supplier_pkey","Relation Name": "supplier","Alias": "supplier","Startup Cost": 0.29,"Total Cost": 0.30,"Plan Rows": 1,"Plan Width": 8,"Actual Startup Time": 0.001,"Actual Total Time": 0.001,"Actual Rows": 1,"Actual Loops": 324152,"Index Cond": "(s_suppkey = lineitem.l_suppkey)","Rows Removed by Index Recheck": 0,"Workers": []}]},{"Node Type": "Index Scan","Parent Relationship": "Inner","Parallel Aware": false,"Async Capable": false,"Scan Direction": "Forward","Index Name": "orders_pkey","Relation Name": "orders","Alias": "orders","Startup Cost": 0.43,"Total Cost": 0.47,"Plan Rows": 1,"Plan Width": 8,"Actual Startup Time": 0.010,"Actual Total Time": 0.010,"Actual Rows": 1,"Actual Loops": 324152,"Index Cond": "(o_orderkey = lineitem.l_orderkey)","Rows Removed by Index Recheck": 0,"Workers": []}]},{"Node Type": "Hash","Parent Relationship": "Inner","Parallel Aware": false,"Async Capable": false,"Startup Cost": 1.25,"Total Cost": 1.25,"Plan Rows": 25,"Plan Width": 108,"Actual Startup Time": 0.094,"Actual Total Time": 0.104,"Actual Rows": 25,"Actual Loops": 3,"Hash Buckets": 1024,"Original Hash Buckets": 1024,"Hash Batches": 1,"Original Hash Batches": 1,"Peak Memory Usage": 10,"Workers": [],"Plans": [{"Node Type": "Seq Scan","Parent Relationship": "Outer","Parallel Aware": false,"Async Capable": false,"Relation Name": "nation","Alias": "nation","Startup Cost": 0.00,"Total Cost": 1.25,"Plan Rows": 25,"Plan Width": 108,"Actual Startup Time": 0.063,"Actual Total Time": 0.069,"Actual Rows": 25,"Actual Loops": 3,"Workers": []}]}]}]}]}]}]},"Planning Time": 12.078,"Triggers": [],"Execution Time": 2525.040}]
[{"Plan": {"Node Type": "Aggregate","Strategy": "Sorted","Partial Mode": "Finalize","Parallel Aware": false,"Async Capable": false,"Startup Cost": 15191.58,"Total Cost": 15194.80,"Plan Rows": 24,"Plan Width": 168,"Actual Startup Time": 2525.897,"Actual Total Time": 2655.198,"Actual Rows": 175,"Actual Loops": 1,"Group Key": ["nation.n_name", "(EXTRACT(year FROM orders.o_orderdate))"],"Plans": [{"Node Type": "Gather Merge","Parent Relationship": "Outer","Parallel Aware": false,"Async Capable": false,"Startup Cost": 15191.58,"Total Cost": 15194.24,"Plan Rows": 20,"Plan Width": 168,"Actual Startup Time": 2524.969,"Actual Total Time": 2654.657,"Actual Rows": 525,"Actual Loops": 1,"Workers Planned": 2,"Workers Launched": 2,"Plans": [{"Node Type": "Aggregate","Strategy": "Sorted","Partial Mode": "Partial","Parent Relationship": "Outer","Parallel Aware": false,"Async Capable": false,"Startup Cost": 14191.56,"Total Cost": 14191.91,"Plan Rows": 10,"Plan Width": 168,"Actual Startup Time": 2430.723,"Actual Total Time": 2561.950,"Actual Rows": 175,"Actual Loops": 3,"Group Key": ["nation.n_name", "(EXTRACT(year FROM orders.o_orderdate))"],"Workers": [],"Plans": [{"Node Type": "Sort","Parent Relationship": "Outer","Parallel Aware": false,"Async Capable": false,"Startup Cost": 14191.56,"Total Cost": 14191.59,"Plan Rows": 10,"Plan Width": 159,"Actual Startup Time": 2430.120,"Actual Total Time": 2476.960,"Actual Rows": 108589,"Actual Loops": 3,"Sort Key": ["nation.n_name", "(EXTRACT(year FROM orders.o_orderdate)) DESC"],"Sort Method": "quicksort","Sort Space Used": 14616,"Sort Space Type": "Memory","Workers": [{"Worker Number": 0,"Sort Method": "quicksort","Sort Space Used": 13490,"Sort Space Type": "Memory"},{"Worker Number": 1,"Sort Method": "quicksort","Sort Space Used": 13544,"Sort Space Type": "Memory"}],"Plans": [{"Node Type": "Nested Loop","Parent Relationship": "Outer","Parallel Aware": false,"Async Capable": false,"Join Type": "Inner","Startup Cost": 1.71,"Total Cost": 14191.39,"Plan Rows": 10,"Plan Width": 159,"Actual Startup Time": 0.520,"Actual Total Time": 2284.263,"Actual Rows": 108589,"Actual Loops": 3,"Inner Unique": true,"Workers": [],"Plans": [{"Node Type": "Nested Loop","Parent Relationship": "Outer","Parallel Aware": false,"Async Capable": false,"Join Type": "Inner","Startup Cost": 1.57,"Total Cost": 14189.81,"Plan Rows": 10,"Plan Width": 31,"Actual Startup Time": 0.447,"Actual Total Time": 2128.732,"Actual Rows": 108589,"Actual Loops": 3,"Inner Unique": true,"Workers": [],"Plans": [{"Node Type": "Nested Loop","Parent Relationship": "Outer","Parallel Aware": false,"Async Capable": false,"Join Type": "Inner","Startup Cost": 1.14,"Total Cost": 14185.15,"Plan Rows": 10,"Plan Width": 31,"Actual Startup Time": 0.332,"Actual Total Time": 981.846,"Actual Rows": 108589,"Actual Loops": 3,"Inner Unique": true,"Workers": [],"Plans": [{"Node Type": "Nested Loop","Parent Relationship": "Outer","Parallel Aware": false,"Async Capable": false,"Join Type": "Inner","Startup Cost": 0.86,"Total Cost": 14182.13,"Plan Rows": 10,"Plan Width": 35,"Actual Startup Time": 0.262,"Actual Total Time": 792.480,"Actual Rows": 108589,"Actual Loops": 3,"Inner Unique": false,"Workers": [],"Plans": [{"Node Type": "Nested Loop","Parent Relationship": "Outer","Parallel Aware": false,"Async Capable": false,"Join Type": "Inner","Startup Cost": 0.42,"Total Cost": 10605.73,"Plan Rows": 3367,"Plan Width": 18,"Actual Startup Time": 0.162,"Actual Total Time": 118.025,"Actual Rows": 14513,"Actual Loops": 3,"Inner Unique": false,"Workers": [],"Plans": [{"Node Type": "Seq Scan","Parent Relationship": "Outer","Parallel Aware": true,"Async Capable": false,"Relation Name": "part","Alias": "part","Startup Cost": 0.00,"Total Cost": 5138.67,"Plan Rows": 842,"Plan Width": 4,"Actual Startup Time": 0.049,"Actual Total Time": 48.677,"Actual Rows": 3628,"Actual Loops": 3,"Filter": "((p_name)::text ~~ '%white%'::text)","Rows Removed by Filter": 63038,"Workers": []},{"Node Type": "Index Scan","Parent Relationship": "Inner","Parallel Aware": false,"Async Capable": false,"Scan Direction": "Forward","Index Name": "idx_partsupp_partkey","Relation Name": "partsupp","Alias": "partsupp","Startup Cost": 0.42,"Total Cost": 6.45,"Plan Rows": 4,"Plan Width": 14,"Actual Startup Time": 0.013,"Actual Total Time": 0.018,"Actual Rows": 4,"Actual Loops": 10885,"Index Cond": "(ps_partkey = part.p_partkey)","Rows Removed by Index Recheck": 0,"Workers": []}]},{"Node Type": "Index Scan","Parent Relationship": "Inner","Parallel Aware": false,"Async Capable": false,"Scan Direction": "Forward","Index Name": "idx_lineitem_part_supp","Relation Name": "lineitem","Alias": "lineitem","Startup Cost": 0.43,"Total Cost": 1.05,"Plan Rows": 1,"Plan Width": 29,"Actual Startup Time": 0.007,"Actual Total Time": 0.045,"Actual Rows": 7,"Actual Loops": 43540,"Index Cond": "((l_partkey = partsupp.ps_partkey) AND (l_suppkey = partsupp.ps_suppkey))","Rows Removed by Index Recheck": 0,"Workers": []}]},{"Node Type": "Index Scan","Parent Relationship": "Inner","Parallel Aware": false,"Async Capable": false,"Scan Direction": "Forward","Index Name": "supplier_pkey","Relation Name": "supplier","Alias": "supplier","Startup Cost": 0.29,"Total Cost": 0.30,"Plan Rows": 1,"Plan Width": 8,"Actual Startup Time": 0.001,"Actual Total Time": 0.001,"Actual Rows": 1,"Actual Loops": 325768,"Index Cond": "(s_suppkey = lineitem.l_suppkey)","Rows Removed by Index Recheck": 0,"Workers": []}]},{"Node Type": "Index Scan","Parent Relationship": "Inner","Parallel Aware": false,"Async Capable": false,"Scan Direction": "Forward","Index Name": "orders_pkey","Relation Name": "orders","Alias": "orders","Startup Cost": 0.43,"Total Cost": 0.47,"Plan Rows": 1,"Plan Width": 8,"Actual Startup Time": 0.010,"Actual Total Time": 0.010,"Actual Rows": 1,"Actual Loops": 325768,"Index Cond": "(o_orderkey = lineitem.l_orderkey)","Rows Removed by Index Recheck": 0,"Workers": []}]},{"Node Type": "Index Scan","Parent Relationship": "Inner","Parallel Aware": false,"Async Capable": false,"Scan Direction": "Forward","Index Name": "nation_pkey","Relation Name": "nation","Alias": "nation","Startup Cost": 0.14,"Total Cost": 0.16,"Plan Rows": 1,"Plan Width": 108,"Actual Startup Time": 0.001,"Actual Total Time": 0.001,"Actual Rows": 1,"Actual Loops": 325768,"Index Cond": "(n_nationkey = supplier.s_nationkey)","Rows Removed by Index Recheck": 0,"Workers": []}]}]}]}]}]},"Planning Time": 12.167,"Triggers": [],"Execution Time": 2657.009}]
[{"Plan": {"Node Type": "Aggregate","Strategy": "Sorted","Partial Mode": "Finalize","Parallel Aware": false,"Async Capable": false,"Startup Cost": 51920.12,"Total Cost": 51953.05,"Plan Rows": 219,"Plan Width": 168,"Actual Startup Time": 1695.944,"Actual Total Time": 1812.622,"Actual Rows": 175,"Actual Loops": 1,"Group Key": ["nation.n_name", "(EXTRACT(year FROM orders.o_orderdate))"],"Plans": [{"Node Type": "Gather Merge","Parent Relationship": "Outer","Parallel Aware": false,"Async Capable": false,"Startup Cost": 51920.12,"Total Cost": 51947.63,"Plan Rows": 213,"Plan Width": 168,"Actual Startup Time": 1695.015,"Actual Total Time": 1812.175,"Actual Rows": 700,"Actual Loops": 1,"Workers Planned": 3,"Workers Launched": 3,"Plans": [{"Node Type": "Aggregate","Strategy": "Sorted","Partial Mode": "Partial","Parent Relationship": "Outer","Parallel Aware": false,"Async Capable": false,"Startup Cost": 50920.08,"Total Cost": 50922.56,"Plan Rows": 71,"Plan Width": 168,"Actual Startup Time": 1627.056,"Actual Total Time": 1716.761,"Actual Rows": 175,"Actual Loops": 4,"Group Key": ["nation.n_name", "(EXTRACT(year FROM orders.o_orderdate))"],"Workers": [],"Plans": [{"Node Type": "Sort","Parent Relationship": "Outer","Parallel Aware": false,"Async Capable": false,"Startup Cost": 50920.08,"Total Cost": 50920.26,"Plan Rows": 71,"Plan Width": 159,"Actual Startup Time": 1626.699,"Actual Total Time": 1654.684,"Actual Rows": 82048,"Actual Loops": 4,"Sort Key": ["nation.n_name", "(EXTRACT(year FROM orders.o_orderdate)) DESC"],"Sort Method": "quicksort","Sort Space Used": 10998,"Sort Space Type": "Memory","Workers": [{"Worker Number": 0,"Sort Method": "quicksort","Sort Space Used": 11093,"Sort Space Type": "Memory"},{"Worker Number": 1,"Sort Method": "quicksort","Sort Space Used": 11417,"Sort Space Type": "Memory"},{"Worker Number": 2,"Sort Method": "quicksort","Sort Space Used": 11464,"Sort Space Type": "Memory"}],"Plans": [{"Node Type": "Hash Join","Parent Relationship": "Outer","Parallel Aware": false,"Async Capable": false,"Join Type": "Inner","Startup Cost": 5236.07,"Total Cost": 50917.89,"Plan Rows": 71,"Plan Width": 159,"Actual Startup Time": 22.962,"Actual Total Time": 1527.674,"Actual Rows": 82048,"Actual Loops": 4,"Inner Unique": true,"Hash Cond": "(supplier.s_nationkey = nation.n_nationkey)","Workers": [],"Plans": [{"Node Type": "Nested Loop","Parent Relationship": "Outer","Parallel Aware": false,"Async Capable": false,"Join Type": "Inner","Startup Cost": 5234.51,"Total Cost": 50915.94,"Plan Rows": 71,"Plan Width": 31,"Actual Startup Time": 22.797,"Actual Total Time": 1504.364,"Actual Rows": 82048,"Actual Loops": 4,"Inner Unique": true,"Workers": [],"Plans": [{"Node Type": "Nested Loop","Parent Relationship": "Outer","Parallel Aware": false,"Async Capable": false,"Join Type": "Inner","Startup Cost": 5234.08,"Total Cost": 50882.91,"Plan Rows": 71,"Plan Width": 31,"Actual Startup Time": 22.733,"Actual Total Time": 778.868,"Actual Rows": 82048,"Actual Loops": 4,"Inner Unique": true,"Workers": [],"Plans": [{"Node Type": "Nested Loop","Parent Relationship": "Outer","Parallel Aware": false,"Async Capable": false,"Join Type": "Inner","Startup Cost": 5233.80,"Total Cost": 50861.42,"Plan Rows": 71,"Plan Width": 35,"Actual Startup Time": 22.679,"Actual Total Time": 641.061,"Actual Rows": 82048,"Actual Loops": 4,"Inner Unique": false,"Workers": [],"Plans": [{"Node Type": "Hash Join","Parent Relationship": "Outer","Parallel Aware": true,"Async Capable": false,"Join Type": "Inner","Startup Cost": 5233.37,"Total Cost": 25942.44,"Plan Rows": 23460,"Plan Width": 18,"Actual Startup Time": 22.614,"Actual Total Time": 187.868,"Actual Rows": 10922,"Actual Loops": 4,"Inner Unique": true,"Hash Cond": "(partsupp.ps_partkey = part.p_partkey)","Workers": [],"Plans": [{"Node Type": "Seq Scan","Parent Relationship": "Outer","Parallel Aware": true,"Async Capable": false,"Relation Name": "partsupp","Alias": "partsupp","Startup Cost": 0.00,"Total Cost": 20031.65,"Plan Rows": 258065,"Plan Width": 14,"Actual Startup Time": 0.015,"Actual Total Time": 42.277,"Actual Rows": 200000,"Actual Loops": 4,"Workers": []},{"Node Type": "Hash","Parent Relationship": "Inner","Parallel Aware": true,"Async Capable": false,"Startup Cost": 5138.67,"Total Cost": 5138.67,"Plan Rows": 7576,"Plan Width": 4,"Actual Startup Time": 22.401,"Actual Total Time": 22.414,"Actual Rows": 2730,"Actual Loops": 4,"Hash Buckets": 32768,"Original Hash Buckets": 32768,"Hash Batches": 1,"Original Hash Batches": 1,"Peak Memory Usage": 704,"Workers": [],"Plans": [{"Node Type": "Seq Scan","Parent Relationship": "Outer","Parallel Aware": true,"Async Capable": false,"Relation Name": "part","Alias": "part","Startup Cost": 0.00,"Total Cost": 5138.67,"Plan Rows": 7576,"Plan Width": 4,"Actual Startup Time": 0.052,"Actual Total Time": 20.933,"Actual Rows": 2730,"Actual Loops": 4,"Filter": "((p_name)::text ~~ '%navajo%'::text)","Rows Removed by Filter": 47270,"Workers": []}]}]},{"Node Type": "Index Scan","Parent Relationship": "Inner","Parallel Aware": false,"Async Capable": false,"Scan Direction": "Forward","Index Name": "idx_lineitem_part_supp","Relation Name": "lineitem","Alias": "lineitem","Startup Cost": 0.43,"Total Cost": 1.05,"Plan Rows": 1,"Plan Width": 29,"Actual Startup Time": 0.006,"Actual Total Time": 0.040,"Actual Rows": 8,"Actual Loops": 43688,"Index Cond": "((l_partkey = partsupp.ps_partkey) AND (l_suppkey = partsupp.ps_suppkey))","Rows Removed by Index Recheck": 0,"Workers": []}]},{"Node Type": "Index Scan","Parent Relationship": "Inner","Parallel Aware": false,"Async Capable": false,"Scan Direction": "Forward","Index Name": "supplier_pkey","Relation Name": "supplier","Alias": "supplier","Startup Cost": 0.29,"Total Cost": 0.30,"Plan Rows": 1,"Plan Width": 8,"Actual Startup Time": 0.001,"Actual Total Time": 0.001,"Actual Rows": 1,"Actual Loops": 328192,"Index Cond": "(s_suppkey = lineitem.l_suppkey)","Rows Removed by Index Recheck": 0,"Workers": []}]},{"Node Type": "Index Scan","Parent Relationship": "Inner","Parallel Aware": false,"Async Capable": false,"Scan Direction": "Forward","Index Name": "orders_pkey","Relation Name": "orders","Alias": "orders","Startup Cost": 0.43,"Total Cost": 0.47,"Plan Rows": 1,"Plan Width": 8,"Actual Startup Time": 0.008,"Actual Total Time": 0.008,"Actual Rows": 1,"Actual Loops": 328192,"Index Cond": "(o_orderkey = lineitem.l_orderkey)","Rows Removed by Index Recheck": 0,"Workers": []}]},{"Node Type": "Hash","Parent Relationship": "Inner","Parallel Aware": false,"Async Capable": false,"Startup Cost": 1.25,"Total Cost": 1.25,"Plan Rows": 25,"Plan Width": 108,"Actual Startup Time": 0.073,"Actual Total Time": 0.078,"Actual Rows": 25,"Actual Loops": 4,"Hash Buckets": 1024,"Original Hash Buckets": 1024,"Hash Batches": 1,"Original Hash Batches": 1,"Peak Memory Usage": 10,"Workers": [],"Plans": [{"Node Type": "Seq Scan","Parent Relationship": "Outer","Parallel Aware": false,"Async Capable": false,"Relation Name": "nation","Alias": "nation","Startup Cost": 0.00,"Total Cost": 1.25,"Plan Rows": 25,"Plan Width": 108,"Actual Startup Time": 0.041,"Actual Total Time": 0.048,"Actual Rows": 25,"Actual Loops": 4,"Workers": []}]}]}]}]}]}]},"Planning Time": 11.862,"Triggers": [],"Execution Time": 1814.545}]
[{"Plan": {"Node Type": "Aggregate","Strategy": "Sorted","Partial Mode": "Finalize","Parallel Aware": false,"Async Capable": false,"Startup Cost": 47355.08,"Total Cost": 47374.71,"Plan Rows": 146,"Plan Width": 168,"Actual Startup Time": 2443.124,"Actual Total Time": 2567.006,"Actual Rows": 175,"Actual Loops": 1,"Group Key": ["nation.n_name", "(EXTRACT(year FROM orders.o_orderdate))"],"Plans": [{"Node Type": "Gather Merge","Parent Relationship": "Outer","Parallel Aware": false,"Async Capable": false,"Startup Cost": 47355.08,"Total Cost": 47371.30,"Plan Rows": 122,"Plan Width": 168,"Actual Startup Time": 2441.228,"Actual Total Time": 2566.482,"Actual Rows": 525,"Actual Loops": 1,"Workers Planned": 2,"Workers Launched": 2,"Plans": [{"Node Type": "Aggregate","Strategy": "Sorted","Partial Mode": "Partial","Parent Relationship": "Outer","Parallel Aware": false,"Async Capable": false,"Startup Cost": 46355.06,"Total Cost": 46357.20,"Plan Rows": 61,"Plan Width": 168,"Actual Startup Time": 2336.095,"Actual Total Time": 2466.062,"Actual Rows": 175,"Actual Loops": 3,"Group Key": ["nation.n_name", "(EXTRACT(year FROM orders.o_orderdate))"],"Workers": [],"Plans": [{"Node Type": "Sort","Parent Relationship": "Outer","Parallel Aware": false,"Async Capable": false,"Startup Cost": 46355.06,"Total Cost": 46355.21,"Plan Rows": 61,"Plan Width": 159,"Actual Startup Time": 2335.334,"Actual Total Time": 2379.750,"Actual Rows": 108571,"Actual Loops": 3,"Sort Key": ["nation.n_name", "(EXTRACT(year FROM orders.o_orderdate)) DESC"],"Sort Method": "quicksort","Sort Space Used": 13745,"Sort Space Type": "Memory","Workers": [{"Worker Number": 0,"Sort Method": "quicksort","Sort Space Used": 13992,"Sort Space Type": "Memory"},{"Worker Number": 1,"Sort Method": "quicksort","Sort Space Used": 13911,"Sort Space Type": "Memory"}],"Plans": [{"Node Type": "Hash Join","Parent Relationship": "Outer","Parallel Aware": false,"Async Capable": false,"Join Type": "Inner","Startup Cost": 3.13,"Total Cost": 46353.25,"Plan Rows": 61,"Plan Width": 159,"Actual Startup Time": 0.583,"Actual Total Time": 2178.457,"Actual Rows": 108571,"Actual Loops": 3,"Inner Unique": true,"Hash Cond": "(supplier.s_nationkey = nation.n_nationkey)","Workers": [],"Plans": [{"Node Type": "Nested Loop","Parent Relationship": "Outer","Parallel Aware": false,"Async Capable": false,"Join Type": "Inner","Startup Cost": 1.57,"Total Cost": 46351.35,"Plan Rows": 61,"Plan Width": 31,"Actual Startup Time": 0.425,"Actual Total Time": 2146.635,"Actual Rows": 108571,"Actual Loops": 3,"Inner Unique": true,"Workers": [],"Plans": [{"Node Type": "Nested Loop","Parent Relationship": "Outer","Parallel Aware": false,"Async Capable": false,"Join Type": "Inner","Startup Cost": 1.14,"Total Cost": 46322.98,"Plan Rows": 61,"Plan Width": 31,"Actual Startup Time": 0.334,"Actual Total Time": 993.434,"Actual Rows": 108571,"Actual Loops": 3,"Inner Unique": true,"Workers": [],"Plans": [{"Node Type": "Nested Loop","Parent Relationship": "Outer","Parallel Aware": false,"Async Capable": false,"Join Type": "Inner","Startup Cost": 0.86,"Total Cost": 46304.52,"Plan Rows": 61,"Plan Width": 35,"Actual Startup Time": 0.258,"Actual Total Time": 808.058,"Actual Rows": 108571,"Actual Loops": 3,"Inner Unique": false,"Workers": [],"Plans": [{"Node Type": "Nested Loop","Parent Relationship": "Outer","Parallel Aware": false,"Async Capable": false,"Join Type": "Inner","Startup Cost": 0.42,"Total Cost": 24846.16,"Plan Rows": 20202,"Plan Width": 18,"Actual Startup Time": 0.160,"Actual Total Time": 118.628,"Actual Rows": 14495,"Actual Loops": 3,"Inner Unique": false,"Workers": [],"Plans": [{"Node Type": "Seq Scan","Parent Relationship": "Outer","Parallel Aware": true,"Async Capable": false,"Relation Name": "part","Alias": "part","Startup Cost": 0.00,"Total Cost": 5138.67,"Plan Rows": 5051,"Plan Width": 4,"Actual Startup Time": 0.041,"Actual Total Time": 50.514,"Actual Rows": 3624,"Actual Loops": 3,"Filter": "((p_name)::text ~~ '%blue%'::text)","Rows Removed by Filter": 63043,"Workers": []},{"Node Type": "Index Scan","Parent Relationship": "Inner","Parallel Aware": false,"Async Capable": false,"Scan Direction": "Forward","Index Name": "idx_partsupp_partkey","Relation Name": "partsupp","Alias": "partsupp","Startup Cost": 0.42,"Total Cost": 3.86,"Plan Rows": 4,"Plan Width": 14,"Actual Startup Time": 0.014,"Actual Total Time": 0.018,"Actual Rows": 4,"Actual Loops": 10871,"Index Cond": "(ps_partkey = part.p_partkey)","Rows Removed by Index Recheck": 0,"Workers": []}]},{"Node Type": "Index Scan","Parent Relationship": "Inner","Parallel Aware": false,"Async Capable": false,"Scan Direction": "Forward","Index Name": "idx_lineitem_part_supp","Relation Name": "lineitem","Alias": "lineitem","Startup Cost": 0.43,"Total Cost": 1.05,"Plan Rows": 1,"Plan Width": 29,"Actual Startup Time": 0.007,"Actual Total Time": 0.046,"Actual Rows": 7,"Actual Loops": 43484,"Index Cond": "((l_partkey = partsupp.ps_partkey) AND (l_suppkey = partsupp.ps_suppkey))","Rows Removed by Index Recheck": 0,"Workers": []}]},{"Node Type": "Index Scan","Parent Relationship": "Inner","Parallel Aware": false,"Async Capable": false,"Scan Direction": "Forward","Index Name": "supplier_pkey","Relation Name": "supplier","Alias": "supplier","Startup Cost": 0.29,"Total Cost": 0.30,"Plan Rows": 1,"Plan Width": 8,"Actual Startup Time": 0.001,"Actual Total Time": 0.001,"Actual Rows": 1,"Actual Loops": 325714,"Index Cond": "(s_suppkey = lineitem.l_suppkey)","Rows Removed by Index Recheck": 0,"Workers": []}]},{"Node Type": "Index Scan","Parent Relationship": "Inner","Parallel Aware": false,"Async Capable": false,"Scan Direction": "Forward","Index Name": "orders_pkey","Relation Name": "orders","Alias": "orders","Startup Cost": 0.43,"Total Cost": 0.47,"Plan Rows": 1,"Plan Width": 8,"Actual Startup Time": 0.010,"Actual Total Time": 0.010,"Actual Rows": 1,"Actual Loops": 325714,"Index Cond": "(o_orderkey = lineitem.l_orderkey)","Rows Removed by Index Recheck": 0,"Workers": []}]},{"Node Type": "Hash","Parent Relationship": "Inner","Parallel Aware": false,"Async Capable": false,"Startup Cost": 1.25,"Total Cost": 1.25,"Plan Rows": 25,"Plan Width": 108,"Actual Startup Time": 0.081,"Actual Total Time": 0.113,"Actual Rows": 25,"Actual Loops": 3,"Hash Buckets": 1024,"Original Hash Buckets": 1024,"Hash Batches": 1,"Original Hash Batches": 1,"Peak Memory Usage": 10,"Workers": [],"Plans": [{"Node Type": "Seq Scan","Parent Relationship": "Outer","Parallel Aware": false,"Async Capable": false,"Relation Name": "nation","Alias": "nation","Startup Cost": 0.00,"Total Cost": 1.25,"Plan Rows": 25,"Plan Width": 108,"Actual Startup Time": 0.057,"Actual Total Time": 0.083,"Actual Rows": 25,"Actual Loops": 3,"Workers": []}]}]}]}]}]}]},"Planning Time": 11.752,"Triggers": [],"Execution Time": 2568.537}]
[{"Plan": {"Node Type": "Aggregate","Strategy": "Sorted","Partial Mode": "Finalize","Parallel Aware": false,"Async Capable": false,"Startup Cost": 41381.04,"Total Cost": 41397.45,"Plan Rows": 122,"Plan Width": 168,"Actual Startup Time": 2461.783,"Actual Total Time": 2561.451,"Actual Rows": 175,"Actual Loops": 1,"Group Key": ["nation.n_name", "(EXTRACT(year FROM orders.o_orderdate))"],"Plans": [{"Node Type": "Gather Merge","Parent Relationship": "Outer","Parallel Aware": false,"Async Capable": false,"Startup Cost": 41381.04,"Total Cost": 41394.60,"Plan Rows": 102,"Plan Width": 168,"Actual Startup Time": 2460.110,"Actual Total Time": 2561.065,"Actual Rows": 525,"Actual Loops": 1,"Workers Planned": 2,"Workers Launched": 2,"Plans": [{"Node Type": "Aggregate","Strategy": "Sorted","Partial Mode": "Partial","Parent Relationship": "Outer","Parallel Aware": false,"Async Capable": false,"Startup Cost": 40381.01,"Total Cost": 40382.80,"Plan Rows": 51,"Plan Width": 168,"Actual Startup Time": 2353.201,"Actual Total Time": 2477.575,"Actual Rows": 175,"Actual Loops": 3,"Group Key": ["nation.n_name", "(EXTRACT(year FROM orders.o_orderdate))"],"Workers": [],"Plans": [{"Node Type": "Sort","Parent Relationship": "Outer","Parallel Aware": false,"Async Capable": false,"Startup Cost": 40381.01,"Total Cost": 40381.14,"Plan Rows": 51,"Plan Width": 159,"Actual Startup Time": 2352.548,"Actual Total Time": 2393.649,"Actual Rows": 110237,"Actual Loops": 3,"Sort Key": ["nation.n_name", "(EXTRACT(year FROM orders.o_orderdate)) DESC"],"Sort Method": "quicksort","Sort Space Used": 14774,"Sort Space Type": "Memory","Workers": [{"Worker Number": 0,"Sort Method": "quicksort","Sort Space Used": 13660,"Sort Space Type": "Memory"},{"Worker Number": 1,"Sort Method": "quicksort","Sort Space Used": 13719,"Sort Space Type": "Memory"}],"Plans": [{"Node Type": "Hash Join","Parent Relationship": "Outer","Parallel Aware": false,"Async Capable": false,"Join Type": "Inner","Startup Cost": 3.13,"Total Cost": 40379.57,"Plan Rows": 51,"Plan Width": 159,"Actual Startup Time": 0.791,"Actual Total Time": 2209.520,"Actual Rows": 110237,"Actual Loops": 3,"Inner Unique": true,"Hash Cond": "(supplier.s_nationkey = nation.n_nationkey)","Workers": [],"Plans": [{"Node Type": "Nested Loop","Parent Relationship": "Outer","Parallel Aware": false,"Async Capable": false,"Join Type": "Inner","Startup Cost": 1.57,"Total Cost": 40377.72,"Plan Rows": 51,"Plan Width": 31,"Actual Startup Time": 0.566,"Actual Total Time": 2178.223,"Actual Rows": 110237,"Actual Loops": 3,"Inner Unique": true,"Workers": [],"Plans": [{"Node Type": "Nested Loop","Parent Relationship": "Outer","Parallel Aware": false,"Async Capable": false,"Join Type": "Inner","Startup Cost": 1.14,"Total Cost": 40354.00,"Plan Rows": 51,"Plan Width": 31,"Actual Startup Time": 0.431,"Actual Total Time": 1014.051,"Actual Rows": 110237,"Actual Loops": 3,"Inner Unique": true,"Workers": [],"Plans": [{"Node Type": "Nested Loop","Parent Relationship": "Outer","Parallel Aware": false,"Async Capable": false,"Join Type": "Inner","Startup Cost": 0.86,"Total Cost": 40338.56,"Plan Rows": 51,"Plan Width": 35,"Actual Startup Time": 0.329,"Actual Total Time": 826.349,"Actual Rows": 110237,"Actual Loops": 3,"Inner Unique": false,"Workers": [],"Plans": [{"Node Type": "Nested Loop","Parent Relationship": "Outer","Parallel Aware": false,"Async Capable": false,"Join Type": "Inner","Startup Cost": 0.42,"Total Cost": 22456.59,"Plan Rows": 16835,"Plan Width": 18,"Actual Startup Time": 0.209,"Actual Total Time": 115.054,"Actual Rows": 14685,"Actual Loops": 3,"Inner Unique": false,"Workers": [],"Plans": [{"Node Type": "Seq Scan","Parent Relationship": "Outer","Parallel Aware": true,"Async Capable": false,"Relation Name": "part","Alias": "part","Startup Cost": 0.00,"Total Cost": 5138.67,"Plan Rows": 4209,"Plan Width": 4,"Actual Startup Time": 0.065,"Actual Total Time": 48.853,"Actual Rows": 3671,"Actual Loops": 3,"Filter": "((p_name)::text ~~ '%dodger%'::text)","Rows Removed by Filter": 62995,"Workers": []},{"Node Type": "Index Scan","Parent Relationship": "Inner","Parallel Aware": false,"Async Capable": false,"Scan Direction": "Forward","Index Name": "idx_partsupp_partkey","Relation Name": "partsupp","Alias": "partsupp","Startup Cost": 0.42,"Total Cost": 4.07,"Plan Rows": 4,"Plan Width": 14,"Actual Startup Time": 0.013,"Actual Total Time": 0.017,"Actual Rows": 4,"Actual Loops": 11014,"Index Cond": "(ps_partkey = part.p_partkey)","Rows Removed by Index Recheck": 0,"Workers": []}]},{"Node Type": "Index Scan","Parent Relationship": "Inner","Parallel Aware": false,"Async Capable": false,"Scan Direction": "Forward","Index Name": "idx_lineitem_part_supp","Relation Name": "lineitem","Alias": "lineitem","Startup Cost": 0.43,"Total Cost": 1.05,"Plan Rows": 1,"Plan Width": 29,"Actual Startup Time": 0.007,"Actual Total Time": 0.047,"Actual Rows": 8,"Actual Loops": 44056,"Index Cond": "((l_partkey = partsupp.ps_partkey) AND (l_suppkey = partsupp.ps_suppkey))","Rows Removed by Index Recheck": 0,"Workers": []}]},{"Node Type": "Index Scan","Parent Relationship": "Inner","Parallel Aware": false,"Async Capable": false,"Scan Direction": "Forward","Index Name": "supplier_pkey","Relation Name": "supplier","Alias": "supplier","Startup Cost": 0.29,"Total Cost": 0.30,"Plan Rows": 1,"Plan Width": 8,"Actual Startup Time": 0.001,"Actual Total Time": 0.001,"Actual Rows": 1,"Actual Loops": 330711,"Index Cond": "(s_suppkey = lineitem.l_suppkey)","Rows Removed by Index Recheck": 0,"Workers": []}]},{"Node Type": "Index Scan","Parent Relationship": "Inner","Parallel Aware": false,"Async Capable": false,"Scan Direction": "Forward","Index Name": "orders_pkey","Relation Name": "orders","Alias": "orders","Startup Cost": 0.43,"Total Cost": 0.47,"Plan Rows": 1,"Plan Width": 8,"Actual Startup Time": 0.010,"Actual Total Time": 0.010,"Actual Rows": 1,"Actual Loops": 330711,"Index Cond": "(o_orderkey = lineitem.l_orderkey)","Rows Removed by Index Recheck": 0,"Workers": []}]},{"Node Type": "Hash","Parent Relationship": "Inner","Parallel Aware": false,"Async Capable": false,"Startup Cost": 1.25,"Total Cost": 1.25,"Plan Rows": 25,"Plan Width": 108,"Actual Startup Time": 0.103,"Actual Total Time": 0.113,"Actual Rows": 25,"Actual Loops": 3,"Hash Buckets": 1024,"Original Hash Buckets": 1024,"Hash Batches": 1,"Original Hash Batches": 1,"Peak Memory Usage": 10,"Workers": [],"Plans": [{"Node Type": "Seq Scan","Parent Relationship": "Outer","Parallel Aware": false,"Async Capable": false,"Relation Name": "nation","Alias": "nation","Startup Cost": 0.00,"Total Cost": 1.25,"Plan Rows": 25,"Plan Width": 108,"Actual Startup Time": 0.072,"Actual Total Time": 0.078,"Actual Rows": 25,"Actual Loops": 3,"Workers": []}]}]}]}]}]}]},"Planning Time": 11.577,"Triggers": [],"Execution Time": 2564.419}]
[{"Plan": {"Node Type": "Aggregate","Strategy": "Sorted","Partial Mode": "Finalize","Parallel Aware": false,"Async Capable": false,"Startup Cost": 41381.04,"Total Cost": 41397.45,"Plan Rows": 122,"Plan Width": 168,"Actual Startup Time": 2397.393,"Actual Total Time": 2528.927,"Actual Rows": 175,"Actual Loops": 1,"Group Key": ["nation.n_name", "(EXTRACT(year FROM orders.o_orderdate))"],"Plans": [{"Node Type": "Gather Merge","Parent Relationship": "Outer","Parallel Aware": false,"Async Capable": false,"Startup Cost": 41381.04,"Total Cost": 41394.60,"Plan Rows": 102,"Plan Width": 168,"Actual Startup Time": 2395.560,"Actual Total Time": 2528.508,"Actual Rows": 525,"Actual Loops": 1,"Workers Planned": 2,"Workers Launched": 2,"Plans": [{"Node Type": "Aggregate","Strategy": "Sorted","Partial Mode": "Partial","Parent Relationship": "Outer","Parallel Aware": false,"Async Capable": false,"Startup Cost": 40381.01,"Total Cost": 40382.80,"Plan Rows": 51,"Plan Width": 168,"Actual Startup Time": 2294.991,"Actual Total Time": 2407.950,"Actual Rows": 175,"Actual Loops": 3,"Group Key": ["nation.n_name", "(EXTRACT(year FROM orders.o_orderdate))"],"Workers": [],"Plans": [{"Node Type": "Sort","Parent Relationship": "Outer","Parallel Aware": false,"Async Capable": false,"Startup Cost": 40381.01,"Total Cost": 40381.14,"Plan Rows": 51,"Plan Width": 159,"Actual Startup Time": 2294.450,"Actual Total Time": 2329.456,"Actual Rows": 109386,"Actual Loops": 3,"Sort Key": ["nation.n_name", "(EXTRACT(year FROM orders.o_orderdate)) DESC"],"Sort Method": "quicksort","Sort Space Used": 13535,"Sort Space Type": "Memory","Workers": [{"Worker Number": 0,"Sort Method": "quicksort","Sort Space Used": 14044,"Sort Space Type": "Memory"},{"Worker Number": 1,"Sort Method": "quicksort","Sort Space Used": 14313,"Sort Space Type": "Memory"}],"Plans": [{"Node Type": "Hash Join","Parent Relationship": "Outer","Parallel Aware": false,"Async Capable": false,"Join Type": "Inner","Startup Cost": 3.13,"Total Cost": 40379.57,"Plan Rows": 51,"Plan Width": 159,"Actual Startup Time": 0.679,"Actual Total Time": 2145.675,"Actual Rows": 109386,"Actual Loops": 3,"Inner Unique": true,"Hash Cond": "(supplier.s_nationkey = nation.n_nationkey)","Workers": [],"Plans": [{"Node Type": "Nested Loop","Parent Relationship": "Outer","Parallel Aware": false,"Async Capable": false,"Join Type": "Inner","Startup Cost": 1.57,"Total Cost": 40377.72,"Plan Rows": 51,"Plan Width": 31,"Actual Startup Time": 0.505,"Actual Total Time": 2114.015,"Actual Rows": 109386,"Actual Loops": 3,"Inner Unique": true,"Workers": [],"Plans": [{"Node Type": "Nested Loop","Parent Relationship": "Outer","Parallel Aware": false,"Async Capable": false,"Join Type": "Inner","Startup Cost": 1.14,"Total Cost": 40354.00,"Plan Rows": 51,"Plan Width": 31,"Actual Startup Time": 0.377,"Actual Total Time": 981.690,"Actual Rows": 109386,"Actual Loops": 3,"Inner Unique": true,"Workers": [],"Plans": [{"Node Type": "Nested Loop","Parent Relationship": "Outer","Parallel Aware": false,"Async Capable": false,"Join Type": "Inner","Startup Cost": 0.86,"Total Cost": 40338.56,"Plan Rows": 51,"Plan Width": 35,"Actual Startup Time": 0.296,"Actual Total Time": 797.438,"Actual Rows": 109386,"Actual Loops": 3,"Inner Unique": false,"Workers": [],"Plans": [{"Node Type": "Nested Loop","Parent Relationship": "Outer","Parallel Aware": false,"Async Capable": false,"Join Type": "Inner","Startup Cost": 0.42,"Total Cost": 22456.59,"Plan Rows": 16835,"Plan Width": 18,"Actual Startup Time": 0.185,"Actual Total Time": 118.219,"Actual Rows": 14613,"Actual Loops": 3,"Inner Unique": false,"Workers": [],"Plans": [{"Node Type": "Seq Scan","Parent Relationship": "Outer","Parallel Aware": true,"Async Capable": false,"Relation Name": "part","Alias": "part","Startup Cost": 0.00,"Total Cost": 5138.67,"Plan Rows": 4209,"Plan Width": 4,"Actual Startup Time": 0.059,"Actual Total Time": 50.920,"Actual Rows": 3653,"Actual Loops": 3,"Filter": "((p_name)::text ~~ '%chiffon%'::text)","Rows Removed by Filter": 63013,"Workers": []},{"Node Type": "Index Scan","Parent Relationship": "Inner","Parallel Aware": false,"Async Capable": false,"Scan Direction": "Forward","Index Name": "idx_partsupp_partkey","Relation Name": "partsupp","Alias": "partsupp","Startup Cost": 0.42,"Total Cost": 4.07,"Plan Rows": 4,"Plan Width": 14,"Actual Startup Time": 0.014,"Actual Total Time": 0.018,"Actual Rows": 4,"Actual Loops": 10960,"Index Cond": "(ps_partkey = part.p_partkey)","Rows Removed by Index Recheck": 0,"Workers": []}]},{"Node Type": "Index Scan","Parent Relationship": "Inner","Parallel Aware": false,"Async Capable": false,"Scan Direction": "Forward","Index Name": "idx_lineitem_part_supp","Relation Name": "lineitem","Alias": "lineitem","Startup Cost": 0.43,"Total Cost": 1.05,"Plan Rows": 1,"Plan Width": 29,"Actual Startup Time": 0.007,"Actual Total Time": 0.045,"Actual Rows": 7,"Actual Loops": 43840,"Index Cond": "((l_partkey = partsupp.ps_partkey) AND (l_suppkey = partsupp.ps_suppkey))","Rows Removed by Index Recheck": 0,"Workers": []}]},{"Node Type": "Index Scan","Parent Relationship": "Inner","Parallel Aware": false,"Async Capable": false,"Scan Direction": "Forward","Index Name": "supplier_pkey","Relation Name": "supplier","Alias": "supplier","Startup Cost": 0.29,"Total Cost": 0.30,"Plan Rows": 1,"Plan Width": 8,"Actual Startup Time": 0.001,"Actual Total Time": 0.001,"Actual Rows": 1,"Actual Loops": 328159,"Index Cond": "(s_suppkey = lineitem.l_suppkey)","Rows Removed by Index Recheck": 0,"Workers": []}]},{"Node Type": "Index Scan","Parent Relationship": "Inner","Parallel Aware": false,"Async Capable": false,"Scan Direction": "Forward","Index Name": "orders_pkey","Relation Name": "orders","Alias": "orders","Startup Cost": 0.43,"Total Cost": 0.47,"Plan Rows": 1,"Plan Width": 8,"Actual Startup Time": 0.010,"Actual Total Time": 0.010,"Actual Rows": 1,"Actual Loops": 328159,"Index Cond": "(o_orderkey = lineitem.l_orderkey)","Rows Removed by Index Recheck": 0,"Workers": []}]},{"Node Type": "Hash","Parent Relationship": "Inner","Parallel Aware": false,"Async Capable": false,"Startup Cost": 1.25,"Total Cost": 1.25,"Plan Rows": 25,"Plan Width": 108,"Actual Startup Time": 0.075,"Actual Total Time": 0.083,"Actual Rows": 25,"Actual Loops": 3,"Hash Buckets": 1024,"Original Hash Buckets": 1024,"Hash Batches": 1,"Original Hash Batches": 1,"Peak Memory Usage": 10,"Workers": [],"Plans": [{"Node Type": "Seq Scan","Parent Relationship": "Outer","Parallel Aware": false,"Async Capable": false,"Relation Name": "nation","Alias": "nation","Startup Cost": 0.00,"Total Cost": 1.25,"Plan Rows": 25,"Plan Width": 108,"Actual Startup Time": 0.051,"Actual Total Time": 0.057,"Actual Rows": 25,"Actual Loops": 3,"Workers": []}]}]}]}]}]}]},"Planning Time": 13.106,"Triggers": [],"Execution Time": 2531.764}]
[{"Plan": {"Node Type": "Aggregate","Strategy": "Sorted","Partial Mode": "Finalize","Parallel Aware": false,"Async Capable": false,"Startup Cost": 47355.08,"Total Cost": 47374.71,"Plan Rows": 146,"Plan Width": 168,"Actual Startup Time": 2514.427,"Actual Total Time": 2703.238,"Actual Rows": 175,"Actual Loops": 1,"Group Key": ["nation.n_name", "(EXTRACT(year FROM orders.o_orderdate))"],"Plans": [{"Node Type": "Gather Merge","Parent Relationship": "Outer","Parallel Aware": false,"Async Capable": false,"Startup Cost": 47355.08,"Total Cost": 47371.30,"Plan Rows": 122,"Plan Width": 168,"Actual Startup Time": 2512.395,"Actual Total Time": 2702.832,"Actual Rows": 525,"Actual Loops": 1,"Workers Planned": 2,"Workers Launched": 2,"Plans": [{"Node Type": "Aggregate","Strategy": "Sorted","Partial Mode": "Partial","Parent Relationship": "Outer","Parallel Aware": false,"Async Capable": false,"Startup Cost": 46355.06,"Total Cost": 46357.20,"Plan Rows": 61,"Plan Width": 168,"Actual Startup Time": 2387.854,"Actual Total Time": 2544.213,"Actual Rows": 175,"Actual Loops": 3,"Group Key": ["nation.n_name", "(EXTRACT(year FROM orders.o_orderdate))"],"Workers": [],"Plans": [{"Node Type": "Sort","Parent Relationship": "Outer","Parallel Aware": false,"Async Capable": false,"Startup Cost": 46355.06,"Total Cost": 46355.21,"Plan Rows": 61,"Plan Width": 159,"Actual Startup Time": 2387.145,"Actual Total Time": 2446.167,"Actual Rows": 110413,"Actual Loops": 3,"Sort Key": ["nation.n_name", "(EXTRACT(year FROM orders.o_orderdate)) DESC"],"Sort Method": "quicksort","Sort Space Used": 14862,"Sort Space Type": "Memory","Workers": [{"Worker Number": 0,"Sort Method": "quicksort","Sort Space Used": 13748,"Sort Space Type": "Memory"},{"Worker Number": 1,"Sort Method": "quicksort","Sort Space Used": 13594,"Sort Space Type": "Memory"}],"Plans": [{"Node Type": "Hash Join","Parent Relationship": "Outer","Parallel Aware": false,"Async Capable": false,"Join Type": "Inner","Startup Cost": 3.13,"Total Cost": 46353.25,"Plan Rows": 61,"Plan Width": 159,"Actual Startup Time": 0.586,"Actual Total Time": 2238.998,"Actual Rows": 110413,"Actual Loops": 3,"Inner Unique": true,"Hash Cond": "(supplier.s_nationkey = nation.n_nationkey)","Workers": [],"Plans": [{"Node Type": "Nested Loop","Parent Relationship": "Outer","Parallel Aware": false,"Async Capable": false,"Join Type": "Inner","Startup Cost": 1.57,"Total Cost": 46351.35,"Plan Rows": 61,"Plan Width": 31,"Actual Startup Time": 0.446,"Actual Total Time": 2206.727,"Actual Rows": 110413,"Actual Loops": 3,"Inner Unique": true,"Workers": [],"Plans": [{"Node Type": "Nested Loop","Parent Relationship": "Outer","Parallel Aware": false,"Async Capable": false,"Join Type": "Inner","Startup Cost": 1.14,"Total Cost": 46322.98,"Plan Rows": 61,"Plan Width": 31,"Actual Startup Time": 0.345,"Actual Total Time": 1028.676,"Actual Rows": 110413,"Actual Loops": 3,"Inner Unique": true,"Workers": [],"Plans": [{"Node Type": "Nested Loop","Parent Relationship": "Outer","Parallel Aware": false,"Async Capable": false,"Join Type": "Inner","Startup Cost": 0.86,"Total Cost": 46304.52,"Plan Rows": 61,"Plan Width": 35,"Actual Startup Time": 0.259,"Actual Total Time": 837.153,"Actual Rows": 110413,"Actual Loops": 3,"Inner Unique": false,"Workers": [],"Plans": [{"Node Type": "Nested Loop","Parent Relationship": "Outer","Parallel Aware": false,"Async Capable": false,"Join Type": "Inner","Startup Cost": 0.42,"Total Cost": 24846.16,"Plan Rows": 20202,"Plan Width": 18,"Actual Startup Time": 0.158,"Actual Total Time": 117.913,"Actual Rows": 14717,"Actual Loops": 3,"Inner Unique": false,"Workers": [],"Plans": [{"Node Type": "Seq Scan","Parent Relationship": "Outer","Parallel Aware": true,"Async Capable": false,"Relation Name": "part","Alias": "part","Startup Cost": 0.00,"Total Cost": 5138.67,"Plan Rows": 5051,"Plan Width": 4,"Actual Startup Time": 0.058,"Actual Total Time": 50.922,"Actual Rows": 3679,"Actual Loops": 3,"Filter": "((p_name)::text ~~ '%red%'::text)","Rows Removed by Filter": 62987,"Workers": []},{"Node Type": "Index Scan","Parent Relationship": "Inner","Parallel Aware": false,"Async Capable": false,"Scan Direction": "Forward","Index Name": "idx_partsupp_partkey","Relation Name": "partsupp","Alias": "partsupp","Startup Cost": 0.42,"Total Cost": 3.86,"Plan Rows": 4,"Plan Width": 14,"Actual Startup Time": 0.014,"Actual Total Time": 0.017,"Actual Rows": 4,"Actual Loops": 11038,"Index Cond": "(ps_partkey = part.p_partkey)","Rows Removed by Index Recheck": 0,"Workers": []}]},{"Node Type": "Index Scan","Parent Relationship": "Inner","Parallel Aware": false,"Async Capable": false,"Scan Direction": "Forward","Index Name": "idx_lineitem_part_supp","Relation Name": "lineitem","Alias": "lineitem","Startup Cost": 0.43,"Total Cost": 1.05,"Plan Rows": 1,"Plan Width": 29,"Actual Startup Time": 0.007,"Actual Total Time": 0.047,"Actual Rows": 8,"Actual Loops": 44152,"Index Cond": "((l_partkey = partsupp.ps_partkey) AND (l_suppkey = partsupp.ps_suppkey))","Rows Removed by Index Recheck": 0,"Workers": []}]},{"Node Type": "Index Scan","Parent Relationship": "Inner","Parallel Aware": false,"Async Capable": false,"Scan Direction": "Forward","Index Name": "supplier_pkey","Relation Name": "supplier","Alias": "supplier","Startup Cost": 0.29,"Total Cost": 0.30,"Plan Rows": 1,"Plan Width": 8,"Actual Startup Time": 0.001,"Actual Total Time": 0.001,"Actual Rows": 1,"Actual Loops": 331238,"Index Cond": "(s_suppkey = lineitem.l_suppkey)","Rows Removed by Index Recheck": 0,"Workers": []}]},{"Node Type": "Index Scan","Parent Relationship": "Inner","Parallel Aware": false,"Async Capable": false,"Scan Direction": "Forward","Index Name": "orders_pkey","Relation Name": "orders","Alias": "orders","Startup Cost": 0.43,"Total Cost": 0.47,"Plan Rows": 1,"Plan Width": 8,"Actual Startup Time": 0.010,"Actual Total Time": 0.010,"Actual Rows": 1,"Actual Loops": 331238,"Index Cond": "(o_orderkey = lineitem.l_orderkey)","Rows Removed by Index Recheck": 0,"Workers": []}]},{"Node Type": "Hash","Parent Relationship": "Inner","Parallel Aware": false,"Async Capable": false,"Startup Cost": 1.25,"Total Cost": 1.25,"Plan Rows": 25,"Plan Width": 108,"Actual Startup Time": 0.061,"Actual Total Time": 0.070,"Actual Rows": 25,"Actual Loops": 3,"Hash Buckets": 1024,"Original Hash Buckets": 1024,"Hash Batches": 1,"Original Hash Batches": 1,"Peak Memory Usage": 10,"Workers": [],"Plans": [{"Node Type": "Seq Scan","Parent Relationship": "Outer","Parallel Aware": false,"Async Capable": false,"Relation Name": "nation","Alias": "nation","Startup Cost": 0.00,"Total Cost": 1.25,"Plan Rows": 25,"Plan Width": 108,"Actual Startup Time": 0.040,"Actual Total Time": 0.045,"Actual Rows": 25,"Actual Loops": 3,"Workers": []}]}]}]}]}]}]},"Planning Time": 13.100,"Triggers": [],"Execution Time": 2706.177}]
[{"Plan": {"Node Type": "Aggregate","Strategy": "Sorted","Partial Mode": "Finalize","Parallel Aware": false,"Async Capable": false,"Startup Cost": 35224.41,"Total Cost": 35237.30,"Plan Rows": 97,"Plan Width": 168,"Actual Startup Time": 2410.163,"Actual Total Time": 2573.719,"Actual Rows": 175,"Actual Loops": 1,"Group Key": ["nation.n_name", "(EXTRACT(year FROM orders.o_orderdate))"],"Plans": [{"Node Type": "Gather Merge","Parent Relationship": "Outer","Parallel Aware": false,"Async Capable": false,"Startup Cost": 35224.41,"Total Cost": 35235.05,"Plan Rows": 80,"Plan Width": 168,"Actual Startup Time": 2408.338,"Actual Total Time": 2573.326,"Actual Rows": 525,"Actual Loops": 1,"Workers Planned": 2,"Workers Launched": 2,"Plans": [{"Node Type": "Aggregate","Strategy": "Sorted","Partial Mode": "Partial","Parent Relationship": "Outer","Parallel Aware": false,"Async Capable": false,"Startup Cost": 34224.39,"Total Cost": 34225.79,"Plan Rows": 40,"Plan Width": 168,"Actual Startup Time": 2302.691,"Actual Total Time": 2428.274,"Actual Rows": 175,"Actual Loops": 3,"Group Key": ["nation.n_name", "(EXTRACT(year FROM orders.o_orderdate))"],"Workers": [],"Plans": [{"Node Type": "Sort","Parent Relationship": "Outer","Parallel Aware": false,"Async Capable": false,"Startup Cost": 34224.39,"Total Cost": 34224.49,"Plan Rows": 40,"Plan Width": 159,"Actual Startup Time": 2302.042,"Actual Total Time": 2344.248,"Actual Rows": 109402,"Actual Loops": 3,"Sort Key": ["nation.n_name", "(EXTRACT(year FROM orders.o_orderdate)) DESC"],"Sort Method": "quicksort","Sort Space Used": 13601,"Sort Space Type": "Memory","Workers": [{"Worker Number": 0,"Sort Method": "quicksort","Sort Space Used": 14189,"Sort Space Type": "Memory"},{"Worker Number": 1,"Sort Method": "quicksort","Sort Space Used": 14107,"Sort Space Type": "Memory"}],"Plans": [{"Node Type": "Hash Join","Parent Relationship": "Outer","Parallel Aware": false,"Async Capable": false,"Join Type": "Inner","Startup Cost": 3.13,"Total Cost": 34223.32,"Plan Rows": 40,"Plan Width": 159,"Actual Startup Time": 0.735,"Actual Total Time": 2152.784,"Actual Rows": 109402,"Actual Loops": 3,"Inner Unique": true,"Hash Cond": "(supplier.s_nationkey = nation.n_nationkey)","Workers": [],"Plans": [{"Node Type": "Nested Loop","Parent Relationship": "Outer","Parallel Aware": false,"Async Capable": false,"Join Type": "Inner","Startup Cost": 1.57,"Total Cost": 34221.53,"Plan Rows": 40,"Plan Width": 31,"Actual Startup Time": 0.544,"Actual Total Time": 2120.427,"Actual Rows": 109402,"Actual Loops": 3,"Inner Unique": true,"Workers": [],"Plans": [{"Node Type": "Nested Loop","Parent Relationship": "Outer","Parallel Aware": false,"Async Capable": false,"Join Type": "Inner","Startup Cost": 1.14,"Total Cost": 34202.93,"Plan Rows": 40,"Plan Width": 31,"Actual Startup Time": 0.416,"Actual Total Time": 988.040,"Actual Rows": 109402,"Actual Loops": 3,"Inner Unique": true,"Workers": [],"Plans": [{"Node Type": "Nested Loop","Parent Relationship": "Outer","Parallel Aware": false,"Async Capable": false,"Join Type": "Inner","Startup Cost": 0.86,"Total Cost": 34190.82,"Plan Rows": 40,"Plan Width": 35,"Actual Startup Time": 0.319,"Actual Total Time": 803.042,"Actual Rows": 109402,"Actual Loops": 3,"Inner Unique": false,"Workers": [],"Plans": [{"Node Type": "Nested Loop","Parent Relationship": "Outer","Parallel Aware": false,"Async Capable": false,"Join Type": "Inner","Startup Cost": 0.42,"Total Cost": 19885.25,"Plan Rows": 13468,"Plan Width": 18,"Actual Startup Time": 0.207,"Actual Total Time": 118.633,"Actual Rows": 14617,"Actual Loops": 3,"Inner Unique": false,"Workers": [],"Plans": [{"Node Type": "Seq Scan","Parent Relationship": "Outer","Parallel Aware": true,"Async Capable": false,"Relation Name": "part","Alias": "part","Startup Cost": 0.00,"Total Cost": 5138.67,"Plan Rows": 3367,"Plan Width": 4,"Actual Startup Time": 0.078,"Actual Total Time": 50.998,"Actual Rows": 3654,"Actual Loops": 3,"Filter": "((p_name)::text ~~ '%misty%'::text)","Rows Removed by Filter": 63012,"Workers": []},{"Node Type": "Index Scan","Parent Relationship": "Inner","Parallel Aware": false,"Async Capable": false,"Scan Direction": "Forward","Index Name": "idx_partsupp_partkey","Relation Name": "partsupp","Alias": "partsupp","Startup Cost": 0.42,"Total Cost": 4.34,"Plan Rows": 4,"Plan Width": 14,"Actual Startup Time": 0.014,"Actual Total Time": 0.018,"Actual Rows": 4,"Actual Loops": 10963,"Index Cond": "(ps_partkey = part.p_partkey)","Rows Removed by Index Recheck": 0,"Workers": []}]},{"Node Type": "Index Scan","Parent Relationship": "Inner","Parallel Aware": false,"Async Capable": false,"Scan Direction": "Forward","Index Name": "idx_lineitem_part_supp","Relation Name": "lineitem","Alias": "lineitem","Startup Cost": 0.43,"Total Cost": 1.05,"Plan Rows": 1,"Plan Width": 29,"Actual Startup Time": 0.007,"Actual Total Time": 0.045,"Actual Rows": 7,"Actual Loops": 43852,"Index Cond": "((l_partkey = partsupp.ps_partkey) AND (l_suppkey = partsupp.ps_suppkey))","Rows Removed by Index Recheck": 0,"Workers": []}]},{"Node Type": "Index Scan","Parent Relationship": "Inner","Parallel Aware": false,"Async Capable": false,"Scan Direction": "Forward","Index Name": "supplier_pkey","Relation Name": "supplier","Alias": "supplier","Startup Cost": 0.29,"Total Cost": 0.30,"Plan Rows": 1,"Plan Width": 8,"Actual Startup Time": 0.001,"Actual Total Time": 0.001,"Actual Rows": 1,"Actual Loops": 328206,"Index Cond": "(s_suppkey = lineitem.l_suppkey)","Rows Removed by Index Recheck": 0,"Workers": []}]},{"Node Type": "Index Scan","Parent Relationship": "Inner","Parallel Aware": false,"Async Capable": false,"Scan Direction": "Forward","Index Name": "orders_pkey","Relation Name": "orders","Alias": "orders","Startup Cost": 0.43,"Total Cost": 0.47,"Plan Rows": 1,"Plan Width": 8,"Actual Startup Time": 0.010,"Actual Total Time": 0.010,"Actual Rows": 1,"Actual Loops": 328206,"Index Cond": "(o_orderkey = lineitem.l_orderkey)","Rows Removed by Index Recheck": 0,"Workers": []}]},{"Node Type": "Hash","Parent Relationship": "Inner","Parallel Aware": false,"Async Capable": false,"Startup Cost": 1.25,"Total Cost": 1.25,"Plan Rows": 25,"Plan Width": 108,"Actual Startup Time": 0.086,"Actual Total Time": 0.092,"Actual Rows": 25,"Actual Loops": 3,"Hash Buckets": 1024,"Original Hash Buckets": 1024,"Hash Batches": 1,"Original Hash Batches": 1,"Peak Memory Usage": 10,"Workers": [],"Plans": [{"Node Type": "Seq Scan","Parent Relationship": "Outer","Parallel Aware": false,"Async Capable": false,"Relation Name": "nation","Alias": "nation","Startup Cost": 0.00,"Total Cost": 1.25,"Plan Rows": 25,"Plan Width": 108,"Actual Startup Time": 0.060,"Actual Total Time": 0.066,"Actual Rows": 25,"Actual Loops": 3,"Workers": []}]}]}]}]}]}]},"Planning Time": 12.091,"Triggers": [],"Execution Time": 2576.214}]
[{"Plan": {"Node Type": "Aggregate","Strategy": "Sorted","Partial Mode": "Finalize","Parallel Aware": false,"Async Capable": false,"Startup Cost": 41381.04,"Total Cost": 41397.45,"Plan Rows": 122,"Plan Width": 168,"Actual Startup Time": 2438.173,"Actual Total Time": 2533.415,"Actual Rows": 175,"Actual Loops": 1,"Group Key": ["nation.n_name", "(EXTRACT(year FROM orders.o_orderdate))"],"Plans": [{"Node Type": "Gather Merge","Parent Relationship": "Outer","Parallel Aware": false,"Async Capable": false,"Startup Cost": 41381.04,"Total Cost": 41394.60,"Plan Rows": 102,"Plan Width": 168,"Actual Startup Time": 2436.645,"Actual Total Time": 2533.024,"Actual Rows": 525,"Actual Loops": 1,"Workers Planned": 2,"Workers Launched": 2,"Plans": [{"Node Type": "Aggregate","Strategy": "Sorted","Partial Mode": "Partial","Parent Relationship": "Outer","Parallel Aware": false,"Async Capable": false,"Startup Cost": 40381.01,"Total Cost": 40382.80,"Plan Rows": 51,"Plan Width": 168,"Actual Startup Time": 2331.435,"Actual Total Time": 2449.482,"Actual Rows": 175,"Actual Loops": 3,"Group Key": ["nation.n_name", "(EXTRACT(year FROM orders.o_orderdate))"],"Workers": [],"Plans": [{"Node Type": "Sort","Parent Relationship": "Outer","Parallel Aware": false,"Async Capable": false,"Startup Cost": 40381.01,"Total Cost": 40381.14,"Plan Rows": 51,"Plan Width": 159,"Actual Startup Time": 2330.826,"Actual Total Time": 2368.433,"Actual Rows": 108596,"Actual Loops": 3,"Sort Key": ["nation.n_name", "(EXTRACT(year FROM orders.o_orderdate)) DESC"],"Sort Method": "quicksort","Sort Space Used": 14625,"Sort Space Type": "Memory","Workers": [{"Worker Number": 0,"Sort Method": "quicksort","Sort Space Used": 13508,"Sort Space Type": "Memory"},{"Worker Number": 1,"Sort Method": "quicksort","Sort Space Used": 13523,"Sort Space Type": "Memory"}],"Plans": [{"Node Type": "Hash Join","Parent Relationship": "Outer","Parallel Aware": false,"Async Capable": false,"Join Type": "Inner","Startup Cost": 3.13,"Total Cost": 40379.57,"Plan Rows": 51,"Plan Width": 159,"Actual Startup Time": 0.545,"Actual Total Time": 2184.766,"Actual Rows": 108596,"Actual Loops": 3,"Inner Unique": true,"Hash Cond": "(supplier.s_nationkey = nation.n_nationkey)","Workers": [],"Plans": [{"Node Type": "Nested Loop","Parent Relationship": "Outer","Parallel Aware": false,"Async Capable": false,"Join Type": "Inner","Startup Cost": 1.57,"Total Cost": 40377.72,"Plan Rows": 51,"Plan Width": 31,"Actual Startup Time": 0.378,"Actual Total Time": 2153.186,"Actual Rows": 108596,"Actual Loops": 3,"Inner Unique": true,"Workers": [],"Plans": [{"Node Type": "Nested Loop","Parent Relationship": "Outer","Parallel Aware": false,"Async Capable": false,"Join Type": "Inner","Startup Cost": 1.14,"Total Cost": 40354.00,"Plan Rows": 51,"Plan Width": 31,"Actual Startup Time": 0.290,"Actual Total Time": 1004.522,"Actual Rows": 108596,"Actual Loops": 3,"Inner Unique": true,"Workers": [],"Plans": [{"Node Type": "Nested Loop","Parent Relationship": "Outer","Parallel Aware": false,"Async Capable": false,"Join Type": "Inner","Startup Cost": 0.86,"Total Cost": 40338.56,"Plan Rows": 51,"Plan Width": 35,"Actual Startup Time": 0.208,"Actual Total Time": 818.963,"Actual Rows": 108596,"Actual Loops": 3,"Inner Unique": false,"Workers": [],"Plans": [{"Node Type": "Nested Loop","Parent Relationship": "Outer","Parallel Aware": false,"Async Capable": false,"Join Type": "Inner","Startup Cost": 0.42,"Total Cost": 22456.59,"Plan Rows": 16835,"Plan Width": 18,"Actual Startup Time": 0.128,"Actual Total Time": 114.186,"Actual Rows": 14447,"Actual Loops": 3,"Inner Unique": false,"Workers": [],"Plans": [{"Node Type": "Seq Scan","Parent Relationship": "Outer","Parallel Aware": true,"Async Capable": false,"Relation Name": "part","Alias": "part","Startup Cost": 0.00,"Total Cost": 5138.67,"Plan Rows": 4209,"Plan Width": 4,"Actual Startup Time": 0.038,"Actual Total Time": 48.446,"Actual Rows": 3612,"Actual Loops": 3,"Filter": "((p_name)::text ~~ '%peach%'::text)","Rows Removed by Filter": 63055,"Workers": []},{"Node Type": "Index Scan","Parent Relationship": "Inner","Parallel Aware": false,"Async Capable": false,"Scan Direction": "Forward","Index Name": "idx_partsupp_partkey","Relation Name": "partsupp","Alias": "partsupp","Startup Cost": 0.42,"Total Cost": 4.07,"Plan Rows": 4,"Plan Width": 14,"Actual Startup Time": 0.014,"Actual Total Time": 0.017,"Actual Rows": 4,"Actual Loops": 10835,"Index Cond": "(ps_partkey = part.p_partkey)","Rows Removed by Index Recheck": 0,"Workers": []}]},{"Node Type": "Index Scan","Parent Relationship": "Inner","Parallel Aware": false,"Async Capable": false,"Scan Direction": "Forward","Index Name": "idx_lineitem_part_supp","Relation Name": "lineitem","Alias": "lineitem","Startup Cost": 0.43,"Total Cost": 1.05,"Plan Rows": 1,"Plan Width": 29,"Actual Startup Time": 0.007,"Actual Total Time": 0.047,"Actual Rows": 8,"Actual Loops": 43340,"Index Cond": "((l_partkey = partsupp.ps_partkey) AND (l_suppkey = partsupp.ps_suppkey))","Rows Removed by Index Recheck": 0,"Workers": []}]},{"Node Type": "Index Scan","Parent Relationship": "Inner","Parallel Aware": false,"Async Capable": false,"Scan Direction": "Forward","Index Name": "supplier_pkey","Relation Name": "supplier","Alias": "supplier","Startup Cost": 0.29,"Total Cost": 0.30,"Plan Rows": 1,"Plan Width": 8,"Actual Startup Time": 0.001,"Actual Total Time": 0.001,"Actual Rows": 1,"Actual Loops": 325788,"Index Cond": "(s_suppkey = lineitem.l_suppkey)","Rows Removed by Index Recheck": 0,"Workers": []}]},{"Node Type": "Index Scan","Parent Relationship": "Inner","Parallel Aware": false,"Async Capable": false,"Scan Direction": "Forward","Index Name": "orders_pkey","Relation Name": "orders","Alias": "orders","Startup Cost": 0.43,"Total Cost": 0.47,"Plan Rows": 1,"Plan Width": 8,"Actual Startup Time": 0.010,"Actual Total Time": 0.010,"Actual Rows": 1,"Actual Loops": 325788,"Index Cond": "(o_orderkey = lineitem.l_orderkey)","Rows Removed by Index Recheck": 0,"Workers": []}]},{"Node Type": "Hash","Parent Relationship": "Inner","Parallel Aware": false,"Async Capable": false,"Startup Cost": 1.25,"Total Cost": 1.25,"Plan Rows": 25,"Plan Width": 108,"Actual Startup Time": 0.073,"Actual Total Time": 0.084,"Actual Rows": 25,"Actual Loops": 3,"Hash Buckets": 1024,"Original Hash Buckets": 1024,"Hash Batches": 1,"Original Hash Batches": 1,"Peak Memory Usage": 10,"Workers": [],"Plans": [{"Node Type": "Seq Scan","Parent Relationship": "Outer","Parallel Aware": false,"Async Capable": false,"Relation Name": "nation","Alias": "nation","Startup Cost": 0.00,"Total Cost": 1.25,"Plan Rows": 25,"Plan Width": 108,"Actual Startup Time": 0.055,"Actual Total Time": 0.060,"Actual Rows": 25,"Actual Loops": 3,"Workers": []}]}]}]}]}]}]},"Planning Time": 11.929,"Triggers": [],"Execution Time": 2536.366}]
[{"Plan": {"Node Type": "Aggregate","Strategy": "Sorted","Partial Mode": "Finalize","Parallel Aware": false,"Async Capable": false,"Startup Cost": 41381.04,"Total Cost": 41397.45,"Plan Rows": 122,"Plan Width": 168,"Actual Startup Time": 2402.130,"Actual Total Time": 2525.292,"Actual Rows": 175,"Actual Loops": 1,"Group Key": ["nation.n_name", "(EXTRACT(year FROM orders.o_orderdate))"],"Plans": [{"Node Type": "Gather Merge","Parent Relationship": "Outer","Parallel Aware": false,"Async Capable": false,"Startup Cost": 41381.04,"Total Cost": 41394.60,"Plan Rows": 102,"Plan Width": 168,"Actual Startup Time": 2401.500,"Actual Total Time": 2524.925,"Actual Rows": 525,"Actual Loops": 1,"Workers Planned": 2,"Workers Launched": 2,"Plans": [{"Node Type": "Aggregate","Strategy": "Sorted","Partial Mode": "Partial","Parent Relationship": "Outer","Parallel Aware": false,"Async Capable": false,"Startup Cost": 40381.01,"Total Cost": 40382.80,"Plan Rows": 51,"Plan Width": 168,"Actual Startup Time": 2309.277,"Actual Total Time": 2434.754,"Actual Rows": 175,"Actual Loops": 3,"Group Key": ["nation.n_name", "(EXTRACT(year FROM orders.o_orderdate))"],"Workers": [],"Plans": [{"Node Type": "Sort","Parent Relationship": "Outer","Parallel Aware": false,"Async Capable": false,"Startup Cost": 40381.01,"Total Cost": 40381.14,"Plan Rows": 51,"Plan Width": 159,"Actual Startup Time": 2308.778,"Actual Total Time": 2350.395,"Actual Rows": 107266,"Actual Loops": 3,"Sort Key": ["nation.n_name", "(EXTRACT(year FROM orders.o_orderdate)) DESC"],"Sort Method": "quicksort","Sort Space Used": 14493,"Sort Space Type": "Memory","Workers": [{"Worker Number": 0,"Sort Method": "quicksort","Sort Space Used": 13387,"Sort Space Type": "Memory"},{"Worker Number": 1,"Sort Method": "quicksort","Sort Space Used": 13375,"Sort Space Type": "Memory"}],"Plans": [{"Node Type": "Hash Join","Parent Relationship": "Outer","Parallel Aware": false,"Async Capable": false,"Join Type": "Inner","Startup Cost": 3.13,"Total Cost": 40379.57,"Plan Rows": 51,"Plan Width": 159,"Actual Startup Time": 0.734,"Actual Total Time": 2166.199,"Actual Rows": 107266,"Actual Loops": 3,"Inner Unique": true,"Hash Cond": "(supplier.s_nationkey = nation.n_nationkey)","Workers": [],"Plans": [{"Node Type": "Nested Loop","Parent Relationship": "Outer","Parallel Aware": false,"Async Capable": false,"Join Type": "Inner","Startup Cost": 1.57,"Total Cost": 40377.72,"Plan Rows": 51,"Plan Width": 31,"Actual Startup Time": 0.557,"Actual Total Time": 2135.002,"Actual Rows": 107266,"Actual Loops": 3,"Inner Unique": true,"Workers": [],"Plans": [{"Node Type": "Nested Loop","Parent Relationship": "Outer","Parallel Aware": false,"Async Capable": false,"Join Type": "Inner","Startup Cost": 1.14,"Total Cost": 40354.00,"Plan Rows": 51,"Plan Width": 31,"Actual Startup Time": 0.421,"Actual Total Time": 995.648,"Actual Rows": 107266,"Actual Loops": 3,"Inner Unique": true,"Workers": [],"Plans": [{"Node Type": "Nested Loop","Parent Relationship": "Outer","Parallel Aware": false,"Async Capable": false,"Join Type": "Inner","Startup Cost": 0.86,"Total Cost": 40338.56,"Plan Rows": 51,"Plan Width": 35,"Actual Startup Time": 0.324,"Actual Total Time": 812.642,"Actual Rows": 107266,"Actual Loops": 3,"Inner Unique": false,"Workers": [],"Plans": [{"Node Type": "Nested Loop","Parent Relationship": "Outer","Parallel Aware": false,"Async Capable": false,"Join Type": "Inner","Startup Cost": 0.42,"Total Cost": 22456.59,"Plan Rows": 16835,"Plan Width": 18,"Actual Startup Time": 0.198,"Actual Total Time": 115.648,"Actual Rows": 14303,"Actual Loops": 3,"Inner Unique": false,"Workers": [],"Plans": [{"Node Type": "Seq Scan","Parent Relationship": "Outer","Parallel Aware": true,"Async Capable": false,"Relation Name": "part","Alias": "part","Startup Cost": 0.00,"Total Cost": 5138.67,"Plan Rows": 4209,"Plan Width": 4,"Actual Startup Time": 0.052,"Actual Total Time": 50.443,"Actual Rows": 3576,"Actual Loops": 3,"Filter": "((p_name)::text ~~ '%aquamarine%'::text)","Rows Removed by Filter": 63091,"Workers": []},{"Node Type": "Index Scan","Parent Relationship": "Inner","Parallel Aware": false,"Async Capable": false,"Scan Direction": "Forward","Index Name": "idx_partsupp_partkey","Relation Name": "partsupp","Alias": "partsupp","Startup Cost": 0.42,"Total Cost": 4.07,"Plan Rows": 4,"Plan Width": 14,"Actual Startup Time": 0.014,"Actual Total Time": 0.017,"Actual Rows": 4,"Actual Loops": 10727,"Index Cond": "(ps_partkey = part.p_partkey)","Rows Removed by Index Recheck": 0,"Workers": []}]},{"Node Type": "Index Scan","Parent Relationship": "Inner","Parallel Aware": false,"Async Capable": false,"Scan Direction": "Forward","Index Name": "idx_lineitem_part_supp","Relation Name": "lineitem","Alias": "lineitem","Startup Cost": 0.43,"Total Cost": 1.05,"Plan Rows": 1,"Plan Width": 29,"Actual Startup Time": 0.007,"Actual Total Time": 0.047,"Actual Rows": 7,"Actual Loops": 42908,"Index Cond": "((l_partkey = partsupp.ps_partkey) AND (l_suppkey = partsupp.ps_suppkey))","Rows Removed by Index Recheck": 0,"Workers": []}]},{"Node Type": "Index Scan","Parent Relationship": "Inner","Parallel Aware": false,"Async Capable": false,"Scan Direction": "Forward","Index Name": "supplier_pkey","Relation Name": "supplier","Alias": "supplier","Startup Cost": 0.29,"Total Cost": 0.30,"Plan Rows": 1,"Plan Width": 8,"Actual Startup Time": 0.001,"Actual Total Time": 0.001,"Actual Rows": 1,"Actual Loops": 321798,"Index Cond": "(s_suppkey = lineitem.l_suppkey)","Rows Removed by Index Recheck": 0,"Workers": []}]},{"Node Type": "Index Scan","Parent Relationship": "Inner","Parallel Aware": false,"Async Capable": false,"Scan Direction": "Forward","Index Name": "orders_pkey","Relation Name": "orders","Alias": "orders","Startup Cost": 0.43,"Total Cost": 0.47,"Plan Rows": 1,"Plan Width": 8,"Actual Startup Time": 0.010,"Actual Total Time": 0.010,"Actual Rows": 1,"Actual Loops": 321798,"Index Cond": "(o_orderkey = lineitem.l_orderkey)","Rows Removed by Index Recheck": 0,"Workers": []}]},{"Node Type": "Hash","Parent Relationship": "Inner","Parallel Aware": false,"Async Capable": false,"Startup Cost": 1.25,"Total Cost": 1.25,"Plan Rows": 25,"Plan Width": 108,"Actual Startup Time": 0.085,"Actual Total Time": 0.094,"Actual Rows": 25,"Actual Loops": 3,"Hash Buckets": 1024,"Original Hash Buckets": 1024,"Hash Batches": 1,"Original Hash Batches": 1,"Peak Memory Usage": 10,"Workers": [],"Plans": [{"Node Type": "Seq Scan","Parent Relationship": "Outer","Parallel Aware": false,"Async Capable": false,"Relation Name": "nation","Alias": "nation","Startup Cost": 0.00,"Total Cost": 1.25,"Plan Rows": 25,"Plan Width": 108,"Actual Startup Time": 0.060,"Actual Total Time": 0.066,"Actual Rows": 25,"Actual Loops": 3,"Workers": []}]}]}]}]}]}]},"Planning Time": 10.822,"Triggers": [],"Execution Time": 2526.608}]
[{"Plan": {"Node Type": "Aggregate","Strategy": "Sorted","Partial Mode": "Finalize","Parallel Aware": false,"Async Capable": false,"Startup Cost": 51920.12,"Total Cost": 51953.05,"Plan Rows": 219,"Plan Width": 168,"Actual Startup Time": 1721.654,"Actual Total Time": 1827.276,"Actual Rows": 175,"Actual Loops": 1,"Group Key": ["nation.n_name", "(EXTRACT(year FROM orders.o_orderdate))"],"Plans": [{"Node Type": "Gather Merge","Parent Relationship": "Outer","Parallel Aware": false,"Async Capable": false,"Startup Cost": 51920.12,"Total Cost": 51947.63,"Plan Rows": 213,"Plan Width": 168,"Actual Startup Time": 1720.222,"Actual Total Time": 1826.765,"Actual Rows": 700,"Actual Loops": 1,"Workers Planned": 3,"Workers Launched": 3,"Plans": [{"Node Type": "Aggregate","Strategy": "Sorted","Partial Mode": "Partial","Parent Relationship": "Outer","Parallel Aware": false,"Async Capable": false,"Startup Cost": 50920.08,"Total Cost": 50922.56,"Plan Rows": 71,"Plan Width": 168,"Actual Startup Time": 1650.749,"Actual Total Time": 1734.261,"Actual Rows": 175,"Actual Loops": 4,"Group Key": ["nation.n_name", "(EXTRACT(year FROM orders.o_orderdate))"],"Workers": [],"Plans": [{"Node Type": "Sort","Parent Relationship": "Outer","Parallel Aware": false,"Async Capable": false,"Startup Cost": 50920.08,"Total Cost": 50920.26,"Plan Rows": 71,"Plan Width": 159,"Actual Startup Time": 1650.366,"Actual Total Time": 1677.057,"Actual Rows": 80612,"Actual Loops": 4,"Sort Key": ["nation.n_name", "(EXTRACT(year FROM orders.o_orderdate)) DESC"],"Sort Method": "quicksort","Sort Space Used": 11250,"Sort Space Type": "Memory","Workers": [{"Worker Number": 0,"Sort Method": "quicksort","Sort Space Used": 11043,"Sort Space Type": "Memory"},{"Worker Number": 1,"Sort Method": "quicksort","Sort Space Used": 11082,"Sort Space Type": "Memory"},{"Worker Number": 2,"Sort Method": "quicksort","Sort Space Used": 11022,"Sort Space Type": "Memory"}],"Plans": [{"Node Type": "Hash Join","Parent Relationship": "Outer","Parallel Aware": false,"Async Capable": false,"Join Type": "Inner","Startup Cost": 5236.07,"Total Cost": 50917.89,"Plan Rows": 71,"Plan Width": 159,"Actual Startup Time": 23.103,"Actual Total Time": 1552.537,"Actual Rows": 80612,"Actual Loops": 4,"Inner Unique": true,"Hash Cond": "(supplier.s_nationkey = nation.n_nationkey)","Workers": [],"Plans": [{"Node Type": "Nested Loop","Parent Relationship": "Outer","Parallel Aware": false,"Async Capable": false,"Join Type": "Inner","Startup Cost": 5234.51,"Total Cost": 50915.94,"Plan Rows": 71,"Plan Width": 31,"Actual Startup Time": 22.948,"Actual Total Time": 1529.400,"Actual Rows": 80612,"Actual Loops": 4,"Inner Unique": true,"Workers": [],"Plans": [{"Node Type": "Nested Loop","Parent Relationship": "Outer","Parallel Aware": false,"Async Capable": false,"Join Type": "Inner","Startup Cost": 5234.08,"Total Cost": 50882.91,"Plan Rows": 71,"Plan Width": 31,"Actual Startup Time": 22.886,"Actual Total Time": 802.830,"Actual Rows": 80612,"Actual Loops": 4,"Inner Unique": true,"Workers": [],"Plans": [{"Node Type": "Nested Loop","Parent Relationship": "Outer","Parallel Aware": false,"Async Capable": false,"Join Type": "Inner","Startup Cost": 5233.80,"Total Cost": 50861.42,"Plan Rows": 71,"Plan Width": 35,"Actual Startup Time": 22.843,"Actual Total Time": 667.163,"Actual Rows": 80612,"Actual Loops": 4,"Inner Unique": false,"Workers": [],"Plans": [{"Node Type": "Hash Join","Parent Relationship": "Outer","Parallel Aware": true,"Async Capable": false,"Join Type": "Inner","Startup Cost": 5233.37,"Total Cost": 25942.44,"Plan Rows": 23460,"Plan Width": 18,"Actual Startup Time": 22.783,"Actual Total Time": 202.540,"Actual Rows": 10756,"Actual Loops": 4,"Inner Unique": true,"Hash Cond": "(partsupp.ps_partkey = part.p_partkey)","Workers": [],"Plans": [{"Node Type": "Seq Scan","Parent Relationship": "Outer","Parallel Aware": true,"Async Capable": false,"Relation Name": "partsupp","Alias": "partsupp","Startup Cost": 0.00,"Total Cost": 20031.65,"Plan Rows": 258065,"Plan Width": 14,"Actual Startup Time": 0.012,"Actual Total Time": 41.903,"Actual Rows": 200000,"Actual Loops": 4,"Workers": []},{"Node Type": "Hash","Parent Relationship": "Inner","Parallel Aware": true,"Async Capable": false,"Startup Cost": 5138.67,"Total Cost": 5138.67,"Plan Rows": 7576,"Plan Width": 4,"Actual Startup Time": 22.548,"Actual Total Time": 22.557,"Actual Rows": 2689,"Actual Loops": 4,"Hash Buckets": 32768,"Original Hash Buckets": 32768,"Hash Batches": 1,"Original Hash Batches": 1,"Peak Memory Usage": 704,"Workers": [],"Plans": [{"Node Type": "Seq Scan","Parent Relationship": "Outer","Parallel Aware": true,"Async Capable": false,"Relation Name": "part","Alias": "part","Startup Cost": 0.00,"Total Cost": 5138.67,"Plan Rows": 7576,"Plan Width": 4,"Actual Startup Time": 0.036,"Actual Total Time": 20.722,"Actual Rows": 2689,"Actual Loops": 4,"Filter": "((p_name)::text ~~ '%royal%'::text)","Rows Removed by Filter": 47311,"Workers": []}]}]},{"Node Type": "Index Scan","Parent Relationship": "Inner","Parallel Aware": false,"Async Capable": false,"Scan Direction": "Forward","Index Name": "idx_lineitem_part_supp","Relation Name": "lineitem","Alias": "lineitem","Startup Cost": 0.43,"Total Cost": 1.05,"Plan Rows": 1,"Plan Width": 29,"Actual Startup Time": 0.006,"Actual Total Time": 0.042,"Actual Rows": 7,"Actual Loops": 43024,"Index Cond": "((l_partkey = partsupp.ps_partkey) AND (l_suppkey = partsupp.ps_suppkey))","Rows Removed by Index Recheck": 0,"Workers": []}]},{"Node Type": "Index Scan","Parent Relationship": "Inner","Parallel Aware": false,"Async Capable": false,"Scan Direction": "Forward","Index Name": "supplier_pkey","Relation Name": "supplier","Alias": "supplier","Startup Cost": 0.29,"Total Cost": 0.30,"Plan Rows": 1,"Plan Width": 8,"Actual Startup Time": 0.001,"Actual Total Time": 0.001,"Actual Rows": 1,"Actual Loops": 322446,"Index Cond": "(s_suppkey = lineitem.l_suppkey)","Rows Removed by Index Recheck": 0,"Workers": []}]},{"Node Type": "Index Scan","Parent Relationship": "Inner","Parallel Aware": false,"Async Capable": false,"Scan Direction": "Forward","Index Name": "orders_pkey","Relation Name": "orders","Alias": "orders","Startup Cost": 0.43,"Total Cost": 0.47,"Plan Rows": 1,"Plan Width": 8,"Actual Startup Time": 0.009,"Actual Total Time": 0.009,"Actual Rows": 1,"Actual Loops": 322446,"Index Cond": "(o_orderkey = lineitem.l_orderkey)","Rows Removed by Index Recheck": 0,"Workers": []}]},{"Node Type": "Hash","Parent Relationship": "Inner","Parallel Aware": false,"Async Capable": false,"Startup Cost": 1.25,"Total Cost": 1.25,"Plan Rows": 25,"Plan Width": 108,"Actual Startup Time": 0.059,"Actual Total Time": 0.064,"Actual Rows": 25,"Actual Loops": 4,"Hash Buckets": 1024,"Original Hash Buckets": 1024,"Hash Batches": 1,"Original Hash Batches": 1,"Peak Memory Usage": 10,"Workers": [],"Plans": [{"Node Type": "Seq Scan","Parent Relationship": "Outer","Parallel Aware": false,"Async Capable": false,"Relation Name": "nation","Alias": "nation","Startup Cost": 0.00,"Total Cost": 1.25,"Plan Rows": 25,"Plan Width": 108,"Actual Startup Time": 0.039,"Actual Total Time": 0.043,"Actual Rows": 25,"Actual Loops": 4,"Workers": []}]}]}]}]}]}]},"Planning Time": 12.321,"Triggers": [],"Execution Time": 1830.725}]
[{"Plan": {"Node Type": "Aggregate","Strategy": "Sorted","Partial Mode": "Finalize","Parallel Aware": false,"Async Capable": false,"Startup Cost": 51920.12,"Total Cost": 51953.05,"Plan Rows": 219,"Plan Width": 168,"Actual Startup Time": 1695.944,"Actual Total Time": 1812.622,"Actual Rows": 175,"Actual Loops": 1,"Group Key": ["nation.n_name", "(EXTRACT(year FROM orders.o_orderdate))"],"Plans": [{"Node Type": "Gather Merge","Parent Relationship": "Outer","Parallel Aware": false,"Async Capable": false,"Startup Cost": 51920.12,"Total Cost": 51947.63,"Plan Rows": 213,"Plan Width": 168,"Actual Startup Time": 1695.015,"Actual Total Time": 1812.175,"Actual Rows": 700,"Actual Loops": 1,"Workers Planned": 3,"Workers Launched": 3,"Plans": [{"Node Type": "Aggregate","Strategy": "Sorted","Partial Mode": "Partial","Parent Relationship": "Outer","Parallel Aware": false,"Async Capable": false,"Startup Cost": 50920.08,"Total Cost": 50922.56,"Plan Rows": 71,"Plan Width": 168,"Actual Startup Time": 1627.056,"Actual Total Time": 1716.761,"Actual Rows": 175,"Actual Loops": 4,"Group Key": ["nation.n_name", "(EXTRACT(year FROM orders.o_orderdate))"],"Workers": [],"Plans": [{"Node Type": "Sort","Parent Relationship": "Outer","Parallel Aware": false,"Async Capable": false,"Startup Cost": 50920.08,"Total Cost": 50920.26,"Plan Rows": 71,"Plan Width": 159,"Actual Startup Time": 1626.699,"Actual Total Time": 1654.684,"Actual Rows": 82048,"Actual Loops": 4,"Sort Key": ["nation.n_name", "(EXTRACT(year FROM orders.o_orderdate)) DESC"],"Sort Method": "quicksort","Sort Space Used": 10998,"Sort Space Type": "Memory","Workers": [{"Worker Number": 0,"Sort Method": "quicksort","Sort Space Used": 11093,"Sort Space Type": "Memory"},{"Worker Number": 1,"Sort Method": "quicksort","Sort Space Used": 11417,"Sort Space Type": "Memory"},{"Worker Number": 2,"Sort Method": "quicksort","Sort Space Used": 11464,"Sort Space Type": "Memory"}],"Plans": [{"Node Type": "Hash Join","Parent Relationship": "Outer","Parallel Aware": false,"Async Capable": false,"Join Type": "Inner","Startup Cost": 5236.07,"Total Cost": 50917.89,"Plan Rows": 71,"Plan Width": 159,"Actual Startup Time": 22.962,"Actual Total Time": 1527.674,"Actual Rows": 82048,"Actual Loops": 4,"Inner Unique": true,"Hash Cond": "(supplier.s_nationkey = nation.n_nationkey)","Workers": [],"Plans": [{"Node Type": "Nested Loop","Parent Relationship": "Outer","Parallel Aware": false,"Async Capable": false,"Join Type": "Inner","Startup Cost": 5234.51,"Total Cost": 50915.94,"Plan Rows": 71,"Plan Width": 31,"Actual Startup Time": 22.797,"Actual Total Time": 1504.364,"Actual Rows": 82048,"Actual Loops": 4,"Inner Unique": true,"Workers": [],"Plans": [{"Node Type": "Nested Loop","Parent Relationship": "Outer","Parallel Aware": false,"Async Capable": false,"Join Type": "Inner","Startup Cost": 5234.08,"Total Cost": 50882.91,"Plan Rows": 71,"Plan Width": 31,"Actual Startup Time": 22.733,"Actual Total Time": 778.868,"Actual Rows": 82048,"Actual Loops": 4,"Inner Unique": true,"Workers": [],"Plans": [{"Node Type": "Nested Loop","Parent Relationship": "Outer","Parallel Aware": false,"Async Capable": false,"Join Type": "Inner","Startup Cost": 5233.80,"Total Cost": 50861.42,"Plan Rows": 71,"Plan Width": 35,"Actual Startup Time": 22.679,"Actual Total Time": 641.061,"Actual Rows": 82048,"Actual Loops": 4,"Inner Unique": false,"Workers": [],"Plans": [{"Node Type": "Hash Join","Parent Relationship": "Outer","Parallel Aware": true,"Async Capable": false,"Join Type": "Inner","Startup Cost": 5233.37,"Total Cost": 25942.44,"Plan Rows": 23460,"Plan Width": 18,"Actual Startup Time": 22.614,"Actual Total Time": 187.868,"Actual Rows": 10922,"Actual Loops": 4,"Inner Unique": true,"Hash Cond": "(partsupp.ps_partkey = part.p_partkey)","Workers": [],"Plans": [{"Node Type": "Seq Scan","Parent Relationship": "Outer","Parallel Aware": true,"Async Capable": false,"Relation Name": "partsupp","Alias": "partsupp","Startup Cost": 0.00,"Total Cost": 20031.65,"Plan Rows": 258065,"Plan Width": 14,"Actual Startup Time": 0.015,"Actual Total Time": 42.277,"Actual Rows": 200000,"Actual Loops": 4,"Workers": []},{"Node Type": "Hash","Parent Relationship": "Inner","Parallel Aware": true,"Async Capable": false,"Startup Cost": 5138.67,"Total Cost": 5138.67,"Plan Rows": 7576,"Plan Width": 4,"Actual Startup Time": 22.401,"Actual Total Time": 22.414,"Actual Rows": 2730,"Actual Loops": 4,"Hash Buckets": 32768,"Original Hash Buckets": 32768,"Hash Batches": 1,"Original Hash Batches": 1,"Peak Memory Usage": 704,"Workers": [],"Plans": [{"Node Type": "Seq Scan","Parent Relationship": "Outer","Parallel Aware": true,"Async Capable": false,"Relation Name": "part","Alias": "part","Startup Cost": 0.00,"Total Cost": 5138.67,"Plan Rows": 7576,"Plan Width": 4,"Actual Startup Time": 0.052,"Actual Total Time": 20.933,"Actual Rows": 2730,"Actual Loops": 4,"Filter": "((p_name)::text ~~ '%navajo%'::text)","Rows Removed by Filter": 47270,"Workers": []}]}]},{"Node Type": "Index Scan","Parent Relationship": "Inner","Parallel Aware": false,"Async Capable": false,"Scan Direction": "Forward","Index Name": "idx_lineitem_part_supp","Relation Name": "lineitem","Alias": "lineitem","Startup Cost": 0.43,"Total Cost": 1.05,"Plan Rows": 1,"Plan Width": 29,"Actual Startup Time": 0.006,"Actual Total Time": 0.040,"Actual Rows": 8,"Actual Loops": 43688,"Index Cond": "((l_partkey = partsupp.ps_partkey) AND (l_suppkey = partsupp.ps_suppkey))","Rows Removed by Index Recheck": 0,"Workers": []}]},{"Node Type": "Index Scan","Parent Relationship": "Inner","Parallel Aware": false,"Async Capable": false,"Scan Direction": "Forward","Index Name": "supplier_pkey","Relation Name": "supplier","Alias": "supplier","Startup Cost": 0.29,"Total Cost": 0.30,"Plan Rows": 1,"Plan Width": 8,"Actual Startup Time": 0.001,"Actual Total Time": 0.001,"Actual Rows": 1,"Actual Loops": 328192,"Index Cond": "(s_suppkey = lineitem.l_suppkey)","Rows Removed by Index Recheck": 0,"Workers": []}]},{"Node Type": "Index Scan","Parent Relationship": "Inner","Parallel Aware": false,"Async Capable": false,"Scan Direction": "Forward","Index Name": "orders_pkey","Relation Name": "orders","Alias": "orders","Startup Cost": 0.43,"Total Cost": 0.47,"Plan Rows": 1,"Plan Width": 8,"Actual Startup Time": 0.008,"Actual Total Time": 0.008,"Actual Rows": 1,"Actual Loops": 328192,"Index Cond": "(o_orderkey = lineitem.l_orderkey)","Rows Removed by Index Recheck": 0,"Workers": []}]},{"Node Type": "Hash","Parent Relationship": "Inner","Parallel Aware": false,"Async Capable": false,"Startup Cost": 1.25,"Total Cost": 1.25,"Plan Rows": 25,"Plan Width": 108,"Actual Startup Time": 0.073,"Actual Total Time": 0.078,"Actual Rows": 25,"Actual Loops": 4,"Hash Buckets": 1024,"Original Hash Buckets": 1024,"Hash Batches": 1,"Original Hash Batches": 1,"Peak Memory Usage": 10,"Workers": [],"Plans": [{"Node Type": "Seq Scan","Parent Relationship": "Outer","Parallel Aware": false,"Async Capable": false,"Relation Name": "nation","Alias": "nation","Startup Cost": 0.00,"Total Cost": 1.25,"Plan Rows": 25,"Plan Width": 108,"Actual Startup Time": 0.041,"Actual Total Time": 0.048,"Actual Rows": 25,"Actual Loops": 4,"Workers": []}]}]}]}]}]}]},"Planning Time": 11.862,"Triggers": [],"Execution Time": 1814.545}]
[{"Plan": {"Node Type": "Aggregate","Strategy": "Sorted","Partial Mode": "Finalize","Parallel Aware": false,"Async Capable": false,"Startup Cost": 35224.41,"Total Cost": 35237.30,"Plan Rows": 97,"Plan Width": 168,"Actual Startup Time": 2444.138,"Actual Total Time": 2542.472,"Actual Rows": 175,"Actual Loops": 1,"Group Key": ["nation.n_name", "(EXTRACT(year FROM orders.o_orderdate))"],"Plans": [{"Node Type": "Gather Merge","Parent Relationship": "Outer","Parallel Aware": false,"Async Capable": false,"Startup Cost": 35224.41,"Total Cost": 35235.05,"Plan Rows": 80,"Plan Width": 168,"Actual Startup Time": 2442.420,"Actual Total Time": 2542.094,"Actual Rows": 525,"Actual Loops": 1,"Workers Planned": 2,"Workers Launched": 2,"Plans": [{"Node Type": "Aggregate","Strategy": "Sorted","Partial Mode": "Partial","Parent Relationship": "Outer","Parallel Aware": false,"Async Capable": false,"Startup Cost": 34224.39,"Total Cost": 34225.79,"Plan Rows": 40,"Plan Width": 168,"Actual Startup Time": 2337.842,"Actual Total Time": 2456.025,"Actual Rows": 175,"Actual Loops": 3,"Group Key": ["nation.n_name", "(EXTRACT(year FROM orders.o_orderdate))"],"Workers": [],"Plans": [{"Node Type": "Sort","Parent Relationship": "Outer","Parallel Aware": false,"Async Capable": false,"Startup Cost": 34224.39,"Total Cost": 34224.49,"Plan Rows": 40,"Plan Width": 159,"Actual Startup Time": 2337.234,"Actual Total Time": 2374.843,"Actual Rows": 108757,"Actual Loops": 3,"Sort Key": ["nation.n_name", "(EXTRACT(year FROM orders.o_orderdate)) DESC"],"Sort Method": "quicksort","Sort Space Used": 14638,"Sort Space Type": "Memory","Workers": [{"Worker Number": 0,"Sort Method": "quicksort","Sort Space Used": 13561,"Sort Space Type": "Memory"},{"Worker Number": 1,"Sort Method": "quicksort","Sort Space Used": 13499,"Sort Space Type": "Memory"}],"Plans": [{"Node Type": "Hash Join","Parent Relationship": "Outer","Parallel Aware": false,"Async Capable": false,"Join Type": "Inner","Startup Cost": 3.13,"Total Cost": 34223.32,"Plan Rows": 40,"Plan Width": 159,"Actual Startup Time": 0.556,"Actual Total Time": 2190.470,"Actual Rows": 108757,"Actual Loops": 3,"Inner Unique": true,"Hash Cond": "(supplier.s_nationkey = nation.n_nationkey)","Workers": [],"Plans": [{"Node Type": "Nested Loop","Parent Relationship": "Outer","Parallel Aware": false,"Async Capable": false,"Join Type": "Inner","Startup Cost": 1.57,"Total Cost": 34221.53,"Plan Rows": 40,"Plan Width": 31,"Actual Startup Time": 0.403,"Actual Total Time": 2158.779,"Actual Rows": 108757,"Actual Loops": 3,"Inner Unique": true,"Workers": [],"Plans": [{"Node Type": "Nested Loop","Parent Relationship": "Outer","Parallel Aware": false,"Async Capable": false,"Join Type": "Inner","Startup Cost": 1.14,"Total Cost": 34202.93,"Plan Rows": 40,"Plan Width": 31,"Actual Startup Time": 0.309,"Actual Total Time": 1007.807,"Actual Rows": 108757,"Actual Loops": 3,"Inner Unique": true,"Workers": [],"Plans": [{"Node Type": "Nested Loop","Parent Relationship": "Outer","Parallel Aware": false,"Async Capable": false,"Join Type": "Inner","Startup Cost": 0.86,"Total Cost": 34190.82,"Plan Rows": 40,"Plan Width": 35,"Actual Startup Time": 0.236,"Actual Total Time": 821.703,"Actual Rows": 108757,"Actual Loops": 3,"Inner Unique": false,"Workers": [],"Plans": [{"Node Type": "Nested Loop","Parent Relationship": "Outer","Parallel Aware": false,"Async Capable": false,"Join Type": "Inner","Startup Cost": 0.42,"Total Cost": 19885.25,"Plan Rows": 13468,"Plan Width": 18,"Actual Startup Time": 0.138,"Actual Total Time": 114.586,"Actual Rows": 14501,"Actual Loops": 3,"Inner Unique": false,"Workers": [],"Plans": [{"Node Type": "Seq Scan","Parent Relationship": "Outer","Parallel Aware": true,"Async Capable": false,"Relation Name": "part","Alias": "part","Startup Cost": 0.00,"Total Cost": 5138.67,"Plan Rows": 3367,"Plan Width": 4,"Actual Startup Time": 0.031,"Actual Total Time": 48.710,"Actual Rows": 3625,"Actual Loops": 3,"Filter": "((p_name)::text ~~ '%beige%'::text)","Rows Removed by Filter": 63041,"Workers": []},{"Node Type": "Index Scan","Parent Relationship": "Inner","Parallel Aware": false,"Async Capable": false,"Scan Direction": "Forward","Index Name": "idx_partsupp_partkey","Relation Name": "partsupp","Alias": "partsupp","Startup Cost": 0.42,"Total Cost": 4.34,"Plan Rows": 4,"Plan Width": 14,"Actual Startup Time": 0.014,"Actual Total Time": 0.017,"Actual Rows": 4,"Actual Loops": 10876,"Index Cond": "(ps_partkey = part.p_partkey)","Rows Removed by Index Recheck": 0,"Workers": []}]},{"Node Type": "Index Scan","Parent Relationship": "Inner","Parallel Aware": false,"Async Capable": false,"Scan Direction": "Forward","Index Name": "idx_lineitem_part_supp","Relation Name": "lineitem","Alias": "lineitem","Startup Cost": 0.43,"Total Cost": 1.05,"Plan Rows": 1,"Plan Width": 29,"Actual Startup Time": 0.007,"Actual Total Time": 0.047,"Actual Rows": 7,"Actual Loops": 43504,"Index Cond": "((l_partkey = partsupp.ps_partkey) AND (l_suppkey = partsupp.ps_suppkey))","Rows Removed by Index Recheck": 0,"Workers": []}]},{"Node Type": "Index Scan","Parent Relationship": "Inner","Parallel Aware": false,"Async Capable": false,"Scan Direction": "Forward","Index Name": "supplier_pkey","Relation Name": "supplier","Alias": "supplier","Startup Cost": 0.29,"Total Cost": 0.30,"Plan Rows": 1,"Plan Width": 8,"Actual Startup Time": 0.001,"Actual Total Time": 0.001,"Actual Rows": 1,"Actual Loops": 326272,"Index Cond": "(s_suppkey = lineitem.l_suppkey)","Rows Removed by Index Recheck": 0,"Workers": []}]},{"Node Type": "Index Scan","Parent Relationship": "Inner","Parallel Aware": false,"Async Capable": false,"Scan Direction": "Forward","Index Name": "orders_pkey","Relation Name": "orders","Alias": "orders","Startup Cost": 0.43,"Total Cost": 0.47,"Plan Rows": 1,"Plan Width": 8,"Actual Startup Time": 0.010,"Actual Total Time": 0.010,"Actual Rows": 1,"Actual Loops": 326272,"Index Cond": "(o_orderkey = lineitem.l_orderkey)","Rows Removed by Index Recheck": 0,"Workers": []}]},{"Node Type": "Hash","Parent Relationship": "Inner","Parallel Aware": false,"Async Capable": false,"Startup Cost": 1.25,"Total Cost": 1.25,"Plan Rows": 25,"Plan Width": 108,"Actual Startup Time": 0.080,"Actual Total Time": 0.089,"Actual Rows": 25,"Actual Loops": 3,"Hash Buckets": 1024,"Original Hash Buckets": 1024,"Hash Batches": 1,"Original Hash Batches": 1,"Peak Memory Usage": 10,"Workers": [],"Plans": [{"Node Type": "Seq Scan","Parent Relationship": "Outer","Parallel Aware": false,"Async Capable": false,"Relation Name": "nation","Alias": "nation","Startup Cost": 0.00,"Total Cost": 1.25,"Plan Rows": 25,"Plan Width": 108,"Actual Startup Time": 0.061,"Actual Total Time": 0.065,"Actual Rows": 25,"Actual Loops": 3,"Workers": []}]}]}]}]}]}]},"Planning Time": 11.872,"Triggers": [],"Execution Time": 2543.621}]
[{"Plan": {"Node Type": "Aggregate","Strategy": "Sorted","Partial Mode": "Finalize","Parallel Aware": false,"Async Capable": false,"Startup Cost": 51920.12,"Total Cost": 51953.05,"Plan Rows": 219,"Plan Width": 168,"Actual Startup Time": 1736.886,"Actual Total Time": 1886.803,"Actual Rows": 175,"Actual Loops": 1,"Group Key": ["nation.n_name", "(EXTRACT(year FROM orders.o_orderdate))"],"Plans": [{"Node Type": "Gather Merge","Parent Relationship": "Outer","Parallel Aware": false,"Async Capable": false,"Startup Cost": 51920.12,"Total Cost": 51947.63,"Plan Rows": 213,"Plan Width": 168,"Actual Startup Time": 1734.752,"Actual Total Time": 1886.193,"Actual Rows": 700,"Actual Loops": 1,"Workers Planned": 3,"Workers Launched": 3,"Plans": [{"Node Type": "Aggregate","Strategy": "Sorted","Partial Mode": "Partial","Parent Relationship": "Outer","Parallel Aware": false,"Async Capable": false,"Startup Cost": 50920.08,"Total Cost": 50922.56,"Plan Rows": 71,"Plan Width": 168,"Actual Startup Time": 1652.291,"Actual Total Time": 1749.811,"Actual Rows": 175,"Actual Loops": 4,"Group Key": ["nation.n_name", "(EXTRACT(year FROM orders.o_orderdate))"],"Workers": [],"Plans": [{"Node Type": "Sort","Parent Relationship": "Outer","Parallel Aware": false,"Async Capable": false,"Startup Cost": 50920.08,"Total Cost": 50920.26,"Plan Rows": 71,"Plan Width": 159,"Actual Startup Time": 1651.742,"Actual Total Time": 1686.315,"Actual Rows": 81570,"Actual Loops": 4,"Sort Key": ["nation.n_name", "(EXTRACT(year FROM orders.o_orderdate)) DESC"],"Sort Method": "quicksort","Sort Space Used": 11359,"Sort Space Type": "Memory","Workers": [{"Worker Number": 0,"Sort Method": "quicksort","Sort Space Used": 11284,"Sort Space Type": "Memory"},{"Worker Number": 1,"Sort Method": "quicksort","Sort Space Used": 11074,"Sort Space Type": "Memory"},{"Worker Number": 2,"Sort Method": "quicksort","Sort Space Used": 11060,"Sort Space Type": "Memory"}],"Plans": [{"Node Type": "Hash Join","Parent Relationship": "Outer","Parallel Aware": false,"Async Capable": false,"Join Type": "Inner","Startup Cost": 5236.07,"Total Cost": 50917.89,"Plan Rows": 71,"Plan Width": 159,"Actual Startup Time": 23.416,"Actual Total Time": 1550.954,"Actual Rows": 81570,"Actual Loops": 4,"Inner Unique": true,"Hash Cond": "(supplier.s_nationkey = nation.n_nationkey)","Workers": [],"Plans": [{"Node Type": "Nested Loop","Parent Relationship": "Outer","Parallel Aware": false,"Async Capable": false,"Join Type": "Inner","Startup Cost": 5234.51,"Total Cost": 50915.94,"Plan Rows": 71,"Plan Width": 31,"Actual Startup Time": 23.259,"Actual Total Time": 1527.695,"Actual Rows": 81570,"Actual Loops": 4,"Inner Unique": true,"Workers": [],"Plans": [{"Node Type": "Nested Loop","Parent Relationship": "Outer","Parallel Aware": false,"Async Capable": false,"Join Type": "Inner","Startup Cost": 5234.08,"Total Cost": 50882.91,"Plan Rows": 71,"Plan Width": 31,"Actual Startup Time": 23.189,"Actual Total Time": 798.846,"Actual Rows": 81570,"Actual Loops": 4,"Inner Unique": true,"Workers": [],"Plans": [{"Node Type": "Nested Loop","Parent Relationship": "Outer","Parallel Aware": false,"Async Capable": false,"Join Type": "Inner","Startup Cost": 5233.80,"Total Cost": 50861.42,"Plan Rows": 71,"Plan Width": 35,"Actual Startup Time": 23.135,"Actual Total Time": 661.971,"Actual Rows": 81570,"Actual Loops": 4,"Inner Unique": false,"Workers": [],"Plans": [{"Node Type": "Hash Join","Parent Relationship": "Outer","Parallel Aware": true,"Async Capable": false,"Join Type": "Inner","Startup Cost": 5233.37,"Total Cost": 25942.44,"Plan Rows": 23460,"Plan Width": 18,"Actual Startup Time": 23.069,"Actual Total Time": 203.690,"Actual Rows": 10893,"Actual Loops": 4,"Inner Unique": true,"Hash Cond": "(partsupp.ps_partkey = part.p_partkey)","Workers": [],"Plans": [{"Node Type": "Seq Scan","Parent Relationship": "Outer","Parallel Aware": true,"Async Capable": false,"Relation Name": "partsupp","Alias": "partsupp","Startup Cost": 0.00,"Total Cost": 20031.65,"Plan Rows": 258065,"Plan Width": 14,"Actual Startup Time": 0.019,"Actual Total Time": 42.732,"Actual Rows": 200000,"Actual Loops": 4,"Workers": []},{"Node Type": "Hash","Parent Relationship": "Inner","Parallel Aware": true,"Async Capable": false,"Startup Cost": 5138.67,"Total Cost": 5138.67,"Plan Rows": 7576,"Plan Width": 4,"Actual Startup Time": 22.827,"Actual Total Time": 22.842,"Actual Rows": 2723,"Actual Loops": 4,"Hash Buckets": 32768,"Original Hash Buckets": 32768,"Hash Batches": 1,"Original Hash Batches": 1,"Peak Memory Usage": 736,"Workers": [],"Plans": [{"Node Type": "Seq Scan","Parent Relationship": "Outer","Parallel Aware": true,"Async Capable": false,"Relation Name": "part","Alias": "part","Startup Cost": 0.00,"Total Cost": 5138.67,"Plan Rows": 7576,"Plan Width": 4,"Actual Startup Time": 0.046,"Actual Total Time": 21.008,"Actual Rows": 2723,"Actual Loops": 4,"Filter": "((p_name)::text ~~ '%lemon%'::text)","Rows Removed by Filter": 47277,"Workers": []}]}]},{"Node Type": "Index Scan","Parent Relationship": "Inner","Parallel Aware": false,"Async Capable": false,"Scan Direction": "Forward","Index Name": "idx_lineitem_part_supp","Relation Name": "lineitem","Alias": "lineitem","Startup Cost": 0.43,"Total Cost": 1.05,"Plan Rows": 1,"Plan Width": 29,"Actual Startup Time": 0.006,"Actual Total Time": 0.041,"Actual Rows": 7,"Actual Loops": 43572,"Index Cond": "((l_partkey = partsupp.ps_partkey) AND (l_suppkey = partsupp.ps_suppkey))","Rows Removed by Index Recheck": 0,"Workers": []}]},{"Node Type": "Index Scan","Parent Relationship": "Inner","Parallel Aware": false,"Async Capable": false,"Scan Direction": "Forward","Index Name": "supplier_pkey","Relation Name": "supplier","Alias": "supplier","Startup Cost": 0.29,"Total Cost": 0.30,"Plan Rows": 1,"Plan Width": 8,"Actual Startup Time": 0.001,"Actual Total Time": 0.001,"Actual Rows": 1,"Actual Loops": 326278,"Index Cond": "(s_suppkey = lineitem.l_suppkey)","Rows Removed by Index Recheck": 0,"Workers": []}]},{"Node Type": "Index Scan","Parent Relationship": "Inner","Parallel Aware": false,"Async Capable": false,"Scan Direction": "Forward","Index Name": "orders_pkey","Relation Name": "orders","Alias": "orders","Startup Cost": 0.43,"Total Cost": 0.47,"Plan Rows": 1,"Plan Width": 8,"Actual Startup Time": 0.009,"Actual Total Time": 0.009,"Actual Rows": 1,"Actual Loops": 326278,"Index Cond": "(o_orderkey = lineitem.l_orderkey)","Rows Removed by Index Recheck": 0,"Workers": []}]},{"Node Type": "Hash","Parent Relationship": "Inner","Parallel Aware": false,"Async Capable": false,"Startup Cost": 1.25,"Total Cost": 1.25,"Plan Rows": 25,"Plan Width": 108,"Actual Startup Time": 0.065,"Actual Total Time": 0.072,"Actual Rows": 25,"Actual Loops": 4,"Hash Buckets": 1024,"Original Hash Buckets": 1024,"Hash Batches": 1,"Original Hash Batches": 1,"Peak Memory Usage": 10,"Workers": [],"Plans": [{"Node Type": "Seq Scan","Parent Relationship": "Outer","Parallel Aware": false,"Async Capable": false,"Relation Name": "nation","Alias": "nation","Startup Cost": 0.00,"Total Cost": 1.25,"Plan Rows": 25,"Plan Width": 108,"Actual Startup Time": 0.043,"Actual Total Time": 0.049,"Actual Rows": 25,"Actual Loops": 4,"Workers": []}]}]}]}]}]}]},"Planning Time": 13.208,"Triggers": [],"Execution Time": 1890.767}]
[{"Plan": {"Node Type": "Aggregate","Strategy": "Sorted","Partial Mode": "Finalize","Parallel Aware": false,"Async Capable": false,"Startup Cost": 46348.90,"Total Cost": 46374.41,"Plan Rows": 170,"Plan Width": 168,"Actual Startup Time": 1757.899,"Actual Total Time": 1871.868,"Actual Rows": 175,"Actual Loops": 1,"Group Key": ["nation.n_name", "(EXTRACT(year FROM orders.o_orderdate))"],"Plans": [{"Node Type": "Gather Merge","Parent Relationship": "Outer","Parallel Aware": false,"Async Capable": false,"Startup Cost": 46348.90,"Total Cost": 46370.21,"Plan Rows": 165,"Plan Width": 168,"Actual Startup Time": 1756.503,"Actual Total Time": 1871.427,"Actual Rows": 700,"Actual Loops": 1,"Workers Planned": 3,"Workers Launched": 3,"Plans": [{"Node Type": "Aggregate","Strategy": "Sorted","Partial Mode": "Partial","Parent Relationship": "Outer","Parallel Aware": false,"Async Capable": false,"Startup Cost": 45348.86,"Total Cost": 45350.79,"Plan Rows": 55,"Plan Width": 168,"Actual Startup Time": 1668.919,"Actual Total Time": 1766.305,"Actual Rows": 175,"Actual Loops": 4,"Group Key": ["nation.n_name", "(EXTRACT(year FROM orders.o_orderdate))"],"Workers": [],"Plans": [{"Node Type": "Sort","Parent Relationship": "Outer","Parallel Aware": false,"Async Capable": false,"Startup Cost": 45348.86,"Total Cost": 45349.00,"Plan Rows": 55,"Plan Width": 159,"Actual Startup Time": 1668.444,"Actual Total Time": 1703.145,"Actual Rows": 83038,"Actual Loops": 4,"Sort Key": ["nation.n_name", "(EXTRACT(year FROM orders.o_orderdate)) DESC"],"Sort Method": "quicksort","Sort Space Used": 11548,"Sort Space Type": "Memory","Workers": [{"Worker Number": 0,"Sort Method": "quicksort","Sort Space Used": 11418,"Sort Space Type": "Memory"},{"Worker Number": 1,"Sort Method": "quicksort","Sort Space Used": 11149,"Sort Space Type": "Memory"},{"Worker Number": 2,"Sort Method": "quicksort","Sort Space Used": 11246,"Sort Space Type": "Memory"}],"Plans": [{"Node Type": "Hash Join","Parent Relationship": "Outer","Parallel Aware": false,"Async Capable": false,"Join Type": "Inner","Startup Cost": 5215.02,"Total Cost": 45347.27,"Plan Rows": 55,"Plan Width": 159,"Actual Startup Time": 21.688,"Actual Total Time": 1565.255,"Actual Rows": 83038,"Actual Loops": 4,"Inner Unique": true,"Hash Cond": "(supplier.s_nationkey = nation.n_nationkey)","Workers": [],"Plans": [{"Node Type": "Nested Loop","Parent Relationship": "Outer","Parallel Aware": false,"Async Capable": false,"Join Type": "Inner","Startup Cost": 5213.46,"Total Cost": 45345.40,"Plan Rows": 55,"Plan Width": 31,"Actual Startup Time": 21.499,"Actual Total Time": 1541.205,"Actual Rows": 83038,"Actual Loops": 4,"Inner Unique": true,"Workers": [],"Plans": [{"Node Type": "Nested Loop","Parent Relationship": "Outer","Parallel Aware": false,"Async Capable": false,"Join Type": "Inner","Startup Cost": 5213.03,"Total Cost": 45319.82,"Plan Rows": 55,"Plan Width": 31,"Actual Startup Time": 21.433,"Actual Total Time": 798.756,"Actual Rows": 83038,"Actual Loops": 4,"Inner Unique": true,"Workers": [],"Plans": [{"Node Type": "Nested Loop","Parent Relationship": "Outer","Parallel Aware": false,"Async Capable": false,"Join Type": "Inner","Startup Cost": 5212.75,"Total Cost": 45303.17,"Plan Rows": 55,"Plan Width": 35,"Actual Startup Time": 21.394,"Actual Total Time": 659.573,"Actual Rows": 83038,"Actual Loops": 4,"Inner Unique": false,"Workers": [],"Plans": [{"Node Type": "Hash Join","Parent Relationship": "Outer","Parallel Aware": true,"Async Capable": false,"Join Type": "Inner","Startup Cost": 5212.32,"Total Cost": 25921.39,"Plan Rows": 18247,"Plan Width": 18,"Actual Startup Time": 21.331,"Actual Total Time": 195.916,"Actual Rows": 11075,"Actual Loops": 4,"Inner Unique": true,"Hash Cond": "(partsupp.ps_partkey = part.p_partkey)","Workers": [],"Plans": [{"Node Type": "Seq Scan","Parent Relationship": "Outer","Parallel Aware": true,"Async Capable": false,"Relation Name": "partsupp","Alias": "partsupp","Startup Cost": 0.00,"Total Cost": 20031.65,"Plan Rows": 258065,"Plan Width": 14,"Actual Startup Time": 0.015,"Actual Total Time": 42.252,"Actual Rows": 200000,"Actual Loops": 4,"Workers": []},{"Node Type": "Hash","Parent Relationship": "Inner","Parallel Aware": true,"Async Capable": false,"Startup Cost": 5138.67,"Total Cost": 5138.67,"Plan Rows": 5892,"Plan Width": 4,"Actual Startup Time": 21.111,"Actual Total Time": 21.124,"Actual Rows": 2769,"Actual Loops": 4,"Hash Buckets": 16384,"Original Hash Buckets": 16384,"Hash Batches": 1,"Original Hash Batches": 1,"Peak Memory Usage": 608,"Workers": [],"Plans": [{"Node Type": "Seq Scan","Parent Relationship": "Outer","Parallel Aware": true,"Async Capable": false,"Relation Name": "part","Alias": "part","Startup Cost": 0.00,"Total Cost": 5138.67,"Plan Rows": 5892,"Plan Width": 4,"Actual Startup Time": 0.069,"Actual Total Time": 19.514,"Actual Rows": 2769,"Actual Loops": 4,"Filter": "((p_name)::text ~~ '%tan%'::text)","Rows Removed by Filter": 47231,"Workers": []}]}]},{"Node Type": "Index Scan","Parent Relationship": "Inner","Parallel Aware": false,"Async Capable": false,"Scan Direction": "Forward","Index Name": "idx_lineitem_part_supp","Relation Name": "lineitem","Alias": "lineitem","Startup Cost": 0.43,"Total Cost": 1.05,"Plan Rows": 1,"Plan Width": 29,"Actual Startup Time": 0.006,"Actual Total Time": 0.040,"Actual Rows": 7,"Actual Loops": 44300,"Index Cond": "((l_partkey = partsupp.ps_partkey) AND (l_suppkey = partsupp.ps_suppkey))","Rows Removed by Index Recheck": 0,"Workers": []}]},{"Node Type": "Index Scan","Parent Relationship": "Inner","Parallel Aware": false,"Async Capable": false,"Scan Direction": "Forward","Index Name": "supplier_pkey","Relation Name": "supplier","Alias": "supplier","Startup Cost": 0.29,"Total Cost": 0.30,"Plan Rows": 1,"Plan Width": 8,"Actual Startup Time": 0.001,"Actual Total Time": 0.001,"Actual Rows": 1,"Actual Loops": 332152,"Index Cond": "(s_suppkey = lineitem.l_suppkey)","Rows Removed by Index Recheck": 0,"Workers": []}]},{"Node Type": "Index Scan","Parent Relationship": "Inner","Parallel Aware": false,"Async Capable": false,"Scan Direction": "Forward","Index Name": "orders_pkey","Relation Name": "orders","Alias": "orders","Startup Cost": 0.43,"Total Cost": 0.47,"Plan Rows": 1,"Plan Width": 8,"Actual Startup Time": 0.009,"Actual Total Time": 0.009,"Actual Rows": 1,"Actual Loops": 332152,"Index Cond": "(o_orderkey = lineitem.l_orderkey)","Rows Removed by Index Recheck": 0,"Workers": []}]},{"Node Type": "Hash","Parent Relationship": "Inner","Parallel Aware": false,"Async Capable": false,"Startup Cost": 1.25,"Total Cost": 1.25,"Plan Rows": 25,"Plan Width": 108,"Actual Startup Time": 0.081,"Actual Total Time": 0.088,"Actual Rows": 25,"Actual Loops": 4,"Hash Buckets": 1024,"Original Hash Buckets": 1024,"Hash Batches": 1,"Original Hash Batches": 1,"Peak Memory Usage": 10,"Workers": [],"Plans": [{"Node Type": "Seq Scan","Parent Relationship": "Outer","Parallel Aware": false,"Async Capable": false,"Relation Name": "nation","Alias": "nation","Startup Cost": 0.00,"Total Cost": 1.25,"Plan Rows": 25,"Plan Width": 108,"Actual Startup Time": 0.052,"Actual Total Time": 0.059,"Actual Rows": 25,"Actual Loops": 4,"Workers": []}]}]}]}]}]}]},"Planning Time": 11.717,"Triggers": [],"Execution Time": 1872.853}]
[{"Plan": {"Node Type": "Aggregate","Strategy": "Sorted","Partial Mode": "Finalize","Parallel Aware": false,"Async Capable": false,"Startup Cost": 15191.58,"Total Cost": 15194.80,"Plan Rows": 24,"Plan Width": 168,"Actual Startup Time": 2580.050,"Actual Total Time": 2695.598,"Actual Rows": 175,"Actual Loops": 1,"Group Key": ["nation.n_name", "(EXTRACT(year FROM orders.o_orderdate))"],"Plans": [{"Node Type": "Gather Merge","Parent Relationship": "Outer","Parallel Aware": false,"Async Capable": false,"Startup Cost": 15191.58,"Total Cost": 15194.24,"Plan Rows": 20,"Plan Width": 168,"Actual Startup Time": 2578.182,"Actual Total Time": 2695.139,"Actual Rows": 525,"Actual Loops": 1,"Workers Planned": 2,"Workers Launched": 2,"Plans": [{"Node Type": "Aggregate","Strategy": "Sorted","Partial Mode": "Partial","Parent Relationship": "Outer","Parallel Aware": false,"Async Capable": false,"Startup Cost": 14191.56,"Total Cost": 14191.91,"Plan Rows": 10,"Plan Width": 168,"Actual Startup Time": 2460.574,"Actual Total Time": 2586.008,"Actual Rows": 175,"Actual Loops": 3,"Group Key": ["nation.n_name", "(EXTRACT(year FROM orders.o_orderdate))"],"Workers": [],"Plans": [{"Node Type": "Sort","Parent Relationship": "Outer","Parallel Aware": false,"Async Capable": false,"Startup Cost": 14191.56,"Total Cost": 14191.59,"Plan Rows": 10,"Plan Width": 159,"Actual Startup Time": 2459.945,"Actual Total Time": 2501.002,"Actual Rows": 109962,"Actual Loops": 3,"Sort Key": ["nation.n_name", "(EXTRACT(year FROM orders.o_orderdate)) DESC"],"Sort Method": "quicksort","Sort Space Used": 14734,"Sort Space Type": "Memory","Workers": [{"Worker Number": 0,"Sort Method": "quicksort","Sort Space Used": 13697,"Sort Space Type": "Memory"},{"Worker Number": 1,"Sort Method": "quicksort","Sort Space Used": 13637,"Sort Space Type": "Memory"}],"Plans": [{"Node Type": "Nested Loop","Parent Relationship": "Outer","Parallel Aware": false,"Async Capable": false,"Join Type": "Inner","Startup Cost": 1.71,"Total Cost": 14191.39,"Plan Rows": 10,"Plan Width": 159,"Actual Startup Time": 0.548,"Actual Total Time": 2314.077,"Actual Rows": 109962,"Actual Loops": 3,"Inner Unique": true,"Workers": [],"Plans": [{"Node Type": "Nested Loop","Parent Relationship": "Outer","Parallel Aware": false,"Async Capable": false,"Join Type": "Inner","Startup Cost": 1.57,"Total Cost": 14189.81,"Plan Rows": 10,"Plan Width": 31,"Actual Startup Time": 0.468,"Actual Total Time": 2156.976,"Actual Rows": 109962,"Actual Loops": 3,"Inner Unique": true,"Workers": [],"Plans": [{"Node Type": "Nested Loop","Parent Relationship": "Outer","Parallel Aware": false,"Async Capable": false,"Join Type": "Inner","Startup Cost": 1.14,"Total Cost": 14185.15,"Plan Rows": 10,"Plan Width": 31,"Actual Startup Time": 0.326,"Actual Total Time": 995.510,"Actual Rows": 109962,"Actual Loops": 3,"Inner Unique": true,"Workers": [],"Plans": [{"Node Type": "Nested Loop","Parent Relationship": "Outer","Parallel Aware": false,"Async Capable": false,"Join Type": "Inner","Startup Cost": 0.86,"Total Cost": 14182.13,"Plan Rows": 10,"Plan Width": 35,"Actual Startup Time": 0.255,"Actual Total Time": 803.233,"Actual Rows": 109962,"Actual Loops": 3,"Inner Unique": false,"Workers": [],"Plans": [{"Node Type": "Nested Loop","Parent Relationship": "Outer","Parallel Aware": false,"Async Capable": false,"Join Type": "Inner","Startup Cost": 0.42,"Total Cost": 10605.73,"Plan Rows": 3367,"Plan Width": 18,"Actual Startup Time": 0.152,"Actual Total Time": 120.343,"Actual Rows": 14627,"Actual Loops": 3,"Inner Unique": false,"Workers": [],"Plans": [{"Node Type": "Seq Scan","Parent Relationship": "Outer","Parallel Aware": true,"Async Capable": false,"Relation Name": "part","Alias": "part","Startup Cost": 0.00,"Total Cost": 5138.67,"Plan Rows": 842,"Plan Width": 4,"Actual Startup Time": 0.051,"Actual Total Time": 50.932,"Actual Rows": 3657,"Actual Loops": 3,"Filter": "((p_name)::text ~~ '%almond%'::text)","Rows Removed by Filter": 63010,"Workers": []},{"Node Type": "Index Scan","Parent Relationship": "Inner","Parallel Aware": false,"Async Capable": false,"Scan Direction": "Forward","Index Name": "idx_partsupp_partkey","Relation Name": "partsupp","Alias": "partsupp","Startup Cost": 0.42,"Total Cost": 6.45,"Plan Rows": 4,"Plan Width": 14,"Actual Startup Time": 0.013,"Actual Total Time": 0.018,"Actual Rows": 4,"Actual Loops": 10970,"Index Cond": "(ps_partkey = part.p_partkey)","Rows Removed by Index Recheck": 0,"Workers": []}]},{"Node Type": "Index Scan","Parent Relationship": "Inner","Parallel Aware": false,"Async Capable": false,"Scan Direction": "Forward","Index Name": "idx_lineitem_part_supp","Relation Name": "lineitem","Alias": "lineitem","Startup Cost": 0.43,"Total Cost": 1.05,"Plan Rows": 1,"Plan Width": 29,"Actual Startup Time": 0.007,"Actual Total Time": 0.045,"Actual Rows": 8,"Actual Loops": 43880,"Index Cond": "((l_partkey = partsupp.ps_partkey) AND (l_suppkey = partsupp.ps_suppkey))","Rows Removed by Index Recheck": 0,"Workers": []}]},{"Node Type": "Index Scan","Parent Relationship": "Inner","Parallel Aware": false,"Async Capable": false,"Scan Direction": "Forward","Index Name": "supplier_pkey","Relation Name": "supplier","Alias": "supplier","Startup Cost": 0.29,"Total Cost": 0.30,"Plan Rows": 1,"Plan Width": 8,"Actual Startup Time": 0.001,"Actual Total Time": 0.001,"Actual Rows": 1,"Actual Loops": 329885,"Index Cond": "(s_suppkey = lineitem.l_suppkey)","Rows Removed by Index Recheck": 0,"Workers": []}]},{"Node Type": "Index Scan","Parent Relationship": "Inner","Parallel Aware": false,"Async Capable": false,"Scan Direction": "Forward","Index Name": "orders_pkey","Relation Name": "orders","Alias": "orders","Startup Cost": 0.43,"Total Cost": 0.47,"Plan Rows": 1,"Plan Width": 8,"Actual Startup Time": 0.010,"Actual Total Time": 0.010,"Actual Rows": 1,"Actual Loops": 329885,"Index Cond": "(o_orderkey = lineitem.l_orderkey)","Rows Removed by Index Recheck": 0,"Workers": []}]},{"Node Type": "Index Scan","Parent Relationship": "Inner","Parallel Aware": false,"Async Capable": false,"Scan Direction": "Forward","Index Name": "nation_pkey","Relation Name": "nation","Alias": "nation","Startup Cost": 0.14,"Total Cost": 0.16,"Plan Rows": 1,"Plan Width": 108,"Actual Startup Time": 0.001,"Actual Total Time": 0.001,"Actual Rows": 1,"Actual Loops": 329885,"Index Cond": "(n_nationkey = supplier.s_nationkey)","Rows Removed by Index Recheck": 0,"Workers": []}]}]}]}]}]},"Planning Time": 11.358,"Triggers": [],"Execution Time": 2698.445}]
[{"Plan": {"Node Type": "Aggregate","Strategy": "Sorted","Partial Mode": "Finalize","Parallel Aware": false,"Async Capable": false,"Startup Cost": 28858.40,"Total Cost": 28868.07,"Plan Rows": 73,"Plan Width": 168,"Actual Startup Time": 2398.655,"Actual Total Time": 2502.700,"Actual Rows": 175,"Actual Loops": 1,"Group Key": ["nation.n_name", "(EXTRACT(year FROM orders.o_orderdate))"],"Plans": [{"Node Type": "Gather Merge","Parent Relationship": "Outer","Parallel Aware": false,"Async Capable": false,"Startup Cost": 28858.40,"Total Cost": 28866.38,"Plan Rows": 60,"Plan Width": 168,"Actual Startup Time": 2396.991,"Actual Total Time": 2502.164,"Actual Rows": 525,"Actual Loops": 1,"Workers Planned": 2,"Workers Launched": 2,"Plans": [{"Node Type": "Aggregate","Strategy": "Sorted","Partial Mode": "Partial","Parent Relationship": "Outer","Parallel Aware": false,"Async Capable": false,"Startup Cost": 27858.38,"Total Cost": 27859.43,"Plan Rows": 30,"Plan Width": 168,"Actual Startup Time": 2292.034,"Actual Total Time": 2415.187,"Actual Rows": 175,"Actual Loops": 3,"Group Key": ["nation.n_name", "(EXTRACT(year FROM orders.o_orderdate))"],"Workers": [],"Plans": [{"Node Type": "Sort","Parent Relationship": "Outer","Parallel Aware": false,"Async Capable": false,"Startup Cost": 27858.38,"Total Cost": 27858.46,"Plan Rows": 30,"Plan Width": 159,"Actual Startup Time": 2291.473,"Actual Total Time": 2331.706,"Actual Rows": 106427,"Actual Loops": 3,"Sort Key": ["nation.n_name", "(EXTRACT(year FROM orders.o_orderdate)) DESC"],"Sort Method": "quicksort","Sort Space Used": 13552,"Sort Space Type": "Memory","Workers": [{"Worker Number": 0,"Sort Method": "quicksort","Sort Space Used": 13739,"Sort Space Type": "Memory"},{"Worker Number": 1,"Sort Method": "quicksort","Sort Space Used": 13719,"Sort Space Type": "Memory"}],"Plans": [{"Node Type": "Hash Join","Parent Relationship": "Outer","Parallel Aware": false,"Async Capable": false,"Join Type": "Inner","Startup Cost": 3.13,"Total Cost": 27857.64,"Plan Rows": 30,"Plan Width": 159,"Actual Startup Time": 0.679,"Actual Total Time": 2140.139,"Actual Rows": 106427,"Actual Loops": 3,"Inner Unique": true,"Hash Cond": "(supplier.s_nationkey = nation.n_nationkey)","Workers": [],"Plans": [{"Node Type": "Nested Loop","Parent Relationship": "Outer","Parallel Aware": false,"Async Capable": false,"Join Type": "Inner","Startup Cost": 1.57,"Total Cost": 27855.92,"Plan Rows": 30,"Plan Width": 31,"Actual Startup Time": 0.479,"Actual Total Time": 2108.947,"Actual Rows": 106427,"Actual Loops": 3,"Inner Unique": true,"Workers": [],"Plans": [{"Node Type": "Nested Loop","Parent Relationship": "Outer","Parallel Aware": false,"Async Capable": false,"Join Type": "Inner","Startup Cost": 1.14,"Total Cost": 27841.96,"Plan Rows": 30,"Plan Width": 31,"Actual Startup Time": 0.356,"Actual Total Time": 979.627,"Actual Rows": 106427,"Actual Loops": 3,"Inner Unique": true,"Workers": [],"Plans": [{"Node Type": "Nested Loop","Parent Relationship": "Outer","Parallel Aware": false,"Async Capable": false,"Join Type": "Inner","Startup Cost": 0.86,"Total Cost": 27832.88,"Plan Rows": 30,"Plan Width": 35,"Actual Startup Time": 0.274,"Actual Total Time": 798.249,"Actual Rows": 106427,"Actual Loops": 3,"Inner Unique": false,"Workers": [],"Plans": [{"Node Type": "Nested Loop","Parent Relationship": "Outer","Parallel Aware": false,"Async Capable": false,"Join Type": "Inner","Startup Cost": 0.42,"Total Cost": 17103.70,"Plan Rows": 10101,"Plan Width": 18,"Actual Startup Time": 0.166,"Actual Total Time": 118.353,"Actual Rows": 14152,"Actual Loops": 3,"Inner Unique": false,"Workers": [],"Plans": [{"Node Type": "Seq Scan","Parent Relationship": "Outer","Parallel Aware": true,"Async Capable": false,"Relation Name": "part","Alias": "part","Startup Cost": 0.00,"Total Cost": 5138.67,"Plan Rows": 2525,"Plan Width": 4,"Actual Startup Time": 0.052,"Actual Total Time": 50.910,"Actual Rows": 3538,"Actual Loops": 3,"Filter": "((p_name)::text ~~ '%blush%'::text)","Rows Removed by Filter": 63129,"Workers": []},{"Node Type": "Index Scan","Parent Relationship": "Inner","Parallel Aware": false,"Async Capable": false,"Scan Direction": "Forward","Index Name": "idx_partsupp_partkey","Relation Name": "partsupp","Alias": "partsupp","Startup Cost": 0.42,"Total Cost": 4.70,"Plan Rows": 4,"Plan Width": 14,"Actual Startup Time": 0.014,"Actual Total Time": 0.018,"Actual Rows": 4,"Actual Loops": 10614,"Index Cond": "(ps_partkey = part.p_partkey)","Rows Removed by Index Recheck": 0,"Workers": []}]},{"Node Type": "Index Scan","Parent Relationship": "Inner","Parallel Aware": false,"Async Capable": false,"Scan Direction": "Forward","Index Name": "idx_lineitem_part_supp","Relation Name": "lineitem","Alias": "lineitem","Startup Cost": 0.43,"Total Cost": 1.05,"Plan Rows": 1,"Plan Width": 29,"Actual Startup Time": 0.007,"Actual Total Time": 0.046,"Actual Rows": 8,"Actual Loops": 42456,"Index Cond": "((l_partkey = partsupp.ps_partkey) AND (l_suppkey = partsupp.ps_suppkey))","Rows Removed by Index Recheck": 0,"Workers": []}]},{"Node Type": "Index Scan","Parent Relationship": "Inner","Parallel Aware": false,"Async Capable": false,"Scan Direction": "Forward","Index Name": "supplier_pkey","Relation Name": "supplier","Alias": "supplier","Startup Cost": 0.29,"Total Cost": 0.30,"Plan Rows": 1,"Plan Width": 8,"Actual Startup Time": 0.001,"Actual Total Time": 0.001,"Actual Rows": 1,"Actual Loops": 319280,"Index Cond": "(s_suppkey = lineitem.l_suppkey)","Rows Removed by Index Recheck": 0,"Workers": []}]},{"Node Type": "Index Scan","Parent Relationship": "Inner","Parallel Aware": false,"Async Capable": false,"Scan Direction": "Forward","Index Name": "orders_pkey","Relation Name": "orders","Alias": "orders","Startup Cost": 0.43,"Total Cost": 0.47,"Plan Rows": 1,"Plan Width": 8,"Actual Startup Time": 0.010,"Actual Total Time": 0.010,"Actual Rows": 1,"Actual Loops": 319280,"Index Cond": "(o_orderkey = lineitem.l_orderkey)","Rows Removed by Index Recheck": 0,"Workers": []}]},{"Node Type": "Hash","Parent Relationship": "Inner","Parallel Aware": false,"Async Capable": false,"Startup Cost": 1.25,"Total Cost": 1.25,"Plan Rows": 25,"Plan Width": 108,"Actual Startup Time": 0.096,"Actual Total Time": 0.129,"Actual Rows": 25,"Actual Loops": 3,"Hash Buckets": 1024,"Original Hash Buckets": 1024,"Hash Batches": 1,"Original Hash Batches": 1,"Peak Memory Usage": 10,"Workers": [],"Plans": [{"Node Type": "Seq Scan","Parent Relationship": "Outer","Parallel Aware": false,"Async Capable": false,"Relation Name": "nation","Alias": "nation","Startup Cost": 0.00,"Total Cost": 1.25,"Plan Rows": 25,"Plan Width": 108,"Actual Startup Time": 0.062,"Actual Total Time": 0.090,"Actual Rows": 25,"Actual Loops": 3,"Workers": []}]}]}]}]}]}]},"Planning Time": 12.103,"Triggers": [],"Execution Time": 2504.152}]
[{"Plan": {"Node Type": "Aggregate","Strategy": "Sorted","Partial Mode": "Finalize","Parallel Aware": false,"Async Capable": false,"Startup Cost": 35224.41,"Total Cost": 35237.30,"Plan Rows": 97,"Plan Width": 168,"Actual Startup Time": 2409.386,"Actual Total Time": 2518.760,"Actual Rows": 175,"Actual Loops": 1,"Group Key": ["nation.n_name", "(EXTRACT(year FROM orders.o_orderdate))"],"Plans": [{"Node Type": "Gather Merge","Parent Relationship": "Outer","Parallel Aware": false,"Async Capable": false,"Startup Cost": 35224.41,"Total Cost": 35235.05,"Plan Rows": 80,"Plan Width": 168,"Actual Startup Time": 2407.543,"Actual Total Time": 2518.361,"Actual Rows": 525,"Actual Loops": 1,"Workers Planned": 2,"Workers Launched": 2,"Plans": [{"Node Type": "Aggregate","Strategy": "Sorted","Partial Mode": "Partial","Parent Relationship": "Outer","Parallel Aware": false,"Async Capable": false,"Startup Cost": 34224.39,"Total Cost": 34225.79,"Plan Rows": 40,"Plan Width": 168,"Actual Startup Time": 2318.085,"Actual Total Time": 2437.966,"Actual Rows": 175,"Actual Loops": 3,"Group Key": ["nation.n_name", "(EXTRACT(year FROM orders.o_orderdate))"],"Workers": [],"Plans": [{"Node Type": "Sort","Parent Relationship": "Outer","Parallel Aware": false,"Async Capable": false,"Startup Cost": 34224.39,"Total Cost": 34224.49,"Plan Rows": 40,"Plan Width": 159,"Actual Startup Time": 2317.450,"Actual Total Time": 2356.305,"Actual Rows": 107546,"Actual Loops": 3,"Sort Key": ["nation.n_name", "(EXTRACT(year FROM orders.o_orderdate)) DESC"],"Sort Method": "quicksort","Sort Space Used": 14482,"Sort Space Type": "Memory","Workers": [{"Worker Number": 0,"Sort Method": "quicksort","Sort Space Used": 13456,"Sort Space Type": "Memory"},{"Worker Number": 1,"Sort Method": "quicksort","Sort Space Used": 13404,"Sort Space Type": "Memory"}],"Plans": [{"Node Type": "Hash Join","Parent Relationship": "Outer","Parallel Aware": false,"Async Capable": false,"Join Type": "Inner","Startup Cost": 3.13,"Total Cost": 34223.32,"Plan Rows": 40,"Plan Width": 159,"Actual Startup Time": 0.706,"Actual Total Time": 2173.342,"Actual Rows": 107546,"Actual Loops": 3,"Inner Unique": true,"Hash Cond": "(supplier.s_nationkey = nation.n_nationkey)","Workers": [],"Plans": [{"Node Type": "Nested Loop","Parent Relationship": "Outer","Parallel Aware": false,"Async Capable": false,"Join Type": "Inner","Startup Cost": 1.57,"Total Cost": 34221.53,"Plan Rows": 40,"Plan Width": 31,"Actual Startup Time": 0.527,"Actual Total Time": 2141.873,"Actual Rows": 107546,"Actual Loops": 3,"Inner Unique": true,"Workers": [],"Plans": [{"Node Type": "Nested Loop","Parent Relationship": "Outer","Parallel Aware": false,"Async Capable": false,"Join Type": "Inner","Startup Cost": 1.14,"Total Cost": 34202.93,"Plan Rows": 40,"Plan Width": 31,"Actual Startup Time": 0.392,"Actual Total Time": 1002.144,"Actual Rows": 107546,"Actual Loops": 3,"Inner Unique": true,"Workers": [],"Plans": [{"Node Type": "Nested Loop","Parent Relationship": "Outer","Parallel Aware": false,"Async Capable": false,"Join Type": "Inner","Startup Cost": 0.86,"Total Cost": 34190.82,"Plan Rows": 40,"Plan Width": 35,"Actual Startup Time": 0.311,"Actual Total Time": 818.545,"Actual Rows": 107546,"Actual Loops": 3,"Inner Unique": false,"Workers": [],"Plans": [{"Node Type": "Nested Loop","Parent Relationship": "Outer","Parallel Aware": false,"Async Capable": false,"Join Type": "Inner","Startup Cost": 0.42,"Total Cost": 19885.25,"Plan Rows": 13468,"Plan Width": 18,"Actual Startup Time": 0.196,"Actual Total Time": 115.625,"Actual Rows": 14367,"Actual Loops": 3,"Inner Unique": false,"Workers": [],"Plans": [{"Node Type": "Seq Scan","Parent Relationship": "Outer","Parallel Aware": true,"Async Capable": false,"Relation Name": "part","Alias": "part","Startup Cost": 0.00,"Total Cost": 5138.67,"Plan Rows": 3367,"Plan Width": 4,"Actual Startup Time": 0.047,"Actual Total Time": 50.112,"Actual Rows": 3592,"Actual Loops": 3,"Filter": "((p_name)::text ~~ '%lawn%'::text)","Rows Removed by Filter": 63075,"Workers": []},{"Node Type": "Index Scan","Parent Relationship": "Inner","Parallel Aware": false,"Async Capable": false,"Scan Direction": "Forward","Index Name": "idx_partsupp_partkey","Relation Name": "partsupp","Alias": "partsupp","Startup Cost": 0.42,"Total Cost": 4.34,"Plan Rows": 4,"Plan Width": 14,"Actual Startup Time": 0.014,"Actual Total Time": 0.017,"Actual Rows": 4,"Actual Loops": 10775,"Index Cond": "(ps_partkey = part.p_partkey)","Rows Removed by Index Recheck": 0,"Workers": []}]},{"Node Type": "Index Scan","Parent Relationship": "Inner","Parallel Aware": false,"Async Capable": false,"Scan Direction": "Forward","Index Name": "idx_lineitem_part_supp","Relation Name": "lineitem","Alias": "lineitem","Startup Cost": 0.43,"Total Cost": 1.05,"Plan Rows": 1,"Plan Width": 29,"Actual Startup Time": 0.007,"Actual Total Time": 0.047,"Actual Rows": 7,"Actual Loops": 43100,"Index Cond": "((l_partkey = partsupp.ps_partkey) AND (l_suppkey = partsupp.ps_suppkey))","Rows Removed by Index Recheck": 0,"Workers": []}]},{"Node Type": "Index Scan","Parent Relationship": "Inner","Parallel Aware": false,"Async Capable": false,"Scan Direction": "Forward","Index Name": "supplier_pkey","Relation Name": "supplier","Alias": "supplier","Startup Cost": 0.29,"Total Cost": 0.30,"Plan Rows": 1,"Plan Width": 8,"Actual Startup Time": 0.001,"Actual Total Time": 0.001,"Actual Rows": 1,"Actual Loops": 322637,"Index Cond": "(s_suppkey = lineitem.l_suppkey)","Rows Removed by Index Recheck": 0,"Workers": []}]},{"Node Type": "Index Scan","Parent Relationship": "Inner","Parallel Aware": false,"Async Capable": false,"Scan Direction": "Forward","Index Name": "orders_pkey","Relation Name": "orders","Alias": "orders","Startup Cost": 0.43,"Total Cost": 0.47,"Plan Rows": 1,"Plan Width": 8,"Actual Startup Time": 0.010,"Actual Total Time": 0.010,"Actual Rows": 1,"Actual Loops": 322637,"Index Cond": "(o_orderkey = lineitem.l_orderkey)","Rows Removed by Index Recheck": 0,"Workers": []}]},{"Node Type": "Hash","Parent Relationship": "Inner","Parallel Aware": false,"Async Capable": false,"Startup Cost": 1.25,"Total Cost": 1.25,"Plan Rows": 25,"Plan Width": 108,"Actual Startup Time": 0.078,"Actual Total Time": 0.089,"Actual Rows": 25,"Actual Loops": 3,"Hash Buckets": 1024,"Original Hash Buckets": 1024,"Hash Batches": 1,"Original Hash Batches": 1,"Peak Memory Usage": 10,"Workers": [],"Plans": [{"Node Type": "Seq Scan","Parent Relationship": "Outer","Parallel Aware": false,"Async Capable": false,"Relation Name": "nation","Alias": "nation","Startup Cost": 0.00,"Total Cost": 1.25,"Plan Rows": 25,"Plan Width": 108,"Actual Startup Time": 0.053,"Actual Total Time": 0.059,"Actual Rows": 25,"Actual Loops": 3,"Workers": []}]}]}]}]}]}]},"Planning Time": 11.643,"Triggers": [],"Execution Time": 2520.117}]
[{"Plan": {"Node Type": "Aggregate","Strategy": "Sorted","Partial Mode": "Finalize","Parallel Aware": false,"Async Capable": false,"Startup Cost": 46348.90,"Total Cost": 46374.41,"Plan Rows": 170,"Plan Width": 168,"Actual Startup Time": 1721.900,"Actual Total Time": 1830.646,"Actual Rows": 175,"Actual Loops": 1,"Group Key": ["nation.n_name", "(EXTRACT(year FROM orders.o_orderdate))"],"Plans": [{"Node Type": "Gather Merge","Parent Relationship": "Outer","Parallel Aware": false,"Async Capable": false,"Startup Cost": 46348.90,"Total Cost": 46370.21,"Plan Rows": 165,"Plan Width": 168,"Actual Startup Time": 1720.280,"Actual Total Time": 1830.173,"Actual Rows": 700,"Actual Loops": 1,"Workers Planned": 3,"Workers Launched": 3,"Plans": [{"Node Type": "Aggregate","Strategy": "Sorted","Partial Mode": "Partial","Parent Relationship": "Outer","Parallel Aware": false,"Async Capable": false,"Startup Cost": 45348.86,"Total Cost": 45350.79,"Plan Rows": 55,"Plan Width": 168,"Actual Startup Time": 1654.475,"Actual Total Time": 1741.275,"Actual Rows": 175,"Actual Loops": 4,"Group Key": ["nation.n_name", "(EXTRACT(year FROM orders.o_orderdate))"],"Workers": [],"Plans": [{"Node Type": "Sort","Parent Relationship": "Outer","Parallel Aware": false,"Async Capable": false,"Startup Cost": 45348.86,"Total Cost": 45349.00,"Plan Rows": 55,"Plan Width": 159,"Actual Startup Time": 1654.136,"Actual Total Time": 1680.723,"Actual Rows": 82316,"Actual Loops": 4,"Sort Key": ["nation.n_name", "(EXTRACT(year FROM orders.o_orderdate)) DESC"],"Sort Method": "quicksort","Sort Space Used": 11440,"Sort Space Type": "Memory","Workers": [{"Worker Number": 0,"Sort Method": "quicksort","Sort Space Used": 11396,"Sort Space Type": "Memory"},{"Worker Number": 1,"Sort Method": "quicksort","Sort Space Used": 11133,"Sort Space Type": "Memory"},{"Worker Number": 2,"Sort Method": "quicksort","Sort Space Used": 11106,"Sort Space Type": "Memory"}],"Plans": [{"Node Type": "Hash Join","Parent Relationship": "Outer","Parallel Aware": false,"Async Capable": false,"Join Type": "Inner","Startup Cost": 5215.02,"Total Cost": 45347.27,"Plan Rows": 55,"Plan Width": 159,"Actual Startup Time": 22.420,"Actual Total Time": 1553.173,"Actual Rows": 82316,"Actual Loops": 4,"Inner Unique": true,"Hash Cond": "(supplier.s_nationkey = nation.n_nationkey)","Workers": [],"Plans": [{"Node Type": "Nested Loop","Parent Relationship": "Outer","Parallel Aware": false,"Async Capable": false,"Join Type": "Inner","Startup Cost": 5213.46,"Total Cost": 45345.40,"Plan Rows": 55,"Plan Width": 31,"Actual Startup Time": 22.259,"Actual Total Time": 1529.513,"Actual Rows": 82316,"Actual Loops": 4,"Inner Unique": true,"Workers": [],"Plans": [{"Node Type": "Nested Loop","Parent Relationship": "Outer","Parallel Aware": false,"Async Capable": false,"Join Type": "Inner","Startup Cost": 5213.03,"Total Cost": 45319.82,"Plan Rows": 55,"Plan Width": 31,"Actual Startup Time": 22.154,"Actual Total Time": 794.323,"Actual Rows": 82316,"Actual Loops": 4,"Inner Unique": true,"Workers": [],"Plans": [{"Node Type": "Nested Loop","Parent Relationship": "Outer","Parallel Aware": false,"Async Capable": false,"Join Type": "Inner","Startup Cost": 5212.75,"Total Cost": 45303.17,"Plan Rows": 55,"Plan Width": 35,"Actual Startup Time": 22.102,"Actual Total Time": 656.654,"Actual Rows": 82316,"Actual Loops": 4,"Inner Unique": false,"Workers": [],"Plans": [{"Node Type": "Hash Join","Parent Relationship": "Outer","Parallel Aware": true,"Async Capable": false,"Join Type": "Inner","Startup Cost": 5212.32,"Total Cost": 25921.39,"Plan Rows": 18247,"Plan Width": 18,"Actual Startup Time": 22.020,"Actual Total Time": 197.924,"Actual Rows": 10995,"Actual Loops": 4,"Inner Unique": true,"Hash Cond": "(partsupp.ps_partkey = part.p_partkey)","Workers": [],"Plans": [{"Node Type": "Seq Scan","Parent Relationship": "Outer","Parallel Aware": true,"Async Capable": false,"Relation Name": "partsupp","Alias": "partsupp","Startup Cost": 0.00,"Total Cost": 20031.65,"Plan Rows": 258065,"Plan Width": 14,"Actual Startup Time": 0.022,"Actual Total Time": 42.354,"Actual Rows": 200000,"Actual Loops": 4,"Workers": []},{"Node Type": "Hash","Parent Relationship": "Inner","Parallel Aware": true,"Async Capable": false,"Startup Cost": 5138.67,"Total Cost": 5138.67,"Plan Rows": 5892,"Plan Width": 4,"Actual Startup Time": 21.785,"Actual Total Time": 21.794,"Actual Rows": 2749,"Actual Loops": 4,"Hash Buckets": 16384,"Original Hash Buckets": 16384,"Hash Batches": 1,"Original Hash Batches": 1,"Peak Memory Usage": 640,"Workers": [],"Plans": [{"Node Type": "Seq Scan","Parent Relationship": "Outer","Parallel Aware": true,"Async Capable": false,"Relation Name": "part","Alias": "part","Startup Cost": 0.00,"Total Cost": 5138.67,"Plan Rows": 5892,"Plan Width": 4,"Actual Startup Time": 0.084,"Actual Total Time": 20.105,"Actual Rows": 2749,"Actual Loops": 4,"Filter": "((p_name)::text ~~ '%hot%'::text)","Rows Removed by Filter": 47251,"Workers": []}]}]},{"Node Type": "Index Scan","Parent Relationship": "Inner","Parallel Aware": false,"Async Capable": false,"Scan Direction": "Forward","Index Name": "idx_lineitem_part_supp","Relation Name": "lineitem","Alias": "lineitem","Startup Cost": 0.43,"Total Cost": 1.05,"Plan Rows": 1,"Plan Width": 29,"Actual Startup Time": 0.006,"Actual Total Time": 0.040,"Actual Rows": 7,"Actual Loops": 43980,"Index Cond": "((l_partkey = partsupp.ps_partkey) AND (l_suppkey = partsupp.ps_suppkey))","Rows Removed by Index Recheck": 0,"Workers": []}]},{"Node Type": "Index Scan","Parent Relationship": "Inner","Parallel Aware": false,"Async Capable": false,"Scan Direction": "Forward","Index Name": "supplier_pkey","Relation Name": "supplier","Alias": "supplier","Startup Cost": 0.29,"Total Cost": 0.30,"Plan Rows": 1,"Plan Width": 8,"Actual Startup Time": 0.001,"Actual Total Time": 0.001,"Actual Rows": 1,"Actual Loops": 329264,"Index Cond": "(s_suppkey = lineitem.l_suppkey)","Rows Removed by Index Recheck": 0,"Workers": []}]},{"Node Type": "Index Scan","Parent Relationship": "Inner","Parallel Aware": false,"Async Capable": false,"Scan Direction": "Forward","Index Name": "orders_pkey","Relation Name": "orders","Alias": "orders","Startup Cost": 0.43,"Total Cost": 0.47,"Plan Rows": 1,"Plan Width": 8,"Actual Startup Time": 0.009,"Actual Total Time": 0.009,"Actual Rows": 1,"Actual Loops": 329264,"Index Cond": "(o_orderkey = lineitem.l_orderkey)","Rows Removed by Index Recheck": 0,"Workers": []}]},{"Node Type": "Hash","Parent Relationship": "Inner","Parallel Aware": false,"Async Capable": false,"Startup Cost": 1.25,"Total Cost": 1.25,"Plan Rows": 25,"Plan Width": 108,"Actual Startup Time": 0.067,"Actual Total Time": 0.073,"Actual Rows": 25,"Actual Loops": 4,"Hash Buckets": 1024,"Original Hash Buckets": 1024,"Hash Batches": 1,"Original Hash Batches": 1,"Peak Memory Usage": 10,"Workers": [],"Plans": [{"Node Type": "Seq Scan","Parent Relationship": "Outer","Parallel Aware": false,"Async Capable": false,"Relation Name": "nation","Alias": "nation","Startup Cost": 0.00,"Total Cost": 1.25,"Plan Rows": 25,"Plan Width": 108,"Actual Startup Time": 0.046,"Actual Total Time": 0.051,"Actual Rows": 25,"Actual Loops": 4,"Workers": []}]}]}]}]}]}]},"Planning Time": 11.474,"Triggers": [],"Execution Time": 1832.228}]
[{"Plan": {"Node Type": "Aggregate","Strategy": "Sorted","Partial Mode": "Finalize","Parallel Aware": false,"Async Capable": false,"Startup Cost": 41381.04,"Total Cost": 41397.45,"Plan Rows": 122,"Plan Width": 168,"Actual Startup Time": 2402.130,"Actual Total Time": 2525.292,"Actual Rows": 175,"Actual Loops": 1,"Group Key": ["nation.n_name", "(EXTRACT(year FROM orders.o_orderdate))"],"Plans": [{"Node Type": "Gather Merge","Parent Relationship": "Outer","Parallel Aware": false,"Async Capable": false,"Startup Cost": 41381.04,"Total Cost": 41394.60,"Plan Rows": 102,"Plan Width": 168,"Actual Startup Time": 2401.500,"Actual Total Time": 2524.925,"Actual Rows": 525,"Actual Loops": 1,"Workers Planned": 2,"Workers Launched": 2,"Plans": [{"Node Type": "Aggregate","Strategy": "Sorted","Partial Mode": "Partial","Parent Relationship": "Outer","Parallel Aware": false,"Async Capable": false,"Startup Cost": 40381.01,"Total Cost": 40382.80,"Plan Rows": 51,"Plan Width": 168,"Actual Startup Time": 2309.277,"Actual Total Time": 2434.754,"Actual Rows": 175,"Actual Loops": 3,"Group Key": ["nation.n_name", "(EXTRACT(year FROM orders.o_orderdate))"],"Workers": [],"Plans": [{"Node Type": "Sort","Parent Relationship": "Outer","Parallel Aware": false,"Async Capable": false,"Startup Cost": 40381.01,"Total Cost": 40381.14,"Plan Rows": 51,"Plan Width": 159,"Actual Startup Time": 2308.778,"Actual Total Time": 2350.395,"Actual Rows": 107266,"Actual Loops": 3,"Sort Key": ["nation.n_name", "(EXTRACT(year FROM orders.o_orderdate)) DESC"],"Sort Method": "quicksort","Sort Space Used": 14493,"Sort Space Type": "Memory","Workers": [{"Worker Number": 0,"Sort Method": "quicksort","Sort Space Used": 13387,"Sort Space Type": "Memory"},{"Worker Number": 1,"Sort Method": "quicksort","Sort Space Used": 13375,"Sort Space Type": "Memory"}],"Plans": [{"Node Type": "Hash Join","Parent Relationship": "Outer","Parallel Aware": false,"Async Capable": false,"Join Type": "Inner","Startup Cost": 3.13,"Total Cost": 40379.57,"Plan Rows": 51,"Plan Width": 159,"Actual Startup Time": 0.734,"Actual Total Time": 2166.199,"Actual Rows": 107266,"Actual Loops": 3,"Inner Unique": true,"Hash Cond": "(supplier.s_nationkey = nation.n_nationkey)","Workers": [],"Plans": [{"Node Type": "Nested Loop","Parent Relationship": "Outer","Parallel Aware": false,"Async Capable": false,"Join Type": "Inner","Startup Cost": 1.57,"Total Cost": 40377.72,"Plan Rows": 51,"Plan Width": 31,"Actual Startup Time": 0.557,"Actual Total Time": 2135.002,"Actual Rows": 107266,"Actual Loops": 3,"Inner Unique": true,"Workers": [],"Plans": [{"Node Type": "Nested Loop","Parent Relationship": "Outer","Parallel Aware": false,"Async Capable": false,"Join Type": "Inner","Startup Cost": 1.14,"Total Cost": 40354.00,"Plan Rows": 51,"Plan Width": 31,"Actual Startup Time": 0.421,"Actual Total Time": 995.648,"Actual Rows": 107266,"Actual Loops": 3,"Inner Unique": true,"Workers": [],"Plans": [{"Node Type": "Nested Loop","Parent Relationship": "Outer","Parallel Aware": false,"Async Capable": false,"Join Type": "Inner","Startup Cost": 0.86,"Total Cost": 40338.56,"Plan Rows": 51,"Plan Width": 35,"Actual Startup Time": 0.324,"Actual Total Time": 812.642,"Actual Rows": 107266,"Actual Loops": 3,"Inner Unique": false,"Workers": [],"Plans": [{"Node Type": "Nested Loop","Parent Relationship": "Outer","Parallel Aware": false,"Async Capable": false,"Join Type": "Inner","Startup Cost": 0.42,"Total Cost": 22456.59,"Plan Rows": 16835,"Plan Width": 18,"Actual Startup Time": 0.198,"Actual Total Time": 115.648,"Actual Rows": 14303,"Actual Loops": 3,"Inner Unique": false,"Workers": [],"Plans": [{"Node Type": "Seq Scan","Parent Relationship": "Outer","Parallel Aware": true,"Async Capable": false,"Relation Name": "part","Alias": "part","Startup Cost": 0.00,"Total Cost": 5138.67,"Plan Rows": 4209,"Plan Width": 4,"Actual Startup Time": 0.052,"Actual Total Time": 50.443,"Actual Rows": 3576,"Actual Loops": 3,"Filter": "((p_name)::text ~~ '%aquamarine%'::text)","Rows Removed by Filter": 63091,"Workers": []},{"Node Type": "Index Scan","Parent Relationship": "Inner","Parallel Aware": false,"Async Capable": false,"Scan Direction": "Forward","Index Name": "idx_partsupp_partkey","Relation Name": "partsupp","Alias": "partsupp","Startup Cost": 0.42,"Total Cost": 4.07,"Plan Rows": 4,"Plan Width": 14,"Actual Startup Time": 0.014,"Actual Total Time": 0.017,"Actual Rows": 4,"Actual Loops": 10727,"Index Cond": "(ps_partkey = part.p_partkey)","Rows Removed by Index Recheck": 0,"Workers": []}]},{"Node Type": "Index Scan","Parent Relationship": "Inner","Parallel Aware": false,"Async Capable": false,"Scan Direction": "Forward","Index Name": "idx_lineitem_part_supp","Relation Name": "lineitem","Alias": "lineitem","Startup Cost": 0.43,"Total Cost": 1.05,"Plan Rows": 1,"Plan Width": 29,"Actual Startup Time": 0.007,"Actual Total Time": 0.047,"Actual Rows": 7,"Actual Loops": 42908,"Index Cond": "((l_partkey = partsupp.ps_partkey) AND (l_suppkey = partsupp.ps_suppkey))","Rows Removed by Index Recheck": 0,"Workers": []}]},{"Node Type": "Index Scan","Parent Relationship": "Inner","Parallel Aware": false,"Async Capable": false,"Scan Direction": "Forward","Index Name": "supplier_pkey","Relation Name": "supplier","Alias": "supplier","Startup Cost": 0.29,"Total Cost": 0.30,"Plan Rows": 1,"Plan Width": 8,"Actual Startup Time": 0.001,"Actual Total Time": 0.001,"Actual Rows": 1,"Actual Loops": 321798,"Index Cond": "(s_suppkey = lineitem.l_suppkey)","Rows Removed by Index Recheck": 0,"Workers": []}]},{"Node Type": "Index Scan","Parent Relationship": "Inner","Parallel Aware": false,"Async Capable": false,"Scan Direction": "Forward","Index Name": "orders_pkey","Relation Name": "orders","Alias": "orders","Startup Cost": 0.43,"Total Cost": 0.47,"Plan Rows": 1,"Plan Width": 8,"Actual Startup Time": 0.010,"Actual Total Time": 0.010,"Actual Rows": 1,"Actual Loops": 321798,"Index Cond": "(o_orderkey = lineitem.l_orderkey)","Rows Removed by Index Recheck": 0,"Workers": []}]},{"Node Type": "Hash","Parent Relationship": "Inner","Parallel Aware": false,"Async Capable": false,"Startup Cost": 1.25,"Total Cost": 1.25,"Plan Rows": 25,"Plan Width": 108,"Actual Startup Time": 0.085,"Actual Total Time": 0.094,"Actual Rows": 25,"Actual Loops": 3,"Hash Buckets": 1024,"Original Hash Buckets": 1024,"Hash Batches": 1,"Original Hash Batches": 1,"Peak Memory Usage": 10,"Workers": [],"Plans": [{"Node Type": "Seq Scan","Parent Relationship": "Outer","Parallel Aware": false,"Async Capable": false,"Relation Name": "nation","Alias": "nation","Startup Cost": 0.00,"Total Cost": 1.25,"Plan Rows": 25,"Plan Width": 108,"Actual Startup Time": 0.060,"Actual Total Time": 0.066,"Actual Rows": 25,"Actual Loops": 3,"Workers": []}]}]}]}]}]}]},"Planning Time": 10.822,"Triggers": [],"Execution Time": 2526.608}]
[{"Plan": {"Node Type": "Aggregate","Strategy": "Sorted","Partial Mode": "Finalize","Parallel Aware": false,"Async Capable": false,"Startup Cost": 51920.12,"Total Cost": 51953.05,"Plan Rows": 219,"Plan Width": 168,"Actual Startup Time": 1736.886,"Actual Total Time": 1886.803,"Actual Rows": 175,"Actual Loops": 1,"Group Key": ["nation.n_name", "(EXTRACT(year FROM orders.o_orderdate))"],"Plans": [{"Node Type": "Gather Merge","Parent Relationship": "Outer","Parallel Aware": false,"Async Capable": false,"Startup Cost": 51920.12,"Total Cost": 51947.63,"Plan Rows": 213,"Plan Width": 168,"Actual Startup Time": 1734.752,"Actual Total Time": 1886.193,"Actual Rows": 700,"Actual Loops": 1,"Workers Planned": 3,"Workers Launched": 3,"Plans": [{"Node Type": "Aggregate","Strategy": "Sorted","Partial Mode": "Partial","Parent Relationship": "Outer","Parallel Aware": false,"Async Capable": false,"Startup Cost": 50920.08,"Total Cost": 50922.56,"Plan Rows": 71,"Plan Width": 168,"Actual Startup Time": 1652.291,"Actual Total Time": 1749.811,"Actual Rows": 175,"Actual Loops": 4,"Group Key": ["nation.n_name", "(EXTRACT(year FROM orders.o_orderdate))"],"Workers": [],"Plans": [{"Node Type": "Sort","Parent Relationship": "Outer","Parallel Aware": false,"Async Capable": false,"Startup Cost": 50920.08,"Total Cost": 50920.26,"Plan Rows": 71,"Plan Width": 159,"Actual Startup Time": 1651.742,"Actual Total Time": 1686.315,"Actual Rows": 81570,"Actual Loops": 4,"Sort Key": ["nation.n_name", "(EXTRACT(year FROM orders.o_orderdate)) DESC"],"Sort Method": "quicksort","Sort Space Used": 11359,"Sort Space Type": "Memory","Workers": [{"Worker Number": 0,"Sort Method": "quicksort","Sort Space Used": 11284,"Sort Space Type": "Memory"},{"Worker Number": 1,"Sort Method": "quicksort","Sort Space Used": 11074,"Sort Space Type": "Memory"},{"Worker Number": 2,"Sort Method": "quicksort","Sort Space Used": 11060,"Sort Space Type": "Memory"}],"Plans": [{"Node Type": "Hash Join","Parent Relationship": "Outer","Parallel Aware": false,"Async Capable": false,"Join Type": "Inner","Startup Cost": 5236.07,"Total Cost": 50917.89,"Plan Rows": 71,"Plan Width": 159,"Actual Startup Time": 23.416,"Actual Total Time": 1550.954,"Actual Rows": 81570,"Actual Loops": 4,"Inner Unique": true,"Hash Cond": "(supplier.s_nationkey = nation.n_nationkey)","Workers": [],"Plans": [{"Node Type": "Nested Loop","Parent Relationship": "Outer","Parallel Aware": false,"Async Capable": false,"Join Type": "Inner","Startup Cost": 5234.51,"Total Cost": 50915.94,"Plan Rows": 71,"Plan Width": 31,"Actual Startup Time": 23.259,"Actual Total Time": 1527.695,"Actual Rows": 81570,"Actual Loops": 4,"Inner Unique": true,"Workers": [],"Plans": [{"Node Type": "Nested Loop","Parent Relationship": "Outer","Parallel Aware": false,"Async Capable": false,"Join Type": "Inner","Startup Cost": 5234.08,"Total Cost": 50882.91,"Plan Rows": 71,"Plan Width": 31,"Actual Startup Time": 23.189,"Actual Total Time": 798.846,"Actual Rows": 81570,"Actual Loops": 4,"Inner Unique": true,"Workers": [],"Plans": [{"Node Type": "Nested Loop","Parent Relationship": "Outer","Parallel Aware": false,"Async Capable": false,"Join Type": "Inner","Startup Cost": 5233.80,"Total Cost": 50861.42,"Plan Rows": 71,"Plan Width": 35,"Actual Startup Time": 23.135,"Actual Total Time": 661.971,"Actual Rows": 81570,"Actual Loops": 4,"Inner Unique": false,"Workers": [],"Plans": [{"Node Type": "Hash Join","Parent Relationship": "Outer","Parallel Aware": true,"Async Capable": false,"Join Type": "Inner","Startup Cost": 5233.37,"Total Cost": 25942.44,"Plan Rows": 23460,"Plan Width": 18,"Actual Startup Time": 23.069,"Actual Total Time": 203.690,"Actual Rows": 10893,"Actual Loops": 4,"Inner Unique": true,"Hash Cond": "(partsupp.ps_partkey = part.p_partkey)","Workers": [],"Plans": [{"Node Type": "Seq Scan","Parent Relationship": "Outer","Parallel Aware": true,"Async Capable": false,"Relation Name": "partsupp","Alias": "partsupp","Startup Cost": 0.00,"Total Cost": 20031.65,"Plan Rows": 258065,"Plan Width": 14,"Actual Startup Time": 0.019,"Actual Total Time": 42.732,"Actual Rows": 200000,"Actual Loops": 4,"Workers": []},{"Node Type": "Hash","Parent Relationship": "Inner","Parallel Aware": true,"Async Capable": false,"Startup Cost": 5138.67,"Total Cost": 5138.67,"Plan Rows": 7576,"Plan Width": 4,"Actual Startup Time": 22.827,"Actual Total Time": 22.842,"Actual Rows": 2723,"Actual Loops": 4,"Hash Buckets": 32768,"Original Hash Buckets": 32768,"Hash Batches": 1,"Original Hash Batches": 1,"Peak Memory Usage": 736,"Workers": [],"Plans": [{"Node Type": "Seq Scan","Parent Relationship": "Outer","Parallel Aware": true,"Async Capable": false,"Relation Name": "part","Alias": "part","Startup Cost": 0.00,"Total Cost": 5138.67,"Plan Rows": 7576,"Plan Width": 4,"Actual Startup Time": 0.046,"Actual Total Time": 21.008,"Actual Rows": 2723,"Actual Loops": 4,"Filter": "((p_name)::text ~~ '%lemon%'::text)","Rows Removed by Filter": 47277,"Workers": []}]}]},{"Node Type": "Index Scan","Parent Relationship": "Inner","Parallel Aware": false,"Async Capable": false,"Scan Direction": "Forward","Index Name": "idx_lineitem_part_supp","Relation Name": "lineitem","Alias": "lineitem","Startup Cost": 0.43,"Total Cost": 1.05,"Plan Rows": 1,"Plan Width": 29,"Actual Startup Time": 0.006,"Actual Total Time": 0.041,"Actual Rows": 7,"Actual Loops": 43572,"Index Cond": "((l_partkey = partsupp.ps_partkey) AND (l_suppkey = partsupp.ps_suppkey))","Rows Removed by Index Recheck": 0,"Workers": []}]},{"Node Type": "Index Scan","Parent Relationship": "Inner","Parallel Aware": false,"Async Capable": false,"Scan Direction": "Forward","Index Name": "supplier_pkey","Relation Name": "supplier","Alias": "supplier","Startup Cost": 0.29,"Total Cost": 0.30,"Plan Rows": 1,"Plan Width": 8,"Actual Startup Time": 0.001,"Actual Total Time": 0.001,"Actual Rows": 1,"Actual Loops": 326278,"Index Cond": "(s_suppkey = lineitem.l_suppkey)","Rows Removed by Index Recheck": 0,"Workers": []}]},{"Node Type": "Index Scan","Parent Relationship": "Inner","Parallel Aware": false,"Async Capable": false,"Scan Direction": "Forward","Index Name": "orders_pkey","Relation Name": "orders","Alias": "orders","Startup Cost": 0.43,"Total Cost": 0.47,"Plan Rows": 1,"Plan Width": 8,"Actual Startup Time": 0.009,"Actual Total Time": 0.009,"Actual Rows": 1,"Actual Loops": 326278,"Index Cond": "(o_orderkey = lineitem.l_orderkey)","Rows Removed by Index Recheck": 0,"Workers": []}]},{"Node Type": "Hash","Parent Relationship": "Inner","Parallel Aware": false,"Async Capable": false,"Startup Cost": 1.25,"Total Cost": 1.25,"Plan Rows": 25,"Plan Width": 108,"Actual Startup Time": 0.065,"Actual Total Time": 0.072,"Actual Rows": 25,"Actual Loops": 4,"Hash Buckets": 1024,"Original Hash Buckets": 1024,"Hash Batches": 1,"Original Hash Batches": 1,"Peak Memory Usage": 10,"Workers": [],"Plans": [{"Node Type": "Seq Scan","Parent Relationship": "Outer","Parallel Aware": false,"Async Capable": false,"Relation Name": "nation","Alias": "nation","Startup Cost": 0.00,"Total Cost": 1.25,"Plan Rows": 25,"Plan Width": 108,"Actual Startup Time": 0.043,"Actual Total Time": 0.049,"Actual Rows": 25,"Actual Loops": 4,"Workers": []}]}]}]}]}]}]},"Planning Time": 13.208,"Triggers": [],"Execution Time": 1890.767}]
[{"Plan": {"Node Type": "Aggregate","Strategy": "Sorted","Partial Mode": "Finalize","Parallel Aware": false,"Async Capable": false,"Startup Cost": 46348.90,"Total Cost": 46374.41,"Plan Rows": 170,"Plan Width": 168,"Actual Startup Time": 1703.802,"Actual Total Time": 1828.802,"Actual Rows": 175,"Actual Loops": 1,"Group Key": ["nation.n_name", "(EXTRACT(year FROM orders.o_orderdate))"],"Plans": [{"Node Type": "Gather Merge","Parent Relationship": "Outer","Parallel Aware": false,"Async Capable": false,"Startup Cost": 46348.90,"Total Cost": 46370.21,"Plan Rows": 165,"Plan Width": 168,"Actual Startup Time": 1702.647,"Actual Total Time": 1828.292,"Actual Rows": 700,"Actual Loops": 1,"Workers Planned": 3,"Workers Launched": 3,"Plans": [{"Node Type": "Aggregate","Strategy": "Sorted","Partial Mode": "Partial","Parent Relationship": "Outer","Parallel Aware": false,"Async Capable": false,"Startup Cost": 45348.86,"Total Cost": 45350.79,"Plan Rows": 55,"Plan Width": 168,"Actual Startup Time": 1619.862,"Actual Total Time": 1717.365,"Actual Rows": 175,"Actual Loops": 4,"Group Key": ["nation.n_name", "(EXTRACT(year FROM orders.o_orderdate))"],"Workers": [],"Plans": [{"Node Type": "Sort","Parent Relationship": "Outer","Parallel Aware": false,"Async Capable": false,"Startup Cost": 45348.86,"Total Cost": 45349.00,"Plan Rows": 55,"Plan Width": 159,"Actual Startup Time": 1619.469,"Actual Total Time": 1654.019,"Actual Rows": 80641,"Actual Loops": 4,"Sort Key": ["nation.n_name", "(EXTRACT(year FROM orders.o_orderdate)) DESC"],"Sort Method": "quicksort","Sort Space Used": 11007,"Sort Space Type": "Memory","Workers": [{"Worker Number": 0,"Sort Method": "quicksort","Sort Space Used": 10859,"Sort Space Type": "Memory"},{"Worker Number": 1,"Sort Method": "quicksort","Sort Space Used": 11221,"Sort Space Type": "Memory"},{"Worker Number": 2,"Sort Method": "quicksort","Sort Space Used": 11314,"Sort Space Type": "Memory"}],"Plans": [{"Node Type": "Hash Join","Parent Relationship": "Outer","Parallel Aware": false,"Async Capable": false,"Join Type": "Inner","Startup Cost": 5215.02,"Total Cost": 45347.27,"Plan Rows": 55,"Plan Width": 159,"Actual Startup Time": 21.592,"Actual Total Time": 1520.847,"Actual Rows": 80641,"Actual Loops": 4,"Inner Unique": true,"Hash Cond": "(supplier.s_nationkey = nation.n_nationkey)","Workers": [],"Plans": [{"Node Type": "Nested Loop","Parent Relationship": "Outer","Parallel Aware": false,"Async Capable": false,"Join Type": "Inner","Startup Cost": 5213.46,"Total Cost": 45345.40,"Plan Rows": 55,"Plan Width": 31,"Actual Startup Time": 21.389,"Actual Total Time": 1497.621,"Actual Rows": 80641,"Actual Loops": 4,"Inner Unique": true,"Workers": [],"Plans": [{"Node Type": "Nested Loop","Parent Relationship": "Outer","Parallel Aware": false,"Async Capable": false,"Join Type": "Inner","Startup Cost": 5213.03,"Total Cost": 45319.82,"Plan Rows": 55,"Plan Width": 31,"Actual Startup Time": 21.303,"Actual Total Time": 772.716,"Actual Rows": 80641,"Actual Loops": 4,"Inner Unique": true,"Workers": [],"Plans": [{"Node Type": "Nested Loop","Parent Relationship": "Outer","Parallel Aware": false,"Async Capable": false,"Join Type": "Inner","Startup Cost": 5212.75,"Total Cost": 45303.17,"Plan Rows": 55,"Plan Width": 35,"Actual Startup Time": 21.245,"Actual Total Time": 636.617,"Actual Rows": 80641,"Actual Loops": 4,"Inner Unique": false,"Workers": [],"Plans": [{"Node Type": "Hash Join","Parent Relationship": "Outer","Parallel Aware": true,"Async Capable": false,"Join Type": "Inner","Startup Cost": 5212.32,"Total Cost": 25921.39,"Plan Rows": 18247,"Plan Width": 18,"Actual Startup Time": 21.168,"Actual Total Time": 184.026,"Actual Rows": 10733,"Actual Loops": 4,"Inner Unique": true,"Hash Cond": "(partsupp.ps_partkey = part.p_partkey)","Workers": [],"Plans": [{"Node Type": "Seq Scan","Parent Relationship": "Outer","Parallel Aware": true,"Async Capable": false,"Relation Name": "partsupp","Alias": "partsupp","Startup Cost": 0.00,"Total Cost": 20031.65,"Plan Rows": 258065,"Plan Width": 14,"Actual Startup Time": 0.010,"Actual Total Time": 42.275,"Actual Rows": 200000,"Actual Loops": 4,"Workers": []},{"Node Type": "Hash","Parent Relationship": "Inner","Parallel Aware": true,"Async Capable": false,"Startup Cost": 5138.67,"Total Cost": 5138.67,"Plan Rows": 5892,"Plan Width": 4,"Actual Startup Time": 21.027,"Actual Total Time": 21.038,"Actual Rows": 2683,"Actual Loops": 4,"Hash Buckets": 16384,"Original Hash Buckets": 16384,"Hash Batches": 1,"Original Hash Batches": 1,"Peak Memory Usage": 576,"Workers": [],"Plans": [{"Node Type": "Seq Scan","Parent Relationship": "Outer","Parallel Aware": true,"Async Capable": false,"Relation Name": "part","Alias": "part","Startup Cost": 0.00,"Total Cost": 5138.67,"Plan Rows": 5892,"Plan Width": 4,"Actual Startup Time": 0.074,"Actual Total Time": 19.689,"Actual Rows": 2683,"Actual Loops": 4,"Filter": "((p_name)::text ~~ '%cornsilk%'::text)","Rows Removed by Filter": 47317,"Workers": []}]}]},{"Node Type": "Index Scan","Parent Relationship": "Inner","Parallel Aware": false,"Async Capable": false,"Scan Direction": "Forward","Index Name": "idx_lineitem_part_supp","Relation Name": "lineitem","Alias": "lineitem","Startup Cost": 0.43,"Total Cost": 1.05,"Plan Rows": 1,"Plan Width": 29,"Actual Startup Time": 0.006,"Actual Total Time": 0.041,"Actual Rows": 8,"Actual Loops": 42932,"Index Cond": "((l_partkey = partsupp.ps_partkey) AND (l_suppkey = partsupp.ps_suppkey))","Rows Removed by Index Recheck": 0,"Workers": []}]},{"Node Type": "Index Scan","Parent Relationship": "Inner","Parallel Aware": false,"Async Capable": false,"Scan Direction": "Forward","Index Name": "supplier_pkey","Relation Name": "supplier","Alias": "supplier","Startup Cost": 0.29,"Total Cost": 0.30,"Plan Rows": 1,"Plan Width": 8,"Actual Startup Time": 0.001,"Actual Total Time": 0.001,"Actual Rows": 1,"Actual Loops": 322563,"Index Cond": "(s_suppkey = lineitem.l_suppkey)","Rows Removed by Index Recheck": 0,"Workers": []}]},{"Node Type": "Index Scan","Parent Relationship": "Inner","Parallel Aware": false,"Async Capable": false,"Scan Direction": "Forward","Index Name": "orders_pkey","Relation Name": "orders","Alias": "orders","Startup Cost": 0.43,"Total Cost": 0.47,"Plan Rows": 1,"Plan Width": 8,"Actual Startup Time": 0.009,"Actual Total Time": 0.009,"Actual Rows": 1,"Actual Loops": 322563,"Index Cond": "(o_orderkey = lineitem.l_orderkey)","Rows Removed by Index Recheck": 0,"Workers": []}]},{"Node Type": "Hash","Parent Relationship": "Inner","Parallel Aware": false,"Async Capable": false,"Startup Cost": 1.25,"Total Cost": 1.25,"Plan Rows": 25,"Plan Width": 108,"Actual Startup Time": 0.088,"Actual Total Time": 0.096,"Actual Rows": 25,"Actual Loops": 4,"Hash Buckets": 1024,"Original Hash Buckets": 1024,"Hash Batches": 1,"Original Hash Batches": 1,"Peak Memory Usage": 10,"Workers": [],"Plans": [{"Node Type": "Seq Scan","Parent Relationship": "Outer","Parallel Aware": false,"Async Capable": false,"Relation Name": "nation","Alias": "nation","Startup Cost": 0.00,"Total Cost": 1.25,"Plan Rows": 25,"Plan Width": 108,"Actual Startup Time": 0.056,"Actual Total Time": 0.063,"Actual Rows": 25,"Actual Loops": 4,"Workers": []}]}]}]}]}]}]},"Planning Time": 12.190,"Triggers": [],"Execution Time": 1830.103}]
[{"Plan": {"Node Type": "Aggregate","Strategy": "Sorted","Partial Mode": "Finalize","Parallel Aware": false,"Async Capable": false,"Startup Cost": 47355.08,"Total Cost": 47374.71,"Plan Rows": 146,"Plan Width": 168,"Actual Startup Time": 2514.427,"Actual Total Time": 2703.238,"Actual Rows": 175,"Actual Loops": 1,"Group Key": ["nation.n_name", "(EXTRACT(year FROM orders.o_orderdate))"],"Plans": [{"Node Type": "Gather Merge","Parent Relationship": "Outer","Parallel Aware": false,"Async Capable": false,"Startup Cost": 47355.08,"Total Cost": 47371.30,"Plan Rows": 122,"Plan Width": 168,"Actual Startup Time": 2512.395,"Actual Total Time": 2702.832,"Actual Rows": 525,"Actual Loops": 1,"Workers Planned": 2,"Workers Launched": 2,"Plans": [{"Node Type": "Aggregate","Strategy": "Sorted","Partial Mode": "Partial","Parent Relationship": "Outer","Parallel Aware": false,"Async Capable": false,"Startup Cost": 46355.06,"Total Cost": 46357.20,"Plan Rows": 61,"Plan Width": 168,"Actual Startup Time": 2387.854,"Actual Total Time": 2544.213,"Actual Rows": 175,"Actual Loops": 3,"Group Key": ["nation.n_name", "(EXTRACT(year FROM orders.o_orderdate))"],"Workers": [],"Plans": [{"Node Type": "Sort","Parent Relationship": "Outer","Parallel Aware": false,"Async Capable": false,"Startup Cost": 46355.06,"Total Cost": 46355.21,"Plan Rows": 61,"Plan Width": 159,"Actual Startup Time": 2387.145,"Actual Total Time": 2446.167,"Actual Rows": 110413,"Actual Loops": 3,"Sort Key": ["nation.n_name", "(EXTRACT(year FROM orders.o_orderdate)) DESC"],"Sort Method": "quicksort","Sort Space Used": 14862,"Sort Space Type": "Memory","Workers": [{"Worker Number": 0,"Sort Method": "quicksort","Sort Space Used": 13748,"Sort Space Type": "Memory"},{"Worker Number": 1,"Sort Method": "quicksort","Sort Space Used": 13594,"Sort Space Type": "Memory"}],"Plans": [{"Node Type": "Hash Join","Parent Relationship": "Outer","Parallel Aware": false,"Async Capable": false,"Join Type": "Inner","Startup Cost": 3.13,"Total Cost": 46353.25,"Plan Rows": 61,"Plan Width": 159,"Actual Startup Time": 0.586,"Actual Total Time": 2238.998,"Actual Rows": 110413,"Actual Loops": 3,"Inner Unique": true,"Hash Cond": "(supplier.s_nationkey = nation.n_nationkey)","Workers": [],"Plans": [{"Node Type": "Nested Loop","Parent Relationship": "Outer","Parallel Aware": false,"Async Capable": false,"Join Type": "Inner","Startup Cost": 1.57,"Total Cost": 46351.35,"Plan Rows": 61,"Plan Width": 31,"Actual Startup Time": 0.446,"Actual Total Time": 2206.727,"Actual Rows": 110413,"Actual Loops": 3,"Inner Unique": true,"Workers": [],"Plans": [{"Node Type": "Nested Loop","Parent Relationship": "Outer","Parallel Aware": false,"Async Capable": false,"Join Type": "Inner","Startup Cost": 1.14,"Total Cost": 46322.98,"Plan Rows": 61,"Plan Width": 31,"Actual Startup Time": 0.345,"Actual Total Time": 1028.676,"Actual Rows": 110413,"Actual Loops": 3,"Inner Unique": true,"Workers": [],"Plans": [{"Node Type": "Nested Loop","Parent Relationship": "Outer","Parallel Aware": false,"Async Capable": false,"Join Type": "Inner","Startup Cost": 0.86,"Total Cost": 46304.52,"Plan Rows": 61,"Plan Width": 35,"Actual Startup Time": 0.259,"Actual Total Time": 837.153,"Actual Rows": 110413,"Actual Loops": 3,"Inner Unique": false,"Workers": [],"Plans": [{"Node Type": "Nested Loop","Parent Relationship": "Outer","Parallel Aware": false,"Async Capable": false,"Join Type": "Inner","Startup Cost": 0.42,"Total Cost": 24846.16,"Plan Rows": 20202,"Plan Width": 18,"Actual Startup Time": 0.158,"Actual Total Time": 117.913,"Actual Rows": 14717,"Actual Loops": 3,"Inner Unique": false,"Workers": [],"Plans": [{"Node Type": "Seq Scan","Parent Relationship": "Outer","Parallel Aware": true,"Async Capable": false,"Relation Name": "part","Alias": "part","Startup Cost": 0.00,"Total Cost": 5138.67,"Plan Rows": 5051,"Plan Width": 4,"Actual Startup Time": 0.058,"Actual Total Time": 50.922,"Actual Rows": 3679,"Actual Loops": 3,"Filter": "((p_name)::text ~~ '%red%'::text)","Rows Removed by Filter": 62987,"Workers": []},{"Node Type": "Index Scan","Parent Relationship": "Inner","Parallel Aware": false,"Async Capable": false,"Scan Direction": "Forward","Index Name": "idx_partsupp_partkey","Relation Name": "partsupp","Alias": "partsupp","Startup Cost": 0.42,"Total Cost": 3.86,"Plan Rows": 4,"Plan Width": 14,"Actual Startup Time": 0.014,"Actual Total Time": 0.017,"Actual Rows": 4,"Actual Loops": 11038,"Index Cond": "(ps_partkey = part.p_partkey)","Rows Removed by Index Recheck": 0,"Workers": []}]},{"Node Type": "Index Scan","Parent Relationship": "Inner","Parallel Aware": false,"Async Capable": false,"Scan Direction": "Forward","Index Name": "idx_lineitem_part_supp","Relation Name": "lineitem","Alias": "lineitem","Startup Cost": 0.43,"Total Cost": 1.05,"Plan Rows": 1,"Plan Width": 29,"Actual Startup Time": 0.007,"Actual Total Time": 0.047,"Actual Rows": 8,"Actual Loops": 44152,"Index Cond": "((l_partkey = partsupp.ps_partkey) AND (l_suppkey = partsupp.ps_suppkey))","Rows Removed by Index Recheck": 0,"Workers": []}]},{"Node Type": "Index Scan","Parent Relationship": "Inner","Parallel Aware": false,"Async Capable": false,"Scan Direction": "Forward","Index Name": "supplier_pkey","Relation Name": "supplier","Alias": "supplier","Startup Cost": 0.29,"Total Cost": 0.30,"Plan Rows": 1,"Plan Width": 8,"Actual Startup Time": 0.001,"Actual Total Time": 0.001,"Actual Rows": 1,"Actual Loops": 331238,"Index Cond": "(s_suppkey = lineitem.l_suppkey)","Rows Removed by Index Recheck": 0,"Workers": []}]},{"Node Type": "Index Scan","Parent Relationship": "Inner","Parallel Aware": false,"Async Capable": false,"Scan Direction": "Forward","Index Name": "orders_pkey","Relation Name": "orders","Alias": "orders","Startup Cost": 0.43,"Total Cost": 0.47,"Plan Rows": 1,"Plan Width": 8,"Actual Startup Time": 0.010,"Actual Total Time": 0.010,"Actual Rows": 1,"Actual Loops": 331238,"Index Cond": "(o_orderkey = lineitem.l_orderkey)","Rows Removed by Index Recheck": 0,"Workers": []}]},{"Node Type": "Hash","Parent Relationship": "Inner","Parallel Aware": false,"Async Capable": false,"Startup Cost": 1.25,"Total Cost": 1.25,"Plan Rows": 25,"Plan Width": 108,"Actual Startup Time": 0.061,"Actual Total Time": 0.070,"Actual Rows": 25,"Actual Loops": 3,"Hash Buckets": 1024,"Original Hash Buckets": 1024,"Hash Batches": 1,"Original Hash Batches": 1,"Peak Memory Usage": 10,"Workers": [],"Plans": [{"Node Type": "Seq Scan","Parent Relationship": "Outer","Parallel Aware": false,"Async Capable": false,"Relation Name": "nation","Alias": "nation","Startup Cost": 0.00,"Total Cost": 1.25,"Plan Rows": 25,"Plan Width": 108,"Actual Startup Time": 0.040,"Actual Total Time": 0.045,"Actual Rows": 25,"Actual Loops": 3,"Workers": []}]}]}]}]}]}]},"Planning Time": 13.100,"Triggers": [],"Execution Time": 2706.177}]
[{"Plan": {"Node Type": "Aggregate","Strategy": "Sorted","Partial Mode": "Finalize","Parallel Aware": false,"Async Capable": false,"Startup Cost": 28858.40,"Total Cost": 28868.07,"Plan Rows": 73,"Plan Width": 168,"Actual Startup Time": 2463.071,"Actual Total Time": 2567.637,"Actual Rows": 175,"Actual Loops": 1,"Group Key": ["nation.n_name", "(EXTRACT(year FROM orders.o_orderdate))"],"Plans": [{"Node Type": "Gather Merge","Parent Relationship": "Outer","Parallel Aware": false,"Async Capable": false,"Startup Cost": 28858.40,"Total Cost": 28866.38,"Plan Rows": 60,"Plan Width": 168,"Actual Startup Time": 2461.516,"Actual Total Time": 2567.174,"Actual Rows": 525,"Actual Loops": 1,"Workers Planned": 2,"Workers Launched": 2,"Plans": [{"Node Type": "Aggregate","Strategy": "Sorted","Partial Mode": "Partial","Parent Relationship": "Outer","Parallel Aware": false,"Async Capable": false,"Startup Cost": 27858.38,"Total Cost": 27859.43,"Plan Rows": 30,"Plan Width": 168,"Actual Startup Time": 2344.398,"Actual Total Time": 2466.935,"Actual Rows": 175,"Actual Loops": 3,"Group Key": ["nation.n_name", "(EXTRACT(year FROM orders.o_orderdate))"],"Workers": [],"Plans": [{"Node Type": "Sort","Parent Relationship": "Outer","Parallel Aware": false,"Async Capable": false,"Startup Cost": 27858.38,"Total Cost": 27858.46,"Plan Rows": 30,"Plan Width": 159,"Actual Startup Time": 2343.742,"Actual Total Time": 2383.320,"Actual Rows": 109328,"Actual Loops": 3,"Sort Key": ["nation.n_name", "(EXTRACT(year FROM orders.o_orderdate)) DESC"],"Sort Method": "quicksort","Sort Space Used": 13858,"Sort Space Type": "Memory","Workers": [{"Worker Number": 0,"Sort Method": "quicksort","Sort Space Used": 14008,"Sort Space Type": "Memory"},{"Worker Number": 1,"Sort Method": "quicksort","Sort Space Used": 14013,"Sort Space Type": "Memory"}],"Plans": [{"Node Type": "Hash Join","Parent Relationship": "Outer","Parallel Aware": false,"Async Capable": false,"Join Type": "Inner","Startup Cost": 3.13,"Total Cost": 27857.64,"Plan Rows": 30,"Plan Width": 159,"Actual Startup Time": 0.598,"Actual Total Time": 2184.488,"Actual Rows": 109328,"Actual Loops": 3,"Inner Unique": true,"Hash Cond": "(supplier.s_nationkey = nation.n_nationkey)","Workers": [],"Plans": [{"Node Type": "Nested Loop","Parent Relationship": "Outer","Parallel Aware": false,"Async Capable": false,"Join Type": "Inner","Startup Cost": 1.57,"Total Cost": 27855.92,"Plan Rows": 30,"Plan Width": 31,"Actual Startup Time": 0.466,"Actual Total Time": 2152.575,"Actual Rows": 109328,"Actual Loops": 3,"Inner Unique": true,"Workers": [],"Plans": [{"Node Type": "Nested Loop","Parent Relationship": "Outer","Parallel Aware": false,"Async Capable": false,"Join Type": "Inner","Startup Cost": 1.14,"Total Cost": 27841.96,"Plan Rows": 30,"Plan Width": 31,"Actual Startup Time": 0.352,"Actual Total Time": 998.104,"Actual Rows": 109328,"Actual Loops": 3,"Inner Unique": true,"Workers": [],"Plans": [{"Node Type": "Nested Loop","Parent Relationship": "Outer","Parallel Aware": false,"Async Capable": false,"Join Type": "Inner","Startup Cost": 0.86,"Total Cost": 27832.88,"Plan Rows": 30,"Plan Width": 35,"Actual Startup Time": 0.275,"Actual Total Time": 811.998,"Actual Rows": 109328,"Actual Loops": 3,"Inner Unique": false,"Workers": [],"Plans": [{"Node Type": "Nested Loop","Parent Relationship": "Outer","Parallel Aware": false,"Async Capable": false,"Join Type": "Inner","Startup Cost": 0.42,"Total Cost": 17103.70,"Plan Rows": 10101,"Plan Width": 18,"Actual Startup Time": 0.163,"Actual Total Time": 118.534,"Actual Rows": 14549,"Actual Loops": 3,"Inner Unique": false,"Workers": [],"Plans": [{"Node Type": "Seq Scan","Parent Relationship": "Outer","Parallel Aware": true,"Async Capable": false,"Relation Name": "part","Alias": "part","Startup Cost": 0.00,"Total Cost": 5138.67,"Plan Rows": 2525,"Plan Width": 4,"Actual Startup Time": 0.061,"Actual Total Time": 50.900,"Actual Rows": 3637,"Actual Loops": 3,"Filter": "((p_name)::text ~~ '%papaya%'::text)","Rows Removed by Filter": 63029,"Workers": []},{"Node Type": "Index Scan","Parent Relationship": "Inner","Parallel Aware": false,"Async Capable": false,"Scan Direction": "Forward","Index Name": "idx_partsupp_partkey","Relation Name": "partsupp","Alias": "partsupp","Startup Cost": 0.42,"Total Cost": 4.70,"Plan Rows": 4,"Plan Width": 14,"Actual Startup Time": 0.014,"Actual Total Time": 0.018,"Actual Rows": 4,"Actual Loops": 10912,"Index Cond": "(ps_partkey = part.p_partkey)","Rows Removed by Index Recheck": 0,"Workers": []}]},{"Node Type": "Index Scan","Parent Relationship": "Inner","Parallel Aware": false,"Async Capable": false,"Scan Direction": "Forward","Index Name": "idx_lineitem_part_supp","Relation Name": "lineitem","Alias": "lineitem","Startup Cost": 0.43,"Total Cost": 1.05,"Plan Rows": 1,"Plan Width": 29,"Actual Startup Time": 0.007,"Actual Total Time": 0.046,"Actual Rows": 8,"Actual Loops": 43648,"Index Cond": "((l_partkey = partsupp.ps_partkey) AND (l_suppkey = partsupp.ps_suppkey))","Rows Removed by Index Recheck": 0,"Workers": []}]},{"Node Type": "Index Scan","Parent Relationship": "Inner","Parallel Aware": false,"Async Capable": false,"Scan Direction": "Forward","Index Name": "supplier_pkey","Relation Name": "supplier","Alias": "supplier","Startup Cost": 0.29,"Total Cost": 0.30,"Plan Rows": 1,"Plan Width": 8,"Actual Startup Time": 0.001,"Actual Total Time": 0.001,"Actual Rows": 1,"Actual Loops": 327983,"Index Cond": "(s_suppkey = lineitem.l_suppkey)","Rows Removed by Index Recheck": 0,"Workers": []}]},{"Node Type": "Index Scan","Parent Relationship": "Inner","Parallel Aware": false,"Async Capable": false,"Scan Direction": "Forward","Index Name": "orders_pkey","Relation Name": "orders","Alias": "orders","Startup Cost": 0.43,"Total Cost": 0.47,"Plan Rows": 1,"Plan Width": 8,"Actual Startup Time": 0.010,"Actual Total Time": 0.010,"Actual Rows": 1,"Actual Loops": 327983,"Index Cond": "(o_orderkey = lineitem.l_orderkey)","Rows Removed by Index Recheck": 0,"Workers": []}]},{"Node Type": "Hash","Parent Relationship": "Inner","Parallel Aware": false,"Async Capable": false,"Startup Cost": 1.25,"Total Cost": 1.25,"Plan Rows": 25,"Plan Width": 108,"Actual Startup Time": 0.064,"Actual Total Time": 0.072,"Actual Rows": 25,"Actual Loops": 3,"Hash Buckets": 1024,"Original Hash Buckets": 1024,"Hash Batches": 1,"Original Hash Batches": 1,"Peak Memory Usage": 10,"Workers": [],"Plans": [{"Node Type": "Seq Scan","Parent Relationship": "Outer","Parallel Aware": false,"Async Capable": false,"Relation Name": "nation","Alias": "nation","Startup Cost": 0.00,"Total Cost": 1.25,"Plan Rows": 25,"Plan Width": 108,"Actual Startup Time": 0.039,"Actual Total Time": 0.044,"Actual Rows": 25,"Actual Loops": 3,"Workers": []}]}]}]}]}]}]},"Planning Time": 11.473,"Triggers": [],"Execution Time": 2570.223}]
[{"Plan": {"Node Type": "Aggregate","Strategy": "Sorted","Partial Mode": "Finalize","Parallel Aware": false,"Async Capable": false,"Startup Cost": 41381.04,"Total Cost": 41397.45,"Plan Rows": 122,"Plan Width": 168,"Actual Startup Time": 2451.259,"Actual Total Time": 2559.957,"Actual Rows": 175,"Actual Loops": 1,"Group Key": ["nation.n_name", "(EXTRACT(year FROM orders.o_orderdate))"],"Plans": [{"Node Type": "Gather Merge","Parent Relationship": "Outer","Parallel Aware": false,"Async Capable": false,"Startup Cost": 41381.04,"Total Cost": 41394.60,"Plan Rows": 102,"Plan Width": 168,"Actual Startup Time": 2449.596,"Actual Total Time": 2559.597,"Actual Rows": 525,"Actual Loops": 1,"Workers Planned": 2,"Workers Launched": 2,"Plans": [{"Node Type": "Aggregate","Strategy": "Sorted","Partial Mode": "Partial","Parent Relationship": "Outer","Parallel Aware": false,"Async Capable": false,"Startup Cost": 40381.01,"Total Cost": 40382.80,"Plan Rows": 51,"Plan Width": 168,"Actual Startup Time": 2354.227,"Actual Total Time": 2477.890,"Actual Rows": 175,"Actual Loops": 3,"Group Key": ["nation.n_name", "(EXTRACT(year FROM orders.o_orderdate))"],"Workers": [],"Plans": [{"Node Type": "Sort","Parent Relationship": "Outer","Parallel Aware": false,"Async Capable": false,"Startup Cost": 40381.01,"Total Cost": 40381.14,"Plan Rows": 51,"Plan Width": 159,"Actual Startup Time": 2353.659,"Actual Total Time": 2394.615,"Actual Rows": 109711,"Actual Loops": 3,"Sort Key": ["nation.n_name", "(EXTRACT(year FROM orders.o_orderdate)) DESC"],"Sort Method": "quicksort","Sort Space Used": 14760,"Sort Space Type": "Memory","Workers": [{"Worker Number": 0,"Sort Method": "quicksort","Sort Space Used": 13620,"Sort Space Type": "Memory"},{"Worker Number": 1,"Sort Method": "quicksort","Sort Space Used": 13610,"Sort Space Type": "Memory"}],"Plans": [{"Node Type": "Hash Join","Parent Relationship": "Outer","Parallel Aware": false,"Async Capable": false,"Join Type": "Inner","Startup Cost": 3.13,"Total Cost": 40379.57,"Plan Rows": 51,"Plan Width": 159,"Actual Startup Time": 0.805,"Actual Total Time": 2206.423,"Actual Rows": 109711,"Actual Loops": 3,"Inner Unique": true,"Hash Cond": "(supplier.s_nationkey = nation.n_nationkey)","Workers": [],"Plans": [{"Node Type": "Nested Loop","Parent Relationship": "Outer","Parallel Aware": false,"Async Capable": false,"Join Type": "Inner","Startup Cost": 1.57,"Total Cost": 40377.72,"Plan Rows": 51,"Plan Width": 31,"Actual Startup Time": 0.608,"Actual Total Time": 2174.506,"Actual Rows": 109711,"Actual Loops": 3,"Inner Unique": true,"Workers": [],"Plans": [{"Node Type": "Nested Loop","Parent Relationship": "Outer","Parallel Aware": false,"Async Capable": false,"Join Type": "Inner","Startup Cost": 1.14,"Total Cost": 40354.00,"Plan Rows": 51,"Plan Width": 31,"Actual Startup Time": 0.463,"Actual Total Time": 1012.005,"Actual Rows": 109711,"Actual Loops": 3,"Inner Unique": true,"Workers": [],"Plans": [{"Node Type": "Nested Loop","Parent Relationship": "Outer","Parallel Aware": false,"Async Capable": false,"Join Type": "Inner","Startup Cost": 0.86,"Total Cost": 40338.56,"Plan Rows": 51,"Plan Width": 35,"Actual Startup Time": 0.379,"Actual Total Time": 824.842,"Actual Rows": 109711,"Actual Loops": 3,"Inner Unique": false,"Workers": [],"Plans": [{"Node Type": "Nested Loop","Parent Relationship": "Outer","Parallel Aware": false,"Async Capable": false,"Join Type": "Inner","Startup Cost": 0.42,"Total Cost": 22456.59,"Plan Rows": 16835,"Plan Width": 18,"Actual Startup Time": 0.239,"Actual Total Time": 115.107,"Actual Rows": 14620,"Actual Loops": 3,"Inner Unique": false,"Workers": [],"Plans": [{"Node Type": "Seq Scan","Parent Relationship": "Outer","Parallel Aware": true,"Async Capable": false,"Relation Name": "part","Alias": "part","Startup Cost": 0.00,"Total Cost": 5138.67,"Plan Rows": 4209,"Plan Width": 4,"Actual Startup Time": 0.070,"Actual Total Time": 48.754,"Actual Rows": 3655,"Actual Loops": 3,"Filter": "((p_name)::text ~~ '%blanched%'::text)","Rows Removed by Filter": 63012,"Workers": []},{"Node Type": "Index Scan","Parent Relationship": "Inner","Parallel Aware": false,"Async Capable": false,"Scan Direction": "Forward","Index Name": "idx_partsupp_partkey","Relation Name": "partsupp","Alias": "partsupp","Startup Cost": 0.42,"Total Cost": 4.07,"Plan Rows": 4,"Plan Width": 14,"Actual Startup Time": 0.014,"Actual Total Time": 0.017,"Actual Rows": 4,"Actual Loops": 10965,"Index Cond": "(ps_partkey = part.p_partkey)","Rows Removed by Index Recheck": 0,"Workers": []}]},{"Node Type": "Index Scan","Parent Relationship": "Inner","Parallel Aware": false,"Async Capable": false,"Scan Direction": "Forward","Index Name": "idx_lineitem_part_supp","Relation Name": "lineitem","Alias": "lineitem","Startup Cost": 0.43,"Total Cost": 1.05,"Plan Rows": 1,"Plan Width": 29,"Actual Startup Time": 0.007,"Actual Total Time": 0.047,"Actual Rows": 8,"Actual Loops": 43860,"Index Cond": "((l_partkey = partsupp.ps_partkey) AND (l_suppkey = partsupp.ps_suppkey))","Rows Removed by Index Recheck": 0,"Workers": []}]},{"Node Type": "Index Scan","Parent Relationship": "Inner","Parallel Aware": false,"Async Capable": false,"Scan Direction": "Forward","Index Name": "supplier_pkey","Relation Name": "supplier","Alias": "supplier","Startup Cost": 0.29,"Total Cost": 0.30,"Plan Rows": 1,"Plan Width": 8,"Actual Startup Time": 0.001,"Actual Total Time": 0.001,"Actual Rows": 1,"Actual Loops": 329134,"Index Cond": "(s_suppkey = lineitem.l_suppkey)","Rows Removed by Index Recheck": 0,"Workers": []}]},{"Node Type": "Index Scan","Parent Relationship": "Inner","Parallel Aware": false,"Async Capable": false,"Scan Direction": "Forward","Index Name": "orders_pkey","Relation Name": "orders","Alias": "orders","Startup Cost": 0.43,"Total Cost": 0.47,"Plan Rows": 1,"Plan Width": 8,"Actual Startup Time": 0.010,"Actual Total Time": 0.010,"Actual Rows": 1,"Actual Loops": 329134,"Index Cond": "(o_orderkey = lineitem.l_orderkey)","Rows Removed by Index Recheck": 0,"Workers": []}]},{"Node Type": "Hash","Parent Relationship": "Inner","Parallel Aware": false,"Async Capable": false,"Startup Cost": 1.25,"Total Cost": 1.25,"Plan Rows": 25,"Plan Width": 108,"Actual Startup Time": 0.089,"Actual Total Time": 0.097,"Actual Rows": 25,"Actual Loops": 3,"Hash Buckets": 1024,"Original Hash Buckets": 1024,"Hash Batches": 1,"Original Hash Batches": 1,"Peak Memory Usage": 10,"Workers": [],"Plans": [{"Node Type": "Seq Scan","Parent Relationship": "Outer","Parallel Aware": false,"Async Capable": false,"Relation Name": "nation","Alias": "nation","Startup Cost": 0.00,"Total Cost": 1.25,"Plan Rows": 25,"Plan Width": 108,"Actual Startup Time": 0.061,"Actual Total Time": 0.066,"Actual Rows": 25,"Actual Loops": 3,"Workers": []}]}]}]}]}]}]},"Planning Time": 11.831,"Triggers": [],"Execution Time": 2562.813}]
[{"Plan": {"Node Type": "Aggregate","Strategy": "Sorted","Partial Mode": "Finalize","Parallel Aware": false,"Async Capable": false,"Startup Cost": 15191.58,"Total Cost": 15194.80,"Plan Rows": 24,"Plan Width": 168,"Actual Startup Time": 2511.028,"Actual Total Time": 2675.594,"Actual Rows": 175,"Actual Loops": 1,"Group Key": ["nation.n_name", "(EXTRACT(year FROM orders.o_orderdate))"],"Plans": [{"Node Type": "Gather Merge","Parent Relationship": "Outer","Parallel Aware": false,"Async Capable": false,"Startup Cost": 15191.58,"Total Cost": 15194.24,"Plan Rows": 20,"Plan Width": 168,"Actual Startup Time": 2509.899,"Actual Total Time": 2675.237,"Actual Rows": 525,"Actual Loops": 1,"Workers Planned": 2,"Workers Launched": 2,"Plans": [{"Node Type": "Aggregate","Strategy": "Sorted","Partial Mode": "Partial","Parent Relationship": "Outer","Parallel Aware": false,"Async Capable": false,"Startup Cost": 14191.56,"Total Cost": 14191.91,"Plan Rows": 10,"Plan Width": 168,"Actual Startup Time": 2410.065,"Actual Total Time": 2549.795,"Actual Rows": 175,"Actual Loops": 3,"Group Key": ["nation.n_name", "(EXTRACT(year FROM orders.o_orderdate))"],"Workers": [],"Plans": [{"Node Type": "Sort","Parent Relationship": "Outer","Parallel Aware": false,"Async Capable": false,"Startup Cost": 14191.56,"Total Cost": 14191.59,"Plan Rows": 10,"Plan Width": 159,"Actual Startup Time": 2409.458,"Actual Total Time": 2460.605,"Actual Rows": 107206,"Actual Loops": 3,"Sort Key": ["nation.n_name", "(EXTRACT(year FROM orders.o_orderdate)) DESC"],"Sort Method": "quicksort","Sort Space Used": 14443,"Sort Space Type": "Memory","Workers": [{"Worker Number": 0,"Sort Method": "quicksort","Sort Space Used": 13419,"Sort Space Type": "Memory"},{"Worker Number": 1,"Sort Method": "quicksort","Sort Space Used": 13378,"Sort Space Type": "Memory"}],"Plans": [{"Node Type": "Nested Loop","Parent Relationship": "Outer","Parallel Aware": false,"Async Capable": false,"Join Type": "Inner","Startup Cost": 1.71,"Total Cost": 14191.39,"Plan Rows": 10,"Plan Width": 159,"Actual Startup Time": 0.675,"Actual Total Time": 2264.251,"Actual Rows": 107206,"Actual Loops": 3,"Inner Unique": true,"Workers": [],"Plans": [{"Node Type": "Nested Loop","Parent Relationship": "Outer","Parallel Aware": false,"Async Capable": false,"Join Type": "Inner","Startup Cost": 1.57,"Total Cost": 14189.81,"Plan Rows": 10,"Plan Width": 31,"Actual Startup Time": 0.581,"Actual Total Time": 2108.455,"Actual Rows": 107206,"Actual Loops": 3,"Inner Unique": true,"Workers": [],"Plans": [{"Node Type": "Nested Loop","Parent Relationship": "Outer","Parallel Aware": false,"Async Capable": false,"Join Type": "Inner","Startup Cost": 1.14,"Total Cost": 14185.15,"Plan Rows": 10,"Plan Width": 31,"Actual Startup Time": 0.431,"Actual Total Time": 976.638,"Actual Rows": 107206,"Actual Loops": 3,"Inner Unique": true,"Workers": [],"Plans": [{"Node Type": "Nested Loop","Parent Relationship": "Outer","Parallel Aware": false,"Async Capable": false,"Join Type": "Inner","Startup Cost": 0.86,"Total Cost": 14182.13,"Plan Rows": 10,"Plan Width": 35,"Actual Startup Time": 0.321,"Actual Total Time": 789.830,"Actual Rows": 107206,"Actual Loops": 3,"Inner Unique": false,"Workers": [],"Plans": [{"Node Type": "Nested Loop","Parent Relationship": "Outer","Parallel Aware": false,"Async Capable": false,"Join Type": "Inner","Startup Cost": 0.42,"Total Cost": 10605.73,"Plan Rows": 3367,"Plan Width": 18,"Actual Startup Time": 0.218,"Actual Total Time": 118.621,"Actual Rows": 14297,"Actual Loops": 3,"Inner Unique": false,"Workers": [],"Plans": [{"Node Type": "Seq Scan","Parent Relationship": "Outer","Parallel Aware": true,"Async Capable": false,"Relation Name": "part","Alias": "part","Startup Cost": 0.00,"Total Cost": 5138.67,"Plan Rows": 842,"Plan Width": 4,"Actual Startup Time": 0.065,"Actual Total Time": 49.393,"Actual Rows": 3574,"Actual Loops": 3,"Filter": "((p_name)::text ~~ '%dark%'::text)","Rows Removed by Filter": 63092,"Workers": []},{"Node Type": "Index Scan","Parent Relationship": "Inner","Parallel Aware": false,"Async Capable": false,"Scan Direction": "Forward","Index Name": "idx_partsupp_partkey","Relation Name": "partsupp","Alias": "partsupp","Startup Cost": 0.42,"Total Cost": 6.45,"Plan Rows": 4,"Plan Width": 14,"Actual Startup Time": 0.014,"Actual Total Time": 0.019,"Actual Rows": 4,"Actual Loops": 10723,"Index Cond": "(ps_partkey = part.p_partkey)","Rows Removed by Index Recheck": 0,"Workers": []}]},{"Node Type": "Index Scan","Parent Relationship": "Inner","Parallel Aware": false,"Async Capable": false,"Scan Direction": "Forward","Index Name": "idx_lineitem_part_supp","Relation Name": "lineitem","Alias": "lineitem","Startup Cost": 0.43,"Total Cost": 1.05,"Plan Rows": 1,"Plan Width": 29,"Actual Startup Time": 0.007,"Actual Total Time": 0.045,"Actual Rows": 7,"Actual Loops": 42892,"Index Cond": "((l_partkey = partsupp.ps_partkey) AND (l_suppkey = partsupp.ps_suppkey))","Rows Removed by Index Recheck": 0,"Workers": []}]},{"Node Type": "Index Scan","Parent Relationship": "Inner","Parallel Aware": false,"Async Capable": false,"Scan Direction": "Forward","Index Name": "supplier_pkey","Relation Name": "supplier","Alias": "supplier","Startup Cost": 0.29,"Total Cost": 0.30,"Plan Rows": 1,"Plan Width": 8,"Actual Startup Time": 0.001,"Actual Total Time": 0.001,"Actual Rows": 1,"Actual Loops": 321617,"Index Cond": "(s_suppkey = lineitem.l_suppkey)","Rows Removed by Index Recheck": 0,"Workers": []}]},{"Node Type": "Index Scan","Parent Relationship": "Inner","Parallel Aware": false,"Async Capable": false,"Scan Direction": "Forward","Index Name": "orders_pkey","Relation Name": "orders","Alias": "orders","Startup Cost": 0.43,"Total Cost": 0.47,"Plan Rows": 1,"Plan Width": 8,"Actual Startup Time": 0.010,"Actual Total Time": 0.010,"Actual Rows": 1,"Actual Loops": 321617,"Index Cond": "(o_orderkey = lineitem.l_orderkey)","Rows Removed by Index Recheck": 0,"Workers": []}]},{"Node Type": "Index Scan","Parent Relationship": "Inner","Parallel Aware": false,"Async Capable": false,"Scan Direction": "Forward","Index Name": "nation_pkey","Relation Name": "nation","Alias": "nation","Startup Cost": 0.14,"Total Cost": 0.16,"Plan Rows": 1,"Plan Width": 108,"Actual Startup Time": 0.001,"Actual Total Time": 0.001,"Actual Rows": 1,"Actual Loops": 321617,"Index Cond": "(n_nationkey = supplier.s_nationkey)","Rows Removed by Index Recheck": 0,"Workers": []}]}]}]}]}]},"Planning Time": 11.486,"Triggers": [],"Execution Time": 2676.896}]
[{"Plan": {"Node Type": "Aggregate","Strategy": "Sorted","Partial Mode": "Finalize","Parallel Aware": false,"Async Capable": false,"Startup Cost": 41381.04,"Total Cost": 41397.45,"Plan Rows": 122,"Plan Width": 168,"Actual Startup Time": 2426.174,"Actual Total Time": 2588.144,"Actual Rows": 175,"Actual Loops": 1,"Group Key": ["nation.n_name", "(EXTRACT(year FROM orders.o_orderdate))"],"Plans": [{"Node Type": "Gather Merge","Parent Relationship": "Outer","Parallel Aware": false,"Async Capable": false,"Startup Cost": 41381.04,"Total Cost": 41394.60,"Plan Rows": 102,"Plan Width": 168,"Actual Startup Time": 2424.330,"Actual Total Time": 2587.740,"Actual Rows": 525,"Actual Loops": 1,"Workers Planned": 2,"Workers Launched": 2,"Plans": [{"Node Type": "Aggregate","Strategy": "Sorted","Partial Mode": "Partial","Parent Relationship": "Outer","Parallel Aware": false,"Async Capable": false,"Startup Cost": 40381.01,"Total Cost": 40382.80,"Plan Rows": 51,"Plan Width": 168,"Actual Startup Time": 2334.335,"Actual Total Time": 2452.805,"Actual Rows": 175,"Actual Loops": 3,"Group Key": ["nation.n_name", "(EXTRACT(year FROM orders.o_orderdate))"],"Workers": [],"Plans": [{"Node Type": "Sort","Parent Relationship": "Outer","Parallel Aware": false,"Async Capable": false,"Startup Cost": 40381.01,"Total Cost": 40381.14,"Plan Rows": 51,"Plan Width": 159,"Actual Startup Time": 2333.793,"Actual Total Time": 2372.738,"Actual Rows": 108922,"Actual Loops": 3,"Sort Key": ["nation.n_name", "(EXTRACT(year FROM orders.o_orderdate)) DESC"],"Sort Method": "quicksort","Sort Space Used": 13590,"Sort Space Type": "Memory","Workers": [{"Worker Number": 0,"Sort Method": "quicksort","Sort Space Used": 14172,"Sort Space Type": "Memory"},{"Worker Number": 1,"Sort Method": "quicksort","Sort Space Used": 14000,"Sort Space Type": "Memory"}],"Plans": [{"Node Type": "Hash Join","Parent Relationship": "Outer","Parallel Aware": false,"Async Capable": false,"Join Type": "Inner","Startup Cost": 3.13,"Total Cost": 40379.57,"Plan Rows": 51,"Plan Width": 159,"Actual Startup Time": 0.638,"Actual Total Time": 2182.546,"Actual Rows": 108922,"Actual Loops": 3,"Inner Unique": true,"Hash Cond": "(supplier.s_nationkey = nation.n_nationkey)","Workers": [],"Plans": [{"Node Type": "Nested Loop","Parent Relationship": "Outer","Parallel Aware": false,"Async Capable": false,"Join Type": "Inner","Startup Cost": 1.57,"Total Cost": 40377.72,"Plan Rows": 51,"Plan Width": 31,"Actual Startup Time": 0.480,"Actual Total Time": 2150.251,"Actual Rows": 108922,"Actual Loops": 3,"Inner Unique": true,"Workers": [],"Plans": [{"Node Type": "Nested Loop","Parent Relationship": "Outer","Parallel Aware": false,"Async Capable": false,"Join Type": "Inner","Startup Cost": 1.14,"Total Cost": 40354.00,"Plan Rows": 51,"Plan Width": 31,"Actual Startup Time": 0.366,"Actual Total Time": 994.589,"Actual Rows": 108922,"Actual Loops": 3,"Inner Unique": true,"Workers": [],"Plans": [{"Node Type": "Nested Loop","Parent Relationship": "Outer","Parallel Aware": false,"Async Capable": false,"Join Type": "Inner","Startup Cost": 0.86,"Total Cost": 40338.56,"Plan Rows": 51,"Plan Width": 35,"Actual Startup Time": 0.281,"Actual Total Time": 808.736,"Actual Rows": 108922,"Actual Loops": 3,"Inner Unique": false,"Workers": [],"Plans": [{"Node Type": "Nested Loop","Parent Relationship": "Outer","Parallel Aware": false,"Async Capable": false,"Join Type": "Inner","Startup Cost": 0.42,"Total Cost": 22456.59,"Plan Rows": 16835,"Plan Width": 18,"Actual Startup Time": 0.185,"Actual Total Time": 120.145,"Actual Rows": 14492,"Actual Loops": 3,"Inner Unique": false,"Workers": [],"Plans": [{"Node Type": "Seq Scan","Parent Relationship": "Outer","Parallel Aware": true,"Async Capable": false,"Relation Name": "part","Alias": "part","Startup Cost": 0.00,"Total Cost": 5138.67,"Plan Rows": 4209,"Plan Width": 4,"Actual Startup Time": 0.065,"Actual Total Time": 52.649,"Actual Rows": 3623,"Actual Loops": 3,"Filter": "((p_name)::text ~~ '%antique%'::text)","Rows Removed by Filter": 63044,"Workers": []},{"Node Type": "Index Scan","Parent Relationship": "Inner","Parallel Aware": false,"Async Capable": false,"Scan Direction": "Forward","Index Name": "idx_partsupp_partkey","Relation Name": "partsupp","Alias": "partsupp","Startup Cost": 0.42,"Total Cost": 4.07,"Plan Rows": 4,"Plan Width": 14,"Actual Startup Time": 0.014,"Actual Total Time": 0.018,"Actual Rows": 4,"Actual Loops": 10869,"Index Cond": "(ps_partkey = part.p_partkey)","Rows Removed by Index Recheck": 0,"Workers": []}]},{"Node Type": "Index Scan","Parent Relationship": "Inner","Parallel Aware": false,"Async Capable": false,"Scan Direction": "Forward","Index Name": "idx_lineitem_part_supp","Relation Name": "lineitem","Alias": "lineitem","Startup Cost": 0.43,"Total Cost": 1.05,"Plan Rows": 1,"Plan Width": 29,"Actual Startup Time": 0.007,"Actual Total Time": 0.046,"Actual Rows": 8,"Actual Loops": 43476,"Index Cond": "((l_partkey = partsupp.ps_partkey) AND (l_suppkey = partsupp.ps_suppkey))","Rows Removed by Index Recheck": 0,"Workers": []}]},{"Node Type": "Index Scan","Parent Relationship": "Inner","Parallel Aware": false,"Async Capable": false,"Scan Direction": "Forward","Index Name": "supplier_pkey","Relation Name": "supplier","Alias": "supplier","Startup Cost": 0.29,"Total Cost": 0.30,"Plan Rows": 1,"Plan Width": 8,"Actual Startup Time": 0.001,"Actual Total Time": 0.001,"Actual Rows": 1,"Actual Loops": 326765,"Index Cond": "(s_suppkey = lineitem.l_suppkey)","Rows Removed by Index Recheck": 0,"Workers": []}]},{"Node Type": "Index Scan","Parent Relationship": "Inner","Parallel Aware": false,"Async Capable": false,"Scan Direction": "Forward","Index Name": "orders_pkey","Relation Name": "orders","Alias": "orders","Startup Cost": 0.43,"Total Cost": 0.47,"Plan Rows": 1,"Plan Width": 8,"Actual Startup Time": 0.010,"Actual Total Time": 0.010,"Actual Rows": 1,"Actual Loops": 326765,"Index Cond": "(o_orderkey = lineitem.l_orderkey)","Rows Removed by Index Recheck": 0,"Workers": []}]},{"Node Type": "Hash","Parent Relationship": "Inner","Parallel Aware": false,"Async Capable": false,"Startup Cost": 1.25,"Total Cost": 1.25,"Plan Rows": 25,"Plan Width": 108,"Actual Startup Time": 0.075,"Actual Total Time": 0.084,"Actual Rows": 25,"Actual Loops": 3,"Hash Buckets": 1024,"Original Hash Buckets": 1024,"Hash Batches": 1,"Original Hash Batches": 1,"Peak Memory Usage": 10,"Workers": [],"Plans": [{"Node Type": "Seq Scan","Parent Relationship": "Outer","Parallel Aware": false,"Async Capable": false,"Relation Name": "nation","Alias": "nation","Startup Cost": 0.00,"Total Cost": 1.25,"Plan Rows": 25,"Plan Width": 108,"Actual Startup Time": 0.047,"Actual Total Time": 0.051,"Actual Rows": 25,"Actual Loops": 3,"Workers": []}]}]}]}]}]}]},"Planning Time": 11.499,"Triggers": [],"Execution Time": 2592.103}]
[{"Plan": {"Node Type": "Aggregate","Strategy": "Sorted","Partial Mode": "Finalize","Parallel Aware": false,"Async Capable": false,"Startup Cost": 35224.41,"Total Cost": 35237.30,"Plan Rows": 97,"Plan Width": 168,"Actual Startup Time": 2446.740,"Actual Total Time": 2527.570,"Actual Rows": 175,"Actual Loops": 1,"Group Key": ["nation.n_name", "(EXTRACT(year FROM orders.o_orderdate))"],"Plans": [{"Node Type": "Gather Merge","Parent Relationship": "Outer","Parallel Aware": false,"Async Capable": false,"Startup Cost": 35224.41,"Total Cost": 35235.05,"Plan Rows": 80,"Plan Width": 168,"Actual Startup Time": 2445.319,"Actual Total Time": 2527.159,"Actual Rows": 525,"Actual Loops": 1,"Workers Planned": 2,"Workers Launched": 2,"Plans": [{"Node Type": "Aggregate","Strategy": "Sorted","Partial Mode": "Partial","Parent Relationship": "Outer","Parallel Aware": false,"Async Capable": false,"Startup Cost": 34224.39,"Total Cost": 34225.79,"Plan Rows": 40,"Plan Width": 168,"Actual Startup Time": 2302.062,"Actual Total Time": 2432.417,"Actual Rows": 175,"Actual Loops": 3,"Group Key": ["nation.n_name", "(EXTRACT(year FROM orders.o_orderdate))"],"Workers": [],"Plans": [{"Node Type": "Sort","Parent Relationship": "Outer","Parallel Aware": false,"Async Capable": false,"Startup Cost": 34224.39,"Total Cost": 34224.49,"Plan Rows": 40,"Plan Width": 159,"Actual Startup Time": 2301.394,"Actual Total Time": 2345.621,"Actual Rows": 109556,"Actual Loops": 3,"Sort Key": ["nation.n_name", "(EXTRACT(year FROM orders.o_orderdate)) DESC"],"Sort Method": "quicksort","Sort Space Used": 13628,"Sort Space Type": "Memory","Workers": [{"Worker Number": 0,"Sort Method": "quicksort","Sort Space Used": 14173,"Sort Space Type": "Memory"},{"Worker Number": 1,"Sort Method": "quicksort","Sort Space Used": 14136,"Sort Space Type": "Memory"}],"Plans": [{"Node Type": "Hash Join","Parent Relationship": "Outer","Parallel Aware": false,"Async Capable": false,"Join Type": "Inner","Startup Cost": 3.13,"Total Cost": 34223.32,"Plan Rows": 40,"Plan Width": 159,"Actual Startup Time": 0.808,"Actual Total Time": 2152.387,"Actual Rows": 109556,"Actual Loops": 3,"Inner Unique": true,"Hash Cond": "(supplier.s_nationkey = nation.n_nationkey)","Workers": [],"Plans": [{"Node Type": "Nested Loop","Parent Relationship": "Outer","Parallel Aware": false,"Async Capable": false,"Join Type": "Inner","Startup Cost": 1.57,"Total Cost": 34221.53,"Plan Rows": 40,"Plan Width": 31,"Actual Startup Time": 0.597,"Actual Total Time": 2120.724,"Actual Rows": 109556,"Actual Loops": 3,"Inner Unique": true,"Workers": [],"Plans": [{"Node Type": "Nested Loop","Parent Relationship": "Outer","Parallel Aware": false,"Async Capable": false,"Join Type": "Inner","Startup Cost": 1.14,"Total Cost": 34202.93,"Plan Rows": 40,"Plan Width": 31,"Actual Startup Time": 0.482,"Actual Total Time": 981.866,"Actual Rows": 109556,"Actual Loops": 3,"Inner Unique": true,"Workers": [],"Plans": [{"Node Type": "Nested Loop","Parent Relationship": "Outer","Parallel Aware": false,"Async Capable": false,"Join Type": "Inner","Startup Cost": 0.86,"Total Cost": 34190.82,"Plan Rows": 40,"Plan Width": 35,"Actual Startup Time": 0.370,"Actual Total Time": 797.400,"Actual Rows": 109556,"Actual Loops": 3,"Inner Unique": false,"Workers": [],"Plans": [{"Node Type": "Nested Loop","Parent Relationship": "Outer","Parallel Aware": false,"Async Capable": false,"Join Type": "Inner","Startup Cost": 0.42,"Total Cost": 19885.25,"Plan Rows": 13468,"Plan Width": 18,"Actual Startup Time": 0.230,"Actual Total Time": 117.251,"Actual Rows": 14572,"Actual Loops": 3,"Inner Unique": false,"Workers": [],"Plans": [{"Node Type": "Seq Scan","Parent Relationship": "Outer","Parallel Aware": true,"Async Capable": false,"Relation Name": "part","Alias": "part","Startup Cost": 0.00,"Total Cost": 5138.67,"Plan Rows": 3367,"Plan Width": 4,"Actual Startup Time": 0.067,"Actual Total Time": 50.326,"Actual Rows": 3643,"Actual Loops": 3,"Filter": "((p_name)::text ~~ '%grey%'::text)","Rows Removed by Filter": 63024,"Workers": []},{"Node Type": "Index Scan","Parent Relationship": "Inner","Parallel Aware": false,"Async Capable": false,"Scan Direction": "Forward","Index Name": "idx_partsupp_partkey","Relation Name": "partsupp","Alias": "partsupp","Startup Cost": 0.42,"Total Cost": 4.34,"Plan Rows": 4,"Plan Width": 14,"Actual Startup Time": 0.014,"Actual Total Time": 0.018,"Actual Rows": 4,"Actual Loops": 10929,"Index Cond": "(ps_partkey = part.p_partkey)","Rows Removed by Index Recheck": 0,"Workers": []}]},{"Node Type": "Index Scan","Parent Relationship": "Inner","Parallel Aware": false,"Async Capable": false,"Scan Direction": "Forward","Index Name": "idx_lineitem_part_supp","Relation Name": "lineitem","Alias": "lineitem","Startup Cost": 0.43,"Total Cost": 1.05,"Plan Rows": 1,"Plan Width": 29,"Actual Startup Time": 0.007,"Actual Total Time": 0.045,"Actual Rows": 8,"Actual Loops": 43716,"Index Cond": "((l_partkey = partsupp.ps_partkey) AND (l_suppkey = partsupp.ps_suppkey))","Rows Removed by Index Recheck": 0,"Workers": []}]},{"Node Type": "Index Scan","Parent Relationship": "Inner","Parallel Aware": false,"Async Capable": false,"Scan Direction": "Forward","Index Name": "supplier_pkey","Relation Name": "supplier","Alias": "supplier","Startup Cost": 0.29,"Total Cost": 0.30,"Plan Rows": 1,"Plan Width": 8,"Actual Startup Time": 0.001,"Actual Total Time": 0.001,"Actual Rows": 1,"Actual Loops": 328668,"Index Cond": "(s_suppkey = lineitem.l_suppkey)","Rows Removed by Index Recheck": 0,"Workers": []}]},{"Node Type": "Index Scan","Parent Relationship": "Inner","Parallel Aware": false,"Async Capable": false,"Scan Direction": "Forward","Index Name": "orders_pkey","Relation Name": "orders","Alias": "orders","Startup Cost": 0.43,"Total Cost": 0.47,"Plan Rows": 1,"Plan Width": 8,"Actual Startup Time": 0.010,"Actual Total Time": 0.010,"Actual Rows": 1,"Actual Loops": 328668,"Index Cond": "(o_orderkey = lineitem.l_orderkey)","Rows Removed by Index Recheck": 0,"Workers": []}]},{"Node Type": "Hash","Parent Relationship": "Inner","Parallel Aware": false,"Async Capable": false,"Startup Cost": 1.25,"Total Cost": 1.25,"Plan Rows": 25,"Plan Width": 108,"Actual Startup Time": 0.086,"Actual Total Time": 0.097,"Actual Rows": 25,"Actual Loops": 3,"Hash Buckets": 1024,"Original Hash Buckets": 1024,"Hash Batches": 1,"Original Hash Batches": 1,"Peak Memory Usage": 10,"Workers": [],"Plans": [{"Node Type": "Seq Scan","Parent Relationship": "Outer","Parallel Aware": false,"Async Capable": false,"Relation Name": "nation","Alias": "nation","Startup Cost": 0.00,"Total Cost": 1.25,"Plan Rows": 25,"Plan Width": 108,"Actual Startup Time": 0.056,"Actual Total Time": 0.063,"Actual Rows": 25,"Actual Loops": 3,"Workers": []}]}]}]}]}]}]},"Planning Time": 11.608,"Triggers": [],"Execution Time": 2530.681}]
[{"Plan": {"Node Type": "Aggregate","Strategy": "Sorted","Partial Mode": "Finalize","Parallel Aware": false,"Async Capable": false,"Startup Cost": 41381.04,"Total Cost": 41397.45,"Plan Rows": 122,"Plan Width": 168,"Actual Startup Time": 2369.291,"Actual Total Time": 2478.707,"Actual Rows": 175,"Actual Loops": 1,"Group Key": ["nation.n_name", "(EXTRACT(year FROM orders.o_orderdate))"],"Plans": [{"Node Type": "Gather Merge","Parent Relationship": "Outer","Parallel Aware": false,"Async Capable": false,"Startup Cost": 41381.04,"Total Cost": 41394.60,"Plan Rows": 102,"Plan Width": 168,"Actual Startup Time": 2368.553,"Actual Total Time": 2478.320,"Actual Rows": 525,"Actual Loops": 1,"Workers Planned": 2,"Workers Launched": 2,"Plans": [{"Node Type": "Aggregate","Strategy": "Sorted","Partial Mode": "Partial","Parent Relationship": "Outer","Parallel Aware": false,"Async Capable": false,"Startup Cost": 40381.01,"Total Cost": 40382.80,"Plan Rows": 51,"Plan Width": 168,"Actual Startup Time": 2234.651,"Actual Total Time": 2367.808,"Actual Rows": 175,"Actual Loops": 3,"Group Key": ["nation.n_name", "(EXTRACT(year FROM orders.o_orderdate))"],"Workers": [],"Plans": [{"Node Type": "Sort","Parent Relationship": "Outer","Parallel Aware": false,"Async Capable": false,"Startup Cost": 40381.01,"Total Cost": 40381.14,"Plan Rows": 51,"Plan Width": 159,"Actual Startup Time": 2234.151,"Actual Total Time": 2281.175,"Actual Rows": 106377,"Actual Loops": 3,"Sort Key": ["nation.n_name", "(EXTRACT(year FROM orders.o_orderdate)) DESC"],"Sort Method": "quicksort","Sort Space Used": 13281,"Sort Space Type": "Memory","Workers": [{"Worker Number": 0,"Sort Method": "quicksort","Sort Space Used": 13894,"Sort Space Type": "Memory"},{"Worker Number": 1,"Sort Method": "quicksort","Sort Space Used": 13818,"Sort Space Type": "Memory"}],"Plans": [{"Node Type": "Hash Join","Parent Relationship": "Outer","Parallel Aware": false,"Async Capable": false,"Join Type": "Inner","Startup Cost": 3.13,"Total Cost": 40379.57,"Plan Rows": 51,"Plan Width": 159,"Actual Startup Time": 0.768,"Actual Total Time": 2087.367,"Actual Rows": 106377,"Actual Loops": 3,"Inner Unique": true,"Hash Cond": "(supplier.s_nationkey = nation.n_nationkey)","Workers": [],"Plans": [{"Node Type": "Nested Loop","Parent Relationship": "Outer","Parallel Aware": false,"Async Capable": false,"Join Type": "Inner","Startup Cost": 1.57,"Total Cost": 40377.72,"Plan Rows": 51,"Plan Width": 31,"Actual Startup Time": 0.548,"Actual Total Time": 2056.182,"Actual Rows": 106377,"Actual Loops": 3,"Inner Unique": true,"Workers": [],"Plans": [{"Node Type": "Nested Loop","Parent Relationship": "Outer","Parallel Aware": false,"Async Capable": false,"Join Type": "Inner","Startup Cost": 1.14,"Total Cost": 40354.00,"Plan Rows": 51,"Plan Width": 31,"Actual Startup Time": 0.413,"Actual Total Time": 960.517,"Actual Rows": 106377,"Actual Loops": 3,"Inner Unique": true,"Workers": [],"Plans": [{"Node Type": "Nested Loop","Parent Relationship": "Outer","Parallel Aware": false,"Async Capable": false,"Join Type": "Inner","Startup Cost": 0.86,"Total Cost": 40338.56,"Plan Rows": 51,"Plan Width": 35,"Actual Startup Time": 0.324,"Actual Total Time": 781.220,"Actual Rows": 106377,"Actual Loops": 3,"Inner Unique": false,"Workers": [],"Plans": [{"Node Type": "Nested Loop","Parent Relationship": "Outer","Parallel Aware": false,"Async Capable": false,"Join Type": "Inner","Startup Cost": 0.42,"Total Cost": 22456.59,"Plan Rows": 16835,"Plan Width": 18,"Actual Startup Time": 0.210,"Actual Total Time": 116.185,"Actual Rows": 14180,"Actual Loops": 3,"Inner Unique": false,"Workers": [],"Plans": [{"Node Type": "Seq Scan","Parent Relationship": "Outer","Parallel Aware": true,"Async Capable": false,"Relation Name": "part","Alias": "part","Startup Cost": 0.00,"Total Cost": 5138.67,"Plan Rows": 4209,"Plan Width": 4,"Actual Startup Time": 0.080,"Actual Total Time": 50.374,"Actual Rows": 3545,"Actual Loops": 3,"Filter": "((p_name)::text ~~ '%gainsboro%'::text)","Rows Removed by Filter": 63122,"Workers": []},{"Node Type": "Index Scan","Parent Relationship": "Inner","Parallel Aware": false,"Async Capable": false,"Scan Direction": "Forward","Index Name": "idx_partsupp_partkey","Relation Name": "partsupp","Alias": "partsupp","Startup Cost": 0.42,"Total Cost": 4.07,"Plan Rows": 4,"Plan Width": 14,"Actual Startup Time": 0.014,"Actual Total Time": 0.018,"Actual Rows": 4,"Actual Loops": 10635,"Index Cond": "(ps_partkey = part.p_partkey)","Rows Removed by Index Recheck": 0,"Workers": []}]},{"Node Type": "Index Scan","Parent Relationship": "Inner","Parallel Aware": false,"Async Capable": false,"Scan Direction": "Forward","Index Name": "idx_lineitem_part_supp","Relation Name": "lineitem","Alias": "lineitem","Startup Cost": 0.43,"Total Cost": 1.05,"Plan Rows": 1,"Plan Width": 29,"Actual Startup Time": 0.007,"Actual Total Time": 0.045,"Actual Rows": 8,"Actual Loops": 42540,"Index Cond": "((l_partkey = partsupp.ps_partkey) AND (l_suppkey = partsupp.ps_suppkey))","Rows Removed by Index Recheck": 0,"Workers": []}]},{"Node Type": "Index Scan","Parent Relationship": "Inner","Parallel Aware": false,"Async Capable": false,"Scan Direction": "Forward","Index Name": "supplier_pkey","Relation Name": "supplier","Alias": "supplier","Startup Cost": 0.29,"Total Cost": 0.30,"Plan Rows": 1,"Plan Width": 8,"Actual Startup Time": 0.001,"Actual Total Time": 0.001,"Actual Rows": 1,"Actual Loops": 319131,"Index Cond": "(s_suppkey = lineitem.l_suppkey)","Rows Removed by Index Recheck": 0,"Workers": []}]},{"Node Type": "Index Scan","Parent Relationship": "Inner","Parallel Aware": false,"Async Capable": false,"Scan Direction": "Forward","Index Name": "orders_pkey","Relation Name": "orders","Alias": "orders","Startup Cost": 0.43,"Total Cost": 0.47,"Plan Rows": 1,"Plan Width": 8,"Actual Startup Time": 0.010,"Actual Total Time": 0.010,"Actual Rows": 1,"Actual Loops": 319131,"Index Cond": "(o_orderkey = lineitem.l_orderkey)","Rows Removed by Index Recheck": 0,"Workers": []}]},{"Node Type": "Hash","Parent Relationship": "Inner","Parallel Aware": false,"Async Capable": false,"Startup Cost": 1.25,"Total Cost": 1.25,"Plan Rows": 25,"Plan Width": 108,"Actual Startup Time": 0.092,"Actual Total Time": 0.105,"Actual Rows": 25,"Actual Loops": 3,"Hash Buckets": 1024,"Original Hash Buckets": 1024,"Hash Batches": 1,"Original Hash Batches": 1,"Peak Memory Usage": 10,"Workers": [],"Plans": [{"Node Type": "Seq Scan","Parent Relationship": "Outer","Parallel Aware": false,"Async Capable": false,"Relation Name": "nation","Alias": "nation","Startup Cost": 0.00,"Total Cost": 1.25,"Plan Rows": 25,"Plan Width": 108,"Actual Startup Time": 0.059,"Actual Total Time": 0.067,"Actual Rows": 25,"Actual Loops": 3,"Workers": []}]}]}]}]}]}]},"Planning Time": 12.024,"Triggers": [],"Execution Time": 2481.928}]
[{"Plan": {"Node Type": "Aggregate","Strategy": "Sorted","Partial Mode": "Finalize","Parallel Aware": false,"Async Capable": false,"Startup Cost": 35224.41,"Total Cost": 35237.30,"Plan Rows": 97,"Plan Width": 168,"Actual Startup Time": 2357.364,"Actual Total Time": 2496.535,"Actual Rows": 175,"Actual Loops": 1,"Group Key": ["nation.n_name", "(EXTRACT(year FROM orders.o_orderdate))"],"Plans": [{"Node Type": "Gather Merge","Parent Relationship": "Outer","Parallel Aware": false,"Async Capable": false,"Startup Cost": 35224.41,"Total Cost": 35235.05,"Plan Rows": 80,"Plan Width": 168,"Actual Startup Time": 2355.924,"Actual Total Time": 2496.142,"Actual Rows": 525,"Actual Loops": 1,"Workers Planned": 2,"Workers Launched": 2,"Plans": [{"Node Type": "Aggregate","Strategy": "Sorted","Partial Mode": "Partial","Parent Relationship": "Outer","Parallel Aware": false,"Async Capable": false,"Startup Cost": 34224.39,"Total Cost": 34225.79,"Plan Rows": 40,"Plan Width": 168,"Actual Startup Time": 2247.984,"Actual Total Time": 2368.597,"Actual Rows": 175,"Actual Loops": 3,"Group Key": ["nation.n_name", "(EXTRACT(year FROM orders.o_orderdate))"],"Workers": [],"Plans": [{"Node Type": "Sort","Parent Relationship": "Outer","Parallel Aware": false,"Async Capable": false,"Startup Cost": 34224.39,"Total Cost": 34224.49,"Plan Rows": 40,"Plan Width": 159,"Actual Startup Time": 2247.517,"Actual Total Time": 2286.585,"Actual Rows": 107203,"Actual Loops": 3,"Sort Key": ["nation.n_name", "(EXTRACT(year FROM orders.o_orderdate)) DESC"],"Sort Method": "quicksort","Sort Space Used": 13369,"Sort Space Type": "Memory","Workers": [{"Worker Number": 0,"Sort Method": "quicksort","Sort Space Used": 14016,"Sort Space Type": "Memory"},{"Worker Number": 1,"Sort Method": "quicksort","Sort Space Used": 13856,"Sort Space Type": "Memory"}],"Plans": [{"Node Type": "Hash Join","Parent Relationship": "Outer","Parallel Aware": false,"Async Capable": false,"Join Type": "Inner","Startup Cost": 3.13,"Total Cost": 34223.32,"Plan Rows": 40,"Plan Width": 159,"Actual Startup Time": 0.679,"Actual Total Time": 2101.760,"Actual Rows": 107203,"Actual Loops": 3,"Inner Unique": true,"Hash Cond": "(supplier.s_nationkey = nation.n_nationkey)","Workers": [],"Plans": [{"Node Type": "Nested Loop","Parent Relationship": "Outer","Parallel Aware": false,"Async Capable": false,"Join Type": "Inner","Startup Cost": 1.57,"Total Cost": 34221.53,"Plan Rows": 40,"Plan Width": 31,"Actual Startup Time": 0.517,"Actual Total Time": 2070.140,"Actual Rows": 107203,"Actual Loops": 3,"Inner Unique": true,"Workers": [],"Plans": [{"Node Type": "Nested Loop","Parent Relationship": "Outer","Parallel Aware": false,"Async Capable": false,"Join Type": "Inner","Startup Cost": 1.14,"Total Cost": 34202.93,"Plan Rows": 40,"Plan Width": 31,"Actual Startup Time": 0.385,"Actual Total Time": 967.844,"Actual Rows": 107203,"Actual Loops": 3,"Inner Unique": true,"Workers": [],"Plans": [{"Node Type": "Nested Loop","Parent Relationship": "Outer","Parallel Aware": false,"Async Capable": false,"Join Type": "Inner","Startup Cost": 0.86,"Total Cost": 34190.82,"Plan Rows": 40,"Plan Width": 35,"Actual Startup Time": 0.299,"Actual Total Time": 787.636,"Actual Rows": 107203,"Actual Loops": 3,"Inner Unique": false,"Workers": [],"Plans": [{"Node Type": "Nested Loop","Parent Relationship": "Outer","Parallel Aware": false,"Async Capable": false,"Join Type": "Inner","Startup Cost": 0.42,"Total Cost": 19885.25,"Plan Rows": 13468,"Plan Width": 18,"Actual Startup Time": 0.192,"Actual Total Time": 117.102,"Actual Rows": 14315,"Actual Loops": 3,"Inner Unique": false,"Workers": [],"Plans": [{"Node Type": "Seq Scan","Parent Relationship": "Outer","Parallel Aware": true,"Async Capable": false,"Relation Name": "part","Alias": "part","Startup Cost": 0.00,"Total Cost": 5138.67,"Plan Rows": 3367,"Plan Width": 4,"Actual Startup Time": 0.065,"Actual Total Time": 51.071,"Actual Rows": 3579,"Actual Loops": 3,"Filter": "((p_name)::text ~~ '%smoke%'::text)","Rows Removed by Filter": 63088,"Workers": []},{"Node Type": "Index Scan","Parent Relationship": "Inner","Parallel Aware": false,"Async Capable": false,"Scan Direction": "Forward","Index Name": "idx_partsupp_partkey","Relation Name": "partsupp","Alias": "partsupp","Startup Cost": 0.42,"Total Cost": 4.34,"Plan Rows": 4,"Plan Width": 14,"Actual Startup Time": 0.014,"Actual Total Time": 0.018,"Actual Rows": 4,"Actual Loops": 10736,"Index Cond": "(ps_partkey = part.p_partkey)","Rows Removed by Index Recheck": 0,"Workers": []}]},{"Node Type": "Index Scan","Parent Relationship": "Inner","Parallel Aware": false,"Async Capable": false,"Scan Direction": "Forward","Index Name": "idx_lineitem_part_supp","Relation Name": "lineitem","Alias": "lineitem","Startup Cost": 0.43,"Total Cost": 1.05,"Plan Rows": 1,"Plan Width": 29,"Actual Startup Time": 0.007,"Actual Total Time": 0.045,"Actual Rows": 7,"Actual Loops": 42944,"Index Cond": "((l_partkey = partsupp.ps_partkey) AND (l_suppkey = partsupp.ps_suppkey))","Rows Removed by Index Recheck": 0,"Workers": []}]},{"Node Type": "Index Scan","Parent Relationship": "Inner","Parallel Aware": false,"Async Capable": false,"Scan Direction": "Forward","Index Name": "supplier_pkey","Relation Name": "supplier","Alias": "supplier","Startup Cost": 0.29,"Total Cost": 0.30,"Plan Rows": 1,"Plan Width": 8,"Actual Startup Time": 0.001,"Actual Total Time": 0.001,"Actual Rows": 1,"Actual Loops": 321610,"Index Cond": "(s_suppkey = lineitem.l_suppkey)","Rows Removed by Index Recheck": 0,"Workers": []}]},{"Node Type": "Index Scan","Parent Relationship": "Inner","Parallel Aware": false,"Async Capable": false,"Scan Direction": "Forward","Index Name": "orders_pkey","Relation Name": "orders","Alias": "orders","Startup Cost": 0.43,"Total Cost": 0.47,"Plan Rows": 1,"Plan Width": 8,"Actual Startup Time": 0.010,"Actual Total Time": 0.010,"Actual Rows": 1,"Actual Loops": 321610,"Index Cond": "(o_orderkey = lineitem.l_orderkey)","Rows Removed by Index Recheck": 0,"Workers": []}]},{"Node Type": "Hash","Parent Relationship": "Inner","Parallel Aware": false,"Async Capable": false,"Startup Cost": 1.25,"Total Cost": 1.25,"Plan Rows": 25,"Plan Width": 108,"Actual Startup Time": 0.075,"Actual Total Time": 0.083,"Actual Rows": 25,"Actual Loops": 3,"Hash Buckets": 1024,"Original Hash Buckets": 1024,"Hash Batches": 1,"Original Hash Batches": 1,"Peak Memory Usage": 10,"Workers": [],"Plans": [{"Node Type": "Seq Scan","Parent Relationship": "Outer","Parallel Aware": false,"Async Capable": false,"Relation Name": "nation","Alias": "nation","Startup Cost": 0.00,"Total Cost": 1.25,"Plan Rows": 25,"Plan Width": 108,"Actual Startup Time": 0.048,"Actual Total Time": 0.054,"Actual Rows": 25,"Actual Loops": 3,"Workers": []}]}]}]}]}]}]},"Planning Time": 11.689,"Triggers": [],"Execution Time": 2500.376}]
[{"Plan": {"Node Type": "Aggregate","Strategy": "Sorted","Partial Mode": "Finalize","Parallel Aware": false,"Async Capable": false,"Startup Cost": 47355.08,"Total Cost": 47374.71,"Plan Rows": 146,"Plan Width": 168,"Actual Startup Time": 2381.469,"Actual Total Time": 2536.102,"Actual Rows": 175,"Actual Loops": 1,"Group Key": ["nation.n_name", "(EXTRACT(year FROM orders.o_orderdate))"],"Plans": [{"Node Type": "Gather Merge","Parent Relationship": "Outer","Parallel Aware": false,"Async Capable": false,"Startup Cost": 47355.08,"Total Cost": 47371.30,"Plan Rows": 122,"Plan Width": 168,"Actual Startup Time": 2379.701,"Actual Total Time": 2535.664,"Actual Rows": 525,"Actual Loops": 1,"Workers Planned": 2,"Workers Launched": 2,"Plans": [{"Node Type": "Aggregate","Strategy": "Sorted","Partial Mode": "Partial","Parent Relationship": "Outer","Parallel Aware": false,"Async Capable": false,"Startup Cost": 46355.06,"Total Cost": 46357.20,"Plan Rows": 61,"Plan Width": 168,"Actual Startup Time": 2271.137,"Actual Total Time": 2390.068,"Actual Rows": 175,"Actual Loops": 3,"Group Key": ["nation.n_name", "(EXTRACT(year FROM orders.o_orderdate))"],"Workers": [],"Plans": [{"Node Type": "Sort","Parent Relationship": "Outer","Parallel Aware": false,"Async Capable": false,"Startup Cost": 46355.06,"Total Cost": 46355.21,"Plan Rows": 61,"Plan Width": 159,"Actual Startup Time": 2270.519,"Actual Total Time": 2308.045,"Actual Rows": 107900,"Actual Loops": 3,"Sort Key": ["nation.n_name", "(EXTRACT(year FROM orders.o_orderdate)) DESC"],"Sort Method": "quicksort","Sort Space Used": 13440,"Sort Space Type": "Memory","Workers": [{"Worker Number": 0,"Sort Method": "quicksort","Sort Space Used": 13938,"Sort Space Type": "Memory"},{"Worker Number": 1,"Sort Method": "quicksort","Sort Space Used": 14070,"Sort Space Type": "Memory"}],"Plans": [{"Node Type": "Hash Join","Parent Relationship": "Outer","Parallel Aware": false,"Async Capable": false,"Join Type": "Inner","Startup Cost": 3.13,"Total Cost": 46353.25,"Plan Rows": 61,"Plan Width": 159,"Actual Startup Time": 0.619,"Actual Total Time": 2122.592,"Actual Rows": 107900,"Actual Loops": 3,"Inner Unique": true,"Hash Cond": "(supplier.s_nationkey = nation.n_nationkey)","Workers": [],"Plans": [{"Node Type": "Nested Loop","Parent Relationship": "Outer","Parallel Aware": false,"Async Capable": false,"Join Type": "Inner","Startup Cost": 1.57,"Total Cost": 46351.35,"Plan Rows": 61,"Plan Width": 31,"Actual Startup Time": 0.408,"Actual Total Time": 2090.946,"Actual Rows": 107900,"Actual Loops": 3,"Inner Unique": true,"Workers": [],"Plans": [{"Node Type": "Nested Loop","Parent Relationship": "Outer","Parallel Aware": false,"Async Capable": false,"Join Type": "Inner","Startup Cost": 1.14,"Total Cost": 46322.98,"Plan Rows": 61,"Plan Width": 31,"Actual Startup Time": 0.323,"Actual Total Time": 973.422,"Actual Rows": 107900,"Actual Loops": 3,"Inner Unique": true,"Workers": [],"Plans": [{"Node Type": "Nested Loop","Parent Relationship": "Outer","Parallel Aware": false,"Async Capable": false,"Join Type": "Inner","Startup Cost": 0.86,"Total Cost": 46304.52,"Plan Rows": 61,"Plan Width": 35,"Actual Startup Time": 0.265,"Actual Total Time": 792.389,"Actual Rows": 107900,"Actual Loops": 3,"Inner Unique": false,"Workers": [],"Plans": [{"Node Type": "Nested Loop","Parent Relationship": "Outer","Parallel Aware": false,"Async Capable": false,"Join Type": "Inner","Startup Cost": 0.42,"Total Cost": 24846.16,"Plan Rows": 20202,"Plan Width": 18,"Actual Startup Time": 0.194,"Actual Total Time": 118.841,"Actual Rows": 14391,"Actual Loops": 3,"Inner Unique": false,"Workers": [],"Plans": [{"Node Type": "Seq Scan","Parent Relationship": "Outer","Parallel Aware": true,"Async Capable": false,"Relation Name": "part","Alias": "part","Startup Cost": 0.00,"Total Cost": 5138.67,"Plan Rows": 5051,"Plan Width": 4,"Actual Startup Time": 0.055,"Actual Total Time": 52.315,"Actual Rows": 3598,"Actual Loops": 3,"Filter": "((p_name)::text ~~ '%rose%'::text)","Rows Removed by Filter": 63069,"Workers": []},{"Node Type": "Index Scan","Parent Relationship": "Inner","Parallel Aware": false,"Async Capable": false,"Scan Direction": "Forward","Index Name": "idx_partsupp_partkey","Relation Name": "partsupp","Alias": "partsupp","Startup Cost": 0.42,"Total Cost": 3.86,"Plan Rows": 4,"Plan Width": 14,"Actual Startup Time": 0.014,"Actual Total Time": 0.018,"Actual Rows": 4,"Actual Loops": 10793,"Index Cond": "(ps_partkey = part.p_partkey)","Rows Removed by Index Recheck": 0,"Workers": []}]},{"Node Type": "Index Scan","Parent Relationship": "Inner","Parallel Aware": false,"Async Capable": false,"Scan Direction": "Forward","Index Name": "idx_lineitem_part_supp","Relation Name": "lineitem","Alias": "lineitem","Startup Cost": 0.43,"Total Cost": 1.05,"Plan Rows": 1,"Plan Width": 29,"Actual Startup Time": 0.007,"Actual Total Time": 0.045,"Actual Rows": 7,"Actual Loops": 43172,"Index Cond": "((l_partkey = partsupp.ps_partkey) AND (l_suppkey = partsupp.ps_suppkey))","Rows Removed by Index Recheck": 0,"Workers": []}]},{"Node Type": "Index Scan","Parent Relationship": "Inner","Parallel Aware": false,"Async Capable": false,"Scan Direction": "Forward","Index Name": "supplier_pkey","Relation Name": "supplier","Alias": "supplier","Startup Cost": 0.29,"Total Cost": 0.30,"Plan Rows": 1,"Plan Width": 8,"Actual Startup Time": 0.001,"Actual Total Time": 0.001,"Actual Rows": 1,"Actual Loops": 323699,"Index Cond": "(s_suppkey = lineitem.l_suppkey)","Rows Removed by Index Recheck": 0,"Workers": []}]},{"Node Type": "Index Scan","Parent Relationship": "Inner","Parallel Aware": false,"Async Capable": false,"Scan Direction": "Forward","Index Name": "orders_pkey","Relation Name": "orders","Alias": "orders","Startup Cost": 0.43,"Total Cost": 0.47,"Plan Rows": 1,"Plan Width": 8,"Actual Startup Time": 0.010,"Actual Total Time": 0.010,"Actual Rows": 1,"Actual Loops": 323699,"Index Cond": "(o_orderkey = lineitem.l_orderkey)","Rows Removed by Index Recheck": 0,"Workers": []}]},{"Node Type": "Hash","Parent Relationship": "Inner","Parallel Aware": false,"Async Capable": false,"Startup Cost": 1.25,"Total Cost": 1.25,"Plan Rows": 25,"Plan Width": 108,"Actual Startup Time": 0.106,"Actual Total Time": 0.116,"Actual Rows": 25,"Actual Loops": 3,"Hash Buckets": 1024,"Original Hash Buckets": 1024,"Hash Batches": 1,"Original Hash Batches": 1,"Peak Memory Usage": 10,"Workers": [],"Plans": [{"Node Type": "Seq Scan","Parent Relationship": "Outer","Parallel Aware": false,"Async Capable": false,"Relation Name": "nation","Alias": "nation","Startup Cost": 0.00,"Total Cost": 1.25,"Plan Rows": 25,"Plan Width": 108,"Actual Startup Time": 0.077,"Actual Total Time": 0.084,"Actual Rows": 25,"Actual Loops": 3,"Workers": []}]}]}]}]}]}]},"Planning Time": 10.972,"Triggers": [],"Execution Time": 2540.598}]
[{"Plan": {"Node Type": "Aggregate","Strategy": "Sorted","Partial Mode": "Finalize","Parallel Aware": false,"Async Capable": false,"Startup Cost": 35224.41,"Total Cost": 35237.30,"Plan Rows": 97,"Plan Width": 168,"Actual Startup Time": 2444.138,"Actual Total Time": 2542.472,"Actual Rows": 175,"Actual Loops": 1,"Group Key": ["nation.n_name", "(EXTRACT(year FROM orders.o_orderdate))"],"Plans": [{"Node Type": "Gather Merge","Parent Relationship": "Outer","Parallel Aware": false,"Async Capable": false,"Startup Cost": 35224.41,"Total Cost": 35235.05,"Plan Rows": 80,"Plan Width": 168,"Actual Startup Time": 2442.420,"Actual Total Time": 2542.094,"Actual Rows": 525,"Actual Loops": 1,"Workers Planned": 2,"Workers Launched": 2,"Plans": [{"Node Type": "Aggregate","Strategy": "Sorted","Partial Mode": "Partial","Parent Relationship": "Outer","Parallel Aware": false,"Async Capable": false,"Startup Cost": 34224.39,"Total Cost": 34225.79,"Plan Rows": 40,"Plan Width": 168,"Actual Startup Time": 2337.842,"Actual Total Time": 2456.025,"Actual Rows": 175,"Actual Loops": 3,"Group Key": ["nation.n_name", "(EXTRACT(year FROM orders.o_orderdate))"],"Workers": [],"Plans": [{"Node Type": "Sort","Parent Relationship": "Outer","Parallel Aware": false,"Async Capable": false,"Startup Cost": 34224.39,"Total Cost": 34224.49,"Plan Rows": 40,"Plan Width": 159,"Actual Startup Time": 2337.234,"Actual Total Time": 2374.843,"Actual Rows": 108757,"Actual Loops": 3,"Sort Key": ["nation.n_name", "(EXTRACT(year FROM orders.o_orderdate)) DESC"],"Sort Method": "quicksort","Sort Space Used": 14638,"Sort Space Type": "Memory","Workers": [{"Worker Number": 0,"Sort Method": "quicksort","Sort Space Used": 13561,"Sort Space Type": "Memory"},{"Worker Number": 1,"Sort Method": "quicksort","Sort Space Used": 13499,"Sort Space Type": "Memory"}],"Plans": [{"Node Type": "Hash Join","Parent Relationship": "Outer","Parallel Aware": false,"Async Capable": false,"Join Type": "Inner","Startup Cost": 3.13,"Total Cost": 34223.32,"Plan Rows": 40,"Plan Width": 159,"Actual Startup Time": 0.556,"Actual Total Time": 2190.470,"Actual Rows": 108757,"Actual Loops": 3,"Inner Unique": true,"Hash Cond": "(supplier.s_nationkey = nation.n_nationkey)","Workers": [],"Plans": [{"Node Type": "Nested Loop","Parent Relationship": "Outer","Parallel Aware": false,"Async Capable": false,"Join Type": "Inner","Startup Cost": 1.57,"Total Cost": 34221.53,"Plan Rows": 40,"Plan Width": 31,"Actual Startup Time": 0.403,"Actual Total Time": 2158.779,"Actual Rows": 108757,"Actual Loops": 3,"Inner Unique": true,"Workers": [],"Plans": [{"Node Type": "Nested Loop","Parent Relationship": "Outer","Parallel Aware": false,"Async Capable": false,"Join Type": "Inner","Startup Cost": 1.14,"Total Cost": 34202.93,"Plan Rows": 40,"Plan Width": 31,"Actual Startup Time": 0.309,"Actual Total Time": 1007.807,"Actual Rows": 108757,"Actual Loops": 3,"Inner Unique": true,"Workers": [],"Plans": [{"Node Type": "Nested Loop","Parent Relationship": "Outer","Parallel Aware": false,"Async Capable": false,"Join Type": "Inner","Startup Cost": 0.86,"Total Cost": 34190.82,"Plan Rows": 40,"Plan Width": 35,"Actual Startup Time": 0.236,"Actual Total Time": 821.703,"Actual Rows": 108757,"Actual Loops": 3,"Inner Unique": false,"Workers": [],"Plans": [{"Node Type": "Nested Loop","Parent Relationship": "Outer","Parallel Aware": false,"Async Capable": false,"Join Type": "Inner","Startup Cost": 0.42,"Total Cost": 19885.25,"Plan Rows": 13468,"Plan Width": 18,"Actual Startup Time": 0.138,"Actual Total Time": 114.586,"Actual Rows": 14501,"Actual Loops": 3,"Inner Unique": false,"Workers": [],"Plans": [{"Node Type": "Seq Scan","Parent Relationship": "Outer","Parallel Aware": true,"Async Capable": false,"Relation Name": "part","Alias": "part","Startup Cost": 0.00,"Total Cost": 5138.67,"Plan Rows": 3367,"Plan Width": 4,"Actual Startup Time": 0.031,"Actual Total Time": 48.710,"Actual Rows": 3625,"Actual Loops": 3,"Filter": "((p_name)::text ~~ '%beige%'::text)","Rows Removed by Filter": 63041,"Workers": []},{"Node Type": "Index Scan","Parent Relationship": "Inner","Parallel Aware": false,"Async Capable": false,"Scan Direction": "Forward","Index Name": "idx_partsupp_partkey","Relation Name": "partsupp","Alias": "partsupp","Startup Cost": 0.42,"Total Cost": 4.34,"Plan Rows": 4,"Plan Width": 14,"Actual Startup Time": 0.014,"Actual Total Time": 0.017,"Actual Rows": 4,"Actual Loops": 10876,"Index Cond": "(ps_partkey = part.p_partkey)","Rows Removed by Index Recheck": 0,"Workers": []}]},{"Node Type": "Index Scan","Parent Relationship": "Inner","Parallel Aware": false,"Async Capable": false,"Scan Direction": "Forward","Index Name": "idx_lineitem_part_supp","Relation Name": "lineitem","Alias": "lineitem","Startup Cost": 0.43,"Total Cost": 1.05,"Plan Rows": 1,"Plan Width": 29,"Actual Startup Time": 0.007,"Actual Total Time": 0.047,"Actual Rows": 7,"Actual Loops": 43504,"Index Cond": "((l_partkey = partsupp.ps_partkey) AND (l_suppkey = partsupp.ps_suppkey))","Rows Removed by Index Recheck": 0,"Workers": []}]},{"Node Type": "Index Scan","Parent Relationship": "Inner","Parallel Aware": false,"Async Capable": false,"Scan Direction": "Forward","Index Name": "supplier_pkey","Relation Name": "supplier","Alias": "supplier","Startup Cost": 0.29,"Total Cost": 0.30,"Plan Rows": 1,"Plan Width": 8,"Actual Startup Time": 0.001,"Actual Total Time": 0.001,"Actual Rows": 1,"Actual Loops": 326272,"Index Cond": "(s_suppkey = lineitem.l_suppkey)","Rows Removed by Index Recheck": 0,"Workers": []}]},{"Node Type": "Index Scan","Parent Relationship": "Inner","Parallel Aware": false,"Async Capable": false,"Scan Direction": "Forward","Index Name": "orders_pkey","Relation Name": "orders","Alias": "orders","Startup Cost": 0.43,"Total Cost": 0.47,"Plan Rows": 1,"Plan Width": 8,"Actual Startup Time": 0.010,"Actual Total Time": 0.010,"Actual Rows": 1,"Actual Loops": 326272,"Index Cond": "(o_orderkey = lineitem.l_orderkey)","Rows Removed by Index Recheck": 0,"Workers": []}]},{"Node Type": "Hash","Parent Relationship": "Inner","Parallel Aware": false,"Async Capable": false,"Startup Cost": 1.25,"Total Cost": 1.25,"Plan Rows": 25,"Plan Width": 108,"Actual Startup Time": 0.080,"Actual Total Time": 0.089,"Actual Rows": 25,"Actual Loops": 3,"Hash Buckets": 1024,"Original Hash Buckets": 1024,"Hash Batches": 1,"Original Hash Batches": 1,"Peak Memory Usage": 10,"Workers": [],"Plans": [{"Node Type": "Seq Scan","Parent Relationship": "Outer","Parallel Aware": false,"Async Capable": false,"Relation Name": "nation","Alias": "nation","Startup Cost": 0.00,"Total Cost": 1.25,"Plan Rows": 25,"Plan Width": 108,"Actual Startup Time": 0.061,"Actual Total Time": 0.065,"Actual Rows": 25,"Actual Loops": 3,"Workers": []}]}]}]}]}]}]},"Planning Time": 11.872,"Triggers": [],"Execution Time": 2543.621}]
[{"Plan": {"Node Type": "Aggregate","Strategy": "Sorted","Partial Mode": "Finalize","Parallel Aware": false,"Async Capable": false,"Startup Cost": 35224.41,"Total Cost": 35237.30,"Plan Rows": 97,"Plan Width": 168,"Actual Startup Time": 2411.970,"Actual Total Time": 2542.231,"Actual Rows": 175,"Actual Loops": 1,"Group Key": ["nation.n_name", "(EXTRACT(year FROM orders.o_orderdate))"],"Plans": [{"Node Type": "Gather Merge","Parent Relationship": "Outer","Parallel Aware": false,"Async Capable": false,"Startup Cost": 35224.41,"Total Cost": 35235.05,"Plan Rows": 80,"Plan Width": 168,"Actual Startup Time": 2410.474,"Actual Total Time": 2541.844,"Actual Rows": 525,"Actual Loops": 1,"Workers Planned": 2,"Workers Launched": 2,"Plans": [{"Node Type": "Aggregate","Strategy": "Sorted","Partial Mode": "Partial","Parent Relationship": "Outer","Parallel Aware": false,"Async Capable": false,"Startup Cost": 34224.39,"Total Cost": 34225.79,"Plan Rows": 40,"Plan Width": 168,"Actual Startup Time": 2320.435,"Actual Total Time": 2432.397,"Actual Rows": 175,"Actual Loops": 3,"Group Key": ["nation.n_name", "(EXTRACT(year FROM orders.o_orderdate))"],"Workers": [],"Plans": [{"Node Type": "Sort","Parent Relationship": "Outer","Parallel Aware": false,"Async Capable": false,"Startup Cost": 34224.39,"Total Cost": 34224.49,"Plan Rows": 40,"Plan Width": 159,"Actual Startup Time": 2319.894,"Actual Total Time": 2355.791,"Actual Rows": 108368,"Actual Loops": 3,"Sort Key": ["nation.n_name", "(EXTRACT(year FROM orders.o_orderdate)) DESC"],"Sort Method": "quicksort","Sort Space Used": 13552,"Sort Space Type": "Memory","Workers": [{"Worker Number": 0,"Sort Method": "quicksort","Sort Space Used": 13515,"Sort Space Type": "Memory"},{"Worker Number": 1,"Sort Method": "quicksort","Sort Space Used": 14525,"Sort Space Type": "Memory"}],"Plans": [{"Node Type": "Hash Join","Parent Relationship": "Outer","Parallel Aware": false,"Async Capable": false,"Join Type": "Inner","Startup Cost": 3.13,"Total Cost": 34223.32,"Plan Rows": 40,"Plan Width": 159,"Actual Startup Time": 0.613,"Actual Total Time": 2175.485,"Actual Rows": 108368,"Actual Loops": 3,"Inner Unique": true,"Hash Cond": "(supplier.s_nationkey = nation.n_nationkey)","Workers": [],"Plans": [{"Node Type": "Nested Loop","Parent Relationship": "Outer","Parallel Aware": false,"Async Capable": false,"Join Type": "Inner","Startup Cost": 1.57,"Total Cost": 34221.53,"Plan Rows": 40,"Plan Width": 31,"Actual Startup Time": 0.446,"Actual Total Time": 2144.696,"Actual Rows": 108368,"Actual Loops": 3,"Inner Unique": true,"Workers": [],"Plans": [{"Node Type": "Nested Loop","Parent Relationship": "Outer","Parallel Aware": false,"Async Capable": false,"Join Type": "Inner","Startup Cost": 1.14,"Total Cost": 34202.93,"Plan Rows": 40,"Plan Width": 31,"Actual Startup Time": 0.336,"Actual Total Time": 1000.816,"Actual Rows": 108368,"Actual Loops": 3,"Inner Unique": true,"Workers": [],"Plans": [{"Node Type": "Nested Loop","Parent Relationship": "Outer","Parallel Aware": false,"Async Capable": false,"Join Type": "Inner","Startup Cost": 0.86,"Total Cost": 34190.82,"Plan Rows": 40,"Plan Width": 35,"Actual Startup Time": 0.253,"Actual Total Time": 815.957,"Actual Rows": 108368,"Actual Loops": 3,"Inner Unique": false,"Workers": [],"Plans": [{"Node Type": "Nested Loop","Parent Relationship": "Outer","Parallel Aware": false,"Async Capable": false,"Join Type": "Inner","Startup Cost": 0.42,"Total Cost": 19885.25,"Plan Rows": 13468,"Plan Width": 18,"Actual Startup Time": 0.137,"Actual Total Time": 114.142,"Actual Rows": 14429,"Actual Loops": 3,"Inner Unique": false,"Workers": [],"Plans": [{"Node Type": "Seq Scan","Parent Relationship": "Outer","Parallel Aware": true,"Async Capable": false,"Relation Name": "part","Alias": "part","Startup Cost": 0.00,"Total Cost": 5138.67,"Plan Rows": 3367,"Plan Width": 4,"Actual Startup Time": 0.039,"Actual Total Time": 49.163,"Actual Rows": 3607,"Actual Loops": 3,"Filter": "((p_name)::text ~~ '%slate%'::text)","Rows Removed by Filter": 63059,"Workers": []},{"Node Type": "Index Scan","Parent Relationship": "Inner","Parallel Aware": false,"Async Capable": false,"Scan Direction": "Forward","Index Name": "idx_partsupp_partkey","Relation Name": "partsupp","Alias": "partsupp","Startup Cost": 0.42,"Total Cost": 4.34,"Plan Rows": 4,"Plan Width": 14,"Actual Startup Time": 0.014,"Actual Total Time": 0.017,"Actual Rows": 4,"Actual Loops": 10822,"Index Cond": "(ps_partkey = part.p_partkey)","Rows Removed by Index Recheck": 0,"Workers": []}]},{"Node Type": "Index Scan","Parent Relationship": "Inner","Parallel Aware": false,"Async Capable": false,"Scan Direction": "Forward","Index Name": "idx_lineitem_part_supp","Relation Name": "lineitem","Alias": "lineitem","Startup Cost": 0.43,"Total Cost": 1.05,"Plan Rows": 1,"Plan Width": 29,"Actual Startup Time": 0.007,"Actual Total Time": 0.047,"Actual Rows": 8,"Actual Loops": 43288,"Index Cond": "((l_partkey = partsupp.ps_partkey) AND (l_suppkey = partsupp.ps_suppkey))","Rows Removed by Index Recheck": 0,"Workers": []}]},{"Node Type": "Index Scan","Parent Relationship": "Inner","Parallel Aware": false,"Async Capable": false,"Scan Direction": "Forward","Index Name": "supplier_pkey","Relation Name": "supplier","Alias": "supplier","Startup Cost": 0.29,"Total Cost": 0.30,"Plan Rows": 1,"Plan Width": 8,"Actual Startup Time": 0.001,"Actual Total Time": 0.001,"Actual Rows": 1,"Actual Loops": 325104,"Index Cond": "(s_suppkey = lineitem.l_suppkey)","Rows Removed by Index Recheck": 0,"Workers": []}]},{"Node Type": "Index Scan","Parent Relationship": "Inner","Parallel Aware": false,"Async Capable": false,"Scan Direction": "Forward","Index Name": "orders_pkey","Relation Name": "orders","Alias": "orders","Startup Cost": 0.43,"Total Cost": 0.47,"Plan Rows": 1,"Plan Width": 8,"Actual Startup Time": 0.010,"Actual Total Time": 0.010,"Actual Rows": 1,"Actual Loops": 325104,"Index Cond": "(o_orderkey = lineitem.l_orderkey)","Rows Removed by Index Recheck": 0,"Workers": []}]},{"Node Type": "Hash","Parent Relationship": "Inner","Parallel Aware": false,"Async Capable": false,"Startup Cost": 1.25,"Total Cost": 1.25,"Plan Rows": 25,"Plan Width": 108,"Actual Startup Time": 0.075,"Actual Total Time": 0.082,"Actual Rows": 25,"Actual Loops": 3,"Hash Buckets": 1024,"Original Hash Buckets": 1024,"Hash Batches": 1,"Original Hash Batches": 1,"Peak Memory Usage": 10,"Workers": [],"Plans": [{"Node Type": "Seq Scan","Parent Relationship": "Outer","Parallel Aware": false,"Async Capable": false,"Relation Name": "nation","Alias": "nation","Startup Cost": 0.00,"Total Cost": 1.25,"Plan Rows": 25,"Plan Width": 108,"Actual Startup Time": 0.049,"Actual Total Time": 0.055,"Actual Rows": 25,"Actual Loops": 3,"Workers": []}]}]}]}]}]}]},"Planning Time": 12.486,"Triggers": [],"Execution Time": 2545.219}]
[{"Plan": {"Node Type": "Aggregate","Strategy": "Sorted","Partial Mode": "Finalize","Parallel Aware": false,"Async Capable": false,"Startup Cost": 35224.41,"Total Cost": 35237.30,"Plan Rows": 97,"Plan Width": 168,"Actual Startup Time": 2446.740,"Actual Total Time": 2527.570,"Actual Rows": 175,"Actual Loops": 1,"Group Key": ["nation.n_name", "(EXTRACT(year FROM orders.o_orderdate))"],"Plans": [{"Node Type": "Gather Merge","Parent Relationship": "Outer","Parallel Aware": false,"Async Capable": false,"Startup Cost": 35224.41,"Total Cost": 35235.05,"Plan Rows": 80,"Plan Width": 168,"Actual Startup Time": 2445.319,"Actual Total Time": 2527.159,"Actual Rows": 525,"Actual Loops": 1,"Workers Planned": 2,"Workers Launched": 2,"Plans": [{"Node Type": "Aggregate","Strategy": "Sorted","Partial Mode": "Partial","Parent Relationship": "Outer","Parallel Aware": false,"Async Capable": false,"Startup Cost": 34224.39,"Total Cost": 34225.79,"Plan Rows": 40,"Plan Width": 168,"Actual Startup Time": 2302.062,"Actual Total Time": 2432.417,"Actual Rows": 175,"Actual Loops": 3,"Group Key": ["nation.n_name", "(EXTRACT(year FROM orders.o_orderdate))"],"Workers": [],"Plans": [{"Node Type": "Sort","Parent Relationship": "Outer","Parallel Aware": false,"Async Capable": false,"Startup Cost": 34224.39,"Total Cost": 34224.49,"Plan Rows": 40,"Plan Width": 159,"Actual Startup Time": 2301.394,"Actual Total Time": 2345.621,"Actual Rows": 109556,"Actual Loops": 3,"Sort Key": ["nation.n_name", "(EXTRACT(year FROM orders.o_orderdate)) DESC"],"Sort Method": "quicksort","Sort Space Used": 13628,"Sort Space Type": "Memory","Workers": [{"Worker Number": 0,"Sort Method": "quicksort","Sort Space Used": 14173,"Sort Space Type": "Memory"},{"Worker Number": 1,"Sort Method": "quicksort","Sort Space Used": 14136,"Sort Space Type": "Memory"}],"Plans": [{"Node Type": "Hash Join","Parent Relationship": "Outer","Parallel Aware": false,"Async Capable": false,"Join Type": "Inner","Startup Cost": 3.13,"Total Cost": 34223.32,"Plan Rows": 40,"Plan Width": 159,"Actual Startup Time": 0.808,"Actual Total Time": 2152.387,"Actual Rows": 109556,"Actual Loops": 3,"Inner Unique": true,"Hash Cond": "(supplier.s_nationkey = nation.n_nationkey)","Workers": [],"Plans": [{"Node Type": "Nested Loop","Parent Relationship": "Outer","Parallel Aware": false,"Async Capable": false,"Join Type": "Inner","Startup Cost": 1.57,"Total Cost": 34221.53,"Plan Rows": 40,"Plan Width": 31,"Actual Startup Time": 0.597,"Actual Total Time": 2120.724,"Actual Rows": 109556,"Actual Loops": 3,"Inner Unique": true,"Workers": [],"Plans": [{"Node Type": "Nested Loop","Parent Relationship": "Outer","Parallel Aware": false,"Async Capable": false,"Join Type": "Inner","Startup Cost": 1.14,"Total Cost": 34202.93,"Plan Rows": 40,"Plan Width": 31,"Actual Startup Time": 0.482,"Actual Total Time": 981.866,"Actual Rows": 109556,"Actual Loops": 3,"Inner Unique": true,"Workers": [],"Plans": [{"Node Type": "Nested Loop","Parent Relationship": "Outer","Parallel Aware": false,"Async Capable": false,"Join Type": "Inner","Startup Cost": 0.86,"Total Cost": 34190.82,"Plan Rows": 40,"Plan Width": 35,"Actual Startup Time": 0.370,"Actual Total Time": 797.400,"Actual Rows": 109556,"Actual Loops": 3,"Inner Unique": false,"Workers": [],"Plans": [{"Node Type": "Nested Loop","Parent Relationship": "Outer","Parallel Aware": false,"Async Capable": false,"Join Type": "Inner","Startup Cost": 0.42,"Total Cost": 19885.25,"Plan Rows": 13468,"Plan Width": 18,"Actual Startup Time": 0.230,"Actual Total Time": 117.251,"Actual Rows": 14572,"Actual Loops": 3,"Inner Unique": false,"Workers": [],"Plans": [{"Node Type": "Seq Scan","Parent Relationship": "Outer","Parallel Aware": true,"Async Capable": false,"Relation Name": "part","Alias": "part","Startup Cost": 0.00,"Total Cost": 5138.67,"Plan Rows": 3367,"Plan Width": 4,"Actual Startup Time": 0.067,"Actual Total Time": 50.326,"Actual Rows": 3643,"Actual Loops": 3,"Filter": "((p_name)::text ~~ '%grey%'::text)","Rows Removed by Filter": 63024,"Workers": []},{"Node Type": "Index Scan","Parent Relationship": "Inner","Parallel Aware": false,"Async Capable": false,"Scan Direction": "Forward","Index Name": "idx_partsupp_partkey","Relation Name": "partsupp","Alias": "partsupp","Startup Cost": 0.42,"Total Cost": 4.34,"Plan Rows": 4,"Plan Width": 14,"Actual Startup Time": 0.014,"Actual Total Time": 0.018,"Actual Rows": 4,"Actual Loops": 10929,"Index Cond": "(ps_partkey = part.p_partkey)","Rows Removed by Index Recheck": 0,"Workers": []}]},{"Node Type": "Index Scan","Parent Relationship": "Inner","Parallel Aware": false,"Async Capable": false,"Scan Direction": "Forward","Index Name": "idx_lineitem_part_supp","Relation Name": "lineitem","Alias": "lineitem","Startup Cost": 0.43,"Total Cost": 1.05,"Plan Rows": 1,"Plan Width": 29,"Actual Startup Time": 0.007,"Actual Total Time": 0.045,"Actual Rows": 8,"Actual Loops": 43716,"Index Cond": "((l_partkey = partsupp.ps_partkey) AND (l_suppkey = partsupp.ps_suppkey))","Rows Removed by Index Recheck": 0,"Workers": []}]},{"Node Type": "Index Scan","Parent Relationship": "Inner","Parallel Aware": false,"Async Capable": false,"Scan Direction": "Forward","Index Name": "supplier_pkey","Relation Name": "supplier","Alias": "supplier","Startup Cost": 0.29,"Total Cost": 0.30,"Plan Rows": 1,"Plan Width": 8,"Actual Startup Time": 0.001,"Actual Total Time": 0.001,"Actual Rows": 1,"Actual Loops": 328668,"Index Cond": "(s_suppkey = lineitem.l_suppkey)","Rows Removed by Index Recheck": 0,"Workers": []}]},{"Node Type": "Index Scan","Parent Relationship": "Inner","Parallel Aware": false,"Async Capable": false,"Scan Direction": "Forward","Index Name": "orders_pkey","Relation Name": "orders","Alias": "orders","Startup Cost": 0.43,"Total Cost": 0.47,"Plan Rows": 1,"Plan Width": 8,"Actual Startup Time": 0.010,"Actual Total Time": 0.010,"Actual Rows": 1,"Actual Loops": 328668,"Index Cond": "(o_orderkey = lineitem.l_orderkey)","Rows Removed by Index Recheck": 0,"Workers": []}]},{"Node Type": "Hash","Parent Relationship": "Inner","Parallel Aware": false,"Async Capable": false,"Startup Cost": 1.25,"Total Cost": 1.25,"Plan Rows": 25,"Plan Width": 108,"Actual Startup Time": 0.086,"Actual Total Time": 0.097,"Actual Rows": 25,"Actual Loops": 3,"Hash Buckets": 1024,"Original Hash Buckets": 1024,"Hash Batches": 1,"Original Hash Batches": 1,"Peak Memory Usage": 10,"Workers": [],"Plans": [{"Node Type": "Seq Scan","Parent Relationship": "Outer","Parallel Aware": false,"Async Capable": false,"Relation Name": "nation","Alias": "nation","Startup Cost": 0.00,"Total Cost": 1.25,"Plan Rows": 25,"Plan Width": 108,"Actual Startup Time": 0.056,"Actual Total Time": 0.063,"Actual Rows": 25,"Actual Loops": 3,"Workers": []}]}]}]}]}]}]},"Planning Time": 11.608,"Triggers": [],"Execution Time": 2530.681}]
[{"Plan": {"Node Type": "Aggregate","Strategy": "Sorted","Partial Mode": "Finalize","Parallel Aware": false,"Async Capable": false,"Startup Cost": 47355.08,"Total Cost": 47374.71,"Plan Rows": 146,"Plan Width": 168,"Actual Startup Time": 2447.101,"Actual Total Time": 2582.113,"Actual Rows": 175,"Actual Loops": 1,"Group Key": ["nation.n_name", "(EXTRACT(year FROM orders.o_orderdate))"],"Plans": [{"Node Type": "Gather Merge","Parent Relationship": "Outer","Parallel Aware": false,"Async Capable": false,"Startup Cost": 47355.08,"Total Cost": 47371.30,"Plan Rows": 122,"Plan Width": 168,"Actual Startup Time": 2445.811,"Actual Total Time": 2581.700,"Actual Rows": 525,"Actual Loops": 1,"Workers Planned": 2,"Workers Launched": 2,"Plans": [{"Node Type": "Aggregate","Strategy": "Sorted","Partial Mode": "Partial","Parent Relationship": "Outer","Parallel Aware": false,"Async Capable": false,"Startup Cost": 46355.06,"Total Cost": 46357.20,"Plan Rows": 61,"Plan Width": 168,"Actual Startup Time": 2328.504,"Actual Total Time": 2463.073,"Actual Rows": 175,"Actual Loops": 3,"Group Key": ["nation.n_name", "(EXTRACT(year FROM orders.o_orderdate))"],"Workers": [],"Plans": [{"Node Type": "Sort","Parent Relationship": "Outer","Parallel Aware": false,"Async Capable": false,"Startup Cost": 46355.06,"Total Cost": 46355.21,"Plan Rows": 61,"Plan Width": 159,"Actual Startup Time": 2327.878,"Actual Total Time": 2374.852,"Actual Rows": 108824,"Actual Loops": 3,"Sort Key": ["nation.n_name", "(EXTRACT(year FROM orders.o_orderdate)) DESC"],"Sort Method": "quicksort","Sort Space Used": 14647,"Sort Space Type": "Memory","Workers": [{"Worker Number": 0,"Sort Method": "quicksort","Sort Space Used": 13545,"Sort Space Type": "Memory"},{"Worker Number": 1,"Sort Method": "quicksort","Sort Space Used": 13533,"Sort Space Type": "Memory"}],"Plans": [{"Node Type": "Hash Join","Parent Relationship": "Outer","Parallel Aware": false,"Async Capable": false,"Join Type": "Inner","Startup Cost": 3.13,"Total Cost": 46353.25,"Plan Rows": 61,"Plan Width": 159,"Actual Startup Time": 0.684,"Actual Total Time": 2182.451,"Actual Rows": 108824,"Actual Loops": 3,"Inner Unique": true,"Hash Cond": "(supplier.s_nationkey = nation.n_nationkey)","Workers": [],"Plans": [{"Node Type": "Nested Loop","Parent Relationship": "Outer","Parallel Aware": false,"Async Capable": false,"Join Type": "Inner","Startup Cost": 1.57,"Total Cost": 46351.35,"Plan Rows": 61,"Plan Width": 31,"Actual Startup Time": 0.518,"Actual Total Time": 2151.596,"Actual Rows": 108824,"Actual Loops": 3,"Inner Unique": true,"Workers": [],"Plans": [{"Node Type": "Nested Loop","Parent Relationship": "Outer","Parallel Aware": false,"Async Capable": false,"Join Type": "Inner","Startup Cost": 1.14,"Total Cost": 46322.98,"Plan Rows": 61,"Plan Width": 31,"Actual Startup Time": 0.396,"Actual Total Time": 1001.503,"Actual Rows": 108824,"Actual Loops": 3,"Inner Unique": true,"Workers": [],"Plans": [{"Node Type": "Nested Loop","Parent Relationship": "Outer","Parallel Aware": false,"Async Capable": false,"Join Type": "Inner","Startup Cost": 0.86,"Total Cost": 46304.52,"Plan Rows": 61,"Plan Width": 35,"Actual Startup Time": 0.309,"Actual Total Time": 816.735,"Actual Rows": 108824,"Actual Loops": 3,"Inner Unique": false,"Workers": [],"Plans": [{"Node Type": "Nested Loop","Parent Relationship": "Outer","Parallel Aware": false,"Async Capable": false,"Join Type": "Inner","Startup Cost": 0.42,"Total Cost": 24846.16,"Plan Rows": 20202,"Plan Width": 18,"Actual Startup Time": 0.186,"Actual Total Time": 113.608,"Actual Rows": 14492,"Actual Loops": 3,"Inner Unique": false,"Workers": [],"Plans": [{"Node Type": "Seq Scan","Parent Relationship": "Outer","Parallel Aware": true,"Async Capable": false,"Relation Name": "part","Alias": "part","Startup Cost": 0.00,"Total Cost": 5138.67,"Plan Rows": 5051,"Plan Width": 4,"Actual Startup Time": 0.061,"Actual Total Time": 48.386,"Actual Rows": 3623,"Actual Loops": 3,"Filter": "((p_name)::text ~~ '%black%'::text)","Rows Removed by Filter": 63044,"Workers": []},{"Node Type": "Index Scan","Parent Relationship": "Inner","Parallel Aware": false,"Async Capable": false,"Scan Direction": "Forward","Index Name": "idx_partsupp_partkey","Relation Name": "partsupp","Alias": "partsupp","Startup Cost": 0.42,"Total Cost": 3.86,"Plan Rows": 4,"Plan Width": 14,"Actual Startup Time": 0.013,"Actual Total Time": 0.017,"Actual Rows": 4,"Actual Loops": 10869,"Index Cond": "(ps_partkey = part.p_partkey)","Rows Removed by Index Recheck": 0,"Workers": []}]},{"Node Type": "Index Scan","Parent Relationship": "Inner","Parallel Aware": false,"Async Capable": false,"Scan Direction": "Forward","Index Name": "idx_lineitem_part_supp","Relation Name": "lineitem","Alias": "lineitem","Startup Cost": 0.43,"Total Cost": 1.05,"Plan Rows": 1,"Plan Width": 29,"Actual Startup Time": 0.007,"Actual Total Time": 0.047,"Actual Rows": 8,"Actual Loops": 43476,"Index Cond": "((l_partkey = partsupp.ps_partkey) AND (l_suppkey = partsupp.ps_suppkey))","Rows Removed by Index Recheck": 0,"Workers": []}]},{"Node Type": "Index Scan","Parent Relationship": "Inner","Parallel Aware": false,"Async Capable": false,"Scan Direction": "Forward","Index Name": "supplier_pkey","Relation Name": "supplier","Alias": "supplier","Startup Cost": 0.29,"Total Cost": 0.30,"Plan Rows": 1,"Plan Width": 8,"Actual Startup Time": 0.001,"Actual Total Time": 0.001,"Actual Rows": 1,"Actual Loops": 326472,"Index Cond": "(s_suppkey = lineitem.l_suppkey)","Rows Removed by Index Recheck": 0,"Workers": []}]},{"Node Type": "Index Scan","Parent Relationship": "Inner","Parallel Aware": false,"Async Capable": false,"Scan Direction": "Forward","Index Name": "orders_pkey","Relation Name": "orders","Alias": "orders","Startup Cost": 0.43,"Total Cost": 0.47,"Plan Rows": 1,"Plan Width": 8,"Actual Startup Time": 0.010,"Actual Total Time": 0.010,"Actual Rows": 1,"Actual Loops": 326472,"Index Cond": "(o_orderkey = lineitem.l_orderkey)","Rows Removed by Index Recheck": 0,"Workers": []}]},{"Node Type": "Hash","Parent Relationship": "Inner","Parallel Aware": false,"Async Capable": false,"Startup Cost": 1.25,"Total Cost": 1.25,"Plan Rows": 25,"Plan Width": 108,"Actual Startup Time": 0.077,"Actual Total Time": 0.086,"Actual Rows": 25,"Actual Loops": 3,"Hash Buckets": 1024,"Original Hash Buckets": 1024,"Hash Batches": 1,"Original Hash Batches": 1,"Peak Memory Usage": 10,"Workers": [],"Plans": [{"Node Type": "Seq Scan","Parent Relationship": "Outer","Parallel Aware": false,"Async Capable": false,"Relation Name": "nation","Alias": "nation","Startup Cost": 0.00,"Total Cost": 1.25,"Plan Rows": 25,"Plan Width": 108,"Actual Startup Time": 0.047,"Actual Total Time": 0.054,"Actual Rows": 25,"Actual Loops": 3,"Workers": []}]}]}]}]}]}]},"Planning Time": 11.640,"Triggers": [],"Execution Time": 2584.991}]
[{"Plan": {"Node Type": "Aggregate","Strategy": "Sorted","Partial Mode": "Finalize","Parallel Aware": false,"Async Capable": false,"Startup Cost": 35224.41,"Total Cost": 35237.30,"Plan Rows": 97,"Plan Width": 168,"Actual Startup Time": 2444.138,"Actual Total Time": 2542.472,"Actual Rows": 175,"Actual Loops": 1,"Group Key": ["nation.n_name", "(EXTRACT(year FROM orders.o_orderdate))"],"Plans": [{"Node Type": "Gather Merge","Parent Relationship": "Outer","Parallel Aware": false,"Async Capable": false,"Startup Cost": 35224.41,"Total Cost": 35235.05,"Plan Rows": 80,"Plan Width": 168,"Actual Startup Time": 2442.420,"Actual Total Time": 2542.094,"Actual Rows": 525,"Actual Loops": 1,"Workers Planned": 2,"Workers Launched": 2,"Plans": [{"Node Type": "Aggregate","Strategy": "Sorted","Partial Mode": "Partial","Parent Relationship": "Outer","Parallel Aware": false,"Async Capable": false,"Startup Cost": 34224.39,"Total Cost": 34225.79,"Plan Rows": 40,"Plan Width": 168,"Actual Startup Time": 2337.842,"Actual Total Time": 2456.025,"Actual Rows": 175,"Actual Loops": 3,"Group Key": ["nation.n_name", "(EXTRACT(year FROM orders.o_orderdate))"],"Workers": [],"Plans": [{"Node Type": "Sort","Parent Relationship": "Outer","Parallel Aware": false,"Async Capable": false,"Startup Cost": 34224.39,"Total Cost": 34224.49,"Plan Rows": 40,"Plan Width": 159,"Actual Startup Time": 2337.234,"Actual Total Time": 2374.843,"Actual Rows": 108757,"Actual Loops": 3,"Sort Key": ["nation.n_name", "(EXTRACT(year FROM orders.o_orderdate)) DESC"],"Sort Method": "quicksort","Sort Space Used": 14638,"Sort Space Type": "Memory","Workers": [{"Worker Number": 0,"Sort Method": "quicksort","Sort Space Used": 13561,"Sort Space Type": "Memory"},{"Worker Number": 1,"Sort Method": "quicksort","Sort Space Used": 13499,"Sort Space Type": "Memory"}],"Plans": [{"Node Type": "Hash Join","Parent Relationship": "Outer","Parallel Aware": false,"Async Capable": false,"Join Type": "Inner","Startup Cost": 3.13,"Total Cost": 34223.32,"Plan Rows": 40,"Plan Width": 159,"Actual Startup Time": 0.556,"Actual Total Time": 2190.470,"Actual Rows": 108757,"Actual Loops": 3,"Inner Unique": true,"Hash Cond": "(supplier.s_nationkey = nation.n_nationkey)","Workers": [],"Plans": [{"Node Type": "Nested Loop","Parent Relationship": "Outer","Parallel Aware": false,"Async Capable": false,"Join Type": "Inner","Startup Cost": 1.57,"Total Cost": 34221.53,"Plan Rows": 40,"Plan Width": 31,"Actual Startup Time": 0.403,"Actual Total Time": 2158.779,"Actual Rows": 108757,"Actual Loops": 3,"Inner Unique": true,"Workers": [],"Plans": [{"Node Type": "Nested Loop","Parent Relationship": "Outer","Parallel Aware": false,"Async Capable": false,"Join Type": "Inner","Startup Cost": 1.14,"Total Cost": 34202.93,"Plan Rows": 40,"Plan Width": 31,"Actual Startup Time": 0.309,"Actual Total Time": 1007.807,"Actual Rows": 108757,"Actual Loops": 3,"Inner Unique": true,"Workers": [],"Plans": [{"Node Type": "Nested Loop","Parent Relationship": "Outer","Parallel Aware": false,"Async Capable": false,"Join Type": "Inner","Startup Cost": 0.86,"Total Cost": 34190.82,"Plan Rows": 40,"Plan Width": 35,"Actual Startup Time": 0.236,"Actual Total Time": 821.703,"Actual Rows": 108757,"Actual Loops": 3,"Inner Unique": false,"Workers": [],"Plans": [{"Node Type": "Nested Loop","Parent Relationship": "Outer","Parallel Aware": false,"Async Capable": false,"Join Type": "Inner","Startup Cost": 0.42,"Total Cost": 19885.25,"Plan Rows": 13468,"Plan Width": 18,"Actual Startup Time": 0.138,"Actual Total Time": 114.586,"Actual Rows": 14501,"Actual Loops": 3,"Inner Unique": false,"Workers": [],"Plans": [{"Node Type": "Seq Scan","Parent Relationship": "Outer","Parallel Aware": true,"Async Capable": false,"Relation Name": "part","Alias": "part","Startup Cost": 0.00,"Total Cost": 5138.67,"Plan Rows": 3367,"Plan Width": 4,"Actual Startup Time": 0.031,"Actual Total Time": 48.710,"Actual Rows": 3625,"Actual Loops": 3,"Filter": "((p_name)::text ~~ '%beige%'::text)","Rows Removed by Filter": 63041,"Workers": []},{"Node Type": "Index Scan","Parent Relationship": "Inner","Parallel Aware": false,"Async Capable": false,"Scan Direction": "Forward","Index Name": "idx_partsupp_partkey","Relation Name": "partsupp","Alias": "partsupp","Startup Cost": 0.42,"Total Cost": 4.34,"Plan Rows": 4,"Plan Width": 14,"Actual Startup Time": 0.014,"Actual Total Time": 0.017,"Actual Rows": 4,"Actual Loops": 10876,"Index Cond": "(ps_partkey = part.p_partkey)","Rows Removed by Index Recheck": 0,"Workers": []}]},{"Node Type": "Index Scan","Parent Relationship": "Inner","Parallel Aware": false,"Async Capable": false,"Scan Direction": "Forward","Index Name": "idx_lineitem_part_supp","Relation Name": "lineitem","Alias": "lineitem","Startup Cost": 0.43,"Total Cost": 1.05,"Plan Rows": 1,"Plan Width": 29,"Actual Startup Time": 0.007,"Actual Total Time": 0.047,"Actual Rows": 7,"Actual Loops": 43504,"Index Cond": "((l_partkey = partsupp.ps_partkey) AND (l_suppkey = partsupp.ps_suppkey))","Rows Removed by Index Recheck": 0,"Workers": []}]},{"Node Type": "Index Scan","Parent Relationship": "Inner","Parallel Aware": false,"Async Capable": false,"Scan Direction": "Forward","Index Name": "supplier_pkey","Relation Name": "supplier","Alias": "supplier","Startup Cost": 0.29,"Total Cost": 0.30,"Plan Rows": 1,"Plan Width": 8,"Actual Startup Time": 0.001,"Actual Total Time": 0.001,"Actual Rows": 1,"Actual Loops": 326272,"Index Cond": "(s_suppkey = lineitem.l_suppkey)","Rows Removed by Index Recheck": 0,"Workers": []}]},{"Node Type": "Index Scan","Parent Relationship": "Inner","Parallel Aware": false,"Async Capable": false,"Scan Direction": "Forward","Index Name": "orders_pkey","Relation Name": "orders","Alias": "orders","Startup Cost": 0.43,"Total Cost": 0.47,"Plan Rows": 1,"Plan Width": 8,"Actual Startup Time": 0.010,"Actual Total Time": 0.010,"Actual Rows": 1,"Actual Loops": 326272,"Index Cond": "(o_orderkey = lineitem.l_orderkey)","Rows Removed by Index Recheck": 0,"Workers": []}]},{"Node Type": "Hash","Parent Relationship": "Inner","Parallel Aware": false,"Async Capable": false,"Startup Cost": 1.25,"Total Cost": 1.25,"Plan Rows": 25,"Plan Width": 108,"Actual Startup Time": 0.080,"Actual Total Time": 0.089,"Actual Rows": 25,"Actual Loops": 3,"Hash Buckets": 1024,"Original Hash Buckets": 1024,"Hash Batches": 1,"Original Hash Batches": 1,"Peak Memory Usage": 10,"Workers": [],"Plans": [{"Node Type": "Seq Scan","Parent Relationship": "Outer","Parallel Aware": false,"Async Capable": false,"Relation Name": "nation","Alias": "nation","Startup Cost": 0.00,"Total Cost": 1.25,"Plan Rows": 25,"Plan Width": 108,"Actual Startup Time": 0.061,"Actual Total Time": 0.065,"Actual Rows": 25,"Actual Loops": 3,"Workers": []}]}]}]}]}]}]},"Planning Time": 11.872,"Triggers": [],"Execution Time": 2543.621}]
[{"Plan": {"Node Type": "Aggregate","Strategy": "Sorted","Partial Mode": "Finalize","Parallel Aware": false,"Async Capable": false,"Startup Cost": 41381.04,"Total Cost": 41397.45,"Plan Rows": 122,"Plan Width": 168,"Actual Startup Time": 2449.674,"Actual Total Time": 2543.452,"Actual Rows": 175,"Actual Loops": 1,"Group Key": ["nation.n_name", "(EXTRACT(year FROM orders.o_orderdate))"],"Plans": [{"Node Type": "Gather Merge","Parent Relationship": "Outer","Parallel Aware": false,"Async Capable": false,"Startup Cost": 41381.04,"Total Cost": 41394.60,"Plan Rows": 102,"Plan Width": 168,"Actual Startup Time": 2448.066,"Actual Total Time": 2542.931,"Actual Rows": 525,"Actual Loops": 1,"Workers Planned": 2,"Workers Launched": 2,"Plans": [{"Node Type": "Aggregate","Strategy": "Sorted","Partial Mode": "Partial","Parent Relationship": "Outer","Parallel Aware": false,"Async Capable": false,"Startup Cost": 40381.01,"Total Cost": 40382.80,"Plan Rows": 51,"Plan Width": 168,"Actual Startup Time": 2312.054,"Actual Total Time": 2440.182,"Actual Rows": 175,"Actual Loops": 3,"Group Key": ["nation.n_name", "(EXTRACT(year FROM orders.o_orderdate))"],"Workers": [],"Plans": [{"Node Type": "Sort","Parent Relationship": "Outer","Parallel Aware": false,"Async Capable": false,"Startup Cost": 40381.01,"Total Cost": 40381.14,"Plan Rows": 51,"Plan Width": 159,"Actual Startup Time": 2311.303,"Actual Total Time": 2355.012,"Actual Rows": 108553,"Actual Loops": 3,"Sort Key": ["nation.n_name", "(EXTRACT(year FROM orders.o_orderdate)) DESC"],"Sort Method": "quicksort","Sort Space Used": 13671,"Sort Space Type": "Memory","Workers": [{"Worker Number": 0,"Sort Method": "quicksort","Sort Space Used": 14055,"Sort Space Type": "Memory"},{"Worker Number": 1,"Sort Method": "quicksort","Sort Space Used": 13920,"Sort Space Type": "Memory"}],"Plans": [{"Node Type": "Hash Join","Parent Relationship": "Outer","Parallel Aware": false,"Async Capable": false,"Join Type": "Inner","Startup Cost": 3.13,"Total Cost": 40379.57,"Plan Rows": 51,"Plan Width": 159,"Actual Startup Time": 0.614,"Actual Total Time": 2152.509,"Actual Rows": 108553,"Actual Loops": 3,"Inner Unique": true,"Hash Cond": "(supplier.s_nationkey = nation.n_nationkey)","Workers": [],"Plans": [{"Node Type": "Nested Loop","Parent Relationship": "Outer","Parallel Aware": false,"Async Capable": false,"Join Type": "Inner","Startup Cost": 1.57,"Total Cost": 40377.72,"Plan Rows": 51,"Plan Width": 31,"Actual Startup Time": 0.463,"Actual Total Time": 2120.870,"Actual Rows": 108553,"Actual Loops": 3,"Inner Unique": true,"Workers": [],"Plans": [{"Node Type": "Nested Loop","Parent Relationship": "Outer","Parallel Aware": false,"Async Capable": false,"Join Type": "Inner","Startup Cost": 1.14,"Total Cost": 40354.00,"Plan Rows": 51,"Plan Width": 31,"Actual Startup Time": 0.355,"Actual Total Time": 987.248,"Actual Rows": 108553,"Actual Loops": 3,"Inner Unique": true,"Workers": [],"Plans": [{"Node Type": "Nested Loop","Parent Relationship": "Outer","Parallel Aware": false,"Async Capable": false,"Join Type": "Inner","Startup Cost": 0.86,"Total Cost": 40338.56,"Plan Rows": 51,"Plan Width": 35,"Actual Startup Time": 0.279,"Actual Total Time": 803.841,"Actual Rows": 108553,"Actual Loops": 3,"Inner Unique": false,"Workers": [],"Plans": [{"Node Type": "Nested Loop","Parent Relationship": "Outer","Parallel Aware": false,"Async Capable": false,"Join Type": "Inner","Startup Cost": 0.42,"Total Cost": 22456.59,"Plan Rows": 16835,"Plan Width": 18,"Actual Startup Time": 0.181,"Actual Total Time": 118.449,"Actual Rows": 14437,"Actual Loops": 3,"Inner Unique": false,"Workers": [],"Plans": [{"Node Type": "Seq Scan","Parent Relationship": "Outer","Parallel Aware": true,"Async Capable": false,"Relation Name": "part","Alias": "part","Startup Cost": 0.00,"Total Cost": 5138.67,"Plan Rows": 4209,"Plan Width": 4,"Actual Startup Time": 0.049,"Actual Total Time": 50.624,"Actual Rows": 3609,"Actual Loops": 3,"Filter": "((p_name)::text ~~ '%magenta%'::text)","Rows Removed by Filter": 63057,"Workers": []},{"Node Type": "Index Scan","Parent Relationship": "Inner","Parallel Aware": false,"Async Capable": false,"Scan Direction": "Forward","Index Name": "idx_partsupp_partkey","Relation Name": "partsupp","Alias": "partsupp","Startup Cost": 0.42,"Total Cost": 4.07,"Plan Rows": 4,"Plan Width": 14,"Actual Startup Time": 0.014,"Actual Total Time": 0.018,"Actual Rows": 4,"Actual Loops": 10828,"Index Cond": "(ps_partkey = part.p_partkey)","Rows Removed by Index Recheck": 0,"Workers": []}]},{"Node Type": "Index Scan","Parent Relationship": "Inner","Parallel Aware": false,"Async Capable": false,"Scan Direction": "Forward","Index Name": "idx_lineitem_part_supp","Relation Name": "lineitem","Alias": "lineitem","Startup Cost": 0.43,"Total Cost": 1.05,"Plan Rows": 1,"Plan Width": 29,"Actual Startup Time": 0.007,"Actual Total Time": 0.046,"Actual Rows": 8,"Actual Loops": 43312,"Index Cond": "((l_partkey = partsupp.ps_partkey) AND (l_suppkey = partsupp.ps_suppkey))","Rows Removed by Index Recheck": 0,"Workers": []}]},{"Node Type": "Index Scan","Parent Relationship": "Inner","Parallel Aware": false,"Async Capable": false,"Scan Direction": "Forward","Index Name": "supplier_pkey","Relation Name": "supplier","Alias": "supplier","Startup Cost": 0.29,"Total Cost": 0.30,"Plan Rows": 1,"Plan Width": 8,"Actual Startup Time": 0.001,"Actual Total Time": 0.001,"Actual Rows": 1,"Actual Loops": 325659,"Index Cond": "(s_suppkey = lineitem.l_suppkey)","Rows Removed by Index Recheck": 0,"Workers": []}]},{"Node Type": "Index Scan","Parent Relationship": "Inner","Parallel Aware": false,"Async Capable": false,"Scan Direction": "Forward","Index Name": "orders_pkey","Relation Name": "orders","Alias": "orders","Startup Cost": 0.43,"Total Cost": 0.47,"Plan Rows": 1,"Plan Width": 8,"Actual Startup Time": 0.010,"Actual Total Time": 0.010,"Actual Rows": 1,"Actual Loops": 325659,"Index Cond": "(o_orderkey = lineitem.l_orderkey)","Rows Removed by Index Recheck": 0,"Workers": []}]},{"Node Type": "Hash","Parent Relationship": "Inner","Parallel Aware": false,"Async Capable": false,"Startup Cost": 1.25,"Total Cost": 1.25,"Plan Rows": 25,"Plan Width": 108,"Actual Startup Time": 0.071,"Actual Total Time": 0.101,"Actual Rows": 25,"Actual Loops": 3,"Hash Buckets": 1024,"Original Hash Buckets": 1024,"Hash Batches": 1,"Original Hash Batches": 1,"Peak Memory Usage": 10,"Workers": [],"Plans": [{"Node Type": "Seq Scan","Parent Relationship": "Outer","Parallel Aware": false,"Async Capable": false,"Relation Name": "nation","Alias": "nation","Startup Cost": 0.00,"Total Cost": 1.25,"Plan Rows": 25,"Plan Width": 108,"Actual Startup Time": 0.048,"Actual Total Time": 0.076,"Actual Rows": 25,"Actual Loops": 3,"Workers": []}]}]}]}]}]}]},"Planning Time": 12.331,"Triggers": [],"Execution Time": 2545.556}]
[{"Plan": {"Node Type": "Aggregate","Strategy": "Sorted","Partial Mode": "Finalize","Parallel Aware": false,"Async Capable": false,"Startup Cost": 28858.40,"Total Cost": 28868.07,"Plan Rows": 73,"Plan Width": 168,"Actual Startup Time": 2447.440,"Actual Total Time": 2545.613,"Actual Rows": 175,"Actual Loops": 1,"Group Key": ["nation.n_name", "(EXTRACT(year FROM orders.o_orderdate))"],"Plans": [{"Node Type": "Gather Merge","Parent Relationship": "Outer","Parallel Aware": false,"Async Capable": false,"Startup Cost": 28858.40,"Total Cost": 28866.38,"Plan Rows": 60,"Plan Width": 168,"Actual Startup Time": 2445.955,"Actual Total Time": 2545.171,"Actual Rows": 525,"Actual Loops": 1,"Workers Planned": 2,"Workers Launched": 2,"Plans": [{"Node Type": "Aggregate","Strategy": "Sorted","Partial Mode": "Partial","Parent Relationship": "Outer","Parallel Aware": false,"Async Capable": false,"Startup Cost": 27858.38,"Total Cost": 27859.43,"Plan Rows": 30,"Plan Width": 168,"Actual Startup Time": 2330.856,"Actual Total Time": 2450.060,"Actual Rows": 175,"Actual Loops": 3,"Group Key": ["nation.n_name", "(EXTRACT(year FROM orders.o_orderdate))"],"Workers": [],"Plans": [{"Node Type": "Sort","Parent Relationship": "Outer","Parallel Aware": false,"Async Capable": false,"Startup Cost": 27858.38,"Total Cost": 27858.46,"Plan Rows": 30,"Plan Width": 159,"Actual Startup Time": 2330.116,"Actual Total Time": 2368.297,"Actual Rows": 108123,"Actual Loops": 3,"Sort Key": ["nation.n_name", "(EXTRACT(year FROM orders.o_orderdate)) DESC"],"Sort Method": "quicksort","Sort Space Used": 13681,"Sort Space Type": "Memory","Workers": [{"Worker Number": 0,"Sort Method": "quicksort","Sort Space Used": 13921,"Sort Space Type": "Memory"},{"Worker Number": 1,"Sort Method": "quicksort","Sort Space Used": 13909,"Sort Space Type": "Memory"}],"Plans": [{"Node Type": "Hash Join","Parent Relationship": "Outer","Parallel Aware": false,"Async Capable": false,"Join Type": "Inner","Startup Cost": 3.13,"Total Cost": 27857.64,"Plan Rows": 30,"Plan Width": 159,"Actual Startup Time": 0.761,"Actual Total Time": 2172.025,"Actual Rows": 108123,"Actual Loops": 3,"Inner Unique": true,"Hash Cond": "(supplier.s_nationkey = nation.n_nationkey)","Workers": [],"Plans": [{"Node Type": "Nested Loop","Parent Relationship": "Outer","Parallel Aware": false,"Async Capable": false,"Join Type": "Inner","Startup Cost": 1.57,"Total Cost": 27855.92,"Plan Rows": 30,"Plan Width": 31,"Actual Startup Time": 0.568,"Actual Total Time": 2139.932,"Actual Rows": 108123,"Actual Loops": 3,"Inner Unique": true,"Workers": [],"Plans": [{"Node Type": "Nested Loop","Parent Relationship": "Outer","Parallel Aware": false,"Async Capable": false,"Join Type": "Inner","Startup Cost": 1.14,"Total Cost": 27841.96,"Plan Rows": 30,"Plan Width": 31,"Actual Startup Time": 0.441,"Actual Total Time": 989.960,"Actual Rows": 108123,"Actual Loops": 3,"Inner Unique": true,"Workers": [],"Plans": [{"Node Type": "Nested Loop","Parent Relationship": "Outer","Parallel Aware": false,"Async Capable": false,"Join Type": "Inner","Startup Cost": 0.86,"Total Cost": 27832.88,"Plan Rows": 30,"Plan Width": 35,"Actual Startup Time": 0.341,"Actual Total Time": 804.966,"Actual Rows": 108123,"Actual Loops": 3,"Inner Unique": false,"Workers": [],"Plans": [{"Node Type": "Nested Loop","Parent Relationship": "Outer","Parallel Aware": false,"Async Capable": false,"Join Type": "Inner","Startup Cost": 0.42,"Total Cost": 17103.70,"Plan Rows": 10101,"Plan Width": 18,"Actual Startup Time": 0.214,"Actual Total Time": 118.948,"Actual Rows": 14436,"Actual Loops": 3,"Inner Unique": false,"Workers": [],"Plans": [{"Node Type": "Seq Scan","Parent Relationship": "Outer","Parallel Aware": true,"Async Capable": false,"Relation Name": "part","Alias": "part","Startup Cost": 0.00,"Total Cost": 5138.67,"Plan Rows": 2525,"Plan Width": 4,"Actual Startup Time": 0.071,"Actual Total Time": 51.146,"Actual Rows": 3609,"Actual Loops": 3,"Filter": "((p_name)::text ~~ '%salmon%'::text)","Rows Removed by Filter": 63058,"Workers": []},{"Node Type": "Index Scan","Parent Relationship": "Inner","Parallel Aware": false,"Async Capable": false,"Scan Direction": "Forward","Index Name": "idx_partsupp_partkey","Relation Name": "partsupp","Alias": "partsupp","Startup Cost": 0.42,"Total Cost": 4.70,"Plan Rows": 4,"Plan Width": 14,"Actual Startup Time": 0.014,"Actual Total Time": 0.018,"Actual Rows": 4,"Actual Loops": 10827,"Index Cond": "(ps_partkey = part.p_partkey)","Rows Removed by Index Recheck": 0,"Workers": []}]},{"Node Type": "Index Scan","Parent Relationship": "Inner","Parallel Aware": false,"Async Capable": false,"Scan Direction": "Forward","Index Name": "idx_lineitem_part_supp","Relation Name": "lineitem","Alias": "lineitem","Startup Cost": 0.43,"Total Cost": 1.05,"Plan Rows": 1,"Plan Width": 29,"Actual Startup Time": 0.007,"Actual Total Time": 0.046,"Actual Rows": 7,"Actual Loops": 43308,"Index Cond": "((l_partkey = partsupp.ps_partkey) AND (l_suppkey = partsupp.ps_suppkey))","Rows Removed by Index Recheck": 0,"Workers": []}]},{"Node Type": "Index Scan","Parent Relationship": "Inner","Parallel Aware": false,"Async Capable": false,"Scan Direction": "Forward","Index Name": "supplier_pkey","Relation Name": "supplier","Alias": "supplier","Startup Cost": 0.29,"Total Cost": 0.30,"Plan Rows": 1,"Plan Width": 8,"Actual Startup Time": 0.001,"Actual Total Time": 0.001,"Actual Rows": 1,"Actual Loops": 324369,"Index Cond": "(s_suppkey = lineitem.l_suppkey)","Rows Removed by Index Recheck": 0,"Workers": []}]},{"Node Type": "Index Scan","Parent Relationship": "Inner","Parallel Aware": false,"Async Capable": false,"Scan Direction": "Forward","Index Name": "orders_pkey","Relation Name": "orders","Alias": "orders","Startup Cost": 0.43,"Total Cost": 0.47,"Plan Rows": 1,"Plan Width": 8,"Actual Startup Time": 0.010,"Actual Total Time": 0.010,"Actual Rows": 1,"Actual Loops": 324369,"Index Cond": "(o_orderkey = lineitem.l_orderkey)","Rows Removed by Index Recheck": 0,"Workers": []}]},{"Node Type": "Hash","Parent Relationship": "Inner","Parallel Aware": false,"Async Capable": false,"Startup Cost": 1.25,"Total Cost": 1.25,"Plan Rows": 25,"Plan Width": 108,"Actual Startup Time": 0.084,"Actual Total Time": 0.093,"Actual Rows": 25,"Actual Loops": 3,"Hash Buckets": 1024,"Original Hash Buckets": 1024,"Hash Batches": 1,"Original Hash Batches": 1,"Peak Memory Usage": 10,"Workers": [],"Plans": [{"Node Type": "Seq Scan","Parent Relationship": "Outer","Parallel Aware": false,"Async Capable": false,"Relation Name": "nation","Alias": "nation","Startup Cost": 0.00,"Total Cost": 1.25,"Plan Rows": 25,"Plan Width": 108,"Actual Startup Time": 0.055,"Actual Total Time": 0.062,"Actual Rows": 25,"Actual Loops": 3,"Workers": []}]}]}]}]}]}]},"Planning Time": 12.028,"Triggers": [],"Execution Time": 2548.676}]
[{"Plan": {"Node Type": "Aggregate","Strategy": "Sorted","Partial Mode": "Finalize","Parallel Aware": false,"Async Capable": false,"Startup Cost": 51920.12,"Total Cost": 51953.05,"Plan Rows": 219,"Plan Width": 168,"Actual Startup Time": 1695.944,"Actual Total Time": 1812.622,"Actual Rows": 175,"Actual Loops": 1,"Group Key": ["nation.n_name", "(EXTRACT(year FROM orders.o_orderdate))"],"Plans": [{"Node Type": "Gather Merge","Parent Relationship": "Outer","Parallel Aware": false,"Async Capable": false,"Startup Cost": 51920.12,"Total Cost": 51947.63,"Plan Rows": 213,"Plan Width": 168,"Actual Startup Time": 1695.015,"Actual Total Time": 1812.175,"Actual Rows": 700,"Actual Loops": 1,"Workers Planned": 3,"Workers Launched": 3,"Plans": [{"Node Type": "Aggregate","Strategy": "Sorted","Partial Mode": "Partial","Parent Relationship": "Outer","Parallel Aware": false,"Async Capable": false,"Startup Cost": 50920.08,"Total Cost": 50922.56,"Plan Rows": 71,"Plan Width": 168,"Actual Startup Time": 1627.056,"Actual Total Time": 1716.761,"Actual Rows": 175,"Actual Loops": 4,"Group Key": ["nation.n_name", "(EXTRACT(year FROM orders.o_orderdate))"],"Workers": [],"Plans": [{"Node Type": "Sort","Parent Relationship": "Outer","Parallel Aware": false,"Async Capable": false,"Startup Cost": 50920.08,"Total Cost": 50920.26,"Plan Rows": 71,"Plan Width": 159,"Actual Startup Time": 1626.699,"Actual Total Time": 1654.684,"Actual Rows": 82048,"Actual Loops": 4,"Sort Key": ["nation.n_name", "(EXTRACT(year FROM orders.o_orderdate)) DESC"],"Sort Method": "quicksort","Sort Space Used": 10998,"Sort Space Type": "Memory","Workers": [{"Worker Number": 0,"Sort Method": "quicksort","Sort Space Used": 11093,"Sort Space Type": "Memory"},{"Worker Number": 1,"Sort Method": "quicksort","Sort Space Used": 11417,"Sort Space Type": "Memory"},{"Worker Number": 2,"Sort Method": "quicksort","Sort Space Used": 11464,"Sort Space Type": "Memory"}],"Plans": [{"Node Type": "Hash Join","Parent Relationship": "Outer","Parallel Aware": false,"Async Capable": false,"Join Type": "Inner","Startup Cost": 5236.07,"Total Cost": 50917.89,"Plan Rows": 71,"Plan Width": 159,"Actual Startup Time": 22.962,"Actual Total Time": 1527.674,"Actual Rows": 82048,"Actual Loops": 4,"Inner Unique": true,"Hash Cond": "(supplier.s_nationkey = nation.n_nationkey)","Workers": [],"Plans": [{"Node Type": "Nested Loop","Parent Relationship": "Outer","Parallel Aware": false,"Async Capable": false,"Join Type": "Inner","Startup Cost": 5234.51,"Total Cost": 50915.94,"Plan Rows": 71,"Plan Width": 31,"Actual Startup Time": 22.797,"Actual Total Time": 1504.364,"Actual Rows": 82048,"Actual Loops": 4,"Inner Unique": true,"Workers": [],"Plans": [{"Node Type": "Nested Loop","Parent Relationship": "Outer","Parallel Aware": false,"Async Capable": false,"Join Type": "Inner","Startup Cost": 5234.08,"Total Cost": 50882.91,"Plan Rows": 71,"Plan Width": 31,"Actual Startup Time": 22.733,"Actual Total Time": 778.868,"Actual Rows": 82048,"Actual Loops": 4,"Inner Unique": true,"Workers": [],"Plans": [{"Node Type": "Nested Loop","Parent Relationship": "Outer","Parallel Aware": false,"Async Capable": false,"Join Type": "Inner","Startup Cost": 5233.80,"Total Cost": 50861.42,"Plan Rows": 71,"Plan Width": 35,"Actual Startup Time": 22.679,"Actual Total Time": 641.061,"Actual Rows": 82048,"Actual Loops": 4,"Inner Unique": false,"Workers": [],"Plans": [{"Node Type": "Hash Join","Parent Relationship": "Outer","Parallel Aware": true,"Async Capable": false,"Join Type": "Inner","Startup Cost": 5233.37,"Total Cost": 25942.44,"Plan Rows": 23460,"Plan Width": 18,"Actual Startup Time": 22.614,"Actual Total Time": 187.868,"Actual Rows": 10922,"Actual Loops": 4,"Inner Unique": true,"Hash Cond": "(partsupp.ps_partkey = part.p_partkey)","Workers": [],"Plans": [{"Node Type": "Seq Scan","Parent Relationship": "Outer","Parallel Aware": true,"Async Capable": false,"Relation Name": "partsupp","Alias": "partsupp","Startup Cost": 0.00,"Total Cost": 20031.65,"Plan Rows": 258065,"Plan Width": 14,"Actual Startup Time": 0.015,"Actual Total Time": 42.277,"Actual Rows": 200000,"Actual Loops": 4,"Workers": []},{"Node Type": "Hash","Parent Relationship": "Inner","Parallel Aware": true,"Async Capable": false,"Startup Cost": 5138.67,"Total Cost": 5138.67,"Plan Rows": 7576,"Plan Width": 4,"Actual Startup Time": 22.401,"Actual Total Time": 22.414,"Actual Rows": 2730,"Actual Loops": 4,"Hash Buckets": 32768,"Original Hash Buckets": 32768,"Hash Batches": 1,"Original Hash Batches": 1,"Peak Memory Usage": 704,"Workers": [],"Plans": [{"Node Type": "Seq Scan","Parent Relationship": "Outer","Parallel Aware": true,"Async Capable": false,"Relation Name": "part","Alias": "part","Startup Cost": 0.00,"Total Cost": 5138.67,"Plan Rows": 7576,"Plan Width": 4,"Actual Startup Time": 0.052,"Actual Total Time": 20.933,"Actual Rows": 2730,"Actual Loops": 4,"Filter": "((p_name)::text ~~ '%navajo%'::text)","Rows Removed by Filter": 47270,"Workers": []}]}]},{"Node Type": "Index Scan","Parent Relationship": "Inner","Parallel Aware": false,"Async Capable": false,"Scan Direction": "Forward","Index Name": "idx_lineitem_part_supp","Relation Name": "lineitem","Alias": "lineitem","Startup Cost": 0.43,"Total Cost": 1.05,"Plan Rows": 1,"Plan Width": 29,"Actual Startup Time": 0.006,"Actual Total Time": 0.040,"Actual Rows": 8,"Actual Loops": 43688,"Index Cond": "((l_partkey = partsupp.ps_partkey) AND (l_suppkey = partsupp.ps_suppkey))","Rows Removed by Index Recheck": 0,"Workers": []}]},{"Node Type": "Index Scan","Parent Relationship": "Inner","Parallel Aware": false,"Async Capable": false,"Scan Direction": "Forward","Index Name": "supplier_pkey","Relation Name": "supplier","Alias": "supplier","Startup Cost": 0.29,"Total Cost": 0.30,"Plan Rows": 1,"Plan Width": 8,"Actual Startup Time": 0.001,"Actual Total Time": 0.001,"Actual Rows": 1,"Actual Loops": 328192,"Index Cond": "(s_suppkey = lineitem.l_suppkey)","Rows Removed by Index Recheck": 0,"Workers": []}]},{"Node Type": "Index Scan","Parent Relationship": "Inner","Parallel Aware": false,"Async Capable": false,"Scan Direction": "Forward","Index Name": "orders_pkey","Relation Name": "orders","Alias": "orders","Startup Cost": 0.43,"Total Cost": 0.47,"Plan Rows": 1,"Plan Width": 8,"Actual Startup Time": 0.008,"Actual Total Time": 0.008,"Actual Rows": 1,"Actual Loops": 328192,"Index Cond": "(o_orderkey = lineitem.l_orderkey)","Rows Removed by Index Recheck": 0,"Workers": []}]},{"Node Type": "Hash","Parent Relationship": "Inner","Parallel Aware": false,"Async Capable": false,"Startup Cost": 1.25,"Total Cost": 1.25,"Plan Rows": 25,"Plan Width": 108,"Actual Startup Time": 0.073,"Actual Total Time": 0.078,"Actual Rows": 25,"Actual Loops": 4,"Hash Buckets": 1024,"Original Hash Buckets": 1024,"Hash Batches": 1,"Original Hash Batches": 1,"Peak Memory Usage": 10,"Workers": [],"Plans": [{"Node Type": "Seq Scan","Parent Relationship": "Outer","Parallel Aware": false,"Async Capable": false,"Relation Name": "nation","Alias": "nation","Startup Cost": 0.00,"Total Cost": 1.25,"Plan Rows": 25,"Plan Width": 108,"Actual Startup Time": 0.041,"Actual Total Time": 0.048,"Actual Rows": 25,"Actual Loops": 4,"Workers": []}]}]}]}]}]}]},"Planning Time": 11.862,"Triggers": [],"Execution Time": 1814.545}]
[{"Plan": {"Node Type": "Aggregate","Strategy": "Sorted","Partial Mode": "Finalize","Parallel Aware": false,"Async Capable": false,"Startup Cost": 35224.41,"Total Cost": 35237.30,"Plan Rows": 97,"Plan Width": 168,"Actual Startup Time": 2460.022,"Actual Total Time": 2558.697,"Actual Rows": 175,"Actual Loops": 1,"Group Key": ["nation.n_name", "(EXTRACT(year FROM orders.o_orderdate))"],"Plans": [{"Node Type": "Gather Merge","Parent Relationship": "Outer","Parallel Aware": false,"Async Capable": false,"Startup Cost": 35224.41,"Total Cost": 35235.05,"Plan Rows": 80,"Plan Width": 168,"Actual Startup Time": 2458.251,"Actual Total Time": 2558.308,"Actual Rows": 525,"Actual Loops": 1,"Workers Planned": 2,"Workers Launched": 2,"Plans": [{"Node Type": "Aggregate","Strategy": "Sorted","Partial Mode": "Partial","Parent Relationship": "Outer","Parallel Aware": false,"Async Capable": false,"Startup Cost": 34224.39,"Total Cost": 34225.79,"Plan Rows": 40,"Plan Width": 168,"Actual Startup Time": 2344.225,"Actual Total Time": 2465.606,"Actual Rows": 175,"Actual Loops": 3,"Group Key": ["nation.n_name", "(EXTRACT(year FROM orders.o_orderdate))"],"Workers": [],"Plans": [{"Node Type": "Sort","Parent Relationship": "Outer","Parallel Aware": false,"Async Capable": false,"Startup Cost": 34224.39,"Total Cost": 34224.49,"Plan Rows": 40,"Plan Width": 159,"Actual Startup Time": 2343.466,"Actual Total Time": 2382.605,"Actual Rows": 109438,"Actual Loops": 3,"Sort Key": ["nation.n_name", "(EXTRACT(year FROM orders.o_orderdate)) DESC"],"Sort Method": "quicksort","Sort Space Used": 14663,"Sort Space Type": "Memory","Workers": [{"Worker Number": 0,"Sort Method": "quicksort","Sort Space Used": 13603,"Sort Space Type": "Memory"},{"Worker Number": 1,"Sort Method": "quicksort","Sort Space Used": 13638,"Sort Space Type": "Memory"}],"Plans": [{"Node Type": "Hash Join","Parent Relationship": "Outer","Parallel Aware": false,"Async Capable": false,"Join Type": "Inner","Startup Cost": 3.13,"Total Cost": 34223.32,"Plan Rows": 40,"Plan Width": 159,"Actual Startup Time": 0.760,"Actual Total Time": 2196.510,"Actual Rows": 109438,"Actual Loops": 3,"Inner Unique": true,"Hash Cond": "(supplier.s_nationkey = nation.n_nationkey)","Workers": [],"Plans": [{"Node Type": "Nested Loop","Parent Relationship": "Outer","Parallel Aware": false,"Async Capable": false,"Join Type": "Inner","Startup Cost": 1.57,"Total Cost": 34221.53,"Plan Rows": 40,"Plan Width": 31,"Actual Startup Time": 0.551,"Actual Total Time": 2164.566,"Actual Rows": 109438,"Actual Loops": 3,"Inner Unique": true,"Workers": [],"Plans": [{"Node Type": "Nested Loop","Parent Relationship": "Outer","Parallel Aware": false,"Async Capable": false,"Join Type": "Inner","Startup Cost": 1.14,"Total Cost": 34202.93,"Plan Rows": 40,"Plan Width": 31,"Actual Startup Time": 0.405,"Actual Total Time": 1011.592,"Actual Rows": 109438,"Actual Loops": 3,"Inner Unique": true,"Workers": [],"Plans": [{"Node Type": "Nested Loop","Parent Relationship": "Outer","Parallel Aware": false,"Async Capable": false,"Join Type": "Inner","Startup Cost": 0.86,"Total Cost": 34190.82,"Plan Rows": 40,"Plan Width": 35,"Actual Startup Time": 0.312,"Actual Total Time": 825.309,"Actual Rows": 109438,"Actual Loops": 3,"Inner Unique": false,"Workers": [],"Plans": [{"Node Type": "Nested Loop","Parent Relationship": "Outer","Parallel Aware": false,"Async Capable": false,"Join Type": "Inner","Startup Cost": 0.42,"Total Cost": 19885.25,"Plan Rows": 13468,"Plan Width": 18,"Actual Startup Time": 0.185,"Actual Total Time": 115.007,"Actual Rows": 14580,"Actual Loops": 3,"Inner Unique": false,"Workers": [],"Plans": [{"Node Type": "Seq Scan","Parent Relationship": "Outer","Parallel Aware": true,"Async Capable": false,"Relation Name": "part","Alias": "part","Startup Cost": 0.00,"Total Cost": 5138.67,"Plan Rows": 3367,"Plan Width": 4,"Actual Startup Time": 0.047,"Actual Total Time": 49.557,"Actual Rows": 3645,"Actual Loops": 3,"Filter": "((p_name)::text ~~ '%cornflower%'::text)","Rows Removed by Filter": 63022,"Workers": []},{"Node Type": "Index Scan","Parent Relationship": "Inner","Parallel Aware": false,"Async Capable": false,"Scan Direction": "Forward","Index Name": "idx_partsupp_partkey","Relation Name": "partsupp","Alias": "partsupp","Startup Cost": 0.42,"Total Cost": 4.34,"Plan Rows": 4,"Plan Width": 14,"Actual Startup Time": 0.013,"Actual Total Time": 0.017,"Actual Rows": 4,"Actual Loops": 10935,"Index Cond": "(ps_partkey = part.p_partkey)","Rows Removed by Index Recheck": 0,"Workers": []}]},{"Node Type": "Index Scan","Parent Relationship": "Inner","Parallel Aware": false,"Async Capable": false,"Scan Direction": "Forward","Index Name": "idx_lineitem_part_supp","Relation Name": "lineitem","Alias": "lineitem","Startup Cost": 0.43,"Total Cost": 1.05,"Plan Rows": 1,"Plan Width": 29,"Actual Startup Time": 0.007,"Actual Total Time": 0.047,"Actual Rows": 8,"Actual Loops": 43740,"Index Cond": "((l_partkey = partsupp.ps_partkey) AND (l_suppkey = partsupp.ps_suppkey))","Rows Removed by Index Recheck": 0,"Workers": []}]},{"Node Type": "Index Scan","Parent Relationship": "Inner","Parallel Aware": false,"Async Capable": false,"Scan Direction": "Forward","Index Name": "supplier_pkey","Relation Name": "supplier","Alias": "supplier","Startup Cost": 0.29,"Total Cost": 0.30,"Plan Rows": 1,"Plan Width": 8,"Actual Startup Time": 0.001,"Actual Total Time": 0.001,"Actual Rows": 1,"Actual Loops": 328313,"Index Cond": "(s_suppkey = lineitem.l_suppkey)","Rows Removed by Index Recheck": 0,"Workers": []}]},{"Node Type": "Index Scan","Parent Relationship": "Inner","Parallel Aware": false,"Async Capable": false,"Scan Direction": "Forward","Index Name": "orders_pkey","Relation Name": "orders","Alias": "orders","Startup Cost": 0.43,"Total Cost": 0.47,"Plan Rows": 1,"Plan Width": 8,"Actual Startup Time": 0.010,"Actual Total Time": 0.010,"Actual Rows": 1,"Actual Loops": 328313,"Index Cond": "(o_orderkey = lineitem.l_orderkey)","Rows Removed by Index Recheck": 0,"Workers": []}]},{"Node Type": "Hash","Parent Relationship": "Inner","Parallel Aware": false,"Async Capable": false,"Startup Cost": 1.25,"Total Cost": 1.25,"Plan Rows": 25,"Plan Width": 108,"Actual Startup Time": 0.100,"Actual Total Time": 0.111,"Actual Rows": 25,"Actual Loops": 3,"Hash Buckets": 1024,"Original Hash Buckets": 1024,"Hash Batches": 1,"Original Hash Batches": 1,"Peak Memory Usage": 10,"Workers": [],"Plans": [{"Node Type": "Seq Scan","Parent Relationship": "Outer","Parallel Aware": false,"Async Capable": false,"Relation Name": "nation","Alias": "nation","Startup Cost": 0.00,"Total Cost": 1.25,"Plan Rows": 25,"Plan Width": 108,"Actual Startup Time": 0.068,"Actual Total Time": 0.075,"Actual Rows": 25,"Actual Loops": 3,"Workers": []}]}]}]}]}]}]},"Planning Time": 11.010,"Triggers": [],"Execution Time": 2560.097}]
[{"Plan": {"Node Type": "Aggregate","Strategy": "Sorted","Partial Mode": "Finalize","Parallel Aware": false,"Async Capable": false,"Startup Cost": 28858.40,"Total Cost": 28868.07,"Plan Rows": 73,"Plan Width": 168,"Actual Startup Time": 2476.937,"Actual Total Time": 2596.733,"Actual Rows": 175,"Actual Loops": 1,"Group Key": ["nation.n_name", "(EXTRACT(year FROM orders.o_orderdate))"],"Plans": [{"Node Type": "Gather Merge","Parent Relationship": "Outer","Parallel Aware": false,"Async Capable": false,"Startup Cost": 28858.40,"Total Cost": 28866.38,"Plan Rows": 60,"Plan Width": 168,"Actual Startup Time": 2475.120,"Actual Total Time": 2596.260,"Actual Rows": 525,"Actual Loops": 1,"Workers Planned": 2,"Workers Launched": 2,"Plans": [{"Node Type": "Aggregate","Strategy": "Sorted","Partial Mode": "Partial","Parent Relationship": "Outer","Parallel Aware": false,"Async Capable": false,"Startup Cost": 27858.38,"Total Cost": 27859.43,"Plan Rows": 30,"Plan Width": 168,"Actual Startup Time": 2317.882,"Actual Total Time": 2463.965,"Actual Rows": 175,"Actual Loops": 3,"Group Key": ["nation.n_name", "(EXTRACT(year FROM orders.o_orderdate))"],"Workers": [],"Plans": [{"Node Type": "Sort","Parent Relationship": "Outer","Parallel Aware": false,"Async Capable": false,"Startup Cost": 27858.38,"Total Cost": 27858.46,"Plan Rows": 30,"Plan Width": 159,"Actual Startup Time": 2317.128,"Actual Total Time": 2372.186,"Actual Rows": 108899,"Actual Loops": 3,"Sort Key": ["nation.n_name", "(EXTRACT(year FROM orders.o_orderdate)) DESC"],"Sort Method": "quicksort","Sort Space Used": 13698,"Sort Space Type": "Memory","Workers": [{"Worker Number": 0,"Sort Method": "quicksort","Sort Space Used": 14061,"Sort Space Type": "Memory"},{"Worker Number": 1,"Sort Method": "quicksort","Sort Space Used": 13992,"Sort Space Type": "Memory"}],"Plans": [{"Node Type": "Hash Join","Parent Relationship": "Outer","Parallel Aware": false,"Async Capable": false,"Join Type": "Inner","Startup Cost": 3.13,"Total Cost": 27857.64,"Plan Rows": 30,"Plan Width": 159,"Actual Startup Time": 0.780,"Actual Total Time": 2157.536,"Actual Rows": 108899,"Actual Loops": 3,"Inner Unique": true,"Hash Cond": "(supplier.s_nationkey = nation.n_nationkey)","Workers": [],"Plans": [{"Node Type": "Nested Loop","Parent Relationship": "Outer","Parallel Aware": false,"Async Capable": false,"Join Type": "Inner","Startup Cost": 1.57,"Total Cost": 27855.92,"Plan Rows": 30,"Plan Width": 31,"Actual Startup Time": 0.577,"Actual Total Time": 2126.027,"Actual Rows": 108899,"Actual Loops": 3,"Inner Unique": true,"Workers": [],"Plans": [{"Node Type": "Nested Loop","Parent Relationship": "Outer","Parallel Aware": false,"Async Capable": false,"Join Type": "Inner","Startup Cost": 1.14,"Total Cost": 27841.96,"Plan Rows": 30,"Plan Width": 31,"Actual Startup Time": 0.440,"Actual Total Time": 987.757,"Actual Rows": 108899,"Actual Loops": 3,"Inner Unique": true,"Workers": [],"Plans": [{"Node Type": "Nested Loop","Parent Relationship": "Outer","Parallel Aware": false,"Async Capable": false,"Join Type": "Inner","Startup Cost": 0.86,"Total Cost": 27832.88,"Plan Rows": 30,"Plan Width": 35,"Actual Startup Time": 0.335,"Actual Total Time": 804.256,"Actual Rows": 108899,"Actual Loops": 3,"Inner Unique": false,"Workers": [],"Plans": [{"Node Type": "Nested Loop","Parent Relationship": "Outer","Parallel Aware": false,"Async Capable": false,"Join Type": "Inner","Startup Cost": 0.42,"Total Cost": 17103.70,"Plan Rows": 10101,"Plan Width": 18,"Actual Startup Time": 0.220,"Actual Total Time": 118.450,"Actual Rows": 14516,"Actual Loops": 3,"Inner Unique": false,"Workers": [],"Plans": [{"Node Type": "Seq Scan","Parent Relationship": "Outer","Parallel Aware": true,"Async Capable": false,"Relation Name": "part","Alias": "part","Startup Cost": 0.00,"Total Cost": 5138.67,"Plan Rows": 2525,"Plan Width": 4,"Actual Startup Time": 0.059,"Actual Total Time": 51.361,"Actual Rows": 3629,"Actual Loops": 3,"Filter": "((p_name)::text ~~ '%sandy%'::text)","Rows Removed by Filter": 63038,"Workers": []},{"Node Type": "Index Scan","Parent Relationship": "Inner","Parallel Aware": false,"Async Capable": false,"Scan Direction": "Forward","Index Name": "idx_partsupp_partkey","Relation Name": "partsupp","Alias": "partsupp","Startup Cost": 0.42,"Total Cost": 4.70,"Plan Rows": 4,"Plan Width": 14,"Actual Startup Time": 0.014,"Actual Total Time": 0.018,"Actual Rows": 4,"Actual Loops": 10887,"Index Cond": "(ps_partkey = part.p_partkey)","Rows Removed by Index Recheck": 0,"Workers": []}]},{"Node Type": "Index Scan","Parent Relationship": "Inner","Parallel Aware": false,"Async Capable": false,"Scan Direction": "Forward","Index Name": "idx_lineitem_part_supp","Relation Name": "lineitem","Alias": "lineitem","Startup Cost": 0.43,"Total Cost": 1.05,"Plan Rows": 1,"Plan Width": 29,"Actual Startup Time": 0.007,"Actual Total Time": 0.046,"Actual Rows": 8,"Actual Loops": 43548,"Index Cond": "((l_partkey = partsupp.ps_partkey) AND (l_suppkey = partsupp.ps_suppkey))","Rows Removed by Index Recheck": 0,"Workers": []}]},{"Node Type": "Index Scan","Parent Relationship": "Inner","Parallel Aware": false,"Async Capable": false,"Scan Direction": "Forward","Index Name": "supplier_pkey","Relation Name": "supplier","Alias": "supplier","Startup Cost": 0.29,"Total Cost": 0.30,"Plan Rows": 1,"Plan Width": 8,"Actual Startup Time": 0.001,"Actual Total Time": 0.001,"Actual Rows": 1,"Actual Loops": 326696,"Index Cond": "(s_suppkey = lineitem.l_suppkey)","Rows Removed by Index Recheck": 0,"Workers": []}]},{"Node Type": "Index Scan","Parent Relationship": "Inner","Parallel Aware": false,"Async Capable": false,"Scan Direction": "Forward","Index Name": "orders_pkey","Relation Name": "orders","Alias": "orders","Startup Cost": 0.43,"Total Cost": 0.47,"Plan Rows": 1,"Plan Width": 8,"Actual Startup Time": 0.010,"Actual Total Time": 0.010,"Actual Rows": 1,"Actual Loops": 326696,"Index Cond": "(o_orderkey = lineitem.l_orderkey)","Rows Removed by Index Recheck": 0,"Workers": []}]},{"Node Type": "Hash","Parent Relationship": "Inner","Parallel Aware": false,"Async Capable": false,"Startup Cost": 1.25,"Total Cost": 1.25,"Plan Rows": 25,"Plan Width": 108,"Actual Startup Time": 0.098,"Actual Total Time": 0.119,"Actual Rows": 25,"Actual Loops": 3,"Hash Buckets": 1024,"Original Hash Buckets": 1024,"Hash Batches": 1,"Original Hash Batches": 1,"Peak Memory Usage": 10,"Workers": [],"Plans": [{"Node Type": "Seq Scan","Parent Relationship": "Outer","Parallel Aware": false,"Async Capable": false,"Relation Name": "nation","Alias": "nation","Startup Cost": 0.00,"Total Cost": 1.25,"Plan Rows": 25,"Plan Width": 108,"Actual Startup Time": 0.065,"Actual Total Time": 0.081,"Actual Rows": 25,"Actual Loops": 3,"Workers": []}]}]}]}]}]}]},"Planning Time": 13.097,"Triggers": [],"Execution Time": 2598.254}]
[{"Plan": {"Node Type": "Aggregate","Strategy": "Sorted","Partial Mode": "Finalize","Parallel Aware": false,"Async Capable": false,"Startup Cost": 41381.04,"Total Cost": 41397.45,"Plan Rows": 122,"Plan Width": 168,"Actual Startup Time": 2450.148,"Actual Total Time": 2534.975,"Actual Rows": 175,"Actual Loops": 1,"Group Key": ["nation.n_name", "(EXTRACT(year FROM orders.o_orderdate))"],"Plans": [{"Node Type": "Gather Merge","Parent Relationship": "Outer","Parallel Aware": false,"Async Capable": false,"Startup Cost": 41381.04,"Total Cost": 41394.60,"Plan Rows": 102,"Plan Width": 168,"Actual Startup Time": 2448.558,"Actual Total Time": 2534.429,"Actual Rows": 525,"Actual Loops": 1,"Workers Planned": 2,"Workers Launched": 2,"Plans": [{"Node Type": "Aggregate","Strategy": "Sorted","Partial Mode": "Partial","Parent Relationship": "Outer","Parallel Aware": false,"Async Capable": false,"Startup Cost": 40381.01,"Total Cost": 40382.80,"Plan Rows": 51,"Plan Width": 168,"Actual Startup Time": 2320.131,"Actual Total Time": 2442.177,"Actual Rows": 175,"Actual Loops": 3,"Group Key": ["nation.n_name", "(EXTRACT(year FROM orders.o_orderdate))"],"Workers": [],"Plans": [{"Node Type": "Sort","Parent Relationship": "Outer","Parallel Aware": false,"Async Capable": false,"Startup Cost": 40381.01,"Total Cost": 40381.14,"Plan Rows": 51,"Plan Width": 159,"Actual Startup Time": 2319.540,"Actual Total Time": 2359.449,"Actual Rows": 108975,"Actual Loops": 3,"Sort Key": ["nation.n_name", "(EXTRACT(year FROM orders.o_orderdate)) DESC"],"Sort Method": "quicksort","Sort Space Used": 13700,"Sort Space Type": "Memory","Workers": [{"Worker Number": 0,"Sort Method": "quicksort","Sort Space Used": 13962,"Sort Space Type": "Memory"},{"Worker Number": 1,"Sort Method": "quicksort","Sort Space Used": 14110,"Sort Space Type": "Memory"}],"Plans": [{"Node Type": "Hash Join","Parent Relationship": "Outer","Parallel Aware": false,"Async Capable": false,"Join Type": "Inner","Startup Cost": 3.13,"Total Cost": 40379.57,"Plan Rows": 51,"Plan Width": 159,"Actual Startup Time": 0.665,"Actual Total Time": 2161.485,"Actual Rows": 108975,"Actual Loops": 3,"Inner Unique": true,"Hash Cond": "(supplier.s_nationkey = nation.n_nationkey)","Workers": [],"Plans": [{"Node Type": "Nested Loop","Parent Relationship": "Outer","Parallel Aware": false,"Async Capable": false,"Join Type": "Inner","Startup Cost": 1.57,"Total Cost": 40377.72,"Plan Rows": 51,"Plan Width": 31,"Actual Startup Time": 0.476,"Actual Total Time": 2130.088,"Actual Rows": 108975,"Actual Loops": 3,"Inner Unique": true,"Workers": [],"Plans": [{"Node Type": "Nested Loop","Parent Relationship": "Outer","Parallel Aware": false,"Async Capable": false,"Join Type": "Inner","Startup Cost": 1.14,"Total Cost": 40354.00,"Plan Rows": 51,"Plan Width": 31,"Actual Startup Time": 0.358,"Actual Total Time": 991.301,"Actual Rows": 108975,"Actual Loops": 3,"Inner Unique": true,"Workers": [],"Plans": [{"Node Type": "Nested Loop","Parent Relationship": "Outer","Parallel Aware": false,"Async Capable": false,"Join Type": "Inner","Startup Cost": 0.86,"Total Cost": 40338.56,"Plan Rows": 51,"Plan Width": 35,"Actual Startup Time": 0.273,"Actual Total Time": 807.397,"Actual Rows": 108975,"Actual Loops": 3,"Inner Unique": false,"Workers": [],"Plans": [{"Node Type": "Nested Loop","Parent Relationship": "Outer","Parallel Aware": false,"Async Capable": false,"Join Type": "Inner","Startup Cost": 0.42,"Total Cost": 22456.59,"Plan Rows": 16835,"Plan Width": 18,"Actual Startup Time": 0.178,"Actual Total Time": 117.714,"Actual Rows": 14541,"Actual Loops": 3,"Inner Unique": false,"Workers": [],"Plans": [{"Node Type": "Seq Scan","Parent Relationship": "Outer","Parallel Aware": true,"Async Capable": false,"Relation Name": "part","Alias": "part","Startup Cost": 0.00,"Total Cost": 5138.67,"Plan Rows": 4209,"Plan Width": 4,"Actual Startup Time": 0.056,"Actual Total Time": 50.629,"Actual Rows": 3635,"Actual Loops": 3,"Filter": "((p_name)::text ~~ '%honeydew%'::text)","Rows Removed by Filter": 63031,"Workers": []},{"Node Type": "Index Scan","Parent Relationship": "Inner","Parallel Aware": false,"Async Capable": false,"Scan Direction": "Forward","Index Name": "idx_partsupp_partkey","Relation Name": "partsupp","Alias": "partsupp","Startup Cost": 0.42,"Total Cost": 4.07,"Plan Rows": 4,"Plan Width": 14,"Actual Startup Time": 0.014,"Actual Total Time": 0.018,"Actual Rows": 4,"Actual Loops": 10906,"Index Cond": "(ps_partkey = part.p_partkey)","Rows Removed by Index Recheck": 0,"Workers": []}]},{"Node Type": "Index Scan","Parent Relationship": "Inner","Parallel Aware": false,"Async Capable": false,"Scan Direction": "Forward","Index Name": "idx_lineitem_part_supp","Relation Name": "lineitem","Alias": "lineitem","Startup Cost": 0.43,"Total Cost": 1.05,"Plan Rows": 1,"Plan Width": 29,"Actual Startup Time": 0.007,"Actual Total Time": 0.046,"Actual Rows": 7,"Actual Loops": 43624,"Index Cond": "((l_partkey = partsupp.ps_partkey) AND (l_suppkey = partsupp.ps_suppkey))","Rows Removed by Index Recheck": 0,"Workers": []}]},{"Node Type": "Index Scan","Parent Relationship": "Inner","Parallel Aware": false,"Async Capable": false,"Scan Direction": "Forward","Index Name": "supplier_pkey","Relation Name": "supplier","Alias": "supplier","Startup Cost": 0.29,"Total Cost": 0.30,"Plan Rows": 1,"Plan Width": 8,"Actual Startup Time": 0.001,"Actual Total Time": 0.001,"Actual Rows": 1,"Actual Loops": 326925,"Index Cond": "(s_suppkey = lineitem.l_suppkey)","Rows Removed by Index Recheck": 0,"Workers": []}]},{"Node Type": "Index Scan","Parent Relationship": "Inner","Parallel Aware": false,"Async Capable": false,"Scan Direction": "Forward","Index Name": "orders_pkey","Relation Name": "orders","Alias": "orders","Startup Cost": 0.43,"Total Cost": 0.47,"Plan Rows": 1,"Plan Width": 8,"Actual Startup Time": 0.010,"Actual Total Time": 0.010,"Actual Rows": 1,"Actual Loops": 326925,"Index Cond": "(o_orderkey = lineitem.l_orderkey)","Rows Removed by Index Recheck": 0,"Workers": []}]},{"Node Type": "Hash","Parent Relationship": "Inner","Parallel Aware": false,"Async Capable": false,"Startup Cost": 1.25,"Total Cost": 1.25,"Plan Rows": 25,"Plan Width": 108,"Actual Startup Time": 0.092,"Actual Total Time": 0.113,"Actual Rows": 25,"Actual Loops": 3,"Hash Buckets": 1024,"Original Hash Buckets": 1024,"Hash Batches": 1,"Original Hash Batches": 1,"Peak Memory Usage": 10,"Workers": [],"Plans": [{"Node Type": "Seq Scan","Parent Relationship": "Outer","Parallel Aware": false,"Async Capable": false,"Relation Name": "nation","Alias": "nation","Startup Cost": 0.00,"Total Cost": 1.25,"Plan Rows": 25,"Plan Width": 108,"Actual Startup Time": 0.053,"Actual Total Time": 0.073,"Actual Rows": 25,"Actual Loops": 3,"Workers": []}]}]}]}]}]}]},"Planning Time": 12.409,"Triggers": [],"Execution Time": 2536.448}]
[{"Plan": {"Node Type": "Aggregate","Strategy": "Sorted","Partial Mode": "Finalize","Parallel Aware": false,"Async Capable": false,"Startup Cost": 49135.04,"Total Cost": 49164.27,"Plan Rows": 195,"Plan Width": 168,"Actual Startup Time": 1715.979,"Actual Total Time": 1840.844,"Actual Rows": 175,"Actual Loops": 1,"Group Key": ["nation.n_name", "(EXTRACT(year FROM orders.o_orderdate))"],"Plans": [{"Node Type": "Gather Merge","Parent Relationship": "Outer","Parallel Aware": false,"Async Capable": false,"Startup Cost": 49135.04,"Total Cost": 49159.45,"Plan Rows": 189,"Plan Width": 168,"Actual Startup Time": 1714.891,"Actual Total Time": 1840.259,"Actual Rows": 700,"Actual Loops": 1,"Workers Planned": 3,"Workers Launched": 3,"Plans": [{"Node Type": "Aggregate","Strategy": "Sorted","Partial Mode": "Partial","Parent Relationship": "Outer","Parallel Aware": false,"Async Capable": false,"Startup Cost": 48135.00,"Total Cost": 48137.21,"Plan Rows": 63,"Plan Width": 168,"Actual Startup Time": 1628.599,"Actual Total Time": 1725.060,"Actual Rows": 175,"Actual Loops": 4,"Group Key": ["nation.n_name", "(EXTRACT(year FROM orders.o_orderdate))"],"Workers": [],"Plans": [{"Node Type": "Sort","Parent Relationship": "Outer","Parallel Aware": false,"Async Capable": false,"Startup Cost": 48135.00,"Total Cost": 48135.16,"Plan Rows": 63,"Plan Width": 159,"Actual Startup Time": 1628.157,"Actual Total Time": 1658.798,"Actual Rows": 82097,"Actual Loops": 4,"Sort Key": ["nation.n_name", "(EXTRACT(year FROM orders.o_orderdate)) DESC"],"Sort Method": "quicksort","Sort Space Used": 11051,"Sort Space Type": "Memory","Workers": [{"Worker Number": 0,"Sort Method": "quicksort","Sort Space Used": 11042,"Sort Space Type": "Memory"},{"Worker Number": 1,"Sort Method": "quicksort","Sort Space Used": 11460,"Sort Space Type": "Memory"},{"Worker Number": 2,"Sort Method": "quicksort","Sort Space Used": 11436,"Sort Space Type": "Memory"}],"Plans": [{"Node Type": "Hash Join","Parent Relationship": "Outer","Parallel Aware": false,"Async Capable": false,"Join Type": "Inner","Startup Cost": 5225.55,"Total Cost": 48133.12,"Plan Rows": 63,"Plan Width": 159,"Actual Startup Time": 21.742,"Actual Total Time": 1529.409,"Actual Rows": 82097,"Actual Loops": 4,"Inner Unique": true,"Hash Cond": "(supplier.s_nationkey = nation.n_nationkey)","Workers": [],"Plans": [{"Node Type": "Nested Loop","Parent Relationship": "Outer","Parallel Aware": false,"Async Capable": false,"Join Type": "Inner","Startup Cost": 5223.99,"Total Cost": 48131.20,"Plan Rows": 63,"Plan Width": 31,"Actual Startup Time": 21.588,"Actual Total Time": 1505.764,"Actual Rows": 82097,"Actual Loops": 4,"Inner Unique": true,"Workers": [],"Plans": [{"Node Type": "Nested Loop","Parent Relationship": "Outer","Parallel Aware": false,"Async Capable": false,"Join Type": "Inner","Startup Cost": 5223.56,"Total Cost": 48101.90,"Plan Rows": 63,"Plan Width": 31,"Actual Startup Time": 21.515,"Actual Total Time": 779.024,"Actual Rows": 82097,"Actual Loops": 4,"Inner Unique": true,"Workers": [],"Plans": [{"Node Type": "Nested Loop","Parent Relationship": "Outer","Parallel Aware": false,"Async Capable": false,"Join Type": "Inner","Startup Cost": 5223.27,"Total Cost": 48082.83,"Plan Rows": 63,"Plan Width": 35,"Actual Startup Time": 21.469,"Actual Total Time": 641.312,"Actual Rows": 82097,"Actual Loops": 4,"Inner Unique": false,"Workers": [],"Plans": [{"Node Type": "Hash Join","Parent Relationship": "Outer","Parallel Aware": true,"Async Capable": false,"Join Type": "Inner","Startup Cost": 5222.84,"Total Cost": 25931.92,"Plan Rows": 20854,"Plan Width": 18,"Actual Startup Time": 21.399,"Actual Total Time": 183.796,"Actual Rows": 10971,"Actual Loops": 4,"Inner Unique": true,"Hash Cond": "(partsupp.ps_partkey = part.p_partkey)","Workers": [],"Plans": [{"Node Type": "Seq Scan","Parent Relationship": "Outer","Parallel Aware": true,"Async Capable": false,"Relation Name": "partsupp","Alias": "partsupp","Startup Cost": 0.00,"Total Cost": 20031.65,"Plan Rows": 258065,"Plan Width": 14,"Actual Startup Time": 0.012,"Actual Total Time": 41.787,"Actual Rows": 200000,"Actual Loops": 4,"Workers": []},{"Node Type": "Hash","Parent Relationship": "Inner","Parallel Aware": true,"Async Capable": false,"Startup Cost": 5138.67,"Total Cost": 5138.67,"Plan Rows": 6734,"Plan Width": 4,"Actual Startup Time": 21.187,"Actual Total Time": 21.198,"Actual Rows": 2743,"Actual Loops": 4,"Hash Buckets": 16384,"Original Hash Buckets": 16384,"Hash Batches": 1,"Original Hash Batches": 1,"Peak Memory Usage": 576,"Workers": [],"Plans": [{"Node Type": "Seq Scan","Parent Relationship": "Outer","Parallel Aware": true,"Async Capable": false,"Relation Name": "part","Alias": "part","Startup Cost": 0.00,"Total Cost": 5138.67,"Plan Rows": 6734,"Plan Width": 4,"Actual Startup Time": 0.039,"Actual Total Time": 19.867,"Actual Rows": 2743,"Actual Loops": 4,"Filter": "((p_name)::text ~~ '%rosy%'::text)","Rows Removed by Filter": 47257,"Workers": []}]}]},{"Node Type": "Index Scan","Parent Relationship": "Inner","Parallel Aware": false,"Async Capable": false,"Scan Direction": "Forward","Index Name": "idx_lineitem_part_supp","Relation Name": "lineitem","Alias": "lineitem","Startup Cost": 0.43,"Total Cost": 1.05,"Plan Rows": 1,"Plan Width": 29,"Actual Startup Time": 0.006,"Actual Total Time": 0.040,"Actual Rows": 7,"Actual Loops": 43884,"Index Cond": "((l_partkey = partsupp.ps_partkey) AND (l_suppkey = partsupp.ps_suppkey))","Rows Removed by Index Recheck": 0,"Workers": []}]},{"Node Type": "Index Scan","Parent Relationship": "Inner","Parallel Aware": false,"Async Capable": false,"Scan Direction": "Forward","Index Name": "supplier_pkey","Relation Name": "supplier","Alias": "supplier","Startup Cost": 0.29,"Total Cost": 0.30,"Plan Rows": 1,"Plan Width": 8,"Actual Startup Time": 0.001,"Actual Total Time": 0.001,"Actual Rows": 1,"Actual Loops": 328387,"Index Cond": "(s_suppkey = lineitem.l_suppkey)","Rows Removed by Index Recheck": 0,"Workers": []}]},{"Node Type": "Index Scan","Parent Relationship": "Inner","Parallel Aware": false,"Async Capable": false,"Scan Direction": "Forward","Index Name": "orders_pkey","Relation Name": "orders","Alias": "orders","Startup Cost": 0.43,"Total Cost": 0.47,"Plan Rows": 1,"Plan Width": 8,"Actual Startup Time": 0.008,"Actual Total Time": 0.008,"Actual Rows": 1,"Actual Loops": 328387,"Index Cond": "(o_orderkey = lineitem.l_orderkey)","Rows Removed by Index Recheck": 0,"Workers": []}]},{"Node Type": "Hash","Parent Relationship": "Inner","Parallel Aware": false,"Async Capable": false,"Startup Cost": 1.25,"Total Cost": 1.25,"Plan Rows": 25,"Plan Width": 108,"Actual Startup Time": 0.069,"Actual Total Time": 0.074,"Actual Rows": 25,"Actual Loops": 4,"Hash Buckets": 1024,"Original Hash Buckets": 1024,"Hash Batches": 1,"Original Hash Batches": 1,"Peak Memory Usage": 10,"Workers": [],"Plans": [{"Node Type": "Seq Scan","Parent Relationship": "Outer","Parallel Aware": false,"Async Capable": false,"Relation Name": "nation","Alias": "nation","Startup Cost": 0.00,"Total Cost": 1.25,"Plan Rows": 25,"Plan Width": 108,"Actual Startup Time": 0.048,"Actual Total Time": 0.053,"Actual Rows": 25,"Actual Loops": 4,"Workers": []}]}]}]}]}]}]},"Planning Time": 12.029,"Triggers": [],"Execution Time": 1842.931}]
[{"Plan": {"Node Type": "Aggregate","Strategy": "Sorted","Partial Mode": "Finalize","Parallel Aware": false,"Async Capable": false,"Startup Cost": 35224.41,"Total Cost": 35237.30,"Plan Rows": 97,"Plan Width": 168,"Actual Startup Time": 2357.364,"Actual Total Time": 2496.535,"Actual Rows": 175,"Actual Loops": 1,"Group Key": ["nation.n_name", "(EXTRACT(year FROM orders.o_orderdate))"],"Plans": [{"Node Type": "Gather Merge","Parent Relationship": "Outer","Parallel Aware": false,"Async Capable": false,"Startup Cost": 35224.41,"Total Cost": 35235.05,"Plan Rows": 80,"Plan Width": 168,"Actual Startup Time": 2355.924,"Actual Total Time": 2496.142,"Actual Rows": 525,"Actual Loops": 1,"Workers Planned": 2,"Workers Launched": 2,"Plans": [{"Node Type": "Aggregate","Strategy": "Sorted","Partial Mode": "Partial","Parent Relationship": "Outer","Parallel Aware": false,"Async Capable": false,"Startup Cost": 34224.39,"Total Cost": 34225.79,"Plan Rows": 40,"Plan Width": 168,"Actual Startup Time": 2247.984,"Actual Total Time": 2368.597,"Actual Rows": 175,"Actual Loops": 3,"Group Key": ["nation.n_name", "(EXTRACT(year FROM orders.o_orderdate))"],"Workers": [],"Plans": [{"Node Type": "Sort","Parent Relationship": "Outer","Parallel Aware": false,"Async Capable": false,"Startup Cost": 34224.39,"Total Cost": 34224.49,"Plan Rows": 40,"Plan Width": 159,"Actual Startup Time": 2247.517,"Actual Total Time": 2286.585,"Actual Rows": 107203,"Actual Loops": 3,"Sort Key": ["nation.n_name", "(EXTRACT(year FROM orders.o_orderdate)) DESC"],"Sort Method": "quicksort","Sort Space Used": 13369,"Sort Space Type": "Memory","Workers": [{"Worker Number": 0,"Sort Method": "quicksort","Sort Space Used": 14016,"Sort Space Type": "Memory"},{"Worker Number": 1,"Sort Method": "quicksort","Sort Space Used": 13856,"Sort Space Type": "Memory"}],"Plans": [{"Node Type": "Hash Join","Parent Relationship": "Outer","Parallel Aware": false,"Async Capable": false,"Join Type": "Inner","Startup Cost": 3.13,"Total Cost": 34223.32,"Plan Rows": 40,"Plan Width": 159,"Actual Startup Time": 0.679,"Actual Total Time": 2101.760,"Actual Rows": 107203,"Actual Loops": 3,"Inner Unique": true,"Hash Cond": "(supplier.s_nationkey = nation.n_nationkey)","Workers": [],"Plans": [{"Node Type": "Nested Loop","Parent Relationship": "Outer","Parallel Aware": false,"Async Capable": false,"Join Type": "Inner","Startup Cost": 1.57,"Total Cost": 34221.53,"Plan Rows": 40,"Plan Width": 31,"Actual Startup Time": 0.517,"Actual Total Time": 2070.140,"Actual Rows": 107203,"Actual Loops": 3,"Inner Unique": true,"Workers": [],"Plans": [{"Node Type": "Nested Loop","Parent Relationship": "Outer","Parallel Aware": false,"Async Capable": false,"Join Type": "Inner","Startup Cost": 1.14,"Total Cost": 34202.93,"Plan Rows": 40,"Plan Width": 31,"Actual Startup Time": 0.385,"Actual Total Time": 967.844,"Actual Rows": 107203,"Actual Loops": 3,"Inner Unique": true,"Workers": [],"Plans": [{"Node Type": "Nested Loop","Parent Relationship": "Outer","Parallel Aware": false,"Async Capable": false,"Join Type": "Inner","Startup Cost": 0.86,"Total Cost": 34190.82,"Plan Rows": 40,"Plan Width": 35,"Actual Startup Time": 0.299,"Actual Total Time": 787.636,"Actual Rows": 107203,"Actual Loops": 3,"Inner Unique": false,"Workers": [],"Plans": [{"Node Type": "Nested Loop","Parent Relationship": "Outer","Parallel Aware": false,"Async Capable": false,"Join Type": "Inner","Startup Cost": 0.42,"Total Cost": 19885.25,"Plan Rows": 13468,"Plan Width": 18,"Actual Startup Time": 0.192,"Actual Total Time": 117.102,"Actual Rows": 14315,"Actual Loops": 3,"Inner Unique": false,"Workers": [],"Plans": [{"Node Type": "Seq Scan","Parent Relationship": "Outer","Parallel Aware": true,"Async Capable": false,"Relation Name": "part","Alias": "part","Startup Cost": 0.00,"Total Cost": 5138.67,"Plan Rows": 3367,"Plan Width": 4,"Actual Startup Time": 0.065,"Actual Total Time": 51.071,"Actual Rows": 3579,"Actual Loops": 3,"Filter": "((p_name)::text ~~ '%smoke%'::text)","Rows Removed by Filter": 63088,"Workers": []},{"Node Type": "Index Scan","Parent Relationship": "Inner","Parallel Aware": false,"Async Capable": false,"Scan Direction": "Forward","Index Name": "idx_partsupp_partkey","Relation Name": "partsupp","Alias": "partsupp","Startup Cost": 0.42,"Total Cost": 4.34,"Plan Rows": 4,"Plan Width": 14,"Actual Startup Time": 0.014,"Actual Total Time": 0.018,"Actual Rows": 4,"Actual Loops": 10736,"Index Cond": "(ps_partkey = part.p_partkey)","Rows Removed by Index Recheck": 0,"Workers": []}]},{"Node Type": "Index Scan","Parent Relationship": "Inner","Parallel Aware": false,"Async Capable": false,"Scan Direction": "Forward","Index Name": "idx_lineitem_part_supp","Relation Name": "lineitem","Alias": "lineitem","Startup Cost": 0.43,"Total Cost": 1.05,"Plan Rows": 1,"Plan Width": 29,"Actual Startup Time": 0.007,"Actual Total Time": 0.045,"Actual Rows": 7,"Actual Loops": 42944,"Index Cond": "((l_partkey = partsupp.ps_partkey) AND (l_suppkey = partsupp.ps_suppkey))","Rows Removed by Index Recheck": 0,"Workers": []}]},{"Node Type": "Index Scan","Parent Relationship": "Inner","Parallel Aware": false,"Async Capable": false,"Scan Direction": "Forward","Index Name": "supplier_pkey","Relation Name": "supplier","Alias": "supplier","Startup Cost": 0.29,"Total Cost": 0.30,"Plan Rows": 1,"Plan Width": 8,"Actual Startup Time": 0.001,"Actual Total Time": 0.001,"Actual Rows": 1,"Actual Loops": 321610,"Index Cond": "(s_suppkey = lineitem.l_suppkey)","Rows Removed by Index Recheck": 0,"Workers": []}]},{"Node Type": "Index Scan","Parent Relationship": "Inner","Parallel Aware": false,"Async Capable": false,"Scan Direction": "Forward","Index Name": "orders_pkey","Relation Name": "orders","Alias": "orders","Startup Cost": 0.43,"Total Cost": 0.47,"Plan Rows": 1,"Plan Width": 8,"Actual Startup Time": 0.010,"Actual Total Time": 0.010,"Actual Rows": 1,"Actual Loops": 321610,"Index Cond": "(o_orderkey = lineitem.l_orderkey)","Rows Removed by Index Recheck": 0,"Workers": []}]},{"Node Type": "Hash","Parent Relationship": "Inner","Parallel Aware": false,"Async Capable": false,"Startup Cost": 1.25,"Total Cost": 1.25,"Plan Rows": 25,"Plan Width": 108,"Actual Startup Time": 0.075,"Actual Total Time": 0.083,"Actual Rows": 25,"Actual Loops": 3,"Hash Buckets": 1024,"Original Hash Buckets": 1024,"Hash Batches": 1,"Original Hash Batches": 1,"Peak Memory Usage": 10,"Workers": [],"Plans": [{"Node Type": "Seq Scan","Parent Relationship": "Outer","Parallel Aware": false,"Async Capable": false,"Relation Name": "nation","Alias": "nation","Startup Cost": 0.00,"Total Cost": 1.25,"Plan Rows": 25,"Plan Width": 108,"Actual Startup Time": 0.048,"Actual Total Time": 0.054,"Actual Rows": 25,"Actual Loops": 3,"Workers": []}]}]}]}]}]}]},"Planning Time": 11.689,"Triggers": [],"Execution Time": 2500.376}]
[{"Plan": {"Node Type": "Aggregate","Strategy": "Sorted","Partial Mode": "Finalize","Parallel Aware": false,"Async Capable": false,"Startup Cost": 47355.08,"Total Cost": 47374.71,"Plan Rows": 146,"Plan Width": 168,"Actual Startup Time": 2488.313,"Actual Total Time": 2622.431,"Actual Rows": 175,"Actual Loops": 1,"Group Key": ["nation.n_name", "(EXTRACT(year FROM orders.o_orderdate))"],"Plans": [{"Node Type": "Gather Merge","Parent Relationship": "Outer","Parallel Aware": false,"Async Capable": false,"Startup Cost": 47355.08,"Total Cost": 47371.30,"Plan Rows": 122,"Plan Width": 168,"Actual Startup Time": 2486.292,"Actual Total Time": 2621.908,"Actual Rows": 525,"Actual Loops": 1,"Workers Planned": 2,"Workers Launched": 2,"Plans": [{"Node Type": "Aggregate","Strategy": "Sorted","Partial Mode": "Partial","Parent Relationship": "Outer","Parallel Aware": false,"Async Capable": false,"Startup Cost": 46355.06,"Total Cost": 46357.20,"Plan Rows": 61,"Plan Width": 168,"Actual Startup Time": 2352.837,"Actual Total Time": 2491.136,"Actual Rows": 175,"Actual Loops": 3,"Group Key": ["nation.n_name", "(EXTRACT(year FROM orders.o_orderdate))"],"Workers": [],"Plans": [{"Node Type": "Sort","Parent Relationship": "Outer","Parallel Aware": false,"Async Capable": false,"Startup Cost": 46355.06,"Total Cost": 46355.21,"Plan Rows": 61,"Plan Width": 159,"Actual Startup Time": 2352.058,"Actual Total Time": 2401.707,"Actual Rows": 109389,"Actual Loops": 3,"Sort Key": ["nation.n_name", "(EXTRACT(year FROM orders.o_orderdate)) DESC"],"Sort Method": "quicksort","Sort Space Used": 13819,"Sort Space Type": "Memory","Workers": [{"Worker Number": 0,"Sort Method": "quicksort","Sort Space Used": 14069,"Sort Space Type": "Memory"},{"Worker Number": 1,"Sort Method": "quicksort","Sort Space Used": 14004,"Sort Space Type": "Memory"}],"Plans": [{"Node Type": "Hash Join","Parent Relationship": "Outer","Parallel Aware": false,"Async Capable": false,"Join Type": "Inner","Startup Cost": 3.13,"Total Cost": 46353.25,"Plan Rows": 61,"Plan Width": 159,"Actual Startup Time": 0.598,"Actual Total Time": 2192.654,"Actual Rows": 109389,"Actual Loops": 3,"Inner Unique": true,"Hash Cond": "(supplier.s_nationkey = nation.n_nationkey)","Workers": [],"Plans": [{"Node Type": "Nested Loop","Parent Relationship": "Outer","Parallel Aware": false,"Async Capable": false,"Join Type": "Inner","Startup Cost": 1.57,"Total Cost": 46351.35,"Plan Rows": 61,"Plan Width": 31,"Actual Startup Time": 0.445,"Actual Total Time": 2160.825,"Actual Rows": 109389,"Actual Loops": 3,"Inner Unique": true,"Workers": [],"Plans": [{"Node Type": "Nested Loop","Parent Relationship": "Outer","Parallel Aware": false,"Async Capable": false,"Join Type": "Inner","Startup Cost": 1.14,"Total Cost": 46322.98,"Plan Rows": 61,"Plan Width": 31,"Actual Startup Time": 0.344,"Actual Total Time": 1000.384,"Actual Rows": 109389,"Actual Loops": 3,"Inner Unique": true,"Workers": [],"Plans": [{"Node Type": "Nested Loop","Parent Relationship": "Outer","Parallel Aware": false,"Async Capable": false,"Join Type": "Inner","Startup Cost": 0.86,"Total Cost": 46304.52,"Plan Rows": 61,"Plan Width": 35,"Actual Startup Time": 0.255,"Actual Total Time": 813.822,"Actual Rows": 109389,"Actual Loops": 3,"Inner Unique": false,"Workers": [],"Plans": [{"Node Type": "Nested Loop","Parent Relationship": "Outer","Parallel Aware": false,"Async Capable": false,"Join Type": "Inner","Startup Cost": 0.42,"Total Cost": 24846.16,"Plan Rows": 20202,"Plan Width": 18,"Actual Startup Time": 0.151,"Actual Total Time": 119.110,"Actual Rows": 14613,"Actual Loops": 3,"Inner Unique": false,"Workers": [],"Plans": [{"Node Type": "Seq Scan","Parent Relationship": "Outer","Parallel Aware": true,"Async Capable": false,"Relation Name": "part","Alias": "part","Startup Cost": 0.00,"Total Cost": 5138.67,"Plan Rows": 5051,"Plan Width": 4,"Actual Startup Time": 0.060,"Actual Total Time": 51.487,"Actual Rows": 3653,"Actual Loops": 3,"Filter": "((p_name)::text ~~ '%sienna%'::text)","Rows Removed by Filter": 63013,"Workers": []},{"Node Type": "Index Scan","Parent Relationship": "Inner","Parallel Aware": false,"Async Capable": false,"Scan Direction": "Forward","Index Name": "idx_partsupp_partkey","Relation Name": "partsupp","Alias": "partsupp","Startup Cost": 0.42,"Total Cost": 3.86,"Plan Rows": 4,"Plan Width": 14,"Actual Startup Time": 0.014,"Actual Total Time": 0.018,"Actual Rows": 4,"Actual Loops": 10960,"Index Cond": "(ps_partkey = part.p_partkey)","Rows Removed by Index Recheck": 0,"Workers": []}]},{"Node Type": "Index Scan","Parent Relationship": "Inner","Parallel Aware": false,"Async Capable": false,"Scan Direction": "Forward","Index Name": "idx_lineitem_part_supp","Relation Name": "lineitem","Alias": "lineitem","Startup Cost": 0.43,"Total Cost": 1.05,"Plan Rows": 1,"Plan Width": 29,"Actual Startup Time": 0.007,"Actual Total Time": 0.046,"Actual Rows": 7,"Actual Loops": 43840,"Index Cond": "((l_partkey = partsupp.ps_partkey) AND (l_suppkey = partsupp.ps_suppkey))","Rows Removed by Index Recheck": 0,"Workers": []}]},{"Node Type": "Index Scan","Parent Relationship": "Inner","Parallel Aware": false,"Async Capable": false,"Scan Direction": "Forward","Index Name": "supplier_pkey","Relation Name": "supplier","Alias": "supplier","Startup Cost": 0.29,"Total Cost": 0.30,"Plan Rows": 1,"Plan Width": 8,"Actual Startup Time": 0.001,"Actual Total Time": 0.001,"Actual Rows": 1,"Actual Loops": 328167,"Index Cond": "(s_suppkey = lineitem.l_suppkey)","Rows Removed by Index Recheck": 0,"Workers": []}]},{"Node Type": "Index Scan","Parent Relationship": "Inner","Parallel Aware": false,"Async Capable": false,"Scan Direction": "Forward","Index Name": "orders_pkey","Relation Name": "orders","Alias": "orders","Startup Cost": 0.43,"Total Cost": 0.47,"Plan Rows": 1,"Plan Width": 8,"Actual Startup Time": 0.010,"Actual Total Time": 0.010,"Actual Rows": 1,"Actual Loops": 328167,"Index Cond": "(o_orderkey = lineitem.l_orderkey)","Rows Removed by Index Recheck": 0,"Workers": []}]},{"Node Type": "Hash","Parent Relationship": "Inner","Parallel Aware": false,"Async Capable": false,"Startup Cost": 1.25,"Total Cost": 1.25,"Plan Rows": 25,"Plan Width": 108,"Actual Startup Time": 0.071,"Actual Total Time": 0.091,"Actual Rows": 25,"Actual Loops": 3,"Hash Buckets": 1024,"Original Hash Buckets": 1024,"Hash Batches": 1,"Original Hash Batches": 1,"Peak Memory Usage": 10,"Workers": [],"Plans": [{"Node Type": "Seq Scan","Parent Relationship": "Outer","Parallel Aware": false,"Async Capable": false,"Relation Name": "nation","Alias": "nation","Startup Cost": 0.00,"Total Cost": 1.25,"Plan Rows": 25,"Plan Width": 108,"Actual Startup Time": 0.047,"Actual Total Time": 0.063,"Actual Rows": 25,"Actual Loops": 3,"Workers": []}]}]}]}]}]}]},"Planning Time": 12.717,"Triggers": [],"Execution Time": 2624.148}]
[{"Plan": {"Node Type": "Aggregate","Strategy": "Sorted","Partial Mode": "Finalize","Parallel Aware": false,"Async Capable": false,"Startup Cost": 46348.90,"Total Cost": 46374.41,"Plan Rows": 170,"Plan Width": 168,"Actual Startup Time": 1750.907,"Actual Total Time": 1855.023,"Actual Rows": 175,"Actual Loops": 1,"Group Key": ["nation.n_name", "(EXTRACT(year FROM orders.o_orderdate))"],"Plans": [{"Node Type": "Gather Merge","Parent Relationship": "Outer","Parallel Aware": false,"Async Capable": false,"Startup Cost": 46348.90,"Total Cost": 46370.21,"Plan Rows": 165,"Plan Width": 168,"Actual Startup Time": 1749.012,"Actual Total Time": 1854.505,"Actual Rows": 700,"Actual Loops": 1,"Workers Planned": 3,"Workers Launched": 3,"Plans": [{"Node Type": "Aggregate","Strategy": "Sorted","Partial Mode": "Partial","Parent Relationship": "Outer","Parallel Aware": false,"Async Capable": false,"Startup Cost": 45348.86,"Total Cost": 45350.79,"Plan Rows": 55,"Plan Width": 168,"Actual Startup Time": 1664.618,"Actual Total Time": 1759.222,"Actual Rows": 175,"Actual Loops": 4,"Group Key": ["nation.n_name", "(EXTRACT(year FROM orders.o_orderdate))"],"Workers": [],"Plans": [{"Node Type": "Sort","Parent Relationship": "Outer","Parallel Aware": false,"Async Capable": false,"Startup Cost": 45348.86,"Total Cost": 45349.00,"Plan Rows": 55,"Plan Width": 159,"Actual Startup Time": 1664.224,"Actual Total Time": 1696.542,"Actual Rows": 82796,"Actual Loops": 4,"Sort Key": ["nation.n_name", "(EXTRACT(year FROM orders.o_orderdate)) DESC"],"Sort Method": "quicksort","Sort Space Used": 11192,"Sort Space Type": "Memory","Workers": [{"Worker Number": 0,"Sort Method": "quicksort","Sort Space Used": 11411,"Sort Space Type": "Memory"},{"Worker Number": 1,"Sort Method": "quicksort","Sort Space Used": 11117,"Sort Space Type": "Memory"},{"Worker Number": 2,"Sort Method": "quicksort","Sort Space Used": 11548,"Sort Space Type": "Memory"}],"Plans": [{"Node Type": "Hash Join","Parent Relationship": "Outer","Parallel Aware": false,"Async Capable": false,"Join Type": "Inner","Startup Cost": 5215.02,"Total Cost": 45347.27,"Plan Rows": 55,"Plan Width": 159,"Actual Startup Time": 22.142,"Actual Total Time": 1561.411,"Actual Rows": 82796,"Actual Loops": 4,"Inner Unique": true,"Hash Cond": "(supplier.s_nationkey = nation.n_nationkey)","Workers": [],"Plans": [{"Node Type": "Nested Loop","Parent Relationship": "Outer","Parallel Aware": false,"Async Capable": false,"Join Type": "Inner","Startup Cost": 5213.46,"Total Cost": 45345.40,"Plan Rows": 55,"Plan Width": 31,"Actual Startup Time": 21.917,"Actual Total Time": 1537.278,"Actual Rows": 82796,"Actual Loops": 4,"Inner Unique": true,"Workers": [],"Plans": [{"Node Type": "Nested Loop","Parent Relationship": "Outer","Parallel Aware": false,"Async Capable": false,"Join Type": "Inner","Startup Cost": 5213.03,"Total Cost": 45319.82,"Plan Rows": 55,"Plan Width": 31,"Actual Startup Time": 21.852,"Actual Total Time": 791.105,"Actual Rows": 82796,"Actual Loops": 4,"Inner Unique": true,"Workers": [],"Plans": [{"Node Type": "Nested Loop","Parent Relationship": "Outer","Parallel Aware": false,"Async Capable": false,"Join Type": "Inner","Startup Cost": 5212.75,"Total Cost": 45303.17,"Plan Rows": 55,"Plan Width": 35,"Actual Startup Time": 21.805,"Actual Total Time": 652.381,"Actual Rows": 82796,"Actual Loops": 4,"Inner Unique": false,"Workers": [],"Plans": [{"Node Type": "Hash Join","Parent Relationship": "Outer","Parallel Aware": true,"Async Capable": false,"Join Type": "Inner","Startup Cost": 5212.32,"Total Cost": 25921.39,"Plan Rows": 18247,"Plan Width": 18,"Actual Startup Time": 21.736,"Actual Total Time": 188.254,"Actual Rows": 11007,"Actual Loops": 4,"Inner Unique": true,"Hash Cond": "(partsupp.ps_partkey = part.p_partkey)","Workers": [],"Plans": [{"Node Type": "Seq Scan","Parent Relationship": "Outer","Parallel Aware": true,"Async Capable": false,"Relation Name": "partsupp","Alias": "partsupp","Startup Cost": 0.00,"Total Cost": 20031.65,"Plan Rows": 258065,"Plan Width": 14,"Actual Startup Time": 0.015,"Actual Total Time": 42.654,"Actual Rows": 200000,"Actual Loops": 4,"Workers": []},{"Node Type": "Hash","Parent Relationship": "Inner","Parallel Aware": true,"Async Capable": false,"Startup Cost": 5138.67,"Total Cost": 5138.67,"Plan Rows": 5892,"Plan Width": 4,"Actual Startup Time": 21.539,"Actual Total Time": 21.550,"Actual Rows": 2752,"Actual Loops": 4,"Hash Buckets": 16384,"Original Hash Buckets": 16384,"Hash Batches": 1,"Original Hash Batches": 1,"Peak Memory Usage": 608,"Workers": [],"Plans": [{"Node Type": "Seq Scan","Parent Relationship": "Outer","Parallel Aware": true,"Async Capable": false,"Relation Name": "part","Alias": "part","Startup Cost": 0.00,"Total Cost": 5138.67,"Plan Rows": 5892,"Plan Width": 4,"Actual Startup Time": 0.060,"Actual Total Time": 20.080,"Actual Rows": 2752,"Actual Loops": 4,"Filter": "((p_name)::text ~~ '%orange%'::text)","Rows Removed by Filter": 47248,"Workers": []}]}]},{"Node Type": "Index Scan","Parent Relationship": "Inner","Parallel Aware": false,"Async Capable": false,"Scan Direction": "Forward","Index Name": "idx_lineitem_part_supp","Relation Name": "lineitem","Alias": "lineitem","Startup Cost": 0.43,"Total Cost": 1.05,"Plan Rows": 1,"Plan Width": 29,"Actual Startup Time": 0.006,"Actual Total Time": 0.041,"Actual Rows": 8,"Actual Loops": 44028,"Index Cond": "((l_partkey = partsupp.ps_partkey) AND (l_suppkey = partsupp.ps_suppkey))","Rows Removed by Index Recheck": 0,"Workers": []}]},{"Node Type": "Index Scan","Parent Relationship": "Inner","Parallel Aware": false,"Async Capable": false,"Scan Direction": "Forward","Index Name": "supplier_pkey","Relation Name": "supplier","Alias": "supplier","Startup Cost": 0.29,"Total Cost": 0.30,"Plan Rows": 1,"Plan Width": 8,"Actual Startup Time": 0.001,"Actual Total Time": 0.001,"Actual Rows": 1,"Actual Loops": 331186,"Index Cond": "(s_suppkey = lineitem.l_suppkey)","Rows Removed by Index Recheck": 0,"Workers": []}]},{"Node Type": "Index Scan","Parent Relationship": "Inner","Parallel Aware": false,"Async Capable": false,"Scan Direction": "Forward","Index Name": "orders_pkey","Relation Name": "orders","Alias": "orders","Startup Cost": 0.43,"Total Cost": 0.47,"Plan Rows": 1,"Plan Width": 8,"Actual Startup Time": 0.009,"Actual Total Time": 0.009,"Actual Rows": 1,"Actual Loops": 331186,"Index Cond": "(o_orderkey = lineitem.l_orderkey)","Rows Removed by Index Recheck": 0,"Workers": []}]},{"Node Type": "Hash","Parent Relationship": "Inner","Parallel Aware": false,"Async Capable": false,"Startup Cost": 1.25,"Total Cost": 1.25,"Plan Rows": 25,"Plan Width": 108,"Actual Startup Time": 0.103,"Actual Total Time": 0.109,"Actual Rows": 25,"Actual Loops": 4,"Hash Buckets": 1024,"Original Hash Buckets": 1024,"Hash Batches": 1,"Original Hash Batches": 1,"Peak Memory Usage": 10,"Workers": [],"Plans": [{"Node Type": "Seq Scan","Parent Relationship": "Outer","Parallel Aware": false,"Async Capable": false,"Relation Name": "nation","Alias": "nation","Startup Cost": 0.00,"Total Cost": 1.25,"Plan Rows": 25,"Plan Width": 108,"Actual Startup Time": 0.073,"Actual Total Time": 0.079,"Actual Rows": 25,"Actual Loops": 4,"Workers": []}]}]}]}]}]}]},"Planning Time": 12.134,"Triggers": [],"Execution Time": 1857.581}]
[{"Plan": {"Node Type": "Aggregate","Strategy": "Sorted","Partial Mode": "Finalize","Parallel Aware": false,"Async Capable": false,"Startup Cost": 47355.08,"Total Cost": 47374.71,"Plan Rows": 146,"Plan Width": 168,"Actual Startup Time": 2504.241,"Actual Total Time": 2642.335,"Actual Rows": 175,"Actual Loops": 1,"Group Key": ["nation.n_name", "(EXTRACT(year FROM orders.o_orderdate))"],"Plans": [{"Node Type": "Gather Merge","Parent Relationship": "Outer","Parallel Aware": false,"Async Capable": false,"Startup Cost": 47355.08,"Total Cost": 47371.30,"Plan Rows": 122,"Plan Width": 168,"Actual Startup Time": 2502.506,"Actual Total Time": 2641.857,"Actual Rows": 525,"Actual Loops": 1,"Workers Planned": 2,"Workers Launched": 2,"Plans": [{"Node Type": "Aggregate","Strategy": "Sorted","Partial Mode": "Partial","Parent Relationship": "Outer","Parallel Aware": false,"Async Capable": false,"Startup Cost": 46355.06,"Total Cost": 46357.20,"Plan Rows": 61,"Plan Width": 168,"Actual Startup Time": 2344.670,"Actual Total Time": 2498.493,"Actual Rows": 175,"Actual Loops": 3,"Group Key": ["nation.n_name", "(EXTRACT(year FROM orders.o_orderdate))"],"Workers": [],"Plans": [{"Node Type": "Sort","Parent Relationship": "Outer","Parallel Aware": false,"Async Capable": false,"Startup Cost": 46355.06,"Total Cost": 46355.21,"Plan Rows": 61,"Plan Width": 159,"Actual Startup Time": 2344.013,"Actual Total Time": 2402.913,"Actual Rows": 108480,"Actual Loops": 3,"Sort Key": ["nation.n_name", "(EXTRACT(year FROM orders.o_orderdate)) DESC"],"Sort Method": "quicksort","Sort Space Used": 13732,"Sort Space Type": "Memory","Workers": [{"Worker Number": 0,"Sort Method": "quicksort","Sort Space Used": 13598,"Sort Space Type": "Memory"},{"Worker Number": 1,"Sort Method": "quicksort","Sort Space Used": 14292,"Sort Space Type": "Memory"}],"Plans": [{"Node Type": "Hash Join","Parent Relationship": "Outer","Parallel Aware": false,"Async Capable": false,"Join Type": "Inner","Startup Cost": 3.13,"Total Cost": 46353.25,"Plan Rows": 61,"Plan Width": 159,"Actual Startup Time": 0.691,"Actual Total Time": 2191.960,"Actual Rows": 108480,"Actual Loops": 3,"Inner Unique": true,"Hash Cond": "(supplier.s_nationkey = nation.n_nationkey)","Workers": [],"Plans": [{"Node Type": "Nested Loop","Parent Relationship": "Outer","Parallel Aware": false,"Async Capable": false,"Join Type": "Inner","Startup Cost": 1.57,"Total Cost": 46351.35,"Plan Rows": 61,"Plan Width": 31,"Actual Startup Time": 0.511,"Actual Total Time": 2159.831,"Actual Rows": 108480,"Actual Loops": 3,"Inner Unique": true,"Workers": [],"Plans": [{"Node Type": "Nested Loop","Parent Relationship": "Outer","Parallel Aware": false,"Async Capable": false,"Join Type": "Inner","Startup Cost": 1.14,"Total Cost": 46322.98,"Plan Rows": 61,"Plan Width": 31,"Actual Startup Time": 0.381,"Actual Total Time": 1010.906,"Actual Rows": 108480,"Actual Loops": 3,"Inner Unique": true,"Workers": [],"Plans": [{"Node Type": "Nested Loop","Parent Relationship": "Outer","Parallel Aware": false,"Async Capable": false,"Join Type": "Inner","Startup Cost": 0.86,"Total Cost": 46304.52,"Plan Rows": 61,"Plan Width": 35,"Actual Startup Time": 0.285,"Actual Total Time": 825.109,"Actual Rows": 108480,"Actual Loops": 3,"Inner Unique": false,"Workers": [],"Plans": [{"Node Type": "Nested Loop","Parent Relationship": "Outer","Parallel Aware": false,"Async Capable": false,"Join Type": "Inner","Startup Cost": 0.42,"Total Cost": 24846.16,"Plan Rows": 20202,"Plan Width": 18,"Actual Startup Time": 0.180,"Actual Total Time": 116.007,"Actual Rows": 14429,"Actual Loops": 3,"Inner Unique": false,"Workers": [],"Plans": [{"Node Type": "Seq Scan","Parent Relationship": "Outer","Parallel Aware": true,"Async Capable": false,"Relation Name": "part","Alias": "part","Startup Cost": 0.00,"Total Cost": 5138.67,"Plan Rows": 5051,"Plan Width": 4,"Actual Startup Time": 0.052,"Actual Total Time": 50.227,"Actual Rows": 3607,"Actual Loops": 3,"Filter": "((p_name)::text ~~ '%sky%'::text)","Rows Removed by Filter": 63059,"Workers": []},{"Node Type": "Index Scan","Parent Relationship": "Inner","Parallel Aware": false,"Async Capable": false,"Scan Direction": "Forward","Index Name": "idx_partsupp_partkey","Relation Name": "partsupp","Alias": "partsupp","Startup Cost": 0.42,"Total Cost": 3.86,"Plan Rows": 4,"Plan Width": 14,"Actual Startup Time": 0.014,"Actual Total Time": 0.017,"Actual Rows": 4,"Actual Loops": 10822,"Index Cond": "(ps_partkey = part.p_partkey)","Rows Removed by Index Recheck": 0,"Workers": []}]},{"Node Type": "Index Scan","Parent Relationship": "Inner","Parallel Aware": false,"Async Capable": false,"Scan Direction": "Forward","Index Name": "idx_lineitem_part_supp","Relation Name": "lineitem","Alias": "lineitem","Startup Cost": 0.43,"Total Cost": 1.05,"Plan Rows": 1,"Plan Width": 29,"Actual Startup Time": 0.007,"Actual Total Time": 0.047,"Actual Rows": 8,"Actual Loops": 43288,"Index Cond": "((l_partkey = partsupp.ps_partkey) AND (l_suppkey = partsupp.ps_suppkey))","Rows Removed by Index Recheck": 0,"Workers": []}]},{"Node Type": "Index Scan","Parent Relationship": "Inner","Parallel Aware": false,"Async Capable": false,"Scan Direction": "Forward","Index Name": "supplier_pkey","Relation Name": "supplier","Alias": "supplier","Startup Cost": 0.29,"Total Cost": 0.30,"Plan Rows": 1,"Plan Width": 8,"Actual Startup Time": 0.001,"Actual Total Time": 0.001,"Actual Rows": 1,"Actual Loops": 325439,"Index Cond": "(s_suppkey = lineitem.l_suppkey)","Rows Removed by Index Recheck": 0,"Workers": []}]},{"Node Type": "Index Scan","Parent Relationship": "Inner","Parallel Aware": false,"Async Capable": false,"Scan Direction": "Forward","Index Name": "orders_pkey","Relation Name": "orders","Alias": "orders","Startup Cost": 0.43,"Total Cost": 0.47,"Plan Rows": 1,"Plan Width": 8,"Actual Startup Time": 0.010,"Actual Total Time": 0.010,"Actual Rows": 1,"Actual Loops": 325439,"Index Cond": "(o_orderkey = lineitem.l_orderkey)","Rows Removed by Index Recheck": 0,"Workers": []}]},{"Node Type": "Hash","Parent Relationship": "Inner","Parallel Aware": false,"Async Capable": false,"Startup Cost": 1.25,"Total Cost": 1.25,"Plan Rows": 25,"Plan Width": 108,"Actual Startup Time": 0.080,"Actual Total Time": 0.093,"Actual Rows": 25,"Actual Loops": 3,"Hash Buckets": 1024,"Original Hash Buckets": 1024,"Hash Batches": 1,"Original Hash Batches": 1,"Peak Memory Usage": 10,"Workers": [],"Plans": [{"Node Type": "Seq Scan","Parent Relationship": "Outer","Parallel Aware": false,"Async Capable": false,"Relation Name": "nation","Alias": "nation","Startup Cost": 0.00,"Total Cost": 1.25,"Plan Rows": 25,"Plan Width": 108,"Actual Startup Time": 0.053,"Actual Total Time": 0.061,"Actual Rows": 25,"Actual Loops": 3,"Workers": []}]}]}]}]}]}]},"Planning Time": 12.506,"Triggers": [],"Execution Time": 2643.875}]
[{"Plan": {"Node Type": "Aggregate","Strategy": "Sorted","Partial Mode": "Finalize","Parallel Aware": false,"Async Capable": false,"Startup Cost": 41381.04,"Total Cost": 41397.45,"Plan Rows": 122,"Plan Width": 168,"Actual Startup Time": 2431.177,"Actual Total Time": 2560.188,"Actual Rows": 175,"Actual Loops": 1,"Group Key": ["nation.n_name", "(EXTRACT(year FROM orders.o_orderdate))"],"Plans": [{"Node Type": "Gather Merge","Parent Relationship": "Outer","Parallel Aware": false,"Async Capable": false,"Startup Cost": 41381.04,"Total Cost": 41394.60,"Plan Rows": 102,"Plan Width": 168,"Actual Startup Time": 2429.302,"Actual Total Time": 2559.805,"Actual Rows": 525,"Actual Loops": 1,"Workers Planned": 2,"Workers Launched": 2,"Plans": [{"Node Type": "Aggregate","Strategy": "Sorted","Partial Mode": "Partial","Parent Relationship": "Outer","Parallel Aware": false,"Async Capable": false,"Startup Cost": 40381.01,"Total Cost": 40382.80,"Plan Rows": 51,"Plan Width": 168,"Actual Startup Time": 2327.238,"Actual Total Time": 2438.083,"Actual Rows": 175,"Actual Loops": 3,"Group Key": ["nation.n_name", "(EXTRACT(year FROM orders.o_orderdate))"],"Workers": [],"Plans": [{"Node Type": "Sort","Parent Relationship": "Outer","Parallel Aware": false,"Async Capable": false,"Startup Cost": 40381.01,"Total Cost": 40381.14,"Plan Rows": 51,"Plan Width": 159,"Actual Startup Time": 2326.616,"Actual Total Time": 2360.128,"Actual Rows": 110167,"Actual Loops": 3,"Sort Key": ["nation.n_name", "(EXTRACT(year FROM orders.o_orderdate)) DESC"],"Sort Method": "quicksort","Sort Space Used": 13685,"Sort Space Type": "Memory","Workers": [{"Worker Number": 0,"Sort Method": "quicksort","Sort Space Used": 14027,"Sort Space Type": "Memory"},{"Worker Number": 1,"Sort Method": "quicksort","Sort Space Used": 14415,"Sort Space Type": "Memory"}],"Plans": [{"Node Type": "Hash Join","Parent Relationship": "Outer","Parallel Aware": false,"Async Capable": false,"Join Type": "Inner","Startup Cost": 3.13,"Total Cost": 40379.57,"Plan Rows": 51,"Plan Width": 159,"Actual Startup Time": 0.774,"Actual Total Time": 2175.154,"Actual Rows": 110167,"Actual Loops": 3,"Inner Unique": true,"Hash Cond": "(supplier.s_nationkey = nation.n_nationkey)","Workers": [],"Plans": [{"Node Type": "Nested Loop","Parent Relationship": "Outer","Parallel Aware": false,"Async Capable": false,"Join Type": "Inner","Startup Cost": 1.57,"Total Cost": 40377.72,"Plan Rows": 51,"Plan Width": 31,"Actual Startup Time": 0.582,"Actual Total Time": 2143.575,"Actual Rows": 110167,"Actual Loops": 3,"Inner Unique": true,"Workers": [],"Plans": [{"Node Type": "Nested Loop","Parent Relationship": "Outer","Parallel Aware": false,"Async Capable": false,"Join Type": "Inner","Startup Cost": 1.14,"Total Cost": 40354.00,"Plan Rows": 51,"Plan Width": 31,"Actual Startup Time": 0.451,"Actual Total Time": 989.410,"Actual Rows": 110167,"Actual Loops": 3,"Inner Unique": true,"Workers": [],"Plans": [{"Node Type": "Nested Loop","Parent Relationship": "Outer","Parallel Aware": false,"Async Capable": false,"Join Type": "Inner","Startup Cost": 0.86,"Total Cost": 40338.56,"Plan Rows": 51,"Plan Width": 35,"Actual Startup Time": 0.342,"Actual Total Time": 803.216,"Actual Rows": 110167,"Actual Loops": 3,"Inner Unique": false,"Workers": [],"Plans": [{"Node Type": "Nested Loop","Parent Relationship": "Outer","Parallel Aware": false,"Async Capable": false,"Join Type": "Inner","Startup Cost": 0.42,"Total Cost": 22456.59,"Plan Rows": 16835,"Plan Width": 18,"Actual Startup Time": 0.214,"Actual Total Time": 117.164,"Actual Rows": 14685,"Actual Loops": 3,"Inner Unique": false,"Workers": [],"Plans": [{"Node Type": "Seq Scan","Parent Relationship": "Outer","Parallel Aware": true,"Async Capable": false,"Relation Name": "part","Alias": "part","Startup Cost": 0.00,"Total Cost": 5138.67,"Plan Rows": 4209,"Plan Width": 4,"Actual Startup Time": 0.077,"Actual Total Time": 49.700,"Actual Rows": 3671,"Actual Loops": 3,"Filter": "((p_name)::text ~~ '%turquoise%'::text)","Rows Removed by Filter": 62995,"Workers": []},{"Node Type": "Index Scan","Parent Relationship": "Inner","Parallel Aware": false,"Async Capable": false,"Scan Direction": "Forward","Index Name": "idx_partsupp_partkey","Relation Name": "partsupp","Alias": "partsupp","Startup Cost": 0.42,"Total Cost": 4.07,"Plan Rows": 4,"Plan Width": 14,"Actual Startup Time": 0.014,"Actual Total Time": 0.018,"Actual Rows": 4,"Actual Loops": 11014,"Index Cond": "(ps_partkey = part.p_partkey)","Rows Removed by Index Recheck": 0,"Workers": []}]},{"Node Type": "Index Scan","Parent Relationship": "Inner","Parallel Aware": false,"Async Capable": false,"Scan Direction": "Forward","Index Name": "idx_lineitem_part_supp","Relation Name": "lineitem","Alias": "lineitem","Startup Cost": 0.43,"Total Cost": 1.05,"Plan Rows": 1,"Plan Width": 29,"Actual Startup Time": 0.007,"Actual Total Time": 0.045,"Actual Rows": 8,"Actual Loops": 44056,"Index Cond": "((l_partkey = partsupp.ps_partkey) AND (l_suppkey = partsupp.ps_suppkey))","Rows Removed by Index Recheck": 0,"Workers": []}]},{"Node Type": "Index Scan","Parent Relationship": "Inner","Parallel Aware": false,"Async Capable": false,"Scan Direction": "Forward","Index Name": "supplier_pkey","Relation Name": "supplier","Alias": "supplier","Startup Cost": 0.29,"Total Cost": 0.30,"Plan Rows": 1,"Plan Width": 8,"Actual Startup Time": 0.001,"Actual Total Time": 0.001,"Actual Rows": 1,"Actual Loops": 330501,"Index Cond": "(s_suppkey = lineitem.l_suppkey)","Rows Removed by Index Recheck": 0,"Workers": []}]},{"Node Type": "Index Scan","Parent Relationship": "Inner","Parallel Aware": false,"Async Capable": false,"Scan Direction": "Forward","Index Name": "orders_pkey","Relation Name": "orders","Alias": "orders","Startup Cost": 0.43,"Total Cost": 0.47,"Plan Rows": 1,"Plan Width": 8,"Actual Startup Time": 0.010,"Actual Total Time": 0.010,"Actual Rows": 1,"Actual Loops": 330501,"Index Cond": "(o_orderkey = lineitem.l_orderkey)","Rows Removed by Index Recheck": 0,"Workers": []}]},{"Node Type": "Hash","Parent Relationship": "Inner","Parallel Aware": false,"Async Capable": false,"Startup Cost": 1.25,"Total Cost": 1.25,"Plan Rows": 25,"Plan Width": 108,"Actual Startup Time": 0.077,"Actual Total Time": 0.095,"Actual Rows": 25,"Actual Loops": 3,"Hash Buckets": 1024,"Original Hash Buckets": 1024,"Hash Batches": 1,"Original Hash Batches": 1,"Peak Memory Usage": 10,"Workers": [],"Plans": [{"Node Type": "Seq Scan","Parent Relationship": "Outer","Parallel Aware": false,"Async Capable": false,"Relation Name": "nation","Alias": "nation","Startup Cost": 0.00,"Total Cost": 1.25,"Plan Rows": 25,"Plan Width": 108,"Actual Startup Time": 0.049,"Actual Total Time": 0.063,"Actual Rows": 25,"Actual Loops": 3,"Workers": []}]}]}]}]}]}]},"Planning Time": 11.933,"Triggers": [],"Execution Time": 2562.804}]
[{"Plan": {"Node Type": "Aggregate","Strategy": "Sorted","Partial Mode": "Finalize","Parallel Aware": false,"Async Capable": false,"Startup Cost": 47355.08,"Total Cost": 47374.71,"Plan Rows": 146,"Plan Width": 168,"Actual Startup Time": 2443.124,"Actual Total Time": 2567.006,"Actual Rows": 175,"Actual Loops": 1,"Group Key": ["nation.n_name", "(EXTRACT(year FROM orders.o_orderdate))"],"Plans": [{"Node Type": "Gather Merge","Parent Relationship": "Outer","Parallel Aware": false,"Async Capable": false,"Startup Cost": 47355.08,"Total Cost": 47371.30,"Plan Rows": 122,"Plan Width": 168,"Actual Startup Time": 2441.228,"Actual Total Time": 2566.482,"Actual Rows": 525,"Actual Loops": 1,"Workers Planned": 2,"Workers Launched": 2,"Plans": [{"Node Type": "Aggregate","Strategy": "Sorted","Partial Mode": "Partial","Parent Relationship": "Outer","Parallel Aware": false,"Async Capable": false,"Startup Cost": 46355.06,"Total Cost": 46357.20,"Plan Rows": 61,"Plan Width": 168,"Actual Startup Time": 2336.095,"Actual Total Time": 2466.062,"Actual Rows": 175,"Actual Loops": 3,"Group Key": ["nation.n_name", "(EXTRACT(year FROM orders.o_orderdate))"],"Workers": [],"Plans": [{"Node Type": "Sort","Parent Relationship": "Outer","Parallel Aware": false,"Async Capable": false,"Startup Cost": 46355.06,"Total Cost": 46355.21,"Plan Rows": 61,"Plan Width": 159,"Actual Startup Time": 2335.334,"Actual Total Time": 2379.750,"Actual Rows": 108571,"Actual Loops": 3,"Sort Key": ["nation.n_name", "(EXTRACT(year FROM orders.o_orderdate)) DESC"],"Sort Method": "quicksort","Sort Space Used": 13745,"Sort Space Type": "Memory","Workers": [{"Worker Number": 0,"Sort Method": "quicksort","Sort Space Used": 13992,"Sort Space Type": "Memory"},{"Worker Number": 1,"Sort Method": "quicksort","Sort Space Used": 13911,"Sort Space Type": "Memory"}],"Plans": [{"Node Type": "Hash Join","Parent Relationship": "Outer","Parallel Aware": false,"Async Capable": false,"Join Type": "Inner","Startup Cost": 3.13,"Total Cost": 46353.25,"Plan Rows": 61,"Plan Width": 159,"Actual Startup Time": 0.583,"Actual Total Time": 2178.457,"Actual Rows": 108571,"Actual Loops": 3,"Inner Unique": true,"Hash Cond": "(supplier.s_nationkey = nation.n_nationkey)","Workers": [],"Plans": [{"Node Type": "Nested Loop","Parent Relationship": "Outer","Parallel Aware": false,"Async Capable": false,"Join Type": "Inner","Startup Cost": 1.57,"Total Cost": 46351.35,"Plan Rows": 61,"Plan Width": 31,"Actual Startup Time": 0.425,"Actual Total Time": 2146.635,"Actual Rows": 108571,"Actual Loops": 3,"Inner Unique": true,"Workers": [],"Plans": [{"Node Type": "Nested Loop","Parent Relationship": "Outer","Parallel Aware": false,"Async Capable": false,"Join Type": "Inner","Startup Cost": 1.14,"Total Cost": 46322.98,"Plan Rows": 61,"Plan Width": 31,"Actual Startup Time": 0.334,"Actual Total Time": 993.434,"Actual Rows": 108571,"Actual Loops": 3,"Inner Unique": true,"Workers": [],"Plans": [{"Node Type": "Nested Loop","Parent Relationship": "Outer","Parallel Aware": false,"Async Capable": false,"Join Type": "Inner","Startup Cost": 0.86,"Total Cost": 46304.52,"Plan Rows": 61,"Plan Width": 35,"Actual Startup Time": 0.258,"Actual Total Time": 808.058,"Actual Rows": 108571,"Actual Loops": 3,"Inner Unique": false,"Workers": [],"Plans": [{"Node Type": "Nested Loop","Parent Relationship": "Outer","Parallel Aware": false,"Async Capable": false,"Join Type": "Inner","Startup Cost": 0.42,"Total Cost": 24846.16,"Plan Rows": 20202,"Plan Width": 18,"Actual Startup Time": 0.160,"Actual Total Time": 118.628,"Actual Rows": 14495,"Actual Loops": 3,"Inner Unique": false,"Workers": [],"Plans": [{"Node Type": "Seq Scan","Parent Relationship": "Outer","Parallel Aware": true,"Async Capable": false,"Relation Name": "part","Alias": "part","Startup Cost": 0.00,"Total Cost": 5138.67,"Plan Rows": 5051,"Plan Width": 4,"Actual Startup Time": 0.041,"Actual Total Time": 50.514,"Actual Rows": 3624,"Actual Loops": 3,"Filter": "((p_name)::text ~~ '%blue%'::text)","Rows Removed by Filter": 63043,"Workers": []},{"Node Type": "Index Scan","Parent Relationship": "Inner","Parallel Aware": false,"Async Capable": false,"Scan Direction": "Forward","Index Name": "idx_partsupp_partkey","Relation Name": "partsupp","Alias": "partsupp","Startup Cost": 0.42,"Total Cost": 3.86,"Plan Rows": 4,"Plan Width": 14,"Actual Startup Time": 0.014,"Actual Total Time": 0.018,"Actual Rows": 4,"Actual Loops": 10871,"Index Cond": "(ps_partkey = part.p_partkey)","Rows Removed by Index Recheck": 0,"Workers": []}]},{"Node Type": "Index Scan","Parent Relationship": "Inner","Parallel Aware": false,"Async Capable": false,"Scan Direction": "Forward","Index Name": "idx_lineitem_part_supp","Relation Name": "lineitem","Alias": "lineitem","Startup Cost": 0.43,"Total Cost": 1.05,"Plan Rows": 1,"Plan Width": 29,"Actual Startup Time": 0.007,"Actual Total Time": 0.046,"Actual Rows": 7,"Actual Loops": 43484,"Index Cond": "((l_partkey = partsupp.ps_partkey) AND (l_suppkey = partsupp.ps_suppkey))","Rows Removed by Index Recheck": 0,"Workers": []}]},{"Node Type": "Index Scan","Parent Relationship": "Inner","Parallel Aware": false,"Async Capable": false,"Scan Direction": "Forward","Index Name": "supplier_pkey","Relation Name": "supplier","Alias": "supplier","Startup Cost": 0.29,"Total Cost": 0.30,"Plan Rows": 1,"Plan Width": 8,"Actual Startup Time": 0.001,"Actual Total Time": 0.001,"Actual Rows": 1,"Actual Loops": 325714,"Index Cond": "(s_suppkey = lineitem.l_suppkey)","Rows Removed by Index Recheck": 0,"Workers": []}]},{"Node Type": "Index Scan","Parent Relationship": "Inner","Parallel Aware": false,"Async Capable": false,"Scan Direction": "Forward","Index Name": "orders_pkey","Relation Name": "orders","Alias": "orders","Startup Cost": 0.43,"Total Cost": 0.47,"Plan Rows": 1,"Plan Width": 8,"Actual Startup Time": 0.010,"Actual Total Time": 0.010,"Actual Rows": 1,"Actual Loops": 325714,"Index Cond": "(o_orderkey = lineitem.l_orderkey)","Rows Removed by Index Recheck": 0,"Workers": []}]},{"Node Type": "Hash","Parent Relationship": "Inner","Parallel Aware": false,"Async Capable": false,"Startup Cost": 1.25,"Total Cost": 1.25,"Plan Rows": 25,"Plan Width": 108,"Actual Startup Time": 0.081,"Actual Total Time": 0.113,"Actual Rows": 25,"Actual Loops": 3,"Hash Buckets": 1024,"Original Hash Buckets": 1024,"Hash Batches": 1,"Original Hash Batches": 1,"Peak Memory Usage": 10,"Workers": [],"Plans": [{"Node Type": "Seq Scan","Parent Relationship": "Outer","Parallel Aware": false,"Async Capable": false,"Relation Name": "nation","Alias": "nation","Startup Cost": 0.00,"Total Cost": 1.25,"Plan Rows": 25,"Plan Width": 108,"Actual Startup Time": 0.057,"Actual Total Time": 0.083,"Actual Rows": 25,"Actual Loops": 3,"Workers": []}]}]}]}]}]}]},"Planning Time": 11.752,"Triggers": [],"Execution Time": 2568.537}]
[{"Plan": {"Node Type": "Aggregate","Strategy": "Sorted","Partial Mode": "Finalize","Parallel Aware": false,"Async Capable": false,"Startup Cost": 47355.08,"Total Cost": 47374.71,"Plan Rows": 146,"Plan Width": 168,"Actual Startup Time": 2445.844,"Actual Total Time": 2574.849,"Actual Rows": 175,"Actual Loops": 1,"Group Key": ["nation.n_name", "(EXTRACT(year FROM orders.o_orderdate))"],"Plans": [{"Node Type": "Gather Merge","Parent Relationship": "Outer","Parallel Aware": false,"Async Capable": false,"Startup Cost": 47355.08,"Total Cost": 47371.30,"Plan Rows": 122,"Plan Width": 168,"Actual Startup Time": 2444.252,"Actual Total Time": 2574.439,"Actual Rows": 525,"Actual Loops": 1,"Workers Planned": 2,"Workers Launched": 2,"Plans": [{"Node Type": "Aggregate","Strategy": "Sorted","Partial Mode": "Partial","Parent Relationship": "Outer","Parallel Aware": false,"Async Capable": false,"Startup Cost": 46355.06,"Total Cost": 46357.20,"Plan Rows": 61,"Plan Width": 168,"Actual Startup Time": 2336.398,"Actual Total Time": 2469.030,"Actual Rows": 175,"Actual Loops": 3,"Group Key": ["nation.n_name", "(EXTRACT(year FROM orders.o_orderdate))"],"Workers": [],"Plans": [{"Node Type": "Sort","Parent Relationship": "Outer","Parallel Aware": false,"Async Capable": false,"Startup Cost": 46355.06,"Total Cost": 46355.21,"Plan Rows": 61,"Plan Width": 159,"Actual Startup Time": 2335.736,"Actual Total Time": 2381.738,"Actual Rows": 108835,"Actual Loops": 3,"Sort Key": ["nation.n_name", "(EXTRACT(year FROM orders.o_orderdate)) DESC"],"Sort Method": "quicksort","Sort Space Used": 14665,"Sort Space Type": "Memory","Workers": [{"Worker Number": 0,"Sort Method": "quicksort","Sort Space Used": 13491,"Sort Space Type": "Memory"},{"Worker Number": 1,"Sort Method": "quicksort","Sort Space Used": 13578,"Sort Space Type": "Memory"}],"Plans": [{"Node Type": "Hash Join","Parent Relationship": "Outer","Parallel Aware": false,"Async Capable": false,"Join Type": "Inner","Startup Cost": 3.13,"Total Cost": 46353.25,"Plan Rows": 61,"Plan Width": 159,"Actual Startup Time": 0.801,"Actual Total Time": 2189.937,"Actual Rows": 108835,"Actual Loops": 3,"Inner Unique": true,"Hash Cond": "(supplier.s_nationkey = nation.n_nationkey)","Workers": [],"Plans": [{"Node Type": "Nested Loop","Parent Relationship": "Outer","Parallel Aware": false,"Async Capable": false,"Join Type": "Inner","Startup Cost": 1.57,"Total Cost": 46351.35,"Plan Rows": 61,"Plan Width": 31,"Actual Startup Time": 0.594,"Actual Total Time": 2158.852,"Actual Rows": 108835,"Actual Loops": 3,"Inner Unique": true,"Workers": [],"Plans": [{"Node Type": "Nested Loop","Parent Relationship": "Outer","Parallel Aware": false,"Async Capable": false,"Join Type": "Inner","Startup Cost": 1.14,"Total Cost": 46322.98,"Plan Rows": 61,"Plan Width": 31,"Actual Startup Time": 0.453,"Actual Total Time": 1007.952,"Actual Rows": 108835,"Actual Loops": 3,"Inner Unique": true,"Workers": [],"Plans": [{"Node Type": "Nested Loop","Parent Relationship": "Outer","Parallel Aware": false,"Async Capable": false,"Join Type": "Inner","Startup Cost": 0.86,"Total Cost": 46304.52,"Plan Rows": 61,"Plan Width": 35,"Actual Startup Time": 0.346,"Actual Total Time": 822.076,"Actual Rows": 108835,"Actual Loops": 3,"Inner Unique": false,"Workers": [],"Plans": [{"Node Type": "Nested Loop","Parent Relationship": "Outer","Parallel Aware": false,"Async Capable": false,"Join Type": "Inner","Startup Cost": 0.42,"Total Cost": 24846.16,"Plan Rows": 20202,"Plan Width": 18,"Actual Startup Time": 0.223,"Actual Total Time": 115.712,"Actual Rows": 14532,"Actual Loops": 3,"Inner Unique": false,"Workers": [],"Plans": [{"Node Type": "Seq Scan","Parent Relationship": "Outer","Parallel Aware": true,"Async Capable": false,"Relation Name": "part","Alias": "part","Startup Cost": 0.00,"Total Cost": 5138.67,"Plan Rows": 5051,"Plan Width": 4,"Actual Startup Time": 0.063,"Actual Total Time": 49.661,"Actual Rows": 3633,"Actual Loops": 3,"Filter": "((p_name)::text ~~ '%dim%'::text)","Rows Removed by Filter": 63034,"Workers": []},{"Node Type": "Index Scan","Parent Relationship": "Inner","Parallel Aware": false,"Async Capable": false,"Scan Direction": "Forward","Index Name": "idx_partsupp_partkey","Relation Name": "partsupp","Alias": "partsupp","Startup Cost": 0.42,"Total Cost": 3.86,"Plan Rows": 4,"Plan Width": 14,"Actual Startup Time": 0.014,"Actual Total Time": 0.017,"Actual Rows": 4,"Actual Loops": 10899,"Index Cond": "(ps_partkey = part.p_partkey)","Rows Removed by Index Recheck": 0,"Workers": []}]},{"Node Type": "Index Scan","Parent Relationship": "Inner","Parallel Aware": false,"Async Capable": false,"Scan Direction": "Forward","Index Name": "idx_lineitem_part_supp","Relation Name": "lineitem","Alias": "lineitem","Startup Cost": 0.43,"Total Cost": 1.05,"Plan Rows": 1,"Plan Width": 29,"Actual Startup Time": 0.007,"Actual Total Time": 0.047,"Actual Rows": 7,"Actual Loops": 43596,"Index Cond": "((l_partkey = partsupp.ps_partkey) AND (l_suppkey = partsupp.ps_suppkey))","Rows Removed by Index Recheck": 0,"Workers": []}]},{"Node Type": "Index Scan","Parent Relationship": "Inner","Parallel Aware": false,"Async Capable": false,"Scan Direction": "Forward","Index Name": "supplier_pkey","Relation Name": "supplier","Alias": "supplier","Startup Cost": 0.29,"Total Cost": 0.30,"Plan Rows": 1,"Plan Width": 8,"Actual Startup Time": 0.001,"Actual Total Time": 0.001,"Actual Rows": 1,"Actual Loops": 326506,"Index Cond": "(s_suppkey = lineitem.l_suppkey)","Rows Removed by Index Recheck": 0,"Workers": []}]},{"Node Type": "Index Scan","Parent Relationship": "Inner","Parallel Aware": false,"Async Capable": false,"Scan Direction": "Forward","Index Name": "orders_pkey","Relation Name": "orders","Alias": "orders","Startup Cost": 0.43,"Total Cost": 0.47,"Plan Rows": 1,"Plan Width": 8,"Actual Startup Time": 0.010,"Actual Total Time": 0.010,"Actual Rows": 1,"Actual Loops": 326506,"Index Cond": "(o_orderkey = lineitem.l_orderkey)","Rows Removed by Index Recheck": 0,"Workers": []}]},{"Node Type": "Hash","Parent Relationship": "Inner","Parallel Aware": false,"Async Capable": false,"Startup Cost": 1.25,"Total Cost": 1.25,"Plan Rows": 25,"Plan Width": 108,"Actual Startup Time": 0.092,"Actual Total Time": 0.102,"Actual Rows": 25,"Actual Loops": 3,"Hash Buckets": 1024,"Original Hash Buckets": 1024,"Hash Batches": 1,"Original Hash Batches": 1,"Peak Memory Usage": 10,"Workers": [],"Plans": [{"Node Type": "Seq Scan","Parent Relationship": "Outer","Parallel Aware": false,"Async Capable": false,"Relation Name": "nation","Alias": "nation","Startup Cost": 0.00,"Total Cost": 1.25,"Plan Rows": 25,"Plan Width": 108,"Actual Startup Time": 0.060,"Actual Total Time": 0.067,"Actual Rows": 25,"Actual Loops": 3,"Workers": []}]}]}]}]}]}]},"Planning Time": 12.111,"Triggers": [],"Execution Time": 2577.900}]
[{"Plan": {"Node Type": "Aggregate","Strategy": "Sorted","Partial Mode": "Finalize","Parallel Aware": false,"Async Capable": false,"Startup Cost": 41381.04,"Total Cost": 41397.45,"Plan Rows": 122,"Plan Width": 168,"Actual Startup Time": 2410.183,"Actual Total Time": 2543.383,"Actual Rows": 175,"Actual Loops": 1,"Group Key": ["nation.n_name", "(EXTRACT(year FROM orders.o_orderdate))"],"Plans": [{"Node Type": "Gather Merge","Parent Relationship": "Outer","Parallel Aware": false,"Async Capable": false,"Startup Cost": 41381.04,"Total Cost": 41394.60,"Plan Rows": 102,"Plan Width": 168,"Actual Startup Time": 2408.637,"Actual Total Time": 2543.001,"Actual Rows": 525,"Actual Loops": 1,"Workers Planned": 2,"Workers Launched": 2,"Plans": [{"Node Type": "Aggregate","Strategy": "Sorted","Partial Mode": "Partial","Parent Relationship": "Outer","Parallel Aware": false,"Async Capable": false,"Startup Cost": 40381.01,"Total Cost": 40382.80,"Plan Rows": 51,"Plan Width": 168,"Actual Startup Time": 2289.407,"Actual Total Time": 2404.228,"Actual Rows": 175,"Actual Loops": 3,"Group Key": ["nation.n_name", "(EXTRACT(year FROM orders.o_orderdate))"],"Workers": [],"Plans": [{"Node Type": "Sort","Parent Relationship": "Outer","Parallel Aware": false,"Async Capable": false,"Startup Cost": 40381.01,"Total Cost": 40381.14,"Plan Rows": 51,"Plan Width": 159,"Actual Startup Time": 2288.733,"Actual Total Time": 2325.888,"Actual Rows": 108248,"Actual Loops": 3,"Sort Key": ["nation.n_name", "(EXTRACT(year FROM orders.o_orderdate)) DESC"],"Sort Method": "quicksort","Sort Space Used": 13451,"Sort Space Type": "Memory","Workers": [{"Worker Number": 0,"Sort Method": "quicksort","Sort Space Used": 13987,"Sort Space Type": "Memory"},{"Worker Number": 1,"Sort Method": "quicksort","Sort Space Used": 14111,"Sort Space Type": "Memory"}],"Plans": [{"Node Type": "Hash Join","Parent Relationship": "Outer","Parallel Aware": false,"Async Capable": false,"Join Type": "Inner","Startup Cost": 3.13,"Total Cost": 40379.57,"Plan Rows": 51,"Plan Width": 159,"Actual Startup Time": 0.621,"Actual Total Time": 2139.511,"Actual Rows": 108248,"Actual Loops": 3,"Inner Unique": true,"Hash Cond": "(supplier.s_nationkey = nation.n_nationkey)","Workers": [],"Plans": [{"Node Type": "Nested Loop","Parent Relationship": "Outer","Parallel Aware": false,"Async Capable": false,"Join Type": "Inner","Startup Cost": 1.57,"Total Cost": 40377.72,"Plan Rows": 51,"Plan Width": 31,"Actual Startup Time": 0.420,"Actual Total Time": 2108.126,"Actual Rows": 108248,"Actual Loops": 3,"Inner Unique": true,"Workers": [],"Plans": [{"Node Type": "Nested Loop","Parent Relationship": "Outer","Parallel Aware": false,"Async Capable": false,"Join Type": "Inner","Startup Cost": 1.14,"Total Cost": 40354.00,"Plan Rows": 51,"Plan Width": 31,"Actual Startup Time": 0.328,"Actual Total Time": 981.432,"Actual Rows": 108248,"Actual Loops": 3,"Inner Unique": true,"Workers": [],"Plans": [{"Node Type": "Nested Loop","Parent Relationship": "Outer","Parallel Aware": false,"Async Capable": false,"Join Type": "Inner","Startup Cost": 0.86,"Total Cost": 40338.56,"Plan Rows": 51,"Plan Width": 35,"Actual Startup Time": 0.267,"Actual Total Time": 798.328,"Actual Rows": 108248,"Actual Loops": 3,"Inner Unique": false,"Workers": [],"Plans": [{"Node Type": "Nested Loop","Parent Relationship": "Outer","Parallel Aware": false,"Async Capable": false,"Join Type": "Inner","Startup Cost": 0.42,"Total Cost": 22456.59,"Plan Rows": 16835,"Plan Width": 18,"Actual Startup Time": 0.184,"Actual Total Time": 117.735,"Actual Rows": 14433,"Actual Loops": 3,"Inner Unique": false,"Workers": [],"Plans": [{"Node Type": "Seq Scan","Parent Relationship": "Outer","Parallel Aware": true,"Async Capable": false,"Relation Name": "part","Alias": "part","Startup Cost": 0.00,"Total Cost": 5138.67,"Plan Rows": 4209,"Plan Width": 4,"Actual Startup Time": 0.057,"Actual Total Time": 51.012,"Actual Rows": 3608,"Actual Loops": 3,"Filter": "((p_name)::text ~~ '%spring%'::text)","Rows Removed by Filter": 63058,"Workers": []},{"Node Type": "Index Scan","Parent Relationship": "Inner","Parallel Aware": false,"Async Capable": false,"Scan Direction": "Forward","Index Name": "idx_partsupp_partkey","Relation Name": "partsupp","Alias": "partsupp","Startup Cost": 0.42,"Total Cost": 4.07,"Plan Rows": 4,"Plan Width": 14,"Actual Startup Time": 0.014,"Actual Total Time": 0.018,"Actual Rows": 4,"Actual Loops": 10825,"Index Cond": "(ps_partkey = part.p_partkey)","Rows Removed by Index Recheck": 0,"Workers": []}]},{"Node Type": "Index Scan","Parent Relationship": "Inner","Parallel Aware": false,"Async Capable": false,"Scan Direction": "Forward","Index Name": "idx_lineitem_part_supp","Relation Name": "lineitem","Alias": "lineitem","Startup Cost": 0.43,"Total Cost": 1.05,"Plan Rows": 1,"Plan Width": 29,"Actual Startup Time": 0.007,"Actual Total Time": 0.045,"Actual Rows": 7,"Actual Loops": 43300,"Index Cond": "((l_partkey = partsupp.ps_partkey) AND (l_suppkey = partsupp.ps_suppkey))","Rows Removed by Index Recheck": 0,"Workers": []}]},{"Node Type": "Index Scan","Parent Relationship": "Inner","Parallel Aware": false,"Async Capable": false,"Scan Direction": "Forward","Index Name": "supplier_pkey","Relation Name": "supplier","Alias": "supplier","Startup Cost": 0.29,"Total Cost": 0.30,"Plan Rows": 1,"Plan Width": 8,"Actual Startup Time": 0.001,"Actual Total Time": 0.001,"Actual Rows": 1,"Actual Loops": 324744,"Index Cond": "(s_suppkey = lineitem.l_suppkey)","Rows Removed by Index Recheck": 0,"Workers": []}]},{"Node Type": "Index Scan","Parent Relationship": "Inner","Parallel Aware": false,"Async Capable": false,"Scan Direction": "Forward","Index Name": "orders_pkey","Relation Name": "orders","Alias": "orders","Startup Cost": 0.43,"Total Cost": 0.47,"Plan Rows": 1,"Plan Width": 8,"Actual Startup Time": 0.010,"Actual Total Time": 0.010,"Actual Rows": 1,"Actual Loops": 324744,"Index Cond": "(o_orderkey = lineitem.l_orderkey)","Rows Removed by Index Recheck": 0,"Workers": []}]},{"Node Type": "Hash","Parent Relationship": "Inner","Parallel Aware": false,"Async Capable": false,"Startup Cost": 1.25,"Total Cost": 1.25,"Plan Rows": 25,"Plan Width": 108,"Actual Startup Time": 0.096,"Actual Total Time": 0.104,"Actual Rows": 25,"Actual Loops": 3,"Hash Buckets": 1024,"Original Hash Buckets": 1024,"Hash Batches": 1,"Original Hash Batches": 1,"Peak Memory Usage": 10,"Workers": [],"Plans": [{"Node Type": "Seq Scan","Parent Relationship": "Outer","Parallel Aware": false,"Async Capable": false,"Relation Name": "nation","Alias": "nation","Startup Cost": 0.00,"Total Cost": 1.25,"Plan Rows": 25,"Plan Width": 108,"Actual Startup Time": 0.062,"Actual Total Time": 0.069,"Actual Rows": 25,"Actual Loops": 3,"Workers": []}]}]}]}]}]}]},"Planning Time": 11.565,"Triggers": [],"Execution Time": 2547.363}]
[{"Plan": {"Node Type": "Aggregate","Strategy": "Sorted","Partial Mode": "Finalize","Parallel Aware": false,"Async Capable": false,"Startup Cost": 15191.58,"Total Cost": 15194.80,"Plan Rows": 24,"Plan Width": 168,"Actual Startup Time": 2527.969,"Actual Total Time": 2683.056,"Actual Rows": 175,"Actual Loops": 1,"Group Key": ["nation.n_name", "(EXTRACT(year FROM orders.o_orderdate))"],"Plans": [{"Node Type": "Gather Merge","Parent Relationship": "Outer","Parallel Aware": false,"Async Capable": false,"Startup Cost": 15191.58,"Total Cost": 15194.24,"Plan Rows": 20,"Plan Width": 168,"Actual Startup Time": 2526.404,"Actual Total Time": 2682.506,"Actual Rows": 525,"Actual Loops": 1,"Workers Planned": 2,"Workers Launched": 2,"Plans": [{"Node Type": "Aggregate","Strategy": "Sorted","Partial Mode": "Partial","Parent Relationship": "Outer","Parallel Aware": false,"Async Capable": false,"Startup Cost": 14191.56,"Total Cost": 14191.91,"Plan Rows": 10,"Plan Width": 168,"Actual Startup Time": 2407.501,"Actual Total Time": 2530.795,"Actual Rows": 175,"Actual Loops": 3,"Group Key": ["nation.n_name", "(EXTRACT(year FROM orders.o_orderdate))"],"Workers": [],"Plans": [{"Node Type": "Sort","Parent Relationship": "Outer","Parallel Aware": false,"Async Capable": false,"Startup Cost": 14191.56,"Total Cost": 14191.59,"Plan Rows": 10,"Plan Width": 159,"Actual Startup Time": 2407.024,"Actual Total Time": 2447.211,"Actual Rows": 108476,"Actual Loops": 3,"Sort Key": ["nation.n_name", "(EXTRACT(year FROM orders.o_orderdate)) DESC"],"Sort Method": "quicksort","Sort Space Used": 13864,"Sort Space Type": "Memory","Workers": [{"Worker Number": 0,"Sort Method": "quicksort","Sort Space Used": 14243,"Sort Space Type": "Memory"},{"Worker Number": 1,"Sort Method": "quicksort","Sort Space Used": 13510,"Sort Space Type": "Memory"}],"Plans": [{"Node Type": "Nested Loop","Parent Relationship": "Outer","Parallel Aware": false,"Async Capable": false,"Join Type": "Inner","Startup Cost": 1.71,"Total Cost": 14191.39,"Plan Rows": 10,"Plan Width": 159,"Actual Startup Time": 0.538,"Actual Total Time": 2256.346,"Actual Rows": 108476,"Actual Loops": 3,"Inner Unique": true,"Workers": [],"Plans": [{"Node Type": "Nested Loop","Parent Relationship": "Outer","Parallel Aware": false,"Async Capable": false,"Join Type": "Inner","Startup Cost": 1.57,"Total Cost": 14189.81,"Plan Rows": 10,"Plan Width": 31,"Actual Startup Time": 0.460,"Actual Total Time": 2101.149,"Actual Rows": 108476,"Actual Loops": 3,"Inner Unique": true,"Workers": [],"Plans": [{"Node Type": "Nested Loop","Parent Relationship": "Outer","Parallel Aware": false,"Async Capable": false,"Join Type": "Inner","Startup Cost": 1.14,"Total Cost": 14185.15,"Plan Rows": 10,"Plan Width": 31,"Actual Startup Time": 0.332,"Actual Total Time": 962.931,"Actual Rows": 108476,"Actual Loops": 3,"Inner Unique": true,"Workers": [],"Plans": [{"Node Type": "Nested Loop","Parent Relationship": "Outer","Parallel Aware": false,"Async Capable": false,"Join Type": "Inner","Startup Cost": 0.86,"Total Cost": 14182.13,"Plan Rows": 10,"Plan Width": 35,"Actual Startup Time": 0.259,"Actual Total Time": 774.484,"Actual Rows": 108476,"Actual Loops": 3,"Inner Unique": false,"Workers": [],"Plans": [{"Node Type": "Nested Loop","Parent Relationship": "Outer","Parallel Aware": false,"Async Capable": false,"Join Type": "Inner","Startup Cost": 0.42,"Total Cost": 10605.73,"Plan Rows": 3367,"Plan Width": 18,"Actual Startup Time": 0.149,"Actual Total Time": 122.879,"Actual Rows": 14427,"Actual Loops": 3,"Inner Unique": false,"Workers": [],"Plans": [{"Node Type": "Seq Scan","Parent Relationship": "Outer","Parallel Aware": true,"Async Capable": false,"Relation Name": "part","Alias": "part","Startup Cost": 0.00,"Total Cost": 5138.67,"Plan Rows": 842,"Plan Width": 4,"Actual Startup Time": 0.054,"Actual Total Time": 51.647,"Actual Rows": 3607,"Actual Loops": 3,"Filter": "((p_name)::text ~~ '%light%'::text)","Rows Removed by Filter": 63060,"Workers": []},{"Node Type": "Index Scan","Parent Relationship": "Inner","Parallel Aware": false,"Async Capable": false,"Scan Direction": "Forward","Index Name": "idx_partsupp_partkey","Relation Name": "partsupp","Alias": "partsupp","Startup Cost": 0.42,"Total Cost": 6.45,"Plan Rows": 4,"Plan Width": 14,"Actual Startup Time": 0.014,"Actual Total Time": 0.019,"Actual Rows": 4,"Actual Loops": 10820,"Index Cond": "(ps_partkey = part.p_partkey)","Rows Removed by Index Recheck": 0,"Workers": []}]},{"Node Type": "Index Scan","Parent Relationship": "Inner","Parallel Aware": false,"Async Capable": false,"Scan Direction": "Forward","Index Name": "idx_lineitem_part_supp","Relation Name": "lineitem","Alias": "lineitem","Startup Cost": 0.43,"Total Cost": 1.05,"Plan Rows": 1,"Plan Width": 29,"Actual Startup Time": 0.007,"Actual Total Time": 0.043,"Actual Rows": 8,"Actual Loops": 43280,"Index Cond": "((l_partkey = partsupp.ps_partkey) AND (l_suppkey = partsupp.ps_suppkey))","Rows Removed by Index Recheck": 0,"Workers": []}]},{"Node Type": "Index Scan","Parent Relationship": "Inner","Parallel Aware": false,"Async Capable": false,"Scan Direction": "Forward","Index Name": "supplier_pkey","Relation Name": "supplier","Alias": "supplier","Startup Cost": 0.29,"Total Cost": 0.30,"Plan Rows": 1,"Plan Width": 8,"Actual Startup Time": 0.001,"Actual Total Time": 0.001,"Actual Rows": 1,"Actual Loops": 325427,"Index Cond": "(s_suppkey = lineitem.l_suppkey)","Rows Removed by Index Recheck": 0,"Workers": []}]},{"Node Type": "Index Scan","Parent Relationship": "Inner","Parallel Aware": false,"Async Capable": false,"Scan Direction": "Forward","Index Name": "orders_pkey","Relation Name": "orders","Alias": "orders","Startup Cost": 0.43,"Total Cost": 0.47,"Plan Rows": 1,"Plan Width": 8,"Actual Startup Time": 0.010,"Actual Total Time": 0.010,"Actual Rows": 1,"Actual Loops": 325427,"Index Cond": "(o_orderkey = lineitem.l_orderkey)","Rows Removed by Index Recheck": 0,"Workers": []}]},{"Node Type": "Index Scan","Parent Relationship": "Inner","Parallel Aware": false,"Async Capable": false,"Scan Direction": "Forward","Index Name": "nation_pkey","Relation Name": "nation","Alias": "nation","Startup Cost": 0.14,"Total Cost": 0.16,"Plan Rows": 1,"Plan Width": 108,"Actual Startup Time": 0.001,"Actual Total Time": 0.001,"Actual Rows": 1,"Actual Loops": 325427,"Index Cond": "(n_nationkey = supplier.s_nationkey)","Rows Removed by Index Recheck": 0,"Workers": []}]}]}]}]}]},"Planning Time": 11.526,"Triggers": [],"Execution Time": 2685.777}]
[{"Plan": {"Node Type": "Aggregate","Strategy": "Sorted","Partial Mode": "Finalize","Parallel Aware": false,"Async Capable": false,"Startup Cost": 41381.04,"Total Cost": 41397.45,"Plan Rows": 122,"Plan Width": 168,"Actual Startup Time": 2450.148,"Actual Total Time": 2534.975,"Actual Rows": 175,"Actual Loops": 1,"Group Key": ["nation.n_name", "(EXTRACT(year FROM orders.o_orderdate))"],"Plans": [{"Node Type": "Gather Merge","Parent Relationship": "Outer","Parallel Aware": false,"Async Capable": false,"Startup Cost": 41381.04,"Total Cost": 41394.60,"Plan Rows": 102,"Plan Width": 168,"Actual Startup Time": 2448.558,"Actual Total Time": 2534.429,"Actual Rows": 525,"Actual Loops": 1,"Workers Planned": 2,"Workers Launched": 2,"Plans": [{"Node Type": "Aggregate","Strategy": "Sorted","Partial Mode": "Partial","Parent Relationship": "Outer","Parallel Aware": false,"Async Capable": false,"Startup Cost": 40381.01,"Total Cost": 40382.80,"Plan Rows": 51,"Plan Width": 168,"Actual Startup Time": 2320.131,"Actual Total Time": 2442.177,"Actual Rows": 175,"Actual Loops": 3,"Group Key": ["nation.n_name", "(EXTRACT(year FROM orders.o_orderdate))"],"Workers": [],"Plans": [{"Node Type": "Sort","Parent Relationship": "Outer","Parallel Aware": false,"Async Capable": false,"Startup Cost": 40381.01,"Total Cost": 40381.14,"Plan Rows": 51,"Plan Width": 159,"Actual Startup Time": 2319.540,"Actual Total Time": 2359.449,"Actual Rows": 108975,"Actual Loops": 3,"Sort Key": ["nation.n_name", "(EXTRACT(year FROM orders.o_orderdate)) DESC"],"Sort Method": "quicksort","Sort Space Used": 13700,"Sort Space Type": "Memory","Workers": [{"Worker Number": 0,"Sort Method": "quicksort","Sort Space Used": 13962,"Sort Space Type": "Memory"},{"Worker Number": 1,"Sort Method": "quicksort","Sort Space Used": 14110,"Sort Space Type": "Memory"}],"Plans": [{"Node Type": "Hash Join","Parent Relationship": "Outer","Parallel Aware": false,"Async Capable": false,"Join Type": "Inner","Startup Cost": 3.13,"Total Cost": 40379.57,"Plan Rows": 51,"Plan Width": 159,"Actual Startup Time": 0.665,"Actual Total Time": 2161.485,"Actual Rows": 108975,"Actual Loops": 3,"Inner Unique": true,"Hash Cond": "(supplier.s_nationkey = nation.n_nationkey)","Workers": [],"Plans": [{"Node Type": "Nested Loop","Parent Relationship": "Outer","Parallel Aware": false,"Async Capable": false,"Join Type": "Inner","Startup Cost": 1.57,"Total Cost": 40377.72,"Plan Rows": 51,"Plan Width": 31,"Actual Startup Time": 0.476,"Actual Total Time": 2130.088,"Actual Rows": 108975,"Actual Loops": 3,"Inner Unique": true,"Workers": [],"Plans": [{"Node Type": "Nested Loop","Parent Relationship": "Outer","Parallel Aware": false,"Async Capable": false,"Join Type": "Inner","Startup Cost": 1.14,"Total Cost": 40354.00,"Plan Rows": 51,"Plan Width": 31,"Actual Startup Time": 0.358,"Actual Total Time": 991.301,"Actual Rows": 108975,"Actual Loops": 3,"Inner Unique": true,"Workers": [],"Plans": [{"Node Type": "Nested Loop","Parent Relationship": "Outer","Parallel Aware": false,"Async Capable": false,"Join Type": "Inner","Startup Cost": 0.86,"Total Cost": 40338.56,"Plan Rows": 51,"Plan Width": 35,"Actual Startup Time": 0.273,"Actual Total Time": 807.397,"Actual Rows": 108975,"Actual Loops": 3,"Inner Unique": false,"Workers": [],"Plans": [{"Node Type": "Nested Loop","Parent Relationship": "Outer","Parallel Aware": false,"Async Capable": false,"Join Type": "Inner","Startup Cost": 0.42,"Total Cost": 22456.59,"Plan Rows": 16835,"Plan Width": 18,"Actual Startup Time": 0.178,"Actual Total Time": 117.714,"Actual Rows": 14541,"Actual Loops": 3,"Inner Unique": false,"Workers": [],"Plans": [{"Node Type": "Seq Scan","Parent Relationship": "Outer","Parallel Aware": true,"Async Capable": false,"Relation Name": "part","Alias": "part","Startup Cost": 0.00,"Total Cost": 5138.67,"Plan Rows": 4209,"Plan Width": 4,"Actual Startup Time": 0.056,"Actual Total Time": 50.629,"Actual Rows": 3635,"Actual Loops": 3,"Filter": "((p_name)::text ~~ '%honeydew%'::text)","Rows Removed by Filter": 63031,"Workers": []},{"Node Type": "Index Scan","Parent Relationship": "Inner","Parallel Aware": false,"Async Capable": false,"Scan Direction": "Forward","Index Name": "idx_partsupp_partkey","Relation Name": "partsupp","Alias": "partsupp","Startup Cost": 0.42,"Total Cost": 4.07,"Plan Rows": 4,"Plan Width": 14,"Actual Startup Time": 0.014,"Actual Total Time": 0.018,"Actual Rows": 4,"Actual Loops": 10906,"Index Cond": "(ps_partkey = part.p_partkey)","Rows Removed by Index Recheck": 0,"Workers": []}]},{"Node Type": "Index Scan","Parent Relationship": "Inner","Parallel Aware": false,"Async Capable": false,"Scan Direction": "Forward","Index Name": "idx_lineitem_part_supp","Relation Name": "lineitem","Alias": "lineitem","Startup Cost": 0.43,"Total Cost": 1.05,"Plan Rows": 1,"Plan Width": 29,"Actual Startup Time": 0.007,"Actual Total Time": 0.046,"Actual Rows": 7,"Actual Loops": 43624,"Index Cond": "((l_partkey = partsupp.ps_partkey) AND (l_suppkey = partsupp.ps_suppkey))","Rows Removed by Index Recheck": 0,"Workers": []}]},{"Node Type": "Index Scan","Parent Relationship": "Inner","Parallel Aware": false,"Async Capable": false,"Scan Direction": "Forward","Index Name": "supplier_pkey","Relation Name": "supplier","Alias": "supplier","Startup Cost": 0.29,"Total Cost": 0.30,"Plan Rows": 1,"Plan Width": 8,"Actual Startup Time": 0.001,"Actual Total Time": 0.001,"Actual Rows": 1,"Actual Loops": 326925,"Index Cond": "(s_suppkey = lineitem.l_suppkey)","Rows Removed by Index Recheck": 0,"Workers": []}]},{"Node Type": "Index Scan","Parent Relationship": "Inner","Parallel Aware": false,"Async Capable": false,"Scan Direction": "Forward","Index Name": "orders_pkey","Relation Name": "orders","Alias": "orders","Startup Cost": 0.43,"Total Cost": 0.47,"Plan Rows": 1,"Plan Width": 8,"Actual Startup Time": 0.010,"Actual Total Time": 0.010,"Actual Rows": 1,"Actual Loops": 326925,"Index Cond": "(o_orderkey = lineitem.l_orderkey)","Rows Removed by Index Recheck": 0,"Workers": []}]},{"Node Type": "Hash","Parent Relationship": "Inner","Parallel Aware": false,"Async Capable": false,"Startup Cost": 1.25,"Total Cost": 1.25,"Plan Rows": 25,"Plan Width": 108,"Actual Startup Time": 0.092,"Actual Total Time": 0.113,"Actual Rows": 25,"Actual Loops": 3,"Hash Buckets": 1024,"Original Hash Buckets": 1024,"Hash Batches": 1,"Original Hash Batches": 1,"Peak Memory Usage": 10,"Workers": [],"Plans": [{"Node Type": "Seq Scan","Parent Relationship": "Outer","Parallel Aware": false,"Async Capable": false,"Relation Name": "nation","Alias": "nation","Startup Cost": 0.00,"Total Cost": 1.25,"Plan Rows": 25,"Plan Width": 108,"Actual Startup Time": 0.053,"Actual Total Time": 0.073,"Actual Rows": 25,"Actual Loops": 3,"Workers": []}]}]}]}]}]}]},"Planning Time": 12.409,"Triggers": [],"Execution Time": 2536.448}]
[{"Plan": {"Node Type": "Aggregate","Strategy": "Sorted","Partial Mode": "Finalize","Parallel Aware": false,"Async Capable": false,"Startup Cost": 51920.12,"Total Cost": 51953.05,"Plan Rows": 219,"Plan Width": 168,"Actual Startup Time": 1685.576,"Actual Total Time": 1779.937,"Actual Rows": 175,"Actual Loops": 1,"Group Key": ["nation.n_name", "(EXTRACT(year FROM orders.o_orderdate))"],"Plans": [{"Node Type": "Gather Merge","Parent Relationship": "Outer","Parallel Aware": false,"Async Capable": false,"Startup Cost": 51920.12,"Total Cost": 51947.63,"Plan Rows": 213,"Plan Width": 168,"Actual Startup Time": 1684.109,"Actual Total Time": 1779.449,"Actual Rows": 700,"Actual Loops": 1,"Workers Planned": 3,"Workers Launched": 3,"Plans": [{"Node Type": "Aggregate","Strategy": "Sorted","Partial Mode": "Partial","Parent Relationship": "Outer","Parallel Aware": false,"Async Capable": false,"Startup Cost": 50920.08,"Total Cost": 50922.56,"Plan Rows": 71,"Plan Width": 168,"Actual Startup Time": 1615.575,"Actual Total Time": 1701.587,"Actual Rows": 175,"Actual Loops": 4,"Group Key": ["nation.n_name", "(EXTRACT(year FROM orders.o_orderdate))"],"Workers": [],"Plans": [{"Node Type": "Sort","Parent Relationship": "Outer","Parallel Aware": false,"Async Capable": false,"Startup Cost": 50920.08,"Total Cost": 50920.26,"Plan Rows": 71,"Plan Width": 159,"Actual Startup Time": 1615.138,"Actual Total Time": 1641.513,"Actual Rows": 82680,"Actual Loops": 4,"Sort Key": ["nation.n_name", "(EXTRACT(year FROM orders.o_orderdate)) DESC"],"Sort Method": "quicksort","Sort Space Used": 11114,"Sort Space Type": "Memory","Workers": [{"Worker Number": 0,"Sort Method": "quicksort","Sort Space Used": 11099,"Sort Space Type": "Memory"},{"Worker Number": 1,"Sort Method": "quicksort","Sort Space Used": 11470,"Sort Space Type": "Memory"},{"Worker Number": 2,"Sort Method": "quicksort","Sort Space Used": 11534,"Sort Space Type": "Memory"}],"Plans": [{"Node Type": "Hash Join","Parent Relationship": "Outer","Parallel Aware": false,"Async Capable": false,"Join Type": "Inner","Startup Cost": 5236.07,"Total Cost": 50917.89,"Plan Rows": 71,"Plan Width": 159,"Actual Startup Time": 22.147,"Actual Total Time": 1517.827,"Actual Rows": 82680,"Actual Loops": 4,"Inner Unique": true,"Hash Cond": "(supplier.s_nationkey = nation.n_nationkey)","Workers": [],"Plans": [{"Node Type": "Nested Loop","Parent Relationship": "Outer","Parallel Aware": false,"Async Capable": false,"Join Type": "Inner","Startup Cost": 5234.51,"Total Cost": 50915.94,"Plan Rows": 71,"Plan Width": 31,"Actual Startup Time": 21.955,"Actual Total Time": 1494.212,"Actual Rows": 82680,"Actual Loops": 4,"Inner Unique": true,"Workers": [],"Plans": [{"Node Type": "Nested Loop","Parent Relationship": "Outer","Parallel Aware": false,"Async Capable": false,"Join Type": "Inner","Startup Cost": 5234.08,"Total Cost": 50882.91,"Plan Rows": 71,"Plan Width": 31,"Actual Startup Time": 21.895,"Actual Total Time": 772.688,"Actual Rows": 82680,"Actual Loops": 4,"Inner Unique": true,"Workers": [],"Plans": [{"Node Type": "Nested Loop","Parent Relationship": "Outer","Parallel Aware": false,"Async Capable": false,"Join Type": "Inner","Startup Cost": 5233.80,"Total Cost": 50861.42,"Plan Rows": 71,"Plan Width": 35,"Actual Startup Time": 21.850,"Actual Total Time": 635.447,"Actual Rows": 82680,"Actual Loops": 4,"Inner Unique": false,"Workers": [],"Plans": [{"Node Type": "Hash Join","Parent Relationship": "Outer","Parallel Aware": true,"Async Capable": false,"Join Type": "Inner","Startup Cost": 5233.37,"Total Cost": 25942.44,"Plan Rows": 23460,"Plan Width": 18,"Actual Startup Time": 21.777,"Actual Total Time": 183.666,"Actual Rows": 11010,"Actual Loops": 4,"Inner Unique": true,"Hash Cond": "(partsupp.ps_partkey = part.p_partkey)","Workers": [],"Plans": [{"Node Type": "Seq Scan","Parent Relationship": "Outer","Parallel Aware": true,"Async Capable": false,"Relation Name": "partsupp","Alias": "partsupp","Startup Cost": 0.00,"Total Cost": 20031.65,"Plan Rows": 258065,"Plan Width": 14,"Actual Startup Time": 0.020,"Actual Total Time": 41.580,"Actual Rows": 200000,"Actual Loops": 4,"Workers": []},{"Node Type": "Hash","Parent Relationship": "Inner","Parallel Aware": true,"Async Capable": false,"Startup Cost": 5138.67,"Total Cost": 5138.67,"Plan Rows": 7576,"Plan Width": 4,"Actual Startup Time": 21.542,"Actual Total Time": 21.549,"Actual Rows": 2752,"Actual Loops": 4,"Hash Buckets": 32768,"Original Hash Buckets": 32768,"Hash Batches": 1,"Original Hash Batches": 1,"Peak Memory Usage": 736,"Workers": [],"Plans": [{"Node Type": "Seq Scan","Parent Relationship": "Outer","Parallel Aware": true,"Async Capable": false,"Relation Name": "part","Alias": "part","Startup Cost": 0.00,"Total Cost": 5138.67,"Plan Rows": 7576,"Plan Width": 4,"Actual Startup Time": 0.062,"Actual Total Time": 20.145,"Actual Rows": 2752,"Actual Loops": 4,"Filter": "((p_name)::text ~~ '%orchid%'::text)","Rows Removed by Filter": 47248,"Workers": []}]}]},{"Node Type": "Index Scan","Parent Relationship": "Inner","Parallel Aware": false,"Async Capable": false,"Scan Direction": "Forward","Index Name": "idx_lineitem_part_supp","Relation Name": "lineitem","Alias": "lineitem","Startup Cost": 0.43,"Total Cost": 1.05,"Plan Rows": 1,"Plan Width": 29,"Actual Startup Time": 0.006,"Actual Total Time": 0.040,"Actual Rows": 8,"Actual Loops": 44040,"Index Cond": "((l_partkey = partsupp.ps_partkey) AND (l_suppkey = partsupp.ps_suppkey))","Rows Removed by Index Recheck": 0,"Workers": []}]},{"Node Type": "Index Scan","Parent Relationship": "Inner","Parallel Aware": false,"Async Capable": false,"Scan Direction": "Forward","Index Name": "supplier_pkey","Relation Name": "supplier","Alias": "supplier","Startup Cost": 0.29,"Total Cost": 0.30,"Plan Rows": 1,"Plan Width": 8,"Actual Startup Time": 0.001,"Actual Total Time": 0.001,"Actual Rows": 1,"Actual Loops": 330720,"Index Cond": "(s_suppkey = lineitem.l_suppkey)","Rows Removed by Index Recheck": 0,"Workers": []}]},{"Node Type": "Index Scan","Parent Relationship": "Inner","Parallel Aware": false,"Async Capable": false,"Scan Direction": "Forward","Index Name": "orders_pkey","Relation Name": "orders","Alias": "orders","Startup Cost": 0.43,"Total Cost": 0.47,"Plan Rows": 1,"Plan Width": 8,"Actual Startup Time": 0.008,"Actual Total Time": 0.008,"Actual Rows": 1,"Actual Loops": 330720,"Index Cond": "(o_orderkey = lineitem.l_orderkey)","Rows Removed by Index Recheck": 0,"Workers": []}]},{"Node Type": "Hash","Parent Relationship": "Inner","Parallel Aware": false,"Async Capable": false,"Startup Cost": 1.25,"Total Cost": 1.25,"Plan Rows": 25,"Plan Width": 108,"Actual Startup Time": 0.085,"Actual Total Time": 0.091,"Actual Rows": 25,"Actual Loops": 4,"Hash Buckets": 1024,"Original Hash Buckets": 1024,"Hash Batches": 1,"Original Hash Batches": 1,"Peak Memory Usage": 10,"Workers": [],"Plans": [{"Node Type": "Seq Scan","Parent Relationship": "Outer","Parallel Aware": false,"Async Capable": false,"Relation Name": "nation","Alias": "nation","Startup Cost": 0.00,"Total Cost": 1.25,"Plan Rows": 25,"Plan Width": 108,"Actual Startup Time": 0.055,"Actual Total Time": 0.061,"Actual Rows": 25,"Actual Loops": 4,"Workers": []}]}]}]}]}]}]},"Planning Time": 12.199,"Triggers": [],"Execution Time": 1781.879}]
[{"Plan": {"Node Type": "Aggregate","Strategy": "Sorted","Partial Mode": "Finalize","Parallel Aware": false,"Async Capable": false,"Startup Cost": 46348.90,"Total Cost": 46374.41,"Plan Rows": 170,"Plan Width": 168,"Actual Startup Time": 1721.273,"Actual Total Time": 1854.515,"Actual Rows": 175,"Actual Loops": 1,"Group Key": ["nation.n_name", "(EXTRACT(year FROM orders.o_orderdate))"],"Plans": [{"Node Type": "Gather Merge","Parent Relationship": "Outer","Parallel Aware": false,"Async Capable": false,"Startup Cost": 46348.90,"Total Cost": 46370.21,"Plan Rows": 165,"Plan Width": 168,"Actual Startup Time": 1719.350,"Actual Total Time": 1854.023,"Actual Rows": 700,"Actual Loops": 1,"Workers Planned": 3,"Workers Launched": 3,"Plans": [{"Node Type": "Aggregate","Strategy": "Sorted","Partial Mode": "Partial","Parent Relationship": "Outer","Parallel Aware": false,"Async Capable": false,"Startup Cost": 45348.86,"Total Cost": 45350.79,"Plan Rows": 55,"Plan Width": 168,"Actual Startup Time": 1646.442,"Actual Total Time": 1738.929,"Actual Rows": 175,"Actual Loops": 4,"Group Key": ["nation.n_name", "(EXTRACT(year FROM orders.o_orderdate))"],"Workers": [],"Plans": [{"Node Type": "Sort","Parent Relationship": "Outer","Parallel Aware": false,"Async Capable": false,"Startup Cost": 45348.86,"Total Cost": 45349.00,"Plan Rows": 55,"Plan Width": 159,"Actual Startup Time": 1645.906,"Actual Total Time": 1677.663,"Actual Rows": 81262,"Actual Loops": 4,"Sort Key": ["nation.n_name", "(EXTRACT(year FROM orders.o_orderdate)) DESC"],"Sort Method": "quicksort","Sort Space Used": 11306,"Sort Space Type": "Memory","Workers": [{"Worker Number": 0,"Sort Method": "quicksort","Sort Space Used": 11205,"Sort Space Type": "Memory"},{"Worker Number": 1,"Sort Method": "quicksort","Sort Space Used": 11072,"Sort Space Type": "Memory"},{"Worker Number": 2,"Sort Method": "quicksort","Sort Space Used": 11071,"Sort Space Type": "Memory"}],"Plans": [{"Node Type": "Hash Join","Parent Relationship": "Outer","Parallel Aware": false,"Async Capable": false,"Join Type": "Inner","Startup Cost": 5215.02,"Total Cost": 45347.27,"Plan Rows": 55,"Plan Width": 159,"Actual Startup Time": 21.234,"Actual Total Time": 1544.257,"Actual Rows": 81262,"Actual Loops": 4,"Inner Unique": true,"Hash Cond": "(supplier.s_nationkey = nation.n_nationkey)","Workers": [],"Plans": [{"Node Type": "Nested Loop","Parent Relationship": "Outer","Parallel Aware": false,"Async Capable": false,"Join Type": "Inner","Startup Cost": 5213.46,"Total Cost": 45345.40,"Plan Rows": 55,"Plan Width": 31,"Actual Startup Time": 21.038,"Actual Total Time": 1520.991,"Actual Rows": 81262,"Actual Loops": 4,"Inner Unique": true,"Workers": [],"Plans": [{"Node Type": "Nested Loop","Parent Relationship": "Outer","Parallel Aware": false,"Async Capable": false,"Join Type": "Inner","Startup Cost": 5213.03,"Total Cost": 45319.82,"Plan Rows": 55,"Plan Width": 31,"Actual Startup Time": 20.972,"Actual Total Time": 791.083,"Actual Rows": 81262,"Actual Loops": 4,"Inner Unique": true,"Workers": [],"Plans": [{"Node Type": "Nested Loop","Parent Relationship": "Outer","Parallel Aware": false,"Async Capable": false,"Join Type": "Inner","Startup Cost": 5212.75,"Total Cost": 45303.17,"Plan Rows": 55,"Plan Width": 35,"Actual Startup Time": 20.917,"Actual Total Time": 653.989,"Actual Rows": 81262,"Actual Loops": 4,"Inner Unique": false,"Workers": [],"Plans": [{"Node Type": "Hash Join","Parent Relationship": "Outer","Parallel Aware": true,"Async Capable": false,"Join Type": "Inner","Startup Cost": 5212.32,"Total Cost": 25921.39,"Plan Rows": 18247,"Plan Width": 18,"Actual Startup Time": 20.846,"Actual Total Time": 195.804,"Actual Rows": 10838,"Actual Loops": 4,"Inner Unique": true,"Hash Cond": "(partsupp.ps_partkey = part.p_partkey)","Workers": [],"Plans": [{"Node Type": "Seq Scan","Parent Relationship": "Outer","Parallel Aware": true,"Async Capable": false,"Relation Name": "partsupp","Alias": "partsupp","Startup Cost": 0.00,"Total Cost": 20031.65,"Plan Rows": 258065,"Plan Width": 14,"Actual Startup Time": 0.011,"Actual Total Time": 42.921,"Actual Rows": 200000,"Actual Loops": 4,"Workers": []},{"Node Type": "Hash","Parent Relationship": "Inner","Parallel Aware": true,"Async Capable": false,"Startup Cost": 5138.67,"Total Cost": 5138.67,"Plan Rows": 5892,"Plan Width": 4,"Actual Startup Time": 20.643,"Actual Total Time": 20.652,"Actual Rows": 2710,"Actual Loops": 4,"Hash Buckets": 16384,"Original Hash Buckets": 16384,"Hash Batches": 1,"Original Hash Batches": 1,"Peak Memory Usage": 608,"Workers": [],"Plans": [{"Node Type": "Seq Scan","Parent Relationship": "Outer","Parallel Aware": true,"Async Capable": false,"Relation Name": "part","Alias": "part","Startup Cost": 0.00,"Total Cost": 5138.67,"Plan Rows": 5892,"Plan Width": 4,"Actual Startup Time": 0.061,"Actual Total Time": 19.025,"Actual Rows": 2710,"Actual Loops": 4,"Filter": "((p_name)::text ~~ '%burnished%'::text)","Rows Removed by Filter": 47290,"Workers": []}]}]},{"Node Type": "Index Scan","Parent Relationship": "Inner","Parallel Aware": false,"Async Capable": false,"Scan Direction": "Forward","Index Name": "idx_lineitem_part_supp","Relation Name": "lineitem","Alias": "lineitem","Startup Cost": 0.43,"Total Cost": 1.05,"Plan Rows": 1,"Plan Width": 29,"Actual Startup Time": 0.006,"Actual Total Time": 0.041,"Actual Rows": 7,"Actual Loops": 43352,"Index Cond": "((l_partkey = partsupp.ps_partkey) AND (l_suppkey = partsupp.ps_suppkey))","Rows Removed by Index Recheck": 0,"Workers": []}]},{"Node Type": "Index Scan","Parent Relationship": "Inner","Parallel Aware": false,"Async Capable": false,"Scan Direction": "Forward","Index Name": "supplier_pkey","Relation Name": "supplier","Alias": "supplier","Startup Cost": 0.29,"Total Cost": 0.30,"Plan Rows": 1,"Plan Width": 8,"Actual Startup Time": 0.001,"Actual Total Time": 0.001,"Actual Rows": 1,"Actual Loops": 325050,"Index Cond": "(s_suppkey = lineitem.l_suppkey)","Rows Removed by Index Recheck": 0,"Workers": []}]},{"Node Type": "Index Scan","Parent Relationship": "Inner","Parallel Aware": false,"Async Capable": false,"Scan Direction": "Forward","Index Name": "orders_pkey","Relation Name": "orders","Alias": "orders","Startup Cost": 0.43,"Total Cost": 0.47,"Plan Rows": 1,"Plan Width": 8,"Actual Startup Time": 0.009,"Actual Total Time": 0.009,"Actual Rows": 1,"Actual Loops": 325050,"Index Cond": "(o_orderkey = lineitem.l_orderkey)","Rows Removed by Index Recheck": 0,"Workers": []}]},{"Node Type": "Hash","Parent Relationship": "Inner","Parallel Aware": false,"Async Capable": false,"Startup Cost": 1.25,"Total Cost": 1.25,"Plan Rows": 25,"Plan Width": 108,"Actual Startup Time": 0.087,"Actual Total Time": 0.092,"Actual Rows": 25,"Actual Loops": 4,"Hash Buckets": 1024,"Original Hash Buckets": 1024,"Hash Batches": 1,"Original Hash Batches": 1,"Peak Memory Usage": 10,"Workers": [],"Plans": [{"Node Type": "Seq Scan","Parent Relationship": "Outer","Parallel Aware": false,"Async Capable": false,"Relation Name": "nation","Alias": "nation","Startup Cost": 0.00,"Total Cost": 1.25,"Plan Rows": 25,"Plan Width": 108,"Actual Startup Time": 0.057,"Actual Total Time": 0.064,"Actual Rows": 25,"Actual Loops": 4,"Workers": []}]}]}]}]}]}]},"Planning Time": 12.393,"Triggers": [],"Execution Time": 1858.181}]
[{"Plan": {"Node Type": "Aggregate","Strategy": "Sorted","Partial Mode": "Finalize","Parallel Aware": false,"Async Capable": false,"Startup Cost": 51920.12,"Total Cost": 51953.05,"Plan Rows": 219,"Plan Width": 168,"Actual Startup Time": 1736.886,"Actual Total Time": 1886.803,"Actual Rows": 175,"Actual Loops": 1,"Group Key": ["nation.n_name", "(EXTRACT(year FROM orders.o_orderdate))"],"Plans": [{"Node Type": "Gather Merge","Parent Relationship": "Outer","Parallel Aware": false,"Async Capable": false,"Startup Cost": 51920.12,"Total Cost": 51947.63,"Plan Rows": 213,"Plan Width": 168,"Actual Startup Time": 1734.752,"Actual Total Time": 1886.193,"Actual Rows": 700,"Actual Loops": 1,"Workers Planned": 3,"Workers Launched": 3,"Plans": [{"Node Type": "Aggregate","Strategy": "Sorted","Partial Mode": "Partial","Parent Relationship": "Outer","Parallel Aware": false,"Async Capable": false,"Startup Cost": 50920.08,"Total Cost": 50922.56,"Plan Rows": 71,"Plan Width": 168,"Actual Startup Time": 1652.291,"Actual Total Time": 1749.811,"Actual Rows": 175,"Actual Loops": 4,"Group Key": ["nation.n_name", "(EXTRACT(year FROM orders.o_orderdate))"],"Workers": [],"Plans": [{"Node Type": "Sort","Parent Relationship": "Outer","Parallel Aware": false,"Async Capable": false,"Startup Cost": 50920.08,"Total Cost": 50920.26,"Plan Rows": 71,"Plan Width": 159,"Actual Startup Time": 1651.742,"Actual Total Time": 1686.315,"Actual Rows": 81570,"Actual Loops": 4,"Sort Key": ["nation.n_name", "(EXTRACT(year FROM orders.o_orderdate)) DESC"],"Sort Method": "quicksort","Sort Space Used": 11359,"Sort Space Type": "Memory","Workers": [{"Worker Number": 0,"Sort Method": "quicksort","Sort Space Used": 11284,"Sort Space Type": "Memory"},{"Worker Number": 1,"Sort Method": "quicksort","Sort Space Used": 11074,"Sort Space Type": "Memory"},{"Worker Number": 2,"Sort Method": "quicksort","Sort Space Used": 11060,"Sort Space Type": "Memory"}],"Plans": [{"Node Type": "Hash Join","Parent Relationship": "Outer","Parallel Aware": false,"Async Capable": false,"Join Type": "Inner","Startup Cost": 5236.07,"Total Cost": 50917.89,"Plan Rows": 71,"Plan Width": 159,"Actual Startup Time": 23.416,"Actual Total Time": 1550.954,"Actual Rows": 81570,"Actual Loops": 4,"Inner Unique": true,"Hash Cond": "(supplier.s_nationkey = nation.n_nationkey)","Workers": [],"Plans": [{"Node Type": "Nested Loop","Parent Relationship": "Outer","Parallel Aware": false,"Async Capable": false,"Join Type": "Inner","Startup Cost": 5234.51,"Total Cost": 50915.94,"Plan Rows": 71,"Plan Width": 31,"Actual Startup Time": 23.259,"Actual Total Time": 1527.695,"Actual Rows": 81570,"Actual Loops": 4,"Inner Unique": true,"Workers": [],"Plans": [{"Node Type": "Nested Loop","Parent Relationship": "Outer","Parallel Aware": false,"Async Capable": false,"Join Type": "Inner","Startup Cost": 5234.08,"Total Cost": 50882.91,"Plan Rows": 71,"Plan Width": 31,"Actual Startup Time": 23.189,"Actual Total Time": 798.846,"Actual Rows": 81570,"Actual Loops": 4,"Inner Unique": true,"Workers": [],"Plans": [{"Node Type": "Nested Loop","Parent Relationship": "Outer","Parallel Aware": false,"Async Capable": false,"Join Type": "Inner","Startup Cost": 5233.80,"Total Cost": 50861.42,"Plan Rows": 71,"Plan Width": 35,"Actual Startup Time": 23.135,"Actual Total Time": 661.971,"Actual Rows": 81570,"Actual Loops": 4,"Inner Unique": false,"Workers": [],"Plans": [{"Node Type": "Hash Join","Parent Relationship": "Outer","Parallel Aware": true,"Async Capable": false,"Join Type": "Inner","Startup Cost": 5233.37,"Total Cost": 25942.44,"Plan Rows": 23460,"Plan Width": 18,"Actual Startup Time": 23.069,"Actual Total Time": 203.690,"Actual Rows": 10893,"Actual Loops": 4,"Inner Unique": true,"Hash Cond": "(partsupp.ps_partkey = part.p_partkey)","Workers": [],"Plans": [{"Node Type": "Seq Scan","Parent Relationship": "Outer","Parallel Aware": true,"Async Capable": false,"Relation Name": "partsupp","Alias": "partsupp","Startup Cost": 0.00,"Total Cost": 20031.65,"Plan Rows": 258065,"Plan Width": 14,"Actual Startup Time": 0.019,"Actual Total Time": 42.732,"Actual Rows": 200000,"Actual Loops": 4,"Workers": []},{"Node Type": "Hash","Parent Relationship": "Inner","Parallel Aware": true,"Async Capable": false,"Startup Cost": 5138.67,"Total Cost": 5138.67,"Plan Rows": 7576,"Plan Width": 4,"Actual Startup Time": 22.827,"Actual Total Time": 22.842,"Actual Rows": 2723,"Actual Loops": 4,"Hash Buckets": 32768,"Original Hash Buckets": 32768,"Hash Batches": 1,"Original Hash Batches": 1,"Peak Memory Usage": 736,"Workers": [],"Plans": [{"Node Type": "Seq Scan","Parent Relationship": "Outer","Parallel Aware": true,"Async Capable": false,"Relation Name": "part","Alias": "part","Startup Cost": 0.00,"Total Cost": 5138.67,"Plan Rows": 7576,"Plan Width": 4,"Actual Startup Time": 0.046,"Actual Total Time": 21.008,"Actual Rows": 2723,"Actual Loops": 4,"Filter": "((p_name)::text ~~ '%lemon%'::text)","Rows Removed by Filter": 47277,"Workers": []}]}]},{"Node Type": "Index Scan","Parent Relationship": "Inner","Parallel Aware": false,"Async Capable": false,"Scan Direction": "Forward","Index Name": "idx_lineitem_part_supp","Relation Name": "lineitem","Alias": "lineitem","Startup Cost": 0.43,"Total Cost": 1.05,"Plan Rows": 1,"Plan Width": 29,"Actual Startup Time": 0.006,"Actual Total Time": 0.041,"Actual Rows": 7,"Actual Loops": 43572,"Index Cond": "((l_partkey = partsupp.ps_partkey) AND (l_suppkey = partsupp.ps_suppkey))","Rows Removed by Index Recheck": 0,"Workers": []}]},{"Node Type": "Index Scan","Parent Relationship": "Inner","Parallel Aware": false,"Async Capable": false,"Scan Direction": "Forward","Index Name": "supplier_pkey","Relation Name": "supplier","Alias": "supplier","Startup Cost": 0.29,"Total Cost": 0.30,"Plan Rows": 1,"Plan Width": 8,"Actual Startup Time": 0.001,"Actual Total Time": 0.001,"Actual Rows": 1,"Actual Loops": 326278,"Index Cond": "(s_suppkey = lineitem.l_suppkey)","Rows Removed by Index Recheck": 0,"Workers": []}]},{"Node Type": "Index Scan","Parent Relationship": "Inner","Parallel Aware": false,"Async Capable": false,"Scan Direction": "Forward","Index Name": "orders_pkey","Relation Name": "orders","Alias": "orders","Startup Cost": 0.43,"Total Cost": 0.47,"Plan Rows": 1,"Plan Width": 8,"Actual Startup Time": 0.009,"Actual Total Time": 0.009,"Actual Rows": 1,"Actual Loops": 326278,"Index Cond": "(o_orderkey = lineitem.l_orderkey)","Rows Removed by Index Recheck": 0,"Workers": []}]},{"Node Type": "Hash","Parent Relationship": "Inner","Parallel Aware": false,"Async Capable": false,"Startup Cost": 1.25,"Total Cost": 1.25,"Plan Rows": 25,"Plan Width": 108,"Actual Startup Time": 0.065,"Actual Total Time": 0.072,"Actual Rows": 25,"Actual Loops": 4,"Hash Buckets": 1024,"Original Hash Buckets": 1024,"Hash Batches": 1,"Original Hash Batches": 1,"Peak Memory Usage": 10,"Workers": [],"Plans": [{"Node Type": "Seq Scan","Parent Relationship": "Outer","Parallel Aware": false,"Async Capable": false,"Relation Name": "nation","Alias": "nation","Startup Cost": 0.00,"Total Cost": 1.25,"Plan Rows": 25,"Plan Width": 108,"Actual Startup Time": 0.043,"Actual Total Time": 0.049,"Actual Rows": 25,"Actual Loops": 4,"Workers": []}]}]}]}]}]}]},"Planning Time": 13.208,"Triggers": [],"Execution Time": 1890.767}]
[{"Plan": {"Node Type": "Aggregate","Strategy": "Sorted","Partial Mode": "Finalize","Parallel Aware": false,"Async Capable": false,"Startup Cost": 35224.41,"Total Cost": 35237.30,"Plan Rows": 97,"Plan Width": 168,"Actual Startup Time": 2357.364,"Actual Total Time": 2496.535,"Actual Rows": 175,"Actual Loops": 1,"Group Key": ["nation.n_name", "(EXTRACT(year FROM orders.o_orderdate))"],"Plans": [{"Node Type": "Gather Merge","Parent Relationship": "Outer","Parallel Aware": false,"Async Capable": false,"Startup Cost": 35224.41,"Total Cost": 35235.05,"Plan Rows": 80,"Plan Width": 168,"Actual Startup Time": 2355.924,"Actual Total Time": 2496.142,"Actual Rows": 525,"Actual Loops": 1,"Workers Planned": 2,"Workers Launched": 2,"Plans": [{"Node Type": "Aggregate","Strategy": "Sorted","Partial Mode": "Partial","Parent Relationship": "Outer","Parallel Aware": false,"Async Capable": false,"Startup Cost": 34224.39,"Total Cost": 34225.79,"Plan Rows": 40,"Plan Width": 168,"Actual Startup Time": 2247.984,"Actual Total Time": 2368.597,"Actual Rows": 175,"Actual Loops": 3,"Group Key": ["nation.n_name", "(EXTRACT(year FROM orders.o_orderdate))"],"Workers": [],"Plans": [{"Node Type": "Sort","Parent Relationship": "Outer","Parallel Aware": false,"Async Capable": false,"Startup Cost": 34224.39,"Total Cost": 34224.49,"Plan Rows": 40,"Plan Width": 159,"Actual Startup Time": 2247.517,"Actual Total Time": 2286.585,"Actual Rows": 107203,"Actual Loops": 3,"Sort Key": ["nation.n_name", "(EXTRACT(year FROM orders.o_orderdate)) DESC"],"Sort Method": "quicksort","Sort Space Used": 13369,"Sort Space Type": "Memory","Workers": [{"Worker Number": 0,"Sort Method": "quicksort","Sort Space Used": 14016,"Sort Space Type": "Memory"},{"Worker Number": 1,"Sort Method": "quicksort","Sort Space Used": 13856,"Sort Space Type": "Memory"}],"Plans": [{"Node Type": "Hash Join","Parent Relationship": "Outer","Parallel Aware": false,"Async Capable": false,"Join Type": "Inner","Startup Cost": 3.13,"Total Cost": 34223.32,"Plan Rows": 40,"Plan Width": 159,"Actual Startup Time": 0.679,"Actual Total Time": 2101.760,"Actual Rows": 107203,"Actual Loops": 3,"Inner Unique": true,"Hash Cond": "(supplier.s_nationkey = nation.n_nationkey)","Workers": [],"Plans": [{"Node Type": "Nested Loop","Parent Relationship": "Outer","Parallel Aware": false,"Async Capable": false,"Join Type": "Inner","Startup Cost": 1.57,"Total Cost": 34221.53,"Plan Rows": 40,"Plan Width": 31,"Actual Startup Time": 0.517,"Actual Total Time": 2070.140,"Actual Rows": 107203,"Actual Loops": 3,"Inner Unique": true,"Workers": [],"Plans": [{"Node Type": "Nested Loop","Parent Relationship": "Outer","Parallel Aware": false,"Async Capable": false,"Join Type": "Inner","Startup Cost": 1.14,"Total Cost": 34202.93,"Plan Rows": 40,"Plan Width": 31,"Actual Startup Time": 0.385,"Actual Total Time": 967.844,"Actual Rows": 107203,"Actual Loops": 3,"Inner Unique": true,"Workers": [],"Plans": [{"Node Type": "Nested Loop","Parent Relationship": "Outer","Parallel Aware": false,"Async Capable": false,"Join Type": "Inner","Startup Cost": 0.86,"Total Cost": 34190.82,"Plan Rows": 40,"Plan Width": 35,"Actual Startup Time": 0.299,"Actual Total Time": 787.636,"Actual Rows": 107203,"Actual Loops": 3,"Inner Unique": false,"Workers": [],"Plans": [{"Node Type": "Nested Loop","Parent Relationship": "Outer","Parallel Aware": false,"Async Capable": false,"Join Type": "Inner","Startup Cost": 0.42,"Total Cost": 19885.25,"Plan Rows": 13468,"Plan Width": 18,"Actual Startup Time": 0.192,"Actual Total Time": 117.102,"Actual Rows": 14315,"Actual Loops": 3,"Inner Unique": false,"Workers": [],"Plans": [{"Node Type": "Seq Scan","Parent Relationship": "Outer","Parallel Aware": true,"Async Capable": false,"Relation Name": "part","Alias": "part","Startup Cost": 0.00,"Total Cost": 5138.67,"Plan Rows": 3367,"Plan Width": 4,"Actual Startup Time": 0.065,"Actual Total Time": 51.071,"Actual Rows": 3579,"Actual Loops": 3,"Filter": "((p_name)::text ~~ '%smoke%'::text)","Rows Removed by Filter": 63088,"Workers": []},{"Node Type": "Index Scan","Parent Relationship": "Inner","Parallel Aware": false,"Async Capable": false,"Scan Direction": "Forward","Index Name": "idx_partsupp_partkey","Relation Name": "partsupp","Alias": "partsupp","Startup Cost": 0.42,"Total Cost": 4.34,"Plan Rows": 4,"Plan Width": 14,"Actual Startup Time": 0.014,"Actual Total Time": 0.018,"Actual Rows": 4,"Actual Loops": 10736,"Index Cond": "(ps_partkey = part.p_partkey)","Rows Removed by Index Recheck": 0,"Workers": []}]},{"Node Type": "Index Scan","Parent Relationship": "Inner","Parallel Aware": false,"Async Capable": false,"Scan Direction": "Forward","Index Name": "idx_lineitem_part_supp","Relation Name": "lineitem","Alias": "lineitem","Startup Cost": 0.43,"Total Cost": 1.05,"Plan Rows": 1,"Plan Width": 29,"Actual Startup Time": 0.007,"Actual Total Time": 0.045,"Actual Rows": 7,"Actual Loops": 42944,"Index Cond": "((l_partkey = partsupp.ps_partkey) AND (l_suppkey = partsupp.ps_suppkey))","Rows Removed by Index Recheck": 0,"Workers": []}]},{"Node Type": "Index Scan","Parent Relationship": "Inner","Parallel Aware": false,"Async Capable": false,"Scan Direction": "Forward","Index Name": "supplier_pkey","Relation Name": "supplier","Alias": "supplier","Startup Cost": 0.29,"Total Cost": 0.30,"Plan Rows": 1,"Plan Width": 8,"Actual Startup Time": 0.001,"Actual Total Time": 0.001,"Actual Rows": 1,"Actual Loops": 321610,"Index Cond": "(s_suppkey = lineitem.l_suppkey)","Rows Removed by Index Recheck": 0,"Workers": []}]},{"Node Type": "Index Scan","Parent Relationship": "Inner","Parallel Aware": false,"Async Capable": false,"Scan Direction": "Forward","Index Name": "orders_pkey","Relation Name": "orders","Alias": "orders","Startup Cost": 0.43,"Total Cost": 0.47,"Plan Rows": 1,"Plan Width": 8,"Actual Startup Time": 0.010,"Actual Total Time": 0.010,"Actual Rows": 1,"Actual Loops": 321610,"Index Cond": "(o_orderkey = lineitem.l_orderkey)","Rows Removed by Index Recheck": 0,"Workers": []}]},{"Node Type": "Hash","Parent Relationship": "Inner","Parallel Aware": false,"Async Capable": false,"Startup Cost": 1.25,"Total Cost": 1.25,"Plan Rows": 25,"Plan Width": 108,"Actual Startup Time": 0.075,"Actual Total Time": 0.083,"Actual Rows": 25,"Actual Loops": 3,"Hash Buckets": 1024,"Original Hash Buckets": 1024,"Hash Batches": 1,"Original Hash Batches": 1,"Peak Memory Usage": 10,"Workers": [],"Plans": [{"Node Type": "Seq Scan","Parent Relationship": "Outer","Parallel Aware": false,"Async Capable": false,"Relation Name": "nation","Alias": "nation","Startup Cost": 0.00,"Total Cost": 1.25,"Plan Rows": 25,"Plan Width": 108,"Actual Startup Time": 0.048,"Actual Total Time": 0.054,"Actual Rows": 25,"Actual Loops": 3,"Workers": []}]}]}]}]}]}]},"Planning Time": 11.689,"Triggers": [],"Execution Time": 2500.376}]
[{"Plan": {"Node Type": "Aggregate","Strategy": "Sorted","Partial Mode": "Finalize","Parallel Aware": false,"Async Capable": false,"Startup Cost": 46348.90,"Total Cost": 46374.41,"Plan Rows": 170,"Plan Width": 168,"Actual Startup Time": 1721.273,"Actual Total Time": 1854.515,"Actual Rows": 175,"Actual Loops": 1,"Group Key": ["nation.n_name", "(EXTRACT(year FROM orders.o_orderdate))"],"Plans": [{"Node Type": "Gather Merge","Parent Relationship": "Outer","Parallel Aware": false,"Async Capable": false,"Startup Cost": 46348.90,"Total Cost": 46370.21,"Plan Rows": 165,"Plan Width": 168,"Actual Startup Time": 1719.350,"Actual Total Time": 1854.023,"Actual Rows": 700,"Actual Loops": 1,"Workers Planned": 3,"Workers Launched": 3,"Plans": [{"Node Type": "Aggregate","Strategy": "Sorted","Partial Mode": "Partial","Parent Relationship": "Outer","Parallel Aware": false,"Async Capable": false,"Startup Cost": 45348.86,"Total Cost": 45350.79,"Plan Rows": 55,"Plan Width": 168,"Actual Startup Time": 1646.442,"Actual Total Time": 1738.929,"Actual Rows": 175,"Actual Loops": 4,"Group Key": ["nation.n_name", "(EXTRACT(year FROM orders.o_orderdate))"],"Workers": [],"Plans": [{"Node Type": "Sort","Parent Relationship": "Outer","Parallel Aware": false,"Async Capable": false,"Startup Cost": 45348.86,"Total Cost": 45349.00,"Plan Rows": 55,"Plan Width": 159,"Actual Startup Time": 1645.906,"Actual Total Time": 1677.663,"Actual Rows": 81262,"Actual Loops": 4,"Sort Key": ["nation.n_name", "(EXTRACT(year FROM orders.o_orderdate)) DESC"],"Sort Method": "quicksort","Sort Space Used": 11306,"Sort Space Type": "Memory","Workers": [{"Worker Number": 0,"Sort Method": "quicksort","Sort Space Used": 11205,"Sort Space Type": "Memory"},{"Worker Number": 1,"Sort Method": "quicksort","Sort Space Used": 11072,"Sort Space Type": "Memory"},{"Worker Number": 2,"Sort Method": "quicksort","Sort Space Used": 11071,"Sort Space Type": "Memory"}],"Plans": [{"Node Type": "Hash Join","Parent Relationship": "Outer","Parallel Aware": false,"Async Capable": false,"Join Type": "Inner","Startup Cost": 5215.02,"Total Cost": 45347.27,"Plan Rows": 55,"Plan Width": 159,"Actual Startup Time": 21.234,"Actual Total Time": 1544.257,"Actual Rows": 81262,"Actual Loops": 4,"Inner Unique": true,"Hash Cond": "(supplier.s_nationkey = nation.n_nationkey)","Workers": [],"Plans": [{"Node Type": "Nested Loop","Parent Relationship": "Outer","Parallel Aware": false,"Async Capable": false,"Join Type": "Inner","Startup Cost": 5213.46,"Total Cost": 45345.40,"Plan Rows": 55,"Plan Width": 31,"Actual Startup Time": 21.038,"Actual Total Time": 1520.991,"Actual Rows": 81262,"Actual Loops": 4,"Inner Unique": true,"Workers": [],"Plans": [{"Node Type": "Nested Loop","Parent Relationship": "Outer","Parallel Aware": false,"Async Capable": false,"Join Type": "Inner","Startup Cost": 5213.03,"Total Cost": 45319.82,"Plan Rows": 55,"Plan Width": 31,"Actual Startup Time": 20.972,"Actual Total Time": 791.083,"Actual Rows": 81262,"Actual Loops": 4,"Inner Unique": true,"Workers": [],"Plans": [{"Node Type": "Nested Loop","Parent Relationship": "Outer","Parallel Aware": false,"Async Capable": false,"Join Type": "Inner","Startup Cost": 5212.75,"Total Cost": 45303.17,"Plan Rows": 55,"Plan Width": 35,"Actual Startup Time": 20.917,"Actual Total Time": 653.989,"Actual Rows": 81262,"Actual Loops": 4,"Inner Unique": false,"Workers": [],"Plans": [{"Node Type": "Hash Join","Parent Relationship": "Outer","Parallel Aware": true,"Async Capable": false,"Join Type": "Inner","Startup Cost": 5212.32,"Total Cost": 25921.39,"Plan Rows": 18247,"Plan Width": 18,"Actual Startup Time": 20.846,"Actual Total Time": 195.804,"Actual Rows": 10838,"Actual Loops": 4,"Inner Unique": true,"Hash Cond": "(partsupp.ps_partkey = part.p_partkey)","Workers": [],"Plans": [{"Node Type": "Seq Scan","Parent Relationship": "Outer","Parallel Aware": true,"Async Capable": false,"Relation Name": "partsupp","Alias": "partsupp","Startup Cost": 0.00,"Total Cost": 20031.65,"Plan Rows": 258065,"Plan Width": 14,"Actual Startup Time": 0.011,"Actual Total Time": 42.921,"Actual Rows": 200000,"Actual Loops": 4,"Workers": []},{"Node Type": "Hash","Parent Relationship": "Inner","Parallel Aware": true,"Async Capable": false,"Startup Cost": 5138.67,"Total Cost": 5138.67,"Plan Rows": 5892,"Plan Width": 4,"Actual Startup Time": 20.643,"Actual Total Time": 20.652,"Actual Rows": 2710,"Actual Loops": 4,"Hash Buckets": 16384,"Original Hash Buckets": 16384,"Hash Batches": 1,"Original Hash Batches": 1,"Peak Memory Usage": 608,"Workers": [],"Plans": [{"Node Type": "Seq Scan","Parent Relationship": "Outer","Parallel Aware": true,"Async Capable": false,"Relation Name": "part","Alias": "part","Startup Cost": 0.00,"Total Cost": 5138.67,"Plan Rows": 5892,"Plan Width": 4,"Actual Startup Time": 0.061,"Actual Total Time": 19.025,"Actual Rows": 2710,"Actual Loops": 4,"Filter": "((p_name)::text ~~ '%burnished%'::text)","Rows Removed by Filter": 47290,"Workers": []}]}]},{"Node Type": "Index Scan","Parent Relationship": "Inner","Parallel Aware": false,"Async Capable": false,"Scan Direction": "Forward","Index Name": "idx_lineitem_part_supp","Relation Name": "lineitem","Alias": "lineitem","Startup Cost": 0.43,"Total Cost": 1.05,"Plan Rows": 1,"Plan Width": 29,"Actual Startup Time": 0.006,"Actual Total Time": 0.041,"Actual Rows": 7,"Actual Loops": 43352,"Index Cond": "((l_partkey = partsupp.ps_partkey) AND (l_suppkey = partsupp.ps_suppkey))","Rows Removed by Index Recheck": 0,"Workers": []}]},{"Node Type": "Index Scan","Parent Relationship": "Inner","Parallel Aware": false,"Async Capable": false,"Scan Direction": "Forward","Index Name": "supplier_pkey","Relation Name": "supplier","Alias": "supplier","Startup Cost": 0.29,"Total Cost": 0.30,"Plan Rows": 1,"Plan Width": 8,"Actual Startup Time": 0.001,"Actual Total Time": 0.001,"Actual Rows": 1,"Actual Loops": 325050,"Index Cond": "(s_suppkey = lineitem.l_suppkey)","Rows Removed by Index Recheck": 0,"Workers": []}]},{"Node Type": "Index Scan","Parent Relationship": "Inner","Parallel Aware": false,"Async Capable": false,"Scan Direction": "Forward","Index Name": "orders_pkey","Relation Name": "orders","Alias": "orders","Startup Cost": 0.43,"Total Cost": 0.47,"Plan Rows": 1,"Plan Width": 8,"Actual Startup Time": 0.009,"Actual Total Time": 0.009,"Actual Rows": 1,"Actual Loops": 325050,"Index Cond": "(o_orderkey = lineitem.l_orderkey)","Rows Removed by Index Recheck": 0,"Workers": []}]},{"Node Type": "Hash","Parent Relationship": "Inner","Parallel Aware": false,"Async Capable": false,"Startup Cost": 1.25,"Total Cost": 1.25,"Plan Rows": 25,"Plan Width": 108,"Actual Startup Time": 0.087,"Actual Total Time": 0.092,"Actual Rows": 25,"Actual Loops": 4,"Hash Buckets": 1024,"Original Hash Buckets": 1024,"Hash Batches": 1,"Original Hash Batches": 1,"Peak Memory Usage": 10,"Workers": [],"Plans": [{"Node Type": "Seq Scan","Parent Relationship": "Outer","Parallel Aware": false,"Async Capable": false,"Relation Name": "nation","Alias": "nation","Startup Cost": 0.00,"Total Cost": 1.25,"Plan Rows": 25,"Plan Width": 108,"Actual Startup Time": 0.057,"Actual Total Time": 0.064,"Actual Rows": 25,"Actual Loops": 4,"Workers": []}]}]}]}]}]}]},"Planning Time": 12.393,"Triggers": [],"Execution Time": 1858.181}]
[{"Plan": {"Node Type": "Aggregate","Strategy": "Sorted","Partial Mode": "Finalize","Parallel Aware": false,"Async Capable": false,"Startup Cost": 35224.41,"Total Cost": 35237.30,"Plan Rows": 97,"Plan Width": 168,"Actual Startup Time": 2453.912,"Actual Total Time": 2546.232,"Actual Rows": 175,"Actual Loops": 1,"Group Key": ["nation.n_name", "(EXTRACT(year FROM orders.o_orderdate))"],"Plans": [{"Node Type": "Gather Merge","Parent Relationship": "Outer","Parallel Aware": false,"Async Capable": false,"Startup Cost": 35224.41,"Total Cost": 35235.05,"Plan Rows": 80,"Plan Width": 168,"Actual Startup Time": 2452.278,"Actual Total Time": 2545.858,"Actual Rows": 525,"Actual Loops": 1,"Workers Planned": 2,"Workers Launched": 2,"Plans": [{"Node Type": "Aggregate","Strategy": "Sorted","Partial Mode": "Partial","Parent Relationship": "Outer","Parallel Aware": false,"Async Capable": false,"Startup Cost": 34224.39,"Total Cost": 34225.79,"Plan Rows": 40,"Plan Width": 168,"Actual Startup Time": 2332.762,"Actual Total Time": 2454.611,"Actual Rows": 175,"Actual Loops": 3,"Group Key": ["nation.n_name", "(EXTRACT(year FROM orders.o_orderdate))"],"Workers": [],"Plans": [{"Node Type": "Sort","Parent Relationship": "Outer","Parallel Aware": false,"Async Capable": false,"Startup Cost": 34224.39,"Total Cost": 34224.49,"Plan Rows": 40,"Plan Width": 159,"Actual Startup Time": 2332.182,"Actual Total Time": 2371.566,"Actual Rows": 110005,"Actual Loops": 3,"Sort Key": ["nation.n_name", "(EXTRACT(year FROM orders.o_orderdate)) DESC"],"Sort Method": "quicksort","Sort Space Used": 14433,"Sort Space Type": "Memory","Workers": [{"Worker Number": 0,"Sort Method": "quicksort","Sort Space Used": 14051,"Sort Space Type": "Memory"},{"Worker Number": 1,"Sort Method": "quicksort","Sort Space Used": 13596,"Sort Space Type": "Memory"}],"Plans": [{"Node Type": "Hash Join","Parent Relationship": "Outer","Parallel Aware": false,"Async Capable": false,"Join Type": "Inner","Startup Cost": 3.13,"Total Cost": 34223.32,"Plan Rows": 40,"Plan Width": 159,"Actual Startup Time": 0.610,"Actual Total Time": 2182.614,"Actual Rows": 110005,"Actual Loops": 3,"Inner Unique": true,"Hash Cond": "(supplier.s_nationkey = nation.n_nationkey)","Workers": [],"Plans": [{"Node Type": "Nested Loop","Parent Relationship": "Outer","Parallel Aware": false,"Async Capable": false,"Join Type": "Inner","Startup Cost": 1.57,"Total Cost": 34221.53,"Plan Rows": 40,"Plan Width": 31,"Actual Startup Time": 0.446,"Actual Total Time": 2150.932,"Actual Rows": 110005,"Actual Loops": 3,"Inner Unique": true,"Workers": [],"Plans": [{"Node Type": "Nested Loop","Parent Relationship": "Outer","Parallel Aware": false,"Async Capable": false,"Join Type": "Inner","Startup Cost": 1.14,"Total Cost": 34202.93,"Plan Rows": 40,"Plan Width": 31,"Actual Startup Time": 0.323,"Actual Total Time": 997.991,"Actual Rows": 110005,"Actual Loops": 3,"Inner Unique": true,"Workers": [],"Plans": [{"Node Type": "Nested Loop","Parent Relationship": "Outer","Parallel Aware": false,"Async Capable": false,"Join Type": "Inner","Startup Cost": 0.86,"Total Cost": 34190.82,"Plan Rows": 40,"Plan Width": 35,"Actual Startup Time": 0.253,"Actual Total Time": 810.725,"Actual Rows": 110005,"Actual Loops": 3,"Inner Unique": false,"Workers": [],"Plans": [{"Node Type": "Nested Loop","Parent Relationship": "Outer","Parallel Aware": false,"Async Capable": false,"Join Type": "Inner","Startup Cost": 0.42,"Total Cost": 19885.25,"Plan Rows": 13468,"Plan Width": 18,"Actual Startup Time": 0.159,"Actual Total Time": 119.482,"Actual Rows": 14625,"Actual Loops": 3,"Inner Unique": false,"Workers": [],"Plans": [{"Node Type": "Seq Scan","Parent Relationship": "Outer","Parallel Aware": true,"Async Capable": false,"Relation Name": "part","Alias": "part","Startup Cost": 0.00,"Total Cost": 5138.67,"Plan Rows": 3367,"Plan Width": 4,"Actual Startup Time": 0.055,"Actual Total Time": 51.564,"Actual Rows": 3656,"Actual Loops": 3,"Filter": "((p_name)::text ~~ '%seashell%'::text)","Rows Removed by Filter": 63010,"Workers": []},{"Node Type": "Index Scan","Parent Relationship": "Inner","Parallel Aware": false,"Async Capable": false,"Scan Direction": "Forward","Index Name": "idx_partsupp_partkey","Relation Name": "partsupp","Alias": "partsupp","Startup Cost": 0.42,"Total Cost": 4.34,"Plan Rows": 4,"Plan Width": 14,"Actual Startup Time": 0.014,"Actual Total Time": 0.018,"Actual Rows": 4,"Actual Loops": 10969,"Index Cond": "(ps_partkey = part.p_partkey)","Rows Removed by Index Recheck": 0,"Workers": []}]},{"Node Type": "Index Scan","Parent Relationship": "Inner","Parallel Aware": false,"Async Capable": false,"Scan Direction": "Forward","Index Name": "idx_lineitem_part_supp","Relation Name": "lineitem","Alias": "lineitem","Startup Cost": 0.43,"Total Cost": 1.05,"Plan Rows": 1,"Plan Width": 29,"Actual Startup Time": 0.007,"Actual Total Time": 0.046,"Actual Rows": 8,"Actual Loops": 43876,"Index Cond": "((l_partkey = partsupp.ps_partkey) AND (l_suppkey = partsupp.ps_suppkey))","Rows Removed by Index Recheck": 0,"Workers": []}]},{"Node Type": "Index Scan","Parent Relationship": "Inner","Parallel Aware": false,"Async Capable": false,"Scan Direction": "Forward","Index Name": "supplier_pkey","Relation Name": "supplier","Alias": "supplier","Startup Cost": 0.29,"Total Cost": 0.30,"Plan Rows": 1,"Plan Width": 8,"Actual Startup Time": 0.001,"Actual Total Time": 0.001,"Actual Rows": 1,"Actual Loops": 330015,"Index Cond": "(s_suppkey = lineitem.l_suppkey)","Rows Removed by Index Recheck": 0,"Workers": []}]},{"Node Type": "Index Scan","Parent Relationship": "Inner","Parallel Aware": false,"Async Capable": false,"Scan Direction": "Forward","Index Name": "orders_pkey","Relation Name": "orders","Alias": "orders","Startup Cost": 0.43,"Total Cost": 0.47,"Plan Rows": 1,"Plan Width": 8,"Actual Startup Time": 0.010,"Actual Total Time": 0.010,"Actual Rows": 1,"Actual Loops": 330015,"Index Cond": "(o_orderkey = lineitem.l_orderkey)","Rows Removed by Index Recheck": 0,"Workers": []}]},{"Node Type": "Hash","Parent Relationship": "Inner","Parallel Aware": false,"Async Capable": false,"Startup Cost": 1.25,"Total Cost": 1.25,"Plan Rows": 25,"Plan Width": 108,"Actual Startup Time": 0.079,"Actual Total Time": 0.113,"Actual Rows": 25,"Actual Loops": 3,"Hash Buckets": 1024,"Original Hash Buckets": 1024,"Hash Batches": 1,"Original Hash Batches": 1,"Peak Memory Usage": 10,"Workers": [],"Plans": [{"Node Type": "Seq Scan","Parent Relationship": "Outer","Parallel Aware": false,"Async Capable": false,"Relation Name": "nation","Alias": "nation","Startup Cost": 0.00,"Total Cost": 1.25,"Plan Rows": 25,"Plan Width": 108,"Actual Startup Time": 0.053,"Actual Total Time": 0.084,"Actual Rows": 25,"Actual Loops": 3,"Workers": []}]}]}]}]}]}]},"Planning Time": 12.078,"Triggers": [],"Execution Time": 2551.044}]
[{"Plan": {"Node Type": "Aggregate","Strategy": "Sorted","Partial Mode": "Finalize","Parallel Aware": false,"Async Capable": false,"Startup Cost": 46348.90,"Total Cost": 46374.41,"Plan Rows": 170,"Plan Width": 168,"Actual Startup Time": 1721.273,"Actual Total Time": 1854.515,"Actual Rows": 175,"Actual Loops": 1,"Group Key": ["nation.n_name", "(EXTRACT(year FROM orders.o_orderdate))"],"Plans": [{"Node Type": "Gather Merge","Parent Relationship": "Outer","Parallel Aware": false,"Async Capable": false,"Startup Cost": 46348.90,"Total Cost": 46370.21,"Plan Rows": 165,"Plan Width": 168,"Actual Startup Time": 1719.350,"Actual Total Time": 1854.023,"Actual Rows": 700,"Actual Loops": 1,"Workers Planned": 3,"Workers Launched": 3,"Plans": [{"Node Type": "Aggregate","Strategy": "Sorted","Partial Mode": "Partial","Parent Relationship": "Outer","Parallel Aware": false,"Async Capable": false,"Startup Cost": 45348.86,"Total Cost": 45350.79,"Plan Rows": 55,"Plan Width": 168,"Actual Startup Time": 1646.442,"Actual Total Time": 1738.929,"Actual Rows": 175,"Actual Loops": 4,"Group Key": ["nation.n_name", "(EXTRACT(year FROM orders.o_orderdate))"],"Workers": [],"Plans": [{"Node Type": "Sort","Parent Relationship": "Outer","Parallel Aware": false,"Async Capable": false,"Startup Cost": 45348.86,"Total Cost": 45349.00,"Plan Rows": 55,"Plan Width": 159,"Actual Startup Time": 1645.906,"Actual Total Time": 1677.663,"Actual Rows": 81262,"Actual Loops": 4,"Sort Key": ["nation.n_name", "(EXTRACT(year FROM orders.o_orderdate)) DESC"],"Sort Method": "quicksort","Sort Space Used": 11306,"Sort Space Type": "Memory","Workers": [{"Worker Number": 0,"Sort Method": "quicksort","Sort Space Used": 11205,"Sort Space Type": "Memory"},{"Worker Number": 1,"Sort Method": "quicksort","Sort Space Used": 11072,"Sort Space Type": "Memory"},{"Worker Number": 2,"Sort Method": "quicksort","Sort Space Used": 11071,"Sort Space Type": "Memory"}],"Plans": [{"Node Type": "Hash Join","Parent Relationship": "Outer","Parallel Aware": false,"Async Capable": false,"Join Type": "Inner","Startup Cost": 5215.02,"Total Cost": 45347.27,"Plan Rows": 55,"Plan Width": 159,"Actual Startup Time": 21.234,"Actual Total Time": 1544.257,"Actual Rows": 81262,"Actual Loops": 4,"Inner Unique": true,"Hash Cond": "(supplier.s_nationkey = nation.n_nationkey)","Workers": [],"Plans": [{"Node Type": "Nested Loop","Parent Relationship": "Outer","Parallel Aware": false,"Async Capable": false,"Join Type": "Inner","Startup Cost": 5213.46,"Total Cost": 45345.40,"Plan Rows": 55,"Plan Width": 31,"Actual Startup Time": 21.038,"Actual Total Time": 1520.991,"Actual Rows": 81262,"Actual Loops": 4,"Inner Unique": true,"Workers": [],"Plans": [{"Node Type": "Nested Loop","Parent Relationship": "Outer","Parallel Aware": false,"Async Capable": false,"Join Type": "Inner","Startup Cost": 5213.03,"Total Cost": 45319.82,"Plan Rows": 55,"Plan Width": 31,"Actual Startup Time": 20.972,"Actual Total Time": 791.083,"Actual Rows": 81262,"Actual Loops": 4,"Inner Unique": true,"Workers": [],"Plans": [{"Node Type": "Nested Loop","Parent Relationship": "Outer","Parallel Aware": false,"Async Capable": false,"Join Type": "Inner","Startup Cost": 5212.75,"Total Cost": 45303.17,"Plan Rows": 55,"Plan Width": 35,"Actual Startup Time": 20.917,"Actual Total Time": 653.989,"Actual Rows": 81262,"Actual Loops": 4,"Inner Unique": false,"Workers": [],"Plans": [{"Node Type": "Hash Join","Parent Relationship": "Outer","Parallel Aware": true,"Async Capable": false,"Join Type": "Inner","Startup Cost": 5212.32,"Total Cost": 25921.39,"Plan Rows": 18247,"Plan Width": 18,"Actual Startup Time": 20.846,"Actual Total Time": 195.804,"Actual Rows": 10838,"Actual Loops": 4,"Inner Unique": true,"Hash Cond": "(partsupp.ps_partkey = part.p_partkey)","Workers": [],"Plans": [{"Node Type": "Seq Scan","Parent Relationship": "Outer","Parallel Aware": true,"Async Capable": false,"Relation Name": "partsupp","Alias": "partsupp","Startup Cost": 0.00,"Total Cost": 20031.65,"Plan Rows": 258065,"Plan Width": 14,"Actual Startup Time": 0.011,"Actual Total Time": 42.921,"Actual Rows": 200000,"Actual Loops": 4,"Workers": []},{"Node Type": "Hash","Parent Relationship": "Inner","Parallel Aware": true,"Async Capable": false,"Startup Cost": 5138.67,"Total Cost": 5138.67,"Plan Rows": 5892,"Plan Width": 4,"Actual Startup Time": 20.643,"Actual Total Time": 20.652,"Actual Rows": 2710,"Actual Loops": 4,"Hash Buckets": 16384,"Original Hash Buckets": 16384,"Hash Batches": 1,"Original Hash Batches": 1,"Peak Memory Usage": 608,"Workers": [],"Plans": [{"Node Type": "Seq Scan","Parent Relationship": "Outer","Parallel Aware": true,"Async Capable": false,"Relation Name": "part","Alias": "part","Startup Cost": 0.00,"Total Cost": 5138.67,"Plan Rows": 5892,"Plan Width": 4,"Actual Startup Time": 0.061,"Actual Total Time": 19.025,"Actual Rows": 2710,"Actual Loops": 4,"Filter": "((p_name)::text ~~ '%burnished%'::text)","Rows Removed by Filter": 47290,"Workers": []}]}]},{"Node Type": "Index Scan","Parent Relationship": "Inner","Parallel Aware": false,"Async Capable": false,"Scan Direction": "Forward","Index Name": "idx_lineitem_part_supp","Relation Name": "lineitem","Alias": "lineitem","Startup Cost": 0.43,"Total Cost": 1.05,"Plan Rows": 1,"Plan Width": 29,"Actual Startup Time": 0.006,"Actual Total Time": 0.041,"Actual Rows": 7,"Actual Loops": 43352,"Index Cond": "((l_partkey = partsupp.ps_partkey) AND (l_suppkey = partsupp.ps_suppkey))","Rows Removed by Index Recheck": 0,"Workers": []}]},{"Node Type": "Index Scan","Parent Relationship": "Inner","Parallel Aware": false,"Async Capable": false,"Scan Direction": "Forward","Index Name": "supplier_pkey","Relation Name": "supplier","Alias": "supplier","Startup Cost": 0.29,"Total Cost": 0.30,"Plan Rows": 1,"Plan Width": 8,"Actual Startup Time": 0.001,"Actual Total Time": 0.001,"Actual Rows": 1,"Actual Loops": 325050,"Index Cond": "(s_suppkey = lineitem.l_suppkey)","Rows Removed by Index Recheck": 0,"Workers": []}]},{"Node Type": "Index Scan","Parent Relationship": "Inner","Parallel Aware": false,"Async Capable": false,"Scan Direction": "Forward","Index Name": "orders_pkey","Relation Name": "orders","Alias": "orders","Startup Cost": 0.43,"Total Cost": 0.47,"Plan Rows": 1,"Plan Width": 8,"Actual Startup Time": 0.009,"Actual Total Time": 0.009,"Actual Rows": 1,"Actual Loops": 325050,"Index Cond": "(o_orderkey = lineitem.l_orderkey)","Rows Removed by Index Recheck": 0,"Workers": []}]},{"Node Type": "Hash","Parent Relationship": "Inner","Parallel Aware": false,"Async Capable": false,"Startup Cost": 1.25,"Total Cost": 1.25,"Plan Rows": 25,"Plan Width": 108,"Actual Startup Time": 0.087,"Actual Total Time": 0.092,"Actual Rows": 25,"Actual Loops": 4,"Hash Buckets": 1024,"Original Hash Buckets": 1024,"Hash Batches": 1,"Original Hash Batches": 1,"Peak Memory Usage": 10,"Workers": [],"Plans": [{"Node Type": "Seq Scan","Parent Relationship": "Outer","Parallel Aware": false,"Async Capable": false,"Relation Name": "nation","Alias": "nation","Startup Cost": 0.00,"Total Cost": 1.25,"Plan Rows": 25,"Plan Width": 108,"Actual Startup Time": 0.057,"Actual Total Time": 0.064,"Actual Rows": 25,"Actual Loops": 4,"Workers": []}]}]}]}]}]}]},"Planning Time": 12.393,"Triggers": [],"Execution Time": 1858.181}]
[{"Plan": {"Node Type": "Aggregate","Strategy": "Sorted","Partial Mode": "Finalize","Parallel Aware": false,"Async Capable": false,"Startup Cost": 15191.58,"Total Cost": 15194.80,"Plan Rows": 24,"Plan Width": 168,"Actual Startup Time": 2580.050,"Actual Total Time": 2695.598,"Actual Rows": 175,"Actual Loops": 1,"Group Key": ["nation.n_name", "(EXTRACT(year FROM orders.o_orderdate))"],"Plans": [{"Node Type": "Gather Merge","Parent Relationship": "Outer","Parallel Aware": false,"Async Capable": false,"Startup Cost": 15191.58,"Total Cost": 15194.24,"Plan Rows": 20,"Plan Width": 168,"Actual Startup Time": 2578.182,"Actual Total Time": 2695.139,"Actual Rows": 525,"Actual Loops": 1,"Workers Planned": 2,"Workers Launched": 2,"Plans": [{"Node Type": "Aggregate","Strategy": "Sorted","Partial Mode": "Partial","Parent Relationship": "Outer","Parallel Aware": false,"Async Capable": false,"Startup Cost": 14191.56,"Total Cost": 14191.91,"Plan Rows": 10,"Plan Width": 168,"Actual Startup Time": 2460.574,"Actual Total Time": 2586.008,"Actual Rows": 175,"Actual Loops": 3,"Group Key": ["nation.n_name", "(EXTRACT(year FROM orders.o_orderdate))"],"Workers": [],"Plans": [{"Node Type": "Sort","Parent Relationship": "Outer","Parallel Aware": false,"Async Capable": false,"Startup Cost": 14191.56,"Total Cost": 14191.59,"Plan Rows": 10,"Plan Width": 159,"Actual Startup Time": 2459.945,"Actual Total Time": 2501.002,"Actual Rows": 109962,"Actual Loops": 3,"Sort Key": ["nation.n_name", "(EXTRACT(year FROM orders.o_orderdate)) DESC"],"Sort Method": "quicksort","Sort Space Used": 14734,"Sort Space Type": "Memory","Workers": [{"Worker Number": 0,"Sort Method": "quicksort","Sort Space Used": 13697,"Sort Space Type": "Memory"},{"Worker Number": 1,"Sort Method": "quicksort","Sort Space Used": 13637,"Sort Space Type": "Memory"}],"Plans": [{"Node Type": "Nested Loop","Parent Relationship": "Outer","Parallel Aware": false,"Async Capable": false,"Join Type": "Inner","Startup Cost": 1.71,"Total Cost": 14191.39,"Plan Rows": 10,"Plan Width": 159,"Actual Startup Time": 0.548,"Actual Total Time": 2314.077,"Actual Rows": 109962,"Actual Loops": 3,"Inner Unique": true,"Workers": [],"Plans": [{"Node Type": "Nested Loop","Parent Relationship": "Outer","Parallel Aware": false,"Async Capable": false,"Join Type": "Inner","Startup Cost": 1.57,"Total Cost": 14189.81,"Plan Rows": 10,"Plan Width": 31,"Actual Startup Time": 0.468,"Actual Total Time": 2156.976,"Actual Rows": 109962,"Actual Loops": 3,"Inner Unique": true,"Workers": [],"Plans": [{"Node Type": "Nested Loop","Parent Relationship": "Outer","Parallel Aware": false,"Async Capable": false,"Join Type": "Inner","Startup Cost": 1.14,"Total Cost": 14185.15,"Plan Rows": 10,"Plan Width": 31,"Actual Startup Time": 0.326,"Actual Total Time": 995.510,"Actual Rows": 109962,"Actual Loops": 3,"Inner Unique": true,"Workers": [],"Plans": [{"Node Type": "Nested Loop","Parent Relationship": "Outer","Parallel Aware": false,"Async Capable": false,"Join Type": "Inner","Startup Cost": 0.86,"Total Cost": 14182.13,"Plan Rows": 10,"Plan Width": 35,"Actual Startup Time": 0.255,"Actual Total Time": 803.233,"Actual Rows": 109962,"Actual Loops": 3,"Inner Unique": false,"Workers": [],"Plans": [{"Node Type": "Nested Loop","Parent Relationship": "Outer","Parallel Aware": false,"Async Capable": false,"Join Type": "Inner","Startup Cost": 0.42,"Total Cost": 10605.73,"Plan Rows": 3367,"Plan Width": 18,"Actual Startup Time": 0.152,"Actual Total Time": 120.343,"Actual Rows": 14627,"Actual Loops": 3,"Inner Unique": false,"Workers": [],"Plans": [{"Node Type": "Seq Scan","Parent Relationship": "Outer","Parallel Aware": true,"Async Capable": false,"Relation Name": "part","Alias": "part","Startup Cost": 0.00,"Total Cost": 5138.67,"Plan Rows": 842,"Plan Width": 4,"Actual Startup Time": 0.051,"Actual Total Time": 50.932,"Actual Rows": 3657,"Actual Loops": 3,"Filter": "((p_name)::text ~~ '%almond%'::text)","Rows Removed by Filter": 63010,"Workers": []},{"Node Type": "Index Scan","Parent Relationship": "Inner","Parallel Aware": false,"Async Capable": false,"Scan Direction": "Forward","Index Name": "idx_partsupp_partkey","Relation Name": "partsupp","Alias": "partsupp","Startup Cost": 0.42,"Total Cost": 6.45,"Plan Rows": 4,"Plan Width": 14,"Actual Startup Time": 0.013,"Actual Total Time": 0.018,"Actual Rows": 4,"Actual Loops": 10970,"Index Cond": "(ps_partkey = part.p_partkey)","Rows Removed by Index Recheck": 0,"Workers": []}]},{"Node Type": "Index Scan","Parent Relationship": "Inner","Parallel Aware": false,"Async Capable": false,"Scan Direction": "Forward","Index Name": "idx_lineitem_part_supp","Relation Name": "lineitem","Alias": "lineitem","Startup Cost": 0.43,"Total Cost": 1.05,"Plan Rows": 1,"Plan Width": 29,"Actual Startup Time": 0.007,"Actual Total Time": 0.045,"Actual Rows": 8,"Actual Loops": 43880,"Index Cond": "((l_partkey = partsupp.ps_partkey) AND (l_suppkey = partsupp.ps_suppkey))","Rows Removed by Index Recheck": 0,"Workers": []}]},{"Node Type": "Index Scan","Parent Relationship": "Inner","Parallel Aware": false,"Async Capable": false,"Scan Direction": "Forward","Index Name": "supplier_pkey","Relation Name": "supplier","Alias": "supplier","Startup Cost": 0.29,"Total Cost": 0.30,"Plan Rows": 1,"Plan Width": 8,"Actual Startup Time": 0.001,"Actual Total Time": 0.001,"Actual Rows": 1,"Actual Loops": 329885,"Index Cond": "(s_suppkey = lineitem.l_suppkey)","Rows Removed by Index Recheck": 0,"Workers": []}]},{"Node Type": "Index Scan","Parent Relationship": "Inner","Parallel Aware": false,"Async Capable": false,"Scan Direction": "Forward","Index Name": "orders_pkey","Relation Name": "orders","Alias": "orders","Startup Cost": 0.43,"Total Cost": 0.47,"Plan Rows": 1,"Plan Width": 8,"Actual Startup Time": 0.010,"Actual Total Time": 0.010,"Actual Rows": 1,"Actual Loops": 329885,"Index Cond": "(o_orderkey = lineitem.l_orderkey)","Rows Removed by Index Recheck": 0,"Workers": []}]},{"Node Type": "Index Scan","Parent Relationship": "Inner","Parallel Aware": false,"Async Capable": false,"Scan Direction": "Forward","Index Name": "nation_pkey","Relation Name": "nation","Alias": "nation","Startup Cost": 0.14,"Total Cost": 0.16,"Plan Rows": 1,"Plan Width": 108,"Actual Startup Time": 0.001,"Actual Total Time": 0.001,"Actual Rows": 1,"Actual Loops": 329885,"Index Cond": "(n_nationkey = supplier.s_nationkey)","Rows Removed by Index Recheck": 0,"Workers": []}]}]}]}]}]},"Planning Time": 11.358,"Triggers": [],"Execution Time": 2698.445}]
[{"Plan": {"Node Type": "Aggregate","Strategy": "Sorted","Partial Mode": "Finalize","Parallel Aware": false,"Async Capable": false,"Startup Cost": 51920.12,"Total Cost": 51953.05,"Plan Rows": 219,"Plan Width": 168,"Actual Startup Time": 1695.944,"Actual Total Time": 1812.622,"Actual Rows": 175,"Actual Loops": 1,"Group Key": ["nation.n_name", "(EXTRACT(year FROM orders.o_orderdate))"],"Plans": [{"Node Type": "Gather Merge","Parent Relationship": "Outer","Parallel Aware": false,"Async Capable": false,"Startup Cost": 51920.12,"Total Cost": 51947.63,"Plan Rows": 213,"Plan Width": 168,"Actual Startup Time": 1695.015,"Actual Total Time": 1812.175,"Actual Rows": 700,"Actual Loops": 1,"Workers Planned": 3,"Workers Launched": 3,"Plans": [{"Node Type": "Aggregate","Strategy": "Sorted","Partial Mode": "Partial","Parent Relationship": "Outer","Parallel Aware": false,"Async Capable": false,"Startup Cost": 50920.08,"Total Cost": 50922.56,"Plan Rows": 71,"Plan Width": 168,"Actual Startup Time": 1627.056,"Actual Total Time": 1716.761,"Actual Rows": 175,"Actual Loops": 4,"Group Key": ["nation.n_name", "(EXTRACT(year FROM orders.o_orderdate))"],"Workers": [],"Plans": [{"Node Type": "Sort","Parent Relationship": "Outer","Parallel Aware": false,"Async Capable": false,"Startup Cost": 50920.08,"Total Cost": 50920.26,"Plan Rows": 71,"Plan Width": 159,"Actual Startup Time": 1626.699,"Actual Total Time": 1654.684,"Actual Rows": 82048,"Actual Loops": 4,"Sort Key": ["nation.n_name", "(EXTRACT(year FROM orders.o_orderdate)) DESC"],"Sort Method": "quicksort","Sort Space Used": 10998,"Sort Space Type": "Memory","Workers": [{"Worker Number": 0,"Sort Method": "quicksort","Sort Space Used": 11093,"Sort Space Type": "Memory"},{"Worker Number": 1,"Sort Method": "quicksort","Sort Space Used": 11417,"Sort Space Type": "Memory"},{"Worker Number": 2,"Sort Method": "quicksort","Sort Space Used": 11464,"Sort Space Type": "Memory"}],"Plans": [{"Node Type": "Hash Join","Parent Relationship": "Outer","Parallel Aware": false,"Async Capable": false,"Join Type": "Inner","Startup Cost": 5236.07,"Total Cost": 50917.89,"Plan Rows": 71,"Plan Width": 159,"Actual Startup Time": 22.962,"Actual Total Time": 1527.674,"Actual Rows": 82048,"Actual Loops": 4,"Inner Unique": true,"Hash Cond": "(supplier.s_nationkey = nation.n_nationkey)","Workers": [],"Plans": [{"Node Type": "Nested Loop","Parent Relationship": "Outer","Parallel Aware": false,"Async Capable": false,"Join Type": "Inner","Startup Cost": 5234.51,"Total Cost": 50915.94,"Plan Rows": 71,"Plan Width": 31,"Actual Startup Time": 22.797,"Actual Total Time": 1504.364,"Actual Rows": 82048,"Actual Loops": 4,"Inner Unique": true,"Workers": [],"Plans": [{"Node Type": "Nested Loop","Parent Relationship": "Outer","Parallel Aware": false,"Async Capable": false,"Join Type": "Inner","Startup Cost": 5234.08,"Total Cost": 50882.91,"Plan Rows": 71,"Plan Width": 31,"Actual Startup Time": 22.733,"Actual Total Time": 778.868,"Actual Rows": 82048,"Actual Loops": 4,"Inner Unique": true,"Workers": [],"Plans": [{"Node Type": "Nested Loop","Parent Relationship": "Outer","Parallel Aware": false,"Async Capable": false,"Join Type": "Inner","Startup Cost": 5233.80,"Total Cost": 50861.42,"Plan Rows": 71,"Plan Width": 35,"Actual Startup Time": 22.679,"Actual Total Time": 641.061,"Actual Rows": 82048,"Actual Loops": 4,"Inner Unique": false,"Workers": [],"Plans": [{"Node Type": "Hash Join","Parent Relationship": "Outer","Parallel Aware": true,"Async Capable": false,"Join Type": "Inner","Startup Cost": 5233.37,"Total Cost": 25942.44,"Plan Rows": 23460,"Plan Width": 18,"Actual Startup Time": 22.614,"Actual Total Time": 187.868,"Actual Rows": 10922,"Actual Loops": 4,"Inner Unique": true,"Hash Cond": "(partsupp.ps_partkey = part.p_partkey)","Workers": [],"Plans": [{"Node Type": "Seq Scan","Parent Relationship": "Outer","Parallel Aware": true,"Async Capable": false,"Relation Name": "partsupp","Alias": "partsupp","Startup Cost": 0.00,"Total Cost": 20031.65,"Plan Rows": 258065,"Plan Width": 14,"Actual Startup Time": 0.015,"Actual Total Time": 42.277,"Actual Rows": 200000,"Actual Loops": 4,"Workers": []},{"Node Type": "Hash","Parent Relationship": "Inner","Parallel Aware": true,"Async Capable": false,"Startup Cost": 5138.67,"Total Cost": 5138.67,"Plan Rows": 7576,"Plan Width": 4,"Actual Startup Time": 22.401,"Actual Total Time": 22.414,"Actual Rows": 2730,"Actual Loops": 4,"Hash Buckets": 32768,"Original Hash Buckets": 32768,"Hash Batches": 1,"Original Hash Batches": 1,"Peak Memory Usage": 704,"Workers": [],"Plans": [{"Node Type": "Seq Scan","Parent Relationship": "Outer","Parallel Aware": true,"Async Capable": false,"Relation Name": "part","Alias": "part","Startup Cost": 0.00,"Total Cost": 5138.67,"Plan Rows": 7576,"Plan Width": 4,"Actual Startup Time": 0.052,"Actual Total Time": 20.933,"Actual Rows": 2730,"Actual Loops": 4,"Filter": "((p_name)::text ~~ '%navajo%'::text)","Rows Removed by Filter": 47270,"Workers": []}]}]},{"Node Type": "Index Scan","Parent Relationship": "Inner","Parallel Aware": false,"Async Capable": false,"Scan Direction": "Forward","Index Name": "idx_lineitem_part_supp","Relation Name": "lineitem","Alias": "lineitem","Startup Cost": 0.43,"Total Cost": 1.05,"Plan Rows": 1,"Plan Width": 29,"Actual Startup Time": 0.006,"Actual Total Time": 0.040,"Actual Rows": 8,"Actual Loops": 43688,"Index Cond": "((l_partkey = partsupp.ps_partkey) AND (l_suppkey = partsupp.ps_suppkey))","Rows Removed by Index Recheck": 0,"Workers": []}]},{"Node Type": "Index Scan","Parent Relationship": "Inner","Parallel Aware": false,"Async Capable": false,"Scan Direction": "Forward","Index Name": "supplier_pkey","Relation Name": "supplier","Alias": "supplier","Startup Cost": 0.29,"Total Cost": 0.30,"Plan Rows": 1,"Plan Width": 8,"Actual Startup Time": 0.001,"Actual Total Time": 0.001,"Actual Rows": 1,"Actual Loops": 328192,"Index Cond": "(s_suppkey = lineitem.l_suppkey)","Rows Removed by Index Recheck": 0,"Workers": []}]},{"Node Type": "Index Scan","Parent Relationship": "Inner","Parallel Aware": false,"Async Capable": false,"Scan Direction": "Forward","Index Name": "orders_pkey","Relation Name": "orders","Alias": "orders","Startup Cost": 0.43,"Total Cost": 0.47,"Plan Rows": 1,"Plan Width": 8,"Actual Startup Time": 0.008,"Actual Total Time": 0.008,"Actual Rows": 1,"Actual Loops": 328192,"Index Cond": "(o_orderkey = lineitem.l_orderkey)","Rows Removed by Index Recheck": 0,"Workers": []}]},{"Node Type": "Hash","Parent Relationship": "Inner","Parallel Aware": false,"Async Capable": false,"Startup Cost": 1.25,"Total Cost": 1.25,"Plan Rows": 25,"Plan Width": 108,"Actual Startup Time": 0.073,"Actual Total Time": 0.078,"Actual Rows": 25,"Actual Loops": 4,"Hash Buckets": 1024,"Original Hash Buckets": 1024,"Hash Batches": 1,"Original Hash Batches": 1,"Peak Memory Usage": 10,"Workers": [],"Plans": [{"Node Type": "Seq Scan","Parent Relationship": "Outer","Parallel Aware": false,"Async Capable": false,"Relation Name": "nation","Alias": "nation","Startup Cost": 0.00,"Total Cost": 1.25,"Plan Rows": 25,"Plan Width": 108,"Actual Startup Time": 0.041,"Actual Total Time": 0.048,"Actual Rows": 25,"Actual Loops": 4,"Workers": []}]}]}]}]}]}]},"Planning Time": 11.862,"Triggers": [],"Execution Time": 1814.545}]
[{"Plan": {"Node Type": "Aggregate","Strategy": "Sorted","Partial Mode": "Finalize","Parallel Aware": false,"Async Capable": false,"Startup Cost": 35224.41,"Total Cost": 35237.30,"Plan Rows": 97,"Plan Width": 168,"Actual Startup Time": 2475.030,"Actual Total Time": 2611.476,"Actual Rows": 175,"Actual Loops": 1,"Group Key": ["nation.n_name", "(EXTRACT(year FROM orders.o_orderdate))"],"Plans": [{"Node Type": "Gather Merge","Parent Relationship": "Outer","Parallel Aware": false,"Async Capable": false,"Startup Cost": 35224.41,"Total Cost": 35235.05,"Plan Rows": 80,"Plan Width": 168,"Actual Startup Time": 2473.086,"Actual Total Time": 2611.014,"Actual Rows": 525,"Actual Loops": 1,"Workers Planned": 2,"Workers Launched": 2,"Plans": [{"Node Type": "Aggregate","Strategy": "Sorted","Partial Mode": "Partial","Parent Relationship": "Outer","Parallel Aware": false,"Async Capable": false,"Startup Cost": 34224.39,"Total Cost": 34225.79,"Plan Rows": 40,"Plan Width": 168,"Actual Startup Time": 2358.545,"Actual Total Time": 2496.070,"Actual Rows": 175,"Actual Loops": 3,"Group Key": ["nation.n_name", "(EXTRACT(year FROM orders.o_orderdate))"],"Workers": [],"Plans": [{"Node Type": "Sort","Parent Relationship": "Outer","Parallel Aware": false,"Async Capable": false,"Startup Cost": 34224.39,"Total Cost": 34224.49,"Plan Rows": 40,"Plan Width": 159,"Actual Startup Time": 2357.894,"Actual Total Time": 2405.981,"Actual Rows": 109457,"Actual Loops": 3,"Sort Key": ["nation.n_name", "(EXTRACT(year FROM orders.o_orderdate)) DESC"],"Sort Method": "quicksort","Sort Space Used": 13828,"Sort Space Type": "Memory","Workers": [{"Worker Number": 0,"Sort Method": "quicksort","Sort Space Used": 14027,"Sort Space Type": "Memory"},{"Worker Number": 1,"Sort Method": "quicksort","Sort Space Used": 14059,"Sort Space Type": "Memory"}],"Plans": [{"Node Type": "Hash Join","Parent Relationship": "Outer","Parallel Aware": false,"Async Capable": false,"Join Type": "Inner","Startup Cost": 3.13,"Total Cost": 34223.32,"Plan Rows": 40,"Plan Width": 159,"Actual Startup Time": 0.738,"Actual Total Time": 2199.375,"Actual Rows": 109457,"Actual Loops": 3,"Inner Unique": true,"Hash Cond": "(supplier.s_nationkey = nation.n_nationkey)","Workers": [],"Plans": [{"Node Type": "Nested Loop","Parent Relationship": "Outer","Parallel Aware": false,"Async Capable": false,"Join Type": "Inner","Startup Cost": 1.57,"Total Cost": 34221.53,"Plan Rows": 40,"Plan Width": 31,"Actual Startup Time": 0.531,"Actual Total Time": 2166.679,"Actual Rows": 109457,"Actual Loops": 3,"Inner Unique": true,"Workers": [],"Plans": [{"Node Type": "Nested Loop","Parent Relationship": "Outer","Parallel Aware": false,"Async Capable": false,"Join Type": "Inner","Startup Cost": 1.14,"Total Cost": 34202.93,"Plan Rows": 40,"Plan Width": 31,"Actual Startup Time": 0.420,"Actual Total Time": 1001.631,"Actual Rows": 109457,"Actual Loops": 3,"Inner Unique": true,"Workers": [],"Plans": [{"Node Type": "Nested Loop","Parent Relationship": "Outer","Parallel Aware": false,"Async Capable": false,"Join Type": "Inner","Startup Cost": 0.86,"Total Cost": 34190.82,"Plan Rows": 40,"Plan Width": 35,"Actual Startup Time": 0.331,"Actual Total Time": 814.444,"Actual Rows": 109457,"Actual Loops": 3,"Inner Unique": false,"Workers": [],"Plans": [{"Node Type": "Nested Loop","Parent Relationship": "Outer","Parallel Aware": false,"Async Capable": false,"Join Type": "Inner","Startup Cost": 0.42,"Total Cost": 19885.25,"Plan Rows": 13468,"Plan Width": 18,"Actual Startup Time": 0.213,"Actual Total Time": 119.220,"Actual Rows": 14609,"Actual Loops": 3,"Inner Unique": false,"Workers": [],"Plans": [{"Node Type": "Seq Scan","Parent Relationship": "Outer","Parallel Aware": true,"Async Capable": false,"Relation Name": "part","Alias": "part","Startup Cost": 0.00,"Total Cost": 5138.67,"Plan Rows": 3367,"Plan Width": 4,"Actual Startup Time": 0.050,"Actual Total Time": 50.628,"Actual Rows": 3652,"Actual Loops": 3,"Filter": "((p_name)::text ~~ '%chocolate%'::text)","Rows Removed by Filter": 63014,"Workers": []},{"Node Type": "Index Scan","Parent Relationship": "Inner","Parallel Aware": false,"Async Capable": false,"Scan Direction": "Forward","Index Name": "idx_partsupp_partkey","Relation Name": "partsupp","Alias": "partsupp","Startup Cost": 0.42,"Total Cost": 4.34,"Plan Rows": 4,"Plan Width": 14,"Actual Startup Time": 0.014,"Actual Total Time": 0.018,"Actual Rows": 4,"Actual Loops": 10957,"Index Cond": "(ps_partkey = part.p_partkey)","Rows Removed by Index Recheck": 0,"Workers": []}]},{"Node Type": "Index Scan","Parent Relationship": "Inner","Parallel Aware": false,"Async Capable": false,"Scan Direction": "Forward","Index Name": "idx_lineitem_part_supp","Relation Name": "lineitem","Alias": "lineitem","Startup Cost": 0.43,"Total Cost": 1.05,"Plan Rows": 1,"Plan Width": 29,"Actual Startup Time": 0.007,"Actual Total Time": 0.046,"Actual Rows": 7,"Actual Loops": 43828,"Index Cond": "((l_partkey = partsupp.ps_partkey) AND (l_suppkey = partsupp.ps_suppkey))","Rows Removed by Index Recheck": 0,"Workers": []}]},{"Node Type": "Index Scan","Parent Relationship": "Inner","Parallel Aware": false,"Async Capable": false,"Scan Direction": "Forward","Index Name": "supplier_pkey","Relation Name": "supplier","Alias": "supplier","Startup Cost": 0.29,"Total Cost": 0.30,"Plan Rows": 1,"Plan Width": 8,"Actual Startup Time": 0.001,"Actual Total Time": 0.001,"Actual Rows": 1,"Actual Loops": 328370,"Index Cond": "(s_suppkey = lineitem.l_suppkey)","Rows Removed by Index Recheck": 0,"Workers": []}]},{"Node Type": "Index Scan","Parent Relationship": "Inner","Parallel Aware": false,"Async Capable": false,"Scan Direction": "Forward","Index Name": "orders_pkey","Relation Name": "orders","Alias": "orders","Startup Cost": 0.43,"Total Cost": 0.47,"Plan Rows": 1,"Plan Width": 8,"Actual Startup Time": 0.010,"Actual Total Time": 0.010,"Actual Rows": 1,"Actual Loops": 328370,"Index Cond": "(o_orderkey = lineitem.l_orderkey)","Rows Removed by Index Recheck": 0,"Workers": []}]},{"Node Type": "Hash","Parent Relationship": "Inner","Parallel Aware": false,"Async Capable": false,"Startup Cost": 1.25,"Total Cost": 1.25,"Plan Rows": 25,"Plan Width": 108,"Actual Startup Time": 0.103,"Actual Total Time": 0.114,"Actual Rows": 25,"Actual Loops": 3,"Hash Buckets": 1024,"Original Hash Buckets": 1024,"Hash Batches": 1,"Original Hash Batches": 1,"Peak Memory Usage": 10,"Workers": [],"Plans": [{"Node Type": "Seq Scan","Parent Relationship": "Outer","Parallel Aware": false,"Async Capable": false,"Relation Name": "nation","Alias": "nation","Startup Cost": 0.00,"Total Cost": 1.25,"Plan Rows": 25,"Plan Width": 108,"Actual Startup Time": 0.070,"Actual Total Time": 0.076,"Actual Rows": 25,"Actual Loops": 3,"Workers": []}]}]}]}]}]}]},"Planning Time": 11.795,"Triggers": [],"Execution Time": 2613.200}]
[{"Plan": {"Node Type": "Aggregate","Strategy": "Sorted","Partial Mode": "Finalize","Parallel Aware": false,"Async Capable": false,"Startup Cost": 51920.12,"Total Cost": 51953.05,"Plan Rows": 219,"Plan Width": 168,"Actual Startup Time": 1721.654,"Actual Total Time": 1827.276,"Actual Rows": 175,"Actual Loops": 1,"Group Key": ["nation.n_name", "(EXTRACT(year FROM orders.o_orderdate))"],"Plans": [{"Node Type": "Gather Merge","Parent Relationship": "Outer","Parallel Aware": false,"Async Capable": false,"Startup Cost": 51920.12,"Total Cost": 51947.63,"Plan Rows": 213,"Plan Width": 168,"Actual Startup Time": 1720.222,"Actual Total Time": 1826.765,"Actual Rows": 700,"Actual Loops": 1,"Workers Planned": 3,"Workers Launched": 3,"Plans": [{"Node Type": "Aggregate","Strategy": "Sorted","Partial Mode": "Partial","Parent Relationship": "Outer","Parallel Aware": false,"Async Capable": false,"Startup Cost": 50920.08,"Total Cost": 50922.56,"Plan Rows": 71,"Plan Width": 168,"Actual Startup Time": 1650.749,"Actual Total Time": 1734.261,"Actual Rows": 175,"Actual Loops": 4,"Group Key": ["nation.n_name", "(EXTRACT(year FROM orders.o_orderdate))"],"Workers": [],"Plans": [{"Node Type": "Sort","Parent Relationship": "Outer","Parallel Aware": false,"Async Capable": false,"Startup Cost": 50920.08,"Total Cost": 50920.26,"Plan Rows": 71,"Plan Width": 159,"Actual Startup Time": 1650.366,"Actual Total Time": 1677.057,"Actual Rows": 80612,"Actual Loops": 4,"Sort Key": ["nation.n_name", "(EXTRACT(year FROM orders.o_orderdate)) DESC"],"Sort Method": "quicksort","Sort Space Used": 11250,"Sort Space Type": "Memory","Workers": [{"Worker Number": 0,"Sort Method": "quicksort","Sort Space Used": 11043,"Sort Space Type": "Memory"},{"Worker Number": 1,"Sort Method": "quicksort","Sort Space Used": 11082,"Sort Space Type": "Memory"},{"Worker Number": 2,"Sort Method": "quicksort","Sort Space Used": 11022,"Sort Space Type": "Memory"}],"Plans": [{"Node Type": "Hash Join","Parent Relationship": "Outer","Parallel Aware": false,"Async Capable": false,"Join Type": "Inner","Startup Cost": 5236.07,"Total Cost": 50917.89,"Plan Rows": 71,"Plan Width": 159,"Actual Startup Time": 23.103,"Actual Total Time": 1552.537,"Actual Rows": 80612,"Actual Loops": 4,"Inner Unique": true,"Hash Cond": "(supplier.s_nationkey = nation.n_nationkey)","Workers": [],"Plans": [{"Node Type": "Nested Loop","Parent Relationship": "Outer","Parallel Aware": false,"Async Capable": false,"Join Type": "Inner","Startup Cost": 5234.51,"Total Cost": 50915.94,"Plan Rows": 71,"Plan Width": 31,"Actual Startup Time": 22.948,"Actual Total Time": 1529.400,"Actual Rows": 80612,"Actual Loops": 4,"Inner Unique": true,"Workers": [],"Plans": [{"Node Type": "Nested Loop","Parent Relationship": "Outer","Parallel Aware": false,"Async Capable": false,"Join Type": "Inner","Startup Cost": 5234.08,"Total Cost": 50882.91,"Plan Rows": 71,"Plan Width": 31,"Actual Startup Time": 22.886,"Actual Total Time": 802.830,"Actual Rows": 80612,"Actual Loops": 4,"Inner Unique": true,"Workers": [],"Plans": [{"Node Type": "Nested Loop","Parent Relationship": "Outer","Parallel Aware": false,"Async Capable": false,"Join Type": "Inner","Startup Cost": 5233.80,"Total Cost": 50861.42,"Plan Rows": 71,"Plan Width": 35,"Actual Startup Time": 22.843,"Actual Total Time": 667.163,"Actual Rows": 80612,"Actual Loops": 4,"Inner Unique": false,"Workers": [],"Plans": [{"Node Type": "Hash Join","Parent Relationship": "Outer","Parallel Aware": true,"Async Capable": false,"Join Type": "Inner","Startup Cost": 5233.37,"Total Cost": 25942.44,"Plan Rows": 23460,"Plan Width": 18,"Actual Startup Time": 22.783,"Actual Total Time": 202.540,"Actual Rows": 10756,"Actual Loops": 4,"Inner Unique": true,"Hash Cond": "(partsupp.ps_partkey = part.p_partkey)","Workers": [],"Plans": [{"Node Type": "Seq Scan","Parent Relationship": "Outer","Parallel Aware": true,"Async Capable": false,"Relation Name": "partsupp","Alias": "partsupp","Startup Cost": 0.00,"Total Cost": 20031.65,"Plan Rows": 258065,"Plan Width": 14,"Actual Startup Time": 0.012,"Actual Total Time": 41.903,"Actual Rows": 200000,"Actual Loops": 4,"Workers": []},{"Node Type": "Hash","Parent Relationship": "Inner","Parallel Aware": true,"Async Capable": false,"Startup Cost": 5138.67,"Total Cost": 5138.67,"Plan Rows": 7576,"Plan Width": 4,"Actual Startup Time": 22.548,"Actual Total Time": 22.557,"Actual Rows": 2689,"Actual Loops": 4,"Hash Buckets": 32768,"Original Hash Buckets": 32768,"Hash Batches": 1,"Original Hash Batches": 1,"Peak Memory Usage": 704,"Workers": [],"Plans": [{"Node Type": "Seq Scan","Parent Relationship": "Outer","Parallel Aware": true,"Async Capable": false,"Relation Name": "part","Alias": "part","Startup Cost": 0.00,"Total Cost": 5138.67,"Plan Rows": 7576,"Plan Width": 4,"Actual Startup Time": 0.036,"Actual Total Time": 20.722,"Actual Rows": 2689,"Actual Loops": 4,"Filter": "((p_name)::text ~~ '%royal%'::text)","Rows Removed by Filter": 47311,"Workers": []}]}]},{"Node Type": "Index Scan","Parent Relationship": "Inner","Parallel Aware": false,"Async Capable": false,"Scan Direction": "Forward","Index Name": "idx_lineitem_part_supp","Relation Name": "lineitem","Alias": "lineitem","Startup Cost": 0.43,"Total Cost": 1.05,"Plan Rows": 1,"Plan Width": 29,"Actual Startup Time": 0.006,"Actual Total Time": 0.042,"Actual Rows": 7,"Actual Loops": 43024,"Index Cond": "((l_partkey = partsupp.ps_partkey) AND (l_suppkey = partsupp.ps_suppkey))","Rows Removed by Index Recheck": 0,"Workers": []}]},{"Node Type": "Index Scan","Parent Relationship": "Inner","Parallel Aware": false,"Async Capable": false,"Scan Direction": "Forward","Index Name": "supplier_pkey","Relation Name": "supplier","Alias": "supplier","Startup Cost": 0.29,"Total Cost": 0.30,"Plan Rows": 1,"Plan Width": 8,"Actual Startup Time": 0.001,"Actual Total Time": 0.001,"Actual Rows": 1,"Actual Loops": 322446,"Index Cond": "(s_suppkey = lineitem.l_suppkey)","Rows Removed by Index Recheck": 0,"Workers": []}]},{"Node Type": "Index Scan","Parent Relationship": "Inner","Parallel Aware": false,"Async Capable": false,"Scan Direction": "Forward","Index Name": "orders_pkey","Relation Name": "orders","Alias": "orders","Startup Cost": 0.43,"Total Cost": 0.47,"Plan Rows": 1,"Plan Width": 8,"Actual Startup Time": 0.009,"Actual Total Time": 0.009,"Actual Rows": 1,"Actual Loops": 322446,"Index Cond": "(o_orderkey = lineitem.l_orderkey)","Rows Removed by Index Recheck": 0,"Workers": []}]},{"Node Type": "Hash","Parent Relationship": "Inner","Parallel Aware": false,"Async Capable": false,"Startup Cost": 1.25,"Total Cost": 1.25,"Plan Rows": 25,"Plan Width": 108,"Actual Startup Time": 0.059,"Actual Total Time": 0.064,"Actual Rows": 25,"Actual Loops": 4,"Hash Buckets": 1024,"Original Hash Buckets": 1024,"Hash Batches": 1,"Original Hash Batches": 1,"Peak Memory Usage": 10,"Workers": [],"Plans": [{"Node Type": "Seq Scan","Parent Relationship": "Outer","Parallel Aware": false,"Async Capable": false,"Relation Name": "nation","Alias": "nation","Startup Cost": 0.00,"Total Cost": 1.25,"Plan Rows": 25,"Plan Width": 108,"Actual Startup Time": 0.039,"Actual Total Time": 0.043,"Actual Rows": 25,"Actual Loops": 4,"Workers": []}]}]}]}]}]}]},"Planning Time": 12.321,"Triggers": [],"Execution Time": 1830.725}]
[{"Plan": {"Node Type": "Aggregate","Strategy": "Sorted","Partial Mode": "Finalize","Parallel Aware": false,"Async Capable": false,"Startup Cost": 41381.04,"Total Cost": 41397.45,"Plan Rows": 122,"Plan Width": 168,"Actual Startup Time": 2449.053,"Actual Total Time": 2635.568,"Actual Rows": 175,"Actual Loops": 1,"Group Key": ["nation.n_name", "(EXTRACT(year FROM orders.o_orderdate))"],"Plans": [{"Node Type": "Gather Merge","Parent Relationship": "Outer","Parallel Aware": false,"Async Capable": false,"Startup Cost": 41381.04,"Total Cost": 41394.60,"Plan Rows": 102,"Plan Width": 168,"Actual Startup Time": 2447.324,"Actual Total Time": 2635.159,"Actual Rows": 525,"Actual Loops": 1,"Workers Planned": 2,"Workers Launched": 2,"Plans": [{"Node Type": "Aggregate","Strategy": "Sorted","Partial Mode": "Partial","Parent Relationship": "Outer","Parallel Aware": false,"Async Capable": false,"Startup Cost": 40381.01,"Total Cost": 40382.80,"Plan Rows": 51,"Plan Width": 168,"Actual Startup Time": 2331.740,"Actual Total Time": 2482.748,"Actual Rows": 175,"Actual Loops": 3,"Group Key": ["nation.n_name", "(EXTRACT(year FROM orders.o_orderdate))"],"Workers": [],"Plans": [{"Node Type": "Sort","Parent Relationship": "Outer","Parallel Aware": false,"Async Capable": false,"Startup Cost": 40381.01,"Total Cost": 40381.14,"Plan Rows": 51,"Plan Width": 159,"Actual Startup Time": 2331.039,"Actual Total Time": 2387.406,"Actual Rows": 108809,"Actual Loops": 3,"Sort Key": ["nation.n_name", "(EXTRACT(year FROM orders.o_orderdate)) DESC"],"Sort Method": "quicksort","Sort Space Used": 14620,"Sort Space Type": "Memory","Workers": [{"Worker Number": 0,"Sort Method": "quicksort","Sort Space Used": 13545,"Sort Space Type": "Memory"},{"Worker Number": 1,"Sort Method": "quicksort","Sort Space Used": 13555,"Sort Space Type": "Memory"}],"Plans": [{"Node Type": "Hash Join","Parent Relationship": "Outer","Parallel Aware": false,"Async Capable": false,"Join Type": "Inner","Startup Cost": 3.13,"Total Cost": 40379.57,"Plan Rows": 51,"Plan Width": 159,"Actual Startup Time": 0.737,"Actual Total Time": 2187.041,"Actual Rows": 108809,"Actual Loops": 3,"Inner Unique": true,"Hash Cond": "(supplier.s_nationkey = nation.n_nationkey)","Workers": [],"Plans": [{"Node Type": "Nested Loop","Parent Relationship": "Outer","Parallel Aware": false,"Async Capable": false,"Join Type": "Inner","Startup Cost": 1.57,"Total Cost": 40377.72,"Plan Rows": 51,"Plan Width": 31,"Actual Startup Time": 0.552,"Actual Total Time": 2155.488,"Actual Rows": 108809,"Actual Loops": 3,"Inner Unique": true,"Workers": [],"Plans": [{"Node Type": "Nested Loop","Parent Relationship": "Outer","Parallel Aware": false,"Async Capable": false,"Join Type": "Inner","Startup Cost": 1.14,"Total Cost": 40354.00,"Plan Rows": 51,"Plan Width": 31,"Actual Startup Time": 0.419,"Actual Total Time": 1005.505,"Actual Rows": 108809,"Actual Loops": 3,"Inner Unique": true,"Workers": [],"Plans": [{"Node Type": "Nested Loop","Parent Relationship": "Outer","Parallel Aware": false,"Async Capable": false,"Join Type": "Inner","Startup Cost": 0.86,"Total Cost": 40338.56,"Plan Rows": 51,"Plan Width": 35,"Actual Startup Time": 0.336,"Actual Total Time": 819.466,"Actual Rows": 108809,"Actual Loops": 3,"Inner Unique": false,"Workers": [],"Plans": [{"Node Type": "Nested Loop","Parent Relationship": "Outer","Parallel Aware": false,"Async Capable": false,"Join Type": "Inner","Startup Cost": 0.42,"Total Cost": 22456.59,"Plan Rows": 16835,"Plan Width": 18,"Actual Startup Time": 0.212,"Actual Total Time": 113.652,"Actual Rows": 14564,"Actual Loops": 3,"Inner Unique": false,"Workers": [],"Plans": [{"Node Type": "Seq Scan","Parent Relationship": "Outer","Parallel Aware": true,"Async Capable": false,"Relation Name": "part","Alias": "part","Startup Cost": 0.00,"Total Cost": 5138.67,"Plan Rows": 4209,"Plan Width": 4,"Actual Startup Time": 0.070,"Actual Total Time": 47.906,"Actual Rows": 3641,"Actual Loops": 3,"Filter": "((p_name)::text ~~ '%violet%'::text)","Rows Removed by Filter": 63026,"Workers": []},{"Node Type": "Index Scan","Parent Relationship": "Inner","Parallel Aware": false,"Async Capable": false,"Scan Direction": "Forward","Index Name": "idx_partsupp_partkey","Relation Name": "partsupp","Alias": "partsupp","Startup Cost": 0.42,"Total Cost": 4.07,"Plan Rows": 4,"Plan Width": 14,"Actual Startup Time": 0.013,"Actual Total Time": 0.017,"Actual Rows": 4,"Actual Loops": 10923,"Index Cond": "(ps_partkey = part.p_partkey)","Rows Removed by Index Recheck": 0,"Workers": []}]},{"Node Type": "Index Scan","Parent Relationship": "Inner","Parallel Aware": false,"Async Capable": false,"Scan Direction": "Forward","Index Name": "idx_lineitem_part_supp","Relation Name": "lineitem","Alias": "lineitem","Startup Cost": 0.43,"Total Cost": 1.05,"Plan Rows": 1,"Plan Width": 29,"Actual Startup Time": 0.007,"Actual Total Time": 0.047,"Actual Rows": 7,"Actual Loops": 43692,"Index Cond": "((l_partkey = partsupp.ps_partkey) AND (l_suppkey = partsupp.ps_suppkey))","Rows Removed by Index Recheck": 0,"Workers": []}]},{"Node Type": "Index Scan","Parent Relationship": "Inner","Parallel Aware": false,"Async Capable": false,"Scan Direction": "Forward","Index Name": "supplier_pkey","Relation Name": "supplier","Alias": "supplier","Startup Cost": 0.29,"Total Cost": 0.30,"Plan Rows": 1,"Plan Width": 8,"Actual Startup Time": 0.001,"Actual Total Time": 0.001,"Actual Rows": 1,"Actual Loops": 326428,"Index Cond": "(s_suppkey = lineitem.l_suppkey)","Rows Removed by Index Recheck": 0,"Workers": []}]},{"Node Type": "Index Scan","Parent Relationship": "Inner","Parallel Aware": false,"Async Capable": false,"Scan Direction": "Forward","Index Name": "orders_pkey","Relation Name": "orders","Alias": "orders","Startup Cost": 0.43,"Total Cost": 0.47,"Plan Rows": 1,"Plan Width": 8,"Actual Startup Time": 0.010,"Actual Total Time": 0.010,"Actual Rows": 1,"Actual Loops": 326428,"Index Cond": "(o_orderkey = lineitem.l_orderkey)","Rows Removed by Index Recheck": 0,"Workers": []}]},{"Node Type": "Hash","Parent Relationship": "Inner","Parallel Aware": false,"Async Capable": false,"Startup Cost": 1.25,"Total Cost": 1.25,"Plan Rows": 25,"Plan Width": 108,"Actual Startup Time": 0.086,"Actual Total Time": 0.097,"Actual Rows": 25,"Actual Loops": 3,"Hash Buckets": 1024,"Original Hash Buckets": 1024,"Hash Batches": 1,"Original Hash Batches": 1,"Peak Memory Usage": 10,"Workers": [],"Plans": [{"Node Type": "Seq Scan","Parent Relationship": "Outer","Parallel Aware": false,"Async Capable": false,"Relation Name": "nation","Alias": "nation","Startup Cost": 0.00,"Total Cost": 1.25,"Plan Rows": 25,"Plan Width": 108,"Actual Startup Time": 0.055,"Actual Total Time": 0.061,"Actual Rows": 25,"Actual Loops": 3,"Workers": []}]}]}]}]}]}]},"Planning Time": 11.985,"Triggers": [],"Execution Time": 2638.417}]
[{"Plan": {"Node Type": "Aggregate","Strategy": "Sorted","Partial Mode": "Finalize","Parallel Aware": false,"Async Capable": false,"Startup Cost": 35224.41,"Total Cost": 35237.30,"Plan Rows": 97,"Plan Width": 168,"Actual Startup Time": 2423.107,"Actual Total Time": 2516.518,"Actual Rows": 175,"Actual Loops": 1,"Group Key": ["nation.n_name", "(EXTRACT(year FROM orders.o_orderdate))"],"Plans": [{"Node Type": "Gather Merge","Parent Relationship": "Outer","Parallel Aware": false,"Async Capable": false,"Startup Cost": 35224.41,"Total Cost": 35235.05,"Plan Rows": 80,"Plan Width": 168,"Actual Startup Time": 2421.099,"Actual Total Time": 2516.141,"Actual Rows": 525,"Actual Loops": 1,"Workers Planned": 2,"Workers Launched": 2,"Plans": [{"Node Type": "Aggregate","Strategy": "Sorted","Partial Mode": "Partial","Parent Relationship": "Outer","Parallel Aware": false,"Async Capable": false,"Startup Cost": 34224.39,"Total Cost": 34225.79,"Plan Rows": 40,"Plan Width": 168,"Actual Startup Time": 2317.529,"Actual Total Time": 2436.266,"Actual Rows": 175,"Actual Loops": 3,"Group Key": ["nation.n_name", "(EXTRACT(year FROM orders.o_orderdate))"],"Workers": [],"Plans": [{"Node Type": "Sort","Parent Relationship": "Outer","Parallel Aware": false,"Async Capable": false,"Startup Cost": 34224.39,"Total Cost": 34224.49,"Plan Rows": 40,"Plan Width": 159,"Actual Startup Time": 2316.849,"Actual Total Time": 2355.396,"Actual Rows": 108042,"Actual Loops": 3,"Sort Key": ["nation.n_name", "(EXTRACT(year FROM orders.o_orderdate)) DESC"],"Sort Method": "quicksort","Sort Space Used": 14573,"Sort Space Type": "Memory","Workers": [{"Worker Number": 0,"Sort Method": "quicksort","Sort Space Used": 13460,"Sort Space Type": "Memory"},{"Worker Number": 1,"Sort Method": "quicksort","Sort Space Used": 13459,"Sort Space Type": "Memory"}],"Plans": [{"Node Type": "Hash Join","Parent Relationship": "Outer","Parallel Aware": false,"Async Capable": false,"Join Type": "Inner","Startup Cost": 3.13,"Total Cost": 34223.32,"Plan Rows": 40,"Plan Width": 159,"Actual Startup Time": 0.593,"Actual Total Time": 2170.697,"Actual Rows": 108042,"Actual Loops": 3,"Inner Unique": true,"Hash Cond": "(supplier.s_nationkey = nation.n_nationkey)","Workers": [],"Plans": [{"Node Type": "Nested Loop","Parent Relationship": "Outer","Parallel Aware": false,"Async Capable": false,"Join Type": "Inner","Startup Cost": 1.57,"Total Cost": 34221.53,"Plan Rows": 40,"Plan Width": 31,"Actual Startup Time": 0.416,"Actual Total Time": 2139.915,"Actual Rows": 108042,"Actual Loops": 3,"Inner Unique": true,"Workers": [],"Plans": [{"Node Type": "Nested Loop","Parent Relationship": "Outer","Parallel Aware": false,"Async Capable": false,"Join Type": "Inner","Startup Cost": 1.14,"Total Cost": 34202.93,"Plan Rows": 40,"Plan Width": 31,"Actual Startup Time": 0.327,"Actual Total Time": 998.594,"Actual Rows": 108042,"Actual Loops": 3,"Inner Unique": true,"Workers": [],"Plans": [{"Node Type": "Nested Loop","Parent Relationship": "Outer","Parallel Aware": false,"Async Capable": false,"Join Type": "Inner","Startup Cost": 0.86,"Total Cost": 34190.82,"Plan Rows": 40,"Plan Width": 35,"Actual Startup Time": 0.254,"Actual Total Time": 813.072,"Actual Rows": 108042,"Actual Loops": 3,"Inner Unique": false,"Workers": [],"Plans": [{"Node Type": "Nested Loop","Parent Relationship": "Outer","Parallel Aware": false,"Async Capable": false,"Join Type": "Inner","Startup Cost": 0.42,"Total Cost": 19885.25,"Plan Rows": 13468,"Plan Width": 18,"Actual Startup Time": 0.157,"Actual Total Time": 114.443,"Actual Rows": 14376,"Actual Loops": 3,"Inner Unique": false,"Workers": [],"Plans": [{"Node Type": "Seq Scan","Parent Relationship": "Outer","Parallel Aware": true,"Async Capable": false,"Relation Name": "part","Alias": "part","Startup Cost": 0.00,"Total Cost": 5138.67,"Plan Rows": 3367,"Plan Width": 4,"Actual Startup Time": 0.064,"Actual Total Time": 49.656,"Actual Rows": 3594,"Actual Loops": 3,"Filter": "((p_name)::text ~~ '%deep%'::text)","Rows Removed by Filter": 63073,"Workers": []},{"Node Type": "Index Scan","Parent Relationship": "Inner","Parallel Aware": false,"Async Capable": false,"Scan Direction": "Forward","Index Name": "idx_partsupp_partkey","Relation Name": "partsupp","Alias": "partsupp","Startup Cost": 0.42,"Total Cost": 4.34,"Plan Rows": 4,"Plan Width": 14,"Actual Startup Time": 0.013,"Actual Total Time": 0.017,"Actual Rows": 4,"Actual Loops": 10782,"Index Cond": "(ps_partkey = part.p_partkey)","Rows Removed by Index Recheck": 0,"Workers": []}]},{"Node Type": "Index Scan","Parent Relationship": "Inner","Parallel Aware": false,"Async Capable": false,"Scan Direction": "Forward","Index Name": "idx_lineitem_part_supp","Relation Name": "lineitem","Alias": "lineitem","Startup Cost": 0.43,"Total Cost": 1.05,"Plan Rows": 1,"Plan Width": 29,"Actual Startup Time": 0.007,"Actual Total Time": 0.047,"Actual Rows": 8,"Actual Loops": 43128,"Index Cond": "((l_partkey = partsupp.ps_partkey) AND (l_suppkey = partsupp.ps_suppkey))","Rows Removed by Index Recheck": 0,"Workers": []}]},{"Node Type": "Index Scan","Parent Relationship": "Inner","Parallel Aware": false,"Async Capable": false,"Scan Direction": "Forward","Index Name": "supplier_pkey","Relation Name": "supplier","Alias": "supplier","Startup Cost": 0.29,"Total Cost": 0.30,"Plan Rows": 1,"Plan Width": 8,"Actual Startup Time": 0.001,"Actual Total Time": 0.001,"Actual Rows": 1,"Actual Loops": 324125,"Index Cond": "(s_suppkey = lineitem.l_suppkey)","Rows Removed by Index Recheck": 0,"Workers": []}]},{"Node Type": "Index Scan","Parent Relationship": "Inner","Parallel Aware": false,"Async Capable": false,"Scan Direction": "Forward","Index Name": "orders_pkey","Relation Name": "orders","Alias": "orders","Startup Cost": 0.43,"Total Cost": 0.47,"Plan Rows": 1,"Plan Width": 8,"Actual Startup Time": 0.010,"Actual Total Time": 0.010,"Actual Rows": 1,"Actual Loops": 324125,"Index Cond": "(o_orderkey = lineitem.l_orderkey)","Rows Removed by Index Recheck": 0,"Workers": []}]},{"Node Type": "Hash","Parent Relationship": "Inner","Parallel Aware": false,"Async Capable": false,"Startup Cost": 1.25,"Total Cost": 1.25,"Plan Rows": 25,"Plan Width": 108,"Actual Startup Time": 0.073,"Actual Total Time": 0.083,"Actual Rows": 25,"Actual Loops": 3,"Hash Buckets": 1024,"Original Hash Buckets": 1024,"Hash Batches": 1,"Original Hash Batches": 1,"Peak Memory Usage": 10,"Workers": [],"Plans": [{"Node Type": "Seq Scan","Parent Relationship": "Outer","Parallel Aware": false,"Async Capable": false,"Relation Name": "nation","Alias": "nation","Startup Cost": 0.00,"Total Cost": 1.25,"Plan Rows": 25,"Plan Width": 108,"Actual Startup Time": 0.046,"Actual Total Time": 0.053,"Actual Rows": 25,"Actual Loops": 3,"Workers": []}]}]}]}]}]}]},"Planning Time": 12.431,"Triggers": [],"Execution Time": 2518.012}]
[{"Plan": {"Node Type": "Aggregate","Strategy": "Sorted","Partial Mode": "Finalize","Parallel Aware": false,"Async Capable": false,"Startup Cost": 28858.40,"Total Cost": 28868.07,"Plan Rows": 73,"Plan Width": 168,"Actual Startup Time": 2447.440,"Actual Total Time": 2545.613,"Actual Rows": 175,"Actual Loops": 1,"Group Key": ["nation.n_name", "(EXTRACT(year FROM orders.o_orderdate))"],"Plans": [{"Node Type": "Gather Merge","Parent Relationship": "Outer","Parallel Aware": false,"Async Capable": false,"Startup Cost": 28858.40,"Total Cost": 28866.38,"Plan Rows": 60,"Plan Width": 168,"Actual Startup Time": 2445.955,"Actual Total Time": 2545.171,"Actual Rows": 525,"Actual Loops": 1,"Workers Planned": 2,"Workers Launched": 2,"Plans": [{"Node Type": "Aggregate","Strategy": "Sorted","Partial Mode": "Partial","Parent Relationship": "Outer","Parallel Aware": false,"Async Capable": false,"Startup Cost": 27858.38,"Total Cost": 27859.43,"Plan Rows": 30,"Plan Width": 168,"Actual Startup Time": 2330.856,"Actual Total Time": 2450.060,"Actual Rows": 175,"Actual Loops": 3,"Group Key": ["nation.n_name", "(EXTRACT(year FROM orders.o_orderdate))"],"Workers": [],"Plans": [{"Node Type": "Sort","Parent Relationship": "Outer","Parallel Aware": false,"Async Capable": false,"Startup Cost": 27858.38,"Total Cost": 27858.46,"Plan Rows": 30,"Plan Width": 159,"Actual Startup Time": 2330.116,"Actual Total Time": 2368.297,"Actual Rows": 108123,"Actual Loops": 3,"Sort Key": ["nation.n_name", "(EXTRACT(year FROM orders.o_orderdate)) DESC"],"Sort Method": "quicksort","Sort Space Used": 13681,"Sort Space Type": "Memory","Workers": [{"Worker Number": 0,"Sort Method": "quicksort","Sort Space Used": 13921,"Sort Space Type": "Memory"},{"Worker Number": 1,"Sort Method": "quicksort","Sort Space Used": 13909,"Sort Space Type": "Memory"}],"Plans": [{"Node Type": "Hash Join","Parent Relationship": "Outer","Parallel Aware": false,"Async Capable": false,"Join Type": "Inner","Startup Cost": 3.13,"Total Cost": 27857.64,"Plan Rows": 30,"Plan Width": 159,"Actual Startup Time": 0.761,"Actual Total Time": 2172.025,"Actual Rows": 108123,"Actual Loops": 3,"Inner Unique": true,"Hash Cond": "(supplier.s_nationkey = nation.n_nationkey)","Workers": [],"Plans": [{"Node Type": "Nested Loop","Parent Relationship": "Outer","Parallel Aware": false,"Async Capable": false,"Join Type": "Inner","Startup Cost": 1.57,"Total Cost": 27855.92,"Plan Rows": 30,"Plan Width": 31,"Actual Startup Time": 0.568,"Actual Total Time": 2139.932,"Actual Rows": 108123,"Actual Loops": 3,"Inner Unique": true,"Workers": [],"Plans": [{"Node Type": "Nested Loop","Parent Relationship": "Outer","Parallel Aware": false,"Async Capable": false,"Join Type": "Inner","Startup Cost": 1.14,"Total Cost": 27841.96,"Plan Rows": 30,"Plan Width": 31,"Actual Startup Time": 0.441,"Actual Total Time": 989.960,"Actual Rows": 108123,"Actual Loops": 3,"Inner Unique": true,"Workers": [],"Plans": [{"Node Type": "Nested Loop","Parent Relationship": "Outer","Parallel Aware": false,"Async Capable": false,"Join Type": "Inner","Startup Cost": 0.86,"Total Cost": 27832.88,"Plan Rows": 30,"Plan Width": 35,"Actual Startup Time": 0.341,"Actual Total Time": 804.966,"Actual Rows": 108123,"Actual Loops": 3,"Inner Unique": false,"Workers": [],"Plans": [{"Node Type": "Nested Loop","Parent Relationship": "Outer","Parallel Aware": false,"Async Capable": false,"Join Type": "Inner","Startup Cost": 0.42,"Total Cost": 17103.70,"Plan Rows": 10101,"Plan Width": 18,"Actual Startup Time": 0.214,"Actual Total Time": 118.948,"Actual Rows": 14436,"Actual Loops": 3,"Inner Unique": false,"Workers": [],"Plans": [{"Node Type": "Seq Scan","Parent Relationship": "Outer","Parallel Aware": true,"Async Capable": false,"Relation Name": "part","Alias": "part","Startup Cost": 0.00,"Total Cost": 5138.67,"Plan Rows": 2525,"Plan Width": 4,"Actual Startup Time": 0.071,"Actual Total Time": 51.146,"Actual Rows": 3609,"Actual Loops": 3,"Filter": "((p_name)::text ~~ '%salmon%'::text)","Rows Removed by Filter": 63058,"Workers": []},{"Node Type": "Index Scan","Parent Relationship": "Inner","Parallel Aware": false,"Async Capable": false,"Scan Direction": "Forward","Index Name": "idx_partsupp_partkey","Relation Name": "partsupp","Alias": "partsupp","Startup Cost": 0.42,"Total Cost": 4.70,"Plan Rows": 4,"Plan Width": 14,"Actual Startup Time": 0.014,"Actual Total Time": 0.018,"Actual Rows": 4,"Actual Loops": 10827,"Index Cond": "(ps_partkey = part.p_partkey)","Rows Removed by Index Recheck": 0,"Workers": []}]},{"Node Type": "Index Scan","Parent Relationship": "Inner","Parallel Aware": false,"Async Capable": false,"Scan Direction": "Forward","Index Name": "idx_lineitem_part_supp","Relation Name": "lineitem","Alias": "lineitem","Startup Cost": 0.43,"Total Cost": 1.05,"Plan Rows": 1,"Plan Width": 29,"Actual Startup Time": 0.007,"Actual Total Time": 0.046,"Actual Rows": 7,"Actual Loops": 43308,"Index Cond": "((l_partkey = partsupp.ps_partkey) AND (l_suppkey = partsupp.ps_suppkey))","Rows Removed by Index Recheck": 0,"Workers": []}]},{"Node Type": "Index Scan","Parent Relationship": "Inner","Parallel Aware": false,"Async Capable": false,"Scan Direction": "Forward","Index Name": "supplier_pkey","Relation Name": "supplier","Alias": "supplier","Startup Cost": 0.29,"Total Cost": 0.30,"Plan Rows": 1,"Plan Width": 8,"Actual Startup Time": 0.001,"Actual Total Time": 0.001,"Actual Rows": 1,"Actual Loops": 324369,"Index Cond": "(s_suppkey = lineitem.l_suppkey)","Rows Removed by Index Recheck": 0,"Workers": []}]},{"Node Type": "Index Scan","Parent Relationship": "Inner","Parallel Aware": false,"Async Capable": false,"Scan Direction": "Forward","Index Name": "orders_pkey","Relation Name": "orders","Alias": "orders","Startup Cost": 0.43,"Total Cost": 0.47,"Plan Rows": 1,"Plan Width": 8,"Actual Startup Time": 0.010,"Actual Total Time": 0.010,"Actual Rows": 1,"Actual Loops": 324369,"Index Cond": "(o_orderkey = lineitem.l_orderkey)","Rows Removed by Index Recheck": 0,"Workers": []}]},{"Node Type": "Hash","Parent Relationship": "Inner","Parallel Aware": false,"Async Capable": false,"Startup Cost": 1.25,"Total Cost": 1.25,"Plan Rows": 25,"Plan Width": 108,"Actual Startup Time": 0.084,"Actual Total Time": 0.093,"Actual Rows": 25,"Actual Loops": 3,"Hash Buckets": 1024,"Original Hash Buckets": 1024,"Hash Batches": 1,"Original Hash Batches": 1,"Peak Memory Usage": 10,"Workers": [],"Plans": [{"Node Type": "Seq Scan","Parent Relationship": "Outer","Parallel Aware": false,"Async Capable": false,"Relation Name": "nation","Alias": "nation","Startup Cost": 0.00,"Total Cost": 1.25,"Plan Rows": 25,"Plan Width": 108,"Actual Startup Time": 0.055,"Actual Total Time": 0.062,"Actual Rows": 25,"Actual Loops": 3,"Workers": []}]}]}]}]}]}]},"Planning Time": 12.028,"Triggers": [],"Execution Time": 2548.676}]
[{"Plan": {"Node Type": "Aggregate","Strategy": "Sorted","Partial Mode": "Finalize","Parallel Aware": false,"Async Capable": false,"Startup Cost": 51920.12,"Total Cost": 51953.05,"Plan Rows": 219,"Plan Width": 168,"Actual Startup Time": 1736.886,"Actual Total Time": 1886.803,"Actual Rows": 175,"Actual Loops": 1,"Group Key": ["nation.n_name", "(EXTRACT(year FROM orders.o_orderdate))"],"Plans": [{"Node Type": "Gather Merge","Parent Relationship": "Outer","Parallel Aware": false,"Async Capable": false,"Startup Cost": 51920.12,"Total Cost": 51947.63,"Plan Rows": 213,"Plan Width": 168,"Actual Startup Time": 1734.752,"Actual Total Time": 1886.193,"Actual Rows": 700,"Actual Loops": 1,"Workers Planned": 3,"Workers Launched": 3,"Plans": [{"Node Type": "Aggregate","Strategy": "Sorted","Partial Mode": "Partial","Parent Relationship": "Outer","Parallel Aware": false,"Async Capable": false,"Startup Cost": 50920.08,"Total Cost": 50922.56,"Plan Rows": 71,"Plan Width": 168,"Actual Startup Time": 1652.291,"Actual Total Time": 1749.811,"Actual Rows": 175,"Actual Loops": 4,"Group Key": ["nation.n_name", "(EXTRACT(year FROM orders.o_orderdate))"],"Workers": [],"Plans": [{"Node Type": "Sort","Parent Relationship": "Outer","Parallel Aware": false,"Async Capable": false,"Startup Cost": 50920.08,"Total Cost": 50920.26,"Plan Rows": 71,"Plan Width": 159,"Actual Startup Time": 1651.742,"Actual Total Time": 1686.315,"Actual Rows": 81570,"Actual Loops": 4,"Sort Key": ["nation.n_name", "(EXTRACT(year FROM orders.o_orderdate)) DESC"],"Sort Method": "quicksort","Sort Space Used": 11359,"Sort Space Type": "Memory","Workers": [{"Worker Number": 0,"Sort Method": "quicksort","Sort Space Used": 11284,"Sort Space Type": "Memory"},{"Worker Number": 1,"Sort Method": "quicksort","Sort Space Used": 11074,"Sort Space Type": "Memory"},{"Worker Number": 2,"Sort Method": "quicksort","Sort Space Used": 11060,"Sort Space Type": "Memory"}],"Plans": [{"Node Type": "Hash Join","Parent Relationship": "Outer","Parallel Aware": false,"Async Capable": false,"Join Type": "Inner","Startup Cost": 5236.07,"Total Cost": 50917.89,"Plan Rows": 71,"Plan Width": 159,"Actual Startup Time": 23.416,"Actual Total Time": 1550.954,"Actual Rows": 81570,"Actual Loops": 4,"Inner Unique": true,"Hash Cond": "(supplier.s_nationkey = nation.n_nationkey)","Workers": [],"Plans": [{"Node Type": "Nested Loop","Parent Relationship": "Outer","Parallel Aware": false,"Async Capable": false,"Join Type": "Inner","Startup Cost": 5234.51,"Total Cost": 50915.94,"Plan Rows": 71,"Plan Width": 31,"Actual Startup Time": 23.259,"Actual Total Time": 1527.695,"Actual Rows": 81570,"Actual Loops": 4,"Inner Unique": true,"Workers": [],"Plans": [{"Node Type": "Nested Loop","Parent Relationship": "Outer","Parallel Aware": false,"Async Capable": false,"Join Type": "Inner","Startup Cost": 5234.08,"Total Cost": 50882.91,"Plan Rows": 71,"Plan Width": 31,"Actual Startup Time": 23.189,"Actual Total Time": 798.846,"Actual Rows": 81570,"Actual Loops": 4,"Inner Unique": true,"Workers": [],"Plans": [{"Node Type": "Nested Loop","Parent Relationship": "Outer","Parallel Aware": false,"Async Capable": false,"Join Type": "Inner","Startup Cost": 5233.80,"Total Cost": 50861.42,"Plan Rows": 71,"Plan Width": 35,"Actual Startup Time": 23.135,"Actual Total Time": 661.971,"Actual Rows": 81570,"Actual Loops": 4,"Inner Unique": false,"Workers": [],"Plans": [{"Node Type": "Hash Join","Parent Relationship": "Outer","Parallel Aware": true,"Async Capable": false,"Join Type": "Inner","Startup Cost": 5233.37,"Total Cost": 25942.44,"Plan Rows": 23460,"Plan Width": 18,"Actual Startup Time": 23.069,"Actual Total Time": 203.690,"Actual Rows": 10893,"Actual Loops": 4,"Inner Unique": true,"Hash Cond": "(partsupp.ps_partkey = part.p_partkey)","Workers": [],"Plans": [{"Node Type": "Seq Scan","Parent Relationship": "Outer","Parallel Aware": true,"Async Capable": false,"Relation Name": "partsupp","Alias": "partsupp","Startup Cost": 0.00,"Total Cost": 20031.65,"Plan Rows": 258065,"Plan Width": 14,"Actual Startup Time": 0.019,"Actual Total Time": 42.732,"Actual Rows": 200000,"Actual Loops": 4,"Workers": []},{"Node Type": "Hash","Parent Relationship": "Inner","Parallel Aware": true,"Async Capable": false,"Startup Cost": 5138.67,"Total Cost": 5138.67,"Plan Rows": 7576,"Plan Width": 4,"Actual Startup Time": 22.827,"Actual Total Time": 22.842,"Actual Rows": 2723,"Actual Loops": 4,"Hash Buckets": 32768,"Original Hash Buckets": 32768,"Hash Batches": 1,"Original Hash Batches": 1,"Peak Memory Usage": 736,"Workers": [],"Plans": [{"Node Type": "Seq Scan","Parent Relationship": "Outer","Parallel Aware": true,"Async Capable": false,"Relation Name": "part","Alias": "part","Startup Cost": 0.00,"Total Cost": 5138.67,"Plan Rows": 7576,"Plan Width": 4,"Actual Startup Time": 0.046,"Actual Total Time": 21.008,"Actual Rows": 2723,"Actual Loops": 4,"Filter": "((p_name)::text ~~ '%lemon%'::text)","Rows Removed by Filter": 47277,"Workers": []}]}]},{"Node Type": "Index Scan","Parent Relationship": "Inner","Parallel Aware": false,"Async Capable": false,"Scan Direction": "Forward","Index Name": "idx_lineitem_part_supp","Relation Name": "lineitem","Alias": "lineitem","Startup Cost": 0.43,"Total Cost": 1.05,"Plan Rows": 1,"Plan Width": 29,"Actual Startup Time": 0.006,"Actual Total Time": 0.041,"Actual Rows": 7,"Actual Loops": 43572,"Index Cond": "((l_partkey = partsupp.ps_partkey) AND (l_suppkey = partsupp.ps_suppkey))","Rows Removed by Index Recheck": 0,"Workers": []}]},{"Node Type": "Index Scan","Parent Relationship": "Inner","Parallel Aware": false,"Async Capable": false,"Scan Direction": "Forward","Index Name": "supplier_pkey","Relation Name": "supplier","Alias": "supplier","Startup Cost": 0.29,"Total Cost": 0.30,"Plan Rows": 1,"Plan Width": 8,"Actual Startup Time": 0.001,"Actual Total Time": 0.001,"Actual Rows": 1,"Actual Loops": 326278,"Index Cond": "(s_suppkey = lineitem.l_suppkey)","Rows Removed by Index Recheck": 0,"Workers": []}]},{"Node Type": "Index Scan","Parent Relationship": "Inner","Parallel Aware": false,"Async Capable": false,"Scan Direction": "Forward","Index Name": "orders_pkey","Relation Name": "orders","Alias": "orders","Startup Cost": 0.43,"Total Cost": 0.47,"Plan Rows": 1,"Plan Width": 8,"Actual Startup Time": 0.009,"Actual Total Time": 0.009,"Actual Rows": 1,"Actual Loops": 326278,"Index Cond": "(o_orderkey = lineitem.l_orderkey)","Rows Removed by Index Recheck": 0,"Workers": []}]},{"Node Type": "Hash","Parent Relationship": "Inner","Parallel Aware": false,"Async Capable": false,"Startup Cost": 1.25,"Total Cost": 1.25,"Plan Rows": 25,"Plan Width": 108,"Actual Startup Time": 0.065,"Actual Total Time": 0.072,"Actual Rows": 25,"Actual Loops": 4,"Hash Buckets": 1024,"Original Hash Buckets": 1024,"Hash Batches": 1,"Original Hash Batches": 1,"Peak Memory Usage": 10,"Workers": [],"Plans": [{"Node Type": "Seq Scan","Parent Relationship": "Outer","Parallel Aware": false,"Async Capable": false,"Relation Name": "nation","Alias": "nation","Startup Cost": 0.00,"Total Cost": 1.25,"Plan Rows": 25,"Plan Width": 108,"Actual Startup Time": 0.043,"Actual Total Time": 0.049,"Actual Rows": 25,"Actual Loops": 4,"Workers": []}]}]}]}]}]}]},"Planning Time": 13.208,"Triggers": [],"Execution Time": 1890.767}]
[{"Plan": {"Node Type": "Aggregate","Strategy": "Sorted","Partial Mode": "Finalize","Parallel Aware": false,"Async Capable": false,"Startup Cost": 41381.04,"Total Cost": 41397.45,"Plan Rows": 122,"Plan Width": 168,"Actual Startup Time": 2449.053,"Actual Total Time": 2635.568,"Actual Rows": 175,"Actual Loops": 1,"Group Key": ["nation.n_name", "(EXTRACT(year FROM orders.o_orderdate))"],"Plans": [{"Node Type": "Gather Merge","Parent Relationship": "Outer","Parallel Aware": false,"Async Capable": false,"Startup Cost": 41381.04,"Total Cost": 41394.60,"Plan Rows": 102,"Plan Width": 168,"Actual Startup Time": 2447.324,"Actual Total Time": 2635.159,"Actual Rows": 525,"Actual Loops": 1,"Workers Planned": 2,"Workers Launched": 2,"Plans": [{"Node Type": "Aggregate","Strategy": "Sorted","Partial Mode": "Partial","Parent Relationship": "Outer","Parallel Aware": false,"Async Capable": false,"Startup Cost": 40381.01,"Total Cost": 40382.80,"Plan Rows": 51,"Plan Width": 168,"Actual Startup Time": 2331.740,"Actual Total Time": 2482.748,"Actual Rows": 175,"Actual Loops": 3,"Group Key": ["nation.n_name", "(EXTRACT(year FROM orders.o_orderdate))"],"Workers": [],"Plans": [{"Node Type": "Sort","Parent Relationship": "Outer","Parallel Aware": false,"Async Capable": false,"Startup Cost": 40381.01,"Total Cost": 40381.14,"Plan Rows": 51,"Plan Width": 159,"Actual Startup Time": 2331.039,"Actual Total Time": 2387.406,"Actual Rows": 108809,"Actual Loops": 3,"Sort Key": ["nation.n_name", "(EXTRACT(year FROM orders.o_orderdate)) DESC"],"Sort Method": "quicksort","Sort Space Used": 14620,"Sort Space Type": "Memory","Workers": [{"Worker Number": 0,"Sort Method": "quicksort","Sort Space Used": 13545,"Sort Space Type": "Memory"},{"Worker Number": 1,"Sort Method": "quicksort","Sort Space Used": 13555,"Sort Space Type": "Memory"}],"Plans": [{"Node Type": "Hash Join","Parent Relationship": "Outer","Parallel Aware": false,"Async Capable": false,"Join Type": "Inner","Startup Cost": 3.13,"Total Cost": 40379.57,"Plan Rows": 51,"Plan Width": 159,"Actual Startup Time": 0.737,"Actual Total Time": 2187.041,"Actual Rows": 108809,"Actual Loops": 3,"Inner Unique": true,"Hash Cond": "(supplier.s_nationkey = nation.n_nationkey)","Workers": [],"Plans": [{"Node Type": "Nested Loop","Parent Relationship": "Outer","Parallel Aware": false,"Async Capable": false,"Join Type": "Inner","Startup Cost": 1.57,"Total Cost": 40377.72,"Plan Rows": 51,"Plan Width": 31,"Actual Startup Time": 0.552,"Actual Total Time": 2155.488,"Actual Rows": 108809,"Actual Loops": 3,"Inner Unique": true,"Workers": [],"Plans": [{"Node Type": "Nested Loop","Parent Relationship": "Outer","Parallel Aware": false,"Async Capable": false,"Join Type": "Inner","Startup Cost": 1.14,"Total Cost": 40354.00,"Plan Rows": 51,"Plan Width": 31,"Actual Startup Time": 0.419,"Actual Total Time": 1005.505,"Actual Rows": 108809,"Actual Loops": 3,"Inner Unique": true,"Workers": [],"Plans": [{"Node Type": "Nested Loop","Parent Relationship": "Outer","Parallel Aware": false,"Async Capable": false,"Join Type": "Inner","Startup Cost": 0.86,"Total Cost": 40338.56,"Plan Rows": 51,"Plan Width": 35,"Actual Startup Time": 0.336,"Actual Total Time": 819.466,"Actual Rows": 108809,"Actual Loops": 3,"Inner Unique": false,"Workers": [],"Plans": [{"Node Type": "Nested Loop","Parent Relationship": "Outer","Parallel Aware": false,"Async Capable": false,"Join Type": "Inner","Startup Cost": 0.42,"Total Cost": 22456.59,"Plan Rows": 16835,"Plan Width": 18,"Actual Startup Time": 0.212,"Actual Total Time": 113.652,"Actual Rows": 14564,"Actual Loops": 3,"Inner Unique": false,"Workers": [],"Plans": [{"Node Type": "Seq Scan","Parent Relationship": "Outer","Parallel Aware": true,"Async Capable": false,"Relation Name": "part","Alias": "part","Startup Cost": 0.00,"Total Cost": 5138.67,"Plan Rows": 4209,"Plan Width": 4,"Actual Startup Time": 0.070,"Actual Total Time": 47.906,"Actual Rows": 3641,"Actual Loops": 3,"Filter": "((p_name)::text ~~ '%violet%'::text)","Rows Removed by Filter": 63026,"Workers": []},{"Node Type": "Index Scan","Parent Relationship": "Inner","Parallel Aware": false,"Async Capable": false,"Scan Direction": "Forward","Index Name": "idx_partsupp_partkey","Relation Name": "partsupp","Alias": "partsupp","Startup Cost": 0.42,"Total Cost": 4.07,"Plan Rows": 4,"Plan Width": 14,"Actual Startup Time": 0.013,"Actual Total Time": 0.017,"Actual Rows": 4,"Actual Loops": 10923,"Index Cond": "(ps_partkey = part.p_partkey)","Rows Removed by Index Recheck": 0,"Workers": []}]},{"Node Type": "Index Scan","Parent Relationship": "Inner","Parallel Aware": false,"Async Capable": false,"Scan Direction": "Forward","Index Name": "idx_lineitem_part_supp","Relation Name": "lineitem","Alias": "lineitem","Startup Cost": 0.43,"Total Cost": 1.05,"Plan Rows": 1,"Plan Width": 29,"Actual Startup Time": 0.007,"Actual Total Time": 0.047,"Actual Rows": 7,"Actual Loops": 43692,"Index Cond": "((l_partkey = partsupp.ps_partkey) AND (l_suppkey = partsupp.ps_suppkey))","Rows Removed by Index Recheck": 0,"Workers": []}]},{"Node Type": "Index Scan","Parent Relationship": "Inner","Parallel Aware": false,"Async Capable": false,"Scan Direction": "Forward","Index Name": "supplier_pkey","Relation Name": "supplier","Alias": "supplier","Startup Cost": 0.29,"Total Cost": 0.30,"Plan Rows": 1,"Plan Width": 8,"Actual Startup Time": 0.001,"Actual Total Time": 0.001,"Actual Rows": 1,"Actual Loops": 326428,"Index Cond": "(s_suppkey = lineitem.l_suppkey)","Rows Removed by Index Recheck": 0,"Workers": []}]},{"Node Type": "Index Scan","Parent Relationship": "Inner","Parallel Aware": false,"Async Capable": false,"Scan Direction": "Forward","Index Name": "orders_pkey","Relation Name": "orders","Alias": "orders","Startup Cost": 0.43,"Total Cost": 0.47,"Plan Rows": 1,"Plan Width": 8,"Actual Startup Time": 0.010,"Actual Total Time": 0.010,"Actual Rows": 1,"Actual Loops": 326428,"Index Cond": "(o_orderkey = lineitem.l_orderkey)","Rows Removed by Index Recheck": 0,"Workers": []}]},{"Node Type": "Hash","Parent Relationship": "Inner","Parallel Aware": false,"Async Capable": false,"Startup Cost": 1.25,"Total Cost": 1.25,"Plan Rows": 25,"Plan Width": 108,"Actual Startup Time": 0.086,"Actual Total Time": 0.097,"Actual Rows": 25,"Actual Loops": 3,"Hash Buckets": 1024,"Original Hash Buckets": 1024,"Hash Batches": 1,"Original Hash Batches": 1,"Peak Memory Usage": 10,"Workers": [],"Plans": [{"Node Type": "Seq Scan","Parent Relationship": "Outer","Parallel Aware": false,"Async Capable": false,"Relation Name": "nation","Alias": "nation","Startup Cost": 0.00,"Total Cost": 1.25,"Plan Rows": 25,"Plan Width": 108,"Actual Startup Time": 0.055,"Actual Total Time": 0.061,"Actual Rows": 25,"Actual Loops": 3,"Workers": []}]}]}]}]}]}]},"Planning Time": 11.985,"Triggers": [],"Execution Time": 2638.417}]
[{"Plan": {"Node Type": "Aggregate","Strategy": "Sorted","Partial Mode": "Finalize","Parallel Aware": false,"Async Capable": false,"Startup Cost": 41381.04,"Total Cost": 41397.45,"Plan Rows": 122,"Plan Width": 168,"Actual Startup Time": 2382.490,"Actual Total Time": 2475.878,"Actual Rows": 175,"Actual Loops": 1,"Group Key": ["nation.n_name", "(EXTRACT(year FROM orders.o_orderdate))"],"Plans": [{"Node Type": "Gather Merge","Parent Relationship": "Outer","Parallel Aware": false,"Async Capable": false,"Startup Cost": 41381.04,"Total Cost": 41394.60,"Plan Rows": 102,"Plan Width": 168,"Actual Startup Time": 2380.864,"Actual Total Time": 2475.466,"Actual Rows": 525,"Actual Loops": 1,"Workers Planned": 2,"Workers Launched": 2,"Plans": [{"Node Type": "Aggregate","Strategy": "Sorted","Partial Mode": "Partial","Parent Relationship": "Outer","Parallel Aware": false,"Async Capable": false,"Startup Cost": 40381.01,"Total Cost": 40382.80,"Plan Rows": 51,"Plan Width": 168,"Actual Startup Time": 2284.004,"Actual Total Time": 2397.917,"Actual Rows": 175,"Actual Loops": 3,"Group Key": ["nation.n_name", "(EXTRACT(year FROM orders.o_orderdate))"],"Workers": [],"Plans": [{"Node Type": "Sort","Parent Relationship": "Outer","Parallel Aware": false,"Async Capable": false,"Startup Cost": 40381.01,"Total Cost": 40381.14,"Plan Rows": 51,"Plan Width": 159,"Actual Startup Time": 2283.510,"Actual Total Time": 2318.337,"Actual Rows": 106238,"Actual Loops": 3,"Sort Key": ["nation.n_name", "(EXTRACT(year FROM orders.o_orderdate)) DESC"],"Sort Method": "quicksort","Sort Space Used": 14360,"Sort Space Type": "Memory","Workers": [{"Worker Number": 0,"Sort Method": "quicksort","Sort Space Used": 13293,"Sort Space Type": "Memory"},{"Worker Number": 1,"Sort Method": "quicksort","Sort Space Used": 13298,"Sort Space Type": "Memory"}],"Plans": [{"Node Type": "Hash Join","Parent Relationship": "Outer","Parallel Aware": false,"Async Capable": false,"Join Type": "Inner","Startup Cost": 3.13,"Total Cost": 40379.57,"Plan Rows": 51,"Plan Width": 159,"Actual Startup Time": 0.569,"Actual Total Time": 2142.244,"Actual Rows": 106238,"Actual Loops": 3,"Inner Unique": true,"Hash Cond": "(supplier.s_nationkey = nation.n_nationkey)","Workers": [],"Plans": [{"Node Type": "Nested Loop","Parent Relationship": "Outer","Parallel Aware": false,"Async Capable": false,"Join Type": "Inner","Startup Cost": 1.57,"Total Cost": 40377.72,"Plan Rows": 51,"Plan Width": 31,"Actual Startup Time": 0.432,"Actual Total Time": 2111.386,"Actual Rows": 106238,"Actual Loops": 3,"Inner Unique": true,"Workers": [],"Plans": [{"Node Type": "Nested Loop","Parent Relationship": "Outer","Parallel Aware": false,"Async Capable": false,"Join Type": "Inner","Startup Cost": 1.14,"Total Cost": 40354.00,"Plan Rows": 51,"Plan Width": 31,"Actual Startup Time": 0.327,"Actual Total Time": 986.958,"Actual Rows": 106238,"Actual Loops": 3,"Inner Unique": true,"Workers": [],"Plans": [{"Node Type": "Nested Loop","Parent Relationship": "Outer","Parallel Aware": false,"Async Capable": false,"Join Type": "Inner","Startup Cost": 0.86,"Total Cost": 40338.56,"Plan Rows": 51,"Plan Width": 35,"Actual Startup Time": 0.230,"Actual Total Time": 805.341,"Actual Rows": 106238,"Actual Loops": 3,"Inner Unique": false,"Workers": [],"Plans": [{"Node Type": "Nested Loop","Parent Relationship": "Outer","Parallel Aware": false,"Async Capable": false,"Join Type": "Inner","Startup Cost": 0.42,"Total Cost": 22456.59,"Plan Rows": 16835,"Plan Width": 18,"Actual Startup Time": 0.146,"Actual Total Time": 114.209,"Actual Rows": 14187,"Actual Loops": 3,"Inner Unique": false,"Workers": [],"Plans": [{"Node Type": "Seq Scan","Parent Relationship": "Outer","Parallel Aware": true,"Async Capable": false,"Relation Name": "part","Alias": "part","Startup Cost": 0.00,"Total Cost": 5138.67,"Plan Rows": 4209,"Plan Width": 4,"Actual Startup Time": 0.052,"Actual Total Time": 49.825,"Actual Rows": 3547,"Actual Loops": 3,"Filter": "((p_name)::text ~~ '%ivory%'::text)","Rows Removed by Filter": 63120,"Workers": []},{"Node Type": "Index Scan","Parent Relationship": "Inner","Parallel Aware": false,"Async Capable": false,"Scan Direction": "Forward","Index Name": "idx_partsupp_partkey","Relation Name": "partsupp","Alias": "partsupp","Startup Cost": 0.42,"Total Cost": 4.07,"Plan Rows": 4,"Plan Width": 14,"Actual Startup Time": 0.014,"Actual Total Time": 0.017,"Actual Rows": 4,"Actual Loops": 10640,"Index Cond": "(ps_partkey = part.p_partkey)","Rows Removed by Index Recheck": 0,"Workers": []}]},{"Node Type": "Index Scan","Parent Relationship": "Inner","Parallel Aware": false,"Async Capable": false,"Scan Direction": "Forward","Index Name": "idx_lineitem_part_supp","Relation Name": "lineitem","Alias": "lineitem","Startup Cost": 0.43,"Total Cost": 1.05,"Plan Rows": 1,"Plan Width": 29,"Actual Startup Time": 0.007,"Actual Total Time": 0.047,"Actual Rows": 7,"Actual Loops": 42560,"Index Cond": "((l_partkey = partsupp.ps_partkey) AND (l_suppkey = partsupp.ps_suppkey))","Rows Removed by Index Recheck": 0,"Workers": []}]},{"Node Type": "Index Scan","Parent Relationship": "Inner","Parallel Aware": false,"Async Capable": false,"Scan Direction": "Forward","Index Name": "supplier_pkey","Relation Name": "supplier","Alias": "supplier","Startup Cost": 0.29,"Total Cost": 0.30,"Plan Rows": 1,"Plan Width": 8,"Actual Startup Time": 0.001,"Actual Total Time": 0.001,"Actual Rows": 1,"Actual Loops": 318713,"Index Cond": "(s_suppkey = lineitem.l_suppkey)","Rows Removed by Index Recheck": 0,"Workers": []}]},{"Node Type": "Index Scan","Parent Relationship": "Inner","Parallel Aware": false,"Async Capable": false,"Scan Direction": "Forward","Index Name": "orders_pkey","Relation Name": "orders","Alias": "orders","Startup Cost": 0.43,"Total Cost": 0.47,"Plan Rows": 1,"Plan Width": 8,"Actual Startup Time": 0.010,"Actual Total Time": 0.010,"Actual Rows": 1,"Actual Loops": 318713,"Index Cond": "(o_orderkey = lineitem.l_orderkey)","Rows Removed by Index Recheck": 0,"Workers": []}]},{"Node Type": "Hash","Parent Relationship": "Inner","Parallel Aware": false,"Async Capable": false,"Startup Cost": 1.25,"Total Cost": 1.25,"Plan Rows": 25,"Plan Width": 108,"Actual Startup Time": 0.061,"Actual Total Time": 0.072,"Actual Rows": 25,"Actual Loops": 3,"Hash Buckets": 1024,"Original Hash Buckets": 1024,"Hash Batches": 1,"Original Hash Batches": 1,"Peak Memory Usage": 10,"Workers": [],"Plans": [{"Node Type": "Seq Scan","Parent Relationship": "Outer","Parallel Aware": false,"Async Capable": false,"Relation Name": "nation","Alias": "nation","Startup Cost": 0.00,"Total Cost": 1.25,"Plan Rows": 25,"Plan Width": 108,"Actual Startup Time": 0.041,"Actual Total Time": 0.045,"Actual Rows": 25,"Actual Loops": 3,"Workers": []}]}]}]}]}]}]},"Planning Time": 11.380,"Triggers": [],"Execution Time": 2477.664}]
[{"Plan": {"Node Type": "Aggregate","Strategy": "Sorted","Partial Mode": "Finalize","Parallel Aware": false,"Async Capable": false,"Startup Cost": 51920.12,"Total Cost": 51953.05,"Plan Rows": 219,"Plan Width": 168,"Actual Startup Time": 1685.576,"Actual Total Time": 1779.937,"Actual Rows": 175,"Actual Loops": 1,"Group Key": ["nation.n_name", "(EXTRACT(year FROM orders.o_orderdate))"],"Plans": [{"Node Type": "Gather Merge","Parent Relationship": "Outer","Parallel Aware": false,"Async Capable": false,"Startup Cost": 51920.12,"Total Cost": 51947.63,"Plan Rows": 213,"Plan Width": 168,"Actual Startup Time": 1684.109,"Actual Total Time": 1779.449,"Actual Rows": 700,"Actual Loops": 1,"Workers Planned": 3,"Workers Launched": 3,"Plans": [{"Node Type": "Aggregate","Strategy": "Sorted","Partial Mode": "Partial","Parent Relationship": "Outer","Parallel Aware": false,"Async Capable": false,"Startup Cost": 50920.08,"Total Cost": 50922.56,"Plan Rows": 71,"Plan Width": 168,"Actual Startup Time": 1615.575,"Actual Total Time": 1701.587,"Actual Rows": 175,"Actual Loops": 4,"Group Key": ["nation.n_name", "(EXTRACT(year FROM orders.o_orderdate))"],"Workers": [],"Plans": [{"Node Type": "Sort","Parent Relationship": "Outer","Parallel Aware": false,"Async Capable": false,"Startup Cost": 50920.08,"Total Cost": 50920.26,"Plan Rows": 71,"Plan Width": 159,"Actual Startup Time": 1615.138,"Actual Total Time": 1641.513,"Actual Rows": 82680,"Actual Loops": 4,"Sort Key": ["nation.n_name", "(EXTRACT(year FROM orders.o_orderdate)) DESC"],"Sort Method": "quicksort","Sort Space Used": 11114,"Sort Space Type": "Memory","Workers": [{"Worker Number": 0,"Sort Method": "quicksort","Sort Space Used": 11099,"Sort Space Type": "Memory"},{"Worker Number": 1,"Sort Method": "quicksort","Sort Space Used": 11470,"Sort Space Type": "Memory"},{"Worker Number": 2,"Sort Method": "quicksort","Sort Space Used": 11534,"Sort Space Type": "Memory"}],"Plans": [{"Node Type": "Hash Join","Parent Relationship": "Outer","Parallel Aware": false,"Async Capable": false,"Join Type": "Inner","Startup Cost": 5236.07,"Total Cost": 50917.89,"Plan Rows": 71,"Plan Width": 159,"Actual Startup Time": 22.147,"Actual Total Time": 1517.827,"Actual Rows": 82680,"Actual Loops": 4,"Inner Unique": true,"Hash Cond": "(supplier.s_nationkey = nation.n_nationkey)","Workers": [],"Plans": [{"Node Type": "Nested Loop","Parent Relationship": "Outer","Parallel Aware": false,"Async Capable": false,"Join Type": "Inner","Startup Cost": 5234.51,"Total Cost": 50915.94,"Plan Rows": 71,"Plan Width": 31,"Actual Startup Time": 21.955,"Actual Total Time": 1494.212,"Actual Rows": 82680,"Actual Loops": 4,"Inner Unique": true,"Workers": [],"Plans": [{"Node Type": "Nested Loop","Parent Relationship": "Outer","Parallel Aware": false,"Async Capable": false,"Join Type": "Inner","Startup Cost": 5234.08,"Total Cost": 50882.91,"Plan Rows": 71,"Plan Width": 31,"Actual Startup Time": 21.895,"Actual Total Time": 772.688,"Actual Rows": 82680,"Actual Loops": 4,"Inner Unique": true,"Workers": [],"Plans": [{"Node Type": "Nested Loop","Parent Relationship": "Outer","Parallel Aware": false,"Async Capable": false,"Join Type": "Inner","Startup Cost": 5233.80,"Total Cost": 50861.42,"Plan Rows": 71,"Plan Width": 35,"Actual Startup Time": 21.850,"Actual Total Time": 635.447,"Actual Rows": 82680,"Actual Loops": 4,"Inner Unique": false,"Workers": [],"Plans": [{"Node Type": "Hash Join","Parent Relationship": "Outer","Parallel Aware": true,"Async Capable": false,"Join Type": "Inner","Startup Cost": 5233.37,"Total Cost": 25942.44,"Plan Rows": 23460,"Plan Width": 18,"Actual Startup Time": 21.777,"Actual Total Time": 183.666,"Actual Rows": 11010,"Actual Loops": 4,"Inner Unique": true,"Hash Cond": "(partsupp.ps_partkey = part.p_partkey)","Workers": [],"Plans": [{"Node Type": "Seq Scan","Parent Relationship": "Outer","Parallel Aware": true,"Async Capable": false,"Relation Name": "partsupp","Alias": "partsupp","Startup Cost": 0.00,"Total Cost": 20031.65,"Plan Rows": 258065,"Plan Width": 14,"Actual Startup Time": 0.020,"Actual Total Time": 41.580,"Actual Rows": 200000,"Actual Loops": 4,"Workers": []},{"Node Type": "Hash","Parent Relationship": "Inner","Parallel Aware": true,"Async Capable": false,"Startup Cost": 5138.67,"Total Cost": 5138.67,"Plan Rows": 7576,"Plan Width": 4,"Actual Startup Time": 21.542,"Actual Total Time": 21.549,"Actual Rows": 2752,"Actual Loops": 4,"Hash Buckets": 32768,"Original Hash Buckets": 32768,"Hash Batches": 1,"Original Hash Batches": 1,"Peak Memory Usage": 736,"Workers": [],"Plans": [{"Node Type": "Seq Scan","Parent Relationship": "Outer","Parallel Aware": true,"Async Capable": false,"Relation Name": "part","Alias": "part","Startup Cost": 0.00,"Total Cost": 5138.67,"Plan Rows": 7576,"Plan Width": 4,"Actual Startup Time": 0.062,"Actual Total Time": 20.145,"Actual Rows": 2752,"Actual Loops": 4,"Filter": "((p_name)::text ~~ '%orchid%'::text)","Rows Removed by Filter": 47248,"Workers": []}]}]},{"Node Type": "Index Scan","Parent Relationship": "Inner","Parallel Aware": false,"Async Capable": false,"Scan Direction": "Forward","Index Name": "idx_lineitem_part_supp","Relation Name": "lineitem","Alias": "lineitem","Startup Cost": 0.43,"Total Cost": 1.05,"Plan Rows": 1,"Plan Width": 29,"Actual Startup Time": 0.006,"Actual Total Time": 0.040,"Actual Rows": 8,"Actual Loops": 44040,"Index Cond": "((l_partkey = partsupp.ps_partkey) AND (l_suppkey = partsupp.ps_suppkey))","Rows Removed by Index Recheck": 0,"Workers": []}]},{"Node Type": "Index Scan","Parent Relationship": "Inner","Parallel Aware": false,"Async Capable": false,"Scan Direction": "Forward","Index Name": "supplier_pkey","Relation Name": "supplier","Alias": "supplier","Startup Cost": 0.29,"Total Cost": 0.30,"Plan Rows": 1,"Plan Width": 8,"Actual Startup Time": 0.001,"Actual Total Time": 0.001,"Actual Rows": 1,"Actual Loops": 330720,"Index Cond": "(s_suppkey = lineitem.l_suppkey)","Rows Removed by Index Recheck": 0,"Workers": []}]},{"Node Type": "Index Scan","Parent Relationship": "Inner","Parallel Aware": false,"Async Capable": false,"Scan Direction": "Forward","Index Name": "orders_pkey","Relation Name": "orders","Alias": "orders","Startup Cost": 0.43,"Total Cost": 0.47,"Plan Rows": 1,"Plan Width": 8,"Actual Startup Time": 0.008,"Actual Total Time": 0.008,"Actual Rows": 1,"Actual Loops": 330720,"Index Cond": "(o_orderkey = lineitem.l_orderkey)","Rows Removed by Index Recheck": 0,"Workers": []}]},{"Node Type": "Hash","Parent Relationship": "Inner","Parallel Aware": false,"Async Capable": false,"Startup Cost": 1.25,"Total Cost": 1.25,"Plan Rows": 25,"Plan Width": 108,"Actual Startup Time": 0.085,"Actual Total Time": 0.091,"Actual Rows": 25,"Actual Loops": 4,"Hash Buckets": 1024,"Original Hash Buckets": 1024,"Hash Batches": 1,"Original Hash Batches": 1,"Peak Memory Usage": 10,"Workers": [],"Plans": [{"Node Type": "Seq Scan","Parent Relationship": "Outer","Parallel Aware": false,"Async Capable": false,"Relation Name": "nation","Alias": "nation","Startup Cost": 0.00,"Total Cost": 1.25,"Plan Rows": 25,"Plan Width": 108,"Actual Startup Time": 0.055,"Actual Total Time": 0.061,"Actual Rows": 25,"Actual Loops": 4,"Workers": []}]}]}]}]}]}]},"Planning Time": 12.199,"Triggers": [],"Execution Time": 1781.879}]
[{"Plan": {"Node Type": "Aggregate","Strategy": "Sorted","Partial Mode": "Finalize","Parallel Aware": false,"Async Capable": false,"Startup Cost": 51920.12,"Total Cost": 51953.05,"Plan Rows": 219,"Plan Width": 168,"Actual Startup Time": 1721.654,"Actual Total Time": 1827.276,"Actual Rows": 175,"Actual Loops": 1,"Group Key": ["nation.n_name", "(EXTRACT(year FROM orders.o_orderdate))"],"Plans": [{"Node Type": "Gather Merge","Parent Relationship": "Outer","Parallel Aware": false,"Async Capable": false,"Startup Cost": 51920.12,"Total Cost": 51947.63,"Plan Rows": 213,"Plan Width": 168,"Actual Startup Time": 1720.222,"Actual Total Time": 1826.765,"Actual Rows": 700,"Actual Loops": 1,"Workers Planned": 3,"Workers Launched": 3,"Plans": [{"Node Type": "Aggregate","Strategy": "Sorted","Partial Mode": "Partial","Parent Relationship": "Outer","Parallel Aware": false,"Async Capable": false,"Startup Cost": 50920.08,"Total Cost": 50922.56,"Plan Rows": 71,"Plan Width": 168,"Actual Startup Time": 1650.749,"Actual Total Time": 1734.261,"Actual Rows": 175,"Actual Loops": 4,"Group Key": ["nation.n_name", "(EXTRACT(year FROM orders.o_orderdate))"],"Workers": [],"Plans": [{"Node Type": "Sort","Parent Relationship": "Outer","Parallel Aware": false,"Async Capable": false,"Startup Cost": 50920.08,"Total Cost": 50920.26,"Plan Rows": 71,"Plan Width": 159,"Actual Startup Time": 1650.366,"Actual Total Time": 1677.057,"Actual Rows": 80612,"Actual Loops": 4,"Sort Key": ["nation.n_name", "(EXTRACT(year FROM orders.o_orderdate)) DESC"],"Sort Method": "quicksort","Sort Space Used": 11250,"Sort Space Type": "Memory","Workers": [{"Worker Number": 0,"Sort Method": "quicksort","Sort Space Used": 11043,"Sort Space Type": "Memory"},{"Worker Number": 1,"Sort Method": "quicksort","Sort Space Used": 11082,"Sort Space Type": "Memory"},{"Worker Number": 2,"Sort Method": "quicksort","Sort Space Used": 11022,"Sort Space Type": "Memory"}],"Plans": [{"Node Type": "Hash Join","Parent Relationship": "Outer","Parallel Aware": false,"Async Capable": false,"Join Type": "Inner","Startup Cost": 5236.07,"Total Cost": 50917.89,"Plan Rows": 71,"Plan Width": 159,"Actual Startup Time": 23.103,"Actual Total Time": 1552.537,"Actual Rows": 80612,"Actual Loops": 4,"Inner Unique": true,"Hash Cond": "(supplier.s_nationkey = nation.n_nationkey)","Workers": [],"Plans": [{"Node Type": "Nested Loop","Parent Relationship": "Outer","Parallel Aware": false,"Async Capable": false,"Join Type": "Inner","Startup Cost": 5234.51,"Total Cost": 50915.94,"Plan Rows": 71,"Plan Width": 31,"Actual Startup Time": 22.948,"Actual Total Time": 1529.400,"Actual Rows": 80612,"Actual Loops": 4,"Inner Unique": true,"Workers": [],"Plans": [{"Node Type": "Nested Loop","Parent Relationship": "Outer","Parallel Aware": false,"Async Capable": false,"Join Type": "Inner","Startup Cost": 5234.08,"Total Cost": 50882.91,"Plan Rows": 71,"Plan Width": 31,"Actual Startup Time": 22.886,"Actual Total Time": 802.830,"Actual Rows": 80612,"Actual Loops": 4,"Inner Unique": true,"Workers": [],"Plans": [{"Node Type": "Nested Loop","Parent Relationship": "Outer","Parallel Aware": false,"Async Capable": false,"Join Type": "Inner","Startup Cost": 5233.80,"Total Cost": 50861.42,"Plan Rows": 71,"Plan Width": 35,"Actual Startup Time": 22.843,"Actual Total Time": 667.163,"Actual Rows": 80612,"Actual Loops": 4,"Inner Unique": false,"Workers": [],"Plans": [{"Node Type": "Hash Join","Parent Relationship": "Outer","Parallel Aware": true,"Async Capable": false,"Join Type": "Inner","Startup Cost": 5233.37,"Total Cost": 25942.44,"Plan Rows": 23460,"Plan Width": 18,"Actual Startup Time": 22.783,"Actual Total Time": 202.540,"Actual Rows": 10756,"Actual Loops": 4,"Inner Unique": true,"Hash Cond": "(partsupp.ps_partkey = part.p_partkey)","Workers": [],"Plans": [{"Node Type": "Seq Scan","Parent Relationship": "Outer","Parallel Aware": true,"Async Capable": false,"Relation Name": "partsupp","Alias": "partsupp","Startup Cost": 0.00,"Total Cost": 20031.65,"Plan Rows": 258065,"Plan Width": 14,"Actual Startup Time": 0.012,"Actual Total Time": 41.903,"Actual Rows": 200000,"Actual Loops": 4,"Workers": []},{"Node Type": "Hash","Parent Relationship": "Inner","Parallel Aware": true,"Async Capable": false,"Startup Cost": 5138.67,"Total Cost": 5138.67,"Plan Rows": 7576,"Plan Width": 4,"Actual Startup Time": 22.548,"Actual Total Time": 22.557,"Actual Rows": 2689,"Actual Loops": 4,"Hash Buckets": 32768,"Original Hash Buckets": 32768,"Hash Batches": 1,"Original Hash Batches": 1,"Peak Memory Usage": 704,"Workers": [],"Plans": [{"Node Type": "Seq Scan","Parent Relationship": "Outer","Parallel Aware": true,"Async Capable": false,"Relation Name": "part","Alias": "part","Startup Cost": 0.00,"Total Cost": 5138.67,"Plan Rows": 7576,"Plan Width": 4,"Actual Startup Time": 0.036,"Actual Total Time": 20.722,"Actual Rows": 2689,"Actual Loops": 4,"Filter": "((p_name)::text ~~ '%royal%'::text)","Rows Removed by Filter": 47311,"Workers": []}]}]},{"Node Type": "Index Scan","Parent Relationship": "Inner","Parallel Aware": false,"Async Capable": false,"Scan Direction": "Forward","Index Name": "idx_lineitem_part_supp","Relation Name": "lineitem","Alias": "lineitem","Startup Cost": 0.43,"Total Cost": 1.05,"Plan Rows": 1,"Plan Width": 29,"Actual Startup Time": 0.006,"Actual Total Time": 0.042,"Actual Rows": 7,"Actual Loops": 43024,"Index Cond": "((l_partkey = partsupp.ps_partkey) AND (l_suppkey = partsupp.ps_suppkey))","Rows Removed by Index Recheck": 0,"Workers": []}]},{"Node Type": "Index Scan","Parent Relationship": "Inner","Parallel Aware": false,"Async Capable": false,"Scan Direction": "Forward","Index Name": "supplier_pkey","Relation Name": "supplier","Alias": "supplier","Startup Cost": 0.29,"Total Cost": 0.30,"Plan Rows": 1,"Plan Width": 8,"Actual Startup Time": 0.001,"Actual Total Time": 0.001,"Actual Rows": 1,"Actual Loops": 322446,"Index Cond": "(s_suppkey = lineitem.l_suppkey)","Rows Removed by Index Recheck": 0,"Workers": []}]},{"Node Type": "Index Scan","Parent Relationship": "Inner","Parallel Aware": false,"Async Capable": false,"Scan Direction": "Forward","Index Name": "orders_pkey","Relation Name": "orders","Alias": "orders","Startup Cost": 0.43,"Total Cost": 0.47,"Plan Rows": 1,"Plan Width": 8,"Actual Startup Time": 0.009,"Actual Total Time": 0.009,"Actual Rows": 1,"Actual Loops": 322446,"Index Cond": "(o_orderkey = lineitem.l_orderkey)","Rows Removed by Index Recheck": 0,"Workers": []}]},{"Node Type": "Hash","Parent Relationship": "Inner","Parallel Aware": false,"Async Capable": false,"Startup Cost": 1.25,"Total Cost": 1.25,"Plan Rows": 25,"Plan Width": 108,"Actual Startup Time": 0.059,"Actual Total Time": 0.064,"Actual Rows": 25,"Actual Loops": 4,"Hash Buckets": 1024,"Original Hash Buckets": 1024,"Hash Batches": 1,"Original Hash Batches": 1,"Peak Memory Usage": 10,"Workers": [],"Plans": [{"Node Type": "Seq Scan","Parent Relationship": "Outer","Parallel Aware": false,"Async Capable": false,"Relation Name": "nation","Alias": "nation","Startup Cost": 0.00,"Total Cost": 1.25,"Plan Rows": 25,"Plan Width": 108,"Actual Startup Time": 0.039,"Actual Total Time": 0.043,"Actual Rows": 25,"Actual Loops": 4,"Workers": []}]}]}]}]}]}]},"Planning Time": 12.321,"Triggers": [],"Execution Time": 1830.725}]
[{"Plan": {"Node Type": "Aggregate","Strategy": "Sorted","Partial Mode": "Finalize","Parallel Aware": false,"Async Capable": false,"Startup Cost": 35224.41,"Total Cost": 35237.30,"Plan Rows": 97,"Plan Width": 168,"Actual Startup Time": 2468.334,"Actual Total Time": 2614.615,"Actual Rows": 175,"Actual Loops": 1,"Group Key": ["nation.n_name", "(EXTRACT(year FROM orders.o_orderdate))"],"Plans": [{"Node Type": "Gather Merge","Parent Relationship": "Outer","Parallel Aware": false,"Async Capable": false,"Startup Cost": 35224.41,"Total Cost": 35235.05,"Plan Rows": 80,"Plan Width": 168,"Actual Startup Time": 2467.004,"Actual Total Time": 2614.239,"Actual Rows": 525,"Actual Loops": 1,"Workers Planned": 2,"Workers Launched": 2,"Plans": [{"Node Type": "Aggregate","Strategy": "Sorted","Partial Mode": "Partial","Parent Relationship": "Outer","Parallel Aware": false,"Async Capable": false,"Startup Cost": 34224.39,"Total Cost": 34225.79,"Plan Rows": 40,"Plan Width": 168,"Actual Startup Time": 2350.593,"Actual Total Time": 2488.300,"Actual Rows": 175,"Actual Loops": 3,"Group Key": ["nation.n_name", "(EXTRACT(year FROM orders.o_orderdate))"],"Workers": [],"Plans": [{"Node Type": "Sort","Parent Relationship": "Outer","Parallel Aware": false,"Async Capable": false,"Startup Cost": 34224.39,"Total Cost": 34224.49,"Plan Rows": 40,"Plan Width": 159,"Actual Startup Time": 2349.936,"Actual Total Time": 2400.414,"Actual Rows": 109238,"Actual Loops": 3,"Sort Key": ["nation.n_name", "(EXTRACT(year FROM orders.o_orderdate)) DESC"],"Sort Method": "quicksort","Sort Space Used": 14698,"Sort Space Type": "Memory","Workers": [{"Worker Number": 0,"Sort Method": "quicksort","Sort Space Used": 13564,"Sort Space Type": "Memory"},{"Worker Number": 1,"Sort Method": "quicksort","Sort Space Used": 13587,"Sort Space Type": "Memory"}],"Plans": [{"Node Type": "Hash Join","Parent Relationship": "Outer","Parallel Aware": false,"Async Capable": false,"Join Type": "Inner","Startup Cost": 3.13,"Total Cost": 34223.32,"Plan Rows": 40,"Plan Width": 159,"Actual Startup Time": 0.710,"Actual Total Time": 2199.303,"Actual Rows": 109238,"Actual Loops": 3,"Inner Unique": true,"Hash Cond": "(supplier.s_nationkey = nation.n_nationkey)","Workers": [],"Plans": [{"Node Type": "Nested Loop","Parent Relationship": "Outer","Parallel Aware": false,"Async Capable": false,"Join Type": "Inner","Startup Cost": 1.57,"Total Cost": 34221.53,"Plan Rows": 40,"Plan Width": 31,"Actual Startup Time": 0.515,"Actual Total Time": 2168.211,"Actual Rows": 109238,"Actual Loops": 3,"Inner Unique": true,"Workers": [],"Plans": [{"Node Type": "Nested Loop","Parent Relationship": "Outer","Parallel Aware": false,"Async Capable": false,"Join Type": "Inner","Startup Cost": 1.14,"Total Cost": 34202.93,"Plan Rows": 40,"Plan Width": 31,"Actual Startup Time": 0.366,"Actual Total Time": 1011.087,"Actual Rows": 109238,"Actual Loops": 3,"Inner Unique": true,"Workers": [],"Plans": [{"Node Type": "Nested Loop","Parent Relationship": "Outer","Parallel Aware": false,"Async Capable": false,"Join Type": "Inner","Startup Cost": 0.86,"Total Cost": 34190.82,"Plan Rows": 40,"Plan Width": 35,"Actual Startup Time": 0.280,"Actual Total Time": 824.347,"Actual Rows": 109238,"Actual Loops": 3,"Inner Unique": false,"Workers": [],"Plans": [{"Node Type": "Nested Loop","Parent Relationship": "Outer","Parallel Aware": false,"Async Capable": false,"Join Type": "Inner","Startup Cost": 0.42,"Total Cost": 19885.25,"Plan Rows": 13468,"Plan Width": 18,"Actual Startup Time": 0.177,"Actual Total Time": 115.126,"Actual Rows": 14568,"Actual Loops": 3,"Inner Unique": false,"Workers": [],"Plans": [{"Node Type": "Seq Scan","Parent Relationship": "Outer","Parallel Aware": true,"Async Capable": false,"Relation Name": "part","Alias": "part","Startup Cost": 0.00,"Total Cost": 5138.67,"Plan Rows": 3367,"Plan Width": 4,"Actual Startup Time": 0.049,"Actual Total Time": 48.508,"Actual Rows": 3642,"Actual Loops": 3,"Filter": "((p_name)::text ~~ '%purple%'::text)","Rows Removed by Filter": 63025,"Workers": []},{"Node Type": "Index Scan","Parent Relationship": "Inner","Parallel Aware": false,"Async Capable": false,"Scan Direction": "Forward","Index Name": "idx_partsupp_partkey","Relation Name": "partsupp","Alias": "partsupp","Startup Cost": 0.42,"Total Cost": 4.34,"Plan Rows": 4,"Plan Width": 14,"Actual Startup Time": 0.014,"Actual Total Time": 0.018,"Actual Rows": 4,"Actual Loops": 10926,"Index Cond": "(ps_partkey = part.p_partkey)","Rows Removed by Index Recheck": 0,"Workers": []}]},{"Node Type": "Index Scan","Parent Relationship": "Inner","Parallel Aware": false,"Async Capable": false,"Scan Direction": "Forward","Index Name": "idx_lineitem_part_supp","Relation Name": "lineitem","Alias": "lineitem","Startup Cost": 0.43,"Total Cost": 1.05,"Plan Rows": 1,"Plan Width": 29,"Actual Startup Time": 0.007,"Actual Total Time": 0.047,"Actual Rows": 7,"Actual Loops": 43704,"Index Cond": "((l_partkey = partsupp.ps_partkey) AND (l_suppkey = partsupp.ps_suppkey))","Rows Removed by Index Recheck": 0,"Workers": []}]},{"Node Type": "Index Scan","Parent Relationship": "Inner","Parallel Aware": false,"Async Capable": false,"Scan Direction": "Forward","Index Name": "supplier_pkey","Relation Name": "supplier","Alias": "supplier","Startup Cost": 0.29,"Total Cost": 0.30,"Plan Rows": 1,"Plan Width": 8,"Actual Startup Time": 0.001,"Actual Total Time": 0.001,"Actual Rows": 1,"Actual Loops": 327714,"Index Cond": "(s_suppkey = lineitem.l_suppkey)","Rows Removed by Index Recheck": 0,"Workers": []}]},{"Node Type": "Index Scan","Parent Relationship": "Inner","Parallel Aware": false,"Async Capable": false,"Scan Direction": "Forward","Index Name": "orders_pkey","Relation Name": "orders","Alias": "orders","Startup Cost": 0.43,"Total Cost": 0.47,"Plan Rows": 1,"Plan Width": 8,"Actual Startup Time": 0.010,"Actual Total Time": 0.010,"Actual Rows": 1,"Actual Loops": 327714,"Index Cond": "(o_orderkey = lineitem.l_orderkey)","Rows Removed by Index Recheck": 0,"Workers": []}]},{"Node Type": "Hash","Parent Relationship": "Inner","Parallel Aware": false,"Async Capable": false,"Startup Cost": 1.25,"Total Cost": 1.25,"Plan Rows": 25,"Plan Width": 108,"Actual Startup Time": 0.085,"Actual Total Time": 0.094,"Actual Rows": 25,"Actual Loops": 3,"Hash Buckets": 1024,"Original Hash Buckets": 1024,"Hash Batches": 1,"Original Hash Batches": 1,"Peak Memory Usage": 10,"Workers": [],"Plans": [{"Node Type": "Seq Scan","Parent Relationship": "Outer","Parallel Aware": false,"Async Capable": false,"Relation Name": "nation","Alias": "nation","Startup Cost": 0.00,"Total Cost": 1.25,"Plan Rows": 25,"Plan Width": 108,"Actual Startup Time": 0.054,"Actual Total Time": 0.060,"Actual Rows": 25,"Actual Loops": 3,"Workers": []}]}]}]}]}]}]},"Planning Time": 11.747,"Triggers": [],"Execution Time": 2615.991}]
[{"Plan": {"Node Type": "Aggregate","Strategy": "Sorted","Partial Mode": "Finalize","Parallel Aware": false,"Async Capable": false,"Startup Cost": 49135.04,"Total Cost": 49164.27,"Plan Rows": 195,"Plan Width": 168,"Actual Startup Time": 1717.770,"Actual Total Time": 1820.281,"Actual Rows": 175,"Actual Loops": 1,"Group Key": ["nation.n_name", "(EXTRACT(year FROM orders.o_orderdate))"],"Plans": [{"Node Type": "Gather Merge","Parent Relationship": "Outer","Parallel Aware": false,"Async Capable": false,"Startup Cost": 49135.04,"Total Cost": 49159.45,"Plan Rows": 189,"Plan Width": 168,"Actual Startup Time": 1716.332,"Actual Total Time": 1819.712,"Actual Rows": 700,"Actual Loops": 1,"Workers Planned": 3,"Workers Launched": 3,"Plans": [{"Node Type": "Aggregate","Strategy": "Sorted","Partial Mode": "Partial","Parent Relationship": "Outer","Parallel Aware": false,"Async Capable": false,"Startup Cost": 48135.00,"Total Cost": 48137.21,"Plan Rows": 63,"Plan Width": 168,"Actual Startup Time": 1637.960,"Actual Total Time": 1730.367,"Actual Rows": 175,"Actual Loops": 4,"Group Key": ["nation.n_name", "(EXTRACT(year FROM orders.o_orderdate))"],"Workers": [],"Plans": [{"Node Type": "Sort","Parent Relationship": "Outer","Parallel Aware": false,"Async Capable": false,"Startup Cost": 48135.00,"Total Cost": 48135.16,"Plan Rows": 63,"Plan Width": 159,"Actual Startup Time": 1637.449,"Actual Total Time": 1669.077,"Actual Rows": 81300,"Actual Loops": 4,"Sort Key": ["nation.n_name", "(EXTRACT(year FROM orders.o_orderdate)) DESC"],"Sort Method": "quicksort","Sort Space Used": 11078,"Sort Space Type": "Memory","Workers": [{"Worker Number": 0,"Sort Method": "quicksort","Sort Space Used": 11424,"Sort Space Type": "Memory"},{"Worker Number": 1,"Sort Method": "quicksort","Sort Space Used": 10860,"Sort Space Type": "Memory"},{"Worker Number": 2,"Sort Method": "quicksort","Sort Space Used": 11307,"Sort Space Type": "Memory"}],"Plans": [{"Node Type": "Hash Join","Parent Relationship": "Outer","Parallel Aware": false,"Async Capable": false,"Join Type": "Inner","Startup Cost": 5225.55,"Total Cost": 48133.12,"Plan Rows": 63,"Plan Width": 159,"Actual Startup Time": 22.006,"Actual Total Time": 1536.711,"Actual Rows": 81300,"Actual Loops": 4,"Inner Unique": true,"Hash Cond": "(supplier.s_nationkey = nation.n_nationkey)","Workers": [],"Plans": [{"Node Type": "Nested Loop","Parent Relationship": "Outer","Parallel Aware": false,"Async Capable": false,"Join Type": "Inner","Startup Cost": 5223.99,"Total Cost": 48131.20,"Plan Rows": 63,"Plan Width": 31,"Actual Startup Time": 21.853,"Actual Total Time": 1512.923,"Actual Rows": 81300,"Actual Loops": 4,"Inner Unique": true,"Workers": [],"Plans": [{"Node Type": "Nested Loop","Parent Relationship": "Outer","Parallel Aware": false,"Async Capable": false,"Join Type": "Inner","Startup Cost": 5223.56,"Total Cost": 48101.90,"Plan Rows": 63,"Plan Width": 31,"Actual Startup Time": 21.770,"Actual Total Time": 779.387,"Actual Rows": 81300,"Actual Loops": 4,"Inner Unique": true,"Workers": [],"Plans": [{"Node Type": "Nested Loop","Parent Relationship": "Outer","Parallel Aware": false,"Async Capable": false,"Join Type": "Inner","Startup Cost": 5223.27,"Total Cost": 48082.83,"Plan Rows": 63,"Plan Width": 35,"Actual Startup Time": 21.713,"Actual Total Time": 642.667,"Actual Rows": 81300,"Actual Loops": 4,"Inner Unique": false,"Workers": [],"Plans": [{"Node Type": "Hash Join","Parent Relationship": "Outer","Parallel Aware": true,"Async Capable": false,"Join Type": "Inner","Startup Cost": 5222.84,"Total Cost": 25931.92,"Plan Rows": 20854,"Plan Width": 18,"Actual Startup Time": 21.651,"Actual Total Time": 185.729,"Actual Rows": 10842,"Actual Loops": 4,"Inner Unique": true,"Hash Cond": "(partsupp.ps_partkey = part.p_partkey)","Workers": [],"Plans": [{"Node Type": "Seq Scan","Parent Relationship": "Outer","Parallel Aware": true,"Async Capable": false,"Relation Name": "partsupp","Alias": "partsupp","Startup Cost": 0.00,"Total Cost": 20031.65,"Plan Rows": 258065,"Plan Width": 14,"Actual Startup Time": 0.018,"Actual Total Time": 42.893,"Actual Rows": 200000,"Actual Loops": 4,"Workers": []},{"Node Type": "Hash","Parent Relationship": "Inner","Parallel Aware": true,"Async Capable": false,"Startup Cost": 5138.67,"Total Cost": 5138.67,"Plan Rows": 6734,"Plan Width": 4,"Actual Startup Time": 21.459,"Actual Total Time": 21.480,"Actual Rows": 2710,"Actual Loops": 4,"Hash Buckets": 16384,"Original Hash Buckets": 16384,"Hash Batches": 1,"Original Hash Batches": 1,"Peak Memory Usage": 640,"Workers": [],"Plans": [{"Node Type": "Seq Scan","Parent Relationship": "Outer","Parallel Aware": true,"Async Capable": false,"Relation Name": "part","Alias": "part","Startup Cost": 0.00,"Total Cost": 5138.67,"Plan Rows": 6734,"Plan Width": 4,"Actual Startup Time": 0.045,"Actual Total Time": 20.042,"Actual Rows": 2710,"Actual Loops": 4,"Filter": "((p_name)::text ~~ '%goldenrod%'::text)","Rows Removed by Filter": 47290,"Workers": []}]}]},{"Node Type": "Index Scan","Parent Relationship": "Inner","Parallel Aware": false,"Async Capable": false,"Scan Direction": "Forward","Index Name": "idx_lineitem_part_supp","Relation Name": "lineitem","Alias": "lineitem","Startup Cost": 0.43,"Total Cost": 1.05,"Plan Rows": 1,"Plan Width": 29,"Actual Startup Time": 0.006,"Actual Total Time": 0.041,"Actual Rows": 7,"Actual Loops": 43368,"Index Cond": "((l_partkey = partsupp.ps_partkey) AND (l_suppkey = partsupp.ps_suppkey))","Rows Removed by Index Recheck": 0,"Workers": []}]},{"Node Type": "Index Scan","Parent Relationship": "Inner","Parallel Aware": false,"Async Capable": false,"Scan Direction": "Forward","Index Name": "supplier_pkey","Relation Name": "supplier","Alias": "supplier","Startup Cost": 0.29,"Total Cost": 0.30,"Plan Rows": 1,"Plan Width": 8,"Actual Startup Time": 0.001,"Actual Total Time": 0.001,"Actual Rows": 1,"Actual Loops": 325201,"Index Cond": "(s_suppkey = lineitem.l_suppkey)","Rows Removed by Index Recheck": 0,"Workers": []}]},{"Node Type": "Index Scan","Parent Relationship": "Inner","Parallel Aware": false,"Async Capable": false,"Scan Direction": "Forward","Index Name": "orders_pkey","Relation Name": "orders","Alias": "orders","Startup Cost": 0.43,"Total Cost": 0.47,"Plan Rows": 1,"Plan Width": 8,"Actual Startup Time": 0.009,"Actual Total Time": 0.009,"Actual Rows": 1,"Actual Loops": 325201,"Index Cond": "(o_orderkey = lineitem.l_orderkey)","Rows Removed by Index Recheck": 0,"Workers": []}]},{"Node Type": "Hash","Parent Relationship": "Inner","Parallel Aware": false,"Async Capable": false,"Startup Cost": 1.25,"Total Cost": 1.25,"Plan Rows": 25,"Plan Width": 108,"Actual Startup Time": 0.058,"Actual Total Time": 0.068,"Actual Rows": 25,"Actual Loops": 4,"Hash Buckets": 1024,"Original Hash Buckets": 1024,"Hash Batches": 1,"Original Hash Batches": 1,"Peak Memory Usage": 10,"Workers": [],"Plans": [{"Node Type": "Seq Scan","Parent Relationship": "Outer","Parallel Aware": false,"Async Capable": false,"Relation Name": "nation","Alias": "nation","Startup Cost": 0.00,"Total Cost": 1.25,"Plan Rows": 25,"Plan Width": 108,"Actual Startup Time": 0.040,"Actual Total Time": 0.047,"Actual Rows": 25,"Actual Loops": 4,"Workers": []}]}]}]}]}]}]},"Planning Time": 12.322,"Triggers": [],"Execution Time": 1822.644}]
[{"Plan": {"Node Type": "Aggregate","Strategy": "Sorted","Partial Mode": "Finalize","Parallel Aware": false,"Async Capable": false,"Startup Cost": 41381.04,"Total Cost": 41397.45,"Plan Rows": 122,"Plan Width": 168,"Actual Startup Time": 2480.242,"Actual Total Time": 2577.614,"Actual Rows": 175,"Actual Loops": 1,"Group Key": ["nation.n_name", "(EXTRACT(year FROM orders.o_orderdate))"],"Plans": [{"Node Type": "Gather Merge","Parent Relationship": "Outer","Parallel Aware": false,"Async Capable": false,"Startup Cost": 41381.04,"Total Cost": 41394.60,"Plan Rows": 102,"Plan Width": 168,"Actual Startup Time": 2478.709,"Actual Total Time": 2577.227,"Actual Rows": 525,"Actual Loops": 1,"Workers Planned": 2,"Workers Launched": 2,"Plans": [{"Node Type": "Aggregate","Strategy": "Sorted","Partial Mode": "Partial","Parent Relationship": "Outer","Parallel Aware": false,"Async Capable": false,"Startup Cost": 40381.01,"Total Cost": 40382.80,"Plan Rows": 51,"Plan Width": 168,"Actual Startup Time": 2353.304,"Actual Total Time": 2480.698,"Actual Rows": 175,"Actual Loops": 3,"Group Key": ["nation.n_name", "(EXTRACT(year FROM orders.o_orderdate))"],"Workers": [],"Plans": [{"Node Type": "Sort","Parent Relationship": "Outer","Parallel Aware": false,"Async Capable": false,"Startup Cost": 40381.01,"Total Cost": 40381.14,"Plan Rows": 51,"Plan Width": 159,"Actual Startup Time": 2352.693,"Actual Total Time": 2396.159,"Actual Rows": 109229,"Actual Loops": 3,"Sort Key": ["nation.n_name", "(EXTRACT(year FROM orders.o_orderdate)) DESC"],"Sort Method": "quicksort","Sort Space Used": 13712,"Sort Space Type": "Memory","Workers": [{"Worker Number": 0,"Sort Method": "quicksort","Sort Space Used": 13695,"Sort Space Type": "Memory"},{"Worker Number": 1,"Sort Method": "quicksort","Sort Space Used": 14445,"Sort Space Type": "Memory"}],"Plans": [{"Node Type": "Hash Join","Parent Relationship": "Outer","Parallel Aware": false,"Async Capable": false,"Join Type": "Inner","Startup Cost": 3.13,"Total Cost": 40379.57,"Plan Rows": 51,"Plan Width": 159,"Actual Startup Time": 0.647,"Actual Total Time": 2203.600,"Actual Rows": 109229,"Actual Loops": 3,"Inner Unique": true,"Hash Cond": "(supplier.s_nationkey = nation.n_nationkey)","Workers": [],"Plans": [{"Node Type": "Nested Loop","Parent Relationship": "Outer","Parallel Aware": false,"Async Capable": false,"Join Type": "Inner","Startup Cost": 1.57,"Total Cost": 40377.72,"Plan Rows": 51,"Plan Width": 31,"Actual Startup Time": 0.487,"Actual Total Time": 2172.141,"Actual Rows": 109229,"Actual Loops": 3,"Inner Unique": true,"Workers": [],"Plans": [{"Node Type": "Nested Loop","Parent Relationship": "Outer","Parallel Aware": false,"Async Capable": false,"Join Type": "Inner","Startup Cost": 1.14,"Total Cost": 40354.00,"Plan Rows": 51,"Plan Width": 31,"Actual Startup Time": 0.369,"Actual Total Time": 1011.787,"Actual Rows": 109229,"Actual Loops": 3,"Inner Unique": true,"Workers": [],"Plans": [{"Node Type": "Nested Loop","Parent Relationship": "Outer","Parallel Aware": false,"Async Capable": false,"Join Type": "Inner","Startup Cost": 0.86,"Total Cost": 40338.56,"Plan Rows": 51,"Plan Width": 35,"Actual Startup Time": 0.277,"Actual Total Time": 825.152,"Actual Rows": 109229,"Actual Loops": 3,"Inner Unique": false,"Workers": [],"Plans": [{"Node Type": "Nested Loop","Parent Relationship": "Outer","Parallel Aware": false,"Async Capable": false,"Join Type": "Inner","Startup Cost": 0.42,"Total Cost": 22456.59,"Plan Rows": 16835,"Plan Width": 18,"Actual Startup Time": 0.156,"Actual Total Time": 114.451,"Actual Rows": 14521,"Actual Loops": 3,"Inner Unique": false,"Workers": [],"Plans": [{"Node Type": "Seq Scan","Parent Relationship": "Outer","Parallel Aware": true,"Async Capable": false,"Relation Name": "part","Alias": "part","Startup Cost": 0.00,"Total Cost": 5138.67,"Plan Rows": 4209,"Plan Width": 4,"Actual Startup Time": 0.051,"Actual Total Time": 48.691,"Actual Rows": 3630,"Actual Loops": 3,"Filter": "((p_name)::text ~~ '%mint%'::text)","Rows Removed by Filter": 63036,"Workers": []},{"Node Type": "Index Scan","Parent Relationship": "Inner","Parallel Aware": false,"Async Capable": false,"Scan Direction": "Forward","Index Name": "idx_partsupp_partkey","Relation Name": "partsupp","Alias": "partsupp","Startup Cost": 0.42,"Total Cost": 4.07,"Plan Rows": 4,"Plan Width": 14,"Actual Startup Time": 0.014,"Actual Total Time": 0.017,"Actual Rows": 4,"Actual Loops": 10891,"Index Cond": "(ps_partkey = part.p_partkey)","Rows Removed by Index Recheck": 0,"Workers": []}]},{"Node Type": "Index Scan","Parent Relationship": "Inner","Parallel Aware": false,"Async Capable": false,"Scan Direction": "Forward","Index Name": "idx_lineitem_part_supp","Relation Name": "lineitem","Alias": "lineitem","Startup Cost": 0.43,"Total Cost": 1.05,"Plan Rows": 1,"Plan Width": 29,"Actual Startup Time": 0.007,"Actual Total Time": 0.047,"Actual Rows": 8,"Actual Loops": 43564,"Index Cond": "((l_partkey = partsupp.ps_partkey) AND (l_suppkey = partsupp.ps_suppkey))","Rows Removed by Index Recheck": 0,"Workers": []}]},{"Node Type": "Index Scan","Parent Relationship": "Inner","Parallel Aware": false,"Async Capable": false,"Scan Direction": "Forward","Index Name": "supplier_pkey","Relation Name": "supplier","Alias": "supplier","Startup Cost": 0.29,"Total Cost": 0.30,"Plan Rows": 1,"Plan Width": 8,"Actual Startup Time": 0.001,"Actual Total Time": 0.001,"Actual Rows": 1,"Actual Loops": 327686,"Index Cond": "(s_suppkey = lineitem.l_suppkey)","Rows Removed by Index Recheck": 0,"Workers": []}]},{"Node Type": "Index Scan","Parent Relationship": "Inner","Parallel Aware": false,"Async Capable": false,"Scan Direction": "Forward","Index Name": "orders_pkey","Relation Name": "orders","Alias": "orders","Startup Cost": 0.43,"Total Cost": 0.47,"Plan Rows": 1,"Plan Width": 8,"Actual Startup Time": 0.010,"Actual Total Time": 0.010,"Actual Rows": 1,"Actual Loops": 327686,"Index Cond": "(o_orderkey = lineitem.l_orderkey)","Rows Removed by Index Recheck": 0,"Workers": []}]},{"Node Type": "Hash","Parent Relationship": "Inner","Parallel Aware": false,"Async Capable": false,"Startup Cost": 1.25,"Total Cost": 1.25,"Plan Rows": 25,"Plan Width": 108,"Actual Startup Time": 0.071,"Actual Total Time": 0.079,"Actual Rows": 25,"Actual Loops": 3,"Hash Buckets": 1024,"Original Hash Buckets": 1024,"Hash Batches": 1,"Original Hash Batches": 1,"Peak Memory Usage": 10,"Workers": [],"Plans": [{"Node Type": "Seq Scan","Parent Relationship": "Outer","Parallel Aware": false,"Async Capable": false,"Relation Name": "nation","Alias": "nation","Startup Cost": 0.00,"Total Cost": 1.25,"Plan Rows": 25,"Plan Width": 108,"Actual Startup Time": 0.043,"Actual Total Time": 0.050,"Actual Rows": 25,"Actual Loops": 3,"Workers": []}]}]}]}]}]}]},"Planning Time": 12.975,"Triggers": [],"Execution Time": 2581.261}]
[{"Plan": {"Node Type": "Aggregate","Strategy": "Sorted","Partial Mode": "Finalize","Parallel Aware": false,"Async Capable": false,"Startup Cost": 41381.04,"Total Cost": 41397.45,"Plan Rows": 122,"Plan Width": 168,"Actual Startup Time": 2480.242,"Actual Total Time": 2577.614,"Actual Rows": 175,"Actual Loops": 1,"Group Key": ["nation.n_name", "(EXTRACT(year FROM orders.o_orderdate))"],"Plans": [{"Node Type": "Gather Merge","Parent Relationship": "Outer","Parallel Aware": false,"Async Capable": false,"Startup Cost": 41381.04,"Total Cost": 41394.60,"Plan Rows": 102,"Plan Width": 168,"Actual Startup Time": 2478.709,"Actual Total Time": 2577.227,"Actual Rows": 525,"Actual Loops": 1,"Workers Planned": 2,"Workers Launched": 2,"Plans": [{"Node Type": "Aggregate","Strategy": "Sorted","Partial Mode": "Partial","Parent Relationship": "Outer","Parallel Aware": false,"Async Capable": false,"Startup Cost": 40381.01,"Total Cost": 40382.80,"Plan Rows": 51,"Plan Width": 168,"Actual Startup Time": 2353.304,"Actual Total Time": 2480.698,"Actual Rows": 175,"Actual Loops": 3,"Group Key": ["nation.n_name", "(EXTRACT(year FROM orders.o_orderdate))"],"Workers": [],"Plans": [{"Node Type": "Sort","Parent Relationship": "Outer","Parallel Aware": false,"Async Capable": false,"Startup Cost": 40381.01,"Total Cost": 40381.14,"Plan Rows": 51,"Plan Width": 159,"Actual Startup Time": 2352.693,"Actual Total Time": 2396.159,"Actual Rows": 109229,"Actual Loops": 3,"Sort Key": ["nation.n_name", "(EXTRACT(year FROM orders.o_orderdate)) DESC"],"Sort Method": "quicksort","Sort Space Used": 13712,"Sort Space Type": "Memory","Workers": [{"Worker Number": 0,"Sort Method": "quicksort","Sort Space Used": 13695,"Sort Space Type": "Memory"},{"Worker Number": 1,"Sort Method": "quicksort","Sort Space Used": 14445,"Sort Space Type": "Memory"}],"Plans": [{"Node Type": "Hash Join","Parent Relationship": "Outer","Parallel Aware": false,"Async Capable": false,"Join Type": "Inner","Startup Cost": 3.13,"Total Cost": 40379.57,"Plan Rows": 51,"Plan Width": 159,"Actual Startup Time": 0.647,"Actual Total Time": 2203.600,"Actual Rows": 109229,"Actual Loops": 3,"Inner Unique": true,"Hash Cond": "(supplier.s_nationkey = nation.n_nationkey)","Workers": [],"Plans": [{"Node Type": "Nested Loop","Parent Relationship": "Outer","Parallel Aware": false,"Async Capable": false,"Join Type": "Inner","Startup Cost": 1.57,"Total Cost": 40377.72,"Plan Rows": 51,"Plan Width": 31,"Actual Startup Time": 0.487,"Actual Total Time": 2172.141,"Actual Rows": 109229,"Actual Loops": 3,"Inner Unique": true,"Workers": [],"Plans": [{"Node Type": "Nested Loop","Parent Relationship": "Outer","Parallel Aware": false,"Async Capable": false,"Join Type": "Inner","Startup Cost": 1.14,"Total Cost": 40354.00,"Plan Rows": 51,"Plan Width": 31,"Actual Startup Time": 0.369,"Actual Total Time": 1011.787,"Actual Rows": 109229,"Actual Loops": 3,"Inner Unique": true,"Workers": [],"Plans": [{"Node Type": "Nested Loop","Parent Relationship": "Outer","Parallel Aware": false,"Async Capable": false,"Join Type": "Inner","Startup Cost": 0.86,"Total Cost": 40338.56,"Plan Rows": 51,"Plan Width": 35,"Actual Startup Time": 0.277,"Actual Total Time": 825.152,"Actual Rows": 109229,"Actual Loops": 3,"Inner Unique": false,"Workers": [],"Plans": [{"Node Type": "Nested Loop","Parent Relationship": "Outer","Parallel Aware": false,"Async Capable": false,"Join Type": "Inner","Startup Cost": 0.42,"Total Cost": 22456.59,"Plan Rows": 16835,"Plan Width": 18,"Actual Startup Time": 0.156,"Actual Total Time": 114.451,"Actual Rows": 14521,"Actual Loops": 3,"Inner Unique": false,"Workers": [],"Plans": [{"Node Type": "Seq Scan","Parent Relationship": "Outer","Parallel Aware": true,"Async Capable": false,"Relation Name": "part","Alias": "part","Startup Cost": 0.00,"Total Cost": 5138.67,"Plan Rows": 4209,"Plan Width": 4,"Actual Startup Time": 0.051,"Actual Total Time": 48.691,"Actual Rows": 3630,"Actual Loops": 3,"Filter": "((p_name)::text ~~ '%mint%'::text)","Rows Removed by Filter": 63036,"Workers": []},{"Node Type": "Index Scan","Parent Relationship": "Inner","Parallel Aware": false,"Async Capable": false,"Scan Direction": "Forward","Index Name": "idx_partsupp_partkey","Relation Name": "partsupp","Alias": "partsupp","Startup Cost": 0.42,"Total Cost": 4.07,"Plan Rows": 4,"Plan Width": 14,"Actual Startup Time": 0.014,"Actual Total Time": 0.017,"Actual Rows": 4,"Actual Loops": 10891,"Index Cond": "(ps_partkey = part.p_partkey)","Rows Removed by Index Recheck": 0,"Workers": []}]},{"Node Type": "Index Scan","Parent Relationship": "Inner","Parallel Aware": false,"Async Capable": false,"Scan Direction": "Forward","Index Name": "idx_lineitem_part_supp","Relation Name": "lineitem","Alias": "lineitem","Startup Cost": 0.43,"Total Cost": 1.05,"Plan Rows": 1,"Plan Width": 29,"Actual Startup Time": 0.007,"Actual Total Time": 0.047,"Actual Rows": 8,"Actual Loops": 43564,"Index Cond": "((l_partkey = partsupp.ps_partkey) AND (l_suppkey = partsupp.ps_suppkey))","Rows Removed by Index Recheck": 0,"Workers": []}]},{"Node Type": "Index Scan","Parent Relationship": "Inner","Parallel Aware": false,"Async Capable": false,"Scan Direction": "Forward","Index Name": "supplier_pkey","Relation Name": "supplier","Alias": "supplier","Startup Cost": 0.29,"Total Cost": 0.30,"Plan Rows": 1,"Plan Width": 8,"Actual Startup Time": 0.001,"Actual Total Time": 0.001,"Actual Rows": 1,"Actual Loops": 327686,"Index Cond": "(s_suppkey = lineitem.l_suppkey)","Rows Removed by Index Recheck": 0,"Workers": []}]},{"Node Type": "Index Scan","Parent Relationship": "Inner","Parallel Aware": false,"Async Capable": false,"Scan Direction": "Forward","Index Name": "orders_pkey","Relation Name": "orders","Alias": "orders","Startup Cost": 0.43,"Total Cost": 0.47,"Plan Rows": 1,"Plan Width": 8,"Actual Startup Time": 0.010,"Actual Total Time": 0.010,"Actual Rows": 1,"Actual Loops": 327686,"Index Cond": "(o_orderkey = lineitem.l_orderkey)","Rows Removed by Index Recheck": 0,"Workers": []}]},{"Node Type": "Hash","Parent Relationship": "Inner","Parallel Aware": false,"Async Capable": false,"Startup Cost": 1.25,"Total Cost": 1.25,"Plan Rows": 25,"Plan Width": 108,"Actual Startup Time": 0.071,"Actual Total Time": 0.079,"Actual Rows": 25,"Actual Loops": 3,"Hash Buckets": 1024,"Original Hash Buckets": 1024,"Hash Batches": 1,"Original Hash Batches": 1,"Peak Memory Usage": 10,"Workers": [],"Plans": [{"Node Type": "Seq Scan","Parent Relationship": "Outer","Parallel Aware": false,"Async Capable": false,"Relation Name": "nation","Alias": "nation","Startup Cost": 0.00,"Total Cost": 1.25,"Plan Rows": 25,"Plan Width": 108,"Actual Startup Time": 0.043,"Actual Total Time": 0.050,"Actual Rows": 25,"Actual Loops": 3,"Workers": []}]}]}]}]}]}]},"Planning Time": 12.975,"Triggers": [],"Execution Time": 2581.261}]
[{"Plan": {"Node Type": "Aggregate","Strategy": "Sorted","Partial Mode": "Finalize","Parallel Aware": false,"Async Capable": false,"Startup Cost": 49135.04,"Total Cost": 49164.27,"Plan Rows": 195,"Plan Width": 168,"Actual Startup Time": 1722.082,"Actual Total Time": 1834.381,"Actual Rows": 175,"Actual Loops": 1,"Group Key": ["nation.n_name", "(EXTRACT(year FROM orders.o_orderdate))"],"Plans": [{"Node Type": "Gather Merge","Parent Relationship": "Outer","Parallel Aware": false,"Async Capable": false,"Startup Cost": 49135.04,"Total Cost": 49159.45,"Plan Rows": 189,"Plan Width": 168,"Actual Startup Time": 1720.709,"Actual Total Time": 1833.931,"Actual Rows": 700,"Actual Loops": 1,"Workers Planned": 3,"Workers Launched": 3,"Plans": [{"Node Type": "Aggregate","Strategy": "Sorted","Partial Mode": "Partial","Parent Relationship": "Outer","Parallel Aware": false,"Async Capable": false,"Startup Cost": 48135.00,"Total Cost": 48137.21,"Plan Rows": 63,"Plan Width": 168,"Actual Startup Time": 1635.197,"Actual Total Time": 1727.326,"Actual Rows": 175,"Actual Loops": 4,"Group Key": ["nation.n_name", "(EXTRACT(year FROM orders.o_orderdate))"],"Workers": [],"Plans": [{"Node Type": "Sort","Parent Relationship": "Outer","Parallel Aware": false,"Async Capable": false,"Startup Cost": 48135.00,"Total Cost": 48135.16,"Plan Rows": 63,"Plan Width": 159,"Actual Startup Time": 1634.792,"Actual Total Time": 1666.970,"Actual Rows": 80970,"Actual Loops": 4,"Sort Key": ["nation.n_name", "(EXTRACT(year FROM orders.o_orderdate)) DESC"],"Sort Method": "quicksort","Sort Space Used": 11336,"Sort Space Type": "Memory","Workers": [{"Worker Number": 0,"Sort Method": "quicksort","Sort Space Used": 11197,"Sort Space Type": "Memory"},{"Worker Number": 1,"Sort Method": "quicksort","Sort Space Used": 10997,"Sort Space Type": "Memory"},{"Worker Number": 2,"Sort Method": "quicksort","Sort Space Used": 11011,"Sort Space Type": "Memory"}],"Plans": [{"Node Type": "Hash Join","Parent Relationship": "Outer","Parallel Aware": false,"Async Capable": false,"Join Type": "Inner","Startup Cost": 5225.55,"Total Cost": 48133.12,"Plan Rows": 63,"Plan Width": 159,"Actual Startup Time": 20.677,"Actual Total Time": 1535.207,"Actual Rows": 80970,"Actual Loops": 4,"Inner Unique": true,"Hash Cond": "(supplier.s_nationkey = nation.n_nationkey)","Workers": [],"Plans": [{"Node Type": "Nested Loop","Parent Relationship": "Outer","Parallel Aware": false,"Async Capable": false,"Join Type": "Inner","Startup Cost": 5223.99,"Total Cost": 48131.20,"Plan Rows": 63,"Plan Width": 31,"Actual Startup Time": 20.514,"Actual Total Time": 1511.705,"Actual Rows": 80970,"Actual Loops": 4,"Inner Unique": true,"Workers": [],"Plans": [{"Node Type": "Nested Loop","Parent Relationship": "Outer","Parallel Aware": false,"Async Capable": false,"Join Type": "Inner","Startup Cost": 5223.56,"Total Cost": 48101.90,"Plan Rows": 63,"Plan Width": 31,"Actual Startup Time": 20.440,"Actual Total Time": 786.949,"Actual Rows": 80970,"Actual Loops": 4,"Inner Unique": true,"Workers": [],"Plans": [{"Node Type": "Nested Loop","Parent Relationship": "Outer","Parallel Aware": false,"Async Capable": false,"Join Type": "Inner","Startup Cost": 5223.27,"Total Cost": 48082.83,"Plan Rows": 63,"Plan Width": 35,"Actual Startup Time": 20.383,"Actual Total Time": 651.782,"Actual Rows": 80970,"Actual Loops": 4,"Inner Unique": false,"Workers": [],"Plans": [{"Node Type": "Hash Join","Parent Relationship": "Outer","Parallel Aware": true,"Async Capable": false,"Join Type": "Inner","Startup Cost": 5222.84,"Total Cost": 25931.92,"Plan Rows": 20854,"Plan Width": 18,"Actual Startup Time": 20.315,"Actual Total Time": 195.790,"Actual Rows": 10793,"Actual Loops": 4,"Inner Unique": true,"Hash Cond": "(partsupp.ps_partkey = part.p_partkey)","Workers": [],"Plans": [{"Node Type": "Seq Scan","Parent Relationship": "Outer","Parallel Aware": true,"Async Capable": false,"Relation Name": "partsupp","Alias": "partsupp","Startup Cost": 0.00,"Total Cost": 20031.65,"Plan Rows": 258065,"Plan Width": 14,"Actual Startup Time": 0.019,"Actual Total Time": 42.343,"Actual Rows": 200000,"Actual Loops": 4,"Workers": []},{"Node Type": "Hash","Parent Relationship": "Inner","Parallel Aware": true,"Async Capable": false,"Startup Cost": 5138.67,"Total Cost": 5138.67,"Plan Rows": 6734,"Plan Width": 4,"Actual Startup Time": 20.135,"Actual Total Time": 20.146,"Actual Rows": 2698,"Actual Loops": 4,"Hash Buckets": 16384,"Original Hash Buckets": 16384,"Hash Batches": 1,"Original Hash Batches": 1,"Peak Memory Usage": 608,"Workers": [],"Plans": [{"Node Type": "Seq Scan","Parent Relationship": "Outer","Parallel Aware": true,"Async Capable": false,"Relation Name": "part","Alias": "part","Startup Cost": 0.00,"Total Cost": 5138.67,"Plan Rows": 6734,"Plan Width": 4,"Actual Startup Time": 0.059,"Actual Total Time": 18.504,"Actual Rows": 2698,"Actual Loops": 4,"Filter": "((p_name)::text ~~ '%wheat%'::text)","Rows Removed by Filter": 47302,"Workers": []}]}]},{"Node Type": "Index Scan","Parent Relationship": "Inner","Parallel Aware": false,"Async Capable": false,"Scan Direction": "Forward","Index Name": "idx_lineitem_part_supp","Relation Name": "lineitem","Alias": "lineitem","Startup Cost": 0.43,"Total Cost": 1.05,"Plan Rows": 1,"Plan Width": 29,"Actual Startup Time": 0.006,"Actual Total Time": 0.041,"Actual Rows": 8,"Actual Loops": 43172,"Index Cond": "((l_partkey = partsupp.ps_partkey) AND (l_suppkey = partsupp.ps_suppkey))","Rows Removed by Index Recheck": 0,"Workers": []}]},{"Node Type": "Index Scan","Parent Relationship": "Inner","Parallel Aware": false,"Async Capable": false,"Scan Direction": "Forward","Index Name": "supplier_pkey","Relation Name": "supplier","Alias": "supplier","Startup Cost": 0.29,"Total Cost": 0.30,"Plan Rows": 1,"Plan Width": 8,"Actual Startup Time": 0.001,"Actual Total Time": 0.001,"Actual Rows": 1,"Actual Loops": 323878,"Index Cond": "(s_suppkey = lineitem.l_suppkey)","Rows Removed by Index Recheck": 0,"Workers": []}]},{"Node Type": "Index Scan","Parent Relationship": "Inner","Parallel Aware": false,"Async Capable": false,"Scan Direction": "Forward","Index Name": "orders_pkey","Relation Name": "orders","Alias": "orders","Startup Cost": 0.43,"Total Cost": 0.47,"Plan Rows": 1,"Plan Width": 8,"Actual Startup Time": 0.009,"Actual Total Time": 0.009,"Actual Rows": 1,"Actual Loops": 323878,"Index Cond": "(o_orderkey = lineitem.l_orderkey)","Rows Removed by Index Recheck": 0,"Workers": []}]},{"Node Type": "Hash","Parent Relationship": "Inner","Parallel Aware": false,"Async Capable": false,"Startup Cost": 1.25,"Total Cost": 1.25,"Plan Rows": 25,"Plan Width": 108,"Actual Startup Time": 0.071,"Actual Total Time": 0.077,"Actual Rows": 25,"Actual Loops": 4,"Hash Buckets": 1024,"Original Hash Buckets": 1024,"Hash Batches": 1,"Original Hash Batches": 1,"Peak Memory Usage": 10,"Workers": [],"Plans": [{"Node Type": "Seq Scan","Parent Relationship": "Outer","Parallel Aware": false,"Async Capable": false,"Relation Name": "nation","Alias": "nation","Startup Cost": 0.00,"Total Cost": 1.25,"Plan Rows": 25,"Plan Width": 108,"Actual Startup Time": 0.046,"Actual Total Time": 0.053,"Actual Rows": 25,"Actual Loops": 4,"Workers": []}]}]}]}]}]}]},"Planning Time": 10.948,"Triggers": [],"Execution Time": 1835.260}]
[{"Plan": {"Node Type": "Aggregate","Strategy": "Sorted","Partial Mode": "Finalize","Parallel Aware": false,"Async Capable": false,"Startup Cost": 57491.59,"Total Cost": 57531.51,"Plan Rows": 268,"Plan Width": 168,"Actual Startup Time": 1716.576,"Actual Total Time": 1816.027,"Actual Rows": 175,"Actual Loops": 1,"Group Key": ["nation.n_name", "(EXTRACT(year FROM orders.o_orderdate))"],"Plans": [{"Node Type": "Gather Merge","Parent Relationship": "Outer","Parallel Aware": false,"Async Capable": false,"Startup Cost": 57491.59,"Total Cost": 57524.91,"Plan Rows": 258,"Plan Width": 168,"Actual Startup Time": 1715.100,"Actual Total Time": 1815.498,"Actual Rows": 700,"Actual Loops": 1,"Workers Planned": 3,"Workers Launched": 3,"Plans": [{"Node Type": "Aggregate","Strategy": "Sorted","Partial Mode": "Partial","Parent Relationship": "Outer","Parallel Aware": false,"Async Capable": false,"Startup Cost": 56491.55,"Total Cost": 56494.56,"Plan Rows": 86,"Plan Width": 168,"Actual Startup Time": 1638.437,"Actual Total Time": 1725.874,"Actual Rows": 175,"Actual Loops": 4,"Group Key": ["nation.n_name", "(EXTRACT(year FROM orders.o_orderdate))"],"Workers": [],"Plans": [{"Node Type": "Sort","Parent Relationship": "Outer","Parallel Aware": false,"Async Capable": false,"Startup Cost": 56491.55,"Total Cost": 56491.76,"Plan Rows": 86,"Plan Width": 159,"Actual Startup Time": 1637.996,"Actual Total Time": 1667.543,"Actual Rows": 80498,"Actual Loops": 4,"Sort Key": ["nation.n_name", "(EXTRACT(year FROM orders.o_orderdate)) DESC"],"Sort Method": "quicksort","Sort Space Used": 11044,"Sort Space Type": "Memory","Workers": [{"Worker Number": 0,"Sort Method": "quicksort","Sort Space Used": 11323,"Sort Space Type": "Memory"},{"Worker Number": 1,"Sort Method": "quicksort","Sort Space Used": 10775,"Sort Space Type": "Memory"},{"Worker Number": 2,"Sort Method": "quicksort","Sort Space Used": 11207,"Sort Space Type": "Memory"}],"Plans": [{"Node Type": "Hash Join","Parent Relationship": "Outer","Parallel Aware": false,"Async Capable": false,"Join Type": "Inner","Startup Cost": 5257.11,"Total Cost": 56488.78,"Plan Rows": 86,"Plan Width": 159,"Actual Startup Time": 21.970,"Actual Total Time": 1538.763,"Actual Rows": 80498,"Actual Loops": 4,"Inner Unique": true,"Hash Cond": "(supplier.s_nationkey = nation.n_nationkey)","Workers": [],"Plans": [{"Node Type": "Nested Loop","Parent Relationship": "Outer","Parallel Aware": false,"Async Capable": false,"Join Type": "Inner","Startup Cost": 5255.55,"Total Cost": 56486.75,"Plan Rows": 86,"Plan Width": 31,"Actual Startup Time": 21.768,"Actual Total Time": 1515.219,"Actual Rows": 80498,"Actual Loops": 4,"Inner Unique": true,"Workers": [],"Plans": [{"Node Type": "Nested Loop","Parent Relationship": "Outer","Parallel Aware": false,"Async Capable": false,"Join Type": "Inner","Startup Cost": 5255.12,"Total Cost": 56446.75,"Plan Rows": 86,"Plan Width": 31,"Actual Startup Time": 21.692,"Actual Total Time": 783.532,"Actual Rows": 80498,"Actual Loops": 4,"Inner Unique": true,"Workers": [],"Plans": [{"Node Type": "Nested Loop","Parent Relationship": "Outer","Parallel Aware": false,"Async Capable": false,"Join Type": "Inner","Startup Cost": 5254.84,"Total Cost": 56420.72,"Plan Rows": 86,"Plan Width": 35,"Actual Startup Time": 21.653,"Actual Total Time": 647.174,"Actual Rows": 80498,"Actual Loops": 4,"Inner Unique": false,"Workers": [],"Plans": [{"Node Type": "Hash Join","Parent Relationship": "Outer","Parallel Aware": true,"Async Capable": false,"Join Type": "Inner","Startup Cost": 5254.40,"Total Cost": 25963.48,"Plan Rows": 28674,"Plan Width": 18,"Actual Startup Time": 21.570,"Actual Total Time": 189.698,"Actual Rows": 10729,"Actual Loops": 4,"Inner Unique": true,"Hash Cond": "(partsupp.ps_partkey = part.p_partkey)","Workers": [],"Plans": [{"Node Type": "Seq Scan","Parent Relationship": "Outer","Parallel Aware": true,"Async Capable": false,"Relation Name": "partsupp","Alias": "partsupp","Startup Cost": 0.00,"Total Cost": 20031.65,"Plan Rows": 258065,"Plan Width": 14,"Actual Startup Time": 0.016,"Actual Total Time": 43.585,"Actual Rows": 200000,"Actual Loops": 4,"Workers": []},{"Node Type": "Hash","Parent Relationship": "Inner","Parallel Aware": true,"Async Capable": false,"Startup Cost": 5138.67,"Total Cost": 5138.67,"Plan Rows": 9259,"Plan Width": 4,"Actual Startup Time": 21.247,"Actual Total Time": 21.264,"Actual Rows": 2682,"Actual Loops": 4,"Hash Buckets": 32768,"Original Hash Buckets": 32768,"Hash Batches": 1,"Original Hash Batches": 1,"Peak Memory Usage": 704,"Workers": [],"Plans": [{"Node Type": "Seq Scan","Parent Relationship": "Outer","Parallel Aware": true,"Async Capable": false,"Relation Name": "part","Alias": "part","Startup Cost": 0.00,"Total Cost": 5138.67,"Plan Rows": 9259,"Plan Width": 4,"Actual Startup Time": 0.052,"Actual Total Time": 19.779,"Actual Rows": 2682,"Actual Loops": 4,"Filter": "((p_name)::text ~~ '%khaki%'::text)","Rows Removed by Filter": 47318,"Workers": []}]}]},{"Node Type": "Index Scan","Parent Relationship": "Inner","Parallel Aware": false,"Async Capable": false,"Scan Direction": "Forward","Index Name": "idx_lineitem_part_supp","Relation Name": "lineitem","Alias": "lineitem","Startup Cost": 0.43,"Total Cost": 1.05,"Plan Rows": 1,"Plan Width": 29,"Actual Startup Time": 0.006,"Actual Total Time": 0.041,"Actual Rows": 8,"Actual Loops": 42916,"Index Cond": "((l_partkey = partsupp.ps_partkey) AND (l_suppkey = partsupp.ps_suppkey))","Rows Removed by Index Recheck": 0,"Workers": []}]},{"Node Type": "Index Scan","Parent Relationship": "Inner","Parallel Aware": false,"Async Capable": false,"Scan Direction": "Forward","Index Name": "supplier_pkey","Relation Name": "supplier","Alias": "supplier","Startup Cost": 0.29,"Total Cost": 0.30,"Plan Rows": 1,"Plan Width": 8,"Actual Startup Time": 0.001,"Actual Total Time": 0.001,"Actual Rows": 1,"Actual Loops": 321993,"Index Cond": "(s_suppkey = lineitem.l_suppkey)","Rows Removed by Index Recheck": 0,"Workers": []}]},{"Node Type": "Index Scan","Parent Relationship": "Inner","Parallel Aware": false,"Async Capable": false,"Scan Direction": "Forward","Index Name": "orders_pkey","Relation Name": "orders","Alias": "orders","Startup Cost": 0.43,"Total Cost": 0.47,"Plan Rows": 1,"Plan Width": 8,"Actual Startup Time": 0.009,"Actual Total Time": 0.009,"Actual Rows": 1,"Actual Loops": 321993,"Index Cond": "(o_orderkey = lineitem.l_orderkey)","Rows Removed by Index Recheck": 0,"Workers": []}]},{"Node Type": "Hash","Parent Relationship": "Inner","Parallel Aware": false,"Async Capable": false,"Startup Cost": 1.25,"Total Cost": 1.25,"Plan Rows": 25,"Plan Width": 108,"Actual Startup Time": 0.099,"Actual Total Time": 0.107,"Actual Rows": 25,"Actual Loops": 4,"Hash Buckets": 1024,"Original Hash Buckets": 1024,"Hash Batches": 1,"Original Hash Batches": 1,"Peak Memory Usage": 10,"Workers": [],"Plans": [{"Node Type": "Seq Scan","Parent Relationship": "Outer","Parallel Aware": false,"Async Capable": false,"Relation Name": "nation","Alias": "nation","Startup Cost": 0.00,"Total Cost": 1.25,"Plan Rows": 25,"Plan Width": 108,"Actual Startup Time": 0.064,"Actual Total Time": 0.072,"Actual Rows": 25,"Actual Loops": 4,"Workers": []}]}]}]}]}]}]},"Planning Time": 12.149,"Triggers": [],"Execution Time": 1818.437}]
[{"Plan": {"Node Type": "Aggregate","Strategy": "Sorted","Partial Mode": "Finalize","Parallel Aware": false,"Async Capable": false,"Startup Cost": 47355.08,"Total Cost": 47374.71,"Plan Rows": 146,"Plan Width": 168,"Actual Startup Time": 2427.281,"Actual Total Time": 2560.623,"Actual Rows": 175,"Actual Loops": 1,"Group Key": ["nation.n_name", "(EXTRACT(year FROM orders.o_orderdate))"],"Plans": [{"Node Type": "Gather Merge","Parent Relationship": "Outer","Parallel Aware": false,"Async Capable": false,"Startup Cost": 47355.08,"Total Cost": 47371.30,"Plan Rows": 122,"Plan Width": 168,"Actual Startup Time": 2425.770,"Actual Total Time": 2560.173,"Actual Rows": 525,"Actual Loops": 1,"Workers Planned": 2,"Workers Launched": 2,"Plans": [{"Node Type": "Aggregate","Strategy": "Sorted","Partial Mode": "Partial","Parent Relationship": "Outer","Parallel Aware": false,"Async Capable": false,"Startup Cost": 46355.06,"Total Cost": 46357.20,"Plan Rows": 61,"Plan Width": 168,"Actual Startup Time": 2324.281,"Actual Total Time": 2437.938,"Actual Rows": 175,"Actual Loops": 3,"Group Key": ["nation.n_name", "(EXTRACT(year FROM orders.o_orderdate))"],"Workers": [],"Plans": [{"Node Type": "Sort","Parent Relationship": "Outer","Parallel Aware": false,"Async Capable": false,"Startup Cost": 46355.06,"Total Cost": 46355.21,"Plan Rows": 61,"Plan Width": 159,"Actual Startup Time": 2323.550,"Actual Total Time": 2359.455,"Actual Rows": 109049,"Actual Loops": 3,"Sort Key": ["nation.n_name", "(EXTRACT(year FROM orders.o_orderdate)) DESC"],"Sort Method": "quicksort","Sort Space Used": 13570,"Sort Space Type": "Memory","Workers": [{"Worker Number": 0,"Sort Method": "quicksort","Sort Space Used": 14218,"Sort Space Type": "Memory"},{"Worker Number": 1,"Sort Method": "quicksort","Sort Space Used": 14007,"Sort Space Type": "Memory"}],"Plans": [{"Node Type": "Hash Join","Parent Relationship": "Outer","Parallel Aware": false,"Async Capable": false,"Join Type": "Inner","Startup Cost": 3.13,"Total Cost": 46353.25,"Plan Rows": 61,"Plan Width": 159,"Actual Startup Time": 0.593,"Actual Total Time": 2171.007,"Actual Rows": 109049,"Actual Loops": 3,"Inner Unique": true,"Hash Cond": "(supplier.s_nationkey = nation.n_nationkey)","Workers": [],"Plans": [{"Node Type": "Nested Loop","Parent Relationship": "Outer","Parallel Aware": false,"Async Capable": false,"Join Type": "Inner","Startup Cost": 1.57,"Total Cost": 46351.35,"Plan Rows": 61,"Plan Width": 31,"Actual Startup Time": 0.436,"Actual Total Time": 2139.469,"Actual Rows": 109049,"Actual Loops": 3,"Inner Unique": true,"Workers": [],"Plans": [{"Node Type": "Nested Loop","Parent Relationship": "Outer","Parallel Aware": false,"Async Capable": false,"Join Type": "Inner","Startup Cost": 1.14,"Total Cost": 46322.98,"Plan Rows": 61,"Plan Width": 31,"Actual Startup Time": 0.327,"Actual Total Time": 995.967,"Actual Rows": 109049,"Actual Loops": 3,"Inner Unique": true,"Workers": [],"Plans": [{"Node Type": "Nested Loop","Parent Relationship": "Outer","Parallel Aware": false,"Async Capable": false,"Join Type": "Inner","Startup Cost": 0.86,"Total Cost": 46304.52,"Plan Rows": 61,"Plan Width": 35,"Actual Startup Time": 0.248,"Actual Total Time": 810.663,"Actual Rows": 109049,"Actual Loops": 3,"Inner Unique": false,"Workers": [],"Plans": [{"Node Type": "Nested Loop","Parent Relationship": "Outer","Parallel Aware": false,"Async Capable": false,"Join Type": "Inner","Startup Cost": 0.42,"Total Cost": 24846.16,"Plan Rows": 20202,"Plan Width": 18,"Actual Startup Time": 0.143,"Actual Total Time": 120.159,"Actual Rows": 14543,"Actual Loops": 3,"Inner Unique": false,"Workers": [],"Plans": [{"Node Type": "Seq Scan","Parent Relationship": "Outer","Parallel Aware": true,"Async Capable": false,"Relation Name": "part","Alias": "part","Startup Cost": 0.00,"Total Cost": 5138.67,"Plan Rows": 5051,"Plan Width": 4,"Actual Startup Time": 0.049,"Actual Total Time": 52.346,"Actual Rows": 3636,"Actual Loops": 3,"Filter": "((p_name)::text ~~ '%lace%'::text)","Rows Removed by Filter": 63031,"Workers": []},{"Node Type": "Index Scan","Parent Relationship": "Inner","Parallel Aware": false,"Async Capable": false,"Scan Direction": "Forward","Index Name": "idx_partsupp_partkey","Relation Name": "partsupp","Alias": "partsupp","Startup Cost": 0.42,"Total Cost": 3.86,"Plan Rows": 4,"Plan Width": 14,"Actual Startup Time": 0.014,"Actual Total Time": 0.018,"Actual Rows": 4,"Actual Loops": 10907,"Index Cond": "(ps_partkey = part.p_partkey)","Rows Removed by Index Recheck": 0,"Workers": []}]},{"Node Type": "Index Scan","Parent Relationship": "Inner","Parallel Aware": false,"Async Capable": false,"Scan Direction": "Forward","Index Name": "idx_lineitem_part_supp","Relation Name": "lineitem","Alias": "lineitem","Startup Cost": 0.43,"Total Cost": 1.05,"Plan Rows": 1,"Plan Width": 29,"Actual Startup Time": 0.007,"Actual Total Time": 0.046,"Actual Rows": 7,"Actual Loops": 43628,"Index Cond": "((l_partkey = partsupp.ps_partkey) AND (l_suppkey = partsupp.ps_suppkey))","Rows Removed by Index Recheck": 0,"Workers": []}]},{"Node Type": "Index Scan","Parent Relationship": "Inner","Parallel Aware": false,"Async Capable": false,"Scan Direction": "Forward","Index Name": "supplier_pkey","Relation Name": "supplier","Alias": "supplier","Startup Cost": 0.29,"Total Cost": 0.30,"Plan Rows": 1,"Plan Width": 8,"Actual Startup Time": 0.001,"Actual Total Time": 0.001,"Actual Rows": 1,"Actual Loops": 327148,"Index Cond": "(s_suppkey = lineitem.l_suppkey)","Rows Removed by Index Recheck": 0,"Workers": []}]},{"Node Type": "Index Scan","Parent Relationship": "Inner","Parallel Aware": false,"Async Capable": false,"Scan Direction": "Forward","Index Name": "orders_pkey","Relation Name": "orders","Alias": "orders","Startup Cost": 0.43,"Total Cost": 0.47,"Plan Rows": 1,"Plan Width": 8,"Actual Startup Time": 0.010,"Actual Total Time": 0.010,"Actual Rows": 1,"Actual Loops": 327148,"Index Cond": "(o_orderkey = lineitem.l_orderkey)","Rows Removed by Index Recheck": 0,"Workers": []}]},{"Node Type": "Hash","Parent Relationship": "Inner","Parallel Aware": false,"Async Capable": false,"Startup Cost": 1.25,"Total Cost": 1.25,"Plan Rows": 25,"Plan Width": 108,"Actual Startup Time": 0.069,"Actual Total Time": 0.083,"Actual Rows": 25,"Actual Loops": 3,"Hash Buckets": 1024,"Original Hash Buckets": 1024,"Hash Batches": 1,"Original Hash Batches": 1,"Peak Memory Usage": 10,"Workers": [],"Plans": [{"Node Type": "Seq Scan","Parent Relationship": "Outer","Parallel Aware": false,"Async Capable": false,"Relation Name": "nation","Alias": "nation","Startup Cost": 0.00,"Total Cost": 1.25,"Plan Rows": 25,"Plan Width": 108,"Actual Startup Time": 0.048,"Actual Total Time": 0.058,"Actual Rows": 25,"Actual Loops": 3,"Workers": []}]}]}]}]}]}]},"Planning Time": 12.341,"Triggers": [],"Execution Time": 2564.702}]
[{"Plan": {"Node Type": "Aggregate","Strategy": "Sorted","Partial Mode": "Finalize","Parallel Aware": false,"Async Capable": false,"Startup Cost": 35224.41,"Total Cost": 35237.30,"Plan Rows": 97,"Plan Width": 168,"Actual Startup Time": 2444.138,"Actual Total Time": 2542.472,"Actual Rows": 175,"Actual Loops": 1,"Group Key": ["nation.n_name", "(EXTRACT(year FROM orders.o_orderdate))"],"Plans": [{"Node Type": "Gather Merge","Parent Relationship": "Outer","Parallel Aware": false,"Async Capable": false,"Startup Cost": 35224.41,"Total Cost": 35235.05,"Plan Rows": 80,"Plan Width": 168,"Actual Startup Time": 2442.420,"Actual Total Time": 2542.094,"Actual Rows": 525,"Actual Loops": 1,"Workers Planned": 2,"Workers Launched": 2,"Plans": [{"Node Type": "Aggregate","Strategy": "Sorted","Partial Mode": "Partial","Parent Relationship": "Outer","Parallel Aware": false,"Async Capable": false,"Startup Cost": 34224.39,"Total Cost": 34225.79,"Plan Rows": 40,"Plan Width": 168,"Actual Startup Time": 2337.842,"Actual Total Time": 2456.025,"Actual Rows": 175,"Actual Loops": 3,"Group Key": ["nation.n_name", "(EXTRACT(year FROM orders.o_orderdate))"],"Workers": [],"Plans": [{"Node Type": "Sort","Parent Relationship": "Outer","Parallel Aware": false,"Async Capable": false,"Startup Cost": 34224.39,"Total Cost": 34224.49,"Plan Rows": 40,"Plan Width": 159,"Actual Startup Time": 2337.234,"Actual Total Time": 2374.843,"Actual Rows": 108757,"Actual Loops": 3,"Sort Key": ["nation.n_name", "(EXTRACT(year FROM orders.o_orderdate)) DESC"],"Sort Method": "quicksort","Sort Space Used": 14638,"Sort Space Type": "Memory","Workers": [{"Worker Number": 0,"Sort Method": "quicksort","Sort Space Used": 13561,"Sort Space Type": "Memory"},{"Worker Number": 1,"Sort Method": "quicksort","Sort Space Used": 13499,"Sort Space Type": "Memory"}],"Plans": [{"Node Type": "Hash Join","Parent Relationship": "Outer","Parallel Aware": false,"Async Capable": false,"Join Type": "Inner","Startup Cost": 3.13,"Total Cost": 34223.32,"Plan Rows": 40,"Plan Width": 159,"Actual Startup Time": 0.556,"Actual Total Time": 2190.470,"Actual Rows": 108757,"Actual Loops": 3,"Inner Unique": true,"Hash Cond": "(supplier.s_nationkey = nation.n_nationkey)","Workers": [],"Plans": [{"Node Type": "Nested Loop","Parent Relationship": "Outer","Parallel Aware": false,"Async Capable": false,"Join Type": "Inner","Startup Cost": 1.57,"Total Cost": 34221.53,"Plan Rows": 40,"Plan Width": 31,"Actual Startup Time": 0.403,"Actual Total Time": 2158.779,"Actual Rows": 108757,"Actual Loops": 3,"Inner Unique": true,"Workers": [],"Plans": [{"Node Type": "Nested Loop","Parent Relationship": "Outer","Parallel Aware": false,"Async Capable": false,"Join Type": "Inner","Startup Cost": 1.14,"Total Cost": 34202.93,"Plan Rows": 40,"Plan Width": 31,"Actual Startup Time": 0.309,"Actual Total Time": 1007.807,"Actual Rows": 108757,"Actual Loops": 3,"Inner Unique": true,"Workers": [],"Plans": [{"Node Type": "Nested Loop","Parent Relationship": "Outer","Parallel Aware": false,"Async Capable": false,"Join Type": "Inner","Startup Cost": 0.86,"Total Cost": 34190.82,"Plan Rows": 40,"Plan Width": 35,"Actual Startup Time": 0.236,"Actual Total Time": 821.703,"Actual Rows": 108757,"Actual Loops": 3,"Inner Unique": false,"Workers": [],"Plans": [{"Node Type": "Nested Loop","Parent Relationship": "Outer","Parallel Aware": false,"Async Capable": false,"Join Type": "Inner","Startup Cost": 0.42,"Total Cost": 19885.25,"Plan Rows": 13468,"Plan Width": 18,"Actual Startup Time": 0.138,"Actual Total Time": 114.586,"Actual Rows": 14501,"Actual Loops": 3,"Inner Unique": false,"Workers": [],"Plans": [{"Node Type": "Seq Scan","Parent Relationship": "Outer","Parallel Aware": true,"Async Capable": false,"Relation Name": "part","Alias": "part","Startup Cost": 0.00,"Total Cost": 5138.67,"Plan Rows": 3367,"Plan Width": 4,"Actual Startup Time": 0.031,"Actual Total Time": 48.710,"Actual Rows": 3625,"Actual Loops": 3,"Filter": "((p_name)::text ~~ '%beige%'::text)","Rows Removed by Filter": 63041,"Workers": []},{"Node Type": "Index Scan","Parent Relationship": "Inner","Parallel Aware": false,"Async Capable": false,"Scan Direction": "Forward","Index Name": "idx_partsupp_partkey","Relation Name": "partsupp","Alias": "partsupp","Startup Cost": 0.42,"Total Cost": 4.34,"Plan Rows": 4,"Plan Width": 14,"Actual Startup Time": 0.014,"Actual Total Time": 0.017,"Actual Rows": 4,"Actual Loops": 10876,"Index Cond": "(ps_partkey = part.p_partkey)","Rows Removed by Index Recheck": 0,"Workers": []}]},{"Node Type": "Index Scan","Parent Relationship": "Inner","Parallel Aware": false,"Async Capable": false,"Scan Direction": "Forward","Index Name": "idx_lineitem_part_supp","Relation Name": "lineitem","Alias": "lineitem","Startup Cost": 0.43,"Total Cost": 1.05,"Plan Rows": 1,"Plan Width": 29,"Actual Startup Time": 0.007,"Actual Total Time": 0.047,"Actual Rows": 7,"Actual Loops": 43504,"Index Cond": "((l_partkey = partsupp.ps_partkey) AND (l_suppkey = partsupp.ps_suppkey))","Rows Removed by Index Recheck": 0,"Workers": []}]},{"Node Type": "Index Scan","Parent Relationship": "Inner","Parallel Aware": false,"Async Capable": false,"Scan Direction": "Forward","Index Name": "supplier_pkey","Relation Name": "supplier","Alias": "supplier","Startup Cost": 0.29,"Total Cost": 0.30,"Plan Rows": 1,"Plan Width": 8,"Actual Startup Time": 0.001,"Actual Total Time": 0.001,"Actual Rows": 1,"Actual Loops": 326272,"Index Cond": "(s_suppkey = lineitem.l_suppkey)","Rows Removed by Index Recheck": 0,"Workers": []}]},{"Node Type": "Index Scan","Parent Relationship": "Inner","Parallel Aware": false,"Async Capable": false,"Scan Direction": "Forward","Index Name": "orders_pkey","Relation Name": "orders","Alias": "orders","Startup Cost": 0.43,"Total Cost": 0.47,"Plan Rows": 1,"Plan Width": 8,"Actual Startup Time": 0.010,"Actual Total Time": 0.010,"Actual Rows": 1,"Actual Loops": 326272,"Index Cond": "(o_orderkey = lineitem.l_orderkey)","Rows Removed by Index Recheck": 0,"Workers": []}]},{"Node Type": "Hash","Parent Relationship": "Inner","Parallel Aware": false,"Async Capable": false,"Startup Cost": 1.25,"Total Cost": 1.25,"Plan Rows": 25,"Plan Width": 108,"Actual Startup Time": 0.080,"Actual Total Time": 0.089,"Actual Rows": 25,"Actual Loops": 3,"Hash Buckets": 1024,"Original Hash Buckets": 1024,"Hash Batches": 1,"Original Hash Batches": 1,"Peak Memory Usage": 10,"Workers": [],"Plans": [{"Node Type": "Seq Scan","Parent Relationship": "Outer","Parallel Aware": false,"Async Capable": false,"Relation Name": "nation","Alias": "nation","Startup Cost": 0.00,"Total Cost": 1.25,"Plan Rows": 25,"Plan Width": 108,"Actual Startup Time": 0.061,"Actual Total Time": 0.065,"Actual Rows": 25,"Actual Loops": 3,"Workers": []}]}]}]}]}]}]},"Planning Time": 11.872,"Triggers": [],"Execution Time": 2543.621}]
[{"Plan": {"Node Type": "Aggregate","Strategy": "Sorted","Partial Mode": "Finalize","Parallel Aware": false,"Async Capable": false,"Startup Cost": 41381.04,"Total Cost": 41397.45,"Plan Rows": 122,"Plan Width": 168,"Actual Startup Time": 2420.928,"Actual Total Time": 2521.416,"Actual Rows": 175,"Actual Loops": 1,"Group Key": ["nation.n_name", "(EXTRACT(year FROM orders.o_orderdate))"],"Plans": [{"Node Type": "Gather Merge","Parent Relationship": "Outer","Parallel Aware": false,"Async Capable": false,"Startup Cost": 41381.04,"Total Cost": 41394.60,"Plan Rows": 102,"Plan Width": 168,"Actual Startup Time": 2419.150,"Actual Total Time": 2521.044,"Actual Rows": 525,"Actual Loops": 1,"Workers Planned": 2,"Workers Launched": 2,"Plans": [{"Node Type": "Aggregate","Strategy": "Sorted","Partial Mode": "Partial","Parent Relationship": "Outer","Parallel Aware": false,"Async Capable": false,"Startup Cost": 40381.01,"Total Cost": 40382.80,"Plan Rows": 51,"Plan Width": 168,"Actual Startup Time": 2330.204,"Actual Total Time": 2446.743,"Actual Rows": 175,"Actual Loops": 3,"Group Key": ["nation.n_name", "(EXTRACT(year FROM orders.o_orderdate))"],"Workers": [],"Plans": [{"Node Type": "Sort","Parent Relationship": "Outer","Parallel Aware": false,"Async Capable": false,"Startup Cost": 40381.01,"Total Cost": 40381.14,"Plan Rows": 51,"Plan Width": 159,"Actual Startup Time": 2329.797,"Actual Total Time": 2366.082,"Actual Rows": 108643,"Actual Loops": 3,"Sort Key": ["nation.n_name", "(EXTRACT(year FROM orders.o_orderdate)) DESC"],"Sort Method": "quicksort","Sort Space Used": 14576,"Sort Space Type": "Memory","Workers": [{"Worker Number": 0,"Sort Method": "quicksort","Sort Space Used": 13550,"Sort Space Type": "Memory"},{"Worker Number": 1,"Sort Method": "quicksort","Sort Space Used": 13540,"Sort Space Type": "Memory"}],"Plans": [{"Node Type": "Hash Join","Parent Relationship": "Outer","Parallel Aware": false,"Async Capable": false,"Join Type": "Inner","Startup Cost": 3.13,"Total Cost": 40379.57,"Plan Rows": 51,"Plan Width": 159,"Actual Startup Time": 0.791,"Actual Total Time": 2183.029,"Actual Rows": 108643,"Actual Loops": 3,"Inner Unique": true,"Hash Cond": "(supplier.s_nationkey = nation.n_nationkey)","Workers": [],"Plans": [{"Node Type": "Nested Loop","Parent Relationship": "Outer","Parallel Aware": false,"Async Capable": false,"Join Type": "Inner","Startup Cost": 1.57,"Total Cost": 40377.72,"Plan Rows": 51,"Plan Width": 31,"Actual Startup Time": 0.592,"Actual Total Time": 2151.282,"Actual Rows": 108643,"Actual Loops": 3,"Inner Unique": true,"Workers": [],"Plans": [{"Node Type": "Nested Loop","Parent Relationship": "Outer","Parallel Aware": false,"Async Capable": false,"Join Type": "Inner","Startup Cost": 1.14,"Total Cost": 40354.00,"Plan Rows": 51,"Plan Width": 31,"Actual Startup Time": 0.465,"Actual Total Time": 1002.527,"Actual Rows": 108643,"Actual Loops": 3,"Inner Unique": true,"Workers": [],"Plans": [{"Node Type": "Nested Loop","Parent Relationship": "Outer","Parallel Aware": false,"Async Capable": false,"Join Type": "Inner","Startup Cost": 0.86,"Total Cost": 40338.56,"Plan Rows": 51,"Plan Width": 35,"Actual Startup Time": 0.353,"Actual Total Time": 817.470,"Actual Rows": 108643,"Actual Loops": 3,"Inner Unique": false,"Workers": [],"Plans": [{"Node Type": "Nested Loop","Parent Relationship": "Outer","Parallel Aware": false,"Async Capable": false,"Join Type": "Inner","Startup Cost": 0.42,"Total Cost": 22456.59,"Plan Rows": 16835,"Plan Width": 18,"Actual Startup Time": 0.220,"Actual Total Time": 115.062,"Actual Rows": 14507,"Actual Loops": 3,"Inner Unique": false,"Workers": [],"Plans": [{"Node Type": "Seq Scan","Parent Relationship": "Outer","Parallel Aware": true,"Async Capable": false,"Relation Name": "part","Alias": "part","Startup Cost": 0.00,"Total Cost": 5138.67,"Plan Rows": 4209,"Plan Width": 4,"Actual Startup Time": 0.050,"Actual Total Time": 49.762,"Actual Rows": 3627,"Actual Loops": 3,"Filter": "((p_name)::text ~~ '%navy%'::text)","Rows Removed by Filter": 63040,"Workers": []},{"Node Type": "Index Scan","Parent Relationship": "Inner","Parallel Aware": false,"Async Capable": false,"Scan Direction": "Forward","Index Name": "idx_partsupp_partkey","Relation Name": "partsupp","Alias": "partsupp","Startup Cost": 0.42,"Total Cost": 4.07,"Plan Rows": 4,"Plan Width": 14,"Actual Startup Time": 0.013,"Actual Total Time": 0.017,"Actual Rows": 4,"Actual Loops": 10880,"Index Cond": "(ps_partkey = part.p_partkey)","Rows Removed by Index Recheck": 0,"Workers": []}]},{"Node Type": "Index Scan","Parent Relationship": "Inner","Parallel Aware": false,"Async Capable": false,"Scan Direction": "Forward","Index Name": "idx_lineitem_part_supp","Relation Name": "lineitem","Alias": "lineitem","Startup Cost": 0.43,"Total Cost": 1.05,"Plan Rows": 1,"Plan Width": 29,"Actual Startup Time": 0.007,"Actual Total Time": 0.047,"Actual Rows": 7,"Actual Loops": 43520,"Index Cond": "((l_partkey = partsupp.ps_partkey) AND (l_suppkey = partsupp.ps_suppkey))","Rows Removed by Index Recheck": 0,"Workers": []}]},{"Node Type": "Index Scan","Parent Relationship": "Inner","Parallel Aware": false,"Async Capable": false,"Scan Direction": "Forward","Index Name": "supplier_pkey","Relation Name": "supplier","Alias": "supplier","Startup Cost": 0.29,"Total Cost": 0.30,"Plan Rows": 1,"Plan Width": 8,"Actual Startup Time": 0.001,"Actual Total Time": 0.001,"Actual Rows": 1,"Actual Loops": 325928,"Index Cond": "(s_suppkey = lineitem.l_suppkey)","Rows Removed by Index Recheck": 0,"Workers": []}]},{"Node Type": "Index Scan","Parent Relationship": "Inner","Parallel Aware": false,"Async Capable": false,"Scan Direction": "Forward","Index Name": "orders_pkey","Relation Name": "orders","Alias": "orders","Startup Cost": 0.43,"Total Cost": 0.47,"Plan Rows": 1,"Plan Width": 8,"Actual Startup Time": 0.010,"Actual Total Time": 0.010,"Actual Rows": 1,"Actual Loops": 325928,"Index Cond": "(o_orderkey = lineitem.l_orderkey)","Rows Removed by Index Recheck": 0,"Workers": []}]},{"Node Type": "Hash","Parent Relationship": "Inner","Parallel Aware": false,"Async Capable": false,"Startup Cost": 1.25,"Total Cost": 1.25,"Plan Rows": 25,"Plan Width": 108,"Actual Startup Time": 0.090,"Actual Total Time": 0.098,"Actual Rows": 25,"Actual Loops": 3,"Hash Buckets": 1024,"Original Hash Buckets": 1024,"Hash Batches": 1,"Original Hash Batches": 1,"Peak Memory Usage": 10,"Workers": [],"Plans": [{"Node Type": "Seq Scan","Parent Relationship": "Outer","Parallel Aware": false,"Async Capable": false,"Relation Name": "nation","Alias": "nation","Startup Cost": 0.00,"Total Cost": 1.25,"Plan Rows": 25,"Plan Width": 108,"Actual Startup Time": 0.066,"Actual Total Time": 0.072,"Actual Rows": 25,"Actual Loops": 3,"Workers": []}]}]}]}]}]}]},"Planning Time": 12.345,"Triggers": [],"Execution Time": 2522.949}]
[{"Plan": {"Node Type": "Aggregate","Strategy": "Sorted","Partial Mode": "Finalize","Parallel Aware": false,"Async Capable": false,"Startup Cost": 41381.04,"Total Cost": 41397.45,"Plan Rows": 122,"Plan Width": 168,"Actual Startup Time": 2369.291,"Actual Total Time": 2478.707,"Actual Rows": 175,"Actual Loops": 1,"Group Key": ["nation.n_name", "(EXTRACT(year FROM orders.o_orderdate))"],"Plans": [{"Node Type": "Gather Merge","Parent Relationship": "Outer","Parallel Aware": false,"Async Capable": false,"Startup Cost": 41381.04,"Total Cost": 41394.60,"Plan Rows": 102,"Plan Width": 168,"Actual Startup Time": 2368.553,"Actual Total Time": 2478.320,"Actual Rows": 525,"Actual Loops": 1,"Workers Planned": 2,"Workers Launched": 2,"Plans": [{"Node Type": "Aggregate","Strategy": "Sorted","Partial Mode": "Partial","Parent Relationship": "Outer","Parallel Aware": false,"Async Capable": false,"Startup Cost": 40381.01,"Total Cost": 40382.80,"Plan Rows": 51,"Plan Width": 168,"Actual Startup Time": 2234.651,"Actual Total Time": 2367.808,"Actual Rows": 175,"Actual Loops": 3,"Group Key": ["nation.n_name", "(EXTRACT(year FROM orders.o_orderdate))"],"Workers": [],"Plans": [{"Node Type": "Sort","Parent Relationship": "Outer","Parallel Aware": false,"Async Capable": false,"Startup Cost": 40381.01,"Total Cost": 40381.14,"Plan Rows": 51,"Plan Width": 159,"Actual Startup Time": 2234.151,"Actual Total Time": 2281.175,"Actual Rows": 106377,"Actual Loops": 3,"Sort Key": ["nation.n_name", "(EXTRACT(year FROM orders.o_orderdate)) DESC"],"Sort Method": "quicksort","Sort Space Used": 13281,"Sort Space Type": "Memory","Workers": [{"Worker Number": 0,"Sort Method": "quicksort","Sort Space Used": 13894,"Sort Space Type": "Memory"},{"Worker Number": 1,"Sort Method": "quicksort","Sort Space Used": 13818,"Sort Space Type": "Memory"}],"Plans": [{"Node Type": "Hash Join","Parent Relationship": "Outer","Parallel Aware": false,"Async Capable": false,"Join Type": "Inner","Startup Cost": 3.13,"Total Cost": 40379.57,"Plan Rows": 51,"Plan Width": 159,"Actual Startup Time": 0.768,"Actual Total Time": 2087.367,"Actual Rows": 106377,"Actual Loops": 3,"Inner Unique": true,"Hash Cond": "(supplier.s_nationkey = nation.n_nationkey)","Workers": [],"Plans": [{"Node Type": "Nested Loop","Parent Relationship": "Outer","Parallel Aware": false,"Async Capable": false,"Join Type": "Inner","Startup Cost": 1.57,"Total Cost": 40377.72,"Plan Rows": 51,"Plan Width": 31,"Actual Startup Time": 0.548,"Actual Total Time": 2056.182,"Actual Rows": 106377,"Actual Loops": 3,"Inner Unique": true,"Workers": [],"Plans": [{"Node Type": "Nested Loop","Parent Relationship": "Outer","Parallel Aware": false,"Async Capable": false,"Join Type": "Inner","Startup Cost": 1.14,"Total Cost": 40354.00,"Plan Rows": 51,"Plan Width": 31,"Actual Startup Time": 0.413,"Actual Total Time": 960.517,"Actual Rows": 106377,"Actual Loops": 3,"Inner Unique": true,"Workers": [],"Plans": [{"Node Type": "Nested Loop","Parent Relationship": "Outer","Parallel Aware": false,"Async Capable": false,"Join Type": "Inner","Startup Cost": 0.86,"Total Cost": 40338.56,"Plan Rows": 51,"Plan Width": 35,"Actual Startup Time": 0.324,"Actual Total Time": 781.220,"Actual Rows": 106377,"Actual Loops": 3,"Inner Unique": false,"Workers": [],"Plans": [{"Node Type": "Nested Loop","Parent Relationship": "Outer","Parallel Aware": false,"Async Capable": false,"Join Type": "Inner","Startup Cost": 0.42,"Total Cost": 22456.59,"Plan Rows": 16835,"Plan Width": 18,"Actual Startup Time": 0.210,"Actual Total Time": 116.185,"Actual Rows": 14180,"Actual Loops": 3,"Inner Unique": false,"Workers": [],"Plans": [{"Node Type": "Seq Scan","Parent Relationship": "Outer","Parallel Aware": true,"Async Capable": false,"Relation Name": "part","Alias": "part","Startup Cost": 0.00,"Total Cost": 5138.67,"Plan Rows": 4209,"Plan Width": 4,"Actual Startup Time": 0.080,"Actual Total Time": 50.374,"Actual Rows": 3545,"Actual Loops": 3,"Filter": "((p_name)::text ~~ '%gainsboro%'::text)","Rows Removed by Filter": 63122,"Workers": []},{"Node Type": "Index Scan","Parent Relationship": "Inner","Parallel Aware": false,"Async Capable": false,"Scan Direction": "Forward","Index Name": "idx_partsupp_partkey","Relation Name": "partsupp","Alias": "partsupp","Startup Cost": 0.42,"Total Cost": 4.07,"Plan Rows": 4,"Plan Width": 14,"Actual Startup Time": 0.014,"Actual Total Time": 0.018,"Actual Rows": 4,"Actual Loops": 10635,"Index Cond": "(ps_partkey = part.p_partkey)","Rows Removed by Index Recheck": 0,"Workers": []}]},{"Node Type": "Index Scan","Parent Relationship": "Inner","Parallel Aware": false,"Async Capable": false,"Scan Direction": "Forward","Index Name": "idx_lineitem_part_supp","Relation Name": "lineitem","Alias": "lineitem","Startup Cost": 0.43,"Total Cost": 1.05,"Plan Rows": 1,"Plan Width": 29,"Actual Startup Time": 0.007,"Actual Total Time": 0.045,"Actual Rows": 8,"Actual Loops": 42540,"Index Cond": "((l_partkey = partsupp.ps_partkey) AND (l_suppkey = partsupp.ps_suppkey))","Rows Removed by Index Recheck": 0,"Workers": []}]},{"Node Type": "Index Scan","Parent Relationship": "Inner","Parallel Aware": false,"Async Capable": false,"Scan Direction": "Forward","Index Name": "supplier_pkey","Relation Name": "supplier","Alias": "supplier","Startup Cost": 0.29,"Total Cost": 0.30,"Plan Rows": 1,"Plan Width": 8,"Actual Startup Time": 0.001,"Actual Total Time": 0.001,"Actual Rows": 1,"Actual Loops": 319131,"Index Cond": "(s_suppkey = lineitem.l_suppkey)","Rows Removed by Index Recheck": 0,"Workers": []}]},{"Node Type": "Index Scan","Parent Relationship": "Inner","Parallel Aware": false,"Async Capable": false,"Scan Direction": "Forward","Index Name": "orders_pkey","Relation Name": "orders","Alias": "orders","Startup Cost": 0.43,"Total Cost": 0.47,"Plan Rows": 1,"Plan Width": 8,"Actual Startup Time": 0.010,"Actual Total Time": 0.010,"Actual Rows": 1,"Actual Loops": 319131,"Index Cond": "(o_orderkey = lineitem.l_orderkey)","Rows Removed by Index Recheck": 0,"Workers": []}]},{"Node Type": "Hash","Parent Relationship": "Inner","Parallel Aware": false,"Async Capable": false,"Startup Cost": 1.25,"Total Cost": 1.25,"Plan Rows": 25,"Plan Width": 108,"Actual Startup Time": 0.092,"Actual Total Time": 0.105,"Actual Rows": 25,"Actual Loops": 3,"Hash Buckets": 1024,"Original Hash Buckets": 1024,"Hash Batches": 1,"Original Hash Batches": 1,"Peak Memory Usage": 10,"Workers": [],"Plans": [{"Node Type": "Seq Scan","Parent Relationship": "Outer","Parallel Aware": false,"Async Capable": false,"Relation Name": "nation","Alias": "nation","Startup Cost": 0.00,"Total Cost": 1.25,"Plan Rows": 25,"Plan Width": 108,"Actual Startup Time": 0.059,"Actual Total Time": 0.067,"Actual Rows": 25,"Actual Loops": 3,"Workers": []}]}]}]}]}]}]},"Planning Time": 12.024,"Triggers": [],"Execution Time": 2481.928}]
[{"Plan": {"Node Type": "Aggregate","Strategy": "Sorted","Partial Mode": "Finalize","Parallel Aware": false,"Async Capable": false,"Startup Cost": 54706.26,"Total Cost": 54742.91,"Plan Rows": 244,"Plan Width": 168,"Actual Startup Time": 1714.474,"Actual Total Time": 1830.226,"Actual Rows": 175,"Actual Loops": 1,"Group Key": ["nation.n_name", "(EXTRACT(year FROM orders.o_orderdate))"],"Plans": [{"Node Type": "Gather Merge","Parent Relationship": "Outer","Parallel Aware": false,"Async Capable": false,"Startup Cost": 54706.26,"Total Cost": 54736.88,"Plan Rows": 237,"Plan Width": 168,"Actual Startup Time": 1713.154,"Actual Total Time": 1829.714,"Actual Rows": 700,"Actual Loops": 1,"Workers Planned": 3,"Workers Launched": 3,"Plans": [{"Node Type": "Aggregate","Strategy": "Sorted","Partial Mode": "Partial","Parent Relationship": "Outer","Parallel Aware": false,"Async Capable": false,"Startup Cost": 53706.22,"Total Cost": 53708.99,"Plan Rows": 79,"Plan Width": 168,"Actual Startup Time": 1641.405,"Actual Total Time": 1736.002,"Actual Rows": 175,"Actual Loops": 4,"Group Key": ["nation.n_name", "(EXTRACT(year FROM orders.o_orderdate))"],"Workers": [],"Plans": [{"Node Type": "Sort","Parent Relationship": "Outer","Parallel Aware": false,"Async Capable": false,"Startup Cost": 53706.22,"Total Cost": 53706.42,"Plan Rows": 79,"Plan Width": 159,"Actual Startup Time": 1640.941,"Actual Total Time": 1673.380,"Actual Rows": 81542,"Actual Loops": 4,"Sort Key": ["nation.n_name", "(EXTRACT(year FROM orders.o_orderdate)) DESC"],"Sort Method": "quicksort","Sort Space Used": 11097,"Sort Space Type": "Memory","Workers": [{"Worker Number": 0,"Sort Method": "quicksort","Sort Space Used": 11309,"Sort Space Type": "Memory"},{"Worker Number": 1,"Sort Method": "quicksort","Sort Space Used": 10929,"Sort Space Type": "Memory"},{"Worker Number": 2,"Sort Method": "quicksort","Sort Space Used": 11435,"Sort Space Type": "Memory"}],"Plans": [{"Node Type": "Hash Join","Parent Relationship": "Outer","Parallel Aware": false,"Async Capable": false,"Join Type": "Inner","Startup Cost": 5246.60,"Total Cost": 53703.73,"Plan Rows": 79,"Plan Width": 159,"Actual Startup Time": 23.772,"Actual Total Time": 1540.996,"Actual Rows": 81542,"Actual Loops": 4,"Inner Unique": true,"Hash Cond": "(supplier.s_nationkey = nation.n_nationkey)","Workers": [],"Plans": [{"Node Type": "Nested Loop","Parent Relationship": "Outer","Parallel Aware": false,"Async Capable": false,"Join Type": "Inner","Startup Cost": 5245.04,"Total Cost": 53701.73,"Plan Rows": 79,"Plan Width": 31,"Actual Startup Time": 23.575,"Actual Total Time": 1517.770,"Actual Rows": 81542,"Actual Loops": 4,"Inner Unique": true,"Workers": [],"Plans": [{"Node Type": "Nested Loop","Parent Relationship": "Outer","Parallel Aware": false,"Async Capable": false,"Join Type": "Inner","Startup Cost": 5244.61,"Total Cost": 53664.99,"Plan Rows": 79,"Plan Width": 31,"Actual Startup Time": 23.500,"Actual Total Time": 784.781,"Actual Rows": 81542,"Actual Loops": 4,"Inner Unique": true,"Workers": [],"Plans": [{"Node Type": "Nested Loop","Parent Relationship": "Outer","Parallel Aware": false,"Async Capable": false,"Join Type": "Inner","Startup Cost": 5244.32,"Total Cost": 53641.08,"Plan Rows": 79,"Plan Width": 35,"Actual Startup Time": 23.443,"Actual Total Time": 647.674,"Actual Rows": 81542,"Actual Loops": 4,"Inner Unique": false,"Workers": [],"Plans": [{"Node Type": "Hash Join","Parent Relationship": "Outer","Parallel Aware": true,"Async Capable": false,"Join Type": "Inner","Startup Cost": 5243.89,"Total Cost": 25952.97,"Plan Rows": 26067,"Plan Width": 18,"Actual Startup Time": 23.378,"Actual Total Time": 190.584,"Actual Rows": 10873,"Actual Loops": 4,"Inner Unique": true,"Hash Cond": "(partsupp.ps_partkey = part.p_partkey)","Workers": [],"Plans": [{"Node Type": "Seq Scan","Parent Relationship": "Outer","Parallel Aware": true,"Async Capable": false,"Relation Name": "partsupp","Alias": "partsupp","Startup Cost": 0.00,"Total Cost": 20031.65,"Plan Rows": 258065,"Plan Width": 14,"Actual Startup Time": 0.016,"Actual Total Time": 42.639,"Actual Rows": 200000,"Actual Loops": 4,"Workers": []},{"Node Type": "Hash","Parent Relationship": "Inner","Parallel Aware": true,"Async Capable": false,"Startup Cost": 5138.67,"Total Cost": 5138.67,"Plan Rows": 8418,"Plan Width": 4,"Actual Startup Time": 23.128,"Actual Total Time": 23.145,"Actual Rows": 2718,"Actual Loops": 4,"Hash Buckets": 32768,"Original Hash Buckets": 32768,"Hash Batches": 1,"Original Hash Batches": 1,"Peak Memory Usage": 704,"Workers": [],"Plans": [{"Node Type": "Seq Scan","Parent Relationship": "Outer","Parallel Aware": true,"Async Capable": false,"Relation Name": "part","Alias": "part","Startup Cost": 0.00,"Total Cost": 5138.67,"Plan Rows": 8418,"Plan Width": 4,"Actual Startup Time": 0.058,"Actual Total Time": 21.650,"Actual Rows": 2718,"Actual Loops": 4,"Filter": "((p_name)::text ~~ '%linen%'::text)","Rows Removed by Filter": 47282,"Workers": []}]}]},{"Node Type": "Index Scan","Parent Relationship": "Inner","Parallel Aware": false,"Async Capable": false,"Scan Direction": "Forward","Index Name": "idx_lineitem_part_supp","Relation Name": "lineitem","Alias": "lineitem","Startup Cost": 0.43,"Total Cost": 1.05,"Plan Rows": 1,"Plan Width": 29,"Actual Startup Time": 0.006,"Actual Total Time": 0.041,"Actual Rows": 7,"Actual Loops": 43492,"Index Cond": "((l_partkey = partsupp.ps_partkey) AND (l_suppkey = partsupp.ps_suppkey))","Rows Removed by Index Recheck": 0,"Workers": []}]},{"Node Type": "Index Scan","Parent Relationship": "Inner","Parallel Aware": false,"Async Capable": false,"Scan Direction": "Forward","Index Name": "supplier_pkey","Relation Name": "supplier","Alias": "supplier","Startup Cost": 0.29,"Total Cost": 0.30,"Plan Rows": 1,"Plan Width": 8,"Actual Startup Time": 0.001,"Actual Total Time": 0.001,"Actual Rows": 1,"Actual Loops": 326170,"Index Cond": "(s_suppkey = lineitem.l_suppkey)","Rows Removed by Index Recheck": 0,"Workers": []}]},{"Node Type": "Index Scan","Parent Relationship": "Inner","Parallel Aware": false,"Async Capable": false,"Scan Direction": "Forward","Index Name": "orders_pkey","Relation Name": "orders","Alias": "orders","Startup Cost": 0.43,"Total Cost": 0.47,"Plan Rows": 1,"Plan Width": 8,"Actual Startup Time": 0.009,"Actual Total Time": 0.009,"Actual Rows": 1,"Actual Loops": 326170,"Index Cond": "(o_orderkey = lineitem.l_orderkey)","Rows Removed by Index Recheck": 0,"Workers": []}]},{"Node Type": "Hash","Parent Relationship": "Inner","Parallel Aware": false,"Async Capable": false,"Startup Cost": 1.25,"Total Cost": 1.25,"Plan Rows": 25,"Plan Width": 108,"Actual Startup Time": 0.077,"Actual Total Time": 0.084,"Actual Rows": 25,"Actual Loops": 4,"Hash Buckets": 1024,"Original Hash Buckets": 1024,"Hash Batches": 1,"Original Hash Batches": 1,"Peak Memory Usage": 10,"Workers": [],"Plans": [{"Node Type": "Seq Scan","Parent Relationship": "Outer","Parallel Aware": false,"Async Capable": false,"Relation Name": "nation","Alias": "nation","Startup Cost": 0.00,"Total Cost": 1.25,"Plan Rows": 25,"Plan Width": 108,"Actual Startup Time": 0.049,"Actual Total Time": 0.057,"Actual Rows": 25,"Actual Loops": 4,"Workers": []}]}]}]}]}]}]},"Planning Time": 12.571,"Triggers": [],"Execution Time": 1831.398}]
[{"Plan": {"Node Type": "Aggregate","Strategy": "Sorted","Partial Mode": "Finalize","Parallel Aware": false,"Async Capable": false,"Startup Cost": 47355.08,"Total Cost": 47374.71,"Plan Rows": 146,"Plan Width": 168,"Actual Startup Time": 2429.119,"Actual Total Time": 2605.321,"Actual Rows": 175,"Actual Loops": 1,"Group Key": ["nation.n_name", "(EXTRACT(year FROM orders.o_orderdate))"],"Plans": [{"Node Type": "Gather Merge","Parent Relationship": "Outer","Parallel Aware": false,"Async Capable": false,"Startup Cost": 47355.08,"Total Cost": 47371.30,"Plan Rows": 122,"Plan Width": 168,"Actual Startup Time": 2426.906,"Actual Total Time": 2604.867,"Actual Rows": 525,"Actual Loops": 1,"Workers Planned": 2,"Workers Launched": 2,"Plans": [{"Node Type": "Aggregate","Strategy": "Sorted","Partial Mode": "Partial","Parent Relationship": "Outer","Parallel Aware": false,"Async Capable": false,"Startup Cost": 46355.06,"Total Cost": 46357.20,"Plan Rows": 61,"Plan Width": 168,"Actual Startup Time": 2315.501,"Actual Total Time": 2444.657,"Actual Rows": 175,"Actual Loops": 3,"Group Key": ["nation.n_name", "(EXTRACT(year FROM orders.o_orderdate))"],"Workers": [],"Plans": [{"Node Type": "Sort","Parent Relationship": "Outer","Parallel Aware": false,"Async Capable": false,"Startup Cost": 46355.06,"Total Cost": 46355.21,"Plan Rows": 61,"Plan Width": 159,"Actual Startup Time": 2314.736,"Actual Total Time": 2357.989,"Actual Rows": 110203,"Actual Loops": 3,"Sort Key": ["nation.n_name", "(EXTRACT(year FROM orders.o_orderdate)) DESC"],"Sort Method": "quicksort","Sort Space Used": 13700,"Sort Space Type": "Memory","Workers": [{"Worker Number": 0,"Sort Method": "quicksort","Sort Space Used": 14285,"Sort Space Type": "Memory"},{"Worker Number": 1,"Sort Method": "quicksort","Sort Space Used": 14149,"Sort Space Type": "Memory"}],"Plans": [{"Node Type": "Hash Join","Parent Relationship": "Outer","Parallel Aware": false,"Async Capable": false,"Join Type": "Inner","Startup Cost": 3.13,"Total Cost": 46353.25,"Plan Rows": 61,"Plan Width": 159,"Actual Startup Time": 0.743,"Actual Total Time": 2163.601,"Actual Rows": 110203,"Actual Loops": 3,"Inner Unique": true,"Hash Cond": "(supplier.s_nationkey = nation.n_nationkey)","Workers": [],"Plans": [{"Node Type": "Nested Loop","Parent Relationship": "Outer","Parallel Aware": false,"Async Capable": false,"Join Type": "Inner","Startup Cost": 1.57,"Total Cost": 46351.35,"Plan Rows": 61,"Plan Width": 31,"Actual Startup Time": 0.555,"Actual Total Time": 2131.653,"Actual Rows": 110203,"Actual Loops": 3,"Inner Unique": true,"Workers": [],"Plans": [{"Node Type": "Nested Loop","Parent Relationship": "Outer","Parallel Aware": false,"Async Capable": false,"Join Type": "Inner","Startup Cost": 1.14,"Total Cost": 46322.98,"Plan Rows": 61,"Plan Width": 31,"Actual Startup Time": 0.406,"Actual Total Time": 971.169,"Actual Rows": 110203,"Actual Loops": 3,"Inner Unique": true,"Workers": [],"Plans": [{"Node Type": "Nested Loop","Parent Relationship": "Outer","Parallel Aware": false,"Async Capable": false,"Join Type": "Inner","Startup Cost": 0.86,"Total Cost": 46304.52,"Plan Rows": 61,"Plan Width": 35,"Actual Startup Time": 0.318,"Actual Total Time": 787.632,"Actual Rows": 110203,"Actual Loops": 3,"Inner Unique": false,"Workers": [],"Plans": [{"Node Type": "Nested Loop","Parent Relationship": "Outer","Parallel Aware": false,"Async Capable": false,"Join Type": "Inner","Startup Cost": 0.42,"Total Cost": 24846.16,"Plan Rows": 20202,"Plan Width": 18,"Actual Startup Time": 0.175,"Actual Total Time": 114.625,"Actual Rows": 14656,"Actual Loops": 3,"Inner Unique": false,"Workers": [],"Plans": [{"Node Type": "Seq Scan","Parent Relationship": "Outer","Parallel Aware": true,"Async Capable": false,"Relation Name": "part","Alias": "part","Startup Cost": 0.00,"Total Cost": 5138.67,"Plan Rows": 5051,"Plan Width": 4,"Actual Startup Time": 0.052,"Actual Total Time": 48.288,"Actual Rows": 3664,"Actual Loops": 3,"Filter": "((p_name)::text ~~ '%yellow%'::text)","Rows Removed by Filter": 63003,"Workers": []},{"Node Type": "Index Scan","Parent Relationship": "Inner","Parallel Aware": false,"Async Capable": false,"Scan Direction": "Forward","Index Name": "idx_partsupp_partkey","Relation Name": "partsupp","Alias": "partsupp","Startup Cost": 0.42,"Total Cost": 3.86,"Plan Rows": 4,"Plan Width": 14,"Actual Startup Time": 0.014,"Actual Total Time": 0.017,"Actual Rows": 4,"Actual Loops": 10992,"Index Cond": "(ps_partkey = part.p_partkey)","Rows Removed by Index Recheck": 0,"Workers": []}]},{"Node Type": "Index Scan","Parent Relationship": "Inner","Parallel Aware": false,"Async Capable": false,"Scan Direction": "Forward","Index Name": "idx_lineitem_part_supp","Relation Name": "lineitem","Alias": "lineitem","Startup Cost": 0.43,"Total Cost": 1.05,"Plan Rows": 1,"Plan Width": 29,"Actual Startup Time": 0.007,"Actual Total Time": 0.044,"Actual Rows": 8,"Actual Loops": 43968,"Index Cond": "((l_partkey = partsupp.ps_partkey) AND (l_suppkey = partsupp.ps_suppkey))","Rows Removed by Index Recheck": 0,"Workers": []}]},{"Node Type": "Index Scan","Parent Relationship": "Inner","Parallel Aware": false,"Async Capable": false,"Scan Direction": "Forward","Index Name": "supplier_pkey","Relation Name": "supplier","Alias": "supplier","Startup Cost": 0.29,"Total Cost": 0.30,"Plan Rows": 1,"Plan Width": 8,"Actual Startup Time": 0.001,"Actual Total Time": 0.001,"Actual Rows": 1,"Actual Loops": 330610,"Index Cond": "(s_suppkey = lineitem.l_suppkey)","Rows Removed by Index Recheck": 0,"Workers": []}]},{"Node Type": "Index Scan","Parent Relationship": "Inner","Parallel Aware": false,"Async Capable": false,"Scan Direction": "Forward","Index Name": "orders_pkey","Relation Name": "orders","Alias": "orders","Startup Cost": 0.43,"Total Cost": 0.47,"Plan Rows": 1,"Plan Width": 8,"Actual Startup Time": 0.010,"Actual Total Time": 0.010,"Actual Rows": 1,"Actual Loops": 330610,"Index Cond": "(o_orderkey = lineitem.l_orderkey)","Rows Removed by Index Recheck": 0,"Workers": []}]},{"Node Type": "Hash","Parent Relationship": "Inner","Parallel Aware": false,"Async Capable": false,"Startup Cost": 1.25,"Total Cost": 1.25,"Plan Rows": 25,"Plan Width": 108,"Actual Startup Time": 0.078,"Actual Total Time": 0.087,"Actual Rows": 25,"Actual Loops": 3,"Hash Buckets": 1024,"Original Hash Buckets": 1024,"Hash Batches": 1,"Original Hash Batches": 1,"Peak Memory Usage": 10,"Workers": [],"Plans": [{"Node Type": "Seq Scan","Parent Relationship": "Outer","Parallel Aware": false,"Async Capable": false,"Relation Name": "nation","Alias": "nation","Startup Cost": 0.00,"Total Cost": 1.25,"Plan Rows": 25,"Plan Width": 108,"Actual Startup Time": 0.049,"Actual Total Time": 0.055,"Actual Rows": 25,"Actual Loops": 3,"Workers": []}]}]}]}]}]}]},"Planning Time": 11.548,"Triggers": [],"Execution Time": 2608.833}]
[{"Plan": {"Node Type": "Aggregate","Strategy": "Sorted","Partial Mode": "Finalize","Parallel Aware": false,"Async Capable": false,"Startup Cost": 41381.04,"Total Cost": 41397.45,"Plan Rows": 122,"Plan Width": 168,"Actual Startup Time": 2449.053,"Actual Total Time": 2635.568,"Actual Rows": 175,"Actual Loops": 1,"Group Key": ["nation.n_name", "(EXTRACT(year FROM orders.o_orderdate))"],"Plans": [{"Node Type": "Gather Merge","Parent Relationship": "Outer","Parallel Aware": false,"Async Capable": false,"Startup Cost": 41381.04,"Total Cost": 41394.60,"Plan Rows": 102,"Plan Width": 168,"Actual Startup Time": 2447.324,"Actual Total Time": 2635.159,"Actual Rows": 525,"Actual Loops": 1,"Workers Planned": 2,"Workers Launched": 2,"Plans": [{"Node Type": "Aggregate","Strategy": "Sorted","Partial Mode": "Partial","Parent Relationship": "Outer","Parallel Aware": false,"Async Capable": false,"Startup Cost": 40381.01,"Total Cost": 40382.80,"Plan Rows": 51,"Plan Width": 168,"Actual Startup Time": 2331.740,"Actual Total Time": 2482.748,"Actual Rows": 175,"Actual Loops": 3,"Group Key": ["nation.n_name", "(EXTRACT(year FROM orders.o_orderdate))"],"Workers": [],"Plans": [{"Node Type": "Sort","Parent Relationship": "Outer","Parallel Aware": false,"Async Capable": false,"Startup Cost": 40381.01,"Total Cost": 40381.14,"Plan Rows": 51,"Plan Width": 159,"Actual Startup Time": 2331.039,"Actual Total Time": 2387.406,"Actual Rows": 108809,"Actual Loops": 3,"Sort Key": ["nation.n_name", "(EXTRACT(year FROM orders.o_orderdate)) DESC"],"Sort Method": "quicksort","Sort Space Used": 14620,"Sort Space Type": "Memory","Workers": [{"Worker Number": 0,"Sort Method": "quicksort","Sort Space Used": 13545,"Sort Space Type": "Memory"},{"Worker Number": 1,"Sort Method": "quicksort","Sort Space Used": 13555,"Sort Space Type": "Memory"}],"Plans": [{"Node Type": "Hash Join","Parent Relationship": "Outer","Parallel Aware": false,"Async Capable": false,"Join Type": "Inner","Startup Cost": 3.13,"Total Cost": 40379.57,"Plan Rows": 51,"Plan Width": 159,"Actual Startup Time": 0.737,"Actual Total Time": 2187.041,"Actual Rows": 108809,"Actual Loops": 3,"Inner Unique": true,"Hash Cond": "(supplier.s_nationkey = nation.n_nationkey)","Workers": [],"Plans": [{"Node Type": "Nested Loop","Parent Relationship": "Outer","Parallel Aware": false,"Async Capable": false,"Join Type": "Inner","Startup Cost": 1.57,"Total Cost": 40377.72,"Plan Rows": 51,"Plan Width": 31,"Actual Startup Time": 0.552,"Actual Total Time": 2155.488,"Actual Rows": 108809,"Actual Loops": 3,"Inner Unique": true,"Workers": [],"Plans": [{"Node Type": "Nested Loop","Parent Relationship": "Outer","Parallel Aware": false,"Async Capable": false,"Join Type": "Inner","Startup Cost": 1.14,"Total Cost": 40354.00,"Plan Rows": 51,"Plan Width": 31,"Actual Startup Time": 0.419,"Actual Total Time": 1005.505,"Actual Rows": 108809,"Actual Loops": 3,"Inner Unique": true,"Workers": [],"Plans": [{"Node Type": "Nested Loop","Parent Relationship": "Outer","Parallel Aware": false,"Async Capable": false,"Join Type": "Inner","Startup Cost": 0.86,"Total Cost": 40338.56,"Plan Rows": 51,"Plan Width": 35,"Actual Startup Time": 0.336,"Actual Total Time": 819.466,"Actual Rows": 108809,"Actual Loops": 3,"Inner Unique": false,"Workers": [],"Plans": [{"Node Type": "Nested Loop","Parent Relationship": "Outer","Parallel Aware": false,"Async Capable": false,"Join Type": "Inner","Startup Cost": 0.42,"Total Cost": 22456.59,"Plan Rows": 16835,"Plan Width": 18,"Actual Startup Time": 0.212,"Actual Total Time": 113.652,"Actual Rows": 14564,"Actual Loops": 3,"Inner Unique": false,"Workers": [],"Plans": [{"Node Type": "Seq Scan","Parent Relationship": "Outer","Parallel Aware": true,"Async Capable": false,"Relation Name": "part","Alias": "part","Startup Cost": 0.00,"Total Cost": 5138.67,"Plan Rows": 4209,"Plan Width": 4,"Actual Startup Time": 0.070,"Actual Total Time": 47.906,"Actual Rows": 3641,"Actual Loops": 3,"Filter": "((p_name)::text ~~ '%violet%'::text)","Rows Removed by Filter": 63026,"Workers": []},{"Node Type": "Index Scan","Parent Relationship": "Inner","Parallel Aware": false,"Async Capable": false,"Scan Direction": "Forward","Index Name": "idx_partsupp_partkey","Relation Name": "partsupp","Alias": "partsupp","Startup Cost": 0.42,"Total Cost": 4.07,"Plan Rows": 4,"Plan Width": 14,"Actual Startup Time": 0.013,"Actual Total Time": 0.017,"Actual Rows": 4,"Actual Loops": 10923,"Index Cond": "(ps_partkey = part.p_partkey)","Rows Removed by Index Recheck": 0,"Workers": []}]},{"Node Type": "Index Scan","Parent Relationship": "Inner","Parallel Aware": false,"Async Capable": false,"Scan Direction": "Forward","Index Name": "idx_lineitem_part_supp","Relation Name": "lineitem","Alias": "lineitem","Startup Cost": 0.43,"Total Cost": 1.05,"Plan Rows": 1,"Plan Width": 29,"Actual Startup Time": 0.007,"Actual Total Time": 0.047,"Actual Rows": 7,"Actual Loops": 43692,"Index Cond": "((l_partkey = partsupp.ps_partkey) AND (l_suppkey = partsupp.ps_suppkey))","Rows Removed by Index Recheck": 0,"Workers": []}]},{"Node Type": "Index Scan","Parent Relationship": "Inner","Parallel Aware": false,"Async Capable": false,"Scan Direction": "Forward","Index Name": "supplier_pkey","Relation Name": "supplier","Alias": "supplier","Startup Cost": 0.29,"Total Cost": 0.30,"Plan Rows": 1,"Plan Width": 8,"Actual Startup Time": 0.001,"Actual Total Time": 0.001,"Actual Rows": 1,"Actual Loops": 326428,"Index Cond": "(s_suppkey = lineitem.l_suppkey)","Rows Removed by Index Recheck": 0,"Workers": []}]},{"Node Type": "Index Scan","Parent Relationship": "Inner","Parallel Aware": false,"Async Capable": false,"Scan Direction": "Forward","Index Name": "orders_pkey","Relation Name": "orders","Alias": "orders","Startup Cost": 0.43,"Total Cost": 0.47,"Plan Rows": 1,"Plan Width": 8,"Actual Startup Time": 0.010,"Actual Total Time": 0.010,"Actual Rows": 1,"Actual Loops": 326428,"Index Cond": "(o_orderkey = lineitem.l_orderkey)","Rows Removed by Index Recheck": 0,"Workers": []}]},{"Node Type": "Hash","Parent Relationship": "Inner","Parallel Aware": false,"Async Capable": false,"Startup Cost": 1.25,"Total Cost": 1.25,"Plan Rows": 25,"Plan Width": 108,"Actual Startup Time": 0.086,"Actual Total Time": 0.097,"Actual Rows": 25,"Actual Loops": 3,"Hash Buckets": 1024,"Original Hash Buckets": 1024,"Hash Batches": 1,"Original Hash Batches": 1,"Peak Memory Usage": 10,"Workers": [],"Plans": [{"Node Type": "Seq Scan","Parent Relationship": "Outer","Parallel Aware": false,"Async Capable": false,"Relation Name": "nation","Alias": "nation","Startup Cost": 0.00,"Total Cost": 1.25,"Plan Rows": 25,"Plan Width": 108,"Actual Startup Time": 0.055,"Actual Total Time": 0.061,"Actual Rows": 25,"Actual Loops": 3,"Workers": []}]}]}]}]}]}]},"Planning Time": 11.985,"Triggers": [],"Execution Time": 2638.417}]
[{"Plan": {"Node Type": "Aggregate","Strategy": "Sorted","Partial Mode": "Finalize","Parallel Aware": false,"Async Capable": false,"Startup Cost": 51920.12,"Total Cost": 51953.05,"Plan Rows": 219,"Plan Width": 168,"Actual Startup Time": 1685.576,"Actual Total Time": 1779.937,"Actual Rows": 175,"Actual Loops": 1,"Group Key": ["nation.n_name", "(EXTRACT(year FROM orders.o_orderdate))"],"Plans": [{"Node Type": "Gather Merge","Parent Relationship": "Outer","Parallel Aware": false,"Async Capable": false,"Startup Cost": 51920.12,"Total Cost": 51947.63,"Plan Rows": 213,"Plan Width": 168,"Actual Startup Time": 1684.109,"Actual Total Time": 1779.449,"Actual Rows": 700,"Actual Loops": 1,"Workers Planned": 3,"Workers Launched": 3,"Plans": [{"Node Type": "Aggregate","Strategy": "Sorted","Partial Mode": "Partial","Parent Relationship": "Outer","Parallel Aware": false,"Async Capable": false,"Startup Cost": 50920.08,"Total Cost": 50922.56,"Plan Rows": 71,"Plan Width": 168,"Actual Startup Time": 1615.575,"Actual Total Time": 1701.587,"Actual Rows": 175,"Actual Loops": 4,"Group Key": ["nation.n_name", "(EXTRACT(year FROM orders.o_orderdate))"],"Workers": [],"Plans": [{"Node Type": "Sort","Parent Relationship": "Outer","Parallel Aware": false,"Async Capable": false,"Startup Cost": 50920.08,"Total Cost": 50920.26,"Plan Rows": 71,"Plan Width": 159,"Actual Startup Time": 1615.138,"Actual Total Time": 1641.513,"Actual Rows": 82680,"Actual Loops": 4,"Sort Key": ["nation.n_name", "(EXTRACT(year FROM orders.o_orderdate)) DESC"],"Sort Method": "quicksort","Sort Space Used": 11114,"Sort Space Type": "Memory","Workers": [{"Worker Number": 0,"Sort Method": "quicksort","Sort Space Used": 11099,"Sort Space Type": "Memory"},{"Worker Number": 1,"Sort Method": "quicksort","Sort Space Used": 11470,"Sort Space Type": "Memory"},{"Worker Number": 2,"Sort Method": "quicksort","Sort Space Used": 11534,"Sort Space Type": "Memory"}],"Plans": [{"Node Type": "Hash Join","Parent Relationship": "Outer","Parallel Aware": false,"Async Capable": false,"Join Type": "Inner","Startup Cost": 5236.07,"Total Cost": 50917.89,"Plan Rows": 71,"Plan Width": 159,"Actual Startup Time": 22.147,"Actual Total Time": 1517.827,"Actual Rows": 82680,"Actual Loops": 4,"Inner Unique": true,"Hash Cond": "(supplier.s_nationkey = nation.n_nationkey)","Workers": [],"Plans": [{"Node Type": "Nested Loop","Parent Relationship": "Outer","Parallel Aware": false,"Async Capable": false,"Join Type": "Inner","Startup Cost": 5234.51,"Total Cost": 50915.94,"Plan Rows": 71,"Plan Width": 31,"Actual Startup Time": 21.955,"Actual Total Time": 1494.212,"Actual Rows": 82680,"Actual Loops": 4,"Inner Unique": true,"Workers": [],"Plans": [{"Node Type": "Nested Loop","Parent Relationship": "Outer","Parallel Aware": false,"Async Capable": false,"Join Type": "Inner","Startup Cost": 5234.08,"Total Cost": 50882.91,"Plan Rows": 71,"Plan Width": 31,"Actual Startup Time": 21.895,"Actual Total Time": 772.688,"Actual Rows": 82680,"Actual Loops": 4,"Inner Unique": true,"Workers": [],"Plans": [{"Node Type": "Nested Loop","Parent Relationship": "Outer","Parallel Aware": false,"Async Capable": false,"Join Type": "Inner","Startup Cost": 5233.80,"Total Cost": 50861.42,"Plan Rows": 71,"Plan Width": 35,"Actual Startup Time": 21.850,"Actual Total Time": 635.447,"Actual Rows": 82680,"Actual Loops": 4,"Inner Unique": false,"Workers": [],"Plans": [{"Node Type": "Hash Join","Parent Relationship": "Outer","Parallel Aware": true,"Async Capable": false,"Join Type": "Inner","Startup Cost": 5233.37,"Total Cost": 25942.44,"Plan Rows": 23460,"Plan Width": 18,"Actual Startup Time": 21.777,"Actual Total Time": 183.666,"Actual Rows": 11010,"Actual Loops": 4,"Inner Unique": true,"Hash Cond": "(partsupp.ps_partkey = part.p_partkey)","Workers": [],"Plans": [{"Node Type": "Seq Scan","Parent Relationship": "Outer","Parallel Aware": true,"Async Capable": false,"Relation Name": "partsupp","Alias": "partsupp","Startup Cost": 0.00,"Total Cost": 20031.65,"Plan Rows": 258065,"Plan Width": 14,"Actual Startup Time": 0.020,"Actual Total Time": 41.580,"Actual Rows": 200000,"Actual Loops": 4,"Workers": []},{"Node Type": "Hash","Parent Relationship": "Inner","Parallel Aware": true,"Async Capable": false,"Startup Cost": 5138.67,"Total Cost": 5138.67,"Plan Rows": 7576,"Plan Width": 4,"Actual Startup Time": 21.542,"Actual Total Time": 21.549,"Actual Rows": 2752,"Actual Loops": 4,"Hash Buckets": 32768,"Original Hash Buckets": 32768,"Hash Batches": 1,"Original Hash Batches": 1,"Peak Memory Usage": 736,"Workers": [],"Plans": [{"Node Type": "Seq Scan","Parent Relationship": "Outer","Parallel Aware": true,"Async Capable": false,"Relation Name": "part","Alias": "part","Startup Cost": 0.00,"Total Cost": 5138.67,"Plan Rows": 7576,"Plan Width": 4,"Actual Startup Time": 0.062,"Actual Total Time": 20.145,"Actual Rows": 2752,"Actual Loops": 4,"Filter": "((p_name)::text ~~ '%orchid%'::text)","Rows Removed by Filter": 47248,"Workers": []}]}]},{"Node Type": "Index Scan","Parent Relationship": "Inner","Parallel Aware": false,"Async Capable": false,"Scan Direction": "Forward","Index Name": "idx_lineitem_part_supp","Relation Name": "lineitem","Alias": "lineitem","Startup Cost": 0.43,"Total Cost": 1.05,"Plan Rows": 1,"Plan Width": 29,"Actual Startup Time": 0.006,"Actual Total Time": 0.040,"Actual Rows": 8,"Actual Loops": 44040,"Index Cond": "((l_partkey = partsupp.ps_partkey) AND (l_suppkey = partsupp.ps_suppkey))","Rows Removed by Index Recheck": 0,"Workers": []}]},{"Node Type": "Index Scan","Parent Relationship": "Inner","Parallel Aware": false,"Async Capable": false,"Scan Direction": "Forward","Index Name": "supplier_pkey","Relation Name": "supplier","Alias": "supplier","Startup Cost": 0.29,"Total Cost": 0.30,"Plan Rows": 1,"Plan Width": 8,"Actual Startup Time": 0.001,"Actual Total Time": 0.001,"Actual Rows": 1,"Actual Loops": 330720,"Index Cond": "(s_suppkey = lineitem.l_suppkey)","Rows Removed by Index Recheck": 0,"Workers": []}]},{"Node Type": "Index Scan","Parent Relationship": "Inner","Parallel Aware": false,"Async Capable": false,"Scan Direction": "Forward","Index Name": "orders_pkey","Relation Name": "orders","Alias": "orders","Startup Cost": 0.43,"Total Cost": 0.47,"Plan Rows": 1,"Plan Width": 8,"Actual Startup Time": 0.008,"Actual Total Time": 0.008,"Actual Rows": 1,"Actual Loops": 330720,"Index Cond": "(o_orderkey = lineitem.l_orderkey)","Rows Removed by Index Recheck": 0,"Workers": []}]},{"Node Type": "Hash","Parent Relationship": "Inner","Parallel Aware": false,"Async Capable": false,"Startup Cost": 1.25,"Total Cost": 1.25,"Plan Rows": 25,"Plan Width": 108,"Actual Startup Time": 0.085,"Actual Total Time": 0.091,"Actual Rows": 25,"Actual Loops": 4,"Hash Buckets": 1024,"Original Hash Buckets": 1024,"Hash Batches": 1,"Original Hash Batches": 1,"Peak Memory Usage": 10,"Workers": [],"Plans": [{"Node Type": "Seq Scan","Parent Relationship": "Outer","Parallel Aware": false,"Async Capable": false,"Relation Name": "nation","Alias": "nation","Startup Cost": 0.00,"Total Cost": 1.25,"Plan Rows": 25,"Plan Width": 108,"Actual Startup Time": 0.055,"Actual Total Time": 0.061,"Actual Rows": 25,"Actual Loops": 4,"Workers": []}]}]}]}]}]}]},"Planning Time": 12.199,"Triggers": [],"Execution Time": 1781.879}]
[{"Plan": {"Node Type": "Aggregate","Strategy": "Sorted","Partial Mode": "Finalize","Parallel Aware": false,"Async Capable": false,"Startup Cost": 35224.41,"Total Cost": 35237.30,"Plan Rows": 97,"Plan Width": 168,"Actual Startup Time": 2409.386,"Actual Total Time": 2518.760,"Actual Rows": 175,"Actual Loops": 1,"Group Key": ["nation.n_name", "(EXTRACT(year FROM orders.o_orderdate))"],"Plans": [{"Node Type": "Gather Merge","Parent Relationship": "Outer","Parallel Aware": false,"Async Capable": false,"Startup Cost": 35224.41,"Total Cost": 35235.05,"Plan Rows": 80,"Plan Width": 168,"Actual Startup Time": 2407.543,"Actual Total Time": 2518.361,"Actual Rows": 525,"Actual Loops": 1,"Workers Planned": 2,"Workers Launched": 2,"Plans": [{"Node Type": "Aggregate","Strategy": "Sorted","Partial Mode": "Partial","Parent Relationship": "Outer","Parallel Aware": false,"Async Capable": false,"Startup Cost": 34224.39,"Total Cost": 34225.79,"Plan Rows": 40,"Plan Width": 168,"Actual Startup Time": 2318.085,"Actual Total Time": 2437.966,"Actual Rows": 175,"Actual Loops": 3,"Group Key": ["nation.n_name", "(EXTRACT(year FROM orders.o_orderdate))"],"Workers": [],"Plans": [{"Node Type": "Sort","Parent Relationship": "Outer","Parallel Aware": false,"Async Capable": false,"Startup Cost": 34224.39,"Total Cost": 34224.49,"Plan Rows": 40,"Plan Width": 159,"Actual Startup Time": 2317.450,"Actual Total Time": 2356.305,"Actual Rows": 107546,"Actual Loops": 3,"Sort Key": ["nation.n_name", "(EXTRACT(year FROM orders.o_orderdate)) DESC"],"Sort Method": "quicksort","Sort Space Used": 14482,"Sort Space Type": "Memory","Workers": [{"Worker Number": 0,"Sort Method": "quicksort","Sort Space Used": 13456,"Sort Space Type": "Memory"},{"Worker Number": 1,"Sort Method": "quicksort","Sort Space Used": 13404,"Sort Space Type": "Memory"}],"Plans": [{"Node Type": "Hash Join","Parent Relationship": "Outer","Parallel Aware": false,"Async Capable": false,"Join Type": "Inner","Startup Cost": 3.13,"Total Cost": 34223.32,"Plan Rows": 40,"Plan Width": 159,"Actual Startup Time": 0.706,"Actual Total Time": 2173.342,"Actual Rows": 107546,"Actual Loops": 3,"Inner Unique": true,"Hash Cond": "(supplier.s_nationkey = nation.n_nationkey)","Workers": [],"Plans": [{"Node Type": "Nested Loop","Parent Relationship": "Outer","Parallel Aware": false,"Async Capable": false,"Join Type": "Inner","Startup Cost": 1.57,"Total Cost": 34221.53,"Plan Rows": 40,"Plan Width": 31,"Actual Startup Time": 0.527,"Actual Total Time": 2141.873,"Actual Rows": 107546,"Actual Loops": 3,"Inner Unique": true,"Workers": [],"Plans": [{"Node Type": "Nested Loop","Parent Relationship": "Outer","Parallel Aware": false,"Async Capable": false,"Join Type": "Inner","Startup Cost": 1.14,"Total Cost": 34202.93,"Plan Rows": 40,"Plan Width": 31,"Actual Startup Time": 0.392,"Actual Total Time": 1002.144,"Actual Rows": 107546,"Actual Loops": 3,"Inner Unique": true,"Workers": [],"Plans": [{"Node Type": "Nested Loop","Parent Relationship": "Outer","Parallel Aware": false,"Async Capable": false,"Join Type": "Inner","Startup Cost": 0.86,"Total Cost": 34190.82,"Plan Rows": 40,"Plan Width": 35,"Actual Startup Time": 0.311,"Actual Total Time": 818.545,"Actual Rows": 107546,"Actual Loops": 3,"Inner Unique": false,"Workers": [],"Plans": [{"Node Type": "Nested Loop","Parent Relationship": "Outer","Parallel Aware": false,"Async Capable": false,"Join Type": "Inner","Startup Cost": 0.42,"Total Cost": 19885.25,"Plan Rows": 13468,"Plan Width": 18,"Actual Startup Time": 0.196,"Actual Total Time": 115.625,"Actual Rows": 14367,"Actual Loops": 3,"Inner Unique": false,"Workers": [],"Plans": [{"Node Type": "Seq Scan","Parent Relationship": "Outer","Parallel Aware": true,"Async Capable": false,"Relation Name": "part","Alias": "part","Startup Cost": 0.00,"Total Cost": 5138.67,"Plan Rows": 3367,"Plan Width": 4,"Actual Startup Time": 0.047,"Actual Total Time": 50.112,"Actual Rows": 3592,"Actual Loops": 3,"Filter": "((p_name)::text ~~ '%lawn%'::text)","Rows Removed by Filter": 63075,"Workers": []},{"Node Type": "Index Scan","Parent Relationship": "Inner","Parallel Aware": false,"Async Capable": false,"Scan Direction": "Forward","Index Name": "idx_partsupp_partkey","Relation Name": "partsupp","Alias": "partsupp","Startup Cost": 0.42,"Total Cost": 4.34,"Plan Rows": 4,"Plan Width": 14,"Actual Startup Time": 0.014,"Actual Total Time": 0.017,"Actual Rows": 4,"Actual Loops": 10775,"Index Cond": "(ps_partkey = part.p_partkey)","Rows Removed by Index Recheck": 0,"Workers": []}]},{"Node Type": "Index Scan","Parent Relationship": "Inner","Parallel Aware": false,"Async Capable": false,"Scan Direction": "Forward","Index Name": "idx_lineitem_part_supp","Relation Name": "lineitem","Alias": "lineitem","Startup Cost": 0.43,"Total Cost": 1.05,"Plan Rows": 1,"Plan Width": 29,"Actual Startup Time": 0.007,"Actual Total Time": 0.047,"Actual Rows": 7,"Actual Loops": 43100,"Index Cond": "((l_partkey = partsupp.ps_partkey) AND (l_suppkey = partsupp.ps_suppkey))","Rows Removed by Index Recheck": 0,"Workers": []}]},{"Node Type": "Index Scan","Parent Relationship": "Inner","Parallel Aware": false,"Async Capable": false,"Scan Direction": "Forward","Index Name": "supplier_pkey","Relation Name": "supplier","Alias": "supplier","Startup Cost": 0.29,"Total Cost": 0.30,"Plan Rows": 1,"Plan Width": 8,"Actual Startup Time": 0.001,"Actual Total Time": 0.001,"Actual Rows": 1,"Actual Loops": 322637,"Index Cond": "(s_suppkey = lineitem.l_suppkey)","Rows Removed by Index Recheck": 0,"Workers": []}]},{"Node Type": "Index Scan","Parent Relationship": "Inner","Parallel Aware": false,"Async Capable": false,"Scan Direction": "Forward","Index Name": "orders_pkey","Relation Name": "orders","Alias": "orders","Startup Cost": 0.43,"Total Cost": 0.47,"Plan Rows": 1,"Plan Width": 8,"Actual Startup Time": 0.010,"Actual Total Time": 0.010,"Actual Rows": 1,"Actual Loops": 322637,"Index Cond": "(o_orderkey = lineitem.l_orderkey)","Rows Removed by Index Recheck": 0,"Workers": []}]},{"Node Type": "Hash","Parent Relationship": "Inner","Parallel Aware": false,"Async Capable": false,"Startup Cost": 1.25,"Total Cost": 1.25,"Plan Rows": 25,"Plan Width": 108,"Actual Startup Time": 0.078,"Actual Total Time": 0.089,"Actual Rows": 25,"Actual Loops": 3,"Hash Buckets": 1024,"Original Hash Buckets": 1024,"Hash Batches": 1,"Original Hash Batches": 1,"Peak Memory Usage": 10,"Workers": [],"Plans": [{"Node Type": "Seq Scan","Parent Relationship": "Outer","Parallel Aware": false,"Async Capable": false,"Relation Name": "nation","Alias": "nation","Startup Cost": 0.00,"Total Cost": 1.25,"Plan Rows": 25,"Plan Width": 108,"Actual Startup Time": 0.053,"Actual Total Time": 0.059,"Actual Rows": 25,"Actual Loops": 3,"Workers": []}]}]}]}]}]}]},"Planning Time": 11.643,"Triggers": [],"Execution Time": 2520.117}]
[{"Plan": {"Node Type": "Aggregate","Strategy": "Sorted","Partial Mode": "Finalize","Parallel Aware": false,"Async Capable": false,"Startup Cost": 28858.40,"Total Cost": 28868.07,"Plan Rows": 73,"Plan Width": 168,"Actual Startup Time": 2476.937,"Actual Total Time": 2596.733,"Actual Rows": 175,"Actual Loops": 1,"Group Key": ["nation.n_name", "(EXTRACT(year FROM orders.o_orderdate))"],"Plans": [{"Node Type": "Gather Merge","Parent Relationship": "Outer","Parallel Aware": false,"Async Capable": false,"Startup Cost": 28858.40,"Total Cost": 28866.38,"Plan Rows": 60,"Plan Width": 168,"Actual Startup Time": 2475.120,"Actual Total Time": 2596.260,"Actual Rows": 525,"Actual Loops": 1,"Workers Planned": 2,"Workers Launched": 2,"Plans": [{"Node Type": "Aggregate","Strategy": "Sorted","Partial Mode": "Partial","Parent Relationship": "Outer","Parallel Aware": false,"Async Capable": false,"Startup Cost": 27858.38,"Total Cost": 27859.43,"Plan Rows": 30,"Plan Width": 168,"Actual Startup Time": 2317.882,"Actual Total Time": 2463.965,"Actual Rows": 175,"Actual Loops": 3,"Group Key": ["nation.n_name", "(EXTRACT(year FROM orders.o_orderdate))"],"Workers": [],"Plans": [{"Node Type": "Sort","Parent Relationship": "Outer","Parallel Aware": false,"Async Capable": false,"Startup Cost": 27858.38,"Total Cost": 27858.46,"Plan Rows": 30,"Plan Width": 159,"Actual Startup Time": 2317.128,"Actual Total Time": 2372.186,"Actual Rows": 108899,"Actual Loops": 3,"Sort Key": ["nation.n_name", "(EXTRACT(year FROM orders.o_orderdate)) DESC"],"Sort Method": "quicksort","Sort Space Used": 13698,"Sort Space Type": "Memory","Workers": [{"Worker Number": 0,"Sort Method": "quicksort","Sort Space Used": 14061,"Sort Space Type": "Memory"},{"Worker Number": 1,"Sort Method": "quicksort","Sort Space Used": 13992,"Sort Space Type": "Memory"}],"Plans": [{"Node Type": "Hash Join","Parent Relationship": "Outer","Parallel Aware": false,"Async Capable": false,"Join Type": "Inner","Startup Cost": 3.13,"Total Cost": 27857.64,"Plan Rows": 30,"Plan Width": 159,"Actual Startup Time": 0.780,"Actual Total Time": 2157.536,"Actual Rows": 108899,"Actual Loops": 3,"Inner Unique": true,"Hash Cond": "(supplier.s_nationkey = nation.n_nationkey)","Workers": [],"Plans": [{"Node Type": "Nested Loop","Parent Relationship": "Outer","Parallel Aware": false,"Async Capable": false,"Join Type": "Inner","Startup Cost": 1.57,"Total Cost": 27855.92,"Plan Rows": 30,"Plan Width": 31,"Actual Startup Time": 0.577,"Actual Total Time": 2126.027,"Actual Rows": 108899,"Actual Loops": 3,"Inner Unique": true,"Workers": [],"Plans": [{"Node Type": "Nested Loop","Parent Relationship": "Outer","Parallel Aware": false,"Async Capable": false,"Join Type": "Inner","Startup Cost": 1.14,"Total Cost": 27841.96,"Plan Rows": 30,"Plan Width": 31,"Actual Startup Time": 0.440,"Actual Total Time": 987.757,"Actual Rows": 108899,"Actual Loops": 3,"Inner Unique": true,"Workers": [],"Plans": [{"Node Type": "Nested Loop","Parent Relationship": "Outer","Parallel Aware": false,"Async Capable": false,"Join Type": "Inner","Startup Cost": 0.86,"Total Cost": 27832.88,"Plan Rows": 30,"Plan Width": 35,"Actual Startup Time": 0.335,"Actual Total Time": 804.256,"Actual Rows": 108899,"Actual Loops": 3,"Inner Unique": false,"Workers": [],"Plans": [{"Node Type": "Nested Loop","Parent Relationship": "Outer","Parallel Aware": false,"Async Capable": false,"Join Type": "Inner","Startup Cost": 0.42,"Total Cost": 17103.70,"Plan Rows": 10101,"Plan Width": 18,"Actual Startup Time": 0.220,"Actual Total Time": 118.450,"Actual Rows": 14516,"Actual Loops": 3,"Inner Unique": false,"Workers": [],"Plans": [{"Node Type": "Seq Scan","Parent Relationship": "Outer","Parallel Aware": true,"Async Capable": false,"Relation Name": "part","Alias": "part","Startup Cost": 0.00,"Total Cost": 5138.67,"Plan Rows": 2525,"Plan Width": 4,"Actual Startup Time": 0.059,"Actual Total Time": 51.361,"Actual Rows": 3629,"Actual Loops": 3,"Filter": "((p_name)::text ~~ '%sandy%'::text)","Rows Removed by Filter": 63038,"Workers": []},{"Node Type": "Index Scan","Parent Relationship": "Inner","Parallel Aware": false,"Async Capable": false,"Scan Direction": "Forward","Index Name": "idx_partsupp_partkey","Relation Name": "partsupp","Alias": "partsupp","Startup Cost": 0.42,"Total Cost": 4.70,"Plan Rows": 4,"Plan Width": 14,"Actual Startup Time": 0.014,"Actual Total Time": 0.018,"Actual Rows": 4,"Actual Loops": 10887,"Index Cond": "(ps_partkey = part.p_partkey)","Rows Removed by Index Recheck": 0,"Workers": []}]},{"Node Type": "Index Scan","Parent Relationship": "Inner","Parallel Aware": false,"Async Capable": false,"Scan Direction": "Forward","Index Name": "idx_lineitem_part_supp","Relation Name": "lineitem","Alias": "lineitem","Startup Cost": 0.43,"Total Cost": 1.05,"Plan Rows": 1,"Plan Width": 29,"Actual Startup Time": 0.007,"Actual Total Time": 0.046,"Actual Rows": 8,"Actual Loops": 43548,"Index Cond": "((l_partkey = partsupp.ps_partkey) AND (l_suppkey = partsupp.ps_suppkey))","Rows Removed by Index Recheck": 0,"Workers": []}]},{"Node Type": "Index Scan","Parent Relationship": "Inner","Parallel Aware": false,"Async Capable": false,"Scan Direction": "Forward","Index Name": "supplier_pkey","Relation Name": "supplier","Alias": "supplier","Startup Cost": 0.29,"Total Cost": 0.30,"Plan Rows": 1,"Plan Width": 8,"Actual Startup Time": 0.001,"Actual Total Time": 0.001,"Actual Rows": 1,"Actual Loops": 326696,"Index Cond": "(s_suppkey = lineitem.l_suppkey)","Rows Removed by Index Recheck": 0,"Workers": []}]},{"Node Type": "Index Scan","Parent Relationship": "Inner","Parallel Aware": false,"Async Capable": false,"Scan Direction": "Forward","Index Name": "orders_pkey","Relation Name": "orders","Alias": "orders","Startup Cost": 0.43,"Total Cost": 0.47,"Plan Rows": 1,"Plan Width": 8,"Actual Startup Time": 0.010,"Actual Total Time": 0.010,"Actual Rows": 1,"Actual Loops": 326696,"Index Cond": "(o_orderkey = lineitem.l_orderkey)","Rows Removed by Index Recheck": 0,"Workers": []}]},{"Node Type": "Hash","Parent Relationship": "Inner","Parallel Aware": false,"Async Capable": false,"Startup Cost": 1.25,"Total Cost": 1.25,"Plan Rows": 25,"Plan Width": 108,"Actual Startup Time": 0.098,"Actual Total Time": 0.119,"Actual Rows": 25,"Actual Loops": 3,"Hash Buckets": 1024,"Original Hash Buckets": 1024,"Hash Batches": 1,"Original Hash Batches": 1,"Peak Memory Usage": 10,"Workers": [],"Plans": [{"Node Type": "Seq Scan","Parent Relationship": "Outer","Parallel Aware": false,"Async Capable": false,"Relation Name": "nation","Alias": "nation","Startup Cost": 0.00,"Total Cost": 1.25,"Plan Rows": 25,"Plan Width": 108,"Actual Startup Time": 0.065,"Actual Total Time": 0.081,"Actual Rows": 25,"Actual Loops": 3,"Workers": []}]}]}]}]}]}]},"Planning Time": 13.097,"Triggers": [],"Execution Time": 2598.254}]
[{"Plan": {"Node Type": "Aggregate","Strategy": "Sorted","Partial Mode": "Finalize","Parallel Aware": false,"Async Capable": false,"Startup Cost": 35224.41,"Total Cost": 35237.30,"Plan Rows": 97,"Plan Width": 168,"Actual Startup Time": 2434.813,"Actual Total Time": 2617.795,"Actual Rows": 175,"Actual Loops": 1,"Group Key": ["nation.n_name", "(EXTRACT(year FROM orders.o_orderdate))"],"Plans": [{"Node Type": "Gather Merge","Parent Relationship": "Outer","Parallel Aware": false,"Async Capable": false,"Startup Cost": 35224.41,"Total Cost": 35235.05,"Plan Rows": 80,"Plan Width": 168,"Actual Startup Time": 2432.801,"Actual Total Time": 2617.397,"Actual Rows": 525,"Actual Loops": 1,"Workers Planned": 2,"Workers Launched": 2,"Plans": [{"Node Type": "Aggregate","Strategy": "Sorted","Partial Mode": "Partial","Parent Relationship": "Outer","Parallel Aware": false,"Async Capable": false,"Startup Cost": 34224.39,"Total Cost": 34225.79,"Plan Rows": 40,"Plan Width": 168,"Actual Startup Time": 2321.601,"Actual Total Time": 2469.813,"Actual Rows": 175,"Actual Loops": 3,"Group Key": ["nation.n_name", "(EXTRACT(year FROM orders.o_orderdate))"],"Workers": [],"Plans": [{"Node Type": "Sort","Parent Relationship": "Outer","Parallel Aware": false,"Async Capable": false,"Startup Cost": 34224.39,"Total Cost": 34224.49,"Plan Rows": 40,"Plan Width": 159,"Actual Startup Time": 2320.901,"Actual Total Time": 2375.985,"Actual Rows": 108219,"Actual Loops": 3,"Sort Key": ["nation.n_name", "(EXTRACT(year FROM orders.o_orderdate)) DESC"],"Sort Method": "quicksort","Sort Space Used": 14500,"Sort Space Type": "Memory","Workers": [{"Worker Number": 0,"Sort Method": "quicksort","Sort Space Used": 13516,"Sort Space Type": "Memory"},{"Worker Number": 1,"Sort Method": "quicksort","Sort Space Used": 13530,"Sort Space Type": "Memory"}],"Plans": [{"Node Type": "Hash Join","Parent Relationship": "Outer","Parallel Aware": false,"Async Capable": false,"Join Type": "Inner","Startup Cost": 3.13,"Total Cost": 34223.32,"Plan Rows": 40,"Plan Width": 159,"Actual Startup Time": 0.812,"Actual Total Time": 2175.871,"Actual Rows": 108219,"Actual Loops": 3,"Inner Unique": true,"Hash Cond": "(supplier.s_nationkey = nation.n_nationkey)","Workers": [],"Plans": [{"Node Type": "Nested Loop","Parent Relationship": "Outer","Parallel Aware": false,"Async Capable": false,"Join Type": "Inner","Startup Cost": 1.57,"Total Cost": 34221.53,"Plan Rows": 40,"Plan Width": 31,"Actual Startup Time": 0.611,"Actual Total Time": 2144.353,"Actual Rows": 108219,"Actual Loops": 3,"Inner Unique": true,"Workers": [],"Plans": [{"Node Type": "Nested Loop","Parent Relationship": "Outer","Parallel Aware": false,"Async Capable": false,"Join Type": "Inner","Startup Cost": 1.14,"Total Cost": 34202.93,"Plan Rows": 40,"Plan Width": 31,"Actual Startup Time": 0.476,"Actual Total Time": 1001.070,"Actual Rows": 108219,"Actual Loops": 3,"Inner Unique": true,"Workers": [],"Plans": [{"Node Type": "Nested Loop","Parent Relationship": "Outer","Parallel Aware": false,"Async Capable": false,"Join Type": "Inner","Startup Cost": 0.86,"Total Cost": 34190.82,"Plan Rows": 40,"Plan Width": 35,"Actual Startup Time": 0.385,"Actual Total Time": 816.466,"Actual Rows": 108219,"Actual Loops": 3,"Inner Unique": false,"Workers": [],"Plans": [{"Node Type": "Nested Loop","Parent Relationship": "Outer","Parallel Aware": false,"Async Capable": false,"Join Type": "Inner","Startup Cost": 0.42,"Total Cost": 19885.25,"Plan Rows": 13468,"Plan Width": 18,"Actual Startup Time": 0.261,"Actual Total Time": 114.076,"Actual Rows": 14424,"Actual Loops": 3,"Inner Unique": false,"Workers": [],"Plans": [{"Node Type": "Seq Scan","Parent Relationship": "Outer","Parallel Aware": true,"Async Capable": false,"Relation Name": "part","Alias": "part","Startup Cost": 0.00,"Total Cost": 5138.67,"Plan Rows": 3367,"Plan Width": 4,"Actual Startup Time": 0.096,"Actual Total Time": 48.568,"Actual Rows": 3606,"Actual Loops": 3,"Filter": "((p_name)::text ~~ '%plum%'::text)","Rows Removed by Filter": 63061,"Workers": []},{"Node Type": "Index Scan","Parent Relationship": "Inner","Parallel Aware": false,"Async Capable": false,"Scan Direction": "Forward","Index Name": "idx_partsupp_partkey","Relation Name": "partsupp","Alias": "partsupp","Startup Cost": 0.42,"Total Cost": 4.34,"Plan Rows": 4,"Plan Width": 14,"Actual Startup Time": 0.014,"Actual Total Time": 0.017,"Actual Rows": 4,"Actual Loops": 10818,"Index Cond": "(ps_partkey = part.p_partkey)","Rows Removed by Index Recheck": 0,"Workers": []}]},{"Node Type": "Index Scan","Parent Relationship": "Inner","Parallel Aware": false,"Async Capable": false,"Scan Direction": "Forward","Index Name": "idx_lineitem_part_supp","Relation Name": "lineitem","Alias": "lineitem","Startup Cost": 0.43,"Total Cost": 1.05,"Plan Rows": 1,"Plan Width": 29,"Actual Startup Time": 0.007,"Actual Total Time": 0.047,"Actual Rows": 8,"Actual Loops": 43272,"Index Cond": "((l_partkey = partsupp.ps_partkey) AND (l_suppkey = partsupp.ps_suppkey))","Rows Removed by Index Recheck": 0,"Workers": []}]},{"Node Type": "Index Scan","Parent Relationship": "Inner","Parallel Aware": false,"Async Capable": false,"Scan Direction": "Forward","Index Name": "supplier_pkey","Relation Name": "supplier","Alias": "supplier","Startup Cost": 0.29,"Total Cost": 0.30,"Plan Rows": 1,"Plan Width": 8,"Actual Startup Time": 0.001,"Actual Total Time": 0.001,"Actual Rows": 1,"Actual Loops": 324656,"Index Cond": "(s_suppkey = lineitem.l_suppkey)","Rows Removed by Index Recheck": 0,"Workers": []}]},{"Node Type": "Index Scan","Parent Relationship": "Inner","Parallel Aware": false,"Async Capable": false,"Scan Direction": "Forward","Index Name": "orders_pkey","Relation Name": "orders","Alias": "orders","Startup Cost": 0.43,"Total Cost": 0.47,"Plan Rows": 1,"Plan Width": 8,"Actual Startup Time": 0.010,"Actual Total Time": 0.010,"Actual Rows": 1,"Actual Loops": 324656,"Index Cond": "(o_orderkey = lineitem.l_orderkey)","Rows Removed by Index Recheck": 0,"Workers": []}]},{"Node Type": "Hash","Parent Relationship": "Inner","Parallel Aware": false,"Async Capable": false,"Startup Cost": 1.25,"Total Cost": 1.25,"Plan Rows": 25,"Plan Width": 108,"Actual Startup Time": 0.084,"Actual Total Time": 0.092,"Actual Rows": 25,"Actual Loops": 3,"Hash Buckets": 1024,"Original Hash Buckets": 1024,"Hash Batches": 1,"Original Hash Batches": 1,"Peak Memory Usage": 10,"Workers": [],"Plans": [{"Node Type": "Seq Scan","Parent Relationship": "Outer","Parallel Aware": false,"Async Capable": false,"Relation Name": "nation","Alias": "nation","Startup Cost": 0.00,"Total Cost": 1.25,"Plan Rows": 25,"Plan Width": 108,"Actual Startup Time": 0.059,"Actual Total Time": 0.065,"Actual Rows": 25,"Actual Loops": 3,"Workers": []}]}]}]}]}]}]},"Planning Time": 12.232,"Triggers": [],"Execution Time": 2620.668}]
[{"Plan": {"Node Type": "Aggregate","Strategy": "Sorted","Partial Mode": "Finalize","Parallel Aware": false,"Async Capable": false,"Startup Cost": 28858.40,"Total Cost": 28868.07,"Plan Rows": 73,"Plan Width": 168,"Actual Startup Time": 2429.484,"Actual Total Time": 2565.453,"Actual Rows": 175,"Actual Loops": 1,"Group Key": ["nation.n_name", "(EXTRACT(year FROM orders.o_orderdate))"],"Plans": [{"Node Type": "Gather Merge","Parent Relationship": "Outer","Parallel Aware": false,"Async Capable": false,"Startup Cost": 28858.40,"Total Cost": 28866.38,"Plan Rows": 60,"Plan Width": 168,"Actual Startup Time": 2427.372,"Actual Total Time": 2564.947,"Actual Rows": 525,"Actual Loops": 1,"Workers Planned": 2,"Workers Launched": 2,"Plans": [{"Node Type": "Aggregate","Strategy": "Sorted","Partial Mode": "Partial","Parent Relationship": "Outer","Parallel Aware": false,"Async Capable": false,"Startup Cost": 27858.38,"Total Cost": 27859.43,"Plan Rows": 30,"Plan Width": 168,"Actual Startup Time": 2302.543,"Actual Total Time": 2425.776,"Actual Rows": 175,"Actual Loops": 3,"Group Key": ["nation.n_name", "(EXTRACT(year FROM orders.o_orderdate))"],"Workers": [],"Plans": [{"Node Type": "Sort","Parent Relationship": "Outer","Parallel Aware": false,"Async Capable": false,"Startup Cost": 27858.38,"Total Cost": 27858.46,"Plan Rows": 30,"Plan Width": 159,"Actual Startup Time": 2301.927,"Actual Total Time": 2343.346,"Actual Rows": 109583,"Actual Loops": 3,"Sort Key": ["nation.n_name", "(EXTRACT(year FROM orders.o_orderdate)) DESC"],"Sort Method": "quicksort","Sort Space Used": 13696,"Sort Space Type": "Memory","Workers": [{"Worker Number": 0,"Sort Method": "quicksort","Sort Space Used": 14018,"Sort Space Type": "Memory"},{"Worker Number": 1,"Sort Method": "quicksort","Sort Space Used": 14244,"Sort Space Type": "Memory"}],"Plans": [{"Node Type": "Hash Join","Parent Relationship": "Outer","Parallel Aware": false,"Async Capable": false,"Join Type": "Inner","Startup Cost": 3.13,"Total Cost": 27857.64,"Plan Rows": 30,"Plan Width": 159,"Actual Startup Time": 0.607,"Actual Total Time": 2151.913,"Actual Rows": 109583,"Actual Loops": 3,"Inner Unique": true,"Hash Cond": "(supplier.s_nationkey = nation.n_nationkey)","Workers": [],"Plans": [{"Node Type": "Nested Loop","Parent Relationship": "Outer","Parallel Aware": false,"Async Capable": false,"Join Type": "Inner","Startup Cost": 1.57,"Total Cost": 27855.92,"Plan Rows": 30,"Plan Width": 31,"Actual Startup Time": 0.460,"Actual Total Time": 2120.412,"Actual Rows": 109583,"Actual Loops": 3,"Inner Unique": true,"Workers": [],"Plans": [{"Node Type": "Nested Loop","Parent Relationship": "Outer","Parallel Aware": false,"Async Capable": false,"Join Type": "Inner","Startup Cost": 1.14,"Total Cost": 27841.96,"Plan Rows": 30,"Plan Width": 31,"Actual Startup Time": 0.341,"Actual Total Time": 990.093,"Actual Rows": 109583,"Actual Loops": 3,"Inner Unique": true,"Workers": [],"Plans": [{"Node Type": "Nested Loop","Parent Relationship": "Outer","Parallel Aware": false,"Async Capable": false,"Join Type": "Inner","Startup Cost": 0.86,"Total Cost": 27832.88,"Plan Rows": 30,"Plan Width": 35,"Actual Startup Time": 0.270,"Actual Total Time": 805.529,"Actual Rows": 109583,"Actual Loops": 3,"Inner Unique": false,"Workers": [],"Plans": [{"Node Type": "Nested Loop","Parent Relationship": "Outer","Parallel Aware": false,"Async Capable": false,"Join Type": "Inner","Startup Cost": 0.42,"Total Cost": 17103.70,"Plan Rows": 10101,"Plan Width": 18,"Actual Startup Time": 0.172,"Actual Total Time": 119.406,"Actual Rows": 14584,"Actual Loops": 3,"Inner Unique": false,"Workers": [],"Plans": [{"Node Type": "Seq Scan","Parent Relationship": "Outer","Parallel Aware": true,"Async Capable": false,"Relation Name": "part","Alias": "part","Startup Cost": 0.00,"Total Cost": 5138.67,"Plan Rows": 2525,"Plan Width": 4,"Actual Startup Time": 0.054,"Actual Total Time": 51.261,"Actual Rows": 3646,"Actual Loops": 3,"Filter": "((p_name)::text ~~ '%drab%'::text)","Rows Removed by Filter": 63021,"Workers": []},{"Node Type": "Index Scan","Parent Relationship": "Inner","Parallel Aware": false,"Async Capable": false,"Scan Direction": "Forward","Index Name": "idx_partsupp_partkey","Relation Name": "partsupp","Alias": "partsupp","Startup Cost": 0.42,"Total Cost": 4.70,"Plan Rows": 4,"Plan Width": 14,"Actual Startup Time": 0.014,"Actual Total Time": 0.018,"Actual Rows": 4,"Actual Loops": 10938,"Index Cond": "(ps_partkey = part.p_partkey)","Rows Removed by Index Recheck": 0,"Workers": []}]},{"Node Type": "Index Scan","Parent Relationship": "Inner","Parallel Aware": false,"Async Capable": false,"Scan Direction": "Forward","Index Name": "idx_lineitem_part_supp","Relation Name": "lineitem","Alias": "lineitem","Startup Cost": 0.43,"Total Cost": 1.05,"Plan Rows": 1,"Plan Width": 29,"Actual Startup Time": 0.007,"Actual Total Time": 0.045,"Actual Rows": 8,"Actual Loops": 43752,"Index Cond": "((l_partkey = partsupp.ps_partkey) AND (l_suppkey = partsupp.ps_suppkey))","Rows Removed by Index Recheck": 0,"Workers": []}]},{"Node Type": "Index Scan","Parent Relationship": "Inner","Parallel Aware": false,"Async Capable": false,"Scan Direction": "Forward","Index Name": "supplier_pkey","Relation Name": "supplier","Alias": "supplier","Startup Cost": 0.29,"Total Cost": 0.30,"Plan Rows": 1,"Plan Width": 8,"Actual Startup Time": 0.001,"Actual Total Time": 0.001,"Actual Rows": 1,"Actual Loops": 328749,"Index Cond": "(s_suppkey = lineitem.l_suppkey)","Rows Removed by Index Recheck": 0,"Workers": []}]},{"Node Type": "Index Scan","Parent Relationship": "Inner","Parallel Aware": false,"Async Capable": false,"Scan Direction": "Forward","Index Name": "orders_pkey","Relation Name": "orders","Alias": "orders","Startup Cost": 0.43,"Total Cost": 0.47,"Plan Rows": 1,"Plan Width": 8,"Actual Startup Time": 0.010,"Actual Total Time": 0.010,"Actual Rows": 1,"Actual Loops": 328749,"Index Cond": "(o_orderkey = lineitem.l_orderkey)","Rows Removed by Index Recheck": 0,"Workers": []}]},{"Node Type": "Hash","Parent Relationship": "Inner","Parallel Aware": false,"Async Capable": false,"Startup Cost": 1.25,"Total Cost": 1.25,"Plan Rows": 25,"Plan Width": 108,"Actual Startup Time": 0.072,"Actual Total Time": 0.091,"Actual Rows": 25,"Actual Loops": 3,"Hash Buckets": 1024,"Original Hash Buckets": 1024,"Hash Batches": 1,"Original Hash Batches": 1,"Peak Memory Usage": 10,"Workers": [],"Plans": [{"Node Type": "Seq Scan","Parent Relationship": "Outer","Parallel Aware": false,"Async Capable": false,"Relation Name": "nation","Alias": "nation","Startup Cost": 0.00,"Total Cost": 1.25,"Plan Rows": 25,"Plan Width": 108,"Actual Startup Time": 0.048,"Actual Total Time": 0.059,"Actual Rows": 25,"Actual Loops": 3,"Workers": []}]}]}]}]}]}]},"Planning Time": 12.042,"Triggers": [],"Execution Time": 2567.199}]
[{"Plan": {"Node Type": "Aggregate","Strategy": "Sorted","Partial Mode": "Finalize","Parallel Aware": false,"Async Capable": false,"Startup Cost": 47355.08,"Total Cost": 47374.71,"Plan Rows": 146,"Plan Width": 168,"Actual Startup Time": 2452.566,"Actual Total Time": 2567.031,"Actual Rows": 175,"Actual Loops": 1,"Group Key": ["nation.n_name", "(EXTRACT(year FROM orders.o_orderdate))"],"Plans": [{"Node Type": "Gather Merge","Parent Relationship": "Outer","Parallel Aware": false,"Async Capable": false,"Startup Cost": 47355.08,"Total Cost": 47371.30,"Plan Rows": 122,"Plan Width": 168,"Actual Startup Time": 2450.871,"Actual Total Time": 2566.628,"Actual Rows": 525,"Actual Loops": 1,"Workers Planned": 2,"Workers Launched": 2,"Plans": [{"Node Type": "Aggregate","Strategy": "Sorted","Partial Mode": "Partial","Parent Relationship": "Outer","Parallel Aware": false,"Async Capable": false,"Startup Cost": 46355.06,"Total Cost": 46357.20,"Plan Rows": 61,"Plan Width": 168,"Actual Startup Time": 2346.089,"Actual Total Time": 2471.460,"Actual Rows": 175,"Actual Loops": 3,"Group Key": ["nation.n_name", "(EXTRACT(year FROM orders.o_orderdate))"],"Workers": [],"Plans": [{"Node Type": "Sort","Parent Relationship": "Outer","Parallel Aware": false,"Async Capable": false,"Startup Cost": 46355.06,"Total Cost": 46355.21,"Plan Rows": 61,"Plan Width": 159,"Actual Startup Time": 2345.653,"Actual Total Time": 2387.447,"Actual Rows": 108546,"Actual Loops": 3,"Sort Key": ["nation.n_name", "(EXTRACT(year FROM orders.o_orderdate)) DESC"],"Sort Method": "quicksort","Sort Space Used": 13713,"Sort Space Type": "Memory","Workers": [{"Worker Number": 0,"Sort Method": "quicksort","Sort Space Used": 13549,"Sort Space Type": "Memory"},{"Worker Number": 1,"Sort Method": "quicksort","Sort Space Used": 14378,"Sort Space Type": "Memory"}],"Plans": [{"Node Type": "Hash Join","Parent Relationship": "Outer","Parallel Aware": false,"Async Capable": false,"Join Type": "Inner","Startup Cost": 3.13,"Total Cost": 46353.25,"Plan Rows": 61,"Plan Width": 159,"Actual Startup Time": 0.592,"Actual Total Time": 2199.728,"Actual Rows": 108546,"Actual Loops": 3,"Inner Unique": true,"Hash Cond": "(supplier.s_nationkey = nation.n_nationkey)","Workers": [],"Plans": [{"Node Type": "Nested Loop","Parent Relationship": "Outer","Parallel Aware": false,"Async Capable": false,"Join Type": "Inner","Startup Cost": 1.57,"Total Cost": 46351.35,"Plan Rows": 61,"Plan Width": 31,"Actual Startup Time": 0.443,"Actual Total Time": 2168.555,"Actual Rows": 108546,"Actual Loops": 3,"Inner Unique": true,"Workers": [],"Plans": [{"Node Type": "Nested Loop","Parent Relationship": "Outer","Parallel Aware": false,"Async Capable": false,"Join Type": "Inner","Startup Cost": 1.14,"Total Cost": 46322.98,"Plan Rows": 61,"Plan Width": 31,"Actual Startup Time": 0.344,"Actual Total Time": 1012.735,"Actual Rows": 108546,"Actual Loops": 3,"Inner Unique": true,"Workers": [],"Plans": [{"Node Type": "Nested Loop","Parent Relationship": "Outer","Parallel Aware": false,"Async Capable": false,"Join Type": "Inner","Startup Cost": 0.86,"Total Cost": 46304.52,"Plan Rows": 61,"Plan Width": 35,"Actual Startup Time": 0.256,"Actual Total Time": 826.897,"Actual Rows": 108546,"Actual Loops": 3,"Inner Unique": false,"Workers": [],"Plans": [{"Node Type": "Nested Loop","Parent Relationship": "Outer","Parallel Aware": false,"Async Capable": false,"Join Type": "Inner","Startup Cost": 0.42,"Total Cost": 24846.16,"Plan Rows": 20202,"Plan Width": 18,"Actual Startup Time": 0.152,"Actual Total Time": 115.642,"Actual Rows": 14489,"Actual Loops": 3,"Inner Unique": false,"Workers": [],"Plans": [{"Node Type": "Seq Scan","Parent Relationship": "Outer","Parallel Aware": true,"Async Capable": false,"Relation Name": "part","Alias": "part","Startup Cost": 0.00,"Total Cost": 5138.67,"Plan Rows": 5051,"Plan Width": 4,"Actual Startup Time": 0.052,"Actual Total Time": 49.595,"Actual Rows": 3622,"Actual Loops": 3,"Filter": "((p_name)::text ~~ '%thistle%'::text)","Rows Removed by Filter": 63044,"Workers": []},{"Node Type": "Index Scan","Parent Relationship": "Inner","Parallel Aware": false,"Async Capable": false,"Scan Direction": "Forward","Index Name": "idx_partsupp_partkey","Relation Name": "partsupp","Alias": "partsupp","Startup Cost": 0.42,"Total Cost": 3.86,"Plan Rows": 4,"Plan Width": 14,"Actual Startup Time": 0.014,"Actual Total Time": 0.017,"Actual Rows": 4,"Actual Loops": 10867,"Index Cond": "(ps_partkey = part.p_partkey)","Rows Removed by Index Recheck": 0,"Workers": []}]},{"Node Type": "Index Scan","Parent Relationship": "Inner","Parallel Aware": false,"Async Capable": false,"Scan Direction": "Forward","Index Name": "idx_lineitem_part_supp","Relation Name": "lineitem","Alias": "lineitem","Startup Cost": 0.43,"Total Cost": 1.05,"Plan Rows": 1,"Plan Width": 29,"Actual Startup Time": 0.007,"Actual Total Time": 0.047,"Actual Rows": 7,"Actual Loops": 43468,"Index Cond": "((l_partkey = partsupp.ps_partkey) AND (l_suppkey = partsupp.ps_suppkey))","Rows Removed by Index Recheck": 0,"Workers": []}]},{"Node Type": "Index Scan","Parent Relationship": "Inner","Parallel Aware": false,"Async Capable": false,"Scan Direction": "Forward","Index Name": "supplier_pkey","Relation Name": "supplier","Alias": "supplier","Startup Cost": 0.29,"Total Cost": 0.30,"Plan Rows": 1,"Plan Width": 8,"Actual Startup Time": 0.001,"Actual Total Time": 0.001,"Actual Rows": 1,"Actual Loops": 325638,"Index Cond": "(s_suppkey = lineitem.l_suppkey)","Rows Removed by Index Recheck": 0,"Workers": []}]},{"Node Type": "Index Scan","Parent Relationship": "Inner","Parallel Aware": false,"Async Capable": false,"Scan Direction": "Forward","Index Name": "orders_pkey","Relation Name": "orders","Alias": "orders","Startup Cost": 0.43,"Total Cost": 0.47,"Plan Rows": 1,"Plan Width": 8,"Actual Startup Time": 0.010,"Actual Total Time": 0.010,"Actual Rows": 1,"Actual Loops": 325638,"Index Cond": "(o_orderkey = lineitem.l_orderkey)","Rows Removed by Index Recheck": 0,"Workers": []}]},{"Node Type": "Hash","Parent Relationship": "Inner","Parallel Aware": false,"Async Capable": false,"Startup Cost": 1.25,"Total Cost": 1.25,"Plan Rows": 25,"Plan Width": 108,"Actual Startup Time": 0.061,"Actual Total Time": 0.085,"Actual Rows": 25,"Actual Loops": 3,"Hash Buckets": 1024,"Original Hash Buckets": 1024,"Hash Batches": 1,"Original Hash Batches": 1,"Peak Memory Usage": 10,"Workers": [],"Plans": [{"Node Type": "Seq Scan","Parent Relationship": "Outer","Parallel Aware": false,"Async Capable": false,"Relation Name": "nation","Alias": "nation","Startup Cost": 0.00,"Total Cost": 1.25,"Plan Rows": 25,"Plan Width": 108,"Actual Startup Time": 0.037,"Actual Total Time": 0.057,"Actual Rows": 25,"Actual Loops": 3,"Workers": []}]}]}]}]}]}]},"Planning Time": 12.360,"Triggers": [],"Execution Time": 2569.911}]
[{"Plan": {"Node Type": "Aggregate","Strategy": "Sorted","Partial Mode": "Finalize","Parallel Aware": false,"Async Capable": false,"Startup Cost": 46348.90,"Total Cost": 46374.41,"Plan Rows": 170,"Plan Width": 168,"Actual Startup Time": 1730.222,"Actual Total Time": 1874.204,"Actual Rows": 175,"Actual Loops": 1,"Group Key": ["nation.n_name", "(EXTRACT(year FROM orders.o_orderdate))"],"Plans": [{"Node Type": "Gather Merge","Parent Relationship": "Outer","Parallel Aware": false,"Async Capable": false,"Startup Cost": 46348.90,"Total Cost": 46370.21,"Plan Rows": 165,"Plan Width": 168,"Actual Startup Time": 1728.668,"Actual Total Time": 1873.759,"Actual Rows": 700,"Actual Loops": 1,"Workers Planned": 3,"Workers Launched": 3,"Plans": [{"Node Type": "Aggregate","Strategy": "Sorted","Partial Mode": "Partial","Parent Relationship": "Outer","Parallel Aware": false,"Async Capable": false,"Startup Cost": 45348.86,"Total Cost": 45350.79,"Plan Rows": 55,"Plan Width": 168,"Actual Startup Time": 1650.826,"Actual Total Time": 1744.501,"Actual Rows": 175,"Actual Loops": 4,"Group Key": ["nation.n_name", "(EXTRACT(year FROM orders.o_orderdate))"],"Workers": [],"Plans": [{"Node Type": "Sort","Parent Relationship": "Outer","Parallel Aware": false,"Async Capable": false,"Startup Cost": 45348.86,"Total Cost": 45349.00,"Plan Rows": 55,"Plan Width": 159,"Actual Startup Time": 1650.333,"Actual Total Time": 1682.232,"Actual Rows": 81534,"Actual Loops": 4,"Sort Key": ["nation.n_name", "(EXTRACT(year FROM orders.o_orderdate)) DESC"],"Sort Method": "quicksort","Sort Space Used": 11317,"Sort Space Type": "Memory","Workers": [{"Worker Number": 0,"Sort Method": "quicksort","Sort Space Used": 11037,"Sort Space Type": "Memory"},{"Worker Number": 1,"Sort Method": "quicksort","Sort Space Used": 11269,"Sort Space Type": "Memory"},{"Worker Number": 2,"Sort Method": "quicksort","Sort Space Used": 11142,"Sort Space Type": "Memory"}],"Plans": [{"Node Type": "Hash Join","Parent Relationship": "Outer","Parallel Aware": false,"Async Capable": false,"Join Type": "Inner","Startup Cost": 5215.02,"Total Cost": 45347.27,"Plan Rows": 55,"Plan Width": 159,"Actual Startup Time": 22.539,"Actual Total Time": 1549.942,"Actual Rows": 81534,"Actual Loops": 4,"Inner Unique": true,"Hash Cond": "(supplier.s_nationkey = nation.n_nationkey)","Workers": [],"Plans": [{"Node Type": "Nested Loop","Parent Relationship": "Outer","Parallel Aware": false,"Async Capable": false,"Join Type": "Inner","Startup Cost": 5213.46,"Total Cost": 45345.40,"Plan Rows": 55,"Plan Width": 31,"Actual Startup Time": 22.374,"Actual Total Time": 1526.572,"Actual Rows": 81534,"Actual Loops": 4,"Inner Unique": true,"Workers": [],"Plans": [{"Node Type": "Nested Loop","Parent Relationship": "Outer","Parallel Aware": false,"Async Capable": false,"Join Type": "Inner","Startup Cost": 5213.03,"Total Cost": 45319.82,"Plan Rows": 55,"Plan Width": 31,"Actual Startup Time": 22.306,"Actual Total Time": 793.181,"Actual Rows": 81534,"Actual Loops": 4,"Inner Unique": true,"Workers": [],"Plans": [{"Node Type": "Nested Loop","Parent Relationship": "Outer","Parallel Aware": false,"Async Capable": false,"Join Type": "Inner","Startup Cost": 5212.75,"Total Cost": 45303.17,"Plan Rows": 55,"Plan Width": 35,"Actual Startup Time": 22.249,"Actual Total Time": 656.284,"Actual Rows": 81534,"Actual Loops": 4,"Inner Unique": false,"Workers": [],"Plans": [{"Node Type": "Hash Join","Parent Relationship": "Outer","Parallel Aware": true,"Async Capable": false,"Join Type": "Inner","Startup Cost": 5212.32,"Total Cost": 25921.39,"Plan Rows": 18247,"Plan Width": 18,"Actual Startup Time": 22.162,"Actual Total Time": 197.619,"Actual Rows": 10856,"Actual Loops": 4,"Inner Unique": true,"Hash Cond": "(partsupp.ps_partkey = part.p_partkey)","Workers": [],"Plans": [{"Node Type": "Seq Scan","Parent Relationship": "Outer","Parallel Aware": true,"Async Capable": false,"Relation Name": "partsupp","Alias": "partsupp","Startup Cost": 0.00,"Total Cost": 20031.65,"Plan Rows": 258065,"Plan Width": 14,"Actual Startup Time": 0.014,"Actual Total Time": 42.173,"Actual Rows": 200000,"Actual Loops": 4,"Workers": []},{"Node Type": "Hash","Parent Relationship": "Inner","Parallel Aware": true,"Async Capable": false,"Startup Cost": 5138.67,"Total Cost": 5138.67,"Plan Rows": 5892,"Plan Width": 4,"Actual Startup Time": 22.002,"Actual Total Time": 22.011,"Actual Rows": 2714,"Actual Loops": 4,"Hash Buckets": 16384,"Original Hash Buckets": 16384,"Hash Batches": 1,"Original Hash Batches": 1,"Peak Memory Usage": 608,"Workers": [],"Plans": [{"Node Type": "Seq Scan","Parent Relationship": "Outer","Parallel Aware": true,"Async Capable": false,"Relation Name": "part","Alias": "part","Startup Cost": 0.00,"Total Cost": 5138.67,"Plan Rows": 5892,"Plan Width": 4,"Actual Startup Time": 0.065,"Actual Total Time": 20.262,"Actual Rows": 2714,"Actual Loops": 4,"Filter": "((p_name)::text ~~ '%pink%'::text)","Rows Removed by Filter": 47286,"Workers": []}]}]},{"Node Type": "Index Scan","Parent Relationship": "Inner","Parallel Aware": false,"Async Capable": false,"Scan Direction": "Forward","Index Name": "idx_lineitem_part_supp","Relation Name": "lineitem","Alias": "lineitem","Startup Cost": 0.43,"Total Cost": 1.05,"Plan Rows": 1,"Plan Width": 29,"Actual Startup Time": 0.006,"Actual Total Time": 0.041,"Actual Rows": 8,"Actual Loops": 43424,"Index Cond": "((l_partkey = partsupp.ps_partkey) AND (l_suppkey = partsupp.ps_suppkey))","Rows Removed by Index Recheck": 0,"Workers": []}]},{"Node Type": "Index Scan","Parent Relationship": "Inner","Parallel Aware": false,"Async Capable": false,"Scan Direction": "Forward","Index Name": "supplier_pkey","Relation Name": "supplier","Alias": "supplier","Startup Cost": 0.29,"Total Cost": 0.30,"Plan Rows": 1,"Plan Width": 8,"Actual Startup Time": 0.001,"Actual Total Time": 0.001,"Actual Rows": 1,"Actual Loops": 326137,"Index Cond": "(s_suppkey = lineitem.l_suppkey)","Rows Removed by Index Recheck": 0,"Workers": []}]},{"Node Type": "Index Scan","Parent Relationship": "Inner","Parallel Aware": false,"Async Capable": false,"Scan Direction": "Forward","Index Name": "orders_pkey","Relation Name": "orders","Alias": "orders","Startup Cost": 0.43,"Total Cost": 0.47,"Plan Rows": 1,"Plan Width": 8,"Actual Startup Time": 0.009,"Actual Total Time": 0.009,"Actual Rows": 1,"Actual Loops": 326137,"Index Cond": "(o_orderkey = lineitem.l_orderkey)","Rows Removed by Index Recheck": 0,"Workers": []}]},{"Node Type": "Hash","Parent Relationship": "Inner","Parallel Aware": false,"Async Capable": false,"Startup Cost": 1.25,"Total Cost": 1.25,"Plan Rows": 25,"Plan Width": 108,"Actual Startup Time": 0.071,"Actual Total Time": 0.076,"Actual Rows": 25,"Actual Loops": 4,"Hash Buckets": 1024,"Original Hash Buckets": 1024,"Hash Batches": 1,"Original Hash Batches": 1,"Peak Memory Usage": 10,"Workers": [],"Plans": [{"Node Type": "Seq Scan","Parent Relationship": "Outer","Parallel Aware": false,"Async Capable": false,"Relation Name": "nation","Alias": "nation","Startup Cost": 0.00,"Total Cost": 1.25,"Plan Rows": 25,"Plan Width": 108,"Actual Startup Time": 0.047,"Actual Total Time": 0.052,"Actual Rows": 25,"Actual Loops": 4,"Workers": []}]}]}]}]}]}]},"Planning Time": 12.442,"Triggers": [],"Execution Time": 1875.255}]
[{"Plan": {"Node Type": "Aggregate","Strategy": "Sorted","Partial Mode": "Finalize","Parallel Aware": false,"Async Capable": false,"Startup Cost": 51920.12,"Total Cost": 51953.05,"Plan Rows": 219,"Plan Width": 168,"Actual Startup Time": 1721.654,"Actual Total Time": 1827.276,"Actual Rows": 175,"Actual Loops": 1,"Group Key": ["nation.n_name", "(EXTRACT(year FROM orders.o_orderdate))"],"Plans": [{"Node Type": "Gather Merge","Parent Relationship": "Outer","Parallel Aware": false,"Async Capable": false,"Startup Cost": 51920.12,"Total Cost": 51947.63,"Plan Rows": 213,"Plan Width": 168,"Actual Startup Time": 1720.222,"Actual Total Time": 1826.765,"Actual Rows": 700,"Actual Loops": 1,"Workers Planned": 3,"Workers Launched": 3,"Plans": [{"Node Type": "Aggregate","Strategy": "Sorted","Partial Mode": "Partial","Parent Relationship": "Outer","Parallel Aware": false,"Async Capable": false,"Startup Cost": 50920.08,"Total Cost": 50922.56,"Plan Rows": 71,"Plan Width": 168,"Actual Startup Time": 1650.749,"Actual Total Time": 1734.261,"Actual Rows": 175,"Actual Loops": 4,"Group Key": ["nation.n_name", "(EXTRACT(year FROM orders.o_orderdate))"],"Workers": [],"Plans": [{"Node Type": "Sort","Parent Relationship": "Outer","Parallel Aware": false,"Async Capable": false,"Startup Cost": 50920.08,"Total Cost": 50920.26,"Plan Rows": 71,"Plan Width": 159,"Actual Startup Time": 1650.366,"Actual Total Time": 1677.057,"Actual Rows": 80612,"Actual Loops": 4,"Sort Key": ["nation.n_name", "(EXTRACT(year FROM orders.o_orderdate)) DESC"],"Sort Method": "quicksort","Sort Space Used": 11250,"Sort Space Type": "Memory","Workers": [{"Worker Number": 0,"Sort Method": "quicksort","Sort Space Used": 11043,"Sort Space Type": "Memory"},{"Worker Number": 1,"Sort Method": "quicksort","Sort Space Used": 11082,"Sort Space Type": "Memory"},{"Worker Number": 2,"Sort Method": "quicksort","Sort Space Used": 11022,"Sort Space Type": "Memory"}],"Plans": [{"Node Type": "Hash Join","Parent Relationship": "Outer","Parallel Aware": false,"Async Capable": false,"Join Type": "Inner","Startup Cost": 5236.07,"Total Cost": 50917.89,"Plan Rows": 71,"Plan Width": 159,"Actual Startup Time": 23.103,"Actual Total Time": 1552.537,"Actual Rows": 80612,"Actual Loops": 4,"Inner Unique": true,"Hash Cond": "(supplier.s_nationkey = nation.n_nationkey)","Workers": [],"Plans": [{"Node Type": "Nested Loop","Parent Relationship": "Outer","Parallel Aware": false,"Async Capable": false,"Join Type": "Inner","Startup Cost": 5234.51,"Total Cost": 50915.94,"Plan Rows": 71,"Plan Width": 31,"Actual Startup Time": 22.948,"Actual Total Time": 1529.400,"Actual Rows": 80612,"Actual Loops": 4,"Inner Unique": true,"Workers": [],"Plans": [{"Node Type": "Nested Loop","Parent Relationship": "Outer","Parallel Aware": false,"Async Capable": false,"Join Type": "Inner","Startup Cost": 5234.08,"Total Cost": 50882.91,"Plan Rows": 71,"Plan Width": 31,"Actual Startup Time": 22.886,"Actual Total Time": 802.830,"Actual Rows": 80612,"Actual Loops": 4,"Inner Unique": true,"Workers": [],"Plans": [{"Node Type": "Nested Loop","Parent Relationship": "Outer","Parallel Aware": false,"Async Capable": false,"Join Type": "Inner","Startup Cost": 5233.80,"Total Cost": 50861.42,"Plan Rows": 71,"Plan Width": 35,"Actual Startup Time": 22.843,"Actual Total Time": 667.163,"Actual Rows": 80612,"Actual Loops": 4,"Inner Unique": false,"Workers": [],"Plans": [{"Node Type": "Hash Join","Parent Relationship": "Outer","Parallel Aware": true,"Async Capable": false,"Join Type": "Inner","Startup Cost": 5233.37,"Total Cost": 25942.44,"Plan Rows": 23460,"Plan Width": 18,"Actual Startup Time": 22.783,"Actual Total Time": 202.540,"Actual Rows": 10756,"Actual Loops": 4,"Inner Unique": true,"Hash Cond": "(partsupp.ps_partkey = part.p_partkey)","Workers": [],"Plans": [{"Node Type": "Seq Scan","Parent Relationship": "Outer","Parallel Aware": true,"Async Capable": false,"Relation Name": "partsupp","Alias": "partsupp","Startup Cost": 0.00,"Total Cost": 20031.65,"Plan Rows": 258065,"Plan Width": 14,"Actual Startup Time": 0.012,"Actual Total Time": 41.903,"Actual Rows": 200000,"Actual Loops": 4,"Workers": []},{"Node Type": "Hash","Parent Relationship": "Inner","Parallel Aware": true,"Async Capable": false,"Startup Cost": 5138.67,"Total Cost": 5138.67,"Plan Rows": 7576,"Plan Width": 4,"Actual Startup Time": 22.548,"Actual Total Time": 22.557,"Actual Rows": 2689,"Actual Loops": 4,"Hash Buckets": 32768,"Original Hash Buckets": 32768,"Hash Batches": 1,"Original Hash Batches": 1,"Peak Memory Usage": 704,"Workers": [],"Plans": [{"Node Type": "Seq Scan","Parent Relationship": "Outer","Parallel Aware": true,"Async Capable": false,"Relation Name": "part","Alias": "part","Startup Cost": 0.00,"Total Cost": 5138.67,"Plan Rows": 7576,"Plan Width": 4,"Actual Startup Time": 0.036,"Actual Total Time": 20.722,"Actual Rows": 2689,"Actual Loops": 4,"Filter": "((p_name)::text ~~ '%royal%'::text)","Rows Removed by Filter": 47311,"Workers": []}]}]},{"Node Type": "Index Scan","Parent Relationship": "Inner","Parallel Aware": false,"Async Capable": false,"Scan Direction": "Forward","Index Name": "idx_lineitem_part_supp","Relation Name": "lineitem","Alias": "lineitem","Startup Cost": 0.43,"Total Cost": 1.05,"Plan Rows": 1,"Plan Width": 29,"Actual Startup Time": 0.006,"Actual Total Time": 0.042,"Actual Rows": 7,"Actual Loops": 43024,"Index Cond": "((l_partkey = partsupp.ps_partkey) AND (l_suppkey = partsupp.ps_suppkey))","Rows Removed by Index Recheck": 0,"Workers": []}]},{"Node Type": "Index Scan","Parent Relationship": "Inner","Parallel Aware": false,"Async Capable": false,"Scan Direction": "Forward","Index Name": "supplier_pkey","Relation Name": "supplier","Alias": "supplier","Startup Cost": 0.29,"Total Cost": 0.30,"Plan Rows": 1,"Plan Width": 8,"Actual Startup Time": 0.001,"Actual Total Time": 0.001,"Actual Rows": 1,"Actual Loops": 322446,"Index Cond": "(s_suppkey = lineitem.l_suppkey)","Rows Removed by Index Recheck": 0,"Workers": []}]},{"Node Type": "Index Scan","Parent Relationship": "Inner","Parallel Aware": false,"Async Capable": false,"Scan Direction": "Forward","Index Name": "orders_pkey","Relation Name": "orders","Alias": "orders","Startup Cost": 0.43,"Total Cost": 0.47,"Plan Rows": 1,"Plan Width": 8,"Actual Startup Time": 0.009,"Actual Total Time": 0.009,"Actual Rows": 1,"Actual Loops": 322446,"Index Cond": "(o_orderkey = lineitem.l_orderkey)","Rows Removed by Index Recheck": 0,"Workers": []}]},{"Node Type": "Hash","Parent Relationship": "Inner","Parallel Aware": false,"Async Capable": false,"Startup Cost": 1.25,"Total Cost": 1.25,"Plan Rows": 25,"Plan Width": 108,"Actual Startup Time": 0.059,"Actual Total Time": 0.064,"Actual Rows": 25,"Actual Loops": 4,"Hash Buckets": 1024,"Original Hash Buckets": 1024,"Hash Batches": 1,"Original Hash Batches": 1,"Peak Memory Usage": 10,"Workers": [],"Plans": [{"Node Type": "Seq Scan","Parent Relationship": "Outer","Parallel Aware": false,"Async Capable": false,"Relation Name": "nation","Alias": "nation","Startup Cost": 0.00,"Total Cost": 1.25,"Plan Rows": 25,"Plan Width": 108,"Actual Startup Time": 0.039,"Actual Total Time": 0.043,"Actual Rows": 25,"Actual Loops": 4,"Workers": []}]}]}]}]}]}]},"Planning Time": 12.321,"Triggers": [],"Execution Time": 1830.725}]
[{"Plan": {"Node Type": "Aggregate","Strategy": "Sorted","Partial Mode": "Finalize","Parallel Aware": false,"Async Capable": false,"Startup Cost": 28858.40,"Total Cost": 28868.07,"Plan Rows": 73,"Plan Width": 168,"Actual Startup Time": 2433.385,"Actual Total Time": 2598.575,"Actual Rows": 175,"Actual Loops": 1,"Group Key": ["nation.n_name", "(EXTRACT(year FROM orders.o_orderdate))"],"Plans": [{"Node Type": "Gather Merge","Parent Relationship": "Outer","Parallel Aware": false,"Async Capable": false,"Startup Cost": 28858.40,"Total Cost": 28866.38,"Plan Rows": 60,"Plan Width": 168,"Actual Startup Time": 2431.438,"Actual Total Time": 2598.048,"Actual Rows": 525,"Actual Loops": 1,"Workers Planned": 2,"Workers Launched": 2,"Plans": [{"Node Type": "Aggregate","Strategy": "Sorted","Partial Mode": "Partial","Parent Relationship": "Outer","Parallel Aware": false,"Async Capable": false,"Startup Cost": 27858.38,"Total Cost": 27859.43,"Plan Rows": 30,"Plan Width": 168,"Actual Startup Time": 2301.530,"Actual Total Time": 2432.114,"Actual Rows": 175,"Actual Loops": 3,"Group Key": ["nation.n_name", "(EXTRACT(year FROM orders.o_orderdate))"],"Workers": [],"Plans": [{"Node Type": "Sort","Parent Relationship": "Outer","Parallel Aware": false,"Async Capable": false,"Startup Cost": 27858.38,"Total Cost": 27858.46,"Plan Rows": 30,"Plan Width": 159,"Actual Startup Time": 2300.992,"Actual Total Time": 2347.199,"Actual Rows": 108766,"Actual Loops": 3,"Sort Key": ["nation.n_name", "(EXTRACT(year FROM orders.o_orderdate)) DESC"],"Sort Method": "quicksort","Sort Space Used": 13491,"Sort Space Type": "Memory","Workers": [{"Worker Number": 0,"Sort Method": "quicksort","Sort Space Used": 14063,"Sort Space Type": "Memory"},{"Worker Number": 1,"Sort Method": "quicksort","Sort Space Used": 14152,"Sort Space Type": "Memory"}],"Plans": [{"Node Type": "Hash Join","Parent Relationship": "Outer","Parallel Aware": false,"Async Capable": false,"Join Type": "Inner","Startup Cost": 3.13,"Total Cost": 27857.64,"Plan Rows": 30,"Plan Width": 159,"Actual Startup Time": 0.556,"Actual Total Time": 2149.836,"Actual Rows": 108766,"Actual Loops": 3,"Inner Unique": true,"Hash Cond": "(supplier.s_nationkey = nation.n_nationkey)","Workers": [],"Plans": [{"Node Type": "Nested Loop","Parent Relationship": "Outer","Parallel Aware": false,"Async Capable": false,"Join Type": "Inner","Startup Cost": 1.57,"Total Cost": 27855.92,"Plan Rows": 30,"Plan Width": 31,"Actual Startup Time": 0.420,"Actual Total Time": 2117.705,"Actual Rows": 108766,"Actual Loops": 3,"Inner Unique": true,"Workers": [],"Plans": [{"Node Type": "Nested Loop","Parent Relationship": "Outer","Parallel Aware": false,"Async Capable": false,"Join Type": "Inner","Startup Cost": 1.14,"Total Cost": 27841.96,"Plan Rows": 30,"Plan Width": 31,"Actual Startup Time": 0.326,"Actual Total Time": 987.272,"Actual Rows": 108766,"Actual Loops": 3,"Inner Unique": true,"Workers": [],"Plans": [{"Node Type": "Nested Loop","Parent Relationship": "Outer","Parallel Aware": false,"Async Capable": false,"Join Type": "Inner","Startup Cost": 0.86,"Total Cost": 27832.88,"Plan Rows": 30,"Plan Width": 35,"Actual Startup Time": 0.242,"Actual Total Time": 803.252,"Actual Rows": 108766,"Actual Loops": 3,"Inner Unique": false,"Workers": [],"Plans": [{"Node Type": "Nested Loop","Parent Relationship": "Outer","Parallel Aware": false,"Async Capable": false,"Join Type": "Inner","Startup Cost": 0.42,"Total Cost": 17103.70,"Plan Rows": 10101,"Plan Width": 18,"Actual Startup Time": 0.158,"Actual Total Time": 119.708,"Actual Rows": 14507,"Actual Loops": 3,"Inner Unique": false,"Workers": [],"Plans": [{"Node Type": "Seq Scan","Parent Relationship": "Outer","Parallel Aware": true,"Async Capable": false,"Relation Name": "part","Alias": "part","Startup Cost": 0.00,"Total Cost": 5138.67,"Plan Rows": 2525,"Plan Width": 4,"Actual Startup Time": 0.041,"Actual Total Time": 51.865,"Actual Rows": 3627,"Actual Loops": 3,"Filter": "((p_name)::text ~~ '%azure%'::text)","Rows Removed by Filter": 63040,"Workers": []},{"Node Type": "Index Scan","Parent Relationship": "Inner","Parallel Aware": false,"Async Capable": false,"Scan Direction": "Forward","Index Name": "idx_partsupp_partkey","Relation Name": "partsupp","Alias": "partsupp","Startup Cost": 0.42,"Total Cost": 4.70,"Plan Rows": 4,"Plan Width": 14,"Actual Startup Time": 0.014,"Actual Total Time": 0.018,"Actual Rows": 4,"Actual Loops": 10880,"Index Cond": "(ps_partkey = part.p_partkey)","Rows Removed by Index Recheck": 0,"Workers": []}]},{"Node Type": "Index Scan","Parent Relationship": "Inner","Parallel Aware": false,"Async Capable": false,"Scan Direction": "Forward","Index Name": "idx_lineitem_part_supp","Relation Name": "lineitem","Alias": "lineitem","Startup Cost": 0.43,"Total Cost": 1.05,"Plan Rows": 1,"Plan Width": 29,"Actual Startup Time": 0.007,"Actual Total Time": 0.045,"Actual Rows": 7,"Actual Loops": 43520,"Index Cond": "((l_partkey = partsupp.ps_partkey) AND (l_suppkey = partsupp.ps_suppkey))","Rows Removed by Index Recheck": 0,"Workers": []}]},{"Node Type": "Index Scan","Parent Relationship": "Inner","Parallel Aware": false,"Async Capable": false,"Scan Direction": "Forward","Index Name": "supplier_pkey","Relation Name": "supplier","Alias": "supplier","Startup Cost": 0.29,"Total Cost": 0.30,"Plan Rows": 1,"Plan Width": 8,"Actual Startup Time": 0.001,"Actual Total Time": 0.001,"Actual Rows": 1,"Actual Loops": 326297,"Index Cond": "(s_suppkey = lineitem.l_suppkey)","Rows Removed by Index Recheck": 0,"Workers": []}]},{"Node Type": "Index Scan","Parent Relationship": "Inner","Parallel Aware": false,"Async Capable": false,"Scan Direction": "Forward","Index Name": "orders_pkey","Relation Name": "orders","Alias": "orders","Startup Cost": 0.43,"Total Cost": 0.47,"Plan Rows": 1,"Plan Width": 8,"Actual Startup Time": 0.010,"Actual Total Time": 0.010,"Actual Rows": 1,"Actual Loops": 326297,"Index Cond": "(o_orderkey = lineitem.l_orderkey)","Rows Removed by Index Recheck": 0,"Workers": []}]},{"Node Type": "Hash","Parent Relationship": "Inner","Parallel Aware": false,"Async Capable": false,"Startup Cost": 1.25,"Total Cost": 1.25,"Plan Rows": 25,"Plan Width": 108,"Actual Startup Time": 0.059,"Actual Total Time": 0.066,"Actual Rows": 25,"Actual Loops": 3,"Hash Buckets": 1024,"Original Hash Buckets": 1024,"Hash Batches": 1,"Original Hash Batches": 1,"Peak Memory Usage": 10,"Workers": [],"Plans": [{"Node Type": "Seq Scan","Parent Relationship": "Outer","Parallel Aware": false,"Async Capable": false,"Relation Name": "nation","Alias": "nation","Startup Cost": 0.00,"Total Cost": 1.25,"Plan Rows": 25,"Plan Width": 108,"Actual Startup Time": 0.042,"Actual Total Time": 0.046,"Actual Rows": 25,"Actual Loops": 3,"Workers": []}]}]}]}]}]}]},"Planning Time": 11.434,"Triggers": [],"Execution Time": 2600.707}]
[{"Plan": {"Node Type": "Aggregate","Strategy": "Sorted","Partial Mode": "Finalize","Parallel Aware": false,"Async Capable": false,"Startup Cost": 49135.04,"Total Cost": 49164.27,"Plan Rows": 195,"Plan Width": 168,"Actual Startup Time": 1725.991,"Actual Total Time": 1871.333,"Actual Rows": 175,"Actual Loops": 1,"Group Key": ["nation.n_name", "(EXTRACT(year FROM orders.o_orderdate))"],"Plans": [{"Node Type": "Gather Merge","Parent Relationship": "Outer","Parallel Aware": false,"Async Capable": false,"Startup Cost": 49135.04,"Total Cost": 49159.45,"Plan Rows": 189,"Plan Width": 168,"Actual Startup Time": 1724.410,"Actual Total Time": 1870.772,"Actual Rows": 700,"Actual Loops": 1,"Workers Planned": 3,"Workers Launched": 3,"Plans": [{"Node Type": "Aggregate","Strategy": "Sorted","Partial Mode": "Partial","Parent Relationship": "Outer","Parallel Aware": false,"Async Capable": false,"Startup Cost": 48135.00,"Total Cost": 48137.21,"Plan Rows": 63,"Plan Width": 168,"Actual Startup Time": 1642.964,"Actual Total Time": 1738.350,"Actual Rows": 175,"Actual Loops": 4,"Group Key": ["nation.n_name", "(EXTRACT(year FROM orders.o_orderdate))"],"Workers": [],"Plans": [{"Node Type": "Sort","Parent Relationship": "Outer","Parallel Aware": false,"Async Capable": false,"Startup Cost": 48135.00,"Total Cost": 48135.16,"Plan Rows": 63,"Plan Width": 159,"Actual Startup Time": 1642.489,"Actual Total Time": 1674.765,"Actual Rows": 80807,"Actual Loops": 4,"Sort Key": ["nation.n_name", "(EXTRACT(year FROM orders.o_orderdate)) DESC"],"Sort Method": "quicksort","Sort Space Used": 11216,"Sort Space Type": "Memory","Workers": [{"Worker Number": 0,"Sort Method": "quicksort","Sort Space Used": 11190,"Sort Space Type": "Memory"},{"Worker Number": 1,"Sort Method": "quicksort","Sort Space Used": 11031,"Sort Space Type": "Memory"},{"Worker Number": 2,"Sort Method": "quicksort","Sort Space Used": 11039,"Sort Space Type": "Memory"}],"Plans": [{"Node Type": "Hash Join","Parent Relationship": "Outer","Parallel Aware": false,"Async Capable": false,"Join Type": "Inner","Startup Cost": 5225.55,"Total Cost": 48133.12,"Plan Rows": 63,"Plan Width": 159,"Actual Startup Time": 23.223,"Actual Total Time": 1542.778,"Actual Rows": 80807,"Actual Loops": 4,"Inner Unique": true,"Hash Cond": "(supplier.s_nationkey = nation.n_nationkey)","Workers": [],"Plans": [{"Node Type": "Nested Loop","Parent Relationship": "Outer","Parallel Aware": false,"Async Capable": false,"Join Type": "Inner","Startup Cost": 5223.99,"Total Cost": 48131.20,"Plan Rows": 63,"Plan Width": 31,"Actual Startup Time": 23.068,"Actual Total Time": 1519.655,"Actual Rows": 80807,"Actual Loops": 4,"Inner Unique": true,"Workers": [],"Plans": [{"Node Type": "Nested Loop","Parent Relationship": "Outer","Parallel Aware": false,"Async Capable": false,"Join Type": "Inner","Startup Cost": 5223.56,"Total Cost": 48101.90,"Plan Rows": 63,"Plan Width": 31,"Actual Startup Time": 23.008,"Actual Total Time": 793.385,"Actual Rows": 80807,"Actual Loops": 4,"Inner Unique": true,"Workers": [],"Plans": [{"Node Type": "Nested Loop","Parent Relationship": "Outer","Parallel Aware": false,"Async Capable": false,"Join Type": "Inner","Startup Cost": 5223.27,"Total Cost": 48082.83,"Plan Rows": 63,"Plan Width": 35,"Actual Startup Time": 22.959,"Actual Total Time": 657.278,"Actual Rows": 80807,"Actual Loops": 4,"Inner Unique": false,"Workers": [],"Plans": [{"Node Type": "Hash Join","Parent Relationship": "Outer","Parallel Aware": true,"Async Capable": false,"Join Type": "Inner","Startup Cost": 5222.84,"Total Cost": 25931.92,"Plan Rows": 20854,"Plan Width": 18,"Actual Startup Time": 22.889,"Actual Total Time": 199.001,"Actual Rows": 10785,"Actual Loops": 4,"Inner Unique": true,"Hash Cond": "(partsupp.ps_partkey = part.p_partkey)","Workers": [],"Plans": [{"Node Type": "Seq Scan","Parent Relationship": "Outer","Parallel Aware": true,"Async Capable": false,"Relation Name": "partsupp","Alias": "partsupp","Startup Cost": 0.00,"Total Cost": 20031.65,"Plan Rows": 258065,"Plan Width": 14,"Actual Startup Time": 0.016,"Actual Total Time": 42.939,"Actual Rows": 200000,"Actual Loops": 4,"Workers": []},{"Node Type": "Hash","Parent Relationship": "Inner","Parallel Aware": true,"Async Capable": false,"Startup Cost": 5138.67,"Total Cost": 5138.67,"Plan Rows": 6734,"Plan Width": 4,"Actual Startup Time": 22.693,"Actual Total Time": 22.704,"Actual Rows": 2696,"Actual Loops": 4,"Hash Buckets": 16384,"Original Hash Buckets": 16384,"Hash Batches": 1,"Original Hash Batches": 1,"Peak Memory Usage": 608,"Workers": [],"Plans": [{"Node Type": "Seq Scan","Parent Relationship": "Outer","Parallel Aware": true,"Async Capable": false,"Relation Name": "part","Alias": "part","Startup Cost": 0.00,"Total Cost": 5138.67,"Plan Rows": 6734,"Plan Width": 4,"Actual Startup Time": 0.049,"Actual Total Time": 20.967,"Actual Rows": 2696,"Actual Loops": 4,"Filter": "((p_name)::text ~~ '%lime%'::text)","Rows Removed by Filter": 47304,"Workers": []}]}]},{"Node Type": "Index Scan","Parent Relationship": "Inner","Parallel Aware": false,"Async Capable": false,"Scan Direction": "Forward","Index Name": "idx_lineitem_part_supp","Relation Name": "lineitem","Alias": "lineitem","Startup Cost": 0.43,"Total Cost": 1.05,"Plan Rows": 1,"Plan Width": 29,"Actual Startup Time": 0.006,"Actual Total Time": 0.041,"Actual Rows": 7,"Actual Loops": 43140,"Index Cond": "((l_partkey = partsupp.ps_partkey) AND (l_suppkey = partsupp.ps_suppkey))","Rows Removed by Index Recheck": 0,"Workers": []}]},{"Node Type": "Index Scan","Parent Relationship": "Inner","Parallel Aware": false,"Async Capable": false,"Scan Direction": "Forward","Index Name": "supplier_pkey","Relation Name": "supplier","Alias": "supplier","Startup Cost": 0.29,"Total Cost": 0.30,"Plan Rows": 1,"Plan Width": 8,"Actual Startup Time": 0.001,"Actual Total Time": 0.001,"Actual Rows": 1,"Actual Loops": 323229,"Index Cond": "(s_suppkey = lineitem.l_suppkey)","Rows Removed by Index Recheck": 0,"Workers": []}]},{"Node Type": "Index Scan","Parent Relationship": "Inner","Parallel Aware": false,"Async Capable": false,"Scan Direction": "Forward","Index Name": "orders_pkey","Relation Name": "orders","Alias": "orders","Startup Cost": 0.43,"Total Cost": 0.47,"Plan Rows": 1,"Plan Width": 8,"Actual Startup Time": 0.009,"Actual Total Time": 0.009,"Actual Rows": 1,"Actual Loops": 323229,"Index Cond": "(o_orderkey = lineitem.l_orderkey)","Rows Removed by Index Recheck": 0,"Workers": []}]},{"Node Type": "Hash","Parent Relationship": "Inner","Parallel Aware": false,"Async Capable": false,"Startup Cost": 1.25,"Total Cost": 1.25,"Plan Rows": 25,"Plan Width": 108,"Actual Startup Time": 0.067,"Actual Total Time": 0.072,"Actual Rows": 25,"Actual Loops": 4,"Hash Buckets": 1024,"Original Hash Buckets": 1024,"Hash Batches": 1,"Original Hash Batches": 1,"Peak Memory Usage": 10,"Workers": [],"Plans": [{"Node Type": "Seq Scan","Parent Relationship": "Outer","Parallel Aware": false,"Async Capable": false,"Relation Name": "nation","Alias": "nation","Startup Cost": 0.00,"Total Cost": 1.25,"Plan Rows": 25,"Plan Width": 108,"Actual Startup Time": 0.045,"Actual Total Time": 0.050,"Actual Rows": 25,"Actual Loops": 4,"Workers": []}]}]}]}]}]}]},"Planning Time": 12.908,"Triggers": [],"Execution Time": 1873.227}]
[{"Plan": {"Node Type": "Aggregate","Strategy": "Sorted","Partial Mode": "Finalize","Parallel Aware": false,"Async Capable": false,"Startup Cost": 47355.08,"Total Cost": 47374.71,"Plan Rows": 146,"Plan Width": 168,"Actual Startup Time": 2514.427,"Actual Total Time": 2703.238,"Actual Rows": 175,"Actual Loops": 1,"Group Key": ["nation.n_name", "(EXTRACT(year FROM orders.o_orderdate))"],"Plans": [{"Node Type": "Gather Merge","Parent Relationship": "Outer","Parallel Aware": false,"Async Capable": false,"Startup Cost": 47355.08,"Total Cost": 47371.30,"Plan Rows": 122,"Plan Width": 168,"Actual Startup Time": 2512.395,"Actual Total Time": 2702.832,"Actual Rows": 525,"Actual Loops": 1,"Workers Planned": 2,"Workers Launched": 2,"Plans": [{"Node Type": "Aggregate","Strategy": "Sorted","Partial Mode": "Partial","Parent Relationship": "Outer","Parallel Aware": false,"Async Capable": false,"Startup Cost": 46355.06,"Total Cost": 46357.20,"Plan Rows": 61,"Plan Width": 168,"Actual Startup Time": 2387.854,"Actual Total Time": 2544.213,"Actual Rows": 175,"Actual Loops": 3,"Group Key": ["nation.n_name", "(EXTRACT(year FROM orders.o_orderdate))"],"Workers": [],"Plans": [{"Node Type": "Sort","Parent Relationship": "Outer","Parallel Aware": false,"Async Capable": false,"Startup Cost": 46355.06,"Total Cost": 46355.21,"Plan Rows": 61,"Plan Width": 159,"Actual Startup Time": 2387.145,"Actual Total Time": 2446.167,"Actual Rows": 110413,"Actual Loops": 3,"Sort Key": ["nation.n_name", "(EXTRACT(year FROM orders.o_orderdate)) DESC"],"Sort Method": "quicksort","Sort Space Used": 14862,"Sort Space Type": "Memory","Workers": [{"Worker Number": 0,"Sort Method": "quicksort","Sort Space Used": 13748,"Sort Space Type": "Memory"},{"Worker Number": 1,"Sort Method": "quicksort","Sort Space Used": 13594,"Sort Space Type": "Memory"}],"Plans": [{"Node Type": "Hash Join","Parent Relationship": "Outer","Parallel Aware": false,"Async Capable": false,"Join Type": "Inner","Startup Cost": 3.13,"Total Cost": 46353.25,"Plan Rows": 61,"Plan Width": 159,"Actual Startup Time": 0.586,"Actual Total Time": 2238.998,"Actual Rows": 110413,"Actual Loops": 3,"Inner Unique": true,"Hash Cond": "(supplier.s_nationkey = nation.n_nationkey)","Workers": [],"Plans": [{"Node Type": "Nested Loop","Parent Relationship": "Outer","Parallel Aware": false,"Async Capable": false,"Join Type": "Inner","Startup Cost": 1.57,"Total Cost": 46351.35,"Plan Rows": 61,"Plan Width": 31,"Actual Startup Time": 0.446,"Actual Total Time": 2206.727,"Actual Rows": 110413,"Actual Loops": 3,"Inner Unique": true,"Workers": [],"Plans": [{"Node Type": "Nested Loop","Parent Relationship": "Outer","Parallel Aware": false,"Async Capable": false,"Join Type": "Inner","Startup Cost": 1.14,"Total Cost": 46322.98,"Plan Rows": 61,"Plan Width": 31,"Actual Startup Time": 0.345,"Actual Total Time": 1028.676,"Actual Rows": 110413,"Actual Loops": 3,"Inner Unique": true,"Workers": [],"Plans": [{"Node Type": "Nested Loop","Parent Relationship": "Outer","Parallel Aware": false,"Async Capable": false,"Join Type": "Inner","Startup Cost": 0.86,"Total Cost": 46304.52,"Plan Rows": 61,"Plan Width": 35,"Actual Startup Time": 0.259,"Actual Total Time": 837.153,"Actual Rows": 110413,"Actual Loops": 3,"Inner Unique": false,"Workers": [],"Plans": [{"Node Type": "Nested Loop","Parent Relationship": "Outer","Parallel Aware": false,"Async Capable": false,"Join Type": "Inner","Startup Cost": 0.42,"Total Cost": 24846.16,"Plan Rows": 20202,"Plan Width": 18,"Actual Startup Time": 0.158,"Actual Total Time": 117.913,"Actual Rows": 14717,"Actual Loops": 3,"Inner Unique": false,"Workers": [],"Plans": [{"Node Type": "Seq Scan","Parent Relationship": "Outer","Parallel Aware": true,"Async Capable": false,"Relation Name": "part","Alias": "part","Startup Cost": 0.00,"Total Cost": 5138.67,"Plan Rows": 5051,"Plan Width": 4,"Actual Startup Time": 0.058,"Actual Total Time": 50.922,"Actual Rows": 3679,"Actual Loops": 3,"Filter": "((p_name)::text ~~ '%red%'::text)","Rows Removed by Filter": 62987,"Workers": []},{"Node Type": "Index Scan","Parent Relationship": "Inner","Parallel Aware": false,"Async Capable": false,"Scan Direction": "Forward","Index Name": "idx_partsupp_partkey","Relation Name": "partsupp","Alias": "partsupp","Startup Cost": 0.42,"Total Cost": 3.86,"Plan Rows": 4,"Plan Width": 14,"Actual Startup Time": 0.014,"Actual Total Time": 0.017,"Actual Rows": 4,"Actual Loops": 11038,"Index Cond": "(ps_partkey = part.p_partkey)","Rows Removed by Index Recheck": 0,"Workers": []}]},{"Node Type": "Index Scan","Parent Relationship": "Inner","Parallel Aware": false,"Async Capable": false,"Scan Direction": "Forward","Index Name": "idx_lineitem_part_supp","Relation Name": "lineitem","Alias": "lineitem","Startup Cost": 0.43,"Total Cost": 1.05,"Plan Rows": 1,"Plan Width": 29,"Actual Startup Time": 0.007,"Actual Total Time": 0.047,"Actual Rows": 8,"Actual Loops": 44152,"Index Cond": "((l_partkey = partsupp.ps_partkey) AND (l_suppkey = partsupp.ps_suppkey))","Rows Removed by Index Recheck": 0,"Workers": []}]},{"Node Type": "Index Scan","Parent Relationship": "Inner","Parallel Aware": false,"Async Capable": false,"Scan Direction": "Forward","Index Name": "supplier_pkey","Relation Name": "supplier","Alias": "supplier","Startup Cost": 0.29,"Total Cost": 0.30,"Plan Rows": 1,"Plan Width": 8,"Actual Startup Time": 0.001,"Actual Total Time": 0.001,"Actual Rows": 1,"Actual Loops": 331238,"Index Cond": "(s_suppkey = lineitem.l_suppkey)","Rows Removed by Index Recheck": 0,"Workers": []}]},{"Node Type": "Index Scan","Parent Relationship": "Inner","Parallel Aware": false,"Async Capable": false,"Scan Direction": "Forward","Index Name": "orders_pkey","Relation Name": "orders","Alias": "orders","Startup Cost": 0.43,"Total Cost": 0.47,"Plan Rows": 1,"Plan Width": 8,"Actual Startup Time": 0.010,"Actual Total Time": 0.010,"Actual Rows": 1,"Actual Loops": 331238,"Index Cond": "(o_orderkey = lineitem.l_orderkey)","Rows Removed by Index Recheck": 0,"Workers": []}]},{"Node Type": "Hash","Parent Relationship": "Inner","Parallel Aware": false,"Async Capable": false,"Startup Cost": 1.25,"Total Cost": 1.25,"Plan Rows": 25,"Plan Width": 108,"Actual Startup Time": 0.061,"Actual Total Time": 0.070,"Actual Rows": 25,"Actual Loops": 3,"Hash Buckets": 1024,"Original Hash Buckets": 1024,"Hash Batches": 1,"Original Hash Batches": 1,"Peak Memory Usage": 10,"Workers": [],"Plans": [{"Node Type": "Seq Scan","Parent Relationship": "Outer","Parallel Aware": false,"Async Capable": false,"Relation Name": "nation","Alias": "nation","Startup Cost": 0.00,"Total Cost": 1.25,"Plan Rows": 25,"Plan Width": 108,"Actual Startup Time": 0.040,"Actual Total Time": 0.045,"Actual Rows": 25,"Actual Loops": 3,"Workers": []}]}]}]}]}]}]},"Planning Time": 13.100,"Triggers": [],"Execution Time": 2706.177}]
[{"Plan": {"Node Type": "Aggregate","Strategy": "Sorted","Partial Mode": "Finalize","Parallel Aware": false,"Async Capable": false,"Startup Cost": 47355.08,"Total Cost": 47374.71,"Plan Rows": 146,"Plan Width": 168,"Actual Startup Time": 2445.844,"Actual Total Time": 2574.849,"Actual Rows": 175,"Actual Loops": 1,"Group Key": ["nation.n_name", "(EXTRACT(year FROM orders.o_orderdate))"],"Plans": [{"Node Type": "Gather Merge","Parent Relationship": "Outer","Parallel Aware": false,"Async Capable": false,"Startup Cost": 47355.08,"Total Cost": 47371.30,"Plan Rows": 122,"Plan Width": 168,"Actual Startup Time": 2444.252,"Actual Total Time": 2574.439,"Actual Rows": 525,"Actual Loops": 1,"Workers Planned": 2,"Workers Launched": 2,"Plans": [{"Node Type": "Aggregate","Strategy": "Sorted","Partial Mode": "Partial","Parent Relationship": "Outer","Parallel Aware": false,"Async Capable": false,"Startup Cost": 46355.06,"Total Cost": 46357.20,"Plan Rows": 61,"Plan Width": 168,"Actual Startup Time": 2336.398,"Actual Total Time": 2469.030,"Actual Rows": 175,"Actual Loops": 3,"Group Key": ["nation.n_name", "(EXTRACT(year FROM orders.o_orderdate))"],"Workers": [],"Plans": [{"Node Type": "Sort","Parent Relationship": "Outer","Parallel Aware": false,"Async Capable": false,"Startup Cost": 46355.06,"Total Cost": 46355.21,"Plan Rows": 61,"Plan Width": 159,"Actual Startup Time": 2335.736,"Actual Total Time": 2381.738,"Actual Rows": 108835,"Actual Loops": 3,"Sort Key": ["nation.n_name", "(EXTRACT(year FROM orders.o_orderdate)) DESC"],"Sort Method": "quicksort","Sort Space Used": 14665,"Sort Space Type": "Memory","Workers": [{"Worker Number": 0,"Sort Method": "quicksort","Sort Space Used": 13491,"Sort Space Type": "Memory"},{"Worker Number": 1,"Sort Method": "quicksort","Sort Space Used": 13578,"Sort Space Type": "Memory"}],"Plans": [{"Node Type": "Hash Join","Parent Relationship": "Outer","Parallel Aware": false,"Async Capable": false,"Join Type": "Inner","Startup Cost": 3.13,"Total Cost": 46353.25,"Plan Rows": 61,"Plan Width": 159,"Actual Startup Time": 0.801,"Actual Total Time": 2189.937,"Actual Rows": 108835,"Actual Loops": 3,"Inner Unique": true,"Hash Cond": "(supplier.s_nationkey = nation.n_nationkey)","Workers": [],"Plans": [{"Node Type": "Nested Loop","Parent Relationship": "Outer","Parallel Aware": false,"Async Capable": false,"Join Type": "Inner","Startup Cost": 1.57,"Total Cost": 46351.35,"Plan Rows": 61,"Plan Width": 31,"Actual Startup Time": 0.594,"Actual Total Time": 2158.852,"Actual Rows": 108835,"Actual Loops": 3,"Inner Unique": true,"Workers": [],"Plans": [{"Node Type": "Nested Loop","Parent Relationship": "Outer","Parallel Aware": false,"Async Capable": false,"Join Type": "Inner","Startup Cost": 1.14,"Total Cost": 46322.98,"Plan Rows": 61,"Plan Width": 31,"Actual Startup Time": 0.453,"Actual Total Time": 1007.952,"Actual Rows": 108835,"Actual Loops": 3,"Inner Unique": true,"Workers": [],"Plans": [{"Node Type": "Nested Loop","Parent Relationship": "Outer","Parallel Aware": false,"Async Capable": false,"Join Type": "Inner","Startup Cost": 0.86,"Total Cost": 46304.52,"Plan Rows": 61,"Plan Width": 35,"Actual Startup Time": 0.346,"Actual Total Time": 822.076,"Actual Rows": 108835,"Actual Loops": 3,"Inner Unique": false,"Workers": [],"Plans": [{"Node Type": "Nested Loop","Parent Relationship": "Outer","Parallel Aware": false,"Async Capable": false,"Join Type": "Inner","Startup Cost": 0.42,"Total Cost": 24846.16,"Plan Rows": 20202,"Plan Width": 18,"Actual Startup Time": 0.223,"Actual Total Time": 115.712,"Actual Rows": 14532,"Actual Loops": 3,"Inner Unique": false,"Workers": [],"Plans": [{"Node Type": "Seq Scan","Parent Relationship": "Outer","Parallel Aware": true,"Async Capable": false,"Relation Name": "part","Alias": "part","Startup Cost": 0.00,"Total Cost": 5138.67,"Plan Rows": 5051,"Plan Width": 4,"Actual Startup Time": 0.063,"Actual Total Time": 49.661,"Actual Rows": 3633,"Actual Loops": 3,"Filter": "((p_name)::text ~~ '%dim%'::text)","Rows Removed by Filter": 63034,"Workers": []},{"Node Type": "Index Scan","Parent Relationship": "Inner","Parallel Aware": false,"Async Capable": false,"Scan Direction": "Forward","Index Name": "idx_partsupp_partkey","Relation Name": "partsupp","Alias": "partsupp","Startup Cost": 0.42,"Total Cost": 3.86,"Plan Rows": 4,"Plan Width": 14,"Actual Startup Time": 0.014,"Actual Total Time": 0.017,"Actual Rows": 4,"Actual Loops": 10899,"Index Cond": "(ps_partkey = part.p_partkey)","Rows Removed by Index Recheck": 0,"Workers": []}]},{"Node Type": "Index Scan","Parent Relationship": "Inner","Parallel Aware": false,"Async Capable": false,"Scan Direction": "Forward","Index Name": "idx_lineitem_part_supp","Relation Name": "lineitem","Alias": "lineitem","Startup Cost": 0.43,"Total Cost": 1.05,"Plan Rows": 1,"Plan Width": 29,"Actual Startup Time": 0.007,"Actual Total Time": 0.047,"Actual Rows": 7,"Actual Loops": 43596,"Index Cond": "((l_partkey = partsupp.ps_partkey) AND (l_suppkey = partsupp.ps_suppkey))","Rows Removed by Index Recheck": 0,"Workers": []}]},{"Node Type": "Index Scan","Parent Relationship": "Inner","Parallel Aware": false,"Async Capable": false,"Scan Direction": "Forward","Index Name": "supplier_pkey","Relation Name": "supplier","Alias": "supplier","Startup Cost": 0.29,"Total Cost": 0.30,"Plan Rows": 1,"Plan Width": 8,"Actual Startup Time": 0.001,"Actual Total Time": 0.001,"Actual Rows": 1,"Actual Loops": 326506,"Index Cond": "(s_suppkey = lineitem.l_suppkey)","Rows Removed by Index Recheck": 0,"Workers": []}]},{"Node Type": "Index Scan","Parent Relationship": "Inner","Parallel Aware": false,"Async Capable": false,"Scan Direction": "Forward","Index Name": "orders_pkey","Relation Name": "orders","Alias": "orders","Startup Cost": 0.43,"Total Cost": 0.47,"Plan Rows": 1,"Plan Width": 8,"Actual Startup Time": 0.010,"Actual Total Time": 0.010,"Actual Rows": 1,"Actual Loops": 326506,"Index Cond": "(o_orderkey = lineitem.l_orderkey)","Rows Removed by Index Recheck": 0,"Workers": []}]},{"Node Type": "Hash","Parent Relationship": "Inner","Parallel Aware": false,"Async Capable": false,"Startup Cost": 1.25,"Total Cost": 1.25,"Plan Rows": 25,"Plan Width": 108,"Actual Startup Time": 0.092,"Actual Total Time": 0.102,"Actual Rows": 25,"Actual Loops": 3,"Hash Buckets": 1024,"Original Hash Buckets": 1024,"Hash Batches": 1,"Original Hash Batches": 1,"Peak Memory Usage": 10,"Workers": [],"Plans": [{"Node Type": "Seq Scan","Parent Relationship": "Outer","Parallel Aware": false,"Async Capable": false,"Relation Name": "nation","Alias": "nation","Startup Cost": 0.00,"Total Cost": 1.25,"Plan Rows": 25,"Plan Width": 108,"Actual Startup Time": 0.060,"Actual Total Time": 0.067,"Actual Rows": 25,"Actual Loops": 3,"Workers": []}]}]}]}]}]}]},"Planning Time": 12.111,"Triggers": [],"Execution Time": 2577.900}]
[{"Plan": {"Node Type": "Aggregate","Strategy": "Sorted","Partial Mode": "Finalize","Parallel Aware": false,"Async Capable": false,"Startup Cost": 46348.90,"Total Cost": 46374.41,"Plan Rows": 170,"Plan Width": 168,"Actual Startup Time": 1727.472,"Actual Total Time": 1868.015,"Actual Rows": 175,"Actual Loops": 1,"Group Key": ["nation.n_name", "(EXTRACT(year FROM orders.o_orderdate))"],"Plans": [{"Node Type": "Gather Merge","Parent Relationship": "Outer","Parallel Aware": false,"Async Capable": false,"Startup Cost": 46348.90,"Total Cost": 46370.21,"Plan Rows": 165,"Plan Width": 168,"Actual Startup Time": 1725.748,"Actual Total Time": 1867.575,"Actual Rows": 700,"Actual Loops": 1,"Workers Planned": 3,"Workers Launched": 3,"Plans": [{"Node Type": "Aggregate","Strategy": "Sorted","Partial Mode": "Partial","Parent Relationship": "Outer","Parallel Aware": false,"Async Capable": false,"Startup Cost": 45348.86,"Total Cost": 45350.79,"Plan Rows": 55,"Plan Width": 168,"Actual Startup Time": 1653.610,"Actual Total Time": 1749.132,"Actual Rows": 175,"Actual Loops": 4,"Group Key": ["nation.n_name", "(EXTRACT(year FROM orders.o_orderdate))"],"Workers": [],"Plans": [{"Node Type": "Sort","Parent Relationship": "Outer","Parallel Aware": false,"Async Capable": false,"Startup Cost": 45348.86,"Total Cost": 45349.00,"Plan Rows": 55,"Plan Width": 159,"Actual Startup Time": 1653.066,"Actual Total Time": 1686.532,"Actual Rows": 81810,"Actual Loops": 4,"Sort Key": ["nation.n_name", "(EXTRACT(year FROM orders.o_orderdate)) DESC"],"Sort Method": "quicksort","Sort Space Used": 11471,"Sort Space Type": "Memory","Workers": [{"Worker Number": 0,"Sort Method": "quicksort","Sort Space Used": 11147,"Sort Space Type": "Memory"},{"Worker Number": 1,"Sort Method": "quicksort","Sort Space Used": 11095,"Sort Space Type": "Memory"},{"Worker Number": 2,"Sort Method": "quicksort","Sort Space Used": 11162,"Sort Space Type": "Memory"}],"Plans": [{"Node Type": "Hash Join","Parent Relationship": "Outer","Parallel Aware": false,"Async Capable": false,"Join Type": "Inner","Startup Cost": 5215.02,"Total Cost": 45347.27,"Plan Rows": 55,"Plan Width": 159,"Actual Startup Time": 20.833,"Actual Total Time": 1551.514,"Actual Rows": 81810,"Actual Loops": 4,"Inner Unique": true,"Hash Cond": "(supplier.s_nationkey = nation.n_nationkey)","Workers": [],"Plans": [{"Node Type": "Nested Loop","Parent Relationship": "Outer","Parallel Aware": false,"Async Capable": false,"Join Type": "Inner","Startup Cost": 5213.46,"Total Cost": 45345.40,"Plan Rows": 55,"Plan Width": 31,"Actual Startup Time": 20.681,"Actual Total Time": 1528.164,"Actual Rows": 81810,"Actual Loops": 4,"Inner Unique": true,"Workers": [],"Plans": [{"Node Type": "Nested Loop","Parent Relationship": "Outer","Parallel Aware": false,"Async Capable": false,"Join Type": "Inner","Startup Cost": 5213.03,"Total Cost": 45319.82,"Plan Rows": 55,"Plan Width": 31,"Actual Startup Time": 20.609,"Actual Total Time": 796.744,"Actual Rows": 81810,"Actual Loops": 4,"Inner Unique": true,"Workers": [],"Plans": [{"Node Type": "Nested Loop","Parent Relationship": "Outer","Parallel Aware": false,"Async Capable": false,"Join Type": "Inner","Startup Cost": 5212.75,"Total Cost": 45303.17,"Plan Rows": 55,"Plan Width": 35,"Actual Startup Time": 20.570,"Actual Total Time": 658.735,"Actual Rows": 81810,"Actual Loops": 4,"Inner Unique": false,"Workers": [],"Plans": [{"Node Type": "Hash Join","Parent Relationship": "Outer","Parallel Aware": true,"Async Capable": false,"Join Type": "Inner","Startup Cost": 5212.32,"Total Cost": 25921.39,"Plan Rows": 18247,"Plan Width": 18,"Actual Startup Time": 20.503,"Actual Total Time": 194.617,"Actual Rows": 10904,"Actual Loops": 4,"Inner Unique": true,"Hash Cond": "(partsupp.ps_partkey = part.p_partkey)","Workers": [],"Plans": [{"Node Type": "Seq Scan","Parent Relationship": "Outer","Parallel Aware": true,"Async Capable": false,"Relation Name": "partsupp","Alias": "partsupp","Startup Cost": 0.00,"Total Cost": 20031.65,"Plan Rows": 258065,"Plan Width": 14,"Actual Startup Time": 0.015,"Actual Total Time": 41.930,"Actual Rows": 200000,"Actual Loops": 4,"Workers": []},{"Node Type": "Hash","Parent Relationship": "Inner","Parallel Aware": true,"Async Capable": false,"Startup Cost": 5138.67,"Total Cost": 5138.67,"Plan Rows": 5892,"Plan Width": 4,"Actual Startup Time": 20.326,"Actual Total Time": 20.334,"Actual Rows": 2726,"Actual Loops": 4,"Hash Buckets": 16384,"Original Hash Buckets": 16384,"Hash Batches": 1,"Original Hash Batches": 1,"Peak Memory Usage": 576,"Workers": [],"Plans": [{"Node Type": "Seq Scan","Parent Relationship": "Outer","Parallel Aware": true,"Async Capable": false,"Relation Name": "part","Alias": "part","Startup Cost": 0.00,"Total Cost": 5138.67,"Plan Rows": 5892,"Plan Width": 4,"Actual Startup Time": 0.040,"Actual Total Time": 18.599,"Actual Rows": 2726,"Actual Loops": 4,"Filter": "((p_name)::text ~~ '%firebrick%'::text)","Rows Removed by Filter": 47274,"Workers": []}]}]},{"Node Type": "Index Scan","Parent Relationship": "Inner","Parallel Aware": false,"Async Capable": false,"Scan Direction": "Forward","Index Name": "idx_lineitem_part_supp","Relation Name": "lineitem","Alias": "lineitem","Startup Cost": 0.43,"Total Cost": 1.05,"Plan Rows": 1,"Plan Width": 29,"Actual Startup Time": 0.006,"Actual Total Time": 0.041,"Actual Rows": 8,"Actual Loops": 43616,"Index Cond": "((l_partkey = partsupp.ps_partkey) AND (l_suppkey = partsupp.ps_suppkey))","Rows Removed by Index Recheck": 0,"Workers": []}]},{"Node Type": "Index Scan","Parent Relationship": "Inner","Parallel Aware": false,"Async Capable": false,"Scan Direction": "Forward","Index Name": "supplier_pkey","Relation Name": "supplier","Alias": "supplier","Startup Cost": 0.29,"Total Cost": 0.30,"Plan Rows": 1,"Plan Width": 8,"Actual Startup Time": 0.001,"Actual Total Time": 0.001,"Actual Rows": 1,"Actual Loops": 327242,"Index Cond": "(s_suppkey = lineitem.l_suppkey)","Rows Removed by Index Recheck": 0,"Workers": []}]},{"Node Type": "Index Scan","Parent Relationship": "Inner","Parallel Aware": false,"Async Capable": false,"Scan Direction": "Forward","Index Name": "orders_pkey","Relation Name": "orders","Alias": "orders","Startup Cost": 0.43,"Total Cost": 0.47,"Plan Rows": 1,"Plan Width": 8,"Actual Startup Time": 0.009,"Actual Total Time": 0.009,"Actual Rows": 1,"Actual Loops": 327242,"Index Cond": "(o_orderkey = lineitem.l_orderkey)","Rows Removed by Index Recheck": 0,"Workers": []}]},{"Node Type": "Hash","Parent Relationship": "Inner","Parallel Aware": false,"Async Capable": false,"Startup Cost": 1.25,"Total Cost": 1.25,"Plan Rows": 25,"Plan Width": 108,"Actual Startup Time": 0.064,"Actual Total Time": 0.068,"Actual Rows": 25,"Actual Loops": 4,"Hash Buckets": 1024,"Original Hash Buckets": 1024,"Hash Batches": 1,"Original Hash Batches": 1,"Peak Memory Usage": 10,"Workers": [],"Plans": [{"Node Type": "Seq Scan","Parent Relationship": "Outer","Parallel Aware": false,"Async Capable": false,"Relation Name": "nation","Alias": "nation","Startup Cost": 0.00,"Total Cost": 1.25,"Plan Rows": 25,"Plan Width": 108,"Actual Startup Time": 0.042,"Actual Total Time": 0.046,"Actual Rows": 25,"Actual Loops": 4,"Workers": []}]}]}]}]}]}]},"Planning Time": 11.442,"Triggers": [],"Execution Time": 1870.367}]
[{"Plan": {"Node Type": "Aggregate","Strategy": "Sorted","Partial Mode": "Finalize","Parallel Aware": false,"Async Capable": false,"Startup Cost": 47355.08,"Total Cost": 47374.71,"Plan Rows": 146,"Plan Width": 168,"Actual Startup Time": 2440.490,"Actual Total Time": 2625.263,"Actual Rows": 175,"Actual Loops": 1,"Group Key": ["nation.n_name", "(EXTRACT(year FROM orders.o_orderdate))"],"Plans": [{"Node Type": "Gather Merge","Parent Relationship": "Outer","Parallel Aware": false,"Async Capable": false,"Startup Cost": 47355.08,"Total Cost": 47371.30,"Plan Rows": 122,"Plan Width": 168,"Actual Startup Time": 2438.386,"Actual Total Time": 2624.843,"Actual Rows": 525,"Actual Loops": 1,"Workers Planned": 2,"Workers Launched": 2,"Plans": [{"Node Type": "Aggregate","Strategy": "Sorted","Partial Mode": "Partial","Parent Relationship": "Outer","Parallel Aware": false,"Async Capable": false,"Startup Cost": 46355.06,"Total Cost": 46357.20,"Plan Rows": 61,"Plan Width": 168,"Actual Startup Time": 2325.727,"Actual Total Time": 2473.967,"Actual Rows": 175,"Actual Loops": 3,"Group Key": ["nation.n_name", "(EXTRACT(year FROM orders.o_orderdate))"],"Workers": [],"Plans": [{"Node Type": "Sort","Parent Relationship": "Outer","Parallel Aware": false,"Async Capable": false,"Startup Cost": 46355.06,"Total Cost": 46355.21,"Plan Rows": 61,"Plan Width": 159,"Actual Startup Time": 2325.108,"Actual Total Time": 2380.247,"Actual Rows": 108586,"Actual Loops": 3,"Sort Key": ["nation.n_name", "(EXTRACT(year FROM orders.o_orderdate)) DESC"],"Sort Method": "quicksort","Sort Space Used": 14578,"Sort Space Type": "Memory","Workers": [{"Worker Number": 0,"Sort Method": "quicksort","Sort Space Used": 13509,"Sort Space Type": "Memory"},{"Worker Number": 1,"Sort Method": "quicksort","Sort Space Used": 13568,"Sort Space Type": "Memory"}],"Plans": [{"Node Type": "Hash Join","Parent Relationship": "Outer","Parallel Aware": false,"Async Capable": false,"Join Type": "Inner","Startup Cost": 3.13,"Total Cost": 46353.25,"Plan Rows": 61,"Plan Width": 159,"Actual Startup Time": 0.571,"Actual Total Time": 2178.589,"Actual Rows": 108586,"Actual Loops": 3,"Inner Unique": true,"Hash Cond": "(supplier.s_nationkey = nation.n_nationkey)","Workers": [],"Plans": [{"Node Type": "Nested Loop","Parent Relationship": "Outer","Parallel Aware": false,"Async Capable": false,"Join Type": "Inner","Startup Cost": 1.57,"Total Cost": 46351.35,"Plan Rows": 61,"Plan Width": 31,"Actual Startup Time": 0.432,"Actual Total Time": 2147.289,"Actual Rows": 108586,"Actual Loops": 3,"Inner Unique": true,"Workers": [],"Plans": [{"Node Type": "Nested Loop","Parent Relationship": "Outer","Parallel Aware": false,"Async Capable": false,"Join Type": "Inner","Startup Cost": 1.14,"Total Cost": 46322.98,"Plan Rows": 61,"Plan Width": 31,"Actual Startup Time": 0.340,"Actual Total Time": 1002.738,"Actual Rows": 108586,"Actual Loops": 3,"Inner Unique": true,"Workers": [],"Plans": [{"Node Type": "Nested Loop","Parent Relationship": "Outer","Parallel Aware": false,"Async Capable": false,"Join Type": "Inner","Startup Cost": 0.86,"Total Cost": 46304.52,"Plan Rows": 61,"Plan Width": 35,"Actual Startup Time": 0.260,"Actual Total Time": 817.852,"Actual Rows": 108586,"Actual Loops": 3,"Inner Unique": false,"Workers": [],"Plans": [{"Node Type": "Nested Loop","Parent Relationship": "Outer","Parallel Aware": false,"Async Capable": false,"Join Type": "Inner","Startup Cost": 0.42,"Total Cost": 24846.16,"Plan Rows": 20202,"Plan Width": 18,"Actual Startup Time": 0.150,"Actual Total Time": 113.874,"Actual Rows": 14481,"Actual Loops": 3,"Inner Unique": false,"Workers": [],"Plans": [{"Node Type": "Seq Scan","Parent Relationship": "Outer","Parallel Aware": true,"Async Capable": false,"Relation Name": "part","Alias": "part","Startup Cost": 0.00,"Total Cost": 5138.67,"Plan Rows": 5051,"Plan Width": 4,"Actual Startup Time": 0.040,"Actual Total Time": 48.758,"Actual Rows": 3620,"Actual Loops": 3,"Filter": "((p_name)::text ~~ '%chartreuse%'::text)","Rows Removed by Filter": 63046,"Workers": []},{"Node Type": "Index Scan","Parent Relationship": "Inner","Parallel Aware": false,"Async Capable": false,"Scan Direction": "Forward","Index Name": "idx_partsupp_partkey","Relation Name": "partsupp","Alias": "partsupp","Startup Cost": 0.42,"Total Cost": 3.86,"Plan Rows": 4,"Plan Width": 14,"Actual Startup Time": 0.013,"Actual Total Time": 0.017,"Actual Rows": 4,"Actual Loops": 10861,"Index Cond": "(ps_partkey = part.p_partkey)","Rows Removed by Index Recheck": 0,"Workers": []}]},{"Node Type": "Index Scan","Parent Relationship": "Inner","Parallel Aware": false,"Async Capable": false,"Scan Direction": "Forward","Index Name": "idx_lineitem_part_supp","Relation Name": "lineitem","Alias": "lineitem","Startup Cost": 0.43,"Total Cost": 1.05,"Plan Rows": 1,"Plan Width": 29,"Actual Startup Time": 0.007,"Actual Total Time": 0.047,"Actual Rows": 7,"Actual Loops": 43444,"Index Cond": "((l_partkey = partsupp.ps_partkey) AND (l_suppkey = partsupp.ps_suppkey))","Rows Removed by Index Recheck": 0,"Workers": []}]},{"Node Type": "Index Scan","Parent Relationship": "Inner","Parallel Aware": false,"Async Capable": false,"Scan Direction": "Forward","Index Name": "supplier_pkey","Relation Name": "supplier","Alias": "supplier","Startup Cost": 0.29,"Total Cost": 0.30,"Plan Rows": 1,"Plan Width": 8,"Actual Startup Time": 0.001,"Actual Total Time": 0.001,"Actual Rows": 1,"Actual Loops": 325758,"Index Cond": "(s_suppkey = lineitem.l_suppkey)","Rows Removed by Index Recheck": 0,"Workers": []}]},{"Node Type": "Index Scan","Parent Relationship": "Inner","Parallel Aware": false,"Async Capable": false,"Scan Direction": "Forward","Index Name": "orders_pkey","Relation Name": "orders","Alias": "orders","Startup Cost": 0.43,"Total Cost": 0.47,"Plan Rows": 1,"Plan Width": 8,"Actual Startup Time": 0.010,"Actual Total Time": 0.010,"Actual Rows": 1,"Actual Loops": 325758,"Index Cond": "(o_orderkey = lineitem.l_orderkey)","Rows Removed by Index Recheck": 0,"Workers": []}]},{"Node Type": "Hash","Parent Relationship": "Inner","Parallel Aware": false,"Async Capable": false,"Startup Cost": 1.25,"Total Cost": 1.25,"Plan Rows": 25,"Plan Width": 108,"Actual Startup Time": 0.066,"Actual Total Time": 0.077,"Actual Rows": 25,"Actual Loops": 3,"Hash Buckets": 1024,"Original Hash Buckets": 1024,"Hash Batches": 1,"Original Hash Batches": 1,"Peak Memory Usage": 10,"Workers": [],"Plans": [{"Node Type": "Seq Scan","Parent Relationship": "Outer","Parallel Aware": false,"Async Capable": false,"Relation Name": "nation","Alias": "nation","Startup Cost": 0.00,"Total Cost": 1.25,"Plan Rows": 25,"Plan Width": 108,"Actual Startup Time": 0.042,"Actual Total Time": 0.046,"Actual Rows": 25,"Actual Loops": 3,"Workers": []}]}]}]}]}]}]},"Planning Time": 12.561,"Triggers": [],"Execution Time": 2628.191}]
[{"Plan": {"Node Type": "Aggregate","Strategy": "Sorted","Partial Mode": "Finalize","Parallel Aware": false,"Async Capable": false,"Startup Cost": 28858.40,"Total Cost": 28868.07,"Plan Rows": 73,"Plan Width": 168,"Actual Startup Time": 2437.634,"Actual Total Time": 2536.387,"Actual Rows": 175,"Actual Loops": 1,"Group Key": ["nation.n_name", "(EXTRACT(year FROM orders.o_orderdate))"],"Plans": [{"Node Type": "Gather Merge","Parent Relationship": "Outer","Parallel Aware": false,"Async Capable": false,"Startup Cost": 28858.40,"Total Cost": 28866.38,"Plan Rows": 60,"Plan Width": 168,"Actual Startup Time": 2436.170,"Actual Total Time": 2536.007,"Actual Rows": 525,"Actual Loops": 1,"Workers Planned": 2,"Workers Launched": 2,"Plans": [{"Node Type": "Aggregate","Strategy": "Sorted","Partial Mode": "Partial","Parent Relationship": "Outer","Parallel Aware": false,"Async Capable": false,"Startup Cost": 27858.38,"Total Cost": 27859.43,"Plan Rows": 30,"Plan Width": 168,"Actual Startup Time": 2330.398,"Actual Total Time": 2449.907,"Actual Rows": 175,"Actual Loops": 3,"Group Key": ["nation.n_name", "(EXTRACT(year FROM orders.o_orderdate))"],"Workers": [],"Plans": [{"Node Type": "Sort","Parent Relationship": "Outer","Parallel Aware": false,"Async Capable": false,"Startup Cost": 27858.38,"Total Cost": 27858.46,"Plan Rows": 30,"Plan Width": 159,"Actual Startup Time": 2329.782,"Actual Total Time": 2368.079,"Actual Rows": 108338,"Actual Loops": 3,"Sort Key": ["nation.n_name", "(EXTRACT(year FROM orders.o_orderdate)) DESC"],"Sort Method": "quicksort","Sort Space Used": 14593,"Sort Space Type": "Memory","Workers": [{"Worker Number": 0,"Sort Method": "quicksort","Sort Space Used": 13513,"Sort Space Type": "Memory"},{"Worker Number": 1,"Sort Method": "quicksort","Sort Space Used": 13476,"Sort Space Type": "Memory"}],"Plans": [{"Node Type": "Hash Join","Parent Relationship": "Outer","Parallel Aware": false,"Async Capable": false,"Join Type": "Inner","Startup Cost": 3.13,"Total Cost": 27857.64,"Plan Rows": 30,"Plan Width": 159,"Actual Startup Time": 0.731,"Actual Total Time": 2182.891,"Actual Rows": 108338,"Actual Loops": 3,"Inner Unique": true,"Hash Cond": "(supplier.s_nationkey = nation.n_nationkey)","Workers": [],"Plans": [{"Node Type": "Nested Loop","Parent Relationship": "Outer","Parallel Aware": false,"Async Capable": false,"Join Type": "Inner","Startup Cost": 1.57,"Total Cost": 27855.92,"Plan Rows": 30,"Plan Width": 31,"Actual Startup Time": 0.565,"Actual Total Time": 2151.553,"Actual Rows": 108338,"Actual Loops": 3,"Inner Unique": true,"Workers": [],"Plans": [{"Node Type": "Nested Loop","Parent Relationship": "Outer","Parallel Aware": false,"Async Capable": false,"Join Type": "Inner","Startup Cost": 1.14,"Total Cost": 27841.96,"Plan Rows": 30,"Plan Width": 31,"Actual Startup Time": 0.427,"Actual Total Time": 1003.075,"Actual Rows": 108338,"Actual Loops": 3,"Inner Unique": true,"Workers": [],"Plans": [{"Node Type": "Nested Loop","Parent Relationship": "Outer","Parallel Aware": false,"Async Capable": false,"Join Type": "Inner","Startup Cost": 0.86,"Total Cost": 27832.88,"Plan Rows": 30,"Plan Width": 35,"Actual Startup Time": 0.323,"Actual Total Time": 818.616,"Actual Rows": 108338,"Actual Loops": 3,"Inner Unique": false,"Workers": [],"Plans": [{"Node Type": "Nested Loop","Parent Relationship": "Outer","Parallel Aware": false,"Async Capable": false,"Join Type": "Inner","Startup Cost": 0.42,"Total Cost": 17103.70,"Plan Rows": 10101,"Plan Width": 18,"Actual Startup Time": 0.191,"Actual Total Time": 114.214,"Actual Rows": 14445,"Actual Loops": 3,"Inner Unique": false,"Workers": [],"Plans": [{"Node Type": "Seq Scan","Parent Relationship": "Outer","Parallel Aware": true,"Async Capable": false,"Relation Name": "part","Alias": "part","Startup Cost": 0.00,"Total Cost": 5138.67,"Plan Rows": 2525,"Plan Width": 4,"Actual Startup Time": 0.051,"Actual Total Time": 48.661,"Actual Rows": 3611,"Actual Loops": 3,"Filter": "((p_name)::text ~~ '%cream%'::text)","Rows Removed by Filter": 63055,"Workers": []},{"Node Type": "Index Scan","Parent Relationship": "Inner","Parallel Aware": false,"Async Capable": false,"Scan Direction": "Forward","Index Name": "idx_partsupp_partkey","Relation Name": "partsupp","Alias": "partsupp","Startup Cost": 0.42,"Total Cost": 4.70,"Plan Rows": 4,"Plan Width": 14,"Actual Startup Time": 0.014,"Actual Total Time": 0.017,"Actual Rows": 4,"Actual Loops": 10834,"Index Cond": "(ps_partkey = part.p_partkey)","Rows Removed by Index Recheck": 0,"Workers": []}]},{"Node Type": "Index Scan","Parent Relationship": "Inner","Parallel Aware": false,"Async Capable": false,"Scan Direction": "Forward","Index Name": "idx_lineitem_part_supp","Relation Name": "lineitem","Alias": "lineitem","Startup Cost": 0.43,"Total Cost": 1.05,"Plan Rows": 1,"Plan Width": 29,"Actual Startup Time": 0.007,"Actual Total Time": 0.047,"Actual Rows": 7,"Actual Loops": 43336,"Index Cond": "((l_partkey = partsupp.ps_partkey) AND (l_suppkey = partsupp.ps_suppkey))","Rows Removed by Index Recheck": 0,"Workers": []}]},{"Node Type": "Index Scan","Parent Relationship": "Inner","Parallel Aware": false,"Async Capable": false,"Scan Direction": "Forward","Index Name": "supplier_pkey","Relation Name": "supplier","Alias": "supplier","Startup Cost": 0.29,"Total Cost": 0.30,"Plan Rows": 1,"Plan Width": 8,"Actual Startup Time": 0.001,"Actual Total Time": 0.001,"Actual Rows": 1,"Actual Loops": 325015,"Index Cond": "(s_suppkey = lineitem.l_suppkey)","Rows Removed by Index Recheck": 0,"Workers": []}]},{"Node Type": "Index Scan","Parent Relationship": "Inner","Parallel Aware": false,"Async Capable": false,"Scan Direction": "Forward","Index Name": "orders_pkey","Relation Name": "orders","Alias": "orders","Startup Cost": 0.43,"Total Cost": 0.47,"Plan Rows": 1,"Plan Width": 8,"Actual Startup Time": 0.010,"Actual Total Time": 0.010,"Actual Rows": 1,"Actual Loops": 325015,"Index Cond": "(o_orderkey = lineitem.l_orderkey)","Rows Removed by Index Recheck": 0,"Workers": []}]},{"Node Type": "Hash","Parent Relationship": "Inner","Parallel Aware": false,"Async Capable": false,"Startup Cost": 1.25,"Total Cost": 1.25,"Plan Rows": 25,"Plan Width": 108,"Actual Startup Time": 0.071,"Actual Total Time": 0.078,"Actual Rows": 25,"Actual Loops": 3,"Hash Buckets": 1024,"Original Hash Buckets": 1024,"Hash Batches": 1,"Original Hash Batches": 1,"Peak Memory Usage": 10,"Workers": [],"Plans": [{"Node Type": "Seq Scan","Parent Relationship": "Outer","Parallel Aware": false,"Async Capable": false,"Relation Name": "nation","Alias": "nation","Startup Cost": 0.00,"Total Cost": 1.25,"Plan Rows": 25,"Plan Width": 108,"Actual Startup Time": 0.045,"Actual Total Time": 0.051,"Actual Rows": 25,"Actual Loops": 3,"Workers": []}]}]}]}]}]}]},"Planning Time": 10.879,"Triggers": [],"Execution Time": 2537.521}]
[{"Plan": {"Node Type": "Aggregate","Strategy": "Sorted","Partial Mode": "Finalize","Parallel Aware": false,"Async Capable": false,"Startup Cost": 46348.90,"Total Cost": 46374.41,"Plan Rows": 170,"Plan Width": 168,"Actual Startup Time": 1750.907,"Actual Total Time": 1855.023,"Actual Rows": 175,"Actual Loops": 1,"Group Key": ["nation.n_name", "(EXTRACT(year FROM orders.o_orderdate))"],"Plans": [{"Node Type": "Gather Merge","Parent Relationship": "Outer","Parallel Aware": false,"Async Capable": false,"Startup Cost": 46348.90,"Total Cost": 46370.21,"Plan Rows": 165,"Plan Width": 168,"Actual Startup Time": 1749.012,"Actual Total Time": 1854.505,"Actual Rows": 700,"Actual Loops": 1,"Workers Planned": 3,"Workers Launched": 3,"Plans": [{"Node Type": "Aggregate","Strategy": "Sorted","Partial Mode": "Partial","Parent Relationship": "Outer","Parallel Aware": false,"Async Capable": false,"Startup Cost": 45348.86,"Total Cost": 45350.79,"Plan Rows": 55,"Plan Width": 168,"Actual Startup Time": 1664.618,"Actual Total Time": 1759.222,"Actual Rows": 175,"Actual Loops": 4,"Group Key": ["nation.n_name", "(EXTRACT(year FROM orders.o_orderdate))"],"Workers": [],"Plans": [{"Node Type": "Sort","Parent Relationship": "Outer","Parallel Aware": false,"Async Capable": false,"Startup Cost": 45348.86,"Total Cost": 45349.00,"Plan Rows": 55,"Plan Width": 159,"Actual Startup Time": 1664.224,"Actual Total Time": 1696.542,"Actual Rows": 82796,"Actual Loops": 4,"Sort Key": ["nation.n_name", "(EXTRACT(year FROM orders.o_orderdate)) DESC"],"Sort Method": "quicksort","Sort Space Used": 11192,"Sort Space Type": "Memory","Workers": [{"Worker Number": 0,"Sort Method": "quicksort","Sort Space Used": 11411,"Sort Space Type": "Memory"},{"Worker Number": 1,"Sort Method": "quicksort","Sort Space Used": 11117,"Sort Space Type": "Memory"},{"Worker Number": 2,"Sort Method": "quicksort","Sort Space Used": 11548,"Sort Space Type": "Memory"}],"Plans": [{"Node Type": "Hash Join","Parent Relationship": "Outer","Parallel Aware": false,"Async Capable": false,"Join Type": "Inner","Startup Cost": 5215.02,"Total Cost": 45347.27,"Plan Rows": 55,"Plan Width": 159,"Actual Startup Time": 22.142,"Actual Total Time": 1561.411,"Actual Rows": 82796,"Actual Loops": 4,"Inner Unique": true,"Hash Cond": "(supplier.s_nationkey = nation.n_nationkey)","Workers": [],"Plans": [{"Node Type": "Nested Loop","Parent Relationship": "Outer","Parallel Aware": false,"Async Capable": false,"Join Type": "Inner","Startup Cost": 5213.46,"Total Cost": 45345.40,"Plan Rows": 55,"Plan Width": 31,"Actual Startup Time": 21.917,"Actual Total Time": 1537.278,"Actual Rows": 82796,"Actual Loops": 4,"Inner Unique": true,"Workers": [],"Plans": [{"Node Type": "Nested Loop","Parent Relationship": "Outer","Parallel Aware": false,"Async Capable": false,"Join Type": "Inner","Startup Cost": 5213.03,"Total Cost": 45319.82,"Plan Rows": 55,"Plan Width": 31,"Actual Startup Time": 21.852,"Actual Total Time": 791.105,"Actual Rows": 82796,"Actual Loops": 4,"Inner Unique": true,"Workers": [],"Plans": [{"Node Type": "Nested Loop","Parent Relationship": "Outer","Parallel Aware": false,"Async Capable": false,"Join Type": "Inner","Startup Cost": 5212.75,"Total Cost": 45303.17,"Plan Rows": 55,"Plan Width": 35,"Actual Startup Time": 21.805,"Actual Total Time": 652.381,"Actual Rows": 82796,"Actual Loops": 4,"Inner Unique": false,"Workers": [],"Plans": [{"Node Type": "Hash Join","Parent Relationship": "Outer","Parallel Aware": true,"Async Capable": false,"Join Type": "Inner","Startup Cost": 5212.32,"Total Cost": 25921.39,"Plan Rows": 18247,"Plan Width": 18,"Actual Startup Time": 21.736,"Actual Total Time": 188.254,"Actual Rows": 11007,"Actual Loops": 4,"Inner Unique": true,"Hash Cond": "(partsupp.ps_partkey = part.p_partkey)","Workers": [],"Plans": [{"Node Type": "Seq Scan","Parent Relationship": "Outer","Parallel Aware": true,"Async Capable": false,"Relation Name": "partsupp","Alias": "partsupp","Startup Cost": 0.00,"Total Cost": 20031.65,"Plan Rows": 258065,"Plan Width": 14,"Actual Startup Time": 0.015,"Actual Total Time": 42.654,"Actual Rows": 200000,"Actual Loops": 4,"Workers": []},{"Node Type": "Hash","Parent Relationship": "Inner","Parallel Aware": true,"Async Capable": false,"Startup Cost": 5138.67,"Total Cost": 5138.67,"Plan Rows": 5892,"Plan Width": 4,"Actual Startup Time": 21.539,"Actual Total Time": 21.550,"Actual Rows": 2752,"Actual Loops": 4,"Hash Buckets": 16384,"Original Hash Buckets": 16384,"Hash Batches": 1,"Original Hash Batches": 1,"Peak Memory Usage": 608,"Workers": [],"Plans": [{"Node Type": "Seq Scan","Parent Relationship": "Outer","Parallel Aware": true,"Async Capable": false,"Relation Name": "part","Alias": "part","Startup Cost": 0.00,"Total Cost": 5138.67,"Plan Rows": 5892,"Plan Width": 4,"Actual Startup Time": 0.060,"Actual Total Time": 20.080,"Actual Rows": 2752,"Actual Loops": 4,"Filter": "((p_name)::text ~~ '%orange%'::text)","Rows Removed by Filter": 47248,"Workers": []}]}]},{"Node Type": "Index Scan","Parent Relationship": "Inner","Parallel Aware": false,"Async Capable": false,"Scan Direction": "Forward","Index Name": "idx_lineitem_part_supp","Relation Name": "lineitem","Alias": "lineitem","Startup Cost": 0.43,"Total Cost": 1.05,"Plan Rows": 1,"Plan Width": 29,"Actual Startup Time": 0.006,"Actual Total Time": 0.041,"Actual Rows": 8,"Actual Loops": 44028,"Index Cond": "((l_partkey = partsupp.ps_partkey) AND (l_suppkey = partsupp.ps_suppkey))","Rows Removed by Index Recheck": 0,"Workers": []}]},{"Node Type": "Index Scan","Parent Relationship": "Inner","Parallel Aware": false,"Async Capable": false,"Scan Direction": "Forward","Index Name": "supplier_pkey","Relation Name": "supplier","Alias": "supplier","Startup Cost": 0.29,"Total Cost": 0.30,"Plan Rows": 1,"Plan Width": 8,"Actual Startup Time": 0.001,"Actual Total Time": 0.001,"Actual Rows": 1,"Actual Loops": 331186,"Index Cond": "(s_suppkey = lineitem.l_suppkey)","Rows Removed by Index Recheck": 0,"Workers": []}]},{"Node Type": "Index Scan","Parent Relationship": "Inner","Parallel Aware": false,"Async Capable": false,"Scan Direction": "Forward","Index Name": "orders_pkey","Relation Name": "orders","Alias": "orders","Startup Cost": 0.43,"Total Cost": 0.47,"Plan Rows": 1,"Plan Width": 8,"Actual Startup Time": 0.009,"Actual Total Time": 0.009,"Actual Rows": 1,"Actual Loops": 331186,"Index Cond": "(o_orderkey = lineitem.l_orderkey)","Rows Removed by Index Recheck": 0,"Workers": []}]},{"Node Type": "Hash","Parent Relationship": "Inner","Parallel Aware": false,"Async Capable": false,"Startup Cost": 1.25,"Total Cost": 1.25,"Plan Rows": 25,"Plan Width": 108,"Actual Startup Time": 0.103,"Actual Total Time": 0.109,"Actual Rows": 25,"Actual Loops": 4,"Hash Buckets": 1024,"Original Hash Buckets": 1024,"Hash Batches": 1,"Original Hash Batches": 1,"Peak Memory Usage": 10,"Workers": [],"Plans": [{"Node Type": "Seq Scan","Parent Relationship": "Outer","Parallel Aware": false,"Async Capable": false,"Relation Name": "nation","Alias": "nation","Startup Cost": 0.00,"Total Cost": 1.25,"Plan Rows": 25,"Plan Width": 108,"Actual Startup Time": 0.073,"Actual Total Time": 0.079,"Actual Rows": 25,"Actual Loops": 4,"Workers": []}]}]}]}]}]}]},"Planning Time": 12.134,"Triggers": [],"Execution Time": 1857.581}]
[{"Plan": {"Node Type": "Aggregate","Strategy": "Sorted","Partial Mode": "Finalize","Parallel Aware": false,"Async Capable": false,"Startup Cost": 49135.04,"Total Cost": 49164.27,"Plan Rows": 195,"Plan Width": 168,"Actual Startup Time": 1715.979,"Actual Total Time": 1840.844,"Actual Rows": 175,"Actual Loops": 1,"Group Key": ["nation.n_name", "(EXTRACT(year FROM orders.o_orderdate))"],"Plans": [{"Node Type": "Gather Merge","Parent Relationship": "Outer","Parallel Aware": false,"Async Capable": false,"Startup Cost": 49135.04,"Total Cost": 49159.45,"Plan Rows": 189,"Plan Width": 168,"Actual Startup Time": 1714.891,"Actual Total Time": 1840.259,"Actual Rows": 700,"Actual Loops": 1,"Workers Planned": 3,"Workers Launched": 3,"Plans": [{"Node Type": "Aggregate","Strategy": "Sorted","Partial Mode": "Partial","Parent Relationship": "Outer","Parallel Aware": false,"Async Capable": false,"Startup Cost": 48135.00,"Total Cost": 48137.21,"Plan Rows": 63,"Plan Width": 168,"Actual Startup Time": 1628.599,"Actual Total Time": 1725.060,"Actual Rows": 175,"Actual Loops": 4,"Group Key": ["nation.n_name", "(EXTRACT(year FROM orders.o_orderdate))"],"Workers": [],"Plans": [{"Node Type": "Sort","Parent Relationship": "Outer","Parallel Aware": false,"Async Capable": false,"Startup Cost": 48135.00,"Total Cost": 48135.16,"Plan Rows": 63,"Plan Width": 159,"Actual Startup Time": 1628.157,"Actual Total Time": 1658.798,"Actual Rows": 82097,"Actual Loops": 4,"Sort Key": ["nation.n_name", "(EXTRACT(year FROM orders.o_orderdate)) DESC"],"Sort Method": "quicksort","Sort Space Used": 11051,"Sort Space Type": "Memory","Workers": [{"Worker Number": 0,"Sort Method": "quicksort","Sort Space Used": 11042,"Sort Space Type": "Memory"},{"Worker Number": 1,"Sort Method": "quicksort","Sort Space Used": 11460,"Sort Space Type": "Memory"},{"Worker Number": 2,"Sort Method": "quicksort","Sort Space Used": 11436,"Sort Space Type": "Memory"}],"Plans": [{"Node Type": "Hash Join","Parent Relationship": "Outer","Parallel Aware": false,"Async Capable": false,"Join Type": "Inner","Startup Cost": 5225.55,"Total Cost": 48133.12,"Plan Rows": 63,"Plan Width": 159,"Actual Startup Time": 21.742,"Actual Total Time": 1529.409,"Actual Rows": 82097,"Actual Loops": 4,"Inner Unique": true,"Hash Cond": "(supplier.s_nationkey = nation.n_nationkey)","Workers": [],"Plans": [{"Node Type": "Nested Loop","Parent Relationship": "Outer","Parallel Aware": false,"Async Capable": false,"Join Type": "Inner","Startup Cost": 5223.99,"Total Cost": 48131.20,"Plan Rows": 63,"Plan Width": 31,"Actual Startup Time": 21.588,"Actual Total Time": 1505.764,"Actual Rows": 82097,"Actual Loops": 4,"Inner Unique": true,"Workers": [],"Plans": [{"Node Type": "Nested Loop","Parent Relationship": "Outer","Parallel Aware": false,"Async Capable": false,"Join Type": "Inner","Startup Cost": 5223.56,"Total Cost": 48101.90,"Plan Rows": 63,"Plan Width": 31,"Actual Startup Time": 21.515,"Actual Total Time": 779.024,"Actual Rows": 82097,"Actual Loops": 4,"Inner Unique": true,"Workers": [],"Plans": [{"Node Type": "Nested Loop","Parent Relationship": "Outer","Parallel Aware": false,"Async Capable": false,"Join Type": "Inner","Startup Cost": 5223.27,"Total Cost": 48082.83,"Plan Rows": 63,"Plan Width": 35,"Actual Startup Time": 21.469,"Actual Total Time": 641.312,"Actual Rows": 82097,"Actual Loops": 4,"Inner Unique": false,"Workers": [],"Plans": [{"Node Type": "Hash Join","Parent Relationship": "Outer","Parallel Aware": true,"Async Capable": false,"Join Type": "Inner","Startup Cost": 5222.84,"Total Cost": 25931.92,"Plan Rows": 20854,"Plan Width": 18,"Actual Startup Time": 21.399,"Actual Total Time": 183.796,"Actual Rows": 10971,"Actual Loops": 4,"Inner Unique": true,"Hash Cond": "(partsupp.ps_partkey = part.p_partkey)","Workers": [],"Plans": [{"Node Type": "Seq Scan","Parent Relationship": "Outer","Parallel Aware": true,"Async Capable": false,"Relation Name": "partsupp","Alias": "partsupp","Startup Cost": 0.00,"Total Cost": 20031.65,"Plan Rows": 258065,"Plan Width": 14,"Actual Startup Time": 0.012,"Actual Total Time": 41.787,"Actual Rows": 200000,"Actual Loops": 4,"Workers": []},{"Node Type": "Hash","Parent Relationship": "Inner","Parallel Aware": true,"Async Capable": false,"Startup Cost": 5138.67,"Total Cost": 5138.67,"Plan Rows": 6734,"Plan Width": 4,"Actual Startup Time": 21.187,"Actual Total Time": 21.198,"Actual Rows": 2743,"Actual Loops": 4,"Hash Buckets": 16384,"Original Hash Buckets": 16384,"Hash Batches": 1,"Original Hash Batches": 1,"Peak Memory Usage": 576,"Workers": [],"Plans": [{"Node Type": "Seq Scan","Parent Relationship": "Outer","Parallel Aware": true,"Async Capable": false,"Relation Name": "part","Alias": "part","Startup Cost": 0.00,"Total Cost": 5138.67,"Plan Rows": 6734,"Plan Width": 4,"Actual Startup Time": 0.039,"Actual Total Time": 19.867,"Actual Rows": 2743,"Actual Loops": 4,"Filter": "((p_name)::text ~~ '%rosy%'::text)","Rows Removed by Filter": 47257,"Workers": []}]}]},{"Node Type": "Index Scan","Parent Relationship": "Inner","Parallel Aware": false,"Async Capable": false,"Scan Direction": "Forward","Index Name": "idx_lineitem_part_supp","Relation Name": "lineitem","Alias": "lineitem","Startup Cost": 0.43,"Total Cost": 1.05,"Plan Rows": 1,"Plan Width": 29,"Actual Startup Time": 0.006,"Actual Total Time": 0.040,"Actual Rows": 7,"Actual Loops": 43884,"Index Cond": "((l_partkey = partsupp.ps_partkey) AND (l_suppkey = partsupp.ps_suppkey))","Rows Removed by Index Recheck": 0,"Workers": []}]},{"Node Type": "Index Scan","Parent Relationship": "Inner","Parallel Aware": false,"Async Capable": false,"Scan Direction": "Forward","Index Name": "supplier_pkey","Relation Name": "supplier","Alias": "supplier","Startup Cost": 0.29,"Total Cost": 0.30,"Plan Rows": 1,"Plan Width": 8,"Actual Startup Time": 0.001,"Actual Total Time": 0.001,"Actual Rows": 1,"Actual Loops": 328387,"Index Cond": "(s_suppkey = lineitem.l_suppkey)","Rows Removed by Index Recheck": 0,"Workers": []}]},{"Node Type": "Index Scan","Parent Relationship": "Inner","Parallel Aware": false,"Async Capable": false,"Scan Direction": "Forward","Index Name": "orders_pkey","Relation Name": "orders","Alias": "orders","Startup Cost": 0.43,"Total Cost": 0.47,"Plan Rows": 1,"Plan Width": 8,"Actual Startup Time": 0.008,"Actual Total Time": 0.008,"Actual Rows": 1,"Actual Loops": 328387,"Index Cond": "(o_orderkey = lineitem.l_orderkey)","Rows Removed by Index Recheck": 0,"Workers": []}]},{"Node Type": "Hash","Parent Relationship": "Inner","Parallel Aware": false,"Async Capable": false,"Startup Cost": 1.25,"Total Cost": 1.25,"Plan Rows": 25,"Plan Width": 108,"Actual Startup Time": 0.069,"Actual Total Time": 0.074,"Actual Rows": 25,"Actual Loops": 4,"Hash Buckets": 1024,"Original Hash Buckets": 1024,"Hash Batches": 1,"Original Hash Batches": 1,"Peak Memory Usage": 10,"Workers": [],"Plans": [{"Node Type": "Seq Scan","Parent Relationship": "Outer","Parallel Aware": false,"Async Capable": false,"Relation Name": "nation","Alias": "nation","Startup Cost": 0.00,"Total Cost": 1.25,"Plan Rows": 25,"Plan Width": 108,"Actual Startup Time": 0.048,"Actual Total Time": 0.053,"Actual Rows": 25,"Actual Loops": 4,"Workers": []}]}]}]}]}]}]},"Planning Time": 12.029,"Triggers": [],"Execution Time": 1842.931}]
[{"Plan": {"Node Type": "Aggregate","Strategy": "Sorted","Partial Mode": "Finalize","Parallel Aware": false,"Async Capable": false,"Startup Cost": 47355.08,"Total Cost": 47374.71,"Plan Rows": 146,"Plan Width": 168,"Actual Startup Time": 2452.566,"Actual Total Time": 2567.031,"Actual Rows": 175,"Actual Loops": 1,"Group Key": ["nation.n_name", "(EXTRACT(year FROM orders.o_orderdate))"],"Plans": [{"Node Type": "Gather Merge","Parent Relationship": "Outer","Parallel Aware": false,"Async Capable": false,"Startup Cost": 47355.08,"Total Cost": 47371.30,"Plan Rows": 122,"Plan Width": 168,"Actual Startup Time": 2450.871,"Actual Total Time": 2566.628,"Actual Rows": 525,"Actual Loops": 1,"Workers Planned": 2,"Workers Launched": 2,"Plans": [{"Node Type": "Aggregate","Strategy": "Sorted","Partial Mode": "Partial","Parent Relationship": "Outer","Parallel Aware": false,"Async Capable": false,"Startup Cost": 46355.06,"Total Cost": 46357.20,"Plan Rows": 61,"Plan Width": 168,"Actual Startup Time": 2346.089,"Actual Total Time": 2471.460,"Actual Rows": 175,"Actual Loops": 3,"Group Key": ["nation.n_name", "(EXTRACT(year FROM orders.o_orderdate))"],"Workers": [],"Plans": [{"Node Type": "Sort","Parent Relationship": "Outer","Parallel Aware": false,"Async Capable": false,"Startup Cost": 46355.06,"Total Cost": 46355.21,"Plan Rows": 61,"Plan Width": 159,"Actual Startup Time": 2345.653,"Actual Total Time": 2387.447,"Actual Rows": 108546,"Actual Loops": 3,"Sort Key": ["nation.n_name", "(EXTRACT(year FROM orders.o_orderdate)) DESC"],"Sort Method": "quicksort","Sort Space Used": 13713,"Sort Space Type": "Memory","Workers": [{"Worker Number": 0,"Sort Method": "quicksort","Sort Space Used": 13549,"Sort Space Type": "Memory"},{"Worker Number": 1,"Sort Method": "quicksort","Sort Space Used": 14378,"Sort Space Type": "Memory"}],"Plans": [{"Node Type": "Hash Join","Parent Relationship": "Outer","Parallel Aware": false,"Async Capable": false,"Join Type": "Inner","Startup Cost": 3.13,"Total Cost": 46353.25,"Plan Rows": 61,"Plan Width": 159,"Actual Startup Time": 0.592,"Actual Total Time": 2199.728,"Actual Rows": 108546,"Actual Loops": 3,"Inner Unique": true,"Hash Cond": "(supplier.s_nationkey = nation.n_nationkey)","Workers": [],"Plans": [{"Node Type": "Nested Loop","Parent Relationship": "Outer","Parallel Aware": false,"Async Capable": false,"Join Type": "Inner","Startup Cost": 1.57,"Total Cost": 46351.35,"Plan Rows": 61,"Plan Width": 31,"Actual Startup Time": 0.443,"Actual Total Time": 2168.555,"Actual Rows": 108546,"Actual Loops": 3,"Inner Unique": true,"Workers": [],"Plans": [{"Node Type": "Nested Loop","Parent Relationship": "Outer","Parallel Aware": false,"Async Capable": false,"Join Type": "Inner","Startup Cost": 1.14,"Total Cost": 46322.98,"Plan Rows": 61,"Plan Width": 31,"Actual Startup Time": 0.344,"Actual Total Time": 1012.735,"Actual Rows": 108546,"Actual Loops": 3,"Inner Unique": true,"Workers": [],"Plans": [{"Node Type": "Nested Loop","Parent Relationship": "Outer","Parallel Aware": false,"Async Capable": false,"Join Type": "Inner","Startup Cost": 0.86,"Total Cost": 46304.52,"Plan Rows": 61,"Plan Width": 35,"Actual Startup Time": 0.256,"Actual Total Time": 826.897,"Actual Rows": 108546,"Actual Loops": 3,"Inner Unique": false,"Workers": [],"Plans": [{"Node Type": "Nested Loop","Parent Relationship": "Outer","Parallel Aware": false,"Async Capable": false,"Join Type": "Inner","Startup Cost": 0.42,"Total Cost": 24846.16,"Plan Rows": 20202,"Plan Width": 18,"Actual Startup Time": 0.152,"Actual Total Time": 115.642,"Actual Rows": 14489,"Actual Loops": 3,"Inner Unique": false,"Workers": [],"Plans": [{"Node Type": "Seq Scan","Parent Relationship": "Outer","Parallel Aware": true,"Async Capable": false,"Relation Name": "part","Alias": "part","Startup Cost": 0.00,"Total Cost": 5138.67,"Plan Rows": 5051,"Plan Width": 4,"Actual Startup Time": 0.052,"Actual Total Time": 49.595,"Actual Rows": 3622,"Actual Loops": 3,"Filter": "((p_name)::text ~~ '%thistle%'::text)","Rows Removed by Filter": 63044,"Workers": []},{"Node Type": "Index Scan","Parent Relationship": "Inner","Parallel Aware": false,"Async Capable": false,"Scan Direction": "Forward","Index Name": "idx_partsupp_partkey","Relation Name": "partsupp","Alias": "partsupp","Startup Cost": 0.42,"Total Cost": 3.86,"Plan Rows": 4,"Plan Width": 14,"Actual Startup Time": 0.014,"Actual Total Time": 0.017,"Actual Rows": 4,"Actual Loops": 10867,"Index Cond": "(ps_partkey = part.p_partkey)","Rows Removed by Index Recheck": 0,"Workers": []}]},{"Node Type": "Index Scan","Parent Relationship": "Inner","Parallel Aware": false,"Async Capable": false,"Scan Direction": "Forward","Index Name": "idx_lineitem_part_supp","Relation Name": "lineitem","Alias": "lineitem","Startup Cost": 0.43,"Total Cost": 1.05,"Plan Rows": 1,"Plan Width": 29,"Actual Startup Time": 0.007,"Actual Total Time": 0.047,"Actual Rows": 7,"Actual Loops": 43468,"Index Cond": "((l_partkey = partsupp.ps_partkey) AND (l_suppkey = partsupp.ps_suppkey))","Rows Removed by Index Recheck": 0,"Workers": []}]},{"Node Type": "Index Scan","Parent Relationship": "Inner","Parallel Aware": false,"Async Capable": false,"Scan Direction": "Forward","Index Name": "supplier_pkey","Relation Name": "supplier","Alias": "supplier","Startup Cost": 0.29,"Total Cost": 0.30,"Plan Rows": 1,"Plan Width": 8,"Actual Startup Time": 0.001,"Actual Total Time": 0.001,"Actual Rows": 1,"Actual Loops": 325638,"Index Cond": "(s_suppkey = lineitem.l_suppkey)","Rows Removed by Index Recheck": 0,"Workers": []}]},{"Node Type": "Index Scan","Parent Relationship": "Inner","Parallel Aware": false,"Async Capable": false,"Scan Direction": "Forward","Index Name": "orders_pkey","Relation Name": "orders","Alias": "orders","Startup Cost": 0.43,"Total Cost": 0.47,"Plan Rows": 1,"Plan Width": 8,"Actual Startup Time": 0.010,"Actual Total Time": 0.010,"Actual Rows": 1,"Actual Loops": 325638,"Index Cond": "(o_orderkey = lineitem.l_orderkey)","Rows Removed by Index Recheck": 0,"Workers": []}]},{"Node Type": "Hash","Parent Relationship": "Inner","Parallel Aware": false,"Async Capable": false,"Startup Cost": 1.25,"Total Cost": 1.25,"Plan Rows": 25,"Plan Width": 108,"Actual Startup Time": 0.061,"Actual Total Time": 0.085,"Actual Rows": 25,"Actual Loops": 3,"Hash Buckets": 1024,"Original Hash Buckets": 1024,"Hash Batches": 1,"Original Hash Batches": 1,"Peak Memory Usage": 10,"Workers": [],"Plans": [{"Node Type": "Seq Scan","Parent Relationship": "Outer","Parallel Aware": false,"Async Capable": false,"Relation Name": "nation","Alias": "nation","Startup Cost": 0.00,"Total Cost": 1.25,"Plan Rows": 25,"Plan Width": 108,"Actual Startup Time": 0.037,"Actual Total Time": 0.057,"Actual Rows": 25,"Actual Loops": 3,"Workers": []}]}]}]}]}]}]},"Planning Time": 12.360,"Triggers": [],"Execution Time": 2569.911}]
[{"Plan": {"Node Type": "Aggregate","Strategy": "Sorted","Partial Mode": "Finalize","Parallel Aware": false,"Async Capable": false,"Startup Cost": 47355.08,"Total Cost": 47374.71,"Plan Rows": 146,"Plan Width": 168,"Actual Startup Time": 2378.458,"Actual Total Time": 2522.697,"Actual Rows": 175,"Actual Loops": 1,"Group Key": ["nation.n_name", "(EXTRACT(year FROM orders.o_orderdate))"],"Plans": [{"Node Type": "Gather Merge","Parent Relationship": "Outer","Parallel Aware": false,"Async Capable": false,"Startup Cost": 47355.08,"Total Cost": 47371.30,"Plan Rows": 122,"Plan Width": 168,"Actual Startup Time": 2377.513,"Actual Total Time": 2522.343,"Actual Rows": 525,"Actual Loops": 1,"Workers Planned": 2,"Workers Launched": 2,"Plans": [{"Node Type": "Aggregate","Strategy": "Sorted","Partial Mode": "Partial","Parent Relationship": "Outer","Parallel Aware": false,"Async Capable": false,"Startup Cost": 46355.06,"Total Cost": 46357.20,"Plan Rows": 61,"Plan Width": 168,"Actual Startup Time": 2288.556,"Actual Total Time": 2417.572,"Actual Rows": 175,"Actual Loops": 3,"Group Key": ["nation.n_name", "(EXTRACT(year FROM orders.o_orderdate))"],"Workers": [],"Plans": [{"Node Type": "Sort","Parent Relationship": "Outer","Parallel Aware": false,"Async Capable": false,"Startup Cost": 46355.06,"Total Cost": 46355.21,"Plan Rows": 61,"Plan Width": 159,"Actual Startup Time": 2288.214,"Actual Total Time": 2333.035,"Actual Rows": 106468,"Actual Loops": 3,"Sort Key": ["nation.n_name", "(EXTRACT(year FROM orders.o_orderdate)) DESC"],"Sort Method": "quicksort","Sort Space Used": 14402,"Sort Space Type": "Memory","Workers": [{"Worker Number": 0,"Sort Method": "quicksort","Sort Space Used": 13293,"Sort Space Type": "Memory"},{"Worker Number": 1,"Sort Method": "quicksort","Sort Space Used": 13330,"Sort Space Type": "Memory"}],"Plans": [{"Node Type": "Hash Join","Parent Relationship": "Outer","Parallel Aware": false,"Async Capable": false,"Join Type": "Inner","Startup Cost": 3.13,"Total Cost": 46353.25,"Plan Rows": 61,"Plan Width": 159,"Actual Startup Time": 0.765,"Actual Total Time": 2146.837,"Actual Rows": 106468,"Actual Loops": 3,"Inner Unique": true,"Hash Cond": "(supplier.s_nationkey = nation.n_nationkey)","Workers": [],"Plans": [{"Node Type": "Nested Loop","Parent Relationship": "Outer","Parallel Aware": false,"Async Capable": false,"Join Type": "Inner","Startup Cost": 1.57,"Total Cost": 46351.35,"Plan Rows": 61,"Plan Width": 31,"Actual Startup Time": 0.566,"Actual Total Time": 2116.014,"Actual Rows": 106468,"Actual Loops": 3,"Inner Unique": true,"Workers": [],"Plans": [{"Node Type": "Nested Loop","Parent Relationship": "Outer","Parallel Aware": false,"Async Capable": false,"Join Type": "Inner","Startup Cost": 1.14,"Total Cost": 46322.98,"Plan Rows": 61,"Plan Width": 31,"Actual Startup Time": 0.424,"Actual Total Time": 986.299,"Actual Rows": 106468,"Actual Loops": 3,"Inner Unique": true,"Workers": [],"Plans": [{"Node Type": "Nested Loop","Parent Relationship": "Outer","Parallel Aware": false,"Async Capable": false,"Join Type": "Inner","Startup Cost": 0.86,"Total Cost": 46304.52,"Plan Rows": 61,"Plan Width": 35,"Actual Startup Time": 0.322,"Actual Total Time": 804.474,"Actual Rows": 106468,"Actual Loops": 3,"Inner Unique": false,"Workers": [],"Plans": [{"Node Type": "Nested Loop","Parent Relationship": "Outer","Parallel Aware": false,"Async Capable": false,"Join Type": "Inner","Startup Cost": 0.42,"Total Cost": 24846.16,"Plan Rows": 20202,"Plan Width": 18,"Actual Startup Time": 0.207,"Actual Total Time": 112.316,"Actual Rows": 14219,"Actual Loops": 3,"Inner Unique": false,"Workers": [],"Plans": [{"Node Type": "Seq Scan","Parent Relationship": "Outer","Parallel Aware": true,"Async Capable": false,"Relation Name": "part","Alias": "part","Startup Cost": 0.00,"Total Cost": 5138.67,"Plan Rows": 5051,"Plan Width": 4,"Actual Startup Time": 0.062,"Actual Total Time": 48.140,"Actual Rows": 3555,"Actual Loops": 3,"Filter": "((p_name)::text ~~ '%green%'::text)","Rows Removed by Filter": 63112,"Workers": []},{"Node Type": "Index Scan","Parent Relationship": "Inner","Parallel Aware": false,"Async Capable": false,"Scan Direction": "Forward","Index Name": "idx_partsupp_partkey","Relation Name": "partsupp","Alias": "partsupp","Startup Cost": 0.42,"Total Cost": 3.86,"Plan Rows": 4,"Plan Width": 14,"Actual Startup Time": 0.014,"Actual Total Time": 0.017,"Actual Rows": 4,"Actual Loops": 10664,"Index Cond": "(ps_partkey = part.p_partkey)","Rows Removed by Index Recheck": 0,"Workers": []}]},{"Node Type": "Index Scan","Parent Relationship": "Inner","Parallel Aware": false,"Async Capable": false,"Scan Direction": "Forward","Index Name": "idx_lineitem_part_supp","Relation Name": "lineitem","Alias": "lineitem","Startup Cost": 0.43,"Total Cost": 1.05,"Plan Rows": 1,"Plan Width": 29,"Actual Startup Time": 0.007,"Actual Total Time": 0.047,"Actual Rows": 7,"Actual Loops": 42656,"Index Cond": "((l_partkey = partsupp.ps_partkey) AND (l_suppkey = partsupp.ps_suppkey))","Rows Removed by Index Recheck": 0,"Workers": []}]},{"Node Type": "Index Scan","Parent Relationship": "Inner","Parallel Aware": false,"Async Capable": false,"Scan Direction": "Forward","Index Name": "supplier_pkey","Relation Name": "supplier","Alias": "supplier","Startup Cost": 0.29,"Total Cost": 0.30,"Plan Rows": 1,"Plan Width": 8,"Actual Startup Time": 0.001,"Actual Total Time": 0.001,"Actual Rows": 1,"Actual Loops": 319404,"Index Cond": "(s_suppkey = lineitem.l_suppkey)","Rows Removed by Index Recheck": 0,"Workers": []}]},{"Node Type": "Index Scan","Parent Relationship": "Inner","Parallel Aware": false,"Async Capable": false,"Scan Direction": "Forward","Index Name": "orders_pkey","Relation Name": "orders","Alias": "orders","Startup Cost": 0.43,"Total Cost": 0.47,"Plan Rows": 1,"Plan Width": 8,"Actual Startup Time": 0.010,"Actual Total Time": 0.010,"Actual Rows": 1,"Actual Loops": 319404,"Index Cond": "(o_orderkey = lineitem.l_orderkey)","Rows Removed by Index Recheck": 0,"Workers": []}]},{"Node Type": "Hash","Parent Relationship": "Inner","Parallel Aware": false,"Async Capable": false,"Startup Cost": 1.25,"Total Cost": 1.25,"Plan Rows": 25,"Plan Width": 108,"Actual Startup Time": 0.086,"Actual Total Time": 0.098,"Actual Rows": 25,"Actual Loops": 3,"Hash Buckets": 1024,"Original Hash Buckets": 1024,"Hash Batches": 1,"Original Hash Batches": 1,"Peak Memory Usage": 10,"Workers": [],"Plans": [{"Node Type": "Seq Scan","Parent Relationship": "Outer","Parallel Aware": false,"Async Capable": false,"Relation Name": "nation","Alias": "nation","Startup Cost": 0.00,"Total Cost": 1.25,"Plan Rows": 25,"Plan Width": 108,"Actual Startup Time": 0.058,"Actual Total Time": 0.065,"Actual Rows": 25,"Actual Loops": 3,"Workers": []}]}]}]}]}]}]},"Planning Time": 11.140,"Triggers": [],"Execution Time": 2525.518}]
[{"Plan": {"Node Type": "Aggregate","Strategy": "Sorted","Partial Mode": "Finalize","Parallel Aware": false,"Async Capable": false,"Startup Cost": 46348.90,"Total Cost": 46374.41,"Plan Rows": 170,"Plan Width": 168,"Actual Startup Time": 1721.273,"Actual Total Time": 1854.515,"Actual Rows": 175,"Actual Loops": 1,"Group Key": ["nation.n_name", "(EXTRACT(year FROM orders.o_orderdate))"],"Plans": [{"Node Type": "Gather Merge","Parent Relationship": "Outer","Parallel Aware": false,"Async Capable": false,"Startup Cost": 46348.90,"Total Cost": 46370.21,"Plan Rows": 165,"Plan Width": 168,"Actual Startup Time": 1719.350,"Actual Total Time": 1854.023,"Actual Rows": 700,"Actual Loops": 1,"Workers Planned": 3,"Workers Launched": 3,"Plans": [{"Node Type": "Aggregate","Strategy": "Sorted","Partial Mode": "Partial","Parent Relationship": "Outer","Parallel Aware": false,"Async Capable": false,"Startup Cost": 45348.86,"Total Cost": 45350.79,"Plan Rows": 55,"Plan Width": 168,"Actual Startup Time": 1646.442,"Actual Total Time": 1738.929,"Actual Rows": 175,"Actual Loops": 4,"Group Key": ["nation.n_name", "(EXTRACT(year FROM orders.o_orderdate))"],"Workers": [],"Plans": [{"Node Type": "Sort","Parent Relationship": "Outer","Parallel Aware": false,"Async Capable": false,"Startup Cost": 45348.86,"Total Cost": 45349.00,"Plan Rows": 55,"Plan Width": 159,"Actual Startup Time": 1645.906,"Actual Total Time": 1677.663,"Actual Rows": 81262,"Actual Loops": 4,"Sort Key": ["nation.n_name", "(EXTRACT(year FROM orders.o_orderdate)) DESC"],"Sort Method": "quicksort","Sort Space Used": 11306,"Sort Space Type": "Memory","Workers": [{"Worker Number": 0,"Sort Method": "quicksort","Sort Space Used": 11205,"Sort Space Type": "Memory"},{"Worker Number": 1,"Sort Method": "quicksort","Sort Space Used": 11072,"Sort Space Type": "Memory"},{"Worker Number": 2,"Sort Method": "quicksort","Sort Space Used": 11071,"Sort Space Type": "Memory"}],"Plans": [{"Node Type": "Hash Join","Parent Relationship": "Outer","Parallel Aware": false,"Async Capable": false,"Join Type": "Inner","Startup Cost": 5215.02,"Total Cost": 45347.27,"Plan Rows": 55,"Plan Width": 159,"Actual Startup Time": 21.234,"Actual Total Time": 1544.257,"Actual Rows": 81262,"Actual Loops": 4,"Inner Unique": true,"Hash Cond": "(supplier.s_nationkey = nation.n_nationkey)","Workers": [],"Plans": [{"Node Type": "Nested Loop","Parent Relationship": "Outer","Parallel Aware": false,"Async Capable": false,"Join Type": "Inner","Startup Cost": 5213.46,"Total Cost": 45345.40,"Plan Rows": 55,"Plan Width": 31,"Actual Startup Time": 21.038,"Actual Total Time": 1520.991,"Actual Rows": 81262,"Actual Loops": 4,"Inner Unique": true,"Workers": [],"Plans": [{"Node Type": "Nested Loop","Parent Relationship": "Outer","Parallel Aware": false,"Async Capable": false,"Join Type": "Inner","Startup Cost": 5213.03,"Total Cost": 45319.82,"Plan Rows": 55,"Plan Width": 31,"Actual Startup Time": 20.972,"Actual Total Time": 791.083,"Actual Rows": 81262,"Actual Loops": 4,"Inner Unique": true,"Workers": [],"Plans": [{"Node Type": "Nested Loop","Parent Relationship": "Outer","Parallel Aware": false,"Async Capable": false,"Join Type": "Inner","Startup Cost": 5212.75,"Total Cost": 45303.17,"Plan Rows": 55,"Plan Width": 35,"Actual Startup Time": 20.917,"Actual Total Time": 653.989,"Actual Rows": 81262,"Actual Loops": 4,"Inner Unique": false,"Workers": [],"Plans": [{"Node Type": "Hash Join","Parent Relationship": "Outer","Parallel Aware": true,"Async Capable": false,"Join Type": "Inner","Startup Cost": 5212.32,"Total Cost": 25921.39,"Plan Rows": 18247,"Plan Width": 18,"Actual Startup Time": 20.846,"Actual Total Time": 195.804,"Actual Rows": 10838,"Actual Loops": 4,"Inner Unique": true,"Hash Cond": "(partsupp.ps_partkey = part.p_partkey)","Workers": [],"Plans": [{"Node Type": "Seq Scan","Parent Relationship": "Outer","Parallel Aware": true,"Async Capable": false,"Relation Name": "partsupp","Alias": "partsupp","Startup Cost": 0.00,"Total Cost": 20031.65,"Plan Rows": 258065,"Plan Width": 14,"Actual Startup Time": 0.011,"Actual Total Time": 42.921,"Actual Rows": 200000,"Actual Loops": 4,"Workers": []},{"Node Type": "Hash","Parent Relationship": "Inner","Parallel Aware": true,"Async Capable": false,"Startup Cost": 5138.67,"Total Cost": 5138.67,"Plan Rows": 5892,"Plan Width": 4,"Actual Startup Time": 20.643,"Actual Total Time": 20.652,"Actual Rows": 2710,"Actual Loops": 4,"Hash Buckets": 16384,"Original Hash Buckets": 16384,"Hash Batches": 1,"Original Hash Batches": 1,"Peak Memory Usage": 608,"Workers": [],"Plans": [{"Node Type": "Seq Scan","Parent Relationship": "Outer","Parallel Aware": true,"Async Capable": false,"Relation Name": "part","Alias": "part","Startup Cost": 0.00,"Total Cost": 5138.67,"Plan Rows": 5892,"Plan Width": 4,"Actual Startup Time": 0.061,"Actual Total Time": 19.025,"Actual Rows": 2710,"Actual Loops": 4,"Filter": "((p_name)::text ~~ '%burnished%'::text)","Rows Removed by Filter": 47290,"Workers": []}]}]},{"Node Type": "Index Scan","Parent Relationship": "Inner","Parallel Aware": false,"Async Capable": false,"Scan Direction": "Forward","Index Name": "idx_lineitem_part_supp","Relation Name": "lineitem","Alias": "lineitem","Startup Cost": 0.43,"Total Cost": 1.05,"Plan Rows": 1,"Plan Width": 29,"Actual Startup Time": 0.006,"Actual Total Time": 0.041,"Actual Rows": 7,"Actual Loops": 43352,"Index Cond": "((l_partkey = partsupp.ps_partkey) AND (l_suppkey = partsupp.ps_suppkey))","Rows Removed by Index Recheck": 0,"Workers": []}]},{"Node Type": "Index Scan","Parent Relationship": "Inner","Parallel Aware": false,"Async Capable": false,"Scan Direction": "Forward","Index Name": "supplier_pkey","Relation Name": "supplier","Alias": "supplier","Startup Cost": 0.29,"Total Cost": 0.30,"Plan Rows": 1,"Plan Width": 8,"Actual Startup Time": 0.001,"Actual Total Time": 0.001,"Actual Rows": 1,"Actual Loops": 325050,"Index Cond": "(s_suppkey = lineitem.l_suppkey)","Rows Removed by Index Recheck": 0,"Workers": []}]},{"Node Type": "Index Scan","Parent Relationship": "Inner","Parallel Aware": false,"Async Capable": false,"Scan Direction": "Forward","Index Name": "orders_pkey","Relation Name": "orders","Alias": "orders","Startup Cost": 0.43,"Total Cost": 0.47,"Plan Rows": 1,"Plan Width": 8,"Actual Startup Time": 0.009,"Actual Total Time": 0.009,"Actual Rows": 1,"Actual Loops": 325050,"Index Cond": "(o_orderkey = lineitem.l_orderkey)","Rows Removed by Index Recheck": 0,"Workers": []}]},{"Node Type": "Hash","Parent Relationship": "Inner","Parallel Aware": false,"Async Capable": false,"Startup Cost": 1.25,"Total Cost": 1.25,"Plan Rows": 25,"Plan Width": 108,"Actual Startup Time": 0.087,"Actual Total Time": 0.092,"Actual Rows": 25,"Actual Loops": 4,"Hash Buckets": 1024,"Original Hash Buckets": 1024,"Hash Batches": 1,"Original Hash Batches": 1,"Peak Memory Usage": 10,"Workers": [],"Plans": [{"Node Type": "Seq Scan","Parent Relationship": "Outer","Parallel Aware": false,"Async Capable": false,"Relation Name": "nation","Alias": "nation","Startup Cost": 0.00,"Total Cost": 1.25,"Plan Rows": 25,"Plan Width": 108,"Actual Startup Time": 0.057,"Actual Total Time": 0.064,"Actual Rows": 25,"Actual Loops": 4,"Workers": []}]}]}]}]}]}]},"Planning Time": 12.393,"Triggers": [],"Execution Time": 1858.181}]
[{"Plan": {"Node Type": "Aggregate","Strategy": "Sorted","Partial Mode": "Finalize","Parallel Aware": false,"Async Capable": false,"Startup Cost": 15191.58,"Total Cost": 15194.80,"Plan Rows": 24,"Plan Width": 168,"Actual Startup Time": 2527.969,"Actual Total Time": 2683.056,"Actual Rows": 175,"Actual Loops": 1,"Group Key": ["nation.n_name", "(EXTRACT(year FROM orders.o_orderdate))"],"Plans": [{"Node Type": "Gather Merge","Parent Relationship": "Outer","Parallel Aware": false,"Async Capable": false,"Startup Cost": 15191.58,"Total Cost": 15194.24,"Plan Rows": 20,"Plan Width": 168,"Actual Startup Time": 2526.404,"Actual Total Time": 2682.506,"Actual Rows": 525,"Actual Loops": 1,"Workers Planned": 2,"Workers Launched": 2,"Plans": [{"Node Type": "Aggregate","Strategy": "Sorted","Partial Mode": "Partial","Parent Relationship": "Outer","Parallel Aware": false,"Async Capable": false,"Startup Cost": 14191.56,"Total Cost": 14191.91,"Plan Rows": 10,"Plan Width": 168,"Actual Startup Time": 2407.501,"Actual Total Time": 2530.795,"Actual Rows": 175,"Actual Loops": 3,"Group Key": ["nation.n_name", "(EXTRACT(year FROM orders.o_orderdate))"],"Workers": [],"Plans": [{"Node Type": "Sort","Parent Relationship": "Outer","Parallel Aware": false,"Async Capable": false,"Startup Cost": 14191.56,"Total Cost": 14191.59,"Plan Rows": 10,"Plan Width": 159,"Actual Startup Time": 2407.024,"Actual Total Time": 2447.211,"Actual Rows": 108476,"Actual Loops": 3,"Sort Key": ["nation.n_name", "(EXTRACT(year FROM orders.o_orderdate)) DESC"],"Sort Method": "quicksort","Sort Space Used": 13864,"Sort Space Type": "Memory","Workers": [{"Worker Number": 0,"Sort Method": "quicksort","Sort Space Used": 14243,"Sort Space Type": "Memory"},{"Worker Number": 1,"Sort Method": "quicksort","Sort Space Used": 13510,"Sort Space Type": "Memory"}],"Plans": [{"Node Type": "Nested Loop","Parent Relationship": "Outer","Parallel Aware": false,"Async Capable": false,"Join Type": "Inner","Startup Cost": 1.71,"Total Cost": 14191.39,"Plan Rows": 10,"Plan Width": 159,"Actual Startup Time": 0.538,"Actual Total Time": 2256.346,"Actual Rows": 108476,"Actual Loops": 3,"Inner Unique": true,"Workers": [],"Plans": [{"Node Type": "Nested Loop","Parent Relationship": "Outer","Parallel Aware": false,"Async Capable": false,"Join Type": "Inner","Startup Cost": 1.57,"Total Cost": 14189.81,"Plan Rows": 10,"Plan Width": 31,"Actual Startup Time": 0.460,"Actual Total Time": 2101.149,"Actual Rows": 108476,"Actual Loops": 3,"Inner Unique": true,"Workers": [],"Plans": [{"Node Type": "Nested Loop","Parent Relationship": "Outer","Parallel Aware": false,"Async Capable": false,"Join Type": "Inner","Startup Cost": 1.14,"Total Cost": 14185.15,"Plan Rows": 10,"Plan Width": 31,"Actual Startup Time": 0.332,"Actual Total Time": 962.931,"Actual Rows": 108476,"Actual Loops": 3,"Inner Unique": true,"Workers": [],"Plans": [{"Node Type": "Nested Loop","Parent Relationship": "Outer","Parallel Aware": false,"Async Capable": false,"Join Type": "Inner","Startup Cost": 0.86,"Total Cost": 14182.13,"Plan Rows": 10,"Plan Width": 35,"Actual Startup Time": 0.259,"Actual Total Time": 774.484,"Actual Rows": 108476,"Actual Loops": 3,"Inner Unique": false,"Workers": [],"Plans": [{"Node Type": "Nested Loop","Parent Relationship": "Outer","Parallel Aware": false,"Async Capable": false,"Join Type": "Inner","Startup Cost": 0.42,"Total Cost": 10605.73,"Plan Rows": 3367,"Plan Width": 18,"Actual Startup Time": 0.149,"Actual Total Time": 122.879,"Actual Rows": 14427,"Actual Loops": 3,"Inner Unique": false,"Workers": [],"Plans": [{"Node Type": "Seq Scan","Parent Relationship": "Outer","Parallel Aware": true,"Async Capable": false,"Relation Name": "part","Alias": "part","Startup Cost": 0.00,"Total Cost": 5138.67,"Plan Rows": 842,"Plan Width": 4,"Actual Startup Time": 0.054,"Actual Total Time": 51.647,"Actual Rows": 3607,"Actual Loops": 3,"Filter": "((p_name)::text ~~ '%light%'::text)","Rows Removed by Filter": 63060,"Workers": []},{"Node Type": "Index Scan","Parent Relationship": "Inner","Parallel Aware": false,"Async Capable": false,"Scan Direction": "Forward","Index Name": "idx_partsupp_partkey","Relation Name": "partsupp","Alias": "partsupp","Startup Cost": 0.42,"Total Cost": 6.45,"Plan Rows": 4,"Plan Width": 14,"Actual Startup Time": 0.014,"Actual Total Time": 0.019,"Actual Rows": 4,"Actual Loops": 10820,"Index Cond": "(ps_partkey = part.p_partkey)","Rows Removed by Index Recheck": 0,"Workers": []}]},{"Node Type": "Index Scan","Parent Relationship": "Inner","Parallel Aware": false,"Async Capable": false,"Scan Direction": "Forward","Index Name": "idx_lineitem_part_supp","Relation Name": "lineitem","Alias": "lineitem","Startup Cost": 0.43,"Total Cost": 1.05,"Plan Rows": 1,"Plan Width": 29,"Actual Startup Time": 0.007,"Actual Total Time": 0.043,"Actual Rows": 8,"Actual Loops": 43280,"Index Cond": "((l_partkey = partsupp.ps_partkey) AND (l_suppkey = partsupp.ps_suppkey))","Rows Removed by Index Recheck": 0,"Workers": []}]},{"Node Type": "Index Scan","Parent Relationship": "Inner","Parallel Aware": false,"Async Capable": false,"Scan Direction": "Forward","Index Name": "supplier_pkey","Relation Name": "supplier","Alias": "supplier","Startup Cost": 0.29,"Total Cost": 0.30,"Plan Rows": 1,"Plan Width": 8,"Actual Startup Time": 0.001,"Actual Total Time": 0.001,"Actual Rows": 1,"Actual Loops": 325427,"Index Cond": "(s_suppkey = lineitem.l_suppkey)","Rows Removed by Index Recheck": 0,"Workers": []}]},{"Node Type": "Index Scan","Parent Relationship": "Inner","Parallel Aware": false,"Async Capable": false,"Scan Direction": "Forward","Index Name": "orders_pkey","Relation Name": "orders","Alias": "orders","Startup Cost": 0.43,"Total Cost": 0.47,"Plan Rows": 1,"Plan Width": 8,"Actual Startup Time": 0.010,"Actual Total Time": 0.010,"Actual Rows": 1,"Actual Loops": 325427,"Index Cond": "(o_orderkey = lineitem.l_orderkey)","Rows Removed by Index Recheck": 0,"Workers": []}]},{"Node Type": "Index Scan","Parent Relationship": "Inner","Parallel Aware": false,"Async Capable": false,"Scan Direction": "Forward","Index Name": "nation_pkey","Relation Name": "nation","Alias": "nation","Startup Cost": 0.14,"Total Cost": 0.16,"Plan Rows": 1,"Plan Width": 108,"Actual Startup Time": 0.001,"Actual Total Time": 0.001,"Actual Rows": 1,"Actual Loops": 325427,"Index Cond": "(n_nationkey = supplier.s_nationkey)","Rows Removed by Index Recheck": 0,"Workers": []}]}]}]}]}]},"Planning Time": 11.526,"Triggers": [],"Execution Time": 2685.777}]
[{"Plan": {"Node Type": "Aggregate","Strategy": "Sorted","Partial Mode": "Finalize","Parallel Aware": false,"Async Capable": false,"Startup Cost": 47355.08,"Total Cost": 47374.71,"Plan Rows": 146,"Plan Width": 168,"Actual Startup Time": 2452.566,"Actual Total Time": 2567.031,"Actual Rows": 175,"Actual Loops": 1,"Group Key": ["nation.n_name", "(EXTRACT(year FROM orders.o_orderdate))"],"Plans": [{"Node Type": "Gather Merge","Parent Relationship": "Outer","Parallel Aware": false,"Async Capable": false,"Startup Cost": 47355.08,"Total Cost": 47371.30,"Plan Rows": 122,"Plan Width": 168,"Actual Startup Time": 2450.871,"Actual Total Time": 2566.628,"Actual Rows": 525,"Actual Loops": 1,"Workers Planned": 2,"Workers Launched": 2,"Plans": [{"Node Type": "Aggregate","Strategy": "Sorted","Partial Mode": "Partial","Parent Relationship": "Outer","Parallel Aware": false,"Async Capable": false,"Startup Cost": 46355.06,"Total Cost": 46357.20,"Plan Rows": 61,"Plan Width": 168,"Actual Startup Time": 2346.089,"Actual Total Time": 2471.460,"Actual Rows": 175,"Actual Loops": 3,"Group Key": ["nation.n_name", "(EXTRACT(year FROM orders.o_orderdate))"],"Workers": [],"Plans": [{"Node Type": "Sort","Parent Relationship": "Outer","Parallel Aware": false,"Async Capable": false,"Startup Cost": 46355.06,"Total Cost": 46355.21,"Plan Rows": 61,"Plan Width": 159,"Actual Startup Time": 2345.653,"Actual Total Time": 2387.447,"Actual Rows": 108546,"Actual Loops": 3,"Sort Key": ["nation.n_name", "(EXTRACT(year FROM orders.o_orderdate)) DESC"],"Sort Method": "quicksort","Sort Space Used": 13713,"Sort Space Type": "Memory","Workers": [{"Worker Number": 0,"Sort Method": "quicksort","Sort Space Used": 13549,"Sort Space Type": "Memory"},{"Worker Number": 1,"Sort Method": "quicksort","Sort Space Used": 14378,"Sort Space Type": "Memory"}],"Plans": [{"Node Type": "Hash Join","Parent Relationship": "Outer","Parallel Aware": false,"Async Capable": false,"Join Type": "Inner","Startup Cost": 3.13,"Total Cost": 46353.25,"Plan Rows": 61,"Plan Width": 159,"Actual Startup Time": 0.592,"Actual Total Time": 2199.728,"Actual Rows": 108546,"Actual Loops": 3,"Inner Unique": true,"Hash Cond": "(supplier.s_nationkey = nation.n_nationkey)","Workers": [],"Plans": [{"Node Type": "Nested Loop","Parent Relationship": "Outer","Parallel Aware": false,"Async Capable": false,"Join Type": "Inner","Startup Cost": 1.57,"Total Cost": 46351.35,"Plan Rows": 61,"Plan Width": 31,"Actual Startup Time": 0.443,"Actual Total Time": 2168.555,"Actual Rows": 108546,"Actual Loops": 3,"Inner Unique": true,"Workers": [],"Plans": [{"Node Type": "Nested Loop","Parent Relationship": "Outer","Parallel Aware": false,"Async Capable": false,"Join Type": "Inner","Startup Cost": 1.14,"Total Cost": 46322.98,"Plan Rows": 61,"Plan Width": 31,"Actual Startup Time": 0.344,"Actual Total Time": 1012.735,"Actual Rows": 108546,"Actual Loops": 3,"Inner Unique": true,"Workers": [],"Plans": [{"Node Type": "Nested Loop","Parent Relationship": "Outer","Parallel Aware": false,"Async Capable": false,"Join Type": "Inner","Startup Cost": 0.86,"Total Cost": 46304.52,"Plan Rows": 61,"Plan Width": 35,"Actual Startup Time": 0.256,"Actual Total Time": 826.897,"Actual Rows": 108546,"Actual Loops": 3,"Inner Unique": false,"Workers": [],"Plans": [{"Node Type": "Nested Loop","Parent Relationship": "Outer","Parallel Aware": false,"Async Capable": false,"Join Type": "Inner","Startup Cost": 0.42,"Total Cost": 24846.16,"Plan Rows": 20202,"Plan Width": 18,"Actual Startup Time": 0.152,"Actual Total Time": 115.642,"Actual Rows": 14489,"Actual Loops": 3,"Inner Unique": false,"Workers": [],"Plans": [{"Node Type": "Seq Scan","Parent Relationship": "Outer","Parallel Aware": true,"Async Capable": false,"Relation Name": "part","Alias": "part","Startup Cost": 0.00,"Total Cost": 5138.67,"Plan Rows": 5051,"Plan Width": 4,"Actual Startup Time": 0.052,"Actual Total Time": 49.595,"Actual Rows": 3622,"Actual Loops": 3,"Filter": "((p_name)::text ~~ '%thistle%'::text)","Rows Removed by Filter": 63044,"Workers": []},{"Node Type": "Index Scan","Parent Relationship": "Inner","Parallel Aware": false,"Async Capable": false,"Scan Direction": "Forward","Index Name": "idx_partsupp_partkey","Relation Name": "partsupp","Alias": "partsupp","Startup Cost": 0.42,"Total Cost": 3.86,"Plan Rows": 4,"Plan Width": 14,"Actual Startup Time": 0.014,"Actual Total Time": 0.017,"Actual Rows": 4,"Actual Loops": 10867,"Index Cond": "(ps_partkey = part.p_partkey)","Rows Removed by Index Recheck": 0,"Workers": []}]},{"Node Type": "Index Scan","Parent Relationship": "Inner","Parallel Aware": false,"Async Capable": false,"Scan Direction": "Forward","Index Name": "idx_lineitem_part_supp","Relation Name": "lineitem","Alias": "lineitem","Startup Cost": 0.43,"Total Cost": 1.05,"Plan Rows": 1,"Plan Width": 29,"Actual Startup Time": 0.007,"Actual Total Time": 0.047,"Actual Rows": 7,"Actual Loops": 43468,"Index Cond": "((l_partkey = partsupp.ps_partkey) AND (l_suppkey = partsupp.ps_suppkey))","Rows Removed by Index Recheck": 0,"Workers": []}]},{"Node Type": "Index Scan","Parent Relationship": "Inner","Parallel Aware": false,"Async Capable": false,"Scan Direction": "Forward","Index Name": "supplier_pkey","Relation Name": "supplier","Alias": "supplier","Startup Cost": 0.29,"Total Cost": 0.30,"Plan Rows": 1,"Plan Width": 8,"Actual Startup Time": 0.001,"Actual Total Time": 0.001,"Actual Rows": 1,"Actual Loops": 325638,"Index Cond": "(s_suppkey = lineitem.l_suppkey)","Rows Removed by Index Recheck": 0,"Workers": []}]},{"Node Type": "Index Scan","Parent Relationship": "Inner","Parallel Aware": false,"Async Capable": false,"Scan Direction": "Forward","Index Name": "orders_pkey","Relation Name": "orders","Alias": "orders","Startup Cost": 0.43,"Total Cost": 0.47,"Plan Rows": 1,"Plan Width": 8,"Actual Startup Time": 0.010,"Actual Total Time": 0.010,"Actual Rows": 1,"Actual Loops": 325638,"Index Cond": "(o_orderkey = lineitem.l_orderkey)","Rows Removed by Index Recheck": 0,"Workers": []}]},{"Node Type": "Hash","Parent Relationship": "Inner","Parallel Aware": false,"Async Capable": false,"Startup Cost": 1.25,"Total Cost": 1.25,"Plan Rows": 25,"Plan Width": 108,"Actual Startup Time": 0.061,"Actual Total Time": 0.085,"Actual Rows": 25,"Actual Loops": 3,"Hash Buckets": 1024,"Original Hash Buckets": 1024,"Hash Batches": 1,"Original Hash Batches": 1,"Peak Memory Usage": 10,"Workers": [],"Plans": [{"Node Type": "Seq Scan","Parent Relationship": "Outer","Parallel Aware": false,"Async Capable": false,"Relation Name": "nation","Alias": "nation","Startup Cost": 0.00,"Total Cost": 1.25,"Plan Rows": 25,"Plan Width": 108,"Actual Startup Time": 0.037,"Actual Total Time": 0.057,"Actual Rows": 25,"Actual Loops": 3,"Workers": []}]}]}]}]}]}]},"Planning Time": 12.360,"Triggers": [],"Execution Time": 2569.911}]
[{"Plan": {"Node Type": "Aggregate","Strategy": "Sorted","Partial Mode": "Finalize","Parallel Aware": false,"Async Capable": false,"Startup Cost": 47355.08,"Total Cost": 47374.71,"Plan Rows": 146,"Plan Width": 168,"Actual Startup Time": 2443.124,"Actual Total Time": 2567.006,"Actual Rows": 175,"Actual Loops": 1,"Group Key": ["nation.n_name", "(EXTRACT(year FROM orders.o_orderdate))"],"Plans": [{"Node Type": "Gather Merge","Parent Relationship": "Outer","Parallel Aware": false,"Async Capable": false,"Startup Cost": 47355.08,"Total Cost": 47371.30,"Plan Rows": 122,"Plan Width": 168,"Actual Startup Time": 2441.228,"Actual Total Time": 2566.482,"Actual Rows": 525,"Actual Loops": 1,"Workers Planned": 2,"Workers Launched": 2,"Plans": [{"Node Type": "Aggregate","Strategy": "Sorted","Partial Mode": "Partial","Parent Relationship": "Outer","Parallel Aware": false,"Async Capable": false,"Startup Cost": 46355.06,"Total Cost": 46357.20,"Plan Rows": 61,"Plan Width": 168,"Actual Startup Time": 2336.095,"Actual Total Time": 2466.062,"Actual Rows": 175,"Actual Loops": 3,"Group Key": ["nation.n_name", "(EXTRACT(year FROM orders.o_orderdate))"],"Workers": [],"Plans": [{"Node Type": "Sort","Parent Relationship": "Outer","Parallel Aware": false,"Async Capable": false,"Startup Cost": 46355.06,"Total Cost": 46355.21,"Plan Rows": 61,"Plan Width": 159,"Actual Startup Time": 2335.334,"Actual Total Time": 2379.750,"Actual Rows": 108571,"Actual Loops": 3,"Sort Key": ["nation.n_name", "(EXTRACT(year FROM orders.o_orderdate)) DESC"],"Sort Method": "quicksort","Sort Space Used": 13745,"Sort Space Type": "Memory","Workers": [{"Worker Number": 0,"Sort Method": "quicksort","Sort Space Used": 13992,"Sort Space Type": "Memory"},{"Worker Number": 1,"Sort Method": "quicksort","Sort Space Used": 13911,"Sort Space Type": "Memory"}],"Plans": [{"Node Type": "Hash Join","Parent Relationship": "Outer","Parallel Aware": false,"Async Capable": false,"Join Type": "Inner","Startup Cost": 3.13,"Total Cost": 46353.25,"Plan Rows": 61,"Plan Width": 159,"Actual Startup Time": 0.583,"Actual Total Time": 2178.457,"Actual Rows": 108571,"Actual Loops": 3,"Inner Unique": true,"Hash Cond": "(supplier.s_nationkey = nation.n_nationkey)","Workers": [],"Plans": [{"Node Type": "Nested Loop","Parent Relationship": "Outer","Parallel Aware": false,"Async Capable": false,"Join Type": "Inner","Startup Cost": 1.57,"Total Cost": 46351.35,"Plan Rows": 61,"Plan Width": 31,"Actual Startup Time": 0.425,"Actual Total Time": 2146.635,"Actual Rows": 108571,"Actual Loops": 3,"Inner Unique": true,"Workers": [],"Plans": [{"Node Type": "Nested Loop","Parent Relationship": "Outer","Parallel Aware": false,"Async Capable": false,"Join Type": "Inner","Startup Cost": 1.14,"Total Cost": 46322.98,"Plan Rows": 61,"Plan Width": 31,"Actual Startup Time": 0.334,"Actual Total Time": 993.434,"Actual Rows": 108571,"Actual Loops": 3,"Inner Unique": true,"Workers": [],"Plans": [{"Node Type": "Nested Loop","Parent Relationship": "Outer","Parallel Aware": false,"Async Capable": false,"Join Type": "Inner","Startup Cost": 0.86,"Total Cost": 46304.52,"Plan Rows": 61,"Plan Width": 35,"Actual Startup Time": 0.258,"Actual Total Time": 808.058,"Actual Rows": 108571,"Actual Loops": 3,"Inner Unique": false,"Workers": [],"Plans": [{"Node Type": "Nested Loop","Parent Relationship": "Outer","Parallel Aware": false,"Async Capable": false,"Join Type": "Inner","Startup Cost": 0.42,"Total Cost": 24846.16,"Plan Rows": 20202,"Plan Width": 18,"Actual Startup Time": 0.160,"Actual Total Time": 118.628,"Actual Rows": 14495,"Actual Loops": 3,"Inner Unique": false,"Workers": [],"Plans": [{"Node Type": "Seq Scan","Parent Relationship": "Outer","Parallel Aware": true,"Async Capable": false,"Relation Name": "part","Alias": "part","Startup Cost": 0.00,"Total Cost": 5138.67,"Plan Rows": 5051,"Plan Width": 4,"Actual Startup Time": 0.041,"Actual Total Time": 50.514,"Actual Rows": 3624,"Actual Loops": 3,"Filter": "((p_name)::text ~~ '%blue%'::text)","Rows Removed by Filter": 63043,"Workers": []},{"Node Type": "Index Scan","Parent Relationship": "Inner","Parallel Aware": false,"Async Capable": false,"Scan Direction": "Forward","Index Name": "idx_partsupp_partkey","Relation Name": "partsupp","Alias": "partsupp","Startup Cost": 0.42,"Total Cost": 3.86,"Plan Rows": 4,"Plan Width": 14,"Actual Startup Time": 0.014,"Actual Total Time": 0.018,"Actual Rows": 4,"Actual Loops": 10871,"Index Cond": "(ps_partkey = part.p_partkey)","Rows Removed by Index Recheck": 0,"Workers": []}]},{"Node Type": "Index Scan","Parent Relationship": "Inner","Parallel Aware": false,"Async Capable": false,"Scan Direction": "Forward","Index Name": "idx_lineitem_part_supp","Relation Name": "lineitem","Alias": "lineitem","Startup Cost": 0.43,"Total Cost": 1.05,"Plan Rows": 1,"Plan Width": 29,"Actual Startup Time": 0.007,"Actual Total Time": 0.046,"Actual Rows": 7,"Actual Loops": 43484,"Index Cond": "((l_partkey = partsupp.ps_partkey) AND (l_suppkey = partsupp.ps_suppkey))","Rows Removed by Index Recheck": 0,"Workers": []}]},{"Node Type": "Index Scan","Parent Relationship": "Inner","Parallel Aware": false,"Async Capable": false,"Scan Direction": "Forward","Index Name": "supplier_pkey","Relation Name": "supplier","Alias": "supplier","Startup Cost": 0.29,"Total Cost": 0.30,"Plan Rows": 1,"Plan Width": 8,"Actual Startup Time": 0.001,"Actual Total Time": 0.001,"Actual Rows": 1,"Actual Loops": 325714,"Index Cond": "(s_suppkey = lineitem.l_suppkey)","Rows Removed by Index Recheck": 0,"Workers": []}]},{"Node Type": "Index Scan","Parent Relationship": "Inner","Parallel Aware": false,"Async Capable": false,"Scan Direction": "Forward","Index Name": "orders_pkey","Relation Name": "orders","Alias": "orders","Startup Cost": 0.43,"Total Cost": 0.47,"Plan Rows": 1,"Plan Width": 8,"Actual Startup Time": 0.010,"Actual Total Time": 0.010,"Actual Rows": 1,"Actual Loops": 325714,"Index Cond": "(o_orderkey = lineitem.l_orderkey)","Rows Removed by Index Recheck": 0,"Workers": []}]},{"Node Type": "Hash","Parent Relationship": "Inner","Parallel Aware": false,"Async Capable": false,"Startup Cost": 1.25,"Total Cost": 1.25,"Plan Rows": 25,"Plan Width": 108,"Actual Startup Time": 0.081,"Actual Total Time": 0.113,"Actual Rows": 25,"Actual Loops": 3,"Hash Buckets": 1024,"Original Hash Buckets": 1024,"Hash Batches": 1,"Original Hash Batches": 1,"Peak Memory Usage": 10,"Workers": [],"Plans": [{"Node Type": "Seq Scan","Parent Relationship": "Outer","Parallel Aware": false,"Async Capable": false,"Relation Name": "nation","Alias": "nation","Startup Cost": 0.00,"Total Cost": 1.25,"Plan Rows": 25,"Plan Width": 108,"Actual Startup Time": 0.057,"Actual Total Time": 0.083,"Actual Rows": 25,"Actual Loops": 3,"Workers": []}]}]}]}]}]}]},"Planning Time": 11.752,"Triggers": [],"Execution Time": 2568.537}]
[{"Plan": {"Node Type": "Aggregate","Strategy": "Sorted","Partial Mode": "Finalize","Parallel Aware": false,"Async Capable": false,"Startup Cost": 41381.04,"Total Cost": 41397.45,"Plan Rows": 122,"Plan Width": 168,"Actual Startup Time": 2410.183,"Actual Total Time": 2543.383,"Actual Rows": 175,"Actual Loops": 1,"Group Key": ["nation.n_name", "(EXTRACT(year FROM orders.o_orderdate))"],"Plans": [{"Node Type": "Gather Merge","Parent Relationship": "Outer","Parallel Aware": false,"Async Capable": false,"Startup Cost": 41381.04,"Total Cost": 41394.60,"Plan Rows": 102,"Plan Width": 168,"Actual Startup Time": 2408.637,"Actual Total Time": 2543.001,"Actual Rows": 525,"Actual Loops": 1,"Workers Planned": 2,"Workers Launched": 2,"Plans": [{"Node Type": "Aggregate","Strategy": "Sorted","Partial Mode": "Partial","Parent Relationship": "Outer","Parallel Aware": false,"Async Capable": false,"Startup Cost": 40381.01,"Total Cost": 40382.80,"Plan Rows": 51,"Plan Width": 168,"Actual Startup Time": 2289.407,"Actual Total Time": 2404.228,"Actual Rows": 175,"Actual Loops": 3,"Group Key": ["nation.n_name", "(EXTRACT(year FROM orders.o_orderdate))"],"Workers": [],"Plans": [{"Node Type": "Sort","Parent Relationship": "Outer","Parallel Aware": false,"Async Capable": false,"Startup Cost": 40381.01,"Total Cost": 40381.14,"Plan Rows": 51,"Plan Width": 159,"Actual Startup Time": 2288.733,"Actual Total Time": 2325.888,"Actual Rows": 108248,"Actual Loops": 3,"Sort Key": ["nation.n_name", "(EXTRACT(year FROM orders.o_orderdate)) DESC"],"Sort Method": "quicksort","Sort Space Used": 13451,"Sort Space Type": "Memory","Workers": [{"Worker Number": 0,"Sort Method": "quicksort","Sort Space Used": 13987,"Sort Space Type": "Memory"},{"Worker Number": 1,"Sort Method": "quicksort","Sort Space Used": 14111,"Sort Space Type": "Memory"}],"Plans": [{"Node Type": "Hash Join","Parent Relationship": "Outer","Parallel Aware": false,"Async Capable": false,"Join Type": "Inner","Startup Cost": 3.13,"Total Cost": 40379.57,"Plan Rows": 51,"Plan Width": 159,"Actual Startup Time": 0.621,"Actual Total Time": 2139.511,"Actual Rows": 108248,"Actual Loops": 3,"Inner Unique": true,"Hash Cond": "(supplier.s_nationkey = nation.n_nationkey)","Workers": [],"Plans": [{"Node Type": "Nested Loop","Parent Relationship": "Outer","Parallel Aware": false,"Async Capable": false,"Join Type": "Inner","Startup Cost": 1.57,"Total Cost": 40377.72,"Plan Rows": 51,"Plan Width": 31,"Actual Startup Time": 0.420,"Actual Total Time": 2108.126,"Actual Rows": 108248,"Actual Loops": 3,"Inner Unique": true,"Workers": [],"Plans": [{"Node Type": "Nested Loop","Parent Relationship": "Outer","Parallel Aware": false,"Async Capable": false,"Join Type": "Inner","Startup Cost": 1.14,"Total Cost": 40354.00,"Plan Rows": 51,"Plan Width": 31,"Actual Startup Time": 0.328,"Actual Total Time": 981.432,"Actual Rows": 108248,"Actual Loops": 3,"Inner Unique": true,"Workers": [],"Plans": [{"Node Type": "Nested Loop","Parent Relationship": "Outer","Parallel Aware": false,"Async Capable": false,"Join Type": "Inner","Startup Cost": 0.86,"Total Cost": 40338.56,"Plan Rows": 51,"Plan Width": 35,"Actual Startup Time": 0.267,"Actual Total Time": 798.328,"Actual Rows": 108248,"Actual Loops": 3,"Inner Unique": false,"Workers": [],"Plans": [{"Node Type": "Nested Loop","Parent Relationship": "Outer","Parallel Aware": false,"Async Capable": false,"Join Type": "Inner","Startup Cost": 0.42,"Total Cost": 22456.59,"Plan Rows": 16835,"Plan Width": 18,"Actual Startup Time": 0.184,"Actual Total Time": 117.735,"Actual Rows": 14433,"Actual Loops": 3,"Inner Unique": false,"Workers": [],"Plans": [{"Node Type": "Seq Scan","Parent Relationship": "Outer","Parallel Aware": true,"Async Capable": false,"Relation Name": "part","Alias": "part","Startup Cost": 0.00,"Total Cost": 5138.67,"Plan Rows": 4209,"Plan Width": 4,"Actual Startup Time": 0.057,"Actual Total Time": 51.012,"Actual Rows": 3608,"Actual Loops": 3,"Filter": "((p_name)::text ~~ '%spring%'::text)","Rows Removed by Filter": 63058,"Workers": []},{"Node Type": "Index Scan","Parent Relationship": "Inner","Parallel Aware": false,"Async Capable": false,"Scan Direction": "Forward","Index Name": "idx_partsupp_partkey","Relation Name": "partsupp","Alias": "partsupp","Startup Cost": 0.42,"Total Cost": 4.07,"Plan Rows": 4,"Plan Width": 14,"Actual Startup Time": 0.014,"Actual Total Time": 0.018,"Actual Rows": 4,"Actual Loops": 10825,"Index Cond": "(ps_partkey = part.p_partkey)","Rows Removed by Index Recheck": 0,"Workers": []}]},{"Node Type": "Index Scan","Parent Relationship": "Inner","Parallel Aware": false,"Async Capable": false,"Scan Direction": "Forward","Index Name": "idx_lineitem_part_supp","Relation Name": "lineitem","Alias": "lineitem","Startup Cost": 0.43,"Total Cost": 1.05,"Plan Rows": 1,"Plan Width": 29,"Actual Startup Time": 0.007,"Actual Total Time": 0.045,"Actual Rows": 7,"Actual Loops": 43300,"Index Cond": "((l_partkey = partsupp.ps_partkey) AND (l_suppkey = partsupp.ps_suppkey))","Rows Removed by Index Recheck": 0,"Workers": []}]},{"Node Type": "Index Scan","Parent Relationship": "Inner","Parallel Aware": false,"Async Capable": false,"Scan Direction": "Forward","Index Name": "supplier_pkey","Relation Name": "supplier","Alias": "supplier","Startup Cost": 0.29,"Total Cost": 0.30,"Plan Rows": 1,"Plan Width": 8,"Actual Startup Time": 0.001,"Actual Total Time": 0.001,"Actual Rows": 1,"Actual Loops": 324744,"Index Cond": "(s_suppkey = lineitem.l_suppkey)","Rows Removed by Index Recheck": 0,"Workers": []}]},{"Node Type": "Index Scan","Parent Relationship": "Inner","Parallel Aware": false,"Async Capable": false,"Scan Direction": "Forward","Index Name": "orders_pkey","Relation Name": "orders","Alias": "orders","Startup Cost": 0.43,"Total Cost": 0.47,"Plan Rows": 1,"Plan Width": 8,"Actual Startup Time": 0.010,"Actual Total Time": 0.010,"Actual Rows": 1,"Actual Loops": 324744,"Index Cond": "(o_orderkey = lineitem.l_orderkey)","Rows Removed by Index Recheck": 0,"Workers": []}]},{"Node Type": "Hash","Parent Relationship": "Inner","Parallel Aware": false,"Async Capable": false,"Startup Cost": 1.25,"Total Cost": 1.25,"Plan Rows": 25,"Plan Width": 108,"Actual Startup Time": 0.096,"Actual Total Time": 0.104,"Actual Rows": 25,"Actual Loops": 3,"Hash Buckets": 1024,"Original Hash Buckets": 1024,"Hash Batches": 1,"Original Hash Batches": 1,"Peak Memory Usage": 10,"Workers": [],"Plans": [{"Node Type": "Seq Scan","Parent Relationship": "Outer","Parallel Aware": false,"Async Capable": false,"Relation Name": "nation","Alias": "nation","Startup Cost": 0.00,"Total Cost": 1.25,"Plan Rows": 25,"Plan Width": 108,"Actual Startup Time": 0.062,"Actual Total Time": 0.069,"Actual Rows": 25,"Actual Loops": 3,"Workers": []}]}]}]}]}]}]},"Planning Time": 11.565,"Triggers": [],"Execution Time": 2547.363}]
[{"Plan": {"Node Type": "Aggregate","Strategy": "Sorted","Partial Mode": "Finalize","Parallel Aware": false,"Async Capable": false,"Startup Cost": 35224.41,"Total Cost": 35237.30,"Plan Rows": 97,"Plan Width": 168,"Actual Startup Time": 2446.740,"Actual Total Time": 2527.570,"Actual Rows": 175,"Actual Loops": 1,"Group Key": ["nation.n_name", "(EXTRACT(year FROM orders.o_orderdate))"],"Plans": [{"Node Type": "Gather Merge","Parent Relationship": "Outer","Parallel Aware": false,"Async Capable": false,"Startup Cost": 35224.41,"Total Cost": 35235.05,"Plan Rows": 80,"Plan Width": 168,"Actual Startup Time": 2445.319,"Actual Total Time": 2527.159,"Actual Rows": 525,"Actual Loops": 1,"Workers Planned": 2,"Workers Launched": 2,"Plans": [{"Node Type": "Aggregate","Strategy": "Sorted","Partial Mode": "Partial","Parent Relationship": "Outer","Parallel Aware": false,"Async Capable": false,"Startup Cost": 34224.39,"Total Cost": 34225.79,"Plan Rows": 40,"Plan Width": 168,"Actual Startup Time": 2302.062,"Actual Total Time": 2432.417,"Actual Rows": 175,"Actual Loops": 3,"Group Key": ["nation.n_name", "(EXTRACT(year FROM orders.o_orderdate))"],"Workers": [],"Plans": [{"Node Type": "Sort","Parent Relationship": "Outer","Parallel Aware": false,"Async Capable": false,"Startup Cost": 34224.39,"Total Cost": 34224.49,"Plan Rows": 40,"Plan Width": 159,"Actual Startup Time": 2301.394,"Actual Total Time": 2345.621,"Actual Rows": 109556,"Actual Loops": 3,"Sort Key": ["nation.n_name", "(EXTRACT(year FROM orders.o_orderdate)) DESC"],"Sort Method": "quicksort","Sort Space Used": 13628,"Sort Space Type": "Memory","Workers": [{"Worker Number": 0,"Sort Method": "quicksort","Sort Space Used": 14173,"Sort Space Type": "Memory"},{"Worker Number": 1,"Sort Method": "quicksort","Sort Space Used": 14136,"Sort Space Type": "Memory"}],"Plans": [{"Node Type": "Hash Join","Parent Relationship": "Outer","Parallel Aware": false,"Async Capable": false,"Join Type": "Inner","Startup Cost": 3.13,"Total Cost": 34223.32,"Plan Rows": 40,"Plan Width": 159,"Actual Startup Time": 0.808,"Actual Total Time": 2152.387,"Actual Rows": 109556,"Actual Loops": 3,"Inner Unique": true,"Hash Cond": "(supplier.s_nationkey = nation.n_nationkey)","Workers": [],"Plans": [{"Node Type": "Nested Loop","Parent Relationship": "Outer","Parallel Aware": false,"Async Capable": false,"Join Type": "Inner","Startup Cost": 1.57,"Total Cost": 34221.53,"Plan Rows": 40,"Plan Width": 31,"Actual Startup Time": 0.597,"Actual Total Time": 2120.724,"Actual Rows": 109556,"Actual Loops": 3,"Inner Unique": true,"Workers": [],"Plans": [{"Node Type": "Nested Loop","Parent Relationship": "Outer","Parallel Aware": false,"Async Capable": false,"Join Type": "Inner","Startup Cost": 1.14,"Total Cost": 34202.93,"Plan Rows": 40,"Plan Width": 31,"Actual Startup Time": 0.482,"Actual Total Time": 981.866,"Actual Rows": 109556,"Actual Loops": 3,"Inner Unique": true,"Workers": [],"Plans": [{"Node Type": "Nested Loop","Parent Relationship": "Outer","Parallel Aware": false,"Async Capable": false,"Join Type": "Inner","Startup Cost": 0.86,"Total Cost": 34190.82,"Plan Rows": 40,"Plan Width": 35,"Actual Startup Time": 0.370,"Actual Total Time": 797.400,"Actual Rows": 109556,"Actual Loops": 3,"Inner Unique": false,"Workers": [],"Plans": [{"Node Type": "Nested Loop","Parent Relationship": "Outer","Parallel Aware": false,"Async Capable": false,"Join Type": "Inner","Startup Cost": 0.42,"Total Cost": 19885.25,"Plan Rows": 13468,"Plan Width": 18,"Actual Startup Time": 0.230,"Actual Total Time": 117.251,"Actual Rows": 14572,"Actual Loops": 3,"Inner Unique": false,"Workers": [],"Plans": [{"Node Type": "Seq Scan","Parent Relationship": "Outer","Parallel Aware": true,"Async Capable": false,"Relation Name": "part","Alias": "part","Startup Cost": 0.00,"Total Cost": 5138.67,"Plan Rows": 3367,"Plan Width": 4,"Actual Startup Time": 0.067,"Actual Total Time": 50.326,"Actual Rows": 3643,"Actual Loops": 3,"Filter": "((p_name)::text ~~ '%grey%'::text)","Rows Removed by Filter": 63024,"Workers": []},{"Node Type": "Index Scan","Parent Relationship": "Inner","Parallel Aware": false,"Async Capable": false,"Scan Direction": "Forward","Index Name": "idx_partsupp_partkey","Relation Name": "partsupp","Alias": "partsupp","Startup Cost": 0.42,"Total Cost": 4.34,"Plan Rows": 4,"Plan Width": 14,"Actual Startup Time": 0.014,"Actual Total Time": 0.018,"Actual Rows": 4,"Actual Loops": 10929,"Index Cond": "(ps_partkey = part.p_partkey)","Rows Removed by Index Recheck": 0,"Workers": []}]},{"Node Type": "Index Scan","Parent Relationship": "Inner","Parallel Aware": false,"Async Capable": false,"Scan Direction": "Forward","Index Name": "idx_lineitem_part_supp","Relation Name": "lineitem","Alias": "lineitem","Startup Cost": 0.43,"Total Cost": 1.05,"Plan Rows": 1,"Plan Width": 29,"Actual Startup Time": 0.007,"Actual Total Time": 0.045,"Actual Rows": 8,"Actual Loops": 43716,"Index Cond": "((l_partkey = partsupp.ps_partkey) AND (l_suppkey = partsupp.ps_suppkey))","Rows Removed by Index Recheck": 0,"Workers": []}]},{"Node Type": "Index Scan","Parent Relationship": "Inner","Parallel Aware": false,"Async Capable": false,"Scan Direction": "Forward","Index Name": "supplier_pkey","Relation Name": "supplier","Alias": "supplier","Startup Cost": 0.29,"Total Cost": 0.30,"Plan Rows": 1,"Plan Width": 8,"Actual Startup Time": 0.001,"Actual Total Time": 0.001,"Actual Rows": 1,"Actual Loops": 328668,"Index Cond": "(s_suppkey = lineitem.l_suppkey)","Rows Removed by Index Recheck": 0,"Workers": []}]},{"Node Type": "Index Scan","Parent Relationship": "Inner","Parallel Aware": false,"Async Capable": false,"Scan Direction": "Forward","Index Name": "orders_pkey","Relation Name": "orders","Alias": "orders","Startup Cost": 0.43,"Total Cost": 0.47,"Plan Rows": 1,"Plan Width": 8,"Actual Startup Time": 0.010,"Actual Total Time": 0.010,"Actual Rows": 1,"Actual Loops": 328668,"Index Cond": "(o_orderkey = lineitem.l_orderkey)","Rows Removed by Index Recheck": 0,"Workers": []}]},{"Node Type": "Hash","Parent Relationship": "Inner","Parallel Aware": false,"Async Capable": false,"Startup Cost": 1.25,"Total Cost": 1.25,"Plan Rows": 25,"Plan Width": 108,"Actual Startup Time": 0.086,"Actual Total Time": 0.097,"Actual Rows": 25,"Actual Loops": 3,"Hash Buckets": 1024,"Original Hash Buckets": 1024,"Hash Batches": 1,"Original Hash Batches": 1,"Peak Memory Usage": 10,"Workers": [],"Plans": [{"Node Type": "Seq Scan","Parent Relationship": "Outer","Parallel Aware": false,"Async Capable": false,"Relation Name": "nation","Alias": "nation","Startup Cost": 0.00,"Total Cost": 1.25,"Plan Rows": 25,"Plan Width": 108,"Actual Startup Time": 0.056,"Actual Total Time": 0.063,"Actual Rows": 25,"Actual Loops": 3,"Workers": []}]}]}]}]}]}]},"Planning Time": 11.608,"Triggers": [],"Execution Time": 2530.681}]
[{"Plan": {"Node Type": "Aggregate","Strategy": "Sorted","Partial Mode": "Finalize","Parallel Aware": false,"Async Capable": false,"Startup Cost": 47355.08,"Total Cost": 47374.71,"Plan Rows": 146,"Plan Width": 168,"Actual Startup Time": 2447.101,"Actual Total Time": 2582.113,"Actual Rows": 175,"Actual Loops": 1,"Group Key": ["nation.n_name", "(EXTRACT(year FROM orders.o_orderdate))"],"Plans": [{"Node Type": "Gather Merge","Parent Relationship": "Outer","Parallel Aware": false,"Async Capable": false,"Startup Cost": 47355.08,"Total Cost": 47371.30,"Plan Rows": 122,"Plan Width": 168,"Actual Startup Time": 2445.811,"Actual Total Time": 2581.700,"Actual Rows": 525,"Actual Loops": 1,"Workers Planned": 2,"Workers Launched": 2,"Plans": [{"Node Type": "Aggregate","Strategy": "Sorted","Partial Mode": "Partial","Parent Relationship": "Outer","Parallel Aware": false,"Async Capable": false,"Startup Cost": 46355.06,"Total Cost": 46357.20,"Plan Rows": 61,"Plan Width": 168,"Actual Startup Time": 2328.504,"Actual Total Time": 2463.073,"Actual Rows": 175,"Actual Loops": 3,"Group Key": ["nation.n_name", "(EXTRACT(year FROM orders.o_orderdate))"],"Workers": [],"Plans": [{"Node Type": "Sort","Parent Relationship": "Outer","Parallel Aware": false,"Async Capable": false,"Startup Cost": 46355.06,"Total Cost": 46355.21,"Plan Rows": 61,"Plan Width": 159,"Actual Startup Time": 2327.878,"Actual Total Time": 2374.852,"Actual Rows": 108824,"Actual Loops": 3,"Sort Key": ["nation.n_name", "(EXTRACT(year FROM orders.o_orderdate)) DESC"],"Sort Method": "quicksort","Sort Space Used": 14647,"Sort Space Type": "Memory","Workers": [{"Worker Number": 0,"Sort Method": "quicksort","Sort Space Used": 13545,"Sort Space Type": "Memory"},{"Worker Number": 1,"Sort Method": "quicksort","Sort Space Used": 13533,"Sort Space Type": "Memory"}],"Plans": [{"Node Type": "Hash Join","Parent Relationship": "Outer","Parallel Aware": false,"Async Capable": false,"Join Type": "Inner","Startup Cost": 3.13,"Total Cost": 46353.25,"Plan Rows": 61,"Plan Width": 159,"Actual Startup Time": 0.684,"Actual Total Time": 2182.451,"Actual Rows": 108824,"Actual Loops": 3,"Inner Unique": true,"Hash Cond": "(supplier.s_nationkey = nation.n_nationkey)","Workers": [],"Plans": [{"Node Type": "Nested Loop","Parent Relationship": "Outer","Parallel Aware": false,"Async Capable": false,"Join Type": "Inner","Startup Cost": 1.57,"Total Cost": 46351.35,"Plan Rows": 61,"Plan Width": 31,"Actual Startup Time": 0.518,"Actual Total Time": 2151.596,"Actual Rows": 108824,"Actual Loops": 3,"Inner Unique": true,"Workers": [],"Plans": [{"Node Type": "Nested Loop","Parent Relationship": "Outer","Parallel Aware": false,"Async Capable": false,"Join Type": "Inner","Startup Cost": 1.14,"Total Cost": 46322.98,"Plan Rows": 61,"Plan Width": 31,"Actual Startup Time": 0.396,"Actual Total Time": 1001.503,"Actual Rows": 108824,"Actual Loops": 3,"Inner Unique": true,"Workers": [],"Plans": [{"Node Type": "Nested Loop","Parent Relationship": "Outer","Parallel Aware": false,"Async Capable": false,"Join Type": "Inner","Startup Cost": 0.86,"Total Cost": 46304.52,"Plan Rows": 61,"Plan Width": 35,"Actual Startup Time": 0.309,"Actual Total Time": 816.735,"Actual Rows": 108824,"Actual Loops": 3,"Inner Unique": false,"Workers": [],"Plans": [{"Node Type": "Nested Loop","Parent Relationship": "Outer","Parallel Aware": false,"Async Capable": false,"Join Type": "Inner","Startup Cost": 0.42,"Total Cost": 24846.16,"Plan Rows": 20202,"Plan Width": 18,"Actual Startup Time": 0.186,"Actual Total Time": 113.608,"Actual Rows": 14492,"Actual Loops": 3,"Inner Unique": false,"Workers": [],"Plans": [{"Node Type": "Seq Scan","Parent Relationship": "Outer","Parallel Aware": true,"Async Capable": false,"Relation Name": "part","Alias": "part","Startup Cost": 0.00,"Total Cost": 5138.67,"Plan Rows": 5051,"Plan Width": 4,"Actual Startup Time": 0.061,"Actual Total Time": 48.386,"Actual Rows": 3623,"Actual Loops": 3,"Filter": "((p_name)::text ~~ '%black%'::text)","Rows Removed by Filter": 63044,"Workers": []},{"Node Type": "Index Scan","Parent Relationship": "Inner","Parallel Aware": false,"Async Capable": false,"Scan Direction": "Forward","Index Name": "idx_partsupp_partkey","Relation Name": "partsupp","Alias": "partsupp","Startup Cost": 0.42,"Total Cost": 3.86,"Plan Rows": 4,"Plan Width": 14,"Actual Startup Time": 0.013,"Actual Total Time": 0.017,"Actual Rows": 4,"Actual Loops": 10869,"Index Cond": "(ps_partkey = part.p_partkey)","Rows Removed by Index Recheck": 0,"Workers": []}]},{"Node Type": "Index Scan","Parent Relationship": "Inner","Parallel Aware": false,"Async Capable": false,"Scan Direction": "Forward","Index Name": "idx_lineitem_part_supp","Relation Name": "lineitem","Alias": "lineitem","Startup Cost": 0.43,"Total Cost": 1.05,"Plan Rows": 1,"Plan Width": 29,"Actual Startup Time": 0.007,"Actual Total Time": 0.047,"Actual Rows": 8,"Actual Loops": 43476,"Index Cond": "((l_partkey = partsupp.ps_partkey) AND (l_suppkey = partsupp.ps_suppkey))","Rows Removed by Index Recheck": 0,"Workers": []}]},{"Node Type": "Index Scan","Parent Relationship": "Inner","Parallel Aware": false,"Async Capable": false,"Scan Direction": "Forward","Index Name": "supplier_pkey","Relation Name": "supplier","Alias": "supplier","Startup Cost": 0.29,"Total Cost": 0.30,"Plan Rows": 1,"Plan Width": 8,"Actual Startup Time": 0.001,"Actual Total Time": 0.001,"Actual Rows": 1,"Actual Loops": 326472,"Index Cond": "(s_suppkey = lineitem.l_suppkey)","Rows Removed by Index Recheck": 0,"Workers": []}]},{"Node Type": "Index Scan","Parent Relationship": "Inner","Parallel Aware": false,"Async Capable": false,"Scan Direction": "Forward","Index Name": "orders_pkey","Relation Name": "orders","Alias": "orders","Startup Cost": 0.43,"Total Cost": 0.47,"Plan Rows": 1,"Plan Width": 8,"Actual Startup Time": 0.010,"Actual Total Time": 0.010,"Actual Rows": 1,"Actual Loops": 326472,"Index Cond": "(o_orderkey = lineitem.l_orderkey)","Rows Removed by Index Recheck": 0,"Workers": []}]},{"Node Type": "Hash","Parent Relationship": "Inner","Parallel Aware": false,"Async Capable": false,"Startup Cost": 1.25,"Total Cost": 1.25,"Plan Rows": 25,"Plan Width": 108,"Actual Startup Time": 0.077,"Actual Total Time": 0.086,"Actual Rows": 25,"Actual Loops": 3,"Hash Buckets": 1024,"Original Hash Buckets": 1024,"Hash Batches": 1,"Original Hash Batches": 1,"Peak Memory Usage": 10,"Workers": [],"Plans": [{"Node Type": "Seq Scan","Parent Relationship": "Outer","Parallel Aware": false,"Async Capable": false,"Relation Name": "nation","Alias": "nation","Startup Cost": 0.00,"Total Cost": 1.25,"Plan Rows": 25,"Plan Width": 108,"Actual Startup Time": 0.047,"Actual Total Time": 0.054,"Actual Rows": 25,"Actual Loops": 3,"Workers": []}]}]}]}]}]}]},"Planning Time": 11.640,"Triggers": [],"Execution Time": 2584.991}]
[{"Plan": {"Node Type": "Aggregate","Strategy": "Sorted","Partial Mode": "Finalize","Parallel Aware": false,"Async Capable": false,"Startup Cost": 49135.04,"Total Cost": 49164.27,"Plan Rows": 195,"Plan Width": 168,"Actual Startup Time": 1725.991,"Actual Total Time": 1871.333,"Actual Rows": 175,"Actual Loops": 1,"Group Key": ["nation.n_name", "(EXTRACT(year FROM orders.o_orderdate))"],"Plans": [{"Node Type": "Gather Merge","Parent Relationship": "Outer","Parallel Aware": false,"Async Capable": false,"Startup Cost": 49135.04,"Total Cost": 49159.45,"Plan Rows": 189,"Plan Width": 168,"Actual Startup Time": 1724.410,"Actual Total Time": 1870.772,"Actual Rows": 700,"Actual Loops": 1,"Workers Planned": 3,"Workers Launched": 3,"Plans": [{"Node Type": "Aggregate","Strategy": "Sorted","Partial Mode": "Partial","Parent Relationship": "Outer","Parallel Aware": false,"Async Capable": false,"Startup Cost": 48135.00,"Total Cost": 48137.21,"Plan Rows": 63,"Plan Width": 168,"Actual Startup Time": 1642.964,"Actual Total Time": 1738.350,"Actual Rows": 175,"Actual Loops": 4,"Group Key": ["nation.n_name", "(EXTRACT(year FROM orders.o_orderdate))"],"Workers": [],"Plans": [{"Node Type": "Sort","Parent Relationship": "Outer","Parallel Aware": false,"Async Capable": false,"Startup Cost": 48135.00,"Total Cost": 48135.16,"Plan Rows": 63,"Plan Width": 159,"Actual Startup Time": 1642.489,"Actual Total Time": 1674.765,"Actual Rows": 80807,"Actual Loops": 4,"Sort Key": ["nation.n_name", "(EXTRACT(year FROM orders.o_orderdate)) DESC"],"Sort Method": "quicksort","Sort Space Used": 11216,"Sort Space Type": "Memory","Workers": [{"Worker Number": 0,"Sort Method": "quicksort","Sort Space Used": 11190,"Sort Space Type": "Memory"},{"Worker Number": 1,"Sort Method": "quicksort","Sort Space Used": 11031,"Sort Space Type": "Memory"},{"Worker Number": 2,"Sort Method": "quicksort","Sort Space Used": 11039,"Sort Space Type": "Memory"}],"Plans": [{"Node Type": "Hash Join","Parent Relationship": "Outer","Parallel Aware": false,"Async Capable": false,"Join Type": "Inner","Startup Cost": 5225.55,"Total Cost": 48133.12,"Plan Rows": 63,"Plan Width": 159,"Actual Startup Time": 23.223,"Actual Total Time": 1542.778,"Actual Rows": 80807,"Actual Loops": 4,"Inner Unique": true,"Hash Cond": "(supplier.s_nationkey = nation.n_nationkey)","Workers": [],"Plans": [{"Node Type": "Nested Loop","Parent Relationship": "Outer","Parallel Aware": false,"Async Capable": false,"Join Type": "Inner","Startup Cost": 5223.99,"Total Cost": 48131.20,"Plan Rows": 63,"Plan Width": 31,"Actual Startup Time": 23.068,"Actual Total Time": 1519.655,"Actual Rows": 80807,"Actual Loops": 4,"Inner Unique": true,"Workers": [],"Plans": [{"Node Type": "Nested Loop","Parent Relationship": "Outer","Parallel Aware": false,"Async Capable": false,"Join Type": "Inner","Startup Cost": 5223.56,"Total Cost": 48101.90,"Plan Rows": 63,"Plan Width": 31,"Actual Startup Time": 23.008,"Actual Total Time": 793.385,"Actual Rows": 80807,"Actual Loops": 4,"Inner Unique": true,"Workers": [],"Plans": [{"Node Type": "Nested Loop","Parent Relationship": "Outer","Parallel Aware": false,"Async Capable": false,"Join Type": "Inner","Startup Cost": 5223.27,"Total Cost": 48082.83,"Plan Rows": 63,"Plan Width": 35,"Actual Startup Time": 22.959,"Actual Total Time": 657.278,"Actual Rows": 80807,"Actual Loops": 4,"Inner Unique": false,"Workers": [],"Plans": [{"Node Type": "Hash Join","Parent Relationship": "Outer","Parallel Aware": true,"Async Capable": false,"Join Type": "Inner","Startup Cost": 5222.84,"Total Cost": 25931.92,"Plan Rows": 20854,"Plan Width": 18,"Actual Startup Time": 22.889,"Actual Total Time": 199.001,"Actual Rows": 10785,"Actual Loops": 4,"Inner Unique": true,"Hash Cond": "(partsupp.ps_partkey = part.p_partkey)","Workers": [],"Plans": [{"Node Type": "Seq Scan","Parent Relationship": "Outer","Parallel Aware": true,"Async Capable": false,"Relation Name": "partsupp","Alias": "partsupp","Startup Cost": 0.00,"Total Cost": 20031.65,"Plan Rows": 258065,"Plan Width": 14,"Actual Startup Time": 0.016,"Actual Total Time": 42.939,"Actual Rows": 200000,"Actual Loops": 4,"Workers": []},{"Node Type": "Hash","Parent Relationship": "Inner","Parallel Aware": true,"Async Capable": false,"Startup Cost": 5138.67,"Total Cost": 5138.67,"Plan Rows": 6734,"Plan Width": 4,"Actual Startup Time": 22.693,"Actual Total Time": 22.704,"Actual Rows": 2696,"Actual Loops": 4,"Hash Buckets": 16384,"Original Hash Buckets": 16384,"Hash Batches": 1,"Original Hash Batches": 1,"Peak Memory Usage": 608,"Workers": [],"Plans": [{"Node Type": "Seq Scan","Parent Relationship": "Outer","Parallel Aware": true,"Async Capable": false,"Relation Name": "part","Alias": "part","Startup Cost": 0.00,"Total Cost": 5138.67,"Plan Rows": 6734,"Plan Width": 4,"Actual Startup Time": 0.049,"Actual Total Time": 20.967,"Actual Rows": 2696,"Actual Loops": 4,"Filter": "((p_name)::text ~~ '%lime%'::text)","Rows Removed by Filter": 47304,"Workers": []}]}]},{"Node Type": "Index Scan","Parent Relationship": "Inner","Parallel Aware": false,"Async Capable": false,"Scan Direction": "Forward","Index Name": "idx_lineitem_part_supp","Relation Name": "lineitem","Alias": "lineitem","Startup Cost": 0.43,"Total Cost": 1.05,"Plan Rows": 1,"Plan Width": 29,"Actual Startup Time": 0.006,"Actual Total Time": 0.041,"Actual Rows": 7,"Actual Loops": 43140,"Index Cond": "((l_partkey = partsupp.ps_partkey) AND (l_suppkey = partsupp.ps_suppkey))","Rows Removed by Index Recheck": 0,"Workers": []}]},{"Node Type": "Index Scan","Parent Relationship": "Inner","Parallel Aware": false,"Async Capable": false,"Scan Direction": "Forward","Index Name": "supplier_pkey","Relation Name": "supplier","Alias": "supplier","Startup Cost": 0.29,"Total Cost": 0.30,"Plan Rows": 1,"Plan Width": 8,"Actual Startup Time": 0.001,"Actual Total Time": 0.001,"Actual Rows": 1,"Actual Loops": 323229,"Index Cond": "(s_suppkey = lineitem.l_suppkey)","Rows Removed by Index Recheck": 0,"Workers": []}]},{"Node Type": "Index Scan","Parent Relationship": "Inner","Parallel Aware": false,"Async Capable": false,"Scan Direction": "Forward","Index Name": "orders_pkey","Relation Name": "orders","Alias": "orders","Startup Cost": 0.43,"Total Cost": 0.47,"Plan Rows": 1,"Plan Width": 8,"Actual Startup Time": 0.009,"Actual Total Time": 0.009,"Actual Rows": 1,"Actual Loops": 323229,"Index Cond": "(o_orderkey = lineitem.l_orderkey)","Rows Removed by Index Recheck": 0,"Workers": []}]},{"Node Type": "Hash","Parent Relationship": "Inner","Parallel Aware": false,"Async Capable": false,"Startup Cost": 1.25,"Total Cost": 1.25,"Plan Rows": 25,"Plan Width": 108,"Actual Startup Time": 0.067,"Actual Total Time": 0.072,"Actual Rows": 25,"Actual Loops": 4,"Hash Buckets": 1024,"Original Hash Buckets": 1024,"Hash Batches": 1,"Original Hash Batches": 1,"Peak Memory Usage": 10,"Workers": [],"Plans": [{"Node Type": "Seq Scan","Parent Relationship": "Outer","Parallel Aware": false,"Async Capable": false,"Relation Name": "nation","Alias": "nation","Startup Cost": 0.00,"Total Cost": 1.25,"Plan Rows": 25,"Plan Width": 108,"Actual Startup Time": 0.045,"Actual Total Time": 0.050,"Actual Rows": 25,"Actual Loops": 4,"Workers": []}]}]}]}]}]}]},"Planning Time": 12.908,"Triggers": [],"Execution Time": 1873.227}]
[{"Plan": {"Node Type": "Aggregate","Strategy": "Sorted","Partial Mode": "Finalize","Parallel Aware": false,"Async Capable": false,"Startup Cost": 46348.90,"Total Cost": 46374.41,"Plan Rows": 170,"Plan Width": 168,"Actual Startup Time": 1730.222,"Actual Total Time": 1874.204,"Actual Rows": 175,"Actual Loops": 1,"Group Key": ["nation.n_name", "(EXTRACT(year FROM orders.o_orderdate))"],"Plans": [{"Node Type": "Gather Merge","Parent Relationship": "Outer","Parallel Aware": false,"Async Capable": false,"Startup Cost": 46348.90,"Total Cost": 46370.21,"Plan Rows": 165,"Plan Width": 168,"Actual Startup Time": 1728.668,"Actual Total Time": 1873.759,"Actual Rows": 700,"Actual Loops": 1,"Workers Planned": 3,"Workers Launched": 3,"Plans": [{"Node Type": "Aggregate","Strategy": "Sorted","Partial Mode": "Partial","Parent Relationship": "Outer","Parallel Aware": false,"Async Capable": false,"Startup Cost": 45348.86,"Total Cost": 45350.79,"Plan Rows": 55,"Plan Width": 168,"Actual Startup Time": 1650.826,"Actual Total Time": 1744.501,"Actual Rows": 175,"Actual Loops": 4,"Group Key": ["nation.n_name", "(EXTRACT(year FROM orders.o_orderdate))"],"Workers": [],"Plans": [{"Node Type": "Sort","Parent Relationship": "Outer","Parallel Aware": false,"Async Capable": false,"Startup Cost": 45348.86,"Total Cost": 45349.00,"Plan Rows": 55,"Plan Width": 159,"Actual Startup Time": 1650.333,"Actual Total Time": 1682.232,"Actual Rows": 81534,"Actual Loops": 4,"Sort Key": ["nation.n_name", "(EXTRACT(year FROM orders.o_orderdate)) DESC"],"Sort Method": "quicksort","Sort Space Used": 11317,"Sort Space Type": "Memory","Workers": [{"Worker Number": 0,"Sort Method": "quicksort","Sort Space Used": 11037,"Sort Space Type": "Memory"},{"Worker Number": 1,"Sort Method": "quicksort","Sort Space Used": 11269,"Sort Space Type": "Memory"},{"Worker Number": 2,"Sort Method": "quicksort","Sort Space Used": 11142,"Sort Space Type": "Memory"}],"Plans": [{"Node Type": "Hash Join","Parent Relationship": "Outer","Parallel Aware": false,"Async Capable": false,"Join Type": "Inner","Startup Cost": 5215.02,"Total Cost": 45347.27,"Plan Rows": 55,"Plan Width": 159,"Actual Startup Time": 22.539,"Actual Total Time": 1549.942,"Actual Rows": 81534,"Actual Loops": 4,"Inner Unique": true,"Hash Cond": "(supplier.s_nationkey = nation.n_nationkey)","Workers": [],"Plans": [{"Node Type": "Nested Loop","Parent Relationship": "Outer","Parallel Aware": false,"Async Capable": false,"Join Type": "Inner","Startup Cost": 5213.46,"Total Cost": 45345.40,"Plan Rows": 55,"Plan Width": 31,"Actual Startup Time": 22.374,"Actual Total Time": 1526.572,"Actual Rows": 81534,"Actual Loops": 4,"Inner Unique": true,"Workers": [],"Plans": [{"Node Type": "Nested Loop","Parent Relationship": "Outer","Parallel Aware": false,"Async Capable": false,"Join Type": "Inner","Startup Cost": 5213.03,"Total Cost": 45319.82,"Plan Rows": 55,"Plan Width": 31,"Actual Startup Time": 22.306,"Actual Total Time": 793.181,"Actual Rows": 81534,"Actual Loops": 4,"Inner Unique": true,"Workers": [],"Plans": [{"Node Type": "Nested Loop","Parent Relationship": "Outer","Parallel Aware": false,"Async Capable": false,"Join Type": "Inner","Startup Cost": 5212.75,"Total Cost": 45303.17,"Plan Rows": 55,"Plan Width": 35,"Actual Startup Time": 22.249,"Actual Total Time": 656.284,"Actual Rows": 81534,"Actual Loops": 4,"Inner Unique": false,"Workers": [],"Plans": [{"Node Type": "Hash Join","Parent Relationship": "Outer","Parallel Aware": true,"Async Capable": false,"Join Type": "Inner","Startup Cost": 5212.32,"Total Cost": 25921.39,"Plan Rows": 18247,"Plan Width": 18,"Actual Startup Time": 22.162,"Actual Total Time": 197.619,"Actual Rows": 10856,"Actual Loops": 4,"Inner Unique": true,"Hash Cond": "(partsupp.ps_partkey = part.p_partkey)","Workers": [],"Plans": [{"Node Type": "Seq Scan","Parent Relationship": "Outer","Parallel Aware": true,"Async Capable": false,"Relation Name": "partsupp","Alias": "partsupp","Startup Cost": 0.00,"Total Cost": 20031.65,"Plan Rows": 258065,"Plan Width": 14,"Actual Startup Time": 0.014,"Actual Total Time": 42.173,"Actual Rows": 200000,"Actual Loops": 4,"Workers": []},{"Node Type": "Hash","Parent Relationship": "Inner","Parallel Aware": true,"Async Capable": false,"Startup Cost": 5138.67,"Total Cost": 5138.67,"Plan Rows": 5892,"Plan Width": 4,"Actual Startup Time": 22.002,"Actual Total Time": 22.011,"Actual Rows": 2714,"Actual Loops": 4,"Hash Buckets": 16384,"Original Hash Buckets": 16384,"Hash Batches": 1,"Original Hash Batches": 1,"Peak Memory Usage": 608,"Workers": [],"Plans": [{"Node Type": "Seq Scan","Parent Relationship": "Outer","Parallel Aware": true,"Async Capable": false,"Relation Name": "part","Alias": "part","Startup Cost": 0.00,"Total Cost": 5138.67,"Plan Rows": 5892,"Plan Width": 4,"Actual Startup Time": 0.065,"Actual Total Time": 20.262,"Actual Rows": 2714,"Actual Loops": 4,"Filter": "((p_name)::text ~~ '%pink%'::text)","Rows Removed by Filter": 47286,"Workers": []}]}]},{"Node Type": "Index Scan","Parent Relationship": "Inner","Parallel Aware": false,"Async Capable": false,"Scan Direction": "Forward","Index Name": "idx_lineitem_part_supp","Relation Name": "lineitem","Alias": "lineitem","Startup Cost": 0.43,"Total Cost": 1.05,"Plan Rows": 1,"Plan Width": 29,"Actual Startup Time": 0.006,"Actual Total Time": 0.041,"Actual Rows": 8,"Actual Loops": 43424,"Index Cond": "((l_partkey = partsupp.ps_partkey) AND (l_suppkey = partsupp.ps_suppkey))","Rows Removed by Index Recheck": 0,"Workers": []}]},{"Node Type": "Index Scan","Parent Relationship": "Inner","Parallel Aware": false,"Async Capable": false,"Scan Direction": "Forward","Index Name": "supplier_pkey","Relation Name": "supplier","Alias": "supplier","Startup Cost": 0.29,"Total Cost": 0.30,"Plan Rows": 1,"Plan Width": 8,"Actual Startup Time": 0.001,"Actual Total Time": 0.001,"Actual Rows": 1,"Actual Loops": 326137,"Index Cond": "(s_suppkey = lineitem.l_suppkey)","Rows Removed by Index Recheck": 0,"Workers": []}]},{"Node Type": "Index Scan","Parent Relationship": "Inner","Parallel Aware": false,"Async Capable": false,"Scan Direction": "Forward","Index Name": "orders_pkey","Relation Name": "orders","Alias": "orders","Startup Cost": 0.43,"Total Cost": 0.47,"Plan Rows": 1,"Plan Width": 8,"Actual Startup Time": 0.009,"Actual Total Time": 0.009,"Actual Rows": 1,"Actual Loops": 326137,"Index Cond": "(o_orderkey = lineitem.l_orderkey)","Rows Removed by Index Recheck": 0,"Workers": []}]},{"Node Type": "Hash","Parent Relationship": "Inner","Parallel Aware": false,"Async Capable": false,"Startup Cost": 1.25,"Total Cost": 1.25,"Plan Rows": 25,"Plan Width": 108,"Actual Startup Time": 0.071,"Actual Total Time": 0.076,"Actual Rows": 25,"Actual Loops": 4,"Hash Buckets": 1024,"Original Hash Buckets": 1024,"Hash Batches": 1,"Original Hash Batches": 1,"Peak Memory Usage": 10,"Workers": [],"Plans": [{"Node Type": "Seq Scan","Parent Relationship": "Outer","Parallel Aware": false,"Async Capable": false,"Relation Name": "nation","Alias": "nation","Startup Cost": 0.00,"Total Cost": 1.25,"Plan Rows": 25,"Plan Width": 108,"Actual Startup Time": 0.047,"Actual Total Time": 0.052,"Actual Rows": 25,"Actual Loops": 4,"Workers": []}]}]}]}]}]}]},"Planning Time": 12.442,"Triggers": [],"Execution Time": 1875.255}]
[{"Plan": {"Node Type": "Aggregate","Strategy": "Sorted","Partial Mode": "Finalize","Parallel Aware": false,"Async Capable": false,"Startup Cost": 35224.41,"Total Cost": 35237.30,"Plan Rows": 97,"Plan Width": 168,"Actual Startup Time": 2410.163,"Actual Total Time": 2573.719,"Actual Rows": 175,"Actual Loops": 1,"Group Key": ["nation.n_name", "(EXTRACT(year FROM orders.o_orderdate))"],"Plans": [{"Node Type": "Gather Merge","Parent Relationship": "Outer","Parallel Aware": false,"Async Capable": false,"Startup Cost": 35224.41,"Total Cost": 35235.05,"Plan Rows": 80,"Plan Width": 168,"Actual Startup Time": 2408.338,"Actual Total Time": 2573.326,"Actual Rows": 525,"Actual Loops": 1,"Workers Planned": 2,"Workers Launched": 2,"Plans": [{"Node Type": "Aggregate","Strategy": "Sorted","Partial Mode": "Partial","Parent Relationship": "Outer","Parallel Aware": false,"Async Capable": false,"Startup Cost": 34224.39,"Total Cost": 34225.79,"Plan Rows": 40,"Plan Width": 168,"Actual Startup Time": 2302.691,"Actual Total Time": 2428.274,"Actual Rows": 175,"Actual Loops": 3,"Group Key": ["nation.n_name", "(EXTRACT(year FROM orders.o_orderdate))"],"Workers": [],"Plans": [{"Node Type": "Sort","Parent Relationship": "Outer","Parallel Aware": false,"Async Capable": false,"Startup Cost": 34224.39,"Total Cost": 34224.49,"Plan Rows": 40,"Plan Width": 159,"Actual Startup Time": 2302.042,"Actual Total Time": 2344.248,"Actual Rows": 109402,"Actual Loops": 3,"Sort Key": ["nation.n_name", "(EXTRACT(year FROM orders.o_orderdate)) DESC"],"Sort Method": "quicksort","Sort Space Used": 13601,"Sort Space Type": "Memory","Workers": [{"Worker Number": 0,"Sort Method": "quicksort","Sort Space Used": 14189,"Sort Space Type": "Memory"},{"Worker Number": 1,"Sort Method": "quicksort","Sort Space Used": 14107,"Sort Space Type": "Memory"}],"Plans": [{"Node Type": "Hash Join","Parent Relationship": "Outer","Parallel Aware": false,"Async Capable": false,"Join Type": "Inner","Startup Cost": 3.13,"Total Cost": 34223.32,"Plan Rows": 40,"Plan Width": 159,"Actual Startup Time": 0.735,"Actual Total Time": 2152.784,"Actual Rows": 109402,"Actual Loops": 3,"Inner Unique": true,"Hash Cond": "(supplier.s_nationkey = nation.n_nationkey)","Workers": [],"Plans": [{"Node Type": "Nested Loop","Parent Relationship": "Outer","Parallel Aware": false,"Async Capable": false,"Join Type": "Inner","Startup Cost": 1.57,"Total Cost": 34221.53,"Plan Rows": 40,"Plan Width": 31,"Actual Startup Time": 0.544,"Actual Total Time": 2120.427,"Actual Rows": 109402,"Actual Loops": 3,"Inner Unique": true,"Workers": [],"Plans": [{"Node Type": "Nested Loop","Parent Relationship": "Outer","Parallel Aware": false,"Async Capable": false,"Join Type": "Inner","Startup Cost": 1.14,"Total Cost": 34202.93,"Plan Rows": 40,"Plan Width": 31,"Actual Startup Time": 0.416,"Actual Total Time": 988.040,"Actual Rows": 109402,"Actual Loops": 3,"Inner Unique": true,"Workers": [],"Plans": [{"Node Type": "Nested Loop","Parent Relationship": "Outer","Parallel Aware": false,"Async Capable": false,"Join Type": "Inner","Startup Cost": 0.86,"Total Cost": 34190.82,"Plan Rows": 40,"Plan Width": 35,"Actual Startup Time": 0.319,"Actual Total Time": 803.042,"Actual Rows": 109402,"Actual Loops": 3,"Inner Unique": false,"Workers": [],"Plans": [{"Node Type": "Nested Loop","Parent Relationship": "Outer","Parallel Aware": false,"Async Capable": false,"Join Type": "Inner","Startup Cost": 0.42,"Total Cost": 19885.25,"Plan Rows": 13468,"Plan Width": 18,"Actual Startup Time": 0.207,"Actual Total Time": 118.633,"Actual Rows": 14617,"Actual Loops": 3,"Inner Unique": false,"Workers": [],"Plans": [{"Node Type": "Seq Scan","Parent Relationship": "Outer","Parallel Aware": true,"Async Capable": false,"Relation Name": "part","Alias": "part","Startup Cost": 0.00,"Total Cost": 5138.67,"Plan Rows": 3367,"Plan Width": 4,"Actual Startup Time": 0.078,"Actual Total Time": 50.998,"Actual Rows": 3654,"Actual Loops": 3,"Filter": "((p_name)::text ~~ '%misty%'::text)","Rows Removed by Filter": 63012,"Workers": []},{"Node Type": "Index Scan","Parent Relationship": "Inner","Parallel Aware": false,"Async Capable": false,"Scan Direction": "Forward","Index Name": "idx_partsupp_partkey","Relation Name": "partsupp","Alias": "partsupp","Startup Cost": 0.42,"Total Cost": 4.34,"Plan Rows": 4,"Plan Width": 14,"Actual Startup Time": 0.014,"Actual Total Time": 0.018,"Actual Rows": 4,"Actual Loops": 10963,"Index Cond": "(ps_partkey = part.p_partkey)","Rows Removed by Index Recheck": 0,"Workers": []}]},{"Node Type": "Index Scan","Parent Relationship": "Inner","Parallel Aware": false,"Async Capable": false,"Scan Direction": "Forward","Index Name": "idx_lineitem_part_supp","Relation Name": "lineitem","Alias": "lineitem","Startup Cost": 0.43,"Total Cost": 1.05,"Plan Rows": 1,"Plan Width": 29,"Actual Startup Time": 0.007,"Actual Total Time": 0.045,"Actual Rows": 7,"Actual Loops": 43852,"Index Cond": "((l_partkey = partsupp.ps_partkey) AND (l_suppkey = partsupp.ps_suppkey))","Rows Removed by Index Recheck": 0,"Workers": []}]},{"Node Type": "Index Scan","Parent Relationship": "Inner","Parallel Aware": false,"Async Capable": false,"Scan Direction": "Forward","Index Name": "supplier_pkey","Relation Name": "supplier","Alias": "supplier","Startup Cost": 0.29,"Total Cost": 0.30,"Plan Rows": 1,"Plan Width": 8,"Actual Startup Time": 0.001,"Actual Total Time": 0.001,"Actual Rows": 1,"Actual Loops": 328206,"Index Cond": "(s_suppkey = lineitem.l_suppkey)","Rows Removed by Index Recheck": 0,"Workers": []}]},{"Node Type": "Index Scan","Parent Relationship": "Inner","Parallel Aware": false,"Async Capable": false,"Scan Direction": "Forward","Index Name": "orders_pkey","Relation Name": "orders","Alias": "orders","Startup Cost": 0.43,"Total Cost": 0.47,"Plan Rows": 1,"Plan Width": 8,"Actual Startup Time": 0.010,"Actual Total Time": 0.010,"Actual Rows": 1,"Actual Loops": 328206,"Index Cond": "(o_orderkey = lineitem.l_orderkey)","Rows Removed by Index Recheck": 0,"Workers": []}]},{"Node Type": "Hash","Parent Relationship": "Inner","Parallel Aware": false,"Async Capable": false,"Startup Cost": 1.25,"Total Cost": 1.25,"Plan Rows": 25,"Plan Width": 108,"Actual Startup Time": 0.086,"Actual Total Time": 0.092,"Actual Rows": 25,"Actual Loops": 3,"Hash Buckets": 1024,"Original Hash Buckets": 1024,"Hash Batches": 1,"Original Hash Batches": 1,"Peak Memory Usage": 10,"Workers": [],"Plans": [{"Node Type": "Seq Scan","Parent Relationship": "Outer","Parallel Aware": false,"Async Capable": false,"Relation Name": "nation","Alias": "nation","Startup Cost": 0.00,"Total Cost": 1.25,"Plan Rows": 25,"Plan Width": 108,"Actual Startup Time": 0.060,"Actual Total Time": 0.066,"Actual Rows": 25,"Actual Loops": 3,"Workers": []}]}]}]}]}]}]},"Planning Time": 12.091,"Triggers": [],"Execution Time": 2576.214}]
[{"Plan": {"Node Type": "Aggregate","Strategy": "Sorted","Partial Mode": "Finalize","Parallel Aware": false,"Async Capable": false,"Startup Cost": 49135.04,"Total Cost": 49164.27,"Plan Rows": 195,"Plan Width": 168,"Actual Startup Time": 1725.991,"Actual Total Time": 1871.333,"Actual Rows": 175,"Actual Loops": 1,"Group Key": ["nation.n_name", "(EXTRACT(year FROM orders.o_orderdate))"],"Plans": [{"Node Type": "Gather Merge","Parent Relationship": "Outer","Parallel Aware": false,"Async Capable": false,"Startup Cost": 49135.04,"Total Cost": 49159.45,"Plan Rows": 189,"Plan Width": 168,"Actual Startup Time": 1724.410,"Actual Total Time": 1870.772,"Actual Rows": 700,"Actual Loops": 1,"Workers Planned": 3,"Workers Launched": 3,"Plans": [{"Node Type": "Aggregate","Strategy": "Sorted","Partial Mode": "Partial","Parent Relationship": "Outer","Parallel Aware": false,"Async Capable": false,"Startup Cost": 48135.00,"Total Cost": 48137.21,"Plan Rows": 63,"Plan Width": 168,"Actual Startup Time": 1642.964,"Actual Total Time": 1738.350,"Actual Rows": 175,"Actual Loops": 4,"Group Key": ["nation.n_name", "(EXTRACT(year FROM orders.o_orderdate))"],"Workers": [],"Plans": [{"Node Type": "Sort","Parent Relationship": "Outer","Parallel Aware": false,"Async Capable": false,"Startup Cost": 48135.00,"Total Cost": 48135.16,"Plan Rows": 63,"Plan Width": 159,"Actual Startup Time": 1642.489,"Actual Total Time": 1674.765,"Actual Rows": 80807,"Actual Loops": 4,"Sort Key": ["nation.n_name", "(EXTRACT(year FROM orders.o_orderdate)) DESC"],"Sort Method": "quicksort","Sort Space Used": 11216,"Sort Space Type": "Memory","Workers": [{"Worker Number": 0,"Sort Method": "quicksort","Sort Space Used": 11190,"Sort Space Type": "Memory"},{"Worker Number": 1,"Sort Method": "quicksort","Sort Space Used": 11031,"Sort Space Type": "Memory"},{"Worker Number": 2,"Sort Method": "quicksort","Sort Space Used": 11039,"Sort Space Type": "Memory"}],"Plans": [{"Node Type": "Hash Join","Parent Relationship": "Outer","Parallel Aware": false,"Async Capable": false,"Join Type": "Inner","Startup Cost": 5225.55,"Total Cost": 48133.12,"Plan Rows": 63,"Plan Width": 159,"Actual Startup Time": 23.223,"Actual Total Time": 1542.778,"Actual Rows": 80807,"Actual Loops": 4,"Inner Unique": true,"Hash Cond": "(supplier.s_nationkey = nation.n_nationkey)","Workers": [],"Plans": [{"Node Type": "Nested Loop","Parent Relationship": "Outer","Parallel Aware": false,"Async Capable": false,"Join Type": "Inner","Startup Cost": 5223.99,"Total Cost": 48131.20,"Plan Rows": 63,"Plan Width": 31,"Actual Startup Time": 23.068,"Actual Total Time": 1519.655,"Actual Rows": 80807,"Actual Loops": 4,"Inner Unique": true,"Workers": [],"Plans": [{"Node Type": "Nested Loop","Parent Relationship": "Outer","Parallel Aware": false,"Async Capable": false,"Join Type": "Inner","Startup Cost": 5223.56,"Total Cost": 48101.90,"Plan Rows": 63,"Plan Width": 31,"Actual Startup Time": 23.008,"Actual Total Time": 793.385,"Actual Rows": 80807,"Actual Loops": 4,"Inner Unique": true,"Workers": [],"Plans": [{"Node Type": "Nested Loop","Parent Relationship": "Outer","Parallel Aware": false,"Async Capable": false,"Join Type": "Inner","Startup Cost": 5223.27,"Total Cost": 48082.83,"Plan Rows": 63,"Plan Width": 35,"Actual Startup Time": 22.959,"Actual Total Time": 657.278,"Actual Rows": 80807,"Actual Loops": 4,"Inner Unique": false,"Workers": [],"Plans": [{"Node Type": "Hash Join","Parent Relationship": "Outer","Parallel Aware": true,"Async Capable": false,"Join Type": "Inner","Startup Cost": 5222.84,"Total Cost": 25931.92,"Plan Rows": 20854,"Plan Width": 18,"Actual Startup Time": 22.889,"Actual Total Time": 199.001,"Actual Rows": 10785,"Actual Loops": 4,"Inner Unique": true,"Hash Cond": "(partsupp.ps_partkey = part.p_partkey)","Workers": [],"Plans": [{"Node Type": "Seq Scan","Parent Relationship": "Outer","Parallel Aware": true,"Async Capable": false,"Relation Name": "partsupp","Alias": "partsupp","Startup Cost": 0.00,"Total Cost": 20031.65,"Plan Rows": 258065,"Plan Width": 14,"Actual Startup Time": 0.016,"Actual Total Time": 42.939,"Actual Rows": 200000,"Actual Loops": 4,"Workers": []},{"Node Type": "Hash","Parent Relationship": "Inner","Parallel Aware": true,"Async Capable": false,"Startup Cost": 5138.67,"Total Cost": 5138.67,"Plan Rows": 6734,"Plan Width": 4,"Actual Startup Time": 22.693,"Actual Total Time": 22.704,"Actual Rows": 2696,"Actual Loops": 4,"Hash Buckets": 16384,"Original Hash Buckets": 16384,"Hash Batches": 1,"Original Hash Batches": 1,"Peak Memory Usage": 608,"Workers": [],"Plans": [{"Node Type": "Seq Scan","Parent Relationship": "Outer","Parallel Aware": true,"Async Capable": false,"Relation Name": "part","Alias": "part","Startup Cost": 0.00,"Total Cost": 5138.67,"Plan Rows": 6734,"Plan Width": 4,"Actual Startup Time": 0.049,"Actual Total Time": 20.967,"Actual Rows": 2696,"Actual Loops": 4,"Filter": "((p_name)::text ~~ '%lime%'::text)","Rows Removed by Filter": 47304,"Workers": []}]}]},{"Node Type": "Index Scan","Parent Relationship": "Inner","Parallel Aware": false,"Async Capable": false,"Scan Direction": "Forward","Index Name": "idx_lineitem_part_supp","Relation Name": "lineitem","Alias": "lineitem","Startup Cost": 0.43,"Total Cost": 1.05,"Plan Rows": 1,"Plan Width": 29,"Actual Startup Time": 0.006,"Actual Total Time": 0.041,"Actual Rows": 7,"Actual Loops": 43140,"Index Cond": "((l_partkey = partsupp.ps_partkey) AND (l_suppkey = partsupp.ps_suppkey))","Rows Removed by Index Recheck": 0,"Workers": []}]},{"Node Type": "Index Scan","Parent Relationship": "Inner","Parallel Aware": false,"Async Capable": false,"Scan Direction": "Forward","Index Name": "supplier_pkey","Relation Name": "supplier","Alias": "supplier","Startup Cost": 0.29,"Total Cost": 0.30,"Plan Rows": 1,"Plan Width": 8,"Actual Startup Time": 0.001,"Actual Total Time": 0.001,"Actual Rows": 1,"Actual Loops": 323229,"Index Cond": "(s_suppkey = lineitem.l_suppkey)","Rows Removed by Index Recheck": 0,"Workers": []}]},{"Node Type": "Index Scan","Parent Relationship": "Inner","Parallel Aware": false,"Async Capable": false,"Scan Direction": "Forward","Index Name": "orders_pkey","Relation Name": "orders","Alias": "orders","Startup Cost": 0.43,"Total Cost": 0.47,"Plan Rows": 1,"Plan Width": 8,"Actual Startup Time": 0.009,"Actual Total Time": 0.009,"Actual Rows": 1,"Actual Loops": 323229,"Index Cond": "(o_orderkey = lineitem.l_orderkey)","Rows Removed by Index Recheck": 0,"Workers": []}]},{"Node Type": "Hash","Parent Relationship": "Inner","Parallel Aware": false,"Async Capable": false,"Startup Cost": 1.25,"Total Cost": 1.25,"Plan Rows": 25,"Plan Width": 108,"Actual Startup Time": 0.067,"Actual Total Time": 0.072,"Actual Rows": 25,"Actual Loops": 4,"Hash Buckets": 1024,"Original Hash Buckets": 1024,"Hash Batches": 1,"Original Hash Batches": 1,"Peak Memory Usage": 10,"Workers": [],"Plans": [{"Node Type": "Seq Scan","Parent Relationship": "Outer","Parallel Aware": false,"Async Capable": false,"Relation Name": "nation","Alias": "nation","Startup Cost": 0.00,"Total Cost": 1.25,"Plan Rows": 25,"Plan Width": 108,"Actual Startup Time": 0.045,"Actual Total Time": 0.050,"Actual Rows": 25,"Actual Loops": 4,"Workers": []}]}]}]}]}]}]},"Planning Time": 12.908,"Triggers": [],"Execution Time": 1873.227}]
[{"Plan": {"Node Type": "Aggregate","Strategy": "Sorted","Partial Mode": "Finalize","Parallel Aware": false,"Async Capable": false,"Startup Cost": 51920.12,"Total Cost": 51953.05,"Plan Rows": 219,"Plan Width": 168,"Actual Startup Time": 1685.576,"Actual Total Time": 1779.937,"Actual Rows": 175,"Actual Loops": 1,"Group Key": ["nation.n_name", "(EXTRACT(year FROM orders.o_orderdate))"],"Plans": [{"Node Type": "Gather Merge","Parent Relationship": "Outer","Parallel Aware": false,"Async Capable": false,"Startup Cost": 51920.12,"Total Cost": 51947.63,"Plan Rows": 213,"Plan Width": 168,"Actual Startup Time": 1684.109,"Actual Total Time": 1779.449,"Actual Rows": 700,"Actual Loops": 1,"Workers Planned": 3,"Workers Launched": 3,"Plans": [{"Node Type": "Aggregate","Strategy": "Sorted","Partial Mode": "Partial","Parent Relationship": "Outer","Parallel Aware": false,"Async Capable": false,"Startup Cost": 50920.08,"Total Cost": 50922.56,"Plan Rows": 71,"Plan Width": 168,"Actual Startup Time": 1615.575,"Actual Total Time": 1701.587,"Actual Rows": 175,"Actual Loops": 4,"Group Key": ["nation.n_name", "(EXTRACT(year FROM orders.o_orderdate))"],"Workers": [],"Plans": [{"Node Type": "Sort","Parent Relationship": "Outer","Parallel Aware": false,"Async Capable": false,"Startup Cost": 50920.08,"Total Cost": 50920.26,"Plan Rows": 71,"Plan Width": 159,"Actual Startup Time": 1615.138,"Actual Total Time": 1641.513,"Actual Rows": 82680,"Actual Loops": 4,"Sort Key": ["nation.n_name", "(EXTRACT(year FROM orders.o_orderdate)) DESC"],"Sort Method": "quicksort","Sort Space Used": 11114,"Sort Space Type": "Memory","Workers": [{"Worker Number": 0,"Sort Method": "quicksort","Sort Space Used": 11099,"Sort Space Type": "Memory"},{"Worker Number": 1,"Sort Method": "quicksort","Sort Space Used": 11470,"Sort Space Type": "Memory"},{"Worker Number": 2,"Sort Method": "quicksort","Sort Space Used": 11534,"Sort Space Type": "Memory"}],"Plans": [{"Node Type": "Hash Join","Parent Relationship": "Outer","Parallel Aware": false,"Async Capable": false,"Join Type": "Inner","Startup Cost": 5236.07,"Total Cost": 50917.89,"Plan Rows": 71,"Plan Width": 159,"Actual Startup Time": 22.147,"Actual Total Time": 1517.827,"Actual Rows": 82680,"Actual Loops": 4,"Inner Unique": true,"Hash Cond": "(supplier.s_nationkey = nation.n_nationkey)","Workers": [],"Plans": [{"Node Type": "Nested Loop","Parent Relationship": "Outer","Parallel Aware": false,"Async Capable": false,"Join Type": "Inner","Startup Cost": 5234.51,"Total Cost": 50915.94,"Plan Rows": 71,"Plan Width": 31,"Actual Startup Time": 21.955,"Actual Total Time": 1494.212,"Actual Rows": 82680,"Actual Loops": 4,"Inner Unique": true,"Workers": [],"Plans": [{"Node Type": "Nested Loop","Parent Relationship": "Outer","Parallel Aware": false,"Async Capable": false,"Join Type": "Inner","Startup Cost": 5234.08,"Total Cost": 50882.91,"Plan Rows": 71,"Plan Width": 31,"Actual Startup Time": 21.895,"Actual Total Time": 772.688,"Actual Rows": 82680,"Actual Loops": 4,"Inner Unique": true,"Workers": [],"Plans": [{"Node Type": "Nested Loop","Parent Relationship": "Outer","Parallel Aware": false,"Async Capable": false,"Join Type": "Inner","Startup Cost": 5233.80,"Total Cost": 50861.42,"Plan Rows": 71,"Plan Width": 35,"Actual Startup Time": 21.850,"Actual Total Time": 635.447,"Actual Rows": 82680,"Actual Loops": 4,"Inner Unique": false,"Workers": [],"Plans": [{"Node Type": "Hash Join","Parent Relationship": "Outer","Parallel Aware": true,"Async Capable": false,"Join Type": "Inner","Startup Cost": 5233.37,"Total Cost": 25942.44,"Plan Rows": 23460,"Plan Width": 18,"Actual Startup Time": 21.777,"Actual Total Time": 183.666,"Actual Rows": 11010,"Actual Loops": 4,"Inner Unique": true,"Hash Cond": "(partsupp.ps_partkey = part.p_partkey)","Workers": [],"Plans": [{"Node Type": "Seq Scan","Parent Relationship": "Outer","Parallel Aware": true,"Async Capable": false,"Relation Name": "partsupp","Alias": "partsupp","Startup Cost": 0.00,"Total Cost": 20031.65,"Plan Rows": 258065,"Plan Width": 14,"Actual Startup Time": 0.020,"Actual Total Time": 41.580,"Actual Rows": 200000,"Actual Loops": 4,"Workers": []},{"Node Type": "Hash","Parent Relationship": "Inner","Parallel Aware": true,"Async Capable": false,"Startup Cost": 5138.67,"Total Cost": 5138.67,"Plan Rows": 7576,"Plan Width": 4,"Actual Startup Time": 21.542,"Actual Total Time": 21.549,"Actual Rows": 2752,"Actual Loops": 4,"Hash Buckets": 32768,"Original Hash Buckets": 32768,"Hash Batches": 1,"Original Hash Batches": 1,"Peak Memory Usage": 736,"Workers": [],"Plans": [{"Node Type": "Seq Scan","Parent Relationship": "Outer","Parallel Aware": true,"Async Capable": false,"Relation Name": "part","Alias": "part","Startup Cost": 0.00,"Total Cost": 5138.67,"Plan Rows": 7576,"Plan Width": 4,"Actual Startup Time": 0.062,"Actual Total Time": 20.145,"Actual Rows": 2752,"Actual Loops": 4,"Filter": "((p_name)::text ~~ '%orchid%'::text)","Rows Removed by Filter": 47248,"Workers": []}]}]},{"Node Type": "Index Scan","Parent Relationship": "Inner","Parallel Aware": false,"Async Capable": false,"Scan Direction": "Forward","Index Name": "idx_lineitem_part_supp","Relation Name": "lineitem","Alias": "lineitem","Startup Cost": 0.43,"Total Cost": 1.05,"Plan Rows": 1,"Plan Width": 29,"Actual Startup Time": 0.006,"Actual Total Time": 0.040,"Actual Rows": 8,"Actual Loops": 44040,"Index Cond": "((l_partkey = partsupp.ps_partkey) AND (l_suppkey = partsupp.ps_suppkey))","Rows Removed by Index Recheck": 0,"Workers": []}]},{"Node Type": "Index Scan","Parent Relationship": "Inner","Parallel Aware": false,"Async Capable": false,"Scan Direction": "Forward","Index Name": "supplier_pkey","Relation Name": "supplier","Alias": "supplier","Startup Cost": 0.29,"Total Cost": 0.30,"Plan Rows": 1,"Plan Width": 8,"Actual Startup Time": 0.001,"Actual Total Time": 0.001,"Actual Rows": 1,"Actual Loops": 330720,"Index Cond": "(s_suppkey = lineitem.l_suppkey)","Rows Removed by Index Recheck": 0,"Workers": []}]},{"Node Type": "Index Scan","Parent Relationship": "Inner","Parallel Aware": false,"Async Capable": false,"Scan Direction": "Forward","Index Name": "orders_pkey","Relation Name": "orders","Alias": "orders","Startup Cost": 0.43,"Total Cost": 0.47,"Plan Rows": 1,"Plan Width": 8,"Actual Startup Time": 0.008,"Actual Total Time": 0.008,"Actual Rows": 1,"Actual Loops": 330720,"Index Cond": "(o_orderkey = lineitem.l_orderkey)","Rows Removed by Index Recheck": 0,"Workers": []}]},{"Node Type": "Hash","Parent Relationship": "Inner","Parallel Aware": false,"Async Capable": false,"Startup Cost": 1.25,"Total Cost": 1.25,"Plan Rows": 25,"Plan Width": 108,"Actual Startup Time": 0.085,"Actual Total Time": 0.091,"Actual Rows": 25,"Actual Loops": 4,"Hash Buckets": 1024,"Original Hash Buckets": 1024,"Hash Batches": 1,"Original Hash Batches": 1,"Peak Memory Usage": 10,"Workers": [],"Plans": [{"Node Type": "Seq Scan","Parent Relationship": "Outer","Parallel Aware": false,"Async Capable": false,"Relation Name": "nation","Alias": "nation","Startup Cost": 0.00,"Total Cost": 1.25,"Plan Rows": 25,"Plan Width": 108,"Actual Startup Time": 0.055,"Actual Total Time": 0.061,"Actual Rows": 25,"Actual Loops": 4,"Workers": []}]}]}]}]}]}]},"Planning Time": 12.199,"Triggers": [],"Execution Time": 1781.879}]
[{"Plan": {"Node Type": "Aggregate","Strategy": "Sorted","Partial Mode": "Finalize","Parallel Aware": false,"Async Capable": false,"Startup Cost": 47355.08,"Total Cost": 47374.71,"Plan Rows": 146,"Plan Width": 168,"Actual Startup Time": 2440.490,"Actual Total Time": 2625.263,"Actual Rows": 175,"Actual Loops": 1,"Group Key": ["nation.n_name", "(EXTRACT(year FROM orders.o_orderdate))"],"Plans": [{"Node Type": "Gather Merge","Parent Relationship": "Outer","Parallel Aware": false,"Async Capable": false,"Startup Cost": 47355.08,"Total Cost": 47371.30,"Plan Rows": 122,"Plan Width": 168,"Actual Startup Time": 2438.386,"Actual Total Time": 2624.843,"Actual Rows": 525,"Actual Loops": 1,"Workers Planned": 2,"Workers Launched": 2,"Plans": [{"Node Type": "Aggregate","Strategy": "Sorted","Partial Mode": "Partial","Parent Relationship": "Outer","Parallel Aware": false,"Async Capable": false,"Startup Cost": 46355.06,"Total Cost": 46357.20,"Plan Rows": 61,"Plan Width": 168,"Actual Startup Time": 2325.727,"Actual Total Time": 2473.967,"Actual Rows": 175,"Actual Loops": 3,"Group Key": ["nation.n_name", "(EXTRACT(year FROM orders.o_orderdate))"],"Workers": [],"Plans": [{"Node Type": "Sort","Parent Relationship": "Outer","Parallel Aware": false,"Async Capable": false,"Startup Cost": 46355.06,"Total Cost": 46355.21,"Plan Rows": 61,"Plan Width": 159,"Actual Startup Time": 2325.108,"Actual Total Time": 2380.247,"Actual Rows": 108586,"Actual Loops": 3,"Sort Key": ["nation.n_name", "(EXTRACT(year FROM orders.o_orderdate)) DESC"],"Sort Method": "quicksort","Sort Space Used": 14578,"Sort Space Type": "Memory","Workers": [{"Worker Number": 0,"Sort Method": "quicksort","Sort Space Used": 13509,"Sort Space Type": "Memory"},{"Worker Number": 1,"Sort Method": "quicksort","Sort Space Used": 13568,"Sort Space Type": "Memory"}],"Plans": [{"Node Type": "Hash Join","Parent Relationship": "Outer","Parallel Aware": false,"Async Capable": false,"Join Type": "Inner","Startup Cost": 3.13,"Total Cost": 46353.25,"Plan Rows": 61,"Plan Width": 159,"Actual Startup Time": 0.571,"Actual Total Time": 2178.589,"Actual Rows": 108586,"Actual Loops": 3,"Inner Unique": true,"Hash Cond": "(supplier.s_nationkey = nation.n_nationkey)","Workers": [],"Plans": [{"Node Type": "Nested Loop","Parent Relationship": "Outer","Parallel Aware": false,"Async Capable": false,"Join Type": "Inner","Startup Cost": 1.57,"Total Cost": 46351.35,"Plan Rows": 61,"Plan Width": 31,"Actual Startup Time": 0.432,"Actual Total Time": 2147.289,"Actual Rows": 108586,"Actual Loops": 3,"Inner Unique": true,"Workers": [],"Plans": [{"Node Type": "Nested Loop","Parent Relationship": "Outer","Parallel Aware": false,"Async Capable": false,"Join Type": "Inner","Startup Cost": 1.14,"Total Cost": 46322.98,"Plan Rows": 61,"Plan Width": 31,"Actual Startup Time": 0.340,"Actual Total Time": 1002.738,"Actual Rows": 108586,"Actual Loops": 3,"Inner Unique": true,"Workers": [],"Plans": [{"Node Type": "Nested Loop","Parent Relationship": "Outer","Parallel Aware": false,"Async Capable": false,"Join Type": "Inner","Startup Cost": 0.86,"Total Cost": 46304.52,"Plan Rows": 61,"Plan Width": 35,"Actual Startup Time": 0.260,"Actual Total Time": 817.852,"Actual Rows": 108586,"Actual Loops": 3,"Inner Unique": false,"Workers": [],"Plans": [{"Node Type": "Nested Loop","Parent Relationship": "Outer","Parallel Aware": false,"Async Capable": false,"Join Type": "Inner","Startup Cost": 0.42,"Total Cost": 24846.16,"Plan Rows": 20202,"Plan Width": 18,"Actual Startup Time": 0.150,"Actual Total Time": 113.874,"Actual Rows": 14481,"Actual Loops": 3,"Inner Unique": false,"Workers": [],"Plans": [{"Node Type": "Seq Scan","Parent Relationship": "Outer","Parallel Aware": true,"Async Capable": false,"Relation Name": "part","Alias": "part","Startup Cost": 0.00,"Total Cost": 5138.67,"Plan Rows": 5051,"Plan Width": 4,"Actual Startup Time": 0.040,"Actual Total Time": 48.758,"Actual Rows": 3620,"Actual Loops": 3,"Filter": "((p_name)::text ~~ '%chartreuse%'::text)","Rows Removed by Filter": 63046,"Workers": []},{"Node Type": "Index Scan","Parent Relationship": "Inner","Parallel Aware": false,"Async Capable": false,"Scan Direction": "Forward","Index Name": "idx_partsupp_partkey","Relation Name": "partsupp","Alias": "partsupp","Startup Cost": 0.42,"Total Cost": 3.86,"Plan Rows": 4,"Plan Width": 14,"Actual Startup Time": 0.013,"Actual Total Time": 0.017,"Actual Rows": 4,"Actual Loops": 10861,"Index Cond": "(ps_partkey = part.p_partkey)","Rows Removed by Index Recheck": 0,"Workers": []}]},{"Node Type": "Index Scan","Parent Relationship": "Inner","Parallel Aware": false,"Async Capable": false,"Scan Direction": "Forward","Index Name": "idx_lineitem_part_supp","Relation Name": "lineitem","Alias": "lineitem","Startup Cost": 0.43,"Total Cost": 1.05,"Plan Rows": 1,"Plan Width": 29,"Actual Startup Time": 0.007,"Actual Total Time": 0.047,"Actual Rows": 7,"Actual Loops": 43444,"Index Cond": "((l_partkey = partsupp.ps_partkey) AND (l_suppkey = partsupp.ps_suppkey))","Rows Removed by Index Recheck": 0,"Workers": []}]},{"Node Type": "Index Scan","Parent Relationship": "Inner","Parallel Aware": false,"Async Capable": false,"Scan Direction": "Forward","Index Name": "supplier_pkey","Relation Name": "supplier","Alias": "supplier","Startup Cost": 0.29,"Total Cost": 0.30,"Plan Rows": 1,"Plan Width": 8,"Actual Startup Time": 0.001,"Actual Total Time": 0.001,"Actual Rows": 1,"Actual Loops": 325758,"Index Cond": "(s_suppkey = lineitem.l_suppkey)","Rows Removed by Index Recheck": 0,"Workers": []}]},{"Node Type": "Index Scan","Parent Relationship": "Inner","Parallel Aware": false,"Async Capable": false,"Scan Direction": "Forward","Index Name": "orders_pkey","Relation Name": "orders","Alias": "orders","Startup Cost": 0.43,"Total Cost": 0.47,"Plan Rows": 1,"Plan Width": 8,"Actual Startup Time": 0.010,"Actual Total Time": 0.010,"Actual Rows": 1,"Actual Loops": 325758,"Index Cond": "(o_orderkey = lineitem.l_orderkey)","Rows Removed by Index Recheck": 0,"Workers": []}]},{"Node Type": "Hash","Parent Relationship": "Inner","Parallel Aware": false,"Async Capable": false,"Startup Cost": 1.25,"Total Cost": 1.25,"Plan Rows": 25,"Plan Width": 108,"Actual Startup Time": 0.066,"Actual Total Time": 0.077,"Actual Rows": 25,"Actual Loops": 3,"Hash Buckets": 1024,"Original Hash Buckets": 1024,"Hash Batches": 1,"Original Hash Batches": 1,"Peak Memory Usage": 10,"Workers": [],"Plans": [{"Node Type": "Seq Scan","Parent Relationship": "Outer","Parallel Aware": false,"Async Capable": false,"Relation Name": "nation","Alias": "nation","Startup Cost": 0.00,"Total Cost": 1.25,"Plan Rows": 25,"Plan Width": 108,"Actual Startup Time": 0.042,"Actual Total Time": 0.046,"Actual Rows": 25,"Actual Loops": 3,"Workers": []}]}]}]}]}]}]},"Planning Time": 12.561,"Triggers": [],"Execution Time": 2628.191}]
[{"Plan": {"Node Type": "Aggregate","Strategy": "Sorted","Partial Mode": "Finalize","Parallel Aware": false,"Async Capable": false,"Startup Cost": 47355.08,"Total Cost": 47374.71,"Plan Rows": 146,"Plan Width": 168,"Actual Startup Time": 2500.381,"Actual Total Time": 2613.066,"Actual Rows": 175,"Actual Loops": 1,"Group Key": ["nation.n_name", "(EXTRACT(year FROM orders.o_orderdate))"],"Plans": [{"Node Type": "Gather Merge","Parent Relationship": "Outer","Parallel Aware": false,"Async Capable": false,"Startup Cost": 47355.08,"Total Cost": 47371.30,"Plan Rows": 122,"Plan Width": 168,"Actual Startup Time": 2498.753,"Actual Total Time": 2612.506,"Actual Rows": 525,"Actual Loops": 1,"Workers Planned": 2,"Workers Launched": 2,"Plans": [{"Node Type": "Aggregate","Strategy": "Sorted","Partial Mode": "Partial","Parent Relationship": "Outer","Parallel Aware": false,"Async Capable": false,"Startup Cost": 46355.06,"Total Cost": 46357.20,"Plan Rows": 61,"Plan Width": 168,"Actual Startup Time": 2385.274,"Actual Total Time": 2517.765,"Actual Rows": 175,"Actual Loops": 3,"Group Key": ["nation.n_name", "(EXTRACT(year FROM orders.o_orderdate))"],"Workers": [],"Plans": [{"Node Type": "Sort","Parent Relationship": "Outer","Parallel Aware": false,"Async Capable": false,"Startup Cost": 46355.06,"Total Cost": 46355.21,"Plan Rows": 61,"Plan Width": 159,"Actual Startup Time": 2384.635,"Actual Total Time": 2429.059,"Actual Rows": 111540,"Actual Loops": 3,"Sort Key": ["nation.n_name", "(EXTRACT(year FROM orders.o_orderdate)) DESC"],"Sort Method": "quicksort","Sort Space Used": 13997,"Sort Space Type": "Memory","Workers": [{"Worker Number": 0,"Sort Method": "quicksort","Sort Space Used": 14233,"Sort Space Type": "Memory"},{"Worker Number": 1,"Sort Method": "quicksort","Sort Space Used": 14306,"Sort Space Type": "Memory"}],"Plans": [{"Node Type": "Hash Join","Parent Relationship": "Outer","Parallel Aware": false,"Async Capable": false,"Join Type": "Inner","Startup Cost": 3.13,"Total Cost": 46353.25,"Plan Rows": 61,"Plan Width": 159,"Actual Startup Time": 0.720,"Actual Total Time": 2224.522,"Actual Rows": 111540,"Actual Loops": 3,"Inner Unique": true,"Hash Cond": "(supplier.s_nationkey = nation.n_nationkey)","Workers": [],"Plans": [{"Node Type": "Nested Loop","Parent Relationship": "Outer","Parallel Aware": false,"Async Capable": false,"Join Type": "Inner","Startup Cost": 1.57,"Total Cost": 46351.35,"Plan Rows": 61,"Plan Width": 31,"Actual Startup Time": 0.543,"Actual Total Time": 2192.319,"Actual Rows": 111540,"Actual Loops": 3,"Inner Unique": true,"Workers": [],"Plans": [{"Node Type": "Nested Loop","Parent Relationship": "Outer","Parallel Aware": false,"Async Capable": false,"Join Type": "Inner","Startup Cost": 1.14,"Total Cost": 46322.98,"Plan Rows": 61,"Plan Width": 31,"Actual Startup Time": 0.416,"Actual Total Time": 1013.189,"Actual Rows": 111540,"Actual Loops": 3,"Inner Unique": true,"Workers": [],"Plans": [{"Node Type": "Nested Loop","Parent Relationship": "Outer","Parallel Aware": false,"Async Capable": false,"Join Type": "Inner","Startup Cost": 0.86,"Total Cost": 46304.52,"Plan Rows": 61,"Plan Width": 35,"Actual Startup Time": 0.322,"Actual Total Time": 823.097,"Actual Rows": 111540,"Actual Loops": 3,"Inner Unique": false,"Workers": [],"Plans": [{"Node Type": "Nested Loop","Parent Relationship": "Outer","Parallel Aware": false,"Async Capable": false,"Join Type": "Inner","Startup Cost": 0.42,"Total Cost": 24846.16,"Plan Rows": 20202,"Plan Width": 18,"Actual Startup Time": 0.205,"Actual Total Time": 119.618,"Actual Rows": 14867,"Actual Loops": 3,"Inner Unique": false,"Workers": [],"Plans": [{"Node Type": "Seq Scan","Parent Relationship": "Outer","Parallel Aware": true,"Async Capable": false,"Relation Name": "part","Alias": "part","Startup Cost": 0.00,"Total Cost": 5138.67,"Plan Rows": 5051,"Plan Width": 4,"Actual Startup Time": 0.067,"Actual Total Time": 50.965,"Actual Rows": 3717,"Actual Loops": 3,"Filter": "((p_name)::text ~~ '%tomato%'::text)","Rows Removed by Filter": 62950,"Workers": []},{"Node Type": "Index Scan","Parent Relationship": "Inner","Parallel Aware": false,"Async Capable": false,"Scan Direction": "Forward","Index Name": "idx_partsupp_partkey","Relation Name": "partsupp","Alias": "partsupp","Startup Cost": 0.42,"Total Cost": 3.86,"Plan Rows": 4,"Plan Width": 14,"Actual Startup Time": 0.014,"Actual Total Time": 0.018,"Actual Rows": 4,"Actual Loops": 11150,"Index Cond": "(ps_partkey = part.p_partkey)","Rows Removed by Index Recheck": 0,"Workers": []}]},{"Node Type": "Index Scan","Parent Relationship": "Inner","Parallel Aware": false,"Async Capable": false,"Scan Direction": "Forward","Index Name": "idx_lineitem_part_supp","Relation Name": "lineitem","Alias": "lineitem","Startup Cost": 0.43,"Total Cost": 1.05,"Plan Rows": 1,"Plan Width": 29,"Actual Startup Time": 0.007,"Actual Total Time": 0.046,"Actual Rows": 8,"Actual Loops": 44600,"Index Cond": "((l_partkey = partsupp.ps_partkey) AND (l_suppkey = partsupp.ps_suppkey))","Rows Removed by Index Recheck": 0,"Workers": []}]},{"Node Type": "Index Scan","Parent Relationship": "Inner","Parallel Aware": false,"Async Capable": false,"Scan Direction": "Forward","Index Name": "supplier_pkey","Relation Name": "supplier","Alias": "supplier","Startup Cost": 0.29,"Total Cost": 0.30,"Plan Rows": 1,"Plan Width": 8,"Actual Startup Time": 0.001,"Actual Total Time": 0.001,"Actual Rows": 1,"Actual Loops": 334621,"Index Cond": "(s_suppkey = lineitem.l_suppkey)","Rows Removed by Index Recheck": 0,"Workers": []}]},{"Node Type": "Index Scan","Parent Relationship": "Inner","Parallel Aware": false,"Async Capable": false,"Scan Direction": "Forward","Index Name": "orders_pkey","Relation Name": "orders","Alias": "orders","Startup Cost": 0.43,"Total Cost": 0.47,"Plan Rows": 1,"Plan Width": 8,"Actual Startup Time": 0.010,"Actual Total Time": 0.010,"Actual Rows": 1,"Actual Loops": 334621,"Index Cond": "(o_orderkey = lineitem.l_orderkey)","Rows Removed by Index Recheck": 0,"Workers": []}]},{"Node Type": "Hash","Parent Relationship": "Inner","Parallel Aware": false,"Async Capable": false,"Startup Cost": 1.25,"Total Cost": 1.25,"Plan Rows": 25,"Plan Width": 108,"Actual Startup Time": 0.076,"Actual Total Time": 0.105,"Actual Rows": 25,"Actual Loops": 3,"Hash Buckets": 1024,"Original Hash Buckets": 1024,"Hash Batches": 1,"Original Hash Batches": 1,"Peak Memory Usage": 10,"Workers": [],"Plans": [{"Node Type": "Seq Scan","Parent Relationship": "Outer","Parallel Aware": false,"Async Capable": false,"Relation Name": "nation","Alias": "nation","Startup Cost": 0.00,"Total Cost": 1.25,"Plan Rows": 25,"Plan Width": 108,"Actual Startup Time": 0.046,"Actual Total Time": 0.069,"Actual Rows": 25,"Actual Loops": 3,"Workers": []}]}]}]}]}]}]},"Planning Time": 11.495,"Triggers": [],"Execution Time": 2614.780}]
[{"Plan": {"Node Type": "Aggregate","Strategy": "Sorted","Partial Mode": "Finalize","Parallel Aware": false,"Async Capable": false,"Startup Cost": 46348.90,"Total Cost": 46374.41,"Plan Rows": 170,"Plan Width": 168,"Actual Startup Time": 1721.900,"Actual Total Time": 1830.646,"Actual Rows": 175,"Actual Loops": 1,"Group Key": ["nation.n_name", "(EXTRACT(year FROM orders.o_orderdate))"],"Plans": [{"Node Type": "Gather Merge","Parent Relationship": "Outer","Parallel Aware": false,"Async Capable": false,"Startup Cost": 46348.90,"Total Cost": 46370.21,"Plan Rows": 165,"Plan Width": 168,"Actual Startup Time": 1720.280,"Actual Total Time": 1830.173,"Actual Rows": 700,"Actual Loops": 1,"Workers Planned": 3,"Workers Launched": 3,"Plans": [{"Node Type": "Aggregate","Strategy": "Sorted","Partial Mode": "Partial","Parent Relationship": "Outer","Parallel Aware": false,"Async Capable": false,"Startup Cost": 45348.86,"Total Cost": 45350.79,"Plan Rows": 55,"Plan Width": 168,"Actual Startup Time": 1654.475,"Actual Total Time": 1741.275,"Actual Rows": 175,"Actual Loops": 4,"Group Key": ["nation.n_name", "(EXTRACT(year FROM orders.o_orderdate))"],"Workers": [],"Plans": [{"Node Type": "Sort","Parent Relationship": "Outer","Parallel Aware": false,"Async Capable": false,"Startup Cost": 45348.86,"Total Cost": 45349.00,"Plan Rows": 55,"Plan Width": 159,"Actual Startup Time": 1654.136,"Actual Total Time": 1680.723,"Actual Rows": 82316,"Actual Loops": 4,"Sort Key": ["nation.n_name", "(EXTRACT(year FROM orders.o_orderdate)) DESC"],"Sort Method": "quicksort","Sort Space Used": 11440,"Sort Space Type": "Memory","Workers": [{"Worker Number": 0,"Sort Method": "quicksort","Sort Space Used": 11396,"Sort Space Type": "Memory"},{"Worker Number": 1,"Sort Method": "quicksort","Sort Space Used": 11133,"Sort Space Type": "Memory"},{"Worker Number": 2,"Sort Method": "quicksort","Sort Space Used": 11106,"Sort Space Type": "Memory"}],"Plans": [{"Node Type": "Hash Join","Parent Relationship": "Outer","Parallel Aware": false,"Async Capable": false,"Join Type": "Inner","Startup Cost": 5215.02,"Total Cost": 45347.27,"Plan Rows": 55,"Plan Width": 159,"Actual Startup Time": 22.420,"Actual Total Time": 1553.173,"Actual Rows": 82316,"Actual Loops": 4,"Inner Unique": true,"Hash Cond": "(supplier.s_nationkey = nation.n_nationkey)","Workers": [],"Plans": [{"Node Type": "Nested Loop","Parent Relationship": "Outer","Parallel Aware": false,"Async Capable": false,"Join Type": "Inner","Startup Cost": 5213.46,"Total Cost": 45345.40,"Plan Rows": 55,"Plan Width": 31,"Actual Startup Time": 22.259,"Actual Total Time": 1529.513,"Actual Rows": 82316,"Actual Loops": 4,"Inner Unique": true,"Workers": [],"Plans": [{"Node Type": "Nested Loop","Parent Relationship": "Outer","Parallel Aware": false,"Async Capable": false,"Join Type": "Inner","Startup Cost": 5213.03,"Total Cost": 45319.82,"Plan Rows": 55,"Plan Width": 31,"Actual Startup Time": 22.154,"Actual Total Time": 794.323,"Actual Rows": 82316,"Actual Loops": 4,"Inner Unique": true,"Workers": [],"Plans": [{"Node Type": "Nested Loop","Parent Relationship": "Outer","Parallel Aware": false,"Async Capable": false,"Join Type": "Inner","Startup Cost": 5212.75,"Total Cost": 45303.17,"Plan Rows": 55,"Plan Width": 35,"Actual Startup Time": 22.102,"Actual Total Time": 656.654,"Actual Rows": 82316,"Actual Loops": 4,"Inner Unique": false,"Workers": [],"Plans": [{"Node Type": "Hash Join","Parent Relationship": "Outer","Parallel Aware": true,"Async Capable": false,"Join Type": "Inner","Startup Cost": 5212.32,"Total Cost": 25921.39,"Plan Rows": 18247,"Plan Width": 18,"Actual Startup Time": 22.020,"Actual Total Time": 197.924,"Actual Rows": 10995,"Actual Loops": 4,"Inner Unique": true,"Hash Cond": "(partsupp.ps_partkey = part.p_partkey)","Workers": [],"Plans": [{"Node Type": "Seq Scan","Parent Relationship": "Outer","Parallel Aware": true,"Async Capable": false,"Relation Name": "partsupp","Alias": "partsupp","Startup Cost": 0.00,"Total Cost": 20031.65,"Plan Rows": 258065,"Plan Width": 14,"Actual Startup Time": 0.022,"Actual Total Time": 42.354,"Actual Rows": 200000,"Actual Loops": 4,"Workers": []},{"Node Type": "Hash","Parent Relationship": "Inner","Parallel Aware": true,"Async Capable": false,"Startup Cost": 5138.67,"Total Cost": 5138.67,"Plan Rows": 5892,"Plan Width": 4,"Actual Startup Time": 21.785,"Actual Total Time": 21.794,"Actual Rows": 2749,"Actual Loops": 4,"Hash Buckets": 16384,"Original Hash Buckets": 16384,"Hash Batches": 1,"Original Hash Batches": 1,"Peak Memory Usage": 640,"Workers": [],"Plans": [{"Node Type": "Seq Scan","Parent Relationship": "Outer","Parallel Aware": true,"Async Capable": false,"Relation Name": "part","Alias": "part","Startup Cost": 0.00,"Total Cost": 5138.67,"Plan Rows": 5892,"Plan Width": 4,"Actual Startup Time": 0.084,"Actual Total Time": 20.105,"Actual Rows": 2749,"Actual Loops": 4,"Filter": "((p_name)::text ~~ '%hot%'::text)","Rows Removed by Filter": 47251,"Workers": []}]}]},{"Node Type": "Index Scan","Parent Relationship": "Inner","Parallel Aware": false,"Async Capable": false,"Scan Direction": "Forward","Index Name": "idx_lineitem_part_supp","Relation Name": "lineitem","Alias": "lineitem","Startup Cost": 0.43,"Total Cost": 1.05,"Plan Rows": 1,"Plan Width": 29,"Actual Startup Time": 0.006,"Actual Total Time": 0.040,"Actual Rows": 7,"Actual Loops": 43980,"Index Cond": "((l_partkey = partsupp.ps_partkey) AND (l_suppkey = partsupp.ps_suppkey))","Rows Removed by Index Recheck": 0,"Workers": []}]},{"Node Type": "Index Scan","Parent Relationship": "Inner","Parallel Aware": false,"Async Capable": false,"Scan Direction": "Forward","Index Name": "supplier_pkey","Relation Name": "supplier","Alias": "supplier","Startup Cost": 0.29,"Total Cost": 0.30,"Plan Rows": 1,"Plan Width": 8,"Actual Startup Time": 0.001,"Actual Total Time": 0.001,"Actual Rows": 1,"Actual Loops": 329264,"Index Cond": "(s_suppkey = lineitem.l_suppkey)","Rows Removed by Index Recheck": 0,"Workers": []}]},{"Node Type": "Index Scan","Parent Relationship": "Inner","Parallel Aware": false,"Async Capable": false,"Scan Direction": "Forward","Index Name": "orders_pkey","Relation Name": "orders","Alias": "orders","Startup Cost": 0.43,"Total Cost": 0.47,"Plan Rows": 1,"Plan Width": 8,"Actual Startup Time": 0.009,"Actual Total Time": 0.009,"Actual Rows": 1,"Actual Loops": 329264,"Index Cond": "(o_orderkey = lineitem.l_orderkey)","Rows Removed by Index Recheck": 0,"Workers": []}]},{"Node Type": "Hash","Parent Relationship": "Inner","Parallel Aware": false,"Async Capable": false,"Startup Cost": 1.25,"Total Cost": 1.25,"Plan Rows": 25,"Plan Width": 108,"Actual Startup Time": 0.067,"Actual Total Time": 0.073,"Actual Rows": 25,"Actual Loops": 4,"Hash Buckets": 1024,"Original Hash Buckets": 1024,"Hash Batches": 1,"Original Hash Batches": 1,"Peak Memory Usage": 10,"Workers": [],"Plans": [{"Node Type": "Seq Scan","Parent Relationship": "Outer","Parallel Aware": false,"Async Capable": false,"Relation Name": "nation","Alias": "nation","Startup Cost": 0.00,"Total Cost": 1.25,"Plan Rows": 25,"Plan Width": 108,"Actual Startup Time": 0.046,"Actual Total Time": 0.051,"Actual Rows": 25,"Actual Loops": 4,"Workers": []}]}]}]}]}]}]},"Planning Time": 11.474,"Triggers": [],"Execution Time": 1832.228}]
[{"Plan": {"Node Type": "Aggregate","Strategy": "Sorted","Partial Mode": "Finalize","Parallel Aware": false,"Async Capable": false,"Startup Cost": 47355.08,"Total Cost": 47374.71,"Plan Rows": 146,"Plan Width": 168,"Actual Startup Time": 2504.241,"Actual Total Time": 2642.335,"Actual Rows": 175,"Actual Loops": 1,"Group Key": ["nation.n_name", "(EXTRACT(year FROM orders.o_orderdate))"],"Plans": [{"Node Type": "Gather Merge","Parent Relationship": "Outer","Parallel Aware": false,"Async Capable": false,"Startup Cost": 47355.08,"Total Cost": 47371.30,"Plan Rows": 122,"Plan Width": 168,"Actual Startup Time": 2502.506,"Actual Total Time": 2641.857,"Actual Rows": 525,"Actual Loops": 1,"Workers Planned": 2,"Workers Launched": 2,"Plans": [{"Node Type": "Aggregate","Strategy": "Sorted","Partial Mode": "Partial","Parent Relationship": "Outer","Parallel Aware": false,"Async Capable": false,"Startup Cost": 46355.06,"Total Cost": 46357.20,"Plan Rows": 61,"Plan Width": 168,"Actual Startup Time": 2344.670,"Actual Total Time": 2498.493,"Actual Rows": 175,"Actual Loops": 3,"Group Key": ["nation.n_name", "(EXTRACT(year FROM orders.o_orderdate))"],"Workers": [],"Plans": [{"Node Type": "Sort","Parent Relationship": "Outer","Parallel Aware": false,"Async Capable": false,"Startup Cost": 46355.06,"Total Cost": 46355.21,"Plan Rows": 61,"Plan Width": 159,"Actual Startup Time": 2344.013,"Actual Total Time": 2402.913,"Actual Rows": 108480,"Actual Loops": 3,"Sort Key": ["nation.n_name", "(EXTRACT(year FROM orders.o_orderdate)) DESC"],"Sort Method": "quicksort","Sort Space Used": 13732,"Sort Space Type": "Memory","Workers": [{"Worker Number": 0,"Sort Method": "quicksort","Sort Space Used": 13598,"Sort Space Type": "Memory"},{"Worker Number": 1,"Sort Method": "quicksort","Sort Space Used": 14292,"Sort Space Type": "Memory"}],"Plans": [{"Node Type": "Hash Join","Parent Relationship": "Outer","Parallel Aware": false,"Async Capable": false,"Join Type": "Inner","Startup Cost": 3.13,"Total Cost": 46353.25,"Plan Rows": 61,"Plan Width": 159,"Actual Startup Time": 0.691,"Actual Total Time": 2191.960,"Actual Rows": 108480,"Actual Loops": 3,"Inner Unique": true,"Hash Cond": "(supplier.s_nationkey = nation.n_nationkey)","Workers": [],"Plans": [{"Node Type": "Nested Loop","Parent Relationship": "Outer","Parallel Aware": false,"Async Capable": false,"Join Type": "Inner","Startup Cost": 1.57,"Total Cost": 46351.35,"Plan Rows": 61,"Plan Width": 31,"Actual Startup Time": 0.511,"Actual Total Time": 2159.831,"Actual Rows": 108480,"Actual Loops": 3,"Inner Unique": true,"Workers": [],"Plans": [{"Node Type": "Nested Loop","Parent Relationship": "Outer","Parallel Aware": false,"Async Capable": false,"Join Type": "Inner","Startup Cost": 1.14,"Total Cost": 46322.98,"Plan Rows": 61,"Plan Width": 31,"Actual Startup Time": 0.381,"Actual Total Time": 1010.906,"Actual Rows": 108480,"Actual Loops": 3,"Inner Unique": true,"Workers": [],"Plans": [{"Node Type": "Nested Loop","Parent Relationship": "Outer","Parallel Aware": false,"Async Capable": false,"Join Type": "Inner","Startup Cost": 0.86,"Total Cost": 46304.52,"Plan Rows": 61,"Plan Width": 35,"Actual Startup Time": 0.285,"Actual Total Time": 825.109,"Actual Rows": 108480,"Actual Loops": 3,"Inner Unique": false,"Workers": [],"Plans": [{"Node Type": "Nested Loop","Parent Relationship": "Outer","Parallel Aware": false,"Async Capable": false,"Join Type": "Inner","Startup Cost": 0.42,"Total Cost": 24846.16,"Plan Rows": 20202,"Plan Width": 18,"Actual Startup Time": 0.180,"Actual Total Time": 116.007,"Actual Rows": 14429,"Actual Loops": 3,"Inner Unique": false,"Workers": [],"Plans": [{"Node Type": "Seq Scan","Parent Relationship": "Outer","Parallel Aware": true,"Async Capable": false,"Relation Name": "part","Alias": "part","Startup Cost": 0.00,"Total Cost": 5138.67,"Plan Rows": 5051,"Plan Width": 4,"Actual Startup Time": 0.052,"Actual Total Time": 50.227,"Actual Rows": 3607,"Actual Loops": 3,"Filter": "((p_name)::text ~~ '%sky%'::text)","Rows Removed by Filter": 63059,"Workers": []},{"Node Type": "Index Scan","Parent Relationship": "Inner","Parallel Aware": false,"Async Capable": false,"Scan Direction": "Forward","Index Name": "idx_partsupp_partkey","Relation Name": "partsupp","Alias": "partsupp","Startup Cost": 0.42,"Total Cost": 3.86,"Plan Rows": 4,"Plan Width": 14,"Actual Startup Time": 0.014,"Actual Total Time": 0.017,"Actual Rows": 4,"Actual Loops": 10822,"Index Cond": "(ps_partkey = part.p_partkey)","Rows Removed by Index Recheck": 0,"Workers": []}]},{"Node Type": "Index Scan","Parent Relationship": "Inner","Parallel Aware": false,"Async Capable": false,"Scan Direction": "Forward","Index Name": "idx_lineitem_part_supp","Relation Name": "lineitem","Alias": "lineitem","Startup Cost": 0.43,"Total Cost": 1.05,"Plan Rows": 1,"Plan Width": 29,"Actual Startup Time": 0.007,"Actual Total Time": 0.047,"Actual Rows": 8,"Actual Loops": 43288,"Index Cond": "((l_partkey = partsupp.ps_partkey) AND (l_suppkey = partsupp.ps_suppkey))","Rows Removed by Index Recheck": 0,"Workers": []}]},{"Node Type": "Index Scan","Parent Relationship": "Inner","Parallel Aware": false,"Async Capable": false,"Scan Direction": "Forward","Index Name": "supplier_pkey","Relation Name": "supplier","Alias": "supplier","Startup Cost": 0.29,"Total Cost": 0.30,"Plan Rows": 1,"Plan Width": 8,"Actual Startup Time": 0.001,"Actual Total Time": 0.001,"Actual Rows": 1,"Actual Loops": 325439,"Index Cond": "(s_suppkey = lineitem.l_suppkey)","Rows Removed by Index Recheck": 0,"Workers": []}]},{"Node Type": "Index Scan","Parent Relationship": "Inner","Parallel Aware": false,"Async Capable": false,"Scan Direction": "Forward","Index Name": "orders_pkey","Relation Name": "orders","Alias": "orders","Startup Cost": 0.43,"Total Cost": 0.47,"Plan Rows": 1,"Plan Width": 8,"Actual Startup Time": 0.010,"Actual Total Time": 0.010,"Actual Rows": 1,"Actual Loops": 325439,"Index Cond": "(o_orderkey = lineitem.l_orderkey)","Rows Removed by Index Recheck": 0,"Workers": []}]},{"Node Type": "Hash","Parent Relationship": "Inner","Parallel Aware": false,"Async Capable": false,"Startup Cost": 1.25,"Total Cost": 1.25,"Plan Rows": 25,"Plan Width": 108,"Actual Startup Time": 0.080,"Actual Total Time": 0.093,"Actual Rows": 25,"Actual Loops": 3,"Hash Buckets": 1024,"Original Hash Buckets": 1024,"Hash Batches": 1,"Original Hash Batches": 1,"Peak Memory Usage": 10,"Workers": [],"Plans": [{"Node Type": "Seq Scan","Parent Relationship": "Outer","Parallel Aware": false,"Async Capable": false,"Relation Name": "nation","Alias": "nation","Startup Cost": 0.00,"Total Cost": 1.25,"Plan Rows": 25,"Plan Width": 108,"Actual Startup Time": 0.053,"Actual Total Time": 0.061,"Actual Rows": 25,"Actual Loops": 3,"Workers": []}]}]}]}]}]}]},"Planning Time": 12.506,"Triggers": [],"Execution Time": 2643.875}]
[{"Plan": {"Node Type": "Aggregate","Strategy": "Sorted","Partial Mode": "Finalize","Parallel Aware": false,"Async Capable": false,"Startup Cost": 47355.08,"Total Cost": 47374.71,"Plan Rows": 146,"Plan Width": 168,"Actual Startup Time": 2440.490,"Actual Total Time": 2625.263,"Actual Rows": 175,"Actual Loops": 1,"Group Key": ["nation.n_name", "(EXTRACT(year FROM orders.o_orderdate))"],"Plans": [{"Node Type": "Gather Merge","Parent Relationship": "Outer","Parallel Aware": false,"Async Capable": false,"Startup Cost": 47355.08,"Total Cost": 47371.30,"Plan Rows": 122,"Plan Width": 168,"Actual Startup Time": 2438.386,"Actual Total Time": 2624.843,"Actual Rows": 525,"Actual Loops": 1,"Workers Planned": 2,"Workers Launched": 2,"Plans": [{"Node Type": "Aggregate","Strategy": "Sorted","Partial Mode": "Partial","Parent Relationship": "Outer","Parallel Aware": false,"Async Capable": false,"Startup Cost": 46355.06,"Total Cost": 46357.20,"Plan Rows": 61,"Plan Width": 168,"Actual Startup Time": 2325.727,"Actual Total Time": 2473.967,"Actual Rows": 175,"Actual Loops": 3,"Group Key": ["nation.n_name", "(EXTRACT(year FROM orders.o_orderdate))"],"Workers": [],"Plans": [{"Node Type": "Sort","Parent Relationship": "Outer","Parallel Aware": false,"Async Capable": false,"Startup Cost": 46355.06,"Total Cost": 46355.21,"Plan Rows": 61,"Plan Width": 159,"Actual Startup Time": 2325.108,"Actual Total Time": 2380.247,"Actual Rows": 108586,"Actual Loops": 3,"Sort Key": ["nation.n_name", "(EXTRACT(year FROM orders.o_orderdate)) DESC"],"Sort Method": "quicksort","Sort Space Used": 14578,"Sort Space Type": "Memory","Workers": [{"Worker Number": 0,"Sort Method": "quicksort","Sort Space Used": 13509,"Sort Space Type": "Memory"},{"Worker Number": 1,"Sort Method": "quicksort","Sort Space Used": 13568,"Sort Space Type": "Memory"}],"Plans": [{"Node Type": "Hash Join","Parent Relationship": "Outer","Parallel Aware": false,"Async Capable": false,"Join Type": "Inner","Startup Cost": 3.13,"Total Cost": 46353.25,"Plan Rows": 61,"Plan Width": 159,"Actual Startup Time": 0.571,"Actual Total Time": 2178.589,"Actual Rows": 108586,"Actual Loops": 3,"Inner Unique": true,"Hash Cond": "(supplier.s_nationkey = nation.n_nationkey)","Workers": [],"Plans": [{"Node Type": "Nested Loop","Parent Relationship": "Outer","Parallel Aware": false,"Async Capable": false,"Join Type": "Inner","Startup Cost": 1.57,"Total Cost": 46351.35,"Plan Rows": 61,"Plan Width": 31,"Actual Startup Time": 0.432,"Actual Total Time": 2147.289,"Actual Rows": 108586,"Actual Loops": 3,"Inner Unique": true,"Workers": [],"Plans": [{"Node Type": "Nested Loop","Parent Relationship": "Outer","Parallel Aware": false,"Async Capable": false,"Join Type": "Inner","Startup Cost": 1.14,"Total Cost": 46322.98,"Plan Rows": 61,"Plan Width": 31,"Actual Startup Time": 0.340,"Actual Total Time": 1002.738,"Actual Rows": 108586,"Actual Loops": 3,"Inner Unique": true,"Workers": [],"Plans": [{"Node Type": "Nested Loop","Parent Relationship": "Outer","Parallel Aware": false,"Async Capable": false,"Join Type": "Inner","Startup Cost": 0.86,"Total Cost": 46304.52,"Plan Rows": 61,"Plan Width": 35,"Actual Startup Time": 0.260,"Actual Total Time": 817.852,"Actual Rows": 108586,"Actual Loops": 3,"Inner Unique": false,"Workers": [],"Plans": [{"Node Type": "Nested Loop","Parent Relationship": "Outer","Parallel Aware": false,"Async Capable": false,"Join Type": "Inner","Startup Cost": 0.42,"Total Cost": 24846.16,"Plan Rows": 20202,"Plan Width": 18,"Actual Startup Time": 0.150,"Actual Total Time": 113.874,"Actual Rows": 14481,"Actual Loops": 3,"Inner Unique": false,"Workers": [],"Plans": [{"Node Type": "Seq Scan","Parent Relationship": "Outer","Parallel Aware": true,"Async Capable": false,"Relation Name": "part","Alias": "part","Startup Cost": 0.00,"Total Cost": 5138.67,"Plan Rows": 5051,"Plan Width": 4,"Actual Startup Time": 0.040,"Actual Total Time": 48.758,"Actual Rows": 3620,"Actual Loops": 3,"Filter": "((p_name)::text ~~ '%chartreuse%'::text)","Rows Removed by Filter": 63046,"Workers": []},{"Node Type": "Index Scan","Parent Relationship": "Inner","Parallel Aware": false,"Async Capable": false,"Scan Direction": "Forward","Index Name": "idx_partsupp_partkey","Relation Name": "partsupp","Alias": "partsupp","Startup Cost": 0.42,"Total Cost": 3.86,"Plan Rows": 4,"Plan Width": 14,"Actual Startup Time": 0.013,"Actual Total Time": 0.017,"Actual Rows": 4,"Actual Loops": 10861,"Index Cond": "(ps_partkey = part.p_partkey)","Rows Removed by Index Recheck": 0,"Workers": []}]},{"Node Type": "Index Scan","Parent Relationship": "Inner","Parallel Aware": false,"Async Capable": false,"Scan Direction": "Forward","Index Name": "idx_lineitem_part_supp","Relation Name": "lineitem","Alias": "lineitem","Startup Cost": 0.43,"Total Cost": 1.05,"Plan Rows": 1,"Plan Width": 29,"Actual Startup Time": 0.007,"Actual Total Time": 0.047,"Actual Rows": 7,"Actual Loops": 43444,"Index Cond": "((l_partkey = partsupp.ps_partkey) AND (l_suppkey = partsupp.ps_suppkey))","Rows Removed by Index Recheck": 0,"Workers": []}]},{"Node Type": "Index Scan","Parent Relationship": "Inner","Parallel Aware": false,"Async Capable": false,"Scan Direction": "Forward","Index Name": "supplier_pkey","Relation Name": "supplier","Alias": "supplier","Startup Cost": 0.29,"Total Cost": 0.30,"Plan Rows": 1,"Plan Width": 8,"Actual Startup Time": 0.001,"Actual Total Time": 0.001,"Actual Rows": 1,"Actual Loops": 325758,"Index Cond": "(s_suppkey = lineitem.l_suppkey)","Rows Removed by Index Recheck": 0,"Workers": []}]},{"Node Type": "Index Scan","Parent Relationship": "Inner","Parallel Aware": false,"Async Capable": false,"Scan Direction": "Forward","Index Name": "orders_pkey","Relation Name": "orders","Alias": "orders","Startup Cost": 0.43,"Total Cost": 0.47,"Plan Rows": 1,"Plan Width": 8,"Actual Startup Time": 0.010,"Actual Total Time": 0.010,"Actual Rows": 1,"Actual Loops": 325758,"Index Cond": "(o_orderkey = lineitem.l_orderkey)","Rows Removed by Index Recheck": 0,"Workers": []}]},{"Node Type": "Hash","Parent Relationship": "Inner","Parallel Aware": false,"Async Capable": false,"Startup Cost": 1.25,"Total Cost": 1.25,"Plan Rows": 25,"Plan Width": 108,"Actual Startup Time": 0.066,"Actual Total Time": 0.077,"Actual Rows": 25,"Actual Loops": 3,"Hash Buckets": 1024,"Original Hash Buckets": 1024,"Hash Batches": 1,"Original Hash Batches": 1,"Peak Memory Usage": 10,"Workers": [],"Plans": [{"Node Type": "Seq Scan","Parent Relationship": "Outer","Parallel Aware": false,"Async Capable": false,"Relation Name": "nation","Alias": "nation","Startup Cost": 0.00,"Total Cost": 1.25,"Plan Rows": 25,"Plan Width": 108,"Actual Startup Time": 0.042,"Actual Total Time": 0.046,"Actual Rows": 25,"Actual Loops": 3,"Workers": []}]}]}]}]}]}]},"Planning Time": 12.561,"Triggers": [],"Execution Time": 2628.191}]
[{"Plan": {"Node Type": "Aggregate","Strategy": "Sorted","Partial Mode": "Finalize","Parallel Aware": false,"Async Capable": false,"Startup Cost": 41381.04,"Total Cost": 41397.45,"Plan Rows": 122,"Plan Width": 168,"Actual Startup Time": 2369.291,"Actual Total Time": 2478.707,"Actual Rows": 175,"Actual Loops": 1,"Group Key": ["nation.n_name", "(EXTRACT(year FROM orders.o_orderdate))"],"Plans": [{"Node Type": "Gather Merge","Parent Relationship": "Outer","Parallel Aware": false,"Async Capable": false,"Startup Cost": 41381.04,"Total Cost": 41394.60,"Plan Rows": 102,"Plan Width": 168,"Actual Startup Time": 2368.553,"Actual Total Time": 2478.320,"Actual Rows": 525,"Actual Loops": 1,"Workers Planned": 2,"Workers Launched": 2,"Plans": [{"Node Type": "Aggregate","Strategy": "Sorted","Partial Mode": "Partial","Parent Relationship": "Outer","Parallel Aware": false,"Async Capable": false,"Startup Cost": 40381.01,"Total Cost": 40382.80,"Plan Rows": 51,"Plan Width": 168,"Actual Startup Time": 2234.651,"Actual Total Time": 2367.808,"Actual Rows": 175,"Actual Loops": 3,"Group Key": ["nation.n_name", "(EXTRACT(year FROM orders.o_orderdate))"],"Workers": [],"Plans": [{"Node Type": "Sort","Parent Relationship": "Outer","Parallel Aware": false,"Async Capable": false,"Startup Cost": 40381.01,"Total Cost": 40381.14,"Plan Rows": 51,"Plan Width": 159,"Actual Startup Time": 2234.151,"Actual Total Time": 2281.175,"Actual Rows": 106377,"Actual Loops": 3,"Sort Key": ["nation.n_name", "(EXTRACT(year FROM orders.o_orderdate)) DESC"],"Sort Method": "quicksort","Sort Space Used": 13281,"Sort Space Type": "Memory","Workers": [{"Worker Number": 0,"Sort Method": "quicksort","Sort Space Used": 13894,"Sort Space Type": "Memory"},{"Worker Number": 1,"Sort Method": "quicksort","Sort Space Used": 13818,"Sort Space Type": "Memory"}],"Plans": [{"Node Type": "Hash Join","Parent Relationship": "Outer","Parallel Aware": false,"Async Capable": false,"Join Type": "Inner","Startup Cost": 3.13,"Total Cost": 40379.57,"Plan Rows": 51,"Plan Width": 159,"Actual Startup Time": 0.768,"Actual Total Time": 2087.367,"Actual Rows": 106377,"Actual Loops": 3,"Inner Unique": true,"Hash Cond": "(supplier.s_nationkey = nation.n_nationkey)","Workers": [],"Plans": [{"Node Type": "Nested Loop","Parent Relationship": "Outer","Parallel Aware": false,"Async Capable": false,"Join Type": "Inner","Startup Cost": 1.57,"Total Cost": 40377.72,"Plan Rows": 51,"Plan Width": 31,"Actual Startup Time": 0.548,"Actual Total Time": 2056.182,"Actual Rows": 106377,"Actual Loops": 3,"Inner Unique": true,"Workers": [],"Plans": [{"Node Type": "Nested Loop","Parent Relationship": "Outer","Parallel Aware": false,"Async Capable": false,"Join Type": "Inner","Startup Cost": 1.14,"Total Cost": 40354.00,"Plan Rows": 51,"Plan Width": 31,"Actual Startup Time": 0.413,"Actual Total Time": 960.517,"Actual Rows": 106377,"Actual Loops": 3,"Inner Unique": true,"Workers": [],"Plans": [{"Node Type": "Nested Loop","Parent Relationship": "Outer","Parallel Aware": false,"Async Capable": false,"Join Type": "Inner","Startup Cost": 0.86,"Total Cost": 40338.56,"Plan Rows": 51,"Plan Width": 35,"Actual Startup Time": 0.324,"Actual Total Time": 781.220,"Actual Rows": 106377,"Actual Loops": 3,"Inner Unique": false,"Workers": [],"Plans": [{"Node Type": "Nested Loop","Parent Relationship": "Outer","Parallel Aware": false,"Async Capable": false,"Join Type": "Inner","Startup Cost": 0.42,"Total Cost": 22456.59,"Plan Rows": 16835,"Plan Width": 18,"Actual Startup Time": 0.210,"Actual Total Time": 116.185,"Actual Rows": 14180,"Actual Loops": 3,"Inner Unique": false,"Workers": [],"Plans": [{"Node Type": "Seq Scan","Parent Relationship": "Outer","Parallel Aware": true,"Async Capable": false,"Relation Name": "part","Alias": "part","Startup Cost": 0.00,"Total Cost": 5138.67,"Plan Rows": 4209,"Plan Width": 4,"Actual Startup Time": 0.080,"Actual Total Time": 50.374,"Actual Rows": 3545,"Actual Loops": 3,"Filter": "((p_name)::text ~~ '%gainsboro%'::text)","Rows Removed by Filter": 63122,"Workers": []},{"Node Type": "Index Scan","Parent Relationship": "Inner","Parallel Aware": false,"Async Capable": false,"Scan Direction": "Forward","Index Name": "idx_partsupp_partkey","Relation Name": "partsupp","Alias": "partsupp","Startup Cost": 0.42,"Total Cost": 4.07,"Plan Rows": 4,"Plan Width": 14,"Actual Startup Time": 0.014,"Actual Total Time": 0.018,"Actual Rows": 4,"Actual Loops": 10635,"Index Cond": "(ps_partkey = part.p_partkey)","Rows Removed by Index Recheck": 0,"Workers": []}]},{"Node Type": "Index Scan","Parent Relationship": "Inner","Parallel Aware": false,"Async Capable": false,"Scan Direction": "Forward","Index Name": "idx_lineitem_part_supp","Relation Name": "lineitem","Alias": "lineitem","Startup Cost": 0.43,"Total Cost": 1.05,"Plan Rows": 1,"Plan Width": 29,"Actual Startup Time": 0.007,"Actual Total Time": 0.045,"Actual Rows": 8,"Actual Loops": 42540,"Index Cond": "((l_partkey = partsupp.ps_partkey) AND (l_suppkey = partsupp.ps_suppkey))","Rows Removed by Index Recheck": 0,"Workers": []}]},{"Node Type": "Index Scan","Parent Relationship": "Inner","Parallel Aware": false,"Async Capable": false,"Scan Direction": "Forward","Index Name": "supplier_pkey","Relation Name": "supplier","Alias": "supplier","Startup Cost": 0.29,"Total Cost": 0.30,"Plan Rows": 1,"Plan Width": 8,"Actual Startup Time": 0.001,"Actual Total Time": 0.001,"Actual Rows": 1,"Actual Loops": 319131,"Index Cond": "(s_suppkey = lineitem.l_suppkey)","Rows Removed by Index Recheck": 0,"Workers": []}]},{"Node Type": "Index Scan","Parent Relationship": "Inner","Parallel Aware": false,"Async Capable": false,"Scan Direction": "Forward","Index Name": "orders_pkey","Relation Name": "orders","Alias": "orders","Startup Cost": 0.43,"Total Cost": 0.47,"Plan Rows": 1,"Plan Width": 8,"Actual Startup Time": 0.010,"Actual Total Time": 0.010,"Actual Rows": 1,"Actual Loops": 319131,"Index Cond": "(o_orderkey = lineitem.l_orderkey)","Rows Removed by Index Recheck": 0,"Workers": []}]},{"Node Type": "Hash","Parent Relationship": "Inner","Parallel Aware": false,"Async Capable": false,"Startup Cost": 1.25,"Total Cost": 1.25,"Plan Rows": 25,"Plan Width": 108,"Actual Startup Time": 0.092,"Actual Total Time": 0.105,"Actual Rows": 25,"Actual Loops": 3,"Hash Buckets": 1024,"Original Hash Buckets": 1024,"Hash Batches": 1,"Original Hash Batches": 1,"Peak Memory Usage": 10,"Workers": [],"Plans": [{"Node Type": "Seq Scan","Parent Relationship": "Outer","Parallel Aware": false,"Async Capable": false,"Relation Name": "nation","Alias": "nation","Startup Cost": 0.00,"Total Cost": 1.25,"Plan Rows": 25,"Plan Width": 108,"Actual Startup Time": 0.059,"Actual Total Time": 0.067,"Actual Rows": 25,"Actual Loops": 3,"Workers": []}]}]}]}]}]}]},"Planning Time": 12.024,"Triggers": [],"Execution Time": 2481.928}]
[{"Plan": {"Node Type": "Aggregate","Strategy": "Sorted","Partial Mode": "Finalize","Parallel Aware": false,"Async Capable": false,"Startup Cost": 46348.90,"Total Cost": 46374.41,"Plan Rows": 170,"Plan Width": 168,"Actual Startup Time": 1765.122,"Actual Total Time": 1878.837,"Actual Rows": 175,"Actual Loops": 1,"Group Key": ["nation.n_name", "(EXTRACT(year FROM orders.o_orderdate))"],"Plans": [{"Node Type": "Gather Merge","Parent Relationship": "Outer","Parallel Aware": false,"Async Capable": false,"Startup Cost": 46348.90,"Total Cost": 46370.21,"Plan Rows": 165,"Plan Width": 168,"Actual Startup Time": 1763.976,"Actual Total Time": 1878.362,"Actual Rows": 700,"Actual Loops": 1,"Workers Planned": 3,"Workers Launched": 3,"Plans": [{"Node Type": "Aggregate","Strategy": "Sorted","Partial Mode": "Partial","Parent Relationship": "Outer","Parallel Aware": false,"Async Capable": false,"Startup Cost": 45348.86,"Total Cost": 45350.79,"Plan Rows": 55,"Plan Width": 168,"Actual Startup Time": 1678.236,"Actual Total Time": 1772.865,"Actual Rows": 175,"Actual Loops": 4,"Group Key": ["nation.n_name", "(EXTRACT(year FROM orders.o_orderdate))"],"Workers": [],"Plans": [{"Node Type": "Sort","Parent Relationship": "Outer","Parallel Aware": false,"Async Capable": false,"Startup Cost": 45348.86,"Total Cost": 45349.00,"Plan Rows": 55,"Plan Width": 159,"Actual Startup Time": 1677.751,"Actual Total Time": 1709.316,"Actual Rows": 82508,"Actual Loops": 4,"Sort Key": ["nation.n_name", "(EXTRACT(year FROM orders.o_orderdate)) DESC"],"Sort Method": "quicksort","Sort Space Used": 11508,"Sort Space Type": "Memory","Workers": [{"Worker Number": 0,"Sort Method": "quicksort","Sort Space Used": 11186,"Sort Space Type": "Memory"},{"Worker Number": 1,"Sort Method": "quicksort","Sort Space Used": 11219,"Sort Space Type": "Memory"},{"Worker Number": 2,"Sort Method": "quicksort","Sort Space Used": 11238,"Sort Space Type": "Memory"}],"Plans": [{"Node Type": "Hash Join","Parent Relationship": "Outer","Parallel Aware": false,"Async Capable": false,"Join Type": "Inner","Startup Cost": 5215.02,"Total Cost": 45347.27,"Plan Rows": 55,"Plan Width": 159,"Actual Startup Time": 21.726,"Actual Total Time": 1573.130,"Actual Rows": 82508,"Actual Loops": 4,"Inner Unique": true,"Hash Cond": "(supplier.s_nationkey = nation.n_nationkey)","Workers": [],"Plans": [{"Node Type": "Nested Loop","Parent Relationship": "Outer","Parallel Aware": false,"Async Capable": false,"Join Type": "Inner","Startup Cost": 5213.46,"Total Cost": 45345.40,"Plan Rows": 55,"Plan Width": 31,"Actual Startup Time": 21.516,"Actual Total Time": 1549.295,"Actual Rows": 82508,"Actual Loops": 4,"Inner Unique": true,"Workers": [],"Plans": [{"Node Type": "Nested Loop","Parent Relationship": "Outer","Parallel Aware": false,"Async Capable": false,"Join Type": "Inner","Startup Cost": 5213.03,"Total Cost": 45319.82,"Plan Rows": 55,"Plan Width": 31,"Actual Startup Time": 21.426,"Actual Total Time": 807.961,"Actual Rows": 82508,"Actual Loops": 4,"Inner Unique": true,"Workers": [],"Plans": [{"Node Type": "Nested Loop","Parent Relationship": "Outer","Parallel Aware": false,"Async Capable": false,"Join Type": "Inner","Startup Cost": 5212.75,"Total Cost": 45303.17,"Plan Rows": 55,"Plan Width": 35,"Actual Startup Time": 21.366,"Actual Total Time": 669.820,"Actual Rows": 82508,"Actual Loops": 4,"Inner Unique": false,"Workers": [],"Plans": [{"Node Type": "Hash Join","Parent Relationship": "Outer","Parallel Aware": true,"Async Capable": false,"Join Type": "Inner","Startup Cost": 5212.32,"Total Cost": 25921.39,"Plan Rows": 18247,"Plan Width": 18,"Actual Startup Time": 21.288,"Actual Total Time": 198.560,"Actual Rows": 11011,"Actual Loops": 4,"Inner Unique": true,"Hash Cond": "(partsupp.ps_partkey = part.p_partkey)","Workers": [],"Plans": [{"Node Type": "Seq Scan","Parent Relationship": "Outer","Parallel Aware": true,"Async Capable": false,"Relation Name": "partsupp","Alias": "partsupp","Startup Cost": 0.00,"Total Cost": 20031.65,"Plan Rows": 258065,"Plan Width": 14,"Actual Startup Time": 0.011,"Actual Total Time": 42.308,"Actual Rows": 200000,"Actual Loops": 4,"Workers": []},{"Node Type": "Hash","Parent Relationship": "Inner","Parallel Aware": true,"Async Capable": false,"Startup Cost": 5138.67,"Total Cost": 5138.67,"Plan Rows": 5892,"Plan Width": 4,"Actual Startup Time": 21.102,"Actual Total Time": 21.115,"Actual Rows": 2753,"Actual Loops": 4,"Hash Buckets": 16384,"Original Hash Buckets": 16384,"Hash Batches": 1,"Original Hash Batches": 1,"Peak Memory Usage": 608,"Workers": [],"Plans": [{"Node Type": "Seq Scan","Parent Relationship": "Outer","Parallel Aware": true,"Async Capable": false,"Relation Name": "part","Alias": "part","Startup Cost": 0.00,"Total Cost": 5138.67,"Plan Rows": 5892,"Plan Width": 4,"Actual Startup Time": 0.060,"Actual Total Time": 19.377,"Actual Rows": 2753,"Actual Loops": 4,"Filter": "((p_name)::text ~~ '%midnight%'::text)","Rows Removed by Filter": 47247,"Workers": []}]}]},{"Node Type": "Index Scan","Parent Relationship": "Inner","Parallel Aware": false,"Async Capable": false,"Scan Direction": "Forward","Index Name": "idx_lineitem_part_supp","Relation Name": "lineitem","Alias": "lineitem","Startup Cost": 0.43,"Total Cost": 1.05,"Plan Rows": 1,"Plan Width": 29,"Actual Startup Time": 0.006,"Actual Total Time": 0.041,"Actual Rows": 7,"Actual Loops": 44044,"Index Cond": "((l_partkey = partsupp.ps_partkey) AND (l_suppkey = partsupp.ps_suppkey))","Rows Removed by Index Recheck": 0,"Workers": []}]},{"Node Type": "Index Scan","Parent Relationship": "Inner","Parallel Aware": false,"Async Capable": false,"Scan Direction": "Forward","Index Name": "supplier_pkey","Relation Name": "supplier","Alias": "supplier","Startup Cost": 0.29,"Total Cost": 0.30,"Plan Rows": 1,"Plan Width": 8,"Actual Startup Time": 0.001,"Actual Total Time": 0.001,"Actual Rows": 1,"Actual Loops": 330032,"Index Cond": "(s_suppkey = lineitem.l_suppkey)","Rows Removed by Index Recheck": 0,"Workers": []}]},{"Node Type": "Index Scan","Parent Relationship": "Inner","Parallel Aware": false,"Async Capable": false,"Scan Direction": "Forward","Index Name": "orders_pkey","Relation Name": "orders","Alias": "orders","Startup Cost": 0.43,"Total Cost": 0.47,"Plan Rows": 1,"Plan Width": 8,"Actual Startup Time": 0.009,"Actual Total Time": 0.009,"Actual Rows": 1,"Actual Loops": 330032,"Index Cond": "(o_orderkey = lineitem.l_orderkey)","Rows Removed by Index Recheck": 0,"Workers": []}]},{"Node Type": "Hash","Parent Relationship": "Inner","Parallel Aware": false,"Async Capable": false,"Startup Cost": 1.25,"Total Cost": 1.25,"Plan Rows": 25,"Plan Width": 108,"Actual Startup Time": 0.102,"Actual Total Time": 0.109,"Actual Rows": 25,"Actual Loops": 4,"Hash Buckets": 1024,"Original Hash Buckets": 1024,"Hash Batches": 1,"Original Hash Batches": 1,"Peak Memory Usage": 10,"Workers": [],"Plans": [{"Node Type": "Seq Scan","Parent Relationship": "Outer","Parallel Aware": false,"Async Capable": false,"Relation Name": "nation","Alias": "nation","Startup Cost": 0.00,"Total Cost": 1.25,"Plan Rows": 25,"Plan Width": 108,"Actual Startup Time": 0.072,"Actual Total Time": 0.080,"Actual Rows": 25,"Actual Loops": 4,"Workers": []}]}]}]}]}]}]},"Planning Time": 11.978,"Triggers": [],"Execution Time": 1880.350}]
[{"Plan": {"Node Type": "Aggregate","Strategy": "Sorted","Partial Mode": "Finalize","Parallel Aware": false,"Async Capable": false,"Startup Cost": 46348.90,"Total Cost": 46374.41,"Plan Rows": 170,"Plan Width": 168,"Actual Startup Time": 1757.899,"Actual Total Time": 1871.868,"Actual Rows": 175,"Actual Loops": 1,"Group Key": ["nation.n_name", "(EXTRACT(year FROM orders.o_orderdate))"],"Plans": [{"Node Type": "Gather Merge","Parent Relationship": "Outer","Parallel Aware": false,"Async Capable": false,"Startup Cost": 46348.90,"Total Cost": 46370.21,"Plan Rows": 165,"Plan Width": 168,"Actual Startup Time": 1756.503,"Actual Total Time": 1871.427,"Actual Rows": 700,"Actual Loops": 1,"Workers Planned": 3,"Workers Launched": 3,"Plans": [{"Node Type": "Aggregate","Strategy": "Sorted","Partial Mode": "Partial","Parent Relationship": "Outer","Parallel Aware": false,"Async Capable": false,"Startup Cost": 45348.86,"Total Cost": 45350.79,"Plan Rows": 55,"Plan Width": 168,"Actual Startup Time": 1668.919,"Actual Total Time": 1766.305,"Actual Rows": 175,"Actual Loops": 4,"Group Key": ["nation.n_name", "(EXTRACT(year FROM orders.o_orderdate))"],"Workers": [],"Plans": [{"Node Type": "Sort","Parent Relationship": "Outer","Parallel Aware": false,"Async Capable": false,"Startup Cost": 45348.86,"Total Cost": 45349.00,"Plan Rows": 55,"Plan Width": 159,"Actual Startup Time": 1668.444,"Actual Total Time": 1703.145,"Actual Rows": 83038,"Actual Loops": 4,"Sort Key": ["nation.n_name", "(EXTRACT(year FROM orders.o_orderdate)) DESC"],"Sort Method": "quicksort","Sort Space Used": 11548,"Sort Space Type": "Memory","Workers": [{"Worker Number": 0,"Sort Method": "quicksort","Sort Space Used": 11418,"Sort Space Type": "Memory"},{"Worker Number": 1,"Sort Method": "quicksort","Sort Space Used": 11149,"Sort Space Type": "Memory"},{"Worker Number": 2,"Sort Method": "quicksort","Sort Space Used": 11246,"Sort Space Type": "Memory"}],"Plans": [{"Node Type": "Hash Join","Parent Relationship": "Outer","Parallel Aware": false,"Async Capable": false,"Join Type": "Inner","Startup Cost": 5215.02,"Total Cost": 45347.27,"Plan Rows": 55,"Plan Width": 159,"Actual Startup Time": 21.688,"Actual Total Time": 1565.255,"Actual Rows": 83038,"Actual Loops": 4,"Inner Unique": true,"Hash Cond": "(supplier.s_nationkey = nation.n_nationkey)","Workers": [],"Plans": [{"Node Type": "Nested Loop","Parent Relationship": "Outer","Parallel Aware": false,"Async Capable": false,"Join Type": "Inner","Startup Cost": 5213.46,"Total Cost": 45345.40,"Plan Rows": 55,"Plan Width": 31,"Actual Startup Time": 21.499,"Actual Total Time": 1541.205,"Actual Rows": 83038,"Actual Loops": 4,"Inner Unique": true,"Workers": [],"Plans": [{"Node Type": "Nested Loop","Parent Relationship": "Outer","Parallel Aware": false,"Async Capable": false,"Join Type": "Inner","Startup Cost": 5213.03,"Total Cost": 45319.82,"Plan Rows": 55,"Plan Width": 31,"Actual Startup Time": 21.433,"Actual Total Time": 798.756,"Actual Rows": 83038,"Actual Loops": 4,"Inner Unique": true,"Workers": [],"Plans": [{"Node Type": "Nested Loop","Parent Relationship": "Outer","Parallel Aware": false,"Async Capable": false,"Join Type": "Inner","Startup Cost": 5212.75,"Total Cost": 45303.17,"Plan Rows": 55,"Plan Width": 35,"Actual Startup Time": 21.394,"Actual Total Time": 659.573,"Actual Rows": 83038,"Actual Loops": 4,"Inner Unique": false,"Workers": [],"Plans": [{"Node Type": "Hash Join","Parent Relationship": "Outer","Parallel Aware": true,"Async Capable": false,"Join Type": "Inner","Startup Cost": 5212.32,"Total Cost": 25921.39,"Plan Rows": 18247,"Plan Width": 18,"Actual Startup Time": 21.331,"Actual Total Time": 195.916,"Actual Rows": 11075,"Actual Loops": 4,"Inner Unique": true,"Hash Cond": "(partsupp.ps_partkey = part.p_partkey)","Workers": [],"Plans": [{"Node Type": "Seq Scan","Parent Relationship": "Outer","Parallel Aware": true,"Async Capable": false,"Relation Name": "partsupp","Alias": "partsupp","Startup Cost": 0.00,"Total Cost": 20031.65,"Plan Rows": 258065,"Plan Width": 14,"Actual Startup Time": 0.015,"Actual Total Time": 42.252,"Actual Rows": 200000,"Actual Loops": 4,"Workers": []},{"Node Type": "Hash","Parent Relationship": "Inner","Parallel Aware": true,"Async Capable": false,"Startup Cost": 5138.67,"Total Cost": 5138.67,"Plan Rows": 5892,"Plan Width": 4,"Actual Startup Time": 21.111,"Actual Total Time": 21.124,"Actual Rows": 2769,"Actual Loops": 4,"Hash Buckets": 16384,"Original Hash Buckets": 16384,"Hash Batches": 1,"Original Hash Batches": 1,"Peak Memory Usage": 608,"Workers": [],"Plans": [{"Node Type": "Seq Scan","Parent Relationship": "Outer","Parallel Aware": true,"Async Capable": false,"Relation Name": "part","Alias": "part","Startup Cost": 0.00,"Total Cost": 5138.67,"Plan Rows": 5892,"Plan Width": 4,"Actual Startup Time": 0.069,"Actual Total Time": 19.514,"Actual Rows": 2769,"Actual Loops": 4,"Filter": "((p_name)::text ~~ '%tan%'::text)","Rows Removed by Filter": 47231,"Workers": []}]}]},{"Node Type": "Index Scan","Parent Relationship": "Inner","Parallel Aware": false,"Async Capable": false,"Scan Direction": "Forward","Index Name": "idx_lineitem_part_supp","Relation Name": "lineitem","Alias": "lineitem","Startup Cost": 0.43,"Total Cost": 1.05,"Plan Rows": 1,"Plan Width": 29,"Actual Startup Time": 0.006,"Actual Total Time": 0.040,"Actual Rows": 7,"Actual Loops": 44300,"Index Cond": "((l_partkey = partsupp.ps_partkey) AND (l_suppkey = partsupp.ps_suppkey))","Rows Removed by Index Recheck": 0,"Workers": []}]},{"Node Type": "Index Scan","Parent Relationship": "Inner","Parallel Aware": false,"Async Capable": false,"Scan Direction": "Forward","Index Name": "supplier_pkey","Relation Name": "supplier","Alias": "supplier","Startup Cost": 0.29,"Total Cost": 0.30,"Plan Rows": 1,"Plan Width": 8,"Actual Startup Time": 0.001,"Actual Total Time": 0.001,"Actual Rows": 1,"Actual Loops": 332152,"Index Cond": "(s_suppkey = lineitem.l_suppkey)","Rows Removed by Index Recheck": 0,"Workers": []}]},{"Node Type": "Index Scan","Parent Relationship": "Inner","Parallel Aware": false,"Async Capable": false,"Scan Direction": "Forward","Index Name": "orders_pkey","Relation Name": "orders","Alias": "orders","Startup Cost": 0.43,"Total Cost": 0.47,"Plan Rows": 1,"Plan Width": 8,"Actual Startup Time": 0.009,"Actual Total Time": 0.009,"Actual Rows": 1,"Actual Loops": 332152,"Index Cond": "(o_orderkey = lineitem.l_orderkey)","Rows Removed by Index Recheck": 0,"Workers": []}]},{"Node Type": "Hash","Parent Relationship": "Inner","Parallel Aware": false,"Async Capable": false,"Startup Cost": 1.25,"Total Cost": 1.25,"Plan Rows": 25,"Plan Width": 108,"Actual Startup Time": 0.081,"Actual Total Time": 0.088,"Actual Rows": 25,"Actual Loops": 4,"Hash Buckets": 1024,"Original Hash Buckets": 1024,"Hash Batches": 1,"Original Hash Batches": 1,"Peak Memory Usage": 10,"Workers": [],"Plans": [{"Node Type": "Seq Scan","Parent Relationship": "Outer","Parallel Aware": false,"Async Capable": false,"Relation Name": "nation","Alias": "nation","Startup Cost": 0.00,"Total Cost": 1.25,"Plan Rows": 25,"Plan Width": 108,"Actual Startup Time": 0.052,"Actual Total Time": 0.059,"Actual Rows": 25,"Actual Loops": 4,"Workers": []}]}]}]}]}]}]},"Planning Time": 11.717,"Triggers": [],"Execution Time": 1872.853}]
[{"Plan": {"Node Type": "Aggregate","Strategy": "Sorted","Partial Mode": "Finalize","Parallel Aware": false,"Async Capable": false,"Startup Cost": 49135.04,"Total Cost": 49164.27,"Plan Rows": 195,"Plan Width": 168,"Actual Startup Time": 1717.770,"Actual Total Time": 1820.281,"Actual Rows": 175,"Actual Loops": 1,"Group Key": ["nation.n_name", "(EXTRACT(year FROM orders.o_orderdate))"],"Plans": [{"Node Type": "Gather Merge","Parent Relationship": "Outer","Parallel Aware": false,"Async Capable": false,"Startup Cost": 49135.04,"Total Cost": 49159.45,"Plan Rows": 189,"Plan Width": 168,"Actual Startup Time": 1716.332,"Actual Total Time": 1819.712,"Actual Rows": 700,"Actual Loops": 1,"Workers Planned": 3,"Workers Launched": 3,"Plans": [{"Node Type": "Aggregate","Strategy": "Sorted","Partial Mode": "Partial","Parent Relationship": "Outer","Parallel Aware": false,"Async Capable": false,"Startup Cost": 48135.00,"Total Cost": 48137.21,"Plan Rows": 63,"Plan Width": 168,"Actual Startup Time": 1637.960,"Actual Total Time": 1730.367,"Actual Rows": 175,"Actual Loops": 4,"Group Key": ["nation.n_name", "(EXTRACT(year FROM orders.o_orderdate))"],"Workers": [],"Plans": [{"Node Type": "Sort","Parent Relationship": "Outer","Parallel Aware": false,"Async Capable": false,"Startup Cost": 48135.00,"Total Cost": 48135.16,"Plan Rows": 63,"Plan Width": 159,"Actual Startup Time": 1637.449,"Actual Total Time": 1669.077,"Actual Rows": 81300,"Actual Loops": 4,"Sort Key": ["nation.n_name", "(EXTRACT(year FROM orders.o_orderdate)) DESC"],"Sort Method": "quicksort","Sort Space Used": 11078,"Sort Space Type": "Memory","Workers": [{"Worker Number": 0,"Sort Method": "quicksort","Sort Space Used": 11424,"Sort Space Type": "Memory"},{"Worker Number": 1,"Sort Method": "quicksort","Sort Space Used": 10860,"Sort Space Type": "Memory"},{"Worker Number": 2,"Sort Method": "quicksort","Sort Space Used": 11307,"Sort Space Type": "Memory"}],"Plans": [{"Node Type": "Hash Join","Parent Relationship": "Outer","Parallel Aware": false,"Async Capable": false,"Join Type": "Inner","Startup Cost": 5225.55,"Total Cost": 48133.12,"Plan Rows": 63,"Plan Width": 159,"Actual Startup Time": 22.006,"Actual Total Time": 1536.711,"Actual Rows": 81300,"Actual Loops": 4,"Inner Unique": true,"Hash Cond": "(supplier.s_nationkey = nation.n_nationkey)","Workers": [],"Plans": [{"Node Type": "Nested Loop","Parent Relationship": "Outer","Parallel Aware": false,"Async Capable": false,"Join Type": "Inner","Startup Cost": 5223.99,"Total Cost": 48131.20,"Plan Rows": 63,"Plan Width": 31,"Actual Startup Time": 21.853,"Actual Total Time": 1512.923,"Actual Rows": 81300,"Actual Loops": 4,"Inner Unique": true,"Workers": [],"Plans": [{"Node Type": "Nested Loop","Parent Relationship": "Outer","Parallel Aware": false,"Async Capable": false,"Join Type": "Inner","Startup Cost": 5223.56,"Total Cost": 48101.90,"Plan Rows": 63,"Plan Width": 31,"Actual Startup Time": 21.770,"Actual Total Time": 779.387,"Actual Rows": 81300,"Actual Loops": 4,"Inner Unique": true,"Workers": [],"Plans": [{"Node Type": "Nested Loop","Parent Relationship": "Outer","Parallel Aware": false,"Async Capable": false,"Join Type": "Inner","Startup Cost": 5223.27,"Total Cost": 48082.83,"Plan Rows": 63,"Plan Width": 35,"Actual Startup Time": 21.713,"Actual Total Time": 642.667,"Actual Rows": 81300,"Actual Loops": 4,"Inner Unique": false,"Workers": [],"Plans": [{"Node Type": "Hash Join","Parent Relationship": "Outer","Parallel Aware": true,"Async Capable": false,"Join Type": "Inner","Startup Cost": 5222.84,"Total Cost": 25931.92,"Plan Rows": 20854,"Plan Width": 18,"Actual Startup Time": 21.651,"Actual Total Time": 185.729,"Actual Rows": 10842,"Actual Loops": 4,"Inner Unique": true,"Hash Cond": "(partsupp.ps_partkey = part.p_partkey)","Workers": [],"Plans": [{"Node Type": "Seq Scan","Parent Relationship": "Outer","Parallel Aware": true,"Async Capable": false,"Relation Name": "partsupp","Alias": "partsupp","Startup Cost": 0.00,"Total Cost": 20031.65,"Plan Rows": 258065,"Plan Width": 14,"Actual Startup Time": 0.018,"Actual Total Time": 42.893,"Actual Rows": 200000,"Actual Loops": 4,"Workers": []},{"Node Type": "Hash","Parent Relationship": "Inner","Parallel Aware": true,"Async Capable": false,"Startup Cost": 5138.67,"Total Cost": 5138.67,"Plan Rows": 6734,"Plan Width": 4,"Actual Startup Time": 21.459,"Actual Total Time": 21.480,"Actual Rows": 2710,"Actual Loops": 4,"Hash Buckets": 16384,"Original Hash Buckets": 16384,"Hash Batches": 1,"Original Hash Batches": 1,"Peak Memory Usage": 640,"Workers": [],"Plans": [{"Node Type": "Seq Scan","Parent Relationship": "Outer","Parallel Aware": true,"Async Capable": false,"Relation Name": "part","Alias": "part","Startup Cost": 0.00,"Total Cost": 5138.67,"Plan Rows": 6734,"Plan Width": 4,"Actual Startup Time": 0.045,"Actual Total Time": 20.042,"Actual Rows": 2710,"Actual Loops": 4,"Filter": "((p_name)::text ~~ '%goldenrod%'::text)","Rows Removed by Filter": 47290,"Workers": []}]}]},{"Node Type": "Index Scan","Parent Relationship": "Inner","Parallel Aware": false,"Async Capable": false,"Scan Direction": "Forward","Index Name": "idx_lineitem_part_supp","Relation Name": "lineitem","Alias": "lineitem","Startup Cost": 0.43,"Total Cost": 1.05,"Plan Rows": 1,"Plan Width": 29,"Actual Startup Time": 0.006,"Actual Total Time": 0.041,"Actual Rows": 7,"Actual Loops": 43368,"Index Cond": "((l_partkey = partsupp.ps_partkey) AND (l_suppkey = partsupp.ps_suppkey))","Rows Removed by Index Recheck": 0,"Workers": []}]},{"Node Type": "Index Scan","Parent Relationship": "Inner","Parallel Aware": false,"Async Capable": false,"Scan Direction": "Forward","Index Name": "supplier_pkey","Relation Name": "supplier","Alias": "supplier","Startup Cost": 0.29,"Total Cost": 0.30,"Plan Rows": 1,"Plan Width": 8,"Actual Startup Time": 0.001,"Actual Total Time": 0.001,"Actual Rows": 1,"Actual Loops": 325201,"Index Cond": "(s_suppkey = lineitem.l_suppkey)","Rows Removed by Index Recheck": 0,"Workers": []}]},{"Node Type": "Index Scan","Parent Relationship": "Inner","Parallel Aware": false,"Async Capable": false,"Scan Direction": "Forward","Index Name": "orders_pkey","Relation Name": "orders","Alias": "orders","Startup Cost": 0.43,"Total Cost": 0.47,"Plan Rows": 1,"Plan Width": 8,"Actual Startup Time": 0.009,"Actual Total Time": 0.009,"Actual Rows": 1,"Actual Loops": 325201,"Index Cond": "(o_orderkey = lineitem.l_orderkey)","Rows Removed by Index Recheck": 0,"Workers": []}]},{"Node Type": "Hash","Parent Relationship": "Inner","Parallel Aware": false,"Async Capable": false,"Startup Cost": 1.25,"Total Cost": 1.25,"Plan Rows": 25,"Plan Width": 108,"Actual Startup Time": 0.058,"Actual Total Time": 0.068,"Actual Rows": 25,"Actual Loops": 4,"Hash Buckets": 1024,"Original Hash Buckets": 1024,"Hash Batches": 1,"Original Hash Batches": 1,"Peak Memory Usage": 10,"Workers": [],"Plans": [{"Node Type": "Seq Scan","Parent Relationship": "Outer","Parallel Aware": false,"Async Capable": false,"Relation Name": "nation","Alias": "nation","Startup Cost": 0.00,"Total Cost": 1.25,"Plan Rows": 25,"Plan Width": 108,"Actual Startup Time": 0.040,"Actual Total Time": 0.047,"Actual Rows": 25,"Actual Loops": 4,"Workers": []}]}]}]}]}]}]},"Planning Time": 12.322,"Triggers": [],"Execution Time": 1822.644}]
[{"Plan": {"Node Type": "Aggregate","Strategy": "Sorted","Partial Mode": "Finalize","Parallel Aware": false,"Async Capable": false,"Startup Cost": 49135.04,"Total Cost": 49164.27,"Plan Rows": 195,"Plan Width": 168,"Actual Startup Time": 1722.082,"Actual Total Time": 1834.381,"Actual Rows": 175,"Actual Loops": 1,"Group Key": ["nation.n_name", "(EXTRACT(year FROM orders.o_orderdate))"],"Plans": [{"Node Type": "Gather Merge","Parent Relationship": "Outer","Parallel Aware": false,"Async Capable": false,"Startup Cost": 49135.04,"Total Cost": 49159.45,"Plan Rows": 189,"Plan Width": 168,"Actual Startup Time": 1720.709,"Actual Total Time": 1833.931,"Actual Rows": 700,"Actual Loops": 1,"Workers Planned": 3,"Workers Launched": 3,"Plans": [{"Node Type": "Aggregate","Strategy": "Sorted","Partial Mode": "Partial","Parent Relationship": "Outer","Parallel Aware": false,"Async Capable": false,"Startup Cost": 48135.00,"Total Cost": 48137.21,"Plan Rows": 63,"Plan Width": 168,"Actual Startup Time": 1635.197,"Actual Total Time": 1727.326,"Actual Rows": 175,"Actual Loops": 4,"Group Key": ["nation.n_name", "(EXTRACT(year FROM orders.o_orderdate))"],"Workers": [],"Plans": [{"Node Type": "Sort","Parent Relationship": "Outer","Parallel Aware": false,"Async Capable": false,"Startup Cost": 48135.00,"Total Cost": 48135.16,"Plan Rows": 63,"Plan Width": 159,"Actual Startup Time": 1634.792,"Actual Total Time": 1666.970,"Actual Rows": 80970,"Actual Loops": 4,"Sort Key": ["nation.n_name", "(EXTRACT(year FROM orders.o_orderdate)) DESC"],"Sort Method": "quicksort","Sort Space Used": 11336,"Sort Space Type": "Memory","Workers": [{"Worker Number": 0,"Sort Method": "quicksort","Sort Space Used": 11197,"Sort Space Type": "Memory"},{"Worker Number": 1,"Sort Method": "quicksort","Sort Space Used": 10997,"Sort Space Type": "Memory"},{"Worker Number": 2,"Sort Method": "quicksort","Sort Space Used": 11011,"Sort Space Type": "Memory"}],"Plans": [{"Node Type": "Hash Join","Parent Relationship": "Outer","Parallel Aware": false,"Async Capable": false,"Join Type": "Inner","Startup Cost": 5225.55,"Total Cost": 48133.12,"Plan Rows": 63,"Plan Width": 159,"Actual Startup Time": 20.677,"Actual Total Time": 1535.207,"Actual Rows": 80970,"Actual Loops": 4,"Inner Unique": true,"Hash Cond": "(supplier.s_nationkey = nation.n_nationkey)","Workers": [],"Plans": [{"Node Type": "Nested Loop","Parent Relationship": "Outer","Parallel Aware": false,"Async Capable": false,"Join Type": "Inner","Startup Cost": 5223.99,"Total Cost": 48131.20,"Plan Rows": 63,"Plan Width": 31,"Actual Startup Time": 20.514,"Actual Total Time": 1511.705,"Actual Rows": 80970,"Actual Loops": 4,"Inner Unique": true,"Workers": [],"Plans": [{"Node Type": "Nested Loop","Parent Relationship": "Outer","Parallel Aware": false,"Async Capable": false,"Join Type": "Inner","Startup Cost": 5223.56,"Total Cost": 48101.90,"Plan Rows": 63,"Plan Width": 31,"Actual Startup Time": 20.440,"Actual Total Time": 786.949,"Actual Rows": 80970,"Actual Loops": 4,"Inner Unique": true,"Workers": [],"Plans": [{"Node Type": "Nested Loop","Parent Relationship": "Outer","Parallel Aware": false,"Async Capable": false,"Join Type": "Inner","Startup Cost": 5223.27,"Total Cost": 48082.83,"Plan Rows": 63,"Plan Width": 35,"Actual Startup Time": 20.383,"Actual Total Time": 651.782,"Actual Rows": 80970,"Actual Loops": 4,"Inner Unique": false,"Workers": [],"Plans": [{"Node Type": "Hash Join","Parent Relationship": "Outer","Parallel Aware": true,"Async Capable": false,"Join Type": "Inner","Startup Cost": 5222.84,"Total Cost": 25931.92,"Plan Rows": 20854,"Plan Width": 18,"Actual Startup Time": 20.315,"Actual Total Time": 195.790,"Actual Rows": 10793,"Actual Loops": 4,"Inner Unique": true,"Hash Cond": "(partsupp.ps_partkey = part.p_partkey)","Workers": [],"Plans": [{"Node Type": "Seq Scan","Parent Relationship": "Outer","Parallel Aware": true,"Async Capable": false,"Relation Name": "partsupp","Alias": "partsupp","Startup Cost": 0.00,"Total Cost": 20031.65,"Plan Rows": 258065,"Plan Width": 14,"Actual Startup Time": 0.019,"Actual Total Time": 42.343,"Actual Rows": 200000,"Actual Loops": 4,"Workers": []},{"Node Type": "Hash","Parent Relationship": "Inner","Parallel Aware": true,"Async Capable": false,"Startup Cost": 5138.67,"Total Cost": 5138.67,"Plan Rows": 6734,"Plan Width": 4,"Actual Startup Time": 20.135,"Actual Total Time": 20.146,"Actual Rows": 2698,"Actual Loops": 4,"Hash Buckets": 16384,"Original Hash Buckets": 16384,"Hash Batches": 1,"Original Hash Batches": 1,"Peak Memory Usage": 608,"Workers": [],"Plans": [{"Node Type": "Seq Scan","Parent Relationship": "Outer","Parallel Aware": true,"Async Capable": false,"Relation Name": "part","Alias": "part","Startup Cost": 0.00,"Total Cost": 5138.67,"Plan Rows": 6734,"Plan Width": 4,"Actual Startup Time": 0.059,"Actual Total Time": 18.504,"Actual Rows": 2698,"Actual Loops": 4,"Filter": "((p_name)::text ~~ '%wheat%'::text)","Rows Removed by Filter": 47302,"Workers": []}]}]},{"Node Type": "Index Scan","Parent Relationship": "Inner","Parallel Aware": false,"Async Capable": false,"Scan Direction": "Forward","Index Name": "idx_lineitem_part_supp","Relation Name": "lineitem","Alias": "lineitem","Startup Cost": 0.43,"Total Cost": 1.05,"Plan Rows": 1,"Plan Width": 29,"Actual Startup Time": 0.006,"Actual Total Time": 0.041,"Actual Rows": 8,"Actual Loops": 43172,"Index Cond": "((l_partkey = partsupp.ps_partkey) AND (l_suppkey = partsupp.ps_suppkey))","Rows Removed by Index Recheck": 0,"Workers": []}]},{"Node Type": "Index Scan","Parent Relationship": "Inner","Parallel Aware": false,"Async Capable": false,"Scan Direction": "Forward","Index Name": "supplier_pkey","Relation Name": "supplier","Alias": "supplier","Startup Cost": 0.29,"Total Cost": 0.30,"Plan Rows": 1,"Plan Width": 8,"Actual Startup Time": 0.001,"Actual Total Time": 0.001,"Actual Rows": 1,"Actual Loops": 323878,"Index Cond": "(s_suppkey = lineitem.l_suppkey)","Rows Removed by Index Recheck": 0,"Workers": []}]},{"Node Type": "Index Scan","Parent Relationship": "Inner","Parallel Aware": false,"Async Capable": false,"Scan Direction": "Forward","Index Name": "orders_pkey","Relation Name": "orders","Alias": "orders","Startup Cost": 0.43,"Total Cost": 0.47,"Plan Rows": 1,"Plan Width": 8,"Actual Startup Time": 0.009,"Actual Total Time": 0.009,"Actual Rows": 1,"Actual Loops": 323878,"Index Cond": "(o_orderkey = lineitem.l_orderkey)","Rows Removed by Index Recheck": 0,"Workers": []}]},{"Node Type": "Hash","Parent Relationship": "Inner","Parallel Aware": false,"Async Capable": false,"Startup Cost": 1.25,"Total Cost": 1.25,"Plan Rows": 25,"Plan Width": 108,"Actual Startup Time": 0.071,"Actual Total Time": 0.077,"Actual Rows": 25,"Actual Loops": 4,"Hash Buckets": 1024,"Original Hash Buckets": 1024,"Hash Batches": 1,"Original Hash Batches": 1,"Peak Memory Usage": 10,"Workers": [],"Plans": [{"Node Type": "Seq Scan","Parent Relationship": "Outer","Parallel Aware": false,"Async Capable": false,"Relation Name": "nation","Alias": "nation","Startup Cost": 0.00,"Total Cost": 1.25,"Plan Rows": 25,"Plan Width": 108,"Actual Startup Time": 0.046,"Actual Total Time": 0.053,"Actual Rows": 25,"Actual Loops": 4,"Workers": []}]}]}]}]}]}]},"Planning Time": 10.948,"Triggers": [],"Execution Time": 1835.260}]
[{"Plan": {"Node Type": "Aggregate","Strategy": "Sorted","Partial Mode": "Finalize","Parallel Aware": false,"Async Capable": false,"Startup Cost": 47355.08,"Total Cost": 47374.71,"Plan Rows": 146,"Plan Width": 168,"Actual Startup Time": 2443.289,"Actual Total Time": 2646.846,"Actual Rows": 175,"Actual Loops": 1,"Group Key": ["nation.n_name", "(EXTRACT(year FROM orders.o_orderdate))"],"Plans": [{"Node Type": "Gather Merge","Parent Relationship": "Outer","Parallel Aware": false,"Async Capable": false,"Startup Cost": 47355.08,"Total Cost": 47371.30,"Plan Rows": 122,"Plan Width": 168,"Actual Startup Time": 2441.379,"Actual Total Time": 2646.389,"Actual Rows": 525,"Actual Loops": 1,"Workers Planned": 2,"Workers Launched": 2,"Plans": [{"Node Type": "Aggregate","Strategy": "Sorted","Partial Mode": "Partial","Parent Relationship": "Outer","Parallel Aware": false,"Async Capable": false,"Startup Cost": 46355.06,"Total Cost": 46357.20,"Plan Rows": 61,"Plan Width": 168,"Actual Startup Time": 2344.628,"Actual Total Time": 2481.185,"Actual Rows": 175,"Actual Loops": 3,"Group Key": ["nation.n_name", "(EXTRACT(year FROM orders.o_orderdate))"],"Workers": [],"Plans": [{"Node Type": "Sort","Parent Relationship": "Outer","Parallel Aware": false,"Async Capable": false,"Startup Cost": 46355.06,"Total Cost": 46355.21,"Plan Rows": 61,"Plan Width": 159,"Actual Startup Time": 2343.975,"Actual Total Time": 2393.214,"Actual Rows": 108196,"Actual Loops": 3,"Sort Key": ["nation.n_name", "(EXTRACT(year FROM orders.o_orderdate)) DESC"],"Sort Method": "quicksort","Sort Space Used": 14440,"Sort Space Type": "Memory","Workers": [{"Worker Number": 0,"Sort Method": "quicksort","Sort Space Used": 13552,"Sort Space Type": "Memory"},{"Worker Number": 1,"Sort Method": "quicksort","Sort Space Used": 13546,"Sort Space Type": "Memory"}],"Plans": [{"Node Type": "Hash Join","Parent Relationship": "Outer","Parallel Aware": false,"Async Capable": false,"Join Type": "Inner","Startup Cost": 3.13,"Total Cost": 46353.25,"Plan Rows": 61,"Plan Width": 159,"Actual Startup Time": 0.737,"Actual Total Time": 2187.877,"Actual Rows": 108196,"Actual Loops": 3,"Inner Unique": true,"Hash Cond": "(supplier.s_nationkey = nation.n_nationkey)","Workers": [],"Plans": [{"Node Type": "Nested Loop","Parent Relationship": "Outer","Parallel Aware": false,"Async Capable": false,"Join Type": "Inner","Startup Cost": 1.57,"Total Cost": 46351.35,"Plan Rows": 61,"Plan Width": 31,"Actual Startup Time": 0.541,"Actual Total Time": 2156.168,"Actual Rows": 108196,"Actual Loops": 3,"Inner Unique": true,"Workers": [],"Plans": [{"Node Type": "Nested Loop","Parent Relationship": "Outer","Parallel Aware": false,"Async Capable": false,"Join Type": "Inner","Startup Cost": 1.14,"Total Cost": 46322.98,"Plan Rows": 61,"Plan Width": 31,"Actual Startup Time": 0.417,"Actual Total Time": 1004.407,"Actual Rows": 108196,"Actual Loops": 3,"Inner Unique": true,"Workers": [],"Plans": [{"Node Type": "Nested Loop","Parent Relationship": "Outer","Parallel Aware": false,"Async Capable": false,"Join Type": "Inner","Startup Cost": 0.86,"Total Cost": 46304.52,"Plan Rows": 61,"Plan Width": 35,"Actual Startup Time": 0.314,"Actual Total Time": 819.610,"Actual Rows": 108196,"Actual Loops": 3,"Inner Unique": false,"Workers": [],"Plans": [{"Node Type": "Nested Loop","Parent Relationship": "Outer","Parallel Aware": false,"Async Capable": false,"Join Type": "Inner","Startup Cost": 0.42,"Total Cost": 24846.16,"Plan Rows": 20202,"Plan Width": 18,"Actual Startup Time": 0.182,"Actual Total Time": 113.565,"Actual Rows": 14448,"Actual Loops": 3,"Inner Unique": false,"Workers": [],"Plans": [{"Node Type": "Seq Scan","Parent Relationship": "Outer","Parallel Aware": true,"Async Capable": false,"Relation Name": "part","Alias": "part","Startup Cost": 0.00,"Total Cost": 5138.67,"Plan Rows": 5051,"Plan Width": 4,"Actual Startup Time": 0.053,"Actual Total Time": 48.139,"Actual Rows": 3612,"Actual Loops": 3,"Filter": "((p_name)::text ~~ '%pale%'::text)","Rows Removed by Filter": 63055,"Workers": []},{"Node Type": "Index Scan","Parent Relationship": "Inner","Parallel Aware": false,"Async Capable": false,"Scan Direction": "Forward","Index Name": "idx_partsupp_partkey","Relation Name": "partsupp","Alias": "partsupp","Startup Cost": 0.42,"Total Cost": 3.86,"Plan Rows": 4,"Plan Width": 14,"Actual Startup Time": 0.014,"Actual Total Time": 0.017,"Actual Rows": 4,"Actual Loops": 10836,"Index Cond": "(ps_partkey = part.p_partkey)","Rows Removed by Index Recheck": 0,"Workers": []}]},{"Node Type": "Index Scan","Parent Relationship": "Inner","Parallel Aware": false,"Async Capable": false,"Scan Direction": "Forward","Index Name": "idx_lineitem_part_supp","Relation Name": "lineitem","Alias": "lineitem","Startup Cost": 0.43,"Total Cost": 1.05,"Plan Rows": 1,"Plan Width": 29,"Actual Startup Time": 0.007,"Actual Total Time": 0.047,"Actual Rows": 7,"Actual Loops": 43344,"Index Cond": "((l_partkey = partsupp.ps_partkey) AND (l_suppkey = partsupp.ps_suppkey))","Rows Removed by Index Recheck": 0,"Workers": []}]},{"Node Type": "Index Scan","Parent Relationship": "Inner","Parallel Aware": false,"Async Capable": false,"Scan Direction": "Forward","Index Name": "supplier_pkey","Relation Name": "supplier","Alias": "supplier","Startup Cost": 0.29,"Total Cost": 0.30,"Plan Rows": 1,"Plan Width": 8,"Actual Startup Time": 0.001,"Actual Total Time": 0.001,"Actual Rows": 1,"Actual Loops": 324587,"Index Cond": "(s_suppkey = lineitem.l_suppkey)","Rows Removed by Index Recheck": 0,"Workers": []}]},{"Node Type": "Index Scan","Parent Relationship": "Inner","Parallel Aware": false,"Async Capable": false,"Scan Direction": "Forward","Index Name": "orders_pkey","Relation Name": "orders","Alias": "orders","Startup Cost": 0.43,"Total Cost": 0.47,"Plan Rows": 1,"Plan Width": 8,"Actual Startup Time": 0.010,"Actual Total Time": 0.010,"Actual Rows": 1,"Actual Loops": 324587,"Index Cond": "(o_orderkey = lineitem.l_orderkey)","Rows Removed by Index Recheck": 0,"Workers": []}]},{"Node Type": "Hash","Parent Relationship": "Inner","Parallel Aware": false,"Async Capable": false,"Startup Cost": 1.25,"Total Cost": 1.25,"Plan Rows": 25,"Plan Width": 108,"Actual Startup Time": 0.093,"Actual Total Time": 0.102,"Actual Rows": 25,"Actual Loops": 3,"Hash Buckets": 1024,"Original Hash Buckets": 1024,"Hash Batches": 1,"Original Hash Batches": 1,"Peak Memory Usage": 10,"Workers": [],"Plans": [{"Node Type": "Seq Scan","Parent Relationship": "Outer","Parallel Aware": false,"Async Capable": false,"Relation Name": "nation","Alias": "nation","Startup Cost": 0.00,"Total Cost": 1.25,"Plan Rows": 25,"Plan Width": 108,"Actual Startup Time": 0.063,"Actual Total Time": 0.070,"Actual Rows": 25,"Actual Loops": 3,"Workers": []}]}]}]}]}]}]},"Planning Time": 11.644,"Triggers": [],"Execution Time": 2649.913}]
[{"Plan": {"Node Type": "Aggregate","Strategy": "Sorted","Partial Mode": "Finalize","Parallel Aware": false,"Async Capable": false,"Startup Cost": 35224.41,"Total Cost": 35237.30,"Plan Rows": 97,"Plan Width": 168,"Actual Startup Time": 2423.963,"Actual Total Time": 2560.496,"Actual Rows": 175,"Actual Loops": 1,"Group Key": ["nation.n_name", "(EXTRACT(year FROM orders.o_orderdate))"],"Plans": [{"Node Type": "Gather Merge","Parent Relationship": "Outer","Parallel Aware": false,"Async Capable": false,"Startup Cost": 35224.41,"Total Cost": 35235.05,"Plan Rows": 80,"Plan Width": 168,"Actual Startup Time": 2422.019,"Actual Total Time": 2560.116,"Actual Rows": 525,"Actual Loops": 1,"Workers Planned": 2,"Workers Launched": 2,"Plans": [{"Node Type": "Aggregate","Strategy": "Sorted","Partial Mode": "Partial","Parent Relationship": "Outer","Parallel Aware": false,"Async Capable": false,"Startup Cost": 34224.39,"Total Cost": 34225.79,"Plan Rows": 40,"Plan Width": 168,"Actual Startup Time": 2311.477,"Actual Total Time": 2422.444,"Actual Rows": 175,"Actual Loops": 3,"Group Key": ["nation.n_name", "(EXTRACT(year FROM orders.o_orderdate))"],"Workers": [],"Plans": [{"Node Type": "Sort","Parent Relationship": "Outer","Parallel Aware": false,"Async Capable": false,"Startup Cost": 34224.39,"Total Cost": 34224.49,"Plan Rows": 40,"Plan Width": 159,"Actual Startup Time": 2310.904,"Actual Total Time": 2345.956,"Actual Rows": 108625,"Actual Loops": 3,"Sort Key": ["nation.n_name", "(EXTRACT(year FROM orders.o_orderdate)) DESC"],"Sort Method": "quicksort","Sort Space Used": 13495,"Sort Space Type": "Memory","Workers": [{"Worker Number": 0,"Sort Method": "quicksort","Sort Space Used": 14236,"Sort Space Type": "Memory"},{"Worker Number": 1,"Sort Method": "quicksort","Sort Space Used": 13931,"Sort Space Type": "Memory"}],"Plans": [{"Node Type": "Hash Join","Parent Relationship": "Outer","Parallel Aware": false,"Async Capable": false,"Join Type": "Inner","Startup Cost": 3.13,"Total Cost": 34223.32,"Plan Rows": 40,"Plan Width": 159,"Actual Startup Time": 0.667,"Actual Total Time": 2163.145,"Actual Rows": 108625,"Actual Loops": 3,"Inner Unique": true,"Hash Cond": "(supplier.s_nationkey = nation.n_nationkey)","Workers": [],"Plans": [{"Node Type": "Nested Loop","Parent Relationship": "Outer","Parallel Aware": false,"Async Capable": false,"Join Type": "Inner","Startup Cost": 1.57,"Total Cost": 34221.53,"Plan Rows": 40,"Plan Width": 31,"Actual Startup Time": 0.474,"Actual Total Time": 2131.583,"Actual Rows": 108625,"Actual Loops": 3,"Inner Unique": true,"Workers": [],"Plans": [{"Node Type": "Nested Loop","Parent Relationship": "Outer","Parallel Aware": false,"Async Capable": false,"Join Type": "Inner","Startup Cost": 1.14,"Total Cost": 34202.93,"Plan Rows": 40,"Plan Width": 31,"Actual Startup Time": 0.377,"Actual Total Time": 989.340,"Actual Rows": 108625,"Actual Loops": 3,"Inner Unique": true,"Workers": [],"Plans": [{"Node Type": "Nested Loop","Parent Relationship": "Outer","Parallel Aware": false,"Async Capable": false,"Join Type": "Inner","Startup Cost": 0.86,"Total Cost": 34190.82,"Plan Rows": 40,"Plan Width": 35,"Actual Startup Time": 0.299,"Actual Total Time": 804.524,"Actual Rows": 108625,"Actual Loops": 3,"Inner Unique": false,"Workers": [],"Plans": [{"Node Type": "Nested Loop","Parent Relationship": "Outer","Parallel Aware": false,"Async Capable": false,"Join Type": "Inner","Startup Cost": 0.42,"Total Cost": 19885.25,"Plan Rows": 13468,"Plan Width": 18,"Actual Startup Time": 0.197,"Actual Total Time": 118.975,"Actual Rows": 14469,"Actual Loops": 3,"Inner Unique": false,"Workers": [],"Plans": [{"Node Type": "Seq Scan","Parent Relationship": "Outer","Parallel Aware": true,"Async Capable": false,"Relation Name": "part","Alias": "part","Startup Cost": 0.00,"Total Cost": 5138.67,"Plan Rows": 3367,"Plan Width": 4,"Actual Startup Time": 0.059,"Actual Total Time": 51.422,"Actual Rows": 3617,"Actual Loops": 3,"Filter": "((p_name)::text ~~ '%medium%'::text)","Rows Removed by Filter": 63049,"Workers": []},{"Node Type": "Index Scan","Parent Relationship": "Inner","Parallel Aware": false,"Async Capable": false,"Scan Direction": "Forward","Index Name": "idx_partsupp_partkey","Relation Name": "partsupp","Alias": "partsupp","Startup Cost": 0.42,"Total Cost": 4.34,"Plan Rows": 4,"Plan Width": 14,"Actual Startup Time": 0.014,"Actual Total Time": 0.018,"Actual Rows": 4,"Actual Loops": 10852,"Index Cond": "(ps_partkey = part.p_partkey)","Rows Removed by Index Recheck": 0,"Workers": []}]},{"Node Type": "Index Scan","Parent Relationship": "Inner","Parallel Aware": false,"Async Capable": false,"Scan Direction": "Forward","Index Name": "idx_lineitem_part_supp","Relation Name": "lineitem","Alias": "lineitem","Startup Cost": 0.43,"Total Cost": 1.05,"Plan Rows": 1,"Plan Width": 29,"Actual Startup Time": 0.007,"Actual Total Time": 0.046,"Actual Rows": 8,"Actual Loops": 43408,"Index Cond": "((l_partkey = partsupp.ps_partkey) AND (l_suppkey = partsupp.ps_suppkey))","Rows Removed by Index Recheck": 0,"Workers": []}]},{"Node Type": "Index Scan","Parent Relationship": "Inner","Parallel Aware": false,"Async Capable": false,"Scan Direction": "Forward","Index Name": "supplier_pkey","Relation Name": "supplier","Alias": "supplier","Startup Cost": 0.29,"Total Cost": 0.30,"Plan Rows": 1,"Plan Width": 8,"Actual Startup Time": 0.001,"Actual Total Time": 0.001,"Actual Rows": 1,"Actual Loops": 325876,"Index Cond": "(s_suppkey = lineitem.l_suppkey)","Rows Removed by Index Recheck": 0,"Workers": []}]},{"Node Type": "Index Scan","Parent Relationship": "Inner","Parallel Aware": false,"Async Capable": false,"Scan Direction": "Forward","Index Name": "orders_pkey","Relation Name": "orders","Alias": "orders","Startup Cost": 0.43,"Total Cost": 0.47,"Plan Rows": 1,"Plan Width": 8,"Actual Startup Time": 0.010,"Actual Total Time": 0.010,"Actual Rows": 1,"Actual Loops": 325876,"Index Cond": "(o_orderkey = lineitem.l_orderkey)","Rows Removed by Index Recheck": 0,"Workers": []}]},{"Node Type": "Hash","Parent Relationship": "Inner","Parallel Aware": false,"Async Capable": false,"Startup Cost": 1.25,"Total Cost": 1.25,"Plan Rows": 25,"Plan Width": 108,"Actual Startup Time": 0.099,"Actual Total Time": 0.114,"Actual Rows": 25,"Actual Loops": 3,"Hash Buckets": 1024,"Original Hash Buckets": 1024,"Hash Batches": 1,"Original Hash Batches": 1,"Peak Memory Usage": 10,"Workers": [],"Plans": [{"Node Type": "Seq Scan","Parent Relationship": "Outer","Parallel Aware": false,"Async Capable": false,"Relation Name": "nation","Alias": "nation","Startup Cost": 0.00,"Total Cost": 1.25,"Plan Rows": 25,"Plan Width": 108,"Actual Startup Time": 0.070,"Actual Total Time": 0.083,"Actual Rows": 25,"Actual Loops": 3,"Workers": []}]}]}]}]}]}]},"Planning Time": 12.212,"Triggers": [],"Execution Time": 2563.131}]
[{"Plan": {"Node Type": "Aggregate","Strategy": "Sorted","Partial Mode": "Finalize","Parallel Aware": false,"Async Capable": false,"Startup Cost": 47355.08,"Total Cost": 47374.71,"Plan Rows": 146,"Plan Width": 168,"Actual Startup Time": 2445.844,"Actual Total Time": 2574.849,"Actual Rows": 175,"Actual Loops": 1,"Group Key": ["nation.n_name", "(EXTRACT(year FROM orders.o_orderdate))"],"Plans": [{"Node Type": "Gather Merge","Parent Relationship": "Outer","Parallel Aware": false,"Async Capable": false,"Startup Cost": 47355.08,"Total Cost": 47371.30,"Plan Rows": 122,"Plan Width": 168,"Actual Startup Time": 2444.252,"Actual Total Time": 2574.439,"Actual Rows": 525,"Actual Loops": 1,"Workers Planned": 2,"Workers Launched": 2,"Plans": [{"Node Type": "Aggregate","Strategy": "Sorted","Partial Mode": "Partial","Parent Relationship": "Outer","Parallel Aware": false,"Async Capable": false,"Startup Cost": 46355.06,"Total Cost": 46357.20,"Plan Rows": 61,"Plan Width": 168,"Actual Startup Time": 2336.398,"Actual Total Time": 2469.030,"Actual Rows": 175,"Actual Loops": 3,"Group Key": ["nation.n_name", "(EXTRACT(year FROM orders.o_orderdate))"],"Workers": [],"Plans": [{"Node Type": "Sort","Parent Relationship": "Outer","Parallel Aware": false,"Async Capable": false,"Startup Cost": 46355.06,"Total Cost": 46355.21,"Plan Rows": 61,"Plan Width": 159,"Actual Startup Time": 2335.736,"Actual Total Time": 2381.738,"Actual Rows": 108835,"Actual Loops": 3,"Sort Key": ["nation.n_name", "(EXTRACT(year FROM orders.o_orderdate)) DESC"],"Sort Method": "quicksort","Sort Space Used": 14665,"Sort Space Type": "Memory","Workers": [{"Worker Number": 0,"Sort Method": "quicksort","Sort Space Used": 13491,"Sort Space Type": "Memory"},{"Worker Number": 1,"Sort Method": "quicksort","Sort Space Used": 13578,"Sort Space Type": "Memory"}],"Plans": [{"Node Type": "Hash Join","Parent Relationship": "Outer","Parallel Aware": false,"Async Capable": false,"Join Type": "Inner","Startup Cost": 3.13,"Total Cost": 46353.25,"Plan Rows": 61,"Plan Width": 159,"Actual Startup Time": 0.801,"Actual Total Time": 2189.937,"Actual Rows": 108835,"Actual Loops": 3,"Inner Unique": true,"Hash Cond": "(supplier.s_nationkey = nation.n_nationkey)","Workers": [],"Plans": [{"Node Type": "Nested Loop","Parent Relationship": "Outer","Parallel Aware": false,"Async Capable": false,"Join Type": "Inner","Startup Cost": 1.57,"Total Cost": 46351.35,"Plan Rows": 61,"Plan Width": 31,"Actual Startup Time": 0.594,"Actual Total Time": 2158.852,"Actual Rows": 108835,"Actual Loops": 3,"Inner Unique": true,"Workers": [],"Plans": [{"Node Type": "Nested Loop","Parent Relationship": "Outer","Parallel Aware": false,"Async Capable": false,"Join Type": "Inner","Startup Cost": 1.14,"Total Cost": 46322.98,"Plan Rows": 61,"Plan Width": 31,"Actual Startup Time": 0.453,"Actual Total Time": 1007.952,"Actual Rows": 108835,"Actual Loops": 3,"Inner Unique": true,"Workers": [],"Plans": [{"Node Type": "Nested Loop","Parent Relationship": "Outer","Parallel Aware": false,"Async Capable": false,"Join Type": "Inner","Startup Cost": 0.86,"Total Cost": 46304.52,"Plan Rows": 61,"Plan Width": 35,"Actual Startup Time": 0.346,"Actual Total Time": 822.076,"Actual Rows": 108835,"Actual Loops": 3,"Inner Unique": false,"Workers": [],"Plans": [{"Node Type": "Nested Loop","Parent Relationship": "Outer","Parallel Aware": false,"Async Capable": false,"Join Type": "Inner","Startup Cost": 0.42,"Total Cost": 24846.16,"Plan Rows": 20202,"Plan Width": 18,"Actual Startup Time": 0.223,"Actual Total Time": 115.712,"Actual Rows": 14532,"Actual Loops": 3,"Inner Unique": false,"Workers": [],"Plans": [{"Node Type": "Seq Scan","Parent Relationship": "Outer","Parallel Aware": true,"Async Capable": false,"Relation Name": "part","Alias": "part","Startup Cost": 0.00,"Total Cost": 5138.67,"Plan Rows": 5051,"Plan Width": 4,"Actual Startup Time": 0.063,"Actual Total Time": 49.661,"Actual Rows": 3633,"Actual Loops": 3,"Filter": "((p_name)::text ~~ '%dim%'::text)","Rows Removed by Filter": 63034,"Workers": []},{"Node Type": "Index Scan","Parent Relationship": "Inner","Parallel Aware": false,"Async Capable": false,"Scan Direction": "Forward","Index Name": "idx_partsupp_partkey","Relation Name": "partsupp","Alias": "partsupp","Startup Cost": 0.42,"Total Cost": 3.86,"Plan Rows": 4,"Plan Width": 14,"Actual Startup Time": 0.014,"Actual Total Time": 0.017,"Actual Rows": 4,"Actual Loops": 10899,"Index Cond": "(ps_partkey = part.p_partkey)","Rows Removed by Index Recheck": 0,"Workers": []}]},{"Node Type": "Index Scan","Parent Relationship": "Inner","Parallel Aware": false,"Async Capable": false,"Scan Direction": "Forward","Index Name": "idx_lineitem_part_supp","Relation Name": "lineitem","Alias": "lineitem","Startup Cost": 0.43,"Total Cost": 1.05,"Plan Rows": 1,"Plan Width": 29,"Actual Startup Time": 0.007,"Actual Total Time": 0.047,"Actual Rows": 7,"Actual Loops": 43596,"Index Cond": "((l_partkey = partsupp.ps_partkey) AND (l_suppkey = partsupp.ps_suppkey))","Rows Removed by Index Recheck": 0,"Workers": []}]},{"Node Type": "Index Scan","Parent Relationship": "Inner","Parallel Aware": false,"Async Capable": false,"Scan Direction": "Forward","Index Name": "supplier_pkey","Relation Name": "supplier","Alias": "supplier","Startup Cost": 0.29,"Total Cost": 0.30,"Plan Rows": 1,"Plan Width": 8,"Actual Startup Time": 0.001,"Actual Total Time": 0.001,"Actual Rows": 1,"Actual Loops": 326506,"Index Cond": "(s_suppkey = lineitem.l_suppkey)","Rows Removed by Index Recheck": 0,"Workers": []}]},{"Node Type": "Index Scan","Parent Relationship": "Inner","Parallel Aware": false,"Async Capable": false,"Scan Direction": "Forward","Index Name": "orders_pkey","Relation Name": "orders","Alias": "orders","Startup Cost": 0.43,"Total Cost": 0.47,"Plan Rows": 1,"Plan Width": 8,"Actual Startup Time": 0.010,"Actual Total Time": 0.010,"Actual Rows": 1,"Actual Loops": 326506,"Index Cond": "(o_orderkey = lineitem.l_orderkey)","Rows Removed by Index Recheck": 0,"Workers": []}]},{"Node Type": "Hash","Parent Relationship": "Inner","Parallel Aware": false,"Async Capable": false,"Startup Cost": 1.25,"Total Cost": 1.25,"Plan Rows": 25,"Plan Width": 108,"Actual Startup Time": 0.092,"Actual Total Time": 0.102,"Actual Rows": 25,"Actual Loops": 3,"Hash Buckets": 1024,"Original Hash Buckets": 1024,"Hash Batches": 1,"Original Hash Batches": 1,"Peak Memory Usage": 10,"Workers": [],"Plans": [{"Node Type": "Seq Scan","Parent Relationship": "Outer","Parallel Aware": false,"Async Capable": false,"Relation Name": "nation","Alias": "nation","Startup Cost": 0.00,"Total Cost": 1.25,"Plan Rows": 25,"Plan Width": 108,"Actual Startup Time": 0.060,"Actual Total Time": 0.067,"Actual Rows": 25,"Actual Loops": 3,"Workers": []}]}]}]}]}]}]},"Planning Time": 12.111,"Triggers": [],"Execution Time": 2577.900}]
[{"Plan": {"Node Type": "Aggregate","Strategy": "Sorted","Partial Mode": "Finalize","Parallel Aware": false,"Async Capable": false,"Startup Cost": 47355.08,"Total Cost": 47374.71,"Plan Rows": 146,"Plan Width": 168,"Actual Startup Time": 2418.586,"Actual Total Time": 2591.239,"Actual Rows": 175,"Actual Loops": 1,"Group Key": ["nation.n_name", "(EXTRACT(year FROM orders.o_orderdate))"],"Plans": [{"Node Type": "Gather Merge","Parent Relationship": "Outer","Parallel Aware": false,"Async Capable": false,"Startup Cost": 47355.08,"Total Cost": 47371.30,"Plan Rows": 122,"Plan Width": 168,"Actual Startup Time": 2416.412,"Actual Total Time": 2590.812,"Actual Rows": 525,"Actual Loops": 1,"Workers Planned": 2,"Workers Launched": 2,"Plans": [{"Node Type": "Aggregate","Strategy": "Sorted","Partial Mode": "Partial","Parent Relationship": "Outer","Parallel Aware": false,"Async Capable": false,"Startup Cost": 46355.06,"Total Cost": 46357.20,"Plan Rows": 61,"Plan Width": 168,"Actual Startup Time": 2299.702,"Actual Total Time": 2424.397,"Actual Rows": 175,"Actual Loops": 3,"Group Key": ["nation.n_name", "(EXTRACT(year FROM orders.o_orderdate))"],"Workers": [],"Plans": [{"Node Type": "Sort","Parent Relationship": "Outer","Parallel Aware": false,"Async Capable": false,"Startup Cost": 46355.06,"Total Cost": 46355.21,"Plan Rows": 61,"Plan Width": 159,"Actual Startup Time": 2299.056,"Actual Total Time": 2340.972,"Actual Rows": 108881,"Actual Loops": 3,"Sort Key": ["nation.n_name", "(EXTRACT(year FROM orders.o_orderdate)) DESC"],"Sort Method": "quicksort","Sort Space Used": 13487,"Sort Space Type": "Memory","Workers": [{"Worker Number": 0,"Sort Method": "quicksort","Sort Space Used": 14047,"Sort Space Type": "Memory"},{"Worker Number": 1,"Sort Method": "quicksort","Sort Space Used": 14209,"Sort Space Type": "Memory"}],"Plans": [{"Node Type": "Hash Join","Parent Relationship": "Outer","Parallel Aware": false,"Async Capable": false,"Join Type": "Inner","Startup Cost": 3.13,"Total Cost": 46353.25,"Plan Rows": 61,"Plan Width": 159,"Actual Startup Time": 0.636,"Actual Total Time": 2147.342,"Actual Rows": 108881,"Actual Loops": 3,"Inner Unique": true,"Hash Cond": "(supplier.s_nationkey = nation.n_nationkey)","Workers": [],"Plans": [{"Node Type": "Nested Loop","Parent Relationship": "Outer","Parallel Aware": false,"Async Capable": false,"Join Type": "Inner","Startup Cost": 1.57,"Total Cost": 46351.35,"Plan Rows": 61,"Plan Width": 31,"Actual Startup Time": 0.492,"Actual Total Time": 2115.417,"Actual Rows": 108881,"Actual Loops": 3,"Inner Unique": true,"Workers": [],"Plans": [{"Node Type": "Nested Loop","Parent Relationship": "Outer","Parallel Aware": false,"Async Capable": false,"Join Type": "Inner","Startup Cost": 1.14,"Total Cost": 46322.98,"Plan Rows": 61,"Plan Width": 31,"Actual Startup Time": 0.372,"Actual Total Time": 983.625,"Actual Rows": 108881,"Actual Loops": 3,"Inner Unique": true,"Workers": [],"Plans": [{"Node Type": "Nested Loop","Parent Relationship": "Outer","Parallel Aware": false,"Async Capable": false,"Join Type": "Inner","Startup Cost": 0.86,"Total Cost": 46304.52,"Plan Rows": 61,"Plan Width": 35,"Actual Startup Time": 0.292,"Actual Total Time": 798.758,"Actual Rows": 108881,"Actual Loops": 3,"Inner Unique": false,"Workers": [],"Plans": [{"Node Type": "Nested Loop","Parent Relationship": "Outer","Parallel Aware": false,"Async Capable": false,"Join Type": "Inner","Startup Cost": 0.42,"Total Cost": 24846.16,"Plan Rows": 20202,"Plan Width": 18,"Actual Startup Time": 0.179,"Actual Total Time": 119.288,"Actual Rows": 14596,"Actual Loops": 3,"Inner Unique": false,"Workers": [],"Plans": [{"Node Type": "Seq Scan","Parent Relationship": "Outer","Parallel Aware": true,"Async Capable": false,"Relation Name": "part","Alias": "part","Startup Cost": 0.00,"Total Cost": 5138.67,"Plan Rows": 5051,"Plan Width": 4,"Actual Startup Time": 0.048,"Actual Total Time": 51.476,"Actual Rows": 3649,"Actual Loops": 3,"Filter": "((p_name)::text ~~ '%saddle%'::text)","Rows Removed by Filter": 63018,"Workers": []},{"Node Type": "Index Scan","Parent Relationship": "Inner","Parallel Aware": false,"Async Capable": false,"Scan Direction": "Forward","Index Name": "idx_partsupp_partkey","Relation Name": "partsupp","Alias": "partsupp","Startup Cost": 0.42,"Total Cost": 3.86,"Plan Rows": 4,"Plan Width": 14,"Actual Startup Time": 0.014,"Actual Total Time": 0.018,"Actual Rows": 4,"Actual Loops": 10947,"Index Cond": "(ps_partkey = part.p_partkey)","Rows Removed by Index Recheck": 0,"Workers": []}]},{"Node Type": "Index Scan","Parent Relationship": "Inner","Parallel Aware": false,"Async Capable": false,"Scan Direction": "Forward","Index Name": "idx_lineitem_part_supp","Relation Name": "lineitem","Alias": "lineitem","Startup Cost": 0.43,"Total Cost": 1.05,"Plan Rows": 1,"Plan Width": 29,"Actual Startup Time": 0.007,"Actual Total Time": 0.045,"Actual Rows": 7,"Actual Loops": 43788,"Index Cond": "((l_partkey = partsupp.ps_partkey) AND (l_suppkey = partsupp.ps_suppkey))","Rows Removed by Index Recheck": 0,"Workers": []}]},{"Node Type": "Index Scan","Parent Relationship": "Inner","Parallel Aware": false,"Async Capable": false,"Scan Direction": "Forward","Index Name": "supplier_pkey","Relation Name": "supplier","Alias": "supplier","Startup Cost": 0.29,"Total Cost": 0.30,"Plan Rows": 1,"Plan Width": 8,"Actual Startup Time": 0.001,"Actual Total Time": 0.001,"Actual Rows": 1,"Actual Loops": 326644,"Index Cond": "(s_suppkey = lineitem.l_suppkey)","Rows Removed by Index Recheck": 0,"Workers": []}]},{"Node Type": "Index Scan","Parent Relationship": "Inner","Parallel Aware": false,"Async Capable": false,"Scan Direction": "Forward","Index Name": "orders_pkey","Relation Name": "orders","Alias": "orders","Startup Cost": 0.43,"Total Cost": 0.47,"Plan Rows": 1,"Plan Width": 8,"Actual Startup Time": 0.010,"Actual Total Time": 0.010,"Actual Rows": 1,"Actual Loops": 326644,"Index Cond": "(o_orderkey = lineitem.l_orderkey)","Rows Removed by Index Recheck": 0,"Workers": []}]},{"Node Type": "Hash","Parent Relationship": "Inner","Parallel Aware": false,"Async Capable": false,"Startup Cost": 1.25,"Total Cost": 1.25,"Plan Rows": 25,"Plan Width": 108,"Actual Startup Time": 0.067,"Actual Total Time": 0.078,"Actual Rows": 25,"Actual Loops": 3,"Hash Buckets": 1024,"Original Hash Buckets": 1024,"Hash Batches": 1,"Original Hash Batches": 1,"Peak Memory Usage": 10,"Workers": [],"Plans": [{"Node Type": "Seq Scan","Parent Relationship": "Outer","Parallel Aware": false,"Async Capable": false,"Relation Name": "nation","Alias": "nation","Startup Cost": 0.00,"Total Cost": 1.25,"Plan Rows": 25,"Plan Width": 108,"Actual Startup Time": 0.044,"Actual Total Time": 0.050,"Actual Rows": 25,"Actual Loops": 3,"Workers": []}]}]}]}]}]}]},"Planning Time": 12.299,"Triggers": [],"Execution Time": 2594.723}]
[{"Plan": {"Node Type": "Aggregate","Strategy": "Sorted","Partial Mode": "Finalize","Parallel Aware": false,"Async Capable": false,"Startup Cost": 47355.08,"Total Cost": 47374.71,"Plan Rows": 146,"Plan Width": 168,"Actual Startup Time": 2514.427,"Actual Total Time": 2703.238,"Actual Rows": 175,"Actual Loops": 1,"Group Key": ["nation.n_name", "(EXTRACT(year FROM orders.o_orderdate))"],"Plans": [{"Node Type": "Gather Merge","Parent Relationship": "Outer","Parallel Aware": false,"Async Capable": false,"Startup Cost": 47355.08,"Total Cost": 47371.30,"Plan Rows": 122,"Plan Width": 168,"Actual Startup Time": 2512.395,"Actual Total Time": 2702.832,"Actual Rows": 525,"Actual Loops": 1,"Workers Planned": 2,"Workers Launched": 2,"Plans": [{"Node Type": "Aggregate","Strategy": "Sorted","Partial Mode": "Partial","Parent Relationship": "Outer","Parallel Aware": false,"Async Capable": false,"Startup Cost": 46355.06,"Total Cost": 46357.20,"Plan Rows": 61,"Plan Width": 168,"Actual Startup Time": 2387.854,"Actual Total Time": 2544.213,"Actual Rows": 175,"Actual Loops": 3,"Group Key": ["nation.n_name", "(EXTRACT(year FROM orders.o_orderdate))"],"Workers": [],"Plans": [{"Node Type": "Sort","Parent Relationship": "Outer","Parallel Aware": false,"Async Capable": false,"Startup Cost": 46355.06,"Total Cost": 46355.21,"Plan Rows": 61,"Plan Width": 159,"Actual Startup Time": 2387.145,"Actual Total Time": 2446.167,"Actual Rows": 110413,"Actual Loops": 3,"Sort Key": ["nation.n_name", "(EXTRACT(year FROM orders.o_orderdate)) DESC"],"Sort Method": "quicksort","Sort Space Used": 14862,"Sort Space Type": "Memory","Workers": [{"Worker Number": 0,"Sort Method": "quicksort","Sort Space Used": 13748,"Sort Space Type": "Memory"},{"Worker Number": 1,"Sort Method": "quicksort","Sort Space Used": 13594,"Sort Space Type": "Memory"}],"Plans": [{"Node Type": "Hash Join","Parent Relationship": "Outer","Parallel Aware": false,"Async Capable": false,"Join Type": "Inner","Startup Cost": 3.13,"Total Cost": 46353.25,"Plan Rows": 61,"Plan Width": 159,"Actual Startup Time": 0.586,"Actual Total Time": 2238.998,"Actual Rows": 110413,"Actual Loops": 3,"Inner Unique": true,"Hash Cond": "(supplier.s_nationkey = nation.n_nationkey)","Workers": [],"Plans": [{"Node Type": "Nested Loop","Parent Relationship": "Outer","Parallel Aware": false,"Async Capable": false,"Join Type": "Inner","Startup Cost": 1.57,"Total Cost": 46351.35,"Plan Rows": 61,"Plan Width": 31,"Actual Startup Time": 0.446,"Actual Total Time": 2206.727,"Actual Rows": 110413,"Actual Loops": 3,"Inner Unique": true,"Workers": [],"Plans": [{"Node Type": "Nested Loop","Parent Relationship": "Outer","Parallel Aware": false,"Async Capable": false,"Join Type": "Inner","Startup Cost": 1.14,"Total Cost": 46322.98,"Plan Rows": 61,"Plan Width": 31,"Actual Startup Time": 0.345,"Actual Total Time": 1028.676,"Actual Rows": 110413,"Actual Loops": 3,"Inner Unique": true,"Workers": [],"Plans": [{"Node Type": "Nested Loop","Parent Relationship": "Outer","Parallel Aware": false,"Async Capable": false,"Join Type": "Inner","Startup Cost": 0.86,"Total Cost": 46304.52,"Plan Rows": 61,"Plan Width": 35,"Actual Startup Time": 0.259,"Actual Total Time": 837.153,"Actual Rows": 110413,"Actual Loops": 3,"Inner Unique": false,"Workers": [],"Plans": [{"Node Type": "Nested Loop","Parent Relationship": "Outer","Parallel Aware": false,"Async Capable": false,"Join Type": "Inner","Startup Cost": 0.42,"Total Cost": 24846.16,"Plan Rows": 20202,"Plan Width": 18,"Actual Startup Time": 0.158,"Actual Total Time": 117.913,"Actual Rows": 14717,"Actual Loops": 3,"Inner Unique": false,"Workers": [],"Plans": [{"Node Type": "Seq Scan","Parent Relationship": "Outer","Parallel Aware": true,"Async Capable": false,"Relation Name": "part","Alias": "part","Startup Cost": 0.00,"Total Cost": 5138.67,"Plan Rows": 5051,"Plan Width": 4,"Actual Startup Time": 0.058,"Actual Total Time": 50.922,"Actual Rows": 3679,"Actual Loops": 3,"Filter": "((p_name)::text ~~ '%red%'::text)","Rows Removed by Filter": 62987,"Workers": []},{"Node Type": "Index Scan","Parent Relationship": "Inner","Parallel Aware": false,"Async Capable": false,"Scan Direction": "Forward","Index Name": "idx_partsupp_partkey","Relation Name": "partsupp","Alias": "partsupp","Startup Cost": 0.42,"Total Cost": 3.86,"Plan Rows": 4,"Plan Width": 14,"Actual Startup Time": 0.014,"Actual Total Time": 0.017,"Actual Rows": 4,"Actual Loops": 11038,"Index Cond": "(ps_partkey = part.p_partkey)","Rows Removed by Index Recheck": 0,"Workers": []}]},{"Node Type": "Index Scan","Parent Relationship": "Inner","Parallel Aware": false,"Async Capable": false,"Scan Direction": "Forward","Index Name": "idx_lineitem_part_supp","Relation Name": "lineitem","Alias": "lineitem","Startup Cost": 0.43,"Total Cost": 1.05,"Plan Rows": 1,"Plan Width": 29,"Actual Startup Time": 0.007,"Actual Total Time": 0.047,"Actual Rows": 8,"Actual Loops": 44152,"Index Cond": "((l_partkey = partsupp.ps_partkey) AND (l_suppkey = partsupp.ps_suppkey))","Rows Removed by Index Recheck": 0,"Workers": []}]},{"Node Type": "Index Scan","Parent Relationship": "Inner","Parallel Aware": false,"Async Capable": false,"Scan Direction": "Forward","Index Name": "supplier_pkey","Relation Name": "supplier","Alias": "supplier","Startup Cost": 0.29,"Total Cost": 0.30,"Plan Rows": 1,"Plan Width": 8,"Actual Startup Time": 0.001,"Actual Total Time": 0.001,"Actual Rows": 1,"Actual Loops": 331238,"Index Cond": "(s_suppkey = lineitem.l_suppkey)","Rows Removed by Index Recheck": 0,"Workers": []}]},{"Node Type": "Index Scan","Parent Relationship": "Inner","Parallel Aware": false,"Async Capable": false,"Scan Direction": "Forward","Index Name": "orders_pkey","Relation Name": "orders","Alias": "orders","Startup Cost": 0.43,"Total Cost": 0.47,"Plan Rows": 1,"Plan Width": 8,"Actual Startup Time": 0.010,"Actual Total Time": 0.010,"Actual Rows": 1,"Actual Loops": 331238,"Index Cond": "(o_orderkey = lineitem.l_orderkey)","Rows Removed by Index Recheck": 0,"Workers": []}]},{"Node Type": "Hash","Parent Relationship": "Inner","Parallel Aware": false,"Async Capable": false,"Startup Cost": 1.25,"Total Cost": 1.25,"Plan Rows": 25,"Plan Width": 108,"Actual Startup Time": 0.061,"Actual Total Time": 0.070,"Actual Rows": 25,"Actual Loops": 3,"Hash Buckets": 1024,"Original Hash Buckets": 1024,"Hash Batches": 1,"Original Hash Batches": 1,"Peak Memory Usage": 10,"Workers": [],"Plans": [{"Node Type": "Seq Scan","Parent Relationship": "Outer","Parallel Aware": false,"Async Capable": false,"Relation Name": "nation","Alias": "nation","Startup Cost": 0.00,"Total Cost": 1.25,"Plan Rows": 25,"Plan Width": 108,"Actual Startup Time": 0.040,"Actual Total Time": 0.045,"Actual Rows": 25,"Actual Loops": 3,"Workers": []}]}]}]}]}]}]},"Planning Time": 13.100,"Triggers": [],"Execution Time": 2706.177}]
[{"Plan": {"Node Type": "Aggregate","Strategy": "Sorted","Partial Mode": "Finalize","Parallel Aware": false,"Async Capable": false,"Startup Cost": 22257.44,"Total Cost": 22263.90,"Plan Rows": 49,"Plan Width": 168,"Actual Startup Time": 2462.612,"Actual Total Time": 2579.519,"Actual Rows": 175,"Actual Loops": 1,"Group Key": ["nation.n_name", "(EXTRACT(year FROM orders.o_orderdate))"],"Plans": [{"Node Type": "Gather Merge","Parent Relationship": "Outer","Parallel Aware": false,"Async Capable": false,"Startup Cost": 22257.44,"Total Cost": 22262.76,"Plan Rows": 40,"Plan Width": 168,"Actual Startup Time": 2460.708,"Actual Total Time": 2579.014,"Actual Rows": 525,"Actual Loops": 1,"Workers Planned": 2,"Workers Launched": 2,"Plans": [{"Node Type": "Aggregate","Strategy": "Sorted","Partial Mode": "Partial","Parent Relationship": "Outer","Parallel Aware": false,"Async Capable": false,"Startup Cost": 21257.42,"Total Cost": 21258.12,"Plan Rows": 20,"Plan Width": 168,"Actual Startup Time": 2351.318,"Actual Total Time": 2479.571,"Actual Rows": 175,"Actual Loops": 3,"Group Key": ["nation.n_name", "(EXTRACT(year FROM orders.o_orderdate))"],"Workers": [],"Plans": [{"Node Type": "Sort","Parent Relationship": "Outer","Parallel Aware": false,"Async Capable": false,"Startup Cost": 21257.42,"Total Cost": 21257.47,"Plan Rows": 20,"Plan Width": 159,"Actual Startup Time": 2350.688,"Actual Total Time": 2393.814,"Actual Rows": 108923,"Actual Loops": 3,"Sort Key": ["nation.n_name", "(EXTRACT(year FROM orders.o_orderdate)) DESC"],"Sort Method": "quicksort","Sort Space Used": 13768,"Sort Space Type": "Memory","Workers": [{"Worker Number": 0,"Sort Method": "quicksort","Sort Space Used": 14047,"Sort Space Type": "Memory"},{"Worker Number": 1,"Sort Method": "quicksort","Sort Space Used": 13937,"Sort Space Type": "Memory"}],"Plans": [{"Node Type": "Hash Join","Parent Relationship": "Outer","Parallel Aware": false,"Async Capable": false,"Join Type": "Inner","Startup Cost": 3.13,"Total Cost": 21256.99,"Plan Rows": 20,"Plan Width": 159,"Actual Startup Time": 0.743,"Actual Total Time": 2193.939,"Actual Rows": 108923,"Actual Loops": 3,"Inner Unique": true,"Hash Cond": "(supplier.s_nationkey = nation.n_nationkey)","Workers": [],"Plans": [{"Node Type": "Nested Loop","Parent Relationship": "Outer","Parallel Aware": false,"Async Capable": false,"Join Type": "Inner","Startup Cost": 1.57,"Total Cost": 21255.31,"Plan Rows": 20,"Plan Width": 31,"Actual Startup Time": 0.549,"Actual Total Time": 2162.065,"Actual Rows": 108923,"Actual Loops": 3,"Inner Unique": true,"Workers": [],"Plans": [{"Node Type": "Nested Loop","Parent Relationship": "Outer","Parallel Aware": false,"Async Capable": false,"Join Type": "Inner","Startup Cost": 1.14,"Total Cost": 21246.01,"Plan Rows": 20,"Plan Width": 31,"Actual Startup Time": 0.414,"Actual Total Time": 1002.439,"Actual Rows": 108923,"Actual Loops": 3,"Inner Unique": true,"Workers": [],"Plans": [{"Node Type": "Nested Loop","Parent Relationship": "Outer","Parallel Aware": false,"Async Capable": false,"Join Type": "Inner","Startup Cost": 0.86,"Total Cost": 21239.96,"Plan Rows": 20,"Plan Width": 35,"Actual Startup Time": 0.300,"Actual Total Time": 815.417,"Actual Rows": 108923,"Actual Loops": 3,"Inner Unique": false,"Workers": [],"Plans": [{"Node Type": "Nested Loop","Parent Relationship": "Outer","Parallel Aware": false,"Async Capable": false,"Join Type": "Inner","Startup Cost": 0.42,"Total Cost": 14087.17,"Plan Rows": 6734,"Plan Width": 18,"Actual Startup Time": 0.193,"Actual Total Time": 119.602,"Actual Rows": 14516,"Actual Loops": 3,"Inner Unique": false,"Workers": [],"Plans": [{"Node Type": "Seq Scan","Parent Relationship": "Outer","Parallel Aware": true,"Async Capable": false,"Relation Name": "part","Alias": "part","Startup Cost": 0.00,"Total Cost": 5138.67,"Plan Rows": 1684,"Plan Width": 4,"Actual Startup Time": 0.081,"Actual Total Time": 51.033,"Actual Rows": 3629,"Actual Loops": 3,"Filter": "((p_name)::text ~~ '%snow%'::text)","Rows Removed by Filter": 63038,"Workers": []},{"Node Type": "Index Scan","Parent Relationship": "Inner","Parallel Aware": false,"Async Capable": false,"Scan Direction": "Forward","Index Name": "idx_partsupp_partkey","Relation Name": "partsupp","Alias": "partsupp","Startup Cost": 0.42,"Total Cost": 5.27,"Plan Rows": 4,"Plan Width": 14,"Actual Startup Time": 0.014,"Actual Total Time": 0.018,"Actual Rows": 4,"Actual Loops": 10887,"Index Cond": "(ps_partkey = part.p_partkey)","Rows Removed by Index Recheck": 0,"Workers": []}]},{"Node Type": "Index Scan","Parent Relationship": "Inner","Parallel Aware": false,"Async Capable": false,"Scan Direction": "Forward","Index Name": "idx_lineitem_part_supp","Relation Name": "lineitem","Alias": "lineitem","Startup Cost": 0.43,"Total Cost": 1.05,"Plan Rows": 1,"Plan Width": 29,"Actual Startup Time": 0.007,"Actual Total Time": 0.046,"Actual Rows": 8,"Actual Loops": 43548,"Index Cond": "((l_partkey = partsupp.ps_partkey) AND (l_suppkey = partsupp.ps_suppkey))","Rows Removed by Index Recheck": 0,"Workers": []}]},{"Node Type": "Index Scan","Parent Relationship": "Inner","Parallel Aware": false,"Async Capable": false,"Scan Direction": "Forward","Index Name": "supplier_pkey","Relation Name": "supplier","Alias": "supplier","Startup Cost": 0.29,"Total Cost": 0.30,"Plan Rows": 1,"Plan Width": 8,"Actual Startup Time": 0.001,"Actual Total Time": 0.001,"Actual Rows": 1,"Actual Loops": 326768,"Index Cond": "(s_suppkey = lineitem.l_suppkey)","Rows Removed by Index Recheck": 0,"Workers": []}]},{"Node Type": "Index Scan","Parent Relationship": "Inner","Parallel Aware": false,"Async Capable": false,"Scan Direction": "Forward","Index Name": "orders_pkey","Relation Name": "orders","Alias": "orders","Startup Cost": 0.43,"Total Cost": 0.47,"Plan Rows": 1,"Plan Width": 8,"Actual Startup Time": 0.010,"Actual Total Time": 0.010,"Actual Rows": 1,"Actual Loops": 326768,"Index Cond": "(o_orderkey = lineitem.l_orderkey)","Rows Removed by Index Recheck": 0,"Workers": []}]},{"Node Type": "Hash","Parent Relationship": "Inner","Parallel Aware": false,"Async Capable": false,"Startup Cost": 1.25,"Total Cost": 1.25,"Plan Rows": 25,"Plan Width": 108,"Actual Startup Time": 0.086,"Actual Total Time": 0.126,"Actual Rows": 25,"Actual Loops": 3,"Hash Buckets": 1024,"Original Hash Buckets": 1024,"Hash Batches": 1,"Original Hash Batches": 1,"Peak Memory Usage": 10,"Workers": [],"Plans": [{"Node Type": "Seq Scan","Parent Relationship": "Outer","Parallel Aware": false,"Async Capable": false,"Relation Name": "nation","Alias": "nation","Startup Cost": 0.00,"Total Cost": 1.25,"Plan Rows": 25,"Plan Width": 108,"Actual Startup Time": 0.058,"Actual Total Time": 0.094,"Actual Rows": 25,"Actual Loops": 3,"Workers": []}]}]}]}]}]}]},"Planning Time": 12.268,"Triggers": [],"Execution Time": 2581.566}]
[{"Plan": {"Node Type": "Aggregate","Strategy": "Sorted","Partial Mode": "Finalize","Parallel Aware": false,"Async Capable": false,"Startup Cost": 54706.26,"Total Cost": 54742.91,"Plan Rows": 244,"Plan Width": 168,"Actual Startup Time": 1714.474,"Actual Total Time": 1830.226,"Actual Rows": 175,"Actual Loops": 1,"Group Key": ["nation.n_name", "(EXTRACT(year FROM orders.o_orderdate))"],"Plans": [{"Node Type": "Gather Merge","Parent Relationship": "Outer","Parallel Aware": false,"Async Capable": false,"Startup Cost": 54706.26,"Total Cost": 54736.88,"Plan Rows": 237,"Plan Width": 168,"Actual Startup Time": 1713.154,"Actual Total Time": 1829.714,"Actual Rows": 700,"Actual Loops": 1,"Workers Planned": 3,"Workers Launched": 3,"Plans": [{"Node Type": "Aggregate","Strategy": "Sorted","Partial Mode": "Partial","Parent Relationship": "Outer","Parallel Aware": false,"Async Capable": false,"Startup Cost": 53706.22,"Total Cost": 53708.99,"Plan Rows": 79,"Plan Width": 168,"Actual Startup Time": 1641.405,"Actual Total Time": 1736.002,"Actual Rows": 175,"Actual Loops": 4,"Group Key": ["nation.n_name", "(EXTRACT(year FROM orders.o_orderdate))"],"Workers": [],"Plans": [{"Node Type": "Sort","Parent Relationship": "Outer","Parallel Aware": false,"Async Capable": false,"Startup Cost": 53706.22,"Total Cost": 53706.42,"Plan Rows": 79,"Plan Width": 159,"Actual Startup Time": 1640.941,"Actual Total Time": 1673.380,"Actual Rows": 81542,"Actual Loops": 4,"Sort Key": ["nation.n_name", "(EXTRACT(year FROM orders.o_orderdate)) DESC"],"Sort Method": "quicksort","Sort Space Used": 11097,"Sort Space Type": "Memory","Workers": [{"Worker Number": 0,"Sort Method": "quicksort","Sort Space Used": 11309,"Sort Space Type": "Memory"},{"Worker Number": 1,"Sort Method": "quicksort","Sort Space Used": 10929,"Sort Space Type": "Memory"},{"Worker Number": 2,"Sort Method": "quicksort","Sort Space Used": 11435,"Sort Space Type": "Memory"}],"Plans": [{"Node Type": "Hash Join","Parent Relationship": "Outer","Parallel Aware": false,"Async Capable": false,"Join Type": "Inner","Startup Cost": 5246.60,"Total Cost": 53703.73,"Plan Rows": 79,"Plan Width": 159,"Actual Startup Time": 23.772,"Actual Total Time": 1540.996,"Actual Rows": 81542,"Actual Loops": 4,"Inner Unique": true,"Hash Cond": "(supplier.s_nationkey = nation.n_nationkey)","Workers": [],"Plans": [{"Node Type": "Nested Loop","Parent Relationship": "Outer","Parallel Aware": false,"Async Capable": false,"Join Type": "Inner","Startup Cost": 5245.04,"Total Cost": 53701.73,"Plan Rows": 79,"Plan Width": 31,"Actual Startup Time": 23.575,"Actual Total Time": 1517.770,"Actual Rows": 81542,"Actual Loops": 4,"Inner Unique": true,"Workers": [],"Plans": [{"Node Type": "Nested Loop","Parent Relationship": "Outer","Parallel Aware": false,"Async Capable": false,"Join Type": "Inner","Startup Cost": 5244.61,"Total Cost": 53664.99,"Plan Rows": 79,"Plan Width": 31,"Actual Startup Time": 23.500,"Actual Total Time": 784.781,"Actual Rows": 81542,"Actual Loops": 4,"Inner Unique": true,"Workers": [],"Plans": [{"Node Type": "Nested Loop","Parent Relationship": "Outer","Parallel Aware": false,"Async Capable": false,"Join Type": "Inner","Startup Cost": 5244.32,"Total Cost": 53641.08,"Plan Rows": 79,"Plan Width": 35,"Actual Startup Time": 23.443,"Actual Total Time": 647.674,"Actual Rows": 81542,"Actual Loops": 4,"Inner Unique": false,"Workers": [],"Plans": [{"Node Type": "Hash Join","Parent Relationship": "Outer","Parallel Aware": true,"Async Capable": false,"Join Type": "Inner","Startup Cost": 5243.89,"Total Cost": 25952.97,"Plan Rows": 26067,"Plan Width": 18,"Actual Startup Time": 23.378,"Actual Total Time": 190.584,"Actual Rows": 10873,"Actual Loops": 4,"Inner Unique": true,"Hash Cond": "(partsupp.ps_partkey = part.p_partkey)","Workers": [],"Plans": [{"Node Type": "Seq Scan","Parent Relationship": "Outer","Parallel Aware": true,"Async Capable": false,"Relation Name": "partsupp","Alias": "partsupp","Startup Cost": 0.00,"Total Cost": 20031.65,"Plan Rows": 258065,"Plan Width": 14,"Actual Startup Time": 0.016,"Actual Total Time": 42.639,"Actual Rows": 200000,"Actual Loops": 4,"Workers": []},{"Node Type": "Hash","Parent Relationship": "Inner","Parallel Aware": true,"Async Capable": false,"Startup Cost": 5138.67,"Total Cost": 5138.67,"Plan Rows": 8418,"Plan Width": 4,"Actual Startup Time": 23.128,"Actual Total Time": 23.145,"Actual Rows": 2718,"Actual Loops": 4,"Hash Buckets": 32768,"Original Hash Buckets": 32768,"Hash Batches": 1,"Original Hash Batches": 1,"Peak Memory Usage": 704,"Workers": [],"Plans": [{"Node Type": "Seq Scan","Parent Relationship": "Outer","Parallel Aware": true,"Async Capable": false,"Relation Name": "part","Alias": "part","Startup Cost": 0.00,"Total Cost": 5138.67,"Plan Rows": 8418,"Plan Width": 4,"Actual Startup Time": 0.058,"Actual Total Time": 21.650,"Actual Rows": 2718,"Actual Loops": 4,"Filter": "((p_name)::text ~~ '%linen%'::text)","Rows Removed by Filter": 47282,"Workers": []}]}]},{"Node Type": "Index Scan","Parent Relationship": "Inner","Parallel Aware": false,"Async Capable": false,"Scan Direction": "Forward","Index Name": "idx_lineitem_part_supp","Relation Name": "lineitem","Alias": "lineitem","Startup Cost": 0.43,"Total Cost": 1.05,"Plan Rows": 1,"Plan Width": 29,"Actual Startup Time": 0.006,"Actual Total Time": 0.041,"Actual Rows": 7,"Actual Loops": 43492,"Index Cond": "((l_partkey = partsupp.ps_partkey) AND (l_suppkey = partsupp.ps_suppkey))","Rows Removed by Index Recheck": 0,"Workers": []}]},{"Node Type": "Index Scan","Parent Relationship": "Inner","Parallel Aware": false,"Async Capable": false,"Scan Direction": "Forward","Index Name": "supplier_pkey","Relation Name": "supplier","Alias": "supplier","Startup Cost": 0.29,"Total Cost": 0.30,"Plan Rows": 1,"Plan Width": 8,"Actual Startup Time": 0.001,"Actual Total Time": 0.001,"Actual Rows": 1,"Actual Loops": 326170,"Index Cond": "(s_suppkey = lineitem.l_suppkey)","Rows Removed by Index Recheck": 0,"Workers": []}]},{"Node Type": "Index Scan","Parent Relationship": "Inner","Parallel Aware": false,"Async Capable": false,"Scan Direction": "Forward","Index Name": "orders_pkey","Relation Name": "orders","Alias": "orders","Startup Cost": 0.43,"Total Cost": 0.47,"Plan Rows": 1,"Plan Width": 8,"Actual Startup Time": 0.009,"Actual Total Time": 0.009,"Actual Rows": 1,"Actual Loops": 326170,"Index Cond": "(o_orderkey = lineitem.l_orderkey)","Rows Removed by Index Recheck": 0,"Workers": []}]},{"Node Type": "Hash","Parent Relationship": "Inner","Parallel Aware": false,"Async Capable": false,"Startup Cost": 1.25,"Total Cost": 1.25,"Plan Rows": 25,"Plan Width": 108,"Actual Startup Time": 0.077,"Actual Total Time": 0.084,"Actual Rows": 25,"Actual Loops": 4,"Hash Buckets": 1024,"Original Hash Buckets": 1024,"Hash Batches": 1,"Original Hash Batches": 1,"Peak Memory Usage": 10,"Workers": [],"Plans": [{"Node Type": "Seq Scan","Parent Relationship": "Outer","Parallel Aware": false,"Async Capable": false,"Relation Name": "nation","Alias": "nation","Startup Cost": 0.00,"Total Cost": 1.25,"Plan Rows": 25,"Plan Width": 108,"Actual Startup Time": 0.049,"Actual Total Time": 0.057,"Actual Rows": 25,"Actual Loops": 4,"Workers": []}]}]}]}]}]}]},"Planning Time": 12.571,"Triggers": [],"Execution Time": 1831.398}]
[{"Plan": {"Node Type": "Aggregate","Strategy": "Sorted","Partial Mode": "Finalize","Parallel Aware": false,"Async Capable": false,"Startup Cost": 47355.08,"Total Cost": 47374.71,"Plan Rows": 146,"Plan Width": 168,"Actual Startup Time": 2443.289,"Actual Total Time": 2646.846,"Actual Rows": 175,"Actual Loops": 1,"Group Key": ["nation.n_name", "(EXTRACT(year FROM orders.o_orderdate))"],"Plans": [{"Node Type": "Gather Merge","Parent Relationship": "Outer","Parallel Aware": false,"Async Capable": false,"Startup Cost": 47355.08,"Total Cost": 47371.30,"Plan Rows": 122,"Plan Width": 168,"Actual Startup Time": 2441.379,"Actual Total Time": 2646.389,"Actual Rows": 525,"Actual Loops": 1,"Workers Planned": 2,"Workers Launched": 2,"Plans": [{"Node Type": "Aggregate","Strategy": "Sorted","Partial Mode": "Partial","Parent Relationship": "Outer","Parallel Aware": false,"Async Capable": false,"Startup Cost": 46355.06,"Total Cost": 46357.20,"Plan Rows": 61,"Plan Width": 168,"Actual Startup Time": 2344.628,"Actual Total Time": 2481.185,"Actual Rows": 175,"Actual Loops": 3,"Group Key": ["nation.n_name", "(EXTRACT(year FROM orders.o_orderdate))"],"Workers": [],"Plans": [{"Node Type": "Sort","Parent Relationship": "Outer","Parallel Aware": false,"Async Capable": false,"Startup Cost": 46355.06,"Total Cost": 46355.21,"Plan Rows": 61,"Plan Width": 159,"Actual Startup Time": 2343.975,"Actual Total Time": 2393.214,"Actual Rows": 108196,"Actual Loops": 3,"Sort Key": ["nation.n_name", "(EXTRACT(year FROM orders.o_orderdate)) DESC"],"Sort Method": "quicksort","Sort Space Used": 14440,"Sort Space Type": "Memory","Workers": [{"Worker Number": 0,"Sort Method": "quicksort","Sort Space Used": 13552,"Sort Space Type": "Memory"},{"Worker Number": 1,"Sort Method": "quicksort","Sort Space Used": 13546,"Sort Space Type": "Memory"}],"Plans": [{"Node Type": "Hash Join","Parent Relationship": "Outer","Parallel Aware": false,"Async Capable": false,"Join Type": "Inner","Startup Cost": 3.13,"Total Cost": 46353.25,"Plan Rows": 61,"Plan Width": 159,"Actual Startup Time": 0.737,"Actual Total Time": 2187.877,"Actual Rows": 108196,"Actual Loops": 3,"Inner Unique": true,"Hash Cond": "(supplier.s_nationkey = nation.n_nationkey)","Workers": [],"Plans": [{"Node Type": "Nested Loop","Parent Relationship": "Outer","Parallel Aware": false,"Async Capable": false,"Join Type": "Inner","Startup Cost": 1.57,"Total Cost": 46351.35,"Plan Rows": 61,"Plan Width": 31,"Actual Startup Time": 0.541,"Actual Total Time": 2156.168,"Actual Rows": 108196,"Actual Loops": 3,"Inner Unique": true,"Workers": [],"Plans": [{"Node Type": "Nested Loop","Parent Relationship": "Outer","Parallel Aware": false,"Async Capable": false,"Join Type": "Inner","Startup Cost": 1.14,"Total Cost": 46322.98,"Plan Rows": 61,"Plan Width": 31,"Actual Startup Time": 0.417,"Actual Total Time": 1004.407,"Actual Rows": 108196,"Actual Loops": 3,"Inner Unique": true,"Workers": [],"Plans": [{"Node Type": "Nested Loop","Parent Relationship": "Outer","Parallel Aware": false,"Async Capable": false,"Join Type": "Inner","Startup Cost": 0.86,"Total Cost": 46304.52,"Plan Rows": 61,"Plan Width": 35,"Actual Startup Time": 0.314,"Actual Total Time": 819.610,"Actual Rows": 108196,"Actual Loops": 3,"Inner Unique": false,"Workers": [],"Plans": [{"Node Type": "Nested Loop","Parent Relationship": "Outer","Parallel Aware": false,"Async Capable": false,"Join Type": "Inner","Startup Cost": 0.42,"Total Cost": 24846.16,"Plan Rows": 20202,"Plan Width": 18,"Actual Startup Time": 0.182,"Actual Total Time": 113.565,"Actual Rows": 14448,"Actual Loops": 3,"Inner Unique": false,"Workers": [],"Plans": [{"Node Type": "Seq Scan","Parent Relationship": "Outer","Parallel Aware": true,"Async Capable": false,"Relation Name": "part","Alias": "part","Startup Cost": 0.00,"Total Cost": 5138.67,"Plan Rows": 5051,"Plan Width": 4,"Actual Startup Time": 0.053,"Actual Total Time": 48.139,"Actual Rows": 3612,"Actual Loops": 3,"Filter": "((p_name)::text ~~ '%pale%'::text)","Rows Removed by Filter": 63055,"Workers": []},{"Node Type": "Index Scan","Parent Relationship": "Inner","Parallel Aware": false,"Async Capable": false,"Scan Direction": "Forward","Index Name": "idx_partsupp_partkey","Relation Name": "partsupp","Alias": "partsupp","Startup Cost": 0.42,"Total Cost": 3.86,"Plan Rows": 4,"Plan Width": 14,"Actual Startup Time": 0.014,"Actual Total Time": 0.017,"Actual Rows": 4,"Actual Loops": 10836,"Index Cond": "(ps_partkey = part.p_partkey)","Rows Removed by Index Recheck": 0,"Workers": []}]},{"Node Type": "Index Scan","Parent Relationship": "Inner","Parallel Aware": false,"Async Capable": false,"Scan Direction": "Forward","Index Name": "idx_lineitem_part_supp","Relation Name": "lineitem","Alias": "lineitem","Startup Cost": 0.43,"Total Cost": 1.05,"Plan Rows": 1,"Plan Width": 29,"Actual Startup Time": 0.007,"Actual Total Time": 0.047,"Actual Rows": 7,"Actual Loops": 43344,"Index Cond": "((l_partkey = partsupp.ps_partkey) AND (l_suppkey = partsupp.ps_suppkey))","Rows Removed by Index Recheck": 0,"Workers": []}]},{"Node Type": "Index Scan","Parent Relationship": "Inner","Parallel Aware": false,"Async Capable": false,"Scan Direction": "Forward","Index Name": "supplier_pkey","Relation Name": "supplier","Alias": "supplier","Startup Cost": 0.29,"Total Cost": 0.30,"Plan Rows": 1,"Plan Width": 8,"Actual Startup Time": 0.001,"Actual Total Time": 0.001,"Actual Rows": 1,"Actual Loops": 324587,"Index Cond": "(s_suppkey = lineitem.l_suppkey)","Rows Removed by Index Recheck": 0,"Workers": []}]},{"Node Type": "Index Scan","Parent Relationship": "Inner","Parallel Aware": false,"Async Capable": false,"Scan Direction": "Forward","Index Name": "orders_pkey","Relation Name": "orders","Alias": "orders","Startup Cost": 0.43,"Total Cost": 0.47,"Plan Rows": 1,"Plan Width": 8,"Actual Startup Time": 0.010,"Actual Total Time": 0.010,"Actual Rows": 1,"Actual Loops": 324587,"Index Cond": "(o_orderkey = lineitem.l_orderkey)","Rows Removed by Index Recheck": 0,"Workers": []}]},{"Node Type": "Hash","Parent Relationship": "Inner","Parallel Aware": false,"Async Capable": false,"Startup Cost": 1.25,"Total Cost": 1.25,"Plan Rows": 25,"Plan Width": 108,"Actual Startup Time": 0.093,"Actual Total Time": 0.102,"Actual Rows": 25,"Actual Loops": 3,"Hash Buckets": 1024,"Original Hash Buckets": 1024,"Hash Batches": 1,"Original Hash Batches": 1,"Peak Memory Usage": 10,"Workers": [],"Plans": [{"Node Type": "Seq Scan","Parent Relationship": "Outer","Parallel Aware": false,"Async Capable": false,"Relation Name": "nation","Alias": "nation","Startup Cost": 0.00,"Total Cost": 1.25,"Plan Rows": 25,"Plan Width": 108,"Actual Startup Time": 0.063,"Actual Total Time": 0.070,"Actual Rows": 25,"Actual Loops": 3,"Workers": []}]}]}]}]}]}]},"Planning Time": 11.644,"Triggers": [],"Execution Time": 2649.913}]
[{"Plan": {"Node Type": "Aggregate","Strategy": "Sorted","Partial Mode": "Finalize","Parallel Aware": false,"Async Capable": false,"Startup Cost": 35224.41,"Total Cost": 35237.30,"Plan Rows": 97,"Plan Width": 168,"Actual Startup Time": 2423.107,"Actual Total Time": 2516.518,"Actual Rows": 175,"Actual Loops": 1,"Group Key": ["nation.n_name", "(EXTRACT(year FROM orders.o_orderdate))"],"Plans": [{"Node Type": "Gather Merge","Parent Relationship": "Outer","Parallel Aware": false,"Async Capable": false,"Startup Cost": 35224.41,"Total Cost": 35235.05,"Plan Rows": 80,"Plan Width": 168,"Actual Startup Time": 2421.099,"Actual Total Time": 2516.141,"Actual Rows": 525,"Actual Loops": 1,"Workers Planned": 2,"Workers Launched": 2,"Plans": [{"Node Type": "Aggregate","Strategy": "Sorted","Partial Mode": "Partial","Parent Relationship": "Outer","Parallel Aware": false,"Async Capable": false,"Startup Cost": 34224.39,"Total Cost": 34225.79,"Plan Rows": 40,"Plan Width": 168,"Actual Startup Time": 2317.529,"Actual Total Time": 2436.266,"Actual Rows": 175,"Actual Loops": 3,"Group Key": ["nation.n_name", "(EXTRACT(year FROM orders.o_orderdate))"],"Workers": [],"Plans": [{"Node Type": "Sort","Parent Relationship": "Outer","Parallel Aware": false,"Async Capable": false,"Startup Cost": 34224.39,"Total Cost": 34224.49,"Plan Rows": 40,"Plan Width": 159,"Actual Startup Time": 2316.849,"Actual Total Time": 2355.396,"Actual Rows": 108042,"Actual Loops": 3,"Sort Key": ["nation.n_name", "(EXTRACT(year FROM orders.o_orderdate)) DESC"],"Sort Method": "quicksort","Sort Space Used": 14573,"Sort Space Type": "Memory","Workers": [{"Worker Number": 0,"Sort Method": "quicksort","Sort Space Used": 13460,"Sort Space Type": "Memory"},{"Worker Number": 1,"Sort Method": "quicksort","Sort Space Used": 13459,"Sort Space Type": "Memory"}],"Plans": [{"Node Type": "Hash Join","Parent Relationship": "Outer","Parallel Aware": false,"Async Capable": false,"Join Type": "Inner","Startup Cost": 3.13,"Total Cost": 34223.32,"Plan Rows": 40,"Plan Width": 159,"Actual Startup Time": 0.593,"Actual Total Time": 2170.697,"Actual Rows": 108042,"Actual Loops": 3,"Inner Unique": true,"Hash Cond": "(supplier.s_nationkey = nation.n_nationkey)","Workers": [],"Plans": [{"Node Type": "Nested Loop","Parent Relationship": "Outer","Parallel Aware": false,"Async Capable": false,"Join Type": "Inner","Startup Cost": 1.57,"Total Cost": 34221.53,"Plan Rows": 40,"Plan Width": 31,"Actual Startup Time": 0.416,"Actual Total Time": 2139.915,"Actual Rows": 108042,"Actual Loops": 3,"Inner Unique": true,"Workers": [],"Plans": [{"Node Type": "Nested Loop","Parent Relationship": "Outer","Parallel Aware": false,"Async Capable": false,"Join Type": "Inner","Startup Cost": 1.14,"Total Cost": 34202.93,"Plan Rows": 40,"Plan Width": 31,"Actual Startup Time": 0.327,"Actual Total Time": 998.594,"Actual Rows": 108042,"Actual Loops": 3,"Inner Unique": true,"Workers": [],"Plans": [{"Node Type": "Nested Loop","Parent Relationship": "Outer","Parallel Aware": false,"Async Capable": false,"Join Type": "Inner","Startup Cost": 0.86,"Total Cost": 34190.82,"Plan Rows": 40,"Plan Width": 35,"Actual Startup Time": 0.254,"Actual Total Time": 813.072,"Actual Rows": 108042,"Actual Loops": 3,"Inner Unique": false,"Workers": [],"Plans": [{"Node Type": "Nested Loop","Parent Relationship": "Outer","Parallel Aware": false,"Async Capable": false,"Join Type": "Inner","Startup Cost": 0.42,"Total Cost": 19885.25,"Plan Rows": 13468,"Plan Width": 18,"Actual Startup Time": 0.157,"Actual Total Time": 114.443,"Actual Rows": 14376,"Actual Loops": 3,"Inner Unique": false,"Workers": [],"Plans": [{"Node Type": "Seq Scan","Parent Relationship": "Outer","Parallel Aware": true,"Async Capable": false,"Relation Name": "part","Alias": "part","Startup Cost": 0.00,"Total Cost": 5138.67,"Plan Rows": 3367,"Plan Width": 4,"Actual Startup Time": 0.064,"Actual Total Time": 49.656,"Actual Rows": 3594,"Actual Loops": 3,"Filter": "((p_name)::text ~~ '%deep%'::text)","Rows Removed by Filter": 63073,"Workers": []},{"Node Type": "Index Scan","Parent Relationship": "Inner","Parallel Aware": false,"Async Capable": false,"Scan Direction": "Forward","Index Name": "idx_partsupp_partkey","Relation Name": "partsupp","Alias": "partsupp","Startup Cost": 0.42,"Total Cost": 4.34,"Plan Rows": 4,"Plan Width": 14,"Actual Startup Time": 0.013,"Actual Total Time": 0.017,"Actual Rows": 4,"Actual Loops": 10782,"Index Cond": "(ps_partkey = part.p_partkey)","Rows Removed by Index Recheck": 0,"Workers": []}]},{"Node Type": "Index Scan","Parent Relationship": "Inner","Parallel Aware": false,"Async Capable": false,"Scan Direction": "Forward","Index Name": "idx_lineitem_part_supp","Relation Name": "lineitem","Alias": "lineitem","Startup Cost": 0.43,"Total Cost": 1.05,"Plan Rows": 1,"Plan Width": 29,"Actual Startup Time": 0.007,"Actual Total Time": 0.047,"Actual Rows": 8,"Actual Loops": 43128,"Index Cond": "((l_partkey = partsupp.ps_partkey) AND (l_suppkey = partsupp.ps_suppkey))","Rows Removed by Index Recheck": 0,"Workers": []}]},{"Node Type": "Index Scan","Parent Relationship": "Inner","Parallel Aware": false,"Async Capable": false,"Scan Direction": "Forward","Index Name": "supplier_pkey","Relation Name": "supplier","Alias": "supplier","Startup Cost": 0.29,"Total Cost": 0.30,"Plan Rows": 1,"Plan Width": 8,"Actual Startup Time": 0.001,"Actual Total Time": 0.001,"Actual Rows": 1,"Actual Loops": 324125,"Index Cond": "(s_suppkey = lineitem.l_suppkey)","Rows Removed by Index Recheck": 0,"Workers": []}]},{"Node Type": "Index Scan","Parent Relationship": "Inner","Parallel Aware": false,"Async Capable": false,"Scan Direction": "Forward","Index Name": "orders_pkey","Relation Name": "orders","Alias": "orders","Startup Cost": 0.43,"Total Cost": 0.47,"Plan Rows": 1,"Plan Width": 8,"Actual Startup Time": 0.010,"Actual Total Time": 0.010,"Actual Rows": 1,"Actual Loops": 324125,"Index Cond": "(o_orderkey = lineitem.l_orderkey)","Rows Removed by Index Recheck": 0,"Workers": []}]},{"Node Type": "Hash","Parent Relationship": "Inner","Parallel Aware": false,"Async Capable": false,"Startup Cost": 1.25,"Total Cost": 1.25,"Plan Rows": 25,"Plan Width": 108,"Actual Startup Time": 0.073,"Actual Total Time": 0.083,"Actual Rows": 25,"Actual Loops": 3,"Hash Buckets": 1024,"Original Hash Buckets": 1024,"Hash Batches": 1,"Original Hash Batches": 1,"Peak Memory Usage": 10,"Workers": [],"Plans": [{"Node Type": "Seq Scan","Parent Relationship": "Outer","Parallel Aware": false,"Async Capable": false,"Relation Name": "nation","Alias": "nation","Startup Cost": 0.00,"Total Cost": 1.25,"Plan Rows": 25,"Plan Width": 108,"Actual Startup Time": 0.046,"Actual Total Time": 0.053,"Actual Rows": 25,"Actual Loops": 3,"Workers": []}]}]}]}]}]}]},"Planning Time": 12.431,"Triggers": [],"Execution Time": 2518.012}]
[{"Plan": {"Node Type": "Aggregate","Strategy": "Sorted","Partial Mode": "Finalize","Parallel Aware": false,"Async Capable": false,"Startup Cost": 41381.04,"Total Cost": 41397.45,"Plan Rows": 122,"Plan Width": 168,"Actual Startup Time": 2380.288,"Actual Total Time": 2510.252,"Actual Rows": 175,"Actual Loops": 1,"Group Key": ["nation.n_name", "(EXTRACT(year FROM orders.o_orderdate))"],"Plans": [{"Node Type": "Gather Merge","Parent Relationship": "Outer","Parallel Aware": false,"Async Capable": false,"Startup Cost": 41381.04,"Total Cost": 41394.60,"Plan Rows": 102,"Plan Width": 168,"Actual Startup Time": 2378.432,"Actual Total Time": 2509.752,"Actual Rows": 525,"Actual Loops": 1,"Workers Planned": 2,"Workers Launched": 2,"Plans": [{"Node Type": "Aggregate","Strategy": "Sorted","Partial Mode": "Partial","Parent Relationship": "Outer","Parallel Aware": false,"Async Capable": false,"Startup Cost": 40381.01,"Total Cost": 40382.80,"Plan Rows": 51,"Plan Width": 168,"Actual Startup Time": 2272.614,"Actual Total Time": 2386.654,"Actual Rows": 175,"Actual Loops": 3,"Group Key": ["nation.n_name", "(EXTRACT(year FROM orders.o_orderdate))"],"Workers": [],"Plans": [{"Node Type": "Sort","Parent Relationship": "Outer","Parallel Aware": false,"Async Capable": false,"Startup Cost": 40381.01,"Total Cost": 40381.14,"Plan Rows": 51,"Plan Width": 159,"Actual Startup Time": 2272.019,"Actual Total Time": 2308.245,"Actual Rows": 106740,"Actual Loops": 3,"Sort Key": ["nation.n_name", "(EXTRACT(year FROM orders.o_orderdate)) DESC"],"Sort Method": "quicksort","Sort Space Used": 13794,"Sort Space Type": "Memory","Workers": [{"Worker Number": 0,"Sort Method": "quicksort","Sort Space Used": 13998,"Sort Space Type": "Memory"},{"Worker Number": 1,"Sort Method": "quicksort","Sort Space Used": 13310,"Sort Space Type": "Memory"}],"Plans": [{"Node Type": "Hash Join","Parent Relationship": "Outer","Parallel Aware": false,"Async Capable": false,"Join Type": "Inner","Startup Cost": 3.13,"Total Cost": 40379.57,"Plan Rows": 51,"Plan Width": 159,"Actual Startup Time": 0.683,"Actual Total Time": 2123.834,"Actual Rows": 106740,"Actual Loops": 3,"Inner Unique": true,"Hash Cond": "(supplier.s_nationkey = nation.n_nationkey)","Workers": [],"Plans": [{"Node Type": "Nested Loop","Parent Relationship": "Outer","Parallel Aware": false,"Async Capable": false,"Join Type": "Inner","Startup Cost": 1.57,"Total Cost": 40377.72,"Plan Rows": 51,"Plan Width": 31,"Actual Startup Time": 0.513,"Actual Total Time": 2093.243,"Actual Rows": 106740,"Actual Loops": 3,"Inner Unique": true,"Workers": [],"Plans": [{"Node Type": "Nested Loop","Parent Relationship": "Outer","Parallel Aware": false,"Async Capable": false,"Join Type": "Inner","Startup Cost": 1.14,"Total Cost": 40354.00,"Plan Rows": 51,"Plan Width": 31,"Actual Startup Time": 0.387,"Actual Total Time": 972.943,"Actual Rows": 106740,"Actual Loops": 3,"Inner Unique": true,"Workers": [],"Plans": [{"Node Type": "Nested Loop","Parent Relationship": "Outer","Parallel Aware": false,"Async Capable": false,"Join Type": "Inner","Startup Cost": 0.86,"Total Cost": 40338.56,"Plan Rows": 51,"Plan Width": 35,"Actual Startup Time": 0.288,"Actual Total Time": 790.865,"Actual Rows": 106740,"Actual Loops": 3,"Inner Unique": false,"Workers": [],"Plans": [{"Node Type": "Nested Loop","Parent Relationship": "Outer","Parallel Aware": false,"Async Capable": false,"Join Type": "Inner","Startup Cost": 0.42,"Total Cost": 22456.59,"Plan Rows": 16835,"Plan Width": 18,"Actual Startup Time": 0.184,"Actual Total Time": 117.958,"Actual Rows": 14244,"Actual Loops": 3,"Inner Unique": false,"Workers": [],"Plans": [{"Node Type": "Seq Scan","Parent Relationship": "Outer","Parallel Aware": true,"Async Capable": false,"Relation Name": "part","Alias": "part","Startup Cost": 0.00,"Total Cost": 5138.67,"Plan Rows": 4209,"Plan Width": 4,"Actual Startup Time": 0.065,"Actual Total Time": 51.798,"Actual Rows": 3561,"Actual Loops": 3,"Filter": "((p_name)::text ~~ '%olive%'::text)","Rows Removed by Filter": 63106,"Workers": []},{"Node Type": "Index Scan","Parent Relationship": "Inner","Parallel Aware": false,"Async Capable": false,"Scan Direction": "Forward","Index Name": "idx_partsupp_partkey","Relation Name": "partsupp","Alias": "partsupp","Startup Cost": 0.42,"Total Cost": 4.07,"Plan Rows": 4,"Plan Width": 14,"Actual Startup Time": 0.014,"Actual Total Time": 0.018,"Actual Rows": 4,"Actual Loops": 10683,"Index Cond": "(ps_partkey = part.p_partkey)","Rows Removed by Index Recheck": 0,"Workers": []}]},{"Node Type": "Index Scan","Parent Relationship": "Inner","Parallel Aware": false,"Async Capable": false,"Scan Direction": "Forward","Index Name": "idx_lineitem_part_supp","Relation Name": "lineitem","Alias": "lineitem","Startup Cost": 0.43,"Total Cost": 1.05,"Plan Rows": 1,"Plan Width": 29,"Actual Startup Time": 0.007,"Actual Total Time": 0.046,"Actual Rows": 7,"Actual Loops": 42732,"Index Cond": "((l_partkey = partsupp.ps_partkey) AND (l_suppkey = partsupp.ps_suppkey))","Rows Removed by Index Recheck": 0,"Workers": []}]},{"Node Type": "Index Scan","Parent Relationship": "Inner","Parallel Aware": false,"Async Capable": false,"Scan Direction": "Forward","Index Name": "supplier_pkey","Relation Name": "supplier","Alias": "supplier","Startup Cost": 0.29,"Total Cost": 0.30,"Plan Rows": 1,"Plan Width": 8,"Actual Startup Time": 0.001,"Actual Total Time": 0.001,"Actual Rows": 1,"Actual Loops": 320221,"Index Cond": "(s_suppkey = lineitem.l_suppkey)","Rows Removed by Index Recheck": 0,"Workers": []}]},{"Node Type": "Index Scan","Parent Relationship": "Inner","Parallel Aware": false,"Async Capable": false,"Scan Direction": "Forward","Index Name": "orders_pkey","Relation Name": "orders","Alias": "orders","Startup Cost": 0.43,"Total Cost": 0.47,"Plan Rows": 1,"Plan Width": 8,"Actual Startup Time": 0.010,"Actual Total Time": 0.010,"Actual Rows": 1,"Actual Loops": 320221,"Index Cond": "(o_orderkey = lineitem.l_orderkey)","Rows Removed by Index Recheck": 0,"Workers": []}]},{"Node Type": "Hash","Parent Relationship": "Inner","Parallel Aware": false,"Async Capable": false,"Startup Cost": 1.25,"Total Cost": 1.25,"Plan Rows": 25,"Plan Width": 108,"Actual Startup Time": 0.084,"Actual Total Time": 0.092,"Actual Rows": 25,"Actual Loops": 3,"Hash Buckets": 1024,"Original Hash Buckets": 1024,"Hash Batches": 1,"Original Hash Batches": 1,"Peak Memory Usage": 10,"Workers": [],"Plans": [{"Node Type": "Seq Scan","Parent Relationship": "Outer","Parallel Aware": false,"Async Capable": false,"Relation Name": "nation","Alias": "nation","Startup Cost": 0.00,"Total Cost": 1.25,"Plan Rows": 25,"Plan Width": 108,"Actual Startup Time": 0.057,"Actual Total Time": 0.062,"Actual Rows": 25,"Actual Loops": 3,"Workers": []}]}]}]}]}]}]},"Planning Time": 11.947,"Triggers": [],"Execution Time": 2513.057}]
[{"Plan": {"Node Type": "Aggregate","Strategy": "Sorted","Partial Mode": "Finalize","Parallel Aware": false,"Async Capable": false,"Startup Cost": 47355.08,"Total Cost": 47374.71,"Plan Rows": 146,"Plan Width": 168,"Actual Startup Time": 2440.490,"Actual Total Time": 2625.263,"Actual Rows": 175,"Actual Loops": 1,"Group Key": ["nation.n_name", "(EXTRACT(year FROM orders.o_orderdate))"],"Plans": [{"Node Type": "Gather Merge","Parent Relationship": "Outer","Parallel Aware": false,"Async Capable": false,"Startup Cost": 47355.08,"Total Cost": 47371.30,"Plan Rows": 122,"Plan Width": 168,"Actual Startup Time": 2438.386,"Actual Total Time": 2624.843,"Actual Rows": 525,"Actual Loops": 1,"Workers Planned": 2,"Workers Launched": 2,"Plans": [{"Node Type": "Aggregate","Strategy": "Sorted","Partial Mode": "Partial","Parent Relationship": "Outer","Parallel Aware": false,"Async Capable": false,"Startup Cost": 46355.06,"Total Cost": 46357.20,"Plan Rows": 61,"Plan Width": 168,"Actual Startup Time": 2325.727,"Actual Total Time": 2473.967,"Actual Rows": 175,"Actual Loops": 3,"Group Key": ["nation.n_name", "(EXTRACT(year FROM orders.o_orderdate))"],"Workers": [],"Plans": [{"Node Type": "Sort","Parent Relationship": "Outer","Parallel Aware": false,"Async Capable": false,"Startup Cost": 46355.06,"Total Cost": 46355.21,"Plan Rows": 61,"Plan Width": 159,"Actual Startup Time": 2325.108,"Actual Total Time": 2380.247,"Actual Rows": 108586,"Actual Loops": 3,"Sort Key": ["nation.n_name", "(EXTRACT(year FROM orders.o_orderdate)) DESC"],"Sort Method": "quicksort","Sort Space Used": 14578,"Sort Space Type": "Memory","Workers": [{"Worker Number": 0,"Sort Method": "quicksort","Sort Space Used": 13509,"Sort Space Type": "Memory"},{"Worker Number": 1,"Sort Method": "quicksort","Sort Space Used": 13568,"Sort Space Type": "Memory"}],"Plans": [{"Node Type": "Hash Join","Parent Relationship": "Outer","Parallel Aware": false,"Async Capable": false,"Join Type": "Inner","Startup Cost": 3.13,"Total Cost": 46353.25,"Plan Rows": 61,"Plan Width": 159,"Actual Startup Time": 0.571,"Actual Total Time": 2178.589,"Actual Rows": 108586,"Actual Loops": 3,"Inner Unique": true,"Hash Cond": "(supplier.s_nationkey = nation.n_nationkey)","Workers": [],"Plans": [{"Node Type": "Nested Loop","Parent Relationship": "Outer","Parallel Aware": false,"Async Capable": false,"Join Type": "Inner","Startup Cost": 1.57,"Total Cost": 46351.35,"Plan Rows": 61,"Plan Width": 31,"Actual Startup Time": 0.432,"Actual Total Time": 2147.289,"Actual Rows": 108586,"Actual Loops": 3,"Inner Unique": true,"Workers": [],"Plans": [{"Node Type": "Nested Loop","Parent Relationship": "Outer","Parallel Aware": false,"Async Capable": false,"Join Type": "Inner","Startup Cost": 1.14,"Total Cost": 46322.98,"Plan Rows": 61,"Plan Width": 31,"Actual Startup Time": 0.340,"Actual Total Time": 1002.738,"Actual Rows": 108586,"Actual Loops": 3,"Inner Unique": true,"Workers": [],"Plans": [{"Node Type": "Nested Loop","Parent Relationship": "Outer","Parallel Aware": false,"Async Capable": false,"Join Type": "Inner","Startup Cost": 0.86,"Total Cost": 46304.52,"Plan Rows": 61,"Plan Width": 35,"Actual Startup Time": 0.260,"Actual Total Time": 817.852,"Actual Rows": 108586,"Actual Loops": 3,"Inner Unique": false,"Workers": [],"Plans": [{"Node Type": "Nested Loop","Parent Relationship": "Outer","Parallel Aware": false,"Async Capable": false,"Join Type": "Inner","Startup Cost": 0.42,"Total Cost": 24846.16,"Plan Rows": 20202,"Plan Width": 18,"Actual Startup Time": 0.150,"Actual Total Time": 113.874,"Actual Rows": 14481,"Actual Loops": 3,"Inner Unique": false,"Workers": [],"Plans": [{"Node Type": "Seq Scan","Parent Relationship": "Outer","Parallel Aware": true,"Async Capable": false,"Relation Name": "part","Alias": "part","Startup Cost": 0.00,"Total Cost": 5138.67,"Plan Rows": 5051,"Plan Width": 4,"Actual Startup Time": 0.040,"Actual Total Time": 48.758,"Actual Rows": 3620,"Actual Loops": 3,"Filter": "((p_name)::text ~~ '%chartreuse%'::text)","Rows Removed by Filter": 63046,"Workers": []},{"Node Type": "Index Scan","Parent Relationship": "Inner","Parallel Aware": false,"Async Capable": false,"Scan Direction": "Forward","Index Name": "idx_partsupp_partkey","Relation Name": "partsupp","Alias": "partsupp","Startup Cost": 0.42,"Total Cost": 3.86,"Plan Rows": 4,"Plan Width": 14,"Actual Startup Time": 0.013,"Actual Total Time": 0.017,"Actual Rows": 4,"Actual Loops": 10861,"Index Cond": "(ps_partkey = part.p_partkey)","Rows Removed by Index Recheck": 0,"Workers": []}]},{"Node Type": "Index Scan","Parent Relationship": "Inner","Parallel Aware": false,"Async Capable": false,"Scan Direction": "Forward","Index Name": "idx_lineitem_part_supp","Relation Name": "lineitem","Alias": "lineitem","Startup Cost": 0.43,"Total Cost": 1.05,"Plan Rows": 1,"Plan Width": 29,"Actual Startup Time": 0.007,"Actual Total Time": 0.047,"Actual Rows": 7,"Actual Loops": 43444,"Index Cond": "((l_partkey = partsupp.ps_partkey) AND (l_suppkey = partsupp.ps_suppkey))","Rows Removed by Index Recheck": 0,"Workers": []}]},{"Node Type": "Index Scan","Parent Relationship": "Inner","Parallel Aware": false,"Async Capable": false,"Scan Direction": "Forward","Index Name": "supplier_pkey","Relation Name": "supplier","Alias": "supplier","Startup Cost": 0.29,"Total Cost": 0.30,"Plan Rows": 1,"Plan Width": 8,"Actual Startup Time": 0.001,"Actual Total Time": 0.001,"Actual Rows": 1,"Actual Loops": 325758,"Index Cond": "(s_suppkey = lineitem.l_suppkey)","Rows Removed by Index Recheck": 0,"Workers": []}]},{"Node Type": "Index Scan","Parent Relationship": "Inner","Parallel Aware": false,"Async Capable": false,"Scan Direction": "Forward","Index Name": "orders_pkey","Relation Name": "orders","Alias": "orders","Startup Cost": 0.43,"Total Cost": 0.47,"Plan Rows": 1,"Plan Width": 8,"Actual Startup Time": 0.010,"Actual Total Time": 0.010,"Actual Rows": 1,"Actual Loops": 325758,"Index Cond": "(o_orderkey = lineitem.l_orderkey)","Rows Removed by Index Recheck": 0,"Workers": []}]},{"Node Type": "Hash","Parent Relationship": "Inner","Parallel Aware": false,"Async Capable": false,"Startup Cost": 1.25,"Total Cost": 1.25,"Plan Rows": 25,"Plan Width": 108,"Actual Startup Time": 0.066,"Actual Total Time": 0.077,"Actual Rows": 25,"Actual Loops": 3,"Hash Buckets": 1024,"Original Hash Buckets": 1024,"Hash Batches": 1,"Original Hash Batches": 1,"Peak Memory Usage": 10,"Workers": [],"Plans": [{"Node Type": "Seq Scan","Parent Relationship": "Outer","Parallel Aware": false,"Async Capable": false,"Relation Name": "nation","Alias": "nation","Startup Cost": 0.00,"Total Cost": 1.25,"Plan Rows": 25,"Plan Width": 108,"Actual Startup Time": 0.042,"Actual Total Time": 0.046,"Actual Rows": 25,"Actual Loops": 3,"Workers": []}]}]}]}]}]}]},"Planning Time": 12.561,"Triggers": [],"Execution Time": 2628.191}]
[{"Plan": {"Node Type": "Aggregate","Strategy": "Sorted","Partial Mode": "Finalize","Parallel Aware": false,"Async Capable": false,"Startup Cost": 47355.08,"Total Cost": 47374.71,"Plan Rows": 146,"Plan Width": 168,"Actual Startup Time": 2451.743,"Actual Total Time": 2638.486,"Actual Rows": 175,"Actual Loops": 1,"Group Key": ["nation.n_name", "(EXTRACT(year FROM orders.o_orderdate))"],"Plans": [{"Node Type": "Gather Merge","Parent Relationship": "Outer","Parallel Aware": false,"Async Capable": false,"Startup Cost": 47355.08,"Total Cost": 47371.30,"Plan Rows": 122,"Plan Width": 168,"Actual Startup Time": 2450.259,"Actual Total Time": 2637.961,"Actual Rows": 525,"Actual Loops": 1,"Workers Planned": 2,"Workers Launched": 2,"Plans": [{"Node Type": "Aggregate","Strategy": "Sorted","Partial Mode": "Partial","Parent Relationship": "Outer","Parallel Aware": false,"Async Capable": false,"Startup Cost": 46355.06,"Total Cost": 46357.20,"Plan Rows": 61,"Plan Width": 168,"Actual Startup Time": 2354.615,"Actual Total Time": 2507.212,"Actual Rows": 175,"Actual Loops": 3,"Group Key": ["nation.n_name", "(EXTRACT(year FROM orders.o_orderdate))"],"Workers": [],"Plans": [{"Node Type": "Sort","Parent Relationship": "Outer","Parallel Aware": false,"Async Capable": false,"Startup Cost": 46355.06,"Total Cost": 46355.21,"Plan Rows": 61,"Plan Width": 159,"Actual Startup Time": 2354.072,"Actual Total Time": 2412.065,"Actual Rows": 109898,"Actual Loops": 3,"Sort Key": ["nation.n_name", "(EXTRACT(year FROM orders.o_orderdate)) DESC"],"Sort Method": "quicksort","Sort Space Used": 14665,"Sort Space Type": "Memory","Workers": [{"Worker Number": 0,"Sort Method": "quicksort","Sort Space Used": 13702,"Sort Space Type": "Memory"},{"Worker Number": 1,"Sort Method": "quicksort","Sort Space Used": 13674,"Sort Space Type": "Memory"}],"Plans": [{"Node Type": "Hash Join","Parent Relationship": "Outer","Parallel Aware": false,"Async Capable": false,"Join Type": "Inner","Startup Cost": 3.13,"Total Cost": 46353.25,"Plan Rows": 61,"Plan Width": 159,"Actual Startup Time": 0.557,"Actual Total Time": 2207.182,"Actual Rows": 109898,"Actual Loops": 3,"Inner Unique": true,"Hash Cond": "(supplier.s_nationkey = nation.n_nationkey)","Workers": [],"Plans": [{"Node Type": "Nested Loop","Parent Relationship": "Outer","Parallel Aware": false,"Async Capable": false,"Join Type": "Inner","Startup Cost": 1.57,"Total Cost": 46351.35,"Plan Rows": 61,"Plan Width": 31,"Actual Startup Time": 0.414,"Actual Total Time": 2175.294,"Actual Rows": 109898,"Actual Loops": 3,"Inner Unique": true,"Workers": [],"Plans": [{"Node Type": "Nested Loop","Parent Relationship": "Outer","Parallel Aware": false,"Async Capable": false,"Join Type": "Inner","Startup Cost": 1.14,"Total Cost": 46322.98,"Plan Rows": 61,"Plan Width": 31,"Actual Startup Time": 0.310,"Actual Total Time": 1011.624,"Actual Rows": 109898,"Actual Loops": 3,"Inner Unique": true,"Workers": [],"Plans": [{"Node Type": "Nested Loop","Parent Relationship": "Outer","Parallel Aware": false,"Async Capable": false,"Join Type": "Inner","Startup Cost": 0.86,"Total Cost": 46304.52,"Plan Rows": 61,"Plan Width": 35,"Actual Startup Time": 0.236,"Actual Total Time": 825.175,"Actual Rows": 109898,"Actual Loops": 3,"Inner Unique": false,"Workers": [],"Plans": [{"Node Type": "Nested Loop","Parent Relationship": "Outer","Parallel Aware": false,"Async Capable": false,"Join Type": "Inner","Startup Cost": 0.42,"Total Cost": 24846.16,"Plan Rows": 20202,"Plan Width": 18,"Actual Startup Time": 0.137,"Actual Total Time": 114.423,"Actual Rows": 14635,"Actual Loops": 3,"Inner Unique": false,"Workers": [],"Plans": [{"Node Type": "Seq Scan","Parent Relationship": "Outer","Parallel Aware": true,"Async Capable": false,"Relation Name": "part","Alias": "part","Startup Cost": 0.00,"Total Cost": 5138.67,"Plan Rows": 5051,"Plan Width": 4,"Actual Startup Time": 0.046,"Actual Total Time": 48.394,"Actual Rows": 3659,"Actual Loops": 3,"Filter": "((p_name)::text ~~ '%brown%'::text)","Rows Removed by Filter": 63008,"Workers": []},{"Node Type": "Index Scan","Parent Relationship": "Inner","Parallel Aware": false,"Async Capable": false,"Scan Direction": "Forward","Index Name": "idx_partsupp_partkey","Relation Name": "partsupp","Alias": "partsupp","Startup Cost": 0.42,"Total Cost": 3.86,"Plan Rows": 4,"Plan Width": 14,"Actual Startup Time": 0.014,"Actual Total Time": 0.017,"Actual Rows": 4,"Actual Loops": 10976,"Index Cond": "(ps_partkey = part.p_partkey)","Rows Removed by Index Recheck": 0,"Workers": []}]},{"Node Type": "Index Scan","Parent Relationship": "Inner","Parallel Aware": false,"Async Capable": false,"Scan Direction": "Forward","Index Name": "idx_lineitem_part_supp","Relation Name": "lineitem","Alias": "lineitem","Startup Cost": 0.43,"Total Cost": 1.05,"Plan Rows": 1,"Plan Width": 29,"Actual Startup Time": 0.007,"Actual Total Time": 0.047,"Actual Rows": 8,"Actual Loops": 43904,"Index Cond": "((l_partkey = partsupp.ps_partkey) AND (l_suppkey = partsupp.ps_suppkey))","Rows Removed by Index Recheck": 0,"Workers": []}]},{"Node Type": "Index Scan","Parent Relationship": "Inner","Parallel Aware": false,"Async Capable": false,"Scan Direction": "Forward","Index Name": "supplier_pkey","Relation Name": "supplier","Alias": "supplier","Startup Cost": 0.29,"Total Cost": 0.30,"Plan Rows": 1,"Plan Width": 8,"Actual Startup Time": 0.001,"Actual Total Time": 0.001,"Actual Rows": 1,"Actual Loops": 329693,"Index Cond": "(s_suppkey = lineitem.l_suppkey)","Rows Removed by Index Recheck": 0,"Workers": []}]},{"Node Type": "Index Scan","Parent Relationship": "Inner","Parallel Aware": false,"Async Capable": false,"Scan Direction": "Forward","Index Name": "orders_pkey","Relation Name": "orders","Alias": "orders","Startup Cost": 0.43,"Total Cost": 0.47,"Plan Rows": 1,"Plan Width": 8,"Actual Startup Time": 0.010,"Actual Total Time": 0.010,"Actual Rows": 1,"Actual Loops": 329693,"Index Cond": "(o_orderkey = lineitem.l_orderkey)","Rows Removed by Index Recheck": 0,"Workers": []}]},{"Node Type": "Hash","Parent Relationship": "Inner","Parallel Aware": false,"Async Capable": false,"Startup Cost": 1.25,"Total Cost": 1.25,"Plan Rows": 25,"Plan Width": 108,"Actual Startup Time": 0.066,"Actual Total Time": 0.074,"Actual Rows": 25,"Actual Loops": 3,"Hash Buckets": 1024,"Original Hash Buckets": 1024,"Hash Batches": 1,"Original Hash Batches": 1,"Peak Memory Usage": 10,"Workers": [],"Plans": [{"Node Type": "Seq Scan","Parent Relationship": "Outer","Parallel Aware": false,"Async Capable": false,"Relation Name": "nation","Alias": "nation","Startup Cost": 0.00,"Total Cost": 1.25,"Plan Rows": 25,"Plan Width": 108,"Actual Startup Time": 0.044,"Actual Total Time": 0.048,"Actual Rows": 25,"Actual Loops": 3,"Workers": []}]}]}]}]}]}]},"Planning Time": 12.167,"Triggers": [],"Execution Time": 2641.371}]
[{"Plan": {"Node Type": "Aggregate","Strategy": "Sorted","Partial Mode": "Finalize","Parallel Aware": false,"Async Capable": false,"Startup Cost": 51920.12,"Total Cost": 51953.05,"Plan Rows": 219,"Plan Width": 168,"Actual Startup Time": 1685.576,"Actual Total Time": 1779.937,"Actual Rows": 175,"Actual Loops": 1,"Group Key": ["nation.n_name", "(EXTRACT(year FROM orders.o_orderdate))"],"Plans": [{"Node Type": "Gather Merge","Parent Relationship": "Outer","Parallel Aware": false,"Async Capable": false,"Startup Cost": 51920.12,"Total Cost": 51947.63,"Plan Rows": 213,"Plan Width": 168,"Actual Startup Time": 1684.109,"Actual Total Time": 1779.449,"Actual Rows": 700,"Actual Loops": 1,"Workers Planned": 3,"Workers Launched": 3,"Plans": [{"Node Type": "Aggregate","Strategy": "Sorted","Partial Mode": "Partial","Parent Relationship": "Outer","Parallel Aware": false,"Async Capable": false,"Startup Cost": 50920.08,"Total Cost": 50922.56,"Plan Rows": 71,"Plan Width": 168,"Actual Startup Time": 1615.575,"Actual Total Time": 1701.587,"Actual Rows": 175,"Actual Loops": 4,"Group Key": ["nation.n_name", "(EXTRACT(year FROM orders.o_orderdate))"],"Workers": [],"Plans": [{"Node Type": "Sort","Parent Relationship": "Outer","Parallel Aware": false,"Async Capable": false,"Startup Cost": 50920.08,"Total Cost": 50920.26,"Plan Rows": 71,"Plan Width": 159,"Actual Startup Time": 1615.138,"Actual Total Time": 1641.513,"Actual Rows": 82680,"Actual Loops": 4,"Sort Key": ["nation.n_name", "(EXTRACT(year FROM orders.o_orderdate)) DESC"],"Sort Method": "quicksort","Sort Space Used": 11114,"Sort Space Type": "Memory","Workers": [{"Worker Number": 0,"Sort Method": "quicksort","Sort Space Used": 11099,"Sort Space Type": "Memory"},{"Worker Number": 1,"Sort Method": "quicksort","Sort Space Used": 11470,"Sort Space Type": "Memory"},{"Worker Number": 2,"Sort Method": "quicksort","Sort Space Used": 11534,"Sort Space Type": "Memory"}],"Plans": [{"Node Type": "Hash Join","Parent Relationship": "Outer","Parallel Aware": false,"Async Capable": false,"Join Type": "Inner","Startup Cost": 5236.07,"Total Cost": 50917.89,"Plan Rows": 71,"Plan Width": 159,"Actual Startup Time": 22.147,"Actual Total Time": 1517.827,"Actual Rows": 82680,"Actual Loops": 4,"Inner Unique": true,"Hash Cond": "(supplier.s_nationkey = nation.n_nationkey)","Workers": [],"Plans": [{"Node Type": "Nested Loop","Parent Relationship": "Outer","Parallel Aware": false,"Async Capable": false,"Join Type": "Inner","Startup Cost": 5234.51,"Total Cost": 50915.94,"Plan Rows": 71,"Plan Width": 31,"Actual Startup Time": 21.955,"Actual Total Time": 1494.212,"Actual Rows": 82680,"Actual Loops": 4,"Inner Unique": true,"Workers": [],"Plans": [{"Node Type": "Nested Loop","Parent Relationship": "Outer","Parallel Aware": false,"Async Capable": false,"Join Type": "Inner","Startup Cost": 5234.08,"Total Cost": 50882.91,"Plan Rows": 71,"Plan Width": 31,"Actual Startup Time": 21.895,"Actual Total Time": 772.688,"Actual Rows": 82680,"Actual Loops": 4,"Inner Unique": true,"Workers": [],"Plans": [{"Node Type": "Nested Loop","Parent Relationship": "Outer","Parallel Aware": false,"Async Capable": false,"Join Type": "Inner","Startup Cost": 5233.80,"Total Cost": 50861.42,"Plan Rows": 71,"Plan Width": 35,"Actual Startup Time": 21.850,"Actual Total Time": 635.447,"Actual Rows": 82680,"Actual Loops": 4,"Inner Unique": false,"Workers": [],"Plans": [{"Node Type": "Hash Join","Parent Relationship": "Outer","Parallel Aware": true,"Async Capable": false,"Join Type": "Inner","Startup Cost": 5233.37,"Total Cost": 25942.44,"Plan Rows": 23460,"Plan Width": 18,"Actual Startup Time": 21.777,"Actual Total Time": 183.666,"Actual Rows": 11010,"Actual Loops": 4,"Inner Unique": true,"Hash Cond": "(partsupp.ps_partkey = part.p_partkey)","Workers": [],"Plans": [{"Node Type": "Seq Scan","Parent Relationship": "Outer","Parallel Aware": true,"Async Capable": false,"Relation Name": "partsupp","Alias": "partsupp","Startup Cost": 0.00,"Total Cost": 20031.65,"Plan Rows": 258065,"Plan Width": 14,"Actual Startup Time": 0.020,"Actual Total Time": 41.580,"Actual Rows": 200000,"Actual Loops": 4,"Workers": []},{"Node Type": "Hash","Parent Relationship": "Inner","Parallel Aware": true,"Async Capable": false,"Startup Cost": 5138.67,"Total Cost": 5138.67,"Plan Rows": 7576,"Plan Width": 4,"Actual Startup Time": 21.542,"Actual Total Time": 21.549,"Actual Rows": 2752,"Actual Loops": 4,"Hash Buckets": 32768,"Original Hash Buckets": 32768,"Hash Batches": 1,"Original Hash Batches": 1,"Peak Memory Usage": 736,"Workers": [],"Plans": [{"Node Type": "Seq Scan","Parent Relationship": "Outer","Parallel Aware": true,"Async Capable": false,"Relation Name": "part","Alias": "part","Startup Cost": 0.00,"Total Cost": 5138.67,"Plan Rows": 7576,"Plan Width": 4,"Actual Startup Time": 0.062,"Actual Total Time": 20.145,"Actual Rows": 2752,"Actual Loops": 4,"Filter": "((p_name)::text ~~ '%orchid%'::text)","Rows Removed by Filter": 47248,"Workers": []}]}]},{"Node Type": "Index Scan","Parent Relationship": "Inner","Parallel Aware": false,"Async Capable": false,"Scan Direction": "Forward","Index Name": "idx_lineitem_part_supp","Relation Name": "lineitem","Alias": "lineitem","Startup Cost": 0.43,"Total Cost": 1.05,"Plan Rows": 1,"Plan Width": 29,"Actual Startup Time": 0.006,"Actual Total Time": 0.040,"Actual Rows": 8,"Actual Loops": 44040,"Index Cond": "((l_partkey = partsupp.ps_partkey) AND (l_suppkey = partsupp.ps_suppkey))","Rows Removed by Index Recheck": 0,"Workers": []}]},{"Node Type": "Index Scan","Parent Relationship": "Inner","Parallel Aware": false,"Async Capable": false,"Scan Direction": "Forward","Index Name": "supplier_pkey","Relation Name": "supplier","Alias": "supplier","Startup Cost": 0.29,"Total Cost": 0.30,"Plan Rows": 1,"Plan Width": 8,"Actual Startup Time": 0.001,"Actual Total Time": 0.001,"Actual Rows": 1,"Actual Loops": 330720,"Index Cond": "(s_suppkey = lineitem.l_suppkey)","Rows Removed by Index Recheck": 0,"Workers": []}]},{"Node Type": "Index Scan","Parent Relationship": "Inner","Parallel Aware": false,"Async Capable": false,"Scan Direction": "Forward","Index Name": "orders_pkey","Relation Name": "orders","Alias": "orders","Startup Cost": 0.43,"Total Cost": 0.47,"Plan Rows": 1,"Plan Width": 8,"Actual Startup Time": 0.008,"Actual Total Time": 0.008,"Actual Rows": 1,"Actual Loops": 330720,"Index Cond": "(o_orderkey = lineitem.l_orderkey)","Rows Removed by Index Recheck": 0,"Workers": []}]},{"Node Type": "Hash","Parent Relationship": "Inner","Parallel Aware": false,"Async Capable": false,"Startup Cost": 1.25,"Total Cost": 1.25,"Plan Rows": 25,"Plan Width": 108,"Actual Startup Time": 0.085,"Actual Total Time": 0.091,"Actual Rows": 25,"Actual Loops": 4,"Hash Buckets": 1024,"Original Hash Buckets": 1024,"Hash Batches": 1,"Original Hash Batches": 1,"Peak Memory Usage": 10,"Workers": [],"Plans": [{"Node Type": "Seq Scan","Parent Relationship": "Outer","Parallel Aware": false,"Async Capable": false,"Relation Name": "nation","Alias": "nation","Startup Cost": 0.00,"Total Cost": 1.25,"Plan Rows": 25,"Plan Width": 108,"Actual Startup Time": 0.055,"Actual Total Time": 0.061,"Actual Rows": 25,"Actual Loops": 4,"Workers": []}]}]}]}]}]}]},"Planning Time": 12.199,"Triggers": [],"Execution Time": 1781.879}]
[{"Plan": {"Node Type": "Aggregate","Strategy": "Sorted","Partial Mode": "Finalize","Parallel Aware": false,"Async Capable": false,"Startup Cost": 41381.04,"Total Cost": 41397.45,"Plan Rows": 122,"Plan Width": 168,"Actual Startup Time": 2449.053,"Actual Total Time": 2635.568,"Actual Rows": 175,"Actual Loops": 1,"Group Key": ["nation.n_name", "(EXTRACT(year FROM orders.o_orderdate))"],"Plans": [{"Node Type": "Gather Merge","Parent Relationship": "Outer","Parallel Aware": false,"Async Capable": false,"Startup Cost": 41381.04,"Total Cost": 41394.60,"Plan Rows": 102,"Plan Width": 168,"Actual Startup Time": 2447.324,"Actual Total Time": 2635.159,"Actual Rows": 525,"Actual Loops": 1,"Workers Planned": 2,"Workers Launched": 2,"Plans": [{"Node Type": "Aggregate","Strategy": "Sorted","Partial Mode": "Partial","Parent Relationship": "Outer","Parallel Aware": false,"Async Capable": false,"Startup Cost": 40381.01,"Total Cost": 40382.80,"Plan Rows": 51,"Plan Width": 168,"Actual Startup Time": 2331.740,"Actual Total Time": 2482.748,"Actual Rows": 175,"Actual Loops": 3,"Group Key": ["nation.n_name", "(EXTRACT(year FROM orders.o_orderdate))"],"Workers": [],"Plans": [{"Node Type": "Sort","Parent Relationship": "Outer","Parallel Aware": false,"Async Capable": false,"Startup Cost": 40381.01,"Total Cost": 40381.14,"Plan Rows": 51,"Plan Width": 159,"Actual Startup Time": 2331.039,"Actual Total Time": 2387.406,"Actual Rows": 108809,"Actual Loops": 3,"Sort Key": ["nation.n_name", "(EXTRACT(year FROM orders.o_orderdate)) DESC"],"Sort Method": "quicksort","Sort Space Used": 14620,"Sort Space Type": "Memory","Workers": [{"Worker Number": 0,"Sort Method": "quicksort","Sort Space Used": 13545,"Sort Space Type": "Memory"},{"Worker Number": 1,"Sort Method": "quicksort","Sort Space Used": 13555,"Sort Space Type": "Memory"}],"Plans": [{"Node Type": "Hash Join","Parent Relationship": "Outer","Parallel Aware": false,"Async Capable": false,"Join Type": "Inner","Startup Cost": 3.13,"Total Cost": 40379.57,"Plan Rows": 51,"Plan Width": 159,"Actual Startup Time": 0.737,"Actual Total Time": 2187.041,"Actual Rows": 108809,"Actual Loops": 3,"Inner Unique": true,"Hash Cond": "(supplier.s_nationkey = nation.n_nationkey)","Workers": [],"Plans": [{"Node Type": "Nested Loop","Parent Relationship": "Outer","Parallel Aware": false,"Async Capable": false,"Join Type": "Inner","Startup Cost": 1.57,"Total Cost": 40377.72,"Plan Rows": 51,"Plan Width": 31,"Actual Startup Time": 0.552,"Actual Total Time": 2155.488,"Actual Rows": 108809,"Actual Loops": 3,"Inner Unique": true,"Workers": [],"Plans": [{"Node Type": "Nested Loop","Parent Relationship": "Outer","Parallel Aware": false,"Async Capable": false,"Join Type": "Inner","Startup Cost": 1.14,"Total Cost": 40354.00,"Plan Rows": 51,"Plan Width": 31,"Actual Startup Time": 0.419,"Actual Total Time": 1005.505,"Actual Rows": 108809,"Actual Loops": 3,"Inner Unique": true,"Workers": [],"Plans": [{"Node Type": "Nested Loop","Parent Relationship": "Outer","Parallel Aware": false,"Async Capable": false,"Join Type": "Inner","Startup Cost": 0.86,"Total Cost": 40338.56,"Plan Rows": 51,"Plan Width": 35,"Actual Startup Time": 0.336,"Actual Total Time": 819.466,"Actual Rows": 108809,"Actual Loops": 3,"Inner Unique": false,"Workers": [],"Plans": [{"Node Type": "Nested Loop","Parent Relationship": "Outer","Parallel Aware": false,"Async Capable": false,"Join Type": "Inner","Startup Cost": 0.42,"Total Cost": 22456.59,"Plan Rows": 16835,"Plan Width": 18,"Actual Startup Time": 0.212,"Actual Total Time": 113.652,"Actual Rows": 14564,"Actual Loops": 3,"Inner Unique": false,"Workers": [],"Plans": [{"Node Type": "Seq Scan","Parent Relationship": "Outer","Parallel Aware": true,"Async Capable": false,"Relation Name": "part","Alias": "part","Startup Cost": 0.00,"Total Cost": 5138.67,"Plan Rows": 4209,"Plan Width": 4,"Actual Startup Time": 0.070,"Actual Total Time": 47.906,"Actual Rows": 3641,"Actual Loops": 3,"Filter": "((p_name)::text ~~ '%violet%'::text)","Rows Removed by Filter": 63026,"Workers": []},{"Node Type": "Index Scan","Parent Relationship": "Inner","Parallel Aware": false,"Async Capable": false,"Scan Direction": "Forward","Index Name": "idx_partsupp_partkey","Relation Name": "partsupp","Alias": "partsupp","Startup Cost": 0.42,"Total Cost": 4.07,"Plan Rows": 4,"Plan Width": 14,"Actual Startup Time": 0.013,"Actual Total Time": 0.017,"Actual Rows": 4,"Actual Loops": 10923,"Index Cond": "(ps_partkey = part.p_partkey)","Rows Removed by Index Recheck": 0,"Workers": []}]},{"Node Type": "Index Scan","Parent Relationship": "Inner","Parallel Aware": false,"Async Capable": false,"Scan Direction": "Forward","Index Name": "idx_lineitem_part_supp","Relation Name": "lineitem","Alias": "lineitem","Startup Cost": 0.43,"Total Cost": 1.05,"Plan Rows": 1,"Plan Width": 29,"Actual Startup Time": 0.007,"Actual Total Time": 0.047,"Actual Rows": 7,"Actual Loops": 43692,"Index Cond": "((l_partkey = partsupp.ps_partkey) AND (l_suppkey = partsupp.ps_suppkey))","Rows Removed by Index Recheck": 0,"Workers": []}]},{"Node Type": "Index Scan","Parent Relationship": "Inner","Parallel Aware": false,"Async Capable": false,"Scan Direction": "Forward","Index Name": "supplier_pkey","Relation Name": "supplier","Alias": "supplier","Startup Cost": 0.29,"Total Cost": 0.30,"Plan Rows": 1,"Plan Width": 8,"Actual Startup Time": 0.001,"Actual Total Time": 0.001,"Actual Rows": 1,"Actual Loops": 326428,"Index Cond": "(s_suppkey = lineitem.l_suppkey)","Rows Removed by Index Recheck": 0,"Workers": []}]},{"Node Type": "Index Scan","Parent Relationship": "Inner","Parallel Aware": false,"Async Capable": false,"Scan Direction": "Forward","Index Name": "orders_pkey","Relation Name": "orders","Alias": "orders","Startup Cost": 0.43,"Total Cost": 0.47,"Plan Rows": 1,"Plan Width": 8,"Actual Startup Time": 0.010,"Actual Total Time": 0.010,"Actual Rows": 1,"Actual Loops": 326428,"Index Cond": "(o_orderkey = lineitem.l_orderkey)","Rows Removed by Index Recheck": 0,"Workers": []}]},{"Node Type": "Hash","Parent Relationship": "Inner","Parallel Aware": false,"Async Capable": false,"Startup Cost": 1.25,"Total Cost": 1.25,"Plan Rows": 25,"Plan Width": 108,"Actual Startup Time": 0.086,"Actual Total Time": 0.097,"Actual Rows": 25,"Actual Loops": 3,"Hash Buckets": 1024,"Original Hash Buckets": 1024,"Hash Batches": 1,"Original Hash Batches": 1,"Peak Memory Usage": 10,"Workers": [],"Plans": [{"Node Type": "Seq Scan","Parent Relationship": "Outer","Parallel Aware": false,"Async Capable": false,"Relation Name": "nation","Alias": "nation","Startup Cost": 0.00,"Total Cost": 1.25,"Plan Rows": 25,"Plan Width": 108,"Actual Startup Time": 0.055,"Actual Total Time": 0.061,"Actual Rows": 25,"Actual Loops": 3,"Workers": []}]}]}]}]}]}]},"Planning Time": 11.985,"Triggers": [],"Execution Time": 2638.417}]
[{"Plan": {"Node Type": "Aggregate","Strategy": "Sorted","Partial Mode": "Finalize","Parallel Aware": false,"Async Capable": false,"Startup Cost": 15191.58,"Total Cost": 15194.80,"Plan Rows": 24,"Plan Width": 168,"Actual Startup Time": 2527.969,"Actual Total Time": 2683.056,"Actual Rows": 175,"Actual Loops": 1,"Group Key": ["nation.n_name", "(EXTRACT(year FROM orders.o_orderdate))"],"Plans": [{"Node Type": "Gather Merge","Parent Relationship": "Outer","Parallel Aware": false,"Async Capable": false,"Startup Cost": 15191.58,"Total Cost": 15194.24,"Plan Rows": 20,"Plan Width": 168,"Actual Startup Time": 2526.404,"Actual Total Time": 2682.506,"Actual Rows": 525,"Actual Loops": 1,"Workers Planned": 2,"Workers Launched": 2,"Plans": [{"Node Type": "Aggregate","Strategy": "Sorted","Partial Mode": "Partial","Parent Relationship": "Outer","Parallel Aware": false,"Async Capable": false,"Startup Cost": 14191.56,"Total Cost": 14191.91,"Plan Rows": 10,"Plan Width": 168,"Actual Startup Time": 2407.501,"Actual Total Time": 2530.795,"Actual Rows": 175,"Actual Loops": 3,"Group Key": ["nation.n_name", "(EXTRACT(year FROM orders.o_orderdate))"],"Workers": [],"Plans": [{"Node Type": "Sort","Parent Relationship": "Outer","Parallel Aware": false,"Async Capable": false,"Startup Cost": 14191.56,"Total Cost": 14191.59,"Plan Rows": 10,"Plan Width": 159,"Actual Startup Time": 2407.024,"Actual Total Time": 2447.211,"Actual Rows": 108476,"Actual Loops": 3,"Sort Key": ["nation.n_name", "(EXTRACT(year FROM orders.o_orderdate)) DESC"],"Sort Method": "quicksort","Sort Space Used": 13864,"Sort Space Type": "Memory","Workers": [{"Worker Number": 0,"Sort Method": "quicksort","Sort Space Used": 14243,"Sort Space Type": "Memory"},{"Worker Number": 1,"Sort Method": "quicksort","Sort Space Used": 13510,"Sort Space Type": "Memory"}],"Plans": [{"Node Type": "Nested Loop","Parent Relationship": "Outer","Parallel Aware": false,"Async Capable": false,"Join Type": "Inner","Startup Cost": 1.71,"Total Cost": 14191.39,"Plan Rows": 10,"Plan Width": 159,"Actual Startup Time": 0.538,"Actual Total Time": 2256.346,"Actual Rows": 108476,"Actual Loops": 3,"Inner Unique": true,"Workers": [],"Plans": [{"Node Type": "Nested Loop","Parent Relationship": "Outer","Parallel Aware": false,"Async Capable": false,"Join Type": "Inner","Startup Cost": 1.57,"Total Cost": 14189.81,"Plan Rows": 10,"Plan Width": 31,"Actual Startup Time": 0.460,"Actual Total Time": 2101.149,"Actual Rows": 108476,"Actual Loops": 3,"Inner Unique": true,"Workers": [],"Plans": [{"Node Type": "Nested Loop","Parent Relationship": "Outer","Parallel Aware": false,"Async Capable": false,"Join Type": "Inner","Startup Cost": 1.14,"Total Cost": 14185.15,"Plan Rows": 10,"Plan Width": 31,"Actual Startup Time": 0.332,"Actual Total Time": 962.931,"Actual Rows": 108476,"Actual Loops": 3,"Inner Unique": true,"Workers": [],"Plans": [{"Node Type": "Nested Loop","Parent Relationship": "Outer","Parallel Aware": false,"Async Capable": false,"Join Type": "Inner","Startup Cost": 0.86,"Total Cost": 14182.13,"Plan Rows": 10,"Plan Width": 35,"Actual Startup Time": 0.259,"Actual Total Time": 774.484,"Actual Rows": 108476,"Actual Loops": 3,"Inner Unique": false,"Workers": [],"Plans": [{"Node Type": "Nested Loop","Parent Relationship": "Outer","Parallel Aware": false,"Async Capable": false,"Join Type": "Inner","Startup Cost": 0.42,"Total Cost": 10605.73,"Plan Rows": 3367,"Plan Width": 18,"Actual Startup Time": 0.149,"Actual Total Time": 122.879,"Actual Rows": 14427,"Actual Loops": 3,"Inner Unique": false,"Workers": [],"Plans": [{"Node Type": "Seq Scan","Parent Relationship": "Outer","Parallel Aware": true,"Async Capable": false,"Relation Name": "part","Alias": "part","Startup Cost": 0.00,"Total Cost": 5138.67,"Plan Rows": 842,"Plan Width": 4,"Actual Startup Time": 0.054,"Actual Total Time": 51.647,"Actual Rows": 3607,"Actual Loops": 3,"Filter": "((p_name)::text ~~ '%light%'::text)","Rows Removed by Filter": 63060,"Workers": []},{"Node Type": "Index Scan","Parent Relationship": "Inner","Parallel Aware": false,"Async Capable": false,"Scan Direction": "Forward","Index Name": "idx_partsupp_partkey","Relation Name": "partsupp","Alias": "partsupp","Startup Cost": 0.42,"Total Cost": 6.45,"Plan Rows": 4,"Plan Width": 14,"Actual Startup Time": 0.014,"Actual Total Time": 0.019,"Actual Rows": 4,"Actual Loops": 10820,"Index Cond": "(ps_partkey = part.p_partkey)","Rows Removed by Index Recheck": 0,"Workers": []}]},{"Node Type": "Index Scan","Parent Relationship": "Inner","Parallel Aware": false,"Async Capable": false,"Scan Direction": "Forward","Index Name": "idx_lineitem_part_supp","Relation Name": "lineitem","Alias": "lineitem","Startup Cost": 0.43,"Total Cost": 1.05,"Plan Rows": 1,"Plan Width": 29,"Actual Startup Time": 0.007,"Actual Total Time": 0.043,"Actual Rows": 8,"Actual Loops": 43280,"Index Cond": "((l_partkey = partsupp.ps_partkey) AND (l_suppkey = partsupp.ps_suppkey))","Rows Removed by Index Recheck": 0,"Workers": []}]},{"Node Type": "Index Scan","Parent Relationship": "Inner","Parallel Aware": false,"Async Capable": false,"Scan Direction": "Forward","Index Name": "supplier_pkey","Relation Name": "supplier","Alias": "supplier","Startup Cost": 0.29,"Total Cost": 0.30,"Plan Rows": 1,"Plan Width": 8,"Actual Startup Time": 0.001,"Actual Total Time": 0.001,"Actual Rows": 1,"Actual Loops": 325427,"Index Cond": "(s_suppkey = lineitem.l_suppkey)","Rows Removed by Index Recheck": 0,"Workers": []}]},{"Node Type": "Index Scan","Parent Relationship": "Inner","Parallel Aware": false,"Async Capable": false,"Scan Direction": "Forward","Index Name": "orders_pkey","Relation Name": "orders","Alias": "orders","Startup Cost": 0.43,"Total Cost": 0.47,"Plan Rows": 1,"Plan Width": 8,"Actual Startup Time": 0.010,"Actual Total Time": 0.010,"Actual Rows": 1,"Actual Loops": 325427,"Index Cond": "(o_orderkey = lineitem.l_orderkey)","Rows Removed by Index Recheck": 0,"Workers": []}]},{"Node Type": "Index Scan","Parent Relationship": "Inner","Parallel Aware": false,"Async Capable": false,"Scan Direction": "Forward","Index Name": "nation_pkey","Relation Name": "nation","Alias": "nation","Startup Cost": 0.14,"Total Cost": 0.16,"Plan Rows": 1,"Plan Width": 108,"Actual Startup Time": 0.001,"Actual Total Time": 0.001,"Actual Rows": 1,"Actual Loops": 325427,"Index Cond": "(n_nationkey = supplier.s_nationkey)","Rows Removed by Index Recheck": 0,"Workers": []}]}]}]}]}]},"Planning Time": 11.526,"Triggers": [],"Execution Time": 2685.777}]
[{"Plan": {"Node Type": "Aggregate","Strategy": "Sorted","Partial Mode": "Finalize","Parallel Aware": false,"Async Capable": false,"Startup Cost": 46348.90,"Total Cost": 46374.41,"Plan Rows": 170,"Plan Width": 168,"Actual Startup Time": 1730.222,"Actual Total Time": 1874.204,"Actual Rows": 175,"Actual Loops": 1,"Group Key": ["nation.n_name", "(EXTRACT(year FROM orders.o_orderdate))"],"Plans": [{"Node Type": "Gather Merge","Parent Relationship": "Outer","Parallel Aware": false,"Async Capable": false,"Startup Cost": 46348.90,"Total Cost": 46370.21,"Plan Rows": 165,"Plan Width": 168,"Actual Startup Time": 1728.668,"Actual Total Time": 1873.759,"Actual Rows": 700,"Actual Loops": 1,"Workers Planned": 3,"Workers Launched": 3,"Plans": [{"Node Type": "Aggregate","Strategy": "Sorted","Partial Mode": "Partial","Parent Relationship": "Outer","Parallel Aware": false,"Async Capable": false,"Startup Cost": 45348.86,"Total Cost": 45350.79,"Plan Rows": 55,"Plan Width": 168,"Actual Startup Time": 1650.826,"Actual Total Time": 1744.501,"Actual Rows": 175,"Actual Loops": 4,"Group Key": ["nation.n_name", "(EXTRACT(year FROM orders.o_orderdate))"],"Workers": [],"Plans": [{"Node Type": "Sort","Parent Relationship": "Outer","Parallel Aware": false,"Async Capable": false,"Startup Cost": 45348.86,"Total Cost": 45349.00,"Plan Rows": 55,"Plan Width": 159,"Actual Startup Time": 1650.333,"Actual Total Time": 1682.232,"Actual Rows": 81534,"Actual Loops": 4,"Sort Key": ["nation.n_name", "(EXTRACT(year FROM orders.o_orderdate)) DESC"],"Sort Method": "quicksort","Sort Space Used": 11317,"Sort Space Type": "Memory","Workers": [{"Worker Number": 0,"Sort Method": "quicksort","Sort Space Used": 11037,"Sort Space Type": "Memory"},{"Worker Number": 1,"Sort Method": "quicksort","Sort Space Used": 11269,"Sort Space Type": "Memory"},{"Worker Number": 2,"Sort Method": "quicksort","Sort Space Used": 11142,"Sort Space Type": "Memory"}],"Plans": [{"Node Type": "Hash Join","Parent Relationship": "Outer","Parallel Aware": false,"Async Capable": false,"Join Type": "Inner","Startup Cost": 5215.02,"Total Cost": 45347.27,"Plan Rows": 55,"Plan Width": 159,"Actual Startup Time": 22.539,"Actual Total Time": 1549.942,"Actual Rows": 81534,"Actual Loops": 4,"Inner Unique": true,"Hash Cond": "(supplier.s_nationkey = nation.n_nationkey)","Workers": [],"Plans": [{"Node Type": "Nested Loop","Parent Relationship": "Outer","Parallel Aware": false,"Async Capable": false,"Join Type": "Inner","Startup Cost": 5213.46,"Total Cost": 45345.40,"Plan Rows": 55,"Plan Width": 31,"Actual Startup Time": 22.374,"Actual Total Time": 1526.572,"Actual Rows": 81534,"Actual Loops": 4,"Inner Unique": true,"Workers": [],"Plans": [{"Node Type": "Nested Loop","Parent Relationship": "Outer","Parallel Aware": false,"Async Capable": false,"Join Type": "Inner","Startup Cost": 5213.03,"Total Cost": 45319.82,"Plan Rows": 55,"Plan Width": 31,"Actual Startup Time": 22.306,"Actual Total Time": 793.181,"Actual Rows": 81534,"Actual Loops": 4,"Inner Unique": true,"Workers": [],"Plans": [{"Node Type": "Nested Loop","Parent Relationship": "Outer","Parallel Aware": false,"Async Capable": false,"Join Type": "Inner","Startup Cost": 5212.75,"Total Cost": 45303.17,"Plan Rows": 55,"Plan Width": 35,"Actual Startup Time": 22.249,"Actual Total Time": 656.284,"Actual Rows": 81534,"Actual Loops": 4,"Inner Unique": false,"Workers": [],"Plans": [{"Node Type": "Hash Join","Parent Relationship": "Outer","Parallel Aware": true,"Async Capable": false,"Join Type": "Inner","Startup Cost": 5212.32,"Total Cost": 25921.39,"Plan Rows": 18247,"Plan Width": 18,"Actual Startup Time": 22.162,"Actual Total Time": 197.619,"Actual Rows": 10856,"Actual Loops": 4,"Inner Unique": true,"Hash Cond": "(partsupp.ps_partkey = part.p_partkey)","Workers": [],"Plans": [{"Node Type": "Seq Scan","Parent Relationship": "Outer","Parallel Aware": true,"Async Capable": false,"Relation Name": "partsupp","Alias": "partsupp","Startup Cost": 0.00,"Total Cost": 20031.65,"Plan Rows": 258065,"Plan Width": 14,"Actual Startup Time": 0.014,"Actual Total Time": 42.173,"Actual Rows": 200000,"Actual Loops": 4,"Workers": []},{"Node Type": "Hash","Parent Relationship": "Inner","Parallel Aware": true,"Async Capable": false,"Startup Cost": 5138.67,"Total Cost": 5138.67,"Plan Rows": 5892,"Plan Width": 4,"Actual Startup Time": 22.002,"Actual Total Time": 22.011,"Actual Rows": 2714,"Actual Loops": 4,"Hash Buckets": 16384,"Original Hash Buckets": 16384,"Hash Batches": 1,"Original Hash Batches": 1,"Peak Memory Usage": 608,"Workers": [],"Plans": [{"Node Type": "Seq Scan","Parent Relationship": "Outer","Parallel Aware": true,"Async Capable": false,"Relation Name": "part","Alias": "part","Startup Cost": 0.00,"Total Cost": 5138.67,"Plan Rows": 5892,"Plan Width": 4,"Actual Startup Time": 0.065,"Actual Total Time": 20.262,"Actual Rows": 2714,"Actual Loops": 4,"Filter": "((p_name)::text ~~ '%pink%'::text)","Rows Removed by Filter": 47286,"Workers": []}]}]},{"Node Type": "Index Scan","Parent Relationship": "Inner","Parallel Aware": false,"Async Capable": false,"Scan Direction": "Forward","Index Name": "idx_lineitem_part_supp","Relation Name": "lineitem","Alias": "lineitem","Startup Cost": 0.43,"Total Cost": 1.05,"Plan Rows": 1,"Plan Width": 29,"Actual Startup Time": 0.006,"Actual Total Time": 0.041,"Actual Rows": 8,"Actual Loops": 43424,"Index Cond": "((l_partkey = partsupp.ps_partkey) AND (l_suppkey = partsupp.ps_suppkey))","Rows Removed by Index Recheck": 0,"Workers": []}]},{"Node Type": "Index Scan","Parent Relationship": "Inner","Parallel Aware": false,"Async Capable": false,"Scan Direction": "Forward","Index Name": "supplier_pkey","Relation Name": "supplier","Alias": "supplier","Startup Cost": 0.29,"Total Cost": 0.30,"Plan Rows": 1,"Plan Width": 8,"Actual Startup Time": 0.001,"Actual Total Time": 0.001,"Actual Rows": 1,"Actual Loops": 326137,"Index Cond": "(s_suppkey = lineitem.l_suppkey)","Rows Removed by Index Recheck": 0,"Workers": []}]},{"Node Type": "Index Scan","Parent Relationship": "Inner","Parallel Aware": false,"Async Capable": false,"Scan Direction": "Forward","Index Name": "orders_pkey","Relation Name": "orders","Alias": "orders","Startup Cost": 0.43,"Total Cost": 0.47,"Plan Rows": 1,"Plan Width": 8,"Actual Startup Time": 0.009,"Actual Total Time": 0.009,"Actual Rows": 1,"Actual Loops": 326137,"Index Cond": "(o_orderkey = lineitem.l_orderkey)","Rows Removed by Index Recheck": 0,"Workers": []}]},{"Node Type": "Hash","Parent Relationship": "Inner","Parallel Aware": false,"Async Capable": false,"Startup Cost": 1.25,"Total Cost": 1.25,"Plan Rows": 25,"Plan Width": 108,"Actual Startup Time": 0.071,"Actual Total Time": 0.076,"Actual Rows": 25,"Actual Loops": 4,"Hash Buckets": 1024,"Original Hash Buckets": 1024,"Hash Batches": 1,"Original Hash Batches": 1,"Peak Memory Usage": 10,"Workers": [],"Plans": [{"Node Type": "Seq Scan","Parent Relationship": "Outer","Parallel Aware": false,"Async Capable": false,"Relation Name": "nation","Alias": "nation","Startup Cost": 0.00,"Total Cost": 1.25,"Plan Rows": 25,"Plan Width": 108,"Actual Startup Time": 0.047,"Actual Total Time": 0.052,"Actual Rows": 25,"Actual Loops": 4,"Workers": []}]}]}]}]}]}]},"Planning Time": 12.442,"Triggers": [],"Execution Time": 1875.255}]
[{"Plan": {"Node Type": "Aggregate","Strategy": "Sorted","Partial Mode": "Finalize","Parallel Aware": false,"Async Capable": false,"Startup Cost": 35224.41,"Total Cost": 35237.30,"Plan Rows": 97,"Plan Width": 168,"Actual Startup Time": 2409.386,"Actual Total Time": 2518.760,"Actual Rows": 175,"Actual Loops": 1,"Group Key": ["nation.n_name", "(EXTRACT(year FROM orders.o_orderdate))"],"Plans": [{"Node Type": "Gather Merge","Parent Relationship": "Outer","Parallel Aware": false,"Async Capable": false,"Startup Cost": 35224.41,"Total Cost": 35235.05,"Plan Rows": 80,"Plan Width": 168,"Actual Startup Time": 2407.543,"Actual Total Time": 2518.361,"Actual Rows": 525,"Actual Loops": 1,"Workers Planned": 2,"Workers Launched": 2,"Plans": [{"Node Type": "Aggregate","Strategy": "Sorted","Partial Mode": "Partial","Parent Relationship": "Outer","Parallel Aware": false,"Async Capable": false,"Startup Cost": 34224.39,"Total Cost": 34225.79,"Plan Rows": 40,"Plan Width": 168,"Actual Startup Time": 2318.085,"Actual Total Time": 2437.966,"Actual Rows": 175,"Actual Loops": 3,"Group Key": ["nation.n_name", "(EXTRACT(year FROM orders.o_orderdate))"],"Workers": [],"Plans": [{"Node Type": "Sort","Parent Relationship": "Outer","Parallel Aware": false,"Async Capable": false,"Startup Cost": 34224.39,"Total Cost": 34224.49,"Plan Rows": 40,"Plan Width": 159,"Actual Startup Time": 2317.450,"Actual Total Time": 2356.305,"Actual Rows": 107546,"Actual Loops": 3,"Sort Key": ["nation.n_name", "(EXTRACT(year FROM orders.o_orderdate)) DESC"],"Sort Method": "quicksort","Sort Space Used": 14482,"Sort Space Type": "Memory","Workers": [{"Worker Number": 0,"Sort Method": "quicksort","Sort Space Used": 13456,"Sort Space Type": "Memory"},{"Worker Number": 1,"Sort Method": "quicksort","Sort Space Used": 13404,"Sort Space Type": "Memory"}],"Plans": [{"Node Type": "Hash Join","Parent Relationship": "Outer","Parallel Aware": false,"Async Capable": false,"Join Type": "Inner","Startup Cost": 3.13,"Total Cost": 34223.32,"Plan Rows": 40,"Plan Width": 159,"Actual Startup Time": 0.706,"Actual Total Time": 2173.342,"Actual Rows": 107546,"Actual Loops": 3,"Inner Unique": true,"Hash Cond": "(supplier.s_nationkey = nation.n_nationkey)","Workers": [],"Plans": [{"Node Type": "Nested Loop","Parent Relationship": "Outer","Parallel Aware": false,"Async Capable": false,"Join Type": "Inner","Startup Cost": 1.57,"Total Cost": 34221.53,"Plan Rows": 40,"Plan Width": 31,"Actual Startup Time": 0.527,"Actual Total Time": 2141.873,"Actual Rows": 107546,"Actual Loops": 3,"Inner Unique": true,"Workers": [],"Plans": [{"Node Type": "Nested Loop","Parent Relationship": "Outer","Parallel Aware": false,"Async Capable": false,"Join Type": "Inner","Startup Cost": 1.14,"Total Cost": 34202.93,"Plan Rows": 40,"Plan Width": 31,"Actual Startup Time": 0.392,"Actual Total Time": 1002.144,"Actual Rows": 107546,"Actual Loops": 3,"Inner Unique": true,"Workers": [],"Plans": [{"Node Type": "Nested Loop","Parent Relationship": "Outer","Parallel Aware": false,"Async Capable": false,"Join Type": "Inner","Startup Cost": 0.86,"Total Cost": 34190.82,"Plan Rows": 40,"Plan Width": 35,"Actual Startup Time": 0.311,"Actual Total Time": 818.545,"Actual Rows": 107546,"Actual Loops": 3,"Inner Unique": false,"Workers": [],"Plans": [{"Node Type": "Nested Loop","Parent Relationship": "Outer","Parallel Aware": false,"Async Capable": false,"Join Type": "Inner","Startup Cost": 0.42,"Total Cost": 19885.25,"Plan Rows": 13468,"Plan Width": 18,"Actual Startup Time": 0.196,"Actual Total Time": 115.625,"Actual Rows": 14367,"Actual Loops": 3,"Inner Unique": false,"Workers": [],"Plans": [{"Node Type": "Seq Scan","Parent Relationship": "Outer","Parallel Aware": true,"Async Capable": false,"Relation Name": "part","Alias": "part","Startup Cost": 0.00,"Total Cost": 5138.67,"Plan Rows": 3367,"Plan Width": 4,"Actual Startup Time": 0.047,"Actual Total Time": 50.112,"Actual Rows": 3592,"Actual Loops": 3,"Filter": "((p_name)::text ~~ '%lawn%'::text)","Rows Removed by Filter": 63075,"Workers": []},{"Node Type": "Index Scan","Parent Relationship": "Inner","Parallel Aware": false,"Async Capable": false,"Scan Direction": "Forward","Index Name": "idx_partsupp_partkey","Relation Name": "partsupp","Alias": "partsupp","Startup Cost": 0.42,"Total Cost": 4.34,"Plan Rows": 4,"Plan Width": 14,"Actual Startup Time": 0.014,"Actual Total Time": 0.017,"Actual Rows": 4,"Actual Loops": 10775,"Index Cond": "(ps_partkey = part.p_partkey)","Rows Removed by Index Recheck": 0,"Workers": []}]},{"Node Type": "Index Scan","Parent Relationship": "Inner","Parallel Aware": false,"Async Capable": false,"Scan Direction": "Forward","Index Name": "idx_lineitem_part_supp","Relation Name": "lineitem","Alias": "lineitem","Startup Cost": 0.43,"Total Cost": 1.05,"Plan Rows": 1,"Plan Width": 29,"Actual Startup Time": 0.007,"Actual Total Time": 0.047,"Actual Rows": 7,"Actual Loops": 43100,"Index Cond": "((l_partkey = partsupp.ps_partkey) AND (l_suppkey = partsupp.ps_suppkey))","Rows Removed by Index Recheck": 0,"Workers": []}]},{"Node Type": "Index Scan","Parent Relationship": "Inner","Parallel Aware": false,"Async Capable": false,"Scan Direction": "Forward","Index Name": "supplier_pkey","Relation Name": "supplier","Alias": "supplier","Startup Cost": 0.29,"Total Cost": 0.30,"Plan Rows": 1,"Plan Width": 8,"Actual Startup Time": 0.001,"Actual Total Time": 0.001,"Actual Rows": 1,"Actual Loops": 322637,"Index Cond": "(s_suppkey = lineitem.l_suppkey)","Rows Removed by Index Recheck": 0,"Workers": []}]},{"Node Type": "Index Scan","Parent Relationship": "Inner","Parallel Aware": false,"Async Capable": false,"Scan Direction": "Forward","Index Name": "orders_pkey","Relation Name": "orders","Alias": "orders","Startup Cost": 0.43,"Total Cost": 0.47,"Plan Rows": 1,"Plan Width": 8,"Actual Startup Time": 0.010,"Actual Total Time": 0.010,"Actual Rows": 1,"Actual Loops": 322637,"Index Cond": "(o_orderkey = lineitem.l_orderkey)","Rows Removed by Index Recheck": 0,"Workers": []}]},{"Node Type": "Hash","Parent Relationship": "Inner","Parallel Aware": false,"Async Capable": false,"Startup Cost": 1.25,"Total Cost": 1.25,"Plan Rows": 25,"Plan Width": 108,"Actual Startup Time": 0.078,"Actual Total Time": 0.089,"Actual Rows": 25,"Actual Loops": 3,"Hash Buckets": 1024,"Original Hash Buckets": 1024,"Hash Batches": 1,"Original Hash Batches": 1,"Peak Memory Usage": 10,"Workers": [],"Plans": [{"Node Type": "Seq Scan","Parent Relationship": "Outer","Parallel Aware": false,"Async Capable": false,"Relation Name": "nation","Alias": "nation","Startup Cost": 0.00,"Total Cost": 1.25,"Plan Rows": 25,"Plan Width": 108,"Actual Startup Time": 0.053,"Actual Total Time": 0.059,"Actual Rows": 25,"Actual Loops": 3,"Workers": []}]}]}]}]}]}]},"Planning Time": 11.643,"Triggers": [],"Execution Time": 2520.117}]
[{"Plan": {"Node Type": "Aggregate","Strategy": "Sorted","Partial Mode": "Finalize","Parallel Aware": false,"Async Capable": false,"Startup Cost": 28858.40,"Total Cost": 28868.07,"Plan Rows": 73,"Plan Width": 168,"Actual Startup Time": 2398.655,"Actual Total Time": 2502.700,"Actual Rows": 175,"Actual Loops": 1,"Group Key": ["nation.n_name", "(EXTRACT(year FROM orders.o_orderdate))"],"Plans": [{"Node Type": "Gather Merge","Parent Relationship": "Outer","Parallel Aware": false,"Async Capable": false,"Startup Cost": 28858.40,"Total Cost": 28866.38,"Plan Rows": 60,"Plan Width": 168,"Actual Startup Time": 2396.991,"Actual Total Time": 2502.164,"Actual Rows": 525,"Actual Loops": 1,"Workers Planned": 2,"Workers Launched": 2,"Plans": [{"Node Type": "Aggregate","Strategy": "Sorted","Partial Mode": "Partial","Parent Relationship": "Outer","Parallel Aware": false,"Async Capable": false,"Startup Cost": 27858.38,"Total Cost": 27859.43,"Plan Rows": 30,"Plan Width": 168,"Actual Startup Time": 2292.034,"Actual Total Time": 2415.187,"Actual Rows": 175,"Actual Loops": 3,"Group Key": ["nation.n_name", "(EXTRACT(year FROM orders.o_orderdate))"],"Workers": [],"Plans": [{"Node Type": "Sort","Parent Relationship": "Outer","Parallel Aware": false,"Async Capable": false,"Startup Cost": 27858.38,"Total Cost": 27858.46,"Plan Rows": 30,"Plan Width": 159,"Actual Startup Time": 2291.473,"Actual Total Time": 2331.706,"Actual Rows": 106427,"Actual Loops": 3,"Sort Key": ["nation.n_name", "(EXTRACT(year FROM orders.o_orderdate)) DESC"],"Sort Method": "quicksort","Sort Space Used": 13552,"Sort Space Type": "Memory","Workers": [{"Worker Number": 0,"Sort Method": "quicksort","Sort Space Used": 13739,"Sort Space Type": "Memory"},{"Worker Number": 1,"Sort Method": "quicksort","Sort Space Used": 13719,"Sort Space Type": "Memory"}],"Plans": [{"Node Type": "Hash Join","Parent Relationship": "Outer","Parallel Aware": false,"Async Capable": false,"Join Type": "Inner","Startup Cost": 3.13,"Total Cost": 27857.64,"Plan Rows": 30,"Plan Width": 159,"Actual Startup Time": 0.679,"Actual Total Time": 2140.139,"Actual Rows": 106427,"Actual Loops": 3,"Inner Unique": true,"Hash Cond": "(supplier.s_nationkey = nation.n_nationkey)","Workers": [],"Plans": [{"Node Type": "Nested Loop","Parent Relationship": "Outer","Parallel Aware": false,"Async Capable": false,"Join Type": "Inner","Startup Cost": 1.57,"Total Cost": 27855.92,"Plan Rows": 30,"Plan Width": 31,"Actual Startup Time": 0.479,"Actual Total Time": 2108.947,"Actual Rows": 106427,"Actual Loops": 3,"Inner Unique": true,"Workers": [],"Plans": [{"Node Type": "Nested Loop","Parent Relationship": "Outer","Parallel Aware": false,"Async Capable": false,"Join Type": "Inner","Startup Cost": 1.14,"Total Cost": 27841.96,"Plan Rows": 30,"Plan Width": 31,"Actual Startup Time": 0.356,"Actual Total Time": 979.627,"Actual Rows": 106427,"Actual Loops": 3,"Inner Unique": true,"Workers": [],"Plans": [{"Node Type": "Nested Loop","Parent Relationship": "Outer","Parallel Aware": false,"Async Capable": false,"Join Type": "Inner","Startup Cost": 0.86,"Total Cost": 27832.88,"Plan Rows": 30,"Plan Width": 35,"Actual Startup Time": 0.274,"Actual Total Time": 798.249,"Actual Rows": 106427,"Actual Loops": 3,"Inner Unique": false,"Workers": [],"Plans": [{"Node Type": "Nested Loop","Parent Relationship": "Outer","Parallel Aware": false,"Async Capable": false,"Join Type": "Inner","Startup Cost": 0.42,"Total Cost": 17103.70,"Plan Rows": 10101,"Plan Width": 18,"Actual Startup Time": 0.166,"Actual Total Time": 118.353,"Actual Rows": 14152,"Actual Loops": 3,"Inner Unique": false,"Workers": [],"Plans": [{"Node Type": "Seq Scan","Parent Relationship": "Outer","Parallel Aware": true,"Async Capable": false,"Relation Name": "part","Alias": "part","Startup Cost": 0.00,"Total Cost": 5138.67,"Plan Rows": 2525,"Plan Width": 4,"Actual Startup Time": 0.052,"Actual Total Time": 50.910,"Actual Rows": 3538,"Actual Loops": 3,"Filter": "((p_name)::text ~~ '%blush%'::text)","Rows Removed by Filter": 63129,"Workers": []},{"Node Type": "Index Scan","Parent Relationship": "Inner","Parallel Aware": false,"Async Capable": false,"Scan Direction": "Forward","Index Name": "idx_partsupp_partkey","Relation Name": "partsupp","Alias": "partsupp","Startup Cost": 0.42,"Total Cost": 4.70,"Plan Rows": 4,"Plan Width": 14,"Actual Startup Time": 0.014,"Actual Total Time": 0.018,"Actual Rows": 4,"Actual Loops": 10614,"Index Cond": "(ps_partkey = part.p_partkey)","Rows Removed by Index Recheck": 0,"Workers": []}]},{"Node Type": "Index Scan","Parent Relationship": "Inner","Parallel Aware": false,"Async Capable": false,"Scan Direction": "Forward","Index Name": "idx_lineitem_part_supp","Relation Name": "lineitem","Alias": "lineitem","Startup Cost": 0.43,"Total Cost": 1.05,"Plan Rows": 1,"Plan Width": 29,"Actual Startup Time": 0.007,"Actual Total Time": 0.046,"Actual Rows": 8,"Actual Loops": 42456,"Index Cond": "((l_partkey = partsupp.ps_partkey) AND (l_suppkey = partsupp.ps_suppkey))","Rows Removed by Index Recheck": 0,"Workers": []}]},{"Node Type": "Index Scan","Parent Relationship": "Inner","Parallel Aware": false,"Async Capable": false,"Scan Direction": "Forward","Index Name": "supplier_pkey","Relation Name": "supplier","Alias": "supplier","Startup Cost": 0.29,"Total Cost": 0.30,"Plan Rows": 1,"Plan Width": 8,"Actual Startup Time": 0.001,"Actual Total Time": 0.001,"Actual Rows": 1,"Actual Loops": 319280,"Index Cond": "(s_suppkey = lineitem.l_suppkey)","Rows Removed by Index Recheck": 0,"Workers": []}]},{"Node Type": "Index Scan","Parent Relationship": "Inner","Parallel Aware": false,"Async Capable": false,"Scan Direction": "Forward","Index Name": "orders_pkey","Relation Name": "orders","Alias": "orders","Startup Cost": 0.43,"Total Cost": 0.47,"Plan Rows": 1,"Plan Width": 8,"Actual Startup Time": 0.010,"Actual Total Time": 0.010,"Actual Rows": 1,"Actual Loops": 319280,"Index Cond": "(o_orderkey = lineitem.l_orderkey)","Rows Removed by Index Recheck": 0,"Workers": []}]},{"Node Type": "Hash","Parent Relationship": "Inner","Parallel Aware": false,"Async Capable": false,"Startup Cost": 1.25,"Total Cost": 1.25,"Plan Rows": 25,"Plan Width": 108,"Actual Startup Time": 0.096,"Actual Total Time": 0.129,"Actual Rows": 25,"Actual Loops": 3,"Hash Buckets": 1024,"Original Hash Buckets": 1024,"Hash Batches": 1,"Original Hash Batches": 1,"Peak Memory Usage": 10,"Workers": [],"Plans": [{"Node Type": "Seq Scan","Parent Relationship": "Outer","Parallel Aware": false,"Async Capable": false,"Relation Name": "nation","Alias": "nation","Startup Cost": 0.00,"Total Cost": 1.25,"Plan Rows": 25,"Plan Width": 108,"Actual Startup Time": 0.062,"Actual Total Time": 0.090,"Actual Rows": 25,"Actual Loops": 3,"Workers": []}]}]}]}]}]}]},"Planning Time": 12.103,"Triggers": [],"Execution Time": 2504.152}]
[{"Plan": {"Node Type": "Aggregate","Strategy": "Sorted","Partial Mode": "Finalize","Parallel Aware": false,"Async Capable": false,"Startup Cost": 41381.04,"Total Cost": 41397.45,"Plan Rows": 122,"Plan Width": 168,"Actual Startup Time": 2461.783,"Actual Total Time": 2561.451,"Actual Rows": 175,"Actual Loops": 1,"Group Key": ["nation.n_name", "(EXTRACT(year FROM orders.o_orderdate))"],"Plans": [{"Node Type": "Gather Merge","Parent Relationship": "Outer","Parallel Aware": false,"Async Capable": false,"Startup Cost": 41381.04,"Total Cost": 41394.60,"Plan Rows": 102,"Plan Width": 168,"Actual Startup Time": 2460.110,"Actual Total Time": 2561.065,"Actual Rows": 525,"Actual Loops": 1,"Workers Planned": 2,"Workers Launched": 2,"Plans": [{"Node Type": "Aggregate","Strategy": "Sorted","Partial Mode": "Partial","Parent Relationship": "Outer","Parallel Aware": false,"Async Capable": false,"Startup Cost": 40381.01,"Total Cost": 40382.80,"Plan Rows": 51,"Plan Width": 168,"Actual Startup Time": 2353.201,"Actual Total Time": 2477.575,"Actual Rows": 175,"Actual Loops": 3,"Group Key": ["nation.n_name", "(EXTRACT(year FROM orders.o_orderdate))"],"Workers": [],"Plans": [{"Node Type": "Sort","Parent Relationship": "Outer","Parallel Aware": false,"Async Capable": false,"Startup Cost": 40381.01,"Total Cost": 40381.14,"Plan Rows": 51,"Plan Width": 159,"Actual Startup Time": 2352.548,"Actual Total Time": 2393.649,"Actual Rows": 110237,"Actual Loops": 3,"Sort Key": ["nation.n_name", "(EXTRACT(year FROM orders.o_orderdate)) DESC"],"Sort Method": "quicksort","Sort Space Used": 14774,"Sort Space Type": "Memory","Workers": [{"Worker Number": 0,"Sort Method": "quicksort","Sort Space Used": 13660,"Sort Space Type": "Memory"},{"Worker Number": 1,"Sort Method": "quicksort","Sort Space Used": 13719,"Sort Space Type": "Memory"}],"Plans": [{"Node Type": "Hash Join","Parent Relationship": "Outer","Parallel Aware": false,"Async Capable": false,"Join Type": "Inner","Startup Cost": 3.13,"Total Cost": 40379.57,"Plan Rows": 51,"Plan Width": 159,"Actual Startup Time": 0.791,"Actual Total Time": 2209.520,"Actual Rows": 110237,"Actual Loops": 3,"Inner Unique": true,"Hash Cond": "(supplier.s_nationkey = nation.n_nationkey)","Workers": [],"Plans": [{"Node Type": "Nested Loop","Parent Relationship": "Outer","Parallel Aware": false,"Async Capable": false,"Join Type": "Inner","Startup Cost": 1.57,"Total Cost": 40377.72,"Plan Rows": 51,"Plan Width": 31,"Actual Startup Time": 0.566,"Actual Total Time": 2178.223,"Actual Rows": 110237,"Actual Loops": 3,"Inner Unique": true,"Workers": [],"Plans": [{"Node Type": "Nested Loop","Parent Relationship": "Outer","Parallel Aware": false,"Async Capable": false,"Join Type": "Inner","Startup Cost": 1.14,"Total Cost": 40354.00,"Plan Rows": 51,"Plan Width": 31,"Actual Startup Time": 0.431,"Actual Total Time": 1014.051,"Actual Rows": 110237,"Actual Loops": 3,"Inner Unique": true,"Workers": [],"Plans": [{"Node Type": "Nested Loop","Parent Relationship": "Outer","Parallel Aware": false,"Async Capable": false,"Join Type": "Inner","Startup Cost": 0.86,"Total Cost": 40338.56,"Plan Rows": 51,"Plan Width": 35,"Actual Startup Time": 0.329,"Actual Total Time": 826.349,"Actual Rows": 110237,"Actual Loops": 3,"Inner Unique": false,"Workers": [],"Plans": [{"Node Type": "Nested Loop","Parent Relationship": "Outer","Parallel Aware": false,"Async Capable": false,"Join Type": "Inner","Startup Cost": 0.42,"Total Cost": 22456.59,"Plan Rows": 16835,"Plan Width": 18,"Actual Startup Time": 0.209,"Actual Total Time": 115.054,"Actual Rows": 14685,"Actual Loops": 3,"Inner Unique": false,"Workers": [],"Plans": [{"Node Type": "Seq Scan","Parent Relationship": "Outer","Parallel Aware": true,"Async Capable": false,"Relation Name": "part","Alias": "part","Startup Cost": 0.00,"Total Cost": 5138.67,"Plan Rows": 4209,"Plan Width": 4,"Actual Startup Time": 0.065,"Actual Total Time": 48.853,"Actual Rows": 3671,"Actual Loops": 3,"Filter": "((p_name)::text ~~ '%dodger%'::text)","Rows Removed by Filter": 62995,"Workers": []},{"Node Type": "Index Scan","Parent Relationship": "Inner","Parallel Aware": false,"Async Capable": false,"Scan Direction": "Forward","Index Name": "idx_partsupp_partkey","Relation Name": "partsupp","Alias": "partsupp","Startup Cost": 0.42,"Total Cost": 4.07,"Plan Rows": 4,"Plan Width": 14,"Actual Startup Time": 0.013,"Actual Total Time": 0.017,"Actual Rows": 4,"Actual Loops": 11014,"Index Cond": "(ps_partkey = part.p_partkey)","Rows Removed by Index Recheck": 0,"Workers": []}]},{"Node Type": "Index Scan","Parent Relationship": "Inner","Parallel Aware": false,"Async Capable": false,"Scan Direction": "Forward","Index Name": "idx_lineitem_part_supp","Relation Name": "lineitem","Alias": "lineitem","Startup Cost": 0.43,"Total Cost": 1.05,"Plan Rows": 1,"Plan Width": 29,"Actual Startup Time": 0.007,"Actual Total Time": 0.047,"Actual Rows": 8,"Actual Loops": 44056,"Index Cond": "((l_partkey = partsupp.ps_partkey) AND (l_suppkey = partsupp.ps_suppkey))","Rows Removed by Index Recheck": 0,"Workers": []}]},{"Node Type": "Index Scan","Parent Relationship": "Inner","Parallel Aware": false,"Async Capable": false,"Scan Direction": "Forward","Index Name": "supplier_pkey","Relation Name": "supplier","Alias": "supplier","Startup Cost": 0.29,"Total Cost": 0.30,"Plan Rows": 1,"Plan Width": 8,"Actual Startup Time": 0.001,"Actual Total Time": 0.001,"Actual Rows": 1,"Actual Loops": 330711,"Index Cond": "(s_suppkey = lineitem.l_suppkey)","Rows Removed by Index Recheck": 0,"Workers": []}]},{"Node Type": "Index Scan","Parent Relationship": "Inner","Parallel Aware": false,"Async Capable": false,"Scan Direction": "Forward","Index Name": "orders_pkey","Relation Name": "orders","Alias": "orders","Startup Cost": 0.43,"Total Cost": 0.47,"Plan Rows": 1,"Plan Width": 8,"Actual Startup Time": 0.010,"Actual Total Time": 0.010,"Actual Rows": 1,"Actual Loops": 330711,"Index Cond": "(o_orderkey = lineitem.l_orderkey)","Rows Removed by Index Recheck": 0,"Workers": []}]},{"Node Type": "Hash","Parent Relationship": "Inner","Parallel Aware": false,"Async Capable": false,"Startup Cost": 1.25,"Total Cost": 1.25,"Plan Rows": 25,"Plan Width": 108,"Actual Startup Time": 0.103,"Actual Total Time": 0.113,"Actual Rows": 25,"Actual Loops": 3,"Hash Buckets": 1024,"Original Hash Buckets": 1024,"Hash Batches": 1,"Original Hash Batches": 1,"Peak Memory Usage": 10,"Workers": [],"Plans": [{"Node Type": "Seq Scan","Parent Relationship": "Outer","Parallel Aware": false,"Async Capable": false,"Relation Name": "nation","Alias": "nation","Startup Cost": 0.00,"Total Cost": 1.25,"Plan Rows": 25,"Plan Width": 108,"Actual Startup Time": 0.072,"Actual Total Time": 0.078,"Actual Rows": 25,"Actual Loops": 3,"Workers": []}]}]}]}]}]}]},"Planning Time": 11.577,"Triggers": [],"Execution Time": 2564.419}]
[{"Plan": {"Node Type": "Aggregate","Strategy": "Sorted","Partial Mode": "Finalize","Parallel Aware": false,"Async Capable": false,"Startup Cost": 22257.44,"Total Cost": 22263.90,"Plan Rows": 49,"Plan Width": 168,"Actual Startup Time": 2462.612,"Actual Total Time": 2579.519,"Actual Rows": 175,"Actual Loops": 1,"Group Key": ["nation.n_name", "(EXTRACT(year FROM orders.o_orderdate))"],"Plans": [{"Node Type": "Gather Merge","Parent Relationship": "Outer","Parallel Aware": false,"Async Capable": false,"Startup Cost": 22257.44,"Total Cost": 22262.76,"Plan Rows": 40,"Plan Width": 168,"Actual Startup Time": 2460.708,"Actual Total Time": 2579.014,"Actual Rows": 525,"Actual Loops": 1,"Workers Planned": 2,"Workers Launched": 2,"Plans": [{"Node Type": "Aggregate","Strategy": "Sorted","Partial Mode": "Partial","Parent Relationship": "Outer","Parallel Aware": false,"Async Capable": false,"Startup Cost": 21257.42,"Total Cost": 21258.12,"Plan Rows": 20,"Plan Width": 168,"Actual Startup Time": 2351.318,"Actual Total Time": 2479.571,"Actual Rows": 175,"Actual Loops": 3,"Group Key": ["nation.n_name", "(EXTRACT(year FROM orders.o_orderdate))"],"Workers": [],"Plans": [{"Node Type": "Sort","Parent Relationship": "Outer","Parallel Aware": false,"Async Capable": false,"Startup Cost": 21257.42,"Total Cost": 21257.47,"Plan Rows": 20,"Plan Width": 159,"Actual Startup Time": 2350.688,"Actual Total Time": 2393.814,"Actual Rows": 108923,"Actual Loops": 3,"Sort Key": ["nation.n_name", "(EXTRACT(year FROM orders.o_orderdate)) DESC"],"Sort Method": "quicksort","Sort Space Used": 13768,"Sort Space Type": "Memory","Workers": [{"Worker Number": 0,"Sort Method": "quicksort","Sort Space Used": 14047,"Sort Space Type": "Memory"},{"Worker Number": 1,"Sort Method": "quicksort","Sort Space Used": 13937,"Sort Space Type": "Memory"}],"Plans": [{"Node Type": "Hash Join","Parent Relationship": "Outer","Parallel Aware": false,"Async Capable": false,"Join Type": "Inner","Startup Cost": 3.13,"Total Cost": 21256.99,"Plan Rows": 20,"Plan Width": 159,"Actual Startup Time": 0.743,"Actual Total Time": 2193.939,"Actual Rows": 108923,"Actual Loops": 3,"Inner Unique": true,"Hash Cond": "(supplier.s_nationkey = nation.n_nationkey)","Workers": [],"Plans": [{"Node Type": "Nested Loop","Parent Relationship": "Outer","Parallel Aware": false,"Async Capable": false,"Join Type": "Inner","Startup Cost": 1.57,"Total Cost": 21255.31,"Plan Rows": 20,"Plan Width": 31,"Actual Startup Time": 0.549,"Actual Total Time": 2162.065,"Actual Rows": 108923,"Actual Loops": 3,"Inner Unique": true,"Workers": [],"Plans": [{"Node Type": "Nested Loop","Parent Relationship": "Outer","Parallel Aware": false,"Async Capable": false,"Join Type": "Inner","Startup Cost": 1.14,"Total Cost": 21246.01,"Plan Rows": 20,"Plan Width": 31,"Actual Startup Time": 0.414,"Actual Total Time": 1002.439,"Actual Rows": 108923,"Actual Loops": 3,"Inner Unique": true,"Workers": [],"Plans": [{"Node Type": "Nested Loop","Parent Relationship": "Outer","Parallel Aware": false,"Async Capable": false,"Join Type": "Inner","Startup Cost": 0.86,"Total Cost": 21239.96,"Plan Rows": 20,"Plan Width": 35,"Actual Startup Time": 0.300,"Actual Total Time": 815.417,"Actual Rows": 108923,"Actual Loops": 3,"Inner Unique": false,"Workers": [],"Plans": [{"Node Type": "Nested Loop","Parent Relationship": "Outer","Parallel Aware": false,"Async Capable": false,"Join Type": "Inner","Startup Cost": 0.42,"Total Cost": 14087.17,"Plan Rows": 6734,"Plan Width": 18,"Actual Startup Time": 0.193,"Actual Total Time": 119.602,"Actual Rows": 14516,"Actual Loops": 3,"Inner Unique": false,"Workers": [],"Plans": [{"Node Type": "Seq Scan","Parent Relationship": "Outer","Parallel Aware": true,"Async Capable": false,"Relation Name": "part","Alias": "part","Startup Cost": 0.00,"Total Cost": 5138.67,"Plan Rows": 1684,"Plan Width": 4,"Actual Startup Time": 0.081,"Actual Total Time": 51.033,"Actual Rows": 3629,"Actual Loops": 3,"Filter": "((p_name)::text ~~ '%snow%'::text)","Rows Removed by Filter": 63038,"Workers": []},{"Node Type": "Index Scan","Parent Relationship": "Inner","Parallel Aware": false,"Async Capable": false,"Scan Direction": "Forward","Index Name": "idx_partsupp_partkey","Relation Name": "partsupp","Alias": "partsupp","Startup Cost": 0.42,"Total Cost": 5.27,"Plan Rows": 4,"Plan Width": 14,"Actual Startup Time": 0.014,"Actual Total Time": 0.018,"Actual Rows": 4,"Actual Loops": 10887,"Index Cond": "(ps_partkey = part.p_partkey)","Rows Removed by Index Recheck": 0,"Workers": []}]},{"Node Type": "Index Scan","Parent Relationship": "Inner","Parallel Aware": false,"Async Capable": false,"Scan Direction": "Forward","Index Name": "idx_lineitem_part_supp","Relation Name": "lineitem","Alias": "lineitem","Startup Cost": 0.43,"Total Cost": 1.05,"Plan Rows": 1,"Plan Width": 29,"Actual Startup Time": 0.007,"Actual Total Time": 0.046,"Actual Rows": 8,"Actual Loops": 43548,"Index Cond": "((l_partkey = partsupp.ps_partkey) AND (l_suppkey = partsupp.ps_suppkey))","Rows Removed by Index Recheck": 0,"Workers": []}]},{"Node Type": "Index Scan","Parent Relationship": "Inner","Parallel Aware": false,"Async Capable": false,"Scan Direction": "Forward","Index Name": "supplier_pkey","Relation Name": "supplier","Alias": "supplier","Startup Cost": 0.29,"Total Cost": 0.30,"Plan Rows": 1,"Plan Width": 8,"Actual Startup Time": 0.001,"Actual Total Time": 0.001,"Actual Rows": 1,"Actual Loops": 326768,"Index Cond": "(s_suppkey = lineitem.l_suppkey)","Rows Removed by Index Recheck": 0,"Workers": []}]},{"Node Type": "Index Scan","Parent Relationship": "Inner","Parallel Aware": false,"Async Capable": false,"Scan Direction": "Forward","Index Name": "orders_pkey","Relation Name": "orders","Alias": "orders","Startup Cost": 0.43,"Total Cost": 0.47,"Plan Rows": 1,"Plan Width": 8,"Actual Startup Time": 0.010,"Actual Total Time": 0.010,"Actual Rows": 1,"Actual Loops": 326768,"Index Cond": "(o_orderkey = lineitem.l_orderkey)","Rows Removed by Index Recheck": 0,"Workers": []}]},{"Node Type": "Hash","Parent Relationship": "Inner","Parallel Aware": false,"Async Capable": false,"Startup Cost": 1.25,"Total Cost": 1.25,"Plan Rows": 25,"Plan Width": 108,"Actual Startup Time": 0.086,"Actual Total Time": 0.126,"Actual Rows": 25,"Actual Loops": 3,"Hash Buckets": 1024,"Original Hash Buckets": 1024,"Hash Batches": 1,"Original Hash Batches": 1,"Peak Memory Usage": 10,"Workers": [],"Plans": [{"Node Type": "Seq Scan","Parent Relationship": "Outer","Parallel Aware": false,"Async Capable": false,"Relation Name": "nation","Alias": "nation","Startup Cost": 0.00,"Total Cost": 1.25,"Plan Rows": 25,"Plan Width": 108,"Actual Startup Time": 0.058,"Actual Total Time": 0.094,"Actual Rows": 25,"Actual Loops": 3,"Workers": []}]}]}]}]}]}]},"Planning Time": 12.268,"Triggers": [],"Execution Time": 2581.566}]
[{"Plan": {"Node Type": "Aggregate","Strategy": "Sorted","Partial Mode": "Finalize","Parallel Aware": false,"Async Capable": false,"Startup Cost": 35224.41,"Total Cost": 35237.30,"Plan Rows": 97,"Plan Width": 168,"Actual Startup Time": 2468.334,"Actual Total Time": 2614.615,"Actual Rows": 175,"Actual Loops": 1,"Group Key": ["nation.n_name", "(EXTRACT(year FROM orders.o_orderdate))"],"Plans": [{"Node Type": "Gather Merge","Parent Relationship": "Outer","Parallel Aware": false,"Async Capable": false,"Startup Cost": 35224.41,"Total Cost": 35235.05,"Plan Rows": 80,"Plan Width": 168,"Actual Startup Time": 2467.004,"Actual Total Time": 2614.239,"Actual Rows": 525,"Actual Loops": 1,"Workers Planned": 2,"Workers Launched": 2,"Plans": [{"Node Type": "Aggregate","Strategy": "Sorted","Partial Mode": "Partial","Parent Relationship": "Outer","Parallel Aware": false,"Async Capable": false,"Startup Cost": 34224.39,"Total Cost": 34225.79,"Plan Rows": 40,"Plan Width": 168,"Actual Startup Time": 2350.593,"Actual Total Time": 2488.300,"Actual Rows": 175,"Actual Loops": 3,"Group Key": ["nation.n_name", "(EXTRACT(year FROM orders.o_orderdate))"],"Workers": [],"Plans": [{"Node Type": "Sort","Parent Relationship": "Outer","Parallel Aware": false,"Async Capable": false,"Startup Cost": 34224.39,"Total Cost": 34224.49,"Plan Rows": 40,"Plan Width": 159,"Actual Startup Time": 2349.936,"Actual Total Time": 2400.414,"Actual Rows": 109238,"Actual Loops": 3,"Sort Key": ["nation.n_name", "(EXTRACT(year FROM orders.o_orderdate)) DESC"],"Sort Method": "quicksort","Sort Space Used": 14698,"Sort Space Type": "Memory","Workers": [{"Worker Number": 0,"Sort Method": "quicksort","Sort Space Used": 13564,"Sort Space Type": "Memory"},{"Worker Number": 1,"Sort Method": "quicksort","Sort Space Used": 13587,"Sort Space Type": "Memory"}],"Plans": [{"Node Type": "Hash Join","Parent Relationship": "Outer","Parallel Aware": false,"Async Capable": false,"Join Type": "Inner","Startup Cost": 3.13,"Total Cost": 34223.32,"Plan Rows": 40,"Plan Width": 159,"Actual Startup Time": 0.710,"Actual Total Time": 2199.303,"Actual Rows": 109238,"Actual Loops": 3,"Inner Unique": true,"Hash Cond": "(supplier.s_nationkey = nation.n_nationkey)","Workers": [],"Plans": [{"Node Type": "Nested Loop","Parent Relationship": "Outer","Parallel Aware": false,"Async Capable": false,"Join Type": "Inner","Startup Cost": 1.57,"Total Cost": 34221.53,"Plan Rows": 40,"Plan Width": 31,"Actual Startup Time": 0.515,"Actual Total Time": 2168.211,"Actual Rows": 109238,"Actual Loops": 3,"Inner Unique": true,"Workers": [],"Plans": [{"Node Type": "Nested Loop","Parent Relationship": "Outer","Parallel Aware": false,"Async Capable": false,"Join Type": "Inner","Startup Cost": 1.14,"Total Cost": 34202.93,"Plan Rows": 40,"Plan Width": 31,"Actual Startup Time": 0.366,"Actual Total Time": 1011.087,"Actual Rows": 109238,"Actual Loops": 3,"Inner Unique": true,"Workers": [],"Plans": [{"Node Type": "Nested Loop","Parent Relationship": "Outer","Parallel Aware": false,"Async Capable": false,"Join Type": "Inner","Startup Cost": 0.86,"Total Cost": 34190.82,"Plan Rows": 40,"Plan Width": 35,"Actual Startup Time": 0.280,"Actual Total Time": 824.347,"Actual Rows": 109238,"Actual Loops": 3,"Inner Unique": false,"Workers": [],"Plans": [{"Node Type": "Nested Loop","Parent Relationship": "Outer","Parallel Aware": false,"Async Capable": false,"Join Type": "Inner","Startup Cost": 0.42,"Total Cost": 19885.25,"Plan Rows": 13468,"Plan Width": 18,"Actual Startup Time": 0.177,"Actual Total Time": 115.126,"Actual Rows": 14568,"Actual Loops": 3,"Inner Unique": false,"Workers": [],"Plans": [{"Node Type": "Seq Scan","Parent Relationship": "Outer","Parallel Aware": true,"Async Capable": false,"Relation Name": "part","Alias": "part","Startup Cost": 0.00,"Total Cost": 5138.67,"Plan Rows": 3367,"Plan Width": 4,"Actual Startup Time": 0.049,"Actual Total Time": 48.508,"Actual Rows": 3642,"Actual Loops": 3,"Filter": "((p_name)::text ~~ '%purple%'::text)","Rows Removed by Filter": 63025,"Workers": []},{"Node Type": "Index Scan","Parent Relationship": "Inner","Parallel Aware": false,"Async Capable": false,"Scan Direction": "Forward","Index Name": "idx_partsupp_partkey","Relation Name": "partsupp","Alias": "partsupp","Startup Cost": 0.42,"Total Cost": 4.34,"Plan Rows": 4,"Plan Width": 14,"Actual Startup Time": 0.014,"Actual Total Time": 0.018,"Actual Rows": 4,"Actual Loops": 10926,"Index Cond": "(ps_partkey = part.p_partkey)","Rows Removed by Index Recheck": 0,"Workers": []}]},{"Node Type": "Index Scan","Parent Relationship": "Inner","Parallel Aware": false,"Async Capable": false,"Scan Direction": "Forward","Index Name": "idx_lineitem_part_supp","Relation Name": "lineitem","Alias": "lineitem","Startup Cost": 0.43,"Total Cost": 1.05,"Plan Rows": 1,"Plan Width": 29,"Actual Startup Time": 0.007,"Actual Total Time": 0.047,"Actual Rows": 7,"Actual Loops": 43704,"Index Cond": "((l_partkey = partsupp.ps_partkey) AND (l_suppkey = partsupp.ps_suppkey))","Rows Removed by Index Recheck": 0,"Workers": []}]},{"Node Type": "Index Scan","Parent Relationship": "Inner","Parallel Aware": false,"Async Capable": false,"Scan Direction": "Forward","Index Name": "supplier_pkey","Relation Name": "supplier","Alias": "supplier","Startup Cost": 0.29,"Total Cost": 0.30,"Plan Rows": 1,"Plan Width": 8,"Actual Startup Time": 0.001,"Actual Total Time": 0.001,"Actual Rows": 1,"Actual Loops": 327714,"Index Cond": "(s_suppkey = lineitem.l_suppkey)","Rows Removed by Index Recheck": 0,"Workers": []}]},{"Node Type": "Index Scan","Parent Relationship": "Inner","Parallel Aware": false,"Async Capable": false,"Scan Direction": "Forward","Index Name": "orders_pkey","Relation Name": "orders","Alias": "orders","Startup Cost": 0.43,"Total Cost": 0.47,"Plan Rows": 1,"Plan Width": 8,"Actual Startup Time": 0.010,"Actual Total Time": 0.010,"Actual Rows": 1,"Actual Loops": 327714,"Index Cond": "(o_orderkey = lineitem.l_orderkey)","Rows Removed by Index Recheck": 0,"Workers": []}]},{"Node Type": "Hash","Parent Relationship": "Inner","Parallel Aware": false,"Async Capable": false,"Startup Cost": 1.25,"Total Cost": 1.25,"Plan Rows": 25,"Plan Width": 108,"Actual Startup Time": 0.085,"Actual Total Time": 0.094,"Actual Rows": 25,"Actual Loops": 3,"Hash Buckets": 1024,"Original Hash Buckets": 1024,"Hash Batches": 1,"Original Hash Batches": 1,"Peak Memory Usage": 10,"Workers": [],"Plans": [{"Node Type": "Seq Scan","Parent Relationship": "Outer","Parallel Aware": false,"Async Capable": false,"Relation Name": "nation","Alias": "nation","Startup Cost": 0.00,"Total Cost": 1.25,"Plan Rows": 25,"Plan Width": 108,"Actual Startup Time": 0.054,"Actual Total Time": 0.060,"Actual Rows": 25,"Actual Loops": 3,"Workers": []}]}]}]}]}]}]},"Planning Time": 11.747,"Triggers": [],"Execution Time": 2615.991}]
[{"Plan": {"Node Type": "Aggregate","Strategy": "Sorted","Partial Mode": "Finalize","Parallel Aware": false,"Async Capable": false,"Startup Cost": 41381.04,"Total Cost": 41397.45,"Plan Rows": 122,"Plan Width": 168,"Actual Startup Time": 2382.490,"Actual Total Time": 2475.878,"Actual Rows": 175,"Actual Loops": 1,"Group Key": ["nation.n_name", "(EXTRACT(year FROM orders.o_orderdate))"],"Plans": [{"Node Type": "Gather Merge","Parent Relationship": "Outer","Parallel Aware": false,"Async Capable": false,"Startup Cost": 41381.04,"Total Cost": 41394.60,"Plan Rows": 102,"Plan Width": 168,"Actual Startup Time": 2380.864,"Actual Total Time": 2475.466,"Actual Rows": 525,"Actual Loops": 1,"Workers Planned": 2,"Workers Launched": 2,"Plans": [{"Node Type": "Aggregate","Strategy": "Sorted","Partial Mode": "Partial","Parent Relationship": "Outer","Parallel Aware": false,"Async Capable": false,"Startup Cost": 40381.01,"Total Cost": 40382.80,"Plan Rows": 51,"Plan Width": 168,"Actual Startup Time": 2284.004,"Actual Total Time": 2397.917,"Actual Rows": 175,"Actual Loops": 3,"Group Key": ["nation.n_name", "(EXTRACT(year FROM orders.o_orderdate))"],"Workers": [],"Plans": [{"Node Type": "Sort","Parent Relationship": "Outer","Parallel Aware": false,"Async Capable": false,"Startup Cost": 40381.01,"Total Cost": 40381.14,"Plan Rows": 51,"Plan Width": 159,"Actual Startup Time": 2283.510,"Actual Total Time": 2318.337,"Actual Rows": 106238,"Actual Loops": 3,"Sort Key": ["nation.n_name", "(EXTRACT(year FROM orders.o_orderdate)) DESC"],"Sort Method": "quicksort","Sort Space Used": 14360,"Sort Space Type": "Memory","Workers": [{"Worker Number": 0,"Sort Method": "quicksort","Sort Space Used": 13293,"Sort Space Type": "Memory"},{"Worker Number": 1,"Sort Method": "quicksort","Sort Space Used": 13298,"Sort Space Type": "Memory"}],"Plans": [{"Node Type": "Hash Join","Parent Relationship": "Outer","Parallel Aware": false,"Async Capable": false,"Join Type": "Inner","Startup Cost": 3.13,"Total Cost": 40379.57,"Plan Rows": 51,"Plan Width": 159,"Actual Startup Time": 0.569,"Actual Total Time": 2142.244,"Actual Rows": 106238,"Actual Loops": 3,"Inner Unique": true,"Hash Cond": "(supplier.s_nationkey = nation.n_nationkey)","Workers": [],"Plans": [{"Node Type": "Nested Loop","Parent Relationship": "Outer","Parallel Aware": false,"Async Capable": false,"Join Type": "Inner","Startup Cost": 1.57,"Total Cost": 40377.72,"Plan Rows": 51,"Plan Width": 31,"Actual Startup Time": 0.432,"Actual Total Time": 2111.386,"Actual Rows": 106238,"Actual Loops": 3,"Inner Unique": true,"Workers": [],"Plans": [{"Node Type": "Nested Loop","Parent Relationship": "Outer","Parallel Aware": false,"Async Capable": false,"Join Type": "Inner","Startup Cost": 1.14,"Total Cost": 40354.00,"Plan Rows": 51,"Plan Width": 31,"Actual Startup Time": 0.327,"Actual Total Time": 986.958,"Actual Rows": 106238,"Actual Loops": 3,"Inner Unique": true,"Workers": [],"Plans": [{"Node Type": "Nested Loop","Parent Relationship": "Outer","Parallel Aware": false,"Async Capable": false,"Join Type": "Inner","Startup Cost": 0.86,"Total Cost": 40338.56,"Plan Rows": 51,"Plan Width": 35,"Actual Startup Time": 0.230,"Actual Total Time": 805.341,"Actual Rows": 106238,"Actual Loops": 3,"Inner Unique": false,"Workers": [],"Plans": [{"Node Type": "Nested Loop","Parent Relationship": "Outer","Parallel Aware": false,"Async Capable": false,"Join Type": "Inner","Startup Cost": 0.42,"Total Cost": 22456.59,"Plan Rows": 16835,"Plan Width": 18,"Actual Startup Time": 0.146,"Actual Total Time": 114.209,"Actual Rows": 14187,"Actual Loops": 3,"Inner Unique": false,"Workers": [],"Plans": [{"Node Type": "Seq Scan","Parent Relationship": "Outer","Parallel Aware": true,"Async Capable": false,"Relation Name": "part","Alias": "part","Startup Cost": 0.00,"Total Cost": 5138.67,"Plan Rows": 4209,"Plan Width": 4,"Actual Startup Time": 0.052,"Actual Total Time": 49.825,"Actual Rows": 3547,"Actual Loops": 3,"Filter": "((p_name)::text ~~ '%ivory%'::text)","Rows Removed by Filter": 63120,"Workers": []},{"Node Type": "Index Scan","Parent Relationship": "Inner","Parallel Aware": false,"Async Capable": false,"Scan Direction": "Forward","Index Name": "idx_partsupp_partkey","Relation Name": "partsupp","Alias": "partsupp","Startup Cost": 0.42,"Total Cost": 4.07,"Plan Rows": 4,"Plan Width": 14,"Actual Startup Time": 0.014,"Actual Total Time": 0.017,"Actual Rows": 4,"Actual Loops": 10640,"Index Cond": "(ps_partkey = part.p_partkey)","Rows Removed by Index Recheck": 0,"Workers": []}]},{"Node Type": "Index Scan","Parent Relationship": "Inner","Parallel Aware": false,"Async Capable": false,"Scan Direction": "Forward","Index Name": "idx_lineitem_part_supp","Relation Name": "lineitem","Alias": "lineitem","Startup Cost": 0.43,"Total Cost": 1.05,"Plan Rows": 1,"Plan Width": 29,"Actual Startup Time": 0.007,"Actual Total Time": 0.047,"Actual Rows": 7,"Actual Loops": 42560,"Index Cond": "((l_partkey = partsupp.ps_partkey) AND (l_suppkey = partsupp.ps_suppkey))","Rows Removed by Index Recheck": 0,"Workers": []}]},{"Node Type": "Index Scan","Parent Relationship": "Inner","Parallel Aware": false,"Async Capable": false,"Scan Direction": "Forward","Index Name": "supplier_pkey","Relation Name": "supplier","Alias": "supplier","Startup Cost": 0.29,"Total Cost": 0.30,"Plan Rows": 1,"Plan Width": 8,"Actual Startup Time": 0.001,"Actual Total Time": 0.001,"Actual Rows": 1,"Actual Loops": 318713,"Index Cond": "(s_suppkey = lineitem.l_suppkey)","Rows Removed by Index Recheck": 0,"Workers": []}]},{"Node Type": "Index Scan","Parent Relationship": "Inner","Parallel Aware": false,"Async Capable": false,"Scan Direction": "Forward","Index Name": "orders_pkey","Relation Name": "orders","Alias": "orders","Startup Cost": 0.43,"Total Cost": 0.47,"Plan Rows": 1,"Plan Width": 8,"Actual Startup Time": 0.010,"Actual Total Time": 0.010,"Actual Rows": 1,"Actual Loops": 318713,"Index Cond": "(o_orderkey = lineitem.l_orderkey)","Rows Removed by Index Recheck": 0,"Workers": []}]},{"Node Type": "Hash","Parent Relationship": "Inner","Parallel Aware": false,"Async Capable": false,"Startup Cost": 1.25,"Total Cost": 1.25,"Plan Rows": 25,"Plan Width": 108,"Actual Startup Time": 0.061,"Actual Total Time": 0.072,"Actual Rows": 25,"Actual Loops": 3,"Hash Buckets": 1024,"Original Hash Buckets": 1024,"Hash Batches": 1,"Original Hash Batches": 1,"Peak Memory Usage": 10,"Workers": [],"Plans": [{"Node Type": "Seq Scan","Parent Relationship": "Outer","Parallel Aware": false,"Async Capable": false,"Relation Name": "nation","Alias": "nation","Startup Cost": 0.00,"Total Cost": 1.25,"Plan Rows": 25,"Plan Width": 108,"Actual Startup Time": 0.041,"Actual Total Time": 0.045,"Actual Rows": 25,"Actual Loops": 3,"Workers": []}]}]}]}]}]}]},"Planning Time": 11.380,"Triggers": [],"Execution Time": 2477.664}]
[{"Plan": {"Node Type": "Aggregate","Strategy": "Sorted","Partial Mode": "Finalize","Parallel Aware": false,"Async Capable": false,"Startup Cost": 28858.40,"Total Cost": 28868.07,"Plan Rows": 73,"Plan Width": 168,"Actual Startup Time": 2447.440,"Actual Total Time": 2545.613,"Actual Rows": 175,"Actual Loops": 1,"Group Key": ["nation.n_name", "(EXTRACT(year FROM orders.o_orderdate))"],"Plans": [{"Node Type": "Gather Merge","Parent Relationship": "Outer","Parallel Aware": false,"Async Capable": false,"Startup Cost": 28858.40,"Total Cost": 28866.38,"Plan Rows": 60,"Plan Width": 168,"Actual Startup Time": 2445.955,"Actual Total Time": 2545.171,"Actual Rows": 525,"Actual Loops": 1,"Workers Planned": 2,"Workers Launched": 2,"Plans": [{"Node Type": "Aggregate","Strategy": "Sorted","Partial Mode": "Partial","Parent Relationship": "Outer","Parallel Aware": false,"Async Capable": false,"Startup Cost": 27858.38,"Total Cost": 27859.43,"Plan Rows": 30,"Plan Width": 168,"Actual Startup Time": 2330.856,"Actual Total Time": 2450.060,"Actual Rows": 175,"Actual Loops": 3,"Group Key": ["nation.n_name", "(EXTRACT(year FROM orders.o_orderdate))"],"Workers": [],"Plans": [{"Node Type": "Sort","Parent Relationship": "Outer","Parallel Aware": false,"Async Capable": false,"Startup Cost": 27858.38,"Total Cost": 27858.46,"Plan Rows": 30,"Plan Width": 159,"Actual Startup Time": 2330.116,"Actual Total Time": 2368.297,"Actual Rows": 108123,"Actual Loops": 3,"Sort Key": ["nation.n_name", "(EXTRACT(year FROM orders.o_orderdate)) DESC"],"Sort Method": "quicksort","Sort Space Used": 13681,"Sort Space Type": "Memory","Workers": [{"Worker Number": 0,"Sort Method": "quicksort","Sort Space Used": 13921,"Sort Space Type": "Memory"},{"Worker Number": 1,"Sort Method": "quicksort","Sort Space Used": 13909,"Sort Space Type": "Memory"}],"Plans": [{"Node Type": "Hash Join","Parent Relationship": "Outer","Parallel Aware": false,"Async Capable": false,"Join Type": "Inner","Startup Cost": 3.13,"Total Cost": 27857.64,"Plan Rows": 30,"Plan Width": 159,"Actual Startup Time": 0.761,"Actual Total Time": 2172.025,"Actual Rows": 108123,"Actual Loops": 3,"Inner Unique": true,"Hash Cond": "(supplier.s_nationkey = nation.n_nationkey)","Workers": [],"Plans": [{"Node Type": "Nested Loop","Parent Relationship": "Outer","Parallel Aware": false,"Async Capable": false,"Join Type": "Inner","Startup Cost": 1.57,"Total Cost": 27855.92,"Plan Rows": 30,"Plan Width": 31,"Actual Startup Time": 0.568,"Actual Total Time": 2139.932,"Actual Rows": 108123,"Actual Loops": 3,"Inner Unique": true,"Workers": [],"Plans": [{"Node Type": "Nested Loop","Parent Relationship": "Outer","Parallel Aware": false,"Async Capable": false,"Join Type": "Inner","Startup Cost": 1.14,"Total Cost": 27841.96,"Plan Rows": 30,"Plan Width": 31,"Actual Startup Time": 0.441,"Actual Total Time": 989.960,"Actual Rows": 108123,"Actual Loops": 3,"Inner Unique": true,"Workers": [],"Plans": [{"Node Type": "Nested Loop","Parent Relationship": "Outer","Parallel Aware": false,"Async Capable": false,"Join Type": "Inner","Startup Cost": 0.86,"Total Cost": 27832.88,"Plan Rows": 30,"Plan Width": 35,"Actual Startup Time": 0.341,"Actual Total Time": 804.966,"Actual Rows": 108123,"Actual Loops": 3,"Inner Unique": false,"Workers": [],"Plans": [{"Node Type": "Nested Loop","Parent Relationship": "Outer","Parallel Aware": false,"Async Capable": false,"Join Type": "Inner","Startup Cost": 0.42,"Total Cost": 17103.70,"Plan Rows": 10101,"Plan Width": 18,"Actual Startup Time": 0.214,"Actual Total Time": 118.948,"Actual Rows": 14436,"Actual Loops": 3,"Inner Unique": false,"Workers": [],"Plans": [{"Node Type": "Seq Scan","Parent Relationship": "Outer","Parallel Aware": true,"Async Capable": false,"Relation Name": "part","Alias": "part","Startup Cost": 0.00,"Total Cost": 5138.67,"Plan Rows": 2525,"Plan Width": 4,"Actual Startup Time": 0.071,"Actual Total Time": 51.146,"Actual Rows": 3609,"Actual Loops": 3,"Filter": "((p_name)::text ~~ '%salmon%'::text)","Rows Removed by Filter": 63058,"Workers": []},{"Node Type": "Index Scan","Parent Relationship": "Inner","Parallel Aware": false,"Async Capable": false,"Scan Direction": "Forward","Index Name": "idx_partsupp_partkey","Relation Name": "partsupp","Alias": "partsupp","Startup Cost": 0.42,"Total Cost": 4.70,"Plan Rows": 4,"Plan Width": 14,"Actual Startup Time": 0.014,"Actual Total Time": 0.018,"Actual Rows": 4,"Actual Loops": 10827,"Index Cond": "(ps_partkey = part.p_partkey)","Rows Removed by Index Recheck": 0,"Workers": []}]},{"Node Type": "Index Scan","Parent Relationship": "Inner","Parallel Aware": false,"Async Capable": false,"Scan Direction": "Forward","Index Name": "idx_lineitem_part_supp","Relation Name": "lineitem","Alias": "lineitem","Startup Cost": 0.43,"Total Cost": 1.05,"Plan Rows": 1,"Plan Width": 29,"Actual Startup Time": 0.007,"Actual Total Time": 0.046,"Actual Rows": 7,"Actual Loops": 43308,"Index Cond": "((l_partkey = partsupp.ps_partkey) AND (l_suppkey = partsupp.ps_suppkey))","Rows Removed by Index Recheck": 0,"Workers": []}]},{"Node Type": "Index Scan","Parent Relationship": "Inner","Parallel Aware": false,"Async Capable": false,"Scan Direction": "Forward","Index Name": "supplier_pkey","Relation Name": "supplier","Alias": "supplier","Startup Cost": 0.29,"Total Cost": 0.30,"Plan Rows": 1,"Plan Width": 8,"Actual Startup Time": 0.001,"Actual Total Time": 0.001,"Actual Rows": 1,"Actual Loops": 324369,"Index Cond": "(s_suppkey = lineitem.l_suppkey)","Rows Removed by Index Recheck": 0,"Workers": []}]},{"Node Type": "Index Scan","Parent Relationship": "Inner","Parallel Aware": false,"Async Capable": false,"Scan Direction": "Forward","Index Name": "orders_pkey","Relation Name": "orders","Alias": "orders","Startup Cost": 0.43,"Total Cost": 0.47,"Plan Rows": 1,"Plan Width": 8,"Actual Startup Time": 0.010,"Actual Total Time": 0.010,"Actual Rows": 1,"Actual Loops": 324369,"Index Cond": "(o_orderkey = lineitem.l_orderkey)","Rows Removed by Index Recheck": 0,"Workers": []}]},{"Node Type": "Hash","Parent Relationship": "Inner","Parallel Aware": false,"Async Capable": false,"Startup Cost": 1.25,"Total Cost": 1.25,"Plan Rows": 25,"Plan Width": 108,"Actual Startup Time": 0.084,"Actual Total Time": 0.093,"Actual Rows": 25,"Actual Loops": 3,"Hash Buckets": 1024,"Original Hash Buckets": 1024,"Hash Batches": 1,"Original Hash Batches": 1,"Peak Memory Usage": 10,"Workers": [],"Plans": [{"Node Type": "Seq Scan","Parent Relationship": "Outer","Parallel Aware": false,"Async Capable": false,"Relation Name": "nation","Alias": "nation","Startup Cost": 0.00,"Total Cost": 1.25,"Plan Rows": 25,"Plan Width": 108,"Actual Startup Time": 0.055,"Actual Total Time": 0.062,"Actual Rows": 25,"Actual Loops": 3,"Workers": []}]}]}]}]}]}]},"Planning Time": 12.028,"Triggers": [],"Execution Time": 2548.676}]
[{"Plan": {"Node Type": "Aggregate","Strategy": "Sorted","Partial Mode": "Finalize","Parallel Aware": false,"Async Capable": false,"Startup Cost": 51920.12,"Total Cost": 51953.05,"Plan Rows": 219,"Plan Width": 168,"Actual Startup Time": 1723.050,"Actual Total Time": 1859.125,"Actual Rows": 175,"Actual Loops": 1,"Group Key": ["nation.n_name", "(EXTRACT(year FROM orders.o_orderdate))"],"Plans": [{"Node Type": "Gather Merge","Parent Relationship": "Outer","Parallel Aware": false,"Async Capable": false,"Startup Cost": 51920.12,"Total Cost": 51947.63,"Plan Rows": 213,"Plan Width": 168,"Actual Startup Time": 1721.958,"Actual Total Time": 1858.702,"Actual Rows": 700,"Actual Loops": 1,"Workers Planned": 3,"Workers Launched": 3,"Plans": [{"Node Type": "Aggregate","Strategy": "Sorted","Partial Mode": "Partial","Parent Relationship": "Outer","Parallel Aware": false,"Async Capable": false,"Startup Cost": 50920.08,"Total Cost": 50922.56,"Plan Rows": 71,"Plan Width": 168,"Actual Startup Time": 1658.851,"Actual Total Time": 1755.065,"Actual Rows": 175,"Actual Loops": 4,"Group Key": ["nation.n_name", "(EXTRACT(year FROM orders.o_orderdate))"],"Workers": [],"Plans": [{"Node Type": "Sort","Parent Relationship": "Outer","Parallel Aware": false,"Async Capable": false,"Startup Cost": 50920.08,"Total Cost": 50920.26,"Plan Rows": 71,"Plan Width": 159,"Actual Startup Time": 1658.360,"Actual Total Time": 1691.567,"Actual Rows": 82609,"Actual Loops": 4,"Sort Key": ["nation.n_name", "(EXTRACT(year FROM orders.o_orderdate)) DESC"],"Sort Method": "quicksort","Sort Space Used": 11581,"Sort Space Type": "Memory","Workers": [{"Worker Number": 0,"Sort Method": "quicksort","Sort Space Used": 11232,"Sort Space Type": "Memory"},{"Worker Number": 1,"Sort Method": "quicksort","Sort Space Used": 11219,"Sort Space Type": "Memory"},{"Worker Number": 2,"Sort Method": "quicksort","Sort Space Used": 11158,"Sort Space Type": "Memory"}],"Plans": [{"Node Type": "Hash Join","Parent Relationship": "Outer","Parallel Aware": false,"Async Capable": false,"Join Type": "Inner","Startup Cost": 5236.07,"Total Cost": 50917.89,"Plan Rows": 71,"Plan Width": 159,"Actual Startup Time": 21.699,"Actual Total Time": 1557.030,"Actual Rows": 82609,"Actual Loops": 4,"Inner Unique": true,"Hash Cond": "(supplier.s_nationkey = nation.n_nationkey)","Workers": [],"Plans": [{"Node Type": "Nested Loop","Parent Relationship": "Outer","Parallel Aware": false,"Async Capable": false,"Join Type": "Inner","Startup Cost": 5234.51,"Total Cost": 50915.94,"Plan Rows": 71,"Plan Width": 31,"Actual Startup Time": 21.538,"Actual Total Time": 1533.756,"Actual Rows": 82609,"Actual Loops": 4,"Inner Unique": true,"Workers": [],"Plans": [{"Node Type": "Nested Loop","Parent Relationship": "Outer","Parallel Aware": false,"Async Capable": false,"Join Type": "Inner","Startup Cost": 5234.08,"Total Cost": 50882.91,"Plan Rows": 71,"Plan Width": 31,"Actual Startup Time": 21.473,"Actual Total Time": 801.833,"Actual Rows": 82609,"Actual Loops": 4,"Inner Unique": true,"Workers": [],"Plans": [{"Node Type": "Nested Loop","Parent Relationship": "Outer","Parallel Aware": false,"Async Capable": false,"Join Type": "Inner","Startup Cost": 5233.80,"Total Cost": 50861.42,"Plan Rows": 71,"Plan Width": 35,"Actual Startup Time": 21.434,"Actual Total Time": 663.334,"Actual Rows": 82609,"Actual Loops": 4,"Inner Unique": false,"Workers": [],"Plans": [{"Node Type": "Hash Join","Parent Relationship": "Outer","Parallel Aware": true,"Async Capable": false,"Join Type": "Inner","Startup Cost": 5233.37,"Total Cost": 25942.44,"Plan Rows": 23460,"Plan Width": 18,"Actual Startup Time": 21.376,"Actual Total Time": 198.945,"Actual Rows": 10969,"Actual Loops": 4,"Inner Unique": true,"Hash Cond": "(partsupp.ps_partkey = part.p_partkey)","Workers": [],"Plans": [{"Node Type": "Seq Scan","Parent Relationship": "Outer","Parallel Aware": true,"Async Capable": false,"Relation Name": "partsupp","Alias": "partsupp","Startup Cost": 0.00,"Total Cost": 20031.65,"Plan Rows": 258065,"Plan Width": 14,"Actual Startup Time": 0.019,"Actual Total Time": 41.772,"Actual Rows": 200000,"Actual Loops": 4,"Workers": []},{"Node Type": "Hash","Parent Relationship": "Inner","Parallel Aware": true,"Async Capable": false,"Startup Cost": 5138.67,"Total Cost": 5138.67,"Plan Rows": 7576,"Plan Width": 4,"Actual Startup Time": 21.156,"Actual Total Time": 21.166,"Actual Rows": 2742,"Actual Loops": 4,"Hash Buckets": 32768,"Original Hash Buckets": 32768,"Hash Batches": 1,"Original Hash Batches": 1,"Peak Memory Usage": 736,"Workers": [],"Plans": [{"Node Type": "Seq Scan","Parent Relationship": "Outer","Parallel Aware": true,"Async Capable": false,"Relation Name": "part","Alias": "part","Startup Cost": 0.00,"Total Cost": 5138.67,"Plan Rows": 7576,"Plan Width": 4,"Actual Startup Time": 0.057,"Actual Total Time": 19.393,"Actual Rows": 2742,"Actual Loops": 4,"Filter": "((p_name)::text ~~ '%burlywood%'::text)","Rows Removed by Filter": 47258,"Workers": []}]}]},{"Node Type": "Index Scan","Parent Relationship": "Inner","Parallel Aware": false,"Async Capable": false,"Scan Direction": "Forward","Index Name": "idx_lineitem_part_supp","Relation Name": "lineitem","Alias": "lineitem","Startup Cost": 0.43,"Total Cost": 1.05,"Plan Rows": 1,"Plan Width": 29,"Actual Startup Time": 0.006,"Actual Total Time": 0.041,"Actual Rows": 8,"Actual Loops": 43876,"Index Cond": "((l_partkey = partsupp.ps_partkey) AND (l_suppkey = partsupp.ps_suppkey))","Rows Removed by Index Recheck": 0,"Workers": []}]},{"Node Type": "Index Scan","Parent Relationship": "Inner","Parallel Aware": false,"Async Capable": false,"Scan Direction": "Forward","Index Name": "supplier_pkey","Relation Name": "supplier","Alias": "supplier","Startup Cost": 0.29,"Total Cost": 0.30,"Plan Rows": 1,"Plan Width": 8,"Actual Startup Time": 0.001,"Actual Total Time": 0.001,"Actual Rows": 1,"Actual Loops": 330436,"Index Cond": "(s_suppkey = lineitem.l_suppkey)","Rows Removed by Index Recheck": 0,"Workers": []}]},{"Node Type": "Index Scan","Parent Relationship": "Inner","Parallel Aware": false,"Async Capable": false,"Scan Direction": "Forward","Index Name": "orders_pkey","Relation Name": "orders","Alias": "orders","Startup Cost": 0.43,"Total Cost": 0.47,"Plan Rows": 1,"Plan Width": 8,"Actual Startup Time": 0.009,"Actual Total Time": 0.009,"Actual Rows": 1,"Actual Loops": 330436,"Index Cond": "(o_orderkey = lineitem.l_orderkey)","Rows Removed by Index Recheck": 0,"Workers": []}]},{"Node Type": "Hash","Parent Relationship": "Inner","Parallel Aware": false,"Async Capable": false,"Startup Cost": 1.25,"Total Cost": 1.25,"Plan Rows": 25,"Plan Width": 108,"Actual Startup Time": 0.081,"Actual Total Time": 0.085,"Actual Rows": 25,"Actual Loops": 4,"Hash Buckets": 1024,"Original Hash Buckets": 1024,"Hash Batches": 1,"Original Hash Batches": 1,"Peak Memory Usage": 10,"Workers": [],"Plans": [{"Node Type": "Seq Scan","Parent Relationship": "Outer","Parallel Aware": false,"Async Capable": false,"Relation Name": "nation","Alias": "nation","Startup Cost": 0.00,"Total Cost": 1.25,"Plan Rows": 25,"Plan Width": 108,"Actual Startup Time": 0.056,"Actual Total Time": 0.061,"Actual Rows": 25,"Actual Loops": 4,"Workers": []}]}]}]}]}]}]},"Planning Time": 12.444,"Triggers": [],"Execution Time": 1860.388}]
[{"Plan": {"Node Type": "Aggregate","Strategy": "Sorted","Partial Mode": "Finalize","Parallel Aware": false,"Async Capable": false,"Startup Cost": 41381.04,"Total Cost": 41397.45,"Plan Rows": 122,"Plan Width": 168,"Actual Startup Time": 2461.783,"Actual Total Time": 2561.451,"Actual Rows": 175,"Actual Loops": 1,"Group Key": ["nation.n_name", "(EXTRACT(year FROM orders.o_orderdate))"],"Plans": [{"Node Type": "Gather Merge","Parent Relationship": "Outer","Parallel Aware": false,"Async Capable": false,"Startup Cost": 41381.04,"Total Cost": 41394.60,"Plan Rows": 102,"Plan Width": 168,"Actual Startup Time": 2460.110,"Actual Total Time": 2561.065,"Actual Rows": 525,"Actual Loops": 1,"Workers Planned": 2,"Workers Launched": 2,"Plans": [{"Node Type": "Aggregate","Strategy": "Sorted","Partial Mode": "Partial","Parent Relationship": "Outer","Parallel Aware": false,"Async Capable": false,"Startup Cost": 40381.01,"Total Cost": 40382.80,"Plan Rows": 51,"Plan Width": 168,"Actual Startup Time": 2353.201,"Actual Total Time": 2477.575,"Actual Rows": 175,"Actual Loops": 3,"Group Key": ["nation.n_name", "(EXTRACT(year FROM orders.o_orderdate))"],"Workers": [],"Plans": [{"Node Type": "Sort","Parent Relationship": "Outer","Parallel Aware": false,"Async Capable": false,"Startup Cost": 40381.01,"Total Cost": 40381.14,"Plan Rows": 51,"Plan Width": 159,"Actual Startup Time": 2352.548,"Actual Total Time": 2393.649,"Actual Rows": 110237,"Actual Loops": 3,"Sort Key": ["nation.n_name", "(EXTRACT(year FROM orders.o_orderdate)) DESC"],"Sort Method": "quicksort","Sort Space Used": 14774,"Sort Space Type": "Memory","Workers": [{"Worker Number": 0,"Sort Method": "quicksort","Sort Space Used": 13660,"Sort Space Type": "Memory"},{"Worker Number": 1,"Sort Method": "quicksort","Sort Space Used": 13719,"Sort Space Type": "Memory"}],"Plans": [{"Node Type": "Hash Join","Parent Relationship": "Outer","Parallel Aware": false,"Async Capable": false,"Join Type": "Inner","Startup Cost": 3.13,"Total Cost": 40379.57,"Plan Rows": 51,"Plan Width": 159,"Actual Startup Time": 0.791,"Actual Total Time": 2209.520,"Actual Rows": 110237,"Actual Loops": 3,"Inner Unique": true,"Hash Cond": "(supplier.s_nationkey = nation.n_nationkey)","Workers": [],"Plans": [{"Node Type": "Nested Loop","Parent Relationship": "Outer","Parallel Aware": false,"Async Capable": false,"Join Type": "Inner","Startup Cost": 1.57,"Total Cost": 40377.72,"Plan Rows": 51,"Plan Width": 31,"Actual Startup Time": 0.566,"Actual Total Time": 2178.223,"Actual Rows": 110237,"Actual Loops": 3,"Inner Unique": true,"Workers": [],"Plans": [{"Node Type": "Nested Loop","Parent Relationship": "Outer","Parallel Aware": false,"Async Capable": false,"Join Type": "Inner","Startup Cost": 1.14,"Total Cost": 40354.00,"Plan Rows": 51,"Plan Width": 31,"Actual Startup Time": 0.431,"Actual Total Time": 1014.051,"Actual Rows": 110237,"Actual Loops": 3,"Inner Unique": true,"Workers": [],"Plans": [{"Node Type": "Nested Loop","Parent Relationship": "Outer","Parallel Aware": false,"Async Capable": false,"Join Type": "Inner","Startup Cost": 0.86,"Total Cost": 40338.56,"Plan Rows": 51,"Plan Width": 35,"Actual Startup Time": 0.329,"Actual Total Time": 826.349,"Actual Rows": 110237,"Actual Loops": 3,"Inner Unique": false,"Workers": [],"Plans": [{"Node Type": "Nested Loop","Parent Relationship": "Outer","Parallel Aware": false,"Async Capable": false,"Join Type": "Inner","Startup Cost": 0.42,"Total Cost": 22456.59,"Plan Rows": 16835,"Plan Width": 18,"Actual Startup Time": 0.209,"Actual Total Time": 115.054,"Actual Rows": 14685,"Actual Loops": 3,"Inner Unique": false,"Workers": [],"Plans": [{"Node Type": "Seq Scan","Parent Relationship": "Outer","Parallel Aware": true,"Async Capable": false,"Relation Name": "part","Alias": "part","Startup Cost": 0.00,"Total Cost": 5138.67,"Plan Rows": 4209,"Plan Width": 4,"Actual Startup Time": 0.065,"Actual Total Time": 48.853,"Actual Rows": 3671,"Actual Loops": 3,"Filter": "((p_name)::text ~~ '%dodger%'::text)","Rows Removed by Filter": 62995,"Workers": []},{"Node Type": "Index Scan","Parent Relationship": "Inner","Parallel Aware": false,"Async Capable": false,"Scan Direction": "Forward","Index Name": "idx_partsupp_partkey","Relation Name": "partsupp","Alias": "partsupp","Startup Cost": 0.42,"Total Cost": 4.07,"Plan Rows": 4,"Plan Width": 14,"Actual Startup Time": 0.013,"Actual Total Time": 0.017,"Actual Rows": 4,"Actual Loops": 11014,"Index Cond": "(ps_partkey = part.p_partkey)","Rows Removed by Index Recheck": 0,"Workers": []}]},{"Node Type": "Index Scan","Parent Relationship": "Inner","Parallel Aware": false,"Async Capable": false,"Scan Direction": "Forward","Index Name": "idx_lineitem_part_supp","Relation Name": "lineitem","Alias": "lineitem","Startup Cost": 0.43,"Total Cost": 1.05,"Plan Rows": 1,"Plan Width": 29,"Actual Startup Time": 0.007,"Actual Total Time": 0.047,"Actual Rows": 8,"Actual Loops": 44056,"Index Cond": "((l_partkey = partsupp.ps_partkey) AND (l_suppkey = partsupp.ps_suppkey))","Rows Removed by Index Recheck": 0,"Workers": []}]},{"Node Type": "Index Scan","Parent Relationship": "Inner","Parallel Aware": false,"Async Capable": false,"Scan Direction": "Forward","Index Name": "supplier_pkey","Relation Name": "supplier","Alias": "supplier","Startup Cost": 0.29,"Total Cost": 0.30,"Plan Rows": 1,"Plan Width": 8,"Actual Startup Time": 0.001,"Actual Total Time": 0.001,"Actual Rows": 1,"Actual Loops": 330711,"Index Cond": "(s_suppkey = lineitem.l_suppkey)","Rows Removed by Index Recheck": 0,"Workers": []}]},{"Node Type": "Index Scan","Parent Relationship": "Inner","Parallel Aware": false,"Async Capable": false,"Scan Direction": "Forward","Index Name": "orders_pkey","Relation Name": "orders","Alias": "orders","Startup Cost": 0.43,"Total Cost": 0.47,"Plan Rows": 1,"Plan Width": 8,"Actual Startup Time": 0.010,"Actual Total Time": 0.010,"Actual Rows": 1,"Actual Loops": 330711,"Index Cond": "(o_orderkey = lineitem.l_orderkey)","Rows Removed by Index Recheck": 0,"Workers": []}]},{"Node Type": "Hash","Parent Relationship": "Inner","Parallel Aware": false,"Async Capable": false,"Startup Cost": 1.25,"Total Cost": 1.25,"Plan Rows": 25,"Plan Width": 108,"Actual Startup Time": 0.103,"Actual Total Time": 0.113,"Actual Rows": 25,"Actual Loops": 3,"Hash Buckets": 1024,"Original Hash Buckets": 1024,"Hash Batches": 1,"Original Hash Batches": 1,"Peak Memory Usage": 10,"Workers": [],"Plans": [{"Node Type": "Seq Scan","Parent Relationship": "Outer","Parallel Aware": false,"Async Capable": false,"Relation Name": "nation","Alias": "nation","Startup Cost": 0.00,"Total Cost": 1.25,"Plan Rows": 25,"Plan Width": 108,"Actual Startup Time": 0.072,"Actual Total Time": 0.078,"Actual Rows": 25,"Actual Loops": 3,"Workers": []}]}]}]}]}]}]},"Planning Time": 11.577,"Triggers": [],"Execution Time": 2564.419}]
[{"Plan": {"Node Type": "Aggregate","Strategy": "Sorted","Partial Mode": "Finalize","Parallel Aware": false,"Async Capable": false,"Startup Cost": 41381.04,"Total Cost": 41397.45,"Plan Rows": 122,"Plan Width": 168,"Actual Startup Time": 2431.177,"Actual Total Time": 2560.188,"Actual Rows": 175,"Actual Loops": 1,"Group Key": ["nation.n_name", "(EXTRACT(year FROM orders.o_orderdate))"],"Plans": [{"Node Type": "Gather Merge","Parent Relationship": "Outer","Parallel Aware": false,"Async Capable": false,"Startup Cost": 41381.04,"Total Cost": 41394.60,"Plan Rows": 102,"Plan Width": 168,"Actual Startup Time": 2429.302,"Actual Total Time": 2559.805,"Actual Rows": 525,"Actual Loops": 1,"Workers Planned": 2,"Workers Launched": 2,"Plans": [{"Node Type": "Aggregate","Strategy": "Sorted","Partial Mode": "Partial","Parent Relationship": "Outer","Parallel Aware": false,"Async Capable": false,"Startup Cost": 40381.01,"Total Cost": 40382.80,"Plan Rows": 51,"Plan Width": 168,"Actual Startup Time": 2327.238,"Actual Total Time": 2438.083,"Actual Rows": 175,"Actual Loops": 3,"Group Key": ["nation.n_name", "(EXTRACT(year FROM orders.o_orderdate))"],"Workers": [],"Plans": [{"Node Type": "Sort","Parent Relationship": "Outer","Parallel Aware": false,"Async Capable": false,"Startup Cost": 40381.01,"Total Cost": 40381.14,"Plan Rows": 51,"Plan Width": 159,"Actual Startup Time": 2326.616,"Actual Total Time": 2360.128,"Actual Rows": 110167,"Actual Loops": 3,"Sort Key": ["nation.n_name", "(EXTRACT(year FROM orders.o_orderdate)) DESC"],"Sort Method": "quicksort","Sort Space Used": 13685,"Sort Space Type": "Memory","Workers": [{"Worker Number": 0,"Sort Method": "quicksort","Sort Space Used": 14027,"Sort Space Type": "Memory"},{"Worker Number": 1,"Sort Method": "quicksort","Sort Space Used": 14415,"Sort Space Type": "Memory"}],"Plans": [{"Node Type": "Hash Join","Parent Relationship": "Outer","Parallel Aware": false,"Async Capable": false,"Join Type": "Inner","Startup Cost": 3.13,"Total Cost": 40379.57,"Plan Rows": 51,"Plan Width": 159,"Actual Startup Time": 0.774,"Actual Total Time": 2175.154,"Actual Rows": 110167,"Actual Loops": 3,"Inner Unique": true,"Hash Cond": "(supplier.s_nationkey = nation.n_nationkey)","Workers": [],"Plans": [{"Node Type": "Nested Loop","Parent Relationship": "Outer","Parallel Aware": false,"Async Capable": false,"Join Type": "Inner","Startup Cost": 1.57,"Total Cost": 40377.72,"Plan Rows": 51,"Plan Width": 31,"Actual Startup Time": 0.582,"Actual Total Time": 2143.575,"Actual Rows": 110167,"Actual Loops": 3,"Inner Unique": true,"Workers": [],"Plans": [{"Node Type": "Nested Loop","Parent Relationship": "Outer","Parallel Aware": false,"Async Capable": false,"Join Type": "Inner","Startup Cost": 1.14,"Total Cost": 40354.00,"Plan Rows": 51,"Plan Width": 31,"Actual Startup Time": 0.451,"Actual Total Time": 989.410,"Actual Rows": 110167,"Actual Loops": 3,"Inner Unique": true,"Workers": [],"Plans": [{"Node Type": "Nested Loop","Parent Relationship": "Outer","Parallel Aware": false,"Async Capable": false,"Join Type": "Inner","Startup Cost": 0.86,"Total Cost": 40338.56,"Plan Rows": 51,"Plan Width": 35,"Actual Startup Time": 0.342,"Actual Total Time": 803.216,"Actual Rows": 110167,"Actual Loops": 3,"Inner Unique": false,"Workers": [],"Plans": [{"Node Type": "Nested Loop","Parent Relationship": "Outer","Parallel Aware": false,"Async Capable": false,"Join Type": "Inner","Startup Cost": 0.42,"Total Cost": 22456.59,"Plan Rows": 16835,"Plan Width": 18,"Actual Startup Time": 0.214,"Actual Total Time": 117.164,"Actual Rows": 14685,"Actual Loops": 3,"Inner Unique": false,"Workers": [],"Plans": [{"Node Type": "Seq Scan","Parent Relationship": "Outer","Parallel Aware": true,"Async Capable": false,"Relation Name": "part","Alias": "part","Startup Cost": 0.00,"Total Cost": 5138.67,"Plan Rows": 4209,"Plan Width": 4,"Actual Startup Time": 0.077,"Actual Total Time": 49.700,"Actual Rows": 3671,"Actual Loops": 3,"Filter": "((p_name)::text ~~ '%turquoise%'::text)","Rows Removed by Filter": 62995,"Workers": []},{"Node Type": "Index Scan","Parent Relationship": "Inner","Parallel Aware": false,"Async Capable": false,"Scan Direction": "Forward","Index Name": "idx_partsupp_partkey","Relation Name": "partsupp","Alias": "partsupp","Startup Cost": 0.42,"Total Cost": 4.07,"Plan Rows": 4,"Plan Width": 14,"Actual Startup Time": 0.014,"Actual Total Time": 0.018,"Actual Rows": 4,"Actual Loops": 11014,"Index Cond": "(ps_partkey = part.p_partkey)","Rows Removed by Index Recheck": 0,"Workers": []}]},{"Node Type": "Index Scan","Parent Relationship": "Inner","Parallel Aware": false,"Async Capable": false,"Scan Direction": "Forward","Index Name": "idx_lineitem_part_supp","Relation Name": "lineitem","Alias": "lineitem","Startup Cost": 0.43,"Total Cost": 1.05,"Plan Rows": 1,"Plan Width": 29,"Actual Startup Time": 0.007,"Actual Total Time": 0.045,"Actual Rows": 8,"Actual Loops": 44056,"Index Cond": "((l_partkey = partsupp.ps_partkey) AND (l_suppkey = partsupp.ps_suppkey))","Rows Removed by Index Recheck": 0,"Workers": []}]},{"Node Type": "Index Scan","Parent Relationship": "Inner","Parallel Aware": false,"Async Capable": false,"Scan Direction": "Forward","Index Name": "supplier_pkey","Relation Name": "supplier","Alias": "supplier","Startup Cost": 0.29,"Total Cost": 0.30,"Plan Rows": 1,"Plan Width": 8,"Actual Startup Time": 0.001,"Actual Total Time": 0.001,"Actual Rows": 1,"Actual Loops": 330501,"Index Cond": "(s_suppkey = lineitem.l_suppkey)","Rows Removed by Index Recheck": 0,"Workers": []}]},{"Node Type": "Index Scan","Parent Relationship": "Inner","Parallel Aware": false,"Async Capable": false,"Scan Direction": "Forward","Index Name": "orders_pkey","Relation Name": "orders","Alias": "orders","Startup Cost": 0.43,"Total Cost": 0.47,"Plan Rows": 1,"Plan Width": 8,"Actual Startup Time": 0.010,"Actual Total Time": 0.010,"Actual Rows": 1,"Actual Loops": 330501,"Index Cond": "(o_orderkey = lineitem.l_orderkey)","Rows Removed by Index Recheck": 0,"Workers": []}]},{"Node Type": "Hash","Parent Relationship": "Inner","Parallel Aware": false,"Async Capable": false,"Startup Cost": 1.25,"Total Cost": 1.25,"Plan Rows": 25,"Plan Width": 108,"Actual Startup Time": 0.077,"Actual Total Time": 0.095,"Actual Rows": 25,"Actual Loops": 3,"Hash Buckets": 1024,"Original Hash Buckets": 1024,"Hash Batches": 1,"Original Hash Batches": 1,"Peak Memory Usage": 10,"Workers": [],"Plans": [{"Node Type": "Seq Scan","Parent Relationship": "Outer","Parallel Aware": false,"Async Capable": false,"Relation Name": "nation","Alias": "nation","Startup Cost": 0.00,"Total Cost": 1.25,"Plan Rows": 25,"Plan Width": 108,"Actual Startup Time": 0.049,"Actual Total Time": 0.063,"Actual Rows": 25,"Actual Loops": 3,"Workers": []}]}]}]}]}]}]},"Planning Time": 11.933,"Triggers": [],"Execution Time": 2562.804}]
[{"Plan": {"Node Type": "Aggregate","Strategy": "Sorted","Partial Mode": "Finalize","Parallel Aware": false,"Async Capable": false,"Startup Cost": 41381.04,"Total Cost": 41397.45,"Plan Rows": 122,"Plan Width": 168,"Actual Startup Time": 2450.148,"Actual Total Time": 2534.975,"Actual Rows": 175,"Actual Loops": 1,"Group Key": ["nation.n_name", "(EXTRACT(year FROM orders.o_orderdate))"],"Plans": [{"Node Type": "Gather Merge","Parent Relationship": "Outer","Parallel Aware": false,"Async Capable": false,"Startup Cost": 41381.04,"Total Cost": 41394.60,"Plan Rows": 102,"Plan Width": 168,"Actual Startup Time": 2448.558,"Actual Total Time": 2534.429,"Actual Rows": 525,"Actual Loops": 1,"Workers Planned": 2,"Workers Launched": 2,"Plans": [{"Node Type": "Aggregate","Strategy": "Sorted","Partial Mode": "Partial","Parent Relationship": "Outer","Parallel Aware": false,"Async Capable": false,"Startup Cost": 40381.01,"Total Cost": 40382.80,"Plan Rows": 51,"Plan Width": 168,"Actual Startup Time": 2320.131,"Actual Total Time": 2442.177,"Actual Rows": 175,"Actual Loops": 3,"Group Key": ["nation.n_name", "(EXTRACT(year FROM orders.o_orderdate))"],"Workers": [],"Plans": [{"Node Type": "Sort","Parent Relationship": "Outer","Parallel Aware": false,"Async Capable": false,"Startup Cost": 40381.01,"Total Cost": 40381.14,"Plan Rows": 51,"Plan Width": 159,"Actual Startup Time": 2319.540,"Actual Total Time": 2359.449,"Actual Rows": 108975,"Actual Loops": 3,"Sort Key": ["nation.n_name", "(EXTRACT(year FROM orders.o_orderdate)) DESC"],"Sort Method": "quicksort","Sort Space Used": 13700,"Sort Space Type": "Memory","Workers": [{"Worker Number": 0,"Sort Method": "quicksort","Sort Space Used": 13962,"Sort Space Type": "Memory"},{"Worker Number": 1,"Sort Method": "quicksort","Sort Space Used": 14110,"Sort Space Type": "Memory"}],"Plans": [{"Node Type": "Hash Join","Parent Relationship": "Outer","Parallel Aware": false,"Async Capable": false,"Join Type": "Inner","Startup Cost": 3.13,"Total Cost": 40379.57,"Plan Rows": 51,"Plan Width": 159,"Actual Startup Time": 0.665,"Actual Total Time": 2161.485,"Actual Rows": 108975,"Actual Loops": 3,"Inner Unique": true,"Hash Cond": "(supplier.s_nationkey = nation.n_nationkey)","Workers": [],"Plans": [{"Node Type": "Nested Loop","Parent Relationship": "Outer","Parallel Aware": false,"Async Capable": false,"Join Type": "Inner","Startup Cost": 1.57,"Total Cost": 40377.72,"Plan Rows": 51,"Plan Width": 31,"Actual Startup Time": 0.476,"Actual Total Time": 2130.088,"Actual Rows": 108975,"Actual Loops": 3,"Inner Unique": true,"Workers": [],"Plans": [{"Node Type": "Nested Loop","Parent Relationship": "Outer","Parallel Aware": false,"Async Capable": false,"Join Type": "Inner","Startup Cost": 1.14,"Total Cost": 40354.00,"Plan Rows": 51,"Plan Width": 31,"Actual Startup Time": 0.358,"Actual Total Time": 991.301,"Actual Rows": 108975,"Actual Loops": 3,"Inner Unique": true,"Workers": [],"Plans": [{"Node Type": "Nested Loop","Parent Relationship": "Outer","Parallel Aware": false,"Async Capable": false,"Join Type": "Inner","Startup Cost": 0.86,"Total Cost": 40338.56,"Plan Rows": 51,"Plan Width": 35,"Actual Startup Time": 0.273,"Actual Total Time": 807.397,"Actual Rows": 108975,"Actual Loops": 3,"Inner Unique": false,"Workers": [],"Plans": [{"Node Type": "Nested Loop","Parent Relationship": "Outer","Parallel Aware": false,"Async Capable": false,"Join Type": "Inner","Startup Cost": 0.42,"Total Cost": 22456.59,"Plan Rows": 16835,"Plan Width": 18,"Actual Startup Time": 0.178,"Actual Total Time": 117.714,"Actual Rows": 14541,"Actual Loops": 3,"Inner Unique": false,"Workers": [],"Plans": [{"Node Type": "Seq Scan","Parent Relationship": "Outer","Parallel Aware": true,"Async Capable": false,"Relation Name": "part","Alias": "part","Startup Cost": 0.00,"Total Cost": 5138.67,"Plan Rows": 4209,"Plan Width": 4,"Actual Startup Time": 0.056,"Actual Total Time": 50.629,"Actual Rows": 3635,"Actual Loops": 3,"Filter": "((p_name)::text ~~ '%honeydew%'::text)","Rows Removed by Filter": 63031,"Workers": []},{"Node Type": "Index Scan","Parent Relationship": "Inner","Parallel Aware": false,"Async Capable": false,"Scan Direction": "Forward","Index Name": "idx_partsupp_partkey","Relation Name": "partsupp","Alias": "partsupp","Startup Cost": 0.42,"Total Cost": 4.07,"Plan Rows": 4,"Plan Width": 14,"Actual Startup Time": 0.014,"Actual Total Time": 0.018,"Actual Rows": 4,"Actual Loops": 10906,"Index Cond": "(ps_partkey = part.p_partkey)","Rows Removed by Index Recheck": 0,"Workers": []}]},{"Node Type": "Index Scan","Parent Relationship": "Inner","Parallel Aware": false,"Async Capable": false,"Scan Direction": "Forward","Index Name": "idx_lineitem_part_supp","Relation Name": "lineitem","Alias": "lineitem","Startup Cost": 0.43,"Total Cost": 1.05,"Plan Rows": 1,"Plan Width": 29,"Actual Startup Time": 0.007,"Actual Total Time": 0.046,"Actual Rows": 7,"Actual Loops": 43624,"Index Cond": "((l_partkey = partsupp.ps_partkey) AND (l_suppkey = partsupp.ps_suppkey))","Rows Removed by Index Recheck": 0,"Workers": []}]},{"Node Type": "Index Scan","Parent Relationship": "Inner","Parallel Aware": false,"Async Capable": false,"Scan Direction": "Forward","Index Name": "supplier_pkey","Relation Name": "supplier","Alias": "supplier","Startup Cost": 0.29,"Total Cost": 0.30,"Plan Rows": 1,"Plan Width": 8,"Actual Startup Time": 0.001,"Actual Total Time": 0.001,"Actual Rows": 1,"Actual Loops": 326925,"Index Cond": "(s_suppkey = lineitem.l_suppkey)","Rows Removed by Index Recheck": 0,"Workers": []}]},{"Node Type": "Index Scan","Parent Relationship": "Inner","Parallel Aware": false,"Async Capable": false,"Scan Direction": "Forward","Index Name": "orders_pkey","Relation Name": "orders","Alias": "orders","Startup Cost": 0.43,"Total Cost": 0.47,"Plan Rows": 1,"Plan Width": 8,"Actual Startup Time": 0.010,"Actual Total Time": 0.010,"Actual Rows": 1,"Actual Loops": 326925,"Index Cond": "(o_orderkey = lineitem.l_orderkey)","Rows Removed by Index Recheck": 0,"Workers": []}]},{"Node Type": "Hash","Parent Relationship": "Inner","Parallel Aware": false,"Async Capable": false,"Startup Cost": 1.25,"Total Cost": 1.25,"Plan Rows": 25,"Plan Width": 108,"Actual Startup Time": 0.092,"Actual Total Time": 0.113,"Actual Rows": 25,"Actual Loops": 3,"Hash Buckets": 1024,"Original Hash Buckets": 1024,"Hash Batches": 1,"Original Hash Batches": 1,"Peak Memory Usage": 10,"Workers": [],"Plans": [{"Node Type": "Seq Scan","Parent Relationship": "Outer","Parallel Aware": false,"Async Capable": false,"Relation Name": "nation","Alias": "nation","Startup Cost": 0.00,"Total Cost": 1.25,"Plan Rows": 25,"Plan Width": 108,"Actual Startup Time": 0.053,"Actual Total Time": 0.073,"Actual Rows": 25,"Actual Loops": 3,"Workers": []}]}]}]}]}]}]},"Planning Time": 12.409,"Triggers": [],"Execution Time": 2536.448}]
[{"Plan": {"Node Type": "Aggregate","Strategy": "Sorted","Partial Mode": "Finalize","Parallel Aware": false,"Async Capable": false,"Startup Cost": 35224.41,"Total Cost": 35237.30,"Plan Rows": 97,"Plan Width": 168,"Actual Startup Time": 2468.334,"Actual Total Time": 2614.615,"Actual Rows": 175,"Actual Loops": 1,"Group Key": ["nation.n_name", "(EXTRACT(year FROM orders.o_orderdate))"],"Plans": [{"Node Type": "Gather Merge","Parent Relationship": "Outer","Parallel Aware": false,"Async Capable": false,"Startup Cost": 35224.41,"Total Cost": 35235.05,"Plan Rows": 80,"Plan Width": 168,"Actual Startup Time": 2467.004,"Actual Total Time": 2614.239,"Actual Rows": 525,"Actual Loops": 1,"Workers Planned": 2,"Workers Launched": 2,"Plans": [{"Node Type": "Aggregate","Strategy": "Sorted","Partial Mode": "Partial","Parent Relationship": "Outer","Parallel Aware": false,"Async Capable": false,"Startup Cost": 34224.39,"Total Cost": 34225.79,"Plan Rows": 40,"Plan Width": 168,"Actual Startup Time": 2350.593,"Actual Total Time": 2488.300,"Actual Rows": 175,"Actual Loops": 3,"Group Key": ["nation.n_name", "(EXTRACT(year FROM orders.o_orderdate))"],"Workers": [],"Plans": [{"Node Type": "Sort","Parent Relationship": "Outer","Parallel Aware": false,"Async Capable": false,"Startup Cost": 34224.39,"Total Cost": 34224.49,"Plan Rows": 40,"Plan Width": 159,"Actual Startup Time": 2349.936,"Actual Total Time": 2400.414,"Actual Rows": 109238,"Actual Loops": 3,"Sort Key": ["nation.n_name", "(EXTRACT(year FROM orders.o_orderdate)) DESC"],"Sort Method": "quicksort","Sort Space Used": 14698,"Sort Space Type": "Memory","Workers": [{"Worker Number": 0,"Sort Method": "quicksort","Sort Space Used": 13564,"Sort Space Type": "Memory"},{"Worker Number": 1,"Sort Method": "quicksort","Sort Space Used": 13587,"Sort Space Type": "Memory"}],"Plans": [{"Node Type": "Hash Join","Parent Relationship": "Outer","Parallel Aware": false,"Async Capable": false,"Join Type": "Inner","Startup Cost": 3.13,"Total Cost": 34223.32,"Plan Rows": 40,"Plan Width": 159,"Actual Startup Time": 0.710,"Actual Total Time": 2199.303,"Actual Rows": 109238,"Actual Loops": 3,"Inner Unique": true,"Hash Cond": "(supplier.s_nationkey = nation.n_nationkey)","Workers": [],"Plans": [{"Node Type": "Nested Loop","Parent Relationship": "Outer","Parallel Aware": false,"Async Capable": false,"Join Type": "Inner","Startup Cost": 1.57,"Total Cost": 34221.53,"Plan Rows": 40,"Plan Width": 31,"Actual Startup Time": 0.515,"Actual Total Time": 2168.211,"Actual Rows": 109238,"Actual Loops": 3,"Inner Unique": true,"Workers": [],"Plans": [{"Node Type": "Nested Loop","Parent Relationship": "Outer","Parallel Aware": false,"Async Capable": false,"Join Type": "Inner","Startup Cost": 1.14,"Total Cost": 34202.93,"Plan Rows": 40,"Plan Width": 31,"Actual Startup Time": 0.366,"Actual Total Time": 1011.087,"Actual Rows": 109238,"Actual Loops": 3,"Inner Unique": true,"Workers": [],"Plans": [{"Node Type": "Nested Loop","Parent Relationship": "Outer","Parallel Aware": false,"Async Capable": false,"Join Type": "Inner","Startup Cost": 0.86,"Total Cost": 34190.82,"Plan Rows": 40,"Plan Width": 35,"Actual Startup Time": 0.280,"Actual Total Time": 824.347,"Actual Rows": 109238,"Actual Loops": 3,"Inner Unique": false,"Workers": [],"Plans": [{"Node Type": "Nested Loop","Parent Relationship": "Outer","Parallel Aware": false,"Async Capable": false,"Join Type": "Inner","Startup Cost": 0.42,"Total Cost": 19885.25,"Plan Rows": 13468,"Plan Width": 18,"Actual Startup Time": 0.177,"Actual Total Time": 115.126,"Actual Rows": 14568,"Actual Loops": 3,"Inner Unique": false,"Workers": [],"Plans": [{"Node Type": "Seq Scan","Parent Relationship": "Outer","Parallel Aware": true,"Async Capable": false,"Relation Name": "part","Alias": "part","Startup Cost": 0.00,"Total Cost": 5138.67,"Plan Rows": 3367,"Plan Width": 4,"Actual Startup Time": 0.049,"Actual Total Time": 48.508,"Actual Rows": 3642,"Actual Loops": 3,"Filter": "((p_name)::text ~~ '%purple%'::text)","Rows Removed by Filter": 63025,"Workers": []},{"Node Type": "Index Scan","Parent Relationship": "Inner","Parallel Aware": false,"Async Capable": false,"Scan Direction": "Forward","Index Name": "idx_partsupp_partkey","Relation Name": "partsupp","Alias": "partsupp","Startup Cost": 0.42,"Total Cost": 4.34,"Plan Rows": 4,"Plan Width": 14,"Actual Startup Time": 0.014,"Actual Total Time": 0.018,"Actual Rows": 4,"Actual Loops": 10926,"Index Cond": "(ps_partkey = part.p_partkey)","Rows Removed by Index Recheck": 0,"Workers": []}]},{"Node Type": "Index Scan","Parent Relationship": "Inner","Parallel Aware": false,"Async Capable": false,"Scan Direction": "Forward","Index Name": "idx_lineitem_part_supp","Relation Name": "lineitem","Alias": "lineitem","Startup Cost": 0.43,"Total Cost": 1.05,"Plan Rows": 1,"Plan Width": 29,"Actual Startup Time": 0.007,"Actual Total Time": 0.047,"Actual Rows": 7,"Actual Loops": 43704,"Index Cond": "((l_partkey = partsupp.ps_partkey) AND (l_suppkey = partsupp.ps_suppkey))","Rows Removed by Index Recheck": 0,"Workers": []}]},{"Node Type": "Index Scan","Parent Relationship": "Inner","Parallel Aware": false,"Async Capable": false,"Scan Direction": "Forward","Index Name": "supplier_pkey","Relation Name": "supplier","Alias": "supplier","Startup Cost": 0.29,"Total Cost": 0.30,"Plan Rows": 1,"Plan Width": 8,"Actual Startup Time": 0.001,"Actual Total Time": 0.001,"Actual Rows": 1,"Actual Loops": 327714,"Index Cond": "(s_suppkey = lineitem.l_suppkey)","Rows Removed by Index Recheck": 0,"Workers": []}]},{"Node Type": "Index Scan","Parent Relationship": "Inner","Parallel Aware": false,"Async Capable": false,"Scan Direction": "Forward","Index Name": "orders_pkey","Relation Name": "orders","Alias": "orders","Startup Cost": 0.43,"Total Cost": 0.47,"Plan Rows": 1,"Plan Width": 8,"Actual Startup Time": 0.010,"Actual Total Time": 0.010,"Actual Rows": 1,"Actual Loops": 327714,"Index Cond": "(o_orderkey = lineitem.l_orderkey)","Rows Removed by Index Recheck": 0,"Workers": []}]},{"Node Type": "Hash","Parent Relationship": "Inner","Parallel Aware": false,"Async Capable": false,"Startup Cost": 1.25,"Total Cost": 1.25,"Plan Rows": 25,"Plan Width": 108,"Actual Startup Time": 0.085,"Actual Total Time": 0.094,"Actual Rows": 25,"Actual Loops": 3,"Hash Buckets": 1024,"Original Hash Buckets": 1024,"Hash Batches": 1,"Original Hash Batches": 1,"Peak Memory Usage": 10,"Workers": [],"Plans": [{"Node Type": "Seq Scan","Parent Relationship": "Outer","Parallel Aware": false,"Async Capable": false,"Relation Name": "nation","Alias": "nation","Startup Cost": 0.00,"Total Cost": 1.25,"Plan Rows": 25,"Plan Width": 108,"Actual Startup Time": 0.054,"Actual Total Time": 0.060,"Actual Rows": 25,"Actual Loops": 3,"Workers": []}]}]}]}]}]}]},"Planning Time": 11.747,"Triggers": [],"Execution Time": 2615.991}]
[{"Plan": {"Node Type": "Aggregate","Strategy": "Sorted","Partial Mode": "Finalize","Parallel Aware": false,"Async Capable": false,"Startup Cost": 47355.08,"Total Cost": 47374.71,"Plan Rows": 146,"Plan Width": 168,"Actual Startup Time": 2504.241,"Actual Total Time": 2642.335,"Actual Rows": 175,"Actual Loops": 1,"Group Key": ["nation.n_name", "(EXTRACT(year FROM orders.o_orderdate))"],"Plans": [{"Node Type": "Gather Merge","Parent Relationship": "Outer","Parallel Aware": false,"Async Capable": false,"Startup Cost": 47355.08,"Total Cost": 47371.30,"Plan Rows": 122,"Plan Width": 168,"Actual Startup Time": 2502.506,"Actual Total Time": 2641.857,"Actual Rows": 525,"Actual Loops": 1,"Workers Planned": 2,"Workers Launched": 2,"Plans": [{"Node Type": "Aggregate","Strategy": "Sorted","Partial Mode": "Partial","Parent Relationship": "Outer","Parallel Aware": false,"Async Capable": false,"Startup Cost": 46355.06,"Total Cost": 46357.20,"Plan Rows": 61,"Plan Width": 168,"Actual Startup Time": 2344.670,"Actual Total Time": 2498.493,"Actual Rows": 175,"Actual Loops": 3,"Group Key": ["nation.n_name", "(EXTRACT(year FROM orders.o_orderdate))"],"Workers": [],"Plans": [{"Node Type": "Sort","Parent Relationship": "Outer","Parallel Aware": false,"Async Capable": false,"Startup Cost": 46355.06,"Total Cost": 46355.21,"Plan Rows": 61,"Plan Width": 159,"Actual Startup Time": 2344.013,"Actual Total Time": 2402.913,"Actual Rows": 108480,"Actual Loops": 3,"Sort Key": ["nation.n_name", "(EXTRACT(year FROM orders.o_orderdate)) DESC"],"Sort Method": "quicksort","Sort Space Used": 13732,"Sort Space Type": "Memory","Workers": [{"Worker Number": 0,"Sort Method": "quicksort","Sort Space Used": 13598,"Sort Space Type": "Memory"},{"Worker Number": 1,"Sort Method": "quicksort","Sort Space Used": 14292,"Sort Space Type": "Memory"}],"Plans": [{"Node Type": "Hash Join","Parent Relationship": "Outer","Parallel Aware": false,"Async Capable": false,"Join Type": "Inner","Startup Cost": 3.13,"Total Cost": 46353.25,"Plan Rows": 61,"Plan Width": 159,"Actual Startup Time": 0.691,"Actual Total Time": 2191.960,"Actual Rows": 108480,"Actual Loops": 3,"Inner Unique": true,"Hash Cond": "(supplier.s_nationkey = nation.n_nationkey)","Workers": [],"Plans": [{"Node Type": "Nested Loop","Parent Relationship": "Outer","Parallel Aware": false,"Async Capable": false,"Join Type": "Inner","Startup Cost": 1.57,"Total Cost": 46351.35,"Plan Rows": 61,"Plan Width": 31,"Actual Startup Time": 0.511,"Actual Total Time": 2159.831,"Actual Rows": 108480,"Actual Loops": 3,"Inner Unique": true,"Workers": [],"Plans": [{"Node Type": "Nested Loop","Parent Relationship": "Outer","Parallel Aware": false,"Async Capable": false,"Join Type": "Inner","Startup Cost": 1.14,"Total Cost": 46322.98,"Plan Rows": 61,"Plan Width": 31,"Actual Startup Time": 0.381,"Actual Total Time": 1010.906,"Actual Rows": 108480,"Actual Loops": 3,"Inner Unique": true,"Workers": [],"Plans": [{"Node Type": "Nested Loop","Parent Relationship": "Outer","Parallel Aware": false,"Async Capable": false,"Join Type": "Inner","Startup Cost": 0.86,"Total Cost": 46304.52,"Plan Rows": 61,"Plan Width": 35,"Actual Startup Time": 0.285,"Actual Total Time": 825.109,"Actual Rows": 108480,"Actual Loops": 3,"Inner Unique": false,"Workers": [],"Plans": [{"Node Type": "Nested Loop","Parent Relationship": "Outer","Parallel Aware": false,"Async Capable": false,"Join Type": "Inner","Startup Cost": 0.42,"Total Cost": 24846.16,"Plan Rows": 20202,"Plan Width": 18,"Actual Startup Time": 0.180,"Actual Total Time": 116.007,"Actual Rows": 14429,"Actual Loops": 3,"Inner Unique": false,"Workers": [],"Plans": [{"Node Type": "Seq Scan","Parent Relationship": "Outer","Parallel Aware": true,"Async Capable": false,"Relation Name": "part","Alias": "part","Startup Cost": 0.00,"Total Cost": 5138.67,"Plan Rows": 5051,"Plan Width": 4,"Actual Startup Time": 0.052,"Actual Total Time": 50.227,"Actual Rows": 3607,"Actual Loops": 3,"Filter": "((p_name)::text ~~ '%sky%'::text)","Rows Removed by Filter": 63059,"Workers": []},{"Node Type": "Index Scan","Parent Relationship": "Inner","Parallel Aware": false,"Async Capable": false,"Scan Direction": "Forward","Index Name": "idx_partsupp_partkey","Relation Name": "partsupp","Alias": "partsupp","Startup Cost": 0.42,"Total Cost": 3.86,"Plan Rows": 4,"Plan Width": 14,"Actual Startup Time": 0.014,"Actual Total Time": 0.017,"Actual Rows": 4,"Actual Loops": 10822,"Index Cond": "(ps_partkey = part.p_partkey)","Rows Removed by Index Recheck": 0,"Workers": []}]},{"Node Type": "Index Scan","Parent Relationship": "Inner","Parallel Aware": false,"Async Capable": false,"Scan Direction": "Forward","Index Name": "idx_lineitem_part_supp","Relation Name": "lineitem","Alias": "lineitem","Startup Cost": 0.43,"Total Cost": 1.05,"Plan Rows": 1,"Plan Width": 29,"Actual Startup Time": 0.007,"Actual Total Time": 0.047,"Actual Rows": 8,"Actual Loops": 43288,"Index Cond": "((l_partkey = partsupp.ps_partkey) AND (l_suppkey = partsupp.ps_suppkey))","Rows Removed by Index Recheck": 0,"Workers": []}]},{"Node Type": "Index Scan","Parent Relationship": "Inner","Parallel Aware": false,"Async Capable": false,"Scan Direction": "Forward","Index Name": "supplier_pkey","Relation Name": "supplier","Alias": "supplier","Startup Cost": 0.29,"Total Cost": 0.30,"Plan Rows": 1,"Plan Width": 8,"Actual Startup Time": 0.001,"Actual Total Time": 0.001,"Actual Rows": 1,"Actual Loops": 325439,"Index Cond": "(s_suppkey = lineitem.l_suppkey)","Rows Removed by Index Recheck": 0,"Workers": []}]},{"Node Type": "Index Scan","Parent Relationship": "Inner","Parallel Aware": false,"Async Capable": false,"Scan Direction": "Forward","Index Name": "orders_pkey","Relation Name": "orders","Alias": "orders","Startup Cost": 0.43,"Total Cost": 0.47,"Plan Rows": 1,"Plan Width": 8,"Actual Startup Time": 0.010,"Actual Total Time": 0.010,"Actual Rows": 1,"Actual Loops": 325439,"Index Cond": "(o_orderkey = lineitem.l_orderkey)","Rows Removed by Index Recheck": 0,"Workers": []}]},{"Node Type": "Hash","Parent Relationship": "Inner","Parallel Aware": false,"Async Capable": false,"Startup Cost": 1.25,"Total Cost": 1.25,"Plan Rows": 25,"Plan Width": 108,"Actual Startup Time": 0.080,"Actual Total Time": 0.093,"Actual Rows": 25,"Actual Loops": 3,"Hash Buckets": 1024,"Original Hash Buckets": 1024,"Hash Batches": 1,"Original Hash Batches": 1,"Peak Memory Usage": 10,"Workers": [],"Plans": [{"Node Type": "Seq Scan","Parent Relationship": "Outer","Parallel Aware": false,"Async Capable": false,"Relation Name": "nation","Alias": "nation","Startup Cost": 0.00,"Total Cost": 1.25,"Plan Rows": 25,"Plan Width": 108,"Actual Startup Time": 0.053,"Actual Total Time": 0.061,"Actual Rows": 25,"Actual Loops": 3,"Workers": []}]}]}]}]}]}]},"Planning Time": 12.506,"Triggers": [],"Execution Time": 2643.875}]
[{"Plan": {"Node Type": "Aggregate","Strategy": "Sorted","Partial Mode": "Finalize","Parallel Aware": false,"Async Capable": false,"Startup Cost": 41381.04,"Total Cost": 41397.45,"Plan Rows": 122,"Plan Width": 168,"Actual Startup Time": 2415.817,"Actual Total Time": 2576.279,"Actual Rows": 175,"Actual Loops": 1,"Group Key": ["nation.n_name", "(EXTRACT(year FROM orders.o_orderdate))"],"Plans": [{"Node Type": "Gather Merge","Parent Relationship": "Outer","Parallel Aware": false,"Async Capable": false,"Startup Cost": 41381.04,"Total Cost": 41394.60,"Plan Rows": 102,"Plan Width": 168,"Actual Startup Time": 2413.962,"Actual Total Time": 2575.846,"Actual Rows": 525,"Actual Loops": 1,"Workers Planned": 2,"Workers Launched": 2,"Plans": [{"Node Type": "Aggregate","Strategy": "Sorted","Partial Mode": "Partial","Parent Relationship": "Outer","Parallel Aware": false,"Async Capable": false,"Startup Cost": 40381.01,"Total Cost": 40382.80,"Plan Rows": 51,"Plan Width": 168,"Actual Startup Time": 2314.456,"Actual Total Time": 2439.761,"Actual Rows": 175,"Actual Loops": 3,"Group Key": ["nation.n_name", "(EXTRACT(year FROM orders.o_orderdate))"],"Workers": [],"Plans": [{"Node Type": "Sort","Parent Relationship": "Outer","Parallel Aware": false,"Async Capable": false,"Startup Cost": 40381.01,"Total Cost": 40381.14,"Plan Rows": 51,"Plan Width": 159,"Actual Startup Time": 2313.793,"Actual Total Time": 2356.065,"Actual Rows": 108863,"Actual Loops": 3,"Sort Key": ["nation.n_name", "(EXTRACT(year FROM orders.o_orderdate)) DESC"],"Sort Method": "quicksort","Sort Space Used": 13940,"Sort Space Type": "Memory","Workers": [{"Worker Number": 0,"Sort Method": "quicksort","Sort Space Used": 14265,"Sort Space Type": "Memory"},{"Worker Number": 1,"Sort Method": "quicksort","Sort Space Used": 13529,"Sort Space Type": "Memory"}],"Plans": [{"Node Type": "Hash Join","Parent Relationship": "Outer","Parallel Aware": false,"Async Capable": false,"Join Type": "Inner","Startup Cost": 3.13,"Total Cost": 40379.57,"Plan Rows": 51,"Plan Width": 159,"Actual Startup Time": 0.692,"Actual Total Time": 2163.813,"Actual Rows": 108863,"Actual Loops": 3,"Inner Unique": true,"Hash Cond": "(supplier.s_nationkey = nation.n_nationkey)","Workers": [],"Plans": [{"Node Type": "Nested Loop","Parent Relationship": "Outer","Parallel Aware": false,"Async Capable": false,"Join Type": "Inner","Startup Cost": 1.57,"Total Cost": 40377.72,"Plan Rows": 51,"Plan Width": 31,"Actual Startup Time": 0.496,"Actual Total Time": 2131.834,"Actual Rows": 108863,"Actual Loops": 3,"Inner Unique": true,"Workers": [],"Plans": [{"Node Type": "Nested Loop","Parent Relationship": "Outer","Parallel Aware": false,"Async Capable": false,"Join Type": "Inner","Startup Cost": 1.14,"Total Cost": 40354.00,"Plan Rows": 51,"Plan Width": 31,"Actual Startup Time": 0.384,"Actual Total Time": 987.825,"Actual Rows": 108863,"Actual Loops": 3,"Inner Unique": true,"Workers": [],"Plans": [{"Node Type": "Nested Loop","Parent Relationship": "Outer","Parallel Aware": false,"Async Capable": false,"Join Type": "Inner","Startup Cost": 0.86,"Total Cost": 40338.56,"Plan Rows": 51,"Plan Width": 35,"Actual Startup Time": 0.287,"Actual Total Time": 802.632,"Actual Rows": 108863,"Actual Loops": 3,"Inner Unique": false,"Workers": [],"Plans": [{"Node Type": "Nested Loop","Parent Relationship": "Outer","Parallel Aware": false,"Async Capable": false,"Join Type": "Inner","Startup Cost": 0.42,"Total Cost": 22456.59,"Plan Rows": 16835,"Plan Width": 18,"Actual Startup Time": 0.178,"Actual Total Time": 118.628,"Actual Rows": 14540,"Actual Loops": 3,"Inner Unique": false,"Workers": [],"Plans": [{"Node Type": "Seq Scan","Parent Relationship": "Outer","Parallel Aware": true,"Async Capable": false,"Relation Name": "part","Alias": "part","Startup Cost": 0.00,"Total Cost": 5138.67,"Plan Rows": 4209,"Plan Width": 4,"Actual Startup Time": 0.055,"Actual Total Time": 50.445,"Actual Rows": 3635,"Actual Loops": 3,"Filter": "((p_name)::text ~~ '%powder%'::text)","Rows Removed by Filter": 63032,"Workers": []},{"Node Type": "Index Scan","Parent Relationship": "Inner","Parallel Aware": false,"Async Capable": false,"Scan Direction": "Forward","Index Name": "idx_partsupp_partkey","Relation Name": "partsupp","Alias": "partsupp","Startup Cost": 0.42,"Total Cost": 4.07,"Plan Rows": 4,"Plan Width": 14,"Actual Startup Time": 0.014,"Actual Total Time": 0.018,"Actual Rows": 4,"Actual Loops": 10905,"Index Cond": "(ps_partkey = part.p_partkey)","Rows Removed by Index Recheck": 0,"Workers": []}]},{"Node Type": "Index Scan","Parent Relationship": "Inner","Parallel Aware": false,"Async Capable": false,"Scan Direction": "Forward","Index Name": "idx_lineitem_part_supp","Relation Name": "lineitem","Alias": "lineitem","Startup Cost": 0.43,"Total Cost": 1.05,"Plan Rows": 1,"Plan Width": 29,"Actual Startup Time": 0.007,"Actual Total Time": 0.045,"Actual Rows": 7,"Actual Loops": 43620,"Index Cond": "((l_partkey = partsupp.ps_partkey) AND (l_suppkey = partsupp.ps_suppkey))","Rows Removed by Index Recheck": 0,"Workers": []}]},{"Node Type": "Index Scan","Parent Relationship": "Inner","Parallel Aware": false,"Async Capable": false,"Scan Direction": "Forward","Index Name": "supplier_pkey","Relation Name": "supplier","Alias": "supplier","Startup Cost": 0.29,"Total Cost": 0.30,"Plan Rows": 1,"Plan Width": 8,"Actual Startup Time": 0.001,"Actual Total Time": 0.001,"Actual Rows": 1,"Actual Loops": 326589,"Index Cond": "(s_suppkey = lineitem.l_suppkey)","Rows Removed by Index Recheck": 0,"Workers": []}]},{"Node Type": "Index Scan","Parent Relationship": "Inner","Parallel Aware": false,"Async Capable": false,"Scan Direction": "Forward","Index Name": "orders_pkey","Relation Name": "orders","Alias": "orders","Startup Cost": 0.43,"Total Cost": 0.47,"Plan Rows": 1,"Plan Width": 8,"Actual Startup Time": 0.010,"Actual Total Time": 0.010,"Actual Rows": 1,"Actual Loops": 326589,"Index Cond": "(o_orderkey = lineitem.l_orderkey)","Rows Removed by Index Recheck": 0,"Workers": []}]},{"Node Type": "Hash","Parent Relationship": "Inner","Parallel Aware": false,"Async Capable": false,"Startup Cost": 1.25,"Total Cost": 1.25,"Plan Rows": 25,"Plan Width": 108,"Actual Startup Time": 0.092,"Actual Total Time": 0.101,"Actual Rows": 25,"Actual Loops": 3,"Hash Buckets": 1024,"Original Hash Buckets": 1024,"Hash Batches": 1,"Original Hash Batches": 1,"Peak Memory Usage": 10,"Workers": [],"Plans": [{"Node Type": "Seq Scan","Parent Relationship": "Outer","Parallel Aware": false,"Async Capable": false,"Relation Name": "nation","Alias": "nation","Startup Cost": 0.00,"Total Cost": 1.25,"Plan Rows": 25,"Plan Width": 108,"Actual Startup Time": 0.056,"Actual Total Time": 0.062,"Actual Rows": 25,"Actual Loops": 3,"Workers": []}]}]}]}]}]}]},"Planning Time": 11.856,"Triggers": [],"Execution Time": 2578.474}]
[{"Plan": {"Node Type": "Aggregate","Strategy": "Sorted","Partial Mode": "Finalize","Parallel Aware": false,"Async Capable": false,"Startup Cost": 46348.90,"Total Cost": 46374.41,"Plan Rows": 170,"Plan Width": 168,"Actual Startup Time": 1730.222,"Actual Total Time": 1874.204,"Actual Rows": 175,"Actual Loops": 1,"Group Key": ["nation.n_name", "(EXTRACT(year FROM orders.o_orderdate))"],"Plans": [{"Node Type": "Gather Merge","Parent Relationship": "Outer","Parallel Aware": false,"Async Capable": false,"Startup Cost": 46348.90,"Total Cost": 46370.21,"Plan Rows": 165,"Plan Width": 168,"Actual Startup Time": 1728.668,"Actual Total Time": 1873.759,"Actual Rows": 700,"Actual Loops": 1,"Workers Planned": 3,"Workers Launched": 3,"Plans": [{"Node Type": "Aggregate","Strategy": "Sorted","Partial Mode": "Partial","Parent Relationship": "Outer","Parallel Aware": false,"Async Capable": false,"Startup Cost": 45348.86,"Total Cost": 45350.79,"Plan Rows": 55,"Plan Width": 168,"Actual Startup Time": 1650.826,"Actual Total Time": 1744.501,"Actual Rows": 175,"Actual Loops": 4,"Group Key": ["nation.n_name", "(EXTRACT(year FROM orders.o_orderdate))"],"Workers": [],"Plans": [{"Node Type": "Sort","Parent Relationship": "Outer","Parallel Aware": false,"Async Capable": false,"Startup Cost": 45348.86,"Total Cost": 45349.00,"Plan Rows": 55,"Plan Width": 159,"Actual Startup Time": 1650.333,"Actual Total Time": 1682.232,"Actual Rows": 81534,"Actual Loops": 4,"Sort Key": ["nation.n_name", "(EXTRACT(year FROM orders.o_orderdate)) DESC"],"Sort Method": "quicksort","Sort Space Used": 11317,"Sort Space Type": "Memory","Workers": [{"Worker Number": 0,"Sort Method": "quicksort","Sort Space Used": 11037,"Sort Space Type": "Memory"},{"Worker Number": 1,"Sort Method": "quicksort","Sort Space Used": 11269,"Sort Space Type": "Memory"},{"Worker Number": 2,"Sort Method": "quicksort","Sort Space Used": 11142,"Sort Space Type": "Memory"}],"Plans": [{"Node Type": "Hash Join","Parent Relationship": "Outer","Parallel Aware": false,"Async Capable": false,"Join Type": "Inner","Startup Cost": 5215.02,"Total Cost": 45347.27,"Plan Rows": 55,"Plan Width": 159,"Actual Startup Time": 22.539,"Actual Total Time": 1549.942,"Actual Rows": 81534,"Actual Loops": 4,"Inner Unique": true,"Hash Cond": "(supplier.s_nationkey = nation.n_nationkey)","Workers": [],"Plans": [{"Node Type": "Nested Loop","Parent Relationship": "Outer","Parallel Aware": false,"Async Capable": false,"Join Type": "Inner","Startup Cost": 5213.46,"Total Cost": 45345.40,"Plan Rows": 55,"Plan Width": 31,"Actual Startup Time": 22.374,"Actual Total Time": 1526.572,"Actual Rows": 81534,"Actual Loops": 4,"Inner Unique": true,"Workers": [],"Plans": [{"Node Type": "Nested Loop","Parent Relationship": "Outer","Parallel Aware": false,"Async Capable": false,"Join Type": "Inner","Startup Cost": 5213.03,"Total Cost": 45319.82,"Plan Rows": 55,"Plan Width": 31,"Actual Startup Time": 22.306,"Actual Total Time": 793.181,"Actual Rows": 81534,"Actual Loops": 4,"Inner Unique": true,"Workers": [],"Plans": [{"Node Type": "Nested Loop","Parent Relationship": "Outer","Parallel Aware": false,"Async Capable": false,"Join Type": "Inner","Startup Cost": 5212.75,"Total Cost": 45303.17,"Plan Rows": 55,"Plan Width": 35,"Actual Startup Time": 22.249,"Actual Total Time": 656.284,"Actual Rows": 81534,"Actual Loops": 4,"Inner Unique": false,"Workers": [],"Plans": [{"Node Type": "Hash Join","Parent Relationship": "Outer","Parallel Aware": true,"Async Capable": false,"Join Type": "Inner","Startup Cost": 5212.32,"Total Cost": 25921.39,"Plan Rows": 18247,"Plan Width": 18,"Actual Startup Time": 22.162,"Actual Total Time": 197.619,"Actual Rows": 10856,"Actual Loops": 4,"Inner Unique": true,"Hash Cond": "(partsupp.ps_partkey = part.p_partkey)","Workers": [],"Plans": [{"Node Type": "Seq Scan","Parent Relationship": "Outer","Parallel Aware": true,"Async Capable": false,"Relation Name": "partsupp","Alias": "partsupp","Startup Cost": 0.00,"Total Cost": 20031.65,"Plan Rows": 258065,"Plan Width": 14,"Actual Startup Time": 0.014,"Actual Total Time": 42.173,"Actual Rows": 200000,"Actual Loops": 4,"Workers": []},{"Node Type": "Hash","Parent Relationship": "Inner","Parallel Aware": true,"Async Capable": false,"Startup Cost": 5138.67,"Total Cost": 5138.67,"Plan Rows": 5892,"Plan Width": 4,"Actual Startup Time": 22.002,"Actual Total Time": 22.011,"Actual Rows": 2714,"Actual Loops": 4,"Hash Buckets": 16384,"Original Hash Buckets": 16384,"Hash Batches": 1,"Original Hash Batches": 1,"Peak Memory Usage": 608,"Workers": [],"Plans": [{"Node Type": "Seq Scan","Parent Relationship": "Outer","Parallel Aware": true,"Async Capable": false,"Relation Name": "part","Alias": "part","Startup Cost": 0.00,"Total Cost": 5138.67,"Plan Rows": 5892,"Plan Width": 4,"Actual Startup Time": 0.065,"Actual Total Time": 20.262,"Actual Rows": 2714,"Actual Loops": 4,"Filter": "((p_name)::text ~~ '%pink%'::text)","Rows Removed by Filter": 47286,"Workers": []}]}]},{"Node Type": "Index Scan","Parent Relationship": "Inner","Parallel Aware": false,"Async Capable": false,"Scan Direction": "Forward","Index Name": "idx_lineitem_part_supp","Relation Name": "lineitem","Alias": "lineitem","Startup Cost": 0.43,"Total Cost": 1.05,"Plan Rows": 1,"Plan Width": 29,"Actual Startup Time": 0.006,"Actual Total Time": 0.041,"Actual Rows": 8,"Actual Loops": 43424,"Index Cond": "((l_partkey = partsupp.ps_partkey) AND (l_suppkey = partsupp.ps_suppkey))","Rows Removed by Index Recheck": 0,"Workers": []}]},{"Node Type": "Index Scan","Parent Relationship": "Inner","Parallel Aware": false,"Async Capable": false,"Scan Direction": "Forward","Index Name": "supplier_pkey","Relation Name": "supplier","Alias": "supplier","Startup Cost": 0.29,"Total Cost": 0.30,"Plan Rows": 1,"Plan Width": 8,"Actual Startup Time": 0.001,"Actual Total Time": 0.001,"Actual Rows": 1,"Actual Loops": 326137,"Index Cond": "(s_suppkey = lineitem.l_suppkey)","Rows Removed by Index Recheck": 0,"Workers": []}]},{"Node Type": "Index Scan","Parent Relationship": "Inner","Parallel Aware": false,"Async Capable": false,"Scan Direction": "Forward","Index Name": "orders_pkey","Relation Name": "orders","Alias": "orders","Startup Cost": 0.43,"Total Cost": 0.47,"Plan Rows": 1,"Plan Width": 8,"Actual Startup Time": 0.009,"Actual Total Time": 0.009,"Actual Rows": 1,"Actual Loops": 326137,"Index Cond": "(o_orderkey = lineitem.l_orderkey)","Rows Removed by Index Recheck": 0,"Workers": []}]},{"Node Type": "Hash","Parent Relationship": "Inner","Parallel Aware": false,"Async Capable": false,"Startup Cost": 1.25,"Total Cost": 1.25,"Plan Rows": 25,"Plan Width": 108,"Actual Startup Time": 0.071,"Actual Total Time": 0.076,"Actual Rows": 25,"Actual Loops": 4,"Hash Buckets": 1024,"Original Hash Buckets": 1024,"Hash Batches": 1,"Original Hash Batches": 1,"Peak Memory Usage": 10,"Workers": [],"Plans": [{"Node Type": "Seq Scan","Parent Relationship": "Outer","Parallel Aware": false,"Async Capable": false,"Relation Name": "nation","Alias": "nation","Startup Cost": 0.00,"Total Cost": 1.25,"Plan Rows": 25,"Plan Width": 108,"Actual Startup Time": 0.047,"Actual Total Time": 0.052,"Actual Rows": 25,"Actual Loops": 4,"Workers": []}]}]}]}]}]}]},"Planning Time": 12.442,"Triggers": [],"Execution Time": 1875.255}]
[{"Plan": {"Node Type": "Aggregate","Strategy": "Sorted","Partial Mode": "Finalize","Parallel Aware": false,"Async Capable": false,"Startup Cost": 35224.41,"Total Cost": 35237.30,"Plan Rows": 97,"Plan Width": 168,"Actual Startup Time": 2448.509,"Actual Total Time": 2590.402,"Actual Rows": 175,"Actual Loops": 1,"Group Key": ["nation.n_name", "(EXTRACT(year FROM orders.o_orderdate))"],"Plans": [{"Node Type": "Gather Merge","Parent Relationship": "Outer","Parallel Aware": false,"Async Capable": false,"Startup Cost": 35224.41,"Total Cost": 35235.05,"Plan Rows": 80,"Plan Width": 168,"Actual Startup Time": 2446.328,"Actual Total Time": 2589.879,"Actual Rows": 525,"Actual Loops": 1,"Workers Planned": 2,"Workers Launched": 2,"Plans": [{"Node Type": "Aggregate","Strategy": "Sorted","Partial Mode": "Partial","Parent Relationship": "Outer","Parallel Aware": false,"Async Capable": false,"Startup Cost": 34224.39,"Total Cost": 34225.79,"Plan Rows": 40,"Plan Width": 168,"Actual Startup Time": 2328.455,"Actual Total Time": 2453.319,"Actual Rows": 175,"Actual Loops": 3,"Group Key": ["nation.n_name", "(EXTRACT(year FROM orders.o_orderdate))"],"Workers": [],"Plans": [{"Node Type": "Sort","Parent Relationship": "Outer","Parallel Aware": false,"Async Capable": false,"Startup Cost": 34224.39,"Total Cost": 34224.49,"Plan Rows": 40,"Plan Width": 159,"Actual Startup Time": 2327.759,"Actual Total Time": 2370.420,"Actual Rows": 109541,"Actual Loops": 3,"Sort Key": ["nation.n_name", "(EXTRACT(year FROM orders.o_orderdate)) DESC"],"Sort Method": "quicksort","Sort Space Used": 14008,"Sort Space Type": "Memory","Workers": [{"Worker Number": 0,"Sort Method": "quicksort","Sort Space Used": 14427,"Sort Space Type": "Memory"},{"Worker Number": 1,"Sort Method": "quicksort","Sort Space Used": 13506,"Sort Space Type": "Memory"}],"Plans": [{"Node Type": "Hash Join","Parent Relationship": "Outer","Parallel Aware": false,"Async Capable": false,"Join Type": "Inner","Startup Cost": 3.13,"Total Cost": 34223.32,"Plan Rows": 40,"Plan Width": 159,"Actual Startup Time": 0.672,"Actual Total Time": 2178.227,"Actual Rows": 109541,"Actual Loops": 3,"Inner Unique": true,"Hash Cond": "(supplier.s_nationkey = nation.n_nationkey)","Workers": [],"Plans": [{"Node Type": "Nested Loop","Parent Relationship": "Outer","Parallel Aware": false,"Async Capable": false,"Join Type": "Inner","Startup Cost": 1.57,"Total Cost": 34221.53,"Plan Rows": 40,"Plan Width": 31,"Actual Startup Time": 0.501,"Actual Total Time": 2146.411,"Actual Rows": 109541,"Actual Loops": 3,"Inner Unique": true,"Workers": [],"Plans": [{"Node Type": "Nested Loop","Parent Relationship": "Outer","Parallel Aware": false,"Async Capable": false,"Join Type": "Inner","Startup Cost": 1.14,"Total Cost": 34202.93,"Plan Rows": 40,"Plan Width": 31,"Actual Startup Time": 0.383,"Actual Total Time": 995.071,"Actual Rows": 109541,"Actual Loops": 3,"Inner Unique": true,"Workers": [],"Plans": [{"Node Type": "Nested Loop","Parent Relationship": "Outer","Parallel Aware": false,"Async Capable": false,"Join Type": "Inner","Startup Cost": 0.86,"Total Cost": 34190.82,"Plan Rows": 40,"Plan Width": 35,"Actual Startup Time": 0.293,"Actual Total Time": 807.463,"Actual Rows": 109541,"Actual Loops": 3,"Inner Unique": false,"Workers": [],"Plans": [{"Node Type": "Nested Loop","Parent Relationship": "Outer","Parallel Aware": false,"Async Capable": false,"Join Type": "Inner","Startup Cost": 0.42,"Total Cost": 19885.25,"Plan Rows": 13468,"Plan Width": 18,"Actual Startup Time": 0.172,"Actual Total Time": 119.590,"Actual Rows": 14584,"Actual Loops": 3,"Inner Unique": false,"Workers": [],"Plans": [{"Node Type": "Seq Scan","Parent Relationship": "Outer","Parallel Aware": true,"Async Capable": false,"Relation Name": "part","Alias": "part","Startup Cost": 0.00,"Total Cost": 5138.67,"Plan Rows": 3367,"Plan Width": 4,"Actual Startup Time": 0.050,"Actual Total Time": 51.876,"Actual Rows": 3646,"Actual Loops": 3,"Filter": "((p_name)::text ~~ '%lavender%'::text)","Rows Removed by Filter": 63021,"Workers": []},{"Node Type": "Index Scan","Parent Relationship": "Inner","Parallel Aware": false,"Async Capable": false,"Scan Direction": "Forward","Index Name": "idx_partsupp_partkey","Relation Name": "partsupp","Alias": "partsupp","Startup Cost": 0.42,"Total Cost": 4.34,"Plan Rows": 4,"Plan Width": 14,"Actual Startup Time": 0.014,"Actual Total Time": 0.018,"Actual Rows": 4,"Actual Loops": 10938,"Index Cond": "(ps_partkey = part.p_partkey)","Rows Removed by Index Recheck": 0,"Workers": []}]},{"Node Type": "Index Scan","Parent Relationship": "Inner","Parallel Aware": false,"Async Capable": false,"Scan Direction": "Forward","Index Name": "idx_lineitem_part_supp","Relation Name": "lineitem","Alias": "lineitem","Startup Cost": 0.43,"Total Cost": 1.05,"Plan Rows": 1,"Plan Width": 29,"Actual Startup Time": 0.007,"Actual Total Time": 0.045,"Actual Rows": 8,"Actual Loops": 43752,"Index Cond": "((l_partkey = partsupp.ps_partkey) AND (l_suppkey = partsupp.ps_suppkey))","Rows Removed by Index Recheck": 0,"Workers": []}]},{"Node Type": "Index Scan","Parent Relationship": "Inner","Parallel Aware": false,"Async Capable": false,"Scan Direction": "Forward","Index Name": "supplier_pkey","Relation Name": "supplier","Alias": "supplier","Startup Cost": 0.29,"Total Cost": 0.30,"Plan Rows": 1,"Plan Width": 8,"Actual Startup Time": 0.001,"Actual Total Time": 0.001,"Actual Rows": 1,"Actual Loops": 328622,"Index Cond": "(s_suppkey = lineitem.l_suppkey)","Rows Removed by Index Recheck": 0,"Workers": []}]},{"Node Type": "Index Scan","Parent Relationship": "Inner","Parallel Aware": false,"Async Capable": false,"Scan Direction": "Forward","Index Name": "orders_pkey","Relation Name": "orders","Alias": "orders","Startup Cost": 0.43,"Total Cost": 0.47,"Plan Rows": 1,"Plan Width": 8,"Actual Startup Time": 0.010,"Actual Total Time": 0.010,"Actual Rows": 1,"Actual Loops": 328622,"Index Cond": "(o_orderkey = lineitem.l_orderkey)","Rows Removed by Index Recheck": 0,"Workers": []}]},{"Node Type": "Hash","Parent Relationship": "Inner","Parallel Aware": false,"Async Capable": false,"Startup Cost": 1.25,"Total Cost": 1.25,"Plan Rows": 25,"Plan Width": 108,"Actual Startup Time": 0.078,"Actual Total Time": 0.087,"Actual Rows": 25,"Actual Loops": 3,"Hash Buckets": 1024,"Original Hash Buckets": 1024,"Hash Batches": 1,"Original Hash Batches": 1,"Peak Memory Usage": 10,"Workers": [],"Plans": [{"Node Type": "Seq Scan","Parent Relationship": "Outer","Parallel Aware": false,"Async Capable": false,"Relation Name": "nation","Alias": "nation","Startup Cost": 0.00,"Total Cost": 1.25,"Plan Rows": 25,"Plan Width": 108,"Actual Startup Time": 0.049,"Actual Total Time": 0.055,"Actual Rows": 25,"Actual Loops": 3,"Workers": []}]}]}]}]}]}]},"Planning Time": 11.935,"Triggers": [],"Execution Time": 2592.244}]
[{"Plan": {"Node Type": "Aggregate","Strategy": "Sorted","Partial Mode": "Finalize","Parallel Aware": false,"Async Capable": false,"Startup Cost": 41381.04,"Total Cost": 41397.45,"Plan Rows": 122,"Plan Width": 168,"Actual Startup Time": 2461.783,"Actual Total Time": 2561.451,"Actual Rows": 175,"Actual Loops": 1,"Group Key": ["nation.n_name", "(EXTRACT(year FROM orders.o_orderdate))"],"Plans": [{"Node Type": "Gather Merge","Parent Relationship": "Outer","Parallel Aware": false,"Async Capable": false,"Startup Cost": 41381.04,"Total Cost": 41394.60,"Plan Rows": 102,"Plan Width": 168,"Actual Startup Time": 2460.110,"Actual Total Time": 2561.065,"Actual Rows": 525,"Actual Loops": 1,"Workers Planned": 2,"Workers Launched": 2,"Plans": [{"Node Type": "Aggregate","Strategy": "Sorted","Partial Mode": "Partial","Parent Relationship": "Outer","Parallel Aware": false,"Async Capable": false,"Startup Cost": 40381.01,"Total Cost": 40382.80,"Plan Rows": 51,"Plan Width": 168,"Actual Startup Time": 2353.201,"Actual Total Time": 2477.575,"Actual Rows": 175,"Actual Loops": 3,"Group Key": ["nation.n_name", "(EXTRACT(year FROM orders.o_orderdate))"],"Workers": [],"Plans": [{"Node Type": "Sort","Parent Relationship": "Outer","Parallel Aware": false,"Async Capable": false,"Startup Cost": 40381.01,"Total Cost": 40381.14,"Plan Rows": 51,"Plan Width": 159,"Actual Startup Time": 2352.548,"Actual Total Time": 2393.649,"Actual Rows": 110237,"Actual Loops": 3,"Sort Key": ["nation.n_name", "(EXTRACT(year FROM orders.o_orderdate)) DESC"],"Sort Method": "quicksort","Sort Space Used": 14774,"Sort Space Type": "Memory","Workers": [{"Worker Number": 0,"Sort Method": "quicksort","Sort Space Used": 13660,"Sort Space Type": "Memory"},{"Worker Number": 1,"Sort Method": "quicksort","Sort Space Used": 13719,"Sort Space Type": "Memory"}],"Plans": [{"Node Type": "Hash Join","Parent Relationship": "Outer","Parallel Aware": false,"Async Capable": false,"Join Type": "Inner","Startup Cost": 3.13,"Total Cost": 40379.57,"Plan Rows": 51,"Plan Width": 159,"Actual Startup Time": 0.791,"Actual Total Time": 2209.520,"Actual Rows": 110237,"Actual Loops": 3,"Inner Unique": true,"Hash Cond": "(supplier.s_nationkey = nation.n_nationkey)","Workers": [],"Plans": [{"Node Type": "Nested Loop","Parent Relationship": "Outer","Parallel Aware": false,"Async Capable": false,"Join Type": "Inner","Startup Cost": 1.57,"Total Cost": 40377.72,"Plan Rows": 51,"Plan Width": 31,"Actual Startup Time": 0.566,"Actual Total Time": 2178.223,"Actual Rows": 110237,"Actual Loops": 3,"Inner Unique": true,"Workers": [],"Plans": [{"Node Type": "Nested Loop","Parent Relationship": "Outer","Parallel Aware": false,"Async Capable": false,"Join Type": "Inner","Startup Cost": 1.14,"Total Cost": 40354.00,"Plan Rows": 51,"Plan Width": 31,"Actual Startup Time": 0.431,"Actual Total Time": 1014.051,"Actual Rows": 110237,"Actual Loops": 3,"Inner Unique": true,"Workers": [],"Plans": [{"Node Type": "Nested Loop","Parent Relationship": "Outer","Parallel Aware": false,"Async Capable": false,"Join Type": "Inner","Startup Cost": 0.86,"Total Cost": 40338.56,"Plan Rows": 51,"Plan Width": 35,"Actual Startup Time": 0.329,"Actual Total Time": 826.349,"Actual Rows": 110237,"Actual Loops": 3,"Inner Unique": false,"Workers": [],"Plans": [{"Node Type": "Nested Loop","Parent Relationship": "Outer","Parallel Aware": false,"Async Capable": false,"Join Type": "Inner","Startup Cost": 0.42,"Total Cost": 22456.59,"Plan Rows": 16835,"Plan Width": 18,"Actual Startup Time": 0.209,"Actual Total Time": 115.054,"Actual Rows": 14685,"Actual Loops": 3,"Inner Unique": false,"Workers": [],"Plans": [{"Node Type": "Seq Scan","Parent Relationship": "Outer","Parallel Aware": true,"Async Capable": false,"Relation Name": "part","Alias": "part","Startup Cost": 0.00,"Total Cost": 5138.67,"Plan Rows": 4209,"Plan Width": 4,"Actual Startup Time": 0.065,"Actual Total Time": 48.853,"Actual Rows": 3671,"Actual Loops": 3,"Filter": "((p_name)::text ~~ '%dodger%'::text)","Rows Removed by Filter": 62995,"Workers": []},{"Node Type": "Index Scan","Parent Relationship": "Inner","Parallel Aware": false,"Async Capable": false,"Scan Direction": "Forward","Index Name": "idx_partsupp_partkey","Relation Name": "partsupp","Alias": "partsupp","Startup Cost": 0.42,"Total Cost": 4.07,"Plan Rows": 4,"Plan Width": 14,"Actual Startup Time": 0.013,"Actual Total Time": 0.017,"Actual Rows": 4,"Actual Loops": 11014,"Index Cond": "(ps_partkey = part.p_partkey)","Rows Removed by Index Recheck": 0,"Workers": []}]},{"Node Type": "Index Scan","Parent Relationship": "Inner","Parallel Aware": false,"Async Capable": false,"Scan Direction": "Forward","Index Name": "idx_lineitem_part_supp","Relation Name": "lineitem","Alias": "lineitem","Startup Cost": 0.43,"Total Cost": 1.05,"Plan Rows": 1,"Plan Width": 29,"Actual Startup Time": 0.007,"Actual Total Time": 0.047,"Actual Rows": 8,"Actual Loops": 44056,"Index Cond": "((l_partkey = partsupp.ps_partkey) AND (l_suppkey = partsupp.ps_suppkey))","Rows Removed by Index Recheck": 0,"Workers": []}]},{"Node Type": "Index Scan","Parent Relationship": "Inner","Parallel Aware": false,"Async Capable": false,"Scan Direction": "Forward","Index Name": "supplier_pkey","Relation Name": "supplier","Alias": "supplier","Startup Cost": 0.29,"Total Cost": 0.30,"Plan Rows": 1,"Plan Width": 8,"Actual Startup Time": 0.001,"Actual Total Time": 0.001,"Actual Rows": 1,"Actual Loops": 330711,"Index Cond": "(s_suppkey = lineitem.l_suppkey)","Rows Removed by Index Recheck": 0,"Workers": []}]},{"Node Type": "Index Scan","Parent Relationship": "Inner","Parallel Aware": false,"Async Capable": false,"Scan Direction": "Forward","Index Name": "orders_pkey","Relation Name": "orders","Alias": "orders","Startup Cost": 0.43,"Total Cost": 0.47,"Plan Rows": 1,"Plan Width": 8,"Actual Startup Time": 0.010,"Actual Total Time": 0.010,"Actual Rows": 1,"Actual Loops": 330711,"Index Cond": "(o_orderkey = lineitem.l_orderkey)","Rows Removed by Index Recheck": 0,"Workers": []}]},{"Node Type": "Hash","Parent Relationship": "Inner","Parallel Aware": false,"Async Capable": false,"Startup Cost": 1.25,"Total Cost": 1.25,"Plan Rows": 25,"Plan Width": 108,"Actual Startup Time": 0.103,"Actual Total Time": 0.113,"Actual Rows": 25,"Actual Loops": 3,"Hash Buckets": 1024,"Original Hash Buckets": 1024,"Hash Batches": 1,"Original Hash Batches": 1,"Peak Memory Usage": 10,"Workers": [],"Plans": [{"Node Type": "Seq Scan","Parent Relationship": "Outer","Parallel Aware": false,"Async Capable": false,"Relation Name": "nation","Alias": "nation","Startup Cost": 0.00,"Total Cost": 1.25,"Plan Rows": 25,"Plan Width": 108,"Actual Startup Time": 0.072,"Actual Total Time": 0.078,"Actual Rows": 25,"Actual Loops": 3,"Workers": []}]}]}]}]}]}]},"Planning Time": 11.577,"Triggers": [],"Execution Time": 2564.419}]
[{"Plan": {"Node Type": "Aggregate","Strategy": "Sorted","Partial Mode": "Finalize","Parallel Aware": false,"Async Capable": false,"Startup Cost": 47355.08,"Total Cost": 47374.71,"Plan Rows": 146,"Plan Width": 168,"Actual Startup Time": 2500.381,"Actual Total Time": 2613.066,"Actual Rows": 175,"Actual Loops": 1,"Group Key": ["nation.n_name", "(EXTRACT(year FROM orders.o_orderdate))"],"Plans": [{"Node Type": "Gather Merge","Parent Relationship": "Outer","Parallel Aware": false,"Async Capable": false,"Startup Cost": 47355.08,"Total Cost": 47371.30,"Plan Rows": 122,"Plan Width": 168,"Actual Startup Time": 2498.753,"Actual Total Time": 2612.506,"Actual Rows": 525,"Actual Loops": 1,"Workers Planned": 2,"Workers Launched": 2,"Plans": [{"Node Type": "Aggregate","Strategy": "Sorted","Partial Mode": "Partial","Parent Relationship": "Outer","Parallel Aware": false,"Async Capable": false,"Startup Cost": 46355.06,"Total Cost": 46357.20,"Plan Rows": 61,"Plan Width": 168,"Actual Startup Time": 2385.274,"Actual Total Time": 2517.765,"Actual Rows": 175,"Actual Loops": 3,"Group Key": ["nation.n_name", "(EXTRACT(year FROM orders.o_orderdate))"],"Workers": [],"Plans": [{"Node Type": "Sort","Parent Relationship": "Outer","Parallel Aware": false,"Async Capable": false,"Startup Cost": 46355.06,"Total Cost": 46355.21,"Plan Rows": 61,"Plan Width": 159,"Actual Startup Time": 2384.635,"Actual Total Time": 2429.059,"Actual Rows": 111540,"Actual Loops": 3,"Sort Key": ["nation.n_name", "(EXTRACT(year FROM orders.o_orderdate)) DESC"],"Sort Method": "quicksort","Sort Space Used": 13997,"Sort Space Type": "Memory","Workers": [{"Worker Number": 0,"Sort Method": "quicksort","Sort Space Used": 14233,"Sort Space Type": "Memory"},{"Worker Number": 1,"Sort Method": "quicksort","Sort Space Used": 14306,"Sort Space Type": "Memory"}],"Plans": [{"Node Type": "Hash Join","Parent Relationship": "Outer","Parallel Aware": false,"Async Capable": false,"Join Type": "Inner","Startup Cost": 3.13,"Total Cost": 46353.25,"Plan Rows": 61,"Plan Width": 159,"Actual Startup Time": 0.720,"Actual Total Time": 2224.522,"Actual Rows": 111540,"Actual Loops": 3,"Inner Unique": true,"Hash Cond": "(supplier.s_nationkey = nation.n_nationkey)","Workers": [],"Plans": [{"Node Type": "Nested Loop","Parent Relationship": "Outer","Parallel Aware": false,"Async Capable": false,"Join Type": "Inner","Startup Cost": 1.57,"Total Cost": 46351.35,"Plan Rows": 61,"Plan Width": 31,"Actual Startup Time": 0.543,"Actual Total Time": 2192.319,"Actual Rows": 111540,"Actual Loops": 3,"Inner Unique": true,"Workers": [],"Plans": [{"Node Type": "Nested Loop","Parent Relationship": "Outer","Parallel Aware": false,"Async Capable": false,"Join Type": "Inner","Startup Cost": 1.14,"Total Cost": 46322.98,"Plan Rows": 61,"Plan Width": 31,"Actual Startup Time": 0.416,"Actual Total Time": 1013.189,"Actual Rows": 111540,"Actual Loops": 3,"Inner Unique": true,"Workers": [],"Plans": [{"Node Type": "Nested Loop","Parent Relationship": "Outer","Parallel Aware": false,"Async Capable": false,"Join Type": "Inner","Startup Cost": 0.86,"Total Cost": 46304.52,"Plan Rows": 61,"Plan Width": 35,"Actual Startup Time": 0.322,"Actual Total Time": 823.097,"Actual Rows": 111540,"Actual Loops": 3,"Inner Unique": false,"Workers": [],"Plans": [{"Node Type": "Nested Loop","Parent Relationship": "Outer","Parallel Aware": false,"Async Capable": false,"Join Type": "Inner","Startup Cost": 0.42,"Total Cost": 24846.16,"Plan Rows": 20202,"Plan Width": 18,"Actual Startup Time": 0.205,"Actual Total Time": 119.618,"Actual Rows": 14867,"Actual Loops": 3,"Inner Unique": false,"Workers": [],"Plans": [{"Node Type": "Seq Scan","Parent Relationship": "Outer","Parallel Aware": true,"Async Capable": false,"Relation Name": "part","Alias": "part","Startup Cost": 0.00,"Total Cost": 5138.67,"Plan Rows": 5051,"Plan Width": 4,"Actual Startup Time": 0.067,"Actual Total Time": 50.965,"Actual Rows": 3717,"Actual Loops": 3,"Filter": "((p_name)::text ~~ '%tomato%'::text)","Rows Removed by Filter": 62950,"Workers": []},{"Node Type": "Index Scan","Parent Relationship": "Inner","Parallel Aware": false,"Async Capable": false,"Scan Direction": "Forward","Index Name": "idx_partsupp_partkey","Relation Name": "partsupp","Alias": "partsupp","Startup Cost": 0.42,"Total Cost": 3.86,"Plan Rows": 4,"Plan Width": 14,"Actual Startup Time": 0.014,"Actual Total Time": 0.018,"Actual Rows": 4,"Actual Loops": 11150,"Index Cond": "(ps_partkey = part.p_partkey)","Rows Removed by Index Recheck": 0,"Workers": []}]},{"Node Type": "Index Scan","Parent Relationship": "Inner","Parallel Aware": false,"Async Capable": false,"Scan Direction": "Forward","Index Name": "idx_lineitem_part_supp","Relation Name": "lineitem","Alias": "lineitem","Startup Cost": 0.43,"Total Cost": 1.05,"Plan Rows": 1,"Plan Width": 29,"Actual Startup Time": 0.007,"Actual Total Time": 0.046,"Actual Rows": 8,"Actual Loops": 44600,"Index Cond": "((l_partkey = partsupp.ps_partkey) AND (l_suppkey = partsupp.ps_suppkey))","Rows Removed by Index Recheck": 0,"Workers": []}]},{"Node Type": "Index Scan","Parent Relationship": "Inner","Parallel Aware": false,"Async Capable": false,"Scan Direction": "Forward","Index Name": "supplier_pkey","Relation Name": "supplier","Alias": "supplier","Startup Cost": 0.29,"Total Cost": 0.30,"Plan Rows": 1,"Plan Width": 8,"Actual Startup Time": 0.001,"Actual Total Time": 0.001,"Actual Rows": 1,"Actual Loops": 334621,"Index Cond": "(s_suppkey = lineitem.l_suppkey)","Rows Removed by Index Recheck": 0,"Workers": []}]},{"Node Type": "Index Scan","Parent Relationship": "Inner","Parallel Aware": false,"Async Capable": false,"Scan Direction": "Forward","Index Name": "orders_pkey","Relation Name": "orders","Alias": "orders","Startup Cost": 0.43,"Total Cost": 0.47,"Plan Rows": 1,"Plan Width": 8,"Actual Startup Time": 0.010,"Actual Total Time": 0.010,"Actual Rows": 1,"Actual Loops": 334621,"Index Cond": "(o_orderkey = lineitem.l_orderkey)","Rows Removed by Index Recheck": 0,"Workers": []}]},{"Node Type": "Hash","Parent Relationship": "Inner","Parallel Aware": false,"Async Capable": false,"Startup Cost": 1.25,"Total Cost": 1.25,"Plan Rows": 25,"Plan Width": 108,"Actual Startup Time": 0.076,"Actual Total Time": 0.105,"Actual Rows": 25,"Actual Loops": 3,"Hash Buckets": 1024,"Original Hash Buckets": 1024,"Hash Batches": 1,"Original Hash Batches": 1,"Peak Memory Usage": 10,"Workers": [],"Plans": [{"Node Type": "Seq Scan","Parent Relationship": "Outer","Parallel Aware": false,"Async Capable": false,"Relation Name": "nation","Alias": "nation","Startup Cost": 0.00,"Total Cost": 1.25,"Plan Rows": 25,"Plan Width": 108,"Actual Startup Time": 0.046,"Actual Total Time": 0.069,"Actual Rows": 25,"Actual Loops": 3,"Workers": []}]}]}]}]}]}]},"Planning Time": 11.495,"Triggers": [],"Execution Time": 2614.780}]
[{"Plan": {"Node Type": "Aggregate","Strategy": "Sorted","Partial Mode": "Finalize","Parallel Aware": false,"Async Capable": false,"Startup Cost": 47355.08,"Total Cost": 47374.71,"Plan Rows": 146,"Plan Width": 168,"Actual Startup Time": 2445.844,"Actual Total Time": 2574.849,"Actual Rows": 175,"Actual Loops": 1,"Group Key": ["nation.n_name", "(EXTRACT(year FROM orders.o_orderdate))"],"Plans": [{"Node Type": "Gather Merge","Parent Relationship": "Outer","Parallel Aware": false,"Async Capable": false,"Startup Cost": 47355.08,"Total Cost": 47371.30,"Plan Rows": 122,"Plan Width": 168,"Actual Startup Time": 2444.252,"Actual Total Time": 2574.439,"Actual Rows": 525,"Actual Loops": 1,"Workers Planned": 2,"Workers Launched": 2,"Plans": [{"Node Type": "Aggregate","Strategy": "Sorted","Partial Mode": "Partial","Parent Relationship": "Outer","Parallel Aware": false,"Async Capable": false,"Startup Cost": 46355.06,"Total Cost": 46357.20,"Plan Rows": 61,"Plan Width": 168,"Actual Startup Time": 2336.398,"Actual Total Time": 2469.030,"Actual Rows": 175,"Actual Loops": 3,"Group Key": ["nation.n_name", "(EXTRACT(year FROM orders.o_orderdate))"],"Workers": [],"Plans": [{"Node Type": "Sort","Parent Relationship": "Outer","Parallel Aware": false,"Async Capable": false,"Startup Cost": 46355.06,"Total Cost": 46355.21,"Plan Rows": 61,"Plan Width": 159,"Actual Startup Time": 2335.736,"Actual Total Time": 2381.738,"Actual Rows": 108835,"Actual Loops": 3,"Sort Key": ["nation.n_name", "(EXTRACT(year FROM orders.o_orderdate)) DESC"],"Sort Method": "quicksort","Sort Space Used": 14665,"Sort Space Type": "Memory","Workers": [{"Worker Number": 0,"Sort Method": "quicksort","Sort Space Used": 13491,"Sort Space Type": "Memory"},{"Worker Number": 1,"Sort Method": "quicksort","Sort Space Used": 13578,"Sort Space Type": "Memory"}],"Plans": [{"Node Type": "Hash Join","Parent Relationship": "Outer","Parallel Aware": false,"Async Capable": false,"Join Type": "Inner","Startup Cost": 3.13,"Total Cost": 46353.25,"Plan Rows": 61,"Plan Width": 159,"Actual Startup Time": 0.801,"Actual Total Time": 2189.937,"Actual Rows": 108835,"Actual Loops": 3,"Inner Unique": true,"Hash Cond": "(supplier.s_nationkey = nation.n_nationkey)","Workers": [],"Plans": [{"Node Type": "Nested Loop","Parent Relationship": "Outer","Parallel Aware": false,"Async Capable": false,"Join Type": "Inner","Startup Cost": 1.57,"Total Cost": 46351.35,"Plan Rows": 61,"Plan Width": 31,"Actual Startup Time": 0.594,"Actual Total Time": 2158.852,"Actual Rows": 108835,"Actual Loops": 3,"Inner Unique": true,"Workers": [],"Plans": [{"Node Type": "Nested Loop","Parent Relationship": "Outer","Parallel Aware": false,"Async Capable": false,"Join Type": "Inner","Startup Cost": 1.14,"Total Cost": 46322.98,"Plan Rows": 61,"Plan Width": 31,"Actual Startup Time": 0.453,"Actual Total Time": 1007.952,"Actual Rows": 108835,"Actual Loops": 3,"Inner Unique": true,"Workers": [],"Plans": [{"Node Type": "Nested Loop","Parent Relationship": "Outer","Parallel Aware": false,"Async Capable": false,"Join Type": "Inner","Startup Cost": 0.86,"Total Cost": 46304.52,"Plan Rows": 61,"Plan Width": 35,"Actual Startup Time": 0.346,"Actual Total Time": 822.076,"Actual Rows": 108835,"Actual Loops": 3,"Inner Unique": false,"Workers": [],"Plans": [{"Node Type": "Nested Loop","Parent Relationship": "Outer","Parallel Aware": false,"Async Capable": false,"Join Type": "Inner","Startup Cost": 0.42,"Total Cost": 24846.16,"Plan Rows": 20202,"Plan Width": 18,"Actual Startup Time": 0.223,"Actual Total Time": 115.712,"Actual Rows": 14532,"Actual Loops": 3,"Inner Unique": false,"Workers": [],"Plans": [{"Node Type": "Seq Scan","Parent Relationship": "Outer","Parallel Aware": true,"Async Capable": false,"Relation Name": "part","Alias": "part","Startup Cost": 0.00,"Total Cost": 5138.67,"Plan Rows": 5051,"Plan Width": 4,"Actual Startup Time": 0.063,"Actual Total Time": 49.661,"Actual Rows": 3633,"Actual Loops": 3,"Filter": "((p_name)::text ~~ '%dim%'::text)","Rows Removed by Filter": 63034,"Workers": []},{"Node Type": "Index Scan","Parent Relationship": "Inner","Parallel Aware": false,"Async Capable": false,"Scan Direction": "Forward","Index Name": "idx_partsupp_partkey","Relation Name": "partsupp","Alias": "partsupp","Startup Cost": 0.42,"Total Cost": 3.86,"Plan Rows": 4,"Plan Width": 14,"Actual Startup Time": 0.014,"Actual Total Time": 0.017,"Actual Rows": 4,"Actual Loops": 10899,"Index Cond": "(ps_partkey = part.p_partkey)","Rows Removed by Index Recheck": 0,"Workers": []}]},{"Node Type": "Index Scan","Parent Relationship": "Inner","Parallel Aware": false,"Async Capable": false,"Scan Direction": "Forward","Index Name": "idx_lineitem_part_supp","Relation Name": "lineitem","Alias": "lineitem","Startup Cost": 0.43,"Total Cost": 1.05,"Plan Rows": 1,"Plan Width": 29,"Actual Startup Time": 0.007,"Actual Total Time": 0.047,"Actual Rows": 7,"Actual Loops": 43596,"Index Cond": "((l_partkey = partsupp.ps_partkey) AND (l_suppkey = partsupp.ps_suppkey))","Rows Removed by Index Recheck": 0,"Workers": []}]},{"Node Type": "Index Scan","Parent Relationship": "Inner","Parallel Aware": false,"Async Capable": false,"Scan Direction": "Forward","Index Name": "supplier_pkey","Relation Name": "supplier","Alias": "supplier","Startup Cost": 0.29,"Total Cost": 0.30,"Plan Rows": 1,"Plan Width": 8,"Actual Startup Time": 0.001,"Actual Total Time": 0.001,"Actual Rows": 1,"Actual Loops": 326506,"Index Cond": "(s_suppkey = lineitem.l_suppkey)","Rows Removed by Index Recheck": 0,"Workers": []}]},{"Node Type": "Index Scan","Parent Relationship": "Inner","Parallel Aware": false,"Async Capable": false,"Scan Direction": "Forward","Index Name": "orders_pkey","Relation Name": "orders","Alias": "orders","Startup Cost": 0.43,"Total Cost": 0.47,"Plan Rows": 1,"Plan Width": 8,"Actual Startup Time": 0.010,"Actual Total Time": 0.010,"Actual Rows": 1,"Actual Loops": 326506,"Index Cond": "(o_orderkey = lineitem.l_orderkey)","Rows Removed by Index Recheck": 0,"Workers": []}]},{"Node Type": "Hash","Parent Relationship": "Inner","Parallel Aware": false,"Async Capable": false,"Startup Cost": 1.25,"Total Cost": 1.25,"Plan Rows": 25,"Plan Width": 108,"Actual Startup Time": 0.092,"Actual Total Time": 0.102,"Actual Rows": 25,"Actual Loops": 3,"Hash Buckets": 1024,"Original Hash Buckets": 1024,"Hash Batches": 1,"Original Hash Batches": 1,"Peak Memory Usage": 10,"Workers": [],"Plans": [{"Node Type": "Seq Scan","Parent Relationship": "Outer","Parallel Aware": false,"Async Capable": false,"Relation Name": "nation","Alias": "nation","Startup Cost": 0.00,"Total Cost": 1.25,"Plan Rows": 25,"Plan Width": 108,"Actual Startup Time": 0.060,"Actual Total Time": 0.067,"Actual Rows": 25,"Actual Loops": 3,"Workers": []}]}]}]}]}]}]},"Planning Time": 12.111,"Triggers": [],"Execution Time": 2577.900}]
[{"Plan": {"Node Type": "Aggregate","Strategy": "Sorted","Partial Mode": "Finalize","Parallel Aware": false,"Async Capable": false,"Startup Cost": 47355.08,"Total Cost": 47374.71,"Plan Rows": 146,"Plan Width": 168,"Actual Startup Time": 2500.381,"Actual Total Time": 2613.066,"Actual Rows": 175,"Actual Loops": 1,"Group Key": ["nation.n_name", "(EXTRACT(year FROM orders.o_orderdate))"],"Plans": [{"Node Type": "Gather Merge","Parent Relationship": "Outer","Parallel Aware": false,"Async Capable": false,"Startup Cost": 47355.08,"Total Cost": 47371.30,"Plan Rows": 122,"Plan Width": 168,"Actual Startup Time": 2498.753,"Actual Total Time": 2612.506,"Actual Rows": 525,"Actual Loops": 1,"Workers Planned": 2,"Workers Launched": 2,"Plans": [{"Node Type": "Aggregate","Strategy": "Sorted","Partial Mode": "Partial","Parent Relationship": "Outer","Parallel Aware": false,"Async Capable": false,"Startup Cost": 46355.06,"Total Cost": 46357.20,"Plan Rows": 61,"Plan Width": 168,"Actual Startup Time": 2385.274,"Actual Total Time": 2517.765,"Actual Rows": 175,"Actual Loops": 3,"Group Key": ["nation.n_name", "(EXTRACT(year FROM orders.o_orderdate))"],"Workers": [],"Plans": [{"Node Type": "Sort","Parent Relationship": "Outer","Parallel Aware": false,"Async Capable": false,"Startup Cost": 46355.06,"Total Cost": 46355.21,"Plan Rows": 61,"Plan Width": 159,"Actual Startup Time": 2384.635,"Actual Total Time": 2429.059,"Actual Rows": 111540,"Actual Loops": 3,"Sort Key": ["nation.n_name", "(EXTRACT(year FROM orders.o_orderdate)) DESC"],"Sort Method": "quicksort","Sort Space Used": 13997,"Sort Space Type": "Memory","Workers": [{"Worker Number": 0,"Sort Method": "quicksort","Sort Space Used": 14233,"Sort Space Type": "Memory"},{"Worker Number": 1,"Sort Method": "quicksort","Sort Space Used": 14306,"Sort Space Type": "Memory"}],"Plans": [{"Node Type": "Hash Join","Parent Relationship": "Outer","Parallel Aware": false,"Async Capable": false,"Join Type": "Inner","Startup Cost": 3.13,"Total Cost": 46353.25,"Plan Rows": 61,"Plan Width": 159,"Actual Startup Time": 0.720,"Actual Total Time": 2224.522,"Actual Rows": 111540,"Actual Loops": 3,"Inner Unique": true,"Hash Cond": "(supplier.s_nationkey = nation.n_nationkey)","Workers": [],"Plans": [{"Node Type": "Nested Loop","Parent Relationship": "Outer","Parallel Aware": false,"Async Capable": false,"Join Type": "Inner","Startup Cost": 1.57,"Total Cost": 46351.35,"Plan Rows": 61,"Plan Width": 31,"Actual Startup Time": 0.543,"Actual Total Time": 2192.319,"Actual Rows": 111540,"Actual Loops": 3,"Inner Unique": true,"Workers": [],"Plans": [{"Node Type": "Nested Loop","Parent Relationship": "Outer","Parallel Aware": false,"Async Capable": false,"Join Type": "Inner","Startup Cost": 1.14,"Total Cost": 46322.98,"Plan Rows": 61,"Plan Width": 31,"Actual Startup Time": 0.416,"Actual Total Time": 1013.189,"Actual Rows": 111540,"Actual Loops": 3,"Inner Unique": true,"Workers": [],"Plans": [{"Node Type": "Nested Loop","Parent Relationship": "Outer","Parallel Aware": false,"Async Capable": false,"Join Type": "Inner","Startup Cost": 0.86,"Total Cost": 46304.52,"Plan Rows": 61,"Plan Width": 35,"Actual Startup Time": 0.322,"Actual Total Time": 823.097,"Actual Rows": 111540,"Actual Loops": 3,"Inner Unique": false,"Workers": [],"Plans": [{"Node Type": "Nested Loop","Parent Relationship": "Outer","Parallel Aware": false,"Async Capable": false,"Join Type": "Inner","Startup Cost": 0.42,"Total Cost": 24846.16,"Plan Rows": 20202,"Plan Width": 18,"Actual Startup Time": 0.205,"Actual Total Time": 119.618,"Actual Rows": 14867,"Actual Loops": 3,"Inner Unique": false,"Workers": [],"Plans": [{"Node Type": "Seq Scan","Parent Relationship": "Outer","Parallel Aware": true,"Async Capable": false,"Relation Name": "part","Alias": "part","Startup Cost": 0.00,"Total Cost": 5138.67,"Plan Rows": 5051,"Plan Width": 4,"Actual Startup Time": 0.067,"Actual Total Time": 50.965,"Actual Rows": 3717,"Actual Loops": 3,"Filter": "((p_name)::text ~~ '%tomato%'::text)","Rows Removed by Filter": 62950,"Workers": []},{"Node Type": "Index Scan","Parent Relationship": "Inner","Parallel Aware": false,"Async Capable": false,"Scan Direction": "Forward","Index Name": "idx_partsupp_partkey","Relation Name": "partsupp","Alias": "partsupp","Startup Cost": 0.42,"Total Cost": 3.86,"Plan Rows": 4,"Plan Width": 14,"Actual Startup Time": 0.014,"Actual Total Time": 0.018,"Actual Rows": 4,"Actual Loops": 11150,"Index Cond": "(ps_partkey = part.p_partkey)","Rows Removed by Index Recheck": 0,"Workers": []}]},{"Node Type": "Index Scan","Parent Relationship": "Inner","Parallel Aware": false,"Async Capable": false,"Scan Direction": "Forward","Index Name": "idx_lineitem_part_supp","Relation Name": "lineitem","Alias": "lineitem","Startup Cost": 0.43,"Total Cost": 1.05,"Plan Rows": 1,"Plan Width": 29,"Actual Startup Time": 0.007,"Actual Total Time": 0.046,"Actual Rows": 8,"Actual Loops": 44600,"Index Cond": "((l_partkey = partsupp.ps_partkey) AND (l_suppkey = partsupp.ps_suppkey))","Rows Removed by Index Recheck": 0,"Workers": []}]},{"Node Type": "Index Scan","Parent Relationship": "Inner","Parallel Aware": false,"Async Capable": false,"Scan Direction": "Forward","Index Name": "supplier_pkey","Relation Name": "supplier","Alias": "supplier","Startup Cost": 0.29,"Total Cost": 0.30,"Plan Rows": 1,"Plan Width": 8,"Actual Startup Time": 0.001,"Actual Total Time": 0.001,"Actual Rows": 1,"Actual Loops": 334621,"Index Cond": "(s_suppkey = lineitem.l_suppkey)","Rows Removed by Index Recheck": 0,"Workers": []}]},{"Node Type": "Index Scan","Parent Relationship": "Inner","Parallel Aware": false,"Async Capable": false,"Scan Direction": "Forward","Index Name": "orders_pkey","Relation Name": "orders","Alias": "orders","Startup Cost": 0.43,"Total Cost": 0.47,"Plan Rows": 1,"Plan Width": 8,"Actual Startup Time": 0.010,"Actual Total Time": 0.010,"Actual Rows": 1,"Actual Loops": 334621,"Index Cond": "(o_orderkey = lineitem.l_orderkey)","Rows Removed by Index Recheck": 0,"Workers": []}]},{"Node Type": "Hash","Parent Relationship": "Inner","Parallel Aware": false,"Async Capable": false,"Startup Cost": 1.25,"Total Cost": 1.25,"Plan Rows": 25,"Plan Width": 108,"Actual Startup Time": 0.076,"Actual Total Time": 0.105,"Actual Rows": 25,"Actual Loops": 3,"Hash Buckets": 1024,"Original Hash Buckets": 1024,"Hash Batches": 1,"Original Hash Batches": 1,"Peak Memory Usage": 10,"Workers": [],"Plans": [{"Node Type": "Seq Scan","Parent Relationship": "Outer","Parallel Aware": false,"Async Capable": false,"Relation Name": "nation","Alias": "nation","Startup Cost": 0.00,"Total Cost": 1.25,"Plan Rows": 25,"Plan Width": 108,"Actual Startup Time": 0.046,"Actual Total Time": 0.069,"Actual Rows": 25,"Actual Loops": 3,"Workers": []}]}]}]}]}]}]},"Planning Time": 11.495,"Triggers": [],"Execution Time": 2614.780}]
[{"Plan": {"Node Type": "Aggregate","Strategy": "Sorted","Partial Mode": "Finalize","Parallel Aware": false,"Async Capable": false,"Startup Cost": 47355.08,"Total Cost": 47374.71,"Plan Rows": 146,"Plan Width": 168,"Actual Startup Time": 2514.427,"Actual Total Time": 2703.238,"Actual Rows": 175,"Actual Loops": 1,"Group Key": ["nation.n_name", "(EXTRACT(year FROM orders.o_orderdate))"],"Plans": [{"Node Type": "Gather Merge","Parent Relationship": "Outer","Parallel Aware": false,"Async Capable": false,"Startup Cost": 47355.08,"Total Cost": 47371.30,"Plan Rows": 122,"Plan Width": 168,"Actual Startup Time": 2512.395,"Actual Total Time": 2702.832,"Actual Rows": 525,"Actual Loops": 1,"Workers Planned": 2,"Workers Launched": 2,"Plans": [{"Node Type": "Aggregate","Strategy": "Sorted","Partial Mode": "Partial","Parent Relationship": "Outer","Parallel Aware": false,"Async Capable": false,"Startup Cost": 46355.06,"Total Cost": 46357.20,"Plan Rows": 61,"Plan Width": 168,"Actual Startup Time": 2387.854,"Actual Total Time": 2544.213,"Actual Rows": 175,"Actual Loops": 3,"Group Key": ["nation.n_name", "(EXTRACT(year FROM orders.o_orderdate))"],"Workers": [],"Plans": [{"Node Type": "Sort","Parent Relationship": "Outer","Parallel Aware": false,"Async Capable": false,"Startup Cost": 46355.06,"Total Cost": 46355.21,"Plan Rows": 61,"Plan Width": 159,"Actual Startup Time": 2387.145,"Actual Total Time": 2446.167,"Actual Rows": 110413,"Actual Loops": 3,"Sort Key": ["nation.n_name", "(EXTRACT(year FROM orders.o_orderdate)) DESC"],"Sort Method": "quicksort","Sort Space Used": 14862,"Sort Space Type": "Memory","Workers": [{"Worker Number": 0,"Sort Method": "quicksort","Sort Space Used": 13748,"Sort Space Type": "Memory"},{"Worker Number": 1,"Sort Method": "quicksort","Sort Space Used": 13594,"Sort Space Type": "Memory"}],"Plans": [{"Node Type": "Hash Join","Parent Relationship": "Outer","Parallel Aware": false,"Async Capable": false,"Join Type": "Inner","Startup Cost": 3.13,"Total Cost": 46353.25,"Plan Rows": 61,"Plan Width": 159,"Actual Startup Time": 0.586,"Actual Total Time": 2238.998,"Actual Rows": 110413,"Actual Loops": 3,"Inner Unique": true,"Hash Cond": "(supplier.s_nationkey = nation.n_nationkey)","Workers": [],"Plans": [{"Node Type": "Nested Loop","Parent Relationship": "Outer","Parallel Aware": false,"Async Capable": false,"Join Type": "Inner","Startup Cost": 1.57,"Total Cost": 46351.35,"Plan Rows": 61,"Plan Width": 31,"Actual Startup Time": 0.446,"Actual Total Time": 2206.727,"Actual Rows": 110413,"Actual Loops": 3,"Inner Unique": true,"Workers": [],"Plans": [{"Node Type": "Nested Loop","Parent Relationship": "Outer","Parallel Aware": false,"Async Capable": false,"Join Type": "Inner","Startup Cost": 1.14,"Total Cost": 46322.98,"Plan Rows": 61,"Plan Width": 31,"Actual Startup Time": 0.345,"Actual Total Time": 1028.676,"Actual Rows": 110413,"Actual Loops": 3,"Inner Unique": true,"Workers": [],"Plans": [{"Node Type": "Nested Loop","Parent Relationship": "Outer","Parallel Aware": false,"Async Capable": false,"Join Type": "Inner","Startup Cost": 0.86,"Total Cost": 46304.52,"Plan Rows": 61,"Plan Width": 35,"Actual Startup Time": 0.259,"Actual Total Time": 837.153,"Actual Rows": 110413,"Actual Loops": 3,"Inner Unique": false,"Workers": [],"Plans": [{"Node Type": "Nested Loop","Parent Relationship": "Outer","Parallel Aware": false,"Async Capable": false,"Join Type": "Inner","Startup Cost": 0.42,"Total Cost": 24846.16,"Plan Rows": 20202,"Plan Width": 18,"Actual Startup Time": 0.158,"Actual Total Time": 117.913,"Actual Rows": 14717,"Actual Loops": 3,"Inner Unique": false,"Workers": [],"Plans": [{"Node Type": "Seq Scan","Parent Relationship": "Outer","Parallel Aware": true,"Async Capable": false,"Relation Name": "part","Alias": "part","Startup Cost": 0.00,"Total Cost": 5138.67,"Plan Rows": 5051,"Plan Width": 4,"Actual Startup Time": 0.058,"Actual Total Time": 50.922,"Actual Rows": 3679,"Actual Loops": 3,"Filter": "((p_name)::text ~~ '%red%'::text)","Rows Removed by Filter": 62987,"Workers": []},{"Node Type": "Index Scan","Parent Relationship": "Inner","Parallel Aware": false,"Async Capable": false,"Scan Direction": "Forward","Index Name": "idx_partsupp_partkey","Relation Name": "partsupp","Alias": "partsupp","Startup Cost": 0.42,"Total Cost": 3.86,"Plan Rows": 4,"Plan Width": 14,"Actual Startup Time": 0.014,"Actual Total Time": 0.017,"Actual Rows": 4,"Actual Loops": 11038,"Index Cond": "(ps_partkey = part.p_partkey)","Rows Removed by Index Recheck": 0,"Workers": []}]},{"Node Type": "Index Scan","Parent Relationship": "Inner","Parallel Aware": false,"Async Capable": false,"Scan Direction": "Forward","Index Name": "idx_lineitem_part_supp","Relation Name": "lineitem","Alias": "lineitem","Startup Cost": 0.43,"Total Cost": 1.05,"Plan Rows": 1,"Plan Width": 29,"Actual Startup Time": 0.007,"Actual Total Time": 0.047,"Actual Rows": 8,"Actual Loops": 44152,"Index Cond": "((l_partkey = partsupp.ps_partkey) AND (l_suppkey = partsupp.ps_suppkey))","Rows Removed by Index Recheck": 0,"Workers": []}]},{"Node Type": "Index Scan","Parent Relationship": "Inner","Parallel Aware": false,"Async Capable": false,"Scan Direction": "Forward","Index Name": "supplier_pkey","Relation Name": "supplier","Alias": "supplier","Startup Cost": 0.29,"Total Cost": 0.30,"Plan Rows": 1,"Plan Width": 8,"Actual Startup Time": 0.001,"Actual Total Time": 0.001,"Actual Rows": 1,"Actual Loops": 331238,"Index Cond": "(s_suppkey = lineitem.l_suppkey)","Rows Removed by Index Recheck": 0,"Workers": []}]},{"Node Type": "Index Scan","Parent Relationship": "Inner","Parallel Aware": false,"Async Capable": false,"Scan Direction": "Forward","Index Name": "orders_pkey","Relation Name": "orders","Alias": "orders","Startup Cost": 0.43,"Total Cost": 0.47,"Plan Rows": 1,"Plan Width": 8,"Actual Startup Time": 0.010,"Actual Total Time": 0.010,"Actual Rows": 1,"Actual Loops": 331238,"Index Cond": "(o_orderkey = lineitem.l_orderkey)","Rows Removed by Index Recheck": 0,"Workers": []}]},{"Node Type": "Hash","Parent Relationship": "Inner","Parallel Aware": false,"Async Capable": false,"Startup Cost": 1.25,"Total Cost": 1.25,"Plan Rows": 25,"Plan Width": 108,"Actual Startup Time": 0.061,"Actual Total Time": 0.070,"Actual Rows": 25,"Actual Loops": 3,"Hash Buckets": 1024,"Original Hash Buckets": 1024,"Hash Batches": 1,"Original Hash Batches": 1,"Peak Memory Usage": 10,"Workers": [],"Plans": [{"Node Type": "Seq Scan","Parent Relationship": "Outer","Parallel Aware": false,"Async Capable": false,"Relation Name": "nation","Alias": "nation","Startup Cost": 0.00,"Total Cost": 1.25,"Plan Rows": 25,"Plan Width": 108,"Actual Startup Time": 0.040,"Actual Total Time": 0.045,"Actual Rows": 25,"Actual Loops": 3,"Workers": []}]}]}]}]}]}]},"Planning Time": 13.100,"Triggers": [],"Execution Time": 2706.177}]
[{"Plan": {"Node Type": "Aggregate","Strategy": "Sorted","Partial Mode": "Finalize","Parallel Aware": false,"Async Capable": false,"Startup Cost": 35224.41,"Total Cost": 35237.30,"Plan Rows": 97,"Plan Width": 168,"Actual Startup Time": 2468.334,"Actual Total Time": 2614.615,"Actual Rows": 175,"Actual Loops": 1,"Group Key": ["nation.n_name", "(EXTRACT(year FROM orders.o_orderdate))"],"Plans": [{"Node Type": "Gather Merge","Parent Relationship": "Outer","Parallel Aware": false,"Async Capable": false,"Startup Cost": 35224.41,"Total Cost": 35235.05,"Plan Rows": 80,"Plan Width": 168,"Actual Startup Time": 2467.004,"Actual Total Time": 2614.239,"Actual Rows": 525,"Actual Loops": 1,"Workers Planned": 2,"Workers Launched": 2,"Plans": [{"Node Type": "Aggregate","Strategy": "Sorted","Partial Mode": "Partial","Parent Relationship": "Outer","Parallel Aware": false,"Async Capable": false,"Startup Cost": 34224.39,"Total Cost": 34225.79,"Plan Rows": 40,"Plan Width": 168,"Actual Startup Time": 2350.593,"Actual Total Time": 2488.300,"Actual Rows": 175,"Actual Loops": 3,"Group Key": ["nation.n_name", "(EXTRACT(year FROM orders.o_orderdate))"],"Workers": [],"Plans": [{"Node Type": "Sort","Parent Relationship": "Outer","Parallel Aware": false,"Async Capable": false,"Startup Cost": 34224.39,"Total Cost": 34224.49,"Plan Rows": 40,"Plan Width": 159,"Actual Startup Time": 2349.936,"Actual Total Time": 2400.414,"Actual Rows": 109238,"Actual Loops": 3,"Sort Key": ["nation.n_name", "(EXTRACT(year FROM orders.o_orderdate)) DESC"],"Sort Method": "quicksort","Sort Space Used": 14698,"Sort Space Type": "Memory","Workers": [{"Worker Number": 0,"Sort Method": "quicksort","Sort Space Used": 13564,"Sort Space Type": "Memory"},{"Worker Number": 1,"Sort Method": "quicksort","Sort Space Used": 13587,"Sort Space Type": "Memory"}],"Plans": [{"Node Type": "Hash Join","Parent Relationship": "Outer","Parallel Aware": false,"Async Capable": false,"Join Type": "Inner","Startup Cost": 3.13,"Total Cost": 34223.32,"Plan Rows": 40,"Plan Width": 159,"Actual Startup Time": 0.710,"Actual Total Time": 2199.303,"Actual Rows": 109238,"Actual Loops": 3,"Inner Unique": true,"Hash Cond": "(supplier.s_nationkey = nation.n_nationkey)","Workers": [],"Plans": [{"Node Type": "Nested Loop","Parent Relationship": "Outer","Parallel Aware": false,"Async Capable": false,"Join Type": "Inner","Startup Cost": 1.57,"Total Cost": 34221.53,"Plan Rows": 40,"Plan Width": 31,"Actual Startup Time": 0.515,"Actual Total Time": 2168.211,"Actual Rows": 109238,"Actual Loops": 3,"Inner Unique": true,"Workers": [],"Plans": [{"Node Type": "Nested Loop","Parent Relationship": "Outer","Parallel Aware": false,"Async Capable": false,"Join Type": "Inner","Startup Cost": 1.14,"Total Cost": 34202.93,"Plan Rows": 40,"Plan Width": 31,"Actual Startup Time": 0.366,"Actual Total Time": 1011.087,"Actual Rows": 109238,"Actual Loops": 3,"Inner Unique": true,"Workers": [],"Plans": [{"Node Type": "Nested Loop","Parent Relationship": "Outer","Parallel Aware": false,"Async Capable": false,"Join Type": "Inner","Startup Cost": 0.86,"Total Cost": 34190.82,"Plan Rows": 40,"Plan Width": 35,"Actual Startup Time": 0.280,"Actual Total Time": 824.347,"Actual Rows": 109238,"Actual Loops": 3,"Inner Unique": false,"Workers": [],"Plans": [{"Node Type": "Nested Loop","Parent Relationship": "Outer","Parallel Aware": false,"Async Capable": false,"Join Type": "Inner","Startup Cost": 0.42,"Total Cost": 19885.25,"Plan Rows": 13468,"Plan Width": 18,"Actual Startup Time": 0.177,"Actual Total Time": 115.126,"Actual Rows": 14568,"Actual Loops": 3,"Inner Unique": false,"Workers": [],"Plans": [{"Node Type": "Seq Scan","Parent Relationship": "Outer","Parallel Aware": true,"Async Capable": false,"Relation Name": "part","Alias": "part","Startup Cost": 0.00,"Total Cost": 5138.67,"Plan Rows": 3367,"Plan Width": 4,"Actual Startup Time": 0.049,"Actual Total Time": 48.508,"Actual Rows": 3642,"Actual Loops": 3,"Filter": "((p_name)::text ~~ '%purple%'::text)","Rows Removed by Filter": 63025,"Workers": []},{"Node Type": "Index Scan","Parent Relationship": "Inner","Parallel Aware": false,"Async Capable": false,"Scan Direction": "Forward","Index Name": "idx_partsupp_partkey","Relation Name": "partsupp","Alias": "partsupp","Startup Cost": 0.42,"Total Cost": 4.34,"Plan Rows": 4,"Plan Width": 14,"Actual Startup Time": 0.014,"Actual Total Time": 0.018,"Actual Rows": 4,"Actual Loops": 10926,"Index Cond": "(ps_partkey = part.p_partkey)","Rows Removed by Index Recheck": 0,"Workers": []}]},{"Node Type": "Index Scan","Parent Relationship": "Inner","Parallel Aware": false,"Async Capable": false,"Scan Direction": "Forward","Index Name": "idx_lineitem_part_supp","Relation Name": "lineitem","Alias": "lineitem","Startup Cost": 0.43,"Total Cost": 1.05,"Plan Rows": 1,"Plan Width": 29,"Actual Startup Time": 0.007,"Actual Total Time": 0.047,"Actual Rows": 7,"Actual Loops": 43704,"Index Cond": "((l_partkey = partsupp.ps_partkey) AND (l_suppkey = partsupp.ps_suppkey))","Rows Removed by Index Recheck": 0,"Workers": []}]},{"Node Type": "Index Scan","Parent Relationship": "Inner","Parallel Aware": false,"Async Capable": false,"Scan Direction": "Forward","Index Name": "supplier_pkey","Relation Name": "supplier","Alias": "supplier","Startup Cost": 0.29,"Total Cost": 0.30,"Plan Rows": 1,"Plan Width": 8,"Actual Startup Time": 0.001,"Actual Total Time": 0.001,"Actual Rows": 1,"Actual Loops": 327714,"Index Cond": "(s_suppkey = lineitem.l_suppkey)","Rows Removed by Index Recheck": 0,"Workers": []}]},{"Node Type": "Index Scan","Parent Relationship": "Inner","Parallel Aware": false,"Async Capable": false,"Scan Direction": "Forward","Index Name": "orders_pkey","Relation Name": "orders","Alias": "orders","Startup Cost": 0.43,"Total Cost": 0.47,"Plan Rows": 1,"Plan Width": 8,"Actual Startup Time": 0.010,"Actual Total Time": 0.010,"Actual Rows": 1,"Actual Loops": 327714,"Index Cond": "(o_orderkey = lineitem.l_orderkey)","Rows Removed by Index Recheck": 0,"Workers": []}]},{"Node Type": "Hash","Parent Relationship": "Inner","Parallel Aware": false,"Async Capable": false,"Startup Cost": 1.25,"Total Cost": 1.25,"Plan Rows": 25,"Plan Width": 108,"Actual Startup Time": 0.085,"Actual Total Time": 0.094,"Actual Rows": 25,"Actual Loops": 3,"Hash Buckets": 1024,"Original Hash Buckets": 1024,"Hash Batches": 1,"Original Hash Batches": 1,"Peak Memory Usage": 10,"Workers": [],"Plans": [{"Node Type": "Seq Scan","Parent Relationship": "Outer","Parallel Aware": false,"Async Capable": false,"Relation Name": "nation","Alias": "nation","Startup Cost": 0.00,"Total Cost": 1.25,"Plan Rows": 25,"Plan Width": 108,"Actual Startup Time": 0.054,"Actual Total Time": 0.060,"Actual Rows": 25,"Actual Loops": 3,"Workers": []}]}]}]}]}]}]},"Planning Time": 11.747,"Triggers": [],"Execution Time": 2615.991}]
[{"Plan": {"Node Type": "Aggregate","Strategy": "Sorted","Partial Mode": "Finalize","Parallel Aware": false,"Async Capable": false,"Startup Cost": 35224.41,"Total Cost": 35237.30,"Plan Rows": 97,"Plan Width": 168,"Actual Startup Time": 2410.163,"Actual Total Time": 2573.719,"Actual Rows": 175,"Actual Loops": 1,"Group Key": ["nation.n_name", "(EXTRACT(year FROM orders.o_orderdate))"],"Plans": [{"Node Type": "Gather Merge","Parent Relationship": "Outer","Parallel Aware": false,"Async Capable": false,"Startup Cost": 35224.41,"Total Cost": 35235.05,"Plan Rows": 80,"Plan Width": 168,"Actual Startup Time": 2408.338,"Actual Total Time": 2573.326,"Actual Rows": 525,"Actual Loops": 1,"Workers Planned": 2,"Workers Launched": 2,"Plans": [{"Node Type": "Aggregate","Strategy": "Sorted","Partial Mode": "Partial","Parent Relationship": "Outer","Parallel Aware": false,"Async Capable": false,"Startup Cost": 34224.39,"Total Cost": 34225.79,"Plan Rows": 40,"Plan Width": 168,"Actual Startup Time": 2302.691,"Actual Total Time": 2428.274,"Actual Rows": 175,"Actual Loops": 3,"Group Key": ["nation.n_name", "(EXTRACT(year FROM orders.o_orderdate))"],"Workers": [],"Plans": [{"Node Type": "Sort","Parent Relationship": "Outer","Parallel Aware": false,"Async Capable": false,"Startup Cost": 34224.39,"Total Cost": 34224.49,"Plan Rows": 40,"Plan Width": 159,"Actual Startup Time": 2302.042,"Actual Total Time": 2344.248,"Actual Rows": 109402,"Actual Loops": 3,"Sort Key": ["nation.n_name", "(EXTRACT(year FROM orders.o_orderdate)) DESC"],"Sort Method": "quicksort","Sort Space Used": 13601,"Sort Space Type": "Memory","Workers": [{"Worker Number": 0,"Sort Method": "quicksort","Sort Space Used": 14189,"Sort Space Type": "Memory"},{"Worker Number": 1,"Sort Method": "quicksort","Sort Space Used": 14107,"Sort Space Type": "Memory"}],"Plans": [{"Node Type": "Hash Join","Parent Relationship": "Outer","Parallel Aware": false,"Async Capable": false,"Join Type": "Inner","Startup Cost": 3.13,"Total Cost": 34223.32,"Plan Rows": 40,"Plan Width": 159,"Actual Startup Time": 0.735,"Actual Total Time": 2152.784,"Actual Rows": 109402,"Actual Loops": 3,"Inner Unique": true,"Hash Cond": "(supplier.s_nationkey = nation.n_nationkey)","Workers": [],"Plans": [{"Node Type": "Nested Loop","Parent Relationship": "Outer","Parallel Aware": false,"Async Capable": false,"Join Type": "Inner","Startup Cost": 1.57,"Total Cost": 34221.53,"Plan Rows": 40,"Plan Width": 31,"Actual Startup Time": 0.544,"Actual Total Time": 2120.427,"Actual Rows": 109402,"Actual Loops": 3,"Inner Unique": true,"Workers": [],"Plans": [{"Node Type": "Nested Loop","Parent Relationship": "Outer","Parallel Aware": false,"Async Capable": false,"Join Type": "Inner","Startup Cost": 1.14,"Total Cost": 34202.93,"Plan Rows": 40,"Plan Width": 31,"Actual Startup Time": 0.416,"Actual Total Time": 988.040,"Actual Rows": 109402,"Actual Loops": 3,"Inner Unique": true,"Workers": [],"Plans": [{"Node Type": "Nested Loop","Parent Relationship": "Outer","Parallel Aware": false,"Async Capable": false,"Join Type": "Inner","Startup Cost": 0.86,"Total Cost": 34190.82,"Plan Rows": 40,"Plan Width": 35,"Actual Startup Time": 0.319,"Actual Total Time": 803.042,"Actual Rows": 109402,"Actual Loops": 3,"Inner Unique": false,"Workers": [],"Plans": [{"Node Type": "Nested Loop","Parent Relationship": "Outer","Parallel Aware": false,"Async Capable": false,"Join Type": "Inner","Startup Cost": 0.42,"Total Cost": 19885.25,"Plan Rows": 13468,"Plan Width": 18,"Actual Startup Time": 0.207,"Actual Total Time": 118.633,"Actual Rows": 14617,"Actual Loops": 3,"Inner Unique": false,"Workers": [],"Plans": [{"Node Type": "Seq Scan","Parent Relationship": "Outer","Parallel Aware": true,"Async Capable": false,"Relation Name": "part","Alias": "part","Startup Cost": 0.00,"Total Cost": 5138.67,"Plan Rows": 3367,"Plan Width": 4,"Actual Startup Time": 0.078,"Actual Total Time": 50.998,"Actual Rows": 3654,"Actual Loops": 3,"Filter": "((p_name)::text ~~ '%misty%'::text)","Rows Removed by Filter": 63012,"Workers": []},{"Node Type": "Index Scan","Parent Relationship": "Inner","Parallel Aware": false,"Async Capable": false,"Scan Direction": "Forward","Index Name": "idx_partsupp_partkey","Relation Name": "partsupp","Alias": "partsupp","Startup Cost": 0.42,"Total Cost": 4.34,"Plan Rows": 4,"Plan Width": 14,"Actual Startup Time": 0.014,"Actual Total Time": 0.018,"Actual Rows": 4,"Actual Loops": 10963,"Index Cond": "(ps_partkey = part.p_partkey)","Rows Removed by Index Recheck": 0,"Workers": []}]},{"Node Type": "Index Scan","Parent Relationship": "Inner","Parallel Aware": false,"Async Capable": false,"Scan Direction": "Forward","Index Name": "idx_lineitem_part_supp","Relation Name": "lineitem","Alias": "lineitem","Startup Cost": 0.43,"Total Cost": 1.05,"Plan Rows": 1,"Plan Width": 29,"Actual Startup Time": 0.007,"Actual Total Time": 0.045,"Actual Rows": 7,"Actual Loops": 43852,"Index Cond": "((l_partkey = partsupp.ps_partkey) AND (l_suppkey = partsupp.ps_suppkey))","Rows Removed by Index Recheck": 0,"Workers": []}]},{"Node Type": "Index Scan","Parent Relationship": "Inner","Parallel Aware": false,"Async Capable": false,"Scan Direction": "Forward","Index Name": "supplier_pkey","Relation Name": "supplier","Alias": "supplier","Startup Cost": 0.29,"Total Cost": 0.30,"Plan Rows": 1,"Plan Width": 8,"Actual Startup Time": 0.001,"Actual Total Time": 0.001,"Actual Rows": 1,"Actual Loops": 328206,"Index Cond": "(s_suppkey = lineitem.l_suppkey)","Rows Removed by Index Recheck": 0,"Workers": []}]},{"Node Type": "Index Scan","Parent Relationship": "Inner","Parallel Aware": false,"Async Capable": false,"Scan Direction": "Forward","Index Name": "orders_pkey","Relation Name": "orders","Alias": "orders","Startup Cost": 0.43,"Total Cost": 0.47,"Plan Rows": 1,"Plan Width": 8,"Actual Startup Time": 0.010,"Actual Total Time": 0.010,"Actual Rows": 1,"Actual Loops": 328206,"Index Cond": "(o_orderkey = lineitem.l_orderkey)","Rows Removed by Index Recheck": 0,"Workers": []}]},{"Node Type": "Hash","Parent Relationship": "Inner","Parallel Aware": false,"Async Capable": false,"Startup Cost": 1.25,"Total Cost": 1.25,"Plan Rows": 25,"Plan Width": 108,"Actual Startup Time": 0.086,"Actual Total Time": 0.092,"Actual Rows": 25,"Actual Loops": 3,"Hash Buckets": 1024,"Original Hash Buckets": 1024,"Hash Batches": 1,"Original Hash Batches": 1,"Peak Memory Usage": 10,"Workers": [],"Plans": [{"Node Type": "Seq Scan","Parent Relationship": "Outer","Parallel Aware": false,"Async Capable": false,"Relation Name": "nation","Alias": "nation","Startup Cost": 0.00,"Total Cost": 1.25,"Plan Rows": 25,"Plan Width": 108,"Actual Startup Time": 0.060,"Actual Total Time": 0.066,"Actual Rows": 25,"Actual Loops": 3,"Workers": []}]}]}]}]}]}]},"Planning Time": 12.091,"Triggers": [],"Execution Time": 2576.214}]
[{"Plan": {"Node Type": "Aggregate","Strategy": "Sorted","Partial Mode": "Finalize","Parallel Aware": false,"Async Capable": false,"Startup Cost": 15191.58,"Total Cost": 15194.80,"Plan Rows": 24,"Plan Width": 168,"Actual Startup Time": 2525.897,"Actual Total Time": 2655.198,"Actual Rows": 175,"Actual Loops": 1,"Group Key": ["nation.n_name", "(EXTRACT(year FROM orders.o_orderdate))"],"Plans": [{"Node Type": "Gather Merge","Parent Relationship": "Outer","Parallel Aware": false,"Async Capable": false,"Startup Cost": 15191.58,"Total Cost": 15194.24,"Plan Rows": 20,"Plan Width": 168,"Actual Startup Time": 2524.969,"Actual Total Time": 2654.657,"Actual Rows": 525,"Actual Loops": 1,"Workers Planned": 2,"Workers Launched": 2,"Plans": [{"Node Type": "Aggregate","Strategy": "Sorted","Partial Mode": "Partial","Parent Relationship": "Outer","Parallel Aware": false,"Async Capable": false,"Startup Cost": 14191.56,"Total Cost": 14191.91,"Plan Rows": 10,"Plan Width": 168,"Actual Startup Time": 2430.723,"Actual Total Time": 2561.950,"Actual Rows": 175,"Actual Loops": 3,"Group Key": ["nation.n_name", "(EXTRACT(year FROM orders.o_orderdate))"],"Workers": [],"Plans": [{"Node Type": "Sort","Parent Relationship": "Outer","Parallel Aware": false,"Async Capable": false,"Startup Cost": 14191.56,"Total Cost": 14191.59,"Plan Rows": 10,"Plan Width": 159,"Actual Startup Time": 2430.120,"Actual Total Time": 2476.960,"Actual Rows": 108589,"Actual Loops": 3,"Sort Key": ["nation.n_name", "(EXTRACT(year FROM orders.o_orderdate)) DESC"],"Sort Method": "quicksort","Sort Space Used": 14616,"Sort Space Type": "Memory","Workers": [{"Worker Number": 0,"Sort Method": "quicksort","Sort Space Used": 13490,"Sort Space Type": "Memory"},{"Worker Number": 1,"Sort Method": "quicksort","Sort Space Used": 13544,"Sort Space Type": "Memory"}],"Plans": [{"Node Type": "Nested Loop","Parent Relationship": "Outer","Parallel Aware": false,"Async Capable": false,"Join Type": "Inner","Startup Cost": 1.71,"Total Cost": 14191.39,"Plan Rows": 10,"Plan Width": 159,"Actual Startup Time": 0.520,"Actual Total Time": 2284.263,"Actual Rows": 108589,"Actual Loops": 3,"Inner Unique": true,"Workers": [],"Plans": [{"Node Type": "Nested Loop","Parent Relationship": "Outer","Parallel Aware": false,"Async Capable": false,"Join Type": "Inner","Startup Cost": 1.57,"Total Cost": 14189.81,"Plan Rows": 10,"Plan Width": 31,"Actual Startup Time": 0.447,"Actual Total Time": 2128.732,"Actual Rows": 108589,"Actual Loops": 3,"Inner Unique": true,"Workers": [],"Plans": [{"Node Type": "Nested Loop","Parent Relationship": "Outer","Parallel Aware": false,"Async Capable": false,"Join Type": "Inner","Startup Cost": 1.14,"Total Cost": 14185.15,"Plan Rows": 10,"Plan Width": 31,"Actual Startup Time": 0.332,"Actual Total Time": 981.846,"Actual Rows": 108589,"Actual Loops": 3,"Inner Unique": true,"Workers": [],"Plans": [{"Node Type": "Nested Loop","Parent Relationship": "Outer","Parallel Aware": false,"Async Capable": false,"Join Type": "Inner","Startup Cost": 0.86,"Total Cost": 14182.13,"Plan Rows": 10,"Plan Width": 35,"Actual Startup Time": 0.262,"Actual Total Time": 792.480,"Actual Rows": 108589,"Actual Loops": 3,"Inner Unique": false,"Workers": [],"Plans": [{"Node Type": "Nested Loop","Parent Relationship": "Outer","Parallel Aware": false,"Async Capable": false,"Join Type": "Inner","Startup Cost": 0.42,"Total Cost": 10605.73,"Plan Rows": 3367,"Plan Width": 18,"Actual Startup Time": 0.162,"Actual Total Time": 118.025,"Actual Rows": 14513,"Actual Loops": 3,"Inner Unique": false,"Workers": [],"Plans": [{"Node Type": "Seq Scan","Parent Relationship": "Outer","Parallel Aware": true,"Async Capable": false,"Relation Name": "part","Alias": "part","Startup Cost": 0.00,"Total Cost": 5138.67,"Plan Rows": 842,"Plan Width": 4,"Actual Startup Time": 0.049,"Actual Total Time": 48.677,"Actual Rows": 3628,"Actual Loops": 3,"Filter": "((p_name)::text ~~ '%white%'::text)","Rows Removed by Filter": 63038,"Workers": []},{"Node Type": "Index Scan","Parent Relationship": "Inner","Parallel Aware": false,"Async Capable": false,"Scan Direction": "Forward","Index Name": "idx_partsupp_partkey","Relation Name": "partsupp","Alias": "partsupp","Startup Cost": 0.42,"Total Cost": 6.45,"Plan Rows": 4,"Plan Width": 14,"Actual Startup Time": 0.013,"Actual Total Time": 0.018,"Actual Rows": 4,"Actual Loops": 10885,"Index Cond": "(ps_partkey = part.p_partkey)","Rows Removed by Index Recheck": 0,"Workers": []}]},{"Node Type": "Index Scan","Parent Relationship": "Inner","Parallel Aware": false,"Async Capable": false,"Scan Direction": "Forward","Index Name": "idx_lineitem_part_supp","Relation Name": "lineitem","Alias": "lineitem","Startup Cost": 0.43,"Total Cost": 1.05,"Plan Rows": 1,"Plan Width": 29,"Actual Startup Time": 0.007,"Actual Total Time": 0.045,"Actual Rows": 7,"Actual Loops": 43540,"Index Cond": "((l_partkey = partsupp.ps_partkey) AND (l_suppkey = partsupp.ps_suppkey))","Rows Removed by Index Recheck": 0,"Workers": []}]},{"Node Type": "Index Scan","Parent Relationship": "Inner","Parallel Aware": false,"Async Capable": false,"Scan Direction": "Forward","Index Name": "supplier_pkey","Relation Name": "supplier","Alias": "supplier","Startup Cost": 0.29,"Total Cost": 0.30,"Plan Rows": 1,"Plan Width": 8,"Actual Startup Time": 0.001,"Actual Total Time": 0.001,"Actual Rows": 1,"Actual Loops": 325768,"Index Cond": "(s_suppkey = lineitem.l_suppkey)","Rows Removed by Index Recheck": 0,"Workers": []}]},{"Node Type": "Index Scan","Parent Relationship": "Inner","Parallel Aware": false,"Async Capable": false,"Scan Direction": "Forward","Index Name": "orders_pkey","Relation Name": "orders","Alias": "orders","Startup Cost": 0.43,"Total Cost": 0.47,"Plan Rows": 1,"Plan Width": 8,"Actual Startup Time": 0.010,"Actual Total Time": 0.010,"Actual Rows": 1,"Actual Loops": 325768,"Index Cond": "(o_orderkey = lineitem.l_orderkey)","Rows Removed by Index Recheck": 0,"Workers": []}]},{"Node Type": "Index Scan","Parent Relationship": "Inner","Parallel Aware": false,"Async Capable": false,"Scan Direction": "Forward","Index Name": "nation_pkey","Relation Name": "nation","Alias": "nation","Startup Cost": 0.14,"Total Cost": 0.16,"Plan Rows": 1,"Plan Width": 108,"Actual Startup Time": 0.001,"Actual Total Time": 0.001,"Actual Rows": 1,"Actual Loops": 325768,"Index Cond": "(n_nationkey = supplier.s_nationkey)","Rows Removed by Index Recheck": 0,"Workers": []}]}]}]}]}]},"Planning Time": 12.167,"Triggers": [],"Execution Time": 2657.009}]
[{"Plan": {"Node Type": "Aggregate","Strategy": "Sorted","Partial Mode": "Finalize","Parallel Aware": false,"Async Capable": false,"Startup Cost": 46348.90,"Total Cost": 46374.41,"Plan Rows": 170,"Plan Width": 168,"Actual Startup Time": 1727.472,"Actual Total Time": 1868.015,"Actual Rows": 175,"Actual Loops": 1,"Group Key": ["nation.n_name", "(EXTRACT(year FROM orders.o_orderdate))"],"Plans": [{"Node Type": "Gather Merge","Parent Relationship": "Outer","Parallel Aware": false,"Async Capable": false,"Startup Cost": 46348.90,"Total Cost": 46370.21,"Plan Rows": 165,"Plan Width": 168,"Actual Startup Time": 1725.748,"Actual Total Time": 1867.575,"Actual Rows": 700,"Actual Loops": 1,"Workers Planned": 3,"Workers Launched": 3,"Plans": [{"Node Type": "Aggregate","Strategy": "Sorted","Partial Mode": "Partial","Parent Relationship": "Outer","Parallel Aware": false,"Async Capable": false,"Startup Cost": 45348.86,"Total Cost": 45350.79,"Plan Rows": 55,"Plan Width": 168,"Actual Startup Time": 1653.610,"Actual Total Time": 1749.132,"Actual Rows": 175,"Actual Loops": 4,"Group Key": ["nation.n_name", "(EXTRACT(year FROM orders.o_orderdate))"],"Workers": [],"Plans": [{"Node Type": "Sort","Parent Relationship": "Outer","Parallel Aware": false,"Async Capable": false,"Startup Cost": 45348.86,"Total Cost": 45349.00,"Plan Rows": 55,"Plan Width": 159,"Actual Startup Time": 1653.066,"Actual Total Time": 1686.532,"Actual Rows": 81810,"Actual Loops": 4,"Sort Key": ["nation.n_name", "(EXTRACT(year FROM orders.o_orderdate)) DESC"],"Sort Method": "quicksort","Sort Space Used": 11471,"Sort Space Type": "Memory","Workers": [{"Worker Number": 0,"Sort Method": "quicksort","Sort Space Used": 11147,"Sort Space Type": "Memory"},{"Worker Number": 1,"Sort Method": "quicksort","Sort Space Used": 11095,"Sort Space Type": "Memory"},{"Worker Number": 2,"Sort Method": "quicksort","Sort Space Used": 11162,"Sort Space Type": "Memory"}],"Plans": [{"Node Type": "Hash Join","Parent Relationship": "Outer","Parallel Aware": false,"Async Capable": false,"Join Type": "Inner","Startup Cost": 5215.02,"Total Cost": 45347.27,"Plan Rows": 55,"Plan Width": 159,"Actual Startup Time": 20.833,"Actual Total Time": 1551.514,"Actual Rows": 81810,"Actual Loops": 4,"Inner Unique": true,"Hash Cond": "(supplier.s_nationkey = nation.n_nationkey)","Workers": [],"Plans": [{"Node Type": "Nested Loop","Parent Relationship": "Outer","Parallel Aware": false,"Async Capable": false,"Join Type": "Inner","Startup Cost": 5213.46,"Total Cost": 45345.40,"Plan Rows": 55,"Plan Width": 31,"Actual Startup Time": 20.681,"Actual Total Time": 1528.164,"Actual Rows": 81810,"Actual Loops": 4,"Inner Unique": true,"Workers": [],"Plans": [{"Node Type": "Nested Loop","Parent Relationship": "Outer","Parallel Aware": false,"Async Capable": false,"Join Type": "Inner","Startup Cost": 5213.03,"Total Cost": 45319.82,"Plan Rows": 55,"Plan Width": 31,"Actual Startup Time": 20.609,"Actual Total Time": 796.744,"Actual Rows": 81810,"Actual Loops": 4,"Inner Unique": true,"Workers": [],"Plans": [{"Node Type": "Nested Loop","Parent Relationship": "Outer","Parallel Aware": false,"Async Capable": false,"Join Type": "Inner","Startup Cost": 5212.75,"Total Cost": 45303.17,"Plan Rows": 55,"Plan Width": 35,"Actual Startup Time": 20.570,"Actual Total Time": 658.735,"Actual Rows": 81810,"Actual Loops": 4,"Inner Unique": false,"Workers": [],"Plans": [{"Node Type": "Hash Join","Parent Relationship": "Outer","Parallel Aware": true,"Async Capable": false,"Join Type": "Inner","Startup Cost": 5212.32,"Total Cost": 25921.39,"Plan Rows": 18247,"Plan Width": 18,"Actual Startup Time": 20.503,"Actual Total Time": 194.617,"Actual Rows": 10904,"Actual Loops": 4,"Inner Unique": true,"Hash Cond": "(partsupp.ps_partkey = part.p_partkey)","Workers": [],"Plans": [{"Node Type": "Seq Scan","Parent Relationship": "Outer","Parallel Aware": true,"Async Capable": false,"Relation Name": "partsupp","Alias": "partsupp","Startup Cost": 0.00,"Total Cost": 20031.65,"Plan Rows": 258065,"Plan Width": 14,"Actual Startup Time": 0.015,"Actual Total Time": 41.930,"Actual Rows": 200000,"Actual Loops": 4,"Workers": []},{"Node Type": "Hash","Parent Relationship": "Inner","Parallel Aware": true,"Async Capable": false,"Startup Cost": 5138.67,"Total Cost": 5138.67,"Plan Rows": 5892,"Plan Width": 4,"Actual Startup Time": 20.326,"Actual Total Time": 20.334,"Actual Rows": 2726,"Actual Loops": 4,"Hash Buckets": 16384,"Original Hash Buckets": 16384,"Hash Batches": 1,"Original Hash Batches": 1,"Peak Memory Usage": 576,"Workers": [],"Plans": [{"Node Type": "Seq Scan","Parent Relationship": "Outer","Parallel Aware": true,"Async Capable": false,"Relation Name": "part","Alias": "part","Startup Cost": 0.00,"Total Cost": 5138.67,"Plan Rows": 5892,"Plan Width": 4,"Actual Startup Time": 0.040,"Actual Total Time": 18.599,"Actual Rows": 2726,"Actual Loops": 4,"Filter": "((p_name)::text ~~ '%firebrick%'::text)","Rows Removed by Filter": 47274,"Workers": []}]}]},{"Node Type": "Index Scan","Parent Relationship": "Inner","Parallel Aware": false,"Async Capable": false,"Scan Direction": "Forward","Index Name": "idx_lineitem_part_supp","Relation Name": "lineitem","Alias": "lineitem","Startup Cost": 0.43,"Total Cost": 1.05,"Plan Rows": 1,"Plan Width": 29,"Actual Startup Time": 0.006,"Actual Total Time": 0.041,"Actual Rows": 8,"Actual Loops": 43616,"Index Cond": "((l_partkey = partsupp.ps_partkey) AND (l_suppkey = partsupp.ps_suppkey))","Rows Removed by Index Recheck": 0,"Workers": []}]},{"Node Type": "Index Scan","Parent Relationship": "Inner","Parallel Aware": false,"Async Capable": false,"Scan Direction": "Forward","Index Name": "supplier_pkey","Relation Name": "supplier","Alias": "supplier","Startup Cost": 0.29,"Total Cost": 0.30,"Plan Rows": 1,"Plan Width": 8,"Actual Startup Time": 0.001,"Actual Total Time": 0.001,"Actual Rows": 1,"Actual Loops": 327242,"Index Cond": "(s_suppkey = lineitem.l_suppkey)","Rows Removed by Index Recheck": 0,"Workers": []}]},{"Node Type": "Index Scan","Parent Relationship": "Inner","Parallel Aware": false,"Async Capable": false,"Scan Direction": "Forward","Index Name": "orders_pkey","Relation Name": "orders","Alias": "orders","Startup Cost": 0.43,"Total Cost": 0.47,"Plan Rows": 1,"Plan Width": 8,"Actual Startup Time": 0.009,"Actual Total Time": 0.009,"Actual Rows": 1,"Actual Loops": 327242,"Index Cond": "(o_orderkey = lineitem.l_orderkey)","Rows Removed by Index Recheck": 0,"Workers": []}]},{"Node Type": "Hash","Parent Relationship": "Inner","Parallel Aware": false,"Async Capable": false,"Startup Cost": 1.25,"Total Cost": 1.25,"Plan Rows": 25,"Plan Width": 108,"Actual Startup Time": 0.064,"Actual Total Time": 0.068,"Actual Rows": 25,"Actual Loops": 4,"Hash Buckets": 1024,"Original Hash Buckets": 1024,"Hash Batches": 1,"Original Hash Batches": 1,"Peak Memory Usage": 10,"Workers": [],"Plans": [{"Node Type": "Seq Scan","Parent Relationship": "Outer","Parallel Aware": false,"Async Capable": false,"Relation Name": "nation","Alias": "nation","Startup Cost": 0.00,"Total Cost": 1.25,"Plan Rows": 25,"Plan Width": 108,"Actual Startup Time": 0.042,"Actual Total Time": 0.046,"Actual Rows": 25,"Actual Loops": 4,"Workers": []}]}]}]}]}]}]},"Planning Time": 11.442,"Triggers": [],"Execution Time": 1870.367}]
[{"Plan": {"Node Type": "Aggregate","Strategy": "Sorted","Partial Mode": "Finalize","Parallel Aware": false,"Async Capable": false,"Startup Cost": 51920.12,"Total Cost": 51953.05,"Plan Rows": 219,"Plan Width": 168,"Actual Startup Time": 1685.576,"Actual Total Time": 1779.937,"Actual Rows": 175,"Actual Loops": 1,"Group Key": ["nation.n_name", "(EXTRACT(year FROM orders.o_orderdate))"],"Plans": [{"Node Type": "Gather Merge","Parent Relationship": "Outer","Parallel Aware": false,"Async Capable": false,"Startup Cost": 51920.12,"Total Cost": 51947.63,"Plan Rows": 213,"Plan Width": 168,"Actual Startup Time": 1684.109,"Actual Total Time": 1779.449,"Actual Rows": 700,"Actual Loops": 1,"Workers Planned": 3,"Workers Launched": 3,"Plans": [{"Node Type": "Aggregate","Strategy": "Sorted","Partial Mode": "Partial","Parent Relationship": "Outer","Parallel Aware": false,"Async Capable": false,"Startup Cost": 50920.08,"Total Cost": 50922.56,"Plan Rows": 71,"Plan Width": 168,"Actual Startup Time": 1615.575,"Actual Total Time": 1701.587,"Actual Rows": 175,"Actual Loops": 4,"Group Key": ["nation.n_name", "(EXTRACT(year FROM orders.o_orderdate))"],"Workers": [],"Plans": [{"Node Type": "Sort","Parent Relationship": "Outer","Parallel Aware": false,"Async Capable": false,"Startup Cost": 50920.08,"Total Cost": 50920.26,"Plan Rows": 71,"Plan Width": 159,"Actual Startup Time": 1615.138,"Actual Total Time": 1641.513,"Actual Rows": 82680,"Actual Loops": 4,"Sort Key": ["nation.n_name", "(EXTRACT(year FROM orders.o_orderdate)) DESC"],"Sort Method": "quicksort","Sort Space Used": 11114,"Sort Space Type": "Memory","Workers": [{"Worker Number": 0,"Sort Method": "quicksort","Sort Space Used": 11099,"Sort Space Type": "Memory"},{"Worker Number": 1,"Sort Method": "quicksort","Sort Space Used": 11470,"Sort Space Type": "Memory"},{"Worker Number": 2,"Sort Method": "quicksort","Sort Space Used": 11534,"Sort Space Type": "Memory"}],"Plans": [{"Node Type": "Hash Join","Parent Relationship": "Outer","Parallel Aware": false,"Async Capable": false,"Join Type": "Inner","Startup Cost": 5236.07,"Total Cost": 50917.89,"Plan Rows": 71,"Plan Width": 159,"Actual Startup Time": 22.147,"Actual Total Time": 1517.827,"Actual Rows": 82680,"Actual Loops": 4,"Inner Unique": true,"Hash Cond": "(supplier.s_nationkey = nation.n_nationkey)","Workers": [],"Plans": [{"Node Type": "Nested Loop","Parent Relationship": "Outer","Parallel Aware": false,"Async Capable": false,"Join Type": "Inner","Startup Cost": 5234.51,"Total Cost": 50915.94,"Plan Rows": 71,"Plan Width": 31,"Actual Startup Time": 21.955,"Actual Total Time": 1494.212,"Actual Rows": 82680,"Actual Loops": 4,"Inner Unique": true,"Workers": [],"Plans": [{"Node Type": "Nested Loop","Parent Relationship": "Outer","Parallel Aware": false,"Async Capable": false,"Join Type": "Inner","Startup Cost": 5234.08,"Total Cost": 50882.91,"Plan Rows": 71,"Plan Width": 31,"Actual Startup Time": 21.895,"Actual Total Time": 772.688,"Actual Rows": 82680,"Actual Loops": 4,"Inner Unique": true,"Workers": [],"Plans": [{"Node Type": "Nested Loop","Parent Relationship": "Outer","Parallel Aware": false,"Async Capable": false,"Join Type": "Inner","Startup Cost": 5233.80,"Total Cost": 50861.42,"Plan Rows": 71,"Plan Width": 35,"Actual Startup Time": 21.850,"Actual Total Time": 635.447,"Actual Rows": 82680,"Actual Loops": 4,"Inner Unique": false,"Workers": [],"Plans": [{"Node Type": "Hash Join","Parent Relationship": "Outer","Parallel Aware": true,"Async Capable": false,"Join Type": "Inner","Startup Cost": 5233.37,"Total Cost": 25942.44,"Plan Rows": 23460,"Plan Width": 18,"Actual Startup Time": 21.777,"Actual Total Time": 183.666,"Actual Rows": 11010,"Actual Loops": 4,"Inner Unique": true,"Hash Cond": "(partsupp.ps_partkey = part.p_partkey)","Workers": [],"Plans": [{"Node Type": "Seq Scan","Parent Relationship": "Outer","Parallel Aware": true,"Async Capable": false,"Relation Name": "partsupp","Alias": "partsupp","Startup Cost": 0.00,"Total Cost": 20031.65,"Plan Rows": 258065,"Plan Width": 14,"Actual Startup Time": 0.020,"Actual Total Time": 41.580,"Actual Rows": 200000,"Actual Loops": 4,"Workers": []},{"Node Type": "Hash","Parent Relationship": "Inner","Parallel Aware": true,"Async Capable": false,"Startup Cost": 5138.67,"Total Cost": 5138.67,"Plan Rows": 7576,"Plan Width": 4,"Actual Startup Time": 21.542,"Actual Total Time": 21.549,"Actual Rows": 2752,"Actual Loops": 4,"Hash Buckets": 32768,"Original Hash Buckets": 32768,"Hash Batches": 1,"Original Hash Batches": 1,"Peak Memory Usage": 736,"Workers": [],"Plans": [{"Node Type": "Seq Scan","Parent Relationship": "Outer","Parallel Aware": true,"Async Capable": false,"Relation Name": "part","Alias": "part","Startup Cost": 0.00,"Total Cost": 5138.67,"Plan Rows": 7576,"Plan Width": 4,"Actual Startup Time": 0.062,"Actual Total Time": 20.145,"Actual Rows": 2752,"Actual Loops": 4,"Filter": "((p_name)::text ~~ '%orchid%'::text)","Rows Removed by Filter": 47248,"Workers": []}]}]},{"Node Type": "Index Scan","Parent Relationship": "Inner","Parallel Aware": false,"Async Capable": false,"Scan Direction": "Forward","Index Name": "idx_lineitem_part_supp","Relation Name": "lineitem","Alias": "lineitem","Startup Cost": 0.43,"Total Cost": 1.05,"Plan Rows": 1,"Plan Width": 29,"Actual Startup Time": 0.006,"Actual Total Time": 0.040,"Actual Rows": 8,"Actual Loops": 44040,"Index Cond": "((l_partkey = partsupp.ps_partkey) AND (l_suppkey = partsupp.ps_suppkey))","Rows Removed by Index Recheck": 0,"Workers": []}]},{"Node Type": "Index Scan","Parent Relationship": "Inner","Parallel Aware": false,"Async Capable": false,"Scan Direction": "Forward","Index Name": "supplier_pkey","Relation Name": "supplier","Alias": "supplier","Startup Cost": 0.29,"Total Cost": 0.30,"Plan Rows": 1,"Plan Width": 8,"Actual Startup Time": 0.001,"Actual Total Time": 0.001,"Actual Rows": 1,"Actual Loops": 330720,"Index Cond": "(s_suppkey = lineitem.l_suppkey)","Rows Removed by Index Recheck": 0,"Workers": []}]},{"Node Type": "Index Scan","Parent Relationship": "Inner","Parallel Aware": false,"Async Capable": false,"Scan Direction": "Forward","Index Name": "orders_pkey","Relation Name": "orders","Alias": "orders","Startup Cost": 0.43,"Total Cost": 0.47,"Plan Rows": 1,"Plan Width": 8,"Actual Startup Time": 0.008,"Actual Total Time": 0.008,"Actual Rows": 1,"Actual Loops": 330720,"Index Cond": "(o_orderkey = lineitem.l_orderkey)","Rows Removed by Index Recheck": 0,"Workers": []}]},{"Node Type": "Hash","Parent Relationship": "Inner","Parallel Aware": false,"Async Capable": false,"Startup Cost": 1.25,"Total Cost": 1.25,"Plan Rows": 25,"Plan Width": 108,"Actual Startup Time": 0.085,"Actual Total Time": 0.091,"Actual Rows": 25,"Actual Loops": 4,"Hash Buckets": 1024,"Original Hash Buckets": 1024,"Hash Batches": 1,"Original Hash Batches": 1,"Peak Memory Usage": 10,"Workers": [],"Plans": [{"Node Type": "Seq Scan","Parent Relationship": "Outer","Parallel Aware": false,"Async Capable": false,"Relation Name": "nation","Alias": "nation","Startup Cost": 0.00,"Total Cost": 1.25,"Plan Rows": 25,"Plan Width": 108,"Actual Startup Time": 0.055,"Actual Total Time": 0.061,"Actual Rows": 25,"Actual Loops": 4,"Workers": []}]}]}]}]}]}]},"Planning Time": 12.199,"Triggers": [],"Execution Time": 1781.879}]
[{"Plan": {"Node Type": "Aggregate","Strategy": "Sorted","Partial Mode": "Finalize","Parallel Aware": false,"Async Capable": false,"Startup Cost": 28858.40,"Total Cost": 28868.07,"Plan Rows": 73,"Plan Width": 168,"Actual Startup Time": 2398.655,"Actual Total Time": 2502.700,"Actual Rows": 175,"Actual Loops": 1,"Group Key": ["nation.n_name", "(EXTRACT(year FROM orders.o_orderdate))"],"Plans": [{"Node Type": "Gather Merge","Parent Relationship": "Outer","Parallel Aware": false,"Async Capable": false,"Startup Cost": 28858.40,"Total Cost": 28866.38,"Plan Rows": 60,"Plan Width": 168,"Actual Startup Time": 2396.991,"Actual Total Time": 2502.164,"Actual Rows": 525,"Actual Loops": 1,"Workers Planned": 2,"Workers Launched": 2,"Plans": [{"Node Type": "Aggregate","Strategy": "Sorted","Partial Mode": "Partial","Parent Relationship": "Outer","Parallel Aware": false,"Async Capable": false,"Startup Cost": 27858.38,"Total Cost": 27859.43,"Plan Rows": 30,"Plan Width": 168,"Actual Startup Time": 2292.034,"Actual Total Time": 2415.187,"Actual Rows": 175,"Actual Loops": 3,"Group Key": ["nation.n_name", "(EXTRACT(year FROM orders.o_orderdate))"],"Workers": [],"Plans": [{"Node Type": "Sort","Parent Relationship": "Outer","Parallel Aware": false,"Async Capable": false,"Startup Cost": 27858.38,"Total Cost": 27858.46,"Plan Rows": 30,"Plan Width": 159,"Actual Startup Time": 2291.473,"Actual Total Time": 2331.706,"Actual Rows": 106427,"Actual Loops": 3,"Sort Key": ["nation.n_name", "(EXTRACT(year FROM orders.o_orderdate)) DESC"],"Sort Method": "quicksort","Sort Space Used": 13552,"Sort Space Type": "Memory","Workers": [{"Worker Number": 0,"Sort Method": "quicksort","Sort Space Used": 13739,"Sort Space Type": "Memory"},{"Worker Number": 1,"Sort Method": "quicksort","Sort Space Used": 13719,"Sort Space Type": "Memory"}],"Plans": [{"Node Type": "Hash Join","Parent Relationship": "Outer","Parallel Aware": false,"Async Capable": false,"Join Type": "Inner","Startup Cost": 3.13,"Total Cost": 27857.64,"Plan Rows": 30,"Plan Width": 159,"Actual Startup Time": 0.679,"Actual Total Time": 2140.139,"Actual Rows": 106427,"Actual Loops": 3,"Inner Unique": true,"Hash Cond": "(supplier.s_nationkey = nation.n_nationkey)","Workers": [],"Plans": [{"Node Type": "Nested Loop","Parent Relationship": "Outer","Parallel Aware": false,"Async Capable": false,"Join Type": "Inner","Startup Cost": 1.57,"Total Cost": 27855.92,"Plan Rows": 30,"Plan Width": 31,"Actual Startup Time": 0.479,"Actual Total Time": 2108.947,"Actual Rows": 106427,"Actual Loops": 3,"Inner Unique": true,"Workers": [],"Plans": [{"Node Type": "Nested Loop","Parent Relationship": "Outer","Parallel Aware": false,"Async Capable": false,"Join Type": "Inner","Startup Cost": 1.14,"Total Cost": 27841.96,"Plan Rows": 30,"Plan Width": 31,"Actual Startup Time": 0.356,"Actual Total Time": 979.627,"Actual Rows": 106427,"Actual Loops": 3,"Inner Unique": true,"Workers": [],"Plans": [{"Node Type": "Nested Loop","Parent Relationship": "Outer","Parallel Aware": false,"Async Capable": false,"Join Type": "Inner","Startup Cost": 0.86,"Total Cost": 27832.88,"Plan Rows": 30,"Plan Width": 35,"Actual Startup Time": 0.274,"Actual Total Time": 798.249,"Actual Rows": 106427,"Actual Loops": 3,"Inner Unique": false,"Workers": [],"Plans": [{"Node Type": "Nested Loop","Parent Relationship": "Outer","Parallel Aware": false,"Async Capable": false,"Join Type": "Inner","Startup Cost": 0.42,"Total Cost": 17103.70,"Plan Rows": 10101,"Plan Width": 18,"Actual Startup Time": 0.166,"Actual Total Time": 118.353,"Actual Rows": 14152,"Actual Loops": 3,"Inner Unique": false,"Workers": [],"Plans": [{"Node Type": "Seq Scan","Parent Relationship": "Outer","Parallel Aware": true,"Async Capable": false,"Relation Name": "part","Alias": "part","Startup Cost": 0.00,"Total Cost": 5138.67,"Plan Rows": 2525,"Plan Width": 4,"Actual Startup Time": 0.052,"Actual Total Time": 50.910,"Actual Rows": 3538,"Actual Loops": 3,"Filter": "((p_name)::text ~~ '%blush%'::text)","Rows Removed by Filter": 63129,"Workers": []},{"Node Type": "Index Scan","Parent Relationship": "Inner","Parallel Aware": false,"Async Capable": false,"Scan Direction": "Forward","Index Name": "idx_partsupp_partkey","Relation Name": "partsupp","Alias": "partsupp","Startup Cost": 0.42,"Total Cost": 4.70,"Plan Rows": 4,"Plan Width": 14,"Actual Startup Time": 0.014,"Actual Total Time": 0.018,"Actual Rows": 4,"Actual Loops": 10614,"Index Cond": "(ps_partkey = part.p_partkey)","Rows Removed by Index Recheck": 0,"Workers": []}]},{"Node Type": "Index Scan","Parent Relationship": "Inner","Parallel Aware": false,"Async Capable": false,"Scan Direction": "Forward","Index Name": "idx_lineitem_part_supp","Relation Name": "lineitem","Alias": "lineitem","Startup Cost": 0.43,"Total Cost": 1.05,"Plan Rows": 1,"Plan Width": 29,"Actual Startup Time": 0.007,"Actual Total Time": 0.046,"Actual Rows": 8,"Actual Loops": 42456,"Index Cond": "((l_partkey = partsupp.ps_partkey) AND (l_suppkey = partsupp.ps_suppkey))","Rows Removed by Index Recheck": 0,"Workers": []}]},{"Node Type": "Index Scan","Parent Relationship": "Inner","Parallel Aware": false,"Async Capable": false,"Scan Direction": "Forward","Index Name": "supplier_pkey","Relation Name": "supplier","Alias": "supplier","Startup Cost": 0.29,"Total Cost": 0.30,"Plan Rows": 1,"Plan Width": 8,"Actual Startup Time": 0.001,"Actual Total Time": 0.001,"Actual Rows": 1,"Actual Loops": 319280,"Index Cond": "(s_suppkey = lineitem.l_suppkey)","Rows Removed by Index Recheck": 0,"Workers": []}]},{"Node Type": "Index Scan","Parent Relationship": "Inner","Parallel Aware": false,"Async Capable": false,"Scan Direction": "Forward","Index Name": "orders_pkey","Relation Name": "orders","Alias": "orders","Startup Cost": 0.43,"Total Cost": 0.47,"Plan Rows": 1,"Plan Width": 8,"Actual Startup Time": 0.010,"Actual Total Time": 0.010,"Actual Rows": 1,"Actual Loops": 319280,"Index Cond": "(o_orderkey = lineitem.l_orderkey)","Rows Removed by Index Recheck": 0,"Workers": []}]},{"Node Type": "Hash","Parent Relationship": "Inner","Parallel Aware": false,"Async Capable": false,"Startup Cost": 1.25,"Total Cost": 1.25,"Plan Rows": 25,"Plan Width": 108,"Actual Startup Time": 0.096,"Actual Total Time": 0.129,"Actual Rows": 25,"Actual Loops": 3,"Hash Buckets": 1024,"Original Hash Buckets": 1024,"Hash Batches": 1,"Original Hash Batches": 1,"Peak Memory Usage": 10,"Workers": [],"Plans": [{"Node Type": "Seq Scan","Parent Relationship": "Outer","Parallel Aware": false,"Async Capable": false,"Relation Name": "nation","Alias": "nation","Startup Cost": 0.00,"Total Cost": 1.25,"Plan Rows": 25,"Plan Width": 108,"Actual Startup Time": 0.062,"Actual Total Time": 0.090,"Actual Rows": 25,"Actual Loops": 3,"Workers": []}]}]}]}]}]}]},"Planning Time": 12.103,"Triggers": [],"Execution Time": 2504.152}]
[{"Plan": {"Node Type": "Aggregate","Strategy": "Sorted","Partial Mode": "Finalize","Parallel Aware": false,"Async Capable": false,"Startup Cost": 46348.90,"Total Cost": 46374.41,"Plan Rows": 170,"Plan Width": 168,"Actual Startup Time": 1757.899,"Actual Total Time": 1871.868,"Actual Rows": 175,"Actual Loops": 1,"Group Key": ["nation.n_name", "(EXTRACT(year FROM orders.o_orderdate))"],"Plans": [{"Node Type": "Gather Merge","Parent Relationship": "Outer","Parallel Aware": false,"Async Capable": false,"Startup Cost": 46348.90,"Total Cost": 46370.21,"Plan Rows": 165,"Plan Width": 168,"Actual Startup Time": 1756.503,"Actual Total Time": 1871.427,"Actual Rows": 700,"Actual Loops": 1,"Workers Planned": 3,"Workers Launched": 3,"Plans": [{"Node Type": "Aggregate","Strategy": "Sorted","Partial Mode": "Partial","Parent Relationship": "Outer","Parallel Aware": false,"Async Capable": false,"Startup Cost": 45348.86,"Total Cost": 45350.79,"Plan Rows": 55,"Plan Width": 168,"Actual Startup Time": 1668.919,"Actual Total Time": 1766.305,"Actual Rows": 175,"Actual Loops": 4,"Group Key": ["nation.n_name", "(EXTRACT(year FROM orders.o_orderdate))"],"Workers": [],"Plans": [{"Node Type": "Sort","Parent Relationship": "Outer","Parallel Aware": false,"Async Capable": false,"Startup Cost": 45348.86,"Total Cost": 45349.00,"Plan Rows": 55,"Plan Width": 159,"Actual Startup Time": 1668.444,"Actual Total Time": 1703.145,"Actual Rows": 83038,"Actual Loops": 4,"Sort Key": ["nation.n_name", "(EXTRACT(year FROM orders.o_orderdate)) DESC"],"Sort Method": "quicksort","Sort Space Used": 11548,"Sort Space Type": "Memory","Workers": [{"Worker Number": 0,"Sort Method": "quicksort","Sort Space Used": 11418,"Sort Space Type": "Memory"},{"Worker Number": 1,"Sort Method": "quicksort","Sort Space Used": 11149,"Sort Space Type": "Memory"},{"Worker Number": 2,"Sort Method": "quicksort","Sort Space Used": 11246,"Sort Space Type": "Memory"}],"Plans": [{"Node Type": "Hash Join","Parent Relationship": "Outer","Parallel Aware": false,"Async Capable": false,"Join Type": "Inner","Startup Cost": 5215.02,"Total Cost": 45347.27,"Plan Rows": 55,"Plan Width": 159,"Actual Startup Time": 21.688,"Actual Total Time": 1565.255,"Actual Rows": 83038,"Actual Loops": 4,"Inner Unique": true,"Hash Cond": "(supplier.s_nationkey = nation.n_nationkey)","Workers": [],"Plans": [{"Node Type": "Nested Loop","Parent Relationship": "Outer","Parallel Aware": false,"Async Capable": false,"Join Type": "Inner","Startup Cost": 5213.46,"Total Cost": 45345.40,"Plan Rows": 55,"Plan Width": 31,"Actual Startup Time": 21.499,"Actual Total Time": 1541.205,"Actual Rows": 83038,"Actual Loops": 4,"Inner Unique": true,"Workers": [],"Plans": [{"Node Type": "Nested Loop","Parent Relationship": "Outer","Parallel Aware": false,"Async Capable": false,"Join Type": "Inner","Startup Cost": 5213.03,"Total Cost": 45319.82,"Plan Rows": 55,"Plan Width": 31,"Actual Startup Time": 21.433,"Actual Total Time": 798.756,"Actual Rows": 83038,"Actual Loops": 4,"Inner Unique": true,"Workers": [],"Plans": [{"Node Type": "Nested Loop","Parent Relationship": "Outer","Parallel Aware": false,"Async Capable": false,"Join Type": "Inner","Startup Cost": 5212.75,"Total Cost": 45303.17,"Plan Rows": 55,"Plan Width": 35,"Actual Startup Time": 21.394,"Actual Total Time": 659.573,"Actual Rows": 83038,"Actual Loops": 4,"Inner Unique": false,"Workers": [],"Plans": [{"Node Type": "Hash Join","Parent Relationship": "Outer","Parallel Aware": true,"Async Capable": false,"Join Type": "Inner","Startup Cost": 5212.32,"Total Cost": 25921.39,"Plan Rows": 18247,"Plan Width": 18,"Actual Startup Time": 21.331,"Actual Total Time": 195.916,"Actual Rows": 11075,"Actual Loops": 4,"Inner Unique": true,"Hash Cond": "(partsupp.ps_partkey = part.p_partkey)","Workers": [],"Plans": [{"Node Type": "Seq Scan","Parent Relationship": "Outer","Parallel Aware": true,"Async Capable": false,"Relation Name": "partsupp","Alias": "partsupp","Startup Cost": 0.00,"Total Cost": 20031.65,"Plan Rows": 258065,"Plan Width": 14,"Actual Startup Time": 0.015,"Actual Total Time": 42.252,"Actual Rows": 200000,"Actual Loops": 4,"Workers": []},{"Node Type": "Hash","Parent Relationship": "Inner","Parallel Aware": true,"Async Capable": false,"Startup Cost": 5138.67,"Total Cost": 5138.67,"Plan Rows": 5892,"Plan Width": 4,"Actual Startup Time": 21.111,"Actual Total Time": 21.124,"Actual Rows": 2769,"Actual Loops": 4,"Hash Buckets": 16384,"Original Hash Buckets": 16384,"Hash Batches": 1,"Original Hash Batches": 1,"Peak Memory Usage": 608,"Workers": [],"Plans": [{"Node Type": "Seq Scan","Parent Relationship": "Outer","Parallel Aware": true,"Async Capable": false,"Relation Name": "part","Alias": "part","Startup Cost": 0.00,"Total Cost": 5138.67,"Plan Rows": 5892,"Plan Width": 4,"Actual Startup Time": 0.069,"Actual Total Time": 19.514,"Actual Rows": 2769,"Actual Loops": 4,"Filter": "((p_name)::text ~~ '%tan%'::text)","Rows Removed by Filter": 47231,"Workers": []}]}]},{"Node Type": "Index Scan","Parent Relationship": "Inner","Parallel Aware": false,"Async Capable": false,"Scan Direction": "Forward","Index Name": "idx_lineitem_part_supp","Relation Name": "lineitem","Alias": "lineitem","Startup Cost": 0.43,"Total Cost": 1.05,"Plan Rows": 1,"Plan Width": 29,"Actual Startup Time": 0.006,"Actual Total Time": 0.040,"Actual Rows": 7,"Actual Loops": 44300,"Index Cond": "((l_partkey = partsupp.ps_partkey) AND (l_suppkey = partsupp.ps_suppkey))","Rows Removed by Index Recheck": 0,"Workers": []}]},{"Node Type": "Index Scan","Parent Relationship": "Inner","Parallel Aware": false,"Async Capable": false,"Scan Direction": "Forward","Index Name": "supplier_pkey","Relation Name": "supplier","Alias": "supplier","Startup Cost": 0.29,"Total Cost": 0.30,"Plan Rows": 1,"Plan Width": 8,"Actual Startup Time": 0.001,"Actual Total Time": 0.001,"Actual Rows": 1,"Actual Loops": 332152,"Index Cond": "(s_suppkey = lineitem.l_suppkey)","Rows Removed by Index Recheck": 0,"Workers": []}]},{"Node Type": "Index Scan","Parent Relationship": "Inner","Parallel Aware": false,"Async Capable": false,"Scan Direction": "Forward","Index Name": "orders_pkey","Relation Name": "orders","Alias": "orders","Startup Cost": 0.43,"Total Cost": 0.47,"Plan Rows": 1,"Plan Width": 8,"Actual Startup Time": 0.009,"Actual Total Time": 0.009,"Actual Rows": 1,"Actual Loops": 332152,"Index Cond": "(o_orderkey = lineitem.l_orderkey)","Rows Removed by Index Recheck": 0,"Workers": []}]},{"Node Type": "Hash","Parent Relationship": "Inner","Parallel Aware": false,"Async Capable": false,"Startup Cost": 1.25,"Total Cost": 1.25,"Plan Rows": 25,"Plan Width": 108,"Actual Startup Time": 0.081,"Actual Total Time": 0.088,"Actual Rows": 25,"Actual Loops": 4,"Hash Buckets": 1024,"Original Hash Buckets": 1024,"Hash Batches": 1,"Original Hash Batches": 1,"Peak Memory Usage": 10,"Workers": [],"Plans": [{"Node Type": "Seq Scan","Parent Relationship": "Outer","Parallel Aware": false,"Async Capable": false,"Relation Name": "nation","Alias": "nation","Startup Cost": 0.00,"Total Cost": 1.25,"Plan Rows": 25,"Plan Width": 108,"Actual Startup Time": 0.052,"Actual Total Time": 0.059,"Actual Rows": 25,"Actual Loops": 4,"Workers": []}]}]}]}]}]}]},"Planning Time": 11.717,"Triggers": [],"Execution Time": 1872.853}]
[{"Plan": {"Node Type": "Aggregate","Strategy": "Sorted","Partial Mode": "Finalize","Parallel Aware": false,"Async Capable": false,"Startup Cost": 51920.12,"Total Cost": 51953.05,"Plan Rows": 219,"Plan Width": 168,"Actual Startup Time": 1695.944,"Actual Total Time": 1812.622,"Actual Rows": 175,"Actual Loops": 1,"Group Key": ["nation.n_name", "(EXTRACT(year FROM orders.o_orderdate))"],"Plans": [{"Node Type": "Gather Merge","Parent Relationship": "Outer","Parallel Aware": false,"Async Capable": false,"Startup Cost": 51920.12,"Total Cost": 51947.63,"Plan Rows": 213,"Plan Width": 168,"Actual Startup Time": 1695.015,"Actual Total Time": 1812.175,"Actual Rows": 700,"Actual Loops": 1,"Workers Planned": 3,"Workers Launched": 3,"Plans": [{"Node Type": "Aggregate","Strategy": "Sorted","Partial Mode": "Partial","Parent Relationship": "Outer","Parallel Aware": false,"Async Capable": false,"Startup Cost": 50920.08,"Total Cost": 50922.56,"Plan Rows": 71,"Plan Width": 168,"Actual Startup Time": 1627.056,"Actual Total Time": 1716.761,"Actual Rows": 175,"Actual Loops": 4,"Group Key": ["nation.n_name", "(EXTRACT(year FROM orders.o_orderdate))"],"Workers": [],"Plans": [{"Node Type": "Sort","Parent Relationship": "Outer","Parallel Aware": false,"Async Capable": false,"Startup Cost": 50920.08,"Total Cost": 50920.26,"Plan Rows": 71,"Plan Width": 159,"Actual Startup Time": 1626.699,"Actual Total Time": 1654.684,"Actual Rows": 82048,"Actual Loops": 4,"Sort Key": ["nation.n_name", "(EXTRACT(year FROM orders.o_orderdate)) DESC"],"Sort Method": "quicksort","Sort Space Used": 10998,"Sort Space Type": "Memory","Workers": [{"Worker Number": 0,"Sort Method": "quicksort","Sort Space Used": 11093,"Sort Space Type": "Memory"},{"Worker Number": 1,"Sort Method": "quicksort","Sort Space Used": 11417,"Sort Space Type": "Memory"},{"Worker Number": 2,"Sort Method": "quicksort","Sort Space Used": 11464,"Sort Space Type": "Memory"}],"Plans": [{"Node Type": "Hash Join","Parent Relationship": "Outer","Parallel Aware": false,"Async Capable": false,"Join Type": "Inner","Startup Cost": 5236.07,"Total Cost": 50917.89,"Plan Rows": 71,"Plan Width": 159,"Actual Startup Time": 22.962,"Actual Total Time": 1527.674,"Actual Rows": 82048,"Actual Loops": 4,"Inner Unique": true,"Hash Cond": "(supplier.s_nationkey = nation.n_nationkey)","Workers": [],"Plans": [{"Node Type": "Nested Loop","Parent Relationship": "Outer","Parallel Aware": false,"Async Capable": false,"Join Type": "Inner","Startup Cost": 5234.51,"Total Cost": 50915.94,"Plan Rows": 71,"Plan Width": 31,"Actual Startup Time": 22.797,"Actual Total Time": 1504.364,"Actual Rows": 82048,"Actual Loops": 4,"Inner Unique": true,"Workers": [],"Plans": [{"Node Type": "Nested Loop","Parent Relationship": "Outer","Parallel Aware": false,"Async Capable": false,"Join Type": "Inner","Startup Cost": 5234.08,"Total Cost": 50882.91,"Plan Rows": 71,"Plan Width": 31,"Actual Startup Time": 22.733,"Actual Total Time": 778.868,"Actual Rows": 82048,"Actual Loops": 4,"Inner Unique": true,"Workers": [],"Plans": [{"Node Type": "Nested Loop","Parent Relationship": "Outer","Parallel Aware": false,"Async Capable": false,"Join Type": "Inner","Startup Cost": 5233.80,"Total Cost": 50861.42,"Plan Rows": 71,"Plan Width": 35,"Actual Startup Time": 22.679,"Actual Total Time": 641.061,"Actual Rows": 82048,"Actual Loops": 4,"Inner Unique": false,"Workers": [],"Plans": [{"Node Type": "Hash Join","Parent Relationship": "Outer","Parallel Aware": true,"Async Capable": false,"Join Type": "Inner","Startup Cost": 5233.37,"Total Cost": 25942.44,"Plan Rows": 23460,"Plan Width": 18,"Actual Startup Time": 22.614,"Actual Total Time": 187.868,"Actual Rows": 10922,"Actual Loops": 4,"Inner Unique": true,"Hash Cond": "(partsupp.ps_partkey = part.p_partkey)","Workers": [],"Plans": [{"Node Type": "Seq Scan","Parent Relationship": "Outer","Parallel Aware": true,"Async Capable": false,"Relation Name": "partsupp","Alias": "partsupp","Startup Cost": 0.00,"Total Cost": 20031.65,"Plan Rows": 258065,"Plan Width": 14,"Actual Startup Time": 0.015,"Actual Total Time": 42.277,"Actual Rows": 200000,"Actual Loops": 4,"Workers": []},{"Node Type": "Hash","Parent Relationship": "Inner","Parallel Aware": true,"Async Capable": false,"Startup Cost": 5138.67,"Total Cost": 5138.67,"Plan Rows": 7576,"Plan Width": 4,"Actual Startup Time": 22.401,"Actual Total Time": 22.414,"Actual Rows": 2730,"Actual Loops": 4,"Hash Buckets": 32768,"Original Hash Buckets": 32768,"Hash Batches": 1,"Original Hash Batches": 1,"Peak Memory Usage": 704,"Workers": [],"Plans": [{"Node Type": "Seq Scan","Parent Relationship": "Outer","Parallel Aware": true,"Async Capable": false,"Relation Name": "part","Alias": "part","Startup Cost": 0.00,"Total Cost": 5138.67,"Plan Rows": 7576,"Plan Width": 4,"Actual Startup Time": 0.052,"Actual Total Time": 20.933,"Actual Rows": 2730,"Actual Loops": 4,"Filter": "((p_name)::text ~~ '%navajo%'::text)","Rows Removed by Filter": 47270,"Workers": []}]}]},{"Node Type": "Index Scan","Parent Relationship": "Inner","Parallel Aware": false,"Async Capable": false,"Scan Direction": "Forward","Index Name": "idx_lineitem_part_supp","Relation Name": "lineitem","Alias": "lineitem","Startup Cost": 0.43,"Total Cost": 1.05,"Plan Rows": 1,"Plan Width": 29,"Actual Startup Time": 0.006,"Actual Total Time": 0.040,"Actual Rows": 8,"Actual Loops": 43688,"Index Cond": "((l_partkey = partsupp.ps_partkey) AND (l_suppkey = partsupp.ps_suppkey))","Rows Removed by Index Recheck": 0,"Workers": []}]},{"Node Type": "Index Scan","Parent Relationship": "Inner","Parallel Aware": false,"Async Capable": false,"Scan Direction": "Forward","Index Name": "supplier_pkey","Relation Name": "supplier","Alias": "supplier","Startup Cost": 0.29,"Total Cost": 0.30,"Plan Rows": 1,"Plan Width": 8,"Actual Startup Time": 0.001,"Actual Total Time": 0.001,"Actual Rows": 1,"Actual Loops": 328192,"Index Cond": "(s_suppkey = lineitem.l_suppkey)","Rows Removed by Index Recheck": 0,"Workers": []}]},{"Node Type": "Index Scan","Parent Relationship": "Inner","Parallel Aware": false,"Async Capable": false,"Scan Direction": "Forward","Index Name": "orders_pkey","Relation Name": "orders","Alias": "orders","Startup Cost": 0.43,"Total Cost": 0.47,"Plan Rows": 1,"Plan Width": 8,"Actual Startup Time": 0.008,"Actual Total Time": 0.008,"Actual Rows": 1,"Actual Loops": 328192,"Index Cond": "(o_orderkey = lineitem.l_orderkey)","Rows Removed by Index Recheck": 0,"Workers": []}]},{"Node Type": "Hash","Parent Relationship": "Inner","Parallel Aware": false,"Async Capable": false,"Startup Cost": 1.25,"Total Cost": 1.25,"Plan Rows": 25,"Plan Width": 108,"Actual Startup Time": 0.073,"Actual Total Time": 0.078,"Actual Rows": 25,"Actual Loops": 4,"Hash Buckets": 1024,"Original Hash Buckets": 1024,"Hash Batches": 1,"Original Hash Batches": 1,"Peak Memory Usage": 10,"Workers": [],"Plans": [{"Node Type": "Seq Scan","Parent Relationship": "Outer","Parallel Aware": false,"Async Capable": false,"Relation Name": "nation","Alias": "nation","Startup Cost": 0.00,"Total Cost": 1.25,"Plan Rows": 25,"Plan Width": 108,"Actual Startup Time": 0.041,"Actual Total Time": 0.048,"Actual Rows": 25,"Actual Loops": 4,"Workers": []}]}]}]}]}]}]},"Planning Time": 11.862,"Triggers": [],"Execution Time": 1814.545}]
[{"Plan": {"Node Type": "Aggregate","Strategy": "Sorted","Partial Mode": "Finalize","Parallel Aware": false,"Async Capable": false,"Startup Cost": 54706.26,"Total Cost": 54742.91,"Plan Rows": 244,"Plan Width": 168,"Actual Startup Time": 1714.474,"Actual Total Time": 1830.226,"Actual Rows": 175,"Actual Loops": 1,"Group Key": ["nation.n_name", "(EXTRACT(year FROM orders.o_orderdate))"],"Plans": [{"Node Type": "Gather Merge","Parent Relationship": "Outer","Parallel Aware": false,"Async Capable": false,"Startup Cost": 54706.26,"Total Cost": 54736.88,"Plan Rows": 237,"Plan Width": 168,"Actual Startup Time": 1713.154,"Actual Total Time": 1829.714,"Actual Rows": 700,"Actual Loops": 1,"Workers Planned": 3,"Workers Launched": 3,"Plans": [{"Node Type": "Aggregate","Strategy": "Sorted","Partial Mode": "Partial","Parent Relationship": "Outer","Parallel Aware": false,"Async Capable": false,"Startup Cost": 53706.22,"Total Cost": 53708.99,"Plan Rows": 79,"Plan Width": 168,"Actual Startup Time": 1641.405,"Actual Total Time": 1736.002,"Actual Rows": 175,"Actual Loops": 4,"Group Key": ["nation.n_name", "(EXTRACT(year FROM orders.o_orderdate))"],"Workers": [],"Plans": [{"Node Type": "Sort","Parent Relationship": "Outer","Parallel Aware": false,"Async Capable": false,"Startup Cost": 53706.22,"Total Cost": 53706.42,"Plan Rows": 79,"Plan Width": 159,"Actual Startup Time": 1640.941,"Actual Total Time": 1673.380,"Actual Rows": 81542,"Actual Loops": 4,"Sort Key": ["nation.n_name", "(EXTRACT(year FROM orders.o_orderdate)) DESC"],"Sort Method": "quicksort","Sort Space Used": 11097,"Sort Space Type": "Memory","Workers": [{"Worker Number": 0,"Sort Method": "quicksort","Sort Space Used": 11309,"Sort Space Type": "Memory"},{"Worker Number": 1,"Sort Method": "quicksort","Sort Space Used": 10929,"Sort Space Type": "Memory"},{"Worker Number": 2,"Sort Method": "quicksort","Sort Space Used": 11435,"Sort Space Type": "Memory"}],"Plans": [{"Node Type": "Hash Join","Parent Relationship": "Outer","Parallel Aware": false,"Async Capable": false,"Join Type": "Inner","Startup Cost": 5246.60,"Total Cost": 53703.73,"Plan Rows": 79,"Plan Width": 159,"Actual Startup Time": 23.772,"Actual Total Time": 1540.996,"Actual Rows": 81542,"Actual Loops": 4,"Inner Unique": true,"Hash Cond": "(supplier.s_nationkey = nation.n_nationkey)","Workers": [],"Plans": [{"Node Type": "Nested Loop","Parent Relationship": "Outer","Parallel Aware": false,"Async Capable": false,"Join Type": "Inner","Startup Cost": 5245.04,"Total Cost": 53701.73,"Plan Rows": 79,"Plan Width": 31,"Actual Startup Time": 23.575,"Actual Total Time": 1517.770,"Actual Rows": 81542,"Actual Loops": 4,"Inner Unique": true,"Workers": [],"Plans": [{"Node Type": "Nested Loop","Parent Relationship": "Outer","Parallel Aware": false,"Async Capable": false,"Join Type": "Inner","Startup Cost": 5244.61,"Total Cost": 53664.99,"Plan Rows": 79,"Plan Width": 31,"Actual Startup Time": 23.500,"Actual Total Time": 784.781,"Actual Rows": 81542,"Actual Loops": 4,"Inner Unique": true,"Workers": [],"Plans": [{"Node Type": "Nested Loop","Parent Relationship": "Outer","Parallel Aware": false,"Async Capable": false,"Join Type": "Inner","Startup Cost": 5244.32,"Total Cost": 53641.08,"Plan Rows": 79,"Plan Width": 35,"Actual Startup Time": 23.443,"Actual Total Time": 647.674,"Actual Rows": 81542,"Actual Loops": 4,"Inner Unique": false,"Workers": [],"Plans": [{"Node Type": "Hash Join","Parent Relationship": "Outer","Parallel Aware": true,"Async Capable": false,"Join Type": "Inner","Startup Cost": 5243.89,"Total Cost": 25952.97,"Plan Rows": 26067,"Plan Width": 18,"Actual Startup Time": 23.378,"Actual Total Time": 190.584,"Actual Rows": 10873,"Actual Loops": 4,"Inner Unique": true,"Hash Cond": "(partsupp.ps_partkey = part.p_partkey)","Workers": [],"Plans": [{"Node Type": "Seq Scan","Parent Relationship": "Outer","Parallel Aware": true,"Async Capable": false,"Relation Name": "partsupp","Alias": "partsupp","Startup Cost": 0.00,"Total Cost": 20031.65,"Plan Rows": 258065,"Plan Width": 14,"Actual Startup Time": 0.016,"Actual Total Time": 42.639,"Actual Rows": 200000,"Actual Loops": 4,"Workers": []},{"Node Type": "Hash","Parent Relationship": "Inner","Parallel Aware": true,"Async Capable": false,"Startup Cost": 5138.67,"Total Cost": 5138.67,"Plan Rows": 8418,"Plan Width": 4,"Actual Startup Time": 23.128,"Actual Total Time": 23.145,"Actual Rows": 2718,"Actual Loops": 4,"Hash Buckets": 32768,"Original Hash Buckets": 32768,"Hash Batches": 1,"Original Hash Batches": 1,"Peak Memory Usage": 704,"Workers": [],"Plans": [{"Node Type": "Seq Scan","Parent Relationship": "Outer","Parallel Aware": true,"Async Capable": false,"Relation Name": "part","Alias": "part","Startup Cost": 0.00,"Total Cost": 5138.67,"Plan Rows": 8418,"Plan Width": 4,"Actual Startup Time": 0.058,"Actual Total Time": 21.650,"Actual Rows": 2718,"Actual Loops": 4,"Filter": "((p_name)::text ~~ '%linen%'::text)","Rows Removed by Filter": 47282,"Workers": []}]}]},{"Node Type": "Index Scan","Parent Relationship": "Inner","Parallel Aware": false,"Async Capable": false,"Scan Direction": "Forward","Index Name": "idx_lineitem_part_supp","Relation Name": "lineitem","Alias": "lineitem","Startup Cost": 0.43,"Total Cost": 1.05,"Plan Rows": 1,"Plan Width": 29,"Actual Startup Time": 0.006,"Actual Total Time": 0.041,"Actual Rows": 7,"Actual Loops": 43492,"Index Cond": "((l_partkey = partsupp.ps_partkey) AND (l_suppkey = partsupp.ps_suppkey))","Rows Removed by Index Recheck": 0,"Workers": []}]},{"Node Type": "Index Scan","Parent Relationship": "Inner","Parallel Aware": false,"Async Capable": false,"Scan Direction": "Forward","Index Name": "supplier_pkey","Relation Name": "supplier","Alias": "supplier","Startup Cost": 0.29,"Total Cost": 0.30,"Plan Rows": 1,"Plan Width": 8,"Actual Startup Time": 0.001,"Actual Total Time": 0.001,"Actual Rows": 1,"Actual Loops": 326170,"Index Cond": "(s_suppkey = lineitem.l_suppkey)","Rows Removed by Index Recheck": 0,"Workers": []}]},{"Node Type": "Index Scan","Parent Relationship": "Inner","Parallel Aware": false,"Async Capable": false,"Scan Direction": "Forward","Index Name": "orders_pkey","Relation Name": "orders","Alias": "orders","Startup Cost": 0.43,"Total Cost": 0.47,"Plan Rows": 1,"Plan Width": 8,"Actual Startup Time": 0.009,"Actual Total Time": 0.009,"Actual Rows": 1,"Actual Loops": 326170,"Index Cond": "(o_orderkey = lineitem.l_orderkey)","Rows Removed by Index Recheck": 0,"Workers": []}]},{"Node Type": "Hash","Parent Relationship": "Inner","Parallel Aware": false,"Async Capable": false,"Startup Cost": 1.25,"Total Cost": 1.25,"Plan Rows": 25,"Plan Width": 108,"Actual Startup Time": 0.077,"Actual Total Time": 0.084,"Actual Rows": 25,"Actual Loops": 4,"Hash Buckets": 1024,"Original Hash Buckets": 1024,"Hash Batches": 1,"Original Hash Batches": 1,"Peak Memory Usage": 10,"Workers": [],"Plans": [{"Node Type": "Seq Scan","Parent Relationship": "Outer","Parallel Aware": false,"Async Capable": false,"Relation Name": "nation","Alias": "nation","Startup Cost": 0.00,"Total Cost": 1.25,"Plan Rows": 25,"Plan Width": 108,"Actual Startup Time": 0.049,"Actual Total Time": 0.057,"Actual Rows": 25,"Actual Loops": 4,"Workers": []}]}]}]}]}]}]},"Planning Time": 12.571,"Triggers": [],"Execution Time": 1831.398}]
[{"Plan": {"Node Type": "Aggregate","Strategy": "Sorted","Partial Mode": "Finalize","Parallel Aware": false,"Async Capable": false,"Startup Cost": 41381.04,"Total Cost": 41397.45,"Plan Rows": 122,"Plan Width": 168,"Actual Startup Time": 2380.288,"Actual Total Time": 2510.252,"Actual Rows": 175,"Actual Loops": 1,"Group Key": ["nation.n_name", "(EXTRACT(year FROM orders.o_orderdate))"],"Plans": [{"Node Type": "Gather Merge","Parent Relationship": "Outer","Parallel Aware": false,"Async Capable": false,"Startup Cost": 41381.04,"Total Cost": 41394.60,"Plan Rows": 102,"Plan Width": 168,"Actual Startup Time": 2378.432,"Actual Total Time": 2509.752,"Actual Rows": 525,"Actual Loops": 1,"Workers Planned": 2,"Workers Launched": 2,"Plans": [{"Node Type": "Aggregate","Strategy": "Sorted","Partial Mode": "Partial","Parent Relationship": "Outer","Parallel Aware": false,"Async Capable": false,"Startup Cost": 40381.01,"Total Cost": 40382.80,"Plan Rows": 51,"Plan Width": 168,"Actual Startup Time": 2272.614,"Actual Total Time": 2386.654,"Actual Rows": 175,"Actual Loops": 3,"Group Key": ["nation.n_name", "(EXTRACT(year FROM orders.o_orderdate))"],"Workers": [],"Plans": [{"Node Type": "Sort","Parent Relationship": "Outer","Parallel Aware": false,"Async Capable": false,"Startup Cost": 40381.01,"Total Cost": 40381.14,"Plan Rows": 51,"Plan Width": 159,"Actual Startup Time": 2272.019,"Actual Total Time": 2308.245,"Actual Rows": 106740,"Actual Loops": 3,"Sort Key": ["nation.n_name", "(EXTRACT(year FROM orders.o_orderdate)) DESC"],"Sort Method": "quicksort","Sort Space Used": 13794,"Sort Space Type": "Memory","Workers": [{"Worker Number": 0,"Sort Method": "quicksort","Sort Space Used": 13998,"Sort Space Type": "Memory"},{"Worker Number": 1,"Sort Method": "quicksort","Sort Space Used": 13310,"Sort Space Type": "Memory"}],"Plans": [{"Node Type": "Hash Join","Parent Relationship": "Outer","Parallel Aware": false,"Async Capable": false,"Join Type": "Inner","Startup Cost": 3.13,"Total Cost": 40379.57,"Plan Rows": 51,"Plan Width": 159,"Actual Startup Time": 0.683,"Actual Total Time": 2123.834,"Actual Rows": 106740,"Actual Loops": 3,"Inner Unique": true,"Hash Cond": "(supplier.s_nationkey = nation.n_nationkey)","Workers": [],"Plans": [{"Node Type": "Nested Loop","Parent Relationship": "Outer","Parallel Aware": false,"Async Capable": false,"Join Type": "Inner","Startup Cost": 1.57,"Total Cost": 40377.72,"Plan Rows": 51,"Plan Width": 31,"Actual Startup Time": 0.513,"Actual Total Time": 2093.243,"Actual Rows": 106740,"Actual Loops": 3,"Inner Unique": true,"Workers": [],"Plans": [{"Node Type": "Nested Loop","Parent Relationship": "Outer","Parallel Aware": false,"Async Capable": false,"Join Type": "Inner","Startup Cost": 1.14,"Total Cost": 40354.00,"Plan Rows": 51,"Plan Width": 31,"Actual Startup Time": 0.387,"Actual Total Time": 972.943,"Actual Rows": 106740,"Actual Loops": 3,"Inner Unique": true,"Workers": [],"Plans": [{"Node Type": "Nested Loop","Parent Relationship": "Outer","Parallel Aware": false,"Async Capable": false,"Join Type": "Inner","Startup Cost": 0.86,"Total Cost": 40338.56,"Plan Rows": 51,"Plan Width": 35,"Actual Startup Time": 0.288,"Actual Total Time": 790.865,"Actual Rows": 106740,"Actual Loops": 3,"Inner Unique": false,"Workers": [],"Plans": [{"Node Type": "Nested Loop","Parent Relationship": "Outer","Parallel Aware": false,"Async Capable": false,"Join Type": "Inner","Startup Cost": 0.42,"Total Cost": 22456.59,"Plan Rows": 16835,"Plan Width": 18,"Actual Startup Time": 0.184,"Actual Total Time": 117.958,"Actual Rows": 14244,"Actual Loops": 3,"Inner Unique": false,"Workers": [],"Plans": [{"Node Type": "Seq Scan","Parent Relationship": "Outer","Parallel Aware": true,"Async Capable": false,"Relation Name": "part","Alias": "part","Startup Cost": 0.00,"Total Cost": 5138.67,"Plan Rows": 4209,"Plan Width": 4,"Actual Startup Time": 0.065,"Actual Total Time": 51.798,"Actual Rows": 3561,"Actual Loops": 3,"Filter": "((p_name)::text ~~ '%olive%'::text)","Rows Removed by Filter": 63106,"Workers": []},{"Node Type": "Index Scan","Parent Relationship": "Inner","Parallel Aware": false,"Async Capable": false,"Scan Direction": "Forward","Index Name": "idx_partsupp_partkey","Relation Name": "partsupp","Alias": "partsupp","Startup Cost": 0.42,"Total Cost": 4.07,"Plan Rows": 4,"Plan Width": 14,"Actual Startup Time": 0.014,"Actual Total Time": 0.018,"Actual Rows": 4,"Actual Loops": 10683,"Index Cond": "(ps_partkey = part.p_partkey)","Rows Removed by Index Recheck": 0,"Workers": []}]},{"Node Type": "Index Scan","Parent Relationship": "Inner","Parallel Aware": false,"Async Capable": false,"Scan Direction": "Forward","Index Name": "idx_lineitem_part_supp","Relation Name": "lineitem","Alias": "lineitem","Startup Cost": 0.43,"Total Cost": 1.05,"Plan Rows": 1,"Plan Width": 29,"Actual Startup Time": 0.007,"Actual Total Time": 0.046,"Actual Rows": 7,"Actual Loops": 42732,"Index Cond": "((l_partkey = partsupp.ps_partkey) AND (l_suppkey = partsupp.ps_suppkey))","Rows Removed by Index Recheck": 0,"Workers": []}]},{"Node Type": "Index Scan","Parent Relationship": "Inner","Parallel Aware": false,"Async Capable": false,"Scan Direction": "Forward","Index Name": "supplier_pkey","Relation Name": "supplier","Alias": "supplier","Startup Cost": 0.29,"Total Cost": 0.30,"Plan Rows": 1,"Plan Width": 8,"Actual Startup Time": 0.001,"Actual Total Time": 0.001,"Actual Rows": 1,"Actual Loops": 320221,"Index Cond": "(s_suppkey = lineitem.l_suppkey)","Rows Removed by Index Recheck": 0,"Workers": []}]},{"Node Type": "Index Scan","Parent Relationship": "Inner","Parallel Aware": false,"Async Capable": false,"Scan Direction": "Forward","Index Name": "orders_pkey","Relation Name": "orders","Alias": "orders","Startup Cost": 0.43,"Total Cost": 0.47,"Plan Rows": 1,"Plan Width": 8,"Actual Startup Time": 0.010,"Actual Total Time": 0.010,"Actual Rows": 1,"Actual Loops": 320221,"Index Cond": "(o_orderkey = lineitem.l_orderkey)","Rows Removed by Index Recheck": 0,"Workers": []}]},{"Node Type": "Hash","Parent Relationship": "Inner","Parallel Aware": false,"Async Capable": false,"Startup Cost": 1.25,"Total Cost": 1.25,"Plan Rows": 25,"Plan Width": 108,"Actual Startup Time": 0.084,"Actual Total Time": 0.092,"Actual Rows": 25,"Actual Loops": 3,"Hash Buckets": 1024,"Original Hash Buckets": 1024,"Hash Batches": 1,"Original Hash Batches": 1,"Peak Memory Usage": 10,"Workers": [],"Plans": [{"Node Type": "Seq Scan","Parent Relationship": "Outer","Parallel Aware": false,"Async Capable": false,"Relation Name": "nation","Alias": "nation","Startup Cost": 0.00,"Total Cost": 1.25,"Plan Rows": 25,"Plan Width": 108,"Actual Startup Time": 0.057,"Actual Total Time": 0.062,"Actual Rows": 25,"Actual Loops": 3,"Workers": []}]}]}]}]}]}]},"Planning Time": 11.947,"Triggers": [],"Execution Time": 2513.057}]
[{"Plan": {"Node Type": "Aggregate","Strategy": "Sorted","Partial Mode": "Finalize","Parallel Aware": false,"Async Capable": false,"Startup Cost": 47355.08,"Total Cost": 47374.71,"Plan Rows": 146,"Plan Width": 168,"Actual Startup Time": 2447.101,"Actual Total Time": 2582.113,"Actual Rows": 175,"Actual Loops": 1,"Group Key": ["nation.n_name", "(EXTRACT(year FROM orders.o_orderdate))"],"Plans": [{"Node Type": "Gather Merge","Parent Relationship": "Outer","Parallel Aware": false,"Async Capable": false,"Startup Cost": 47355.08,"Total Cost": 47371.30,"Plan Rows": 122,"Plan Width": 168,"Actual Startup Time": 2445.811,"Actual Total Time": 2581.700,"Actual Rows": 525,"Actual Loops": 1,"Workers Planned": 2,"Workers Launched": 2,"Plans": [{"Node Type": "Aggregate","Strategy": "Sorted","Partial Mode": "Partial","Parent Relationship": "Outer","Parallel Aware": false,"Async Capable": false,"Startup Cost": 46355.06,"Total Cost": 46357.20,"Plan Rows": 61,"Plan Width": 168,"Actual Startup Time": 2328.504,"Actual Total Time": 2463.073,"Actual Rows": 175,"Actual Loops": 3,"Group Key": ["nation.n_name", "(EXTRACT(year FROM orders.o_orderdate))"],"Workers": [],"Plans": [{"Node Type": "Sort","Parent Relationship": "Outer","Parallel Aware": false,"Async Capable": false,"Startup Cost": 46355.06,"Total Cost": 46355.21,"Plan Rows": 61,"Plan Width": 159,"Actual Startup Time": 2327.878,"Actual Total Time": 2374.852,"Actual Rows": 108824,"Actual Loops": 3,"Sort Key": ["nation.n_name", "(EXTRACT(year FROM orders.o_orderdate)) DESC"],"Sort Method": "quicksort","Sort Space Used": 14647,"Sort Space Type": "Memory","Workers": [{"Worker Number": 0,"Sort Method": "quicksort","Sort Space Used": 13545,"Sort Space Type": "Memory"},{"Worker Number": 1,"Sort Method": "quicksort","Sort Space Used": 13533,"Sort Space Type": "Memory"}],"Plans": [{"Node Type": "Hash Join","Parent Relationship": "Outer","Parallel Aware": false,"Async Capable": false,"Join Type": "Inner","Startup Cost": 3.13,"Total Cost": 46353.25,"Plan Rows": 61,"Plan Width": 159,"Actual Startup Time": 0.684,"Actual Total Time": 2182.451,"Actual Rows": 108824,"Actual Loops": 3,"Inner Unique": true,"Hash Cond": "(supplier.s_nationkey = nation.n_nationkey)","Workers": [],"Plans": [{"Node Type": "Nested Loop","Parent Relationship": "Outer","Parallel Aware": false,"Async Capable": false,"Join Type": "Inner","Startup Cost": 1.57,"Total Cost": 46351.35,"Plan Rows": 61,"Plan Width": 31,"Actual Startup Time": 0.518,"Actual Total Time": 2151.596,"Actual Rows": 108824,"Actual Loops": 3,"Inner Unique": true,"Workers": [],"Plans": [{"Node Type": "Nested Loop","Parent Relationship": "Outer","Parallel Aware": false,"Async Capable": false,"Join Type": "Inner","Startup Cost": 1.14,"Total Cost": 46322.98,"Plan Rows": 61,"Plan Width": 31,"Actual Startup Time": 0.396,"Actual Total Time": 1001.503,"Actual Rows": 108824,"Actual Loops": 3,"Inner Unique": true,"Workers": [],"Plans": [{"Node Type": "Nested Loop","Parent Relationship": "Outer","Parallel Aware": false,"Async Capable": false,"Join Type": "Inner","Startup Cost": 0.86,"Total Cost": 46304.52,"Plan Rows": 61,"Plan Width": 35,"Actual Startup Time": 0.309,"Actual Total Time": 816.735,"Actual Rows": 108824,"Actual Loops": 3,"Inner Unique": false,"Workers": [],"Plans": [{"Node Type": "Nested Loop","Parent Relationship": "Outer","Parallel Aware": false,"Async Capable": false,"Join Type": "Inner","Startup Cost": 0.42,"Total Cost": 24846.16,"Plan Rows": 20202,"Plan Width": 18,"Actual Startup Time": 0.186,"Actual Total Time": 113.608,"Actual Rows": 14492,"Actual Loops": 3,"Inner Unique": false,"Workers": [],"Plans": [{"Node Type": "Seq Scan","Parent Relationship": "Outer","Parallel Aware": true,"Async Capable": false,"Relation Name": "part","Alias": "part","Startup Cost": 0.00,"Total Cost": 5138.67,"Plan Rows": 5051,"Plan Width": 4,"Actual Startup Time": 0.061,"Actual Total Time": 48.386,"Actual Rows": 3623,"Actual Loops": 3,"Filter": "((p_name)::text ~~ '%black%'::text)","Rows Removed by Filter": 63044,"Workers": []},{"Node Type": "Index Scan","Parent Relationship": "Inner","Parallel Aware": false,"Async Capable": false,"Scan Direction": "Forward","Index Name": "idx_partsupp_partkey","Relation Name": "partsupp","Alias": "partsupp","Startup Cost": 0.42,"Total Cost": 3.86,"Plan Rows": 4,"Plan Width": 14,"Actual Startup Time": 0.013,"Actual Total Time": 0.017,"Actual Rows": 4,"Actual Loops": 10869,"Index Cond": "(ps_partkey = part.p_partkey)","Rows Removed by Index Recheck": 0,"Workers": []}]},{"Node Type": "Index Scan","Parent Relationship": "Inner","Parallel Aware": false,"Async Capable": false,"Scan Direction": "Forward","Index Name": "idx_lineitem_part_supp","Relation Name": "lineitem","Alias": "lineitem","Startup Cost": 0.43,"Total Cost": 1.05,"Plan Rows": 1,"Plan Width": 29,"Actual Startup Time": 0.007,"Actual Total Time": 0.047,"Actual Rows": 8,"Actual Loops": 43476,"Index Cond": "((l_partkey = partsupp.ps_partkey) AND (l_suppkey = partsupp.ps_suppkey))","Rows Removed by Index Recheck": 0,"Workers": []}]},{"Node Type": "Index Scan","Parent Relationship": "Inner","Parallel Aware": false,"Async Capable": false,"Scan Direction": "Forward","Index Name": "supplier_pkey","Relation Name": "supplier","Alias": "supplier","Startup Cost": 0.29,"Total Cost": 0.30,"Plan Rows": 1,"Plan Width": 8,"Actual Startup Time": 0.001,"Actual Total Time": 0.001,"Actual Rows": 1,"Actual Loops": 326472,"Index Cond": "(s_suppkey = lineitem.l_suppkey)","Rows Removed by Index Recheck": 0,"Workers": []}]},{"Node Type": "Index Scan","Parent Relationship": "Inner","Parallel Aware": false,"Async Capable": false,"Scan Direction": "Forward","Index Name": "orders_pkey","Relation Name": "orders","Alias": "orders","Startup Cost": 0.43,"Total Cost": 0.47,"Plan Rows": 1,"Plan Width": 8,"Actual Startup Time": 0.010,"Actual Total Time": 0.010,"Actual Rows": 1,"Actual Loops": 326472,"Index Cond": "(o_orderkey = lineitem.l_orderkey)","Rows Removed by Index Recheck": 0,"Workers": []}]},{"Node Type": "Hash","Parent Relationship": "Inner","Parallel Aware": false,"Async Capable": false,"Startup Cost": 1.25,"Total Cost": 1.25,"Plan Rows": 25,"Plan Width": 108,"Actual Startup Time": 0.077,"Actual Total Time": 0.086,"Actual Rows": 25,"Actual Loops": 3,"Hash Buckets": 1024,"Original Hash Buckets": 1024,"Hash Batches": 1,"Original Hash Batches": 1,"Peak Memory Usage": 10,"Workers": [],"Plans": [{"Node Type": "Seq Scan","Parent Relationship": "Outer","Parallel Aware": false,"Async Capable": false,"Relation Name": "nation","Alias": "nation","Startup Cost": 0.00,"Total Cost": 1.25,"Plan Rows": 25,"Plan Width": 108,"Actual Startup Time": 0.047,"Actual Total Time": 0.054,"Actual Rows": 25,"Actual Loops": 3,"Workers": []}]}]}]}]}]}]},"Planning Time": 11.640,"Triggers": [],"Execution Time": 2584.991}]
[{"Plan": {"Node Type": "Aggregate","Strategy": "Sorted","Partial Mode": "Finalize","Parallel Aware": false,"Async Capable": false,"Startup Cost": 49135.04,"Total Cost": 49164.27,"Plan Rows": 195,"Plan Width": 168,"Actual Startup Time": 1719.387,"Actual Total Time": 1867.840,"Actual Rows": 175,"Actual Loops": 1,"Group Key": ["nation.n_name", "(EXTRACT(year FROM orders.o_orderdate))"],"Plans": [{"Node Type": "Gather Merge","Parent Relationship": "Outer","Parallel Aware": false,"Async Capable": false,"Startup Cost": 49135.04,"Total Cost": 49159.45,"Plan Rows": 189,"Plan Width": 168,"Actual Startup Time": 1717.612,"Actual Total Time": 1867.284,"Actual Rows": 700,"Actual Loops": 1,"Workers Planned": 3,"Workers Launched": 3,"Plans": [{"Node Type": "Aggregate","Strategy": "Sorted","Partial Mode": "Partial","Parent Relationship": "Outer","Parallel Aware": false,"Async Capable": false,"Startup Cost": 48135.00,"Total Cost": 48137.21,"Plan Rows": 63,"Plan Width": 168,"Actual Startup Time": 1644.278,"Actual Total Time": 1744.259,"Actual Rows": 175,"Actual Loops": 4,"Group Key": ["nation.n_name", "(EXTRACT(year FROM orders.o_orderdate))"],"Workers": [],"Plans": [{"Node Type": "Sort","Parent Relationship": "Outer","Parallel Aware": false,"Async Capable": false,"Startup Cost": 48135.00,"Total Cost": 48135.16,"Plan Rows": 63,"Plan Width": 159,"Actual Startup Time": 1643.883,"Actual Total Time": 1679.733,"Actual Rows": 81136,"Actual Loops": 4,"Sort Key": ["nation.n_name", "(EXTRACT(year FROM orders.o_orderdate)) DESC"],"Sort Method": "quicksort","Sort Space Used": 11311,"Sort Space Type": "Memory","Workers": [{"Worker Number": 0,"Sort Method": "quicksort","Sort Space Used": 11244,"Sort Space Type": "Memory"},{"Worker Number": 1,"Sort Method": "quicksort","Sort Space Used": 11040,"Sort Space Type": "Memory"},{"Worker Number": 2,"Sort Method": "quicksort","Sort Space Used": 11010,"Sort Space Type": "Memory"}],"Plans": [{"Node Type": "Hash Join","Parent Relationship": "Outer","Parallel Aware": false,"Async Capable": false,"Join Type": "Inner","Startup Cost": 5225.55,"Total Cost": 48133.12,"Plan Rows": 63,"Plan Width": 159,"Actual Startup Time": 22.395,"Actual Total Time": 1544.400,"Actual Rows": 81136,"Actual Loops": 4,"Inner Unique": true,"Hash Cond": "(supplier.s_nationkey = nation.n_nationkey)","Workers": [],"Plans": [{"Node Type": "Nested Loop","Parent Relationship": "Outer","Parallel Aware": false,"Async Capable": false,"Join Type": "Inner","Startup Cost": 5223.99,"Total Cost": 48131.20,"Plan Rows": 63,"Plan Width": 31,"Actual Startup Time": 22.189,"Actual Total Time": 1521.276,"Actual Rows": 81136,"Actual Loops": 4,"Inner Unique": true,"Workers": [],"Plans": [{"Node Type": "Nested Loop","Parent Relationship": "Outer","Parallel Aware": false,"Async Capable": false,"Join Type": "Inner","Startup Cost": 5223.56,"Total Cost": 48101.90,"Plan Rows": 63,"Plan Width": 31,"Actual Startup Time": 22.113,"Actual Total Time": 793.642,"Actual Rows": 81136,"Actual Loops": 4,"Inner Unique": true,"Workers": [],"Plans": [{"Node Type": "Nested Loop","Parent Relationship": "Outer","Parallel Aware": false,"Async Capable": false,"Join Type": "Inner","Startup Cost": 5223.27,"Total Cost": 48082.83,"Plan Rows": 63,"Plan Width": 35,"Actual Startup Time": 22.047,"Actual Total Time": 656.709,"Actual Rows": 81136,"Actual Loops": 4,"Inner Unique": false,"Workers": [],"Plans": [{"Node Type": "Hash Join","Parent Relationship": "Outer","Parallel Aware": true,"Async Capable": false,"Join Type": "Inner","Startup Cost": 5222.84,"Total Cost": 25931.92,"Plan Rows": 20854,"Plan Width": 18,"Actual Startup Time": 21.964,"Actual Total Time": 198.136,"Actual Rows": 10825,"Actual Loops": 4,"Inner Unique": true,"Hash Cond": "(partsupp.ps_partkey = part.p_partkey)","Workers": [],"Plans": [{"Node Type": "Seq Scan","Parent Relationship": "Outer","Parallel Aware": true,"Async Capable": false,"Relation Name": "partsupp","Alias": "partsupp","Startup Cost": 0.00,"Total Cost": 20031.65,"Plan Rows": 258065,"Plan Width": 14,"Actual Startup Time": 0.024,"Actual Total Time": 42.684,"Actual Rows": 200000,"Actual Loops": 4,"Workers": []},{"Node Type": "Hash","Parent Relationship": "Inner","Parallel Aware": true,"Async Capable": false,"Startup Cost": 5138.67,"Total Cost": 5138.67,"Plan Rows": 6734,"Plan Width": 4,"Actual Startup Time": 21.816,"Actual Total Time": 21.827,"Actual Rows": 2706,"Actual Loops": 4,"Hash Buckets": 16384,"Original Hash Buckets": 16384,"Hash Batches": 1,"Original Hash Batches": 1,"Peak Memory Usage": 608,"Workers": [],"Plans": [{"Node Type": "Seq Scan","Parent Relationship": "Outer","Parallel Aware": true,"Async Capable": false,"Relation Name": "part","Alias": "part","Startup Cost": 0.00,"Total Cost": 5138.67,"Plan Rows": 6734,"Plan Width": 4,"Actual Startup Time": 0.057,"Actual Total Time": 20.127,"Actual Rows": 2706,"Actual Loops": 4,"Filter": "((p_name)::text ~~ '%moccasin%'::text)","Rows Removed by Filter": 47294,"Workers": []}]}]},{"Node Type": "Index Scan","Parent Relationship": "Inner","Parallel Aware": false,"Async Capable": false,"Scan Direction": "Forward","Index Name": "idx_lineitem_part_supp","Relation Name": "lineitem","Alias": "lineitem","Startup Cost": 0.43,"Total Cost": 1.05,"Plan Rows": 1,"Plan Width": 29,"Actual Startup Time": 0.006,"Actual Total Time": 0.041,"Actual Rows": 7,"Actual Loops": 43300,"Index Cond": "((l_partkey = partsupp.ps_partkey) AND (l_suppkey = partsupp.ps_suppkey))","Rows Removed by Index Recheck": 0,"Workers": []}]},{"Node Type": "Index Scan","Parent Relationship": "Inner","Parallel Aware": false,"Async Capable": false,"Scan Direction": "Forward","Index Name": "supplier_pkey","Relation Name": "supplier","Alias": "supplier","Startup Cost": 0.29,"Total Cost": 0.30,"Plan Rows": 1,"Plan Width": 8,"Actual Startup Time": 0.001,"Actual Total Time": 0.001,"Actual Rows": 1,"Actual Loops": 324544,"Index Cond": "(s_suppkey = lineitem.l_suppkey)","Rows Removed by Index Recheck": 0,"Workers": []}]},{"Node Type": "Index Scan","Parent Relationship": "Inner","Parallel Aware": false,"Async Capable": false,"Scan Direction": "Forward","Index Name": "orders_pkey","Relation Name": "orders","Alias": "orders","Startup Cost": 0.43,"Total Cost": 0.47,"Plan Rows": 1,"Plan Width": 8,"Actual Startup Time": 0.009,"Actual Total Time": 0.009,"Actual Rows": 1,"Actual Loops": 324544,"Index Cond": "(o_orderkey = lineitem.l_orderkey)","Rows Removed by Index Recheck": 0,"Workers": []}]},{"Node Type": "Hash","Parent Relationship": "Inner","Parallel Aware": false,"Async Capable": false,"Startup Cost": 1.25,"Total Cost": 1.25,"Plan Rows": 25,"Plan Width": 108,"Actual Startup Time": 0.092,"Actual Total Time": 0.100,"Actual Rows": 25,"Actual Loops": 4,"Hash Buckets": 1024,"Original Hash Buckets": 1024,"Hash Batches": 1,"Original Hash Batches": 1,"Peak Memory Usage": 10,"Workers": [],"Plans": [{"Node Type": "Seq Scan","Parent Relationship": "Outer","Parallel Aware": false,"Async Capable": false,"Relation Name": "nation","Alias": "nation","Startup Cost": 0.00,"Total Cost": 1.25,"Plan Rows": 25,"Plan Width": 108,"Actual Startup Time": 0.061,"Actual Total Time": 0.069,"Actual Rows": 25,"Actual Loops": 4,"Workers": []}]}]}]}]}]}]},"Planning Time": 12.030,"Triggers": [],"Execution Time": 1869.572}]
[{"Plan": {"Node Type": "Aggregate","Strategy": "Sorted","Partial Mode": "Finalize","Parallel Aware": false,"Async Capable": false,"Startup Cost": 41381.04,"Total Cost": 41397.45,"Plan Rows": 122,"Plan Width": 168,"Actual Startup Time": 2410.183,"Actual Total Time": 2543.383,"Actual Rows": 175,"Actual Loops": 1,"Group Key": ["nation.n_name", "(EXTRACT(year FROM orders.o_orderdate))"],"Plans": [{"Node Type": "Gather Merge","Parent Relationship": "Outer","Parallel Aware": false,"Async Capable": false,"Startup Cost": 41381.04,"Total Cost": 41394.60,"Plan Rows": 102,"Plan Width": 168,"Actual Startup Time": 2408.637,"Actual Total Time": 2543.001,"Actual Rows": 525,"Actual Loops": 1,"Workers Planned": 2,"Workers Launched": 2,"Plans": [{"Node Type": "Aggregate","Strategy": "Sorted","Partial Mode": "Partial","Parent Relationship": "Outer","Parallel Aware": false,"Async Capable": false,"Startup Cost": 40381.01,"Total Cost": 40382.80,"Plan Rows": 51,"Plan Width": 168,"Actual Startup Time": 2289.407,"Actual Total Time": 2404.228,"Actual Rows": 175,"Actual Loops": 3,"Group Key": ["nation.n_name", "(EXTRACT(year FROM orders.o_orderdate))"],"Workers": [],"Plans": [{"Node Type": "Sort","Parent Relationship": "Outer","Parallel Aware": false,"Async Capable": false,"Startup Cost": 40381.01,"Total Cost": 40381.14,"Plan Rows": 51,"Plan Width": 159,"Actual Startup Time": 2288.733,"Actual Total Time": 2325.888,"Actual Rows": 108248,"Actual Loops": 3,"Sort Key": ["nation.n_name", "(EXTRACT(year FROM orders.o_orderdate)) DESC"],"Sort Method": "quicksort","Sort Space Used": 13451,"Sort Space Type": "Memory","Workers": [{"Worker Number": 0,"Sort Method": "quicksort","Sort Space Used": 13987,"Sort Space Type": "Memory"},{"Worker Number": 1,"Sort Method": "quicksort","Sort Space Used": 14111,"Sort Space Type": "Memory"}],"Plans": [{"Node Type": "Hash Join","Parent Relationship": "Outer","Parallel Aware": false,"Async Capable": false,"Join Type": "Inner","Startup Cost": 3.13,"Total Cost": 40379.57,"Plan Rows": 51,"Plan Width": 159,"Actual Startup Time": 0.621,"Actual Total Time": 2139.511,"Actual Rows": 108248,"Actual Loops": 3,"Inner Unique": true,"Hash Cond": "(supplier.s_nationkey = nation.n_nationkey)","Workers": [],"Plans": [{"Node Type": "Nested Loop","Parent Relationship": "Outer","Parallel Aware": false,"Async Capable": false,"Join Type": "Inner","Startup Cost": 1.57,"Total Cost": 40377.72,"Plan Rows": 51,"Plan Width": 31,"Actual Startup Time": 0.420,"Actual Total Time": 2108.126,"Actual Rows": 108248,"Actual Loops": 3,"Inner Unique": true,"Workers": [],"Plans": [{"Node Type": "Nested Loop","Parent Relationship": "Outer","Parallel Aware": false,"Async Capable": false,"Join Type": "Inner","Startup Cost": 1.14,"Total Cost": 40354.00,"Plan Rows": 51,"Plan Width": 31,"Actual Startup Time": 0.328,"Actual Total Time": 981.432,"Actual Rows": 108248,"Actual Loops": 3,"Inner Unique": true,"Workers": [],"Plans": [{"Node Type": "Nested Loop","Parent Relationship": "Outer","Parallel Aware": false,"Async Capable": false,"Join Type": "Inner","Startup Cost": 0.86,"Total Cost": 40338.56,"Plan Rows": 51,"Plan Width": 35,"Actual Startup Time": 0.267,"Actual Total Time": 798.328,"Actual Rows": 108248,"Actual Loops": 3,"Inner Unique": false,"Workers": [],"Plans": [{"Node Type": "Nested Loop","Parent Relationship": "Outer","Parallel Aware": false,"Async Capable": false,"Join Type": "Inner","Startup Cost": 0.42,"Total Cost": 22456.59,"Plan Rows": 16835,"Plan Width": 18,"Actual Startup Time": 0.184,"Actual Total Time": 117.735,"Actual Rows": 14433,"Actual Loops": 3,"Inner Unique": false,"Workers": [],"Plans": [{"Node Type": "Seq Scan","Parent Relationship": "Outer","Parallel Aware": true,"Async Capable": false,"Relation Name": "part","Alias": "part","Startup Cost": 0.00,"Total Cost": 5138.67,"Plan Rows": 4209,"Plan Width": 4,"Actual Startup Time": 0.057,"Actual Total Time": 51.012,"Actual Rows": 3608,"Actual Loops": 3,"Filter": "((p_name)::text ~~ '%spring%'::text)","Rows Removed by Filter": 63058,"Workers": []},{"Node Type": "Index Scan","Parent Relationship": "Inner","Parallel Aware": false,"Async Capable": false,"Scan Direction": "Forward","Index Name": "idx_partsupp_partkey","Relation Name": "partsupp","Alias": "partsupp","Startup Cost": 0.42,"Total Cost": 4.07,"Plan Rows": 4,"Plan Width": 14,"Actual Startup Time": 0.014,"Actual Total Time": 0.018,"Actual Rows": 4,"Actual Loops": 10825,"Index Cond": "(ps_partkey = part.p_partkey)","Rows Removed by Index Recheck": 0,"Workers": []}]},{"Node Type": "Index Scan","Parent Relationship": "Inner","Parallel Aware": false,"Async Capable": false,"Scan Direction": "Forward","Index Name": "idx_lineitem_part_supp","Relation Name": "lineitem","Alias": "lineitem","Startup Cost": 0.43,"Total Cost": 1.05,"Plan Rows": 1,"Plan Width": 29,"Actual Startup Time": 0.007,"Actual Total Time": 0.045,"Actual Rows": 7,"Actual Loops": 43300,"Index Cond": "((l_partkey = partsupp.ps_partkey) AND (l_suppkey = partsupp.ps_suppkey))","Rows Removed by Index Recheck": 0,"Workers": []}]},{"Node Type": "Index Scan","Parent Relationship": "Inner","Parallel Aware": false,"Async Capable": false,"Scan Direction": "Forward","Index Name": "supplier_pkey","Relation Name": "supplier","Alias": "supplier","Startup Cost": 0.29,"Total Cost": 0.30,"Plan Rows": 1,"Plan Width": 8,"Actual Startup Time": 0.001,"Actual Total Time": 0.001,"Actual Rows": 1,"Actual Loops": 324744,"Index Cond": "(s_suppkey = lineitem.l_suppkey)","Rows Removed by Index Recheck": 0,"Workers": []}]},{"Node Type": "Index Scan","Parent Relationship": "Inner","Parallel Aware": false,"Async Capable": false,"Scan Direction": "Forward","Index Name": "orders_pkey","Relation Name": "orders","Alias": "orders","Startup Cost": 0.43,"Total Cost": 0.47,"Plan Rows": 1,"Plan Width": 8,"Actual Startup Time": 0.010,"Actual Total Time": 0.010,"Actual Rows": 1,"Actual Loops": 324744,"Index Cond": "(o_orderkey = lineitem.l_orderkey)","Rows Removed by Index Recheck": 0,"Workers": []}]},{"Node Type": "Hash","Parent Relationship": "Inner","Parallel Aware": false,"Async Capable": false,"Startup Cost": 1.25,"Total Cost": 1.25,"Plan Rows": 25,"Plan Width": 108,"Actual Startup Time": 0.096,"Actual Total Time": 0.104,"Actual Rows": 25,"Actual Loops": 3,"Hash Buckets": 1024,"Original Hash Buckets": 1024,"Hash Batches": 1,"Original Hash Batches": 1,"Peak Memory Usage": 10,"Workers": [],"Plans": [{"Node Type": "Seq Scan","Parent Relationship": "Outer","Parallel Aware": false,"Async Capable": false,"Relation Name": "nation","Alias": "nation","Startup Cost": 0.00,"Total Cost": 1.25,"Plan Rows": 25,"Plan Width": 108,"Actual Startup Time": 0.062,"Actual Total Time": 0.069,"Actual Rows": 25,"Actual Loops": 3,"Workers": []}]}]}]}]}]}]},"Planning Time": 11.565,"Triggers": [],"Execution Time": 2547.363}]
[{"Plan": {"Node Type": "Aggregate","Strategy": "Sorted","Partial Mode": "Finalize","Parallel Aware": false,"Async Capable": false,"Startup Cost": 41381.04,"Total Cost": 41397.45,"Plan Rows": 122,"Plan Width": 168,"Actual Startup Time": 2449.053,"Actual Total Time": 2635.568,"Actual Rows": 175,"Actual Loops": 1,"Group Key": ["nation.n_name", "(EXTRACT(year FROM orders.o_orderdate))"],"Plans": [{"Node Type": "Gather Merge","Parent Relationship": "Outer","Parallel Aware": false,"Async Capable": false,"Startup Cost": 41381.04,"Total Cost": 41394.60,"Plan Rows": 102,"Plan Width": 168,"Actual Startup Time": 2447.324,"Actual Total Time": 2635.159,"Actual Rows": 525,"Actual Loops": 1,"Workers Planned": 2,"Workers Launched": 2,"Plans": [{"Node Type": "Aggregate","Strategy": "Sorted","Partial Mode": "Partial","Parent Relationship": "Outer","Parallel Aware": false,"Async Capable": false,"Startup Cost": 40381.01,"Total Cost": 40382.80,"Plan Rows": 51,"Plan Width": 168,"Actual Startup Time": 2331.740,"Actual Total Time": 2482.748,"Actual Rows": 175,"Actual Loops": 3,"Group Key": ["nation.n_name", "(EXTRACT(year FROM orders.o_orderdate))"],"Workers": [],"Plans": [{"Node Type": "Sort","Parent Relationship": "Outer","Parallel Aware": false,"Async Capable": false,"Startup Cost": 40381.01,"Total Cost": 40381.14,"Plan Rows": 51,"Plan Width": 159,"Actual Startup Time": 2331.039,"Actual Total Time": 2387.406,"Actual Rows": 108809,"Actual Loops": 3,"Sort Key": ["nation.n_name", "(EXTRACT(year FROM orders.o_orderdate)) DESC"],"Sort Method": "quicksort","Sort Space Used": 14620,"Sort Space Type": "Memory","Workers": [{"Worker Number": 0,"Sort Method": "quicksort","Sort Space Used": 13545,"Sort Space Type": "Memory"},{"Worker Number": 1,"Sort Method": "quicksort","Sort Space Used": 13555,"Sort Space Type": "Memory"}],"Plans": [{"Node Type": "Hash Join","Parent Relationship": "Outer","Parallel Aware": false,"Async Capable": false,"Join Type": "Inner","Startup Cost": 3.13,"Total Cost": 40379.57,"Plan Rows": 51,"Plan Width": 159,"Actual Startup Time": 0.737,"Actual Total Time": 2187.041,"Actual Rows": 108809,"Actual Loops": 3,"Inner Unique": true,"Hash Cond": "(supplier.s_nationkey = nation.n_nationkey)","Workers": [],"Plans": [{"Node Type": "Nested Loop","Parent Relationship": "Outer","Parallel Aware": false,"Async Capable": false,"Join Type": "Inner","Startup Cost": 1.57,"Total Cost": 40377.72,"Plan Rows": 51,"Plan Width": 31,"Actual Startup Time": 0.552,"Actual Total Time": 2155.488,"Actual Rows": 108809,"Actual Loops": 3,"Inner Unique": true,"Workers": [],"Plans": [{"Node Type": "Nested Loop","Parent Relationship": "Outer","Parallel Aware": false,"Async Capable": false,"Join Type": "Inner","Startup Cost": 1.14,"Total Cost": 40354.00,"Plan Rows": 51,"Plan Width": 31,"Actual Startup Time": 0.419,"Actual Total Time": 1005.505,"Actual Rows": 108809,"Actual Loops": 3,"Inner Unique": true,"Workers": [],"Plans": [{"Node Type": "Nested Loop","Parent Relationship": "Outer","Parallel Aware": false,"Async Capable": false,"Join Type": "Inner","Startup Cost": 0.86,"Total Cost": 40338.56,"Plan Rows": 51,"Plan Width": 35,"Actual Startup Time": 0.336,"Actual Total Time": 819.466,"Actual Rows": 108809,"Actual Loops": 3,"Inner Unique": false,"Workers": [],"Plans": [{"Node Type": "Nested Loop","Parent Relationship": "Outer","Parallel Aware": false,"Async Capable": false,"Join Type": "Inner","Startup Cost": 0.42,"Total Cost": 22456.59,"Plan Rows": 16835,"Plan Width": 18,"Actual Startup Time": 0.212,"Actual Total Time": 113.652,"Actual Rows": 14564,"Actual Loops": 3,"Inner Unique": false,"Workers": [],"Plans": [{"Node Type": "Seq Scan","Parent Relationship": "Outer","Parallel Aware": true,"Async Capable": false,"Relation Name": "part","Alias": "part","Startup Cost": 0.00,"Total Cost": 5138.67,"Plan Rows": 4209,"Plan Width": 4,"Actual Startup Time": 0.070,"Actual Total Time": 47.906,"Actual Rows": 3641,"Actual Loops": 3,"Filter": "((p_name)::text ~~ '%violet%'::text)","Rows Removed by Filter": 63026,"Workers": []},{"Node Type": "Index Scan","Parent Relationship": "Inner","Parallel Aware": false,"Async Capable": false,"Scan Direction": "Forward","Index Name": "idx_partsupp_partkey","Relation Name": "partsupp","Alias": "partsupp","Startup Cost": 0.42,"Total Cost": 4.07,"Plan Rows": 4,"Plan Width": 14,"Actual Startup Time": 0.013,"Actual Total Time": 0.017,"Actual Rows": 4,"Actual Loops": 10923,"Index Cond": "(ps_partkey = part.p_partkey)","Rows Removed by Index Recheck": 0,"Workers": []}]},{"Node Type": "Index Scan","Parent Relationship": "Inner","Parallel Aware": false,"Async Capable": false,"Scan Direction": "Forward","Index Name": "idx_lineitem_part_supp","Relation Name": "lineitem","Alias": "lineitem","Startup Cost": 0.43,"Total Cost": 1.05,"Plan Rows": 1,"Plan Width": 29,"Actual Startup Time": 0.007,"Actual Total Time": 0.047,"Actual Rows": 7,"Actual Loops": 43692,"Index Cond": "((l_partkey = partsupp.ps_partkey) AND (l_suppkey = partsupp.ps_suppkey))","Rows Removed by Index Recheck": 0,"Workers": []}]},{"Node Type": "Index Scan","Parent Relationship": "Inner","Parallel Aware": false,"Async Capable": false,"Scan Direction": "Forward","Index Name": "supplier_pkey","Relation Name": "supplier","Alias": "supplier","Startup Cost": 0.29,"Total Cost": 0.30,"Plan Rows": 1,"Plan Width": 8,"Actual Startup Time": 0.001,"Actual Total Time": 0.001,"Actual Rows": 1,"Actual Loops": 326428,"Index Cond": "(s_suppkey = lineitem.l_suppkey)","Rows Removed by Index Recheck": 0,"Workers": []}]},{"Node Type": "Index Scan","Parent Relationship": "Inner","Parallel Aware": false,"Async Capable": false,"Scan Direction": "Forward","Index Name": "orders_pkey","Relation Name": "orders","Alias": "orders","Startup Cost": 0.43,"Total Cost": 0.47,"Plan Rows": 1,"Plan Width": 8,"Actual Startup Time": 0.010,"Actual Total Time": 0.010,"Actual Rows": 1,"Actual Loops": 326428,"Index Cond": "(o_orderkey = lineitem.l_orderkey)","Rows Removed by Index Recheck": 0,"Workers": []}]},{"Node Type": "Hash","Parent Relationship": "Inner","Parallel Aware": false,"Async Capable": false,"Startup Cost": 1.25,"Total Cost": 1.25,"Plan Rows": 25,"Plan Width": 108,"Actual Startup Time": 0.086,"Actual Total Time": 0.097,"Actual Rows": 25,"Actual Loops": 3,"Hash Buckets": 1024,"Original Hash Buckets": 1024,"Hash Batches": 1,"Original Hash Batches": 1,"Peak Memory Usage": 10,"Workers": [],"Plans": [{"Node Type": "Seq Scan","Parent Relationship": "Outer","Parallel Aware": false,"Async Capable": false,"Relation Name": "nation","Alias": "nation","Startup Cost": 0.00,"Total Cost": 1.25,"Plan Rows": 25,"Plan Width": 108,"Actual Startup Time": 0.055,"Actual Total Time": 0.061,"Actual Rows": 25,"Actual Loops": 3,"Workers": []}]}]}]}]}]}]},"Planning Time": 11.985,"Triggers": [],"Execution Time": 2638.417}]
[{"Plan": {"Node Type": "Aggregate","Strategy": "Sorted","Partial Mode": "Finalize","Parallel Aware": false,"Async Capable": false,"Startup Cost": 41381.04,"Total Cost": 41397.45,"Plan Rows": 122,"Plan Width": 168,"Actual Startup Time": 2413.570,"Actual Total Time": 2552.658,"Actual Rows": 175,"Actual Loops": 1,"Group Key": ["nation.n_name", "(EXTRACT(year FROM orders.o_orderdate))"],"Plans": [{"Node Type": "Gather Merge","Parent Relationship": "Outer","Parallel Aware": false,"Async Capable": false,"Startup Cost": 41381.04,"Total Cost": 41394.60,"Plan Rows": 102,"Plan Width": 168,"Actual Startup Time": 2411.287,"Actual Total Time": 2552.132,"Actual Rows": 525,"Actual Loops": 1,"Workers Planned": 2,"Workers Launched": 2,"Plans": [{"Node Type": "Aggregate","Strategy": "Sorted","Partial Mode": "Partial","Parent Relationship": "Outer","Parallel Aware": false,"Async Capable": false,"Startup Cost": 40381.01,"Total Cost": 40382.80,"Plan Rows": 51,"Plan Width": 168,"Actual Startup Time": 2290.036,"Actual Total Time": 2412.404,"Actual Rows": 175,"Actual Loops": 3,"Group Key": ["nation.n_name", "(EXTRACT(year FROM orders.o_orderdate))"],"Workers": [],"Plans": [{"Node Type": "Sort","Parent Relationship": "Outer","Parallel Aware": false,"Async Capable": false,"Startup Cost": 40381.01,"Total Cost": 40381.14,"Plan Rows": 51,"Plan Width": 159,"Actual Startup Time": 2289.335,"Actual Total Time": 2330.900,"Actual Rows": 108120,"Actual Loops": 3,"Sort Key": ["nation.n_name", "(EXTRACT(year FROM orders.o_orderdate)) DESC"],"Sort Method": "quicksort","Sort Space Used": 13871,"Sort Space Type": "Memory","Workers": [{"Worker Number": 0,"Sort Method": "quicksort","Sort Space Used": 14218,"Sort Space Type": "Memory"},{"Worker Number": 1,"Sort Method": "quicksort","Sort Space Used": 13424,"Sort Space Type": "Memory"}],"Plans": [{"Node Type": "Hash Join","Parent Relationship": "Outer","Parallel Aware": false,"Async Capable": false,"Join Type": "Inner","Startup Cost": 3.13,"Total Cost": 40379.57,"Plan Rows": 51,"Plan Width": 159,"Actual Startup Time": 0.663,"Actual Total Time": 2143.266,"Actual Rows": 108120,"Actual Loops": 3,"Inner Unique": true,"Hash Cond": "(supplier.s_nationkey = nation.n_nationkey)","Workers": [],"Plans": [{"Node Type": "Nested Loop","Parent Relationship": "Outer","Parallel Aware": false,"Async Capable": false,"Join Type": "Inner","Startup Cost": 1.57,"Total Cost": 40377.72,"Plan Rows": 51,"Plan Width": 31,"Actual Startup Time": 0.490,"Actual Total Time": 2112.260,"Actual Rows": 108120,"Actual Loops": 3,"Inner Unique": true,"Workers": [],"Plans": [{"Node Type": "Nested Loop","Parent Relationship": "Outer","Parallel Aware": false,"Async Capable": false,"Join Type": "Inner","Startup Cost": 1.14,"Total Cost": 40354.00,"Plan Rows": 51,"Plan Width": 31,"Actual Startup Time": 0.350,"Actual Total Time": 977.646,"Actual Rows": 108120,"Actual Loops": 3,"Inner Unique": true,"Workers": [],"Plans": [{"Node Type": "Nested Loop","Parent Relationship": "Outer","Parallel Aware": false,"Async Capable": false,"Join Type": "Inner","Startup Cost": 0.86,"Total Cost": 40338.56,"Plan Rows": 51,"Plan Width": 35,"Actual Startup Time": 0.270,"Actual Total Time": 794.004,"Actual Rows": 108120,"Actual Loops": 3,"Inner Unique": false,"Workers": [],"Plans": [{"Node Type": "Nested Loop","Parent Relationship": "Outer","Parallel Aware": false,"Async Capable": false,"Join Type": "Inner","Startup Cost": 0.42,"Total Cost": 22456.59,"Plan Rows": 16835,"Plan Width": 18,"Actual Startup Time": 0.158,"Actual Total Time": 116.592,"Actual Rows": 14400,"Actual Loops": 3,"Inner Unique": false,"Workers": [],"Plans": [{"Node Type": "Seq Scan","Parent Relationship": "Outer","Parallel Aware": true,"Async Capable": false,"Relation Name": "part","Alias": "part","Startup Cost": 0.00,"Total Cost": 5138.67,"Plan Rows": 4209,"Plan Width": 4,"Actual Startup Time": 0.051,"Actual Total Time": 50.034,"Actual Rows": 3600,"Actual Loops": 3,"Filter": "((p_name)::text ~~ '%frosted%'::text)","Rows Removed by Filter": 63067,"Workers": []},{"Node Type": "Index Scan","Parent Relationship": "Inner","Parallel Aware": false,"Async Capable": false,"Scan Direction": "Forward","Index Name": "idx_partsupp_partkey","Relation Name": "partsupp","Alias": "partsupp","Startup Cost": 0.42,"Total Cost": 4.07,"Plan Rows": 4,"Plan Width": 14,"Actual Startup Time": 0.014,"Actual Total Time": 0.018,"Actual Rows": 4,"Actual Loops": 10800,"Index Cond": "(ps_partkey = part.p_partkey)","Rows Removed by Index Recheck": 0,"Workers": []}]},{"Node Type": "Index Scan","Parent Relationship": "Inner","Parallel Aware": false,"Async Capable": false,"Scan Direction": "Forward","Index Name": "idx_lineitem_part_supp","Relation Name": "lineitem","Alias": "lineitem","Startup Cost": 0.43,"Total Cost": 1.05,"Plan Rows": 1,"Plan Width": 29,"Actual Startup Time": 0.007,"Actual Total Time": 0.045,"Actual Rows": 8,"Actual Loops": 43200,"Index Cond": "((l_partkey = partsupp.ps_partkey) AND (l_suppkey = partsupp.ps_suppkey))","Rows Removed by Index Recheck": 0,"Workers": []}]},{"Node Type": "Index Scan","Parent Relationship": "Inner","Parallel Aware": false,"Async Capable": false,"Scan Direction": "Forward","Index Name": "supplier_pkey","Relation Name": "supplier","Alias": "supplier","Startup Cost": 0.29,"Total Cost": 0.30,"Plan Rows": 1,"Plan Width": 8,"Actual Startup Time": 0.001,"Actual Total Time": 0.001,"Actual Rows": 1,"Actual Loops": 324361,"Index Cond": "(s_suppkey = lineitem.l_suppkey)","Rows Removed by Index Recheck": 0,"Workers": []}]},{"Node Type": "Index Scan","Parent Relationship": "Inner","Parallel Aware": false,"Async Capable": false,"Scan Direction": "Forward","Index Name": "orders_pkey","Relation Name": "orders","Alias": "orders","Startup Cost": 0.43,"Total Cost": 0.47,"Plan Rows": 1,"Plan Width": 8,"Actual Startup Time": 0.010,"Actual Total Time": 0.010,"Actual Rows": 1,"Actual Loops": 324361,"Index Cond": "(o_orderkey = lineitem.l_orderkey)","Rows Removed by Index Recheck": 0,"Workers": []}]},{"Node Type": "Hash","Parent Relationship": "Inner","Parallel Aware": false,"Async Capable": false,"Startup Cost": 1.25,"Total Cost": 1.25,"Plan Rows": 25,"Plan Width": 108,"Actual Startup Time": 0.082,"Actual Total Time": 0.092,"Actual Rows": 25,"Actual Loops": 3,"Hash Buckets": 1024,"Original Hash Buckets": 1024,"Hash Batches": 1,"Original Hash Batches": 1,"Peak Memory Usage": 10,"Workers": [],"Plans": [{"Node Type": "Seq Scan","Parent Relationship": "Outer","Parallel Aware": false,"Async Capable": false,"Relation Name": "nation","Alias": "nation","Startup Cost": 0.00,"Total Cost": 1.25,"Plan Rows": 25,"Plan Width": 108,"Actual Startup Time": 0.051,"Actual Total Time": 0.057,"Actual Rows": 25,"Actual Loops": 3,"Workers": []}]}]}]}]}]}]},"Planning Time": 11.904,"Triggers": [],"Execution Time": 2555.856}]
[{"Plan": {"Node Type": "Aggregate","Strategy": "Sorted","Partial Mode": "Finalize","Parallel Aware": false,"Async Capable": false,"Startup Cost": 15191.58,"Total Cost": 15194.80,"Plan Rows": 24,"Plan Width": 168,"Actual Startup Time": 2511.028,"Actual Total Time": 2675.594,"Actual Rows": 175,"Actual Loops": 1,"Group Key": ["nation.n_name", "(EXTRACT(year FROM orders.o_orderdate))"],"Plans": [{"Node Type": "Gather Merge","Parent Relationship": "Outer","Parallel Aware": false,"Async Capable": false,"Startup Cost": 15191.58,"Total Cost": 15194.24,"Plan Rows": 20,"Plan Width": 168,"Actual Startup Time": 2509.899,"Actual Total Time": 2675.237,"Actual Rows": 525,"Actual Loops": 1,"Workers Planned": 2,"Workers Launched": 2,"Plans": [{"Node Type": "Aggregate","Strategy": "Sorted","Partial Mode": "Partial","Parent Relationship": "Outer","Parallel Aware": false,"Async Capable": false,"Startup Cost": 14191.56,"Total Cost": 14191.91,"Plan Rows": 10,"Plan Width": 168,"Actual Startup Time": 2410.065,"Actual Total Time": 2549.795,"Actual Rows": 175,"Actual Loops": 3,"Group Key": ["nation.n_name", "(EXTRACT(year FROM orders.o_orderdate))"],"Workers": [],"Plans": [{"Node Type": "Sort","Parent Relationship": "Outer","Parallel Aware": false,"Async Capable": false,"Startup Cost": 14191.56,"Total Cost": 14191.59,"Plan Rows": 10,"Plan Width": 159,"Actual Startup Time": 2409.458,"Actual Total Time": 2460.605,"Actual Rows": 107206,"Actual Loops": 3,"Sort Key": ["nation.n_name", "(EXTRACT(year FROM orders.o_orderdate)) DESC"],"Sort Method": "quicksort","Sort Space Used": 14443,"Sort Space Type": "Memory","Workers": [{"Worker Number": 0,"Sort Method": "quicksort","Sort Space Used": 13419,"Sort Space Type": "Memory"},{"Worker Number": 1,"Sort Method": "quicksort","Sort Space Used": 13378,"Sort Space Type": "Memory"}],"Plans": [{"Node Type": "Nested Loop","Parent Relationship": "Outer","Parallel Aware": false,"Async Capable": false,"Join Type": "Inner","Startup Cost": 1.71,"Total Cost": 14191.39,"Plan Rows": 10,"Plan Width": 159,"Actual Startup Time": 0.675,"Actual Total Time": 2264.251,"Actual Rows": 107206,"Actual Loops": 3,"Inner Unique": true,"Workers": [],"Plans": [{"Node Type": "Nested Loop","Parent Relationship": "Outer","Parallel Aware": false,"Async Capable": false,"Join Type": "Inner","Startup Cost": 1.57,"Total Cost": 14189.81,"Plan Rows": 10,"Plan Width": 31,"Actual Startup Time": 0.581,"Actual Total Time": 2108.455,"Actual Rows": 107206,"Actual Loops": 3,"Inner Unique": true,"Workers": [],"Plans": [{"Node Type": "Nested Loop","Parent Relationship": "Outer","Parallel Aware": false,"Async Capable": false,"Join Type": "Inner","Startup Cost": 1.14,"Total Cost": 14185.15,"Plan Rows": 10,"Plan Width": 31,"Actual Startup Time": 0.431,"Actual Total Time": 976.638,"Actual Rows": 107206,"Actual Loops": 3,"Inner Unique": true,"Workers": [],"Plans": [{"Node Type": "Nested Loop","Parent Relationship": "Outer","Parallel Aware": false,"Async Capable": false,"Join Type": "Inner","Startup Cost": 0.86,"Total Cost": 14182.13,"Plan Rows": 10,"Plan Width": 35,"Actual Startup Time": 0.321,"Actual Total Time": 789.830,"Actual Rows": 107206,"Actual Loops": 3,"Inner Unique": false,"Workers": [],"Plans": [{"Node Type": "Nested Loop","Parent Relationship": "Outer","Parallel Aware": false,"Async Capable": false,"Join Type": "Inner","Startup Cost": 0.42,"Total Cost": 10605.73,"Plan Rows": 3367,"Plan Width": 18,"Actual Startup Time": 0.218,"Actual Total Time": 118.621,"Actual Rows": 14297,"Actual Loops": 3,"Inner Unique": false,"Workers": [],"Plans": [{"Node Type": "Seq Scan","Parent Relationship": "Outer","Parallel Aware": true,"Async Capable": false,"Relation Name": "part","Alias": "part","Startup Cost": 0.00,"Total Cost": 5138.67,"Plan Rows": 842,"Plan Width": 4,"Actual Startup Time": 0.065,"Actual Total Time": 49.393,"Actual Rows": 3574,"Actual Loops": 3,"Filter": "((p_name)::text ~~ '%dark%'::text)","Rows Removed by Filter": 63092,"Workers": []},{"Node Type": "Index Scan","Parent Relationship": "Inner","Parallel Aware": false,"Async Capable": false,"Scan Direction": "Forward","Index Name": "idx_partsupp_partkey","Relation Name": "partsupp","Alias": "partsupp","Startup Cost": 0.42,"Total Cost": 6.45,"Plan Rows": 4,"Plan Width": 14,"Actual Startup Time": 0.014,"Actual Total Time": 0.019,"Actual Rows": 4,"Actual Loops": 10723,"Index Cond": "(ps_partkey = part.p_partkey)","Rows Removed by Index Recheck": 0,"Workers": []}]},{"Node Type": "Index Scan","Parent Relationship": "Inner","Parallel Aware": false,"Async Capable": false,"Scan Direction": "Forward","Index Name": "idx_lineitem_part_supp","Relation Name": "lineitem","Alias": "lineitem","Startup Cost": 0.43,"Total Cost": 1.05,"Plan Rows": 1,"Plan Width": 29,"Actual Startup Time": 0.007,"Actual Total Time": 0.045,"Actual Rows": 7,"Actual Loops": 42892,"Index Cond": "((l_partkey = partsupp.ps_partkey) AND (l_suppkey = partsupp.ps_suppkey))","Rows Removed by Index Recheck": 0,"Workers": []}]},{"Node Type": "Index Scan","Parent Relationship": "Inner","Parallel Aware": false,"Async Capable": false,"Scan Direction": "Forward","Index Name": "supplier_pkey","Relation Name": "supplier","Alias": "supplier","Startup Cost": 0.29,"Total Cost": 0.30,"Plan Rows": 1,"Plan Width": 8,"Actual Startup Time": 0.001,"Actual Total Time": 0.001,"Actual Rows": 1,"Actual Loops": 321617,"Index Cond": "(s_suppkey = lineitem.l_suppkey)","Rows Removed by Index Recheck": 0,"Workers": []}]},{"Node Type": "Index Scan","Parent Relationship": "Inner","Parallel Aware": false,"Async Capable": false,"Scan Direction": "Forward","Index Name": "orders_pkey","Relation Name": "orders","Alias": "orders","Startup Cost": 0.43,"Total Cost": 0.47,"Plan Rows": 1,"Plan Width": 8,"Actual Startup Time": 0.010,"Actual Total Time": 0.010,"Actual Rows": 1,"Actual Loops": 321617,"Index Cond": "(o_orderkey = lineitem.l_orderkey)","Rows Removed by Index Recheck": 0,"Workers": []}]},{"Node Type": "Index Scan","Parent Relationship": "Inner","Parallel Aware": false,"Async Capable": false,"Scan Direction": "Forward","Index Name": "nation_pkey","Relation Name": "nation","Alias": "nation","Startup Cost": 0.14,"Total Cost": 0.16,"Plan Rows": 1,"Plan Width": 108,"Actual Startup Time": 0.001,"Actual Total Time": 0.001,"Actual Rows": 1,"Actual Loops": 321617,"Index Cond": "(n_nationkey = supplier.s_nationkey)","Rows Removed by Index Recheck": 0,"Workers": []}]}]}]}]}]},"Planning Time": 11.486,"Triggers": [],"Execution Time": 2676.896}]
[{"Plan": {"Node Type": "Aggregate","Strategy": "Sorted","Partial Mode": "Finalize","Parallel Aware": false,"Async Capable": false,"Startup Cost": 46348.90,"Total Cost": 46374.41,"Plan Rows": 170,"Plan Width": 168,"Actual Startup Time": 1730.222,"Actual Total Time": 1874.204,"Actual Rows": 175,"Actual Loops": 1,"Group Key": ["nation.n_name", "(EXTRACT(year FROM orders.o_orderdate))"],"Plans": [{"Node Type": "Gather Merge","Parent Relationship": "Outer","Parallel Aware": false,"Async Capable": false,"Startup Cost": 46348.90,"Total Cost": 46370.21,"Plan Rows": 165,"Plan Width": 168,"Actual Startup Time": 1728.668,"Actual Total Time": 1873.759,"Actual Rows": 700,"Actual Loops": 1,"Workers Planned": 3,"Workers Launched": 3,"Plans": [{"Node Type": "Aggregate","Strategy": "Sorted","Partial Mode": "Partial","Parent Relationship": "Outer","Parallel Aware": false,"Async Capable": false,"Startup Cost": 45348.86,"Total Cost": 45350.79,"Plan Rows": 55,"Plan Width": 168,"Actual Startup Time": 1650.826,"Actual Total Time": 1744.501,"Actual Rows": 175,"Actual Loops": 4,"Group Key": ["nation.n_name", "(EXTRACT(year FROM orders.o_orderdate))"],"Workers": [],"Plans": [{"Node Type": "Sort","Parent Relationship": "Outer","Parallel Aware": false,"Async Capable": false,"Startup Cost": 45348.86,"Total Cost": 45349.00,"Plan Rows": 55,"Plan Width": 159,"Actual Startup Time": 1650.333,"Actual Total Time": 1682.232,"Actual Rows": 81534,"Actual Loops": 4,"Sort Key": ["nation.n_name", "(EXTRACT(year FROM orders.o_orderdate)) DESC"],"Sort Method": "quicksort","Sort Space Used": 11317,"Sort Space Type": "Memory","Workers": [{"Worker Number": 0,"Sort Method": "quicksort","Sort Space Used": 11037,"Sort Space Type": "Memory"},{"Worker Number": 1,"Sort Method": "quicksort","Sort Space Used": 11269,"Sort Space Type": "Memory"},{"Worker Number": 2,"Sort Method": "quicksort","Sort Space Used": 11142,"Sort Space Type": "Memory"}],"Plans": [{"Node Type": "Hash Join","Parent Relationship": "Outer","Parallel Aware": false,"Async Capable": false,"Join Type": "Inner","Startup Cost": 5215.02,"Total Cost": 45347.27,"Plan Rows": 55,"Plan Width": 159,"Actual Startup Time": 22.539,"Actual Total Time": 1549.942,"Actual Rows": 81534,"Actual Loops": 4,"Inner Unique": true,"Hash Cond": "(supplier.s_nationkey = nation.n_nationkey)","Workers": [],"Plans": [{"Node Type": "Nested Loop","Parent Relationship": "Outer","Parallel Aware": false,"Async Capable": false,"Join Type": "Inner","Startup Cost": 5213.46,"Total Cost": 45345.40,"Plan Rows": 55,"Plan Width": 31,"Actual Startup Time": 22.374,"Actual Total Time": 1526.572,"Actual Rows": 81534,"Actual Loops": 4,"Inner Unique": true,"Workers": [],"Plans": [{"Node Type": "Nested Loop","Parent Relationship": "Outer","Parallel Aware": false,"Async Capable": false,"Join Type": "Inner","Startup Cost": 5213.03,"Total Cost": 45319.82,"Plan Rows": 55,"Plan Width": 31,"Actual Startup Time": 22.306,"Actual Total Time": 793.181,"Actual Rows": 81534,"Actual Loops": 4,"Inner Unique": true,"Workers": [],"Plans": [{"Node Type": "Nested Loop","Parent Relationship": "Outer","Parallel Aware": false,"Async Capable": false,"Join Type": "Inner","Startup Cost": 5212.75,"Total Cost": 45303.17,"Plan Rows": 55,"Plan Width": 35,"Actual Startup Time": 22.249,"Actual Total Time": 656.284,"Actual Rows": 81534,"Actual Loops": 4,"Inner Unique": false,"Workers": [],"Plans": [{"Node Type": "Hash Join","Parent Relationship": "Outer","Parallel Aware": true,"Async Capable": false,"Join Type": "Inner","Startup Cost": 5212.32,"Total Cost": 25921.39,"Plan Rows": 18247,"Plan Width": 18,"Actual Startup Time": 22.162,"Actual Total Time": 197.619,"Actual Rows": 10856,"Actual Loops": 4,"Inner Unique": true,"Hash Cond": "(partsupp.ps_partkey = part.p_partkey)","Workers": [],"Plans": [{"Node Type": "Seq Scan","Parent Relationship": "Outer","Parallel Aware": true,"Async Capable": false,"Relation Name": "partsupp","Alias": "partsupp","Startup Cost": 0.00,"Total Cost": 20031.65,"Plan Rows": 258065,"Plan Width": 14,"Actual Startup Time": 0.014,"Actual Total Time": 42.173,"Actual Rows": 200000,"Actual Loops": 4,"Workers": []},{"Node Type": "Hash","Parent Relationship": "Inner","Parallel Aware": true,"Async Capable": false,"Startup Cost": 5138.67,"Total Cost": 5138.67,"Plan Rows": 5892,"Plan Width": 4,"Actual Startup Time": 22.002,"Actual Total Time": 22.011,"Actual Rows": 2714,"Actual Loops": 4,"Hash Buckets": 16384,"Original Hash Buckets": 16384,"Hash Batches": 1,"Original Hash Batches": 1,"Peak Memory Usage": 608,"Workers": [],"Plans": [{"Node Type": "Seq Scan","Parent Relationship": "Outer","Parallel Aware": true,"Async Capable": false,"Relation Name": "part","Alias": "part","Startup Cost": 0.00,"Total Cost": 5138.67,"Plan Rows": 5892,"Plan Width": 4,"Actual Startup Time": 0.065,"Actual Total Time": 20.262,"Actual Rows": 2714,"Actual Loops": 4,"Filter": "((p_name)::text ~~ '%pink%'::text)","Rows Removed by Filter": 47286,"Workers": []}]}]},{"Node Type": "Index Scan","Parent Relationship": "Inner","Parallel Aware": false,"Async Capable": false,"Scan Direction": "Forward","Index Name": "idx_lineitem_part_supp","Relation Name": "lineitem","Alias": "lineitem","Startup Cost": 0.43,"Total Cost": 1.05,"Plan Rows": 1,"Plan Width": 29,"Actual Startup Time": 0.006,"Actual Total Time": 0.041,"Actual Rows": 8,"Actual Loops": 43424,"Index Cond": "((l_partkey = partsupp.ps_partkey) AND (l_suppkey = partsupp.ps_suppkey))","Rows Removed by Index Recheck": 0,"Workers": []}]},{"Node Type": "Index Scan","Parent Relationship": "Inner","Parallel Aware": false,"Async Capable": false,"Scan Direction": "Forward","Index Name": "supplier_pkey","Relation Name": "supplier","Alias": "supplier","Startup Cost": 0.29,"Total Cost": 0.30,"Plan Rows": 1,"Plan Width": 8,"Actual Startup Time": 0.001,"Actual Total Time": 0.001,"Actual Rows": 1,"Actual Loops": 326137,"Index Cond": "(s_suppkey = lineitem.l_suppkey)","Rows Removed by Index Recheck": 0,"Workers": []}]},{"Node Type": "Index Scan","Parent Relationship": "Inner","Parallel Aware": false,"Async Capable": false,"Scan Direction": "Forward","Index Name": "orders_pkey","Relation Name": "orders","Alias": "orders","Startup Cost": 0.43,"Total Cost": 0.47,"Plan Rows": 1,"Plan Width": 8,"Actual Startup Time": 0.009,"Actual Total Time": 0.009,"Actual Rows": 1,"Actual Loops": 326137,"Index Cond": "(o_orderkey = lineitem.l_orderkey)","Rows Removed by Index Recheck": 0,"Workers": []}]},{"Node Type": "Hash","Parent Relationship": "Inner","Parallel Aware": false,"Async Capable": false,"Startup Cost": 1.25,"Total Cost": 1.25,"Plan Rows": 25,"Plan Width": 108,"Actual Startup Time": 0.071,"Actual Total Time": 0.076,"Actual Rows": 25,"Actual Loops": 4,"Hash Buckets": 1024,"Original Hash Buckets": 1024,"Hash Batches": 1,"Original Hash Batches": 1,"Peak Memory Usage": 10,"Workers": [],"Plans": [{"Node Type": "Seq Scan","Parent Relationship": "Outer","Parallel Aware": false,"Async Capable": false,"Relation Name": "nation","Alias": "nation","Startup Cost": 0.00,"Total Cost": 1.25,"Plan Rows": 25,"Plan Width": 108,"Actual Startup Time": 0.047,"Actual Total Time": 0.052,"Actual Rows": 25,"Actual Loops": 4,"Workers": []}]}]}]}]}]}]},"Planning Time": 12.442,"Triggers": [],"Execution Time": 1875.255}]
[{"Plan": {"Node Type": "Aggregate","Strategy": "Sorted","Partial Mode": "Finalize","Parallel Aware": false,"Async Capable": false,"Startup Cost": 35224.41,"Total Cost": 35237.30,"Plan Rows": 97,"Plan Width": 168,"Actual Startup Time": 2446.740,"Actual Total Time": 2527.570,"Actual Rows": 175,"Actual Loops": 1,"Group Key": ["nation.n_name", "(EXTRACT(year FROM orders.o_orderdate))"],"Plans": [{"Node Type": "Gather Merge","Parent Relationship": "Outer","Parallel Aware": false,"Async Capable": false,"Startup Cost": 35224.41,"Total Cost": 35235.05,"Plan Rows": 80,"Plan Width": 168,"Actual Startup Time": 2445.319,"Actual Total Time": 2527.159,"Actual Rows": 525,"Actual Loops": 1,"Workers Planned": 2,"Workers Launched": 2,"Plans": [{"Node Type": "Aggregate","Strategy": "Sorted","Partial Mode": "Partial","Parent Relationship": "Outer","Parallel Aware": false,"Async Capable": false,"Startup Cost": 34224.39,"Total Cost": 34225.79,"Plan Rows": 40,"Plan Width": 168,"Actual Startup Time": 2302.062,"Actual Total Time": 2432.417,"Actual Rows": 175,"Actual Loops": 3,"Group Key": ["nation.n_name", "(EXTRACT(year FROM orders.o_orderdate))"],"Workers": [],"Plans": [{"Node Type": "Sort","Parent Relationship": "Outer","Parallel Aware": false,"Async Capable": false,"Startup Cost": 34224.39,"Total Cost": 34224.49,"Plan Rows": 40,"Plan Width": 159,"Actual Startup Time": 2301.394,"Actual Total Time": 2345.621,"Actual Rows": 109556,"Actual Loops": 3,"Sort Key": ["nation.n_name", "(EXTRACT(year FROM orders.o_orderdate)) DESC"],"Sort Method": "quicksort","Sort Space Used": 13628,"Sort Space Type": "Memory","Workers": [{"Worker Number": 0,"Sort Method": "quicksort","Sort Space Used": 14173,"Sort Space Type": "Memory"},{"Worker Number": 1,"Sort Method": "quicksort","Sort Space Used": 14136,"Sort Space Type": "Memory"}],"Plans": [{"Node Type": "Hash Join","Parent Relationship": "Outer","Parallel Aware": false,"Async Capable": false,"Join Type": "Inner","Startup Cost": 3.13,"Total Cost": 34223.32,"Plan Rows": 40,"Plan Width": 159,"Actual Startup Time": 0.808,"Actual Total Time": 2152.387,"Actual Rows": 109556,"Actual Loops": 3,"Inner Unique": true,"Hash Cond": "(supplier.s_nationkey = nation.n_nationkey)","Workers": [],"Plans": [{"Node Type": "Nested Loop","Parent Relationship": "Outer","Parallel Aware": false,"Async Capable": false,"Join Type": "Inner","Startup Cost": 1.57,"Total Cost": 34221.53,"Plan Rows": 40,"Plan Width": 31,"Actual Startup Time": 0.597,"Actual Total Time": 2120.724,"Actual Rows": 109556,"Actual Loops": 3,"Inner Unique": true,"Workers": [],"Plans": [{"Node Type": "Nested Loop","Parent Relationship": "Outer","Parallel Aware": false,"Async Capable": false,"Join Type": "Inner","Startup Cost": 1.14,"Total Cost": 34202.93,"Plan Rows": 40,"Plan Width": 31,"Actual Startup Time": 0.482,"Actual Total Time": 981.866,"Actual Rows": 109556,"Actual Loops": 3,"Inner Unique": true,"Workers": [],"Plans": [{"Node Type": "Nested Loop","Parent Relationship": "Outer","Parallel Aware": false,"Async Capable": false,"Join Type": "Inner","Startup Cost": 0.86,"Total Cost": 34190.82,"Plan Rows": 40,"Plan Width": 35,"Actual Startup Time": 0.370,"Actual Total Time": 797.400,"Actual Rows": 109556,"Actual Loops": 3,"Inner Unique": false,"Workers": [],"Plans": [{"Node Type": "Nested Loop","Parent Relationship": "Outer","Parallel Aware": false,"Async Capable": false,"Join Type": "Inner","Startup Cost": 0.42,"Total Cost": 19885.25,"Plan Rows": 13468,"Plan Width": 18,"Actual Startup Time": 0.230,"Actual Total Time": 117.251,"Actual Rows": 14572,"Actual Loops": 3,"Inner Unique": false,"Workers": [],"Plans": [{"Node Type": "Seq Scan","Parent Relationship": "Outer","Parallel Aware": true,"Async Capable": false,"Relation Name": "part","Alias": "part","Startup Cost": 0.00,"Total Cost": 5138.67,"Plan Rows": 3367,"Plan Width": 4,"Actual Startup Time": 0.067,"Actual Total Time": 50.326,"Actual Rows": 3643,"Actual Loops": 3,"Filter": "((p_name)::text ~~ '%grey%'::text)","Rows Removed by Filter": 63024,"Workers": []},{"Node Type": "Index Scan","Parent Relationship": "Inner","Parallel Aware": false,"Async Capable": false,"Scan Direction": "Forward","Index Name": "idx_partsupp_partkey","Relation Name": "partsupp","Alias": "partsupp","Startup Cost": 0.42,"Total Cost": 4.34,"Plan Rows": 4,"Plan Width": 14,"Actual Startup Time": 0.014,"Actual Total Time": 0.018,"Actual Rows": 4,"Actual Loops": 10929,"Index Cond": "(ps_partkey = part.p_partkey)","Rows Removed by Index Recheck": 0,"Workers": []}]},{"Node Type": "Index Scan","Parent Relationship": "Inner","Parallel Aware": false,"Async Capable": false,"Scan Direction": "Forward","Index Name": "idx_lineitem_part_supp","Relation Name": "lineitem","Alias": "lineitem","Startup Cost": 0.43,"Total Cost": 1.05,"Plan Rows": 1,"Plan Width": 29,"Actual Startup Time": 0.007,"Actual Total Time": 0.045,"Actual Rows": 8,"Actual Loops": 43716,"Index Cond": "((l_partkey = partsupp.ps_partkey) AND (l_suppkey = partsupp.ps_suppkey))","Rows Removed by Index Recheck": 0,"Workers": []}]},{"Node Type": "Index Scan","Parent Relationship": "Inner","Parallel Aware": false,"Async Capable": false,"Scan Direction": "Forward","Index Name": "supplier_pkey","Relation Name": "supplier","Alias": "supplier","Startup Cost": 0.29,"Total Cost": 0.30,"Plan Rows": 1,"Plan Width": 8,"Actual Startup Time": 0.001,"Actual Total Time": 0.001,"Actual Rows": 1,"Actual Loops": 328668,"Index Cond": "(s_suppkey = lineitem.l_suppkey)","Rows Removed by Index Recheck": 0,"Workers": []}]},{"Node Type": "Index Scan","Parent Relationship": "Inner","Parallel Aware": false,"Async Capable": false,"Scan Direction": "Forward","Index Name": "orders_pkey","Relation Name": "orders","Alias": "orders","Startup Cost": 0.43,"Total Cost": 0.47,"Plan Rows": 1,"Plan Width": 8,"Actual Startup Time": 0.010,"Actual Total Time": 0.010,"Actual Rows": 1,"Actual Loops": 328668,"Index Cond": "(o_orderkey = lineitem.l_orderkey)","Rows Removed by Index Recheck": 0,"Workers": []}]},{"Node Type": "Hash","Parent Relationship": "Inner","Parallel Aware": false,"Async Capable": false,"Startup Cost": 1.25,"Total Cost": 1.25,"Plan Rows": 25,"Plan Width": 108,"Actual Startup Time": 0.086,"Actual Total Time": 0.097,"Actual Rows": 25,"Actual Loops": 3,"Hash Buckets": 1024,"Original Hash Buckets": 1024,"Hash Batches": 1,"Original Hash Batches": 1,"Peak Memory Usage": 10,"Workers": [],"Plans": [{"Node Type": "Seq Scan","Parent Relationship": "Outer","Parallel Aware": false,"Async Capable": false,"Relation Name": "nation","Alias": "nation","Startup Cost": 0.00,"Total Cost": 1.25,"Plan Rows": 25,"Plan Width": 108,"Actual Startup Time": 0.056,"Actual Total Time": 0.063,"Actual Rows": 25,"Actual Loops": 3,"Workers": []}]}]}]}]}]}]},"Planning Time": 11.608,"Triggers": [],"Execution Time": 2530.681}]
[{"Plan": {"Node Type": "Aggregate","Strategy": "Sorted","Partial Mode": "Finalize","Parallel Aware": false,"Async Capable": false,"Startup Cost": 15191.58,"Total Cost": 15194.80,"Plan Rows": 24,"Plan Width": 168,"Actual Startup Time": 2527.969,"Actual Total Time": 2683.056,"Actual Rows": 175,"Actual Loops": 1,"Group Key": ["nation.n_name", "(EXTRACT(year FROM orders.o_orderdate))"],"Plans": [{"Node Type": "Gather Merge","Parent Relationship": "Outer","Parallel Aware": false,"Async Capable": false,"Startup Cost": 15191.58,"Total Cost": 15194.24,"Plan Rows": 20,"Plan Width": 168,"Actual Startup Time": 2526.404,"Actual Total Time": 2682.506,"Actual Rows": 525,"Actual Loops": 1,"Workers Planned": 2,"Workers Launched": 2,"Plans": [{"Node Type": "Aggregate","Strategy": "Sorted","Partial Mode": "Partial","Parent Relationship": "Outer","Parallel Aware": false,"Async Capable": false,"Startup Cost": 14191.56,"Total Cost": 14191.91,"Plan Rows": 10,"Plan Width": 168,"Actual Startup Time": 2407.501,"Actual Total Time": 2530.795,"Actual Rows": 175,"Actual Loops": 3,"Group Key": ["nation.n_name", "(EXTRACT(year FROM orders.o_orderdate))"],"Workers": [],"Plans": [{"Node Type": "Sort","Parent Relationship": "Outer","Parallel Aware": false,"Async Capable": false,"Startup Cost": 14191.56,"Total Cost": 14191.59,"Plan Rows": 10,"Plan Width": 159,"Actual Startup Time": 2407.024,"Actual Total Time": 2447.211,"Actual Rows": 108476,"Actual Loops": 3,"Sort Key": ["nation.n_name", "(EXTRACT(year FROM orders.o_orderdate)) DESC"],"Sort Method": "quicksort","Sort Space Used": 13864,"Sort Space Type": "Memory","Workers": [{"Worker Number": 0,"Sort Method": "quicksort","Sort Space Used": 14243,"Sort Space Type": "Memory"},{"Worker Number": 1,"Sort Method": "quicksort","Sort Space Used": 13510,"Sort Space Type": "Memory"}],"Plans": [{"Node Type": "Nested Loop","Parent Relationship": "Outer","Parallel Aware": false,"Async Capable": false,"Join Type": "Inner","Startup Cost": 1.71,"Total Cost": 14191.39,"Plan Rows": 10,"Plan Width": 159,"Actual Startup Time": 0.538,"Actual Total Time": 2256.346,"Actual Rows": 108476,"Actual Loops": 3,"Inner Unique": true,"Workers": [],"Plans": [{"Node Type": "Nested Loop","Parent Relationship": "Outer","Parallel Aware": false,"Async Capable": false,"Join Type": "Inner","Startup Cost": 1.57,"Total Cost": 14189.81,"Plan Rows": 10,"Plan Width": 31,"Actual Startup Time": 0.460,"Actual Total Time": 2101.149,"Actual Rows": 108476,"Actual Loops": 3,"Inner Unique": true,"Workers": [],"Plans": [{"Node Type": "Nested Loop","Parent Relationship": "Outer","Parallel Aware": false,"Async Capable": false,"Join Type": "Inner","Startup Cost": 1.14,"Total Cost": 14185.15,"Plan Rows": 10,"Plan Width": 31,"Actual Startup Time": 0.332,"Actual Total Time": 962.931,"Actual Rows": 108476,"Actual Loops": 3,"Inner Unique": true,"Workers": [],"Plans": [{"Node Type": "Nested Loop","Parent Relationship": "Outer","Parallel Aware": false,"Async Capable": false,"Join Type": "Inner","Startup Cost": 0.86,"Total Cost": 14182.13,"Plan Rows": 10,"Plan Width": 35,"Actual Startup Time": 0.259,"Actual Total Time": 774.484,"Actual Rows": 108476,"Actual Loops": 3,"Inner Unique": false,"Workers": [],"Plans": [{"Node Type": "Nested Loop","Parent Relationship": "Outer","Parallel Aware": false,"Async Capable": false,"Join Type": "Inner","Startup Cost": 0.42,"Total Cost": 10605.73,"Plan Rows": 3367,"Plan Width": 18,"Actual Startup Time": 0.149,"Actual Total Time": 122.879,"Actual Rows": 14427,"Actual Loops": 3,"Inner Unique": false,"Workers": [],"Plans": [{"Node Type": "Seq Scan","Parent Relationship": "Outer","Parallel Aware": true,"Async Capable": false,"Relation Name": "part","Alias": "part","Startup Cost": 0.00,"Total Cost": 5138.67,"Plan Rows": 842,"Plan Width": 4,"Actual Startup Time": 0.054,"Actual Total Time": 51.647,"Actual Rows": 3607,"Actual Loops": 3,"Filter": "((p_name)::text ~~ '%light%'::text)","Rows Removed by Filter": 63060,"Workers": []},{"Node Type": "Index Scan","Parent Relationship": "Inner","Parallel Aware": false,"Async Capable": false,"Scan Direction": "Forward","Index Name": "idx_partsupp_partkey","Relation Name": "partsupp","Alias": "partsupp","Startup Cost": 0.42,"Total Cost": 6.45,"Plan Rows": 4,"Plan Width": 14,"Actual Startup Time": 0.014,"Actual Total Time": 0.019,"Actual Rows": 4,"Actual Loops": 10820,"Index Cond": "(ps_partkey = part.p_partkey)","Rows Removed by Index Recheck": 0,"Workers": []}]},{"Node Type": "Index Scan","Parent Relationship": "Inner","Parallel Aware": false,"Async Capable": false,"Scan Direction": "Forward","Index Name": "idx_lineitem_part_supp","Relation Name": "lineitem","Alias": "lineitem","Startup Cost": 0.43,"Total Cost": 1.05,"Plan Rows": 1,"Plan Width": 29,"Actual Startup Time": 0.007,"Actual Total Time": 0.043,"Actual Rows": 8,"Actual Loops": 43280,"Index Cond": "((l_partkey = partsupp.ps_partkey) AND (l_suppkey = partsupp.ps_suppkey))","Rows Removed by Index Recheck": 0,"Workers": []}]},{"Node Type": "Index Scan","Parent Relationship": "Inner","Parallel Aware": false,"Async Capable": false,"Scan Direction": "Forward","Index Name": "supplier_pkey","Relation Name": "supplier","Alias": "supplier","Startup Cost": 0.29,"Total Cost": 0.30,"Plan Rows": 1,"Plan Width": 8,"Actual Startup Time": 0.001,"Actual Total Time": 0.001,"Actual Rows": 1,"Actual Loops": 325427,"Index Cond": "(s_suppkey = lineitem.l_suppkey)","Rows Removed by Index Recheck": 0,"Workers": []}]},{"Node Type": "Index Scan","Parent Relationship": "Inner","Parallel Aware": false,"Async Capable": false,"Scan Direction": "Forward","Index Name": "orders_pkey","Relation Name": "orders","Alias": "orders","Startup Cost": 0.43,"Total Cost": 0.47,"Plan Rows": 1,"Plan Width": 8,"Actual Startup Time": 0.010,"Actual Total Time": 0.010,"Actual Rows": 1,"Actual Loops": 325427,"Index Cond": "(o_orderkey = lineitem.l_orderkey)","Rows Removed by Index Recheck": 0,"Workers": []}]},{"Node Type": "Index Scan","Parent Relationship": "Inner","Parallel Aware": false,"Async Capable": false,"Scan Direction": "Forward","Index Name": "nation_pkey","Relation Name": "nation","Alias": "nation","Startup Cost": 0.14,"Total Cost": 0.16,"Plan Rows": 1,"Plan Width": 108,"Actual Startup Time": 0.001,"Actual Total Time": 0.001,"Actual Rows": 1,"Actual Loops": 325427,"Index Cond": "(n_nationkey = supplier.s_nationkey)","Rows Removed by Index Recheck": 0,"Workers": []}]}]}]}]}]},"Planning Time": 11.526,"Triggers": [],"Execution Time": 2685.777}]
[{"Plan": {"Node Type": "Aggregate","Strategy": "Sorted","Partial Mode": "Finalize","Parallel Aware": false,"Async Capable": false,"Startup Cost": 46348.90,"Total Cost": 46374.41,"Plan Rows": 170,"Plan Width": 168,"Actual Startup Time": 1750.907,"Actual Total Time": 1855.023,"Actual Rows": 175,"Actual Loops": 1,"Group Key": ["nation.n_name", "(EXTRACT(year FROM orders.o_orderdate))"],"Plans": [{"Node Type": "Gather Merge","Parent Relationship": "Outer","Parallel Aware": false,"Async Capable": false,"Startup Cost": 46348.90,"Total Cost": 46370.21,"Plan Rows": 165,"Plan Width": 168,"Actual Startup Time": 1749.012,"Actual Total Time": 1854.505,"Actual Rows": 700,"Actual Loops": 1,"Workers Planned": 3,"Workers Launched": 3,"Plans": [{"Node Type": "Aggregate","Strategy": "Sorted","Partial Mode": "Partial","Parent Relationship": "Outer","Parallel Aware": false,"Async Capable": false,"Startup Cost": 45348.86,"Total Cost": 45350.79,"Plan Rows": 55,"Plan Width": 168,"Actual Startup Time": 1664.618,"Actual Total Time": 1759.222,"Actual Rows": 175,"Actual Loops": 4,"Group Key": ["nation.n_name", "(EXTRACT(year FROM orders.o_orderdate))"],"Workers": [],"Plans": [{"Node Type": "Sort","Parent Relationship": "Outer","Parallel Aware": false,"Async Capable": false,"Startup Cost": 45348.86,"Total Cost": 45349.00,"Plan Rows": 55,"Plan Width": 159,"Actual Startup Time": 1664.224,"Actual Total Time": 1696.542,"Actual Rows": 82796,"Actual Loops": 4,"Sort Key": ["nation.n_name", "(EXTRACT(year FROM orders.o_orderdate)) DESC"],"Sort Method": "quicksort","Sort Space Used": 11192,"Sort Space Type": "Memory","Workers": [{"Worker Number": 0,"Sort Method": "quicksort","Sort Space Used": 11411,"Sort Space Type": "Memory"},{"Worker Number": 1,"Sort Method": "quicksort","Sort Space Used": 11117,"Sort Space Type": "Memory"},{"Worker Number": 2,"Sort Method": "quicksort","Sort Space Used": 11548,"Sort Space Type": "Memory"}],"Plans": [{"Node Type": "Hash Join","Parent Relationship": "Outer","Parallel Aware": false,"Async Capable": false,"Join Type": "Inner","Startup Cost": 5215.02,"Total Cost": 45347.27,"Plan Rows": 55,"Plan Width": 159,"Actual Startup Time": 22.142,"Actual Total Time": 1561.411,"Actual Rows": 82796,"Actual Loops": 4,"Inner Unique": true,"Hash Cond": "(supplier.s_nationkey = nation.n_nationkey)","Workers": [],"Plans": [{"Node Type": "Nested Loop","Parent Relationship": "Outer","Parallel Aware": false,"Async Capable": false,"Join Type": "Inner","Startup Cost": 5213.46,"Total Cost": 45345.40,"Plan Rows": 55,"Plan Width": 31,"Actual Startup Time": 21.917,"Actual Total Time": 1537.278,"Actual Rows": 82796,"Actual Loops": 4,"Inner Unique": true,"Workers": [],"Plans": [{"Node Type": "Nested Loop","Parent Relationship": "Outer","Parallel Aware": false,"Async Capable": false,"Join Type": "Inner","Startup Cost": 5213.03,"Total Cost": 45319.82,"Plan Rows": 55,"Plan Width": 31,"Actual Startup Time": 21.852,"Actual Total Time": 791.105,"Actual Rows": 82796,"Actual Loops": 4,"Inner Unique": true,"Workers": [],"Plans": [{"Node Type": "Nested Loop","Parent Relationship": "Outer","Parallel Aware": false,"Async Capable": false,"Join Type": "Inner","Startup Cost": 5212.75,"Total Cost": 45303.17,"Plan Rows": 55,"Plan Width": 35,"Actual Startup Time": 21.805,"Actual Total Time": 652.381,"Actual Rows": 82796,"Actual Loops": 4,"Inner Unique": false,"Workers": [],"Plans": [{"Node Type": "Hash Join","Parent Relationship": "Outer","Parallel Aware": true,"Async Capable": false,"Join Type": "Inner","Startup Cost": 5212.32,"Total Cost": 25921.39,"Plan Rows": 18247,"Plan Width": 18,"Actual Startup Time": 21.736,"Actual Total Time": 188.254,"Actual Rows": 11007,"Actual Loops": 4,"Inner Unique": true,"Hash Cond": "(partsupp.ps_partkey = part.p_partkey)","Workers": [],"Plans": [{"Node Type": "Seq Scan","Parent Relationship": "Outer","Parallel Aware": true,"Async Capable": false,"Relation Name": "partsupp","Alias": "partsupp","Startup Cost": 0.00,"Total Cost": 20031.65,"Plan Rows": 258065,"Plan Width": 14,"Actual Startup Time": 0.015,"Actual Total Time": 42.654,"Actual Rows": 200000,"Actual Loops": 4,"Workers": []},{"Node Type": "Hash","Parent Relationship": "Inner","Parallel Aware": true,"Async Capable": false,"Startup Cost": 5138.67,"Total Cost": 5138.67,"Plan Rows": 5892,"Plan Width": 4,"Actual Startup Time": 21.539,"Actual Total Time": 21.550,"Actual Rows": 2752,"Actual Loops": 4,"Hash Buckets": 16384,"Original Hash Buckets": 16384,"Hash Batches": 1,"Original Hash Batches": 1,"Peak Memory Usage": 608,"Workers": [],"Plans": [{"Node Type": "Seq Scan","Parent Relationship": "Outer","Parallel Aware": true,"Async Capable": false,"Relation Name": "part","Alias": "part","Startup Cost": 0.00,"Total Cost": 5138.67,"Plan Rows": 5892,"Plan Width": 4,"Actual Startup Time": 0.060,"Actual Total Time": 20.080,"Actual Rows": 2752,"Actual Loops": 4,"Filter": "((p_name)::text ~~ '%orange%'::text)","Rows Removed by Filter": 47248,"Workers": []}]}]},{"Node Type": "Index Scan","Parent Relationship": "Inner","Parallel Aware": false,"Async Capable": false,"Scan Direction": "Forward","Index Name": "idx_lineitem_part_supp","Relation Name": "lineitem","Alias": "lineitem","Startup Cost": 0.43,"Total Cost": 1.05,"Plan Rows": 1,"Plan Width": 29,"Actual Startup Time": 0.006,"Actual Total Time": 0.041,"Actual Rows": 8,"Actual Loops": 44028,"Index Cond": "((l_partkey = partsupp.ps_partkey) AND (l_suppkey = partsupp.ps_suppkey))","Rows Removed by Index Recheck": 0,"Workers": []}]},{"Node Type": "Index Scan","Parent Relationship": "Inner","Parallel Aware": false,"Async Capable": false,"Scan Direction": "Forward","Index Name": "supplier_pkey","Relation Name": "supplier","Alias": "supplier","Startup Cost": 0.29,"Total Cost": 0.30,"Plan Rows": 1,"Plan Width": 8,"Actual Startup Time": 0.001,"Actual Total Time": 0.001,"Actual Rows": 1,"Actual Loops": 331186,"Index Cond": "(s_suppkey = lineitem.l_suppkey)","Rows Removed by Index Recheck": 0,"Workers": []}]},{"Node Type": "Index Scan","Parent Relationship": "Inner","Parallel Aware": false,"Async Capable": false,"Scan Direction": "Forward","Index Name": "orders_pkey","Relation Name": "orders","Alias": "orders","Startup Cost": 0.43,"Total Cost": 0.47,"Plan Rows": 1,"Plan Width": 8,"Actual Startup Time": 0.009,"Actual Total Time": 0.009,"Actual Rows": 1,"Actual Loops": 331186,"Index Cond": "(o_orderkey = lineitem.l_orderkey)","Rows Removed by Index Recheck": 0,"Workers": []}]},{"Node Type": "Hash","Parent Relationship": "Inner","Parallel Aware": false,"Async Capable": false,"Startup Cost": 1.25,"Total Cost": 1.25,"Plan Rows": 25,"Plan Width": 108,"Actual Startup Time": 0.103,"Actual Total Time": 0.109,"Actual Rows": 25,"Actual Loops": 4,"Hash Buckets": 1024,"Original Hash Buckets": 1024,"Hash Batches": 1,"Original Hash Batches": 1,"Peak Memory Usage": 10,"Workers": [],"Plans": [{"Node Type": "Seq Scan","Parent Relationship": "Outer","Parallel Aware": false,"Async Capable": false,"Relation Name": "nation","Alias": "nation","Startup Cost": 0.00,"Total Cost": 1.25,"Plan Rows": 25,"Plan Width": 108,"Actual Startup Time": 0.073,"Actual Total Time": 0.079,"Actual Rows": 25,"Actual Loops": 4,"Workers": []}]}]}]}]}]}]},"Planning Time": 12.134,"Triggers": [],"Execution Time": 1857.581}]
[{"Plan": {"Node Type": "Aggregate","Strategy": "Sorted","Partial Mode": "Finalize","Parallel Aware": false,"Async Capable": false,"Startup Cost": 35224.41,"Total Cost": 35237.30,"Plan Rows": 97,"Plan Width": 168,"Actual Startup Time": 2468.334,"Actual Total Time": 2614.615,"Actual Rows": 175,"Actual Loops": 1,"Group Key": ["nation.n_name", "(EXTRACT(year FROM orders.o_orderdate))"],"Plans": [{"Node Type": "Gather Merge","Parent Relationship": "Outer","Parallel Aware": false,"Async Capable": false,"Startup Cost": 35224.41,"Total Cost": 35235.05,"Plan Rows": 80,"Plan Width": 168,"Actual Startup Time": 2467.004,"Actual Total Time": 2614.239,"Actual Rows": 525,"Actual Loops": 1,"Workers Planned": 2,"Workers Launched": 2,"Plans": [{"Node Type": "Aggregate","Strategy": "Sorted","Partial Mode": "Partial","Parent Relationship": "Outer","Parallel Aware": false,"Async Capable": false,"Startup Cost": 34224.39,"Total Cost": 34225.79,"Plan Rows": 40,"Plan Width": 168,"Actual Startup Time": 2350.593,"Actual Total Time": 2488.300,"Actual Rows": 175,"Actual Loops": 3,"Group Key": ["nation.n_name", "(EXTRACT(year FROM orders.o_orderdate))"],"Workers": [],"Plans": [{"Node Type": "Sort","Parent Relationship": "Outer","Parallel Aware": false,"Async Capable": false,"Startup Cost": 34224.39,"Total Cost": 34224.49,"Plan Rows": 40,"Plan Width": 159,"Actual Startup Time": 2349.936,"Actual Total Time": 2400.414,"Actual Rows": 109238,"Actual Loops": 3,"Sort Key": ["nation.n_name", "(EXTRACT(year FROM orders.o_orderdate)) DESC"],"Sort Method": "quicksort","Sort Space Used": 14698,"Sort Space Type": "Memory","Workers": [{"Worker Number": 0,"Sort Method": "quicksort","Sort Space Used": 13564,"Sort Space Type": "Memory"},{"Worker Number": 1,"Sort Method": "quicksort","Sort Space Used": 13587,"Sort Space Type": "Memory"}],"Plans": [{"Node Type": "Hash Join","Parent Relationship": "Outer","Parallel Aware": false,"Async Capable": false,"Join Type": "Inner","Startup Cost": 3.13,"Total Cost": 34223.32,"Plan Rows": 40,"Plan Width": 159,"Actual Startup Time": 0.710,"Actual Total Time": 2199.303,"Actual Rows": 109238,"Actual Loops": 3,"Inner Unique": true,"Hash Cond": "(supplier.s_nationkey = nation.n_nationkey)","Workers": [],"Plans": [{"Node Type": "Nested Loop","Parent Relationship": "Outer","Parallel Aware": false,"Async Capable": false,"Join Type": "Inner","Startup Cost": 1.57,"Total Cost": 34221.53,"Plan Rows": 40,"Plan Width": 31,"Actual Startup Time": 0.515,"Actual Total Time": 2168.211,"Actual Rows": 109238,"Actual Loops": 3,"Inner Unique": true,"Workers": [],"Plans": [{"Node Type": "Nested Loop","Parent Relationship": "Outer","Parallel Aware": false,"Async Capable": false,"Join Type": "Inner","Startup Cost": 1.14,"Total Cost": 34202.93,"Plan Rows": 40,"Plan Width": 31,"Actual Startup Time": 0.366,"Actual Total Time": 1011.087,"Actual Rows": 109238,"Actual Loops": 3,"Inner Unique": true,"Workers": [],"Plans": [{"Node Type": "Nested Loop","Parent Relationship": "Outer","Parallel Aware": false,"Async Capable": false,"Join Type": "Inner","Startup Cost": 0.86,"Total Cost": 34190.82,"Plan Rows": 40,"Plan Width": 35,"Actual Startup Time": 0.280,"Actual Total Time": 824.347,"Actual Rows": 109238,"Actual Loops": 3,"Inner Unique": false,"Workers": [],"Plans": [{"Node Type": "Nested Loop","Parent Relationship": "Outer","Parallel Aware": false,"Async Capable": false,"Join Type": "Inner","Startup Cost": 0.42,"Total Cost": 19885.25,"Plan Rows": 13468,"Plan Width": 18,"Actual Startup Time": 0.177,"Actual Total Time": 115.126,"Actual Rows": 14568,"Actual Loops": 3,"Inner Unique": false,"Workers": [],"Plans": [{"Node Type": "Seq Scan","Parent Relationship": "Outer","Parallel Aware": true,"Async Capable": false,"Relation Name": "part","Alias": "part","Startup Cost": 0.00,"Total Cost": 5138.67,"Plan Rows": 3367,"Plan Width": 4,"Actual Startup Time": 0.049,"Actual Total Time": 48.508,"Actual Rows": 3642,"Actual Loops": 3,"Filter": "((p_name)::text ~~ '%purple%'::text)","Rows Removed by Filter": 63025,"Workers": []},{"Node Type": "Index Scan","Parent Relationship": "Inner","Parallel Aware": false,"Async Capable": false,"Scan Direction": "Forward","Index Name": "idx_partsupp_partkey","Relation Name": "partsupp","Alias": "partsupp","Startup Cost": 0.42,"Total Cost": 4.34,"Plan Rows": 4,"Plan Width": 14,"Actual Startup Time": 0.014,"Actual Total Time": 0.018,"Actual Rows": 4,"Actual Loops": 10926,"Index Cond": "(ps_partkey = part.p_partkey)","Rows Removed by Index Recheck": 0,"Workers": []}]},{"Node Type": "Index Scan","Parent Relationship": "Inner","Parallel Aware": false,"Async Capable": false,"Scan Direction": "Forward","Index Name": "idx_lineitem_part_supp","Relation Name": "lineitem","Alias": "lineitem","Startup Cost": 0.43,"Total Cost": 1.05,"Plan Rows": 1,"Plan Width": 29,"Actual Startup Time": 0.007,"Actual Total Time": 0.047,"Actual Rows": 7,"Actual Loops": 43704,"Index Cond": "((l_partkey = partsupp.ps_partkey) AND (l_suppkey = partsupp.ps_suppkey))","Rows Removed by Index Recheck": 0,"Workers": []}]},{"Node Type": "Index Scan","Parent Relationship": "Inner","Parallel Aware": false,"Async Capable": false,"Scan Direction": "Forward","Index Name": "supplier_pkey","Relation Name": "supplier","Alias": "supplier","Startup Cost": 0.29,"Total Cost": 0.30,"Plan Rows": 1,"Plan Width": 8,"Actual Startup Time": 0.001,"Actual Total Time": 0.001,"Actual Rows": 1,"Actual Loops": 327714,"Index Cond": "(s_suppkey = lineitem.l_suppkey)","Rows Removed by Index Recheck": 0,"Workers": []}]},{"Node Type": "Index Scan","Parent Relationship": "Inner","Parallel Aware": false,"Async Capable": false,"Scan Direction": "Forward","Index Name": "orders_pkey","Relation Name": "orders","Alias": "orders","Startup Cost": 0.43,"Total Cost": 0.47,"Plan Rows": 1,"Plan Width": 8,"Actual Startup Time": 0.010,"Actual Total Time": 0.010,"Actual Rows": 1,"Actual Loops": 327714,"Index Cond": "(o_orderkey = lineitem.l_orderkey)","Rows Removed by Index Recheck": 0,"Workers": []}]},{"Node Type": "Hash","Parent Relationship": "Inner","Parallel Aware": false,"Async Capable": false,"Startup Cost": 1.25,"Total Cost": 1.25,"Plan Rows": 25,"Plan Width": 108,"Actual Startup Time": 0.085,"Actual Total Time": 0.094,"Actual Rows": 25,"Actual Loops": 3,"Hash Buckets": 1024,"Original Hash Buckets": 1024,"Hash Batches": 1,"Original Hash Batches": 1,"Peak Memory Usage": 10,"Workers": [],"Plans": [{"Node Type": "Seq Scan","Parent Relationship": "Outer","Parallel Aware": false,"Async Capable": false,"Relation Name": "nation","Alias": "nation","Startup Cost": 0.00,"Total Cost": 1.25,"Plan Rows": 25,"Plan Width": 108,"Actual Startup Time": 0.054,"Actual Total Time": 0.060,"Actual Rows": 25,"Actual Loops": 3,"Workers": []}]}]}]}]}]}]},"Planning Time": 11.747,"Triggers": [],"Execution Time": 2615.991}]
[{"Plan": {"Node Type": "Aggregate","Strategy": "Sorted","Partial Mode": "Finalize","Parallel Aware": false,"Async Capable": false,"Startup Cost": 46348.90,"Total Cost": 46374.41,"Plan Rows": 170,"Plan Width": 168,"Actual Startup Time": 1758.233,"Actual Total Time": 1875.547,"Actual Rows": 175,"Actual Loops": 1,"Group Key": ["nation.n_name", "(EXTRACT(year FROM orders.o_orderdate))"],"Plans": [{"Node Type": "Gather Merge","Parent Relationship": "Outer","Parallel Aware": false,"Async Capable": false,"Startup Cost": 46348.90,"Total Cost": 46370.21,"Plan Rows": 165,"Plan Width": 168,"Actual Startup Time": 1756.865,"Actual Total Time": 1875.050,"Actual Rows": 700,"Actual Loops": 1,"Workers Planned": 3,"Workers Launched": 3,"Plans": [{"Node Type": "Aggregate","Strategy": "Sorted","Partial Mode": "Partial","Parent Relationship": "Outer","Parallel Aware": false,"Async Capable": false,"Startup Cost": 45348.86,"Total Cost": 45350.79,"Plan Rows": 55,"Plan Width": 168,"Actual Startup Time": 1673.664,"Actual Total Time": 1769.994,"Actual Rows": 175,"Actual Loops": 4,"Group Key": ["nation.n_name", "(EXTRACT(year FROM orders.o_orderdate))"],"Workers": [],"Plans": [{"Node Type": "Sort","Parent Relationship": "Outer","Parallel Aware": false,"Async Capable": false,"Startup Cost": 45348.86,"Total Cost": 45349.00,"Plan Rows": 55,"Plan Width": 159,"Actual Startup Time": 1673.252,"Actual Total Time": 1706.988,"Actual Rows": 83328,"Actual Loops": 4,"Sort Key": ["nation.n_name", "(EXTRACT(year FROM orders.o_orderdate)) DESC"],"Sort Method": "quicksort","Sort Space Used": 11554,"Sort Space Type": "Memory","Workers": [{"Worker Number": 0,"Sort Method": "quicksort","Sort Space Used": 11442,"Sort Space Type": "Memory"},{"Worker Number": 1,"Sort Method": "quicksort","Sort Space Used": 11267,"Sort Space Type": "Memory"},{"Worker Number": 2,"Sort Method": "quicksort","Sort Space Used": 11217,"Sort Space Type": "Memory"}],"Plans": [{"Node Type": "Hash Join","Parent Relationship": "Outer","Parallel Aware": false,"Async Capable": false,"Join Type": "Inner","Startup Cost": 5215.02,"Total Cost": 45347.27,"Plan Rows": 55,"Plan Width": 159,"Actual Startup Time": 21.738,"Actual Total Time": 1570.538,"Actual Rows": 83328,"Actual Loops": 4,"Inner Unique": true,"Hash Cond": "(supplier.s_nationkey = nation.n_nationkey)","Workers": [],"Plans": [{"Node Type": "Nested Loop","Parent Relationship": "Outer","Parallel Aware": false,"Async Capable": false,"Join Type": "Inner","Startup Cost": 5213.46,"Total Cost": 45345.40,"Plan Rows": 55,"Plan Width": 31,"Actual Startup Time": 21.537,"Actual Total Time": 1546.521,"Actual Rows": 83328,"Actual Loops": 4,"Inner Unique": true,"Workers": [],"Plans": [{"Node Type": "Nested Loop","Parent Relationship": "Outer","Parallel Aware": false,"Async Capable": false,"Join Type": "Inner","Startup Cost": 5213.03,"Total Cost": 45319.82,"Plan Rows": 55,"Plan Width": 31,"Actual Startup Time": 21.473,"Actual Total Time": 802.646,"Actual Rows": 83328,"Actual Loops": 4,"Inner Unique": true,"Workers": [],"Plans": [{"Node Type": "Nested Loop","Parent Relationship": "Outer","Parallel Aware": false,"Async Capable": false,"Join Type": "Inner","Startup Cost": 5212.75,"Total Cost": 45303.17,"Plan Rows": 55,"Plan Width": 35,"Actual Startup Time": 21.432,"Actual Total Time": 663.395,"Actual Rows": 83328,"Actual Loops": 4,"Inner Unique": false,"Workers": [],"Plans": [{"Node Type": "Hash Join","Parent Relationship": "Outer","Parallel Aware": true,"Async Capable": false,"Join Type": "Inner","Startup Cost": 5212.32,"Total Cost": 25921.39,"Plan Rows": 18247,"Plan Width": 18,"Actual Startup Time": 21.375,"Actual Total Time": 197.392,"Actual Rows": 11082,"Actual Loops": 4,"Inner Unique": true,"Hash Cond": "(partsupp.ps_partkey = part.p_partkey)","Workers": [],"Plans": [{"Node Type": "Seq Scan","Parent Relationship": "Outer","Parallel Aware": true,"Async Capable": false,"Relation Name": "partsupp","Alias": "partsupp","Startup Cost": 0.00,"Total Cost": 20031.65,"Plan Rows": 258065,"Plan Width": 14,"Actual Startup Time": 0.017,"Actual Total Time": 42.711,"Actual Rows": 200000,"Actual Loops": 4,"Workers": []},{"Node Type": "Hash","Parent Relationship": "Inner","Parallel Aware": true,"Async Capable": false,"Startup Cost": 5138.67,"Total Cost": 5138.67,"Plan Rows": 5892,"Plan Width": 4,"Actual Startup Time": 21.186,"Actual Total Time": 21.198,"Actual Rows": 2770,"Actual Loops": 4,"Hash Buckets": 16384,"Original Hash Buckets": 16384,"Hash Batches": 1,"Original Hash Batches": 1,"Peak Memory Usage": 608,"Workers": [],"Plans": [{"Node Type": "Seq Scan","Parent Relationship": "Outer","Parallel Aware": true,"Async Capable": false,"Relation Name": "part","Alias": "part","Startup Cost": 0.00,"Total Cost": 5138.67,"Plan Rows": 5892,"Plan Width": 4,"Actual Startup Time": 0.056,"Actual Total Time": 19.572,"Actual Rows": 2770,"Actual Loops": 4,"Filter": "((p_name)::text ~~ '%cyan%'::text)","Rows Removed by Filter": 47230,"Workers": []}]}]},{"Node Type": "Index Scan","Parent Relationship": "Inner","Parallel Aware": false,"Async Capable": false,"Scan Direction": "Forward","Index Name": "idx_lineitem_part_supp","Relation Name": "lineitem","Alias": "lineitem","Startup Cost": 0.43,"Total Cost": 1.05,"Plan Rows": 1,"Plan Width": 29,"Actual Startup Time": 0.006,"Actual Total Time": 0.040,"Actual Rows": 8,"Actual Loops": 44328,"Index Cond": "((l_partkey = partsupp.ps_partkey) AND (l_suppkey = partsupp.ps_suppkey))","Rows Removed by Index Recheck": 0,"Workers": []}]},{"Node Type": "Index Scan","Parent Relationship": "Inner","Parallel Aware": false,"Async Capable": false,"Scan Direction": "Forward","Index Name": "supplier_pkey","Relation Name": "supplier","Alias": "supplier","Startup Cost": 0.29,"Total Cost": 0.30,"Plan Rows": 1,"Plan Width": 8,"Actual Startup Time": 0.001,"Actual Total Time": 0.001,"Actual Rows": 1,"Actual Loops": 333310,"Index Cond": "(s_suppkey = lineitem.l_suppkey)","Rows Removed by Index Recheck": 0,"Workers": []}]},{"Node Type": "Index Scan","Parent Relationship": "Inner","Parallel Aware": false,"Async Capable": false,"Scan Direction": "Forward","Index Name": "orders_pkey","Relation Name": "orders","Alias": "orders","Startup Cost": 0.43,"Total Cost": 0.47,"Plan Rows": 1,"Plan Width": 8,"Actual Startup Time": 0.009,"Actual Total Time": 0.009,"Actual Rows": 1,"Actual Loops": 333310,"Index Cond": "(o_orderkey = lineitem.l_orderkey)","Rows Removed by Index Recheck": 0,"Workers": []}]},{"Node Type": "Hash","Parent Relationship": "Inner","Parallel Aware": false,"Async Capable": false,"Startup Cost": 1.25,"Total Cost": 1.25,"Plan Rows": 25,"Plan Width": 108,"Actual Startup Time": 0.090,"Actual Total Time": 0.098,"Actual Rows": 25,"Actual Loops": 4,"Hash Buckets": 1024,"Original Hash Buckets": 1024,"Hash Batches": 1,"Original Hash Batches": 1,"Peak Memory Usage": 10,"Workers": [],"Plans": [{"Node Type": "Seq Scan","Parent Relationship": "Outer","Parallel Aware": false,"Async Capable": false,"Relation Name": "nation","Alias": "nation","Startup Cost": 0.00,"Total Cost": 1.25,"Plan Rows": 25,"Plan Width": 108,"Actual Startup Time": 0.055,"Actual Total Time": 0.063,"Actual Rows": 25,"Actual Loops": 4,"Workers": []}]}]}]}]}]}]},"Planning Time": 12.548,"Triggers": [],"Execution Time": 1876.920}]
[{"Plan": {"Node Type": "Aggregate","Strategy": "Sorted","Partial Mode": "Finalize","Parallel Aware": false,"Async Capable": false,"Startup Cost": 47355.08,"Total Cost": 47374.71,"Plan Rows": 146,"Plan Width": 168,"Actual Startup Time": 2404.605,"Actual Total Time": 2527.805,"Actual Rows": 175,"Actual Loops": 1,"Group Key": ["nation.n_name", "(EXTRACT(year FROM orders.o_orderdate))"],"Plans": [{"Node Type": "Gather Merge","Parent Relationship": "Outer","Parallel Aware": false,"Async Capable": false,"Startup Cost": 47355.08,"Total Cost": 47371.30,"Plan Rows": 122,"Plan Width": 168,"Actual Startup Time": 2403.138,"Actual Total Time": 2527.319,"Actual Rows": 525,"Actual Loops": 1,"Workers Planned": 2,"Workers Launched": 2,"Plans": [{"Node Type": "Aggregate","Strategy": "Sorted","Partial Mode": "Partial","Parent Relationship": "Outer","Parallel Aware": false,"Async Capable": false,"Startup Cost": 46355.06,"Total Cost": 46357.20,"Plan Rows": 61,"Plan Width": 168,"Actual Startup Time": 2302.951,"Actual Total Time": 2432.173,"Actual Rows": 175,"Actual Loops": 3,"Group Key": ["nation.n_name", "(EXTRACT(year FROM orders.o_orderdate))"],"Workers": [],"Plans": [{"Node Type": "Sort","Parent Relationship": "Outer","Parallel Aware": false,"Async Capable": false,"Startup Cost": 46355.06,"Total Cost": 46355.21,"Plan Rows": 61,"Plan Width": 159,"Actual Startup Time": 2302.357,"Actual Total Time": 2345.718,"Actual Rows": 106809,"Actual Loops": 3,"Sort Key": ["nation.n_name", "(EXTRACT(year FROM orders.o_orderdate)) DESC"],"Sort Method": "quicksort","Sort Space Used": 13531,"Sort Space Type": "Memory","Workers": [{"Worker Number": 0,"Sort Method": "quicksort","Sort Space Used": 13799,"Sort Space Type": "Memory"},{"Worker Number": 1,"Sort Method": "quicksort","Sort Space Used": 13795,"Sort Space Type": "Memory"}],"Plans": [{"Node Type": "Hash Join","Parent Relationship": "Outer","Parallel Aware": false,"Async Capable": false,"Join Type": "Inner","Startup Cost": 3.13,"Total Cost": 46353.25,"Plan Rows": 61,"Plan Width": 159,"Actual Startup Time": 0.694,"Actual Total Time": 2145.911,"Actual Rows": 106809,"Actual Loops": 3,"Inner Unique": true,"Hash Cond": "(supplier.s_nationkey = nation.n_nationkey)","Workers": [],"Plans": [{"Node Type": "Nested Loop","Parent Relationship": "Outer","Parallel Aware": false,"Async Capable": false,"Join Type": "Inner","Startup Cost": 1.57,"Total Cost": 46351.35,"Plan Rows": 61,"Plan Width": 31,"Actual Startup Time": 0.511,"Actual Total Time": 2114.024,"Actual Rows": 106809,"Actual Loops": 3,"Inner Unique": true,"Workers": [],"Plans": [{"Node Type": "Nested Loop","Parent Relationship": "Outer","Parallel Aware": false,"Async Capable": false,"Join Type": "Inner","Startup Cost": 1.14,"Total Cost": 46322.98,"Plan Rows": 61,"Plan Width": 31,"Actual Startup Time": 0.389,"Actual Total Time": 980.444,"Actual Rows": 106809,"Actual Loops": 3,"Inner Unique": true,"Workers": [],"Plans": [{"Node Type": "Nested Loop","Parent Relationship": "Outer","Parallel Aware": false,"Async Capable": false,"Join Type": "Inner","Startup Cost": 0.86,"Total Cost": 46304.52,"Plan Rows": 61,"Plan Width": 35,"Actual Startup Time": 0.284,"Actual Total Time": 798.622,"Actual Rows": 106809,"Actual Loops": 3,"Inner Unique": false,"Workers": [],"Plans": [{"Node Type": "Nested Loop","Parent Relationship": "Outer","Parallel Aware": false,"Async Capable": false,"Join Type": "Inner","Startup Cost": 0.42,"Total Cost": 24846.16,"Plan Rows": 20202,"Plan Width": 18,"Actual Startup Time": 0.182,"Actual Total Time": 118.700,"Actual Rows": 14209,"Actual Loops": 3,"Inner Unique": false,"Workers": [],"Plans": [{"Node Type": "Seq Scan","Parent Relationship": "Outer","Parallel Aware": true,"Async Capable": false,"Relation Name": "part","Alias": "part","Startup Cost": 0.00,"Total Cost": 5138.67,"Plan Rows": 5051,"Plan Width": 4,"Actual Startup Time": 0.045,"Actual Total Time": 51.825,"Actual Rows": 3552,"Actual Loops": 3,"Filter": "((p_name)::text ~~ '%indian%'::text)","Rows Removed by Filter": 63114,"Workers": []},{"Node Type": "Index Scan","Parent Relationship": "Inner","Parallel Aware": false,"Async Capable": false,"Scan Direction": "Forward","Index Name": "idx_partsupp_partkey","Relation Name": "partsupp","Alias": "partsupp","Startup Cost": 0.42,"Total Cost": 3.86,"Plan Rows": 4,"Plan Width": 14,"Actual Startup Time": 0.014,"Actual Total Time": 0.018,"Actual Rows": 4,"Actual Loops": 10657,"Index Cond": "(ps_partkey = part.p_partkey)","Rows Removed by Index Recheck": 0,"Workers": []}]},{"Node Type": "Index Scan","Parent Relationship": "Inner","Parallel Aware": false,"Async Capable": false,"Scan Direction": "Forward","Index Name": "idx_lineitem_part_supp","Relation Name": "lineitem","Alias": "lineitem","Startup Cost": 0.43,"Total Cost": 1.05,"Plan Rows": 1,"Plan Width": 29,"Actual Startup Time": 0.007,"Actual Total Time": 0.046,"Actual Rows": 8,"Actual Loops": 42628,"Index Cond": "((l_partkey = partsupp.ps_partkey) AND (l_suppkey = partsupp.ps_suppkey))","Rows Removed by Index Recheck": 0,"Workers": []}]},{"Node Type": "Index Scan","Parent Relationship": "Inner","Parallel Aware": false,"Async Capable": false,"Scan Direction": "Forward","Index Name": "supplier_pkey","Relation Name": "supplier","Alias": "supplier","Startup Cost": 0.29,"Total Cost": 0.30,"Plan Rows": 1,"Plan Width": 8,"Actual Startup Time": 0.001,"Actual Total Time": 0.001,"Actual Rows": 1,"Actual Loops": 320428,"Index Cond": "(s_suppkey = lineitem.l_suppkey)","Rows Removed by Index Recheck": 0,"Workers": []}]},{"Node Type": "Index Scan","Parent Relationship": "Inner","Parallel Aware": false,"Async Capable": false,"Scan Direction": "Forward","Index Name": "orders_pkey","Relation Name": "orders","Alias": "orders","Startup Cost": 0.43,"Total Cost": 0.47,"Plan Rows": 1,"Plan Width": 8,"Actual Startup Time": 0.010,"Actual Total Time": 0.010,"Actual Rows": 1,"Actual Loops": 320428,"Index Cond": "(o_orderkey = lineitem.l_orderkey)","Rows Removed by Index Recheck": 0,"Workers": []}]},{"Node Type": "Hash","Parent Relationship": "Inner","Parallel Aware": false,"Async Capable": false,"Startup Cost": 1.25,"Total Cost": 1.25,"Plan Rows": 25,"Plan Width": 108,"Actual Startup Time": 0.073,"Actual Total Time": 0.081,"Actual Rows": 25,"Actual Loops": 3,"Hash Buckets": 1024,"Original Hash Buckets": 1024,"Hash Batches": 1,"Original Hash Batches": 1,"Peak Memory Usage": 10,"Workers": [],"Plans": [{"Node Type": "Seq Scan","Parent Relationship": "Outer","Parallel Aware": false,"Async Capable": false,"Relation Name": "nation","Alias": "nation","Startup Cost": 0.00,"Total Cost": 1.25,"Plan Rows": 25,"Plan Width": 108,"Actual Startup Time": 0.045,"Actual Total Time": 0.050,"Actual Rows": 25,"Actual Loops": 3,"Workers": []}]}]}]}]}]}]},"Planning Time": 12.602,"Triggers": [],"Execution Time": 2529.440}]
[{"Plan": {"Node Type": "Aggregate","Strategy": "Sorted","Partial Mode": "Finalize","Parallel Aware": false,"Async Capable": false,"Startup Cost": 51920.12,"Total Cost": 51953.05,"Plan Rows": 219,"Plan Width": 168,"Actual Startup Time": 1736.886,"Actual Total Time": 1886.803,"Actual Rows": 175,"Actual Loops": 1,"Group Key": ["nation.n_name", "(EXTRACT(year FROM orders.o_orderdate))"],"Plans": [{"Node Type": "Gather Merge","Parent Relationship": "Outer","Parallel Aware": false,"Async Capable": false,"Startup Cost": 51920.12,"Total Cost": 51947.63,"Plan Rows": 213,"Plan Width": 168,"Actual Startup Time": 1734.752,"Actual Total Time": 1886.193,"Actual Rows": 700,"Actual Loops": 1,"Workers Planned": 3,"Workers Launched": 3,"Plans": [{"Node Type": "Aggregate","Strategy": "Sorted","Partial Mode": "Partial","Parent Relationship": "Outer","Parallel Aware": false,"Async Capable": false,"Startup Cost": 50920.08,"Total Cost": 50922.56,"Plan Rows": 71,"Plan Width": 168,"Actual Startup Time": 1652.291,"Actual Total Time": 1749.811,"Actual Rows": 175,"Actual Loops": 4,"Group Key": ["nation.n_name", "(EXTRACT(year FROM orders.o_orderdate))"],"Workers": [],"Plans": [{"Node Type": "Sort","Parent Relationship": "Outer","Parallel Aware": false,"Async Capable": false,"Startup Cost": 50920.08,"Total Cost": 50920.26,"Plan Rows": 71,"Plan Width": 159,"Actual Startup Time": 1651.742,"Actual Total Time": 1686.315,"Actual Rows": 81570,"Actual Loops": 4,"Sort Key": ["nation.n_name", "(EXTRACT(year FROM orders.o_orderdate)) DESC"],"Sort Method": "quicksort","Sort Space Used": 11359,"Sort Space Type": "Memory","Workers": [{"Worker Number": 0,"Sort Method": "quicksort","Sort Space Used": 11284,"Sort Space Type": "Memory"},{"Worker Number": 1,"Sort Method": "quicksort","Sort Space Used": 11074,"Sort Space Type": "Memory"},{"Worker Number": 2,"Sort Method": "quicksort","Sort Space Used": 11060,"Sort Space Type": "Memory"}],"Plans": [{"Node Type": "Hash Join","Parent Relationship": "Outer","Parallel Aware": false,"Async Capable": false,"Join Type": "Inner","Startup Cost": 5236.07,"Total Cost": 50917.89,"Plan Rows": 71,"Plan Width": 159,"Actual Startup Time": 23.416,"Actual Total Time": 1550.954,"Actual Rows": 81570,"Actual Loops": 4,"Inner Unique": true,"Hash Cond": "(supplier.s_nationkey = nation.n_nationkey)","Workers": [],"Plans": [{"Node Type": "Nested Loop","Parent Relationship": "Outer","Parallel Aware": false,"Async Capable": false,"Join Type": "Inner","Startup Cost": 5234.51,"Total Cost": 50915.94,"Plan Rows": 71,"Plan Width": 31,"Actual Startup Time": 23.259,"Actual Total Time": 1527.695,"Actual Rows": 81570,"Actual Loops": 4,"Inner Unique": true,"Workers": [],"Plans": [{"Node Type": "Nested Loop","Parent Relationship": "Outer","Parallel Aware": false,"Async Capable": false,"Join Type": "Inner","Startup Cost": 5234.08,"Total Cost": 50882.91,"Plan Rows": 71,"Plan Width": 31,"Actual Startup Time": 23.189,"Actual Total Time": 798.846,"Actual Rows": 81570,"Actual Loops": 4,"Inner Unique": true,"Workers": [],"Plans": [{"Node Type": "Nested Loop","Parent Relationship": "Outer","Parallel Aware": false,"Async Capable": false,"Join Type": "Inner","Startup Cost": 5233.80,"Total Cost": 50861.42,"Plan Rows": 71,"Plan Width": 35,"Actual Startup Time": 23.135,"Actual Total Time": 661.971,"Actual Rows": 81570,"Actual Loops": 4,"Inner Unique": false,"Workers": [],"Plans": [{"Node Type": "Hash Join","Parent Relationship": "Outer","Parallel Aware": true,"Async Capable": false,"Join Type": "Inner","Startup Cost": 5233.37,"Total Cost": 25942.44,"Plan Rows": 23460,"Plan Width": 18,"Actual Startup Time": 23.069,"Actual Total Time": 203.690,"Actual Rows": 10893,"Actual Loops": 4,"Inner Unique": true,"Hash Cond": "(partsupp.ps_partkey = part.p_partkey)","Workers": [],"Plans": [{"Node Type": "Seq Scan","Parent Relationship": "Outer","Parallel Aware": true,"Async Capable": false,"Relation Name": "partsupp","Alias": "partsupp","Startup Cost": 0.00,"Total Cost": 20031.65,"Plan Rows": 258065,"Plan Width": 14,"Actual Startup Time": 0.019,"Actual Total Time": 42.732,"Actual Rows": 200000,"Actual Loops": 4,"Workers": []},{"Node Type": "Hash","Parent Relationship": "Inner","Parallel Aware": true,"Async Capable": false,"Startup Cost": 5138.67,"Total Cost": 5138.67,"Plan Rows": 7576,"Plan Width": 4,"Actual Startup Time": 22.827,"Actual Total Time": 22.842,"Actual Rows": 2723,"Actual Loops": 4,"Hash Buckets": 32768,"Original Hash Buckets": 32768,"Hash Batches": 1,"Original Hash Batches": 1,"Peak Memory Usage": 736,"Workers": [],"Plans": [{"Node Type": "Seq Scan","Parent Relationship": "Outer","Parallel Aware": true,"Async Capable": false,"Relation Name": "part","Alias": "part","Startup Cost": 0.00,"Total Cost": 5138.67,"Plan Rows": 7576,"Plan Width": 4,"Actual Startup Time": 0.046,"Actual Total Time": 21.008,"Actual Rows": 2723,"Actual Loops": 4,"Filter": "((p_name)::text ~~ '%lemon%'::text)","Rows Removed by Filter": 47277,"Workers": []}]}]},{"Node Type": "Index Scan","Parent Relationship": "Inner","Parallel Aware": false,"Async Capable": false,"Scan Direction": "Forward","Index Name": "idx_lineitem_part_supp","Relation Name": "lineitem","Alias": "lineitem","Startup Cost": 0.43,"Total Cost": 1.05,"Plan Rows": 1,"Plan Width": 29,"Actual Startup Time": 0.006,"Actual Total Time": 0.041,"Actual Rows": 7,"Actual Loops": 43572,"Index Cond": "((l_partkey = partsupp.ps_partkey) AND (l_suppkey = partsupp.ps_suppkey))","Rows Removed by Index Recheck": 0,"Workers": []}]},{"Node Type": "Index Scan","Parent Relationship": "Inner","Parallel Aware": false,"Async Capable": false,"Scan Direction": "Forward","Index Name": "supplier_pkey","Relation Name": "supplier","Alias": "supplier","Startup Cost": 0.29,"Total Cost": 0.30,"Plan Rows": 1,"Plan Width": 8,"Actual Startup Time": 0.001,"Actual Total Time": 0.001,"Actual Rows": 1,"Actual Loops": 326278,"Index Cond": "(s_suppkey = lineitem.l_suppkey)","Rows Removed by Index Recheck": 0,"Workers": []}]},{"Node Type": "Index Scan","Parent Relationship": "Inner","Parallel Aware": false,"Async Capable": false,"Scan Direction": "Forward","Index Name": "orders_pkey","Relation Name": "orders","Alias": "orders","Startup Cost": 0.43,"Total Cost": 0.47,"Plan Rows": 1,"Plan Width": 8,"Actual Startup Time": 0.009,"Actual Total Time": 0.009,"Actual Rows": 1,"Actual Loops": 326278,"Index Cond": "(o_orderkey = lineitem.l_orderkey)","Rows Removed by Index Recheck": 0,"Workers": []}]},{"Node Type": "Hash","Parent Relationship": "Inner","Parallel Aware": false,"Async Capable": false,"Startup Cost": 1.25,"Total Cost": 1.25,"Plan Rows": 25,"Plan Width": 108,"Actual Startup Time": 0.065,"Actual Total Time": 0.072,"Actual Rows": 25,"Actual Loops": 4,"Hash Buckets": 1024,"Original Hash Buckets": 1024,"Hash Batches": 1,"Original Hash Batches": 1,"Peak Memory Usage": 10,"Workers": [],"Plans": [{"Node Type": "Seq Scan","Parent Relationship": "Outer","Parallel Aware": false,"Async Capable": false,"Relation Name": "nation","Alias": "nation","Startup Cost": 0.00,"Total Cost": 1.25,"Plan Rows": 25,"Plan Width": 108,"Actual Startup Time": 0.043,"Actual Total Time": 0.049,"Actual Rows": 25,"Actual Loops": 4,"Workers": []}]}]}]}]}]}]},"Planning Time": 13.208,"Triggers": [],"Execution Time": 1890.767}]
[{"Plan": {"Node Type": "Aggregate","Strategy": "Sorted","Partial Mode": "Finalize","Parallel Aware": false,"Async Capable": false,"Startup Cost": 46348.90,"Total Cost": 46374.41,"Plan Rows": 170,"Plan Width": 168,"Actual Startup Time": 1757.899,"Actual Total Time": 1871.868,"Actual Rows": 175,"Actual Loops": 1,"Group Key": ["nation.n_name", "(EXTRACT(year FROM orders.o_orderdate))"],"Plans": [{"Node Type": "Gather Merge","Parent Relationship": "Outer","Parallel Aware": false,"Async Capable": false,"Startup Cost": 46348.90,"Total Cost": 46370.21,"Plan Rows": 165,"Plan Width": 168,"Actual Startup Time": 1756.503,"Actual Total Time": 1871.427,"Actual Rows": 700,"Actual Loops": 1,"Workers Planned": 3,"Workers Launched": 3,"Plans": [{"Node Type": "Aggregate","Strategy": "Sorted","Partial Mode": "Partial","Parent Relationship": "Outer","Parallel Aware": false,"Async Capable": false,"Startup Cost": 45348.86,"Total Cost": 45350.79,"Plan Rows": 55,"Plan Width": 168,"Actual Startup Time": 1668.919,"Actual Total Time": 1766.305,"Actual Rows": 175,"Actual Loops": 4,"Group Key": ["nation.n_name", "(EXTRACT(year FROM orders.o_orderdate))"],"Workers": [],"Plans": [{"Node Type": "Sort","Parent Relationship": "Outer","Parallel Aware": false,"Async Capable": false,"Startup Cost": 45348.86,"Total Cost": 45349.00,"Plan Rows": 55,"Plan Width": 159,"Actual Startup Time": 1668.444,"Actual Total Time": 1703.145,"Actual Rows": 83038,"Actual Loops": 4,"Sort Key": ["nation.n_name", "(EXTRACT(year FROM orders.o_orderdate)) DESC"],"Sort Method": "quicksort","Sort Space Used": 11548,"Sort Space Type": "Memory","Workers": [{"Worker Number": 0,"Sort Method": "quicksort","Sort Space Used": 11418,"Sort Space Type": "Memory"},{"Worker Number": 1,"Sort Method": "quicksort","Sort Space Used": 11149,"Sort Space Type": "Memory"},{"Worker Number": 2,"Sort Method": "quicksort","Sort Space Used": 11246,"Sort Space Type": "Memory"}],"Plans": [{"Node Type": "Hash Join","Parent Relationship": "Outer","Parallel Aware": false,"Async Capable": false,"Join Type": "Inner","Startup Cost": 5215.02,"Total Cost": 45347.27,"Plan Rows": 55,"Plan Width": 159,"Actual Startup Time": 21.688,"Actual Total Time": 1565.255,"Actual Rows": 83038,"Actual Loops": 4,"Inner Unique": true,"Hash Cond": "(supplier.s_nationkey = nation.n_nationkey)","Workers": [],"Plans": [{"Node Type": "Nested Loop","Parent Relationship": "Outer","Parallel Aware": false,"Async Capable": false,"Join Type": "Inner","Startup Cost": 5213.46,"Total Cost": 45345.40,"Plan Rows": 55,"Plan Width": 31,"Actual Startup Time": 21.499,"Actual Total Time": 1541.205,"Actual Rows": 83038,"Actual Loops": 4,"Inner Unique": true,"Workers": [],"Plans": [{"Node Type": "Nested Loop","Parent Relationship": "Outer","Parallel Aware": false,"Async Capable": false,"Join Type": "Inner","Startup Cost": 5213.03,"Total Cost": 45319.82,"Plan Rows": 55,"Plan Width": 31,"Actual Startup Time": 21.433,"Actual Total Time": 798.756,"Actual Rows": 83038,"Actual Loops": 4,"Inner Unique": true,"Workers": [],"Plans": [{"Node Type": "Nested Loop","Parent Relationship": "Outer","Parallel Aware": false,"Async Capable": false,"Join Type": "Inner","Startup Cost": 5212.75,"Total Cost": 45303.17,"Plan Rows": 55,"Plan Width": 35,"Actual Startup Time": 21.394,"Actual Total Time": 659.573,"Actual Rows": 83038,"Actual Loops": 4,"Inner Unique": false,"Workers": [],"Plans": [{"Node Type": "Hash Join","Parent Relationship": "Outer","Parallel Aware": true,"Async Capable": false,"Join Type": "Inner","Startup Cost": 5212.32,"Total Cost": 25921.39,"Plan Rows": 18247,"Plan Width": 18,"Actual Startup Time": 21.331,"Actual Total Time": 195.916,"Actual Rows": 11075,"Actual Loops": 4,"Inner Unique": true,"Hash Cond": "(partsupp.ps_partkey = part.p_partkey)","Workers": [],"Plans": [{"Node Type": "Seq Scan","Parent Relationship": "Outer","Parallel Aware": true,"Async Capable": false,"Relation Name": "partsupp","Alias": "partsupp","Startup Cost": 0.00,"Total Cost": 20031.65,"Plan Rows": 258065,"Plan Width": 14,"Actual Startup Time": 0.015,"Actual Total Time": 42.252,"Actual Rows": 200000,"Actual Loops": 4,"Workers": []},{"Node Type": "Hash","Parent Relationship": "Inner","Parallel Aware": true,"Async Capable": false,"Startup Cost": 5138.67,"Total Cost": 5138.67,"Plan Rows": 5892,"Plan Width": 4,"Actual Startup Time": 21.111,"Actual Total Time": 21.124,"Actual Rows": 2769,"Actual Loops": 4,"Hash Buckets": 16384,"Original Hash Buckets": 16384,"Hash Batches": 1,"Original Hash Batches": 1,"Peak Memory Usage": 608,"Workers": [],"Plans": [{"Node Type": "Seq Scan","Parent Relationship": "Outer","Parallel Aware": true,"Async Capable": false,"Relation Name": "part","Alias": "part","Startup Cost": 0.00,"Total Cost": 5138.67,"Plan Rows": 5892,"Plan Width": 4,"Actual Startup Time": 0.069,"Actual Total Time": 19.514,"Actual Rows": 2769,"Actual Loops": 4,"Filter": "((p_name)::text ~~ '%tan%'::text)","Rows Removed by Filter": 47231,"Workers": []}]}]},{"Node Type": "Index Scan","Parent Relationship": "Inner","Parallel Aware": false,"Async Capable": false,"Scan Direction": "Forward","Index Name": "idx_lineitem_part_supp","Relation Name": "lineitem","Alias": "lineitem","Startup Cost": 0.43,"Total Cost": 1.05,"Plan Rows": 1,"Plan Width": 29,"Actual Startup Time": 0.006,"Actual Total Time": 0.040,"Actual Rows": 7,"Actual Loops": 44300,"Index Cond": "((l_partkey = partsupp.ps_partkey) AND (l_suppkey = partsupp.ps_suppkey))","Rows Removed by Index Recheck": 0,"Workers": []}]},{"Node Type": "Index Scan","Parent Relationship": "Inner","Parallel Aware": false,"Async Capable": false,"Scan Direction": "Forward","Index Name": "supplier_pkey","Relation Name": "supplier","Alias": "supplier","Startup Cost": 0.29,"Total Cost": 0.30,"Plan Rows": 1,"Plan Width": 8,"Actual Startup Time": 0.001,"Actual Total Time": 0.001,"Actual Rows": 1,"Actual Loops": 332152,"Index Cond": "(s_suppkey = lineitem.l_suppkey)","Rows Removed by Index Recheck": 0,"Workers": []}]},{"Node Type": "Index Scan","Parent Relationship": "Inner","Parallel Aware": false,"Async Capable": false,"Scan Direction": "Forward","Index Name": "orders_pkey","Relation Name": "orders","Alias": "orders","Startup Cost": 0.43,"Total Cost": 0.47,"Plan Rows": 1,"Plan Width": 8,"Actual Startup Time": 0.009,"Actual Total Time": 0.009,"Actual Rows": 1,"Actual Loops": 332152,"Index Cond": "(o_orderkey = lineitem.l_orderkey)","Rows Removed by Index Recheck": 0,"Workers": []}]},{"Node Type": "Hash","Parent Relationship": "Inner","Parallel Aware": false,"Async Capable": false,"Startup Cost": 1.25,"Total Cost": 1.25,"Plan Rows": 25,"Plan Width": 108,"Actual Startup Time": 0.081,"Actual Total Time": 0.088,"Actual Rows": 25,"Actual Loops": 4,"Hash Buckets": 1024,"Original Hash Buckets": 1024,"Hash Batches": 1,"Original Hash Batches": 1,"Peak Memory Usage": 10,"Workers": [],"Plans": [{"Node Type": "Seq Scan","Parent Relationship": "Outer","Parallel Aware": false,"Async Capable": false,"Relation Name": "nation","Alias": "nation","Startup Cost": 0.00,"Total Cost": 1.25,"Plan Rows": 25,"Plan Width": 108,"Actual Startup Time": 0.052,"Actual Total Time": 0.059,"Actual Rows": 25,"Actual Loops": 4,"Workers": []}]}]}]}]}]}]},"Planning Time": 11.717,"Triggers": [],"Execution Time": 1872.853}]
[{"Plan": {"Node Type": "Aggregate","Strategy": "Sorted","Partial Mode": "Finalize","Parallel Aware": false,"Async Capable": false,"Startup Cost": 35224.41,"Total Cost": 35237.30,"Plan Rows": 97,"Plan Width": 168,"Actual Startup Time": 2411.970,"Actual Total Time": 2542.231,"Actual Rows": 175,"Actual Loops": 1,"Group Key": ["nation.n_name", "(EXTRACT(year FROM orders.o_orderdate))"],"Plans": [{"Node Type": "Gather Merge","Parent Relationship": "Outer","Parallel Aware": false,"Async Capable": false,"Startup Cost": 35224.41,"Total Cost": 35235.05,"Plan Rows": 80,"Plan Width": 168,"Actual Startup Time": 2410.474,"Actual Total Time": 2541.844,"Actual Rows": 525,"Actual Loops": 1,"Workers Planned": 2,"Workers Launched": 2,"Plans": [{"Node Type": "Aggregate","Strategy": "Sorted","Partial Mode": "Partial","Parent Relationship": "Outer","Parallel Aware": false,"Async Capable": false,"Startup Cost": 34224.39,"Total Cost": 34225.79,"Plan Rows": 40,"Plan Width": 168,"Actual Startup Time": 2320.435,"Actual Total Time": 2432.397,"Actual Rows": 175,"Actual Loops": 3,"Group Key": ["nation.n_name", "(EXTRACT(year FROM orders.o_orderdate))"],"Workers": [],"Plans": [{"Node Type": "Sort","Parent Relationship": "Outer","Parallel Aware": false,"Async Capable": false,"Startup Cost": 34224.39,"Total Cost": 34224.49,"Plan Rows": 40,"Plan Width": 159,"Actual Startup Time": 2319.894,"Actual Total Time": 2355.791,"Actual Rows": 108368,"Actual Loops": 3,"Sort Key": ["nation.n_name", "(EXTRACT(year FROM orders.o_orderdate)) DESC"],"Sort Method": "quicksort","Sort Space Used": 13552,"Sort Space Type": "Memory","Workers": [{"Worker Number": 0,"Sort Method": "quicksort","Sort Space Used": 13515,"Sort Space Type": "Memory"},{"Worker Number": 1,"Sort Method": "quicksort","Sort Space Used": 14525,"Sort Space Type": "Memory"}],"Plans": [{"Node Type": "Hash Join","Parent Relationship": "Outer","Parallel Aware": false,"Async Capable": false,"Join Type": "Inner","Startup Cost": 3.13,"Total Cost": 34223.32,"Plan Rows": 40,"Plan Width": 159,"Actual Startup Time": 0.613,"Actual Total Time": 2175.485,"Actual Rows": 108368,"Actual Loops": 3,"Inner Unique": true,"Hash Cond": "(supplier.s_nationkey = nation.n_nationkey)","Workers": [],"Plans": [{"Node Type": "Nested Loop","Parent Relationship": "Outer","Parallel Aware": false,"Async Capable": false,"Join Type": "Inner","Startup Cost": 1.57,"Total Cost": 34221.53,"Plan Rows": 40,"Plan Width": 31,"Actual Startup Time": 0.446,"Actual Total Time": 2144.696,"Actual Rows": 108368,"Actual Loops": 3,"Inner Unique": true,"Workers": [],"Plans": [{"Node Type": "Nested Loop","Parent Relationship": "Outer","Parallel Aware": false,"Async Capable": false,"Join Type": "Inner","Startup Cost": 1.14,"Total Cost": 34202.93,"Plan Rows": 40,"Plan Width": 31,"Actual Startup Time": 0.336,"Actual Total Time": 1000.816,"Actual Rows": 108368,"Actual Loops": 3,"Inner Unique": true,"Workers": [],"Plans": [{"Node Type": "Nested Loop","Parent Relationship": "Outer","Parallel Aware": false,"Async Capable": false,"Join Type": "Inner","Startup Cost": 0.86,"Total Cost": 34190.82,"Plan Rows": 40,"Plan Width": 35,"Actual Startup Time": 0.253,"Actual Total Time": 815.957,"Actual Rows": 108368,"Actual Loops": 3,"Inner Unique": false,"Workers": [],"Plans": [{"Node Type": "Nested Loop","Parent Relationship": "Outer","Parallel Aware": false,"Async Capable": false,"Join Type": "Inner","Startup Cost": 0.42,"Total Cost": 19885.25,"Plan Rows": 13468,"Plan Width": 18,"Actual Startup Time": 0.137,"Actual Total Time": 114.142,"Actual Rows": 14429,"Actual Loops": 3,"Inner Unique": false,"Workers": [],"Plans": [{"Node Type": "Seq Scan","Parent Relationship": "Outer","Parallel Aware": true,"Async Capable": false,"Relation Name": "part","Alias": "part","Startup Cost": 0.00,"Total Cost": 5138.67,"Plan Rows": 3367,"Plan Width": 4,"Actual Startup Time": 0.039,"Actual Total Time": 49.163,"Actual Rows": 3607,"Actual Loops": 3,"Filter": "((p_name)::text ~~ '%slate%'::text)","Rows Removed by Filter": 63059,"Workers": []},{"Node Type": "Index Scan","Parent Relationship": "Inner","Parallel Aware": false,"Async Capable": false,"Scan Direction": "Forward","Index Name": "idx_partsupp_partkey","Relation Name": "partsupp","Alias": "partsupp","Startup Cost": 0.42,"Total Cost": 4.34,"Plan Rows": 4,"Plan Width": 14,"Actual Startup Time": 0.014,"Actual Total Time": 0.017,"Actual Rows": 4,"Actual Loops": 10822,"Index Cond": "(ps_partkey = part.p_partkey)","Rows Removed by Index Recheck": 0,"Workers": []}]},{"Node Type": "Index Scan","Parent Relationship": "Inner","Parallel Aware": false,"Async Capable": false,"Scan Direction": "Forward","Index Name": "idx_lineitem_part_supp","Relation Name": "lineitem","Alias": "lineitem","Startup Cost": 0.43,"Total Cost": 1.05,"Plan Rows": 1,"Plan Width": 29,"Actual Startup Time": 0.007,"Actual Total Time": 0.047,"Actual Rows": 8,"Actual Loops": 43288,"Index Cond": "((l_partkey = partsupp.ps_partkey) AND (l_suppkey = partsupp.ps_suppkey))","Rows Removed by Index Recheck": 0,"Workers": []}]},{"Node Type": "Index Scan","Parent Relationship": "Inner","Parallel Aware": false,"Async Capable": false,"Scan Direction": "Forward","Index Name": "supplier_pkey","Relation Name": "supplier","Alias": "supplier","Startup Cost": 0.29,"Total Cost": 0.30,"Plan Rows": 1,"Plan Width": 8,"Actual Startup Time": 0.001,"Actual Total Time": 0.001,"Actual Rows": 1,"Actual Loops": 325104,"Index Cond": "(s_suppkey = lineitem.l_suppkey)","Rows Removed by Index Recheck": 0,"Workers": []}]},{"Node Type": "Index Scan","Parent Relationship": "Inner","Parallel Aware": false,"Async Capable": false,"Scan Direction": "Forward","Index Name": "orders_pkey","Relation Name": "orders","Alias": "orders","Startup Cost": 0.43,"Total Cost": 0.47,"Plan Rows": 1,"Plan Width": 8,"Actual Startup Time": 0.010,"Actual Total Time": 0.010,"Actual Rows": 1,"Actual Loops": 325104,"Index Cond": "(o_orderkey = lineitem.l_orderkey)","Rows Removed by Index Recheck": 0,"Workers": []}]},{"Node Type": "Hash","Parent Relationship": "Inner","Parallel Aware": false,"Async Capable": false,"Startup Cost": 1.25,"Total Cost": 1.25,"Plan Rows": 25,"Plan Width": 108,"Actual Startup Time": 0.075,"Actual Total Time": 0.082,"Actual Rows": 25,"Actual Loops": 3,"Hash Buckets": 1024,"Original Hash Buckets": 1024,"Hash Batches": 1,"Original Hash Batches": 1,"Peak Memory Usage": 10,"Workers": [],"Plans": [{"Node Type": "Seq Scan","Parent Relationship": "Outer","Parallel Aware": false,"Async Capable": false,"Relation Name": "nation","Alias": "nation","Startup Cost": 0.00,"Total Cost": 1.25,"Plan Rows": 25,"Plan Width": 108,"Actual Startup Time": 0.049,"Actual Total Time": 0.055,"Actual Rows": 25,"Actual Loops": 3,"Workers": []}]}]}]}]}]}]},"Planning Time": 12.486,"Triggers": [],"Execution Time": 2545.219}]
[{"Plan": {"Node Type": "Aggregate","Strategy": "Sorted","Partial Mode": "Finalize","Parallel Aware": false,"Async Capable": false,"Startup Cost": 47355.08,"Total Cost": 47374.71,"Plan Rows": 146,"Plan Width": 168,"Actual Startup Time": 2443.289,"Actual Total Time": 2646.846,"Actual Rows": 175,"Actual Loops": 1,"Group Key": ["nation.n_name", "(EXTRACT(year FROM orders.o_orderdate))"],"Plans": [{"Node Type": "Gather Merge","Parent Relationship": "Outer","Parallel Aware": false,"Async Capable": false,"Startup Cost": 47355.08,"Total Cost": 47371.30,"Plan Rows": 122,"Plan Width": 168,"Actual Startup Time": 2441.379,"Actual Total Time": 2646.389,"Actual Rows": 525,"Actual Loops": 1,"Workers Planned": 2,"Workers Launched": 2,"Plans": [{"Node Type": "Aggregate","Strategy": "Sorted","Partial Mode": "Partial","Parent Relationship": "Outer","Parallel Aware": false,"Async Capable": false,"Startup Cost": 46355.06,"Total Cost": 46357.20,"Plan Rows": 61,"Plan Width": 168,"Actual Startup Time": 2344.628,"Actual Total Time": 2481.185,"Actual Rows": 175,"Actual Loops": 3,"Group Key": ["nation.n_name", "(EXTRACT(year FROM orders.o_orderdate))"],"Workers": [],"Plans": [{"Node Type": "Sort","Parent Relationship": "Outer","Parallel Aware": false,"Async Capable": false,"Startup Cost": 46355.06,"Total Cost": 46355.21,"Plan Rows": 61,"Plan Width": 159,"Actual Startup Time": 2343.975,"Actual Total Time": 2393.214,"Actual Rows": 108196,"Actual Loops": 3,"Sort Key": ["nation.n_name", "(EXTRACT(year FROM orders.o_orderdate)) DESC"],"Sort Method": "quicksort","Sort Space Used": 14440,"Sort Space Type": "Memory","Workers": [{"Worker Number": 0,"Sort Method": "quicksort","Sort Space Used": 13552,"Sort Space Type": "Memory"},{"Worker Number": 1,"Sort Method": "quicksort","Sort Space Used": 13546,"Sort Space Type": "Memory"}],"Plans": [{"Node Type": "Hash Join","Parent Relationship": "Outer","Parallel Aware": false,"Async Capable": false,"Join Type": "Inner","Startup Cost": 3.13,"Total Cost": 46353.25,"Plan Rows": 61,"Plan Width": 159,"Actual Startup Time": 0.737,"Actual Total Time": 2187.877,"Actual Rows": 108196,"Actual Loops": 3,"Inner Unique": true,"Hash Cond": "(supplier.s_nationkey = nation.n_nationkey)","Workers": [],"Plans": [{"Node Type": "Nested Loop","Parent Relationship": "Outer","Parallel Aware": false,"Async Capable": false,"Join Type": "Inner","Startup Cost": 1.57,"Total Cost": 46351.35,"Plan Rows": 61,"Plan Width": 31,"Actual Startup Time": 0.541,"Actual Total Time": 2156.168,"Actual Rows": 108196,"Actual Loops": 3,"Inner Unique": true,"Workers": [],"Plans": [{"Node Type": "Nested Loop","Parent Relationship": "Outer","Parallel Aware": false,"Async Capable": false,"Join Type": "Inner","Startup Cost": 1.14,"Total Cost": 46322.98,"Plan Rows": 61,"Plan Width": 31,"Actual Startup Time": 0.417,"Actual Total Time": 1004.407,"Actual Rows": 108196,"Actual Loops": 3,"Inner Unique": true,"Workers": [],"Plans": [{"Node Type": "Nested Loop","Parent Relationship": "Outer","Parallel Aware": false,"Async Capable": false,"Join Type": "Inner","Startup Cost": 0.86,"Total Cost": 46304.52,"Plan Rows": 61,"Plan Width": 35,"Actual Startup Time": 0.314,"Actual Total Time": 819.610,"Actual Rows": 108196,"Actual Loops": 3,"Inner Unique": false,"Workers": [],"Plans": [{"Node Type": "Nested Loop","Parent Relationship": "Outer","Parallel Aware": false,"Async Capable": false,"Join Type": "Inner","Startup Cost": 0.42,"Total Cost": 24846.16,"Plan Rows": 20202,"Plan Width": 18,"Actual Startup Time": 0.182,"Actual Total Time": 113.565,"Actual Rows": 14448,"Actual Loops": 3,"Inner Unique": false,"Workers": [],"Plans": [{"Node Type": "Seq Scan","Parent Relationship": "Outer","Parallel Aware": true,"Async Capable": false,"Relation Name": "part","Alias": "part","Startup Cost": 0.00,"Total Cost": 5138.67,"Plan Rows": 5051,"Plan Width": 4,"Actual Startup Time": 0.053,"Actual Total Time": 48.139,"Actual Rows": 3612,"Actual Loops": 3,"Filter": "((p_name)::text ~~ '%pale%'::text)","Rows Removed by Filter": 63055,"Workers": []},{"Node Type": "Index Scan","Parent Relationship": "Inner","Parallel Aware": false,"Async Capable": false,"Scan Direction": "Forward","Index Name": "idx_partsupp_partkey","Relation Name": "partsupp","Alias": "partsupp","Startup Cost": 0.42,"Total Cost": 3.86,"Plan Rows": 4,"Plan Width": 14,"Actual Startup Time": 0.014,"Actual Total Time": 0.017,"Actual Rows": 4,"Actual Loops": 10836,"Index Cond": "(ps_partkey = part.p_partkey)","Rows Removed by Index Recheck": 0,"Workers": []}]},{"Node Type": "Index Scan","Parent Relationship": "Inner","Parallel Aware": false,"Async Capable": false,"Scan Direction": "Forward","Index Name": "idx_lineitem_part_supp","Relation Name": "lineitem","Alias": "lineitem","Startup Cost": 0.43,"Total Cost": 1.05,"Plan Rows": 1,"Plan Width": 29,"Actual Startup Time": 0.007,"Actual Total Time": 0.047,"Actual Rows": 7,"Actual Loops": 43344,"Index Cond": "((l_partkey = partsupp.ps_partkey) AND (l_suppkey = partsupp.ps_suppkey))","Rows Removed by Index Recheck": 0,"Workers": []}]},{"Node Type": "Index Scan","Parent Relationship": "Inner","Parallel Aware": false,"Async Capable": false,"Scan Direction": "Forward","Index Name": "supplier_pkey","Relation Name": "supplier","Alias": "supplier","Startup Cost": 0.29,"Total Cost": 0.30,"Plan Rows": 1,"Plan Width": 8,"Actual Startup Time": 0.001,"Actual Total Time": 0.001,"Actual Rows": 1,"Actual Loops": 324587,"Index Cond": "(s_suppkey = lineitem.l_suppkey)","Rows Removed by Index Recheck": 0,"Workers": []}]},{"Node Type": "Index Scan","Parent Relationship": "Inner","Parallel Aware": false,"Async Capable": false,"Scan Direction": "Forward","Index Name": "orders_pkey","Relation Name": "orders","Alias": "orders","Startup Cost": 0.43,"Total Cost": 0.47,"Plan Rows": 1,"Plan Width": 8,"Actual Startup Time": 0.010,"Actual Total Time": 0.010,"Actual Rows": 1,"Actual Loops": 324587,"Index Cond": "(o_orderkey = lineitem.l_orderkey)","Rows Removed by Index Recheck": 0,"Workers": []}]},{"Node Type": "Hash","Parent Relationship": "Inner","Parallel Aware": false,"Async Capable": false,"Startup Cost": 1.25,"Total Cost": 1.25,"Plan Rows": 25,"Plan Width": 108,"Actual Startup Time": 0.093,"Actual Total Time": 0.102,"Actual Rows": 25,"Actual Loops": 3,"Hash Buckets": 1024,"Original Hash Buckets": 1024,"Hash Batches": 1,"Original Hash Batches": 1,"Peak Memory Usage": 10,"Workers": [],"Plans": [{"Node Type": "Seq Scan","Parent Relationship": "Outer","Parallel Aware": false,"Async Capable": false,"Relation Name": "nation","Alias": "nation","Startup Cost": 0.00,"Total Cost": 1.25,"Plan Rows": 25,"Plan Width": 108,"Actual Startup Time": 0.063,"Actual Total Time": 0.070,"Actual Rows": 25,"Actual Loops": 3,"Workers": []}]}]}]}]}]}]},"Planning Time": 11.644,"Triggers": [],"Execution Time": 2649.913}]
[{"Plan": {"Node Type": "Aggregate","Strategy": "Sorted","Partial Mode": "Finalize","Parallel Aware": false,"Async Capable": false,"Startup Cost": 49135.04,"Total Cost": 49164.27,"Plan Rows": 195,"Plan Width": 168,"Actual Startup Time": 1715.979,"Actual Total Time": 1840.844,"Actual Rows": 175,"Actual Loops": 1,"Group Key": ["nation.n_name", "(EXTRACT(year FROM orders.o_orderdate))"],"Plans": [{"Node Type": "Gather Merge","Parent Relationship": "Outer","Parallel Aware": false,"Async Capable": false,"Startup Cost": 49135.04,"Total Cost": 49159.45,"Plan Rows": 189,"Plan Width": 168,"Actual Startup Time": 1714.891,"Actual Total Time": 1840.259,"Actual Rows": 700,"Actual Loops": 1,"Workers Planned": 3,"Workers Launched": 3,"Plans": [{"Node Type": "Aggregate","Strategy": "Sorted","Partial Mode": "Partial","Parent Relationship": "Outer","Parallel Aware": false,"Async Capable": false,"Startup Cost": 48135.00,"Total Cost": 48137.21,"Plan Rows": 63,"Plan Width": 168,"Actual Startup Time": 1628.599,"Actual Total Time": 1725.060,"Actual Rows": 175,"Actual Loops": 4,"Group Key": ["nation.n_name", "(EXTRACT(year FROM orders.o_orderdate))"],"Workers": [],"Plans": [{"Node Type": "Sort","Parent Relationship": "Outer","Parallel Aware": false,"Async Capable": false,"Startup Cost": 48135.00,"Total Cost": 48135.16,"Plan Rows": 63,"Plan Width": 159,"Actual Startup Time": 1628.157,"Actual Total Time": 1658.798,"Actual Rows": 82097,"Actual Loops": 4,"Sort Key": ["nation.n_name", "(EXTRACT(year FROM orders.o_orderdate)) DESC"],"Sort Method": "quicksort","Sort Space Used": 11051,"Sort Space Type": "Memory","Workers": [{"Worker Number": 0,"Sort Method": "quicksort","Sort Space Used": 11042,"Sort Space Type": "Memory"},{"Worker Number": 1,"Sort Method": "quicksort","Sort Space Used": 11460,"Sort Space Type": "Memory"},{"Worker Number": 2,"Sort Method": "quicksort","Sort Space Used": 11436,"Sort Space Type": "Memory"}],"Plans": [{"Node Type": "Hash Join","Parent Relationship": "Outer","Parallel Aware": false,"Async Capable": false,"Join Type": "Inner","Startup Cost": 5225.55,"Total Cost": 48133.12,"Plan Rows": 63,"Plan Width": 159,"Actual Startup Time": 21.742,"Actual Total Time": 1529.409,"Actual Rows": 82097,"Actual Loops": 4,"Inner Unique": true,"Hash Cond": "(supplier.s_nationkey = nation.n_nationkey)","Workers": [],"Plans": [{"Node Type": "Nested Loop","Parent Relationship": "Outer","Parallel Aware": false,"Async Capable": false,"Join Type": "Inner","Startup Cost": 5223.99,"Total Cost": 48131.20,"Plan Rows": 63,"Plan Width": 31,"Actual Startup Time": 21.588,"Actual Total Time": 1505.764,"Actual Rows": 82097,"Actual Loops": 4,"Inner Unique": true,"Workers": [],"Plans": [{"Node Type": "Nested Loop","Parent Relationship": "Outer","Parallel Aware": false,"Async Capable": false,"Join Type": "Inner","Startup Cost": 5223.56,"Total Cost": 48101.90,"Plan Rows": 63,"Plan Width": 31,"Actual Startup Time": 21.515,"Actual Total Time": 779.024,"Actual Rows": 82097,"Actual Loops": 4,"Inner Unique": true,"Workers": [],"Plans": [{"Node Type": "Nested Loop","Parent Relationship": "Outer","Parallel Aware": false,"Async Capable": false,"Join Type": "Inner","Startup Cost": 5223.27,"Total Cost": 48082.83,"Plan Rows": 63,"Plan Width": 35,"Actual Startup Time": 21.469,"Actual Total Time": 641.312,"Actual Rows": 82097,"Actual Loops": 4,"Inner Unique": false,"Workers": [],"Plans": [{"Node Type": "Hash Join","Parent Relationship": "Outer","Parallel Aware": true,"Async Capable": false,"Join Type": "Inner","Startup Cost": 5222.84,"Total Cost": 25931.92,"Plan Rows": 20854,"Plan Width": 18,"Actual Startup Time": 21.399,"Actual Total Time": 183.796,"Actual Rows": 10971,"Actual Loops": 4,"Inner Unique": true,"Hash Cond": "(partsupp.ps_partkey = part.p_partkey)","Workers": [],"Plans": [{"Node Type": "Seq Scan","Parent Relationship": "Outer","Parallel Aware": true,"Async Capable": false,"Relation Name": "partsupp","Alias": "partsupp","Startup Cost": 0.00,"Total Cost": 20031.65,"Plan Rows": 258065,"Plan Width": 14,"Actual Startup Time": 0.012,"Actual Total Time": 41.787,"Actual Rows": 200000,"Actual Loops": 4,"Workers": []},{"Node Type": "Hash","Parent Relationship": "Inner","Parallel Aware": true,"Async Capable": false,"Startup Cost": 5138.67,"Total Cost": 5138.67,"Plan Rows": 6734,"Plan Width": 4,"Actual Startup Time": 21.187,"Actual Total Time": 21.198,"Actual Rows": 2743,"Actual Loops": 4,"Hash Buckets": 16384,"Original Hash Buckets": 16384,"Hash Batches": 1,"Original Hash Batches": 1,"Peak Memory Usage": 576,"Workers": [],"Plans": [{"Node Type": "Seq Scan","Parent Relationship": "Outer","Parallel Aware": true,"Async Capable": false,"Relation Name": "part","Alias": "part","Startup Cost": 0.00,"Total Cost": 5138.67,"Plan Rows": 6734,"Plan Width": 4,"Actual Startup Time": 0.039,"Actual Total Time": 19.867,"Actual Rows": 2743,"Actual Loops": 4,"Filter": "((p_name)::text ~~ '%rosy%'::text)","Rows Removed by Filter": 47257,"Workers": []}]}]},{"Node Type": "Index Scan","Parent Relationship": "Inner","Parallel Aware": false,"Async Capable": false,"Scan Direction": "Forward","Index Name": "idx_lineitem_part_supp","Relation Name": "lineitem","Alias": "lineitem","Startup Cost": 0.43,"Total Cost": 1.05,"Plan Rows": 1,"Plan Width": 29,"Actual Startup Time": 0.006,"Actual Total Time": 0.040,"Actual Rows": 7,"Actual Loops": 43884,"Index Cond": "((l_partkey = partsupp.ps_partkey) AND (l_suppkey = partsupp.ps_suppkey))","Rows Removed by Index Recheck": 0,"Workers": []}]},{"Node Type": "Index Scan","Parent Relationship": "Inner","Parallel Aware": false,"Async Capable": false,"Scan Direction": "Forward","Index Name": "supplier_pkey","Relation Name": "supplier","Alias": "supplier","Startup Cost": 0.29,"Total Cost": 0.30,"Plan Rows": 1,"Plan Width": 8,"Actual Startup Time": 0.001,"Actual Total Time": 0.001,"Actual Rows": 1,"Actual Loops": 328387,"Index Cond": "(s_suppkey = lineitem.l_suppkey)","Rows Removed by Index Recheck": 0,"Workers": []}]},{"Node Type": "Index Scan","Parent Relationship": "Inner","Parallel Aware": false,"Async Capable": false,"Scan Direction": "Forward","Index Name": "orders_pkey","Relation Name": "orders","Alias": "orders","Startup Cost": 0.43,"Total Cost": 0.47,"Plan Rows": 1,"Plan Width": 8,"Actual Startup Time": 0.008,"Actual Total Time": 0.008,"Actual Rows": 1,"Actual Loops": 328387,"Index Cond": "(o_orderkey = lineitem.l_orderkey)","Rows Removed by Index Recheck": 0,"Workers": []}]},{"Node Type": "Hash","Parent Relationship": "Inner","Parallel Aware": false,"Async Capable": false,"Startup Cost": 1.25,"Total Cost": 1.25,"Plan Rows": 25,"Plan Width": 108,"Actual Startup Time": 0.069,"Actual Total Time": 0.074,"Actual Rows": 25,"Actual Loops": 4,"Hash Buckets": 1024,"Original Hash Buckets": 1024,"Hash Batches": 1,"Original Hash Batches": 1,"Peak Memory Usage": 10,"Workers": [],"Plans": [{"Node Type": "Seq Scan","Parent Relationship": "Outer","Parallel Aware": false,"Async Capable": false,"Relation Name": "nation","Alias": "nation","Startup Cost": 0.00,"Total Cost": 1.25,"Plan Rows": 25,"Plan Width": 108,"Actual Startup Time": 0.048,"Actual Total Time": 0.053,"Actual Rows": 25,"Actual Loops": 4,"Workers": []}]}]}]}]}]}]},"Planning Time": 12.029,"Triggers": [],"Execution Time": 1842.931}]
[{"Plan": {"Node Type": "Aggregate","Strategy": "Sorted","Partial Mode": "Finalize","Parallel Aware": false,"Async Capable": false,"Startup Cost": 47355.08,"Total Cost": 47374.71,"Plan Rows": 146,"Plan Width": 168,"Actual Startup Time": 2443.124,"Actual Total Time": 2567.006,"Actual Rows": 175,"Actual Loops": 1,"Group Key": ["nation.n_name", "(EXTRACT(year FROM orders.o_orderdate))"],"Plans": [{"Node Type": "Gather Merge","Parent Relationship": "Outer","Parallel Aware": false,"Async Capable": false,"Startup Cost": 47355.08,"Total Cost": 47371.30,"Plan Rows": 122,"Plan Width": 168,"Actual Startup Time": 2441.228,"Actual Total Time": 2566.482,"Actual Rows": 525,"Actual Loops": 1,"Workers Planned": 2,"Workers Launched": 2,"Plans": [{"Node Type": "Aggregate","Strategy": "Sorted","Partial Mode": "Partial","Parent Relationship": "Outer","Parallel Aware": false,"Async Capable": false,"Startup Cost": 46355.06,"Total Cost": 46357.20,"Plan Rows": 61,"Plan Width": 168,"Actual Startup Time": 2336.095,"Actual Total Time": 2466.062,"Actual Rows": 175,"Actual Loops": 3,"Group Key": ["nation.n_name", "(EXTRACT(year FROM orders.o_orderdate))"],"Workers": [],"Plans": [{"Node Type": "Sort","Parent Relationship": "Outer","Parallel Aware": false,"Async Capable": false,"Startup Cost": 46355.06,"Total Cost": 46355.21,"Plan Rows": 61,"Plan Width": 159,"Actual Startup Time": 2335.334,"Actual Total Time": 2379.750,"Actual Rows": 108571,"Actual Loops": 3,"Sort Key": ["nation.n_name", "(EXTRACT(year FROM orders.o_orderdate)) DESC"],"Sort Method": "quicksort","Sort Space Used": 13745,"Sort Space Type": "Memory","Workers": [{"Worker Number": 0,"Sort Method": "quicksort","Sort Space Used": 13992,"Sort Space Type": "Memory"},{"Worker Number": 1,"Sort Method": "quicksort","Sort Space Used": 13911,"Sort Space Type": "Memory"}],"Plans": [{"Node Type": "Hash Join","Parent Relationship": "Outer","Parallel Aware": false,"Async Capable": false,"Join Type": "Inner","Startup Cost": 3.13,"Total Cost": 46353.25,"Plan Rows": 61,"Plan Width": 159,"Actual Startup Time": 0.583,"Actual Total Time": 2178.457,"Actual Rows": 108571,"Actual Loops": 3,"Inner Unique": true,"Hash Cond": "(supplier.s_nationkey = nation.n_nationkey)","Workers": [],"Plans": [{"Node Type": "Nested Loop","Parent Relationship": "Outer","Parallel Aware": false,"Async Capable": false,"Join Type": "Inner","Startup Cost": 1.57,"Total Cost": 46351.35,"Plan Rows": 61,"Plan Width": 31,"Actual Startup Time": 0.425,"Actual Total Time": 2146.635,"Actual Rows": 108571,"Actual Loops": 3,"Inner Unique": true,"Workers": [],"Plans": [{"Node Type": "Nested Loop","Parent Relationship": "Outer","Parallel Aware": false,"Async Capable": false,"Join Type": "Inner","Startup Cost": 1.14,"Total Cost": 46322.98,"Plan Rows": 61,"Plan Width": 31,"Actual Startup Time": 0.334,"Actual Total Time": 993.434,"Actual Rows": 108571,"Actual Loops": 3,"Inner Unique": true,"Workers": [],"Plans": [{"Node Type": "Nested Loop","Parent Relationship": "Outer","Parallel Aware": false,"Async Capable": false,"Join Type": "Inner","Startup Cost": 0.86,"Total Cost": 46304.52,"Plan Rows": 61,"Plan Width": 35,"Actual Startup Time": 0.258,"Actual Total Time": 808.058,"Actual Rows": 108571,"Actual Loops": 3,"Inner Unique": false,"Workers": [],"Plans": [{"Node Type": "Nested Loop","Parent Relationship": "Outer","Parallel Aware": false,"Async Capable": false,"Join Type": "Inner","Startup Cost": 0.42,"Total Cost": 24846.16,"Plan Rows": 20202,"Plan Width": 18,"Actual Startup Time": 0.160,"Actual Total Time": 118.628,"Actual Rows": 14495,"Actual Loops": 3,"Inner Unique": false,"Workers": [],"Plans": [{"Node Type": "Seq Scan","Parent Relationship": "Outer","Parallel Aware": true,"Async Capable": false,"Relation Name": "part","Alias": "part","Startup Cost": 0.00,"Total Cost": 5138.67,"Plan Rows": 5051,"Plan Width": 4,"Actual Startup Time": 0.041,"Actual Total Time": 50.514,"Actual Rows": 3624,"Actual Loops": 3,"Filter": "((p_name)::text ~~ '%blue%'::text)","Rows Removed by Filter": 63043,"Workers": []},{"Node Type": "Index Scan","Parent Relationship": "Inner","Parallel Aware": false,"Async Capable": false,"Scan Direction": "Forward","Index Name": "idx_partsupp_partkey","Relation Name": "partsupp","Alias": "partsupp","Startup Cost": 0.42,"Total Cost": 3.86,"Plan Rows": 4,"Plan Width": 14,"Actual Startup Time": 0.014,"Actual Total Time": 0.018,"Actual Rows": 4,"Actual Loops": 10871,"Index Cond": "(ps_partkey = part.p_partkey)","Rows Removed by Index Recheck": 0,"Workers": []}]},{"Node Type": "Index Scan","Parent Relationship": "Inner","Parallel Aware": false,"Async Capable": false,"Scan Direction": "Forward","Index Name": "idx_lineitem_part_supp","Relation Name": "lineitem","Alias": "lineitem","Startup Cost": 0.43,"Total Cost": 1.05,"Plan Rows": 1,"Plan Width": 29,"Actual Startup Time": 0.007,"Actual Total Time": 0.046,"Actual Rows": 7,"Actual Loops": 43484,"Index Cond": "((l_partkey = partsupp.ps_partkey) AND (l_suppkey = partsupp.ps_suppkey))","Rows Removed by Index Recheck": 0,"Workers": []}]},{"Node Type": "Index Scan","Parent Relationship": "Inner","Parallel Aware": false,"Async Capable": false,"Scan Direction": "Forward","Index Name": "supplier_pkey","Relation Name": "supplier","Alias": "supplier","Startup Cost": 0.29,"Total Cost": 0.30,"Plan Rows": 1,"Plan Width": 8,"Actual Startup Time": 0.001,"Actual Total Time": 0.001,"Actual Rows": 1,"Actual Loops": 325714,"Index Cond": "(s_suppkey = lineitem.l_suppkey)","Rows Removed by Index Recheck": 0,"Workers": []}]},{"Node Type": "Index Scan","Parent Relationship": "Inner","Parallel Aware": false,"Async Capable": false,"Scan Direction": "Forward","Index Name": "orders_pkey","Relation Name": "orders","Alias": "orders","Startup Cost": 0.43,"Total Cost": 0.47,"Plan Rows": 1,"Plan Width": 8,"Actual Startup Time": 0.010,"Actual Total Time": 0.010,"Actual Rows": 1,"Actual Loops": 325714,"Index Cond": "(o_orderkey = lineitem.l_orderkey)","Rows Removed by Index Recheck": 0,"Workers": []}]},{"Node Type": "Hash","Parent Relationship": "Inner","Parallel Aware": false,"Async Capable": false,"Startup Cost": 1.25,"Total Cost": 1.25,"Plan Rows": 25,"Plan Width": 108,"Actual Startup Time": 0.081,"Actual Total Time": 0.113,"Actual Rows": 25,"Actual Loops": 3,"Hash Buckets": 1024,"Original Hash Buckets": 1024,"Hash Batches": 1,"Original Hash Batches": 1,"Peak Memory Usage": 10,"Workers": [],"Plans": [{"Node Type": "Seq Scan","Parent Relationship": "Outer","Parallel Aware": false,"Async Capable": false,"Relation Name": "nation","Alias": "nation","Startup Cost": 0.00,"Total Cost": 1.25,"Plan Rows": 25,"Plan Width": 108,"Actual Startup Time": 0.057,"Actual Total Time": 0.083,"Actual Rows": 25,"Actual Loops": 3,"Workers": []}]}]}]}]}]}]},"Planning Time": 11.752,"Triggers": [],"Execution Time": 2568.537}]
[{"Plan": {"Node Type": "Aggregate","Strategy": "Sorted","Partial Mode": "Finalize","Parallel Aware": false,"Async Capable": false,"Startup Cost": 41381.04,"Total Cost": 41397.45,"Plan Rows": 122,"Plan Width": 168,"Actual Startup Time": 2480.242,"Actual Total Time": 2577.614,"Actual Rows": 175,"Actual Loops": 1,"Group Key": ["nation.n_name", "(EXTRACT(year FROM orders.o_orderdate))"],"Plans": [{"Node Type": "Gather Merge","Parent Relationship": "Outer","Parallel Aware": false,"Async Capable": false,"Startup Cost": 41381.04,"Total Cost": 41394.60,"Plan Rows": 102,"Plan Width": 168,"Actual Startup Time": 2478.709,"Actual Total Time": 2577.227,"Actual Rows": 525,"Actual Loops": 1,"Workers Planned": 2,"Workers Launched": 2,"Plans": [{"Node Type": "Aggregate","Strategy": "Sorted","Partial Mode": "Partial","Parent Relationship": "Outer","Parallel Aware": false,"Async Capable": false,"Startup Cost": 40381.01,"Total Cost": 40382.80,"Plan Rows": 51,"Plan Width": 168,"Actual Startup Time": 2353.304,"Actual Total Time": 2480.698,"Actual Rows": 175,"Actual Loops": 3,"Group Key": ["nation.n_name", "(EXTRACT(year FROM orders.o_orderdate))"],"Workers": [],"Plans": [{"Node Type": "Sort","Parent Relationship": "Outer","Parallel Aware": false,"Async Capable": false,"Startup Cost": 40381.01,"Total Cost": 40381.14,"Plan Rows": 51,"Plan Width": 159,"Actual Startup Time": 2352.693,"Actual Total Time": 2396.159,"Actual Rows": 109229,"Actual Loops": 3,"Sort Key": ["nation.n_name", "(EXTRACT(year FROM orders.o_orderdate)) DESC"],"Sort Method": "quicksort","Sort Space Used": 13712,"Sort Space Type": "Memory","Workers": [{"Worker Number": 0,"Sort Method": "quicksort","Sort Space Used": 13695,"Sort Space Type": "Memory"},{"Worker Number": 1,"Sort Method": "quicksort","Sort Space Used": 14445,"Sort Space Type": "Memory"}],"Plans": [{"Node Type": "Hash Join","Parent Relationship": "Outer","Parallel Aware": false,"Async Capable": false,"Join Type": "Inner","Startup Cost": 3.13,"Total Cost": 40379.57,"Plan Rows": 51,"Plan Width": 159,"Actual Startup Time": 0.647,"Actual Total Time": 2203.600,"Actual Rows": 109229,"Actual Loops": 3,"Inner Unique": true,"Hash Cond": "(supplier.s_nationkey = nation.n_nationkey)","Workers": [],"Plans": [{"Node Type": "Nested Loop","Parent Relationship": "Outer","Parallel Aware": false,"Async Capable": false,"Join Type": "Inner","Startup Cost": 1.57,"Total Cost": 40377.72,"Plan Rows": 51,"Plan Width": 31,"Actual Startup Time": 0.487,"Actual Total Time": 2172.141,"Actual Rows": 109229,"Actual Loops": 3,"Inner Unique": true,"Workers": [],"Plans": [{"Node Type": "Nested Loop","Parent Relationship": "Outer","Parallel Aware": false,"Async Capable": false,"Join Type": "Inner","Startup Cost": 1.14,"Total Cost": 40354.00,"Plan Rows": 51,"Plan Width": 31,"Actual Startup Time": 0.369,"Actual Total Time": 1011.787,"Actual Rows": 109229,"Actual Loops": 3,"Inner Unique": true,"Workers": [],"Plans": [{"Node Type": "Nested Loop","Parent Relationship": "Outer","Parallel Aware": false,"Async Capable": false,"Join Type": "Inner","Startup Cost": 0.86,"Total Cost": 40338.56,"Plan Rows": 51,"Plan Width": 35,"Actual Startup Time": 0.277,"Actual Total Time": 825.152,"Actual Rows": 109229,"Actual Loops": 3,"Inner Unique": false,"Workers": [],"Plans": [{"Node Type": "Nested Loop","Parent Relationship": "Outer","Parallel Aware": false,"Async Capable": false,"Join Type": "Inner","Startup Cost": 0.42,"Total Cost": 22456.59,"Plan Rows": 16835,"Plan Width": 18,"Actual Startup Time": 0.156,"Actual Total Time": 114.451,"Actual Rows": 14521,"Actual Loops": 3,"Inner Unique": false,"Workers": [],"Plans": [{"Node Type": "Seq Scan","Parent Relationship": "Outer","Parallel Aware": true,"Async Capable": false,"Relation Name": "part","Alias": "part","Startup Cost": 0.00,"Total Cost": 5138.67,"Plan Rows": 4209,"Plan Width": 4,"Actual Startup Time": 0.051,"Actual Total Time": 48.691,"Actual Rows": 3630,"Actual Loops": 3,"Filter": "((p_name)::text ~~ '%mint%'::text)","Rows Removed by Filter": 63036,"Workers": []},{"Node Type": "Index Scan","Parent Relationship": "Inner","Parallel Aware": false,"Async Capable": false,"Scan Direction": "Forward","Index Name": "idx_partsupp_partkey","Relation Name": "partsupp","Alias": "partsupp","Startup Cost": 0.42,"Total Cost": 4.07,"Plan Rows": 4,"Plan Width": 14,"Actual Startup Time": 0.014,"Actual Total Time": 0.017,"Actual Rows": 4,"Actual Loops": 10891,"Index Cond": "(ps_partkey = part.p_partkey)","Rows Removed by Index Recheck": 0,"Workers": []}]},{"Node Type": "Index Scan","Parent Relationship": "Inner","Parallel Aware": false,"Async Capable": false,"Scan Direction": "Forward","Index Name": "idx_lineitem_part_supp","Relation Name": "lineitem","Alias": "lineitem","Startup Cost": 0.43,"Total Cost": 1.05,"Plan Rows": 1,"Plan Width": 29,"Actual Startup Time": 0.007,"Actual Total Time": 0.047,"Actual Rows": 8,"Actual Loops": 43564,"Index Cond": "((l_partkey = partsupp.ps_partkey) AND (l_suppkey = partsupp.ps_suppkey))","Rows Removed by Index Recheck": 0,"Workers": []}]},{"Node Type": "Index Scan","Parent Relationship": "Inner","Parallel Aware": false,"Async Capable": false,"Scan Direction": "Forward","Index Name": "supplier_pkey","Relation Name": "supplier","Alias": "supplier","Startup Cost": 0.29,"Total Cost": 0.30,"Plan Rows": 1,"Plan Width": 8,"Actual Startup Time": 0.001,"Actual Total Time": 0.001,"Actual Rows": 1,"Actual Loops": 327686,"Index Cond": "(s_suppkey = lineitem.l_suppkey)","Rows Removed by Index Recheck": 0,"Workers": []}]},{"Node Type": "Index Scan","Parent Relationship": "Inner","Parallel Aware": false,"Async Capable": false,"Scan Direction": "Forward","Index Name": "orders_pkey","Relation Name": "orders","Alias": "orders","Startup Cost": 0.43,"Total Cost": 0.47,"Plan Rows": 1,"Plan Width": 8,"Actual Startup Time": 0.010,"Actual Total Time": 0.010,"Actual Rows": 1,"Actual Loops": 327686,"Index Cond": "(o_orderkey = lineitem.l_orderkey)","Rows Removed by Index Recheck": 0,"Workers": []}]},{"Node Type": "Hash","Parent Relationship": "Inner","Parallel Aware": false,"Async Capable": false,"Startup Cost": 1.25,"Total Cost": 1.25,"Plan Rows": 25,"Plan Width": 108,"Actual Startup Time": 0.071,"Actual Total Time": 0.079,"Actual Rows": 25,"Actual Loops": 3,"Hash Buckets": 1024,"Original Hash Buckets": 1024,"Hash Batches": 1,"Original Hash Batches": 1,"Peak Memory Usage": 10,"Workers": [],"Plans": [{"Node Type": "Seq Scan","Parent Relationship": "Outer","Parallel Aware": false,"Async Capable": false,"Relation Name": "nation","Alias": "nation","Startup Cost": 0.00,"Total Cost": 1.25,"Plan Rows": 25,"Plan Width": 108,"Actual Startup Time": 0.043,"Actual Total Time": 0.050,"Actual Rows": 25,"Actual Loops": 3,"Workers": []}]}]}]}]}]}]},"Planning Time": 12.975,"Triggers": [],"Execution Time": 2581.261}]
[{"Plan": {"Node Type": "Aggregate","Strategy": "Sorted","Partial Mode": "Finalize","Parallel Aware": false,"Async Capable": false,"Startup Cost": 41381.04,"Total Cost": 41397.45,"Plan Rows": 122,"Plan Width": 168,"Actual Startup Time": 2449.674,"Actual Total Time": 2543.452,"Actual Rows": 175,"Actual Loops": 1,"Group Key": ["nation.n_name", "(EXTRACT(year FROM orders.o_orderdate))"],"Plans": [{"Node Type": "Gather Merge","Parent Relationship": "Outer","Parallel Aware": false,"Async Capable": false,"Startup Cost": 41381.04,"Total Cost": 41394.60,"Plan Rows": 102,"Plan Width": 168,"Actual Startup Time": 2448.066,"Actual Total Time": 2542.931,"Actual Rows": 525,"Actual Loops": 1,"Workers Planned": 2,"Workers Launched": 2,"Plans": [{"Node Type": "Aggregate","Strategy": "Sorted","Partial Mode": "Partial","Parent Relationship": "Outer","Parallel Aware": false,"Async Capable": false,"Startup Cost": 40381.01,"Total Cost": 40382.80,"Plan Rows": 51,"Plan Width": 168,"Actual Startup Time": 2312.054,"Actual Total Time": 2440.182,"Actual Rows": 175,"Actual Loops": 3,"Group Key": ["nation.n_name", "(EXTRACT(year FROM orders.o_orderdate))"],"Workers": [],"Plans": [{"Node Type": "Sort","Parent Relationship": "Outer","Parallel Aware": false,"Async Capable": false,"Startup Cost": 40381.01,"Total Cost": 40381.14,"Plan Rows": 51,"Plan Width": 159,"Actual Startup Time": 2311.303,"Actual Total Time": 2355.012,"Actual Rows": 108553,"Actual Loops": 3,"Sort Key": ["nation.n_name", "(EXTRACT(year FROM orders.o_orderdate)) DESC"],"Sort Method": "quicksort","Sort Space Used": 13671,"Sort Space Type": "Memory","Workers": [{"Worker Number": 0,"Sort Method": "quicksort","Sort Space Used": 14055,"Sort Space Type": "Memory"},{"Worker Number": 1,"Sort Method": "quicksort","Sort Space Used": 13920,"Sort Space Type": "Memory"}],"Plans": [{"Node Type": "Hash Join","Parent Relationship": "Outer","Parallel Aware": false,"Async Capable": false,"Join Type": "Inner","Startup Cost": 3.13,"Total Cost": 40379.57,"Plan Rows": 51,"Plan Width": 159,"Actual Startup Time": 0.614,"Actual Total Time": 2152.509,"Actual Rows": 108553,"Actual Loops": 3,"Inner Unique": true,"Hash Cond": "(supplier.s_nationkey = nation.n_nationkey)","Workers": [],"Plans": [{"Node Type": "Nested Loop","Parent Relationship": "Outer","Parallel Aware": false,"Async Capable": false,"Join Type": "Inner","Startup Cost": 1.57,"Total Cost": 40377.72,"Plan Rows": 51,"Plan Width": 31,"Actual Startup Time": 0.463,"Actual Total Time": 2120.870,"Actual Rows": 108553,"Actual Loops": 3,"Inner Unique": true,"Workers": [],"Plans": [{"Node Type": "Nested Loop","Parent Relationship": "Outer","Parallel Aware": false,"Async Capable": false,"Join Type": "Inner","Startup Cost": 1.14,"Total Cost": 40354.00,"Plan Rows": 51,"Plan Width": 31,"Actual Startup Time": 0.355,"Actual Total Time": 987.248,"Actual Rows": 108553,"Actual Loops": 3,"Inner Unique": true,"Workers": [],"Plans": [{"Node Type": "Nested Loop","Parent Relationship": "Outer","Parallel Aware": false,"Async Capable": false,"Join Type": "Inner","Startup Cost": 0.86,"Total Cost": 40338.56,"Plan Rows": 51,"Plan Width": 35,"Actual Startup Time": 0.279,"Actual Total Time": 803.841,"Actual Rows": 108553,"Actual Loops": 3,"Inner Unique": false,"Workers": [],"Plans": [{"Node Type": "Nested Loop","Parent Relationship": "Outer","Parallel Aware": false,"Async Capable": false,"Join Type": "Inner","Startup Cost": 0.42,"Total Cost": 22456.59,"Plan Rows": 16835,"Plan Width": 18,"Actual Startup Time": 0.181,"Actual Total Time": 118.449,"Actual Rows": 14437,"Actual Loops": 3,"Inner Unique": false,"Workers": [],"Plans": [{"Node Type": "Seq Scan","Parent Relationship": "Outer","Parallel Aware": true,"Async Capable": false,"Relation Name": "part","Alias": "part","Startup Cost": 0.00,"Total Cost": 5138.67,"Plan Rows": 4209,"Plan Width": 4,"Actual Startup Time": 0.049,"Actual Total Time": 50.624,"Actual Rows": 3609,"Actual Loops": 3,"Filter": "((p_name)::text ~~ '%magenta%'::text)","Rows Removed by Filter": 63057,"Workers": []},{"Node Type": "Index Scan","Parent Relationship": "Inner","Parallel Aware": false,"Async Capable": false,"Scan Direction": "Forward","Index Name": "idx_partsupp_partkey","Relation Name": "partsupp","Alias": "partsupp","Startup Cost": 0.42,"Total Cost": 4.07,"Plan Rows": 4,"Plan Width": 14,"Actual Startup Time": 0.014,"Actual Total Time": 0.018,"Actual Rows": 4,"Actual Loops": 10828,"Index Cond": "(ps_partkey = part.p_partkey)","Rows Removed by Index Recheck": 0,"Workers": []}]},{"Node Type": "Index Scan","Parent Relationship": "Inner","Parallel Aware": false,"Async Capable": false,"Scan Direction": "Forward","Index Name": "idx_lineitem_part_supp","Relation Name": "lineitem","Alias": "lineitem","Startup Cost": 0.43,"Total Cost": 1.05,"Plan Rows": 1,"Plan Width": 29,"Actual Startup Time": 0.007,"Actual Total Time": 0.046,"Actual Rows": 8,"Actual Loops": 43312,"Index Cond": "((l_partkey = partsupp.ps_partkey) AND (l_suppkey = partsupp.ps_suppkey))","Rows Removed by Index Recheck": 0,"Workers": []}]},{"Node Type": "Index Scan","Parent Relationship": "Inner","Parallel Aware": false,"Async Capable": false,"Scan Direction": "Forward","Index Name": "supplier_pkey","Relation Name": "supplier","Alias": "supplier","Startup Cost": 0.29,"Total Cost": 0.30,"Plan Rows": 1,"Plan Width": 8,"Actual Startup Time": 0.001,"Actual Total Time": 0.001,"Actual Rows": 1,"Actual Loops": 325659,"Index Cond": "(s_suppkey = lineitem.l_suppkey)","Rows Removed by Index Recheck": 0,"Workers": []}]},{"Node Type": "Index Scan","Parent Relationship": "Inner","Parallel Aware": false,"Async Capable": false,"Scan Direction": "Forward","Index Name": "orders_pkey","Relation Name": "orders","Alias": "orders","Startup Cost": 0.43,"Total Cost": 0.47,"Plan Rows": 1,"Plan Width": 8,"Actual Startup Time": 0.010,"Actual Total Time": 0.010,"Actual Rows": 1,"Actual Loops": 325659,"Index Cond": "(o_orderkey = lineitem.l_orderkey)","Rows Removed by Index Recheck": 0,"Workers": []}]},{"Node Type": "Hash","Parent Relationship": "Inner","Parallel Aware": false,"Async Capable": false,"Startup Cost": 1.25,"Total Cost": 1.25,"Plan Rows": 25,"Plan Width": 108,"Actual Startup Time": 0.071,"Actual Total Time": 0.101,"Actual Rows": 25,"Actual Loops": 3,"Hash Buckets": 1024,"Original Hash Buckets": 1024,"Hash Batches": 1,"Original Hash Batches": 1,"Peak Memory Usage": 10,"Workers": [],"Plans": [{"Node Type": "Seq Scan","Parent Relationship": "Outer","Parallel Aware": false,"Async Capable": false,"Relation Name": "nation","Alias": "nation","Startup Cost": 0.00,"Total Cost": 1.25,"Plan Rows": 25,"Plan Width": 108,"Actual Startup Time": 0.048,"Actual Total Time": 0.076,"Actual Rows": 25,"Actual Loops": 3,"Workers": []}]}]}]}]}]}]},"Planning Time": 12.331,"Triggers": [],"Execution Time": 2545.556}]
[{"Plan": {"Node Type": "Aggregate","Strategy": "Sorted","Partial Mode": "Finalize","Parallel Aware": false,"Async Capable": false,"Startup Cost": 47355.08,"Total Cost": 47374.71,"Plan Rows": 146,"Plan Width": 168,"Actual Startup Time": 2381.469,"Actual Total Time": 2536.102,"Actual Rows": 175,"Actual Loops": 1,"Group Key": ["nation.n_name", "(EXTRACT(year FROM orders.o_orderdate))"],"Plans": [{"Node Type": "Gather Merge","Parent Relationship": "Outer","Parallel Aware": false,"Async Capable": false,"Startup Cost": 47355.08,"Total Cost": 47371.30,"Plan Rows": 122,"Plan Width": 168,"Actual Startup Time": 2379.701,"Actual Total Time": 2535.664,"Actual Rows": 525,"Actual Loops": 1,"Workers Planned": 2,"Workers Launched": 2,"Plans": [{"Node Type": "Aggregate","Strategy": "Sorted","Partial Mode": "Partial","Parent Relationship": "Outer","Parallel Aware": false,"Async Capable": false,"Startup Cost": 46355.06,"Total Cost": 46357.20,"Plan Rows": 61,"Plan Width": 168,"Actual Startup Time": 2271.137,"Actual Total Time": 2390.068,"Actual Rows": 175,"Actual Loops": 3,"Group Key": ["nation.n_name", "(EXTRACT(year FROM orders.o_orderdate))"],"Workers": [],"Plans": [{"Node Type": "Sort","Parent Relationship": "Outer","Parallel Aware": false,"Async Capable": false,"Startup Cost": 46355.06,"Total Cost": 46355.21,"Plan Rows": 61,"Plan Width": 159,"Actual Startup Time": 2270.519,"Actual Total Time": 2308.045,"Actual Rows": 107900,"Actual Loops": 3,"Sort Key": ["nation.n_name", "(EXTRACT(year FROM orders.o_orderdate)) DESC"],"Sort Method": "quicksort","Sort Space Used": 13440,"Sort Space Type": "Memory","Workers": [{"Worker Number": 0,"Sort Method": "quicksort","Sort Space Used": 13938,"Sort Space Type": "Memory"},{"Worker Number": 1,"Sort Method": "quicksort","Sort Space Used": 14070,"Sort Space Type": "Memory"}],"Plans": [{"Node Type": "Hash Join","Parent Relationship": "Outer","Parallel Aware": false,"Async Capable": false,"Join Type": "Inner","Startup Cost": 3.13,"Total Cost": 46353.25,"Plan Rows": 61,"Plan Width": 159,"Actual Startup Time": 0.619,"Actual Total Time": 2122.592,"Actual Rows": 107900,"Actual Loops": 3,"Inner Unique": true,"Hash Cond": "(supplier.s_nationkey = nation.n_nationkey)","Workers": [],"Plans": [{"Node Type": "Nested Loop","Parent Relationship": "Outer","Parallel Aware": false,"Async Capable": false,"Join Type": "Inner","Startup Cost": 1.57,"Total Cost": 46351.35,"Plan Rows": 61,"Plan Width": 31,"Actual Startup Time": 0.408,"Actual Total Time": 2090.946,"Actual Rows": 107900,"Actual Loops": 3,"Inner Unique": true,"Workers": [],"Plans": [{"Node Type": "Nested Loop","Parent Relationship": "Outer","Parallel Aware": false,"Async Capable": false,"Join Type": "Inner","Startup Cost": 1.14,"Total Cost": 46322.98,"Plan Rows": 61,"Plan Width": 31,"Actual Startup Time": 0.323,"Actual Total Time": 973.422,"Actual Rows": 107900,"Actual Loops": 3,"Inner Unique": true,"Workers": [],"Plans": [{"Node Type": "Nested Loop","Parent Relationship": "Outer","Parallel Aware": false,"Async Capable": false,"Join Type": "Inner","Startup Cost": 0.86,"Total Cost": 46304.52,"Plan Rows": 61,"Plan Width": 35,"Actual Startup Time": 0.265,"Actual Total Time": 792.389,"Actual Rows": 107900,"Actual Loops": 3,"Inner Unique": false,"Workers": [],"Plans": [{"Node Type": "Nested Loop","Parent Relationship": "Outer","Parallel Aware": false,"Async Capable": false,"Join Type": "Inner","Startup Cost": 0.42,"Total Cost": 24846.16,"Plan Rows": 20202,"Plan Width": 18,"Actual Startup Time": 0.194,"Actual Total Time": 118.841,"Actual Rows": 14391,"Actual Loops": 3,"Inner Unique": false,"Workers": [],"Plans": [{"Node Type": "Seq Scan","Parent Relationship": "Outer","Parallel Aware": true,"Async Capable": false,"Relation Name": "part","Alias": "part","Startup Cost": 0.00,"Total Cost": 5138.67,"Plan Rows": 5051,"Plan Width": 4,"Actual Startup Time": 0.055,"Actual Total Time": 52.315,"Actual Rows": 3598,"Actual Loops": 3,"Filter": "((p_name)::text ~~ '%rose%'::text)","Rows Removed by Filter": 63069,"Workers": []},{"Node Type": "Index Scan","Parent Relationship": "Inner","Parallel Aware": false,"Async Capable": false,"Scan Direction": "Forward","Index Name": "idx_partsupp_partkey","Relation Name": "partsupp","Alias": "partsupp","Startup Cost": 0.42,"Total Cost": 3.86,"Plan Rows": 4,"Plan Width": 14,"Actual Startup Time": 0.014,"Actual Total Time": 0.018,"Actual Rows": 4,"Actual Loops": 10793,"Index Cond": "(ps_partkey = part.p_partkey)","Rows Removed by Index Recheck": 0,"Workers": []}]},{"Node Type": "Index Scan","Parent Relationship": "Inner","Parallel Aware": false,"Async Capable": false,"Scan Direction": "Forward","Index Name": "idx_lineitem_part_supp","Relation Name": "lineitem","Alias": "lineitem","Startup Cost": 0.43,"Total Cost": 1.05,"Plan Rows": 1,"Plan Width": 29,"Actual Startup Time": 0.007,"Actual Total Time": 0.045,"Actual Rows": 7,"Actual Loops": 43172,"Index Cond": "((l_partkey = partsupp.ps_partkey) AND (l_suppkey = partsupp.ps_suppkey))","Rows Removed by Index Recheck": 0,"Workers": []}]},{"Node Type": "Index Scan","Parent Relationship": "Inner","Parallel Aware": false,"Async Capable": false,"Scan Direction": "Forward","Index Name": "supplier_pkey","Relation Name": "supplier","Alias": "supplier","Startup Cost": 0.29,"Total Cost": 0.30,"Plan Rows": 1,"Plan Width": 8,"Actual Startup Time": 0.001,"Actual Total Time": 0.001,"Actual Rows": 1,"Actual Loops": 323699,"Index Cond": "(s_suppkey = lineitem.l_suppkey)","Rows Removed by Index Recheck": 0,"Workers": []}]},{"Node Type": "Index Scan","Parent Relationship": "Inner","Parallel Aware": false,"Async Capable": false,"Scan Direction": "Forward","Index Name": "orders_pkey","Relation Name": "orders","Alias": "orders","Startup Cost": 0.43,"Total Cost": 0.47,"Plan Rows": 1,"Plan Width": 8,"Actual Startup Time": 0.010,"Actual Total Time": 0.010,"Actual Rows": 1,"Actual Loops": 323699,"Index Cond": "(o_orderkey = lineitem.l_orderkey)","Rows Removed by Index Recheck": 0,"Workers": []}]},{"Node Type": "Hash","Parent Relationship": "Inner","Parallel Aware": false,"Async Capable": false,"Startup Cost": 1.25,"Total Cost": 1.25,"Plan Rows": 25,"Plan Width": 108,"Actual Startup Time": 0.106,"Actual Total Time": 0.116,"Actual Rows": 25,"Actual Loops": 3,"Hash Buckets": 1024,"Original Hash Buckets": 1024,"Hash Batches": 1,"Original Hash Batches": 1,"Peak Memory Usage": 10,"Workers": [],"Plans": [{"Node Type": "Seq Scan","Parent Relationship": "Outer","Parallel Aware": false,"Async Capable": false,"Relation Name": "nation","Alias": "nation","Startup Cost": 0.00,"Total Cost": 1.25,"Plan Rows": 25,"Plan Width": 108,"Actual Startup Time": 0.077,"Actual Total Time": 0.084,"Actual Rows": 25,"Actual Loops": 3,"Workers": []}]}]}]}]}]}]},"Planning Time": 10.972,"Triggers": [],"Execution Time": 2540.598}]
[{"Plan": {"Node Type": "Aggregate","Strategy": "Sorted","Partial Mode": "Finalize","Parallel Aware": false,"Async Capable": false,"Startup Cost": 41381.04,"Total Cost": 41397.45,"Plan Rows": 122,"Plan Width": 168,"Actual Startup Time": 2397.393,"Actual Total Time": 2528.927,"Actual Rows": 175,"Actual Loops": 1,"Group Key": ["nation.n_name", "(EXTRACT(year FROM orders.o_orderdate))"],"Plans": [{"Node Type": "Gather Merge","Parent Relationship": "Outer","Parallel Aware": false,"Async Capable": false,"Startup Cost": 41381.04,"Total Cost": 41394.60,"Plan Rows": 102,"Plan Width": 168,"Actual Startup Time": 2395.560,"Actual Total Time": 2528.508,"Actual Rows": 525,"Actual Loops": 1,"Workers Planned": 2,"Workers Launched": 2,"Plans": [{"Node Type": "Aggregate","Strategy": "Sorted","Partial Mode": "Partial","Parent Relationship": "Outer","Parallel Aware": false,"Async Capable": false,"Startup Cost": 40381.01,"Total Cost": 40382.80,"Plan Rows": 51,"Plan Width": 168,"Actual Startup Time": 2294.991,"Actual Total Time": 2407.950,"Actual Rows": 175,"Actual Loops": 3,"Group Key": ["nation.n_name", "(EXTRACT(year FROM orders.o_orderdate))"],"Workers": [],"Plans": [{"Node Type": "Sort","Parent Relationship": "Outer","Parallel Aware": false,"Async Capable": false,"Startup Cost": 40381.01,"Total Cost": 40381.14,"Plan Rows": 51,"Plan Width": 159,"Actual Startup Time": 2294.450,"Actual Total Time": 2329.456,"Actual Rows": 109386,"Actual Loops": 3,"Sort Key": ["nation.n_name", "(EXTRACT(year FROM orders.o_orderdate)) DESC"],"Sort Method": "quicksort","Sort Space Used": 13535,"Sort Space Type": "Memory","Workers": [{"Worker Number": 0,"Sort Method": "quicksort","Sort Space Used": 14044,"Sort Space Type": "Memory"},{"Worker Number": 1,"Sort Method": "quicksort","Sort Space Used": 14313,"Sort Space Type": "Memory"}],"Plans": [{"Node Type": "Hash Join","Parent Relationship": "Outer","Parallel Aware": false,"Async Capable": false,"Join Type": "Inner","Startup Cost": 3.13,"Total Cost": 40379.57,"Plan Rows": 51,"Plan Width": 159,"Actual Startup Time": 0.679,"Actual Total Time": 2145.675,"Actual Rows": 109386,"Actual Loops": 3,"Inner Unique": true,"Hash Cond": "(supplier.s_nationkey = nation.n_nationkey)","Workers": [],"Plans": [{"Node Type": "Nested Loop","Parent Relationship": "Outer","Parallel Aware": false,"Async Capable": false,"Join Type": "Inner","Startup Cost": 1.57,"Total Cost": 40377.72,"Plan Rows": 51,"Plan Width": 31,"Actual Startup Time": 0.505,"Actual Total Time": 2114.015,"Actual Rows": 109386,"Actual Loops": 3,"Inner Unique": true,"Workers": [],"Plans": [{"Node Type": "Nested Loop","Parent Relationship": "Outer","Parallel Aware": false,"Async Capable": false,"Join Type": "Inner","Startup Cost": 1.14,"Total Cost": 40354.00,"Plan Rows": 51,"Plan Width": 31,"Actual Startup Time": 0.377,"Actual Total Time": 981.690,"Actual Rows": 109386,"Actual Loops": 3,"Inner Unique": true,"Workers": [],"Plans": [{"Node Type": "Nested Loop","Parent Relationship": "Outer","Parallel Aware": false,"Async Capable": false,"Join Type": "Inner","Startup Cost": 0.86,"Total Cost": 40338.56,"Plan Rows": 51,"Plan Width": 35,"Actual Startup Time": 0.296,"Actual Total Time": 797.438,"Actual Rows": 109386,"Actual Loops": 3,"Inner Unique": false,"Workers": [],"Plans": [{"Node Type": "Nested Loop","Parent Relationship": "Outer","Parallel Aware": false,"Async Capable": false,"Join Type": "Inner","Startup Cost": 0.42,"Total Cost": 22456.59,"Plan Rows": 16835,"Plan Width": 18,"Actual Startup Time": 0.185,"Actual Total Time": 118.219,"Actual Rows": 14613,"Actual Loops": 3,"Inner Unique": false,"Workers": [],"Plans": [{"Node Type": "Seq Scan","Parent Relationship": "Outer","Parallel Aware": true,"Async Capable": false,"Relation Name": "part","Alias": "part","Startup Cost": 0.00,"Total Cost": 5138.67,"Plan Rows": 4209,"Plan Width": 4,"Actual Startup Time": 0.059,"Actual Total Time": 50.920,"Actual Rows": 3653,"Actual Loops": 3,"Filter": "((p_name)::text ~~ '%chiffon%'::text)","Rows Removed by Filter": 63013,"Workers": []},{"Node Type": "Index Scan","Parent Relationship": "Inner","Parallel Aware": false,"Async Capable": false,"Scan Direction": "Forward","Index Name": "idx_partsupp_partkey","Relation Name": "partsupp","Alias": "partsupp","Startup Cost": 0.42,"Total Cost": 4.07,"Plan Rows": 4,"Plan Width": 14,"Actual Startup Time": 0.014,"Actual Total Time": 0.018,"Actual Rows": 4,"Actual Loops": 10960,"Index Cond": "(ps_partkey = part.p_partkey)","Rows Removed by Index Recheck": 0,"Workers": []}]},{"Node Type": "Index Scan","Parent Relationship": "Inner","Parallel Aware": false,"Async Capable": false,"Scan Direction": "Forward","Index Name": "idx_lineitem_part_supp","Relation Name": "lineitem","Alias": "lineitem","Startup Cost": 0.43,"Total Cost": 1.05,"Plan Rows": 1,"Plan Width": 29,"Actual Startup Time": 0.007,"Actual Total Time": 0.045,"Actual Rows": 7,"Actual Loops": 43840,"Index Cond": "((l_partkey = partsupp.ps_partkey) AND (l_suppkey = partsupp.ps_suppkey))","Rows Removed by Index Recheck": 0,"Workers": []}]},{"Node Type": "Index Scan","Parent Relationship": "Inner","Parallel Aware": false,"Async Capable": false,"Scan Direction": "Forward","Index Name": "supplier_pkey","Relation Name": "supplier","Alias": "supplier","Startup Cost": 0.29,"Total Cost": 0.30,"Plan Rows": 1,"Plan Width": 8,"Actual Startup Time": 0.001,"Actual Total Time": 0.001,"Actual Rows": 1,"Actual Loops": 328159,"Index Cond": "(s_suppkey = lineitem.l_suppkey)","Rows Removed by Index Recheck": 0,"Workers": []}]},{"Node Type": "Index Scan","Parent Relationship": "Inner","Parallel Aware": false,"Async Capable": false,"Scan Direction": "Forward","Index Name": "orders_pkey","Relation Name": "orders","Alias": "orders","Startup Cost": 0.43,"Total Cost": 0.47,"Plan Rows": 1,"Plan Width": 8,"Actual Startup Time": 0.010,"Actual Total Time": 0.010,"Actual Rows": 1,"Actual Loops": 328159,"Index Cond": "(o_orderkey = lineitem.l_orderkey)","Rows Removed by Index Recheck": 0,"Workers": []}]},{"Node Type": "Hash","Parent Relationship": "Inner","Parallel Aware": false,"Async Capable": false,"Startup Cost": 1.25,"Total Cost": 1.25,"Plan Rows": 25,"Plan Width": 108,"Actual Startup Time": 0.075,"Actual Total Time": 0.083,"Actual Rows": 25,"Actual Loops": 3,"Hash Buckets": 1024,"Original Hash Buckets": 1024,"Hash Batches": 1,"Original Hash Batches": 1,"Peak Memory Usage": 10,"Workers": [],"Plans": [{"Node Type": "Seq Scan","Parent Relationship": "Outer","Parallel Aware": false,"Async Capable": false,"Relation Name": "nation","Alias": "nation","Startup Cost": 0.00,"Total Cost": 1.25,"Plan Rows": 25,"Plan Width": 108,"Actual Startup Time": 0.051,"Actual Total Time": 0.057,"Actual Rows": 25,"Actual Loops": 3,"Workers": []}]}]}]}]}]}]},"Planning Time": 13.106,"Triggers": [],"Execution Time": 2531.764}]
[{"Plan": {"Node Type": "Aggregate","Strategy": "Sorted","Partial Mode": "Finalize","Parallel Aware": false,"Async Capable": false,"Startup Cost": 54706.26,"Total Cost": 54742.91,"Plan Rows": 244,"Plan Width": 168,"Actual Startup Time": 1714.474,"Actual Total Time": 1830.226,"Actual Rows": 175,"Actual Loops": 1,"Group Key": ["nation.n_name", "(EXTRACT(year FROM orders.o_orderdate))"],"Plans": [{"Node Type": "Gather Merge","Parent Relationship": "Outer","Parallel Aware": false,"Async Capable": false,"Startup Cost": 54706.26,"Total Cost": 54736.88,"Plan Rows": 237,"Plan Width": 168,"Actual Startup Time": 1713.154,"Actual Total Time": 1829.714,"Actual Rows": 700,"Actual Loops": 1,"Workers Planned": 3,"Workers Launched": 3,"Plans": [{"Node Type": "Aggregate","Strategy": "Sorted","Partial Mode": "Partial","Parent Relationship": "Outer","Parallel Aware": false,"Async Capable": false,"Startup Cost": 53706.22,"Total Cost": 53708.99,"Plan Rows": 79,"Plan Width": 168,"Actual Startup Time": 1641.405,"Actual Total Time": 1736.002,"Actual Rows": 175,"Actual Loops": 4,"Group Key": ["nation.n_name", "(EXTRACT(year FROM orders.o_orderdate))"],"Workers": [],"Plans": [{"Node Type": "Sort","Parent Relationship": "Outer","Parallel Aware": false,"Async Capable": false,"Startup Cost": 53706.22,"Total Cost": 53706.42,"Plan Rows": 79,"Plan Width": 159,"Actual Startup Time": 1640.941,"Actual Total Time": 1673.380,"Actual Rows": 81542,"Actual Loops": 4,"Sort Key": ["nation.n_name", "(EXTRACT(year FROM orders.o_orderdate)) DESC"],"Sort Method": "quicksort","Sort Space Used": 11097,"Sort Space Type": "Memory","Workers": [{"Worker Number": 0,"Sort Method": "quicksort","Sort Space Used": 11309,"Sort Space Type": "Memory"},{"Worker Number": 1,"Sort Method": "quicksort","Sort Space Used": 10929,"Sort Space Type": "Memory"},{"Worker Number": 2,"Sort Method": "quicksort","Sort Space Used": 11435,"Sort Space Type": "Memory"}],"Plans": [{"Node Type": "Hash Join","Parent Relationship": "Outer","Parallel Aware": false,"Async Capable": false,"Join Type": "Inner","Startup Cost": 5246.60,"Total Cost": 53703.73,"Plan Rows": 79,"Plan Width": 159,"Actual Startup Time": 23.772,"Actual Total Time": 1540.996,"Actual Rows": 81542,"Actual Loops": 4,"Inner Unique": true,"Hash Cond": "(supplier.s_nationkey = nation.n_nationkey)","Workers": [],"Plans": [{"Node Type": "Nested Loop","Parent Relationship": "Outer","Parallel Aware": false,"Async Capable": false,"Join Type": "Inner","Startup Cost": 5245.04,"Total Cost": 53701.73,"Plan Rows": 79,"Plan Width": 31,"Actual Startup Time": 23.575,"Actual Total Time": 1517.770,"Actual Rows": 81542,"Actual Loops": 4,"Inner Unique": true,"Workers": [],"Plans": [{"Node Type": "Nested Loop","Parent Relationship": "Outer","Parallel Aware": false,"Async Capable": false,"Join Type": "Inner","Startup Cost": 5244.61,"Total Cost": 53664.99,"Plan Rows": 79,"Plan Width": 31,"Actual Startup Time": 23.500,"Actual Total Time": 784.781,"Actual Rows": 81542,"Actual Loops": 4,"Inner Unique": true,"Workers": [],"Plans": [{"Node Type": "Nested Loop","Parent Relationship": "Outer","Parallel Aware": false,"Async Capable": false,"Join Type": "Inner","Startup Cost": 5244.32,"Total Cost": 53641.08,"Plan Rows": 79,"Plan Width": 35,"Actual Startup Time": 23.443,"Actual Total Time": 647.674,"Actual Rows": 81542,"Actual Loops": 4,"Inner Unique": false,"Workers": [],"Plans": [{"Node Type": "Hash Join","Parent Relationship": "Outer","Parallel Aware": true,"Async Capable": false,"Join Type": "Inner","Startup Cost": 5243.89,"Total Cost": 25952.97,"Plan Rows": 26067,"Plan Width": 18,"Actual Startup Time": 23.378,"Actual Total Time": 190.584,"Actual Rows": 10873,"Actual Loops": 4,"Inner Unique": true,"Hash Cond": "(partsupp.ps_partkey = part.p_partkey)","Workers": [],"Plans": [{"Node Type": "Seq Scan","Parent Relationship": "Outer","Parallel Aware": true,"Async Capable": false,"Relation Name": "partsupp","Alias": "partsupp","Startup Cost": 0.00,"Total Cost": 20031.65,"Plan Rows": 258065,"Plan Width": 14,"Actual Startup Time": 0.016,"Actual Total Time": 42.639,"Actual Rows": 200000,"Actual Loops": 4,"Workers": []},{"Node Type": "Hash","Parent Relationship": "Inner","Parallel Aware": true,"Async Capable": false,"Startup Cost": 5138.67,"Total Cost": 5138.67,"Plan Rows": 8418,"Plan Width": 4,"Actual Startup Time": 23.128,"Actual Total Time": 23.145,"Actual Rows": 2718,"Actual Loops": 4,"Hash Buckets": 32768,"Original Hash Buckets": 32768,"Hash Batches": 1,"Original Hash Batches": 1,"Peak Memory Usage": 704,"Workers": [],"Plans": [{"Node Type": "Seq Scan","Parent Relationship": "Outer","Parallel Aware": true,"Async Capable": false,"Relation Name": "part","Alias": "part","Startup Cost": 0.00,"Total Cost": 5138.67,"Plan Rows": 8418,"Plan Width": 4,"Actual Startup Time": 0.058,"Actual Total Time": 21.650,"Actual Rows": 2718,"Actual Loops": 4,"Filter": "((p_name)::text ~~ '%linen%'::text)","Rows Removed by Filter": 47282,"Workers": []}]}]},{"Node Type": "Index Scan","Parent Relationship": "Inner","Parallel Aware": false,"Async Capable": false,"Scan Direction": "Forward","Index Name": "idx_lineitem_part_supp","Relation Name": "lineitem","Alias": "lineitem","Startup Cost": 0.43,"Total Cost": 1.05,"Plan Rows": 1,"Plan Width": 29,"Actual Startup Time": 0.006,"Actual Total Time": 0.041,"Actual Rows": 7,"Actual Loops": 43492,"Index Cond": "((l_partkey = partsupp.ps_partkey) AND (l_suppkey = partsupp.ps_suppkey))","Rows Removed by Index Recheck": 0,"Workers": []}]},{"Node Type": "Index Scan","Parent Relationship": "Inner","Parallel Aware": false,"Async Capable": false,"Scan Direction": "Forward","Index Name": "supplier_pkey","Relation Name": "supplier","Alias": "supplier","Startup Cost": 0.29,"Total Cost": 0.30,"Plan Rows": 1,"Plan Width": 8,"Actual Startup Time": 0.001,"Actual Total Time": 0.001,"Actual Rows": 1,"Actual Loops": 326170,"Index Cond": "(s_suppkey = lineitem.l_suppkey)","Rows Removed by Index Recheck": 0,"Workers": []}]},{"Node Type": "Index Scan","Parent Relationship": "Inner","Parallel Aware": false,"Async Capable": false,"Scan Direction": "Forward","Index Name": "orders_pkey","Relation Name": "orders","Alias": "orders","Startup Cost": 0.43,"Total Cost": 0.47,"Plan Rows": 1,"Plan Width": 8,"Actual Startup Time": 0.009,"Actual Total Time": 0.009,"Actual Rows": 1,"Actual Loops": 326170,"Index Cond": "(o_orderkey = lineitem.l_orderkey)","Rows Removed by Index Recheck": 0,"Workers": []}]},{"Node Type": "Hash","Parent Relationship": "Inner","Parallel Aware": false,"Async Capable": false,"Startup Cost": 1.25,"Total Cost": 1.25,"Plan Rows": 25,"Plan Width": 108,"Actual Startup Time": 0.077,"Actual Total Time": 0.084,"Actual Rows": 25,"Actual Loops": 4,"Hash Buckets": 1024,"Original Hash Buckets": 1024,"Hash Batches": 1,"Original Hash Batches": 1,"Peak Memory Usage": 10,"Workers": [],"Plans": [{"Node Type": "Seq Scan","Parent Relationship": "Outer","Parallel Aware": false,"Async Capable": false,"Relation Name": "nation","Alias": "nation","Startup Cost": 0.00,"Total Cost": 1.25,"Plan Rows": 25,"Plan Width": 108,"Actual Startup Time": 0.049,"Actual Total Time": 0.057,"Actual Rows": 25,"Actual Loops": 4,"Workers": []}]}]}]}]}]}]},"Planning Time": 12.571,"Triggers": [],"Execution Time": 1831.398}]
[{"Plan": {"Node Type": "Aggregate","Strategy": "Sorted","Partial Mode": "Finalize","Parallel Aware": false,"Async Capable": false,"Startup Cost": 28858.40,"Total Cost": 28868.07,"Plan Rows": 73,"Plan Width": 168,"Actual Startup Time": 2433.385,"Actual Total Time": 2598.575,"Actual Rows": 175,"Actual Loops": 1,"Group Key": ["nation.n_name", "(EXTRACT(year FROM orders.o_orderdate))"],"Plans": [{"Node Type": "Gather Merge","Parent Relationship": "Outer","Parallel Aware": false,"Async Capable": false,"Startup Cost": 28858.40,"Total Cost": 28866.38,"Plan Rows": 60,"Plan Width": 168,"Actual Startup Time": 2431.438,"Actual Total Time": 2598.048,"Actual Rows": 525,"Actual Loops": 1,"Workers Planned": 2,"Workers Launched": 2,"Plans": [{"Node Type": "Aggregate","Strategy": "Sorted","Partial Mode": "Partial","Parent Relationship": "Outer","Parallel Aware": false,"Async Capable": false,"Startup Cost": 27858.38,"Total Cost": 27859.43,"Plan Rows": 30,"Plan Width": 168,"Actual Startup Time": 2301.530,"Actual Total Time": 2432.114,"Actual Rows": 175,"Actual Loops": 3,"Group Key": ["nation.n_name", "(EXTRACT(year FROM orders.o_orderdate))"],"Workers": [],"Plans": [{"Node Type": "Sort","Parent Relationship": "Outer","Parallel Aware": false,"Async Capable": false,"Startup Cost": 27858.38,"Total Cost": 27858.46,"Plan Rows": 30,"Plan Width": 159,"Actual Startup Time": 2300.992,"Actual Total Time": 2347.199,"Actual Rows": 108766,"Actual Loops": 3,"Sort Key": ["nation.n_name", "(EXTRACT(year FROM orders.o_orderdate)) DESC"],"Sort Method": "quicksort","Sort Space Used": 13491,"Sort Space Type": "Memory","Workers": [{"Worker Number": 0,"Sort Method": "quicksort","Sort Space Used": 14063,"Sort Space Type": "Memory"},{"Worker Number": 1,"Sort Method": "quicksort","Sort Space Used": 14152,"Sort Space Type": "Memory"}],"Plans": [{"Node Type": "Hash Join","Parent Relationship": "Outer","Parallel Aware": false,"Async Capable": false,"Join Type": "Inner","Startup Cost": 3.13,"Total Cost": 27857.64,"Plan Rows": 30,"Plan Width": 159,"Actual Startup Time": 0.556,"Actual Total Time": 2149.836,"Actual Rows": 108766,"Actual Loops": 3,"Inner Unique": true,"Hash Cond": "(supplier.s_nationkey = nation.n_nationkey)","Workers": [],"Plans": [{"Node Type": "Nested Loop","Parent Relationship": "Outer","Parallel Aware": false,"Async Capable": false,"Join Type": "Inner","Startup Cost": 1.57,"Total Cost": 27855.92,"Plan Rows": 30,"Plan Width": 31,"Actual Startup Time": 0.420,"Actual Total Time": 2117.705,"Actual Rows": 108766,"Actual Loops": 3,"Inner Unique": true,"Workers": [],"Plans": [{"Node Type": "Nested Loop","Parent Relationship": "Outer","Parallel Aware": false,"Async Capable": false,"Join Type": "Inner","Startup Cost": 1.14,"Total Cost": 27841.96,"Plan Rows": 30,"Plan Width": 31,"Actual Startup Time": 0.326,"Actual Total Time": 987.272,"Actual Rows": 108766,"Actual Loops": 3,"Inner Unique": true,"Workers": [],"Plans": [{"Node Type": "Nested Loop","Parent Relationship": "Outer","Parallel Aware": false,"Async Capable": false,"Join Type": "Inner","Startup Cost": 0.86,"Total Cost": 27832.88,"Plan Rows": 30,"Plan Width": 35,"Actual Startup Time": 0.242,"Actual Total Time": 803.252,"Actual Rows": 108766,"Actual Loops": 3,"Inner Unique": false,"Workers": [],"Plans": [{"Node Type": "Nested Loop","Parent Relationship": "Outer","Parallel Aware": false,"Async Capable": false,"Join Type": "Inner","Startup Cost": 0.42,"Total Cost": 17103.70,"Plan Rows": 10101,"Plan Width": 18,"Actual Startup Time": 0.158,"Actual Total Time": 119.708,"Actual Rows": 14507,"Actual Loops": 3,"Inner Unique": false,"Workers": [],"Plans": [{"Node Type": "Seq Scan","Parent Relationship": "Outer","Parallel Aware": true,"Async Capable": false,"Relation Name": "part","Alias": "part","Startup Cost": 0.00,"Total Cost": 5138.67,"Plan Rows": 2525,"Plan Width": 4,"Actual Startup Time": 0.041,"Actual Total Time": 51.865,"Actual Rows": 3627,"Actual Loops": 3,"Filter": "((p_name)::text ~~ '%azure%'::text)","Rows Removed by Filter": 63040,"Workers": []},{"Node Type": "Index Scan","Parent Relationship": "Inner","Parallel Aware": false,"Async Capable": false,"Scan Direction": "Forward","Index Name": "idx_partsupp_partkey","Relation Name": "partsupp","Alias": "partsupp","Startup Cost": 0.42,"Total Cost": 4.70,"Plan Rows": 4,"Plan Width": 14,"Actual Startup Time": 0.014,"Actual Total Time": 0.018,"Actual Rows": 4,"Actual Loops": 10880,"Index Cond": "(ps_partkey = part.p_partkey)","Rows Removed by Index Recheck": 0,"Workers": []}]},{"Node Type": "Index Scan","Parent Relationship": "Inner","Parallel Aware": false,"Async Capable": false,"Scan Direction": "Forward","Index Name": "idx_lineitem_part_supp","Relation Name": "lineitem","Alias": "lineitem","Startup Cost": 0.43,"Total Cost": 1.05,"Plan Rows": 1,"Plan Width": 29,"Actual Startup Time": 0.007,"Actual Total Time": 0.045,"Actual Rows": 7,"Actual Loops": 43520,"Index Cond": "((l_partkey = partsupp.ps_partkey) AND (l_suppkey = partsupp.ps_suppkey))","Rows Removed by Index Recheck": 0,"Workers": []}]},{"Node Type": "Index Scan","Parent Relationship": "Inner","Parallel Aware": false,"Async Capable": false,"Scan Direction": "Forward","Index Name": "supplier_pkey","Relation Name": "supplier","Alias": "supplier","Startup Cost": 0.29,"Total Cost": 0.30,"Plan Rows": 1,"Plan Width": 8,"Actual Startup Time": 0.001,"Actual Total Time": 0.001,"Actual Rows": 1,"Actual Loops": 326297,"Index Cond": "(s_suppkey = lineitem.l_suppkey)","Rows Removed by Index Recheck": 0,"Workers": []}]},{"Node Type": "Index Scan","Parent Relationship": "Inner","Parallel Aware": false,"Async Capable": false,"Scan Direction": "Forward","Index Name": "orders_pkey","Relation Name": "orders","Alias": "orders","Startup Cost": 0.43,"Total Cost": 0.47,"Plan Rows": 1,"Plan Width": 8,"Actual Startup Time": 0.010,"Actual Total Time": 0.010,"Actual Rows": 1,"Actual Loops": 326297,"Index Cond": "(o_orderkey = lineitem.l_orderkey)","Rows Removed by Index Recheck": 0,"Workers": []}]},{"Node Type": "Hash","Parent Relationship": "Inner","Parallel Aware": false,"Async Capable": false,"Startup Cost": 1.25,"Total Cost": 1.25,"Plan Rows": 25,"Plan Width": 108,"Actual Startup Time": 0.059,"Actual Total Time": 0.066,"Actual Rows": 25,"Actual Loops": 3,"Hash Buckets": 1024,"Original Hash Buckets": 1024,"Hash Batches": 1,"Original Hash Batches": 1,"Peak Memory Usage": 10,"Workers": [],"Plans": [{"Node Type": "Seq Scan","Parent Relationship": "Outer","Parallel Aware": false,"Async Capable": false,"Relation Name": "nation","Alias": "nation","Startup Cost": 0.00,"Total Cost": 1.25,"Plan Rows": 25,"Plan Width": 108,"Actual Startup Time": 0.042,"Actual Total Time": 0.046,"Actual Rows": 25,"Actual Loops": 3,"Workers": []}]}]}]}]}]}]},"Planning Time": 11.434,"Triggers": [],"Execution Time": 2600.707}]
[{"Plan": {"Node Type": "Aggregate","Strategy": "Sorted","Partial Mode": "Finalize","Parallel Aware": false,"Async Capable": false,"Startup Cost": 47355.08,"Total Cost": 47374.71,"Plan Rows": 146,"Plan Width": 168,"Actual Startup Time": 2418.586,"Actual Total Time": 2591.239,"Actual Rows": 175,"Actual Loops": 1,"Group Key": ["nation.n_name", "(EXTRACT(year FROM orders.o_orderdate))"],"Plans": [{"Node Type": "Gather Merge","Parent Relationship": "Outer","Parallel Aware": false,"Async Capable": false,"Startup Cost": 47355.08,"Total Cost": 47371.30,"Plan Rows": 122,"Plan Width": 168,"Actual Startup Time": 2416.412,"Actual Total Time": 2590.812,"Actual Rows": 525,"Actual Loops": 1,"Workers Planned": 2,"Workers Launched": 2,"Plans": [{"Node Type": "Aggregate","Strategy": "Sorted","Partial Mode": "Partial","Parent Relationship": "Outer","Parallel Aware": false,"Async Capable": false,"Startup Cost": 46355.06,"Total Cost": 46357.20,"Plan Rows": 61,"Plan Width": 168,"Actual Startup Time": 2299.702,"Actual Total Time": 2424.397,"Actual Rows": 175,"Actual Loops": 3,"Group Key": ["nation.n_name", "(EXTRACT(year FROM orders.o_orderdate))"],"Workers": [],"Plans": [{"Node Type": "Sort","Parent Relationship": "Outer","Parallel Aware": false,"Async Capable": false,"Startup Cost": 46355.06,"Total Cost": 46355.21,"Plan Rows": 61,"Plan Width": 159,"Actual Startup Time": 2299.056,"Actual Total Time": 2340.972,"Actual Rows": 108881,"Actual Loops": 3,"Sort Key": ["nation.n_name", "(EXTRACT(year FROM orders.o_orderdate)) DESC"],"Sort Method": "quicksort","Sort Space Used": 13487,"Sort Space Type": "Memory","Workers": [{"Worker Number": 0,"Sort Method": "quicksort","Sort Space Used": 14047,"Sort Space Type": "Memory"},{"Worker Number": 1,"Sort Method": "quicksort","Sort Space Used": 14209,"Sort Space Type": "Memory"}],"Plans": [{"Node Type": "Hash Join","Parent Relationship": "Outer","Parallel Aware": false,"Async Capable": false,"Join Type": "Inner","Startup Cost": 3.13,"Total Cost": 46353.25,"Plan Rows": 61,"Plan Width": 159,"Actual Startup Time": 0.636,"Actual Total Time": 2147.342,"Actual Rows": 108881,"Actual Loops": 3,"Inner Unique": true,"Hash Cond": "(supplier.s_nationkey = nation.n_nationkey)","Workers": [],"Plans": [{"Node Type": "Nested Loop","Parent Relationship": "Outer","Parallel Aware": false,"Async Capable": false,"Join Type": "Inner","Startup Cost": 1.57,"Total Cost": 46351.35,"Plan Rows": 61,"Plan Width": 31,"Actual Startup Time": 0.492,"Actual Total Time": 2115.417,"Actual Rows": 108881,"Actual Loops": 3,"Inner Unique": true,"Workers": [],"Plans": [{"Node Type": "Nested Loop","Parent Relationship": "Outer","Parallel Aware": false,"Async Capable": false,"Join Type": "Inner","Startup Cost": 1.14,"Total Cost": 46322.98,"Plan Rows": 61,"Plan Width": 31,"Actual Startup Time": 0.372,"Actual Total Time": 983.625,"Actual Rows": 108881,"Actual Loops": 3,"Inner Unique": true,"Workers": [],"Plans": [{"Node Type": "Nested Loop","Parent Relationship": "Outer","Parallel Aware": false,"Async Capable": false,"Join Type": "Inner","Startup Cost": 0.86,"Total Cost": 46304.52,"Plan Rows": 61,"Plan Width": 35,"Actual Startup Time": 0.292,"Actual Total Time": 798.758,"Actual Rows": 108881,"Actual Loops": 3,"Inner Unique": false,"Workers": [],"Plans": [{"Node Type": "Nested Loop","Parent Relationship": "Outer","Parallel Aware": false,"Async Capable": false,"Join Type": "Inner","Startup Cost": 0.42,"Total Cost": 24846.16,"Plan Rows": 20202,"Plan Width": 18,"Actual Startup Time": 0.179,"Actual Total Time": 119.288,"Actual Rows": 14596,"Actual Loops": 3,"Inner Unique": false,"Workers": [],"Plans": [{"Node Type": "Seq Scan","Parent Relationship": "Outer","Parallel Aware": true,"Async Capable": false,"Relation Name": "part","Alias": "part","Startup Cost": 0.00,"Total Cost": 5138.67,"Plan Rows": 5051,"Plan Width": 4,"Actual Startup Time": 0.048,"Actual Total Time": 51.476,"Actual Rows": 3649,"Actual Loops": 3,"Filter": "((p_name)::text ~~ '%saddle%'::text)","Rows Removed by Filter": 63018,"Workers": []},{"Node Type": "Index Scan","Parent Relationship": "Inner","Parallel Aware": false,"Async Capable": false,"Scan Direction": "Forward","Index Name": "idx_partsupp_partkey","Relation Name": "partsupp","Alias": "partsupp","Startup Cost": 0.42,"Total Cost": 3.86,"Plan Rows": 4,"Plan Width": 14,"Actual Startup Time": 0.014,"Actual Total Time": 0.018,"Actual Rows": 4,"Actual Loops": 10947,"Index Cond": "(ps_partkey = part.p_partkey)","Rows Removed by Index Recheck": 0,"Workers": []}]},{"Node Type": "Index Scan","Parent Relationship": "Inner","Parallel Aware": false,"Async Capable": false,"Scan Direction": "Forward","Index Name": "idx_lineitem_part_supp","Relation Name": "lineitem","Alias": "lineitem","Startup Cost": 0.43,"Total Cost": 1.05,"Plan Rows": 1,"Plan Width": 29,"Actual Startup Time": 0.007,"Actual Total Time": 0.045,"Actual Rows": 7,"Actual Loops": 43788,"Index Cond": "((l_partkey = partsupp.ps_partkey) AND (l_suppkey = partsupp.ps_suppkey))","Rows Removed by Index Recheck": 0,"Workers": []}]},{"Node Type": "Index Scan","Parent Relationship": "Inner","Parallel Aware": false,"Async Capable": false,"Scan Direction": "Forward","Index Name": "supplier_pkey","Relation Name": "supplier","Alias": "supplier","Startup Cost": 0.29,"Total Cost": 0.30,"Plan Rows": 1,"Plan Width": 8,"Actual Startup Time": 0.001,"Actual Total Time": 0.001,"Actual Rows": 1,"Actual Loops": 326644,"Index Cond": "(s_suppkey = lineitem.l_suppkey)","Rows Removed by Index Recheck": 0,"Workers": []}]},{"Node Type": "Index Scan","Parent Relationship": "Inner","Parallel Aware": false,"Async Capable": false,"Scan Direction": "Forward","Index Name": "orders_pkey","Relation Name": "orders","Alias": "orders","Startup Cost": 0.43,"Total Cost": 0.47,"Plan Rows": 1,"Plan Width": 8,"Actual Startup Time": 0.010,"Actual Total Time": 0.010,"Actual Rows": 1,"Actual Loops": 326644,"Index Cond": "(o_orderkey = lineitem.l_orderkey)","Rows Removed by Index Recheck": 0,"Workers": []}]},{"Node Type": "Hash","Parent Relationship": "Inner","Parallel Aware": false,"Async Capable": false,"Startup Cost": 1.25,"Total Cost": 1.25,"Plan Rows": 25,"Plan Width": 108,"Actual Startup Time": 0.067,"Actual Total Time": 0.078,"Actual Rows": 25,"Actual Loops": 3,"Hash Buckets": 1024,"Original Hash Buckets": 1024,"Hash Batches": 1,"Original Hash Batches": 1,"Peak Memory Usage": 10,"Workers": [],"Plans": [{"Node Type": "Seq Scan","Parent Relationship": "Outer","Parallel Aware": false,"Async Capable": false,"Relation Name": "nation","Alias": "nation","Startup Cost": 0.00,"Total Cost": 1.25,"Plan Rows": 25,"Plan Width": 108,"Actual Startup Time": 0.044,"Actual Total Time": 0.050,"Actual Rows": 25,"Actual Loops": 3,"Workers": []}]}]}]}]}]}]},"Planning Time": 12.299,"Triggers": [],"Execution Time": 2594.723}]
[{"Plan": {"Node Type": "Aggregate","Strategy": "Sorted","Partial Mode": "Finalize","Parallel Aware": false,"Async Capable": false,"Startup Cost": 46348.90,"Total Cost": 46374.41,"Plan Rows": 170,"Plan Width": 168,"Actual Startup Time": 1723.493,"Actual Total Time": 1859.527,"Actual Rows": 175,"Actual Loops": 1,"Group Key": ["nation.n_name", "(EXTRACT(year FROM orders.o_orderdate))"],"Plans": [{"Node Type": "Gather Merge","Parent Relationship": "Outer","Parallel Aware": false,"Async Capable": false,"Startup Cost": 46348.90,"Total Cost": 46370.21,"Plan Rows": 165,"Plan Width": 168,"Actual Startup Time": 1722.182,"Actual Total Time": 1859.079,"Actual Rows": 700,"Actual Loops": 1,"Workers Planned": 3,"Workers Launched": 3,"Plans": [{"Node Type": "Aggregate","Strategy": "Sorted","Partial Mode": "Partial","Parent Relationship": "Outer","Parallel Aware": false,"Async Capable": false,"Startup Cost": 45348.86,"Total Cost": 45350.79,"Plan Rows": 55,"Plan Width": 168,"Actual Startup Time": 1656.882,"Actual Total Time": 1751.105,"Actual Rows": 175,"Actual Loops": 4,"Group Key": ["nation.n_name", "(EXTRACT(year FROM orders.o_orderdate))"],"Workers": [],"Plans": [{"Node Type": "Sort","Parent Relationship": "Outer","Parallel Aware": false,"Async Capable": false,"Startup Cost": 45348.86,"Total Cost": 45349.00,"Plan Rows": 55,"Plan Width": 159,"Actual Startup Time": 1656.482,"Actual Total Time": 1688.020,"Actual Rows": 82329,"Actual Loops": 4,"Sort Key": ["nation.n_name", "(EXTRACT(year FROM orders.o_orderdate)) DESC"],"Sort Method": "quicksort","Sort Space Used": 11581,"Sort Space Type": "Memory","Workers": [{"Worker Number": 0,"Sort Method": "quicksort","Sort Space Used": 11149,"Sort Space Type": "Memory"},{"Worker Number": 1,"Sort Method": "quicksort","Sort Space Used": 11206,"Sort Space Type": "Memory"},{"Worker Number": 2,"Sort Method": "quicksort","Sort Space Used": 11149,"Sort Space Type": "Memory"}],"Plans": [{"Node Type": "Hash Join","Parent Relationship": "Outer","Parallel Aware": false,"Async Capable": false,"Join Type": "Inner","Startup Cost": 5215.02,"Total Cost": 45347.27,"Plan Rows": 55,"Plan Width": 159,"Actual Startup Time": 22.822,"Actual Total Time": 1557.570,"Actual Rows": 82329,"Actual Loops": 4,"Inner Unique": true,"Hash Cond": "(supplier.s_nationkey = nation.n_nationkey)","Workers": [],"Plans": [{"Node Type": "Nested Loop","Parent Relationship": "Outer","Parallel Aware": false,"Async Capable": false,"Join Type": "Inner","Startup Cost": 5213.46,"Total Cost": 45345.40,"Plan Rows": 55,"Plan Width": 31,"Actual Startup Time": 22.599,"Actual Total Time": 1533.905,"Actual Rows": 82329,"Actual Loops": 4,"Inner Unique": true,"Workers": [],"Plans": [{"Node Type": "Nested Loop","Parent Relationship": "Outer","Parallel Aware": false,"Async Capable": false,"Join Type": "Inner","Startup Cost": 5213.03,"Total Cost": 45319.82,"Plan Rows": 55,"Plan Width": 31,"Actual Startup Time": 22.531,"Actual Total Time": 799.967,"Actual Rows": 82329,"Actual Loops": 4,"Inner Unique": true,"Workers": [],"Plans": [{"Node Type": "Nested Loop","Parent Relationship": "Outer","Parallel Aware": false,"Async Capable": false,"Join Type": "Inner","Startup Cost": 5212.75,"Total Cost": 45303.17,"Plan Rows": 55,"Plan Width": 35,"Actual Startup Time": 22.487,"Actual Total Time": 661.259,"Actual Rows": 82329,"Actual Loops": 4,"Inner Unique": false,"Workers": [],"Plans": [{"Node Type": "Hash Join","Parent Relationship": "Outer","Parallel Aware": true,"Async Capable": false,"Join Type": "Inner","Startup Cost": 5212.32,"Total Cost": 25921.39,"Plan Rows": 18247,"Plan Width": 18,"Actual Startup Time": 22.414,"Actual Total Time": 195.633,"Actual Rows": 10963,"Actual Loops": 4,"Inner Unique": true,"Hash Cond": "(partsupp.ps_partkey = part.p_partkey)","Workers": [],"Plans": [{"Node Type": "Seq Scan","Parent Relationship": "Outer","Parallel Aware": true,"Async Capable": false,"Relation Name": "partsupp","Alias": "partsupp","Startup Cost": 0.00,"Total Cost": 20031.65,"Plan Rows": 258065,"Plan Width": 14,"Actual Startup Time": 0.017,"Actual Total Time": 41.561,"Actual Rows": 200000,"Actual Loops": 4,"Workers": []},{"Node Type": "Hash","Parent Relationship": "Inner","Parallel Aware": true,"Async Capable": false,"Startup Cost": 5138.67,"Total Cost": 5138.67,"Plan Rows": 5892,"Plan Width": 4,"Actual Startup Time": 22.190,"Actual Total Time": 22.200,"Actual Rows": 2741,"Actual Loops": 4,"Hash Buckets": 16384,"Original Hash Buckets": 16384,"Hash Batches": 1,"Original Hash Batches": 1,"Peak Memory Usage": 608,"Workers": [],"Plans": [{"Node Type": "Seq Scan","Parent Relationship": "Outer","Parallel Aware": true,"Async Capable": false,"Relation Name": "part","Alias": "part","Startup Cost": 0.00,"Total Cost": 5138.67,"Plan Rows": 5892,"Plan Width": 4,"Actual Startup Time": 0.074,"Actual Total Time": 20.472,"Actual Rows": 2741,"Actual Loops": 4,"Filter": "((p_name)::text ~~ '%maroon%'::text)","Rows Removed by Filter": 47259,"Workers": []}]}]},{"Node Type": "Index Scan","Parent Relationship": "Inner","Parallel Aware": false,"Async Capable": false,"Scan Direction": "Forward","Index Name": "idx_lineitem_part_supp","Relation Name": "lineitem","Alias": "lineitem","Startup Cost": 0.43,"Total Cost": 1.05,"Plan Rows": 1,"Plan Width": 29,"Actual Startup Time": 0.006,"Actual Total Time": 0.041,"Actual Rows": 8,"Actual Loops": 43852,"Index Cond": "((l_partkey = partsupp.ps_partkey) AND (l_suppkey = partsupp.ps_suppkey))","Rows Removed by Index Recheck": 0,"Workers": []}]},{"Node Type": "Index Scan","Parent Relationship": "Inner","Parallel Aware": false,"Async Capable": false,"Scan Direction": "Forward","Index Name": "supplier_pkey","Relation Name": "supplier","Alias": "supplier","Startup Cost": 0.29,"Total Cost": 0.30,"Plan Rows": 1,"Plan Width": 8,"Actual Startup Time": 0.001,"Actual Total Time": 0.001,"Actual Rows": 1,"Actual Loops": 329315,"Index Cond": "(s_suppkey = lineitem.l_suppkey)","Rows Removed by Index Recheck": 0,"Workers": []}]},{"Node Type": "Index Scan","Parent Relationship": "Inner","Parallel Aware": false,"Async Capable": false,"Scan Direction": "Forward","Index Name": "orders_pkey","Relation Name": "orders","Alias": "orders","Startup Cost": 0.43,"Total Cost": 0.47,"Plan Rows": 1,"Plan Width": 8,"Actual Startup Time": 0.009,"Actual Total Time": 0.009,"Actual Rows": 1,"Actual Loops": 329315,"Index Cond": "(o_orderkey = lineitem.l_orderkey)","Rows Removed by Index Recheck": 0,"Workers": []}]},{"Node Type": "Hash","Parent Relationship": "Inner","Parallel Aware": false,"Async Capable": false,"Startup Cost": 1.25,"Total Cost": 1.25,"Plan Rows": 25,"Plan Width": 108,"Actual Startup Time": 0.106,"Actual Total Time": 0.111,"Actual Rows": 25,"Actual Loops": 4,"Hash Buckets": 1024,"Original Hash Buckets": 1024,"Hash Batches": 1,"Original Hash Batches": 1,"Peak Memory Usage": 10,"Workers": [],"Plans": [{"Node Type": "Seq Scan","Parent Relationship": "Outer","Parallel Aware": false,"Async Capable": false,"Relation Name": "nation","Alias": "nation","Startup Cost": 0.00,"Total Cost": 1.25,"Plan Rows": 25,"Plan Width": 108,"Actual Startup Time": 0.074,"Actual Total Time": 0.080,"Actual Rows": 25,"Actual Loops": 4,"Workers": []}]}]}]}]}]}]},"Planning Time": 11.867,"Triggers": [],"Execution Time": 1860.481}]
[{"Plan": {"Node Type": "Aggregate","Strategy": "Sorted","Partial Mode": "Finalize","Parallel Aware": false,"Async Capable": false,"Startup Cost": 41381.04,"Total Cost": 41397.45,"Plan Rows": 122,"Plan Width": 168,"Actual Startup Time": 2449.053,"Actual Total Time": 2635.568,"Actual Rows": 175,"Actual Loops": 1,"Group Key": ["nation.n_name", "(EXTRACT(year FROM orders.o_orderdate))"],"Plans": [{"Node Type": "Gather Merge","Parent Relationship": "Outer","Parallel Aware": false,"Async Capable": false,"Startup Cost": 41381.04,"Total Cost": 41394.60,"Plan Rows": 102,"Plan Width": 168,"Actual Startup Time": 2447.324,"Actual Total Time": 2635.159,"Actual Rows": 525,"Actual Loops": 1,"Workers Planned": 2,"Workers Launched": 2,"Plans": [{"Node Type": "Aggregate","Strategy": "Sorted","Partial Mode": "Partial","Parent Relationship": "Outer","Parallel Aware": false,"Async Capable": false,"Startup Cost": 40381.01,"Total Cost": 40382.80,"Plan Rows": 51,"Plan Width": 168,"Actual Startup Time": 2331.740,"Actual Total Time": 2482.748,"Actual Rows": 175,"Actual Loops": 3,"Group Key": ["nation.n_name", "(EXTRACT(year FROM orders.o_orderdate))"],"Workers": [],"Plans": [{"Node Type": "Sort","Parent Relationship": "Outer","Parallel Aware": false,"Async Capable": false,"Startup Cost": 40381.01,"Total Cost": 40381.14,"Plan Rows": 51,"Plan Width": 159,"Actual Startup Time": 2331.039,"Actual Total Time": 2387.406,"Actual Rows": 108809,"Actual Loops": 3,"Sort Key": ["nation.n_name", "(EXTRACT(year FROM orders.o_orderdate)) DESC"],"Sort Method": "quicksort","Sort Space Used": 14620,"Sort Space Type": "Memory","Workers": [{"Worker Number": 0,"Sort Method": "quicksort","Sort Space Used": 13545,"Sort Space Type": "Memory"},{"Worker Number": 1,"Sort Method": "quicksort","Sort Space Used": 13555,"Sort Space Type": "Memory"}],"Plans": [{"Node Type": "Hash Join","Parent Relationship": "Outer","Parallel Aware": false,"Async Capable": false,"Join Type": "Inner","Startup Cost": 3.13,"Total Cost": 40379.57,"Plan Rows": 51,"Plan Width": 159,"Actual Startup Time": 0.737,"Actual Total Time": 2187.041,"Actual Rows": 108809,"Actual Loops": 3,"Inner Unique": true,"Hash Cond": "(supplier.s_nationkey = nation.n_nationkey)","Workers": [],"Plans": [{"Node Type": "Nested Loop","Parent Relationship": "Outer","Parallel Aware": false,"Async Capable": false,"Join Type": "Inner","Startup Cost": 1.57,"Total Cost": 40377.72,"Plan Rows": 51,"Plan Width": 31,"Actual Startup Time": 0.552,"Actual Total Time": 2155.488,"Actual Rows": 108809,"Actual Loops": 3,"Inner Unique": true,"Workers": [],"Plans": [{"Node Type": "Nested Loop","Parent Relationship": "Outer","Parallel Aware": false,"Async Capable": false,"Join Type": "Inner","Startup Cost": 1.14,"Total Cost": 40354.00,"Plan Rows": 51,"Plan Width": 31,"Actual Startup Time": 0.419,"Actual Total Time": 1005.505,"Actual Rows": 108809,"Actual Loops": 3,"Inner Unique": true,"Workers": [],"Plans": [{"Node Type": "Nested Loop","Parent Relationship": "Outer","Parallel Aware": false,"Async Capable": false,"Join Type": "Inner","Startup Cost": 0.86,"Total Cost": 40338.56,"Plan Rows": 51,"Plan Width": 35,"Actual Startup Time": 0.336,"Actual Total Time": 819.466,"Actual Rows": 108809,"Actual Loops": 3,"Inner Unique": false,"Workers": [],"Plans": [{"Node Type": "Nested Loop","Parent Relationship": "Outer","Parallel Aware": false,"Async Capable": false,"Join Type": "Inner","Startup Cost": 0.42,"Total Cost": 22456.59,"Plan Rows": 16835,"Plan Width": 18,"Actual Startup Time": 0.212,"Actual Total Time": 113.652,"Actual Rows": 14564,"Actual Loops": 3,"Inner Unique": false,"Workers": [],"Plans": [{"Node Type": "Seq Scan","Parent Relationship": "Outer","Parallel Aware": true,"Async Capable": false,"Relation Name": "part","Alias": "part","Startup Cost": 0.00,"Total Cost": 5138.67,"Plan Rows": 4209,"Plan Width": 4,"Actual Startup Time": 0.070,"Actual Total Time": 47.906,"Actual Rows": 3641,"Actual Loops": 3,"Filter": "((p_name)::text ~~ '%violet%'::text)","Rows Removed by Filter": 63026,"Workers": []},{"Node Type": "Index Scan","Parent Relationship": "Inner","Parallel Aware": false,"Async Capable": false,"Scan Direction": "Forward","Index Name": "idx_partsupp_partkey","Relation Name": "partsupp","Alias": "partsupp","Startup Cost": 0.42,"Total Cost": 4.07,"Plan Rows": 4,"Plan Width": 14,"Actual Startup Time": 0.013,"Actual Total Time": 0.017,"Actual Rows": 4,"Actual Loops": 10923,"Index Cond": "(ps_partkey = part.p_partkey)","Rows Removed by Index Recheck": 0,"Workers": []}]},{"Node Type": "Index Scan","Parent Relationship": "Inner","Parallel Aware": false,"Async Capable": false,"Scan Direction": "Forward","Index Name": "idx_lineitem_part_supp","Relation Name": "lineitem","Alias": "lineitem","Startup Cost": 0.43,"Total Cost": 1.05,"Plan Rows": 1,"Plan Width": 29,"Actual Startup Time": 0.007,"Actual Total Time": 0.047,"Actual Rows": 7,"Actual Loops": 43692,"Index Cond": "((l_partkey = partsupp.ps_partkey) AND (l_suppkey = partsupp.ps_suppkey))","Rows Removed by Index Recheck": 0,"Workers": []}]},{"Node Type": "Index Scan","Parent Relationship": "Inner","Parallel Aware": false,"Async Capable": false,"Scan Direction": "Forward","Index Name": "supplier_pkey","Relation Name": "supplier","Alias": "supplier","Startup Cost": 0.29,"Total Cost": 0.30,"Plan Rows": 1,"Plan Width": 8,"Actual Startup Time": 0.001,"Actual Total Time": 0.001,"Actual Rows": 1,"Actual Loops": 326428,"Index Cond": "(s_suppkey = lineitem.l_suppkey)","Rows Removed by Index Recheck": 0,"Workers": []}]},{"Node Type": "Index Scan","Parent Relationship": "Inner","Parallel Aware": false,"Async Capable": false,"Scan Direction": "Forward","Index Name": "orders_pkey","Relation Name": "orders","Alias": "orders","Startup Cost": 0.43,"Total Cost": 0.47,"Plan Rows": 1,"Plan Width": 8,"Actual Startup Time": 0.010,"Actual Total Time": 0.010,"Actual Rows": 1,"Actual Loops": 326428,"Index Cond": "(o_orderkey = lineitem.l_orderkey)","Rows Removed by Index Recheck": 0,"Workers": []}]},{"Node Type": "Hash","Parent Relationship": "Inner","Parallel Aware": false,"Async Capable": false,"Startup Cost": 1.25,"Total Cost": 1.25,"Plan Rows": 25,"Plan Width": 108,"Actual Startup Time": 0.086,"Actual Total Time": 0.097,"Actual Rows": 25,"Actual Loops": 3,"Hash Buckets": 1024,"Original Hash Buckets": 1024,"Hash Batches": 1,"Original Hash Batches": 1,"Peak Memory Usage": 10,"Workers": [],"Plans": [{"Node Type": "Seq Scan","Parent Relationship": "Outer","Parallel Aware": false,"Async Capable": false,"Relation Name": "nation","Alias": "nation","Startup Cost": 0.00,"Total Cost": 1.25,"Plan Rows": 25,"Plan Width": 108,"Actual Startup Time": 0.055,"Actual Total Time": 0.061,"Actual Rows": 25,"Actual Loops": 3,"Workers": []}]}]}]}]}]}]},"Planning Time": 11.985,"Triggers": [],"Execution Time": 2638.417}]
[{"Plan": {"Node Type": "Aggregate","Strategy": "Sorted","Partial Mode": "Finalize","Parallel Aware": false,"Async Capable": false,"Startup Cost": 47355.08,"Total Cost": 47374.71,"Plan Rows": 146,"Plan Width": 168,"Actual Startup Time": 2404.605,"Actual Total Time": 2527.805,"Actual Rows": 175,"Actual Loops": 1,"Group Key": ["nation.n_name", "(EXTRACT(year FROM orders.o_orderdate))"],"Plans": [{"Node Type": "Gather Merge","Parent Relationship": "Outer","Parallel Aware": false,"Async Capable": false,"Startup Cost": 47355.08,"Total Cost": 47371.30,"Plan Rows": 122,"Plan Width": 168,"Actual Startup Time": 2403.138,"Actual Total Time": 2527.319,"Actual Rows": 525,"Actual Loops": 1,"Workers Planned": 2,"Workers Launched": 2,"Plans": [{"Node Type": "Aggregate","Strategy": "Sorted","Partial Mode": "Partial","Parent Relationship": "Outer","Parallel Aware": false,"Async Capable": false,"Startup Cost": 46355.06,"Total Cost": 46357.20,"Plan Rows": 61,"Plan Width": 168,"Actual Startup Time": 2302.951,"Actual Total Time": 2432.173,"Actual Rows": 175,"Actual Loops": 3,"Group Key": ["nation.n_name", "(EXTRACT(year FROM orders.o_orderdate))"],"Workers": [],"Plans": [{"Node Type": "Sort","Parent Relationship": "Outer","Parallel Aware": false,"Async Capable": false,"Startup Cost": 46355.06,"Total Cost": 46355.21,"Plan Rows": 61,"Plan Width": 159,"Actual Startup Time": 2302.357,"Actual Total Time": 2345.718,"Actual Rows": 106809,"Actual Loops": 3,"Sort Key": ["nation.n_name", "(EXTRACT(year FROM orders.o_orderdate)) DESC"],"Sort Method": "quicksort","Sort Space Used": 13531,"Sort Space Type": "Memory","Workers": [{"Worker Number": 0,"Sort Method": "quicksort","Sort Space Used": 13799,"Sort Space Type": "Memory"},{"Worker Number": 1,"Sort Method": "quicksort","Sort Space Used": 13795,"Sort Space Type": "Memory"}],"Plans": [{"Node Type": "Hash Join","Parent Relationship": "Outer","Parallel Aware": false,"Async Capable": false,"Join Type": "Inner","Startup Cost": 3.13,"Total Cost": 46353.25,"Plan Rows": 61,"Plan Width": 159,"Actual Startup Time": 0.694,"Actual Total Time": 2145.911,"Actual Rows": 106809,"Actual Loops": 3,"Inner Unique": true,"Hash Cond": "(supplier.s_nationkey = nation.n_nationkey)","Workers": [],"Plans": [{"Node Type": "Nested Loop","Parent Relationship": "Outer","Parallel Aware": false,"Async Capable": false,"Join Type": "Inner","Startup Cost": 1.57,"Total Cost": 46351.35,"Plan Rows": 61,"Plan Width": 31,"Actual Startup Time": 0.511,"Actual Total Time": 2114.024,"Actual Rows": 106809,"Actual Loops": 3,"Inner Unique": true,"Workers": [],"Plans": [{"Node Type": "Nested Loop","Parent Relationship": "Outer","Parallel Aware": false,"Async Capable": false,"Join Type": "Inner","Startup Cost": 1.14,"Total Cost": 46322.98,"Plan Rows": 61,"Plan Width": 31,"Actual Startup Time": 0.389,"Actual Total Time": 980.444,"Actual Rows": 106809,"Actual Loops": 3,"Inner Unique": true,"Workers": [],"Plans": [{"Node Type": "Nested Loop","Parent Relationship": "Outer","Parallel Aware": false,"Async Capable": false,"Join Type": "Inner","Startup Cost": 0.86,"Total Cost": 46304.52,"Plan Rows": 61,"Plan Width": 35,"Actual Startup Time": 0.284,"Actual Total Time": 798.622,"Actual Rows": 106809,"Actual Loops": 3,"Inner Unique": false,"Workers": [],"Plans": [{"Node Type": "Nested Loop","Parent Relationship": "Outer","Parallel Aware": false,"Async Capable": false,"Join Type": "Inner","Startup Cost": 0.42,"Total Cost": 24846.16,"Plan Rows": 20202,"Plan Width": 18,"Actual Startup Time": 0.182,"Actual Total Time": 118.700,"Actual Rows": 14209,"Actual Loops": 3,"Inner Unique": false,"Workers": [],"Plans": [{"Node Type": "Seq Scan","Parent Relationship": "Outer","Parallel Aware": true,"Async Capable": false,"Relation Name": "part","Alias": "part","Startup Cost": 0.00,"Total Cost": 5138.67,"Plan Rows": 5051,"Plan Width": 4,"Actual Startup Time": 0.045,"Actual Total Time": 51.825,"Actual Rows": 3552,"Actual Loops": 3,"Filter": "((p_name)::text ~~ '%indian%'::text)","Rows Removed by Filter": 63114,"Workers": []},{"Node Type": "Index Scan","Parent Relationship": "Inner","Parallel Aware": false,"Async Capable": false,"Scan Direction": "Forward","Index Name": "idx_partsupp_partkey","Relation Name": "partsupp","Alias": "partsupp","Startup Cost": 0.42,"Total Cost": 3.86,"Plan Rows": 4,"Plan Width": 14,"Actual Startup Time": 0.014,"Actual Total Time": 0.018,"Actual Rows": 4,"Actual Loops": 10657,"Index Cond": "(ps_partkey = part.p_partkey)","Rows Removed by Index Recheck": 0,"Workers": []}]},{"Node Type": "Index Scan","Parent Relationship": "Inner","Parallel Aware": false,"Async Capable": false,"Scan Direction": "Forward","Index Name": "idx_lineitem_part_supp","Relation Name": "lineitem","Alias": "lineitem","Startup Cost": 0.43,"Total Cost": 1.05,"Plan Rows": 1,"Plan Width": 29,"Actual Startup Time": 0.007,"Actual Total Time": 0.046,"Actual Rows": 8,"Actual Loops": 42628,"Index Cond": "((l_partkey = partsupp.ps_partkey) AND (l_suppkey = partsupp.ps_suppkey))","Rows Removed by Index Recheck": 0,"Workers": []}]},{"Node Type": "Index Scan","Parent Relationship": "Inner","Parallel Aware": false,"Async Capable": false,"Scan Direction": "Forward","Index Name": "supplier_pkey","Relation Name": "supplier","Alias": "supplier","Startup Cost": 0.29,"Total Cost": 0.30,"Plan Rows": 1,"Plan Width": 8,"Actual Startup Time": 0.001,"Actual Total Time": 0.001,"Actual Rows": 1,"Actual Loops": 320428,"Index Cond": "(s_suppkey = lineitem.l_suppkey)","Rows Removed by Index Recheck": 0,"Workers": []}]},{"Node Type": "Index Scan","Parent Relationship": "Inner","Parallel Aware": false,"Async Capable": false,"Scan Direction": "Forward","Index Name": "orders_pkey","Relation Name": "orders","Alias": "orders","Startup Cost": 0.43,"Total Cost": 0.47,"Plan Rows": 1,"Plan Width": 8,"Actual Startup Time": 0.010,"Actual Total Time": 0.010,"Actual Rows": 1,"Actual Loops": 320428,"Index Cond": "(o_orderkey = lineitem.l_orderkey)","Rows Removed by Index Recheck": 0,"Workers": []}]},{"Node Type": "Hash","Parent Relationship": "Inner","Parallel Aware": false,"Async Capable": false,"Startup Cost": 1.25,"Total Cost": 1.25,"Plan Rows": 25,"Plan Width": 108,"Actual Startup Time": 0.073,"Actual Total Time": 0.081,"Actual Rows": 25,"Actual Loops": 3,"Hash Buckets": 1024,"Original Hash Buckets": 1024,"Hash Batches": 1,"Original Hash Batches": 1,"Peak Memory Usage": 10,"Workers": [],"Plans": [{"Node Type": "Seq Scan","Parent Relationship": "Outer","Parallel Aware": false,"Async Capable": false,"Relation Name": "nation","Alias": "nation","Startup Cost": 0.00,"Total Cost": 1.25,"Plan Rows": 25,"Plan Width": 108,"Actual Startup Time": 0.045,"Actual Total Time": 0.050,"Actual Rows": 25,"Actual Loops": 3,"Workers": []}]}]}]}]}]}]},"Planning Time": 12.602,"Triggers": [],"Execution Time": 2529.440}]
[{"Plan": {"Node Type": "Aggregate","Strategy": "Sorted","Partial Mode": "Finalize","Parallel Aware": false,"Async Capable": false,"Startup Cost": 28858.40,"Total Cost": 28868.07,"Plan Rows": 73,"Plan Width": 168,"Actual Startup Time": 2433.385,"Actual Total Time": 2598.575,"Actual Rows": 175,"Actual Loops": 1,"Group Key": ["nation.n_name", "(EXTRACT(year FROM orders.o_orderdate))"],"Plans": [{"Node Type": "Gather Merge","Parent Relationship": "Outer","Parallel Aware": false,"Async Capable": false,"Startup Cost": 28858.40,"Total Cost": 28866.38,"Plan Rows": 60,"Plan Width": 168,"Actual Startup Time": 2431.438,"Actual Total Time": 2598.048,"Actual Rows": 525,"Actual Loops": 1,"Workers Planned": 2,"Workers Launched": 2,"Plans": [{"Node Type": "Aggregate","Strategy": "Sorted","Partial Mode": "Partial","Parent Relationship": "Outer","Parallel Aware": false,"Async Capable": false,"Startup Cost": 27858.38,"Total Cost": 27859.43,"Plan Rows": 30,"Plan Width": 168,"Actual Startup Time": 2301.530,"Actual Total Time": 2432.114,"Actual Rows": 175,"Actual Loops": 3,"Group Key": ["nation.n_name", "(EXTRACT(year FROM orders.o_orderdate))"],"Workers": [],"Plans": [{"Node Type": "Sort","Parent Relationship": "Outer","Parallel Aware": false,"Async Capable": false,"Startup Cost": 27858.38,"Total Cost": 27858.46,"Plan Rows": 30,"Plan Width": 159,"Actual Startup Time": 2300.992,"Actual Total Time": 2347.199,"Actual Rows": 108766,"Actual Loops": 3,"Sort Key": ["nation.n_name", "(EXTRACT(year FROM orders.o_orderdate)) DESC"],"Sort Method": "quicksort","Sort Space Used": 13491,"Sort Space Type": "Memory","Workers": [{"Worker Number": 0,"Sort Method": "quicksort","Sort Space Used": 14063,"Sort Space Type": "Memory"},{"Worker Number": 1,"Sort Method": "quicksort","Sort Space Used": 14152,"Sort Space Type": "Memory"}],"Plans": [{"Node Type": "Hash Join","Parent Relationship": "Outer","Parallel Aware": false,"Async Capable": false,"Join Type": "Inner","Startup Cost": 3.13,"Total Cost": 27857.64,"Plan Rows": 30,"Plan Width": 159,"Actual Startup Time": 0.556,"Actual Total Time": 2149.836,"Actual Rows": 108766,"Actual Loops": 3,"Inner Unique": true,"Hash Cond": "(supplier.s_nationkey = nation.n_nationkey)","Workers": [],"Plans": [{"Node Type": "Nested Loop","Parent Relationship": "Outer","Parallel Aware": false,"Async Capable": false,"Join Type": "Inner","Startup Cost": 1.57,"Total Cost": 27855.92,"Plan Rows": 30,"Plan Width": 31,"Actual Startup Time": 0.420,"Actual Total Time": 2117.705,"Actual Rows": 108766,"Actual Loops": 3,"Inner Unique": true,"Workers": [],"Plans": [{"Node Type": "Nested Loop","Parent Relationship": "Outer","Parallel Aware": false,"Async Capable": false,"Join Type": "Inner","Startup Cost": 1.14,"Total Cost": 27841.96,"Plan Rows": 30,"Plan Width": 31,"Actual Startup Time": 0.326,"Actual Total Time": 987.272,"Actual Rows": 108766,"Actual Loops": 3,"Inner Unique": true,"Workers": [],"Plans": [{"Node Type": "Nested Loop","Parent Relationship": "Outer","Parallel Aware": false,"Async Capable": false,"Join Type": "Inner","Startup Cost": 0.86,"Total Cost": 27832.88,"Plan Rows": 30,"Plan Width": 35,"Actual Startup Time": 0.242,"Actual Total Time": 803.252,"Actual Rows": 108766,"Actual Loops": 3,"Inner Unique": false,"Workers": [],"Plans": [{"Node Type": "Nested Loop","Parent Relationship": "Outer","Parallel Aware": false,"Async Capable": false,"Join Type": "Inner","Startup Cost": 0.42,"Total Cost": 17103.70,"Plan Rows": 10101,"Plan Width": 18,"Actual Startup Time": 0.158,"Actual Total Time": 119.708,"Actual Rows": 14507,"Actual Loops": 3,"Inner Unique": false,"Workers": [],"Plans": [{"Node Type": "Seq Scan","Parent Relationship": "Outer","Parallel Aware": true,"Async Capable": false,"Relation Name": "part","Alias": "part","Startup Cost": 0.00,"Total Cost": 5138.67,"Plan Rows": 2525,"Plan Width": 4,"Actual Startup Time": 0.041,"Actual Total Time": 51.865,"Actual Rows": 3627,"Actual Loops": 3,"Filter": "((p_name)::text ~~ '%azure%'::text)","Rows Removed by Filter": 63040,"Workers": []},{"Node Type": "Index Scan","Parent Relationship": "Inner","Parallel Aware": false,"Async Capable": false,"Scan Direction": "Forward","Index Name": "idx_partsupp_partkey","Relation Name": "partsupp","Alias": "partsupp","Startup Cost": 0.42,"Total Cost": 4.70,"Plan Rows": 4,"Plan Width": 14,"Actual Startup Time": 0.014,"Actual Total Time": 0.018,"Actual Rows": 4,"Actual Loops": 10880,"Index Cond": "(ps_partkey = part.p_partkey)","Rows Removed by Index Recheck": 0,"Workers": []}]},{"Node Type": "Index Scan","Parent Relationship": "Inner","Parallel Aware": false,"Async Capable": false,"Scan Direction": "Forward","Index Name": "idx_lineitem_part_supp","Relation Name": "lineitem","Alias": "lineitem","Startup Cost": 0.43,"Total Cost": 1.05,"Plan Rows": 1,"Plan Width": 29,"Actual Startup Time": 0.007,"Actual Total Time": 0.045,"Actual Rows": 7,"Actual Loops": 43520,"Index Cond": "((l_partkey = partsupp.ps_partkey) AND (l_suppkey = partsupp.ps_suppkey))","Rows Removed by Index Recheck": 0,"Workers": []}]},{"Node Type": "Index Scan","Parent Relationship": "Inner","Parallel Aware": false,"Async Capable": false,"Scan Direction": "Forward","Index Name": "supplier_pkey","Relation Name": "supplier","Alias": "supplier","Startup Cost": 0.29,"Total Cost": 0.30,"Plan Rows": 1,"Plan Width": 8,"Actual Startup Time": 0.001,"Actual Total Time": 0.001,"Actual Rows": 1,"Actual Loops": 326297,"Index Cond": "(s_suppkey = lineitem.l_suppkey)","Rows Removed by Index Recheck": 0,"Workers": []}]},{"Node Type": "Index Scan","Parent Relationship": "Inner","Parallel Aware": false,"Async Capable": false,"Scan Direction": "Forward","Index Name": "orders_pkey","Relation Name": "orders","Alias": "orders","Startup Cost": 0.43,"Total Cost": 0.47,"Plan Rows": 1,"Plan Width": 8,"Actual Startup Time": 0.010,"Actual Total Time": 0.010,"Actual Rows": 1,"Actual Loops": 326297,"Index Cond": "(o_orderkey = lineitem.l_orderkey)","Rows Removed by Index Recheck": 0,"Workers": []}]},{"Node Type": "Hash","Parent Relationship": "Inner","Parallel Aware": false,"Async Capable": false,"Startup Cost": 1.25,"Total Cost": 1.25,"Plan Rows": 25,"Plan Width": 108,"Actual Startup Time": 0.059,"Actual Total Time": 0.066,"Actual Rows": 25,"Actual Loops": 3,"Hash Buckets": 1024,"Original Hash Buckets": 1024,"Hash Batches": 1,"Original Hash Batches": 1,"Peak Memory Usage": 10,"Workers": [],"Plans": [{"Node Type": "Seq Scan","Parent Relationship": "Outer","Parallel Aware": false,"Async Capable": false,"Relation Name": "nation","Alias": "nation","Startup Cost": 0.00,"Total Cost": 1.25,"Plan Rows": 25,"Plan Width": 108,"Actual Startup Time": 0.042,"Actual Total Time": 0.046,"Actual Rows": 25,"Actual Loops": 3,"Workers": []}]}]}]}]}]}]},"Planning Time": 11.434,"Triggers": [],"Execution Time": 2600.707}]
[{"Plan": {"Node Type": "Aggregate","Strategy": "Sorted","Partial Mode": "Finalize","Parallel Aware": false,"Async Capable": false,"Startup Cost": 35224.41,"Total Cost": 35237.30,"Plan Rows": 97,"Plan Width": 168,"Actual Startup Time": 2410.163,"Actual Total Time": 2573.719,"Actual Rows": 175,"Actual Loops": 1,"Group Key": ["nation.n_name", "(EXTRACT(year FROM orders.o_orderdate))"],"Plans": [{"Node Type": "Gather Merge","Parent Relationship": "Outer","Parallel Aware": false,"Async Capable": false,"Startup Cost": 35224.41,"Total Cost": 35235.05,"Plan Rows": 80,"Plan Width": 168,"Actual Startup Time": 2408.338,"Actual Total Time": 2573.326,"Actual Rows": 525,"Actual Loops": 1,"Workers Planned": 2,"Workers Launched": 2,"Plans": [{"Node Type": "Aggregate","Strategy": "Sorted","Partial Mode": "Partial","Parent Relationship": "Outer","Parallel Aware": false,"Async Capable": false,"Startup Cost": 34224.39,"Total Cost": 34225.79,"Plan Rows": 40,"Plan Width": 168,"Actual Startup Time": 2302.691,"Actual Total Time": 2428.274,"Actual Rows": 175,"Actual Loops": 3,"Group Key": ["nation.n_name", "(EXTRACT(year FROM orders.o_orderdate))"],"Workers": [],"Plans": [{"Node Type": "Sort","Parent Relationship": "Outer","Parallel Aware": false,"Async Capable": false,"Startup Cost": 34224.39,"Total Cost": 34224.49,"Plan Rows": 40,"Plan Width": 159,"Actual Startup Time": 2302.042,"Actual Total Time": 2344.248,"Actual Rows": 109402,"Actual Loops": 3,"Sort Key": ["nation.n_name", "(EXTRACT(year FROM orders.o_orderdate)) DESC"],"Sort Method": "quicksort","Sort Space Used": 13601,"Sort Space Type": "Memory","Workers": [{"Worker Number": 0,"Sort Method": "quicksort","Sort Space Used": 14189,"Sort Space Type": "Memory"},{"Worker Number": 1,"Sort Method": "quicksort","Sort Space Used": 14107,"Sort Space Type": "Memory"}],"Plans": [{"Node Type": "Hash Join","Parent Relationship": "Outer","Parallel Aware": false,"Async Capable": false,"Join Type": "Inner","Startup Cost": 3.13,"Total Cost": 34223.32,"Plan Rows": 40,"Plan Width": 159,"Actual Startup Time": 0.735,"Actual Total Time": 2152.784,"Actual Rows": 109402,"Actual Loops": 3,"Inner Unique": true,"Hash Cond": "(supplier.s_nationkey = nation.n_nationkey)","Workers": [],"Plans": [{"Node Type": "Nested Loop","Parent Relationship": "Outer","Parallel Aware": false,"Async Capable": false,"Join Type": "Inner","Startup Cost": 1.57,"Total Cost": 34221.53,"Plan Rows": 40,"Plan Width": 31,"Actual Startup Time": 0.544,"Actual Total Time": 2120.427,"Actual Rows": 109402,"Actual Loops": 3,"Inner Unique": true,"Workers": [],"Plans": [{"Node Type": "Nested Loop","Parent Relationship": "Outer","Parallel Aware": false,"Async Capable": false,"Join Type": "Inner","Startup Cost": 1.14,"Total Cost": 34202.93,"Plan Rows": 40,"Plan Width": 31,"Actual Startup Time": 0.416,"Actual Total Time": 988.040,"Actual Rows": 109402,"Actual Loops": 3,"Inner Unique": true,"Workers": [],"Plans": [{"Node Type": "Nested Loop","Parent Relationship": "Outer","Parallel Aware": false,"Async Capable": false,"Join Type": "Inner","Startup Cost": 0.86,"Total Cost": 34190.82,"Plan Rows": 40,"Plan Width": 35,"Actual Startup Time": 0.319,"Actual Total Time": 803.042,"Actual Rows": 109402,"Actual Loops": 3,"Inner Unique": false,"Workers": [],"Plans": [{"Node Type": "Nested Loop","Parent Relationship": "Outer","Parallel Aware": false,"Async Capable": false,"Join Type": "Inner","Startup Cost": 0.42,"Total Cost": 19885.25,"Plan Rows": 13468,"Plan Width": 18,"Actual Startup Time": 0.207,"Actual Total Time": 118.633,"Actual Rows": 14617,"Actual Loops": 3,"Inner Unique": false,"Workers": [],"Plans": [{"Node Type": "Seq Scan","Parent Relationship": "Outer","Parallel Aware": true,"Async Capable": false,"Relation Name": "part","Alias": "part","Startup Cost": 0.00,"Total Cost": 5138.67,"Plan Rows": 3367,"Plan Width": 4,"Actual Startup Time": 0.078,"Actual Total Time": 50.998,"Actual Rows": 3654,"Actual Loops": 3,"Filter": "((p_name)::text ~~ '%misty%'::text)","Rows Removed by Filter": 63012,"Workers": []},{"Node Type": "Index Scan","Parent Relationship": "Inner","Parallel Aware": false,"Async Capable": false,"Scan Direction": "Forward","Index Name": "idx_partsupp_partkey","Relation Name": "partsupp","Alias": "partsupp","Startup Cost": 0.42,"Total Cost": 4.34,"Plan Rows": 4,"Plan Width": 14,"Actual Startup Time": 0.014,"Actual Total Time": 0.018,"Actual Rows": 4,"Actual Loops": 10963,"Index Cond": "(ps_partkey = part.p_partkey)","Rows Removed by Index Recheck": 0,"Workers": []}]},{"Node Type": "Index Scan","Parent Relationship": "Inner","Parallel Aware": false,"Async Capable": false,"Scan Direction": "Forward","Index Name": "idx_lineitem_part_supp","Relation Name": "lineitem","Alias": "lineitem","Startup Cost": 0.43,"Total Cost": 1.05,"Plan Rows": 1,"Plan Width": 29,"Actual Startup Time": 0.007,"Actual Total Time": 0.045,"Actual Rows": 7,"Actual Loops": 43852,"Index Cond": "((l_partkey = partsupp.ps_partkey) AND (l_suppkey = partsupp.ps_suppkey))","Rows Removed by Index Recheck": 0,"Workers": []}]},{"Node Type": "Index Scan","Parent Relationship": "Inner","Parallel Aware": false,"Async Capable": false,"Scan Direction": "Forward","Index Name": "supplier_pkey","Relation Name": "supplier","Alias": "supplier","Startup Cost": 0.29,"Total Cost": 0.30,"Plan Rows": 1,"Plan Width": 8,"Actual Startup Time": 0.001,"Actual Total Time": 0.001,"Actual Rows": 1,"Actual Loops": 328206,"Index Cond": "(s_suppkey = lineitem.l_suppkey)","Rows Removed by Index Recheck": 0,"Workers": []}]},{"Node Type": "Index Scan","Parent Relationship": "Inner","Parallel Aware": false,"Async Capable": false,"Scan Direction": "Forward","Index Name": "orders_pkey","Relation Name": "orders","Alias": "orders","Startup Cost": 0.43,"Total Cost": 0.47,"Plan Rows": 1,"Plan Width": 8,"Actual Startup Time": 0.010,"Actual Total Time": 0.010,"Actual Rows": 1,"Actual Loops": 328206,"Index Cond": "(o_orderkey = lineitem.l_orderkey)","Rows Removed by Index Recheck": 0,"Workers": []}]},{"Node Type": "Hash","Parent Relationship": "Inner","Parallel Aware": false,"Async Capable": false,"Startup Cost": 1.25,"Total Cost": 1.25,"Plan Rows": 25,"Plan Width": 108,"Actual Startup Time": 0.086,"Actual Total Time": 0.092,"Actual Rows": 25,"Actual Loops": 3,"Hash Buckets": 1024,"Original Hash Buckets": 1024,"Hash Batches": 1,"Original Hash Batches": 1,"Peak Memory Usage": 10,"Workers": [],"Plans": [{"Node Type": "Seq Scan","Parent Relationship": "Outer","Parallel Aware": false,"Async Capable": false,"Relation Name": "nation","Alias": "nation","Startup Cost": 0.00,"Total Cost": 1.25,"Plan Rows": 25,"Plan Width": 108,"Actual Startup Time": 0.060,"Actual Total Time": 0.066,"Actual Rows": 25,"Actual Loops": 3,"Workers": []}]}]}]}]}]}]},"Planning Time": 12.091,"Triggers": [],"Execution Time": 2576.214}]
[{"Plan": {"Node Type": "Aggregate","Strategy": "Sorted","Partial Mode": "Finalize","Parallel Aware": false,"Async Capable": false,"Startup Cost": 47355.08,"Total Cost": 47374.71,"Plan Rows": 146,"Plan Width": 168,"Actual Startup Time": 2404.605,"Actual Total Time": 2527.805,"Actual Rows": 175,"Actual Loops": 1,"Group Key": ["nation.n_name", "(EXTRACT(year FROM orders.o_orderdate))"],"Plans": [{"Node Type": "Gather Merge","Parent Relationship": "Outer","Parallel Aware": false,"Async Capable": false,"Startup Cost": 47355.08,"Total Cost": 47371.30,"Plan Rows": 122,"Plan Width": 168,"Actual Startup Time": 2403.138,"Actual Total Time": 2527.319,"Actual Rows": 525,"Actual Loops": 1,"Workers Planned": 2,"Workers Launched": 2,"Plans": [{"Node Type": "Aggregate","Strategy": "Sorted","Partial Mode": "Partial","Parent Relationship": "Outer","Parallel Aware": false,"Async Capable": false,"Startup Cost": 46355.06,"Total Cost": 46357.20,"Plan Rows": 61,"Plan Width": 168,"Actual Startup Time": 2302.951,"Actual Total Time": 2432.173,"Actual Rows": 175,"Actual Loops": 3,"Group Key": ["nation.n_name", "(EXTRACT(year FROM orders.o_orderdate))"],"Workers": [],"Plans": [{"Node Type": "Sort","Parent Relationship": "Outer","Parallel Aware": false,"Async Capable": false,"Startup Cost": 46355.06,"Total Cost": 46355.21,"Plan Rows": 61,"Plan Width": 159,"Actual Startup Time": 2302.357,"Actual Total Time": 2345.718,"Actual Rows": 106809,"Actual Loops": 3,"Sort Key": ["nation.n_name", "(EXTRACT(year FROM orders.o_orderdate)) DESC"],"Sort Method": "quicksort","Sort Space Used": 13531,"Sort Space Type": "Memory","Workers": [{"Worker Number": 0,"Sort Method": "quicksort","Sort Space Used": 13799,"Sort Space Type": "Memory"},{"Worker Number": 1,"Sort Method": "quicksort","Sort Space Used": 13795,"Sort Space Type": "Memory"}],"Plans": [{"Node Type": "Hash Join","Parent Relationship": "Outer","Parallel Aware": false,"Async Capable": false,"Join Type": "Inner","Startup Cost": 3.13,"Total Cost": 46353.25,"Plan Rows": 61,"Plan Width": 159,"Actual Startup Time": 0.694,"Actual Total Time": 2145.911,"Actual Rows": 106809,"Actual Loops": 3,"Inner Unique": true,"Hash Cond": "(supplier.s_nationkey = nation.n_nationkey)","Workers": [],"Plans": [{"Node Type": "Nested Loop","Parent Relationship": "Outer","Parallel Aware": false,"Async Capable": false,"Join Type": "Inner","Startup Cost": 1.57,"Total Cost": 46351.35,"Plan Rows": 61,"Plan Width": 31,"Actual Startup Time": 0.511,"Actual Total Time": 2114.024,"Actual Rows": 106809,"Actual Loops": 3,"Inner Unique": true,"Workers": [],"Plans": [{"Node Type": "Nested Loop","Parent Relationship": "Outer","Parallel Aware": false,"Async Capable": false,"Join Type": "Inner","Startup Cost": 1.14,"Total Cost": 46322.98,"Plan Rows": 61,"Plan Width": 31,"Actual Startup Time": 0.389,"Actual Total Time": 980.444,"Actual Rows": 106809,"Actual Loops": 3,"Inner Unique": true,"Workers": [],"Plans": [{"Node Type": "Nested Loop","Parent Relationship": "Outer","Parallel Aware": false,"Async Capable": false,"Join Type": "Inner","Startup Cost": 0.86,"Total Cost": 46304.52,"Plan Rows": 61,"Plan Width": 35,"Actual Startup Time": 0.284,"Actual Total Time": 798.622,"Actual Rows": 106809,"Actual Loops": 3,"Inner Unique": false,"Workers": [],"Plans": [{"Node Type": "Nested Loop","Parent Relationship": "Outer","Parallel Aware": false,"Async Capable": false,"Join Type": "Inner","Startup Cost": 0.42,"Total Cost": 24846.16,"Plan Rows": 20202,"Plan Width": 18,"Actual Startup Time": 0.182,"Actual Total Time": 118.700,"Actual Rows": 14209,"Actual Loops": 3,"Inner Unique": false,"Workers": [],"Plans": [{"Node Type": "Seq Scan","Parent Relationship": "Outer","Parallel Aware": true,"Async Capable": false,"Relation Name": "part","Alias": "part","Startup Cost": 0.00,"Total Cost": 5138.67,"Plan Rows": 5051,"Plan Width": 4,"Actual Startup Time": 0.045,"Actual Total Time": 51.825,"Actual Rows": 3552,"Actual Loops": 3,"Filter": "((p_name)::text ~~ '%indian%'::text)","Rows Removed by Filter": 63114,"Workers": []},{"Node Type": "Index Scan","Parent Relationship": "Inner","Parallel Aware": false,"Async Capable": false,"Scan Direction": "Forward","Index Name": "idx_partsupp_partkey","Relation Name": "partsupp","Alias": "partsupp","Startup Cost": 0.42,"Total Cost": 3.86,"Plan Rows": 4,"Plan Width": 14,"Actual Startup Time": 0.014,"Actual Total Time": 0.018,"Actual Rows": 4,"Actual Loops": 10657,"Index Cond": "(ps_partkey = part.p_partkey)","Rows Removed by Index Recheck": 0,"Workers": []}]},{"Node Type": "Index Scan","Parent Relationship": "Inner","Parallel Aware": false,"Async Capable": false,"Scan Direction": "Forward","Index Name": "idx_lineitem_part_supp","Relation Name": "lineitem","Alias": "lineitem","Startup Cost": 0.43,"Total Cost": 1.05,"Plan Rows": 1,"Plan Width": 29,"Actual Startup Time": 0.007,"Actual Total Time": 0.046,"Actual Rows": 8,"Actual Loops": 42628,"Index Cond": "((l_partkey = partsupp.ps_partkey) AND (l_suppkey = partsupp.ps_suppkey))","Rows Removed by Index Recheck": 0,"Workers": []}]},{"Node Type": "Index Scan","Parent Relationship": "Inner","Parallel Aware": false,"Async Capable": false,"Scan Direction": "Forward","Index Name": "supplier_pkey","Relation Name": "supplier","Alias": "supplier","Startup Cost": 0.29,"Total Cost": 0.30,"Plan Rows": 1,"Plan Width": 8,"Actual Startup Time": 0.001,"Actual Total Time": 0.001,"Actual Rows": 1,"Actual Loops": 320428,"Index Cond": "(s_suppkey = lineitem.l_suppkey)","Rows Removed by Index Recheck": 0,"Workers": []}]},{"Node Type": "Index Scan","Parent Relationship": "Inner","Parallel Aware": false,"Async Capable": false,"Scan Direction": "Forward","Index Name": "orders_pkey","Relation Name": "orders","Alias": "orders","Startup Cost": 0.43,"Total Cost": 0.47,"Plan Rows": 1,"Plan Width": 8,"Actual Startup Time": 0.010,"Actual Total Time": 0.010,"Actual Rows": 1,"Actual Loops": 320428,"Index Cond": "(o_orderkey = lineitem.l_orderkey)","Rows Removed by Index Recheck": 0,"Workers": []}]},{"Node Type": "Hash","Parent Relationship": "Inner","Parallel Aware": false,"Async Capable": false,"Startup Cost": 1.25,"Total Cost": 1.25,"Plan Rows": 25,"Plan Width": 108,"Actual Startup Time": 0.073,"Actual Total Time": 0.081,"Actual Rows": 25,"Actual Loops": 3,"Hash Buckets": 1024,"Original Hash Buckets": 1024,"Hash Batches": 1,"Original Hash Batches": 1,"Peak Memory Usage": 10,"Workers": [],"Plans": [{"Node Type": "Seq Scan","Parent Relationship": "Outer","Parallel Aware": false,"Async Capable": false,"Relation Name": "nation","Alias": "nation","Startup Cost": 0.00,"Total Cost": 1.25,"Plan Rows": 25,"Plan Width": 108,"Actual Startup Time": 0.045,"Actual Total Time": 0.050,"Actual Rows": 25,"Actual Loops": 3,"Workers": []}]}]}]}]}]}]},"Planning Time": 12.602,"Triggers": [],"Execution Time": 2529.440}]
[{"Plan": {"Node Type": "Aggregate","Strategy": "Sorted","Partial Mode": "Finalize","Parallel Aware": false,"Async Capable": false,"Startup Cost": 41381.04,"Total Cost": 41397.45,"Plan Rows": 122,"Plan Width": 168,"Actual Startup Time": 2420.928,"Actual Total Time": 2521.416,"Actual Rows": 175,"Actual Loops": 1,"Group Key": ["nation.n_name", "(EXTRACT(year FROM orders.o_orderdate))"],"Plans": [{"Node Type": "Gather Merge","Parent Relationship": "Outer","Parallel Aware": false,"Async Capable": false,"Startup Cost": 41381.04,"Total Cost": 41394.60,"Plan Rows": 102,"Plan Width": 168,"Actual Startup Time": 2419.150,"Actual Total Time": 2521.044,"Actual Rows": 525,"Actual Loops": 1,"Workers Planned": 2,"Workers Launched": 2,"Plans": [{"Node Type": "Aggregate","Strategy": "Sorted","Partial Mode": "Partial","Parent Relationship": "Outer","Parallel Aware": false,"Async Capable": false,"Startup Cost": 40381.01,"Total Cost": 40382.80,"Plan Rows": 51,"Plan Width": 168,"Actual Startup Time": 2330.204,"Actual Total Time": 2446.743,"Actual Rows": 175,"Actual Loops": 3,"Group Key": ["nation.n_name", "(EXTRACT(year FROM orders.o_orderdate))"],"Workers": [],"Plans": [{"Node Type": "Sort","Parent Relationship": "Outer","Parallel Aware": false,"Async Capable": false,"Startup Cost": 40381.01,"Total Cost": 40381.14,"Plan Rows": 51,"Plan Width": 159,"Actual Startup Time": 2329.797,"Actual Total Time": 2366.082,"Actual Rows": 108643,"Actual Loops": 3,"Sort Key": ["nation.n_name", "(EXTRACT(year FROM orders.o_orderdate)) DESC"],"Sort Method": "quicksort","Sort Space Used": 14576,"Sort Space Type": "Memory","Workers": [{"Worker Number": 0,"Sort Method": "quicksort","Sort Space Used": 13550,"Sort Space Type": "Memory"},{"Worker Number": 1,"Sort Method": "quicksort","Sort Space Used": 13540,"Sort Space Type": "Memory"}],"Plans": [{"Node Type": "Hash Join","Parent Relationship": "Outer","Parallel Aware": false,"Async Capable": false,"Join Type": "Inner","Startup Cost": 3.13,"Total Cost": 40379.57,"Plan Rows": 51,"Plan Width": 159,"Actual Startup Time": 0.791,"Actual Total Time": 2183.029,"Actual Rows": 108643,"Actual Loops": 3,"Inner Unique": true,"Hash Cond": "(supplier.s_nationkey = nation.n_nationkey)","Workers": [],"Plans": [{"Node Type": "Nested Loop","Parent Relationship": "Outer","Parallel Aware": false,"Async Capable": false,"Join Type": "Inner","Startup Cost": 1.57,"Total Cost": 40377.72,"Plan Rows": 51,"Plan Width": 31,"Actual Startup Time": 0.592,"Actual Total Time": 2151.282,"Actual Rows": 108643,"Actual Loops": 3,"Inner Unique": true,"Workers": [],"Plans": [{"Node Type": "Nested Loop","Parent Relationship": "Outer","Parallel Aware": false,"Async Capable": false,"Join Type": "Inner","Startup Cost": 1.14,"Total Cost": 40354.00,"Plan Rows": 51,"Plan Width": 31,"Actual Startup Time": 0.465,"Actual Total Time": 1002.527,"Actual Rows": 108643,"Actual Loops": 3,"Inner Unique": true,"Workers": [],"Plans": [{"Node Type": "Nested Loop","Parent Relationship": "Outer","Parallel Aware": false,"Async Capable": false,"Join Type": "Inner","Startup Cost": 0.86,"Total Cost": 40338.56,"Plan Rows": 51,"Plan Width": 35,"Actual Startup Time": 0.353,"Actual Total Time": 817.470,"Actual Rows": 108643,"Actual Loops": 3,"Inner Unique": false,"Workers": [],"Plans": [{"Node Type": "Nested Loop","Parent Relationship": "Outer","Parallel Aware": false,"Async Capable": false,"Join Type": "Inner","Startup Cost": 0.42,"Total Cost": 22456.59,"Plan Rows": 16835,"Plan Width": 18,"Actual Startup Time": 0.220,"Actual Total Time": 115.062,"Actual Rows": 14507,"Actual Loops": 3,"Inner Unique": false,"Workers": [],"Plans": [{"Node Type": "Seq Scan","Parent Relationship": "Outer","Parallel Aware": true,"Async Capable": false,"Relation Name": "part","Alias": "part","Startup Cost": 0.00,"Total Cost": 5138.67,"Plan Rows": 4209,"Plan Width": 4,"Actual Startup Time": 0.050,"Actual Total Time": 49.762,"Actual Rows": 3627,"Actual Loops": 3,"Filter": "((p_name)::text ~~ '%navy%'::text)","Rows Removed by Filter": 63040,"Workers": []},{"Node Type": "Index Scan","Parent Relationship": "Inner","Parallel Aware": false,"Async Capable": false,"Scan Direction": "Forward","Index Name": "idx_partsupp_partkey","Relation Name": "partsupp","Alias": "partsupp","Startup Cost": 0.42,"Total Cost": 4.07,"Plan Rows": 4,"Plan Width": 14,"Actual Startup Time": 0.013,"Actual Total Time": 0.017,"Actual Rows": 4,"Actual Loops": 10880,"Index Cond": "(ps_partkey = part.p_partkey)","Rows Removed by Index Recheck": 0,"Workers": []}]},{"Node Type": "Index Scan","Parent Relationship": "Inner","Parallel Aware": false,"Async Capable": false,"Scan Direction": "Forward","Index Name": "idx_lineitem_part_supp","Relation Name": "lineitem","Alias": "lineitem","Startup Cost": 0.43,"Total Cost": 1.05,"Plan Rows": 1,"Plan Width": 29,"Actual Startup Time": 0.007,"Actual Total Time": 0.047,"Actual Rows": 7,"Actual Loops": 43520,"Index Cond": "((l_partkey = partsupp.ps_partkey) AND (l_suppkey = partsupp.ps_suppkey))","Rows Removed by Index Recheck": 0,"Workers": []}]},{"Node Type": "Index Scan","Parent Relationship": "Inner","Parallel Aware": false,"Async Capable": false,"Scan Direction": "Forward","Index Name": "supplier_pkey","Relation Name": "supplier","Alias": "supplier","Startup Cost": 0.29,"Total Cost": 0.30,"Plan Rows": 1,"Plan Width": 8,"Actual Startup Time": 0.001,"Actual Total Time": 0.001,"Actual Rows": 1,"Actual Loops": 325928,"Index Cond": "(s_suppkey = lineitem.l_suppkey)","Rows Removed by Index Recheck": 0,"Workers": []}]},{"Node Type": "Index Scan","Parent Relationship": "Inner","Parallel Aware": false,"Async Capable": false,"Scan Direction": "Forward","Index Name": "orders_pkey","Relation Name": "orders","Alias": "orders","Startup Cost": 0.43,"Total Cost": 0.47,"Plan Rows": 1,"Plan Width": 8,"Actual Startup Time": 0.010,"Actual Total Time": 0.010,"Actual Rows": 1,"Actual Loops": 325928,"Index Cond": "(o_orderkey = lineitem.l_orderkey)","Rows Removed by Index Recheck": 0,"Workers": []}]},{"Node Type": "Hash","Parent Relationship": "Inner","Parallel Aware": false,"Async Capable": false,"Startup Cost": 1.25,"Total Cost": 1.25,"Plan Rows": 25,"Plan Width": 108,"Actual Startup Time": 0.090,"Actual Total Time": 0.098,"Actual Rows": 25,"Actual Loops": 3,"Hash Buckets": 1024,"Original Hash Buckets": 1024,"Hash Batches": 1,"Original Hash Batches": 1,"Peak Memory Usage": 10,"Workers": [],"Plans": [{"Node Type": "Seq Scan","Parent Relationship": "Outer","Parallel Aware": false,"Async Capable": false,"Relation Name": "nation","Alias": "nation","Startup Cost": 0.00,"Total Cost": 1.25,"Plan Rows": 25,"Plan Width": 108,"Actual Startup Time": 0.066,"Actual Total Time": 0.072,"Actual Rows": 25,"Actual Loops": 3,"Workers": []}]}]}]}]}]}]},"Planning Time": 12.345,"Triggers": [],"Execution Time": 2522.949}]
[{"Plan": {"Node Type": "Aggregate","Strategy": "Sorted","Partial Mode": "Finalize","Parallel Aware": false,"Async Capable": false,"Startup Cost": 35224.41,"Total Cost": 35237.30,"Plan Rows": 97,"Plan Width": 168,"Actual Startup Time": 2409.386,"Actual Total Time": 2518.760,"Actual Rows": 175,"Actual Loops": 1,"Group Key": ["nation.n_name", "(EXTRACT(year FROM orders.o_orderdate))"],"Plans": [{"Node Type": "Gather Merge","Parent Relationship": "Outer","Parallel Aware": false,"Async Capable": false,"Startup Cost": 35224.41,"Total Cost": 35235.05,"Plan Rows": 80,"Plan Width": 168,"Actual Startup Time": 2407.543,"Actual Total Time": 2518.361,"Actual Rows": 525,"Actual Loops": 1,"Workers Planned": 2,"Workers Launched": 2,"Plans": [{"Node Type": "Aggregate","Strategy": "Sorted","Partial Mode": "Partial","Parent Relationship": "Outer","Parallel Aware": false,"Async Capable": false,"Startup Cost": 34224.39,"Total Cost": 34225.79,"Plan Rows": 40,"Plan Width": 168,"Actual Startup Time": 2318.085,"Actual Total Time": 2437.966,"Actual Rows": 175,"Actual Loops": 3,"Group Key": ["nation.n_name", "(EXTRACT(year FROM orders.o_orderdate))"],"Workers": [],"Plans": [{"Node Type": "Sort","Parent Relationship": "Outer","Parallel Aware": false,"Async Capable": false,"Startup Cost": 34224.39,"Total Cost": 34224.49,"Plan Rows": 40,"Plan Width": 159,"Actual Startup Time": 2317.450,"Actual Total Time": 2356.305,"Actual Rows": 107546,"Actual Loops": 3,"Sort Key": ["nation.n_name", "(EXTRACT(year FROM orders.o_orderdate)) DESC"],"Sort Method": "quicksort","Sort Space Used": 14482,"Sort Space Type": "Memory","Workers": [{"Worker Number": 0,"Sort Method": "quicksort","Sort Space Used": 13456,"Sort Space Type": "Memory"},{"Worker Number": 1,"Sort Method": "quicksort","Sort Space Used": 13404,"Sort Space Type": "Memory"}],"Plans": [{"Node Type": "Hash Join","Parent Relationship": "Outer","Parallel Aware": false,"Async Capable": false,"Join Type": "Inner","Startup Cost": 3.13,"Total Cost": 34223.32,"Plan Rows": 40,"Plan Width": 159,"Actual Startup Time": 0.706,"Actual Total Time": 2173.342,"Actual Rows": 107546,"Actual Loops": 3,"Inner Unique": true,"Hash Cond": "(supplier.s_nationkey = nation.n_nationkey)","Workers": [],"Plans": [{"Node Type": "Nested Loop","Parent Relationship": "Outer","Parallel Aware": false,"Async Capable": false,"Join Type": "Inner","Startup Cost": 1.57,"Total Cost": 34221.53,"Plan Rows": 40,"Plan Width": 31,"Actual Startup Time": 0.527,"Actual Total Time": 2141.873,"Actual Rows": 107546,"Actual Loops": 3,"Inner Unique": true,"Workers": [],"Plans": [{"Node Type": "Nested Loop","Parent Relationship": "Outer","Parallel Aware": false,"Async Capable": false,"Join Type": "Inner","Startup Cost": 1.14,"Total Cost": 34202.93,"Plan Rows": 40,"Plan Width": 31,"Actual Startup Time": 0.392,"Actual Total Time": 1002.144,"Actual Rows": 107546,"Actual Loops": 3,"Inner Unique": true,"Workers": [],"Plans": [{"Node Type": "Nested Loop","Parent Relationship": "Outer","Parallel Aware": false,"Async Capable": false,"Join Type": "Inner","Startup Cost": 0.86,"Total Cost": 34190.82,"Plan Rows": 40,"Plan Width": 35,"Actual Startup Time": 0.311,"Actual Total Time": 818.545,"Actual Rows": 107546,"Actual Loops": 3,"Inner Unique": false,"Workers": [],"Plans": [{"Node Type": "Nested Loop","Parent Relationship": "Outer","Parallel Aware": false,"Async Capable": false,"Join Type": "Inner","Startup Cost": 0.42,"Total Cost": 19885.25,"Plan Rows": 13468,"Plan Width": 18,"Actual Startup Time": 0.196,"Actual Total Time": 115.625,"Actual Rows": 14367,"Actual Loops": 3,"Inner Unique": false,"Workers": [],"Plans": [{"Node Type": "Seq Scan","Parent Relationship": "Outer","Parallel Aware": true,"Async Capable": false,"Relation Name": "part","Alias": "part","Startup Cost": 0.00,"Total Cost": 5138.67,"Plan Rows": 3367,"Plan Width": 4,"Actual Startup Time": 0.047,"Actual Total Time": 50.112,"Actual Rows": 3592,"Actual Loops": 3,"Filter": "((p_name)::text ~~ '%lawn%'::text)","Rows Removed by Filter": 63075,"Workers": []},{"Node Type": "Index Scan","Parent Relationship": "Inner","Parallel Aware": false,"Async Capable": false,"Scan Direction": "Forward","Index Name": "idx_partsupp_partkey","Relation Name": "partsupp","Alias": "partsupp","Startup Cost": 0.42,"Total Cost": 4.34,"Plan Rows": 4,"Plan Width": 14,"Actual Startup Time": 0.014,"Actual Total Time": 0.017,"Actual Rows": 4,"Actual Loops": 10775,"Index Cond": "(ps_partkey = part.p_partkey)","Rows Removed by Index Recheck": 0,"Workers": []}]},{"Node Type": "Index Scan","Parent Relationship": "Inner","Parallel Aware": false,"Async Capable": false,"Scan Direction": "Forward","Index Name": "idx_lineitem_part_supp","Relation Name": "lineitem","Alias": "lineitem","Startup Cost": 0.43,"Total Cost": 1.05,"Plan Rows": 1,"Plan Width": 29,"Actual Startup Time": 0.007,"Actual Total Time": 0.047,"Actual Rows": 7,"Actual Loops": 43100,"Index Cond": "((l_partkey = partsupp.ps_partkey) AND (l_suppkey = partsupp.ps_suppkey))","Rows Removed by Index Recheck": 0,"Workers": []}]},{"Node Type": "Index Scan","Parent Relationship": "Inner","Parallel Aware": false,"Async Capable": false,"Scan Direction": "Forward","Index Name": "supplier_pkey","Relation Name": "supplier","Alias": "supplier","Startup Cost": 0.29,"Total Cost": 0.30,"Plan Rows": 1,"Plan Width": 8,"Actual Startup Time": 0.001,"Actual Total Time": 0.001,"Actual Rows": 1,"Actual Loops": 322637,"Index Cond": "(s_suppkey = lineitem.l_suppkey)","Rows Removed by Index Recheck": 0,"Workers": []}]},{"Node Type": "Index Scan","Parent Relationship": "Inner","Parallel Aware": false,"Async Capable": false,"Scan Direction": "Forward","Index Name": "orders_pkey","Relation Name": "orders","Alias": "orders","Startup Cost": 0.43,"Total Cost": 0.47,"Plan Rows": 1,"Plan Width": 8,"Actual Startup Time": 0.010,"Actual Total Time": 0.010,"Actual Rows": 1,"Actual Loops": 322637,"Index Cond": "(o_orderkey = lineitem.l_orderkey)","Rows Removed by Index Recheck": 0,"Workers": []}]},{"Node Type": "Hash","Parent Relationship": "Inner","Parallel Aware": false,"Async Capable": false,"Startup Cost": 1.25,"Total Cost": 1.25,"Plan Rows": 25,"Plan Width": 108,"Actual Startup Time": 0.078,"Actual Total Time": 0.089,"Actual Rows": 25,"Actual Loops": 3,"Hash Buckets": 1024,"Original Hash Buckets": 1024,"Hash Batches": 1,"Original Hash Batches": 1,"Peak Memory Usage": 10,"Workers": [],"Plans": [{"Node Type": "Seq Scan","Parent Relationship": "Outer","Parallel Aware": false,"Async Capable": false,"Relation Name": "nation","Alias": "nation","Startup Cost": 0.00,"Total Cost": 1.25,"Plan Rows": 25,"Plan Width": 108,"Actual Startup Time": 0.053,"Actual Total Time": 0.059,"Actual Rows": 25,"Actual Loops": 3,"Workers": []}]}]}]}]}]}]},"Planning Time": 11.643,"Triggers": [],"Execution Time": 2520.117}]
[{"Plan": {"Node Type": "Aggregate","Strategy": "Sorted","Partial Mode": "Finalize","Parallel Aware": false,"Async Capable": false,"Startup Cost": 49135.04,"Total Cost": 49164.27,"Plan Rows": 195,"Plan Width": 168,"Actual Startup Time": 1717.770,"Actual Total Time": 1820.281,"Actual Rows": 175,"Actual Loops": 1,"Group Key": ["nation.n_name", "(EXTRACT(year FROM orders.o_orderdate))"],"Plans": [{"Node Type": "Gather Merge","Parent Relationship": "Outer","Parallel Aware": false,"Async Capable": false,"Startup Cost": 49135.04,"Total Cost": 49159.45,"Plan Rows": 189,"Plan Width": 168,"Actual Startup Time": 1716.332,"Actual Total Time": 1819.712,"Actual Rows": 700,"Actual Loops": 1,"Workers Planned": 3,"Workers Launched": 3,"Plans": [{"Node Type": "Aggregate","Strategy": "Sorted","Partial Mode": "Partial","Parent Relationship": "Outer","Parallel Aware": false,"Async Capable": false,"Startup Cost": 48135.00,"Total Cost": 48137.21,"Plan Rows": 63,"Plan Width": 168,"Actual Startup Time": 1637.960,"Actual Total Time": 1730.367,"Actual Rows": 175,"Actual Loops": 4,"Group Key": ["nation.n_name", "(EXTRACT(year FROM orders.o_orderdate))"],"Workers": [],"Plans": [{"Node Type": "Sort","Parent Relationship": "Outer","Parallel Aware": false,"Async Capable": false,"Startup Cost": 48135.00,"Total Cost": 48135.16,"Plan Rows": 63,"Plan Width": 159,"Actual Startup Time": 1637.449,"Actual Total Time": 1669.077,"Actual Rows": 81300,"Actual Loops": 4,"Sort Key": ["nation.n_name", "(EXTRACT(year FROM orders.o_orderdate)) DESC"],"Sort Method": "quicksort","Sort Space Used": 11078,"Sort Space Type": "Memory","Workers": [{"Worker Number": 0,"Sort Method": "quicksort","Sort Space Used": 11424,"Sort Space Type": "Memory"},{"Worker Number": 1,"Sort Method": "quicksort","Sort Space Used": 10860,"Sort Space Type": "Memory"},{"Worker Number": 2,"Sort Method": "quicksort","Sort Space Used": 11307,"Sort Space Type": "Memory"}],"Plans": [{"Node Type": "Hash Join","Parent Relationship": "Outer","Parallel Aware": false,"Async Capable": false,"Join Type": "Inner","Startup Cost": 5225.55,"Total Cost": 48133.12,"Plan Rows": 63,"Plan Width": 159,"Actual Startup Time": 22.006,"Actual Total Time": 1536.711,"Actual Rows": 81300,"Actual Loops": 4,"Inner Unique": true,"Hash Cond": "(supplier.s_nationkey = nation.n_nationkey)","Workers": [],"Plans": [{"Node Type": "Nested Loop","Parent Relationship": "Outer","Parallel Aware": false,"Async Capable": false,"Join Type": "Inner","Startup Cost": 5223.99,"Total Cost": 48131.20,"Plan Rows": 63,"Plan Width": 31,"Actual Startup Time": 21.853,"Actual Total Time": 1512.923,"Actual Rows": 81300,"Actual Loops": 4,"Inner Unique": true,"Workers": [],"Plans": [{"Node Type": "Nested Loop","Parent Relationship": "Outer","Parallel Aware": false,"Async Capable": false,"Join Type": "Inner","Startup Cost": 5223.56,"Total Cost": 48101.90,"Plan Rows": 63,"Plan Width": 31,"Actual Startup Time": 21.770,"Actual Total Time": 779.387,"Actual Rows": 81300,"Actual Loops": 4,"Inner Unique": true,"Workers": [],"Plans": [{"Node Type": "Nested Loop","Parent Relationship": "Outer","Parallel Aware": false,"Async Capable": false,"Join Type": "Inner","Startup Cost": 5223.27,"Total Cost": 48082.83,"Plan Rows": 63,"Plan Width": 35,"Actual Startup Time": 21.713,"Actual Total Time": 642.667,"Actual Rows": 81300,"Actual Loops": 4,"Inner Unique": false,"Workers": [],"Plans": [{"Node Type": "Hash Join","Parent Relationship": "Outer","Parallel Aware": true,"Async Capable": false,"Join Type": "Inner","Startup Cost": 5222.84,"Total Cost": 25931.92,"Plan Rows": 20854,"Plan Width": 18,"Actual Startup Time": 21.651,"Actual Total Time": 185.729,"Actual Rows": 10842,"Actual Loops": 4,"Inner Unique": true,"Hash Cond": "(partsupp.ps_partkey = part.p_partkey)","Workers": [],"Plans": [{"Node Type": "Seq Scan","Parent Relationship": "Outer","Parallel Aware": true,"Async Capable": false,"Relation Name": "partsupp","Alias": "partsupp","Startup Cost": 0.00,"Total Cost": 20031.65,"Plan Rows": 258065,"Plan Width": 14,"Actual Startup Time": 0.018,"Actual Total Time": 42.893,"Actual Rows": 200000,"Actual Loops": 4,"Workers": []},{"Node Type": "Hash","Parent Relationship": "Inner","Parallel Aware": true,"Async Capable": false,"Startup Cost": 5138.67,"Total Cost": 5138.67,"Plan Rows": 6734,"Plan Width": 4,"Actual Startup Time": 21.459,"Actual Total Time": 21.480,"Actual Rows": 2710,"Actual Loops": 4,"Hash Buckets": 16384,"Original Hash Buckets": 16384,"Hash Batches": 1,"Original Hash Batches": 1,"Peak Memory Usage": 640,"Workers": [],"Plans": [{"Node Type": "Seq Scan","Parent Relationship": "Outer","Parallel Aware": true,"Async Capable": false,"Relation Name": "part","Alias": "part","Startup Cost": 0.00,"Total Cost": 5138.67,"Plan Rows": 6734,"Plan Width": 4,"Actual Startup Time": 0.045,"Actual Total Time": 20.042,"Actual Rows": 2710,"Actual Loops": 4,"Filter": "((p_name)::text ~~ '%goldenrod%'::text)","Rows Removed by Filter": 47290,"Workers": []}]}]},{"Node Type": "Index Scan","Parent Relationship": "Inner","Parallel Aware": false,"Async Capable": false,"Scan Direction": "Forward","Index Name": "idx_lineitem_part_supp","Relation Name": "lineitem","Alias": "lineitem","Startup Cost": 0.43,"Total Cost": 1.05,"Plan Rows": 1,"Plan Width": 29,"Actual Startup Time": 0.006,"Actual Total Time": 0.041,"Actual Rows": 7,"Actual Loops": 43368,"Index Cond": "((l_partkey = partsupp.ps_partkey) AND (l_suppkey = partsupp.ps_suppkey))","Rows Removed by Index Recheck": 0,"Workers": []}]},{"Node Type": "Index Scan","Parent Relationship": "Inner","Parallel Aware": false,"Async Capable": false,"Scan Direction": "Forward","Index Name": "supplier_pkey","Relation Name": "supplier","Alias": "supplier","Startup Cost": 0.29,"Total Cost": 0.30,"Plan Rows": 1,"Plan Width": 8,"Actual Startup Time": 0.001,"Actual Total Time": 0.001,"Actual Rows": 1,"Actual Loops": 325201,"Index Cond": "(s_suppkey = lineitem.l_suppkey)","Rows Removed by Index Recheck": 0,"Workers": []}]},{"Node Type": "Index Scan","Parent Relationship": "Inner","Parallel Aware": false,"Async Capable": false,"Scan Direction": "Forward","Index Name": "orders_pkey","Relation Name": "orders","Alias": "orders","Startup Cost": 0.43,"Total Cost": 0.47,"Plan Rows": 1,"Plan Width": 8,"Actual Startup Time": 0.009,"Actual Total Time": 0.009,"Actual Rows": 1,"Actual Loops": 325201,"Index Cond": "(o_orderkey = lineitem.l_orderkey)","Rows Removed by Index Recheck": 0,"Workers": []}]},{"Node Type": "Hash","Parent Relationship": "Inner","Parallel Aware": false,"Async Capable": false,"Startup Cost": 1.25,"Total Cost": 1.25,"Plan Rows": 25,"Plan Width": 108,"Actual Startup Time": 0.058,"Actual Total Time": 0.068,"Actual Rows": 25,"Actual Loops": 4,"Hash Buckets": 1024,"Original Hash Buckets": 1024,"Hash Batches": 1,"Original Hash Batches": 1,"Peak Memory Usage": 10,"Workers": [],"Plans": [{"Node Type": "Seq Scan","Parent Relationship": "Outer","Parallel Aware": false,"Async Capable": false,"Relation Name": "nation","Alias": "nation","Startup Cost": 0.00,"Total Cost": 1.25,"Plan Rows": 25,"Plan Width": 108,"Actual Startup Time": 0.040,"Actual Total Time": 0.047,"Actual Rows": 25,"Actual Loops": 4,"Workers": []}]}]}]}]}]}]},"Planning Time": 12.322,"Triggers": [],"Execution Time": 1822.644}]
[{"Plan": {"Node Type": "Aggregate","Strategy": "Sorted","Partial Mode": "Finalize","Parallel Aware": false,"Async Capable": false,"Startup Cost": 47355.08,"Total Cost": 47374.71,"Plan Rows": 146,"Plan Width": 168,"Actual Startup Time": 2452.566,"Actual Total Time": 2567.031,"Actual Rows": 175,"Actual Loops": 1,"Group Key": ["nation.n_name", "(EXTRACT(year FROM orders.o_orderdate))"],"Plans": [{"Node Type": "Gather Merge","Parent Relationship": "Outer","Parallel Aware": false,"Async Capable": false,"Startup Cost": 47355.08,"Total Cost": 47371.30,"Plan Rows": 122,"Plan Width": 168,"Actual Startup Time": 2450.871,"Actual Total Time": 2566.628,"Actual Rows": 525,"Actual Loops": 1,"Workers Planned": 2,"Workers Launched": 2,"Plans": [{"Node Type": "Aggregate","Strategy": "Sorted","Partial Mode": "Partial","Parent Relationship": "Outer","Parallel Aware": false,"Async Capable": false,"Startup Cost": 46355.06,"Total Cost": 46357.20,"Plan Rows": 61,"Plan Width": 168,"Actual Startup Time": 2346.089,"Actual Total Time": 2471.460,"Actual Rows": 175,"Actual Loops": 3,"Group Key": ["nation.n_name", "(EXTRACT(year FROM orders.o_orderdate))"],"Workers": [],"Plans": [{"Node Type": "Sort","Parent Relationship": "Outer","Parallel Aware": false,"Async Capable": false,"Startup Cost": 46355.06,"Total Cost": 46355.21,"Plan Rows": 61,"Plan Width": 159,"Actual Startup Time": 2345.653,"Actual Total Time": 2387.447,"Actual Rows": 108546,"Actual Loops": 3,"Sort Key": ["nation.n_name", "(EXTRACT(year FROM orders.o_orderdate)) DESC"],"Sort Method": "quicksort","Sort Space Used": 13713,"Sort Space Type": "Memory","Workers": [{"Worker Number": 0,"Sort Method": "quicksort","Sort Space Used": 13549,"Sort Space Type": "Memory"},{"Worker Number": 1,"Sort Method": "quicksort","Sort Space Used": 14378,"Sort Space Type": "Memory"}],"Plans": [{"Node Type": "Hash Join","Parent Relationship": "Outer","Parallel Aware": false,"Async Capable": false,"Join Type": "Inner","Startup Cost": 3.13,"Total Cost": 46353.25,"Plan Rows": 61,"Plan Width": 159,"Actual Startup Time": 0.592,"Actual Total Time": 2199.728,"Actual Rows": 108546,"Actual Loops": 3,"Inner Unique": true,"Hash Cond": "(supplier.s_nationkey = nation.n_nationkey)","Workers": [],"Plans": [{"Node Type": "Nested Loop","Parent Relationship": "Outer","Parallel Aware": false,"Async Capable": false,"Join Type": "Inner","Startup Cost": 1.57,"Total Cost": 46351.35,"Plan Rows": 61,"Plan Width": 31,"Actual Startup Time": 0.443,"Actual Total Time": 2168.555,"Actual Rows": 108546,"Actual Loops": 3,"Inner Unique": true,"Workers": [],"Plans": [{"Node Type": "Nested Loop","Parent Relationship": "Outer","Parallel Aware": false,"Async Capable": false,"Join Type": "Inner","Startup Cost": 1.14,"Total Cost": 46322.98,"Plan Rows": 61,"Plan Width": 31,"Actual Startup Time": 0.344,"Actual Total Time": 1012.735,"Actual Rows": 108546,"Actual Loops": 3,"Inner Unique": true,"Workers": [],"Plans": [{"Node Type": "Nested Loop","Parent Relationship": "Outer","Parallel Aware": false,"Async Capable": false,"Join Type": "Inner","Startup Cost": 0.86,"Total Cost": 46304.52,"Plan Rows": 61,"Plan Width": 35,"Actual Startup Time": 0.256,"Actual Total Time": 826.897,"Actual Rows": 108546,"Actual Loops": 3,"Inner Unique": false,"Workers": [],"Plans": [{"Node Type": "Nested Loop","Parent Relationship": "Outer","Parallel Aware": false,"Async Capable": false,"Join Type": "Inner","Startup Cost": 0.42,"Total Cost": 24846.16,"Plan Rows": 20202,"Plan Width": 18,"Actual Startup Time": 0.152,"Actual Total Time": 115.642,"Actual Rows": 14489,"Actual Loops": 3,"Inner Unique": false,"Workers": [],"Plans": [{"Node Type": "Seq Scan","Parent Relationship": "Outer","Parallel Aware": true,"Async Capable": false,"Relation Name": "part","Alias": "part","Startup Cost": 0.00,"Total Cost": 5138.67,"Plan Rows": 5051,"Plan Width": 4,"Actual Startup Time": 0.052,"Actual Total Time": 49.595,"Actual Rows": 3622,"Actual Loops": 3,"Filter": "((p_name)::text ~~ '%thistle%'::text)","Rows Removed by Filter": 63044,"Workers": []},{"Node Type": "Index Scan","Parent Relationship": "Inner","Parallel Aware": false,"Async Capable": false,"Scan Direction": "Forward","Index Name": "idx_partsupp_partkey","Relation Name": "partsupp","Alias": "partsupp","Startup Cost": 0.42,"Total Cost": 3.86,"Plan Rows": 4,"Plan Width": 14,"Actual Startup Time": 0.014,"Actual Total Time": 0.017,"Actual Rows": 4,"Actual Loops": 10867,"Index Cond": "(ps_partkey = part.p_partkey)","Rows Removed by Index Recheck": 0,"Workers": []}]},{"Node Type": "Index Scan","Parent Relationship": "Inner","Parallel Aware": false,"Async Capable": false,"Scan Direction": "Forward","Index Name": "idx_lineitem_part_supp","Relation Name": "lineitem","Alias": "lineitem","Startup Cost": 0.43,"Total Cost": 1.05,"Plan Rows": 1,"Plan Width": 29,"Actual Startup Time": 0.007,"Actual Total Time": 0.047,"Actual Rows": 7,"Actual Loops": 43468,"Index Cond": "((l_partkey = partsupp.ps_partkey) AND (l_suppkey = partsupp.ps_suppkey))","Rows Removed by Index Recheck": 0,"Workers": []}]},{"Node Type": "Index Scan","Parent Relationship": "Inner","Parallel Aware": false,"Async Capable": false,"Scan Direction": "Forward","Index Name": "supplier_pkey","Relation Name": "supplier","Alias": "supplier","Startup Cost": 0.29,"Total Cost": 0.30,"Plan Rows": 1,"Plan Width": 8,"Actual Startup Time": 0.001,"Actual Total Time": 0.001,"Actual Rows": 1,"Actual Loops": 325638,"Index Cond": "(s_suppkey = lineitem.l_suppkey)","Rows Removed by Index Recheck": 0,"Workers": []}]},{"Node Type": "Index Scan","Parent Relationship": "Inner","Parallel Aware": false,"Async Capable": false,"Scan Direction": "Forward","Index Name": "orders_pkey","Relation Name": "orders","Alias": "orders","Startup Cost": 0.43,"Total Cost": 0.47,"Plan Rows": 1,"Plan Width": 8,"Actual Startup Time": 0.010,"Actual Total Time": 0.010,"Actual Rows": 1,"Actual Loops": 325638,"Index Cond": "(o_orderkey = lineitem.l_orderkey)","Rows Removed by Index Recheck": 0,"Workers": []}]},{"Node Type": "Hash","Parent Relationship": "Inner","Parallel Aware": false,"Async Capable": false,"Startup Cost": 1.25,"Total Cost": 1.25,"Plan Rows": 25,"Plan Width": 108,"Actual Startup Time": 0.061,"Actual Total Time": 0.085,"Actual Rows": 25,"Actual Loops": 3,"Hash Buckets": 1024,"Original Hash Buckets": 1024,"Hash Batches": 1,"Original Hash Batches": 1,"Peak Memory Usage": 10,"Workers": [],"Plans": [{"Node Type": "Seq Scan","Parent Relationship": "Outer","Parallel Aware": false,"Async Capable": false,"Relation Name": "nation","Alias": "nation","Startup Cost": 0.00,"Total Cost": 1.25,"Plan Rows": 25,"Plan Width": 108,"Actual Startup Time": 0.037,"Actual Total Time": 0.057,"Actual Rows": 25,"Actual Loops": 3,"Workers": []}]}]}]}]}]}]},"Planning Time": 12.360,"Triggers": [],"Execution Time": 2569.911}]
[{"Plan": {"Node Type": "Aggregate","Strategy": "Sorted","Partial Mode": "Finalize","Parallel Aware": false,"Async Capable": false,"Startup Cost": 47355.08,"Total Cost": 47374.71,"Plan Rows": 146,"Plan Width": 168,"Actual Startup Time": 2415.786,"Actual Total Time": 2534.768,"Actual Rows": 175,"Actual Loops": 1,"Group Key": ["nation.n_name", "(EXTRACT(year FROM orders.o_orderdate))"],"Plans": [{"Node Type": "Gather Merge","Parent Relationship": "Outer","Parallel Aware": false,"Async Capable": false,"Startup Cost": 47355.08,"Total Cost": 47371.30,"Plan Rows": 122,"Plan Width": 168,"Actual Startup Time": 2414.157,"Actual Total Time": 2534.359,"Actual Rows": 525,"Actual Loops": 1,"Workers Planned": 2,"Workers Launched": 2,"Plans": [{"Node Type": "Aggregate","Strategy": "Sorted","Partial Mode": "Partial","Parent Relationship": "Outer","Parallel Aware": false,"Async Capable": false,"Startup Cost": 46355.06,"Total Cost": 46357.20,"Plan Rows": 61,"Plan Width": 168,"Actual Startup Time": 2297.371,"Actual Total Time": 2422.591,"Actual Rows": 175,"Actual Loops": 3,"Group Key": ["nation.n_name", "(EXTRACT(year FROM orders.o_orderdate))"],"Workers": [],"Plans": [{"Node Type": "Sort","Parent Relationship": "Outer","Parallel Aware": false,"Async Capable": false,"Startup Cost": 46355.06,"Total Cost": 46355.21,"Plan Rows": 61,"Plan Width": 159,"Actual Startup Time": 2296.734,"Actual Total Time": 2338.671,"Actual Rows": 108616,"Actual Loops": 3,"Sort Key": ["nation.n_name", "(EXTRACT(year FROM orders.o_orderdate)) DESC"],"Sort Method": "quicksort","Sort Space Used": 13538,"Sort Space Type": "Memory","Workers": [{"Worker Number": 0,"Sort Method": "quicksort","Sort Space Used": 13960,"Sort Space Type": "Memory"},{"Worker Number": 1,"Sort Method": "quicksort","Sort Space Used": 14163,"Sort Space Type": "Memory"}],"Plans": [{"Node Type": "Hash Join","Parent Relationship": "Outer","Parallel Aware": false,"Async Capable": false,"Join Type": "Inner","Startup Cost": 3.13,"Total Cost": 46353.25,"Plan Rows": 61,"Plan Width": 159,"Actual Startup Time": 0.781,"Actual Total Time": 2145.248,"Actual Rows": 108616,"Actual Loops": 3,"Inner Unique": true,"Hash Cond": "(supplier.s_nationkey = nation.n_nationkey)","Workers": [],"Plans": [{"Node Type": "Nested Loop","Parent Relationship": "Outer","Parallel Aware": false,"Async Capable": false,"Join Type": "Inner","Startup Cost": 1.57,"Total Cost": 46351.35,"Plan Rows": 61,"Plan Width": 31,"Actual Startup Time": 0.588,"Actual Total Time": 2113.747,"Actual Rows": 108616,"Actual Loops": 3,"Inner Unique": true,"Workers": [],"Plans": [{"Node Type": "Nested Loop","Parent Relationship": "Outer","Parallel Aware": false,"Async Capable": false,"Join Type": "Inner","Startup Cost": 1.14,"Total Cost": 46322.98,"Plan Rows": 61,"Plan Width": 31,"Actual Startup Time": 0.441,"Actual Total Time": 984.535,"Actual Rows": 108616,"Actual Loops": 3,"Inner Unique": true,"Workers": [],"Plans": [{"Node Type": "Nested Loop","Parent Relationship": "Outer","Parallel Aware": false,"Async Capable": false,"Join Type": "Inner","Startup Cost": 0.86,"Total Cost": 46304.52,"Plan Rows": 61,"Plan Width": 35,"Actual Startup Time": 0.339,"Actual Total Time": 801.599,"Actual Rows": 108616,"Actual Loops": 3,"Inner Unique": false,"Workers": [],"Plans": [{"Node Type": "Nested Loop","Parent Relationship": "Outer","Parallel Aware": false,"Async Capable": false,"Join Type": "Inner","Startup Cost": 0.42,"Total Cost": 24846.16,"Plan Rows": 20202,"Plan Width": 18,"Actual Startup Time": 0.197,"Actual Total Time": 118.073,"Actual Rows": 14435,"Actual Loops": 3,"Inner Unique": false,"Workers": [],"Plans": [{"Node Type": "Seq Scan","Parent Relationship": "Outer","Parallel Aware": true,"Async Capable": false,"Relation Name": "part","Alias": "part","Startup Cost": 0.00,"Total Cost": 5138.67,"Plan Rows": 5051,"Plan Width": 4,"Actual Startup Time": 0.061,"Actual Total Time": 51.005,"Actual Rows": 3609,"Actual Loops": 3,"Filter": "((p_name)::text ~~ '%peru%'::text)","Rows Removed by Filter": 63058,"Workers": []},{"Node Type": "Index Scan","Parent Relationship": "Inner","Parallel Aware": false,"Async Capable": false,"Scan Direction": "Forward","Index Name": "idx_partsupp_partkey","Relation Name": "partsupp","Alias": "partsupp","Startup Cost": 0.42,"Total Cost": 3.86,"Plan Rows": 4,"Plan Width": 14,"Actual Startup Time": 0.014,"Actual Total Time": 0.018,"Actual Rows": 4,"Actual Loops": 10826,"Index Cond": "(ps_partkey = part.p_partkey)","Rows Removed by Index Recheck": 0,"Workers": []}]},{"Node Type": "Index Scan","Parent Relationship": "Inner","Parallel Aware": false,"Async Capable": false,"Scan Direction": "Forward","Index Name": "idx_lineitem_part_supp","Relation Name": "lineitem","Alias": "lineitem","Startup Cost": 0.43,"Total Cost": 1.05,"Plan Rows": 1,"Plan Width": 29,"Actual Startup Time": 0.007,"Actual Total Time": 0.046,"Actual Rows": 8,"Actual Loops": 43304,"Index Cond": "((l_partkey = partsupp.ps_partkey) AND (l_suppkey = partsupp.ps_suppkey))","Rows Removed by Index Recheck": 0,"Workers": []}]},{"Node Type": "Index Scan","Parent Relationship": "Inner","Parallel Aware": false,"Async Capable": false,"Scan Direction": "Forward","Index Name": "supplier_pkey","Relation Name": "supplier","Alias": "supplier","Startup Cost": 0.29,"Total Cost": 0.30,"Plan Rows": 1,"Plan Width": 8,"Actual Startup Time": 0.001,"Actual Total Time": 0.001,"Actual Rows": 1,"Actual Loops": 325847,"Index Cond": "(s_suppkey = lineitem.l_suppkey)","Rows Removed by Index Recheck": 0,"Workers": []}]},{"Node Type": "Index Scan","Parent Relationship": "Inner","Parallel Aware": false,"Async Capable": false,"Scan Direction": "Forward","Index Name": "orders_pkey","Relation Name": "orders","Alias": "orders","Startup Cost": 0.43,"Total Cost": 0.47,"Plan Rows": 1,"Plan Width": 8,"Actual Startup Time": 0.010,"Actual Total Time": 0.010,"Actual Rows": 1,"Actual Loops": 325847,"Index Cond": "(o_orderkey = lineitem.l_orderkey)","Rows Removed by Index Recheck": 0,"Workers": []}]},{"Node Type": "Hash","Parent Relationship": "Inner","Parallel Aware": false,"Async Capable": false,"Startup Cost": 1.25,"Total Cost": 1.25,"Plan Rows": 25,"Plan Width": 108,"Actual Startup Time": 0.087,"Actual Total Time": 0.096,"Actual Rows": 25,"Actual Loops": 3,"Hash Buckets": 1024,"Original Hash Buckets": 1024,"Hash Batches": 1,"Original Hash Batches": 1,"Peak Memory Usage": 10,"Workers": [],"Plans": [{"Node Type": "Seq Scan","Parent Relationship": "Outer","Parallel Aware": false,"Async Capable": false,"Relation Name": "nation","Alias": "nation","Startup Cost": 0.00,"Total Cost": 1.25,"Plan Rows": 25,"Plan Width": 108,"Actual Startup Time": 0.055,"Actual Total Time": 0.061,"Actual Rows": 25,"Actual Loops": 3,"Workers": []}]}]}]}]}]}]},"Planning Time": 12.956,"Triggers": [],"Execution Time": 2539.642}]
[{"Plan": {"Node Type": "Aggregate","Strategy": "Sorted","Partial Mode": "Finalize","Parallel Aware": false,"Async Capable": false,"Startup Cost": 28858.40,"Total Cost": 28868.07,"Plan Rows": 73,"Plan Width": 168,"Actual Startup Time": 2433.385,"Actual Total Time": 2598.575,"Actual Rows": 175,"Actual Loops": 1,"Group Key": ["nation.n_name", "(EXTRACT(year FROM orders.o_orderdate))"],"Plans": [{"Node Type": "Gather Merge","Parent Relationship": "Outer","Parallel Aware": false,"Async Capable": false,"Startup Cost": 28858.40,"Total Cost": 28866.38,"Plan Rows": 60,"Plan Width": 168,"Actual Startup Time": 2431.438,"Actual Total Time": 2598.048,"Actual Rows": 525,"Actual Loops": 1,"Workers Planned": 2,"Workers Launched": 2,"Plans": [{"Node Type": "Aggregate","Strategy": "Sorted","Partial Mode": "Partial","Parent Relationship": "Outer","Parallel Aware": false,"Async Capable": false,"Startup Cost": 27858.38,"Total Cost": 27859.43,"Plan Rows": 30,"Plan Width": 168,"Actual Startup Time": 2301.530,"Actual Total Time": 2432.114,"Actual Rows": 175,"Actual Loops": 3,"Group Key": ["nation.n_name", "(EXTRACT(year FROM orders.o_orderdate))"],"Workers": [],"Plans": [{"Node Type": "Sort","Parent Relationship": "Outer","Parallel Aware": false,"Async Capable": false,"Startup Cost": 27858.38,"Total Cost": 27858.46,"Plan Rows": 30,"Plan Width": 159,"Actual Startup Time": 2300.992,"Actual Total Time": 2347.199,"Actual Rows": 108766,"Actual Loops": 3,"Sort Key": ["nation.n_name", "(EXTRACT(year FROM orders.o_orderdate)) DESC"],"Sort Method": "quicksort","Sort Space Used": 13491,"Sort Space Type": "Memory","Workers": [{"Worker Number": 0,"Sort Method": "quicksort","Sort Space Used": 14063,"Sort Space Type": "Memory"},{"Worker Number": 1,"Sort Method": "quicksort","Sort Space Used": 14152,"Sort Space Type": "Memory"}],"Plans": [{"Node Type": "Hash Join","Parent Relationship": "Outer","Parallel Aware": false,"Async Capable": false,"Join Type": "Inner","Startup Cost": 3.13,"Total Cost": 27857.64,"Plan Rows": 30,"Plan Width": 159,"Actual Startup Time": 0.556,"Actual Total Time": 2149.836,"Actual Rows": 108766,"Actual Loops": 3,"Inner Unique": true,"Hash Cond": "(supplier.s_nationkey = nation.n_nationkey)","Workers": [],"Plans": [{"Node Type": "Nested Loop","Parent Relationship": "Outer","Parallel Aware": false,"Async Capable": false,"Join Type": "Inner","Startup Cost": 1.57,"Total Cost": 27855.92,"Plan Rows": 30,"Plan Width": 31,"Actual Startup Time": 0.420,"Actual Total Time": 2117.705,"Actual Rows": 108766,"Actual Loops": 3,"Inner Unique": true,"Workers": [],"Plans": [{"Node Type": "Nested Loop","Parent Relationship": "Outer","Parallel Aware": false,"Async Capable": false,"Join Type": "Inner","Startup Cost": 1.14,"Total Cost": 27841.96,"Plan Rows": 30,"Plan Width": 31,"Actual Startup Time": 0.326,"Actual Total Time": 987.272,"Actual Rows": 108766,"Actual Loops": 3,"Inner Unique": true,"Workers": [],"Plans": [{"Node Type": "Nested Loop","Parent Relationship": "Outer","Parallel Aware": false,"Async Capable": false,"Join Type": "Inner","Startup Cost": 0.86,"Total Cost": 27832.88,"Plan Rows": 30,"Plan Width": 35,"Actual Startup Time": 0.242,"Actual Total Time": 803.252,"Actual Rows": 108766,"Actual Loops": 3,"Inner Unique": false,"Workers": [],"Plans": [{"Node Type": "Nested Loop","Parent Relationship": "Outer","Parallel Aware": false,"Async Capable": false,"Join Type": "Inner","Startup Cost": 0.42,"Total Cost": 17103.70,"Plan Rows": 10101,"Plan Width": 18,"Actual Startup Time": 0.158,"Actual Total Time": 119.708,"Actual Rows": 14507,"Actual Loops": 3,"Inner Unique": false,"Workers": [],"Plans": [{"Node Type": "Seq Scan","Parent Relationship": "Outer","Parallel Aware": true,"Async Capable": false,"Relation Name": "part","Alias": "part","Startup Cost": 0.00,"Total Cost": 5138.67,"Plan Rows": 2525,"Plan Width": 4,"Actual Startup Time": 0.041,"Actual Total Time": 51.865,"Actual Rows": 3627,"Actual Loops": 3,"Filter": "((p_name)::text ~~ '%azure%'::text)","Rows Removed by Filter": 63040,"Workers": []},{"Node Type": "Index Scan","Parent Relationship": "Inner","Parallel Aware": false,"Async Capable": false,"Scan Direction": "Forward","Index Name": "idx_partsupp_partkey","Relation Name": "partsupp","Alias": "partsupp","Startup Cost": 0.42,"Total Cost": 4.70,"Plan Rows": 4,"Plan Width": 14,"Actual Startup Time": 0.014,"Actual Total Time": 0.018,"Actual Rows": 4,"Actual Loops": 10880,"Index Cond": "(ps_partkey = part.p_partkey)","Rows Removed by Index Recheck": 0,"Workers": []}]},{"Node Type": "Index Scan","Parent Relationship": "Inner","Parallel Aware": false,"Async Capable": false,"Scan Direction": "Forward","Index Name": "idx_lineitem_part_supp","Relation Name": "lineitem","Alias": "lineitem","Startup Cost": 0.43,"Total Cost": 1.05,"Plan Rows": 1,"Plan Width": 29,"Actual Startup Time": 0.007,"Actual Total Time": 0.045,"Actual Rows": 7,"Actual Loops": 43520,"Index Cond": "((l_partkey = partsupp.ps_partkey) AND (l_suppkey = partsupp.ps_suppkey))","Rows Removed by Index Recheck": 0,"Workers": []}]},{"Node Type": "Index Scan","Parent Relationship": "Inner","Parallel Aware": false,"Async Capable": false,"Scan Direction": "Forward","Index Name": "supplier_pkey","Relation Name": "supplier","Alias": "supplier","Startup Cost": 0.29,"Total Cost": 0.30,"Plan Rows": 1,"Plan Width": 8,"Actual Startup Time": 0.001,"Actual Total Time": 0.001,"Actual Rows": 1,"Actual Loops": 326297,"Index Cond": "(s_suppkey = lineitem.l_suppkey)","Rows Removed by Index Recheck": 0,"Workers": []}]},{"Node Type": "Index Scan","Parent Relationship": "Inner","Parallel Aware": false,"Async Capable": false,"Scan Direction": "Forward","Index Name": "orders_pkey","Relation Name": "orders","Alias": "orders","Startup Cost": 0.43,"Total Cost": 0.47,"Plan Rows": 1,"Plan Width": 8,"Actual Startup Time": 0.010,"Actual Total Time": 0.010,"Actual Rows": 1,"Actual Loops": 326297,"Index Cond": "(o_orderkey = lineitem.l_orderkey)","Rows Removed by Index Recheck": 0,"Workers": []}]},{"Node Type": "Hash","Parent Relationship": "Inner","Parallel Aware": false,"Async Capable": false,"Startup Cost": 1.25,"Total Cost": 1.25,"Plan Rows": 25,"Plan Width": 108,"Actual Startup Time": 0.059,"Actual Total Time": 0.066,"Actual Rows": 25,"Actual Loops": 3,"Hash Buckets": 1024,"Original Hash Buckets": 1024,"Hash Batches": 1,"Original Hash Batches": 1,"Peak Memory Usage": 10,"Workers": [],"Plans": [{"Node Type": "Seq Scan","Parent Relationship": "Outer","Parallel Aware": false,"Async Capable": false,"Relation Name": "nation","Alias": "nation","Startup Cost": 0.00,"Total Cost": 1.25,"Plan Rows": 25,"Plan Width": 108,"Actual Startup Time": 0.042,"Actual Total Time": 0.046,"Actual Rows": 25,"Actual Loops": 3,"Workers": []}]}]}]}]}]}]},"Planning Time": 11.434,"Triggers": [],"Execution Time": 2600.707}]
[{"Plan": {"Node Type": "Aggregate","Strategy": "Sorted","Partial Mode": "Finalize","Parallel Aware": false,"Async Capable": false,"Startup Cost": 49135.04,"Total Cost": 49164.27,"Plan Rows": 195,"Plan Width": 168,"Actual Startup Time": 1695.892,"Actual Total Time": 1788.177,"Actual Rows": 175,"Actual Loops": 1,"Group Key": ["nation.n_name", "(EXTRACT(year FROM orders.o_orderdate))"],"Plans": [{"Node Type": "Gather Merge","Parent Relationship": "Outer","Parallel Aware": false,"Async Capable": false,"Startup Cost": 49135.04,"Total Cost": 49159.45,"Plan Rows": 189,"Plan Width": 168,"Actual Startup Time": 1695.078,"Actual Total Time": 1787.736,"Actual Rows": 700,"Actual Loops": 1,"Workers Planned": 3,"Workers Launched": 3,"Plans": [{"Node Type": "Aggregate","Strategy": "Sorted","Partial Mode": "Partial","Parent Relationship": "Outer","Parallel Aware": false,"Async Capable": false,"Startup Cost": 48135.00,"Total Cost": 48137.21,"Plan Rows": 63,"Plan Width": 168,"Actual Startup Time": 1630.523,"Actual Total Time": 1710.917,"Actual Rows": 175,"Actual Loops": 4,"Group Key": ["nation.n_name", "(EXTRACT(year FROM orders.o_orderdate))"],"Workers": [],"Plans": [{"Node Type": "Sort","Parent Relationship": "Outer","Parallel Aware": false,"Async Capable": false,"Startup Cost": 48135.00,"Total Cost": 48135.16,"Plan Rows": 63,"Plan Width": 159,"Actual Startup Time": 1630.177,"Actual Total Time": 1655.241,"Actual Rows": 80496,"Actual Loops": 4,"Sort Key": ["nation.n_name", "(EXTRACT(year FROM orders.o_orderdate)) DESC"],"Sort Method": "quicksort","Sort Space Used": 11248,"Sort Space Type": "Memory","Workers": [{"Worker Number": 0,"Sort Method": "quicksort","Sort Space Used": 11159,"Sort Space Type": "Memory"},{"Worker Number": 1,"Sort Method": "quicksort","Sort Space Used": 10942,"Sort Space Type": "Memory"},{"Worker Number": 2,"Sort Method": "quicksort","Sort Space Used": 11002,"Sort Space Type": "Memory"}],"Plans": [{"Node Type": "Hash Join","Parent Relationship": "Outer","Parallel Aware": false,"Async Capable": false,"Join Type": "Inner","Startup Cost": 5225.55,"Total Cost": 48133.12,"Plan Rows": 63,"Plan Width": 159,"Actual Startup Time": 20.838,"Actual Total Time": 1531.829,"Actual Rows": 80496,"Actual Loops": 4,"Inner Unique": true,"Hash Cond": "(supplier.s_nationkey = nation.n_nationkey)","Workers": [],"Plans": [{"Node Type": "Nested Loop","Parent Relationship": "Outer","Parallel Aware": false,"Async Capable": false,"Join Type": "Inner","Startup Cost": 5223.99,"Total Cost": 48131.20,"Plan Rows": 63,"Plan Width": 31,"Actual Startup Time": 20.644,"Actual Total Time": 1508.653,"Actual Rows": 80496,"Actual Loops": 4,"Inner Unique": true,"Workers": [],"Plans": [{"Node Type": "Nested Loop","Parent Relationship": "Outer","Parallel Aware": false,"Async Capable": false,"Join Type": "Inner","Startup Cost": 5223.56,"Total Cost": 48101.90,"Plan Rows": 63,"Plan Width": 31,"Actual Startup Time": 20.571,"Actual Total Time": 785.878,"Actual Rows": 80496,"Actual Loops": 4,"Inner Unique": true,"Workers": [],"Plans": [{"Node Type": "Nested Loop","Parent Relationship": "Outer","Parallel Aware": false,"Async Capable": false,"Join Type": "Inner","Startup Cost": 5223.27,"Total Cost": 48082.83,"Plan Rows": 63,"Plan Width": 35,"Actual Startup Time": 20.525,"Actual Total Time": 650.701,"Actual Rows": 80496,"Actual Loops": 4,"Inner Unique": false,"Workers": [],"Plans": [{"Node Type": "Hash Join","Parent Relationship": "Outer","Parallel Aware": true,"Async Capable": false,"Join Type": "Inner","Startup Cost": 5222.84,"Total Cost": 25931.92,"Plan Rows": 20854,"Plan Width": 18,"Actual Startup Time": 20.463,"Actual Total Time": 194.086,"Actual Rows": 10737,"Actual Loops": 4,"Inner Unique": true,"Hash Cond": "(partsupp.ps_partkey = part.p_partkey)","Workers": [],"Plans": [{"Node Type": "Seq Scan","Parent Relationship": "Outer","Parallel Aware": true,"Async Capable": false,"Relation Name": "partsupp","Alias": "partsupp","Startup Cost": 0.00,"Total Cost": 20031.65,"Plan Rows": 258065,"Plan Width": 14,"Actual Startup Time": 0.015,"Actual Total Time": 42.340,"Actual Rows": 200000,"Actual Loops": 4,"Workers": []},{"Node Type": "Hash","Parent Relationship": "Inner","Parallel Aware": true,"Async Capable": false,"Startup Cost": 5138.67,"Total Cost": 5138.67,"Plan Rows": 6734,"Plan Width": 4,"Actual Startup Time": 20.303,"Actual Total Time": 20.315,"Actual Rows": 2684,"Actual Loops": 4,"Hash Buckets": 16384,"Original Hash Buckets": 16384,"Hash Batches": 1,"Original Hash Batches": 1,"Peak Memory Usage": 608,"Workers": [],"Plans": [{"Node Type": "Seq Scan","Parent Relationship": "Outer","Parallel Aware": true,"Async Capable": false,"Relation Name": "part","Alias": "part","Startup Cost": 0.00,"Total Cost": 5138.67,"Plan Rows": 6734,"Plan Width": 4,"Actual Startup Time": 0.038,"Actual Total Time": 18.669,"Actual Rows": 2684,"Actual Loops": 4,"Filter": "((p_name)::text ~~ '%forest%'::text)","Rows Removed by Filter": 47316,"Workers": []}]}]},{"Node Type": "Index Scan","Parent Relationship": "Inner","Parallel Aware": false,"Async Capable": false,"Scan Direction": "Forward","Index Name": "idx_lineitem_part_supp","Relation Name": "lineitem","Alias": "lineitem","Startup Cost": 0.43,"Total Cost": 1.05,"Plan Rows": 1,"Plan Width": 29,"Actual Startup Time": 0.006,"Actual Total Time": 0.041,"Actual Rows": 7,"Actual Loops": 42948,"Index Cond": "((l_partkey = partsupp.ps_partkey) AND (l_suppkey = partsupp.ps_suppkey))","Rows Removed by Index Recheck": 0,"Workers": []}]},{"Node Type": "Index Scan","Parent Relationship": "Inner","Parallel Aware": false,"Async Capable": false,"Scan Direction": "Forward","Index Name": "supplier_pkey","Relation Name": "supplier","Alias": "supplier","Startup Cost": 0.29,"Total Cost": 0.30,"Plan Rows": 1,"Plan Width": 8,"Actual Startup Time": 0.001,"Actual Total Time": 0.001,"Actual Rows": 1,"Actual Loops": 321982,"Index Cond": "(s_suppkey = lineitem.l_suppkey)","Rows Removed by Index Recheck": 0,"Workers": []}]},{"Node Type": "Index Scan","Parent Relationship": "Inner","Parallel Aware": false,"Async Capable": false,"Scan Direction": "Forward","Index Name": "orders_pkey","Relation Name": "orders","Alias": "orders","Startup Cost": 0.43,"Total Cost": 0.47,"Plan Rows": 1,"Plan Width": 8,"Actual Startup Time": 0.009,"Actual Total Time": 0.009,"Actual Rows": 1,"Actual Loops": 321982,"Index Cond": "(o_orderkey = lineitem.l_orderkey)","Rows Removed by Index Recheck": 0,"Workers": []}]},{"Node Type": "Hash","Parent Relationship": "Inner","Parallel Aware": false,"Async Capable": false,"Startup Cost": 1.25,"Total Cost": 1.25,"Plan Rows": 25,"Plan Width": 108,"Actual Startup Time": 0.093,"Actual Total Time": 0.098,"Actual Rows": 25,"Actual Loops": 4,"Hash Buckets": 1024,"Original Hash Buckets": 1024,"Hash Batches": 1,"Original Hash Batches": 1,"Peak Memory Usage": 10,"Workers": [],"Plans": [{"Node Type": "Seq Scan","Parent Relationship": "Outer","Parallel Aware": false,"Async Capable": false,"Relation Name": "nation","Alias": "nation","Startup Cost": 0.00,"Total Cost": 1.25,"Plan Rows": 25,"Plan Width": 108,"Actual Startup Time": 0.068,"Actual Total Time": 0.073,"Actual Rows": 25,"Actual Loops": 4,"Workers": []}]}]}]}]}]}]},"Planning Time": 11.519,"Triggers": [],"Execution Time": 1790.487}]
[{"Plan": {"Node Type": "Aggregate","Strategy": "Sorted","Partial Mode": "Finalize","Parallel Aware": false,"Async Capable": false,"Startup Cost": 47355.08,"Total Cost": 47374.71,"Plan Rows": 146,"Plan Width": 168,"Actual Startup Time": 2451.743,"Actual Total Time": 2638.486,"Actual Rows": 175,"Actual Loops": 1,"Group Key": ["nation.n_name", "(EXTRACT(year FROM orders.o_orderdate))"],"Plans": [{"Node Type": "Gather Merge","Parent Relationship": "Outer","Parallel Aware": false,"Async Capable": false,"Startup Cost": 47355.08,"Total Cost": 47371.30,"Plan Rows": 122,"Plan Width": 168,"Actual Startup Time": 2450.259,"Actual Total Time": 2637.961,"Actual Rows": 525,"Actual Loops": 1,"Workers Planned": 2,"Workers Launched": 2,"Plans": [{"Node Type": "Aggregate","Strategy": "Sorted","Partial Mode": "Partial","Parent Relationship": "Outer","Parallel Aware": false,"Async Capable": false,"Startup Cost": 46355.06,"Total Cost": 46357.20,"Plan Rows": 61,"Plan Width": 168,"Actual Startup Time": 2354.615,"Actual Total Time": 2507.212,"Actual Rows": 175,"Actual Loops": 3,"Group Key": ["nation.n_name", "(EXTRACT(year FROM orders.o_orderdate))"],"Workers": [],"Plans": [{"Node Type": "Sort","Parent Relationship": "Outer","Parallel Aware": false,"Async Capable": false,"Startup Cost": 46355.06,"Total Cost": 46355.21,"Plan Rows": 61,"Plan Width": 159,"Actual Startup Time": 2354.072,"Actual Total Time": 2412.065,"Actual Rows": 109898,"Actual Loops": 3,"Sort Key": ["nation.n_name", "(EXTRACT(year FROM orders.o_orderdate)) DESC"],"Sort Method": "quicksort","Sort Space Used": 14665,"Sort Space Type": "Memory","Workers": [{"Worker Number": 0,"Sort Method": "quicksort","Sort Space Used": 13702,"Sort Space Type": "Memory"},{"Worker Number": 1,"Sort Method": "quicksort","Sort Space Used": 13674,"Sort Space Type": "Memory"}],"Plans": [{"Node Type": "Hash Join","Parent Relationship": "Outer","Parallel Aware": false,"Async Capable": false,"Join Type": "Inner","Startup Cost": 3.13,"Total Cost": 46353.25,"Plan Rows": 61,"Plan Width": 159,"Actual Startup Time": 0.557,"Actual Total Time": 2207.182,"Actual Rows": 109898,"Actual Loops": 3,"Inner Unique": true,"Hash Cond": "(supplier.s_nationkey = nation.n_nationkey)","Workers": [],"Plans": [{"Node Type": "Nested Loop","Parent Relationship": "Outer","Parallel Aware": false,"Async Capable": false,"Join Type": "Inner","Startup Cost": 1.57,"Total Cost": 46351.35,"Plan Rows": 61,"Plan Width": 31,"Actual Startup Time": 0.414,"Actual Total Time": 2175.294,"Actual Rows": 109898,"Actual Loops": 3,"Inner Unique": true,"Workers": [],"Plans": [{"Node Type": "Nested Loop","Parent Relationship": "Outer","Parallel Aware": false,"Async Capable": false,"Join Type": "Inner","Startup Cost": 1.14,"Total Cost": 46322.98,"Plan Rows": 61,"Plan Width": 31,"Actual Startup Time": 0.310,"Actual Total Time": 1011.624,"Actual Rows": 109898,"Actual Loops": 3,"Inner Unique": true,"Workers": [],"Plans": [{"Node Type": "Nested Loop","Parent Relationship": "Outer","Parallel Aware": false,"Async Capable": false,"Join Type": "Inner","Startup Cost": 0.86,"Total Cost": 46304.52,"Plan Rows": 61,"Plan Width": 35,"Actual Startup Time": 0.236,"Actual Total Time": 825.175,"Actual Rows": 109898,"Actual Loops": 3,"Inner Unique": false,"Workers": [],"Plans": [{"Node Type": "Nested Loop","Parent Relationship": "Outer","Parallel Aware": false,"Async Capable": false,"Join Type": "Inner","Startup Cost": 0.42,"Total Cost": 24846.16,"Plan Rows": 20202,"Plan Width": 18,"Actual Startup Time": 0.137,"Actual Total Time": 114.423,"Actual Rows": 14635,"Actual Loops": 3,"Inner Unique": false,"Workers": [],"Plans": [{"Node Type": "Seq Scan","Parent Relationship": "Outer","Parallel Aware": true,"Async Capable": false,"Relation Name": "part","Alias": "part","Startup Cost": 0.00,"Total Cost": 5138.67,"Plan Rows": 5051,"Plan Width": 4,"Actual Startup Time": 0.046,"Actual Total Time": 48.394,"Actual Rows": 3659,"Actual Loops": 3,"Filter": "((p_name)::text ~~ '%brown%'::text)","Rows Removed by Filter": 63008,"Workers": []},{"Node Type": "Index Scan","Parent Relationship": "Inner","Parallel Aware": false,"Async Capable": false,"Scan Direction": "Forward","Index Name": "idx_partsupp_partkey","Relation Name": "partsupp","Alias": "partsupp","Startup Cost": 0.42,"Total Cost": 3.86,"Plan Rows": 4,"Plan Width": 14,"Actual Startup Time": 0.014,"Actual Total Time": 0.017,"Actual Rows": 4,"Actual Loops": 10976,"Index Cond": "(ps_partkey = part.p_partkey)","Rows Removed by Index Recheck": 0,"Workers": []}]},{"Node Type": "Index Scan","Parent Relationship": "Inner","Parallel Aware": false,"Async Capable": false,"Scan Direction": "Forward","Index Name": "idx_lineitem_part_supp","Relation Name": "lineitem","Alias": "lineitem","Startup Cost": 0.43,"Total Cost": 1.05,"Plan Rows": 1,"Plan Width": 29,"Actual Startup Time": 0.007,"Actual Total Time": 0.047,"Actual Rows": 8,"Actual Loops": 43904,"Index Cond": "((l_partkey = partsupp.ps_partkey) AND (l_suppkey = partsupp.ps_suppkey))","Rows Removed by Index Recheck": 0,"Workers": []}]},{"Node Type": "Index Scan","Parent Relationship": "Inner","Parallel Aware": false,"Async Capable": false,"Scan Direction": "Forward","Index Name": "supplier_pkey","Relation Name": "supplier","Alias": "supplier","Startup Cost": 0.29,"Total Cost": 0.30,"Plan Rows": 1,"Plan Width": 8,"Actual Startup Time": 0.001,"Actual Total Time": 0.001,"Actual Rows": 1,"Actual Loops": 329693,"Index Cond": "(s_suppkey = lineitem.l_suppkey)","Rows Removed by Index Recheck": 0,"Workers": []}]},{"Node Type": "Index Scan","Parent Relationship": "Inner","Parallel Aware": false,"Async Capable": false,"Scan Direction": "Forward","Index Name": "orders_pkey","Relation Name": "orders","Alias": "orders","Startup Cost": 0.43,"Total Cost": 0.47,"Plan Rows": 1,"Plan Width": 8,"Actual Startup Time": 0.010,"Actual Total Time": 0.010,"Actual Rows": 1,"Actual Loops": 329693,"Index Cond": "(o_orderkey = lineitem.l_orderkey)","Rows Removed by Index Recheck": 0,"Workers": []}]},{"Node Type": "Hash","Parent Relationship": "Inner","Parallel Aware": false,"Async Capable": false,"Startup Cost": 1.25,"Total Cost": 1.25,"Plan Rows": 25,"Plan Width": 108,"Actual Startup Time": 0.066,"Actual Total Time": 0.074,"Actual Rows": 25,"Actual Loops": 3,"Hash Buckets": 1024,"Original Hash Buckets": 1024,"Hash Batches": 1,"Original Hash Batches": 1,"Peak Memory Usage": 10,"Workers": [],"Plans": [{"Node Type": "Seq Scan","Parent Relationship": "Outer","Parallel Aware": false,"Async Capable": false,"Relation Name": "nation","Alias": "nation","Startup Cost": 0.00,"Total Cost": 1.25,"Plan Rows": 25,"Plan Width": 108,"Actual Startup Time": 0.044,"Actual Total Time": 0.048,"Actual Rows": 25,"Actual Loops": 3,"Workers": []}]}]}]}]}]}]},"Planning Time": 12.167,"Triggers": [],"Execution Time": 2641.371}]
[{"Plan": {"Node Type": "Aggregate","Strategy": "Sorted","Partial Mode": "Finalize","Parallel Aware": false,"Async Capable": false,"Startup Cost": 35224.41,"Total Cost": 35237.30,"Plan Rows": 97,"Plan Width": 168,"Actual Startup Time": 2410.163,"Actual Total Time": 2573.719,"Actual Rows": 175,"Actual Loops": 1,"Group Key": ["nation.n_name", "(EXTRACT(year FROM orders.o_orderdate))"],"Plans": [{"Node Type": "Gather Merge","Parent Relationship": "Outer","Parallel Aware": false,"Async Capable": false,"Startup Cost": 35224.41,"Total Cost": 35235.05,"Plan Rows": 80,"Plan Width": 168,"Actual Startup Time": 2408.338,"Actual Total Time": 2573.326,"Actual Rows": 525,"Actual Loops": 1,"Workers Planned": 2,"Workers Launched": 2,"Plans": [{"Node Type": "Aggregate","Strategy": "Sorted","Partial Mode": "Partial","Parent Relationship": "Outer","Parallel Aware": false,"Async Capable": false,"Startup Cost": 34224.39,"Total Cost": 34225.79,"Plan Rows": 40,"Plan Width": 168,"Actual Startup Time": 2302.691,"Actual Total Time": 2428.274,"Actual Rows": 175,"Actual Loops": 3,"Group Key": ["nation.n_name", "(EXTRACT(year FROM orders.o_orderdate))"],"Workers": [],"Plans": [{"Node Type": "Sort","Parent Relationship": "Outer","Parallel Aware": false,"Async Capable": false,"Startup Cost": 34224.39,"Total Cost": 34224.49,"Plan Rows": 40,"Plan Width": 159,"Actual Startup Time": 2302.042,"Actual Total Time": 2344.248,"Actual Rows": 109402,"Actual Loops": 3,"Sort Key": ["nation.n_name", "(EXTRACT(year FROM orders.o_orderdate)) DESC"],"Sort Method": "quicksort","Sort Space Used": 13601,"Sort Space Type": "Memory","Workers": [{"Worker Number": 0,"Sort Method": "quicksort","Sort Space Used": 14189,"Sort Space Type": "Memory"},{"Worker Number": 1,"Sort Method": "quicksort","Sort Space Used": 14107,"Sort Space Type": "Memory"}],"Plans": [{"Node Type": "Hash Join","Parent Relationship": "Outer","Parallel Aware": false,"Async Capable": false,"Join Type": "Inner","Startup Cost": 3.13,"Total Cost": 34223.32,"Plan Rows": 40,"Plan Width": 159,"Actual Startup Time": 0.735,"Actual Total Time": 2152.784,"Actual Rows": 109402,"Actual Loops": 3,"Inner Unique": true,"Hash Cond": "(supplier.s_nationkey = nation.n_nationkey)","Workers": [],"Plans": [{"Node Type": "Nested Loop","Parent Relationship": "Outer","Parallel Aware": false,"Async Capable": false,"Join Type": "Inner","Startup Cost": 1.57,"Total Cost": 34221.53,"Plan Rows": 40,"Plan Width": 31,"Actual Startup Time": 0.544,"Actual Total Time": 2120.427,"Actual Rows": 109402,"Actual Loops": 3,"Inner Unique": true,"Workers": [],"Plans": [{"Node Type": "Nested Loop","Parent Relationship": "Outer","Parallel Aware": false,"Async Capable": false,"Join Type": "Inner","Startup Cost": 1.14,"Total Cost": 34202.93,"Plan Rows": 40,"Plan Width": 31,"Actual Startup Time": 0.416,"Actual Total Time": 988.040,"Actual Rows": 109402,"Actual Loops": 3,"Inner Unique": true,"Workers": [],"Plans": [{"Node Type": "Nested Loop","Parent Relationship": "Outer","Parallel Aware": false,"Async Capable": false,"Join Type": "Inner","Startup Cost": 0.86,"Total Cost": 34190.82,"Plan Rows": 40,"Plan Width": 35,"Actual Startup Time": 0.319,"Actual Total Time": 803.042,"Actual Rows": 109402,"Actual Loops": 3,"Inner Unique": false,"Workers": [],"Plans": [{"Node Type": "Nested Loop","Parent Relationship": "Outer","Parallel Aware": false,"Async Capable": false,"Join Type": "Inner","Startup Cost": 0.42,"Total Cost": 19885.25,"Plan Rows": 13468,"Plan Width": 18,"Actual Startup Time": 0.207,"Actual Total Time": 118.633,"Actual Rows": 14617,"Actual Loops": 3,"Inner Unique": false,"Workers": [],"Plans": [{"Node Type": "Seq Scan","Parent Relationship": "Outer","Parallel Aware": true,"Async Capable": false,"Relation Name": "part","Alias": "part","Startup Cost": 0.00,"Total Cost": 5138.67,"Plan Rows": 3367,"Plan Width": 4,"Actual Startup Time": 0.078,"Actual Total Time": 50.998,"Actual Rows": 3654,"Actual Loops": 3,"Filter": "((p_name)::text ~~ '%misty%'::text)","Rows Removed by Filter": 63012,"Workers": []},{"Node Type": "Index Scan","Parent Relationship": "Inner","Parallel Aware": false,"Async Capable": false,"Scan Direction": "Forward","Index Name": "idx_partsupp_partkey","Relation Name": "partsupp","Alias": "partsupp","Startup Cost": 0.42,"Total Cost": 4.34,"Plan Rows": 4,"Plan Width": 14,"Actual Startup Time": 0.014,"Actual Total Time": 0.018,"Actual Rows": 4,"Actual Loops": 10963,"Index Cond": "(ps_partkey = part.p_partkey)","Rows Removed by Index Recheck": 0,"Workers": []}]},{"Node Type": "Index Scan","Parent Relationship": "Inner","Parallel Aware": false,"Async Capable": false,"Scan Direction": "Forward","Index Name": "idx_lineitem_part_supp","Relation Name": "lineitem","Alias": "lineitem","Startup Cost": 0.43,"Total Cost": 1.05,"Plan Rows": 1,"Plan Width": 29,"Actual Startup Time": 0.007,"Actual Total Time": 0.045,"Actual Rows": 7,"Actual Loops": 43852,"Index Cond": "((l_partkey = partsupp.ps_partkey) AND (l_suppkey = partsupp.ps_suppkey))","Rows Removed by Index Recheck": 0,"Workers": []}]},{"Node Type": "Index Scan","Parent Relationship": "Inner","Parallel Aware": false,"Async Capable": false,"Scan Direction": "Forward","Index Name": "supplier_pkey","Relation Name": "supplier","Alias": "supplier","Startup Cost": 0.29,"Total Cost": 0.30,"Plan Rows": 1,"Plan Width": 8,"Actual Startup Time": 0.001,"Actual Total Time": 0.001,"Actual Rows": 1,"Actual Loops": 328206,"Index Cond": "(s_suppkey = lineitem.l_suppkey)","Rows Removed by Index Recheck": 0,"Workers": []}]},{"Node Type": "Index Scan","Parent Relationship": "Inner","Parallel Aware": false,"Async Capable": false,"Scan Direction": "Forward","Index Name": "orders_pkey","Relation Name": "orders","Alias": "orders","Startup Cost": 0.43,"Total Cost": 0.47,"Plan Rows": 1,"Plan Width": 8,"Actual Startup Time": 0.010,"Actual Total Time": 0.010,"Actual Rows": 1,"Actual Loops": 328206,"Index Cond": "(o_orderkey = lineitem.l_orderkey)","Rows Removed by Index Recheck": 0,"Workers": []}]},{"Node Type": "Hash","Parent Relationship": "Inner","Parallel Aware": false,"Async Capable": false,"Startup Cost": 1.25,"Total Cost": 1.25,"Plan Rows": 25,"Plan Width": 108,"Actual Startup Time": 0.086,"Actual Total Time": 0.092,"Actual Rows": 25,"Actual Loops": 3,"Hash Buckets": 1024,"Original Hash Buckets": 1024,"Hash Batches": 1,"Original Hash Batches": 1,"Peak Memory Usage": 10,"Workers": [],"Plans": [{"Node Type": "Seq Scan","Parent Relationship": "Outer","Parallel Aware": false,"Async Capable": false,"Relation Name": "nation","Alias": "nation","Startup Cost": 0.00,"Total Cost": 1.25,"Plan Rows": 25,"Plan Width": 108,"Actual Startup Time": 0.060,"Actual Total Time": 0.066,"Actual Rows": 25,"Actual Loops": 3,"Workers": []}]}]}]}]}]}]},"Planning Time": 12.091,"Triggers": [],"Execution Time": 2576.214}]
[{"Plan": {"Node Type": "Aggregate","Strategy": "Sorted","Partial Mode": "Finalize","Parallel Aware": false,"Async Capable": false,"Startup Cost": 41381.04,"Total Cost": 41397.45,"Plan Rows": 122,"Plan Width": 168,"Actual Startup Time": 2398.876,"Actual Total Time": 2534.179,"Actual Rows": 175,"Actual Loops": 1,"Group Key": ["nation.n_name", "(EXTRACT(year FROM orders.o_orderdate))"],"Plans": [{"Node Type": "Gather Merge","Parent Relationship": "Outer","Parallel Aware": false,"Async Capable": false,"Startup Cost": 41381.04,"Total Cost": 41394.60,"Plan Rows": 102,"Plan Width": 168,"Actual Startup Time": 2396.898,"Actual Total Time": 2533.741,"Actual Rows": 525,"Actual Loops": 1,"Workers Planned": 2,"Workers Launched": 2,"Plans": [{"Node Type": "Aggregate","Strategy": "Sorted","Partial Mode": "Partial","Parent Relationship": "Outer","Parallel Aware": false,"Async Capable": false,"Startup Cost": 40381.01,"Total Cost": 40382.80,"Plan Rows": 51,"Plan Width": 168,"Actual Startup Time": 2301.409,"Actual Total Time": 2413.967,"Actual Rows": 175,"Actual Loops": 3,"Group Key": ["nation.n_name", "(EXTRACT(year FROM orders.o_orderdate))"],"Workers": [],"Plans": [{"Node Type": "Sort","Parent Relationship": "Outer","Parallel Aware": false,"Async Capable": false,"Startup Cost": 40381.01,"Total Cost": 40381.14,"Plan Rows": 51,"Plan Width": 159,"Actual Startup Time": 2300.764,"Actual Total Time": 2336.333,"Actual Rows": 108510,"Actual Loops": 3,"Sort Key": ["nation.n_name", "(EXTRACT(year FROM orders.o_orderdate)) DESC"],"Sort Method": "quicksort","Sort Space Used": 13476,"Sort Space Type": "Memory","Workers": [{"Worker Number": 0,"Sort Method": "quicksort","Sort Space Used": 13859,"Sort Space Type": "Memory"},{"Worker Number": 1,"Sort Method": "quicksort","Sort Space Used": 14299,"Sort Space Type": "Memory"}],"Plans": [{"Node Type": "Hash Join","Parent Relationship": "Outer","Parallel Aware": false,"Async Capable": false,"Join Type": "Inner","Startup Cost": 3.13,"Total Cost": 40379.57,"Plan Rows": 51,"Plan Width": 159,"Actual Startup Time": 0.700,"Actual Total Time": 2152.971,"Actual Rows": 108510,"Actual Loops": 3,"Inner Unique": true,"Hash Cond": "(supplier.s_nationkey = nation.n_nationkey)","Workers": [],"Plans": [{"Node Type": "Nested Loop","Parent Relationship": "Outer","Parallel Aware": false,"Async Capable": false,"Join Type": "Inner","Startup Cost": 1.57,"Total Cost": 40377.72,"Plan Rows": 51,"Plan Width": 31,"Actual Startup Time": 0.518,"Actual Total Time": 2121.953,"Actual Rows": 108510,"Actual Loops": 3,"Inner Unique": true,"Workers": [],"Plans": [{"Node Type": "Nested Loop","Parent Relationship": "Outer","Parallel Aware": false,"Async Capable": false,"Join Type": "Inner","Startup Cost": 1.14,"Total Cost": 40354.00,"Plan Rows": 51,"Plan Width": 31,"Actual Startup Time": 0.387,"Actual Total Time": 985.533,"Actual Rows": 108510,"Actual Loops": 3,"Inner Unique": true,"Workers": [],"Plans": [{"Node Type": "Nested Loop","Parent Relationship": "Outer","Parallel Aware": false,"Async Capable": false,"Join Type": "Inner","Startup Cost": 0.86,"Total Cost": 40338.56,"Plan Rows": 51,"Plan Width": 35,"Actual Startup Time": 0.285,"Actual Total Time": 801.596,"Actual Rows": 108510,"Actual Loops": 3,"Inner Unique": false,"Workers": [],"Plans": [{"Node Type": "Nested Loop","Parent Relationship": "Outer","Parallel Aware": false,"Async Capable": false,"Join Type": "Inner","Startup Cost": 0.42,"Total Cost": 22456.59,"Plan Rows": 16835,"Plan Width": 18,"Actual Startup Time": 0.166,"Actual Total Time": 117.519,"Actual Rows": 14491,"Actual Loops": 3,"Inner Unique": false,"Workers": [],"Plans": [{"Node Type": "Seq Scan","Parent Relationship": "Outer","Parallel Aware": true,"Async Capable": false,"Relation Name": "part","Alias": "part","Startup Cost": 0.00,"Total Cost": 5138.67,"Plan Rows": 4209,"Plan Width": 4,"Actual Startup Time": 0.049,"Actual Total Time": 50.202,"Actual Rows": 3623,"Actual Loops": 3,"Filter": "((p_name)::text ~~ '%bisque%'::text)","Rows Removed by Filter": 63044,"Workers": []},{"Node Type": "Index Scan","Parent Relationship": "Inner","Parallel Aware": false,"Async Capable": false,"Scan Direction": "Forward","Index Name": "idx_partsupp_partkey","Relation Name": "partsupp","Alias": "partsupp","Startup Cost": 0.42,"Total Cost": 4.07,"Plan Rows": 4,"Plan Width": 14,"Actual Startup Time": 0.014,"Actual Total Time": 0.018,"Actual Rows": 4,"Actual Loops": 10868,"Index Cond": "(ps_partkey = part.p_partkey)","Rows Removed by Index Recheck": 0,"Workers": []}]},{"Node Type": "Index Scan","Parent Relationship": "Inner","Parallel Aware": false,"Async Capable": false,"Scan Direction": "Forward","Index Name": "idx_lineitem_part_supp","Relation Name": "lineitem","Alias": "lineitem","Startup Cost": 0.43,"Total Cost": 1.05,"Plan Rows": 1,"Plan Width": 29,"Actual Startup Time": 0.007,"Actual Total Time": 0.046,"Actual Rows": 7,"Actual Loops": 43472,"Index Cond": "((l_partkey = partsupp.ps_partkey) AND (l_suppkey = partsupp.ps_suppkey))","Rows Removed by Index Recheck": 0,"Workers": []}]},{"Node Type": "Index Scan","Parent Relationship": "Inner","Parallel Aware": false,"Async Capable": false,"Scan Direction": "Forward","Index Name": "supplier_pkey","Relation Name": "supplier","Alias": "supplier","Startup Cost": 0.29,"Total Cost": 0.30,"Plan Rows": 1,"Plan Width": 8,"Actual Startup Time": 0.001,"Actual Total Time": 0.001,"Actual Rows": 1,"Actual Loops": 325530,"Index Cond": "(s_suppkey = lineitem.l_suppkey)","Rows Removed by Index Recheck": 0,"Workers": []}]},{"Node Type": "Index Scan","Parent Relationship": "Inner","Parallel Aware": false,"Async Capable": false,"Scan Direction": "Forward","Index Name": "orders_pkey","Relation Name": "orders","Alias": "orders","Startup Cost": 0.43,"Total Cost": 0.47,"Plan Rows": 1,"Plan Width": 8,"Actual Startup Time": 0.010,"Actual Total Time": 0.010,"Actual Rows": 1,"Actual Loops": 325530,"Index Cond": "(o_orderkey = lineitem.l_orderkey)","Rows Removed by Index Recheck": 0,"Workers": []}]},{"Node Type": "Hash","Parent Relationship": "Inner","Parallel Aware": false,"Async Capable": false,"Startup Cost": 1.25,"Total Cost": 1.25,"Plan Rows": 25,"Plan Width": 108,"Actual Startup Time": 0.079,"Actual Total Time": 0.096,"Actual Rows": 25,"Actual Loops": 3,"Hash Buckets": 1024,"Original Hash Buckets": 1024,"Hash Batches": 1,"Original Hash Batches": 1,"Peak Memory Usage": 10,"Workers": [],"Plans": [{"Node Type": "Seq Scan","Parent Relationship": "Outer","Parallel Aware": false,"Async Capable": false,"Relation Name": "nation","Alias": "nation","Startup Cost": 0.00,"Total Cost": 1.25,"Plan Rows": 25,"Plan Width": 108,"Actual Startup Time": 0.047,"Actual Total Time": 0.061,"Actual Rows": 25,"Actual Loops": 3,"Workers": []}]}]}]}]}]}]},"Planning Time": 12.274,"Triggers": [],"Execution Time": 2537.205}]
[{"Plan": {"Node Type": "Aggregate","Strategy": "Sorted","Partial Mode": "Finalize","Parallel Aware": false,"Async Capable": false,"Startup Cost": 41381.04,"Total Cost": 41397.45,"Plan Rows": 122,"Plan Width": 168,"Actual Startup Time": 2369.291,"Actual Total Time": 2478.707,"Actual Rows": 175,"Actual Loops": 1,"Group Key": ["nation.n_name", "(EXTRACT(year FROM orders.o_orderdate))"],"Plans": [{"Node Type": "Gather Merge","Parent Relationship": "Outer","Parallel Aware": false,"Async Capable": false,"Startup Cost": 41381.04,"Total Cost": 41394.60,"Plan Rows": 102,"Plan Width": 168,"Actual Startup Time": 2368.553,"Actual Total Time": 2478.320,"Actual Rows": 525,"Actual Loops": 1,"Workers Planned": 2,"Workers Launched": 2,"Plans": [{"Node Type": "Aggregate","Strategy": "Sorted","Partial Mode": "Partial","Parent Relationship": "Outer","Parallel Aware": false,"Async Capable": false,"Startup Cost": 40381.01,"Total Cost": 40382.80,"Plan Rows": 51,"Plan Width": 168,"Actual Startup Time": 2234.651,"Actual Total Time": 2367.808,"Actual Rows": 175,"Actual Loops": 3,"Group Key": ["nation.n_name", "(EXTRACT(year FROM orders.o_orderdate))"],"Workers": [],"Plans": [{"Node Type": "Sort","Parent Relationship": "Outer","Parallel Aware": false,"Async Capable": false,"Startup Cost": 40381.01,"Total Cost": 40381.14,"Plan Rows": 51,"Plan Width": 159,"Actual Startup Time": 2234.151,"Actual Total Time": 2281.175,"Actual Rows": 106377,"Actual Loops": 3,"Sort Key": ["nation.n_name", "(EXTRACT(year FROM orders.o_orderdate)) DESC"],"Sort Method": "quicksort","Sort Space Used": 13281,"Sort Space Type": "Memory","Workers": [{"Worker Number": 0,"Sort Method": "quicksort","Sort Space Used": 13894,"Sort Space Type": "Memory"},{"Worker Number": 1,"Sort Method": "quicksort","Sort Space Used": 13818,"Sort Space Type": "Memory"}],"Plans": [{"Node Type": "Hash Join","Parent Relationship": "Outer","Parallel Aware": false,"Async Capable": false,"Join Type": "Inner","Startup Cost": 3.13,"Total Cost": 40379.57,"Plan Rows": 51,"Plan Width": 159,"Actual Startup Time": 0.768,"Actual Total Time": 2087.367,"Actual Rows": 106377,"Actual Loops": 3,"Inner Unique": true,"Hash Cond": "(supplier.s_nationkey = nation.n_nationkey)","Workers": [],"Plans": [{"Node Type": "Nested Loop","Parent Relationship": "Outer","Parallel Aware": false,"Async Capable": false,"Join Type": "Inner","Startup Cost": 1.57,"Total Cost": 40377.72,"Plan Rows": 51,"Plan Width": 31,"Actual Startup Time": 0.548,"Actual Total Time": 2056.182,"Actual Rows": 106377,"Actual Loops": 3,"Inner Unique": true,"Workers": [],"Plans": [{"Node Type": "Nested Loop","Parent Relationship": "Outer","Parallel Aware": false,"Async Capable": false,"Join Type": "Inner","Startup Cost": 1.14,"Total Cost": 40354.00,"Plan Rows": 51,"Plan Width": 31,"Actual Startup Time": 0.413,"Actual Total Time": 960.517,"Actual Rows": 106377,"Actual Loops": 3,"Inner Unique": true,"Workers": [],"Plans": [{"Node Type": "Nested Loop","Parent Relationship": "Outer","Parallel Aware": false,"Async Capable": false,"Join Type": "Inner","Startup Cost": 0.86,"Total Cost": 40338.56,"Plan Rows": 51,"Plan Width": 35,"Actual Startup Time": 0.324,"Actual Total Time": 781.220,"Actual Rows": 106377,"Actual Loops": 3,"Inner Unique": false,"Workers": [],"Plans": [{"Node Type": "Nested Loop","Parent Relationship": "Outer","Parallel Aware": false,"Async Capable": false,"Join Type": "Inner","Startup Cost": 0.42,"Total Cost": 22456.59,"Plan Rows": 16835,"Plan Width": 18,"Actual Startup Time": 0.210,"Actual Total Time": 116.185,"Actual Rows": 14180,"Actual Loops": 3,"Inner Unique": false,"Workers": [],"Plans": [{"Node Type": "Seq Scan","Parent Relationship": "Outer","Parallel Aware": true,"Async Capable": false,"Relation Name": "part","Alias": "part","Startup Cost": 0.00,"Total Cost": 5138.67,"Plan Rows": 4209,"Plan Width": 4,"Actual Startup Time": 0.080,"Actual Total Time": 50.374,"Actual Rows": 3545,"Actual Loops": 3,"Filter": "((p_name)::text ~~ '%gainsboro%'::text)","Rows Removed by Filter": 63122,"Workers": []},{"Node Type": "Index Scan","Parent Relationship": "Inner","Parallel Aware": false,"Async Capable": false,"Scan Direction": "Forward","Index Name": "idx_partsupp_partkey","Relation Name": "partsupp","Alias": "partsupp","Startup Cost": 0.42,"Total Cost": 4.07,"Plan Rows": 4,"Plan Width": 14,"Actual Startup Time": 0.014,"Actual Total Time": 0.018,"Actual Rows": 4,"Actual Loops": 10635,"Index Cond": "(ps_partkey = part.p_partkey)","Rows Removed by Index Recheck": 0,"Workers": []}]},{"Node Type": "Index Scan","Parent Relationship": "Inner","Parallel Aware": false,"Async Capable": false,"Scan Direction": "Forward","Index Name": "idx_lineitem_part_supp","Relation Name": "lineitem","Alias": "lineitem","Startup Cost": 0.43,"Total Cost": 1.05,"Plan Rows": 1,"Plan Width": 29,"Actual Startup Time": 0.007,"Actual Total Time": 0.045,"Actual Rows": 8,"Actual Loops": 42540,"Index Cond": "((l_partkey = partsupp.ps_partkey) AND (l_suppkey = partsupp.ps_suppkey))","Rows Removed by Index Recheck": 0,"Workers": []}]},{"Node Type": "Index Scan","Parent Relationship": "Inner","Parallel Aware": false,"Async Capable": false,"Scan Direction": "Forward","Index Name": "supplier_pkey","Relation Name": "supplier","Alias": "supplier","Startup Cost": 0.29,"Total Cost": 0.30,"Plan Rows": 1,"Plan Width": 8,"Actual Startup Time": 0.001,"Actual Total Time": 0.001,"Actual Rows": 1,"Actual Loops": 319131,"Index Cond": "(s_suppkey = lineitem.l_suppkey)","Rows Removed by Index Recheck": 0,"Workers": []}]},{"Node Type": "Index Scan","Parent Relationship": "Inner","Parallel Aware": false,"Async Capable": false,"Scan Direction": "Forward","Index Name": "orders_pkey","Relation Name": "orders","Alias": "orders","Startup Cost": 0.43,"Total Cost": 0.47,"Plan Rows": 1,"Plan Width": 8,"Actual Startup Time": 0.010,"Actual Total Time": 0.010,"Actual Rows": 1,"Actual Loops": 319131,"Index Cond": "(o_orderkey = lineitem.l_orderkey)","Rows Removed by Index Recheck": 0,"Workers": []}]},{"Node Type": "Hash","Parent Relationship": "Inner","Parallel Aware": false,"Async Capable": false,"Startup Cost": 1.25,"Total Cost": 1.25,"Plan Rows": 25,"Plan Width": 108,"Actual Startup Time": 0.092,"Actual Total Time": 0.105,"Actual Rows": 25,"Actual Loops": 3,"Hash Buckets": 1024,"Original Hash Buckets": 1024,"Hash Batches": 1,"Original Hash Batches": 1,"Peak Memory Usage": 10,"Workers": [],"Plans": [{"Node Type": "Seq Scan","Parent Relationship": "Outer","Parallel Aware": false,"Async Capable": false,"Relation Name": "nation","Alias": "nation","Startup Cost": 0.00,"Total Cost": 1.25,"Plan Rows": 25,"Plan Width": 108,"Actual Startup Time": 0.059,"Actual Total Time": 0.067,"Actual Rows": 25,"Actual Loops": 3,"Workers": []}]}]}]}]}]}]},"Planning Time": 12.024,"Triggers": [],"Execution Time": 2481.928}]
[{"Plan": {"Node Type": "Aggregate","Strategy": "Sorted","Partial Mode": "Finalize","Parallel Aware": false,"Async Capable": false,"Startup Cost": 47355.08,"Total Cost": 47374.71,"Plan Rows": 146,"Plan Width": 168,"Actual Startup Time": 2429.119,"Actual Total Time": 2605.321,"Actual Rows": 175,"Actual Loops": 1,"Group Key": ["nation.n_name", "(EXTRACT(year FROM orders.o_orderdate))"],"Plans": [{"Node Type": "Gather Merge","Parent Relationship": "Outer","Parallel Aware": false,"Async Capable": false,"Startup Cost": 47355.08,"Total Cost": 47371.30,"Plan Rows": 122,"Plan Width": 168,"Actual Startup Time": 2426.906,"Actual Total Time": 2604.867,"Actual Rows": 525,"Actual Loops": 1,"Workers Planned": 2,"Workers Launched": 2,"Plans": [{"Node Type": "Aggregate","Strategy": "Sorted","Partial Mode": "Partial","Parent Relationship": "Outer","Parallel Aware": false,"Async Capable": false,"Startup Cost": 46355.06,"Total Cost": 46357.20,"Plan Rows": 61,"Plan Width": 168,"Actual Startup Time": 2315.501,"Actual Total Time": 2444.657,"Actual Rows": 175,"Actual Loops": 3,"Group Key": ["nation.n_name", "(EXTRACT(year FROM orders.o_orderdate))"],"Workers": [],"Plans": [{"Node Type": "Sort","Parent Relationship": "Outer","Parallel Aware": false,"Async Capable": false,"Startup Cost": 46355.06,"Total Cost": 46355.21,"Plan Rows": 61,"Plan Width": 159,"Actual Startup Time": 2314.736,"Actual Total Time": 2357.989,"Actual Rows": 110203,"Actual Loops": 3,"Sort Key": ["nation.n_name", "(EXTRACT(year FROM orders.o_orderdate)) DESC"],"Sort Method": "quicksort","Sort Space Used": 13700,"Sort Space Type": "Memory","Workers": [{"Worker Number": 0,"Sort Method": "quicksort","Sort Space Used": 14285,"Sort Space Type": "Memory"},{"Worker Number": 1,"Sort Method": "quicksort","Sort Space Used": 14149,"Sort Space Type": "Memory"}],"Plans": [{"Node Type": "Hash Join","Parent Relationship": "Outer","Parallel Aware": false,"Async Capable": false,"Join Type": "Inner","Startup Cost": 3.13,"Total Cost": 46353.25,"Plan Rows": 61,"Plan Width": 159,"Actual Startup Time": 0.743,"Actual Total Time": 2163.601,"Actual Rows": 110203,"Actual Loops": 3,"Inner Unique": true,"Hash Cond": "(supplier.s_nationkey = nation.n_nationkey)","Workers": [],"Plans": [{"Node Type": "Nested Loop","Parent Relationship": "Outer","Parallel Aware": false,"Async Capable": false,"Join Type": "Inner","Startup Cost": 1.57,"Total Cost": 46351.35,"Plan Rows": 61,"Plan Width": 31,"Actual Startup Time": 0.555,"Actual Total Time": 2131.653,"Actual Rows": 110203,"Actual Loops": 3,"Inner Unique": true,"Workers": [],"Plans": [{"Node Type": "Nested Loop","Parent Relationship": "Outer","Parallel Aware": false,"Async Capable": false,"Join Type": "Inner","Startup Cost": 1.14,"Total Cost": 46322.98,"Plan Rows": 61,"Plan Width": 31,"Actual Startup Time": 0.406,"Actual Total Time": 971.169,"Actual Rows": 110203,"Actual Loops": 3,"Inner Unique": true,"Workers": [],"Plans": [{"Node Type": "Nested Loop","Parent Relationship": "Outer","Parallel Aware": false,"Async Capable": false,"Join Type": "Inner","Startup Cost": 0.86,"Total Cost": 46304.52,"Plan Rows": 61,"Plan Width": 35,"Actual Startup Time": 0.318,"Actual Total Time": 787.632,"Actual Rows": 110203,"Actual Loops": 3,"Inner Unique": false,"Workers": [],"Plans": [{"Node Type": "Nested Loop","Parent Relationship": "Outer","Parallel Aware": false,"Async Capable": false,"Join Type": "Inner","Startup Cost": 0.42,"Total Cost": 24846.16,"Plan Rows": 20202,"Plan Width": 18,"Actual Startup Time": 0.175,"Actual Total Time": 114.625,"Actual Rows": 14656,"Actual Loops": 3,"Inner Unique": false,"Workers": [],"Plans": [{"Node Type": "Seq Scan","Parent Relationship": "Outer","Parallel Aware": true,"Async Capable": false,"Relation Name": "part","Alias": "part","Startup Cost": 0.00,"Total Cost": 5138.67,"Plan Rows": 5051,"Plan Width": 4,"Actual Startup Time": 0.052,"Actual Total Time": 48.288,"Actual Rows": 3664,"Actual Loops": 3,"Filter": "((p_name)::text ~~ '%yellow%'::text)","Rows Removed by Filter": 63003,"Workers": []},{"Node Type": "Index Scan","Parent Relationship": "Inner","Parallel Aware": false,"Async Capable": false,"Scan Direction": "Forward","Index Name": "idx_partsupp_partkey","Relation Name": "partsupp","Alias": "partsupp","Startup Cost": 0.42,"Total Cost": 3.86,"Plan Rows": 4,"Plan Width": 14,"Actual Startup Time": 0.014,"Actual Total Time": 0.017,"Actual Rows": 4,"Actual Loops": 10992,"Index Cond": "(ps_partkey = part.p_partkey)","Rows Removed by Index Recheck": 0,"Workers": []}]},{"Node Type": "Index Scan","Parent Relationship": "Inner","Parallel Aware": false,"Async Capable": false,"Scan Direction": "Forward","Index Name": "idx_lineitem_part_supp","Relation Name": "lineitem","Alias": "lineitem","Startup Cost": 0.43,"Total Cost": 1.05,"Plan Rows": 1,"Plan Width": 29,"Actual Startup Time": 0.007,"Actual Total Time": 0.044,"Actual Rows": 8,"Actual Loops": 43968,"Index Cond": "((l_partkey = partsupp.ps_partkey) AND (l_suppkey = partsupp.ps_suppkey))","Rows Removed by Index Recheck": 0,"Workers": []}]},{"Node Type": "Index Scan","Parent Relationship": "Inner","Parallel Aware": false,"Async Capable": false,"Scan Direction": "Forward","Index Name": "supplier_pkey","Relation Name": "supplier","Alias": "supplier","Startup Cost": 0.29,"Total Cost": 0.30,"Plan Rows": 1,"Plan Width": 8,"Actual Startup Time": 0.001,"Actual Total Time": 0.001,"Actual Rows": 1,"Actual Loops": 330610,"Index Cond": "(s_suppkey = lineitem.l_suppkey)","Rows Removed by Index Recheck": 0,"Workers": []}]},{"Node Type": "Index Scan","Parent Relationship": "Inner","Parallel Aware": false,"Async Capable": false,"Scan Direction": "Forward","Index Name": "orders_pkey","Relation Name": "orders","Alias": "orders","Startup Cost": 0.43,"Total Cost": 0.47,"Plan Rows": 1,"Plan Width": 8,"Actual Startup Time": 0.010,"Actual Total Time": 0.010,"Actual Rows": 1,"Actual Loops": 330610,"Index Cond": "(o_orderkey = lineitem.l_orderkey)","Rows Removed by Index Recheck": 0,"Workers": []}]},{"Node Type": "Hash","Parent Relationship": "Inner","Parallel Aware": false,"Async Capable": false,"Startup Cost": 1.25,"Total Cost": 1.25,"Plan Rows": 25,"Plan Width": 108,"Actual Startup Time": 0.078,"Actual Total Time": 0.087,"Actual Rows": 25,"Actual Loops": 3,"Hash Buckets": 1024,"Original Hash Buckets": 1024,"Hash Batches": 1,"Original Hash Batches": 1,"Peak Memory Usage": 10,"Workers": [],"Plans": [{"Node Type": "Seq Scan","Parent Relationship": "Outer","Parallel Aware": false,"Async Capable": false,"Relation Name": "nation","Alias": "nation","Startup Cost": 0.00,"Total Cost": 1.25,"Plan Rows": 25,"Plan Width": 108,"Actual Startup Time": 0.049,"Actual Total Time": 0.055,"Actual Rows": 25,"Actual Loops": 3,"Workers": []}]}]}]}]}]}]},"Planning Time": 11.548,"Triggers": [],"Execution Time": 2608.833}]
[{"Plan": {"Node Type": "Aggregate","Strategy": "Sorted","Partial Mode": "Finalize","Parallel Aware": false,"Async Capable": false,"Startup Cost": 35224.41,"Total Cost": 35237.30,"Plan Rows": 97,"Plan Width": 168,"Actual Startup Time": 2409.386,"Actual Total Time": 2518.760,"Actual Rows": 175,"Actual Loops": 1,"Group Key": ["nation.n_name", "(EXTRACT(year FROM orders.o_orderdate))"],"Plans": [{"Node Type": "Gather Merge","Parent Relationship": "Outer","Parallel Aware": false,"Async Capable": false,"Startup Cost": 35224.41,"Total Cost": 35235.05,"Plan Rows": 80,"Plan Width": 168,"Actual Startup Time": 2407.543,"Actual Total Time": 2518.361,"Actual Rows": 525,"Actual Loops": 1,"Workers Planned": 2,"Workers Launched": 2,"Plans": [{"Node Type": "Aggregate","Strategy": "Sorted","Partial Mode": "Partial","Parent Relationship": "Outer","Parallel Aware": false,"Async Capable": false,"Startup Cost": 34224.39,"Total Cost": 34225.79,"Plan Rows": 40,"Plan Width": 168,"Actual Startup Time": 2318.085,"Actual Total Time": 2437.966,"Actual Rows": 175,"Actual Loops": 3,"Group Key": ["nation.n_name", "(EXTRACT(year FROM orders.o_orderdate))"],"Workers": [],"Plans": [{"Node Type": "Sort","Parent Relationship": "Outer","Parallel Aware": false,"Async Capable": false,"Startup Cost": 34224.39,"Total Cost": 34224.49,"Plan Rows": 40,"Plan Width": 159,"Actual Startup Time": 2317.450,"Actual Total Time": 2356.305,"Actual Rows": 107546,"Actual Loops": 3,"Sort Key": ["nation.n_name", "(EXTRACT(year FROM orders.o_orderdate)) DESC"],"Sort Method": "quicksort","Sort Space Used": 14482,"Sort Space Type": "Memory","Workers": [{"Worker Number": 0,"Sort Method": "quicksort","Sort Space Used": 13456,"Sort Space Type": "Memory"},{"Worker Number": 1,"Sort Method": "quicksort","Sort Space Used": 13404,"Sort Space Type": "Memory"}],"Plans": [{"Node Type": "Hash Join","Parent Relationship": "Outer","Parallel Aware": false,"Async Capable": false,"Join Type": "Inner","Startup Cost": 3.13,"Total Cost": 34223.32,"Plan Rows": 40,"Plan Width": 159,"Actual Startup Time": 0.706,"Actual Total Time": 2173.342,"Actual Rows": 107546,"Actual Loops": 3,"Inner Unique": true,"Hash Cond": "(supplier.s_nationkey = nation.n_nationkey)","Workers": [],"Plans": [{"Node Type": "Nested Loop","Parent Relationship": "Outer","Parallel Aware": false,"Async Capable": false,"Join Type": "Inner","Startup Cost": 1.57,"Total Cost": 34221.53,"Plan Rows": 40,"Plan Width": 31,"Actual Startup Time": 0.527,"Actual Total Time": 2141.873,"Actual Rows": 107546,"Actual Loops": 3,"Inner Unique": true,"Workers": [],"Plans": [{"Node Type": "Nested Loop","Parent Relationship": "Outer","Parallel Aware": false,"Async Capable": false,"Join Type": "Inner","Startup Cost": 1.14,"Total Cost": 34202.93,"Plan Rows": 40,"Plan Width": 31,"Actual Startup Time": 0.392,"Actual Total Time": 1002.144,"Actual Rows": 107546,"Actual Loops": 3,"Inner Unique": true,"Workers": [],"Plans": [{"Node Type": "Nested Loop","Parent Relationship": "Outer","Parallel Aware": false,"Async Capable": false,"Join Type": "Inner","Startup Cost": 0.86,"Total Cost": 34190.82,"Plan Rows": 40,"Plan Width": 35,"Actual Startup Time": 0.311,"Actual Total Time": 818.545,"Actual Rows": 107546,"Actual Loops": 3,"Inner Unique": false,"Workers": [],"Plans": [{"Node Type": "Nested Loop","Parent Relationship": "Outer","Parallel Aware": false,"Async Capable": false,"Join Type": "Inner","Startup Cost": 0.42,"Total Cost": 19885.25,"Plan Rows": 13468,"Plan Width": 18,"Actual Startup Time": 0.196,"Actual Total Time": 115.625,"Actual Rows": 14367,"Actual Loops": 3,"Inner Unique": false,"Workers": [],"Plans": [{"Node Type": "Seq Scan","Parent Relationship": "Outer","Parallel Aware": true,"Async Capable": false,"Relation Name": "part","Alias": "part","Startup Cost": 0.00,"Total Cost": 5138.67,"Plan Rows": 3367,"Plan Width": 4,"Actual Startup Time": 0.047,"Actual Total Time": 50.112,"Actual Rows": 3592,"Actual Loops": 3,"Filter": "((p_name)::text ~~ '%lawn%'::text)","Rows Removed by Filter": 63075,"Workers": []},{"Node Type": "Index Scan","Parent Relationship": "Inner","Parallel Aware": false,"Async Capable": false,"Scan Direction": "Forward","Index Name": "idx_partsupp_partkey","Relation Name": "partsupp","Alias": "partsupp","Startup Cost": 0.42,"Total Cost": 4.34,"Plan Rows": 4,"Plan Width": 14,"Actual Startup Time": 0.014,"Actual Total Time": 0.017,"Actual Rows": 4,"Actual Loops": 10775,"Index Cond": "(ps_partkey = part.p_partkey)","Rows Removed by Index Recheck": 0,"Workers": []}]},{"Node Type": "Index Scan","Parent Relationship": "Inner","Parallel Aware": false,"Async Capable": false,"Scan Direction": "Forward","Index Name": "idx_lineitem_part_supp","Relation Name": "lineitem","Alias": "lineitem","Startup Cost": 0.43,"Total Cost": 1.05,"Plan Rows": 1,"Plan Width": 29,"Actual Startup Time": 0.007,"Actual Total Time": 0.047,"Actual Rows": 7,"Actual Loops": 43100,"Index Cond": "((l_partkey = partsupp.ps_partkey) AND (l_suppkey = partsupp.ps_suppkey))","Rows Removed by Index Recheck": 0,"Workers": []}]},{"Node Type": "Index Scan","Parent Relationship": "Inner","Parallel Aware": false,"Async Capable": false,"Scan Direction": "Forward","Index Name": "supplier_pkey","Relation Name": "supplier","Alias": "supplier","Startup Cost": 0.29,"Total Cost": 0.30,"Plan Rows": 1,"Plan Width": 8,"Actual Startup Time": 0.001,"Actual Total Time": 0.001,"Actual Rows": 1,"Actual Loops": 322637,"Index Cond": "(s_suppkey = lineitem.l_suppkey)","Rows Removed by Index Recheck": 0,"Workers": []}]},{"Node Type": "Index Scan","Parent Relationship": "Inner","Parallel Aware": false,"Async Capable": false,"Scan Direction": "Forward","Index Name": "orders_pkey","Relation Name": "orders","Alias": "orders","Startup Cost": 0.43,"Total Cost": 0.47,"Plan Rows": 1,"Plan Width": 8,"Actual Startup Time": 0.010,"Actual Total Time": 0.010,"Actual Rows": 1,"Actual Loops": 322637,"Index Cond": "(o_orderkey = lineitem.l_orderkey)","Rows Removed by Index Recheck": 0,"Workers": []}]},{"Node Type": "Hash","Parent Relationship": "Inner","Parallel Aware": false,"Async Capable": false,"Startup Cost": 1.25,"Total Cost": 1.25,"Plan Rows": 25,"Plan Width": 108,"Actual Startup Time": 0.078,"Actual Total Time": 0.089,"Actual Rows": 25,"Actual Loops": 3,"Hash Buckets": 1024,"Original Hash Buckets": 1024,"Hash Batches": 1,"Original Hash Batches": 1,"Peak Memory Usage": 10,"Workers": [],"Plans": [{"Node Type": "Seq Scan","Parent Relationship": "Outer","Parallel Aware": false,"Async Capable": false,"Relation Name": "nation","Alias": "nation","Startup Cost": 0.00,"Total Cost": 1.25,"Plan Rows": 25,"Plan Width": 108,"Actual Startup Time": 0.053,"Actual Total Time": 0.059,"Actual Rows": 25,"Actual Loops": 3,"Workers": []}]}]}]}]}]}]},"Planning Time": 11.643,"Triggers": [],"Execution Time": 2520.117}]
[{"Plan": {"Node Type": "Aggregate","Strategy": "Sorted","Partial Mode": "Finalize","Parallel Aware": false,"Async Capable": false,"Startup Cost": 35224.41,"Total Cost": 35237.30,"Plan Rows": 97,"Plan Width": 168,"Actual Startup Time": 2475.030,"Actual Total Time": 2611.476,"Actual Rows": 175,"Actual Loops": 1,"Group Key": ["nation.n_name", "(EXTRACT(year FROM orders.o_orderdate))"],"Plans": [{"Node Type": "Gather Merge","Parent Relationship": "Outer","Parallel Aware": false,"Async Capable": false,"Startup Cost": 35224.41,"Total Cost": 35235.05,"Plan Rows": 80,"Plan Width": 168,"Actual Startup Time": 2473.086,"Actual Total Time": 2611.014,"Actual Rows": 525,"Actual Loops": 1,"Workers Planned": 2,"Workers Launched": 2,"Plans": [{"Node Type": "Aggregate","Strategy": "Sorted","Partial Mode": "Partial","Parent Relationship": "Outer","Parallel Aware": false,"Async Capable": false,"Startup Cost": 34224.39,"Total Cost": 34225.79,"Plan Rows": 40,"Plan Width": 168,"Actual Startup Time": 2358.545,"Actual Total Time": 2496.070,"Actual Rows": 175,"Actual Loops": 3,"Group Key": ["nation.n_name", "(EXTRACT(year FROM orders.o_orderdate))"],"Workers": [],"Plans": [{"Node Type": "Sort","Parent Relationship": "Outer","Parallel Aware": false,"Async Capable": false,"Startup Cost": 34224.39,"Total Cost": 34224.49,"Plan Rows": 40,"Plan Width": 159,"Actual Startup Time": 2357.894,"Actual Total Time": 2405.981,"Actual Rows": 109457,"Actual Loops": 3,"Sort Key": ["nation.n_name", "(EXTRACT(year FROM orders.o_orderdate)) DESC"],"Sort Method": "quicksort","Sort Space Used": 13828,"Sort Space Type": "Memory","Workers": [{"Worker Number": 0,"Sort Method": "quicksort","Sort Space Used": 14027,"Sort Space Type": "Memory"},{"Worker Number": 1,"Sort Method": "quicksort","Sort Space Used": 14059,"Sort Space Type": "Memory"}],"Plans": [{"Node Type": "Hash Join","Parent Relationship": "Outer","Parallel Aware": false,"Async Capable": false,"Join Type": "Inner","Startup Cost": 3.13,"Total Cost": 34223.32,"Plan Rows": 40,"Plan Width": 159,"Actual Startup Time": 0.738,"Actual Total Time": 2199.375,"Actual Rows": 109457,"Actual Loops": 3,"Inner Unique": true,"Hash Cond": "(supplier.s_nationkey = nation.n_nationkey)","Workers": [],"Plans": [{"Node Type": "Nested Loop","Parent Relationship": "Outer","Parallel Aware": false,"Async Capable": false,"Join Type": "Inner","Startup Cost": 1.57,"Total Cost": 34221.53,"Plan Rows": 40,"Plan Width": 31,"Actual Startup Time": 0.531,"Actual Total Time": 2166.679,"Actual Rows": 109457,"Actual Loops": 3,"Inner Unique": true,"Workers": [],"Plans": [{"Node Type": "Nested Loop","Parent Relationship": "Outer","Parallel Aware": false,"Async Capable": false,"Join Type": "Inner","Startup Cost": 1.14,"Total Cost": 34202.93,"Plan Rows": 40,"Plan Width": 31,"Actual Startup Time": 0.420,"Actual Total Time": 1001.631,"Actual Rows": 109457,"Actual Loops": 3,"Inner Unique": true,"Workers": [],"Plans": [{"Node Type": "Nested Loop","Parent Relationship": "Outer","Parallel Aware": false,"Async Capable": false,"Join Type": "Inner","Startup Cost": 0.86,"Total Cost": 34190.82,"Plan Rows": 40,"Plan Width": 35,"Actual Startup Time": 0.331,"Actual Total Time": 814.444,"Actual Rows": 109457,"Actual Loops": 3,"Inner Unique": false,"Workers": [],"Plans": [{"Node Type": "Nested Loop","Parent Relationship": "Outer","Parallel Aware": false,"Async Capable": false,"Join Type": "Inner","Startup Cost": 0.42,"Total Cost": 19885.25,"Plan Rows": 13468,"Plan Width": 18,"Actual Startup Time": 0.213,"Actual Total Time": 119.220,"Actual Rows": 14609,"Actual Loops": 3,"Inner Unique": false,"Workers": [],"Plans": [{"Node Type": "Seq Scan","Parent Relationship": "Outer","Parallel Aware": true,"Async Capable": false,"Relation Name": "part","Alias": "part","Startup Cost": 0.00,"Total Cost": 5138.67,"Plan Rows": 3367,"Plan Width": 4,"Actual Startup Time": 0.050,"Actual Total Time": 50.628,"Actual Rows": 3652,"Actual Loops": 3,"Filter": "((p_name)::text ~~ '%chocolate%'::text)","Rows Removed by Filter": 63014,"Workers": []},{"Node Type": "Index Scan","Parent Relationship": "Inner","Parallel Aware": false,"Async Capable": false,"Scan Direction": "Forward","Index Name": "idx_partsupp_partkey","Relation Name": "partsupp","Alias": "partsupp","Startup Cost": 0.42,"Total Cost": 4.34,"Plan Rows": 4,"Plan Width": 14,"Actual Startup Time": 0.014,"Actual Total Time": 0.018,"Actual Rows": 4,"Actual Loops": 10957,"Index Cond": "(ps_partkey = part.p_partkey)","Rows Removed by Index Recheck": 0,"Workers": []}]},{"Node Type": "Index Scan","Parent Relationship": "Inner","Parallel Aware": false,"Async Capable": false,"Scan Direction": "Forward","Index Name": "idx_lineitem_part_supp","Relation Name": "lineitem","Alias": "lineitem","Startup Cost": 0.43,"Total Cost": 1.05,"Plan Rows": 1,"Plan Width": 29,"Actual Startup Time": 0.007,"Actual Total Time": 0.046,"Actual Rows": 7,"Actual Loops": 43828,"Index Cond": "((l_partkey = partsupp.ps_partkey) AND (l_suppkey = partsupp.ps_suppkey))","Rows Removed by Index Recheck": 0,"Workers": []}]},{"Node Type": "Index Scan","Parent Relationship": "Inner","Parallel Aware": false,"Async Capable": false,"Scan Direction": "Forward","Index Name": "supplier_pkey","Relation Name": "supplier","Alias": "supplier","Startup Cost": 0.29,"Total Cost": 0.30,"Plan Rows": 1,"Plan Width": 8,"Actual Startup Time": 0.001,"Actual Total Time": 0.001,"Actual Rows": 1,"Actual Loops": 328370,"Index Cond": "(s_suppkey = lineitem.l_suppkey)","Rows Removed by Index Recheck": 0,"Workers": []}]},{"Node Type": "Index Scan","Parent Relationship": "Inner","Parallel Aware": false,"Async Capable": false,"Scan Direction": "Forward","Index Name": "orders_pkey","Relation Name": "orders","Alias": "orders","Startup Cost": 0.43,"Total Cost": 0.47,"Plan Rows": 1,"Plan Width": 8,"Actual Startup Time": 0.010,"Actual Total Time": 0.010,"Actual Rows": 1,"Actual Loops": 328370,"Index Cond": "(o_orderkey = lineitem.l_orderkey)","Rows Removed by Index Recheck": 0,"Workers": []}]},{"Node Type": "Hash","Parent Relationship": "Inner","Parallel Aware": false,"Async Capable": false,"Startup Cost": 1.25,"Total Cost": 1.25,"Plan Rows": 25,"Plan Width": 108,"Actual Startup Time": 0.103,"Actual Total Time": 0.114,"Actual Rows": 25,"Actual Loops": 3,"Hash Buckets": 1024,"Original Hash Buckets": 1024,"Hash Batches": 1,"Original Hash Batches": 1,"Peak Memory Usage": 10,"Workers": [],"Plans": [{"Node Type": "Seq Scan","Parent Relationship": "Outer","Parallel Aware": false,"Async Capable": false,"Relation Name": "nation","Alias": "nation","Startup Cost": 0.00,"Total Cost": 1.25,"Plan Rows": 25,"Plan Width": 108,"Actual Startup Time": 0.070,"Actual Total Time": 0.076,"Actual Rows": 25,"Actual Loops": 3,"Workers": []}]}]}]}]}]}]},"Planning Time": 11.795,"Triggers": [],"Execution Time": 2613.200}]
[{"Plan": {"Node Type": "Aggregate","Strategy": "Sorted","Partial Mode": "Finalize","Parallel Aware": false,"Async Capable": false,"Startup Cost": 47355.08,"Total Cost": 47374.71,"Plan Rows": 146,"Plan Width": 168,"Actual Startup Time": 2504.241,"Actual Total Time": 2642.335,"Actual Rows": 175,"Actual Loops": 1,"Group Key": ["nation.n_name", "(EXTRACT(year FROM orders.o_orderdate))"],"Plans": [{"Node Type": "Gather Merge","Parent Relationship": "Outer","Parallel Aware": false,"Async Capable": false,"Startup Cost": 47355.08,"Total Cost": 47371.30,"Plan Rows": 122,"Plan Width": 168,"Actual Startup Time": 2502.506,"Actual Total Time": 2641.857,"Actual Rows": 525,"Actual Loops": 1,"Workers Planned": 2,"Workers Launched": 2,"Plans": [{"Node Type": "Aggregate","Strategy": "Sorted","Partial Mode": "Partial","Parent Relationship": "Outer","Parallel Aware": false,"Async Capable": false,"Startup Cost": 46355.06,"Total Cost": 46357.20,"Plan Rows": 61,"Plan Width": 168,"Actual Startup Time": 2344.670,"Actual Total Time": 2498.493,"Actual Rows": 175,"Actual Loops": 3,"Group Key": ["nation.n_name", "(EXTRACT(year FROM orders.o_orderdate))"],"Workers": [],"Plans": [{"Node Type": "Sort","Parent Relationship": "Outer","Parallel Aware": false,"Async Capable": false,"Startup Cost": 46355.06,"Total Cost": 46355.21,"Plan Rows": 61,"Plan Width": 159,"Actual Startup Time": 2344.013,"Actual Total Time": 2402.913,"Actual Rows": 108480,"Actual Loops": 3,"Sort Key": ["nation.n_name", "(EXTRACT(year FROM orders.o_orderdate)) DESC"],"Sort Method": "quicksort","Sort Space Used": 13732,"Sort Space Type": "Memory","Workers": [{"Worker Number": 0,"Sort Method": "quicksort","Sort Space Used": 13598,"Sort Space Type": "Memory"},{"Worker Number": 1,"Sort Method": "quicksort","Sort Space Used": 14292,"Sort Space Type": "Memory"}],"Plans": [{"Node Type": "Hash Join","Parent Relationship": "Outer","Parallel Aware": false,"Async Capable": false,"Join Type": "Inner","Startup Cost": 3.13,"Total Cost": 46353.25,"Plan Rows": 61,"Plan Width": 159,"Actual Startup Time": 0.691,"Actual Total Time": 2191.960,"Actual Rows": 108480,"Actual Loops": 3,"Inner Unique": true,"Hash Cond": "(supplier.s_nationkey = nation.n_nationkey)","Workers": [],"Plans": [{"Node Type": "Nested Loop","Parent Relationship": "Outer","Parallel Aware": false,"Async Capable": false,"Join Type": "Inner","Startup Cost": 1.57,"Total Cost": 46351.35,"Plan Rows": 61,"Plan Width": 31,"Actual Startup Time": 0.511,"Actual Total Time": 2159.831,"Actual Rows": 108480,"Actual Loops": 3,"Inner Unique": true,"Workers": [],"Plans": [{"Node Type": "Nested Loop","Parent Relationship": "Outer","Parallel Aware": false,"Async Capable": false,"Join Type": "Inner","Startup Cost": 1.14,"Total Cost": 46322.98,"Plan Rows": 61,"Plan Width": 31,"Actual Startup Time": 0.381,"Actual Total Time": 1010.906,"Actual Rows": 108480,"Actual Loops": 3,"Inner Unique": true,"Workers": [],"Plans": [{"Node Type": "Nested Loop","Parent Relationship": "Outer","Parallel Aware": false,"Async Capable": false,"Join Type": "Inner","Startup Cost": 0.86,"Total Cost": 46304.52,"Plan Rows": 61,"Plan Width": 35,"Actual Startup Time": 0.285,"Actual Total Time": 825.109,"Actual Rows": 108480,"Actual Loops": 3,"Inner Unique": false,"Workers": [],"Plans": [{"Node Type": "Nested Loop","Parent Relationship": "Outer","Parallel Aware": false,"Async Capable": false,"Join Type": "Inner","Startup Cost": 0.42,"Total Cost": 24846.16,"Plan Rows": 20202,"Plan Width": 18,"Actual Startup Time": 0.180,"Actual Total Time": 116.007,"Actual Rows": 14429,"Actual Loops": 3,"Inner Unique": false,"Workers": [],"Plans": [{"Node Type": "Seq Scan","Parent Relationship": "Outer","Parallel Aware": true,"Async Capable": false,"Relation Name": "part","Alias": "part","Startup Cost": 0.00,"Total Cost": 5138.67,"Plan Rows": 5051,"Plan Width": 4,"Actual Startup Time": 0.052,"Actual Total Time": 50.227,"Actual Rows": 3607,"Actual Loops": 3,"Filter": "((p_name)::text ~~ '%sky%'::text)","Rows Removed by Filter": 63059,"Workers": []},{"Node Type": "Index Scan","Parent Relationship": "Inner","Parallel Aware": false,"Async Capable": false,"Scan Direction": "Forward","Index Name": "idx_partsupp_partkey","Relation Name": "partsupp","Alias": "partsupp","Startup Cost": 0.42,"Total Cost": 3.86,"Plan Rows": 4,"Plan Width": 14,"Actual Startup Time": 0.014,"Actual Total Time": 0.017,"Actual Rows": 4,"Actual Loops": 10822,"Index Cond": "(ps_partkey = part.p_partkey)","Rows Removed by Index Recheck": 0,"Workers": []}]},{"Node Type": "Index Scan","Parent Relationship": "Inner","Parallel Aware": false,"Async Capable": false,"Scan Direction": "Forward","Index Name": "idx_lineitem_part_supp","Relation Name": "lineitem","Alias": "lineitem","Startup Cost": 0.43,"Total Cost": 1.05,"Plan Rows": 1,"Plan Width": 29,"Actual Startup Time": 0.007,"Actual Total Time": 0.047,"Actual Rows": 8,"Actual Loops": 43288,"Index Cond": "((l_partkey = partsupp.ps_partkey) AND (l_suppkey = partsupp.ps_suppkey))","Rows Removed by Index Recheck": 0,"Workers": []}]},{"Node Type": "Index Scan","Parent Relationship": "Inner","Parallel Aware": false,"Async Capable": false,"Scan Direction": "Forward","Index Name": "supplier_pkey","Relation Name": "supplier","Alias": "supplier","Startup Cost": 0.29,"Total Cost": 0.30,"Plan Rows": 1,"Plan Width": 8,"Actual Startup Time": 0.001,"Actual Total Time": 0.001,"Actual Rows": 1,"Actual Loops": 325439,"Index Cond": "(s_suppkey = lineitem.l_suppkey)","Rows Removed by Index Recheck": 0,"Workers": []}]},{"Node Type": "Index Scan","Parent Relationship": "Inner","Parallel Aware": false,"Async Capable": false,"Scan Direction": "Forward","Index Name": "orders_pkey","Relation Name": "orders","Alias": "orders","Startup Cost": 0.43,"Total Cost": 0.47,"Plan Rows": 1,"Plan Width": 8,"Actual Startup Time": 0.010,"Actual Total Time": 0.010,"Actual Rows": 1,"Actual Loops": 325439,"Index Cond": "(o_orderkey = lineitem.l_orderkey)","Rows Removed by Index Recheck": 0,"Workers": []}]},{"Node Type": "Hash","Parent Relationship": "Inner","Parallel Aware": false,"Async Capable": false,"Startup Cost": 1.25,"Total Cost": 1.25,"Plan Rows": 25,"Plan Width": 108,"Actual Startup Time": 0.080,"Actual Total Time": 0.093,"Actual Rows": 25,"Actual Loops": 3,"Hash Buckets": 1024,"Original Hash Buckets": 1024,"Hash Batches": 1,"Original Hash Batches": 1,"Peak Memory Usage": 10,"Workers": [],"Plans": [{"Node Type": "Seq Scan","Parent Relationship": "Outer","Parallel Aware": false,"Async Capable": false,"Relation Name": "nation","Alias": "nation","Startup Cost": 0.00,"Total Cost": 1.25,"Plan Rows": 25,"Plan Width": 108,"Actual Startup Time": 0.053,"Actual Total Time": 0.061,"Actual Rows": 25,"Actual Loops": 3,"Workers": []}]}]}]}]}]}]},"Planning Time": 12.506,"Triggers": [],"Execution Time": 2643.875}]
[{"Plan": {"Node Type": "Aggregate","Strategy": "Sorted","Partial Mode": "Finalize","Parallel Aware": false,"Async Capable": false,"Startup Cost": 28858.40,"Total Cost": 28868.07,"Plan Rows": 73,"Plan Width": 168,"Actual Startup Time": 2398.655,"Actual Total Time": 2502.700,"Actual Rows": 175,"Actual Loops": 1,"Group Key": ["nation.n_name", "(EXTRACT(year FROM orders.o_orderdate))"],"Plans": [{"Node Type": "Gather Merge","Parent Relationship": "Outer","Parallel Aware": false,"Async Capable": false,"Startup Cost": 28858.40,"Total Cost": 28866.38,"Plan Rows": 60,"Plan Width": 168,"Actual Startup Time": 2396.991,"Actual Total Time": 2502.164,"Actual Rows": 525,"Actual Loops": 1,"Workers Planned": 2,"Workers Launched": 2,"Plans": [{"Node Type": "Aggregate","Strategy": "Sorted","Partial Mode": "Partial","Parent Relationship": "Outer","Parallel Aware": false,"Async Capable": false,"Startup Cost": 27858.38,"Total Cost": 27859.43,"Plan Rows": 30,"Plan Width": 168,"Actual Startup Time": 2292.034,"Actual Total Time": 2415.187,"Actual Rows": 175,"Actual Loops": 3,"Group Key": ["nation.n_name", "(EXTRACT(year FROM orders.o_orderdate))"],"Workers": [],"Plans": [{"Node Type": "Sort","Parent Relationship": "Outer","Parallel Aware": false,"Async Capable": false,"Startup Cost": 27858.38,"Total Cost": 27858.46,"Plan Rows": 30,"Plan Width": 159,"Actual Startup Time": 2291.473,"Actual Total Time": 2331.706,"Actual Rows": 106427,"Actual Loops": 3,"Sort Key": ["nation.n_name", "(EXTRACT(year FROM orders.o_orderdate)) DESC"],"Sort Method": "quicksort","Sort Space Used": 13552,"Sort Space Type": "Memory","Workers": [{"Worker Number": 0,"Sort Method": "quicksort","Sort Space Used": 13739,"Sort Space Type": "Memory"},{"Worker Number": 1,"Sort Method": "quicksort","Sort Space Used": 13719,"Sort Space Type": "Memory"}],"Plans": [{"Node Type": "Hash Join","Parent Relationship": "Outer","Parallel Aware": false,"Async Capable": false,"Join Type": "Inner","Startup Cost": 3.13,"Total Cost": 27857.64,"Plan Rows": 30,"Plan Width": 159,"Actual Startup Time": 0.679,"Actual Total Time": 2140.139,"Actual Rows": 106427,"Actual Loops": 3,"Inner Unique": true,"Hash Cond": "(supplier.s_nationkey = nation.n_nationkey)","Workers": [],"Plans": [{"Node Type": "Nested Loop","Parent Relationship": "Outer","Parallel Aware": false,"Async Capable": false,"Join Type": "Inner","Startup Cost": 1.57,"Total Cost": 27855.92,"Plan Rows": 30,"Plan Width": 31,"Actual Startup Time": 0.479,"Actual Total Time": 2108.947,"Actual Rows": 106427,"Actual Loops": 3,"Inner Unique": true,"Workers": [],"Plans": [{"Node Type": "Nested Loop","Parent Relationship": "Outer","Parallel Aware": false,"Async Capable": false,"Join Type": "Inner","Startup Cost": 1.14,"Total Cost": 27841.96,"Plan Rows": 30,"Plan Width": 31,"Actual Startup Time": 0.356,"Actual Total Time": 979.627,"Actual Rows": 106427,"Actual Loops": 3,"Inner Unique": true,"Workers": [],"Plans": [{"Node Type": "Nested Loop","Parent Relationship": "Outer","Parallel Aware": false,"Async Capable": false,"Join Type": "Inner","Startup Cost": 0.86,"Total Cost": 27832.88,"Plan Rows": 30,"Plan Width": 35,"Actual Startup Time": 0.274,"Actual Total Time": 798.249,"Actual Rows": 106427,"Actual Loops": 3,"Inner Unique": false,"Workers": [],"Plans": [{"Node Type": "Nested Loop","Parent Relationship": "Outer","Parallel Aware": false,"Async Capable": false,"Join Type": "Inner","Startup Cost": 0.42,"Total Cost": 17103.70,"Plan Rows": 10101,"Plan Width": 18,"Actual Startup Time": 0.166,"Actual Total Time": 118.353,"Actual Rows": 14152,"Actual Loops": 3,"Inner Unique": false,"Workers": [],"Plans": [{"Node Type": "Seq Scan","Parent Relationship": "Outer","Parallel Aware": true,"Async Capable": false,"Relation Name": "part","Alias": "part","Startup Cost": 0.00,"Total Cost": 5138.67,"Plan Rows": 2525,"Plan Width": 4,"Actual Startup Time": 0.052,"Actual Total Time": 50.910,"Actual Rows": 3538,"Actual Loops": 3,"Filter": "((p_name)::text ~~ '%blush%'::text)","Rows Removed by Filter": 63129,"Workers": []},{"Node Type": "Index Scan","Parent Relationship": "Inner","Parallel Aware": false,"Async Capable": false,"Scan Direction": "Forward","Index Name": "idx_partsupp_partkey","Relation Name": "partsupp","Alias": "partsupp","Startup Cost": 0.42,"Total Cost": 4.70,"Plan Rows": 4,"Plan Width": 14,"Actual Startup Time": 0.014,"Actual Total Time": 0.018,"Actual Rows": 4,"Actual Loops": 10614,"Index Cond": "(ps_partkey = part.p_partkey)","Rows Removed by Index Recheck": 0,"Workers": []}]},{"Node Type": "Index Scan","Parent Relationship": "Inner","Parallel Aware": false,"Async Capable": false,"Scan Direction": "Forward","Index Name": "idx_lineitem_part_supp","Relation Name": "lineitem","Alias": "lineitem","Startup Cost": 0.43,"Total Cost": 1.05,"Plan Rows": 1,"Plan Width": 29,"Actual Startup Time": 0.007,"Actual Total Time": 0.046,"Actual Rows": 8,"Actual Loops": 42456,"Index Cond": "((l_partkey = partsupp.ps_partkey) AND (l_suppkey = partsupp.ps_suppkey))","Rows Removed by Index Recheck": 0,"Workers": []}]},{"Node Type": "Index Scan","Parent Relationship": "Inner","Parallel Aware": false,"Async Capable": false,"Scan Direction": "Forward","Index Name": "supplier_pkey","Relation Name": "supplier","Alias": "supplier","Startup Cost": 0.29,"Total Cost": 0.30,"Plan Rows": 1,"Plan Width": 8,"Actual Startup Time": 0.001,"Actual Total Time": 0.001,"Actual Rows": 1,"Actual Loops": 319280,"Index Cond": "(s_suppkey = lineitem.l_suppkey)","Rows Removed by Index Recheck": 0,"Workers": []}]},{"Node Type": "Index Scan","Parent Relationship": "Inner","Parallel Aware": false,"Async Capable": false,"Scan Direction": "Forward","Index Name": "orders_pkey","Relation Name": "orders","Alias": "orders","Startup Cost": 0.43,"Total Cost": 0.47,"Plan Rows": 1,"Plan Width": 8,"Actual Startup Time": 0.010,"Actual Total Time": 0.010,"Actual Rows": 1,"Actual Loops": 319280,"Index Cond": "(o_orderkey = lineitem.l_orderkey)","Rows Removed by Index Recheck": 0,"Workers": []}]},{"Node Type": "Hash","Parent Relationship": "Inner","Parallel Aware": false,"Async Capable": false,"Startup Cost": 1.25,"Total Cost": 1.25,"Plan Rows": 25,"Plan Width": 108,"Actual Startup Time": 0.096,"Actual Total Time": 0.129,"Actual Rows": 25,"Actual Loops": 3,"Hash Buckets": 1024,"Original Hash Buckets": 1024,"Hash Batches": 1,"Original Hash Batches": 1,"Peak Memory Usage": 10,"Workers": [],"Plans": [{"Node Type": "Seq Scan","Parent Relationship": "Outer","Parallel Aware": false,"Async Capable": false,"Relation Name": "nation","Alias": "nation","Startup Cost": 0.00,"Total Cost": 1.25,"Plan Rows": 25,"Plan Width": 108,"Actual Startup Time": 0.062,"Actual Total Time": 0.090,"Actual Rows": 25,"Actual Loops": 3,"Workers": []}]}]}]}]}]}]},"Planning Time": 12.103,"Triggers": [],"Execution Time": 2504.152}]
[{"Plan": {"Node Type": "Aggregate","Strategy": "Sorted","Partial Mode": "Finalize","Parallel Aware": false,"Async Capable": false,"Startup Cost": 47355.08,"Total Cost": 47374.71,"Plan Rows": 146,"Plan Width": 168,"Actual Startup Time": 2452.566,"Actual Total Time": 2567.031,"Actual Rows": 175,"Actual Loops": 1,"Group Key": ["nation.n_name", "(EXTRACT(year FROM orders.o_orderdate))"],"Plans": [{"Node Type": "Gather Merge","Parent Relationship": "Outer","Parallel Aware": false,"Async Capable": false,"Startup Cost": 47355.08,"Total Cost": 47371.30,"Plan Rows": 122,"Plan Width": 168,"Actual Startup Time": 2450.871,"Actual Total Time": 2566.628,"Actual Rows": 525,"Actual Loops": 1,"Workers Planned": 2,"Workers Launched": 2,"Plans": [{"Node Type": "Aggregate","Strategy": "Sorted","Partial Mode": "Partial","Parent Relationship": "Outer","Parallel Aware": false,"Async Capable": false,"Startup Cost": 46355.06,"Total Cost": 46357.20,"Plan Rows": 61,"Plan Width": 168,"Actual Startup Time": 2346.089,"Actual Total Time": 2471.460,"Actual Rows": 175,"Actual Loops": 3,"Group Key": ["nation.n_name", "(EXTRACT(year FROM orders.o_orderdate))"],"Workers": [],"Plans": [{"Node Type": "Sort","Parent Relationship": "Outer","Parallel Aware": false,"Async Capable": false,"Startup Cost": 46355.06,"Total Cost": 46355.21,"Plan Rows": 61,"Plan Width": 159,"Actual Startup Time": 2345.653,"Actual Total Time": 2387.447,"Actual Rows": 108546,"Actual Loops": 3,"Sort Key": ["nation.n_name", "(EXTRACT(year FROM orders.o_orderdate)) DESC"],"Sort Method": "quicksort","Sort Space Used": 13713,"Sort Space Type": "Memory","Workers": [{"Worker Number": 0,"Sort Method": "quicksort","Sort Space Used": 13549,"Sort Space Type": "Memory"},{"Worker Number": 1,"Sort Method": "quicksort","Sort Space Used": 14378,"Sort Space Type": "Memory"}],"Plans": [{"Node Type": "Hash Join","Parent Relationship": "Outer","Parallel Aware": false,"Async Capable": false,"Join Type": "Inner","Startup Cost": 3.13,"Total Cost": 46353.25,"Plan Rows": 61,"Plan Width": 159,"Actual Startup Time": 0.592,"Actual Total Time": 2199.728,"Actual Rows": 108546,"Actual Loops": 3,"Inner Unique": true,"Hash Cond": "(supplier.s_nationkey = nation.n_nationkey)","Workers": [],"Plans": [{"Node Type": "Nested Loop","Parent Relationship": "Outer","Parallel Aware": false,"Async Capable": false,"Join Type": "Inner","Startup Cost": 1.57,"Total Cost": 46351.35,"Plan Rows": 61,"Plan Width": 31,"Actual Startup Time": 0.443,"Actual Total Time": 2168.555,"Actual Rows": 108546,"Actual Loops": 3,"Inner Unique": true,"Workers": [],"Plans": [{"Node Type": "Nested Loop","Parent Relationship": "Outer","Parallel Aware": false,"Async Capable": false,"Join Type": "Inner","Startup Cost": 1.14,"Total Cost": 46322.98,"Plan Rows": 61,"Plan Width": 31,"Actual Startup Time": 0.344,"Actual Total Time": 1012.735,"Actual Rows": 108546,"Actual Loops": 3,"Inner Unique": true,"Workers": [],"Plans": [{"Node Type": "Nested Loop","Parent Relationship": "Outer","Parallel Aware": false,"Async Capable": false,"Join Type": "Inner","Startup Cost": 0.86,"Total Cost": 46304.52,"Plan Rows": 61,"Plan Width": 35,"Actual Startup Time": 0.256,"Actual Total Time": 826.897,"Actual Rows": 108546,"Actual Loops": 3,"Inner Unique": false,"Workers": [],"Plans": [{"Node Type": "Nested Loop","Parent Relationship": "Outer","Parallel Aware": false,"Async Capable": false,"Join Type": "Inner","Startup Cost": 0.42,"Total Cost": 24846.16,"Plan Rows": 20202,"Plan Width": 18,"Actual Startup Time": 0.152,"Actual Total Time": 115.642,"Actual Rows": 14489,"Actual Loops": 3,"Inner Unique": false,"Workers": [],"Plans": [{"Node Type": "Seq Scan","Parent Relationship": "Outer","Parallel Aware": true,"Async Capable": false,"Relation Name": "part","Alias": "part","Startup Cost": 0.00,"Total Cost": 5138.67,"Plan Rows": 5051,"Plan Width": 4,"Actual Startup Time": 0.052,"Actual Total Time": 49.595,"Actual Rows": 3622,"Actual Loops": 3,"Filter": "((p_name)::text ~~ '%thistle%'::text)","Rows Removed by Filter": 63044,"Workers": []},{"Node Type": "Index Scan","Parent Relationship": "Inner","Parallel Aware": false,"Async Capable": false,"Scan Direction": "Forward","Index Name": "idx_partsupp_partkey","Relation Name": "partsupp","Alias": "partsupp","Startup Cost": 0.42,"Total Cost": 3.86,"Plan Rows": 4,"Plan Width": 14,"Actual Startup Time": 0.014,"Actual Total Time": 0.017,"Actual Rows": 4,"Actual Loops": 10867,"Index Cond": "(ps_partkey = part.p_partkey)","Rows Removed by Index Recheck": 0,"Workers": []}]},{"Node Type": "Index Scan","Parent Relationship": "Inner","Parallel Aware": false,"Async Capable": false,"Scan Direction": "Forward","Index Name": "idx_lineitem_part_supp","Relation Name": "lineitem","Alias": "lineitem","Startup Cost": 0.43,"Total Cost": 1.05,"Plan Rows": 1,"Plan Width": 29,"Actual Startup Time": 0.007,"Actual Total Time": 0.047,"Actual Rows": 7,"Actual Loops": 43468,"Index Cond": "((l_partkey = partsupp.ps_partkey) AND (l_suppkey = partsupp.ps_suppkey))","Rows Removed by Index Recheck": 0,"Workers": []}]},{"Node Type": "Index Scan","Parent Relationship": "Inner","Parallel Aware": false,"Async Capable": false,"Scan Direction": "Forward","Index Name": "supplier_pkey","Relation Name": "supplier","Alias": "supplier","Startup Cost": 0.29,"Total Cost": 0.30,"Plan Rows": 1,"Plan Width": 8,"Actual Startup Time": 0.001,"Actual Total Time": 0.001,"Actual Rows": 1,"Actual Loops": 325638,"Index Cond": "(s_suppkey = lineitem.l_suppkey)","Rows Removed by Index Recheck": 0,"Workers": []}]},{"Node Type": "Index Scan","Parent Relationship": "Inner","Parallel Aware": false,"Async Capable": false,"Scan Direction": "Forward","Index Name": "orders_pkey","Relation Name": "orders","Alias": "orders","Startup Cost": 0.43,"Total Cost": 0.47,"Plan Rows": 1,"Plan Width": 8,"Actual Startup Time": 0.010,"Actual Total Time": 0.010,"Actual Rows": 1,"Actual Loops": 325638,"Index Cond": "(o_orderkey = lineitem.l_orderkey)","Rows Removed by Index Recheck": 0,"Workers": []}]},{"Node Type": "Hash","Parent Relationship": "Inner","Parallel Aware": false,"Async Capable": false,"Startup Cost": 1.25,"Total Cost": 1.25,"Plan Rows": 25,"Plan Width": 108,"Actual Startup Time": 0.061,"Actual Total Time": 0.085,"Actual Rows": 25,"Actual Loops": 3,"Hash Buckets": 1024,"Original Hash Buckets": 1024,"Hash Batches": 1,"Original Hash Batches": 1,"Peak Memory Usage": 10,"Workers": [],"Plans": [{"Node Type": "Seq Scan","Parent Relationship": "Outer","Parallel Aware": false,"Async Capable": false,"Relation Name": "nation","Alias": "nation","Startup Cost": 0.00,"Total Cost": 1.25,"Plan Rows": 25,"Plan Width": 108,"Actual Startup Time": 0.037,"Actual Total Time": 0.057,"Actual Rows": 25,"Actual Loops": 3,"Workers": []}]}]}]}]}]}]},"Planning Time": 12.360,"Triggers": [],"Execution Time": 2569.911}]
[{"Plan": {"Node Type": "Aggregate","Strategy": "Sorted","Partial Mode": "Finalize","Parallel Aware": false,"Async Capable": false,"Startup Cost": 47355.08,"Total Cost": 47374.71,"Plan Rows": 146,"Plan Width": 168,"Actual Startup Time": 2452.566,"Actual Total Time": 2567.031,"Actual Rows": 175,"Actual Loops": 1,"Group Key": ["nation.n_name", "(EXTRACT(year FROM orders.o_orderdate))"],"Plans": [{"Node Type": "Gather Merge","Parent Relationship": "Outer","Parallel Aware": false,"Async Capable": false,"Startup Cost": 47355.08,"Total Cost": 47371.30,"Plan Rows": 122,"Plan Width": 168,"Actual Startup Time": 2450.871,"Actual Total Time": 2566.628,"Actual Rows": 525,"Actual Loops": 1,"Workers Planned": 2,"Workers Launched": 2,"Plans": [{"Node Type": "Aggregate","Strategy": "Sorted","Partial Mode": "Partial","Parent Relationship": "Outer","Parallel Aware": false,"Async Capable": false,"Startup Cost": 46355.06,"Total Cost": 46357.20,"Plan Rows": 61,"Plan Width": 168,"Actual Startup Time": 2346.089,"Actual Total Time": 2471.460,"Actual Rows": 175,"Actual Loops": 3,"Group Key": ["nation.n_name", "(EXTRACT(year FROM orders.o_orderdate))"],"Workers": [],"Plans": [{"Node Type": "Sort","Parent Relationship": "Outer","Parallel Aware": false,"Async Capable": false,"Startup Cost": 46355.06,"Total Cost": 46355.21,"Plan Rows": 61,"Plan Width": 159,"Actual Startup Time": 2345.653,"Actual Total Time": 2387.447,"Actual Rows": 108546,"Actual Loops": 3,"Sort Key": ["nation.n_name", "(EXTRACT(year FROM orders.o_orderdate)) DESC"],"Sort Method": "quicksort","Sort Space Used": 13713,"Sort Space Type": "Memory","Workers": [{"Worker Number": 0,"Sort Method": "quicksort","Sort Space Used": 13549,"Sort Space Type": "Memory"},{"Worker Number": 1,"Sort Method": "quicksort","Sort Space Used": 14378,"Sort Space Type": "Memory"}],"Plans": [{"Node Type": "Hash Join","Parent Relationship": "Outer","Parallel Aware": false,"Async Capable": false,"Join Type": "Inner","Startup Cost": 3.13,"Total Cost": 46353.25,"Plan Rows": 61,"Plan Width": 159,"Actual Startup Time": 0.592,"Actual Total Time": 2199.728,"Actual Rows": 108546,"Actual Loops": 3,"Inner Unique": true,"Hash Cond": "(supplier.s_nationkey = nation.n_nationkey)","Workers": [],"Plans": [{"Node Type": "Nested Loop","Parent Relationship": "Outer","Parallel Aware": false,"Async Capable": false,"Join Type": "Inner","Startup Cost": 1.57,"Total Cost": 46351.35,"Plan Rows": 61,"Plan Width": 31,"Actual Startup Time": 0.443,"Actual Total Time": 2168.555,"Actual Rows": 108546,"Actual Loops": 3,"Inner Unique": true,"Workers": [],"Plans": [{"Node Type": "Nested Loop","Parent Relationship": "Outer","Parallel Aware": false,"Async Capable": false,"Join Type": "Inner","Startup Cost": 1.14,"Total Cost": 46322.98,"Plan Rows": 61,"Plan Width": 31,"Actual Startup Time": 0.344,"Actual Total Time": 1012.735,"Actual Rows": 108546,"Actual Loops": 3,"Inner Unique": true,"Workers": [],"Plans": [{"Node Type": "Nested Loop","Parent Relationship": "Outer","Parallel Aware": false,"Async Capable": false,"Join Type": "Inner","Startup Cost": 0.86,"Total Cost": 46304.52,"Plan Rows": 61,"Plan Width": 35,"Actual Startup Time": 0.256,"Actual Total Time": 826.897,"Actual Rows": 108546,"Actual Loops": 3,"Inner Unique": false,"Workers": [],"Plans": [{"Node Type": "Nested Loop","Parent Relationship": "Outer","Parallel Aware": false,"Async Capable": false,"Join Type": "Inner","Startup Cost": 0.42,"Total Cost": 24846.16,"Plan Rows": 20202,"Plan Width": 18,"Actual Startup Time": 0.152,"Actual Total Time": 115.642,"Actual Rows": 14489,"Actual Loops": 3,"Inner Unique": false,"Workers": [],"Plans": [{"Node Type": "Seq Scan","Parent Relationship": "Outer","Parallel Aware": true,"Async Capable": false,"Relation Name": "part","Alias": "part","Startup Cost": 0.00,"Total Cost": 5138.67,"Plan Rows": 5051,"Plan Width": 4,"Actual Startup Time": 0.052,"Actual Total Time": 49.595,"Actual Rows": 3622,"Actual Loops": 3,"Filter": "((p_name)::text ~~ '%thistle%'::text)","Rows Removed by Filter": 63044,"Workers": []},{"Node Type": "Index Scan","Parent Relationship": "Inner","Parallel Aware": false,"Async Capable": false,"Scan Direction": "Forward","Index Name": "idx_partsupp_partkey","Relation Name": "partsupp","Alias": "partsupp","Startup Cost": 0.42,"Total Cost": 3.86,"Plan Rows": 4,"Plan Width": 14,"Actual Startup Time": 0.014,"Actual Total Time": 0.017,"Actual Rows": 4,"Actual Loops": 10867,"Index Cond": "(ps_partkey = part.p_partkey)","Rows Removed by Index Recheck": 0,"Workers": []}]},{"Node Type": "Index Scan","Parent Relationship": "Inner","Parallel Aware": false,"Async Capable": false,"Scan Direction": "Forward","Index Name": "idx_lineitem_part_supp","Relation Name": "lineitem","Alias": "lineitem","Startup Cost": 0.43,"Total Cost": 1.05,"Plan Rows": 1,"Plan Width": 29,"Actual Startup Time": 0.007,"Actual Total Time": 0.047,"Actual Rows": 7,"Actual Loops": 43468,"Index Cond": "((l_partkey = partsupp.ps_partkey) AND (l_suppkey = partsupp.ps_suppkey))","Rows Removed by Index Recheck": 0,"Workers": []}]},{"Node Type": "Index Scan","Parent Relationship": "Inner","Parallel Aware": false,"Async Capable": false,"Scan Direction": "Forward","Index Name": "supplier_pkey","Relation Name": "supplier","Alias": "supplier","Startup Cost": 0.29,"Total Cost": 0.30,"Plan Rows": 1,"Plan Width": 8,"Actual Startup Time": 0.001,"Actual Total Time": 0.001,"Actual Rows": 1,"Actual Loops": 325638,"Index Cond": "(s_suppkey = lineitem.l_suppkey)","Rows Removed by Index Recheck": 0,"Workers": []}]},{"Node Type": "Index Scan","Parent Relationship": "Inner","Parallel Aware": false,"Async Capable": false,"Scan Direction": "Forward","Index Name": "orders_pkey","Relation Name": "orders","Alias": "orders","Startup Cost": 0.43,"Total Cost": 0.47,"Plan Rows": 1,"Plan Width": 8,"Actual Startup Time": 0.010,"Actual Total Time": 0.010,"Actual Rows": 1,"Actual Loops": 325638,"Index Cond": "(o_orderkey = lineitem.l_orderkey)","Rows Removed by Index Recheck": 0,"Workers": []}]},{"Node Type": "Hash","Parent Relationship": "Inner","Parallel Aware": false,"Async Capable": false,"Startup Cost": 1.25,"Total Cost": 1.25,"Plan Rows": 25,"Plan Width": 108,"Actual Startup Time": 0.061,"Actual Total Time": 0.085,"Actual Rows": 25,"Actual Loops": 3,"Hash Buckets": 1024,"Original Hash Buckets": 1024,"Hash Batches": 1,"Original Hash Batches": 1,"Peak Memory Usage": 10,"Workers": [],"Plans": [{"Node Type": "Seq Scan","Parent Relationship": "Outer","Parallel Aware": false,"Async Capable": false,"Relation Name": "nation","Alias": "nation","Startup Cost": 0.00,"Total Cost": 1.25,"Plan Rows": 25,"Plan Width": 108,"Actual Startup Time": 0.037,"Actual Total Time": 0.057,"Actual Rows": 25,"Actual Loops": 3,"Workers": []}]}]}]}]}]}]},"Planning Time": 12.360,"Triggers": [],"Execution Time": 2569.911}]
[{"Plan": {"Node Type": "Aggregate","Strategy": "Sorted","Partial Mode": "Finalize","Parallel Aware": false,"Async Capable": false,"Startup Cost": 41381.04,"Total Cost": 41397.45,"Plan Rows": 122,"Plan Width": 168,"Actual Startup Time": 2438.173,"Actual Total Time": 2533.415,"Actual Rows": 175,"Actual Loops": 1,"Group Key": ["nation.n_name", "(EXTRACT(year FROM orders.o_orderdate))"],"Plans": [{"Node Type": "Gather Merge","Parent Relationship": "Outer","Parallel Aware": false,"Async Capable": false,"Startup Cost": 41381.04,"Total Cost": 41394.60,"Plan Rows": 102,"Plan Width": 168,"Actual Startup Time": 2436.645,"Actual Total Time": 2533.024,"Actual Rows": 525,"Actual Loops": 1,"Workers Planned": 2,"Workers Launched": 2,"Plans": [{"Node Type": "Aggregate","Strategy": "Sorted","Partial Mode": "Partial","Parent Relationship": "Outer","Parallel Aware": false,"Async Capable": false,"Startup Cost": 40381.01,"Total Cost": 40382.80,"Plan Rows": 51,"Plan Width": 168,"Actual Startup Time": 2331.435,"Actual Total Time": 2449.482,"Actual Rows": 175,"Actual Loops": 3,"Group Key": ["nation.n_name", "(EXTRACT(year FROM orders.o_orderdate))"],"Workers": [],"Plans": [{"Node Type": "Sort","Parent Relationship": "Outer","Parallel Aware": false,"Async Capable": false,"Startup Cost": 40381.01,"Total Cost": 40381.14,"Plan Rows": 51,"Plan Width": 159,"Actual Startup Time": 2330.826,"Actual Total Time": 2368.433,"Actual Rows": 108596,"Actual Loops": 3,"Sort Key": ["nation.n_name", "(EXTRACT(year FROM orders.o_orderdate)) DESC"],"Sort Method": "quicksort","Sort Space Used": 14625,"Sort Space Type": "Memory","Workers": [{"Worker Number": 0,"Sort Method": "quicksort","Sort Space Used": 13508,"Sort Space Type": "Memory"},{"Worker Number": 1,"Sort Method": "quicksort","Sort Space Used": 13523,"Sort Space Type": "Memory"}],"Plans": [{"Node Type": "Hash Join","Parent Relationship": "Outer","Parallel Aware": false,"Async Capable": false,"Join Type": "Inner","Startup Cost": 3.13,"Total Cost": 40379.57,"Plan Rows": 51,"Plan Width": 159,"Actual Startup Time": 0.545,"Actual Total Time": 2184.766,"Actual Rows": 108596,"Actual Loops": 3,"Inner Unique": true,"Hash Cond": "(supplier.s_nationkey = nation.n_nationkey)","Workers": [],"Plans": [{"Node Type": "Nested Loop","Parent Relationship": "Outer","Parallel Aware": false,"Async Capable": false,"Join Type": "Inner","Startup Cost": 1.57,"Total Cost": 40377.72,"Plan Rows": 51,"Plan Width": 31,"Actual Startup Time": 0.378,"Actual Total Time": 2153.186,"Actual Rows": 108596,"Actual Loops": 3,"Inner Unique": true,"Workers": [],"Plans": [{"Node Type": "Nested Loop","Parent Relationship": "Outer","Parallel Aware": false,"Async Capable": false,"Join Type": "Inner","Startup Cost": 1.14,"Total Cost": 40354.00,"Plan Rows": 51,"Plan Width": 31,"Actual Startup Time": 0.290,"Actual Total Time": 1004.522,"Actual Rows": 108596,"Actual Loops": 3,"Inner Unique": true,"Workers": [],"Plans": [{"Node Type": "Nested Loop","Parent Relationship": "Outer","Parallel Aware": false,"Async Capable": false,"Join Type": "Inner","Startup Cost": 0.86,"Total Cost": 40338.56,"Plan Rows": 51,"Plan Width": 35,"Actual Startup Time": 0.208,"Actual Total Time": 818.963,"Actual Rows": 108596,"Actual Loops": 3,"Inner Unique": false,"Workers": [],"Plans": [{"Node Type": "Nested Loop","Parent Relationship": "Outer","Parallel Aware": false,"Async Capable": false,"Join Type": "Inner","Startup Cost": 0.42,"Total Cost": 22456.59,"Plan Rows": 16835,"Plan Width": 18,"Actual Startup Time": 0.128,"Actual Total Time": 114.186,"Actual Rows": 14447,"Actual Loops": 3,"Inner Unique": false,"Workers": [],"Plans": [{"Node Type": "Seq Scan","Parent Relationship": "Outer","Parallel Aware": true,"Async Capable": false,"Relation Name": "part","Alias": "part","Startup Cost": 0.00,"Total Cost": 5138.67,"Plan Rows": 4209,"Plan Width": 4,"Actual Startup Time": 0.038,"Actual Total Time": 48.446,"Actual Rows": 3612,"Actual Loops": 3,"Filter": "((p_name)::text ~~ '%peach%'::text)","Rows Removed by Filter": 63055,"Workers": []},{"Node Type": "Index Scan","Parent Relationship": "Inner","Parallel Aware": false,"Async Capable": false,"Scan Direction": "Forward","Index Name": "idx_partsupp_partkey","Relation Name": "partsupp","Alias": "partsupp","Startup Cost": 0.42,"Total Cost": 4.07,"Plan Rows": 4,"Plan Width": 14,"Actual Startup Time": 0.014,"Actual Total Time": 0.017,"Actual Rows": 4,"Actual Loops": 10835,"Index Cond": "(ps_partkey = part.p_partkey)","Rows Removed by Index Recheck": 0,"Workers": []}]},{"Node Type": "Index Scan","Parent Relationship": "Inner","Parallel Aware": false,"Async Capable": false,"Scan Direction": "Forward","Index Name": "idx_lineitem_part_supp","Relation Name": "lineitem","Alias": "lineitem","Startup Cost": 0.43,"Total Cost": 1.05,"Plan Rows": 1,"Plan Width": 29,"Actual Startup Time": 0.007,"Actual Total Time": 0.047,"Actual Rows": 8,"Actual Loops": 43340,"Index Cond": "((l_partkey = partsupp.ps_partkey) AND (l_suppkey = partsupp.ps_suppkey))","Rows Removed by Index Recheck": 0,"Workers": []}]},{"Node Type": "Index Scan","Parent Relationship": "Inner","Parallel Aware": false,"Async Capable": false,"Scan Direction": "Forward","Index Name": "supplier_pkey","Relation Name": "supplier","Alias": "supplier","Startup Cost": 0.29,"Total Cost": 0.30,"Plan Rows": 1,"Plan Width": 8,"Actual Startup Time": 0.001,"Actual Total Time": 0.001,"Actual Rows": 1,"Actual Loops": 325788,"Index Cond": "(s_suppkey = lineitem.l_suppkey)","Rows Removed by Index Recheck": 0,"Workers": []}]},{"Node Type": "Index Scan","Parent Relationship": "Inner","Parallel Aware": false,"Async Capable": false,"Scan Direction": "Forward","Index Name": "orders_pkey","Relation Name": "orders","Alias": "orders","Startup Cost": 0.43,"Total Cost": 0.47,"Plan Rows": 1,"Plan Width": 8,"Actual Startup Time": 0.010,"Actual Total Time": 0.010,"Actual Rows": 1,"Actual Loops": 325788,"Index Cond": "(o_orderkey = lineitem.l_orderkey)","Rows Removed by Index Recheck": 0,"Workers": []}]},{"Node Type": "Hash","Parent Relationship": "Inner","Parallel Aware": false,"Async Capable": false,"Startup Cost": 1.25,"Total Cost": 1.25,"Plan Rows": 25,"Plan Width": 108,"Actual Startup Time": 0.073,"Actual Total Time": 0.084,"Actual Rows": 25,"Actual Loops": 3,"Hash Buckets": 1024,"Original Hash Buckets": 1024,"Hash Batches": 1,"Original Hash Batches": 1,"Peak Memory Usage": 10,"Workers": [],"Plans": [{"Node Type": "Seq Scan","Parent Relationship": "Outer","Parallel Aware": false,"Async Capable": false,"Relation Name": "nation","Alias": "nation","Startup Cost": 0.00,"Total Cost": 1.25,"Plan Rows": 25,"Plan Width": 108,"Actual Startup Time": 0.055,"Actual Total Time": 0.060,"Actual Rows": 25,"Actual Loops": 3,"Workers": []}]}]}]}]}]}]},"Planning Time": 11.929,"Triggers": [],"Execution Time": 2536.366}]
[{"Plan": {"Node Type": "Aggregate","Strategy": "Sorted","Partial Mode": "Finalize","Parallel Aware": false,"Async Capable": false,"Startup Cost": 35224.41,"Total Cost": 35237.30,"Plan Rows": 97,"Plan Width": 168,"Actual Startup Time": 2448.509,"Actual Total Time": 2590.402,"Actual Rows": 175,"Actual Loops": 1,"Group Key": ["nation.n_name", "(EXTRACT(year FROM orders.o_orderdate))"],"Plans": [{"Node Type": "Gather Merge","Parent Relationship": "Outer","Parallel Aware": false,"Async Capable": false,"Startup Cost": 35224.41,"Total Cost": 35235.05,"Plan Rows": 80,"Plan Width": 168,"Actual Startup Time": 2446.328,"Actual Total Time": 2589.879,"Actual Rows": 525,"Actual Loops": 1,"Workers Planned": 2,"Workers Launched": 2,"Plans": [{"Node Type": "Aggregate","Strategy": "Sorted","Partial Mode": "Partial","Parent Relationship": "Outer","Parallel Aware": false,"Async Capable": false,"Startup Cost": 34224.39,"Total Cost": 34225.79,"Plan Rows": 40,"Plan Width": 168,"Actual Startup Time": 2328.455,"Actual Total Time": 2453.319,"Actual Rows": 175,"Actual Loops": 3,"Group Key": ["nation.n_name", "(EXTRACT(year FROM orders.o_orderdate))"],"Workers": [],"Plans": [{"Node Type": "Sort","Parent Relationship": "Outer","Parallel Aware": false,"Async Capable": false,"Startup Cost": 34224.39,"Total Cost": 34224.49,"Plan Rows": 40,"Plan Width": 159,"Actual Startup Time": 2327.759,"Actual Total Time": 2370.420,"Actual Rows": 109541,"Actual Loops": 3,"Sort Key": ["nation.n_name", "(EXTRACT(year FROM orders.o_orderdate)) DESC"],"Sort Method": "quicksort","Sort Space Used": 14008,"Sort Space Type": "Memory","Workers": [{"Worker Number": 0,"Sort Method": "quicksort","Sort Space Used": 14427,"Sort Space Type": "Memory"},{"Worker Number": 1,"Sort Method": "quicksort","Sort Space Used": 13506,"Sort Space Type": "Memory"}],"Plans": [{"Node Type": "Hash Join","Parent Relationship": "Outer","Parallel Aware": false,"Async Capable": false,"Join Type": "Inner","Startup Cost": 3.13,"Total Cost": 34223.32,"Plan Rows": 40,"Plan Width": 159,"Actual Startup Time": 0.672,"Actual Total Time": 2178.227,"Actual Rows": 109541,"Actual Loops": 3,"Inner Unique": true,"Hash Cond": "(supplier.s_nationkey = nation.n_nationkey)","Workers": [],"Plans": [{"Node Type": "Nested Loop","Parent Relationship": "Outer","Parallel Aware": false,"Async Capable": false,"Join Type": "Inner","Startup Cost": 1.57,"Total Cost": 34221.53,"Plan Rows": 40,"Plan Width": 31,"Actual Startup Time": 0.501,"Actual Total Time": 2146.411,"Actual Rows": 109541,"Actual Loops": 3,"Inner Unique": true,"Workers": [],"Plans": [{"Node Type": "Nested Loop","Parent Relationship": "Outer","Parallel Aware": false,"Async Capable": false,"Join Type": "Inner","Startup Cost": 1.14,"Total Cost": 34202.93,"Plan Rows": 40,"Plan Width": 31,"Actual Startup Time": 0.383,"Actual Total Time": 995.071,"Actual Rows": 109541,"Actual Loops": 3,"Inner Unique": true,"Workers": [],"Plans": [{"Node Type": "Nested Loop","Parent Relationship": "Outer","Parallel Aware": false,"Async Capable": false,"Join Type": "Inner","Startup Cost": 0.86,"Total Cost": 34190.82,"Plan Rows": 40,"Plan Width": 35,"Actual Startup Time": 0.293,"Actual Total Time": 807.463,"Actual Rows": 109541,"Actual Loops": 3,"Inner Unique": false,"Workers": [],"Plans": [{"Node Type": "Nested Loop","Parent Relationship": "Outer","Parallel Aware": false,"Async Capable": false,"Join Type": "Inner","Startup Cost": 0.42,"Total Cost": 19885.25,"Plan Rows": 13468,"Plan Width": 18,"Actual Startup Time": 0.172,"Actual Total Time": 119.590,"Actual Rows": 14584,"Actual Loops": 3,"Inner Unique": false,"Workers": [],"Plans": [{"Node Type": "Seq Scan","Parent Relationship": "Outer","Parallel Aware": true,"Async Capable": false,"Relation Name": "part","Alias": "part","Startup Cost": 0.00,"Total Cost": 5138.67,"Plan Rows": 3367,"Plan Width": 4,"Actual Startup Time": 0.050,"Actual Total Time": 51.876,"Actual Rows": 3646,"Actual Loops": 3,"Filter": "((p_name)::text ~~ '%lavender%'::text)","Rows Removed by Filter": 63021,"Workers": []},{"Node Type": "Index Scan","Parent Relationship": "Inner","Parallel Aware": false,"Async Capable": false,"Scan Direction": "Forward","Index Name": "idx_partsupp_partkey","Relation Name": "partsupp","Alias": "partsupp","Startup Cost": 0.42,"Total Cost": 4.34,"Plan Rows": 4,"Plan Width": 14,"Actual Startup Time": 0.014,"Actual Total Time": 0.018,"Actual Rows": 4,"Actual Loops": 10938,"Index Cond": "(ps_partkey = part.p_partkey)","Rows Removed by Index Recheck": 0,"Workers": []}]},{"Node Type": "Index Scan","Parent Relationship": "Inner","Parallel Aware": false,"Async Capable": false,"Scan Direction": "Forward","Index Name": "idx_lineitem_part_supp","Relation Name": "lineitem","Alias": "lineitem","Startup Cost": 0.43,"Total Cost": 1.05,"Plan Rows": 1,"Plan Width": 29,"Actual Startup Time": 0.007,"Actual Total Time": 0.045,"Actual Rows": 8,"Actual Loops": 43752,"Index Cond": "((l_partkey = partsupp.ps_partkey) AND (l_suppkey = partsupp.ps_suppkey))","Rows Removed by Index Recheck": 0,"Workers": []}]},{"Node Type": "Index Scan","Parent Relationship": "Inner","Parallel Aware": false,"Async Capable": false,"Scan Direction": "Forward","Index Name": "supplier_pkey","Relation Name": "supplier","Alias": "supplier","Startup Cost": 0.29,"Total Cost": 0.30,"Plan Rows": 1,"Plan Width": 8,"Actual Startup Time": 0.001,"Actual Total Time": 0.001,"Actual Rows": 1,"Actual Loops": 328622,"Index Cond": "(s_suppkey = lineitem.l_suppkey)","Rows Removed by Index Recheck": 0,"Workers": []}]},{"Node Type": "Index Scan","Parent Relationship": "Inner","Parallel Aware": false,"Async Capable": false,"Scan Direction": "Forward","Index Name": "orders_pkey","Relation Name": "orders","Alias": "orders","Startup Cost": 0.43,"Total Cost": 0.47,"Plan Rows": 1,"Plan Width": 8,"Actual Startup Time": 0.010,"Actual Total Time": 0.010,"Actual Rows": 1,"Actual Loops": 328622,"Index Cond": "(o_orderkey = lineitem.l_orderkey)","Rows Removed by Index Recheck": 0,"Workers": []}]},{"Node Type": "Hash","Parent Relationship": "Inner","Parallel Aware": false,"Async Capable": false,"Startup Cost": 1.25,"Total Cost": 1.25,"Plan Rows": 25,"Plan Width": 108,"Actual Startup Time": 0.078,"Actual Total Time": 0.087,"Actual Rows": 25,"Actual Loops": 3,"Hash Buckets": 1024,"Original Hash Buckets": 1024,"Hash Batches": 1,"Original Hash Batches": 1,"Peak Memory Usage": 10,"Workers": [],"Plans": [{"Node Type": "Seq Scan","Parent Relationship": "Outer","Parallel Aware": false,"Async Capable": false,"Relation Name": "nation","Alias": "nation","Startup Cost": 0.00,"Total Cost": 1.25,"Plan Rows": 25,"Plan Width": 108,"Actual Startup Time": 0.049,"Actual Total Time": 0.055,"Actual Rows": 25,"Actual Loops": 3,"Workers": []}]}]}]}]}]}]},"Planning Time": 11.935,"Triggers": [],"Execution Time": 2592.244}]
[{"Plan": {"Node Type": "Aggregate","Strategy": "Sorted","Partial Mode": "Finalize","Parallel Aware": false,"Async Capable": false,"Startup Cost": 46348.90,"Total Cost": 46374.41,"Plan Rows": 170,"Plan Width": 168,"Actual Startup Time": 1730.222,"Actual Total Time": 1874.204,"Actual Rows": 175,"Actual Loops": 1,"Group Key": ["nation.n_name", "(EXTRACT(year FROM orders.o_orderdate))"],"Plans": [{"Node Type": "Gather Merge","Parent Relationship": "Outer","Parallel Aware": false,"Async Capable": false,"Startup Cost": 46348.90,"Total Cost": 46370.21,"Plan Rows": 165,"Plan Width": 168,"Actual Startup Time": 1728.668,"Actual Total Time": 1873.759,"Actual Rows": 700,"Actual Loops": 1,"Workers Planned": 3,"Workers Launched": 3,"Plans": [{"Node Type": "Aggregate","Strategy": "Sorted","Partial Mode": "Partial","Parent Relationship": "Outer","Parallel Aware": false,"Async Capable": false,"Startup Cost": 45348.86,"Total Cost": 45350.79,"Plan Rows": 55,"Plan Width": 168,"Actual Startup Time": 1650.826,"Actual Total Time": 1744.501,"Actual Rows": 175,"Actual Loops": 4,"Group Key": ["nation.n_name", "(EXTRACT(year FROM orders.o_orderdate))"],"Workers": [],"Plans": [{"Node Type": "Sort","Parent Relationship": "Outer","Parallel Aware": false,"Async Capable": false,"Startup Cost": 45348.86,"Total Cost": 45349.00,"Plan Rows": 55,"Plan Width": 159,"Actual Startup Time": 1650.333,"Actual Total Time": 1682.232,"Actual Rows": 81534,"Actual Loops": 4,"Sort Key": ["nation.n_name", "(EXTRACT(year FROM orders.o_orderdate)) DESC"],"Sort Method": "quicksort","Sort Space Used": 11317,"Sort Space Type": "Memory","Workers": [{"Worker Number": 0,"Sort Method": "quicksort","Sort Space Used": 11037,"Sort Space Type": "Memory"},{"Worker Number": 1,"Sort Method": "quicksort","Sort Space Used": 11269,"Sort Space Type": "Memory"},{"Worker Number": 2,"Sort Method": "quicksort","Sort Space Used": 11142,"Sort Space Type": "Memory"}],"Plans": [{"Node Type": "Hash Join","Parent Relationship": "Outer","Parallel Aware": false,"Async Capable": false,"Join Type": "Inner","Startup Cost": 5215.02,"Total Cost": 45347.27,"Plan Rows": 55,"Plan Width": 159,"Actual Startup Time": 22.539,"Actual Total Time": 1549.942,"Actual Rows": 81534,"Actual Loops": 4,"Inner Unique": true,"Hash Cond": "(supplier.s_nationkey = nation.n_nationkey)","Workers": [],"Plans": [{"Node Type": "Nested Loop","Parent Relationship": "Outer","Parallel Aware": false,"Async Capable": false,"Join Type": "Inner","Startup Cost": 5213.46,"Total Cost": 45345.40,"Plan Rows": 55,"Plan Width": 31,"Actual Startup Time": 22.374,"Actual Total Time": 1526.572,"Actual Rows": 81534,"Actual Loops": 4,"Inner Unique": true,"Workers": [],"Plans": [{"Node Type": "Nested Loop","Parent Relationship": "Outer","Parallel Aware": false,"Async Capable": false,"Join Type": "Inner","Startup Cost": 5213.03,"Total Cost": 45319.82,"Plan Rows": 55,"Plan Width": 31,"Actual Startup Time": 22.306,"Actual Total Time": 793.181,"Actual Rows": 81534,"Actual Loops": 4,"Inner Unique": true,"Workers": [],"Plans": [{"Node Type": "Nested Loop","Parent Relationship": "Outer","Parallel Aware": false,"Async Capable": false,"Join Type": "Inner","Startup Cost": 5212.75,"Total Cost": 45303.17,"Plan Rows": 55,"Plan Width": 35,"Actual Startup Time": 22.249,"Actual Total Time": 656.284,"Actual Rows": 81534,"Actual Loops": 4,"Inner Unique": false,"Workers": [],"Plans": [{"Node Type": "Hash Join","Parent Relationship": "Outer","Parallel Aware": true,"Async Capable": false,"Join Type": "Inner","Startup Cost": 5212.32,"Total Cost": 25921.39,"Plan Rows": 18247,"Plan Width": 18,"Actual Startup Time": 22.162,"Actual Total Time": 197.619,"Actual Rows": 10856,"Actual Loops": 4,"Inner Unique": true,"Hash Cond": "(partsupp.ps_partkey = part.p_partkey)","Workers": [],"Plans": [{"Node Type": "Seq Scan","Parent Relationship": "Outer","Parallel Aware": true,"Async Capable": false,"Relation Name": "partsupp","Alias": "partsupp","Startup Cost": 0.00,"Total Cost": 20031.65,"Plan Rows": 258065,"Plan Width": 14,"Actual Startup Time": 0.014,"Actual Total Time": 42.173,"Actual Rows": 200000,"Actual Loops": 4,"Workers": []},{"Node Type": "Hash","Parent Relationship": "Inner","Parallel Aware": true,"Async Capable": false,"Startup Cost": 5138.67,"Total Cost": 5138.67,"Plan Rows": 5892,"Plan Width": 4,"Actual Startup Time": 22.002,"Actual Total Time": 22.011,"Actual Rows": 2714,"Actual Loops": 4,"Hash Buckets": 16384,"Original Hash Buckets": 16384,"Hash Batches": 1,"Original Hash Batches": 1,"Peak Memory Usage": 608,"Workers": [],"Plans": [{"Node Type": "Seq Scan","Parent Relationship": "Outer","Parallel Aware": true,"Async Capable": false,"Relation Name": "part","Alias": "part","Startup Cost": 0.00,"Total Cost": 5138.67,"Plan Rows": 5892,"Plan Width": 4,"Actual Startup Time": 0.065,"Actual Total Time": 20.262,"Actual Rows": 2714,"Actual Loops": 4,"Filter": "((p_name)::text ~~ '%pink%'::text)","Rows Removed by Filter": 47286,"Workers": []}]}]},{"Node Type": "Index Scan","Parent Relationship": "Inner","Parallel Aware": false,"Async Capable": false,"Scan Direction": "Forward","Index Name": "idx_lineitem_part_supp","Relation Name": "lineitem","Alias": "lineitem","Startup Cost": 0.43,"Total Cost": 1.05,"Plan Rows": 1,"Plan Width": 29,"Actual Startup Time": 0.006,"Actual Total Time": 0.041,"Actual Rows": 8,"Actual Loops": 43424,"Index Cond": "((l_partkey = partsupp.ps_partkey) AND (l_suppkey = partsupp.ps_suppkey))","Rows Removed by Index Recheck": 0,"Workers": []}]},{"Node Type": "Index Scan","Parent Relationship": "Inner","Parallel Aware": false,"Async Capable": false,"Scan Direction": "Forward","Index Name": "supplier_pkey","Relation Name": "supplier","Alias": "supplier","Startup Cost": 0.29,"Total Cost": 0.30,"Plan Rows": 1,"Plan Width": 8,"Actual Startup Time": 0.001,"Actual Total Time": 0.001,"Actual Rows": 1,"Actual Loops": 326137,"Index Cond": "(s_suppkey = lineitem.l_suppkey)","Rows Removed by Index Recheck": 0,"Workers": []}]},{"Node Type": "Index Scan","Parent Relationship": "Inner","Parallel Aware": false,"Async Capable": false,"Scan Direction": "Forward","Index Name": "orders_pkey","Relation Name": "orders","Alias": "orders","Startup Cost": 0.43,"Total Cost": 0.47,"Plan Rows": 1,"Plan Width": 8,"Actual Startup Time": 0.009,"Actual Total Time": 0.009,"Actual Rows": 1,"Actual Loops": 326137,"Index Cond": "(o_orderkey = lineitem.l_orderkey)","Rows Removed by Index Recheck": 0,"Workers": []}]},{"Node Type": "Hash","Parent Relationship": "Inner","Parallel Aware": false,"Async Capable": false,"Startup Cost": 1.25,"Total Cost": 1.25,"Plan Rows": 25,"Plan Width": 108,"Actual Startup Time": 0.071,"Actual Total Time": 0.076,"Actual Rows": 25,"Actual Loops": 4,"Hash Buckets": 1024,"Original Hash Buckets": 1024,"Hash Batches": 1,"Original Hash Batches": 1,"Peak Memory Usage": 10,"Workers": [],"Plans": [{"Node Type": "Seq Scan","Parent Relationship": "Outer","Parallel Aware": false,"Async Capable": false,"Relation Name": "nation","Alias": "nation","Startup Cost": 0.00,"Total Cost": 1.25,"Plan Rows": 25,"Plan Width": 108,"Actual Startup Time": 0.047,"Actual Total Time": 0.052,"Actual Rows": 25,"Actual Loops": 4,"Workers": []}]}]}]}]}]}]},"Planning Time": 12.442,"Triggers": [],"Execution Time": 1875.255}]
[{"Plan": {"Node Type": "Aggregate","Strategy": "Sorted","Partial Mode": "Finalize","Parallel Aware": false,"Async Capable": false,"Startup Cost": 35224.41,"Total Cost": 35237.30,"Plan Rows": 97,"Plan Width": 168,"Actual Startup Time": 2453.912,"Actual Total Time": 2546.232,"Actual Rows": 175,"Actual Loops": 1,"Group Key": ["nation.n_name", "(EXTRACT(year FROM orders.o_orderdate))"],"Plans": [{"Node Type": "Gather Merge","Parent Relationship": "Outer","Parallel Aware": false,"Async Capable": false,"Startup Cost": 35224.41,"Total Cost": 35235.05,"Plan Rows": 80,"Plan Width": 168,"Actual Startup Time": 2452.278,"Actual Total Time": 2545.858,"Actual Rows": 525,"Actual Loops": 1,"Workers Planned": 2,"Workers Launched": 2,"Plans": [{"Node Type": "Aggregate","Strategy": "Sorted","Partial Mode": "Partial","Parent Relationship": "Outer","Parallel Aware": false,"Async Capable": false,"Startup Cost": 34224.39,"Total Cost": 34225.79,"Plan Rows": 40,"Plan Width": 168,"Actual Startup Time": 2332.762,"Actual Total Time": 2454.611,"Actual Rows": 175,"Actual Loops": 3,"Group Key": ["nation.n_name", "(EXTRACT(year FROM orders.o_orderdate))"],"Workers": [],"Plans": [{"Node Type": "Sort","Parent Relationship": "Outer","Parallel Aware": false,"Async Capable": false,"Startup Cost": 34224.39,"Total Cost": 34224.49,"Plan Rows": 40,"Plan Width": 159,"Actual Startup Time": 2332.182,"Actual Total Time": 2371.566,"Actual Rows": 110005,"Actual Loops": 3,"Sort Key": ["nation.n_name", "(EXTRACT(year FROM orders.o_orderdate)) DESC"],"Sort Method": "quicksort","Sort Space Used": 14433,"Sort Space Type": "Memory","Workers": [{"Worker Number": 0,"Sort Method": "quicksort","Sort Space Used": 14051,"Sort Space Type": "Memory"},{"Worker Number": 1,"Sort Method": "quicksort","Sort Space Used": 13596,"Sort Space Type": "Memory"}],"Plans": [{"Node Type": "Hash Join","Parent Relationship": "Outer","Parallel Aware": false,"Async Capable": false,"Join Type": "Inner","Startup Cost": 3.13,"Total Cost": 34223.32,"Plan Rows": 40,"Plan Width": 159,"Actual Startup Time": 0.610,"Actual Total Time": 2182.614,"Actual Rows": 110005,"Actual Loops": 3,"Inner Unique": true,"Hash Cond": "(supplier.s_nationkey = nation.n_nationkey)","Workers": [],"Plans": [{"Node Type": "Nested Loop","Parent Relationship": "Outer","Parallel Aware": false,"Async Capable": false,"Join Type": "Inner","Startup Cost": 1.57,"Total Cost": 34221.53,"Plan Rows": 40,"Plan Width": 31,"Actual Startup Time": 0.446,"Actual Total Time": 2150.932,"Actual Rows": 110005,"Actual Loops": 3,"Inner Unique": true,"Workers": [],"Plans": [{"Node Type": "Nested Loop","Parent Relationship": "Outer","Parallel Aware": false,"Async Capable": false,"Join Type": "Inner","Startup Cost": 1.14,"Total Cost": 34202.93,"Plan Rows": 40,"Plan Width": 31,"Actual Startup Time": 0.323,"Actual Total Time": 997.991,"Actual Rows": 110005,"Actual Loops": 3,"Inner Unique": true,"Workers": [],"Plans": [{"Node Type": "Nested Loop","Parent Relationship": "Outer","Parallel Aware": false,"Async Capable": false,"Join Type": "Inner","Startup Cost": 0.86,"Total Cost": 34190.82,"Plan Rows": 40,"Plan Width": 35,"Actual Startup Time": 0.253,"Actual Total Time": 810.725,"Actual Rows": 110005,"Actual Loops": 3,"Inner Unique": false,"Workers": [],"Plans": [{"Node Type": "Nested Loop","Parent Relationship": "Outer","Parallel Aware": false,"Async Capable": false,"Join Type": "Inner","Startup Cost": 0.42,"Total Cost": 19885.25,"Plan Rows": 13468,"Plan Width": 18,"Actual Startup Time": 0.159,"Actual Total Time": 119.482,"Actual Rows": 14625,"Actual Loops": 3,"Inner Unique": false,"Workers": [],"Plans": [{"Node Type": "Seq Scan","Parent Relationship": "Outer","Parallel Aware": true,"Async Capable": false,"Relation Name": "part","Alias": "part","Startup Cost": 0.00,"Total Cost": 5138.67,"Plan Rows": 3367,"Plan Width": 4,"Actual Startup Time": 0.055,"Actual Total Time": 51.564,"Actual Rows": 3656,"Actual Loops": 3,"Filter": "((p_name)::text ~~ '%seashell%'::text)","Rows Removed by Filter": 63010,"Workers": []},{"Node Type": "Index Scan","Parent Relationship": "Inner","Parallel Aware": false,"Async Capable": false,"Scan Direction": "Forward","Index Name": "idx_partsupp_partkey","Relation Name": "partsupp","Alias": "partsupp","Startup Cost": 0.42,"Total Cost": 4.34,"Plan Rows": 4,"Plan Width": 14,"Actual Startup Time": 0.014,"Actual Total Time": 0.018,"Actual Rows": 4,"Actual Loops": 10969,"Index Cond": "(ps_partkey = part.p_partkey)","Rows Removed by Index Recheck": 0,"Workers": []}]},{"Node Type": "Index Scan","Parent Relationship": "Inner","Parallel Aware": false,"Async Capable": false,"Scan Direction": "Forward","Index Name": "idx_lineitem_part_supp","Relation Name": "lineitem","Alias": "lineitem","Startup Cost": 0.43,"Total Cost": 1.05,"Plan Rows": 1,"Plan Width": 29,"Actual Startup Time": 0.007,"Actual Total Time": 0.046,"Actual Rows": 8,"Actual Loops": 43876,"Index Cond": "((l_partkey = partsupp.ps_partkey) AND (l_suppkey = partsupp.ps_suppkey))","Rows Removed by Index Recheck": 0,"Workers": []}]},{"Node Type": "Index Scan","Parent Relationship": "Inner","Parallel Aware": false,"Async Capable": false,"Scan Direction": "Forward","Index Name": "supplier_pkey","Relation Name": "supplier","Alias": "supplier","Startup Cost": 0.29,"Total Cost": 0.30,"Plan Rows": 1,"Plan Width": 8,"Actual Startup Time": 0.001,"Actual Total Time": 0.001,"Actual Rows": 1,"Actual Loops": 330015,"Index Cond": "(s_suppkey = lineitem.l_suppkey)","Rows Removed by Index Recheck": 0,"Workers": []}]},{"Node Type": "Index Scan","Parent Relationship": "Inner","Parallel Aware": false,"Async Capable": false,"Scan Direction": "Forward","Index Name": "orders_pkey","Relation Name": "orders","Alias": "orders","Startup Cost": 0.43,"Total Cost": 0.47,"Plan Rows": 1,"Plan Width": 8,"Actual Startup Time": 0.010,"Actual Total Time": 0.010,"Actual Rows": 1,"Actual Loops": 330015,"Index Cond": "(o_orderkey = lineitem.l_orderkey)","Rows Removed by Index Recheck": 0,"Workers": []}]},{"Node Type": "Hash","Parent Relationship": "Inner","Parallel Aware": false,"Async Capable": false,"Startup Cost": 1.25,"Total Cost": 1.25,"Plan Rows": 25,"Plan Width": 108,"Actual Startup Time": 0.079,"Actual Total Time": 0.113,"Actual Rows": 25,"Actual Loops": 3,"Hash Buckets": 1024,"Original Hash Buckets": 1024,"Hash Batches": 1,"Original Hash Batches": 1,"Peak Memory Usage": 10,"Workers": [],"Plans": [{"Node Type": "Seq Scan","Parent Relationship": "Outer","Parallel Aware": false,"Async Capable": false,"Relation Name": "nation","Alias": "nation","Startup Cost": 0.00,"Total Cost": 1.25,"Plan Rows": 25,"Plan Width": 108,"Actual Startup Time": 0.053,"Actual Total Time": 0.084,"Actual Rows": 25,"Actual Loops": 3,"Workers": []}]}]}]}]}]}]},"Planning Time": 12.078,"Triggers": [],"Execution Time": 2551.044}]
[{"Plan": {"Node Type": "Aggregate","Strategy": "Sorted","Partial Mode": "Finalize","Parallel Aware": false,"Async Capable": false,"Startup Cost": 41381.04,"Total Cost": 41397.45,"Plan Rows": 122,"Plan Width": 168,"Actual Startup Time": 2431.177,"Actual Total Time": 2560.188,"Actual Rows": 175,"Actual Loops": 1,"Group Key": ["nation.n_name", "(EXTRACT(year FROM orders.o_orderdate))"],"Plans": [{"Node Type": "Gather Merge","Parent Relationship": "Outer","Parallel Aware": false,"Async Capable": false,"Startup Cost": 41381.04,"Total Cost": 41394.60,"Plan Rows": 102,"Plan Width": 168,"Actual Startup Time": 2429.302,"Actual Total Time": 2559.805,"Actual Rows": 525,"Actual Loops": 1,"Workers Planned": 2,"Workers Launched": 2,"Plans": [{"Node Type": "Aggregate","Strategy": "Sorted","Partial Mode": "Partial","Parent Relationship": "Outer","Parallel Aware": false,"Async Capable": false,"Startup Cost": 40381.01,"Total Cost": 40382.80,"Plan Rows": 51,"Plan Width": 168,"Actual Startup Time": 2327.238,"Actual Total Time": 2438.083,"Actual Rows": 175,"Actual Loops": 3,"Group Key": ["nation.n_name", "(EXTRACT(year FROM orders.o_orderdate))"],"Workers": [],"Plans": [{"Node Type": "Sort","Parent Relationship": "Outer","Parallel Aware": false,"Async Capable": false,"Startup Cost": 40381.01,"Total Cost": 40381.14,"Plan Rows": 51,"Plan Width": 159,"Actual Startup Time": 2326.616,"Actual Total Time": 2360.128,"Actual Rows": 110167,"Actual Loops": 3,"Sort Key": ["nation.n_name", "(EXTRACT(year FROM orders.o_orderdate)) DESC"],"Sort Method": "quicksort","Sort Space Used": 13685,"Sort Space Type": "Memory","Workers": [{"Worker Number": 0,"Sort Method": "quicksort","Sort Space Used": 14027,"Sort Space Type": "Memory"},{"Worker Number": 1,"Sort Method": "quicksort","Sort Space Used": 14415,"Sort Space Type": "Memory"}],"Plans": [{"Node Type": "Hash Join","Parent Relationship": "Outer","Parallel Aware": false,"Async Capable": false,"Join Type": "Inner","Startup Cost": 3.13,"Total Cost": 40379.57,"Plan Rows": 51,"Plan Width": 159,"Actual Startup Time": 0.774,"Actual Total Time": 2175.154,"Actual Rows": 110167,"Actual Loops": 3,"Inner Unique": true,"Hash Cond": "(supplier.s_nationkey = nation.n_nationkey)","Workers": [],"Plans": [{"Node Type": "Nested Loop","Parent Relationship": "Outer","Parallel Aware": false,"Async Capable": false,"Join Type": "Inner","Startup Cost": 1.57,"Total Cost": 40377.72,"Plan Rows": 51,"Plan Width": 31,"Actual Startup Time": 0.582,"Actual Total Time": 2143.575,"Actual Rows": 110167,"Actual Loops": 3,"Inner Unique": true,"Workers": [],"Plans": [{"Node Type": "Nested Loop","Parent Relationship": "Outer","Parallel Aware": false,"Async Capable": false,"Join Type": "Inner","Startup Cost": 1.14,"Total Cost": 40354.00,"Plan Rows": 51,"Plan Width": 31,"Actual Startup Time": 0.451,"Actual Total Time": 989.410,"Actual Rows": 110167,"Actual Loops": 3,"Inner Unique": true,"Workers": [],"Plans": [{"Node Type": "Nested Loop","Parent Relationship": "Outer","Parallel Aware": false,"Async Capable": false,"Join Type": "Inner","Startup Cost": 0.86,"Total Cost": 40338.56,"Plan Rows": 51,"Plan Width": 35,"Actual Startup Time": 0.342,"Actual Total Time": 803.216,"Actual Rows": 110167,"Actual Loops": 3,"Inner Unique": false,"Workers": [],"Plans": [{"Node Type": "Nested Loop","Parent Relationship": "Outer","Parallel Aware": false,"Async Capable": false,"Join Type": "Inner","Startup Cost": 0.42,"Total Cost": 22456.59,"Plan Rows": 16835,"Plan Width": 18,"Actual Startup Time": 0.214,"Actual Total Time": 117.164,"Actual Rows": 14685,"Actual Loops": 3,"Inner Unique": false,"Workers": [],"Plans": [{"Node Type": "Seq Scan","Parent Relationship": "Outer","Parallel Aware": true,"Async Capable": false,"Relation Name": "part","Alias": "part","Startup Cost": 0.00,"Total Cost": 5138.67,"Plan Rows": 4209,"Plan Width": 4,"Actual Startup Time": 0.077,"Actual Total Time": 49.700,"Actual Rows": 3671,"Actual Loops": 3,"Filter": "((p_name)::text ~~ '%turquoise%'::text)","Rows Removed by Filter": 62995,"Workers": []},{"Node Type": "Index Scan","Parent Relationship": "Inner","Parallel Aware": false,"Async Capable": false,"Scan Direction": "Forward","Index Name": "idx_partsupp_partkey","Relation Name": "partsupp","Alias": "partsupp","Startup Cost": 0.42,"Total Cost": 4.07,"Plan Rows": 4,"Plan Width": 14,"Actual Startup Time": 0.014,"Actual Total Time": 0.018,"Actual Rows": 4,"Actual Loops": 11014,"Index Cond": "(ps_partkey = part.p_partkey)","Rows Removed by Index Recheck": 0,"Workers": []}]},{"Node Type": "Index Scan","Parent Relationship": "Inner","Parallel Aware": false,"Async Capable": false,"Scan Direction": "Forward","Index Name": "idx_lineitem_part_supp","Relation Name": "lineitem","Alias": "lineitem","Startup Cost": 0.43,"Total Cost": 1.05,"Plan Rows": 1,"Plan Width": 29,"Actual Startup Time": 0.007,"Actual Total Time": 0.045,"Actual Rows": 8,"Actual Loops": 44056,"Index Cond": "((l_partkey = partsupp.ps_partkey) AND (l_suppkey = partsupp.ps_suppkey))","Rows Removed by Index Recheck": 0,"Workers": []}]},{"Node Type": "Index Scan","Parent Relationship": "Inner","Parallel Aware": false,"Async Capable": false,"Scan Direction": "Forward","Index Name": "supplier_pkey","Relation Name": "supplier","Alias": "supplier","Startup Cost": 0.29,"Total Cost": 0.30,"Plan Rows": 1,"Plan Width": 8,"Actual Startup Time": 0.001,"Actual Total Time": 0.001,"Actual Rows": 1,"Actual Loops": 330501,"Index Cond": "(s_suppkey = lineitem.l_suppkey)","Rows Removed by Index Recheck": 0,"Workers": []}]},{"Node Type": "Index Scan","Parent Relationship": "Inner","Parallel Aware": false,"Async Capable": false,"Scan Direction": "Forward","Index Name": "orders_pkey","Relation Name": "orders","Alias": "orders","Startup Cost": 0.43,"Total Cost": 0.47,"Plan Rows": 1,"Plan Width": 8,"Actual Startup Time": 0.010,"Actual Total Time": 0.010,"Actual Rows": 1,"Actual Loops": 330501,"Index Cond": "(o_orderkey = lineitem.l_orderkey)","Rows Removed by Index Recheck": 0,"Workers": []}]},{"Node Type": "Hash","Parent Relationship": "Inner","Parallel Aware": false,"Async Capable": false,"Startup Cost": 1.25,"Total Cost": 1.25,"Plan Rows": 25,"Plan Width": 108,"Actual Startup Time": 0.077,"Actual Total Time": 0.095,"Actual Rows": 25,"Actual Loops": 3,"Hash Buckets": 1024,"Original Hash Buckets": 1024,"Hash Batches": 1,"Original Hash Batches": 1,"Peak Memory Usage": 10,"Workers": [],"Plans": [{"Node Type": "Seq Scan","Parent Relationship": "Outer","Parallel Aware": false,"Async Capable": false,"Relation Name": "nation","Alias": "nation","Startup Cost": 0.00,"Total Cost": 1.25,"Plan Rows": 25,"Plan Width": 108,"Actual Startup Time": 0.049,"Actual Total Time": 0.063,"Actual Rows": 25,"Actual Loops": 3,"Workers": []}]}]}]}]}]}]},"Planning Time": 11.933,"Triggers": [],"Execution Time": 2562.804}]
[{"Plan": {"Node Type": "Aggregate","Strategy": "Sorted","Partial Mode": "Finalize","Parallel Aware": false,"Async Capable": false,"Startup Cost": 35224.41,"Total Cost": 35237.30,"Plan Rows": 97,"Plan Width": 168,"Actual Startup Time": 2468.334,"Actual Total Time": 2614.615,"Actual Rows": 175,"Actual Loops": 1,"Group Key": ["nation.n_name", "(EXTRACT(year FROM orders.o_orderdate))"],"Plans": [{"Node Type": "Gather Merge","Parent Relationship": "Outer","Parallel Aware": false,"Async Capable": false,"Startup Cost": 35224.41,"Total Cost": 35235.05,"Plan Rows": 80,"Plan Width": 168,"Actual Startup Time": 2467.004,"Actual Total Time": 2614.239,"Actual Rows": 525,"Actual Loops": 1,"Workers Planned": 2,"Workers Launched": 2,"Plans": [{"Node Type": "Aggregate","Strategy": "Sorted","Partial Mode": "Partial","Parent Relationship": "Outer","Parallel Aware": false,"Async Capable": false,"Startup Cost": 34224.39,"Total Cost": 34225.79,"Plan Rows": 40,"Plan Width": 168,"Actual Startup Time": 2350.593,"Actual Total Time": 2488.300,"Actual Rows": 175,"Actual Loops": 3,"Group Key": ["nation.n_name", "(EXTRACT(year FROM orders.o_orderdate))"],"Workers": [],"Plans": [{"Node Type": "Sort","Parent Relationship": "Outer","Parallel Aware": false,"Async Capable": false,"Startup Cost": 34224.39,"Total Cost": 34224.49,"Plan Rows": 40,"Plan Width": 159,"Actual Startup Time": 2349.936,"Actual Total Time": 2400.414,"Actual Rows": 109238,"Actual Loops": 3,"Sort Key": ["nation.n_name", "(EXTRACT(year FROM orders.o_orderdate)) DESC"],"Sort Method": "quicksort","Sort Space Used": 14698,"Sort Space Type": "Memory","Workers": [{"Worker Number": 0,"Sort Method": "quicksort","Sort Space Used": 13564,"Sort Space Type": "Memory"},{"Worker Number": 1,"Sort Method": "quicksort","Sort Space Used": 13587,"Sort Space Type": "Memory"}],"Plans": [{"Node Type": "Hash Join","Parent Relationship": "Outer","Parallel Aware": false,"Async Capable": false,"Join Type": "Inner","Startup Cost": 3.13,"Total Cost": 34223.32,"Plan Rows": 40,"Plan Width": 159,"Actual Startup Time": 0.710,"Actual Total Time": 2199.303,"Actual Rows": 109238,"Actual Loops": 3,"Inner Unique": true,"Hash Cond": "(supplier.s_nationkey = nation.n_nationkey)","Workers": [],"Plans": [{"Node Type": "Nested Loop","Parent Relationship": "Outer","Parallel Aware": false,"Async Capable": false,"Join Type": "Inner","Startup Cost": 1.57,"Total Cost": 34221.53,"Plan Rows": 40,"Plan Width": 31,"Actual Startup Time": 0.515,"Actual Total Time": 2168.211,"Actual Rows": 109238,"Actual Loops": 3,"Inner Unique": true,"Workers": [],"Plans": [{"Node Type": "Nested Loop","Parent Relationship": "Outer","Parallel Aware": false,"Async Capable": false,"Join Type": "Inner","Startup Cost": 1.14,"Total Cost": 34202.93,"Plan Rows": 40,"Plan Width": 31,"Actual Startup Time": 0.366,"Actual Total Time": 1011.087,"Actual Rows": 109238,"Actual Loops": 3,"Inner Unique": true,"Workers": [],"Plans": [{"Node Type": "Nested Loop","Parent Relationship": "Outer","Parallel Aware": false,"Async Capable": false,"Join Type": "Inner","Startup Cost": 0.86,"Total Cost": 34190.82,"Plan Rows": 40,"Plan Width": 35,"Actual Startup Time": 0.280,"Actual Total Time": 824.347,"Actual Rows": 109238,"Actual Loops": 3,"Inner Unique": false,"Workers": [],"Plans": [{"Node Type": "Nested Loop","Parent Relationship": "Outer","Parallel Aware": false,"Async Capable": false,"Join Type": "Inner","Startup Cost": 0.42,"Total Cost": 19885.25,"Plan Rows": 13468,"Plan Width": 18,"Actual Startup Time": 0.177,"Actual Total Time": 115.126,"Actual Rows": 14568,"Actual Loops": 3,"Inner Unique": false,"Workers": [],"Plans": [{"Node Type": "Seq Scan","Parent Relationship": "Outer","Parallel Aware": true,"Async Capable": false,"Relation Name": "part","Alias": "part","Startup Cost": 0.00,"Total Cost": 5138.67,"Plan Rows": 3367,"Plan Width": 4,"Actual Startup Time": 0.049,"Actual Total Time": 48.508,"Actual Rows": 3642,"Actual Loops": 3,"Filter": "((p_name)::text ~~ '%purple%'::text)","Rows Removed by Filter": 63025,"Workers": []},{"Node Type": "Index Scan","Parent Relationship": "Inner","Parallel Aware": false,"Async Capable": false,"Scan Direction": "Forward","Index Name": "idx_partsupp_partkey","Relation Name": "partsupp","Alias": "partsupp","Startup Cost": 0.42,"Total Cost": 4.34,"Plan Rows": 4,"Plan Width": 14,"Actual Startup Time": 0.014,"Actual Total Time": 0.018,"Actual Rows": 4,"Actual Loops": 10926,"Index Cond": "(ps_partkey = part.p_partkey)","Rows Removed by Index Recheck": 0,"Workers": []}]},{"Node Type": "Index Scan","Parent Relationship": "Inner","Parallel Aware": false,"Async Capable": false,"Scan Direction": "Forward","Index Name": "idx_lineitem_part_supp","Relation Name": "lineitem","Alias": "lineitem","Startup Cost": 0.43,"Total Cost": 1.05,"Plan Rows": 1,"Plan Width": 29,"Actual Startup Time": 0.007,"Actual Total Time": 0.047,"Actual Rows": 7,"Actual Loops": 43704,"Index Cond": "((l_partkey = partsupp.ps_partkey) AND (l_suppkey = partsupp.ps_suppkey))","Rows Removed by Index Recheck": 0,"Workers": []}]},{"Node Type": "Index Scan","Parent Relationship": "Inner","Parallel Aware": false,"Async Capable": false,"Scan Direction": "Forward","Index Name": "supplier_pkey","Relation Name": "supplier","Alias": "supplier","Startup Cost": 0.29,"Total Cost": 0.30,"Plan Rows": 1,"Plan Width": 8,"Actual Startup Time": 0.001,"Actual Total Time": 0.001,"Actual Rows": 1,"Actual Loops": 327714,"Index Cond": "(s_suppkey = lineitem.l_suppkey)","Rows Removed by Index Recheck": 0,"Workers": []}]},{"Node Type": "Index Scan","Parent Relationship": "Inner","Parallel Aware": false,"Async Capable": false,"Scan Direction": "Forward","Index Name": "orders_pkey","Relation Name": "orders","Alias": "orders","Startup Cost": 0.43,"Total Cost": 0.47,"Plan Rows": 1,"Plan Width": 8,"Actual Startup Time": 0.010,"Actual Total Time": 0.010,"Actual Rows": 1,"Actual Loops": 327714,"Index Cond": "(o_orderkey = lineitem.l_orderkey)","Rows Removed by Index Recheck": 0,"Workers": []}]},{"Node Type": "Hash","Parent Relationship": "Inner","Parallel Aware": false,"Async Capable": false,"Startup Cost": 1.25,"Total Cost": 1.25,"Plan Rows": 25,"Plan Width": 108,"Actual Startup Time": 0.085,"Actual Total Time": 0.094,"Actual Rows": 25,"Actual Loops": 3,"Hash Buckets": 1024,"Original Hash Buckets": 1024,"Hash Batches": 1,"Original Hash Batches": 1,"Peak Memory Usage": 10,"Workers": [],"Plans": [{"Node Type": "Seq Scan","Parent Relationship": "Outer","Parallel Aware": false,"Async Capable": false,"Relation Name": "nation","Alias": "nation","Startup Cost": 0.00,"Total Cost": 1.25,"Plan Rows": 25,"Plan Width": 108,"Actual Startup Time": 0.054,"Actual Total Time": 0.060,"Actual Rows": 25,"Actual Loops": 3,"Workers": []}]}]}]}]}]}]},"Planning Time": 11.747,"Triggers": [],"Execution Time": 2615.991}]
[{"Plan": {"Node Type": "Aggregate","Strategy": "Sorted","Partial Mode": "Finalize","Parallel Aware": false,"Async Capable": false,"Startup Cost": 35224.41,"Total Cost": 35237.30,"Plan Rows": 97,"Plan Width": 168,"Actual Startup Time": 2423.249,"Actual Total Time": 2515.192,"Actual Rows": 175,"Actual Loops": 1,"Group Key": ["nation.n_name", "(EXTRACT(year FROM orders.o_orderdate))"],"Plans": [{"Node Type": "Gather Merge","Parent Relationship": "Outer","Parallel Aware": false,"Async Capable": false,"Startup Cost": 35224.41,"Total Cost": 35235.05,"Plan Rows": 80,"Plan Width": 168,"Actual Startup Time": 2422.043,"Actual Total Time": 2514.833,"Actual Rows": 525,"Actual Loops": 1,"Workers Planned": 2,"Workers Launched": 2,"Plans": [{"Node Type": "Aggregate","Strategy": "Sorted","Partial Mode": "Partial","Parent Relationship": "Outer","Parallel Aware": false,"Async Capable": false,"Startup Cost": 34224.39,"Total Cost": 34225.79,"Plan Rows": 40,"Plan Width": 168,"Actual Startup Time": 2309.712,"Actual Total Time": 2427.242,"Actual Rows": 175,"Actual Loops": 3,"Group Key": ["nation.n_name", "(EXTRACT(year FROM orders.o_orderdate))"],"Workers": [],"Plans": [{"Node Type": "Sort","Parent Relationship": "Outer","Parallel Aware": false,"Async Capable": false,"Startup Cost": 34224.39,"Total Cost": 34224.49,"Plan Rows": 40,"Plan Width": 159,"Actual Startup Time": 2309.075,"Actual Total Time": 2348.152,"Actual Rows": 107534,"Actual Loops": 3,"Sort Key": ["nation.n_name", "(EXTRACT(year FROM orders.o_orderdate)) DESC"],"Sort Method": "quicksort","Sort Space Used": 14516,"Sort Space Type": "Memory","Workers": [{"Worker Number": 0,"Sort Method": "quicksort","Sort Space Used": 13430,"Sort Space Type": "Memory"},{"Worker Number": 1,"Sort Method": "quicksort","Sort Space Used": 13394,"Sort Space Type": "Memory"}],"Plans": [{"Node Type": "Hash Join","Parent Relationship": "Outer","Parallel Aware": false,"Async Capable": false,"Join Type": "Inner","Startup Cost": 3.13,"Total Cost": 34223.32,"Plan Rows": 40,"Plan Width": 159,"Actual Startup Time": 0.599,"Actual Total Time": 2164.320,"Actual Rows": 107534,"Actual Loops": 3,"Inner Unique": true,"Hash Cond": "(supplier.s_nationkey = nation.n_nationkey)","Workers": [],"Plans": [{"Node Type": "Nested Loop","Parent Relationship": "Outer","Parallel Aware": false,"Async Capable": false,"Join Type": "Inner","Startup Cost": 1.57,"Total Cost": 34221.53,"Plan Rows": 40,"Plan Width": 31,"Actual Startup Time": 0.448,"Actual Total Time": 2133.517,"Actual Rows": 107534,"Actual Loops": 3,"Inner Unique": true,"Workers": [],"Plans": [{"Node Type": "Nested Loop","Parent Relationship": "Outer","Parallel Aware": false,"Async Capable": false,"Join Type": "Inner","Startup Cost": 1.14,"Total Cost": 34202.93,"Plan Rows": 40,"Plan Width": 31,"Actual Startup Time": 0.343,"Actual Total Time": 995.000,"Actual Rows": 107534,"Actual Loops": 3,"Inner Unique": true,"Workers": [],"Plans": [{"Node Type": "Nested Loop","Parent Relationship": "Outer","Parallel Aware": false,"Async Capable": false,"Join Type": "Inner","Startup Cost": 0.86,"Total Cost": 34190.82,"Plan Rows": 40,"Plan Width": 35,"Actual Startup Time": 0.249,"Actual Total Time": 811.484,"Actual Rows": 107534,"Actual Loops": 3,"Inner Unique": false,"Workers": [],"Plans": [{"Node Type": "Nested Loop","Parent Relationship": "Outer","Parallel Aware": false,"Async Capable": false,"Join Type": "Inner","Startup Cost": 0.42,"Total Cost": 19885.25,"Plan Rows": 13468,"Plan Width": 18,"Actual Startup Time": 0.160,"Actual Total Time": 113.812,"Actual Rows": 14291,"Actual Loops": 3,"Inner Unique": false,"Workers": [],"Plans": [{"Node Type": "Seq Scan","Parent Relationship": "Outer","Parallel Aware": true,"Async Capable": false,"Relation Name": "part","Alias": "part","Startup Cost": 0.00,"Total Cost": 5138.67,"Plan Rows": 3367,"Plan Width": 4,"Actual Startup Time": 0.050,"Actual Total Time": 48.849,"Actual Rows": 3573,"Actual Loops": 3,"Filter": "((p_name)::text ~~ '%metallic%'::text)","Rows Removed by Filter": 63094,"Workers": []},{"Node Type": "Index Scan","Parent Relationship": "Inner","Parallel Aware": false,"Async Capable": false,"Scan Direction": "Forward","Index Name": "idx_partsupp_partkey","Relation Name": "partsupp","Alias": "partsupp","Startup Cost": 0.42,"Total Cost": 4.34,"Plan Rows": 4,"Plan Width": 14,"Actual Startup Time": 0.014,"Actual Total Time": 0.017,"Actual Rows": 4,"Actual Loops": 10718,"Index Cond": "(ps_partkey = part.p_partkey)","Rows Removed by Index Recheck": 0,"Workers": []}]},{"Node Type": "Index Scan","Parent Relationship": "Inner","Parallel Aware": false,"Async Capable": false,"Scan Direction": "Forward","Index Name": "idx_lineitem_part_supp","Relation Name": "lineitem","Alias": "lineitem","Startup Cost": 0.43,"Total Cost": 1.05,"Plan Rows": 1,"Plan Width": 29,"Actual Startup Time": 0.007,"Actual Total Time": 0.047,"Actual Rows": 8,"Actual Loops": 42872,"Index Cond": "((l_partkey = partsupp.ps_partkey) AND (l_suppkey = partsupp.ps_suppkey))","Rows Removed by Index Recheck": 0,"Workers": []}]},{"Node Type": "Index Scan","Parent Relationship": "Inner","Parallel Aware": false,"Async Capable": false,"Scan Direction": "Forward","Index Name": "supplier_pkey","Relation Name": "supplier","Alias": "supplier","Startup Cost": 0.29,"Total Cost": 0.30,"Plan Rows": 1,"Plan Width": 8,"Actual Startup Time": 0.001,"Actual Total Time": 0.001,"Actual Rows": 1,"Actual Loops": 322603,"Index Cond": "(s_suppkey = lineitem.l_suppkey)","Rows Removed by Index Recheck": 0,"Workers": []}]},{"Node Type": "Index Scan","Parent Relationship": "Inner","Parallel Aware": false,"Async Capable": false,"Scan Direction": "Forward","Index Name": "orders_pkey","Relation Name": "orders","Alias": "orders","Startup Cost": 0.43,"Total Cost": 0.47,"Plan Rows": 1,"Plan Width": 8,"Actual Startup Time": 0.010,"Actual Total Time": 0.010,"Actual Rows": 1,"Actual Loops": 322603,"Index Cond": "(o_orderkey = lineitem.l_orderkey)","Rows Removed by Index Recheck": 0,"Workers": []}]},{"Node Type": "Hash","Parent Relationship": "Inner","Parallel Aware": false,"Async Capable": false,"Startup Cost": 1.25,"Total Cost": 1.25,"Plan Rows": 25,"Plan Width": 108,"Actual Startup Time": 0.058,"Actual Total Time": 0.069,"Actual Rows": 25,"Actual Loops": 3,"Hash Buckets": 1024,"Original Hash Buckets": 1024,"Hash Batches": 1,"Original Hash Batches": 1,"Peak Memory Usage": 10,"Workers": [],"Plans": [{"Node Type": "Seq Scan","Parent Relationship": "Outer","Parallel Aware": false,"Async Capable": false,"Relation Name": "nation","Alias": "nation","Startup Cost": 0.00,"Total Cost": 1.25,"Plan Rows": 25,"Plan Width": 108,"Actual Startup Time": 0.034,"Actual Total Time": 0.039,"Actual Rows": 25,"Actual Loops": 3,"Workers": []}]}]}]}]}]}]},"Planning Time": 11.896,"Triggers": [],"Execution Time": 2518.140}]
[{"Plan": {"Node Type": "Aggregate","Strategy": "Sorted","Partial Mode": "Finalize","Parallel Aware": false,"Async Capable": false,"Startup Cost": 51920.12,"Total Cost": 51953.05,"Plan Rows": 219,"Plan Width": 168,"Actual Startup Time": 1736.886,"Actual Total Time": 1886.803,"Actual Rows": 175,"Actual Loops": 1,"Group Key": ["nation.n_name", "(EXTRACT(year FROM orders.o_orderdate))"],"Plans": [{"Node Type": "Gather Merge","Parent Relationship": "Outer","Parallel Aware": false,"Async Capable": false,"Startup Cost": 51920.12,"Total Cost": 51947.63,"Plan Rows": 213,"Plan Width": 168,"Actual Startup Time": 1734.752,"Actual Total Time": 1886.193,"Actual Rows": 700,"Actual Loops": 1,"Workers Planned": 3,"Workers Launched": 3,"Plans": [{"Node Type": "Aggregate","Strategy": "Sorted","Partial Mode": "Partial","Parent Relationship": "Outer","Parallel Aware": false,"Async Capable": false,"Startup Cost": 50920.08,"Total Cost": 50922.56,"Plan Rows": 71,"Plan Width": 168,"Actual Startup Time": 1652.291,"Actual Total Time": 1749.811,"Actual Rows": 175,"Actual Loops": 4,"Group Key": ["nation.n_name", "(EXTRACT(year FROM orders.o_orderdate))"],"Workers": [],"Plans": [{"Node Type": "Sort","Parent Relationship": "Outer","Parallel Aware": false,"Async Capable": false,"Startup Cost": 50920.08,"Total Cost": 50920.26,"Plan Rows": 71,"Plan Width": 159,"Actual Startup Time": 1651.742,"Actual Total Time": 1686.315,"Actual Rows": 81570,"Actual Loops": 4,"Sort Key": ["nation.n_name", "(EXTRACT(year FROM orders.o_orderdate)) DESC"],"Sort Method": "quicksort","Sort Space Used": 11359,"Sort Space Type": "Memory","Workers": [{"Worker Number": 0,"Sort Method": "quicksort","Sort Space Used": 11284,"Sort Space Type": "Memory"},{"Worker Number": 1,"Sort Method": "quicksort","Sort Space Used": 11074,"Sort Space Type": "Memory"},{"Worker Number": 2,"Sort Method": "quicksort","Sort Space Used": 11060,"Sort Space Type": "Memory"}],"Plans": [{"Node Type": "Hash Join","Parent Relationship": "Outer","Parallel Aware": false,"Async Capable": false,"Join Type": "Inner","Startup Cost": 5236.07,"Total Cost": 50917.89,"Plan Rows": 71,"Plan Width": 159,"Actual Startup Time": 23.416,"Actual Total Time": 1550.954,"Actual Rows": 81570,"Actual Loops": 4,"Inner Unique": true,"Hash Cond": "(supplier.s_nationkey = nation.n_nationkey)","Workers": [],"Plans": [{"Node Type": "Nested Loop","Parent Relationship": "Outer","Parallel Aware": false,"Async Capable": false,"Join Type": "Inner","Startup Cost": 5234.51,"Total Cost": 50915.94,"Plan Rows": 71,"Plan Width": 31,"Actual Startup Time": 23.259,"Actual Total Time": 1527.695,"Actual Rows": 81570,"Actual Loops": 4,"Inner Unique": true,"Workers": [],"Plans": [{"Node Type": "Nested Loop","Parent Relationship": "Outer","Parallel Aware": false,"Async Capable": false,"Join Type": "Inner","Startup Cost": 5234.08,"Total Cost": 50882.91,"Plan Rows": 71,"Plan Width": 31,"Actual Startup Time": 23.189,"Actual Total Time": 798.846,"Actual Rows": 81570,"Actual Loops": 4,"Inner Unique": true,"Workers": [],"Plans": [{"Node Type": "Nested Loop","Parent Relationship": "Outer","Parallel Aware": false,"Async Capable": false,"Join Type": "Inner","Startup Cost": 5233.80,"Total Cost": 50861.42,"Plan Rows": 71,"Plan Width": 35,"Actual Startup Time": 23.135,"Actual Total Time": 661.971,"Actual Rows": 81570,"Actual Loops": 4,"Inner Unique": false,"Workers": [],"Plans": [{"Node Type": "Hash Join","Parent Relationship": "Outer","Parallel Aware": true,"Async Capable": false,"Join Type": "Inner","Startup Cost": 5233.37,"Total Cost": 25942.44,"Plan Rows": 23460,"Plan Width": 18,"Actual Startup Time": 23.069,"Actual Total Time": 203.690,"Actual Rows": 10893,"Actual Loops": 4,"Inner Unique": true,"Hash Cond": "(partsupp.ps_partkey = part.p_partkey)","Workers": [],"Plans": [{"Node Type": "Seq Scan","Parent Relationship": "Outer","Parallel Aware": true,"Async Capable": false,"Relation Name": "partsupp","Alias": "partsupp","Startup Cost": 0.00,"Total Cost": 20031.65,"Plan Rows": 258065,"Plan Width": 14,"Actual Startup Time": 0.019,"Actual Total Time": 42.732,"Actual Rows": 200000,"Actual Loops": 4,"Workers": []},{"Node Type": "Hash","Parent Relationship": "Inner","Parallel Aware": true,"Async Capable": false,"Startup Cost": 5138.67,"Total Cost": 5138.67,"Plan Rows": 7576,"Plan Width": 4,"Actual Startup Time": 22.827,"Actual Total Time": 22.842,"Actual Rows": 2723,"Actual Loops": 4,"Hash Buckets": 32768,"Original Hash Buckets": 32768,"Hash Batches": 1,"Original Hash Batches": 1,"Peak Memory Usage": 736,"Workers": [],"Plans": [{"Node Type": "Seq Scan","Parent Relationship": "Outer","Parallel Aware": true,"Async Capable": false,"Relation Name": "part","Alias": "part","Startup Cost": 0.00,"Total Cost": 5138.67,"Plan Rows": 7576,"Plan Width": 4,"Actual Startup Time": 0.046,"Actual Total Time": 21.008,"Actual Rows": 2723,"Actual Loops": 4,"Filter": "((p_name)::text ~~ '%lemon%'::text)","Rows Removed by Filter": 47277,"Workers": []}]}]},{"Node Type": "Index Scan","Parent Relationship": "Inner","Parallel Aware": false,"Async Capable": false,"Scan Direction": "Forward","Index Name": "idx_lineitem_part_supp","Relation Name": "lineitem","Alias": "lineitem","Startup Cost": 0.43,"Total Cost": 1.05,"Plan Rows": 1,"Plan Width": 29,"Actual Startup Time": 0.006,"Actual Total Time": 0.041,"Actual Rows": 7,"Actual Loops": 43572,"Index Cond": "((l_partkey = partsupp.ps_partkey) AND (l_suppkey = partsupp.ps_suppkey))","Rows Removed by Index Recheck": 0,"Workers": []}]},{"Node Type": "Index Scan","Parent Relationship": "Inner","Parallel Aware": false,"Async Capable": false,"Scan Direction": "Forward","Index Name": "supplier_pkey","Relation Name": "supplier","Alias": "supplier","Startup Cost": 0.29,"Total Cost": 0.30,"Plan Rows": 1,"Plan Width": 8,"Actual Startup Time": 0.001,"Actual Total Time": 0.001,"Actual Rows": 1,"Actual Loops": 326278,"Index Cond": "(s_suppkey = lineitem.l_suppkey)","Rows Removed by Index Recheck": 0,"Workers": []}]},{"Node Type": "Index Scan","Parent Relationship": "Inner","Parallel Aware": false,"Async Capable": false,"Scan Direction": "Forward","Index Name": "orders_pkey","Relation Name": "orders","Alias": "orders","Startup Cost": 0.43,"Total Cost": 0.47,"Plan Rows": 1,"Plan Width": 8,"Actual Startup Time": 0.009,"Actual Total Time": 0.009,"Actual Rows": 1,"Actual Loops": 326278,"Index Cond": "(o_orderkey = lineitem.l_orderkey)","Rows Removed by Index Recheck": 0,"Workers": []}]},{"Node Type": "Hash","Parent Relationship": "Inner","Parallel Aware": false,"Async Capable": false,"Startup Cost": 1.25,"Total Cost": 1.25,"Plan Rows": 25,"Plan Width": 108,"Actual Startup Time": 0.065,"Actual Total Time": 0.072,"Actual Rows": 25,"Actual Loops": 4,"Hash Buckets": 1024,"Original Hash Buckets": 1024,"Hash Batches": 1,"Original Hash Batches": 1,"Peak Memory Usage": 10,"Workers": [],"Plans": [{"Node Type": "Seq Scan","Parent Relationship": "Outer","Parallel Aware": false,"Async Capable": false,"Relation Name": "nation","Alias": "nation","Startup Cost": 0.00,"Total Cost": 1.25,"Plan Rows": 25,"Plan Width": 108,"Actual Startup Time": 0.043,"Actual Total Time": 0.049,"Actual Rows": 25,"Actual Loops": 4,"Workers": []}]}]}]}]}]}]},"Planning Time": 13.208,"Triggers": [],"Execution Time": 1890.767}]
[{"Plan": {"Node Type": "Aggregate","Strategy": "Sorted","Partial Mode": "Finalize","Parallel Aware": false,"Async Capable": false,"Startup Cost": 47355.08,"Total Cost": 47374.71,"Plan Rows": 146,"Plan Width": 168,"Actual Startup Time": 2415.786,"Actual Total Time": 2534.768,"Actual Rows": 175,"Actual Loops": 1,"Group Key": ["nation.n_name", "(EXTRACT(year FROM orders.o_orderdate))"],"Plans": [{"Node Type": "Gather Merge","Parent Relationship": "Outer","Parallel Aware": false,"Async Capable": false,"Startup Cost": 47355.08,"Total Cost": 47371.30,"Plan Rows": 122,"Plan Width": 168,"Actual Startup Time": 2414.157,"Actual Total Time": 2534.359,"Actual Rows": 525,"Actual Loops": 1,"Workers Planned": 2,"Workers Launched": 2,"Plans": [{"Node Type": "Aggregate","Strategy": "Sorted","Partial Mode": "Partial","Parent Relationship": "Outer","Parallel Aware": false,"Async Capable": false,"Startup Cost": 46355.06,"Total Cost": 46357.20,"Plan Rows": 61,"Plan Width": 168,"Actual Startup Time": 2297.371,"Actual Total Time": 2422.591,"Actual Rows": 175,"Actual Loops": 3,"Group Key": ["nation.n_name", "(EXTRACT(year FROM orders.o_orderdate))"],"Workers": [],"Plans": [{"Node Type": "Sort","Parent Relationship": "Outer","Parallel Aware": false,"Async Capable": false,"Startup Cost": 46355.06,"Total Cost": 46355.21,"Plan Rows": 61,"Plan Width": 159,"Actual Startup Time": 2296.734,"Actual Total Time": 2338.671,"Actual Rows": 108616,"Actual Loops": 3,"Sort Key": ["nation.n_name", "(EXTRACT(year FROM orders.o_orderdate)) DESC"],"Sort Method": "quicksort","Sort Space Used": 13538,"Sort Space Type": "Memory","Workers": [{"Worker Number": 0,"Sort Method": "quicksort","Sort Space Used": 13960,"Sort Space Type": "Memory"},{"Worker Number": 1,"Sort Method": "quicksort","Sort Space Used": 14163,"Sort Space Type": "Memory"}],"Plans": [{"Node Type": "Hash Join","Parent Relationship": "Outer","Parallel Aware": false,"Async Capable": false,"Join Type": "Inner","Startup Cost": 3.13,"Total Cost": 46353.25,"Plan Rows": 61,"Plan Width": 159,"Actual Startup Time": 0.781,"Actual Total Time": 2145.248,"Actual Rows": 108616,"Actual Loops": 3,"Inner Unique": true,"Hash Cond": "(supplier.s_nationkey = nation.n_nationkey)","Workers": [],"Plans": [{"Node Type": "Nested Loop","Parent Relationship": "Outer","Parallel Aware": false,"Async Capable": false,"Join Type": "Inner","Startup Cost": 1.57,"Total Cost": 46351.35,"Plan Rows": 61,"Plan Width": 31,"Actual Startup Time": 0.588,"Actual Total Time": 2113.747,"Actual Rows": 108616,"Actual Loops": 3,"Inner Unique": true,"Workers": [],"Plans": [{"Node Type": "Nested Loop","Parent Relationship": "Outer","Parallel Aware": false,"Async Capable": false,"Join Type": "Inner","Startup Cost": 1.14,"Total Cost": 46322.98,"Plan Rows": 61,"Plan Width": 31,"Actual Startup Time": 0.441,"Actual Total Time": 984.535,"Actual Rows": 108616,"Actual Loops": 3,"Inner Unique": true,"Workers": [],"Plans": [{"Node Type": "Nested Loop","Parent Relationship": "Outer","Parallel Aware": false,"Async Capable": false,"Join Type": "Inner","Startup Cost": 0.86,"Total Cost": 46304.52,"Plan Rows": 61,"Plan Width": 35,"Actual Startup Time": 0.339,"Actual Total Time": 801.599,"Actual Rows": 108616,"Actual Loops": 3,"Inner Unique": false,"Workers": [],"Plans": [{"Node Type": "Nested Loop","Parent Relationship": "Outer","Parallel Aware": false,"Async Capable": false,"Join Type": "Inner","Startup Cost": 0.42,"Total Cost": 24846.16,"Plan Rows": 20202,"Plan Width": 18,"Actual Startup Time": 0.197,"Actual Total Time": 118.073,"Actual Rows": 14435,"Actual Loops": 3,"Inner Unique": false,"Workers": [],"Plans": [{"Node Type": "Seq Scan","Parent Relationship": "Outer","Parallel Aware": true,"Async Capable": false,"Relation Name": "part","Alias": "part","Startup Cost": 0.00,"Total Cost": 5138.67,"Plan Rows": 5051,"Plan Width": 4,"Actual Startup Time": 0.061,"Actual Total Time": 51.005,"Actual Rows": 3609,"Actual Loops": 3,"Filter": "((p_name)::text ~~ '%peru%'::text)","Rows Removed by Filter": 63058,"Workers": []},{"Node Type": "Index Scan","Parent Relationship": "Inner","Parallel Aware": false,"Async Capable": false,"Scan Direction": "Forward","Index Name": "idx_partsupp_partkey","Relation Name": "partsupp","Alias": "partsupp","Startup Cost": 0.42,"Total Cost": 3.86,"Plan Rows": 4,"Plan Width": 14,"Actual Startup Time": 0.014,"Actual Total Time": 0.018,"Actual Rows": 4,"Actual Loops": 10826,"Index Cond": "(ps_partkey = part.p_partkey)","Rows Removed by Index Recheck": 0,"Workers": []}]},{"Node Type": "Index Scan","Parent Relationship": "Inner","Parallel Aware": false,"Async Capable": false,"Scan Direction": "Forward","Index Name": "idx_lineitem_part_supp","Relation Name": "lineitem","Alias": "lineitem","Startup Cost": 0.43,"Total Cost": 1.05,"Plan Rows": 1,"Plan Width": 29,"Actual Startup Time": 0.007,"Actual Total Time": 0.046,"Actual Rows": 8,"Actual Loops": 43304,"Index Cond": "((l_partkey = partsupp.ps_partkey) AND (l_suppkey = partsupp.ps_suppkey))","Rows Removed by Index Recheck": 0,"Workers": []}]},{"Node Type": "Index Scan","Parent Relationship": "Inner","Parallel Aware": false,"Async Capable": false,"Scan Direction": "Forward","Index Name": "supplier_pkey","Relation Name": "supplier","Alias": "supplier","Startup Cost": 0.29,"Total Cost": 0.30,"Plan Rows": 1,"Plan Width": 8,"Actual Startup Time": 0.001,"Actual Total Time": 0.001,"Actual Rows": 1,"Actual Loops": 325847,"Index Cond": "(s_suppkey = lineitem.l_suppkey)","Rows Removed by Index Recheck": 0,"Workers": []}]},{"Node Type": "Index Scan","Parent Relationship": "Inner","Parallel Aware": false,"Async Capable": false,"Scan Direction": "Forward","Index Name": "orders_pkey","Relation Name": "orders","Alias": "orders","Startup Cost": 0.43,"Total Cost": 0.47,"Plan Rows": 1,"Plan Width": 8,"Actual Startup Time": 0.010,"Actual Total Time": 0.010,"Actual Rows": 1,"Actual Loops": 325847,"Index Cond": "(o_orderkey = lineitem.l_orderkey)","Rows Removed by Index Recheck": 0,"Workers": []}]},{"Node Type": "Hash","Parent Relationship": "Inner","Parallel Aware": false,"Async Capable": false,"Startup Cost": 1.25,"Total Cost": 1.25,"Plan Rows": 25,"Plan Width": 108,"Actual Startup Time": 0.087,"Actual Total Time": 0.096,"Actual Rows": 25,"Actual Loops": 3,"Hash Buckets": 1024,"Original Hash Buckets": 1024,"Hash Batches": 1,"Original Hash Batches": 1,"Peak Memory Usage": 10,"Workers": [],"Plans": [{"Node Type": "Seq Scan","Parent Relationship": "Outer","Parallel Aware": false,"Async Capable": false,"Relation Name": "nation","Alias": "nation","Startup Cost": 0.00,"Total Cost": 1.25,"Plan Rows": 25,"Plan Width": 108,"Actual Startup Time": 0.055,"Actual Total Time": 0.061,"Actual Rows": 25,"Actual Loops": 3,"Workers": []}]}]}]}]}]}]},"Planning Time": 12.956,"Triggers": [],"Execution Time": 2539.642}]
[{"Plan": {"Node Type": "Aggregate","Strategy": "Sorted","Partial Mode": "Finalize","Parallel Aware": false,"Async Capable": false,"Startup Cost": 41381.04,"Total Cost": 41397.45,"Plan Rows": 122,"Plan Width": 168,"Actual Startup Time": 2449.053,"Actual Total Time": 2635.568,"Actual Rows": 175,"Actual Loops": 1,"Group Key": ["nation.n_name", "(EXTRACT(year FROM orders.o_orderdate))"],"Plans": [{"Node Type": "Gather Merge","Parent Relationship": "Outer","Parallel Aware": false,"Async Capable": false,"Startup Cost": 41381.04,"Total Cost": 41394.60,"Plan Rows": 102,"Plan Width": 168,"Actual Startup Time": 2447.324,"Actual Total Time": 2635.159,"Actual Rows": 525,"Actual Loops": 1,"Workers Planned": 2,"Workers Launched": 2,"Plans": [{"Node Type": "Aggregate","Strategy": "Sorted","Partial Mode": "Partial","Parent Relationship": "Outer","Parallel Aware": false,"Async Capable": false,"Startup Cost": 40381.01,"Total Cost": 40382.80,"Plan Rows": 51,"Plan Width": 168,"Actual Startup Time": 2331.740,"Actual Total Time": 2482.748,"Actual Rows": 175,"Actual Loops": 3,"Group Key": ["nation.n_name", "(EXTRACT(year FROM orders.o_orderdate))"],"Workers": [],"Plans": [{"Node Type": "Sort","Parent Relationship": "Outer","Parallel Aware": false,"Async Capable": false,"Startup Cost": 40381.01,"Total Cost": 40381.14,"Plan Rows": 51,"Plan Width": 159,"Actual Startup Time": 2331.039,"Actual Total Time": 2387.406,"Actual Rows": 108809,"Actual Loops": 3,"Sort Key": ["nation.n_name", "(EXTRACT(year FROM orders.o_orderdate)) DESC"],"Sort Method": "quicksort","Sort Space Used": 14620,"Sort Space Type": "Memory","Workers": [{"Worker Number": 0,"Sort Method": "quicksort","Sort Space Used": 13545,"Sort Space Type": "Memory"},{"Worker Number": 1,"Sort Method": "quicksort","Sort Space Used": 13555,"Sort Space Type": "Memory"}],"Plans": [{"Node Type": "Hash Join","Parent Relationship": "Outer","Parallel Aware": false,"Async Capable": false,"Join Type": "Inner","Startup Cost": 3.13,"Total Cost": 40379.57,"Plan Rows": 51,"Plan Width": 159,"Actual Startup Time": 0.737,"Actual Total Time": 2187.041,"Actual Rows": 108809,"Actual Loops": 3,"Inner Unique": true,"Hash Cond": "(supplier.s_nationkey = nation.n_nationkey)","Workers": [],"Plans": [{"Node Type": "Nested Loop","Parent Relationship": "Outer","Parallel Aware": false,"Async Capable": false,"Join Type": "Inner","Startup Cost": 1.57,"Total Cost": 40377.72,"Plan Rows": 51,"Plan Width": 31,"Actual Startup Time": 0.552,"Actual Total Time": 2155.488,"Actual Rows": 108809,"Actual Loops": 3,"Inner Unique": true,"Workers": [],"Plans": [{"Node Type": "Nested Loop","Parent Relationship": "Outer","Parallel Aware": false,"Async Capable": false,"Join Type": "Inner","Startup Cost": 1.14,"Total Cost": 40354.00,"Plan Rows": 51,"Plan Width": 31,"Actual Startup Time": 0.419,"Actual Total Time": 1005.505,"Actual Rows": 108809,"Actual Loops": 3,"Inner Unique": true,"Workers": [],"Plans": [{"Node Type": "Nested Loop","Parent Relationship": "Outer","Parallel Aware": false,"Async Capable": false,"Join Type": "Inner","Startup Cost": 0.86,"Total Cost": 40338.56,"Plan Rows": 51,"Plan Width": 35,"Actual Startup Time": 0.336,"Actual Total Time": 819.466,"Actual Rows": 108809,"Actual Loops": 3,"Inner Unique": false,"Workers": [],"Plans": [{"Node Type": "Nested Loop","Parent Relationship": "Outer","Parallel Aware": false,"Async Capable": false,"Join Type": "Inner","Startup Cost": 0.42,"Total Cost": 22456.59,"Plan Rows": 16835,"Plan Width": 18,"Actual Startup Time": 0.212,"Actual Total Time": 113.652,"Actual Rows": 14564,"Actual Loops": 3,"Inner Unique": false,"Workers": [],"Plans": [{"Node Type": "Seq Scan","Parent Relationship": "Outer","Parallel Aware": true,"Async Capable": false,"Relation Name": "part","Alias": "part","Startup Cost": 0.00,"Total Cost": 5138.67,"Plan Rows": 4209,"Plan Width": 4,"Actual Startup Time": 0.070,"Actual Total Time": 47.906,"Actual Rows": 3641,"Actual Loops": 3,"Filter": "((p_name)::text ~~ '%violet%'::text)","Rows Removed by Filter": 63026,"Workers": []},{"Node Type": "Index Scan","Parent Relationship": "Inner","Parallel Aware": false,"Async Capable": false,"Scan Direction": "Forward","Index Name": "idx_partsupp_partkey","Relation Name": "partsupp","Alias": "partsupp","Startup Cost": 0.42,"Total Cost": 4.07,"Plan Rows": 4,"Plan Width": 14,"Actual Startup Time": 0.013,"Actual Total Time": 0.017,"Actual Rows": 4,"Actual Loops": 10923,"Index Cond": "(ps_partkey = part.p_partkey)","Rows Removed by Index Recheck": 0,"Workers": []}]},{"Node Type": "Index Scan","Parent Relationship": "Inner","Parallel Aware": false,"Async Capable": false,"Scan Direction": "Forward","Index Name": "idx_lineitem_part_supp","Relation Name": "lineitem","Alias": "lineitem","Startup Cost": 0.43,"Total Cost": 1.05,"Plan Rows": 1,"Plan Width": 29,"Actual Startup Time": 0.007,"Actual Total Time": 0.047,"Actual Rows": 7,"Actual Loops": 43692,"Index Cond": "((l_partkey = partsupp.ps_partkey) AND (l_suppkey = partsupp.ps_suppkey))","Rows Removed by Index Recheck": 0,"Workers": []}]},{"Node Type": "Index Scan","Parent Relationship": "Inner","Parallel Aware": false,"Async Capable": false,"Scan Direction": "Forward","Index Name": "supplier_pkey","Relation Name": "supplier","Alias": "supplier","Startup Cost": 0.29,"Total Cost": 0.30,"Plan Rows": 1,"Plan Width": 8,"Actual Startup Time": 0.001,"Actual Total Time": 0.001,"Actual Rows": 1,"Actual Loops": 326428,"Index Cond": "(s_suppkey = lineitem.l_suppkey)","Rows Removed by Index Recheck": 0,"Workers": []}]},{"Node Type": "Index Scan","Parent Relationship": "Inner","Parallel Aware": false,"Async Capable": false,"Scan Direction": "Forward","Index Name": "orders_pkey","Relation Name": "orders","Alias": "orders","Startup Cost": 0.43,"Total Cost": 0.47,"Plan Rows": 1,"Plan Width": 8,"Actual Startup Time": 0.010,"Actual Total Time": 0.010,"Actual Rows": 1,"Actual Loops": 326428,"Index Cond": "(o_orderkey = lineitem.l_orderkey)","Rows Removed by Index Recheck": 0,"Workers": []}]},{"Node Type": "Hash","Parent Relationship": "Inner","Parallel Aware": false,"Async Capable": false,"Startup Cost": 1.25,"Total Cost": 1.25,"Plan Rows": 25,"Plan Width": 108,"Actual Startup Time": 0.086,"Actual Total Time": 0.097,"Actual Rows": 25,"Actual Loops": 3,"Hash Buckets": 1024,"Original Hash Buckets": 1024,"Hash Batches": 1,"Original Hash Batches": 1,"Peak Memory Usage": 10,"Workers": [],"Plans": [{"Node Type": "Seq Scan","Parent Relationship": "Outer","Parallel Aware": false,"Async Capable": false,"Relation Name": "nation","Alias": "nation","Startup Cost": 0.00,"Total Cost": 1.25,"Plan Rows": 25,"Plan Width": 108,"Actual Startup Time": 0.055,"Actual Total Time": 0.061,"Actual Rows": 25,"Actual Loops": 3,"Workers": []}]}]}]}]}]}]},"Planning Time": 11.985,"Triggers": [],"Execution Time": 2638.417}]
