[{"Plan": {"Node Type": "Aggregate","Strategy": "Plain","Partial Mode": "Finalize","Parallel Aware": false,"Async Capable": false,"Startup Cost": 113981.89,"Total Cost": 113981.91,"Plan Rows": 1,"Plan Width": 32,"Actual Startup Time": 197.174,"Actual Total Time": 213.438,"Actual Rows": 1,"Actual Loops": 1,"Plans": [{"Node Type": "Gather","Parent Relationship": "Outer","Parallel Aware": false,"Async Capable": false,"Startup Cost": 113981.44,"Total Cost": 113981.85,"Plan Rows": 4,"Plan Width": 64,"Actual Startup Time": 195.686,"Actual Total Time": 213.400,"Actual Rows": 5,"Actual Loops": 1,"Workers Planned": 4,"Workers Launched": 4,"Single Copy": false,"Plans": [{"Node Type": "Aggregate","Strategy": "Plain","Partial Mode": "Partial","Parent Relationship": "Outer","Parallel Aware": false,"Async Capable": false,"Startup Cost": 112981.44,"Total Cost": 112981.45,"Plan Rows": 1,"Plan Width": 64,"Actual Startup Time": 187.932,"Actual Total Time": 187.944,"Actual Rows": 1,"Actual Loops": 5,"Workers": [],"Plans": [{"Node Type": "Hash Join","Parent Relationship": "Outer","Parallel Aware": true,"Async Capable": false,"Join Type": "Inner","Startup Cost": 7835.95,"Total Cost": 112664.07,"Plan Rows": 18135,"Plan Width": 33,"Actual Startup Time": 63.652,"Actual Total Time": 181.847,"Actual Rows": 15463,"Actual Loops": 5,"Inner Unique": true,"Hash Cond": "(lineitem.l_partkey = part.p_partkey)","Workers": [],"Plans": [{"Node Type": "Bitmap Heap Scan","Parent Relationship": "Outer","Parallel Aware": true,"Async Capable": false,"Relation Name": "lineitem","Alias": "lineitem","Startup Cost": 1863.96,"Total Cost": 106644.47,"Plan Rows": 18135,"Plan Width": 16,"Actual Startup Time": 23.262,"Actual Total Time": 111.502,"Actual Rows": 15463,"Actual Loops": 5,"Recheck Cond": "((l_shipdate >= '1993-12-01'::date) AND (l_shipdate < '1994-01-01 00:00:00'::timestamp without time zone))","Rows Removed by Index Recheck": 0,"Exact Heap Blocks": 8224,"Lossy Heap Blocks": 0,"Workers": [],"Plans": [{"Node Type": "Bitmap Index Scan","Parent Relationship": "Outer","Parallel Aware": false,"Async Capable": false,"Index Name": "idx_lineitem_shipdate","Startup Cost": 0.00,"Total Cost": 1845.82,"Plan Rows": 72539,"Plan Width": 0,"Actual Startup Time": 16.967,"Actual Total Time": 16.973,"Actual Rows": 77313,"Actual Loops": 1,"Index Cond": "((l_shipdate >= '1993-12-01'::date) AND (l_shipdate < '1994-01-01 00:00:00'::timestamp without time zone))","Workers": []}]},{"Node Type": "Hash","Parent Relationship": "Inner","Parallel Aware": true,"Async Capable": false,"Startup Cost": 4930.33,"Total Cost": 4930.33,"Plan Rows": 83333,"Plan Width": 25,"Actual Startup Time": 39.572,"Actual Total Time": 39.575,"Actual Rows": 40000,"Actual Loops": 5,"Hash Buckets": 262144,"Original Hash Buckets": 262144,"Hash Batches": 1,"Original Hash Batches": 1,"Peak Memory Usage": 14208,"Workers": [],"Plans": [{"Node Type": "Seq Scan","Parent Relationship": "Outer","Parallel Aware": true,"Async Capable": false,"Relation Name": "part","Alias": "part","Startup Cost": 0.00,"Total Cost": 4930.33,"Plan Rows": 83333,"Plan Width": 25,"Actual Startup Time": 0.049,"Actual Total Time": 17.416,"Actual Rows": 40000,"Actual Loops": 5,"Workers": []}]}]}]}]}]},"Planning Time": 4.239,"Triggers": [],"Execution Time": 213.703}]
[{"Plan": {"Node Type": "Aggregate","Strategy": "Plain","Partial Mode": "Finalize","Parallel Aware": false,"Async Capable": false,"Startup Cost": 116135.64,"Total Cost": 116135.65,"Plan Rows": 1,"Plan Width": 32,"Actual Startup Time": 195.995,"Actual Total Time": 214.059,"Actual Rows": 1,"Actual Loops": 1,"Plans": [{"Node Type": "Gather","Parent Relationship": "Outer","Parallel Aware": false,"Async Capable": false,"Startup Cost": 116135.18,"Total Cost": 116135.59,"Plan Rows": 4,"Plan Width": 64,"Actual Startup Time": 194.581,"Actual Total Time": 214.025,"Actual Rows": 5,"Actual Loops": 1,"Workers Planned": 4,"Workers Launched": 4,"Single Copy": false,"Plans": [{"Node Type": "Aggregate","Strategy": "Plain","Partial Mode": "Partial","Parent Relationship": "Outer","Parallel Aware": false,"Async Capable": false,"Startup Cost": 115135.18,"Total Cost": 115135.19,"Plan Rows": 1,"Plan Width": 64,"Actual Startup Time": 187.052,"Actual Total Time": 187.062,"Actual Rows": 1,"Actual Loops": 5,"Workers": [],"Plans": [{"Node Type": "Hash Join","Parent Relationship": "Outer","Parallel Aware": true,"Async Capable": false,"Join Type": "Inner","Startup Cost": 7948.21,"Total Cost": 114798.93,"Plan Rows": 19214,"Plan Width": 33,"Actual Startup Time": 59.823,"Actual Total Time": 180.842,"Actual Rows": 15427,"Actual Loops": 5,"Inner Unique": true,"Hash Cond": "(lineitem.l_partkey = part.p_partkey)","Workers": [],"Plans": [{"Node Type": "Bitmap Heap Scan","Parent Relationship": "Outer","Parallel Aware": true,"Async Capable": false,"Relation Name": "lineitem","Alias": "lineitem","Startup Cost": 1976.22,"Total Cost": 108776.50,"Plan Rows": 19214,"Plan Width": 16,"Actual Startup Time": 22.994,"Actual Total Time": 113.362,"Actual Rows": 15427,"Actual Loops": 5,"Recheck Cond": "((l_shipdate >= '1996-01-01'::date) AND (l_shipdate < '1996-02-01 00:00:00'::timestamp without time zone))","Rows Removed by Index Recheck": 0,"Exact Heap Blocks": 7617,"Lossy Heap Blocks": 0,"Workers": [],"Plans": [{"Node Type": "Bitmap Index Scan","Parent Relationship": "Outer","Parallel Aware": false,"Async Capable": false,"Index Name": "idx_lineitem_shipdate","Startup Cost": 0.00,"Total Cost": 1957.00,"Plan Rows": 76857,"Plan Width": 0,"Actual Startup Time": 16.699,"Actual Total Time": 16.700,"Actual Rows": 77136,"Actual Loops": 1,"Index Cond": "((l_shipdate >= '1996-01-01'::date) AND (l_shipdate < '1996-02-01 00:00:00'::timestamp without time zone))","Workers": []}]},{"Node Type": "Hash","Parent Relationship": "Inner","Parallel Aware": true,"Async Capable": false,"Startup Cost": 4930.33,"Total Cost": 4930.33,"Plan Rows": 83333,"Plan Width": 25,"Actual Startup Time": 36.068,"Actual Total Time": 36.071,"Actual Rows": 40000,"Actual Loops": 5,"Hash Buckets": 262144,"Original Hash Buckets": 262144,"Hash Batches": 1,"Original Hash Batches": 1,"Peak Memory Usage": 14208,"Workers": [],"Plans": [{"Node Type": "Seq Scan","Parent Relationship": "Outer","Parallel Aware": true,"Async Capable": false,"Relation Name": "part","Alias": "part","Startup Cost": 0.00,"Total Cost": 4930.33,"Plan Rows": 83333,"Plan Width": 25,"Actual Startup Time": 0.038,"Actual Total Time": 16.692,"Actual Rows": 40000,"Actual Loops": 5,"Workers": []}]}]}]}]}]},"Planning Time": 4.110,"Triggers": [],"Execution Time": 214.344}]
[{"Plan": {"Node Type": "Aggregate","Strategy": "Plain","Partial Mode": "Finalize","Parallel Aware": false,"Async Capable": false,"Startup Cost": 113868.95,"Total Cost": 113868.96,"Plan Rows": 1,"Plan Width": 32,"Actual Startup Time": 192.024,"Actual Total Time": 209.364,"Actual Rows": 1,"Actual Loops": 1,"Plans": [{"Node Type": "Gather","Parent Relationship": "Outer","Parallel Aware": false,"Async Capable": false,"Startup Cost": 113868.49,"Total Cost": 113868.90,"Plan Rows": 4,"Plan Width": 64,"Actual Startup Time": 190.470,"Actual Total Time": 209.317,"Actual Rows": 5,"Actual Loops": 1,"Workers Planned": 4,"Workers Launched": 4,"Single Copy": false,"Plans": [{"Node Type": "Aggregate","Strategy": "Plain","Partial Mode": "Partial","Parent Relationship": "Outer","Parallel Aware": false,"Async Capable": false,"Startup Cost": 112868.49,"Total Cost": 112868.50,"Plan Rows": 1,"Plan Width": 64,"Actual Startup Time": 182.800,"Actual Total Time": 182.811,"Actual Rows": 1,"Actual Loops": 5,"Workers": [],"Plans": [{"Node Type": "Hash Join","Parent Relationship": "Outer","Parallel Aware": true,"Async Capable": false,"Join Type": "Inner","Startup Cost": 7829.76,"Total Cost": 112552.07,"Plan Rows": 18081,"Plan Width": 33,"Actual Startup Time": 58.101,"Actual Total Time": 176.684,"Actual Rows": 14907,"Actual Loops": 5,"Inner Unique": true,"Hash Cond": "(lineitem.l_partkey = part.p_partkey)","Workers": [],"Plans": [{"Node Type": "Bitmap Heap Scan","Parent Relationship": "Outer","Parallel Aware": true,"Async Capable": false,"Relation Name": "lineitem","Alias": "lineitem","Startup Cost": 1857.76,"Total Cost": 106532.61,"Plan Rows": 18081,"Plan Width": 16,"Actual Startup Time": 21.453,"Actual Total Time": 110.287,"Actual Rows": 14907,"Actual Loops": 5,"Recheck Cond": "((l_shipdate >= '1997-04-01'::date) AND (l_shipdate < '1997-05-01 00:00:00'::timestamp without time zone))","Rows Removed by Index Recheck": 0,"Exact Heap Blocks": 7370,"Lossy Heap Blocks": 0,"Workers": [],"Plans": [{"Node Type": "Bitmap Index Scan","Parent Relationship": "Outer","Parallel Aware": false,"Async Capable": false,"Index Name": "idx_lineitem_shipdate","Startup Cost": 0.00,"Total Cost": 1839.68,"Plan Rows": 72325,"Plan Width": 0,"Actual Startup Time": 15.340,"Actual Total Time": 15.341,"Actual Rows": 74537,"Actual Loops": 1,"Index Cond": "((l_shipdate >= '1997-04-01'::date) AND (l_shipdate < '1997-05-01 00:00:00'::timestamp without time zone))","Workers": []}]},{"Node Type": "Hash","Parent Relationship": "Inner","Parallel Aware": true,"Async Capable": false,"Startup Cost": 4930.33,"Total Cost": 4930.33,"Plan Rows": 83333,"Plan Width": 25,"Actual Startup Time": 35.881,"Actual Total Time": 35.885,"Actual Rows": 40000,"Actual Loops": 5,"Hash Buckets": 262144,"Original Hash Buckets": 262144,"Hash Batches": 1,"Original Hash Batches": 1,"Peak Memory Usage": 14176,"Workers": [],"Plans": [{"Node Type": "Seq Scan","Parent Relationship": "Outer","Parallel Aware": true,"Async Capable": false,"Relation Name": "part","Alias": "part","Startup Cost": 0.00,"Total Cost": 4930.33,"Plan Rows": 83333,"Plan Width": 25,"Actual Startup Time": 0.029,"Actual Total Time": 16.944,"Actual Rows": 40000,"Actual Loops": 5,"Workers": []}]}]}]}]}]},"Planning Time": 5.167,"Triggers": [],"Execution Time": 209.657}]
[{"Plan": {"Node Type": "Aggregate","Strategy": "Plain","Partial Mode": "Finalize","Parallel Aware": false,"Async Capable": false,"Startup Cost": 116279.97,"Total Cost": 116279.99,"Plan Rows": 1,"Plan Width": 32,"Actual Startup Time": 208.330,"Actual Total Time": 226.126,"Actual Rows": 1,"Actual Loops": 1,"Plans": [{"Node Type": "Gather","Parent Relationship": "Outer","Parallel Aware": false,"Async Capable": false,"Startup Cost": 116279.52,"Total Cost": 116279.93,"Plan Rows": 4,"Plan Width": 64,"Actual Startup Time": 206.980,"Actual Total Time": 226.083,"Actual Rows": 5,"Actual Loops": 1,"Workers Planned": 4,"Workers Launched": 4,"Single Copy": false,"Plans": [{"Node Type": "Aggregate","Strategy": "Plain","Partial Mode": "Partial","Parent Relationship": "Outer","Parallel Aware": false,"Async Capable": false,"Startup Cost": 115279.52,"Total Cost": 115279.53,"Plan Rows": 1,"Plan Width": 64,"Actual Startup Time": 199.451,"Actual Total Time": 199.462,"Actual Rows": 1,"Actual Loops": 5,"Workers": [],"Plans": [{"Node Type": "Hash Join","Parent Relationship": "Outer","Parallel Aware": true,"Async Capable": false,"Join Type": "Inner","Startup Cost": 7955.37,"Total Cost": 114941.92,"Plan Rows": 19291,"Plan Width": 33,"Actual Startup Time": 65.506,"Actual Total Time": 193.383,"Actual Rows": 14979,"Actual Loops": 5,"Inner Unique": true,"Hash Cond": "(lineitem.l_partkey = part.p_partkey)","Workers": [],"Plans": [{"Node Type": "Bitmap Heap Scan","Parent Relationship": "Outer","Parallel Aware": true,"Async Capable": false,"Relation Name": "lineitem","Alias": "lineitem","Startup Cost": 1983.37,"Total Cost": 108919.29,"Plan Rows": 19291,"Plan Width": 16,"Actual Startup Time": 28.807,"Actual Total Time": 126.686,"Actual Rows": 14979,"Actual Loops": 5,"Recheck Cond": "((l_shipdate >= '1994-11-01'::date) AND (l_shipdate < '1994-12-01 00:00:00'::timestamp without time zone))","Rows Removed by Index Recheck": 0,"Exact Heap Blocks": 8098,"Lossy Heap Blocks": 0,"Workers": [],"Plans": [{"Node Type": "Bitmap Index Scan","Parent Relationship": "Outer","Parallel Aware": false,"Async Capable": false,"Index Name": "idx_lineitem_shipdate","Startup Cost": 0.00,"Total Cost": 1964.08,"Plan Rows": 77165,"Plan Width": 0,"Actual Startup Time": 22.263,"Actual Total Time": 22.266,"Actual Rows": 74894,"Actual Loops": 1,"Index Cond": "((l_shipdate >= '1994-11-01'::date) AND (l_shipdate < '1994-12-01 00:00:00'::timestamp without time zone))","Workers": []}]},{"Node Type": "Hash","Parent Relationship": "Inner","Parallel Aware": true,"Async Capable": false,"Startup Cost": 4930.33,"Total Cost": 4930.33,"Plan Rows": 83333,"Plan Width": 25,"Actual Startup Time": 36.037,"Actual Total Time": 36.042,"Actual Rows": 40000,"Actual Loops": 5,"Hash Buckets": 262144,"Original Hash Buckets": 262144,"Hash Batches": 1,"Original Hash Batches": 1,"Peak Memory Usage": 14208,"Workers": [],"Plans": [{"Node Type": "Seq Scan","Parent Relationship": "Outer","Parallel Aware": true,"Async Capable": false,"Relation Name": "part","Alias": "part","Startup Cost": 0.00,"Total Cost": 4930.33,"Plan Rows": 83333,"Plan Width": 25,"Actual Startup Time": 0.033,"Actual Total Time": 15.614,"Actual Rows": 40000,"Actual Loops": 5,"Workers": []}]}]}]}]}]},"Planning Time": 4.356,"Triggers": [],"Execution Time": 226.431}]
[{"Plan": {"Node Type": "Aggregate","Strategy": "Plain","Partial Mode": "Finalize","Parallel Aware": false,"Async Capable": false,"Startup Cost": 113646.78,"Total Cost": 113646.79,"Plan Rows": 1,"Plan Width": 32,"Actual Startup Time": 193.479,"Actual Total Time": 211.551,"Actual Rows": 1,"Actual Loops": 1,"Plans": [{"Node Type": "Gather","Parent Relationship": "Outer","Parallel Aware": false,"Async Capable": false,"Startup Cost": 113646.32,"Total Cost": 113646.73,"Plan Rows": 4,"Plan Width": 64,"Actual Startup Time": 191.636,"Actual Total Time": 211.507,"Actual Rows": 5,"Actual Loops": 1,"Workers Planned": 4,"Workers Launched": 4,"Single Copy": false,"Plans": [{"Node Type": "Aggregate","Strategy": "Plain","Partial Mode": "Partial","Parent Relationship": "Outer","Parallel Aware": false,"Async Capable": false,"Startup Cost": 112646.32,"Total Cost": 112646.33,"Plan Rows": 1,"Plan Width": 64,"Actual Startup Time": 184.663,"Actual Total Time": 184.673,"Actual Rows": 1,"Actual Loops": 5,"Workers": [],"Plans": [{"Node Type": "Hash Join","Parent Relationship": "Outer","Parallel Aware": true,"Async Capable": false,"Join Type": "Inner","Startup Cost": 7821.42,"Total Cost": 112331.74,"Plan Rows": 17976,"Plan Width": 33,"Actual Startup Time": 63.095,"Actual Total Time": 178.751,"Actual Rows": 15412,"Actual Loops": 5,"Inner Unique": true,"Hash Cond": "(lineitem.l_partkey = part.p_partkey)","Workers": [],"Plans": [{"Node Type": "Bitmap Heap Scan","Parent Relationship": "Outer","Parallel Aware": true,"Async Capable": false,"Relation Name": "lineitem","Alias": "lineitem","Startup Cost": 1849.43,"Total Cost": 106312.56,"Plan Rows": 17976,"Plan Width": 16,"Actual Startup Time": 23.121,"Actual Total Time": 106.921,"Actual Rows": 15412,"Actual Loops": 5,"Recheck Cond": "((l_shipdate >= '1996-05-01'::date) AND (l_shipdate < '1996-06-01 00:00:00'::timestamp without time zone))","Rows Removed by Index Recheck": 0,"Exact Heap Blocks": 8126,"Lossy Heap Blocks": 0,"Workers": [],"Plans": [{"Node Type": "Bitmap Index Scan","Parent Relationship": "Outer","Parallel Aware": false,"Async Capable": false,"Index Name": "idx_lineitem_shipdate","Startup Cost": 0.00,"Total Cost": 1831.45,"Plan Rows": 71902,"Plan Width": 0,"Actual Startup Time": 16.762,"Actual Total Time": 16.763,"Actual Rows": 77062,"Actual Loops": 1,"Index Cond": "((l_shipdate >= '1996-05-01'::date) AND (l_shipdate < '1996-06-01 00:00:00'::timestamp without time zone))","Workers": []}]},{"Node Type": "Hash","Parent Relationship": "Inner","Parallel Aware": true,"Async Capable": false,"Startup Cost": 4930.33,"Total Cost": 4930.33,"Plan Rows": 83333,"Plan Width": 25,"Actual Startup Time": 39.312,"Actual Total Time": 39.315,"Actual Rows": 40000,"Actual Loops": 5,"Hash Buckets": 262144,"Original Hash Buckets": 262144,"Hash Batches": 1,"Original Hash Batches": 1,"Peak Memory Usage": 14208,"Workers": [],"Plans": [{"Node Type": "Seq Scan","Parent Relationship": "Outer","Parallel Aware": true,"Async Capable": false,"Relation Name": "part","Alias": "part","Startup Cost": 0.00,"Total Cost": 4930.33,"Plan Rows": 83333,"Plan Width": 25,"Actual Startup Time": 0.033,"Actual Total Time": 17.021,"Actual Rows": 40000,"Actual Loops": 5,"Workers": []}]}]}]}]}]},"Planning Time": 5.257,"Triggers": [],"Execution Time": 211.778}]
[{"Plan": {"Node Type": "Aggregate","Strategy": "Plain","Partial Mode": "Finalize","Parallel Aware": false,"Async Capable": false,"Startup Cost": 114988.17,"Total Cost": 114988.19,"Plan Rows": 1,"Plan Width": 32,"Actual Startup Time": 191.420,"Actual Total Time": 208.040,"Actual Rows": 1,"Actual Loops": 1,"Plans": [{"Node Type": "Gather","Parent Relationship": "Outer","Parallel Aware": false,"Async Capable": false,"Startup Cost": 114987.72,"Total Cost": 114988.13,"Plan Rows": 4,"Plan Width": 64,"Actual Startup Time": 190.087,"Actual Total Time": 207.994,"Actual Rows": 5,"Actual Loops": 1,"Workers Planned": 4,"Workers Launched": 4,"Single Copy": false,"Plans": [{"Node Type": "Aggregate","Strategy": "Plain","Partial Mode": "Partial","Parent Relationship": "Outer","Parallel Aware": false,"Async Capable": false,"Startup Cost": 113987.72,"Total Cost": 113987.73,"Plan Rows": 1,"Plan Width": 64,"Actual Startup Time": 182.433,"Actual Total Time": 182.445,"Actual Rows": 1,"Actual Loops": 5,"Workers": [],"Plans": [{"Node Type": "Hash Join","Parent Relationship": "Outer","Parallel Aware": true,"Async Capable": false,"Join Type": "Inner","Startup Cost": 7888.03,"Total Cost": 113661.79,"Plan Rows": 18624,"Plan Width": 33,"Actual Startup Time": 61.927,"Actual Total Time": 176.320,"Actual Rows": 15394,"Actual Loops": 5,"Inner Unique": true,"Hash Cond": "(lineitem.l_partkey = part.p_partkey)","Workers": [],"Plans": [{"Node Type": "Bitmap Heap Scan","Parent Relationship": "Outer","Parallel Aware": true,"Async Capable": false,"Relation Name": "lineitem","Alias": "lineitem","Startup Cost": 1916.04,"Total Cost": 107640.91,"Plan Rows": 18624,"Plan Width": 16,"Actual Startup Time": 24.987,"Actual Total Time": 110.729,"Actual Rows": 15394,"Actual Loops": 5,"Recheck Cond": "((l_shipdate >= '1996-07-01'::date) AND (l_shipdate < '1996-08-01 00:00:00'::timestamp without time zone))","Rows Removed by Index Recheck": 0,"Exact Heap Blocks": 7965,"Lossy Heap Blocks": 0,"Workers": [],"Plans": [{"Node Type": "Bitmap Index Scan","Parent Relationship": "Outer","Parallel Aware": false,"Async Capable": false,"Index Name": "idx_lineitem_shipdate","Startup Cost": 0.00,"Total Cost": 1897.41,"Plan Rows": 74498,"Plan Width": 0,"Actual Startup Time": 18.517,"Actual Total Time": 18.520,"Actual Rows": 76969,"Actual Loops": 1,"Index Cond": "((l_shipdate >= '1996-07-01'::date) AND (l_shipdate < '1996-08-01 00:00:00'::timestamp without time zone))","Workers": []}]},{"Node Type": "Hash","Parent Relationship": "Inner","Parallel Aware": true,"Async Capable": false,"Startup Cost": 4930.33,"Total Cost": 4930.33,"Plan Rows": 83333,"Plan Width": 25,"Actual Startup Time": 36.145,"Actual Total Time": 36.150,"Actual Rows": 40000,"Actual Loops": 5,"Hash Buckets": 262144,"Original Hash Buckets": 262144,"Hash Batches": 1,"Original Hash Batches": 1,"Peak Memory Usage": 14240,"Workers": [],"Plans": [{"Node Type": "Seq Scan","Parent Relationship": "Outer","Parallel Aware": true,"Async Capable": false,"Relation Name": "part","Alias": "part","Startup Cost": 0.00,"Total Cost": 4930.33,"Plan Rows": 83333,"Plan Width": 25,"Actual Startup Time": 0.045,"Actual Total Time": 16.144,"Actual Rows": 40000,"Actual Loops": 5,"Workers": []}]}]}]}]}]},"Planning Time": 3.961,"Triggers": [],"Execution Time": 208.334}]
[{"Plan": {"Node Type": "Aggregate","Strategy": "Plain","Partial Mode": "Finalize","Parallel Aware": false,"Async Capable": false,"Startup Cost": 115616.62,"Total Cost": 115616.64,"Plan Rows": 1,"Plan Width": 32,"Actual Startup Time": 197.019,"Actual Total Time": 214.591,"Actual Rows": 1,"Actual Loops": 1,"Plans": [{"Node Type": "Gather","Parent Relationship": "Outer","Parallel Aware": false,"Async Capable": false,"Startup Cost": 115616.17,"Total Cost": 115616.58,"Plan Rows": 4,"Plan Width": 64,"Actual Startup Time": 195.631,"Actual Total Time": 214.533,"Actual Rows": 5,"Actual Loops": 1,"Workers Planned": 4,"Workers Launched": 4,"Single Copy": false,"Plans": [{"Node Type": "Aggregate","Strategy": "Plain","Partial Mode": "Partial","Parent Relationship": "Outer","Parallel Aware": false,"Async Capable": false,"Startup Cost": 114616.17,"Total Cost": 114616.18,"Plan Rows": 1,"Plan Width": 64,"Actual Startup Time": 187.977,"Actual Total Time": 187.991,"Actual Rows": 1,"Actual Loops": 5,"Workers": [],"Plans": [{"Node Type": "Hash Join","Parent Relationship": "Outer","Parallel Aware": true,"Async Capable": false,"Join Type": "Inner","Startup Cost": 7921.09,"Total Cost": 114284.66,"Plan Rows": 18943,"Plan Width": 33,"Actual Startup Time": 65.447,"Actual Total Time": 182.041,"Actual Rows": 15051,"Actual Loops": 5,"Inner Unique": true,"Hash Cond": "(lineitem.l_partkey = part.p_partkey)","Workers": [],"Plans": [{"Node Type": "Bitmap Heap Scan","Parent Relationship": "Outer","Parallel Aware": true,"Async Capable": false,"Relation Name": "lineitem","Alias": "lineitem","Startup Cost": 1949.10,"Total Cost": 108262.94,"Plan Rows": 18943,"Plan Width": 16,"Actual Startup Time": 24.968,"Actual Total Time": 111.302,"Actual Rows": 15051,"Actual Loops": 5,"Recheck Cond": "((l_shipdate >= '1996-09-01'::date) AND (l_shipdate < '1996-10-01 00:00:00'::timestamp without time zone))","Rows Removed by Index Recheck": 0,"Exact Heap Blocks": 8176,"Lossy Heap Blocks": 0,"Workers": [],"Plans": [{"Node Type": "Bitmap Index Scan","Parent Relationship": "Outer","Parallel Aware": false,"Async Capable": false,"Index Name": "idx_lineitem_shipdate","Startup Cost": 0.00,"Total Cost": 1930.15,"Plan Rows": 75772,"Plan Width": 0,"Actual Startup Time": 18.728,"Actual Total Time": 18.731,"Actual Rows": 75254,"Actual Loops": 1,"Index Cond": "((l_shipdate >= '1996-09-01'::date) AND (l_shipdate < '1996-10-01 00:00:00'::timestamp without time zone))","Workers": []}]},{"Node Type": "Hash","Parent Relationship": "Inner","Parallel Aware": true,"Async Capable": false,"Startup Cost": 4930.33,"Total Cost": 4930.33,"Plan Rows": 83333,"Plan Width": 25,"Actual Startup Time": 39.815,"Actual Total Time": 39.820,"Actual Rows": 40000,"Actual Loops": 5,"Hash Buckets": 262144,"Original Hash Buckets": 262144,"Hash Batches": 1,"Original Hash Batches": 1,"Peak Memory Usage": 14208,"Workers": [],"Plans": [{"Node Type": "Seq Scan","Parent Relationship": "Outer","Parallel Aware": true,"Async Capable": false,"Relation Name": "part","Alias": "part","Startup Cost": 0.00,"Total Cost": 4930.33,"Plan Rows": 83333,"Plan Width": 25,"Actual Startup Time": 0.039,"Actual Total Time": 17.197,"Actual Rows": 40000,"Actual Loops": 5,"Workers": []}]}]}]}]}]},"Planning Time": 4.073,"Triggers": [],"Execution Time": 214.842}]
[{"Plan": {"Node Type": "Aggregate","Strategy": "Plain","Partial Mode": "Finalize","Parallel Aware": false,"Async Capable": false,"Startup Cost": 114712.32,"Total Cost": 114712.34,"Plan Rows": 1,"Plan Width": 32,"Actual Startup Time": 199.208,"Actual Total Time": 216.961,"Actual Rows": 1,"Actual Loops": 1,"Plans": [{"Node Type": "Gather","Parent Relationship": "Outer","Parallel Aware": false,"Async Capable": false,"Startup Cost": 114711.87,"Total Cost": 114712.28,"Plan Rows": 4,"Plan Width": 64,"Actual Startup Time": 197.776,"Actual Total Time": 216.922,"Actual Rows": 5,"Actual Loops": 1,"Workers Planned": 4,"Workers Launched": 4,"Single Copy": false,"Plans": [{"Node Type": "Aggregate","Strategy": "Plain","Partial Mode": "Partial","Parent Relationship": "Outer","Parallel Aware": false,"Async Capable": false,"Startup Cost": 113711.87,"Total Cost": 113711.88,"Plan Rows": 1,"Plan Width": 64,"Actual Startup Time": 190.002,"Actual Total Time": 190.013,"Actual Rows": 1,"Actual Loops": 5,"Workers": [],"Plans": [{"Node Type": "Hash Join","Parent Relationship": "Outer","Parallel Aware": true,"Async Capable": false,"Join Type": "Inner","Startup Cost": 7874.42,"Total Cost": 113388.32,"Plan Rows": 18488,"Plan Width": 33,"Actual Startup Time": 63.566,"Actual Total Time": 183.679,"Actual Rows": 15197,"Actual Loops": 5,"Inner Unique": true,"Hash Cond": "(lineitem.l_partkey = part.p_partkey)","Workers": [],"Plans": [{"Node Type": "Bitmap Heap Scan","Parent Relationship": "Outer","Parallel Aware": true,"Async Capable": false,"Relation Name": "lineitem","Alias": "lineitem","Startup Cost": 1902.42,"Total Cost": 107367.80,"Plan Rows": 18487,"Plan Width": 16,"Actual Startup Time": 27.839,"Actual Total Time": 117.676,"Actual Rows": 15197,"Actual Loops": 5,"Recheck Cond": "((l_shipdate >= '1995-09-01'::date) AND (l_shipdate < '1995-10-01 00:00:00'::timestamp without time zone))","Rows Removed by Index Recheck": 0,"Exact Heap Blocks": 7706,"Lossy Heap Blocks": 0,"Workers": [],"Plans": [{"Node Type": "Bitmap Index Scan","Parent Relationship": "Outer","Parallel Aware": false,"Async Capable": false,"Index Name": "idx_lineitem_shipdate","Startup Cost": 0.00,"Total Cost": 1883.93,"Plan Rows": 73950,"Plan Width": 0,"Actual Startup Time": 21.589,"Actual Total Time": 21.592,"Actual Rows": 75983,"Actual Loops": 1,"Index Cond": "((l_shipdate >= '1995-09-01'::date) AND (l_shipdate < '1995-10-01 00:00:00'::timestamp without time zone))","Workers": []}]},{"Node Type": "Hash","Parent Relationship": "Inner","Parallel Aware": true,"Async Capable": false,"Startup Cost": 4930.33,"Total Cost": 4930.33,"Plan Rows": 83333,"Plan Width": 25,"Actual Startup Time": 34.995,"Actual Total Time": 34.998,"Actual Rows": 40000,"Actual Loops": 5,"Hash Buckets": 262144,"Original Hash Buckets": 262144,"Hash Batches": 1,"Original Hash Batches": 1,"Peak Memory Usage": 14208,"Workers": [],"Plans": [{"Node Type": "Seq Scan","Parent Relationship": "Outer","Parallel Aware": true,"Async Capable": false,"Relation Name": "part","Alias": "part","Startup Cost": 0.00,"Total Cost": 4930.33,"Plan Rows": 83333,"Plan Width": 25,"Actual Startup Time": 0.036,"Actual Total Time": 16.143,"Actual Rows": 40000,"Actual Loops": 5,"Workers": []}]}]}]}]}]},"Planning Time": 3.092,"Triggers": [],"Execution Time": 217.243}]
[{"Plan": {"Node Type": "Aggregate","Strategy": "Plain","Partial Mode": "Finalize","Parallel Aware": false,"Async Capable": false,"Startup Cost": 118399.89,"Total Cost": 118399.90,"Plan Rows": 1,"Plan Width": 32,"Actual Startup Time": 206.498,"Actual Total Time": 224.956,"Actual Rows": 1,"Actual Loops": 1,"Plans": [{"Node Type": "Gather","Parent Relationship": "Outer","Parallel Aware": false,"Async Capable": false,"Startup Cost": 118399.43,"Total Cost": 118399.84,"Plan Rows": 4,"Plan Width": 64,"Actual Startup Time": 205.062,"Actual Total Time": 224.906,"Actual Rows": 5,"Actual Loops": 1,"Workers Planned": 4,"Workers Launched": 4,"Single Copy": false,"Plans": [{"Node Type": "Aggregate","Strategy": "Plain","Partial Mode": "Partial","Parent Relationship": "Outer","Parallel Aware": false,"Async Capable": false,"Startup Cost": 117399.43,"Total Cost": 117399.44,"Plan Rows": 1,"Plan Width": 64,"Actual Startup Time": 196.971,"Actual Total Time": 196.979,"Actual Rows": 1,"Actual Loops": 5,"Workers": [],"Plans": [{"Node Type": "Hash Join","Parent Relationship": "Outer","Parallel Aware": true,"Async Capable": false,"Join Type": "Inner","Startup Cost": 8076.51,"Total Cost": 117040.85,"Plan Rows": 20490,"Plan Width": 33,"Actual Startup Time": 67.504,"Actual Total Time": 190.658,"Actual Rows": 15441,"Actual Loops": 5,"Inner Unique": true,"Hash Cond": "(lineitem.l_partkey = part.p_partkey)","Workers": [],"Plans": [{"Node Type": "Bitmap Heap Scan","Parent Relationship": "Outer","Parallel Aware": true,"Async Capable": false,"Relation Name": "lineitem","Alias": "lineitem","Startup Cost": 2104.51,"Total Cost": 111015.07,"Plan Rows": 20490,"Plan Width": 16,"Actual Startup Time": 31.187,"Actual Total Time": 124.229,"Actual Rows": 15441,"Actual Loops": 5,"Recheck Cond": "((l_shipdate >= '1993-07-01'::date) AND (l_shipdate < '1993-08-01 00:00:00'::timestamp without time zone))","Rows Removed by Index Recheck": 0,"Exact Heap Blocks": 7445,"Lossy Heap Blocks": 0,"Workers": [],"Plans": [{"Node Type": "Bitmap Index Scan","Parent Relationship": "Outer","Parallel Aware": false,"Async Capable": false,"Index Name": "idx_lineitem_shipdate","Startup Cost": 0.00,"Total Cost": 2084.02,"Plan Rows": 81959,"Plan Width": 0,"Actual Startup Time": 24.709,"Actual Total Time": 24.710,"Actual Rows": 77203,"Actual Loops": 1,"Index Cond": "((l_shipdate >= '1993-07-01'::date) AND (l_shipdate < '1993-08-01 00:00:00'::timestamp without time zone))","Workers": []}]},{"Node Type": "Hash","Parent Relationship": "Inner","Parallel Aware": true,"Async Capable": false,"Startup Cost": 4930.33,"Total Cost": 4930.33,"Plan Rows": 83333,"Plan Width": 25,"Actual Startup Time": 35.543,"Actual Total Time": 35.545,"Actual Rows": 40000,"Actual Loops": 5,"Hash Buckets": 262144,"Original Hash Buckets": 262144,"Hash Batches": 1,"Original Hash Batches": 1,"Peak Memory Usage": 14176,"Workers": [],"Plans": [{"Node Type": "Seq Scan","Parent Relationship": "Outer","Parallel Aware": true,"Async Capable": false,"Relation Name": "part","Alias": "part","Startup Cost": 0.00,"Total Cost": 4930.33,"Plan Rows": 83333,"Plan Width": 25,"Actual Startup Time": 0.027,"Actual Total Time": 16.751,"Actual Rows": 40000,"Actual Loops": 5,"Workers": []}]}]}]}]}]},"Planning Time": 4.294,"Triggers": [],"Execution Time": 225.229}]
[{"Plan": {"Node Type": "Aggregate","Strategy": "Plain","Partial Mode": "Finalize","Parallel Aware": false,"Async Capable": false,"Startup Cost": 111577.07,"Total Cost": 111577.08,"Plan Rows": 1,"Plan Width": 32,"Actual Startup Time": 186.301,"Actual Total Time": 202.570,"Actual Rows": 1,"Actual Loops": 1,"Plans": [{"Node Type": "Gather","Parent Relationship": "Outer","Parallel Aware": false,"Async Capable": false,"Startup Cost": 111576.61,"Total Cost": 111577.02,"Plan Rows": 4,"Plan Width": 64,"Actual Startup Time": 184.863,"Actual Total Time": 202.533,"Actual Rows": 5,"Actual Loops": 1,"Workers Planned": 4,"Workers Launched": 4,"Single Copy": false,"Plans": [{"Node Type": "Aggregate","Strategy": "Plain","Partial Mode": "Partial","Parent Relationship": "Outer","Parallel Aware": false,"Async Capable": false,"Startup Cost": 110576.61,"Total Cost": 110576.62,"Plan Rows": 1,"Plan Width": 64,"Actual Startup Time": 177.469,"Actual Total Time": 177.481,"Actual Rows": 1,"Actual Loops": 5,"Workers": [],"Plans": [{"Node Type": "Hash Join","Parent Relationship": "Outer","Parallel Aware": true,"Async Capable": false,"Join Type": "Inner","Startup Cost": 7723.43,"Total Cost": 110278.25,"Plan Rows": 17049,"Plan Width": 33,"Actual Startup Time": 61.420,"Actual Total Time": 171.970,"Actual Rows": 14049,"Actual Loops": 5,"Inner Unique": true,"Hash Cond": "(lineitem.l_partkey = part.p_partkey)","Workers": [],"Plans": [{"Node Type": "Bitmap Heap Scan","Parent Relationship": "Outer","Parallel Aware": true,"Async Capable": false,"Relation Name": "lineitem","Alias": "lineitem","Startup Cost": 1751.43,"Total Cost": 104261.50,"Plan Rows": 17049,"Plan Width": 16,"Actual Startup Time": 23.904,"Actual Total Time": 106.890,"Actual Rows": 14049,"Actual Loops": 5,"Recheck Cond": "((l_shipdate >= '1997-02-01'::date) AND (l_shipdate < '1997-03-01 00:00:00'::timestamp without time zone))","Rows Removed by Index Recheck": 0,"Exact Heap Blocks": 7418,"Lossy Heap Blocks": 0,"Workers": [],"Plans": [{"Node Type": "Bitmap Index Scan","Parent Relationship": "Outer","Parallel Aware": false,"Async Capable": false,"Index Name": "idx_lineitem_shipdate","Startup Cost": 0.00,"Total Cost": 1734.38,"Plan Rows": 68195,"Plan Width": 0,"Actual Startup Time": 17.828,"Actual Total Time": 17.830,"Actual Rows": 70245,"Actual Loops": 1,"Index Cond": "((l_shipdate >= '1997-02-01'::date) AND (l_shipdate < '1997-03-01 00:00:00'::timestamp without time zone))","Workers": []}]},{"Node Type": "Hash","Parent Relationship": "Inner","Parallel Aware": true,"Async Capable": false,"Startup Cost": 4930.33,"Total Cost": 4930.33,"Plan Rows": 83333,"Plan Width": 25,"Actual Startup Time": 36.814,"Actual Total Time": 36.818,"Actual Rows": 40000,"Actual Loops": 5,"Hash Buckets": 262144,"Original Hash Buckets": 262144,"Hash Batches": 1,"Original Hash Batches": 1,"Peak Memory Usage": 14240,"Workers": [],"Plans": [{"Node Type": "Seq Scan","Parent Relationship": "Outer","Parallel Aware": true,"Async Capable": false,"Relation Name": "part","Alias": "part","Startup Cost": 0.00,"Total Cost": 4930.33,"Plan Rows": 83333,"Plan Width": 25,"Actual Startup Time": 0.035,"Actual Total Time": 16.010,"Actual Rows": 40000,"Actual Loops": 5,"Workers": []}]}]}]}]}]},"Planning Time": 4.076,"Triggers": [],"Execution Time": 202.873}]
[{"Plan": {"Node Type": "Aggregate","Strategy": "Plain","Partial Mode": "Finalize","Parallel Aware": false,"Async Capable": false,"Startup Cost": 118140.12,"Total Cost": 118140.13,"Plan Rows": 1,"Plan Width": 32,"Actual Startup Time": 185.903,"Actual Total Time": 202.979,"Actual Rows": 1,"Actual Loops": 1,"Plans": [{"Node Type": "Gather","Parent Relationship": "Outer","Parallel Aware": false,"Async Capable": false,"Startup Cost": 118139.66,"Total Cost": 118140.07,"Plan Rows": 4,"Plan Width": 64,"Actual Startup Time": 184.390,"Actual Total Time": 202.925,"Actual Rows": 5,"Actual Loops": 1,"Workers Planned": 4,"Workers Launched": 4,"Single Copy": false,"Plans": [{"Node Type": "Aggregate","Strategy": "Plain","Partial Mode": "Partial","Parent Relationship": "Outer","Parallel Aware": false,"Async Capable": false,"Startup Cost": 117139.66,"Total Cost": 117139.67,"Plan Rows": 1,"Plan Width": 64,"Actual Startup Time": 176.869,"Actual Total Time": 176.882,"Actual Rows": 1,"Actual Loops": 5,"Workers": [],"Plans": [{"Node Type": "Hash Join","Parent Relationship": "Outer","Parallel Aware": true,"Async Capable": false,"Join Type": "Inner","Startup Cost": 8062.13,"Total Cost": 116783.81,"Plan Rows": 20334,"Plan Width": 33,"Actual Startup Time": 60.553,"Actual Total Time": 171.029,"Actual Rows": 15084,"Actual Loops": 5,"Inner Unique": true,"Hash Cond": "(lineitem.l_partkey = part.p_partkey)","Workers": [],"Plans": [{"Node Type": "Bitmap Heap Scan","Parent Relationship": "Outer","Parallel Aware": true,"Async Capable": false,"Relation Name": "lineitem","Alias": "lineitem","Startup Cost": 2090.14,"Total Cost": 110758.44,"Plan Rows": 20334,"Plan Width": 16,"Actual Startup Time": 24.977,"Actual Total Time": 107.592,"Actual Rows": 15084,"Actual Loops": 5,"Recheck Cond": "((l_shipdate >= '1996-11-01'::date) AND (l_shipdate < '1996-12-01 00:00:00'::timestamp without time zone))","Rows Removed by Index Recheck": 0,"Exact Heap Blocks": 7792,"Lossy Heap Blocks": 0,"Workers": [],"Plans": [{"Node Type": "Bitmap Index Scan","Parent Relationship": "Outer","Parallel Aware": false,"Async Capable": false,"Index Name": "idx_lineitem_shipdate","Startup Cost": 0.00,"Total Cost": 2069.80,"Plan Rows": 81337,"Plan Width": 0,"Actual Startup Time": 18.606,"Actual Total Time": 18.607,"Actual Rows": 75419,"Actual Loops": 1,"Index Cond": "((l_shipdate >= '1996-11-01'::date) AND (l_shipdate < '1996-12-01 00:00:00'::timestamp without time zone))","Workers": []}]},{"Node Type": "Hash","Parent Relationship": "Inner","Parallel Aware": true,"Async Capable": false,"Startup Cost": 4930.33,"Total Cost": 4930.33,"Plan Rows": 83333,"Plan Width": 25,"Actual Startup Time": 34.770,"Actual Total Time": 34.774,"Actual Rows": 40000,"Actual Loops": 5,"Hash Buckets": 262144,"Original Hash Buckets": 262144,"Hash Batches": 1,"Original Hash Batches": 1,"Peak Memory Usage": 14240,"Workers": [],"Plans": [{"Node Type": "Seq Scan","Parent Relationship": "Outer","Parallel Aware": true,"Async Capable": false,"Relation Name": "part","Alias": "part","Startup Cost": 0.00,"Total Cost": 4930.33,"Plan Rows": 83333,"Plan Width": 25,"Actual Startup Time": 0.035,"Actual Total Time": 15.079,"Actual Rows": 40000,"Actual Loops": 5,"Workers": []}]}]}]}]}]},"Planning Time": 3.987,"Triggers": [],"Execution Time": 203.309}]
[{"Plan": {"Node Type": "Aggregate","Strategy": "Plain","Partial Mode": "Finalize","Parallel Aware": false,"Async Capable": false,"Startup Cost": 114558.03,"Total Cost": 114558.05,"Plan Rows": 1,"Plan Width": 32,"Actual Startup Time": 193.213,"Actual Total Time": 209.719,"Actual Rows": 1,"Actual Loops": 1,"Plans": [{"Node Type": "Gather","Parent Relationship": "Outer","Parallel Aware": false,"Async Capable": false,"Startup Cost": 114557.58,"Total Cost": 114557.99,"Plan Rows": 4,"Plan Width": 64,"Actual Startup Time": 192.028,"Actual Total Time": 209.680,"Actual Rows": 5,"Actual Loops": 1,"Workers Planned": 4,"Workers Launched": 4,"Single Copy": false,"Plans": [{"Node Type": "Aggregate","Strategy": "Plain","Partial Mode": "Partial","Parent Relationship": "Outer","Parallel Aware": false,"Async Capable": false,"Startup Cost": 113557.58,"Total Cost": 113557.59,"Plan Rows": 1,"Plan Width": 64,"Actual Startup Time": 183.893,"Actual Total Time": 183.909,"Actual Rows": 1,"Actual Loops": 5,"Workers": [],"Plans": [{"Node Type": "Hash Join","Parent Relationship": "Outer","Parallel Aware": true,"Async Capable": false,"Join Type": "Inner","Startup Cost": 7863.38,"Total Cost": 113235.33,"Plan Rows": 18414,"Plan Width": 33,"Actual Startup Time": 62.674,"Actual Total Time": 178.028,"Actual Rows": 14882,"Actual Loops": 5,"Inner Unique": true,"Hash Cond": "(lineitem.l_partkey = part.p_partkey)","Workers": [],"Plans": [{"Node Type": "Bitmap Heap Scan","Parent Relationship": "Outer","Parallel Aware": true,"Async Capable": false,"Relation Name": "lineitem","Alias": "lineitem","Startup Cost": 1891.39,"Total Cost": 107215.00,"Plan Rows": 18414,"Plan Width": 16,"Actual Startup Time": 24.290,"Actual Total Time": 109.440,"Actual Rows": 14882,"Actual Loops": 5,"Recheck Cond": "((l_shipdate >= '1997-11-01'::date) AND (l_shipdate < '1997-12-01 00:00:00'::timestamp without time zone))","Rows Removed by Index Recheck": 0,"Exact Heap Blocks": 7491,"Lossy Heap Blocks": 0,"Workers": [],"Plans": [{"Node Type": "Bitmap Index Scan","Parent Relationship": "Outer","Parallel Aware": false,"Async Capable": false,"Index Name": "idx_lineitem_shipdate","Startup Cost": 0.00,"Total Cost": 1872.97,"Plan Rows": 73654,"Plan Width": 0,"Actual Startup Time": 18.161,"Actual Total Time": 18.163,"Actual Rows": 74408,"Actual Loops": 1,"Index Cond": "((l_shipdate >= '1997-11-01'::date) AND (l_shipdate < '1997-12-01 00:00:00'::timestamp without time zone))","Workers": []}]},{"Node Type": "Hash","Parent Relationship": "Inner","Parallel Aware": true,"Async Capable": false,"Startup Cost": 4930.33,"Total Cost": 4930.33,"Plan Rows": 83333,"Plan Width": 25,"Actual Startup Time": 37.637,"Actual Total Time": 37.641,"Actual Rows": 40000,"Actual Loops": 5,"Hash Buckets": 262144,"Original Hash Buckets": 262144,"Hash Batches": 1,"Original Hash Batches": 1,"Peak Memory Usage": 14208,"Workers": [],"Plans": [{"Node Type": "Seq Scan","Parent Relationship": "Outer","Parallel Aware": true,"Async Capable": false,"Relation Name": "part","Alias": "part","Startup Cost": 0.00,"Total Cost": 4930.33,"Plan Rows": 83333,"Plan Width": 25,"Actual Startup Time": 0.035,"Actual Total Time": 17.634,"Actual Rows": 40000,"Actual Loops": 5,"Workers": []}]}]}]}]}]},"Planning Time": 3.772,"Triggers": [],"Execution Time": 209.976}]
[{"Plan": {"Node Type": "Aggregate","Strategy": "Plain","Partial Mode": "Finalize","Parallel Aware": false,"Async Capable": false,"Startup Cost": 118980.99,"Total Cost": 118981.00,"Plan Rows": 1,"Plan Width": 32,"Actual Startup Time": 192.776,"Actual Total Time": 209.272,"Actual Rows": 1,"Actual Loops": 1,"Plans": [{"Node Type": "Gather","Parent Relationship": "Outer","Parallel Aware": false,"Async Capable": false,"Startup Cost": 118980.53,"Total Cost": 118980.94,"Plan Rows": 4,"Plan Width": 64,"Actual Startup Time": 191.466,"Actual Total Time": 209.218,"Actual Rows": 5,"Actual Loops": 1,"Workers Planned": 4,"Workers Launched": 4,"Single Copy": false,"Plans": [{"Node Type": "Aggregate","Strategy": "Plain","Partial Mode": "Partial","Parent Relationship": "Outer","Parallel Aware": false,"Async Capable": false,"Startup Cost": 117980.53,"Total Cost": 117980.54,"Plan Rows": 1,"Plan Width": 64,"Actual Startup Time": 183.309,"Actual Total Time": 183.319,"Actual Rows": 1,"Actual Loops": 5,"Workers": [],"Plans": [{"Node Type": "Hash Join","Parent Relationship": "Outer","Parallel Aware": true,"Async Capable": false,"Join Type": "Inner","Startup Cost": 8115.01,"Total Cost": 117615.76,"Plan Rows": 20844,"Plan Width": 33,"Actual Startup Time": 58.848,"Actual Total Time": 177.255,"Actual Rows": 15563,"Actual Loops": 5,"Inner Unique": true,"Hash Cond": "(lineitem.l_partkey = part.p_partkey)","Workers": [],"Plans": [{"Node Type": "Bitmap Heap Scan","Parent Relationship": "Outer","Parallel Aware": true,"Async Capable": false,"Relation Name": "lineitem","Alias": "lineitem","Startup Cost": 2143.02,"Total Cost": 111589.05,"Plan Rows": 20843,"Plan Width": 16,"Actual Startup Time": 22.331,"Actual Total Time": 109.969,"Actual Rows": 15563,"Actual Loops": 5,"Recheck Cond": "((l_shipdate >= '1995-10-01'::date) AND (l_shipdate < '1995-11-01 00:00:00'::timestamp without time zone))","Rows Removed by Index Recheck": 0,"Exact Heap Blocks": 7890,"Lossy Heap Blocks": 0,"Workers": [],"Plans": [{"Node Type": "Bitmap Index Scan","Parent Relationship": "Outer","Parallel Aware": false,"Async Capable": false,"Index Name": "idx_lineitem_shipdate","Startup Cost": 0.00,"Total Cost": 2122.17,"Plan Rows": 83374,"Plan Width": 0,"Actual Startup Time": 16.094,"Actual Total Time": 16.095,"Actual Rows": 77817,"Actual Loops": 1,"Index Cond": "((l_shipdate >= '1995-10-01'::date) AND (l_shipdate < '1995-11-01 00:00:00'::timestamp without time zone))","Workers": []}]},{"Node Type": "Hash","Parent Relationship": "Inner","Parallel Aware": true,"Async Capable": false,"Startup Cost": 4930.33,"Total Cost": 4930.33,"Plan Rows": 83333,"Plan Width": 25,"Actual Startup Time": 35.711,"Actual Total Time": 35.714,"Actual Rows": 40000,"Actual Loops": 5,"Hash Buckets": 262144,"Original Hash Buckets": 262144,"Hash Batches": 1,"Original Hash Batches": 1,"Peak Memory Usage": 14176,"Workers": [],"Plans": [{"Node Type": "Seq Scan","Parent Relationship": "Outer","Parallel Aware": true,"Async Capable": false,"Relation Name": "part","Alias": "part","Startup Cost": 0.00,"Total Cost": 4930.33,"Plan Rows": 83333,"Plan Width": 25,"Actual Startup Time": 0.030,"Actual Total Time": 15.930,"Actual Rows": 40000,"Actual Loops": 5,"Workers": []}]}]}]}]}]},"Planning Time": 4.599,"Triggers": [],"Execution Time": 209.556}]
[{"Plan": {"Node Type": "Aggregate","Strategy": "Plain","Partial Mode": "Finalize","Parallel Aware": false,"Async Capable": false,"Startup Cost": 119289.39,"Total Cost": 119289.41,"Plan Rows": 1,"Plan Width": 32,"Actual Startup Time": 204.802,"Actual Total Time": 222.888,"Actual Rows": 1,"Actual Loops": 1,"Plans": [{"Node Type": "Gather","Parent Relationship": "Outer","Parallel Aware": false,"Async Capable": false,"Startup Cost": 119288.94,"Total Cost": 119289.35,"Plan Rows": 4,"Plan Width": 64,"Actual Startup Time": 203.555,"Actual Total Time": 222.838,"Actual Rows": 5,"Actual Loops": 1,"Workers Planned": 4,"Workers Launched": 4,"Single Copy": false,"Plans": [{"Node Type": "Aggregate","Strategy": "Plain","Partial Mode": "Partial","Parent Relationship": "Outer","Parallel Aware": false,"Async Capable": false,"Startup Cost": 118288.94,"Total Cost": 118288.95,"Plan Rows": 1,"Plan Width": 64,"Actual Startup Time": 195.786,"Actual Total Time": 195.801,"Actual Rows": 1,"Actual Loops": 5,"Workers": [],"Plans": [{"Node Type": "Hash Join","Parent Relationship": "Outer","Parallel Aware": true,"Async Capable": false,"Join Type": "Inner","Startup Cost": 8134.94,"Total Cost": 117920.78,"Plan Rows": 21037,"Plan Width": 33,"Actual Startup Time": 63.668,"Actual Total Time": 189.753,"Actual Rows": 15270,"Actual Loops": 5,"Inner Unique": true,"Hash Cond": "(lineitem.l_partkey = part.p_partkey)","Workers": [],"Plans": [{"Node Type": "Bitmap Heap Scan","Parent Relationship": "Outer","Parallel Aware": true,"Async Capable": false,"Relation Name": "lineitem","Alias": "lineitem","Startup Cost": 2162.94,"Total Cost": 111893.57,"Plan Rows": 21037,"Plan Width": 16,"Actual Startup Time": 29.116,"Actual Total Time": 125.615,"Actual Rows": 15270,"Actual Loops": 5,"Recheck Cond": "((l_shipdate >= '1993-05-01'::date) AND (l_shipdate < '1993-06-01 00:00:00'::timestamp without time zone))","Rows Removed by Index Recheck": 0,"Exact Heap Blocks": 7951,"Lossy Heap Blocks": 0,"Workers": [],"Plans": [{"Node Type": "Bitmap Index Scan","Parent Relationship": "Outer","Parallel Aware": false,"Async Capable": false,"Index Name": "idx_lineitem_shipdate","Startup Cost": 0.00,"Total Cost": 2141.90,"Plan Rows": 84147,"Plan Width": 0,"Actual Startup Time": 22.635,"Actual Total Time": 22.640,"Actual Rows": 76352,"Actual Loops": 1,"Index Cond": "((l_shipdate >= '1993-05-01'::date) AND (l_shipdate < '1993-06-01 00:00:00'::timestamp without time zone))","Workers": []}]},{"Node Type": "Hash","Parent Relationship": "Inner","Parallel Aware": true,"Async Capable": false,"Startup Cost": 4930.33,"Total Cost": 4930.33,"Plan Rows": 83333,"Plan Width": 25,"Actual Startup Time": 33.871,"Actual Total Time": 33.875,"Actual Rows": 40000,"Actual Loops": 5,"Hash Buckets": 262144,"Original Hash Buckets": 262144,"Hash Batches": 1,"Original Hash Batches": 1,"Peak Memory Usage": 14176,"Workers": [],"Plans": [{"Node Type": "Seq Scan","Parent Relationship": "Outer","Parallel Aware": true,"Async Capable": false,"Relation Name": "part","Alias": "part","Startup Cost": 0.00,"Total Cost": 4930.33,"Plan Rows": 83333,"Plan Width": 25,"Actual Startup Time": 0.034,"Actual Total Time": 14.821,"Actual Rows": 40000,"Actual Loops": 5,"Workers": []}]}]}]}]}]},"Planning Time": 5.245,"Triggers": [],"Execution Time": 223.291}]
[{"Plan": {"Node Type": "Aggregate","Strategy": "Plain","Partial Mode": "Finalize","Parallel Aware": false,"Async Capable": false,"Startup Cost": 114902.36,"Total Cost": 114902.37,"Plan Rows": 1,"Plan Width": 32,"Actual Startup Time": 198.225,"Actual Total Time": 215.708,"Actual Rows": 1,"Actual Loops": 1,"Plans": [{"Node Type": "Gather","Parent Relationship": "Outer","Parallel Aware": false,"Async Capable": false,"Startup Cost": 114901.90,"Total Cost": 114902.31,"Plan Rows": 4,"Plan Width": 64,"Actual Startup Time": 196.886,"Actual Total Time": 215.657,"Actual Rows": 5,"Actual Loops": 1,"Workers Planned": 4,"Workers Launched": 4,"Single Copy": false,"Plans": [{"Node Type": "Aggregate","Strategy": "Plain","Partial Mode": "Partial","Parent Relationship": "Outer","Parallel Aware": false,"Async Capable": false,"Startup Cost": 113901.90,"Total Cost": 113901.91,"Plan Rows": 1,"Plan Width": 64,"Actual Startup Time": 188.997,"Actual Total Time": 189.007,"Actual Rows": 1,"Actual Loops": 5,"Workers": [],"Plans": [{"Node Type": "Hash Join","Parent Relationship": "Outer","Parallel Aware": true,"Async Capable": false,"Join Type": "Inner","Startup Cost": 7882.30,"Total Cost": 113576.71,"Plan Rows": 18582,"Plan Width": 33,"Actual Startup Time": 61.932,"Actual Total Time": 182.740,"Actual Rows": 15587,"Actual Loops": 5,"Inner Unique": true,"Hash Cond": "(lineitem.l_partkey = part.p_partkey)","Workers": [],"Plans": [{"Node Type": "Bitmap Heap Scan","Parent Relationship": "Outer","Parallel Aware": true,"Async Capable": false,"Relation Name": "lineitem","Alias": "lineitem","Startup Cost": 1910.30,"Total Cost": 107555.94,"Plan Rows": 18582,"Plan Width": 16,"Actual Startup Time": 22.647,"Actual Total Time": 112.380,"Actual Rows": 15587,"Actual Loops": 5,"Recheck Cond": "((l_shipdate >= '1996-12-01'::date) AND (l_shipdate < '1997-01-01 00:00:00'::timestamp without time zone))","Rows Removed by Index Recheck": 0,"Exact Heap Blocks": 7656,"Lossy Heap Blocks": 0,"Workers": [],"Plans": [{"Node Type": "Bitmap Index Scan","Parent Relationship": "Outer","Parallel Aware": false,"Async Capable": false,"Index Name": "idx_lineitem_shipdate","Startup Cost": 0.00,"Total Cost": 1891.72,"Plan Rows": 74329,"Plan Width": 0,"Actual Startup Time": 16.250,"Actual Total Time": 16.252,"Actual Rows": 77933,"Actual Loops": 1,"Index Cond": "((l_shipdate >= '1996-12-01'::date) AND (l_shipdate < '1997-01-01 00:00:00'::timestamp without time zone))","Workers": []}]},{"Node Type": "Hash","Parent Relationship": "Inner","Parallel Aware": true,"Async Capable": false,"Startup Cost": 4930.33,"Total Cost": 4930.33,"Plan Rows": 83333,"Plan Width": 25,"Actual Startup Time": 38.467,"Actual Total Time": 38.471,"Actual Rows": 40000,"Actual Loops": 5,"Hash Buckets": 262144,"Original Hash Buckets": 262144,"Hash Batches": 1,"Original Hash Batches": 1,"Peak Memory Usage": 14208,"Workers": [],"Plans": [{"Node Type": "Seq Scan","Parent Relationship": "Outer","Parallel Aware": true,"Async Capable": false,"Relation Name": "part","Alias": "part","Startup Cost": 0.00,"Total Cost": 4930.33,"Plan Rows": 83333,"Plan Width": 25,"Actual Startup Time": 0.033,"Actual Total Time": 18.148,"Actual Rows": 40000,"Actual Loops": 5,"Workers": []}]}]}]}]}]},"Planning Time": 4.024,"Triggers": [],"Execution Time": 215.988}]
[{"Plan": {"Node Type": "Aggregate","Strategy": "Plain","Partial Mode": "Finalize","Parallel Aware": false,"Async Capable": false,"Startup Cost": 116921.16,"Total Cost": 116921.17,"Plan Rows": 1,"Plan Width": 32,"Actual Startup Time": 188.717,"Actual Total Time": 203.796,"Actual Rows": 1,"Actual Loops": 1,"Plans": [{"Node Type": "Gather","Parent Relationship": "Outer","Parallel Aware": false,"Async Capable": false,"Startup Cost": 116920.70,"Total Cost": 116921.11,"Plan Rows": 4,"Plan Width": 64,"Actual Startup Time": 187.795,"Actual Total Time": 203.760,"Actual Rows": 5,"Actual Loops": 1,"Workers Planned": 4,"Workers Launched": 4,"Single Copy": false,"Plans": [{"Node Type": "Aggregate","Strategy": "Plain","Partial Mode": "Partial","Parent Relationship": "Outer","Parallel Aware": false,"Async Capable": false,"Startup Cost": 115920.70,"Total Cost": 115920.71,"Plan Rows": 1,"Plan Width": 64,"Actual Startup Time": 178.906,"Actual Total Time": 178.917,"Actual Rows": 1,"Actual Loops": 5,"Workers": [],"Plans": [{"Node Type": "Hash Join","Parent Relationship": "Outer","Parallel Aware": true,"Async Capable": false,"Join Type": "Inner","Startup Cost": 7989.65,"Total Cost": 115577.00,"Plan Rows": 19640,"Plan Width": 33,"Actual Startup Time": 58.926,"Actual Total Time": 172.760,"Actual Rows": 15600,"Actual Loops": 5,"Inner Unique": true,"Hash Cond": "(lineitem.l_partkey = part.p_partkey)","Workers": [],"Plans": [{"Node Type": "Bitmap Heap Scan","Parent Relationship": "Outer","Parallel Aware": true,"Async Capable": false,"Relation Name": "lineitem","Alias": "lineitem","Startup Cost": 2017.65,"Total Cost": 109553.45,"Plan Rows": 19640,"Plan Width": 16,"Actual Startup Time": 22.345,"Actual Total Time": 105.470,"Actual Rows": 15600,"Actual Loops": 5,"Recheck Cond": "((l_shipdate >= '1996-10-01'::date) AND (l_shipdate < '1996-11-01 00:00:00'::timestamp without time zone))","Rows Removed by Index Recheck": 0,"Exact Heap Blocks": 6706,"Lossy Heap Blocks": 0,"Workers": [],"Plans": [{"Node Type": "Bitmap Index Scan","Parent Relationship": "Outer","Parallel Aware": false,"Async Capable": false,"Index Name": "idx_lineitem_shipdate","Startup Cost": 0.00,"Total Cost": 1998.01,"Plan Rows": 78558,"Plan Width": 0,"Actual Startup Time": 16.072,"Actual Total Time": 16.073,"Actual Rows": 78000,"Actual Loops": 1,"Index Cond": "((l_shipdate >= '1996-10-01'::date) AND (l_shipdate < '1996-11-01 00:00:00'::timestamp without time zone))","Workers": []}]},{"Node Type": "Hash","Parent Relationship": "Inner","Parallel Aware": true,"Async Capable": false,"Startup Cost": 4930.33,"Total Cost": 4930.33,"Plan Rows": 83333,"Plan Width": 25,"Actual Startup Time": 35.841,"Actual Total Time": 35.845,"Actual Rows": 40000,"Actual Loops": 5,"Hash Buckets": 262144,"Original Hash Buckets": 262144,"Hash Batches": 1,"Original Hash Batches": 1,"Peak Memory Usage": 14208,"Workers": [],"Plans": [{"Node Type": "Seq Scan","Parent Relationship": "Outer","Parallel Aware": true,"Async Capable": false,"Relation Name": "part","Alias": "part","Startup Cost": 0.00,"Total Cost": 4930.33,"Plan Rows": 83333,"Plan Width": 25,"Actual Startup Time": 0.045,"Actual Total Time": 16.936,"Actual Rows": 40000,"Actual Loops": 5,"Workers": []}]}]}]}]}]},"Planning Time": 5.387,"Triggers": [],"Execution Time": 204.098}]
[{"Plan": {"Node Type": "Aggregate","Strategy": "Plain","Partial Mode": "Finalize","Parallel Aware": false,"Async Capable": false,"Startup Cost": 112298.08,"Total Cost": 112298.10,"Plan Rows": 1,"Plan Width": 32,"Actual Startup Time": 191.070,"Actual Total Time": 208.503,"Actual Rows": 1,"Actual Loops": 1,"Plans": [{"Node Type": "Gather","Parent Relationship": "Outer","Parallel Aware": false,"Async Capable": false,"Startup Cost": 112297.63,"Total Cost": 112298.04,"Plan Rows": 4,"Plan Width": 64,"Actual Startup Time": 190.184,"Actual Total Time": 208.450,"Actual Rows": 5,"Actual Loops": 1,"Workers Planned": 4,"Workers Launched": 4,"Single Copy": false,"Plans": [{"Node Type": "Aggregate","Strategy": "Plain","Partial Mode": "Partial","Parent Relationship": "Outer","Parallel Aware": false,"Async Capable": false,"Startup Cost": 111297.63,"Total Cost": 111297.64,"Plan Rows": 1,"Plan Width": 64,"Actual Startup Time": 182.728,"Actual Total Time": 182.742,"Actual Rows": 1,"Actual Loops": 5,"Workers": [],"Plans": [{"Node Type": "Hash Join","Parent Relationship": "Outer","Parallel Aware": true,"Async Capable": false,"Join Type": "Inner","Startup Cost": 7756.28,"Total Cost": 110993.79,"Plan Rows": 17362,"Plan Width": 33,"Actual Startup Time": 66.345,"Actual Total Time": 176.801,"Actual Rows": 15010,"Actual Loops": 5,"Inner Unique": true,"Hash Cond": "(lineitem.l_partkey = part.p_partkey)","Workers": [],"Plans": [{"Node Type": "Bitmap Heap Scan","Parent Relationship": "Outer","Parallel Aware": true,"Async Capable": false,"Relation Name": "lineitem","Alias": "lineitem","Startup Cost": 1784.28,"Total Cost": 104976.22,"Plan Rows": 17362,"Plan Width": 16,"Actual Startup Time": 32.103,"Actual Total Time": 119.300,"Actual Rows": 15010,"Actual Loops": 5,"Recheck Cond": "((l_shipdate >= '1995-11-01'::date) AND (l_shipdate < '1995-12-01 00:00:00'::timestamp without time zone))","Rows Removed by Index Recheck": 0,"Exact Heap Blocks": 8065,"Lossy Heap Blocks": 0,"Workers": [],"Plans": [{"Node Type": "Bitmap Index Scan","Parent Relationship": "Outer","Parallel Aware": false,"Async Capable": false,"Index Name": "idx_lineitem_shipdate","Startup Cost": 0.00,"Total Cost": 1766.92,"Plan Rows": 69449,"Plan Width": 0,"Actual Startup Time": 25.535,"Actual Total Time": 25.540,"Actual Rows": 75052,"Actual Loops": 1,"Index Cond": "((l_shipdate >= '1995-11-01'::date) AND (l_shipdate < '1995-12-01 00:00:00'::timestamp without time zone))","Workers": []}]},{"Node Type": "Hash","Parent Relationship": "Inner","Parallel Aware": true,"Async Capable": false,"Startup Cost": 4930.33,"Total Cost": 4930.33,"Plan Rows": 83333,"Plan Width": 25,"Actual Startup Time": 33.591,"Actual Total Time": 33.596,"Actual Rows": 40000,"Actual Loops": 5,"Hash Buckets": 262144,"Original Hash Buckets": 262144,"Hash Batches": 1,"Original Hash Batches": 1,"Peak Memory Usage": 14176,"Workers": [],"Plans": [{"Node Type": "Seq Scan","Parent Relationship": "Outer","Parallel Aware": true,"Async Capable": false,"Relation Name": "part","Alias": "part","Startup Cost": 0.00,"Total Cost": 4930.33,"Plan Rows": 83333,"Plan Width": 25,"Actual Startup Time": 0.028,"Actual Total Time": 14.589,"Actual Rows": 40000,"Actual Loops": 5,"Workers": []}]}]}]}]}]},"Planning Time": 4.131,"Triggers": [],"Execution Time": 208.779}]
[{"Plan": {"Node Type": "Aggregate","Strategy": "Plain","Partial Mode": "Finalize","Parallel Aware": false,"Async Capable": false,"Startup Cost": 117225.47,"Total Cost": 117225.49,"Plan Rows": 1,"Plan Width": 32,"Actual Startup Time": 216.741,"Actual Total Time": 233.601,"Actual Rows": 1,"Actual Loops": 1,"Plans": [{"Node Type": "Gather","Parent Relationship": "Outer","Parallel Aware": false,"Async Capable": false,"Startup Cost": 117225.02,"Total Cost": 117225.43,"Plan Rows": 4,"Plan Width": 64,"Actual Startup Time": 215.228,"Actual Total Time": 233.556,"Actual Rows": 5,"Actual Loops": 1,"Workers Planned": 4,"Workers Launched": 4,"Single Copy": false,"Plans": [{"Node Type": "Aggregate","Strategy": "Plain","Partial Mode": "Partial","Parent Relationship": "Outer","Parallel Aware": false,"Async Capable": false,"Startup Cost": 116225.02,"Total Cost": 116225.03,"Plan Rows": 1,"Plan Width": 64,"Actual Startup Time": 207.689,"Actual Total Time": 207.699,"Actual Rows": 1,"Actual Loops": 5,"Workers": [],"Plans": [{"Node Type": "Hash Join","Parent Relationship": "Outer","Parallel Aware": true,"Async Capable": false,"Join Type": "Inner","Startup Cost": 8008.56,"Total Cost": 115878.37,"Plan Rows": 19808,"Plan Width": 33,"Actual Startup Time": 75.267,"Actual Total Time": 201.372,"Actual Rows": 15471,"Actual Loops": 5,"Inner Unique": true,"Hash Cond": "(lineitem.l_partkey = part.p_partkey)","Workers": [],"Plans": [{"Node Type": "Bitmap Heap Scan","Parent Relationship": "Outer","Parallel Aware": true,"Async Capable": false,"Relation Name": "lineitem","Alias": "lineitem","Startup Cost": 2036.56,"Total Cost": 109854.38,"Plan Rows": 19808,"Plan Width": 16,"Actual Startup Time": 32.495,"Actual Total Time": 126.871,"Actual Rows": 15471,"Actual Loops": 5,"Recheck Cond": "((l_shipdate >= '1995-01-01'::date) AND (l_shipdate < '1995-02-01 00:00:00'::timestamp without time zone))","Rows Removed by Index Recheck": 0,"Exact Heap Blocks": 8865,"Lossy Heap Blocks": 0,"Workers": [],"Plans": [{"Node Type": "Bitmap Index Scan","Parent Relationship": "Outer","Parallel Aware": false,"Async Capable": false,"Index Name": "idx_lineitem_shipdate","Startup Cost": 0.00,"Total Cost": 2016.75,"Plan Rows": 79232,"Plan Width": 0,"Actual Startup Time": 25.884,"Actual Total Time": 25.890,"Actual Rows": 77356,"Actual Loops": 1,"Index Cond": "((l_shipdate >= '1995-01-01'::date) AND (l_shipdate < '1995-02-01 00:00:00'::timestamp without time zone))","Workers": []}]},{"Node Type": "Hash","Parent Relationship": "Inner","Parallel Aware": true,"Async Capable": false,"Startup Cost": 4930.33,"Total Cost": 4930.33,"Plan Rows": 83333,"Plan Width": 25,"Actual Startup Time": 42.028,"Actual Total Time": 42.030,"Actual Rows": 40000,"Actual Loops": 5,"Hash Buckets": 262144,"Original Hash Buckets": 262144,"Hash Batches": 1,"Original Hash Batches": 1,"Peak Memory Usage": 14144,"Workers": [],"Plans": [{"Node Type": "Seq Scan","Parent Relationship": "Outer","Parallel Aware": true,"Async Capable": false,"Relation Name": "part","Alias": "part","Startup Cost": 0.00,"Total Cost": 4930.33,"Plan Rows": 83333,"Plan Width": 25,"Actual Startup Time": 0.039,"Actual Total Time": 18.208,"Actual Rows": 40000,"Actual Loops": 5,"Workers": []}]}]}]}]}]},"Planning Time": 4.207,"Triggers": [],"Execution Time": 233.902}]
[{"Plan": {"Node Type": "Aggregate","Strategy": "Plain","Partial Mode": "Finalize","Parallel Aware": false,"Async Capable": false,"Startup Cost": 115338.69,"Total Cost": 115338.71,"Plan Rows": 1,"Plan Width": 32,"Actual Startup Time": 199.829,"Actual Total Time": 219.842,"Actual Rows": 1,"Actual Loops": 1,"Plans": [{"Node Type": "Gather","Parent Relationship": "Outer","Parallel Aware": false,"Async Capable": false,"Startup Cost": 115338.24,"Total Cost": 115338.65,"Plan Rows": 4,"Plan Width": 64,"Actual Startup Time": 198.858,"Actual Total Time": 219.794,"Actual Rows": 5,"Actual Loops": 1,"Workers Planned": 4,"Workers Launched": 4,"Single Copy": false,"Plans": [{"Node Type": "Aggregate","Strategy": "Plain","Partial Mode": "Partial","Parent Relationship": "Outer","Parallel Aware": false,"Async Capable": false,"Startup Cost": 114338.24,"Total Cost": 114338.25,"Plan Rows": 1,"Plan Width": 64,"Actual Startup Time": 190.294,"Actual Total Time": 190.307,"Actual Rows": 1,"Actual Loops": 5,"Workers": [],"Plans": [{"Node Type": "Hash Join","Parent Relationship": "Outer","Parallel Aware": true,"Async Capable": false,"Join Type": "Inner","Startup Cost": 7903.33,"Total Cost": 114009.20,"Plan Rows": 18802,"Plan Width": 33,"Actual Startup Time": 61.506,"Actual Total Time": 183.262,"Actual Rows": 15403,"Actual Loops": 5,"Inner Unique": true,"Hash Cond": "(lineitem.l_partkey = part.p_partkey)","Workers": [],"Plans": [{"Node Type": "Bitmap Heap Scan","Parent Relationship": "Outer","Parallel Aware": true,"Async Capable": false,"Relation Name": "lineitem","Alias": "lineitem","Startup Cost": 1931.34,"Total Cost": 107987.84,"Plan Rows": 18803,"Plan Width": 16,"Actual Startup Time": 22.372,"Actual Total Time": 111.171,"Actual Rows": 15403,"Actual Loops": 5,"Recheck Cond": "((l_shipdate >= '1997-10-01'::date) AND (l_shipdate < '1997-11-01 00:00:00'::timestamp without time zone))","Rows Removed by Index Recheck": 0,"Exact Heap Blocks": 6871,"Lossy Heap Blocks": 0,"Workers": [],"Plans": [{"Node Type": "Bitmap Index Scan","Parent Relationship": "Outer","Parallel Aware": false,"Async Capable": false,"Index Name": "idx_lineitem_shipdate","Startup Cost": 0.00,"Total Cost": 1912.53,"Plan Rows": 75210,"Plan Width": 0,"Actual Startup Time": 16.032,"Actual Total Time": 16.036,"Actual Rows": 77013,"Actual Loops": 1,"Index Cond": "((l_shipdate >= '1997-10-01'::date) AND (l_shipdate < '1997-11-01 00:00:00'::timestamp without time zone))","Workers": []}]},{"Node Type": "Hash","Parent Relationship": "Inner","Parallel Aware": true,"Async Capable": false,"Startup Cost": 4930.33,"Total Cost": 4930.33,"Plan Rows": 83333,"Plan Width": 25,"Actual Startup Time": 38.387,"Actual Total Time": 38.393,"Actual Rows": 40000,"Actual Loops": 5,"Hash Buckets": 262144,"Original Hash Buckets": 262144,"Hash Batches": 1,"Original Hash Batches": 1,"Peak Memory Usage": 14208,"Workers": [],"Plans": [{"Node Type": "Seq Scan","Parent Relationship": "Outer","Parallel Aware": true,"Async Capable": false,"Relation Name": "part","Alias": "part","Startup Cost": 0.00,"Total Cost": 4930.33,"Plan Rows": 83333,"Plan Width": 25,"Actual Startup Time": 0.031,"Actual Total Time": 17.971,"Actual Rows": 40000,"Actual Loops": 5,"Workers": []}]}]}]}]}]},"Planning Time": 3.861,"Triggers": [],"Execution Time": 220.121}]
[{"Plan": {"Node Type": "Aggregate","Strategy": "Plain","Partial Mode": "Finalize","Parallel Aware": false,"Async Capable": false,"Startup Cost": 117497.96,"Total Cost": 117497.98,"Plan Rows": 1,"Plan Width": 32,"Actual Startup Time": 207.468,"Actual Total Time": 225.216,"Actual Rows": 1,"Actual Loops": 1,"Plans": [{"Node Type": "Gather","Parent Relationship": "Outer","Parallel Aware": false,"Async Capable": false,"Startup Cost": 117497.51,"Total Cost": 117497.92,"Plan Rows": 4,"Plan Width": 64,"Actual Startup Time": 205.953,"Actual Total Time": 225.169,"Actual Rows": 5,"Actual Loops": 1,"Workers Planned": 4,"Workers Launched": 4,"Single Copy": false,"Plans": [{"Node Type": "Aggregate","Strategy": "Plain","Partial Mode": "Partial","Parent Relationship": "Outer","Parallel Aware": false,"Async Capable": false,"Startup Cost": 116497.51,"Total Cost": 116497.52,"Plan Rows": 1,"Plan Width": 64,"Actual Startup Time": 198.115,"Actual Total Time": 198.124,"Actual Rows": 1,"Actual Loops": 5,"Workers": [],"Plans": [{"Node Type": "Hash Join","Parent Relationship": "Outer","Parallel Aware": true,"Async Capable": false,"Join Type": "Inner","Startup Cost": 8022.90,"Total Cost": 116148.15,"Plan Rows": 19963,"Plan Width": 33,"Actual Startup Time": 66.694,"Actual Total Time": 191.972,"Actual Rows": 14975,"Actual Loops": 5,"Inner Unique": true,"Hash Cond": "(lineitem.l_partkey = part.p_partkey)","Workers": [],"Plans": [{"Node Type": "Bitmap Heap Scan","Parent Relationship": "Outer","Parallel Aware": true,"Async Capable": false,"Relation Name": "lineitem","Alias": "lineitem","Startup Cost": 2050.91,"Total Cost": 110123.75,"Plan Rows": 19963,"Plan Width": 16,"Actual Startup Time": 28.399,"Actual Total Time": 124.147,"Actual Rows": 14975,"Actual Loops": 5,"Recheck Cond": "((l_shipdate >= '1997-09-01'::date) AND (l_shipdate < '1997-10-01 00:00:00'::timestamp without time zone))","Rows Removed by Index Recheck": 0,"Exact Heap Blocks": 8021,"Lossy Heap Blocks": 0,"Workers": [],"Plans": [{"Node Type": "Bitmap Index Scan","Parent Relationship": "Outer","Parallel Aware": false,"Async Capable": false,"Index Name": "idx_lineitem_shipdate","Startup Cost": 0.00,"Total Cost": 2030.94,"Plan Rows": 79851,"Plan Width": 0,"Actual Startup Time": 22.019,"Actual Total Time": 22.022,"Actual Rows": 74876,"Actual Loops": 1,"Index Cond": "((l_shipdate >= '1997-09-01'::date) AND (l_shipdate < '1997-10-01 00:00:00'::timestamp without time zone))","Workers": []}]},{"Node Type": "Hash","Parent Relationship": "Inner","Parallel Aware": true,"Async Capable": false,"Startup Cost": 4930.33,"Total Cost": 4930.33,"Plan Rows": 83333,"Plan Width": 25,"Actual Startup Time": 37.454,"Actual Total Time": 37.458,"Actual Rows": 40000,"Actual Loops": 5,"Hash Buckets": 262144,"Original Hash Buckets": 262144,"Hash Batches": 1,"Original Hash Batches": 1,"Peak Memory Usage": 14208,"Workers": [],"Plans": [{"Node Type": "Seq Scan","Parent Relationship": "Outer","Parallel Aware": true,"Async Capable": false,"Relation Name": "part","Alias": "part","Startup Cost": 0.00,"Total Cost": 4930.33,"Plan Rows": 83333,"Plan Width": 25,"Actual Startup Time": 0.036,"Actual Total Time": 16.918,"Actual Rows": 40000,"Actual Loops": 5,"Workers": []}]}]}]}]}]},"Planning Time": 4.079,"Triggers": [],"Execution Time": 225.550}]
[{"Plan": {"Node Type": "Aggregate","Strategy": "Plain","Partial Mode": "Finalize","Parallel Aware": false,"Async Capable": false,"Startup Cost": 118140.12,"Total Cost": 118140.13,"Plan Rows": 1,"Plan Width": 32,"Actual Startup Time": 185.903,"Actual Total Time": 202.979,"Actual Rows": 1,"Actual Loops": 1,"Plans": [{"Node Type": "Gather","Parent Relationship": "Outer","Parallel Aware": false,"Async Capable": false,"Startup Cost": 118139.66,"Total Cost": 118140.07,"Plan Rows": 4,"Plan Width": 64,"Actual Startup Time": 184.390,"Actual Total Time": 202.925,"Actual Rows": 5,"Actual Loops": 1,"Workers Planned": 4,"Workers Launched": 4,"Single Copy": false,"Plans": [{"Node Type": "Aggregate","Strategy": "Plain","Partial Mode": "Partial","Parent Relationship": "Outer","Parallel Aware": false,"Async Capable": false,"Startup Cost": 117139.66,"Total Cost": 117139.67,"Plan Rows": 1,"Plan Width": 64,"Actual Startup Time": 176.869,"Actual Total Time": 176.882,"Actual Rows": 1,"Actual Loops": 5,"Workers": [],"Plans": [{"Node Type": "Hash Join","Parent Relationship": "Outer","Parallel Aware": true,"Async Capable": false,"Join Type": "Inner","Startup Cost": 8062.13,"Total Cost": 116783.81,"Plan Rows": 20334,"Plan Width": 33,"Actual Startup Time": 60.553,"Actual Total Time": 171.029,"Actual Rows": 15084,"Actual Loops": 5,"Inner Unique": true,"Hash Cond": "(lineitem.l_partkey = part.p_partkey)","Workers": [],"Plans": [{"Node Type": "Bitmap Heap Scan","Parent Relationship": "Outer","Parallel Aware": true,"Async Capable": false,"Relation Name": "lineitem","Alias": "lineitem","Startup Cost": 2090.14,"Total Cost": 110758.44,"Plan Rows": 20334,"Plan Width": 16,"Actual Startup Time": 24.977,"Actual Total Time": 107.592,"Actual Rows": 15084,"Actual Loops": 5,"Recheck Cond": "((l_shipdate >= '1996-11-01'::date) AND (l_shipdate < '1996-12-01 00:00:00'::timestamp without time zone))","Rows Removed by Index Recheck": 0,"Exact Heap Blocks": 7792,"Lossy Heap Blocks": 0,"Workers": [],"Plans": [{"Node Type": "Bitmap Index Scan","Parent Relationship": "Outer","Parallel Aware": false,"Async Capable": false,"Index Name": "idx_lineitem_shipdate","Startup Cost": 0.00,"Total Cost": 2069.80,"Plan Rows": 81337,"Plan Width": 0,"Actual Startup Time": 18.606,"Actual Total Time": 18.607,"Actual Rows": 75419,"Actual Loops": 1,"Index Cond": "((l_shipdate >= '1996-11-01'::date) AND (l_shipdate < '1996-12-01 00:00:00'::timestamp without time zone))","Workers": []}]},{"Node Type": "Hash","Parent Relationship": "Inner","Parallel Aware": true,"Async Capable": false,"Startup Cost": 4930.33,"Total Cost": 4930.33,"Plan Rows": 83333,"Plan Width": 25,"Actual Startup Time": 34.770,"Actual Total Time": 34.774,"Actual Rows": 40000,"Actual Loops": 5,"Hash Buckets": 262144,"Original Hash Buckets": 262144,"Hash Batches": 1,"Original Hash Batches": 1,"Peak Memory Usage": 14240,"Workers": [],"Plans": [{"Node Type": "Seq Scan","Parent Relationship": "Outer","Parallel Aware": true,"Async Capable": false,"Relation Name": "part","Alias": "part","Startup Cost": 0.00,"Total Cost": 4930.33,"Plan Rows": 83333,"Plan Width": 25,"Actual Startup Time": 0.035,"Actual Total Time": 15.079,"Actual Rows": 40000,"Actual Loops": 5,"Workers": []}]}]}]}]}]},"Planning Time": 3.987,"Triggers": [],"Execution Time": 203.309}]
[{"Plan": {"Node Type": "Aggregate","Strategy": "Plain","Partial Mode": "Finalize","Parallel Aware": false,"Async Capable": false,"Startup Cost": 114557.15,"Total Cost": 114557.16,"Plan Rows": 1,"Plan Width": 32,"Actual Startup Time": 210.021,"Actual Total Time": 226.400,"Actual Rows": 1,"Actual Loops": 1,"Plans": [{"Node Type": "Gather","Parent Relationship": "Outer","Parallel Aware": false,"Async Capable": false,"Startup Cost": 114556.69,"Total Cost": 114557.10,"Plan Rows": 4,"Plan Width": 64,"Actual Startup Time": 208.607,"Actual Total Time": 226.360,"Actual Rows": 5,"Actual Loops": 1,"Workers Planned": 4,"Workers Launched": 4,"Single Copy": false,"Plans": [{"Node Type": "Aggregate","Strategy": "Plain","Partial Mode": "Partial","Parent Relationship": "Outer","Parallel Aware": false,"Async Capable": false,"Startup Cost": 113556.69,"Total Cost": 113556.70,"Plan Rows": 1,"Plan Width": 64,"Actual Startup Time": 201.168,"Actual Total Time": 201.175,"Actual Rows": 1,"Actual Loops": 5,"Workers": [],"Plans": [{"Node Type": "Hash Join","Parent Relationship": "Outer","Parallel Aware": true,"Async Capable": false,"Join Type": "Inner","Startup Cost": 7863.36,"Total Cost": 113234.46,"Plan Rows": 18413,"Plan Width": 33,"Actual Startup Time": 63.364,"Actual Total Time": 194.944,"Actual Rows": 15564,"Actual Loops": 5,"Inner Unique": true,"Hash Cond": "(lineitem.l_partkey = part.p_partkey)","Workers": [],"Plans": [{"Node Type": "Bitmap Heap Scan","Parent Relationship": "Outer","Parallel Aware": true,"Async Capable": false,"Relation Name": "lineitem","Alias": "lineitem","Startup Cost": 1891.37,"Total Cost": 107214.13,"Plan Rows": 18413,"Plan Width": 16,"Actual Startup Time": 29.634,"Actual Total Time": 131.757,"Actual Rows": 15564,"Actual Loops": 5,"Recheck Cond": "((l_shipdate >= '1994-03-01'::date) AND (l_shipdate < '1994-04-01 00:00:00'::timestamp without time zone))","Rows Removed by Index Recheck": 0,"Exact Heap Blocks": 8610,"Lossy Heap Blocks": 0,"Workers": [],"Plans": [{"Node Type": "Bitmap Index Scan","Parent Relationship": "Outer","Parallel Aware": false,"Async Capable": false,"Index Name": "idx_lineitem_shipdate","Startup Cost": 0.00,"Total Cost": 1872.95,"Plan Rows": 73652,"Plan Width": 0,"Actual Startup Time": 23.139,"Actual Total Time": 23.140,"Actual Rows": 77819,"Actual Loops": 1,"Index Cond": "((l_shipdate >= '1994-03-01'::date) AND (l_shipdate < '1994-04-01 00:00:00'::timestamp without time zone))","Workers": []}]},{"Node Type": "Hash","Parent Relationship": "Inner","Parallel Aware": true,"Async Capable": false,"Startup Cost": 4930.33,"Total Cost": 4930.33,"Plan Rows": 83333,"Plan Width": 25,"Actual Startup Time": 33.032,"Actual Total Time": 33.034,"Actual Rows": 40000,"Actual Loops": 5,"Hash Buckets": 262144,"Original Hash Buckets": 262144,"Hash Batches": 1,"Original Hash Batches": 1,"Peak Memory Usage": 14240,"Workers": [],"Plans": [{"Node Type": "Seq Scan","Parent Relationship": "Outer","Parallel Aware": true,"Async Capable": false,"Relation Name": "part","Alias": "part","Startup Cost": 0.00,"Total Cost": 4930.33,"Plan Rows": 83333,"Plan Width": 25,"Actual Startup Time": 0.030,"Actual Total Time": 14.548,"Actual Rows": 40000,"Actual Loops": 5,"Workers": []}]}]}]}]}]},"Planning Time": 3.994,"Triggers": [],"Execution Time": 226.680}]
[{"Plan": {"Node Type": "Aggregate","Strategy": "Plain","Partial Mode": "Finalize","Parallel Aware": false,"Async Capable": false,"Startup Cost": 115278.37,"Total Cost": 115278.39,"Plan Rows": 1,"Plan Width": 32,"Actual Startup Time": 216.767,"Actual Total Time": 235.341,"Actual Rows": 1,"Actual Loops": 1,"Plans": [{"Node Type": "Gather","Parent Relationship": "Outer","Parallel Aware": false,"Async Capable": false,"Startup Cost": 115277.92,"Total Cost": 115278.33,"Plan Rows": 4,"Plan Width": 64,"Actual Startup Time": 215.238,"Actual Total Time": 235.292,"Actual Rows": 5,"Actual Loops": 1,"Workers Planned": 4,"Workers Launched": 4,"Single Copy": false,"Plans": [{"Node Type": "Aggregate","Strategy": "Plain","Partial Mode": "Partial","Parent Relationship": "Outer","Parallel Aware": false,"Async Capable": false,"Startup Cost": 114277.92,"Total Cost": 114277.93,"Plan Rows": 1,"Plan Width": 64,"Actual Startup Time": 207.313,"Actual Total Time": 207.326,"Actual Rows": 1,"Actual Loops": 5,"Workers": [],"Plans": [{"Node Type": "Hash Join","Parent Relationship": "Outer","Parallel Aware": true,"Async Capable": false,"Join Type": "Inner","Startup Cost": 7902.03,"Total Cost": 113949.42,"Plan Rows": 18771,"Plan Width": 33,"Actual Startup Time": 76.432,"Actual Total Time": 201.253,"Actual Rows": 15157,"Actual Loops": 5,"Inner Unique": true,"Hash Cond": "(lineitem.l_partkey = part.p_partkey)","Workers": [],"Plans": [{"Node Type": "Bitmap Heap Scan","Parent Relationship": "Outer","Parallel Aware": true,"Async Capable": false,"Relation Name": "lineitem","Alias": "lineitem","Startup Cost": 1930.03,"Total Cost": 107928.15,"Plan Rows": 18771,"Plan Width": 16,"Actual Startup Time": 33.743,"Actual Total Time": 128.031,"Actual Rows": 15157,"Actual Loops": 5,"Recheck Cond": "((l_shipdate >= '1995-04-01'::date) AND (l_shipdate < '1995-05-01 00:00:00'::timestamp without time zone))","Rows Removed by Index Recheck": 0,"Exact Heap Blocks": 8417,"Lossy Heap Blocks": 0,"Workers": [],"Plans": [{"Node Type": "Bitmap Index Scan","Parent Relationship": "Outer","Parallel Aware": false,"Async Capable": false,"Index Name": "idx_lineitem_shipdate","Startup Cost": 0.00,"Total Cost": 1911.26,"Plan Rows": 75083,"Plan Width": 0,"Actual Startup Time": 27.090,"Actual Total Time": 27.093,"Actual Rows": 75787,"Actual Loops": 1,"Index Cond": "((l_shipdate >= '1995-04-01'::date) AND (l_shipdate < '1995-05-01 00:00:00'::timestamp without time zone))","Workers": []}]},{"Node Type": "Hash","Parent Relationship": "Inner","Parallel Aware": true,"Async Capable": false,"Startup Cost": 4930.33,"Total Cost": 4930.33,"Plan Rows": 83333,"Plan Width": 25,"Actual Startup Time": 41.833,"Actual Total Time": 41.837,"Actual Rows": 40000,"Actual Loops": 5,"Hash Buckets": 262144,"Original Hash Buckets": 262144,"Hash Batches": 1,"Original Hash Batches": 1,"Peak Memory Usage": 14208,"Workers": [],"Plans": [{"Node Type": "Seq Scan","Parent Relationship": "Outer","Parallel Aware": true,"Async Capable": false,"Relation Name": "part","Alias": "part","Startup Cost": 0.00,"Total Cost": 4930.33,"Plan Rows": 83333,"Plan Width": 25,"Actual Startup Time": 0.046,"Actual Total Time": 18.660,"Actual Rows": 40000,"Actual Loops": 5,"Workers": []}]}]}]}]}]},"Planning Time": 3.999,"Triggers": [],"Execution Time": 235.603}]
[{"Plan": {"Node Type": "Aggregate","Strategy": "Plain","Partial Mode": "Finalize","Parallel Aware": false,"Async Capable": false,"Startup Cost": 113767.70,"Total Cost": 113767.71,"Plan Rows": 1,"Plan Width": 32,"Actual Startup Time": 201.354,"Actual Total Time": 217.629,"Actual Rows": 1,"Actual Loops": 1,"Plans": [{"Node Type": "Gather","Parent Relationship": "Outer","Parallel Aware": false,"Async Capable": false,"Startup Cost": 113767.24,"Total Cost": 113767.65,"Plan Rows": 4,"Plan Width": 64,"Actual Startup Time": 198.999,"Actual Total Time": 217.582,"Actual Rows": 5,"Actual Loops": 1,"Workers Planned": 4,"Workers Launched": 4,"Single Copy": false,"Plans": [{"Node Type": "Aggregate","Strategy": "Plain","Partial Mode": "Partial","Parent Relationship": "Outer","Parallel Aware": false,"Async Capable": false,"Startup Cost": 112767.24,"Total Cost": 112767.25,"Plan Rows": 1,"Plan Width": 64,"Actual Startup Time": 191.550,"Actual Total Time": 191.562,"Actual Rows": 1,"Actual Loops": 5,"Workers": [],"Plans": [{"Node Type": "Hash Join","Parent Relationship": "Outer","Parallel Aware": true,"Async Capable": false,"Join Type": "Inner","Startup Cost": 7827.74,"Total Cost": 112451.68,"Plan Rows": 18032,"Plan Width": 33,"Actual Startup Time": 62.703,"Actual Total Time": 185.698,"Actual Rows": 14327,"Actual Loops": 5,"Inner Unique": true,"Hash Cond": "(lineitem.l_partkey = part.p_partkey)","Workers": [],"Plans": [{"Node Type": "Bitmap Heap Scan","Parent Relationship": "Outer","Parallel Aware": true,"Async Capable": false,"Relation Name": "lineitem","Alias": "lineitem","Startup Cost": 1855.74,"Total Cost": 106432.35,"Plan Rows": 18032,"Plan Width": 16,"Actual Startup Time": 28.428,"Actual Total Time": 122.517,"Actual Rows": 14327,"Actual Loops": 5,"Recheck Cond": "((l_shipdate >= '1996-02-01'::date) AND (l_shipdate < '1996-03-01 00:00:00'::timestamp without time zone))","Rows Removed by Index Recheck": 0,"Exact Heap Blocks": 8588,"Lossy Heap Blocks": 0,"Workers": [],"Plans": [{"Node Type": "Bitmap Index Scan","Parent Relationship": "Outer","Parallel Aware": false,"Async Capable": false,"Index Name": "idx_lineitem_shipdate","Startup Cost": 0.00,"Total Cost": 1837.71,"Plan Rows": 72128,"Plan Width": 0,"Actual Startup Time": 22.136,"Actual Total Time": 22.138,"Actual Rows": 71636,"Actual Loops": 1,"Index Cond": "((l_shipdate >= '1996-02-01'::date) AND (l_shipdate < '1996-03-01 00:00:00'::timestamp without time zone))","Workers": []}]},{"Node Type": "Hash","Parent Relationship": "Inner","Parallel Aware": true,"Async Capable": false,"Startup Cost": 4930.33,"Total Cost": 4930.33,"Plan Rows": 83333,"Plan Width": 25,"Actual Startup Time": 33.546,"Actual Total Time": 33.549,"Actual Rows": 40000,"Actual Loops": 5,"Hash Buckets": 262144,"Original Hash Buckets": 262144,"Hash Batches": 1,"Original Hash Batches": 1,"Peak Memory Usage": 14240,"Workers": [],"Plans": [{"Node Type": "Seq Scan","Parent Relationship": "Outer","Parallel Aware": true,"Async Capable": false,"Relation Name": "part","Alias": "part","Startup Cost": 0.00,"Total Cost": 4930.33,"Plan Rows": 83333,"Plan Width": 25,"Actual Startup Time": 0.035,"Actual Total Time": 14.470,"Actual Rows": 40000,"Actual Loops": 5,"Workers": []}]}]}]}]}]},"Planning Time": 4.716,"Triggers": [],"Execution Time": 217.907}]
[{"Plan": {"Node Type": "Aggregate","Strategy": "Plain","Partial Mode": "Finalize","Parallel Aware": false,"Async Capable": false,"Startup Cost": 114902.36,"Total Cost": 114902.37,"Plan Rows": 1,"Plan Width": 32,"Actual Startup Time": 198.225,"Actual Total Time": 215.708,"Actual Rows": 1,"Actual Loops": 1,"Plans": [{"Node Type": "Gather","Parent Relationship": "Outer","Parallel Aware": false,"Async Capable": false,"Startup Cost": 114901.90,"Total Cost": 114902.31,"Plan Rows": 4,"Plan Width": 64,"Actual Startup Time": 196.886,"Actual Total Time": 215.657,"Actual Rows": 5,"Actual Loops": 1,"Workers Planned": 4,"Workers Launched": 4,"Single Copy": false,"Plans": [{"Node Type": "Aggregate","Strategy": "Plain","Partial Mode": "Partial","Parent Relationship": "Outer","Parallel Aware": false,"Async Capable": false,"Startup Cost": 113901.90,"Total Cost": 113901.91,"Plan Rows": 1,"Plan Width": 64,"Actual Startup Time": 188.997,"Actual Total Time": 189.007,"Actual Rows": 1,"Actual Loops": 5,"Workers": [],"Plans": [{"Node Type": "Hash Join","Parent Relationship": "Outer","Parallel Aware": true,"Async Capable": false,"Join Type": "Inner","Startup Cost": 7882.30,"Total Cost": 113576.71,"Plan Rows": 18582,"Plan Width": 33,"Actual Startup Time": 61.932,"Actual Total Time": 182.740,"Actual Rows": 15587,"Actual Loops": 5,"Inner Unique": true,"Hash Cond": "(lineitem.l_partkey = part.p_partkey)","Workers": [],"Plans": [{"Node Type": "Bitmap Heap Scan","Parent Relationship": "Outer","Parallel Aware": true,"Async Capable": false,"Relation Name": "lineitem","Alias": "lineitem","Startup Cost": 1910.30,"Total Cost": 107555.94,"Plan Rows": 18582,"Plan Width": 16,"Actual Startup Time": 22.647,"Actual Total Time": 112.380,"Actual Rows": 15587,"Actual Loops": 5,"Recheck Cond": "((l_shipdate >= '1996-12-01'::date) AND (l_shipdate < '1997-01-01 00:00:00'::timestamp without time zone))","Rows Removed by Index Recheck": 0,"Exact Heap Blocks": 7656,"Lossy Heap Blocks": 0,"Workers": [],"Plans": [{"Node Type": "Bitmap Index Scan","Parent Relationship": "Outer","Parallel Aware": false,"Async Capable": false,"Index Name": "idx_lineitem_shipdate","Startup Cost": 0.00,"Total Cost": 1891.72,"Plan Rows": 74329,"Plan Width": 0,"Actual Startup Time": 16.250,"Actual Total Time": 16.252,"Actual Rows": 77933,"Actual Loops": 1,"Index Cond": "((l_shipdate >= '1996-12-01'::date) AND (l_shipdate < '1997-01-01 00:00:00'::timestamp without time zone))","Workers": []}]},{"Node Type": "Hash","Parent Relationship": "Inner","Parallel Aware": true,"Async Capable": false,"Startup Cost": 4930.33,"Total Cost": 4930.33,"Plan Rows": 83333,"Plan Width": 25,"Actual Startup Time": 38.467,"Actual Total Time": 38.471,"Actual Rows": 40000,"Actual Loops": 5,"Hash Buckets": 262144,"Original Hash Buckets": 262144,"Hash Batches": 1,"Original Hash Batches": 1,"Peak Memory Usage": 14208,"Workers": [],"Plans": [{"Node Type": "Seq Scan","Parent Relationship": "Outer","Parallel Aware": true,"Async Capable": false,"Relation Name": "part","Alias": "part","Startup Cost": 0.00,"Total Cost": 4930.33,"Plan Rows": 83333,"Plan Width": 25,"Actual Startup Time": 0.033,"Actual Total Time": 18.148,"Actual Rows": 40000,"Actual Loops": 5,"Workers": []}]}]}]}]}]},"Planning Time": 4.024,"Triggers": [],"Execution Time": 215.988}]
[{"Plan": {"Node Type": "Aggregate","Strategy": "Plain","Partial Mode": "Finalize","Parallel Aware": false,"Async Capable": false,"Startup Cost": 115299.65,"Total Cost": 115299.66,"Plan Rows": 1,"Plan Width": 32,"Actual Startup Time": 212.428,"Actual Total Time": 230.455,"Actual Rows": 1,"Actual Loops": 1,"Plans": [{"Node Type": "Gather","Parent Relationship": "Outer","Parallel Aware": false,"Async Capable": false,"Startup Cost": 115299.19,"Total Cost": 115299.60,"Plan Rows": 4,"Plan Width": 64,"Actual Startup Time": 211.123,"Actual Total Time": 230.402,"Actual Rows": 5,"Actual Loops": 1,"Workers Planned": 4,"Workers Launched": 4,"Single Copy": false,"Plans": [{"Node Type": "Aggregate","Strategy": "Plain","Partial Mode": "Partial","Parent Relationship": "Outer","Parallel Aware": false,"Async Capable": false,"Startup Cost": 114299.19,"Total Cost": 114299.20,"Plan Rows": 1,"Plan Width": 64,"Actual Startup Time": 203.759,"Actual Total Time": 203.774,"Actual Rows": 1,"Actual Loops": 5,"Workers": [],"Plans": [{"Node Type": "Hash Join","Parent Relationship": "Outer","Parallel Aware": true,"Async Capable": false,"Join Type": "Inner","Startup Cost": 7902.50,"Total Cost": 113970.50,"Plan Rows": 18782,"Plan Width": 33,"Actual Startup Time": 75.167,"Actual Total Time": 197.633,"Actual Rows": 15058,"Actual Loops": 5,"Inner Unique": true,"Hash Cond": "(lineitem.l_partkey = part.p_partkey)","Workers": [],"Plans": [{"Node Type": "Bitmap Heap Scan","Parent Relationship": "Outer","Parallel Aware": true,"Async Capable": false,"Relation Name": "lineitem","Alias": "lineitem","Startup Cost": 1930.50,"Total Cost": 107949.20,"Plan Rows": 18782,"Plan Width": 16,"Actual Startup Time": 32.547,"Actual Total Time": 124.627,"Actual Rows": 15058,"Actual Loops": 5,"Recheck Cond": "((l_shipdate >= '1995-06-01'::date) AND (l_shipdate < '1995-07-01 00:00:00'::timestamp without time zone))","Rows Removed by Index Recheck": 0,"Exact Heap Blocks": 8490,"Lossy Heap Blocks": 0,"Workers": [],"Plans": [{"Node Type": "Bitmap Index Scan","Parent Relationship": "Outer","Parallel Aware": false,"Async Capable": false,"Index Name": "idx_lineitem_shipdate","Startup Cost": 0.00,"Total Cost": 1911.72,"Plan Rows": 75129,"Plan Width": 0,"Actual Startup Time": 25.914,"Actual Total Time": 25.917,"Actual Rows": 75292,"Actual Loops": 1,"Index Cond": "((l_shipdate >= '1995-06-01'::date) AND (l_shipdate < '1995-07-01 00:00:00'::timestamp without time zone))","Workers": []}]},{"Node Type": "Hash","Parent Relationship": "Inner","Parallel Aware": true,"Async Capable": false,"Startup Cost": 4930.33,"Total Cost": 4930.33,"Plan Rows": 83333,"Plan Width": 25,"Actual Startup Time": 41.902,"Actual Total Time": 41.907,"Actual Rows": 40000,"Actual Loops": 5,"Hash Buckets": 262144,"Original Hash Buckets": 262144,"Hash Batches": 1,"Original Hash Batches": 1,"Peak Memory Usage": 14208,"Workers": [],"Plans": [{"Node Type": "Seq Scan","Parent Relationship": "Outer","Parallel Aware": true,"Async Capable": false,"Relation Name": "part","Alias": "part","Startup Cost": 0.00,"Total Cost": 4930.33,"Plan Rows": 83333,"Plan Width": 25,"Actual Startup Time": 0.039,"Actual Total Time": 18.092,"Actual Rows": 40000,"Actual Loops": 5,"Workers": []}]}]}]}]}]},"Planning Time": 4.148,"Triggers": [],"Execution Time": 230.732}]
[{"Plan": {"Node Type": "Aggregate","Strategy": "Plain","Partial Mode": "Finalize","Parallel Aware": false,"Async Capable": false,"Startup Cost": 117951.42,"Total Cost": 117951.44,"Plan Rows": 1,"Plan Width": 32,"Actual Startup Time": 195.681,"Actual Total Time": 213.344,"Actual Rows": 1,"Actual Loops": 1,"Plans": [{"Node Type": "Gather","Parent Relationship": "Outer","Parallel Aware": false,"Async Capable": false,"Startup Cost": 117950.97,"Total Cost": 117951.38,"Plan Rows": 4,"Plan Width": 64,"Actual Startup Time": 194.406,"Actual Total Time": 213.290,"Actual Rows": 5,"Actual Loops": 1,"Workers Planned": 4,"Workers Launched": 4,"Single Copy": false,"Plans": [{"Node Type": "Aggregate","Strategy": "Plain","Partial Mode": "Partial","Parent Relationship": "Outer","Parallel Aware": false,"Async Capable": false,"Startup Cost": 116950.97,"Total Cost": 116950.98,"Plan Rows": 1,"Plan Width": 64,"Actual Startup Time": 186.783,"Actual Total Time": 186.797,"Actual Rows": 1,"Actual Loops": 5,"Workers": [],"Plans": [{"Node Type": "Hash Join","Parent Relationship": "Outer","Parallel Aware": true,"Async Capable": false,"Join Type": "Inner","Startup Cost": 8049.62,"Total Cost": 116597.04,"Plan Rows": 20224,"Plan Width": 33,"Actual Startup Time": 60.474,"Actual Total Time": 180.769,"Actual Rows": 15532,"Actual Loops": 5,"Inner Unique": true,"Hash Cond": "(lineitem.l_partkey = part.p_partkey)","Workers": [],"Plans": [{"Node Type": "Bitmap Heap Scan","Parent Relationship": "Outer","Parallel Aware": true,"Async Capable": false,"Relation Name": "lineitem","Alias": "lineitem","Startup Cost": 2077.63,"Total Cost": 110571.96,"Plan Rows": 20224,"Plan Width": 16,"Actual Startup Time": 22.143,"Actual Total Time": 111.653,"Actual Rows": 15532,"Actual Loops": 5,"Recheck Cond": "((l_shipdate >= '1993-10-01'::date) AND (l_shipdate < '1993-11-01 00:00:00'::timestamp without time zone))","Rows Removed by Index Recheck": 0,"Exact Heap Blocks": 7906,"Lossy Heap Blocks": 0,"Workers": [],"Plans": [{"Node Type": "Bitmap Index Scan","Parent Relationship": "Outer","Parallel Aware": false,"Async Capable": false,"Index Name": "idx_lineitem_shipdate","Startup Cost": 0.00,"Total Cost": 2057.40,"Plan Rows": 80897,"Plan Width": 0,"Actual Startup Time": 15.870,"Actual Total Time": 15.870,"Actual Rows": 77661,"Actual Loops": 1,"Index Cond": "((l_shipdate >= '1993-10-01'::date) AND (l_shipdate < '1993-11-01 00:00:00'::timestamp without time zone))","Workers": []}]},{"Node Type": "Hash","Parent Relationship": "Inner","Parallel Aware": true,"Async Capable": false,"Startup Cost": 4930.33,"Total Cost": 4930.33,"Plan Rows": 83333,"Plan Width": 25,"Actual Startup Time": 37.623,"Actual Total Time": 37.628,"Actual Rows": 40000,"Actual Loops": 5,"Hash Buckets": 262144,"Original Hash Buckets": 262144,"Hash Batches": 1,"Original Hash Batches": 1,"Peak Memory Usage": 14176,"Workers": [],"Plans": [{"Node Type": "Seq Scan","Parent Relationship": "Outer","Parallel Aware": true,"Async Capable": false,"Relation Name": "part","Alias": "part","Startup Cost": 0.00,"Total Cost": 4930.33,"Plan Rows": 83333,"Plan Width": 25,"Actual Startup Time": 0.033,"Actual Total Time": 16.489,"Actual Rows": 40000,"Actual Loops": 5,"Workers": []}]}]}]}]}]},"Planning Time": 4.158,"Triggers": [],"Execution Time": 213.609}]
[{"Plan": {"Node Type": "Aggregate","Strategy": "Plain","Partial Mode": "Finalize","Parallel Aware": false,"Async Capable": false,"Startup Cost": 115729.57,"Total Cost": 115729.59,"Plan Rows": 1,"Plan Width": 32,"Actual Startup Time": 204.888,"Actual Total Time": 221.461,"Actual Rows": 1,"Actual Loops": 1,"Plans": [{"Node Type": "Gather","Parent Relationship": "Outer","Parallel Aware": false,"Async Capable": false,"Startup Cost": 115729.12,"Total Cost": 115729.53,"Plan Rows": 4,"Plan Width": 64,"Actual Startup Time": 203.543,"Actual Total Time": 221.416,"Actual Rows": 5,"Actual Loops": 1,"Workers Planned": 4,"Workers Launched": 4,"Single Copy": false,"Plans": [{"Node Type": "Aggregate","Strategy": "Plain","Partial Mode": "Partial","Parent Relationship": "Outer","Parallel Aware": false,"Async Capable": false,"Startup Cost": 114729.12,"Total Cost": 114729.13,"Plan Rows": 1,"Plan Width": 64,"Actual Startup Time": 195.848,"Actual Total Time": 195.864,"Actual Rows": 1,"Actual Loops": 5,"Workers": [],"Plans": [{"Node Type": "Hash Join","Parent Relationship": "Outer","Parallel Aware": true,"Async Capable": false,"Join Type": "Inner","Startup Cost": 7927.48,"Total Cost": 114396.59,"Plan Rows": 19001,"Plan Width": 33,"Actual Startup Time": 68.169,"Actual Total Time": 189.649,"Actual Rows": 15436,"Actual Loops": 5,"Inner Unique": true,"Hash Cond": "(lineitem.l_partkey = part.p_partkey)","Workers": [],"Plans": [{"Node Type": "Bitmap Heap Scan","Parent Relationship": "Outer","Parallel Aware": true,"Async Capable": false,"Relation Name": "lineitem","Alias": "lineitem","Startup Cost": 1955.48,"Total Cost": 108374.72,"Plan Rows": 19001,"Plan Width": 16,"Actual Startup Time": 32.679,"Actual Total Time": 124.661,"Actual Rows": 15436,"Actual Loops": 5,"Recheck Cond": "((l_shipdate >= '1996-03-01'::date) AND (l_shipdate < '1996-04-01 00:00:00'::timestamp without time zone))","Rows Removed by Index Recheck": 0,"Exact Heap Blocks": 7444,"Lossy Heap Blocks": 0,"Workers": [],"Plans": [{"Node Type": "Bitmap Index Scan","Parent Relationship": "Outer","Parallel Aware": false,"Async Capable": false,"Index Name": "idx_lineitem_shipdate","Startup Cost": 0.00,"Total Cost": 1936.48,"Plan Rows": 76005,"Plan Width": 0,"Actual Startup Time": 26.050,"Actual Total Time": 26.055,"Actual Rows": 77182,"Actual Loops": 1,"Index Cond": "((l_shipdate >= '1996-03-01'::date) AND (l_shipdate < '1996-04-01 00:00:00'::timestamp without time zone))","Workers": []}]},{"Node Type": "Hash","Parent Relationship": "Inner","Parallel Aware": true,"Async Capable": false,"Startup Cost": 4930.33,"Total Cost": 4930.33,"Plan Rows": 83333,"Plan Width": 25,"Actual Startup Time": 34.792,"Actual Total Time": 34.798,"Actual Rows": 40000,"Actual Loops": 5,"Hash Buckets": 262144,"Original Hash Buckets": 262144,"Hash Batches": 1,"Original Hash Batches": 1,"Peak Memory Usage": 14240,"Workers": [],"Plans": [{"Node Type": "Seq Scan","Parent Relationship": "Outer","Parallel Aware": true,"Async Capable": false,"Relation Name": "part","Alias": "part","Startup Cost": 0.00,"Total Cost": 4930.33,"Plan Rows": 83333,"Plan Width": 25,"Actual Startup Time": 0.032,"Actual Total Time": 15.195,"Actual Rows": 40000,"Actual Loops": 5,"Workers": []}]}]}]}]}]},"Planning Time": 5.059,"Triggers": [],"Execution Time": 221.816}]
[{"Plan": {"Node Type": "Aggregate","Strategy": "Plain","Partial Mode": "Finalize","Parallel Aware": false,"Async Capable": false,"Startup Cost": 118399.89,"Total Cost": 118399.90,"Plan Rows": 1,"Plan Width": 32,"Actual Startup Time": 206.498,"Actual Total Time": 224.956,"Actual Rows": 1,"Actual Loops": 1,"Plans": [{"Node Type": "Gather","Parent Relationship": "Outer","Parallel Aware": false,"Async Capable": false,"Startup Cost": 118399.43,"Total Cost": 118399.84,"Plan Rows": 4,"Plan Width": 64,"Actual Startup Time": 205.062,"Actual Total Time": 224.906,"Actual Rows": 5,"Actual Loops": 1,"Workers Planned": 4,"Workers Launched": 4,"Single Copy": false,"Plans": [{"Node Type": "Aggregate","Strategy": "Plain","Partial Mode": "Partial","Parent Relationship": "Outer","Parallel Aware": false,"Async Capable": false,"Startup Cost": 117399.43,"Total Cost": 117399.44,"Plan Rows": 1,"Plan Width": 64,"Actual Startup Time": 196.971,"Actual Total Time": 196.979,"Actual Rows": 1,"Actual Loops": 5,"Workers": [],"Plans": [{"Node Type": "Hash Join","Parent Relationship": "Outer","Parallel Aware": true,"Async Capable": false,"Join Type": "Inner","Startup Cost": 8076.51,"Total Cost": 117040.85,"Plan Rows": 20490,"Plan Width": 33,"Actual Startup Time": 67.504,"Actual Total Time": 190.658,"Actual Rows": 15441,"Actual Loops": 5,"Inner Unique": true,"Hash Cond": "(lineitem.l_partkey = part.p_partkey)","Workers": [],"Plans": [{"Node Type": "Bitmap Heap Scan","Parent Relationship": "Outer","Parallel Aware": true,"Async Capable": false,"Relation Name": "lineitem","Alias": "lineitem","Startup Cost": 2104.51,"Total Cost": 111015.07,"Plan Rows": 20490,"Plan Width": 16,"Actual Startup Time": 31.187,"Actual Total Time": 124.229,"Actual Rows": 15441,"Actual Loops": 5,"Recheck Cond": "((l_shipdate >= '1993-07-01'::date) AND (l_shipdate < '1993-08-01 00:00:00'::timestamp without time zone))","Rows Removed by Index Recheck": 0,"Exact Heap Blocks": 7445,"Lossy Heap Blocks": 0,"Workers": [],"Plans": [{"Node Type": "Bitmap Index Scan","Parent Relationship": "Outer","Parallel Aware": false,"Async Capable": false,"Index Name": "idx_lineitem_shipdate","Startup Cost": 0.00,"Total Cost": 2084.02,"Plan Rows": 81959,"Plan Width": 0,"Actual Startup Time": 24.709,"Actual Total Time": 24.710,"Actual Rows": 77203,"Actual Loops": 1,"Index Cond": "((l_shipdate >= '1993-07-01'::date) AND (l_shipdate < '1993-08-01 00:00:00'::timestamp without time zone))","Workers": []}]},{"Node Type": "Hash","Parent Relationship": "Inner","Parallel Aware": true,"Async Capable": false,"Startup Cost": 4930.33,"Total Cost": 4930.33,"Plan Rows": 83333,"Plan Width": 25,"Actual Startup Time": 35.543,"Actual Total Time": 35.545,"Actual Rows": 40000,"Actual Loops": 5,"Hash Buckets": 262144,"Original Hash Buckets": 262144,"Hash Batches": 1,"Original Hash Batches": 1,"Peak Memory Usage": 14176,"Workers": [],"Plans": [{"Node Type": "Seq Scan","Parent Relationship": "Outer","Parallel Aware": true,"Async Capable": false,"Relation Name": "part","Alias": "part","Startup Cost": 0.00,"Total Cost": 4930.33,"Plan Rows": 83333,"Plan Width": 25,"Actual Startup Time": 0.027,"Actual Total Time": 16.751,"Actual Rows": 40000,"Actual Loops": 5,"Workers": []}]}]}]}]}]},"Planning Time": 4.294,"Triggers": [],"Execution Time": 225.229}]
[{"Plan": {"Node Type": "Aggregate","Strategy": "Plain","Partial Mode": "Finalize","Parallel Aware": false,"Async Capable": false,"Startup Cost": 117449.67,"Total Cost": 117449.68,"Plan Rows": 1,"Plan Width": 32,"Actual Startup Time": 199.712,"Actual Total Time": 217.714,"Actual Rows": 1,"Actual Loops": 1,"Plans": [{"Node Type": "Gather","Parent Relationship": "Outer","Parallel Aware": false,"Async Capable": false,"Startup Cost": 117449.21,"Total Cost": 117449.62,"Plan Rows": 4,"Plan Width": 64,"Actual Startup Time": 198.396,"Actual Total Time": 217.675,"Actual Rows": 5,"Actual Loops": 1,"Workers Planned": 4,"Workers Launched": 4,"Single Copy": false,"Plans": [{"Node Type": "Aggregate","Strategy": "Plain","Partial Mode": "Partial","Parent Relationship": "Outer","Parallel Aware": false,"Async Capable": false,"Startup Cost": 116449.21,"Total Cost": 116449.22,"Plan Rows": 1,"Plan Width": 64,"Actual Startup Time": 190.883,"Actual Total Time": 190.895,"Actual Rows": 1,"Actual Loops": 5,"Workers": [],"Plans": [{"Node Type": "Hash Join","Parent Relationship": "Outer","Parallel Aware": true,"Async Capable": false,"Join Type": "Inner","Startup Cost": 8021.73,"Total Cost": 116100.36,"Plan Rows": 19934,"Plan Width": 33,"Actual Startup Time": 64.708,"Actual Total Time": 184.712,"Actual Rows": 15580,"Actual Loops": 5,"Inner Unique": true,"Hash Cond": "(lineitem.l_partkey = part.p_partkey)","Workers": [],"Plans": [{"Node Type": "Bitmap Heap Scan","Parent Relationship": "Outer","Parallel Aware": true,"Async Capable": false,"Relation Name": "lineitem","Alias": "lineitem","Startup Cost": 2049.74,"Total Cost": 110076.04,"Plan Rows": 19934,"Plan Width": 16,"Actual Startup Time": 23.730,"Actual Total Time": 112.410,"Actual Rows": 15580,"Actual Loops": 5,"Recheck Cond": "((l_shipdate >= '1995-05-01'::date) AND (l_shipdate < '1995-06-01 00:00:00'::timestamp without time zone))","Rows Removed by Index Recheck": 0,"Exact Heap Blocks": 8270,"Lossy Heap Blocks": 0,"Workers": [],"Plans": [{"Node Type": "Bitmap Index Scan","Parent Relationship": "Outer","Parallel Aware": false,"Async Capable": false,"Index Name": "idx_lineitem_shipdate","Startup Cost": 0.00,"Total Cost": 2029.80,"Plan Rows": 79737,"Plan Width": 0,"Actual Startup Time": 17.296,"Actual Total Time": 17.299,"Actual Rows": 77900,"Actual Loops": 1,"Index Cond": "((l_shipdate >= '1995-05-01'::date) AND (l_shipdate < '1995-06-01 00:00:00'::timestamp without time zone))","Workers": []}]},{"Node Type": "Hash","Parent Relationship": "Inner","Parallel Aware": true,"Async Capable": false,"Startup Cost": 4930.33,"Total Cost": 4930.33,"Plan Rows": 83333,"Plan Width": 25,"Actual Startup Time": 40.148,"Actual Total Time": 40.152,"Actual Rows": 40000,"Actual Loops": 5,"Hash Buckets": 262144,"Original Hash Buckets": 262144,"Hash Batches": 1,"Original Hash Batches": 1,"Peak Memory Usage": 14208,"Workers": [],"Plans": [{"Node Type": "Seq Scan","Parent Relationship": "Outer","Parallel Aware": true,"Async Capable": false,"Relation Name": "part","Alias": "part","Startup Cost": 0.00,"Total Cost": 4930.33,"Plan Rows": 83333,"Plan Width": 25,"Actual Startup Time": 0.047,"Actual Total Time": 17.621,"Actual Rows": 40000,"Actual Loops": 5,"Workers": []}]}]}]}]}]},"Planning Time": 3.884,"Triggers": [],"Execution Time": 217.976}]
[{"Plan": {"Node Type": "Aggregate","Strategy": "Plain","Partial Mode": "Finalize","Parallel Aware": false,"Async Capable": false,"Startup Cost": 116921.16,"Total Cost": 116921.17,"Plan Rows": 1,"Plan Width": 32,"Actual Startup Time": 188.717,"Actual Total Time": 203.796,"Actual Rows": 1,"Actual Loops": 1,"Plans": [{"Node Type": "Gather","Parent Relationship": "Outer","Parallel Aware": false,"Async Capable": false,"Startup Cost": 116920.70,"Total Cost": 116921.11,"Plan Rows": 4,"Plan Width": 64,"Actual Startup Time": 187.795,"Actual Total Time": 203.760,"Actual Rows": 5,"Actual Loops": 1,"Workers Planned": 4,"Workers Launched": 4,"Single Copy": false,"Plans": [{"Node Type": "Aggregate","Strategy": "Plain","Partial Mode": "Partial","Parent Relationship": "Outer","Parallel Aware": false,"Async Capable": false,"Startup Cost": 115920.70,"Total Cost": 115920.71,"Plan Rows": 1,"Plan Width": 64,"Actual Startup Time": 178.906,"Actual Total Time": 178.917,"Actual Rows": 1,"Actual Loops": 5,"Workers": [],"Plans": [{"Node Type": "Hash Join","Parent Relationship": "Outer","Parallel Aware": true,"Async Capable": false,"Join Type": "Inner","Startup Cost": 7989.65,"Total Cost": 115577.00,"Plan Rows": 19640,"Plan Width": 33,"Actual Startup Time": 58.926,"Actual Total Time": 172.760,"Actual Rows": 15600,"Actual Loops": 5,"Inner Unique": true,"Hash Cond": "(lineitem.l_partkey = part.p_partkey)","Workers": [],"Plans": [{"Node Type": "Bitmap Heap Scan","Parent Relationship": "Outer","Parallel Aware": true,"Async Capable": false,"Relation Name": "lineitem","Alias": "lineitem","Startup Cost": 2017.65,"Total Cost": 109553.45,"Plan Rows": 19640,"Plan Width": 16,"Actual Startup Time": 22.345,"Actual Total Time": 105.470,"Actual Rows": 15600,"Actual Loops": 5,"Recheck Cond": "((l_shipdate >= '1996-10-01'::date) AND (l_shipdate < '1996-11-01 00:00:00'::timestamp without time zone))","Rows Removed by Index Recheck": 0,"Exact Heap Blocks": 6706,"Lossy Heap Blocks": 0,"Workers": [],"Plans": [{"Node Type": "Bitmap Index Scan","Parent Relationship": "Outer","Parallel Aware": false,"Async Capable": false,"Index Name": "idx_lineitem_shipdate","Startup Cost": 0.00,"Total Cost": 1998.01,"Plan Rows": 78558,"Plan Width": 0,"Actual Startup Time": 16.072,"Actual Total Time": 16.073,"Actual Rows": 78000,"Actual Loops": 1,"Index Cond": "((l_shipdate >= '1996-10-01'::date) AND (l_shipdate < '1996-11-01 00:00:00'::timestamp without time zone))","Workers": []}]},{"Node Type": "Hash","Parent Relationship": "Inner","Parallel Aware": true,"Async Capable": false,"Startup Cost": 4930.33,"Total Cost": 4930.33,"Plan Rows": 83333,"Plan Width": 25,"Actual Startup Time": 35.841,"Actual Total Time": 35.845,"Actual Rows": 40000,"Actual Loops": 5,"Hash Buckets": 262144,"Original Hash Buckets": 262144,"Hash Batches": 1,"Original Hash Batches": 1,"Peak Memory Usage": 14208,"Workers": [],"Plans": [{"Node Type": "Seq Scan","Parent Relationship": "Outer","Parallel Aware": true,"Async Capable": false,"Relation Name": "part","Alias": "part","Startup Cost": 0.00,"Total Cost": 4930.33,"Plan Rows": 83333,"Plan Width": 25,"Actual Startup Time": 0.045,"Actual Total Time": 16.936,"Actual Rows": 40000,"Actual Loops": 5,"Workers": []}]}]}]}]}]},"Planning Time": 5.387,"Triggers": [],"Execution Time": 204.098}]
[{"Plan": {"Node Type": "Aggregate","Strategy": "Plain","Partial Mode": "Finalize","Parallel Aware": false,"Async Capable": false,"Startup Cost": 115609.89,"Total Cost": 115609.90,"Plan Rows": 1,"Plan Width": 32,"Actual Startup Time": 193.817,"Actual Total Time": 211.351,"Actual Rows": 1,"Actual Loops": 1,"Plans": [{"Node Type": "Gather","Parent Relationship": "Outer","Parallel Aware": false,"Async Capable": false,"Startup Cost": 115609.43,"Total Cost": 115609.84,"Plan Rows": 4,"Plan Width": 64,"Actual Startup Time": 192.419,"Actual Total Time": 211.299,"Actual Rows": 5,"Actual Loops": 1,"Workers Planned": 4,"Workers Launched": 4,"Single Copy": false,"Plans": [{"Node Type": "Aggregate","Strategy": "Plain","Partial Mode": "Partial","Parent Relationship": "Outer","Parallel Aware": false,"Async Capable": false,"Startup Cost": 114609.43,"Total Cost": 114609.44,"Plan Rows": 1,"Plan Width": 64,"Actual Startup Time": 185.004,"Actual Total Time": 185.017,"Actual Rows": 1,"Actual Loops": 5,"Workers": [],"Plans": [{"Node Type": "Hash Join","Parent Relationship": "Outer","Parallel Aware": true,"Async Capable": false,"Join Type": "Inner","Startup Cost": 7920.94,"Total Cost": 114277.99,"Plan Rows": 18939,"Plan Width": 33,"Actual Startup Time": 60.368,"Actual Total Time": 178.970,"Actual Rows": 15437,"Actual Loops": 5,"Inner Unique": true,"Hash Cond": "(lineitem.l_partkey = part.p_partkey)","Workers": [],"Plans": [{"Node Type": "Bitmap Heap Scan","Parent Relationship": "Outer","Parallel Aware": true,"Async Capable": false,"Relation Name": "lineitem","Alias": "lineitem","Startup Cost": 1948.94,"Total Cost": 108256.28,"Plan Rows": 18939,"Plan Width": 16,"Actual Startup Time": 23.075,"Actual Total Time": 110.836,"Actual Rows": 15437,"Actual Loops": 5,"Recheck Cond": "((l_shipdate >= '1994-07-01'::date) AND (l_shipdate < '1994-08-01 00:00:00'::timestamp without time zone))","Rows Removed by Index Recheck": 0,"Exact Heap Blocks": 7823,"Lossy Heap Blocks": 0,"Workers": [],"Plans": [{"Node Type": "Bitmap Index Scan","Parent Relationship": "Outer","Parallel Aware": false,"Async Capable": false,"Index Name": "idx_lineitem_shipdate","Startup Cost": 0.00,"Total Cost": 1930.00,"Plan Rows": 75757,"Plan Width": 0,"Actual Startup Time": 16.721,"Actual Total Time": 16.724,"Actual Rows": 77186,"Actual Loops": 1,"Index Cond": "((l_shipdate >= '1994-07-01'::date) AND (l_shipdate < '1994-08-01 00:00:00'::timestamp without time zone))","Workers": []}]},{"Node Type": "Hash","Parent Relationship": "Inner","Parallel Aware": true,"Async Capable": false,"Startup Cost": 4930.33,"Total Cost": 4930.33,"Plan Rows": 83333,"Plan Width": 25,"Actual Startup Time": 36.560,"Actual Total Time": 36.565,"Actual Rows": 40000,"Actual Loops": 5,"Hash Buckets": 262144,"Original Hash Buckets": 262144,"Hash Batches": 1,"Original Hash Batches": 1,"Peak Memory Usage": 14240,"Workers": [],"Plans": [{"Node Type": "Seq Scan","Parent Relationship": "Outer","Parallel Aware": true,"Async Capable": false,"Relation Name": "part","Alias": "part","Startup Cost": 0.00,"Total Cost": 4930.33,"Plan Rows": 83333,"Plan Width": 25,"Actual Startup Time": 0.029,"Actual Total Time": 15.824,"Actual Rows": 40000,"Actual Loops": 5,"Workers": []}]}]}]}]}]},"Planning Time": 4.753,"Triggers": [],"Execution Time": 211.654}]
[{"Plan": {"Node Type": "Aggregate","Strategy": "Plain","Partial Mode": "Finalize","Parallel Aware": false,"Async Capable": false,"Startup Cost": 115568.92,"Total Cost": 115568.93,"Plan Rows": 1,"Plan Width": 32,"Actual Startup Time": 198.211,"Actual Total Time": 214.313,"Actual Rows": 1,"Actual Loops": 1,"Plans": [{"Node Type": "Gather","Parent Relationship": "Outer","Parallel Aware": false,"Async Capable": false,"Startup Cost": 115568.46,"Total Cost": 115568.87,"Plan Rows": 4,"Plan Width": 64,"Actual Startup Time": 196.556,"Actual Total Time": 214.277,"Actual Rows": 5,"Actual Loops": 1,"Workers Planned": 4,"Workers Launched": 4,"Single Copy": false,"Plans": [{"Node Type": "Aggregate","Strategy": "Plain","Partial Mode": "Partial","Parent Relationship": "Outer","Parallel Aware": false,"Async Capable": false,"Startup Cost": 114568.46,"Total Cost": 114568.47,"Plan Rows": 1,"Plan Width": 64,"Actual Startup Time": 188.912,"Actual Total Time": 188.920,"Actual Rows": 1,"Actual Loops": 5,"Workers": [],"Plans": [{"Node Type": "Hash Join","Parent Relationship": "Outer","Parallel Aware": true,"Async Capable": false,"Join Type": "Inner","Startup Cost": 7916.14,"Total Cost": 114237.36,"Plan Rows": 18920,"Plan Width": 33,"Actual Startup Time": 68.543,"Actual Total Time": 183.128,"Actual Rows": 14828,"Actual Loops": 5,"Inner Unique": true,"Hash Cond": "(lineitem.l_partkey = part.p_partkey)","Workers": [],"Plans": [{"Node Type": "Bitmap Heap Scan","Parent Relationship": "Outer","Parallel Aware": true,"Async Capable": false,"Relation Name": "lineitem","Alias": "lineitem","Startup Cost": 1944.14,"Total Cost": 108215.70,"Plan Rows": 18920,"Plan Width": 16,"Actual Startup Time": 28.406,"Actual Total Time": 116.686,"Actual Rows": 14828,"Actual Loops": 5,"Recheck Cond": "((l_shipdate >= '1993-06-01'::date) AND (l_shipdate < '1993-07-01 00:00:00'::timestamp without time zone))","Rows Removed by Index Recheck": 0,"Exact Heap Blocks": 8209,"Lossy Heap Blocks": 0,"Workers": [],"Plans": [{"Node Type": "Bitmap Index Scan","Parent Relationship": "Outer","Parallel Aware": false,"Async Capable": false,"Index Name": "idx_lineitem_shipdate","Startup Cost": 0.00,"Total Cost": 1925.22,"Plan Rows": 75679,"Plan Width": 0,"Actual Startup Time": 21.967,"Actual Total Time": 21.969,"Actual Rows": 74139,"Actual Loops": 1,"Index Cond": "((l_shipdate >= '1993-06-01'::date) AND (l_shipdate < '1993-07-01 00:00:00'::timestamp without time zone))","Workers": []}]},{"Node Type": "Hash","Parent Relationship": "Inner","Parallel Aware": true,"Async Capable": false,"Startup Cost": 4930.33,"Total Cost": 4930.33,"Plan Rows": 83333,"Plan Width": 25,"Actual Startup Time": 39.291,"Actual Total Time": 39.293,"Actual Rows": 40000,"Actual Loops": 5,"Hash Buckets": 262144,"Original Hash Buckets": 262144,"Hash Batches": 1,"Original Hash Batches": 1,"Peak Memory Usage": 14240,"Workers": [],"Plans": [{"Node Type": "Seq Scan","Parent Relationship": "Outer","Parallel Aware": true,"Async Capable": false,"Relation Name": "part","Alias": "part","Startup Cost": 0.00,"Total Cost": 4930.33,"Plan Rows": 83333,"Plan Width": 25,"Actual Startup Time": 0.029,"Actual Total Time": 17.919,"Actual Rows": 40000,"Actual Loops": 5,"Workers": []}]}]}]}]}]},"Planning Time": 4.579,"Triggers": [],"Execution Time": 214.598}]
[{"Plan": {"Node Type": "Aggregate","Strategy": "Plain","Partial Mode": "Finalize","Parallel Aware": false,"Async Capable": false,"Startup Cost": 116135.64,"Total Cost": 116135.65,"Plan Rows": 1,"Plan Width": 32,"Actual Startup Time": 195.995,"Actual Total Time": 214.059,"Actual Rows": 1,"Actual Loops": 1,"Plans": [{"Node Type": "Gather","Parent Relationship": "Outer","Parallel Aware": false,"Async Capable": false,"Startup Cost": 116135.18,"Total Cost": 116135.59,"Plan Rows": 4,"Plan Width": 64,"Actual Startup Time": 194.581,"Actual Total Time": 214.025,"Actual Rows": 5,"Actual Loops": 1,"Workers Planned": 4,"Workers Launched": 4,"Single Copy": false,"Plans": [{"Node Type": "Aggregate","Strategy": "Plain","Partial Mode": "Partial","Parent Relationship": "Outer","Parallel Aware": false,"Async Capable": false,"Startup Cost": 115135.18,"Total Cost": 115135.19,"Plan Rows": 1,"Plan Width": 64,"Actual Startup Time": 187.052,"Actual Total Time": 187.062,"Actual Rows": 1,"Actual Loops": 5,"Workers": [],"Plans": [{"Node Type": "Hash Join","Parent Relationship": "Outer","Parallel Aware": true,"Async Capable": false,"Join Type": "Inner","Startup Cost": 7948.21,"Total Cost": 114798.93,"Plan Rows": 19214,"Plan Width": 33,"Actual Startup Time": 59.823,"Actual Total Time": 180.842,"Actual Rows": 15427,"Actual Loops": 5,"Inner Unique": true,"Hash Cond": "(lineitem.l_partkey = part.p_partkey)","Workers": [],"Plans": [{"Node Type": "Bitmap Heap Scan","Parent Relationship": "Outer","Parallel Aware": true,"Async Capable": false,"Relation Name": "lineitem","Alias": "lineitem","Startup Cost": 1976.22,"Total Cost": 108776.50,"Plan Rows": 19214,"Plan Width": 16,"Actual Startup Time": 22.994,"Actual Total Time": 113.362,"Actual Rows": 15427,"Actual Loops": 5,"Recheck Cond": "((l_shipdate >= '1996-01-01'::date) AND (l_shipdate < '1996-02-01 00:00:00'::timestamp without time zone))","Rows Removed by Index Recheck": 0,"Exact Heap Blocks": 7617,"Lossy Heap Blocks": 0,"Workers": [],"Plans": [{"Node Type": "Bitmap Index Scan","Parent Relationship": "Outer","Parallel Aware": false,"Async Capable": false,"Index Name": "idx_lineitem_shipdate","Startup Cost": 0.00,"Total Cost": 1957.00,"Plan Rows": 76857,"Plan Width": 0,"Actual Startup Time": 16.699,"Actual Total Time": 16.700,"Actual Rows": 77136,"Actual Loops": 1,"Index Cond": "((l_shipdate >= '1996-01-01'::date) AND (l_shipdate < '1996-02-01 00:00:00'::timestamp without time zone))","Workers": []}]},{"Node Type": "Hash","Parent Relationship": "Inner","Parallel Aware": true,"Async Capable": false,"Startup Cost": 4930.33,"Total Cost": 4930.33,"Plan Rows": 83333,"Plan Width": 25,"Actual Startup Time": 36.068,"Actual Total Time": 36.071,"Actual Rows": 40000,"Actual Loops": 5,"Hash Buckets": 262144,"Original Hash Buckets": 262144,"Hash Batches": 1,"Original Hash Batches": 1,"Peak Memory Usage": 14208,"Workers": [],"Plans": [{"Node Type": "Seq Scan","Parent Relationship": "Outer","Parallel Aware": true,"Async Capable": false,"Relation Name": "part","Alias": "part","Startup Cost": 0.00,"Total Cost": 4930.33,"Plan Rows": 83333,"Plan Width": 25,"Actual Startup Time": 0.038,"Actual Total Time": 16.692,"Actual Rows": 40000,"Actual Loops": 5,"Workers": []}]}]}]}]}]},"Planning Time": 4.110,"Triggers": [],"Execution Time": 214.344}]
[{"Plan": {"Node Type": "Aggregate","Strategy": "Plain","Partial Mode": "Finalize","Parallel Aware": false,"Async Capable": false,"Startup Cost": 113646.78,"Total Cost": 113646.79,"Plan Rows": 1,"Plan Width": 32,"Actual Startup Time": 193.479,"Actual Total Time": 211.551,"Actual Rows": 1,"Actual Loops": 1,"Plans": [{"Node Type": "Gather","Parent Relationship": "Outer","Parallel Aware": false,"Async Capable": false,"Startup Cost": 113646.32,"Total Cost": 113646.73,"Plan Rows": 4,"Plan Width": 64,"Actual Startup Time": 191.636,"Actual Total Time": 211.507,"Actual Rows": 5,"Actual Loops": 1,"Workers Planned": 4,"Workers Launched": 4,"Single Copy": false,"Plans": [{"Node Type": "Aggregate","Strategy": "Plain","Partial Mode": "Partial","Parent Relationship": "Outer","Parallel Aware": false,"Async Capable": false,"Startup Cost": 112646.32,"Total Cost": 112646.33,"Plan Rows": 1,"Plan Width": 64,"Actual Startup Time": 184.663,"Actual Total Time": 184.673,"Actual Rows": 1,"Actual Loops": 5,"Workers": [],"Plans": [{"Node Type": "Hash Join","Parent Relationship": "Outer","Parallel Aware": true,"Async Capable": false,"Join Type": "Inner","Startup Cost": 7821.42,"Total Cost": 112331.74,"Plan Rows": 17976,"Plan Width": 33,"Actual Startup Time": 63.095,"Actual Total Time": 178.751,"Actual Rows": 15412,"Actual Loops": 5,"Inner Unique": true,"Hash Cond": "(lineitem.l_partkey = part.p_partkey)","Workers": [],"Plans": [{"Node Type": "Bitmap Heap Scan","Parent Relationship": "Outer","Parallel Aware": true,"Async Capable": false,"Relation Name": "lineitem","Alias": "lineitem","Startup Cost": 1849.43,"Total Cost": 106312.56,"Plan Rows": 17976,"Plan Width": 16,"Actual Startup Time": 23.121,"Actual Total Time": 106.921,"Actual Rows": 15412,"Actual Loops": 5,"Recheck Cond": "((l_shipdate >= '1996-05-01'::date) AND (l_shipdate < '1996-06-01 00:00:00'::timestamp without time zone))","Rows Removed by Index Recheck": 0,"Exact Heap Blocks": 8126,"Lossy Heap Blocks": 0,"Workers": [],"Plans": [{"Node Type": "Bitmap Index Scan","Parent Relationship": "Outer","Parallel Aware": false,"Async Capable": false,"Index Name": "idx_lineitem_shipdate","Startup Cost": 0.00,"Total Cost": 1831.45,"Plan Rows": 71902,"Plan Width": 0,"Actual Startup Time": 16.762,"Actual Total Time": 16.763,"Actual Rows": 77062,"Actual Loops": 1,"Index Cond": "((l_shipdate >= '1996-05-01'::date) AND (l_shipdate < '1996-06-01 00:00:00'::timestamp without time zone))","Workers": []}]},{"Node Type": "Hash","Parent Relationship": "Inner","Parallel Aware": true,"Async Capable": false,"Startup Cost": 4930.33,"Total Cost": 4930.33,"Plan Rows": 83333,"Plan Width": 25,"Actual Startup Time": 39.312,"Actual Total Time": 39.315,"Actual Rows": 40000,"Actual Loops": 5,"Hash Buckets": 262144,"Original Hash Buckets": 262144,"Hash Batches": 1,"Original Hash Batches": 1,"Peak Memory Usage": 14208,"Workers": [],"Plans": [{"Node Type": "Seq Scan","Parent Relationship": "Outer","Parallel Aware": true,"Async Capable": false,"Relation Name": "part","Alias": "part","Startup Cost": 0.00,"Total Cost": 4930.33,"Plan Rows": 83333,"Plan Width": 25,"Actual Startup Time": 0.033,"Actual Total Time": 17.021,"Actual Rows": 40000,"Actual Loops": 5,"Workers": []}]}]}]}]}]},"Planning Time": 5.257,"Triggers": [],"Execution Time": 211.778}]
[{"Plan": {"Node Type": "Aggregate","Strategy": "Plain","Partial Mode": "Finalize","Parallel Aware": false,"Async Capable": false,"Startup Cost": 117007.92,"Total Cost": 117007.93,"Plan Rows": 1,"Plan Width": 32,"Actual Startup Time": 189.829,"Actual Total Time": 206.980,"Actual Rows": 1,"Actual Loops": 1,"Plans": [{"Node Type": "Gather","Parent Relationship": "Outer","Parallel Aware": false,"Async Capable": false,"Startup Cost": 117007.46,"Total Cost": 117007.87,"Plan Rows": 4,"Plan Width": 64,"Actual Startup Time": 188.175,"Actual Total Time": 206.940,"Actual Rows": 5,"Actual Loops": 1,"Workers Planned": 4,"Workers Launched": 4,"Single Copy": false,"Plans": [{"Node Type": "Aggregate","Strategy": "Plain","Partial Mode": "Partial","Parent Relationship": "Outer","Parallel Aware": false,"Async Capable": false,"Startup Cost": 116007.46,"Total Cost": 116007.47,"Plan Rows": 1,"Plan Width": 64,"Actual Startup Time": 180.947,"Actual Total Time": 180.957,"Actual Rows": 1,"Actual Loops": 5,"Workers": [],"Plans": [{"Node Type": "Hash Join","Parent Relationship": "Outer","Parallel Aware": true,"Async Capable": false,"Join Type": "Inner","Startup Cost": 7995.60,"Total Cost": 115662.94,"Plan Rows": 19687,"Plan Width": 33,"Actual Startup Time": 58.068,"Actual Total Time": 174.672,"Actual Rows": 15581,"Actual Loops": 5,"Inner Unique": true,"Hash Cond": "(lineitem.l_partkey = part.p_partkey)","Workers": [],"Plans": [{"Node Type": "Bitmap Heap Scan","Parent Relationship": "Outer","Parallel Aware": true,"Async Capable": false,"Relation Name": "lineitem","Alias": "lineitem","Startup Cost": 2023.60,"Total Cost": 109639.26,"Plan Rows": 19687,"Plan Width": 16,"Actual Startup Time": 23.375,"Actual Total Time": 109.958,"Actual Rows": 15581,"Actual Loops": 5,"Recheck Cond": "((l_shipdate >= '1997-08-01'::date) AND (l_shipdate < '1997-09-01 00:00:00'::timestamp without time zone))","Rows Removed by Index Recheck": 0,"Exact Heap Blocks": 8451,"Lossy Heap Blocks": 0,"Workers": [],"Plans": [{"Node Type": "Bitmap Index Scan","Parent Relationship": "Outer","Parallel Aware": false,"Async Capable": false,"Index Name": "idx_lineitem_shipdate","Startup Cost": 0.00,"Total Cost": 2003.91,"Plan Rows": 78748,"Plan Width": 0,"Actual Startup Time": 16.902,"Actual Total Time": 16.905,"Actual Rows": 77905,"Actual Loops": 1,"Index Cond": "((l_shipdate >= '1997-08-01'::date) AND (l_shipdate < '1997-09-01 00:00:00'::timestamp without time zone))","Workers": []}]},{"Node Type": "Hash","Parent Relationship": "Inner","Parallel Aware": true,"Async Capable": false,"Startup Cost": 4930.33,"Total Cost": 4930.33,"Plan Rows": 83333,"Plan Width": 25,"Actual Startup Time": 33.961,"Actual Total Time": 33.964,"Actual Rows": 40000,"Actual Loops": 5,"Hash Buckets": 262144,"Original Hash Buckets": 262144,"Hash Batches": 1,"Original Hash Batches": 1,"Peak Memory Usage": 14208,"Workers": [],"Plans": [{"Node Type": "Seq Scan","Parent Relationship": "Outer","Parallel Aware": true,"Async Capable": false,"Relation Name": "part","Alias": "part","Startup Cost": 0.00,"Total Cost": 4930.33,"Plan Rows": 83333,"Plan Width": 25,"Actual Startup Time": 0.029,"Actual Total Time": 14.872,"Actual Rows": 40000,"Actual Loops": 5,"Workers": []}]}]}]}]}]},"Planning Time": 4.521,"Triggers": [],"Execution Time": 207.275}]
[{"Plan": {"Node Type": "Aggregate","Strategy": "Plain","Partial Mode": "Finalize","Parallel Aware": false,"Async Capable": false,"Startup Cost": 115299.65,"Total Cost": 115299.66,"Plan Rows": 1,"Plan Width": 32,"Actual Startup Time": 212.428,"Actual Total Time": 230.455,"Actual Rows": 1,"Actual Loops": 1,"Plans": [{"Node Type": "Gather","Parent Relationship": "Outer","Parallel Aware": false,"Async Capable": false,"Startup Cost": 115299.19,"Total Cost": 115299.60,"Plan Rows": 4,"Plan Width": 64,"Actual Startup Time": 211.123,"Actual Total Time": 230.402,"Actual Rows": 5,"Actual Loops": 1,"Workers Planned": 4,"Workers Launched": 4,"Single Copy": false,"Plans": [{"Node Type": "Aggregate","Strategy": "Plain","Partial Mode": "Partial","Parent Relationship": "Outer","Parallel Aware": false,"Async Capable": false,"Startup Cost": 114299.19,"Total Cost": 114299.20,"Plan Rows": 1,"Plan Width": 64,"Actual Startup Time": 203.759,"Actual Total Time": 203.774,"Actual Rows": 1,"Actual Loops": 5,"Workers": [],"Plans": [{"Node Type": "Hash Join","Parent Relationship": "Outer","Parallel Aware": true,"Async Capable": false,"Join Type": "Inner","Startup Cost": 7902.50,"Total Cost": 113970.50,"Plan Rows": 18782,"Plan Width": 33,"Actual Startup Time": 75.167,"Actual Total Time": 197.633,"Actual Rows": 15058,"Actual Loops": 5,"Inner Unique": true,"Hash Cond": "(lineitem.l_partkey = part.p_partkey)","Workers": [],"Plans": [{"Node Type": "Bitmap Heap Scan","Parent Relationship": "Outer","Parallel Aware": true,"Async Capable": false,"Relation Name": "lineitem","Alias": "lineitem","Startup Cost": 1930.50,"Total Cost": 107949.20,"Plan Rows": 18782,"Plan Width": 16,"Actual Startup Time": 32.547,"Actual Total Time": 124.627,"Actual Rows": 15058,"Actual Loops": 5,"Recheck Cond": "((l_shipdate >= '1995-06-01'::date) AND (l_shipdate < '1995-07-01 00:00:00'::timestamp without time zone))","Rows Removed by Index Recheck": 0,"Exact Heap Blocks": 8490,"Lossy Heap Blocks": 0,"Workers": [],"Plans": [{"Node Type": "Bitmap Index Scan","Parent Relationship": "Outer","Parallel Aware": false,"Async Capable": false,"Index Name": "idx_lineitem_shipdate","Startup Cost": 0.00,"Total Cost": 1911.72,"Plan Rows": 75129,"Plan Width": 0,"Actual Startup Time": 25.914,"Actual Total Time": 25.917,"Actual Rows": 75292,"Actual Loops": 1,"Index Cond": "((l_shipdate >= '1995-06-01'::date) AND (l_shipdate < '1995-07-01 00:00:00'::timestamp without time zone))","Workers": []}]},{"Node Type": "Hash","Parent Relationship": "Inner","Parallel Aware": true,"Async Capable": false,"Startup Cost": 4930.33,"Total Cost": 4930.33,"Plan Rows": 83333,"Plan Width": 25,"Actual Startup Time": 41.902,"Actual Total Time": 41.907,"Actual Rows": 40000,"Actual Loops": 5,"Hash Buckets": 262144,"Original Hash Buckets": 262144,"Hash Batches": 1,"Original Hash Batches": 1,"Peak Memory Usage": 14208,"Workers": [],"Plans": [{"Node Type": "Seq Scan","Parent Relationship": "Outer","Parallel Aware": true,"Async Capable": false,"Relation Name": "part","Alias": "part","Startup Cost": 0.00,"Total Cost": 4930.33,"Plan Rows": 83333,"Plan Width": 25,"Actual Startup Time": 0.039,"Actual Total Time": 18.092,"Actual Rows": 40000,"Actual Loops": 5,"Workers": []}]}]}]}]}]},"Planning Time": 4.148,"Triggers": [],"Execution Time": 230.732}]
[{"Plan": {"Node Type": "Aggregate","Strategy": "Plain","Partial Mode": "Finalize","Parallel Aware": false,"Async Capable": false,"Startup Cost": 116423.51,"Total Cost": 116423.52,"Plan Rows": 1,"Plan Width": 32,"Actual Startup Time": 193.419,"Actual Total Time": 210.903,"Actual Rows": 1,"Actual Loops": 1,"Plans": [{"Node Type": "Gather","Parent Relationship": "Outer","Parallel Aware": false,"Async Capable": false,"Startup Cost": 116423.05,"Total Cost": 116423.46,"Plan Rows": 4,"Plan Width": 64,"Actual Startup Time": 191.772,"Actual Total Time": 210.852,"Actual Rows": 5,"Actual Loops": 1,"Workers Planned": 4,"Workers Launched": 4,"Single Copy": false,"Plans": [{"Node Type": "Aggregate","Strategy": "Plain","Partial Mode": "Partial","Parent Relationship": "Outer","Parallel Aware": false,"Async Capable": false,"Startup Cost": 115423.05,"Total Cost": 115423.06,"Plan Rows": 1,"Plan Width": 64,"Actual Startup Time": 184.034,"Actual Total Time": 184.046,"Actual Rows": 1,"Actual Loops": 5,"Workers": [],"Plans": [{"Node Type": "Hash Join","Parent Relationship": "Outer","Parallel Aware": true,"Async Capable": false,"Join Type": "Inner","Startup Cost": 7962.54,"Total Cost": 115084.11,"Plan Rows": 19368,"Plan Width": 33,"Actual Startup Time": 59.026,"Actual Total Time": 177.787,"Actual Rows": 15441,"Actual Loops": 5,"Inner Unique": true,"Hash Cond": "(lineitem.l_partkey = part.p_partkey)","Workers": [],"Plans": [{"Node Type": "Bitmap Heap Scan","Parent Relationship": "Outer","Parallel Aware": true,"Async Capable": false,"Relation Name": "lineitem","Alias": "lineitem","Startup Cost": 1990.54,"Total Cost": 109061.27,"Plan Rows": 19368,"Plan Width": 16,"Actual Startup Time": 22.262,"Actual Total Time": 110.318,"Actual Rows": 15441,"Actual Loops": 5,"Recheck Cond": "((l_shipdate >= '1995-12-01'::date) AND (l_shipdate < '1996-01-01 00:00:00'::timestamp without time zone))","Rows Removed by Index Recheck": 0,"Exact Heap Blocks": 7749,"Lossy Heap Blocks": 0,"Workers": [],"Plans": [{"Node Type": "Bitmap Index Scan","Parent Relationship": "Outer","Parallel Aware": false,"Async Capable": false,"Index Name": "idx_lineitem_shipdate","Startup Cost": 0.00,"Total Cost": 1971.17,"Plan Rows": 77474,"Plan Width": 0,"Actual Startup Time": 16.016,"Actual Total Time": 16.018,"Actual Rows": 77203,"Actual Loops": 1,"Index Cond": "((l_shipdate >= '1995-12-01'::date) AND (l_shipdate < '1996-01-01 00:00:00'::timestamp without time zone))","Workers": []}]},{"Node Type": "Hash","Parent Relationship": "Inner","Parallel Aware": true,"Async Capable": false,"Startup Cost": 4930.33,"Total Cost": 4930.33,"Plan Rows": 83333,"Plan Width": 25,"Actual Startup Time": 36.084,"Actual Total Time": 36.088,"Actual Rows": 40000,"Actual Loops": 5,"Hash Buckets": 262144,"Original Hash Buckets": 262144,"Hash Batches": 1,"Original Hash Batches": 1,"Peak Memory Usage": 14208,"Workers": [],"Plans": [{"Node Type": "Seq Scan","Parent Relationship": "Outer","Parallel Aware": true,"Async Capable": false,"Relation Name": "part","Alias": "part","Startup Cost": 0.00,"Total Cost": 4930.33,"Plan Rows": 83333,"Plan Width": 25,"Actual Startup Time": 0.025,"Actual Total Time": 17.161,"Actual Rows": 40000,"Actual Loops": 5,"Workers": []}]}]}]}]}]},"Planning Time": 5.431,"Triggers": [],"Execution Time": 211.162}]
[{"Plan": {"Node Type": "Aggregate","Strategy": "Plain","Partial Mode": "Finalize","Parallel Aware": false,"Async Capable": false,"Startup Cost": 114861.81,"Total Cost": 114861.82,"Plan Rows": 1,"Plan Width": 32,"Actual Startup Time": 188.604,"Actual Total Time": 205.507,"Actual Rows": 1,"Actual Loops": 1,"Plans": [{"Node Type": "Gather","Parent Relationship": "Outer","Parallel Aware": false,"Async Capable": false,"Startup Cost": 114861.35,"Total Cost": 114861.76,"Plan Rows": 4,"Plan Width": 64,"Actual Startup Time": 187.236,"Actual Total Time": 205.453,"Actual Rows": 5,"Actual Loops": 1,"Workers Planned": 4,"Workers Launched": 4,"Single Copy": false,"Plans": [{"Node Type": "Aggregate","Strategy": "Plain","Partial Mode": "Partial","Parent Relationship": "Outer","Parallel Aware": false,"Async Capable": false,"Startup Cost": 113861.35,"Total Cost": 113861.36,"Plan Rows": 1,"Plan Width": 64,"Actual Startup Time": 179.741,"Actual Total Time": 179.759,"Actual Rows": 1,"Actual Loops": 5,"Workers": [],"Plans": [{"Node Type": "Hash Join","Parent Relationship": "Outer","Parallel Aware": true,"Async Capable": false,"Join Type": "Inner","Startup Cost": 7881.45,"Total Cost": 113536.51,"Plan Rows": 18562,"Plan Width": 33,"Actual Startup Time": 60.790,"Actual Total Time": 173.757,"Actual Rows": 15501,"Actual Loops": 5,"Inner Unique": true,"Hash Cond": "(lineitem.l_partkey = part.p_partkey)","Workers": [],"Plans": [{"Node Type": "Bitmap Heap Scan","Parent Relationship": "Outer","Parallel Aware": true,"Async Capable": false,"Relation Name": "lineitem","Alias": "lineitem","Startup Cost": 1909.45,"Total Cost": 107515.79,"Plan Rows": 18561,"Plan Width": 16,"Actual Startup Time": 23.212,"Actual Total Time": 106.658,"Actual Rows": 15501,"Actual Loops": 5,"Recheck Cond": "((l_shipdate >= '1995-08-01'::date) AND (l_shipdate < '1995-09-01 00:00:00'::timestamp without time zone))","Rows Removed by Index Recheck": 0,"Exact Heap Blocks": 7755,"Lossy Heap Blocks": 0,"Workers": [],"Plans": [{"Node Type": "Bitmap Index Scan","Parent Relationship": "Outer","Parallel Aware": false,"Async Capable": false,"Index Name": "idx_lineitem_shipdate","Startup Cost": 0.00,"Total Cost": 1890.89,"Plan Rows": 74246,"Plan Width": 0,"Actual Startup Time": 16.821,"Actual Total Time": 16.824,"Actual Rows": 77505,"Actual Loops": 1,"Index Cond": "((l_shipdate >= '1995-08-01'::date) AND (l_shipdate < '1995-09-01 00:00:00'::timestamp without time zone))","Workers": []}]},{"Node Type": "Hash","Parent Relationship": "Inner","Parallel Aware": true,"Async Capable": false,"Startup Cost": 4930.33,"Total Cost": 4930.33,"Plan Rows": 83333,"Plan Width": 25,"Actual Startup Time": 36.743,"Actual Total Time": 36.750,"Actual Rows": 40000,"Actual Loops": 5,"Hash Buckets": 262144,"Original Hash Buckets": 262144,"Hash Batches": 1,"Original Hash Batches": 1,"Peak Memory Usage": 14240,"Workers": [],"Plans": [{"Node Type": "Seq Scan","Parent Relationship": "Outer","Parallel Aware": true,"Async Capable": false,"Relation Name": "part","Alias": "part","Startup Cost": 0.00,"Total Cost": 4930.33,"Plan Rows": 83333,"Plan Width": 25,"Actual Startup Time": 0.042,"Actual Total Time": 16.083,"Actual Rows": 40000,"Actual Loops": 5,"Workers": []}]}]}]}]}]},"Planning Time": 4.082,"Triggers": [],"Execution Time": 205.784}]
[{"Plan": {"Node Type": "Aggregate","Strategy": "Plain","Partial Mode": "Finalize","Parallel Aware": false,"Async Capable": false,"Startup Cost": 118354.30,"Total Cost": 118354.31,"Plan Rows": 1,"Plan Width": 32,"Actual Startup Time": 196.372,"Actual Total Time": 212.365,"Actual Rows": 1,"Actual Loops": 1,"Plans": [{"Node Type": "Gather","Parent Relationship": "Outer","Parallel Aware": false,"Async Capable": false,"Startup Cost": 118353.84,"Total Cost": 118354.25,"Plan Rows": 4,"Plan Width": 64,"Actual Startup Time": 194.980,"Actual Total Time": 212.328,"Actual Rows": 5,"Actual Loops": 1,"Workers Planned": 4,"Workers Launched": 4,"Single Copy": false,"Plans": [{"Node Type": "Aggregate","Strategy": "Plain","Partial Mode": "Partial","Parent Relationship": "Outer","Parallel Aware": false,"Async Capable": false,"Startup Cost": 117353.84,"Total Cost": 117353.85,"Plan Rows": 1,"Plan Width": 64,"Actual Startup Time": 186.697,"Actual Total Time": 186.710,"Actual Rows": 1,"Actual Loops": 5,"Workers": [],"Plans": [{"Node Type": "Hash Join","Parent Relationship": "Outer","Parallel Aware": true,"Async Capable": false,"Join Type": "Inner","Startup Cost": 8075.36,"Total Cost": 116995.75,"Plan Rows": 20462,"Plan Width": 33,"Actual Startup Time": 68.213,"Actual Total Time": 180.686,"Actual Rows": 14935,"Actual Loops": 5,"Inner Unique": true,"Hash Cond": "(lineitem.l_partkey = part.p_partkey)","Workers": [],"Plans": [{"Node Type": "Bitmap Heap Scan","Parent Relationship": "Outer","Parallel Aware": true,"Async Capable": false,"Relation Name": "lineitem","Alias": "lineitem","Startup Cost": 2103.36,"Total Cost": 110970.05,"Plan Rows": 20462,"Plan Width": 16,"Actual Startup Time": 22.866,"Actual Total Time": 104.635,"Actual Rows": 14935,"Actual Loops": 5,"Recheck Cond": "((l_shipdate >= '1996-04-01'::date) AND (l_shipdate < '1996-05-01 00:00:00'::timestamp without time zone))","Rows Removed by Index Recheck": 0,"Exact Heap Blocks": 7954,"Lossy Heap Blocks": 0,"Workers": [],"Plans": [{"Node Type": "Bitmap Index Scan","Parent Relationship": "Outer","Parallel Aware": false,"Async Capable": false,"Index Name": "idx_lineitem_shipdate","Startup Cost": 0.00,"Total Cost": 2082.90,"Plan Rows": 81847,"Plan Width": 0,"Actual Startup Time": 16.559,"Actual Total Time": 16.564,"Actual Rows": 74677,"Actual Loops": 1,"Index Cond": "((l_shipdate >= '1996-04-01'::date) AND (l_shipdate < '1996-05-01 00:00:00'::timestamp without time zone))","Workers": []}]},{"Node Type": "Hash","Parent Relationship": "Inner","Parallel Aware": true,"Async Capable": false,"Startup Cost": 4930.33,"Total Cost": 4930.33,"Plan Rows": 83333,"Plan Width": 25,"Actual Startup Time": 44.463,"Actual Total Time": 44.467,"Actual Rows": 40000,"Actual Loops": 5,"Hash Buckets": 262144,"Original Hash Buckets": 262144,"Hash Batches": 1,"Original Hash Batches": 1,"Peak Memory Usage": 14208,"Workers": [],"Plans": [{"Node Type": "Seq Scan","Parent Relationship": "Outer","Parallel Aware": true,"Async Capable": false,"Relation Name": "part","Alias": "part","Startup Cost": 0.00,"Total Cost": 4930.33,"Plan Rows": 83333,"Plan Width": 25,"Actual Startup Time": 0.042,"Actual Total Time": 19.874,"Actual Rows": 40000,"Actual Loops": 5,"Workers": []}]}]}]}]}]},"Planning Time": 4.311,"Triggers": [],"Execution Time": 212.662}]
[{"Plan": {"Node Type": "Aggregate","Strategy": "Plain","Partial Mode": "Finalize","Parallel Aware": false,"Async Capable": false,"Startup Cost": 117225.47,"Total Cost": 117225.49,"Plan Rows": 1,"Plan Width": 32,"Actual Startup Time": 216.741,"Actual Total Time": 233.601,"Actual Rows": 1,"Actual Loops": 1,"Plans": [{"Node Type": "Gather","Parent Relationship": "Outer","Parallel Aware": false,"Async Capable": false,"Startup Cost": 117225.02,"Total Cost": 117225.43,"Plan Rows": 4,"Plan Width": 64,"Actual Startup Time": 215.228,"Actual Total Time": 233.556,"Actual Rows": 5,"Actual Loops": 1,"Workers Planned": 4,"Workers Launched": 4,"Single Copy": false,"Plans": [{"Node Type": "Aggregate","Strategy": "Plain","Partial Mode": "Partial","Parent Relationship": "Outer","Parallel Aware": false,"Async Capable": false,"Startup Cost": 116225.02,"Total Cost": 116225.03,"Plan Rows": 1,"Plan Width": 64,"Actual Startup Time": 207.689,"Actual Total Time": 207.699,"Actual Rows": 1,"Actual Loops": 5,"Workers": [],"Plans": [{"Node Type": "Hash Join","Parent Relationship": "Outer","Parallel Aware": true,"Async Capable": false,"Join Type": "Inner","Startup Cost": 8008.56,"Total Cost": 115878.37,"Plan Rows": 19808,"Plan Width": 33,"Actual Startup Time": 75.267,"Actual Total Time": 201.372,"Actual Rows": 15471,"Actual Loops": 5,"Inner Unique": true,"Hash Cond": "(lineitem.l_partkey = part.p_partkey)","Workers": [],"Plans": [{"Node Type": "Bitmap Heap Scan","Parent Relationship": "Outer","Parallel Aware": true,"Async Capable": false,"Relation Name": "lineitem","Alias": "lineitem","Startup Cost": 2036.56,"Total Cost": 109854.38,"Plan Rows": 19808,"Plan Width": 16,"Actual Startup Time": 32.495,"Actual Total Time": 126.871,"Actual Rows": 15471,"Actual Loops": 5,"Recheck Cond": "((l_shipdate >= '1995-01-01'::date) AND (l_shipdate < '1995-02-01 00:00:00'::timestamp without time zone))","Rows Removed by Index Recheck": 0,"Exact Heap Blocks": 8865,"Lossy Heap Blocks": 0,"Workers": [],"Plans": [{"Node Type": "Bitmap Index Scan","Parent Relationship": "Outer","Parallel Aware": false,"Async Capable": false,"Index Name": "idx_lineitem_shipdate","Startup Cost": 0.00,"Total Cost": 2016.75,"Plan Rows": 79232,"Plan Width": 0,"Actual Startup Time": 25.884,"Actual Total Time": 25.890,"Actual Rows": 77356,"Actual Loops": 1,"Index Cond": "((l_shipdate >= '1995-01-01'::date) AND (l_shipdate < '1995-02-01 00:00:00'::timestamp without time zone))","Workers": []}]},{"Node Type": "Hash","Parent Relationship": "Inner","Parallel Aware": true,"Async Capable": false,"Startup Cost": 4930.33,"Total Cost": 4930.33,"Plan Rows": 83333,"Plan Width": 25,"Actual Startup Time": 42.028,"Actual Total Time": 42.030,"Actual Rows": 40000,"Actual Loops": 5,"Hash Buckets": 262144,"Original Hash Buckets": 262144,"Hash Batches": 1,"Original Hash Batches": 1,"Peak Memory Usage": 14144,"Workers": [],"Plans": [{"Node Type": "Seq Scan","Parent Relationship": "Outer","Parallel Aware": true,"Async Capable": false,"Relation Name": "part","Alias": "part","Startup Cost": 0.00,"Total Cost": 4930.33,"Plan Rows": 83333,"Plan Width": 25,"Actual Startup Time": 0.039,"Actual Total Time": 18.208,"Actual Rows": 40000,"Actual Loops": 5,"Workers": []}]}]}]}]}]},"Planning Time": 4.207,"Triggers": [],"Execution Time": 233.902}]
[{"Plan": {"Node Type": "Aggregate","Strategy": "Plain","Partial Mode": "Finalize","Parallel Aware": false,"Async Capable": false,"Startup Cost": 117449.67,"Total Cost": 117449.68,"Plan Rows": 1,"Plan Width": 32,"Actual Startup Time": 199.712,"Actual Total Time": 217.714,"Actual Rows": 1,"Actual Loops": 1,"Plans": [{"Node Type": "Gather","Parent Relationship": "Outer","Parallel Aware": false,"Async Capable": false,"Startup Cost": 117449.21,"Total Cost": 117449.62,"Plan Rows": 4,"Plan Width": 64,"Actual Startup Time": 198.396,"Actual Total Time": 217.675,"Actual Rows": 5,"Actual Loops": 1,"Workers Planned": 4,"Workers Launched": 4,"Single Copy": false,"Plans": [{"Node Type": "Aggregate","Strategy": "Plain","Partial Mode": "Partial","Parent Relationship": "Outer","Parallel Aware": false,"Async Capable": false,"Startup Cost": 116449.21,"Total Cost": 116449.22,"Plan Rows": 1,"Plan Width": 64,"Actual Startup Time": 190.883,"Actual Total Time": 190.895,"Actual Rows": 1,"Actual Loops": 5,"Workers": [],"Plans": [{"Node Type": "Hash Join","Parent Relationship": "Outer","Parallel Aware": true,"Async Capable": false,"Join Type": "Inner","Startup Cost": 8021.73,"Total Cost": 116100.36,"Plan Rows": 19934,"Plan Width": 33,"Actual Startup Time": 64.708,"Actual Total Time": 184.712,"Actual Rows": 15580,"Actual Loops": 5,"Inner Unique": true,"Hash Cond": "(lineitem.l_partkey = part.p_partkey)","Workers": [],"Plans": [{"Node Type": "Bitmap Heap Scan","Parent Relationship": "Outer","Parallel Aware": true,"Async Capable": false,"Relation Name": "lineitem","Alias": "lineitem","Startup Cost": 2049.74,"Total Cost": 110076.04,"Plan Rows": 19934,"Plan Width": 16,"Actual Startup Time": 23.730,"Actual Total Time": 112.410,"Actual Rows": 15580,"Actual Loops": 5,"Recheck Cond": "((l_shipdate >= '1995-05-01'::date) AND (l_shipdate < '1995-06-01 00:00:00'::timestamp without time zone))","Rows Removed by Index Recheck": 0,"Exact Heap Blocks": 8270,"Lossy Heap Blocks": 0,"Workers": [],"Plans": [{"Node Type": "Bitmap Index Scan","Parent Relationship": "Outer","Parallel Aware": false,"Async Capable": false,"Index Name": "idx_lineitem_shipdate","Startup Cost": 0.00,"Total Cost": 2029.80,"Plan Rows": 79737,"Plan Width": 0,"Actual Startup Time": 17.296,"Actual Total Time": 17.299,"Actual Rows": 77900,"Actual Loops": 1,"Index Cond": "((l_shipdate >= '1995-05-01'::date) AND (l_shipdate < '1995-06-01 00:00:00'::timestamp without time zone))","Workers": []}]},{"Node Type": "Hash","Parent Relationship": "Inner","Parallel Aware": true,"Async Capable": false,"Startup Cost": 4930.33,"Total Cost": 4930.33,"Plan Rows": 83333,"Plan Width": 25,"Actual Startup Time": 40.148,"Actual Total Time": 40.152,"Actual Rows": 40000,"Actual Loops": 5,"Hash Buckets": 262144,"Original Hash Buckets": 262144,"Hash Batches": 1,"Original Hash Batches": 1,"Peak Memory Usage": 14208,"Workers": [],"Plans": [{"Node Type": "Seq Scan","Parent Relationship": "Outer","Parallel Aware": true,"Async Capable": false,"Relation Name": "part","Alias": "part","Startup Cost": 0.00,"Total Cost": 4930.33,"Plan Rows": 83333,"Plan Width": 25,"Actual Startup Time": 0.047,"Actual Total Time": 17.621,"Actual Rows": 40000,"Actual Loops": 5,"Workers": []}]}]}]}]}]},"Planning Time": 3.884,"Triggers": [],"Execution Time": 217.976}]
[{"Plan": {"Node Type": "Aggregate","Strategy": "Plain","Partial Mode": "Finalize","Parallel Aware": false,"Async Capable": false,"Startup Cost": 113767.70,"Total Cost": 113767.71,"Plan Rows": 1,"Plan Width": 32,"Actual Startup Time": 201.354,"Actual Total Time": 217.629,"Actual Rows": 1,"Actual Loops": 1,"Plans": [{"Node Type": "Gather","Parent Relationship": "Outer","Parallel Aware": false,"Async Capable": false,"Startup Cost": 113767.24,"Total Cost": 113767.65,"Plan Rows": 4,"Plan Width": 64,"Actual Startup Time": 198.999,"Actual Total Time": 217.582,"Actual Rows": 5,"Actual Loops": 1,"Workers Planned": 4,"Workers Launched": 4,"Single Copy": false,"Plans": [{"Node Type": "Aggregate","Strategy": "Plain","Partial Mode": "Partial","Parent Relationship": "Outer","Parallel Aware": false,"Async Capable": false,"Startup Cost": 112767.24,"Total Cost": 112767.25,"Plan Rows": 1,"Plan Width": 64,"Actual Startup Time": 191.550,"Actual Total Time": 191.562,"Actual Rows": 1,"Actual Loops": 5,"Workers": [],"Plans": [{"Node Type": "Hash Join","Parent Relationship": "Outer","Parallel Aware": true,"Async Capable": false,"Join Type": "Inner","Startup Cost": 7827.74,"Total Cost": 112451.68,"Plan Rows": 18032,"Plan Width": 33,"Actual Startup Time": 62.703,"Actual Total Time": 185.698,"Actual Rows": 14327,"Actual Loops": 5,"Inner Unique": true,"Hash Cond": "(lineitem.l_partkey = part.p_partkey)","Workers": [],"Plans": [{"Node Type": "Bitmap Heap Scan","Parent Relationship": "Outer","Parallel Aware": true,"Async Capable": false,"Relation Name": "lineitem","Alias": "lineitem","Startup Cost": 1855.74,"Total Cost": 106432.35,"Plan Rows": 18032,"Plan Width": 16,"Actual Startup Time": 28.428,"Actual Total Time": 122.517,"Actual Rows": 14327,"Actual Loops": 5,"Recheck Cond": "((l_shipdate >= '1996-02-01'::date) AND (l_shipdate < '1996-03-01 00:00:00'::timestamp without time zone))","Rows Removed by Index Recheck": 0,"Exact Heap Blocks": 8588,"Lossy Heap Blocks": 0,"Workers": [],"Plans": [{"Node Type": "Bitmap Index Scan","Parent Relationship": "Outer","Parallel Aware": false,"Async Capable": false,"Index Name": "idx_lineitem_shipdate","Startup Cost": 0.00,"Total Cost": 1837.71,"Plan Rows": 72128,"Plan Width": 0,"Actual Startup Time": 22.136,"Actual Total Time": 22.138,"Actual Rows": 71636,"Actual Loops": 1,"Index Cond": "((l_shipdate >= '1996-02-01'::date) AND (l_shipdate < '1996-03-01 00:00:00'::timestamp without time zone))","Workers": []}]},{"Node Type": "Hash","Parent Relationship": "Inner","Parallel Aware": true,"Async Capable": false,"Startup Cost": 4930.33,"Total Cost": 4930.33,"Plan Rows": 83333,"Plan Width": 25,"Actual Startup Time": 33.546,"Actual Total Time": 33.549,"Actual Rows": 40000,"Actual Loops": 5,"Hash Buckets": 262144,"Original Hash Buckets": 262144,"Hash Batches": 1,"Original Hash Batches": 1,"Peak Memory Usage": 14240,"Workers": [],"Plans": [{"Node Type": "Seq Scan","Parent Relationship": "Outer","Parallel Aware": true,"Async Capable": false,"Relation Name": "part","Alias": "part","Startup Cost": 0.00,"Total Cost": 4930.33,"Plan Rows": 83333,"Plan Width": 25,"Actual Startup Time": 0.035,"Actual Total Time": 14.470,"Actual Rows": 40000,"Actual Loops": 5,"Workers": []}]}]}]}]}]},"Planning Time": 4.716,"Triggers": [],"Execution Time": 217.907}]
[{"Plan": {"Node Type": "Aggregate","Strategy": "Plain","Partial Mode": "Finalize","Parallel Aware": false,"Async Capable": false,"Startup Cost": 113981.89,"Total Cost": 113981.91,"Plan Rows": 1,"Plan Width": 32,"Actual Startup Time": 197.174,"Actual Total Time": 213.438,"Actual Rows": 1,"Actual Loops": 1,"Plans": [{"Node Type": "Gather","Parent Relationship": "Outer","Parallel Aware": false,"Async Capable": false,"Startup Cost": 113981.44,"Total Cost": 113981.85,"Plan Rows": 4,"Plan Width": 64,"Actual Startup Time": 195.686,"Actual Total Time": 213.400,"Actual Rows": 5,"Actual Loops": 1,"Workers Planned": 4,"Workers Launched": 4,"Single Copy": false,"Plans": [{"Node Type": "Aggregate","Strategy": "Plain","Partial Mode": "Partial","Parent Relationship": "Outer","Parallel Aware": false,"Async Capable": false,"Startup Cost": 112981.44,"Total Cost": 112981.45,"Plan Rows": 1,"Plan Width": 64,"Actual Startup Time": 187.932,"Actual Total Time": 187.944,"Actual Rows": 1,"Actual Loops": 5,"Workers": [],"Plans": [{"Node Type": "Hash Join","Parent Relationship": "Outer","Parallel Aware": true,"Async Capable": false,"Join Type": "Inner","Startup Cost": 7835.95,"Total Cost": 112664.07,"Plan Rows": 18135,"Plan Width": 33,"Actual Startup Time": 63.652,"Actual Total Time": 181.847,"Actual Rows": 15463,"Actual Loops": 5,"Inner Unique": true,"Hash Cond": "(lineitem.l_partkey = part.p_partkey)","Workers": [],"Plans": [{"Node Type": "Bitmap Heap Scan","Parent Relationship": "Outer","Parallel Aware": true,"Async Capable": false,"Relation Name": "lineitem","Alias": "lineitem","Startup Cost": 1863.96,"Total Cost": 106644.47,"Plan Rows": 18135,"Plan Width": 16,"Actual Startup Time": 23.262,"Actual Total Time": 111.502,"Actual Rows": 15463,"Actual Loops": 5,"Recheck Cond": "((l_shipdate >= '1993-12-01'::date) AND (l_shipdate < '1994-01-01 00:00:00'::timestamp without time zone))","Rows Removed by Index Recheck": 0,"Exact Heap Blocks": 8224,"Lossy Heap Blocks": 0,"Workers": [],"Plans": [{"Node Type": "Bitmap Index Scan","Parent Relationship": "Outer","Parallel Aware": false,"Async Capable": false,"Index Name": "idx_lineitem_shipdate","Startup Cost": 0.00,"Total Cost": 1845.82,"Plan Rows": 72539,"Plan Width": 0,"Actual Startup Time": 16.967,"Actual Total Time": 16.973,"Actual Rows": 77313,"Actual Loops": 1,"Index Cond": "((l_shipdate >= '1993-12-01'::date) AND (l_shipdate < '1994-01-01 00:00:00'::timestamp without time zone))","Workers": []}]},{"Node Type": "Hash","Parent Relationship": "Inner","Parallel Aware": true,"Async Capable": false,"Startup Cost": 4930.33,"Total Cost": 4930.33,"Plan Rows": 83333,"Plan Width": 25,"Actual Startup Time": 39.572,"Actual Total Time": 39.575,"Actual Rows": 40000,"Actual Loops": 5,"Hash Buckets": 262144,"Original Hash Buckets": 262144,"Hash Batches": 1,"Original Hash Batches": 1,"Peak Memory Usage": 14208,"Workers": [],"Plans": [{"Node Type": "Seq Scan","Parent Relationship": "Outer","Parallel Aware": true,"Async Capable": false,"Relation Name": "part","Alias": "part","Startup Cost": 0.00,"Total Cost": 4930.33,"Plan Rows": 83333,"Plan Width": 25,"Actual Startup Time": 0.049,"Actual Total Time": 17.416,"Actual Rows": 40000,"Actual Loops": 5,"Workers": []}]}]}]}]}]},"Planning Time": 4.239,"Triggers": [],"Execution Time": 213.703}]
[{"Plan": {"Node Type": "Aggregate","Strategy": "Plain","Partial Mode": "Finalize","Parallel Aware": false,"Async Capable": false,"Startup Cost": 116423.51,"Total Cost": 116423.52,"Plan Rows": 1,"Plan Width": 32,"Actual Startup Time": 193.419,"Actual Total Time": 210.903,"Actual Rows": 1,"Actual Loops": 1,"Plans": [{"Node Type": "Gather","Parent Relationship": "Outer","Parallel Aware": false,"Async Capable": false,"Startup Cost": 116423.05,"Total Cost": 116423.46,"Plan Rows": 4,"Plan Width": 64,"Actual Startup Time": 191.772,"Actual Total Time": 210.852,"Actual Rows": 5,"Actual Loops": 1,"Workers Planned": 4,"Workers Launched": 4,"Single Copy": false,"Plans": [{"Node Type": "Aggregate","Strategy": "Plain","Partial Mode": "Partial","Parent Relationship": "Outer","Parallel Aware": false,"Async Capable": false,"Startup Cost": 115423.05,"Total Cost": 115423.06,"Plan Rows": 1,"Plan Width": 64,"Actual Startup Time": 184.034,"Actual Total Time": 184.046,"Actual Rows": 1,"Actual Loops": 5,"Workers": [],"Plans": [{"Node Type": "Hash Join","Parent Relationship": "Outer","Parallel Aware": true,"Async Capable": false,"Join Type": "Inner","Startup Cost": 7962.54,"Total Cost": 115084.11,"Plan Rows": 19368,"Plan Width": 33,"Actual Startup Time": 59.026,"Actual Total Time": 177.787,"Actual Rows": 15441,"Actual Loops": 5,"Inner Unique": true,"Hash Cond": "(lineitem.l_partkey = part.p_partkey)","Workers": [],"Plans": [{"Node Type": "Bitmap Heap Scan","Parent Relationship": "Outer","Parallel Aware": true,"Async Capable": false,"Relation Name": "lineitem","Alias": "lineitem","Startup Cost": 1990.54,"Total Cost": 109061.27,"Plan Rows": 19368,"Plan Width": 16,"Actual Startup Time": 22.262,"Actual Total Time": 110.318,"Actual Rows": 15441,"Actual Loops": 5,"Recheck Cond": "((l_shipdate >= '1995-12-01'::date) AND (l_shipdate < '1996-01-01 00:00:00'::timestamp without time zone))","Rows Removed by Index Recheck": 0,"Exact Heap Blocks": 7749,"Lossy Heap Blocks": 0,"Workers": [],"Plans": [{"Node Type": "Bitmap Index Scan","Parent Relationship": "Outer","Parallel Aware": false,"Async Capable": false,"Index Name": "idx_lineitem_shipdate","Startup Cost": 0.00,"Total Cost": 1971.17,"Plan Rows": 77474,"Plan Width": 0,"Actual Startup Time": 16.016,"Actual Total Time": 16.018,"Actual Rows": 77203,"Actual Loops": 1,"Index Cond": "((l_shipdate >= '1995-12-01'::date) AND (l_shipdate < '1996-01-01 00:00:00'::timestamp without time zone))","Workers": []}]},{"Node Type": "Hash","Parent Relationship": "Inner","Parallel Aware": true,"Async Capable": false,"Startup Cost": 4930.33,"Total Cost": 4930.33,"Plan Rows": 83333,"Plan Width": 25,"Actual Startup Time": 36.084,"Actual Total Time": 36.088,"Actual Rows": 40000,"Actual Loops": 5,"Hash Buckets": 262144,"Original Hash Buckets": 262144,"Hash Batches": 1,"Original Hash Batches": 1,"Peak Memory Usage": 14208,"Workers": [],"Plans": [{"Node Type": "Seq Scan","Parent Relationship": "Outer","Parallel Aware": true,"Async Capable": false,"Relation Name": "part","Alias": "part","Startup Cost": 0.00,"Total Cost": 4930.33,"Plan Rows": 83333,"Plan Width": 25,"Actual Startup Time": 0.025,"Actual Total Time": 17.161,"Actual Rows": 40000,"Actual Loops": 5,"Workers": []}]}]}]}]}]},"Planning Time": 5.431,"Triggers": [],"Execution Time": 211.162}]
[{"Plan": {"Node Type": "Aggregate","Strategy": "Plain","Partial Mode": "Finalize","Parallel Aware": false,"Async Capable": false,"Startup Cost": 116423.51,"Total Cost": 116423.52,"Plan Rows": 1,"Plan Width": 32,"Actual Startup Time": 193.419,"Actual Total Time": 210.903,"Actual Rows": 1,"Actual Loops": 1,"Plans": [{"Node Type": "Gather","Parent Relationship": "Outer","Parallel Aware": false,"Async Capable": false,"Startup Cost": 116423.05,"Total Cost": 116423.46,"Plan Rows": 4,"Plan Width": 64,"Actual Startup Time": 191.772,"Actual Total Time": 210.852,"Actual Rows": 5,"Actual Loops": 1,"Workers Planned": 4,"Workers Launched": 4,"Single Copy": false,"Plans": [{"Node Type": "Aggregate","Strategy": "Plain","Partial Mode": "Partial","Parent Relationship": "Outer","Parallel Aware": false,"Async Capable": false,"Startup Cost": 115423.05,"Total Cost": 115423.06,"Plan Rows": 1,"Plan Width": 64,"Actual Startup Time": 184.034,"Actual Total Time": 184.046,"Actual Rows": 1,"Actual Loops": 5,"Workers": [],"Plans": [{"Node Type": "Hash Join","Parent Relationship": "Outer","Parallel Aware": true,"Async Capable": false,"Join Type": "Inner","Startup Cost": 7962.54,"Total Cost": 115084.11,"Plan Rows": 19368,"Plan Width": 33,"Actual Startup Time": 59.026,"Actual Total Time": 177.787,"Actual Rows": 15441,"Actual Loops": 5,"Inner Unique": true,"Hash Cond": "(lineitem.l_partkey = part.p_partkey)","Workers": [],"Plans": [{"Node Type": "Bitmap Heap Scan","Parent Relationship": "Outer","Parallel Aware": true,"Async Capable": false,"Relation Name": "lineitem","Alias": "lineitem","Startup Cost": 1990.54,"Total Cost": 109061.27,"Plan Rows": 19368,"Plan Width": 16,"Actual Startup Time": 22.262,"Actual Total Time": 110.318,"Actual Rows": 15441,"Actual Loops": 5,"Recheck Cond": "((l_shipdate >= '1995-12-01'::date) AND (l_shipdate < '1996-01-01 00:00:00'::timestamp without time zone))","Rows Removed by Index Recheck": 0,"Exact Heap Blocks": 7749,"Lossy Heap Blocks": 0,"Workers": [],"Plans": [{"Node Type": "Bitmap Index Scan","Parent Relationship": "Outer","Parallel Aware": false,"Async Capable": false,"Index Name": "idx_lineitem_shipdate","Startup Cost": 0.00,"Total Cost": 1971.17,"Plan Rows": 77474,"Plan Width": 0,"Actual Startup Time": 16.016,"Actual Total Time": 16.018,"Actual Rows": 77203,"Actual Loops": 1,"Index Cond": "((l_shipdate >= '1995-12-01'::date) AND (l_shipdate < '1996-01-01 00:00:00'::timestamp without time zone))","Workers": []}]},{"Node Type": "Hash","Parent Relationship": "Inner","Parallel Aware": true,"Async Capable": false,"Startup Cost": 4930.33,"Total Cost": 4930.33,"Plan Rows": 83333,"Plan Width": 25,"Actual Startup Time": 36.084,"Actual Total Time": 36.088,"Actual Rows": 40000,"Actual Loops": 5,"Hash Buckets": 262144,"Original Hash Buckets": 262144,"Hash Batches": 1,"Original Hash Batches": 1,"Peak Memory Usage": 14208,"Workers": [],"Plans": [{"Node Type": "Seq Scan","Parent Relationship": "Outer","Parallel Aware": true,"Async Capable": false,"Relation Name": "part","Alias": "part","Startup Cost": 0.00,"Total Cost": 4930.33,"Plan Rows": 83333,"Plan Width": 25,"Actual Startup Time": 0.025,"Actual Total Time": 17.161,"Actual Rows": 40000,"Actual Loops": 5,"Workers": []}]}]}]}]}]},"Planning Time": 5.431,"Triggers": [],"Execution Time": 211.162}]
[{"Plan": {"Node Type": "Aggregate","Strategy": "Plain","Partial Mode": "Finalize","Parallel Aware": false,"Async Capable": false,"Startup Cost": 115338.69,"Total Cost": 115338.71,"Plan Rows": 1,"Plan Width": 32,"Actual Startup Time": 199.829,"Actual Total Time": 219.842,"Actual Rows": 1,"Actual Loops": 1,"Plans": [{"Node Type": "Gather","Parent Relationship": "Outer","Parallel Aware": false,"Async Capable": false,"Startup Cost": 115338.24,"Total Cost": 115338.65,"Plan Rows": 4,"Plan Width": 64,"Actual Startup Time": 198.858,"Actual Total Time": 219.794,"Actual Rows": 5,"Actual Loops": 1,"Workers Planned": 4,"Workers Launched": 4,"Single Copy": false,"Plans": [{"Node Type": "Aggregate","Strategy": "Plain","Partial Mode": "Partial","Parent Relationship": "Outer","Parallel Aware": false,"Async Capable": false,"Startup Cost": 114338.24,"Total Cost": 114338.25,"Plan Rows": 1,"Plan Width": 64,"Actual Startup Time": 190.294,"Actual Total Time": 190.307,"Actual Rows": 1,"Actual Loops": 5,"Workers": [],"Plans": [{"Node Type": "Hash Join","Parent Relationship": "Outer","Parallel Aware": true,"Async Capable": false,"Join Type": "Inner","Startup Cost": 7903.33,"Total Cost": 114009.20,"Plan Rows": 18802,"Plan Width": 33,"Actual Startup Time": 61.506,"Actual Total Time": 183.262,"Actual Rows": 15403,"Actual Loops": 5,"Inner Unique": true,"Hash Cond": "(lineitem.l_partkey = part.p_partkey)","Workers": [],"Plans": [{"Node Type": "Bitmap Heap Scan","Parent Relationship": "Outer","Parallel Aware": true,"Async Capable": false,"Relation Name": "lineitem","Alias": "lineitem","Startup Cost": 1931.34,"Total Cost": 107987.84,"Plan Rows": 18803,"Plan Width": 16,"Actual Startup Time": 22.372,"Actual Total Time": 111.171,"Actual Rows": 15403,"Actual Loops": 5,"Recheck Cond": "((l_shipdate >= '1997-10-01'::date) AND (l_shipdate < '1997-11-01 00:00:00'::timestamp without time zone))","Rows Removed by Index Recheck": 0,"Exact Heap Blocks": 6871,"Lossy Heap Blocks": 0,"Workers": [],"Plans": [{"Node Type": "Bitmap Index Scan","Parent Relationship": "Outer","Parallel Aware": false,"Async Capable": false,"Index Name": "idx_lineitem_shipdate","Startup Cost": 0.00,"Total Cost": 1912.53,"Plan Rows": 75210,"Plan Width": 0,"Actual Startup Time": 16.032,"Actual Total Time": 16.036,"Actual Rows": 77013,"Actual Loops": 1,"Index Cond": "((l_shipdate >= '1997-10-01'::date) AND (l_shipdate < '1997-11-01 00:00:00'::timestamp without time zone))","Workers": []}]},{"Node Type": "Hash","Parent Relationship": "Inner","Parallel Aware": true,"Async Capable": false,"Startup Cost": 4930.33,"Total Cost": 4930.33,"Plan Rows": 83333,"Plan Width": 25,"Actual Startup Time": 38.387,"Actual Total Time": 38.393,"Actual Rows": 40000,"Actual Loops": 5,"Hash Buckets": 262144,"Original Hash Buckets": 262144,"Hash Batches": 1,"Original Hash Batches": 1,"Peak Memory Usage": 14208,"Workers": [],"Plans": [{"Node Type": "Seq Scan","Parent Relationship": "Outer","Parallel Aware": true,"Async Capable": false,"Relation Name": "part","Alias": "part","Startup Cost": 0.00,"Total Cost": 4930.33,"Plan Rows": 83333,"Plan Width": 25,"Actual Startup Time": 0.031,"Actual Total Time": 17.971,"Actual Rows": 40000,"Actual Loops": 5,"Workers": []}]}]}]}]}]},"Planning Time": 3.861,"Triggers": [],"Execution Time": 220.121}]
[{"Plan": {"Node Type": "Aggregate","Strategy": "Plain","Partial Mode": "Finalize","Parallel Aware": false,"Async Capable": false,"Startup Cost": 115298.80,"Total Cost": 115298.82,"Plan Rows": 1,"Plan Width": 32,"Actual Startup Time": 191.770,"Actual Total Time": 208.257,"Actual Rows": 1,"Actual Loops": 1,"Plans": [{"Node Type": "Gather","Parent Relationship": "Outer","Parallel Aware": false,"Async Capable": false,"Startup Cost": 115298.35,"Total Cost": 115298.76,"Plan Rows": 4,"Plan Width": 64,"Actual Startup Time": 190.365,"Actual Total Time": 208.218,"Actual Rows": 5,"Actual Loops": 1,"Workers Planned": 4,"Workers Launched": 4,"Single Copy": false,"Plans": [{"Node Type": "Aggregate","Strategy": "Plain","Partial Mode": "Partial","Parent Relationship": "Outer","Parallel Aware": false,"Async Capable": false,"Startup Cost": 114298.35,"Total Cost": 114298.36,"Plan Rows": 1,"Plan Width": 64,"Actual Startup Time": 182.565,"Actual Total Time": 182.576,"Actual Rows": 1,"Actual Loops": 5,"Workers": [],"Plans": [{"Node Type": "Hash Join","Parent Relationship": "Outer","Parallel Aware": true,"Async Capable": false,"Join Type": "Inner","Startup Cost": 7902.48,"Total Cost": 113969.66,"Plan Rows": 18782,"Plan Width": 33,"Actual Startup Time": 59.443,"Actual Total Time": 176.606,"Actual Rows": 14990,"Actual Loops": 5,"Inner Unique": true,"Hash Cond": "(lineitem.l_partkey = part.p_partkey)","Workers": [],"Plans": [{"Node Type": "Bitmap Heap Scan","Parent Relationship": "Outer","Parallel Aware": true,"Async Capable": false,"Relation Name": "lineitem","Alias": "lineitem","Startup Cost": 1930.48,"Total Cost": 107948.36,"Plan Rows": 18782,"Plan Width": 16,"Actual Startup Time": 21.604,"Actual Total Time": 109.072,"Actual Rows": 14990,"Actual Loops": 5,"Recheck Cond": "((l_shipdate >= '1993-11-01'::date) AND (l_shipdate < '1993-12-01 00:00:00'::timestamp without time zone))","Rows Removed by Index Recheck": 0,"Exact Heap Blocks": 7520,"Lossy Heap Blocks": 0,"Workers": [],"Plans": [{"Node Type": "Bitmap Index Scan","Parent Relationship": "Outer","Parallel Aware": false,"Async Capable": false,"Index Name": "idx_lineitem_shipdate","Startup Cost": 0.00,"Total Cost": 1911.70,"Plan Rows": 75127,"Plan Width": 0,"Actual Startup Time": 15.494,"Actual Total Time": 15.497,"Actual Rows": 74949,"Actual Loops": 1,"Index Cond": "((l_shipdate >= '1993-11-01'::date) AND (l_shipdate < '1993-12-01 00:00:00'::timestamp without time zone))","Workers": []}]},{"Node Type": "Hash","Parent Relationship": "Inner","Parallel Aware": true,"Async Capable": false,"Startup Cost": 4930.33,"Total Cost": 4930.33,"Plan Rows": 83333,"Plan Width": 25,"Actual Startup Time": 36.955,"Actual Total Time": 36.958,"Actual Rows": 40000,"Actual Loops": 5,"Hash Buckets": 262144,"Original Hash Buckets": 262144,"Hash Batches": 1,"Original Hash Batches": 1,"Peak Memory Usage": 14176,"Workers": [],"Plans": [{"Node Type": "Seq Scan","Parent Relationship": "Outer","Parallel Aware": true,"Async Capable": false,"Relation Name": "part","Alias": "part","Startup Cost": 0.00,"Total Cost": 4930.33,"Plan Rows": 83333,"Plan Width": 25,"Actual Startup Time": 0.042,"Actual Total Time": 17.442,"Actual Rows": 40000,"Actual Loops": 5,"Workers": []}]}]}]}]}]},"Planning Time": 4.152,"Triggers": [],"Execution Time": 208.521}]
[{"Plan": {"Node Type": "Aggregate","Strategy": "Plain","Partial Mode": "Finalize","Parallel Aware": false,"Async Capable": false,"Startup Cost": 116739.50,"Total Cost": 116739.52,"Plan Rows": 1,"Plan Width": 32,"Actual Startup Time": 206.757,"Actual Total Time": 221.834,"Actual Rows": 1,"Actual Loops": 1,"Plans": [{"Node Type": "Gather","Parent Relationship": "Outer","Parallel Aware": false,"Async Capable": false,"Startup Cost": 116739.05,"Total Cost": 116739.46,"Plan Rows": 4,"Plan Width": 64,"Actual Startup Time": 205.325,"Actual Total Time": 221.800,"Actual Rows": 5,"Actual Loops": 1,"Workers Planned": 4,"Workers Launched": 4,"Single Copy": false,"Plans": [{"Node Type": "Aggregate","Strategy": "Plain","Partial Mode": "Partial","Parent Relationship": "Outer","Parallel Aware": false,"Async Capable": false,"Startup Cost": 115739.05,"Total Cost": 115739.06,"Plan Rows": 1,"Plan Width": 64,"Actual Startup Time": 197.703,"Actual Total Time": 197.711,"Actual Rows": 1,"Actual Loops": 5,"Workers": [],"Plans": [{"Node Type": "Hash Join","Parent Relationship": "Outer","Parallel Aware": true,"Async Capable": false,"Join Type": "Inner","Startup Cost": 7981.52,"Total Cost": 115397.11,"Plan Rows": 19539,"Plan Width": 33,"Actual Startup Time": 72.726,"Actual Total Time": 192.051,"Actual Rows": 13912,"Actual Loops": 5,"Inner Unique": true,"Hash Cond": "(lineitem.l_partkey = part.p_partkey)","Workers": [],"Plans": [{"Node Type": "Bitmap Heap Scan","Parent Relationship": "Outer","Parallel Aware": true,"Async Capable": false,"Relation Name": "lineitem","Alias": "lineitem","Startup Cost": 2009.52,"Total Cost": 109373.83,"Plan Rows": 19539,"Plan Width": 16,"Actual Startup Time": 32.073,"Actual Total Time": 122.872,"Actual Rows": 13912,"Actual Loops": 5,"Recheck Cond": "((l_shipdate >= '1994-02-01'::date) AND (l_shipdate < '1994-03-01 00:00:00'::timestamp without time zone))","Rows Removed by Index Recheck": 0,"Exact Heap Blocks": 7943,"Lossy Heap Blocks": 0,"Workers": [],"Plans": [{"Node Type": "Bitmap Index Scan","Parent Relationship": "Outer","Parallel Aware": false,"Async Capable": false,"Index Name": "idx_lineitem_shipdate","Startup Cost": 0.00,"Total Cost": 1989.98,"Plan Rows": 78155,"Plan Width": 0,"Actual Startup Time": 25.713,"Actual Total Time": 25.716,"Actual Rows": 69561,"Actual Loops": 1,"Index Cond": "((l_shipdate >= '1994-02-01'::date) AND (l_shipdate < '1994-03-01 00:00:00'::timestamp without time zone))","Workers": []}]},{"Node Type": "Hash","Parent Relationship": "Inner","Parallel Aware": true,"Async Capable": false,"Startup Cost": 4930.33,"Total Cost": 4930.33,"Plan Rows": 83333,"Plan Width": 25,"Actual Startup Time": 39.838,"Actual Total Time": 39.841,"Actual Rows": 40000,"Actual Loops": 5,"Hash Buckets": 262144,"Original Hash Buckets": 262144,"Hash Batches": 1,"Original Hash Batches": 1,"Peak Memory Usage": 14208,"Workers": [],"Plans": [{"Node Type": "Seq Scan","Parent Relationship": "Outer","Parallel Aware": true,"Async Capable": false,"Relation Name": "part","Alias": "part","Startup Cost": 0.00,"Total Cost": 4930.33,"Plan Rows": 83333,"Plan Width": 25,"Actual Startup Time": 0.036,"Actual Total Time": 16.923,"Actual Rows": 40000,"Actual Loops": 5,"Workers": []}]}]}]}]}]},"Planning Time": 4.192,"Triggers": [],"Execution Time": 222.123}]
[{"Plan": {"Node Type": "Aggregate","Strategy": "Plain","Partial Mode": "Finalize","Parallel Aware": false,"Async Capable": false,"Startup Cost": 113833.15,"Total Cost": 113833.17,"Plan Rows": 1,"Plan Width": 32,"Actual Startup Time": 217.072,"Actual Total Time": 234.403,"Actual Rows": 1,"Actual Loops": 1,"Plans": [{"Node Type": "Gather","Parent Relationship": "Outer","Parallel Aware": false,"Async Capable": false,"Startup Cost": 113832.70,"Total Cost": 113833.11,"Plan Rows": 4,"Plan Width": 64,"Actual Startup Time": 215.182,"Actual Total Time": 234.357,"Actual Rows": 5,"Actual Loops": 1,"Workers Planned": 4,"Workers Launched": 4,"Single Copy": false,"Plans": [{"Node Type": "Aggregate","Strategy": "Plain","Partial Mode": "Partial","Parent Relationship": "Outer","Parallel Aware": false,"Async Capable": false,"Startup Cost": 112832.70,"Total Cost": 112832.71,"Plan Rows": 1,"Plan Width": 64,"Actual Startup Time": 207.633,"Actual Total Time": 207.644,"Actual Rows": 1,"Actual Loops": 5,"Workers": [],"Plans": [{"Node Type": "Hash Join","Parent Relationship": "Outer","Parallel Aware": true,"Async Capable": false,"Join Type": "Inner","Startup Cost": 7829.04,"Total Cost": 112516.57,"Plan Rows": 18064,"Plan Width": 33,"Actual Startup Time": 75.166,"Actual Total Time": 201.465,"Actual Rows": 14988,"Actual Loops": 5,"Inner Unique": true,"Hash Cond": "(lineitem.l_partkey = part.p_partkey)","Workers": [],"Plans": [{"Node Type": "Bitmap Heap Scan","Parent Relationship": "Outer","Parallel Aware": true,"Async Capable": false,"Relation Name": "lineitem","Alias": "lineitem","Startup Cost": 1857.05,"Total Cost": 106497.16,"Plan Rows": 18064,"Plan Width": 16,"Actual Startup Time": 33.693,"Actual Total Time": 130.254,"Actual Rows": 14988,"Actual Loops": 5,"Recheck Cond": "((l_shipdate >= '1993-09-01'::date) AND (l_shipdate < '1993-10-01 00:00:00'::timestamp without time zone))","Rows Removed by Index Recheck": 0,"Exact Heap Blocks": 8910,"Lossy Heap Blocks": 0,"Workers": [],"Plans": [{"Node Type": "Bitmap Index Scan","Parent Relationship": "Outer","Parallel Aware": false,"Async Capable": false,"Index Name": "idx_lineitem_shipdate","Startup Cost": 0.00,"Total Cost": 1838.98,"Plan Rows": 72255,"Plan Width": 0,"Actual Startup Time": 27.000,"Actual Total Time": 27.001,"Actual Rows": 74938,"Actual Loops": 1,"Index Cond": "((l_shipdate >= '1993-09-01'::date) AND (l_shipdate < '1993-10-01 00:00:00'::timestamp without time zone))","Workers": []}]},{"Node Type": "Hash","Parent Relationship": "Inner","Parallel Aware": true,"Async Capable": false,"Startup Cost": 4930.33,"Total Cost": 4930.33,"Plan Rows": 83333,"Plan Width": 25,"Actual Startup Time": 40.733,"Actual Total Time": 40.736,"Actual Rows": 40000,"Actual Loops": 5,"Hash Buckets": 262144,"Original Hash Buckets": 262144,"Hash Batches": 1,"Original Hash Batches": 1,"Peak Memory Usage": 14208,"Workers": [],"Plans": [{"Node Type": "Seq Scan","Parent Relationship": "Outer","Parallel Aware": true,"Async Capable": false,"Relation Name": "part","Alias": "part","Startup Cost": 0.00,"Total Cost": 4930.33,"Plan Rows": 83333,"Plan Width": 25,"Actual Startup Time": 0.041,"Actual Total Time": 18.555,"Actual Rows": 40000,"Actual Loops": 5,"Workers": []}]}]}]}]}]},"Planning Time": 4.126,"Triggers": [],"Execution Time": 234.679}]
[{"Plan": {"Node Type": "Aggregate","Strategy": "Plain","Partial Mode": "Finalize","Parallel Aware": false,"Async Capable": false,"Startup Cost": 117951.42,"Total Cost": 117951.44,"Plan Rows": 1,"Plan Width": 32,"Actual Startup Time": 195.681,"Actual Total Time": 213.344,"Actual Rows": 1,"Actual Loops": 1,"Plans": [{"Node Type": "Gather","Parent Relationship": "Outer","Parallel Aware": false,"Async Capable": false,"Startup Cost": 117950.97,"Total Cost": 117951.38,"Plan Rows": 4,"Plan Width": 64,"Actual Startup Time": 194.406,"Actual Total Time": 213.290,"Actual Rows": 5,"Actual Loops": 1,"Workers Planned": 4,"Workers Launched": 4,"Single Copy": false,"Plans": [{"Node Type": "Aggregate","Strategy": "Plain","Partial Mode": "Partial","Parent Relationship": "Outer","Parallel Aware": false,"Async Capable": false,"Startup Cost": 116950.97,"Total Cost": 116950.98,"Plan Rows": 1,"Plan Width": 64,"Actual Startup Time": 186.783,"Actual Total Time": 186.797,"Actual Rows": 1,"Actual Loops": 5,"Workers": [],"Plans": [{"Node Type": "Hash Join","Parent Relationship": "Outer","Parallel Aware": true,"Async Capable": false,"Join Type": "Inner","Startup Cost": 8049.62,"Total Cost": 116597.04,"Plan Rows": 20224,"Plan Width": 33,"Actual Startup Time": 60.474,"Actual Total Time": 180.769,"Actual Rows": 15532,"Actual Loops": 5,"Inner Unique": true,"Hash Cond": "(lineitem.l_partkey = part.p_partkey)","Workers": [],"Plans": [{"Node Type": "Bitmap Heap Scan","Parent Relationship": "Outer","Parallel Aware": true,"Async Capable": false,"Relation Name": "lineitem","Alias": "lineitem","Startup Cost": 2077.63,"Total Cost": 110571.96,"Plan Rows": 20224,"Plan Width": 16,"Actual Startup Time": 22.143,"Actual Total Time": 111.653,"Actual Rows": 15532,"Actual Loops": 5,"Recheck Cond": "((l_shipdate >= '1993-10-01'::date) AND (l_shipdate < '1993-11-01 00:00:00'::timestamp without time zone))","Rows Removed by Index Recheck": 0,"Exact Heap Blocks": 7906,"Lossy Heap Blocks": 0,"Workers": [],"Plans": [{"Node Type": "Bitmap Index Scan","Parent Relationship": "Outer","Parallel Aware": false,"Async Capable": false,"Index Name": "idx_lineitem_shipdate","Startup Cost": 0.00,"Total Cost": 2057.40,"Plan Rows": 80897,"Plan Width": 0,"Actual Startup Time": 15.870,"Actual Total Time": 15.870,"Actual Rows": 77661,"Actual Loops": 1,"Index Cond": "((l_shipdate >= '1993-10-01'::date) AND (l_shipdate < '1993-11-01 00:00:00'::timestamp without time zone))","Workers": []}]},{"Node Type": "Hash","Parent Relationship": "Inner","Parallel Aware": true,"Async Capable": false,"Startup Cost": 4930.33,"Total Cost": 4930.33,"Plan Rows": 83333,"Plan Width": 25,"Actual Startup Time": 37.623,"Actual Total Time": 37.628,"Actual Rows": 40000,"Actual Loops": 5,"Hash Buckets": 262144,"Original Hash Buckets": 262144,"Hash Batches": 1,"Original Hash Batches": 1,"Peak Memory Usage": 14176,"Workers": [],"Plans": [{"Node Type": "Seq Scan","Parent Relationship": "Outer","Parallel Aware": true,"Async Capable": false,"Relation Name": "part","Alias": "part","Startup Cost": 0.00,"Total Cost": 4930.33,"Plan Rows": 83333,"Plan Width": 25,"Actual Startup Time": 0.033,"Actual Total Time": 16.489,"Actual Rows": 40000,"Actual Loops": 5,"Workers": []}]}]}]}]}]},"Planning Time": 4.158,"Triggers": [],"Execution Time": 213.609}]
[{"Plan": {"Node Type": "Aggregate","Strategy": "Plain","Partial Mode": "Finalize","Parallel Aware": false,"Async Capable": false,"Startup Cost": 115924.34,"Total Cost": 115924.35,"Plan Rows": 1,"Plan Width": 32,"Actual Startup Time": 196.667,"Actual Total Time": 211.996,"Actual Rows": 1,"Actual Loops": 1,"Plans": [{"Node Type": "Gather","Parent Relationship": "Outer","Parallel Aware": false,"Async Capable": false,"Startup Cost": 115923.88,"Total Cost": 115924.29,"Plan Rows": 4,"Plan Width": 64,"Actual Startup Time": 195.153,"Actual Total Time": 211.955,"Actual Rows": 5,"Actual Loops": 1,"Workers Planned": 4,"Workers Launched": 4,"Single Copy": false,"Plans": [{"Node Type": "Aggregate","Strategy": "Plain","Partial Mode": "Partial","Parent Relationship": "Outer","Parallel Aware": false,"Async Capable": false,"Startup Cost": 114923.88,"Total Cost": 114923.89,"Plan Rows": 1,"Plan Width": 64,"Actual Startup Time": 187.608,"Actual Total Time": 187.617,"Actual Rows": 1,"Actual Loops": 5,"Workers": [],"Plans": [{"Node Type": "Hash Join","Parent Relationship": "Outer","Parallel Aware": true,"Async Capable": false,"Join Type": "Inner","Startup Cost": 7935.68,"Total Cost": 114589.56,"Plan Rows": 19104,"Plan Width": 33,"Actual Startup Time": 65.479,"Actual Total Time": 181.616,"Actual Rows": 15453,"Actual Loops": 5,"Inner Unique": true,"Hash Cond": "(lineitem.l_partkey = part.p_partkey)","Workers": [],"Plans": [{"Node Type": "Bitmap Heap Scan","Parent Relationship": "Outer","Parallel Aware": true,"Async Capable": false,"Relation Name": "lineitem","Alias": "lineitem","Startup Cost": 1963.69,"Total Cost": 108567.41,"Plan Rows": 19104,"Plan Width": 16,"Actual Startup Time": 23.321,"Actual Total Time": 108.651,"Actual Rows": 15453,"Actual Loops": 5,"Recheck Cond": "((l_shipdate >= '1997-12-01'::date) AND (l_shipdate < '1998-01-01 00:00:00'::timestamp without time zone))","Rows Removed by Index Recheck": 0,"Exact Heap Blocks": 8205,"Lossy Heap Blocks": 0,"Workers": [],"Plans": [{"Node Type": "Bitmap Index Scan","Parent Relationship": "Outer","Parallel Aware": false,"Async Capable": false,"Index Name": "idx_lineitem_shipdate","Startup Cost": 0.00,"Total Cost": 1944.58,"Plan Rows": 76415,"Plan Width": 0,"Actual Startup Time": 16.871,"Actual Total Time": 16.872,"Actual Rows": 77267,"Actual Loops": 1,"Index Cond": "((l_shipdate >= '1997-12-01'::date) AND (l_shipdate < '1998-01-01 00:00:00'::timestamp without time zone))","Workers": []}]},{"Node Type": "Hash","Parent Relationship": "Inner","Parallel Aware": true,"Async Capable": false,"Startup Cost": 4930.33,"Total Cost": 4930.33,"Plan Rows": 83333,"Plan Width": 25,"Actual Startup Time": 41.357,"Actual Total Time": 41.359,"Actual Rows": 40000,"Actual Loops": 5,"Hash Buckets": 262144,"Original Hash Buckets": 262144,"Hash Batches": 1,"Original Hash Batches": 1,"Peak Memory Usage": 14208,"Workers": [],"Plans": [{"Node Type": "Seq Scan","Parent Relationship": "Outer","Parallel Aware": true,"Async Capable": false,"Relation Name": "part","Alias": "part","Startup Cost": 0.00,"Total Cost": 4930.33,"Plan Rows": 83333,"Plan Width": 25,"Actual Startup Time": 0.037,"Actual Total Time": 17.718,"Actual Rows": 40000,"Actual Loops": 5,"Workers": []}]}]}]}]}]},"Planning Time": 3.901,"Triggers": [],"Execution Time": 212.224}]
[{"Plan": {"Node Type": "Aggregate","Strategy": "Plain","Partial Mode": "Finalize","Parallel Aware": false,"Async Capable": false,"Startup Cost": 118980.99,"Total Cost": 118981.00,"Plan Rows": 1,"Plan Width": 32,"Actual Startup Time": 192.776,"Actual Total Time": 209.272,"Actual Rows": 1,"Actual Loops": 1,"Plans": [{"Node Type": "Gather","Parent Relationship": "Outer","Parallel Aware": false,"Async Capable": false,"Startup Cost": 118980.53,"Total Cost": 118980.94,"Plan Rows": 4,"Plan Width": 64,"Actual Startup Time": 191.466,"Actual Total Time": 209.218,"Actual Rows": 5,"Actual Loops": 1,"Workers Planned": 4,"Workers Launched": 4,"Single Copy": false,"Plans": [{"Node Type": "Aggregate","Strategy": "Plain","Partial Mode": "Partial","Parent Relationship": "Outer","Parallel Aware": false,"Async Capable": false,"Startup Cost": 117980.53,"Total Cost": 117980.54,"Plan Rows": 1,"Plan Width": 64,"Actual Startup Time": 183.309,"Actual Total Time": 183.319,"Actual Rows": 1,"Actual Loops": 5,"Workers": [],"Plans": [{"Node Type": "Hash Join","Parent Relationship": "Outer","Parallel Aware": true,"Async Capable": false,"Join Type": "Inner","Startup Cost": 8115.01,"Total Cost": 117615.76,"Plan Rows": 20844,"Plan Width": 33,"Actual Startup Time": 58.848,"Actual Total Time": 177.255,"Actual Rows": 15563,"Actual Loops": 5,"Inner Unique": true,"Hash Cond": "(lineitem.l_partkey = part.p_partkey)","Workers": [],"Plans": [{"Node Type": "Bitmap Heap Scan","Parent Relationship": "Outer","Parallel Aware": true,"Async Capable": false,"Relation Name": "lineitem","Alias": "lineitem","Startup Cost": 2143.02,"Total Cost": 111589.05,"Plan Rows": 20843,"Plan Width": 16,"Actual Startup Time": 22.331,"Actual Total Time": 109.969,"Actual Rows": 15563,"Actual Loops": 5,"Recheck Cond": "((l_shipdate >= '1995-10-01'::date) AND (l_shipdate < '1995-11-01 00:00:00'::timestamp without time zone))","Rows Removed by Index Recheck": 0,"Exact Heap Blocks": 7890,"Lossy Heap Blocks": 0,"Workers": [],"Plans": [{"Node Type": "Bitmap Index Scan","Parent Relationship": "Outer","Parallel Aware": false,"Async Capable": false,"Index Name": "idx_lineitem_shipdate","Startup Cost": 0.00,"Total Cost": 2122.17,"Plan Rows": 83374,"Plan Width": 0,"Actual Startup Time": 16.094,"Actual Total Time": 16.095,"Actual Rows": 77817,"Actual Loops": 1,"Index Cond": "((l_shipdate >= '1995-10-01'::date) AND (l_shipdate < '1995-11-01 00:00:00'::timestamp without time zone))","Workers": []}]},{"Node Type": "Hash","Parent Relationship": "Inner","Parallel Aware": true,"Async Capable": false,"Startup Cost": 4930.33,"Total Cost": 4930.33,"Plan Rows": 83333,"Plan Width": 25,"Actual Startup Time": 35.711,"Actual Total Time": 35.714,"Actual Rows": 40000,"Actual Loops": 5,"Hash Buckets": 262144,"Original Hash Buckets": 262144,"Hash Batches": 1,"Original Hash Batches": 1,"Peak Memory Usage": 14176,"Workers": [],"Plans": [{"Node Type": "Seq Scan","Parent Relationship": "Outer","Parallel Aware": true,"Async Capable": false,"Relation Name": "part","Alias": "part","Startup Cost": 0.00,"Total Cost": 4930.33,"Plan Rows": 83333,"Plan Width": 25,"Actual Startup Time": 0.030,"Actual Total Time": 15.930,"Actual Rows": 40000,"Actual Loops": 5,"Workers": []}]}]}]}]}]},"Planning Time": 4.599,"Triggers": [],"Execution Time": 209.556}]
[{"Plan": {"Node Type": "Aggregate","Strategy": "Plain","Partial Mode": "Finalize","Parallel Aware": false,"Async Capable": false,"Startup Cost": 116135.64,"Total Cost": 116135.65,"Plan Rows": 1,"Plan Width": 32,"Actual Startup Time": 195.995,"Actual Total Time": 214.059,"Actual Rows": 1,"Actual Loops": 1,"Plans": [{"Node Type": "Gather","Parent Relationship": "Outer","Parallel Aware": false,"Async Capable": false,"Startup Cost": 116135.18,"Total Cost": 116135.59,"Plan Rows": 4,"Plan Width": 64,"Actual Startup Time": 194.581,"Actual Total Time": 214.025,"Actual Rows": 5,"Actual Loops": 1,"Workers Planned": 4,"Workers Launched": 4,"Single Copy": false,"Plans": [{"Node Type": "Aggregate","Strategy": "Plain","Partial Mode": "Partial","Parent Relationship": "Outer","Parallel Aware": false,"Async Capable": false,"Startup Cost": 115135.18,"Total Cost": 115135.19,"Plan Rows": 1,"Plan Width": 64,"Actual Startup Time": 187.052,"Actual Total Time": 187.062,"Actual Rows": 1,"Actual Loops": 5,"Workers": [],"Plans": [{"Node Type": "Hash Join","Parent Relationship": "Outer","Parallel Aware": true,"Async Capable": false,"Join Type": "Inner","Startup Cost": 7948.21,"Total Cost": 114798.93,"Plan Rows": 19214,"Plan Width": 33,"Actual Startup Time": 59.823,"Actual Total Time": 180.842,"Actual Rows": 15427,"Actual Loops": 5,"Inner Unique": true,"Hash Cond": "(lineitem.l_partkey = part.p_partkey)","Workers": [],"Plans": [{"Node Type": "Bitmap Heap Scan","Parent Relationship": "Outer","Parallel Aware": true,"Async Capable": false,"Relation Name": "lineitem","Alias": "lineitem","Startup Cost": 1976.22,"Total Cost": 108776.50,"Plan Rows": 19214,"Plan Width": 16,"Actual Startup Time": 22.994,"Actual Total Time": 113.362,"Actual Rows": 15427,"Actual Loops": 5,"Recheck Cond": "((l_shipdate >= '1996-01-01'::date) AND (l_shipdate < '1996-02-01 00:00:00'::timestamp without time zone))","Rows Removed by Index Recheck": 0,"Exact Heap Blocks": 7617,"Lossy Heap Blocks": 0,"Workers": [],"Plans": [{"Node Type": "Bitmap Index Scan","Parent Relationship": "Outer","Parallel Aware": false,"Async Capable": false,"Index Name": "idx_lineitem_shipdate","Startup Cost": 0.00,"Total Cost": 1957.00,"Plan Rows": 76857,"Plan Width": 0,"Actual Startup Time": 16.699,"Actual Total Time": 16.700,"Actual Rows": 77136,"Actual Loops": 1,"Index Cond": "((l_shipdate >= '1996-01-01'::date) AND (l_shipdate < '1996-02-01 00:00:00'::timestamp without time zone))","Workers": []}]},{"Node Type": "Hash","Parent Relationship": "Inner","Parallel Aware": true,"Async Capable": false,"Startup Cost": 4930.33,"Total Cost": 4930.33,"Plan Rows": 83333,"Plan Width": 25,"Actual Startup Time": 36.068,"Actual Total Time": 36.071,"Actual Rows": 40000,"Actual Loops": 5,"Hash Buckets": 262144,"Original Hash Buckets": 262144,"Hash Batches": 1,"Original Hash Batches": 1,"Peak Memory Usage": 14208,"Workers": [],"Plans": [{"Node Type": "Seq Scan","Parent Relationship": "Outer","Parallel Aware": true,"Async Capable": false,"Relation Name": "part","Alias": "part","Startup Cost": 0.00,"Total Cost": 4930.33,"Plan Rows": 83333,"Plan Width": 25,"Actual Startup Time": 0.038,"Actual Total Time": 16.692,"Actual Rows": 40000,"Actual Loops": 5,"Workers": []}]}]}]}]}]},"Planning Time": 4.110,"Triggers": [],"Execution Time": 214.344}]
[{"Plan": {"Node Type": "Aggregate","Strategy": "Plain","Partial Mode": "Finalize","Parallel Aware": false,"Async Capable": false,"Startup Cost": 114902.36,"Total Cost": 114902.37,"Plan Rows": 1,"Plan Width": 32,"Actual Startup Time": 198.225,"Actual Total Time": 215.708,"Actual Rows": 1,"Actual Loops": 1,"Plans": [{"Node Type": "Gather","Parent Relationship": "Outer","Parallel Aware": false,"Async Capable": false,"Startup Cost": 114901.90,"Total Cost": 114902.31,"Plan Rows": 4,"Plan Width": 64,"Actual Startup Time": 196.886,"Actual Total Time": 215.657,"Actual Rows": 5,"Actual Loops": 1,"Workers Planned": 4,"Workers Launched": 4,"Single Copy": false,"Plans": [{"Node Type": "Aggregate","Strategy": "Plain","Partial Mode": "Partial","Parent Relationship": "Outer","Parallel Aware": false,"Async Capable": false,"Startup Cost": 113901.90,"Total Cost": 113901.91,"Plan Rows": 1,"Plan Width": 64,"Actual Startup Time": 188.997,"Actual Total Time": 189.007,"Actual Rows": 1,"Actual Loops": 5,"Workers": [],"Plans": [{"Node Type": "Hash Join","Parent Relationship": "Outer","Parallel Aware": true,"Async Capable": false,"Join Type": "Inner","Startup Cost": 7882.30,"Total Cost": 113576.71,"Plan Rows": 18582,"Plan Width": 33,"Actual Startup Time": 61.932,"Actual Total Time": 182.740,"Actual Rows": 15587,"Actual Loops": 5,"Inner Unique": true,"Hash Cond": "(lineitem.l_partkey = part.p_partkey)","Workers": [],"Plans": [{"Node Type": "Bitmap Heap Scan","Parent Relationship": "Outer","Parallel Aware": true,"Async Capable": false,"Relation Name": "lineitem","Alias": "lineitem","Startup Cost": 1910.30,"Total Cost": 107555.94,"Plan Rows": 18582,"Plan Width": 16,"Actual Startup Time": 22.647,"Actual Total Time": 112.380,"Actual Rows": 15587,"Actual Loops": 5,"Recheck Cond": "((l_shipdate >= '1996-12-01'::date) AND (l_shipdate < '1997-01-01 00:00:00'::timestamp without time zone))","Rows Removed by Index Recheck": 0,"Exact Heap Blocks": 7656,"Lossy Heap Blocks": 0,"Workers": [],"Plans": [{"Node Type": "Bitmap Index Scan","Parent Relationship": "Outer","Parallel Aware": false,"Async Capable": false,"Index Name": "idx_lineitem_shipdate","Startup Cost": 0.00,"Total Cost": 1891.72,"Plan Rows": 74329,"Plan Width": 0,"Actual Startup Time": 16.250,"Actual Total Time": 16.252,"Actual Rows": 77933,"Actual Loops": 1,"Index Cond": "((l_shipdate >= '1996-12-01'::date) AND (l_shipdate < '1997-01-01 00:00:00'::timestamp without time zone))","Workers": []}]},{"Node Type": "Hash","Parent Relationship": "Inner","Parallel Aware": true,"Async Capable": false,"Startup Cost": 4930.33,"Total Cost": 4930.33,"Plan Rows": 83333,"Plan Width": 25,"Actual Startup Time": 38.467,"Actual Total Time": 38.471,"Actual Rows": 40000,"Actual Loops": 5,"Hash Buckets": 262144,"Original Hash Buckets": 262144,"Hash Batches": 1,"Original Hash Batches": 1,"Peak Memory Usage": 14208,"Workers": [],"Plans": [{"Node Type": "Seq Scan","Parent Relationship": "Outer","Parallel Aware": true,"Async Capable": false,"Relation Name": "part","Alias": "part","Startup Cost": 0.00,"Total Cost": 4930.33,"Plan Rows": 83333,"Plan Width": 25,"Actual Startup Time": 0.033,"Actual Total Time": 18.148,"Actual Rows": 40000,"Actual Loops": 5,"Workers": []}]}]}]}]}]},"Planning Time": 4.024,"Triggers": [],"Execution Time": 215.988}]
[{"Plan": {"Node Type": "Aggregate","Strategy": "Plain","Partial Mode": "Finalize","Parallel Aware": false,"Async Capable": false,"Startup Cost": 116198.09,"Total Cost": 116198.11,"Plan Rows": 1,"Plan Width": 32,"Actual Startup Time": 194.937,"Actual Total Time": 212.766,"Actual Rows": 1,"Actual Loops": 1,"Plans": [{"Node Type": "Gather","Parent Relationship": "Outer","Parallel Aware": false,"Async Capable": false,"Startup Cost": 116197.64,"Total Cost": 116198.05,"Plan Rows": 4,"Plan Width": 64,"Actual Startup Time": 193.661,"Actual Total Time": 212.719,"Actual Rows": 5,"Actual Loops": 1,"Workers Planned": 4,"Workers Launched": 4,"Single Copy": false,"Plans": [{"Node Type": "Aggregate","Strategy": "Plain","Partial Mode": "Partial","Parent Relationship": "Outer","Parallel Aware": false,"Async Capable": false,"Startup Cost": 115197.64,"Total Cost": 115197.65,"Plan Rows": 1,"Plan Width": 64,"Actual Startup Time": 186.015,"Actual Total Time": 186.028,"Actual Rows": 1,"Actual Loops": 5,"Workers": [],"Plans": [{"Node Type": "Hash Join","Parent Relationship": "Outer","Parallel Aware": true,"Async Capable": false,"Join Type": "Inner","Startup Cost": 7949.61,"Total Cost": 114860.79,"Plan Rows": 19248,"Plan Width": 33,"Actual Startup Time": 63.880,"Actual Total Time": 180.150,"Actual Rows": 15061,"Actual Loops": 5,"Inner Unique": true,"Hash Cond": "(lineitem.l_partkey = part.p_partkey)","Workers": [],"Plans": [{"Node Type": "Bitmap Heap Scan","Parent Relationship": "Outer","Parallel Aware": true,"Async Capable": false,"Relation Name": "lineitem","Alias": "lineitem","Startup Cost": 1977.61,"Total Cost": 108838.27,"Plan Rows": 19248,"Plan Width": 16,"Actual Startup Time": 23.071,"Actual Total Time": 109.166,"Actual Rows": 15061,"Actual Loops": 5,"Recheck Cond": "((l_shipdate >= '1994-09-01'::date) AND (l_shipdate < '1994-10-01 00:00:00'::timestamp without time zone))","Rows Removed by Index Recheck": 0,"Exact Heap Blocks": 7981,"Lossy Heap Blocks": 0,"Workers": [],"Plans": [{"Node Type": "Bitmap Index Scan","Parent Relationship": "Outer","Parallel Aware": false,"Async Capable": false,"Index Name": "idx_lineitem_shipdate","Startup Cost": 0.00,"Total Cost": 1958.36,"Plan Rows": 76993,"Plan Width": 0,"Actual Startup Time": 16.740,"Actual Total Time": 16.742,"Actual Rows": 75306,"Actual Loops": 1,"Index Cond": "((l_shipdate >= '1994-09-01'::date) AND (l_shipdate < '1994-10-01 00:00:00'::timestamp without time zone))","Workers": []}]},{"Node Type": "Hash","Parent Relationship": "Inner","Parallel Aware": true,"Async Capable": false,"Startup Cost": 4930.33,"Total Cost": 4930.33,"Plan Rows": 83333,"Plan Width": 25,"Actual Startup Time": 39.928,"Actual Total Time": 39.932,"Actual Rows": 40000,"Actual Loops": 5,"Hash Buckets": 262144,"Original Hash Buckets": 262144,"Hash Batches": 1,"Original Hash Batches": 1,"Peak Memory Usage": 14176,"Workers": [],"Plans": [{"Node Type": "Seq Scan","Parent Relationship": "Outer","Parallel Aware": true,"Async Capable": false,"Relation Name": "part","Alias": "part","Startup Cost": 0.00,"Total Cost": 4930.33,"Plan Rows": 83333,"Plan Width": 25,"Actual Startup Time": 0.037,"Actual Total Time": 17.389,"Actual Rows": 40000,"Actual Loops": 5,"Workers": []}]}]}]}]}]},"Planning Time": 4.062,"Triggers": [],"Execution Time": 213.027}]
[{"Plan": {"Node Type": "Aggregate","Strategy": "Plain","Partial Mode": "Finalize","Parallel Aware": false,"Async Capable": false,"Startup Cost": 114861.81,"Total Cost": 114861.82,"Plan Rows": 1,"Plan Width": 32,"Actual Startup Time": 193.988,"Actual Total Time": 211.749,"Actual Rows": 1,"Actual Loops": 1,"Plans": [{"Node Type": "Gather","Parent Relationship": "Outer","Parallel Aware": false,"Async Capable": false,"Startup Cost": 114861.35,"Total Cost": 114861.76,"Plan Rows": 4,"Plan Width": 64,"Actual Startup Time": 192.665,"Actual Total Time": 211.694,"Actual Rows": 5,"Actual Loops": 1,"Workers Planned": 4,"Workers Launched": 4,"Single Copy": false,"Plans": [{"Node Type": "Aggregate","Strategy": "Plain","Partial Mode": "Partial","Parent Relationship": "Outer","Parallel Aware": false,"Async Capable": false,"Startup Cost": 113861.35,"Total Cost": 113861.36,"Plan Rows": 1,"Plan Width": 64,"Actual Startup Time": 184.518,"Actual Total Time": 184.527,"Actual Rows": 1,"Actual Loops": 5,"Workers": [],"Plans": [{"Node Type": "Hash Join","Parent Relationship": "Outer","Parallel Aware": true,"Async Capable": false,"Join Type": "Inner","Startup Cost": 7881.45,"Total Cost": 113536.51,"Plan Rows": 18562,"Plan Width": 33,"Actual Startup Time": 58.502,"Actual Total Time": 178.310,"Actual Rows": 15463,"Actual Loops": 5,"Inner Unique": true,"Hash Cond": "(lineitem.l_partkey = part.p_partkey)","Workers": [],"Plans": [{"Node Type": "Bitmap Heap Scan","Parent Relationship": "Outer","Parallel Aware": true,"Async Capable": false,"Relation Name": "lineitem","Alias": "lineitem","Startup Cost": 1909.45,"Total Cost": 107515.79,"Plan Rows": 18561,"Plan Width": 16,"Actual Startup Time": 22.399,"Actual Total Time": 112.098,"Actual Rows": 15463,"Actual Loops": 5,"Recheck Cond": "((l_shipdate >= '1994-05-01'::date) AND (l_shipdate < '1994-06-01 00:00:00'::timestamp without time zone))","Rows Removed by Index Recheck": 0,"Exact Heap Blocks": 7716,"Lossy Heap Blocks": 0,"Workers": [],"Plans": [{"Node Type": "Bitmap Index Scan","Parent Relationship": "Outer","Parallel Aware": false,"Async Capable": false,"Index Name": "idx_lineitem_shipdate","Startup Cost": 0.00,"Total Cost": 1890.89,"Plan Rows": 74246,"Plan Width": 0,"Actual Startup Time": 16.017,"Actual Total Time": 16.018,"Actual Rows": 77317,"Actual Loops": 1,"Index Cond": "((l_shipdate >= '1994-05-01'::date) AND (l_shipdate < '1994-06-01 00:00:00'::timestamp without time zone))","Workers": []}]},{"Node Type": "Hash","Parent Relationship": "Inner","Parallel Aware": true,"Async Capable": false,"Startup Cost": 4930.33,"Total Cost": 4930.33,"Plan Rows": 83333,"Plan Width": 25,"Actual Startup Time": 35.336,"Actual Total Time": 35.342,"Actual Rows": 40000,"Actual Loops": 5,"Hash Buckets": 262144,"Original Hash Buckets": 262144,"Hash Batches": 1,"Original Hash Batches": 1,"Peak Memory Usage": 14208,"Workers": [],"Plans": [{"Node Type": "Seq Scan","Parent Relationship": "Outer","Parallel Aware": true,"Async Capable": false,"Relation Name": "part","Alias": "part","Startup Cost": 0.00,"Total Cost": 4930.33,"Plan Rows": 83333,"Plan Width": 25,"Actual Startup Time": 0.043,"Actual Total Time": 15.376,"Actual Rows": 40000,"Actual Loops": 5,"Workers": []}]}]}]}]}]},"Planning Time": 5.236,"Triggers": [],"Execution Time": 212.073}]
[{"Plan": {"Node Type": "Aggregate","Strategy": "Plain","Partial Mode": "Finalize","Parallel Aware": false,"Async Capable": false,"Startup Cost": 117497.96,"Total Cost": 117497.98,"Plan Rows": 1,"Plan Width": 32,"Actual Startup Time": 207.468,"Actual Total Time": 225.216,"Actual Rows": 1,"Actual Loops": 1,"Plans": [{"Node Type": "Gather","Parent Relationship": "Outer","Parallel Aware": false,"Async Capable": false,"Startup Cost": 117497.51,"Total Cost": 117497.92,"Plan Rows": 4,"Plan Width": 64,"Actual Startup Time": 205.953,"Actual Total Time": 225.169,"Actual Rows": 5,"Actual Loops": 1,"Workers Planned": 4,"Workers Launched": 4,"Single Copy": false,"Plans": [{"Node Type": "Aggregate","Strategy": "Plain","Partial Mode": "Partial","Parent Relationship": "Outer","Parallel Aware": false,"Async Capable": false,"Startup Cost": 116497.51,"Total Cost": 116497.52,"Plan Rows": 1,"Plan Width": 64,"Actual Startup Time": 198.115,"Actual Total Time": 198.124,"Actual Rows": 1,"Actual Loops": 5,"Workers": [],"Plans": [{"Node Type": "Hash Join","Parent Relationship": "Outer","Parallel Aware": true,"Async Capable": false,"Join Type": "Inner","Startup Cost": 8022.90,"Total Cost": 116148.15,"Plan Rows": 19963,"Plan Width": 33,"Actual Startup Time": 66.694,"Actual Total Time": 191.972,"Actual Rows": 14975,"Actual Loops": 5,"Inner Unique": true,"Hash Cond": "(lineitem.l_partkey = part.p_partkey)","Workers": [],"Plans": [{"Node Type": "Bitmap Heap Scan","Parent Relationship": "Outer","Parallel Aware": true,"Async Capable": false,"Relation Name": "lineitem","Alias": "lineitem","Startup Cost": 2050.91,"Total Cost": 110123.75,"Plan Rows": 19963,"Plan Width": 16,"Actual Startup Time": 28.399,"Actual Total Time": 124.147,"Actual Rows": 14975,"Actual Loops": 5,"Recheck Cond": "((l_shipdate >= '1997-09-01'::date) AND (l_shipdate < '1997-10-01 00:00:00'::timestamp without time zone))","Rows Removed by Index Recheck": 0,"Exact Heap Blocks": 8021,"Lossy Heap Blocks": 0,"Workers": [],"Plans": [{"Node Type": "Bitmap Index Scan","Parent Relationship": "Outer","Parallel Aware": false,"Async Capable": false,"Index Name": "idx_lineitem_shipdate","Startup Cost": 0.00,"Total Cost": 2030.94,"Plan Rows": 79851,"Plan Width": 0,"Actual Startup Time": 22.019,"Actual Total Time": 22.022,"Actual Rows": 74876,"Actual Loops": 1,"Index Cond": "((l_shipdate >= '1997-09-01'::date) AND (l_shipdate < '1997-10-01 00:00:00'::timestamp without time zone))","Workers": []}]},{"Node Type": "Hash","Parent Relationship": "Inner","Parallel Aware": true,"Async Capable": false,"Startup Cost": 4930.33,"Total Cost": 4930.33,"Plan Rows": 83333,"Plan Width": 25,"Actual Startup Time": 37.454,"Actual Total Time": 37.458,"Actual Rows": 40000,"Actual Loops": 5,"Hash Buckets": 262144,"Original Hash Buckets": 262144,"Hash Batches": 1,"Original Hash Batches": 1,"Peak Memory Usage": 14208,"Workers": [],"Plans": [{"Node Type": "Seq Scan","Parent Relationship": "Outer","Parallel Aware": true,"Async Capable": false,"Relation Name": "part","Alias": "part","Startup Cost": 0.00,"Total Cost": 4930.33,"Plan Rows": 83333,"Plan Width": 25,"Actual Startup Time": 0.036,"Actual Total Time": 16.918,"Actual Rows": 40000,"Actual Loops": 5,"Workers": []}]}]}]}]}]},"Planning Time": 4.079,"Triggers": [],"Execution Time": 225.550}]
[{"Plan": {"Node Type": "Aggregate","Strategy": "Plain","Partial Mode": "Finalize","Parallel Aware": false,"Async Capable": false,"Startup Cost": 113379.80,"Total Cost": 113379.81,"Plan Rows": 1,"Plan Width": 32,"Actual Startup Time": 193.373,"Actual Total Time": 211.111,"Actual Rows": 1,"Actual Loops": 1,"Plans": [{"Node Type": "Gather","Parent Relationship": "Outer","Parallel Aware": false,"Async Capable": false,"Startup Cost": 113379.34,"Total Cost": 113379.75,"Plan Rows": 4,"Plan Width": 64,"Actual Startup Time": 191.833,"Actual Total Time": 211.065,"Actual Rows": 5,"Actual Loops": 1,"Workers Planned": 4,"Workers Launched": 4,"Single Copy": false,"Plans": [{"Node Type": "Aggregate","Strategy": "Plain","Partial Mode": "Partial","Parent Relationship": "Outer","Parallel Aware": false,"Async Capable": false,"Startup Cost": 112379.34,"Total Cost": 112379.35,"Plan Rows": 1,"Plan Width": 64,"Actual Startup Time": 183.778,"Actual Total Time": 183.793,"Actual Rows": 1,"Actual Loops": 5,"Workers": [],"Plans": [{"Node Type": "Hash Join","Parent Relationship": "Outer","Parallel Aware": true,"Async Capable": false,"Join Type": "Inner","Startup Cost": 7808.32,"Total Cost": 112066.95,"Plan Rows": 17851,"Plan Width": 33,"Actual Startup Time": 58.482,"Actual Total Time": 177.651,"Actual Rows": 15348,"Actual Loops": 5,"Inner Unique": true,"Hash Cond": "(lineitem.l_partkey = part.p_partkey)","Workers": [],"Plans": [{"Node Type": "Bitmap Heap Scan","Parent Relationship": "Outer","Parallel Aware": true,"Async Capable": false,"Relation Name": "lineitem","Alias": "lineitem","Startup Cost": 1836.32,"Total Cost": 106048.09,"Plan Rows": 17851,"Plan Width": 16,"Actual Startup Time": 22.236,"Actual Total Time": 110.217,"Actual Rows": 15348,"Actual Loops": 5,"Recheck Cond": "((l_shipdate >= '1994-01-01'::date) AND (l_shipdate < '1994-02-01 00:00:00'::timestamp without time zone))","Rows Removed by Index Recheck": 0,"Exact Heap Blocks": 7536,"Lossy Heap Blocks": 0,"Workers": [],"Plans": [{"Node Type": "Bitmap Index Scan","Parent Relationship": "Outer","Parallel Aware": false,"Async Capable": false,"Index Name": "idx_lineitem_shipdate","Startup Cost": 0.00,"Total Cost": 1818.47,"Plan Rows": 71404,"Plan Width": 0,"Actual Startup Time": 15.976,"Actual Total Time": 15.979,"Actual Rows": 76742,"Actual Loops": 1,"Index Cond": "((l_shipdate >= '1994-01-01'::date) AND (l_shipdate < '1994-02-01 00:00:00'::timestamp without time zone))","Workers": []}]},{"Node Type": "Hash","Parent Relationship": "Inner","Parallel Aware": true,"Async Capable": false,"Startup Cost": 4930.33,"Total Cost": 4930.33,"Plan Rows": 83333,"Plan Width": 25,"Actual Startup Time": 35.452,"Actual Total Time": 35.457,"Actual Rows": 40000,"Actual Loops": 5,"Hash Buckets": 262144,"Original Hash Buckets": 262144,"Hash Batches": 1,"Original Hash Batches": 1,"Peak Memory Usage": 14176,"Workers": [],"Plans": [{"Node Type": "Seq Scan","Parent Relationship": "Outer","Parallel Aware": true,"Async Capable": false,"Relation Name": "part","Alias": "part","Startup Cost": 0.00,"Total Cost": 4930.33,"Plan Rows": 83333,"Plan Width": 25,"Actual Startup Time": 0.041,"Actual Total Time": 16.679,"Actual Rows": 40000,"Actual Loops": 5,"Workers": []}]}]}]}]}]},"Planning Time": 5.183,"Triggers": [],"Execution Time": 211.412}]
[{"Plan": {"Node Type": "Aggregate","Strategy": "Plain","Partial Mode": "Finalize","Parallel Aware": false,"Async Capable": false,"Startup Cost": 116629.22,"Total Cost": 116629.23,"Plan Rows": 1,"Plan Width": 32,"Actual Startup Time": 211.951,"Actual Total Time": 230.155,"Actual Rows": 1,"Actual Loops": 1,"Plans": [{"Node Type": "Gather","Parent Relationship": "Outer","Parallel Aware": false,"Async Capable": false,"Startup Cost": 116628.76,"Total Cost": 116629.17,"Plan Rows": 4,"Plan Width": 64,"Actual Startup Time": 210.527,"Actual Total Time": 230.112,"Actual Rows": 5,"Actual Loops": 1,"Workers Planned": 4,"Workers Launched": 4,"Single Copy": false,"Plans": [{"Node Type": "Aggregate","Strategy": "Plain","Partial Mode": "Partial","Parent Relationship": "Outer","Parallel Aware": false,"Async Capable": false,"Startup Cost": 115628.76,"Total Cost": 115628.77,"Plan Rows": 1,"Plan Width": 64,"Actual Startup Time": 201.998,"Actual Total Time": 202.008,"Actual Rows": 1,"Actual Loops": 5,"Workers": [],"Plans": [{"Node Type": "Hash Join","Parent Relationship": "Outer","Parallel Aware": true,"Async Capable": false,"Join Type": "Inner","Startup Cost": 7975.06,"Total Cost": 115287.88,"Plan Rows": 19479,"Plan Width": 33,"Actual Startup Time": 66.909,"Actual Total Time": 195.709,"Actual Rows": 15375,"Actual Loops": 5,"Inner Unique": true,"Hash Cond": "(lineitem.l_partkey = part.p_partkey)","Workers": [],"Plans": [{"Node Type": "Bitmap Heap Scan","Parent Relationship": "Outer","Parallel Aware": true,"Async Capable": false,"Relation Name": "lineitem","Alias": "lineitem","Startup Cost": 2003.06,"Total Cost": 109264.75,"Plan Rows": 19479,"Plan Width": 16,"Actual Startup Time": 28.964,"Actual Total Time": 127.382,"Actual Rows": 15375,"Actual Loops": 5,"Recheck Cond": "((l_shipdate >= '1994-12-01'::date) AND (l_shipdate < '1995-01-01 00:00:00'::timestamp without time zone))","Rows Removed by Index Recheck": 0,"Exact Heap Blocks": 7845,"Lossy Heap Blocks": 0,"Workers": [],"Plans": [{"Node Type": "Bitmap Index Scan","Parent Relationship": "Outer","Parallel Aware": false,"Async Capable": false,"Index Name": "idx_lineitem_shipdate","Startup Cost": 0.00,"Total Cost": 1983.58,"Plan Rows": 77915,"Plan Width": 0,"Actual Startup Time": 22.476,"Actual Total Time": 22.478,"Actual Rows": 76873,"Actual Loops": 1,"Index Cond": "((l_shipdate >= '1994-12-01'::date) AND (l_shipdate < '1995-01-01 00:00:00'::timestamp without time zone))","Workers": []}]},{"Node Type": "Hash","Parent Relationship": "Inner","Parallel Aware": true,"Async Capable": false,"Startup Cost": 4930.33,"Total Cost": 4930.33,"Plan Rows": 83333,"Plan Width": 25,"Actual Startup Time": 37.213,"Actual Total Time": 37.217,"Actual Rows": 40000,"Actual Loops": 5,"Hash Buckets": 262144,"Original Hash Buckets": 262144,"Hash Batches": 1,"Original Hash Batches": 1,"Peak Memory Usage": 14176,"Workers": [],"Plans": [{"Node Type": "Seq Scan","Parent Relationship": "Outer","Parallel Aware": true,"Async Capable": false,"Relation Name": "part","Alias": "part","Startup Cost": 0.00,"Total Cost": 4930.33,"Plan Rows": 83333,"Plan Width": 25,"Actual Startup Time": 0.032,"Actual Total Time": 16.535,"Actual Rows": 40000,"Actual Loops": 5,"Workers": []}]}]}]}]}]},"Planning Time": 5.450,"Triggers": [],"Execution Time": 230.533}]
[{"Plan": {"Node Type": "Aggregate","Strategy": "Plain","Partial Mode": "Finalize","Parallel Aware": false,"Async Capable": false,"Startup Cost": 115729.57,"Total Cost": 115729.59,"Plan Rows": 1,"Plan Width": 32,"Actual Startup Time": 204.888,"Actual Total Time": 221.461,"Actual Rows": 1,"Actual Loops": 1,"Plans": [{"Node Type": "Gather","Parent Relationship": "Outer","Parallel Aware": false,"Async Capable": false,"Startup Cost": 115729.12,"Total Cost": 115729.53,"Plan Rows": 4,"Plan Width": 64,"Actual Startup Time": 203.543,"Actual Total Time": 221.416,"Actual Rows": 5,"Actual Loops": 1,"Workers Planned": 4,"Workers Launched": 4,"Single Copy": false,"Plans": [{"Node Type": "Aggregate","Strategy": "Plain","Partial Mode": "Partial","Parent Relationship": "Outer","Parallel Aware": false,"Async Capable": false,"Startup Cost": 114729.12,"Total Cost": 114729.13,"Plan Rows": 1,"Plan Width": 64,"Actual Startup Time": 195.848,"Actual Total Time": 195.864,"Actual Rows": 1,"Actual Loops": 5,"Workers": [],"Plans": [{"Node Type": "Hash Join","Parent Relationship": "Outer","Parallel Aware": true,"Async Capable": false,"Join Type": "Inner","Startup Cost": 7927.48,"Total Cost": 114396.59,"Plan Rows": 19001,"Plan Width": 33,"Actual Startup Time": 68.169,"Actual Total Time": 189.649,"Actual Rows": 15436,"Actual Loops": 5,"Inner Unique": true,"Hash Cond": "(lineitem.l_partkey = part.p_partkey)","Workers": [],"Plans": [{"Node Type": "Bitmap Heap Scan","Parent Relationship": "Outer","Parallel Aware": true,"Async Capable": false,"Relation Name": "lineitem","Alias": "lineitem","Startup Cost": 1955.48,"Total Cost": 108374.72,"Plan Rows": 19001,"Plan Width": 16,"Actual Startup Time": 32.679,"Actual Total Time": 124.661,"Actual Rows": 15436,"Actual Loops": 5,"Recheck Cond": "((l_shipdate >= '1996-03-01'::date) AND (l_shipdate < '1996-04-01 00:00:00'::timestamp without time zone))","Rows Removed by Index Recheck": 0,"Exact Heap Blocks": 7444,"Lossy Heap Blocks": 0,"Workers": [],"Plans": [{"Node Type": "Bitmap Index Scan","Parent Relationship": "Outer","Parallel Aware": false,"Async Capable": false,"Index Name": "idx_lineitem_shipdate","Startup Cost": 0.00,"Total Cost": 1936.48,"Plan Rows": 76005,"Plan Width": 0,"Actual Startup Time": 26.050,"Actual Total Time": 26.055,"Actual Rows": 77182,"Actual Loops": 1,"Index Cond": "((l_shipdate >= '1996-03-01'::date) AND (l_shipdate < '1996-04-01 00:00:00'::timestamp without time zone))","Workers": []}]},{"Node Type": "Hash","Parent Relationship": "Inner","Parallel Aware": true,"Async Capable": false,"Startup Cost": 4930.33,"Total Cost": 4930.33,"Plan Rows": 83333,"Plan Width": 25,"Actual Startup Time": 34.792,"Actual Total Time": 34.798,"Actual Rows": 40000,"Actual Loops": 5,"Hash Buckets": 262144,"Original Hash Buckets": 262144,"Hash Batches": 1,"Original Hash Batches": 1,"Peak Memory Usage": 14240,"Workers": [],"Plans": [{"Node Type": "Seq Scan","Parent Relationship": "Outer","Parallel Aware": true,"Async Capable": false,"Relation Name": "part","Alias": "part","Startup Cost": 0.00,"Total Cost": 4930.33,"Plan Rows": 83333,"Plan Width": 25,"Actual Startup Time": 0.032,"Actual Total Time": 15.195,"Actual Rows": 40000,"Actual Loops": 5,"Workers": []}]}]}]}]}]},"Planning Time": 5.059,"Triggers": [],"Execution Time": 221.816}]
[{"Plan": {"Node Type": "Aggregate","Strategy": "Plain","Partial Mode": "Finalize","Parallel Aware": false,"Async Capable": false,"Startup Cost": 114558.03,"Total Cost": 114558.05,"Plan Rows": 1,"Plan Width": 32,"Actual Startup Time": 193.213,"Actual Total Time": 209.719,"Actual Rows": 1,"Actual Loops": 1,"Plans": [{"Node Type": "Gather","Parent Relationship": "Outer","Parallel Aware": false,"Async Capable": false,"Startup Cost": 114557.58,"Total Cost": 114557.99,"Plan Rows": 4,"Plan Width": 64,"Actual Startup Time": 192.028,"Actual Total Time": 209.680,"Actual Rows": 5,"Actual Loops": 1,"Workers Planned": 4,"Workers Launched": 4,"Single Copy": false,"Plans": [{"Node Type": "Aggregate","Strategy": "Plain","Partial Mode": "Partial","Parent Relationship": "Outer","Parallel Aware": false,"Async Capable": false,"Startup Cost": 113557.58,"Total Cost": 113557.59,"Plan Rows": 1,"Plan Width": 64,"Actual Startup Time": 183.893,"Actual Total Time": 183.909,"Actual Rows": 1,"Actual Loops": 5,"Workers": [],"Plans": [{"Node Type": "Hash Join","Parent Relationship": "Outer","Parallel Aware": true,"Async Capable": false,"Join Type": "Inner","Startup Cost": 7863.38,"Total Cost": 113235.33,"Plan Rows": 18414,"Plan Width": 33,"Actual Startup Time": 62.674,"Actual Total Time": 178.028,"Actual Rows": 14882,"Actual Loops": 5,"Inner Unique": true,"Hash Cond": "(lineitem.l_partkey = part.p_partkey)","Workers": [],"Plans": [{"Node Type": "Bitmap Heap Scan","Parent Relationship": "Outer","Parallel Aware": true,"Async Capable": false,"Relation Name": "lineitem","Alias": "lineitem","Startup Cost": 1891.39,"Total Cost": 107215.00,"Plan Rows": 18414,"Plan Width": 16,"Actual Startup Time": 24.290,"Actual Total Time": 109.440,"Actual Rows": 14882,"Actual Loops": 5,"Recheck Cond": "((l_shipdate >= '1997-11-01'::date) AND (l_shipdate < '1997-12-01 00:00:00'::timestamp without time zone))","Rows Removed by Index Recheck": 0,"Exact Heap Blocks": 7491,"Lossy Heap Blocks": 0,"Workers": [],"Plans": [{"Node Type": "Bitmap Index Scan","Parent Relationship": "Outer","Parallel Aware": false,"Async Capable": false,"Index Name": "idx_lineitem_shipdate","Startup Cost": 0.00,"Total Cost": 1872.97,"Plan Rows": 73654,"Plan Width": 0,"Actual Startup Time": 18.161,"Actual Total Time": 18.163,"Actual Rows": 74408,"Actual Loops": 1,"Index Cond": "((l_shipdate >= '1997-11-01'::date) AND (l_shipdate < '1997-12-01 00:00:00'::timestamp without time zone))","Workers": []}]},{"Node Type": "Hash","Parent Relationship": "Inner","Parallel Aware": true,"Async Capable": false,"Startup Cost": 4930.33,"Total Cost": 4930.33,"Plan Rows": 83333,"Plan Width": 25,"Actual Startup Time": 37.637,"Actual Total Time": 37.641,"Actual Rows": 40000,"Actual Loops": 5,"Hash Buckets": 262144,"Original Hash Buckets": 262144,"Hash Batches": 1,"Original Hash Batches": 1,"Peak Memory Usage": 14208,"Workers": [],"Plans": [{"Node Type": "Seq Scan","Parent Relationship": "Outer","Parallel Aware": true,"Async Capable": false,"Relation Name": "part","Alias": "part","Startup Cost": 0.00,"Total Cost": 4930.33,"Plan Rows": 83333,"Plan Width": 25,"Actual Startup Time": 0.035,"Actual Total Time": 17.634,"Actual Rows": 40000,"Actual Loops": 5,"Workers": []}]}]}]}]}]},"Planning Time": 3.772,"Triggers": [],"Execution Time": 209.976}]
[{"Plan": {"Node Type": "Aggregate","Strategy": "Plain","Partial Mode": "Finalize","Parallel Aware": false,"Async Capable": false,"Startup Cost": 113868.95,"Total Cost": 113868.96,"Plan Rows": 1,"Plan Width": 32,"Actual Startup Time": 192.024,"Actual Total Time": 209.364,"Actual Rows": 1,"Actual Loops": 1,"Plans": [{"Node Type": "Gather","Parent Relationship": "Outer","Parallel Aware": false,"Async Capable": false,"Startup Cost": 113868.49,"Total Cost": 113868.90,"Plan Rows": 4,"Plan Width": 64,"Actual Startup Time": 190.470,"Actual Total Time": 209.317,"Actual Rows": 5,"Actual Loops": 1,"Workers Planned": 4,"Workers Launched": 4,"Single Copy": false,"Plans": [{"Node Type": "Aggregate","Strategy": "Plain","Partial Mode": "Partial","Parent Relationship": "Outer","Parallel Aware": false,"Async Capable": false,"Startup Cost": 112868.49,"Total Cost": 112868.50,"Plan Rows": 1,"Plan Width": 64,"Actual Startup Time": 182.800,"Actual Total Time": 182.811,"Actual Rows": 1,"Actual Loops": 5,"Workers": [],"Plans": [{"Node Type": "Hash Join","Parent Relationship": "Outer","Parallel Aware": true,"Async Capable": false,"Join Type": "Inner","Startup Cost": 7829.76,"Total Cost": 112552.07,"Plan Rows": 18081,"Plan Width": 33,"Actual Startup Time": 58.101,"Actual Total Time": 176.684,"Actual Rows": 14907,"Actual Loops": 5,"Inner Unique": true,"Hash Cond": "(lineitem.l_partkey = part.p_partkey)","Workers": [],"Plans": [{"Node Type": "Bitmap Heap Scan","Parent Relationship": "Outer","Parallel Aware": true,"Async Capable": false,"Relation Name": "lineitem","Alias": "lineitem","Startup Cost": 1857.76,"Total Cost": 106532.61,"Plan Rows": 18081,"Plan Width": 16,"Actual Startup Time": 21.453,"Actual Total Time": 110.287,"Actual Rows": 14907,"Actual Loops": 5,"Recheck Cond": "((l_shipdate >= '1997-04-01'::date) AND (l_shipdate < '1997-05-01 00:00:00'::timestamp without time zone))","Rows Removed by Index Recheck": 0,"Exact Heap Blocks": 7370,"Lossy Heap Blocks": 0,"Workers": [],"Plans": [{"Node Type": "Bitmap Index Scan","Parent Relationship": "Outer","Parallel Aware": false,"Async Capable": false,"Index Name": "idx_lineitem_shipdate","Startup Cost": 0.00,"Total Cost": 1839.68,"Plan Rows": 72325,"Plan Width": 0,"Actual Startup Time": 15.340,"Actual Total Time": 15.341,"Actual Rows": 74537,"Actual Loops": 1,"Index Cond": "((l_shipdate >= '1997-04-01'::date) AND (l_shipdate < '1997-05-01 00:00:00'::timestamp without time zone))","Workers": []}]},{"Node Type": "Hash","Parent Relationship": "Inner","Parallel Aware": true,"Async Capable": false,"Startup Cost": 4930.33,"Total Cost": 4930.33,"Plan Rows": 83333,"Plan Width": 25,"Actual Startup Time": 35.881,"Actual Total Time": 35.885,"Actual Rows": 40000,"Actual Loops": 5,"Hash Buckets": 262144,"Original Hash Buckets": 262144,"Hash Batches": 1,"Original Hash Batches": 1,"Peak Memory Usage": 14176,"Workers": [],"Plans": [{"Node Type": "Seq Scan","Parent Relationship": "Outer","Parallel Aware": true,"Async Capable": false,"Relation Name": "part","Alias": "part","Startup Cost": 0.00,"Total Cost": 4930.33,"Plan Rows": 83333,"Plan Width": 25,"Actual Startup Time": 0.029,"Actual Total Time": 16.944,"Actual Rows": 40000,"Actual Loops": 5,"Workers": []}]}]}]}]}]},"Planning Time": 5.167,"Triggers": [],"Execution Time": 209.657}]
[{"Plan": {"Node Type": "Aggregate","Strategy": "Plain","Partial Mode": "Finalize","Parallel Aware": false,"Async Capable": false,"Startup Cost": 115034.55,"Total Cost": 115034.56,"Plan Rows": 1,"Plan Width": 32,"Actual Startup Time": 211.171,"Actual Total Time": 229.828,"Actual Rows": 1,"Actual Loops": 1,"Plans": [{"Node Type": "Gather","Parent Relationship": "Outer","Parallel Aware": false,"Async Capable": false,"Startup Cost": 115034.09,"Total Cost": 115034.50,"Plan Rows": 4,"Plan Width": 64,"Actual Startup Time": 209.630,"Actual Total Time": 229.791,"Actual Rows": 5,"Actual Loops": 1,"Workers Planned": 4,"Workers Launched": 4,"Single Copy": false,"Plans": [{"Node Type": "Aggregate","Strategy": "Plain","Partial Mode": "Partial","Parent Relationship": "Outer","Parallel Aware": false,"Async Capable": false,"Startup Cost": 114034.09,"Total Cost": 114034.10,"Plan Rows": 1,"Plan Width": 64,"Actual Startup Time": 202.318,"Actual Total Time": 202.325,"Actual Rows": 1,"Actual Loops": 5,"Workers": [],"Plans": [{"Node Type": "Hash Join","Parent Relationship": "Outer","Parallel Aware": true,"Async Capable": false,"Join Type": "Inner","Startup Cost": 7889.01,"Total Cost": 113707.75,"Plan Rows": 18648,"Plan Width": 33,"Actual Startup Time": 73.099,"Actual Total Time": 196.221,"Actual Rows": 15467,"Actual Loops": 5,"Inner Unique": true,"Hash Cond": "(lineitem.l_partkey = part.p_partkey)","Workers": [],"Plans": [{"Node Type": "Bitmap Heap Scan","Parent Relationship": "Outer","Parallel Aware": true,"Async Capable": false,"Relation Name": "lineitem","Alias": "lineitem","Startup Cost": 1917.01,"Total Cost": 107686.80,"Plan Rows": 18648,"Plan Width": 16,"Actual Startup Time": 32.721,"Actual Total Time": 124.933,"Actual Rows": 15467,"Actual Loops": 5,"Recheck Cond": "((l_shipdate >= '1996-08-01'::date) AND (l_shipdate < '1996-09-01 00:00:00'::timestamp without time zone))","Rows Removed by Index Recheck": 0,"Exact Heap Blocks": 8255,"Lossy Heap Blocks": 0,"Workers": [],"Plans": [{"Node Type": "Bitmap Index Scan","Parent Relationship": "Outer","Parallel Aware": false,"Async Capable": false,"Index Name": "idx_lineitem_shipdate","Startup Cost": 0.00,"Total Cost": 1898.36,"Plan Rows": 74593,"Plan Width": 0,"Actual Startup Time": 26.077,"Actual Total Time": 26.080,"Actual Rows": 77336,"Actual Loops": 1,"Index Cond": "((l_shipdate >= '1996-08-01'::date) AND (l_shipdate < '1996-09-01 00:00:00'::timestamp without time zone))","Workers": []}]},{"Node Type": "Hash","Parent Relationship": "Inner","Parallel Aware": true,"Async Capable": false,"Startup Cost": 4930.33,"Total Cost": 4930.33,"Plan Rows": 83333,"Plan Width": 25,"Actual Startup Time": 39.626,"Actual Total Time": 39.628,"Actual Rows": 40000,"Actual Loops": 5,"Hash Buckets": 262144,"Original Hash Buckets": 262144,"Hash Batches": 1,"Original Hash Batches": 1,"Peak Memory Usage": 14240,"Workers": [],"Plans": [{"Node Type": "Seq Scan","Parent Relationship": "Outer","Parallel Aware": true,"Async Capable": false,"Relation Name": "part","Alias": "part","Startup Cost": 0.00,"Total Cost": 4930.33,"Plan Rows": 83333,"Plan Width": 25,"Actual Startup Time": 0.029,"Actual Total Time": 17.199,"Actual Rows": 40000,"Actual Loops": 5,"Workers": []}]}]}]}]}]},"Planning Time": 4.716,"Triggers": [],"Execution Time": 230.134}]
[{"Plan": {"Node Type": "Aggregate","Strategy": "Plain","Partial Mode": "Finalize","Parallel Aware": false,"Async Capable": false,"Startup Cost": 116275.89,"Total Cost": 116275.90,"Plan Rows": 1,"Plan Width": 32,"Actual Startup Time": 216.169,"Actual Total Time": 231.685,"Actual Rows": 1,"Actual Loops": 1,"Plans": [{"Node Type": "Gather","Parent Relationship": "Outer","Parallel Aware": false,"Async Capable": false,"Startup Cost": 116275.43,"Total Cost": 116275.84,"Plan Rows": 4,"Plan Width": 64,"Actual Startup Time": 214.682,"Actual Total Time": 231.625,"Actual Rows": 5,"Actual Loops": 1,"Workers Planned": 4,"Workers Launched": 4,"Single Copy": false,"Plans": [{"Node Type": "Aggregate","Strategy": "Plain","Partial Mode": "Partial","Parent Relationship": "Outer","Parallel Aware": false,"Async Capable": false,"Startup Cost": 115275.43,"Total Cost": 115275.44,"Plan Rows": 1,"Plan Width": 64,"Actual Startup Time": 206.995,"Actual Total Time": 207.010,"Actual Rows": 1,"Actual Loops": 5,"Workers": [],"Plans": [{"Node Type": "Hash Join","Parent Relationship": "Outer","Parallel Aware": true,"Async Capable": false,"Join Type": "Inner","Startup Cost": 7955.28,"Total Cost": 114937.87,"Plan Rows": 19289,"Plan Width": 33,"Actual Startup Time": 73.783,"Actual Total Time": 200.830,"Actual Rows": 15527,"Actual Loops": 5,"Inner Unique": true,"Hash Cond": "(lineitem.l_partkey = part.p_partkey)","Workers": [],"Plans": [{"Node Type": "Bitmap Heap Scan","Parent Relationship": "Outer","Parallel Aware": true,"Async Capable": false,"Relation Name": "lineitem","Alias": "lineitem","Startup Cost": 1983.28,"Total Cost": 108915.24,"Plan Rows": 19289,"Plan Width": 16,"Actual Startup Time": 33.071,"Actual Total Time": 128.639,"Actual Rows": 15527,"Actual Loops": 5,"Recheck Cond": "((l_shipdate >= '1997-01-01'::date) AND (l_shipdate < '1997-02-01 00:00:00'::timestamp without time zone))","Rows Removed by Index Recheck": 0,"Exact Heap Blocks": 8450,"Lossy Heap Blocks": 0,"Workers": [],"Plans": [{"Node Type": "Bitmap Index Scan","Parent Relationship": "Outer","Parallel Aware": false,"Async Capable": false,"Index Name": "idx_lineitem_shipdate","Startup Cost": 0.00,"Total Cost": 1963.99,"Plan Rows": 77156,"Plan Width": 0,"Actual Startup Time": 26.389,"Actual Total Time": 26.391,"Actual Rows": 77637,"Actual Loops": 1,"Index Cond": "((l_shipdate >= '1997-01-01'::date) AND (l_shipdate < '1997-02-01 00:00:00'::timestamp without time zone))","Workers": []}]},{"Node Type": "Hash","Parent Relationship": "Inner","Parallel Aware": true,"Async Capable": false,"Startup Cost": 4930.33,"Total Cost": 4930.33,"Plan Rows": 83333,"Plan Width": 25,"Actual Startup Time": 39.995,"Actual Total Time": 40.000,"Actual Rows": 40000,"Actual Loops": 5,"Hash Buckets": 262144,"Original Hash Buckets": 262144,"Hash Batches": 1,"Original Hash Batches": 1,"Peak Memory Usage": 14208,"Workers": [],"Plans": [{"Node Type": "Seq Scan","Parent Relationship": "Outer","Parallel Aware": true,"Async Capable": false,"Relation Name": "part","Alias": "part","Startup Cost": 0.00,"Total Cost": 4930.33,"Plan Rows": 83333,"Plan Width": 25,"Actual Startup Time": 0.037,"Actual Total Time": 17.315,"Actual Rows": 40000,"Actual Loops": 5,"Workers": []}]}]}]}]}]},"Planning Time": 4.357,"Triggers": [],"Execution Time": 231.907}]
[{"Plan": {"Node Type": "Aggregate","Strategy": "Plain","Partial Mode": "Finalize","Parallel Aware": false,"Async Capable": false,"Startup Cost": 116921.16,"Total Cost": 116921.17,"Plan Rows": 1,"Plan Width": 32,"Actual Startup Time": 188.717,"Actual Total Time": 203.796,"Actual Rows": 1,"Actual Loops": 1,"Plans": [{"Node Type": "Gather","Parent Relationship": "Outer","Parallel Aware": false,"Async Capable": false,"Startup Cost": 116920.70,"Total Cost": 116921.11,"Plan Rows": 4,"Plan Width": 64,"Actual Startup Time": 187.795,"Actual Total Time": 203.760,"Actual Rows": 5,"Actual Loops": 1,"Workers Planned": 4,"Workers Launched": 4,"Single Copy": false,"Plans": [{"Node Type": "Aggregate","Strategy": "Plain","Partial Mode": "Partial","Parent Relationship": "Outer","Parallel Aware": false,"Async Capable": false,"Startup Cost": 115920.70,"Total Cost": 115920.71,"Plan Rows": 1,"Plan Width": 64,"Actual Startup Time": 178.906,"Actual Total Time": 178.917,"Actual Rows": 1,"Actual Loops": 5,"Workers": [],"Plans": [{"Node Type": "Hash Join","Parent Relationship": "Outer","Parallel Aware": true,"Async Capable": false,"Join Type": "Inner","Startup Cost": 7989.65,"Total Cost": 115577.00,"Plan Rows": 19640,"Plan Width": 33,"Actual Startup Time": 58.926,"Actual Total Time": 172.760,"Actual Rows": 15600,"Actual Loops": 5,"Inner Unique": true,"Hash Cond": "(lineitem.l_partkey = part.p_partkey)","Workers": [],"Plans": [{"Node Type": "Bitmap Heap Scan","Parent Relationship": "Outer","Parallel Aware": true,"Async Capable": false,"Relation Name": "lineitem","Alias": "lineitem","Startup Cost": 2017.65,"Total Cost": 109553.45,"Plan Rows": 19640,"Plan Width": 16,"Actual Startup Time": 22.345,"Actual Total Time": 105.470,"Actual Rows": 15600,"Actual Loops": 5,"Recheck Cond": "((l_shipdate >= '1996-10-01'::date) AND (l_shipdate < '1996-11-01 00:00:00'::timestamp without time zone))","Rows Removed by Index Recheck": 0,"Exact Heap Blocks": 6706,"Lossy Heap Blocks": 0,"Workers": [],"Plans": [{"Node Type": "Bitmap Index Scan","Parent Relationship": "Outer","Parallel Aware": false,"Async Capable": false,"Index Name": "idx_lineitem_shipdate","Startup Cost": 0.00,"Total Cost": 1998.01,"Plan Rows": 78558,"Plan Width": 0,"Actual Startup Time": 16.072,"Actual Total Time": 16.073,"Actual Rows": 78000,"Actual Loops": 1,"Index Cond": "((l_shipdate >= '1996-10-01'::date) AND (l_shipdate < '1996-11-01 00:00:00'::timestamp without time zone))","Workers": []}]},{"Node Type": "Hash","Parent Relationship": "Inner","Parallel Aware": true,"Async Capable": false,"Startup Cost": 4930.33,"Total Cost": 4930.33,"Plan Rows": 83333,"Plan Width": 25,"Actual Startup Time": 35.841,"Actual Total Time": 35.845,"Actual Rows": 40000,"Actual Loops": 5,"Hash Buckets": 262144,"Original Hash Buckets": 262144,"Hash Batches": 1,"Original Hash Batches": 1,"Peak Memory Usage": 14208,"Workers": [],"Plans": [{"Node Type": "Seq Scan","Parent Relationship": "Outer","Parallel Aware": true,"Async Capable": false,"Relation Name": "part","Alias": "part","Startup Cost": 0.00,"Total Cost": 4930.33,"Plan Rows": 83333,"Plan Width": 25,"Actual Startup Time": 0.045,"Actual Total Time": 16.936,"Actual Rows": 40000,"Actual Loops": 5,"Workers": []}]}]}]}]}]},"Planning Time": 5.387,"Triggers": [],"Execution Time": 204.098}]
[{"Plan": {"Node Type": "Aggregate","Strategy": "Plain","Partial Mode": "Finalize","Parallel Aware": false,"Async Capable": false,"Startup Cost": 113859.14,"Total Cost": 113859.15,"Plan Rows": 1,"Plan Width": 32,"Actual Startup Time": 183.004,"Actual Total Time": 200.909,"Actual Rows": 1,"Actual Loops": 1,"Plans": [{"Node Type": "Gather","Parent Relationship": "Outer","Parallel Aware": false,"Async Capable": false,"Startup Cost": 113858.68,"Total Cost": 113859.09,"Plan Rows": 4,"Plan Width": 64,"Actual Startup Time": 181.448,"Actual Total Time": 200.864,"Actual Rows": 5,"Actual Loops": 1,"Workers Planned": 4,"Workers Launched": 4,"Single Copy": false,"Plans": [{"Node Type": "Aggregate","Strategy": "Plain","Partial Mode": "Partial","Parent Relationship": "Outer","Parallel Aware": false,"Async Capable": false,"Startup Cost": 112858.68,"Total Cost": 112858.69,"Plan Rows": 1,"Plan Width": 64,"Actual Startup Time": 173.739,"Actual Total Time": 173.753,"Actual Rows": 1,"Actual Loops": 5,"Workers": [],"Plans": [{"Node Type": "Hash Join","Parent Relationship": "Outer","Parallel Aware": true,"Async Capable": false,"Join Type": "Inner","Startup Cost": 7829.57,"Total Cost": 112542.33,"Plan Rows": 18077,"Plan Width": 33,"Actual Startup Time": 58.239,"Actual Total Time": 167.706,"Actual Rows": 15488,"Actual Loops": 5,"Inner Unique": true,"Hash Cond": "(lineitem.l_partkey = part.p_partkey)","Workers": [],"Plans": [{"Node Type": "Bitmap Heap Scan","Parent Relationship": "Outer","Parallel Aware": true,"Async Capable": false,"Relation Name": "lineitem","Alias": "lineitem","Startup Cost": 1857.58,"Total Cost": 106522.88,"Plan Rows": 18077,"Plan Width": 16,"Actual Startup Time": 22.396,"Actual Total Time": 105.318,"Actual Rows": 15488,"Actual Loops": 5,"Recheck Cond": "((l_shipdate >= '1997-05-01'::date) AND (l_shipdate < '1997-06-01 00:00:00'::timestamp without time zone))","Rows Removed by Index Recheck": 0,"Exact Heap Blocks": 7623,"Lossy Heap Blocks": 0,"Workers": [],"Plans": [{"Node Type": "Bitmap Index Scan","Parent Relationship": "Outer","Parallel Aware": false,"Async Capable": false,"Index Name": "idx_lineitem_shipdate","Startup Cost": 0.00,"Total Cost": 1839.50,"Plan Rows": 72307,"Plan Width": 0,"Actual Startup Time": 16.147,"Actual Total Time": 16.149,"Actual Rows": 77438,"Actual Loops": 1,"Index Cond": "((l_shipdate >= '1997-05-01'::date) AND (l_shipdate < '1997-06-01 00:00:00'::timestamp without time zone))","Workers": []}]},{"Node Type": "Hash","Parent Relationship": "Inner","Parallel Aware": true,"Async Capable": false,"Startup Cost": 4930.33,"Total Cost": 4930.33,"Plan Rows": 83333,"Plan Width": 25,"Actual Startup Time": 35.023,"Actual Total Time": 35.029,"Actual Rows": 40000,"Actual Loops": 5,"Hash Buckets": 262144,"Original Hash Buckets": 262144,"Hash Batches": 1,"Original Hash Batches": 1,"Peak Memory Usage": 14240,"Workers": [],"Plans": [{"Node Type": "Seq Scan","Parent Relationship": "Outer","Parallel Aware": true,"Async Capable": false,"Relation Name": "part","Alias": "part","Startup Cost": 0.00,"Total Cost": 4930.33,"Plan Rows": 83333,"Plan Width": 25,"Actual Startup Time": 0.034,"Actual Total Time": 15.067,"Actual Rows": 40000,"Actual Loops": 5,"Workers": []}]}]}]}]}]},"Planning Time": 4.177,"Triggers": [],"Execution Time": 201.222}]
[{"Plan": {"Node Type": "Aggregate","Strategy": "Plain","Partial Mode": "Finalize","Parallel Aware": false,"Async Capable": false,"Startup Cost": 115609.89,"Total Cost": 115609.90,"Plan Rows": 1,"Plan Width": 32,"Actual Startup Time": 193.817,"Actual Total Time": 211.351,"Actual Rows": 1,"Actual Loops": 1,"Plans": [{"Node Type": "Gather","Parent Relationship": "Outer","Parallel Aware": false,"Async Capable": false,"Startup Cost": 115609.43,"Total Cost": 115609.84,"Plan Rows": 4,"Plan Width": 64,"Actual Startup Time": 192.419,"Actual Total Time": 211.299,"Actual Rows": 5,"Actual Loops": 1,"Workers Planned": 4,"Workers Launched": 4,"Single Copy": false,"Plans": [{"Node Type": "Aggregate","Strategy": "Plain","Partial Mode": "Partial","Parent Relationship": "Outer","Parallel Aware": false,"Async Capable": false,"Startup Cost": 114609.43,"Total Cost": 114609.44,"Plan Rows": 1,"Plan Width": 64,"Actual Startup Time": 185.004,"Actual Total Time": 185.017,"Actual Rows": 1,"Actual Loops": 5,"Workers": [],"Plans": [{"Node Type": "Hash Join","Parent Relationship": "Outer","Parallel Aware": true,"Async Capable": false,"Join Type": "Inner","Startup Cost": 7920.94,"Total Cost": 114277.99,"Plan Rows": 18939,"Plan Width": 33,"Actual Startup Time": 60.368,"Actual Total Time": 178.970,"Actual Rows": 15437,"Actual Loops": 5,"Inner Unique": true,"Hash Cond": "(lineitem.l_partkey = part.p_partkey)","Workers": [],"Plans": [{"Node Type": "Bitmap Heap Scan","Parent Relationship": "Outer","Parallel Aware": true,"Async Capable": false,"Relation Name": "lineitem","Alias": "lineitem","Startup Cost": 1948.94,"Total Cost": 108256.28,"Plan Rows": 18939,"Plan Width": 16,"Actual Startup Time": 23.075,"Actual Total Time": 110.836,"Actual Rows": 15437,"Actual Loops": 5,"Recheck Cond": "((l_shipdate >= '1994-07-01'::date) AND (l_shipdate < '1994-08-01 00:00:00'::timestamp without time zone))","Rows Removed by Index Recheck": 0,"Exact Heap Blocks": 7823,"Lossy Heap Blocks": 0,"Workers": [],"Plans": [{"Node Type": "Bitmap Index Scan","Parent Relationship": "Outer","Parallel Aware": false,"Async Capable": false,"Index Name": "idx_lineitem_shipdate","Startup Cost": 0.00,"Total Cost": 1930.00,"Plan Rows": 75757,"Plan Width": 0,"Actual Startup Time": 16.721,"Actual Total Time": 16.724,"Actual Rows": 77186,"Actual Loops": 1,"Index Cond": "((l_shipdate >= '1994-07-01'::date) AND (l_shipdate < '1994-08-01 00:00:00'::timestamp without time zone))","Workers": []}]},{"Node Type": "Hash","Parent Relationship": "Inner","Parallel Aware": true,"Async Capable": false,"Startup Cost": 4930.33,"Total Cost": 4930.33,"Plan Rows": 83333,"Plan Width": 25,"Actual Startup Time": 36.560,"Actual Total Time": 36.565,"Actual Rows": 40000,"Actual Loops": 5,"Hash Buckets": 262144,"Original Hash Buckets": 262144,"Hash Batches": 1,"Original Hash Batches": 1,"Peak Memory Usage": 14240,"Workers": [],"Plans": [{"Node Type": "Seq Scan","Parent Relationship": "Outer","Parallel Aware": true,"Async Capable": false,"Relation Name": "part","Alias": "part","Startup Cost": 0.00,"Total Cost": 4930.33,"Plan Rows": 83333,"Plan Width": 25,"Actual Startup Time": 0.029,"Actual Total Time": 15.824,"Actual Rows": 40000,"Actual Loops": 5,"Workers": []}]}]}]}]}]},"Planning Time": 4.753,"Triggers": [],"Execution Time": 211.654}]
[{"Plan": {"Node Type": "Aggregate","Strategy": "Plain","Partial Mode": "Finalize","Parallel Aware": false,"Async Capable": false,"Startup Cost": 116198.09,"Total Cost": 116198.11,"Plan Rows": 1,"Plan Width": 32,"Actual Startup Time": 194.937,"Actual Total Time": 212.766,"Actual Rows": 1,"Actual Loops": 1,"Plans": [{"Node Type": "Gather","Parent Relationship": "Outer","Parallel Aware": false,"Async Capable": false,"Startup Cost": 116197.64,"Total Cost": 116198.05,"Plan Rows": 4,"Plan Width": 64,"Actual Startup Time": 193.661,"Actual Total Time": 212.719,"Actual Rows": 5,"Actual Loops": 1,"Workers Planned": 4,"Workers Launched": 4,"Single Copy": false,"Plans": [{"Node Type": "Aggregate","Strategy": "Plain","Partial Mode": "Partial","Parent Relationship": "Outer","Parallel Aware": false,"Async Capable": false,"Startup Cost": 115197.64,"Total Cost": 115197.65,"Plan Rows": 1,"Plan Width": 64,"Actual Startup Time": 186.015,"Actual Total Time": 186.028,"Actual Rows": 1,"Actual Loops": 5,"Workers": [],"Plans": [{"Node Type": "Hash Join","Parent Relationship": "Outer","Parallel Aware": true,"Async Capable": false,"Join Type": "Inner","Startup Cost": 7949.61,"Total Cost": 114860.79,"Plan Rows": 19248,"Plan Width": 33,"Actual Startup Time": 63.880,"Actual Total Time": 180.150,"Actual Rows": 15061,"Actual Loops": 5,"Inner Unique": true,"Hash Cond": "(lineitem.l_partkey = part.p_partkey)","Workers": [],"Plans": [{"Node Type": "Bitmap Heap Scan","Parent Relationship": "Outer","Parallel Aware": true,"Async Capable": false,"Relation Name": "lineitem","Alias": "lineitem","Startup Cost": 1977.61,"Total Cost": 108838.27,"Plan Rows": 19248,"Plan Width": 16,"Actual Startup Time": 23.071,"Actual Total Time": 109.166,"Actual Rows": 15061,"Actual Loops": 5,"Recheck Cond": "((l_shipdate >= '1994-09-01'::date) AND (l_shipdate < '1994-10-01 00:00:00'::timestamp without time zone))","Rows Removed by Index Recheck": 0,"Exact Heap Blocks": 7981,"Lossy Heap Blocks": 0,"Workers": [],"Plans": [{"Node Type": "Bitmap Index Scan","Parent Relationship": "Outer","Parallel Aware": false,"Async Capable": false,"Index Name": "idx_lineitem_shipdate","Startup Cost": 0.00,"Total Cost": 1958.36,"Plan Rows": 76993,"Plan Width": 0,"Actual Startup Time": 16.740,"Actual Total Time": 16.742,"Actual Rows": 75306,"Actual Loops": 1,"Index Cond": "((l_shipdate >= '1994-09-01'::date) AND (l_shipdate < '1994-10-01 00:00:00'::timestamp without time zone))","Workers": []}]},{"Node Type": "Hash","Parent Relationship": "Inner","Parallel Aware": true,"Async Capable": false,"Startup Cost": 4930.33,"Total Cost": 4930.33,"Plan Rows": 83333,"Plan Width": 25,"Actual Startup Time": 39.928,"Actual Total Time": 39.932,"Actual Rows": 40000,"Actual Loops": 5,"Hash Buckets": 262144,"Original Hash Buckets": 262144,"Hash Batches": 1,"Original Hash Batches": 1,"Peak Memory Usage": 14176,"Workers": [],"Plans": [{"Node Type": "Seq Scan","Parent Relationship": "Outer","Parallel Aware": true,"Async Capable": false,"Relation Name": "part","Alias": "part","Startup Cost": 0.00,"Total Cost": 4930.33,"Plan Rows": 83333,"Plan Width": 25,"Actual Startup Time": 0.037,"Actual Total Time": 17.389,"Actual Rows": 40000,"Actual Loops": 5,"Workers": []}]}]}]}]}]},"Planning Time": 4.062,"Triggers": [],"Execution Time": 213.027}]
[{"Plan": {"Node Type": "Aggregate","Strategy": "Plain","Partial Mode": "Finalize","Parallel Aware": false,"Async Capable": false,"Startup Cost": 116629.22,"Total Cost": 116629.23,"Plan Rows": 1,"Plan Width": 32,"Actual Startup Time": 211.951,"Actual Total Time": 230.155,"Actual Rows": 1,"Actual Loops": 1,"Plans": [{"Node Type": "Gather","Parent Relationship": "Outer","Parallel Aware": false,"Async Capable": false,"Startup Cost": 116628.76,"Total Cost": 116629.17,"Plan Rows": 4,"Plan Width": 64,"Actual Startup Time": 210.527,"Actual Total Time": 230.112,"Actual Rows": 5,"Actual Loops": 1,"Workers Planned": 4,"Workers Launched": 4,"Single Copy": false,"Plans": [{"Node Type": "Aggregate","Strategy": "Plain","Partial Mode": "Partial","Parent Relationship": "Outer","Parallel Aware": false,"Async Capable": false,"Startup Cost": 115628.76,"Total Cost": 115628.77,"Plan Rows": 1,"Plan Width": 64,"Actual Startup Time": 201.998,"Actual Total Time": 202.008,"Actual Rows": 1,"Actual Loops": 5,"Workers": [],"Plans": [{"Node Type": "Hash Join","Parent Relationship": "Outer","Parallel Aware": true,"Async Capable": false,"Join Type": "Inner","Startup Cost": 7975.06,"Total Cost": 115287.88,"Plan Rows": 19479,"Plan Width": 33,"Actual Startup Time": 66.909,"Actual Total Time": 195.709,"Actual Rows": 15375,"Actual Loops": 5,"Inner Unique": true,"Hash Cond": "(lineitem.l_partkey = part.p_partkey)","Workers": [],"Plans": [{"Node Type": "Bitmap Heap Scan","Parent Relationship": "Outer","Parallel Aware": true,"Async Capable": false,"Relation Name": "lineitem","Alias": "lineitem","Startup Cost": 2003.06,"Total Cost": 109264.75,"Plan Rows": 19479,"Plan Width": 16,"Actual Startup Time": 28.964,"Actual Total Time": 127.382,"Actual Rows": 15375,"Actual Loops": 5,"Recheck Cond": "((l_shipdate >= '1994-12-01'::date) AND (l_shipdate < '1995-01-01 00:00:00'::timestamp without time zone))","Rows Removed by Index Recheck": 0,"Exact Heap Blocks": 7845,"Lossy Heap Blocks": 0,"Workers": [],"Plans": [{"Node Type": "Bitmap Index Scan","Parent Relationship": "Outer","Parallel Aware": false,"Async Capable": false,"Index Name": "idx_lineitem_shipdate","Startup Cost": 0.00,"Total Cost": 1983.58,"Plan Rows": 77915,"Plan Width": 0,"Actual Startup Time": 22.476,"Actual Total Time": 22.478,"Actual Rows": 76873,"Actual Loops": 1,"Index Cond": "((l_shipdate >= '1994-12-01'::date) AND (l_shipdate < '1995-01-01 00:00:00'::timestamp without time zone))","Workers": []}]},{"Node Type": "Hash","Parent Relationship": "Inner","Parallel Aware": true,"Async Capable": false,"Startup Cost": 4930.33,"Total Cost": 4930.33,"Plan Rows": 83333,"Plan Width": 25,"Actual Startup Time": 37.213,"Actual Total Time": 37.217,"Actual Rows": 40000,"Actual Loops": 5,"Hash Buckets": 262144,"Original Hash Buckets": 262144,"Hash Batches": 1,"Original Hash Batches": 1,"Peak Memory Usage": 14176,"Workers": [],"Plans": [{"Node Type": "Seq Scan","Parent Relationship": "Outer","Parallel Aware": true,"Async Capable": false,"Relation Name": "part","Alias": "part","Startup Cost": 0.00,"Total Cost": 4930.33,"Plan Rows": 83333,"Plan Width": 25,"Actual Startup Time": 0.032,"Actual Total Time": 16.535,"Actual Rows": 40000,"Actual Loops": 5,"Workers": []}]}]}]}]}]},"Planning Time": 5.450,"Triggers": [],"Execution Time": 230.533}]
[{"Plan": {"Node Type": "Aggregate","Strategy": "Plain","Partial Mode": "Finalize","Parallel Aware": false,"Async Capable": false,"Startup Cost": 117449.67,"Total Cost": 117449.68,"Plan Rows": 1,"Plan Width": 32,"Actual Startup Time": 209.461,"Actual Total Time": 224.908,"Actual Rows": 1,"Actual Loops": 1,"Plans": [{"Node Type": "Gather","Parent Relationship": "Outer","Parallel Aware": false,"Async Capable": false,"Startup Cost": 117449.21,"Total Cost": 117449.62,"Plan Rows": 4,"Plan Width": 64,"Actual Startup Time": 207.968,"Actual Total Time": 224.878,"Actual Rows": 5,"Actual Loops": 1,"Workers Planned": 4,"Workers Launched": 4,"Single Copy": false,"Plans": [{"Node Type": "Aggregate","Strategy": "Plain","Partial Mode": "Partial","Parent Relationship": "Outer","Parallel Aware": false,"Async Capable": false,"Startup Cost": 116449.21,"Total Cost": 116449.22,"Plan Rows": 1,"Plan Width": 64,"Actual Startup Time": 200.716,"Actual Total Time": 200.726,"Actual Rows": 1,"Actual Loops": 5,"Workers": [],"Plans": [{"Node Type": "Hash Join","Parent Relationship": "Outer","Parallel Aware": true,"Async Capable": false,"Join Type": "Inner","Startup Cost": 8021.73,"Total Cost": 116100.36,"Plan Rows": 19934,"Plan Width": 33,"Actual Startup Time": 69.344,"Actual Total Time": 194.621,"Actual Rows": 15439,"Actual Loops": 5,"Inner Unique": true,"Hash Cond": "(lineitem.l_partkey = part.p_partkey)","Workers": [],"Plans": [{"Node Type": "Bitmap Heap Scan","Parent Relationship": "Outer","Parallel Aware": true,"Async Capable": false,"Relation Name": "lineitem","Alias": "lineitem","Startup Cost": 2049.74,"Total Cost": 110076.04,"Plan Rows": 19934,"Plan Width": 16,"Actual Startup Time": 28.893,"Actual Total Time": 124.591,"Actual Rows": 15439,"Actual Loops": 5,"Recheck Cond": "((l_shipdate >= '1993-08-01'::date) AND (l_shipdate < '1993-09-01 00:00:00'::timestamp without time zone))","Rows Removed by Index Recheck": 0,"Exact Heap Blocks": 7741,"Lossy Heap Blocks": 0,"Workers": [],"Plans": [{"Node Type": "Bitmap Index Scan","Parent Relationship": "Outer","Parallel Aware": false,"Async Capable": false,"Index Name": "idx_lineitem_shipdate","Startup Cost": 0.00,"Total Cost": 2029.80,"Plan Rows": 79737,"Plan Width": 0,"Actual Startup Time": 22.408,"Actual Total Time": 22.411,"Actual Rows": 77197,"Actual Loops": 1,"Index Cond": "((l_shipdate >= '1993-08-01'::date) AND (l_shipdate < '1993-09-01 00:00:00'::timestamp without time zone))","Workers": []}]},{"Node Type": "Hash","Parent Relationship": "Inner","Parallel Aware": true,"Async Capable": false,"Startup Cost": 4930.33,"Total Cost": 4930.33,"Plan Rows": 83333,"Plan Width": 25,"Actual Startup Time": 39.731,"Actual Total Time": 39.735,"Actual Rows": 40000,"Actual Loops": 5,"Hash Buckets": 262144,"Original Hash Buckets": 262144,"Hash Batches": 1,"Original Hash Batches": 1,"Peak Memory Usage": 14176,"Workers": [],"Plans": [{"Node Type": "Seq Scan","Parent Relationship": "Outer","Parallel Aware": true,"Async Capable": false,"Relation Name": "part","Alias": "part","Startup Cost": 0.00,"Total Cost": 4930.33,"Plan Rows": 83333,"Plan Width": 25,"Actual Startup Time": 0.044,"Actual Total Time": 17.039,"Actual Rows": 40000,"Actual Loops": 5,"Workers": []}]}]}]}]}]},"Planning Time": 4.803,"Triggers": [],"Execution Time": 225.176}]
[{"Plan": {"Node Type": "Aggregate","Strategy": "Plain","Partial Mode": "Finalize","Parallel Aware": false,"Async Capable": false,"Startup Cost": 114558.03,"Total Cost": 114558.05,"Plan Rows": 1,"Plan Width": 32,"Actual Startup Time": 193.213,"Actual Total Time": 209.719,"Actual Rows": 1,"Actual Loops": 1,"Plans": [{"Node Type": "Gather","Parent Relationship": "Outer","Parallel Aware": false,"Async Capable": false,"Startup Cost": 114557.58,"Total Cost": 114557.99,"Plan Rows": 4,"Plan Width": 64,"Actual Startup Time": 192.028,"Actual Total Time": 209.680,"Actual Rows": 5,"Actual Loops": 1,"Workers Planned": 4,"Workers Launched": 4,"Single Copy": false,"Plans": [{"Node Type": "Aggregate","Strategy": "Plain","Partial Mode": "Partial","Parent Relationship": "Outer","Parallel Aware": false,"Async Capable": false,"Startup Cost": 113557.58,"Total Cost": 113557.59,"Plan Rows": 1,"Plan Width": 64,"Actual Startup Time": 183.893,"Actual Total Time": 183.909,"Actual Rows": 1,"Actual Loops": 5,"Workers": [],"Plans": [{"Node Type": "Hash Join","Parent Relationship": "Outer","Parallel Aware": true,"Async Capable": false,"Join Type": "Inner","Startup Cost": 7863.38,"Total Cost": 113235.33,"Plan Rows": 18414,"Plan Width": 33,"Actual Startup Time": 62.674,"Actual Total Time": 178.028,"Actual Rows": 14882,"Actual Loops": 5,"Inner Unique": true,"Hash Cond": "(lineitem.l_partkey = part.p_partkey)","Workers": [],"Plans": [{"Node Type": "Bitmap Heap Scan","Parent Relationship": "Outer","Parallel Aware": true,"Async Capable": false,"Relation Name": "lineitem","Alias": "lineitem","Startup Cost": 1891.39,"Total Cost": 107215.00,"Plan Rows": 18414,"Plan Width": 16,"Actual Startup Time": 24.290,"Actual Total Time": 109.440,"Actual Rows": 14882,"Actual Loops": 5,"Recheck Cond": "((l_shipdate >= '1997-11-01'::date) AND (l_shipdate < '1997-12-01 00:00:00'::timestamp without time zone))","Rows Removed by Index Recheck": 0,"Exact Heap Blocks": 7491,"Lossy Heap Blocks": 0,"Workers": [],"Plans": [{"Node Type": "Bitmap Index Scan","Parent Relationship": "Outer","Parallel Aware": false,"Async Capable": false,"Index Name": "idx_lineitem_shipdate","Startup Cost": 0.00,"Total Cost": 1872.97,"Plan Rows": 73654,"Plan Width": 0,"Actual Startup Time": 18.161,"Actual Total Time": 18.163,"Actual Rows": 74408,"Actual Loops": 1,"Index Cond": "((l_shipdate >= '1997-11-01'::date) AND (l_shipdate < '1997-12-01 00:00:00'::timestamp without time zone))","Workers": []}]},{"Node Type": "Hash","Parent Relationship": "Inner","Parallel Aware": true,"Async Capable": false,"Startup Cost": 4930.33,"Total Cost": 4930.33,"Plan Rows": 83333,"Plan Width": 25,"Actual Startup Time": 37.637,"Actual Total Time": 37.641,"Actual Rows": 40000,"Actual Loops": 5,"Hash Buckets": 262144,"Original Hash Buckets": 262144,"Hash Batches": 1,"Original Hash Batches": 1,"Peak Memory Usage": 14208,"Workers": [],"Plans": [{"Node Type": "Seq Scan","Parent Relationship": "Outer","Parallel Aware": true,"Async Capable": false,"Relation Name": "part","Alias": "part","Startup Cost": 0.00,"Total Cost": 4930.33,"Plan Rows": 83333,"Plan Width": 25,"Actual Startup Time": 0.035,"Actual Total Time": 17.634,"Actual Rows": 40000,"Actual Loops": 5,"Workers": []}]}]}]}]}]},"Planning Time": 3.772,"Triggers": [],"Execution Time": 209.976}]
[{"Plan": {"Node Type": "Aggregate","Strategy": "Plain","Partial Mode": "Finalize","Parallel Aware": false,"Async Capable": false,"Startup Cost": 114725.33,"Total Cost": 114725.34,"Plan Rows": 1,"Plan Width": 32,"Actual Startup Time": 192.923,"Actual Total Time": 209.763,"Actual Rows": 1,"Actual Loops": 1,"Plans": [{"Node Type": "Gather","Parent Relationship": "Outer","Parallel Aware": false,"Async Capable": false,"Startup Cost": 114724.87,"Total Cost": 114725.28,"Plan Rows": 4,"Plan Width": 64,"Actual Startup Time": 191.499,"Actual Total Time": 209.727,"Actual Rows": 5,"Actual Loops": 1,"Workers Planned": 4,"Workers Launched": 4,"Single Copy": false,"Plans": [{"Node Type": "Aggregate","Strategy": "Plain","Partial Mode": "Partial","Parent Relationship": "Outer","Parallel Aware": false,"Async Capable": false,"Startup Cost": 113724.87,"Total Cost": 113724.88,"Plan Rows": 1,"Plan Width": 64,"Actual Startup Time": 183.203,"Actual Total Time": 183.211,"Actual Rows": 1,"Actual Loops": 5,"Workers": [],"Plans": [{"Node Type": "Hash Join","Parent Relationship": "Outer","Parallel Aware": true,"Async Capable": false,"Join Type": "Inner","Startup Cost": 7874.68,"Total Cost": 113401.22,"Plan Rows": 18494,"Plan Width": 33,"Actual Startup Time": 59.447,"Actual Total Time": 177.013,"Actual Rows": 15439,"Actual Loops": 5,"Inner Unique": true,"Hash Cond": "(lineitem.l_partkey = part.p_partkey)","Workers": [],"Plans": [{"Node Type": "Bitmap Heap Scan","Parent Relationship": "Outer","Parallel Aware": true,"Async Capable": false,"Relation Name": "lineitem","Alias": "lineitem","Startup Cost": 1902.69,"Total Cost": 107380.68,"Plan Rows": 18494,"Plan Width": 16,"Actual Startup Time": 22.483,"Actual Total Time": 108.769,"Actual Rows": 15439,"Actual Loops": 5,"Recheck Cond": "((l_shipdate >= '1993-03-01'::date) AND (l_shipdate < '1993-04-01 00:00:00'::timestamp without time zone))","Rows Removed by Index Recheck": 0,"Exact Heap Blocks": 7570,"Lossy Heap Blocks": 0,"Workers": [],"Plans": [{"Node Type": "Bitmap Index Scan","Parent Relationship": "Outer","Parallel Aware": false,"Async Capable": false,"Index Name": "idx_lineitem_shipdate","Startup Cost": 0.00,"Total Cost": 1884.19,"Plan Rows": 73976,"Plan Width": 0,"Actual Startup Time": 16.141,"Actual Total Time": 16.143,"Actual Rows": 77194,"Actual Loops": 1,"Index Cond": "((l_shipdate >= '1993-03-01'::date) AND (l_shipdate < '1993-04-01 00:00:00'::timestamp without time zone))","Workers": []}]},{"Node Type": "Hash","Parent Relationship": "Inner","Parallel Aware": true,"Async Capable": false,"Startup Cost": 4930.33,"Total Cost": 4930.33,"Plan Rows": 83333,"Plan Width": 25,"Actual Startup Time": 36.196,"Actual Total Time": 36.199,"Actual Rows": 40000,"Actual Loops": 5,"Hash Buckets": 262144,"Original Hash Buckets": 262144,"Hash Batches": 1,"Original Hash Batches": 1,"Peak Memory Usage": 14176,"Workers": [],"Plans": [{"Node Type": "Seq Scan","Parent Relationship": "Outer","Parallel Aware": true,"Async Capable": false,"Relation Name": "part","Alias": "part","Startup Cost": 0.00,"Total Cost": 4930.33,"Plan Rows": 83333,"Plan Width": 25,"Actual Startup Time": 0.033,"Actual Total Time": 16.359,"Actual Rows": 40000,"Actual Loops": 5,"Workers": []}]}]}]}]}]},"Planning Time": 5.414,"Triggers": [],"Execution Time": 210.129}]
[{"Plan": {"Node Type": "Aggregate","Strategy": "Plain","Partial Mode": "Finalize","Parallel Aware": false,"Async Capable": false,"Startup Cost": 114558.03,"Total Cost": 114558.05,"Plan Rows": 1,"Plan Width": 32,"Actual Startup Time": 193.213,"Actual Total Time": 209.719,"Actual Rows": 1,"Actual Loops": 1,"Plans": [{"Node Type": "Gather","Parent Relationship": "Outer","Parallel Aware": false,"Async Capable": false,"Startup Cost": 114557.58,"Total Cost": 114557.99,"Plan Rows": 4,"Plan Width": 64,"Actual Startup Time": 192.028,"Actual Total Time": 209.680,"Actual Rows": 5,"Actual Loops": 1,"Workers Planned": 4,"Workers Launched": 4,"Single Copy": false,"Plans": [{"Node Type": "Aggregate","Strategy": "Plain","Partial Mode": "Partial","Parent Relationship": "Outer","Parallel Aware": false,"Async Capable": false,"Startup Cost": 113557.58,"Total Cost": 113557.59,"Plan Rows": 1,"Plan Width": 64,"Actual Startup Time": 183.893,"Actual Total Time": 183.909,"Actual Rows": 1,"Actual Loops": 5,"Workers": [],"Plans": [{"Node Type": "Hash Join","Parent Relationship": "Outer","Parallel Aware": true,"Async Capable": false,"Join Type": "Inner","Startup Cost": 7863.38,"Total Cost": 113235.33,"Plan Rows": 18414,"Plan Width": 33,"Actual Startup Time": 62.674,"Actual Total Time": 178.028,"Actual Rows": 14882,"Actual Loops": 5,"Inner Unique": true,"Hash Cond": "(lineitem.l_partkey = part.p_partkey)","Workers": [],"Plans": [{"Node Type": "Bitmap Heap Scan","Parent Relationship": "Outer","Parallel Aware": true,"Async Capable": false,"Relation Name": "lineitem","Alias": "lineitem","Startup Cost": 1891.39,"Total Cost": 107215.00,"Plan Rows": 18414,"Plan Width": 16,"Actual Startup Time": 24.290,"Actual Total Time": 109.440,"Actual Rows": 14882,"Actual Loops": 5,"Recheck Cond": "((l_shipdate >= '1997-11-01'::date) AND (l_shipdate < '1997-12-01 00:00:00'::timestamp without time zone))","Rows Removed by Index Recheck": 0,"Exact Heap Blocks": 7491,"Lossy Heap Blocks": 0,"Workers": [],"Plans": [{"Node Type": "Bitmap Index Scan","Parent Relationship": "Outer","Parallel Aware": false,"Async Capable": false,"Index Name": "idx_lineitem_shipdate","Startup Cost": 0.00,"Total Cost": 1872.97,"Plan Rows": 73654,"Plan Width": 0,"Actual Startup Time": 18.161,"Actual Total Time": 18.163,"Actual Rows": 74408,"Actual Loops": 1,"Index Cond": "((l_shipdate >= '1997-11-01'::date) AND (l_shipdate < '1997-12-01 00:00:00'::timestamp without time zone))","Workers": []}]},{"Node Type": "Hash","Parent Relationship": "Inner","Parallel Aware": true,"Async Capable": false,"Startup Cost": 4930.33,"Total Cost": 4930.33,"Plan Rows": 83333,"Plan Width": 25,"Actual Startup Time": 37.637,"Actual Total Time": 37.641,"Actual Rows": 40000,"Actual Loops": 5,"Hash Buckets": 262144,"Original Hash Buckets": 262144,"Hash Batches": 1,"Original Hash Batches": 1,"Peak Memory Usage": 14208,"Workers": [],"Plans": [{"Node Type": "Seq Scan","Parent Relationship": "Outer","Parallel Aware": true,"Async Capable": false,"Relation Name": "part","Alias": "part","Startup Cost": 0.00,"Total Cost": 4930.33,"Plan Rows": 83333,"Plan Width": 25,"Actual Startup Time": 0.035,"Actual Total Time": 17.634,"Actual Rows": 40000,"Actual Loops": 5,"Workers": []}]}]}]}]}]},"Planning Time": 3.772,"Triggers": [],"Execution Time": 209.976}]
[{"Plan": {"Node Type": "Aggregate","Strategy": "Plain","Partial Mode": "Finalize","Parallel Aware": false,"Async Capable": false,"Startup Cost": 116198.09,"Total Cost": 116198.11,"Plan Rows": 1,"Plan Width": 32,"Actual Startup Time": 194.937,"Actual Total Time": 212.766,"Actual Rows": 1,"Actual Loops": 1,"Plans": [{"Node Type": "Gather","Parent Relationship": "Outer","Parallel Aware": false,"Async Capable": false,"Startup Cost": 116197.64,"Total Cost": 116198.05,"Plan Rows": 4,"Plan Width": 64,"Actual Startup Time": 193.661,"Actual Total Time": 212.719,"Actual Rows": 5,"Actual Loops": 1,"Workers Planned": 4,"Workers Launched": 4,"Single Copy": false,"Plans": [{"Node Type": "Aggregate","Strategy": "Plain","Partial Mode": "Partial","Parent Relationship": "Outer","Parallel Aware": false,"Async Capable": false,"Startup Cost": 115197.64,"Total Cost": 115197.65,"Plan Rows": 1,"Plan Width": 64,"Actual Startup Time": 186.015,"Actual Total Time": 186.028,"Actual Rows": 1,"Actual Loops": 5,"Workers": [],"Plans": [{"Node Type": "Hash Join","Parent Relationship": "Outer","Parallel Aware": true,"Async Capable": false,"Join Type": "Inner","Startup Cost": 7949.61,"Total Cost": 114860.79,"Plan Rows": 19248,"Plan Width": 33,"Actual Startup Time": 63.880,"Actual Total Time": 180.150,"Actual Rows": 15061,"Actual Loops": 5,"Inner Unique": true,"Hash Cond": "(lineitem.l_partkey = part.p_partkey)","Workers": [],"Plans": [{"Node Type": "Bitmap Heap Scan","Parent Relationship": "Outer","Parallel Aware": true,"Async Capable": false,"Relation Name": "lineitem","Alias": "lineitem","Startup Cost": 1977.61,"Total Cost": 108838.27,"Plan Rows": 19248,"Plan Width": 16,"Actual Startup Time": 23.071,"Actual Total Time": 109.166,"Actual Rows": 15061,"Actual Loops": 5,"Recheck Cond": "((l_shipdate >= '1994-09-01'::date) AND (l_shipdate < '1994-10-01 00:00:00'::timestamp without time zone))","Rows Removed by Index Recheck": 0,"Exact Heap Blocks": 7981,"Lossy Heap Blocks": 0,"Workers": [],"Plans": [{"Node Type": "Bitmap Index Scan","Parent Relationship": "Outer","Parallel Aware": false,"Async Capable": false,"Index Name": "idx_lineitem_shipdate","Startup Cost": 0.00,"Total Cost": 1958.36,"Plan Rows": 76993,"Plan Width": 0,"Actual Startup Time": 16.740,"Actual Total Time": 16.742,"Actual Rows": 75306,"Actual Loops": 1,"Index Cond": "((l_shipdate >= '1994-09-01'::date) AND (l_shipdate < '1994-10-01 00:00:00'::timestamp without time zone))","Workers": []}]},{"Node Type": "Hash","Parent Relationship": "Inner","Parallel Aware": true,"Async Capable": false,"Startup Cost": 4930.33,"Total Cost": 4930.33,"Plan Rows": 83333,"Plan Width": 25,"Actual Startup Time": 39.928,"Actual Total Time": 39.932,"Actual Rows": 40000,"Actual Loops": 5,"Hash Buckets": 262144,"Original Hash Buckets": 262144,"Hash Batches": 1,"Original Hash Batches": 1,"Peak Memory Usage": 14176,"Workers": [],"Plans": [{"Node Type": "Seq Scan","Parent Relationship": "Outer","Parallel Aware": true,"Async Capable": false,"Relation Name": "part","Alias": "part","Startup Cost": 0.00,"Total Cost": 4930.33,"Plan Rows": 83333,"Plan Width": 25,"Actual Startup Time": 0.037,"Actual Total Time": 17.389,"Actual Rows": 40000,"Actual Loops": 5,"Workers": []}]}]}]}]}]},"Planning Time": 4.062,"Triggers": [],"Execution Time": 213.027}]
[{"Plan": {"Node Type": "Aggregate","Strategy": "Plain","Partial Mode": "Finalize","Parallel Aware": false,"Async Capable": false,"Startup Cost": 113767.70,"Total Cost": 113767.71,"Plan Rows": 1,"Plan Width": 32,"Actual Startup Time": 201.354,"Actual Total Time": 217.629,"Actual Rows": 1,"Actual Loops": 1,"Plans": [{"Node Type": "Gather","Parent Relationship": "Outer","Parallel Aware": false,"Async Capable": false,"Startup Cost": 113767.24,"Total Cost": 113767.65,"Plan Rows": 4,"Plan Width": 64,"Actual Startup Time": 198.999,"Actual Total Time": 217.582,"Actual Rows": 5,"Actual Loops": 1,"Workers Planned": 4,"Workers Launched": 4,"Single Copy": false,"Plans": [{"Node Type": "Aggregate","Strategy": "Plain","Partial Mode": "Partial","Parent Relationship": "Outer","Parallel Aware": false,"Async Capable": false,"Startup Cost": 112767.24,"Total Cost": 112767.25,"Plan Rows": 1,"Plan Width": 64,"Actual Startup Time": 191.550,"Actual Total Time": 191.562,"Actual Rows": 1,"Actual Loops": 5,"Workers": [],"Plans": [{"Node Type": "Hash Join","Parent Relationship": "Outer","Parallel Aware": true,"Async Capable": false,"Join Type": "Inner","Startup Cost": 7827.74,"Total Cost": 112451.68,"Plan Rows": 18032,"Plan Width": 33,"Actual Startup Time": 62.703,"Actual Total Time": 185.698,"Actual Rows": 14327,"Actual Loops": 5,"Inner Unique": true,"Hash Cond": "(lineitem.l_partkey = part.p_partkey)","Workers": [],"Plans": [{"Node Type": "Bitmap Heap Scan","Parent Relationship": "Outer","Parallel Aware": true,"Async Capable": false,"Relation Name": "lineitem","Alias": "lineitem","Startup Cost": 1855.74,"Total Cost": 106432.35,"Plan Rows": 18032,"Plan Width": 16,"Actual Startup Time": 28.428,"Actual Total Time": 122.517,"Actual Rows": 14327,"Actual Loops": 5,"Recheck Cond": "((l_shipdate >= '1996-02-01'::date) AND (l_shipdate < '1996-03-01 00:00:00'::timestamp without time zone))","Rows Removed by Index Recheck": 0,"Exact Heap Blocks": 8588,"Lossy Heap Blocks": 0,"Workers": [],"Plans": [{"Node Type": "Bitmap Index Scan","Parent Relationship": "Outer","Parallel Aware": false,"Async Capable": false,"Index Name": "idx_lineitem_shipdate","Startup Cost": 0.00,"Total Cost": 1837.71,"Plan Rows": 72128,"Plan Width": 0,"Actual Startup Time": 22.136,"Actual Total Time": 22.138,"Actual Rows": 71636,"Actual Loops": 1,"Index Cond": "((l_shipdate >= '1996-02-01'::date) AND (l_shipdate < '1996-03-01 00:00:00'::timestamp without time zone))","Workers": []}]},{"Node Type": "Hash","Parent Relationship": "Inner","Parallel Aware": true,"Async Capable": false,"Startup Cost": 4930.33,"Total Cost": 4930.33,"Plan Rows": 83333,"Plan Width": 25,"Actual Startup Time": 33.546,"Actual Total Time": 33.549,"Actual Rows": 40000,"Actual Loops": 5,"Hash Buckets": 262144,"Original Hash Buckets": 262144,"Hash Batches": 1,"Original Hash Batches": 1,"Peak Memory Usage": 14240,"Workers": [],"Plans": [{"Node Type": "Seq Scan","Parent Relationship": "Outer","Parallel Aware": true,"Async Capable": false,"Relation Name": "part","Alias": "part","Startup Cost": 0.00,"Total Cost": 4930.33,"Plan Rows": 83333,"Plan Width": 25,"Actual Startup Time": 0.035,"Actual Total Time": 14.470,"Actual Rows": 40000,"Actual Loops": 5,"Workers": []}]}]}]}]}]},"Planning Time": 4.716,"Triggers": [],"Execution Time": 217.907}]
[{"Plan": {"Node Type": "Aggregate","Strategy": "Plain","Partial Mode": "Finalize","Parallel Aware": false,"Async Capable": false,"Startup Cost": 112298.08,"Total Cost": 112298.10,"Plan Rows": 1,"Plan Width": 32,"Actual Startup Time": 191.070,"Actual Total Time": 208.503,"Actual Rows": 1,"Actual Loops": 1,"Plans": [{"Node Type": "Gather","Parent Relationship": "Outer","Parallel Aware": false,"Async Capable": false,"Startup Cost": 112297.63,"Total Cost": 112298.04,"Plan Rows": 4,"Plan Width": 64,"Actual Startup Time": 190.184,"Actual Total Time": 208.450,"Actual Rows": 5,"Actual Loops": 1,"Workers Planned": 4,"Workers Launched": 4,"Single Copy": false,"Plans": [{"Node Type": "Aggregate","Strategy": "Plain","Partial Mode": "Partial","Parent Relationship": "Outer","Parallel Aware": false,"Async Capable": false,"Startup Cost": 111297.63,"Total Cost": 111297.64,"Plan Rows": 1,"Plan Width": 64,"Actual Startup Time": 182.728,"Actual Total Time": 182.742,"Actual Rows": 1,"Actual Loops": 5,"Workers": [],"Plans": [{"Node Type": "Hash Join","Parent Relationship": "Outer","Parallel Aware": true,"Async Capable": false,"Join Type": "Inner","Startup Cost": 7756.28,"Total Cost": 110993.79,"Plan Rows": 17362,"Plan Width": 33,"Actual Startup Time": 66.345,"Actual Total Time": 176.801,"Actual Rows": 15010,"Actual Loops": 5,"Inner Unique": true,"Hash Cond": "(lineitem.l_partkey = part.p_partkey)","Workers": [],"Plans": [{"Node Type": "Bitmap Heap Scan","Parent Relationship": "Outer","Parallel Aware": true,"Async Capable": false,"Relation Name": "lineitem","Alias": "lineitem","Startup Cost": 1784.28,"Total Cost": 104976.22,"Plan Rows": 17362,"Plan Width": 16,"Actual Startup Time": 32.103,"Actual Total Time": 119.300,"Actual Rows": 15010,"Actual Loops": 5,"Recheck Cond": "((l_shipdate >= '1995-11-01'::date) AND (l_shipdate < '1995-12-01 00:00:00'::timestamp without time zone))","Rows Removed by Index Recheck": 0,"Exact Heap Blocks": 8065,"Lossy Heap Blocks": 0,"Workers": [],"Plans": [{"Node Type": "Bitmap Index Scan","Parent Relationship": "Outer","Parallel Aware": false,"Async Capable": false,"Index Name": "idx_lineitem_shipdate","Startup Cost": 0.00,"Total Cost": 1766.92,"Plan Rows": 69449,"Plan Width": 0,"Actual Startup Time": 25.535,"Actual Total Time": 25.540,"Actual Rows": 75052,"Actual Loops": 1,"Index Cond": "((l_shipdate >= '1995-11-01'::date) AND (l_shipdate < '1995-12-01 00:00:00'::timestamp without time zone))","Workers": []}]},{"Node Type": "Hash","Parent Relationship": "Inner","Parallel Aware": true,"Async Capable": false,"Startup Cost": 4930.33,"Total Cost": 4930.33,"Plan Rows": 83333,"Plan Width": 25,"Actual Startup Time": 33.591,"Actual Total Time": 33.596,"Actual Rows": 40000,"Actual Loops": 5,"Hash Buckets": 262144,"Original Hash Buckets": 262144,"Hash Batches": 1,"Original Hash Batches": 1,"Peak Memory Usage": 14176,"Workers": [],"Plans": [{"Node Type": "Seq Scan","Parent Relationship": "Outer","Parallel Aware": true,"Async Capable": false,"Relation Name": "part","Alias": "part","Startup Cost": 0.00,"Total Cost": 4930.33,"Plan Rows": 83333,"Plan Width": 25,"Actual Startup Time": 0.028,"Actual Total Time": 14.589,"Actual Rows": 40000,"Actual Loops": 5,"Workers": []}]}]}]}]}]},"Planning Time": 4.131,"Triggers": [],"Execution Time": 208.779}]
[{"Plan": {"Node Type": "Aggregate","Strategy": "Plain","Partial Mode": "Finalize","Parallel Aware": false,"Async Capable": false,"Startup Cost": 115278.37,"Total Cost": 115278.39,"Plan Rows": 1,"Plan Width": 32,"Actual Startup Time": 216.767,"Actual Total Time": 235.341,"Actual Rows": 1,"Actual Loops": 1,"Plans": [{"Node Type": "Gather","Parent Relationship": "Outer","Parallel Aware": false,"Async Capable": false,"Startup Cost": 115277.92,"Total Cost": 115278.33,"Plan Rows": 4,"Plan Width": 64,"Actual Startup Time": 215.238,"Actual Total Time": 235.292,"Actual Rows": 5,"Actual Loops": 1,"Workers Planned": 4,"Workers Launched": 4,"Single Copy": false,"Plans": [{"Node Type": "Aggregate","Strategy": "Plain","Partial Mode": "Partial","Parent Relationship": "Outer","Parallel Aware": false,"Async Capable": false,"Startup Cost": 114277.92,"Total Cost": 114277.93,"Plan Rows": 1,"Plan Width": 64,"Actual Startup Time": 207.313,"Actual Total Time": 207.326,"Actual Rows": 1,"Actual Loops": 5,"Workers": [],"Plans": [{"Node Type": "Hash Join","Parent Relationship": "Outer","Parallel Aware": true,"Async Capable": false,"Join Type": "Inner","Startup Cost": 7902.03,"Total Cost": 113949.42,"Plan Rows": 18771,"Plan Width": 33,"Actual Startup Time": 76.432,"Actual Total Time": 201.253,"Actual Rows": 15157,"Actual Loops": 5,"Inner Unique": true,"Hash Cond": "(lineitem.l_partkey = part.p_partkey)","Workers": [],"Plans": [{"Node Type": "Bitmap Heap Scan","Parent Relationship": "Outer","Parallel Aware": true,"Async Capable": false,"Relation Name": "lineitem","Alias": "lineitem","Startup Cost": 1930.03,"Total Cost": 107928.15,"Plan Rows": 18771,"Plan Width": 16,"Actual Startup Time": 33.743,"Actual Total Time": 128.031,"Actual Rows": 15157,"Actual Loops": 5,"Recheck Cond": "((l_shipdate >= '1995-04-01'::date) AND (l_shipdate < '1995-05-01 00:00:00'::timestamp without time zone))","Rows Removed by Index Recheck": 0,"Exact Heap Blocks": 8417,"Lossy Heap Blocks": 0,"Workers": [],"Plans": [{"Node Type": "Bitmap Index Scan","Parent Relationship": "Outer","Parallel Aware": false,"Async Capable": false,"Index Name": "idx_lineitem_shipdate","Startup Cost": 0.00,"Total Cost": 1911.26,"Plan Rows": 75083,"Plan Width": 0,"Actual Startup Time": 27.090,"Actual Total Time": 27.093,"Actual Rows": 75787,"Actual Loops": 1,"Index Cond": "((l_shipdate >= '1995-04-01'::date) AND (l_shipdate < '1995-05-01 00:00:00'::timestamp without time zone))","Workers": []}]},{"Node Type": "Hash","Parent Relationship": "Inner","Parallel Aware": true,"Async Capable": false,"Startup Cost": 4930.33,"Total Cost": 4930.33,"Plan Rows": 83333,"Plan Width": 25,"Actual Startup Time": 41.833,"Actual Total Time": 41.837,"Actual Rows": 40000,"Actual Loops": 5,"Hash Buckets": 262144,"Original Hash Buckets": 262144,"Hash Batches": 1,"Original Hash Batches": 1,"Peak Memory Usage": 14208,"Workers": [],"Plans": [{"Node Type": "Seq Scan","Parent Relationship": "Outer","Parallel Aware": true,"Async Capable": false,"Relation Name": "part","Alias": "part","Startup Cost": 0.00,"Total Cost": 4930.33,"Plan Rows": 83333,"Plan Width": 25,"Actual Startup Time": 0.046,"Actual Total Time": 18.660,"Actual Rows": 40000,"Actual Loops": 5,"Workers": []}]}]}]}]}]},"Planning Time": 3.999,"Triggers": [],"Execution Time": 235.603}]
[{"Plan": {"Node Type": "Aggregate","Strategy": "Plain","Partial Mode": "Finalize","Parallel Aware": false,"Async Capable": false,"Startup Cost": 111167.85,"Total Cost": 111167.87,"Plan Rows": 1,"Plan Width": 32,"Actual Startup Time": 180.931,"Actual Total Time": 199.884,"Actual Rows": 1,"Actual Loops": 1,"Plans": [{"Node Type": "Gather","Parent Relationship": "Outer","Parallel Aware": false,"Async Capable": false,"Startup Cost": 111167.40,"Total Cost": 111167.81,"Plan Rows": 4,"Plan Width": 64,"Actual Startup Time": 179.550,"Actual Total Time": 199.841,"Actual Rows": 5,"Actual Loops": 1,"Workers Planned": 4,"Workers Launched": 4,"Single Copy": false,"Plans": [{"Node Type": "Aggregate","Strategy": "Plain","Partial Mode": "Partial","Parent Relationship": "Outer","Parallel Aware": false,"Async Capable": false,"Startup Cost": 110167.40,"Total Cost": 110167.41,"Plan Rows": 1,"Plan Width": 64,"Actual Startup Time": 171.475,"Actual Total Time": 171.482,"Actual Rows": 1,"Actual Loops": 5,"Workers": [],"Plans": [{"Node Type": "Hash Join","Parent Relationship": "Outer","Parallel Aware": true,"Async Capable": false,"Join Type": "Inner","Startup Cost": 7708.24,"Total Cost": 109872.10,"Plan Rows": 16874,"Plan Width": 33,"Actual Startup Time": 55.633,"Actual Total Time": 165.640,"Actual Rows": 13990,"Actual Loops": 5,"Inner Unique": true,"Hash Cond": "(lineitem.l_partkey = part.p_partkey)","Workers": [],"Plans": [{"Node Type": "Bitmap Heap Scan","Parent Relationship": "Outer","Parallel Aware": true,"Async Capable": false,"Relation Name": "lineitem","Alias": "lineitem","Startup Cost": 1736.25,"Total Cost": 103855.81,"Plan Rows": 16873,"Plan Width": 16,"Actual Startup Time": 21.244,"Actual Total Time": 102.422,"Actual Rows": 13990,"Actual Loops": 5,"Recheck Cond": "((l_shipdate >= '1993-02-01'::date) AND (l_shipdate < '1993-03-01 00:00:00'::timestamp without time zone))","Rows Removed by Index Recheck": 0,"Exact Heap Blocks": 6433,"Lossy Heap Blocks": 0,"Workers": [],"Plans": [{"Node Type": "Bitmap Index Scan","Parent Relationship": "Outer","Parallel Aware": false,"Async Capable": false,"Index Name": "idx_lineitem_shipdate","Startup Cost": 0.00,"Total Cost": 1719.37,"Plan Rows": 67494,"Plan Width": 0,"Actual Startup Time": 15.254,"Actual Total Time": 15.255,"Actual Rows": 69949,"Actual Loops": 1,"Index Cond": "((l_shipdate >= '1993-02-01'::date) AND (l_shipdate < '1993-03-01 00:00:00'::timestamp without time zone))","Workers": []}]},{"Node Type": "Hash","Parent Relationship": "Inner","Parallel Aware": true,"Async Capable": false,"Startup Cost": 4930.33,"Total Cost": 4930.33,"Plan Rows": 83333,"Plan Width": 25,"Actual Startup Time": 33.582,"Actual Total Time": 33.584,"Actual Rows": 40000,"Actual Loops": 5,"Hash Buckets": 262144,"Original Hash Buckets": 262144,"Hash Batches": 1,"Original Hash Batches": 1,"Peak Memory Usage": 14176,"Workers": [],"Plans": [{"Node Type": "Seq Scan","Parent Relationship": "Outer","Parallel Aware": true,"Async Capable": false,"Relation Name": "part","Alias": "part","Startup Cost": 0.00,"Total Cost": 4930.33,"Plan Rows": 83333,"Plan Width": 25,"Actual Startup Time": 0.036,"Actual Total Time": 15.481,"Actual Rows": 40000,"Actual Loops": 5,"Workers": []}]}]}]}]}]},"Planning Time": 4.410,"Triggers": [],"Execution Time": 200.104}]
[{"Plan": {"Node Type": "Aggregate","Strategy": "Plain","Partial Mode": "Finalize","Parallel Aware": false,"Async Capable": false,"Startup Cost": 115338.69,"Total Cost": 115338.71,"Plan Rows": 1,"Plan Width": 32,"Actual Startup Time": 199.829,"Actual Total Time": 219.842,"Actual Rows": 1,"Actual Loops": 1,"Plans": [{"Node Type": "Gather","Parent Relationship": "Outer","Parallel Aware": false,"Async Capable": false,"Startup Cost": 115338.24,"Total Cost": 115338.65,"Plan Rows": 4,"Plan Width": 64,"Actual Startup Time": 198.858,"Actual Total Time": 219.794,"Actual Rows": 5,"Actual Loops": 1,"Workers Planned": 4,"Workers Launched": 4,"Single Copy": false,"Plans": [{"Node Type": "Aggregate","Strategy": "Plain","Partial Mode": "Partial","Parent Relationship": "Outer","Parallel Aware": false,"Async Capable": false,"Startup Cost": 114338.24,"Total Cost": 114338.25,"Plan Rows": 1,"Plan Width": 64,"Actual Startup Time": 190.294,"Actual Total Time": 190.307,"Actual Rows": 1,"Actual Loops": 5,"Workers": [],"Plans": [{"Node Type": "Hash Join","Parent Relationship": "Outer","Parallel Aware": true,"Async Capable": false,"Join Type": "Inner","Startup Cost": 7903.33,"Total Cost": 114009.20,"Plan Rows": 18802,"Plan Width": 33,"Actual Startup Time": 61.506,"Actual Total Time": 183.262,"Actual Rows": 15403,"Actual Loops": 5,"Inner Unique": true,"Hash Cond": "(lineitem.l_partkey = part.p_partkey)","Workers": [],"Plans": [{"Node Type": "Bitmap Heap Scan","Parent Relationship": "Outer","Parallel Aware": true,"Async Capable": false,"Relation Name": "lineitem","Alias": "lineitem","Startup Cost": 1931.34,"Total Cost": 107987.84,"Plan Rows": 18803,"Plan Width": 16,"Actual Startup Time": 22.372,"Actual Total Time": 111.171,"Actual Rows": 15403,"Actual Loops": 5,"Recheck Cond": "((l_shipdate >= '1997-10-01'::date) AND (l_shipdate < '1997-11-01 00:00:00'::timestamp without time zone))","Rows Removed by Index Recheck": 0,"Exact Heap Blocks": 6871,"Lossy Heap Blocks": 0,"Workers": [],"Plans": [{"Node Type": "Bitmap Index Scan","Parent Relationship": "Outer","Parallel Aware": false,"Async Capable": false,"Index Name": "idx_lineitem_shipdate","Startup Cost": 0.00,"Total Cost": 1912.53,"Plan Rows": 75210,"Plan Width": 0,"Actual Startup Time": 16.032,"Actual Total Time": 16.036,"Actual Rows": 77013,"Actual Loops": 1,"Index Cond": "((l_shipdate >= '1997-10-01'::date) AND (l_shipdate < '1997-11-01 00:00:00'::timestamp without time zone))","Workers": []}]},{"Node Type": "Hash","Parent Relationship": "Inner","Parallel Aware": true,"Async Capable": false,"Startup Cost": 4930.33,"Total Cost": 4930.33,"Plan Rows": 83333,"Plan Width": 25,"Actual Startup Time": 38.387,"Actual Total Time": 38.393,"Actual Rows": 40000,"Actual Loops": 5,"Hash Buckets": 262144,"Original Hash Buckets": 262144,"Hash Batches": 1,"Original Hash Batches": 1,"Peak Memory Usage": 14208,"Workers": [],"Plans": [{"Node Type": "Seq Scan","Parent Relationship": "Outer","Parallel Aware": true,"Async Capable": false,"Relation Name": "part","Alias": "part","Startup Cost": 0.00,"Total Cost": 4930.33,"Plan Rows": 83333,"Plan Width": 25,"Actual Startup Time": 0.031,"Actual Total Time": 17.971,"Actual Rows": 40000,"Actual Loops": 5,"Workers": []}]}]}]}]}]},"Planning Time": 3.861,"Triggers": [],"Execution Time": 220.121}]
[{"Plan": {"Node Type": "Aggregate","Strategy": "Plain","Partial Mode": "Finalize","Parallel Aware": false,"Async Capable": false,"Startup Cost": 116423.51,"Total Cost": 116423.52,"Plan Rows": 1,"Plan Width": 32,"Actual Startup Time": 193.419,"Actual Total Time": 210.903,"Actual Rows": 1,"Actual Loops": 1,"Plans": [{"Node Type": "Gather","Parent Relationship": "Outer","Parallel Aware": false,"Async Capable": false,"Startup Cost": 116423.05,"Total Cost": 116423.46,"Plan Rows": 4,"Plan Width": 64,"Actual Startup Time": 191.772,"Actual Total Time": 210.852,"Actual Rows": 5,"Actual Loops": 1,"Workers Planned": 4,"Workers Launched": 4,"Single Copy": false,"Plans": [{"Node Type": "Aggregate","Strategy": "Plain","Partial Mode": "Partial","Parent Relationship": "Outer","Parallel Aware": false,"Async Capable": false,"Startup Cost": 115423.05,"Total Cost": 115423.06,"Plan Rows": 1,"Plan Width": 64,"Actual Startup Time": 184.034,"Actual Total Time": 184.046,"Actual Rows": 1,"Actual Loops": 5,"Workers": [],"Plans": [{"Node Type": "Hash Join","Parent Relationship": "Outer","Parallel Aware": true,"Async Capable": false,"Join Type": "Inner","Startup Cost": 7962.54,"Total Cost": 115084.11,"Plan Rows": 19368,"Plan Width": 33,"Actual Startup Time": 59.026,"Actual Total Time": 177.787,"Actual Rows": 15441,"Actual Loops": 5,"Inner Unique": true,"Hash Cond": "(lineitem.l_partkey = part.p_partkey)","Workers": [],"Plans": [{"Node Type": "Bitmap Heap Scan","Parent Relationship": "Outer","Parallel Aware": true,"Async Capable": false,"Relation Name": "lineitem","Alias": "lineitem","Startup Cost": 1990.54,"Total Cost": 109061.27,"Plan Rows": 19368,"Plan Width": 16,"Actual Startup Time": 22.262,"Actual Total Time": 110.318,"Actual Rows": 15441,"Actual Loops": 5,"Recheck Cond": "((l_shipdate >= '1995-12-01'::date) AND (l_shipdate < '1996-01-01 00:00:00'::timestamp without time zone))","Rows Removed by Index Recheck": 0,"Exact Heap Blocks": 7749,"Lossy Heap Blocks": 0,"Workers": [],"Plans": [{"Node Type": "Bitmap Index Scan","Parent Relationship": "Outer","Parallel Aware": false,"Async Capable": false,"Index Name": "idx_lineitem_shipdate","Startup Cost": 0.00,"Total Cost": 1971.17,"Plan Rows": 77474,"Plan Width": 0,"Actual Startup Time": 16.016,"Actual Total Time": 16.018,"Actual Rows": 77203,"Actual Loops": 1,"Index Cond": "((l_shipdate >= '1995-12-01'::date) AND (l_shipdate < '1996-01-01 00:00:00'::timestamp without time zone))","Workers": []}]},{"Node Type": "Hash","Parent Relationship": "Inner","Parallel Aware": true,"Async Capable": false,"Startup Cost": 4930.33,"Total Cost": 4930.33,"Plan Rows": 83333,"Plan Width": 25,"Actual Startup Time": 36.084,"Actual Total Time": 36.088,"Actual Rows": 40000,"Actual Loops": 5,"Hash Buckets": 262144,"Original Hash Buckets": 262144,"Hash Batches": 1,"Original Hash Batches": 1,"Peak Memory Usage": 14208,"Workers": [],"Plans": [{"Node Type": "Seq Scan","Parent Relationship": "Outer","Parallel Aware": true,"Async Capable": false,"Relation Name": "part","Alias": "part","Startup Cost": 0.00,"Total Cost": 4930.33,"Plan Rows": 83333,"Plan Width": 25,"Actual Startup Time": 0.025,"Actual Total Time": 17.161,"Actual Rows": 40000,"Actual Loops": 5,"Workers": []}]}]}]}]}]},"Planning Time": 5.431,"Triggers": [],"Execution Time": 211.162}]
[{"Plan": {"Node Type": "Aggregate","Strategy": "Plain","Partial Mode": "Finalize","Parallel Aware": false,"Async Capable": false,"Startup Cost": 116198.09,"Total Cost": 116198.11,"Plan Rows": 1,"Plan Width": 32,"Actual Startup Time": 194.937,"Actual Total Time": 212.766,"Actual Rows": 1,"Actual Loops": 1,"Plans": [{"Node Type": "Gather","Parent Relationship": "Outer","Parallel Aware": false,"Async Capable": false,"Startup Cost": 116197.64,"Total Cost": 116198.05,"Plan Rows": 4,"Plan Width": 64,"Actual Startup Time": 193.661,"Actual Total Time": 212.719,"Actual Rows": 5,"Actual Loops": 1,"Workers Planned": 4,"Workers Launched": 4,"Single Copy": false,"Plans": [{"Node Type": "Aggregate","Strategy": "Plain","Partial Mode": "Partial","Parent Relationship": "Outer","Parallel Aware": false,"Async Capable": false,"Startup Cost": 115197.64,"Total Cost": 115197.65,"Plan Rows": 1,"Plan Width": 64,"Actual Startup Time": 186.015,"Actual Total Time": 186.028,"Actual Rows": 1,"Actual Loops": 5,"Workers": [],"Plans": [{"Node Type": "Hash Join","Parent Relationship": "Outer","Parallel Aware": true,"Async Capable": false,"Join Type": "Inner","Startup Cost": 7949.61,"Total Cost": 114860.79,"Plan Rows": 19248,"Plan Width": 33,"Actual Startup Time": 63.880,"Actual Total Time": 180.150,"Actual Rows": 15061,"Actual Loops": 5,"Inner Unique": true,"Hash Cond": "(lineitem.l_partkey = part.p_partkey)","Workers": [],"Plans": [{"Node Type": "Bitmap Heap Scan","Parent Relationship": "Outer","Parallel Aware": true,"Async Capable": false,"Relation Name": "lineitem","Alias": "lineitem","Startup Cost": 1977.61,"Total Cost": 108838.27,"Plan Rows": 19248,"Plan Width": 16,"Actual Startup Time": 23.071,"Actual Total Time": 109.166,"Actual Rows": 15061,"Actual Loops": 5,"Recheck Cond": "((l_shipdate >= '1994-09-01'::date) AND (l_shipdate < '1994-10-01 00:00:00'::timestamp without time zone))","Rows Removed by Index Recheck": 0,"Exact Heap Blocks": 7981,"Lossy Heap Blocks": 0,"Workers": [],"Plans": [{"Node Type": "Bitmap Index Scan","Parent Relationship": "Outer","Parallel Aware": false,"Async Capable": false,"Index Name": "idx_lineitem_shipdate","Startup Cost": 0.00,"Total Cost": 1958.36,"Plan Rows": 76993,"Plan Width": 0,"Actual Startup Time": 16.740,"Actual Total Time": 16.742,"Actual Rows": 75306,"Actual Loops": 1,"Index Cond": "((l_shipdate >= '1994-09-01'::date) AND (l_shipdate < '1994-10-01 00:00:00'::timestamp without time zone))","Workers": []}]},{"Node Type": "Hash","Parent Relationship": "Inner","Parallel Aware": true,"Async Capable": false,"Startup Cost": 4930.33,"Total Cost": 4930.33,"Plan Rows": 83333,"Plan Width": 25,"Actual Startup Time": 39.928,"Actual Total Time": 39.932,"Actual Rows": 40000,"Actual Loops": 5,"Hash Buckets": 262144,"Original Hash Buckets": 262144,"Hash Batches": 1,"Original Hash Batches": 1,"Peak Memory Usage": 14176,"Workers": [],"Plans": [{"Node Type": "Seq Scan","Parent Relationship": "Outer","Parallel Aware": true,"Async Capable": false,"Relation Name": "part","Alias": "part","Startup Cost": 0.00,"Total Cost": 4930.33,"Plan Rows": 83333,"Plan Width": 25,"Actual Startup Time": 0.037,"Actual Total Time": 17.389,"Actual Rows": 40000,"Actual Loops": 5,"Workers": []}]}]}]}]}]},"Planning Time": 4.062,"Triggers": [],"Execution Time": 213.027}]
[{"Plan": {"Node Type": "Aggregate","Strategy": "Plain","Partial Mode": "Finalize","Parallel Aware": false,"Async Capable": false,"Startup Cost": 117449.67,"Total Cost": 117449.68,"Plan Rows": 1,"Plan Width": 32,"Actual Startup Time": 209.461,"Actual Total Time": 224.908,"Actual Rows": 1,"Actual Loops": 1,"Plans": [{"Node Type": "Gather","Parent Relationship": "Outer","Parallel Aware": false,"Async Capable": false,"Startup Cost": 117449.21,"Total Cost": 117449.62,"Plan Rows": 4,"Plan Width": 64,"Actual Startup Time": 207.968,"Actual Total Time": 224.878,"Actual Rows": 5,"Actual Loops": 1,"Workers Planned": 4,"Workers Launched": 4,"Single Copy": false,"Plans": [{"Node Type": "Aggregate","Strategy": "Plain","Partial Mode": "Partial","Parent Relationship": "Outer","Parallel Aware": false,"Async Capable": false,"Startup Cost": 116449.21,"Total Cost": 116449.22,"Plan Rows": 1,"Plan Width": 64,"Actual Startup Time": 200.716,"Actual Total Time": 200.726,"Actual Rows": 1,"Actual Loops": 5,"Workers": [],"Plans": [{"Node Type": "Hash Join","Parent Relationship": "Outer","Parallel Aware": true,"Async Capable": false,"Join Type": "Inner","Startup Cost": 8021.73,"Total Cost": 116100.36,"Plan Rows": 19934,"Plan Width": 33,"Actual Startup Time": 69.344,"Actual Total Time": 194.621,"Actual Rows": 15439,"Actual Loops": 5,"Inner Unique": true,"Hash Cond": "(lineitem.l_partkey = part.p_partkey)","Workers": [],"Plans": [{"Node Type": "Bitmap Heap Scan","Parent Relationship": "Outer","Parallel Aware": true,"Async Capable": false,"Relation Name": "lineitem","Alias": "lineitem","Startup Cost": 2049.74,"Total Cost": 110076.04,"Plan Rows": 19934,"Plan Width": 16,"Actual Startup Time": 28.893,"Actual Total Time": 124.591,"Actual Rows": 15439,"Actual Loops": 5,"Recheck Cond": "((l_shipdate >= '1993-08-01'::date) AND (l_shipdate < '1993-09-01 00:00:00'::timestamp without time zone))","Rows Removed by Index Recheck": 0,"Exact Heap Blocks": 7741,"Lossy Heap Blocks": 0,"Workers": [],"Plans": [{"Node Type": "Bitmap Index Scan","Parent Relationship": "Outer","Parallel Aware": false,"Async Capable": false,"Index Name": "idx_lineitem_shipdate","Startup Cost": 0.00,"Total Cost": 2029.80,"Plan Rows": 79737,"Plan Width": 0,"Actual Startup Time": 22.408,"Actual Total Time": 22.411,"Actual Rows": 77197,"Actual Loops": 1,"Index Cond": "((l_shipdate >= '1993-08-01'::date) AND (l_shipdate < '1993-09-01 00:00:00'::timestamp without time zone))","Workers": []}]},{"Node Type": "Hash","Parent Relationship": "Inner","Parallel Aware": true,"Async Capable": false,"Startup Cost": 4930.33,"Total Cost": 4930.33,"Plan Rows": 83333,"Plan Width": 25,"Actual Startup Time": 39.731,"Actual Total Time": 39.735,"Actual Rows": 40000,"Actual Loops": 5,"Hash Buckets": 262144,"Original Hash Buckets": 262144,"Hash Batches": 1,"Original Hash Batches": 1,"Peak Memory Usage": 14176,"Workers": [],"Plans": [{"Node Type": "Seq Scan","Parent Relationship": "Outer","Parallel Aware": true,"Async Capable": false,"Relation Name": "part","Alias": "part","Startup Cost": 0.00,"Total Cost": 4930.33,"Plan Rows": 83333,"Plan Width": 25,"Actual Startup Time": 0.044,"Actual Total Time": 17.039,"Actual Rows": 40000,"Actual Loops": 5,"Workers": []}]}]}]}]}]},"Planning Time": 4.803,"Triggers": [],"Execution Time": 225.176}]
[{"Plan": {"Node Type": "Aggregate","Strategy": "Plain","Partial Mode": "Finalize","Parallel Aware": false,"Async Capable": false,"Startup Cost": 117951.42,"Total Cost": 117951.44,"Plan Rows": 1,"Plan Width": 32,"Actual Startup Time": 195.681,"Actual Total Time": 213.344,"Actual Rows": 1,"Actual Loops": 1,"Plans": [{"Node Type": "Gather","Parent Relationship": "Outer","Parallel Aware": false,"Async Capable": false,"Startup Cost": 117950.97,"Total Cost": 117951.38,"Plan Rows": 4,"Plan Width": 64,"Actual Startup Time": 194.406,"Actual Total Time": 213.290,"Actual Rows": 5,"Actual Loops": 1,"Workers Planned": 4,"Workers Launched": 4,"Single Copy": false,"Plans": [{"Node Type": "Aggregate","Strategy": "Plain","Partial Mode": "Partial","Parent Relationship": "Outer","Parallel Aware": false,"Async Capable": false,"Startup Cost": 116950.97,"Total Cost": 116950.98,"Plan Rows": 1,"Plan Width": 64,"Actual Startup Time": 186.783,"Actual Total Time": 186.797,"Actual Rows": 1,"Actual Loops": 5,"Workers": [],"Plans": [{"Node Type": "Hash Join","Parent Relationship": "Outer","Parallel Aware": true,"Async Capable": false,"Join Type": "Inner","Startup Cost": 8049.62,"Total Cost": 116597.04,"Plan Rows": 20224,"Plan Width": 33,"Actual Startup Time": 60.474,"Actual Total Time": 180.769,"Actual Rows": 15532,"Actual Loops": 5,"Inner Unique": true,"Hash Cond": "(lineitem.l_partkey = part.p_partkey)","Workers": [],"Plans": [{"Node Type": "Bitmap Heap Scan","Parent Relationship": "Outer","Parallel Aware": true,"Async Capable": false,"Relation Name": "lineitem","Alias": "lineitem","Startup Cost": 2077.63,"Total Cost": 110571.96,"Plan Rows": 20224,"Plan Width": 16,"Actual Startup Time": 22.143,"Actual Total Time": 111.653,"Actual Rows": 15532,"Actual Loops": 5,"Recheck Cond": "((l_shipdate >= '1993-10-01'::date) AND (l_shipdate < '1993-11-01 00:00:00'::timestamp without time zone))","Rows Removed by Index Recheck": 0,"Exact Heap Blocks": 7906,"Lossy Heap Blocks": 0,"Workers": [],"Plans": [{"Node Type": "Bitmap Index Scan","Parent Relationship": "Outer","Parallel Aware": false,"Async Capable": false,"Index Name": "idx_lineitem_shipdate","Startup Cost": 0.00,"Total Cost": 2057.40,"Plan Rows": 80897,"Plan Width": 0,"Actual Startup Time": 15.870,"Actual Total Time": 15.870,"Actual Rows": 77661,"Actual Loops": 1,"Index Cond": "((l_shipdate >= '1993-10-01'::date) AND (l_shipdate < '1993-11-01 00:00:00'::timestamp without time zone))","Workers": []}]},{"Node Type": "Hash","Parent Relationship": "Inner","Parallel Aware": true,"Async Capable": false,"Startup Cost": 4930.33,"Total Cost": 4930.33,"Plan Rows": 83333,"Plan Width": 25,"Actual Startup Time": 37.623,"Actual Total Time": 37.628,"Actual Rows": 40000,"Actual Loops": 5,"Hash Buckets": 262144,"Original Hash Buckets": 262144,"Hash Batches": 1,"Original Hash Batches": 1,"Peak Memory Usage": 14176,"Workers": [],"Plans": [{"Node Type": "Seq Scan","Parent Relationship": "Outer","Parallel Aware": true,"Async Capable": false,"Relation Name": "part","Alias": "part","Startup Cost": 0.00,"Total Cost": 4930.33,"Plan Rows": 83333,"Plan Width": 25,"Actual Startup Time": 0.033,"Actual Total Time": 16.489,"Actual Rows": 40000,"Actual Loops": 5,"Workers": []}]}]}]}]}]},"Planning Time": 4.158,"Triggers": [],"Execution Time": 213.609}]
[{"Plan": {"Node Type": "Aggregate","Strategy": "Plain","Partial Mode": "Finalize","Parallel Aware": false,"Async Capable": false,"Startup Cost": 117449.67,"Total Cost": 117449.68,"Plan Rows": 1,"Plan Width": 32,"Actual Startup Time": 209.461,"Actual Total Time": 224.908,"Actual Rows": 1,"Actual Loops": 1,"Plans": [{"Node Type": "Gather","Parent Relationship": "Outer","Parallel Aware": false,"Async Capable": false,"Startup Cost": 117449.21,"Total Cost": 117449.62,"Plan Rows": 4,"Plan Width": 64,"Actual Startup Time": 207.968,"Actual Total Time": 224.878,"Actual Rows": 5,"Actual Loops": 1,"Workers Planned": 4,"Workers Launched": 4,"Single Copy": false,"Plans": [{"Node Type": "Aggregate","Strategy": "Plain","Partial Mode": "Partial","Parent Relationship": "Outer","Parallel Aware": false,"Async Capable": false,"Startup Cost": 116449.21,"Total Cost": 116449.22,"Plan Rows": 1,"Plan Width": 64,"Actual Startup Time": 200.716,"Actual Total Time": 200.726,"Actual Rows": 1,"Actual Loops": 5,"Workers": [],"Plans": [{"Node Type": "Hash Join","Parent Relationship": "Outer","Parallel Aware": true,"Async Capable": false,"Join Type": "Inner","Startup Cost": 8021.73,"Total Cost": 116100.36,"Plan Rows": 19934,"Plan Width": 33,"Actual Startup Time": 69.344,"Actual Total Time": 194.621,"Actual Rows": 15439,"Actual Loops": 5,"Inner Unique": true,"Hash Cond": "(lineitem.l_partkey = part.p_partkey)","Workers": [],"Plans": [{"Node Type": "Bitmap Heap Scan","Parent Relationship": "Outer","Parallel Aware": true,"Async Capable": false,"Relation Name": "lineitem","Alias": "lineitem","Startup Cost": 2049.74,"Total Cost": 110076.04,"Plan Rows": 19934,"Plan Width": 16,"Actual Startup Time": 28.893,"Actual Total Time": 124.591,"Actual Rows": 15439,"Actual Loops": 5,"Recheck Cond": "((l_shipdate >= '1993-08-01'::date) AND (l_shipdate < '1993-09-01 00:00:00'::timestamp without time zone))","Rows Removed by Index Recheck": 0,"Exact Heap Blocks": 7741,"Lossy Heap Blocks": 0,"Workers": [],"Plans": [{"Node Type": "Bitmap Index Scan","Parent Relationship": "Outer","Parallel Aware": false,"Async Capable": false,"Index Name": "idx_lineitem_shipdate","Startup Cost": 0.00,"Total Cost": 2029.80,"Plan Rows": 79737,"Plan Width": 0,"Actual Startup Time": 22.408,"Actual Total Time": 22.411,"Actual Rows": 77197,"Actual Loops": 1,"Index Cond": "((l_shipdate >= '1993-08-01'::date) AND (l_shipdate < '1993-09-01 00:00:00'::timestamp without time zone))","Workers": []}]},{"Node Type": "Hash","Parent Relationship": "Inner","Parallel Aware": true,"Async Capable": false,"Startup Cost": 4930.33,"Total Cost": 4930.33,"Plan Rows": 83333,"Plan Width": 25,"Actual Startup Time": 39.731,"Actual Total Time": 39.735,"Actual Rows": 40000,"Actual Loops": 5,"Hash Buckets": 262144,"Original Hash Buckets": 262144,"Hash Batches": 1,"Original Hash Batches": 1,"Peak Memory Usage": 14176,"Workers": [],"Plans": [{"Node Type": "Seq Scan","Parent Relationship": "Outer","Parallel Aware": true,"Async Capable": false,"Relation Name": "part","Alias": "part","Startup Cost": 0.00,"Total Cost": 4930.33,"Plan Rows": 83333,"Plan Width": 25,"Actual Startup Time": 0.044,"Actual Total Time": 17.039,"Actual Rows": 40000,"Actual Loops": 5,"Workers": []}]}]}]}]}]},"Planning Time": 4.803,"Triggers": [],"Execution Time": 225.176}]
[{"Plan": {"Node Type": "Aggregate","Strategy": "Plain","Partial Mode": "Finalize","Parallel Aware": false,"Async Capable": false,"Startup Cost": 116979.32,"Total Cost": 116979.34,"Plan Rows": 1,"Plan Width": 32,"Actual Startup Time": 204.621,"Actual Total Time": 221.335,"Actual Rows": 1,"Actual Loops": 1,"Plans": [{"Node Type": "Gather","Parent Relationship": "Outer","Parallel Aware": false,"Async Capable": false,"Startup Cost": 116978.87,"Total Cost": 116979.28,"Plan Rows": 4,"Plan Width": 64,"Actual Startup Time": 203.046,"Actual Total Time": 221.293,"Actual Rows": 5,"Actual Loops": 1,"Workers Planned": 4,"Workers Launched": 4,"Single Copy": false,"Plans": [{"Node Type": "Aggregate","Strategy": "Plain","Partial Mode": "Partial","Parent Relationship": "Outer","Parallel Aware": false,"Async Capable": false,"Startup Cost": 115978.87,"Total Cost": 115978.88,"Plan Rows": 1,"Plan Width": 64,"Actual Startup Time": 194.974,"Actual Total Time": 194.985,"Actual Rows": 1,"Actual Loops": 5,"Workers": [],"Plans": [{"Node Type": "Hash Join","Parent Relationship": "Outer","Parallel Aware": true,"Async Capable": false,"Join Type": "Inner","Startup Cost": 7994.93,"Total Cost": 115634.62,"Plan Rows": 19671,"Plan Width": 33,"Actual Startup Time": 65.973,"Actual Total Time": 188.830,"Actual Rows": 15499,"Actual Loops": 5,"Inner Unique": true,"Hash Cond": "(lineitem.l_partkey = part.p_partkey)","Workers": [],"Plans": [{"Node Type": "Bitmap Heap Scan","Parent Relationship": "Outer","Parallel Aware": true,"Async Capable": false,"Relation Name": "lineitem","Alias": "lineitem","Startup Cost": 2022.93,"Total Cost": 109610.99,"Plan Rows": 19671,"Plan Width": 16,"Actual Startup Time": 29.215,"Actual Total Time": 122.190,"Actual Rows": 15499,"Actual Loops": 5,"Recheck Cond": "((l_shipdate >= '1997-07-01'::date) AND (l_shipdate < '1997-08-01 00:00:00'::timestamp without time zone))","Rows Removed by Index Recheck": 0,"Exact Heap Blocks": 7395,"Lossy Heap Blocks": 0,"Workers": [],"Plans": [{"Node Type": "Bitmap Index Scan","Parent Relationship": "Outer","Parallel Aware": false,"Async Capable": false,"Index Name": "idx_lineitem_shipdate","Startup Cost": 0.00,"Total Cost": 2003.26,"Plan Rows": 78683,"Plan Width": 0,"Actual Startup Time": 22.702,"Actual Total Time": 22.702,"Actual Rows": 77493,"Actual Loops": 1,"Index Cond": "((l_shipdate >= '1997-07-01'::date) AND (l_shipdate < '1997-08-01 00:00:00'::timestamp without time zone))","Workers": []}]},{"Node Type": "Hash","Parent Relationship": "Inner","Parallel Aware": true,"Async Capable": false,"Startup Cost": 4930.33,"Total Cost": 4930.33,"Plan Rows": 83333,"Plan Width": 25,"Actual Startup Time": 36.077,"Actual Total Time": 36.081,"Actual Rows": 40000,"Actual Loops": 5,"Hash Buckets": 262144,"Original Hash Buckets": 262144,"Hash Batches": 1,"Original Hash Batches": 1,"Peak Memory Usage": 14176,"Workers": [],"Plans": [{"Node Type": "Seq Scan","Parent Relationship": "Outer","Parallel Aware": true,"Async Capable": false,"Relation Name": "part","Alias": "part","Startup Cost": 0.00,"Total Cost": 4930.33,"Plan Rows": 83333,"Plan Width": 25,"Actual Startup Time": 0.024,"Actual Total Time": 16.983,"Actual Rows": 40000,"Actual Loops": 5,"Workers": []}]}]}]}]}]},"Planning Time": 4.182,"Triggers": [],"Execution Time": 221.556}]
[{"Plan": {"Node Type": "Aggregate","Strategy": "Plain","Partial Mode": "Finalize","Parallel Aware": false,"Async Capable": false,"Startup Cost": 115034.55,"Total Cost": 115034.56,"Plan Rows": 1,"Plan Width": 32,"Actual Startup Time": 211.171,"Actual Total Time": 229.828,"Actual Rows": 1,"Actual Loops": 1,"Plans": [{"Node Type": "Gather","Parent Relationship": "Outer","Parallel Aware": false,"Async Capable": false,"Startup Cost": 115034.09,"Total Cost": 115034.50,"Plan Rows": 4,"Plan Width": 64,"Actual Startup Time": 209.630,"Actual Total Time": 229.791,"Actual Rows": 5,"Actual Loops": 1,"Workers Planned": 4,"Workers Launched": 4,"Single Copy": false,"Plans": [{"Node Type": "Aggregate","Strategy": "Plain","Partial Mode": "Partial","Parent Relationship": "Outer","Parallel Aware": false,"Async Capable": false,"Startup Cost": 114034.09,"Total Cost": 114034.10,"Plan Rows": 1,"Plan Width": 64,"Actual Startup Time": 202.318,"Actual Total Time": 202.325,"Actual Rows": 1,"Actual Loops": 5,"Workers": [],"Plans": [{"Node Type": "Hash Join","Parent Relationship": "Outer","Parallel Aware": true,"Async Capable": false,"Join Type": "Inner","Startup Cost": 7889.01,"Total Cost": 113707.75,"Plan Rows": 18648,"Plan Width": 33,"Actual Startup Time": 73.099,"Actual Total Time": 196.221,"Actual Rows": 15467,"Actual Loops": 5,"Inner Unique": true,"Hash Cond": "(lineitem.l_partkey = part.p_partkey)","Workers": [],"Plans": [{"Node Type": "Bitmap Heap Scan","Parent Relationship": "Outer","Parallel Aware": true,"Async Capable": false,"Relation Name": "lineitem","Alias": "lineitem","Startup Cost": 1917.01,"Total Cost": 107686.80,"Plan Rows": 18648,"Plan Width": 16,"Actual Startup Time": 32.721,"Actual Total Time": 124.933,"Actual Rows": 15467,"Actual Loops": 5,"Recheck Cond": "((l_shipdate >= '1996-08-01'::date) AND (l_shipdate < '1996-09-01 00:00:00'::timestamp without time zone))","Rows Removed by Index Recheck": 0,"Exact Heap Blocks": 8255,"Lossy Heap Blocks": 0,"Workers": [],"Plans": [{"Node Type": "Bitmap Index Scan","Parent Relationship": "Outer","Parallel Aware": false,"Async Capable": false,"Index Name": "idx_lineitem_shipdate","Startup Cost": 0.00,"Total Cost": 1898.36,"Plan Rows": 74593,"Plan Width": 0,"Actual Startup Time": 26.077,"Actual Total Time": 26.080,"Actual Rows": 77336,"Actual Loops": 1,"Index Cond": "((l_shipdate >= '1996-08-01'::date) AND (l_shipdate < '1996-09-01 00:00:00'::timestamp without time zone))","Workers": []}]},{"Node Type": "Hash","Parent Relationship": "Inner","Parallel Aware": true,"Async Capable": false,"Startup Cost": 4930.33,"Total Cost": 4930.33,"Plan Rows": 83333,"Plan Width": 25,"Actual Startup Time": 39.626,"Actual Total Time": 39.628,"Actual Rows": 40000,"Actual Loops": 5,"Hash Buckets": 262144,"Original Hash Buckets": 262144,"Hash Batches": 1,"Original Hash Batches": 1,"Peak Memory Usage": 14240,"Workers": [],"Plans": [{"Node Type": "Seq Scan","Parent Relationship": "Outer","Parallel Aware": true,"Async Capable": false,"Relation Name": "part","Alias": "part","Startup Cost": 0.00,"Total Cost": 4930.33,"Plan Rows": 83333,"Plan Width": 25,"Actual Startup Time": 0.029,"Actual Total Time": 17.199,"Actual Rows": 40000,"Actual Loops": 5,"Workers": []}]}]}]}]}]},"Planning Time": 4.716,"Triggers": [],"Execution Time": 230.134}]
[{"Plan": {"Node Type": "Aggregate","Strategy": "Plain","Partial Mode": "Finalize","Parallel Aware": false,"Async Capable": false,"Startup Cost": 115278.37,"Total Cost": 115278.39,"Plan Rows": 1,"Plan Width": 32,"Actual Startup Time": 216.767,"Actual Total Time": 235.341,"Actual Rows": 1,"Actual Loops": 1,"Plans": [{"Node Type": "Gather","Parent Relationship": "Outer","Parallel Aware": false,"Async Capable": false,"Startup Cost": 115277.92,"Total Cost": 115278.33,"Plan Rows": 4,"Plan Width": 64,"Actual Startup Time": 215.238,"Actual Total Time": 235.292,"Actual Rows": 5,"Actual Loops": 1,"Workers Planned": 4,"Workers Launched": 4,"Single Copy": false,"Plans": [{"Node Type": "Aggregate","Strategy": "Plain","Partial Mode": "Partial","Parent Relationship": "Outer","Parallel Aware": false,"Async Capable": false,"Startup Cost": 114277.92,"Total Cost": 114277.93,"Plan Rows": 1,"Plan Width": 64,"Actual Startup Time": 207.313,"Actual Total Time": 207.326,"Actual Rows": 1,"Actual Loops": 5,"Workers": [],"Plans": [{"Node Type": "Hash Join","Parent Relationship": "Outer","Parallel Aware": true,"Async Capable": false,"Join Type": "Inner","Startup Cost": 7902.03,"Total Cost": 113949.42,"Plan Rows": 18771,"Plan Width": 33,"Actual Startup Time": 76.432,"Actual Total Time": 201.253,"Actual Rows": 15157,"Actual Loops": 5,"Inner Unique": true,"Hash Cond": "(lineitem.l_partkey = part.p_partkey)","Workers": [],"Plans": [{"Node Type": "Bitmap Heap Scan","Parent Relationship": "Outer","Parallel Aware": true,"Async Capable": false,"Relation Name": "lineitem","Alias": "lineitem","Startup Cost": 1930.03,"Total Cost": 107928.15,"Plan Rows": 18771,"Plan Width": 16,"Actual Startup Time": 33.743,"Actual Total Time": 128.031,"Actual Rows": 15157,"Actual Loops": 5,"Recheck Cond": "((l_shipdate >= '1995-04-01'::date) AND (l_shipdate < '1995-05-01 00:00:00'::timestamp without time zone))","Rows Removed by Index Recheck": 0,"Exact Heap Blocks": 8417,"Lossy Heap Blocks": 0,"Workers": [],"Plans": [{"Node Type": "Bitmap Index Scan","Parent Relationship": "Outer","Parallel Aware": false,"Async Capable": false,"Index Name": "idx_lineitem_shipdate","Startup Cost": 0.00,"Total Cost": 1911.26,"Plan Rows": 75083,"Plan Width": 0,"Actual Startup Time": 27.090,"Actual Total Time": 27.093,"Actual Rows": 75787,"Actual Loops": 1,"Index Cond": "((l_shipdate >= '1995-04-01'::date) AND (l_shipdate < '1995-05-01 00:00:00'::timestamp without time zone))","Workers": []}]},{"Node Type": "Hash","Parent Relationship": "Inner","Parallel Aware": true,"Async Capable": false,"Startup Cost": 4930.33,"Total Cost": 4930.33,"Plan Rows": 83333,"Plan Width": 25,"Actual Startup Time": 41.833,"Actual Total Time": 41.837,"Actual Rows": 40000,"Actual Loops": 5,"Hash Buckets": 262144,"Original Hash Buckets": 262144,"Hash Batches": 1,"Original Hash Batches": 1,"Peak Memory Usage": 14208,"Workers": [],"Plans": [{"Node Type": "Seq Scan","Parent Relationship": "Outer","Parallel Aware": true,"Async Capable": false,"Relation Name": "part","Alias": "part","Startup Cost": 0.00,"Total Cost": 4930.33,"Plan Rows": 83333,"Plan Width": 25,"Actual Startup Time": 0.046,"Actual Total Time": 18.660,"Actual Rows": 40000,"Actual Loops": 5,"Workers": []}]}]}]}]}]},"Planning Time": 3.999,"Triggers": [],"Execution Time": 235.603}]
[{"Plan": {"Node Type": "Aggregate","Strategy": "Plain","Partial Mode": "Finalize","Parallel Aware": false,"Async Capable": false,"Startup Cost": 116979.32,"Total Cost": 116979.34,"Plan Rows": 1,"Plan Width": 32,"Actual Startup Time": 204.621,"Actual Total Time": 221.335,"Actual Rows": 1,"Actual Loops": 1,"Plans": [{"Node Type": "Gather","Parent Relationship": "Outer","Parallel Aware": false,"Async Capable": false,"Startup Cost": 116978.87,"Total Cost": 116979.28,"Plan Rows": 4,"Plan Width": 64,"Actual Startup Time": 203.046,"Actual Total Time": 221.293,"Actual Rows": 5,"Actual Loops": 1,"Workers Planned": 4,"Workers Launched": 4,"Single Copy": false,"Plans": [{"Node Type": "Aggregate","Strategy": "Plain","Partial Mode": "Partial","Parent Relationship": "Outer","Parallel Aware": false,"Async Capable": false,"Startup Cost": 115978.87,"Total Cost": 115978.88,"Plan Rows": 1,"Plan Width": 64,"Actual Startup Time": 194.974,"Actual Total Time": 194.985,"Actual Rows": 1,"Actual Loops": 5,"Workers": [],"Plans": [{"Node Type": "Hash Join","Parent Relationship": "Outer","Parallel Aware": true,"Async Capable": false,"Join Type": "Inner","Startup Cost": 7994.93,"Total Cost": 115634.62,"Plan Rows": 19671,"Plan Width": 33,"Actual Startup Time": 65.973,"Actual Total Time": 188.830,"Actual Rows": 15499,"Actual Loops": 5,"Inner Unique": true,"Hash Cond": "(lineitem.l_partkey = part.p_partkey)","Workers": [],"Plans": [{"Node Type": "Bitmap Heap Scan","Parent Relationship": "Outer","Parallel Aware": true,"Async Capable": false,"Relation Name": "lineitem","Alias": "lineitem","Startup Cost": 2022.93,"Total Cost": 109610.99,"Plan Rows": 19671,"Plan Width": 16,"Actual Startup Time": 29.215,"Actual Total Time": 122.190,"Actual Rows": 15499,"Actual Loops": 5,"Recheck Cond": "((l_shipdate >= '1997-07-01'::date) AND (l_shipdate < '1997-08-01 00:00:00'::timestamp without time zone))","Rows Removed by Index Recheck": 0,"Exact Heap Blocks": 7395,"Lossy Heap Blocks": 0,"Workers": [],"Plans": [{"Node Type": "Bitmap Index Scan","Parent Relationship": "Outer","Parallel Aware": false,"Async Capable": false,"Index Name": "idx_lineitem_shipdate","Startup Cost": 0.00,"Total Cost": 2003.26,"Plan Rows": 78683,"Plan Width": 0,"Actual Startup Time": 22.702,"Actual Total Time": 22.702,"Actual Rows": 77493,"Actual Loops": 1,"Index Cond": "((l_shipdate >= '1997-07-01'::date) AND (l_shipdate < '1997-08-01 00:00:00'::timestamp without time zone))","Workers": []}]},{"Node Type": "Hash","Parent Relationship": "Inner","Parallel Aware": true,"Async Capable": false,"Startup Cost": 4930.33,"Total Cost": 4930.33,"Plan Rows": 83333,"Plan Width": 25,"Actual Startup Time": 36.077,"Actual Total Time": 36.081,"Actual Rows": 40000,"Actual Loops": 5,"Hash Buckets": 262144,"Original Hash Buckets": 262144,"Hash Batches": 1,"Original Hash Batches": 1,"Peak Memory Usage": 14176,"Workers": [],"Plans": [{"Node Type": "Seq Scan","Parent Relationship": "Outer","Parallel Aware": true,"Async Capable": false,"Relation Name": "part","Alias": "part","Startup Cost": 0.00,"Total Cost": 4930.33,"Plan Rows": 83333,"Plan Width": 25,"Actual Startup Time": 0.024,"Actual Total Time": 16.983,"Actual Rows": 40000,"Actual Loops": 5,"Workers": []}]}]}]}]}]},"Planning Time": 4.182,"Triggers": [],"Execution Time": 221.556}]
[{"Plan": {"Node Type": "Aggregate","Strategy": "Plain","Partial Mode": "Finalize","Parallel Aware": false,"Async Capable": false,"Startup Cost": 118399.89,"Total Cost": 118399.90,"Plan Rows": 1,"Plan Width": 32,"Actual Startup Time": 206.498,"Actual Total Time": 224.956,"Actual Rows": 1,"Actual Loops": 1,"Plans": [{"Node Type": "Gather","Parent Relationship": "Outer","Parallel Aware": false,"Async Capable": false,"Startup Cost": 118399.43,"Total Cost": 118399.84,"Plan Rows": 4,"Plan Width": 64,"Actual Startup Time": 205.062,"Actual Total Time": 224.906,"Actual Rows": 5,"Actual Loops": 1,"Workers Planned": 4,"Workers Launched": 4,"Single Copy": false,"Plans": [{"Node Type": "Aggregate","Strategy": "Plain","Partial Mode": "Partial","Parent Relationship": "Outer","Parallel Aware": false,"Async Capable": false,"Startup Cost": 117399.43,"Total Cost": 117399.44,"Plan Rows": 1,"Plan Width": 64,"Actual Startup Time": 196.971,"Actual Total Time": 196.979,"Actual Rows": 1,"Actual Loops": 5,"Workers": [],"Plans": [{"Node Type": "Hash Join","Parent Relationship": "Outer","Parallel Aware": true,"Async Capable": false,"Join Type": "Inner","Startup Cost": 8076.51,"Total Cost": 117040.85,"Plan Rows": 20490,"Plan Width": 33,"Actual Startup Time": 67.504,"Actual Total Time": 190.658,"Actual Rows": 15441,"Actual Loops": 5,"Inner Unique": true,"Hash Cond": "(lineitem.l_partkey = part.p_partkey)","Workers": [],"Plans": [{"Node Type": "Bitmap Heap Scan","Parent Relationship": "Outer","Parallel Aware": true,"Async Capable": false,"Relation Name": "lineitem","Alias": "lineitem","Startup Cost": 2104.51,"Total Cost": 111015.07,"Plan Rows": 20490,"Plan Width": 16,"Actual Startup Time": 31.187,"Actual Total Time": 124.229,"Actual Rows": 15441,"Actual Loops": 5,"Recheck Cond": "((l_shipdate >= '1993-07-01'::date) AND (l_shipdate < '1993-08-01 00:00:00'::timestamp without time zone))","Rows Removed by Index Recheck": 0,"Exact Heap Blocks": 7445,"Lossy Heap Blocks": 0,"Workers": [],"Plans": [{"Node Type": "Bitmap Index Scan","Parent Relationship": "Outer","Parallel Aware": false,"Async Capable": false,"Index Name": "idx_lineitem_shipdate","Startup Cost": 0.00,"Total Cost": 2084.02,"Plan Rows": 81959,"Plan Width": 0,"Actual Startup Time": 24.709,"Actual Total Time": 24.710,"Actual Rows": 77203,"Actual Loops": 1,"Index Cond": "((l_shipdate >= '1993-07-01'::date) AND (l_shipdate < '1993-08-01 00:00:00'::timestamp without time zone))","Workers": []}]},{"Node Type": "Hash","Parent Relationship": "Inner","Parallel Aware": true,"Async Capable": false,"Startup Cost": 4930.33,"Total Cost": 4930.33,"Plan Rows": 83333,"Plan Width": 25,"Actual Startup Time": 35.543,"Actual Total Time": 35.545,"Actual Rows": 40000,"Actual Loops": 5,"Hash Buckets": 262144,"Original Hash Buckets": 262144,"Hash Batches": 1,"Original Hash Batches": 1,"Peak Memory Usage": 14176,"Workers": [],"Plans": [{"Node Type": "Seq Scan","Parent Relationship": "Outer","Parallel Aware": true,"Async Capable": false,"Relation Name": "part","Alias": "part","Startup Cost": 0.00,"Total Cost": 4930.33,"Plan Rows": 83333,"Plan Width": 25,"Actual Startup Time": 0.027,"Actual Total Time": 16.751,"Actual Rows": 40000,"Actual Loops": 5,"Workers": []}]}]}]}]}]},"Planning Time": 4.294,"Triggers": [],"Execution Time": 225.229}]
[{"Plan": {"Node Type": "Aggregate","Strategy": "Plain","Partial Mode": "Finalize","Parallel Aware": false,"Async Capable": false,"Startup Cost": 113868.95,"Total Cost": 113868.96,"Plan Rows": 1,"Plan Width": 32,"Actual Startup Time": 192.024,"Actual Total Time": 209.364,"Actual Rows": 1,"Actual Loops": 1,"Plans": [{"Node Type": "Gather","Parent Relationship": "Outer","Parallel Aware": false,"Async Capable": false,"Startup Cost": 113868.49,"Total Cost": 113868.90,"Plan Rows": 4,"Plan Width": 64,"Actual Startup Time": 190.470,"Actual Total Time": 209.317,"Actual Rows": 5,"Actual Loops": 1,"Workers Planned": 4,"Workers Launched": 4,"Single Copy": false,"Plans": [{"Node Type": "Aggregate","Strategy": "Plain","Partial Mode": "Partial","Parent Relationship": "Outer","Parallel Aware": false,"Async Capable": false,"Startup Cost": 112868.49,"Total Cost": 112868.50,"Plan Rows": 1,"Plan Width": 64,"Actual Startup Time": 182.800,"Actual Total Time": 182.811,"Actual Rows": 1,"Actual Loops": 5,"Workers": [],"Plans": [{"Node Type": "Hash Join","Parent Relationship": "Outer","Parallel Aware": true,"Async Capable": false,"Join Type": "Inner","Startup Cost": 7829.76,"Total Cost": 112552.07,"Plan Rows": 18081,"Plan Width": 33,"Actual Startup Time": 58.101,"Actual Total Time": 176.684,"Actual Rows": 14907,"Actual Loops": 5,"Inner Unique": true,"Hash Cond": "(lineitem.l_partkey = part.p_partkey)","Workers": [],"Plans": [{"Node Type": "Bitmap Heap Scan","Parent Relationship": "Outer","Parallel Aware": true,"Async Capable": false,"Relation Name": "lineitem","Alias": "lineitem","Startup Cost": 1857.76,"Total Cost": 106532.61,"Plan Rows": 18081,"Plan Width": 16,"Actual Startup Time": 21.453,"Actual Total Time": 110.287,"Actual Rows": 14907,"Actual Loops": 5,"Recheck Cond": "((l_shipdate >= '1997-04-01'::date) AND (l_shipdate < '1997-05-01 00:00:00'::timestamp without time zone))","Rows Removed by Index Recheck": 0,"Exact Heap Blocks": 7370,"Lossy Heap Blocks": 0,"Workers": [],"Plans": [{"Node Type": "Bitmap Index Scan","Parent Relationship": "Outer","Parallel Aware": false,"Async Capable": false,"Index Name": "idx_lineitem_shipdate","Startup Cost": 0.00,"Total Cost": 1839.68,"Plan Rows": 72325,"Plan Width": 0,"Actual Startup Time": 15.340,"Actual Total Time": 15.341,"Actual Rows": 74537,"Actual Loops": 1,"Index Cond": "((l_shipdate >= '1997-04-01'::date) AND (l_shipdate < '1997-05-01 00:00:00'::timestamp without time zone))","Workers": []}]},{"Node Type": "Hash","Parent Relationship": "Inner","Parallel Aware": true,"Async Capable": false,"Startup Cost": 4930.33,"Total Cost": 4930.33,"Plan Rows": 83333,"Plan Width": 25,"Actual Startup Time": 35.881,"Actual Total Time": 35.885,"Actual Rows": 40000,"Actual Loops": 5,"Hash Buckets": 262144,"Original Hash Buckets": 262144,"Hash Batches": 1,"Original Hash Batches": 1,"Peak Memory Usage": 14176,"Workers": [],"Plans": [{"Node Type": "Seq Scan","Parent Relationship": "Outer","Parallel Aware": true,"Async Capable": false,"Relation Name": "part","Alias": "part","Startup Cost": 0.00,"Total Cost": 4930.33,"Plan Rows": 83333,"Plan Width": 25,"Actual Startup Time": 0.029,"Actual Total Time": 16.944,"Actual Rows": 40000,"Actual Loops": 5,"Workers": []}]}]}]}]}]},"Planning Time": 5.167,"Triggers": [],"Execution Time": 209.657}]
[{"Plan": {"Node Type": "Aggregate","Strategy": "Plain","Partial Mode": "Finalize","Parallel Aware": false,"Async Capable": false,"Startup Cost": 114712.32,"Total Cost": 114712.34,"Plan Rows": 1,"Plan Width": 32,"Actual Startup Time": 199.208,"Actual Total Time": 216.961,"Actual Rows": 1,"Actual Loops": 1,"Plans": [{"Node Type": "Gather","Parent Relationship": "Outer","Parallel Aware": false,"Async Capable": false,"Startup Cost": 114711.87,"Total Cost": 114712.28,"Plan Rows": 4,"Plan Width": 64,"Actual Startup Time": 197.776,"Actual Total Time": 216.922,"Actual Rows": 5,"Actual Loops": 1,"Workers Planned": 4,"Workers Launched": 4,"Single Copy": false,"Plans": [{"Node Type": "Aggregate","Strategy": "Plain","Partial Mode": "Partial","Parent Relationship": "Outer","Parallel Aware": false,"Async Capable": false,"Startup Cost": 113711.87,"Total Cost": 113711.88,"Plan Rows": 1,"Plan Width": 64,"Actual Startup Time": 190.002,"Actual Total Time": 190.013,"Actual Rows": 1,"Actual Loops": 5,"Workers": [],"Plans": [{"Node Type": "Hash Join","Parent Relationship": "Outer","Parallel Aware": true,"Async Capable": false,"Join Type": "Inner","Startup Cost": 7874.42,"Total Cost": 113388.32,"Plan Rows": 18488,"Plan Width": 33,"Actual Startup Time": 63.566,"Actual Total Time": 183.679,"Actual Rows": 15197,"Actual Loops": 5,"Inner Unique": true,"Hash Cond": "(lineitem.l_partkey = part.p_partkey)","Workers": [],"Plans": [{"Node Type": "Bitmap Heap Scan","Parent Relationship": "Outer","Parallel Aware": true,"Async Capable": false,"Relation Name": "lineitem","Alias": "lineitem","Startup Cost": 1902.42,"Total Cost": 107367.80,"Plan Rows": 18487,"Plan Width": 16,"Actual Startup Time": 27.839,"Actual Total Time": 117.676,"Actual Rows": 15197,"Actual Loops": 5,"Recheck Cond": "((l_shipdate >= '1995-09-01'::date) AND (l_shipdate < '1995-10-01 00:00:00'::timestamp without time zone))","Rows Removed by Index Recheck": 0,"Exact Heap Blocks": 7706,"Lossy Heap Blocks": 0,"Workers": [],"Plans": [{"Node Type": "Bitmap Index Scan","Parent Relationship": "Outer","Parallel Aware": false,"Async Capable": false,"Index Name": "idx_lineitem_shipdate","Startup Cost": 0.00,"Total Cost": 1883.93,"Plan Rows": 73950,"Plan Width": 0,"Actual Startup Time": 21.589,"Actual Total Time": 21.592,"Actual Rows": 75983,"Actual Loops": 1,"Index Cond": "((l_shipdate >= '1995-09-01'::date) AND (l_shipdate < '1995-10-01 00:00:00'::timestamp without time zone))","Workers": []}]},{"Node Type": "Hash","Parent Relationship": "Inner","Parallel Aware": true,"Async Capable": false,"Startup Cost": 4930.33,"Total Cost": 4930.33,"Plan Rows": 83333,"Plan Width": 25,"Actual Startup Time": 34.995,"Actual Total Time": 34.998,"Actual Rows": 40000,"Actual Loops": 5,"Hash Buckets": 262144,"Original Hash Buckets": 262144,"Hash Batches": 1,"Original Hash Batches": 1,"Peak Memory Usage": 14208,"Workers": [],"Plans": [{"Node Type": "Seq Scan","Parent Relationship": "Outer","Parallel Aware": true,"Async Capable": false,"Relation Name": "part","Alias": "part","Startup Cost": 0.00,"Total Cost": 4930.33,"Plan Rows": 83333,"Plan Width": 25,"Actual Startup Time": 0.036,"Actual Total Time": 16.143,"Actual Rows": 40000,"Actual Loops": 5,"Workers": []}]}]}]}]}]},"Planning Time": 3.092,"Triggers": [],"Execution Time": 217.243}]
[{"Plan": {"Node Type": "Aggregate","Strategy": "Plain","Partial Mode": "Finalize","Parallel Aware": false,"Async Capable": false,"Startup Cost": 119289.39,"Total Cost": 119289.41,"Plan Rows": 1,"Plan Width": 32,"Actual Startup Time": 204.802,"Actual Total Time": 222.888,"Actual Rows": 1,"Actual Loops": 1,"Plans": [{"Node Type": "Gather","Parent Relationship": "Outer","Parallel Aware": false,"Async Capable": false,"Startup Cost": 119288.94,"Total Cost": 119289.35,"Plan Rows": 4,"Plan Width": 64,"Actual Startup Time": 203.555,"Actual Total Time": 222.838,"Actual Rows": 5,"Actual Loops": 1,"Workers Planned": 4,"Workers Launched": 4,"Single Copy": false,"Plans": [{"Node Type": "Aggregate","Strategy": "Plain","Partial Mode": "Partial","Parent Relationship": "Outer","Parallel Aware": false,"Async Capable": false,"Startup Cost": 118288.94,"Total Cost": 118288.95,"Plan Rows": 1,"Plan Width": 64,"Actual Startup Time": 195.786,"Actual Total Time": 195.801,"Actual Rows": 1,"Actual Loops": 5,"Workers": [],"Plans": [{"Node Type": "Hash Join","Parent Relationship": "Outer","Parallel Aware": true,"Async Capable": false,"Join Type": "Inner","Startup Cost": 8134.94,"Total Cost": 117920.78,"Plan Rows": 21037,"Plan Width": 33,"Actual Startup Time": 63.668,"Actual Total Time": 189.753,"Actual Rows": 15270,"Actual Loops": 5,"Inner Unique": true,"Hash Cond": "(lineitem.l_partkey = part.p_partkey)","Workers": [],"Plans": [{"Node Type": "Bitmap Heap Scan","Parent Relationship": "Outer","Parallel Aware": true,"Async Capable": false,"Relation Name": "lineitem","Alias": "lineitem","Startup Cost": 2162.94,"Total Cost": 111893.57,"Plan Rows": 21037,"Plan Width": 16,"Actual Startup Time": 29.116,"Actual Total Time": 125.615,"Actual Rows": 15270,"Actual Loops": 5,"Recheck Cond": "((l_shipdate >= '1993-05-01'::date) AND (l_shipdate < '1993-06-01 00:00:00'::timestamp without time zone))","Rows Removed by Index Recheck": 0,"Exact Heap Blocks": 7951,"Lossy Heap Blocks": 0,"Workers": [],"Plans": [{"Node Type": "Bitmap Index Scan","Parent Relationship": "Outer","Parallel Aware": false,"Async Capable": false,"Index Name": "idx_lineitem_shipdate","Startup Cost": 0.00,"Total Cost": 2141.90,"Plan Rows": 84147,"Plan Width": 0,"Actual Startup Time": 22.635,"Actual Total Time": 22.640,"Actual Rows": 76352,"Actual Loops": 1,"Index Cond": "((l_shipdate >= '1993-05-01'::date) AND (l_shipdate < '1993-06-01 00:00:00'::timestamp without time zone))","Workers": []}]},{"Node Type": "Hash","Parent Relationship": "Inner","Parallel Aware": true,"Async Capable": false,"Startup Cost": 4930.33,"Total Cost": 4930.33,"Plan Rows": 83333,"Plan Width": 25,"Actual Startup Time": 33.871,"Actual Total Time": 33.875,"Actual Rows": 40000,"Actual Loops": 5,"Hash Buckets": 262144,"Original Hash Buckets": 262144,"Hash Batches": 1,"Original Hash Batches": 1,"Peak Memory Usage": 14176,"Workers": [],"Plans": [{"Node Type": "Seq Scan","Parent Relationship": "Outer","Parallel Aware": true,"Async Capable": false,"Relation Name": "part","Alias": "part","Startup Cost": 0.00,"Total Cost": 4930.33,"Plan Rows": 83333,"Plan Width": 25,"Actual Startup Time": 0.034,"Actual Total Time": 14.821,"Actual Rows": 40000,"Actual Loops": 5,"Workers": []}]}]}]}]}]},"Planning Time": 5.245,"Triggers": [],"Execution Time": 223.291}]
[{"Plan": {"Node Type": "Aggregate","Strategy": "Plain","Partial Mode": "Finalize","Parallel Aware": false,"Async Capable": false,"Startup Cost": 118140.12,"Total Cost": 118140.13,"Plan Rows": 1,"Plan Width": 32,"Actual Startup Time": 185.903,"Actual Total Time": 202.979,"Actual Rows": 1,"Actual Loops": 1,"Plans": [{"Node Type": "Gather","Parent Relationship": "Outer","Parallel Aware": false,"Async Capable": false,"Startup Cost": 118139.66,"Total Cost": 118140.07,"Plan Rows": 4,"Plan Width": 64,"Actual Startup Time": 184.390,"Actual Total Time": 202.925,"Actual Rows": 5,"Actual Loops": 1,"Workers Planned": 4,"Workers Launched": 4,"Single Copy": false,"Plans": [{"Node Type": "Aggregate","Strategy": "Plain","Partial Mode": "Partial","Parent Relationship": "Outer","Parallel Aware": false,"Async Capable": false,"Startup Cost": 117139.66,"Total Cost": 117139.67,"Plan Rows": 1,"Plan Width": 64,"Actual Startup Time": 176.869,"Actual Total Time": 176.882,"Actual Rows": 1,"Actual Loops": 5,"Workers": [],"Plans": [{"Node Type": "Hash Join","Parent Relationship": "Outer","Parallel Aware": true,"Async Capable": false,"Join Type": "Inner","Startup Cost": 8062.13,"Total Cost": 116783.81,"Plan Rows": 20334,"Plan Width": 33,"Actual Startup Time": 60.553,"Actual Total Time": 171.029,"Actual Rows": 15084,"Actual Loops": 5,"Inner Unique": true,"Hash Cond": "(lineitem.l_partkey = part.p_partkey)","Workers": [],"Plans": [{"Node Type": "Bitmap Heap Scan","Parent Relationship": "Outer","Parallel Aware": true,"Async Capable": false,"Relation Name": "lineitem","Alias": "lineitem","Startup Cost": 2090.14,"Total Cost": 110758.44,"Plan Rows": 20334,"Plan Width": 16,"Actual Startup Time": 24.977,"Actual Total Time": 107.592,"Actual Rows": 15084,"Actual Loops": 5,"Recheck Cond": "((l_shipdate >= '1996-11-01'::date) AND (l_shipdate < '1996-12-01 00:00:00'::timestamp without time zone))","Rows Removed by Index Recheck": 0,"Exact Heap Blocks": 7792,"Lossy Heap Blocks": 0,"Workers": [],"Plans": [{"Node Type": "Bitmap Index Scan","Parent Relationship": "Outer","Parallel Aware": false,"Async Capable": false,"Index Name": "idx_lineitem_shipdate","Startup Cost": 0.00,"Total Cost": 2069.80,"Plan Rows": 81337,"Plan Width": 0,"Actual Startup Time": 18.606,"Actual Total Time": 18.607,"Actual Rows": 75419,"Actual Loops": 1,"Index Cond": "((l_shipdate >= '1996-11-01'::date) AND (l_shipdate < '1996-12-01 00:00:00'::timestamp without time zone))","Workers": []}]},{"Node Type": "Hash","Parent Relationship": "Inner","Parallel Aware": true,"Async Capable": false,"Startup Cost": 4930.33,"Total Cost": 4930.33,"Plan Rows": 83333,"Plan Width": 25,"Actual Startup Time": 34.770,"Actual Total Time": 34.774,"Actual Rows": 40000,"Actual Loops": 5,"Hash Buckets": 262144,"Original Hash Buckets": 262144,"Hash Batches": 1,"Original Hash Batches": 1,"Peak Memory Usage": 14240,"Workers": [],"Plans": [{"Node Type": "Seq Scan","Parent Relationship": "Outer","Parallel Aware": true,"Async Capable": false,"Relation Name": "part","Alias": "part","Startup Cost": 0.00,"Total Cost": 4930.33,"Plan Rows": 83333,"Plan Width": 25,"Actual Startup Time": 0.035,"Actual Total Time": 15.079,"Actual Rows": 40000,"Actual Loops": 5,"Workers": []}]}]}]}]}]},"Planning Time": 3.987,"Triggers": [],"Execution Time": 203.309}]
[{"Plan": {"Node Type": "Aggregate","Strategy": "Plain","Partial Mode": "Finalize","Parallel Aware": false,"Async Capable": false,"Startup Cost": 121099.28,"Total Cost": 121099.30,"Plan Rows": 1,"Plan Width": 32,"Actual Startup Time": 214.486,"Actual Total Time": 231.702,"Actual Rows": 1,"Actual Loops": 1,"Plans": [{"Node Type": "Gather","Parent Relationship": "Outer","Parallel Aware": false,"Async Capable": false,"Startup Cost": 121098.83,"Total Cost": 121099.24,"Plan Rows": 4,"Plan Width": 64,"Actual Startup Time": 213.292,"Actual Total Time": 231.649,"Actual Rows": 5,"Actual Loops": 1,"Workers Planned": 4,"Workers Launched": 4,"Single Copy": false,"Plans": [{"Node Type": "Aggregate","Strategy": "Plain","Partial Mode": "Partial","Parent Relationship": "Outer","Parallel Aware": false,"Async Capable": false,"Startup Cost": 120098.83,"Total Cost": 120098.84,"Plan Rows": 1,"Plan Width": 64,"Actual Startup Time": 205.581,"Actual Total Time": 205.594,"Actual Rows": 1,"Actual Loops": 5,"Workers": [],"Plans": [{"Node Type": "Hash Join","Parent Relationship": "Outer","Parallel Aware": true,"Async Capable": false,"Join Type": "Inner","Startup Cost": 8260.90,"Total Cost": 119709.34,"Plan Rows": 22256,"Plan Width": 33,"Actual Startup Time": 70.841,"Actual Total Time": 199.395,"Actual Rows": 15605,"Actual Loops": 5,"Inner Unique": true,"Hash Cond": "(lineitem.l_partkey = part.p_partkey)","Workers": [],"Plans": [{"Node Type": "Bitmap Heap Scan","Parent Relationship": "Outer","Parallel Aware": true,"Async Capable": false,"Relation Name": "lineitem","Alias": "lineitem","Startup Cost": 2288.91,"Total Cost": 113678.93,"Plan Rows": 22255,"Plan Width": 16,"Actual Startup Time": 29.570,"Actual Total Time": 126.843,"Actual Rows": 15605,"Actual Loops": 5,"Recheck Cond": "((l_shipdate >= '1995-03-01'::date) AND (l_shipdate < '1995-04-01 00:00:00'::timestamp without time zone))","Rows Removed by Index Recheck": 0,"Exact Heap Blocks": 8068,"Lossy Heap Blocks": 0,"Workers": [],"Plans": [{"Node Type": "Bitmap Index Scan","Parent Relationship": "Outer","Parallel Aware": false,"Async Capable": false,"Index Name": "idx_lineitem_shipdate","Startup Cost": 0.00,"Total Cost": 2266.65,"Plan Rows": 89022,"Plan Width": 0,"Actual Startup Time": 23.014,"Actual Total Time": 23.019,"Actual Rows": 78025,"Actual Loops": 1,"Index Cond": "((l_shipdate >= '1995-03-01'::date) AND (l_shipdate < '1995-04-01 00:00:00'::timestamp without time zone))","Workers": []}]},{"Node Type": "Hash","Parent Relationship": "Inner","Parallel Aware": true,"Async Capable": false,"Startup Cost": 4930.33,"Total Cost": 4930.33,"Plan Rows": 83333,"Plan Width": 25,"Actual Startup Time": 40.550,"Actual Total Time": 40.554,"Actual Rows": 40000,"Actual Loops": 5,"Hash Buckets": 262144,"Original Hash Buckets": 262144,"Hash Batches": 1,"Original Hash Batches": 1,"Peak Memory Usage": 14176,"Workers": [],"Plans": [{"Node Type": "Seq Scan","Parent Relationship": "Outer","Parallel Aware": true,"Async Capable": false,"Relation Name": "part","Alias": "part","Startup Cost": 0.00,"Total Cost": 4930.33,"Plan Rows": 83333,"Plan Width": 25,"Actual Startup Time": 0.042,"Actual Total Time": 17.836,"Actual Rows": 40000,"Actual Loops": 5,"Workers": []}]}]}]}]}]},"Planning Time": 3.767,"Triggers": [],"Execution Time": 231.941}]
[{"Plan": {"Node Type": "Aggregate","Strategy": "Plain","Partial Mode": "Finalize","Parallel Aware": false,"Async Capable": false,"Startup Cost": 117419.23,"Total Cost": 117419.25,"Plan Rows": 1,"Plan Width": 32,"Actual Startup Time": 192.159,"Actual Total Time": 209.787,"Actual Rows": 1,"Actual Loops": 1,"Plans": [{"Node Type": "Gather","Parent Relationship": "Outer","Parallel Aware": false,"Async Capable": false,"Startup Cost": 117418.78,"Total Cost": 117419.19,"Plan Rows": 4,"Plan Width": 64,"Actual Startup Time": 190.855,"Actual Total Time": 209.738,"Actual Rows": 5,"Actual Loops": 1,"Workers Planned": 4,"Workers Launched": 4,"Single Copy": false,"Plans": [{"Node Type": "Aggregate","Strategy": "Plain","Partial Mode": "Partial","Parent Relationship": "Outer","Parallel Aware": false,"Async Capable": false,"Startup Cost": 116418.78,"Total Cost": 116418.79,"Plan Rows": 1,"Plan Width": 64,"Actual Startup Time": 183.596,"Actual Total Time": 183.611,"Actual Rows": 1,"Actual Loops": 5,"Workers": [],"Plans": [{"Node Type": "Hash Join","Parent Relationship": "Outer","Parallel Aware": true,"Async Capable": false,"Join Type": "Inner","Startup Cost": 8020.99,"Total Cost": 116070.24,"Plan Rows": 19916,"Plan Width": 33,"Actual Startup Time": 59.000,"Actual Total Time": 177.551,"Actual Rows": 15008,"Actual Loops": 5,"Inner Unique": true,"Hash Cond": "(lineitem.l_partkey = part.p_partkey)","Workers": [],"Plans": [{"Node Type": "Bitmap Heap Scan","Parent Relationship": "Outer","Parallel Aware": true,"Async Capable": false,"Relation Name": "lineitem","Alias": "lineitem","Startup Cost": 2049.00,"Total Cost": 110045.97,"Plan Rows": 19916,"Plan Width": 16,"Actual Startup Time": 22.150,"Actual Total Time": 110.721,"Actual Rows": 15008,"Actual Loops": 5,"Recheck Cond": "((l_shipdate >= '1997-06-01'::date) AND (l_shipdate < '1997-07-01 00:00:00'::timestamp without time zone))","Rows Removed by Index Recheck": 0,"Exact Heap Blocks": 7617,"Lossy Heap Blocks": 0,"Workers": [],"Plans": [{"Node Type": "Bitmap Index Scan","Parent Relationship": "Outer","Parallel Aware": false,"Async Capable": false,"Index Name": "idx_lineitem_shipdate","Startup Cost": 0.00,"Total Cost": 2029.08,"Plan Rows": 79665,"Plan Width": 0,"Actual Startup Time": 15.961,"Actual Total Time": 15.966,"Actual Rows": 75039,"Actual Loops": 1,"Index Cond": "((l_shipdate >= '1997-06-01'::date) AND (l_shipdate < '1997-07-01 00:00:00'::timestamp without time zone))","Workers": []}]},{"Node Type": "Hash","Parent Relationship": "Inner","Parallel Aware": true,"Async Capable": false,"Startup Cost": 4930.33,"Total Cost": 4930.33,"Plan Rows": 83333,"Plan Width": 25,"Actual Startup Time": 36.138,"Actual Total Time": 36.144,"Actual Rows": 40000,"Actual Loops": 5,"Hash Buckets": 262144,"Original Hash Buckets": 262144,"Hash Batches": 1,"Original Hash Batches": 1,"Peak Memory Usage": 14176,"Workers": [],"Plans": [{"Node Type": "Seq Scan","Parent Relationship": "Outer","Parallel Aware": true,"Async Capable": false,"Relation Name": "part","Alias": "part","Startup Cost": 0.00,"Total Cost": 4930.33,"Plan Rows": 83333,"Plan Width": 25,"Actual Startup Time": 0.040,"Actual Total Time": 15.692,"Actual Rows": 40000,"Actual Loops": 5,"Workers": []}]}]}]}]}]},"Planning Time": 5.388,"Triggers": [],"Execution Time": 210.069}]
[{"Plan": {"Node Type": "Aggregate","Strategy": "Plain","Partial Mode": "Finalize","Parallel Aware": false,"Async Capable": false,"Startup Cost": 114861.81,"Total Cost": 114861.82,"Plan Rows": 1,"Plan Width": 32,"Actual Startup Time": 188.604,"Actual Total Time": 205.507,"Actual Rows": 1,"Actual Loops": 1,"Plans": [{"Node Type": "Gather","Parent Relationship": "Outer","Parallel Aware": false,"Async Capable": false,"Startup Cost": 114861.35,"Total Cost": 114861.76,"Plan Rows": 4,"Plan Width": 64,"Actual Startup Time": 187.236,"Actual Total Time": 205.453,"Actual Rows": 5,"Actual Loops": 1,"Workers Planned": 4,"Workers Launched": 4,"Single Copy": false,"Plans": [{"Node Type": "Aggregate","Strategy": "Plain","Partial Mode": "Partial","Parent Relationship": "Outer","Parallel Aware": false,"Async Capable": false,"Startup Cost": 113861.35,"Total Cost": 113861.36,"Plan Rows": 1,"Plan Width": 64,"Actual Startup Time": 179.741,"Actual Total Time": 179.759,"Actual Rows": 1,"Actual Loops": 5,"Workers": [],"Plans": [{"Node Type": "Hash Join","Parent Relationship": "Outer","Parallel Aware": true,"Async Capable": false,"Join Type": "Inner","Startup Cost": 7881.45,"Total Cost": 113536.51,"Plan Rows": 18562,"Plan Width": 33,"Actual Startup Time": 60.790,"Actual Total Time": 173.757,"Actual Rows": 15501,"Actual Loops": 5,"Inner Unique": true,"Hash Cond": "(lineitem.l_partkey = part.p_partkey)","Workers": [],"Plans": [{"Node Type": "Bitmap Heap Scan","Parent Relationship": "Outer","Parallel Aware": true,"Async Capable": false,"Relation Name": "lineitem","Alias": "lineitem","Startup Cost": 1909.45,"Total Cost": 107515.79,"Plan Rows": 18561,"Plan Width": 16,"Actual Startup Time": 23.212,"Actual Total Time": 106.658,"Actual Rows": 15501,"Actual Loops": 5,"Recheck Cond": "((l_shipdate >= '1995-08-01'::date) AND (l_shipdate < '1995-09-01 00:00:00'::timestamp without time zone))","Rows Removed by Index Recheck": 0,"Exact Heap Blocks": 7755,"Lossy Heap Blocks": 0,"Workers": [],"Plans": [{"Node Type": "Bitmap Index Scan","Parent Relationship": "Outer","Parallel Aware": false,"Async Capable": false,"Index Name": "idx_lineitem_shipdate","Startup Cost": 0.00,"Total Cost": 1890.89,"Plan Rows": 74246,"Plan Width": 0,"Actual Startup Time": 16.821,"Actual Total Time": 16.824,"Actual Rows": 77505,"Actual Loops": 1,"Index Cond": "((l_shipdate >= '1995-08-01'::date) AND (l_shipdate < '1995-09-01 00:00:00'::timestamp without time zone))","Workers": []}]},{"Node Type": "Hash","Parent Relationship": "Inner","Parallel Aware": true,"Async Capable": false,"Startup Cost": 4930.33,"Total Cost": 4930.33,"Plan Rows": 83333,"Plan Width": 25,"Actual Startup Time": 36.743,"Actual Total Time": 36.750,"Actual Rows": 40000,"Actual Loops": 5,"Hash Buckets": 262144,"Original Hash Buckets": 262144,"Hash Batches": 1,"Original Hash Batches": 1,"Peak Memory Usage": 14240,"Workers": [],"Plans": [{"Node Type": "Seq Scan","Parent Relationship": "Outer","Parallel Aware": true,"Async Capable": false,"Relation Name": "part","Alias": "part","Startup Cost": 0.00,"Total Cost": 4930.33,"Plan Rows": 83333,"Plan Width": 25,"Actual Startup Time": 0.042,"Actual Total Time": 16.083,"Actual Rows": 40000,"Actual Loops": 5,"Workers": []}]}]}]}]}]},"Planning Time": 4.082,"Triggers": [],"Execution Time": 205.784}]
[{"Plan": {"Node Type": "Aggregate","Strategy": "Plain","Partial Mode": "Finalize","Parallel Aware": false,"Async Capable": false,"Startup Cost": 115609.89,"Total Cost": 115609.90,"Plan Rows": 1,"Plan Width": 32,"Actual Startup Time": 193.817,"Actual Total Time": 211.351,"Actual Rows": 1,"Actual Loops": 1,"Plans": [{"Node Type": "Gather","Parent Relationship": "Outer","Parallel Aware": false,"Async Capable": false,"Startup Cost": 115609.43,"Total Cost": 115609.84,"Plan Rows": 4,"Plan Width": 64,"Actual Startup Time": 192.419,"Actual Total Time": 211.299,"Actual Rows": 5,"Actual Loops": 1,"Workers Planned": 4,"Workers Launched": 4,"Single Copy": false,"Plans": [{"Node Type": "Aggregate","Strategy": "Plain","Partial Mode": "Partial","Parent Relationship": "Outer","Parallel Aware": false,"Async Capable": false,"Startup Cost": 114609.43,"Total Cost": 114609.44,"Plan Rows": 1,"Plan Width": 64,"Actual Startup Time": 185.004,"Actual Total Time": 185.017,"Actual Rows": 1,"Actual Loops": 5,"Workers": [],"Plans": [{"Node Type": "Hash Join","Parent Relationship": "Outer","Parallel Aware": true,"Async Capable": false,"Join Type": "Inner","Startup Cost": 7920.94,"Total Cost": 114277.99,"Plan Rows": 18939,"Plan Width": 33,"Actual Startup Time": 60.368,"Actual Total Time": 178.970,"Actual Rows": 15437,"Actual Loops": 5,"Inner Unique": true,"Hash Cond": "(lineitem.l_partkey = part.p_partkey)","Workers": [],"Plans": [{"Node Type": "Bitmap Heap Scan","Parent Relationship": "Outer","Parallel Aware": true,"Async Capable": false,"Relation Name": "lineitem","Alias": "lineitem","Startup Cost": 1948.94,"Total Cost": 108256.28,"Plan Rows": 18939,"Plan Width": 16,"Actual Startup Time": 23.075,"Actual Total Time": 110.836,"Actual Rows": 15437,"Actual Loops": 5,"Recheck Cond": "((l_shipdate >= '1994-07-01'::date) AND (l_shipdate < '1994-08-01 00:00:00'::timestamp without time zone))","Rows Removed by Index Recheck": 0,"Exact Heap Blocks": 7823,"Lossy Heap Blocks": 0,"Workers": [],"Plans": [{"Node Type": "Bitmap Index Scan","Parent Relationship": "Outer","Parallel Aware": false,"Async Capable": false,"Index Name": "idx_lineitem_shipdate","Startup Cost": 0.00,"Total Cost": 1930.00,"Plan Rows": 75757,"Plan Width": 0,"Actual Startup Time": 16.721,"Actual Total Time": 16.724,"Actual Rows": 77186,"Actual Loops": 1,"Index Cond": "((l_shipdate >= '1994-07-01'::date) AND (l_shipdate < '1994-08-01 00:00:00'::timestamp without time zone))","Workers": []}]},{"Node Type": "Hash","Parent Relationship": "Inner","Parallel Aware": true,"Async Capable": false,"Startup Cost": 4930.33,"Total Cost": 4930.33,"Plan Rows": 83333,"Plan Width": 25,"Actual Startup Time": 36.560,"Actual Total Time": 36.565,"Actual Rows": 40000,"Actual Loops": 5,"Hash Buckets": 262144,"Original Hash Buckets": 262144,"Hash Batches": 1,"Original Hash Batches": 1,"Peak Memory Usage": 14240,"Workers": [],"Plans": [{"Node Type": "Seq Scan","Parent Relationship": "Outer","Parallel Aware": true,"Async Capable": false,"Relation Name": "part","Alias": "part","Startup Cost": 0.00,"Total Cost": 4930.33,"Plan Rows": 83333,"Plan Width": 25,"Actual Startup Time": 0.029,"Actual Total Time": 15.824,"Actual Rows": 40000,"Actual Loops": 5,"Workers": []}]}]}]}]}]},"Planning Time": 4.753,"Triggers": [],"Execution Time": 211.654}]
[{"Plan": {"Node Type": "Aggregate","Strategy": "Plain","Partial Mode": "Finalize","Parallel Aware": false,"Async Capable": false,"Startup Cost": 117225.47,"Total Cost": 117225.49,"Plan Rows": 1,"Plan Width": 32,"Actual Startup Time": 216.741,"Actual Total Time": 233.601,"Actual Rows": 1,"Actual Loops": 1,"Plans": [{"Node Type": "Gather","Parent Relationship": "Outer","Parallel Aware": false,"Async Capable": false,"Startup Cost": 117225.02,"Total Cost": 117225.43,"Plan Rows": 4,"Plan Width": 64,"Actual Startup Time": 215.228,"Actual Total Time": 233.556,"Actual Rows": 5,"Actual Loops": 1,"Workers Planned": 4,"Workers Launched": 4,"Single Copy": false,"Plans": [{"Node Type": "Aggregate","Strategy": "Plain","Partial Mode": "Partial","Parent Relationship": "Outer","Parallel Aware": false,"Async Capable": false,"Startup Cost": 116225.02,"Total Cost": 116225.03,"Plan Rows": 1,"Plan Width": 64,"Actual Startup Time": 207.689,"Actual Total Time": 207.699,"Actual Rows": 1,"Actual Loops": 5,"Workers": [],"Plans": [{"Node Type": "Hash Join","Parent Relationship": "Outer","Parallel Aware": true,"Async Capable": false,"Join Type": "Inner","Startup Cost": 8008.56,"Total Cost": 115878.37,"Plan Rows": 19808,"Plan Width": 33,"Actual Startup Time": 75.267,"Actual Total Time": 201.372,"Actual Rows": 15471,"Actual Loops": 5,"Inner Unique": true,"Hash Cond": "(lineitem.l_partkey = part.p_partkey)","Workers": [],"Plans": [{"Node Type": "Bitmap Heap Scan","Parent Relationship": "Outer","Parallel Aware": true,"Async Capable": false,"Relation Name": "lineitem","Alias": "lineitem","Startup Cost": 2036.56,"Total Cost": 109854.38,"Plan Rows": 19808,"Plan Width": 16,"Actual Startup Time": 32.495,"Actual Total Time": 126.871,"Actual Rows": 15471,"Actual Loops": 5,"Recheck Cond": "((l_shipdate >= '1995-01-01'::date) AND (l_shipdate < '1995-02-01 00:00:00'::timestamp without time zone))","Rows Removed by Index Recheck": 0,"Exact Heap Blocks": 8865,"Lossy Heap Blocks": 0,"Workers": [],"Plans": [{"Node Type": "Bitmap Index Scan","Parent Relationship": "Outer","Parallel Aware": false,"Async Capable": false,"Index Name": "idx_lineitem_shipdate","Startup Cost": 0.00,"Total Cost": 2016.75,"Plan Rows": 79232,"Plan Width": 0,"Actual Startup Time": 25.884,"Actual Total Time": 25.890,"Actual Rows": 77356,"Actual Loops": 1,"Index Cond": "((l_shipdate >= '1995-01-01'::date) AND (l_shipdate < '1995-02-01 00:00:00'::timestamp without time zone))","Workers": []}]},{"Node Type": "Hash","Parent Relationship": "Inner","Parallel Aware": true,"Async Capable": false,"Startup Cost": 4930.33,"Total Cost": 4930.33,"Plan Rows": 83333,"Plan Width": 25,"Actual Startup Time": 42.028,"Actual Total Time": 42.030,"Actual Rows": 40000,"Actual Loops": 5,"Hash Buckets": 262144,"Original Hash Buckets": 262144,"Hash Batches": 1,"Original Hash Batches": 1,"Peak Memory Usage": 14144,"Workers": [],"Plans": [{"Node Type": "Seq Scan","Parent Relationship": "Outer","Parallel Aware": true,"Async Capable": false,"Relation Name": "part","Alias": "part","Startup Cost": 0.00,"Total Cost": 4930.33,"Plan Rows": 83333,"Plan Width": 25,"Actual Startup Time": 0.039,"Actual Total Time": 18.208,"Actual Rows": 40000,"Actual Loops": 5,"Workers": []}]}]}]}]}]},"Planning Time": 4.207,"Triggers": [],"Execution Time": 233.902}]
[{"Plan": {"Node Type": "Aggregate","Strategy": "Plain","Partial Mode": "Finalize","Parallel Aware": false,"Async Capable": false,"Startup Cost": 111167.85,"Total Cost": 111167.87,"Plan Rows": 1,"Plan Width": 32,"Actual Startup Time": 180.931,"Actual Total Time": 199.884,"Actual Rows": 1,"Actual Loops": 1,"Plans": [{"Node Type": "Gather","Parent Relationship": "Outer","Parallel Aware": false,"Async Capable": false,"Startup Cost": 111167.40,"Total Cost": 111167.81,"Plan Rows": 4,"Plan Width": 64,"Actual Startup Time": 179.550,"Actual Total Time": 199.841,"Actual Rows": 5,"Actual Loops": 1,"Workers Planned": 4,"Workers Launched": 4,"Single Copy": false,"Plans": [{"Node Type": "Aggregate","Strategy": "Plain","Partial Mode": "Partial","Parent Relationship": "Outer","Parallel Aware": false,"Async Capable": false,"Startup Cost": 110167.40,"Total Cost": 110167.41,"Plan Rows": 1,"Plan Width": 64,"Actual Startup Time": 171.475,"Actual Total Time": 171.482,"Actual Rows": 1,"Actual Loops": 5,"Workers": [],"Plans": [{"Node Type": "Hash Join","Parent Relationship": "Outer","Parallel Aware": true,"Async Capable": false,"Join Type": "Inner","Startup Cost": 7708.24,"Total Cost": 109872.10,"Plan Rows": 16874,"Plan Width": 33,"Actual Startup Time": 55.633,"Actual Total Time": 165.640,"Actual Rows": 13990,"Actual Loops": 5,"Inner Unique": true,"Hash Cond": "(lineitem.l_partkey = part.p_partkey)","Workers": [],"Plans": [{"Node Type": "Bitmap Heap Scan","Parent Relationship": "Outer","Parallel Aware": true,"Async Capable": false,"Relation Name": "lineitem","Alias": "lineitem","Startup Cost": 1736.25,"Total Cost": 103855.81,"Plan Rows": 16873,"Plan Width": 16,"Actual Startup Time": 21.244,"Actual Total Time": 102.422,"Actual Rows": 13990,"Actual Loops": 5,"Recheck Cond": "((l_shipdate >= '1993-02-01'::date) AND (l_shipdate < '1993-03-01 00:00:00'::timestamp without time zone))","Rows Removed by Index Recheck": 0,"Exact Heap Blocks": 6433,"Lossy Heap Blocks": 0,"Workers": [],"Plans": [{"Node Type": "Bitmap Index Scan","Parent Relationship": "Outer","Parallel Aware": false,"Async Capable": false,"Index Name": "idx_lineitem_shipdate","Startup Cost": 0.00,"Total Cost": 1719.37,"Plan Rows": 67494,"Plan Width": 0,"Actual Startup Time": 15.254,"Actual Total Time": 15.255,"Actual Rows": 69949,"Actual Loops": 1,"Index Cond": "((l_shipdate >= '1993-02-01'::date) AND (l_shipdate < '1993-03-01 00:00:00'::timestamp without time zone))","Workers": []}]},{"Node Type": "Hash","Parent Relationship": "Inner","Parallel Aware": true,"Async Capable": false,"Startup Cost": 4930.33,"Total Cost": 4930.33,"Plan Rows": 83333,"Plan Width": 25,"Actual Startup Time": 33.582,"Actual Total Time": 33.584,"Actual Rows": 40000,"Actual Loops": 5,"Hash Buckets": 262144,"Original Hash Buckets": 262144,"Hash Batches": 1,"Original Hash Batches": 1,"Peak Memory Usage": 14176,"Workers": [],"Plans": [{"Node Type": "Seq Scan","Parent Relationship": "Outer","Parallel Aware": true,"Async Capable": false,"Relation Name": "part","Alias": "part","Startup Cost": 0.00,"Total Cost": 4930.33,"Plan Rows": 83333,"Plan Width": 25,"Actual Startup Time": 0.036,"Actual Total Time": 15.481,"Actual Rows": 40000,"Actual Loops": 5,"Workers": []}]}]}]}]}]},"Planning Time": 4.410,"Triggers": [],"Execution Time": 200.104}]
[{"Plan": {"Node Type": "Aggregate","Strategy": "Plain","Partial Mode": "Finalize","Parallel Aware": false,"Async Capable": false,"Startup Cost": 113859.14,"Total Cost": 113859.15,"Plan Rows": 1,"Plan Width": 32,"Actual Startup Time": 183.004,"Actual Total Time": 200.909,"Actual Rows": 1,"Actual Loops": 1,"Plans": [{"Node Type": "Gather","Parent Relationship": "Outer","Parallel Aware": false,"Async Capable": false,"Startup Cost": 113858.68,"Total Cost": 113859.09,"Plan Rows": 4,"Plan Width": 64,"Actual Startup Time": 181.448,"Actual Total Time": 200.864,"Actual Rows": 5,"Actual Loops": 1,"Workers Planned": 4,"Workers Launched": 4,"Single Copy": false,"Plans": [{"Node Type": "Aggregate","Strategy": "Plain","Partial Mode": "Partial","Parent Relationship": "Outer","Parallel Aware": false,"Async Capable": false,"Startup Cost": 112858.68,"Total Cost": 112858.69,"Plan Rows": 1,"Plan Width": 64,"Actual Startup Time": 173.739,"Actual Total Time": 173.753,"Actual Rows": 1,"Actual Loops": 5,"Workers": [],"Plans": [{"Node Type": "Hash Join","Parent Relationship": "Outer","Parallel Aware": true,"Async Capable": false,"Join Type": "Inner","Startup Cost": 7829.57,"Total Cost": 112542.33,"Plan Rows": 18077,"Plan Width": 33,"Actual Startup Time": 58.239,"Actual Total Time": 167.706,"Actual Rows": 15488,"Actual Loops": 5,"Inner Unique": true,"Hash Cond": "(lineitem.l_partkey = part.p_partkey)","Workers": [],"Plans": [{"Node Type": "Bitmap Heap Scan","Parent Relationship": "Outer","Parallel Aware": true,"Async Capable": false,"Relation Name": "lineitem","Alias": "lineitem","Startup Cost": 1857.58,"Total Cost": 106522.88,"Plan Rows": 18077,"Plan Width": 16,"Actual Startup Time": 22.396,"Actual Total Time": 105.318,"Actual Rows": 15488,"Actual Loops": 5,"Recheck Cond": "((l_shipdate >= '1997-05-01'::date) AND (l_shipdate < '1997-06-01 00:00:00'::timestamp without time zone))","Rows Removed by Index Recheck": 0,"Exact Heap Blocks": 7623,"Lossy Heap Blocks": 0,"Workers": [],"Plans": [{"Node Type": "Bitmap Index Scan","Parent Relationship": "Outer","Parallel Aware": false,"Async Capable": false,"Index Name": "idx_lineitem_shipdate","Startup Cost": 0.00,"Total Cost": 1839.50,"Plan Rows": 72307,"Plan Width": 0,"Actual Startup Time": 16.147,"Actual Total Time": 16.149,"Actual Rows": 77438,"Actual Loops": 1,"Index Cond": "((l_shipdate >= '1997-05-01'::date) AND (l_shipdate < '1997-06-01 00:00:00'::timestamp without time zone))","Workers": []}]},{"Node Type": "Hash","Parent Relationship": "Inner","Parallel Aware": true,"Async Capable": false,"Startup Cost": 4930.33,"Total Cost": 4930.33,"Plan Rows": 83333,"Plan Width": 25,"Actual Startup Time": 35.023,"Actual Total Time": 35.029,"Actual Rows": 40000,"Actual Loops": 5,"Hash Buckets": 262144,"Original Hash Buckets": 262144,"Hash Batches": 1,"Original Hash Batches": 1,"Peak Memory Usage": 14240,"Workers": [],"Plans": [{"Node Type": "Seq Scan","Parent Relationship": "Outer","Parallel Aware": true,"Async Capable": false,"Relation Name": "part","Alias": "part","Startup Cost": 0.00,"Total Cost": 4930.33,"Plan Rows": 83333,"Plan Width": 25,"Actual Startup Time": 0.034,"Actual Total Time": 15.067,"Actual Rows": 40000,"Actual Loops": 5,"Workers": []}]}]}]}]}]},"Planning Time": 4.177,"Triggers": [],"Execution Time": 201.222}]
[{"Plan": {"Node Type": "Aggregate","Strategy": "Plain","Partial Mode": "Finalize","Parallel Aware": false,"Async Capable": false,"Startup Cost": 114712.32,"Total Cost": 114712.34,"Plan Rows": 1,"Plan Width": 32,"Actual Startup Time": 199.208,"Actual Total Time": 216.961,"Actual Rows": 1,"Actual Loops": 1,"Plans": [{"Node Type": "Gather","Parent Relationship": "Outer","Parallel Aware": false,"Async Capable": false,"Startup Cost": 114711.87,"Total Cost": 114712.28,"Plan Rows": 4,"Plan Width": 64,"Actual Startup Time": 197.776,"Actual Total Time": 216.922,"Actual Rows": 5,"Actual Loops": 1,"Workers Planned": 4,"Workers Launched": 4,"Single Copy": false,"Plans": [{"Node Type": "Aggregate","Strategy": "Plain","Partial Mode": "Partial","Parent Relationship": "Outer","Parallel Aware": false,"Async Capable": false,"Startup Cost": 113711.87,"Total Cost": 113711.88,"Plan Rows": 1,"Plan Width": 64,"Actual Startup Time": 190.002,"Actual Total Time": 190.013,"Actual Rows": 1,"Actual Loops": 5,"Workers": [],"Plans": [{"Node Type": "Hash Join","Parent Relationship": "Outer","Parallel Aware": true,"Async Capable": false,"Join Type": "Inner","Startup Cost": 7874.42,"Total Cost": 113388.32,"Plan Rows": 18488,"Plan Width": 33,"Actual Startup Time": 63.566,"Actual Total Time": 183.679,"Actual Rows": 15197,"Actual Loops": 5,"Inner Unique": true,"Hash Cond": "(lineitem.l_partkey = part.p_partkey)","Workers": [],"Plans": [{"Node Type": "Bitmap Heap Scan","Parent Relationship": "Outer","Parallel Aware": true,"Async Capable": false,"Relation Name": "lineitem","Alias": "lineitem","Startup Cost": 1902.42,"Total Cost": 107367.80,"Plan Rows": 18487,"Plan Width": 16,"Actual Startup Time": 27.839,"Actual Total Time": 117.676,"Actual Rows": 15197,"Actual Loops": 5,"Recheck Cond": "((l_shipdate >= '1995-09-01'::date) AND (l_shipdate < '1995-10-01 00:00:00'::timestamp without time zone))","Rows Removed by Index Recheck": 0,"Exact Heap Blocks": 7706,"Lossy Heap Blocks": 0,"Workers": [],"Plans": [{"Node Type": "Bitmap Index Scan","Parent Relationship": "Outer","Parallel Aware": false,"Async Capable": false,"Index Name": "idx_lineitem_shipdate","Startup Cost": 0.00,"Total Cost": 1883.93,"Plan Rows": 73950,"Plan Width": 0,"Actual Startup Time": 21.589,"Actual Total Time": 21.592,"Actual Rows": 75983,"Actual Loops": 1,"Index Cond": "((l_shipdate >= '1995-09-01'::date) AND (l_shipdate < '1995-10-01 00:00:00'::timestamp without time zone))","Workers": []}]},{"Node Type": "Hash","Parent Relationship": "Inner","Parallel Aware": true,"Async Capable": false,"Startup Cost": 4930.33,"Total Cost": 4930.33,"Plan Rows": 83333,"Plan Width": 25,"Actual Startup Time": 34.995,"Actual Total Time": 34.998,"Actual Rows": 40000,"Actual Loops": 5,"Hash Buckets": 262144,"Original Hash Buckets": 262144,"Hash Batches": 1,"Original Hash Batches": 1,"Peak Memory Usage": 14208,"Workers": [],"Plans": [{"Node Type": "Seq Scan","Parent Relationship": "Outer","Parallel Aware": true,"Async Capable": false,"Relation Name": "part","Alias": "part","Startup Cost": 0.00,"Total Cost": 4930.33,"Plan Rows": 83333,"Plan Width": 25,"Actual Startup Time": 0.036,"Actual Total Time": 16.143,"Actual Rows": 40000,"Actual Loops": 5,"Workers": []}]}]}]}]}]},"Planning Time": 3.092,"Triggers": [],"Execution Time": 217.243}]
[{"Plan": {"Node Type": "Aggregate","Strategy": "Plain","Partial Mode": "Finalize","Parallel Aware": false,"Async Capable": false,"Startup Cost": 115298.80,"Total Cost": 115298.82,"Plan Rows": 1,"Plan Width": 32,"Actual Startup Time": 191.770,"Actual Total Time": 208.257,"Actual Rows": 1,"Actual Loops": 1,"Plans": [{"Node Type": "Gather","Parent Relationship": "Outer","Parallel Aware": false,"Async Capable": false,"Startup Cost": 115298.35,"Total Cost": 115298.76,"Plan Rows": 4,"Plan Width": 64,"Actual Startup Time": 190.365,"Actual Total Time": 208.218,"Actual Rows": 5,"Actual Loops": 1,"Workers Planned": 4,"Workers Launched": 4,"Single Copy": false,"Plans": [{"Node Type": "Aggregate","Strategy": "Plain","Partial Mode": "Partial","Parent Relationship": "Outer","Parallel Aware": false,"Async Capable": false,"Startup Cost": 114298.35,"Total Cost": 114298.36,"Plan Rows": 1,"Plan Width": 64,"Actual Startup Time": 182.565,"Actual Total Time": 182.576,"Actual Rows": 1,"Actual Loops": 5,"Workers": [],"Plans": [{"Node Type": "Hash Join","Parent Relationship": "Outer","Parallel Aware": true,"Async Capable": false,"Join Type": "Inner","Startup Cost": 7902.48,"Total Cost": 113969.66,"Plan Rows": 18782,"Plan Width": 33,"Actual Startup Time": 59.443,"Actual Total Time": 176.606,"Actual Rows": 14990,"Actual Loops": 5,"Inner Unique": true,"Hash Cond": "(lineitem.l_partkey = part.p_partkey)","Workers": [],"Plans": [{"Node Type": "Bitmap Heap Scan","Parent Relationship": "Outer","Parallel Aware": true,"Async Capable": false,"Relation Name": "lineitem","Alias": "lineitem","Startup Cost": 1930.48,"Total Cost": 107948.36,"Plan Rows": 18782,"Plan Width": 16,"Actual Startup Time": 21.604,"Actual Total Time": 109.072,"Actual Rows": 14990,"Actual Loops": 5,"Recheck Cond": "((l_shipdate >= '1993-11-01'::date) AND (l_shipdate < '1993-12-01 00:00:00'::timestamp without time zone))","Rows Removed by Index Recheck": 0,"Exact Heap Blocks": 7520,"Lossy Heap Blocks": 0,"Workers": [],"Plans": [{"Node Type": "Bitmap Index Scan","Parent Relationship": "Outer","Parallel Aware": false,"Async Capable": false,"Index Name": "idx_lineitem_shipdate","Startup Cost": 0.00,"Total Cost": 1911.70,"Plan Rows": 75127,"Plan Width": 0,"Actual Startup Time": 15.494,"Actual Total Time": 15.497,"Actual Rows": 74949,"Actual Loops": 1,"Index Cond": "((l_shipdate >= '1993-11-01'::date) AND (l_shipdate < '1993-12-01 00:00:00'::timestamp without time zone))","Workers": []}]},{"Node Type": "Hash","Parent Relationship": "Inner","Parallel Aware": true,"Async Capable": false,"Startup Cost": 4930.33,"Total Cost": 4930.33,"Plan Rows": 83333,"Plan Width": 25,"Actual Startup Time": 36.955,"Actual Total Time": 36.958,"Actual Rows": 40000,"Actual Loops": 5,"Hash Buckets": 262144,"Original Hash Buckets": 262144,"Hash Batches": 1,"Original Hash Batches": 1,"Peak Memory Usage": 14176,"Workers": [],"Plans": [{"Node Type": "Seq Scan","Parent Relationship": "Outer","Parallel Aware": true,"Async Capable": false,"Relation Name": "part","Alias": "part","Startup Cost": 0.00,"Total Cost": 4930.33,"Plan Rows": 83333,"Plan Width": 25,"Actual Startup Time": 0.042,"Actual Total Time": 17.442,"Actual Rows": 40000,"Actual Loops": 5,"Workers": []}]}]}]}]}]},"Planning Time": 4.152,"Triggers": [],"Execution Time": 208.521}]
[{"Plan": {"Node Type": "Aggregate","Strategy": "Plain","Partial Mode": "Finalize","Parallel Aware": false,"Async Capable": false,"Startup Cost": 117449.67,"Total Cost": 117449.68,"Plan Rows": 1,"Plan Width": 32,"Actual Startup Time": 209.461,"Actual Total Time": 224.908,"Actual Rows": 1,"Actual Loops": 1,"Plans": [{"Node Type": "Gather","Parent Relationship": "Outer","Parallel Aware": false,"Async Capable": false,"Startup Cost": 117449.21,"Total Cost": 117449.62,"Plan Rows": 4,"Plan Width": 64,"Actual Startup Time": 207.968,"Actual Total Time": 224.878,"Actual Rows": 5,"Actual Loops": 1,"Workers Planned": 4,"Workers Launched": 4,"Single Copy": false,"Plans": [{"Node Type": "Aggregate","Strategy": "Plain","Partial Mode": "Partial","Parent Relationship": "Outer","Parallel Aware": false,"Async Capable": false,"Startup Cost": 116449.21,"Total Cost": 116449.22,"Plan Rows": 1,"Plan Width": 64,"Actual Startup Time": 200.716,"Actual Total Time": 200.726,"Actual Rows": 1,"Actual Loops": 5,"Workers": [],"Plans": [{"Node Type": "Hash Join","Parent Relationship": "Outer","Parallel Aware": true,"Async Capable": false,"Join Type": "Inner","Startup Cost": 8021.73,"Total Cost": 116100.36,"Plan Rows": 19934,"Plan Width": 33,"Actual Startup Time": 69.344,"Actual Total Time": 194.621,"Actual Rows": 15439,"Actual Loops": 5,"Inner Unique": true,"Hash Cond": "(lineitem.l_partkey = part.p_partkey)","Workers": [],"Plans": [{"Node Type": "Bitmap Heap Scan","Parent Relationship": "Outer","Parallel Aware": true,"Async Capable": false,"Relation Name": "lineitem","Alias": "lineitem","Startup Cost": 2049.74,"Total Cost": 110076.04,"Plan Rows": 19934,"Plan Width": 16,"Actual Startup Time": 28.893,"Actual Total Time": 124.591,"Actual Rows": 15439,"Actual Loops": 5,"Recheck Cond": "((l_shipdate >= '1993-08-01'::date) AND (l_shipdate < '1993-09-01 00:00:00'::timestamp without time zone))","Rows Removed by Index Recheck": 0,"Exact Heap Blocks": 7741,"Lossy Heap Blocks": 0,"Workers": [],"Plans": [{"Node Type": "Bitmap Index Scan","Parent Relationship": "Outer","Parallel Aware": false,"Async Capable": false,"Index Name": "idx_lineitem_shipdate","Startup Cost": 0.00,"Total Cost": 2029.80,"Plan Rows": 79737,"Plan Width": 0,"Actual Startup Time": 22.408,"Actual Total Time": 22.411,"Actual Rows": 77197,"Actual Loops": 1,"Index Cond": "((l_shipdate >= '1993-08-01'::date) AND (l_shipdate < '1993-09-01 00:00:00'::timestamp without time zone))","Workers": []}]},{"Node Type": "Hash","Parent Relationship": "Inner","Parallel Aware": true,"Async Capable": false,"Startup Cost": 4930.33,"Total Cost": 4930.33,"Plan Rows": 83333,"Plan Width": 25,"Actual Startup Time": 39.731,"Actual Total Time": 39.735,"Actual Rows": 40000,"Actual Loops": 5,"Hash Buckets": 262144,"Original Hash Buckets": 262144,"Hash Batches": 1,"Original Hash Batches": 1,"Peak Memory Usage": 14176,"Workers": [],"Plans": [{"Node Type": "Seq Scan","Parent Relationship": "Outer","Parallel Aware": true,"Async Capable": false,"Relation Name": "part","Alias": "part","Startup Cost": 0.00,"Total Cost": 4930.33,"Plan Rows": 83333,"Plan Width": 25,"Actual Startup Time": 0.044,"Actual Total Time": 17.039,"Actual Rows": 40000,"Actual Loops": 5,"Workers": []}]}]}]}]}]},"Planning Time": 4.803,"Triggers": [],"Execution Time": 225.176}]
[{"Plan": {"Node Type": "Aggregate","Strategy": "Plain","Partial Mode": "Finalize","Parallel Aware": false,"Async Capable": false,"Startup Cost": 114861.81,"Total Cost": 114861.82,"Plan Rows": 1,"Plan Width": 32,"Actual Startup Time": 188.604,"Actual Total Time": 205.507,"Actual Rows": 1,"Actual Loops": 1,"Plans": [{"Node Type": "Gather","Parent Relationship": "Outer","Parallel Aware": false,"Async Capable": false,"Startup Cost": 114861.35,"Total Cost": 114861.76,"Plan Rows": 4,"Plan Width": 64,"Actual Startup Time": 187.236,"Actual Total Time": 205.453,"Actual Rows": 5,"Actual Loops": 1,"Workers Planned": 4,"Workers Launched": 4,"Single Copy": false,"Plans": [{"Node Type": "Aggregate","Strategy": "Plain","Partial Mode": "Partial","Parent Relationship": "Outer","Parallel Aware": false,"Async Capable": false,"Startup Cost": 113861.35,"Total Cost": 113861.36,"Plan Rows": 1,"Plan Width": 64,"Actual Startup Time": 179.741,"Actual Total Time": 179.759,"Actual Rows": 1,"Actual Loops": 5,"Workers": [],"Plans": [{"Node Type": "Hash Join","Parent Relationship": "Outer","Parallel Aware": true,"Async Capable": false,"Join Type": "Inner","Startup Cost": 7881.45,"Total Cost": 113536.51,"Plan Rows": 18562,"Plan Width": 33,"Actual Startup Time": 60.790,"Actual Total Time": 173.757,"Actual Rows": 15501,"Actual Loops": 5,"Inner Unique": true,"Hash Cond": "(lineitem.l_partkey = part.p_partkey)","Workers": [],"Plans": [{"Node Type": "Bitmap Heap Scan","Parent Relationship": "Outer","Parallel Aware": true,"Async Capable": false,"Relation Name": "lineitem","Alias": "lineitem","Startup Cost": 1909.45,"Total Cost": 107515.79,"Plan Rows": 18561,"Plan Width": 16,"Actual Startup Time": 23.212,"Actual Total Time": 106.658,"Actual Rows": 15501,"Actual Loops": 5,"Recheck Cond": "((l_shipdate >= '1995-08-01'::date) AND (l_shipdate < '1995-09-01 00:00:00'::timestamp without time zone))","Rows Removed by Index Recheck": 0,"Exact Heap Blocks": 7755,"Lossy Heap Blocks": 0,"Workers": [],"Plans": [{"Node Type": "Bitmap Index Scan","Parent Relationship": "Outer","Parallel Aware": false,"Async Capable": false,"Index Name": "idx_lineitem_shipdate","Startup Cost": 0.00,"Total Cost": 1890.89,"Plan Rows": 74246,"Plan Width": 0,"Actual Startup Time": 16.821,"Actual Total Time": 16.824,"Actual Rows": 77505,"Actual Loops": 1,"Index Cond": "((l_shipdate >= '1995-08-01'::date) AND (l_shipdate < '1995-09-01 00:00:00'::timestamp without time zone))","Workers": []}]},{"Node Type": "Hash","Parent Relationship": "Inner","Parallel Aware": true,"Async Capable": false,"Startup Cost": 4930.33,"Total Cost": 4930.33,"Plan Rows": 83333,"Plan Width": 25,"Actual Startup Time": 36.743,"Actual Total Time": 36.750,"Actual Rows": 40000,"Actual Loops": 5,"Hash Buckets": 262144,"Original Hash Buckets": 262144,"Hash Batches": 1,"Original Hash Batches": 1,"Peak Memory Usage": 14240,"Workers": [],"Plans": [{"Node Type": "Seq Scan","Parent Relationship": "Outer","Parallel Aware": true,"Async Capable": false,"Relation Name": "part","Alias": "part","Startup Cost": 0.00,"Total Cost": 4930.33,"Plan Rows": 83333,"Plan Width": 25,"Actual Startup Time": 0.042,"Actual Total Time": 16.083,"Actual Rows": 40000,"Actual Loops": 5,"Workers": []}]}]}]}]}]},"Planning Time": 4.082,"Triggers": [],"Execution Time": 205.784}]
[{"Plan": {"Node Type": "Aggregate","Strategy": "Plain","Partial Mode": "Finalize","Parallel Aware": false,"Async Capable": false,"Startup Cost": 116932.31,"Total Cost": 116932.33,"Plan Rows": 1,"Plan Width": 32,"Actual Startup Time": 212.964,"Actual Total Time": 230.692,"Actual Rows": 1,"Actual Loops": 1,"Plans": [{"Node Type": "Gather","Parent Relationship": "Outer","Parallel Aware": false,"Async Capable": false,"Startup Cost": 116931.86,"Total Cost": 116932.27,"Plan Rows": 4,"Plan Width": 64,"Actual Startup Time": 211.225,"Actual Total Time": 230.642,"Actual Rows": 5,"Actual Loops": 1,"Workers Planned": 4,"Workers Launched": 4,"Single Copy": false,"Plans": [{"Node Type": "Aggregate","Strategy": "Plain","Partial Mode": "Partial","Parent Relationship": "Outer","Parallel Aware": false,"Async Capable": false,"Startup Cost": 115931.86,"Total Cost": 115931.87,"Plan Rows": 1,"Plan Width": 64,"Actual Startup Time": 203.156,"Actual Total Time": 203.165,"Actual Rows": 1,"Actual Loops": 5,"Workers": [],"Plans": [{"Node Type": "Hash Join","Parent Relationship": "Outer","Parallel Aware": true,"Async Capable": false,"Join Type": "Inner","Startup Cost": 7989.91,"Total Cost": 115588.05,"Plan Rows": 19646,"Plan Width": 33,"Actual Startup Time": 70.482,"Actual Total Time": 196.939,"Actual Rows": 15434,"Actual Loops": 5,"Inner Unique": true,"Hash Cond": "(lineitem.l_partkey = part.p_partkey)","Workers": [],"Plans": [{"Node Type": "Bitmap Heap Scan","Parent Relationship": "Outer","Parallel Aware": true,"Async Capable": false,"Relation Name": "lineitem","Alias": "lineitem","Startup Cost": 2017.92,"Total Cost": 109564.48,"Plan Rows": 19646,"Plan Width": 16,"Actual Startup Time": 29.789,"Actual Total Time": 125.687,"Actual Rows": 15434,"Actual Loops": 5,"Recheck Cond": "((l_shipdate >= '1995-07-01'::date) AND (l_shipdate < '1995-08-01 00:00:00'::timestamp without time zone))","Rows Removed by Index Recheck": 0,"Exact Heap Blocks": 7774,"Lossy Heap Blocks": 0,"Workers": [],"Plans": [{"Node Type": "Bitmap Index Scan","Parent Relationship": "Outer","Parallel Aware": false,"Async Capable": false,"Index Name": "idx_lineitem_shipdate","Startup Cost": 0.00,"Total Cost": 1998.27,"Plan Rows": 78584,"Plan Width": 0,"Actual Startup Time": 23.282,"Actual Total Time": 23.282,"Actual Rows": 77171,"Actual Loops": 1,"Index Cond": "((l_shipdate >= '1995-07-01'::date) AND (l_shipdate < '1995-08-01 00:00:00'::timestamp without time zone))","Workers": []}]},{"Node Type": "Hash","Parent Relationship": "Inner","Parallel Aware": true,"Async Capable": false,"Startup Cost": 4930.33,"Total Cost": 4930.33,"Plan Rows": 83333,"Plan Width": 25,"Actual Startup Time": 39.901,"Actual Total Time": 39.904,"Actual Rows": 40000,"Actual Loops": 5,"Hash Buckets": 262144,"Original Hash Buckets": 262144,"Hash Batches": 1,"Original Hash Batches": 1,"Peak Memory Usage": 14176,"Workers": [],"Plans": [{"Node Type": "Seq Scan","Parent Relationship": "Outer","Parallel Aware": true,"Async Capable": false,"Relation Name": "part","Alias": "part","Startup Cost": 0.00,"Total Cost": 4930.33,"Plan Rows": 83333,"Plan Width": 25,"Actual Startup Time": 0.037,"Actual Total Time": 17.375,"Actual Rows": 40000,"Actual Loops": 5,"Workers": []}]}]}]}]}]},"Planning Time": 3.883,"Triggers": [],"Execution Time": 230.949}]
[{"Plan": {"Node Type": "Aggregate","Strategy": "Plain","Partial Mode": "Finalize","Parallel Aware": false,"Async Capable": false,"Startup Cost": 116921.16,"Total Cost": 116921.17,"Plan Rows": 1,"Plan Width": 32,"Actual Startup Time": 188.717,"Actual Total Time": 203.796,"Actual Rows": 1,"Actual Loops": 1,"Plans": [{"Node Type": "Gather","Parent Relationship": "Outer","Parallel Aware": false,"Async Capable": false,"Startup Cost": 116920.70,"Total Cost": 116921.11,"Plan Rows": 4,"Plan Width": 64,"Actual Startup Time": 187.795,"Actual Total Time": 203.760,"Actual Rows": 5,"Actual Loops": 1,"Workers Planned": 4,"Workers Launched": 4,"Single Copy": false,"Plans": [{"Node Type": "Aggregate","Strategy": "Plain","Partial Mode": "Partial","Parent Relationship": "Outer","Parallel Aware": false,"Async Capable": false,"Startup Cost": 115920.70,"Total Cost": 115920.71,"Plan Rows": 1,"Plan Width": 64,"Actual Startup Time": 178.906,"Actual Total Time": 178.917,"Actual Rows": 1,"Actual Loops": 5,"Workers": [],"Plans": [{"Node Type": "Hash Join","Parent Relationship": "Outer","Parallel Aware": true,"Async Capable": false,"Join Type": "Inner","Startup Cost": 7989.65,"Total Cost": 115577.00,"Plan Rows": 19640,"Plan Width": 33,"Actual Startup Time": 58.926,"Actual Total Time": 172.760,"Actual Rows": 15600,"Actual Loops": 5,"Inner Unique": true,"Hash Cond": "(lineitem.l_partkey = part.p_partkey)","Workers": [],"Plans": [{"Node Type": "Bitmap Heap Scan","Parent Relationship": "Outer","Parallel Aware": true,"Async Capable": false,"Relation Name": "lineitem","Alias": "lineitem","Startup Cost": 2017.65,"Total Cost": 109553.45,"Plan Rows": 19640,"Plan Width": 16,"Actual Startup Time": 22.345,"Actual Total Time": 105.470,"Actual Rows": 15600,"Actual Loops": 5,"Recheck Cond": "((l_shipdate >= '1996-10-01'::date) AND (l_shipdate < '1996-11-01 00:00:00'::timestamp without time zone))","Rows Removed by Index Recheck": 0,"Exact Heap Blocks": 6706,"Lossy Heap Blocks": 0,"Workers": [],"Plans": [{"Node Type": "Bitmap Index Scan","Parent Relationship": "Outer","Parallel Aware": false,"Async Capable": false,"Index Name": "idx_lineitem_shipdate","Startup Cost": 0.00,"Total Cost": 1998.01,"Plan Rows": 78558,"Plan Width": 0,"Actual Startup Time": 16.072,"Actual Total Time": 16.073,"Actual Rows": 78000,"Actual Loops": 1,"Index Cond": "((l_shipdate >= '1996-10-01'::date) AND (l_shipdate < '1996-11-01 00:00:00'::timestamp without time zone))","Workers": []}]},{"Node Type": "Hash","Parent Relationship": "Inner","Parallel Aware": true,"Async Capable": false,"Startup Cost": 4930.33,"Total Cost": 4930.33,"Plan Rows": 83333,"Plan Width": 25,"Actual Startup Time": 35.841,"Actual Total Time": 35.845,"Actual Rows": 40000,"Actual Loops": 5,"Hash Buckets": 262144,"Original Hash Buckets": 262144,"Hash Batches": 1,"Original Hash Batches": 1,"Peak Memory Usage": 14208,"Workers": [],"Plans": [{"Node Type": "Seq Scan","Parent Relationship": "Outer","Parallel Aware": true,"Async Capable": false,"Relation Name": "part","Alias": "part","Startup Cost": 0.00,"Total Cost": 4930.33,"Plan Rows": 83333,"Plan Width": 25,"Actual Startup Time": 0.045,"Actual Total Time": 16.936,"Actual Rows": 40000,"Actual Loops": 5,"Workers": []}]}]}]}]}]},"Planning Time": 5.387,"Triggers": [],"Execution Time": 204.098}]
[{"Plan": {"Node Type": "Aggregate","Strategy": "Plain","Partial Mode": "Finalize","Parallel Aware": false,"Async Capable": false,"Startup Cost": 115609.89,"Total Cost": 115609.90,"Plan Rows": 1,"Plan Width": 32,"Actual Startup Time": 193.817,"Actual Total Time": 211.351,"Actual Rows": 1,"Actual Loops": 1,"Plans": [{"Node Type": "Gather","Parent Relationship": "Outer","Parallel Aware": false,"Async Capable": false,"Startup Cost": 115609.43,"Total Cost": 115609.84,"Plan Rows": 4,"Plan Width": 64,"Actual Startup Time": 192.419,"Actual Total Time": 211.299,"Actual Rows": 5,"Actual Loops": 1,"Workers Planned": 4,"Workers Launched": 4,"Single Copy": false,"Plans": [{"Node Type": "Aggregate","Strategy": "Plain","Partial Mode": "Partial","Parent Relationship": "Outer","Parallel Aware": false,"Async Capable": false,"Startup Cost": 114609.43,"Total Cost": 114609.44,"Plan Rows": 1,"Plan Width": 64,"Actual Startup Time": 185.004,"Actual Total Time": 185.017,"Actual Rows": 1,"Actual Loops": 5,"Workers": [],"Plans": [{"Node Type": "Hash Join","Parent Relationship": "Outer","Parallel Aware": true,"Async Capable": false,"Join Type": "Inner","Startup Cost": 7920.94,"Total Cost": 114277.99,"Plan Rows": 18939,"Plan Width": 33,"Actual Startup Time": 60.368,"Actual Total Time": 178.970,"Actual Rows": 15437,"Actual Loops": 5,"Inner Unique": true,"Hash Cond": "(lineitem.l_partkey = part.p_partkey)","Workers": [],"Plans": [{"Node Type": "Bitmap Heap Scan","Parent Relationship": "Outer","Parallel Aware": true,"Async Capable": false,"Relation Name": "lineitem","Alias": "lineitem","Startup Cost": 1948.94,"Total Cost": 108256.28,"Plan Rows": 18939,"Plan Width": 16,"Actual Startup Time": 23.075,"Actual Total Time": 110.836,"Actual Rows": 15437,"Actual Loops": 5,"Recheck Cond": "((l_shipdate >= '1994-07-01'::date) AND (l_shipdate < '1994-08-01 00:00:00'::timestamp without time zone))","Rows Removed by Index Recheck": 0,"Exact Heap Blocks": 7823,"Lossy Heap Blocks": 0,"Workers": [],"Plans": [{"Node Type": "Bitmap Index Scan","Parent Relationship": "Outer","Parallel Aware": false,"Async Capable": false,"Index Name": "idx_lineitem_shipdate","Startup Cost": 0.00,"Total Cost": 1930.00,"Plan Rows": 75757,"Plan Width": 0,"Actual Startup Time": 16.721,"Actual Total Time": 16.724,"Actual Rows": 77186,"Actual Loops": 1,"Index Cond": "((l_shipdate >= '1994-07-01'::date) AND (l_shipdate < '1994-08-01 00:00:00'::timestamp without time zone))","Workers": []}]},{"Node Type": "Hash","Parent Relationship": "Inner","Parallel Aware": true,"Async Capable": false,"Startup Cost": 4930.33,"Total Cost": 4930.33,"Plan Rows": 83333,"Plan Width": 25,"Actual Startup Time": 36.560,"Actual Total Time": 36.565,"Actual Rows": 40000,"Actual Loops": 5,"Hash Buckets": 262144,"Original Hash Buckets": 262144,"Hash Batches": 1,"Original Hash Batches": 1,"Peak Memory Usage": 14240,"Workers": [],"Plans": [{"Node Type": "Seq Scan","Parent Relationship": "Outer","Parallel Aware": true,"Async Capable": false,"Relation Name": "part","Alias": "part","Startup Cost": 0.00,"Total Cost": 4930.33,"Plan Rows": 83333,"Plan Width": 25,"Actual Startup Time": 0.029,"Actual Total Time": 15.824,"Actual Rows": 40000,"Actual Loops": 5,"Workers": []}]}]}]}]}]},"Planning Time": 4.753,"Triggers": [],"Execution Time": 211.654}]
[{"Plan": {"Node Type": "Aggregate","Strategy": "Plain","Partial Mode": "Finalize","Parallel Aware": false,"Async Capable": false,"Startup Cost": 111167.85,"Total Cost": 111167.87,"Plan Rows": 1,"Plan Width": 32,"Actual Startup Time": 180.931,"Actual Total Time": 199.884,"Actual Rows": 1,"Actual Loops": 1,"Plans": [{"Node Type": "Gather","Parent Relationship": "Outer","Parallel Aware": false,"Async Capable": false,"Startup Cost": 111167.40,"Total Cost": 111167.81,"Plan Rows": 4,"Plan Width": 64,"Actual Startup Time": 179.550,"Actual Total Time": 199.841,"Actual Rows": 5,"Actual Loops": 1,"Workers Planned": 4,"Workers Launched": 4,"Single Copy": false,"Plans": [{"Node Type": "Aggregate","Strategy": "Plain","Partial Mode": "Partial","Parent Relationship": "Outer","Parallel Aware": false,"Async Capable": false,"Startup Cost": 110167.40,"Total Cost": 110167.41,"Plan Rows": 1,"Plan Width": 64,"Actual Startup Time": 171.475,"Actual Total Time": 171.482,"Actual Rows": 1,"Actual Loops": 5,"Workers": [],"Plans": [{"Node Type": "Hash Join","Parent Relationship": "Outer","Parallel Aware": true,"Async Capable": false,"Join Type": "Inner","Startup Cost": 7708.24,"Total Cost": 109872.10,"Plan Rows": 16874,"Plan Width": 33,"Actual Startup Time": 55.633,"Actual Total Time": 165.640,"Actual Rows": 13990,"Actual Loops": 5,"Inner Unique": true,"Hash Cond": "(lineitem.l_partkey = part.p_partkey)","Workers": [],"Plans": [{"Node Type": "Bitmap Heap Scan","Parent Relationship": "Outer","Parallel Aware": true,"Async Capable": false,"Relation Name": "lineitem","Alias": "lineitem","Startup Cost": 1736.25,"Total Cost": 103855.81,"Plan Rows": 16873,"Plan Width": 16,"Actual Startup Time": 21.244,"Actual Total Time": 102.422,"Actual Rows": 13990,"Actual Loops": 5,"Recheck Cond": "((l_shipdate >= '1993-02-01'::date) AND (l_shipdate < '1993-03-01 00:00:00'::timestamp without time zone))","Rows Removed by Index Recheck": 0,"Exact Heap Blocks": 6433,"Lossy Heap Blocks": 0,"Workers": [],"Plans": [{"Node Type": "Bitmap Index Scan","Parent Relationship": "Outer","Parallel Aware": false,"Async Capable": false,"Index Name": "idx_lineitem_shipdate","Startup Cost": 0.00,"Total Cost": 1719.37,"Plan Rows": 67494,"Plan Width": 0,"Actual Startup Time": 15.254,"Actual Total Time": 15.255,"Actual Rows": 69949,"Actual Loops": 1,"Index Cond": "((l_shipdate >= '1993-02-01'::date) AND (l_shipdate < '1993-03-01 00:00:00'::timestamp without time zone))","Workers": []}]},{"Node Type": "Hash","Parent Relationship": "Inner","Parallel Aware": true,"Async Capable": false,"Startup Cost": 4930.33,"Total Cost": 4930.33,"Plan Rows": 83333,"Plan Width": 25,"Actual Startup Time": 33.582,"Actual Total Time": 33.584,"Actual Rows": 40000,"Actual Loops": 5,"Hash Buckets": 262144,"Original Hash Buckets": 262144,"Hash Batches": 1,"Original Hash Batches": 1,"Peak Memory Usage": 14176,"Workers": [],"Plans": [{"Node Type": "Seq Scan","Parent Relationship": "Outer","Parallel Aware": true,"Async Capable": false,"Relation Name": "part","Alias": "part","Startup Cost": 0.00,"Total Cost": 4930.33,"Plan Rows": 83333,"Plan Width": 25,"Actual Startup Time": 0.036,"Actual Total Time": 15.481,"Actual Rows": 40000,"Actual Loops": 5,"Workers": []}]}]}]}]}]},"Planning Time": 4.410,"Triggers": [],"Execution Time": 200.104}]
[{"Plan": {"Node Type": "Aggregate","Strategy": "Plain","Partial Mode": "Finalize","Parallel Aware": false,"Async Capable": false,"Startup Cost": 115338.69,"Total Cost": 115338.71,"Plan Rows": 1,"Plan Width": 32,"Actual Startup Time": 199.829,"Actual Total Time": 219.842,"Actual Rows": 1,"Actual Loops": 1,"Plans": [{"Node Type": "Gather","Parent Relationship": "Outer","Parallel Aware": false,"Async Capable": false,"Startup Cost": 115338.24,"Total Cost": 115338.65,"Plan Rows": 4,"Plan Width": 64,"Actual Startup Time": 198.858,"Actual Total Time": 219.794,"Actual Rows": 5,"Actual Loops": 1,"Workers Planned": 4,"Workers Launched": 4,"Single Copy": false,"Plans": [{"Node Type": "Aggregate","Strategy": "Plain","Partial Mode": "Partial","Parent Relationship": "Outer","Parallel Aware": false,"Async Capable": false,"Startup Cost": 114338.24,"Total Cost": 114338.25,"Plan Rows": 1,"Plan Width": 64,"Actual Startup Time": 190.294,"Actual Total Time": 190.307,"Actual Rows": 1,"Actual Loops": 5,"Workers": [],"Plans": [{"Node Type": "Hash Join","Parent Relationship": "Outer","Parallel Aware": true,"Async Capable": false,"Join Type": "Inner","Startup Cost": 7903.33,"Total Cost": 114009.20,"Plan Rows": 18802,"Plan Width": 33,"Actual Startup Time": 61.506,"Actual Total Time": 183.262,"Actual Rows": 15403,"Actual Loops": 5,"Inner Unique": true,"Hash Cond": "(lineitem.l_partkey = part.p_partkey)","Workers": [],"Plans": [{"Node Type": "Bitmap Heap Scan","Parent Relationship": "Outer","Parallel Aware": true,"Async Capable": false,"Relation Name": "lineitem","Alias": "lineitem","Startup Cost": 1931.34,"Total Cost": 107987.84,"Plan Rows": 18803,"Plan Width": 16,"Actual Startup Time": 22.372,"Actual Total Time": 111.171,"Actual Rows": 15403,"Actual Loops": 5,"Recheck Cond": "((l_shipdate >= '1997-10-01'::date) AND (l_shipdate < '1997-11-01 00:00:00'::timestamp without time zone))","Rows Removed by Index Recheck": 0,"Exact Heap Blocks": 6871,"Lossy Heap Blocks": 0,"Workers": [],"Plans": [{"Node Type": "Bitmap Index Scan","Parent Relationship": "Outer","Parallel Aware": false,"Async Capable": false,"Index Name": "idx_lineitem_shipdate","Startup Cost": 0.00,"Total Cost": 1912.53,"Plan Rows": 75210,"Plan Width": 0,"Actual Startup Time": 16.032,"Actual Total Time": 16.036,"Actual Rows": 77013,"Actual Loops": 1,"Index Cond": "((l_shipdate >= '1997-10-01'::date) AND (l_shipdate < '1997-11-01 00:00:00'::timestamp without time zone))","Workers": []}]},{"Node Type": "Hash","Parent Relationship": "Inner","Parallel Aware": true,"Async Capable": false,"Startup Cost": 4930.33,"Total Cost": 4930.33,"Plan Rows": 83333,"Plan Width": 25,"Actual Startup Time": 38.387,"Actual Total Time": 38.393,"Actual Rows": 40000,"Actual Loops": 5,"Hash Buckets": 262144,"Original Hash Buckets": 262144,"Hash Batches": 1,"Original Hash Batches": 1,"Peak Memory Usage": 14208,"Workers": [],"Plans": [{"Node Type": "Seq Scan","Parent Relationship": "Outer","Parallel Aware": true,"Async Capable": false,"Relation Name": "part","Alias": "part","Startup Cost": 0.00,"Total Cost": 4930.33,"Plan Rows": 83333,"Plan Width": 25,"Actual Startup Time": 0.031,"Actual Total Time": 17.971,"Actual Rows": 40000,"Actual Loops": 5,"Workers": []}]}]}]}]}]},"Planning Time": 3.861,"Triggers": [],"Execution Time": 220.121}]
[{"Plan": {"Node Type": "Aggregate","Strategy": "Plain","Partial Mode": "Finalize","Parallel Aware": false,"Async Capable": false,"Startup Cost": 114861.81,"Total Cost": 114861.82,"Plan Rows": 1,"Plan Width": 32,"Actual Startup Time": 193.988,"Actual Total Time": 211.749,"Actual Rows": 1,"Actual Loops": 1,"Plans": [{"Node Type": "Gather","Parent Relationship": "Outer","Parallel Aware": false,"Async Capable": false,"Startup Cost": 114861.35,"Total Cost": 114861.76,"Plan Rows": 4,"Plan Width": 64,"Actual Startup Time": 192.665,"Actual Total Time": 211.694,"Actual Rows": 5,"Actual Loops": 1,"Workers Planned": 4,"Workers Launched": 4,"Single Copy": false,"Plans": [{"Node Type": "Aggregate","Strategy": "Plain","Partial Mode": "Partial","Parent Relationship": "Outer","Parallel Aware": false,"Async Capable": false,"Startup Cost": 113861.35,"Total Cost": 113861.36,"Plan Rows": 1,"Plan Width": 64,"Actual Startup Time": 184.518,"Actual Total Time": 184.527,"Actual Rows": 1,"Actual Loops": 5,"Workers": [],"Plans": [{"Node Type": "Hash Join","Parent Relationship": "Outer","Parallel Aware": true,"Async Capable": false,"Join Type": "Inner","Startup Cost": 7881.45,"Total Cost": 113536.51,"Plan Rows": 18562,"Plan Width": 33,"Actual Startup Time": 58.502,"Actual Total Time": 178.310,"Actual Rows": 15463,"Actual Loops": 5,"Inner Unique": true,"Hash Cond": "(lineitem.l_partkey = part.p_partkey)","Workers": [],"Plans": [{"Node Type": "Bitmap Heap Scan","Parent Relationship": "Outer","Parallel Aware": true,"Async Capable": false,"Relation Name": "lineitem","Alias": "lineitem","Startup Cost": 1909.45,"Total Cost": 107515.79,"Plan Rows": 18561,"Plan Width": 16,"Actual Startup Time": 22.399,"Actual Total Time": 112.098,"Actual Rows": 15463,"Actual Loops": 5,"Recheck Cond": "((l_shipdate >= '1994-05-01'::date) AND (l_shipdate < '1994-06-01 00:00:00'::timestamp without time zone))","Rows Removed by Index Recheck": 0,"Exact Heap Blocks": 7716,"Lossy Heap Blocks": 0,"Workers": [],"Plans": [{"Node Type": "Bitmap Index Scan","Parent Relationship": "Outer","Parallel Aware": false,"Async Capable": false,"Index Name": "idx_lineitem_shipdate","Startup Cost": 0.00,"Total Cost": 1890.89,"Plan Rows": 74246,"Plan Width": 0,"Actual Startup Time": 16.017,"Actual Total Time": 16.018,"Actual Rows": 77317,"Actual Loops": 1,"Index Cond": "((l_shipdate >= '1994-05-01'::date) AND (l_shipdate < '1994-06-01 00:00:00'::timestamp without time zone))","Workers": []}]},{"Node Type": "Hash","Parent Relationship": "Inner","Parallel Aware": true,"Async Capable": false,"Startup Cost": 4930.33,"Total Cost": 4930.33,"Plan Rows": 83333,"Plan Width": 25,"Actual Startup Time": 35.336,"Actual Total Time": 35.342,"Actual Rows": 40000,"Actual Loops": 5,"Hash Buckets": 262144,"Original Hash Buckets": 262144,"Hash Batches": 1,"Original Hash Batches": 1,"Peak Memory Usage": 14208,"Workers": [],"Plans": [{"Node Type": "Seq Scan","Parent Relationship": "Outer","Parallel Aware": true,"Async Capable": false,"Relation Name": "part","Alias": "part","Startup Cost": 0.00,"Total Cost": 4930.33,"Plan Rows": 83333,"Plan Width": 25,"Actual Startup Time": 0.043,"Actual Total Time": 15.376,"Actual Rows": 40000,"Actual Loops": 5,"Workers": []}]}]}]}]}]},"Planning Time": 5.236,"Triggers": [],"Execution Time": 212.073}]
[{"Plan": {"Node Type": "Aggregate","Strategy": "Plain","Partial Mode": "Finalize","Parallel Aware": false,"Async Capable": false,"Startup Cost": 114902.36,"Total Cost": 114902.37,"Plan Rows": 1,"Plan Width": 32,"Actual Startup Time": 198.225,"Actual Total Time": 215.708,"Actual Rows": 1,"Actual Loops": 1,"Plans": [{"Node Type": "Gather","Parent Relationship": "Outer","Parallel Aware": false,"Async Capable": false,"Startup Cost": 114901.90,"Total Cost": 114902.31,"Plan Rows": 4,"Plan Width": 64,"Actual Startup Time": 196.886,"Actual Total Time": 215.657,"Actual Rows": 5,"Actual Loops": 1,"Workers Planned": 4,"Workers Launched": 4,"Single Copy": false,"Plans": [{"Node Type": "Aggregate","Strategy": "Plain","Partial Mode": "Partial","Parent Relationship": "Outer","Parallel Aware": false,"Async Capable": false,"Startup Cost": 113901.90,"Total Cost": 113901.91,"Plan Rows": 1,"Plan Width": 64,"Actual Startup Time": 188.997,"Actual Total Time": 189.007,"Actual Rows": 1,"Actual Loops": 5,"Workers": [],"Plans": [{"Node Type": "Hash Join","Parent Relationship": "Outer","Parallel Aware": true,"Async Capable": false,"Join Type": "Inner","Startup Cost": 7882.30,"Total Cost": 113576.71,"Plan Rows": 18582,"Plan Width": 33,"Actual Startup Time": 61.932,"Actual Total Time": 182.740,"Actual Rows": 15587,"Actual Loops": 5,"Inner Unique": true,"Hash Cond": "(lineitem.l_partkey = part.p_partkey)","Workers": [],"Plans": [{"Node Type": "Bitmap Heap Scan","Parent Relationship": "Outer","Parallel Aware": true,"Async Capable": false,"Relation Name": "lineitem","Alias": "lineitem","Startup Cost": 1910.30,"Total Cost": 107555.94,"Plan Rows": 18582,"Plan Width": 16,"Actual Startup Time": 22.647,"Actual Total Time": 112.380,"Actual Rows": 15587,"Actual Loops": 5,"Recheck Cond": "((l_shipdate >= '1996-12-01'::date) AND (l_shipdate < '1997-01-01 00:00:00'::timestamp without time zone))","Rows Removed by Index Recheck": 0,"Exact Heap Blocks": 7656,"Lossy Heap Blocks": 0,"Workers": [],"Plans": [{"Node Type": "Bitmap Index Scan","Parent Relationship": "Outer","Parallel Aware": false,"Async Capable": false,"Index Name": "idx_lineitem_shipdate","Startup Cost": 0.00,"Total Cost": 1891.72,"Plan Rows": 74329,"Plan Width": 0,"Actual Startup Time": 16.250,"Actual Total Time": 16.252,"Actual Rows": 77933,"Actual Loops": 1,"Index Cond": "((l_shipdate >= '1996-12-01'::date) AND (l_shipdate < '1997-01-01 00:00:00'::timestamp without time zone))","Workers": []}]},{"Node Type": "Hash","Parent Relationship": "Inner","Parallel Aware": true,"Async Capable": false,"Startup Cost": 4930.33,"Total Cost": 4930.33,"Plan Rows": 83333,"Plan Width": 25,"Actual Startup Time": 38.467,"Actual Total Time": 38.471,"Actual Rows": 40000,"Actual Loops": 5,"Hash Buckets": 262144,"Original Hash Buckets": 262144,"Hash Batches": 1,"Original Hash Batches": 1,"Peak Memory Usage": 14208,"Workers": [],"Plans": [{"Node Type": "Seq Scan","Parent Relationship": "Outer","Parallel Aware": true,"Async Capable": false,"Relation Name": "part","Alias": "part","Startup Cost": 0.00,"Total Cost": 4930.33,"Plan Rows": 83333,"Plan Width": 25,"Actual Startup Time": 0.033,"Actual Total Time": 18.148,"Actual Rows": 40000,"Actual Loops": 5,"Workers": []}]}]}]}]}]},"Planning Time": 4.024,"Triggers": [],"Execution Time": 215.988}]
[{"Plan": {"Node Type": "Aggregate","Strategy": "Plain","Partial Mode": "Finalize","Parallel Aware": false,"Async Capable": false,"Startup Cost": 115414.72,"Total Cost": 115414.73,"Plan Rows": 1,"Plan Width": 32,"Actual Startup Time": 187.053,"Actual Total Time": 203.755,"Actual Rows": 1,"Actual Loops": 1,"Plans": [{"Node Type": "Gather","Parent Relationship": "Outer","Parallel Aware": false,"Async Capable": false,"Startup Cost": 115414.26,"Total Cost": 115414.67,"Plan Rows": 4,"Plan Width": 64,"Actual Startup Time": 185.070,"Actual Total Time": 203.718,"Actual Rows": 5,"Actual Loops": 1,"Workers Planned": 4,"Workers Launched": 4,"Single Copy": false,"Plans": [{"Node Type": "Aggregate","Strategy": "Plain","Partial Mode": "Partial","Parent Relationship": "Outer","Parallel Aware": false,"Async Capable": false,"Startup Cost": 114414.26,"Total Cost": 114414.27,"Plan Rows": 1,"Plan Width": 64,"Actual Startup Time": 177.250,"Actual Total Time": 177.262,"Actual Rows": 1,"Actual Loops": 5,"Workers": [],"Plans": [{"Node Type": "Hash Join","Parent Relationship": "Outer","Parallel Aware": true,"Async Capable": false,"Join Type": "Inner","Startup Cost": 7908.88,"Total Cost": 114084.56,"Plan Rows": 18840,"Plan Width": 33,"Actual Startup Time": 55.990,"Actual Total Time": 171.341,"Actual Rows": 14962,"Actual Loops": 5,"Inner Unique": true,"Hash Cond": "(lineitem.l_partkey = part.p_partkey)","Workers": [],"Plans": [{"Node Type": "Bitmap Heap Scan","Parent Relationship": "Outer","Parallel Aware": true,"Async Capable": false,"Relation Name": "lineitem","Alias": "lineitem","Startup Cost": 1936.88,"Total Cost": 108063.10,"Plan Rows": 18840,"Plan Width": 16,"Actual Startup Time": 21.982,"Actual Total Time": 110.904,"Actual Rows": 14962,"Actual Loops": 5,"Recheck Cond": "((l_shipdate >= '1994-06-01'::date) AND (l_shipdate < '1994-07-01 00:00:00'::timestamp without time zone))","Rows Removed by Index Recheck": 0,"Exact Heap Blocks": 8391,"Lossy Heap Blocks": 0,"Workers": [],"Plans": [{"Node Type": "Bitmap Index Scan","Parent Relationship": "Outer","Parallel Aware": false,"Async Capable": false,"Index Name": "idx_lineitem_shipdate","Startup Cost": 0.00,"Total Cost": 1918.04,"Plan Rows": 75361,"Plan Width": 0,"Actual Startup Time": 15.790,"Actual Total Time": 15.792,"Actual Rows": 74812,"Actual Loops": 1,"Index Cond": "((l_shipdate >= '1994-06-01'::date) AND (l_shipdate < '1994-07-01 00:00:00'::timestamp without time zone))","Workers": []}]},{"Node Type": "Hash","Parent Relationship": "Inner","Parallel Aware": true,"Async Capable": false,"Startup Cost": 4930.33,"Total Cost": 4930.33,"Plan Rows": 83333,"Plan Width": 25,"Actual Startup Time": 33.250,"Actual Total Time": 33.254,"Actual Rows": 40000,"Actual Loops": 5,"Hash Buckets": 262144,"Original Hash Buckets": 262144,"Hash Batches": 1,"Original Hash Batches": 1,"Peak Memory Usage": 14240,"Workers": [],"Plans": [{"Node Type": "Seq Scan","Parent Relationship": "Outer","Parallel Aware": true,"Async Capable": false,"Relation Name": "part","Alias": "part","Startup Cost": 0.00,"Total Cost": 4930.33,"Plan Rows": 83333,"Plan Width": 25,"Actual Startup Time": 0.033,"Actual Total Time": 14.354,"Actual Rows": 40000,"Actual Loops": 5,"Workers": []}]}]}]}]}]},"Planning Time": 4.908,"Triggers": [],"Execution Time": 204.115}]
[{"Plan": {"Node Type": "Aggregate","Strategy": "Plain","Partial Mode": "Finalize","Parallel Aware": false,"Async Capable": false,"Startup Cost": 113767.70,"Total Cost": 113767.71,"Plan Rows": 1,"Plan Width": 32,"Actual Startup Time": 201.354,"Actual Total Time": 217.629,"Actual Rows": 1,"Actual Loops": 1,"Plans": [{"Node Type": "Gather","Parent Relationship": "Outer","Parallel Aware": false,"Async Capable": false,"Startup Cost": 113767.24,"Total Cost": 113767.65,"Plan Rows": 4,"Plan Width": 64,"Actual Startup Time": 198.999,"Actual Total Time": 217.582,"Actual Rows": 5,"Actual Loops": 1,"Workers Planned": 4,"Workers Launched": 4,"Single Copy": false,"Plans": [{"Node Type": "Aggregate","Strategy": "Plain","Partial Mode": "Partial","Parent Relationship": "Outer","Parallel Aware": false,"Async Capable": false,"Startup Cost": 112767.24,"Total Cost": 112767.25,"Plan Rows": 1,"Plan Width": 64,"Actual Startup Time": 191.550,"Actual Total Time": 191.562,"Actual Rows": 1,"Actual Loops": 5,"Workers": [],"Plans": [{"Node Type": "Hash Join","Parent Relationship": "Outer","Parallel Aware": true,"Async Capable": false,"Join Type": "Inner","Startup Cost": 7827.74,"Total Cost": 112451.68,"Plan Rows": 18032,"Plan Width": 33,"Actual Startup Time": 62.703,"Actual Total Time": 185.698,"Actual Rows": 14327,"Actual Loops": 5,"Inner Unique": true,"Hash Cond": "(lineitem.l_partkey = part.p_partkey)","Workers": [],"Plans": [{"Node Type": "Bitmap Heap Scan","Parent Relationship": "Outer","Parallel Aware": true,"Async Capable": false,"Relation Name": "lineitem","Alias": "lineitem","Startup Cost": 1855.74,"Total Cost": 106432.35,"Plan Rows": 18032,"Plan Width": 16,"Actual Startup Time": 28.428,"Actual Total Time": 122.517,"Actual Rows": 14327,"Actual Loops": 5,"Recheck Cond": "((l_shipdate >= '1996-02-01'::date) AND (l_shipdate < '1996-03-01 00:00:00'::timestamp without time zone))","Rows Removed by Index Recheck": 0,"Exact Heap Blocks": 8588,"Lossy Heap Blocks": 0,"Workers": [],"Plans": [{"Node Type": "Bitmap Index Scan","Parent Relationship": "Outer","Parallel Aware": false,"Async Capable": false,"Index Name": "idx_lineitem_shipdate","Startup Cost": 0.00,"Total Cost": 1837.71,"Plan Rows": 72128,"Plan Width": 0,"Actual Startup Time": 22.136,"Actual Total Time": 22.138,"Actual Rows": 71636,"Actual Loops": 1,"Index Cond": "((l_shipdate >= '1996-02-01'::date) AND (l_shipdate < '1996-03-01 00:00:00'::timestamp without time zone))","Workers": []}]},{"Node Type": "Hash","Parent Relationship": "Inner","Parallel Aware": true,"Async Capable": false,"Startup Cost": 4930.33,"Total Cost": 4930.33,"Plan Rows": 83333,"Plan Width": 25,"Actual Startup Time": 33.546,"Actual Total Time": 33.549,"Actual Rows": 40000,"Actual Loops": 5,"Hash Buckets": 262144,"Original Hash Buckets": 262144,"Hash Batches": 1,"Original Hash Batches": 1,"Peak Memory Usage": 14240,"Workers": [],"Plans": [{"Node Type": "Seq Scan","Parent Relationship": "Outer","Parallel Aware": true,"Async Capable": false,"Relation Name": "part","Alias": "part","Startup Cost": 0.00,"Total Cost": 4930.33,"Plan Rows": 83333,"Plan Width": 25,"Actual Startup Time": 0.035,"Actual Total Time": 14.470,"Actual Rows": 40000,"Actual Loops": 5,"Workers": []}]}]}]}]}]},"Planning Time": 4.716,"Triggers": [],"Execution Time": 217.907}]
[{"Plan": {"Node Type": "Aggregate","Strategy": "Plain","Partial Mode": "Finalize","Parallel Aware": false,"Async Capable": false,"Startup Cost": 115298.80,"Total Cost": 115298.82,"Plan Rows": 1,"Plan Width": 32,"Actual Startup Time": 191.770,"Actual Total Time": 208.257,"Actual Rows": 1,"Actual Loops": 1,"Plans": [{"Node Type": "Gather","Parent Relationship": "Outer","Parallel Aware": false,"Async Capable": false,"Startup Cost": 115298.35,"Total Cost": 115298.76,"Plan Rows": 4,"Plan Width": 64,"Actual Startup Time": 190.365,"Actual Total Time": 208.218,"Actual Rows": 5,"Actual Loops": 1,"Workers Planned": 4,"Workers Launched": 4,"Single Copy": false,"Plans": [{"Node Type": "Aggregate","Strategy": "Plain","Partial Mode": "Partial","Parent Relationship": "Outer","Parallel Aware": false,"Async Capable": false,"Startup Cost": 114298.35,"Total Cost": 114298.36,"Plan Rows": 1,"Plan Width": 64,"Actual Startup Time": 182.565,"Actual Total Time": 182.576,"Actual Rows": 1,"Actual Loops": 5,"Workers": [],"Plans": [{"Node Type": "Hash Join","Parent Relationship": "Outer","Parallel Aware": true,"Async Capable": false,"Join Type": "Inner","Startup Cost": 7902.48,"Total Cost": 113969.66,"Plan Rows": 18782,"Plan Width": 33,"Actual Startup Time": 59.443,"Actual Total Time": 176.606,"Actual Rows": 14990,"Actual Loops": 5,"Inner Unique": true,"Hash Cond": "(lineitem.l_partkey = part.p_partkey)","Workers": [],"Plans": [{"Node Type": "Bitmap Heap Scan","Parent Relationship": "Outer","Parallel Aware": true,"Async Capable": false,"Relation Name": "lineitem","Alias": "lineitem","Startup Cost": 1930.48,"Total Cost": 107948.36,"Plan Rows": 18782,"Plan Width": 16,"Actual Startup Time": 21.604,"Actual Total Time": 109.072,"Actual Rows": 14990,"Actual Loops": 5,"Recheck Cond": "((l_shipdate >= '1993-11-01'::date) AND (l_shipdate < '1993-12-01 00:00:00'::timestamp without time zone))","Rows Removed by Index Recheck": 0,"Exact Heap Blocks": 7520,"Lossy Heap Blocks": 0,"Workers": [],"Plans": [{"Node Type": "Bitmap Index Scan","Parent Relationship": "Outer","Parallel Aware": false,"Async Capable": false,"Index Name": "idx_lineitem_shipdate","Startup Cost": 0.00,"Total Cost": 1911.70,"Plan Rows": 75127,"Plan Width": 0,"Actual Startup Time": 15.494,"Actual Total Time": 15.497,"Actual Rows": 74949,"Actual Loops": 1,"Index Cond": "((l_shipdate >= '1993-11-01'::date) AND (l_shipdate < '1993-12-01 00:00:00'::timestamp without time zone))","Workers": []}]},{"Node Type": "Hash","Parent Relationship": "Inner","Parallel Aware": true,"Async Capable": false,"Startup Cost": 4930.33,"Total Cost": 4930.33,"Plan Rows": 83333,"Plan Width": 25,"Actual Startup Time": 36.955,"Actual Total Time": 36.958,"Actual Rows": 40000,"Actual Loops": 5,"Hash Buckets": 262144,"Original Hash Buckets": 262144,"Hash Batches": 1,"Original Hash Batches": 1,"Peak Memory Usage": 14176,"Workers": [],"Plans": [{"Node Type": "Seq Scan","Parent Relationship": "Outer","Parallel Aware": true,"Async Capable": false,"Relation Name": "part","Alias": "part","Startup Cost": 0.00,"Total Cost": 4930.33,"Plan Rows": 83333,"Plan Width": 25,"Actual Startup Time": 0.042,"Actual Total Time": 17.442,"Actual Rows": 40000,"Actual Loops": 5,"Workers": []}]}]}]}]}]},"Planning Time": 4.152,"Triggers": [],"Execution Time": 208.521}]
[{"Plan": {"Node Type": "Aggregate","Strategy": "Plain","Partial Mode": "Finalize","Parallel Aware": false,"Async Capable": false,"Startup Cost": 115729.57,"Total Cost": 115729.59,"Plan Rows": 1,"Plan Width": 32,"Actual Startup Time": 204.888,"Actual Total Time": 221.461,"Actual Rows": 1,"Actual Loops": 1,"Plans": [{"Node Type": "Gather","Parent Relationship": "Outer","Parallel Aware": false,"Async Capable": false,"Startup Cost": 115729.12,"Total Cost": 115729.53,"Plan Rows": 4,"Plan Width": 64,"Actual Startup Time": 203.543,"Actual Total Time": 221.416,"Actual Rows": 5,"Actual Loops": 1,"Workers Planned": 4,"Workers Launched": 4,"Single Copy": false,"Plans": [{"Node Type": "Aggregate","Strategy": "Plain","Partial Mode": "Partial","Parent Relationship": "Outer","Parallel Aware": false,"Async Capable": false,"Startup Cost": 114729.12,"Total Cost": 114729.13,"Plan Rows": 1,"Plan Width": 64,"Actual Startup Time": 195.848,"Actual Total Time": 195.864,"Actual Rows": 1,"Actual Loops": 5,"Workers": [],"Plans": [{"Node Type": "Hash Join","Parent Relationship": "Outer","Parallel Aware": true,"Async Capable": false,"Join Type": "Inner","Startup Cost": 7927.48,"Total Cost": 114396.59,"Plan Rows": 19001,"Plan Width": 33,"Actual Startup Time": 68.169,"Actual Total Time": 189.649,"Actual Rows": 15436,"Actual Loops": 5,"Inner Unique": true,"Hash Cond": "(lineitem.l_partkey = part.p_partkey)","Workers": [],"Plans": [{"Node Type": "Bitmap Heap Scan","Parent Relationship": "Outer","Parallel Aware": true,"Async Capable": false,"Relation Name": "lineitem","Alias": "lineitem","Startup Cost": 1955.48,"Total Cost": 108374.72,"Plan Rows": 19001,"Plan Width": 16,"Actual Startup Time": 32.679,"Actual Total Time": 124.661,"Actual Rows": 15436,"Actual Loops": 5,"Recheck Cond": "((l_shipdate >= '1996-03-01'::date) AND (l_shipdate < '1996-04-01 00:00:00'::timestamp without time zone))","Rows Removed by Index Recheck": 0,"Exact Heap Blocks": 7444,"Lossy Heap Blocks": 0,"Workers": [],"Plans": [{"Node Type": "Bitmap Index Scan","Parent Relationship": "Outer","Parallel Aware": false,"Async Capable": false,"Index Name": "idx_lineitem_shipdate","Startup Cost": 0.00,"Total Cost": 1936.48,"Plan Rows": 76005,"Plan Width": 0,"Actual Startup Time": 26.050,"Actual Total Time": 26.055,"Actual Rows": 77182,"Actual Loops": 1,"Index Cond": "((l_shipdate >= '1996-03-01'::date) AND (l_shipdate < '1996-04-01 00:00:00'::timestamp without time zone))","Workers": []}]},{"Node Type": "Hash","Parent Relationship": "Inner","Parallel Aware": true,"Async Capable": false,"Startup Cost": 4930.33,"Total Cost": 4930.33,"Plan Rows": 83333,"Plan Width": 25,"Actual Startup Time": 34.792,"Actual Total Time": 34.798,"Actual Rows": 40000,"Actual Loops": 5,"Hash Buckets": 262144,"Original Hash Buckets": 262144,"Hash Batches": 1,"Original Hash Batches": 1,"Peak Memory Usage": 14240,"Workers": [],"Plans": [{"Node Type": "Seq Scan","Parent Relationship": "Outer","Parallel Aware": true,"Async Capable": false,"Relation Name": "part","Alias": "part","Startup Cost": 0.00,"Total Cost": 4930.33,"Plan Rows": 83333,"Plan Width": 25,"Actual Startup Time": 0.032,"Actual Total Time": 15.195,"Actual Rows": 40000,"Actual Loops": 5,"Workers": []}]}]}]}]}]},"Planning Time": 5.059,"Triggers": [],"Execution Time": 221.816}]
[{"Plan": {"Node Type": "Aggregate","Strategy": "Plain","Partial Mode": "Finalize","Parallel Aware": false,"Async Capable": false,"Startup Cost": 114712.32,"Total Cost": 114712.34,"Plan Rows": 1,"Plan Width": 32,"Actual Startup Time": 199.208,"Actual Total Time": 216.961,"Actual Rows": 1,"Actual Loops": 1,"Plans": [{"Node Type": "Gather","Parent Relationship": "Outer","Parallel Aware": false,"Async Capable": false,"Startup Cost": 114711.87,"Total Cost": 114712.28,"Plan Rows": 4,"Plan Width": 64,"Actual Startup Time": 197.776,"Actual Total Time": 216.922,"Actual Rows": 5,"Actual Loops": 1,"Workers Planned": 4,"Workers Launched": 4,"Single Copy": false,"Plans": [{"Node Type": "Aggregate","Strategy": "Plain","Partial Mode": "Partial","Parent Relationship": "Outer","Parallel Aware": false,"Async Capable": false,"Startup Cost": 113711.87,"Total Cost": 113711.88,"Plan Rows": 1,"Plan Width": 64,"Actual Startup Time": 190.002,"Actual Total Time": 190.013,"Actual Rows": 1,"Actual Loops": 5,"Workers": [],"Plans": [{"Node Type": "Hash Join","Parent Relationship": "Outer","Parallel Aware": true,"Async Capable": false,"Join Type": "Inner","Startup Cost": 7874.42,"Total Cost": 113388.32,"Plan Rows": 18488,"Plan Width": 33,"Actual Startup Time": 63.566,"Actual Total Time": 183.679,"Actual Rows": 15197,"Actual Loops": 5,"Inner Unique": true,"Hash Cond": "(lineitem.l_partkey = part.p_partkey)","Workers": [],"Plans": [{"Node Type": "Bitmap Heap Scan","Parent Relationship": "Outer","Parallel Aware": true,"Async Capable": false,"Relation Name": "lineitem","Alias": "lineitem","Startup Cost": 1902.42,"Total Cost": 107367.80,"Plan Rows": 18487,"Plan Width": 16,"Actual Startup Time": 27.839,"Actual Total Time": 117.676,"Actual Rows": 15197,"Actual Loops": 5,"Recheck Cond": "((l_shipdate >= '1995-09-01'::date) AND (l_shipdate < '1995-10-01 00:00:00'::timestamp without time zone))","Rows Removed by Index Recheck": 0,"Exact Heap Blocks": 7706,"Lossy Heap Blocks": 0,"Workers": [],"Plans": [{"Node Type": "Bitmap Index Scan","Parent Relationship": "Outer","Parallel Aware": false,"Async Capable": false,"Index Name": "idx_lineitem_shipdate","Startup Cost": 0.00,"Total Cost": 1883.93,"Plan Rows": 73950,"Plan Width": 0,"Actual Startup Time": 21.589,"Actual Total Time": 21.592,"Actual Rows": 75983,"Actual Loops": 1,"Index Cond": "((l_shipdate >= '1995-09-01'::date) AND (l_shipdate < '1995-10-01 00:00:00'::timestamp without time zone))","Workers": []}]},{"Node Type": "Hash","Parent Relationship": "Inner","Parallel Aware": true,"Async Capable": false,"Startup Cost": 4930.33,"Total Cost": 4930.33,"Plan Rows": 83333,"Plan Width": 25,"Actual Startup Time": 34.995,"Actual Total Time": 34.998,"Actual Rows": 40000,"Actual Loops": 5,"Hash Buckets": 262144,"Original Hash Buckets": 262144,"Hash Batches": 1,"Original Hash Batches": 1,"Peak Memory Usage": 14208,"Workers": [],"Plans": [{"Node Type": "Seq Scan","Parent Relationship": "Outer","Parallel Aware": true,"Async Capable": false,"Relation Name": "part","Alias": "part","Startup Cost": 0.00,"Total Cost": 4930.33,"Plan Rows": 83333,"Plan Width": 25,"Actual Startup Time": 0.036,"Actual Total Time": 16.143,"Actual Rows": 40000,"Actual Loops": 5,"Workers": []}]}]}]}]}]},"Planning Time": 3.092,"Triggers": [],"Execution Time": 217.243}]
[{"Plan": {"Node Type": "Aggregate","Strategy": "Plain","Partial Mode": "Finalize","Parallel Aware": false,"Async Capable": false,"Startup Cost": 116979.32,"Total Cost": 116979.34,"Plan Rows": 1,"Plan Width": 32,"Actual Startup Time": 204.621,"Actual Total Time": 221.335,"Actual Rows": 1,"Actual Loops": 1,"Plans": [{"Node Type": "Gather","Parent Relationship": "Outer","Parallel Aware": false,"Async Capable": false,"Startup Cost": 116978.87,"Total Cost": 116979.28,"Plan Rows": 4,"Plan Width": 64,"Actual Startup Time": 203.046,"Actual Total Time": 221.293,"Actual Rows": 5,"Actual Loops": 1,"Workers Planned": 4,"Workers Launched": 4,"Single Copy": false,"Plans": [{"Node Type": "Aggregate","Strategy": "Plain","Partial Mode": "Partial","Parent Relationship": "Outer","Parallel Aware": false,"Async Capable": false,"Startup Cost": 115978.87,"Total Cost": 115978.88,"Plan Rows": 1,"Plan Width": 64,"Actual Startup Time": 194.974,"Actual Total Time": 194.985,"Actual Rows": 1,"Actual Loops": 5,"Workers": [],"Plans": [{"Node Type": "Hash Join","Parent Relationship": "Outer","Parallel Aware": true,"Async Capable": false,"Join Type": "Inner","Startup Cost": 7994.93,"Total Cost": 115634.62,"Plan Rows": 19671,"Plan Width": 33,"Actual Startup Time": 65.973,"Actual Total Time": 188.830,"Actual Rows": 15499,"Actual Loops": 5,"Inner Unique": true,"Hash Cond": "(lineitem.l_partkey = part.p_partkey)","Workers": [],"Plans": [{"Node Type": "Bitmap Heap Scan","Parent Relationship": "Outer","Parallel Aware": true,"Async Capable": false,"Relation Name": "lineitem","Alias": "lineitem","Startup Cost": 2022.93,"Total Cost": 109610.99,"Plan Rows": 19671,"Plan Width": 16,"Actual Startup Time": 29.215,"Actual Total Time": 122.190,"Actual Rows": 15499,"Actual Loops": 5,"Recheck Cond": "((l_shipdate >= '1997-07-01'::date) AND (l_shipdate < '1997-08-01 00:00:00'::timestamp without time zone))","Rows Removed by Index Recheck": 0,"Exact Heap Blocks": 7395,"Lossy Heap Blocks": 0,"Workers": [],"Plans": [{"Node Type": "Bitmap Index Scan","Parent Relationship": "Outer","Parallel Aware": false,"Async Capable": false,"Index Name": "idx_lineitem_shipdate","Startup Cost": 0.00,"Total Cost": 2003.26,"Plan Rows": 78683,"Plan Width": 0,"Actual Startup Time": 22.702,"Actual Total Time": 22.702,"Actual Rows": 77493,"Actual Loops": 1,"Index Cond": "((l_shipdate >= '1997-07-01'::date) AND (l_shipdate < '1997-08-01 00:00:00'::timestamp without time zone))","Workers": []}]},{"Node Type": "Hash","Parent Relationship": "Inner","Parallel Aware": true,"Async Capable": false,"Startup Cost": 4930.33,"Total Cost": 4930.33,"Plan Rows": 83333,"Plan Width": 25,"Actual Startup Time": 36.077,"Actual Total Time": 36.081,"Actual Rows": 40000,"Actual Loops": 5,"Hash Buckets": 262144,"Original Hash Buckets": 262144,"Hash Batches": 1,"Original Hash Batches": 1,"Peak Memory Usage": 14176,"Workers": [],"Plans": [{"Node Type": "Seq Scan","Parent Relationship": "Outer","Parallel Aware": true,"Async Capable": false,"Relation Name": "part","Alias": "part","Startup Cost": 0.00,"Total Cost": 4930.33,"Plan Rows": 83333,"Plan Width": 25,"Actual Startup Time": 0.024,"Actual Total Time": 16.983,"Actual Rows": 40000,"Actual Loops": 5,"Workers": []}]}]}]}]}]},"Planning Time": 4.182,"Triggers": [],"Execution Time": 221.556}]
[{"Plan": {"Node Type": "Aggregate","Strategy": "Plain","Partial Mode": "Finalize","Parallel Aware": false,"Async Capable": false,"Startup Cost": 118399.89,"Total Cost": 118399.90,"Plan Rows": 1,"Plan Width": 32,"Actual Startup Time": 206.498,"Actual Total Time": 224.956,"Actual Rows": 1,"Actual Loops": 1,"Plans": [{"Node Type": "Gather","Parent Relationship": "Outer","Parallel Aware": false,"Async Capable": false,"Startup Cost": 118399.43,"Total Cost": 118399.84,"Plan Rows": 4,"Plan Width": 64,"Actual Startup Time": 205.062,"Actual Total Time": 224.906,"Actual Rows": 5,"Actual Loops": 1,"Workers Planned": 4,"Workers Launched": 4,"Single Copy": false,"Plans": [{"Node Type": "Aggregate","Strategy": "Plain","Partial Mode": "Partial","Parent Relationship": "Outer","Parallel Aware": false,"Async Capable": false,"Startup Cost": 117399.43,"Total Cost": 117399.44,"Plan Rows": 1,"Plan Width": 64,"Actual Startup Time": 196.971,"Actual Total Time": 196.979,"Actual Rows": 1,"Actual Loops": 5,"Workers": [],"Plans": [{"Node Type": "Hash Join","Parent Relationship": "Outer","Parallel Aware": true,"Async Capable": false,"Join Type": "Inner","Startup Cost": 8076.51,"Total Cost": 117040.85,"Plan Rows": 20490,"Plan Width": 33,"Actual Startup Time": 67.504,"Actual Total Time": 190.658,"Actual Rows": 15441,"Actual Loops": 5,"Inner Unique": true,"Hash Cond": "(lineitem.l_partkey = part.p_partkey)","Workers": [],"Plans": [{"Node Type": "Bitmap Heap Scan","Parent Relationship": "Outer","Parallel Aware": true,"Async Capable": false,"Relation Name": "lineitem","Alias": "lineitem","Startup Cost": 2104.51,"Total Cost": 111015.07,"Plan Rows": 20490,"Plan Width": 16,"Actual Startup Time": 31.187,"Actual Total Time": 124.229,"Actual Rows": 15441,"Actual Loops": 5,"Recheck Cond": "((l_shipdate >= '1993-07-01'::date) AND (l_shipdate < '1993-08-01 00:00:00'::timestamp without time zone))","Rows Removed by Index Recheck": 0,"Exact Heap Blocks": 7445,"Lossy Heap Blocks": 0,"Workers": [],"Plans": [{"Node Type": "Bitmap Index Scan","Parent Relationship": "Outer","Parallel Aware": false,"Async Capable": false,"Index Name": "idx_lineitem_shipdate","Startup Cost": 0.00,"Total Cost": 2084.02,"Plan Rows": 81959,"Plan Width": 0,"Actual Startup Time": 24.709,"Actual Total Time": 24.710,"Actual Rows": 77203,"Actual Loops": 1,"Index Cond": "((l_shipdate >= '1993-07-01'::date) AND (l_shipdate < '1993-08-01 00:00:00'::timestamp without time zone))","Workers": []}]},{"Node Type": "Hash","Parent Relationship": "Inner","Parallel Aware": true,"Async Capable": false,"Startup Cost": 4930.33,"Total Cost": 4930.33,"Plan Rows": 83333,"Plan Width": 25,"Actual Startup Time": 35.543,"Actual Total Time": 35.545,"Actual Rows": 40000,"Actual Loops": 5,"Hash Buckets": 262144,"Original Hash Buckets": 262144,"Hash Batches": 1,"Original Hash Batches": 1,"Peak Memory Usage": 14176,"Workers": [],"Plans": [{"Node Type": "Seq Scan","Parent Relationship": "Outer","Parallel Aware": true,"Async Capable": false,"Relation Name": "part","Alias": "part","Startup Cost": 0.00,"Total Cost": 4930.33,"Plan Rows": 83333,"Plan Width": 25,"Actual Startup Time": 0.027,"Actual Total Time": 16.751,"Actual Rows": 40000,"Actual Loops": 5,"Workers": []}]}]}]}]}]},"Planning Time": 4.294,"Triggers": [],"Execution Time": 225.229}]
[{"Plan": {"Node Type": "Aggregate","Strategy": "Plain","Partial Mode": "Finalize","Parallel Aware": false,"Async Capable": false,"Startup Cost": 121099.28,"Total Cost": 121099.30,"Plan Rows": 1,"Plan Width": 32,"Actual Startup Time": 214.486,"Actual Total Time": 231.702,"Actual Rows": 1,"Actual Loops": 1,"Plans": [{"Node Type": "Gather","Parent Relationship": "Outer","Parallel Aware": false,"Async Capable": false,"Startup Cost": 121098.83,"Total Cost": 121099.24,"Plan Rows": 4,"Plan Width": 64,"Actual Startup Time": 213.292,"Actual Total Time": 231.649,"Actual Rows": 5,"Actual Loops": 1,"Workers Planned": 4,"Workers Launched": 4,"Single Copy": false,"Plans": [{"Node Type": "Aggregate","Strategy": "Plain","Partial Mode": "Partial","Parent Relationship": "Outer","Parallel Aware": false,"Async Capable": false,"Startup Cost": 120098.83,"Total Cost": 120098.84,"Plan Rows": 1,"Plan Width": 64,"Actual Startup Time": 205.581,"Actual Total Time": 205.594,"Actual Rows": 1,"Actual Loops": 5,"Workers": [],"Plans": [{"Node Type": "Hash Join","Parent Relationship": "Outer","Parallel Aware": true,"Async Capable": false,"Join Type": "Inner","Startup Cost": 8260.90,"Total Cost": 119709.34,"Plan Rows": 22256,"Plan Width": 33,"Actual Startup Time": 70.841,"Actual Total Time": 199.395,"Actual Rows": 15605,"Actual Loops": 5,"Inner Unique": true,"Hash Cond": "(lineitem.l_partkey = part.p_partkey)","Workers": [],"Plans": [{"Node Type": "Bitmap Heap Scan","Parent Relationship": "Outer","Parallel Aware": true,"Async Capable": false,"Relation Name": "lineitem","Alias": "lineitem","Startup Cost": 2288.91,"Total Cost": 113678.93,"Plan Rows": 22255,"Plan Width": 16,"Actual Startup Time": 29.570,"Actual Total Time": 126.843,"Actual Rows": 15605,"Actual Loops": 5,"Recheck Cond": "((l_shipdate >= '1995-03-01'::date) AND (l_shipdate < '1995-04-01 00:00:00'::timestamp without time zone))","Rows Removed by Index Recheck": 0,"Exact Heap Blocks": 8068,"Lossy Heap Blocks": 0,"Workers": [],"Plans": [{"Node Type": "Bitmap Index Scan","Parent Relationship": "Outer","Parallel Aware": false,"Async Capable": false,"Index Name": "idx_lineitem_shipdate","Startup Cost": 0.00,"Total Cost": 2266.65,"Plan Rows": 89022,"Plan Width": 0,"Actual Startup Time": 23.014,"Actual Total Time": 23.019,"Actual Rows": 78025,"Actual Loops": 1,"Index Cond": "((l_shipdate >= '1995-03-01'::date) AND (l_shipdate < '1995-04-01 00:00:00'::timestamp without time zone))","Workers": []}]},{"Node Type": "Hash","Parent Relationship": "Inner","Parallel Aware": true,"Async Capable": false,"Startup Cost": 4930.33,"Total Cost": 4930.33,"Plan Rows": 83333,"Plan Width": 25,"Actual Startup Time": 40.550,"Actual Total Time": 40.554,"Actual Rows": 40000,"Actual Loops": 5,"Hash Buckets": 262144,"Original Hash Buckets": 262144,"Hash Batches": 1,"Original Hash Batches": 1,"Peak Memory Usage": 14176,"Workers": [],"Plans": [{"Node Type": "Seq Scan","Parent Relationship": "Outer","Parallel Aware": true,"Async Capable": false,"Relation Name": "part","Alias": "part","Startup Cost": 0.00,"Total Cost": 4930.33,"Plan Rows": 83333,"Plan Width": 25,"Actual Startup Time": 0.042,"Actual Total Time": 17.836,"Actual Rows": 40000,"Actual Loops": 5,"Workers": []}]}]}]}]}]},"Planning Time": 3.767,"Triggers": [],"Execution Time": 231.941}]
[{"Plan": {"Node Type": "Aggregate","Strategy": "Plain","Partial Mode": "Finalize","Parallel Aware": false,"Async Capable": false,"Startup Cost": 116775.62,"Total Cost": 116775.64,"Plan Rows": 1,"Plan Width": 32,"Actual Startup Time": 193.869,"Actual Total Time": 210.143,"Actual Rows": 1,"Actual Loops": 1,"Plans": [{"Node Type": "Gather","Parent Relationship": "Outer","Parallel Aware": false,"Async Capable": false,"Startup Cost": 116775.17,"Total Cost": 116775.58,"Plan Rows": 4,"Plan Width": 64,"Actual Startup Time": 192.448,"Actual Total Time": 210.107,"Actual Rows": 5,"Actual Loops": 1,"Workers Planned": 4,"Workers Launched": 4,"Single Copy": false,"Plans": [{"Node Type": "Aggregate","Strategy": "Plain","Partial Mode": "Partial","Parent Relationship": "Outer","Parallel Aware": false,"Async Capable": false,"Startup Cost": 115775.17,"Total Cost": 115775.18,"Plan Rows": 1,"Plan Width": 64,"Actual Startup Time": 184.994,"Actual Total Time": 185.005,"Actual Rows": 1,"Actual Loops": 5,"Workers": [],"Plans": [{"Node Type": "Hash Join","Parent Relationship": "Outer","Parallel Aware": true,"Async Capable": false,"Join Type": "Inner","Startup Cost": 7982.36,"Total Cost": 115432.88,"Plan Rows": 19559,"Plan Width": 33,"Actual Startup Time": 59.459,"Actual Total Time": 178.997,"Actual Rows": 15372,"Actual Loops": 5,"Inner Unique": true,"Hash Cond": "(lineitem.l_partkey = part.p_partkey)","Workers": [],"Plans": [{"Node Type": "Bitmap Heap Scan","Parent Relationship": "Outer","Parallel Aware": true,"Async Capable": false,"Relation Name": "lineitem","Alias": "lineitem","Startup Cost": 2010.36,"Total Cost": 109409.54,"Plan Rows": 19559,"Plan Width": 16,"Actual Startup Time": 22.196,"Actual Total Time": 111.214,"Actual Rows": 15372,"Actual Loops": 5,"Recheck Cond": "((l_shipdate >= '1993-01-01'::date) AND (l_shipdate < '1993-02-01 00:00:00'::timestamp without time zone))","Rows Removed by Index Recheck": 0,"Exact Heap Blocks": 8068,"Lossy Heap Blocks": 0,"Workers": [],"Plans": [{"Node Type": "Bitmap Index Scan","Parent Relationship": "Outer","Parallel Aware": false,"Async Capable": false,"Index Name": "idx_lineitem_shipdate","Startup Cost": 0.00,"Total Cost": 1990.80,"Plan Rows": 78237,"Plan Width": 0,"Actual Startup Time": 15.976,"Actual Total Time": 15.979,"Actual Rows": 76860,"Actual Loops": 1,"Index Cond": "((l_shipdate >= '1993-01-01'::date) AND (l_shipdate < '1993-02-01 00:00:00'::timestamp without time zone))","Workers": []}]},{"Node Type": "Hash","Parent Relationship": "Inner","Parallel Aware": true,"Async Capable": false,"Startup Cost": 4930.33,"Total Cost": 4930.33,"Plan Rows": 83333,"Plan Width": 25,"Actual Startup Time": 36.495,"Actual Total Time": 36.499,"Actual Rows": 40000,"Actual Loops": 5,"Hash Buckets": 262144,"Original Hash Buckets": 262144,"Hash Batches": 1,"Original Hash Batches": 1,"Peak Memory Usage": 14176,"Workers": [],"Plans": [{"Node Type": "Seq Scan","Parent Relationship": "Outer","Parallel Aware": true,"Async Capable": false,"Relation Name": "part","Alias": "part","Startup Cost": 0.00,"Total Cost": 4930.33,"Plan Rows": 83333,"Plan Width": 25,"Actual Startup Time": 0.035,"Actual Total Time": 16.126,"Actual Rows": 40000,"Actual Loops": 5,"Workers": []}]}]}]}]}]},"Planning Time": 3.845,"Triggers": [],"Execution Time": 210.384}]
[{"Plan": {"Node Type": "Aggregate","Strategy": "Plain","Partial Mode": "Finalize","Parallel Aware": false,"Async Capable": false,"Startup Cost": 113833.15,"Total Cost": 113833.17,"Plan Rows": 1,"Plan Width": 32,"Actual Startup Time": 217.072,"Actual Total Time": 234.403,"Actual Rows": 1,"Actual Loops": 1,"Plans": [{"Node Type": "Gather","Parent Relationship": "Outer","Parallel Aware": false,"Async Capable": false,"Startup Cost": 113832.70,"Total Cost": 113833.11,"Plan Rows": 4,"Plan Width": 64,"Actual Startup Time": 215.182,"Actual Total Time": 234.357,"Actual Rows": 5,"Actual Loops": 1,"Workers Planned": 4,"Workers Launched": 4,"Single Copy": false,"Plans": [{"Node Type": "Aggregate","Strategy": "Plain","Partial Mode": "Partial","Parent Relationship": "Outer","Parallel Aware": false,"Async Capable": false,"Startup Cost": 112832.70,"Total Cost": 112832.71,"Plan Rows": 1,"Plan Width": 64,"Actual Startup Time": 207.633,"Actual Total Time": 207.644,"Actual Rows": 1,"Actual Loops": 5,"Workers": [],"Plans": [{"Node Type": "Hash Join","Parent Relationship": "Outer","Parallel Aware": true,"Async Capable": false,"Join Type": "Inner","Startup Cost": 7829.04,"Total Cost": 112516.57,"Plan Rows": 18064,"Plan Width": 33,"Actual Startup Time": 75.166,"Actual Total Time": 201.465,"Actual Rows": 14988,"Actual Loops": 5,"Inner Unique": true,"Hash Cond": "(lineitem.l_partkey = part.p_partkey)","Workers": [],"Plans": [{"Node Type": "Bitmap Heap Scan","Parent Relationship": "Outer","Parallel Aware": true,"Async Capable": false,"Relation Name": "lineitem","Alias": "lineitem","Startup Cost": 1857.05,"Total Cost": 106497.16,"Plan Rows": 18064,"Plan Width": 16,"Actual Startup Time": 33.693,"Actual Total Time": 130.254,"Actual Rows": 14988,"Actual Loops": 5,"Recheck Cond": "((l_shipdate >= '1993-09-01'::date) AND (l_shipdate < '1993-10-01 00:00:00'::timestamp without time zone))","Rows Removed by Index Recheck": 0,"Exact Heap Blocks": 8910,"Lossy Heap Blocks": 0,"Workers": [],"Plans": [{"Node Type": "Bitmap Index Scan","Parent Relationship": "Outer","Parallel Aware": false,"Async Capable": false,"Index Name": "idx_lineitem_shipdate","Startup Cost": 0.00,"Total Cost": 1838.98,"Plan Rows": 72255,"Plan Width": 0,"Actual Startup Time": 27.000,"Actual Total Time": 27.001,"Actual Rows": 74938,"Actual Loops": 1,"Index Cond": "((l_shipdate >= '1993-09-01'::date) AND (l_shipdate < '1993-10-01 00:00:00'::timestamp without time zone))","Workers": []}]},{"Node Type": "Hash","Parent Relationship": "Inner","Parallel Aware": true,"Async Capable": false,"Startup Cost": 4930.33,"Total Cost": 4930.33,"Plan Rows": 83333,"Plan Width": 25,"Actual Startup Time": 40.733,"Actual Total Time": 40.736,"Actual Rows": 40000,"Actual Loops": 5,"Hash Buckets": 262144,"Original Hash Buckets": 262144,"Hash Batches": 1,"Original Hash Batches": 1,"Peak Memory Usage": 14208,"Workers": [],"Plans": [{"Node Type": "Seq Scan","Parent Relationship": "Outer","Parallel Aware": true,"Async Capable": false,"Relation Name": "part","Alias": "part","Startup Cost": 0.00,"Total Cost": 4930.33,"Plan Rows": 83333,"Plan Width": 25,"Actual Startup Time": 0.041,"Actual Total Time": 18.555,"Actual Rows": 40000,"Actual Loops": 5,"Workers": []}]}]}]}]}]},"Planning Time": 4.126,"Triggers": [],"Execution Time": 234.679}]
[{"Plan": {"Node Type": "Aggregate","Strategy": "Plain","Partial Mode": "Finalize","Parallel Aware": false,"Async Capable": false,"Startup Cost": 115924.34,"Total Cost": 115924.35,"Plan Rows": 1,"Plan Width": 32,"Actual Startup Time": 196.667,"Actual Total Time": 211.996,"Actual Rows": 1,"Actual Loops": 1,"Plans": [{"Node Type": "Gather","Parent Relationship": "Outer","Parallel Aware": false,"Async Capable": false,"Startup Cost": 115923.88,"Total Cost": 115924.29,"Plan Rows": 4,"Plan Width": 64,"Actual Startup Time": 195.153,"Actual Total Time": 211.955,"Actual Rows": 5,"Actual Loops": 1,"Workers Planned": 4,"Workers Launched": 4,"Single Copy": false,"Plans": [{"Node Type": "Aggregate","Strategy": "Plain","Partial Mode": "Partial","Parent Relationship": "Outer","Parallel Aware": false,"Async Capable": false,"Startup Cost": 114923.88,"Total Cost": 114923.89,"Plan Rows": 1,"Plan Width": 64,"Actual Startup Time": 187.608,"Actual Total Time": 187.617,"Actual Rows": 1,"Actual Loops": 5,"Workers": [],"Plans": [{"Node Type": "Hash Join","Parent Relationship": "Outer","Parallel Aware": true,"Async Capable": false,"Join Type": "Inner","Startup Cost": 7935.68,"Total Cost": 114589.56,"Plan Rows": 19104,"Plan Width": 33,"Actual Startup Time": 65.479,"Actual Total Time": 181.616,"Actual Rows": 15453,"Actual Loops": 5,"Inner Unique": true,"Hash Cond": "(lineitem.l_partkey = part.p_partkey)","Workers": [],"Plans": [{"Node Type": "Bitmap Heap Scan","Parent Relationship": "Outer","Parallel Aware": true,"Async Capable": false,"Relation Name": "lineitem","Alias": "lineitem","Startup Cost": 1963.69,"Total Cost": 108567.41,"Plan Rows": 19104,"Plan Width": 16,"Actual Startup Time": 23.321,"Actual Total Time": 108.651,"Actual Rows": 15453,"Actual Loops": 5,"Recheck Cond": "((l_shipdate >= '1997-12-01'::date) AND (l_shipdate < '1998-01-01 00:00:00'::timestamp without time zone))","Rows Removed by Index Recheck": 0,"Exact Heap Blocks": 8205,"Lossy Heap Blocks": 0,"Workers": [],"Plans": [{"Node Type": "Bitmap Index Scan","Parent Relationship": "Outer","Parallel Aware": false,"Async Capable": false,"Index Name": "idx_lineitem_shipdate","Startup Cost": 0.00,"Total Cost": 1944.58,"Plan Rows": 76415,"Plan Width": 0,"Actual Startup Time": 16.871,"Actual Total Time": 16.872,"Actual Rows": 77267,"Actual Loops": 1,"Index Cond": "((l_shipdate >= '1997-12-01'::date) AND (l_shipdate < '1998-01-01 00:00:00'::timestamp without time zone))","Workers": []}]},{"Node Type": "Hash","Parent Relationship": "Inner","Parallel Aware": true,"Async Capable": false,"Startup Cost": 4930.33,"Total Cost": 4930.33,"Plan Rows": 83333,"Plan Width": 25,"Actual Startup Time": 41.357,"Actual Total Time": 41.359,"Actual Rows": 40000,"Actual Loops": 5,"Hash Buckets": 262144,"Original Hash Buckets": 262144,"Hash Batches": 1,"Original Hash Batches": 1,"Peak Memory Usage": 14208,"Workers": [],"Plans": [{"Node Type": "Seq Scan","Parent Relationship": "Outer","Parallel Aware": true,"Async Capable": false,"Relation Name": "part","Alias": "part","Startup Cost": 0.00,"Total Cost": 4930.33,"Plan Rows": 83333,"Plan Width": 25,"Actual Startup Time": 0.037,"Actual Total Time": 17.718,"Actual Rows": 40000,"Actual Loops": 5,"Workers": []}]}]}]}]}]},"Planning Time": 3.901,"Triggers": [],"Execution Time": 212.224}]
[{"Plan": {"Node Type": "Aggregate","Strategy": "Plain","Partial Mode": "Finalize","Parallel Aware": false,"Async Capable": false,"Startup Cost": 113218.94,"Total Cost": 113218.95,"Plan Rows": 1,"Plan Width": 32,"Actual Startup Time": 194.649,"Actual Total Time": 213.032,"Actual Rows": 1,"Actual Loops": 1,"Plans": [{"Node Type": "Gather","Parent Relationship": "Outer","Parallel Aware": false,"Async Capable": false,"Startup Cost": 113218.48,"Total Cost": 113218.89,"Plan Rows": 4,"Plan Width": 64,"Actual Startup Time": 192.819,"Actual Total Time": 212.981,"Actual Rows": 5,"Actual Loops": 1,"Workers Planned": 4,"Workers Launched": 4,"Single Copy": false,"Plans": [{"Node Type": "Aggregate","Strategy": "Plain","Partial Mode": "Partial","Parent Relationship": "Outer","Parallel Aware": false,"Async Capable": false,"Startup Cost": 112218.48,"Total Cost": 112218.49,"Plan Rows": 1,"Plan Width": 64,"Actual Startup Time": 185.533,"Actual Total Time": 185.546,"Actual Rows": 1,"Actual Loops": 5,"Workers": [],"Plans": [{"Node Type": "Hash Join","Parent Relationship": "Outer","Parallel Aware": true,"Async Capable": false,"Join Type": "Inner","Startup Cost": 7801.26,"Total Cost": 111907.40,"Plan Rows": 17776,"Plan Width": 33,"Actual Startup Time": 62.701,"Actual Total Time": 179.658,"Actual Rows": 15037,"Actual Loops": 5,"Inner Unique": true,"Hash Cond": "(lineitem.l_partkey = part.p_partkey)","Workers": [],"Plans": [{"Node Type": "Bitmap Heap Scan","Parent Relationship": "Outer","Parallel Aware": true,"Async Capable": false,"Relation Name": "lineitem","Alias": "lineitem","Startup Cost": 1829.27,"Total Cost": 105888.74,"Plan Rows": 17776,"Plan Width": 16,"Actual Startup Time": 22.642,"Actual Total Time": 109.385,"Actual Rows": 15037,"Actual Loops": 5,"Recheck Cond": "((l_shipdate >= '1994-04-01'::date) AND (l_shipdate < '1994-05-01 00:00:00'::timestamp without time zone))","Rows Removed by Index Recheck": 0,"Exact Heap Blocks": 8227,"Lossy Heap Blocks": 0,"Workers": [],"Plans": [{"Node Type": "Bitmap Index Scan","Parent Relationship": "Outer","Parallel Aware": false,"Async Capable": false,"Index Name": "idx_lineitem_shipdate","Startup Cost": 0.00,"Total Cost": 1811.49,"Plan Rows": 71106,"Plan Width": 0,"Actual Startup Time": 16.363,"Actual Total Time": 16.364,"Actual Rows": 75186,"Actual Loops": 1,"Index Cond": "((l_shipdate >= '1994-04-01'::date) AND (l_shipdate < '1994-05-01 00:00:00'::timestamp without time zone))","Workers": []}]},{"Node Type": "Hash","Parent Relationship": "Inner","Parallel Aware": true,"Async Capable": false,"Startup Cost": 4930.33,"Total Cost": 4930.33,"Plan Rows": 83333,"Plan Width": 25,"Actual Startup Time": 39.333,"Actual Total Time": 39.338,"Actual Rows": 40000,"Actual Loops": 5,"Hash Buckets": 262144,"Original Hash Buckets": 262144,"Hash Batches": 1,"Original Hash Batches": 1,"Peak Memory Usage": 14208,"Workers": [],"Plans": [{"Node Type": "Seq Scan","Parent Relationship": "Outer","Parallel Aware": true,"Async Capable": false,"Relation Name": "part","Alias": "part","Startup Cost": 0.00,"Total Cost": 4930.33,"Plan Rows": 83333,"Plan Width": 25,"Actual Startup Time": 0.038,"Actual Total Time": 17.251,"Actual Rows": 40000,"Actual Loops": 5,"Workers": []}]}]}]}]}]},"Planning Time": 3.987,"Triggers": [],"Execution Time": 213.305}]
[{"Plan": {"Node Type": "Aggregate","Strategy": "Plain","Partial Mode": "Finalize","Parallel Aware": false,"Async Capable": false,"Startup Cost": 119289.39,"Total Cost": 119289.41,"Plan Rows": 1,"Plan Width": 32,"Actual Startup Time": 204.802,"Actual Total Time": 222.888,"Actual Rows": 1,"Actual Loops": 1,"Plans": [{"Node Type": "Gather","Parent Relationship": "Outer","Parallel Aware": false,"Async Capable": false,"Startup Cost": 119288.94,"Total Cost": 119289.35,"Plan Rows": 4,"Plan Width": 64,"Actual Startup Time": 203.555,"Actual Total Time": 222.838,"Actual Rows": 5,"Actual Loops": 1,"Workers Planned": 4,"Workers Launched": 4,"Single Copy": false,"Plans": [{"Node Type": "Aggregate","Strategy": "Plain","Partial Mode": "Partial","Parent Relationship": "Outer","Parallel Aware": false,"Async Capable": false,"Startup Cost": 118288.94,"Total Cost": 118288.95,"Plan Rows": 1,"Plan Width": 64,"Actual Startup Time": 195.786,"Actual Total Time": 195.801,"Actual Rows": 1,"Actual Loops": 5,"Workers": [],"Plans": [{"Node Type": "Hash Join","Parent Relationship": "Outer","Parallel Aware": true,"Async Capable": false,"Join Type": "Inner","Startup Cost": 8134.94,"Total Cost": 117920.78,"Plan Rows": 21037,"Plan Width": 33,"Actual Startup Time": 63.668,"Actual Total Time": 189.753,"Actual Rows": 15270,"Actual Loops": 5,"Inner Unique": true,"Hash Cond": "(lineitem.l_partkey = part.p_partkey)","Workers": [],"Plans": [{"Node Type": "Bitmap Heap Scan","Parent Relationship": "Outer","Parallel Aware": true,"Async Capable": false,"Relation Name": "lineitem","Alias": "lineitem","Startup Cost": 2162.94,"Total Cost": 111893.57,"Plan Rows": 21037,"Plan Width": 16,"Actual Startup Time": 29.116,"Actual Total Time": 125.615,"Actual Rows": 15270,"Actual Loops": 5,"Recheck Cond": "((l_shipdate >= '1993-05-01'::date) AND (l_shipdate < '1993-06-01 00:00:00'::timestamp without time zone))","Rows Removed by Index Recheck": 0,"Exact Heap Blocks": 7951,"Lossy Heap Blocks": 0,"Workers": [],"Plans": [{"Node Type": "Bitmap Index Scan","Parent Relationship": "Outer","Parallel Aware": false,"Async Capable": false,"Index Name": "idx_lineitem_shipdate","Startup Cost": 0.00,"Total Cost": 2141.90,"Plan Rows": 84147,"Plan Width": 0,"Actual Startup Time": 22.635,"Actual Total Time": 22.640,"Actual Rows": 76352,"Actual Loops": 1,"Index Cond": "((l_shipdate >= '1993-05-01'::date) AND (l_shipdate < '1993-06-01 00:00:00'::timestamp without time zone))","Workers": []}]},{"Node Type": "Hash","Parent Relationship": "Inner","Parallel Aware": true,"Async Capable": false,"Startup Cost": 4930.33,"Total Cost": 4930.33,"Plan Rows": 83333,"Plan Width": 25,"Actual Startup Time": 33.871,"Actual Total Time": 33.875,"Actual Rows": 40000,"Actual Loops": 5,"Hash Buckets": 262144,"Original Hash Buckets": 262144,"Hash Batches": 1,"Original Hash Batches": 1,"Peak Memory Usage": 14176,"Workers": [],"Plans": [{"Node Type": "Seq Scan","Parent Relationship": "Outer","Parallel Aware": true,"Async Capable": false,"Relation Name": "part","Alias": "part","Startup Cost": 0.00,"Total Cost": 4930.33,"Plan Rows": 83333,"Plan Width": 25,"Actual Startup Time": 0.034,"Actual Total Time": 14.821,"Actual Rows": 40000,"Actual Loops": 5,"Workers": []}]}]}]}]}]},"Planning Time": 5.245,"Triggers": [],"Execution Time": 223.291}]
[{"Plan": {"Node Type": "Aggregate","Strategy": "Plain","Partial Mode": "Finalize","Parallel Aware": false,"Async Capable": false,"Startup Cost": 115729.57,"Total Cost": 115729.59,"Plan Rows": 1,"Plan Width": 32,"Actual Startup Time": 204.888,"Actual Total Time": 221.461,"Actual Rows": 1,"Actual Loops": 1,"Plans": [{"Node Type": "Gather","Parent Relationship": "Outer","Parallel Aware": false,"Async Capable": false,"Startup Cost": 115729.12,"Total Cost": 115729.53,"Plan Rows": 4,"Plan Width": 64,"Actual Startup Time": 203.543,"Actual Total Time": 221.416,"Actual Rows": 5,"Actual Loops": 1,"Workers Planned": 4,"Workers Launched": 4,"Single Copy": false,"Plans": [{"Node Type": "Aggregate","Strategy": "Plain","Partial Mode": "Partial","Parent Relationship": "Outer","Parallel Aware": false,"Async Capable": false,"Startup Cost": 114729.12,"Total Cost": 114729.13,"Plan Rows": 1,"Plan Width": 64,"Actual Startup Time": 195.848,"Actual Total Time": 195.864,"Actual Rows": 1,"Actual Loops": 5,"Workers": [],"Plans": [{"Node Type": "Hash Join","Parent Relationship": "Outer","Parallel Aware": true,"Async Capable": false,"Join Type": "Inner","Startup Cost": 7927.48,"Total Cost": 114396.59,"Plan Rows": 19001,"Plan Width": 33,"Actual Startup Time": 68.169,"Actual Total Time": 189.649,"Actual Rows": 15436,"Actual Loops": 5,"Inner Unique": true,"Hash Cond": "(lineitem.l_partkey = part.p_partkey)","Workers": [],"Plans": [{"Node Type": "Bitmap Heap Scan","Parent Relationship": "Outer","Parallel Aware": true,"Async Capable": false,"Relation Name": "lineitem","Alias": "lineitem","Startup Cost": 1955.48,"Total Cost": 108374.72,"Plan Rows": 19001,"Plan Width": 16,"Actual Startup Time": 32.679,"Actual Total Time": 124.661,"Actual Rows": 15436,"Actual Loops": 5,"Recheck Cond": "((l_shipdate >= '1996-03-01'::date) AND (l_shipdate < '1996-04-01 00:00:00'::timestamp without time zone))","Rows Removed by Index Recheck": 0,"Exact Heap Blocks": 7444,"Lossy Heap Blocks": 0,"Workers": [],"Plans": [{"Node Type": "Bitmap Index Scan","Parent Relationship": "Outer","Parallel Aware": false,"Async Capable": false,"Index Name": "idx_lineitem_shipdate","Startup Cost": 0.00,"Total Cost": 1936.48,"Plan Rows": 76005,"Plan Width": 0,"Actual Startup Time": 26.050,"Actual Total Time": 26.055,"Actual Rows": 77182,"Actual Loops": 1,"Index Cond": "((l_shipdate >= '1996-03-01'::date) AND (l_shipdate < '1996-04-01 00:00:00'::timestamp without time zone))","Workers": []}]},{"Node Type": "Hash","Parent Relationship": "Inner","Parallel Aware": true,"Async Capable": false,"Startup Cost": 4930.33,"Total Cost": 4930.33,"Plan Rows": 83333,"Plan Width": 25,"Actual Startup Time": 34.792,"Actual Total Time": 34.798,"Actual Rows": 40000,"Actual Loops": 5,"Hash Buckets": 262144,"Original Hash Buckets": 262144,"Hash Batches": 1,"Original Hash Batches": 1,"Peak Memory Usage": 14240,"Workers": [],"Plans": [{"Node Type": "Seq Scan","Parent Relationship": "Outer","Parallel Aware": true,"Async Capable": false,"Relation Name": "part","Alias": "part","Startup Cost": 0.00,"Total Cost": 4930.33,"Plan Rows": 83333,"Plan Width": 25,"Actual Startup Time": 0.032,"Actual Total Time": 15.195,"Actual Rows": 40000,"Actual Loops": 5,"Workers": []}]}]}]}]}]},"Planning Time": 5.059,"Triggers": [],"Execution Time": 221.816}]
[{"Plan": {"Node Type": "Aggregate","Strategy": "Plain","Partial Mode": "Finalize","Parallel Aware": false,"Async Capable": false,"Startup Cost": 116279.97,"Total Cost": 116279.99,"Plan Rows": 1,"Plan Width": 32,"Actual Startup Time": 208.330,"Actual Total Time": 226.126,"Actual Rows": 1,"Actual Loops": 1,"Plans": [{"Node Type": "Gather","Parent Relationship": "Outer","Parallel Aware": false,"Async Capable": false,"Startup Cost": 116279.52,"Total Cost": 116279.93,"Plan Rows": 4,"Plan Width": 64,"Actual Startup Time": 206.980,"Actual Total Time": 226.083,"Actual Rows": 5,"Actual Loops": 1,"Workers Planned": 4,"Workers Launched": 4,"Single Copy": false,"Plans": [{"Node Type": "Aggregate","Strategy": "Plain","Partial Mode": "Partial","Parent Relationship": "Outer","Parallel Aware": false,"Async Capable": false,"Startup Cost": 115279.52,"Total Cost": 115279.53,"Plan Rows": 1,"Plan Width": 64,"Actual Startup Time": 199.451,"Actual Total Time": 199.462,"Actual Rows": 1,"Actual Loops": 5,"Workers": [],"Plans": [{"Node Type": "Hash Join","Parent Relationship": "Outer","Parallel Aware": true,"Async Capable": false,"Join Type": "Inner","Startup Cost": 7955.37,"Total Cost": 114941.92,"Plan Rows": 19291,"Plan Width": 33,"Actual Startup Time": 65.506,"Actual Total Time": 193.383,"Actual Rows": 14979,"Actual Loops": 5,"Inner Unique": true,"Hash Cond": "(lineitem.l_partkey = part.p_partkey)","Workers": [],"Plans": [{"Node Type": "Bitmap Heap Scan","Parent Relationship": "Outer","Parallel Aware": true,"Async Capable": false,"Relation Name": "lineitem","Alias": "lineitem","Startup Cost": 1983.37,"Total Cost": 108919.29,"Plan Rows": 19291,"Plan Width": 16,"Actual Startup Time": 28.807,"Actual Total Time": 126.686,"Actual Rows": 14979,"Actual Loops": 5,"Recheck Cond": "((l_shipdate >= '1994-11-01'::date) AND (l_shipdate < '1994-12-01 00:00:00'::timestamp without time zone))","Rows Removed by Index Recheck": 0,"Exact Heap Blocks": 8098,"Lossy Heap Blocks": 0,"Workers": [],"Plans": [{"Node Type": "Bitmap Index Scan","Parent Relationship": "Outer","Parallel Aware": false,"Async Capable": false,"Index Name": "idx_lineitem_shipdate","Startup Cost": 0.00,"Total Cost": 1964.08,"Plan Rows": 77165,"Plan Width": 0,"Actual Startup Time": 22.263,"Actual Total Time": 22.266,"Actual Rows": 74894,"Actual Loops": 1,"Index Cond": "((l_shipdate >= '1994-11-01'::date) AND (l_shipdate < '1994-12-01 00:00:00'::timestamp without time zone))","Workers": []}]},{"Node Type": "Hash","Parent Relationship": "Inner","Parallel Aware": true,"Async Capable": false,"Startup Cost": 4930.33,"Total Cost": 4930.33,"Plan Rows": 83333,"Plan Width": 25,"Actual Startup Time": 36.037,"Actual Total Time": 36.042,"Actual Rows": 40000,"Actual Loops": 5,"Hash Buckets": 262144,"Original Hash Buckets": 262144,"Hash Batches": 1,"Original Hash Batches": 1,"Peak Memory Usage": 14208,"Workers": [],"Plans": [{"Node Type": "Seq Scan","Parent Relationship": "Outer","Parallel Aware": true,"Async Capable": false,"Relation Name": "part","Alias": "part","Startup Cost": 0.00,"Total Cost": 4930.33,"Plan Rows": 83333,"Plan Width": 25,"Actual Startup Time": 0.033,"Actual Total Time": 15.614,"Actual Rows": 40000,"Actual Loops": 5,"Workers": []}]}]}]}]}]},"Planning Time": 4.356,"Triggers": [],"Execution Time": 226.431}]
[{"Plan": {"Node Type": "Aggregate","Strategy": "Plain","Partial Mode": "Finalize","Parallel Aware": false,"Async Capable": false,"Startup Cost": 116921.16,"Total Cost": 116921.17,"Plan Rows": 1,"Plan Width": 32,"Actual Startup Time": 188.717,"Actual Total Time": 203.796,"Actual Rows": 1,"Actual Loops": 1,"Plans": [{"Node Type": "Gather","Parent Relationship": "Outer","Parallel Aware": false,"Async Capable": false,"Startup Cost": 116920.70,"Total Cost": 116921.11,"Plan Rows": 4,"Plan Width": 64,"Actual Startup Time": 187.795,"Actual Total Time": 203.760,"Actual Rows": 5,"Actual Loops": 1,"Workers Planned": 4,"Workers Launched": 4,"Single Copy": false,"Plans": [{"Node Type": "Aggregate","Strategy": "Plain","Partial Mode": "Partial","Parent Relationship": "Outer","Parallel Aware": false,"Async Capable": false,"Startup Cost": 115920.70,"Total Cost": 115920.71,"Plan Rows": 1,"Plan Width": 64,"Actual Startup Time": 178.906,"Actual Total Time": 178.917,"Actual Rows": 1,"Actual Loops": 5,"Workers": [],"Plans": [{"Node Type": "Hash Join","Parent Relationship": "Outer","Parallel Aware": true,"Async Capable": false,"Join Type": "Inner","Startup Cost": 7989.65,"Total Cost": 115577.00,"Plan Rows": 19640,"Plan Width": 33,"Actual Startup Time": 58.926,"Actual Total Time": 172.760,"Actual Rows": 15600,"Actual Loops": 5,"Inner Unique": true,"Hash Cond": "(lineitem.l_partkey = part.p_partkey)","Workers": [],"Plans": [{"Node Type": "Bitmap Heap Scan","Parent Relationship": "Outer","Parallel Aware": true,"Async Capable": false,"Relation Name": "lineitem","Alias": "lineitem","Startup Cost": 2017.65,"Total Cost": 109553.45,"Plan Rows": 19640,"Plan Width": 16,"Actual Startup Time": 22.345,"Actual Total Time": 105.470,"Actual Rows": 15600,"Actual Loops": 5,"Recheck Cond": "((l_shipdate >= '1996-10-01'::date) AND (l_shipdate < '1996-11-01 00:00:00'::timestamp without time zone))","Rows Removed by Index Recheck": 0,"Exact Heap Blocks": 6706,"Lossy Heap Blocks": 0,"Workers": [],"Plans": [{"Node Type": "Bitmap Index Scan","Parent Relationship": "Outer","Parallel Aware": false,"Async Capable": false,"Index Name": "idx_lineitem_shipdate","Startup Cost": 0.00,"Total Cost": 1998.01,"Plan Rows": 78558,"Plan Width": 0,"Actual Startup Time": 16.072,"Actual Total Time": 16.073,"Actual Rows": 78000,"Actual Loops": 1,"Index Cond": "((l_shipdate >= '1996-10-01'::date) AND (l_shipdate < '1996-11-01 00:00:00'::timestamp without time zone))","Workers": []}]},{"Node Type": "Hash","Parent Relationship": "Inner","Parallel Aware": true,"Async Capable": false,"Startup Cost": 4930.33,"Total Cost": 4930.33,"Plan Rows": 83333,"Plan Width": 25,"Actual Startup Time": 35.841,"Actual Total Time": 35.845,"Actual Rows": 40000,"Actual Loops": 5,"Hash Buckets": 262144,"Original Hash Buckets": 262144,"Hash Batches": 1,"Original Hash Batches": 1,"Peak Memory Usage": 14208,"Workers": [],"Plans": [{"Node Type": "Seq Scan","Parent Relationship": "Outer","Parallel Aware": true,"Async Capable": false,"Relation Name": "part","Alias": "part","Startup Cost": 0.00,"Total Cost": 4930.33,"Plan Rows": 83333,"Plan Width": 25,"Actual Startup Time": 0.045,"Actual Total Time": 16.936,"Actual Rows": 40000,"Actual Loops": 5,"Workers": []}]}]}]}]}]},"Planning Time": 5.387,"Triggers": [],"Execution Time": 204.098}]
[{"Plan": {"Node Type": "Aggregate","Strategy": "Plain","Partial Mode": "Finalize","Parallel Aware": false,"Async Capable": false,"Startup Cost": 115338.69,"Total Cost": 115338.71,"Plan Rows": 1,"Plan Width": 32,"Actual Startup Time": 199.829,"Actual Total Time": 219.842,"Actual Rows": 1,"Actual Loops": 1,"Plans": [{"Node Type": "Gather","Parent Relationship": "Outer","Parallel Aware": false,"Async Capable": false,"Startup Cost": 115338.24,"Total Cost": 115338.65,"Plan Rows": 4,"Plan Width": 64,"Actual Startup Time": 198.858,"Actual Total Time": 219.794,"Actual Rows": 5,"Actual Loops": 1,"Workers Planned": 4,"Workers Launched": 4,"Single Copy": false,"Plans": [{"Node Type": "Aggregate","Strategy": "Plain","Partial Mode": "Partial","Parent Relationship": "Outer","Parallel Aware": false,"Async Capable": false,"Startup Cost": 114338.24,"Total Cost": 114338.25,"Plan Rows": 1,"Plan Width": 64,"Actual Startup Time": 190.294,"Actual Total Time": 190.307,"Actual Rows": 1,"Actual Loops": 5,"Workers": [],"Plans": [{"Node Type": "Hash Join","Parent Relationship": "Outer","Parallel Aware": true,"Async Capable": false,"Join Type": "Inner","Startup Cost": 7903.33,"Total Cost": 114009.20,"Plan Rows": 18802,"Plan Width": 33,"Actual Startup Time": 61.506,"Actual Total Time": 183.262,"Actual Rows": 15403,"Actual Loops": 5,"Inner Unique": true,"Hash Cond": "(lineitem.l_partkey = part.p_partkey)","Workers": [],"Plans": [{"Node Type": "Bitmap Heap Scan","Parent Relationship": "Outer","Parallel Aware": true,"Async Capable": false,"Relation Name": "lineitem","Alias": "lineitem","Startup Cost": 1931.34,"Total Cost": 107987.84,"Plan Rows": 18803,"Plan Width": 16,"Actual Startup Time": 22.372,"Actual Total Time": 111.171,"Actual Rows": 15403,"Actual Loops": 5,"Recheck Cond": "((l_shipdate >= '1997-10-01'::date) AND (l_shipdate < '1997-11-01 00:00:00'::timestamp without time zone))","Rows Removed by Index Recheck": 0,"Exact Heap Blocks": 6871,"Lossy Heap Blocks": 0,"Workers": [],"Plans": [{"Node Type": "Bitmap Index Scan","Parent Relationship": "Outer","Parallel Aware": false,"Async Capable": false,"Index Name": "idx_lineitem_shipdate","Startup Cost": 0.00,"Total Cost": 1912.53,"Plan Rows": 75210,"Plan Width": 0,"Actual Startup Time": 16.032,"Actual Total Time": 16.036,"Actual Rows": 77013,"Actual Loops": 1,"Index Cond": "((l_shipdate >= '1997-10-01'::date) AND (l_shipdate < '1997-11-01 00:00:00'::timestamp without time zone))","Workers": []}]},{"Node Type": "Hash","Parent Relationship": "Inner","Parallel Aware": true,"Async Capable": false,"Startup Cost": 4930.33,"Total Cost": 4930.33,"Plan Rows": 83333,"Plan Width": 25,"Actual Startup Time": 38.387,"Actual Total Time": 38.393,"Actual Rows": 40000,"Actual Loops": 5,"Hash Buckets": 262144,"Original Hash Buckets": 262144,"Hash Batches": 1,"Original Hash Batches": 1,"Peak Memory Usage": 14208,"Workers": [],"Plans": [{"Node Type": "Seq Scan","Parent Relationship": "Outer","Parallel Aware": true,"Async Capable": false,"Relation Name": "part","Alias": "part","Startup Cost": 0.00,"Total Cost": 4930.33,"Plan Rows": 83333,"Plan Width": 25,"Actual Startup Time": 0.031,"Actual Total Time": 17.971,"Actual Rows": 40000,"Actual Loops": 5,"Workers": []}]}]}]}]}]},"Planning Time": 3.861,"Triggers": [],"Execution Time": 220.121}]
[{"Plan": {"Node Type": "Aggregate","Strategy": "Plain","Partial Mode": "Finalize","Parallel Aware": false,"Async Capable": false,"Startup Cost": 118140.12,"Total Cost": 118140.13,"Plan Rows": 1,"Plan Width": 32,"Actual Startup Time": 185.903,"Actual Total Time": 202.979,"Actual Rows": 1,"Actual Loops": 1,"Plans": [{"Node Type": "Gather","Parent Relationship": "Outer","Parallel Aware": false,"Async Capable": false,"Startup Cost": 118139.66,"Total Cost": 118140.07,"Plan Rows": 4,"Plan Width": 64,"Actual Startup Time": 184.390,"Actual Total Time": 202.925,"Actual Rows": 5,"Actual Loops": 1,"Workers Planned": 4,"Workers Launched": 4,"Single Copy": false,"Plans": [{"Node Type": "Aggregate","Strategy": "Plain","Partial Mode": "Partial","Parent Relationship": "Outer","Parallel Aware": false,"Async Capable": false,"Startup Cost": 117139.66,"Total Cost": 117139.67,"Plan Rows": 1,"Plan Width": 64,"Actual Startup Time": 176.869,"Actual Total Time": 176.882,"Actual Rows": 1,"Actual Loops": 5,"Workers": [],"Plans": [{"Node Type": "Hash Join","Parent Relationship": "Outer","Parallel Aware": true,"Async Capable": false,"Join Type": "Inner","Startup Cost": 8062.13,"Total Cost": 116783.81,"Plan Rows": 20334,"Plan Width": 33,"Actual Startup Time": 60.553,"Actual Total Time": 171.029,"Actual Rows": 15084,"Actual Loops": 5,"Inner Unique": true,"Hash Cond": "(lineitem.l_partkey = part.p_partkey)","Workers": [],"Plans": [{"Node Type": "Bitmap Heap Scan","Parent Relationship": "Outer","Parallel Aware": true,"Async Capable": false,"Relation Name": "lineitem","Alias": "lineitem","Startup Cost": 2090.14,"Total Cost": 110758.44,"Plan Rows": 20334,"Plan Width": 16,"Actual Startup Time": 24.977,"Actual Total Time": 107.592,"Actual Rows": 15084,"Actual Loops": 5,"Recheck Cond": "((l_shipdate >= '1996-11-01'::date) AND (l_shipdate < '1996-12-01 00:00:00'::timestamp without time zone))","Rows Removed by Index Recheck": 0,"Exact Heap Blocks": 7792,"Lossy Heap Blocks": 0,"Workers": [],"Plans": [{"Node Type": "Bitmap Index Scan","Parent Relationship": "Outer","Parallel Aware": false,"Async Capable": false,"Index Name": "idx_lineitem_shipdate","Startup Cost": 0.00,"Total Cost": 2069.80,"Plan Rows": 81337,"Plan Width": 0,"Actual Startup Time": 18.606,"Actual Total Time": 18.607,"Actual Rows": 75419,"Actual Loops": 1,"Index Cond": "((l_shipdate >= '1996-11-01'::date) AND (l_shipdate < '1996-12-01 00:00:00'::timestamp without time zone))","Workers": []}]},{"Node Type": "Hash","Parent Relationship": "Inner","Parallel Aware": true,"Async Capable": false,"Startup Cost": 4930.33,"Total Cost": 4930.33,"Plan Rows": 83333,"Plan Width": 25,"Actual Startup Time": 34.770,"Actual Total Time": 34.774,"Actual Rows": 40000,"Actual Loops": 5,"Hash Buckets": 262144,"Original Hash Buckets": 262144,"Hash Batches": 1,"Original Hash Batches": 1,"Peak Memory Usage": 14240,"Workers": [],"Plans": [{"Node Type": "Seq Scan","Parent Relationship": "Outer","Parallel Aware": true,"Async Capable": false,"Relation Name": "part","Alias": "part","Startup Cost": 0.00,"Total Cost": 4930.33,"Plan Rows": 83333,"Plan Width": 25,"Actual Startup Time": 0.035,"Actual Total Time": 15.079,"Actual Rows": 40000,"Actual Loops": 5,"Workers": []}]}]}]}]}]},"Planning Time": 3.987,"Triggers": [],"Execution Time": 203.309}]
[{"Plan": {"Node Type": "Aggregate","Strategy": "Plain","Partial Mode": "Finalize","Parallel Aware": false,"Async Capable": false,"Startup Cost": 116302.88,"Total Cost": 116302.89,"Plan Rows": 1,"Plan Width": 32,"Actual Startup Time": 191.977,"Actual Total Time": 208.674,"Actual Rows": 1,"Actual Loops": 1,"Plans": [{"Node Type": "Gather","Parent Relationship": "Outer","Parallel Aware": false,"Async Capable": false,"Startup Cost": 116302.42,"Total Cost": 116302.83,"Plan Rows": 4,"Plan Width": 64,"Actual Startup Time": 190.628,"Actual Total Time": 208.617,"Actual Rows": 5,"Actual Loops": 1,"Workers Planned": 4,"Workers Launched": 4,"Single Copy": false,"Plans": [{"Node Type": "Aggregate","Strategy": "Plain","Partial Mode": "Partial","Parent Relationship": "Outer","Parallel Aware": false,"Async Capable": false,"Startup Cost": 115302.42,"Total Cost": 115302.43,"Plan Rows": 1,"Plan Width": 64,"Actual Startup Time": 183.305,"Actual Total Time": 183.316,"Actual Rows": 1,"Actual Loops": 5,"Workers": [],"Plans": [{"Node Type": "Hash Join","Parent Relationship": "Outer","Parallel Aware": true,"Async Capable": false,"Join Type": "Inner","Startup Cost": 7955.88,"Total Cost": 114964.60,"Plan Rows": 19304,"Plan Width": 33,"Actual Startup Time": 58.483,"Actual Total Time": 177.208,"Actual Rows": 15507,"Actual Loops": 5,"Inner Unique": true,"Hash Cond": "(lineitem.l_partkey = part.p_partkey)","Workers": [],"Plans": [{"Node Type": "Bitmap Heap Scan","Parent Relationship": "Outer","Parallel Aware": true,"Async Capable": false,"Relation Name": "lineitem","Alias": "lineitem","Startup Cost": 1983.89,"Total Cost": 108941.93,"Plan Rows": 19304,"Plan Width": 16,"Actual Startup Time": 22.385,"Actual Total Time": 111.734,"Actual Rows": 15507,"Actual Loops": 5,"Recheck Cond": "((l_shipdate >= '1997-03-01'::date) AND (l_shipdate < '1997-04-01 00:00:00'::timestamp without time zone))","Rows Removed by Index Recheck": 0,"Exact Heap Blocks": 8419,"Lossy Heap Blocks": 0,"Workers": [],"Plans": [{"Node Type": "Bitmap Index Scan","Parent Relationship": "Outer","Parallel Aware": false,"Async Capable": false,"Index Name": "idx_lineitem_shipdate","Startup Cost": 0.00,"Total Cost": 1964.58,"Plan Rows": 77215,"Plan Width": 0,"Actual Startup Time": 16.076,"Actual Total Time": 16.077,"Actual Rows": 77537,"Actual Loops": 1,"Index Cond": "((l_shipdate >= '1997-03-01'::date) AND (l_shipdate < '1997-04-01 00:00:00'::timestamp without time zone))","Workers": []}]},{"Node Type": "Hash","Parent Relationship": "Inner","Parallel Aware": true,"Async Capable": false,"Startup Cost": 4930.33,"Total Cost": 4930.33,"Plan Rows": 83333,"Plan Width": 25,"Actual Startup Time": 35.330,"Actual Total Time": 35.334,"Actual Rows": 40000,"Actual Loops": 5,"Hash Buckets": 262144,"Original Hash Buckets": 262144,"Hash Batches": 1,"Original Hash Batches": 1,"Peak Memory Usage": 14208,"Workers": [],"Plans": [{"Node Type": "Seq Scan","Parent Relationship": "Outer","Parallel Aware": true,"Async Capable": false,"Relation Name": "part","Alias": "part","Startup Cost": 0.00,"Total Cost": 4930.33,"Plan Rows": 83333,"Plan Width": 25,"Actual Startup Time": 0.035,"Actual Total Time": 15.361,"Actual Rows": 40000,"Actual Loops": 5,"Workers": []}]}]}]}]}]},"Planning Time": 4.026,"Triggers": [],"Execution Time": 208.949}]
[{"Plan": {"Node Type": "Aggregate","Strategy": "Plain","Partial Mode": "Finalize","Parallel Aware": false,"Async Capable": false,"Startup Cost": 114725.33,"Total Cost": 114725.34,"Plan Rows": 1,"Plan Width": 32,"Actual Startup Time": 192.923,"Actual Total Time": 209.763,"Actual Rows": 1,"Actual Loops": 1,"Plans": [{"Node Type": "Gather","Parent Relationship": "Outer","Parallel Aware": false,"Async Capable": false,"Startup Cost": 114724.87,"Total Cost": 114725.28,"Plan Rows": 4,"Plan Width": 64,"Actual Startup Time": 191.499,"Actual Total Time": 209.727,"Actual Rows": 5,"Actual Loops": 1,"Workers Planned": 4,"Workers Launched": 4,"Single Copy": false,"Plans": [{"Node Type": "Aggregate","Strategy": "Plain","Partial Mode": "Partial","Parent Relationship": "Outer","Parallel Aware": false,"Async Capable": false,"Startup Cost": 113724.87,"Total Cost": 113724.88,"Plan Rows": 1,"Plan Width": 64,"Actual Startup Time": 183.203,"Actual Total Time": 183.211,"Actual Rows": 1,"Actual Loops": 5,"Workers": [],"Plans": [{"Node Type": "Hash Join","Parent Relationship": "Outer","Parallel Aware": true,"Async Capable": false,"Join Type": "Inner","Startup Cost": 7874.68,"Total Cost": 113401.22,"Plan Rows": 18494,"Plan Width": 33,"Actual Startup Time": 59.447,"Actual Total Time": 177.013,"Actual Rows": 15439,"Actual Loops": 5,"Inner Unique": true,"Hash Cond": "(lineitem.l_partkey = part.p_partkey)","Workers": [],"Plans": [{"Node Type": "Bitmap Heap Scan","Parent Relationship": "Outer","Parallel Aware": true,"Async Capable": false,"Relation Name": "lineitem","Alias": "lineitem","Startup Cost": 1902.69,"Total Cost": 107380.68,"Plan Rows": 18494,"Plan Width": 16,"Actual Startup Time": 22.483,"Actual Total Time": 108.769,"Actual Rows": 15439,"Actual Loops": 5,"Recheck Cond": "((l_shipdate >= '1993-03-01'::date) AND (l_shipdate < '1993-04-01 00:00:00'::timestamp without time zone))","Rows Removed by Index Recheck": 0,"Exact Heap Blocks": 7570,"Lossy Heap Blocks": 0,"Workers": [],"Plans": [{"Node Type": "Bitmap Index Scan","Parent Relationship": "Outer","Parallel Aware": false,"Async Capable": false,"Index Name": "idx_lineitem_shipdate","Startup Cost": 0.00,"Total Cost": 1884.19,"Plan Rows": 73976,"Plan Width": 0,"Actual Startup Time": 16.141,"Actual Total Time": 16.143,"Actual Rows": 77194,"Actual Loops": 1,"Index Cond": "((l_shipdate >= '1993-03-01'::date) AND (l_shipdate < '1993-04-01 00:00:00'::timestamp without time zone))","Workers": []}]},{"Node Type": "Hash","Parent Relationship": "Inner","Parallel Aware": true,"Async Capable": false,"Startup Cost": 4930.33,"Total Cost": 4930.33,"Plan Rows": 83333,"Plan Width": 25,"Actual Startup Time": 36.196,"Actual Total Time": 36.199,"Actual Rows": 40000,"Actual Loops": 5,"Hash Buckets": 262144,"Original Hash Buckets": 262144,"Hash Batches": 1,"Original Hash Batches": 1,"Peak Memory Usage": 14176,"Workers": [],"Plans": [{"Node Type": "Seq Scan","Parent Relationship": "Outer","Parallel Aware": true,"Async Capable": false,"Relation Name": "part","Alias": "part","Startup Cost": 0.00,"Total Cost": 4930.33,"Plan Rows": 83333,"Plan Width": 25,"Actual Startup Time": 0.033,"Actual Total Time": 16.359,"Actual Rows": 40000,"Actual Loops": 5,"Workers": []}]}]}]}]}]},"Planning Time": 5.414,"Triggers": [],"Execution Time": 210.129}]
[{"Plan": {"Node Type": "Aggregate","Strategy": "Plain","Partial Mode": "Finalize","Parallel Aware": false,"Async Capable": false,"Startup Cost": 115299.65,"Total Cost": 115299.66,"Plan Rows": 1,"Plan Width": 32,"Actual Startup Time": 212.428,"Actual Total Time": 230.455,"Actual Rows": 1,"Actual Loops": 1,"Plans": [{"Node Type": "Gather","Parent Relationship": "Outer","Parallel Aware": false,"Async Capable": false,"Startup Cost": 115299.19,"Total Cost": 115299.60,"Plan Rows": 4,"Plan Width": 64,"Actual Startup Time": 211.123,"Actual Total Time": 230.402,"Actual Rows": 5,"Actual Loops": 1,"Workers Planned": 4,"Workers Launched": 4,"Single Copy": false,"Plans": [{"Node Type": "Aggregate","Strategy": "Plain","Partial Mode": "Partial","Parent Relationship": "Outer","Parallel Aware": false,"Async Capable": false,"Startup Cost": 114299.19,"Total Cost": 114299.20,"Plan Rows": 1,"Plan Width": 64,"Actual Startup Time": 203.759,"Actual Total Time": 203.774,"Actual Rows": 1,"Actual Loops": 5,"Workers": [],"Plans": [{"Node Type": "Hash Join","Parent Relationship": "Outer","Parallel Aware": true,"Async Capable": false,"Join Type": "Inner","Startup Cost": 7902.50,"Total Cost": 113970.50,"Plan Rows": 18782,"Plan Width": 33,"Actual Startup Time": 75.167,"Actual Total Time": 197.633,"Actual Rows": 15058,"Actual Loops": 5,"Inner Unique": true,"Hash Cond": "(lineitem.l_partkey = part.p_partkey)","Workers": [],"Plans": [{"Node Type": "Bitmap Heap Scan","Parent Relationship": "Outer","Parallel Aware": true,"Async Capable": false,"Relation Name": "lineitem","Alias": "lineitem","Startup Cost": 1930.50,"Total Cost": 107949.20,"Plan Rows": 18782,"Plan Width": 16,"Actual Startup Time": 32.547,"Actual Total Time": 124.627,"Actual Rows": 15058,"Actual Loops": 5,"Recheck Cond": "((l_shipdate >= '1995-06-01'::date) AND (l_shipdate < '1995-07-01 00:00:00'::timestamp without time zone))","Rows Removed by Index Recheck": 0,"Exact Heap Blocks": 8490,"Lossy Heap Blocks": 0,"Workers": [],"Plans": [{"Node Type": "Bitmap Index Scan","Parent Relationship": "Outer","Parallel Aware": false,"Async Capable": false,"Index Name": "idx_lineitem_shipdate","Startup Cost": 0.00,"Total Cost": 1911.72,"Plan Rows": 75129,"Plan Width": 0,"Actual Startup Time": 25.914,"Actual Total Time": 25.917,"Actual Rows": 75292,"Actual Loops": 1,"Index Cond": "((l_shipdate >= '1995-06-01'::date) AND (l_shipdate < '1995-07-01 00:00:00'::timestamp without time zone))","Workers": []}]},{"Node Type": "Hash","Parent Relationship": "Inner","Parallel Aware": true,"Async Capable": false,"Startup Cost": 4930.33,"Total Cost": 4930.33,"Plan Rows": 83333,"Plan Width": 25,"Actual Startup Time": 41.902,"Actual Total Time": 41.907,"Actual Rows": 40000,"Actual Loops": 5,"Hash Buckets": 262144,"Original Hash Buckets": 262144,"Hash Batches": 1,"Original Hash Batches": 1,"Peak Memory Usage": 14208,"Workers": [],"Plans": [{"Node Type": "Seq Scan","Parent Relationship": "Outer","Parallel Aware": true,"Async Capable": false,"Relation Name": "part","Alias": "part","Startup Cost": 0.00,"Total Cost": 4930.33,"Plan Rows": 83333,"Plan Width": 25,"Actual Startup Time": 0.039,"Actual Total Time": 18.092,"Actual Rows": 40000,"Actual Loops": 5,"Workers": []}]}]}]}]}]},"Planning Time": 4.148,"Triggers": [],"Execution Time": 230.732}]
[{"Plan": {"Node Type": "Aggregate","Strategy": "Plain","Partial Mode": "Finalize","Parallel Aware": false,"Async Capable": false,"Startup Cost": 111167.85,"Total Cost": 111167.87,"Plan Rows": 1,"Plan Width": 32,"Actual Startup Time": 180.931,"Actual Total Time": 199.884,"Actual Rows": 1,"Actual Loops": 1,"Plans": [{"Node Type": "Gather","Parent Relationship": "Outer","Parallel Aware": false,"Async Capable": false,"Startup Cost": 111167.40,"Total Cost": 111167.81,"Plan Rows": 4,"Plan Width": 64,"Actual Startup Time": 179.550,"Actual Total Time": 199.841,"Actual Rows": 5,"Actual Loops": 1,"Workers Planned": 4,"Workers Launched": 4,"Single Copy": false,"Plans": [{"Node Type": "Aggregate","Strategy": "Plain","Partial Mode": "Partial","Parent Relationship": "Outer","Parallel Aware": false,"Async Capable": false,"Startup Cost": 110167.40,"Total Cost": 110167.41,"Plan Rows": 1,"Plan Width": 64,"Actual Startup Time": 171.475,"Actual Total Time": 171.482,"Actual Rows": 1,"Actual Loops": 5,"Workers": [],"Plans": [{"Node Type": "Hash Join","Parent Relationship": "Outer","Parallel Aware": true,"Async Capable": false,"Join Type": "Inner","Startup Cost": 7708.24,"Total Cost": 109872.10,"Plan Rows": 16874,"Plan Width": 33,"Actual Startup Time": 55.633,"Actual Total Time": 165.640,"Actual Rows": 13990,"Actual Loops": 5,"Inner Unique": true,"Hash Cond": "(lineitem.l_partkey = part.p_partkey)","Workers": [],"Plans": [{"Node Type": "Bitmap Heap Scan","Parent Relationship": "Outer","Parallel Aware": true,"Async Capable": false,"Relation Name": "lineitem","Alias": "lineitem","Startup Cost": 1736.25,"Total Cost": 103855.81,"Plan Rows": 16873,"Plan Width": 16,"Actual Startup Time": 21.244,"Actual Total Time": 102.422,"Actual Rows": 13990,"Actual Loops": 5,"Recheck Cond": "((l_shipdate >= '1993-02-01'::date) AND (l_shipdate < '1993-03-01 00:00:00'::timestamp without time zone))","Rows Removed by Index Recheck": 0,"Exact Heap Blocks": 6433,"Lossy Heap Blocks": 0,"Workers": [],"Plans": [{"Node Type": "Bitmap Index Scan","Parent Relationship": "Outer","Parallel Aware": false,"Async Capable": false,"Index Name": "idx_lineitem_shipdate","Startup Cost": 0.00,"Total Cost": 1719.37,"Plan Rows": 67494,"Plan Width": 0,"Actual Startup Time": 15.254,"Actual Total Time": 15.255,"Actual Rows": 69949,"Actual Loops": 1,"Index Cond": "((l_shipdate >= '1993-02-01'::date) AND (l_shipdate < '1993-03-01 00:00:00'::timestamp without time zone))","Workers": []}]},{"Node Type": "Hash","Parent Relationship": "Inner","Parallel Aware": true,"Async Capable": false,"Startup Cost": 4930.33,"Total Cost": 4930.33,"Plan Rows": 83333,"Plan Width": 25,"Actual Startup Time": 33.582,"Actual Total Time": 33.584,"Actual Rows": 40000,"Actual Loops": 5,"Hash Buckets": 262144,"Original Hash Buckets": 262144,"Hash Batches": 1,"Original Hash Batches": 1,"Peak Memory Usage": 14176,"Workers": [],"Plans": [{"Node Type": "Seq Scan","Parent Relationship": "Outer","Parallel Aware": true,"Async Capable": false,"Relation Name": "part","Alias": "part","Startup Cost": 0.00,"Total Cost": 4930.33,"Plan Rows": 83333,"Plan Width": 25,"Actual Startup Time": 0.036,"Actual Total Time": 15.481,"Actual Rows": 40000,"Actual Loops": 5,"Workers": []}]}]}]}]}]},"Planning Time": 4.410,"Triggers": [],"Execution Time": 200.104}]
[{"Plan": {"Node Type": "Aggregate","Strategy": "Plain","Partial Mode": "Finalize","Parallel Aware": false,"Async Capable": false,"Startup Cost": 115298.80,"Total Cost": 115298.82,"Plan Rows": 1,"Plan Width": 32,"Actual Startup Time": 191.770,"Actual Total Time": 208.257,"Actual Rows": 1,"Actual Loops": 1,"Plans": [{"Node Type": "Gather","Parent Relationship": "Outer","Parallel Aware": false,"Async Capable": false,"Startup Cost": 115298.35,"Total Cost": 115298.76,"Plan Rows": 4,"Plan Width": 64,"Actual Startup Time": 190.365,"Actual Total Time": 208.218,"Actual Rows": 5,"Actual Loops": 1,"Workers Planned": 4,"Workers Launched": 4,"Single Copy": false,"Plans": [{"Node Type": "Aggregate","Strategy": "Plain","Partial Mode": "Partial","Parent Relationship": "Outer","Parallel Aware": false,"Async Capable": false,"Startup Cost": 114298.35,"Total Cost": 114298.36,"Plan Rows": 1,"Plan Width": 64,"Actual Startup Time": 182.565,"Actual Total Time": 182.576,"Actual Rows": 1,"Actual Loops": 5,"Workers": [],"Plans": [{"Node Type": "Hash Join","Parent Relationship": "Outer","Parallel Aware": true,"Async Capable": false,"Join Type": "Inner","Startup Cost": 7902.48,"Total Cost": 113969.66,"Plan Rows": 18782,"Plan Width": 33,"Actual Startup Time": 59.443,"Actual Total Time": 176.606,"Actual Rows": 14990,"Actual Loops": 5,"Inner Unique": true,"Hash Cond": "(lineitem.l_partkey = part.p_partkey)","Workers": [],"Plans": [{"Node Type": "Bitmap Heap Scan","Parent Relationship": "Outer","Parallel Aware": true,"Async Capable": false,"Relation Name": "lineitem","Alias": "lineitem","Startup Cost": 1930.48,"Total Cost": 107948.36,"Plan Rows": 18782,"Plan Width": 16,"Actual Startup Time": 21.604,"Actual Total Time": 109.072,"Actual Rows": 14990,"Actual Loops": 5,"Recheck Cond": "((l_shipdate >= '1993-11-01'::date) AND (l_shipdate < '1993-12-01 00:00:00'::timestamp without time zone))","Rows Removed by Index Recheck": 0,"Exact Heap Blocks": 7520,"Lossy Heap Blocks": 0,"Workers": [],"Plans": [{"Node Type": "Bitmap Index Scan","Parent Relationship": "Outer","Parallel Aware": false,"Async Capable": false,"Index Name": "idx_lineitem_shipdate","Startup Cost": 0.00,"Total Cost": 1911.70,"Plan Rows": 75127,"Plan Width": 0,"Actual Startup Time": 15.494,"Actual Total Time": 15.497,"Actual Rows": 74949,"Actual Loops": 1,"Index Cond": "((l_shipdate >= '1993-11-01'::date) AND (l_shipdate < '1993-12-01 00:00:00'::timestamp without time zone))","Workers": []}]},{"Node Type": "Hash","Parent Relationship": "Inner","Parallel Aware": true,"Async Capable": false,"Startup Cost": 4930.33,"Total Cost": 4930.33,"Plan Rows": 83333,"Plan Width": 25,"Actual Startup Time": 36.955,"Actual Total Time": 36.958,"Actual Rows": 40000,"Actual Loops": 5,"Hash Buckets": 262144,"Original Hash Buckets": 262144,"Hash Batches": 1,"Original Hash Batches": 1,"Peak Memory Usage": 14176,"Workers": [],"Plans": [{"Node Type": "Seq Scan","Parent Relationship": "Outer","Parallel Aware": true,"Async Capable": false,"Relation Name": "part","Alias": "part","Startup Cost": 0.00,"Total Cost": 4930.33,"Plan Rows": 83333,"Plan Width": 25,"Actual Startup Time": 0.042,"Actual Total Time": 17.442,"Actual Rows": 40000,"Actual Loops": 5,"Workers": []}]}]}]}]}]},"Planning Time": 4.152,"Triggers": [],"Execution Time": 208.521}]
[{"Plan": {"Node Type": "Aggregate","Strategy": "Plain","Partial Mode": "Finalize","Parallel Aware": false,"Async Capable": false,"Startup Cost": 116739.50,"Total Cost": 116739.52,"Plan Rows": 1,"Plan Width": 32,"Actual Startup Time": 206.757,"Actual Total Time": 221.834,"Actual Rows": 1,"Actual Loops": 1,"Plans": [{"Node Type": "Gather","Parent Relationship": "Outer","Parallel Aware": false,"Async Capable": false,"Startup Cost": 116739.05,"Total Cost": 116739.46,"Plan Rows": 4,"Plan Width": 64,"Actual Startup Time": 205.325,"Actual Total Time": 221.800,"Actual Rows": 5,"Actual Loops": 1,"Workers Planned": 4,"Workers Launched": 4,"Single Copy": false,"Plans": [{"Node Type": "Aggregate","Strategy": "Plain","Partial Mode": "Partial","Parent Relationship": "Outer","Parallel Aware": false,"Async Capable": false,"Startup Cost": 115739.05,"Total Cost": 115739.06,"Plan Rows": 1,"Plan Width": 64,"Actual Startup Time": 197.703,"Actual Total Time": 197.711,"Actual Rows": 1,"Actual Loops": 5,"Workers": [],"Plans": [{"Node Type": "Hash Join","Parent Relationship": "Outer","Parallel Aware": true,"Async Capable": false,"Join Type": "Inner","Startup Cost": 7981.52,"Total Cost": 115397.11,"Plan Rows": 19539,"Plan Width": 33,"Actual Startup Time": 72.726,"Actual Total Time": 192.051,"Actual Rows": 13912,"Actual Loops": 5,"Inner Unique": true,"Hash Cond": "(lineitem.l_partkey = part.p_partkey)","Workers": [],"Plans": [{"Node Type": "Bitmap Heap Scan","Parent Relationship": "Outer","Parallel Aware": true,"Async Capable": false,"Relation Name": "lineitem","Alias": "lineitem","Startup Cost": 2009.52,"Total Cost": 109373.83,"Plan Rows": 19539,"Plan Width": 16,"Actual Startup Time": 32.073,"Actual Total Time": 122.872,"Actual Rows": 13912,"Actual Loops": 5,"Recheck Cond": "((l_shipdate >= '1994-02-01'::date) AND (l_shipdate < '1994-03-01 00:00:00'::timestamp without time zone))","Rows Removed by Index Recheck": 0,"Exact Heap Blocks": 7943,"Lossy Heap Blocks": 0,"Workers": [],"Plans": [{"Node Type": "Bitmap Index Scan","Parent Relationship": "Outer","Parallel Aware": false,"Async Capable": false,"Index Name": "idx_lineitem_shipdate","Startup Cost": 0.00,"Total Cost": 1989.98,"Plan Rows": 78155,"Plan Width": 0,"Actual Startup Time": 25.713,"Actual Total Time": 25.716,"Actual Rows": 69561,"Actual Loops": 1,"Index Cond": "((l_shipdate >= '1994-02-01'::date) AND (l_shipdate < '1994-03-01 00:00:00'::timestamp without time zone))","Workers": []}]},{"Node Type": "Hash","Parent Relationship": "Inner","Parallel Aware": true,"Async Capable": false,"Startup Cost": 4930.33,"Total Cost": 4930.33,"Plan Rows": 83333,"Plan Width": 25,"Actual Startup Time": 39.838,"Actual Total Time": 39.841,"Actual Rows": 40000,"Actual Loops": 5,"Hash Buckets": 262144,"Original Hash Buckets": 262144,"Hash Batches": 1,"Original Hash Batches": 1,"Peak Memory Usage": 14208,"Workers": [],"Plans": [{"Node Type": "Seq Scan","Parent Relationship": "Outer","Parallel Aware": true,"Async Capable": false,"Relation Name": "part","Alias": "part","Startup Cost": 0.00,"Total Cost": 4930.33,"Plan Rows": 83333,"Plan Width": 25,"Actual Startup Time": 0.036,"Actual Total Time": 16.923,"Actual Rows": 40000,"Actual Loops": 5,"Workers": []}]}]}]}]}]},"Planning Time": 4.192,"Triggers": [],"Execution Time": 222.123}]
[{"Plan": {"Node Type": "Aggregate","Strategy": "Plain","Partial Mode": "Finalize","Parallel Aware": false,"Async Capable": false,"Startup Cost": 116921.16,"Total Cost": 116921.17,"Plan Rows": 1,"Plan Width": 32,"Actual Startup Time": 188.717,"Actual Total Time": 203.796,"Actual Rows": 1,"Actual Loops": 1,"Plans": [{"Node Type": "Gather","Parent Relationship": "Outer","Parallel Aware": false,"Async Capable": false,"Startup Cost": 116920.70,"Total Cost": 116921.11,"Plan Rows": 4,"Plan Width": 64,"Actual Startup Time": 187.795,"Actual Total Time": 203.760,"Actual Rows": 5,"Actual Loops": 1,"Workers Planned": 4,"Workers Launched": 4,"Single Copy": false,"Plans": [{"Node Type": "Aggregate","Strategy": "Plain","Partial Mode": "Partial","Parent Relationship": "Outer","Parallel Aware": false,"Async Capable": false,"Startup Cost": 115920.70,"Total Cost": 115920.71,"Plan Rows": 1,"Plan Width": 64,"Actual Startup Time": 178.906,"Actual Total Time": 178.917,"Actual Rows": 1,"Actual Loops": 5,"Workers": [],"Plans": [{"Node Type": "Hash Join","Parent Relationship": "Outer","Parallel Aware": true,"Async Capable": false,"Join Type": "Inner","Startup Cost": 7989.65,"Total Cost": 115577.00,"Plan Rows": 19640,"Plan Width": 33,"Actual Startup Time": 58.926,"Actual Total Time": 172.760,"Actual Rows": 15600,"Actual Loops": 5,"Inner Unique": true,"Hash Cond": "(lineitem.l_partkey = part.p_partkey)","Workers": [],"Plans": [{"Node Type": "Bitmap Heap Scan","Parent Relationship": "Outer","Parallel Aware": true,"Async Capable": false,"Relation Name": "lineitem","Alias": "lineitem","Startup Cost": 2017.65,"Total Cost": 109553.45,"Plan Rows": 19640,"Plan Width": 16,"Actual Startup Time": 22.345,"Actual Total Time": 105.470,"Actual Rows": 15600,"Actual Loops": 5,"Recheck Cond": "((l_shipdate >= '1996-10-01'::date) AND (l_shipdate < '1996-11-01 00:00:00'::timestamp without time zone))","Rows Removed by Index Recheck": 0,"Exact Heap Blocks": 6706,"Lossy Heap Blocks": 0,"Workers": [],"Plans": [{"Node Type": "Bitmap Index Scan","Parent Relationship": "Outer","Parallel Aware": false,"Async Capable": false,"Index Name": "idx_lineitem_shipdate","Startup Cost": 0.00,"Total Cost": 1998.01,"Plan Rows": 78558,"Plan Width": 0,"Actual Startup Time": 16.072,"Actual Total Time": 16.073,"Actual Rows": 78000,"Actual Loops": 1,"Index Cond": "((l_shipdate >= '1996-10-01'::date) AND (l_shipdate < '1996-11-01 00:00:00'::timestamp without time zone))","Workers": []}]},{"Node Type": "Hash","Parent Relationship": "Inner","Parallel Aware": true,"Async Capable": false,"Startup Cost": 4930.33,"Total Cost": 4930.33,"Plan Rows": 83333,"Plan Width": 25,"Actual Startup Time": 35.841,"Actual Total Time": 35.845,"Actual Rows": 40000,"Actual Loops": 5,"Hash Buckets": 262144,"Original Hash Buckets": 262144,"Hash Batches": 1,"Original Hash Batches": 1,"Peak Memory Usage": 14208,"Workers": [],"Plans": [{"Node Type": "Seq Scan","Parent Relationship": "Outer","Parallel Aware": true,"Async Capable": false,"Relation Name": "part","Alias": "part","Startup Cost": 0.00,"Total Cost": 4930.33,"Plan Rows": 83333,"Plan Width": 25,"Actual Startup Time": 0.045,"Actual Total Time": 16.936,"Actual Rows": 40000,"Actual Loops": 5,"Workers": []}]}]}]}]}]},"Planning Time": 5.387,"Triggers": [],"Execution Time": 204.098}]
[{"Plan": {"Node Type": "Aggregate","Strategy": "Plain","Partial Mode": "Finalize","Parallel Aware": false,"Async Capable": false,"Startup Cost": 118399.89,"Total Cost": 118399.90,"Plan Rows": 1,"Plan Width": 32,"Actual Startup Time": 206.498,"Actual Total Time": 224.956,"Actual Rows": 1,"Actual Loops": 1,"Plans": [{"Node Type": "Gather","Parent Relationship": "Outer","Parallel Aware": false,"Async Capable": false,"Startup Cost": 118399.43,"Total Cost": 118399.84,"Plan Rows": 4,"Plan Width": 64,"Actual Startup Time": 205.062,"Actual Total Time": 224.906,"Actual Rows": 5,"Actual Loops": 1,"Workers Planned": 4,"Workers Launched": 4,"Single Copy": false,"Plans": [{"Node Type": "Aggregate","Strategy": "Plain","Partial Mode": "Partial","Parent Relationship": "Outer","Parallel Aware": false,"Async Capable": false,"Startup Cost": 117399.43,"Total Cost": 117399.44,"Plan Rows": 1,"Plan Width": 64,"Actual Startup Time": 196.971,"Actual Total Time": 196.979,"Actual Rows": 1,"Actual Loops": 5,"Workers": [],"Plans": [{"Node Type": "Hash Join","Parent Relationship": "Outer","Parallel Aware": true,"Async Capable": false,"Join Type": "Inner","Startup Cost": 8076.51,"Total Cost": 117040.85,"Plan Rows": 20490,"Plan Width": 33,"Actual Startup Time": 67.504,"Actual Total Time": 190.658,"Actual Rows": 15441,"Actual Loops": 5,"Inner Unique": true,"Hash Cond": "(lineitem.l_partkey = part.p_partkey)","Workers": [],"Plans": [{"Node Type": "Bitmap Heap Scan","Parent Relationship": "Outer","Parallel Aware": true,"Async Capable": false,"Relation Name": "lineitem","Alias": "lineitem","Startup Cost": 2104.51,"Total Cost": 111015.07,"Plan Rows": 20490,"Plan Width": 16,"Actual Startup Time": 31.187,"Actual Total Time": 124.229,"Actual Rows": 15441,"Actual Loops": 5,"Recheck Cond": "((l_shipdate >= '1993-07-01'::date) AND (l_shipdate < '1993-08-01 00:00:00'::timestamp without time zone))","Rows Removed by Index Recheck": 0,"Exact Heap Blocks": 7445,"Lossy Heap Blocks": 0,"Workers": [],"Plans": [{"Node Type": "Bitmap Index Scan","Parent Relationship": "Outer","Parallel Aware": false,"Async Capable": false,"Index Name": "idx_lineitem_shipdate","Startup Cost": 0.00,"Total Cost": 2084.02,"Plan Rows": 81959,"Plan Width": 0,"Actual Startup Time": 24.709,"Actual Total Time": 24.710,"Actual Rows": 77203,"Actual Loops": 1,"Index Cond": "((l_shipdate >= '1993-07-01'::date) AND (l_shipdate < '1993-08-01 00:00:00'::timestamp without time zone))","Workers": []}]},{"Node Type": "Hash","Parent Relationship": "Inner","Parallel Aware": true,"Async Capable": false,"Startup Cost": 4930.33,"Total Cost": 4930.33,"Plan Rows": 83333,"Plan Width": 25,"Actual Startup Time": 35.543,"Actual Total Time": 35.545,"Actual Rows": 40000,"Actual Loops": 5,"Hash Buckets": 262144,"Original Hash Buckets": 262144,"Hash Batches": 1,"Original Hash Batches": 1,"Peak Memory Usage": 14176,"Workers": [],"Plans": [{"Node Type": "Seq Scan","Parent Relationship": "Outer","Parallel Aware": true,"Async Capable": false,"Relation Name": "part","Alias": "part","Startup Cost": 0.00,"Total Cost": 4930.33,"Plan Rows": 83333,"Plan Width": 25,"Actual Startup Time": 0.027,"Actual Total Time": 16.751,"Actual Rows": 40000,"Actual Loops": 5,"Workers": []}]}]}]}]}]},"Planning Time": 4.294,"Triggers": [],"Execution Time": 225.229}]
[{"Plan": {"Node Type": "Aggregate","Strategy": "Plain","Partial Mode": "Finalize","Parallel Aware": false,"Async Capable": false,"Startup Cost": 114988.17,"Total Cost": 114988.19,"Plan Rows": 1,"Plan Width": 32,"Actual Startup Time": 191.420,"Actual Total Time": 208.040,"Actual Rows": 1,"Actual Loops": 1,"Plans": [{"Node Type": "Gather","Parent Relationship": "Outer","Parallel Aware": false,"Async Capable": false,"Startup Cost": 114987.72,"Total Cost": 114988.13,"Plan Rows": 4,"Plan Width": 64,"Actual Startup Time": 190.087,"Actual Total Time": 207.994,"Actual Rows": 5,"Actual Loops": 1,"Workers Planned": 4,"Workers Launched": 4,"Single Copy": false,"Plans": [{"Node Type": "Aggregate","Strategy": "Plain","Partial Mode": "Partial","Parent Relationship": "Outer","Parallel Aware": false,"Async Capable": false,"Startup Cost": 113987.72,"Total Cost": 113987.73,"Plan Rows": 1,"Plan Width": 64,"Actual Startup Time": 182.433,"Actual Total Time": 182.445,"Actual Rows": 1,"Actual Loops": 5,"Workers": [],"Plans": [{"Node Type": "Hash Join","Parent Relationship": "Outer","Parallel Aware": true,"Async Capable": false,"Join Type": "Inner","Startup Cost": 7888.03,"Total Cost": 113661.79,"Plan Rows": 18624,"Plan Width": 33,"Actual Startup Time": 61.927,"Actual Total Time": 176.320,"Actual Rows": 15394,"Actual Loops": 5,"Inner Unique": true,"Hash Cond": "(lineitem.l_partkey = part.p_partkey)","Workers": [],"Plans": [{"Node Type": "Bitmap Heap Scan","Parent Relationship": "Outer","Parallel Aware": true,"Async Capable": false,"Relation Name": "lineitem","Alias": "lineitem","Startup Cost": 1916.04,"Total Cost": 107640.91,"Plan Rows": 18624,"Plan Width": 16,"Actual Startup Time": 24.987,"Actual Total Time": 110.729,"Actual Rows": 15394,"Actual Loops": 5,"Recheck Cond": "((l_shipdate >= '1996-07-01'::date) AND (l_shipdate < '1996-08-01 00:00:00'::timestamp without time zone))","Rows Removed by Index Recheck": 0,"Exact Heap Blocks": 7965,"Lossy Heap Blocks": 0,"Workers": [],"Plans": [{"Node Type": "Bitmap Index Scan","Parent Relationship": "Outer","Parallel Aware": false,"Async Capable": false,"Index Name": "idx_lineitem_shipdate","Startup Cost": 0.00,"Total Cost": 1897.41,"Plan Rows": 74498,"Plan Width": 0,"Actual Startup Time": 18.517,"Actual Total Time": 18.520,"Actual Rows": 76969,"Actual Loops": 1,"Index Cond": "((l_shipdate >= '1996-07-01'::date) AND (l_shipdate < '1996-08-01 00:00:00'::timestamp without time zone))","Workers": []}]},{"Node Type": "Hash","Parent Relationship": "Inner","Parallel Aware": true,"Async Capable": false,"Startup Cost": 4930.33,"Total Cost": 4930.33,"Plan Rows": 83333,"Plan Width": 25,"Actual Startup Time": 36.145,"Actual Total Time": 36.150,"Actual Rows": 40000,"Actual Loops": 5,"Hash Buckets": 262144,"Original Hash Buckets": 262144,"Hash Batches": 1,"Original Hash Batches": 1,"Peak Memory Usage": 14240,"Workers": [],"Plans": [{"Node Type": "Seq Scan","Parent Relationship": "Outer","Parallel Aware": true,"Async Capable": false,"Relation Name": "part","Alias": "part","Startup Cost": 0.00,"Total Cost": 4930.33,"Plan Rows": 83333,"Plan Width": 25,"Actual Startup Time": 0.045,"Actual Total Time": 16.144,"Actual Rows": 40000,"Actual Loops": 5,"Workers": []}]}]}]}]}]},"Planning Time": 3.961,"Triggers": [],"Execution Time": 208.334}]
[{"Plan": {"Node Type": "Aggregate","Strategy": "Plain","Partial Mode": "Finalize","Parallel Aware": false,"Async Capable": false,"Startup Cost": 114902.36,"Total Cost": 114902.37,"Plan Rows": 1,"Plan Width": 32,"Actual Startup Time": 198.225,"Actual Total Time": 215.708,"Actual Rows": 1,"Actual Loops": 1,"Plans": [{"Node Type": "Gather","Parent Relationship": "Outer","Parallel Aware": false,"Async Capable": false,"Startup Cost": 114901.90,"Total Cost": 114902.31,"Plan Rows": 4,"Plan Width": 64,"Actual Startup Time": 196.886,"Actual Total Time": 215.657,"Actual Rows": 5,"Actual Loops": 1,"Workers Planned": 4,"Workers Launched": 4,"Single Copy": false,"Plans": [{"Node Type": "Aggregate","Strategy": "Plain","Partial Mode": "Partial","Parent Relationship": "Outer","Parallel Aware": false,"Async Capable": false,"Startup Cost": 113901.90,"Total Cost": 113901.91,"Plan Rows": 1,"Plan Width": 64,"Actual Startup Time": 188.997,"Actual Total Time": 189.007,"Actual Rows": 1,"Actual Loops": 5,"Workers": [],"Plans": [{"Node Type": "Hash Join","Parent Relationship": "Outer","Parallel Aware": true,"Async Capable": false,"Join Type": "Inner","Startup Cost": 7882.30,"Total Cost": 113576.71,"Plan Rows": 18582,"Plan Width": 33,"Actual Startup Time": 61.932,"Actual Total Time": 182.740,"Actual Rows": 15587,"Actual Loops": 5,"Inner Unique": true,"Hash Cond": "(lineitem.l_partkey = part.p_partkey)","Workers": [],"Plans": [{"Node Type": "Bitmap Heap Scan","Parent Relationship": "Outer","Parallel Aware": true,"Async Capable": false,"Relation Name": "lineitem","Alias": "lineitem","Startup Cost": 1910.30,"Total Cost": 107555.94,"Plan Rows": 18582,"Plan Width": 16,"Actual Startup Time": 22.647,"Actual Total Time": 112.380,"Actual Rows": 15587,"Actual Loops": 5,"Recheck Cond": "((l_shipdate >= '1996-12-01'::date) AND (l_shipdate < '1997-01-01 00:00:00'::timestamp without time zone))","Rows Removed by Index Recheck": 0,"Exact Heap Blocks": 7656,"Lossy Heap Blocks": 0,"Workers": [],"Plans": [{"Node Type": "Bitmap Index Scan","Parent Relationship": "Outer","Parallel Aware": false,"Async Capable": false,"Index Name": "idx_lineitem_shipdate","Startup Cost": 0.00,"Total Cost": 1891.72,"Plan Rows": 74329,"Plan Width": 0,"Actual Startup Time": 16.250,"Actual Total Time": 16.252,"Actual Rows": 77933,"Actual Loops": 1,"Index Cond": "((l_shipdate >= '1996-12-01'::date) AND (l_shipdate < '1997-01-01 00:00:00'::timestamp without time zone))","Workers": []}]},{"Node Type": "Hash","Parent Relationship": "Inner","Parallel Aware": true,"Async Capable": false,"Startup Cost": 4930.33,"Total Cost": 4930.33,"Plan Rows": 83333,"Plan Width": 25,"Actual Startup Time": 38.467,"Actual Total Time": 38.471,"Actual Rows": 40000,"Actual Loops": 5,"Hash Buckets": 262144,"Original Hash Buckets": 262144,"Hash Batches": 1,"Original Hash Batches": 1,"Peak Memory Usage": 14208,"Workers": [],"Plans": [{"Node Type": "Seq Scan","Parent Relationship": "Outer","Parallel Aware": true,"Async Capable": false,"Relation Name": "part","Alias": "part","Startup Cost": 0.00,"Total Cost": 4930.33,"Plan Rows": 83333,"Plan Width": 25,"Actual Startup Time": 0.033,"Actual Total Time": 18.148,"Actual Rows": 40000,"Actual Loops": 5,"Workers": []}]}]}]}]}]},"Planning Time": 4.024,"Triggers": [],"Execution Time": 215.988}]
[{"Plan": {"Node Type": "Aggregate","Strategy": "Plain","Partial Mode": "Finalize","Parallel Aware": false,"Async Capable": false,"Startup Cost": 118399.89,"Total Cost": 118399.90,"Plan Rows": 1,"Plan Width": 32,"Actual Startup Time": 206.498,"Actual Total Time": 224.956,"Actual Rows": 1,"Actual Loops": 1,"Plans": [{"Node Type": "Gather","Parent Relationship": "Outer","Parallel Aware": false,"Async Capable": false,"Startup Cost": 118399.43,"Total Cost": 118399.84,"Plan Rows": 4,"Plan Width": 64,"Actual Startup Time": 205.062,"Actual Total Time": 224.906,"Actual Rows": 5,"Actual Loops": 1,"Workers Planned": 4,"Workers Launched": 4,"Single Copy": false,"Plans": [{"Node Type": "Aggregate","Strategy": "Plain","Partial Mode": "Partial","Parent Relationship": "Outer","Parallel Aware": false,"Async Capable": false,"Startup Cost": 117399.43,"Total Cost": 117399.44,"Plan Rows": 1,"Plan Width": 64,"Actual Startup Time": 196.971,"Actual Total Time": 196.979,"Actual Rows": 1,"Actual Loops": 5,"Workers": [],"Plans": [{"Node Type": "Hash Join","Parent Relationship": "Outer","Parallel Aware": true,"Async Capable": false,"Join Type": "Inner","Startup Cost": 8076.51,"Total Cost": 117040.85,"Plan Rows": 20490,"Plan Width": 33,"Actual Startup Time": 67.504,"Actual Total Time": 190.658,"Actual Rows": 15441,"Actual Loops": 5,"Inner Unique": true,"Hash Cond": "(lineitem.l_partkey = part.p_partkey)","Workers": [],"Plans": [{"Node Type": "Bitmap Heap Scan","Parent Relationship": "Outer","Parallel Aware": true,"Async Capable": false,"Relation Name": "lineitem","Alias": "lineitem","Startup Cost": 2104.51,"Total Cost": 111015.07,"Plan Rows": 20490,"Plan Width": 16,"Actual Startup Time": 31.187,"Actual Total Time": 124.229,"Actual Rows": 15441,"Actual Loops": 5,"Recheck Cond": "((l_shipdate >= '1993-07-01'::date) AND (l_shipdate < '1993-08-01 00:00:00'::timestamp without time zone))","Rows Removed by Index Recheck": 0,"Exact Heap Blocks": 7445,"Lossy Heap Blocks": 0,"Workers": [],"Plans": [{"Node Type": "Bitmap Index Scan","Parent Relationship": "Outer","Parallel Aware": false,"Async Capable": false,"Index Name": "idx_lineitem_shipdate","Startup Cost": 0.00,"Total Cost": 2084.02,"Plan Rows": 81959,"Plan Width": 0,"Actual Startup Time": 24.709,"Actual Total Time": 24.710,"Actual Rows": 77203,"Actual Loops": 1,"Index Cond": "((l_shipdate >= '1993-07-01'::date) AND (l_shipdate < '1993-08-01 00:00:00'::timestamp without time zone))","Workers": []}]},{"Node Type": "Hash","Parent Relationship": "Inner","Parallel Aware": true,"Async Capable": false,"Startup Cost": 4930.33,"Total Cost": 4930.33,"Plan Rows": 83333,"Plan Width": 25,"Actual Startup Time": 35.543,"Actual Total Time": 35.545,"Actual Rows": 40000,"Actual Loops": 5,"Hash Buckets": 262144,"Original Hash Buckets": 262144,"Hash Batches": 1,"Original Hash Batches": 1,"Peak Memory Usage": 14176,"Workers": [],"Plans": [{"Node Type": "Seq Scan","Parent Relationship": "Outer","Parallel Aware": true,"Async Capable": false,"Relation Name": "part","Alias": "part","Startup Cost": 0.00,"Total Cost": 4930.33,"Plan Rows": 83333,"Plan Width": 25,"Actual Startup Time": 0.027,"Actual Total Time": 16.751,"Actual Rows": 40000,"Actual Loops": 5,"Workers": []}]}]}]}]}]},"Planning Time": 4.294,"Triggers": [],"Execution Time": 225.229}]
[{"Plan": {"Node Type": "Aggregate","Strategy": "Plain","Partial Mode": "Finalize","Parallel Aware": false,"Async Capable": false,"Startup Cost": 117951.42,"Total Cost": 117951.44,"Plan Rows": 1,"Plan Width": 32,"Actual Startup Time": 195.681,"Actual Total Time": 213.344,"Actual Rows": 1,"Actual Loops": 1,"Plans": [{"Node Type": "Gather","Parent Relationship": "Outer","Parallel Aware": false,"Async Capable": false,"Startup Cost": 117950.97,"Total Cost": 117951.38,"Plan Rows": 4,"Plan Width": 64,"Actual Startup Time": 194.406,"Actual Total Time": 213.290,"Actual Rows": 5,"Actual Loops": 1,"Workers Planned": 4,"Workers Launched": 4,"Single Copy": false,"Plans": [{"Node Type": "Aggregate","Strategy": "Plain","Partial Mode": "Partial","Parent Relationship": "Outer","Parallel Aware": false,"Async Capable": false,"Startup Cost": 116950.97,"Total Cost": 116950.98,"Plan Rows": 1,"Plan Width": 64,"Actual Startup Time": 186.783,"Actual Total Time": 186.797,"Actual Rows": 1,"Actual Loops": 5,"Workers": [],"Plans": [{"Node Type": "Hash Join","Parent Relationship": "Outer","Parallel Aware": true,"Async Capable": false,"Join Type": "Inner","Startup Cost": 8049.62,"Total Cost": 116597.04,"Plan Rows": 20224,"Plan Width": 33,"Actual Startup Time": 60.474,"Actual Total Time": 180.769,"Actual Rows": 15532,"Actual Loops": 5,"Inner Unique": true,"Hash Cond": "(lineitem.l_partkey = part.p_partkey)","Workers": [],"Plans": [{"Node Type": "Bitmap Heap Scan","Parent Relationship": "Outer","Parallel Aware": true,"Async Capable": false,"Relation Name": "lineitem","Alias": "lineitem","Startup Cost": 2077.63,"Total Cost": 110571.96,"Plan Rows": 20224,"Plan Width": 16,"Actual Startup Time": 22.143,"Actual Total Time": 111.653,"Actual Rows": 15532,"Actual Loops": 5,"Recheck Cond": "((l_shipdate >= '1993-10-01'::date) AND (l_shipdate < '1993-11-01 00:00:00'::timestamp without time zone))","Rows Removed by Index Recheck": 0,"Exact Heap Blocks": 7906,"Lossy Heap Blocks": 0,"Workers": [],"Plans": [{"Node Type": "Bitmap Index Scan","Parent Relationship": "Outer","Parallel Aware": false,"Async Capable": false,"Index Name": "idx_lineitem_shipdate","Startup Cost": 0.00,"Total Cost": 2057.40,"Plan Rows": 80897,"Plan Width": 0,"Actual Startup Time": 15.870,"Actual Total Time": 15.870,"Actual Rows": 77661,"Actual Loops": 1,"Index Cond": "((l_shipdate >= '1993-10-01'::date) AND (l_shipdate < '1993-11-01 00:00:00'::timestamp without time zone))","Workers": []}]},{"Node Type": "Hash","Parent Relationship": "Inner","Parallel Aware": true,"Async Capable": false,"Startup Cost": 4930.33,"Total Cost": 4930.33,"Plan Rows": 83333,"Plan Width": 25,"Actual Startup Time": 37.623,"Actual Total Time": 37.628,"Actual Rows": 40000,"Actual Loops": 5,"Hash Buckets": 262144,"Original Hash Buckets": 262144,"Hash Batches": 1,"Original Hash Batches": 1,"Peak Memory Usage": 14176,"Workers": [],"Plans": [{"Node Type": "Seq Scan","Parent Relationship": "Outer","Parallel Aware": true,"Async Capable": false,"Relation Name": "part","Alias": "part","Startup Cost": 0.00,"Total Cost": 4930.33,"Plan Rows": 83333,"Plan Width": 25,"Actual Startup Time": 0.033,"Actual Total Time": 16.489,"Actual Rows": 40000,"Actual Loops": 5,"Workers": []}]}]}]}]}]},"Planning Time": 4.158,"Triggers": [],"Execution Time": 213.609}]
[{"Plan": {"Node Type": "Aggregate","Strategy": "Plain","Partial Mode": "Finalize","Parallel Aware": false,"Async Capable": false,"Startup Cost": 116423.51,"Total Cost": 116423.52,"Plan Rows": 1,"Plan Width": 32,"Actual Startup Time": 193.419,"Actual Total Time": 210.903,"Actual Rows": 1,"Actual Loops": 1,"Plans": [{"Node Type": "Gather","Parent Relationship": "Outer","Parallel Aware": false,"Async Capable": false,"Startup Cost": 116423.05,"Total Cost": 116423.46,"Plan Rows": 4,"Plan Width": 64,"Actual Startup Time": 191.772,"Actual Total Time": 210.852,"Actual Rows": 5,"Actual Loops": 1,"Workers Planned": 4,"Workers Launched": 4,"Single Copy": false,"Plans": [{"Node Type": "Aggregate","Strategy": "Plain","Partial Mode": "Partial","Parent Relationship": "Outer","Parallel Aware": false,"Async Capable": false,"Startup Cost": 115423.05,"Total Cost": 115423.06,"Plan Rows": 1,"Plan Width": 64,"Actual Startup Time": 184.034,"Actual Total Time": 184.046,"Actual Rows": 1,"Actual Loops": 5,"Workers": [],"Plans": [{"Node Type": "Hash Join","Parent Relationship": "Outer","Parallel Aware": true,"Async Capable": false,"Join Type": "Inner","Startup Cost": 7962.54,"Total Cost": 115084.11,"Plan Rows": 19368,"Plan Width": 33,"Actual Startup Time": 59.026,"Actual Total Time": 177.787,"Actual Rows": 15441,"Actual Loops": 5,"Inner Unique": true,"Hash Cond": "(lineitem.l_partkey = part.p_partkey)","Workers": [],"Plans": [{"Node Type": "Bitmap Heap Scan","Parent Relationship": "Outer","Parallel Aware": true,"Async Capable": false,"Relation Name": "lineitem","Alias": "lineitem","Startup Cost": 1990.54,"Total Cost": 109061.27,"Plan Rows": 19368,"Plan Width": 16,"Actual Startup Time": 22.262,"Actual Total Time": 110.318,"Actual Rows": 15441,"Actual Loops": 5,"Recheck Cond": "((l_shipdate >= '1995-12-01'::date) AND (l_shipdate < '1996-01-01 00:00:00'::timestamp without time zone))","Rows Removed by Index Recheck": 0,"Exact Heap Blocks": 7749,"Lossy Heap Blocks": 0,"Workers": [],"Plans": [{"Node Type": "Bitmap Index Scan","Parent Relationship": "Outer","Parallel Aware": false,"Async Capable": false,"Index Name": "idx_lineitem_shipdate","Startup Cost": 0.00,"Total Cost": 1971.17,"Plan Rows": 77474,"Plan Width": 0,"Actual Startup Time": 16.016,"Actual Total Time": 16.018,"Actual Rows": 77203,"Actual Loops": 1,"Index Cond": "((l_shipdate >= '1995-12-01'::date) AND (l_shipdate < '1996-01-01 00:00:00'::timestamp without time zone))","Workers": []}]},{"Node Type": "Hash","Parent Relationship": "Inner","Parallel Aware": true,"Async Capable": false,"Startup Cost": 4930.33,"Total Cost": 4930.33,"Plan Rows": 83333,"Plan Width": 25,"Actual Startup Time": 36.084,"Actual Total Time": 36.088,"Actual Rows": 40000,"Actual Loops": 5,"Hash Buckets": 262144,"Original Hash Buckets": 262144,"Hash Batches": 1,"Original Hash Batches": 1,"Peak Memory Usage": 14208,"Workers": [],"Plans": [{"Node Type": "Seq Scan","Parent Relationship": "Outer","Parallel Aware": true,"Async Capable": false,"Relation Name": "part","Alias": "part","Startup Cost": 0.00,"Total Cost": 4930.33,"Plan Rows": 83333,"Plan Width": 25,"Actual Startup Time": 0.025,"Actual Total Time": 17.161,"Actual Rows": 40000,"Actual Loops": 5,"Workers": []}]}]}]}]}]},"Planning Time": 5.431,"Triggers": [],"Execution Time": 211.162}]
[{"Plan": {"Node Type": "Aggregate","Strategy": "Plain","Partial Mode": "Finalize","Parallel Aware": false,"Async Capable": false,"Startup Cost": 112298.08,"Total Cost": 112298.10,"Plan Rows": 1,"Plan Width": 32,"Actual Startup Time": 191.070,"Actual Total Time": 208.503,"Actual Rows": 1,"Actual Loops": 1,"Plans": [{"Node Type": "Gather","Parent Relationship": "Outer","Parallel Aware": false,"Async Capable": false,"Startup Cost": 112297.63,"Total Cost": 112298.04,"Plan Rows": 4,"Plan Width": 64,"Actual Startup Time": 190.184,"Actual Total Time": 208.450,"Actual Rows": 5,"Actual Loops": 1,"Workers Planned": 4,"Workers Launched": 4,"Single Copy": false,"Plans": [{"Node Type": "Aggregate","Strategy": "Plain","Partial Mode": "Partial","Parent Relationship": "Outer","Parallel Aware": false,"Async Capable": false,"Startup Cost": 111297.63,"Total Cost": 111297.64,"Plan Rows": 1,"Plan Width": 64,"Actual Startup Time": 182.728,"Actual Total Time": 182.742,"Actual Rows": 1,"Actual Loops": 5,"Workers": [],"Plans": [{"Node Type": "Hash Join","Parent Relationship": "Outer","Parallel Aware": true,"Async Capable": false,"Join Type": "Inner","Startup Cost": 7756.28,"Total Cost": 110993.79,"Plan Rows": 17362,"Plan Width": 33,"Actual Startup Time": 66.345,"Actual Total Time": 176.801,"Actual Rows": 15010,"Actual Loops": 5,"Inner Unique": true,"Hash Cond": "(lineitem.l_partkey = part.p_partkey)","Workers": [],"Plans": [{"Node Type": "Bitmap Heap Scan","Parent Relationship": "Outer","Parallel Aware": true,"Async Capable": false,"Relation Name": "lineitem","Alias": "lineitem","Startup Cost": 1784.28,"Total Cost": 104976.22,"Plan Rows": 17362,"Plan Width": 16,"Actual Startup Time": 32.103,"Actual Total Time": 119.300,"Actual Rows": 15010,"Actual Loops": 5,"Recheck Cond": "((l_shipdate >= '1995-11-01'::date) AND (l_shipdate < '1995-12-01 00:00:00'::timestamp without time zone))","Rows Removed by Index Recheck": 0,"Exact Heap Blocks": 8065,"Lossy Heap Blocks": 0,"Workers": [],"Plans": [{"Node Type": "Bitmap Index Scan","Parent Relationship": "Outer","Parallel Aware": false,"Async Capable": false,"Index Name": "idx_lineitem_shipdate","Startup Cost": 0.00,"Total Cost": 1766.92,"Plan Rows": 69449,"Plan Width": 0,"Actual Startup Time": 25.535,"Actual Total Time": 25.540,"Actual Rows": 75052,"Actual Loops": 1,"Index Cond": "((l_shipdate >= '1995-11-01'::date) AND (l_shipdate < '1995-12-01 00:00:00'::timestamp without time zone))","Workers": []}]},{"Node Type": "Hash","Parent Relationship": "Inner","Parallel Aware": true,"Async Capable": false,"Startup Cost": 4930.33,"Total Cost": 4930.33,"Plan Rows": 83333,"Plan Width": 25,"Actual Startup Time": 33.591,"Actual Total Time": 33.596,"Actual Rows": 40000,"Actual Loops": 5,"Hash Buckets": 262144,"Original Hash Buckets": 262144,"Hash Batches": 1,"Original Hash Batches": 1,"Peak Memory Usage": 14176,"Workers": [],"Plans": [{"Node Type": "Seq Scan","Parent Relationship": "Outer","Parallel Aware": true,"Async Capable": false,"Relation Name": "part","Alias": "part","Startup Cost": 0.00,"Total Cost": 4930.33,"Plan Rows": 83333,"Plan Width": 25,"Actual Startup Time": 0.028,"Actual Total Time": 14.589,"Actual Rows": 40000,"Actual Loops": 5,"Workers": []}]}]}]}]}]},"Planning Time": 4.131,"Triggers": [],"Execution Time": 208.779}]
[{"Plan": {"Node Type": "Aggregate","Strategy": "Plain","Partial Mode": "Finalize","Parallel Aware": false,"Async Capable": false,"Startup Cost": 118140.12,"Total Cost": 118140.13,"Plan Rows": 1,"Plan Width": 32,"Actual Startup Time": 185.903,"Actual Total Time": 202.979,"Actual Rows": 1,"Actual Loops": 1,"Plans": [{"Node Type": "Gather","Parent Relationship": "Outer","Parallel Aware": false,"Async Capable": false,"Startup Cost": 118139.66,"Total Cost": 118140.07,"Plan Rows": 4,"Plan Width": 64,"Actual Startup Time": 184.390,"Actual Total Time": 202.925,"Actual Rows": 5,"Actual Loops": 1,"Workers Planned": 4,"Workers Launched": 4,"Single Copy": false,"Plans": [{"Node Type": "Aggregate","Strategy": "Plain","Partial Mode": "Partial","Parent Relationship": "Outer","Parallel Aware": false,"Async Capable": false,"Startup Cost": 117139.66,"Total Cost": 117139.67,"Plan Rows": 1,"Plan Width": 64,"Actual Startup Time": 176.869,"Actual Total Time": 176.882,"Actual Rows": 1,"Actual Loops": 5,"Workers": [],"Plans": [{"Node Type": "Hash Join","Parent Relationship": "Outer","Parallel Aware": true,"Async Capable": false,"Join Type": "Inner","Startup Cost": 8062.13,"Total Cost": 116783.81,"Plan Rows": 20334,"Plan Width": 33,"Actual Startup Time": 60.553,"Actual Total Time": 171.029,"Actual Rows": 15084,"Actual Loops": 5,"Inner Unique": true,"Hash Cond": "(lineitem.l_partkey = part.p_partkey)","Workers": [],"Plans": [{"Node Type": "Bitmap Heap Scan","Parent Relationship": "Outer","Parallel Aware": true,"Async Capable": false,"Relation Name": "lineitem","Alias": "lineitem","Startup Cost": 2090.14,"Total Cost": 110758.44,"Plan Rows": 20334,"Plan Width": 16,"Actual Startup Time": 24.977,"Actual Total Time": 107.592,"Actual Rows": 15084,"Actual Loops": 5,"Recheck Cond": "((l_shipdate >= '1996-11-01'::date) AND (l_shipdate < '1996-12-01 00:00:00'::timestamp without time zone))","Rows Removed by Index Recheck": 0,"Exact Heap Blocks": 7792,"Lossy Heap Blocks": 0,"Workers": [],"Plans": [{"Node Type": "Bitmap Index Scan","Parent Relationship": "Outer","Parallel Aware": false,"Async Capable": false,"Index Name": "idx_lineitem_shipdate","Startup Cost": 0.00,"Total Cost": 2069.80,"Plan Rows": 81337,"Plan Width": 0,"Actual Startup Time": 18.606,"Actual Total Time": 18.607,"Actual Rows": 75419,"Actual Loops": 1,"Index Cond": "((l_shipdate >= '1996-11-01'::date) AND (l_shipdate < '1996-12-01 00:00:00'::timestamp without time zone))","Workers": []}]},{"Node Type": "Hash","Parent Relationship": "Inner","Parallel Aware": true,"Async Capable": false,"Startup Cost": 4930.33,"Total Cost": 4930.33,"Plan Rows": 83333,"Plan Width": 25,"Actual Startup Time": 34.770,"Actual Total Time": 34.774,"Actual Rows": 40000,"Actual Loops": 5,"Hash Buckets": 262144,"Original Hash Buckets": 262144,"Hash Batches": 1,"Original Hash Batches": 1,"Peak Memory Usage": 14240,"Workers": [],"Plans": [{"Node Type": "Seq Scan","Parent Relationship": "Outer","Parallel Aware": true,"Async Capable": false,"Relation Name": "part","Alias": "part","Startup Cost": 0.00,"Total Cost": 4930.33,"Plan Rows": 83333,"Plan Width": 25,"Actual Startup Time": 0.035,"Actual Total Time": 15.079,"Actual Rows": 40000,"Actual Loops": 5,"Workers": []}]}]}]}]}]},"Planning Time": 3.987,"Triggers": [],"Execution Time": 203.309}]
[{"Plan": {"Node Type": "Aggregate","Strategy": "Plain","Partial Mode": "Finalize","Parallel Aware": false,"Async Capable": false,"Startup Cost": 116921.16,"Total Cost": 116921.17,"Plan Rows": 1,"Plan Width": 32,"Actual Startup Time": 188.717,"Actual Total Time": 203.796,"Actual Rows": 1,"Actual Loops": 1,"Plans": [{"Node Type": "Gather","Parent Relationship": "Outer","Parallel Aware": false,"Async Capable": false,"Startup Cost": 116920.70,"Total Cost": 116921.11,"Plan Rows": 4,"Plan Width": 64,"Actual Startup Time": 187.795,"Actual Total Time": 203.760,"Actual Rows": 5,"Actual Loops": 1,"Workers Planned": 4,"Workers Launched": 4,"Single Copy": false,"Plans": [{"Node Type": "Aggregate","Strategy": "Plain","Partial Mode": "Partial","Parent Relationship": "Outer","Parallel Aware": false,"Async Capable": false,"Startup Cost": 115920.70,"Total Cost": 115920.71,"Plan Rows": 1,"Plan Width": 64,"Actual Startup Time": 178.906,"Actual Total Time": 178.917,"Actual Rows": 1,"Actual Loops": 5,"Workers": [],"Plans": [{"Node Type": "Hash Join","Parent Relationship": "Outer","Parallel Aware": true,"Async Capable": false,"Join Type": "Inner","Startup Cost": 7989.65,"Total Cost": 115577.00,"Plan Rows": 19640,"Plan Width": 33,"Actual Startup Time": 58.926,"Actual Total Time": 172.760,"Actual Rows": 15600,"Actual Loops": 5,"Inner Unique": true,"Hash Cond": "(lineitem.l_partkey = part.p_partkey)","Workers": [],"Plans": [{"Node Type": "Bitmap Heap Scan","Parent Relationship": "Outer","Parallel Aware": true,"Async Capable": false,"Relation Name": "lineitem","Alias": "lineitem","Startup Cost": 2017.65,"Total Cost": 109553.45,"Plan Rows": 19640,"Plan Width": 16,"Actual Startup Time": 22.345,"Actual Total Time": 105.470,"Actual Rows": 15600,"Actual Loops": 5,"Recheck Cond": "((l_shipdate >= '1996-10-01'::date) AND (l_shipdate < '1996-11-01 00:00:00'::timestamp without time zone))","Rows Removed by Index Recheck": 0,"Exact Heap Blocks": 6706,"Lossy Heap Blocks": 0,"Workers": [],"Plans": [{"Node Type": "Bitmap Index Scan","Parent Relationship": "Outer","Parallel Aware": false,"Async Capable": false,"Index Name": "idx_lineitem_shipdate","Startup Cost": 0.00,"Total Cost": 1998.01,"Plan Rows": 78558,"Plan Width": 0,"Actual Startup Time": 16.072,"Actual Total Time": 16.073,"Actual Rows": 78000,"Actual Loops": 1,"Index Cond": "((l_shipdate >= '1996-10-01'::date) AND (l_shipdate < '1996-11-01 00:00:00'::timestamp without time zone))","Workers": []}]},{"Node Type": "Hash","Parent Relationship": "Inner","Parallel Aware": true,"Async Capable": false,"Startup Cost": 4930.33,"Total Cost": 4930.33,"Plan Rows": 83333,"Plan Width": 25,"Actual Startup Time": 35.841,"Actual Total Time": 35.845,"Actual Rows": 40000,"Actual Loops": 5,"Hash Buckets": 262144,"Original Hash Buckets": 262144,"Hash Batches": 1,"Original Hash Batches": 1,"Peak Memory Usage": 14208,"Workers": [],"Plans": [{"Node Type": "Seq Scan","Parent Relationship": "Outer","Parallel Aware": true,"Async Capable": false,"Relation Name": "part","Alias": "part","Startup Cost": 0.00,"Total Cost": 4930.33,"Plan Rows": 83333,"Plan Width": 25,"Actual Startup Time": 0.045,"Actual Total Time": 16.936,"Actual Rows": 40000,"Actual Loops": 5,"Workers": []}]}]}]}]}]},"Planning Time": 5.387,"Triggers": [],"Execution Time": 204.098}]
[{"Plan": {"Node Type": "Aggregate","Strategy": "Plain","Partial Mode": "Finalize","Parallel Aware": false,"Async Capable": false,"Startup Cost": 116739.50,"Total Cost": 116739.52,"Plan Rows": 1,"Plan Width": 32,"Actual Startup Time": 206.757,"Actual Total Time": 221.834,"Actual Rows": 1,"Actual Loops": 1,"Plans": [{"Node Type": "Gather","Parent Relationship": "Outer","Parallel Aware": false,"Async Capable": false,"Startup Cost": 116739.05,"Total Cost": 116739.46,"Plan Rows": 4,"Plan Width": 64,"Actual Startup Time": 205.325,"Actual Total Time": 221.800,"Actual Rows": 5,"Actual Loops": 1,"Workers Planned": 4,"Workers Launched": 4,"Single Copy": false,"Plans": [{"Node Type": "Aggregate","Strategy": "Plain","Partial Mode": "Partial","Parent Relationship": "Outer","Parallel Aware": false,"Async Capable": false,"Startup Cost": 115739.05,"Total Cost": 115739.06,"Plan Rows": 1,"Plan Width": 64,"Actual Startup Time": 197.703,"Actual Total Time": 197.711,"Actual Rows": 1,"Actual Loops": 5,"Workers": [],"Plans": [{"Node Type": "Hash Join","Parent Relationship": "Outer","Parallel Aware": true,"Async Capable": false,"Join Type": "Inner","Startup Cost": 7981.52,"Total Cost": 115397.11,"Plan Rows": 19539,"Plan Width": 33,"Actual Startup Time": 72.726,"Actual Total Time": 192.051,"Actual Rows": 13912,"Actual Loops": 5,"Inner Unique": true,"Hash Cond": "(lineitem.l_partkey = part.p_partkey)","Workers": [],"Plans": [{"Node Type": "Bitmap Heap Scan","Parent Relationship": "Outer","Parallel Aware": true,"Async Capable": false,"Relation Name": "lineitem","Alias": "lineitem","Startup Cost": 2009.52,"Total Cost": 109373.83,"Plan Rows": 19539,"Plan Width": 16,"Actual Startup Time": 32.073,"Actual Total Time": 122.872,"Actual Rows": 13912,"Actual Loops": 5,"Recheck Cond": "((l_shipdate >= '1994-02-01'::date) AND (l_shipdate < '1994-03-01 00:00:00'::timestamp without time zone))","Rows Removed by Index Recheck": 0,"Exact Heap Blocks": 7943,"Lossy Heap Blocks": 0,"Workers": [],"Plans": [{"Node Type": "Bitmap Index Scan","Parent Relationship": "Outer","Parallel Aware": false,"Async Capable": false,"Index Name": "idx_lineitem_shipdate","Startup Cost": 0.00,"Total Cost": 1989.98,"Plan Rows": 78155,"Plan Width": 0,"Actual Startup Time": 25.713,"Actual Total Time": 25.716,"Actual Rows": 69561,"Actual Loops": 1,"Index Cond": "((l_shipdate >= '1994-02-01'::date) AND (l_shipdate < '1994-03-01 00:00:00'::timestamp without time zone))","Workers": []}]},{"Node Type": "Hash","Parent Relationship": "Inner","Parallel Aware": true,"Async Capable": false,"Startup Cost": 4930.33,"Total Cost": 4930.33,"Plan Rows": 83333,"Plan Width": 25,"Actual Startup Time": 39.838,"Actual Total Time": 39.841,"Actual Rows": 40000,"Actual Loops": 5,"Hash Buckets": 262144,"Original Hash Buckets": 262144,"Hash Batches": 1,"Original Hash Batches": 1,"Peak Memory Usage": 14208,"Workers": [],"Plans": [{"Node Type": "Seq Scan","Parent Relationship": "Outer","Parallel Aware": true,"Async Capable": false,"Relation Name": "part","Alias": "part","Startup Cost": 0.00,"Total Cost": 4930.33,"Plan Rows": 83333,"Plan Width": 25,"Actual Startup Time": 0.036,"Actual Total Time": 16.923,"Actual Rows": 40000,"Actual Loops": 5,"Workers": []}]}]}]}]}]},"Planning Time": 4.192,"Triggers": [],"Execution Time": 222.123}]
[{"Plan": {"Node Type": "Aggregate","Strategy": "Plain","Partial Mode": "Finalize","Parallel Aware": false,"Async Capable": false,"Startup Cost": 116279.97,"Total Cost": 116279.99,"Plan Rows": 1,"Plan Width": 32,"Actual Startup Time": 208.330,"Actual Total Time": 226.126,"Actual Rows": 1,"Actual Loops": 1,"Plans": [{"Node Type": "Gather","Parent Relationship": "Outer","Parallel Aware": false,"Async Capable": false,"Startup Cost": 116279.52,"Total Cost": 116279.93,"Plan Rows": 4,"Plan Width": 64,"Actual Startup Time": 206.980,"Actual Total Time": 226.083,"Actual Rows": 5,"Actual Loops": 1,"Workers Planned": 4,"Workers Launched": 4,"Single Copy": false,"Plans": [{"Node Type": "Aggregate","Strategy": "Plain","Partial Mode": "Partial","Parent Relationship": "Outer","Parallel Aware": false,"Async Capable": false,"Startup Cost": 115279.52,"Total Cost": 115279.53,"Plan Rows": 1,"Plan Width": 64,"Actual Startup Time": 199.451,"Actual Total Time": 199.462,"Actual Rows": 1,"Actual Loops": 5,"Workers": [],"Plans": [{"Node Type": "Hash Join","Parent Relationship": "Outer","Parallel Aware": true,"Async Capable": false,"Join Type": "Inner","Startup Cost": 7955.37,"Total Cost": 114941.92,"Plan Rows": 19291,"Plan Width": 33,"Actual Startup Time": 65.506,"Actual Total Time": 193.383,"Actual Rows": 14979,"Actual Loops": 5,"Inner Unique": true,"Hash Cond": "(lineitem.l_partkey = part.p_partkey)","Workers": [],"Plans": [{"Node Type": "Bitmap Heap Scan","Parent Relationship": "Outer","Parallel Aware": true,"Async Capable": false,"Relation Name": "lineitem","Alias": "lineitem","Startup Cost": 1983.37,"Total Cost": 108919.29,"Plan Rows": 19291,"Plan Width": 16,"Actual Startup Time": 28.807,"Actual Total Time": 126.686,"Actual Rows": 14979,"Actual Loops": 5,"Recheck Cond": "((l_shipdate >= '1994-11-01'::date) AND (l_shipdate < '1994-12-01 00:00:00'::timestamp without time zone))","Rows Removed by Index Recheck": 0,"Exact Heap Blocks": 8098,"Lossy Heap Blocks": 0,"Workers": [],"Plans": [{"Node Type": "Bitmap Index Scan","Parent Relationship": "Outer","Parallel Aware": false,"Async Capable": false,"Index Name": "idx_lineitem_shipdate","Startup Cost": 0.00,"Total Cost": 1964.08,"Plan Rows": 77165,"Plan Width": 0,"Actual Startup Time": 22.263,"Actual Total Time": 22.266,"Actual Rows": 74894,"Actual Loops": 1,"Index Cond": "((l_shipdate >= '1994-11-01'::date) AND (l_shipdate < '1994-12-01 00:00:00'::timestamp without time zone))","Workers": []}]},{"Node Type": "Hash","Parent Relationship": "Inner","Parallel Aware": true,"Async Capable": false,"Startup Cost": 4930.33,"Total Cost": 4930.33,"Plan Rows": 83333,"Plan Width": 25,"Actual Startup Time": 36.037,"Actual Total Time": 36.042,"Actual Rows": 40000,"Actual Loops": 5,"Hash Buckets": 262144,"Original Hash Buckets": 262144,"Hash Batches": 1,"Original Hash Batches": 1,"Peak Memory Usage": 14208,"Workers": [],"Plans": [{"Node Type": "Seq Scan","Parent Relationship": "Outer","Parallel Aware": true,"Async Capable": false,"Relation Name": "part","Alias": "part","Startup Cost": 0.00,"Total Cost": 4930.33,"Plan Rows": 83333,"Plan Width": 25,"Actual Startup Time": 0.033,"Actual Total Time": 15.614,"Actual Rows": 40000,"Actual Loops": 5,"Workers": []}]}]}]}]}]},"Planning Time": 4.356,"Triggers": [],"Execution Time": 226.431}]
[{"Plan": {"Node Type": "Aggregate","Strategy": "Plain","Partial Mode": "Finalize","Parallel Aware": false,"Async Capable": false,"Startup Cost": 111577.07,"Total Cost": 111577.08,"Plan Rows": 1,"Plan Width": 32,"Actual Startup Time": 186.301,"Actual Total Time": 202.570,"Actual Rows": 1,"Actual Loops": 1,"Plans": [{"Node Type": "Gather","Parent Relationship": "Outer","Parallel Aware": false,"Async Capable": false,"Startup Cost": 111576.61,"Total Cost": 111577.02,"Plan Rows": 4,"Plan Width": 64,"Actual Startup Time": 184.863,"Actual Total Time": 202.533,"Actual Rows": 5,"Actual Loops": 1,"Workers Planned": 4,"Workers Launched": 4,"Single Copy": false,"Plans": [{"Node Type": "Aggregate","Strategy": "Plain","Partial Mode": "Partial","Parent Relationship": "Outer","Parallel Aware": false,"Async Capable": false,"Startup Cost": 110576.61,"Total Cost": 110576.62,"Plan Rows": 1,"Plan Width": 64,"Actual Startup Time": 177.469,"Actual Total Time": 177.481,"Actual Rows": 1,"Actual Loops": 5,"Workers": [],"Plans": [{"Node Type": "Hash Join","Parent Relationship": "Outer","Parallel Aware": true,"Async Capable": false,"Join Type": "Inner","Startup Cost": 7723.43,"Total Cost": 110278.25,"Plan Rows": 17049,"Plan Width": 33,"Actual Startup Time": 61.420,"Actual Total Time": 171.970,"Actual Rows": 14049,"Actual Loops": 5,"Inner Unique": true,"Hash Cond": "(lineitem.l_partkey = part.p_partkey)","Workers": [],"Plans": [{"Node Type": "Bitmap Heap Scan","Parent Relationship": "Outer","Parallel Aware": true,"Async Capable": false,"Relation Name": "lineitem","Alias": "lineitem","Startup Cost": 1751.43,"Total Cost": 104261.50,"Plan Rows": 17049,"Plan Width": 16,"Actual Startup Time": 23.904,"Actual Total Time": 106.890,"Actual Rows": 14049,"Actual Loops": 5,"Recheck Cond": "((l_shipdate >= '1997-02-01'::date) AND (l_shipdate < '1997-03-01 00:00:00'::timestamp without time zone))","Rows Removed by Index Recheck": 0,"Exact Heap Blocks": 7418,"Lossy Heap Blocks": 0,"Workers": [],"Plans": [{"Node Type": "Bitmap Index Scan","Parent Relationship": "Outer","Parallel Aware": false,"Async Capable": false,"Index Name": "idx_lineitem_shipdate","Startup Cost": 0.00,"Total Cost": 1734.38,"Plan Rows": 68195,"Plan Width": 0,"Actual Startup Time": 17.828,"Actual Total Time": 17.830,"Actual Rows": 70245,"Actual Loops": 1,"Index Cond": "((l_shipdate >= '1997-02-01'::date) AND (l_shipdate < '1997-03-01 00:00:00'::timestamp without time zone))","Workers": []}]},{"Node Type": "Hash","Parent Relationship": "Inner","Parallel Aware": true,"Async Capable": false,"Startup Cost": 4930.33,"Total Cost": 4930.33,"Plan Rows": 83333,"Plan Width": 25,"Actual Startup Time": 36.814,"Actual Total Time": 36.818,"Actual Rows": 40000,"Actual Loops": 5,"Hash Buckets": 262144,"Original Hash Buckets": 262144,"Hash Batches": 1,"Original Hash Batches": 1,"Peak Memory Usage": 14240,"Workers": [],"Plans": [{"Node Type": "Seq Scan","Parent Relationship": "Outer","Parallel Aware": true,"Async Capable": false,"Relation Name": "part","Alias": "part","Startup Cost": 0.00,"Total Cost": 4930.33,"Plan Rows": 83333,"Plan Width": 25,"Actual Startup Time": 0.035,"Actual Total Time": 16.010,"Actual Rows": 40000,"Actual Loops": 5,"Workers": []}]}]}]}]}]},"Planning Time": 4.076,"Triggers": [],"Execution Time": 202.873}]
[{"Plan": {"Node Type": "Aggregate","Strategy": "Plain","Partial Mode": "Finalize","Parallel Aware": false,"Async Capable": false,"Startup Cost": 116932.31,"Total Cost": 116932.33,"Plan Rows": 1,"Plan Width": 32,"Actual Startup Time": 212.964,"Actual Total Time": 230.692,"Actual Rows": 1,"Actual Loops": 1,"Plans": [{"Node Type": "Gather","Parent Relationship": "Outer","Parallel Aware": false,"Async Capable": false,"Startup Cost": 116931.86,"Total Cost": 116932.27,"Plan Rows": 4,"Plan Width": 64,"Actual Startup Time": 211.225,"Actual Total Time": 230.642,"Actual Rows": 5,"Actual Loops": 1,"Workers Planned": 4,"Workers Launched": 4,"Single Copy": false,"Plans": [{"Node Type": "Aggregate","Strategy": "Plain","Partial Mode": "Partial","Parent Relationship": "Outer","Parallel Aware": false,"Async Capable": false,"Startup Cost": 115931.86,"Total Cost": 115931.87,"Plan Rows": 1,"Plan Width": 64,"Actual Startup Time": 203.156,"Actual Total Time": 203.165,"Actual Rows": 1,"Actual Loops": 5,"Workers": [],"Plans": [{"Node Type": "Hash Join","Parent Relationship": "Outer","Parallel Aware": true,"Async Capable": false,"Join Type": "Inner","Startup Cost": 7989.91,"Total Cost": 115588.05,"Plan Rows": 19646,"Plan Width": 33,"Actual Startup Time": 70.482,"Actual Total Time": 196.939,"Actual Rows": 15434,"Actual Loops": 5,"Inner Unique": true,"Hash Cond": "(lineitem.l_partkey = part.p_partkey)","Workers": [],"Plans": [{"Node Type": "Bitmap Heap Scan","Parent Relationship": "Outer","Parallel Aware": true,"Async Capable": false,"Relation Name": "lineitem","Alias": "lineitem","Startup Cost": 2017.92,"Total Cost": 109564.48,"Plan Rows": 19646,"Plan Width": 16,"Actual Startup Time": 29.789,"Actual Total Time": 125.687,"Actual Rows": 15434,"Actual Loops": 5,"Recheck Cond": "((l_shipdate >= '1995-07-01'::date) AND (l_shipdate < '1995-08-01 00:00:00'::timestamp without time zone))","Rows Removed by Index Recheck": 0,"Exact Heap Blocks": 7774,"Lossy Heap Blocks": 0,"Workers": [],"Plans": [{"Node Type": "Bitmap Index Scan","Parent Relationship": "Outer","Parallel Aware": false,"Async Capable": false,"Index Name": "idx_lineitem_shipdate","Startup Cost": 0.00,"Total Cost": 1998.27,"Plan Rows": 78584,"Plan Width": 0,"Actual Startup Time": 23.282,"Actual Total Time": 23.282,"Actual Rows": 77171,"Actual Loops": 1,"Index Cond": "((l_shipdate >= '1995-07-01'::date) AND (l_shipdate < '1995-08-01 00:00:00'::timestamp without time zone))","Workers": []}]},{"Node Type": "Hash","Parent Relationship": "Inner","Parallel Aware": true,"Async Capable": false,"Startup Cost": 4930.33,"Total Cost": 4930.33,"Plan Rows": 83333,"Plan Width": 25,"Actual Startup Time": 39.901,"Actual Total Time": 39.904,"Actual Rows": 40000,"Actual Loops": 5,"Hash Buckets": 262144,"Original Hash Buckets": 262144,"Hash Batches": 1,"Original Hash Batches": 1,"Peak Memory Usage": 14176,"Workers": [],"Plans": [{"Node Type": "Seq Scan","Parent Relationship": "Outer","Parallel Aware": true,"Async Capable": false,"Relation Name": "part","Alias": "part","Startup Cost": 0.00,"Total Cost": 4930.33,"Plan Rows": 83333,"Plan Width": 25,"Actual Startup Time": 0.037,"Actual Total Time": 17.375,"Actual Rows": 40000,"Actual Loops": 5,"Workers": []}]}]}]}]}]},"Planning Time": 3.883,"Triggers": [],"Execution Time": 230.949}]
[{"Plan": {"Node Type": "Aggregate","Strategy": "Plain","Partial Mode": "Finalize","Parallel Aware": false,"Async Capable": false,"Startup Cost": 114558.03,"Total Cost": 114558.05,"Plan Rows": 1,"Plan Width": 32,"Actual Startup Time": 193.213,"Actual Total Time": 209.719,"Actual Rows": 1,"Actual Loops": 1,"Plans": [{"Node Type": "Gather","Parent Relationship": "Outer","Parallel Aware": false,"Async Capable": false,"Startup Cost": 114557.58,"Total Cost": 114557.99,"Plan Rows": 4,"Plan Width": 64,"Actual Startup Time": 192.028,"Actual Total Time": 209.680,"Actual Rows": 5,"Actual Loops": 1,"Workers Planned": 4,"Workers Launched": 4,"Single Copy": false,"Plans": [{"Node Type": "Aggregate","Strategy": "Plain","Partial Mode": "Partial","Parent Relationship": "Outer","Parallel Aware": false,"Async Capable": false,"Startup Cost": 113557.58,"Total Cost": 113557.59,"Plan Rows": 1,"Plan Width": 64,"Actual Startup Time": 183.893,"Actual Total Time": 183.909,"Actual Rows": 1,"Actual Loops": 5,"Workers": [],"Plans": [{"Node Type": "Hash Join","Parent Relationship": "Outer","Parallel Aware": true,"Async Capable": false,"Join Type": "Inner","Startup Cost": 7863.38,"Total Cost": 113235.33,"Plan Rows": 18414,"Plan Width": 33,"Actual Startup Time": 62.674,"Actual Total Time": 178.028,"Actual Rows": 14882,"Actual Loops": 5,"Inner Unique": true,"Hash Cond": "(lineitem.l_partkey = part.p_partkey)","Workers": [],"Plans": [{"Node Type": "Bitmap Heap Scan","Parent Relationship": "Outer","Parallel Aware": true,"Async Capable": false,"Relation Name": "lineitem","Alias": "lineitem","Startup Cost": 1891.39,"Total Cost": 107215.00,"Plan Rows": 18414,"Plan Width": 16,"Actual Startup Time": 24.290,"Actual Total Time": 109.440,"Actual Rows": 14882,"Actual Loops": 5,"Recheck Cond": "((l_shipdate >= '1997-11-01'::date) AND (l_shipdate < '1997-12-01 00:00:00'::timestamp without time zone))","Rows Removed by Index Recheck": 0,"Exact Heap Blocks": 7491,"Lossy Heap Blocks": 0,"Workers": [],"Plans": [{"Node Type": "Bitmap Index Scan","Parent Relationship": "Outer","Parallel Aware": false,"Async Capable": false,"Index Name": "idx_lineitem_shipdate","Startup Cost": 0.00,"Total Cost": 1872.97,"Plan Rows": 73654,"Plan Width": 0,"Actual Startup Time": 18.161,"Actual Total Time": 18.163,"Actual Rows": 74408,"Actual Loops": 1,"Index Cond": "((l_shipdate >= '1997-11-01'::date) AND (l_shipdate < '1997-12-01 00:00:00'::timestamp without time zone))","Workers": []}]},{"Node Type": "Hash","Parent Relationship": "Inner","Parallel Aware": true,"Async Capable": false,"Startup Cost": 4930.33,"Total Cost": 4930.33,"Plan Rows": 83333,"Plan Width": 25,"Actual Startup Time": 37.637,"Actual Total Time": 37.641,"Actual Rows": 40000,"Actual Loops": 5,"Hash Buckets": 262144,"Original Hash Buckets": 262144,"Hash Batches": 1,"Original Hash Batches": 1,"Peak Memory Usage": 14208,"Workers": [],"Plans": [{"Node Type": "Seq Scan","Parent Relationship": "Outer","Parallel Aware": true,"Async Capable": false,"Relation Name": "part","Alias": "part","Startup Cost": 0.00,"Total Cost": 4930.33,"Plan Rows": 83333,"Plan Width": 25,"Actual Startup Time": 0.035,"Actual Total Time": 17.634,"Actual Rows": 40000,"Actual Loops": 5,"Workers": []}]}]}]}]}]},"Planning Time": 3.772,"Triggers": [],"Execution Time": 209.976}]
[{"Plan": {"Node Type": "Aggregate","Strategy": "Plain","Partial Mode": "Finalize","Parallel Aware": false,"Async Capable": false,"Startup Cost": 116302.88,"Total Cost": 116302.89,"Plan Rows": 1,"Plan Width": 32,"Actual Startup Time": 191.977,"Actual Total Time": 208.674,"Actual Rows": 1,"Actual Loops": 1,"Plans": [{"Node Type": "Gather","Parent Relationship": "Outer","Parallel Aware": false,"Async Capable": false,"Startup Cost": 116302.42,"Total Cost": 116302.83,"Plan Rows": 4,"Plan Width": 64,"Actual Startup Time": 190.628,"Actual Total Time": 208.617,"Actual Rows": 5,"Actual Loops": 1,"Workers Planned": 4,"Workers Launched": 4,"Single Copy": false,"Plans": [{"Node Type": "Aggregate","Strategy": "Plain","Partial Mode": "Partial","Parent Relationship": "Outer","Parallel Aware": false,"Async Capable": false,"Startup Cost": 115302.42,"Total Cost": 115302.43,"Plan Rows": 1,"Plan Width": 64,"Actual Startup Time": 183.305,"Actual Total Time": 183.316,"Actual Rows": 1,"Actual Loops": 5,"Workers": [],"Plans": [{"Node Type": "Hash Join","Parent Relationship": "Outer","Parallel Aware": true,"Async Capable": false,"Join Type": "Inner","Startup Cost": 7955.88,"Total Cost": 114964.60,"Plan Rows": 19304,"Plan Width": 33,"Actual Startup Time": 58.483,"Actual Total Time": 177.208,"Actual Rows": 15507,"Actual Loops": 5,"Inner Unique": true,"Hash Cond": "(lineitem.l_partkey = part.p_partkey)","Workers": [],"Plans": [{"Node Type": "Bitmap Heap Scan","Parent Relationship": "Outer","Parallel Aware": true,"Async Capable": false,"Relation Name": "lineitem","Alias": "lineitem","Startup Cost": 1983.89,"Total Cost": 108941.93,"Plan Rows": 19304,"Plan Width": 16,"Actual Startup Time": 22.385,"Actual Total Time": 111.734,"Actual Rows": 15507,"Actual Loops": 5,"Recheck Cond": "((l_shipdate >= '1997-03-01'::date) AND (l_shipdate < '1997-04-01 00:00:00'::timestamp without time zone))","Rows Removed by Index Recheck": 0,"Exact Heap Blocks": 8419,"Lossy Heap Blocks": 0,"Workers": [],"Plans": [{"Node Type": "Bitmap Index Scan","Parent Relationship": "Outer","Parallel Aware": false,"Async Capable": false,"Index Name": "idx_lineitem_shipdate","Startup Cost": 0.00,"Total Cost": 1964.58,"Plan Rows": 77215,"Plan Width": 0,"Actual Startup Time": 16.076,"Actual Total Time": 16.077,"Actual Rows": 77537,"Actual Loops": 1,"Index Cond": "((l_shipdate >= '1997-03-01'::date) AND (l_shipdate < '1997-04-01 00:00:00'::timestamp without time zone))","Workers": []}]},{"Node Type": "Hash","Parent Relationship": "Inner","Parallel Aware": true,"Async Capable": false,"Startup Cost": 4930.33,"Total Cost": 4930.33,"Plan Rows": 83333,"Plan Width": 25,"Actual Startup Time": 35.330,"Actual Total Time": 35.334,"Actual Rows": 40000,"Actual Loops": 5,"Hash Buckets": 262144,"Original Hash Buckets": 262144,"Hash Batches": 1,"Original Hash Batches": 1,"Peak Memory Usage": 14208,"Workers": [],"Plans": [{"Node Type": "Seq Scan","Parent Relationship": "Outer","Parallel Aware": true,"Async Capable": false,"Relation Name": "part","Alias": "part","Startup Cost": 0.00,"Total Cost": 4930.33,"Plan Rows": 83333,"Plan Width": 25,"Actual Startup Time": 0.035,"Actual Total Time": 15.361,"Actual Rows": 40000,"Actual Loops": 5,"Workers": []}]}]}]}]}]},"Planning Time": 4.026,"Triggers": [],"Execution Time": 208.949}]
[{"Plan": {"Node Type": "Aggregate","Strategy": "Plain","Partial Mode": "Finalize","Parallel Aware": false,"Async Capable": false,"Startup Cost": 114988.17,"Total Cost": 114988.19,"Plan Rows": 1,"Plan Width": 32,"Actual Startup Time": 191.420,"Actual Total Time": 208.040,"Actual Rows": 1,"Actual Loops": 1,"Plans": [{"Node Type": "Gather","Parent Relationship": "Outer","Parallel Aware": false,"Async Capable": false,"Startup Cost": 114987.72,"Total Cost": 114988.13,"Plan Rows": 4,"Plan Width": 64,"Actual Startup Time": 190.087,"Actual Total Time": 207.994,"Actual Rows": 5,"Actual Loops": 1,"Workers Planned": 4,"Workers Launched": 4,"Single Copy": false,"Plans": [{"Node Type": "Aggregate","Strategy": "Plain","Partial Mode": "Partial","Parent Relationship": "Outer","Parallel Aware": false,"Async Capable": false,"Startup Cost": 113987.72,"Total Cost": 113987.73,"Plan Rows": 1,"Plan Width": 64,"Actual Startup Time": 182.433,"Actual Total Time": 182.445,"Actual Rows": 1,"Actual Loops": 5,"Workers": [],"Plans": [{"Node Type": "Hash Join","Parent Relationship": "Outer","Parallel Aware": true,"Async Capable": false,"Join Type": "Inner","Startup Cost": 7888.03,"Total Cost": 113661.79,"Plan Rows": 18624,"Plan Width": 33,"Actual Startup Time": 61.927,"Actual Total Time": 176.320,"Actual Rows": 15394,"Actual Loops": 5,"Inner Unique": true,"Hash Cond": "(lineitem.l_partkey = part.p_partkey)","Workers": [],"Plans": [{"Node Type": "Bitmap Heap Scan","Parent Relationship": "Outer","Parallel Aware": true,"Async Capable": false,"Relation Name": "lineitem","Alias": "lineitem","Startup Cost": 1916.04,"Total Cost": 107640.91,"Plan Rows": 18624,"Plan Width": 16,"Actual Startup Time": 24.987,"Actual Total Time": 110.729,"Actual Rows": 15394,"Actual Loops": 5,"Recheck Cond": "((l_shipdate >= '1996-07-01'::date) AND (l_shipdate < '1996-08-01 00:00:00'::timestamp without time zone))","Rows Removed by Index Recheck": 0,"Exact Heap Blocks": 7965,"Lossy Heap Blocks": 0,"Workers": [],"Plans": [{"Node Type": "Bitmap Index Scan","Parent Relationship": "Outer","Parallel Aware": false,"Async Capable": false,"Index Name": "idx_lineitem_shipdate","Startup Cost": 0.00,"Total Cost": 1897.41,"Plan Rows": 74498,"Plan Width": 0,"Actual Startup Time": 18.517,"Actual Total Time": 18.520,"Actual Rows": 76969,"Actual Loops": 1,"Index Cond": "((l_shipdate >= '1996-07-01'::date) AND (l_shipdate < '1996-08-01 00:00:00'::timestamp without time zone))","Workers": []}]},{"Node Type": "Hash","Parent Relationship": "Inner","Parallel Aware": true,"Async Capable": false,"Startup Cost": 4930.33,"Total Cost": 4930.33,"Plan Rows": 83333,"Plan Width": 25,"Actual Startup Time": 36.145,"Actual Total Time": 36.150,"Actual Rows": 40000,"Actual Loops": 5,"Hash Buckets": 262144,"Original Hash Buckets": 262144,"Hash Batches": 1,"Original Hash Batches": 1,"Peak Memory Usage": 14240,"Workers": [],"Plans": [{"Node Type": "Seq Scan","Parent Relationship": "Outer","Parallel Aware": true,"Async Capable": false,"Relation Name": "part","Alias": "part","Startup Cost": 0.00,"Total Cost": 4930.33,"Plan Rows": 83333,"Plan Width": 25,"Actual Startup Time": 0.045,"Actual Total Time": 16.144,"Actual Rows": 40000,"Actual Loops": 5,"Workers": []}]}]}]}]}]},"Planning Time": 3.961,"Triggers": [],"Execution Time": 208.334}]
[{"Plan": {"Node Type": "Aggregate","Strategy": "Plain","Partial Mode": "Finalize","Parallel Aware": false,"Async Capable": false,"Startup Cost": 113981.89,"Total Cost": 113981.91,"Plan Rows": 1,"Plan Width": 32,"Actual Startup Time": 197.174,"Actual Total Time": 213.438,"Actual Rows": 1,"Actual Loops": 1,"Plans": [{"Node Type": "Gather","Parent Relationship": "Outer","Parallel Aware": false,"Async Capable": false,"Startup Cost": 113981.44,"Total Cost": 113981.85,"Plan Rows": 4,"Plan Width": 64,"Actual Startup Time": 195.686,"Actual Total Time": 213.400,"Actual Rows": 5,"Actual Loops": 1,"Workers Planned": 4,"Workers Launched": 4,"Single Copy": false,"Plans": [{"Node Type": "Aggregate","Strategy": "Plain","Partial Mode": "Partial","Parent Relationship": "Outer","Parallel Aware": false,"Async Capable": false,"Startup Cost": 112981.44,"Total Cost": 112981.45,"Plan Rows": 1,"Plan Width": 64,"Actual Startup Time": 187.932,"Actual Total Time": 187.944,"Actual Rows": 1,"Actual Loops": 5,"Workers": [],"Plans": [{"Node Type": "Hash Join","Parent Relationship": "Outer","Parallel Aware": true,"Async Capable": false,"Join Type": "Inner","Startup Cost": 7835.95,"Total Cost": 112664.07,"Plan Rows": 18135,"Plan Width": 33,"Actual Startup Time": 63.652,"Actual Total Time": 181.847,"Actual Rows": 15463,"Actual Loops": 5,"Inner Unique": true,"Hash Cond": "(lineitem.l_partkey = part.p_partkey)","Workers": [],"Plans": [{"Node Type": "Bitmap Heap Scan","Parent Relationship": "Outer","Parallel Aware": true,"Async Capable": false,"Relation Name": "lineitem","Alias": "lineitem","Startup Cost": 1863.96,"Total Cost": 106644.47,"Plan Rows": 18135,"Plan Width": 16,"Actual Startup Time": 23.262,"Actual Total Time": 111.502,"Actual Rows": 15463,"Actual Loops": 5,"Recheck Cond": "((l_shipdate >= '1993-12-01'::date) AND (l_shipdate < '1994-01-01 00:00:00'::timestamp without time zone))","Rows Removed by Index Recheck": 0,"Exact Heap Blocks": 8224,"Lossy Heap Blocks": 0,"Workers": [],"Plans": [{"Node Type": "Bitmap Index Scan","Parent Relationship": "Outer","Parallel Aware": false,"Async Capable": false,"Index Name": "idx_lineitem_shipdate","Startup Cost": 0.00,"Total Cost": 1845.82,"Plan Rows": 72539,"Plan Width": 0,"Actual Startup Time": 16.967,"Actual Total Time": 16.973,"Actual Rows": 77313,"Actual Loops": 1,"Index Cond": "((l_shipdate >= '1993-12-01'::date) AND (l_shipdate < '1994-01-01 00:00:00'::timestamp without time zone))","Workers": []}]},{"Node Type": "Hash","Parent Relationship": "Inner","Parallel Aware": true,"Async Capable": false,"Startup Cost": 4930.33,"Total Cost": 4930.33,"Plan Rows": 83333,"Plan Width": 25,"Actual Startup Time": 39.572,"Actual Total Time": 39.575,"Actual Rows": 40000,"Actual Loops": 5,"Hash Buckets": 262144,"Original Hash Buckets": 262144,"Hash Batches": 1,"Original Hash Batches": 1,"Peak Memory Usage": 14208,"Workers": [],"Plans": [{"Node Type": "Seq Scan","Parent Relationship": "Outer","Parallel Aware": true,"Async Capable": false,"Relation Name": "part","Alias": "part","Startup Cost": 0.00,"Total Cost": 4930.33,"Plan Rows": 83333,"Plan Width": 25,"Actual Startup Time": 0.049,"Actual Total Time": 17.416,"Actual Rows": 40000,"Actual Loops": 5,"Workers": []}]}]}]}]}]},"Planning Time": 4.239,"Triggers": [],"Execution Time": 213.703}]
[{"Plan": {"Node Type": "Aggregate","Strategy": "Plain","Partial Mode": "Finalize","Parallel Aware": false,"Async Capable": false,"Startup Cost": 117951.42,"Total Cost": 117951.44,"Plan Rows": 1,"Plan Width": 32,"Actual Startup Time": 195.681,"Actual Total Time": 213.344,"Actual Rows": 1,"Actual Loops": 1,"Plans": [{"Node Type": "Gather","Parent Relationship": "Outer","Parallel Aware": false,"Async Capable": false,"Startup Cost": 117950.97,"Total Cost": 117951.38,"Plan Rows": 4,"Plan Width": 64,"Actual Startup Time": 194.406,"Actual Total Time": 213.290,"Actual Rows": 5,"Actual Loops": 1,"Workers Planned": 4,"Workers Launched": 4,"Single Copy": false,"Plans": [{"Node Type": "Aggregate","Strategy": "Plain","Partial Mode": "Partial","Parent Relationship": "Outer","Parallel Aware": false,"Async Capable": false,"Startup Cost": 116950.97,"Total Cost": 116950.98,"Plan Rows": 1,"Plan Width": 64,"Actual Startup Time": 186.783,"Actual Total Time": 186.797,"Actual Rows": 1,"Actual Loops": 5,"Workers": [],"Plans": [{"Node Type": "Hash Join","Parent Relationship": "Outer","Parallel Aware": true,"Async Capable": false,"Join Type": "Inner","Startup Cost": 8049.62,"Total Cost": 116597.04,"Plan Rows": 20224,"Plan Width": 33,"Actual Startup Time": 60.474,"Actual Total Time": 180.769,"Actual Rows": 15532,"Actual Loops": 5,"Inner Unique": true,"Hash Cond": "(lineitem.l_partkey = part.p_partkey)","Workers": [],"Plans": [{"Node Type": "Bitmap Heap Scan","Parent Relationship": "Outer","Parallel Aware": true,"Async Capable": false,"Relation Name": "lineitem","Alias": "lineitem","Startup Cost": 2077.63,"Total Cost": 110571.96,"Plan Rows": 20224,"Plan Width": 16,"Actual Startup Time": 22.143,"Actual Total Time": 111.653,"Actual Rows": 15532,"Actual Loops": 5,"Recheck Cond": "((l_shipdate >= '1993-10-01'::date) AND (l_shipdate < '1993-11-01 00:00:00'::timestamp without time zone))","Rows Removed by Index Recheck": 0,"Exact Heap Blocks": 7906,"Lossy Heap Blocks": 0,"Workers": [],"Plans": [{"Node Type": "Bitmap Index Scan","Parent Relationship": "Outer","Parallel Aware": false,"Async Capable": false,"Index Name": "idx_lineitem_shipdate","Startup Cost": 0.00,"Total Cost": 2057.40,"Plan Rows": 80897,"Plan Width": 0,"Actual Startup Time": 15.870,"Actual Total Time": 15.870,"Actual Rows": 77661,"Actual Loops": 1,"Index Cond": "((l_shipdate >= '1993-10-01'::date) AND (l_shipdate < '1993-11-01 00:00:00'::timestamp without time zone))","Workers": []}]},{"Node Type": "Hash","Parent Relationship": "Inner","Parallel Aware": true,"Async Capable": false,"Startup Cost": 4930.33,"Total Cost": 4930.33,"Plan Rows": 83333,"Plan Width": 25,"Actual Startup Time": 37.623,"Actual Total Time": 37.628,"Actual Rows": 40000,"Actual Loops": 5,"Hash Buckets": 262144,"Original Hash Buckets": 262144,"Hash Batches": 1,"Original Hash Batches": 1,"Peak Memory Usage": 14176,"Workers": [],"Plans": [{"Node Type": "Seq Scan","Parent Relationship": "Outer","Parallel Aware": true,"Async Capable": false,"Relation Name": "part","Alias": "part","Startup Cost": 0.00,"Total Cost": 4930.33,"Plan Rows": 83333,"Plan Width": 25,"Actual Startup Time": 0.033,"Actual Total Time": 16.489,"Actual Rows": 40000,"Actual Loops": 5,"Workers": []}]}]}]}]}]},"Planning Time": 4.158,"Triggers": [],"Execution Time": 213.609}]
[{"Plan": {"Node Type": "Aggregate","Strategy": "Plain","Partial Mode": "Finalize","Parallel Aware": false,"Async Capable": false,"Startup Cost": 118140.12,"Total Cost": 118140.13,"Plan Rows": 1,"Plan Width": 32,"Actual Startup Time": 185.903,"Actual Total Time": 202.979,"Actual Rows": 1,"Actual Loops": 1,"Plans": [{"Node Type": "Gather","Parent Relationship": "Outer","Parallel Aware": false,"Async Capable": false,"Startup Cost": 118139.66,"Total Cost": 118140.07,"Plan Rows": 4,"Plan Width": 64,"Actual Startup Time": 184.390,"Actual Total Time": 202.925,"Actual Rows": 5,"Actual Loops": 1,"Workers Planned": 4,"Workers Launched": 4,"Single Copy": false,"Plans": [{"Node Type": "Aggregate","Strategy": "Plain","Partial Mode": "Partial","Parent Relationship": "Outer","Parallel Aware": false,"Async Capable": false,"Startup Cost": 117139.66,"Total Cost": 117139.67,"Plan Rows": 1,"Plan Width": 64,"Actual Startup Time": 176.869,"Actual Total Time": 176.882,"Actual Rows": 1,"Actual Loops": 5,"Workers": [],"Plans": [{"Node Type": "Hash Join","Parent Relationship": "Outer","Parallel Aware": true,"Async Capable": false,"Join Type": "Inner","Startup Cost": 8062.13,"Total Cost": 116783.81,"Plan Rows": 20334,"Plan Width": 33,"Actual Startup Time": 60.553,"Actual Total Time": 171.029,"Actual Rows": 15084,"Actual Loops": 5,"Inner Unique": true,"Hash Cond": "(lineitem.l_partkey = part.p_partkey)","Workers": [],"Plans": [{"Node Type": "Bitmap Heap Scan","Parent Relationship": "Outer","Parallel Aware": true,"Async Capable": false,"Relation Name": "lineitem","Alias": "lineitem","Startup Cost": 2090.14,"Total Cost": 110758.44,"Plan Rows": 20334,"Plan Width": 16,"Actual Startup Time": 24.977,"Actual Total Time": 107.592,"Actual Rows": 15084,"Actual Loops": 5,"Recheck Cond": "((l_shipdate >= '1996-11-01'::date) AND (l_shipdate < '1996-12-01 00:00:00'::timestamp without time zone))","Rows Removed by Index Recheck": 0,"Exact Heap Blocks": 7792,"Lossy Heap Blocks": 0,"Workers": [],"Plans": [{"Node Type": "Bitmap Index Scan","Parent Relationship": "Outer","Parallel Aware": false,"Async Capable": false,"Index Name": "idx_lineitem_shipdate","Startup Cost": 0.00,"Total Cost": 2069.80,"Plan Rows": 81337,"Plan Width": 0,"Actual Startup Time": 18.606,"Actual Total Time": 18.607,"Actual Rows": 75419,"Actual Loops": 1,"Index Cond": "((l_shipdate >= '1996-11-01'::date) AND (l_shipdate < '1996-12-01 00:00:00'::timestamp without time zone))","Workers": []}]},{"Node Type": "Hash","Parent Relationship": "Inner","Parallel Aware": true,"Async Capable": false,"Startup Cost": 4930.33,"Total Cost": 4930.33,"Plan Rows": 83333,"Plan Width": 25,"Actual Startup Time": 34.770,"Actual Total Time": 34.774,"Actual Rows": 40000,"Actual Loops": 5,"Hash Buckets": 262144,"Original Hash Buckets": 262144,"Hash Batches": 1,"Original Hash Batches": 1,"Peak Memory Usage": 14240,"Workers": [],"Plans": [{"Node Type": "Seq Scan","Parent Relationship": "Outer","Parallel Aware": true,"Async Capable": false,"Relation Name": "part","Alias": "part","Startup Cost": 0.00,"Total Cost": 4930.33,"Plan Rows": 83333,"Plan Width": 25,"Actual Startup Time": 0.035,"Actual Total Time": 15.079,"Actual Rows": 40000,"Actual Loops": 5,"Workers": []}]}]}]}]}]},"Planning Time": 3.987,"Triggers": [],"Execution Time": 203.309}]
[{"Plan": {"Node Type": "Aggregate","Strategy": "Plain","Partial Mode": "Finalize","Parallel Aware": false,"Async Capable": false,"Startup Cost": 116302.88,"Total Cost": 116302.89,"Plan Rows": 1,"Plan Width": 32,"Actual Startup Time": 191.977,"Actual Total Time": 208.674,"Actual Rows": 1,"Actual Loops": 1,"Plans": [{"Node Type": "Gather","Parent Relationship": "Outer","Parallel Aware": false,"Async Capable": false,"Startup Cost": 116302.42,"Total Cost": 116302.83,"Plan Rows": 4,"Plan Width": 64,"Actual Startup Time": 190.628,"Actual Total Time": 208.617,"Actual Rows": 5,"Actual Loops": 1,"Workers Planned": 4,"Workers Launched": 4,"Single Copy": false,"Plans": [{"Node Type": "Aggregate","Strategy": "Plain","Partial Mode": "Partial","Parent Relationship": "Outer","Parallel Aware": false,"Async Capable": false,"Startup Cost": 115302.42,"Total Cost": 115302.43,"Plan Rows": 1,"Plan Width": 64,"Actual Startup Time": 183.305,"Actual Total Time": 183.316,"Actual Rows": 1,"Actual Loops": 5,"Workers": [],"Plans": [{"Node Type": "Hash Join","Parent Relationship": "Outer","Parallel Aware": true,"Async Capable": false,"Join Type": "Inner","Startup Cost": 7955.88,"Total Cost": 114964.60,"Plan Rows": 19304,"Plan Width": 33,"Actual Startup Time": 58.483,"Actual Total Time": 177.208,"Actual Rows": 15507,"Actual Loops": 5,"Inner Unique": true,"Hash Cond": "(lineitem.l_partkey = part.p_partkey)","Workers": [],"Plans": [{"Node Type": "Bitmap Heap Scan","Parent Relationship": "Outer","Parallel Aware": true,"Async Capable": false,"Relation Name": "lineitem","Alias": "lineitem","Startup Cost": 1983.89,"Total Cost": 108941.93,"Plan Rows": 19304,"Plan Width": 16,"Actual Startup Time": 22.385,"Actual Total Time": 111.734,"Actual Rows": 15507,"Actual Loops": 5,"Recheck Cond": "((l_shipdate >= '1997-03-01'::date) AND (l_shipdate < '1997-04-01 00:00:00'::timestamp without time zone))","Rows Removed by Index Recheck": 0,"Exact Heap Blocks": 8419,"Lossy Heap Blocks": 0,"Workers": [],"Plans": [{"Node Type": "Bitmap Index Scan","Parent Relationship": "Outer","Parallel Aware": false,"Async Capable": false,"Index Name": "idx_lineitem_shipdate","Startup Cost": 0.00,"Total Cost": 1964.58,"Plan Rows": 77215,"Plan Width": 0,"Actual Startup Time": 16.076,"Actual Total Time": 16.077,"Actual Rows": 77537,"Actual Loops": 1,"Index Cond": "((l_shipdate >= '1997-03-01'::date) AND (l_shipdate < '1997-04-01 00:00:00'::timestamp without time zone))","Workers": []}]},{"Node Type": "Hash","Parent Relationship": "Inner","Parallel Aware": true,"Async Capable": false,"Startup Cost": 4930.33,"Total Cost": 4930.33,"Plan Rows": 83333,"Plan Width": 25,"Actual Startup Time": 35.330,"Actual Total Time": 35.334,"Actual Rows": 40000,"Actual Loops": 5,"Hash Buckets": 262144,"Original Hash Buckets": 262144,"Hash Batches": 1,"Original Hash Batches": 1,"Peak Memory Usage": 14208,"Workers": [],"Plans": [{"Node Type": "Seq Scan","Parent Relationship": "Outer","Parallel Aware": true,"Async Capable": false,"Relation Name": "part","Alias": "part","Startup Cost": 0.00,"Total Cost": 4930.33,"Plan Rows": 83333,"Plan Width": 25,"Actual Startup Time": 0.035,"Actual Total Time": 15.361,"Actual Rows": 40000,"Actual Loops": 5,"Workers": []}]}]}]}]}]},"Planning Time": 4.026,"Triggers": [],"Execution Time": 208.949}]
[{"Plan": {"Node Type": "Aggregate","Strategy": "Plain","Partial Mode": "Finalize","Parallel Aware": false,"Async Capable": false,"Startup Cost": 114861.81,"Total Cost": 114861.82,"Plan Rows": 1,"Plan Width": 32,"Actual Startup Time": 188.604,"Actual Total Time": 205.507,"Actual Rows": 1,"Actual Loops": 1,"Plans": [{"Node Type": "Gather","Parent Relationship": "Outer","Parallel Aware": false,"Async Capable": false,"Startup Cost": 114861.35,"Total Cost": 114861.76,"Plan Rows": 4,"Plan Width": 64,"Actual Startup Time": 187.236,"Actual Total Time": 205.453,"Actual Rows": 5,"Actual Loops": 1,"Workers Planned": 4,"Workers Launched": 4,"Single Copy": false,"Plans": [{"Node Type": "Aggregate","Strategy": "Plain","Partial Mode": "Partial","Parent Relationship": "Outer","Parallel Aware": false,"Async Capable": false,"Startup Cost": 113861.35,"Total Cost": 113861.36,"Plan Rows": 1,"Plan Width": 64,"Actual Startup Time": 179.741,"Actual Total Time": 179.759,"Actual Rows": 1,"Actual Loops": 5,"Workers": [],"Plans": [{"Node Type": "Hash Join","Parent Relationship": "Outer","Parallel Aware": true,"Async Capable": false,"Join Type": "Inner","Startup Cost": 7881.45,"Total Cost": 113536.51,"Plan Rows": 18562,"Plan Width": 33,"Actual Startup Time": 60.790,"Actual Total Time": 173.757,"Actual Rows": 15501,"Actual Loops": 5,"Inner Unique": true,"Hash Cond": "(lineitem.l_partkey = part.p_partkey)","Workers": [],"Plans": [{"Node Type": "Bitmap Heap Scan","Parent Relationship": "Outer","Parallel Aware": true,"Async Capable": false,"Relation Name": "lineitem","Alias": "lineitem","Startup Cost": 1909.45,"Total Cost": 107515.79,"Plan Rows": 18561,"Plan Width": 16,"Actual Startup Time": 23.212,"Actual Total Time": 106.658,"Actual Rows": 15501,"Actual Loops": 5,"Recheck Cond": "((l_shipdate >= '1995-08-01'::date) AND (l_shipdate < '1995-09-01 00:00:00'::timestamp without time zone))","Rows Removed by Index Recheck": 0,"Exact Heap Blocks": 7755,"Lossy Heap Blocks": 0,"Workers": [],"Plans": [{"Node Type": "Bitmap Index Scan","Parent Relationship": "Outer","Parallel Aware": false,"Async Capable": false,"Index Name": "idx_lineitem_shipdate","Startup Cost": 0.00,"Total Cost": 1890.89,"Plan Rows": 74246,"Plan Width": 0,"Actual Startup Time": 16.821,"Actual Total Time": 16.824,"Actual Rows": 77505,"Actual Loops": 1,"Index Cond": "((l_shipdate >= '1995-08-01'::date) AND (l_shipdate < '1995-09-01 00:00:00'::timestamp without time zone))","Workers": []}]},{"Node Type": "Hash","Parent Relationship": "Inner","Parallel Aware": true,"Async Capable": false,"Startup Cost": 4930.33,"Total Cost": 4930.33,"Plan Rows": 83333,"Plan Width": 25,"Actual Startup Time": 36.743,"Actual Total Time": 36.750,"Actual Rows": 40000,"Actual Loops": 5,"Hash Buckets": 262144,"Original Hash Buckets": 262144,"Hash Batches": 1,"Original Hash Batches": 1,"Peak Memory Usage": 14240,"Workers": [],"Plans": [{"Node Type": "Seq Scan","Parent Relationship": "Outer","Parallel Aware": true,"Async Capable": false,"Relation Name": "part","Alias": "part","Startup Cost": 0.00,"Total Cost": 4930.33,"Plan Rows": 83333,"Plan Width": 25,"Actual Startup Time": 0.042,"Actual Total Time": 16.083,"Actual Rows": 40000,"Actual Loops": 5,"Workers": []}]}]}]}]}]},"Planning Time": 4.082,"Triggers": [],"Execution Time": 205.784}]
[{"Plan": {"Node Type": "Aggregate","Strategy": "Plain","Partial Mode": "Finalize","Parallel Aware": false,"Async Capable": false,"Startup Cost": 116921.16,"Total Cost": 116921.17,"Plan Rows": 1,"Plan Width": 32,"Actual Startup Time": 188.717,"Actual Total Time": 203.796,"Actual Rows": 1,"Actual Loops": 1,"Plans": [{"Node Type": "Gather","Parent Relationship": "Outer","Parallel Aware": false,"Async Capable": false,"Startup Cost": 116920.70,"Total Cost": 116921.11,"Plan Rows": 4,"Plan Width": 64,"Actual Startup Time": 187.795,"Actual Total Time": 203.760,"Actual Rows": 5,"Actual Loops": 1,"Workers Planned": 4,"Workers Launched": 4,"Single Copy": false,"Plans": [{"Node Type": "Aggregate","Strategy": "Plain","Partial Mode": "Partial","Parent Relationship": "Outer","Parallel Aware": false,"Async Capable": false,"Startup Cost": 115920.70,"Total Cost": 115920.71,"Plan Rows": 1,"Plan Width": 64,"Actual Startup Time": 178.906,"Actual Total Time": 178.917,"Actual Rows": 1,"Actual Loops": 5,"Workers": [],"Plans": [{"Node Type": "Hash Join","Parent Relationship": "Outer","Parallel Aware": true,"Async Capable": false,"Join Type": "Inner","Startup Cost": 7989.65,"Total Cost": 115577.00,"Plan Rows": 19640,"Plan Width": 33,"Actual Startup Time": 58.926,"Actual Total Time": 172.760,"Actual Rows": 15600,"Actual Loops": 5,"Inner Unique": true,"Hash Cond": "(lineitem.l_partkey = part.p_partkey)","Workers": [],"Plans": [{"Node Type": "Bitmap Heap Scan","Parent Relationship": "Outer","Parallel Aware": true,"Async Capable": false,"Relation Name": "lineitem","Alias": "lineitem","Startup Cost": 2017.65,"Total Cost": 109553.45,"Plan Rows": 19640,"Plan Width": 16,"Actual Startup Time": 22.345,"Actual Total Time": 105.470,"Actual Rows": 15600,"Actual Loops": 5,"Recheck Cond": "((l_shipdate >= '1996-10-01'::date) AND (l_shipdate < '1996-11-01 00:00:00'::timestamp without time zone))","Rows Removed by Index Recheck": 0,"Exact Heap Blocks": 6706,"Lossy Heap Blocks": 0,"Workers": [],"Plans": [{"Node Type": "Bitmap Index Scan","Parent Relationship": "Outer","Parallel Aware": false,"Async Capable": false,"Index Name": "idx_lineitem_shipdate","Startup Cost": 0.00,"Total Cost": 1998.01,"Plan Rows": 78558,"Plan Width": 0,"Actual Startup Time": 16.072,"Actual Total Time": 16.073,"Actual Rows": 78000,"Actual Loops": 1,"Index Cond": "((l_shipdate >= '1996-10-01'::date) AND (l_shipdate < '1996-11-01 00:00:00'::timestamp without time zone))","Workers": []}]},{"Node Type": "Hash","Parent Relationship": "Inner","Parallel Aware": true,"Async Capable": false,"Startup Cost": 4930.33,"Total Cost": 4930.33,"Plan Rows": 83333,"Plan Width": 25,"Actual Startup Time": 35.841,"Actual Total Time": 35.845,"Actual Rows": 40000,"Actual Loops": 5,"Hash Buckets": 262144,"Original Hash Buckets": 262144,"Hash Batches": 1,"Original Hash Batches": 1,"Peak Memory Usage": 14208,"Workers": [],"Plans": [{"Node Type": "Seq Scan","Parent Relationship": "Outer","Parallel Aware": true,"Async Capable": false,"Relation Name": "part","Alias": "part","Startup Cost": 0.00,"Total Cost": 4930.33,"Plan Rows": 83333,"Plan Width": 25,"Actual Startup Time": 0.045,"Actual Total Time": 16.936,"Actual Rows": 40000,"Actual Loops": 5,"Workers": []}]}]}]}]}]},"Planning Time": 5.387,"Triggers": [],"Execution Time": 204.098}]
[{"Plan": {"Node Type": "Aggregate","Strategy": "Plain","Partial Mode": "Finalize","Parallel Aware": false,"Async Capable": false,"Startup Cost": 114902.36,"Total Cost": 114902.37,"Plan Rows": 1,"Plan Width": 32,"Actual Startup Time": 198.225,"Actual Total Time": 215.708,"Actual Rows": 1,"Actual Loops": 1,"Plans": [{"Node Type": "Gather","Parent Relationship": "Outer","Parallel Aware": false,"Async Capable": false,"Startup Cost": 114901.90,"Total Cost": 114902.31,"Plan Rows": 4,"Plan Width": 64,"Actual Startup Time": 196.886,"Actual Total Time": 215.657,"Actual Rows": 5,"Actual Loops": 1,"Workers Planned": 4,"Workers Launched": 4,"Single Copy": false,"Plans": [{"Node Type": "Aggregate","Strategy": "Plain","Partial Mode": "Partial","Parent Relationship": "Outer","Parallel Aware": false,"Async Capable": false,"Startup Cost": 113901.90,"Total Cost": 113901.91,"Plan Rows": 1,"Plan Width": 64,"Actual Startup Time": 188.997,"Actual Total Time": 189.007,"Actual Rows": 1,"Actual Loops": 5,"Workers": [],"Plans": [{"Node Type": "Hash Join","Parent Relationship": "Outer","Parallel Aware": true,"Async Capable": false,"Join Type": "Inner","Startup Cost": 7882.30,"Total Cost": 113576.71,"Plan Rows": 18582,"Plan Width": 33,"Actual Startup Time": 61.932,"Actual Total Time": 182.740,"Actual Rows": 15587,"Actual Loops": 5,"Inner Unique": true,"Hash Cond": "(lineitem.l_partkey = part.p_partkey)","Workers": [],"Plans": [{"Node Type": "Bitmap Heap Scan","Parent Relationship": "Outer","Parallel Aware": true,"Async Capable": false,"Relation Name": "lineitem","Alias": "lineitem","Startup Cost": 1910.30,"Total Cost": 107555.94,"Plan Rows": 18582,"Plan Width": 16,"Actual Startup Time": 22.647,"Actual Total Time": 112.380,"Actual Rows": 15587,"Actual Loops": 5,"Recheck Cond": "((l_shipdate >= '1996-12-01'::date) AND (l_shipdate < '1997-01-01 00:00:00'::timestamp without time zone))","Rows Removed by Index Recheck": 0,"Exact Heap Blocks": 7656,"Lossy Heap Blocks": 0,"Workers": [],"Plans": [{"Node Type": "Bitmap Index Scan","Parent Relationship": "Outer","Parallel Aware": false,"Async Capable": false,"Index Name": "idx_lineitem_shipdate","Startup Cost": 0.00,"Total Cost": 1891.72,"Plan Rows": 74329,"Plan Width": 0,"Actual Startup Time": 16.250,"Actual Total Time": 16.252,"Actual Rows": 77933,"Actual Loops": 1,"Index Cond": "((l_shipdate >= '1996-12-01'::date) AND (l_shipdate < '1997-01-01 00:00:00'::timestamp without time zone))","Workers": []}]},{"Node Type": "Hash","Parent Relationship": "Inner","Parallel Aware": true,"Async Capable": false,"Startup Cost": 4930.33,"Total Cost": 4930.33,"Plan Rows": 83333,"Plan Width": 25,"Actual Startup Time": 38.467,"Actual Total Time": 38.471,"Actual Rows": 40000,"Actual Loops": 5,"Hash Buckets": 262144,"Original Hash Buckets": 262144,"Hash Batches": 1,"Original Hash Batches": 1,"Peak Memory Usage": 14208,"Workers": [],"Plans": [{"Node Type": "Seq Scan","Parent Relationship": "Outer","Parallel Aware": true,"Async Capable": false,"Relation Name": "part","Alias": "part","Startup Cost": 0.00,"Total Cost": 4930.33,"Plan Rows": 83333,"Plan Width": 25,"Actual Startup Time": 0.033,"Actual Total Time": 18.148,"Actual Rows": 40000,"Actual Loops": 5,"Workers": []}]}]}]}]}]},"Planning Time": 4.024,"Triggers": [],"Execution Time": 215.988}]
[{"Plan": {"Node Type": "Aggregate","Strategy": "Plain","Partial Mode": "Finalize","Parallel Aware": false,"Async Capable": false,"Startup Cost": 117449.67,"Total Cost": 117449.68,"Plan Rows": 1,"Plan Width": 32,"Actual Startup Time": 199.712,"Actual Total Time": 217.714,"Actual Rows": 1,"Actual Loops": 1,"Plans": [{"Node Type": "Gather","Parent Relationship": "Outer","Parallel Aware": false,"Async Capable": false,"Startup Cost": 117449.21,"Total Cost": 117449.62,"Plan Rows": 4,"Plan Width": 64,"Actual Startup Time": 198.396,"Actual Total Time": 217.675,"Actual Rows": 5,"Actual Loops": 1,"Workers Planned": 4,"Workers Launched": 4,"Single Copy": false,"Plans": [{"Node Type": "Aggregate","Strategy": "Plain","Partial Mode": "Partial","Parent Relationship": "Outer","Parallel Aware": false,"Async Capable": false,"Startup Cost": 116449.21,"Total Cost": 116449.22,"Plan Rows": 1,"Plan Width": 64,"Actual Startup Time": 190.883,"Actual Total Time": 190.895,"Actual Rows": 1,"Actual Loops": 5,"Workers": [],"Plans": [{"Node Type": "Hash Join","Parent Relationship": "Outer","Parallel Aware": true,"Async Capable": false,"Join Type": "Inner","Startup Cost": 8021.73,"Total Cost": 116100.36,"Plan Rows": 19934,"Plan Width": 33,"Actual Startup Time": 64.708,"Actual Total Time": 184.712,"Actual Rows": 15580,"Actual Loops": 5,"Inner Unique": true,"Hash Cond": "(lineitem.l_partkey = part.p_partkey)","Workers": [],"Plans": [{"Node Type": "Bitmap Heap Scan","Parent Relationship": "Outer","Parallel Aware": true,"Async Capable": false,"Relation Name": "lineitem","Alias": "lineitem","Startup Cost": 2049.74,"Total Cost": 110076.04,"Plan Rows": 19934,"Plan Width": 16,"Actual Startup Time": 23.730,"Actual Total Time": 112.410,"Actual Rows": 15580,"Actual Loops": 5,"Recheck Cond": "((l_shipdate >= '1995-05-01'::date) AND (l_shipdate < '1995-06-01 00:00:00'::timestamp without time zone))","Rows Removed by Index Recheck": 0,"Exact Heap Blocks": 8270,"Lossy Heap Blocks": 0,"Workers": [],"Plans": [{"Node Type": "Bitmap Index Scan","Parent Relationship": "Outer","Parallel Aware": false,"Async Capable": false,"Index Name": "idx_lineitem_shipdate","Startup Cost": 0.00,"Total Cost": 2029.80,"Plan Rows": 79737,"Plan Width": 0,"Actual Startup Time": 17.296,"Actual Total Time": 17.299,"Actual Rows": 77900,"Actual Loops": 1,"Index Cond": "((l_shipdate >= '1995-05-01'::date) AND (l_shipdate < '1995-06-01 00:00:00'::timestamp without time zone))","Workers": []}]},{"Node Type": "Hash","Parent Relationship": "Inner","Parallel Aware": true,"Async Capable": false,"Startup Cost": 4930.33,"Total Cost": 4930.33,"Plan Rows": 83333,"Plan Width": 25,"Actual Startup Time": 40.148,"Actual Total Time": 40.152,"Actual Rows": 40000,"Actual Loops": 5,"Hash Buckets": 262144,"Original Hash Buckets": 262144,"Hash Batches": 1,"Original Hash Batches": 1,"Peak Memory Usage": 14208,"Workers": [],"Plans": [{"Node Type": "Seq Scan","Parent Relationship": "Outer","Parallel Aware": true,"Async Capable": false,"Relation Name": "part","Alias": "part","Startup Cost": 0.00,"Total Cost": 4930.33,"Plan Rows": 83333,"Plan Width": 25,"Actual Startup Time": 0.047,"Actual Total Time": 17.621,"Actual Rows": 40000,"Actual Loops": 5,"Workers": []}]}]}]}]}]},"Planning Time": 3.884,"Triggers": [],"Execution Time": 217.976}]
[{"Plan": {"Node Type": "Aggregate","Strategy": "Plain","Partial Mode": "Finalize","Parallel Aware": false,"Async Capable": false,"Startup Cost": 116135.64,"Total Cost": 116135.65,"Plan Rows": 1,"Plan Width": 32,"Actual Startup Time": 195.995,"Actual Total Time": 214.059,"Actual Rows": 1,"Actual Loops": 1,"Plans": [{"Node Type": "Gather","Parent Relationship": "Outer","Parallel Aware": false,"Async Capable": false,"Startup Cost": 116135.18,"Total Cost": 116135.59,"Plan Rows": 4,"Plan Width": 64,"Actual Startup Time": 194.581,"Actual Total Time": 214.025,"Actual Rows": 5,"Actual Loops": 1,"Workers Planned": 4,"Workers Launched": 4,"Single Copy": false,"Plans": [{"Node Type": "Aggregate","Strategy": "Plain","Partial Mode": "Partial","Parent Relationship": "Outer","Parallel Aware": false,"Async Capable": false,"Startup Cost": 115135.18,"Total Cost": 115135.19,"Plan Rows": 1,"Plan Width": 64,"Actual Startup Time": 187.052,"Actual Total Time": 187.062,"Actual Rows": 1,"Actual Loops": 5,"Workers": [],"Plans": [{"Node Type": "Hash Join","Parent Relationship": "Outer","Parallel Aware": true,"Async Capable": false,"Join Type": "Inner","Startup Cost": 7948.21,"Total Cost": 114798.93,"Plan Rows": 19214,"Plan Width": 33,"Actual Startup Time": 59.823,"Actual Total Time": 180.842,"Actual Rows": 15427,"Actual Loops": 5,"Inner Unique": true,"Hash Cond": "(lineitem.l_partkey = part.p_partkey)","Workers": [],"Plans": [{"Node Type": "Bitmap Heap Scan","Parent Relationship": "Outer","Parallel Aware": true,"Async Capable": false,"Relation Name": "lineitem","Alias": "lineitem","Startup Cost": 1976.22,"Total Cost": 108776.50,"Plan Rows": 19214,"Plan Width": 16,"Actual Startup Time": 22.994,"Actual Total Time": 113.362,"Actual Rows": 15427,"Actual Loops": 5,"Recheck Cond": "((l_shipdate >= '1996-01-01'::date) AND (l_shipdate < '1996-02-01 00:00:00'::timestamp without time zone))","Rows Removed by Index Recheck": 0,"Exact Heap Blocks": 7617,"Lossy Heap Blocks": 0,"Workers": [],"Plans": [{"Node Type": "Bitmap Index Scan","Parent Relationship": "Outer","Parallel Aware": false,"Async Capable": false,"Index Name": "idx_lineitem_shipdate","Startup Cost": 0.00,"Total Cost": 1957.00,"Plan Rows": 76857,"Plan Width": 0,"Actual Startup Time": 16.699,"Actual Total Time": 16.700,"Actual Rows": 77136,"Actual Loops": 1,"Index Cond": "((l_shipdate >= '1996-01-01'::date) AND (l_shipdate < '1996-02-01 00:00:00'::timestamp without time zone))","Workers": []}]},{"Node Type": "Hash","Parent Relationship": "Inner","Parallel Aware": true,"Async Capable": false,"Startup Cost": 4930.33,"Total Cost": 4930.33,"Plan Rows": 83333,"Plan Width": 25,"Actual Startup Time": 36.068,"Actual Total Time": 36.071,"Actual Rows": 40000,"Actual Loops": 5,"Hash Buckets": 262144,"Original Hash Buckets": 262144,"Hash Batches": 1,"Original Hash Batches": 1,"Peak Memory Usage": 14208,"Workers": [],"Plans": [{"Node Type": "Seq Scan","Parent Relationship": "Outer","Parallel Aware": true,"Async Capable": false,"Relation Name": "part","Alias": "part","Startup Cost": 0.00,"Total Cost": 4930.33,"Plan Rows": 83333,"Plan Width": 25,"Actual Startup Time": 0.038,"Actual Total Time": 16.692,"Actual Rows": 40000,"Actual Loops": 5,"Workers": []}]}]}]}]}]},"Planning Time": 4.110,"Triggers": [],"Execution Time": 214.344}]
[{"Plan": {"Node Type": "Aggregate","Strategy": "Plain","Partial Mode": "Finalize","Parallel Aware": false,"Async Capable": false,"Startup Cost": 116775.62,"Total Cost": 116775.64,"Plan Rows": 1,"Plan Width": 32,"Actual Startup Time": 193.869,"Actual Total Time": 210.143,"Actual Rows": 1,"Actual Loops": 1,"Plans": [{"Node Type": "Gather","Parent Relationship": "Outer","Parallel Aware": false,"Async Capable": false,"Startup Cost": 116775.17,"Total Cost": 116775.58,"Plan Rows": 4,"Plan Width": 64,"Actual Startup Time": 192.448,"Actual Total Time": 210.107,"Actual Rows": 5,"Actual Loops": 1,"Workers Planned": 4,"Workers Launched": 4,"Single Copy": false,"Plans": [{"Node Type": "Aggregate","Strategy": "Plain","Partial Mode": "Partial","Parent Relationship": "Outer","Parallel Aware": false,"Async Capable": false,"Startup Cost": 115775.17,"Total Cost": 115775.18,"Plan Rows": 1,"Plan Width": 64,"Actual Startup Time": 184.994,"Actual Total Time": 185.005,"Actual Rows": 1,"Actual Loops": 5,"Workers": [],"Plans": [{"Node Type": "Hash Join","Parent Relationship": "Outer","Parallel Aware": true,"Async Capable": false,"Join Type": "Inner","Startup Cost": 7982.36,"Total Cost": 115432.88,"Plan Rows": 19559,"Plan Width": 33,"Actual Startup Time": 59.459,"Actual Total Time": 178.997,"Actual Rows": 15372,"Actual Loops": 5,"Inner Unique": true,"Hash Cond": "(lineitem.l_partkey = part.p_partkey)","Workers": [],"Plans": [{"Node Type": "Bitmap Heap Scan","Parent Relationship": "Outer","Parallel Aware": true,"Async Capable": false,"Relation Name": "lineitem","Alias": "lineitem","Startup Cost": 2010.36,"Total Cost": 109409.54,"Plan Rows": 19559,"Plan Width": 16,"Actual Startup Time": 22.196,"Actual Total Time": 111.214,"Actual Rows": 15372,"Actual Loops": 5,"Recheck Cond": "((l_shipdate >= '1993-01-01'::date) AND (l_shipdate < '1993-02-01 00:00:00'::timestamp without time zone))","Rows Removed by Index Recheck": 0,"Exact Heap Blocks": 8068,"Lossy Heap Blocks": 0,"Workers": [],"Plans": [{"Node Type": "Bitmap Index Scan","Parent Relationship": "Outer","Parallel Aware": false,"Async Capable": false,"Index Name": "idx_lineitem_shipdate","Startup Cost": 0.00,"Total Cost": 1990.80,"Plan Rows": 78237,"Plan Width": 0,"Actual Startup Time": 15.976,"Actual Total Time": 15.979,"Actual Rows": 76860,"Actual Loops": 1,"Index Cond": "((l_shipdate >= '1993-01-01'::date) AND (l_shipdate < '1993-02-01 00:00:00'::timestamp without time zone))","Workers": []}]},{"Node Type": "Hash","Parent Relationship": "Inner","Parallel Aware": true,"Async Capable": false,"Startup Cost": 4930.33,"Total Cost": 4930.33,"Plan Rows": 83333,"Plan Width": 25,"Actual Startup Time": 36.495,"Actual Total Time": 36.499,"Actual Rows": 40000,"Actual Loops": 5,"Hash Buckets": 262144,"Original Hash Buckets": 262144,"Hash Batches": 1,"Original Hash Batches": 1,"Peak Memory Usage": 14176,"Workers": [],"Plans": [{"Node Type": "Seq Scan","Parent Relationship": "Outer","Parallel Aware": true,"Async Capable": false,"Relation Name": "part","Alias": "part","Startup Cost": 0.00,"Total Cost": 4930.33,"Plan Rows": 83333,"Plan Width": 25,"Actual Startup Time": 0.035,"Actual Total Time": 16.126,"Actual Rows": 40000,"Actual Loops": 5,"Workers": []}]}]}]}]}]},"Planning Time": 3.845,"Triggers": [],"Execution Time": 210.384}]
[{"Plan": {"Node Type": "Aggregate","Strategy": "Plain","Partial Mode": "Finalize","Parallel Aware": false,"Async Capable": false,"Startup Cost": 117449.67,"Total Cost": 117449.68,"Plan Rows": 1,"Plan Width": 32,"Actual Startup Time": 209.461,"Actual Total Time": 224.908,"Actual Rows": 1,"Actual Loops": 1,"Plans": [{"Node Type": "Gather","Parent Relationship": "Outer","Parallel Aware": false,"Async Capable": false,"Startup Cost": 117449.21,"Total Cost": 117449.62,"Plan Rows": 4,"Plan Width": 64,"Actual Startup Time": 207.968,"Actual Total Time": 224.878,"Actual Rows": 5,"Actual Loops": 1,"Workers Planned": 4,"Workers Launched": 4,"Single Copy": false,"Plans": [{"Node Type": "Aggregate","Strategy": "Plain","Partial Mode": "Partial","Parent Relationship": "Outer","Parallel Aware": false,"Async Capable": false,"Startup Cost": 116449.21,"Total Cost": 116449.22,"Plan Rows": 1,"Plan Width": 64,"Actual Startup Time": 200.716,"Actual Total Time": 200.726,"Actual Rows": 1,"Actual Loops": 5,"Workers": [],"Plans": [{"Node Type": "Hash Join","Parent Relationship": "Outer","Parallel Aware": true,"Async Capable": false,"Join Type": "Inner","Startup Cost": 8021.73,"Total Cost": 116100.36,"Plan Rows": 19934,"Plan Width": 33,"Actual Startup Time": 69.344,"Actual Total Time": 194.621,"Actual Rows": 15439,"Actual Loops": 5,"Inner Unique": true,"Hash Cond": "(lineitem.l_partkey = part.p_partkey)","Workers": [],"Plans": [{"Node Type": "Bitmap Heap Scan","Parent Relationship": "Outer","Parallel Aware": true,"Async Capable": false,"Relation Name": "lineitem","Alias": "lineitem","Startup Cost": 2049.74,"Total Cost": 110076.04,"Plan Rows": 19934,"Plan Width": 16,"Actual Startup Time": 28.893,"Actual Total Time": 124.591,"Actual Rows": 15439,"Actual Loops": 5,"Recheck Cond": "((l_shipdate >= '1993-08-01'::date) AND (l_shipdate < '1993-09-01 00:00:00'::timestamp without time zone))","Rows Removed by Index Recheck": 0,"Exact Heap Blocks": 7741,"Lossy Heap Blocks": 0,"Workers": [],"Plans": [{"Node Type": "Bitmap Index Scan","Parent Relationship": "Outer","Parallel Aware": false,"Async Capable": false,"Index Name": "idx_lineitem_shipdate","Startup Cost": 0.00,"Total Cost": 2029.80,"Plan Rows": 79737,"Plan Width": 0,"Actual Startup Time": 22.408,"Actual Total Time": 22.411,"Actual Rows": 77197,"Actual Loops": 1,"Index Cond": "((l_shipdate >= '1993-08-01'::date) AND (l_shipdate < '1993-09-01 00:00:00'::timestamp without time zone))","Workers": []}]},{"Node Type": "Hash","Parent Relationship": "Inner","Parallel Aware": true,"Async Capable": false,"Startup Cost": 4930.33,"Total Cost": 4930.33,"Plan Rows": 83333,"Plan Width": 25,"Actual Startup Time": 39.731,"Actual Total Time": 39.735,"Actual Rows": 40000,"Actual Loops": 5,"Hash Buckets": 262144,"Original Hash Buckets": 262144,"Hash Batches": 1,"Original Hash Batches": 1,"Peak Memory Usage": 14176,"Workers": [],"Plans": [{"Node Type": "Seq Scan","Parent Relationship": "Outer","Parallel Aware": true,"Async Capable": false,"Relation Name": "part","Alias": "part","Startup Cost": 0.00,"Total Cost": 4930.33,"Plan Rows": 83333,"Plan Width": 25,"Actual Startup Time": 0.044,"Actual Total Time": 17.039,"Actual Rows": 40000,"Actual Loops": 5,"Workers": []}]}]}]}]}]},"Planning Time": 4.803,"Triggers": [],"Execution Time": 225.176}]
[{"Plan": {"Node Type": "Aggregate","Strategy": "Plain","Partial Mode": "Finalize","Parallel Aware": false,"Async Capable": false,"Startup Cost": 116275.89,"Total Cost": 116275.90,"Plan Rows": 1,"Plan Width": 32,"Actual Startup Time": 216.169,"Actual Total Time": 231.685,"Actual Rows": 1,"Actual Loops": 1,"Plans": [{"Node Type": "Gather","Parent Relationship": "Outer","Parallel Aware": false,"Async Capable": false,"Startup Cost": 116275.43,"Total Cost": 116275.84,"Plan Rows": 4,"Plan Width": 64,"Actual Startup Time": 214.682,"Actual Total Time": 231.625,"Actual Rows": 5,"Actual Loops": 1,"Workers Planned": 4,"Workers Launched": 4,"Single Copy": false,"Plans": [{"Node Type": "Aggregate","Strategy": "Plain","Partial Mode": "Partial","Parent Relationship": "Outer","Parallel Aware": false,"Async Capable": false,"Startup Cost": 115275.43,"Total Cost": 115275.44,"Plan Rows": 1,"Plan Width": 64,"Actual Startup Time": 206.995,"Actual Total Time": 207.010,"Actual Rows": 1,"Actual Loops": 5,"Workers": [],"Plans": [{"Node Type": "Hash Join","Parent Relationship": "Outer","Parallel Aware": true,"Async Capable": false,"Join Type": "Inner","Startup Cost": 7955.28,"Total Cost": 114937.87,"Plan Rows": 19289,"Plan Width": 33,"Actual Startup Time": 73.783,"Actual Total Time": 200.830,"Actual Rows": 15527,"Actual Loops": 5,"Inner Unique": true,"Hash Cond": "(lineitem.l_partkey = part.p_partkey)","Workers": [],"Plans": [{"Node Type": "Bitmap Heap Scan","Parent Relationship": "Outer","Parallel Aware": true,"Async Capable": false,"Relation Name": "lineitem","Alias": "lineitem","Startup Cost": 1983.28,"Total Cost": 108915.24,"Plan Rows": 19289,"Plan Width": 16,"Actual Startup Time": 33.071,"Actual Total Time": 128.639,"Actual Rows": 15527,"Actual Loops": 5,"Recheck Cond": "((l_shipdate >= '1997-01-01'::date) AND (l_shipdate < '1997-02-01 00:00:00'::timestamp without time zone))","Rows Removed by Index Recheck": 0,"Exact Heap Blocks": 8450,"Lossy Heap Blocks": 0,"Workers": [],"Plans": [{"Node Type": "Bitmap Index Scan","Parent Relationship": "Outer","Parallel Aware": false,"Async Capable": false,"Index Name": "idx_lineitem_shipdate","Startup Cost": 0.00,"Total Cost": 1963.99,"Plan Rows": 77156,"Plan Width": 0,"Actual Startup Time": 26.389,"Actual Total Time": 26.391,"Actual Rows": 77637,"Actual Loops": 1,"Index Cond": "((l_shipdate >= '1997-01-01'::date) AND (l_shipdate < '1997-02-01 00:00:00'::timestamp without time zone))","Workers": []}]},{"Node Type": "Hash","Parent Relationship": "Inner","Parallel Aware": true,"Async Capable": false,"Startup Cost": 4930.33,"Total Cost": 4930.33,"Plan Rows": 83333,"Plan Width": 25,"Actual Startup Time": 39.995,"Actual Total Time": 40.000,"Actual Rows": 40000,"Actual Loops": 5,"Hash Buckets": 262144,"Original Hash Buckets": 262144,"Hash Batches": 1,"Original Hash Batches": 1,"Peak Memory Usage": 14208,"Workers": [],"Plans": [{"Node Type": "Seq Scan","Parent Relationship": "Outer","Parallel Aware": true,"Async Capable": false,"Relation Name": "part","Alias": "part","Startup Cost": 0.00,"Total Cost": 4930.33,"Plan Rows": 83333,"Plan Width": 25,"Actual Startup Time": 0.037,"Actual Total Time": 17.315,"Actual Rows": 40000,"Actual Loops": 5,"Workers": []}]}]}]}]}]},"Planning Time": 4.357,"Triggers": [],"Execution Time": 231.907}]
[{"Plan": {"Node Type": "Aggregate","Strategy": "Plain","Partial Mode": "Finalize","Parallel Aware": false,"Async Capable": false,"Startup Cost": 115298.80,"Total Cost": 115298.82,"Plan Rows": 1,"Plan Width": 32,"Actual Startup Time": 191.770,"Actual Total Time": 208.257,"Actual Rows": 1,"Actual Loops": 1,"Plans": [{"Node Type": "Gather","Parent Relationship": "Outer","Parallel Aware": false,"Async Capable": false,"Startup Cost": 115298.35,"Total Cost": 115298.76,"Plan Rows": 4,"Plan Width": 64,"Actual Startup Time": 190.365,"Actual Total Time": 208.218,"Actual Rows": 5,"Actual Loops": 1,"Workers Planned": 4,"Workers Launched": 4,"Single Copy": false,"Plans": [{"Node Type": "Aggregate","Strategy": "Plain","Partial Mode": "Partial","Parent Relationship": "Outer","Parallel Aware": false,"Async Capable": false,"Startup Cost": 114298.35,"Total Cost": 114298.36,"Plan Rows": 1,"Plan Width": 64,"Actual Startup Time": 182.565,"Actual Total Time": 182.576,"Actual Rows": 1,"Actual Loops": 5,"Workers": [],"Plans": [{"Node Type": "Hash Join","Parent Relationship": "Outer","Parallel Aware": true,"Async Capable": false,"Join Type": "Inner","Startup Cost": 7902.48,"Total Cost": 113969.66,"Plan Rows": 18782,"Plan Width": 33,"Actual Startup Time": 59.443,"Actual Total Time": 176.606,"Actual Rows": 14990,"Actual Loops": 5,"Inner Unique": true,"Hash Cond": "(lineitem.l_partkey = part.p_partkey)","Workers": [],"Plans": [{"Node Type": "Bitmap Heap Scan","Parent Relationship": "Outer","Parallel Aware": true,"Async Capable": false,"Relation Name": "lineitem","Alias": "lineitem","Startup Cost": 1930.48,"Total Cost": 107948.36,"Plan Rows": 18782,"Plan Width": 16,"Actual Startup Time": 21.604,"Actual Total Time": 109.072,"Actual Rows": 14990,"Actual Loops": 5,"Recheck Cond": "((l_shipdate >= '1993-11-01'::date) AND (l_shipdate < '1993-12-01 00:00:00'::timestamp without time zone))","Rows Removed by Index Recheck": 0,"Exact Heap Blocks": 7520,"Lossy Heap Blocks": 0,"Workers": [],"Plans": [{"Node Type": "Bitmap Index Scan","Parent Relationship": "Outer","Parallel Aware": false,"Async Capable": false,"Index Name": "idx_lineitem_shipdate","Startup Cost": 0.00,"Total Cost": 1911.70,"Plan Rows": 75127,"Plan Width": 0,"Actual Startup Time": 15.494,"Actual Total Time": 15.497,"Actual Rows": 74949,"Actual Loops": 1,"Index Cond": "((l_shipdate >= '1993-11-01'::date) AND (l_shipdate < '1993-12-01 00:00:00'::timestamp without time zone))","Workers": []}]},{"Node Type": "Hash","Parent Relationship": "Inner","Parallel Aware": true,"Async Capable": false,"Startup Cost": 4930.33,"Total Cost": 4930.33,"Plan Rows": 83333,"Plan Width": 25,"Actual Startup Time": 36.955,"Actual Total Time": 36.958,"Actual Rows": 40000,"Actual Loops": 5,"Hash Buckets": 262144,"Original Hash Buckets": 262144,"Hash Batches": 1,"Original Hash Batches": 1,"Peak Memory Usage": 14176,"Workers": [],"Plans": [{"Node Type": "Seq Scan","Parent Relationship": "Outer","Parallel Aware": true,"Async Capable": false,"Relation Name": "part","Alias": "part","Startup Cost": 0.00,"Total Cost": 4930.33,"Plan Rows": 83333,"Plan Width": 25,"Actual Startup Time": 0.042,"Actual Total Time": 17.442,"Actual Rows": 40000,"Actual Loops": 5,"Workers": []}]}]}]}]}]},"Planning Time": 4.152,"Triggers": [],"Execution Time": 208.521}]
[{"Plan": {"Node Type": "Aggregate","Strategy": "Plain","Partial Mode": "Finalize","Parallel Aware": false,"Async Capable": false,"Startup Cost": 114861.81,"Total Cost": 114861.82,"Plan Rows": 1,"Plan Width": 32,"Actual Startup Time": 188.604,"Actual Total Time": 205.507,"Actual Rows": 1,"Actual Loops": 1,"Plans": [{"Node Type": "Gather","Parent Relationship": "Outer","Parallel Aware": false,"Async Capable": false,"Startup Cost": 114861.35,"Total Cost": 114861.76,"Plan Rows": 4,"Plan Width": 64,"Actual Startup Time": 187.236,"Actual Total Time": 205.453,"Actual Rows": 5,"Actual Loops": 1,"Workers Planned": 4,"Workers Launched": 4,"Single Copy": false,"Plans": [{"Node Type": "Aggregate","Strategy": "Plain","Partial Mode": "Partial","Parent Relationship": "Outer","Parallel Aware": false,"Async Capable": false,"Startup Cost": 113861.35,"Total Cost": 113861.36,"Plan Rows": 1,"Plan Width": 64,"Actual Startup Time": 179.741,"Actual Total Time": 179.759,"Actual Rows": 1,"Actual Loops": 5,"Workers": [],"Plans": [{"Node Type": "Hash Join","Parent Relationship": "Outer","Parallel Aware": true,"Async Capable": false,"Join Type": "Inner","Startup Cost": 7881.45,"Total Cost": 113536.51,"Plan Rows": 18562,"Plan Width": 33,"Actual Startup Time": 60.790,"Actual Total Time": 173.757,"Actual Rows": 15501,"Actual Loops": 5,"Inner Unique": true,"Hash Cond": "(lineitem.l_partkey = part.p_partkey)","Workers": [],"Plans": [{"Node Type": "Bitmap Heap Scan","Parent Relationship": "Outer","Parallel Aware": true,"Async Capable": false,"Relation Name": "lineitem","Alias": "lineitem","Startup Cost": 1909.45,"Total Cost": 107515.79,"Plan Rows": 18561,"Plan Width": 16,"Actual Startup Time": 23.212,"Actual Total Time": 106.658,"Actual Rows": 15501,"Actual Loops": 5,"Recheck Cond": "((l_shipdate >= '1995-08-01'::date) AND (l_shipdate < '1995-09-01 00:00:00'::timestamp without time zone))","Rows Removed by Index Recheck": 0,"Exact Heap Blocks": 7755,"Lossy Heap Blocks": 0,"Workers": [],"Plans": [{"Node Type": "Bitmap Index Scan","Parent Relationship": "Outer","Parallel Aware": false,"Async Capable": false,"Index Name": "idx_lineitem_shipdate","Startup Cost": 0.00,"Total Cost": 1890.89,"Plan Rows": 74246,"Plan Width": 0,"Actual Startup Time": 16.821,"Actual Total Time": 16.824,"Actual Rows": 77505,"Actual Loops": 1,"Index Cond": "((l_shipdate >= '1995-08-01'::date) AND (l_shipdate < '1995-09-01 00:00:00'::timestamp without time zone))","Workers": []}]},{"Node Type": "Hash","Parent Relationship": "Inner","Parallel Aware": true,"Async Capable": false,"Startup Cost": 4930.33,"Total Cost": 4930.33,"Plan Rows": 83333,"Plan Width": 25,"Actual Startup Time": 36.743,"Actual Total Time": 36.750,"Actual Rows": 40000,"Actual Loops": 5,"Hash Buckets": 262144,"Original Hash Buckets": 262144,"Hash Batches": 1,"Original Hash Batches": 1,"Peak Memory Usage": 14240,"Workers": [],"Plans": [{"Node Type": "Seq Scan","Parent Relationship": "Outer","Parallel Aware": true,"Async Capable": false,"Relation Name": "part","Alias": "part","Startup Cost": 0.00,"Total Cost": 4930.33,"Plan Rows": 83333,"Plan Width": 25,"Actual Startup Time": 0.042,"Actual Total Time": 16.083,"Actual Rows": 40000,"Actual Loops": 5,"Workers": []}]}]}]}]}]},"Planning Time": 4.082,"Triggers": [],"Execution Time": 205.784}]
[{"Plan": {"Node Type": "Aggregate","Strategy": "Plain","Partial Mode": "Finalize","Parallel Aware": false,"Async Capable": false,"Startup Cost": 118980.99,"Total Cost": 118981.00,"Plan Rows": 1,"Plan Width": 32,"Actual Startup Time": 192.776,"Actual Total Time": 209.272,"Actual Rows": 1,"Actual Loops": 1,"Plans": [{"Node Type": "Gather","Parent Relationship": "Outer","Parallel Aware": false,"Async Capable": false,"Startup Cost": 118980.53,"Total Cost": 118980.94,"Plan Rows": 4,"Plan Width": 64,"Actual Startup Time": 191.466,"Actual Total Time": 209.218,"Actual Rows": 5,"Actual Loops": 1,"Workers Planned": 4,"Workers Launched": 4,"Single Copy": false,"Plans": [{"Node Type": "Aggregate","Strategy": "Plain","Partial Mode": "Partial","Parent Relationship": "Outer","Parallel Aware": false,"Async Capable": false,"Startup Cost": 117980.53,"Total Cost": 117980.54,"Plan Rows": 1,"Plan Width": 64,"Actual Startup Time": 183.309,"Actual Total Time": 183.319,"Actual Rows": 1,"Actual Loops": 5,"Workers": [],"Plans": [{"Node Type": "Hash Join","Parent Relationship": "Outer","Parallel Aware": true,"Async Capable": false,"Join Type": "Inner","Startup Cost": 8115.01,"Total Cost": 117615.76,"Plan Rows": 20844,"Plan Width": 33,"Actual Startup Time": 58.848,"Actual Total Time": 177.255,"Actual Rows": 15563,"Actual Loops": 5,"Inner Unique": true,"Hash Cond": "(lineitem.l_partkey = part.p_partkey)","Workers": [],"Plans": [{"Node Type": "Bitmap Heap Scan","Parent Relationship": "Outer","Parallel Aware": true,"Async Capable": false,"Relation Name": "lineitem","Alias": "lineitem","Startup Cost": 2143.02,"Total Cost": 111589.05,"Plan Rows": 20843,"Plan Width": 16,"Actual Startup Time": 22.331,"Actual Total Time": 109.969,"Actual Rows": 15563,"Actual Loops": 5,"Recheck Cond": "((l_shipdate >= '1995-10-01'::date) AND (l_shipdate < '1995-11-01 00:00:00'::timestamp without time zone))","Rows Removed by Index Recheck": 0,"Exact Heap Blocks": 7890,"Lossy Heap Blocks": 0,"Workers": [],"Plans": [{"Node Type": "Bitmap Index Scan","Parent Relationship": "Outer","Parallel Aware": false,"Async Capable": false,"Index Name": "idx_lineitem_shipdate","Startup Cost": 0.00,"Total Cost": 2122.17,"Plan Rows": 83374,"Plan Width": 0,"Actual Startup Time": 16.094,"Actual Total Time": 16.095,"Actual Rows": 77817,"Actual Loops": 1,"Index Cond": "((l_shipdate >= '1995-10-01'::date) AND (l_shipdate < '1995-11-01 00:00:00'::timestamp without time zone))","Workers": []}]},{"Node Type": "Hash","Parent Relationship": "Inner","Parallel Aware": true,"Async Capable": false,"Startup Cost": 4930.33,"Total Cost": 4930.33,"Plan Rows": 83333,"Plan Width": 25,"Actual Startup Time": 35.711,"Actual Total Time": 35.714,"Actual Rows": 40000,"Actual Loops": 5,"Hash Buckets": 262144,"Original Hash Buckets": 262144,"Hash Batches": 1,"Original Hash Batches": 1,"Peak Memory Usage": 14176,"Workers": [],"Plans": [{"Node Type": "Seq Scan","Parent Relationship": "Outer","Parallel Aware": true,"Async Capable": false,"Relation Name": "part","Alias": "part","Startup Cost": 0.00,"Total Cost": 4930.33,"Plan Rows": 83333,"Plan Width": 25,"Actual Startup Time": 0.030,"Actual Total Time": 15.930,"Actual Rows": 40000,"Actual Loops": 5,"Workers": []}]}]}]}]}]},"Planning Time": 4.599,"Triggers": [],"Execution Time": 209.556}]
[{"Plan": {"Node Type": "Aggregate","Strategy": "Plain","Partial Mode": "Finalize","Parallel Aware": false,"Async Capable": false,"Startup Cost": 116198.09,"Total Cost": 116198.11,"Plan Rows": 1,"Plan Width": 32,"Actual Startup Time": 194.937,"Actual Total Time": 212.766,"Actual Rows": 1,"Actual Loops": 1,"Plans": [{"Node Type": "Gather","Parent Relationship": "Outer","Parallel Aware": false,"Async Capable": false,"Startup Cost": 116197.64,"Total Cost": 116198.05,"Plan Rows": 4,"Plan Width": 64,"Actual Startup Time": 193.661,"Actual Total Time": 212.719,"Actual Rows": 5,"Actual Loops": 1,"Workers Planned": 4,"Workers Launched": 4,"Single Copy": false,"Plans": [{"Node Type": "Aggregate","Strategy": "Plain","Partial Mode": "Partial","Parent Relationship": "Outer","Parallel Aware": false,"Async Capable": false,"Startup Cost": 115197.64,"Total Cost": 115197.65,"Plan Rows": 1,"Plan Width": 64,"Actual Startup Time": 186.015,"Actual Total Time": 186.028,"Actual Rows": 1,"Actual Loops": 5,"Workers": [],"Plans": [{"Node Type": "Hash Join","Parent Relationship": "Outer","Parallel Aware": true,"Async Capable": false,"Join Type": "Inner","Startup Cost": 7949.61,"Total Cost": 114860.79,"Plan Rows": 19248,"Plan Width": 33,"Actual Startup Time": 63.880,"Actual Total Time": 180.150,"Actual Rows": 15061,"Actual Loops": 5,"Inner Unique": true,"Hash Cond": "(lineitem.l_partkey = part.p_partkey)","Workers": [],"Plans": [{"Node Type": "Bitmap Heap Scan","Parent Relationship": "Outer","Parallel Aware": true,"Async Capable": false,"Relation Name": "lineitem","Alias": "lineitem","Startup Cost": 1977.61,"Total Cost": 108838.27,"Plan Rows": 19248,"Plan Width": 16,"Actual Startup Time": 23.071,"Actual Total Time": 109.166,"Actual Rows": 15061,"Actual Loops": 5,"Recheck Cond": "((l_shipdate >= '1994-09-01'::date) AND (l_shipdate < '1994-10-01 00:00:00'::timestamp without time zone))","Rows Removed by Index Recheck": 0,"Exact Heap Blocks": 7981,"Lossy Heap Blocks": 0,"Workers": [],"Plans": [{"Node Type": "Bitmap Index Scan","Parent Relationship": "Outer","Parallel Aware": false,"Async Capable": false,"Index Name": "idx_lineitem_shipdate","Startup Cost": 0.00,"Total Cost": 1958.36,"Plan Rows": 76993,"Plan Width": 0,"Actual Startup Time": 16.740,"Actual Total Time": 16.742,"Actual Rows": 75306,"Actual Loops": 1,"Index Cond": "((l_shipdate >= '1994-09-01'::date) AND (l_shipdate < '1994-10-01 00:00:00'::timestamp without time zone))","Workers": []}]},{"Node Type": "Hash","Parent Relationship": "Inner","Parallel Aware": true,"Async Capable": false,"Startup Cost": 4930.33,"Total Cost": 4930.33,"Plan Rows": 83333,"Plan Width": 25,"Actual Startup Time": 39.928,"Actual Total Time": 39.932,"Actual Rows": 40000,"Actual Loops": 5,"Hash Buckets": 262144,"Original Hash Buckets": 262144,"Hash Batches": 1,"Original Hash Batches": 1,"Peak Memory Usage": 14176,"Workers": [],"Plans": [{"Node Type": "Seq Scan","Parent Relationship": "Outer","Parallel Aware": true,"Async Capable": false,"Relation Name": "part","Alias": "part","Startup Cost": 0.00,"Total Cost": 4930.33,"Plan Rows": 83333,"Plan Width": 25,"Actual Startup Time": 0.037,"Actual Total Time": 17.389,"Actual Rows": 40000,"Actual Loops": 5,"Workers": []}]}]}]}]}]},"Planning Time": 4.062,"Triggers": [],"Execution Time": 213.027}]
[{"Plan": {"Node Type": "Aggregate","Strategy": "Plain","Partial Mode": "Finalize","Parallel Aware": false,"Async Capable": false,"Startup Cost": 117225.47,"Total Cost": 117225.49,"Plan Rows": 1,"Plan Width": 32,"Actual Startup Time": 216.741,"Actual Total Time": 233.601,"Actual Rows": 1,"Actual Loops": 1,"Plans": [{"Node Type": "Gather","Parent Relationship": "Outer","Parallel Aware": false,"Async Capable": false,"Startup Cost": 117225.02,"Total Cost": 117225.43,"Plan Rows": 4,"Plan Width": 64,"Actual Startup Time": 215.228,"Actual Total Time": 233.556,"Actual Rows": 5,"Actual Loops": 1,"Workers Planned": 4,"Workers Launched": 4,"Single Copy": false,"Plans": [{"Node Type": "Aggregate","Strategy": "Plain","Partial Mode": "Partial","Parent Relationship": "Outer","Parallel Aware": false,"Async Capable": false,"Startup Cost": 116225.02,"Total Cost": 116225.03,"Plan Rows": 1,"Plan Width": 64,"Actual Startup Time": 207.689,"Actual Total Time": 207.699,"Actual Rows": 1,"Actual Loops": 5,"Workers": [],"Plans": [{"Node Type": "Hash Join","Parent Relationship": "Outer","Parallel Aware": true,"Async Capable": false,"Join Type": "Inner","Startup Cost": 8008.56,"Total Cost": 115878.37,"Plan Rows": 19808,"Plan Width": 33,"Actual Startup Time": 75.267,"Actual Total Time": 201.372,"Actual Rows": 15471,"Actual Loops": 5,"Inner Unique": true,"Hash Cond": "(lineitem.l_partkey = part.p_partkey)","Workers": [],"Plans": [{"Node Type": "Bitmap Heap Scan","Parent Relationship": "Outer","Parallel Aware": true,"Async Capable": false,"Relation Name": "lineitem","Alias": "lineitem","Startup Cost": 2036.56,"Total Cost": 109854.38,"Plan Rows": 19808,"Plan Width": 16,"Actual Startup Time": 32.495,"Actual Total Time": 126.871,"Actual Rows": 15471,"Actual Loops": 5,"Recheck Cond": "((l_shipdate >= '1995-01-01'::date) AND (l_shipdate < '1995-02-01 00:00:00'::timestamp without time zone))","Rows Removed by Index Recheck": 0,"Exact Heap Blocks": 8865,"Lossy Heap Blocks": 0,"Workers": [],"Plans": [{"Node Type": "Bitmap Index Scan","Parent Relationship": "Outer","Parallel Aware": false,"Async Capable": false,"Index Name": "idx_lineitem_shipdate","Startup Cost": 0.00,"Total Cost": 2016.75,"Plan Rows": 79232,"Plan Width": 0,"Actual Startup Time": 25.884,"Actual Total Time": 25.890,"Actual Rows": 77356,"Actual Loops": 1,"Index Cond": "((l_shipdate >= '1995-01-01'::date) AND (l_shipdate < '1995-02-01 00:00:00'::timestamp without time zone))","Workers": []}]},{"Node Type": "Hash","Parent Relationship": "Inner","Parallel Aware": true,"Async Capable": false,"Startup Cost": 4930.33,"Total Cost": 4930.33,"Plan Rows": 83333,"Plan Width": 25,"Actual Startup Time": 42.028,"Actual Total Time": 42.030,"Actual Rows": 40000,"Actual Loops": 5,"Hash Buckets": 262144,"Original Hash Buckets": 262144,"Hash Batches": 1,"Original Hash Batches": 1,"Peak Memory Usage": 14144,"Workers": [],"Plans": [{"Node Type": "Seq Scan","Parent Relationship": "Outer","Parallel Aware": true,"Async Capable": false,"Relation Name": "part","Alias": "part","Startup Cost": 0.00,"Total Cost": 4930.33,"Plan Rows": 83333,"Plan Width": 25,"Actual Startup Time": 0.039,"Actual Total Time": 18.208,"Actual Rows": 40000,"Actual Loops": 5,"Workers": []}]}]}]}]}]},"Planning Time": 4.207,"Triggers": [],"Execution Time": 233.902}]
[{"Plan": {"Node Type": "Aggregate","Strategy": "Plain","Partial Mode": "Finalize","Parallel Aware": false,"Async Capable": false,"Startup Cost": 114861.81,"Total Cost": 114861.82,"Plan Rows": 1,"Plan Width": 32,"Actual Startup Time": 188.604,"Actual Total Time": 205.507,"Actual Rows": 1,"Actual Loops": 1,"Plans": [{"Node Type": "Gather","Parent Relationship": "Outer","Parallel Aware": false,"Async Capable": false,"Startup Cost": 114861.35,"Total Cost": 114861.76,"Plan Rows": 4,"Plan Width": 64,"Actual Startup Time": 187.236,"Actual Total Time": 205.453,"Actual Rows": 5,"Actual Loops": 1,"Workers Planned": 4,"Workers Launched": 4,"Single Copy": false,"Plans": [{"Node Type": "Aggregate","Strategy": "Plain","Partial Mode": "Partial","Parent Relationship": "Outer","Parallel Aware": false,"Async Capable": false,"Startup Cost": 113861.35,"Total Cost": 113861.36,"Plan Rows": 1,"Plan Width": 64,"Actual Startup Time": 179.741,"Actual Total Time": 179.759,"Actual Rows": 1,"Actual Loops": 5,"Workers": [],"Plans": [{"Node Type": "Hash Join","Parent Relationship": "Outer","Parallel Aware": true,"Async Capable": false,"Join Type": "Inner","Startup Cost": 7881.45,"Total Cost": 113536.51,"Plan Rows": 18562,"Plan Width": 33,"Actual Startup Time": 60.790,"Actual Total Time": 173.757,"Actual Rows": 15501,"Actual Loops": 5,"Inner Unique": true,"Hash Cond": "(lineitem.l_partkey = part.p_partkey)","Workers": [],"Plans": [{"Node Type": "Bitmap Heap Scan","Parent Relationship": "Outer","Parallel Aware": true,"Async Capable": false,"Relation Name": "lineitem","Alias": "lineitem","Startup Cost": 1909.45,"Total Cost": 107515.79,"Plan Rows": 18561,"Plan Width": 16,"Actual Startup Time": 23.212,"Actual Total Time": 106.658,"Actual Rows": 15501,"Actual Loops": 5,"Recheck Cond": "((l_shipdate >= '1995-08-01'::date) AND (l_shipdate < '1995-09-01 00:00:00'::timestamp without time zone))","Rows Removed by Index Recheck": 0,"Exact Heap Blocks": 7755,"Lossy Heap Blocks": 0,"Workers": [],"Plans": [{"Node Type": "Bitmap Index Scan","Parent Relationship": "Outer","Parallel Aware": false,"Async Capable": false,"Index Name": "idx_lineitem_shipdate","Startup Cost": 0.00,"Total Cost": 1890.89,"Plan Rows": 74246,"Plan Width": 0,"Actual Startup Time": 16.821,"Actual Total Time": 16.824,"Actual Rows": 77505,"Actual Loops": 1,"Index Cond": "((l_shipdate >= '1995-08-01'::date) AND (l_shipdate < '1995-09-01 00:00:00'::timestamp without time zone))","Workers": []}]},{"Node Type": "Hash","Parent Relationship": "Inner","Parallel Aware": true,"Async Capable": false,"Startup Cost": 4930.33,"Total Cost": 4930.33,"Plan Rows": 83333,"Plan Width": 25,"Actual Startup Time": 36.743,"Actual Total Time": 36.750,"Actual Rows": 40000,"Actual Loops": 5,"Hash Buckets": 262144,"Original Hash Buckets": 262144,"Hash Batches": 1,"Original Hash Batches": 1,"Peak Memory Usage": 14240,"Workers": [],"Plans": [{"Node Type": "Seq Scan","Parent Relationship": "Outer","Parallel Aware": true,"Async Capable": false,"Relation Name": "part","Alias": "part","Startup Cost": 0.00,"Total Cost": 4930.33,"Plan Rows": 83333,"Plan Width": 25,"Actual Startup Time": 0.042,"Actual Total Time": 16.083,"Actual Rows": 40000,"Actual Loops": 5,"Workers": []}]}]}]}]}]},"Planning Time": 4.082,"Triggers": [],"Execution Time": 205.784}]
[{"Plan": {"Node Type": "Aggregate","Strategy": "Plain","Partial Mode": "Finalize","Parallel Aware": false,"Async Capable": false,"Startup Cost": 113767.70,"Total Cost": 113767.71,"Plan Rows": 1,"Plan Width": 32,"Actual Startup Time": 201.354,"Actual Total Time": 217.629,"Actual Rows": 1,"Actual Loops": 1,"Plans": [{"Node Type": "Gather","Parent Relationship": "Outer","Parallel Aware": false,"Async Capable": false,"Startup Cost": 113767.24,"Total Cost": 113767.65,"Plan Rows": 4,"Plan Width": 64,"Actual Startup Time": 198.999,"Actual Total Time": 217.582,"Actual Rows": 5,"Actual Loops": 1,"Workers Planned": 4,"Workers Launched": 4,"Single Copy": false,"Plans": [{"Node Type": "Aggregate","Strategy": "Plain","Partial Mode": "Partial","Parent Relationship": "Outer","Parallel Aware": false,"Async Capable": false,"Startup Cost": 112767.24,"Total Cost": 112767.25,"Plan Rows": 1,"Plan Width": 64,"Actual Startup Time": 191.550,"Actual Total Time": 191.562,"Actual Rows": 1,"Actual Loops": 5,"Workers": [],"Plans": [{"Node Type": "Hash Join","Parent Relationship": "Outer","Parallel Aware": true,"Async Capable": false,"Join Type": "Inner","Startup Cost": 7827.74,"Total Cost": 112451.68,"Plan Rows": 18032,"Plan Width": 33,"Actual Startup Time": 62.703,"Actual Total Time": 185.698,"Actual Rows": 14327,"Actual Loops": 5,"Inner Unique": true,"Hash Cond": "(lineitem.l_partkey = part.p_partkey)","Workers": [],"Plans": [{"Node Type": "Bitmap Heap Scan","Parent Relationship": "Outer","Parallel Aware": true,"Async Capable": false,"Relation Name": "lineitem","Alias": "lineitem","Startup Cost": 1855.74,"Total Cost": 106432.35,"Plan Rows": 18032,"Plan Width": 16,"Actual Startup Time": 28.428,"Actual Total Time": 122.517,"Actual Rows": 14327,"Actual Loops": 5,"Recheck Cond": "((l_shipdate >= '1996-02-01'::date) AND (l_shipdate < '1996-03-01 00:00:00'::timestamp without time zone))","Rows Removed by Index Recheck": 0,"Exact Heap Blocks": 8588,"Lossy Heap Blocks": 0,"Workers": [],"Plans": [{"Node Type": "Bitmap Index Scan","Parent Relationship": "Outer","Parallel Aware": false,"Async Capable": false,"Index Name": "idx_lineitem_shipdate","Startup Cost": 0.00,"Total Cost": 1837.71,"Plan Rows": 72128,"Plan Width": 0,"Actual Startup Time": 22.136,"Actual Total Time": 22.138,"Actual Rows": 71636,"Actual Loops": 1,"Index Cond": "((l_shipdate >= '1996-02-01'::date) AND (l_shipdate < '1996-03-01 00:00:00'::timestamp without time zone))","Workers": []}]},{"Node Type": "Hash","Parent Relationship": "Inner","Parallel Aware": true,"Async Capable": false,"Startup Cost": 4930.33,"Total Cost": 4930.33,"Plan Rows": 83333,"Plan Width": 25,"Actual Startup Time": 33.546,"Actual Total Time": 33.549,"Actual Rows": 40000,"Actual Loops": 5,"Hash Buckets": 262144,"Original Hash Buckets": 262144,"Hash Batches": 1,"Original Hash Batches": 1,"Peak Memory Usage": 14240,"Workers": [],"Plans": [{"Node Type": "Seq Scan","Parent Relationship": "Outer","Parallel Aware": true,"Async Capable": false,"Relation Name": "part","Alias": "part","Startup Cost": 0.00,"Total Cost": 4930.33,"Plan Rows": 83333,"Plan Width": 25,"Actual Startup Time": 0.035,"Actual Total Time": 14.470,"Actual Rows": 40000,"Actual Loops": 5,"Workers": []}]}]}]}]}]},"Planning Time": 4.716,"Triggers": [],"Execution Time": 217.907}]
[{"Plan": {"Node Type": "Aggregate","Strategy": "Plain","Partial Mode": "Finalize","Parallel Aware": false,"Async Capable": false,"Startup Cost": 113767.70,"Total Cost": 113767.71,"Plan Rows": 1,"Plan Width": 32,"Actual Startup Time": 201.354,"Actual Total Time": 217.629,"Actual Rows": 1,"Actual Loops": 1,"Plans": [{"Node Type": "Gather","Parent Relationship": "Outer","Parallel Aware": false,"Async Capable": false,"Startup Cost": 113767.24,"Total Cost": 113767.65,"Plan Rows": 4,"Plan Width": 64,"Actual Startup Time": 198.999,"Actual Total Time": 217.582,"Actual Rows": 5,"Actual Loops": 1,"Workers Planned": 4,"Workers Launched": 4,"Single Copy": false,"Plans": [{"Node Type": "Aggregate","Strategy": "Plain","Partial Mode": "Partial","Parent Relationship": "Outer","Parallel Aware": false,"Async Capable": false,"Startup Cost": 112767.24,"Total Cost": 112767.25,"Plan Rows": 1,"Plan Width": 64,"Actual Startup Time": 191.550,"Actual Total Time": 191.562,"Actual Rows": 1,"Actual Loops": 5,"Workers": [],"Plans": [{"Node Type": "Hash Join","Parent Relationship": "Outer","Parallel Aware": true,"Async Capable": false,"Join Type": "Inner","Startup Cost": 7827.74,"Total Cost": 112451.68,"Plan Rows": 18032,"Plan Width": 33,"Actual Startup Time": 62.703,"Actual Total Time": 185.698,"Actual Rows": 14327,"Actual Loops": 5,"Inner Unique": true,"Hash Cond": "(lineitem.l_partkey = part.p_partkey)","Workers": [],"Plans": [{"Node Type": "Bitmap Heap Scan","Parent Relationship": "Outer","Parallel Aware": true,"Async Capable": false,"Relation Name": "lineitem","Alias": "lineitem","Startup Cost": 1855.74,"Total Cost": 106432.35,"Plan Rows": 18032,"Plan Width": 16,"Actual Startup Time": 28.428,"Actual Total Time": 122.517,"Actual Rows": 14327,"Actual Loops": 5,"Recheck Cond": "((l_shipdate >= '1996-02-01'::date) AND (l_shipdate < '1996-03-01 00:00:00'::timestamp without time zone))","Rows Removed by Index Recheck": 0,"Exact Heap Blocks": 8588,"Lossy Heap Blocks": 0,"Workers": [],"Plans": [{"Node Type": "Bitmap Index Scan","Parent Relationship": "Outer","Parallel Aware": false,"Async Capable": false,"Index Name": "idx_lineitem_shipdate","Startup Cost": 0.00,"Total Cost": 1837.71,"Plan Rows": 72128,"Plan Width": 0,"Actual Startup Time": 22.136,"Actual Total Time": 22.138,"Actual Rows": 71636,"Actual Loops": 1,"Index Cond": "((l_shipdate >= '1996-02-01'::date) AND (l_shipdate < '1996-03-01 00:00:00'::timestamp without time zone))","Workers": []}]},{"Node Type": "Hash","Parent Relationship": "Inner","Parallel Aware": true,"Async Capable": false,"Startup Cost": 4930.33,"Total Cost": 4930.33,"Plan Rows": 83333,"Plan Width": 25,"Actual Startup Time": 33.546,"Actual Total Time": 33.549,"Actual Rows": 40000,"Actual Loops": 5,"Hash Buckets": 262144,"Original Hash Buckets": 262144,"Hash Batches": 1,"Original Hash Batches": 1,"Peak Memory Usage": 14240,"Workers": [],"Plans": [{"Node Type": "Seq Scan","Parent Relationship": "Outer","Parallel Aware": true,"Async Capable": false,"Relation Name": "part","Alias": "part","Startup Cost": 0.00,"Total Cost": 4930.33,"Plan Rows": 83333,"Plan Width": 25,"Actual Startup Time": 0.035,"Actual Total Time": 14.470,"Actual Rows": 40000,"Actual Loops": 5,"Workers": []}]}]}]}]}]},"Planning Time": 4.716,"Triggers": [],"Execution Time": 217.907}]
[{"Plan": {"Node Type": "Aggregate","Strategy": "Plain","Partial Mode": "Finalize","Parallel Aware": false,"Async Capable": false,"Startup Cost": 117951.42,"Total Cost": 117951.44,"Plan Rows": 1,"Plan Width": 32,"Actual Startup Time": 195.681,"Actual Total Time": 213.344,"Actual Rows": 1,"Actual Loops": 1,"Plans": [{"Node Type": "Gather","Parent Relationship": "Outer","Parallel Aware": false,"Async Capable": false,"Startup Cost": 117950.97,"Total Cost": 117951.38,"Plan Rows": 4,"Plan Width": 64,"Actual Startup Time": 194.406,"Actual Total Time": 213.290,"Actual Rows": 5,"Actual Loops": 1,"Workers Planned": 4,"Workers Launched": 4,"Single Copy": false,"Plans": [{"Node Type": "Aggregate","Strategy": "Plain","Partial Mode": "Partial","Parent Relationship": "Outer","Parallel Aware": false,"Async Capable": false,"Startup Cost": 116950.97,"Total Cost": 116950.98,"Plan Rows": 1,"Plan Width": 64,"Actual Startup Time": 186.783,"Actual Total Time": 186.797,"Actual Rows": 1,"Actual Loops": 5,"Workers": [],"Plans": [{"Node Type": "Hash Join","Parent Relationship": "Outer","Parallel Aware": true,"Async Capable": false,"Join Type": "Inner","Startup Cost": 8049.62,"Total Cost": 116597.04,"Plan Rows": 20224,"Plan Width": 33,"Actual Startup Time": 60.474,"Actual Total Time": 180.769,"Actual Rows": 15532,"Actual Loops": 5,"Inner Unique": true,"Hash Cond": "(lineitem.l_partkey = part.p_partkey)","Workers": [],"Plans": [{"Node Type": "Bitmap Heap Scan","Parent Relationship": "Outer","Parallel Aware": true,"Async Capable": false,"Relation Name": "lineitem","Alias": "lineitem","Startup Cost": 2077.63,"Total Cost": 110571.96,"Plan Rows": 20224,"Plan Width": 16,"Actual Startup Time": 22.143,"Actual Total Time": 111.653,"Actual Rows": 15532,"Actual Loops": 5,"Recheck Cond": "((l_shipdate >= '1993-10-01'::date) AND (l_shipdate < '1993-11-01 00:00:00'::timestamp without time zone))","Rows Removed by Index Recheck": 0,"Exact Heap Blocks": 7906,"Lossy Heap Blocks": 0,"Workers": [],"Plans": [{"Node Type": "Bitmap Index Scan","Parent Relationship": "Outer","Parallel Aware": false,"Async Capable": false,"Index Name": "idx_lineitem_shipdate","Startup Cost": 0.00,"Total Cost": 2057.40,"Plan Rows": 80897,"Plan Width": 0,"Actual Startup Time": 15.870,"Actual Total Time": 15.870,"Actual Rows": 77661,"Actual Loops": 1,"Index Cond": "((l_shipdate >= '1993-10-01'::date) AND (l_shipdate < '1993-11-01 00:00:00'::timestamp without time zone))","Workers": []}]},{"Node Type": "Hash","Parent Relationship": "Inner","Parallel Aware": true,"Async Capable": false,"Startup Cost": 4930.33,"Total Cost": 4930.33,"Plan Rows": 83333,"Plan Width": 25,"Actual Startup Time": 37.623,"Actual Total Time": 37.628,"Actual Rows": 40000,"Actual Loops": 5,"Hash Buckets": 262144,"Original Hash Buckets": 262144,"Hash Batches": 1,"Original Hash Batches": 1,"Peak Memory Usage": 14176,"Workers": [],"Plans": [{"Node Type": "Seq Scan","Parent Relationship": "Outer","Parallel Aware": true,"Async Capable": false,"Relation Name": "part","Alias": "part","Startup Cost": 0.00,"Total Cost": 4930.33,"Plan Rows": 83333,"Plan Width": 25,"Actual Startup Time": 0.033,"Actual Total Time": 16.489,"Actual Rows": 40000,"Actual Loops": 5,"Workers": []}]}]}]}]}]},"Planning Time": 4.158,"Triggers": [],"Execution Time": 213.609}]
[{"Plan": {"Node Type": "Aggregate","Strategy": "Plain","Partial Mode": "Finalize","Parallel Aware": false,"Async Capable": false,"Startup Cost": 113379.80,"Total Cost": 113379.81,"Plan Rows": 1,"Plan Width": 32,"Actual Startup Time": 193.373,"Actual Total Time": 211.111,"Actual Rows": 1,"Actual Loops": 1,"Plans": [{"Node Type": "Gather","Parent Relationship": "Outer","Parallel Aware": false,"Async Capable": false,"Startup Cost": 113379.34,"Total Cost": 113379.75,"Plan Rows": 4,"Plan Width": 64,"Actual Startup Time": 191.833,"Actual Total Time": 211.065,"Actual Rows": 5,"Actual Loops": 1,"Workers Planned": 4,"Workers Launched": 4,"Single Copy": false,"Plans": [{"Node Type": "Aggregate","Strategy": "Plain","Partial Mode": "Partial","Parent Relationship": "Outer","Parallel Aware": false,"Async Capable": false,"Startup Cost": 112379.34,"Total Cost": 112379.35,"Plan Rows": 1,"Plan Width": 64,"Actual Startup Time": 183.778,"Actual Total Time": 183.793,"Actual Rows": 1,"Actual Loops": 5,"Workers": [],"Plans": [{"Node Type": "Hash Join","Parent Relationship": "Outer","Parallel Aware": true,"Async Capable": false,"Join Type": "Inner","Startup Cost": 7808.32,"Total Cost": 112066.95,"Plan Rows": 17851,"Plan Width": 33,"Actual Startup Time": 58.482,"Actual Total Time": 177.651,"Actual Rows": 15348,"Actual Loops": 5,"Inner Unique": true,"Hash Cond": "(lineitem.l_partkey = part.p_partkey)","Workers": [],"Plans": [{"Node Type": "Bitmap Heap Scan","Parent Relationship": "Outer","Parallel Aware": true,"Async Capable": false,"Relation Name": "lineitem","Alias": "lineitem","Startup Cost": 1836.32,"Total Cost": 106048.09,"Plan Rows": 17851,"Plan Width": 16,"Actual Startup Time": 22.236,"Actual Total Time": 110.217,"Actual Rows": 15348,"Actual Loops": 5,"Recheck Cond": "((l_shipdate >= '1994-01-01'::date) AND (l_shipdate < '1994-02-01 00:00:00'::timestamp without time zone))","Rows Removed by Index Recheck": 0,"Exact Heap Blocks": 7536,"Lossy Heap Blocks": 0,"Workers": [],"Plans": [{"Node Type": "Bitmap Index Scan","Parent Relationship": "Outer","Parallel Aware": false,"Async Capable": false,"Index Name": "idx_lineitem_shipdate","Startup Cost": 0.00,"Total Cost": 1818.47,"Plan Rows": 71404,"Plan Width": 0,"Actual Startup Time": 15.976,"Actual Total Time": 15.979,"Actual Rows": 76742,"Actual Loops": 1,"Index Cond": "((l_shipdate >= '1994-01-01'::date) AND (l_shipdate < '1994-02-01 00:00:00'::timestamp without time zone))","Workers": []}]},{"Node Type": "Hash","Parent Relationship": "Inner","Parallel Aware": true,"Async Capable": false,"Startup Cost": 4930.33,"Total Cost": 4930.33,"Plan Rows": 83333,"Plan Width": 25,"Actual Startup Time": 35.452,"Actual Total Time": 35.457,"Actual Rows": 40000,"Actual Loops": 5,"Hash Buckets": 262144,"Original Hash Buckets": 262144,"Hash Batches": 1,"Original Hash Batches": 1,"Peak Memory Usage": 14176,"Workers": [],"Plans": [{"Node Type": "Seq Scan","Parent Relationship": "Outer","Parallel Aware": true,"Async Capable": false,"Relation Name": "part","Alias": "part","Startup Cost": 0.00,"Total Cost": 4930.33,"Plan Rows": 83333,"Plan Width": 25,"Actual Startup Time": 0.041,"Actual Total Time": 16.679,"Actual Rows": 40000,"Actual Loops": 5,"Workers": []}]}]}]}]}]},"Planning Time": 5.183,"Triggers": [],"Execution Time": 211.412}]
[{"Plan": {"Node Type": "Aggregate","Strategy": "Plain","Partial Mode": "Finalize","Parallel Aware": false,"Async Capable": false,"Startup Cost": 112298.08,"Total Cost": 112298.10,"Plan Rows": 1,"Plan Width": 32,"Actual Startup Time": 191.070,"Actual Total Time": 208.503,"Actual Rows": 1,"Actual Loops": 1,"Plans": [{"Node Type": "Gather","Parent Relationship": "Outer","Parallel Aware": false,"Async Capable": false,"Startup Cost": 112297.63,"Total Cost": 112298.04,"Plan Rows": 4,"Plan Width": 64,"Actual Startup Time": 190.184,"Actual Total Time": 208.450,"Actual Rows": 5,"Actual Loops": 1,"Workers Planned": 4,"Workers Launched": 4,"Single Copy": false,"Plans": [{"Node Type": "Aggregate","Strategy": "Plain","Partial Mode": "Partial","Parent Relationship": "Outer","Parallel Aware": false,"Async Capable": false,"Startup Cost": 111297.63,"Total Cost": 111297.64,"Plan Rows": 1,"Plan Width": 64,"Actual Startup Time": 182.728,"Actual Total Time": 182.742,"Actual Rows": 1,"Actual Loops": 5,"Workers": [],"Plans": [{"Node Type": "Hash Join","Parent Relationship": "Outer","Parallel Aware": true,"Async Capable": false,"Join Type": "Inner","Startup Cost": 7756.28,"Total Cost": 110993.79,"Plan Rows": 17362,"Plan Width": 33,"Actual Startup Time": 66.345,"Actual Total Time": 176.801,"Actual Rows": 15010,"Actual Loops": 5,"Inner Unique": true,"Hash Cond": "(lineitem.l_partkey = part.p_partkey)","Workers": [],"Plans": [{"Node Type": "Bitmap Heap Scan","Parent Relationship": "Outer","Parallel Aware": true,"Async Capable": false,"Relation Name": "lineitem","Alias": "lineitem","Startup Cost": 1784.28,"Total Cost": 104976.22,"Plan Rows": 17362,"Plan Width": 16,"Actual Startup Time": 32.103,"Actual Total Time": 119.300,"Actual Rows": 15010,"Actual Loops": 5,"Recheck Cond": "((l_shipdate >= '1995-11-01'::date) AND (l_shipdate < '1995-12-01 00:00:00'::timestamp without time zone))","Rows Removed by Index Recheck": 0,"Exact Heap Blocks": 8065,"Lossy Heap Blocks": 0,"Workers": [],"Plans": [{"Node Type": "Bitmap Index Scan","Parent Relationship": "Outer","Parallel Aware": false,"Async Capable": false,"Index Name": "idx_lineitem_shipdate","Startup Cost": 0.00,"Total Cost": 1766.92,"Plan Rows": 69449,"Plan Width": 0,"Actual Startup Time": 25.535,"Actual Total Time": 25.540,"Actual Rows": 75052,"Actual Loops": 1,"Index Cond": "((l_shipdate >= '1995-11-01'::date) AND (l_shipdate < '1995-12-01 00:00:00'::timestamp without time zone))","Workers": []}]},{"Node Type": "Hash","Parent Relationship": "Inner","Parallel Aware": true,"Async Capable": false,"Startup Cost": 4930.33,"Total Cost": 4930.33,"Plan Rows": 83333,"Plan Width": 25,"Actual Startup Time": 33.591,"Actual Total Time": 33.596,"Actual Rows": 40000,"Actual Loops": 5,"Hash Buckets": 262144,"Original Hash Buckets": 262144,"Hash Batches": 1,"Original Hash Batches": 1,"Peak Memory Usage": 14176,"Workers": [],"Plans": [{"Node Type": "Seq Scan","Parent Relationship": "Outer","Parallel Aware": true,"Async Capable": false,"Relation Name": "part","Alias": "part","Startup Cost": 0.00,"Total Cost": 4930.33,"Plan Rows": 83333,"Plan Width": 25,"Actual Startup Time": 0.028,"Actual Total Time": 14.589,"Actual Rows": 40000,"Actual Loops": 5,"Workers": []}]}]}]}]}]},"Planning Time": 4.131,"Triggers": [],"Execution Time": 208.779}]
[{"Plan": {"Node Type": "Aggregate","Strategy": "Plain","Partial Mode": "Finalize","Parallel Aware": false,"Async Capable": false,"Startup Cost": 115568.92,"Total Cost": 115568.93,"Plan Rows": 1,"Plan Width": 32,"Actual Startup Time": 198.211,"Actual Total Time": 214.313,"Actual Rows": 1,"Actual Loops": 1,"Plans": [{"Node Type": "Gather","Parent Relationship": "Outer","Parallel Aware": false,"Async Capable": false,"Startup Cost": 115568.46,"Total Cost": 115568.87,"Plan Rows": 4,"Plan Width": 64,"Actual Startup Time": 196.556,"Actual Total Time": 214.277,"Actual Rows": 5,"Actual Loops": 1,"Workers Planned": 4,"Workers Launched": 4,"Single Copy": false,"Plans": [{"Node Type": "Aggregate","Strategy": "Plain","Partial Mode": "Partial","Parent Relationship": "Outer","Parallel Aware": false,"Async Capable": false,"Startup Cost": 114568.46,"Total Cost": 114568.47,"Plan Rows": 1,"Plan Width": 64,"Actual Startup Time": 188.912,"Actual Total Time": 188.920,"Actual Rows": 1,"Actual Loops": 5,"Workers": [],"Plans": [{"Node Type": "Hash Join","Parent Relationship": "Outer","Parallel Aware": true,"Async Capable": false,"Join Type": "Inner","Startup Cost": 7916.14,"Total Cost": 114237.36,"Plan Rows": 18920,"Plan Width": 33,"Actual Startup Time": 68.543,"Actual Total Time": 183.128,"Actual Rows": 14828,"Actual Loops": 5,"Inner Unique": true,"Hash Cond": "(lineitem.l_partkey = part.p_partkey)","Workers": [],"Plans": [{"Node Type": "Bitmap Heap Scan","Parent Relationship": "Outer","Parallel Aware": true,"Async Capable": false,"Relation Name": "lineitem","Alias": "lineitem","Startup Cost": 1944.14,"Total Cost": 108215.70,"Plan Rows": 18920,"Plan Width": 16,"Actual Startup Time": 28.406,"Actual Total Time": 116.686,"Actual Rows": 14828,"Actual Loops": 5,"Recheck Cond": "((l_shipdate >= '1993-06-01'::date) AND (l_shipdate < '1993-07-01 00:00:00'::timestamp without time zone))","Rows Removed by Index Recheck": 0,"Exact Heap Blocks": 8209,"Lossy Heap Blocks": 0,"Workers": [],"Plans": [{"Node Type": "Bitmap Index Scan","Parent Relationship": "Outer","Parallel Aware": false,"Async Capable": false,"Index Name": "idx_lineitem_shipdate","Startup Cost": 0.00,"Total Cost": 1925.22,"Plan Rows": 75679,"Plan Width": 0,"Actual Startup Time": 21.967,"Actual Total Time": 21.969,"Actual Rows": 74139,"Actual Loops": 1,"Index Cond": "((l_shipdate >= '1993-06-01'::date) AND (l_shipdate < '1993-07-01 00:00:00'::timestamp without time zone))","Workers": []}]},{"Node Type": "Hash","Parent Relationship": "Inner","Parallel Aware": true,"Async Capable": false,"Startup Cost": 4930.33,"Total Cost": 4930.33,"Plan Rows": 83333,"Plan Width": 25,"Actual Startup Time": 39.291,"Actual Total Time": 39.293,"Actual Rows": 40000,"Actual Loops": 5,"Hash Buckets": 262144,"Original Hash Buckets": 262144,"Hash Batches": 1,"Original Hash Batches": 1,"Peak Memory Usage": 14240,"Workers": [],"Plans": [{"Node Type": "Seq Scan","Parent Relationship": "Outer","Parallel Aware": true,"Async Capable": false,"Relation Name": "part","Alias": "part","Startup Cost": 0.00,"Total Cost": 4930.33,"Plan Rows": 83333,"Plan Width": 25,"Actual Startup Time": 0.029,"Actual Total Time": 17.919,"Actual Rows": 40000,"Actual Loops": 5,"Workers": []}]}]}]}]}]},"Planning Time": 4.579,"Triggers": [],"Execution Time": 214.598}]
[{"Plan": {"Node Type": "Aggregate","Strategy": "Plain","Partial Mode": "Finalize","Parallel Aware": false,"Async Capable": false,"Startup Cost": 115729.57,"Total Cost": 115729.59,"Plan Rows": 1,"Plan Width": 32,"Actual Startup Time": 204.888,"Actual Total Time": 221.461,"Actual Rows": 1,"Actual Loops": 1,"Plans": [{"Node Type": "Gather","Parent Relationship": "Outer","Parallel Aware": false,"Async Capable": false,"Startup Cost": 115729.12,"Total Cost": 115729.53,"Plan Rows": 4,"Plan Width": 64,"Actual Startup Time": 203.543,"Actual Total Time": 221.416,"Actual Rows": 5,"Actual Loops": 1,"Workers Planned": 4,"Workers Launched": 4,"Single Copy": false,"Plans": [{"Node Type": "Aggregate","Strategy": "Plain","Partial Mode": "Partial","Parent Relationship": "Outer","Parallel Aware": false,"Async Capable": false,"Startup Cost": 114729.12,"Total Cost": 114729.13,"Plan Rows": 1,"Plan Width": 64,"Actual Startup Time": 195.848,"Actual Total Time": 195.864,"Actual Rows": 1,"Actual Loops": 5,"Workers": [],"Plans": [{"Node Type": "Hash Join","Parent Relationship": "Outer","Parallel Aware": true,"Async Capable": false,"Join Type": "Inner","Startup Cost": 7927.48,"Total Cost": 114396.59,"Plan Rows": 19001,"Plan Width": 33,"Actual Startup Time": 68.169,"Actual Total Time": 189.649,"Actual Rows": 15436,"Actual Loops": 5,"Inner Unique": true,"Hash Cond": "(lineitem.l_partkey = part.p_partkey)","Workers": [],"Plans": [{"Node Type": "Bitmap Heap Scan","Parent Relationship": "Outer","Parallel Aware": true,"Async Capable": false,"Relation Name": "lineitem","Alias": "lineitem","Startup Cost": 1955.48,"Total Cost": 108374.72,"Plan Rows": 19001,"Plan Width": 16,"Actual Startup Time": 32.679,"Actual Total Time": 124.661,"Actual Rows": 15436,"Actual Loops": 5,"Recheck Cond": "((l_shipdate >= '1996-03-01'::date) AND (l_shipdate < '1996-04-01 00:00:00'::timestamp without time zone))","Rows Removed by Index Recheck": 0,"Exact Heap Blocks": 7444,"Lossy Heap Blocks": 0,"Workers": [],"Plans": [{"Node Type": "Bitmap Index Scan","Parent Relationship": "Outer","Parallel Aware": false,"Async Capable": false,"Index Name": "idx_lineitem_shipdate","Startup Cost": 0.00,"Total Cost": 1936.48,"Plan Rows": 76005,"Plan Width": 0,"Actual Startup Time": 26.050,"Actual Total Time": 26.055,"Actual Rows": 77182,"Actual Loops": 1,"Index Cond": "((l_shipdate >= '1996-03-01'::date) AND (l_shipdate < '1996-04-01 00:00:00'::timestamp without time zone))","Workers": []}]},{"Node Type": "Hash","Parent Relationship": "Inner","Parallel Aware": true,"Async Capable": false,"Startup Cost": 4930.33,"Total Cost": 4930.33,"Plan Rows": 83333,"Plan Width": 25,"Actual Startup Time": 34.792,"Actual Total Time": 34.798,"Actual Rows": 40000,"Actual Loops": 5,"Hash Buckets": 262144,"Original Hash Buckets": 262144,"Hash Batches": 1,"Original Hash Batches": 1,"Peak Memory Usage": 14240,"Workers": [],"Plans": [{"Node Type": "Seq Scan","Parent Relationship": "Outer","Parallel Aware": true,"Async Capable": false,"Relation Name": "part","Alias": "part","Startup Cost": 0.00,"Total Cost": 4930.33,"Plan Rows": 83333,"Plan Width": 25,"Actual Startup Time": 0.032,"Actual Total Time": 15.195,"Actual Rows": 40000,"Actual Loops": 5,"Workers": []}]}]}]}]}]},"Planning Time": 5.059,"Triggers": [],"Execution Time": 221.816}]
[{"Plan": {"Node Type": "Aggregate","Strategy": "Plain","Partial Mode": "Finalize","Parallel Aware": false,"Async Capable": false,"Startup Cost": 118399.89,"Total Cost": 118399.90,"Plan Rows": 1,"Plan Width": 32,"Actual Startup Time": 206.498,"Actual Total Time": 224.956,"Actual Rows": 1,"Actual Loops": 1,"Plans": [{"Node Type": "Gather","Parent Relationship": "Outer","Parallel Aware": false,"Async Capable": false,"Startup Cost": 118399.43,"Total Cost": 118399.84,"Plan Rows": 4,"Plan Width": 64,"Actual Startup Time": 205.062,"Actual Total Time": 224.906,"Actual Rows": 5,"Actual Loops": 1,"Workers Planned": 4,"Workers Launched": 4,"Single Copy": false,"Plans": [{"Node Type": "Aggregate","Strategy": "Plain","Partial Mode": "Partial","Parent Relationship": "Outer","Parallel Aware": false,"Async Capable": false,"Startup Cost": 117399.43,"Total Cost": 117399.44,"Plan Rows": 1,"Plan Width": 64,"Actual Startup Time": 196.971,"Actual Total Time": 196.979,"Actual Rows": 1,"Actual Loops": 5,"Workers": [],"Plans": [{"Node Type": "Hash Join","Parent Relationship": "Outer","Parallel Aware": true,"Async Capable": false,"Join Type": "Inner","Startup Cost": 8076.51,"Total Cost": 117040.85,"Plan Rows": 20490,"Plan Width": 33,"Actual Startup Time": 67.504,"Actual Total Time": 190.658,"Actual Rows": 15441,"Actual Loops": 5,"Inner Unique": true,"Hash Cond": "(lineitem.l_partkey = part.p_partkey)","Workers": [],"Plans": [{"Node Type": "Bitmap Heap Scan","Parent Relationship": "Outer","Parallel Aware": true,"Async Capable": false,"Relation Name": "lineitem","Alias": "lineitem","Startup Cost": 2104.51,"Total Cost": 111015.07,"Plan Rows": 20490,"Plan Width": 16,"Actual Startup Time": 31.187,"Actual Total Time": 124.229,"Actual Rows": 15441,"Actual Loops": 5,"Recheck Cond": "((l_shipdate >= '1993-07-01'::date) AND (l_shipdate < '1993-08-01 00:00:00'::timestamp without time zone))","Rows Removed by Index Recheck": 0,"Exact Heap Blocks": 7445,"Lossy Heap Blocks": 0,"Workers": [],"Plans": [{"Node Type": "Bitmap Index Scan","Parent Relationship": "Outer","Parallel Aware": false,"Async Capable": false,"Index Name": "idx_lineitem_shipdate","Startup Cost": 0.00,"Total Cost": 2084.02,"Plan Rows": 81959,"Plan Width": 0,"Actual Startup Time": 24.709,"Actual Total Time": 24.710,"Actual Rows": 77203,"Actual Loops": 1,"Index Cond": "((l_shipdate >= '1993-07-01'::date) AND (l_shipdate < '1993-08-01 00:00:00'::timestamp without time zone))","Workers": []}]},{"Node Type": "Hash","Parent Relationship": "Inner","Parallel Aware": true,"Async Capable": false,"Startup Cost": 4930.33,"Total Cost": 4930.33,"Plan Rows": 83333,"Plan Width": 25,"Actual Startup Time": 35.543,"Actual Total Time": 35.545,"Actual Rows": 40000,"Actual Loops": 5,"Hash Buckets": 262144,"Original Hash Buckets": 262144,"Hash Batches": 1,"Original Hash Batches": 1,"Peak Memory Usage": 14176,"Workers": [],"Plans": [{"Node Type": "Seq Scan","Parent Relationship": "Outer","Parallel Aware": true,"Async Capable": false,"Relation Name": "part","Alias": "part","Startup Cost": 0.00,"Total Cost": 4930.33,"Plan Rows": 83333,"Plan Width": 25,"Actual Startup Time": 0.027,"Actual Total Time": 16.751,"Actual Rows": 40000,"Actual Loops": 5,"Workers": []}]}]}]}]}]},"Planning Time": 4.294,"Triggers": [],"Execution Time": 225.229}]
[{"Plan": {"Node Type": "Aggregate","Strategy": "Plain","Partial Mode": "Finalize","Parallel Aware": false,"Async Capable": false,"Startup Cost": 114558.03,"Total Cost": 114558.05,"Plan Rows": 1,"Plan Width": 32,"Actual Startup Time": 193.213,"Actual Total Time": 209.719,"Actual Rows": 1,"Actual Loops": 1,"Plans": [{"Node Type": "Gather","Parent Relationship": "Outer","Parallel Aware": false,"Async Capable": false,"Startup Cost": 114557.58,"Total Cost": 114557.99,"Plan Rows": 4,"Plan Width": 64,"Actual Startup Time": 192.028,"Actual Total Time": 209.680,"Actual Rows": 5,"Actual Loops": 1,"Workers Planned": 4,"Workers Launched": 4,"Single Copy": false,"Plans": [{"Node Type": "Aggregate","Strategy": "Plain","Partial Mode": "Partial","Parent Relationship": "Outer","Parallel Aware": false,"Async Capable": false,"Startup Cost": 113557.58,"Total Cost": 113557.59,"Plan Rows": 1,"Plan Width": 64,"Actual Startup Time": 183.893,"Actual Total Time": 183.909,"Actual Rows": 1,"Actual Loops": 5,"Workers": [],"Plans": [{"Node Type": "Hash Join","Parent Relationship": "Outer","Parallel Aware": true,"Async Capable": false,"Join Type": "Inner","Startup Cost": 7863.38,"Total Cost": 113235.33,"Plan Rows": 18414,"Plan Width": 33,"Actual Startup Time": 62.674,"Actual Total Time": 178.028,"Actual Rows": 14882,"Actual Loops": 5,"Inner Unique": true,"Hash Cond": "(lineitem.l_partkey = part.p_partkey)","Workers": [],"Plans": [{"Node Type": "Bitmap Heap Scan","Parent Relationship": "Outer","Parallel Aware": true,"Async Capable": false,"Relation Name": "lineitem","Alias": "lineitem","Startup Cost": 1891.39,"Total Cost": 107215.00,"Plan Rows": 18414,"Plan Width": 16,"Actual Startup Time": 24.290,"Actual Total Time": 109.440,"Actual Rows": 14882,"Actual Loops": 5,"Recheck Cond": "((l_shipdate >= '1997-11-01'::date) AND (l_shipdate < '1997-12-01 00:00:00'::timestamp without time zone))","Rows Removed by Index Recheck": 0,"Exact Heap Blocks": 7491,"Lossy Heap Blocks": 0,"Workers": [],"Plans": [{"Node Type": "Bitmap Index Scan","Parent Relationship": "Outer","Parallel Aware": false,"Async Capable": false,"Index Name": "idx_lineitem_shipdate","Startup Cost": 0.00,"Total Cost": 1872.97,"Plan Rows": 73654,"Plan Width": 0,"Actual Startup Time": 18.161,"Actual Total Time": 18.163,"Actual Rows": 74408,"Actual Loops": 1,"Index Cond": "((l_shipdate >= '1997-11-01'::date) AND (l_shipdate < '1997-12-01 00:00:00'::timestamp without time zone))","Workers": []}]},{"Node Type": "Hash","Parent Relationship": "Inner","Parallel Aware": true,"Async Capable": false,"Startup Cost": 4930.33,"Total Cost": 4930.33,"Plan Rows": 83333,"Plan Width": 25,"Actual Startup Time": 37.637,"Actual Total Time": 37.641,"Actual Rows": 40000,"Actual Loops": 5,"Hash Buckets": 262144,"Original Hash Buckets": 262144,"Hash Batches": 1,"Original Hash Batches": 1,"Peak Memory Usage": 14208,"Workers": [],"Plans": [{"Node Type": "Seq Scan","Parent Relationship": "Outer","Parallel Aware": true,"Async Capable": false,"Relation Name": "part","Alias": "part","Startup Cost": 0.00,"Total Cost": 4930.33,"Plan Rows": 83333,"Plan Width": 25,"Actual Startup Time": 0.035,"Actual Total Time": 17.634,"Actual Rows": 40000,"Actual Loops": 5,"Workers": []}]}]}]}]}]},"Planning Time": 3.772,"Triggers": [],"Execution Time": 209.976}]
[{"Plan": {"Node Type": "Aggregate","Strategy": "Plain","Partial Mode": "Finalize","Parallel Aware": false,"Async Capable": false,"Startup Cost": 117951.42,"Total Cost": 117951.44,"Plan Rows": 1,"Plan Width": 32,"Actual Startup Time": 195.681,"Actual Total Time": 213.344,"Actual Rows": 1,"Actual Loops": 1,"Plans": [{"Node Type": "Gather","Parent Relationship": "Outer","Parallel Aware": false,"Async Capable": false,"Startup Cost": 117950.97,"Total Cost": 117951.38,"Plan Rows": 4,"Plan Width": 64,"Actual Startup Time": 194.406,"Actual Total Time": 213.290,"Actual Rows": 5,"Actual Loops": 1,"Workers Planned": 4,"Workers Launched": 4,"Single Copy": false,"Plans": [{"Node Type": "Aggregate","Strategy": "Plain","Partial Mode": "Partial","Parent Relationship": "Outer","Parallel Aware": false,"Async Capable": false,"Startup Cost": 116950.97,"Total Cost": 116950.98,"Plan Rows": 1,"Plan Width": 64,"Actual Startup Time": 186.783,"Actual Total Time": 186.797,"Actual Rows": 1,"Actual Loops": 5,"Workers": [],"Plans": [{"Node Type": "Hash Join","Parent Relationship": "Outer","Parallel Aware": true,"Async Capable": false,"Join Type": "Inner","Startup Cost": 8049.62,"Total Cost": 116597.04,"Plan Rows": 20224,"Plan Width": 33,"Actual Startup Time": 60.474,"Actual Total Time": 180.769,"Actual Rows": 15532,"Actual Loops": 5,"Inner Unique": true,"Hash Cond": "(lineitem.l_partkey = part.p_partkey)","Workers": [],"Plans": [{"Node Type": "Bitmap Heap Scan","Parent Relationship": "Outer","Parallel Aware": true,"Async Capable": false,"Relation Name": "lineitem","Alias": "lineitem","Startup Cost": 2077.63,"Total Cost": 110571.96,"Plan Rows": 20224,"Plan Width": 16,"Actual Startup Time": 22.143,"Actual Total Time": 111.653,"Actual Rows": 15532,"Actual Loops": 5,"Recheck Cond": "((l_shipdate >= '1993-10-01'::date) AND (l_shipdate < '1993-11-01 00:00:00'::timestamp without time zone))","Rows Removed by Index Recheck": 0,"Exact Heap Blocks": 7906,"Lossy Heap Blocks": 0,"Workers": [],"Plans": [{"Node Type": "Bitmap Index Scan","Parent Relationship": "Outer","Parallel Aware": false,"Async Capable": false,"Index Name": "idx_lineitem_shipdate","Startup Cost": 0.00,"Total Cost": 2057.40,"Plan Rows": 80897,"Plan Width": 0,"Actual Startup Time": 15.870,"Actual Total Time": 15.870,"Actual Rows": 77661,"Actual Loops": 1,"Index Cond": "((l_shipdate >= '1993-10-01'::date) AND (l_shipdate < '1993-11-01 00:00:00'::timestamp without time zone))","Workers": []}]},{"Node Type": "Hash","Parent Relationship": "Inner","Parallel Aware": true,"Async Capable": false,"Startup Cost": 4930.33,"Total Cost": 4930.33,"Plan Rows": 83333,"Plan Width": 25,"Actual Startup Time": 37.623,"Actual Total Time": 37.628,"Actual Rows": 40000,"Actual Loops": 5,"Hash Buckets": 262144,"Original Hash Buckets": 262144,"Hash Batches": 1,"Original Hash Batches": 1,"Peak Memory Usage": 14176,"Workers": [],"Plans": [{"Node Type": "Seq Scan","Parent Relationship": "Outer","Parallel Aware": true,"Async Capable": false,"Relation Name": "part","Alias": "part","Startup Cost": 0.00,"Total Cost": 4930.33,"Plan Rows": 83333,"Plan Width": 25,"Actual Startup Time": 0.033,"Actual Total Time": 16.489,"Actual Rows": 40000,"Actual Loops": 5,"Workers": []}]}]}]}]}]},"Planning Time": 4.158,"Triggers": [],"Execution Time": 213.609}]
[{"Plan": {"Node Type": "Aggregate","Strategy": "Plain","Partial Mode": "Finalize","Parallel Aware": false,"Async Capable": false,"Startup Cost": 113833.15,"Total Cost": 113833.17,"Plan Rows": 1,"Plan Width": 32,"Actual Startup Time": 217.072,"Actual Total Time": 234.403,"Actual Rows": 1,"Actual Loops": 1,"Plans": [{"Node Type": "Gather","Parent Relationship": "Outer","Parallel Aware": false,"Async Capable": false,"Startup Cost": 113832.70,"Total Cost": 113833.11,"Plan Rows": 4,"Plan Width": 64,"Actual Startup Time": 215.182,"Actual Total Time": 234.357,"Actual Rows": 5,"Actual Loops": 1,"Workers Planned": 4,"Workers Launched": 4,"Single Copy": false,"Plans": [{"Node Type": "Aggregate","Strategy": "Plain","Partial Mode": "Partial","Parent Relationship": "Outer","Parallel Aware": false,"Async Capable": false,"Startup Cost": 112832.70,"Total Cost": 112832.71,"Plan Rows": 1,"Plan Width": 64,"Actual Startup Time": 207.633,"Actual Total Time": 207.644,"Actual Rows": 1,"Actual Loops": 5,"Workers": [],"Plans": [{"Node Type": "Hash Join","Parent Relationship": "Outer","Parallel Aware": true,"Async Capable": false,"Join Type": "Inner","Startup Cost": 7829.04,"Total Cost": 112516.57,"Plan Rows": 18064,"Plan Width": 33,"Actual Startup Time": 75.166,"Actual Total Time": 201.465,"Actual Rows": 14988,"Actual Loops": 5,"Inner Unique": true,"Hash Cond": "(lineitem.l_partkey = part.p_partkey)","Workers": [],"Plans": [{"Node Type": "Bitmap Heap Scan","Parent Relationship": "Outer","Parallel Aware": true,"Async Capable": false,"Relation Name": "lineitem","Alias": "lineitem","Startup Cost": 1857.05,"Total Cost": 106497.16,"Plan Rows": 18064,"Plan Width": 16,"Actual Startup Time": 33.693,"Actual Total Time": 130.254,"Actual Rows": 14988,"Actual Loops": 5,"Recheck Cond": "((l_shipdate >= '1993-09-01'::date) AND (l_shipdate < '1993-10-01 00:00:00'::timestamp without time zone))","Rows Removed by Index Recheck": 0,"Exact Heap Blocks": 8910,"Lossy Heap Blocks": 0,"Workers": [],"Plans": [{"Node Type": "Bitmap Index Scan","Parent Relationship": "Outer","Parallel Aware": false,"Async Capable": false,"Index Name": "idx_lineitem_shipdate","Startup Cost": 0.00,"Total Cost": 1838.98,"Plan Rows": 72255,"Plan Width": 0,"Actual Startup Time": 27.000,"Actual Total Time": 27.001,"Actual Rows": 74938,"Actual Loops": 1,"Index Cond": "((l_shipdate >= '1993-09-01'::date) AND (l_shipdate < '1993-10-01 00:00:00'::timestamp without time zone))","Workers": []}]},{"Node Type": "Hash","Parent Relationship": "Inner","Parallel Aware": true,"Async Capable": false,"Startup Cost": 4930.33,"Total Cost": 4930.33,"Plan Rows": 83333,"Plan Width": 25,"Actual Startup Time": 40.733,"Actual Total Time": 40.736,"Actual Rows": 40000,"Actual Loops": 5,"Hash Buckets": 262144,"Original Hash Buckets": 262144,"Hash Batches": 1,"Original Hash Batches": 1,"Peak Memory Usage": 14208,"Workers": [],"Plans": [{"Node Type": "Seq Scan","Parent Relationship": "Outer","Parallel Aware": true,"Async Capable": false,"Relation Name": "part","Alias": "part","Startup Cost": 0.00,"Total Cost": 4930.33,"Plan Rows": 83333,"Plan Width": 25,"Actual Startup Time": 0.041,"Actual Total Time": 18.555,"Actual Rows": 40000,"Actual Loops": 5,"Workers": []}]}]}]}]}]},"Planning Time": 4.126,"Triggers": [],"Execution Time": 234.679}]
[{"Plan": {"Node Type": "Aggregate","Strategy": "Plain","Partial Mode": "Finalize","Parallel Aware": false,"Async Capable": false,"Startup Cost": 111577.07,"Total Cost": 111577.08,"Plan Rows": 1,"Plan Width": 32,"Actual Startup Time": 186.301,"Actual Total Time": 202.570,"Actual Rows": 1,"Actual Loops": 1,"Plans": [{"Node Type": "Gather","Parent Relationship": "Outer","Parallel Aware": false,"Async Capable": false,"Startup Cost": 111576.61,"Total Cost": 111577.02,"Plan Rows": 4,"Plan Width": 64,"Actual Startup Time": 184.863,"Actual Total Time": 202.533,"Actual Rows": 5,"Actual Loops": 1,"Workers Planned": 4,"Workers Launched": 4,"Single Copy": false,"Plans": [{"Node Type": "Aggregate","Strategy": "Plain","Partial Mode": "Partial","Parent Relationship": "Outer","Parallel Aware": false,"Async Capable": false,"Startup Cost": 110576.61,"Total Cost": 110576.62,"Plan Rows": 1,"Plan Width": 64,"Actual Startup Time": 177.469,"Actual Total Time": 177.481,"Actual Rows": 1,"Actual Loops": 5,"Workers": [],"Plans": [{"Node Type": "Hash Join","Parent Relationship": "Outer","Parallel Aware": true,"Async Capable": false,"Join Type": "Inner","Startup Cost": 7723.43,"Total Cost": 110278.25,"Plan Rows": 17049,"Plan Width": 33,"Actual Startup Time": 61.420,"Actual Total Time": 171.970,"Actual Rows": 14049,"Actual Loops": 5,"Inner Unique": true,"Hash Cond": "(lineitem.l_partkey = part.p_partkey)","Workers": [],"Plans": [{"Node Type": "Bitmap Heap Scan","Parent Relationship": "Outer","Parallel Aware": true,"Async Capable": false,"Relation Name": "lineitem","Alias": "lineitem","Startup Cost": 1751.43,"Total Cost": 104261.50,"Plan Rows": 17049,"Plan Width": 16,"Actual Startup Time": 23.904,"Actual Total Time": 106.890,"Actual Rows": 14049,"Actual Loops": 5,"Recheck Cond": "((l_shipdate >= '1997-02-01'::date) AND (l_shipdate < '1997-03-01 00:00:00'::timestamp without time zone))","Rows Removed by Index Recheck": 0,"Exact Heap Blocks": 7418,"Lossy Heap Blocks": 0,"Workers": [],"Plans": [{"Node Type": "Bitmap Index Scan","Parent Relationship": "Outer","Parallel Aware": false,"Async Capable": false,"Index Name": "idx_lineitem_shipdate","Startup Cost": 0.00,"Total Cost": 1734.38,"Plan Rows": 68195,"Plan Width": 0,"Actual Startup Time": 17.828,"Actual Total Time": 17.830,"Actual Rows": 70245,"Actual Loops": 1,"Index Cond": "((l_shipdate >= '1997-02-01'::date) AND (l_shipdate < '1997-03-01 00:00:00'::timestamp without time zone))","Workers": []}]},{"Node Type": "Hash","Parent Relationship": "Inner","Parallel Aware": true,"Async Capable": false,"Startup Cost": 4930.33,"Total Cost": 4930.33,"Plan Rows": 83333,"Plan Width": 25,"Actual Startup Time": 36.814,"Actual Total Time": 36.818,"Actual Rows": 40000,"Actual Loops": 5,"Hash Buckets": 262144,"Original Hash Buckets": 262144,"Hash Batches": 1,"Original Hash Batches": 1,"Peak Memory Usage": 14240,"Workers": [],"Plans": [{"Node Type": "Seq Scan","Parent Relationship": "Outer","Parallel Aware": true,"Async Capable": false,"Relation Name": "part","Alias": "part","Startup Cost": 0.00,"Total Cost": 4930.33,"Plan Rows": 83333,"Plan Width": 25,"Actual Startup Time": 0.035,"Actual Total Time": 16.010,"Actual Rows": 40000,"Actual Loops": 5,"Workers": []}]}]}]}]}]},"Planning Time": 4.076,"Triggers": [],"Execution Time": 202.873}]
[{"Plan": {"Node Type": "Aggregate","Strategy": "Plain","Partial Mode": "Finalize","Parallel Aware": false,"Async Capable": false,"Startup Cost": 111167.85,"Total Cost": 111167.87,"Plan Rows": 1,"Plan Width": 32,"Actual Startup Time": 180.931,"Actual Total Time": 199.884,"Actual Rows": 1,"Actual Loops": 1,"Plans": [{"Node Type": "Gather","Parent Relationship": "Outer","Parallel Aware": false,"Async Capable": false,"Startup Cost": 111167.40,"Total Cost": 111167.81,"Plan Rows": 4,"Plan Width": 64,"Actual Startup Time": 179.550,"Actual Total Time": 199.841,"Actual Rows": 5,"Actual Loops": 1,"Workers Planned": 4,"Workers Launched": 4,"Single Copy": false,"Plans": [{"Node Type": "Aggregate","Strategy": "Plain","Partial Mode": "Partial","Parent Relationship": "Outer","Parallel Aware": false,"Async Capable": false,"Startup Cost": 110167.40,"Total Cost": 110167.41,"Plan Rows": 1,"Plan Width": 64,"Actual Startup Time": 171.475,"Actual Total Time": 171.482,"Actual Rows": 1,"Actual Loops": 5,"Workers": [],"Plans": [{"Node Type": "Hash Join","Parent Relationship": "Outer","Parallel Aware": true,"Async Capable": false,"Join Type": "Inner","Startup Cost": 7708.24,"Total Cost": 109872.10,"Plan Rows": 16874,"Plan Width": 33,"Actual Startup Time": 55.633,"Actual Total Time": 165.640,"Actual Rows": 13990,"Actual Loops": 5,"Inner Unique": true,"Hash Cond": "(lineitem.l_partkey = part.p_partkey)","Workers": [],"Plans": [{"Node Type": "Bitmap Heap Scan","Parent Relationship": "Outer","Parallel Aware": true,"Async Capable": false,"Relation Name": "lineitem","Alias": "lineitem","Startup Cost": 1736.25,"Total Cost": 103855.81,"Plan Rows": 16873,"Plan Width": 16,"Actual Startup Time": 21.244,"Actual Total Time": 102.422,"Actual Rows": 13990,"Actual Loops": 5,"Recheck Cond": "((l_shipdate >= '1993-02-01'::date) AND (l_shipdate < '1993-03-01 00:00:00'::timestamp without time zone))","Rows Removed by Index Recheck": 0,"Exact Heap Blocks": 6433,"Lossy Heap Blocks": 0,"Workers": [],"Plans": [{"Node Type": "Bitmap Index Scan","Parent Relationship": "Outer","Parallel Aware": false,"Async Capable": false,"Index Name": "idx_lineitem_shipdate","Startup Cost": 0.00,"Total Cost": 1719.37,"Plan Rows": 67494,"Plan Width": 0,"Actual Startup Time": 15.254,"Actual Total Time": 15.255,"Actual Rows": 69949,"Actual Loops": 1,"Index Cond": "((l_shipdate >= '1993-02-01'::date) AND (l_shipdate < '1993-03-01 00:00:00'::timestamp without time zone))","Workers": []}]},{"Node Type": "Hash","Parent Relationship": "Inner","Parallel Aware": true,"Async Capable": false,"Startup Cost": 4930.33,"Total Cost": 4930.33,"Plan Rows": 83333,"Plan Width": 25,"Actual Startup Time": 33.582,"Actual Total Time": 33.584,"Actual Rows": 40000,"Actual Loops": 5,"Hash Buckets": 262144,"Original Hash Buckets": 262144,"Hash Batches": 1,"Original Hash Batches": 1,"Peak Memory Usage": 14176,"Workers": [],"Plans": [{"Node Type": "Seq Scan","Parent Relationship": "Outer","Parallel Aware": true,"Async Capable": false,"Relation Name": "part","Alias": "part","Startup Cost": 0.00,"Total Cost": 4930.33,"Plan Rows": 83333,"Plan Width": 25,"Actual Startup Time": 0.036,"Actual Total Time": 15.481,"Actual Rows": 40000,"Actual Loops": 5,"Workers": []}]}]}]}]}]},"Planning Time": 4.410,"Triggers": [],"Execution Time": 200.104}]
[{"Plan": {"Node Type": "Aggregate","Strategy": "Plain","Partial Mode": "Finalize","Parallel Aware": false,"Async Capable": false,"Startup Cost": 116198.09,"Total Cost": 116198.11,"Plan Rows": 1,"Plan Width": 32,"Actual Startup Time": 194.937,"Actual Total Time": 212.766,"Actual Rows": 1,"Actual Loops": 1,"Plans": [{"Node Type": "Gather","Parent Relationship": "Outer","Parallel Aware": false,"Async Capable": false,"Startup Cost": 116197.64,"Total Cost": 116198.05,"Plan Rows": 4,"Plan Width": 64,"Actual Startup Time": 193.661,"Actual Total Time": 212.719,"Actual Rows": 5,"Actual Loops": 1,"Workers Planned": 4,"Workers Launched": 4,"Single Copy": false,"Plans": [{"Node Type": "Aggregate","Strategy": "Plain","Partial Mode": "Partial","Parent Relationship": "Outer","Parallel Aware": false,"Async Capable": false,"Startup Cost": 115197.64,"Total Cost": 115197.65,"Plan Rows": 1,"Plan Width": 64,"Actual Startup Time": 186.015,"Actual Total Time": 186.028,"Actual Rows": 1,"Actual Loops": 5,"Workers": [],"Plans": [{"Node Type": "Hash Join","Parent Relationship": "Outer","Parallel Aware": true,"Async Capable": false,"Join Type": "Inner","Startup Cost": 7949.61,"Total Cost": 114860.79,"Plan Rows": 19248,"Plan Width": 33,"Actual Startup Time": 63.880,"Actual Total Time": 180.150,"Actual Rows": 15061,"Actual Loops": 5,"Inner Unique": true,"Hash Cond": "(lineitem.l_partkey = part.p_partkey)","Workers": [],"Plans": [{"Node Type": "Bitmap Heap Scan","Parent Relationship": "Outer","Parallel Aware": true,"Async Capable": false,"Relation Name": "lineitem","Alias": "lineitem","Startup Cost": 1977.61,"Total Cost": 108838.27,"Plan Rows": 19248,"Plan Width": 16,"Actual Startup Time": 23.071,"Actual Total Time": 109.166,"Actual Rows": 15061,"Actual Loops": 5,"Recheck Cond": "((l_shipdate >= '1994-09-01'::date) AND (l_shipdate < '1994-10-01 00:00:00'::timestamp without time zone))","Rows Removed by Index Recheck": 0,"Exact Heap Blocks": 7981,"Lossy Heap Blocks": 0,"Workers": [],"Plans": [{"Node Type": "Bitmap Index Scan","Parent Relationship": "Outer","Parallel Aware": false,"Async Capable": false,"Index Name": "idx_lineitem_shipdate","Startup Cost": 0.00,"Total Cost": 1958.36,"Plan Rows": 76993,"Plan Width": 0,"Actual Startup Time": 16.740,"Actual Total Time": 16.742,"Actual Rows": 75306,"Actual Loops": 1,"Index Cond": "((l_shipdate >= '1994-09-01'::date) AND (l_shipdate < '1994-10-01 00:00:00'::timestamp without time zone))","Workers": []}]},{"Node Type": "Hash","Parent Relationship": "Inner","Parallel Aware": true,"Async Capable": false,"Startup Cost": 4930.33,"Total Cost": 4930.33,"Plan Rows": 83333,"Plan Width": 25,"Actual Startup Time": 39.928,"Actual Total Time": 39.932,"Actual Rows": 40000,"Actual Loops": 5,"Hash Buckets": 262144,"Original Hash Buckets": 262144,"Hash Batches": 1,"Original Hash Batches": 1,"Peak Memory Usage": 14176,"Workers": [],"Plans": [{"Node Type": "Seq Scan","Parent Relationship": "Outer","Parallel Aware": true,"Async Capable": false,"Relation Name": "part","Alias": "part","Startup Cost": 0.00,"Total Cost": 4930.33,"Plan Rows": 83333,"Plan Width": 25,"Actual Startup Time": 0.037,"Actual Total Time": 17.389,"Actual Rows": 40000,"Actual Loops": 5,"Workers": []}]}]}]}]}]},"Planning Time": 4.062,"Triggers": [],"Execution Time": 213.027}]
[{"Plan": {"Node Type": "Aggregate","Strategy": "Plain","Partial Mode": "Finalize","Parallel Aware": false,"Async Capable": false,"Startup Cost": 113833.15,"Total Cost": 113833.17,"Plan Rows": 1,"Plan Width": 32,"Actual Startup Time": 217.072,"Actual Total Time": 234.403,"Actual Rows": 1,"Actual Loops": 1,"Plans": [{"Node Type": "Gather","Parent Relationship": "Outer","Parallel Aware": false,"Async Capable": false,"Startup Cost": 113832.70,"Total Cost": 113833.11,"Plan Rows": 4,"Plan Width": 64,"Actual Startup Time": 215.182,"Actual Total Time": 234.357,"Actual Rows": 5,"Actual Loops": 1,"Workers Planned": 4,"Workers Launched": 4,"Single Copy": false,"Plans": [{"Node Type": "Aggregate","Strategy": "Plain","Partial Mode": "Partial","Parent Relationship": "Outer","Parallel Aware": false,"Async Capable": false,"Startup Cost": 112832.70,"Total Cost": 112832.71,"Plan Rows": 1,"Plan Width": 64,"Actual Startup Time": 207.633,"Actual Total Time": 207.644,"Actual Rows": 1,"Actual Loops": 5,"Workers": [],"Plans": [{"Node Type": "Hash Join","Parent Relationship": "Outer","Parallel Aware": true,"Async Capable": false,"Join Type": "Inner","Startup Cost": 7829.04,"Total Cost": 112516.57,"Plan Rows": 18064,"Plan Width": 33,"Actual Startup Time": 75.166,"Actual Total Time": 201.465,"Actual Rows": 14988,"Actual Loops": 5,"Inner Unique": true,"Hash Cond": "(lineitem.l_partkey = part.p_partkey)","Workers": [],"Plans": [{"Node Type": "Bitmap Heap Scan","Parent Relationship": "Outer","Parallel Aware": true,"Async Capable": false,"Relation Name": "lineitem","Alias": "lineitem","Startup Cost": 1857.05,"Total Cost": 106497.16,"Plan Rows": 18064,"Plan Width": 16,"Actual Startup Time": 33.693,"Actual Total Time": 130.254,"Actual Rows": 14988,"Actual Loops": 5,"Recheck Cond": "((l_shipdate >= '1993-09-01'::date) AND (l_shipdate < '1993-10-01 00:00:00'::timestamp without time zone))","Rows Removed by Index Recheck": 0,"Exact Heap Blocks": 8910,"Lossy Heap Blocks": 0,"Workers": [],"Plans": [{"Node Type": "Bitmap Index Scan","Parent Relationship": "Outer","Parallel Aware": false,"Async Capable": false,"Index Name": "idx_lineitem_shipdate","Startup Cost": 0.00,"Total Cost": 1838.98,"Plan Rows": 72255,"Plan Width": 0,"Actual Startup Time": 27.000,"Actual Total Time": 27.001,"Actual Rows": 74938,"Actual Loops": 1,"Index Cond": "((l_shipdate >= '1993-09-01'::date) AND (l_shipdate < '1993-10-01 00:00:00'::timestamp without time zone))","Workers": []}]},{"Node Type": "Hash","Parent Relationship": "Inner","Parallel Aware": true,"Async Capable": false,"Startup Cost": 4930.33,"Total Cost": 4930.33,"Plan Rows": 83333,"Plan Width": 25,"Actual Startup Time": 40.733,"Actual Total Time": 40.736,"Actual Rows": 40000,"Actual Loops": 5,"Hash Buckets": 262144,"Original Hash Buckets": 262144,"Hash Batches": 1,"Original Hash Batches": 1,"Peak Memory Usage": 14208,"Workers": [],"Plans": [{"Node Type": "Seq Scan","Parent Relationship": "Outer","Parallel Aware": true,"Async Capable": false,"Relation Name": "part","Alias": "part","Startup Cost": 0.00,"Total Cost": 4930.33,"Plan Rows": 83333,"Plan Width": 25,"Actual Startup Time": 0.041,"Actual Total Time": 18.555,"Actual Rows": 40000,"Actual Loops": 5,"Workers": []}]}]}]}]}]},"Planning Time": 4.126,"Triggers": [],"Execution Time": 234.679}]
[{"Plan": {"Node Type": "Aggregate","Strategy": "Plain","Partial Mode": "Finalize","Parallel Aware": false,"Async Capable": false,"Startup Cost": 113868.95,"Total Cost": 113868.96,"Plan Rows": 1,"Plan Width": 32,"Actual Startup Time": 192.024,"Actual Total Time": 209.364,"Actual Rows": 1,"Actual Loops": 1,"Plans": [{"Node Type": "Gather","Parent Relationship": "Outer","Parallel Aware": false,"Async Capable": false,"Startup Cost": 113868.49,"Total Cost": 113868.90,"Plan Rows": 4,"Plan Width": 64,"Actual Startup Time": 190.470,"Actual Total Time": 209.317,"Actual Rows": 5,"Actual Loops": 1,"Workers Planned": 4,"Workers Launched": 4,"Single Copy": false,"Plans": [{"Node Type": "Aggregate","Strategy": "Plain","Partial Mode": "Partial","Parent Relationship": "Outer","Parallel Aware": false,"Async Capable": false,"Startup Cost": 112868.49,"Total Cost": 112868.50,"Plan Rows": 1,"Plan Width": 64,"Actual Startup Time": 182.800,"Actual Total Time": 182.811,"Actual Rows": 1,"Actual Loops": 5,"Workers": [],"Plans": [{"Node Type": "Hash Join","Parent Relationship": "Outer","Parallel Aware": true,"Async Capable": false,"Join Type": "Inner","Startup Cost": 7829.76,"Total Cost": 112552.07,"Plan Rows": 18081,"Plan Width": 33,"Actual Startup Time": 58.101,"Actual Total Time": 176.684,"Actual Rows": 14907,"Actual Loops": 5,"Inner Unique": true,"Hash Cond": "(lineitem.l_partkey = part.p_partkey)","Workers": [],"Plans": [{"Node Type": "Bitmap Heap Scan","Parent Relationship": "Outer","Parallel Aware": true,"Async Capable": false,"Relation Name": "lineitem","Alias": "lineitem","Startup Cost": 1857.76,"Total Cost": 106532.61,"Plan Rows": 18081,"Plan Width": 16,"Actual Startup Time": 21.453,"Actual Total Time": 110.287,"Actual Rows": 14907,"Actual Loops": 5,"Recheck Cond": "((l_shipdate >= '1997-04-01'::date) AND (l_shipdate < '1997-05-01 00:00:00'::timestamp without time zone))","Rows Removed by Index Recheck": 0,"Exact Heap Blocks": 7370,"Lossy Heap Blocks": 0,"Workers": [],"Plans": [{"Node Type": "Bitmap Index Scan","Parent Relationship": "Outer","Parallel Aware": false,"Async Capable": false,"Index Name": "idx_lineitem_shipdate","Startup Cost": 0.00,"Total Cost": 1839.68,"Plan Rows": 72325,"Plan Width": 0,"Actual Startup Time": 15.340,"Actual Total Time": 15.341,"Actual Rows": 74537,"Actual Loops": 1,"Index Cond": "((l_shipdate >= '1997-04-01'::date) AND (l_shipdate < '1997-05-01 00:00:00'::timestamp without time zone))","Workers": []}]},{"Node Type": "Hash","Parent Relationship": "Inner","Parallel Aware": true,"Async Capable": false,"Startup Cost": 4930.33,"Total Cost": 4930.33,"Plan Rows": 83333,"Plan Width": 25,"Actual Startup Time": 35.881,"Actual Total Time": 35.885,"Actual Rows": 40000,"Actual Loops": 5,"Hash Buckets": 262144,"Original Hash Buckets": 262144,"Hash Batches": 1,"Original Hash Batches": 1,"Peak Memory Usage": 14176,"Workers": [],"Plans": [{"Node Type": "Seq Scan","Parent Relationship": "Outer","Parallel Aware": true,"Async Capable": false,"Relation Name": "part","Alias": "part","Startup Cost": 0.00,"Total Cost": 4930.33,"Plan Rows": 83333,"Plan Width": 25,"Actual Startup Time": 0.029,"Actual Total Time": 16.944,"Actual Rows": 40000,"Actual Loops": 5,"Workers": []}]}]}]}]}]},"Planning Time": 5.167,"Triggers": [],"Execution Time": 209.657}]
[{"Plan": {"Node Type": "Aggregate","Strategy": "Plain","Partial Mode": "Finalize","Parallel Aware": false,"Async Capable": false,"Startup Cost": 115298.80,"Total Cost": 115298.82,"Plan Rows": 1,"Plan Width": 32,"Actual Startup Time": 191.770,"Actual Total Time": 208.257,"Actual Rows": 1,"Actual Loops": 1,"Plans": [{"Node Type": "Gather","Parent Relationship": "Outer","Parallel Aware": false,"Async Capable": false,"Startup Cost": 115298.35,"Total Cost": 115298.76,"Plan Rows": 4,"Plan Width": 64,"Actual Startup Time": 190.365,"Actual Total Time": 208.218,"Actual Rows": 5,"Actual Loops": 1,"Workers Planned": 4,"Workers Launched": 4,"Single Copy": false,"Plans": [{"Node Type": "Aggregate","Strategy": "Plain","Partial Mode": "Partial","Parent Relationship": "Outer","Parallel Aware": false,"Async Capable": false,"Startup Cost": 114298.35,"Total Cost": 114298.36,"Plan Rows": 1,"Plan Width": 64,"Actual Startup Time": 182.565,"Actual Total Time": 182.576,"Actual Rows": 1,"Actual Loops": 5,"Workers": [],"Plans": [{"Node Type": "Hash Join","Parent Relationship": "Outer","Parallel Aware": true,"Async Capable": false,"Join Type": "Inner","Startup Cost": 7902.48,"Total Cost": 113969.66,"Plan Rows": 18782,"Plan Width": 33,"Actual Startup Time": 59.443,"Actual Total Time": 176.606,"Actual Rows": 14990,"Actual Loops": 5,"Inner Unique": true,"Hash Cond": "(lineitem.l_partkey = part.p_partkey)","Workers": [],"Plans": [{"Node Type": "Bitmap Heap Scan","Parent Relationship": "Outer","Parallel Aware": true,"Async Capable": false,"Relation Name": "lineitem","Alias": "lineitem","Startup Cost": 1930.48,"Total Cost": 107948.36,"Plan Rows": 18782,"Plan Width": 16,"Actual Startup Time": 21.604,"Actual Total Time": 109.072,"Actual Rows": 14990,"Actual Loops": 5,"Recheck Cond": "((l_shipdate >= '1993-11-01'::date) AND (l_shipdate < '1993-12-01 00:00:00'::timestamp without time zone))","Rows Removed by Index Recheck": 0,"Exact Heap Blocks": 7520,"Lossy Heap Blocks": 0,"Workers": [],"Plans": [{"Node Type": "Bitmap Index Scan","Parent Relationship": "Outer","Parallel Aware": false,"Async Capable": false,"Index Name": "idx_lineitem_shipdate","Startup Cost": 0.00,"Total Cost": 1911.70,"Plan Rows": 75127,"Plan Width": 0,"Actual Startup Time": 15.494,"Actual Total Time": 15.497,"Actual Rows": 74949,"Actual Loops": 1,"Index Cond": "((l_shipdate >= '1993-11-01'::date) AND (l_shipdate < '1993-12-01 00:00:00'::timestamp without time zone))","Workers": []}]},{"Node Type": "Hash","Parent Relationship": "Inner","Parallel Aware": true,"Async Capable": false,"Startup Cost": 4930.33,"Total Cost": 4930.33,"Plan Rows": 83333,"Plan Width": 25,"Actual Startup Time": 36.955,"Actual Total Time": 36.958,"Actual Rows": 40000,"Actual Loops": 5,"Hash Buckets": 262144,"Original Hash Buckets": 262144,"Hash Batches": 1,"Original Hash Batches": 1,"Peak Memory Usage": 14176,"Workers": [],"Plans": [{"Node Type": "Seq Scan","Parent Relationship": "Outer","Parallel Aware": true,"Async Capable": false,"Relation Name": "part","Alias": "part","Startup Cost": 0.00,"Total Cost": 4930.33,"Plan Rows": 83333,"Plan Width": 25,"Actual Startup Time": 0.042,"Actual Total Time": 17.442,"Actual Rows": 40000,"Actual Loops": 5,"Workers": []}]}]}]}]}]},"Planning Time": 4.152,"Triggers": [],"Execution Time": 208.521}]
[{"Plan": {"Node Type": "Aggregate","Strategy": "Plain","Partial Mode": "Finalize","Parallel Aware": false,"Async Capable": false,"Startup Cost": 116302.88,"Total Cost": 116302.89,"Plan Rows": 1,"Plan Width": 32,"Actual Startup Time": 191.977,"Actual Total Time": 208.674,"Actual Rows": 1,"Actual Loops": 1,"Plans": [{"Node Type": "Gather","Parent Relationship": "Outer","Parallel Aware": false,"Async Capable": false,"Startup Cost": 116302.42,"Total Cost": 116302.83,"Plan Rows": 4,"Plan Width": 64,"Actual Startup Time": 190.628,"Actual Total Time": 208.617,"Actual Rows": 5,"Actual Loops": 1,"Workers Planned": 4,"Workers Launched": 4,"Single Copy": false,"Plans": [{"Node Type": "Aggregate","Strategy": "Plain","Partial Mode": "Partial","Parent Relationship": "Outer","Parallel Aware": false,"Async Capable": false,"Startup Cost": 115302.42,"Total Cost": 115302.43,"Plan Rows": 1,"Plan Width": 64,"Actual Startup Time": 183.305,"Actual Total Time": 183.316,"Actual Rows": 1,"Actual Loops": 5,"Workers": [],"Plans": [{"Node Type": "Hash Join","Parent Relationship": "Outer","Parallel Aware": true,"Async Capable": false,"Join Type": "Inner","Startup Cost": 7955.88,"Total Cost": 114964.60,"Plan Rows": 19304,"Plan Width": 33,"Actual Startup Time": 58.483,"Actual Total Time": 177.208,"Actual Rows": 15507,"Actual Loops": 5,"Inner Unique": true,"Hash Cond": "(lineitem.l_partkey = part.p_partkey)","Workers": [],"Plans": [{"Node Type": "Bitmap Heap Scan","Parent Relationship": "Outer","Parallel Aware": true,"Async Capable": false,"Relation Name": "lineitem","Alias": "lineitem","Startup Cost": 1983.89,"Total Cost": 108941.93,"Plan Rows": 19304,"Plan Width": 16,"Actual Startup Time": 22.385,"Actual Total Time": 111.734,"Actual Rows": 15507,"Actual Loops": 5,"Recheck Cond": "((l_shipdate >= '1997-03-01'::date) AND (l_shipdate < '1997-04-01 00:00:00'::timestamp without time zone))","Rows Removed by Index Recheck": 0,"Exact Heap Blocks": 8419,"Lossy Heap Blocks": 0,"Workers": [],"Plans": [{"Node Type": "Bitmap Index Scan","Parent Relationship": "Outer","Parallel Aware": false,"Async Capable": false,"Index Name": "idx_lineitem_shipdate","Startup Cost": 0.00,"Total Cost": 1964.58,"Plan Rows": 77215,"Plan Width": 0,"Actual Startup Time": 16.076,"Actual Total Time": 16.077,"Actual Rows": 77537,"Actual Loops": 1,"Index Cond": "((l_shipdate >= '1997-03-01'::date) AND (l_shipdate < '1997-04-01 00:00:00'::timestamp without time zone))","Workers": []}]},{"Node Type": "Hash","Parent Relationship": "Inner","Parallel Aware": true,"Async Capable": false,"Startup Cost": 4930.33,"Total Cost": 4930.33,"Plan Rows": 83333,"Plan Width": 25,"Actual Startup Time": 35.330,"Actual Total Time": 35.334,"Actual Rows": 40000,"Actual Loops": 5,"Hash Buckets": 262144,"Original Hash Buckets": 262144,"Hash Batches": 1,"Original Hash Batches": 1,"Peak Memory Usage": 14208,"Workers": [],"Plans": [{"Node Type": "Seq Scan","Parent Relationship": "Outer","Parallel Aware": true,"Async Capable": false,"Relation Name": "part","Alias": "part","Startup Cost": 0.00,"Total Cost": 4930.33,"Plan Rows": 83333,"Plan Width": 25,"Actual Startup Time": 0.035,"Actual Total Time": 15.361,"Actual Rows": 40000,"Actual Loops": 5,"Workers": []}]}]}]}]}]},"Planning Time": 4.026,"Triggers": [],"Execution Time": 208.949}]
[{"Plan": {"Node Type": "Aggregate","Strategy": "Plain","Partial Mode": "Finalize","Parallel Aware": false,"Async Capable": false,"Startup Cost": 113767.70,"Total Cost": 113767.71,"Plan Rows": 1,"Plan Width": 32,"Actual Startup Time": 201.354,"Actual Total Time": 217.629,"Actual Rows": 1,"Actual Loops": 1,"Plans": [{"Node Type": "Gather","Parent Relationship": "Outer","Parallel Aware": false,"Async Capable": false,"Startup Cost": 113767.24,"Total Cost": 113767.65,"Plan Rows": 4,"Plan Width": 64,"Actual Startup Time": 198.999,"Actual Total Time": 217.582,"Actual Rows": 5,"Actual Loops": 1,"Workers Planned": 4,"Workers Launched": 4,"Single Copy": false,"Plans": [{"Node Type": "Aggregate","Strategy": "Plain","Partial Mode": "Partial","Parent Relationship": "Outer","Parallel Aware": false,"Async Capable": false,"Startup Cost": 112767.24,"Total Cost": 112767.25,"Plan Rows": 1,"Plan Width": 64,"Actual Startup Time": 191.550,"Actual Total Time": 191.562,"Actual Rows": 1,"Actual Loops": 5,"Workers": [],"Plans": [{"Node Type": "Hash Join","Parent Relationship": "Outer","Parallel Aware": true,"Async Capable": false,"Join Type": "Inner","Startup Cost": 7827.74,"Total Cost": 112451.68,"Plan Rows": 18032,"Plan Width": 33,"Actual Startup Time": 62.703,"Actual Total Time": 185.698,"Actual Rows": 14327,"Actual Loops": 5,"Inner Unique": true,"Hash Cond": "(lineitem.l_partkey = part.p_partkey)","Workers": [],"Plans": [{"Node Type": "Bitmap Heap Scan","Parent Relationship": "Outer","Parallel Aware": true,"Async Capable": false,"Relation Name": "lineitem","Alias": "lineitem","Startup Cost": 1855.74,"Total Cost": 106432.35,"Plan Rows": 18032,"Plan Width": 16,"Actual Startup Time": 28.428,"Actual Total Time": 122.517,"Actual Rows": 14327,"Actual Loops": 5,"Recheck Cond": "((l_shipdate >= '1996-02-01'::date) AND (l_shipdate < '1996-03-01 00:00:00'::timestamp without time zone))","Rows Removed by Index Recheck": 0,"Exact Heap Blocks": 8588,"Lossy Heap Blocks": 0,"Workers": [],"Plans": [{"Node Type": "Bitmap Index Scan","Parent Relationship": "Outer","Parallel Aware": false,"Async Capable": false,"Index Name": "idx_lineitem_shipdate","Startup Cost": 0.00,"Total Cost": 1837.71,"Plan Rows": 72128,"Plan Width": 0,"Actual Startup Time": 22.136,"Actual Total Time": 22.138,"Actual Rows": 71636,"Actual Loops": 1,"Index Cond": "((l_shipdate >= '1996-02-01'::date) AND (l_shipdate < '1996-03-01 00:00:00'::timestamp without time zone))","Workers": []}]},{"Node Type": "Hash","Parent Relationship": "Inner","Parallel Aware": true,"Async Capable": false,"Startup Cost": 4930.33,"Total Cost": 4930.33,"Plan Rows": 83333,"Plan Width": 25,"Actual Startup Time": 33.546,"Actual Total Time": 33.549,"Actual Rows": 40000,"Actual Loops": 5,"Hash Buckets": 262144,"Original Hash Buckets": 262144,"Hash Batches": 1,"Original Hash Batches": 1,"Peak Memory Usage": 14240,"Workers": [],"Plans": [{"Node Type": "Seq Scan","Parent Relationship": "Outer","Parallel Aware": true,"Async Capable": false,"Relation Name": "part","Alias": "part","Startup Cost": 0.00,"Total Cost": 4930.33,"Plan Rows": 83333,"Plan Width": 25,"Actual Startup Time": 0.035,"Actual Total Time": 14.470,"Actual Rows": 40000,"Actual Loops": 5,"Workers": []}]}]}]}]}]},"Planning Time": 4.716,"Triggers": [],"Execution Time": 217.907}]
[{"Plan": {"Node Type": "Aggregate","Strategy": "Plain","Partial Mode": "Finalize","Parallel Aware": false,"Async Capable": false,"Startup Cost": 117449.67,"Total Cost": 117449.68,"Plan Rows": 1,"Plan Width": 32,"Actual Startup Time": 209.461,"Actual Total Time": 224.908,"Actual Rows": 1,"Actual Loops": 1,"Plans": [{"Node Type": "Gather","Parent Relationship": "Outer","Parallel Aware": false,"Async Capable": false,"Startup Cost": 117449.21,"Total Cost": 117449.62,"Plan Rows": 4,"Plan Width": 64,"Actual Startup Time": 207.968,"Actual Total Time": 224.878,"Actual Rows": 5,"Actual Loops": 1,"Workers Planned": 4,"Workers Launched": 4,"Single Copy": false,"Plans": [{"Node Type": "Aggregate","Strategy": "Plain","Partial Mode": "Partial","Parent Relationship": "Outer","Parallel Aware": false,"Async Capable": false,"Startup Cost": 116449.21,"Total Cost": 116449.22,"Plan Rows": 1,"Plan Width": 64,"Actual Startup Time": 200.716,"Actual Total Time": 200.726,"Actual Rows": 1,"Actual Loops": 5,"Workers": [],"Plans": [{"Node Type": "Hash Join","Parent Relationship": "Outer","Parallel Aware": true,"Async Capable": false,"Join Type": "Inner","Startup Cost": 8021.73,"Total Cost": 116100.36,"Plan Rows": 19934,"Plan Width": 33,"Actual Startup Time": 69.344,"Actual Total Time": 194.621,"Actual Rows": 15439,"Actual Loops": 5,"Inner Unique": true,"Hash Cond": "(lineitem.l_partkey = part.p_partkey)","Workers": [],"Plans": [{"Node Type": "Bitmap Heap Scan","Parent Relationship": "Outer","Parallel Aware": true,"Async Capable": false,"Relation Name": "lineitem","Alias": "lineitem","Startup Cost": 2049.74,"Total Cost": 110076.04,"Plan Rows": 19934,"Plan Width": 16,"Actual Startup Time": 28.893,"Actual Total Time": 124.591,"Actual Rows": 15439,"Actual Loops": 5,"Recheck Cond": "((l_shipdate >= '1993-08-01'::date) AND (l_shipdate < '1993-09-01 00:00:00'::timestamp without time zone))","Rows Removed by Index Recheck": 0,"Exact Heap Blocks": 7741,"Lossy Heap Blocks": 0,"Workers": [],"Plans": [{"Node Type": "Bitmap Index Scan","Parent Relationship": "Outer","Parallel Aware": false,"Async Capable": false,"Index Name": "idx_lineitem_shipdate","Startup Cost": 0.00,"Total Cost": 2029.80,"Plan Rows": 79737,"Plan Width": 0,"Actual Startup Time": 22.408,"Actual Total Time": 22.411,"Actual Rows": 77197,"Actual Loops": 1,"Index Cond": "((l_shipdate >= '1993-08-01'::date) AND (l_shipdate < '1993-09-01 00:00:00'::timestamp without time zone))","Workers": []}]},{"Node Type": "Hash","Parent Relationship": "Inner","Parallel Aware": true,"Async Capable": false,"Startup Cost": 4930.33,"Total Cost": 4930.33,"Plan Rows": 83333,"Plan Width": 25,"Actual Startup Time": 39.731,"Actual Total Time": 39.735,"Actual Rows": 40000,"Actual Loops": 5,"Hash Buckets": 262144,"Original Hash Buckets": 262144,"Hash Batches": 1,"Original Hash Batches": 1,"Peak Memory Usage": 14176,"Workers": [],"Plans": [{"Node Type": "Seq Scan","Parent Relationship": "Outer","Parallel Aware": true,"Async Capable": false,"Relation Name": "part","Alias": "part","Startup Cost": 0.00,"Total Cost": 4930.33,"Plan Rows": 83333,"Plan Width": 25,"Actual Startup Time": 0.044,"Actual Total Time": 17.039,"Actual Rows": 40000,"Actual Loops": 5,"Workers": []}]}]}]}]}]},"Planning Time": 4.803,"Triggers": [],"Execution Time": 225.176}]
[{"Plan": {"Node Type": "Aggregate","Strategy": "Plain","Partial Mode": "Finalize","Parallel Aware": false,"Async Capable": false,"Startup Cost": 117449.67,"Total Cost": 117449.68,"Plan Rows": 1,"Plan Width": 32,"Actual Startup Time": 199.712,"Actual Total Time": 217.714,"Actual Rows": 1,"Actual Loops": 1,"Plans": [{"Node Type": "Gather","Parent Relationship": "Outer","Parallel Aware": false,"Async Capable": false,"Startup Cost": 117449.21,"Total Cost": 117449.62,"Plan Rows": 4,"Plan Width": 64,"Actual Startup Time": 198.396,"Actual Total Time": 217.675,"Actual Rows": 5,"Actual Loops": 1,"Workers Planned": 4,"Workers Launched": 4,"Single Copy": false,"Plans": [{"Node Type": "Aggregate","Strategy": "Plain","Partial Mode": "Partial","Parent Relationship": "Outer","Parallel Aware": false,"Async Capable": false,"Startup Cost": 116449.21,"Total Cost": 116449.22,"Plan Rows": 1,"Plan Width": 64,"Actual Startup Time": 190.883,"Actual Total Time": 190.895,"Actual Rows": 1,"Actual Loops": 5,"Workers": [],"Plans": [{"Node Type": "Hash Join","Parent Relationship": "Outer","Parallel Aware": true,"Async Capable": false,"Join Type": "Inner","Startup Cost": 8021.73,"Total Cost": 116100.36,"Plan Rows": 19934,"Plan Width": 33,"Actual Startup Time": 64.708,"Actual Total Time": 184.712,"Actual Rows": 15580,"Actual Loops": 5,"Inner Unique": true,"Hash Cond": "(lineitem.l_partkey = part.p_partkey)","Workers": [],"Plans": [{"Node Type": "Bitmap Heap Scan","Parent Relationship": "Outer","Parallel Aware": true,"Async Capable": false,"Relation Name": "lineitem","Alias": "lineitem","Startup Cost": 2049.74,"Total Cost": 110076.04,"Plan Rows": 19934,"Plan Width": 16,"Actual Startup Time": 23.730,"Actual Total Time": 112.410,"Actual Rows": 15580,"Actual Loops": 5,"Recheck Cond": "((l_shipdate >= '1995-05-01'::date) AND (l_shipdate < '1995-06-01 00:00:00'::timestamp without time zone))","Rows Removed by Index Recheck": 0,"Exact Heap Blocks": 8270,"Lossy Heap Blocks": 0,"Workers": [],"Plans": [{"Node Type": "Bitmap Index Scan","Parent Relationship": "Outer","Parallel Aware": false,"Async Capable": false,"Index Name": "idx_lineitem_shipdate","Startup Cost": 0.00,"Total Cost": 2029.80,"Plan Rows": 79737,"Plan Width": 0,"Actual Startup Time": 17.296,"Actual Total Time": 17.299,"Actual Rows": 77900,"Actual Loops": 1,"Index Cond": "((l_shipdate >= '1995-05-01'::date) AND (l_shipdate < '1995-06-01 00:00:00'::timestamp without time zone))","Workers": []}]},{"Node Type": "Hash","Parent Relationship": "Inner","Parallel Aware": true,"Async Capable": false,"Startup Cost": 4930.33,"Total Cost": 4930.33,"Plan Rows": 83333,"Plan Width": 25,"Actual Startup Time": 40.148,"Actual Total Time": 40.152,"Actual Rows": 40000,"Actual Loops": 5,"Hash Buckets": 262144,"Original Hash Buckets": 262144,"Hash Batches": 1,"Original Hash Batches": 1,"Peak Memory Usage": 14208,"Workers": [],"Plans": [{"Node Type": "Seq Scan","Parent Relationship": "Outer","Parallel Aware": true,"Async Capable": false,"Relation Name": "part","Alias": "part","Startup Cost": 0.00,"Total Cost": 4930.33,"Plan Rows": 83333,"Plan Width": 25,"Actual Startup Time": 0.047,"Actual Total Time": 17.621,"Actual Rows": 40000,"Actual Loops": 5,"Workers": []}]}]}]}]}]},"Planning Time": 3.884,"Triggers": [],"Execution Time": 217.976}]
[{"Plan": {"Node Type": "Aggregate","Strategy": "Plain","Partial Mode": "Finalize","Parallel Aware": false,"Async Capable": false,"Startup Cost": 116629.22,"Total Cost": 116629.23,"Plan Rows": 1,"Plan Width": 32,"Actual Startup Time": 211.951,"Actual Total Time": 230.155,"Actual Rows": 1,"Actual Loops": 1,"Plans": [{"Node Type": "Gather","Parent Relationship": "Outer","Parallel Aware": false,"Async Capable": false,"Startup Cost": 116628.76,"Total Cost": 116629.17,"Plan Rows": 4,"Plan Width": 64,"Actual Startup Time": 210.527,"Actual Total Time": 230.112,"Actual Rows": 5,"Actual Loops": 1,"Workers Planned": 4,"Workers Launched": 4,"Single Copy": false,"Plans": [{"Node Type": "Aggregate","Strategy": "Plain","Partial Mode": "Partial","Parent Relationship": "Outer","Parallel Aware": false,"Async Capable": false,"Startup Cost": 115628.76,"Total Cost": 115628.77,"Plan Rows": 1,"Plan Width": 64,"Actual Startup Time": 201.998,"Actual Total Time": 202.008,"Actual Rows": 1,"Actual Loops": 5,"Workers": [],"Plans": [{"Node Type": "Hash Join","Parent Relationship": "Outer","Parallel Aware": true,"Async Capable": false,"Join Type": "Inner","Startup Cost": 7975.06,"Total Cost": 115287.88,"Plan Rows": 19479,"Plan Width": 33,"Actual Startup Time": 66.909,"Actual Total Time": 195.709,"Actual Rows": 15375,"Actual Loops": 5,"Inner Unique": true,"Hash Cond": "(lineitem.l_partkey = part.p_partkey)","Workers": [],"Plans": [{"Node Type": "Bitmap Heap Scan","Parent Relationship": "Outer","Parallel Aware": true,"Async Capable": false,"Relation Name": "lineitem","Alias": "lineitem","Startup Cost": 2003.06,"Total Cost": 109264.75,"Plan Rows": 19479,"Plan Width": 16,"Actual Startup Time": 28.964,"Actual Total Time": 127.382,"Actual Rows": 15375,"Actual Loops": 5,"Recheck Cond": "((l_shipdate >= '1994-12-01'::date) AND (l_shipdate < '1995-01-01 00:00:00'::timestamp without time zone))","Rows Removed by Index Recheck": 0,"Exact Heap Blocks": 7845,"Lossy Heap Blocks": 0,"Workers": [],"Plans": [{"Node Type": "Bitmap Index Scan","Parent Relationship": "Outer","Parallel Aware": false,"Async Capable": false,"Index Name": "idx_lineitem_shipdate","Startup Cost": 0.00,"Total Cost": 1983.58,"Plan Rows": 77915,"Plan Width": 0,"Actual Startup Time": 22.476,"Actual Total Time": 22.478,"Actual Rows": 76873,"Actual Loops": 1,"Index Cond": "((l_shipdate >= '1994-12-01'::date) AND (l_shipdate < '1995-01-01 00:00:00'::timestamp without time zone))","Workers": []}]},{"Node Type": "Hash","Parent Relationship": "Inner","Parallel Aware": true,"Async Capable": false,"Startup Cost": 4930.33,"Total Cost": 4930.33,"Plan Rows": 83333,"Plan Width": 25,"Actual Startup Time": 37.213,"Actual Total Time": 37.217,"Actual Rows": 40000,"Actual Loops": 5,"Hash Buckets": 262144,"Original Hash Buckets": 262144,"Hash Batches": 1,"Original Hash Batches": 1,"Peak Memory Usage": 14176,"Workers": [],"Plans": [{"Node Type": "Seq Scan","Parent Relationship": "Outer","Parallel Aware": true,"Async Capable": false,"Relation Name": "part","Alias": "part","Startup Cost": 0.00,"Total Cost": 4930.33,"Plan Rows": 83333,"Plan Width": 25,"Actual Startup Time": 0.032,"Actual Total Time": 16.535,"Actual Rows": 40000,"Actual Loops": 5,"Workers": []}]}]}]}]}]},"Planning Time": 5.450,"Triggers": [],"Execution Time": 230.533}]
[{"Plan": {"Node Type": "Aggregate","Strategy": "Plain","Partial Mode": "Finalize","Parallel Aware": false,"Async Capable": false,"Startup Cost": 113981.89,"Total Cost": 113981.91,"Plan Rows": 1,"Plan Width": 32,"Actual Startup Time": 197.174,"Actual Total Time": 213.438,"Actual Rows": 1,"Actual Loops": 1,"Plans": [{"Node Type": "Gather","Parent Relationship": "Outer","Parallel Aware": false,"Async Capable": false,"Startup Cost": 113981.44,"Total Cost": 113981.85,"Plan Rows": 4,"Plan Width": 64,"Actual Startup Time": 195.686,"Actual Total Time": 213.400,"Actual Rows": 5,"Actual Loops": 1,"Workers Planned": 4,"Workers Launched": 4,"Single Copy": false,"Plans": [{"Node Type": "Aggregate","Strategy": "Plain","Partial Mode": "Partial","Parent Relationship": "Outer","Parallel Aware": false,"Async Capable": false,"Startup Cost": 112981.44,"Total Cost": 112981.45,"Plan Rows": 1,"Plan Width": 64,"Actual Startup Time": 187.932,"Actual Total Time": 187.944,"Actual Rows": 1,"Actual Loops": 5,"Workers": [],"Plans": [{"Node Type": "Hash Join","Parent Relationship": "Outer","Parallel Aware": true,"Async Capable": false,"Join Type": "Inner","Startup Cost": 7835.95,"Total Cost": 112664.07,"Plan Rows": 18135,"Plan Width": 33,"Actual Startup Time": 63.652,"Actual Total Time": 181.847,"Actual Rows": 15463,"Actual Loops": 5,"Inner Unique": true,"Hash Cond": "(lineitem.l_partkey = part.p_partkey)","Workers": [],"Plans": [{"Node Type": "Bitmap Heap Scan","Parent Relationship": "Outer","Parallel Aware": true,"Async Capable": false,"Relation Name": "lineitem","Alias": "lineitem","Startup Cost": 1863.96,"Total Cost": 106644.47,"Plan Rows": 18135,"Plan Width": 16,"Actual Startup Time": 23.262,"Actual Total Time": 111.502,"Actual Rows": 15463,"Actual Loops": 5,"Recheck Cond": "((l_shipdate >= '1993-12-01'::date) AND (l_shipdate < '1994-01-01 00:00:00'::timestamp without time zone))","Rows Removed by Index Recheck": 0,"Exact Heap Blocks": 8224,"Lossy Heap Blocks": 0,"Workers": [],"Plans": [{"Node Type": "Bitmap Index Scan","Parent Relationship": "Outer","Parallel Aware": false,"Async Capable": false,"Index Name": "idx_lineitem_shipdate","Startup Cost": 0.00,"Total Cost": 1845.82,"Plan Rows": 72539,"Plan Width": 0,"Actual Startup Time": 16.967,"Actual Total Time": 16.973,"Actual Rows": 77313,"Actual Loops": 1,"Index Cond": "((l_shipdate >= '1993-12-01'::date) AND (l_shipdate < '1994-01-01 00:00:00'::timestamp without time zone))","Workers": []}]},{"Node Type": "Hash","Parent Relationship": "Inner","Parallel Aware": true,"Async Capable": false,"Startup Cost": 4930.33,"Total Cost": 4930.33,"Plan Rows": 83333,"Plan Width": 25,"Actual Startup Time": 39.572,"Actual Total Time": 39.575,"Actual Rows": 40000,"Actual Loops": 5,"Hash Buckets": 262144,"Original Hash Buckets": 262144,"Hash Batches": 1,"Original Hash Batches": 1,"Peak Memory Usage": 14208,"Workers": [],"Plans": [{"Node Type": "Seq Scan","Parent Relationship": "Outer","Parallel Aware": true,"Async Capable": false,"Relation Name": "part","Alias": "part","Startup Cost": 0.00,"Total Cost": 4930.33,"Plan Rows": 83333,"Plan Width": 25,"Actual Startup Time": 0.049,"Actual Total Time": 17.416,"Actual Rows": 40000,"Actual Loops": 5,"Workers": []}]}]}]}]}]},"Planning Time": 4.239,"Triggers": [],"Execution Time": 213.703}]
[{"Plan": {"Node Type": "Aggregate","Strategy": "Plain","Partial Mode": "Finalize","Parallel Aware": false,"Async Capable": false,"Startup Cost": 111577.07,"Total Cost": 111577.08,"Plan Rows": 1,"Plan Width": 32,"Actual Startup Time": 186.301,"Actual Total Time": 202.570,"Actual Rows": 1,"Actual Loops": 1,"Plans": [{"Node Type": "Gather","Parent Relationship": "Outer","Parallel Aware": false,"Async Capable": false,"Startup Cost": 111576.61,"Total Cost": 111577.02,"Plan Rows": 4,"Plan Width": 64,"Actual Startup Time": 184.863,"Actual Total Time": 202.533,"Actual Rows": 5,"Actual Loops": 1,"Workers Planned": 4,"Workers Launched": 4,"Single Copy": false,"Plans": [{"Node Type": "Aggregate","Strategy": "Plain","Partial Mode": "Partial","Parent Relationship": "Outer","Parallel Aware": false,"Async Capable": false,"Startup Cost": 110576.61,"Total Cost": 110576.62,"Plan Rows": 1,"Plan Width": 64,"Actual Startup Time": 177.469,"Actual Total Time": 177.481,"Actual Rows": 1,"Actual Loops": 5,"Workers": [],"Plans": [{"Node Type": "Hash Join","Parent Relationship": "Outer","Parallel Aware": true,"Async Capable": false,"Join Type": "Inner","Startup Cost": 7723.43,"Total Cost": 110278.25,"Plan Rows": 17049,"Plan Width": 33,"Actual Startup Time": 61.420,"Actual Total Time": 171.970,"Actual Rows": 14049,"Actual Loops": 5,"Inner Unique": true,"Hash Cond": "(lineitem.l_partkey = part.p_partkey)","Workers": [],"Plans": [{"Node Type": "Bitmap Heap Scan","Parent Relationship": "Outer","Parallel Aware": true,"Async Capable": false,"Relation Name": "lineitem","Alias": "lineitem","Startup Cost": 1751.43,"Total Cost": 104261.50,"Plan Rows": 17049,"Plan Width": 16,"Actual Startup Time": 23.904,"Actual Total Time": 106.890,"Actual Rows": 14049,"Actual Loops": 5,"Recheck Cond": "((l_shipdate >= '1997-02-01'::date) AND (l_shipdate < '1997-03-01 00:00:00'::timestamp without time zone))","Rows Removed by Index Recheck": 0,"Exact Heap Blocks": 7418,"Lossy Heap Blocks": 0,"Workers": [],"Plans": [{"Node Type": "Bitmap Index Scan","Parent Relationship": "Outer","Parallel Aware": false,"Async Capable": false,"Index Name": "idx_lineitem_shipdate","Startup Cost": 0.00,"Total Cost": 1734.38,"Plan Rows": 68195,"Plan Width": 0,"Actual Startup Time": 17.828,"Actual Total Time": 17.830,"Actual Rows": 70245,"Actual Loops": 1,"Index Cond": "((l_shipdate >= '1997-02-01'::date) AND (l_shipdate < '1997-03-01 00:00:00'::timestamp without time zone))","Workers": []}]},{"Node Type": "Hash","Parent Relationship": "Inner","Parallel Aware": true,"Async Capable": false,"Startup Cost": 4930.33,"Total Cost": 4930.33,"Plan Rows": 83333,"Plan Width": 25,"Actual Startup Time": 36.814,"Actual Total Time": 36.818,"Actual Rows": 40000,"Actual Loops": 5,"Hash Buckets": 262144,"Original Hash Buckets": 262144,"Hash Batches": 1,"Original Hash Batches": 1,"Peak Memory Usage": 14240,"Workers": [],"Plans": [{"Node Type": "Seq Scan","Parent Relationship": "Outer","Parallel Aware": true,"Async Capable": false,"Relation Name": "part","Alias": "part","Startup Cost": 0.00,"Total Cost": 4930.33,"Plan Rows": 83333,"Plan Width": 25,"Actual Startup Time": 0.035,"Actual Total Time": 16.010,"Actual Rows": 40000,"Actual Loops": 5,"Workers": []}]}]}]}]}]},"Planning Time": 4.076,"Triggers": [],"Execution Time": 202.873}]
[{"Plan": {"Node Type": "Aggregate","Strategy": "Plain","Partial Mode": "Finalize","Parallel Aware": false,"Async Capable": false,"Startup Cost": 116279.97,"Total Cost": 116279.99,"Plan Rows": 1,"Plan Width": 32,"Actual Startup Time": 194.269,"Actual Total Time": 212.337,"Actual Rows": 1,"Actual Loops": 1,"Plans": [{"Node Type": "Gather","Parent Relationship": "Outer","Parallel Aware": false,"Async Capable": false,"Startup Cost": 116279.52,"Total Cost": 116279.93,"Plan Rows": 4,"Plan Width": 64,"Actual Startup Time": 192.534,"Actual Total Time": 212.291,"Actual Rows": 5,"Actual Loops": 1,"Workers Planned": 4,"Workers Launched": 4,"Single Copy": false,"Plans": [{"Node Type": "Aggregate","Strategy": "Plain","Partial Mode": "Partial","Parent Relationship": "Outer","Parallel Aware": false,"Async Capable": false,"Startup Cost": 115279.52,"Total Cost": 115279.53,"Plan Rows": 1,"Plan Width": 64,"Actual Startup Time": 184.639,"Actual Total Time": 184.649,"Actual Rows": 1,"Actual Loops": 5,"Workers": [],"Plans": [{"Node Type": "Hash Join","Parent Relationship": "Outer","Parallel Aware": true,"Async Capable": false,"Join Type": "Inner","Startup Cost": 7955.37,"Total Cost": 114941.92,"Plan Rows": 19291,"Plan Width": 33,"Actual Startup Time": 62.932,"Actual Total Time": 178.412,"Actual Rows": 15344,"Actual Loops": 5,"Inner Unique": true,"Hash Cond": "(lineitem.l_partkey = part.p_partkey)","Workers": [],"Plans": [{"Node Type": "Bitmap Heap Scan","Parent Relationship": "Outer","Parallel Aware": true,"Async Capable": false,"Relation Name": "lineitem","Alias": "lineitem","Startup Cost": 1983.37,"Total Cost": 108919.29,"Plan Rows": 19291,"Plan Width": 16,"Actual Startup Time": 23.473,"Actual Total Time": 106.485,"Actual Rows": 15344,"Actual Loops": 5,"Recheck Cond": "((l_shipdate >= '1994-10-01'::date) AND (l_shipdate < '1994-11-01 00:00:00'::timestamp without time zone))","Rows Removed by Index Recheck": 0,"Exact Heap Blocks": 7724,"Lossy Heap Blocks": 0,"Workers": [],"Plans": [{"Node Type": "Bitmap Index Scan","Parent Relationship": "Outer","Parallel Aware": false,"Async Capable": false,"Index Name": "idx_lineitem_shipdate","Startup Cost": 0.00,"Total Cost": 1964.08,"Plan Rows": 77165,"Plan Width": 0,"Actual Startup Time": 16.986,"Actual Total Time": 16.988,"Actual Rows": 76718,"Actual Loops": 1,"Index Cond": "((l_shipdate >= '1994-10-01'::date) AND (l_shipdate < '1994-11-01 00:00:00'::timestamp without time zone))","Workers": []}]},{"Node Type": "Hash","Parent Relationship": "Inner","Parallel Aware": true,"Async Capable": false,"Startup Cost": 4930.33,"Total Cost": 4930.33,"Plan Rows": 83333,"Plan Width": 25,"Actual Startup Time": 38.523,"Actual Total Time": 38.526,"Actual Rows": 40000,"Actual Loops": 5,"Hash Buckets": 262144,"Original Hash Buckets": 262144,"Hash Batches": 1,"Original Hash Batches": 1,"Peak Memory Usage": 14208,"Workers": [],"Plans": [{"Node Type": "Seq Scan","Parent Relationship": "Outer","Parallel Aware": true,"Async Capable": false,"Relation Name": "part","Alias": "part","Startup Cost": 0.00,"Total Cost": 4930.33,"Plan Rows": 83333,"Plan Width": 25,"Actual Startup Time": 0.032,"Actual Total Time": 16.553,"Actual Rows": 40000,"Actual Loops": 5,"Workers": []}]}]}]}]}]},"Planning Time": 4.283,"Triggers": [],"Execution Time": 212.630}]
[{"Plan": {"Node Type": "Aggregate","Strategy": "Plain","Partial Mode": "Finalize","Parallel Aware": false,"Async Capable": false,"Startup Cost": 114712.32,"Total Cost": 114712.34,"Plan Rows": 1,"Plan Width": 32,"Actual Startup Time": 199.208,"Actual Total Time": 216.961,"Actual Rows": 1,"Actual Loops": 1,"Plans": [{"Node Type": "Gather","Parent Relationship": "Outer","Parallel Aware": false,"Async Capable": false,"Startup Cost": 114711.87,"Total Cost": 114712.28,"Plan Rows": 4,"Plan Width": 64,"Actual Startup Time": 197.776,"Actual Total Time": 216.922,"Actual Rows": 5,"Actual Loops": 1,"Workers Planned": 4,"Workers Launched": 4,"Single Copy": false,"Plans": [{"Node Type": "Aggregate","Strategy": "Plain","Partial Mode": "Partial","Parent Relationship": "Outer","Parallel Aware": false,"Async Capable": false,"Startup Cost": 113711.87,"Total Cost": 113711.88,"Plan Rows": 1,"Plan Width": 64,"Actual Startup Time": 190.002,"Actual Total Time": 190.013,"Actual Rows": 1,"Actual Loops": 5,"Workers": [],"Plans": [{"Node Type": "Hash Join","Parent Relationship": "Outer","Parallel Aware": true,"Async Capable": false,"Join Type": "Inner","Startup Cost": 7874.42,"Total Cost": 113388.32,"Plan Rows": 18488,"Plan Width": 33,"Actual Startup Time": 63.566,"Actual Total Time": 183.679,"Actual Rows": 15197,"Actual Loops": 5,"Inner Unique": true,"Hash Cond": "(lineitem.l_partkey = part.p_partkey)","Workers": [],"Plans": [{"Node Type": "Bitmap Heap Scan","Parent Relationship": "Outer","Parallel Aware": true,"Async Capable": false,"Relation Name": "lineitem","Alias": "lineitem","Startup Cost": 1902.42,"Total Cost": 107367.80,"Plan Rows": 18487,"Plan Width": 16,"Actual Startup Time": 27.839,"Actual Total Time": 117.676,"Actual Rows": 15197,"Actual Loops": 5,"Recheck Cond": "((l_shipdate >= '1995-09-01'::date) AND (l_shipdate < '1995-10-01 00:00:00'::timestamp without time zone))","Rows Removed by Index Recheck": 0,"Exact Heap Blocks": 7706,"Lossy Heap Blocks": 0,"Workers": [],"Plans": [{"Node Type": "Bitmap Index Scan","Parent Relationship": "Outer","Parallel Aware": false,"Async Capable": false,"Index Name": "idx_lineitem_shipdate","Startup Cost": 0.00,"Total Cost": 1883.93,"Plan Rows": 73950,"Plan Width": 0,"Actual Startup Time": 21.589,"Actual Total Time": 21.592,"Actual Rows": 75983,"Actual Loops": 1,"Index Cond": "((l_shipdate >= '1995-09-01'::date) AND (l_shipdate < '1995-10-01 00:00:00'::timestamp without time zone))","Workers": []}]},{"Node Type": "Hash","Parent Relationship": "Inner","Parallel Aware": true,"Async Capable": false,"Startup Cost": 4930.33,"Total Cost": 4930.33,"Plan Rows": 83333,"Plan Width": 25,"Actual Startup Time": 34.995,"Actual Total Time": 34.998,"Actual Rows": 40000,"Actual Loops": 5,"Hash Buckets": 262144,"Original Hash Buckets": 262144,"Hash Batches": 1,"Original Hash Batches": 1,"Peak Memory Usage": 14208,"Workers": [],"Plans": [{"Node Type": "Seq Scan","Parent Relationship": "Outer","Parallel Aware": true,"Async Capable": false,"Relation Name": "part","Alias": "part","Startup Cost": 0.00,"Total Cost": 4930.33,"Plan Rows": 83333,"Plan Width": 25,"Actual Startup Time": 0.036,"Actual Total Time": 16.143,"Actual Rows": 40000,"Actual Loops": 5,"Workers": []}]}]}]}]}]},"Planning Time": 3.092,"Triggers": [],"Execution Time": 217.243}]
[{"Plan": {"Node Type": "Aggregate","Strategy": "Plain","Partial Mode": "Finalize","Parallel Aware": false,"Async Capable": false,"Startup Cost": 116279.97,"Total Cost": 116279.99,"Plan Rows": 1,"Plan Width": 32,"Actual Startup Time": 194.269,"Actual Total Time": 212.337,"Actual Rows": 1,"Actual Loops": 1,"Plans": [{"Node Type": "Gather","Parent Relationship": "Outer","Parallel Aware": false,"Async Capable": false,"Startup Cost": 116279.52,"Total Cost": 116279.93,"Plan Rows": 4,"Plan Width": 64,"Actual Startup Time": 192.534,"Actual Total Time": 212.291,"Actual Rows": 5,"Actual Loops": 1,"Workers Planned": 4,"Workers Launched": 4,"Single Copy": false,"Plans": [{"Node Type": "Aggregate","Strategy": "Plain","Partial Mode": "Partial","Parent Relationship": "Outer","Parallel Aware": false,"Async Capable": false,"Startup Cost": 115279.52,"Total Cost": 115279.53,"Plan Rows": 1,"Plan Width": 64,"Actual Startup Time": 184.639,"Actual Total Time": 184.649,"Actual Rows": 1,"Actual Loops": 5,"Workers": [],"Plans": [{"Node Type": "Hash Join","Parent Relationship": "Outer","Parallel Aware": true,"Async Capable": false,"Join Type": "Inner","Startup Cost": 7955.37,"Total Cost": 114941.92,"Plan Rows": 19291,"Plan Width": 33,"Actual Startup Time": 62.932,"Actual Total Time": 178.412,"Actual Rows": 15344,"Actual Loops": 5,"Inner Unique": true,"Hash Cond": "(lineitem.l_partkey = part.p_partkey)","Workers": [],"Plans": [{"Node Type": "Bitmap Heap Scan","Parent Relationship": "Outer","Parallel Aware": true,"Async Capable": false,"Relation Name": "lineitem","Alias": "lineitem","Startup Cost": 1983.37,"Total Cost": 108919.29,"Plan Rows": 19291,"Plan Width": 16,"Actual Startup Time": 23.473,"Actual Total Time": 106.485,"Actual Rows": 15344,"Actual Loops": 5,"Recheck Cond": "((l_shipdate >= '1994-10-01'::date) AND (l_shipdate < '1994-11-01 00:00:00'::timestamp without time zone))","Rows Removed by Index Recheck": 0,"Exact Heap Blocks": 7724,"Lossy Heap Blocks": 0,"Workers": [],"Plans": [{"Node Type": "Bitmap Index Scan","Parent Relationship": "Outer","Parallel Aware": false,"Async Capable": false,"Index Name": "idx_lineitem_shipdate","Startup Cost": 0.00,"Total Cost": 1964.08,"Plan Rows": 77165,"Plan Width": 0,"Actual Startup Time": 16.986,"Actual Total Time": 16.988,"Actual Rows": 76718,"Actual Loops": 1,"Index Cond": "((l_shipdate >= '1994-10-01'::date) AND (l_shipdate < '1994-11-01 00:00:00'::timestamp without time zone))","Workers": []}]},{"Node Type": "Hash","Parent Relationship": "Inner","Parallel Aware": true,"Async Capable": false,"Startup Cost": 4930.33,"Total Cost": 4930.33,"Plan Rows": 83333,"Plan Width": 25,"Actual Startup Time": 38.523,"Actual Total Time": 38.526,"Actual Rows": 40000,"Actual Loops": 5,"Hash Buckets": 262144,"Original Hash Buckets": 262144,"Hash Batches": 1,"Original Hash Batches": 1,"Peak Memory Usage": 14208,"Workers": [],"Plans": [{"Node Type": "Seq Scan","Parent Relationship": "Outer","Parallel Aware": true,"Async Capable": false,"Relation Name": "part","Alias": "part","Startup Cost": 0.00,"Total Cost": 4930.33,"Plan Rows": 83333,"Plan Width": 25,"Actual Startup Time": 0.032,"Actual Total Time": 16.553,"Actual Rows": 40000,"Actual Loops": 5,"Workers": []}]}]}]}]}]},"Planning Time": 4.283,"Triggers": [],"Execution Time": 212.630}]
[{"Plan": {"Node Type": "Aggregate","Strategy": "Plain","Partial Mode": "Finalize","Parallel Aware": false,"Async Capable": false,"Startup Cost": 113833.15,"Total Cost": 113833.17,"Plan Rows": 1,"Plan Width": 32,"Actual Startup Time": 217.072,"Actual Total Time": 234.403,"Actual Rows": 1,"Actual Loops": 1,"Plans": [{"Node Type": "Gather","Parent Relationship": "Outer","Parallel Aware": false,"Async Capable": false,"Startup Cost": 113832.70,"Total Cost": 113833.11,"Plan Rows": 4,"Plan Width": 64,"Actual Startup Time": 215.182,"Actual Total Time": 234.357,"Actual Rows": 5,"Actual Loops": 1,"Workers Planned": 4,"Workers Launched": 4,"Single Copy": false,"Plans": [{"Node Type": "Aggregate","Strategy": "Plain","Partial Mode": "Partial","Parent Relationship": "Outer","Parallel Aware": false,"Async Capable": false,"Startup Cost": 112832.70,"Total Cost": 112832.71,"Plan Rows": 1,"Plan Width": 64,"Actual Startup Time": 207.633,"Actual Total Time": 207.644,"Actual Rows": 1,"Actual Loops": 5,"Workers": [],"Plans": [{"Node Type": "Hash Join","Parent Relationship": "Outer","Parallel Aware": true,"Async Capable": false,"Join Type": "Inner","Startup Cost": 7829.04,"Total Cost": 112516.57,"Plan Rows": 18064,"Plan Width": 33,"Actual Startup Time": 75.166,"Actual Total Time": 201.465,"Actual Rows": 14988,"Actual Loops": 5,"Inner Unique": true,"Hash Cond": "(lineitem.l_partkey = part.p_partkey)","Workers": [],"Plans": [{"Node Type": "Bitmap Heap Scan","Parent Relationship": "Outer","Parallel Aware": true,"Async Capable": false,"Relation Name": "lineitem","Alias": "lineitem","Startup Cost": 1857.05,"Total Cost": 106497.16,"Plan Rows": 18064,"Plan Width": 16,"Actual Startup Time": 33.693,"Actual Total Time": 130.254,"Actual Rows": 14988,"Actual Loops": 5,"Recheck Cond": "((l_shipdate >= '1993-09-01'::date) AND (l_shipdate < '1993-10-01 00:00:00'::timestamp without time zone))","Rows Removed by Index Recheck": 0,"Exact Heap Blocks": 8910,"Lossy Heap Blocks": 0,"Workers": [],"Plans": [{"Node Type": "Bitmap Index Scan","Parent Relationship": "Outer","Parallel Aware": false,"Async Capable": false,"Index Name": "idx_lineitem_shipdate","Startup Cost": 0.00,"Total Cost": 1838.98,"Plan Rows": 72255,"Plan Width": 0,"Actual Startup Time": 27.000,"Actual Total Time": 27.001,"Actual Rows": 74938,"Actual Loops": 1,"Index Cond": "((l_shipdate >= '1993-09-01'::date) AND (l_shipdate < '1993-10-01 00:00:00'::timestamp without time zone))","Workers": []}]},{"Node Type": "Hash","Parent Relationship": "Inner","Parallel Aware": true,"Async Capable": false,"Startup Cost": 4930.33,"Total Cost": 4930.33,"Plan Rows": 83333,"Plan Width": 25,"Actual Startup Time": 40.733,"Actual Total Time": 40.736,"Actual Rows": 40000,"Actual Loops": 5,"Hash Buckets": 262144,"Original Hash Buckets": 262144,"Hash Batches": 1,"Original Hash Batches": 1,"Peak Memory Usage": 14208,"Workers": [],"Plans": [{"Node Type": "Seq Scan","Parent Relationship": "Outer","Parallel Aware": true,"Async Capable": false,"Relation Name": "part","Alias": "part","Startup Cost": 0.00,"Total Cost": 4930.33,"Plan Rows": 83333,"Plan Width": 25,"Actual Startup Time": 0.041,"Actual Total Time": 18.555,"Actual Rows": 40000,"Actual Loops": 5,"Workers": []}]}]}]}]}]},"Planning Time": 4.126,"Triggers": [],"Execution Time": 234.679}]
[{"Plan": {"Node Type": "Aggregate","Strategy": "Plain","Partial Mode": "Finalize","Parallel Aware": false,"Async Capable": false,"Startup Cost": 113859.14,"Total Cost": 113859.15,"Plan Rows": 1,"Plan Width": 32,"Actual Startup Time": 183.004,"Actual Total Time": 200.909,"Actual Rows": 1,"Actual Loops": 1,"Plans": [{"Node Type": "Gather","Parent Relationship": "Outer","Parallel Aware": false,"Async Capable": false,"Startup Cost": 113858.68,"Total Cost": 113859.09,"Plan Rows": 4,"Plan Width": 64,"Actual Startup Time": 181.448,"Actual Total Time": 200.864,"Actual Rows": 5,"Actual Loops": 1,"Workers Planned": 4,"Workers Launched": 4,"Single Copy": false,"Plans": [{"Node Type": "Aggregate","Strategy": "Plain","Partial Mode": "Partial","Parent Relationship": "Outer","Parallel Aware": false,"Async Capable": false,"Startup Cost": 112858.68,"Total Cost": 112858.69,"Plan Rows": 1,"Plan Width": 64,"Actual Startup Time": 173.739,"Actual Total Time": 173.753,"Actual Rows": 1,"Actual Loops": 5,"Workers": [],"Plans": [{"Node Type": "Hash Join","Parent Relationship": "Outer","Parallel Aware": true,"Async Capable": false,"Join Type": "Inner","Startup Cost": 7829.57,"Total Cost": 112542.33,"Plan Rows": 18077,"Plan Width": 33,"Actual Startup Time": 58.239,"Actual Total Time": 167.706,"Actual Rows": 15488,"Actual Loops": 5,"Inner Unique": true,"Hash Cond": "(lineitem.l_partkey = part.p_partkey)","Workers": [],"Plans": [{"Node Type": "Bitmap Heap Scan","Parent Relationship": "Outer","Parallel Aware": true,"Async Capable": false,"Relation Name": "lineitem","Alias": "lineitem","Startup Cost": 1857.58,"Total Cost": 106522.88,"Plan Rows": 18077,"Plan Width": 16,"Actual Startup Time": 22.396,"Actual Total Time": 105.318,"Actual Rows": 15488,"Actual Loops": 5,"Recheck Cond": "((l_shipdate >= '1997-05-01'::date) AND (l_shipdate < '1997-06-01 00:00:00'::timestamp without time zone))","Rows Removed by Index Recheck": 0,"Exact Heap Blocks": 7623,"Lossy Heap Blocks": 0,"Workers": [],"Plans": [{"Node Type": "Bitmap Index Scan","Parent Relationship": "Outer","Parallel Aware": false,"Async Capable": false,"Index Name": "idx_lineitem_shipdate","Startup Cost": 0.00,"Total Cost": 1839.50,"Plan Rows": 72307,"Plan Width": 0,"Actual Startup Time": 16.147,"Actual Total Time": 16.149,"Actual Rows": 77438,"Actual Loops": 1,"Index Cond": "((l_shipdate >= '1997-05-01'::date) AND (l_shipdate < '1997-06-01 00:00:00'::timestamp without time zone))","Workers": []}]},{"Node Type": "Hash","Parent Relationship": "Inner","Parallel Aware": true,"Async Capable": false,"Startup Cost": 4930.33,"Total Cost": 4930.33,"Plan Rows": 83333,"Plan Width": 25,"Actual Startup Time": 35.023,"Actual Total Time": 35.029,"Actual Rows": 40000,"Actual Loops": 5,"Hash Buckets": 262144,"Original Hash Buckets": 262144,"Hash Batches": 1,"Original Hash Batches": 1,"Peak Memory Usage": 14240,"Workers": [],"Plans": [{"Node Type": "Seq Scan","Parent Relationship": "Outer","Parallel Aware": true,"Async Capable": false,"Relation Name": "part","Alias": "part","Startup Cost": 0.00,"Total Cost": 4930.33,"Plan Rows": 83333,"Plan Width": 25,"Actual Startup Time": 0.034,"Actual Total Time": 15.067,"Actual Rows": 40000,"Actual Loops": 5,"Workers": []}]}]}]}]}]},"Planning Time": 4.177,"Triggers": [],"Execution Time": 201.222}]
[{"Plan": {"Node Type": "Aggregate","Strategy": "Plain","Partial Mode": "Finalize","Parallel Aware": false,"Async Capable": false,"Startup Cost": 111577.07,"Total Cost": 111577.08,"Plan Rows": 1,"Plan Width": 32,"Actual Startup Time": 186.301,"Actual Total Time": 202.570,"Actual Rows": 1,"Actual Loops": 1,"Plans": [{"Node Type": "Gather","Parent Relationship": "Outer","Parallel Aware": false,"Async Capable": false,"Startup Cost": 111576.61,"Total Cost": 111577.02,"Plan Rows": 4,"Plan Width": 64,"Actual Startup Time": 184.863,"Actual Total Time": 202.533,"Actual Rows": 5,"Actual Loops": 1,"Workers Planned": 4,"Workers Launched": 4,"Single Copy": false,"Plans": [{"Node Type": "Aggregate","Strategy": "Plain","Partial Mode": "Partial","Parent Relationship": "Outer","Parallel Aware": false,"Async Capable": false,"Startup Cost": 110576.61,"Total Cost": 110576.62,"Plan Rows": 1,"Plan Width": 64,"Actual Startup Time": 177.469,"Actual Total Time": 177.481,"Actual Rows": 1,"Actual Loops": 5,"Workers": [],"Plans": [{"Node Type": "Hash Join","Parent Relationship": "Outer","Parallel Aware": true,"Async Capable": false,"Join Type": "Inner","Startup Cost": 7723.43,"Total Cost": 110278.25,"Plan Rows": 17049,"Plan Width": 33,"Actual Startup Time": 61.420,"Actual Total Time": 171.970,"Actual Rows": 14049,"Actual Loops": 5,"Inner Unique": true,"Hash Cond": "(lineitem.l_partkey = part.p_partkey)","Workers": [],"Plans": [{"Node Type": "Bitmap Heap Scan","Parent Relationship": "Outer","Parallel Aware": true,"Async Capable": false,"Relation Name": "lineitem","Alias": "lineitem","Startup Cost": 1751.43,"Total Cost": 104261.50,"Plan Rows": 17049,"Plan Width": 16,"Actual Startup Time": 23.904,"Actual Total Time": 106.890,"Actual Rows": 14049,"Actual Loops": 5,"Recheck Cond": "((l_shipdate >= '1997-02-01'::date) AND (l_shipdate < '1997-03-01 00:00:00'::timestamp without time zone))","Rows Removed by Index Recheck": 0,"Exact Heap Blocks": 7418,"Lossy Heap Blocks": 0,"Workers": [],"Plans": [{"Node Type": "Bitmap Index Scan","Parent Relationship": "Outer","Parallel Aware": false,"Async Capable": false,"Index Name": "idx_lineitem_shipdate","Startup Cost": 0.00,"Total Cost": 1734.38,"Plan Rows": 68195,"Plan Width": 0,"Actual Startup Time": 17.828,"Actual Total Time": 17.830,"Actual Rows": 70245,"Actual Loops": 1,"Index Cond": "((l_shipdate >= '1997-02-01'::date) AND (l_shipdate < '1997-03-01 00:00:00'::timestamp without time zone))","Workers": []}]},{"Node Type": "Hash","Parent Relationship": "Inner","Parallel Aware": true,"Async Capable": false,"Startup Cost": 4930.33,"Total Cost": 4930.33,"Plan Rows": 83333,"Plan Width": 25,"Actual Startup Time": 36.814,"Actual Total Time": 36.818,"Actual Rows": 40000,"Actual Loops": 5,"Hash Buckets": 262144,"Original Hash Buckets": 262144,"Hash Batches": 1,"Original Hash Batches": 1,"Peak Memory Usage": 14240,"Workers": [],"Plans": [{"Node Type": "Seq Scan","Parent Relationship": "Outer","Parallel Aware": true,"Async Capable": false,"Relation Name": "part","Alias": "part","Startup Cost": 0.00,"Total Cost": 4930.33,"Plan Rows": 83333,"Plan Width": 25,"Actual Startup Time": 0.035,"Actual Total Time": 16.010,"Actual Rows": 40000,"Actual Loops": 5,"Workers": []}]}]}]}]}]},"Planning Time": 4.076,"Triggers": [],"Execution Time": 202.873}]
[{"Plan": {"Node Type": "Aggregate","Strategy": "Plain","Partial Mode": "Finalize","Parallel Aware": false,"Async Capable": false,"Startup Cost": 113646.78,"Total Cost": 113646.79,"Plan Rows": 1,"Plan Width": 32,"Actual Startup Time": 193.479,"Actual Total Time": 211.551,"Actual Rows": 1,"Actual Loops": 1,"Plans": [{"Node Type": "Gather","Parent Relationship": "Outer","Parallel Aware": false,"Async Capable": false,"Startup Cost": 113646.32,"Total Cost": 113646.73,"Plan Rows": 4,"Plan Width": 64,"Actual Startup Time": 191.636,"Actual Total Time": 211.507,"Actual Rows": 5,"Actual Loops": 1,"Workers Planned": 4,"Workers Launched": 4,"Single Copy": false,"Plans": [{"Node Type": "Aggregate","Strategy": "Plain","Partial Mode": "Partial","Parent Relationship": "Outer","Parallel Aware": false,"Async Capable": false,"Startup Cost": 112646.32,"Total Cost": 112646.33,"Plan Rows": 1,"Plan Width": 64,"Actual Startup Time": 184.663,"Actual Total Time": 184.673,"Actual Rows": 1,"Actual Loops": 5,"Workers": [],"Plans": [{"Node Type": "Hash Join","Parent Relationship": "Outer","Parallel Aware": true,"Async Capable": false,"Join Type": "Inner","Startup Cost": 7821.42,"Total Cost": 112331.74,"Plan Rows": 17976,"Plan Width": 33,"Actual Startup Time": 63.095,"Actual Total Time": 178.751,"Actual Rows": 15412,"Actual Loops": 5,"Inner Unique": true,"Hash Cond": "(lineitem.l_partkey = part.p_partkey)","Workers": [],"Plans": [{"Node Type": "Bitmap Heap Scan","Parent Relationship": "Outer","Parallel Aware": true,"Async Capable": false,"Relation Name": "lineitem","Alias": "lineitem","Startup Cost": 1849.43,"Total Cost": 106312.56,"Plan Rows": 17976,"Plan Width": 16,"Actual Startup Time": 23.121,"Actual Total Time": 106.921,"Actual Rows": 15412,"Actual Loops": 5,"Recheck Cond": "((l_shipdate >= '1996-05-01'::date) AND (l_shipdate < '1996-06-01 00:00:00'::timestamp without time zone))","Rows Removed by Index Recheck": 0,"Exact Heap Blocks": 8126,"Lossy Heap Blocks": 0,"Workers": [],"Plans": [{"Node Type": "Bitmap Index Scan","Parent Relationship": "Outer","Parallel Aware": false,"Async Capable": false,"Index Name": "idx_lineitem_shipdate","Startup Cost": 0.00,"Total Cost": 1831.45,"Plan Rows": 71902,"Plan Width": 0,"Actual Startup Time": 16.762,"Actual Total Time": 16.763,"Actual Rows": 77062,"Actual Loops": 1,"Index Cond": "((l_shipdate >= '1996-05-01'::date) AND (l_shipdate < '1996-06-01 00:00:00'::timestamp without time zone))","Workers": []}]},{"Node Type": "Hash","Parent Relationship": "Inner","Parallel Aware": true,"Async Capable": false,"Startup Cost": 4930.33,"Total Cost": 4930.33,"Plan Rows": 83333,"Plan Width": 25,"Actual Startup Time": 39.312,"Actual Total Time": 39.315,"Actual Rows": 40000,"Actual Loops": 5,"Hash Buckets": 262144,"Original Hash Buckets": 262144,"Hash Batches": 1,"Original Hash Batches": 1,"Peak Memory Usage": 14208,"Workers": [],"Plans": [{"Node Type": "Seq Scan","Parent Relationship": "Outer","Parallel Aware": true,"Async Capable": false,"Relation Name": "part","Alias": "part","Startup Cost": 0.00,"Total Cost": 4930.33,"Plan Rows": 83333,"Plan Width": 25,"Actual Startup Time": 0.033,"Actual Total Time": 17.021,"Actual Rows": 40000,"Actual Loops": 5,"Workers": []}]}]}]}]}]},"Planning Time": 5.257,"Triggers": [],"Execution Time": 211.778}]
[{"Plan": {"Node Type": "Aggregate","Strategy": "Plain","Partial Mode": "Finalize","Parallel Aware": false,"Async Capable": false,"Startup Cost": 113646.78,"Total Cost": 113646.79,"Plan Rows": 1,"Plan Width": 32,"Actual Startup Time": 193.479,"Actual Total Time": 211.551,"Actual Rows": 1,"Actual Loops": 1,"Plans": [{"Node Type": "Gather","Parent Relationship": "Outer","Parallel Aware": false,"Async Capable": false,"Startup Cost": 113646.32,"Total Cost": 113646.73,"Plan Rows": 4,"Plan Width": 64,"Actual Startup Time": 191.636,"Actual Total Time": 211.507,"Actual Rows": 5,"Actual Loops": 1,"Workers Planned": 4,"Workers Launched": 4,"Single Copy": false,"Plans": [{"Node Type": "Aggregate","Strategy": "Plain","Partial Mode": "Partial","Parent Relationship": "Outer","Parallel Aware": false,"Async Capable": false,"Startup Cost": 112646.32,"Total Cost": 112646.33,"Plan Rows": 1,"Plan Width": 64,"Actual Startup Time": 184.663,"Actual Total Time": 184.673,"Actual Rows": 1,"Actual Loops": 5,"Workers": [],"Plans": [{"Node Type": "Hash Join","Parent Relationship": "Outer","Parallel Aware": true,"Async Capable": false,"Join Type": "Inner","Startup Cost": 7821.42,"Total Cost": 112331.74,"Plan Rows": 17976,"Plan Width": 33,"Actual Startup Time": 63.095,"Actual Total Time": 178.751,"Actual Rows": 15412,"Actual Loops": 5,"Inner Unique": true,"Hash Cond": "(lineitem.l_partkey = part.p_partkey)","Workers": [],"Plans": [{"Node Type": "Bitmap Heap Scan","Parent Relationship": "Outer","Parallel Aware": true,"Async Capable": false,"Relation Name": "lineitem","Alias": "lineitem","Startup Cost": 1849.43,"Total Cost": 106312.56,"Plan Rows": 17976,"Plan Width": 16,"Actual Startup Time": 23.121,"Actual Total Time": 106.921,"Actual Rows": 15412,"Actual Loops": 5,"Recheck Cond": "((l_shipdate >= '1996-05-01'::date) AND (l_shipdate < '1996-06-01 00:00:00'::timestamp without time zone))","Rows Removed by Index Recheck": 0,"Exact Heap Blocks": 8126,"Lossy Heap Blocks": 0,"Workers": [],"Plans": [{"Node Type": "Bitmap Index Scan","Parent Relationship": "Outer","Parallel Aware": false,"Async Capable": false,"Index Name": "idx_lineitem_shipdate","Startup Cost": 0.00,"Total Cost": 1831.45,"Plan Rows": 71902,"Plan Width": 0,"Actual Startup Time": 16.762,"Actual Total Time": 16.763,"Actual Rows": 77062,"Actual Loops": 1,"Index Cond": "((l_shipdate >= '1996-05-01'::date) AND (l_shipdate < '1996-06-01 00:00:00'::timestamp without time zone))","Workers": []}]},{"Node Type": "Hash","Parent Relationship": "Inner","Parallel Aware": true,"Async Capable": false,"Startup Cost": 4930.33,"Total Cost": 4930.33,"Plan Rows": 83333,"Plan Width": 25,"Actual Startup Time": 39.312,"Actual Total Time": 39.315,"Actual Rows": 40000,"Actual Loops": 5,"Hash Buckets": 262144,"Original Hash Buckets": 262144,"Hash Batches": 1,"Original Hash Batches": 1,"Peak Memory Usage": 14208,"Workers": [],"Plans": [{"Node Type": "Seq Scan","Parent Relationship": "Outer","Parallel Aware": true,"Async Capable": false,"Relation Name": "part","Alias": "part","Startup Cost": 0.00,"Total Cost": 4930.33,"Plan Rows": 83333,"Plan Width": 25,"Actual Startup Time": 0.033,"Actual Total Time": 17.021,"Actual Rows": 40000,"Actual Loops": 5,"Workers": []}]}]}]}]}]},"Planning Time": 5.257,"Triggers": [],"Execution Time": 211.778}]
[{"Plan": {"Node Type": "Aggregate","Strategy": "Plain","Partial Mode": "Finalize","Parallel Aware": false,"Async Capable": false,"Startup Cost": 116135.64,"Total Cost": 116135.65,"Plan Rows": 1,"Plan Width": 32,"Actual Startup Time": 195.995,"Actual Total Time": 214.059,"Actual Rows": 1,"Actual Loops": 1,"Plans": [{"Node Type": "Gather","Parent Relationship": "Outer","Parallel Aware": false,"Async Capable": false,"Startup Cost": 116135.18,"Total Cost": 116135.59,"Plan Rows": 4,"Plan Width": 64,"Actual Startup Time": 194.581,"Actual Total Time": 214.025,"Actual Rows": 5,"Actual Loops": 1,"Workers Planned": 4,"Workers Launched": 4,"Single Copy": false,"Plans": [{"Node Type": "Aggregate","Strategy": "Plain","Partial Mode": "Partial","Parent Relationship": "Outer","Parallel Aware": false,"Async Capable": false,"Startup Cost": 115135.18,"Total Cost": 115135.19,"Plan Rows": 1,"Plan Width": 64,"Actual Startup Time": 187.052,"Actual Total Time": 187.062,"Actual Rows": 1,"Actual Loops": 5,"Workers": [],"Plans": [{"Node Type": "Hash Join","Parent Relationship": "Outer","Parallel Aware": true,"Async Capable": false,"Join Type": "Inner","Startup Cost": 7948.21,"Total Cost": 114798.93,"Plan Rows": 19214,"Plan Width": 33,"Actual Startup Time": 59.823,"Actual Total Time": 180.842,"Actual Rows": 15427,"Actual Loops": 5,"Inner Unique": true,"Hash Cond": "(lineitem.l_partkey = part.p_partkey)","Workers": [],"Plans": [{"Node Type": "Bitmap Heap Scan","Parent Relationship": "Outer","Parallel Aware": true,"Async Capable": false,"Relation Name": "lineitem","Alias": "lineitem","Startup Cost": 1976.22,"Total Cost": 108776.50,"Plan Rows": 19214,"Plan Width": 16,"Actual Startup Time": 22.994,"Actual Total Time": 113.362,"Actual Rows": 15427,"Actual Loops": 5,"Recheck Cond": "((l_shipdate >= '1996-01-01'::date) AND (l_shipdate < '1996-02-01 00:00:00'::timestamp without time zone))","Rows Removed by Index Recheck": 0,"Exact Heap Blocks": 7617,"Lossy Heap Blocks": 0,"Workers": [],"Plans": [{"Node Type": "Bitmap Index Scan","Parent Relationship": "Outer","Parallel Aware": false,"Async Capable": false,"Index Name": "idx_lineitem_shipdate","Startup Cost": 0.00,"Total Cost": 1957.00,"Plan Rows": 76857,"Plan Width": 0,"Actual Startup Time": 16.699,"Actual Total Time": 16.700,"Actual Rows": 77136,"Actual Loops": 1,"Index Cond": "((l_shipdate >= '1996-01-01'::date) AND (l_shipdate < '1996-02-01 00:00:00'::timestamp without time zone))","Workers": []}]},{"Node Type": "Hash","Parent Relationship": "Inner","Parallel Aware": true,"Async Capable": false,"Startup Cost": 4930.33,"Total Cost": 4930.33,"Plan Rows": 83333,"Plan Width": 25,"Actual Startup Time": 36.068,"Actual Total Time": 36.071,"Actual Rows": 40000,"Actual Loops": 5,"Hash Buckets": 262144,"Original Hash Buckets": 262144,"Hash Batches": 1,"Original Hash Batches": 1,"Peak Memory Usage": 14208,"Workers": [],"Plans": [{"Node Type": "Seq Scan","Parent Relationship": "Outer","Parallel Aware": true,"Async Capable": false,"Relation Name": "part","Alias": "part","Startup Cost": 0.00,"Total Cost": 4930.33,"Plan Rows": 83333,"Plan Width": 25,"Actual Startup Time": 0.038,"Actual Total Time": 16.692,"Actual Rows": 40000,"Actual Loops": 5,"Workers": []}]}]}]}]}]},"Planning Time": 4.110,"Triggers": [],"Execution Time": 214.344}]
[{"Plan": {"Node Type": "Aggregate","Strategy": "Plain","Partial Mode": "Finalize","Parallel Aware": false,"Async Capable": false,"Startup Cost": 111577.07,"Total Cost": 111577.08,"Plan Rows": 1,"Plan Width": 32,"Actual Startup Time": 186.301,"Actual Total Time": 202.570,"Actual Rows": 1,"Actual Loops": 1,"Plans": [{"Node Type": "Gather","Parent Relationship": "Outer","Parallel Aware": false,"Async Capable": false,"Startup Cost": 111576.61,"Total Cost": 111577.02,"Plan Rows": 4,"Plan Width": 64,"Actual Startup Time": 184.863,"Actual Total Time": 202.533,"Actual Rows": 5,"Actual Loops": 1,"Workers Planned": 4,"Workers Launched": 4,"Single Copy": false,"Plans": [{"Node Type": "Aggregate","Strategy": "Plain","Partial Mode": "Partial","Parent Relationship": "Outer","Parallel Aware": false,"Async Capable": false,"Startup Cost": 110576.61,"Total Cost": 110576.62,"Plan Rows": 1,"Plan Width": 64,"Actual Startup Time": 177.469,"Actual Total Time": 177.481,"Actual Rows": 1,"Actual Loops": 5,"Workers": [],"Plans": [{"Node Type": "Hash Join","Parent Relationship": "Outer","Parallel Aware": true,"Async Capable": false,"Join Type": "Inner","Startup Cost": 7723.43,"Total Cost": 110278.25,"Plan Rows": 17049,"Plan Width": 33,"Actual Startup Time": 61.420,"Actual Total Time": 171.970,"Actual Rows": 14049,"Actual Loops": 5,"Inner Unique": true,"Hash Cond": "(lineitem.l_partkey = part.p_partkey)","Workers": [],"Plans": [{"Node Type": "Bitmap Heap Scan","Parent Relationship": "Outer","Parallel Aware": true,"Async Capable": false,"Relation Name": "lineitem","Alias": "lineitem","Startup Cost": 1751.43,"Total Cost": 104261.50,"Plan Rows": 17049,"Plan Width": 16,"Actual Startup Time": 23.904,"Actual Total Time": 106.890,"Actual Rows": 14049,"Actual Loops": 5,"Recheck Cond": "((l_shipdate >= '1997-02-01'::date) AND (l_shipdate < '1997-03-01 00:00:00'::timestamp without time zone))","Rows Removed by Index Recheck": 0,"Exact Heap Blocks": 7418,"Lossy Heap Blocks": 0,"Workers": [],"Plans": [{"Node Type": "Bitmap Index Scan","Parent Relationship": "Outer","Parallel Aware": false,"Async Capable": false,"Index Name": "idx_lineitem_shipdate","Startup Cost": 0.00,"Total Cost": 1734.38,"Plan Rows": 68195,"Plan Width": 0,"Actual Startup Time": 17.828,"Actual Total Time": 17.830,"Actual Rows": 70245,"Actual Loops": 1,"Index Cond": "((l_shipdate >= '1997-02-01'::date) AND (l_shipdate < '1997-03-01 00:00:00'::timestamp without time zone))","Workers": []}]},{"Node Type": "Hash","Parent Relationship": "Inner","Parallel Aware": true,"Async Capable": false,"Startup Cost": 4930.33,"Total Cost": 4930.33,"Plan Rows": 83333,"Plan Width": 25,"Actual Startup Time": 36.814,"Actual Total Time": 36.818,"Actual Rows": 40000,"Actual Loops": 5,"Hash Buckets": 262144,"Original Hash Buckets": 262144,"Hash Batches": 1,"Original Hash Batches": 1,"Peak Memory Usage": 14240,"Workers": [],"Plans": [{"Node Type": "Seq Scan","Parent Relationship": "Outer","Parallel Aware": true,"Async Capable": false,"Relation Name": "part","Alias": "part","Startup Cost": 0.00,"Total Cost": 4930.33,"Plan Rows": 83333,"Plan Width": 25,"Actual Startup Time": 0.035,"Actual Total Time": 16.010,"Actual Rows": 40000,"Actual Loops": 5,"Workers": []}]}]}]}]}]},"Planning Time": 4.076,"Triggers": [],"Execution Time": 202.873}]
[{"Plan": {"Node Type": "Aggregate","Strategy": "Plain","Partial Mode": "Finalize","Parallel Aware": false,"Async Capable": false,"Startup Cost": 117007.92,"Total Cost": 117007.93,"Plan Rows": 1,"Plan Width": 32,"Actual Startup Time": 189.829,"Actual Total Time": 206.980,"Actual Rows": 1,"Actual Loops": 1,"Plans": [{"Node Type": "Gather","Parent Relationship": "Outer","Parallel Aware": false,"Async Capable": false,"Startup Cost": 117007.46,"Total Cost": 117007.87,"Plan Rows": 4,"Plan Width": 64,"Actual Startup Time": 188.175,"Actual Total Time": 206.940,"Actual Rows": 5,"Actual Loops": 1,"Workers Planned": 4,"Workers Launched": 4,"Single Copy": false,"Plans": [{"Node Type": "Aggregate","Strategy": "Plain","Partial Mode": "Partial","Parent Relationship": "Outer","Parallel Aware": false,"Async Capable": false,"Startup Cost": 116007.46,"Total Cost": 116007.47,"Plan Rows": 1,"Plan Width": 64,"Actual Startup Time": 180.947,"Actual Total Time": 180.957,"Actual Rows": 1,"Actual Loops": 5,"Workers": [],"Plans": [{"Node Type": "Hash Join","Parent Relationship": "Outer","Parallel Aware": true,"Async Capable": false,"Join Type": "Inner","Startup Cost": 7995.60,"Total Cost": 115662.94,"Plan Rows": 19687,"Plan Width": 33,"Actual Startup Time": 58.068,"Actual Total Time": 174.672,"Actual Rows": 15581,"Actual Loops": 5,"Inner Unique": true,"Hash Cond": "(lineitem.l_partkey = part.p_partkey)","Workers": [],"Plans": [{"Node Type": "Bitmap Heap Scan","Parent Relationship": "Outer","Parallel Aware": true,"Async Capable": false,"Relation Name": "lineitem","Alias": "lineitem","Startup Cost": 2023.60,"Total Cost": 109639.26,"Plan Rows": 19687,"Plan Width": 16,"Actual Startup Time": 23.375,"Actual Total Time": 109.958,"Actual Rows": 15581,"Actual Loops": 5,"Recheck Cond": "((l_shipdate >= '1997-08-01'::date) AND (l_shipdate < '1997-09-01 00:00:00'::timestamp without time zone))","Rows Removed by Index Recheck": 0,"Exact Heap Blocks": 8451,"Lossy Heap Blocks": 0,"Workers": [],"Plans": [{"Node Type": "Bitmap Index Scan","Parent Relationship": "Outer","Parallel Aware": false,"Async Capable": false,"Index Name": "idx_lineitem_shipdate","Startup Cost": 0.00,"Total Cost": 2003.91,"Plan Rows": 78748,"Plan Width": 0,"Actual Startup Time": 16.902,"Actual Total Time": 16.905,"Actual Rows": 77905,"Actual Loops": 1,"Index Cond": "((l_shipdate >= '1997-08-01'::date) AND (l_shipdate < '1997-09-01 00:00:00'::timestamp without time zone))","Workers": []}]},{"Node Type": "Hash","Parent Relationship": "Inner","Parallel Aware": true,"Async Capable": false,"Startup Cost": 4930.33,"Total Cost": 4930.33,"Plan Rows": 83333,"Plan Width": 25,"Actual Startup Time": 33.961,"Actual Total Time": 33.964,"Actual Rows": 40000,"Actual Loops": 5,"Hash Buckets": 262144,"Original Hash Buckets": 262144,"Hash Batches": 1,"Original Hash Batches": 1,"Peak Memory Usage": 14208,"Workers": [],"Plans": [{"Node Type": "Seq Scan","Parent Relationship": "Outer","Parallel Aware": true,"Async Capable": false,"Relation Name": "part","Alias": "part","Startup Cost": 0.00,"Total Cost": 4930.33,"Plan Rows": 83333,"Plan Width": 25,"Actual Startup Time": 0.029,"Actual Total Time": 14.872,"Actual Rows": 40000,"Actual Loops": 5,"Workers": []}]}]}]}]}]},"Planning Time": 4.521,"Triggers": [],"Execution Time": 207.275}]
[{"Plan": {"Node Type": "Aggregate","Strategy": "Plain","Partial Mode": "Finalize","Parallel Aware": false,"Async Capable": false,"Startup Cost": 113981.89,"Total Cost": 113981.91,"Plan Rows": 1,"Plan Width": 32,"Actual Startup Time": 197.174,"Actual Total Time": 213.438,"Actual Rows": 1,"Actual Loops": 1,"Plans": [{"Node Type": "Gather","Parent Relationship": "Outer","Parallel Aware": false,"Async Capable": false,"Startup Cost": 113981.44,"Total Cost": 113981.85,"Plan Rows": 4,"Plan Width": 64,"Actual Startup Time": 195.686,"Actual Total Time": 213.400,"Actual Rows": 5,"Actual Loops": 1,"Workers Planned": 4,"Workers Launched": 4,"Single Copy": false,"Plans": [{"Node Type": "Aggregate","Strategy": "Plain","Partial Mode": "Partial","Parent Relationship": "Outer","Parallel Aware": false,"Async Capable": false,"Startup Cost": 112981.44,"Total Cost": 112981.45,"Plan Rows": 1,"Plan Width": 64,"Actual Startup Time": 187.932,"Actual Total Time": 187.944,"Actual Rows": 1,"Actual Loops": 5,"Workers": [],"Plans": [{"Node Type": "Hash Join","Parent Relationship": "Outer","Parallel Aware": true,"Async Capable": false,"Join Type": "Inner","Startup Cost": 7835.95,"Total Cost": 112664.07,"Plan Rows": 18135,"Plan Width": 33,"Actual Startup Time": 63.652,"Actual Total Time": 181.847,"Actual Rows": 15463,"Actual Loops": 5,"Inner Unique": true,"Hash Cond": "(lineitem.l_partkey = part.p_partkey)","Workers": [],"Plans": [{"Node Type": "Bitmap Heap Scan","Parent Relationship": "Outer","Parallel Aware": true,"Async Capable": false,"Relation Name": "lineitem","Alias": "lineitem","Startup Cost": 1863.96,"Total Cost": 106644.47,"Plan Rows": 18135,"Plan Width": 16,"Actual Startup Time": 23.262,"Actual Total Time": 111.502,"Actual Rows": 15463,"Actual Loops": 5,"Recheck Cond": "((l_shipdate >= '1993-12-01'::date) AND (l_shipdate < '1994-01-01 00:00:00'::timestamp without time zone))","Rows Removed by Index Recheck": 0,"Exact Heap Blocks": 8224,"Lossy Heap Blocks": 0,"Workers": [],"Plans": [{"Node Type": "Bitmap Index Scan","Parent Relationship": "Outer","Parallel Aware": false,"Async Capable": false,"Index Name": "idx_lineitem_shipdate","Startup Cost": 0.00,"Total Cost": 1845.82,"Plan Rows": 72539,"Plan Width": 0,"Actual Startup Time": 16.967,"Actual Total Time": 16.973,"Actual Rows": 77313,"Actual Loops": 1,"Index Cond": "((l_shipdate >= '1993-12-01'::date) AND (l_shipdate < '1994-01-01 00:00:00'::timestamp without time zone))","Workers": []}]},{"Node Type": "Hash","Parent Relationship": "Inner","Parallel Aware": true,"Async Capable": false,"Startup Cost": 4930.33,"Total Cost": 4930.33,"Plan Rows": 83333,"Plan Width": 25,"Actual Startup Time": 39.572,"Actual Total Time": 39.575,"Actual Rows": 40000,"Actual Loops": 5,"Hash Buckets": 262144,"Original Hash Buckets": 262144,"Hash Batches": 1,"Original Hash Batches": 1,"Peak Memory Usage": 14208,"Workers": [],"Plans": [{"Node Type": "Seq Scan","Parent Relationship": "Outer","Parallel Aware": true,"Async Capable": false,"Relation Name": "part","Alias": "part","Startup Cost": 0.00,"Total Cost": 4930.33,"Plan Rows": 83333,"Plan Width": 25,"Actual Startup Time": 0.049,"Actual Total Time": 17.416,"Actual Rows": 40000,"Actual Loops": 5,"Workers": []}]}]}]}]}]},"Planning Time": 4.239,"Triggers": [],"Execution Time": 213.703}]
[{"Plan": {"Node Type": "Aggregate","Strategy": "Plain","Partial Mode": "Finalize","Parallel Aware": false,"Async Capable": false,"Startup Cost": 113833.15,"Total Cost": 113833.17,"Plan Rows": 1,"Plan Width": 32,"Actual Startup Time": 217.072,"Actual Total Time": 234.403,"Actual Rows": 1,"Actual Loops": 1,"Plans": [{"Node Type": "Gather","Parent Relationship": "Outer","Parallel Aware": false,"Async Capable": false,"Startup Cost": 113832.70,"Total Cost": 113833.11,"Plan Rows": 4,"Plan Width": 64,"Actual Startup Time": 215.182,"Actual Total Time": 234.357,"Actual Rows": 5,"Actual Loops": 1,"Workers Planned": 4,"Workers Launched": 4,"Single Copy": false,"Plans": [{"Node Type": "Aggregate","Strategy": "Plain","Partial Mode": "Partial","Parent Relationship": "Outer","Parallel Aware": false,"Async Capable": false,"Startup Cost": 112832.70,"Total Cost": 112832.71,"Plan Rows": 1,"Plan Width": 64,"Actual Startup Time": 207.633,"Actual Total Time": 207.644,"Actual Rows": 1,"Actual Loops": 5,"Workers": [],"Plans": [{"Node Type": "Hash Join","Parent Relationship": "Outer","Parallel Aware": true,"Async Capable": false,"Join Type": "Inner","Startup Cost": 7829.04,"Total Cost": 112516.57,"Plan Rows": 18064,"Plan Width": 33,"Actual Startup Time": 75.166,"Actual Total Time": 201.465,"Actual Rows": 14988,"Actual Loops": 5,"Inner Unique": true,"Hash Cond": "(lineitem.l_partkey = part.p_partkey)","Workers": [],"Plans": [{"Node Type": "Bitmap Heap Scan","Parent Relationship": "Outer","Parallel Aware": true,"Async Capable": false,"Relation Name": "lineitem","Alias": "lineitem","Startup Cost": 1857.05,"Total Cost": 106497.16,"Plan Rows": 18064,"Plan Width": 16,"Actual Startup Time": 33.693,"Actual Total Time": 130.254,"Actual Rows": 14988,"Actual Loops": 5,"Recheck Cond": "((l_shipdate >= '1993-09-01'::date) AND (l_shipdate < '1993-10-01 00:00:00'::timestamp without time zone))","Rows Removed by Index Recheck": 0,"Exact Heap Blocks": 8910,"Lossy Heap Blocks": 0,"Workers": [],"Plans": [{"Node Type": "Bitmap Index Scan","Parent Relationship": "Outer","Parallel Aware": false,"Async Capable": false,"Index Name": "idx_lineitem_shipdate","Startup Cost": 0.00,"Total Cost": 1838.98,"Plan Rows": 72255,"Plan Width": 0,"Actual Startup Time": 27.000,"Actual Total Time": 27.001,"Actual Rows": 74938,"Actual Loops": 1,"Index Cond": "((l_shipdate >= '1993-09-01'::date) AND (l_shipdate < '1993-10-01 00:00:00'::timestamp without time zone))","Workers": []}]},{"Node Type": "Hash","Parent Relationship": "Inner","Parallel Aware": true,"Async Capable": false,"Startup Cost": 4930.33,"Total Cost": 4930.33,"Plan Rows": 83333,"Plan Width": 25,"Actual Startup Time": 40.733,"Actual Total Time": 40.736,"Actual Rows": 40000,"Actual Loops": 5,"Hash Buckets": 262144,"Original Hash Buckets": 262144,"Hash Batches": 1,"Original Hash Batches": 1,"Peak Memory Usage": 14208,"Workers": [],"Plans": [{"Node Type": "Seq Scan","Parent Relationship": "Outer","Parallel Aware": true,"Async Capable": false,"Relation Name": "part","Alias": "part","Startup Cost": 0.00,"Total Cost": 4930.33,"Plan Rows": 83333,"Plan Width": 25,"Actual Startup Time": 0.041,"Actual Total Time": 18.555,"Actual Rows": 40000,"Actual Loops": 5,"Workers": []}]}]}]}]}]},"Planning Time": 4.126,"Triggers": [],"Execution Time": 234.679}]
[{"Plan": {"Node Type": "Aggregate","Strategy": "Plain","Partial Mode": "Finalize","Parallel Aware": false,"Async Capable": false,"Startup Cost": 115616.62,"Total Cost": 115616.64,"Plan Rows": 1,"Plan Width": 32,"Actual Startup Time": 197.019,"Actual Total Time": 214.591,"Actual Rows": 1,"Actual Loops": 1,"Plans": [{"Node Type": "Gather","Parent Relationship": "Outer","Parallel Aware": false,"Async Capable": false,"Startup Cost": 115616.17,"Total Cost": 115616.58,"Plan Rows": 4,"Plan Width": 64,"Actual Startup Time": 195.631,"Actual Total Time": 214.533,"Actual Rows": 5,"Actual Loops": 1,"Workers Planned": 4,"Workers Launched": 4,"Single Copy": false,"Plans": [{"Node Type": "Aggregate","Strategy": "Plain","Partial Mode": "Partial","Parent Relationship": "Outer","Parallel Aware": false,"Async Capable": false,"Startup Cost": 114616.17,"Total Cost": 114616.18,"Plan Rows": 1,"Plan Width": 64,"Actual Startup Time": 187.977,"Actual Total Time": 187.991,"Actual Rows": 1,"Actual Loops": 5,"Workers": [],"Plans": [{"Node Type": "Hash Join","Parent Relationship": "Outer","Parallel Aware": true,"Async Capable": false,"Join Type": "Inner","Startup Cost": 7921.09,"Total Cost": 114284.66,"Plan Rows": 18943,"Plan Width": 33,"Actual Startup Time": 65.447,"Actual Total Time": 182.041,"Actual Rows": 15051,"Actual Loops": 5,"Inner Unique": true,"Hash Cond": "(lineitem.l_partkey = part.p_partkey)","Workers": [],"Plans": [{"Node Type": "Bitmap Heap Scan","Parent Relationship": "Outer","Parallel Aware": true,"Async Capable": false,"Relation Name": "lineitem","Alias": "lineitem","Startup Cost": 1949.10,"Total Cost": 108262.94,"Plan Rows": 18943,"Plan Width": 16,"Actual Startup Time": 24.968,"Actual Total Time": 111.302,"Actual Rows": 15051,"Actual Loops": 5,"Recheck Cond": "((l_shipdate >= '1996-09-01'::date) AND (l_shipdate < '1996-10-01 00:00:00'::timestamp without time zone))","Rows Removed by Index Recheck": 0,"Exact Heap Blocks": 8176,"Lossy Heap Blocks": 0,"Workers": [],"Plans": [{"Node Type": "Bitmap Index Scan","Parent Relationship": "Outer","Parallel Aware": false,"Async Capable": false,"Index Name": "idx_lineitem_shipdate","Startup Cost": 0.00,"Total Cost": 1930.15,"Plan Rows": 75772,"Plan Width": 0,"Actual Startup Time": 18.728,"Actual Total Time": 18.731,"Actual Rows": 75254,"Actual Loops": 1,"Index Cond": "((l_shipdate >= '1996-09-01'::date) AND (l_shipdate < '1996-10-01 00:00:00'::timestamp without time zone))","Workers": []}]},{"Node Type": "Hash","Parent Relationship": "Inner","Parallel Aware": true,"Async Capable": false,"Startup Cost": 4930.33,"Total Cost": 4930.33,"Plan Rows": 83333,"Plan Width": 25,"Actual Startup Time": 39.815,"Actual Total Time": 39.820,"Actual Rows": 40000,"Actual Loops": 5,"Hash Buckets": 262144,"Original Hash Buckets": 262144,"Hash Batches": 1,"Original Hash Batches": 1,"Peak Memory Usage": 14208,"Workers": [],"Plans": [{"Node Type": "Seq Scan","Parent Relationship": "Outer","Parallel Aware": true,"Async Capable": false,"Relation Name": "part","Alias": "part","Startup Cost": 0.00,"Total Cost": 4930.33,"Plan Rows": 83333,"Plan Width": 25,"Actual Startup Time": 0.039,"Actual Total Time": 17.197,"Actual Rows": 40000,"Actual Loops": 5,"Workers": []}]}]}]}]}]},"Planning Time": 4.073,"Triggers": [],"Execution Time": 214.842}]
[{"Plan": {"Node Type": "Aggregate","Strategy": "Plain","Partial Mode": "Finalize","Parallel Aware": false,"Async Capable": false,"Startup Cost": 114861.81,"Total Cost": 114861.82,"Plan Rows": 1,"Plan Width": 32,"Actual Startup Time": 188.604,"Actual Total Time": 205.507,"Actual Rows": 1,"Actual Loops": 1,"Plans": [{"Node Type": "Gather","Parent Relationship": "Outer","Parallel Aware": false,"Async Capable": false,"Startup Cost": 114861.35,"Total Cost": 114861.76,"Plan Rows": 4,"Plan Width": 64,"Actual Startup Time": 187.236,"Actual Total Time": 205.453,"Actual Rows": 5,"Actual Loops": 1,"Workers Planned": 4,"Workers Launched": 4,"Single Copy": false,"Plans": [{"Node Type": "Aggregate","Strategy": "Plain","Partial Mode": "Partial","Parent Relationship": "Outer","Parallel Aware": false,"Async Capable": false,"Startup Cost": 113861.35,"Total Cost": 113861.36,"Plan Rows": 1,"Plan Width": 64,"Actual Startup Time": 179.741,"Actual Total Time": 179.759,"Actual Rows": 1,"Actual Loops": 5,"Workers": [],"Plans": [{"Node Type": "Hash Join","Parent Relationship": "Outer","Parallel Aware": true,"Async Capable": false,"Join Type": "Inner","Startup Cost": 7881.45,"Total Cost": 113536.51,"Plan Rows": 18562,"Plan Width": 33,"Actual Startup Time": 60.790,"Actual Total Time": 173.757,"Actual Rows": 15501,"Actual Loops": 5,"Inner Unique": true,"Hash Cond": "(lineitem.l_partkey = part.p_partkey)","Workers": [],"Plans": [{"Node Type": "Bitmap Heap Scan","Parent Relationship": "Outer","Parallel Aware": true,"Async Capable": false,"Relation Name": "lineitem","Alias": "lineitem","Startup Cost": 1909.45,"Total Cost": 107515.79,"Plan Rows": 18561,"Plan Width": 16,"Actual Startup Time": 23.212,"Actual Total Time": 106.658,"Actual Rows": 15501,"Actual Loops": 5,"Recheck Cond": "((l_shipdate >= '1995-08-01'::date) AND (l_shipdate < '1995-09-01 00:00:00'::timestamp without time zone))","Rows Removed by Index Recheck": 0,"Exact Heap Blocks": 7755,"Lossy Heap Blocks": 0,"Workers": [],"Plans": [{"Node Type": "Bitmap Index Scan","Parent Relationship": "Outer","Parallel Aware": false,"Async Capable": false,"Index Name": "idx_lineitem_shipdate","Startup Cost": 0.00,"Total Cost": 1890.89,"Plan Rows": 74246,"Plan Width": 0,"Actual Startup Time": 16.821,"Actual Total Time": 16.824,"Actual Rows": 77505,"Actual Loops": 1,"Index Cond": "((l_shipdate >= '1995-08-01'::date) AND (l_shipdate < '1995-09-01 00:00:00'::timestamp without time zone))","Workers": []}]},{"Node Type": "Hash","Parent Relationship": "Inner","Parallel Aware": true,"Async Capable": false,"Startup Cost": 4930.33,"Total Cost": 4930.33,"Plan Rows": 83333,"Plan Width": 25,"Actual Startup Time": 36.743,"Actual Total Time": 36.750,"Actual Rows": 40000,"Actual Loops": 5,"Hash Buckets": 262144,"Original Hash Buckets": 262144,"Hash Batches": 1,"Original Hash Batches": 1,"Peak Memory Usage": 14240,"Workers": [],"Plans": [{"Node Type": "Seq Scan","Parent Relationship": "Outer","Parallel Aware": true,"Async Capable": false,"Relation Name": "part","Alias": "part","Startup Cost": 0.00,"Total Cost": 4930.33,"Plan Rows": 83333,"Plan Width": 25,"Actual Startup Time": 0.042,"Actual Total Time": 16.083,"Actual Rows": 40000,"Actual Loops": 5,"Workers": []}]}]}]}]}]},"Planning Time": 4.082,"Triggers": [],"Execution Time": 205.784}]
[{"Plan": {"Node Type": "Aggregate","Strategy": "Plain","Partial Mode": "Finalize","Parallel Aware": false,"Async Capable": false,"Startup Cost": 117449.67,"Total Cost": 117449.68,"Plan Rows": 1,"Plan Width": 32,"Actual Startup Time": 209.461,"Actual Total Time": 224.908,"Actual Rows": 1,"Actual Loops": 1,"Plans": [{"Node Type": "Gather","Parent Relationship": "Outer","Parallel Aware": false,"Async Capable": false,"Startup Cost": 117449.21,"Total Cost": 117449.62,"Plan Rows": 4,"Plan Width": 64,"Actual Startup Time": 207.968,"Actual Total Time": 224.878,"Actual Rows": 5,"Actual Loops": 1,"Workers Planned": 4,"Workers Launched": 4,"Single Copy": false,"Plans": [{"Node Type": "Aggregate","Strategy": "Plain","Partial Mode": "Partial","Parent Relationship": "Outer","Parallel Aware": false,"Async Capable": false,"Startup Cost": 116449.21,"Total Cost": 116449.22,"Plan Rows": 1,"Plan Width": 64,"Actual Startup Time": 200.716,"Actual Total Time": 200.726,"Actual Rows": 1,"Actual Loops": 5,"Workers": [],"Plans": [{"Node Type": "Hash Join","Parent Relationship": "Outer","Parallel Aware": true,"Async Capable": false,"Join Type": "Inner","Startup Cost": 8021.73,"Total Cost": 116100.36,"Plan Rows": 19934,"Plan Width": 33,"Actual Startup Time": 69.344,"Actual Total Time": 194.621,"Actual Rows": 15439,"Actual Loops": 5,"Inner Unique": true,"Hash Cond": "(lineitem.l_partkey = part.p_partkey)","Workers": [],"Plans": [{"Node Type": "Bitmap Heap Scan","Parent Relationship": "Outer","Parallel Aware": true,"Async Capable": false,"Relation Name": "lineitem","Alias": "lineitem","Startup Cost": 2049.74,"Total Cost": 110076.04,"Plan Rows": 19934,"Plan Width": 16,"Actual Startup Time": 28.893,"Actual Total Time": 124.591,"Actual Rows": 15439,"Actual Loops": 5,"Recheck Cond": "((l_shipdate >= '1993-08-01'::date) AND (l_shipdate < '1993-09-01 00:00:00'::timestamp without time zone))","Rows Removed by Index Recheck": 0,"Exact Heap Blocks": 7741,"Lossy Heap Blocks": 0,"Workers": [],"Plans": [{"Node Type": "Bitmap Index Scan","Parent Relationship": "Outer","Parallel Aware": false,"Async Capable": false,"Index Name": "idx_lineitem_shipdate","Startup Cost": 0.00,"Total Cost": 2029.80,"Plan Rows": 79737,"Plan Width": 0,"Actual Startup Time": 22.408,"Actual Total Time": 22.411,"Actual Rows": 77197,"Actual Loops": 1,"Index Cond": "((l_shipdate >= '1993-08-01'::date) AND (l_shipdate < '1993-09-01 00:00:00'::timestamp without time zone))","Workers": []}]},{"Node Type": "Hash","Parent Relationship": "Inner","Parallel Aware": true,"Async Capable": false,"Startup Cost": 4930.33,"Total Cost": 4930.33,"Plan Rows": 83333,"Plan Width": 25,"Actual Startup Time": 39.731,"Actual Total Time": 39.735,"Actual Rows": 40000,"Actual Loops": 5,"Hash Buckets": 262144,"Original Hash Buckets": 262144,"Hash Batches": 1,"Original Hash Batches": 1,"Peak Memory Usage": 14176,"Workers": [],"Plans": [{"Node Type": "Seq Scan","Parent Relationship": "Outer","Parallel Aware": true,"Async Capable": false,"Relation Name": "part","Alias": "part","Startup Cost": 0.00,"Total Cost": 4930.33,"Plan Rows": 83333,"Plan Width": 25,"Actual Startup Time": 0.044,"Actual Total Time": 17.039,"Actual Rows": 40000,"Actual Loops": 5,"Workers": []}]}]}]}]}]},"Planning Time": 4.803,"Triggers": [],"Execution Time": 225.176}]
[{"Plan": {"Node Type": "Aggregate","Strategy": "Plain","Partial Mode": "Finalize","Parallel Aware": false,"Async Capable": false,"Startup Cost": 116979.32,"Total Cost": 116979.34,"Plan Rows": 1,"Plan Width": 32,"Actual Startup Time": 204.621,"Actual Total Time": 221.335,"Actual Rows": 1,"Actual Loops": 1,"Plans": [{"Node Type": "Gather","Parent Relationship": "Outer","Parallel Aware": false,"Async Capable": false,"Startup Cost": 116978.87,"Total Cost": 116979.28,"Plan Rows": 4,"Plan Width": 64,"Actual Startup Time": 203.046,"Actual Total Time": 221.293,"Actual Rows": 5,"Actual Loops": 1,"Workers Planned": 4,"Workers Launched": 4,"Single Copy": false,"Plans": [{"Node Type": "Aggregate","Strategy": "Plain","Partial Mode": "Partial","Parent Relationship": "Outer","Parallel Aware": false,"Async Capable": false,"Startup Cost": 115978.87,"Total Cost": 115978.88,"Plan Rows": 1,"Plan Width": 64,"Actual Startup Time": 194.974,"Actual Total Time": 194.985,"Actual Rows": 1,"Actual Loops": 5,"Workers": [],"Plans": [{"Node Type": "Hash Join","Parent Relationship": "Outer","Parallel Aware": true,"Async Capable": false,"Join Type": "Inner","Startup Cost": 7994.93,"Total Cost": 115634.62,"Plan Rows": 19671,"Plan Width": 33,"Actual Startup Time": 65.973,"Actual Total Time": 188.830,"Actual Rows": 15499,"Actual Loops": 5,"Inner Unique": true,"Hash Cond": "(lineitem.l_partkey = part.p_partkey)","Workers": [],"Plans": [{"Node Type": "Bitmap Heap Scan","Parent Relationship": "Outer","Parallel Aware": true,"Async Capable": false,"Relation Name": "lineitem","Alias": "lineitem","Startup Cost": 2022.93,"Total Cost": 109610.99,"Plan Rows": 19671,"Plan Width": 16,"Actual Startup Time": 29.215,"Actual Total Time": 122.190,"Actual Rows": 15499,"Actual Loops": 5,"Recheck Cond": "((l_shipdate >= '1997-07-01'::date) AND (l_shipdate < '1997-08-01 00:00:00'::timestamp without time zone))","Rows Removed by Index Recheck": 0,"Exact Heap Blocks": 7395,"Lossy Heap Blocks": 0,"Workers": [],"Plans": [{"Node Type": "Bitmap Index Scan","Parent Relationship": "Outer","Parallel Aware": false,"Async Capable": false,"Index Name": "idx_lineitem_shipdate","Startup Cost": 0.00,"Total Cost": 2003.26,"Plan Rows": 78683,"Plan Width": 0,"Actual Startup Time": 22.702,"Actual Total Time": 22.702,"Actual Rows": 77493,"Actual Loops": 1,"Index Cond": "((l_shipdate >= '1997-07-01'::date) AND (l_shipdate < '1997-08-01 00:00:00'::timestamp without time zone))","Workers": []}]},{"Node Type": "Hash","Parent Relationship": "Inner","Parallel Aware": true,"Async Capable": false,"Startup Cost": 4930.33,"Total Cost": 4930.33,"Plan Rows": 83333,"Plan Width": 25,"Actual Startup Time": 36.077,"Actual Total Time": 36.081,"Actual Rows": 40000,"Actual Loops": 5,"Hash Buckets": 262144,"Original Hash Buckets": 262144,"Hash Batches": 1,"Original Hash Batches": 1,"Peak Memory Usage": 14176,"Workers": [],"Plans": [{"Node Type": "Seq Scan","Parent Relationship": "Outer","Parallel Aware": true,"Async Capable": false,"Relation Name": "part","Alias": "part","Startup Cost": 0.00,"Total Cost": 4930.33,"Plan Rows": 83333,"Plan Width": 25,"Actual Startup Time": 0.024,"Actual Total Time": 16.983,"Actual Rows": 40000,"Actual Loops": 5,"Workers": []}]}]}]}]}]},"Planning Time": 4.182,"Triggers": [],"Execution Time": 221.556}]
[{"Plan": {"Node Type": "Aggregate","Strategy": "Plain","Partial Mode": "Finalize","Parallel Aware": false,"Async Capable": false,"Startup Cost": 113646.78,"Total Cost": 113646.79,"Plan Rows": 1,"Plan Width": 32,"Actual Startup Time": 193.479,"Actual Total Time": 211.551,"Actual Rows": 1,"Actual Loops": 1,"Plans": [{"Node Type": "Gather","Parent Relationship": "Outer","Parallel Aware": false,"Async Capable": false,"Startup Cost": 113646.32,"Total Cost": 113646.73,"Plan Rows": 4,"Plan Width": 64,"Actual Startup Time": 191.636,"Actual Total Time": 211.507,"Actual Rows": 5,"Actual Loops": 1,"Workers Planned": 4,"Workers Launched": 4,"Single Copy": false,"Plans": [{"Node Type": "Aggregate","Strategy": "Plain","Partial Mode": "Partial","Parent Relationship": "Outer","Parallel Aware": false,"Async Capable": false,"Startup Cost": 112646.32,"Total Cost": 112646.33,"Plan Rows": 1,"Plan Width": 64,"Actual Startup Time": 184.663,"Actual Total Time": 184.673,"Actual Rows": 1,"Actual Loops": 5,"Workers": [],"Plans": [{"Node Type": "Hash Join","Parent Relationship": "Outer","Parallel Aware": true,"Async Capable": false,"Join Type": "Inner","Startup Cost": 7821.42,"Total Cost": 112331.74,"Plan Rows": 17976,"Plan Width": 33,"Actual Startup Time": 63.095,"Actual Total Time": 178.751,"Actual Rows": 15412,"Actual Loops": 5,"Inner Unique": true,"Hash Cond": "(lineitem.l_partkey = part.p_partkey)","Workers": [],"Plans": [{"Node Type": "Bitmap Heap Scan","Parent Relationship": "Outer","Parallel Aware": true,"Async Capable": false,"Relation Name": "lineitem","Alias": "lineitem","Startup Cost": 1849.43,"Total Cost": 106312.56,"Plan Rows": 17976,"Plan Width": 16,"Actual Startup Time": 23.121,"Actual Total Time": 106.921,"Actual Rows": 15412,"Actual Loops": 5,"Recheck Cond": "((l_shipdate >= '1996-05-01'::date) AND (l_shipdate < '1996-06-01 00:00:00'::timestamp without time zone))","Rows Removed by Index Recheck": 0,"Exact Heap Blocks": 8126,"Lossy Heap Blocks": 0,"Workers": [],"Plans": [{"Node Type": "Bitmap Index Scan","Parent Relationship": "Outer","Parallel Aware": false,"Async Capable": false,"Index Name": "idx_lineitem_shipdate","Startup Cost": 0.00,"Total Cost": 1831.45,"Plan Rows": 71902,"Plan Width": 0,"Actual Startup Time": 16.762,"Actual Total Time": 16.763,"Actual Rows": 77062,"Actual Loops": 1,"Index Cond": "((l_shipdate >= '1996-05-01'::date) AND (l_shipdate < '1996-06-01 00:00:00'::timestamp without time zone))","Workers": []}]},{"Node Type": "Hash","Parent Relationship": "Inner","Parallel Aware": true,"Async Capable": false,"Startup Cost": 4930.33,"Total Cost": 4930.33,"Plan Rows": 83333,"Plan Width": 25,"Actual Startup Time": 39.312,"Actual Total Time": 39.315,"Actual Rows": 40000,"Actual Loops": 5,"Hash Buckets": 262144,"Original Hash Buckets": 262144,"Hash Batches": 1,"Original Hash Batches": 1,"Peak Memory Usage": 14208,"Workers": [],"Plans": [{"Node Type": "Seq Scan","Parent Relationship": "Outer","Parallel Aware": true,"Async Capable": false,"Relation Name": "part","Alias": "part","Startup Cost": 0.00,"Total Cost": 4930.33,"Plan Rows": 83333,"Plan Width": 25,"Actual Startup Time": 0.033,"Actual Total Time": 17.021,"Actual Rows": 40000,"Actual Loops": 5,"Workers": []}]}]}]}]}]},"Planning Time": 5.257,"Triggers": [],"Execution Time": 211.778}]
[{"Plan": {"Node Type": "Aggregate","Strategy": "Plain","Partial Mode": "Finalize","Parallel Aware": false,"Async Capable": false,"Startup Cost": 117449.67,"Total Cost": 117449.68,"Plan Rows": 1,"Plan Width": 32,"Actual Startup Time": 209.461,"Actual Total Time": 224.908,"Actual Rows": 1,"Actual Loops": 1,"Plans": [{"Node Type": "Gather","Parent Relationship": "Outer","Parallel Aware": false,"Async Capable": false,"Startup Cost": 117449.21,"Total Cost": 117449.62,"Plan Rows": 4,"Plan Width": 64,"Actual Startup Time": 207.968,"Actual Total Time": 224.878,"Actual Rows": 5,"Actual Loops": 1,"Workers Planned": 4,"Workers Launched": 4,"Single Copy": false,"Plans": [{"Node Type": "Aggregate","Strategy": "Plain","Partial Mode": "Partial","Parent Relationship": "Outer","Parallel Aware": false,"Async Capable": false,"Startup Cost": 116449.21,"Total Cost": 116449.22,"Plan Rows": 1,"Plan Width": 64,"Actual Startup Time": 200.716,"Actual Total Time": 200.726,"Actual Rows": 1,"Actual Loops": 5,"Workers": [],"Plans": [{"Node Type": "Hash Join","Parent Relationship": "Outer","Parallel Aware": true,"Async Capable": false,"Join Type": "Inner","Startup Cost": 8021.73,"Total Cost": 116100.36,"Plan Rows": 19934,"Plan Width": 33,"Actual Startup Time": 69.344,"Actual Total Time": 194.621,"Actual Rows": 15439,"Actual Loops": 5,"Inner Unique": true,"Hash Cond": "(lineitem.l_partkey = part.p_partkey)","Workers": [],"Plans": [{"Node Type": "Bitmap Heap Scan","Parent Relationship": "Outer","Parallel Aware": true,"Async Capable": false,"Relation Name": "lineitem","Alias": "lineitem","Startup Cost": 2049.74,"Total Cost": 110076.04,"Plan Rows": 19934,"Plan Width": 16,"Actual Startup Time": 28.893,"Actual Total Time": 124.591,"Actual Rows": 15439,"Actual Loops": 5,"Recheck Cond": "((l_shipdate >= '1993-08-01'::date) AND (l_shipdate < '1993-09-01 00:00:00'::timestamp without time zone))","Rows Removed by Index Recheck": 0,"Exact Heap Blocks": 7741,"Lossy Heap Blocks": 0,"Workers": [],"Plans": [{"Node Type": "Bitmap Index Scan","Parent Relationship": "Outer","Parallel Aware": false,"Async Capable": false,"Index Name": "idx_lineitem_shipdate","Startup Cost": 0.00,"Total Cost": 2029.80,"Plan Rows": 79737,"Plan Width": 0,"Actual Startup Time": 22.408,"Actual Total Time": 22.411,"Actual Rows": 77197,"Actual Loops": 1,"Index Cond": "((l_shipdate >= '1993-08-01'::date) AND (l_shipdate < '1993-09-01 00:00:00'::timestamp without time zone))","Workers": []}]},{"Node Type": "Hash","Parent Relationship": "Inner","Parallel Aware": true,"Async Capable": false,"Startup Cost": 4930.33,"Total Cost": 4930.33,"Plan Rows": 83333,"Plan Width": 25,"Actual Startup Time": 39.731,"Actual Total Time": 39.735,"Actual Rows": 40000,"Actual Loops": 5,"Hash Buckets": 262144,"Original Hash Buckets": 262144,"Hash Batches": 1,"Original Hash Batches": 1,"Peak Memory Usage": 14176,"Workers": [],"Plans": [{"Node Type": "Seq Scan","Parent Relationship": "Outer","Parallel Aware": true,"Async Capable": false,"Relation Name": "part","Alias": "part","Startup Cost": 0.00,"Total Cost": 4930.33,"Plan Rows": 83333,"Plan Width": 25,"Actual Startup Time": 0.044,"Actual Total Time": 17.039,"Actual Rows": 40000,"Actual Loops": 5,"Workers": []}]}]}]}]}]},"Planning Time": 4.803,"Triggers": [],"Execution Time": 225.176}]
[{"Plan": {"Node Type": "Aggregate","Strategy": "Plain","Partial Mode": "Finalize","Parallel Aware": false,"Async Capable": false,"Startup Cost": 115924.34,"Total Cost": 115924.35,"Plan Rows": 1,"Plan Width": 32,"Actual Startup Time": 196.667,"Actual Total Time": 211.996,"Actual Rows": 1,"Actual Loops": 1,"Plans": [{"Node Type": "Gather","Parent Relationship": "Outer","Parallel Aware": false,"Async Capable": false,"Startup Cost": 115923.88,"Total Cost": 115924.29,"Plan Rows": 4,"Plan Width": 64,"Actual Startup Time": 195.153,"Actual Total Time": 211.955,"Actual Rows": 5,"Actual Loops": 1,"Workers Planned": 4,"Workers Launched": 4,"Single Copy": false,"Plans": [{"Node Type": "Aggregate","Strategy": "Plain","Partial Mode": "Partial","Parent Relationship": "Outer","Parallel Aware": false,"Async Capable": false,"Startup Cost": 114923.88,"Total Cost": 114923.89,"Plan Rows": 1,"Plan Width": 64,"Actual Startup Time": 187.608,"Actual Total Time": 187.617,"Actual Rows": 1,"Actual Loops": 5,"Workers": [],"Plans": [{"Node Type": "Hash Join","Parent Relationship": "Outer","Parallel Aware": true,"Async Capable": false,"Join Type": "Inner","Startup Cost": 7935.68,"Total Cost": 114589.56,"Plan Rows": 19104,"Plan Width": 33,"Actual Startup Time": 65.479,"Actual Total Time": 181.616,"Actual Rows": 15453,"Actual Loops": 5,"Inner Unique": true,"Hash Cond": "(lineitem.l_partkey = part.p_partkey)","Workers": [],"Plans": [{"Node Type": "Bitmap Heap Scan","Parent Relationship": "Outer","Parallel Aware": true,"Async Capable": false,"Relation Name": "lineitem","Alias": "lineitem","Startup Cost": 1963.69,"Total Cost": 108567.41,"Plan Rows": 19104,"Plan Width": 16,"Actual Startup Time": 23.321,"Actual Total Time": 108.651,"Actual Rows": 15453,"Actual Loops": 5,"Recheck Cond": "((l_shipdate >= '1997-12-01'::date) AND (l_shipdate < '1998-01-01 00:00:00'::timestamp without time zone))","Rows Removed by Index Recheck": 0,"Exact Heap Blocks": 8205,"Lossy Heap Blocks": 0,"Workers": [],"Plans": [{"Node Type": "Bitmap Index Scan","Parent Relationship": "Outer","Parallel Aware": false,"Async Capable": false,"Index Name": "idx_lineitem_shipdate","Startup Cost": 0.00,"Total Cost": 1944.58,"Plan Rows": 76415,"Plan Width": 0,"Actual Startup Time": 16.871,"Actual Total Time": 16.872,"Actual Rows": 77267,"Actual Loops": 1,"Index Cond": "((l_shipdate >= '1997-12-01'::date) AND (l_shipdate < '1998-01-01 00:00:00'::timestamp without time zone))","Workers": []}]},{"Node Type": "Hash","Parent Relationship": "Inner","Parallel Aware": true,"Async Capable": false,"Startup Cost": 4930.33,"Total Cost": 4930.33,"Plan Rows": 83333,"Plan Width": 25,"Actual Startup Time": 41.357,"Actual Total Time": 41.359,"Actual Rows": 40000,"Actual Loops": 5,"Hash Buckets": 262144,"Original Hash Buckets": 262144,"Hash Batches": 1,"Original Hash Batches": 1,"Peak Memory Usage": 14208,"Workers": [],"Plans": [{"Node Type": "Seq Scan","Parent Relationship": "Outer","Parallel Aware": true,"Async Capable": false,"Relation Name": "part","Alias": "part","Startup Cost": 0.00,"Total Cost": 4930.33,"Plan Rows": 83333,"Plan Width": 25,"Actual Startup Time": 0.037,"Actual Total Time": 17.718,"Actual Rows": 40000,"Actual Loops": 5,"Workers": []}]}]}]}]}]},"Planning Time": 3.901,"Triggers": [],"Execution Time": 212.224}]
[{"Plan": {"Node Type": "Aggregate","Strategy": "Plain","Partial Mode": "Finalize","Parallel Aware": false,"Async Capable": false,"Startup Cost": 115298.80,"Total Cost": 115298.82,"Plan Rows": 1,"Plan Width": 32,"Actual Startup Time": 191.770,"Actual Total Time": 208.257,"Actual Rows": 1,"Actual Loops": 1,"Plans": [{"Node Type": "Gather","Parent Relationship": "Outer","Parallel Aware": false,"Async Capable": false,"Startup Cost": 115298.35,"Total Cost": 115298.76,"Plan Rows": 4,"Plan Width": 64,"Actual Startup Time": 190.365,"Actual Total Time": 208.218,"Actual Rows": 5,"Actual Loops": 1,"Workers Planned": 4,"Workers Launched": 4,"Single Copy": false,"Plans": [{"Node Type": "Aggregate","Strategy": "Plain","Partial Mode": "Partial","Parent Relationship": "Outer","Parallel Aware": false,"Async Capable": false,"Startup Cost": 114298.35,"Total Cost": 114298.36,"Plan Rows": 1,"Plan Width": 64,"Actual Startup Time": 182.565,"Actual Total Time": 182.576,"Actual Rows": 1,"Actual Loops": 5,"Workers": [],"Plans": [{"Node Type": "Hash Join","Parent Relationship": "Outer","Parallel Aware": true,"Async Capable": false,"Join Type": "Inner","Startup Cost": 7902.48,"Total Cost": 113969.66,"Plan Rows": 18782,"Plan Width": 33,"Actual Startup Time": 59.443,"Actual Total Time": 176.606,"Actual Rows": 14990,"Actual Loops": 5,"Inner Unique": true,"Hash Cond": "(lineitem.l_partkey = part.p_partkey)","Workers": [],"Plans": [{"Node Type": "Bitmap Heap Scan","Parent Relationship": "Outer","Parallel Aware": true,"Async Capable": false,"Relation Name": "lineitem","Alias": "lineitem","Startup Cost": 1930.48,"Total Cost": 107948.36,"Plan Rows": 18782,"Plan Width": 16,"Actual Startup Time": 21.604,"Actual Total Time": 109.072,"Actual Rows": 14990,"Actual Loops": 5,"Recheck Cond": "((l_shipdate >= '1993-11-01'::date) AND (l_shipdate < '1993-12-01 00:00:00'::timestamp without time zone))","Rows Removed by Index Recheck": 0,"Exact Heap Blocks": 7520,"Lossy Heap Blocks": 0,"Workers": [],"Plans": [{"Node Type": "Bitmap Index Scan","Parent Relationship": "Outer","Parallel Aware": false,"Async Capable": false,"Index Name": "idx_lineitem_shipdate","Startup Cost": 0.00,"Total Cost": 1911.70,"Plan Rows": 75127,"Plan Width": 0,"Actual Startup Time": 15.494,"Actual Total Time": 15.497,"Actual Rows": 74949,"Actual Loops": 1,"Index Cond": "((l_shipdate >= '1993-11-01'::date) AND (l_shipdate < '1993-12-01 00:00:00'::timestamp without time zone))","Workers": []}]},{"Node Type": "Hash","Parent Relationship": "Inner","Parallel Aware": true,"Async Capable": false,"Startup Cost": 4930.33,"Total Cost": 4930.33,"Plan Rows": 83333,"Plan Width": 25,"Actual Startup Time": 36.955,"Actual Total Time": 36.958,"Actual Rows": 40000,"Actual Loops": 5,"Hash Buckets": 262144,"Original Hash Buckets": 262144,"Hash Batches": 1,"Original Hash Batches": 1,"Peak Memory Usage": 14176,"Workers": [],"Plans": [{"Node Type": "Seq Scan","Parent Relationship": "Outer","Parallel Aware": true,"Async Capable": false,"Relation Name": "part","Alias": "part","Startup Cost": 0.00,"Total Cost": 4930.33,"Plan Rows": 83333,"Plan Width": 25,"Actual Startup Time": 0.042,"Actual Total Time": 17.442,"Actual Rows": 40000,"Actual Loops": 5,"Workers": []}]}]}]}]}]},"Planning Time": 4.152,"Triggers": [],"Execution Time": 208.521}]
[{"Plan": {"Node Type": "Aggregate","Strategy": "Plain","Partial Mode": "Finalize","Parallel Aware": false,"Async Capable": false,"Startup Cost": 115300.48,"Total Cost": 115300.49,"Plan Rows": 1,"Plan Width": 32,"Actual Startup Time": 195.743,"Actual Total Time": 212.460,"Actual Rows": 1,"Actual Loops": 1,"Plans": [{"Node Type": "Gather","Parent Relationship": "Outer","Parallel Aware": false,"Async Capable": false,"Startup Cost": 115300.02,"Total Cost": 115300.43,"Plan Rows": 4,"Plan Width": 64,"Actual Startup Time": 194.274,"Actual Total Time": 212.423,"Actual Rows": 5,"Actual Loops": 1,"Workers Planned": 4,"Workers Launched": 4,"Single Copy": false,"Plans": [{"Node Type": "Aggregate","Strategy": "Plain","Partial Mode": "Partial","Parent Relationship": "Outer","Parallel Aware": false,"Async Capable": false,"Startup Cost": 114300.02,"Total Cost": 114300.03,"Plan Rows": 1,"Plan Width": 64,"Actual Startup Time": 187.002,"Actual Total Time": 187.012,"Actual Rows": 1,"Actual Loops": 5,"Workers": [],"Plans": [{"Node Type": "Hash Join","Parent Relationship": "Outer","Parallel Aware": true,"Async Capable": false,"Join Type": "Inner","Startup Cost": 7902.51,"Total Cost": 113971.33,"Plan Rows": 18782,"Plan Width": 33,"Actual Startup Time": 62.456,"Actual Total Time": 181.009,"Actual Rows": 15408,"Actual Loops": 5,"Inner Unique": true,"Hash Cond": "(lineitem.l_partkey = part.p_partkey)","Workers": [],"Plans": [{"Node Type": "Bitmap Heap Scan","Parent Relationship": "Outer","Parallel Aware": true,"Async Capable": false,"Relation Name": "lineitem","Alias": "lineitem","Startup Cost": 1930.51,"Total Cost": 107950.03,"Plan Rows": 18782,"Plan Width": 16,"Actual Startup Time": 23.280,"Actual Total Time": 110.733,"Actual Rows": 15408,"Actual Loops": 5,"Recheck Cond": "((l_shipdate >= '1994-08-01'::date) AND (l_shipdate < '1994-09-01 00:00:00'::timestamp without time zone))","Rows Removed by Index Recheck": 0,"Exact Heap Blocks": 8348,"Lossy Heap Blocks": 0,"Workers": [],"Plans": [{"Node Type": "Bitmap Index Scan","Parent Relationship": "Outer","Parallel Aware": false,"Async Capable": false,"Index Name": "idx_lineitem_shipdate","Startup Cost": 0.00,"Total Cost": 1911.73,"Plan Rows": 75130,"Plan Width": 0,"Actual Startup Time": 16.859,"Actual Total Time": 16.861,"Actual Rows": 77041,"Actual Loops": 1,"Index Cond": "((l_shipdate >= '1994-08-01'::date) AND (l_shipdate < '1994-09-01 00:00:00'::timestamp without time zone))","Workers": []}]},{"Node Type": "Hash","Parent Relationship": "Inner","Parallel Aware": true,"Async Capable": false,"Startup Cost": 4930.33,"Total Cost": 4930.33,"Plan Rows": 83333,"Plan Width": 25,"Actual Startup Time": 38.418,"Actual Total Time": 38.421,"Actual Rows": 40000,"Actual Loops": 5,"Hash Buckets": 262144,"Original Hash Buckets": 262144,"Hash Batches": 1,"Original Hash Batches": 1,"Peak Memory Usage": 14208,"Workers": [],"Plans": [{"Node Type": "Seq Scan","Parent Relationship": "Outer","Parallel Aware": true,"Async Capable": false,"Relation Name": "part","Alias": "part","Startup Cost": 0.00,"Total Cost": 4930.33,"Plan Rows": 83333,"Plan Width": 25,"Actual Startup Time": 0.029,"Actual Total Time": 16.705,"Actual Rows": 40000,"Actual Loops": 5,"Workers": []}]}]}]}]}]},"Planning Time": 3.844,"Triggers": [],"Execution Time": 212.688}]
[{"Plan": {"Node Type": "Aggregate","Strategy": "Plain","Partial Mode": "Finalize","Parallel Aware": false,"Async Capable": false,"Startup Cost": 116775.62,"Total Cost": 116775.64,"Plan Rows": 1,"Plan Width": 32,"Actual Startup Time": 193.869,"Actual Total Time": 210.143,"Actual Rows": 1,"Actual Loops": 1,"Plans": [{"Node Type": "Gather","Parent Relationship": "Outer","Parallel Aware": false,"Async Capable": false,"Startup Cost": 116775.17,"Total Cost": 116775.58,"Plan Rows": 4,"Plan Width": 64,"Actual Startup Time": 192.448,"Actual Total Time": 210.107,"Actual Rows": 5,"Actual Loops": 1,"Workers Planned": 4,"Workers Launched": 4,"Single Copy": false,"Plans": [{"Node Type": "Aggregate","Strategy": "Plain","Partial Mode": "Partial","Parent Relationship": "Outer","Parallel Aware": false,"Async Capable": false,"Startup Cost": 115775.17,"Total Cost": 115775.18,"Plan Rows": 1,"Plan Width": 64,"Actual Startup Time": 184.994,"Actual Total Time": 185.005,"Actual Rows": 1,"Actual Loops": 5,"Workers": [],"Plans": [{"Node Type": "Hash Join","Parent Relationship": "Outer","Parallel Aware": true,"Async Capable": false,"Join Type": "Inner","Startup Cost": 7982.36,"Total Cost": 115432.88,"Plan Rows": 19559,"Plan Width": 33,"Actual Startup Time": 59.459,"Actual Total Time": 178.997,"Actual Rows": 15372,"Actual Loops": 5,"Inner Unique": true,"Hash Cond": "(lineitem.l_partkey = part.p_partkey)","Workers": [],"Plans": [{"Node Type": "Bitmap Heap Scan","Parent Relationship": "Outer","Parallel Aware": true,"Async Capable": false,"Relation Name": "lineitem","Alias": "lineitem","Startup Cost": 2010.36,"Total Cost": 109409.54,"Plan Rows": 19559,"Plan Width": 16,"Actual Startup Time": 22.196,"Actual Total Time": 111.214,"Actual Rows": 15372,"Actual Loops": 5,"Recheck Cond": "((l_shipdate >= '1993-01-01'::date) AND (l_shipdate < '1993-02-01 00:00:00'::timestamp without time zone))","Rows Removed by Index Recheck": 0,"Exact Heap Blocks": 8068,"Lossy Heap Blocks": 0,"Workers": [],"Plans": [{"Node Type": "Bitmap Index Scan","Parent Relationship": "Outer","Parallel Aware": false,"Async Capable": false,"Index Name": "idx_lineitem_shipdate","Startup Cost": 0.00,"Total Cost": 1990.80,"Plan Rows": 78237,"Plan Width": 0,"Actual Startup Time": 15.976,"Actual Total Time": 15.979,"Actual Rows": 76860,"Actual Loops": 1,"Index Cond": "((l_shipdate >= '1993-01-01'::date) AND (l_shipdate < '1993-02-01 00:00:00'::timestamp without time zone))","Workers": []}]},{"Node Type": "Hash","Parent Relationship": "Inner","Parallel Aware": true,"Async Capable": false,"Startup Cost": 4930.33,"Total Cost": 4930.33,"Plan Rows": 83333,"Plan Width": 25,"Actual Startup Time": 36.495,"Actual Total Time": 36.499,"Actual Rows": 40000,"Actual Loops": 5,"Hash Buckets": 262144,"Original Hash Buckets": 262144,"Hash Batches": 1,"Original Hash Batches": 1,"Peak Memory Usage": 14176,"Workers": [],"Plans": [{"Node Type": "Seq Scan","Parent Relationship": "Outer","Parallel Aware": true,"Async Capable": false,"Relation Name": "part","Alias": "part","Startup Cost": 0.00,"Total Cost": 4930.33,"Plan Rows": 83333,"Plan Width": 25,"Actual Startup Time": 0.035,"Actual Total Time": 16.126,"Actual Rows": 40000,"Actual Loops": 5,"Workers": []}]}]}]}]}]},"Planning Time": 3.845,"Triggers": [],"Execution Time": 210.384}]
[{"Plan": {"Node Type": "Aggregate","Strategy": "Plain","Partial Mode": "Finalize","Parallel Aware": false,"Async Capable": false,"Startup Cost": 116932.31,"Total Cost": 116932.33,"Plan Rows": 1,"Plan Width": 32,"Actual Startup Time": 212.964,"Actual Total Time": 230.692,"Actual Rows": 1,"Actual Loops": 1,"Plans": [{"Node Type": "Gather","Parent Relationship": "Outer","Parallel Aware": false,"Async Capable": false,"Startup Cost": 116931.86,"Total Cost": 116932.27,"Plan Rows": 4,"Plan Width": 64,"Actual Startup Time": 211.225,"Actual Total Time": 230.642,"Actual Rows": 5,"Actual Loops": 1,"Workers Planned": 4,"Workers Launched": 4,"Single Copy": false,"Plans": [{"Node Type": "Aggregate","Strategy": "Plain","Partial Mode": "Partial","Parent Relationship": "Outer","Parallel Aware": false,"Async Capable": false,"Startup Cost": 115931.86,"Total Cost": 115931.87,"Plan Rows": 1,"Plan Width": 64,"Actual Startup Time": 203.156,"Actual Total Time": 203.165,"Actual Rows": 1,"Actual Loops": 5,"Workers": [],"Plans": [{"Node Type": "Hash Join","Parent Relationship": "Outer","Parallel Aware": true,"Async Capable": false,"Join Type": "Inner","Startup Cost": 7989.91,"Total Cost": 115588.05,"Plan Rows": 19646,"Plan Width": 33,"Actual Startup Time": 70.482,"Actual Total Time": 196.939,"Actual Rows": 15434,"Actual Loops": 5,"Inner Unique": true,"Hash Cond": "(lineitem.l_partkey = part.p_partkey)","Workers": [],"Plans": [{"Node Type": "Bitmap Heap Scan","Parent Relationship": "Outer","Parallel Aware": true,"Async Capable": false,"Relation Name": "lineitem","Alias": "lineitem","Startup Cost": 2017.92,"Total Cost": 109564.48,"Plan Rows": 19646,"Plan Width": 16,"Actual Startup Time": 29.789,"Actual Total Time": 125.687,"Actual Rows": 15434,"Actual Loops": 5,"Recheck Cond": "((l_shipdate >= '1995-07-01'::date) AND (l_shipdate < '1995-08-01 00:00:00'::timestamp without time zone))","Rows Removed by Index Recheck": 0,"Exact Heap Blocks": 7774,"Lossy Heap Blocks": 0,"Workers": [],"Plans": [{"Node Type": "Bitmap Index Scan","Parent Relationship": "Outer","Parallel Aware": false,"Async Capable": false,"Index Name": "idx_lineitem_shipdate","Startup Cost": 0.00,"Total Cost": 1998.27,"Plan Rows": 78584,"Plan Width": 0,"Actual Startup Time": 23.282,"Actual Total Time": 23.282,"Actual Rows": 77171,"Actual Loops": 1,"Index Cond": "((l_shipdate >= '1995-07-01'::date) AND (l_shipdate < '1995-08-01 00:00:00'::timestamp without time zone))","Workers": []}]},{"Node Type": "Hash","Parent Relationship": "Inner","Parallel Aware": true,"Async Capable": false,"Startup Cost": 4930.33,"Total Cost": 4930.33,"Plan Rows": 83333,"Plan Width": 25,"Actual Startup Time": 39.901,"Actual Total Time": 39.904,"Actual Rows": 40000,"Actual Loops": 5,"Hash Buckets": 262144,"Original Hash Buckets": 262144,"Hash Batches": 1,"Original Hash Batches": 1,"Peak Memory Usage": 14176,"Workers": [],"Plans": [{"Node Type": "Seq Scan","Parent Relationship": "Outer","Parallel Aware": true,"Async Capable": false,"Relation Name": "part","Alias": "part","Startup Cost": 0.00,"Total Cost": 4930.33,"Plan Rows": 83333,"Plan Width": 25,"Actual Startup Time": 0.037,"Actual Total Time": 17.375,"Actual Rows": 40000,"Actual Loops": 5,"Workers": []}]}]}]}]}]},"Planning Time": 3.883,"Triggers": [],"Execution Time": 230.949}]
[{"Plan": {"Node Type": "Aggregate","Strategy": "Plain","Partial Mode": "Finalize","Parallel Aware": false,"Async Capable": false,"Startup Cost": 115300.48,"Total Cost": 115300.49,"Plan Rows": 1,"Plan Width": 32,"Actual Startup Time": 195.743,"Actual Total Time": 212.460,"Actual Rows": 1,"Actual Loops": 1,"Plans": [{"Node Type": "Gather","Parent Relationship": "Outer","Parallel Aware": false,"Async Capable": false,"Startup Cost": 115300.02,"Total Cost": 115300.43,"Plan Rows": 4,"Plan Width": 64,"Actual Startup Time": 194.274,"Actual Total Time": 212.423,"Actual Rows": 5,"Actual Loops": 1,"Workers Planned": 4,"Workers Launched": 4,"Single Copy": false,"Plans": [{"Node Type": "Aggregate","Strategy": "Plain","Partial Mode": "Partial","Parent Relationship": "Outer","Parallel Aware": false,"Async Capable": false,"Startup Cost": 114300.02,"Total Cost": 114300.03,"Plan Rows": 1,"Plan Width": 64,"Actual Startup Time": 187.002,"Actual Total Time": 187.012,"Actual Rows": 1,"Actual Loops": 5,"Workers": [],"Plans": [{"Node Type": "Hash Join","Parent Relationship": "Outer","Parallel Aware": true,"Async Capable": false,"Join Type": "Inner","Startup Cost": 7902.51,"Total Cost": 113971.33,"Plan Rows": 18782,"Plan Width": 33,"Actual Startup Time": 62.456,"Actual Total Time": 181.009,"Actual Rows": 15408,"Actual Loops": 5,"Inner Unique": true,"Hash Cond": "(lineitem.l_partkey = part.p_partkey)","Workers": [],"Plans": [{"Node Type": "Bitmap Heap Scan","Parent Relationship": "Outer","Parallel Aware": true,"Async Capable": false,"Relation Name": "lineitem","Alias": "lineitem","Startup Cost": 1930.51,"Total Cost": 107950.03,"Plan Rows": 18782,"Plan Width": 16,"Actual Startup Time": 23.280,"Actual Total Time": 110.733,"Actual Rows": 15408,"Actual Loops": 5,"Recheck Cond": "((l_shipdate >= '1994-08-01'::date) AND (l_shipdate < '1994-09-01 00:00:00'::timestamp without time zone))","Rows Removed by Index Recheck": 0,"Exact Heap Blocks": 8348,"Lossy Heap Blocks": 0,"Workers": [],"Plans": [{"Node Type": "Bitmap Index Scan","Parent Relationship": "Outer","Parallel Aware": false,"Async Capable": false,"Index Name": "idx_lineitem_shipdate","Startup Cost": 0.00,"Total Cost": 1911.73,"Plan Rows": 75130,"Plan Width": 0,"Actual Startup Time": 16.859,"Actual Total Time": 16.861,"Actual Rows": 77041,"Actual Loops": 1,"Index Cond": "((l_shipdate >= '1994-08-01'::date) AND (l_shipdate < '1994-09-01 00:00:00'::timestamp without time zone))","Workers": []}]},{"Node Type": "Hash","Parent Relationship": "Inner","Parallel Aware": true,"Async Capable": false,"Startup Cost": 4930.33,"Total Cost": 4930.33,"Plan Rows": 83333,"Plan Width": 25,"Actual Startup Time": 38.418,"Actual Total Time": 38.421,"Actual Rows": 40000,"Actual Loops": 5,"Hash Buckets": 262144,"Original Hash Buckets": 262144,"Hash Batches": 1,"Original Hash Batches": 1,"Peak Memory Usage": 14208,"Workers": [],"Plans": [{"Node Type": "Seq Scan","Parent Relationship": "Outer","Parallel Aware": true,"Async Capable": false,"Relation Name": "part","Alias": "part","Startup Cost": 0.00,"Total Cost": 4930.33,"Plan Rows": 83333,"Plan Width": 25,"Actual Startup Time": 0.029,"Actual Total Time": 16.705,"Actual Rows": 40000,"Actual Loops": 5,"Workers": []}]}]}]}]}]},"Planning Time": 3.844,"Triggers": [],"Execution Time": 212.688}]
[{"Plan": {"Node Type": "Aggregate","Strategy": "Plain","Partial Mode": "Finalize","Parallel Aware": false,"Async Capable": false,"Startup Cost": 116275.89,"Total Cost": 116275.90,"Plan Rows": 1,"Plan Width": 32,"Actual Startup Time": 216.169,"Actual Total Time": 231.685,"Actual Rows": 1,"Actual Loops": 1,"Plans": [{"Node Type": "Gather","Parent Relationship": "Outer","Parallel Aware": false,"Async Capable": false,"Startup Cost": 116275.43,"Total Cost": 116275.84,"Plan Rows": 4,"Plan Width": 64,"Actual Startup Time": 214.682,"Actual Total Time": 231.625,"Actual Rows": 5,"Actual Loops": 1,"Workers Planned": 4,"Workers Launched": 4,"Single Copy": false,"Plans": [{"Node Type": "Aggregate","Strategy": "Plain","Partial Mode": "Partial","Parent Relationship": "Outer","Parallel Aware": false,"Async Capable": false,"Startup Cost": 115275.43,"Total Cost": 115275.44,"Plan Rows": 1,"Plan Width": 64,"Actual Startup Time": 206.995,"Actual Total Time": 207.010,"Actual Rows": 1,"Actual Loops": 5,"Workers": [],"Plans": [{"Node Type": "Hash Join","Parent Relationship": "Outer","Parallel Aware": true,"Async Capable": false,"Join Type": "Inner","Startup Cost": 7955.28,"Total Cost": 114937.87,"Plan Rows": 19289,"Plan Width": 33,"Actual Startup Time": 73.783,"Actual Total Time": 200.830,"Actual Rows": 15527,"Actual Loops": 5,"Inner Unique": true,"Hash Cond": "(lineitem.l_partkey = part.p_partkey)","Workers": [],"Plans": [{"Node Type": "Bitmap Heap Scan","Parent Relationship": "Outer","Parallel Aware": true,"Async Capable": false,"Relation Name": "lineitem","Alias": "lineitem","Startup Cost": 1983.28,"Total Cost": 108915.24,"Plan Rows": 19289,"Plan Width": 16,"Actual Startup Time": 33.071,"Actual Total Time": 128.639,"Actual Rows": 15527,"Actual Loops": 5,"Recheck Cond": "((l_shipdate >= '1997-01-01'::date) AND (l_shipdate < '1997-02-01 00:00:00'::timestamp without time zone))","Rows Removed by Index Recheck": 0,"Exact Heap Blocks": 8450,"Lossy Heap Blocks": 0,"Workers": [],"Plans": [{"Node Type": "Bitmap Index Scan","Parent Relationship": "Outer","Parallel Aware": false,"Async Capable": false,"Index Name": "idx_lineitem_shipdate","Startup Cost": 0.00,"Total Cost": 1963.99,"Plan Rows": 77156,"Plan Width": 0,"Actual Startup Time": 26.389,"Actual Total Time": 26.391,"Actual Rows": 77637,"Actual Loops": 1,"Index Cond": "((l_shipdate >= '1997-01-01'::date) AND (l_shipdate < '1997-02-01 00:00:00'::timestamp without time zone))","Workers": []}]},{"Node Type": "Hash","Parent Relationship": "Inner","Parallel Aware": true,"Async Capable": false,"Startup Cost": 4930.33,"Total Cost": 4930.33,"Plan Rows": 83333,"Plan Width": 25,"Actual Startup Time": 39.995,"Actual Total Time": 40.000,"Actual Rows": 40000,"Actual Loops": 5,"Hash Buckets": 262144,"Original Hash Buckets": 262144,"Hash Batches": 1,"Original Hash Batches": 1,"Peak Memory Usage": 14208,"Workers": [],"Plans": [{"Node Type": "Seq Scan","Parent Relationship": "Outer","Parallel Aware": true,"Async Capable": false,"Relation Name": "part","Alias": "part","Startup Cost": 0.00,"Total Cost": 4930.33,"Plan Rows": 83333,"Plan Width": 25,"Actual Startup Time": 0.037,"Actual Total Time": 17.315,"Actual Rows": 40000,"Actual Loops": 5,"Workers": []}]}]}]}]}]},"Planning Time": 4.357,"Triggers": [],"Execution Time": 231.907}]
[{"Plan": {"Node Type": "Aggregate","Strategy": "Plain","Partial Mode": "Finalize","Parallel Aware": false,"Async Capable": false,"Startup Cost": 115729.57,"Total Cost": 115729.59,"Plan Rows": 1,"Plan Width": 32,"Actual Startup Time": 204.888,"Actual Total Time": 221.461,"Actual Rows": 1,"Actual Loops": 1,"Plans": [{"Node Type": "Gather","Parent Relationship": "Outer","Parallel Aware": false,"Async Capable": false,"Startup Cost": 115729.12,"Total Cost": 115729.53,"Plan Rows": 4,"Plan Width": 64,"Actual Startup Time": 203.543,"Actual Total Time": 221.416,"Actual Rows": 5,"Actual Loops": 1,"Workers Planned": 4,"Workers Launched": 4,"Single Copy": false,"Plans": [{"Node Type": "Aggregate","Strategy": "Plain","Partial Mode": "Partial","Parent Relationship": "Outer","Parallel Aware": false,"Async Capable": false,"Startup Cost": 114729.12,"Total Cost": 114729.13,"Plan Rows": 1,"Plan Width": 64,"Actual Startup Time": 195.848,"Actual Total Time": 195.864,"Actual Rows": 1,"Actual Loops": 5,"Workers": [],"Plans": [{"Node Type": "Hash Join","Parent Relationship": "Outer","Parallel Aware": true,"Async Capable": false,"Join Type": "Inner","Startup Cost": 7927.48,"Total Cost": 114396.59,"Plan Rows": 19001,"Plan Width": 33,"Actual Startup Time": 68.169,"Actual Total Time": 189.649,"Actual Rows": 15436,"Actual Loops": 5,"Inner Unique": true,"Hash Cond": "(lineitem.l_partkey = part.p_partkey)","Workers": [],"Plans": [{"Node Type": "Bitmap Heap Scan","Parent Relationship": "Outer","Parallel Aware": true,"Async Capable": false,"Relation Name": "lineitem","Alias": "lineitem","Startup Cost": 1955.48,"Total Cost": 108374.72,"Plan Rows": 19001,"Plan Width": 16,"Actual Startup Time": 32.679,"Actual Total Time": 124.661,"Actual Rows": 15436,"Actual Loops": 5,"Recheck Cond": "((l_shipdate >= '1996-03-01'::date) AND (l_shipdate < '1996-04-01 00:00:00'::timestamp without time zone))","Rows Removed by Index Recheck": 0,"Exact Heap Blocks": 7444,"Lossy Heap Blocks": 0,"Workers": [],"Plans": [{"Node Type": "Bitmap Index Scan","Parent Relationship": "Outer","Parallel Aware": false,"Async Capable": false,"Index Name": "idx_lineitem_shipdate","Startup Cost": 0.00,"Total Cost": 1936.48,"Plan Rows": 76005,"Plan Width": 0,"Actual Startup Time": 26.050,"Actual Total Time": 26.055,"Actual Rows": 77182,"Actual Loops": 1,"Index Cond": "((l_shipdate >= '1996-03-01'::date) AND (l_shipdate < '1996-04-01 00:00:00'::timestamp without time zone))","Workers": []}]},{"Node Type": "Hash","Parent Relationship": "Inner","Parallel Aware": true,"Async Capable": false,"Startup Cost": 4930.33,"Total Cost": 4930.33,"Plan Rows": 83333,"Plan Width": 25,"Actual Startup Time": 34.792,"Actual Total Time": 34.798,"Actual Rows": 40000,"Actual Loops": 5,"Hash Buckets": 262144,"Original Hash Buckets": 262144,"Hash Batches": 1,"Original Hash Batches": 1,"Peak Memory Usage": 14240,"Workers": [],"Plans": [{"Node Type": "Seq Scan","Parent Relationship": "Outer","Parallel Aware": true,"Async Capable": false,"Relation Name": "part","Alias": "part","Startup Cost": 0.00,"Total Cost": 4930.33,"Plan Rows": 83333,"Plan Width": 25,"Actual Startup Time": 0.032,"Actual Total Time": 15.195,"Actual Rows": 40000,"Actual Loops": 5,"Workers": []}]}]}]}]}]},"Planning Time": 5.059,"Triggers": [],"Execution Time": 221.816}]
[{"Plan": {"Node Type": "Aggregate","Strategy": "Plain","Partial Mode": "Finalize","Parallel Aware": false,"Async Capable": false,"Startup Cost": 113868.95,"Total Cost": 113868.96,"Plan Rows": 1,"Plan Width": 32,"Actual Startup Time": 192.024,"Actual Total Time": 209.364,"Actual Rows": 1,"Actual Loops": 1,"Plans": [{"Node Type": "Gather","Parent Relationship": "Outer","Parallel Aware": false,"Async Capable": false,"Startup Cost": 113868.49,"Total Cost": 113868.90,"Plan Rows": 4,"Plan Width": 64,"Actual Startup Time": 190.470,"Actual Total Time": 209.317,"Actual Rows": 5,"Actual Loops": 1,"Workers Planned": 4,"Workers Launched": 4,"Single Copy": false,"Plans": [{"Node Type": "Aggregate","Strategy": "Plain","Partial Mode": "Partial","Parent Relationship": "Outer","Parallel Aware": false,"Async Capable": false,"Startup Cost": 112868.49,"Total Cost": 112868.50,"Plan Rows": 1,"Plan Width": 64,"Actual Startup Time": 182.800,"Actual Total Time": 182.811,"Actual Rows": 1,"Actual Loops": 5,"Workers": [],"Plans": [{"Node Type": "Hash Join","Parent Relationship": "Outer","Parallel Aware": true,"Async Capable": false,"Join Type": "Inner","Startup Cost": 7829.76,"Total Cost": 112552.07,"Plan Rows": 18081,"Plan Width": 33,"Actual Startup Time": 58.101,"Actual Total Time": 176.684,"Actual Rows": 14907,"Actual Loops": 5,"Inner Unique": true,"Hash Cond": "(lineitem.l_partkey = part.p_partkey)","Workers": [],"Plans": [{"Node Type": "Bitmap Heap Scan","Parent Relationship": "Outer","Parallel Aware": true,"Async Capable": false,"Relation Name": "lineitem","Alias": "lineitem","Startup Cost": 1857.76,"Total Cost": 106532.61,"Plan Rows": 18081,"Plan Width": 16,"Actual Startup Time": 21.453,"Actual Total Time": 110.287,"Actual Rows": 14907,"Actual Loops": 5,"Recheck Cond": "((l_shipdate >= '1997-04-01'::date) AND (l_shipdate < '1997-05-01 00:00:00'::timestamp without time zone))","Rows Removed by Index Recheck": 0,"Exact Heap Blocks": 7370,"Lossy Heap Blocks": 0,"Workers": [],"Plans": [{"Node Type": "Bitmap Index Scan","Parent Relationship": "Outer","Parallel Aware": false,"Async Capable": false,"Index Name": "idx_lineitem_shipdate","Startup Cost": 0.00,"Total Cost": 1839.68,"Plan Rows": 72325,"Plan Width": 0,"Actual Startup Time": 15.340,"Actual Total Time": 15.341,"Actual Rows": 74537,"Actual Loops": 1,"Index Cond": "((l_shipdate >= '1997-04-01'::date) AND (l_shipdate < '1997-05-01 00:00:00'::timestamp without time zone))","Workers": []}]},{"Node Type": "Hash","Parent Relationship": "Inner","Parallel Aware": true,"Async Capable": false,"Startup Cost": 4930.33,"Total Cost": 4930.33,"Plan Rows": 83333,"Plan Width": 25,"Actual Startup Time": 35.881,"Actual Total Time": 35.885,"Actual Rows": 40000,"Actual Loops": 5,"Hash Buckets": 262144,"Original Hash Buckets": 262144,"Hash Batches": 1,"Original Hash Batches": 1,"Peak Memory Usage": 14176,"Workers": [],"Plans": [{"Node Type": "Seq Scan","Parent Relationship": "Outer","Parallel Aware": true,"Async Capable": false,"Relation Name": "part","Alias": "part","Startup Cost": 0.00,"Total Cost": 4930.33,"Plan Rows": 83333,"Plan Width": 25,"Actual Startup Time": 0.029,"Actual Total Time": 16.944,"Actual Rows": 40000,"Actual Loops": 5,"Workers": []}]}]}]}]}]},"Planning Time": 5.167,"Triggers": [],"Execution Time": 209.657}]
[{"Plan": {"Node Type": "Aggregate","Strategy": "Plain","Partial Mode": "Finalize","Parallel Aware": false,"Async Capable": false,"Startup Cost": 116279.97,"Total Cost": 116279.99,"Plan Rows": 1,"Plan Width": 32,"Actual Startup Time": 194.269,"Actual Total Time": 212.337,"Actual Rows": 1,"Actual Loops": 1,"Plans": [{"Node Type": "Gather","Parent Relationship": "Outer","Parallel Aware": false,"Async Capable": false,"Startup Cost": 116279.52,"Total Cost": 116279.93,"Plan Rows": 4,"Plan Width": 64,"Actual Startup Time": 192.534,"Actual Total Time": 212.291,"Actual Rows": 5,"Actual Loops": 1,"Workers Planned": 4,"Workers Launched": 4,"Single Copy": false,"Plans": [{"Node Type": "Aggregate","Strategy": "Plain","Partial Mode": "Partial","Parent Relationship": "Outer","Parallel Aware": false,"Async Capable": false,"Startup Cost": 115279.52,"Total Cost": 115279.53,"Plan Rows": 1,"Plan Width": 64,"Actual Startup Time": 184.639,"Actual Total Time": 184.649,"Actual Rows": 1,"Actual Loops": 5,"Workers": [],"Plans": [{"Node Type": "Hash Join","Parent Relationship": "Outer","Parallel Aware": true,"Async Capable": false,"Join Type": "Inner","Startup Cost": 7955.37,"Total Cost": 114941.92,"Plan Rows": 19291,"Plan Width": 33,"Actual Startup Time": 62.932,"Actual Total Time": 178.412,"Actual Rows": 15344,"Actual Loops": 5,"Inner Unique": true,"Hash Cond": "(lineitem.l_partkey = part.p_partkey)","Workers": [],"Plans": [{"Node Type": "Bitmap Heap Scan","Parent Relationship": "Outer","Parallel Aware": true,"Async Capable": false,"Relation Name": "lineitem","Alias": "lineitem","Startup Cost": 1983.37,"Total Cost": 108919.29,"Plan Rows": 19291,"Plan Width": 16,"Actual Startup Time": 23.473,"Actual Total Time": 106.485,"Actual Rows": 15344,"Actual Loops": 5,"Recheck Cond": "((l_shipdate >= '1994-10-01'::date) AND (l_shipdate < '1994-11-01 00:00:00'::timestamp without time zone))","Rows Removed by Index Recheck": 0,"Exact Heap Blocks": 7724,"Lossy Heap Blocks": 0,"Workers": [],"Plans": [{"Node Type": "Bitmap Index Scan","Parent Relationship": "Outer","Parallel Aware": false,"Async Capable": false,"Index Name": "idx_lineitem_shipdate","Startup Cost": 0.00,"Total Cost": 1964.08,"Plan Rows": 77165,"Plan Width": 0,"Actual Startup Time": 16.986,"Actual Total Time": 16.988,"Actual Rows": 76718,"Actual Loops": 1,"Index Cond": "((l_shipdate >= '1994-10-01'::date) AND (l_shipdate < '1994-11-01 00:00:00'::timestamp without time zone))","Workers": []}]},{"Node Type": "Hash","Parent Relationship": "Inner","Parallel Aware": true,"Async Capable": false,"Startup Cost": 4930.33,"Total Cost": 4930.33,"Plan Rows": 83333,"Plan Width": 25,"Actual Startup Time": 38.523,"Actual Total Time": 38.526,"Actual Rows": 40000,"Actual Loops": 5,"Hash Buckets": 262144,"Original Hash Buckets": 262144,"Hash Batches": 1,"Original Hash Batches": 1,"Peak Memory Usage": 14208,"Workers": [],"Plans": [{"Node Type": "Seq Scan","Parent Relationship": "Outer","Parallel Aware": true,"Async Capable": false,"Relation Name": "part","Alias": "part","Startup Cost": 0.00,"Total Cost": 4930.33,"Plan Rows": 83333,"Plan Width": 25,"Actual Startup Time": 0.032,"Actual Total Time": 16.553,"Actual Rows": 40000,"Actual Loops": 5,"Workers": []}]}]}]}]}]},"Planning Time": 4.283,"Triggers": [],"Execution Time": 212.630}]
[{"Plan": {"Node Type": "Aggregate","Strategy": "Plain","Partial Mode": "Finalize","Parallel Aware": false,"Async Capable": false,"Startup Cost": 115924.34,"Total Cost": 115924.35,"Plan Rows": 1,"Plan Width": 32,"Actual Startup Time": 196.667,"Actual Total Time": 211.996,"Actual Rows": 1,"Actual Loops": 1,"Plans": [{"Node Type": "Gather","Parent Relationship": "Outer","Parallel Aware": false,"Async Capable": false,"Startup Cost": 115923.88,"Total Cost": 115924.29,"Plan Rows": 4,"Plan Width": 64,"Actual Startup Time": 195.153,"Actual Total Time": 211.955,"Actual Rows": 5,"Actual Loops": 1,"Workers Planned": 4,"Workers Launched": 4,"Single Copy": false,"Plans": [{"Node Type": "Aggregate","Strategy": "Plain","Partial Mode": "Partial","Parent Relationship": "Outer","Parallel Aware": false,"Async Capable": false,"Startup Cost": 114923.88,"Total Cost": 114923.89,"Plan Rows": 1,"Plan Width": 64,"Actual Startup Time": 187.608,"Actual Total Time": 187.617,"Actual Rows": 1,"Actual Loops": 5,"Workers": [],"Plans": [{"Node Type": "Hash Join","Parent Relationship": "Outer","Parallel Aware": true,"Async Capable": false,"Join Type": "Inner","Startup Cost": 7935.68,"Total Cost": 114589.56,"Plan Rows": 19104,"Plan Width": 33,"Actual Startup Time": 65.479,"Actual Total Time": 181.616,"Actual Rows": 15453,"Actual Loops": 5,"Inner Unique": true,"Hash Cond": "(lineitem.l_partkey = part.p_partkey)","Workers": [],"Plans": [{"Node Type": "Bitmap Heap Scan","Parent Relationship": "Outer","Parallel Aware": true,"Async Capable": false,"Relation Name": "lineitem","Alias": "lineitem","Startup Cost": 1963.69,"Total Cost": 108567.41,"Plan Rows": 19104,"Plan Width": 16,"Actual Startup Time": 23.321,"Actual Total Time": 108.651,"Actual Rows": 15453,"Actual Loops": 5,"Recheck Cond": "((l_shipdate >= '1997-12-01'::date) AND (l_shipdate < '1998-01-01 00:00:00'::timestamp without time zone))","Rows Removed by Index Recheck": 0,"Exact Heap Blocks": 8205,"Lossy Heap Blocks": 0,"Workers": [],"Plans": [{"Node Type": "Bitmap Index Scan","Parent Relationship": "Outer","Parallel Aware": false,"Async Capable": false,"Index Name": "idx_lineitem_shipdate","Startup Cost": 0.00,"Total Cost": 1944.58,"Plan Rows": 76415,"Plan Width": 0,"Actual Startup Time": 16.871,"Actual Total Time": 16.872,"Actual Rows": 77267,"Actual Loops": 1,"Index Cond": "((l_shipdate >= '1997-12-01'::date) AND (l_shipdate < '1998-01-01 00:00:00'::timestamp without time zone))","Workers": []}]},{"Node Type": "Hash","Parent Relationship": "Inner","Parallel Aware": true,"Async Capable": false,"Startup Cost": 4930.33,"Total Cost": 4930.33,"Plan Rows": 83333,"Plan Width": 25,"Actual Startup Time": 41.357,"Actual Total Time": 41.359,"Actual Rows": 40000,"Actual Loops": 5,"Hash Buckets": 262144,"Original Hash Buckets": 262144,"Hash Batches": 1,"Original Hash Batches": 1,"Peak Memory Usage": 14208,"Workers": [],"Plans": [{"Node Type": "Seq Scan","Parent Relationship": "Outer","Parallel Aware": true,"Async Capable": false,"Relation Name": "part","Alias": "part","Startup Cost": 0.00,"Total Cost": 4930.33,"Plan Rows": 83333,"Plan Width": 25,"Actual Startup Time": 0.037,"Actual Total Time": 17.718,"Actual Rows": 40000,"Actual Loops": 5,"Workers": []}]}]}]}]}]},"Planning Time": 3.901,"Triggers": [],"Execution Time": 212.224}]
[{"Plan": {"Node Type": "Aggregate","Strategy": "Plain","Partial Mode": "Finalize","Parallel Aware": false,"Async Capable": false,"Startup Cost": 113256.41,"Total Cost": 113256.42,"Plan Rows": 1,"Plan Width": 32,"Actual Startup Time": 215.093,"Actual Total Time": 231.718,"Actual Rows": 1,"Actual Loops": 1,"Plans": [{"Node Type": "Gather","Parent Relationship": "Outer","Parallel Aware": false,"Async Capable": false,"Startup Cost": 113255.95,"Total Cost": 113256.36,"Plan Rows": 4,"Plan Width": 64,"Actual Startup Time": 213.734,"Actual Total Time": 231.683,"Actual Rows": 5,"Actual Loops": 1,"Workers Planned": 4,"Workers Launched": 4,"Single Copy": false,"Plans": [{"Node Type": "Aggregate","Strategy": "Plain","Partial Mode": "Partial","Parent Relationship": "Outer","Parallel Aware": false,"Async Capable": false,"Startup Cost": 112255.95,"Total Cost": 112255.96,"Plan Rows": 1,"Plan Width": 64,"Actual Startup Time": 205.981,"Actual Total Time": 205.993,"Actual Rows": 1,"Actual Loops": 5,"Workers": [],"Plans": [{"Node Type": "Hash Join","Parent Relationship": "Outer","Parallel Aware": true,"Async Capable": false,"Join Type": "Inner","Startup Cost": 7801.99,"Total Cost": 111944.55,"Plan Rows": 17794,"Plan Width": 33,"Actual Startup Time": 72.104,"Actual Total Time": 199.882,"Actual Rows": 14977,"Actual Loops": 5,"Inner Unique": true,"Hash Cond": "(lineitem.l_partkey = part.p_partkey)","Workers": [],"Plans": [{"Node Type": "Bitmap Heap Scan","Parent Relationship": "Outer","Parallel Aware": true,"Async Capable": false,"Relation Name": "lineitem","Alias": "lineitem","Startup Cost": 1830.00,"Total Cost": 105925.85,"Plan Rows": 17794,"Plan Width": 16,"Actual Startup Time": 33.299,"Actual Total Time": 129.846,"Actual Rows": 14977,"Actual Loops": 5,"Recheck Cond": "((l_shipdate >= '1996-06-01'::date) AND (l_shipdate < '1996-07-01 00:00:00'::timestamp without time zone))","Rows Removed by Index Recheck": 0,"Exact Heap Blocks": 7268,"Lossy Heap Blocks": 0,"Workers": [],"Plans": [{"Node Type": "Bitmap Index Scan","Parent Relationship": "Outer","Parallel Aware": false,"Async Capable": false,"Index Name": "idx_lineitem_shipdate","Startup Cost": 0.00,"Total Cost": 1812.20,"Plan Rows": 71177,"Plan Width": 0,"Actual Startup Time": 26.686,"Actual Total Time": 26.689,"Actual Rows": 74883,"Actual Loops": 1,"Index Cond": "((l_shipdate >= '1996-06-01'::date) AND (l_shipdate < '1996-07-01 00:00:00'::timestamp without time zone))","Workers": []}]},{"Node Type": "Hash","Parent Relationship": "Inner","Parallel Aware": true,"Async Capable": false,"Startup Cost": 4930.33,"Total Cost": 4930.33,"Plan Rows": 83333,"Plan Width": 25,"Actual Startup Time": 38.000,"Actual Total Time": 38.003,"Actual Rows": 40000,"Actual Loops": 5,"Hash Buckets": 262144,"Original Hash Buckets": 262144,"Hash Batches": 1,"Original Hash Batches": 1,"Peak Memory Usage": 14240,"Workers": [],"Plans": [{"Node Type": "Seq Scan","Parent Relationship": "Outer","Parallel Aware": true,"Async Capable": false,"Relation Name": "part","Alias": "part","Startup Cost": 0.00,"Total Cost": 4930.33,"Plan Rows": 83333,"Plan Width": 25,"Actual Startup Time": 0.037,"Actual Total Time": 16.423,"Actual Rows": 40000,"Actual Loops": 5,"Workers": []}]}]}]}]}]},"Planning Time": 4.461,"Triggers": [],"Execution Time": 232.060}]
[{"Plan": {"Node Type": "Aggregate","Strategy": "Plain","Partial Mode": "Finalize","Parallel Aware": false,"Async Capable": false,"Startup Cost": 115034.55,"Total Cost": 115034.56,"Plan Rows": 1,"Plan Width": 32,"Actual Startup Time": 211.171,"Actual Total Time": 229.828,"Actual Rows": 1,"Actual Loops": 1,"Plans": [{"Node Type": "Gather","Parent Relationship": "Outer","Parallel Aware": false,"Async Capable": false,"Startup Cost": 115034.09,"Total Cost": 115034.50,"Plan Rows": 4,"Plan Width": 64,"Actual Startup Time": 209.630,"Actual Total Time": 229.791,"Actual Rows": 5,"Actual Loops": 1,"Workers Planned": 4,"Workers Launched": 4,"Single Copy": false,"Plans": [{"Node Type": "Aggregate","Strategy": "Plain","Partial Mode": "Partial","Parent Relationship": "Outer","Parallel Aware": false,"Async Capable": false,"Startup Cost": 114034.09,"Total Cost": 114034.10,"Plan Rows": 1,"Plan Width": 64,"Actual Startup Time": 202.318,"Actual Total Time": 202.325,"Actual Rows": 1,"Actual Loops": 5,"Workers": [],"Plans": [{"Node Type": "Hash Join","Parent Relationship": "Outer","Parallel Aware": true,"Async Capable": false,"Join Type": "Inner","Startup Cost": 7889.01,"Total Cost": 113707.75,"Plan Rows": 18648,"Plan Width": 33,"Actual Startup Time": 73.099,"Actual Total Time": 196.221,"Actual Rows": 15467,"Actual Loops": 5,"Inner Unique": true,"Hash Cond": "(lineitem.l_partkey = part.p_partkey)","Workers": [],"Plans": [{"Node Type": "Bitmap Heap Scan","Parent Relationship": "Outer","Parallel Aware": true,"Async Capable": false,"Relation Name": "lineitem","Alias": "lineitem","Startup Cost": 1917.01,"Total Cost": 107686.80,"Plan Rows": 18648,"Plan Width": 16,"Actual Startup Time": 32.721,"Actual Total Time": 124.933,"Actual Rows": 15467,"Actual Loops": 5,"Recheck Cond": "((l_shipdate >= '1996-08-01'::date) AND (l_shipdate < '1996-09-01 00:00:00'::timestamp without time zone))","Rows Removed by Index Recheck": 0,"Exact Heap Blocks": 8255,"Lossy Heap Blocks": 0,"Workers": [],"Plans": [{"Node Type": "Bitmap Index Scan","Parent Relationship": "Outer","Parallel Aware": false,"Async Capable": false,"Index Name": "idx_lineitem_shipdate","Startup Cost": 0.00,"Total Cost": 1898.36,"Plan Rows": 74593,"Plan Width": 0,"Actual Startup Time": 26.077,"Actual Total Time": 26.080,"Actual Rows": 77336,"Actual Loops": 1,"Index Cond": "((l_shipdate >= '1996-08-01'::date) AND (l_shipdate < '1996-09-01 00:00:00'::timestamp without time zone))","Workers": []}]},{"Node Type": "Hash","Parent Relationship": "Inner","Parallel Aware": true,"Async Capable": false,"Startup Cost": 4930.33,"Total Cost": 4930.33,"Plan Rows": 83333,"Plan Width": 25,"Actual Startup Time": 39.626,"Actual Total Time": 39.628,"Actual Rows": 40000,"Actual Loops": 5,"Hash Buckets": 262144,"Original Hash Buckets": 262144,"Hash Batches": 1,"Original Hash Batches": 1,"Peak Memory Usage": 14240,"Workers": [],"Plans": [{"Node Type": "Seq Scan","Parent Relationship": "Outer","Parallel Aware": true,"Async Capable": false,"Relation Name": "part","Alias": "part","Startup Cost": 0.00,"Total Cost": 4930.33,"Plan Rows": 83333,"Plan Width": 25,"Actual Startup Time": 0.029,"Actual Total Time": 17.199,"Actual Rows": 40000,"Actual Loops": 5,"Workers": []}]}]}]}]}]},"Planning Time": 4.716,"Triggers": [],"Execution Time": 230.134}]
[{"Plan": {"Node Type": "Aggregate","Strategy": "Plain","Partial Mode": "Finalize","Parallel Aware": false,"Async Capable": false,"Startup Cost": 112298.08,"Total Cost": 112298.10,"Plan Rows": 1,"Plan Width": 32,"Actual Startup Time": 191.070,"Actual Total Time": 208.503,"Actual Rows": 1,"Actual Loops": 1,"Plans": [{"Node Type": "Gather","Parent Relationship": "Outer","Parallel Aware": false,"Async Capable": false,"Startup Cost": 112297.63,"Total Cost": 112298.04,"Plan Rows": 4,"Plan Width": 64,"Actual Startup Time": 190.184,"Actual Total Time": 208.450,"Actual Rows": 5,"Actual Loops": 1,"Workers Planned": 4,"Workers Launched": 4,"Single Copy": false,"Plans": [{"Node Type": "Aggregate","Strategy": "Plain","Partial Mode": "Partial","Parent Relationship": "Outer","Parallel Aware": false,"Async Capable": false,"Startup Cost": 111297.63,"Total Cost": 111297.64,"Plan Rows": 1,"Plan Width": 64,"Actual Startup Time": 182.728,"Actual Total Time": 182.742,"Actual Rows": 1,"Actual Loops": 5,"Workers": [],"Plans": [{"Node Type": "Hash Join","Parent Relationship": "Outer","Parallel Aware": true,"Async Capable": false,"Join Type": "Inner","Startup Cost": 7756.28,"Total Cost": 110993.79,"Plan Rows": 17362,"Plan Width": 33,"Actual Startup Time": 66.345,"Actual Total Time": 176.801,"Actual Rows": 15010,"Actual Loops": 5,"Inner Unique": true,"Hash Cond": "(lineitem.l_partkey = part.p_partkey)","Workers": [],"Plans": [{"Node Type": "Bitmap Heap Scan","Parent Relationship": "Outer","Parallel Aware": true,"Async Capable": false,"Relation Name": "lineitem","Alias": "lineitem","Startup Cost": 1784.28,"Total Cost": 104976.22,"Plan Rows": 17362,"Plan Width": 16,"Actual Startup Time": 32.103,"Actual Total Time": 119.300,"Actual Rows": 15010,"Actual Loops": 5,"Recheck Cond": "((l_shipdate >= '1995-11-01'::date) AND (l_shipdate < '1995-12-01 00:00:00'::timestamp without time zone))","Rows Removed by Index Recheck": 0,"Exact Heap Blocks": 8065,"Lossy Heap Blocks": 0,"Workers": [],"Plans": [{"Node Type": "Bitmap Index Scan","Parent Relationship": "Outer","Parallel Aware": false,"Async Capable": false,"Index Name": "idx_lineitem_shipdate","Startup Cost": 0.00,"Total Cost": 1766.92,"Plan Rows": 69449,"Plan Width": 0,"Actual Startup Time": 25.535,"Actual Total Time": 25.540,"Actual Rows": 75052,"Actual Loops": 1,"Index Cond": "((l_shipdate >= '1995-11-01'::date) AND (l_shipdate < '1995-12-01 00:00:00'::timestamp without time zone))","Workers": []}]},{"Node Type": "Hash","Parent Relationship": "Inner","Parallel Aware": true,"Async Capable": false,"Startup Cost": 4930.33,"Total Cost": 4930.33,"Plan Rows": 83333,"Plan Width": 25,"Actual Startup Time": 33.591,"Actual Total Time": 33.596,"Actual Rows": 40000,"Actual Loops": 5,"Hash Buckets": 262144,"Original Hash Buckets": 262144,"Hash Batches": 1,"Original Hash Batches": 1,"Peak Memory Usage": 14176,"Workers": [],"Plans": [{"Node Type": "Seq Scan","Parent Relationship": "Outer","Parallel Aware": true,"Async Capable": false,"Relation Name": "part","Alias": "part","Startup Cost": 0.00,"Total Cost": 4930.33,"Plan Rows": 83333,"Plan Width": 25,"Actual Startup Time": 0.028,"Actual Total Time": 14.589,"Actual Rows": 40000,"Actual Loops": 5,"Workers": []}]}]}]}]}]},"Planning Time": 4.131,"Triggers": [],"Execution Time": 208.779}]
[{"Plan": {"Node Type": "Aggregate","Strategy": "Plain","Partial Mode": "Finalize","Parallel Aware": false,"Async Capable": false,"Startup Cost": 116739.50,"Total Cost": 116739.52,"Plan Rows": 1,"Plan Width": 32,"Actual Startup Time": 206.757,"Actual Total Time": 221.834,"Actual Rows": 1,"Actual Loops": 1,"Plans": [{"Node Type": "Gather","Parent Relationship": "Outer","Parallel Aware": false,"Async Capable": false,"Startup Cost": 116739.05,"Total Cost": 116739.46,"Plan Rows": 4,"Plan Width": 64,"Actual Startup Time": 205.325,"Actual Total Time": 221.800,"Actual Rows": 5,"Actual Loops": 1,"Workers Planned": 4,"Workers Launched": 4,"Single Copy": false,"Plans": [{"Node Type": "Aggregate","Strategy": "Plain","Partial Mode": "Partial","Parent Relationship": "Outer","Parallel Aware": false,"Async Capable": false,"Startup Cost": 115739.05,"Total Cost": 115739.06,"Plan Rows": 1,"Plan Width": 64,"Actual Startup Time": 197.703,"Actual Total Time": 197.711,"Actual Rows": 1,"Actual Loops": 5,"Workers": [],"Plans": [{"Node Type": "Hash Join","Parent Relationship": "Outer","Parallel Aware": true,"Async Capable": false,"Join Type": "Inner","Startup Cost": 7981.52,"Total Cost": 115397.11,"Plan Rows": 19539,"Plan Width": 33,"Actual Startup Time": 72.726,"Actual Total Time": 192.051,"Actual Rows": 13912,"Actual Loops": 5,"Inner Unique": true,"Hash Cond": "(lineitem.l_partkey = part.p_partkey)","Workers": [],"Plans": [{"Node Type": "Bitmap Heap Scan","Parent Relationship": "Outer","Parallel Aware": true,"Async Capable": false,"Relation Name": "lineitem","Alias": "lineitem","Startup Cost": 2009.52,"Total Cost": 109373.83,"Plan Rows": 19539,"Plan Width": 16,"Actual Startup Time": 32.073,"Actual Total Time": 122.872,"Actual Rows": 13912,"Actual Loops": 5,"Recheck Cond": "((l_shipdate >= '1994-02-01'::date) AND (l_shipdate < '1994-03-01 00:00:00'::timestamp without time zone))","Rows Removed by Index Recheck": 0,"Exact Heap Blocks": 7943,"Lossy Heap Blocks": 0,"Workers": [],"Plans": [{"Node Type": "Bitmap Index Scan","Parent Relationship": "Outer","Parallel Aware": false,"Async Capable": false,"Index Name": "idx_lineitem_shipdate","Startup Cost": 0.00,"Total Cost": 1989.98,"Plan Rows": 78155,"Plan Width": 0,"Actual Startup Time": 25.713,"Actual Total Time": 25.716,"Actual Rows": 69561,"Actual Loops": 1,"Index Cond": "((l_shipdate >= '1994-02-01'::date) AND (l_shipdate < '1994-03-01 00:00:00'::timestamp without time zone))","Workers": []}]},{"Node Type": "Hash","Parent Relationship": "Inner","Parallel Aware": true,"Async Capable": false,"Startup Cost": 4930.33,"Total Cost": 4930.33,"Plan Rows": 83333,"Plan Width": 25,"Actual Startup Time": 39.838,"Actual Total Time": 39.841,"Actual Rows": 40000,"Actual Loops": 5,"Hash Buckets": 262144,"Original Hash Buckets": 262144,"Hash Batches": 1,"Original Hash Batches": 1,"Peak Memory Usage": 14208,"Workers": [],"Plans": [{"Node Type": "Seq Scan","Parent Relationship": "Outer","Parallel Aware": true,"Async Capable": false,"Relation Name": "part","Alias": "part","Startup Cost": 0.00,"Total Cost": 4930.33,"Plan Rows": 83333,"Plan Width": 25,"Actual Startup Time": 0.036,"Actual Total Time": 16.923,"Actual Rows": 40000,"Actual Loops": 5,"Workers": []}]}]}]}]}]},"Planning Time": 4.192,"Triggers": [],"Execution Time": 222.123}]
[{"Plan": {"Node Type": "Aggregate","Strategy": "Plain","Partial Mode": "Finalize","Parallel Aware": false,"Async Capable": false,"Startup Cost": 113859.14,"Total Cost": 113859.15,"Plan Rows": 1,"Plan Width": 32,"Actual Startup Time": 183.004,"Actual Total Time": 200.909,"Actual Rows": 1,"Actual Loops": 1,"Plans": [{"Node Type": "Gather","Parent Relationship": "Outer","Parallel Aware": false,"Async Capable": false,"Startup Cost": 113858.68,"Total Cost": 113859.09,"Plan Rows": 4,"Plan Width": 64,"Actual Startup Time": 181.448,"Actual Total Time": 200.864,"Actual Rows": 5,"Actual Loops": 1,"Workers Planned": 4,"Workers Launched": 4,"Single Copy": false,"Plans": [{"Node Type": "Aggregate","Strategy": "Plain","Partial Mode": "Partial","Parent Relationship": "Outer","Parallel Aware": false,"Async Capable": false,"Startup Cost": 112858.68,"Total Cost": 112858.69,"Plan Rows": 1,"Plan Width": 64,"Actual Startup Time": 173.739,"Actual Total Time": 173.753,"Actual Rows": 1,"Actual Loops": 5,"Workers": [],"Plans": [{"Node Type": "Hash Join","Parent Relationship": "Outer","Parallel Aware": true,"Async Capable": false,"Join Type": "Inner","Startup Cost": 7829.57,"Total Cost": 112542.33,"Plan Rows": 18077,"Plan Width": 33,"Actual Startup Time": 58.239,"Actual Total Time": 167.706,"Actual Rows": 15488,"Actual Loops": 5,"Inner Unique": true,"Hash Cond": "(lineitem.l_partkey = part.p_partkey)","Workers": [],"Plans": [{"Node Type": "Bitmap Heap Scan","Parent Relationship": "Outer","Parallel Aware": true,"Async Capable": false,"Relation Name": "lineitem","Alias": "lineitem","Startup Cost": 1857.58,"Total Cost": 106522.88,"Plan Rows": 18077,"Plan Width": 16,"Actual Startup Time": 22.396,"Actual Total Time": 105.318,"Actual Rows": 15488,"Actual Loops": 5,"Recheck Cond": "((l_shipdate >= '1997-05-01'::date) AND (l_shipdate < '1997-06-01 00:00:00'::timestamp without time zone))","Rows Removed by Index Recheck": 0,"Exact Heap Blocks": 7623,"Lossy Heap Blocks": 0,"Workers": [],"Plans": [{"Node Type": "Bitmap Index Scan","Parent Relationship": "Outer","Parallel Aware": false,"Async Capable": false,"Index Name": "idx_lineitem_shipdate","Startup Cost": 0.00,"Total Cost": 1839.50,"Plan Rows": 72307,"Plan Width": 0,"Actual Startup Time": 16.147,"Actual Total Time": 16.149,"Actual Rows": 77438,"Actual Loops": 1,"Index Cond": "((l_shipdate >= '1997-05-01'::date) AND (l_shipdate < '1997-06-01 00:00:00'::timestamp without time zone))","Workers": []}]},{"Node Type": "Hash","Parent Relationship": "Inner","Parallel Aware": true,"Async Capable": false,"Startup Cost": 4930.33,"Total Cost": 4930.33,"Plan Rows": 83333,"Plan Width": 25,"Actual Startup Time": 35.023,"Actual Total Time": 35.029,"Actual Rows": 40000,"Actual Loops": 5,"Hash Buckets": 262144,"Original Hash Buckets": 262144,"Hash Batches": 1,"Original Hash Batches": 1,"Peak Memory Usage": 14240,"Workers": [],"Plans": [{"Node Type": "Seq Scan","Parent Relationship": "Outer","Parallel Aware": true,"Async Capable": false,"Relation Name": "part","Alias": "part","Startup Cost": 0.00,"Total Cost": 4930.33,"Plan Rows": 83333,"Plan Width": 25,"Actual Startup Time": 0.034,"Actual Total Time": 15.067,"Actual Rows": 40000,"Actual Loops": 5,"Workers": []}]}]}]}]}]},"Planning Time": 4.177,"Triggers": [],"Execution Time": 201.222}]
[{"Plan": {"Node Type": "Aggregate","Strategy": "Plain","Partial Mode": "Finalize","Parallel Aware": false,"Async Capable": false,"Startup Cost": 113767.70,"Total Cost": 113767.71,"Plan Rows": 1,"Plan Width": 32,"Actual Startup Time": 201.354,"Actual Total Time": 217.629,"Actual Rows": 1,"Actual Loops": 1,"Plans": [{"Node Type": "Gather","Parent Relationship": "Outer","Parallel Aware": false,"Async Capable": false,"Startup Cost": 113767.24,"Total Cost": 113767.65,"Plan Rows": 4,"Plan Width": 64,"Actual Startup Time": 198.999,"Actual Total Time": 217.582,"Actual Rows": 5,"Actual Loops": 1,"Workers Planned": 4,"Workers Launched": 4,"Single Copy": false,"Plans": [{"Node Type": "Aggregate","Strategy": "Plain","Partial Mode": "Partial","Parent Relationship": "Outer","Parallel Aware": false,"Async Capable": false,"Startup Cost": 112767.24,"Total Cost": 112767.25,"Plan Rows": 1,"Plan Width": 64,"Actual Startup Time": 191.550,"Actual Total Time": 191.562,"Actual Rows": 1,"Actual Loops": 5,"Workers": [],"Plans": [{"Node Type": "Hash Join","Parent Relationship": "Outer","Parallel Aware": true,"Async Capable": false,"Join Type": "Inner","Startup Cost": 7827.74,"Total Cost": 112451.68,"Plan Rows": 18032,"Plan Width": 33,"Actual Startup Time": 62.703,"Actual Total Time": 185.698,"Actual Rows": 14327,"Actual Loops": 5,"Inner Unique": true,"Hash Cond": "(lineitem.l_partkey = part.p_partkey)","Workers": [],"Plans": [{"Node Type": "Bitmap Heap Scan","Parent Relationship": "Outer","Parallel Aware": true,"Async Capable": false,"Relation Name": "lineitem","Alias": "lineitem","Startup Cost": 1855.74,"Total Cost": 106432.35,"Plan Rows": 18032,"Plan Width": 16,"Actual Startup Time": 28.428,"Actual Total Time": 122.517,"Actual Rows": 14327,"Actual Loops": 5,"Recheck Cond": "((l_shipdate >= '1996-02-01'::date) AND (l_shipdate < '1996-03-01 00:00:00'::timestamp without time zone))","Rows Removed by Index Recheck": 0,"Exact Heap Blocks": 8588,"Lossy Heap Blocks": 0,"Workers": [],"Plans": [{"Node Type": "Bitmap Index Scan","Parent Relationship": "Outer","Parallel Aware": false,"Async Capable": false,"Index Name": "idx_lineitem_shipdate","Startup Cost": 0.00,"Total Cost": 1837.71,"Plan Rows": 72128,"Plan Width": 0,"Actual Startup Time": 22.136,"Actual Total Time": 22.138,"Actual Rows": 71636,"Actual Loops": 1,"Index Cond": "((l_shipdate >= '1996-02-01'::date) AND (l_shipdate < '1996-03-01 00:00:00'::timestamp without time zone))","Workers": []}]},{"Node Type": "Hash","Parent Relationship": "Inner","Parallel Aware": true,"Async Capable": false,"Startup Cost": 4930.33,"Total Cost": 4930.33,"Plan Rows": 83333,"Plan Width": 25,"Actual Startup Time": 33.546,"Actual Total Time": 33.549,"Actual Rows": 40000,"Actual Loops": 5,"Hash Buckets": 262144,"Original Hash Buckets": 262144,"Hash Batches": 1,"Original Hash Batches": 1,"Peak Memory Usage": 14240,"Workers": [],"Plans": [{"Node Type": "Seq Scan","Parent Relationship": "Outer","Parallel Aware": true,"Async Capable": false,"Relation Name": "part","Alias": "part","Startup Cost": 0.00,"Total Cost": 4930.33,"Plan Rows": 83333,"Plan Width": 25,"Actual Startup Time": 0.035,"Actual Total Time": 14.470,"Actual Rows": 40000,"Actual Loops": 5,"Workers": []}]}]}]}]}]},"Planning Time": 4.716,"Triggers": [],"Execution Time": 217.907}]
[{"Plan": {"Node Type": "Aggregate","Strategy": "Plain","Partial Mode": "Finalize","Parallel Aware": false,"Async Capable": false,"Startup Cost": 113379.80,"Total Cost": 113379.81,"Plan Rows": 1,"Plan Width": 32,"Actual Startup Time": 193.373,"Actual Total Time": 211.111,"Actual Rows": 1,"Actual Loops": 1,"Plans": [{"Node Type": "Gather","Parent Relationship": "Outer","Parallel Aware": false,"Async Capable": false,"Startup Cost": 113379.34,"Total Cost": 113379.75,"Plan Rows": 4,"Plan Width": 64,"Actual Startup Time": 191.833,"Actual Total Time": 211.065,"Actual Rows": 5,"Actual Loops": 1,"Workers Planned": 4,"Workers Launched": 4,"Single Copy": false,"Plans": [{"Node Type": "Aggregate","Strategy": "Plain","Partial Mode": "Partial","Parent Relationship": "Outer","Parallel Aware": false,"Async Capable": false,"Startup Cost": 112379.34,"Total Cost": 112379.35,"Plan Rows": 1,"Plan Width": 64,"Actual Startup Time": 183.778,"Actual Total Time": 183.793,"Actual Rows": 1,"Actual Loops": 5,"Workers": [],"Plans": [{"Node Type": "Hash Join","Parent Relationship": "Outer","Parallel Aware": true,"Async Capable": false,"Join Type": "Inner","Startup Cost": 7808.32,"Total Cost": 112066.95,"Plan Rows": 17851,"Plan Width": 33,"Actual Startup Time": 58.482,"Actual Total Time": 177.651,"Actual Rows": 15348,"Actual Loops": 5,"Inner Unique": true,"Hash Cond": "(lineitem.l_partkey = part.p_partkey)","Workers": [],"Plans": [{"Node Type": "Bitmap Heap Scan","Parent Relationship": "Outer","Parallel Aware": true,"Async Capable": false,"Relation Name": "lineitem","Alias": "lineitem","Startup Cost": 1836.32,"Total Cost": 106048.09,"Plan Rows": 17851,"Plan Width": 16,"Actual Startup Time": 22.236,"Actual Total Time": 110.217,"Actual Rows": 15348,"Actual Loops": 5,"Recheck Cond": "((l_shipdate >= '1994-01-01'::date) AND (l_shipdate < '1994-02-01 00:00:00'::timestamp without time zone))","Rows Removed by Index Recheck": 0,"Exact Heap Blocks": 7536,"Lossy Heap Blocks": 0,"Workers": [],"Plans": [{"Node Type": "Bitmap Index Scan","Parent Relationship": "Outer","Parallel Aware": false,"Async Capable": false,"Index Name": "idx_lineitem_shipdate","Startup Cost": 0.00,"Total Cost": 1818.47,"Plan Rows": 71404,"Plan Width": 0,"Actual Startup Time": 15.976,"Actual Total Time": 15.979,"Actual Rows": 76742,"Actual Loops": 1,"Index Cond": "((l_shipdate >= '1994-01-01'::date) AND (l_shipdate < '1994-02-01 00:00:00'::timestamp without time zone))","Workers": []}]},{"Node Type": "Hash","Parent Relationship": "Inner","Parallel Aware": true,"Async Capable": false,"Startup Cost": 4930.33,"Total Cost": 4930.33,"Plan Rows": 83333,"Plan Width": 25,"Actual Startup Time": 35.452,"Actual Total Time": 35.457,"Actual Rows": 40000,"Actual Loops": 5,"Hash Buckets": 262144,"Original Hash Buckets": 262144,"Hash Batches": 1,"Original Hash Batches": 1,"Peak Memory Usage": 14176,"Workers": [],"Plans": [{"Node Type": "Seq Scan","Parent Relationship": "Outer","Parallel Aware": true,"Async Capable": false,"Relation Name": "part","Alias": "part","Startup Cost": 0.00,"Total Cost": 4930.33,"Plan Rows": 83333,"Plan Width": 25,"Actual Startup Time": 0.041,"Actual Total Time": 16.679,"Actual Rows": 40000,"Actual Loops": 5,"Workers": []}]}]}]}]}]},"Planning Time": 5.183,"Triggers": [],"Execution Time": 211.412}]
[{"Plan": {"Node Type": "Aggregate","Strategy": "Plain","Partial Mode": "Finalize","Parallel Aware": false,"Async Capable": false,"Startup Cost": 116135.64,"Total Cost": 116135.65,"Plan Rows": 1,"Plan Width": 32,"Actual Startup Time": 195.995,"Actual Total Time": 214.059,"Actual Rows": 1,"Actual Loops": 1,"Plans": [{"Node Type": "Gather","Parent Relationship": "Outer","Parallel Aware": false,"Async Capable": false,"Startup Cost": 116135.18,"Total Cost": 116135.59,"Plan Rows": 4,"Plan Width": 64,"Actual Startup Time": 194.581,"Actual Total Time": 214.025,"Actual Rows": 5,"Actual Loops": 1,"Workers Planned": 4,"Workers Launched": 4,"Single Copy": false,"Plans": [{"Node Type": "Aggregate","Strategy": "Plain","Partial Mode": "Partial","Parent Relationship": "Outer","Parallel Aware": false,"Async Capable": false,"Startup Cost": 115135.18,"Total Cost": 115135.19,"Plan Rows": 1,"Plan Width": 64,"Actual Startup Time": 187.052,"Actual Total Time": 187.062,"Actual Rows": 1,"Actual Loops": 5,"Workers": [],"Plans": [{"Node Type": "Hash Join","Parent Relationship": "Outer","Parallel Aware": true,"Async Capable": false,"Join Type": "Inner","Startup Cost": 7948.21,"Total Cost": 114798.93,"Plan Rows": 19214,"Plan Width": 33,"Actual Startup Time": 59.823,"Actual Total Time": 180.842,"Actual Rows": 15427,"Actual Loops": 5,"Inner Unique": true,"Hash Cond": "(lineitem.l_partkey = part.p_partkey)","Workers": [],"Plans": [{"Node Type": "Bitmap Heap Scan","Parent Relationship": "Outer","Parallel Aware": true,"Async Capable": false,"Relation Name": "lineitem","Alias": "lineitem","Startup Cost": 1976.22,"Total Cost": 108776.50,"Plan Rows": 19214,"Plan Width": 16,"Actual Startup Time": 22.994,"Actual Total Time": 113.362,"Actual Rows": 15427,"Actual Loops": 5,"Recheck Cond": "((l_shipdate >= '1996-01-01'::date) AND (l_shipdate < '1996-02-01 00:00:00'::timestamp without time zone))","Rows Removed by Index Recheck": 0,"Exact Heap Blocks": 7617,"Lossy Heap Blocks": 0,"Workers": [],"Plans": [{"Node Type": "Bitmap Index Scan","Parent Relationship": "Outer","Parallel Aware": false,"Async Capable": false,"Index Name": "idx_lineitem_shipdate","Startup Cost": 0.00,"Total Cost": 1957.00,"Plan Rows": 76857,"Plan Width": 0,"Actual Startup Time": 16.699,"Actual Total Time": 16.700,"Actual Rows": 77136,"Actual Loops": 1,"Index Cond": "((l_shipdate >= '1996-01-01'::date) AND (l_shipdate < '1996-02-01 00:00:00'::timestamp without time zone))","Workers": []}]},{"Node Type": "Hash","Parent Relationship": "Inner","Parallel Aware": true,"Async Capable": false,"Startup Cost": 4930.33,"Total Cost": 4930.33,"Plan Rows": 83333,"Plan Width": 25,"Actual Startup Time": 36.068,"Actual Total Time": 36.071,"Actual Rows": 40000,"Actual Loops": 5,"Hash Buckets": 262144,"Original Hash Buckets": 262144,"Hash Batches": 1,"Original Hash Batches": 1,"Peak Memory Usage": 14208,"Workers": [],"Plans": [{"Node Type": "Seq Scan","Parent Relationship": "Outer","Parallel Aware": true,"Async Capable": false,"Relation Name": "part","Alias": "part","Startup Cost": 0.00,"Total Cost": 4930.33,"Plan Rows": 83333,"Plan Width": 25,"Actual Startup Time": 0.038,"Actual Total Time": 16.692,"Actual Rows": 40000,"Actual Loops": 5,"Workers": []}]}]}]}]}]},"Planning Time": 4.110,"Triggers": [],"Execution Time": 214.344}]
[{"Plan": {"Node Type": "Aggregate","Strategy": "Plain","Partial Mode": "Finalize","Parallel Aware": false,"Async Capable": false,"Startup Cost": 116198.09,"Total Cost": 116198.11,"Plan Rows": 1,"Plan Width": 32,"Actual Startup Time": 194.937,"Actual Total Time": 212.766,"Actual Rows": 1,"Actual Loops": 1,"Plans": [{"Node Type": "Gather","Parent Relationship": "Outer","Parallel Aware": false,"Async Capable": false,"Startup Cost": 116197.64,"Total Cost": 116198.05,"Plan Rows": 4,"Plan Width": 64,"Actual Startup Time": 193.661,"Actual Total Time": 212.719,"Actual Rows": 5,"Actual Loops": 1,"Workers Planned": 4,"Workers Launched": 4,"Single Copy": false,"Plans": [{"Node Type": "Aggregate","Strategy": "Plain","Partial Mode": "Partial","Parent Relationship": "Outer","Parallel Aware": false,"Async Capable": false,"Startup Cost": 115197.64,"Total Cost": 115197.65,"Plan Rows": 1,"Plan Width": 64,"Actual Startup Time": 186.015,"Actual Total Time": 186.028,"Actual Rows": 1,"Actual Loops": 5,"Workers": [],"Plans": [{"Node Type": "Hash Join","Parent Relationship": "Outer","Parallel Aware": true,"Async Capable": false,"Join Type": "Inner","Startup Cost": 7949.61,"Total Cost": 114860.79,"Plan Rows": 19248,"Plan Width": 33,"Actual Startup Time": 63.880,"Actual Total Time": 180.150,"Actual Rows": 15061,"Actual Loops": 5,"Inner Unique": true,"Hash Cond": "(lineitem.l_partkey = part.p_partkey)","Workers": [],"Plans": [{"Node Type": "Bitmap Heap Scan","Parent Relationship": "Outer","Parallel Aware": true,"Async Capable": false,"Relation Name": "lineitem","Alias": "lineitem","Startup Cost": 1977.61,"Total Cost": 108838.27,"Plan Rows": 19248,"Plan Width": 16,"Actual Startup Time": 23.071,"Actual Total Time": 109.166,"Actual Rows": 15061,"Actual Loops": 5,"Recheck Cond": "((l_shipdate >= '1994-09-01'::date) AND (l_shipdate < '1994-10-01 00:00:00'::timestamp without time zone))","Rows Removed by Index Recheck": 0,"Exact Heap Blocks": 7981,"Lossy Heap Blocks": 0,"Workers": [],"Plans": [{"Node Type": "Bitmap Index Scan","Parent Relationship": "Outer","Parallel Aware": false,"Async Capable": false,"Index Name": "idx_lineitem_shipdate","Startup Cost": 0.00,"Total Cost": 1958.36,"Plan Rows": 76993,"Plan Width": 0,"Actual Startup Time": 16.740,"Actual Total Time": 16.742,"Actual Rows": 75306,"Actual Loops": 1,"Index Cond": "((l_shipdate >= '1994-09-01'::date) AND (l_shipdate < '1994-10-01 00:00:00'::timestamp without time zone))","Workers": []}]},{"Node Type": "Hash","Parent Relationship": "Inner","Parallel Aware": true,"Async Capable": false,"Startup Cost": 4930.33,"Total Cost": 4930.33,"Plan Rows": 83333,"Plan Width": 25,"Actual Startup Time": 39.928,"Actual Total Time": 39.932,"Actual Rows": 40000,"Actual Loops": 5,"Hash Buckets": 262144,"Original Hash Buckets": 262144,"Hash Batches": 1,"Original Hash Batches": 1,"Peak Memory Usage": 14176,"Workers": [],"Plans": [{"Node Type": "Seq Scan","Parent Relationship": "Outer","Parallel Aware": true,"Async Capable": false,"Relation Name": "part","Alias": "part","Startup Cost": 0.00,"Total Cost": 4930.33,"Plan Rows": 83333,"Plan Width": 25,"Actual Startup Time": 0.037,"Actual Total Time": 17.389,"Actual Rows": 40000,"Actual Loops": 5,"Workers": []}]}]}]}]}]},"Planning Time": 4.062,"Triggers": [],"Execution Time": 213.027}]
[{"Plan": {"Node Type": "Aggregate","Strategy": "Plain","Partial Mode": "Finalize","Parallel Aware": false,"Async Capable": false,"Startup Cost": 111577.07,"Total Cost": 111577.08,"Plan Rows": 1,"Plan Width": 32,"Actual Startup Time": 186.301,"Actual Total Time": 202.570,"Actual Rows": 1,"Actual Loops": 1,"Plans": [{"Node Type": "Gather","Parent Relationship": "Outer","Parallel Aware": false,"Async Capable": false,"Startup Cost": 111576.61,"Total Cost": 111577.02,"Plan Rows": 4,"Plan Width": 64,"Actual Startup Time": 184.863,"Actual Total Time": 202.533,"Actual Rows": 5,"Actual Loops": 1,"Workers Planned": 4,"Workers Launched": 4,"Single Copy": false,"Plans": [{"Node Type": "Aggregate","Strategy": "Plain","Partial Mode": "Partial","Parent Relationship": "Outer","Parallel Aware": false,"Async Capable": false,"Startup Cost": 110576.61,"Total Cost": 110576.62,"Plan Rows": 1,"Plan Width": 64,"Actual Startup Time": 177.469,"Actual Total Time": 177.481,"Actual Rows": 1,"Actual Loops": 5,"Workers": [],"Plans": [{"Node Type": "Hash Join","Parent Relationship": "Outer","Parallel Aware": true,"Async Capable": false,"Join Type": "Inner","Startup Cost": 7723.43,"Total Cost": 110278.25,"Plan Rows": 17049,"Plan Width": 33,"Actual Startup Time": 61.420,"Actual Total Time": 171.970,"Actual Rows": 14049,"Actual Loops": 5,"Inner Unique": true,"Hash Cond": "(lineitem.l_partkey = part.p_partkey)","Workers": [],"Plans": [{"Node Type": "Bitmap Heap Scan","Parent Relationship": "Outer","Parallel Aware": true,"Async Capable": false,"Relation Name": "lineitem","Alias": "lineitem","Startup Cost": 1751.43,"Total Cost": 104261.50,"Plan Rows": 17049,"Plan Width": 16,"Actual Startup Time": 23.904,"Actual Total Time": 106.890,"Actual Rows": 14049,"Actual Loops": 5,"Recheck Cond": "((l_shipdate >= '1997-02-01'::date) AND (l_shipdate < '1997-03-01 00:00:00'::timestamp without time zone))","Rows Removed by Index Recheck": 0,"Exact Heap Blocks": 7418,"Lossy Heap Blocks": 0,"Workers": [],"Plans": [{"Node Type": "Bitmap Index Scan","Parent Relationship": "Outer","Parallel Aware": false,"Async Capable": false,"Index Name": "idx_lineitem_shipdate","Startup Cost": 0.00,"Total Cost": 1734.38,"Plan Rows": 68195,"Plan Width": 0,"Actual Startup Time": 17.828,"Actual Total Time": 17.830,"Actual Rows": 70245,"Actual Loops": 1,"Index Cond": "((l_shipdate >= '1997-02-01'::date) AND (l_shipdate < '1997-03-01 00:00:00'::timestamp without time zone))","Workers": []}]},{"Node Type": "Hash","Parent Relationship": "Inner","Parallel Aware": true,"Async Capable": false,"Startup Cost": 4930.33,"Total Cost": 4930.33,"Plan Rows": 83333,"Plan Width": 25,"Actual Startup Time": 36.814,"Actual Total Time": 36.818,"Actual Rows": 40000,"Actual Loops": 5,"Hash Buckets": 262144,"Original Hash Buckets": 262144,"Hash Batches": 1,"Original Hash Batches": 1,"Peak Memory Usage": 14240,"Workers": [],"Plans": [{"Node Type": "Seq Scan","Parent Relationship": "Outer","Parallel Aware": true,"Async Capable": false,"Relation Name": "part","Alias": "part","Startup Cost": 0.00,"Total Cost": 4930.33,"Plan Rows": 83333,"Plan Width": 25,"Actual Startup Time": 0.035,"Actual Total Time": 16.010,"Actual Rows": 40000,"Actual Loops": 5,"Workers": []}]}]}]}]}]},"Planning Time": 4.076,"Triggers": [],"Execution Time": 202.873}]
[{"Plan": {"Node Type": "Aggregate","Strategy": "Plain","Partial Mode": "Finalize","Parallel Aware": false,"Async Capable": false,"Startup Cost": 116135.64,"Total Cost": 116135.65,"Plan Rows": 1,"Plan Width": 32,"Actual Startup Time": 195.995,"Actual Total Time": 214.059,"Actual Rows": 1,"Actual Loops": 1,"Plans": [{"Node Type": "Gather","Parent Relationship": "Outer","Parallel Aware": false,"Async Capable": false,"Startup Cost": 116135.18,"Total Cost": 116135.59,"Plan Rows": 4,"Plan Width": 64,"Actual Startup Time": 194.581,"Actual Total Time": 214.025,"Actual Rows": 5,"Actual Loops": 1,"Workers Planned": 4,"Workers Launched": 4,"Single Copy": false,"Plans": [{"Node Type": "Aggregate","Strategy": "Plain","Partial Mode": "Partial","Parent Relationship": "Outer","Parallel Aware": false,"Async Capable": false,"Startup Cost": 115135.18,"Total Cost": 115135.19,"Plan Rows": 1,"Plan Width": 64,"Actual Startup Time": 187.052,"Actual Total Time": 187.062,"Actual Rows": 1,"Actual Loops": 5,"Workers": [],"Plans": [{"Node Type": "Hash Join","Parent Relationship": "Outer","Parallel Aware": true,"Async Capable": false,"Join Type": "Inner","Startup Cost": 7948.21,"Total Cost": 114798.93,"Plan Rows": 19214,"Plan Width": 33,"Actual Startup Time": 59.823,"Actual Total Time": 180.842,"Actual Rows": 15427,"Actual Loops": 5,"Inner Unique": true,"Hash Cond": "(lineitem.l_partkey = part.p_partkey)","Workers": [],"Plans": [{"Node Type": "Bitmap Heap Scan","Parent Relationship": "Outer","Parallel Aware": true,"Async Capable": false,"Relation Name": "lineitem","Alias": "lineitem","Startup Cost": 1976.22,"Total Cost": 108776.50,"Plan Rows": 19214,"Plan Width": 16,"Actual Startup Time": 22.994,"Actual Total Time": 113.362,"Actual Rows": 15427,"Actual Loops": 5,"Recheck Cond": "((l_shipdate >= '1996-01-01'::date) AND (l_shipdate < '1996-02-01 00:00:00'::timestamp without time zone))","Rows Removed by Index Recheck": 0,"Exact Heap Blocks": 7617,"Lossy Heap Blocks": 0,"Workers": [],"Plans": [{"Node Type": "Bitmap Index Scan","Parent Relationship": "Outer","Parallel Aware": false,"Async Capable": false,"Index Name": "idx_lineitem_shipdate","Startup Cost": 0.00,"Total Cost": 1957.00,"Plan Rows": 76857,"Plan Width": 0,"Actual Startup Time": 16.699,"Actual Total Time": 16.700,"Actual Rows": 77136,"Actual Loops": 1,"Index Cond": "((l_shipdate >= '1996-01-01'::date) AND (l_shipdate < '1996-02-01 00:00:00'::timestamp without time zone))","Workers": []}]},{"Node Type": "Hash","Parent Relationship": "Inner","Parallel Aware": true,"Async Capable": false,"Startup Cost": 4930.33,"Total Cost": 4930.33,"Plan Rows": 83333,"Plan Width": 25,"Actual Startup Time": 36.068,"Actual Total Time": 36.071,"Actual Rows": 40000,"Actual Loops": 5,"Hash Buckets": 262144,"Original Hash Buckets": 262144,"Hash Batches": 1,"Original Hash Batches": 1,"Peak Memory Usage": 14208,"Workers": [],"Plans": [{"Node Type": "Seq Scan","Parent Relationship": "Outer","Parallel Aware": true,"Async Capable": false,"Relation Name": "part","Alias": "part","Startup Cost": 0.00,"Total Cost": 4930.33,"Plan Rows": 83333,"Plan Width": 25,"Actual Startup Time": 0.038,"Actual Total Time": 16.692,"Actual Rows": 40000,"Actual Loops": 5,"Workers": []}]}]}]}]}]},"Planning Time": 4.110,"Triggers": [],"Execution Time": 214.344}]
[{"Plan": {"Node Type": "Aggregate","Strategy": "Plain","Partial Mode": "Finalize","Parallel Aware": false,"Async Capable": false,"Startup Cost": 121099.28,"Total Cost": 121099.30,"Plan Rows": 1,"Plan Width": 32,"Actual Startup Time": 214.486,"Actual Total Time": 231.702,"Actual Rows": 1,"Actual Loops": 1,"Plans": [{"Node Type": "Gather","Parent Relationship": "Outer","Parallel Aware": false,"Async Capable": false,"Startup Cost": 121098.83,"Total Cost": 121099.24,"Plan Rows": 4,"Plan Width": 64,"Actual Startup Time": 213.292,"Actual Total Time": 231.649,"Actual Rows": 5,"Actual Loops": 1,"Workers Planned": 4,"Workers Launched": 4,"Single Copy": false,"Plans": [{"Node Type": "Aggregate","Strategy": "Plain","Partial Mode": "Partial","Parent Relationship": "Outer","Parallel Aware": false,"Async Capable": false,"Startup Cost": 120098.83,"Total Cost": 120098.84,"Plan Rows": 1,"Plan Width": 64,"Actual Startup Time": 205.581,"Actual Total Time": 205.594,"Actual Rows": 1,"Actual Loops": 5,"Workers": [],"Plans": [{"Node Type": "Hash Join","Parent Relationship": "Outer","Parallel Aware": true,"Async Capable": false,"Join Type": "Inner","Startup Cost": 8260.90,"Total Cost": 119709.34,"Plan Rows": 22256,"Plan Width": 33,"Actual Startup Time": 70.841,"Actual Total Time": 199.395,"Actual Rows": 15605,"Actual Loops": 5,"Inner Unique": true,"Hash Cond": "(lineitem.l_partkey = part.p_partkey)","Workers": [],"Plans": [{"Node Type": "Bitmap Heap Scan","Parent Relationship": "Outer","Parallel Aware": true,"Async Capable": false,"Relation Name": "lineitem","Alias": "lineitem","Startup Cost": 2288.91,"Total Cost": 113678.93,"Plan Rows": 22255,"Plan Width": 16,"Actual Startup Time": 29.570,"Actual Total Time": 126.843,"Actual Rows": 15605,"Actual Loops": 5,"Recheck Cond": "((l_shipdate >= '1995-03-01'::date) AND (l_shipdate < '1995-04-01 00:00:00'::timestamp without time zone))","Rows Removed by Index Recheck": 0,"Exact Heap Blocks": 8068,"Lossy Heap Blocks": 0,"Workers": [],"Plans": [{"Node Type": "Bitmap Index Scan","Parent Relationship": "Outer","Parallel Aware": false,"Async Capable": false,"Index Name": "idx_lineitem_shipdate","Startup Cost": 0.00,"Total Cost": 2266.65,"Plan Rows": 89022,"Plan Width": 0,"Actual Startup Time": 23.014,"Actual Total Time": 23.019,"Actual Rows": 78025,"Actual Loops": 1,"Index Cond": "((l_shipdate >= '1995-03-01'::date) AND (l_shipdate < '1995-04-01 00:00:00'::timestamp without time zone))","Workers": []}]},{"Node Type": "Hash","Parent Relationship": "Inner","Parallel Aware": true,"Async Capable": false,"Startup Cost": 4930.33,"Total Cost": 4930.33,"Plan Rows": 83333,"Plan Width": 25,"Actual Startup Time": 40.550,"Actual Total Time": 40.554,"Actual Rows": 40000,"Actual Loops": 5,"Hash Buckets": 262144,"Original Hash Buckets": 262144,"Hash Batches": 1,"Original Hash Batches": 1,"Peak Memory Usage": 14176,"Workers": [],"Plans": [{"Node Type": "Seq Scan","Parent Relationship": "Outer","Parallel Aware": true,"Async Capable": false,"Relation Name": "part","Alias": "part","Startup Cost": 0.00,"Total Cost": 4930.33,"Plan Rows": 83333,"Plan Width": 25,"Actual Startup Time": 0.042,"Actual Total Time": 17.836,"Actual Rows": 40000,"Actual Loops": 5,"Workers": []}]}]}]}]}]},"Planning Time": 3.767,"Triggers": [],"Execution Time": 231.941}]
[{"Plan": {"Node Type": "Aggregate","Strategy": "Plain","Partial Mode": "Finalize","Parallel Aware": false,"Async Capable": false,"Startup Cost": 114557.15,"Total Cost": 114557.16,"Plan Rows": 1,"Plan Width": 32,"Actual Startup Time": 210.021,"Actual Total Time": 226.400,"Actual Rows": 1,"Actual Loops": 1,"Plans": [{"Node Type": "Gather","Parent Relationship": "Outer","Parallel Aware": false,"Async Capable": false,"Startup Cost": 114556.69,"Total Cost": 114557.10,"Plan Rows": 4,"Plan Width": 64,"Actual Startup Time": 208.607,"Actual Total Time": 226.360,"Actual Rows": 5,"Actual Loops": 1,"Workers Planned": 4,"Workers Launched": 4,"Single Copy": false,"Plans": [{"Node Type": "Aggregate","Strategy": "Plain","Partial Mode": "Partial","Parent Relationship": "Outer","Parallel Aware": false,"Async Capable": false,"Startup Cost": 113556.69,"Total Cost": 113556.70,"Plan Rows": 1,"Plan Width": 64,"Actual Startup Time": 201.168,"Actual Total Time": 201.175,"Actual Rows": 1,"Actual Loops": 5,"Workers": [],"Plans": [{"Node Type": "Hash Join","Parent Relationship": "Outer","Parallel Aware": true,"Async Capable": false,"Join Type": "Inner","Startup Cost": 7863.36,"Total Cost": 113234.46,"Plan Rows": 18413,"Plan Width": 33,"Actual Startup Time": 63.364,"Actual Total Time": 194.944,"Actual Rows": 15564,"Actual Loops": 5,"Inner Unique": true,"Hash Cond": "(lineitem.l_partkey = part.p_partkey)","Workers": [],"Plans": [{"Node Type": "Bitmap Heap Scan","Parent Relationship": "Outer","Parallel Aware": true,"Async Capable": false,"Relation Name": "lineitem","Alias": "lineitem","Startup Cost": 1891.37,"Total Cost": 107214.13,"Plan Rows": 18413,"Plan Width": 16,"Actual Startup Time": 29.634,"Actual Total Time": 131.757,"Actual Rows": 15564,"Actual Loops": 5,"Recheck Cond": "((l_shipdate >= '1994-03-01'::date) AND (l_shipdate < '1994-04-01 00:00:00'::timestamp without time zone))","Rows Removed by Index Recheck": 0,"Exact Heap Blocks": 8610,"Lossy Heap Blocks": 0,"Workers": [],"Plans": [{"Node Type": "Bitmap Index Scan","Parent Relationship": "Outer","Parallel Aware": false,"Async Capable": false,"Index Name": "idx_lineitem_shipdate","Startup Cost": 0.00,"Total Cost": 1872.95,"Plan Rows": 73652,"Plan Width": 0,"Actual Startup Time": 23.139,"Actual Total Time": 23.140,"Actual Rows": 77819,"Actual Loops": 1,"Index Cond": "((l_shipdate >= '1994-03-01'::date) AND (l_shipdate < '1994-04-01 00:00:00'::timestamp without time zone))","Workers": []}]},{"Node Type": "Hash","Parent Relationship": "Inner","Parallel Aware": true,"Async Capable": false,"Startup Cost": 4930.33,"Total Cost": 4930.33,"Plan Rows": 83333,"Plan Width": 25,"Actual Startup Time": 33.032,"Actual Total Time": 33.034,"Actual Rows": 40000,"Actual Loops": 5,"Hash Buckets": 262144,"Original Hash Buckets": 262144,"Hash Batches": 1,"Original Hash Batches": 1,"Peak Memory Usage": 14240,"Workers": [],"Plans": [{"Node Type": "Seq Scan","Parent Relationship": "Outer","Parallel Aware": true,"Async Capable": false,"Relation Name": "part","Alias": "part","Startup Cost": 0.00,"Total Cost": 4930.33,"Plan Rows": 83333,"Plan Width": 25,"Actual Startup Time": 0.030,"Actual Total Time": 14.548,"Actual Rows": 40000,"Actual Loops": 5,"Workers": []}]}]}]}]}]},"Planning Time": 3.994,"Triggers": [],"Execution Time": 226.680}]
[{"Plan": {"Node Type": "Aggregate","Strategy": "Plain","Partial Mode": "Finalize","Parallel Aware": false,"Async Capable": false,"Startup Cost": 116921.16,"Total Cost": 116921.17,"Plan Rows": 1,"Plan Width": 32,"Actual Startup Time": 188.717,"Actual Total Time": 203.796,"Actual Rows": 1,"Actual Loops": 1,"Plans": [{"Node Type": "Gather","Parent Relationship": "Outer","Parallel Aware": false,"Async Capable": false,"Startup Cost": 116920.70,"Total Cost": 116921.11,"Plan Rows": 4,"Plan Width": 64,"Actual Startup Time": 187.795,"Actual Total Time": 203.760,"Actual Rows": 5,"Actual Loops": 1,"Workers Planned": 4,"Workers Launched": 4,"Single Copy": false,"Plans": [{"Node Type": "Aggregate","Strategy": "Plain","Partial Mode": "Partial","Parent Relationship": "Outer","Parallel Aware": false,"Async Capable": false,"Startup Cost": 115920.70,"Total Cost": 115920.71,"Plan Rows": 1,"Plan Width": 64,"Actual Startup Time": 178.906,"Actual Total Time": 178.917,"Actual Rows": 1,"Actual Loops": 5,"Workers": [],"Plans": [{"Node Type": "Hash Join","Parent Relationship": "Outer","Parallel Aware": true,"Async Capable": false,"Join Type": "Inner","Startup Cost": 7989.65,"Total Cost": 115577.00,"Plan Rows": 19640,"Plan Width": 33,"Actual Startup Time": 58.926,"Actual Total Time": 172.760,"Actual Rows": 15600,"Actual Loops": 5,"Inner Unique": true,"Hash Cond": "(lineitem.l_partkey = part.p_partkey)","Workers": [],"Plans": [{"Node Type": "Bitmap Heap Scan","Parent Relationship": "Outer","Parallel Aware": true,"Async Capable": false,"Relation Name": "lineitem","Alias": "lineitem","Startup Cost": 2017.65,"Total Cost": 109553.45,"Plan Rows": 19640,"Plan Width": 16,"Actual Startup Time": 22.345,"Actual Total Time": 105.470,"Actual Rows": 15600,"Actual Loops": 5,"Recheck Cond": "((l_shipdate >= '1996-10-01'::date) AND (l_shipdate < '1996-11-01 00:00:00'::timestamp without time zone))","Rows Removed by Index Recheck": 0,"Exact Heap Blocks": 6706,"Lossy Heap Blocks": 0,"Workers": [],"Plans": [{"Node Type": "Bitmap Index Scan","Parent Relationship": "Outer","Parallel Aware": false,"Async Capable": false,"Index Name": "idx_lineitem_shipdate","Startup Cost": 0.00,"Total Cost": 1998.01,"Plan Rows": 78558,"Plan Width": 0,"Actual Startup Time": 16.072,"Actual Total Time": 16.073,"Actual Rows": 78000,"Actual Loops": 1,"Index Cond": "((l_shipdate >= '1996-10-01'::date) AND (l_shipdate < '1996-11-01 00:00:00'::timestamp without time zone))","Workers": []}]},{"Node Type": "Hash","Parent Relationship": "Inner","Parallel Aware": true,"Async Capable": false,"Startup Cost": 4930.33,"Total Cost": 4930.33,"Plan Rows": 83333,"Plan Width": 25,"Actual Startup Time": 35.841,"Actual Total Time": 35.845,"Actual Rows": 40000,"Actual Loops": 5,"Hash Buckets": 262144,"Original Hash Buckets": 262144,"Hash Batches": 1,"Original Hash Batches": 1,"Peak Memory Usage": 14208,"Workers": [],"Plans": [{"Node Type": "Seq Scan","Parent Relationship": "Outer","Parallel Aware": true,"Async Capable": false,"Relation Name": "part","Alias": "part","Startup Cost": 0.00,"Total Cost": 4930.33,"Plan Rows": 83333,"Plan Width": 25,"Actual Startup Time": 0.045,"Actual Total Time": 16.936,"Actual Rows": 40000,"Actual Loops": 5,"Workers": []}]}]}]}]}]},"Planning Time": 5.387,"Triggers": [],"Execution Time": 204.098}]
[{"Plan": {"Node Type": "Aggregate","Strategy": "Plain","Partial Mode": "Finalize","Parallel Aware": false,"Async Capable": false,"Startup Cost": 115298.80,"Total Cost": 115298.82,"Plan Rows": 1,"Plan Width": 32,"Actual Startup Time": 191.770,"Actual Total Time": 208.257,"Actual Rows": 1,"Actual Loops": 1,"Plans": [{"Node Type": "Gather","Parent Relationship": "Outer","Parallel Aware": false,"Async Capable": false,"Startup Cost": 115298.35,"Total Cost": 115298.76,"Plan Rows": 4,"Plan Width": 64,"Actual Startup Time": 190.365,"Actual Total Time": 208.218,"Actual Rows": 5,"Actual Loops": 1,"Workers Planned": 4,"Workers Launched": 4,"Single Copy": false,"Plans": [{"Node Type": "Aggregate","Strategy": "Plain","Partial Mode": "Partial","Parent Relationship": "Outer","Parallel Aware": false,"Async Capable": false,"Startup Cost": 114298.35,"Total Cost": 114298.36,"Plan Rows": 1,"Plan Width": 64,"Actual Startup Time": 182.565,"Actual Total Time": 182.576,"Actual Rows": 1,"Actual Loops": 5,"Workers": [],"Plans": [{"Node Type": "Hash Join","Parent Relationship": "Outer","Parallel Aware": true,"Async Capable": false,"Join Type": "Inner","Startup Cost": 7902.48,"Total Cost": 113969.66,"Plan Rows": 18782,"Plan Width": 33,"Actual Startup Time": 59.443,"Actual Total Time": 176.606,"Actual Rows": 14990,"Actual Loops": 5,"Inner Unique": true,"Hash Cond": "(lineitem.l_partkey = part.p_partkey)","Workers": [],"Plans": [{"Node Type": "Bitmap Heap Scan","Parent Relationship": "Outer","Parallel Aware": true,"Async Capable": false,"Relation Name": "lineitem","Alias": "lineitem","Startup Cost": 1930.48,"Total Cost": 107948.36,"Plan Rows": 18782,"Plan Width": 16,"Actual Startup Time": 21.604,"Actual Total Time": 109.072,"Actual Rows": 14990,"Actual Loops": 5,"Recheck Cond": "((l_shipdate >= '1993-11-01'::date) AND (l_shipdate < '1993-12-01 00:00:00'::timestamp without time zone))","Rows Removed by Index Recheck": 0,"Exact Heap Blocks": 7520,"Lossy Heap Blocks": 0,"Workers": [],"Plans": [{"Node Type": "Bitmap Index Scan","Parent Relationship": "Outer","Parallel Aware": false,"Async Capable": false,"Index Name": "idx_lineitem_shipdate","Startup Cost": 0.00,"Total Cost": 1911.70,"Plan Rows": 75127,"Plan Width": 0,"Actual Startup Time": 15.494,"Actual Total Time": 15.497,"Actual Rows": 74949,"Actual Loops": 1,"Index Cond": "((l_shipdate >= '1993-11-01'::date) AND (l_shipdate < '1993-12-01 00:00:00'::timestamp without time zone))","Workers": []}]},{"Node Type": "Hash","Parent Relationship": "Inner","Parallel Aware": true,"Async Capable": false,"Startup Cost": 4930.33,"Total Cost": 4930.33,"Plan Rows": 83333,"Plan Width": 25,"Actual Startup Time": 36.955,"Actual Total Time": 36.958,"Actual Rows": 40000,"Actual Loops": 5,"Hash Buckets": 262144,"Original Hash Buckets": 262144,"Hash Batches": 1,"Original Hash Batches": 1,"Peak Memory Usage": 14176,"Workers": [],"Plans": [{"Node Type": "Seq Scan","Parent Relationship": "Outer","Parallel Aware": true,"Async Capable": false,"Relation Name": "part","Alias": "part","Startup Cost": 0.00,"Total Cost": 4930.33,"Plan Rows": 83333,"Plan Width": 25,"Actual Startup Time": 0.042,"Actual Total Time": 17.442,"Actual Rows": 40000,"Actual Loops": 5,"Workers": []}]}]}]}]}]},"Planning Time": 4.152,"Triggers": [],"Execution Time": 208.521}]
[{"Plan": {"Node Type": "Aggregate","Strategy": "Plain","Partial Mode": "Finalize","Parallel Aware": false,"Async Capable": false,"Startup Cost": 116921.16,"Total Cost": 116921.17,"Plan Rows": 1,"Plan Width": 32,"Actual Startup Time": 188.717,"Actual Total Time": 203.796,"Actual Rows": 1,"Actual Loops": 1,"Plans": [{"Node Type": "Gather","Parent Relationship": "Outer","Parallel Aware": false,"Async Capable": false,"Startup Cost": 116920.70,"Total Cost": 116921.11,"Plan Rows": 4,"Plan Width": 64,"Actual Startup Time": 187.795,"Actual Total Time": 203.760,"Actual Rows": 5,"Actual Loops": 1,"Workers Planned": 4,"Workers Launched": 4,"Single Copy": false,"Plans": [{"Node Type": "Aggregate","Strategy": "Plain","Partial Mode": "Partial","Parent Relationship": "Outer","Parallel Aware": false,"Async Capable": false,"Startup Cost": 115920.70,"Total Cost": 115920.71,"Plan Rows": 1,"Plan Width": 64,"Actual Startup Time": 178.906,"Actual Total Time": 178.917,"Actual Rows": 1,"Actual Loops": 5,"Workers": [],"Plans": [{"Node Type": "Hash Join","Parent Relationship": "Outer","Parallel Aware": true,"Async Capable": false,"Join Type": "Inner","Startup Cost": 7989.65,"Total Cost": 115577.00,"Plan Rows": 19640,"Plan Width": 33,"Actual Startup Time": 58.926,"Actual Total Time": 172.760,"Actual Rows": 15600,"Actual Loops": 5,"Inner Unique": true,"Hash Cond": "(lineitem.l_partkey = part.p_partkey)","Workers": [],"Plans": [{"Node Type": "Bitmap Heap Scan","Parent Relationship": "Outer","Parallel Aware": true,"Async Capable": false,"Relation Name": "lineitem","Alias": "lineitem","Startup Cost": 2017.65,"Total Cost": 109553.45,"Plan Rows": 19640,"Plan Width": 16,"Actual Startup Time": 22.345,"Actual Total Time": 105.470,"Actual Rows": 15600,"Actual Loops": 5,"Recheck Cond": "((l_shipdate >= '1996-10-01'::date) AND (l_shipdate < '1996-11-01 00:00:00'::timestamp without time zone))","Rows Removed by Index Recheck": 0,"Exact Heap Blocks": 6706,"Lossy Heap Blocks": 0,"Workers": [],"Plans": [{"Node Type": "Bitmap Index Scan","Parent Relationship": "Outer","Parallel Aware": false,"Async Capable": false,"Index Name": "idx_lineitem_shipdate","Startup Cost": 0.00,"Total Cost": 1998.01,"Plan Rows": 78558,"Plan Width": 0,"Actual Startup Time": 16.072,"Actual Total Time": 16.073,"Actual Rows": 78000,"Actual Loops": 1,"Index Cond": "((l_shipdate >= '1996-10-01'::date) AND (l_shipdate < '1996-11-01 00:00:00'::timestamp without time zone))","Workers": []}]},{"Node Type": "Hash","Parent Relationship": "Inner","Parallel Aware": true,"Async Capable": false,"Startup Cost": 4930.33,"Total Cost": 4930.33,"Plan Rows": 83333,"Plan Width": 25,"Actual Startup Time": 35.841,"Actual Total Time": 35.845,"Actual Rows": 40000,"Actual Loops": 5,"Hash Buckets": 262144,"Original Hash Buckets": 262144,"Hash Batches": 1,"Original Hash Batches": 1,"Peak Memory Usage": 14208,"Workers": [],"Plans": [{"Node Type": "Seq Scan","Parent Relationship": "Outer","Parallel Aware": true,"Async Capable": false,"Relation Name": "part","Alias": "part","Startup Cost": 0.00,"Total Cost": 4930.33,"Plan Rows": 83333,"Plan Width": 25,"Actual Startup Time": 0.045,"Actual Total Time": 16.936,"Actual Rows": 40000,"Actual Loops": 5,"Workers": []}]}]}]}]}]},"Planning Time": 5.387,"Triggers": [],"Execution Time": 204.098}]
[{"Plan": {"Node Type": "Aggregate","Strategy": "Plain","Partial Mode": "Finalize","Parallel Aware": false,"Async Capable": false,"Startup Cost": 113859.14,"Total Cost": 113859.15,"Plan Rows": 1,"Plan Width": 32,"Actual Startup Time": 183.004,"Actual Total Time": 200.909,"Actual Rows": 1,"Actual Loops": 1,"Plans": [{"Node Type": "Gather","Parent Relationship": "Outer","Parallel Aware": false,"Async Capable": false,"Startup Cost": 113858.68,"Total Cost": 113859.09,"Plan Rows": 4,"Plan Width": 64,"Actual Startup Time": 181.448,"Actual Total Time": 200.864,"Actual Rows": 5,"Actual Loops": 1,"Workers Planned": 4,"Workers Launched": 4,"Single Copy": false,"Plans": [{"Node Type": "Aggregate","Strategy": "Plain","Partial Mode": "Partial","Parent Relationship": "Outer","Parallel Aware": false,"Async Capable": false,"Startup Cost": 112858.68,"Total Cost": 112858.69,"Plan Rows": 1,"Plan Width": 64,"Actual Startup Time": 173.739,"Actual Total Time": 173.753,"Actual Rows": 1,"Actual Loops": 5,"Workers": [],"Plans": [{"Node Type": "Hash Join","Parent Relationship": "Outer","Parallel Aware": true,"Async Capable": false,"Join Type": "Inner","Startup Cost": 7829.57,"Total Cost": 112542.33,"Plan Rows": 18077,"Plan Width": 33,"Actual Startup Time": 58.239,"Actual Total Time": 167.706,"Actual Rows": 15488,"Actual Loops": 5,"Inner Unique": true,"Hash Cond": "(lineitem.l_partkey = part.p_partkey)","Workers": [],"Plans": [{"Node Type": "Bitmap Heap Scan","Parent Relationship": "Outer","Parallel Aware": true,"Async Capable": false,"Relation Name": "lineitem","Alias": "lineitem","Startup Cost": 1857.58,"Total Cost": 106522.88,"Plan Rows": 18077,"Plan Width": 16,"Actual Startup Time": 22.396,"Actual Total Time": 105.318,"Actual Rows": 15488,"Actual Loops": 5,"Recheck Cond": "((l_shipdate >= '1997-05-01'::date) AND (l_shipdate < '1997-06-01 00:00:00'::timestamp without time zone))","Rows Removed by Index Recheck": 0,"Exact Heap Blocks": 7623,"Lossy Heap Blocks": 0,"Workers": [],"Plans": [{"Node Type": "Bitmap Index Scan","Parent Relationship": "Outer","Parallel Aware": false,"Async Capable": false,"Index Name": "idx_lineitem_shipdate","Startup Cost": 0.00,"Total Cost": 1839.50,"Plan Rows": 72307,"Plan Width": 0,"Actual Startup Time": 16.147,"Actual Total Time": 16.149,"Actual Rows": 77438,"Actual Loops": 1,"Index Cond": "((l_shipdate >= '1997-05-01'::date) AND (l_shipdate < '1997-06-01 00:00:00'::timestamp without time zone))","Workers": []}]},{"Node Type": "Hash","Parent Relationship": "Inner","Parallel Aware": true,"Async Capable": false,"Startup Cost": 4930.33,"Total Cost": 4930.33,"Plan Rows": 83333,"Plan Width": 25,"Actual Startup Time": 35.023,"Actual Total Time": 35.029,"Actual Rows": 40000,"Actual Loops": 5,"Hash Buckets": 262144,"Original Hash Buckets": 262144,"Hash Batches": 1,"Original Hash Batches": 1,"Peak Memory Usage": 14240,"Workers": [],"Plans": [{"Node Type": "Seq Scan","Parent Relationship": "Outer","Parallel Aware": true,"Async Capable": false,"Relation Name": "part","Alias": "part","Startup Cost": 0.00,"Total Cost": 4930.33,"Plan Rows": 83333,"Plan Width": 25,"Actual Startup Time": 0.034,"Actual Total Time": 15.067,"Actual Rows": 40000,"Actual Loops": 5,"Workers": []}]}]}]}]}]},"Planning Time": 4.177,"Triggers": [],"Execution Time": 201.222}]
[{"Plan": {"Node Type": "Aggregate","Strategy": "Plain","Partial Mode": "Finalize","Parallel Aware": false,"Async Capable": false,"Startup Cost": 115568.92,"Total Cost": 115568.93,"Plan Rows": 1,"Plan Width": 32,"Actual Startup Time": 198.211,"Actual Total Time": 214.313,"Actual Rows": 1,"Actual Loops": 1,"Plans": [{"Node Type": "Gather","Parent Relationship": "Outer","Parallel Aware": false,"Async Capable": false,"Startup Cost": 115568.46,"Total Cost": 115568.87,"Plan Rows": 4,"Plan Width": 64,"Actual Startup Time": 196.556,"Actual Total Time": 214.277,"Actual Rows": 5,"Actual Loops": 1,"Workers Planned": 4,"Workers Launched": 4,"Single Copy": false,"Plans": [{"Node Type": "Aggregate","Strategy": "Plain","Partial Mode": "Partial","Parent Relationship": "Outer","Parallel Aware": false,"Async Capable": false,"Startup Cost": 114568.46,"Total Cost": 114568.47,"Plan Rows": 1,"Plan Width": 64,"Actual Startup Time": 188.912,"Actual Total Time": 188.920,"Actual Rows": 1,"Actual Loops": 5,"Workers": [],"Plans": [{"Node Type": "Hash Join","Parent Relationship": "Outer","Parallel Aware": true,"Async Capable": false,"Join Type": "Inner","Startup Cost": 7916.14,"Total Cost": 114237.36,"Plan Rows": 18920,"Plan Width": 33,"Actual Startup Time": 68.543,"Actual Total Time": 183.128,"Actual Rows": 14828,"Actual Loops": 5,"Inner Unique": true,"Hash Cond": "(lineitem.l_partkey = part.p_partkey)","Workers": [],"Plans": [{"Node Type": "Bitmap Heap Scan","Parent Relationship": "Outer","Parallel Aware": true,"Async Capable": false,"Relation Name": "lineitem","Alias": "lineitem","Startup Cost": 1944.14,"Total Cost": 108215.70,"Plan Rows": 18920,"Plan Width": 16,"Actual Startup Time": 28.406,"Actual Total Time": 116.686,"Actual Rows": 14828,"Actual Loops": 5,"Recheck Cond": "((l_shipdate >= '1993-06-01'::date) AND (l_shipdate < '1993-07-01 00:00:00'::timestamp without time zone))","Rows Removed by Index Recheck": 0,"Exact Heap Blocks": 8209,"Lossy Heap Blocks": 0,"Workers": [],"Plans": [{"Node Type": "Bitmap Index Scan","Parent Relationship": "Outer","Parallel Aware": false,"Async Capable": false,"Index Name": "idx_lineitem_shipdate","Startup Cost": 0.00,"Total Cost": 1925.22,"Plan Rows": 75679,"Plan Width": 0,"Actual Startup Time": 21.967,"Actual Total Time": 21.969,"Actual Rows": 74139,"Actual Loops": 1,"Index Cond": "((l_shipdate >= '1993-06-01'::date) AND (l_shipdate < '1993-07-01 00:00:00'::timestamp without time zone))","Workers": []}]},{"Node Type": "Hash","Parent Relationship": "Inner","Parallel Aware": true,"Async Capable": false,"Startup Cost": 4930.33,"Total Cost": 4930.33,"Plan Rows": 83333,"Plan Width": 25,"Actual Startup Time": 39.291,"Actual Total Time": 39.293,"Actual Rows": 40000,"Actual Loops": 5,"Hash Buckets": 262144,"Original Hash Buckets": 262144,"Hash Batches": 1,"Original Hash Batches": 1,"Peak Memory Usage": 14240,"Workers": [],"Plans": [{"Node Type": "Seq Scan","Parent Relationship": "Outer","Parallel Aware": true,"Async Capable": false,"Relation Name": "part","Alias": "part","Startup Cost": 0.00,"Total Cost": 4930.33,"Plan Rows": 83333,"Plan Width": 25,"Actual Startup Time": 0.029,"Actual Total Time": 17.919,"Actual Rows": 40000,"Actual Loops": 5,"Workers": []}]}]}]}]}]},"Planning Time": 4.579,"Triggers": [],"Execution Time": 214.598}]
[{"Plan": {"Node Type": "Aggregate","Strategy": "Plain","Partial Mode": "Finalize","Parallel Aware": false,"Async Capable": false,"Startup Cost": 116423.51,"Total Cost": 116423.52,"Plan Rows": 1,"Plan Width": 32,"Actual Startup Time": 193.419,"Actual Total Time": 210.903,"Actual Rows": 1,"Actual Loops": 1,"Plans": [{"Node Type": "Gather","Parent Relationship": "Outer","Parallel Aware": false,"Async Capable": false,"Startup Cost": 116423.05,"Total Cost": 116423.46,"Plan Rows": 4,"Plan Width": 64,"Actual Startup Time": 191.772,"Actual Total Time": 210.852,"Actual Rows": 5,"Actual Loops": 1,"Workers Planned": 4,"Workers Launched": 4,"Single Copy": false,"Plans": [{"Node Type": "Aggregate","Strategy": "Plain","Partial Mode": "Partial","Parent Relationship": "Outer","Parallel Aware": false,"Async Capable": false,"Startup Cost": 115423.05,"Total Cost": 115423.06,"Plan Rows": 1,"Plan Width": 64,"Actual Startup Time": 184.034,"Actual Total Time": 184.046,"Actual Rows": 1,"Actual Loops": 5,"Workers": [],"Plans": [{"Node Type": "Hash Join","Parent Relationship": "Outer","Parallel Aware": true,"Async Capable": false,"Join Type": "Inner","Startup Cost": 7962.54,"Total Cost": 115084.11,"Plan Rows": 19368,"Plan Width": 33,"Actual Startup Time": 59.026,"Actual Total Time": 177.787,"Actual Rows": 15441,"Actual Loops": 5,"Inner Unique": true,"Hash Cond": "(lineitem.l_partkey = part.p_partkey)","Workers": [],"Plans": [{"Node Type": "Bitmap Heap Scan","Parent Relationship": "Outer","Parallel Aware": true,"Async Capable": false,"Relation Name": "lineitem","Alias": "lineitem","Startup Cost": 1990.54,"Total Cost": 109061.27,"Plan Rows": 19368,"Plan Width": 16,"Actual Startup Time": 22.262,"Actual Total Time": 110.318,"Actual Rows": 15441,"Actual Loops": 5,"Recheck Cond": "((l_shipdate >= '1995-12-01'::date) AND (l_shipdate < '1996-01-01 00:00:00'::timestamp without time zone))","Rows Removed by Index Recheck": 0,"Exact Heap Blocks": 7749,"Lossy Heap Blocks": 0,"Workers": [],"Plans": [{"Node Type": "Bitmap Index Scan","Parent Relationship": "Outer","Parallel Aware": false,"Async Capable": false,"Index Name": "idx_lineitem_shipdate","Startup Cost": 0.00,"Total Cost": 1971.17,"Plan Rows": 77474,"Plan Width": 0,"Actual Startup Time": 16.016,"Actual Total Time": 16.018,"Actual Rows": 77203,"Actual Loops": 1,"Index Cond": "((l_shipdate >= '1995-12-01'::date) AND (l_shipdate < '1996-01-01 00:00:00'::timestamp without time zone))","Workers": []}]},{"Node Type": "Hash","Parent Relationship": "Inner","Parallel Aware": true,"Async Capable": false,"Startup Cost": 4930.33,"Total Cost": 4930.33,"Plan Rows": 83333,"Plan Width": 25,"Actual Startup Time": 36.084,"Actual Total Time": 36.088,"Actual Rows": 40000,"Actual Loops": 5,"Hash Buckets": 262144,"Original Hash Buckets": 262144,"Hash Batches": 1,"Original Hash Batches": 1,"Peak Memory Usage": 14208,"Workers": [],"Plans": [{"Node Type": "Seq Scan","Parent Relationship": "Outer","Parallel Aware": true,"Async Capable": false,"Relation Name": "part","Alias": "part","Startup Cost": 0.00,"Total Cost": 4930.33,"Plan Rows": 83333,"Plan Width": 25,"Actual Startup Time": 0.025,"Actual Total Time": 17.161,"Actual Rows": 40000,"Actual Loops": 5,"Workers": []}]}]}]}]}]},"Planning Time": 5.431,"Triggers": [],"Execution Time": 211.162}]
[{"Plan": {"Node Type": "Aggregate","Strategy": "Plain","Partial Mode": "Finalize","Parallel Aware": false,"Async Capable": false,"Startup Cost": 116739.50,"Total Cost": 116739.52,"Plan Rows": 1,"Plan Width": 32,"Actual Startup Time": 206.757,"Actual Total Time": 221.834,"Actual Rows": 1,"Actual Loops": 1,"Plans": [{"Node Type": "Gather","Parent Relationship": "Outer","Parallel Aware": false,"Async Capable": false,"Startup Cost": 116739.05,"Total Cost": 116739.46,"Plan Rows": 4,"Plan Width": 64,"Actual Startup Time": 205.325,"Actual Total Time": 221.800,"Actual Rows": 5,"Actual Loops": 1,"Workers Planned": 4,"Workers Launched": 4,"Single Copy": false,"Plans": [{"Node Type": "Aggregate","Strategy": "Plain","Partial Mode": "Partial","Parent Relationship": "Outer","Parallel Aware": false,"Async Capable": false,"Startup Cost": 115739.05,"Total Cost": 115739.06,"Plan Rows": 1,"Plan Width": 64,"Actual Startup Time": 197.703,"Actual Total Time": 197.711,"Actual Rows": 1,"Actual Loops": 5,"Workers": [],"Plans": [{"Node Type": "Hash Join","Parent Relationship": "Outer","Parallel Aware": true,"Async Capable": false,"Join Type": "Inner","Startup Cost": 7981.52,"Total Cost": 115397.11,"Plan Rows": 19539,"Plan Width": 33,"Actual Startup Time": 72.726,"Actual Total Time": 192.051,"Actual Rows": 13912,"Actual Loops": 5,"Inner Unique": true,"Hash Cond": "(lineitem.l_partkey = part.p_partkey)","Workers": [],"Plans": [{"Node Type": "Bitmap Heap Scan","Parent Relationship": "Outer","Parallel Aware": true,"Async Capable": false,"Relation Name": "lineitem","Alias": "lineitem","Startup Cost": 2009.52,"Total Cost": 109373.83,"Plan Rows": 19539,"Plan Width": 16,"Actual Startup Time": 32.073,"Actual Total Time": 122.872,"Actual Rows": 13912,"Actual Loops": 5,"Recheck Cond": "((l_shipdate >= '1994-02-01'::date) AND (l_shipdate < '1994-03-01 00:00:00'::timestamp without time zone))","Rows Removed by Index Recheck": 0,"Exact Heap Blocks": 7943,"Lossy Heap Blocks": 0,"Workers": [],"Plans": [{"Node Type": "Bitmap Index Scan","Parent Relationship": "Outer","Parallel Aware": false,"Async Capable": false,"Index Name": "idx_lineitem_shipdate","Startup Cost": 0.00,"Total Cost": 1989.98,"Plan Rows": 78155,"Plan Width": 0,"Actual Startup Time": 25.713,"Actual Total Time": 25.716,"Actual Rows": 69561,"Actual Loops": 1,"Index Cond": "((l_shipdate >= '1994-02-01'::date) AND (l_shipdate < '1994-03-01 00:00:00'::timestamp without time zone))","Workers": []}]},{"Node Type": "Hash","Parent Relationship": "Inner","Parallel Aware": true,"Async Capable": false,"Startup Cost": 4930.33,"Total Cost": 4930.33,"Plan Rows": 83333,"Plan Width": 25,"Actual Startup Time": 39.838,"Actual Total Time": 39.841,"Actual Rows": 40000,"Actual Loops": 5,"Hash Buckets": 262144,"Original Hash Buckets": 262144,"Hash Batches": 1,"Original Hash Batches": 1,"Peak Memory Usage": 14208,"Workers": [],"Plans": [{"Node Type": "Seq Scan","Parent Relationship": "Outer","Parallel Aware": true,"Async Capable": false,"Relation Name": "part","Alias": "part","Startup Cost": 0.00,"Total Cost": 4930.33,"Plan Rows": 83333,"Plan Width": 25,"Actual Startup Time": 0.036,"Actual Total Time": 16.923,"Actual Rows": 40000,"Actual Loops": 5,"Workers": []}]}]}]}]}]},"Planning Time": 4.192,"Triggers": [],"Execution Time": 222.123}]
[{"Plan": {"Node Type": "Aggregate","Strategy": "Plain","Partial Mode": "Finalize","Parallel Aware": false,"Async Capable": false,"Startup Cost": 114557.15,"Total Cost": 114557.16,"Plan Rows": 1,"Plan Width": 32,"Actual Startup Time": 210.021,"Actual Total Time": 226.400,"Actual Rows": 1,"Actual Loops": 1,"Plans": [{"Node Type": "Gather","Parent Relationship": "Outer","Parallel Aware": false,"Async Capable": false,"Startup Cost": 114556.69,"Total Cost": 114557.10,"Plan Rows": 4,"Plan Width": 64,"Actual Startup Time": 208.607,"Actual Total Time": 226.360,"Actual Rows": 5,"Actual Loops": 1,"Workers Planned": 4,"Workers Launched": 4,"Single Copy": false,"Plans": [{"Node Type": "Aggregate","Strategy": "Plain","Partial Mode": "Partial","Parent Relationship": "Outer","Parallel Aware": false,"Async Capable": false,"Startup Cost": 113556.69,"Total Cost": 113556.70,"Plan Rows": 1,"Plan Width": 64,"Actual Startup Time": 201.168,"Actual Total Time": 201.175,"Actual Rows": 1,"Actual Loops": 5,"Workers": [],"Plans": [{"Node Type": "Hash Join","Parent Relationship": "Outer","Parallel Aware": true,"Async Capable": false,"Join Type": "Inner","Startup Cost": 7863.36,"Total Cost": 113234.46,"Plan Rows": 18413,"Plan Width": 33,"Actual Startup Time": 63.364,"Actual Total Time": 194.944,"Actual Rows": 15564,"Actual Loops": 5,"Inner Unique": true,"Hash Cond": "(lineitem.l_partkey = part.p_partkey)","Workers": [],"Plans": [{"Node Type": "Bitmap Heap Scan","Parent Relationship": "Outer","Parallel Aware": true,"Async Capable": false,"Relation Name": "lineitem","Alias": "lineitem","Startup Cost": 1891.37,"Total Cost": 107214.13,"Plan Rows": 18413,"Plan Width": 16,"Actual Startup Time": 29.634,"Actual Total Time": 131.757,"Actual Rows": 15564,"Actual Loops": 5,"Recheck Cond": "((l_shipdate >= '1994-03-01'::date) AND (l_shipdate < '1994-04-01 00:00:00'::timestamp without time zone))","Rows Removed by Index Recheck": 0,"Exact Heap Blocks": 8610,"Lossy Heap Blocks": 0,"Workers": [],"Plans": [{"Node Type": "Bitmap Index Scan","Parent Relationship": "Outer","Parallel Aware": false,"Async Capable": false,"Index Name": "idx_lineitem_shipdate","Startup Cost": 0.00,"Total Cost": 1872.95,"Plan Rows": 73652,"Plan Width": 0,"Actual Startup Time": 23.139,"Actual Total Time": 23.140,"Actual Rows": 77819,"Actual Loops": 1,"Index Cond": "((l_shipdate >= '1994-03-01'::date) AND (l_shipdate < '1994-04-01 00:00:00'::timestamp without time zone))","Workers": []}]},{"Node Type": "Hash","Parent Relationship": "Inner","Parallel Aware": true,"Async Capable": false,"Startup Cost": 4930.33,"Total Cost": 4930.33,"Plan Rows": 83333,"Plan Width": 25,"Actual Startup Time": 33.032,"Actual Total Time": 33.034,"Actual Rows": 40000,"Actual Loops": 5,"Hash Buckets": 262144,"Original Hash Buckets": 262144,"Hash Batches": 1,"Original Hash Batches": 1,"Peak Memory Usage": 14240,"Workers": [],"Plans": [{"Node Type": "Seq Scan","Parent Relationship": "Outer","Parallel Aware": true,"Async Capable": false,"Relation Name": "part","Alias": "part","Startup Cost": 0.00,"Total Cost": 4930.33,"Plan Rows": 83333,"Plan Width": 25,"Actual Startup Time": 0.030,"Actual Total Time": 14.548,"Actual Rows": 40000,"Actual Loops": 5,"Workers": []}]}]}]}]}]},"Planning Time": 3.994,"Triggers": [],"Execution Time": 226.680}]
[{"Plan": {"Node Type": "Aggregate","Strategy": "Plain","Partial Mode": "Finalize","Parallel Aware": false,"Async Capable": false,"Startup Cost": 117007.92,"Total Cost": 117007.93,"Plan Rows": 1,"Plan Width": 32,"Actual Startup Time": 189.829,"Actual Total Time": 206.980,"Actual Rows": 1,"Actual Loops": 1,"Plans": [{"Node Type": "Gather","Parent Relationship": "Outer","Parallel Aware": false,"Async Capable": false,"Startup Cost": 117007.46,"Total Cost": 117007.87,"Plan Rows": 4,"Plan Width": 64,"Actual Startup Time": 188.175,"Actual Total Time": 206.940,"Actual Rows": 5,"Actual Loops": 1,"Workers Planned": 4,"Workers Launched": 4,"Single Copy": false,"Plans": [{"Node Type": "Aggregate","Strategy": "Plain","Partial Mode": "Partial","Parent Relationship": "Outer","Parallel Aware": false,"Async Capable": false,"Startup Cost": 116007.46,"Total Cost": 116007.47,"Plan Rows": 1,"Plan Width": 64,"Actual Startup Time": 180.947,"Actual Total Time": 180.957,"Actual Rows": 1,"Actual Loops": 5,"Workers": [],"Plans": [{"Node Type": "Hash Join","Parent Relationship": "Outer","Parallel Aware": true,"Async Capable": false,"Join Type": "Inner","Startup Cost": 7995.60,"Total Cost": 115662.94,"Plan Rows": 19687,"Plan Width": 33,"Actual Startup Time": 58.068,"Actual Total Time": 174.672,"Actual Rows": 15581,"Actual Loops": 5,"Inner Unique": true,"Hash Cond": "(lineitem.l_partkey = part.p_partkey)","Workers": [],"Plans": [{"Node Type": "Bitmap Heap Scan","Parent Relationship": "Outer","Parallel Aware": true,"Async Capable": false,"Relation Name": "lineitem","Alias": "lineitem","Startup Cost": 2023.60,"Total Cost": 109639.26,"Plan Rows": 19687,"Plan Width": 16,"Actual Startup Time": 23.375,"Actual Total Time": 109.958,"Actual Rows": 15581,"Actual Loops": 5,"Recheck Cond": "((l_shipdate >= '1997-08-01'::date) AND (l_shipdate < '1997-09-01 00:00:00'::timestamp without time zone))","Rows Removed by Index Recheck": 0,"Exact Heap Blocks": 8451,"Lossy Heap Blocks": 0,"Workers": [],"Plans": [{"Node Type": "Bitmap Index Scan","Parent Relationship": "Outer","Parallel Aware": false,"Async Capable": false,"Index Name": "idx_lineitem_shipdate","Startup Cost": 0.00,"Total Cost": 2003.91,"Plan Rows": 78748,"Plan Width": 0,"Actual Startup Time": 16.902,"Actual Total Time": 16.905,"Actual Rows": 77905,"Actual Loops": 1,"Index Cond": "((l_shipdate >= '1997-08-01'::date) AND (l_shipdate < '1997-09-01 00:00:00'::timestamp without time zone))","Workers": []}]},{"Node Type": "Hash","Parent Relationship": "Inner","Parallel Aware": true,"Async Capable": false,"Startup Cost": 4930.33,"Total Cost": 4930.33,"Plan Rows": 83333,"Plan Width": 25,"Actual Startup Time": 33.961,"Actual Total Time": 33.964,"Actual Rows": 40000,"Actual Loops": 5,"Hash Buckets": 262144,"Original Hash Buckets": 262144,"Hash Batches": 1,"Original Hash Batches": 1,"Peak Memory Usage": 14208,"Workers": [],"Plans": [{"Node Type": "Seq Scan","Parent Relationship": "Outer","Parallel Aware": true,"Async Capable": false,"Relation Name": "part","Alias": "part","Startup Cost": 0.00,"Total Cost": 4930.33,"Plan Rows": 83333,"Plan Width": 25,"Actual Startup Time": 0.029,"Actual Total Time": 14.872,"Actual Rows": 40000,"Actual Loops": 5,"Workers": []}]}]}]}]}]},"Planning Time": 4.521,"Triggers": [],"Execution Time": 207.275}]
[{"Plan": {"Node Type": "Aggregate","Strategy": "Plain","Partial Mode": "Finalize","Parallel Aware": false,"Async Capable": false,"Startup Cost": 114712.32,"Total Cost": 114712.34,"Plan Rows": 1,"Plan Width": 32,"Actual Startup Time": 199.208,"Actual Total Time": 216.961,"Actual Rows": 1,"Actual Loops": 1,"Plans": [{"Node Type": "Gather","Parent Relationship": "Outer","Parallel Aware": false,"Async Capable": false,"Startup Cost": 114711.87,"Total Cost": 114712.28,"Plan Rows": 4,"Plan Width": 64,"Actual Startup Time": 197.776,"Actual Total Time": 216.922,"Actual Rows": 5,"Actual Loops": 1,"Workers Planned": 4,"Workers Launched": 4,"Single Copy": false,"Plans": [{"Node Type": "Aggregate","Strategy": "Plain","Partial Mode": "Partial","Parent Relationship": "Outer","Parallel Aware": false,"Async Capable": false,"Startup Cost": 113711.87,"Total Cost": 113711.88,"Plan Rows": 1,"Plan Width": 64,"Actual Startup Time": 190.002,"Actual Total Time": 190.013,"Actual Rows": 1,"Actual Loops": 5,"Workers": [],"Plans": [{"Node Type": "Hash Join","Parent Relationship": "Outer","Parallel Aware": true,"Async Capable": false,"Join Type": "Inner","Startup Cost": 7874.42,"Total Cost": 113388.32,"Plan Rows": 18488,"Plan Width": 33,"Actual Startup Time": 63.566,"Actual Total Time": 183.679,"Actual Rows": 15197,"Actual Loops": 5,"Inner Unique": true,"Hash Cond": "(lineitem.l_partkey = part.p_partkey)","Workers": [],"Plans": [{"Node Type": "Bitmap Heap Scan","Parent Relationship": "Outer","Parallel Aware": true,"Async Capable": false,"Relation Name": "lineitem","Alias": "lineitem","Startup Cost": 1902.42,"Total Cost": 107367.80,"Plan Rows": 18487,"Plan Width": 16,"Actual Startup Time": 27.839,"Actual Total Time": 117.676,"Actual Rows": 15197,"Actual Loops": 5,"Recheck Cond": "((l_shipdate >= '1995-09-01'::date) AND (l_shipdate < '1995-10-01 00:00:00'::timestamp without time zone))","Rows Removed by Index Recheck": 0,"Exact Heap Blocks": 7706,"Lossy Heap Blocks": 0,"Workers": [],"Plans": [{"Node Type": "Bitmap Index Scan","Parent Relationship": "Outer","Parallel Aware": false,"Async Capable": false,"Index Name": "idx_lineitem_shipdate","Startup Cost": 0.00,"Total Cost": 1883.93,"Plan Rows": 73950,"Plan Width": 0,"Actual Startup Time": 21.589,"Actual Total Time": 21.592,"Actual Rows": 75983,"Actual Loops": 1,"Index Cond": "((l_shipdate >= '1995-09-01'::date) AND (l_shipdate < '1995-10-01 00:00:00'::timestamp without time zone))","Workers": []}]},{"Node Type": "Hash","Parent Relationship": "Inner","Parallel Aware": true,"Async Capable": false,"Startup Cost": 4930.33,"Total Cost": 4930.33,"Plan Rows": 83333,"Plan Width": 25,"Actual Startup Time": 34.995,"Actual Total Time": 34.998,"Actual Rows": 40000,"Actual Loops": 5,"Hash Buckets": 262144,"Original Hash Buckets": 262144,"Hash Batches": 1,"Original Hash Batches": 1,"Peak Memory Usage": 14208,"Workers": [],"Plans": [{"Node Type": "Seq Scan","Parent Relationship": "Outer","Parallel Aware": true,"Async Capable": false,"Relation Name": "part","Alias": "part","Startup Cost": 0.00,"Total Cost": 4930.33,"Plan Rows": 83333,"Plan Width": 25,"Actual Startup Time": 0.036,"Actual Total Time": 16.143,"Actual Rows": 40000,"Actual Loops": 5,"Workers": []}]}]}]}]}]},"Planning Time": 3.092,"Triggers": [],"Execution Time": 217.243}]
[{"Plan": {"Node Type": "Aggregate","Strategy": "Plain","Partial Mode": "Finalize","Parallel Aware": false,"Async Capable": false,"Startup Cost": 117567.99,"Total Cost": 117568.00,"Plan Rows": 1,"Plan Width": 32,"Actual Startup Time": 202.073,"Actual Total Time": 217.067,"Actual Rows": 1,"Actual Loops": 1,"Plans": [{"Node Type": "Gather","Parent Relationship": "Outer","Parallel Aware": false,"Async Capable": false,"Startup Cost": 117567.53,"Total Cost": 117567.94,"Plan Rows": 4,"Plan Width": 64,"Actual Startup Time": 200.586,"Actual Total Time": 217.034,"Actual Rows": 5,"Actual Loops": 1,"Workers Planned": 4,"Workers Launched": 4,"Single Copy": false,"Plans": [{"Node Type": "Aggregate","Strategy": "Plain","Partial Mode": "Partial","Parent Relationship": "Outer","Parallel Aware": false,"Async Capable": false,"Startup Cost": 116567.53,"Total Cost": 116567.54,"Plan Rows": 1,"Plan Width": 64,"Actual Startup Time": 193.189,"Actual Total Time": 193.201,"Actual Rows": 1,"Actual Loops": 5,"Workers": [],"Plans": [{"Node Type": "Hash Join","Parent Relationship": "Outer","Parallel Aware": true,"Async Capable": false,"Join Type": "Inner","Startup Cost": 8028.50,"Total Cost": 116217.49,"Plan Rows": 20002,"Plan Width": 33,"Actual Startup Time": 68.964,"Actual Total Time": 187.569,"Actual Rows": 13974,"Actual Loops": 5,"Inner Unique": true,"Hash Cond": "(lineitem.l_partkey = part.p_partkey)","Workers": [],"Plans": [{"Node Type": "Bitmap Heap Scan","Parent Relationship": "Outer","Parallel Aware": true,"Async Capable": false,"Relation Name": "lineitem","Alias": "lineitem","Startup Cost": 2056.50,"Total Cost": 110192.99,"Plan Rows": 20002,"Plan Width": 16,"Actual Startup Time": 27.935,"Actual Total Time": 119.536,"Actual Rows": 13974,"Actual Loops": 5,"Recheck Cond": "((l_shipdate >= '1995-02-01'::date) AND (l_shipdate < '1995-03-01 00:00:00'::timestamp without time zone))","Rows Removed by Index Recheck": 0,"Exact Heap Blocks": 7437,"Lossy Heap Blocks": 0,"Workers": [],"Plans": [{"Node Type": "Bitmap Index Scan","Parent Relationship": "Outer","Parallel Aware": false,"Async Capable": false,"Index Name": "idx_lineitem_shipdate","Startup Cost": 0.00,"Total Cost": 2036.50,"Plan Rows": 80007,"Plan Width": 0,"Actual Startup Time": 21.834,"Actual Total Time": 21.838,"Actual Rows": 69872,"Actual Loops": 1,"Index Cond": "((l_shipdate >= '1995-02-01'::date) AND (l_shipdate < '1995-03-01 00:00:00'::timestamp without time zone))","Workers": []}]},{"Node Type": "Hash","Parent Relationship": "Inner","Parallel Aware": true,"Async Capable": false,"Startup Cost": 4930.33,"Total Cost": 4930.33,"Plan Rows": 83333,"Plan Width": 25,"Actual Startup Time": 40.316,"Actual Total Time": 40.319,"Actual Rows": 40000,"Actual Loops": 5,"Hash Buckets": 262144,"Original Hash Buckets": 262144,"Hash Batches": 1,"Original Hash Batches": 1,"Peak Memory Usage": 14176,"Workers": [],"Plans": [{"Node Type": "Seq Scan","Parent Relationship": "Outer","Parallel Aware": true,"Async Capable": false,"Relation Name": "part","Alias": "part","Startup Cost": 0.00,"Total Cost": 4930.33,"Plan Rows": 83333,"Plan Width": 25,"Actual Startup Time": 0.033,"Actual Total Time": 17.707,"Actual Rows": 40000,"Actual Loops": 5,"Workers": []}]}]}]}]}]},"Planning Time": 4.574,"Triggers": [],"Execution Time": 217.295}]
[{"Plan": {"Node Type": "Aggregate","Strategy": "Plain","Partial Mode": "Finalize","Parallel Aware": false,"Async Capable": false,"Startup Cost": 121099.28,"Total Cost": 121099.30,"Plan Rows": 1,"Plan Width": 32,"Actual Startup Time": 214.486,"Actual Total Time": 231.702,"Actual Rows": 1,"Actual Loops": 1,"Plans": [{"Node Type": "Gather","Parent Relationship": "Outer","Parallel Aware": false,"Async Capable": false,"Startup Cost": 121098.83,"Total Cost": 121099.24,"Plan Rows": 4,"Plan Width": 64,"Actual Startup Time": 213.292,"Actual Total Time": 231.649,"Actual Rows": 5,"Actual Loops": 1,"Workers Planned": 4,"Workers Launched": 4,"Single Copy": false,"Plans": [{"Node Type": "Aggregate","Strategy": "Plain","Partial Mode": "Partial","Parent Relationship": "Outer","Parallel Aware": false,"Async Capable": false,"Startup Cost": 120098.83,"Total Cost": 120098.84,"Plan Rows": 1,"Plan Width": 64,"Actual Startup Time": 205.581,"Actual Total Time": 205.594,"Actual Rows": 1,"Actual Loops": 5,"Workers": [],"Plans": [{"Node Type": "Hash Join","Parent Relationship": "Outer","Parallel Aware": true,"Async Capable": false,"Join Type": "Inner","Startup Cost": 8260.90,"Total Cost": 119709.34,"Plan Rows": 22256,"Plan Width": 33,"Actual Startup Time": 70.841,"Actual Total Time": 199.395,"Actual Rows": 15605,"Actual Loops": 5,"Inner Unique": true,"Hash Cond": "(lineitem.l_partkey = part.p_partkey)","Workers": [],"Plans": [{"Node Type": "Bitmap Heap Scan","Parent Relationship": "Outer","Parallel Aware": true,"Async Capable": false,"Relation Name": "lineitem","Alias": "lineitem","Startup Cost": 2288.91,"Total Cost": 113678.93,"Plan Rows": 22255,"Plan Width": 16,"Actual Startup Time": 29.570,"Actual Total Time": 126.843,"Actual Rows": 15605,"Actual Loops": 5,"Recheck Cond": "((l_shipdate >= '1995-03-01'::date) AND (l_shipdate < '1995-04-01 00:00:00'::timestamp without time zone))","Rows Removed by Index Recheck": 0,"Exact Heap Blocks": 8068,"Lossy Heap Blocks": 0,"Workers": [],"Plans": [{"Node Type": "Bitmap Index Scan","Parent Relationship": "Outer","Parallel Aware": false,"Async Capable": false,"Index Name": "idx_lineitem_shipdate","Startup Cost": 0.00,"Total Cost": 2266.65,"Plan Rows": 89022,"Plan Width": 0,"Actual Startup Time": 23.014,"Actual Total Time": 23.019,"Actual Rows": 78025,"Actual Loops": 1,"Index Cond": "((l_shipdate >= '1995-03-01'::date) AND (l_shipdate < '1995-04-01 00:00:00'::timestamp without time zone))","Workers": []}]},{"Node Type": "Hash","Parent Relationship": "Inner","Parallel Aware": true,"Async Capable": false,"Startup Cost": 4930.33,"Total Cost": 4930.33,"Plan Rows": 83333,"Plan Width": 25,"Actual Startup Time": 40.550,"Actual Total Time": 40.554,"Actual Rows": 40000,"Actual Loops": 5,"Hash Buckets": 262144,"Original Hash Buckets": 262144,"Hash Batches": 1,"Original Hash Batches": 1,"Peak Memory Usage": 14176,"Workers": [],"Plans": [{"Node Type": "Seq Scan","Parent Relationship": "Outer","Parallel Aware": true,"Async Capable": false,"Relation Name": "part","Alias": "part","Startup Cost": 0.00,"Total Cost": 4930.33,"Plan Rows": 83333,"Plan Width": 25,"Actual Startup Time": 0.042,"Actual Total Time": 17.836,"Actual Rows": 40000,"Actual Loops": 5,"Workers": []}]}]}]}]}]},"Planning Time": 3.767,"Triggers": [],"Execution Time": 231.941}]
[{"Plan": {"Node Type": "Aggregate","Strategy": "Plain","Partial Mode": "Finalize","Parallel Aware": false,"Async Capable": false,"Startup Cost": 113859.14,"Total Cost": 113859.15,"Plan Rows": 1,"Plan Width": 32,"Actual Startup Time": 183.004,"Actual Total Time": 200.909,"Actual Rows": 1,"Actual Loops": 1,"Plans": [{"Node Type": "Gather","Parent Relationship": "Outer","Parallel Aware": false,"Async Capable": false,"Startup Cost": 113858.68,"Total Cost": 113859.09,"Plan Rows": 4,"Plan Width": 64,"Actual Startup Time": 181.448,"Actual Total Time": 200.864,"Actual Rows": 5,"Actual Loops": 1,"Workers Planned": 4,"Workers Launched": 4,"Single Copy": false,"Plans": [{"Node Type": "Aggregate","Strategy": "Plain","Partial Mode": "Partial","Parent Relationship": "Outer","Parallel Aware": false,"Async Capable": false,"Startup Cost": 112858.68,"Total Cost": 112858.69,"Plan Rows": 1,"Plan Width": 64,"Actual Startup Time": 173.739,"Actual Total Time": 173.753,"Actual Rows": 1,"Actual Loops": 5,"Workers": [],"Plans": [{"Node Type": "Hash Join","Parent Relationship": "Outer","Parallel Aware": true,"Async Capable": false,"Join Type": "Inner","Startup Cost": 7829.57,"Total Cost": 112542.33,"Plan Rows": 18077,"Plan Width": 33,"Actual Startup Time": 58.239,"Actual Total Time": 167.706,"Actual Rows": 15488,"Actual Loops": 5,"Inner Unique": true,"Hash Cond": "(lineitem.l_partkey = part.p_partkey)","Workers": [],"Plans": [{"Node Type": "Bitmap Heap Scan","Parent Relationship": "Outer","Parallel Aware": true,"Async Capable": false,"Relation Name": "lineitem","Alias": "lineitem","Startup Cost": 1857.58,"Total Cost": 106522.88,"Plan Rows": 18077,"Plan Width": 16,"Actual Startup Time": 22.396,"Actual Total Time": 105.318,"Actual Rows": 15488,"Actual Loops": 5,"Recheck Cond": "((l_shipdate >= '1997-05-01'::date) AND (l_shipdate < '1997-06-01 00:00:00'::timestamp without time zone))","Rows Removed by Index Recheck": 0,"Exact Heap Blocks": 7623,"Lossy Heap Blocks": 0,"Workers": [],"Plans": [{"Node Type": "Bitmap Index Scan","Parent Relationship": "Outer","Parallel Aware": false,"Async Capable": false,"Index Name": "idx_lineitem_shipdate","Startup Cost": 0.00,"Total Cost": 1839.50,"Plan Rows": 72307,"Plan Width": 0,"Actual Startup Time": 16.147,"Actual Total Time": 16.149,"Actual Rows": 77438,"Actual Loops": 1,"Index Cond": "((l_shipdate >= '1997-05-01'::date) AND (l_shipdate < '1997-06-01 00:00:00'::timestamp without time zone))","Workers": []}]},{"Node Type": "Hash","Parent Relationship": "Inner","Parallel Aware": true,"Async Capable": false,"Startup Cost": 4930.33,"Total Cost": 4930.33,"Plan Rows": 83333,"Plan Width": 25,"Actual Startup Time": 35.023,"Actual Total Time": 35.029,"Actual Rows": 40000,"Actual Loops": 5,"Hash Buckets": 262144,"Original Hash Buckets": 262144,"Hash Batches": 1,"Original Hash Batches": 1,"Peak Memory Usage": 14240,"Workers": [],"Plans": [{"Node Type": "Seq Scan","Parent Relationship": "Outer","Parallel Aware": true,"Async Capable": false,"Relation Name": "part","Alias": "part","Startup Cost": 0.00,"Total Cost": 4930.33,"Plan Rows": 83333,"Plan Width": 25,"Actual Startup Time": 0.034,"Actual Total Time": 15.067,"Actual Rows": 40000,"Actual Loops": 5,"Workers": []}]}]}]}]}]},"Planning Time": 4.177,"Triggers": [],"Execution Time": 201.222}]
[{"Plan": {"Node Type": "Aggregate","Strategy": "Plain","Partial Mode": "Finalize","Parallel Aware": false,"Async Capable": false,"Startup Cost": 116739.50,"Total Cost": 116739.52,"Plan Rows": 1,"Plan Width": 32,"Actual Startup Time": 206.757,"Actual Total Time": 221.834,"Actual Rows": 1,"Actual Loops": 1,"Plans": [{"Node Type": "Gather","Parent Relationship": "Outer","Parallel Aware": false,"Async Capable": false,"Startup Cost": 116739.05,"Total Cost": 116739.46,"Plan Rows": 4,"Plan Width": 64,"Actual Startup Time": 205.325,"Actual Total Time": 221.800,"Actual Rows": 5,"Actual Loops": 1,"Workers Planned": 4,"Workers Launched": 4,"Single Copy": false,"Plans": [{"Node Type": "Aggregate","Strategy": "Plain","Partial Mode": "Partial","Parent Relationship": "Outer","Parallel Aware": false,"Async Capable": false,"Startup Cost": 115739.05,"Total Cost": 115739.06,"Plan Rows": 1,"Plan Width": 64,"Actual Startup Time": 197.703,"Actual Total Time": 197.711,"Actual Rows": 1,"Actual Loops": 5,"Workers": [],"Plans": [{"Node Type": "Hash Join","Parent Relationship": "Outer","Parallel Aware": true,"Async Capable": false,"Join Type": "Inner","Startup Cost": 7981.52,"Total Cost": 115397.11,"Plan Rows": 19539,"Plan Width": 33,"Actual Startup Time": 72.726,"Actual Total Time": 192.051,"Actual Rows": 13912,"Actual Loops": 5,"Inner Unique": true,"Hash Cond": "(lineitem.l_partkey = part.p_partkey)","Workers": [],"Plans": [{"Node Type": "Bitmap Heap Scan","Parent Relationship": "Outer","Parallel Aware": true,"Async Capable": false,"Relation Name": "lineitem","Alias": "lineitem","Startup Cost": 2009.52,"Total Cost": 109373.83,"Plan Rows": 19539,"Plan Width": 16,"Actual Startup Time": 32.073,"Actual Total Time": 122.872,"Actual Rows": 13912,"Actual Loops": 5,"Recheck Cond": "((l_shipdate >= '1994-02-01'::date) AND (l_shipdate < '1994-03-01 00:00:00'::timestamp without time zone))","Rows Removed by Index Recheck": 0,"Exact Heap Blocks": 7943,"Lossy Heap Blocks": 0,"Workers": [],"Plans": [{"Node Type": "Bitmap Index Scan","Parent Relationship": "Outer","Parallel Aware": false,"Async Capable": false,"Index Name": "idx_lineitem_shipdate","Startup Cost": 0.00,"Total Cost": 1989.98,"Plan Rows": 78155,"Plan Width": 0,"Actual Startup Time": 25.713,"Actual Total Time": 25.716,"Actual Rows": 69561,"Actual Loops": 1,"Index Cond": "((l_shipdate >= '1994-02-01'::date) AND (l_shipdate < '1994-03-01 00:00:00'::timestamp without time zone))","Workers": []}]},{"Node Type": "Hash","Parent Relationship": "Inner","Parallel Aware": true,"Async Capable": false,"Startup Cost": 4930.33,"Total Cost": 4930.33,"Plan Rows": 83333,"Plan Width": 25,"Actual Startup Time": 39.838,"Actual Total Time": 39.841,"Actual Rows": 40000,"Actual Loops": 5,"Hash Buckets": 262144,"Original Hash Buckets": 262144,"Hash Batches": 1,"Original Hash Batches": 1,"Peak Memory Usage": 14208,"Workers": [],"Plans": [{"Node Type": "Seq Scan","Parent Relationship": "Outer","Parallel Aware": true,"Async Capable": false,"Relation Name": "part","Alias": "part","Startup Cost": 0.00,"Total Cost": 4930.33,"Plan Rows": 83333,"Plan Width": 25,"Actual Startup Time": 0.036,"Actual Total Time": 16.923,"Actual Rows": 40000,"Actual Loops": 5,"Workers": []}]}]}]}]}]},"Planning Time": 4.192,"Triggers": [],"Execution Time": 222.123}]
[{"Plan": {"Node Type": "Aggregate","Strategy": "Plain","Partial Mode": "Finalize","Parallel Aware": false,"Async Capable": false,"Startup Cost": 119289.39,"Total Cost": 119289.41,"Plan Rows": 1,"Plan Width": 32,"Actual Startup Time": 204.802,"Actual Total Time": 222.888,"Actual Rows": 1,"Actual Loops": 1,"Plans": [{"Node Type": "Gather","Parent Relationship": "Outer","Parallel Aware": false,"Async Capable": false,"Startup Cost": 119288.94,"Total Cost": 119289.35,"Plan Rows": 4,"Plan Width": 64,"Actual Startup Time": 203.555,"Actual Total Time": 222.838,"Actual Rows": 5,"Actual Loops": 1,"Workers Planned": 4,"Workers Launched": 4,"Single Copy": false,"Plans": [{"Node Type": "Aggregate","Strategy": "Plain","Partial Mode": "Partial","Parent Relationship": "Outer","Parallel Aware": false,"Async Capable": false,"Startup Cost": 118288.94,"Total Cost": 118288.95,"Plan Rows": 1,"Plan Width": 64,"Actual Startup Time": 195.786,"Actual Total Time": 195.801,"Actual Rows": 1,"Actual Loops": 5,"Workers": [],"Plans": [{"Node Type": "Hash Join","Parent Relationship": "Outer","Parallel Aware": true,"Async Capable": false,"Join Type": "Inner","Startup Cost": 8134.94,"Total Cost": 117920.78,"Plan Rows": 21037,"Plan Width": 33,"Actual Startup Time": 63.668,"Actual Total Time": 189.753,"Actual Rows": 15270,"Actual Loops": 5,"Inner Unique": true,"Hash Cond": "(lineitem.l_partkey = part.p_partkey)","Workers": [],"Plans": [{"Node Type": "Bitmap Heap Scan","Parent Relationship": "Outer","Parallel Aware": true,"Async Capable": false,"Relation Name": "lineitem","Alias": "lineitem","Startup Cost": 2162.94,"Total Cost": 111893.57,"Plan Rows": 21037,"Plan Width": 16,"Actual Startup Time": 29.116,"Actual Total Time": 125.615,"Actual Rows": 15270,"Actual Loops": 5,"Recheck Cond": "((l_shipdate >= '1993-05-01'::date) AND (l_shipdate < '1993-06-01 00:00:00'::timestamp without time zone))","Rows Removed by Index Recheck": 0,"Exact Heap Blocks": 7951,"Lossy Heap Blocks": 0,"Workers": [],"Plans": [{"Node Type": "Bitmap Index Scan","Parent Relationship": "Outer","Parallel Aware": false,"Async Capable": false,"Index Name": "idx_lineitem_shipdate","Startup Cost": 0.00,"Total Cost": 2141.90,"Plan Rows": 84147,"Plan Width": 0,"Actual Startup Time": 22.635,"Actual Total Time": 22.640,"Actual Rows": 76352,"Actual Loops": 1,"Index Cond": "((l_shipdate >= '1993-05-01'::date) AND (l_shipdate < '1993-06-01 00:00:00'::timestamp without time zone))","Workers": []}]},{"Node Type": "Hash","Parent Relationship": "Inner","Parallel Aware": true,"Async Capable": false,"Startup Cost": 4930.33,"Total Cost": 4930.33,"Plan Rows": 83333,"Plan Width": 25,"Actual Startup Time": 33.871,"Actual Total Time": 33.875,"Actual Rows": 40000,"Actual Loops": 5,"Hash Buckets": 262144,"Original Hash Buckets": 262144,"Hash Batches": 1,"Original Hash Batches": 1,"Peak Memory Usage": 14176,"Workers": [],"Plans": [{"Node Type": "Seq Scan","Parent Relationship": "Outer","Parallel Aware": true,"Async Capable": false,"Relation Name": "part","Alias": "part","Startup Cost": 0.00,"Total Cost": 4930.33,"Plan Rows": 83333,"Plan Width": 25,"Actual Startup Time": 0.034,"Actual Total Time": 14.821,"Actual Rows": 40000,"Actual Loops": 5,"Workers": []}]}]}]}]}]},"Planning Time": 5.245,"Triggers": [],"Execution Time": 223.291}]
[{"Plan": {"Node Type": "Aggregate","Strategy": "Plain","Partial Mode": "Finalize","Parallel Aware": false,"Async Capable": false,"Startup Cost": 116979.32,"Total Cost": 116979.34,"Plan Rows": 1,"Plan Width": 32,"Actual Startup Time": 204.621,"Actual Total Time": 221.335,"Actual Rows": 1,"Actual Loops": 1,"Plans": [{"Node Type": "Gather","Parent Relationship": "Outer","Parallel Aware": false,"Async Capable": false,"Startup Cost": 116978.87,"Total Cost": 116979.28,"Plan Rows": 4,"Plan Width": 64,"Actual Startup Time": 203.046,"Actual Total Time": 221.293,"Actual Rows": 5,"Actual Loops": 1,"Workers Planned": 4,"Workers Launched": 4,"Single Copy": false,"Plans": [{"Node Type": "Aggregate","Strategy": "Plain","Partial Mode": "Partial","Parent Relationship": "Outer","Parallel Aware": false,"Async Capable": false,"Startup Cost": 115978.87,"Total Cost": 115978.88,"Plan Rows": 1,"Plan Width": 64,"Actual Startup Time": 194.974,"Actual Total Time": 194.985,"Actual Rows": 1,"Actual Loops": 5,"Workers": [],"Plans": [{"Node Type": "Hash Join","Parent Relationship": "Outer","Parallel Aware": true,"Async Capable": false,"Join Type": "Inner","Startup Cost": 7994.93,"Total Cost": 115634.62,"Plan Rows": 19671,"Plan Width": 33,"Actual Startup Time": 65.973,"Actual Total Time": 188.830,"Actual Rows": 15499,"Actual Loops": 5,"Inner Unique": true,"Hash Cond": "(lineitem.l_partkey = part.p_partkey)","Workers": [],"Plans": [{"Node Type": "Bitmap Heap Scan","Parent Relationship": "Outer","Parallel Aware": true,"Async Capable": false,"Relation Name": "lineitem","Alias": "lineitem","Startup Cost": 2022.93,"Total Cost": 109610.99,"Plan Rows": 19671,"Plan Width": 16,"Actual Startup Time": 29.215,"Actual Total Time": 122.190,"Actual Rows": 15499,"Actual Loops": 5,"Recheck Cond": "((l_shipdate >= '1997-07-01'::date) AND (l_shipdate < '1997-08-01 00:00:00'::timestamp without time zone))","Rows Removed by Index Recheck": 0,"Exact Heap Blocks": 7395,"Lossy Heap Blocks": 0,"Workers": [],"Plans": [{"Node Type": "Bitmap Index Scan","Parent Relationship": "Outer","Parallel Aware": false,"Async Capable": false,"Index Name": "idx_lineitem_shipdate","Startup Cost": 0.00,"Total Cost": 2003.26,"Plan Rows": 78683,"Plan Width": 0,"Actual Startup Time": 22.702,"Actual Total Time": 22.702,"Actual Rows": 77493,"Actual Loops": 1,"Index Cond": "((l_shipdate >= '1997-07-01'::date) AND (l_shipdate < '1997-08-01 00:00:00'::timestamp without time zone))","Workers": []}]},{"Node Type": "Hash","Parent Relationship": "Inner","Parallel Aware": true,"Async Capable": false,"Startup Cost": 4930.33,"Total Cost": 4930.33,"Plan Rows": 83333,"Plan Width": 25,"Actual Startup Time": 36.077,"Actual Total Time": 36.081,"Actual Rows": 40000,"Actual Loops": 5,"Hash Buckets": 262144,"Original Hash Buckets": 262144,"Hash Batches": 1,"Original Hash Batches": 1,"Peak Memory Usage": 14176,"Workers": [],"Plans": [{"Node Type": "Seq Scan","Parent Relationship": "Outer","Parallel Aware": true,"Async Capable": false,"Relation Name": "part","Alias": "part","Startup Cost": 0.00,"Total Cost": 4930.33,"Plan Rows": 83333,"Plan Width": 25,"Actual Startup Time": 0.024,"Actual Total Time": 16.983,"Actual Rows": 40000,"Actual Loops": 5,"Workers": []}]}]}]}]}]},"Planning Time": 4.182,"Triggers": [],"Execution Time": 221.556}]
[{"Plan": {"Node Type": "Aggregate","Strategy": "Plain","Partial Mode": "Finalize","Parallel Aware": false,"Async Capable": false,"Startup Cost": 116423.51,"Total Cost": 116423.52,"Plan Rows": 1,"Plan Width": 32,"Actual Startup Time": 193.419,"Actual Total Time": 210.903,"Actual Rows": 1,"Actual Loops": 1,"Plans": [{"Node Type": "Gather","Parent Relationship": "Outer","Parallel Aware": false,"Async Capable": false,"Startup Cost": 116423.05,"Total Cost": 116423.46,"Plan Rows": 4,"Plan Width": 64,"Actual Startup Time": 191.772,"Actual Total Time": 210.852,"Actual Rows": 5,"Actual Loops": 1,"Workers Planned": 4,"Workers Launched": 4,"Single Copy": false,"Plans": [{"Node Type": "Aggregate","Strategy": "Plain","Partial Mode": "Partial","Parent Relationship": "Outer","Parallel Aware": false,"Async Capable": false,"Startup Cost": 115423.05,"Total Cost": 115423.06,"Plan Rows": 1,"Plan Width": 64,"Actual Startup Time": 184.034,"Actual Total Time": 184.046,"Actual Rows": 1,"Actual Loops": 5,"Workers": [],"Plans": [{"Node Type": "Hash Join","Parent Relationship": "Outer","Parallel Aware": true,"Async Capable": false,"Join Type": "Inner","Startup Cost": 7962.54,"Total Cost": 115084.11,"Plan Rows": 19368,"Plan Width": 33,"Actual Startup Time": 59.026,"Actual Total Time": 177.787,"Actual Rows": 15441,"Actual Loops": 5,"Inner Unique": true,"Hash Cond": "(lineitem.l_partkey = part.p_partkey)","Workers": [],"Plans": [{"Node Type": "Bitmap Heap Scan","Parent Relationship": "Outer","Parallel Aware": true,"Async Capable": false,"Relation Name": "lineitem","Alias": "lineitem","Startup Cost": 1990.54,"Total Cost": 109061.27,"Plan Rows": 19368,"Plan Width": 16,"Actual Startup Time": 22.262,"Actual Total Time": 110.318,"Actual Rows": 15441,"Actual Loops": 5,"Recheck Cond": "((l_shipdate >= '1995-12-01'::date) AND (l_shipdate < '1996-01-01 00:00:00'::timestamp without time zone))","Rows Removed by Index Recheck": 0,"Exact Heap Blocks": 7749,"Lossy Heap Blocks": 0,"Workers": [],"Plans": [{"Node Type": "Bitmap Index Scan","Parent Relationship": "Outer","Parallel Aware": false,"Async Capable": false,"Index Name": "idx_lineitem_shipdate","Startup Cost": 0.00,"Total Cost": 1971.17,"Plan Rows": 77474,"Plan Width": 0,"Actual Startup Time": 16.016,"Actual Total Time": 16.018,"Actual Rows": 77203,"Actual Loops": 1,"Index Cond": "((l_shipdate >= '1995-12-01'::date) AND (l_shipdate < '1996-01-01 00:00:00'::timestamp without time zone))","Workers": []}]},{"Node Type": "Hash","Parent Relationship": "Inner","Parallel Aware": true,"Async Capable": false,"Startup Cost": 4930.33,"Total Cost": 4930.33,"Plan Rows": 83333,"Plan Width": 25,"Actual Startup Time": 36.084,"Actual Total Time": 36.088,"Actual Rows": 40000,"Actual Loops": 5,"Hash Buckets": 262144,"Original Hash Buckets": 262144,"Hash Batches": 1,"Original Hash Batches": 1,"Peak Memory Usage": 14208,"Workers": [],"Plans": [{"Node Type": "Seq Scan","Parent Relationship": "Outer","Parallel Aware": true,"Async Capable": false,"Relation Name": "part","Alias": "part","Startup Cost": 0.00,"Total Cost": 4930.33,"Plan Rows": 83333,"Plan Width": 25,"Actual Startup Time": 0.025,"Actual Total Time": 17.161,"Actual Rows": 40000,"Actual Loops": 5,"Workers": []}]}]}]}]}]},"Planning Time": 5.431,"Triggers": [],"Execution Time": 211.162}]
[{"Plan": {"Node Type": "Aggregate","Strategy": "Plain","Partial Mode": "Finalize","Parallel Aware": false,"Async Capable": false,"Startup Cost": 115414.72,"Total Cost": 115414.73,"Plan Rows": 1,"Plan Width": 32,"Actual Startup Time": 187.053,"Actual Total Time": 203.755,"Actual Rows": 1,"Actual Loops": 1,"Plans": [{"Node Type": "Gather","Parent Relationship": "Outer","Parallel Aware": false,"Async Capable": false,"Startup Cost": 115414.26,"Total Cost": 115414.67,"Plan Rows": 4,"Plan Width": 64,"Actual Startup Time": 185.070,"Actual Total Time": 203.718,"Actual Rows": 5,"Actual Loops": 1,"Workers Planned": 4,"Workers Launched": 4,"Single Copy": false,"Plans": [{"Node Type": "Aggregate","Strategy": "Plain","Partial Mode": "Partial","Parent Relationship": "Outer","Parallel Aware": false,"Async Capable": false,"Startup Cost": 114414.26,"Total Cost": 114414.27,"Plan Rows": 1,"Plan Width": 64,"Actual Startup Time": 177.250,"Actual Total Time": 177.262,"Actual Rows": 1,"Actual Loops": 5,"Workers": [],"Plans": [{"Node Type": "Hash Join","Parent Relationship": "Outer","Parallel Aware": true,"Async Capable": false,"Join Type": "Inner","Startup Cost": 7908.88,"Total Cost": 114084.56,"Plan Rows": 18840,"Plan Width": 33,"Actual Startup Time": 55.990,"Actual Total Time": 171.341,"Actual Rows": 14962,"Actual Loops": 5,"Inner Unique": true,"Hash Cond": "(lineitem.l_partkey = part.p_partkey)","Workers": [],"Plans": [{"Node Type": "Bitmap Heap Scan","Parent Relationship": "Outer","Parallel Aware": true,"Async Capable": false,"Relation Name": "lineitem","Alias": "lineitem","Startup Cost": 1936.88,"Total Cost": 108063.10,"Plan Rows": 18840,"Plan Width": 16,"Actual Startup Time": 21.982,"Actual Total Time": 110.904,"Actual Rows": 14962,"Actual Loops": 5,"Recheck Cond": "((l_shipdate >= '1994-06-01'::date) AND (l_shipdate < '1994-07-01 00:00:00'::timestamp without time zone))","Rows Removed by Index Recheck": 0,"Exact Heap Blocks": 8391,"Lossy Heap Blocks": 0,"Workers": [],"Plans": [{"Node Type": "Bitmap Index Scan","Parent Relationship": "Outer","Parallel Aware": false,"Async Capable": false,"Index Name": "idx_lineitem_shipdate","Startup Cost": 0.00,"Total Cost": 1918.04,"Plan Rows": 75361,"Plan Width": 0,"Actual Startup Time": 15.790,"Actual Total Time": 15.792,"Actual Rows": 74812,"Actual Loops": 1,"Index Cond": "((l_shipdate >= '1994-06-01'::date) AND (l_shipdate < '1994-07-01 00:00:00'::timestamp without time zone))","Workers": []}]},{"Node Type": "Hash","Parent Relationship": "Inner","Parallel Aware": true,"Async Capable": false,"Startup Cost": 4930.33,"Total Cost": 4930.33,"Plan Rows": 83333,"Plan Width": 25,"Actual Startup Time": 33.250,"Actual Total Time": 33.254,"Actual Rows": 40000,"Actual Loops": 5,"Hash Buckets": 262144,"Original Hash Buckets": 262144,"Hash Batches": 1,"Original Hash Batches": 1,"Peak Memory Usage": 14240,"Workers": [],"Plans": [{"Node Type": "Seq Scan","Parent Relationship": "Outer","Parallel Aware": true,"Async Capable": false,"Relation Name": "part","Alias": "part","Startup Cost": 0.00,"Total Cost": 4930.33,"Plan Rows": 83333,"Plan Width": 25,"Actual Startup Time": 0.033,"Actual Total Time": 14.354,"Actual Rows": 40000,"Actual Loops": 5,"Workers": []}]}]}]}]}]},"Planning Time": 4.908,"Triggers": [],"Execution Time": 204.115}]
[{"Plan": {"Node Type": "Aggregate","Strategy": "Plain","Partial Mode": "Finalize","Parallel Aware": false,"Async Capable": false,"Startup Cost": 118140.12,"Total Cost": 118140.13,"Plan Rows": 1,"Plan Width": 32,"Actual Startup Time": 185.903,"Actual Total Time": 202.979,"Actual Rows": 1,"Actual Loops": 1,"Plans": [{"Node Type": "Gather","Parent Relationship": "Outer","Parallel Aware": false,"Async Capable": false,"Startup Cost": 118139.66,"Total Cost": 118140.07,"Plan Rows": 4,"Plan Width": 64,"Actual Startup Time": 184.390,"Actual Total Time": 202.925,"Actual Rows": 5,"Actual Loops": 1,"Workers Planned": 4,"Workers Launched": 4,"Single Copy": false,"Plans": [{"Node Type": "Aggregate","Strategy": "Plain","Partial Mode": "Partial","Parent Relationship": "Outer","Parallel Aware": false,"Async Capable": false,"Startup Cost": 117139.66,"Total Cost": 117139.67,"Plan Rows": 1,"Plan Width": 64,"Actual Startup Time": 176.869,"Actual Total Time": 176.882,"Actual Rows": 1,"Actual Loops": 5,"Workers": [],"Plans": [{"Node Type": "Hash Join","Parent Relationship": "Outer","Parallel Aware": true,"Async Capable": false,"Join Type": "Inner","Startup Cost": 8062.13,"Total Cost": 116783.81,"Plan Rows": 20334,"Plan Width": 33,"Actual Startup Time": 60.553,"Actual Total Time": 171.029,"Actual Rows": 15084,"Actual Loops": 5,"Inner Unique": true,"Hash Cond": "(lineitem.l_partkey = part.p_partkey)","Workers": [],"Plans": [{"Node Type": "Bitmap Heap Scan","Parent Relationship": "Outer","Parallel Aware": true,"Async Capable": false,"Relation Name": "lineitem","Alias": "lineitem","Startup Cost": 2090.14,"Total Cost": 110758.44,"Plan Rows": 20334,"Plan Width": 16,"Actual Startup Time": 24.977,"Actual Total Time": 107.592,"Actual Rows": 15084,"Actual Loops": 5,"Recheck Cond": "((l_shipdate >= '1996-11-01'::date) AND (l_shipdate < '1996-12-01 00:00:00'::timestamp without time zone))","Rows Removed by Index Recheck": 0,"Exact Heap Blocks": 7792,"Lossy Heap Blocks": 0,"Workers": [],"Plans": [{"Node Type": "Bitmap Index Scan","Parent Relationship": "Outer","Parallel Aware": false,"Async Capable": false,"Index Name": "idx_lineitem_shipdate","Startup Cost": 0.00,"Total Cost": 2069.80,"Plan Rows": 81337,"Plan Width": 0,"Actual Startup Time": 18.606,"Actual Total Time": 18.607,"Actual Rows": 75419,"Actual Loops": 1,"Index Cond": "((l_shipdate >= '1996-11-01'::date) AND (l_shipdate < '1996-12-01 00:00:00'::timestamp without time zone))","Workers": []}]},{"Node Type": "Hash","Parent Relationship": "Inner","Parallel Aware": true,"Async Capable": false,"Startup Cost": 4930.33,"Total Cost": 4930.33,"Plan Rows": 83333,"Plan Width": 25,"Actual Startup Time": 34.770,"Actual Total Time": 34.774,"Actual Rows": 40000,"Actual Loops": 5,"Hash Buckets": 262144,"Original Hash Buckets": 262144,"Hash Batches": 1,"Original Hash Batches": 1,"Peak Memory Usage": 14240,"Workers": [],"Plans": [{"Node Type": "Seq Scan","Parent Relationship": "Outer","Parallel Aware": true,"Async Capable": false,"Relation Name": "part","Alias": "part","Startup Cost": 0.00,"Total Cost": 4930.33,"Plan Rows": 83333,"Plan Width": 25,"Actual Startup Time": 0.035,"Actual Total Time": 15.079,"Actual Rows": 40000,"Actual Loops": 5,"Workers": []}]}]}]}]}]},"Planning Time": 3.987,"Triggers": [],"Execution Time": 203.309}]
[{"Plan": {"Node Type": "Aggregate","Strategy": "Plain","Partial Mode": "Finalize","Parallel Aware": false,"Async Capable": false,"Startup Cost": 116279.97,"Total Cost": 116279.99,"Plan Rows": 1,"Plan Width": 32,"Actual Startup Time": 208.330,"Actual Total Time": 226.126,"Actual Rows": 1,"Actual Loops": 1,"Plans": [{"Node Type": "Gather","Parent Relationship": "Outer","Parallel Aware": false,"Async Capable": false,"Startup Cost": 116279.52,"Total Cost": 116279.93,"Plan Rows": 4,"Plan Width": 64,"Actual Startup Time": 206.980,"Actual Total Time": 226.083,"Actual Rows": 5,"Actual Loops": 1,"Workers Planned": 4,"Workers Launched": 4,"Single Copy": false,"Plans": [{"Node Type": "Aggregate","Strategy": "Plain","Partial Mode": "Partial","Parent Relationship": "Outer","Parallel Aware": false,"Async Capable": false,"Startup Cost": 115279.52,"Total Cost": 115279.53,"Plan Rows": 1,"Plan Width": 64,"Actual Startup Time": 199.451,"Actual Total Time": 199.462,"Actual Rows": 1,"Actual Loops": 5,"Workers": [],"Plans": [{"Node Type": "Hash Join","Parent Relationship": "Outer","Parallel Aware": true,"Async Capable": false,"Join Type": "Inner","Startup Cost": 7955.37,"Total Cost": 114941.92,"Plan Rows": 19291,"Plan Width": 33,"Actual Startup Time": 65.506,"Actual Total Time": 193.383,"Actual Rows": 14979,"Actual Loops": 5,"Inner Unique": true,"Hash Cond": "(lineitem.l_partkey = part.p_partkey)","Workers": [],"Plans": [{"Node Type": "Bitmap Heap Scan","Parent Relationship": "Outer","Parallel Aware": true,"Async Capable": false,"Relation Name": "lineitem","Alias": "lineitem","Startup Cost": 1983.37,"Total Cost": 108919.29,"Plan Rows": 19291,"Plan Width": 16,"Actual Startup Time": 28.807,"Actual Total Time": 126.686,"Actual Rows": 14979,"Actual Loops": 5,"Recheck Cond": "((l_shipdate >= '1994-11-01'::date) AND (l_shipdate < '1994-12-01 00:00:00'::timestamp without time zone))","Rows Removed by Index Recheck": 0,"Exact Heap Blocks": 8098,"Lossy Heap Blocks": 0,"Workers": [],"Plans": [{"Node Type": "Bitmap Index Scan","Parent Relationship": "Outer","Parallel Aware": false,"Async Capable": false,"Index Name": "idx_lineitem_shipdate","Startup Cost": 0.00,"Total Cost": 1964.08,"Plan Rows": 77165,"Plan Width": 0,"Actual Startup Time": 22.263,"Actual Total Time": 22.266,"Actual Rows": 74894,"Actual Loops": 1,"Index Cond": "((l_shipdate >= '1994-11-01'::date) AND (l_shipdate < '1994-12-01 00:00:00'::timestamp without time zone))","Workers": []}]},{"Node Type": "Hash","Parent Relationship": "Inner","Parallel Aware": true,"Async Capable": false,"Startup Cost": 4930.33,"Total Cost": 4930.33,"Plan Rows": 83333,"Plan Width": 25,"Actual Startup Time": 36.037,"Actual Total Time": 36.042,"Actual Rows": 40000,"Actual Loops": 5,"Hash Buckets": 262144,"Original Hash Buckets": 262144,"Hash Batches": 1,"Original Hash Batches": 1,"Peak Memory Usage": 14208,"Workers": [],"Plans": [{"Node Type": "Seq Scan","Parent Relationship": "Outer","Parallel Aware": true,"Async Capable": false,"Relation Name": "part","Alias": "part","Startup Cost": 0.00,"Total Cost": 4930.33,"Plan Rows": 83333,"Plan Width": 25,"Actual Startup Time": 0.033,"Actual Total Time": 15.614,"Actual Rows": 40000,"Actual Loops": 5,"Workers": []}]}]}]}]}]},"Planning Time": 4.356,"Triggers": [],"Execution Time": 226.431}]
[{"Plan": {"Node Type": "Aggregate","Strategy": "Plain","Partial Mode": "Finalize","Parallel Aware": false,"Async Capable": false,"Startup Cost": 114725.33,"Total Cost": 114725.34,"Plan Rows": 1,"Plan Width": 32,"Actual Startup Time": 192.923,"Actual Total Time": 209.763,"Actual Rows": 1,"Actual Loops": 1,"Plans": [{"Node Type": "Gather","Parent Relationship": "Outer","Parallel Aware": false,"Async Capable": false,"Startup Cost": 114724.87,"Total Cost": 114725.28,"Plan Rows": 4,"Plan Width": 64,"Actual Startup Time": 191.499,"Actual Total Time": 209.727,"Actual Rows": 5,"Actual Loops": 1,"Workers Planned": 4,"Workers Launched": 4,"Single Copy": false,"Plans": [{"Node Type": "Aggregate","Strategy": "Plain","Partial Mode": "Partial","Parent Relationship": "Outer","Parallel Aware": false,"Async Capable": false,"Startup Cost": 113724.87,"Total Cost": 113724.88,"Plan Rows": 1,"Plan Width": 64,"Actual Startup Time": 183.203,"Actual Total Time": 183.211,"Actual Rows": 1,"Actual Loops": 5,"Workers": [],"Plans": [{"Node Type": "Hash Join","Parent Relationship": "Outer","Parallel Aware": true,"Async Capable": false,"Join Type": "Inner","Startup Cost": 7874.68,"Total Cost": 113401.22,"Plan Rows": 18494,"Plan Width": 33,"Actual Startup Time": 59.447,"Actual Total Time": 177.013,"Actual Rows": 15439,"Actual Loops": 5,"Inner Unique": true,"Hash Cond": "(lineitem.l_partkey = part.p_partkey)","Workers": [],"Plans": [{"Node Type": "Bitmap Heap Scan","Parent Relationship": "Outer","Parallel Aware": true,"Async Capable": false,"Relation Name": "lineitem","Alias": "lineitem","Startup Cost": 1902.69,"Total Cost": 107380.68,"Plan Rows": 18494,"Plan Width": 16,"Actual Startup Time": 22.483,"Actual Total Time": 108.769,"Actual Rows": 15439,"Actual Loops": 5,"Recheck Cond": "((l_shipdate >= '1993-03-01'::date) AND (l_shipdate < '1993-04-01 00:00:00'::timestamp without time zone))","Rows Removed by Index Recheck": 0,"Exact Heap Blocks": 7570,"Lossy Heap Blocks": 0,"Workers": [],"Plans": [{"Node Type": "Bitmap Index Scan","Parent Relationship": "Outer","Parallel Aware": false,"Async Capable": false,"Index Name": "idx_lineitem_shipdate","Startup Cost": 0.00,"Total Cost": 1884.19,"Plan Rows": 73976,"Plan Width": 0,"Actual Startup Time": 16.141,"Actual Total Time": 16.143,"Actual Rows": 77194,"Actual Loops": 1,"Index Cond": "((l_shipdate >= '1993-03-01'::date) AND (l_shipdate < '1993-04-01 00:00:00'::timestamp without time zone))","Workers": []}]},{"Node Type": "Hash","Parent Relationship": "Inner","Parallel Aware": true,"Async Capable": false,"Startup Cost": 4930.33,"Total Cost": 4930.33,"Plan Rows": 83333,"Plan Width": 25,"Actual Startup Time": 36.196,"Actual Total Time": 36.199,"Actual Rows": 40000,"Actual Loops": 5,"Hash Buckets": 262144,"Original Hash Buckets": 262144,"Hash Batches": 1,"Original Hash Batches": 1,"Peak Memory Usage": 14176,"Workers": [],"Plans": [{"Node Type": "Seq Scan","Parent Relationship": "Outer","Parallel Aware": true,"Async Capable": false,"Relation Name": "part","Alias": "part","Startup Cost": 0.00,"Total Cost": 4930.33,"Plan Rows": 83333,"Plan Width": 25,"Actual Startup Time": 0.033,"Actual Total Time": 16.359,"Actual Rows": 40000,"Actual Loops": 5,"Workers": []}]}]}]}]}]},"Planning Time": 5.414,"Triggers": [],"Execution Time": 210.129}]
[{"Plan": {"Node Type": "Aggregate","Strategy": "Plain","Partial Mode": "Finalize","Parallel Aware": false,"Async Capable": false,"Startup Cost": 114725.33,"Total Cost": 114725.34,"Plan Rows": 1,"Plan Width": 32,"Actual Startup Time": 192.923,"Actual Total Time": 209.763,"Actual Rows": 1,"Actual Loops": 1,"Plans": [{"Node Type": "Gather","Parent Relationship": "Outer","Parallel Aware": false,"Async Capable": false,"Startup Cost": 114724.87,"Total Cost": 114725.28,"Plan Rows": 4,"Plan Width": 64,"Actual Startup Time": 191.499,"Actual Total Time": 209.727,"Actual Rows": 5,"Actual Loops": 1,"Workers Planned": 4,"Workers Launched": 4,"Single Copy": false,"Plans": [{"Node Type": "Aggregate","Strategy": "Plain","Partial Mode": "Partial","Parent Relationship": "Outer","Parallel Aware": false,"Async Capable": false,"Startup Cost": 113724.87,"Total Cost": 113724.88,"Plan Rows": 1,"Plan Width": 64,"Actual Startup Time": 183.203,"Actual Total Time": 183.211,"Actual Rows": 1,"Actual Loops": 5,"Workers": [],"Plans": [{"Node Type": "Hash Join","Parent Relationship": "Outer","Parallel Aware": true,"Async Capable": false,"Join Type": "Inner","Startup Cost": 7874.68,"Total Cost": 113401.22,"Plan Rows": 18494,"Plan Width": 33,"Actual Startup Time": 59.447,"Actual Total Time": 177.013,"Actual Rows": 15439,"Actual Loops": 5,"Inner Unique": true,"Hash Cond": "(lineitem.l_partkey = part.p_partkey)","Workers": [],"Plans": [{"Node Type": "Bitmap Heap Scan","Parent Relationship": "Outer","Parallel Aware": true,"Async Capable": false,"Relation Name": "lineitem","Alias": "lineitem","Startup Cost": 1902.69,"Total Cost": 107380.68,"Plan Rows": 18494,"Plan Width": 16,"Actual Startup Time": 22.483,"Actual Total Time": 108.769,"Actual Rows": 15439,"Actual Loops": 5,"Recheck Cond": "((l_shipdate >= '1993-03-01'::date) AND (l_shipdate < '1993-04-01 00:00:00'::timestamp without time zone))","Rows Removed by Index Recheck": 0,"Exact Heap Blocks": 7570,"Lossy Heap Blocks": 0,"Workers": [],"Plans": [{"Node Type": "Bitmap Index Scan","Parent Relationship": "Outer","Parallel Aware": false,"Async Capable": false,"Index Name": "idx_lineitem_shipdate","Startup Cost": 0.00,"Total Cost": 1884.19,"Plan Rows": 73976,"Plan Width": 0,"Actual Startup Time": 16.141,"Actual Total Time": 16.143,"Actual Rows": 77194,"Actual Loops": 1,"Index Cond": "((l_shipdate >= '1993-03-01'::date) AND (l_shipdate < '1993-04-01 00:00:00'::timestamp without time zone))","Workers": []}]},{"Node Type": "Hash","Parent Relationship": "Inner","Parallel Aware": true,"Async Capable": false,"Startup Cost": 4930.33,"Total Cost": 4930.33,"Plan Rows": 83333,"Plan Width": 25,"Actual Startup Time": 36.196,"Actual Total Time": 36.199,"Actual Rows": 40000,"Actual Loops": 5,"Hash Buckets": 262144,"Original Hash Buckets": 262144,"Hash Batches": 1,"Original Hash Batches": 1,"Peak Memory Usage": 14176,"Workers": [],"Plans": [{"Node Type": "Seq Scan","Parent Relationship": "Outer","Parallel Aware": true,"Async Capable": false,"Relation Name": "part","Alias": "part","Startup Cost": 0.00,"Total Cost": 4930.33,"Plan Rows": 83333,"Plan Width": 25,"Actual Startup Time": 0.033,"Actual Total Time": 16.359,"Actual Rows": 40000,"Actual Loops": 5,"Workers": []}]}]}]}]}]},"Planning Time": 5.414,"Triggers": [],"Execution Time": 210.129}]
[{"Plan": {"Node Type": "Aggregate","Strategy": "Plain","Partial Mode": "Finalize","Parallel Aware": false,"Async Capable": false,"Startup Cost": 117567.99,"Total Cost": 117568.00,"Plan Rows": 1,"Plan Width": 32,"Actual Startup Time": 202.073,"Actual Total Time": 217.067,"Actual Rows": 1,"Actual Loops": 1,"Plans": [{"Node Type": "Gather","Parent Relationship": "Outer","Parallel Aware": false,"Async Capable": false,"Startup Cost": 117567.53,"Total Cost": 117567.94,"Plan Rows": 4,"Plan Width": 64,"Actual Startup Time": 200.586,"Actual Total Time": 217.034,"Actual Rows": 5,"Actual Loops": 1,"Workers Planned": 4,"Workers Launched": 4,"Single Copy": false,"Plans": [{"Node Type": "Aggregate","Strategy": "Plain","Partial Mode": "Partial","Parent Relationship": "Outer","Parallel Aware": false,"Async Capable": false,"Startup Cost": 116567.53,"Total Cost": 116567.54,"Plan Rows": 1,"Plan Width": 64,"Actual Startup Time": 193.189,"Actual Total Time": 193.201,"Actual Rows": 1,"Actual Loops": 5,"Workers": [],"Plans": [{"Node Type": "Hash Join","Parent Relationship": "Outer","Parallel Aware": true,"Async Capable": false,"Join Type": "Inner","Startup Cost": 8028.50,"Total Cost": 116217.49,"Plan Rows": 20002,"Plan Width": 33,"Actual Startup Time": 68.964,"Actual Total Time": 187.569,"Actual Rows": 13974,"Actual Loops": 5,"Inner Unique": true,"Hash Cond": "(lineitem.l_partkey = part.p_partkey)","Workers": [],"Plans": [{"Node Type": "Bitmap Heap Scan","Parent Relationship": "Outer","Parallel Aware": true,"Async Capable": false,"Relation Name": "lineitem","Alias": "lineitem","Startup Cost": 2056.50,"Total Cost": 110192.99,"Plan Rows": 20002,"Plan Width": 16,"Actual Startup Time": 27.935,"Actual Total Time": 119.536,"Actual Rows": 13974,"Actual Loops": 5,"Recheck Cond": "((l_shipdate >= '1995-02-01'::date) AND (l_shipdate < '1995-03-01 00:00:00'::timestamp without time zone))","Rows Removed by Index Recheck": 0,"Exact Heap Blocks": 7437,"Lossy Heap Blocks": 0,"Workers": [],"Plans": [{"Node Type": "Bitmap Index Scan","Parent Relationship": "Outer","Parallel Aware": false,"Async Capable": false,"Index Name": "idx_lineitem_shipdate","Startup Cost": 0.00,"Total Cost": 2036.50,"Plan Rows": 80007,"Plan Width": 0,"Actual Startup Time": 21.834,"Actual Total Time": 21.838,"Actual Rows": 69872,"Actual Loops": 1,"Index Cond": "((l_shipdate >= '1995-02-01'::date) AND (l_shipdate < '1995-03-01 00:00:00'::timestamp without time zone))","Workers": []}]},{"Node Type": "Hash","Parent Relationship": "Inner","Parallel Aware": true,"Async Capable": false,"Startup Cost": 4930.33,"Total Cost": 4930.33,"Plan Rows": 83333,"Plan Width": 25,"Actual Startup Time": 40.316,"Actual Total Time": 40.319,"Actual Rows": 40000,"Actual Loops": 5,"Hash Buckets": 262144,"Original Hash Buckets": 262144,"Hash Batches": 1,"Original Hash Batches": 1,"Peak Memory Usage": 14176,"Workers": [],"Plans": [{"Node Type": "Seq Scan","Parent Relationship": "Outer","Parallel Aware": true,"Async Capable": false,"Relation Name": "part","Alias": "part","Startup Cost": 0.00,"Total Cost": 4930.33,"Plan Rows": 83333,"Plan Width": 25,"Actual Startup Time": 0.033,"Actual Total Time": 17.707,"Actual Rows": 40000,"Actual Loops": 5,"Workers": []}]}]}]}]}]},"Planning Time": 4.574,"Triggers": [],"Execution Time": 217.295}]
[{"Plan": {"Node Type": "Aggregate","Strategy": "Plain","Partial Mode": "Finalize","Parallel Aware": false,"Async Capable": false,"Startup Cost": 113646.78,"Total Cost": 113646.79,"Plan Rows": 1,"Plan Width": 32,"Actual Startup Time": 193.479,"Actual Total Time": 211.551,"Actual Rows": 1,"Actual Loops": 1,"Plans": [{"Node Type": "Gather","Parent Relationship": "Outer","Parallel Aware": false,"Async Capable": false,"Startup Cost": 113646.32,"Total Cost": 113646.73,"Plan Rows": 4,"Plan Width": 64,"Actual Startup Time": 191.636,"Actual Total Time": 211.507,"Actual Rows": 5,"Actual Loops": 1,"Workers Planned": 4,"Workers Launched": 4,"Single Copy": false,"Plans": [{"Node Type": "Aggregate","Strategy": "Plain","Partial Mode": "Partial","Parent Relationship": "Outer","Parallel Aware": false,"Async Capable": false,"Startup Cost": 112646.32,"Total Cost": 112646.33,"Plan Rows": 1,"Plan Width": 64,"Actual Startup Time": 184.663,"Actual Total Time": 184.673,"Actual Rows": 1,"Actual Loops": 5,"Workers": [],"Plans": [{"Node Type": "Hash Join","Parent Relationship": "Outer","Parallel Aware": true,"Async Capable": false,"Join Type": "Inner","Startup Cost": 7821.42,"Total Cost": 112331.74,"Plan Rows": 17976,"Plan Width": 33,"Actual Startup Time": 63.095,"Actual Total Time": 178.751,"Actual Rows": 15412,"Actual Loops": 5,"Inner Unique": true,"Hash Cond": "(lineitem.l_partkey = part.p_partkey)","Workers": [],"Plans": [{"Node Type": "Bitmap Heap Scan","Parent Relationship": "Outer","Parallel Aware": true,"Async Capable": false,"Relation Name": "lineitem","Alias": "lineitem","Startup Cost": 1849.43,"Total Cost": 106312.56,"Plan Rows": 17976,"Plan Width": 16,"Actual Startup Time": 23.121,"Actual Total Time": 106.921,"Actual Rows": 15412,"Actual Loops": 5,"Recheck Cond": "((l_shipdate >= '1996-05-01'::date) AND (l_shipdate < '1996-06-01 00:00:00'::timestamp without time zone))","Rows Removed by Index Recheck": 0,"Exact Heap Blocks": 8126,"Lossy Heap Blocks": 0,"Workers": [],"Plans": [{"Node Type": "Bitmap Index Scan","Parent Relationship": "Outer","Parallel Aware": false,"Async Capable": false,"Index Name": "idx_lineitem_shipdate","Startup Cost": 0.00,"Total Cost": 1831.45,"Plan Rows": 71902,"Plan Width": 0,"Actual Startup Time": 16.762,"Actual Total Time": 16.763,"Actual Rows": 77062,"Actual Loops": 1,"Index Cond": "((l_shipdate >= '1996-05-01'::date) AND (l_shipdate < '1996-06-01 00:00:00'::timestamp without time zone))","Workers": []}]},{"Node Type": "Hash","Parent Relationship": "Inner","Parallel Aware": true,"Async Capable": false,"Startup Cost": 4930.33,"Total Cost": 4930.33,"Plan Rows": 83333,"Plan Width": 25,"Actual Startup Time": 39.312,"Actual Total Time": 39.315,"Actual Rows": 40000,"Actual Loops": 5,"Hash Buckets": 262144,"Original Hash Buckets": 262144,"Hash Batches": 1,"Original Hash Batches": 1,"Peak Memory Usage": 14208,"Workers": [],"Plans": [{"Node Type": "Seq Scan","Parent Relationship": "Outer","Parallel Aware": true,"Async Capable": false,"Relation Name": "part","Alias": "part","Startup Cost": 0.00,"Total Cost": 4930.33,"Plan Rows": 83333,"Plan Width": 25,"Actual Startup Time": 0.033,"Actual Total Time": 17.021,"Actual Rows": 40000,"Actual Loops": 5,"Workers": []}]}]}]}]}]},"Planning Time": 5.257,"Triggers": [],"Execution Time": 211.778}]
[{"Plan": {"Node Type": "Aggregate","Strategy": "Plain","Partial Mode": "Finalize","Parallel Aware": false,"Async Capable": false,"Startup Cost": 113218.94,"Total Cost": 113218.95,"Plan Rows": 1,"Plan Width": 32,"Actual Startup Time": 194.649,"Actual Total Time": 213.032,"Actual Rows": 1,"Actual Loops": 1,"Plans": [{"Node Type": "Gather","Parent Relationship": "Outer","Parallel Aware": false,"Async Capable": false,"Startup Cost": 113218.48,"Total Cost": 113218.89,"Plan Rows": 4,"Plan Width": 64,"Actual Startup Time": 192.819,"Actual Total Time": 212.981,"Actual Rows": 5,"Actual Loops": 1,"Workers Planned": 4,"Workers Launched": 4,"Single Copy": false,"Plans": [{"Node Type": "Aggregate","Strategy": "Plain","Partial Mode": "Partial","Parent Relationship": "Outer","Parallel Aware": false,"Async Capable": false,"Startup Cost": 112218.48,"Total Cost": 112218.49,"Plan Rows": 1,"Plan Width": 64,"Actual Startup Time": 185.533,"Actual Total Time": 185.546,"Actual Rows": 1,"Actual Loops": 5,"Workers": [],"Plans": [{"Node Type": "Hash Join","Parent Relationship": "Outer","Parallel Aware": true,"Async Capable": false,"Join Type": "Inner","Startup Cost": 7801.26,"Total Cost": 111907.40,"Plan Rows": 17776,"Plan Width": 33,"Actual Startup Time": 62.701,"Actual Total Time": 179.658,"Actual Rows": 15037,"Actual Loops": 5,"Inner Unique": true,"Hash Cond": "(lineitem.l_partkey = part.p_partkey)","Workers": [],"Plans": [{"Node Type": "Bitmap Heap Scan","Parent Relationship": "Outer","Parallel Aware": true,"Async Capable": false,"Relation Name": "lineitem","Alias": "lineitem","Startup Cost": 1829.27,"Total Cost": 105888.74,"Plan Rows": 17776,"Plan Width": 16,"Actual Startup Time": 22.642,"Actual Total Time": 109.385,"Actual Rows": 15037,"Actual Loops": 5,"Recheck Cond": "((l_shipdate >= '1994-04-01'::date) AND (l_shipdate < '1994-05-01 00:00:00'::timestamp without time zone))","Rows Removed by Index Recheck": 0,"Exact Heap Blocks": 8227,"Lossy Heap Blocks": 0,"Workers": [],"Plans": [{"Node Type": "Bitmap Index Scan","Parent Relationship": "Outer","Parallel Aware": false,"Async Capable": false,"Index Name": "idx_lineitem_shipdate","Startup Cost": 0.00,"Total Cost": 1811.49,"Plan Rows": 71106,"Plan Width": 0,"Actual Startup Time": 16.363,"Actual Total Time": 16.364,"Actual Rows": 75186,"Actual Loops": 1,"Index Cond": "((l_shipdate >= '1994-04-01'::date) AND (l_shipdate < '1994-05-01 00:00:00'::timestamp without time zone))","Workers": []}]},{"Node Type": "Hash","Parent Relationship": "Inner","Parallel Aware": true,"Async Capable": false,"Startup Cost": 4930.33,"Total Cost": 4930.33,"Plan Rows": 83333,"Plan Width": 25,"Actual Startup Time": 39.333,"Actual Total Time": 39.338,"Actual Rows": 40000,"Actual Loops": 5,"Hash Buckets": 262144,"Original Hash Buckets": 262144,"Hash Batches": 1,"Original Hash Batches": 1,"Peak Memory Usage": 14208,"Workers": [],"Plans": [{"Node Type": "Seq Scan","Parent Relationship": "Outer","Parallel Aware": true,"Async Capable": false,"Relation Name": "part","Alias": "part","Startup Cost": 0.00,"Total Cost": 4930.33,"Plan Rows": 83333,"Plan Width": 25,"Actual Startup Time": 0.038,"Actual Total Time": 17.251,"Actual Rows": 40000,"Actual Loops": 5,"Workers": []}]}]}]}]}]},"Planning Time": 3.987,"Triggers": [],"Execution Time": 213.305}]
[{"Plan": {"Node Type": "Aggregate","Strategy": "Plain","Partial Mode": "Finalize","Parallel Aware": false,"Async Capable": false,"Startup Cost": 111167.85,"Total Cost": 111167.87,"Plan Rows": 1,"Plan Width": 32,"Actual Startup Time": 180.931,"Actual Total Time": 199.884,"Actual Rows": 1,"Actual Loops": 1,"Plans": [{"Node Type": "Gather","Parent Relationship": "Outer","Parallel Aware": false,"Async Capable": false,"Startup Cost": 111167.40,"Total Cost": 111167.81,"Plan Rows": 4,"Plan Width": 64,"Actual Startup Time": 179.550,"Actual Total Time": 199.841,"Actual Rows": 5,"Actual Loops": 1,"Workers Planned": 4,"Workers Launched": 4,"Single Copy": false,"Plans": [{"Node Type": "Aggregate","Strategy": "Plain","Partial Mode": "Partial","Parent Relationship": "Outer","Parallel Aware": false,"Async Capable": false,"Startup Cost": 110167.40,"Total Cost": 110167.41,"Plan Rows": 1,"Plan Width": 64,"Actual Startup Time": 171.475,"Actual Total Time": 171.482,"Actual Rows": 1,"Actual Loops": 5,"Workers": [],"Plans": [{"Node Type": "Hash Join","Parent Relationship": "Outer","Parallel Aware": true,"Async Capable": false,"Join Type": "Inner","Startup Cost": 7708.24,"Total Cost": 109872.10,"Plan Rows": 16874,"Plan Width": 33,"Actual Startup Time": 55.633,"Actual Total Time": 165.640,"Actual Rows": 13990,"Actual Loops": 5,"Inner Unique": true,"Hash Cond": "(lineitem.l_partkey = part.p_partkey)","Workers": [],"Plans": [{"Node Type": "Bitmap Heap Scan","Parent Relationship": "Outer","Parallel Aware": true,"Async Capable": false,"Relation Name": "lineitem","Alias": "lineitem","Startup Cost": 1736.25,"Total Cost": 103855.81,"Plan Rows": 16873,"Plan Width": 16,"Actual Startup Time": 21.244,"Actual Total Time": 102.422,"Actual Rows": 13990,"Actual Loops": 5,"Recheck Cond": "((l_shipdate >= '1993-02-01'::date) AND (l_shipdate < '1993-03-01 00:00:00'::timestamp without time zone))","Rows Removed by Index Recheck": 0,"Exact Heap Blocks": 6433,"Lossy Heap Blocks": 0,"Workers": [],"Plans": [{"Node Type": "Bitmap Index Scan","Parent Relationship": "Outer","Parallel Aware": false,"Async Capable": false,"Index Name": "idx_lineitem_shipdate","Startup Cost": 0.00,"Total Cost": 1719.37,"Plan Rows": 67494,"Plan Width": 0,"Actual Startup Time": 15.254,"Actual Total Time": 15.255,"Actual Rows": 69949,"Actual Loops": 1,"Index Cond": "((l_shipdate >= '1993-02-01'::date) AND (l_shipdate < '1993-03-01 00:00:00'::timestamp without time zone))","Workers": []}]},{"Node Type": "Hash","Parent Relationship": "Inner","Parallel Aware": true,"Async Capable": false,"Startup Cost": 4930.33,"Total Cost": 4930.33,"Plan Rows": 83333,"Plan Width": 25,"Actual Startup Time": 33.582,"Actual Total Time": 33.584,"Actual Rows": 40000,"Actual Loops": 5,"Hash Buckets": 262144,"Original Hash Buckets": 262144,"Hash Batches": 1,"Original Hash Batches": 1,"Peak Memory Usage": 14176,"Workers": [],"Plans": [{"Node Type": "Seq Scan","Parent Relationship": "Outer","Parallel Aware": true,"Async Capable": false,"Relation Name": "part","Alias": "part","Startup Cost": 0.00,"Total Cost": 4930.33,"Plan Rows": 83333,"Plan Width": 25,"Actual Startup Time": 0.036,"Actual Total Time": 15.481,"Actual Rows": 40000,"Actual Loops": 5,"Workers": []}]}]}]}]}]},"Planning Time": 4.410,"Triggers": [],"Execution Time": 200.104}]
[{"Plan": {"Node Type": "Aggregate","Strategy": "Plain","Partial Mode": "Finalize","Parallel Aware": false,"Async Capable": false,"Startup Cost": 111167.85,"Total Cost": 111167.87,"Plan Rows": 1,"Plan Width": 32,"Actual Startup Time": 180.931,"Actual Total Time": 199.884,"Actual Rows": 1,"Actual Loops": 1,"Plans": [{"Node Type": "Gather","Parent Relationship": "Outer","Parallel Aware": false,"Async Capable": false,"Startup Cost": 111167.40,"Total Cost": 111167.81,"Plan Rows": 4,"Plan Width": 64,"Actual Startup Time": 179.550,"Actual Total Time": 199.841,"Actual Rows": 5,"Actual Loops": 1,"Workers Planned": 4,"Workers Launched": 4,"Single Copy": false,"Plans": [{"Node Type": "Aggregate","Strategy": "Plain","Partial Mode": "Partial","Parent Relationship": "Outer","Parallel Aware": false,"Async Capable": false,"Startup Cost": 110167.40,"Total Cost": 110167.41,"Plan Rows": 1,"Plan Width": 64,"Actual Startup Time": 171.475,"Actual Total Time": 171.482,"Actual Rows": 1,"Actual Loops": 5,"Workers": [],"Plans": [{"Node Type": "Hash Join","Parent Relationship": "Outer","Parallel Aware": true,"Async Capable": false,"Join Type": "Inner","Startup Cost": 7708.24,"Total Cost": 109872.10,"Plan Rows": 16874,"Plan Width": 33,"Actual Startup Time": 55.633,"Actual Total Time": 165.640,"Actual Rows": 13990,"Actual Loops": 5,"Inner Unique": true,"Hash Cond": "(lineitem.l_partkey = part.p_partkey)","Workers": [],"Plans": [{"Node Type": "Bitmap Heap Scan","Parent Relationship": "Outer","Parallel Aware": true,"Async Capable": false,"Relation Name": "lineitem","Alias": "lineitem","Startup Cost": 1736.25,"Total Cost": 103855.81,"Plan Rows": 16873,"Plan Width": 16,"Actual Startup Time": 21.244,"Actual Total Time": 102.422,"Actual Rows": 13990,"Actual Loops": 5,"Recheck Cond": "((l_shipdate >= '1993-02-01'::date) AND (l_shipdate < '1993-03-01 00:00:00'::timestamp without time zone))","Rows Removed by Index Recheck": 0,"Exact Heap Blocks": 6433,"Lossy Heap Blocks": 0,"Workers": [],"Plans": [{"Node Type": "Bitmap Index Scan","Parent Relationship": "Outer","Parallel Aware": false,"Async Capable": false,"Index Name": "idx_lineitem_shipdate","Startup Cost": 0.00,"Total Cost": 1719.37,"Plan Rows": 67494,"Plan Width": 0,"Actual Startup Time": 15.254,"Actual Total Time": 15.255,"Actual Rows": 69949,"Actual Loops": 1,"Index Cond": "((l_shipdate >= '1993-02-01'::date) AND (l_shipdate < '1993-03-01 00:00:00'::timestamp without time zone))","Workers": []}]},{"Node Type": "Hash","Parent Relationship": "Inner","Parallel Aware": true,"Async Capable": false,"Startup Cost": 4930.33,"Total Cost": 4930.33,"Plan Rows": 83333,"Plan Width": 25,"Actual Startup Time": 33.582,"Actual Total Time": 33.584,"Actual Rows": 40000,"Actual Loops": 5,"Hash Buckets": 262144,"Original Hash Buckets": 262144,"Hash Batches": 1,"Original Hash Batches": 1,"Peak Memory Usage": 14176,"Workers": [],"Plans": [{"Node Type": "Seq Scan","Parent Relationship": "Outer","Parallel Aware": true,"Async Capable": false,"Relation Name": "part","Alias": "part","Startup Cost": 0.00,"Total Cost": 4930.33,"Plan Rows": 83333,"Plan Width": 25,"Actual Startup Time": 0.036,"Actual Total Time": 15.481,"Actual Rows": 40000,"Actual Loops": 5,"Workers": []}]}]}]}]}]},"Planning Time": 4.410,"Triggers": [],"Execution Time": 200.104}]
[{"Plan": {"Node Type": "Aggregate","Strategy": "Plain","Partial Mode": "Finalize","Parallel Aware": false,"Async Capable": false,"Startup Cost": 115609.89,"Total Cost": 115609.90,"Plan Rows": 1,"Plan Width": 32,"Actual Startup Time": 193.817,"Actual Total Time": 211.351,"Actual Rows": 1,"Actual Loops": 1,"Plans": [{"Node Type": "Gather","Parent Relationship": "Outer","Parallel Aware": false,"Async Capable": false,"Startup Cost": 115609.43,"Total Cost": 115609.84,"Plan Rows": 4,"Plan Width": 64,"Actual Startup Time": 192.419,"Actual Total Time": 211.299,"Actual Rows": 5,"Actual Loops": 1,"Workers Planned": 4,"Workers Launched": 4,"Single Copy": false,"Plans": [{"Node Type": "Aggregate","Strategy": "Plain","Partial Mode": "Partial","Parent Relationship": "Outer","Parallel Aware": false,"Async Capable": false,"Startup Cost": 114609.43,"Total Cost": 114609.44,"Plan Rows": 1,"Plan Width": 64,"Actual Startup Time": 185.004,"Actual Total Time": 185.017,"Actual Rows": 1,"Actual Loops": 5,"Workers": [],"Plans": [{"Node Type": "Hash Join","Parent Relationship": "Outer","Parallel Aware": true,"Async Capable": false,"Join Type": "Inner","Startup Cost": 7920.94,"Total Cost": 114277.99,"Plan Rows": 18939,"Plan Width": 33,"Actual Startup Time": 60.368,"Actual Total Time": 178.970,"Actual Rows": 15437,"Actual Loops": 5,"Inner Unique": true,"Hash Cond": "(lineitem.l_partkey = part.p_partkey)","Workers": [],"Plans": [{"Node Type": "Bitmap Heap Scan","Parent Relationship": "Outer","Parallel Aware": true,"Async Capable": false,"Relation Name": "lineitem","Alias": "lineitem","Startup Cost": 1948.94,"Total Cost": 108256.28,"Plan Rows": 18939,"Plan Width": 16,"Actual Startup Time": 23.075,"Actual Total Time": 110.836,"Actual Rows": 15437,"Actual Loops": 5,"Recheck Cond": "((l_shipdate >= '1994-07-01'::date) AND (l_shipdate < '1994-08-01 00:00:00'::timestamp without time zone))","Rows Removed by Index Recheck": 0,"Exact Heap Blocks": 7823,"Lossy Heap Blocks": 0,"Workers": [],"Plans": [{"Node Type": "Bitmap Index Scan","Parent Relationship": "Outer","Parallel Aware": false,"Async Capable": false,"Index Name": "idx_lineitem_shipdate","Startup Cost": 0.00,"Total Cost": 1930.00,"Plan Rows": 75757,"Plan Width": 0,"Actual Startup Time": 16.721,"Actual Total Time": 16.724,"Actual Rows": 77186,"Actual Loops": 1,"Index Cond": "((l_shipdate >= '1994-07-01'::date) AND (l_shipdate < '1994-08-01 00:00:00'::timestamp without time zone))","Workers": []}]},{"Node Type": "Hash","Parent Relationship": "Inner","Parallel Aware": true,"Async Capable": false,"Startup Cost": 4930.33,"Total Cost": 4930.33,"Plan Rows": 83333,"Plan Width": 25,"Actual Startup Time": 36.560,"Actual Total Time": 36.565,"Actual Rows": 40000,"Actual Loops": 5,"Hash Buckets": 262144,"Original Hash Buckets": 262144,"Hash Batches": 1,"Original Hash Batches": 1,"Peak Memory Usage": 14240,"Workers": [],"Plans": [{"Node Type": "Seq Scan","Parent Relationship": "Outer","Parallel Aware": true,"Async Capable": false,"Relation Name": "part","Alias": "part","Startup Cost": 0.00,"Total Cost": 4930.33,"Plan Rows": 83333,"Plan Width": 25,"Actual Startup Time": 0.029,"Actual Total Time": 15.824,"Actual Rows": 40000,"Actual Loops": 5,"Workers": []}]}]}]}]}]},"Planning Time": 4.753,"Triggers": [],"Execution Time": 211.654}]
[{"Plan": {"Node Type": "Aggregate","Strategy": "Plain","Partial Mode": "Finalize","Parallel Aware": false,"Async Capable": false,"Startup Cost": 116302.88,"Total Cost": 116302.89,"Plan Rows": 1,"Plan Width": 32,"Actual Startup Time": 191.977,"Actual Total Time": 208.674,"Actual Rows": 1,"Actual Loops": 1,"Plans": [{"Node Type": "Gather","Parent Relationship": "Outer","Parallel Aware": false,"Async Capable": false,"Startup Cost": 116302.42,"Total Cost": 116302.83,"Plan Rows": 4,"Plan Width": 64,"Actual Startup Time": 190.628,"Actual Total Time": 208.617,"Actual Rows": 5,"Actual Loops": 1,"Workers Planned": 4,"Workers Launched": 4,"Single Copy": false,"Plans": [{"Node Type": "Aggregate","Strategy": "Plain","Partial Mode": "Partial","Parent Relationship": "Outer","Parallel Aware": false,"Async Capable": false,"Startup Cost": 115302.42,"Total Cost": 115302.43,"Plan Rows": 1,"Plan Width": 64,"Actual Startup Time": 183.305,"Actual Total Time": 183.316,"Actual Rows": 1,"Actual Loops": 5,"Workers": [],"Plans": [{"Node Type": "Hash Join","Parent Relationship": "Outer","Parallel Aware": true,"Async Capable": false,"Join Type": "Inner","Startup Cost": 7955.88,"Total Cost": 114964.60,"Plan Rows": 19304,"Plan Width": 33,"Actual Startup Time": 58.483,"Actual Total Time": 177.208,"Actual Rows": 15507,"Actual Loops": 5,"Inner Unique": true,"Hash Cond": "(lineitem.l_partkey = part.p_partkey)","Workers": [],"Plans": [{"Node Type": "Bitmap Heap Scan","Parent Relationship": "Outer","Parallel Aware": true,"Async Capable": false,"Relation Name": "lineitem","Alias": "lineitem","Startup Cost": 1983.89,"Total Cost": 108941.93,"Plan Rows": 19304,"Plan Width": 16,"Actual Startup Time": 22.385,"Actual Total Time": 111.734,"Actual Rows": 15507,"Actual Loops": 5,"Recheck Cond": "((l_shipdate >= '1997-03-01'::date) AND (l_shipdate < '1997-04-01 00:00:00'::timestamp without time zone))","Rows Removed by Index Recheck": 0,"Exact Heap Blocks": 8419,"Lossy Heap Blocks": 0,"Workers": [],"Plans": [{"Node Type": "Bitmap Index Scan","Parent Relationship": "Outer","Parallel Aware": false,"Async Capable": false,"Index Name": "idx_lineitem_shipdate","Startup Cost": 0.00,"Total Cost": 1964.58,"Plan Rows": 77215,"Plan Width": 0,"Actual Startup Time": 16.076,"Actual Total Time": 16.077,"Actual Rows": 77537,"Actual Loops": 1,"Index Cond": "((l_shipdate >= '1997-03-01'::date) AND (l_shipdate < '1997-04-01 00:00:00'::timestamp without time zone))","Workers": []}]},{"Node Type": "Hash","Parent Relationship": "Inner","Parallel Aware": true,"Async Capable": false,"Startup Cost": 4930.33,"Total Cost": 4930.33,"Plan Rows": 83333,"Plan Width": 25,"Actual Startup Time": 35.330,"Actual Total Time": 35.334,"Actual Rows": 40000,"Actual Loops": 5,"Hash Buckets": 262144,"Original Hash Buckets": 262144,"Hash Batches": 1,"Original Hash Batches": 1,"Peak Memory Usage": 14208,"Workers": [],"Plans": [{"Node Type": "Seq Scan","Parent Relationship": "Outer","Parallel Aware": true,"Async Capable": false,"Relation Name": "part","Alias": "part","Startup Cost": 0.00,"Total Cost": 4930.33,"Plan Rows": 83333,"Plan Width": 25,"Actual Startup Time": 0.035,"Actual Total Time": 15.361,"Actual Rows": 40000,"Actual Loops": 5,"Workers": []}]}]}]}]}]},"Planning Time": 4.026,"Triggers": [],"Execution Time": 208.949}]
[{"Plan": {"Node Type": "Aggregate","Strategy": "Plain","Partial Mode": "Finalize","Parallel Aware": false,"Async Capable": false,"Startup Cost": 113767.70,"Total Cost": 113767.71,"Plan Rows": 1,"Plan Width": 32,"Actual Startup Time": 201.354,"Actual Total Time": 217.629,"Actual Rows": 1,"Actual Loops": 1,"Plans": [{"Node Type": "Gather","Parent Relationship": "Outer","Parallel Aware": false,"Async Capable": false,"Startup Cost": 113767.24,"Total Cost": 113767.65,"Plan Rows": 4,"Plan Width": 64,"Actual Startup Time": 198.999,"Actual Total Time": 217.582,"Actual Rows": 5,"Actual Loops": 1,"Workers Planned": 4,"Workers Launched": 4,"Single Copy": false,"Plans": [{"Node Type": "Aggregate","Strategy": "Plain","Partial Mode": "Partial","Parent Relationship": "Outer","Parallel Aware": false,"Async Capable": false,"Startup Cost": 112767.24,"Total Cost": 112767.25,"Plan Rows": 1,"Plan Width": 64,"Actual Startup Time": 191.550,"Actual Total Time": 191.562,"Actual Rows": 1,"Actual Loops": 5,"Workers": [],"Plans": [{"Node Type": "Hash Join","Parent Relationship": "Outer","Parallel Aware": true,"Async Capable": false,"Join Type": "Inner","Startup Cost": 7827.74,"Total Cost": 112451.68,"Plan Rows": 18032,"Plan Width": 33,"Actual Startup Time": 62.703,"Actual Total Time": 185.698,"Actual Rows": 14327,"Actual Loops": 5,"Inner Unique": true,"Hash Cond": "(lineitem.l_partkey = part.p_partkey)","Workers": [],"Plans": [{"Node Type": "Bitmap Heap Scan","Parent Relationship": "Outer","Parallel Aware": true,"Async Capable": false,"Relation Name": "lineitem","Alias": "lineitem","Startup Cost": 1855.74,"Total Cost": 106432.35,"Plan Rows": 18032,"Plan Width": 16,"Actual Startup Time": 28.428,"Actual Total Time": 122.517,"Actual Rows": 14327,"Actual Loops": 5,"Recheck Cond": "((l_shipdate >= '1996-02-01'::date) AND (l_shipdate < '1996-03-01 00:00:00'::timestamp without time zone))","Rows Removed by Index Recheck": 0,"Exact Heap Blocks": 8588,"Lossy Heap Blocks": 0,"Workers": [],"Plans": [{"Node Type": "Bitmap Index Scan","Parent Relationship": "Outer","Parallel Aware": false,"Async Capable": false,"Index Name": "idx_lineitem_shipdate","Startup Cost": 0.00,"Total Cost": 1837.71,"Plan Rows": 72128,"Plan Width": 0,"Actual Startup Time": 22.136,"Actual Total Time": 22.138,"Actual Rows": 71636,"Actual Loops": 1,"Index Cond": "((l_shipdate >= '1996-02-01'::date) AND (l_shipdate < '1996-03-01 00:00:00'::timestamp without time zone))","Workers": []}]},{"Node Type": "Hash","Parent Relationship": "Inner","Parallel Aware": true,"Async Capable": false,"Startup Cost": 4930.33,"Total Cost": 4930.33,"Plan Rows": 83333,"Plan Width": 25,"Actual Startup Time": 33.546,"Actual Total Time": 33.549,"Actual Rows": 40000,"Actual Loops": 5,"Hash Buckets": 262144,"Original Hash Buckets": 262144,"Hash Batches": 1,"Original Hash Batches": 1,"Peak Memory Usage": 14240,"Workers": [],"Plans": [{"Node Type": "Seq Scan","Parent Relationship": "Outer","Parallel Aware": true,"Async Capable": false,"Relation Name": "part","Alias": "part","Startup Cost": 0.00,"Total Cost": 4930.33,"Plan Rows": 83333,"Plan Width": 25,"Actual Startup Time": 0.035,"Actual Total Time": 14.470,"Actual Rows": 40000,"Actual Loops": 5,"Workers": []}]}]}]}]}]},"Planning Time": 4.716,"Triggers": [],"Execution Time": 217.907}]
[{"Plan": {"Node Type": "Aggregate","Strategy": "Plain","Partial Mode": "Finalize","Parallel Aware": false,"Async Capable": false,"Startup Cost": 114988.17,"Total Cost": 114988.19,"Plan Rows": 1,"Plan Width": 32,"Actual Startup Time": 191.420,"Actual Total Time": 208.040,"Actual Rows": 1,"Actual Loops": 1,"Plans": [{"Node Type": "Gather","Parent Relationship": "Outer","Parallel Aware": false,"Async Capable": false,"Startup Cost": 114987.72,"Total Cost": 114988.13,"Plan Rows": 4,"Plan Width": 64,"Actual Startup Time": 190.087,"Actual Total Time": 207.994,"Actual Rows": 5,"Actual Loops": 1,"Workers Planned": 4,"Workers Launched": 4,"Single Copy": false,"Plans": [{"Node Type": "Aggregate","Strategy": "Plain","Partial Mode": "Partial","Parent Relationship": "Outer","Parallel Aware": false,"Async Capable": false,"Startup Cost": 113987.72,"Total Cost": 113987.73,"Plan Rows": 1,"Plan Width": 64,"Actual Startup Time": 182.433,"Actual Total Time": 182.445,"Actual Rows": 1,"Actual Loops": 5,"Workers": [],"Plans": [{"Node Type": "Hash Join","Parent Relationship": "Outer","Parallel Aware": true,"Async Capable": false,"Join Type": "Inner","Startup Cost": 7888.03,"Total Cost": 113661.79,"Plan Rows": 18624,"Plan Width": 33,"Actual Startup Time": 61.927,"Actual Total Time": 176.320,"Actual Rows": 15394,"Actual Loops": 5,"Inner Unique": true,"Hash Cond": "(lineitem.l_partkey = part.p_partkey)","Workers": [],"Plans": [{"Node Type": "Bitmap Heap Scan","Parent Relationship": "Outer","Parallel Aware": true,"Async Capable": false,"Relation Name": "lineitem","Alias": "lineitem","Startup Cost": 1916.04,"Total Cost": 107640.91,"Plan Rows": 18624,"Plan Width": 16,"Actual Startup Time": 24.987,"Actual Total Time": 110.729,"Actual Rows": 15394,"Actual Loops": 5,"Recheck Cond": "((l_shipdate >= '1996-07-01'::date) AND (l_shipdate < '1996-08-01 00:00:00'::timestamp without time zone))","Rows Removed by Index Recheck": 0,"Exact Heap Blocks": 7965,"Lossy Heap Blocks": 0,"Workers": [],"Plans": [{"Node Type": "Bitmap Index Scan","Parent Relationship": "Outer","Parallel Aware": false,"Async Capable": false,"Index Name": "idx_lineitem_shipdate","Startup Cost": 0.00,"Total Cost": 1897.41,"Plan Rows": 74498,"Plan Width": 0,"Actual Startup Time": 18.517,"Actual Total Time": 18.520,"Actual Rows": 76969,"Actual Loops": 1,"Index Cond": "((l_shipdate >= '1996-07-01'::date) AND (l_shipdate < '1996-08-01 00:00:00'::timestamp without time zone))","Workers": []}]},{"Node Type": "Hash","Parent Relationship": "Inner","Parallel Aware": true,"Async Capable": false,"Startup Cost": 4930.33,"Total Cost": 4930.33,"Plan Rows": 83333,"Plan Width": 25,"Actual Startup Time": 36.145,"Actual Total Time": 36.150,"Actual Rows": 40000,"Actual Loops": 5,"Hash Buckets": 262144,"Original Hash Buckets": 262144,"Hash Batches": 1,"Original Hash Batches": 1,"Peak Memory Usage": 14240,"Workers": [],"Plans": [{"Node Type": "Seq Scan","Parent Relationship": "Outer","Parallel Aware": true,"Async Capable": false,"Relation Name": "part","Alias": "part","Startup Cost": 0.00,"Total Cost": 4930.33,"Plan Rows": 83333,"Plan Width": 25,"Actual Startup Time": 0.045,"Actual Total Time": 16.144,"Actual Rows": 40000,"Actual Loops": 5,"Workers": []}]}]}]}]}]},"Planning Time": 3.961,"Triggers": [],"Execution Time": 208.334}]
[{"Plan": {"Node Type": "Aggregate","Strategy": "Plain","Partial Mode": "Finalize","Parallel Aware": false,"Async Capable": false,"Startup Cost": 118140.12,"Total Cost": 118140.13,"Plan Rows": 1,"Plan Width": 32,"Actual Startup Time": 185.903,"Actual Total Time": 202.979,"Actual Rows": 1,"Actual Loops": 1,"Plans": [{"Node Type": "Gather","Parent Relationship": "Outer","Parallel Aware": false,"Async Capable": false,"Startup Cost": 118139.66,"Total Cost": 118140.07,"Plan Rows": 4,"Plan Width": 64,"Actual Startup Time": 184.390,"Actual Total Time": 202.925,"Actual Rows": 5,"Actual Loops": 1,"Workers Planned": 4,"Workers Launched": 4,"Single Copy": false,"Plans": [{"Node Type": "Aggregate","Strategy": "Plain","Partial Mode": "Partial","Parent Relationship": "Outer","Parallel Aware": false,"Async Capable": false,"Startup Cost": 117139.66,"Total Cost": 117139.67,"Plan Rows": 1,"Plan Width": 64,"Actual Startup Time": 176.869,"Actual Total Time": 176.882,"Actual Rows": 1,"Actual Loops": 5,"Workers": [],"Plans": [{"Node Type": "Hash Join","Parent Relationship": "Outer","Parallel Aware": true,"Async Capable": false,"Join Type": "Inner","Startup Cost": 8062.13,"Total Cost": 116783.81,"Plan Rows": 20334,"Plan Width": 33,"Actual Startup Time": 60.553,"Actual Total Time": 171.029,"Actual Rows": 15084,"Actual Loops": 5,"Inner Unique": true,"Hash Cond": "(lineitem.l_partkey = part.p_partkey)","Workers": [],"Plans": [{"Node Type": "Bitmap Heap Scan","Parent Relationship": "Outer","Parallel Aware": true,"Async Capable": false,"Relation Name": "lineitem","Alias": "lineitem","Startup Cost": 2090.14,"Total Cost": 110758.44,"Plan Rows": 20334,"Plan Width": 16,"Actual Startup Time": 24.977,"Actual Total Time": 107.592,"Actual Rows": 15084,"Actual Loops": 5,"Recheck Cond": "((l_shipdate >= '1996-11-01'::date) AND (l_shipdate < '1996-12-01 00:00:00'::timestamp without time zone))","Rows Removed by Index Recheck": 0,"Exact Heap Blocks": 7792,"Lossy Heap Blocks": 0,"Workers": [],"Plans": [{"Node Type": "Bitmap Index Scan","Parent Relationship": "Outer","Parallel Aware": false,"Async Capable": false,"Index Name": "idx_lineitem_shipdate","Startup Cost": 0.00,"Total Cost": 2069.80,"Plan Rows": 81337,"Plan Width": 0,"Actual Startup Time": 18.606,"Actual Total Time": 18.607,"Actual Rows": 75419,"Actual Loops": 1,"Index Cond": "((l_shipdate >= '1996-11-01'::date) AND (l_shipdate < '1996-12-01 00:00:00'::timestamp without time zone))","Workers": []}]},{"Node Type": "Hash","Parent Relationship": "Inner","Parallel Aware": true,"Async Capable": false,"Startup Cost": 4930.33,"Total Cost": 4930.33,"Plan Rows": 83333,"Plan Width": 25,"Actual Startup Time": 34.770,"Actual Total Time": 34.774,"Actual Rows": 40000,"Actual Loops": 5,"Hash Buckets": 262144,"Original Hash Buckets": 262144,"Hash Batches": 1,"Original Hash Batches": 1,"Peak Memory Usage": 14240,"Workers": [],"Plans": [{"Node Type": "Seq Scan","Parent Relationship": "Outer","Parallel Aware": true,"Async Capable": false,"Relation Name": "part","Alias": "part","Startup Cost": 0.00,"Total Cost": 4930.33,"Plan Rows": 83333,"Plan Width": 25,"Actual Startup Time": 0.035,"Actual Total Time": 15.079,"Actual Rows": 40000,"Actual Loops": 5,"Workers": []}]}]}]}]}]},"Planning Time": 3.987,"Triggers": [],"Execution Time": 203.309}]
[{"Plan": {"Node Type": "Aggregate","Strategy": "Plain","Partial Mode": "Finalize","Parallel Aware": false,"Async Capable": false,"Startup Cost": 116275.89,"Total Cost": 116275.90,"Plan Rows": 1,"Plan Width": 32,"Actual Startup Time": 216.169,"Actual Total Time": 231.685,"Actual Rows": 1,"Actual Loops": 1,"Plans": [{"Node Type": "Gather","Parent Relationship": "Outer","Parallel Aware": false,"Async Capable": false,"Startup Cost": 116275.43,"Total Cost": 116275.84,"Plan Rows": 4,"Plan Width": 64,"Actual Startup Time": 214.682,"Actual Total Time": 231.625,"Actual Rows": 5,"Actual Loops": 1,"Workers Planned": 4,"Workers Launched": 4,"Single Copy": false,"Plans": [{"Node Type": "Aggregate","Strategy": "Plain","Partial Mode": "Partial","Parent Relationship": "Outer","Parallel Aware": false,"Async Capable": false,"Startup Cost": 115275.43,"Total Cost": 115275.44,"Plan Rows": 1,"Plan Width": 64,"Actual Startup Time": 206.995,"Actual Total Time": 207.010,"Actual Rows": 1,"Actual Loops": 5,"Workers": [],"Plans": [{"Node Type": "Hash Join","Parent Relationship": "Outer","Parallel Aware": true,"Async Capable": false,"Join Type": "Inner","Startup Cost": 7955.28,"Total Cost": 114937.87,"Plan Rows": 19289,"Plan Width": 33,"Actual Startup Time": 73.783,"Actual Total Time": 200.830,"Actual Rows": 15527,"Actual Loops": 5,"Inner Unique": true,"Hash Cond": "(lineitem.l_partkey = part.p_partkey)","Workers": [],"Plans": [{"Node Type": "Bitmap Heap Scan","Parent Relationship": "Outer","Parallel Aware": true,"Async Capable": false,"Relation Name": "lineitem","Alias": "lineitem","Startup Cost": 1983.28,"Total Cost": 108915.24,"Plan Rows": 19289,"Plan Width": 16,"Actual Startup Time": 33.071,"Actual Total Time": 128.639,"Actual Rows": 15527,"Actual Loops": 5,"Recheck Cond": "((l_shipdate >= '1997-01-01'::date) AND (l_shipdate < '1997-02-01 00:00:00'::timestamp without time zone))","Rows Removed by Index Recheck": 0,"Exact Heap Blocks": 8450,"Lossy Heap Blocks": 0,"Workers": [],"Plans": [{"Node Type": "Bitmap Index Scan","Parent Relationship": "Outer","Parallel Aware": false,"Async Capable": false,"Index Name": "idx_lineitem_shipdate","Startup Cost": 0.00,"Total Cost": 1963.99,"Plan Rows": 77156,"Plan Width": 0,"Actual Startup Time": 26.389,"Actual Total Time": 26.391,"Actual Rows": 77637,"Actual Loops": 1,"Index Cond": "((l_shipdate >= '1997-01-01'::date) AND (l_shipdate < '1997-02-01 00:00:00'::timestamp without time zone))","Workers": []}]},{"Node Type": "Hash","Parent Relationship": "Inner","Parallel Aware": true,"Async Capable": false,"Startup Cost": 4930.33,"Total Cost": 4930.33,"Plan Rows": 83333,"Plan Width": 25,"Actual Startup Time": 39.995,"Actual Total Time": 40.000,"Actual Rows": 40000,"Actual Loops": 5,"Hash Buckets": 262144,"Original Hash Buckets": 262144,"Hash Batches": 1,"Original Hash Batches": 1,"Peak Memory Usage": 14208,"Workers": [],"Plans": [{"Node Type": "Seq Scan","Parent Relationship": "Outer","Parallel Aware": true,"Async Capable": false,"Relation Name": "part","Alias": "part","Startup Cost": 0.00,"Total Cost": 4930.33,"Plan Rows": 83333,"Plan Width": 25,"Actual Startup Time": 0.037,"Actual Total Time": 17.315,"Actual Rows": 40000,"Actual Loops": 5,"Workers": []}]}]}]}]}]},"Planning Time": 4.357,"Triggers": [],"Execution Time": 231.907}]
[{"Plan": {"Node Type": "Aggregate","Strategy": "Plain","Partial Mode": "Finalize","Parallel Aware": false,"Async Capable": false,"Startup Cost": 117449.67,"Total Cost": 117449.68,"Plan Rows": 1,"Plan Width": 32,"Actual Startup Time": 199.712,"Actual Total Time": 217.714,"Actual Rows": 1,"Actual Loops": 1,"Plans": [{"Node Type": "Gather","Parent Relationship": "Outer","Parallel Aware": false,"Async Capable": false,"Startup Cost": 117449.21,"Total Cost": 117449.62,"Plan Rows": 4,"Plan Width": 64,"Actual Startup Time": 198.396,"Actual Total Time": 217.675,"Actual Rows": 5,"Actual Loops": 1,"Workers Planned": 4,"Workers Launched": 4,"Single Copy": false,"Plans": [{"Node Type": "Aggregate","Strategy": "Plain","Partial Mode": "Partial","Parent Relationship": "Outer","Parallel Aware": false,"Async Capable": false,"Startup Cost": 116449.21,"Total Cost": 116449.22,"Plan Rows": 1,"Plan Width": 64,"Actual Startup Time": 190.883,"Actual Total Time": 190.895,"Actual Rows": 1,"Actual Loops": 5,"Workers": [],"Plans": [{"Node Type": "Hash Join","Parent Relationship": "Outer","Parallel Aware": true,"Async Capable": false,"Join Type": "Inner","Startup Cost": 8021.73,"Total Cost": 116100.36,"Plan Rows": 19934,"Plan Width": 33,"Actual Startup Time": 64.708,"Actual Total Time": 184.712,"Actual Rows": 15580,"Actual Loops": 5,"Inner Unique": true,"Hash Cond": "(lineitem.l_partkey = part.p_partkey)","Workers": [],"Plans": [{"Node Type": "Bitmap Heap Scan","Parent Relationship": "Outer","Parallel Aware": true,"Async Capable": false,"Relation Name": "lineitem","Alias": "lineitem","Startup Cost": 2049.74,"Total Cost": 110076.04,"Plan Rows": 19934,"Plan Width": 16,"Actual Startup Time": 23.730,"Actual Total Time": 112.410,"Actual Rows": 15580,"Actual Loops": 5,"Recheck Cond": "((l_shipdate >= '1995-05-01'::date) AND (l_shipdate < '1995-06-01 00:00:00'::timestamp without time zone))","Rows Removed by Index Recheck": 0,"Exact Heap Blocks": 8270,"Lossy Heap Blocks": 0,"Workers": [],"Plans": [{"Node Type": "Bitmap Index Scan","Parent Relationship": "Outer","Parallel Aware": false,"Async Capable": false,"Index Name": "idx_lineitem_shipdate","Startup Cost": 0.00,"Total Cost": 2029.80,"Plan Rows": 79737,"Plan Width": 0,"Actual Startup Time": 17.296,"Actual Total Time": 17.299,"Actual Rows": 77900,"Actual Loops": 1,"Index Cond": "((l_shipdate >= '1995-05-01'::date) AND (l_shipdate < '1995-06-01 00:00:00'::timestamp without time zone))","Workers": []}]},{"Node Type": "Hash","Parent Relationship": "Inner","Parallel Aware": true,"Async Capable": false,"Startup Cost": 4930.33,"Total Cost": 4930.33,"Plan Rows": 83333,"Plan Width": 25,"Actual Startup Time": 40.148,"Actual Total Time": 40.152,"Actual Rows": 40000,"Actual Loops": 5,"Hash Buckets": 262144,"Original Hash Buckets": 262144,"Hash Batches": 1,"Original Hash Batches": 1,"Peak Memory Usage": 14208,"Workers": [],"Plans": [{"Node Type": "Seq Scan","Parent Relationship": "Outer","Parallel Aware": true,"Async Capable": false,"Relation Name": "part","Alias": "part","Startup Cost": 0.00,"Total Cost": 4930.33,"Plan Rows": 83333,"Plan Width": 25,"Actual Startup Time": 0.047,"Actual Total Time": 17.621,"Actual Rows": 40000,"Actual Loops": 5,"Workers": []}]}]}]}]}]},"Planning Time": 3.884,"Triggers": [],"Execution Time": 217.976}]
[{"Plan": {"Node Type": "Aggregate","Strategy": "Plain","Partial Mode": "Finalize","Parallel Aware": false,"Async Capable": false,"Startup Cost": 113859.14,"Total Cost": 113859.15,"Plan Rows": 1,"Plan Width": 32,"Actual Startup Time": 183.004,"Actual Total Time": 200.909,"Actual Rows": 1,"Actual Loops": 1,"Plans": [{"Node Type": "Gather","Parent Relationship": "Outer","Parallel Aware": false,"Async Capable": false,"Startup Cost": 113858.68,"Total Cost": 113859.09,"Plan Rows": 4,"Plan Width": 64,"Actual Startup Time": 181.448,"Actual Total Time": 200.864,"Actual Rows": 5,"Actual Loops": 1,"Workers Planned": 4,"Workers Launched": 4,"Single Copy": false,"Plans": [{"Node Type": "Aggregate","Strategy": "Plain","Partial Mode": "Partial","Parent Relationship": "Outer","Parallel Aware": false,"Async Capable": false,"Startup Cost": 112858.68,"Total Cost": 112858.69,"Plan Rows": 1,"Plan Width": 64,"Actual Startup Time": 173.739,"Actual Total Time": 173.753,"Actual Rows": 1,"Actual Loops": 5,"Workers": [],"Plans": [{"Node Type": "Hash Join","Parent Relationship": "Outer","Parallel Aware": true,"Async Capable": false,"Join Type": "Inner","Startup Cost": 7829.57,"Total Cost": 112542.33,"Plan Rows": 18077,"Plan Width": 33,"Actual Startup Time": 58.239,"Actual Total Time": 167.706,"Actual Rows": 15488,"Actual Loops": 5,"Inner Unique": true,"Hash Cond": "(lineitem.l_partkey = part.p_partkey)","Workers": [],"Plans": [{"Node Type": "Bitmap Heap Scan","Parent Relationship": "Outer","Parallel Aware": true,"Async Capable": false,"Relation Name": "lineitem","Alias": "lineitem","Startup Cost": 1857.58,"Total Cost": 106522.88,"Plan Rows": 18077,"Plan Width": 16,"Actual Startup Time": 22.396,"Actual Total Time": 105.318,"Actual Rows": 15488,"Actual Loops": 5,"Recheck Cond": "((l_shipdate >= '1997-05-01'::date) AND (l_shipdate < '1997-06-01 00:00:00'::timestamp without time zone))","Rows Removed by Index Recheck": 0,"Exact Heap Blocks": 7623,"Lossy Heap Blocks": 0,"Workers": [],"Plans": [{"Node Type": "Bitmap Index Scan","Parent Relationship": "Outer","Parallel Aware": false,"Async Capable": false,"Index Name": "idx_lineitem_shipdate","Startup Cost": 0.00,"Total Cost": 1839.50,"Plan Rows": 72307,"Plan Width": 0,"Actual Startup Time": 16.147,"Actual Total Time": 16.149,"Actual Rows": 77438,"Actual Loops": 1,"Index Cond": "((l_shipdate >= '1997-05-01'::date) AND (l_shipdate < '1997-06-01 00:00:00'::timestamp without time zone))","Workers": []}]},{"Node Type": "Hash","Parent Relationship": "Inner","Parallel Aware": true,"Async Capable": false,"Startup Cost": 4930.33,"Total Cost": 4930.33,"Plan Rows": 83333,"Plan Width": 25,"Actual Startup Time": 35.023,"Actual Total Time": 35.029,"Actual Rows": 40000,"Actual Loops": 5,"Hash Buckets": 262144,"Original Hash Buckets": 262144,"Hash Batches": 1,"Original Hash Batches": 1,"Peak Memory Usage": 14240,"Workers": [],"Plans": [{"Node Type": "Seq Scan","Parent Relationship": "Outer","Parallel Aware": true,"Async Capable": false,"Relation Name": "part","Alias": "part","Startup Cost": 0.00,"Total Cost": 4930.33,"Plan Rows": 83333,"Plan Width": 25,"Actual Startup Time": 0.034,"Actual Total Time": 15.067,"Actual Rows": 40000,"Actual Loops": 5,"Workers": []}]}]}]}]}]},"Planning Time": 4.177,"Triggers": [],"Execution Time": 201.222}]
[{"Plan": {"Node Type": "Aggregate","Strategy": "Plain","Partial Mode": "Finalize","Parallel Aware": false,"Async Capable": false,"Startup Cost": 117449.67,"Total Cost": 117449.68,"Plan Rows": 1,"Plan Width": 32,"Actual Startup Time": 209.461,"Actual Total Time": 224.908,"Actual Rows": 1,"Actual Loops": 1,"Plans": [{"Node Type": "Gather","Parent Relationship": "Outer","Parallel Aware": false,"Async Capable": false,"Startup Cost": 117449.21,"Total Cost": 117449.62,"Plan Rows": 4,"Plan Width": 64,"Actual Startup Time": 207.968,"Actual Total Time": 224.878,"Actual Rows": 5,"Actual Loops": 1,"Workers Planned": 4,"Workers Launched": 4,"Single Copy": false,"Plans": [{"Node Type": "Aggregate","Strategy": "Plain","Partial Mode": "Partial","Parent Relationship": "Outer","Parallel Aware": false,"Async Capable": false,"Startup Cost": 116449.21,"Total Cost": 116449.22,"Plan Rows": 1,"Plan Width": 64,"Actual Startup Time": 200.716,"Actual Total Time": 200.726,"Actual Rows": 1,"Actual Loops": 5,"Workers": [],"Plans": [{"Node Type": "Hash Join","Parent Relationship": "Outer","Parallel Aware": true,"Async Capable": false,"Join Type": "Inner","Startup Cost": 8021.73,"Total Cost": 116100.36,"Plan Rows": 19934,"Plan Width": 33,"Actual Startup Time": 69.344,"Actual Total Time": 194.621,"Actual Rows": 15439,"Actual Loops": 5,"Inner Unique": true,"Hash Cond": "(lineitem.l_partkey = part.p_partkey)","Workers": [],"Plans": [{"Node Type": "Bitmap Heap Scan","Parent Relationship": "Outer","Parallel Aware": true,"Async Capable": false,"Relation Name": "lineitem","Alias": "lineitem","Startup Cost": 2049.74,"Total Cost": 110076.04,"Plan Rows": 19934,"Plan Width": 16,"Actual Startup Time": 28.893,"Actual Total Time": 124.591,"Actual Rows": 15439,"Actual Loops": 5,"Recheck Cond": "((l_shipdate >= '1993-08-01'::date) AND (l_shipdate < '1993-09-01 00:00:00'::timestamp without time zone))","Rows Removed by Index Recheck": 0,"Exact Heap Blocks": 7741,"Lossy Heap Blocks": 0,"Workers": [],"Plans": [{"Node Type": "Bitmap Index Scan","Parent Relationship": "Outer","Parallel Aware": false,"Async Capable": false,"Index Name": "idx_lineitem_shipdate","Startup Cost": 0.00,"Total Cost": 2029.80,"Plan Rows": 79737,"Plan Width": 0,"Actual Startup Time": 22.408,"Actual Total Time": 22.411,"Actual Rows": 77197,"Actual Loops": 1,"Index Cond": "((l_shipdate >= '1993-08-01'::date) AND (l_shipdate < '1993-09-01 00:00:00'::timestamp without time zone))","Workers": []}]},{"Node Type": "Hash","Parent Relationship": "Inner","Parallel Aware": true,"Async Capable": false,"Startup Cost": 4930.33,"Total Cost": 4930.33,"Plan Rows": 83333,"Plan Width": 25,"Actual Startup Time": 39.731,"Actual Total Time": 39.735,"Actual Rows": 40000,"Actual Loops": 5,"Hash Buckets": 262144,"Original Hash Buckets": 262144,"Hash Batches": 1,"Original Hash Batches": 1,"Peak Memory Usage": 14176,"Workers": [],"Plans": [{"Node Type": "Seq Scan","Parent Relationship": "Outer","Parallel Aware": true,"Async Capable": false,"Relation Name": "part","Alias": "part","Startup Cost": 0.00,"Total Cost": 4930.33,"Plan Rows": 83333,"Plan Width": 25,"Actual Startup Time": 0.044,"Actual Total Time": 17.039,"Actual Rows": 40000,"Actual Loops": 5,"Workers": []}]}]}]}]}]},"Planning Time": 4.803,"Triggers": [],"Execution Time": 225.176}]
[{"Plan": {"Node Type": "Aggregate","Strategy": "Plain","Partial Mode": "Finalize","Parallel Aware": false,"Async Capable": false,"Startup Cost": 116739.50,"Total Cost": 116739.52,"Plan Rows": 1,"Plan Width": 32,"Actual Startup Time": 206.757,"Actual Total Time": 221.834,"Actual Rows": 1,"Actual Loops": 1,"Plans": [{"Node Type": "Gather","Parent Relationship": "Outer","Parallel Aware": false,"Async Capable": false,"Startup Cost": 116739.05,"Total Cost": 116739.46,"Plan Rows": 4,"Plan Width": 64,"Actual Startup Time": 205.325,"Actual Total Time": 221.800,"Actual Rows": 5,"Actual Loops": 1,"Workers Planned": 4,"Workers Launched": 4,"Single Copy": false,"Plans": [{"Node Type": "Aggregate","Strategy": "Plain","Partial Mode": "Partial","Parent Relationship": "Outer","Parallel Aware": false,"Async Capable": false,"Startup Cost": 115739.05,"Total Cost": 115739.06,"Plan Rows": 1,"Plan Width": 64,"Actual Startup Time": 197.703,"Actual Total Time": 197.711,"Actual Rows": 1,"Actual Loops": 5,"Workers": [],"Plans": [{"Node Type": "Hash Join","Parent Relationship": "Outer","Parallel Aware": true,"Async Capable": false,"Join Type": "Inner","Startup Cost": 7981.52,"Total Cost": 115397.11,"Plan Rows": 19539,"Plan Width": 33,"Actual Startup Time": 72.726,"Actual Total Time": 192.051,"Actual Rows": 13912,"Actual Loops": 5,"Inner Unique": true,"Hash Cond": "(lineitem.l_partkey = part.p_partkey)","Workers": [],"Plans": [{"Node Type": "Bitmap Heap Scan","Parent Relationship": "Outer","Parallel Aware": true,"Async Capable": false,"Relation Name": "lineitem","Alias": "lineitem","Startup Cost": 2009.52,"Total Cost": 109373.83,"Plan Rows": 19539,"Plan Width": 16,"Actual Startup Time": 32.073,"Actual Total Time": 122.872,"Actual Rows": 13912,"Actual Loops": 5,"Recheck Cond": "((l_shipdate >= '1994-02-01'::date) AND (l_shipdate < '1994-03-01 00:00:00'::timestamp without time zone))","Rows Removed by Index Recheck": 0,"Exact Heap Blocks": 7943,"Lossy Heap Blocks": 0,"Workers": [],"Plans": [{"Node Type": "Bitmap Index Scan","Parent Relationship": "Outer","Parallel Aware": false,"Async Capable": false,"Index Name": "idx_lineitem_shipdate","Startup Cost": 0.00,"Total Cost": 1989.98,"Plan Rows": 78155,"Plan Width": 0,"Actual Startup Time": 25.713,"Actual Total Time": 25.716,"Actual Rows": 69561,"Actual Loops": 1,"Index Cond": "((l_shipdate >= '1994-02-01'::date) AND (l_shipdate < '1994-03-01 00:00:00'::timestamp without time zone))","Workers": []}]},{"Node Type": "Hash","Parent Relationship": "Inner","Parallel Aware": true,"Async Capable": false,"Startup Cost": 4930.33,"Total Cost": 4930.33,"Plan Rows": 83333,"Plan Width": 25,"Actual Startup Time": 39.838,"Actual Total Time": 39.841,"Actual Rows": 40000,"Actual Loops": 5,"Hash Buckets": 262144,"Original Hash Buckets": 262144,"Hash Batches": 1,"Original Hash Batches": 1,"Peak Memory Usage": 14208,"Workers": [],"Plans": [{"Node Type": "Seq Scan","Parent Relationship": "Outer","Parallel Aware": true,"Async Capable": false,"Relation Name": "part","Alias": "part","Startup Cost": 0.00,"Total Cost": 4930.33,"Plan Rows": 83333,"Plan Width": 25,"Actual Startup Time": 0.036,"Actual Total Time": 16.923,"Actual Rows": 40000,"Actual Loops": 5,"Workers": []}]}]}]}]}]},"Planning Time": 4.192,"Triggers": [],"Execution Time": 222.123}]
[{"Plan": {"Node Type": "Aggregate","Strategy": "Plain","Partial Mode": "Finalize","Parallel Aware": false,"Async Capable": false,"Startup Cost": 115568.92,"Total Cost": 115568.93,"Plan Rows": 1,"Plan Width": 32,"Actual Startup Time": 198.211,"Actual Total Time": 214.313,"Actual Rows": 1,"Actual Loops": 1,"Plans": [{"Node Type": "Gather","Parent Relationship": "Outer","Parallel Aware": false,"Async Capable": false,"Startup Cost": 115568.46,"Total Cost": 115568.87,"Plan Rows": 4,"Plan Width": 64,"Actual Startup Time": 196.556,"Actual Total Time": 214.277,"Actual Rows": 5,"Actual Loops": 1,"Workers Planned": 4,"Workers Launched": 4,"Single Copy": false,"Plans": [{"Node Type": "Aggregate","Strategy": "Plain","Partial Mode": "Partial","Parent Relationship": "Outer","Parallel Aware": false,"Async Capable": false,"Startup Cost": 114568.46,"Total Cost": 114568.47,"Plan Rows": 1,"Plan Width": 64,"Actual Startup Time": 188.912,"Actual Total Time": 188.920,"Actual Rows": 1,"Actual Loops": 5,"Workers": [],"Plans": [{"Node Type": "Hash Join","Parent Relationship": "Outer","Parallel Aware": true,"Async Capable": false,"Join Type": "Inner","Startup Cost": 7916.14,"Total Cost": 114237.36,"Plan Rows": 18920,"Plan Width": 33,"Actual Startup Time": 68.543,"Actual Total Time": 183.128,"Actual Rows": 14828,"Actual Loops": 5,"Inner Unique": true,"Hash Cond": "(lineitem.l_partkey = part.p_partkey)","Workers": [],"Plans": [{"Node Type": "Bitmap Heap Scan","Parent Relationship": "Outer","Parallel Aware": true,"Async Capable": false,"Relation Name": "lineitem","Alias": "lineitem","Startup Cost": 1944.14,"Total Cost": 108215.70,"Plan Rows": 18920,"Plan Width": 16,"Actual Startup Time": 28.406,"Actual Total Time": 116.686,"Actual Rows": 14828,"Actual Loops": 5,"Recheck Cond": "((l_shipdate >= '1993-06-01'::date) AND (l_shipdate < '1993-07-01 00:00:00'::timestamp without time zone))","Rows Removed by Index Recheck": 0,"Exact Heap Blocks": 8209,"Lossy Heap Blocks": 0,"Workers": [],"Plans": [{"Node Type": "Bitmap Index Scan","Parent Relationship": "Outer","Parallel Aware": false,"Async Capable": false,"Index Name": "idx_lineitem_shipdate","Startup Cost": 0.00,"Total Cost": 1925.22,"Plan Rows": 75679,"Plan Width": 0,"Actual Startup Time": 21.967,"Actual Total Time": 21.969,"Actual Rows": 74139,"Actual Loops": 1,"Index Cond": "((l_shipdate >= '1993-06-01'::date) AND (l_shipdate < '1993-07-01 00:00:00'::timestamp without time zone))","Workers": []}]},{"Node Type": "Hash","Parent Relationship": "Inner","Parallel Aware": true,"Async Capable": false,"Startup Cost": 4930.33,"Total Cost": 4930.33,"Plan Rows": 83333,"Plan Width": 25,"Actual Startup Time": 39.291,"Actual Total Time": 39.293,"Actual Rows": 40000,"Actual Loops": 5,"Hash Buckets": 262144,"Original Hash Buckets": 262144,"Hash Batches": 1,"Original Hash Batches": 1,"Peak Memory Usage": 14240,"Workers": [],"Plans": [{"Node Type": "Seq Scan","Parent Relationship": "Outer","Parallel Aware": true,"Async Capable": false,"Relation Name": "part","Alias": "part","Startup Cost": 0.00,"Total Cost": 4930.33,"Plan Rows": 83333,"Plan Width": 25,"Actual Startup Time": 0.029,"Actual Total Time": 17.919,"Actual Rows": 40000,"Actual Loops": 5,"Workers": []}]}]}]}]}]},"Planning Time": 4.579,"Triggers": [],"Execution Time": 214.598}]
[{"Plan": {"Node Type": "Aggregate","Strategy": "Plain","Partial Mode": "Finalize","Parallel Aware": false,"Async Capable": false,"Startup Cost": 114861.81,"Total Cost": 114861.82,"Plan Rows": 1,"Plan Width": 32,"Actual Startup Time": 188.604,"Actual Total Time": 205.507,"Actual Rows": 1,"Actual Loops": 1,"Plans": [{"Node Type": "Gather","Parent Relationship": "Outer","Parallel Aware": false,"Async Capable": false,"Startup Cost": 114861.35,"Total Cost": 114861.76,"Plan Rows": 4,"Plan Width": 64,"Actual Startup Time": 187.236,"Actual Total Time": 205.453,"Actual Rows": 5,"Actual Loops": 1,"Workers Planned": 4,"Workers Launched": 4,"Single Copy": false,"Plans": [{"Node Type": "Aggregate","Strategy": "Plain","Partial Mode": "Partial","Parent Relationship": "Outer","Parallel Aware": false,"Async Capable": false,"Startup Cost": 113861.35,"Total Cost": 113861.36,"Plan Rows": 1,"Plan Width": 64,"Actual Startup Time": 179.741,"Actual Total Time": 179.759,"Actual Rows": 1,"Actual Loops": 5,"Workers": [],"Plans": [{"Node Type": "Hash Join","Parent Relationship": "Outer","Parallel Aware": true,"Async Capable": false,"Join Type": "Inner","Startup Cost": 7881.45,"Total Cost": 113536.51,"Plan Rows": 18562,"Plan Width": 33,"Actual Startup Time": 60.790,"Actual Total Time": 173.757,"Actual Rows": 15501,"Actual Loops": 5,"Inner Unique": true,"Hash Cond": "(lineitem.l_partkey = part.p_partkey)","Workers": [],"Plans": [{"Node Type": "Bitmap Heap Scan","Parent Relationship": "Outer","Parallel Aware": true,"Async Capable": false,"Relation Name": "lineitem","Alias": "lineitem","Startup Cost": 1909.45,"Total Cost": 107515.79,"Plan Rows": 18561,"Plan Width": 16,"Actual Startup Time": 23.212,"Actual Total Time": 106.658,"Actual Rows": 15501,"Actual Loops": 5,"Recheck Cond": "((l_shipdate >= '1995-08-01'::date) AND (l_shipdate < '1995-09-01 00:00:00'::timestamp without time zone))","Rows Removed by Index Recheck": 0,"Exact Heap Blocks": 7755,"Lossy Heap Blocks": 0,"Workers": [],"Plans": [{"Node Type": "Bitmap Index Scan","Parent Relationship": "Outer","Parallel Aware": false,"Async Capable": false,"Index Name": "idx_lineitem_shipdate","Startup Cost": 0.00,"Total Cost": 1890.89,"Plan Rows": 74246,"Plan Width": 0,"Actual Startup Time": 16.821,"Actual Total Time": 16.824,"Actual Rows": 77505,"Actual Loops": 1,"Index Cond": "((l_shipdate >= '1995-08-01'::date) AND (l_shipdate < '1995-09-01 00:00:00'::timestamp without time zone))","Workers": []}]},{"Node Type": "Hash","Parent Relationship": "Inner","Parallel Aware": true,"Async Capable": false,"Startup Cost": 4930.33,"Total Cost": 4930.33,"Plan Rows": 83333,"Plan Width": 25,"Actual Startup Time": 36.743,"Actual Total Time": 36.750,"Actual Rows": 40000,"Actual Loops": 5,"Hash Buckets": 262144,"Original Hash Buckets": 262144,"Hash Batches": 1,"Original Hash Batches": 1,"Peak Memory Usage": 14240,"Workers": [],"Plans": [{"Node Type": "Seq Scan","Parent Relationship": "Outer","Parallel Aware": true,"Async Capable": false,"Relation Name": "part","Alias": "part","Startup Cost": 0.00,"Total Cost": 4930.33,"Plan Rows": 83333,"Plan Width": 25,"Actual Startup Time": 0.042,"Actual Total Time": 16.083,"Actual Rows": 40000,"Actual Loops": 5,"Workers": []}]}]}]}]}]},"Planning Time": 4.082,"Triggers": [],"Execution Time": 205.784}]
[{"Plan": {"Node Type": "Aggregate","Strategy": "Plain","Partial Mode": "Finalize","Parallel Aware": false,"Async Capable": false,"Startup Cost": 117951.42,"Total Cost": 117951.44,"Plan Rows": 1,"Plan Width": 32,"Actual Startup Time": 195.681,"Actual Total Time": 213.344,"Actual Rows": 1,"Actual Loops": 1,"Plans": [{"Node Type": "Gather","Parent Relationship": "Outer","Parallel Aware": false,"Async Capable": false,"Startup Cost": 117950.97,"Total Cost": 117951.38,"Plan Rows": 4,"Plan Width": 64,"Actual Startup Time": 194.406,"Actual Total Time": 213.290,"Actual Rows": 5,"Actual Loops": 1,"Workers Planned": 4,"Workers Launched": 4,"Single Copy": false,"Plans": [{"Node Type": "Aggregate","Strategy": "Plain","Partial Mode": "Partial","Parent Relationship": "Outer","Parallel Aware": false,"Async Capable": false,"Startup Cost": 116950.97,"Total Cost": 116950.98,"Plan Rows": 1,"Plan Width": 64,"Actual Startup Time": 186.783,"Actual Total Time": 186.797,"Actual Rows": 1,"Actual Loops": 5,"Workers": [],"Plans": [{"Node Type": "Hash Join","Parent Relationship": "Outer","Parallel Aware": true,"Async Capable": false,"Join Type": "Inner","Startup Cost": 8049.62,"Total Cost": 116597.04,"Plan Rows": 20224,"Plan Width": 33,"Actual Startup Time": 60.474,"Actual Total Time": 180.769,"Actual Rows": 15532,"Actual Loops": 5,"Inner Unique": true,"Hash Cond": "(lineitem.l_partkey = part.p_partkey)","Workers": [],"Plans": [{"Node Type": "Bitmap Heap Scan","Parent Relationship": "Outer","Parallel Aware": true,"Async Capable": false,"Relation Name": "lineitem","Alias": "lineitem","Startup Cost": 2077.63,"Total Cost": 110571.96,"Plan Rows": 20224,"Plan Width": 16,"Actual Startup Time": 22.143,"Actual Total Time": 111.653,"Actual Rows": 15532,"Actual Loops": 5,"Recheck Cond": "((l_shipdate >= '1993-10-01'::date) AND (l_shipdate < '1993-11-01 00:00:00'::timestamp without time zone))","Rows Removed by Index Recheck": 0,"Exact Heap Blocks": 7906,"Lossy Heap Blocks": 0,"Workers": [],"Plans": [{"Node Type": "Bitmap Index Scan","Parent Relationship": "Outer","Parallel Aware": false,"Async Capable": false,"Index Name": "idx_lineitem_shipdate","Startup Cost": 0.00,"Total Cost": 2057.40,"Plan Rows": 80897,"Plan Width": 0,"Actual Startup Time": 15.870,"Actual Total Time": 15.870,"Actual Rows": 77661,"Actual Loops": 1,"Index Cond": "((l_shipdate >= '1993-10-01'::date) AND (l_shipdate < '1993-11-01 00:00:00'::timestamp without time zone))","Workers": []}]},{"Node Type": "Hash","Parent Relationship": "Inner","Parallel Aware": true,"Async Capable": false,"Startup Cost": 4930.33,"Total Cost": 4930.33,"Plan Rows": 83333,"Plan Width": 25,"Actual Startup Time": 37.623,"Actual Total Time": 37.628,"Actual Rows": 40000,"Actual Loops": 5,"Hash Buckets": 262144,"Original Hash Buckets": 262144,"Hash Batches": 1,"Original Hash Batches": 1,"Peak Memory Usage": 14176,"Workers": [],"Plans": [{"Node Type": "Seq Scan","Parent Relationship": "Outer","Parallel Aware": true,"Async Capable": false,"Relation Name": "part","Alias": "part","Startup Cost": 0.00,"Total Cost": 4930.33,"Plan Rows": 83333,"Plan Width": 25,"Actual Startup Time": 0.033,"Actual Total Time": 16.489,"Actual Rows": 40000,"Actual Loops": 5,"Workers": []}]}]}]}]}]},"Planning Time": 4.158,"Triggers": [],"Execution Time": 213.609}]
[{"Plan": {"Node Type": "Aggregate","Strategy": "Plain","Partial Mode": "Finalize","Parallel Aware": false,"Async Capable": false,"Startup Cost": 115729.57,"Total Cost": 115729.59,"Plan Rows": 1,"Plan Width": 32,"Actual Startup Time": 204.888,"Actual Total Time": 221.461,"Actual Rows": 1,"Actual Loops": 1,"Plans": [{"Node Type": "Gather","Parent Relationship": "Outer","Parallel Aware": false,"Async Capable": false,"Startup Cost": 115729.12,"Total Cost": 115729.53,"Plan Rows": 4,"Plan Width": 64,"Actual Startup Time": 203.543,"Actual Total Time": 221.416,"Actual Rows": 5,"Actual Loops": 1,"Workers Planned": 4,"Workers Launched": 4,"Single Copy": false,"Plans": [{"Node Type": "Aggregate","Strategy": "Plain","Partial Mode": "Partial","Parent Relationship": "Outer","Parallel Aware": false,"Async Capable": false,"Startup Cost": 114729.12,"Total Cost": 114729.13,"Plan Rows": 1,"Plan Width": 64,"Actual Startup Time": 195.848,"Actual Total Time": 195.864,"Actual Rows": 1,"Actual Loops": 5,"Workers": [],"Plans": [{"Node Type": "Hash Join","Parent Relationship": "Outer","Parallel Aware": true,"Async Capable": false,"Join Type": "Inner","Startup Cost": 7927.48,"Total Cost": 114396.59,"Plan Rows": 19001,"Plan Width": 33,"Actual Startup Time": 68.169,"Actual Total Time": 189.649,"Actual Rows": 15436,"Actual Loops": 5,"Inner Unique": true,"Hash Cond": "(lineitem.l_partkey = part.p_partkey)","Workers": [],"Plans": [{"Node Type": "Bitmap Heap Scan","Parent Relationship": "Outer","Parallel Aware": true,"Async Capable": false,"Relation Name": "lineitem","Alias": "lineitem","Startup Cost": 1955.48,"Total Cost": 108374.72,"Plan Rows": 19001,"Plan Width": 16,"Actual Startup Time": 32.679,"Actual Total Time": 124.661,"Actual Rows": 15436,"Actual Loops": 5,"Recheck Cond": "((l_shipdate >= '1996-03-01'::date) AND (l_shipdate < '1996-04-01 00:00:00'::timestamp without time zone))","Rows Removed by Index Recheck": 0,"Exact Heap Blocks": 7444,"Lossy Heap Blocks": 0,"Workers": [],"Plans": [{"Node Type": "Bitmap Index Scan","Parent Relationship": "Outer","Parallel Aware": false,"Async Capable": false,"Index Name": "idx_lineitem_shipdate","Startup Cost": 0.00,"Total Cost": 1936.48,"Plan Rows": 76005,"Plan Width": 0,"Actual Startup Time": 26.050,"Actual Total Time": 26.055,"Actual Rows": 77182,"Actual Loops": 1,"Index Cond": "((l_shipdate >= '1996-03-01'::date) AND (l_shipdate < '1996-04-01 00:00:00'::timestamp without time zone))","Workers": []}]},{"Node Type": "Hash","Parent Relationship": "Inner","Parallel Aware": true,"Async Capable": false,"Startup Cost": 4930.33,"Total Cost": 4930.33,"Plan Rows": 83333,"Plan Width": 25,"Actual Startup Time": 34.792,"Actual Total Time": 34.798,"Actual Rows": 40000,"Actual Loops": 5,"Hash Buckets": 262144,"Original Hash Buckets": 262144,"Hash Batches": 1,"Original Hash Batches": 1,"Peak Memory Usage": 14240,"Workers": [],"Plans": [{"Node Type": "Seq Scan","Parent Relationship": "Outer","Parallel Aware": true,"Async Capable": false,"Relation Name": "part","Alias": "part","Startup Cost": 0.00,"Total Cost": 4930.33,"Plan Rows": 83333,"Plan Width": 25,"Actual Startup Time": 0.032,"Actual Total Time": 15.195,"Actual Rows": 40000,"Actual Loops": 5,"Workers": []}]}]}]}]}]},"Planning Time": 5.059,"Triggers": [],"Execution Time": 221.816}]
[{"Plan": {"Node Type": "Aggregate","Strategy": "Plain","Partial Mode": "Finalize","Parallel Aware": false,"Async Capable": false,"Startup Cost": 116775.62,"Total Cost": 116775.64,"Plan Rows": 1,"Plan Width": 32,"Actual Startup Time": 193.869,"Actual Total Time": 210.143,"Actual Rows": 1,"Actual Loops": 1,"Plans": [{"Node Type": "Gather","Parent Relationship": "Outer","Parallel Aware": false,"Async Capable": false,"Startup Cost": 116775.17,"Total Cost": 116775.58,"Plan Rows": 4,"Plan Width": 64,"Actual Startup Time": 192.448,"Actual Total Time": 210.107,"Actual Rows": 5,"Actual Loops": 1,"Workers Planned": 4,"Workers Launched": 4,"Single Copy": false,"Plans": [{"Node Type": "Aggregate","Strategy": "Plain","Partial Mode": "Partial","Parent Relationship": "Outer","Parallel Aware": false,"Async Capable": false,"Startup Cost": 115775.17,"Total Cost": 115775.18,"Plan Rows": 1,"Plan Width": 64,"Actual Startup Time": 184.994,"Actual Total Time": 185.005,"Actual Rows": 1,"Actual Loops": 5,"Workers": [],"Plans": [{"Node Type": "Hash Join","Parent Relationship": "Outer","Parallel Aware": true,"Async Capable": false,"Join Type": "Inner","Startup Cost": 7982.36,"Total Cost": 115432.88,"Plan Rows": 19559,"Plan Width": 33,"Actual Startup Time": 59.459,"Actual Total Time": 178.997,"Actual Rows": 15372,"Actual Loops": 5,"Inner Unique": true,"Hash Cond": "(lineitem.l_partkey = part.p_partkey)","Workers": [],"Plans": [{"Node Type": "Bitmap Heap Scan","Parent Relationship": "Outer","Parallel Aware": true,"Async Capable": false,"Relation Name": "lineitem","Alias": "lineitem","Startup Cost": 2010.36,"Total Cost": 109409.54,"Plan Rows": 19559,"Plan Width": 16,"Actual Startup Time": 22.196,"Actual Total Time": 111.214,"Actual Rows": 15372,"Actual Loops": 5,"Recheck Cond": "((l_shipdate >= '1993-01-01'::date) AND (l_shipdate < '1993-02-01 00:00:00'::timestamp without time zone))","Rows Removed by Index Recheck": 0,"Exact Heap Blocks": 8068,"Lossy Heap Blocks": 0,"Workers": [],"Plans": [{"Node Type": "Bitmap Index Scan","Parent Relationship": "Outer","Parallel Aware": false,"Async Capable": false,"Index Name": "idx_lineitem_shipdate","Startup Cost": 0.00,"Total Cost": 1990.80,"Plan Rows": 78237,"Plan Width": 0,"Actual Startup Time": 15.976,"Actual Total Time": 15.979,"Actual Rows": 76860,"Actual Loops": 1,"Index Cond": "((l_shipdate >= '1993-01-01'::date) AND (l_shipdate < '1993-02-01 00:00:00'::timestamp without time zone))","Workers": []}]},{"Node Type": "Hash","Parent Relationship": "Inner","Parallel Aware": true,"Async Capable": false,"Startup Cost": 4930.33,"Total Cost": 4930.33,"Plan Rows": 83333,"Plan Width": 25,"Actual Startup Time": 36.495,"Actual Total Time": 36.499,"Actual Rows": 40000,"Actual Loops": 5,"Hash Buckets": 262144,"Original Hash Buckets": 262144,"Hash Batches": 1,"Original Hash Batches": 1,"Peak Memory Usage": 14176,"Workers": [],"Plans": [{"Node Type": "Seq Scan","Parent Relationship": "Outer","Parallel Aware": true,"Async Capable": false,"Relation Name": "part","Alias": "part","Startup Cost": 0.00,"Total Cost": 4930.33,"Plan Rows": 83333,"Plan Width": 25,"Actual Startup Time": 0.035,"Actual Total Time": 16.126,"Actual Rows": 40000,"Actual Loops": 5,"Workers": []}]}]}]}]}]},"Planning Time": 3.845,"Triggers": [],"Execution Time": 210.384}]
[{"Plan": {"Node Type": "Aggregate","Strategy": "Plain","Partial Mode": "Finalize","Parallel Aware": false,"Async Capable": false,"Startup Cost": 116135.64,"Total Cost": 116135.65,"Plan Rows": 1,"Plan Width": 32,"Actual Startup Time": 195.995,"Actual Total Time": 214.059,"Actual Rows": 1,"Actual Loops": 1,"Plans": [{"Node Type": "Gather","Parent Relationship": "Outer","Parallel Aware": false,"Async Capable": false,"Startup Cost": 116135.18,"Total Cost": 116135.59,"Plan Rows": 4,"Plan Width": 64,"Actual Startup Time": 194.581,"Actual Total Time": 214.025,"Actual Rows": 5,"Actual Loops": 1,"Workers Planned": 4,"Workers Launched": 4,"Single Copy": false,"Plans": [{"Node Type": "Aggregate","Strategy": "Plain","Partial Mode": "Partial","Parent Relationship": "Outer","Parallel Aware": false,"Async Capable": false,"Startup Cost": 115135.18,"Total Cost": 115135.19,"Plan Rows": 1,"Plan Width": 64,"Actual Startup Time": 187.052,"Actual Total Time": 187.062,"Actual Rows": 1,"Actual Loops": 5,"Workers": [],"Plans": [{"Node Type": "Hash Join","Parent Relationship": "Outer","Parallel Aware": true,"Async Capable": false,"Join Type": "Inner","Startup Cost": 7948.21,"Total Cost": 114798.93,"Plan Rows": 19214,"Plan Width": 33,"Actual Startup Time": 59.823,"Actual Total Time": 180.842,"Actual Rows": 15427,"Actual Loops": 5,"Inner Unique": true,"Hash Cond": "(lineitem.l_partkey = part.p_partkey)","Workers": [],"Plans": [{"Node Type": "Bitmap Heap Scan","Parent Relationship": "Outer","Parallel Aware": true,"Async Capable": false,"Relation Name": "lineitem","Alias": "lineitem","Startup Cost": 1976.22,"Total Cost": 108776.50,"Plan Rows": 19214,"Plan Width": 16,"Actual Startup Time": 22.994,"Actual Total Time": 113.362,"Actual Rows": 15427,"Actual Loops": 5,"Recheck Cond": "((l_shipdate >= '1996-01-01'::date) AND (l_shipdate < '1996-02-01 00:00:00'::timestamp without time zone))","Rows Removed by Index Recheck": 0,"Exact Heap Blocks": 7617,"Lossy Heap Blocks": 0,"Workers": [],"Plans": [{"Node Type": "Bitmap Index Scan","Parent Relationship": "Outer","Parallel Aware": false,"Async Capable": false,"Index Name": "idx_lineitem_shipdate","Startup Cost": 0.00,"Total Cost": 1957.00,"Plan Rows": 76857,"Plan Width": 0,"Actual Startup Time": 16.699,"Actual Total Time": 16.700,"Actual Rows": 77136,"Actual Loops": 1,"Index Cond": "((l_shipdate >= '1996-01-01'::date) AND (l_shipdate < '1996-02-01 00:00:00'::timestamp without time zone))","Workers": []}]},{"Node Type": "Hash","Parent Relationship": "Inner","Parallel Aware": true,"Async Capable": false,"Startup Cost": 4930.33,"Total Cost": 4930.33,"Plan Rows": 83333,"Plan Width": 25,"Actual Startup Time": 36.068,"Actual Total Time": 36.071,"Actual Rows": 40000,"Actual Loops": 5,"Hash Buckets": 262144,"Original Hash Buckets": 262144,"Hash Batches": 1,"Original Hash Batches": 1,"Peak Memory Usage": 14208,"Workers": [],"Plans": [{"Node Type": "Seq Scan","Parent Relationship": "Outer","Parallel Aware": true,"Async Capable": false,"Relation Name": "part","Alias": "part","Startup Cost": 0.00,"Total Cost": 4930.33,"Plan Rows": 83333,"Plan Width": 25,"Actual Startup Time": 0.038,"Actual Total Time": 16.692,"Actual Rows": 40000,"Actual Loops": 5,"Workers": []}]}]}]}]}]},"Planning Time": 4.110,"Triggers": [],"Execution Time": 214.344}]
[{"Plan": {"Node Type": "Aggregate","Strategy": "Plain","Partial Mode": "Finalize","Parallel Aware": false,"Async Capable": false,"Startup Cost": 113646.78,"Total Cost": 113646.79,"Plan Rows": 1,"Plan Width": 32,"Actual Startup Time": 193.479,"Actual Total Time": 211.551,"Actual Rows": 1,"Actual Loops": 1,"Plans": [{"Node Type": "Gather","Parent Relationship": "Outer","Parallel Aware": false,"Async Capable": false,"Startup Cost": 113646.32,"Total Cost": 113646.73,"Plan Rows": 4,"Plan Width": 64,"Actual Startup Time": 191.636,"Actual Total Time": 211.507,"Actual Rows": 5,"Actual Loops": 1,"Workers Planned": 4,"Workers Launched": 4,"Single Copy": false,"Plans": [{"Node Type": "Aggregate","Strategy": "Plain","Partial Mode": "Partial","Parent Relationship": "Outer","Parallel Aware": false,"Async Capable": false,"Startup Cost": 112646.32,"Total Cost": 112646.33,"Plan Rows": 1,"Plan Width": 64,"Actual Startup Time": 184.663,"Actual Total Time": 184.673,"Actual Rows": 1,"Actual Loops": 5,"Workers": [],"Plans": [{"Node Type": "Hash Join","Parent Relationship": "Outer","Parallel Aware": true,"Async Capable": false,"Join Type": "Inner","Startup Cost": 7821.42,"Total Cost": 112331.74,"Plan Rows": 17976,"Plan Width": 33,"Actual Startup Time": 63.095,"Actual Total Time": 178.751,"Actual Rows": 15412,"Actual Loops": 5,"Inner Unique": true,"Hash Cond": "(lineitem.l_partkey = part.p_partkey)","Workers": [],"Plans": [{"Node Type": "Bitmap Heap Scan","Parent Relationship": "Outer","Parallel Aware": true,"Async Capable": false,"Relation Name": "lineitem","Alias": "lineitem","Startup Cost": 1849.43,"Total Cost": 106312.56,"Plan Rows": 17976,"Plan Width": 16,"Actual Startup Time": 23.121,"Actual Total Time": 106.921,"Actual Rows": 15412,"Actual Loops": 5,"Recheck Cond": "((l_shipdate >= '1996-05-01'::date) AND (l_shipdate < '1996-06-01 00:00:00'::timestamp without time zone))","Rows Removed by Index Recheck": 0,"Exact Heap Blocks": 8126,"Lossy Heap Blocks": 0,"Workers": [],"Plans": [{"Node Type": "Bitmap Index Scan","Parent Relationship": "Outer","Parallel Aware": false,"Async Capable": false,"Index Name": "idx_lineitem_shipdate","Startup Cost": 0.00,"Total Cost": 1831.45,"Plan Rows": 71902,"Plan Width": 0,"Actual Startup Time": 16.762,"Actual Total Time": 16.763,"Actual Rows": 77062,"Actual Loops": 1,"Index Cond": "((l_shipdate >= '1996-05-01'::date) AND (l_shipdate < '1996-06-01 00:00:00'::timestamp without time zone))","Workers": []}]},{"Node Type": "Hash","Parent Relationship": "Inner","Parallel Aware": true,"Async Capable": false,"Startup Cost": 4930.33,"Total Cost": 4930.33,"Plan Rows": 83333,"Plan Width": 25,"Actual Startup Time": 39.312,"Actual Total Time": 39.315,"Actual Rows": 40000,"Actual Loops": 5,"Hash Buckets": 262144,"Original Hash Buckets": 262144,"Hash Batches": 1,"Original Hash Batches": 1,"Peak Memory Usage": 14208,"Workers": [],"Plans": [{"Node Type": "Seq Scan","Parent Relationship": "Outer","Parallel Aware": true,"Async Capable": false,"Relation Name": "part","Alias": "part","Startup Cost": 0.00,"Total Cost": 4930.33,"Plan Rows": 83333,"Plan Width": 25,"Actual Startup Time": 0.033,"Actual Total Time": 17.021,"Actual Rows": 40000,"Actual Loops": 5,"Workers": []}]}]}]}]}]},"Planning Time": 5.257,"Triggers": [],"Execution Time": 211.778}]
[{"Plan": {"Node Type": "Aggregate","Strategy": "Plain","Partial Mode": "Finalize","Parallel Aware": false,"Async Capable": false,"Startup Cost": 116739.50,"Total Cost": 116739.52,"Plan Rows": 1,"Plan Width": 32,"Actual Startup Time": 206.757,"Actual Total Time": 221.834,"Actual Rows": 1,"Actual Loops": 1,"Plans": [{"Node Type": "Gather","Parent Relationship": "Outer","Parallel Aware": false,"Async Capable": false,"Startup Cost": 116739.05,"Total Cost": 116739.46,"Plan Rows": 4,"Plan Width": 64,"Actual Startup Time": 205.325,"Actual Total Time": 221.800,"Actual Rows": 5,"Actual Loops": 1,"Workers Planned": 4,"Workers Launched": 4,"Single Copy": false,"Plans": [{"Node Type": "Aggregate","Strategy": "Plain","Partial Mode": "Partial","Parent Relationship": "Outer","Parallel Aware": false,"Async Capable": false,"Startup Cost": 115739.05,"Total Cost": 115739.06,"Plan Rows": 1,"Plan Width": 64,"Actual Startup Time": 197.703,"Actual Total Time": 197.711,"Actual Rows": 1,"Actual Loops": 5,"Workers": [],"Plans": [{"Node Type": "Hash Join","Parent Relationship": "Outer","Parallel Aware": true,"Async Capable": false,"Join Type": "Inner","Startup Cost": 7981.52,"Total Cost": 115397.11,"Plan Rows": 19539,"Plan Width": 33,"Actual Startup Time": 72.726,"Actual Total Time": 192.051,"Actual Rows": 13912,"Actual Loops": 5,"Inner Unique": true,"Hash Cond": "(lineitem.l_partkey = part.p_partkey)","Workers": [],"Plans": [{"Node Type": "Bitmap Heap Scan","Parent Relationship": "Outer","Parallel Aware": true,"Async Capable": false,"Relation Name": "lineitem","Alias": "lineitem","Startup Cost": 2009.52,"Total Cost": 109373.83,"Plan Rows": 19539,"Plan Width": 16,"Actual Startup Time": 32.073,"Actual Total Time": 122.872,"Actual Rows": 13912,"Actual Loops": 5,"Recheck Cond": "((l_shipdate >= '1994-02-01'::date) AND (l_shipdate < '1994-03-01 00:00:00'::timestamp without time zone))","Rows Removed by Index Recheck": 0,"Exact Heap Blocks": 7943,"Lossy Heap Blocks": 0,"Workers": [],"Plans": [{"Node Type": "Bitmap Index Scan","Parent Relationship": "Outer","Parallel Aware": false,"Async Capable": false,"Index Name": "idx_lineitem_shipdate","Startup Cost": 0.00,"Total Cost": 1989.98,"Plan Rows": 78155,"Plan Width": 0,"Actual Startup Time": 25.713,"Actual Total Time": 25.716,"Actual Rows": 69561,"Actual Loops": 1,"Index Cond": "((l_shipdate >= '1994-02-01'::date) AND (l_shipdate < '1994-03-01 00:00:00'::timestamp without time zone))","Workers": []}]},{"Node Type": "Hash","Parent Relationship": "Inner","Parallel Aware": true,"Async Capable": false,"Startup Cost": 4930.33,"Total Cost": 4930.33,"Plan Rows": 83333,"Plan Width": 25,"Actual Startup Time": 39.838,"Actual Total Time": 39.841,"Actual Rows": 40000,"Actual Loops": 5,"Hash Buckets": 262144,"Original Hash Buckets": 262144,"Hash Batches": 1,"Original Hash Batches": 1,"Peak Memory Usage": 14208,"Workers": [],"Plans": [{"Node Type": "Seq Scan","Parent Relationship": "Outer","Parallel Aware": true,"Async Capable": false,"Relation Name": "part","Alias": "part","Startup Cost": 0.00,"Total Cost": 4930.33,"Plan Rows": 83333,"Plan Width": 25,"Actual Startup Time": 0.036,"Actual Total Time": 16.923,"Actual Rows": 40000,"Actual Loops": 5,"Workers": []}]}]}]}]}]},"Planning Time": 4.192,"Triggers": [],"Execution Time": 222.123}]
[{"Plan": {"Node Type": "Aggregate","Strategy": "Plain","Partial Mode": "Finalize","Parallel Aware": false,"Async Capable": false,"Startup Cost": 113868.95,"Total Cost": 113868.96,"Plan Rows": 1,"Plan Width": 32,"Actual Startup Time": 192.024,"Actual Total Time": 209.364,"Actual Rows": 1,"Actual Loops": 1,"Plans": [{"Node Type": "Gather","Parent Relationship": "Outer","Parallel Aware": false,"Async Capable": false,"Startup Cost": 113868.49,"Total Cost": 113868.90,"Plan Rows": 4,"Plan Width": 64,"Actual Startup Time": 190.470,"Actual Total Time": 209.317,"Actual Rows": 5,"Actual Loops": 1,"Workers Planned": 4,"Workers Launched": 4,"Single Copy": false,"Plans": [{"Node Type": "Aggregate","Strategy": "Plain","Partial Mode": "Partial","Parent Relationship": "Outer","Parallel Aware": false,"Async Capable": false,"Startup Cost": 112868.49,"Total Cost": 112868.50,"Plan Rows": 1,"Plan Width": 64,"Actual Startup Time": 182.800,"Actual Total Time": 182.811,"Actual Rows": 1,"Actual Loops": 5,"Workers": [],"Plans": [{"Node Type": "Hash Join","Parent Relationship": "Outer","Parallel Aware": true,"Async Capable": false,"Join Type": "Inner","Startup Cost": 7829.76,"Total Cost": 112552.07,"Plan Rows": 18081,"Plan Width": 33,"Actual Startup Time": 58.101,"Actual Total Time": 176.684,"Actual Rows": 14907,"Actual Loops": 5,"Inner Unique": true,"Hash Cond": "(lineitem.l_partkey = part.p_partkey)","Workers": [],"Plans": [{"Node Type": "Bitmap Heap Scan","Parent Relationship": "Outer","Parallel Aware": true,"Async Capable": false,"Relation Name": "lineitem","Alias": "lineitem","Startup Cost": 1857.76,"Total Cost": 106532.61,"Plan Rows": 18081,"Plan Width": 16,"Actual Startup Time": 21.453,"Actual Total Time": 110.287,"Actual Rows": 14907,"Actual Loops": 5,"Recheck Cond": "((l_shipdate >= '1997-04-01'::date) AND (l_shipdate < '1997-05-01 00:00:00'::timestamp without time zone))","Rows Removed by Index Recheck": 0,"Exact Heap Blocks": 7370,"Lossy Heap Blocks": 0,"Workers": [],"Plans": [{"Node Type": "Bitmap Index Scan","Parent Relationship": "Outer","Parallel Aware": false,"Async Capable": false,"Index Name": "idx_lineitem_shipdate","Startup Cost": 0.00,"Total Cost": 1839.68,"Plan Rows": 72325,"Plan Width": 0,"Actual Startup Time": 15.340,"Actual Total Time": 15.341,"Actual Rows": 74537,"Actual Loops": 1,"Index Cond": "((l_shipdate >= '1997-04-01'::date) AND (l_shipdate < '1997-05-01 00:00:00'::timestamp without time zone))","Workers": []}]},{"Node Type": "Hash","Parent Relationship": "Inner","Parallel Aware": true,"Async Capable": false,"Startup Cost": 4930.33,"Total Cost": 4930.33,"Plan Rows": 83333,"Plan Width": 25,"Actual Startup Time": 35.881,"Actual Total Time": 35.885,"Actual Rows": 40000,"Actual Loops": 5,"Hash Buckets": 262144,"Original Hash Buckets": 262144,"Hash Batches": 1,"Original Hash Batches": 1,"Peak Memory Usage": 14176,"Workers": [],"Plans": [{"Node Type": "Seq Scan","Parent Relationship": "Outer","Parallel Aware": true,"Async Capable": false,"Relation Name": "part","Alias": "part","Startup Cost": 0.00,"Total Cost": 4930.33,"Plan Rows": 83333,"Plan Width": 25,"Actual Startup Time": 0.029,"Actual Total Time": 16.944,"Actual Rows": 40000,"Actual Loops": 5,"Workers": []}]}]}]}]}]},"Planning Time": 5.167,"Triggers": [],"Execution Time": 209.657}]
[{"Plan": {"Node Type": "Aggregate","Strategy": "Plain","Partial Mode": "Finalize","Parallel Aware": false,"Async Capable": false,"Startup Cost": 116275.89,"Total Cost": 116275.90,"Plan Rows": 1,"Plan Width": 32,"Actual Startup Time": 216.169,"Actual Total Time": 231.685,"Actual Rows": 1,"Actual Loops": 1,"Plans": [{"Node Type": "Gather","Parent Relationship": "Outer","Parallel Aware": false,"Async Capable": false,"Startup Cost": 116275.43,"Total Cost": 116275.84,"Plan Rows": 4,"Plan Width": 64,"Actual Startup Time": 214.682,"Actual Total Time": 231.625,"Actual Rows": 5,"Actual Loops": 1,"Workers Planned": 4,"Workers Launched": 4,"Single Copy": false,"Plans": [{"Node Type": "Aggregate","Strategy": "Plain","Partial Mode": "Partial","Parent Relationship": "Outer","Parallel Aware": false,"Async Capable": false,"Startup Cost": 115275.43,"Total Cost": 115275.44,"Plan Rows": 1,"Plan Width": 64,"Actual Startup Time": 206.995,"Actual Total Time": 207.010,"Actual Rows": 1,"Actual Loops": 5,"Workers": [],"Plans": [{"Node Type": "Hash Join","Parent Relationship": "Outer","Parallel Aware": true,"Async Capable": false,"Join Type": "Inner","Startup Cost": 7955.28,"Total Cost": 114937.87,"Plan Rows": 19289,"Plan Width": 33,"Actual Startup Time": 73.783,"Actual Total Time": 200.830,"Actual Rows": 15527,"Actual Loops": 5,"Inner Unique": true,"Hash Cond": "(lineitem.l_partkey = part.p_partkey)","Workers": [],"Plans": [{"Node Type": "Bitmap Heap Scan","Parent Relationship": "Outer","Parallel Aware": true,"Async Capable": false,"Relation Name": "lineitem","Alias": "lineitem","Startup Cost": 1983.28,"Total Cost": 108915.24,"Plan Rows": 19289,"Plan Width": 16,"Actual Startup Time": 33.071,"Actual Total Time": 128.639,"Actual Rows": 15527,"Actual Loops": 5,"Recheck Cond": "((l_shipdate >= '1997-01-01'::date) AND (l_shipdate < '1997-02-01 00:00:00'::timestamp without time zone))","Rows Removed by Index Recheck": 0,"Exact Heap Blocks": 8450,"Lossy Heap Blocks": 0,"Workers": [],"Plans": [{"Node Type": "Bitmap Index Scan","Parent Relationship": "Outer","Parallel Aware": false,"Async Capable": false,"Index Name": "idx_lineitem_shipdate","Startup Cost": 0.00,"Total Cost": 1963.99,"Plan Rows": 77156,"Plan Width": 0,"Actual Startup Time": 26.389,"Actual Total Time": 26.391,"Actual Rows": 77637,"Actual Loops": 1,"Index Cond": "((l_shipdate >= '1997-01-01'::date) AND (l_shipdate < '1997-02-01 00:00:00'::timestamp without time zone))","Workers": []}]},{"Node Type": "Hash","Parent Relationship": "Inner","Parallel Aware": true,"Async Capable": false,"Startup Cost": 4930.33,"Total Cost": 4930.33,"Plan Rows": 83333,"Plan Width": 25,"Actual Startup Time": 39.995,"Actual Total Time": 40.000,"Actual Rows": 40000,"Actual Loops": 5,"Hash Buckets": 262144,"Original Hash Buckets": 262144,"Hash Batches": 1,"Original Hash Batches": 1,"Peak Memory Usage": 14208,"Workers": [],"Plans": [{"Node Type": "Seq Scan","Parent Relationship": "Outer","Parallel Aware": true,"Async Capable": false,"Relation Name": "part","Alias": "part","Startup Cost": 0.00,"Total Cost": 4930.33,"Plan Rows": 83333,"Plan Width": 25,"Actual Startup Time": 0.037,"Actual Total Time": 17.315,"Actual Rows": 40000,"Actual Loops": 5,"Workers": []}]}]}]}]}]},"Planning Time": 4.357,"Triggers": [],"Execution Time": 231.907}]
[{"Plan": {"Node Type": "Aggregate","Strategy": "Plain","Partial Mode": "Finalize","Parallel Aware": false,"Async Capable": false,"Startup Cost": 114725.33,"Total Cost": 114725.34,"Plan Rows": 1,"Plan Width": 32,"Actual Startup Time": 192.923,"Actual Total Time": 209.763,"Actual Rows": 1,"Actual Loops": 1,"Plans": [{"Node Type": "Gather","Parent Relationship": "Outer","Parallel Aware": false,"Async Capable": false,"Startup Cost": 114724.87,"Total Cost": 114725.28,"Plan Rows": 4,"Plan Width": 64,"Actual Startup Time": 191.499,"Actual Total Time": 209.727,"Actual Rows": 5,"Actual Loops": 1,"Workers Planned": 4,"Workers Launched": 4,"Single Copy": false,"Plans": [{"Node Type": "Aggregate","Strategy": "Plain","Partial Mode": "Partial","Parent Relationship": "Outer","Parallel Aware": false,"Async Capable": false,"Startup Cost": 113724.87,"Total Cost": 113724.88,"Plan Rows": 1,"Plan Width": 64,"Actual Startup Time": 183.203,"Actual Total Time": 183.211,"Actual Rows": 1,"Actual Loops": 5,"Workers": [],"Plans": [{"Node Type": "Hash Join","Parent Relationship": "Outer","Parallel Aware": true,"Async Capable": false,"Join Type": "Inner","Startup Cost": 7874.68,"Total Cost": 113401.22,"Plan Rows": 18494,"Plan Width": 33,"Actual Startup Time": 59.447,"Actual Total Time": 177.013,"Actual Rows": 15439,"Actual Loops": 5,"Inner Unique": true,"Hash Cond": "(lineitem.l_partkey = part.p_partkey)","Workers": [],"Plans": [{"Node Type": "Bitmap Heap Scan","Parent Relationship": "Outer","Parallel Aware": true,"Async Capable": false,"Relation Name": "lineitem","Alias": "lineitem","Startup Cost": 1902.69,"Total Cost": 107380.68,"Plan Rows": 18494,"Plan Width": 16,"Actual Startup Time": 22.483,"Actual Total Time": 108.769,"Actual Rows": 15439,"Actual Loops": 5,"Recheck Cond": "((l_shipdate >= '1993-03-01'::date) AND (l_shipdate < '1993-04-01 00:00:00'::timestamp without time zone))","Rows Removed by Index Recheck": 0,"Exact Heap Blocks": 7570,"Lossy Heap Blocks": 0,"Workers": [],"Plans": [{"Node Type": "Bitmap Index Scan","Parent Relationship": "Outer","Parallel Aware": false,"Async Capable": false,"Index Name": "idx_lineitem_shipdate","Startup Cost": 0.00,"Total Cost": 1884.19,"Plan Rows": 73976,"Plan Width": 0,"Actual Startup Time": 16.141,"Actual Total Time": 16.143,"Actual Rows": 77194,"Actual Loops": 1,"Index Cond": "((l_shipdate >= '1993-03-01'::date) AND (l_shipdate < '1993-04-01 00:00:00'::timestamp without time zone))","Workers": []}]},{"Node Type": "Hash","Parent Relationship": "Inner","Parallel Aware": true,"Async Capable": false,"Startup Cost": 4930.33,"Total Cost": 4930.33,"Plan Rows": 83333,"Plan Width": 25,"Actual Startup Time": 36.196,"Actual Total Time": 36.199,"Actual Rows": 40000,"Actual Loops": 5,"Hash Buckets": 262144,"Original Hash Buckets": 262144,"Hash Batches": 1,"Original Hash Batches": 1,"Peak Memory Usage": 14176,"Workers": [],"Plans": [{"Node Type": "Seq Scan","Parent Relationship": "Outer","Parallel Aware": true,"Async Capable": false,"Relation Name": "part","Alias": "part","Startup Cost": 0.00,"Total Cost": 4930.33,"Plan Rows": 83333,"Plan Width": 25,"Actual Startup Time": 0.033,"Actual Total Time": 16.359,"Actual Rows": 40000,"Actual Loops": 5,"Workers": []}]}]}]}]}]},"Planning Time": 5.414,"Triggers": [],"Execution Time": 210.129}]
[{"Plan": {"Node Type": "Aggregate","Strategy": "Plain","Partial Mode": "Finalize","Parallel Aware": false,"Async Capable": false,"Startup Cost": 115300.48,"Total Cost": 115300.49,"Plan Rows": 1,"Plan Width": 32,"Actual Startup Time": 195.743,"Actual Total Time": 212.460,"Actual Rows": 1,"Actual Loops": 1,"Plans": [{"Node Type": "Gather","Parent Relationship": "Outer","Parallel Aware": false,"Async Capable": false,"Startup Cost": 115300.02,"Total Cost": 115300.43,"Plan Rows": 4,"Plan Width": 64,"Actual Startup Time": 194.274,"Actual Total Time": 212.423,"Actual Rows": 5,"Actual Loops": 1,"Workers Planned": 4,"Workers Launched": 4,"Single Copy": false,"Plans": [{"Node Type": "Aggregate","Strategy": "Plain","Partial Mode": "Partial","Parent Relationship": "Outer","Parallel Aware": false,"Async Capable": false,"Startup Cost": 114300.02,"Total Cost": 114300.03,"Plan Rows": 1,"Plan Width": 64,"Actual Startup Time": 187.002,"Actual Total Time": 187.012,"Actual Rows": 1,"Actual Loops": 5,"Workers": [],"Plans": [{"Node Type": "Hash Join","Parent Relationship": "Outer","Parallel Aware": true,"Async Capable": false,"Join Type": "Inner","Startup Cost": 7902.51,"Total Cost": 113971.33,"Plan Rows": 18782,"Plan Width": 33,"Actual Startup Time": 62.456,"Actual Total Time": 181.009,"Actual Rows": 15408,"Actual Loops": 5,"Inner Unique": true,"Hash Cond": "(lineitem.l_partkey = part.p_partkey)","Workers": [],"Plans": [{"Node Type": "Bitmap Heap Scan","Parent Relationship": "Outer","Parallel Aware": true,"Async Capable": false,"Relation Name": "lineitem","Alias": "lineitem","Startup Cost": 1930.51,"Total Cost": 107950.03,"Plan Rows": 18782,"Plan Width": 16,"Actual Startup Time": 23.280,"Actual Total Time": 110.733,"Actual Rows": 15408,"Actual Loops": 5,"Recheck Cond": "((l_shipdate >= '1994-08-01'::date) AND (l_shipdate < '1994-09-01 00:00:00'::timestamp without time zone))","Rows Removed by Index Recheck": 0,"Exact Heap Blocks": 8348,"Lossy Heap Blocks": 0,"Workers": [],"Plans": [{"Node Type": "Bitmap Index Scan","Parent Relationship": "Outer","Parallel Aware": false,"Async Capable": false,"Index Name": "idx_lineitem_shipdate","Startup Cost": 0.00,"Total Cost": 1911.73,"Plan Rows": 75130,"Plan Width": 0,"Actual Startup Time": 16.859,"Actual Total Time": 16.861,"Actual Rows": 77041,"Actual Loops": 1,"Index Cond": "((l_shipdate >= '1994-08-01'::date) AND (l_shipdate < '1994-09-01 00:00:00'::timestamp without time zone))","Workers": []}]},{"Node Type": "Hash","Parent Relationship": "Inner","Parallel Aware": true,"Async Capable": false,"Startup Cost": 4930.33,"Total Cost": 4930.33,"Plan Rows": 83333,"Plan Width": 25,"Actual Startup Time": 38.418,"Actual Total Time": 38.421,"Actual Rows": 40000,"Actual Loops": 5,"Hash Buckets": 262144,"Original Hash Buckets": 262144,"Hash Batches": 1,"Original Hash Batches": 1,"Peak Memory Usage": 14208,"Workers": [],"Plans": [{"Node Type": "Seq Scan","Parent Relationship": "Outer","Parallel Aware": true,"Async Capable": false,"Relation Name": "part","Alias": "part","Startup Cost": 0.00,"Total Cost": 4930.33,"Plan Rows": 83333,"Plan Width": 25,"Actual Startup Time": 0.029,"Actual Total Time": 16.705,"Actual Rows": 40000,"Actual Loops": 5,"Workers": []}]}]}]}]}]},"Planning Time": 3.844,"Triggers": [],"Execution Time": 212.688}]
[{"Plan": {"Node Type": "Aggregate","Strategy": "Plain","Partial Mode": "Finalize","Parallel Aware": false,"Async Capable": false,"Startup Cost": 116423.51,"Total Cost": 116423.52,"Plan Rows": 1,"Plan Width": 32,"Actual Startup Time": 193.419,"Actual Total Time": 210.903,"Actual Rows": 1,"Actual Loops": 1,"Plans": [{"Node Type": "Gather","Parent Relationship": "Outer","Parallel Aware": false,"Async Capable": false,"Startup Cost": 116423.05,"Total Cost": 116423.46,"Plan Rows": 4,"Plan Width": 64,"Actual Startup Time": 191.772,"Actual Total Time": 210.852,"Actual Rows": 5,"Actual Loops": 1,"Workers Planned": 4,"Workers Launched": 4,"Single Copy": false,"Plans": [{"Node Type": "Aggregate","Strategy": "Plain","Partial Mode": "Partial","Parent Relationship": "Outer","Parallel Aware": false,"Async Capable": false,"Startup Cost": 115423.05,"Total Cost": 115423.06,"Plan Rows": 1,"Plan Width": 64,"Actual Startup Time": 184.034,"Actual Total Time": 184.046,"Actual Rows": 1,"Actual Loops": 5,"Workers": [],"Plans": [{"Node Type": "Hash Join","Parent Relationship": "Outer","Parallel Aware": true,"Async Capable": false,"Join Type": "Inner","Startup Cost": 7962.54,"Total Cost": 115084.11,"Plan Rows": 19368,"Plan Width": 33,"Actual Startup Time": 59.026,"Actual Total Time": 177.787,"Actual Rows": 15441,"Actual Loops": 5,"Inner Unique": true,"Hash Cond": "(lineitem.l_partkey = part.p_partkey)","Workers": [],"Plans": [{"Node Type": "Bitmap Heap Scan","Parent Relationship": "Outer","Parallel Aware": true,"Async Capable": false,"Relation Name": "lineitem","Alias": "lineitem","Startup Cost": 1990.54,"Total Cost": 109061.27,"Plan Rows": 19368,"Plan Width": 16,"Actual Startup Time": 22.262,"Actual Total Time": 110.318,"Actual Rows": 15441,"Actual Loops": 5,"Recheck Cond": "((l_shipdate >= '1995-12-01'::date) AND (l_shipdate < '1996-01-01 00:00:00'::timestamp without time zone))","Rows Removed by Index Recheck": 0,"Exact Heap Blocks": 7749,"Lossy Heap Blocks": 0,"Workers": [],"Plans": [{"Node Type": "Bitmap Index Scan","Parent Relationship": "Outer","Parallel Aware": false,"Async Capable": false,"Index Name": "idx_lineitem_shipdate","Startup Cost": 0.00,"Total Cost": 1971.17,"Plan Rows": 77474,"Plan Width": 0,"Actual Startup Time": 16.016,"Actual Total Time": 16.018,"Actual Rows": 77203,"Actual Loops": 1,"Index Cond": "((l_shipdate >= '1995-12-01'::date) AND (l_shipdate < '1996-01-01 00:00:00'::timestamp without time zone))","Workers": []}]},{"Node Type": "Hash","Parent Relationship": "Inner","Parallel Aware": true,"Async Capable": false,"Startup Cost": 4930.33,"Total Cost": 4930.33,"Plan Rows": 83333,"Plan Width": 25,"Actual Startup Time": 36.084,"Actual Total Time": 36.088,"Actual Rows": 40000,"Actual Loops": 5,"Hash Buckets": 262144,"Original Hash Buckets": 262144,"Hash Batches": 1,"Original Hash Batches": 1,"Peak Memory Usage": 14208,"Workers": [],"Plans": [{"Node Type": "Seq Scan","Parent Relationship": "Outer","Parallel Aware": true,"Async Capable": false,"Relation Name": "part","Alias": "part","Startup Cost": 0.00,"Total Cost": 4930.33,"Plan Rows": 83333,"Plan Width": 25,"Actual Startup Time": 0.025,"Actual Total Time": 17.161,"Actual Rows": 40000,"Actual Loops": 5,"Workers": []}]}]}]}]}]},"Planning Time": 5.431,"Triggers": [],"Execution Time": 211.162}]
[{"Plan": {"Node Type": "Aggregate","Strategy": "Plain","Partial Mode": "Finalize","Parallel Aware": false,"Async Capable": false,"Startup Cost": 117225.47,"Total Cost": 117225.49,"Plan Rows": 1,"Plan Width": 32,"Actual Startup Time": 216.741,"Actual Total Time": 233.601,"Actual Rows": 1,"Actual Loops": 1,"Plans": [{"Node Type": "Gather","Parent Relationship": "Outer","Parallel Aware": false,"Async Capable": false,"Startup Cost": 117225.02,"Total Cost": 117225.43,"Plan Rows": 4,"Plan Width": 64,"Actual Startup Time": 215.228,"Actual Total Time": 233.556,"Actual Rows": 5,"Actual Loops": 1,"Workers Planned": 4,"Workers Launched": 4,"Single Copy": false,"Plans": [{"Node Type": "Aggregate","Strategy": "Plain","Partial Mode": "Partial","Parent Relationship": "Outer","Parallel Aware": false,"Async Capable": false,"Startup Cost": 116225.02,"Total Cost": 116225.03,"Plan Rows": 1,"Plan Width": 64,"Actual Startup Time": 207.689,"Actual Total Time": 207.699,"Actual Rows": 1,"Actual Loops": 5,"Workers": [],"Plans": [{"Node Type": "Hash Join","Parent Relationship": "Outer","Parallel Aware": true,"Async Capable": false,"Join Type": "Inner","Startup Cost": 8008.56,"Total Cost": 115878.37,"Plan Rows": 19808,"Plan Width": 33,"Actual Startup Time": 75.267,"Actual Total Time": 201.372,"Actual Rows": 15471,"Actual Loops": 5,"Inner Unique": true,"Hash Cond": "(lineitem.l_partkey = part.p_partkey)","Workers": [],"Plans": [{"Node Type": "Bitmap Heap Scan","Parent Relationship": "Outer","Parallel Aware": true,"Async Capable": false,"Relation Name": "lineitem","Alias": "lineitem","Startup Cost": 2036.56,"Total Cost": 109854.38,"Plan Rows": 19808,"Plan Width": 16,"Actual Startup Time": 32.495,"Actual Total Time": 126.871,"Actual Rows": 15471,"Actual Loops": 5,"Recheck Cond": "((l_shipdate >= '1995-01-01'::date) AND (l_shipdate < '1995-02-01 00:00:00'::timestamp without time zone))","Rows Removed by Index Recheck": 0,"Exact Heap Blocks": 8865,"Lossy Heap Blocks": 0,"Workers": [],"Plans": [{"Node Type": "Bitmap Index Scan","Parent Relationship": "Outer","Parallel Aware": false,"Async Capable": false,"Index Name": "idx_lineitem_shipdate","Startup Cost": 0.00,"Total Cost": 2016.75,"Plan Rows": 79232,"Plan Width": 0,"Actual Startup Time": 25.884,"Actual Total Time": 25.890,"Actual Rows": 77356,"Actual Loops": 1,"Index Cond": "((l_shipdate >= '1995-01-01'::date) AND (l_shipdate < '1995-02-01 00:00:00'::timestamp without time zone))","Workers": []}]},{"Node Type": "Hash","Parent Relationship": "Inner","Parallel Aware": true,"Async Capable": false,"Startup Cost": 4930.33,"Total Cost": 4930.33,"Plan Rows": 83333,"Plan Width": 25,"Actual Startup Time": 42.028,"Actual Total Time": 42.030,"Actual Rows": 40000,"Actual Loops": 5,"Hash Buckets": 262144,"Original Hash Buckets": 262144,"Hash Batches": 1,"Original Hash Batches": 1,"Peak Memory Usage": 14144,"Workers": [],"Plans": [{"Node Type": "Seq Scan","Parent Relationship": "Outer","Parallel Aware": true,"Async Capable": false,"Relation Name": "part","Alias": "part","Startup Cost": 0.00,"Total Cost": 4930.33,"Plan Rows": 83333,"Plan Width": 25,"Actual Startup Time": 0.039,"Actual Total Time": 18.208,"Actual Rows": 40000,"Actual Loops": 5,"Workers": []}]}]}]}]}]},"Planning Time": 4.207,"Triggers": [],"Execution Time": 233.902}]
[{"Plan": {"Node Type": "Aggregate","Strategy": "Plain","Partial Mode": "Finalize","Parallel Aware": false,"Async Capable": false,"Startup Cost": 116279.97,"Total Cost": 116279.99,"Plan Rows": 1,"Plan Width": 32,"Actual Startup Time": 194.269,"Actual Total Time": 212.337,"Actual Rows": 1,"Actual Loops": 1,"Plans": [{"Node Type": "Gather","Parent Relationship": "Outer","Parallel Aware": false,"Async Capable": false,"Startup Cost": 116279.52,"Total Cost": 116279.93,"Plan Rows": 4,"Plan Width": 64,"Actual Startup Time": 192.534,"Actual Total Time": 212.291,"Actual Rows": 5,"Actual Loops": 1,"Workers Planned": 4,"Workers Launched": 4,"Single Copy": false,"Plans": [{"Node Type": "Aggregate","Strategy": "Plain","Partial Mode": "Partial","Parent Relationship": "Outer","Parallel Aware": false,"Async Capable": false,"Startup Cost": 115279.52,"Total Cost": 115279.53,"Plan Rows": 1,"Plan Width": 64,"Actual Startup Time": 184.639,"Actual Total Time": 184.649,"Actual Rows": 1,"Actual Loops": 5,"Workers": [],"Plans": [{"Node Type": "Hash Join","Parent Relationship": "Outer","Parallel Aware": true,"Async Capable": false,"Join Type": "Inner","Startup Cost": 7955.37,"Total Cost": 114941.92,"Plan Rows": 19291,"Plan Width": 33,"Actual Startup Time": 62.932,"Actual Total Time": 178.412,"Actual Rows": 15344,"Actual Loops": 5,"Inner Unique": true,"Hash Cond": "(lineitem.l_partkey = part.p_partkey)","Workers": [],"Plans": [{"Node Type": "Bitmap Heap Scan","Parent Relationship": "Outer","Parallel Aware": true,"Async Capable": false,"Relation Name": "lineitem","Alias": "lineitem","Startup Cost": 1983.37,"Total Cost": 108919.29,"Plan Rows": 19291,"Plan Width": 16,"Actual Startup Time": 23.473,"Actual Total Time": 106.485,"Actual Rows": 15344,"Actual Loops": 5,"Recheck Cond": "((l_shipdate >= '1994-10-01'::date) AND (l_shipdate < '1994-11-01 00:00:00'::timestamp without time zone))","Rows Removed by Index Recheck": 0,"Exact Heap Blocks": 7724,"Lossy Heap Blocks": 0,"Workers": [],"Plans": [{"Node Type": "Bitmap Index Scan","Parent Relationship": "Outer","Parallel Aware": false,"Async Capable": false,"Index Name": "idx_lineitem_shipdate","Startup Cost": 0.00,"Total Cost": 1964.08,"Plan Rows": 77165,"Plan Width": 0,"Actual Startup Time": 16.986,"Actual Total Time": 16.988,"Actual Rows": 76718,"Actual Loops": 1,"Index Cond": "((l_shipdate >= '1994-10-01'::date) AND (l_shipdate < '1994-11-01 00:00:00'::timestamp without time zone))","Workers": []}]},{"Node Type": "Hash","Parent Relationship": "Inner","Parallel Aware": true,"Async Capable": false,"Startup Cost": 4930.33,"Total Cost": 4930.33,"Plan Rows": 83333,"Plan Width": 25,"Actual Startup Time": 38.523,"Actual Total Time": 38.526,"Actual Rows": 40000,"Actual Loops": 5,"Hash Buckets": 262144,"Original Hash Buckets": 262144,"Hash Batches": 1,"Original Hash Batches": 1,"Peak Memory Usage": 14208,"Workers": [],"Plans": [{"Node Type": "Seq Scan","Parent Relationship": "Outer","Parallel Aware": true,"Async Capable": false,"Relation Name": "part","Alias": "part","Startup Cost": 0.00,"Total Cost": 4930.33,"Plan Rows": 83333,"Plan Width": 25,"Actual Startup Time": 0.032,"Actual Total Time": 16.553,"Actual Rows": 40000,"Actual Loops": 5,"Workers": []}]}]}]}]}]},"Planning Time": 4.283,"Triggers": [],"Execution Time": 212.630}]
[{"Plan": {"Node Type": "Aggregate","Strategy": "Plain","Partial Mode": "Finalize","Parallel Aware": false,"Async Capable": false,"Startup Cost": 115729.57,"Total Cost": 115729.59,"Plan Rows": 1,"Plan Width": 32,"Actual Startup Time": 204.888,"Actual Total Time": 221.461,"Actual Rows": 1,"Actual Loops": 1,"Plans": [{"Node Type": "Gather","Parent Relationship": "Outer","Parallel Aware": false,"Async Capable": false,"Startup Cost": 115729.12,"Total Cost": 115729.53,"Plan Rows": 4,"Plan Width": 64,"Actual Startup Time": 203.543,"Actual Total Time": 221.416,"Actual Rows": 5,"Actual Loops": 1,"Workers Planned": 4,"Workers Launched": 4,"Single Copy": false,"Plans": [{"Node Type": "Aggregate","Strategy": "Plain","Partial Mode": "Partial","Parent Relationship": "Outer","Parallel Aware": false,"Async Capable": false,"Startup Cost": 114729.12,"Total Cost": 114729.13,"Plan Rows": 1,"Plan Width": 64,"Actual Startup Time": 195.848,"Actual Total Time": 195.864,"Actual Rows": 1,"Actual Loops": 5,"Workers": [],"Plans": [{"Node Type": "Hash Join","Parent Relationship": "Outer","Parallel Aware": true,"Async Capable": false,"Join Type": "Inner","Startup Cost": 7927.48,"Total Cost": 114396.59,"Plan Rows": 19001,"Plan Width": 33,"Actual Startup Time": 68.169,"Actual Total Time": 189.649,"Actual Rows": 15436,"Actual Loops": 5,"Inner Unique": true,"Hash Cond": "(lineitem.l_partkey = part.p_partkey)","Workers": [],"Plans": [{"Node Type": "Bitmap Heap Scan","Parent Relationship": "Outer","Parallel Aware": true,"Async Capable": false,"Relation Name": "lineitem","Alias": "lineitem","Startup Cost": 1955.48,"Total Cost": 108374.72,"Plan Rows": 19001,"Plan Width": 16,"Actual Startup Time": 32.679,"Actual Total Time": 124.661,"Actual Rows": 15436,"Actual Loops": 5,"Recheck Cond": "((l_shipdate >= '1996-03-01'::date) AND (l_shipdate < '1996-04-01 00:00:00'::timestamp without time zone))","Rows Removed by Index Recheck": 0,"Exact Heap Blocks": 7444,"Lossy Heap Blocks": 0,"Workers": [],"Plans": [{"Node Type": "Bitmap Index Scan","Parent Relationship": "Outer","Parallel Aware": false,"Async Capable": false,"Index Name": "idx_lineitem_shipdate","Startup Cost": 0.00,"Total Cost": 1936.48,"Plan Rows": 76005,"Plan Width": 0,"Actual Startup Time": 26.050,"Actual Total Time": 26.055,"Actual Rows": 77182,"Actual Loops": 1,"Index Cond": "((l_shipdate >= '1996-03-01'::date) AND (l_shipdate < '1996-04-01 00:00:00'::timestamp without time zone))","Workers": []}]},{"Node Type": "Hash","Parent Relationship": "Inner","Parallel Aware": true,"Async Capable": false,"Startup Cost": 4930.33,"Total Cost": 4930.33,"Plan Rows": 83333,"Plan Width": 25,"Actual Startup Time": 34.792,"Actual Total Time": 34.798,"Actual Rows": 40000,"Actual Loops": 5,"Hash Buckets": 262144,"Original Hash Buckets": 262144,"Hash Batches": 1,"Original Hash Batches": 1,"Peak Memory Usage": 14240,"Workers": [],"Plans": [{"Node Type": "Seq Scan","Parent Relationship": "Outer","Parallel Aware": true,"Async Capable": false,"Relation Name": "part","Alias": "part","Startup Cost": 0.00,"Total Cost": 4930.33,"Plan Rows": 83333,"Plan Width": 25,"Actual Startup Time": 0.032,"Actual Total Time": 15.195,"Actual Rows": 40000,"Actual Loops": 5,"Workers": []}]}]}]}]}]},"Planning Time": 5.059,"Triggers": [],"Execution Time": 221.816}]
[{"Plan": {"Node Type": "Aggregate","Strategy": "Plain","Partial Mode": "Finalize","Parallel Aware": false,"Async Capable": false,"Startup Cost": 115924.34,"Total Cost": 115924.35,"Plan Rows": 1,"Plan Width": 32,"Actual Startup Time": 196.667,"Actual Total Time": 211.996,"Actual Rows": 1,"Actual Loops": 1,"Plans": [{"Node Type": "Gather","Parent Relationship": "Outer","Parallel Aware": false,"Async Capable": false,"Startup Cost": 115923.88,"Total Cost": 115924.29,"Plan Rows": 4,"Plan Width": 64,"Actual Startup Time": 195.153,"Actual Total Time": 211.955,"Actual Rows": 5,"Actual Loops": 1,"Workers Planned": 4,"Workers Launched": 4,"Single Copy": false,"Plans": [{"Node Type": "Aggregate","Strategy": "Plain","Partial Mode": "Partial","Parent Relationship": "Outer","Parallel Aware": false,"Async Capable": false,"Startup Cost": 114923.88,"Total Cost": 114923.89,"Plan Rows": 1,"Plan Width": 64,"Actual Startup Time": 187.608,"Actual Total Time": 187.617,"Actual Rows": 1,"Actual Loops": 5,"Workers": [],"Plans": [{"Node Type": "Hash Join","Parent Relationship": "Outer","Parallel Aware": true,"Async Capable": false,"Join Type": "Inner","Startup Cost": 7935.68,"Total Cost": 114589.56,"Plan Rows": 19104,"Plan Width": 33,"Actual Startup Time": 65.479,"Actual Total Time": 181.616,"Actual Rows": 15453,"Actual Loops": 5,"Inner Unique": true,"Hash Cond": "(lineitem.l_partkey = part.p_partkey)","Workers": [],"Plans": [{"Node Type": "Bitmap Heap Scan","Parent Relationship": "Outer","Parallel Aware": true,"Async Capable": false,"Relation Name": "lineitem","Alias": "lineitem","Startup Cost": 1963.69,"Total Cost": 108567.41,"Plan Rows": 19104,"Plan Width": 16,"Actual Startup Time": 23.321,"Actual Total Time": 108.651,"Actual Rows": 15453,"Actual Loops": 5,"Recheck Cond": "((l_shipdate >= '1997-12-01'::date) AND (l_shipdate < '1998-01-01 00:00:00'::timestamp without time zone))","Rows Removed by Index Recheck": 0,"Exact Heap Blocks": 8205,"Lossy Heap Blocks": 0,"Workers": [],"Plans": [{"Node Type": "Bitmap Index Scan","Parent Relationship": "Outer","Parallel Aware": false,"Async Capable": false,"Index Name": "idx_lineitem_shipdate","Startup Cost": 0.00,"Total Cost": 1944.58,"Plan Rows": 76415,"Plan Width": 0,"Actual Startup Time": 16.871,"Actual Total Time": 16.872,"Actual Rows": 77267,"Actual Loops": 1,"Index Cond": "((l_shipdate >= '1997-12-01'::date) AND (l_shipdate < '1998-01-01 00:00:00'::timestamp without time zone))","Workers": []}]},{"Node Type": "Hash","Parent Relationship": "Inner","Parallel Aware": true,"Async Capable": false,"Startup Cost": 4930.33,"Total Cost": 4930.33,"Plan Rows": 83333,"Plan Width": 25,"Actual Startup Time": 41.357,"Actual Total Time": 41.359,"Actual Rows": 40000,"Actual Loops": 5,"Hash Buckets": 262144,"Original Hash Buckets": 262144,"Hash Batches": 1,"Original Hash Batches": 1,"Peak Memory Usage": 14208,"Workers": [],"Plans": [{"Node Type": "Seq Scan","Parent Relationship": "Outer","Parallel Aware": true,"Async Capable": false,"Relation Name": "part","Alias": "part","Startup Cost": 0.00,"Total Cost": 4930.33,"Plan Rows": 83333,"Plan Width": 25,"Actual Startup Time": 0.037,"Actual Total Time": 17.718,"Actual Rows": 40000,"Actual Loops": 5,"Workers": []}]}]}]}]}]},"Planning Time": 3.901,"Triggers": [],"Execution Time": 212.224}]
[{"Plan": {"Node Type": "Aggregate","Strategy": "Plain","Partial Mode": "Finalize","Parallel Aware": false,"Async Capable": false,"Startup Cost": 115568.92,"Total Cost": 115568.93,"Plan Rows": 1,"Plan Width": 32,"Actual Startup Time": 198.211,"Actual Total Time": 214.313,"Actual Rows": 1,"Actual Loops": 1,"Plans": [{"Node Type": "Gather","Parent Relationship": "Outer","Parallel Aware": false,"Async Capable": false,"Startup Cost": 115568.46,"Total Cost": 115568.87,"Plan Rows": 4,"Plan Width": 64,"Actual Startup Time": 196.556,"Actual Total Time": 214.277,"Actual Rows": 5,"Actual Loops": 1,"Workers Planned": 4,"Workers Launched": 4,"Single Copy": false,"Plans": [{"Node Type": "Aggregate","Strategy": "Plain","Partial Mode": "Partial","Parent Relationship": "Outer","Parallel Aware": false,"Async Capable": false,"Startup Cost": 114568.46,"Total Cost": 114568.47,"Plan Rows": 1,"Plan Width": 64,"Actual Startup Time": 188.912,"Actual Total Time": 188.920,"Actual Rows": 1,"Actual Loops": 5,"Workers": [],"Plans": [{"Node Type": "Hash Join","Parent Relationship": "Outer","Parallel Aware": true,"Async Capable": false,"Join Type": "Inner","Startup Cost": 7916.14,"Total Cost": 114237.36,"Plan Rows": 18920,"Plan Width": 33,"Actual Startup Time": 68.543,"Actual Total Time": 183.128,"Actual Rows": 14828,"Actual Loops": 5,"Inner Unique": true,"Hash Cond": "(lineitem.l_partkey = part.p_partkey)","Workers": [],"Plans": [{"Node Type": "Bitmap Heap Scan","Parent Relationship": "Outer","Parallel Aware": true,"Async Capable": false,"Relation Name": "lineitem","Alias": "lineitem","Startup Cost": 1944.14,"Total Cost": 108215.70,"Plan Rows": 18920,"Plan Width": 16,"Actual Startup Time": 28.406,"Actual Total Time": 116.686,"Actual Rows": 14828,"Actual Loops": 5,"Recheck Cond": "((l_shipdate >= '1993-06-01'::date) AND (l_shipdate < '1993-07-01 00:00:00'::timestamp without time zone))","Rows Removed by Index Recheck": 0,"Exact Heap Blocks": 8209,"Lossy Heap Blocks": 0,"Workers": [],"Plans": [{"Node Type": "Bitmap Index Scan","Parent Relationship": "Outer","Parallel Aware": false,"Async Capable": false,"Index Name": "idx_lineitem_shipdate","Startup Cost": 0.00,"Total Cost": 1925.22,"Plan Rows": 75679,"Plan Width": 0,"Actual Startup Time": 21.967,"Actual Total Time": 21.969,"Actual Rows": 74139,"Actual Loops": 1,"Index Cond": "((l_shipdate >= '1993-06-01'::date) AND (l_shipdate < '1993-07-01 00:00:00'::timestamp without time zone))","Workers": []}]},{"Node Type": "Hash","Parent Relationship": "Inner","Parallel Aware": true,"Async Capable": false,"Startup Cost": 4930.33,"Total Cost": 4930.33,"Plan Rows": 83333,"Plan Width": 25,"Actual Startup Time": 39.291,"Actual Total Time": 39.293,"Actual Rows": 40000,"Actual Loops": 5,"Hash Buckets": 262144,"Original Hash Buckets": 262144,"Hash Batches": 1,"Original Hash Batches": 1,"Peak Memory Usage": 14240,"Workers": [],"Plans": [{"Node Type": "Seq Scan","Parent Relationship": "Outer","Parallel Aware": true,"Async Capable": false,"Relation Name": "part","Alias": "part","Startup Cost": 0.00,"Total Cost": 4930.33,"Plan Rows": 83333,"Plan Width": 25,"Actual Startup Time": 0.029,"Actual Total Time": 17.919,"Actual Rows": 40000,"Actual Loops": 5,"Workers": []}]}]}]}]}]},"Planning Time": 4.579,"Triggers": [],"Execution Time": 214.598}]
[{"Plan": {"Node Type": "Aggregate","Strategy": "Plain","Partial Mode": "Finalize","Parallel Aware": false,"Async Capable": false,"Startup Cost": 117449.67,"Total Cost": 117449.68,"Plan Rows": 1,"Plan Width": 32,"Actual Startup Time": 209.461,"Actual Total Time": 224.908,"Actual Rows": 1,"Actual Loops": 1,"Plans": [{"Node Type": "Gather","Parent Relationship": "Outer","Parallel Aware": false,"Async Capable": false,"Startup Cost": 117449.21,"Total Cost": 117449.62,"Plan Rows": 4,"Plan Width": 64,"Actual Startup Time": 207.968,"Actual Total Time": 224.878,"Actual Rows": 5,"Actual Loops": 1,"Workers Planned": 4,"Workers Launched": 4,"Single Copy": false,"Plans": [{"Node Type": "Aggregate","Strategy": "Plain","Partial Mode": "Partial","Parent Relationship": "Outer","Parallel Aware": false,"Async Capable": false,"Startup Cost": 116449.21,"Total Cost": 116449.22,"Plan Rows": 1,"Plan Width": 64,"Actual Startup Time": 200.716,"Actual Total Time": 200.726,"Actual Rows": 1,"Actual Loops": 5,"Workers": [],"Plans": [{"Node Type": "Hash Join","Parent Relationship": "Outer","Parallel Aware": true,"Async Capable": false,"Join Type": "Inner","Startup Cost": 8021.73,"Total Cost": 116100.36,"Plan Rows": 19934,"Plan Width": 33,"Actual Startup Time": 69.344,"Actual Total Time": 194.621,"Actual Rows": 15439,"Actual Loops": 5,"Inner Unique": true,"Hash Cond": "(lineitem.l_partkey = part.p_partkey)","Workers": [],"Plans": [{"Node Type": "Bitmap Heap Scan","Parent Relationship": "Outer","Parallel Aware": true,"Async Capable": false,"Relation Name": "lineitem","Alias": "lineitem","Startup Cost": 2049.74,"Total Cost": 110076.04,"Plan Rows": 19934,"Plan Width": 16,"Actual Startup Time": 28.893,"Actual Total Time": 124.591,"Actual Rows": 15439,"Actual Loops": 5,"Recheck Cond": "((l_shipdate >= '1993-08-01'::date) AND (l_shipdate < '1993-09-01 00:00:00'::timestamp without time zone))","Rows Removed by Index Recheck": 0,"Exact Heap Blocks": 7741,"Lossy Heap Blocks": 0,"Workers": [],"Plans": [{"Node Type": "Bitmap Index Scan","Parent Relationship": "Outer","Parallel Aware": false,"Async Capable": false,"Index Name": "idx_lineitem_shipdate","Startup Cost": 0.00,"Total Cost": 2029.80,"Plan Rows": 79737,"Plan Width": 0,"Actual Startup Time": 22.408,"Actual Total Time": 22.411,"Actual Rows": 77197,"Actual Loops": 1,"Index Cond": "((l_shipdate >= '1993-08-01'::date) AND (l_shipdate < '1993-09-01 00:00:00'::timestamp without time zone))","Workers": []}]},{"Node Type": "Hash","Parent Relationship": "Inner","Parallel Aware": true,"Async Capable": false,"Startup Cost": 4930.33,"Total Cost": 4930.33,"Plan Rows": 83333,"Plan Width": 25,"Actual Startup Time": 39.731,"Actual Total Time": 39.735,"Actual Rows": 40000,"Actual Loops": 5,"Hash Buckets": 262144,"Original Hash Buckets": 262144,"Hash Batches": 1,"Original Hash Batches": 1,"Peak Memory Usage": 14176,"Workers": [],"Plans": [{"Node Type": "Seq Scan","Parent Relationship": "Outer","Parallel Aware": true,"Async Capable": false,"Relation Name": "part","Alias": "part","Startup Cost": 0.00,"Total Cost": 4930.33,"Plan Rows": 83333,"Plan Width": 25,"Actual Startup Time": 0.044,"Actual Total Time": 17.039,"Actual Rows": 40000,"Actual Loops": 5,"Workers": []}]}]}]}]}]},"Planning Time": 4.803,"Triggers": [],"Execution Time": 225.176}]
[{"Plan": {"Node Type": "Aggregate","Strategy": "Plain","Partial Mode": "Finalize","Parallel Aware": false,"Async Capable": false,"Startup Cost": 119289.39,"Total Cost": 119289.41,"Plan Rows": 1,"Plan Width": 32,"Actual Startup Time": 204.802,"Actual Total Time": 222.888,"Actual Rows": 1,"Actual Loops": 1,"Plans": [{"Node Type": "Gather","Parent Relationship": "Outer","Parallel Aware": false,"Async Capable": false,"Startup Cost": 119288.94,"Total Cost": 119289.35,"Plan Rows": 4,"Plan Width": 64,"Actual Startup Time": 203.555,"Actual Total Time": 222.838,"Actual Rows": 5,"Actual Loops": 1,"Workers Planned": 4,"Workers Launched": 4,"Single Copy": false,"Plans": [{"Node Type": "Aggregate","Strategy": "Plain","Partial Mode": "Partial","Parent Relationship": "Outer","Parallel Aware": false,"Async Capable": false,"Startup Cost": 118288.94,"Total Cost": 118288.95,"Plan Rows": 1,"Plan Width": 64,"Actual Startup Time": 195.786,"Actual Total Time": 195.801,"Actual Rows": 1,"Actual Loops": 5,"Workers": [],"Plans": [{"Node Type": "Hash Join","Parent Relationship": "Outer","Parallel Aware": true,"Async Capable": false,"Join Type": "Inner","Startup Cost": 8134.94,"Total Cost": 117920.78,"Plan Rows": 21037,"Plan Width": 33,"Actual Startup Time": 63.668,"Actual Total Time": 189.753,"Actual Rows": 15270,"Actual Loops": 5,"Inner Unique": true,"Hash Cond": "(lineitem.l_partkey = part.p_partkey)","Workers": [],"Plans": [{"Node Type": "Bitmap Heap Scan","Parent Relationship": "Outer","Parallel Aware": true,"Async Capable": false,"Relation Name": "lineitem","Alias": "lineitem","Startup Cost": 2162.94,"Total Cost": 111893.57,"Plan Rows": 21037,"Plan Width": 16,"Actual Startup Time": 29.116,"Actual Total Time": 125.615,"Actual Rows": 15270,"Actual Loops": 5,"Recheck Cond": "((l_shipdate >= '1993-05-01'::date) AND (l_shipdate < '1993-06-01 00:00:00'::timestamp without time zone))","Rows Removed by Index Recheck": 0,"Exact Heap Blocks": 7951,"Lossy Heap Blocks": 0,"Workers": [],"Plans": [{"Node Type": "Bitmap Index Scan","Parent Relationship": "Outer","Parallel Aware": false,"Async Capable": false,"Index Name": "idx_lineitem_shipdate","Startup Cost": 0.00,"Total Cost": 2141.90,"Plan Rows": 84147,"Plan Width": 0,"Actual Startup Time": 22.635,"Actual Total Time": 22.640,"Actual Rows": 76352,"Actual Loops": 1,"Index Cond": "((l_shipdate >= '1993-05-01'::date) AND (l_shipdate < '1993-06-01 00:00:00'::timestamp without time zone))","Workers": []}]},{"Node Type": "Hash","Parent Relationship": "Inner","Parallel Aware": true,"Async Capable": false,"Startup Cost": 4930.33,"Total Cost": 4930.33,"Plan Rows": 83333,"Plan Width": 25,"Actual Startup Time": 33.871,"Actual Total Time": 33.875,"Actual Rows": 40000,"Actual Loops": 5,"Hash Buckets": 262144,"Original Hash Buckets": 262144,"Hash Batches": 1,"Original Hash Batches": 1,"Peak Memory Usage": 14176,"Workers": [],"Plans": [{"Node Type": "Seq Scan","Parent Relationship": "Outer","Parallel Aware": true,"Async Capable": false,"Relation Name": "part","Alias": "part","Startup Cost": 0.00,"Total Cost": 4930.33,"Plan Rows": 83333,"Plan Width": 25,"Actual Startup Time": 0.034,"Actual Total Time": 14.821,"Actual Rows": 40000,"Actual Loops": 5,"Workers": []}]}]}]}]}]},"Planning Time": 5.245,"Triggers": [],"Execution Time": 223.291}]
[{"Plan": {"Node Type": "Aggregate","Strategy": "Plain","Partial Mode": "Finalize","Parallel Aware": false,"Async Capable": false,"Startup Cost": 115414.72,"Total Cost": 115414.73,"Plan Rows": 1,"Plan Width": 32,"Actual Startup Time": 187.053,"Actual Total Time": 203.755,"Actual Rows": 1,"Actual Loops": 1,"Plans": [{"Node Type": "Gather","Parent Relationship": "Outer","Parallel Aware": false,"Async Capable": false,"Startup Cost": 115414.26,"Total Cost": 115414.67,"Plan Rows": 4,"Plan Width": 64,"Actual Startup Time": 185.070,"Actual Total Time": 203.718,"Actual Rows": 5,"Actual Loops": 1,"Workers Planned": 4,"Workers Launched": 4,"Single Copy": false,"Plans": [{"Node Type": "Aggregate","Strategy": "Plain","Partial Mode": "Partial","Parent Relationship": "Outer","Parallel Aware": false,"Async Capable": false,"Startup Cost": 114414.26,"Total Cost": 114414.27,"Plan Rows": 1,"Plan Width": 64,"Actual Startup Time": 177.250,"Actual Total Time": 177.262,"Actual Rows": 1,"Actual Loops": 5,"Workers": [],"Plans": [{"Node Type": "Hash Join","Parent Relationship": "Outer","Parallel Aware": true,"Async Capable": false,"Join Type": "Inner","Startup Cost": 7908.88,"Total Cost": 114084.56,"Plan Rows": 18840,"Plan Width": 33,"Actual Startup Time": 55.990,"Actual Total Time": 171.341,"Actual Rows": 14962,"Actual Loops": 5,"Inner Unique": true,"Hash Cond": "(lineitem.l_partkey = part.p_partkey)","Workers": [],"Plans": [{"Node Type": "Bitmap Heap Scan","Parent Relationship": "Outer","Parallel Aware": true,"Async Capable": false,"Relation Name": "lineitem","Alias": "lineitem","Startup Cost": 1936.88,"Total Cost": 108063.10,"Plan Rows": 18840,"Plan Width": 16,"Actual Startup Time": 21.982,"Actual Total Time": 110.904,"Actual Rows": 14962,"Actual Loops": 5,"Recheck Cond": "((l_shipdate >= '1994-06-01'::date) AND (l_shipdate < '1994-07-01 00:00:00'::timestamp without time zone))","Rows Removed by Index Recheck": 0,"Exact Heap Blocks": 8391,"Lossy Heap Blocks": 0,"Workers": [],"Plans": [{"Node Type": "Bitmap Index Scan","Parent Relationship": "Outer","Parallel Aware": false,"Async Capable": false,"Index Name": "idx_lineitem_shipdate","Startup Cost": 0.00,"Total Cost": 1918.04,"Plan Rows": 75361,"Plan Width": 0,"Actual Startup Time": 15.790,"Actual Total Time": 15.792,"Actual Rows": 74812,"Actual Loops": 1,"Index Cond": "((l_shipdate >= '1994-06-01'::date) AND (l_shipdate < '1994-07-01 00:00:00'::timestamp without time zone))","Workers": []}]},{"Node Type": "Hash","Parent Relationship": "Inner","Parallel Aware": true,"Async Capable": false,"Startup Cost": 4930.33,"Total Cost": 4930.33,"Plan Rows": 83333,"Plan Width": 25,"Actual Startup Time": 33.250,"Actual Total Time": 33.254,"Actual Rows": 40000,"Actual Loops": 5,"Hash Buckets": 262144,"Original Hash Buckets": 262144,"Hash Batches": 1,"Original Hash Batches": 1,"Peak Memory Usage": 14240,"Workers": [],"Plans": [{"Node Type": "Seq Scan","Parent Relationship": "Outer","Parallel Aware": true,"Async Capable": false,"Relation Name": "part","Alias": "part","Startup Cost": 0.00,"Total Cost": 4930.33,"Plan Rows": 83333,"Plan Width": 25,"Actual Startup Time": 0.033,"Actual Total Time": 14.354,"Actual Rows": 40000,"Actual Loops": 5,"Workers": []}]}]}]}]}]},"Planning Time": 4.908,"Triggers": [],"Execution Time": 204.115}]
[{"Plan": {"Node Type": "Aggregate","Strategy": "Plain","Partial Mode": "Finalize","Parallel Aware": false,"Async Capable": false,"Startup Cost": 116423.51,"Total Cost": 116423.52,"Plan Rows": 1,"Plan Width": 32,"Actual Startup Time": 193.419,"Actual Total Time": 210.903,"Actual Rows": 1,"Actual Loops": 1,"Plans": [{"Node Type": "Gather","Parent Relationship": "Outer","Parallel Aware": false,"Async Capable": false,"Startup Cost": 116423.05,"Total Cost": 116423.46,"Plan Rows": 4,"Plan Width": 64,"Actual Startup Time": 191.772,"Actual Total Time": 210.852,"Actual Rows": 5,"Actual Loops": 1,"Workers Planned": 4,"Workers Launched": 4,"Single Copy": false,"Plans": [{"Node Type": "Aggregate","Strategy": "Plain","Partial Mode": "Partial","Parent Relationship": "Outer","Parallel Aware": false,"Async Capable": false,"Startup Cost": 115423.05,"Total Cost": 115423.06,"Plan Rows": 1,"Plan Width": 64,"Actual Startup Time": 184.034,"Actual Total Time": 184.046,"Actual Rows": 1,"Actual Loops": 5,"Workers": [],"Plans": [{"Node Type": "Hash Join","Parent Relationship": "Outer","Parallel Aware": true,"Async Capable": false,"Join Type": "Inner","Startup Cost": 7962.54,"Total Cost": 115084.11,"Plan Rows": 19368,"Plan Width": 33,"Actual Startup Time": 59.026,"Actual Total Time": 177.787,"Actual Rows": 15441,"Actual Loops": 5,"Inner Unique": true,"Hash Cond": "(lineitem.l_partkey = part.p_partkey)","Workers": [],"Plans": [{"Node Type": "Bitmap Heap Scan","Parent Relationship": "Outer","Parallel Aware": true,"Async Capable": false,"Relation Name": "lineitem","Alias": "lineitem","Startup Cost": 1990.54,"Total Cost": 109061.27,"Plan Rows": 19368,"Plan Width": 16,"Actual Startup Time": 22.262,"Actual Total Time": 110.318,"Actual Rows": 15441,"Actual Loops": 5,"Recheck Cond": "((l_shipdate >= '1995-12-01'::date) AND (l_shipdate < '1996-01-01 00:00:00'::timestamp without time zone))","Rows Removed by Index Recheck": 0,"Exact Heap Blocks": 7749,"Lossy Heap Blocks": 0,"Workers": [],"Plans": [{"Node Type": "Bitmap Index Scan","Parent Relationship": "Outer","Parallel Aware": false,"Async Capable": false,"Index Name": "idx_lineitem_shipdate","Startup Cost": 0.00,"Total Cost": 1971.17,"Plan Rows": 77474,"Plan Width": 0,"Actual Startup Time": 16.016,"Actual Total Time": 16.018,"Actual Rows": 77203,"Actual Loops": 1,"Index Cond": "((l_shipdate >= '1995-12-01'::date) AND (l_shipdate < '1996-01-01 00:00:00'::timestamp without time zone))","Workers": []}]},{"Node Type": "Hash","Parent Relationship": "Inner","Parallel Aware": true,"Async Capable": false,"Startup Cost": 4930.33,"Total Cost": 4930.33,"Plan Rows": 83333,"Plan Width": 25,"Actual Startup Time": 36.084,"Actual Total Time": 36.088,"Actual Rows": 40000,"Actual Loops": 5,"Hash Buckets": 262144,"Original Hash Buckets": 262144,"Hash Batches": 1,"Original Hash Batches": 1,"Peak Memory Usage": 14208,"Workers": [],"Plans": [{"Node Type": "Seq Scan","Parent Relationship": "Outer","Parallel Aware": true,"Async Capable": false,"Relation Name": "part","Alias": "part","Startup Cost": 0.00,"Total Cost": 4930.33,"Plan Rows": 83333,"Plan Width": 25,"Actual Startup Time": 0.025,"Actual Total Time": 17.161,"Actual Rows": 40000,"Actual Loops": 5,"Workers": []}]}]}]}]}]},"Planning Time": 5.431,"Triggers": [],"Execution Time": 211.162}]
[{"Plan": {"Node Type": "Aggregate","Strategy": "Plain","Partial Mode": "Finalize","Parallel Aware": false,"Async Capable": false,"Startup Cost": 115568.92,"Total Cost": 115568.93,"Plan Rows": 1,"Plan Width": 32,"Actual Startup Time": 198.211,"Actual Total Time": 214.313,"Actual Rows": 1,"Actual Loops": 1,"Plans": [{"Node Type": "Gather","Parent Relationship": "Outer","Parallel Aware": false,"Async Capable": false,"Startup Cost": 115568.46,"Total Cost": 115568.87,"Plan Rows": 4,"Plan Width": 64,"Actual Startup Time": 196.556,"Actual Total Time": 214.277,"Actual Rows": 5,"Actual Loops": 1,"Workers Planned": 4,"Workers Launched": 4,"Single Copy": false,"Plans": [{"Node Type": "Aggregate","Strategy": "Plain","Partial Mode": "Partial","Parent Relationship": "Outer","Parallel Aware": false,"Async Capable": false,"Startup Cost": 114568.46,"Total Cost": 114568.47,"Plan Rows": 1,"Plan Width": 64,"Actual Startup Time": 188.912,"Actual Total Time": 188.920,"Actual Rows": 1,"Actual Loops": 5,"Workers": [],"Plans": [{"Node Type": "Hash Join","Parent Relationship": "Outer","Parallel Aware": true,"Async Capable": false,"Join Type": "Inner","Startup Cost": 7916.14,"Total Cost": 114237.36,"Plan Rows": 18920,"Plan Width": 33,"Actual Startup Time": 68.543,"Actual Total Time": 183.128,"Actual Rows": 14828,"Actual Loops": 5,"Inner Unique": true,"Hash Cond": "(lineitem.l_partkey = part.p_partkey)","Workers": [],"Plans": [{"Node Type": "Bitmap Heap Scan","Parent Relationship": "Outer","Parallel Aware": true,"Async Capable": false,"Relation Name": "lineitem","Alias": "lineitem","Startup Cost": 1944.14,"Total Cost": 108215.70,"Plan Rows": 18920,"Plan Width": 16,"Actual Startup Time": 28.406,"Actual Total Time": 116.686,"Actual Rows": 14828,"Actual Loops": 5,"Recheck Cond": "((l_shipdate >= '1993-06-01'::date) AND (l_shipdate < '1993-07-01 00:00:00'::timestamp without time zone))","Rows Removed by Index Recheck": 0,"Exact Heap Blocks": 8209,"Lossy Heap Blocks": 0,"Workers": [],"Plans": [{"Node Type": "Bitmap Index Scan","Parent Relationship": "Outer","Parallel Aware": false,"Async Capable": false,"Index Name": "idx_lineitem_shipdate","Startup Cost": 0.00,"Total Cost": 1925.22,"Plan Rows": 75679,"Plan Width": 0,"Actual Startup Time": 21.967,"Actual Total Time": 21.969,"Actual Rows": 74139,"Actual Loops": 1,"Index Cond": "((l_shipdate >= '1993-06-01'::date) AND (l_shipdate < '1993-07-01 00:00:00'::timestamp without time zone))","Workers": []}]},{"Node Type": "Hash","Parent Relationship": "Inner","Parallel Aware": true,"Async Capable": false,"Startup Cost": 4930.33,"Total Cost": 4930.33,"Plan Rows": 83333,"Plan Width": 25,"Actual Startup Time": 39.291,"Actual Total Time": 39.293,"Actual Rows": 40000,"Actual Loops": 5,"Hash Buckets": 262144,"Original Hash Buckets": 262144,"Hash Batches": 1,"Original Hash Batches": 1,"Peak Memory Usage": 14240,"Workers": [],"Plans": [{"Node Type": "Seq Scan","Parent Relationship": "Outer","Parallel Aware": true,"Async Capable": false,"Relation Name": "part","Alias": "part","Startup Cost": 0.00,"Total Cost": 4930.33,"Plan Rows": 83333,"Plan Width": 25,"Actual Startup Time": 0.029,"Actual Total Time": 17.919,"Actual Rows": 40000,"Actual Loops": 5,"Workers": []}]}]}]}]}]},"Planning Time": 4.579,"Triggers": [],"Execution Time": 214.598}]
[{"Plan": {"Node Type": "Aggregate","Strategy": "Plain","Partial Mode": "Finalize","Parallel Aware": false,"Async Capable": false,"Startup Cost": 114558.03,"Total Cost": 114558.05,"Plan Rows": 1,"Plan Width": 32,"Actual Startup Time": 193.213,"Actual Total Time": 209.719,"Actual Rows": 1,"Actual Loops": 1,"Plans": [{"Node Type": "Gather","Parent Relationship": "Outer","Parallel Aware": false,"Async Capable": false,"Startup Cost": 114557.58,"Total Cost": 114557.99,"Plan Rows": 4,"Plan Width": 64,"Actual Startup Time": 192.028,"Actual Total Time": 209.680,"Actual Rows": 5,"Actual Loops": 1,"Workers Planned": 4,"Workers Launched": 4,"Single Copy": false,"Plans": [{"Node Type": "Aggregate","Strategy": "Plain","Partial Mode": "Partial","Parent Relationship": "Outer","Parallel Aware": false,"Async Capable": false,"Startup Cost": 113557.58,"Total Cost": 113557.59,"Plan Rows": 1,"Plan Width": 64,"Actual Startup Time": 183.893,"Actual Total Time": 183.909,"Actual Rows": 1,"Actual Loops": 5,"Workers": [],"Plans": [{"Node Type": "Hash Join","Parent Relationship": "Outer","Parallel Aware": true,"Async Capable": false,"Join Type": "Inner","Startup Cost": 7863.38,"Total Cost": 113235.33,"Plan Rows": 18414,"Plan Width": 33,"Actual Startup Time": 62.674,"Actual Total Time": 178.028,"Actual Rows": 14882,"Actual Loops": 5,"Inner Unique": true,"Hash Cond": "(lineitem.l_partkey = part.p_partkey)","Workers": [],"Plans": [{"Node Type": "Bitmap Heap Scan","Parent Relationship": "Outer","Parallel Aware": true,"Async Capable": false,"Relation Name": "lineitem","Alias": "lineitem","Startup Cost": 1891.39,"Total Cost": 107215.00,"Plan Rows": 18414,"Plan Width": 16,"Actual Startup Time": 24.290,"Actual Total Time": 109.440,"Actual Rows": 14882,"Actual Loops": 5,"Recheck Cond": "((l_shipdate >= '1997-11-01'::date) AND (l_shipdate < '1997-12-01 00:00:00'::timestamp without time zone))","Rows Removed by Index Recheck": 0,"Exact Heap Blocks": 7491,"Lossy Heap Blocks": 0,"Workers": [],"Plans": [{"Node Type": "Bitmap Index Scan","Parent Relationship": "Outer","Parallel Aware": false,"Async Capable": false,"Index Name": "idx_lineitem_shipdate","Startup Cost": 0.00,"Total Cost": 1872.97,"Plan Rows": 73654,"Plan Width": 0,"Actual Startup Time": 18.161,"Actual Total Time": 18.163,"Actual Rows": 74408,"Actual Loops": 1,"Index Cond": "((l_shipdate >= '1997-11-01'::date) AND (l_shipdate < '1997-12-01 00:00:00'::timestamp without time zone))","Workers": []}]},{"Node Type": "Hash","Parent Relationship": "Inner","Parallel Aware": true,"Async Capable": false,"Startup Cost": 4930.33,"Total Cost": 4930.33,"Plan Rows": 83333,"Plan Width": 25,"Actual Startup Time": 37.637,"Actual Total Time": 37.641,"Actual Rows": 40000,"Actual Loops": 5,"Hash Buckets": 262144,"Original Hash Buckets": 262144,"Hash Batches": 1,"Original Hash Batches": 1,"Peak Memory Usage": 14208,"Workers": [],"Plans": [{"Node Type": "Seq Scan","Parent Relationship": "Outer","Parallel Aware": true,"Async Capable": false,"Relation Name": "part","Alias": "part","Startup Cost": 0.00,"Total Cost": 4930.33,"Plan Rows": 83333,"Plan Width": 25,"Actual Startup Time": 0.035,"Actual Total Time": 17.634,"Actual Rows": 40000,"Actual Loops": 5,"Workers": []}]}]}]}]}]},"Planning Time": 3.772,"Triggers": [],"Execution Time": 209.976}]
[{"Plan": {"Node Type": "Aggregate","Strategy": "Plain","Partial Mode": "Finalize","Parallel Aware": false,"Async Capable": false,"Startup Cost": 115609.89,"Total Cost": 115609.90,"Plan Rows": 1,"Plan Width": 32,"Actual Startup Time": 193.817,"Actual Total Time": 211.351,"Actual Rows": 1,"Actual Loops": 1,"Plans": [{"Node Type": "Gather","Parent Relationship": "Outer","Parallel Aware": false,"Async Capable": false,"Startup Cost": 115609.43,"Total Cost": 115609.84,"Plan Rows": 4,"Plan Width": 64,"Actual Startup Time": 192.419,"Actual Total Time": 211.299,"Actual Rows": 5,"Actual Loops": 1,"Workers Planned": 4,"Workers Launched": 4,"Single Copy": false,"Plans": [{"Node Type": "Aggregate","Strategy": "Plain","Partial Mode": "Partial","Parent Relationship": "Outer","Parallel Aware": false,"Async Capable": false,"Startup Cost": 114609.43,"Total Cost": 114609.44,"Plan Rows": 1,"Plan Width": 64,"Actual Startup Time": 185.004,"Actual Total Time": 185.017,"Actual Rows": 1,"Actual Loops": 5,"Workers": [],"Plans": [{"Node Type": "Hash Join","Parent Relationship": "Outer","Parallel Aware": true,"Async Capable": false,"Join Type": "Inner","Startup Cost": 7920.94,"Total Cost": 114277.99,"Plan Rows": 18939,"Plan Width": 33,"Actual Startup Time": 60.368,"Actual Total Time": 178.970,"Actual Rows": 15437,"Actual Loops": 5,"Inner Unique": true,"Hash Cond": "(lineitem.l_partkey = part.p_partkey)","Workers": [],"Plans": [{"Node Type": "Bitmap Heap Scan","Parent Relationship": "Outer","Parallel Aware": true,"Async Capable": false,"Relation Name": "lineitem","Alias": "lineitem","Startup Cost": 1948.94,"Total Cost": 108256.28,"Plan Rows": 18939,"Plan Width": 16,"Actual Startup Time": 23.075,"Actual Total Time": 110.836,"Actual Rows": 15437,"Actual Loops": 5,"Recheck Cond": "((l_shipdate >= '1994-07-01'::date) AND (l_shipdate < '1994-08-01 00:00:00'::timestamp without time zone))","Rows Removed by Index Recheck": 0,"Exact Heap Blocks": 7823,"Lossy Heap Blocks": 0,"Workers": [],"Plans": [{"Node Type": "Bitmap Index Scan","Parent Relationship": "Outer","Parallel Aware": false,"Async Capable": false,"Index Name": "idx_lineitem_shipdate","Startup Cost": 0.00,"Total Cost": 1930.00,"Plan Rows": 75757,"Plan Width": 0,"Actual Startup Time": 16.721,"Actual Total Time": 16.724,"Actual Rows": 77186,"Actual Loops": 1,"Index Cond": "((l_shipdate >= '1994-07-01'::date) AND (l_shipdate < '1994-08-01 00:00:00'::timestamp without time zone))","Workers": []}]},{"Node Type": "Hash","Parent Relationship": "Inner","Parallel Aware": true,"Async Capable": false,"Startup Cost": 4930.33,"Total Cost": 4930.33,"Plan Rows": 83333,"Plan Width": 25,"Actual Startup Time": 36.560,"Actual Total Time": 36.565,"Actual Rows": 40000,"Actual Loops": 5,"Hash Buckets": 262144,"Original Hash Buckets": 262144,"Hash Batches": 1,"Original Hash Batches": 1,"Peak Memory Usage": 14240,"Workers": [],"Plans": [{"Node Type": "Seq Scan","Parent Relationship": "Outer","Parallel Aware": true,"Async Capable": false,"Relation Name": "part","Alias": "part","Startup Cost": 0.00,"Total Cost": 4930.33,"Plan Rows": 83333,"Plan Width": 25,"Actual Startup Time": 0.029,"Actual Total Time": 15.824,"Actual Rows": 40000,"Actual Loops": 5,"Workers": []}]}]}]}]}]},"Planning Time": 4.753,"Triggers": [],"Execution Time": 211.654}]
[{"Plan": {"Node Type": "Aggregate","Strategy": "Plain","Partial Mode": "Finalize","Parallel Aware": false,"Async Capable": false,"Startup Cost": 113868.95,"Total Cost": 113868.96,"Plan Rows": 1,"Plan Width": 32,"Actual Startup Time": 192.024,"Actual Total Time": 209.364,"Actual Rows": 1,"Actual Loops": 1,"Plans": [{"Node Type": "Gather","Parent Relationship": "Outer","Parallel Aware": false,"Async Capable": false,"Startup Cost": 113868.49,"Total Cost": 113868.90,"Plan Rows": 4,"Plan Width": 64,"Actual Startup Time": 190.470,"Actual Total Time": 209.317,"Actual Rows": 5,"Actual Loops": 1,"Workers Planned": 4,"Workers Launched": 4,"Single Copy": false,"Plans": [{"Node Type": "Aggregate","Strategy": "Plain","Partial Mode": "Partial","Parent Relationship": "Outer","Parallel Aware": false,"Async Capable": false,"Startup Cost": 112868.49,"Total Cost": 112868.50,"Plan Rows": 1,"Plan Width": 64,"Actual Startup Time": 182.800,"Actual Total Time": 182.811,"Actual Rows": 1,"Actual Loops": 5,"Workers": [],"Plans": [{"Node Type": "Hash Join","Parent Relationship": "Outer","Parallel Aware": true,"Async Capable": false,"Join Type": "Inner","Startup Cost": 7829.76,"Total Cost": 112552.07,"Plan Rows": 18081,"Plan Width": 33,"Actual Startup Time": 58.101,"Actual Total Time": 176.684,"Actual Rows": 14907,"Actual Loops": 5,"Inner Unique": true,"Hash Cond": "(lineitem.l_partkey = part.p_partkey)","Workers": [],"Plans": [{"Node Type": "Bitmap Heap Scan","Parent Relationship": "Outer","Parallel Aware": true,"Async Capable": false,"Relation Name": "lineitem","Alias": "lineitem","Startup Cost": 1857.76,"Total Cost": 106532.61,"Plan Rows": 18081,"Plan Width": 16,"Actual Startup Time": 21.453,"Actual Total Time": 110.287,"Actual Rows": 14907,"Actual Loops": 5,"Recheck Cond": "((l_shipdate >= '1997-04-01'::date) AND (l_shipdate < '1997-05-01 00:00:00'::timestamp without time zone))","Rows Removed by Index Recheck": 0,"Exact Heap Blocks": 7370,"Lossy Heap Blocks": 0,"Workers": [],"Plans": [{"Node Type": "Bitmap Index Scan","Parent Relationship": "Outer","Parallel Aware": false,"Async Capable": false,"Index Name": "idx_lineitem_shipdate","Startup Cost": 0.00,"Total Cost": 1839.68,"Plan Rows": 72325,"Plan Width": 0,"Actual Startup Time": 15.340,"Actual Total Time": 15.341,"Actual Rows": 74537,"Actual Loops": 1,"Index Cond": "((l_shipdate >= '1997-04-01'::date) AND (l_shipdate < '1997-05-01 00:00:00'::timestamp without time zone))","Workers": []}]},{"Node Type": "Hash","Parent Relationship": "Inner","Parallel Aware": true,"Async Capable": false,"Startup Cost": 4930.33,"Total Cost": 4930.33,"Plan Rows": 83333,"Plan Width": 25,"Actual Startup Time": 35.881,"Actual Total Time": 35.885,"Actual Rows": 40000,"Actual Loops": 5,"Hash Buckets": 262144,"Original Hash Buckets": 262144,"Hash Batches": 1,"Original Hash Batches": 1,"Peak Memory Usage": 14176,"Workers": [],"Plans": [{"Node Type": "Seq Scan","Parent Relationship": "Outer","Parallel Aware": true,"Async Capable": false,"Relation Name": "part","Alias": "part","Startup Cost": 0.00,"Total Cost": 4930.33,"Plan Rows": 83333,"Plan Width": 25,"Actual Startup Time": 0.029,"Actual Total Time": 16.944,"Actual Rows": 40000,"Actual Loops": 5,"Workers": []}]}]}]}]}]},"Planning Time": 5.167,"Triggers": [],"Execution Time": 209.657}]
[{"Plan": {"Node Type": "Aggregate","Strategy": "Plain","Partial Mode": "Finalize","Parallel Aware": false,"Async Capable": false,"Startup Cost": 115338.69,"Total Cost": 115338.71,"Plan Rows": 1,"Plan Width": 32,"Actual Startup Time": 199.829,"Actual Total Time": 219.842,"Actual Rows": 1,"Actual Loops": 1,"Plans": [{"Node Type": "Gather","Parent Relationship": "Outer","Parallel Aware": false,"Async Capable": false,"Startup Cost": 115338.24,"Total Cost": 115338.65,"Plan Rows": 4,"Plan Width": 64,"Actual Startup Time": 198.858,"Actual Total Time": 219.794,"Actual Rows": 5,"Actual Loops": 1,"Workers Planned": 4,"Workers Launched": 4,"Single Copy": false,"Plans": [{"Node Type": "Aggregate","Strategy": "Plain","Partial Mode": "Partial","Parent Relationship": "Outer","Parallel Aware": false,"Async Capable": false,"Startup Cost": 114338.24,"Total Cost": 114338.25,"Plan Rows": 1,"Plan Width": 64,"Actual Startup Time": 190.294,"Actual Total Time": 190.307,"Actual Rows": 1,"Actual Loops": 5,"Workers": [],"Plans": [{"Node Type": "Hash Join","Parent Relationship": "Outer","Parallel Aware": true,"Async Capable": false,"Join Type": "Inner","Startup Cost": 7903.33,"Total Cost": 114009.20,"Plan Rows": 18802,"Plan Width": 33,"Actual Startup Time": 61.506,"Actual Total Time": 183.262,"Actual Rows": 15403,"Actual Loops": 5,"Inner Unique": true,"Hash Cond": "(lineitem.l_partkey = part.p_partkey)","Workers": [],"Plans": [{"Node Type": "Bitmap Heap Scan","Parent Relationship": "Outer","Parallel Aware": true,"Async Capable": false,"Relation Name": "lineitem","Alias": "lineitem","Startup Cost": 1931.34,"Total Cost": 107987.84,"Plan Rows": 18803,"Plan Width": 16,"Actual Startup Time": 22.372,"Actual Total Time": 111.171,"Actual Rows": 15403,"Actual Loops": 5,"Recheck Cond": "((l_shipdate >= '1997-10-01'::date) AND (l_shipdate < '1997-11-01 00:00:00'::timestamp without time zone))","Rows Removed by Index Recheck": 0,"Exact Heap Blocks": 6871,"Lossy Heap Blocks": 0,"Workers": [],"Plans": [{"Node Type": "Bitmap Index Scan","Parent Relationship": "Outer","Parallel Aware": false,"Async Capable": false,"Index Name": "idx_lineitem_shipdate","Startup Cost": 0.00,"Total Cost": 1912.53,"Plan Rows": 75210,"Plan Width": 0,"Actual Startup Time": 16.032,"Actual Total Time": 16.036,"Actual Rows": 77013,"Actual Loops": 1,"Index Cond": "((l_shipdate >= '1997-10-01'::date) AND (l_shipdate < '1997-11-01 00:00:00'::timestamp without time zone))","Workers": []}]},{"Node Type": "Hash","Parent Relationship": "Inner","Parallel Aware": true,"Async Capable": false,"Startup Cost": 4930.33,"Total Cost": 4930.33,"Plan Rows": 83333,"Plan Width": 25,"Actual Startup Time": 38.387,"Actual Total Time": 38.393,"Actual Rows": 40000,"Actual Loops": 5,"Hash Buckets": 262144,"Original Hash Buckets": 262144,"Hash Batches": 1,"Original Hash Batches": 1,"Peak Memory Usage": 14208,"Workers": [],"Plans": [{"Node Type": "Seq Scan","Parent Relationship": "Outer","Parallel Aware": true,"Async Capable": false,"Relation Name": "part","Alias": "part","Startup Cost": 0.00,"Total Cost": 4930.33,"Plan Rows": 83333,"Plan Width": 25,"Actual Startup Time": 0.031,"Actual Total Time": 17.971,"Actual Rows": 40000,"Actual Loops": 5,"Workers": []}]}]}]}]}]},"Planning Time": 3.861,"Triggers": [],"Execution Time": 220.121}]
[{"Plan": {"Node Type": "Aggregate","Strategy": "Plain","Partial Mode": "Finalize","Parallel Aware": false,"Async Capable": false,"Startup Cost": 118140.12,"Total Cost": 118140.13,"Plan Rows": 1,"Plan Width": 32,"Actual Startup Time": 185.903,"Actual Total Time": 202.979,"Actual Rows": 1,"Actual Loops": 1,"Plans": [{"Node Type": "Gather","Parent Relationship": "Outer","Parallel Aware": false,"Async Capable": false,"Startup Cost": 118139.66,"Total Cost": 118140.07,"Plan Rows": 4,"Plan Width": 64,"Actual Startup Time": 184.390,"Actual Total Time": 202.925,"Actual Rows": 5,"Actual Loops": 1,"Workers Planned": 4,"Workers Launched": 4,"Single Copy": false,"Plans": [{"Node Type": "Aggregate","Strategy": "Plain","Partial Mode": "Partial","Parent Relationship": "Outer","Parallel Aware": false,"Async Capable": false,"Startup Cost": 117139.66,"Total Cost": 117139.67,"Plan Rows": 1,"Plan Width": 64,"Actual Startup Time": 176.869,"Actual Total Time": 176.882,"Actual Rows": 1,"Actual Loops": 5,"Workers": [],"Plans": [{"Node Type": "Hash Join","Parent Relationship": "Outer","Parallel Aware": true,"Async Capable": false,"Join Type": "Inner","Startup Cost": 8062.13,"Total Cost": 116783.81,"Plan Rows": 20334,"Plan Width": 33,"Actual Startup Time": 60.553,"Actual Total Time": 171.029,"Actual Rows": 15084,"Actual Loops": 5,"Inner Unique": true,"Hash Cond": "(lineitem.l_partkey = part.p_partkey)","Workers": [],"Plans": [{"Node Type": "Bitmap Heap Scan","Parent Relationship": "Outer","Parallel Aware": true,"Async Capable": false,"Relation Name": "lineitem","Alias": "lineitem","Startup Cost": 2090.14,"Total Cost": 110758.44,"Plan Rows": 20334,"Plan Width": 16,"Actual Startup Time": 24.977,"Actual Total Time": 107.592,"Actual Rows": 15084,"Actual Loops": 5,"Recheck Cond": "((l_shipdate >= '1996-11-01'::date) AND (l_shipdate < '1996-12-01 00:00:00'::timestamp without time zone))","Rows Removed by Index Recheck": 0,"Exact Heap Blocks": 7792,"Lossy Heap Blocks": 0,"Workers": [],"Plans": [{"Node Type": "Bitmap Index Scan","Parent Relationship": "Outer","Parallel Aware": false,"Async Capable": false,"Index Name": "idx_lineitem_shipdate","Startup Cost": 0.00,"Total Cost": 2069.80,"Plan Rows": 81337,"Plan Width": 0,"Actual Startup Time": 18.606,"Actual Total Time": 18.607,"Actual Rows": 75419,"Actual Loops": 1,"Index Cond": "((l_shipdate >= '1996-11-01'::date) AND (l_shipdate < '1996-12-01 00:00:00'::timestamp without time zone))","Workers": []}]},{"Node Type": "Hash","Parent Relationship": "Inner","Parallel Aware": true,"Async Capable": false,"Startup Cost": 4930.33,"Total Cost": 4930.33,"Plan Rows": 83333,"Plan Width": 25,"Actual Startup Time": 34.770,"Actual Total Time": 34.774,"Actual Rows": 40000,"Actual Loops": 5,"Hash Buckets": 262144,"Original Hash Buckets": 262144,"Hash Batches": 1,"Original Hash Batches": 1,"Peak Memory Usage": 14240,"Workers": [],"Plans": [{"Node Type": "Seq Scan","Parent Relationship": "Outer","Parallel Aware": true,"Async Capable": false,"Relation Name": "part","Alias": "part","Startup Cost": 0.00,"Total Cost": 4930.33,"Plan Rows": 83333,"Plan Width": 25,"Actual Startup Time": 0.035,"Actual Total Time": 15.079,"Actual Rows": 40000,"Actual Loops": 5,"Workers": []}]}]}]}]}]},"Planning Time": 3.987,"Triggers": [],"Execution Time": 203.309}]
[{"Plan": {"Node Type": "Aggregate","Strategy": "Plain","Partial Mode": "Finalize","Parallel Aware": false,"Async Capable": false,"Startup Cost": 115034.55,"Total Cost": 115034.56,"Plan Rows": 1,"Plan Width": 32,"Actual Startup Time": 211.171,"Actual Total Time": 229.828,"Actual Rows": 1,"Actual Loops": 1,"Plans": [{"Node Type": "Gather","Parent Relationship": "Outer","Parallel Aware": false,"Async Capable": false,"Startup Cost": 115034.09,"Total Cost": 115034.50,"Plan Rows": 4,"Plan Width": 64,"Actual Startup Time": 209.630,"Actual Total Time": 229.791,"Actual Rows": 5,"Actual Loops": 1,"Workers Planned": 4,"Workers Launched": 4,"Single Copy": false,"Plans": [{"Node Type": "Aggregate","Strategy": "Plain","Partial Mode": "Partial","Parent Relationship": "Outer","Parallel Aware": false,"Async Capable": false,"Startup Cost": 114034.09,"Total Cost": 114034.10,"Plan Rows": 1,"Plan Width": 64,"Actual Startup Time": 202.318,"Actual Total Time": 202.325,"Actual Rows": 1,"Actual Loops": 5,"Workers": [],"Plans": [{"Node Type": "Hash Join","Parent Relationship": "Outer","Parallel Aware": true,"Async Capable": false,"Join Type": "Inner","Startup Cost": 7889.01,"Total Cost": 113707.75,"Plan Rows": 18648,"Plan Width": 33,"Actual Startup Time": 73.099,"Actual Total Time": 196.221,"Actual Rows": 15467,"Actual Loops": 5,"Inner Unique": true,"Hash Cond": "(lineitem.l_partkey = part.p_partkey)","Workers": [],"Plans": [{"Node Type": "Bitmap Heap Scan","Parent Relationship": "Outer","Parallel Aware": true,"Async Capable": false,"Relation Name": "lineitem","Alias": "lineitem","Startup Cost": 1917.01,"Total Cost": 107686.80,"Plan Rows": 18648,"Plan Width": 16,"Actual Startup Time": 32.721,"Actual Total Time": 124.933,"Actual Rows": 15467,"Actual Loops": 5,"Recheck Cond": "((l_shipdate >= '1996-08-01'::date) AND (l_shipdate < '1996-09-01 00:00:00'::timestamp without time zone))","Rows Removed by Index Recheck": 0,"Exact Heap Blocks": 8255,"Lossy Heap Blocks": 0,"Workers": [],"Plans": [{"Node Type": "Bitmap Index Scan","Parent Relationship": "Outer","Parallel Aware": false,"Async Capable": false,"Index Name": "idx_lineitem_shipdate","Startup Cost": 0.00,"Total Cost": 1898.36,"Plan Rows": 74593,"Plan Width": 0,"Actual Startup Time": 26.077,"Actual Total Time": 26.080,"Actual Rows": 77336,"Actual Loops": 1,"Index Cond": "((l_shipdate >= '1996-08-01'::date) AND (l_shipdate < '1996-09-01 00:00:00'::timestamp without time zone))","Workers": []}]},{"Node Type": "Hash","Parent Relationship": "Inner","Parallel Aware": true,"Async Capable": false,"Startup Cost": 4930.33,"Total Cost": 4930.33,"Plan Rows": 83333,"Plan Width": 25,"Actual Startup Time": 39.626,"Actual Total Time": 39.628,"Actual Rows": 40000,"Actual Loops": 5,"Hash Buckets": 262144,"Original Hash Buckets": 262144,"Hash Batches": 1,"Original Hash Batches": 1,"Peak Memory Usage": 14240,"Workers": [],"Plans": [{"Node Type": "Seq Scan","Parent Relationship": "Outer","Parallel Aware": true,"Async Capable": false,"Relation Name": "part","Alias": "part","Startup Cost": 0.00,"Total Cost": 4930.33,"Plan Rows": 83333,"Plan Width": 25,"Actual Startup Time": 0.029,"Actual Total Time": 17.199,"Actual Rows": 40000,"Actual Loops": 5,"Workers": []}]}]}]}]}]},"Planning Time": 4.716,"Triggers": [],"Execution Time": 230.134}]
[{"Plan": {"Node Type": "Aggregate","Strategy": "Plain","Partial Mode": "Finalize","Parallel Aware": false,"Async Capable": false,"Startup Cost": 114557.15,"Total Cost": 114557.16,"Plan Rows": 1,"Plan Width": 32,"Actual Startup Time": 210.021,"Actual Total Time": 226.400,"Actual Rows": 1,"Actual Loops": 1,"Plans": [{"Node Type": "Gather","Parent Relationship": "Outer","Parallel Aware": false,"Async Capable": false,"Startup Cost": 114556.69,"Total Cost": 114557.10,"Plan Rows": 4,"Plan Width": 64,"Actual Startup Time": 208.607,"Actual Total Time": 226.360,"Actual Rows": 5,"Actual Loops": 1,"Workers Planned": 4,"Workers Launched": 4,"Single Copy": false,"Plans": [{"Node Type": "Aggregate","Strategy": "Plain","Partial Mode": "Partial","Parent Relationship": "Outer","Parallel Aware": false,"Async Capable": false,"Startup Cost": 113556.69,"Total Cost": 113556.70,"Plan Rows": 1,"Plan Width": 64,"Actual Startup Time": 201.168,"Actual Total Time": 201.175,"Actual Rows": 1,"Actual Loops": 5,"Workers": [],"Plans": [{"Node Type": "Hash Join","Parent Relationship": "Outer","Parallel Aware": true,"Async Capable": false,"Join Type": "Inner","Startup Cost": 7863.36,"Total Cost": 113234.46,"Plan Rows": 18413,"Plan Width": 33,"Actual Startup Time": 63.364,"Actual Total Time": 194.944,"Actual Rows": 15564,"Actual Loops": 5,"Inner Unique": true,"Hash Cond": "(lineitem.l_partkey = part.p_partkey)","Workers": [],"Plans": [{"Node Type": "Bitmap Heap Scan","Parent Relationship": "Outer","Parallel Aware": true,"Async Capable": false,"Relation Name": "lineitem","Alias": "lineitem","Startup Cost": 1891.37,"Total Cost": 107214.13,"Plan Rows": 18413,"Plan Width": 16,"Actual Startup Time": 29.634,"Actual Total Time": 131.757,"Actual Rows": 15564,"Actual Loops": 5,"Recheck Cond": "((l_shipdate >= '1994-03-01'::date) AND (l_shipdate < '1994-04-01 00:00:00'::timestamp without time zone))","Rows Removed by Index Recheck": 0,"Exact Heap Blocks": 8610,"Lossy Heap Blocks": 0,"Workers": [],"Plans": [{"Node Type": "Bitmap Index Scan","Parent Relationship": "Outer","Parallel Aware": false,"Async Capable": false,"Index Name": "idx_lineitem_shipdate","Startup Cost": 0.00,"Total Cost": 1872.95,"Plan Rows": 73652,"Plan Width": 0,"Actual Startup Time": 23.139,"Actual Total Time": 23.140,"Actual Rows": 77819,"Actual Loops": 1,"Index Cond": "((l_shipdate >= '1994-03-01'::date) AND (l_shipdate < '1994-04-01 00:00:00'::timestamp without time zone))","Workers": []}]},{"Node Type": "Hash","Parent Relationship": "Inner","Parallel Aware": true,"Async Capable": false,"Startup Cost": 4930.33,"Total Cost": 4930.33,"Plan Rows": 83333,"Plan Width": 25,"Actual Startup Time": 33.032,"Actual Total Time": 33.034,"Actual Rows": 40000,"Actual Loops": 5,"Hash Buckets": 262144,"Original Hash Buckets": 262144,"Hash Batches": 1,"Original Hash Batches": 1,"Peak Memory Usage": 14240,"Workers": [],"Plans": [{"Node Type": "Seq Scan","Parent Relationship": "Outer","Parallel Aware": true,"Async Capable": false,"Relation Name": "part","Alias": "part","Startup Cost": 0.00,"Total Cost": 4930.33,"Plan Rows": 83333,"Plan Width": 25,"Actual Startup Time": 0.030,"Actual Total Time": 14.548,"Actual Rows": 40000,"Actual Loops": 5,"Workers": []}]}]}]}]}]},"Planning Time": 3.994,"Triggers": [],"Execution Time": 226.680}]
[{"Plan": {"Node Type": "Aggregate","Strategy": "Plain","Partial Mode": "Finalize","Parallel Aware": false,"Async Capable": false,"Startup Cost": 115298.80,"Total Cost": 115298.82,"Plan Rows": 1,"Plan Width": 32,"Actual Startup Time": 191.770,"Actual Total Time": 208.257,"Actual Rows": 1,"Actual Loops": 1,"Plans": [{"Node Type": "Gather","Parent Relationship": "Outer","Parallel Aware": false,"Async Capable": false,"Startup Cost": 115298.35,"Total Cost": 115298.76,"Plan Rows": 4,"Plan Width": 64,"Actual Startup Time": 190.365,"Actual Total Time": 208.218,"Actual Rows": 5,"Actual Loops": 1,"Workers Planned": 4,"Workers Launched": 4,"Single Copy": false,"Plans": [{"Node Type": "Aggregate","Strategy": "Plain","Partial Mode": "Partial","Parent Relationship": "Outer","Parallel Aware": false,"Async Capable": false,"Startup Cost": 114298.35,"Total Cost": 114298.36,"Plan Rows": 1,"Plan Width": 64,"Actual Startup Time": 182.565,"Actual Total Time": 182.576,"Actual Rows": 1,"Actual Loops": 5,"Workers": [],"Plans": [{"Node Type": "Hash Join","Parent Relationship": "Outer","Parallel Aware": true,"Async Capable": false,"Join Type": "Inner","Startup Cost": 7902.48,"Total Cost": 113969.66,"Plan Rows": 18782,"Plan Width": 33,"Actual Startup Time": 59.443,"Actual Total Time": 176.606,"Actual Rows": 14990,"Actual Loops": 5,"Inner Unique": true,"Hash Cond": "(lineitem.l_partkey = part.p_partkey)","Workers": [],"Plans": [{"Node Type": "Bitmap Heap Scan","Parent Relationship": "Outer","Parallel Aware": true,"Async Capable": false,"Relation Name": "lineitem","Alias": "lineitem","Startup Cost": 1930.48,"Total Cost": 107948.36,"Plan Rows": 18782,"Plan Width": 16,"Actual Startup Time": 21.604,"Actual Total Time": 109.072,"Actual Rows": 14990,"Actual Loops": 5,"Recheck Cond": "((l_shipdate >= '1993-11-01'::date) AND (l_shipdate < '1993-12-01 00:00:00'::timestamp without time zone))","Rows Removed by Index Recheck": 0,"Exact Heap Blocks": 7520,"Lossy Heap Blocks": 0,"Workers": [],"Plans": [{"Node Type": "Bitmap Index Scan","Parent Relationship": "Outer","Parallel Aware": false,"Async Capable": false,"Index Name": "idx_lineitem_shipdate","Startup Cost": 0.00,"Total Cost": 1911.70,"Plan Rows": 75127,"Plan Width": 0,"Actual Startup Time": 15.494,"Actual Total Time": 15.497,"Actual Rows": 74949,"Actual Loops": 1,"Index Cond": "((l_shipdate >= '1993-11-01'::date) AND (l_shipdate < '1993-12-01 00:00:00'::timestamp without time zone))","Workers": []}]},{"Node Type": "Hash","Parent Relationship": "Inner","Parallel Aware": true,"Async Capable": false,"Startup Cost": 4930.33,"Total Cost": 4930.33,"Plan Rows": 83333,"Plan Width": 25,"Actual Startup Time": 36.955,"Actual Total Time": 36.958,"Actual Rows": 40000,"Actual Loops": 5,"Hash Buckets": 262144,"Original Hash Buckets": 262144,"Hash Batches": 1,"Original Hash Batches": 1,"Peak Memory Usage": 14176,"Workers": [],"Plans": [{"Node Type": "Seq Scan","Parent Relationship": "Outer","Parallel Aware": true,"Async Capable": false,"Relation Name": "part","Alias": "part","Startup Cost": 0.00,"Total Cost": 4930.33,"Plan Rows": 83333,"Plan Width": 25,"Actual Startup Time": 0.042,"Actual Total Time": 17.442,"Actual Rows": 40000,"Actual Loops": 5,"Workers": []}]}]}]}]}]},"Planning Time": 4.152,"Triggers": [],"Execution Time": 208.521}]
[{"Plan": {"Node Type": "Aggregate","Strategy": "Plain","Partial Mode": "Finalize","Parallel Aware": false,"Async Capable": false,"Startup Cost": 111577.07,"Total Cost": 111577.08,"Plan Rows": 1,"Plan Width": 32,"Actual Startup Time": 186.301,"Actual Total Time": 202.570,"Actual Rows": 1,"Actual Loops": 1,"Plans": [{"Node Type": "Gather","Parent Relationship": "Outer","Parallel Aware": false,"Async Capable": false,"Startup Cost": 111576.61,"Total Cost": 111577.02,"Plan Rows": 4,"Plan Width": 64,"Actual Startup Time": 184.863,"Actual Total Time": 202.533,"Actual Rows": 5,"Actual Loops": 1,"Workers Planned": 4,"Workers Launched": 4,"Single Copy": false,"Plans": [{"Node Type": "Aggregate","Strategy": "Plain","Partial Mode": "Partial","Parent Relationship": "Outer","Parallel Aware": false,"Async Capable": false,"Startup Cost": 110576.61,"Total Cost": 110576.62,"Plan Rows": 1,"Plan Width": 64,"Actual Startup Time": 177.469,"Actual Total Time": 177.481,"Actual Rows": 1,"Actual Loops": 5,"Workers": [],"Plans": [{"Node Type": "Hash Join","Parent Relationship": "Outer","Parallel Aware": true,"Async Capable": false,"Join Type": "Inner","Startup Cost": 7723.43,"Total Cost": 110278.25,"Plan Rows": 17049,"Plan Width": 33,"Actual Startup Time": 61.420,"Actual Total Time": 171.970,"Actual Rows": 14049,"Actual Loops": 5,"Inner Unique": true,"Hash Cond": "(lineitem.l_partkey = part.p_partkey)","Workers": [],"Plans": [{"Node Type": "Bitmap Heap Scan","Parent Relationship": "Outer","Parallel Aware": true,"Async Capable": false,"Relation Name": "lineitem","Alias": "lineitem","Startup Cost": 1751.43,"Total Cost": 104261.50,"Plan Rows": 17049,"Plan Width": 16,"Actual Startup Time": 23.904,"Actual Total Time": 106.890,"Actual Rows": 14049,"Actual Loops": 5,"Recheck Cond": "((l_shipdate >= '1997-02-01'::date) AND (l_shipdate < '1997-03-01 00:00:00'::timestamp without time zone))","Rows Removed by Index Recheck": 0,"Exact Heap Blocks": 7418,"Lossy Heap Blocks": 0,"Workers": [],"Plans": [{"Node Type": "Bitmap Index Scan","Parent Relationship": "Outer","Parallel Aware": false,"Async Capable": false,"Index Name": "idx_lineitem_shipdate","Startup Cost": 0.00,"Total Cost": 1734.38,"Plan Rows": 68195,"Plan Width": 0,"Actual Startup Time": 17.828,"Actual Total Time": 17.830,"Actual Rows": 70245,"Actual Loops": 1,"Index Cond": "((l_shipdate >= '1997-02-01'::date) AND (l_shipdate < '1997-03-01 00:00:00'::timestamp without time zone))","Workers": []}]},{"Node Type": "Hash","Parent Relationship": "Inner","Parallel Aware": true,"Async Capable": false,"Startup Cost": 4930.33,"Total Cost": 4930.33,"Plan Rows": 83333,"Plan Width": 25,"Actual Startup Time": 36.814,"Actual Total Time": 36.818,"Actual Rows": 40000,"Actual Loops": 5,"Hash Buckets": 262144,"Original Hash Buckets": 262144,"Hash Batches": 1,"Original Hash Batches": 1,"Peak Memory Usage": 14240,"Workers": [],"Plans": [{"Node Type": "Seq Scan","Parent Relationship": "Outer","Parallel Aware": true,"Async Capable": false,"Relation Name": "part","Alias": "part","Startup Cost": 0.00,"Total Cost": 4930.33,"Plan Rows": 83333,"Plan Width": 25,"Actual Startup Time": 0.035,"Actual Total Time": 16.010,"Actual Rows": 40000,"Actual Loops": 5,"Workers": []}]}]}]}]}]},"Planning Time": 4.076,"Triggers": [],"Execution Time": 202.873}]
[{"Plan": {"Node Type": "Aggregate","Strategy": "Plain","Partial Mode": "Finalize","Parallel Aware": false,"Async Capable": false,"Startup Cost": 111577.07,"Total Cost": 111577.08,"Plan Rows": 1,"Plan Width": 32,"Actual Startup Time": 186.301,"Actual Total Time": 202.570,"Actual Rows": 1,"Actual Loops": 1,"Plans": [{"Node Type": "Gather","Parent Relationship": "Outer","Parallel Aware": false,"Async Capable": false,"Startup Cost": 111576.61,"Total Cost": 111577.02,"Plan Rows": 4,"Plan Width": 64,"Actual Startup Time": 184.863,"Actual Total Time": 202.533,"Actual Rows": 5,"Actual Loops": 1,"Workers Planned": 4,"Workers Launched": 4,"Single Copy": false,"Plans": [{"Node Type": "Aggregate","Strategy": "Plain","Partial Mode": "Partial","Parent Relationship": "Outer","Parallel Aware": false,"Async Capable": false,"Startup Cost": 110576.61,"Total Cost": 110576.62,"Plan Rows": 1,"Plan Width": 64,"Actual Startup Time": 177.469,"Actual Total Time": 177.481,"Actual Rows": 1,"Actual Loops": 5,"Workers": [],"Plans": [{"Node Type": "Hash Join","Parent Relationship": "Outer","Parallel Aware": true,"Async Capable": false,"Join Type": "Inner","Startup Cost": 7723.43,"Total Cost": 110278.25,"Plan Rows": 17049,"Plan Width": 33,"Actual Startup Time": 61.420,"Actual Total Time": 171.970,"Actual Rows": 14049,"Actual Loops": 5,"Inner Unique": true,"Hash Cond": "(lineitem.l_partkey = part.p_partkey)","Workers": [],"Plans": [{"Node Type": "Bitmap Heap Scan","Parent Relationship": "Outer","Parallel Aware": true,"Async Capable": false,"Relation Name": "lineitem","Alias": "lineitem","Startup Cost": 1751.43,"Total Cost": 104261.50,"Plan Rows": 17049,"Plan Width": 16,"Actual Startup Time": 23.904,"Actual Total Time": 106.890,"Actual Rows": 14049,"Actual Loops": 5,"Recheck Cond": "((l_shipdate >= '1997-02-01'::date) AND (l_shipdate < '1997-03-01 00:00:00'::timestamp without time zone))","Rows Removed by Index Recheck": 0,"Exact Heap Blocks": 7418,"Lossy Heap Blocks": 0,"Workers": [],"Plans": [{"Node Type": "Bitmap Index Scan","Parent Relationship": "Outer","Parallel Aware": false,"Async Capable": false,"Index Name": "idx_lineitem_shipdate","Startup Cost": 0.00,"Total Cost": 1734.38,"Plan Rows": 68195,"Plan Width": 0,"Actual Startup Time": 17.828,"Actual Total Time": 17.830,"Actual Rows": 70245,"Actual Loops": 1,"Index Cond": "((l_shipdate >= '1997-02-01'::date) AND (l_shipdate < '1997-03-01 00:00:00'::timestamp without time zone))","Workers": []}]},{"Node Type": "Hash","Parent Relationship": "Inner","Parallel Aware": true,"Async Capable": false,"Startup Cost": 4930.33,"Total Cost": 4930.33,"Plan Rows": 83333,"Plan Width": 25,"Actual Startup Time": 36.814,"Actual Total Time": 36.818,"Actual Rows": 40000,"Actual Loops": 5,"Hash Buckets": 262144,"Original Hash Buckets": 262144,"Hash Batches": 1,"Original Hash Batches": 1,"Peak Memory Usage": 14240,"Workers": [],"Plans": [{"Node Type": "Seq Scan","Parent Relationship": "Outer","Parallel Aware": true,"Async Capable": false,"Relation Name": "part","Alias": "part","Startup Cost": 0.00,"Total Cost": 4930.33,"Plan Rows": 83333,"Plan Width": 25,"Actual Startup Time": 0.035,"Actual Total Time": 16.010,"Actual Rows": 40000,"Actual Loops": 5,"Workers": []}]}]}]}]}]},"Planning Time": 4.076,"Triggers": [],"Execution Time": 202.873}]
[{"Plan": {"Node Type": "Aggregate","Strategy": "Plain","Partial Mode": "Finalize","Parallel Aware": false,"Async Capable": false,"Startup Cost": 116198.09,"Total Cost": 116198.11,"Plan Rows": 1,"Plan Width": 32,"Actual Startup Time": 194.937,"Actual Total Time": 212.766,"Actual Rows": 1,"Actual Loops": 1,"Plans": [{"Node Type": "Gather","Parent Relationship": "Outer","Parallel Aware": false,"Async Capable": false,"Startup Cost": 116197.64,"Total Cost": 116198.05,"Plan Rows": 4,"Plan Width": 64,"Actual Startup Time": 193.661,"Actual Total Time": 212.719,"Actual Rows": 5,"Actual Loops": 1,"Workers Planned": 4,"Workers Launched": 4,"Single Copy": false,"Plans": [{"Node Type": "Aggregate","Strategy": "Plain","Partial Mode": "Partial","Parent Relationship": "Outer","Parallel Aware": false,"Async Capable": false,"Startup Cost": 115197.64,"Total Cost": 115197.65,"Plan Rows": 1,"Plan Width": 64,"Actual Startup Time": 186.015,"Actual Total Time": 186.028,"Actual Rows": 1,"Actual Loops": 5,"Workers": [],"Plans": [{"Node Type": "Hash Join","Parent Relationship": "Outer","Parallel Aware": true,"Async Capable": false,"Join Type": "Inner","Startup Cost": 7949.61,"Total Cost": 114860.79,"Plan Rows": 19248,"Plan Width": 33,"Actual Startup Time": 63.880,"Actual Total Time": 180.150,"Actual Rows": 15061,"Actual Loops": 5,"Inner Unique": true,"Hash Cond": "(lineitem.l_partkey = part.p_partkey)","Workers": [],"Plans": [{"Node Type": "Bitmap Heap Scan","Parent Relationship": "Outer","Parallel Aware": true,"Async Capable": false,"Relation Name": "lineitem","Alias": "lineitem","Startup Cost": 1977.61,"Total Cost": 108838.27,"Plan Rows": 19248,"Plan Width": 16,"Actual Startup Time": 23.071,"Actual Total Time": 109.166,"Actual Rows": 15061,"Actual Loops": 5,"Recheck Cond": "((l_shipdate >= '1994-09-01'::date) AND (l_shipdate < '1994-10-01 00:00:00'::timestamp without time zone))","Rows Removed by Index Recheck": 0,"Exact Heap Blocks": 7981,"Lossy Heap Blocks": 0,"Workers": [],"Plans": [{"Node Type": "Bitmap Index Scan","Parent Relationship": "Outer","Parallel Aware": false,"Async Capable": false,"Index Name": "idx_lineitem_shipdate","Startup Cost": 0.00,"Total Cost": 1958.36,"Plan Rows": 76993,"Plan Width": 0,"Actual Startup Time": 16.740,"Actual Total Time": 16.742,"Actual Rows": 75306,"Actual Loops": 1,"Index Cond": "((l_shipdate >= '1994-09-01'::date) AND (l_shipdate < '1994-10-01 00:00:00'::timestamp without time zone))","Workers": []}]},{"Node Type": "Hash","Parent Relationship": "Inner","Parallel Aware": true,"Async Capable": false,"Startup Cost": 4930.33,"Total Cost": 4930.33,"Plan Rows": 83333,"Plan Width": 25,"Actual Startup Time": 39.928,"Actual Total Time": 39.932,"Actual Rows": 40000,"Actual Loops": 5,"Hash Buckets": 262144,"Original Hash Buckets": 262144,"Hash Batches": 1,"Original Hash Batches": 1,"Peak Memory Usage": 14176,"Workers": [],"Plans": [{"Node Type": "Seq Scan","Parent Relationship": "Outer","Parallel Aware": true,"Async Capable": false,"Relation Name": "part","Alias": "part","Startup Cost": 0.00,"Total Cost": 4930.33,"Plan Rows": 83333,"Plan Width": 25,"Actual Startup Time": 0.037,"Actual Total Time": 17.389,"Actual Rows": 40000,"Actual Loops": 5,"Workers": []}]}]}]}]}]},"Planning Time": 4.062,"Triggers": [],"Execution Time": 213.027}]
[{"Plan": {"Node Type": "Aggregate","Strategy": "Plain","Partial Mode": "Finalize","Parallel Aware": false,"Async Capable": false,"Startup Cost": 113767.70,"Total Cost": 113767.71,"Plan Rows": 1,"Plan Width": 32,"Actual Startup Time": 201.354,"Actual Total Time": 217.629,"Actual Rows": 1,"Actual Loops": 1,"Plans": [{"Node Type": "Gather","Parent Relationship": "Outer","Parallel Aware": false,"Async Capable": false,"Startup Cost": 113767.24,"Total Cost": 113767.65,"Plan Rows": 4,"Plan Width": 64,"Actual Startup Time": 198.999,"Actual Total Time": 217.582,"Actual Rows": 5,"Actual Loops": 1,"Workers Planned": 4,"Workers Launched": 4,"Single Copy": false,"Plans": [{"Node Type": "Aggregate","Strategy": "Plain","Partial Mode": "Partial","Parent Relationship": "Outer","Parallel Aware": false,"Async Capable": false,"Startup Cost": 112767.24,"Total Cost": 112767.25,"Plan Rows": 1,"Plan Width": 64,"Actual Startup Time": 191.550,"Actual Total Time": 191.562,"Actual Rows": 1,"Actual Loops": 5,"Workers": [],"Plans": [{"Node Type": "Hash Join","Parent Relationship": "Outer","Parallel Aware": true,"Async Capable": false,"Join Type": "Inner","Startup Cost": 7827.74,"Total Cost": 112451.68,"Plan Rows": 18032,"Plan Width": 33,"Actual Startup Time": 62.703,"Actual Total Time": 185.698,"Actual Rows": 14327,"Actual Loops": 5,"Inner Unique": true,"Hash Cond": "(lineitem.l_partkey = part.p_partkey)","Workers": [],"Plans": [{"Node Type": "Bitmap Heap Scan","Parent Relationship": "Outer","Parallel Aware": true,"Async Capable": false,"Relation Name": "lineitem","Alias": "lineitem","Startup Cost": 1855.74,"Total Cost": 106432.35,"Plan Rows": 18032,"Plan Width": 16,"Actual Startup Time": 28.428,"Actual Total Time": 122.517,"Actual Rows": 14327,"Actual Loops": 5,"Recheck Cond": "((l_shipdate >= '1996-02-01'::date) AND (l_shipdate < '1996-03-01 00:00:00'::timestamp without time zone))","Rows Removed by Index Recheck": 0,"Exact Heap Blocks": 8588,"Lossy Heap Blocks": 0,"Workers": [],"Plans": [{"Node Type": "Bitmap Index Scan","Parent Relationship": "Outer","Parallel Aware": false,"Async Capable": false,"Index Name": "idx_lineitem_shipdate","Startup Cost": 0.00,"Total Cost": 1837.71,"Plan Rows": 72128,"Plan Width": 0,"Actual Startup Time": 22.136,"Actual Total Time": 22.138,"Actual Rows": 71636,"Actual Loops": 1,"Index Cond": "((l_shipdate >= '1996-02-01'::date) AND (l_shipdate < '1996-03-01 00:00:00'::timestamp without time zone))","Workers": []}]},{"Node Type": "Hash","Parent Relationship": "Inner","Parallel Aware": true,"Async Capable": false,"Startup Cost": 4930.33,"Total Cost": 4930.33,"Plan Rows": 83333,"Plan Width": 25,"Actual Startup Time": 33.546,"Actual Total Time": 33.549,"Actual Rows": 40000,"Actual Loops": 5,"Hash Buckets": 262144,"Original Hash Buckets": 262144,"Hash Batches": 1,"Original Hash Batches": 1,"Peak Memory Usage": 14240,"Workers": [],"Plans": [{"Node Type": "Seq Scan","Parent Relationship": "Outer","Parallel Aware": true,"Async Capable": false,"Relation Name": "part","Alias": "part","Startup Cost": 0.00,"Total Cost": 4930.33,"Plan Rows": 83333,"Plan Width": 25,"Actual Startup Time": 0.035,"Actual Total Time": 14.470,"Actual Rows": 40000,"Actual Loops": 5,"Workers": []}]}]}]}]}]},"Planning Time": 4.716,"Triggers": [],"Execution Time": 217.907}]
[{"Plan": {"Node Type": "Aggregate","Strategy": "Plain","Partial Mode": "Finalize","Parallel Aware": false,"Async Capable": false,"Startup Cost": 111577.07,"Total Cost": 111577.08,"Plan Rows": 1,"Plan Width": 32,"Actual Startup Time": 186.301,"Actual Total Time": 202.570,"Actual Rows": 1,"Actual Loops": 1,"Plans": [{"Node Type": "Gather","Parent Relationship": "Outer","Parallel Aware": false,"Async Capable": false,"Startup Cost": 111576.61,"Total Cost": 111577.02,"Plan Rows": 4,"Plan Width": 64,"Actual Startup Time": 184.863,"Actual Total Time": 202.533,"Actual Rows": 5,"Actual Loops": 1,"Workers Planned": 4,"Workers Launched": 4,"Single Copy": false,"Plans": [{"Node Type": "Aggregate","Strategy": "Plain","Partial Mode": "Partial","Parent Relationship": "Outer","Parallel Aware": false,"Async Capable": false,"Startup Cost": 110576.61,"Total Cost": 110576.62,"Plan Rows": 1,"Plan Width": 64,"Actual Startup Time": 177.469,"Actual Total Time": 177.481,"Actual Rows": 1,"Actual Loops": 5,"Workers": [],"Plans": [{"Node Type": "Hash Join","Parent Relationship": "Outer","Parallel Aware": true,"Async Capable": false,"Join Type": "Inner","Startup Cost": 7723.43,"Total Cost": 110278.25,"Plan Rows": 17049,"Plan Width": 33,"Actual Startup Time": 61.420,"Actual Total Time": 171.970,"Actual Rows": 14049,"Actual Loops": 5,"Inner Unique": true,"Hash Cond": "(lineitem.l_partkey = part.p_partkey)","Workers": [],"Plans": [{"Node Type": "Bitmap Heap Scan","Parent Relationship": "Outer","Parallel Aware": true,"Async Capable": false,"Relation Name": "lineitem","Alias": "lineitem","Startup Cost": 1751.43,"Total Cost": 104261.50,"Plan Rows": 17049,"Plan Width": 16,"Actual Startup Time": 23.904,"Actual Total Time": 106.890,"Actual Rows": 14049,"Actual Loops": 5,"Recheck Cond": "((l_shipdate >= '1997-02-01'::date) AND (l_shipdate < '1997-03-01 00:00:00'::timestamp without time zone))","Rows Removed by Index Recheck": 0,"Exact Heap Blocks": 7418,"Lossy Heap Blocks": 0,"Workers": [],"Plans": [{"Node Type": "Bitmap Index Scan","Parent Relationship": "Outer","Parallel Aware": false,"Async Capable": false,"Index Name": "idx_lineitem_shipdate","Startup Cost": 0.00,"Total Cost": 1734.38,"Plan Rows": 68195,"Plan Width": 0,"Actual Startup Time": 17.828,"Actual Total Time": 17.830,"Actual Rows": 70245,"Actual Loops": 1,"Index Cond": "((l_shipdate >= '1997-02-01'::date) AND (l_shipdate < '1997-03-01 00:00:00'::timestamp without time zone))","Workers": []}]},{"Node Type": "Hash","Parent Relationship": "Inner","Parallel Aware": true,"Async Capable": false,"Startup Cost": 4930.33,"Total Cost": 4930.33,"Plan Rows": 83333,"Plan Width": 25,"Actual Startup Time": 36.814,"Actual Total Time": 36.818,"Actual Rows": 40000,"Actual Loops": 5,"Hash Buckets": 262144,"Original Hash Buckets": 262144,"Hash Batches": 1,"Original Hash Batches": 1,"Peak Memory Usage": 14240,"Workers": [],"Plans": [{"Node Type": "Seq Scan","Parent Relationship": "Outer","Parallel Aware": true,"Async Capable": false,"Relation Name": "part","Alias": "part","Startup Cost": 0.00,"Total Cost": 4930.33,"Plan Rows": 83333,"Plan Width": 25,"Actual Startup Time": 0.035,"Actual Total Time": 16.010,"Actual Rows": 40000,"Actual Loops": 5,"Workers": []}]}]}]}]}]},"Planning Time": 4.076,"Triggers": [],"Execution Time": 202.873}]
[{"Plan": {"Node Type": "Aggregate","Strategy": "Plain","Partial Mode": "Finalize","Parallel Aware": false,"Async Capable": false,"Startup Cost": 118399.89,"Total Cost": 118399.90,"Plan Rows": 1,"Plan Width": 32,"Actual Startup Time": 206.498,"Actual Total Time": 224.956,"Actual Rows": 1,"Actual Loops": 1,"Plans": [{"Node Type": "Gather","Parent Relationship": "Outer","Parallel Aware": false,"Async Capable": false,"Startup Cost": 118399.43,"Total Cost": 118399.84,"Plan Rows": 4,"Plan Width": 64,"Actual Startup Time": 205.062,"Actual Total Time": 224.906,"Actual Rows": 5,"Actual Loops": 1,"Workers Planned": 4,"Workers Launched": 4,"Single Copy": false,"Plans": [{"Node Type": "Aggregate","Strategy": "Plain","Partial Mode": "Partial","Parent Relationship": "Outer","Parallel Aware": false,"Async Capable": false,"Startup Cost": 117399.43,"Total Cost": 117399.44,"Plan Rows": 1,"Plan Width": 64,"Actual Startup Time": 196.971,"Actual Total Time": 196.979,"Actual Rows": 1,"Actual Loops": 5,"Workers": [],"Plans": [{"Node Type": "Hash Join","Parent Relationship": "Outer","Parallel Aware": true,"Async Capable": false,"Join Type": "Inner","Startup Cost": 8076.51,"Total Cost": 117040.85,"Plan Rows": 20490,"Plan Width": 33,"Actual Startup Time": 67.504,"Actual Total Time": 190.658,"Actual Rows": 15441,"Actual Loops": 5,"Inner Unique": true,"Hash Cond": "(lineitem.l_partkey = part.p_partkey)","Workers": [],"Plans": [{"Node Type": "Bitmap Heap Scan","Parent Relationship": "Outer","Parallel Aware": true,"Async Capable": false,"Relation Name": "lineitem","Alias": "lineitem","Startup Cost": 2104.51,"Total Cost": 111015.07,"Plan Rows": 20490,"Plan Width": 16,"Actual Startup Time": 31.187,"Actual Total Time": 124.229,"Actual Rows": 15441,"Actual Loops": 5,"Recheck Cond": "((l_shipdate >= '1993-07-01'::date) AND (l_shipdate < '1993-08-01 00:00:00'::timestamp without time zone))","Rows Removed by Index Recheck": 0,"Exact Heap Blocks": 7445,"Lossy Heap Blocks": 0,"Workers": [],"Plans": [{"Node Type": "Bitmap Index Scan","Parent Relationship": "Outer","Parallel Aware": false,"Async Capable": false,"Index Name": "idx_lineitem_shipdate","Startup Cost": 0.00,"Total Cost": 2084.02,"Plan Rows": 81959,"Plan Width": 0,"Actual Startup Time": 24.709,"Actual Total Time": 24.710,"Actual Rows": 77203,"Actual Loops": 1,"Index Cond": "((l_shipdate >= '1993-07-01'::date) AND (l_shipdate < '1993-08-01 00:00:00'::timestamp without time zone))","Workers": []}]},{"Node Type": "Hash","Parent Relationship": "Inner","Parallel Aware": true,"Async Capable": false,"Startup Cost": 4930.33,"Total Cost": 4930.33,"Plan Rows": 83333,"Plan Width": 25,"Actual Startup Time": 35.543,"Actual Total Time": 35.545,"Actual Rows": 40000,"Actual Loops": 5,"Hash Buckets": 262144,"Original Hash Buckets": 262144,"Hash Batches": 1,"Original Hash Batches": 1,"Peak Memory Usage": 14176,"Workers": [],"Plans": [{"Node Type": "Seq Scan","Parent Relationship": "Outer","Parallel Aware": true,"Async Capable": false,"Relation Name": "part","Alias": "part","Startup Cost": 0.00,"Total Cost": 4930.33,"Plan Rows": 83333,"Plan Width": 25,"Actual Startup Time": 0.027,"Actual Total Time": 16.751,"Actual Rows": 40000,"Actual Loops": 5,"Workers": []}]}]}]}]}]},"Planning Time": 4.294,"Triggers": [],"Execution Time": 225.229}]
[{"Plan": {"Node Type": "Aggregate","Strategy": "Plain","Partial Mode": "Finalize","Parallel Aware": false,"Async Capable": false,"Startup Cost": 116279.97,"Total Cost": 116279.99,"Plan Rows": 1,"Plan Width": 32,"Actual Startup Time": 194.269,"Actual Total Time": 212.337,"Actual Rows": 1,"Actual Loops": 1,"Plans": [{"Node Type": "Gather","Parent Relationship": "Outer","Parallel Aware": false,"Async Capable": false,"Startup Cost": 116279.52,"Total Cost": 116279.93,"Plan Rows": 4,"Plan Width": 64,"Actual Startup Time": 192.534,"Actual Total Time": 212.291,"Actual Rows": 5,"Actual Loops": 1,"Workers Planned": 4,"Workers Launched": 4,"Single Copy": false,"Plans": [{"Node Type": "Aggregate","Strategy": "Plain","Partial Mode": "Partial","Parent Relationship": "Outer","Parallel Aware": false,"Async Capable": false,"Startup Cost": 115279.52,"Total Cost": 115279.53,"Plan Rows": 1,"Plan Width": 64,"Actual Startup Time": 184.639,"Actual Total Time": 184.649,"Actual Rows": 1,"Actual Loops": 5,"Workers": [],"Plans": [{"Node Type": "Hash Join","Parent Relationship": "Outer","Parallel Aware": true,"Async Capable": false,"Join Type": "Inner","Startup Cost": 7955.37,"Total Cost": 114941.92,"Plan Rows": 19291,"Plan Width": 33,"Actual Startup Time": 62.932,"Actual Total Time": 178.412,"Actual Rows": 15344,"Actual Loops": 5,"Inner Unique": true,"Hash Cond": "(lineitem.l_partkey = part.p_partkey)","Workers": [],"Plans": [{"Node Type": "Bitmap Heap Scan","Parent Relationship": "Outer","Parallel Aware": true,"Async Capable": false,"Relation Name": "lineitem","Alias": "lineitem","Startup Cost": 1983.37,"Total Cost": 108919.29,"Plan Rows": 19291,"Plan Width": 16,"Actual Startup Time": 23.473,"Actual Total Time": 106.485,"Actual Rows": 15344,"Actual Loops": 5,"Recheck Cond": "((l_shipdate >= '1994-10-01'::date) AND (l_shipdate < '1994-11-01 00:00:00'::timestamp without time zone))","Rows Removed by Index Recheck": 0,"Exact Heap Blocks": 7724,"Lossy Heap Blocks": 0,"Workers": [],"Plans": [{"Node Type": "Bitmap Index Scan","Parent Relationship": "Outer","Parallel Aware": false,"Async Capable": false,"Index Name": "idx_lineitem_shipdate","Startup Cost": 0.00,"Total Cost": 1964.08,"Plan Rows": 77165,"Plan Width": 0,"Actual Startup Time": 16.986,"Actual Total Time": 16.988,"Actual Rows": 76718,"Actual Loops": 1,"Index Cond": "((l_shipdate >= '1994-10-01'::date) AND (l_shipdate < '1994-11-01 00:00:00'::timestamp without time zone))","Workers": []}]},{"Node Type": "Hash","Parent Relationship": "Inner","Parallel Aware": true,"Async Capable": false,"Startup Cost": 4930.33,"Total Cost": 4930.33,"Plan Rows": 83333,"Plan Width": 25,"Actual Startup Time": 38.523,"Actual Total Time": 38.526,"Actual Rows": 40000,"Actual Loops": 5,"Hash Buckets": 262144,"Original Hash Buckets": 262144,"Hash Batches": 1,"Original Hash Batches": 1,"Peak Memory Usage": 14208,"Workers": [],"Plans": [{"Node Type": "Seq Scan","Parent Relationship": "Outer","Parallel Aware": true,"Async Capable": false,"Relation Name": "part","Alias": "part","Startup Cost": 0.00,"Total Cost": 4930.33,"Plan Rows": 83333,"Plan Width": 25,"Actual Startup Time": 0.032,"Actual Total Time": 16.553,"Actual Rows": 40000,"Actual Loops": 5,"Workers": []}]}]}]}]}]},"Planning Time": 4.283,"Triggers": [],"Execution Time": 212.630}]
[{"Plan": {"Node Type": "Aggregate","Strategy": "Plain","Partial Mode": "Finalize","Parallel Aware": false,"Async Capable": false,"Startup Cost": 116739.50,"Total Cost": 116739.52,"Plan Rows": 1,"Plan Width": 32,"Actual Startup Time": 206.757,"Actual Total Time": 221.834,"Actual Rows": 1,"Actual Loops": 1,"Plans": [{"Node Type": "Gather","Parent Relationship": "Outer","Parallel Aware": false,"Async Capable": false,"Startup Cost": 116739.05,"Total Cost": 116739.46,"Plan Rows": 4,"Plan Width": 64,"Actual Startup Time": 205.325,"Actual Total Time": 221.800,"Actual Rows": 5,"Actual Loops": 1,"Workers Planned": 4,"Workers Launched": 4,"Single Copy": false,"Plans": [{"Node Type": "Aggregate","Strategy": "Plain","Partial Mode": "Partial","Parent Relationship": "Outer","Parallel Aware": false,"Async Capable": false,"Startup Cost": 115739.05,"Total Cost": 115739.06,"Plan Rows": 1,"Plan Width": 64,"Actual Startup Time": 197.703,"Actual Total Time": 197.711,"Actual Rows": 1,"Actual Loops": 5,"Workers": [],"Plans": [{"Node Type": "Hash Join","Parent Relationship": "Outer","Parallel Aware": true,"Async Capable": false,"Join Type": "Inner","Startup Cost": 7981.52,"Total Cost": 115397.11,"Plan Rows": 19539,"Plan Width": 33,"Actual Startup Time": 72.726,"Actual Total Time": 192.051,"Actual Rows": 13912,"Actual Loops": 5,"Inner Unique": true,"Hash Cond": "(lineitem.l_partkey = part.p_partkey)","Workers": [],"Plans": [{"Node Type": "Bitmap Heap Scan","Parent Relationship": "Outer","Parallel Aware": true,"Async Capable": false,"Relation Name": "lineitem","Alias": "lineitem","Startup Cost": 2009.52,"Total Cost": 109373.83,"Plan Rows": 19539,"Plan Width": 16,"Actual Startup Time": 32.073,"Actual Total Time": 122.872,"Actual Rows": 13912,"Actual Loops": 5,"Recheck Cond": "((l_shipdate >= '1994-02-01'::date) AND (l_shipdate < '1994-03-01 00:00:00'::timestamp without time zone))","Rows Removed by Index Recheck": 0,"Exact Heap Blocks": 7943,"Lossy Heap Blocks": 0,"Workers": [],"Plans": [{"Node Type": "Bitmap Index Scan","Parent Relationship": "Outer","Parallel Aware": false,"Async Capable": false,"Index Name": "idx_lineitem_shipdate","Startup Cost": 0.00,"Total Cost": 1989.98,"Plan Rows": 78155,"Plan Width": 0,"Actual Startup Time": 25.713,"Actual Total Time": 25.716,"Actual Rows": 69561,"Actual Loops": 1,"Index Cond": "((l_shipdate >= '1994-02-01'::date) AND (l_shipdate < '1994-03-01 00:00:00'::timestamp without time zone))","Workers": []}]},{"Node Type": "Hash","Parent Relationship": "Inner","Parallel Aware": true,"Async Capable": false,"Startup Cost": 4930.33,"Total Cost": 4930.33,"Plan Rows": 83333,"Plan Width": 25,"Actual Startup Time": 39.838,"Actual Total Time": 39.841,"Actual Rows": 40000,"Actual Loops": 5,"Hash Buckets": 262144,"Original Hash Buckets": 262144,"Hash Batches": 1,"Original Hash Batches": 1,"Peak Memory Usage": 14208,"Workers": [],"Plans": [{"Node Type": "Seq Scan","Parent Relationship": "Outer","Parallel Aware": true,"Async Capable": false,"Relation Name": "part","Alias": "part","Startup Cost": 0.00,"Total Cost": 4930.33,"Plan Rows": 83333,"Plan Width": 25,"Actual Startup Time": 0.036,"Actual Total Time": 16.923,"Actual Rows": 40000,"Actual Loops": 5,"Workers": []}]}]}]}]}]},"Planning Time": 4.192,"Triggers": [],"Execution Time": 222.123}]
[{"Plan": {"Node Type": "Aggregate","Strategy": "Plain","Partial Mode": "Finalize","Parallel Aware": false,"Async Capable": false,"Startup Cost": 117449.67,"Total Cost": 117449.68,"Plan Rows": 1,"Plan Width": 32,"Actual Startup Time": 209.461,"Actual Total Time": 224.908,"Actual Rows": 1,"Actual Loops": 1,"Plans": [{"Node Type": "Gather","Parent Relationship": "Outer","Parallel Aware": false,"Async Capable": false,"Startup Cost": 117449.21,"Total Cost": 117449.62,"Plan Rows": 4,"Plan Width": 64,"Actual Startup Time": 207.968,"Actual Total Time": 224.878,"Actual Rows": 5,"Actual Loops": 1,"Workers Planned": 4,"Workers Launched": 4,"Single Copy": false,"Plans": [{"Node Type": "Aggregate","Strategy": "Plain","Partial Mode": "Partial","Parent Relationship": "Outer","Parallel Aware": false,"Async Capable": false,"Startup Cost": 116449.21,"Total Cost": 116449.22,"Plan Rows": 1,"Plan Width": 64,"Actual Startup Time": 200.716,"Actual Total Time": 200.726,"Actual Rows": 1,"Actual Loops": 5,"Workers": [],"Plans": [{"Node Type": "Hash Join","Parent Relationship": "Outer","Parallel Aware": true,"Async Capable": false,"Join Type": "Inner","Startup Cost": 8021.73,"Total Cost": 116100.36,"Plan Rows": 19934,"Plan Width": 33,"Actual Startup Time": 69.344,"Actual Total Time": 194.621,"Actual Rows": 15439,"Actual Loops": 5,"Inner Unique": true,"Hash Cond": "(lineitem.l_partkey = part.p_partkey)","Workers": [],"Plans": [{"Node Type": "Bitmap Heap Scan","Parent Relationship": "Outer","Parallel Aware": true,"Async Capable": false,"Relation Name": "lineitem","Alias": "lineitem","Startup Cost": 2049.74,"Total Cost": 110076.04,"Plan Rows": 19934,"Plan Width": 16,"Actual Startup Time": 28.893,"Actual Total Time": 124.591,"Actual Rows": 15439,"Actual Loops": 5,"Recheck Cond": "((l_shipdate >= '1993-08-01'::date) AND (l_shipdate < '1993-09-01 00:00:00'::timestamp without time zone))","Rows Removed by Index Recheck": 0,"Exact Heap Blocks": 7741,"Lossy Heap Blocks": 0,"Workers": [],"Plans": [{"Node Type": "Bitmap Index Scan","Parent Relationship": "Outer","Parallel Aware": false,"Async Capable": false,"Index Name": "idx_lineitem_shipdate","Startup Cost": 0.00,"Total Cost": 2029.80,"Plan Rows": 79737,"Plan Width": 0,"Actual Startup Time": 22.408,"Actual Total Time": 22.411,"Actual Rows": 77197,"Actual Loops": 1,"Index Cond": "((l_shipdate >= '1993-08-01'::date) AND (l_shipdate < '1993-09-01 00:00:00'::timestamp without time zone))","Workers": []}]},{"Node Type": "Hash","Parent Relationship": "Inner","Parallel Aware": true,"Async Capable": false,"Startup Cost": 4930.33,"Total Cost": 4930.33,"Plan Rows": 83333,"Plan Width": 25,"Actual Startup Time": 39.731,"Actual Total Time": 39.735,"Actual Rows": 40000,"Actual Loops": 5,"Hash Buckets": 262144,"Original Hash Buckets": 262144,"Hash Batches": 1,"Original Hash Batches": 1,"Peak Memory Usage": 14176,"Workers": [],"Plans": [{"Node Type": "Seq Scan","Parent Relationship": "Outer","Parallel Aware": true,"Async Capable": false,"Relation Name": "part","Alias": "part","Startup Cost": 0.00,"Total Cost": 4930.33,"Plan Rows": 83333,"Plan Width": 25,"Actual Startup Time": 0.044,"Actual Total Time": 17.039,"Actual Rows": 40000,"Actual Loops": 5,"Workers": []}]}]}]}]}]},"Planning Time": 4.803,"Triggers": [],"Execution Time": 225.176}]
[{"Plan": {"Node Type": "Aggregate","Strategy": "Plain","Partial Mode": "Finalize","Parallel Aware": false,"Async Capable": false,"Startup Cost": 116198.09,"Total Cost": 116198.11,"Plan Rows": 1,"Plan Width": 32,"Actual Startup Time": 194.937,"Actual Total Time": 212.766,"Actual Rows": 1,"Actual Loops": 1,"Plans": [{"Node Type": "Gather","Parent Relationship": "Outer","Parallel Aware": false,"Async Capable": false,"Startup Cost": 116197.64,"Total Cost": 116198.05,"Plan Rows": 4,"Plan Width": 64,"Actual Startup Time": 193.661,"Actual Total Time": 212.719,"Actual Rows": 5,"Actual Loops": 1,"Workers Planned": 4,"Workers Launched": 4,"Single Copy": false,"Plans": [{"Node Type": "Aggregate","Strategy": "Plain","Partial Mode": "Partial","Parent Relationship": "Outer","Parallel Aware": false,"Async Capable": false,"Startup Cost": 115197.64,"Total Cost": 115197.65,"Plan Rows": 1,"Plan Width": 64,"Actual Startup Time": 186.015,"Actual Total Time": 186.028,"Actual Rows": 1,"Actual Loops": 5,"Workers": [],"Plans": [{"Node Type": "Hash Join","Parent Relationship": "Outer","Parallel Aware": true,"Async Capable": false,"Join Type": "Inner","Startup Cost": 7949.61,"Total Cost": 114860.79,"Plan Rows": 19248,"Plan Width": 33,"Actual Startup Time": 63.880,"Actual Total Time": 180.150,"Actual Rows": 15061,"Actual Loops": 5,"Inner Unique": true,"Hash Cond": "(lineitem.l_partkey = part.p_partkey)","Workers": [],"Plans": [{"Node Type": "Bitmap Heap Scan","Parent Relationship": "Outer","Parallel Aware": true,"Async Capable": false,"Relation Name": "lineitem","Alias": "lineitem","Startup Cost": 1977.61,"Total Cost": 108838.27,"Plan Rows": 19248,"Plan Width": 16,"Actual Startup Time": 23.071,"Actual Total Time": 109.166,"Actual Rows": 15061,"Actual Loops": 5,"Recheck Cond": "((l_shipdate >= '1994-09-01'::date) AND (l_shipdate < '1994-10-01 00:00:00'::timestamp without time zone))","Rows Removed by Index Recheck": 0,"Exact Heap Blocks": 7981,"Lossy Heap Blocks": 0,"Workers": [],"Plans": [{"Node Type": "Bitmap Index Scan","Parent Relationship": "Outer","Parallel Aware": false,"Async Capable": false,"Index Name": "idx_lineitem_shipdate","Startup Cost": 0.00,"Total Cost": 1958.36,"Plan Rows": 76993,"Plan Width": 0,"Actual Startup Time": 16.740,"Actual Total Time": 16.742,"Actual Rows": 75306,"Actual Loops": 1,"Index Cond": "((l_shipdate >= '1994-09-01'::date) AND (l_shipdate < '1994-10-01 00:00:00'::timestamp without time zone))","Workers": []}]},{"Node Type": "Hash","Parent Relationship": "Inner","Parallel Aware": true,"Async Capable": false,"Startup Cost": 4930.33,"Total Cost": 4930.33,"Plan Rows": 83333,"Plan Width": 25,"Actual Startup Time": 39.928,"Actual Total Time": 39.932,"Actual Rows": 40000,"Actual Loops": 5,"Hash Buckets": 262144,"Original Hash Buckets": 262144,"Hash Batches": 1,"Original Hash Batches": 1,"Peak Memory Usage": 14176,"Workers": [],"Plans": [{"Node Type": "Seq Scan","Parent Relationship": "Outer","Parallel Aware": true,"Async Capable": false,"Relation Name": "part","Alias": "part","Startup Cost": 0.00,"Total Cost": 4930.33,"Plan Rows": 83333,"Plan Width": 25,"Actual Startup Time": 0.037,"Actual Total Time": 17.389,"Actual Rows": 40000,"Actual Loops": 5,"Workers": []}]}]}]}]}]},"Planning Time": 4.062,"Triggers": [],"Execution Time": 213.027}]
[{"Plan": {"Node Type": "Aggregate","Strategy": "Plain","Partial Mode": "Finalize","Parallel Aware": false,"Async Capable": false,"Startup Cost": 113218.94,"Total Cost": 113218.95,"Plan Rows": 1,"Plan Width": 32,"Actual Startup Time": 194.649,"Actual Total Time": 213.032,"Actual Rows": 1,"Actual Loops": 1,"Plans": [{"Node Type": "Gather","Parent Relationship": "Outer","Parallel Aware": false,"Async Capable": false,"Startup Cost": 113218.48,"Total Cost": 113218.89,"Plan Rows": 4,"Plan Width": 64,"Actual Startup Time": 192.819,"Actual Total Time": 212.981,"Actual Rows": 5,"Actual Loops": 1,"Workers Planned": 4,"Workers Launched": 4,"Single Copy": false,"Plans": [{"Node Type": "Aggregate","Strategy": "Plain","Partial Mode": "Partial","Parent Relationship": "Outer","Parallel Aware": false,"Async Capable": false,"Startup Cost": 112218.48,"Total Cost": 112218.49,"Plan Rows": 1,"Plan Width": 64,"Actual Startup Time": 185.533,"Actual Total Time": 185.546,"Actual Rows": 1,"Actual Loops": 5,"Workers": [],"Plans": [{"Node Type": "Hash Join","Parent Relationship": "Outer","Parallel Aware": true,"Async Capable": false,"Join Type": "Inner","Startup Cost": 7801.26,"Total Cost": 111907.40,"Plan Rows": 17776,"Plan Width": 33,"Actual Startup Time": 62.701,"Actual Total Time": 179.658,"Actual Rows": 15037,"Actual Loops": 5,"Inner Unique": true,"Hash Cond": "(lineitem.l_partkey = part.p_partkey)","Workers": [],"Plans": [{"Node Type": "Bitmap Heap Scan","Parent Relationship": "Outer","Parallel Aware": true,"Async Capable": false,"Relation Name": "lineitem","Alias": "lineitem","Startup Cost": 1829.27,"Total Cost": 105888.74,"Plan Rows": 17776,"Plan Width": 16,"Actual Startup Time": 22.642,"Actual Total Time": 109.385,"Actual Rows": 15037,"Actual Loops": 5,"Recheck Cond": "((l_shipdate >= '1994-04-01'::date) AND (l_shipdate < '1994-05-01 00:00:00'::timestamp without time zone))","Rows Removed by Index Recheck": 0,"Exact Heap Blocks": 8227,"Lossy Heap Blocks": 0,"Workers": [],"Plans": [{"Node Type": "Bitmap Index Scan","Parent Relationship": "Outer","Parallel Aware": false,"Async Capable": false,"Index Name": "idx_lineitem_shipdate","Startup Cost": 0.00,"Total Cost": 1811.49,"Plan Rows": 71106,"Plan Width": 0,"Actual Startup Time": 16.363,"Actual Total Time": 16.364,"Actual Rows": 75186,"Actual Loops": 1,"Index Cond": "((l_shipdate >= '1994-04-01'::date) AND (l_shipdate < '1994-05-01 00:00:00'::timestamp without time zone))","Workers": []}]},{"Node Type": "Hash","Parent Relationship": "Inner","Parallel Aware": true,"Async Capable": false,"Startup Cost": 4930.33,"Total Cost": 4930.33,"Plan Rows": 83333,"Plan Width": 25,"Actual Startup Time": 39.333,"Actual Total Time": 39.338,"Actual Rows": 40000,"Actual Loops": 5,"Hash Buckets": 262144,"Original Hash Buckets": 262144,"Hash Batches": 1,"Original Hash Batches": 1,"Peak Memory Usage": 14208,"Workers": [],"Plans": [{"Node Type": "Seq Scan","Parent Relationship": "Outer","Parallel Aware": true,"Async Capable": false,"Relation Name": "part","Alias": "part","Startup Cost": 0.00,"Total Cost": 4930.33,"Plan Rows": 83333,"Plan Width": 25,"Actual Startup Time": 0.038,"Actual Total Time": 17.251,"Actual Rows": 40000,"Actual Loops": 5,"Workers": []}]}]}]}]}]},"Planning Time": 3.987,"Triggers": [],"Execution Time": 213.305}]
[{"Plan": {"Node Type": "Aggregate","Strategy": "Plain","Partial Mode": "Finalize","Parallel Aware": false,"Async Capable": false,"Startup Cost": 116932.31,"Total Cost": 116932.33,"Plan Rows": 1,"Plan Width": 32,"Actual Startup Time": 212.964,"Actual Total Time": 230.692,"Actual Rows": 1,"Actual Loops": 1,"Plans": [{"Node Type": "Gather","Parent Relationship": "Outer","Parallel Aware": false,"Async Capable": false,"Startup Cost": 116931.86,"Total Cost": 116932.27,"Plan Rows": 4,"Plan Width": 64,"Actual Startup Time": 211.225,"Actual Total Time": 230.642,"Actual Rows": 5,"Actual Loops": 1,"Workers Planned": 4,"Workers Launched": 4,"Single Copy": false,"Plans": [{"Node Type": "Aggregate","Strategy": "Plain","Partial Mode": "Partial","Parent Relationship": "Outer","Parallel Aware": false,"Async Capable": false,"Startup Cost": 115931.86,"Total Cost": 115931.87,"Plan Rows": 1,"Plan Width": 64,"Actual Startup Time": 203.156,"Actual Total Time": 203.165,"Actual Rows": 1,"Actual Loops": 5,"Workers": [],"Plans": [{"Node Type": "Hash Join","Parent Relationship": "Outer","Parallel Aware": true,"Async Capable": false,"Join Type": "Inner","Startup Cost": 7989.91,"Total Cost": 115588.05,"Plan Rows": 19646,"Plan Width": 33,"Actual Startup Time": 70.482,"Actual Total Time": 196.939,"Actual Rows": 15434,"Actual Loops": 5,"Inner Unique": true,"Hash Cond": "(lineitem.l_partkey = part.p_partkey)","Workers": [],"Plans": [{"Node Type": "Bitmap Heap Scan","Parent Relationship": "Outer","Parallel Aware": true,"Async Capable": false,"Relation Name": "lineitem","Alias": "lineitem","Startup Cost": 2017.92,"Total Cost": 109564.48,"Plan Rows": 19646,"Plan Width": 16,"Actual Startup Time": 29.789,"Actual Total Time": 125.687,"Actual Rows": 15434,"Actual Loops": 5,"Recheck Cond": "((l_shipdate >= '1995-07-01'::date) AND (l_shipdate < '1995-08-01 00:00:00'::timestamp without time zone))","Rows Removed by Index Recheck": 0,"Exact Heap Blocks": 7774,"Lossy Heap Blocks": 0,"Workers": [],"Plans": [{"Node Type": "Bitmap Index Scan","Parent Relationship": "Outer","Parallel Aware": false,"Async Capable": false,"Index Name": "idx_lineitem_shipdate","Startup Cost": 0.00,"Total Cost": 1998.27,"Plan Rows": 78584,"Plan Width": 0,"Actual Startup Time": 23.282,"Actual Total Time": 23.282,"Actual Rows": 77171,"Actual Loops": 1,"Index Cond": "((l_shipdate >= '1995-07-01'::date) AND (l_shipdate < '1995-08-01 00:00:00'::timestamp without time zone))","Workers": []}]},{"Node Type": "Hash","Parent Relationship": "Inner","Parallel Aware": true,"Async Capable": false,"Startup Cost": 4930.33,"Total Cost": 4930.33,"Plan Rows": 83333,"Plan Width": 25,"Actual Startup Time": 39.901,"Actual Total Time": 39.904,"Actual Rows": 40000,"Actual Loops": 5,"Hash Buckets": 262144,"Original Hash Buckets": 262144,"Hash Batches": 1,"Original Hash Batches": 1,"Peak Memory Usage": 14176,"Workers": [],"Plans": [{"Node Type": "Seq Scan","Parent Relationship": "Outer","Parallel Aware": true,"Async Capable": false,"Relation Name": "part","Alias": "part","Startup Cost": 0.00,"Total Cost": 4930.33,"Plan Rows": 83333,"Plan Width": 25,"Actual Startup Time": 0.037,"Actual Total Time": 17.375,"Actual Rows": 40000,"Actual Loops": 5,"Workers": []}]}]}]}]}]},"Planning Time": 3.883,"Triggers": [],"Execution Time": 230.949}]
[{"Plan": {"Node Type": "Aggregate","Strategy": "Plain","Partial Mode": "Finalize","Parallel Aware": false,"Async Capable": false,"Startup Cost": 117007.92,"Total Cost": 117007.93,"Plan Rows": 1,"Plan Width": 32,"Actual Startup Time": 189.829,"Actual Total Time": 206.980,"Actual Rows": 1,"Actual Loops": 1,"Plans": [{"Node Type": "Gather","Parent Relationship": "Outer","Parallel Aware": false,"Async Capable": false,"Startup Cost": 117007.46,"Total Cost": 117007.87,"Plan Rows": 4,"Plan Width": 64,"Actual Startup Time": 188.175,"Actual Total Time": 206.940,"Actual Rows": 5,"Actual Loops": 1,"Workers Planned": 4,"Workers Launched": 4,"Single Copy": false,"Plans": [{"Node Type": "Aggregate","Strategy": "Plain","Partial Mode": "Partial","Parent Relationship": "Outer","Parallel Aware": false,"Async Capable": false,"Startup Cost": 116007.46,"Total Cost": 116007.47,"Plan Rows": 1,"Plan Width": 64,"Actual Startup Time": 180.947,"Actual Total Time": 180.957,"Actual Rows": 1,"Actual Loops": 5,"Workers": [],"Plans": [{"Node Type": "Hash Join","Parent Relationship": "Outer","Parallel Aware": true,"Async Capable": false,"Join Type": "Inner","Startup Cost": 7995.60,"Total Cost": 115662.94,"Plan Rows": 19687,"Plan Width": 33,"Actual Startup Time": 58.068,"Actual Total Time": 174.672,"Actual Rows": 15581,"Actual Loops": 5,"Inner Unique": true,"Hash Cond": "(lineitem.l_partkey = part.p_partkey)","Workers": [],"Plans": [{"Node Type": "Bitmap Heap Scan","Parent Relationship": "Outer","Parallel Aware": true,"Async Capable": false,"Relation Name": "lineitem","Alias": "lineitem","Startup Cost": 2023.60,"Total Cost": 109639.26,"Plan Rows": 19687,"Plan Width": 16,"Actual Startup Time": 23.375,"Actual Total Time": 109.958,"Actual Rows": 15581,"Actual Loops": 5,"Recheck Cond": "((l_shipdate >= '1997-08-01'::date) AND (l_shipdate < '1997-09-01 00:00:00'::timestamp without time zone))","Rows Removed by Index Recheck": 0,"Exact Heap Blocks": 8451,"Lossy Heap Blocks": 0,"Workers": [],"Plans": [{"Node Type": "Bitmap Index Scan","Parent Relationship": "Outer","Parallel Aware": false,"Async Capable": false,"Index Name": "idx_lineitem_shipdate","Startup Cost": 0.00,"Total Cost": 2003.91,"Plan Rows": 78748,"Plan Width": 0,"Actual Startup Time": 16.902,"Actual Total Time": 16.905,"Actual Rows": 77905,"Actual Loops": 1,"Index Cond": "((l_shipdate >= '1997-08-01'::date) AND (l_shipdate < '1997-09-01 00:00:00'::timestamp without time zone))","Workers": []}]},{"Node Type": "Hash","Parent Relationship": "Inner","Parallel Aware": true,"Async Capable": false,"Startup Cost": 4930.33,"Total Cost": 4930.33,"Plan Rows": 83333,"Plan Width": 25,"Actual Startup Time": 33.961,"Actual Total Time": 33.964,"Actual Rows": 40000,"Actual Loops": 5,"Hash Buckets": 262144,"Original Hash Buckets": 262144,"Hash Batches": 1,"Original Hash Batches": 1,"Peak Memory Usage": 14208,"Workers": [],"Plans": [{"Node Type": "Seq Scan","Parent Relationship": "Outer","Parallel Aware": true,"Async Capable": false,"Relation Name": "part","Alias": "part","Startup Cost": 0.00,"Total Cost": 4930.33,"Plan Rows": 83333,"Plan Width": 25,"Actual Startup Time": 0.029,"Actual Total Time": 14.872,"Actual Rows": 40000,"Actual Loops": 5,"Workers": []}]}]}]}]}]},"Planning Time": 4.521,"Triggers": [],"Execution Time": 207.275}]
[{"Plan": {"Node Type": "Aggregate","Strategy": "Plain","Partial Mode": "Finalize","Parallel Aware": false,"Async Capable": false,"Startup Cost": 116302.88,"Total Cost": 116302.89,"Plan Rows": 1,"Plan Width": 32,"Actual Startup Time": 191.977,"Actual Total Time": 208.674,"Actual Rows": 1,"Actual Loops": 1,"Plans": [{"Node Type": "Gather","Parent Relationship": "Outer","Parallel Aware": false,"Async Capable": false,"Startup Cost": 116302.42,"Total Cost": 116302.83,"Plan Rows": 4,"Plan Width": 64,"Actual Startup Time": 190.628,"Actual Total Time": 208.617,"Actual Rows": 5,"Actual Loops": 1,"Workers Planned": 4,"Workers Launched": 4,"Single Copy": false,"Plans": [{"Node Type": "Aggregate","Strategy": "Plain","Partial Mode": "Partial","Parent Relationship": "Outer","Parallel Aware": false,"Async Capable": false,"Startup Cost": 115302.42,"Total Cost": 115302.43,"Plan Rows": 1,"Plan Width": 64,"Actual Startup Time": 183.305,"Actual Total Time": 183.316,"Actual Rows": 1,"Actual Loops": 5,"Workers": [],"Plans": [{"Node Type": "Hash Join","Parent Relationship": "Outer","Parallel Aware": true,"Async Capable": false,"Join Type": "Inner","Startup Cost": 7955.88,"Total Cost": 114964.60,"Plan Rows": 19304,"Plan Width": 33,"Actual Startup Time": 58.483,"Actual Total Time": 177.208,"Actual Rows": 15507,"Actual Loops": 5,"Inner Unique": true,"Hash Cond": "(lineitem.l_partkey = part.p_partkey)","Workers": [],"Plans": [{"Node Type": "Bitmap Heap Scan","Parent Relationship": "Outer","Parallel Aware": true,"Async Capable": false,"Relation Name": "lineitem","Alias": "lineitem","Startup Cost": 1983.89,"Total Cost": 108941.93,"Plan Rows": 19304,"Plan Width": 16,"Actual Startup Time": 22.385,"Actual Total Time": 111.734,"Actual Rows": 15507,"Actual Loops": 5,"Recheck Cond": "((l_shipdate >= '1997-03-01'::date) AND (l_shipdate < '1997-04-01 00:00:00'::timestamp without time zone))","Rows Removed by Index Recheck": 0,"Exact Heap Blocks": 8419,"Lossy Heap Blocks": 0,"Workers": [],"Plans": [{"Node Type": "Bitmap Index Scan","Parent Relationship": "Outer","Parallel Aware": false,"Async Capable": false,"Index Name": "idx_lineitem_shipdate","Startup Cost": 0.00,"Total Cost": 1964.58,"Plan Rows": 77215,"Plan Width": 0,"Actual Startup Time": 16.076,"Actual Total Time": 16.077,"Actual Rows": 77537,"Actual Loops": 1,"Index Cond": "((l_shipdate >= '1997-03-01'::date) AND (l_shipdate < '1997-04-01 00:00:00'::timestamp without time zone))","Workers": []}]},{"Node Type": "Hash","Parent Relationship": "Inner","Parallel Aware": true,"Async Capable": false,"Startup Cost": 4930.33,"Total Cost": 4930.33,"Plan Rows": 83333,"Plan Width": 25,"Actual Startup Time": 35.330,"Actual Total Time": 35.334,"Actual Rows": 40000,"Actual Loops": 5,"Hash Buckets": 262144,"Original Hash Buckets": 262144,"Hash Batches": 1,"Original Hash Batches": 1,"Peak Memory Usage": 14208,"Workers": [],"Plans": [{"Node Type": "Seq Scan","Parent Relationship": "Outer","Parallel Aware": true,"Async Capable": false,"Relation Name": "part","Alias": "part","Startup Cost": 0.00,"Total Cost": 4930.33,"Plan Rows": 83333,"Plan Width": 25,"Actual Startup Time": 0.035,"Actual Total Time": 15.361,"Actual Rows": 40000,"Actual Loops": 5,"Workers": []}]}]}]}]}]},"Planning Time": 4.026,"Triggers": [],"Execution Time": 208.949}]
[{"Plan": {"Node Type": "Aggregate","Strategy": "Plain","Partial Mode": "Finalize","Parallel Aware": false,"Async Capable": false,"Startup Cost": 113859.14,"Total Cost": 113859.15,"Plan Rows": 1,"Plan Width": 32,"Actual Startup Time": 183.004,"Actual Total Time": 200.909,"Actual Rows": 1,"Actual Loops": 1,"Plans": [{"Node Type": "Gather","Parent Relationship": "Outer","Parallel Aware": false,"Async Capable": false,"Startup Cost": 113858.68,"Total Cost": 113859.09,"Plan Rows": 4,"Plan Width": 64,"Actual Startup Time": 181.448,"Actual Total Time": 200.864,"Actual Rows": 5,"Actual Loops": 1,"Workers Planned": 4,"Workers Launched": 4,"Single Copy": false,"Plans": [{"Node Type": "Aggregate","Strategy": "Plain","Partial Mode": "Partial","Parent Relationship": "Outer","Parallel Aware": false,"Async Capable": false,"Startup Cost": 112858.68,"Total Cost": 112858.69,"Plan Rows": 1,"Plan Width": 64,"Actual Startup Time": 173.739,"Actual Total Time": 173.753,"Actual Rows": 1,"Actual Loops": 5,"Workers": [],"Plans": [{"Node Type": "Hash Join","Parent Relationship": "Outer","Parallel Aware": true,"Async Capable": false,"Join Type": "Inner","Startup Cost": 7829.57,"Total Cost": 112542.33,"Plan Rows": 18077,"Plan Width": 33,"Actual Startup Time": 58.239,"Actual Total Time": 167.706,"Actual Rows": 15488,"Actual Loops": 5,"Inner Unique": true,"Hash Cond": "(lineitem.l_partkey = part.p_partkey)","Workers": [],"Plans": [{"Node Type": "Bitmap Heap Scan","Parent Relationship": "Outer","Parallel Aware": true,"Async Capable": false,"Relation Name": "lineitem","Alias": "lineitem","Startup Cost": 1857.58,"Total Cost": 106522.88,"Plan Rows": 18077,"Plan Width": 16,"Actual Startup Time": 22.396,"Actual Total Time": 105.318,"Actual Rows": 15488,"Actual Loops": 5,"Recheck Cond": "((l_shipdate >= '1997-05-01'::date) AND (l_shipdate < '1997-06-01 00:00:00'::timestamp without time zone))","Rows Removed by Index Recheck": 0,"Exact Heap Blocks": 7623,"Lossy Heap Blocks": 0,"Workers": [],"Plans": [{"Node Type": "Bitmap Index Scan","Parent Relationship": "Outer","Parallel Aware": false,"Async Capable": false,"Index Name": "idx_lineitem_shipdate","Startup Cost": 0.00,"Total Cost": 1839.50,"Plan Rows": 72307,"Plan Width": 0,"Actual Startup Time": 16.147,"Actual Total Time": 16.149,"Actual Rows": 77438,"Actual Loops": 1,"Index Cond": "((l_shipdate >= '1997-05-01'::date) AND (l_shipdate < '1997-06-01 00:00:00'::timestamp without time zone))","Workers": []}]},{"Node Type": "Hash","Parent Relationship": "Inner","Parallel Aware": true,"Async Capable": false,"Startup Cost": 4930.33,"Total Cost": 4930.33,"Plan Rows": 83333,"Plan Width": 25,"Actual Startup Time": 35.023,"Actual Total Time": 35.029,"Actual Rows": 40000,"Actual Loops": 5,"Hash Buckets": 262144,"Original Hash Buckets": 262144,"Hash Batches": 1,"Original Hash Batches": 1,"Peak Memory Usage": 14240,"Workers": [],"Plans": [{"Node Type": "Seq Scan","Parent Relationship": "Outer","Parallel Aware": true,"Async Capable": false,"Relation Name": "part","Alias": "part","Startup Cost": 0.00,"Total Cost": 4930.33,"Plan Rows": 83333,"Plan Width": 25,"Actual Startup Time": 0.034,"Actual Total Time": 15.067,"Actual Rows": 40000,"Actual Loops": 5,"Workers": []}]}]}]}]}]},"Planning Time": 4.177,"Triggers": [],"Execution Time": 201.222}]
[{"Plan": {"Node Type": "Aggregate","Strategy": "Plain","Partial Mode": "Finalize","Parallel Aware": false,"Async Capable": false,"Startup Cost": 114902.36,"Total Cost": 114902.37,"Plan Rows": 1,"Plan Width": 32,"Actual Startup Time": 198.225,"Actual Total Time": 215.708,"Actual Rows": 1,"Actual Loops": 1,"Plans": [{"Node Type": "Gather","Parent Relationship": "Outer","Parallel Aware": false,"Async Capable": false,"Startup Cost": 114901.90,"Total Cost": 114902.31,"Plan Rows": 4,"Plan Width": 64,"Actual Startup Time": 196.886,"Actual Total Time": 215.657,"Actual Rows": 5,"Actual Loops": 1,"Workers Planned": 4,"Workers Launched": 4,"Single Copy": false,"Plans": [{"Node Type": "Aggregate","Strategy": "Plain","Partial Mode": "Partial","Parent Relationship": "Outer","Parallel Aware": false,"Async Capable": false,"Startup Cost": 113901.90,"Total Cost": 113901.91,"Plan Rows": 1,"Plan Width": 64,"Actual Startup Time": 188.997,"Actual Total Time": 189.007,"Actual Rows": 1,"Actual Loops": 5,"Workers": [],"Plans": [{"Node Type": "Hash Join","Parent Relationship": "Outer","Parallel Aware": true,"Async Capable": false,"Join Type": "Inner","Startup Cost": 7882.30,"Total Cost": 113576.71,"Plan Rows": 18582,"Plan Width": 33,"Actual Startup Time": 61.932,"Actual Total Time": 182.740,"Actual Rows": 15587,"Actual Loops": 5,"Inner Unique": true,"Hash Cond": "(lineitem.l_partkey = part.p_partkey)","Workers": [],"Plans": [{"Node Type": "Bitmap Heap Scan","Parent Relationship": "Outer","Parallel Aware": true,"Async Capable": false,"Relation Name": "lineitem","Alias": "lineitem","Startup Cost": 1910.30,"Total Cost": 107555.94,"Plan Rows": 18582,"Plan Width": 16,"Actual Startup Time": 22.647,"Actual Total Time": 112.380,"Actual Rows": 15587,"Actual Loops": 5,"Recheck Cond": "((l_shipdate >= '1996-12-01'::date) AND (l_shipdate < '1997-01-01 00:00:00'::timestamp without time zone))","Rows Removed by Index Recheck": 0,"Exact Heap Blocks": 7656,"Lossy Heap Blocks": 0,"Workers": [],"Plans": [{"Node Type": "Bitmap Index Scan","Parent Relationship": "Outer","Parallel Aware": false,"Async Capable": false,"Index Name": "idx_lineitem_shipdate","Startup Cost": 0.00,"Total Cost": 1891.72,"Plan Rows": 74329,"Plan Width": 0,"Actual Startup Time": 16.250,"Actual Total Time": 16.252,"Actual Rows": 77933,"Actual Loops": 1,"Index Cond": "((l_shipdate >= '1996-12-01'::date) AND (l_shipdate < '1997-01-01 00:00:00'::timestamp without time zone))","Workers": []}]},{"Node Type": "Hash","Parent Relationship": "Inner","Parallel Aware": true,"Async Capable": false,"Startup Cost": 4930.33,"Total Cost": 4930.33,"Plan Rows": 83333,"Plan Width": 25,"Actual Startup Time": 38.467,"Actual Total Time": 38.471,"Actual Rows": 40000,"Actual Loops": 5,"Hash Buckets": 262144,"Original Hash Buckets": 262144,"Hash Batches": 1,"Original Hash Batches": 1,"Peak Memory Usage": 14208,"Workers": [],"Plans": [{"Node Type": "Seq Scan","Parent Relationship": "Outer","Parallel Aware": true,"Async Capable": false,"Relation Name": "part","Alias": "part","Startup Cost": 0.00,"Total Cost": 4930.33,"Plan Rows": 83333,"Plan Width": 25,"Actual Startup Time": 0.033,"Actual Total Time": 18.148,"Actual Rows": 40000,"Actual Loops": 5,"Workers": []}]}]}]}]}]},"Planning Time": 4.024,"Triggers": [],"Execution Time": 215.988}]
[{"Plan": {"Node Type": "Aggregate","Strategy": "Plain","Partial Mode": "Finalize","Parallel Aware": false,"Async Capable": false,"Startup Cost": 117419.23,"Total Cost": 117419.25,"Plan Rows": 1,"Plan Width": 32,"Actual Startup Time": 192.159,"Actual Total Time": 209.787,"Actual Rows": 1,"Actual Loops": 1,"Plans": [{"Node Type": "Gather","Parent Relationship": "Outer","Parallel Aware": false,"Async Capable": false,"Startup Cost": 117418.78,"Total Cost": 117419.19,"Plan Rows": 4,"Plan Width": 64,"Actual Startup Time": 190.855,"Actual Total Time": 209.738,"Actual Rows": 5,"Actual Loops": 1,"Workers Planned": 4,"Workers Launched": 4,"Single Copy": false,"Plans": [{"Node Type": "Aggregate","Strategy": "Plain","Partial Mode": "Partial","Parent Relationship": "Outer","Parallel Aware": false,"Async Capable": false,"Startup Cost": 116418.78,"Total Cost": 116418.79,"Plan Rows": 1,"Plan Width": 64,"Actual Startup Time": 183.596,"Actual Total Time": 183.611,"Actual Rows": 1,"Actual Loops": 5,"Workers": [],"Plans": [{"Node Type": "Hash Join","Parent Relationship": "Outer","Parallel Aware": true,"Async Capable": false,"Join Type": "Inner","Startup Cost": 8020.99,"Total Cost": 116070.24,"Plan Rows": 19916,"Plan Width": 33,"Actual Startup Time": 59.000,"Actual Total Time": 177.551,"Actual Rows": 15008,"Actual Loops": 5,"Inner Unique": true,"Hash Cond": "(lineitem.l_partkey = part.p_partkey)","Workers": [],"Plans": [{"Node Type": "Bitmap Heap Scan","Parent Relationship": "Outer","Parallel Aware": true,"Async Capable": false,"Relation Name": "lineitem","Alias": "lineitem","Startup Cost": 2049.00,"Total Cost": 110045.97,"Plan Rows": 19916,"Plan Width": 16,"Actual Startup Time": 22.150,"Actual Total Time": 110.721,"Actual Rows": 15008,"Actual Loops": 5,"Recheck Cond": "((l_shipdate >= '1997-06-01'::date) AND (l_shipdate < '1997-07-01 00:00:00'::timestamp without time zone))","Rows Removed by Index Recheck": 0,"Exact Heap Blocks": 7617,"Lossy Heap Blocks": 0,"Workers": [],"Plans": [{"Node Type": "Bitmap Index Scan","Parent Relationship": "Outer","Parallel Aware": false,"Async Capable": false,"Index Name": "idx_lineitem_shipdate","Startup Cost": 0.00,"Total Cost": 2029.08,"Plan Rows": 79665,"Plan Width": 0,"Actual Startup Time": 15.961,"Actual Total Time": 15.966,"Actual Rows": 75039,"Actual Loops": 1,"Index Cond": "((l_shipdate >= '1997-06-01'::date) AND (l_shipdate < '1997-07-01 00:00:00'::timestamp without time zone))","Workers": []}]},{"Node Type": "Hash","Parent Relationship": "Inner","Parallel Aware": true,"Async Capable": false,"Startup Cost": 4930.33,"Total Cost": 4930.33,"Plan Rows": 83333,"Plan Width": 25,"Actual Startup Time": 36.138,"Actual Total Time": 36.144,"Actual Rows": 40000,"Actual Loops": 5,"Hash Buckets": 262144,"Original Hash Buckets": 262144,"Hash Batches": 1,"Original Hash Batches": 1,"Peak Memory Usage": 14176,"Workers": [],"Plans": [{"Node Type": "Seq Scan","Parent Relationship": "Outer","Parallel Aware": true,"Async Capable": false,"Relation Name": "part","Alias": "part","Startup Cost": 0.00,"Total Cost": 4930.33,"Plan Rows": 83333,"Plan Width": 25,"Actual Startup Time": 0.040,"Actual Total Time": 15.692,"Actual Rows": 40000,"Actual Loops": 5,"Workers": []}]}]}]}]}]},"Planning Time": 5.388,"Triggers": [],"Execution Time": 210.069}]
[{"Plan": {"Node Type": "Aggregate","Strategy": "Plain","Partial Mode": "Finalize","Parallel Aware": false,"Async Capable": false,"Startup Cost": 113833.15,"Total Cost": 113833.17,"Plan Rows": 1,"Plan Width": 32,"Actual Startup Time": 217.072,"Actual Total Time": 234.403,"Actual Rows": 1,"Actual Loops": 1,"Plans": [{"Node Type": "Gather","Parent Relationship": "Outer","Parallel Aware": false,"Async Capable": false,"Startup Cost": 113832.70,"Total Cost": 113833.11,"Plan Rows": 4,"Plan Width": 64,"Actual Startup Time": 215.182,"Actual Total Time": 234.357,"Actual Rows": 5,"Actual Loops": 1,"Workers Planned": 4,"Workers Launched": 4,"Single Copy": false,"Plans": [{"Node Type": "Aggregate","Strategy": "Plain","Partial Mode": "Partial","Parent Relationship": "Outer","Parallel Aware": false,"Async Capable": false,"Startup Cost": 112832.70,"Total Cost": 112832.71,"Plan Rows": 1,"Plan Width": 64,"Actual Startup Time": 207.633,"Actual Total Time": 207.644,"Actual Rows": 1,"Actual Loops": 5,"Workers": [],"Plans": [{"Node Type": "Hash Join","Parent Relationship": "Outer","Parallel Aware": true,"Async Capable": false,"Join Type": "Inner","Startup Cost": 7829.04,"Total Cost": 112516.57,"Plan Rows": 18064,"Plan Width": 33,"Actual Startup Time": 75.166,"Actual Total Time": 201.465,"Actual Rows": 14988,"Actual Loops": 5,"Inner Unique": true,"Hash Cond": "(lineitem.l_partkey = part.p_partkey)","Workers": [],"Plans": [{"Node Type": "Bitmap Heap Scan","Parent Relationship": "Outer","Parallel Aware": true,"Async Capable": false,"Relation Name": "lineitem","Alias": "lineitem","Startup Cost": 1857.05,"Total Cost": 106497.16,"Plan Rows": 18064,"Plan Width": 16,"Actual Startup Time": 33.693,"Actual Total Time": 130.254,"Actual Rows": 14988,"Actual Loops": 5,"Recheck Cond": "((l_shipdate >= '1993-09-01'::date) AND (l_shipdate < '1993-10-01 00:00:00'::timestamp without time zone))","Rows Removed by Index Recheck": 0,"Exact Heap Blocks": 8910,"Lossy Heap Blocks": 0,"Workers": [],"Plans": [{"Node Type": "Bitmap Index Scan","Parent Relationship": "Outer","Parallel Aware": false,"Async Capable": false,"Index Name": "idx_lineitem_shipdate","Startup Cost": 0.00,"Total Cost": 1838.98,"Plan Rows": 72255,"Plan Width": 0,"Actual Startup Time": 27.000,"Actual Total Time": 27.001,"Actual Rows": 74938,"Actual Loops": 1,"Index Cond": "((l_shipdate >= '1993-09-01'::date) AND (l_shipdate < '1993-10-01 00:00:00'::timestamp without time zone))","Workers": []}]},{"Node Type": "Hash","Parent Relationship": "Inner","Parallel Aware": true,"Async Capable": false,"Startup Cost": 4930.33,"Total Cost": 4930.33,"Plan Rows": 83333,"Plan Width": 25,"Actual Startup Time": 40.733,"Actual Total Time": 40.736,"Actual Rows": 40000,"Actual Loops": 5,"Hash Buckets": 262144,"Original Hash Buckets": 262144,"Hash Batches": 1,"Original Hash Batches": 1,"Peak Memory Usage": 14208,"Workers": [],"Plans": [{"Node Type": "Seq Scan","Parent Relationship": "Outer","Parallel Aware": true,"Async Capable": false,"Relation Name": "part","Alias": "part","Startup Cost": 0.00,"Total Cost": 4930.33,"Plan Rows": 83333,"Plan Width": 25,"Actual Startup Time": 0.041,"Actual Total Time": 18.555,"Actual Rows": 40000,"Actual Loops": 5,"Workers": []}]}]}]}]}]},"Planning Time": 4.126,"Triggers": [],"Execution Time": 234.679}]
[{"Plan": {"Node Type": "Aggregate","Strategy": "Plain","Partial Mode": "Finalize","Parallel Aware": false,"Async Capable": false,"Startup Cost": 115568.92,"Total Cost": 115568.93,"Plan Rows": 1,"Plan Width": 32,"Actual Startup Time": 198.211,"Actual Total Time": 214.313,"Actual Rows": 1,"Actual Loops": 1,"Plans": [{"Node Type": "Gather","Parent Relationship": "Outer","Parallel Aware": false,"Async Capable": false,"Startup Cost": 115568.46,"Total Cost": 115568.87,"Plan Rows": 4,"Plan Width": 64,"Actual Startup Time": 196.556,"Actual Total Time": 214.277,"Actual Rows": 5,"Actual Loops": 1,"Workers Planned": 4,"Workers Launched": 4,"Single Copy": false,"Plans": [{"Node Type": "Aggregate","Strategy": "Plain","Partial Mode": "Partial","Parent Relationship": "Outer","Parallel Aware": false,"Async Capable": false,"Startup Cost": 114568.46,"Total Cost": 114568.47,"Plan Rows": 1,"Plan Width": 64,"Actual Startup Time": 188.912,"Actual Total Time": 188.920,"Actual Rows": 1,"Actual Loops": 5,"Workers": [],"Plans": [{"Node Type": "Hash Join","Parent Relationship": "Outer","Parallel Aware": true,"Async Capable": false,"Join Type": "Inner","Startup Cost": 7916.14,"Total Cost": 114237.36,"Plan Rows": 18920,"Plan Width": 33,"Actual Startup Time": 68.543,"Actual Total Time": 183.128,"Actual Rows": 14828,"Actual Loops": 5,"Inner Unique": true,"Hash Cond": "(lineitem.l_partkey = part.p_partkey)","Workers": [],"Plans": [{"Node Type": "Bitmap Heap Scan","Parent Relationship": "Outer","Parallel Aware": true,"Async Capable": false,"Relation Name": "lineitem","Alias": "lineitem","Startup Cost": 1944.14,"Total Cost": 108215.70,"Plan Rows": 18920,"Plan Width": 16,"Actual Startup Time": 28.406,"Actual Total Time": 116.686,"Actual Rows": 14828,"Actual Loops": 5,"Recheck Cond": "((l_shipdate >= '1993-06-01'::date) AND (l_shipdate < '1993-07-01 00:00:00'::timestamp without time zone))","Rows Removed by Index Recheck": 0,"Exact Heap Blocks": 8209,"Lossy Heap Blocks": 0,"Workers": [],"Plans": [{"Node Type": "Bitmap Index Scan","Parent Relationship": "Outer","Parallel Aware": false,"Async Capable": false,"Index Name": "idx_lineitem_shipdate","Startup Cost": 0.00,"Total Cost": 1925.22,"Plan Rows": 75679,"Plan Width": 0,"Actual Startup Time": 21.967,"Actual Total Time": 21.969,"Actual Rows": 74139,"Actual Loops": 1,"Index Cond": "((l_shipdate >= '1993-06-01'::date) AND (l_shipdate < '1993-07-01 00:00:00'::timestamp without time zone))","Workers": []}]},{"Node Type": "Hash","Parent Relationship": "Inner","Parallel Aware": true,"Async Capable": false,"Startup Cost": 4930.33,"Total Cost": 4930.33,"Plan Rows": 83333,"Plan Width": 25,"Actual Startup Time": 39.291,"Actual Total Time": 39.293,"Actual Rows": 40000,"Actual Loops": 5,"Hash Buckets": 262144,"Original Hash Buckets": 262144,"Hash Batches": 1,"Original Hash Batches": 1,"Peak Memory Usage": 14240,"Workers": [],"Plans": [{"Node Type": "Seq Scan","Parent Relationship": "Outer","Parallel Aware": true,"Async Capable": false,"Relation Name": "part","Alias": "part","Startup Cost": 0.00,"Total Cost": 4930.33,"Plan Rows": 83333,"Plan Width": 25,"Actual Startup Time": 0.029,"Actual Total Time": 17.919,"Actual Rows": 40000,"Actual Loops": 5,"Workers": []}]}]}]}]}]},"Planning Time": 4.579,"Triggers": [],"Execution Time": 214.598}]
[{"Plan": {"Node Type": "Aggregate","Strategy": "Plain","Partial Mode": "Finalize","Parallel Aware": false,"Async Capable": false,"Startup Cost": 117449.67,"Total Cost": 117449.68,"Plan Rows": 1,"Plan Width": 32,"Actual Startup Time": 209.461,"Actual Total Time": 224.908,"Actual Rows": 1,"Actual Loops": 1,"Plans": [{"Node Type": "Gather","Parent Relationship": "Outer","Parallel Aware": false,"Async Capable": false,"Startup Cost": 117449.21,"Total Cost": 117449.62,"Plan Rows": 4,"Plan Width": 64,"Actual Startup Time": 207.968,"Actual Total Time": 224.878,"Actual Rows": 5,"Actual Loops": 1,"Workers Planned": 4,"Workers Launched": 4,"Single Copy": false,"Plans": [{"Node Type": "Aggregate","Strategy": "Plain","Partial Mode": "Partial","Parent Relationship": "Outer","Parallel Aware": false,"Async Capable": false,"Startup Cost": 116449.21,"Total Cost": 116449.22,"Plan Rows": 1,"Plan Width": 64,"Actual Startup Time": 200.716,"Actual Total Time": 200.726,"Actual Rows": 1,"Actual Loops": 5,"Workers": [],"Plans": [{"Node Type": "Hash Join","Parent Relationship": "Outer","Parallel Aware": true,"Async Capable": false,"Join Type": "Inner","Startup Cost": 8021.73,"Total Cost": 116100.36,"Plan Rows": 19934,"Plan Width": 33,"Actual Startup Time": 69.344,"Actual Total Time": 194.621,"Actual Rows": 15439,"Actual Loops": 5,"Inner Unique": true,"Hash Cond": "(lineitem.l_partkey = part.p_partkey)","Workers": [],"Plans": [{"Node Type": "Bitmap Heap Scan","Parent Relationship": "Outer","Parallel Aware": true,"Async Capable": false,"Relation Name": "lineitem","Alias": "lineitem","Startup Cost": 2049.74,"Total Cost": 110076.04,"Plan Rows": 19934,"Plan Width": 16,"Actual Startup Time": 28.893,"Actual Total Time": 124.591,"Actual Rows": 15439,"Actual Loops": 5,"Recheck Cond": "((l_shipdate >= '1993-08-01'::date) AND (l_shipdate < '1993-09-01 00:00:00'::timestamp without time zone))","Rows Removed by Index Recheck": 0,"Exact Heap Blocks": 7741,"Lossy Heap Blocks": 0,"Workers": [],"Plans": [{"Node Type": "Bitmap Index Scan","Parent Relationship": "Outer","Parallel Aware": false,"Async Capable": false,"Index Name": "idx_lineitem_shipdate","Startup Cost": 0.00,"Total Cost": 2029.80,"Plan Rows": 79737,"Plan Width": 0,"Actual Startup Time": 22.408,"Actual Total Time": 22.411,"Actual Rows": 77197,"Actual Loops": 1,"Index Cond": "((l_shipdate >= '1993-08-01'::date) AND (l_shipdate < '1993-09-01 00:00:00'::timestamp without time zone))","Workers": []}]},{"Node Type": "Hash","Parent Relationship": "Inner","Parallel Aware": true,"Async Capable": false,"Startup Cost": 4930.33,"Total Cost": 4930.33,"Plan Rows": 83333,"Plan Width": 25,"Actual Startup Time": 39.731,"Actual Total Time": 39.735,"Actual Rows": 40000,"Actual Loops": 5,"Hash Buckets": 262144,"Original Hash Buckets": 262144,"Hash Batches": 1,"Original Hash Batches": 1,"Peak Memory Usage": 14176,"Workers": [],"Plans": [{"Node Type": "Seq Scan","Parent Relationship": "Outer","Parallel Aware": true,"Async Capable": false,"Relation Name": "part","Alias": "part","Startup Cost": 0.00,"Total Cost": 4930.33,"Plan Rows": 83333,"Plan Width": 25,"Actual Startup Time": 0.044,"Actual Total Time": 17.039,"Actual Rows": 40000,"Actual Loops": 5,"Workers": []}]}]}]}]}]},"Planning Time": 4.803,"Triggers": [],"Execution Time": 225.176}]
[{"Plan": {"Node Type": "Aggregate","Strategy": "Plain","Partial Mode": "Finalize","Parallel Aware": false,"Async Capable": false,"Startup Cost": 117449.67,"Total Cost": 117449.68,"Plan Rows": 1,"Plan Width": 32,"Actual Startup Time": 199.712,"Actual Total Time": 217.714,"Actual Rows": 1,"Actual Loops": 1,"Plans": [{"Node Type": "Gather","Parent Relationship": "Outer","Parallel Aware": false,"Async Capable": false,"Startup Cost": 117449.21,"Total Cost": 117449.62,"Plan Rows": 4,"Plan Width": 64,"Actual Startup Time": 198.396,"Actual Total Time": 217.675,"Actual Rows": 5,"Actual Loops": 1,"Workers Planned": 4,"Workers Launched": 4,"Single Copy": false,"Plans": [{"Node Type": "Aggregate","Strategy": "Plain","Partial Mode": "Partial","Parent Relationship": "Outer","Parallel Aware": false,"Async Capable": false,"Startup Cost": 116449.21,"Total Cost": 116449.22,"Plan Rows": 1,"Plan Width": 64,"Actual Startup Time": 190.883,"Actual Total Time": 190.895,"Actual Rows": 1,"Actual Loops": 5,"Workers": [],"Plans": [{"Node Type": "Hash Join","Parent Relationship": "Outer","Parallel Aware": true,"Async Capable": false,"Join Type": "Inner","Startup Cost": 8021.73,"Total Cost": 116100.36,"Plan Rows": 19934,"Plan Width": 33,"Actual Startup Time": 64.708,"Actual Total Time": 184.712,"Actual Rows": 15580,"Actual Loops": 5,"Inner Unique": true,"Hash Cond": "(lineitem.l_partkey = part.p_partkey)","Workers": [],"Plans": [{"Node Type": "Bitmap Heap Scan","Parent Relationship": "Outer","Parallel Aware": true,"Async Capable": false,"Relation Name": "lineitem","Alias": "lineitem","Startup Cost": 2049.74,"Total Cost": 110076.04,"Plan Rows": 19934,"Plan Width": 16,"Actual Startup Time": 23.730,"Actual Total Time": 112.410,"Actual Rows": 15580,"Actual Loops": 5,"Recheck Cond": "((l_shipdate >= '1995-05-01'::date) AND (l_shipdate < '1995-06-01 00:00:00'::timestamp without time zone))","Rows Removed by Index Recheck": 0,"Exact Heap Blocks": 8270,"Lossy Heap Blocks": 0,"Workers": [],"Plans": [{"Node Type": "Bitmap Index Scan","Parent Relationship": "Outer","Parallel Aware": false,"Async Capable": false,"Index Name": "idx_lineitem_shipdate","Startup Cost": 0.00,"Total Cost": 2029.80,"Plan Rows": 79737,"Plan Width": 0,"Actual Startup Time": 17.296,"Actual Total Time": 17.299,"Actual Rows": 77900,"Actual Loops": 1,"Index Cond": "((l_shipdate >= '1995-05-01'::date) AND (l_shipdate < '1995-06-01 00:00:00'::timestamp without time zone))","Workers": []}]},{"Node Type": "Hash","Parent Relationship": "Inner","Parallel Aware": true,"Async Capable": false,"Startup Cost": 4930.33,"Total Cost": 4930.33,"Plan Rows": 83333,"Plan Width": 25,"Actual Startup Time": 40.148,"Actual Total Time": 40.152,"Actual Rows": 40000,"Actual Loops": 5,"Hash Buckets": 262144,"Original Hash Buckets": 262144,"Hash Batches": 1,"Original Hash Batches": 1,"Peak Memory Usage": 14208,"Workers": [],"Plans": [{"Node Type": "Seq Scan","Parent Relationship": "Outer","Parallel Aware": true,"Async Capable": false,"Relation Name": "part","Alias": "part","Startup Cost": 0.00,"Total Cost": 4930.33,"Plan Rows": 83333,"Plan Width": 25,"Actual Startup Time": 0.047,"Actual Total Time": 17.621,"Actual Rows": 40000,"Actual Loops": 5,"Workers": []}]}]}]}]}]},"Planning Time": 3.884,"Triggers": [],"Execution Time": 217.976}]
[{"Plan": {"Node Type": "Aggregate","Strategy": "Plain","Partial Mode": "Finalize","Parallel Aware": false,"Async Capable": false,"Startup Cost": 113646.78,"Total Cost": 113646.79,"Plan Rows": 1,"Plan Width": 32,"Actual Startup Time": 193.479,"Actual Total Time": 211.551,"Actual Rows": 1,"Actual Loops": 1,"Plans": [{"Node Type": "Gather","Parent Relationship": "Outer","Parallel Aware": false,"Async Capable": false,"Startup Cost": 113646.32,"Total Cost": 113646.73,"Plan Rows": 4,"Plan Width": 64,"Actual Startup Time": 191.636,"Actual Total Time": 211.507,"Actual Rows": 5,"Actual Loops": 1,"Workers Planned": 4,"Workers Launched": 4,"Single Copy": false,"Plans": [{"Node Type": "Aggregate","Strategy": "Plain","Partial Mode": "Partial","Parent Relationship": "Outer","Parallel Aware": false,"Async Capable": false,"Startup Cost": 112646.32,"Total Cost": 112646.33,"Plan Rows": 1,"Plan Width": 64,"Actual Startup Time": 184.663,"Actual Total Time": 184.673,"Actual Rows": 1,"Actual Loops": 5,"Workers": [],"Plans": [{"Node Type": "Hash Join","Parent Relationship": "Outer","Parallel Aware": true,"Async Capable": false,"Join Type": "Inner","Startup Cost": 7821.42,"Total Cost": 112331.74,"Plan Rows": 17976,"Plan Width": 33,"Actual Startup Time": 63.095,"Actual Total Time": 178.751,"Actual Rows": 15412,"Actual Loops": 5,"Inner Unique": true,"Hash Cond": "(lineitem.l_partkey = part.p_partkey)","Workers": [],"Plans": [{"Node Type": "Bitmap Heap Scan","Parent Relationship": "Outer","Parallel Aware": true,"Async Capable": false,"Relation Name": "lineitem","Alias": "lineitem","Startup Cost": 1849.43,"Total Cost": 106312.56,"Plan Rows": 17976,"Plan Width": 16,"Actual Startup Time": 23.121,"Actual Total Time": 106.921,"Actual Rows": 15412,"Actual Loops": 5,"Recheck Cond": "((l_shipdate >= '1996-05-01'::date) AND (l_shipdate < '1996-06-01 00:00:00'::timestamp without time zone))","Rows Removed by Index Recheck": 0,"Exact Heap Blocks": 8126,"Lossy Heap Blocks": 0,"Workers": [],"Plans": [{"Node Type": "Bitmap Index Scan","Parent Relationship": "Outer","Parallel Aware": false,"Async Capable": false,"Index Name": "idx_lineitem_shipdate","Startup Cost": 0.00,"Total Cost": 1831.45,"Plan Rows": 71902,"Plan Width": 0,"Actual Startup Time": 16.762,"Actual Total Time": 16.763,"Actual Rows": 77062,"Actual Loops": 1,"Index Cond": "((l_shipdate >= '1996-05-01'::date) AND (l_shipdate < '1996-06-01 00:00:00'::timestamp without time zone))","Workers": []}]},{"Node Type": "Hash","Parent Relationship": "Inner","Parallel Aware": true,"Async Capable": false,"Startup Cost": 4930.33,"Total Cost": 4930.33,"Plan Rows": 83333,"Plan Width": 25,"Actual Startup Time": 39.312,"Actual Total Time": 39.315,"Actual Rows": 40000,"Actual Loops": 5,"Hash Buckets": 262144,"Original Hash Buckets": 262144,"Hash Batches": 1,"Original Hash Batches": 1,"Peak Memory Usage": 14208,"Workers": [],"Plans": [{"Node Type": "Seq Scan","Parent Relationship": "Outer","Parallel Aware": true,"Async Capable": false,"Relation Name": "part","Alias": "part","Startup Cost": 0.00,"Total Cost": 4930.33,"Plan Rows": 83333,"Plan Width": 25,"Actual Startup Time": 0.033,"Actual Total Time": 17.021,"Actual Rows": 40000,"Actual Loops": 5,"Workers": []}]}]}]}]}]},"Planning Time": 5.257,"Triggers": [],"Execution Time": 211.778}]
[{"Plan": {"Node Type": "Aggregate","Strategy": "Plain","Partial Mode": "Finalize","Parallel Aware": false,"Async Capable": false,"Startup Cost": 116629.22,"Total Cost": 116629.23,"Plan Rows": 1,"Plan Width": 32,"Actual Startup Time": 211.951,"Actual Total Time": 230.155,"Actual Rows": 1,"Actual Loops": 1,"Plans": [{"Node Type": "Gather","Parent Relationship": "Outer","Parallel Aware": false,"Async Capable": false,"Startup Cost": 116628.76,"Total Cost": 116629.17,"Plan Rows": 4,"Plan Width": 64,"Actual Startup Time": 210.527,"Actual Total Time": 230.112,"Actual Rows": 5,"Actual Loops": 1,"Workers Planned": 4,"Workers Launched": 4,"Single Copy": false,"Plans": [{"Node Type": "Aggregate","Strategy": "Plain","Partial Mode": "Partial","Parent Relationship": "Outer","Parallel Aware": false,"Async Capable": false,"Startup Cost": 115628.76,"Total Cost": 115628.77,"Plan Rows": 1,"Plan Width": 64,"Actual Startup Time": 201.998,"Actual Total Time": 202.008,"Actual Rows": 1,"Actual Loops": 5,"Workers": [],"Plans": [{"Node Type": "Hash Join","Parent Relationship": "Outer","Parallel Aware": true,"Async Capable": false,"Join Type": "Inner","Startup Cost": 7975.06,"Total Cost": 115287.88,"Plan Rows": 19479,"Plan Width": 33,"Actual Startup Time": 66.909,"Actual Total Time": 195.709,"Actual Rows": 15375,"Actual Loops": 5,"Inner Unique": true,"Hash Cond": "(lineitem.l_partkey = part.p_partkey)","Workers": [],"Plans": [{"Node Type": "Bitmap Heap Scan","Parent Relationship": "Outer","Parallel Aware": true,"Async Capable": false,"Relation Name": "lineitem","Alias": "lineitem","Startup Cost": 2003.06,"Total Cost": 109264.75,"Plan Rows": 19479,"Plan Width": 16,"Actual Startup Time": 28.964,"Actual Total Time": 127.382,"Actual Rows": 15375,"Actual Loops": 5,"Recheck Cond": "((l_shipdate >= '1994-12-01'::date) AND (l_shipdate < '1995-01-01 00:00:00'::timestamp without time zone))","Rows Removed by Index Recheck": 0,"Exact Heap Blocks": 7845,"Lossy Heap Blocks": 0,"Workers": [],"Plans": [{"Node Type": "Bitmap Index Scan","Parent Relationship": "Outer","Parallel Aware": false,"Async Capable": false,"Index Name": "idx_lineitem_shipdate","Startup Cost": 0.00,"Total Cost": 1983.58,"Plan Rows": 77915,"Plan Width": 0,"Actual Startup Time": 22.476,"Actual Total Time": 22.478,"Actual Rows": 76873,"Actual Loops": 1,"Index Cond": "((l_shipdate >= '1994-12-01'::date) AND (l_shipdate < '1995-01-01 00:00:00'::timestamp without time zone))","Workers": []}]},{"Node Type": "Hash","Parent Relationship": "Inner","Parallel Aware": true,"Async Capable": false,"Startup Cost": 4930.33,"Total Cost": 4930.33,"Plan Rows": 83333,"Plan Width": 25,"Actual Startup Time": 37.213,"Actual Total Time": 37.217,"Actual Rows": 40000,"Actual Loops": 5,"Hash Buckets": 262144,"Original Hash Buckets": 262144,"Hash Batches": 1,"Original Hash Batches": 1,"Peak Memory Usage": 14176,"Workers": [],"Plans": [{"Node Type": "Seq Scan","Parent Relationship": "Outer","Parallel Aware": true,"Async Capable": false,"Relation Name": "part","Alias": "part","Startup Cost": 0.00,"Total Cost": 4930.33,"Plan Rows": 83333,"Plan Width": 25,"Actual Startup Time": 0.032,"Actual Total Time": 16.535,"Actual Rows": 40000,"Actual Loops": 5,"Workers": []}]}]}]}]}]},"Planning Time": 5.450,"Triggers": [],"Execution Time": 230.533}]
[{"Plan": {"Node Type": "Aggregate","Strategy": "Plain","Partial Mode": "Finalize","Parallel Aware": false,"Async Capable": false,"Startup Cost": 116135.64,"Total Cost": 116135.65,"Plan Rows": 1,"Plan Width": 32,"Actual Startup Time": 195.995,"Actual Total Time": 214.059,"Actual Rows": 1,"Actual Loops": 1,"Plans": [{"Node Type": "Gather","Parent Relationship": "Outer","Parallel Aware": false,"Async Capable": false,"Startup Cost": 116135.18,"Total Cost": 116135.59,"Plan Rows": 4,"Plan Width": 64,"Actual Startup Time": 194.581,"Actual Total Time": 214.025,"Actual Rows": 5,"Actual Loops": 1,"Workers Planned": 4,"Workers Launched": 4,"Single Copy": false,"Plans": [{"Node Type": "Aggregate","Strategy": "Plain","Partial Mode": "Partial","Parent Relationship": "Outer","Parallel Aware": false,"Async Capable": false,"Startup Cost": 115135.18,"Total Cost": 115135.19,"Plan Rows": 1,"Plan Width": 64,"Actual Startup Time": 187.052,"Actual Total Time": 187.062,"Actual Rows": 1,"Actual Loops": 5,"Workers": [],"Plans": [{"Node Type": "Hash Join","Parent Relationship": "Outer","Parallel Aware": true,"Async Capable": false,"Join Type": "Inner","Startup Cost": 7948.21,"Total Cost": 114798.93,"Plan Rows": 19214,"Plan Width": 33,"Actual Startup Time": 59.823,"Actual Total Time": 180.842,"Actual Rows": 15427,"Actual Loops": 5,"Inner Unique": true,"Hash Cond": "(lineitem.l_partkey = part.p_partkey)","Workers": [],"Plans": [{"Node Type": "Bitmap Heap Scan","Parent Relationship": "Outer","Parallel Aware": true,"Async Capable": false,"Relation Name": "lineitem","Alias": "lineitem","Startup Cost": 1976.22,"Total Cost": 108776.50,"Plan Rows": 19214,"Plan Width": 16,"Actual Startup Time": 22.994,"Actual Total Time": 113.362,"Actual Rows": 15427,"Actual Loops": 5,"Recheck Cond": "((l_shipdate >= '1996-01-01'::date) AND (l_shipdate < '1996-02-01 00:00:00'::timestamp without time zone))","Rows Removed by Index Recheck": 0,"Exact Heap Blocks": 7617,"Lossy Heap Blocks": 0,"Workers": [],"Plans": [{"Node Type": "Bitmap Index Scan","Parent Relationship": "Outer","Parallel Aware": false,"Async Capable": false,"Index Name": "idx_lineitem_shipdate","Startup Cost": 0.00,"Total Cost": 1957.00,"Plan Rows": 76857,"Plan Width": 0,"Actual Startup Time": 16.699,"Actual Total Time": 16.700,"Actual Rows": 77136,"Actual Loops": 1,"Index Cond": "((l_shipdate >= '1996-01-01'::date) AND (l_shipdate < '1996-02-01 00:00:00'::timestamp without time zone))","Workers": []}]},{"Node Type": "Hash","Parent Relationship": "Inner","Parallel Aware": true,"Async Capable": false,"Startup Cost": 4930.33,"Total Cost": 4930.33,"Plan Rows": 83333,"Plan Width": 25,"Actual Startup Time": 36.068,"Actual Total Time": 36.071,"Actual Rows": 40000,"Actual Loops": 5,"Hash Buckets": 262144,"Original Hash Buckets": 262144,"Hash Batches": 1,"Original Hash Batches": 1,"Peak Memory Usage": 14208,"Workers": [],"Plans": [{"Node Type": "Seq Scan","Parent Relationship": "Outer","Parallel Aware": true,"Async Capable": false,"Relation Name": "part","Alias": "part","Startup Cost": 0.00,"Total Cost": 4930.33,"Plan Rows": 83333,"Plan Width": 25,"Actual Startup Time": 0.038,"Actual Total Time": 16.692,"Actual Rows": 40000,"Actual Loops": 5,"Workers": []}]}]}]}]}]},"Planning Time": 4.110,"Triggers": [],"Execution Time": 214.344}]
[{"Plan": {"Node Type": "Aggregate","Strategy": "Plain","Partial Mode": "Finalize","Parallel Aware": false,"Async Capable": false,"Startup Cost": 115924.34,"Total Cost": 115924.35,"Plan Rows": 1,"Plan Width": 32,"Actual Startup Time": 196.667,"Actual Total Time": 211.996,"Actual Rows": 1,"Actual Loops": 1,"Plans": [{"Node Type": "Gather","Parent Relationship": "Outer","Parallel Aware": false,"Async Capable": false,"Startup Cost": 115923.88,"Total Cost": 115924.29,"Plan Rows": 4,"Plan Width": 64,"Actual Startup Time": 195.153,"Actual Total Time": 211.955,"Actual Rows": 5,"Actual Loops": 1,"Workers Planned": 4,"Workers Launched": 4,"Single Copy": false,"Plans": [{"Node Type": "Aggregate","Strategy": "Plain","Partial Mode": "Partial","Parent Relationship": "Outer","Parallel Aware": false,"Async Capable": false,"Startup Cost": 114923.88,"Total Cost": 114923.89,"Plan Rows": 1,"Plan Width": 64,"Actual Startup Time": 187.608,"Actual Total Time": 187.617,"Actual Rows": 1,"Actual Loops": 5,"Workers": [],"Plans": [{"Node Type": "Hash Join","Parent Relationship": "Outer","Parallel Aware": true,"Async Capable": false,"Join Type": "Inner","Startup Cost": 7935.68,"Total Cost": 114589.56,"Plan Rows": 19104,"Plan Width": 33,"Actual Startup Time": 65.479,"Actual Total Time": 181.616,"Actual Rows": 15453,"Actual Loops": 5,"Inner Unique": true,"Hash Cond": "(lineitem.l_partkey = part.p_partkey)","Workers": [],"Plans": [{"Node Type": "Bitmap Heap Scan","Parent Relationship": "Outer","Parallel Aware": true,"Async Capable": false,"Relation Name": "lineitem","Alias": "lineitem","Startup Cost": 1963.69,"Total Cost": 108567.41,"Plan Rows": 19104,"Plan Width": 16,"Actual Startup Time": 23.321,"Actual Total Time": 108.651,"Actual Rows": 15453,"Actual Loops": 5,"Recheck Cond": "((l_shipdate >= '1997-12-01'::date) AND (l_shipdate < '1998-01-01 00:00:00'::timestamp without time zone))","Rows Removed by Index Recheck": 0,"Exact Heap Blocks": 8205,"Lossy Heap Blocks": 0,"Workers": [],"Plans": [{"Node Type": "Bitmap Index Scan","Parent Relationship": "Outer","Parallel Aware": false,"Async Capable": false,"Index Name": "idx_lineitem_shipdate","Startup Cost": 0.00,"Total Cost": 1944.58,"Plan Rows": 76415,"Plan Width": 0,"Actual Startup Time": 16.871,"Actual Total Time": 16.872,"Actual Rows": 77267,"Actual Loops": 1,"Index Cond": "((l_shipdate >= '1997-12-01'::date) AND (l_shipdate < '1998-01-01 00:00:00'::timestamp without time zone))","Workers": []}]},{"Node Type": "Hash","Parent Relationship": "Inner","Parallel Aware": true,"Async Capable": false,"Startup Cost": 4930.33,"Total Cost": 4930.33,"Plan Rows": 83333,"Plan Width": 25,"Actual Startup Time": 41.357,"Actual Total Time": 41.359,"Actual Rows": 40000,"Actual Loops": 5,"Hash Buckets": 262144,"Original Hash Buckets": 262144,"Hash Batches": 1,"Original Hash Batches": 1,"Peak Memory Usage": 14208,"Workers": [],"Plans": [{"Node Type": "Seq Scan","Parent Relationship": "Outer","Parallel Aware": true,"Async Capable": false,"Relation Name": "part","Alias": "part","Startup Cost": 0.00,"Total Cost": 4930.33,"Plan Rows": 83333,"Plan Width": 25,"Actual Startup Time": 0.037,"Actual Total Time": 17.718,"Actual Rows": 40000,"Actual Loops": 5,"Workers": []}]}]}]}]}]},"Planning Time": 3.901,"Triggers": [],"Execution Time": 212.224}]
[{"Plan": {"Node Type": "Aggregate","Strategy": "Plain","Partial Mode": "Finalize","Parallel Aware": false,"Async Capable": false,"Startup Cost": 114557.15,"Total Cost": 114557.16,"Plan Rows": 1,"Plan Width": 32,"Actual Startup Time": 210.021,"Actual Total Time": 226.400,"Actual Rows": 1,"Actual Loops": 1,"Plans": [{"Node Type": "Gather","Parent Relationship": "Outer","Parallel Aware": false,"Async Capable": false,"Startup Cost": 114556.69,"Total Cost": 114557.10,"Plan Rows": 4,"Plan Width": 64,"Actual Startup Time": 208.607,"Actual Total Time": 226.360,"Actual Rows": 5,"Actual Loops": 1,"Workers Planned": 4,"Workers Launched": 4,"Single Copy": false,"Plans": [{"Node Type": "Aggregate","Strategy": "Plain","Partial Mode": "Partial","Parent Relationship": "Outer","Parallel Aware": false,"Async Capable": false,"Startup Cost": 113556.69,"Total Cost": 113556.70,"Plan Rows": 1,"Plan Width": 64,"Actual Startup Time": 201.168,"Actual Total Time": 201.175,"Actual Rows": 1,"Actual Loops": 5,"Workers": [],"Plans": [{"Node Type": "Hash Join","Parent Relationship": "Outer","Parallel Aware": true,"Async Capable": false,"Join Type": "Inner","Startup Cost": 7863.36,"Total Cost": 113234.46,"Plan Rows": 18413,"Plan Width": 33,"Actual Startup Time": 63.364,"Actual Total Time": 194.944,"Actual Rows": 15564,"Actual Loops": 5,"Inner Unique": true,"Hash Cond": "(lineitem.l_partkey = part.p_partkey)","Workers": [],"Plans": [{"Node Type": "Bitmap Heap Scan","Parent Relationship": "Outer","Parallel Aware": true,"Async Capable": false,"Relation Name": "lineitem","Alias": "lineitem","Startup Cost": 1891.37,"Total Cost": 107214.13,"Plan Rows": 18413,"Plan Width": 16,"Actual Startup Time": 29.634,"Actual Total Time": 131.757,"Actual Rows": 15564,"Actual Loops": 5,"Recheck Cond": "((l_shipdate >= '1994-03-01'::date) AND (l_shipdate < '1994-04-01 00:00:00'::timestamp without time zone))","Rows Removed by Index Recheck": 0,"Exact Heap Blocks": 8610,"Lossy Heap Blocks": 0,"Workers": [],"Plans": [{"Node Type": "Bitmap Index Scan","Parent Relationship": "Outer","Parallel Aware": false,"Async Capable": false,"Index Name": "idx_lineitem_shipdate","Startup Cost": 0.00,"Total Cost": 1872.95,"Plan Rows": 73652,"Plan Width": 0,"Actual Startup Time": 23.139,"Actual Total Time": 23.140,"Actual Rows": 77819,"Actual Loops": 1,"Index Cond": "((l_shipdate >= '1994-03-01'::date) AND (l_shipdate < '1994-04-01 00:00:00'::timestamp without time zone))","Workers": []}]},{"Node Type": "Hash","Parent Relationship": "Inner","Parallel Aware": true,"Async Capable": false,"Startup Cost": 4930.33,"Total Cost": 4930.33,"Plan Rows": 83333,"Plan Width": 25,"Actual Startup Time": 33.032,"Actual Total Time": 33.034,"Actual Rows": 40000,"Actual Loops": 5,"Hash Buckets": 262144,"Original Hash Buckets": 262144,"Hash Batches": 1,"Original Hash Batches": 1,"Peak Memory Usage": 14240,"Workers": [],"Plans": [{"Node Type": "Seq Scan","Parent Relationship": "Outer","Parallel Aware": true,"Async Capable": false,"Relation Name": "part","Alias": "part","Startup Cost": 0.00,"Total Cost": 4930.33,"Plan Rows": 83333,"Plan Width": 25,"Actual Startup Time": 0.030,"Actual Total Time": 14.548,"Actual Rows": 40000,"Actual Loops": 5,"Workers": []}]}]}]}]}]},"Planning Time": 3.994,"Triggers": [],"Execution Time": 226.680}]
[{"Plan": {"Node Type": "Aggregate","Strategy": "Plain","Partial Mode": "Finalize","Parallel Aware": false,"Async Capable": false,"Startup Cost": 115034.55,"Total Cost": 115034.56,"Plan Rows": 1,"Plan Width": 32,"Actual Startup Time": 211.171,"Actual Total Time": 229.828,"Actual Rows": 1,"Actual Loops": 1,"Plans": [{"Node Type": "Gather","Parent Relationship": "Outer","Parallel Aware": false,"Async Capable": false,"Startup Cost": 115034.09,"Total Cost": 115034.50,"Plan Rows": 4,"Plan Width": 64,"Actual Startup Time": 209.630,"Actual Total Time": 229.791,"Actual Rows": 5,"Actual Loops": 1,"Workers Planned": 4,"Workers Launched": 4,"Single Copy": false,"Plans": [{"Node Type": "Aggregate","Strategy": "Plain","Partial Mode": "Partial","Parent Relationship": "Outer","Parallel Aware": false,"Async Capable": false,"Startup Cost": 114034.09,"Total Cost": 114034.10,"Plan Rows": 1,"Plan Width": 64,"Actual Startup Time": 202.318,"Actual Total Time": 202.325,"Actual Rows": 1,"Actual Loops": 5,"Workers": [],"Plans": [{"Node Type": "Hash Join","Parent Relationship": "Outer","Parallel Aware": true,"Async Capable": false,"Join Type": "Inner","Startup Cost": 7889.01,"Total Cost": 113707.75,"Plan Rows": 18648,"Plan Width": 33,"Actual Startup Time": 73.099,"Actual Total Time": 196.221,"Actual Rows": 15467,"Actual Loops": 5,"Inner Unique": true,"Hash Cond": "(lineitem.l_partkey = part.p_partkey)","Workers": [],"Plans": [{"Node Type": "Bitmap Heap Scan","Parent Relationship": "Outer","Parallel Aware": true,"Async Capable": false,"Relation Name": "lineitem","Alias": "lineitem","Startup Cost": 1917.01,"Total Cost": 107686.80,"Plan Rows": 18648,"Plan Width": 16,"Actual Startup Time": 32.721,"Actual Total Time": 124.933,"Actual Rows": 15467,"Actual Loops": 5,"Recheck Cond": "((l_shipdate >= '1996-08-01'::date) AND (l_shipdate < '1996-09-01 00:00:00'::timestamp without time zone))","Rows Removed by Index Recheck": 0,"Exact Heap Blocks": 8255,"Lossy Heap Blocks": 0,"Workers": [],"Plans": [{"Node Type": "Bitmap Index Scan","Parent Relationship": "Outer","Parallel Aware": false,"Async Capable": false,"Index Name": "idx_lineitem_shipdate","Startup Cost": 0.00,"Total Cost": 1898.36,"Plan Rows": 74593,"Plan Width": 0,"Actual Startup Time": 26.077,"Actual Total Time": 26.080,"Actual Rows": 77336,"Actual Loops": 1,"Index Cond": "((l_shipdate >= '1996-08-01'::date) AND (l_shipdate < '1996-09-01 00:00:00'::timestamp without time zone))","Workers": []}]},{"Node Type": "Hash","Parent Relationship": "Inner","Parallel Aware": true,"Async Capable": false,"Startup Cost": 4930.33,"Total Cost": 4930.33,"Plan Rows": 83333,"Plan Width": 25,"Actual Startup Time": 39.626,"Actual Total Time": 39.628,"Actual Rows": 40000,"Actual Loops": 5,"Hash Buckets": 262144,"Original Hash Buckets": 262144,"Hash Batches": 1,"Original Hash Batches": 1,"Peak Memory Usage": 14240,"Workers": [],"Plans": [{"Node Type": "Seq Scan","Parent Relationship": "Outer","Parallel Aware": true,"Async Capable": false,"Relation Name": "part","Alias": "part","Startup Cost": 0.00,"Total Cost": 4930.33,"Plan Rows": 83333,"Plan Width": 25,"Actual Startup Time": 0.029,"Actual Total Time": 17.199,"Actual Rows": 40000,"Actual Loops": 5,"Workers": []}]}]}]}]}]},"Planning Time": 4.716,"Triggers": [],"Execution Time": 230.134}]
[{"Plan": {"Node Type": "Aggregate","Strategy": "Plain","Partial Mode": "Finalize","Parallel Aware": false,"Async Capable": false,"Startup Cost": 117497.96,"Total Cost": 117497.98,"Plan Rows": 1,"Plan Width": 32,"Actual Startup Time": 207.468,"Actual Total Time": 225.216,"Actual Rows": 1,"Actual Loops": 1,"Plans": [{"Node Type": "Gather","Parent Relationship": "Outer","Parallel Aware": false,"Async Capable": false,"Startup Cost": 117497.51,"Total Cost": 117497.92,"Plan Rows": 4,"Plan Width": 64,"Actual Startup Time": 205.953,"Actual Total Time": 225.169,"Actual Rows": 5,"Actual Loops": 1,"Workers Planned": 4,"Workers Launched": 4,"Single Copy": false,"Plans": [{"Node Type": "Aggregate","Strategy": "Plain","Partial Mode": "Partial","Parent Relationship": "Outer","Parallel Aware": false,"Async Capable": false,"Startup Cost": 116497.51,"Total Cost": 116497.52,"Plan Rows": 1,"Plan Width": 64,"Actual Startup Time": 198.115,"Actual Total Time": 198.124,"Actual Rows": 1,"Actual Loops": 5,"Workers": [],"Plans": [{"Node Type": "Hash Join","Parent Relationship": "Outer","Parallel Aware": true,"Async Capable": false,"Join Type": "Inner","Startup Cost": 8022.90,"Total Cost": 116148.15,"Plan Rows": 19963,"Plan Width": 33,"Actual Startup Time": 66.694,"Actual Total Time": 191.972,"Actual Rows": 14975,"Actual Loops": 5,"Inner Unique": true,"Hash Cond": "(lineitem.l_partkey = part.p_partkey)","Workers": [],"Plans": [{"Node Type": "Bitmap Heap Scan","Parent Relationship": "Outer","Parallel Aware": true,"Async Capable": false,"Relation Name": "lineitem","Alias": "lineitem","Startup Cost": 2050.91,"Total Cost": 110123.75,"Plan Rows": 19963,"Plan Width": 16,"Actual Startup Time": 28.399,"Actual Total Time": 124.147,"Actual Rows": 14975,"Actual Loops": 5,"Recheck Cond": "((l_shipdate >= '1997-09-01'::date) AND (l_shipdate < '1997-10-01 00:00:00'::timestamp without time zone))","Rows Removed by Index Recheck": 0,"Exact Heap Blocks": 8021,"Lossy Heap Blocks": 0,"Workers": [],"Plans": [{"Node Type": "Bitmap Index Scan","Parent Relationship": "Outer","Parallel Aware": false,"Async Capable": false,"Index Name": "idx_lineitem_shipdate","Startup Cost": 0.00,"Total Cost": 2030.94,"Plan Rows": 79851,"Plan Width": 0,"Actual Startup Time": 22.019,"Actual Total Time": 22.022,"Actual Rows": 74876,"Actual Loops": 1,"Index Cond": "((l_shipdate >= '1997-09-01'::date) AND (l_shipdate < '1997-10-01 00:00:00'::timestamp without time zone))","Workers": []}]},{"Node Type": "Hash","Parent Relationship": "Inner","Parallel Aware": true,"Async Capable": false,"Startup Cost": 4930.33,"Total Cost": 4930.33,"Plan Rows": 83333,"Plan Width": 25,"Actual Startup Time": 37.454,"Actual Total Time": 37.458,"Actual Rows": 40000,"Actual Loops": 5,"Hash Buckets": 262144,"Original Hash Buckets": 262144,"Hash Batches": 1,"Original Hash Batches": 1,"Peak Memory Usage": 14208,"Workers": [],"Plans": [{"Node Type": "Seq Scan","Parent Relationship": "Outer","Parallel Aware": true,"Async Capable": false,"Relation Name": "part","Alias": "part","Startup Cost": 0.00,"Total Cost": 4930.33,"Plan Rows": 83333,"Plan Width": 25,"Actual Startup Time": 0.036,"Actual Total Time": 16.918,"Actual Rows": 40000,"Actual Loops": 5,"Workers": []}]}]}]}]}]},"Planning Time": 4.079,"Triggers": [],"Execution Time": 225.550}]
[{"Plan": {"Node Type": "Aggregate","Strategy": "Plain","Partial Mode": "Finalize","Parallel Aware": false,"Async Capable": false,"Startup Cost": 113981.89,"Total Cost": 113981.91,"Plan Rows": 1,"Plan Width": 32,"Actual Startup Time": 197.174,"Actual Total Time": 213.438,"Actual Rows": 1,"Actual Loops": 1,"Plans": [{"Node Type": "Gather","Parent Relationship": "Outer","Parallel Aware": false,"Async Capable": false,"Startup Cost": 113981.44,"Total Cost": 113981.85,"Plan Rows": 4,"Plan Width": 64,"Actual Startup Time": 195.686,"Actual Total Time": 213.400,"Actual Rows": 5,"Actual Loops": 1,"Workers Planned": 4,"Workers Launched": 4,"Single Copy": false,"Plans": [{"Node Type": "Aggregate","Strategy": "Plain","Partial Mode": "Partial","Parent Relationship": "Outer","Parallel Aware": false,"Async Capable": false,"Startup Cost": 112981.44,"Total Cost": 112981.45,"Plan Rows": 1,"Plan Width": 64,"Actual Startup Time": 187.932,"Actual Total Time": 187.944,"Actual Rows": 1,"Actual Loops": 5,"Workers": [],"Plans": [{"Node Type": "Hash Join","Parent Relationship": "Outer","Parallel Aware": true,"Async Capable": false,"Join Type": "Inner","Startup Cost": 7835.95,"Total Cost": 112664.07,"Plan Rows": 18135,"Plan Width": 33,"Actual Startup Time": 63.652,"Actual Total Time": 181.847,"Actual Rows": 15463,"Actual Loops": 5,"Inner Unique": true,"Hash Cond": "(lineitem.l_partkey = part.p_partkey)","Workers": [],"Plans": [{"Node Type": "Bitmap Heap Scan","Parent Relationship": "Outer","Parallel Aware": true,"Async Capable": false,"Relation Name": "lineitem","Alias": "lineitem","Startup Cost": 1863.96,"Total Cost": 106644.47,"Plan Rows": 18135,"Plan Width": 16,"Actual Startup Time": 23.262,"Actual Total Time": 111.502,"Actual Rows": 15463,"Actual Loops": 5,"Recheck Cond": "((l_shipdate >= '1993-12-01'::date) AND (l_shipdate < '1994-01-01 00:00:00'::timestamp without time zone))","Rows Removed by Index Recheck": 0,"Exact Heap Blocks": 8224,"Lossy Heap Blocks": 0,"Workers": [],"Plans": [{"Node Type": "Bitmap Index Scan","Parent Relationship": "Outer","Parallel Aware": false,"Async Capable": false,"Index Name": "idx_lineitem_shipdate","Startup Cost": 0.00,"Total Cost": 1845.82,"Plan Rows": 72539,"Plan Width": 0,"Actual Startup Time": 16.967,"Actual Total Time": 16.973,"Actual Rows": 77313,"Actual Loops": 1,"Index Cond": "((l_shipdate >= '1993-12-01'::date) AND (l_shipdate < '1994-01-01 00:00:00'::timestamp without time zone))","Workers": []}]},{"Node Type": "Hash","Parent Relationship": "Inner","Parallel Aware": true,"Async Capable": false,"Startup Cost": 4930.33,"Total Cost": 4930.33,"Plan Rows": 83333,"Plan Width": 25,"Actual Startup Time": 39.572,"Actual Total Time": 39.575,"Actual Rows": 40000,"Actual Loops": 5,"Hash Buckets": 262144,"Original Hash Buckets": 262144,"Hash Batches": 1,"Original Hash Batches": 1,"Peak Memory Usage": 14208,"Workers": [],"Plans": [{"Node Type": "Seq Scan","Parent Relationship": "Outer","Parallel Aware": true,"Async Capable": false,"Relation Name": "part","Alias": "part","Startup Cost": 0.00,"Total Cost": 4930.33,"Plan Rows": 83333,"Plan Width": 25,"Actual Startup Time": 0.049,"Actual Total Time": 17.416,"Actual Rows": 40000,"Actual Loops": 5,"Workers": []}]}]}]}]}]},"Planning Time": 4.239,"Triggers": [],"Execution Time": 213.703}]
[{"Plan": {"Node Type": "Aggregate","Strategy": "Plain","Partial Mode": "Finalize","Parallel Aware": false,"Async Capable": false,"Startup Cost": 111167.85,"Total Cost": 111167.87,"Plan Rows": 1,"Plan Width": 32,"Actual Startup Time": 180.931,"Actual Total Time": 199.884,"Actual Rows": 1,"Actual Loops": 1,"Plans": [{"Node Type": "Gather","Parent Relationship": "Outer","Parallel Aware": false,"Async Capable": false,"Startup Cost": 111167.40,"Total Cost": 111167.81,"Plan Rows": 4,"Plan Width": 64,"Actual Startup Time": 179.550,"Actual Total Time": 199.841,"Actual Rows": 5,"Actual Loops": 1,"Workers Planned": 4,"Workers Launched": 4,"Single Copy": false,"Plans": [{"Node Type": "Aggregate","Strategy": "Plain","Partial Mode": "Partial","Parent Relationship": "Outer","Parallel Aware": false,"Async Capable": false,"Startup Cost": 110167.40,"Total Cost": 110167.41,"Plan Rows": 1,"Plan Width": 64,"Actual Startup Time": 171.475,"Actual Total Time": 171.482,"Actual Rows": 1,"Actual Loops": 5,"Workers": [],"Plans": [{"Node Type": "Hash Join","Parent Relationship": "Outer","Parallel Aware": true,"Async Capable": false,"Join Type": "Inner","Startup Cost": 7708.24,"Total Cost": 109872.10,"Plan Rows": 16874,"Plan Width": 33,"Actual Startup Time": 55.633,"Actual Total Time": 165.640,"Actual Rows": 13990,"Actual Loops": 5,"Inner Unique": true,"Hash Cond": "(lineitem.l_partkey = part.p_partkey)","Workers": [],"Plans": [{"Node Type": "Bitmap Heap Scan","Parent Relationship": "Outer","Parallel Aware": true,"Async Capable": false,"Relation Name": "lineitem","Alias": "lineitem","Startup Cost": 1736.25,"Total Cost": 103855.81,"Plan Rows": 16873,"Plan Width": 16,"Actual Startup Time": 21.244,"Actual Total Time": 102.422,"Actual Rows": 13990,"Actual Loops": 5,"Recheck Cond": "((l_shipdate >= '1993-02-01'::date) AND (l_shipdate < '1993-03-01 00:00:00'::timestamp without time zone))","Rows Removed by Index Recheck": 0,"Exact Heap Blocks": 6433,"Lossy Heap Blocks": 0,"Workers": [],"Plans": [{"Node Type": "Bitmap Index Scan","Parent Relationship": "Outer","Parallel Aware": false,"Async Capable": false,"Index Name": "idx_lineitem_shipdate","Startup Cost": 0.00,"Total Cost": 1719.37,"Plan Rows": 67494,"Plan Width": 0,"Actual Startup Time": 15.254,"Actual Total Time": 15.255,"Actual Rows": 69949,"Actual Loops": 1,"Index Cond": "((l_shipdate >= '1993-02-01'::date) AND (l_shipdate < '1993-03-01 00:00:00'::timestamp without time zone))","Workers": []}]},{"Node Type": "Hash","Parent Relationship": "Inner","Parallel Aware": true,"Async Capable": false,"Startup Cost": 4930.33,"Total Cost": 4930.33,"Plan Rows": 83333,"Plan Width": 25,"Actual Startup Time": 33.582,"Actual Total Time": 33.584,"Actual Rows": 40000,"Actual Loops": 5,"Hash Buckets": 262144,"Original Hash Buckets": 262144,"Hash Batches": 1,"Original Hash Batches": 1,"Peak Memory Usage": 14176,"Workers": [],"Plans": [{"Node Type": "Seq Scan","Parent Relationship": "Outer","Parallel Aware": true,"Async Capable": false,"Relation Name": "part","Alias": "part","Startup Cost": 0.00,"Total Cost": 4930.33,"Plan Rows": 83333,"Plan Width": 25,"Actual Startup Time": 0.036,"Actual Total Time": 15.481,"Actual Rows": 40000,"Actual Loops": 5,"Workers": []}]}]}]}]}]},"Planning Time": 4.410,"Triggers": [],"Execution Time": 200.104}]
[{"Plan": {"Node Type": "Aggregate","Strategy": "Plain","Partial Mode": "Finalize","Parallel Aware": false,"Async Capable": false,"Startup Cost": 117449.67,"Total Cost": 117449.68,"Plan Rows": 1,"Plan Width": 32,"Actual Startup Time": 209.461,"Actual Total Time": 224.908,"Actual Rows": 1,"Actual Loops": 1,"Plans": [{"Node Type": "Gather","Parent Relationship": "Outer","Parallel Aware": false,"Async Capable": false,"Startup Cost": 117449.21,"Total Cost": 117449.62,"Plan Rows": 4,"Plan Width": 64,"Actual Startup Time": 207.968,"Actual Total Time": 224.878,"Actual Rows": 5,"Actual Loops": 1,"Workers Planned": 4,"Workers Launched": 4,"Single Copy": false,"Plans": [{"Node Type": "Aggregate","Strategy": "Plain","Partial Mode": "Partial","Parent Relationship": "Outer","Parallel Aware": false,"Async Capable": false,"Startup Cost": 116449.21,"Total Cost": 116449.22,"Plan Rows": 1,"Plan Width": 64,"Actual Startup Time": 200.716,"Actual Total Time": 200.726,"Actual Rows": 1,"Actual Loops": 5,"Workers": [],"Plans": [{"Node Type": "Hash Join","Parent Relationship": "Outer","Parallel Aware": true,"Async Capable": false,"Join Type": "Inner","Startup Cost": 8021.73,"Total Cost": 116100.36,"Plan Rows": 19934,"Plan Width": 33,"Actual Startup Time": 69.344,"Actual Total Time": 194.621,"Actual Rows": 15439,"Actual Loops": 5,"Inner Unique": true,"Hash Cond": "(lineitem.l_partkey = part.p_partkey)","Workers": [],"Plans": [{"Node Type": "Bitmap Heap Scan","Parent Relationship": "Outer","Parallel Aware": true,"Async Capable": false,"Relation Name": "lineitem","Alias": "lineitem","Startup Cost": 2049.74,"Total Cost": 110076.04,"Plan Rows": 19934,"Plan Width": 16,"Actual Startup Time": 28.893,"Actual Total Time": 124.591,"Actual Rows": 15439,"Actual Loops": 5,"Recheck Cond": "((l_shipdate >= '1993-08-01'::date) AND (l_shipdate < '1993-09-01 00:00:00'::timestamp without time zone))","Rows Removed by Index Recheck": 0,"Exact Heap Blocks": 7741,"Lossy Heap Blocks": 0,"Workers": [],"Plans": [{"Node Type": "Bitmap Index Scan","Parent Relationship": "Outer","Parallel Aware": false,"Async Capable": false,"Index Name": "idx_lineitem_shipdate","Startup Cost": 0.00,"Total Cost": 2029.80,"Plan Rows": 79737,"Plan Width": 0,"Actual Startup Time": 22.408,"Actual Total Time": 22.411,"Actual Rows": 77197,"Actual Loops": 1,"Index Cond": "((l_shipdate >= '1993-08-01'::date) AND (l_shipdate < '1993-09-01 00:00:00'::timestamp without time zone))","Workers": []}]},{"Node Type": "Hash","Parent Relationship": "Inner","Parallel Aware": true,"Async Capable": false,"Startup Cost": 4930.33,"Total Cost": 4930.33,"Plan Rows": 83333,"Plan Width": 25,"Actual Startup Time": 39.731,"Actual Total Time": 39.735,"Actual Rows": 40000,"Actual Loops": 5,"Hash Buckets": 262144,"Original Hash Buckets": 262144,"Hash Batches": 1,"Original Hash Batches": 1,"Peak Memory Usage": 14176,"Workers": [],"Plans": [{"Node Type": "Seq Scan","Parent Relationship": "Outer","Parallel Aware": true,"Async Capable": false,"Relation Name": "part","Alias": "part","Startup Cost": 0.00,"Total Cost": 4930.33,"Plan Rows": 83333,"Plan Width": 25,"Actual Startup Time": 0.044,"Actual Total Time": 17.039,"Actual Rows": 40000,"Actual Loops": 5,"Workers": []}]}]}]}]}]},"Planning Time": 4.803,"Triggers": [],"Execution Time": 225.176}]
[{"Plan": {"Node Type": "Aggregate","Strategy": "Plain","Partial Mode": "Finalize","Parallel Aware": false,"Async Capable": false,"Startup Cost": 116775.62,"Total Cost": 116775.64,"Plan Rows": 1,"Plan Width": 32,"Actual Startup Time": 193.869,"Actual Total Time": 210.143,"Actual Rows": 1,"Actual Loops": 1,"Plans": [{"Node Type": "Gather","Parent Relationship": "Outer","Parallel Aware": false,"Async Capable": false,"Startup Cost": 116775.17,"Total Cost": 116775.58,"Plan Rows": 4,"Plan Width": 64,"Actual Startup Time": 192.448,"Actual Total Time": 210.107,"Actual Rows": 5,"Actual Loops": 1,"Workers Planned": 4,"Workers Launched": 4,"Single Copy": false,"Plans": [{"Node Type": "Aggregate","Strategy": "Plain","Partial Mode": "Partial","Parent Relationship": "Outer","Parallel Aware": false,"Async Capable": false,"Startup Cost": 115775.17,"Total Cost": 115775.18,"Plan Rows": 1,"Plan Width": 64,"Actual Startup Time": 184.994,"Actual Total Time": 185.005,"Actual Rows": 1,"Actual Loops": 5,"Workers": [],"Plans": [{"Node Type": "Hash Join","Parent Relationship": "Outer","Parallel Aware": true,"Async Capable": false,"Join Type": "Inner","Startup Cost": 7982.36,"Total Cost": 115432.88,"Plan Rows": 19559,"Plan Width": 33,"Actual Startup Time": 59.459,"Actual Total Time": 178.997,"Actual Rows": 15372,"Actual Loops": 5,"Inner Unique": true,"Hash Cond": "(lineitem.l_partkey = part.p_partkey)","Workers": [],"Plans": [{"Node Type": "Bitmap Heap Scan","Parent Relationship": "Outer","Parallel Aware": true,"Async Capable": false,"Relation Name": "lineitem","Alias": "lineitem","Startup Cost": 2010.36,"Total Cost": 109409.54,"Plan Rows": 19559,"Plan Width": 16,"Actual Startup Time": 22.196,"Actual Total Time": 111.214,"Actual Rows": 15372,"Actual Loops": 5,"Recheck Cond": "((l_shipdate >= '1993-01-01'::date) AND (l_shipdate < '1993-02-01 00:00:00'::timestamp without time zone))","Rows Removed by Index Recheck": 0,"Exact Heap Blocks": 8068,"Lossy Heap Blocks": 0,"Workers": [],"Plans": [{"Node Type": "Bitmap Index Scan","Parent Relationship": "Outer","Parallel Aware": false,"Async Capable": false,"Index Name": "idx_lineitem_shipdate","Startup Cost": 0.00,"Total Cost": 1990.80,"Plan Rows": 78237,"Plan Width": 0,"Actual Startup Time": 15.976,"Actual Total Time": 15.979,"Actual Rows": 76860,"Actual Loops": 1,"Index Cond": "((l_shipdate >= '1993-01-01'::date) AND (l_shipdate < '1993-02-01 00:00:00'::timestamp without time zone))","Workers": []}]},{"Node Type": "Hash","Parent Relationship": "Inner","Parallel Aware": true,"Async Capable": false,"Startup Cost": 4930.33,"Total Cost": 4930.33,"Plan Rows": 83333,"Plan Width": 25,"Actual Startup Time": 36.495,"Actual Total Time": 36.499,"Actual Rows": 40000,"Actual Loops": 5,"Hash Buckets": 262144,"Original Hash Buckets": 262144,"Hash Batches": 1,"Original Hash Batches": 1,"Peak Memory Usage": 14176,"Workers": [],"Plans": [{"Node Type": "Seq Scan","Parent Relationship": "Outer","Parallel Aware": true,"Async Capable": false,"Relation Name": "part","Alias": "part","Startup Cost": 0.00,"Total Cost": 4930.33,"Plan Rows": 83333,"Plan Width": 25,"Actual Startup Time": 0.035,"Actual Total Time": 16.126,"Actual Rows": 40000,"Actual Loops": 5,"Workers": []}]}]}]}]}]},"Planning Time": 3.845,"Triggers": [],"Execution Time": 210.384}]
[{"Plan": {"Node Type": "Aggregate","Strategy": "Plain","Partial Mode": "Finalize","Parallel Aware": false,"Async Capable": false,"Startup Cost": 113868.95,"Total Cost": 113868.96,"Plan Rows": 1,"Plan Width": 32,"Actual Startup Time": 192.024,"Actual Total Time": 209.364,"Actual Rows": 1,"Actual Loops": 1,"Plans": [{"Node Type": "Gather","Parent Relationship": "Outer","Parallel Aware": false,"Async Capable": false,"Startup Cost": 113868.49,"Total Cost": 113868.90,"Plan Rows": 4,"Plan Width": 64,"Actual Startup Time": 190.470,"Actual Total Time": 209.317,"Actual Rows": 5,"Actual Loops": 1,"Workers Planned": 4,"Workers Launched": 4,"Single Copy": false,"Plans": [{"Node Type": "Aggregate","Strategy": "Plain","Partial Mode": "Partial","Parent Relationship": "Outer","Parallel Aware": false,"Async Capable": false,"Startup Cost": 112868.49,"Total Cost": 112868.50,"Plan Rows": 1,"Plan Width": 64,"Actual Startup Time": 182.800,"Actual Total Time": 182.811,"Actual Rows": 1,"Actual Loops": 5,"Workers": [],"Plans": [{"Node Type": "Hash Join","Parent Relationship": "Outer","Parallel Aware": true,"Async Capable": false,"Join Type": "Inner","Startup Cost": 7829.76,"Total Cost": 112552.07,"Plan Rows": 18081,"Plan Width": 33,"Actual Startup Time": 58.101,"Actual Total Time": 176.684,"Actual Rows": 14907,"Actual Loops": 5,"Inner Unique": true,"Hash Cond": "(lineitem.l_partkey = part.p_partkey)","Workers": [],"Plans": [{"Node Type": "Bitmap Heap Scan","Parent Relationship": "Outer","Parallel Aware": true,"Async Capable": false,"Relation Name": "lineitem","Alias": "lineitem","Startup Cost": 1857.76,"Total Cost": 106532.61,"Plan Rows": 18081,"Plan Width": 16,"Actual Startup Time": 21.453,"Actual Total Time": 110.287,"Actual Rows": 14907,"Actual Loops": 5,"Recheck Cond": "((l_shipdate >= '1997-04-01'::date) AND (l_shipdate < '1997-05-01 00:00:00'::timestamp without time zone))","Rows Removed by Index Recheck": 0,"Exact Heap Blocks": 7370,"Lossy Heap Blocks": 0,"Workers": [],"Plans": [{"Node Type": "Bitmap Index Scan","Parent Relationship": "Outer","Parallel Aware": false,"Async Capable": false,"Index Name": "idx_lineitem_shipdate","Startup Cost": 0.00,"Total Cost": 1839.68,"Plan Rows": 72325,"Plan Width": 0,"Actual Startup Time": 15.340,"Actual Total Time": 15.341,"Actual Rows": 74537,"Actual Loops": 1,"Index Cond": "((l_shipdate >= '1997-04-01'::date) AND (l_shipdate < '1997-05-01 00:00:00'::timestamp without time zone))","Workers": []}]},{"Node Type": "Hash","Parent Relationship": "Inner","Parallel Aware": true,"Async Capable": false,"Startup Cost": 4930.33,"Total Cost": 4930.33,"Plan Rows": 83333,"Plan Width": 25,"Actual Startup Time": 35.881,"Actual Total Time": 35.885,"Actual Rows": 40000,"Actual Loops": 5,"Hash Buckets": 262144,"Original Hash Buckets": 262144,"Hash Batches": 1,"Original Hash Batches": 1,"Peak Memory Usage": 14176,"Workers": [],"Plans": [{"Node Type": "Seq Scan","Parent Relationship": "Outer","Parallel Aware": true,"Async Capable": false,"Relation Name": "part","Alias": "part","Startup Cost": 0.00,"Total Cost": 4930.33,"Plan Rows": 83333,"Plan Width": 25,"Actual Startup Time": 0.029,"Actual Total Time": 16.944,"Actual Rows": 40000,"Actual Loops": 5,"Workers": []}]}]}]}]}]},"Planning Time": 5.167,"Triggers": [],"Execution Time": 209.657}]
[{"Plan": {"Node Type": "Aggregate","Strategy": "Plain","Partial Mode": "Finalize","Parallel Aware": false,"Async Capable": false,"Startup Cost": 113767.70,"Total Cost": 113767.71,"Plan Rows": 1,"Plan Width": 32,"Actual Startup Time": 201.354,"Actual Total Time": 217.629,"Actual Rows": 1,"Actual Loops": 1,"Plans": [{"Node Type": "Gather","Parent Relationship": "Outer","Parallel Aware": false,"Async Capable": false,"Startup Cost": 113767.24,"Total Cost": 113767.65,"Plan Rows": 4,"Plan Width": 64,"Actual Startup Time": 198.999,"Actual Total Time": 217.582,"Actual Rows": 5,"Actual Loops": 1,"Workers Planned": 4,"Workers Launched": 4,"Single Copy": false,"Plans": [{"Node Type": "Aggregate","Strategy": "Plain","Partial Mode": "Partial","Parent Relationship": "Outer","Parallel Aware": false,"Async Capable": false,"Startup Cost": 112767.24,"Total Cost": 112767.25,"Plan Rows": 1,"Plan Width": 64,"Actual Startup Time": 191.550,"Actual Total Time": 191.562,"Actual Rows": 1,"Actual Loops": 5,"Workers": [],"Plans": [{"Node Type": "Hash Join","Parent Relationship": "Outer","Parallel Aware": true,"Async Capable": false,"Join Type": "Inner","Startup Cost": 7827.74,"Total Cost": 112451.68,"Plan Rows": 18032,"Plan Width": 33,"Actual Startup Time": 62.703,"Actual Total Time": 185.698,"Actual Rows": 14327,"Actual Loops": 5,"Inner Unique": true,"Hash Cond": "(lineitem.l_partkey = part.p_partkey)","Workers": [],"Plans": [{"Node Type": "Bitmap Heap Scan","Parent Relationship": "Outer","Parallel Aware": true,"Async Capable": false,"Relation Name": "lineitem","Alias": "lineitem","Startup Cost": 1855.74,"Total Cost": 106432.35,"Plan Rows": 18032,"Plan Width": 16,"Actual Startup Time": 28.428,"Actual Total Time": 122.517,"Actual Rows": 14327,"Actual Loops": 5,"Recheck Cond": "((l_shipdate >= '1996-02-01'::date) AND (l_shipdate < '1996-03-01 00:00:00'::timestamp without time zone))","Rows Removed by Index Recheck": 0,"Exact Heap Blocks": 8588,"Lossy Heap Blocks": 0,"Workers": [],"Plans": [{"Node Type": "Bitmap Index Scan","Parent Relationship": "Outer","Parallel Aware": false,"Async Capable": false,"Index Name": "idx_lineitem_shipdate","Startup Cost": 0.00,"Total Cost": 1837.71,"Plan Rows": 72128,"Plan Width": 0,"Actual Startup Time": 22.136,"Actual Total Time": 22.138,"Actual Rows": 71636,"Actual Loops": 1,"Index Cond": "((l_shipdate >= '1996-02-01'::date) AND (l_shipdate < '1996-03-01 00:00:00'::timestamp without time zone))","Workers": []}]},{"Node Type": "Hash","Parent Relationship": "Inner","Parallel Aware": true,"Async Capable": false,"Startup Cost": 4930.33,"Total Cost": 4930.33,"Plan Rows": 83333,"Plan Width": 25,"Actual Startup Time": 33.546,"Actual Total Time": 33.549,"Actual Rows": 40000,"Actual Loops": 5,"Hash Buckets": 262144,"Original Hash Buckets": 262144,"Hash Batches": 1,"Original Hash Batches": 1,"Peak Memory Usage": 14240,"Workers": [],"Plans": [{"Node Type": "Seq Scan","Parent Relationship": "Outer","Parallel Aware": true,"Async Capable": false,"Relation Name": "part","Alias": "part","Startup Cost": 0.00,"Total Cost": 4930.33,"Plan Rows": 83333,"Plan Width": 25,"Actual Startup Time": 0.035,"Actual Total Time": 14.470,"Actual Rows": 40000,"Actual Loops": 5,"Workers": []}]}]}]}]}]},"Planning Time": 4.716,"Triggers": [],"Execution Time": 217.907}]
[{"Plan": {"Node Type": "Aggregate","Strategy": "Plain","Partial Mode": "Finalize","Parallel Aware": false,"Async Capable": false,"Startup Cost": 113868.95,"Total Cost": 113868.96,"Plan Rows": 1,"Plan Width": 32,"Actual Startup Time": 192.024,"Actual Total Time": 209.364,"Actual Rows": 1,"Actual Loops": 1,"Plans": [{"Node Type": "Gather","Parent Relationship": "Outer","Parallel Aware": false,"Async Capable": false,"Startup Cost": 113868.49,"Total Cost": 113868.90,"Plan Rows": 4,"Plan Width": 64,"Actual Startup Time": 190.470,"Actual Total Time": 209.317,"Actual Rows": 5,"Actual Loops": 1,"Workers Planned": 4,"Workers Launched": 4,"Single Copy": false,"Plans": [{"Node Type": "Aggregate","Strategy": "Plain","Partial Mode": "Partial","Parent Relationship": "Outer","Parallel Aware": false,"Async Capable": false,"Startup Cost": 112868.49,"Total Cost": 112868.50,"Plan Rows": 1,"Plan Width": 64,"Actual Startup Time": 182.800,"Actual Total Time": 182.811,"Actual Rows": 1,"Actual Loops": 5,"Workers": [],"Plans": [{"Node Type": "Hash Join","Parent Relationship": "Outer","Parallel Aware": true,"Async Capable": false,"Join Type": "Inner","Startup Cost": 7829.76,"Total Cost": 112552.07,"Plan Rows": 18081,"Plan Width": 33,"Actual Startup Time": 58.101,"Actual Total Time": 176.684,"Actual Rows": 14907,"Actual Loops": 5,"Inner Unique": true,"Hash Cond": "(lineitem.l_partkey = part.p_partkey)","Workers": [],"Plans": [{"Node Type": "Bitmap Heap Scan","Parent Relationship": "Outer","Parallel Aware": true,"Async Capable": false,"Relation Name": "lineitem","Alias": "lineitem","Startup Cost": 1857.76,"Total Cost": 106532.61,"Plan Rows": 18081,"Plan Width": 16,"Actual Startup Time": 21.453,"Actual Total Time": 110.287,"Actual Rows": 14907,"Actual Loops": 5,"Recheck Cond": "((l_shipdate >= '1997-04-01'::date) AND (l_shipdate < '1997-05-01 00:00:00'::timestamp without time zone))","Rows Removed by Index Recheck": 0,"Exact Heap Blocks": 7370,"Lossy Heap Blocks": 0,"Workers": [],"Plans": [{"Node Type": "Bitmap Index Scan","Parent Relationship": "Outer","Parallel Aware": false,"Async Capable": false,"Index Name": "idx_lineitem_shipdate","Startup Cost": 0.00,"Total Cost": 1839.68,"Plan Rows": 72325,"Plan Width": 0,"Actual Startup Time": 15.340,"Actual Total Time": 15.341,"Actual Rows": 74537,"Actual Loops": 1,"Index Cond": "((l_shipdate >= '1997-04-01'::date) AND (l_shipdate < '1997-05-01 00:00:00'::timestamp without time zone))","Workers": []}]},{"Node Type": "Hash","Parent Relationship": "Inner","Parallel Aware": true,"Async Capable": false,"Startup Cost": 4930.33,"Total Cost": 4930.33,"Plan Rows": 83333,"Plan Width": 25,"Actual Startup Time": 35.881,"Actual Total Time": 35.885,"Actual Rows": 40000,"Actual Loops": 5,"Hash Buckets": 262144,"Original Hash Buckets": 262144,"Hash Batches": 1,"Original Hash Batches": 1,"Peak Memory Usage": 14176,"Workers": [],"Plans": [{"Node Type": "Seq Scan","Parent Relationship": "Outer","Parallel Aware": true,"Async Capable": false,"Relation Name": "part","Alias": "part","Startup Cost": 0.00,"Total Cost": 4930.33,"Plan Rows": 83333,"Plan Width": 25,"Actual Startup Time": 0.029,"Actual Total Time": 16.944,"Actual Rows": 40000,"Actual Loops": 5,"Workers": []}]}]}]}]}]},"Planning Time": 5.167,"Triggers": [],"Execution Time": 209.657}]
[{"Plan": {"Node Type": "Aggregate","Strategy": "Plain","Partial Mode": "Finalize","Parallel Aware": false,"Async Capable": false,"Startup Cost": 113868.95,"Total Cost": 113868.96,"Plan Rows": 1,"Plan Width": 32,"Actual Startup Time": 192.024,"Actual Total Time": 209.364,"Actual Rows": 1,"Actual Loops": 1,"Plans": [{"Node Type": "Gather","Parent Relationship": "Outer","Parallel Aware": false,"Async Capable": false,"Startup Cost": 113868.49,"Total Cost": 113868.90,"Plan Rows": 4,"Plan Width": 64,"Actual Startup Time": 190.470,"Actual Total Time": 209.317,"Actual Rows": 5,"Actual Loops": 1,"Workers Planned": 4,"Workers Launched": 4,"Single Copy": false,"Plans": [{"Node Type": "Aggregate","Strategy": "Plain","Partial Mode": "Partial","Parent Relationship": "Outer","Parallel Aware": false,"Async Capable": false,"Startup Cost": 112868.49,"Total Cost": 112868.50,"Plan Rows": 1,"Plan Width": 64,"Actual Startup Time": 182.800,"Actual Total Time": 182.811,"Actual Rows": 1,"Actual Loops": 5,"Workers": [],"Plans": [{"Node Type": "Hash Join","Parent Relationship": "Outer","Parallel Aware": true,"Async Capable": false,"Join Type": "Inner","Startup Cost": 7829.76,"Total Cost": 112552.07,"Plan Rows": 18081,"Plan Width": 33,"Actual Startup Time": 58.101,"Actual Total Time": 176.684,"Actual Rows": 14907,"Actual Loops": 5,"Inner Unique": true,"Hash Cond": "(lineitem.l_partkey = part.p_partkey)","Workers": [],"Plans": [{"Node Type": "Bitmap Heap Scan","Parent Relationship": "Outer","Parallel Aware": true,"Async Capable": false,"Relation Name": "lineitem","Alias": "lineitem","Startup Cost": 1857.76,"Total Cost": 106532.61,"Plan Rows": 18081,"Plan Width": 16,"Actual Startup Time": 21.453,"Actual Total Time": 110.287,"Actual Rows": 14907,"Actual Loops": 5,"Recheck Cond": "((l_shipdate >= '1997-04-01'::date) AND (l_shipdate < '1997-05-01 00:00:00'::timestamp without time zone))","Rows Removed by Index Recheck": 0,"Exact Heap Blocks": 7370,"Lossy Heap Blocks": 0,"Workers": [],"Plans": [{"Node Type": "Bitmap Index Scan","Parent Relationship": "Outer","Parallel Aware": false,"Async Capable": false,"Index Name": "idx_lineitem_shipdate","Startup Cost": 0.00,"Total Cost": 1839.68,"Plan Rows": 72325,"Plan Width": 0,"Actual Startup Time": 15.340,"Actual Total Time": 15.341,"Actual Rows": 74537,"Actual Loops": 1,"Index Cond": "((l_shipdate >= '1997-04-01'::date) AND (l_shipdate < '1997-05-01 00:00:00'::timestamp without time zone))","Workers": []}]},{"Node Type": "Hash","Parent Relationship": "Inner","Parallel Aware": true,"Async Capable": false,"Startup Cost": 4930.33,"Total Cost": 4930.33,"Plan Rows": 83333,"Plan Width": 25,"Actual Startup Time": 35.881,"Actual Total Time": 35.885,"Actual Rows": 40000,"Actual Loops": 5,"Hash Buckets": 262144,"Original Hash Buckets": 262144,"Hash Batches": 1,"Original Hash Batches": 1,"Peak Memory Usage": 14176,"Workers": [],"Plans": [{"Node Type": "Seq Scan","Parent Relationship": "Outer","Parallel Aware": true,"Async Capable": false,"Relation Name": "part","Alias": "part","Startup Cost": 0.00,"Total Cost": 4930.33,"Plan Rows": 83333,"Plan Width": 25,"Actual Startup Time": 0.029,"Actual Total Time": 16.944,"Actual Rows": 40000,"Actual Loops": 5,"Workers": []}]}]}]}]}]},"Planning Time": 5.167,"Triggers": [],"Execution Time": 209.657}]
[{"Plan": {"Node Type": "Aggregate","Strategy": "Plain","Partial Mode": "Finalize","Parallel Aware": false,"Async Capable": false,"Startup Cost": 116979.32,"Total Cost": 116979.34,"Plan Rows": 1,"Plan Width": 32,"Actual Startup Time": 204.621,"Actual Total Time": 221.335,"Actual Rows": 1,"Actual Loops": 1,"Plans": [{"Node Type": "Gather","Parent Relationship": "Outer","Parallel Aware": false,"Async Capable": false,"Startup Cost": 116978.87,"Total Cost": 116979.28,"Plan Rows": 4,"Plan Width": 64,"Actual Startup Time": 203.046,"Actual Total Time": 221.293,"Actual Rows": 5,"Actual Loops": 1,"Workers Planned": 4,"Workers Launched": 4,"Single Copy": false,"Plans": [{"Node Type": "Aggregate","Strategy": "Plain","Partial Mode": "Partial","Parent Relationship": "Outer","Parallel Aware": false,"Async Capable": false,"Startup Cost": 115978.87,"Total Cost": 115978.88,"Plan Rows": 1,"Plan Width": 64,"Actual Startup Time": 194.974,"Actual Total Time": 194.985,"Actual Rows": 1,"Actual Loops": 5,"Workers": [],"Plans": [{"Node Type": "Hash Join","Parent Relationship": "Outer","Parallel Aware": true,"Async Capable": false,"Join Type": "Inner","Startup Cost": 7994.93,"Total Cost": 115634.62,"Plan Rows": 19671,"Plan Width": 33,"Actual Startup Time": 65.973,"Actual Total Time": 188.830,"Actual Rows": 15499,"Actual Loops": 5,"Inner Unique": true,"Hash Cond": "(lineitem.l_partkey = part.p_partkey)","Workers": [],"Plans": [{"Node Type": "Bitmap Heap Scan","Parent Relationship": "Outer","Parallel Aware": true,"Async Capable": false,"Relation Name": "lineitem","Alias": "lineitem","Startup Cost": 2022.93,"Total Cost": 109610.99,"Plan Rows": 19671,"Plan Width": 16,"Actual Startup Time": 29.215,"Actual Total Time": 122.190,"Actual Rows": 15499,"Actual Loops": 5,"Recheck Cond": "((l_shipdate >= '1997-07-01'::date) AND (l_shipdate < '1997-08-01 00:00:00'::timestamp without time zone))","Rows Removed by Index Recheck": 0,"Exact Heap Blocks": 7395,"Lossy Heap Blocks": 0,"Workers": [],"Plans": [{"Node Type": "Bitmap Index Scan","Parent Relationship": "Outer","Parallel Aware": false,"Async Capable": false,"Index Name": "idx_lineitem_shipdate","Startup Cost": 0.00,"Total Cost": 2003.26,"Plan Rows": 78683,"Plan Width": 0,"Actual Startup Time": 22.702,"Actual Total Time": 22.702,"Actual Rows": 77493,"Actual Loops": 1,"Index Cond": "((l_shipdate >= '1997-07-01'::date) AND (l_shipdate < '1997-08-01 00:00:00'::timestamp without time zone))","Workers": []}]},{"Node Type": "Hash","Parent Relationship": "Inner","Parallel Aware": true,"Async Capable": false,"Startup Cost": 4930.33,"Total Cost": 4930.33,"Plan Rows": 83333,"Plan Width": 25,"Actual Startup Time": 36.077,"Actual Total Time": 36.081,"Actual Rows": 40000,"Actual Loops": 5,"Hash Buckets": 262144,"Original Hash Buckets": 262144,"Hash Batches": 1,"Original Hash Batches": 1,"Peak Memory Usage": 14176,"Workers": [],"Plans": [{"Node Type": "Seq Scan","Parent Relationship": "Outer","Parallel Aware": true,"Async Capable": false,"Relation Name": "part","Alias": "part","Startup Cost": 0.00,"Total Cost": 4930.33,"Plan Rows": 83333,"Plan Width": 25,"Actual Startup Time": 0.024,"Actual Total Time": 16.983,"Actual Rows": 40000,"Actual Loops": 5,"Workers": []}]}]}]}]}]},"Planning Time": 4.182,"Triggers": [],"Execution Time": 221.556}]
[{"Plan": {"Node Type": "Aggregate","Strategy": "Plain","Partial Mode": "Finalize","Parallel Aware": false,"Async Capable": false,"Startup Cost": 116739.50,"Total Cost": 116739.52,"Plan Rows": 1,"Plan Width": 32,"Actual Startup Time": 206.757,"Actual Total Time": 221.834,"Actual Rows": 1,"Actual Loops": 1,"Plans": [{"Node Type": "Gather","Parent Relationship": "Outer","Parallel Aware": false,"Async Capable": false,"Startup Cost": 116739.05,"Total Cost": 116739.46,"Plan Rows": 4,"Plan Width": 64,"Actual Startup Time": 205.325,"Actual Total Time": 221.800,"Actual Rows": 5,"Actual Loops": 1,"Workers Planned": 4,"Workers Launched": 4,"Single Copy": false,"Plans": [{"Node Type": "Aggregate","Strategy": "Plain","Partial Mode": "Partial","Parent Relationship": "Outer","Parallel Aware": false,"Async Capable": false,"Startup Cost": 115739.05,"Total Cost": 115739.06,"Plan Rows": 1,"Plan Width": 64,"Actual Startup Time": 197.703,"Actual Total Time": 197.711,"Actual Rows": 1,"Actual Loops": 5,"Workers": [],"Plans": [{"Node Type": "Hash Join","Parent Relationship": "Outer","Parallel Aware": true,"Async Capable": false,"Join Type": "Inner","Startup Cost": 7981.52,"Total Cost": 115397.11,"Plan Rows": 19539,"Plan Width": 33,"Actual Startup Time": 72.726,"Actual Total Time": 192.051,"Actual Rows": 13912,"Actual Loops": 5,"Inner Unique": true,"Hash Cond": "(lineitem.l_partkey = part.p_partkey)","Workers": [],"Plans": [{"Node Type": "Bitmap Heap Scan","Parent Relationship": "Outer","Parallel Aware": true,"Async Capable": false,"Relation Name": "lineitem","Alias": "lineitem","Startup Cost": 2009.52,"Total Cost": 109373.83,"Plan Rows": 19539,"Plan Width": 16,"Actual Startup Time": 32.073,"Actual Total Time": 122.872,"Actual Rows": 13912,"Actual Loops": 5,"Recheck Cond": "((l_shipdate >= '1994-02-01'::date) AND (l_shipdate < '1994-03-01 00:00:00'::timestamp without time zone))","Rows Removed by Index Recheck": 0,"Exact Heap Blocks": 7943,"Lossy Heap Blocks": 0,"Workers": [],"Plans": [{"Node Type": "Bitmap Index Scan","Parent Relationship": "Outer","Parallel Aware": false,"Async Capable": false,"Index Name": "idx_lineitem_shipdate","Startup Cost": 0.00,"Total Cost": 1989.98,"Plan Rows": 78155,"Plan Width": 0,"Actual Startup Time": 25.713,"Actual Total Time": 25.716,"Actual Rows": 69561,"Actual Loops": 1,"Index Cond": "((l_shipdate >= '1994-02-01'::date) AND (l_shipdate < '1994-03-01 00:00:00'::timestamp without time zone))","Workers": []}]},{"Node Type": "Hash","Parent Relationship": "Inner","Parallel Aware": true,"Async Capable": false,"Startup Cost": 4930.33,"Total Cost": 4930.33,"Plan Rows": 83333,"Plan Width": 25,"Actual Startup Time": 39.838,"Actual Total Time": 39.841,"Actual Rows": 40000,"Actual Loops": 5,"Hash Buckets": 262144,"Original Hash Buckets": 262144,"Hash Batches": 1,"Original Hash Batches": 1,"Peak Memory Usage": 14208,"Workers": [],"Plans": [{"Node Type": "Seq Scan","Parent Relationship": "Outer","Parallel Aware": true,"Async Capable": false,"Relation Name": "part","Alias": "part","Startup Cost": 0.00,"Total Cost": 4930.33,"Plan Rows": 83333,"Plan Width": 25,"Actual Startup Time": 0.036,"Actual Total Time": 16.923,"Actual Rows": 40000,"Actual Loops": 5,"Workers": []}]}]}]}]}]},"Planning Time": 4.192,"Triggers": [],"Execution Time": 222.123}]
[{"Plan": {"Node Type": "Aggregate","Strategy": "Plain","Partial Mode": "Finalize","Parallel Aware": false,"Async Capable": false,"Startup Cost": 113218.94,"Total Cost": 113218.95,"Plan Rows": 1,"Plan Width": 32,"Actual Startup Time": 194.649,"Actual Total Time": 213.032,"Actual Rows": 1,"Actual Loops": 1,"Plans": [{"Node Type": "Gather","Parent Relationship": "Outer","Parallel Aware": false,"Async Capable": false,"Startup Cost": 113218.48,"Total Cost": 113218.89,"Plan Rows": 4,"Plan Width": 64,"Actual Startup Time": 192.819,"Actual Total Time": 212.981,"Actual Rows": 5,"Actual Loops": 1,"Workers Planned": 4,"Workers Launched": 4,"Single Copy": false,"Plans": [{"Node Type": "Aggregate","Strategy": "Plain","Partial Mode": "Partial","Parent Relationship": "Outer","Parallel Aware": false,"Async Capable": false,"Startup Cost": 112218.48,"Total Cost": 112218.49,"Plan Rows": 1,"Plan Width": 64,"Actual Startup Time": 185.533,"Actual Total Time": 185.546,"Actual Rows": 1,"Actual Loops": 5,"Workers": [],"Plans": [{"Node Type": "Hash Join","Parent Relationship": "Outer","Parallel Aware": true,"Async Capable": false,"Join Type": "Inner","Startup Cost": 7801.26,"Total Cost": 111907.40,"Plan Rows": 17776,"Plan Width": 33,"Actual Startup Time": 62.701,"Actual Total Time": 179.658,"Actual Rows": 15037,"Actual Loops": 5,"Inner Unique": true,"Hash Cond": "(lineitem.l_partkey = part.p_partkey)","Workers": [],"Plans": [{"Node Type": "Bitmap Heap Scan","Parent Relationship": "Outer","Parallel Aware": true,"Async Capable": false,"Relation Name": "lineitem","Alias": "lineitem","Startup Cost": 1829.27,"Total Cost": 105888.74,"Plan Rows": 17776,"Plan Width": 16,"Actual Startup Time": 22.642,"Actual Total Time": 109.385,"Actual Rows": 15037,"Actual Loops": 5,"Recheck Cond": "((l_shipdate >= '1994-04-01'::date) AND (l_shipdate < '1994-05-01 00:00:00'::timestamp without time zone))","Rows Removed by Index Recheck": 0,"Exact Heap Blocks": 8227,"Lossy Heap Blocks": 0,"Workers": [],"Plans": [{"Node Type": "Bitmap Index Scan","Parent Relationship": "Outer","Parallel Aware": false,"Async Capable": false,"Index Name": "idx_lineitem_shipdate","Startup Cost": 0.00,"Total Cost": 1811.49,"Plan Rows": 71106,"Plan Width": 0,"Actual Startup Time": 16.363,"Actual Total Time": 16.364,"Actual Rows": 75186,"Actual Loops": 1,"Index Cond": "((l_shipdate >= '1994-04-01'::date) AND (l_shipdate < '1994-05-01 00:00:00'::timestamp without time zone))","Workers": []}]},{"Node Type": "Hash","Parent Relationship": "Inner","Parallel Aware": true,"Async Capable": false,"Startup Cost": 4930.33,"Total Cost": 4930.33,"Plan Rows": 83333,"Plan Width": 25,"Actual Startup Time": 39.333,"Actual Total Time": 39.338,"Actual Rows": 40000,"Actual Loops": 5,"Hash Buckets": 262144,"Original Hash Buckets": 262144,"Hash Batches": 1,"Original Hash Batches": 1,"Peak Memory Usage": 14208,"Workers": [],"Plans": [{"Node Type": "Seq Scan","Parent Relationship": "Outer","Parallel Aware": true,"Async Capable": false,"Relation Name": "part","Alias": "part","Startup Cost": 0.00,"Total Cost": 4930.33,"Plan Rows": 83333,"Plan Width": 25,"Actual Startup Time": 0.038,"Actual Total Time": 17.251,"Actual Rows": 40000,"Actual Loops": 5,"Workers": []}]}]}]}]}]},"Planning Time": 3.987,"Triggers": [],"Execution Time": 213.305}]
[{"Plan": {"Node Type": "Aggregate","Strategy": "Plain","Partial Mode": "Finalize","Parallel Aware": false,"Async Capable": false,"Startup Cost": 114725.33,"Total Cost": 114725.34,"Plan Rows": 1,"Plan Width": 32,"Actual Startup Time": 192.923,"Actual Total Time": 209.763,"Actual Rows": 1,"Actual Loops": 1,"Plans": [{"Node Type": "Gather","Parent Relationship": "Outer","Parallel Aware": false,"Async Capable": false,"Startup Cost": 114724.87,"Total Cost": 114725.28,"Plan Rows": 4,"Plan Width": 64,"Actual Startup Time": 191.499,"Actual Total Time": 209.727,"Actual Rows": 5,"Actual Loops": 1,"Workers Planned": 4,"Workers Launched": 4,"Single Copy": false,"Plans": [{"Node Type": "Aggregate","Strategy": "Plain","Partial Mode": "Partial","Parent Relationship": "Outer","Parallel Aware": false,"Async Capable": false,"Startup Cost": 113724.87,"Total Cost": 113724.88,"Plan Rows": 1,"Plan Width": 64,"Actual Startup Time": 183.203,"Actual Total Time": 183.211,"Actual Rows": 1,"Actual Loops": 5,"Workers": [],"Plans": [{"Node Type": "Hash Join","Parent Relationship": "Outer","Parallel Aware": true,"Async Capable": false,"Join Type": "Inner","Startup Cost": 7874.68,"Total Cost": 113401.22,"Plan Rows": 18494,"Plan Width": 33,"Actual Startup Time": 59.447,"Actual Total Time": 177.013,"Actual Rows": 15439,"Actual Loops": 5,"Inner Unique": true,"Hash Cond": "(lineitem.l_partkey = part.p_partkey)","Workers": [],"Plans": [{"Node Type": "Bitmap Heap Scan","Parent Relationship": "Outer","Parallel Aware": true,"Async Capable": false,"Relation Name": "lineitem","Alias": "lineitem","Startup Cost": 1902.69,"Total Cost": 107380.68,"Plan Rows": 18494,"Plan Width": 16,"Actual Startup Time": 22.483,"Actual Total Time": 108.769,"Actual Rows": 15439,"Actual Loops": 5,"Recheck Cond": "((l_shipdate >= '1993-03-01'::date) AND (l_shipdate < '1993-04-01 00:00:00'::timestamp without time zone))","Rows Removed by Index Recheck": 0,"Exact Heap Blocks": 7570,"Lossy Heap Blocks": 0,"Workers": [],"Plans": [{"Node Type": "Bitmap Index Scan","Parent Relationship": "Outer","Parallel Aware": false,"Async Capable": false,"Index Name": "idx_lineitem_shipdate","Startup Cost": 0.00,"Total Cost": 1884.19,"Plan Rows": 73976,"Plan Width": 0,"Actual Startup Time": 16.141,"Actual Total Time": 16.143,"Actual Rows": 77194,"Actual Loops": 1,"Index Cond": "((l_shipdate >= '1993-03-01'::date) AND (l_shipdate < '1993-04-01 00:00:00'::timestamp without time zone))","Workers": []}]},{"Node Type": "Hash","Parent Relationship": "Inner","Parallel Aware": true,"Async Capable": false,"Startup Cost": 4930.33,"Total Cost": 4930.33,"Plan Rows": 83333,"Plan Width": 25,"Actual Startup Time": 36.196,"Actual Total Time": 36.199,"Actual Rows": 40000,"Actual Loops": 5,"Hash Buckets": 262144,"Original Hash Buckets": 262144,"Hash Batches": 1,"Original Hash Batches": 1,"Peak Memory Usage": 14176,"Workers": [],"Plans": [{"Node Type": "Seq Scan","Parent Relationship": "Outer","Parallel Aware": true,"Async Capable": false,"Relation Name": "part","Alias": "part","Startup Cost": 0.00,"Total Cost": 4930.33,"Plan Rows": 83333,"Plan Width": 25,"Actual Startup Time": 0.033,"Actual Total Time": 16.359,"Actual Rows": 40000,"Actual Loops": 5,"Workers": []}]}]}]}]}]},"Planning Time": 5.414,"Triggers": [],"Execution Time": 210.129}]
[{"Plan": {"Node Type": "Aggregate","Strategy": "Plain","Partial Mode": "Finalize","Parallel Aware": false,"Async Capable": false,"Startup Cost": 115034.55,"Total Cost": 115034.56,"Plan Rows": 1,"Plan Width": 32,"Actual Startup Time": 211.171,"Actual Total Time": 229.828,"Actual Rows": 1,"Actual Loops": 1,"Plans": [{"Node Type": "Gather","Parent Relationship": "Outer","Parallel Aware": false,"Async Capable": false,"Startup Cost": 115034.09,"Total Cost": 115034.50,"Plan Rows": 4,"Plan Width": 64,"Actual Startup Time": 209.630,"Actual Total Time": 229.791,"Actual Rows": 5,"Actual Loops": 1,"Workers Planned": 4,"Workers Launched": 4,"Single Copy": false,"Plans": [{"Node Type": "Aggregate","Strategy": "Plain","Partial Mode": "Partial","Parent Relationship": "Outer","Parallel Aware": false,"Async Capable": false,"Startup Cost": 114034.09,"Total Cost": 114034.10,"Plan Rows": 1,"Plan Width": 64,"Actual Startup Time": 202.318,"Actual Total Time": 202.325,"Actual Rows": 1,"Actual Loops": 5,"Workers": [],"Plans": [{"Node Type": "Hash Join","Parent Relationship": "Outer","Parallel Aware": true,"Async Capable": false,"Join Type": "Inner","Startup Cost": 7889.01,"Total Cost": 113707.75,"Plan Rows": 18648,"Plan Width": 33,"Actual Startup Time": 73.099,"Actual Total Time": 196.221,"Actual Rows": 15467,"Actual Loops": 5,"Inner Unique": true,"Hash Cond": "(lineitem.l_partkey = part.p_partkey)","Workers": [],"Plans": [{"Node Type": "Bitmap Heap Scan","Parent Relationship": "Outer","Parallel Aware": true,"Async Capable": false,"Relation Name": "lineitem","Alias": "lineitem","Startup Cost": 1917.01,"Total Cost": 107686.80,"Plan Rows": 18648,"Plan Width": 16,"Actual Startup Time": 32.721,"Actual Total Time": 124.933,"Actual Rows": 15467,"Actual Loops": 5,"Recheck Cond": "((l_shipdate >= '1996-08-01'::date) AND (l_shipdate < '1996-09-01 00:00:00'::timestamp without time zone))","Rows Removed by Index Recheck": 0,"Exact Heap Blocks": 8255,"Lossy Heap Blocks": 0,"Workers": [],"Plans": [{"Node Type": "Bitmap Index Scan","Parent Relationship": "Outer","Parallel Aware": false,"Async Capable": false,"Index Name": "idx_lineitem_shipdate","Startup Cost": 0.00,"Total Cost": 1898.36,"Plan Rows": 74593,"Plan Width": 0,"Actual Startup Time": 26.077,"Actual Total Time": 26.080,"Actual Rows": 77336,"Actual Loops": 1,"Index Cond": "((l_shipdate >= '1996-08-01'::date) AND (l_shipdate < '1996-09-01 00:00:00'::timestamp without time zone))","Workers": []}]},{"Node Type": "Hash","Parent Relationship": "Inner","Parallel Aware": true,"Async Capable": false,"Startup Cost": 4930.33,"Total Cost": 4930.33,"Plan Rows": 83333,"Plan Width": 25,"Actual Startup Time": 39.626,"Actual Total Time": 39.628,"Actual Rows": 40000,"Actual Loops": 5,"Hash Buckets": 262144,"Original Hash Buckets": 262144,"Hash Batches": 1,"Original Hash Batches": 1,"Peak Memory Usage": 14240,"Workers": [],"Plans": [{"Node Type": "Seq Scan","Parent Relationship": "Outer","Parallel Aware": true,"Async Capable": false,"Relation Name": "part","Alias": "part","Startup Cost": 0.00,"Total Cost": 4930.33,"Plan Rows": 83333,"Plan Width": 25,"Actual Startup Time": 0.029,"Actual Total Time": 17.199,"Actual Rows": 40000,"Actual Loops": 5,"Workers": []}]}]}]}]}]},"Planning Time": 4.716,"Triggers": [],"Execution Time": 230.134}]
[{"Plan": {"Node Type": "Aggregate","Strategy": "Plain","Partial Mode": "Finalize","Parallel Aware": false,"Async Capable": false,"Startup Cost": 112298.08,"Total Cost": 112298.10,"Plan Rows": 1,"Plan Width": 32,"Actual Startup Time": 191.070,"Actual Total Time": 208.503,"Actual Rows": 1,"Actual Loops": 1,"Plans": [{"Node Type": "Gather","Parent Relationship": "Outer","Parallel Aware": false,"Async Capable": false,"Startup Cost": 112297.63,"Total Cost": 112298.04,"Plan Rows": 4,"Plan Width": 64,"Actual Startup Time": 190.184,"Actual Total Time": 208.450,"Actual Rows": 5,"Actual Loops": 1,"Workers Planned": 4,"Workers Launched": 4,"Single Copy": false,"Plans": [{"Node Type": "Aggregate","Strategy": "Plain","Partial Mode": "Partial","Parent Relationship": "Outer","Parallel Aware": false,"Async Capable": false,"Startup Cost": 111297.63,"Total Cost": 111297.64,"Plan Rows": 1,"Plan Width": 64,"Actual Startup Time": 182.728,"Actual Total Time": 182.742,"Actual Rows": 1,"Actual Loops": 5,"Workers": [],"Plans": [{"Node Type": "Hash Join","Parent Relationship": "Outer","Parallel Aware": true,"Async Capable": false,"Join Type": "Inner","Startup Cost": 7756.28,"Total Cost": 110993.79,"Plan Rows": 17362,"Plan Width": 33,"Actual Startup Time": 66.345,"Actual Total Time": 176.801,"Actual Rows": 15010,"Actual Loops": 5,"Inner Unique": true,"Hash Cond": "(lineitem.l_partkey = part.p_partkey)","Workers": [],"Plans": [{"Node Type": "Bitmap Heap Scan","Parent Relationship": "Outer","Parallel Aware": true,"Async Capable": false,"Relation Name": "lineitem","Alias": "lineitem","Startup Cost": 1784.28,"Total Cost": 104976.22,"Plan Rows": 17362,"Plan Width": 16,"Actual Startup Time": 32.103,"Actual Total Time": 119.300,"Actual Rows": 15010,"Actual Loops": 5,"Recheck Cond": "((l_shipdate >= '1995-11-01'::date) AND (l_shipdate < '1995-12-01 00:00:00'::timestamp without time zone))","Rows Removed by Index Recheck": 0,"Exact Heap Blocks": 8065,"Lossy Heap Blocks": 0,"Workers": [],"Plans": [{"Node Type": "Bitmap Index Scan","Parent Relationship": "Outer","Parallel Aware": false,"Async Capable": false,"Index Name": "idx_lineitem_shipdate","Startup Cost": 0.00,"Total Cost": 1766.92,"Plan Rows": 69449,"Plan Width": 0,"Actual Startup Time": 25.535,"Actual Total Time": 25.540,"Actual Rows": 75052,"Actual Loops": 1,"Index Cond": "((l_shipdate >= '1995-11-01'::date) AND (l_shipdate < '1995-12-01 00:00:00'::timestamp without time zone))","Workers": []}]},{"Node Type": "Hash","Parent Relationship": "Inner","Parallel Aware": true,"Async Capable": false,"Startup Cost": 4930.33,"Total Cost": 4930.33,"Plan Rows": 83333,"Plan Width": 25,"Actual Startup Time": 33.591,"Actual Total Time": 33.596,"Actual Rows": 40000,"Actual Loops": 5,"Hash Buckets": 262144,"Original Hash Buckets": 262144,"Hash Batches": 1,"Original Hash Batches": 1,"Peak Memory Usage": 14176,"Workers": [],"Plans": [{"Node Type": "Seq Scan","Parent Relationship": "Outer","Parallel Aware": true,"Async Capable": false,"Relation Name": "part","Alias": "part","Startup Cost": 0.00,"Total Cost": 4930.33,"Plan Rows": 83333,"Plan Width": 25,"Actual Startup Time": 0.028,"Actual Total Time": 14.589,"Actual Rows": 40000,"Actual Loops": 5,"Workers": []}]}]}]}]}]},"Planning Time": 4.131,"Triggers": [],"Execution Time": 208.779}]
[{"Plan": {"Node Type": "Aggregate","Strategy": "Plain","Partial Mode": "Finalize","Parallel Aware": false,"Async Capable": false,"Startup Cost": 114988.17,"Total Cost": 114988.19,"Plan Rows": 1,"Plan Width": 32,"Actual Startup Time": 191.420,"Actual Total Time": 208.040,"Actual Rows": 1,"Actual Loops": 1,"Plans": [{"Node Type": "Gather","Parent Relationship": "Outer","Parallel Aware": false,"Async Capable": false,"Startup Cost": 114987.72,"Total Cost": 114988.13,"Plan Rows": 4,"Plan Width": 64,"Actual Startup Time": 190.087,"Actual Total Time": 207.994,"Actual Rows": 5,"Actual Loops": 1,"Workers Planned": 4,"Workers Launched": 4,"Single Copy": false,"Plans": [{"Node Type": "Aggregate","Strategy": "Plain","Partial Mode": "Partial","Parent Relationship": "Outer","Parallel Aware": false,"Async Capable": false,"Startup Cost": 113987.72,"Total Cost": 113987.73,"Plan Rows": 1,"Plan Width": 64,"Actual Startup Time": 182.433,"Actual Total Time": 182.445,"Actual Rows": 1,"Actual Loops": 5,"Workers": [],"Plans": [{"Node Type": "Hash Join","Parent Relationship": "Outer","Parallel Aware": true,"Async Capable": false,"Join Type": "Inner","Startup Cost": 7888.03,"Total Cost": 113661.79,"Plan Rows": 18624,"Plan Width": 33,"Actual Startup Time": 61.927,"Actual Total Time": 176.320,"Actual Rows": 15394,"Actual Loops": 5,"Inner Unique": true,"Hash Cond": "(lineitem.l_partkey = part.p_partkey)","Workers": [],"Plans": [{"Node Type": "Bitmap Heap Scan","Parent Relationship": "Outer","Parallel Aware": true,"Async Capable": false,"Relation Name": "lineitem","Alias": "lineitem","Startup Cost": 1916.04,"Total Cost": 107640.91,"Plan Rows": 18624,"Plan Width": 16,"Actual Startup Time": 24.987,"Actual Total Time": 110.729,"Actual Rows": 15394,"Actual Loops": 5,"Recheck Cond": "((l_shipdate >= '1996-07-01'::date) AND (l_shipdate < '1996-08-01 00:00:00'::timestamp without time zone))","Rows Removed by Index Recheck": 0,"Exact Heap Blocks": 7965,"Lossy Heap Blocks": 0,"Workers": [],"Plans": [{"Node Type": "Bitmap Index Scan","Parent Relationship": "Outer","Parallel Aware": false,"Async Capable": false,"Index Name": "idx_lineitem_shipdate","Startup Cost": 0.00,"Total Cost": 1897.41,"Plan Rows": 74498,"Plan Width": 0,"Actual Startup Time": 18.517,"Actual Total Time": 18.520,"Actual Rows": 76969,"Actual Loops": 1,"Index Cond": "((l_shipdate >= '1996-07-01'::date) AND (l_shipdate < '1996-08-01 00:00:00'::timestamp without time zone))","Workers": []}]},{"Node Type": "Hash","Parent Relationship": "Inner","Parallel Aware": true,"Async Capable": false,"Startup Cost": 4930.33,"Total Cost": 4930.33,"Plan Rows": 83333,"Plan Width": 25,"Actual Startup Time": 36.145,"Actual Total Time": 36.150,"Actual Rows": 40000,"Actual Loops": 5,"Hash Buckets": 262144,"Original Hash Buckets": 262144,"Hash Batches": 1,"Original Hash Batches": 1,"Peak Memory Usage": 14240,"Workers": [],"Plans": [{"Node Type": "Seq Scan","Parent Relationship": "Outer","Parallel Aware": true,"Async Capable": false,"Relation Name": "part","Alias": "part","Startup Cost": 0.00,"Total Cost": 4930.33,"Plan Rows": 83333,"Plan Width": 25,"Actual Startup Time": 0.045,"Actual Total Time": 16.144,"Actual Rows": 40000,"Actual Loops": 5,"Workers": []}]}]}]}]}]},"Planning Time": 3.961,"Triggers": [],"Execution Time": 208.334}]
[{"Plan": {"Node Type": "Aggregate","Strategy": "Plain","Partial Mode": "Finalize","Parallel Aware": false,"Async Capable": false,"Startup Cost": 118354.30,"Total Cost": 118354.31,"Plan Rows": 1,"Plan Width": 32,"Actual Startup Time": 196.372,"Actual Total Time": 212.365,"Actual Rows": 1,"Actual Loops": 1,"Plans": [{"Node Type": "Gather","Parent Relationship": "Outer","Parallel Aware": false,"Async Capable": false,"Startup Cost": 118353.84,"Total Cost": 118354.25,"Plan Rows": 4,"Plan Width": 64,"Actual Startup Time": 194.980,"Actual Total Time": 212.328,"Actual Rows": 5,"Actual Loops": 1,"Workers Planned": 4,"Workers Launched": 4,"Single Copy": false,"Plans": [{"Node Type": "Aggregate","Strategy": "Plain","Partial Mode": "Partial","Parent Relationship": "Outer","Parallel Aware": false,"Async Capable": false,"Startup Cost": 117353.84,"Total Cost": 117353.85,"Plan Rows": 1,"Plan Width": 64,"Actual Startup Time": 186.697,"Actual Total Time": 186.710,"Actual Rows": 1,"Actual Loops": 5,"Workers": [],"Plans": [{"Node Type": "Hash Join","Parent Relationship": "Outer","Parallel Aware": true,"Async Capable": false,"Join Type": "Inner","Startup Cost": 8075.36,"Total Cost": 116995.75,"Plan Rows": 20462,"Plan Width": 33,"Actual Startup Time": 68.213,"Actual Total Time": 180.686,"Actual Rows": 14935,"Actual Loops": 5,"Inner Unique": true,"Hash Cond": "(lineitem.l_partkey = part.p_partkey)","Workers": [],"Plans": [{"Node Type": "Bitmap Heap Scan","Parent Relationship": "Outer","Parallel Aware": true,"Async Capable": false,"Relation Name": "lineitem","Alias": "lineitem","Startup Cost": 2103.36,"Total Cost": 110970.05,"Plan Rows": 20462,"Plan Width": 16,"Actual Startup Time": 22.866,"Actual Total Time": 104.635,"Actual Rows": 14935,"Actual Loops": 5,"Recheck Cond": "((l_shipdate >= '1996-04-01'::date) AND (l_shipdate < '1996-05-01 00:00:00'::timestamp without time zone))","Rows Removed by Index Recheck": 0,"Exact Heap Blocks": 7954,"Lossy Heap Blocks": 0,"Workers": [],"Plans": [{"Node Type": "Bitmap Index Scan","Parent Relationship": "Outer","Parallel Aware": false,"Async Capable": false,"Index Name": "idx_lineitem_shipdate","Startup Cost": 0.00,"Total Cost": 2082.90,"Plan Rows": 81847,"Plan Width": 0,"Actual Startup Time": 16.559,"Actual Total Time": 16.564,"Actual Rows": 74677,"Actual Loops": 1,"Index Cond": "((l_shipdate >= '1996-04-01'::date) AND (l_shipdate < '1996-05-01 00:00:00'::timestamp without time zone))","Workers": []}]},{"Node Type": "Hash","Parent Relationship": "Inner","Parallel Aware": true,"Async Capable": false,"Startup Cost": 4930.33,"Total Cost": 4930.33,"Plan Rows": 83333,"Plan Width": 25,"Actual Startup Time": 44.463,"Actual Total Time": 44.467,"Actual Rows": 40000,"Actual Loops": 5,"Hash Buckets": 262144,"Original Hash Buckets": 262144,"Hash Batches": 1,"Original Hash Batches": 1,"Peak Memory Usage": 14208,"Workers": [],"Plans": [{"Node Type": "Seq Scan","Parent Relationship": "Outer","Parallel Aware": true,"Async Capable": false,"Relation Name": "part","Alias": "part","Startup Cost": 0.00,"Total Cost": 4930.33,"Plan Rows": 83333,"Plan Width": 25,"Actual Startup Time": 0.042,"Actual Total Time": 19.874,"Actual Rows": 40000,"Actual Loops": 5,"Workers": []}]}]}]}]}]},"Planning Time": 4.311,"Triggers": [],"Execution Time": 212.662}]
[{"Plan": {"Node Type": "Aggregate","Strategy": "Plain","Partial Mode": "Finalize","Parallel Aware": false,"Async Capable": false,"Startup Cost": 116423.51,"Total Cost": 116423.52,"Plan Rows": 1,"Plan Width": 32,"Actual Startup Time": 193.419,"Actual Total Time": 210.903,"Actual Rows": 1,"Actual Loops": 1,"Plans": [{"Node Type": "Gather","Parent Relationship": "Outer","Parallel Aware": false,"Async Capable": false,"Startup Cost": 116423.05,"Total Cost": 116423.46,"Plan Rows": 4,"Plan Width": 64,"Actual Startup Time": 191.772,"Actual Total Time": 210.852,"Actual Rows": 5,"Actual Loops": 1,"Workers Planned": 4,"Workers Launched": 4,"Single Copy": false,"Plans": [{"Node Type": "Aggregate","Strategy": "Plain","Partial Mode": "Partial","Parent Relationship": "Outer","Parallel Aware": false,"Async Capable": false,"Startup Cost": 115423.05,"Total Cost": 115423.06,"Plan Rows": 1,"Plan Width": 64,"Actual Startup Time": 184.034,"Actual Total Time": 184.046,"Actual Rows": 1,"Actual Loops": 5,"Workers": [],"Plans": [{"Node Type": "Hash Join","Parent Relationship": "Outer","Parallel Aware": true,"Async Capable": false,"Join Type": "Inner","Startup Cost": 7962.54,"Total Cost": 115084.11,"Plan Rows": 19368,"Plan Width": 33,"Actual Startup Time": 59.026,"Actual Total Time": 177.787,"Actual Rows": 15441,"Actual Loops": 5,"Inner Unique": true,"Hash Cond": "(lineitem.l_partkey = part.p_partkey)","Workers": [],"Plans": [{"Node Type": "Bitmap Heap Scan","Parent Relationship": "Outer","Parallel Aware": true,"Async Capable": false,"Relation Name": "lineitem","Alias": "lineitem","Startup Cost": 1990.54,"Total Cost": 109061.27,"Plan Rows": 19368,"Plan Width": 16,"Actual Startup Time": 22.262,"Actual Total Time": 110.318,"Actual Rows": 15441,"Actual Loops": 5,"Recheck Cond": "((l_shipdate >= '1995-12-01'::date) AND (l_shipdate < '1996-01-01 00:00:00'::timestamp without time zone))","Rows Removed by Index Recheck": 0,"Exact Heap Blocks": 7749,"Lossy Heap Blocks": 0,"Workers": [],"Plans": [{"Node Type": "Bitmap Index Scan","Parent Relationship": "Outer","Parallel Aware": false,"Async Capable": false,"Index Name": "idx_lineitem_shipdate","Startup Cost": 0.00,"Total Cost": 1971.17,"Plan Rows": 77474,"Plan Width": 0,"Actual Startup Time": 16.016,"Actual Total Time": 16.018,"Actual Rows": 77203,"Actual Loops": 1,"Index Cond": "((l_shipdate >= '1995-12-01'::date) AND (l_shipdate < '1996-01-01 00:00:00'::timestamp without time zone))","Workers": []}]},{"Node Type": "Hash","Parent Relationship": "Inner","Parallel Aware": true,"Async Capable": false,"Startup Cost": 4930.33,"Total Cost": 4930.33,"Plan Rows": 83333,"Plan Width": 25,"Actual Startup Time": 36.084,"Actual Total Time": 36.088,"Actual Rows": 40000,"Actual Loops": 5,"Hash Buckets": 262144,"Original Hash Buckets": 262144,"Hash Batches": 1,"Original Hash Batches": 1,"Peak Memory Usage": 14208,"Workers": [],"Plans": [{"Node Type": "Seq Scan","Parent Relationship": "Outer","Parallel Aware": true,"Async Capable": false,"Relation Name": "part","Alias": "part","Startup Cost": 0.00,"Total Cost": 4930.33,"Plan Rows": 83333,"Plan Width": 25,"Actual Startup Time": 0.025,"Actual Total Time": 17.161,"Actual Rows": 40000,"Actual Loops": 5,"Workers": []}]}]}]}]}]},"Planning Time": 5.431,"Triggers": [],"Execution Time": 211.162}]
[{"Plan": {"Node Type": "Aggregate","Strategy": "Plain","Partial Mode": "Finalize","Parallel Aware": false,"Async Capable": false,"Startup Cost": 115729.57,"Total Cost": 115729.59,"Plan Rows": 1,"Plan Width": 32,"Actual Startup Time": 204.888,"Actual Total Time": 221.461,"Actual Rows": 1,"Actual Loops": 1,"Plans": [{"Node Type": "Gather","Parent Relationship": "Outer","Parallel Aware": false,"Async Capable": false,"Startup Cost": 115729.12,"Total Cost": 115729.53,"Plan Rows": 4,"Plan Width": 64,"Actual Startup Time": 203.543,"Actual Total Time": 221.416,"Actual Rows": 5,"Actual Loops": 1,"Workers Planned": 4,"Workers Launched": 4,"Single Copy": false,"Plans": [{"Node Type": "Aggregate","Strategy": "Plain","Partial Mode": "Partial","Parent Relationship": "Outer","Parallel Aware": false,"Async Capable": false,"Startup Cost": 114729.12,"Total Cost": 114729.13,"Plan Rows": 1,"Plan Width": 64,"Actual Startup Time": 195.848,"Actual Total Time": 195.864,"Actual Rows": 1,"Actual Loops": 5,"Workers": [],"Plans": [{"Node Type": "Hash Join","Parent Relationship": "Outer","Parallel Aware": true,"Async Capable": false,"Join Type": "Inner","Startup Cost": 7927.48,"Total Cost": 114396.59,"Plan Rows": 19001,"Plan Width": 33,"Actual Startup Time": 68.169,"Actual Total Time": 189.649,"Actual Rows": 15436,"Actual Loops": 5,"Inner Unique": true,"Hash Cond": "(lineitem.l_partkey = part.p_partkey)","Workers": [],"Plans": [{"Node Type": "Bitmap Heap Scan","Parent Relationship": "Outer","Parallel Aware": true,"Async Capable": false,"Relation Name": "lineitem","Alias": "lineitem","Startup Cost": 1955.48,"Total Cost": 108374.72,"Plan Rows": 19001,"Plan Width": 16,"Actual Startup Time": 32.679,"Actual Total Time": 124.661,"Actual Rows": 15436,"Actual Loops": 5,"Recheck Cond": "((l_shipdate >= '1996-03-01'::date) AND (l_shipdate < '1996-04-01 00:00:00'::timestamp without time zone))","Rows Removed by Index Recheck": 0,"Exact Heap Blocks": 7444,"Lossy Heap Blocks": 0,"Workers": [],"Plans": [{"Node Type": "Bitmap Index Scan","Parent Relationship": "Outer","Parallel Aware": false,"Async Capable": false,"Index Name": "idx_lineitem_shipdate","Startup Cost": 0.00,"Total Cost": 1936.48,"Plan Rows": 76005,"Plan Width": 0,"Actual Startup Time": 26.050,"Actual Total Time": 26.055,"Actual Rows": 77182,"Actual Loops": 1,"Index Cond": "((l_shipdate >= '1996-03-01'::date) AND (l_shipdate < '1996-04-01 00:00:00'::timestamp without time zone))","Workers": []}]},{"Node Type": "Hash","Parent Relationship": "Inner","Parallel Aware": true,"Async Capable": false,"Startup Cost": 4930.33,"Total Cost": 4930.33,"Plan Rows": 83333,"Plan Width": 25,"Actual Startup Time": 34.792,"Actual Total Time": 34.798,"Actual Rows": 40000,"Actual Loops": 5,"Hash Buckets": 262144,"Original Hash Buckets": 262144,"Hash Batches": 1,"Original Hash Batches": 1,"Peak Memory Usage": 14240,"Workers": [],"Plans": [{"Node Type": "Seq Scan","Parent Relationship": "Outer","Parallel Aware": true,"Async Capable": false,"Relation Name": "part","Alias": "part","Startup Cost": 0.00,"Total Cost": 4930.33,"Plan Rows": 83333,"Plan Width": 25,"Actual Startup Time": 0.032,"Actual Total Time": 15.195,"Actual Rows": 40000,"Actual Loops": 5,"Workers": []}]}]}]}]}]},"Planning Time": 5.059,"Triggers": [],"Execution Time": 221.816}]
[{"Plan": {"Node Type": "Aggregate","Strategy": "Plain","Partial Mode": "Finalize","Parallel Aware": false,"Async Capable": false,"Startup Cost": 113767.70,"Total Cost": 113767.71,"Plan Rows": 1,"Plan Width": 32,"Actual Startup Time": 201.354,"Actual Total Time": 217.629,"Actual Rows": 1,"Actual Loops": 1,"Plans": [{"Node Type": "Gather","Parent Relationship": "Outer","Parallel Aware": false,"Async Capable": false,"Startup Cost": 113767.24,"Total Cost": 113767.65,"Plan Rows": 4,"Plan Width": 64,"Actual Startup Time": 198.999,"Actual Total Time": 217.582,"Actual Rows": 5,"Actual Loops": 1,"Workers Planned": 4,"Workers Launched": 4,"Single Copy": false,"Plans": [{"Node Type": "Aggregate","Strategy": "Plain","Partial Mode": "Partial","Parent Relationship": "Outer","Parallel Aware": false,"Async Capable": false,"Startup Cost": 112767.24,"Total Cost": 112767.25,"Plan Rows": 1,"Plan Width": 64,"Actual Startup Time": 191.550,"Actual Total Time": 191.562,"Actual Rows": 1,"Actual Loops": 5,"Workers": [],"Plans": [{"Node Type": "Hash Join","Parent Relationship": "Outer","Parallel Aware": true,"Async Capable": false,"Join Type": "Inner","Startup Cost": 7827.74,"Total Cost": 112451.68,"Plan Rows": 18032,"Plan Width": 33,"Actual Startup Time": 62.703,"Actual Total Time": 185.698,"Actual Rows": 14327,"Actual Loops": 5,"Inner Unique": true,"Hash Cond": "(lineitem.l_partkey = part.p_partkey)","Workers": [],"Plans": [{"Node Type": "Bitmap Heap Scan","Parent Relationship": "Outer","Parallel Aware": true,"Async Capable": false,"Relation Name": "lineitem","Alias": "lineitem","Startup Cost": 1855.74,"Total Cost": 106432.35,"Plan Rows": 18032,"Plan Width": 16,"Actual Startup Time": 28.428,"Actual Total Time": 122.517,"Actual Rows": 14327,"Actual Loops": 5,"Recheck Cond": "((l_shipdate >= '1996-02-01'::date) AND (l_shipdate < '1996-03-01 00:00:00'::timestamp without time zone))","Rows Removed by Index Recheck": 0,"Exact Heap Blocks": 8588,"Lossy Heap Blocks": 0,"Workers": [],"Plans": [{"Node Type": "Bitmap Index Scan","Parent Relationship": "Outer","Parallel Aware": false,"Async Capable": false,"Index Name": "idx_lineitem_shipdate","Startup Cost": 0.00,"Total Cost": 1837.71,"Plan Rows": 72128,"Plan Width": 0,"Actual Startup Time": 22.136,"Actual Total Time": 22.138,"Actual Rows": 71636,"Actual Loops": 1,"Index Cond": "((l_shipdate >= '1996-02-01'::date) AND (l_shipdate < '1996-03-01 00:00:00'::timestamp without time zone))","Workers": []}]},{"Node Type": "Hash","Parent Relationship": "Inner","Parallel Aware": true,"Async Capable": false,"Startup Cost": 4930.33,"Total Cost": 4930.33,"Plan Rows": 83333,"Plan Width": 25,"Actual Startup Time": 33.546,"Actual Total Time": 33.549,"Actual Rows": 40000,"Actual Loops": 5,"Hash Buckets": 262144,"Original Hash Buckets": 262144,"Hash Batches": 1,"Original Hash Batches": 1,"Peak Memory Usage": 14240,"Workers": [],"Plans": [{"Node Type": "Seq Scan","Parent Relationship": "Outer","Parallel Aware": true,"Async Capable": false,"Relation Name": "part","Alias": "part","Startup Cost": 0.00,"Total Cost": 4930.33,"Plan Rows": 83333,"Plan Width": 25,"Actual Startup Time": 0.035,"Actual Total Time": 14.470,"Actual Rows": 40000,"Actual Loops": 5,"Workers": []}]}]}]}]}]},"Planning Time": 4.716,"Triggers": [],"Execution Time": 217.907}]
[{"Plan": {"Node Type": "Aggregate","Strategy": "Plain","Partial Mode": "Finalize","Parallel Aware": false,"Async Capable": false,"Startup Cost": 117449.67,"Total Cost": 117449.68,"Plan Rows": 1,"Plan Width": 32,"Actual Startup Time": 199.712,"Actual Total Time": 217.714,"Actual Rows": 1,"Actual Loops": 1,"Plans": [{"Node Type": "Gather","Parent Relationship": "Outer","Parallel Aware": false,"Async Capable": false,"Startup Cost": 117449.21,"Total Cost": 117449.62,"Plan Rows": 4,"Plan Width": 64,"Actual Startup Time": 198.396,"Actual Total Time": 217.675,"Actual Rows": 5,"Actual Loops": 1,"Workers Planned": 4,"Workers Launched": 4,"Single Copy": false,"Plans": [{"Node Type": "Aggregate","Strategy": "Plain","Partial Mode": "Partial","Parent Relationship": "Outer","Parallel Aware": false,"Async Capable": false,"Startup Cost": 116449.21,"Total Cost": 116449.22,"Plan Rows": 1,"Plan Width": 64,"Actual Startup Time": 190.883,"Actual Total Time": 190.895,"Actual Rows": 1,"Actual Loops": 5,"Workers": [],"Plans": [{"Node Type": "Hash Join","Parent Relationship": "Outer","Parallel Aware": true,"Async Capable": false,"Join Type": "Inner","Startup Cost": 8021.73,"Total Cost": 116100.36,"Plan Rows": 19934,"Plan Width": 33,"Actual Startup Time": 64.708,"Actual Total Time": 184.712,"Actual Rows": 15580,"Actual Loops": 5,"Inner Unique": true,"Hash Cond": "(lineitem.l_partkey = part.p_partkey)","Workers": [],"Plans": [{"Node Type": "Bitmap Heap Scan","Parent Relationship": "Outer","Parallel Aware": true,"Async Capable": false,"Relation Name": "lineitem","Alias": "lineitem","Startup Cost": 2049.74,"Total Cost": 110076.04,"Plan Rows": 19934,"Plan Width": 16,"Actual Startup Time": 23.730,"Actual Total Time": 112.410,"Actual Rows": 15580,"Actual Loops": 5,"Recheck Cond": "((l_shipdate >= '1995-05-01'::date) AND (l_shipdate < '1995-06-01 00:00:00'::timestamp without time zone))","Rows Removed by Index Recheck": 0,"Exact Heap Blocks": 8270,"Lossy Heap Blocks": 0,"Workers": [],"Plans": [{"Node Type": "Bitmap Index Scan","Parent Relationship": "Outer","Parallel Aware": false,"Async Capable": false,"Index Name": "idx_lineitem_shipdate","Startup Cost": 0.00,"Total Cost": 2029.80,"Plan Rows": 79737,"Plan Width": 0,"Actual Startup Time": 17.296,"Actual Total Time": 17.299,"Actual Rows": 77900,"Actual Loops": 1,"Index Cond": "((l_shipdate >= '1995-05-01'::date) AND (l_shipdate < '1995-06-01 00:00:00'::timestamp without time zone))","Workers": []}]},{"Node Type": "Hash","Parent Relationship": "Inner","Parallel Aware": true,"Async Capable": false,"Startup Cost": 4930.33,"Total Cost": 4930.33,"Plan Rows": 83333,"Plan Width": 25,"Actual Startup Time": 40.148,"Actual Total Time": 40.152,"Actual Rows": 40000,"Actual Loops": 5,"Hash Buckets": 262144,"Original Hash Buckets": 262144,"Hash Batches": 1,"Original Hash Batches": 1,"Peak Memory Usage": 14208,"Workers": [],"Plans": [{"Node Type": "Seq Scan","Parent Relationship": "Outer","Parallel Aware": true,"Async Capable": false,"Relation Name": "part","Alias": "part","Startup Cost": 0.00,"Total Cost": 4930.33,"Plan Rows": 83333,"Plan Width": 25,"Actual Startup Time": 0.047,"Actual Total Time": 17.621,"Actual Rows": 40000,"Actual Loops": 5,"Workers": []}]}]}]}]}]},"Planning Time": 3.884,"Triggers": [],"Execution Time": 217.976}]
[{"Plan": {"Node Type": "Aggregate","Strategy": "Plain","Partial Mode": "Finalize","Parallel Aware": false,"Async Capable": false,"Startup Cost": 118140.12,"Total Cost": 118140.13,"Plan Rows": 1,"Plan Width": 32,"Actual Startup Time": 185.903,"Actual Total Time": 202.979,"Actual Rows": 1,"Actual Loops": 1,"Plans": [{"Node Type": "Gather","Parent Relationship": "Outer","Parallel Aware": false,"Async Capable": false,"Startup Cost": 118139.66,"Total Cost": 118140.07,"Plan Rows": 4,"Plan Width": 64,"Actual Startup Time": 184.390,"Actual Total Time": 202.925,"Actual Rows": 5,"Actual Loops": 1,"Workers Planned": 4,"Workers Launched": 4,"Single Copy": false,"Plans": [{"Node Type": "Aggregate","Strategy": "Plain","Partial Mode": "Partial","Parent Relationship": "Outer","Parallel Aware": false,"Async Capable": false,"Startup Cost": 117139.66,"Total Cost": 117139.67,"Plan Rows": 1,"Plan Width": 64,"Actual Startup Time": 176.869,"Actual Total Time": 176.882,"Actual Rows": 1,"Actual Loops": 5,"Workers": [],"Plans": [{"Node Type": "Hash Join","Parent Relationship": "Outer","Parallel Aware": true,"Async Capable": false,"Join Type": "Inner","Startup Cost": 8062.13,"Total Cost": 116783.81,"Plan Rows": 20334,"Plan Width": 33,"Actual Startup Time": 60.553,"Actual Total Time": 171.029,"Actual Rows": 15084,"Actual Loops": 5,"Inner Unique": true,"Hash Cond": "(lineitem.l_partkey = part.p_partkey)","Workers": [],"Plans": [{"Node Type": "Bitmap Heap Scan","Parent Relationship": "Outer","Parallel Aware": true,"Async Capable": false,"Relation Name": "lineitem","Alias": "lineitem","Startup Cost": 2090.14,"Total Cost": 110758.44,"Plan Rows": 20334,"Plan Width": 16,"Actual Startup Time": 24.977,"Actual Total Time": 107.592,"Actual Rows": 15084,"Actual Loops": 5,"Recheck Cond": "((l_shipdate >= '1996-11-01'::date) AND (l_shipdate < '1996-12-01 00:00:00'::timestamp without time zone))","Rows Removed by Index Recheck": 0,"Exact Heap Blocks": 7792,"Lossy Heap Blocks": 0,"Workers": [],"Plans": [{"Node Type": "Bitmap Index Scan","Parent Relationship": "Outer","Parallel Aware": false,"Async Capable": false,"Index Name": "idx_lineitem_shipdate","Startup Cost": 0.00,"Total Cost": 2069.80,"Plan Rows": 81337,"Plan Width": 0,"Actual Startup Time": 18.606,"Actual Total Time": 18.607,"Actual Rows": 75419,"Actual Loops": 1,"Index Cond": "((l_shipdate >= '1996-11-01'::date) AND (l_shipdate < '1996-12-01 00:00:00'::timestamp without time zone))","Workers": []}]},{"Node Type": "Hash","Parent Relationship": "Inner","Parallel Aware": true,"Async Capable": false,"Startup Cost": 4930.33,"Total Cost": 4930.33,"Plan Rows": 83333,"Plan Width": 25,"Actual Startup Time": 34.770,"Actual Total Time": 34.774,"Actual Rows": 40000,"Actual Loops": 5,"Hash Buckets": 262144,"Original Hash Buckets": 262144,"Hash Batches": 1,"Original Hash Batches": 1,"Peak Memory Usage": 14240,"Workers": [],"Plans": [{"Node Type": "Seq Scan","Parent Relationship": "Outer","Parallel Aware": true,"Async Capable": false,"Relation Name": "part","Alias": "part","Startup Cost": 0.00,"Total Cost": 4930.33,"Plan Rows": 83333,"Plan Width": 25,"Actual Startup Time": 0.035,"Actual Total Time": 15.079,"Actual Rows": 40000,"Actual Loops": 5,"Workers": []}]}]}]}]}]},"Planning Time": 3.987,"Triggers": [],"Execution Time": 203.309}]
[{"Plan": {"Node Type": "Aggregate","Strategy": "Plain","Partial Mode": "Finalize","Parallel Aware": false,"Async Capable": false,"Startup Cost": 114988.17,"Total Cost": 114988.19,"Plan Rows": 1,"Plan Width": 32,"Actual Startup Time": 191.420,"Actual Total Time": 208.040,"Actual Rows": 1,"Actual Loops": 1,"Plans": [{"Node Type": "Gather","Parent Relationship": "Outer","Parallel Aware": false,"Async Capable": false,"Startup Cost": 114987.72,"Total Cost": 114988.13,"Plan Rows": 4,"Plan Width": 64,"Actual Startup Time": 190.087,"Actual Total Time": 207.994,"Actual Rows": 5,"Actual Loops": 1,"Workers Planned": 4,"Workers Launched": 4,"Single Copy": false,"Plans": [{"Node Type": "Aggregate","Strategy": "Plain","Partial Mode": "Partial","Parent Relationship": "Outer","Parallel Aware": false,"Async Capable": false,"Startup Cost": 113987.72,"Total Cost": 113987.73,"Plan Rows": 1,"Plan Width": 64,"Actual Startup Time": 182.433,"Actual Total Time": 182.445,"Actual Rows": 1,"Actual Loops": 5,"Workers": [],"Plans": [{"Node Type": "Hash Join","Parent Relationship": "Outer","Parallel Aware": true,"Async Capable": false,"Join Type": "Inner","Startup Cost": 7888.03,"Total Cost": 113661.79,"Plan Rows": 18624,"Plan Width": 33,"Actual Startup Time": 61.927,"Actual Total Time": 176.320,"Actual Rows": 15394,"Actual Loops": 5,"Inner Unique": true,"Hash Cond": "(lineitem.l_partkey = part.p_partkey)","Workers": [],"Plans": [{"Node Type": "Bitmap Heap Scan","Parent Relationship": "Outer","Parallel Aware": true,"Async Capable": false,"Relation Name": "lineitem","Alias": "lineitem","Startup Cost": 1916.04,"Total Cost": 107640.91,"Plan Rows": 18624,"Plan Width": 16,"Actual Startup Time": 24.987,"Actual Total Time": 110.729,"Actual Rows": 15394,"Actual Loops": 5,"Recheck Cond": "((l_shipdate >= '1996-07-01'::date) AND (l_shipdate < '1996-08-01 00:00:00'::timestamp without time zone))","Rows Removed by Index Recheck": 0,"Exact Heap Blocks": 7965,"Lossy Heap Blocks": 0,"Workers": [],"Plans": [{"Node Type": "Bitmap Index Scan","Parent Relationship": "Outer","Parallel Aware": false,"Async Capable": false,"Index Name": "idx_lineitem_shipdate","Startup Cost": 0.00,"Total Cost": 1897.41,"Plan Rows": 74498,"Plan Width": 0,"Actual Startup Time": 18.517,"Actual Total Time": 18.520,"Actual Rows": 76969,"Actual Loops": 1,"Index Cond": "((l_shipdate >= '1996-07-01'::date) AND (l_shipdate < '1996-08-01 00:00:00'::timestamp without time zone))","Workers": []}]},{"Node Type": "Hash","Parent Relationship": "Inner","Parallel Aware": true,"Async Capable": false,"Startup Cost": 4930.33,"Total Cost": 4930.33,"Plan Rows": 83333,"Plan Width": 25,"Actual Startup Time": 36.145,"Actual Total Time": 36.150,"Actual Rows": 40000,"Actual Loops": 5,"Hash Buckets": 262144,"Original Hash Buckets": 262144,"Hash Batches": 1,"Original Hash Batches": 1,"Peak Memory Usage": 14240,"Workers": [],"Plans": [{"Node Type": "Seq Scan","Parent Relationship": "Outer","Parallel Aware": true,"Async Capable": false,"Relation Name": "part","Alias": "part","Startup Cost": 0.00,"Total Cost": 4930.33,"Plan Rows": 83333,"Plan Width": 25,"Actual Startup Time": 0.045,"Actual Total Time": 16.144,"Actual Rows": 40000,"Actual Loops": 5,"Workers": []}]}]}]}]}]},"Planning Time": 3.961,"Triggers": [],"Execution Time": 208.334}]
[{"Plan": {"Node Type": "Aggregate","Strategy": "Plain","Partial Mode": "Finalize","Parallel Aware": false,"Async Capable": false,"Startup Cost": 118140.12,"Total Cost": 118140.13,"Plan Rows": 1,"Plan Width": 32,"Actual Startup Time": 185.903,"Actual Total Time": 202.979,"Actual Rows": 1,"Actual Loops": 1,"Plans": [{"Node Type": "Gather","Parent Relationship": "Outer","Parallel Aware": false,"Async Capable": false,"Startup Cost": 118139.66,"Total Cost": 118140.07,"Plan Rows": 4,"Plan Width": 64,"Actual Startup Time": 184.390,"Actual Total Time": 202.925,"Actual Rows": 5,"Actual Loops": 1,"Workers Planned": 4,"Workers Launched": 4,"Single Copy": false,"Plans": [{"Node Type": "Aggregate","Strategy": "Plain","Partial Mode": "Partial","Parent Relationship": "Outer","Parallel Aware": false,"Async Capable": false,"Startup Cost": 117139.66,"Total Cost": 117139.67,"Plan Rows": 1,"Plan Width": 64,"Actual Startup Time": 176.869,"Actual Total Time": 176.882,"Actual Rows": 1,"Actual Loops": 5,"Workers": [],"Plans": [{"Node Type": "Hash Join","Parent Relationship": "Outer","Parallel Aware": true,"Async Capable": false,"Join Type": "Inner","Startup Cost": 8062.13,"Total Cost": 116783.81,"Plan Rows": 20334,"Plan Width": 33,"Actual Startup Time": 60.553,"Actual Total Time": 171.029,"Actual Rows": 15084,"Actual Loops": 5,"Inner Unique": true,"Hash Cond": "(lineitem.l_partkey = part.p_partkey)","Workers": [],"Plans": [{"Node Type": "Bitmap Heap Scan","Parent Relationship": "Outer","Parallel Aware": true,"Async Capable": false,"Relation Name": "lineitem","Alias": "lineitem","Startup Cost": 2090.14,"Total Cost": 110758.44,"Plan Rows": 20334,"Plan Width": 16,"Actual Startup Time": 24.977,"Actual Total Time": 107.592,"Actual Rows": 15084,"Actual Loops": 5,"Recheck Cond": "((l_shipdate >= '1996-11-01'::date) AND (l_shipdate < '1996-12-01 00:00:00'::timestamp without time zone))","Rows Removed by Index Recheck": 0,"Exact Heap Blocks": 7792,"Lossy Heap Blocks": 0,"Workers": [],"Plans": [{"Node Type": "Bitmap Index Scan","Parent Relationship": "Outer","Parallel Aware": false,"Async Capable": false,"Index Name": "idx_lineitem_shipdate","Startup Cost": 0.00,"Total Cost": 2069.80,"Plan Rows": 81337,"Plan Width": 0,"Actual Startup Time": 18.606,"Actual Total Time": 18.607,"Actual Rows": 75419,"Actual Loops": 1,"Index Cond": "((l_shipdate >= '1996-11-01'::date) AND (l_shipdate < '1996-12-01 00:00:00'::timestamp without time zone))","Workers": []}]},{"Node Type": "Hash","Parent Relationship": "Inner","Parallel Aware": true,"Async Capable": false,"Startup Cost": 4930.33,"Total Cost": 4930.33,"Plan Rows": 83333,"Plan Width": 25,"Actual Startup Time": 34.770,"Actual Total Time": 34.774,"Actual Rows": 40000,"Actual Loops": 5,"Hash Buckets": 262144,"Original Hash Buckets": 262144,"Hash Batches": 1,"Original Hash Batches": 1,"Peak Memory Usage": 14240,"Workers": [],"Plans": [{"Node Type": "Seq Scan","Parent Relationship": "Outer","Parallel Aware": true,"Async Capable": false,"Relation Name": "part","Alias": "part","Startup Cost": 0.00,"Total Cost": 4930.33,"Plan Rows": 83333,"Plan Width": 25,"Actual Startup Time": 0.035,"Actual Total Time": 15.079,"Actual Rows": 40000,"Actual Loops": 5,"Workers": []}]}]}]}]}]},"Planning Time": 3.987,"Triggers": [],"Execution Time": 203.309}]
[{"Plan": {"Node Type": "Aggregate","Strategy": "Plain","Partial Mode": "Finalize","Parallel Aware": false,"Async Capable": false,"Startup Cost": 117225.47,"Total Cost": 117225.49,"Plan Rows": 1,"Plan Width": 32,"Actual Startup Time": 216.741,"Actual Total Time": 233.601,"Actual Rows": 1,"Actual Loops": 1,"Plans": [{"Node Type": "Gather","Parent Relationship": "Outer","Parallel Aware": false,"Async Capable": false,"Startup Cost": 117225.02,"Total Cost": 117225.43,"Plan Rows": 4,"Plan Width": 64,"Actual Startup Time": 215.228,"Actual Total Time": 233.556,"Actual Rows": 5,"Actual Loops": 1,"Workers Planned": 4,"Workers Launched": 4,"Single Copy": false,"Plans": [{"Node Type": "Aggregate","Strategy": "Plain","Partial Mode": "Partial","Parent Relationship": "Outer","Parallel Aware": false,"Async Capable": false,"Startup Cost": 116225.02,"Total Cost": 116225.03,"Plan Rows": 1,"Plan Width": 64,"Actual Startup Time": 207.689,"Actual Total Time": 207.699,"Actual Rows": 1,"Actual Loops": 5,"Workers": [],"Plans": [{"Node Type": "Hash Join","Parent Relationship": "Outer","Parallel Aware": true,"Async Capable": false,"Join Type": "Inner","Startup Cost": 8008.56,"Total Cost": 115878.37,"Plan Rows": 19808,"Plan Width": 33,"Actual Startup Time": 75.267,"Actual Total Time": 201.372,"Actual Rows": 15471,"Actual Loops": 5,"Inner Unique": true,"Hash Cond": "(lineitem.l_partkey = part.p_partkey)","Workers": [],"Plans": [{"Node Type": "Bitmap Heap Scan","Parent Relationship": "Outer","Parallel Aware": true,"Async Capable": false,"Relation Name": "lineitem","Alias": "lineitem","Startup Cost": 2036.56,"Total Cost": 109854.38,"Plan Rows": 19808,"Plan Width": 16,"Actual Startup Time": 32.495,"Actual Total Time": 126.871,"Actual Rows": 15471,"Actual Loops": 5,"Recheck Cond": "((l_shipdate >= '1995-01-01'::date) AND (l_shipdate < '1995-02-01 00:00:00'::timestamp without time zone))","Rows Removed by Index Recheck": 0,"Exact Heap Blocks": 8865,"Lossy Heap Blocks": 0,"Workers": [],"Plans": [{"Node Type": "Bitmap Index Scan","Parent Relationship": "Outer","Parallel Aware": false,"Async Capable": false,"Index Name": "idx_lineitem_shipdate","Startup Cost": 0.00,"Total Cost": 2016.75,"Plan Rows": 79232,"Plan Width": 0,"Actual Startup Time": 25.884,"Actual Total Time": 25.890,"Actual Rows": 77356,"Actual Loops": 1,"Index Cond": "((l_shipdate >= '1995-01-01'::date) AND (l_shipdate < '1995-02-01 00:00:00'::timestamp without time zone))","Workers": []}]},{"Node Type": "Hash","Parent Relationship": "Inner","Parallel Aware": true,"Async Capable": false,"Startup Cost": 4930.33,"Total Cost": 4930.33,"Plan Rows": 83333,"Plan Width": 25,"Actual Startup Time": 42.028,"Actual Total Time": 42.030,"Actual Rows": 40000,"Actual Loops": 5,"Hash Buckets": 262144,"Original Hash Buckets": 262144,"Hash Batches": 1,"Original Hash Batches": 1,"Peak Memory Usage": 14144,"Workers": [],"Plans": [{"Node Type": "Seq Scan","Parent Relationship": "Outer","Parallel Aware": true,"Async Capable": false,"Relation Name": "part","Alias": "part","Startup Cost": 0.00,"Total Cost": 4930.33,"Plan Rows": 83333,"Plan Width": 25,"Actual Startup Time": 0.039,"Actual Total Time": 18.208,"Actual Rows": 40000,"Actual Loops": 5,"Workers": []}]}]}]}]}]},"Planning Time": 4.207,"Triggers": [],"Execution Time": 233.902}]
[{"Plan": {"Node Type": "Aggregate","Strategy": "Plain","Partial Mode": "Finalize","Parallel Aware": false,"Async Capable": false,"Startup Cost": 116629.22,"Total Cost": 116629.23,"Plan Rows": 1,"Plan Width": 32,"Actual Startup Time": 211.951,"Actual Total Time": 230.155,"Actual Rows": 1,"Actual Loops": 1,"Plans": [{"Node Type": "Gather","Parent Relationship": "Outer","Parallel Aware": false,"Async Capable": false,"Startup Cost": 116628.76,"Total Cost": 116629.17,"Plan Rows": 4,"Plan Width": 64,"Actual Startup Time": 210.527,"Actual Total Time": 230.112,"Actual Rows": 5,"Actual Loops": 1,"Workers Planned": 4,"Workers Launched": 4,"Single Copy": false,"Plans": [{"Node Type": "Aggregate","Strategy": "Plain","Partial Mode": "Partial","Parent Relationship": "Outer","Parallel Aware": false,"Async Capable": false,"Startup Cost": 115628.76,"Total Cost": 115628.77,"Plan Rows": 1,"Plan Width": 64,"Actual Startup Time": 201.998,"Actual Total Time": 202.008,"Actual Rows": 1,"Actual Loops": 5,"Workers": [],"Plans": [{"Node Type": "Hash Join","Parent Relationship": "Outer","Parallel Aware": true,"Async Capable": false,"Join Type": "Inner","Startup Cost": 7975.06,"Total Cost": 115287.88,"Plan Rows": 19479,"Plan Width": 33,"Actual Startup Time": 66.909,"Actual Total Time": 195.709,"Actual Rows": 15375,"Actual Loops": 5,"Inner Unique": true,"Hash Cond": "(lineitem.l_partkey = part.p_partkey)","Workers": [],"Plans": [{"Node Type": "Bitmap Heap Scan","Parent Relationship": "Outer","Parallel Aware": true,"Async Capable": false,"Relation Name": "lineitem","Alias": "lineitem","Startup Cost": 2003.06,"Total Cost": 109264.75,"Plan Rows": 19479,"Plan Width": 16,"Actual Startup Time": 28.964,"Actual Total Time": 127.382,"Actual Rows": 15375,"Actual Loops": 5,"Recheck Cond": "((l_shipdate >= '1994-12-01'::date) AND (l_shipdate < '1995-01-01 00:00:00'::timestamp without time zone))","Rows Removed by Index Recheck": 0,"Exact Heap Blocks": 7845,"Lossy Heap Blocks": 0,"Workers": [],"Plans": [{"Node Type": "Bitmap Index Scan","Parent Relationship": "Outer","Parallel Aware": false,"Async Capable": false,"Index Name": "idx_lineitem_shipdate","Startup Cost": 0.00,"Total Cost": 1983.58,"Plan Rows": 77915,"Plan Width": 0,"Actual Startup Time": 22.476,"Actual Total Time": 22.478,"Actual Rows": 76873,"Actual Loops": 1,"Index Cond": "((l_shipdate >= '1994-12-01'::date) AND (l_shipdate < '1995-01-01 00:00:00'::timestamp without time zone))","Workers": []}]},{"Node Type": "Hash","Parent Relationship": "Inner","Parallel Aware": true,"Async Capable": false,"Startup Cost": 4930.33,"Total Cost": 4930.33,"Plan Rows": 83333,"Plan Width": 25,"Actual Startup Time": 37.213,"Actual Total Time": 37.217,"Actual Rows": 40000,"Actual Loops": 5,"Hash Buckets": 262144,"Original Hash Buckets": 262144,"Hash Batches": 1,"Original Hash Batches": 1,"Peak Memory Usage": 14176,"Workers": [],"Plans": [{"Node Type": "Seq Scan","Parent Relationship": "Outer","Parallel Aware": true,"Async Capable": false,"Relation Name": "part","Alias": "part","Startup Cost": 0.00,"Total Cost": 4930.33,"Plan Rows": 83333,"Plan Width": 25,"Actual Startup Time": 0.032,"Actual Total Time": 16.535,"Actual Rows": 40000,"Actual Loops": 5,"Workers": []}]}]}]}]}]},"Planning Time": 5.450,"Triggers": [],"Execution Time": 230.533}]
[{"Plan": {"Node Type": "Aggregate","Strategy": "Plain","Partial Mode": "Finalize","Parallel Aware": false,"Async Capable": false,"Startup Cost": 115298.80,"Total Cost": 115298.82,"Plan Rows": 1,"Plan Width": 32,"Actual Startup Time": 191.770,"Actual Total Time": 208.257,"Actual Rows": 1,"Actual Loops": 1,"Plans": [{"Node Type": "Gather","Parent Relationship": "Outer","Parallel Aware": false,"Async Capable": false,"Startup Cost": 115298.35,"Total Cost": 115298.76,"Plan Rows": 4,"Plan Width": 64,"Actual Startup Time": 190.365,"Actual Total Time": 208.218,"Actual Rows": 5,"Actual Loops": 1,"Workers Planned": 4,"Workers Launched": 4,"Single Copy": false,"Plans": [{"Node Type": "Aggregate","Strategy": "Plain","Partial Mode": "Partial","Parent Relationship": "Outer","Parallel Aware": false,"Async Capable": false,"Startup Cost": 114298.35,"Total Cost": 114298.36,"Plan Rows": 1,"Plan Width": 64,"Actual Startup Time": 182.565,"Actual Total Time": 182.576,"Actual Rows": 1,"Actual Loops": 5,"Workers": [],"Plans": [{"Node Type": "Hash Join","Parent Relationship": "Outer","Parallel Aware": true,"Async Capable": false,"Join Type": "Inner","Startup Cost": 7902.48,"Total Cost": 113969.66,"Plan Rows": 18782,"Plan Width": 33,"Actual Startup Time": 59.443,"Actual Total Time": 176.606,"Actual Rows": 14990,"Actual Loops": 5,"Inner Unique": true,"Hash Cond": "(lineitem.l_partkey = part.p_partkey)","Workers": [],"Plans": [{"Node Type": "Bitmap Heap Scan","Parent Relationship": "Outer","Parallel Aware": true,"Async Capable": false,"Relation Name": "lineitem","Alias": "lineitem","Startup Cost": 1930.48,"Total Cost": 107948.36,"Plan Rows": 18782,"Plan Width": 16,"Actual Startup Time": 21.604,"Actual Total Time": 109.072,"Actual Rows": 14990,"Actual Loops": 5,"Recheck Cond": "((l_shipdate >= '1993-11-01'::date) AND (l_shipdate < '1993-12-01 00:00:00'::timestamp without time zone))","Rows Removed by Index Recheck": 0,"Exact Heap Blocks": 7520,"Lossy Heap Blocks": 0,"Workers": [],"Plans": [{"Node Type": "Bitmap Index Scan","Parent Relationship": "Outer","Parallel Aware": false,"Async Capable": false,"Index Name": "idx_lineitem_shipdate","Startup Cost": 0.00,"Total Cost": 1911.70,"Plan Rows": 75127,"Plan Width": 0,"Actual Startup Time": 15.494,"Actual Total Time": 15.497,"Actual Rows": 74949,"Actual Loops": 1,"Index Cond": "((l_shipdate >= '1993-11-01'::date) AND (l_shipdate < '1993-12-01 00:00:00'::timestamp without time zone))","Workers": []}]},{"Node Type": "Hash","Parent Relationship": "Inner","Parallel Aware": true,"Async Capable": false,"Startup Cost": 4930.33,"Total Cost": 4930.33,"Plan Rows": 83333,"Plan Width": 25,"Actual Startup Time": 36.955,"Actual Total Time": 36.958,"Actual Rows": 40000,"Actual Loops": 5,"Hash Buckets": 262144,"Original Hash Buckets": 262144,"Hash Batches": 1,"Original Hash Batches": 1,"Peak Memory Usage": 14176,"Workers": [],"Plans": [{"Node Type": "Seq Scan","Parent Relationship": "Outer","Parallel Aware": true,"Async Capable": false,"Relation Name": "part","Alias": "part","Startup Cost": 0.00,"Total Cost": 4930.33,"Plan Rows": 83333,"Plan Width": 25,"Actual Startup Time": 0.042,"Actual Total Time": 17.442,"Actual Rows": 40000,"Actual Loops": 5,"Workers": []}]}]}]}]}]},"Planning Time": 4.152,"Triggers": [],"Execution Time": 208.521}]
[{"Plan": {"Node Type": "Aggregate","Strategy": "Plain","Partial Mode": "Finalize","Parallel Aware": false,"Async Capable": false,"Startup Cost": 111167.85,"Total Cost": 111167.87,"Plan Rows": 1,"Plan Width": 32,"Actual Startup Time": 180.931,"Actual Total Time": 199.884,"Actual Rows": 1,"Actual Loops": 1,"Plans": [{"Node Type": "Gather","Parent Relationship": "Outer","Parallel Aware": false,"Async Capable": false,"Startup Cost": 111167.40,"Total Cost": 111167.81,"Plan Rows": 4,"Plan Width": 64,"Actual Startup Time": 179.550,"Actual Total Time": 199.841,"Actual Rows": 5,"Actual Loops": 1,"Workers Planned": 4,"Workers Launched": 4,"Single Copy": false,"Plans": [{"Node Type": "Aggregate","Strategy": "Plain","Partial Mode": "Partial","Parent Relationship": "Outer","Parallel Aware": false,"Async Capable": false,"Startup Cost": 110167.40,"Total Cost": 110167.41,"Plan Rows": 1,"Plan Width": 64,"Actual Startup Time": 171.475,"Actual Total Time": 171.482,"Actual Rows": 1,"Actual Loops": 5,"Workers": [],"Plans": [{"Node Type": "Hash Join","Parent Relationship": "Outer","Parallel Aware": true,"Async Capable": false,"Join Type": "Inner","Startup Cost": 7708.24,"Total Cost": 109872.10,"Plan Rows": 16874,"Plan Width": 33,"Actual Startup Time": 55.633,"Actual Total Time": 165.640,"Actual Rows": 13990,"Actual Loops": 5,"Inner Unique": true,"Hash Cond": "(lineitem.l_partkey = part.p_partkey)","Workers": [],"Plans": [{"Node Type": "Bitmap Heap Scan","Parent Relationship": "Outer","Parallel Aware": true,"Async Capable": false,"Relation Name": "lineitem","Alias": "lineitem","Startup Cost": 1736.25,"Total Cost": 103855.81,"Plan Rows": 16873,"Plan Width": 16,"Actual Startup Time": 21.244,"Actual Total Time": 102.422,"Actual Rows": 13990,"Actual Loops": 5,"Recheck Cond": "((l_shipdate >= '1993-02-01'::date) AND (l_shipdate < '1993-03-01 00:00:00'::timestamp without time zone))","Rows Removed by Index Recheck": 0,"Exact Heap Blocks": 6433,"Lossy Heap Blocks": 0,"Workers": [],"Plans": [{"Node Type": "Bitmap Index Scan","Parent Relationship": "Outer","Parallel Aware": false,"Async Capable": false,"Index Name": "idx_lineitem_shipdate","Startup Cost": 0.00,"Total Cost": 1719.37,"Plan Rows": 67494,"Plan Width": 0,"Actual Startup Time": 15.254,"Actual Total Time": 15.255,"Actual Rows": 69949,"Actual Loops": 1,"Index Cond": "((l_shipdate >= '1993-02-01'::date) AND (l_shipdate < '1993-03-01 00:00:00'::timestamp without time zone))","Workers": []}]},{"Node Type": "Hash","Parent Relationship": "Inner","Parallel Aware": true,"Async Capable": false,"Startup Cost": 4930.33,"Total Cost": 4930.33,"Plan Rows": 83333,"Plan Width": 25,"Actual Startup Time": 33.582,"Actual Total Time": 33.584,"Actual Rows": 40000,"Actual Loops": 5,"Hash Buckets": 262144,"Original Hash Buckets": 262144,"Hash Batches": 1,"Original Hash Batches": 1,"Peak Memory Usage": 14176,"Workers": [],"Plans": [{"Node Type": "Seq Scan","Parent Relationship": "Outer","Parallel Aware": true,"Async Capable": false,"Relation Name": "part","Alias": "part","Startup Cost": 0.00,"Total Cost": 4930.33,"Plan Rows": 83333,"Plan Width": 25,"Actual Startup Time": 0.036,"Actual Total Time": 15.481,"Actual Rows": 40000,"Actual Loops": 5,"Workers": []}]}]}]}]}]},"Planning Time": 4.410,"Triggers": [],"Execution Time": 200.104}]
[{"Plan": {"Node Type": "Aggregate","Strategy": "Plain","Partial Mode": "Finalize","Parallel Aware": false,"Async Capable": false,"Startup Cost": 118980.99,"Total Cost": 118981.00,"Plan Rows": 1,"Plan Width": 32,"Actual Startup Time": 192.776,"Actual Total Time": 209.272,"Actual Rows": 1,"Actual Loops": 1,"Plans": [{"Node Type": "Gather","Parent Relationship": "Outer","Parallel Aware": false,"Async Capable": false,"Startup Cost": 118980.53,"Total Cost": 118980.94,"Plan Rows": 4,"Plan Width": 64,"Actual Startup Time": 191.466,"Actual Total Time": 209.218,"Actual Rows": 5,"Actual Loops": 1,"Workers Planned": 4,"Workers Launched": 4,"Single Copy": false,"Plans": [{"Node Type": "Aggregate","Strategy": "Plain","Partial Mode": "Partial","Parent Relationship": "Outer","Parallel Aware": false,"Async Capable": false,"Startup Cost": 117980.53,"Total Cost": 117980.54,"Plan Rows": 1,"Plan Width": 64,"Actual Startup Time": 183.309,"Actual Total Time": 183.319,"Actual Rows": 1,"Actual Loops": 5,"Workers": [],"Plans": [{"Node Type": "Hash Join","Parent Relationship": "Outer","Parallel Aware": true,"Async Capable": false,"Join Type": "Inner","Startup Cost": 8115.01,"Total Cost": 117615.76,"Plan Rows": 20844,"Plan Width": 33,"Actual Startup Time": 58.848,"Actual Total Time": 177.255,"Actual Rows": 15563,"Actual Loops": 5,"Inner Unique": true,"Hash Cond": "(lineitem.l_partkey = part.p_partkey)","Workers": [],"Plans": [{"Node Type": "Bitmap Heap Scan","Parent Relationship": "Outer","Parallel Aware": true,"Async Capable": false,"Relation Name": "lineitem","Alias": "lineitem","Startup Cost": 2143.02,"Total Cost": 111589.05,"Plan Rows": 20843,"Plan Width": 16,"Actual Startup Time": 22.331,"Actual Total Time": 109.969,"Actual Rows": 15563,"Actual Loops": 5,"Recheck Cond": "((l_shipdate >= '1995-10-01'::date) AND (l_shipdate < '1995-11-01 00:00:00'::timestamp without time zone))","Rows Removed by Index Recheck": 0,"Exact Heap Blocks": 7890,"Lossy Heap Blocks": 0,"Workers": [],"Plans": [{"Node Type": "Bitmap Index Scan","Parent Relationship": "Outer","Parallel Aware": false,"Async Capable": false,"Index Name": "idx_lineitem_shipdate","Startup Cost": 0.00,"Total Cost": 2122.17,"Plan Rows": 83374,"Plan Width": 0,"Actual Startup Time": 16.094,"Actual Total Time": 16.095,"Actual Rows": 77817,"Actual Loops": 1,"Index Cond": "((l_shipdate >= '1995-10-01'::date) AND (l_shipdate < '1995-11-01 00:00:00'::timestamp without time zone))","Workers": []}]},{"Node Type": "Hash","Parent Relationship": "Inner","Parallel Aware": true,"Async Capable": false,"Startup Cost": 4930.33,"Total Cost": 4930.33,"Plan Rows": 83333,"Plan Width": 25,"Actual Startup Time": 35.711,"Actual Total Time": 35.714,"Actual Rows": 40000,"Actual Loops": 5,"Hash Buckets": 262144,"Original Hash Buckets": 262144,"Hash Batches": 1,"Original Hash Batches": 1,"Peak Memory Usage": 14176,"Workers": [],"Plans": [{"Node Type": "Seq Scan","Parent Relationship": "Outer","Parallel Aware": true,"Async Capable": false,"Relation Name": "part","Alias": "part","Startup Cost": 0.00,"Total Cost": 4930.33,"Plan Rows": 83333,"Plan Width": 25,"Actual Startup Time": 0.030,"Actual Total Time": 15.930,"Actual Rows": 40000,"Actual Loops": 5,"Workers": []}]}]}]}]}]},"Planning Time": 4.599,"Triggers": [],"Execution Time": 209.556}]
[{"Plan": {"Node Type": "Aggregate","Strategy": "Plain","Partial Mode": "Finalize","Parallel Aware": false,"Async Capable": false,"Startup Cost": 117449.67,"Total Cost": 117449.68,"Plan Rows": 1,"Plan Width": 32,"Actual Startup Time": 199.712,"Actual Total Time": 217.714,"Actual Rows": 1,"Actual Loops": 1,"Plans": [{"Node Type": "Gather","Parent Relationship": "Outer","Parallel Aware": false,"Async Capable": false,"Startup Cost": 117449.21,"Total Cost": 117449.62,"Plan Rows": 4,"Plan Width": 64,"Actual Startup Time": 198.396,"Actual Total Time": 217.675,"Actual Rows": 5,"Actual Loops": 1,"Workers Planned": 4,"Workers Launched": 4,"Single Copy": false,"Plans": [{"Node Type": "Aggregate","Strategy": "Plain","Partial Mode": "Partial","Parent Relationship": "Outer","Parallel Aware": false,"Async Capable": false,"Startup Cost": 116449.21,"Total Cost": 116449.22,"Plan Rows": 1,"Plan Width": 64,"Actual Startup Time": 190.883,"Actual Total Time": 190.895,"Actual Rows": 1,"Actual Loops": 5,"Workers": [],"Plans": [{"Node Type": "Hash Join","Parent Relationship": "Outer","Parallel Aware": true,"Async Capable": false,"Join Type": "Inner","Startup Cost": 8021.73,"Total Cost": 116100.36,"Plan Rows": 19934,"Plan Width": 33,"Actual Startup Time": 64.708,"Actual Total Time": 184.712,"Actual Rows": 15580,"Actual Loops": 5,"Inner Unique": true,"Hash Cond": "(lineitem.l_partkey = part.p_partkey)","Workers": [],"Plans": [{"Node Type": "Bitmap Heap Scan","Parent Relationship": "Outer","Parallel Aware": true,"Async Capable": false,"Relation Name": "lineitem","Alias": "lineitem","Startup Cost": 2049.74,"Total Cost": 110076.04,"Plan Rows": 19934,"Plan Width": 16,"Actual Startup Time": 23.730,"Actual Total Time": 112.410,"Actual Rows": 15580,"Actual Loops": 5,"Recheck Cond": "((l_shipdate >= '1995-05-01'::date) AND (l_shipdate < '1995-06-01 00:00:00'::timestamp without time zone))","Rows Removed by Index Recheck": 0,"Exact Heap Blocks": 8270,"Lossy Heap Blocks": 0,"Workers": [],"Plans": [{"Node Type": "Bitmap Index Scan","Parent Relationship": "Outer","Parallel Aware": false,"Async Capable": false,"Index Name": "idx_lineitem_shipdate","Startup Cost": 0.00,"Total Cost": 2029.80,"Plan Rows": 79737,"Plan Width": 0,"Actual Startup Time": 17.296,"Actual Total Time": 17.299,"Actual Rows": 77900,"Actual Loops": 1,"Index Cond": "((l_shipdate >= '1995-05-01'::date) AND (l_shipdate < '1995-06-01 00:00:00'::timestamp without time zone))","Workers": []}]},{"Node Type": "Hash","Parent Relationship": "Inner","Parallel Aware": true,"Async Capable": false,"Startup Cost": 4930.33,"Total Cost": 4930.33,"Plan Rows": 83333,"Plan Width": 25,"Actual Startup Time": 40.148,"Actual Total Time": 40.152,"Actual Rows": 40000,"Actual Loops": 5,"Hash Buckets": 262144,"Original Hash Buckets": 262144,"Hash Batches": 1,"Original Hash Batches": 1,"Peak Memory Usage": 14208,"Workers": [],"Plans": [{"Node Type": "Seq Scan","Parent Relationship": "Outer","Parallel Aware": true,"Async Capable": false,"Relation Name": "part","Alias": "part","Startup Cost": 0.00,"Total Cost": 4930.33,"Plan Rows": 83333,"Plan Width": 25,"Actual Startup Time": 0.047,"Actual Total Time": 17.621,"Actual Rows": 40000,"Actual Loops": 5,"Workers": []}]}]}]}]}]},"Planning Time": 3.884,"Triggers": [],"Execution Time": 217.976}]
[{"Plan": {"Node Type": "Aggregate","Strategy": "Plain","Partial Mode": "Finalize","Parallel Aware": false,"Async Capable": false,"Startup Cost": 114558.03,"Total Cost": 114558.05,"Plan Rows": 1,"Plan Width": 32,"Actual Startup Time": 193.213,"Actual Total Time": 209.719,"Actual Rows": 1,"Actual Loops": 1,"Plans": [{"Node Type": "Gather","Parent Relationship": "Outer","Parallel Aware": false,"Async Capable": false,"Startup Cost": 114557.58,"Total Cost": 114557.99,"Plan Rows": 4,"Plan Width": 64,"Actual Startup Time": 192.028,"Actual Total Time": 209.680,"Actual Rows": 5,"Actual Loops": 1,"Workers Planned": 4,"Workers Launched": 4,"Single Copy": false,"Plans": [{"Node Type": "Aggregate","Strategy": "Plain","Partial Mode": "Partial","Parent Relationship": "Outer","Parallel Aware": false,"Async Capable": false,"Startup Cost": 113557.58,"Total Cost": 113557.59,"Plan Rows": 1,"Plan Width": 64,"Actual Startup Time": 183.893,"Actual Total Time": 183.909,"Actual Rows": 1,"Actual Loops": 5,"Workers": [],"Plans": [{"Node Type": "Hash Join","Parent Relationship": "Outer","Parallel Aware": true,"Async Capable": false,"Join Type": "Inner","Startup Cost": 7863.38,"Total Cost": 113235.33,"Plan Rows": 18414,"Plan Width": 33,"Actual Startup Time": 62.674,"Actual Total Time": 178.028,"Actual Rows": 14882,"Actual Loops": 5,"Inner Unique": true,"Hash Cond": "(lineitem.l_partkey = part.p_partkey)","Workers": [],"Plans": [{"Node Type": "Bitmap Heap Scan","Parent Relationship": "Outer","Parallel Aware": true,"Async Capable": false,"Relation Name": "lineitem","Alias": "lineitem","Startup Cost": 1891.39,"Total Cost": 107215.00,"Plan Rows": 18414,"Plan Width": 16,"Actual Startup Time": 24.290,"Actual Total Time": 109.440,"Actual Rows": 14882,"Actual Loops": 5,"Recheck Cond": "((l_shipdate >= '1997-11-01'::date) AND (l_shipdate < '1997-12-01 00:00:00'::timestamp without time zone))","Rows Removed by Index Recheck": 0,"Exact Heap Blocks": 7491,"Lossy Heap Blocks": 0,"Workers": [],"Plans": [{"Node Type": "Bitmap Index Scan","Parent Relationship": "Outer","Parallel Aware": false,"Async Capable": false,"Index Name": "idx_lineitem_shipdate","Startup Cost": 0.00,"Total Cost": 1872.97,"Plan Rows": 73654,"Plan Width": 0,"Actual Startup Time": 18.161,"Actual Total Time": 18.163,"Actual Rows": 74408,"Actual Loops": 1,"Index Cond": "((l_shipdate >= '1997-11-01'::date) AND (l_shipdate < '1997-12-01 00:00:00'::timestamp without time zone))","Workers": []}]},{"Node Type": "Hash","Parent Relationship": "Inner","Parallel Aware": true,"Async Capable": false,"Startup Cost": 4930.33,"Total Cost": 4930.33,"Plan Rows": 83333,"Plan Width": 25,"Actual Startup Time": 37.637,"Actual Total Time": 37.641,"Actual Rows": 40000,"Actual Loops": 5,"Hash Buckets": 262144,"Original Hash Buckets": 262144,"Hash Batches": 1,"Original Hash Batches": 1,"Peak Memory Usage": 14208,"Workers": [],"Plans": [{"Node Type": "Seq Scan","Parent Relationship": "Outer","Parallel Aware": true,"Async Capable": false,"Relation Name": "part","Alias": "part","Startup Cost": 0.00,"Total Cost": 4930.33,"Plan Rows": 83333,"Plan Width": 25,"Actual Startup Time": 0.035,"Actual Total Time": 17.634,"Actual Rows": 40000,"Actual Loops": 5,"Workers": []}]}]}]}]}]},"Planning Time": 3.772,"Triggers": [],"Execution Time": 209.976}]
[{"Plan": {"Node Type": "Aggregate","Strategy": "Plain","Partial Mode": "Finalize","Parallel Aware": false,"Async Capable": false,"Startup Cost": 116932.31,"Total Cost": 116932.33,"Plan Rows": 1,"Plan Width": 32,"Actual Startup Time": 212.964,"Actual Total Time": 230.692,"Actual Rows": 1,"Actual Loops": 1,"Plans": [{"Node Type": "Gather","Parent Relationship": "Outer","Parallel Aware": false,"Async Capable": false,"Startup Cost": 116931.86,"Total Cost": 116932.27,"Plan Rows": 4,"Plan Width": 64,"Actual Startup Time": 211.225,"Actual Total Time": 230.642,"Actual Rows": 5,"Actual Loops": 1,"Workers Planned": 4,"Workers Launched": 4,"Single Copy": false,"Plans": [{"Node Type": "Aggregate","Strategy": "Plain","Partial Mode": "Partial","Parent Relationship": "Outer","Parallel Aware": false,"Async Capable": false,"Startup Cost": 115931.86,"Total Cost": 115931.87,"Plan Rows": 1,"Plan Width": 64,"Actual Startup Time": 203.156,"Actual Total Time": 203.165,"Actual Rows": 1,"Actual Loops": 5,"Workers": [],"Plans": [{"Node Type": "Hash Join","Parent Relationship": "Outer","Parallel Aware": true,"Async Capable": false,"Join Type": "Inner","Startup Cost": 7989.91,"Total Cost": 115588.05,"Plan Rows": 19646,"Plan Width": 33,"Actual Startup Time": 70.482,"Actual Total Time": 196.939,"Actual Rows": 15434,"Actual Loops": 5,"Inner Unique": true,"Hash Cond": "(lineitem.l_partkey = part.p_partkey)","Workers": [],"Plans": [{"Node Type": "Bitmap Heap Scan","Parent Relationship": "Outer","Parallel Aware": true,"Async Capable": false,"Relation Name": "lineitem","Alias": "lineitem","Startup Cost": 2017.92,"Total Cost": 109564.48,"Plan Rows": 19646,"Plan Width": 16,"Actual Startup Time": 29.789,"Actual Total Time": 125.687,"Actual Rows": 15434,"Actual Loops": 5,"Recheck Cond": "((l_shipdate >= '1995-07-01'::date) AND (l_shipdate < '1995-08-01 00:00:00'::timestamp without time zone))","Rows Removed by Index Recheck": 0,"Exact Heap Blocks": 7774,"Lossy Heap Blocks": 0,"Workers": [],"Plans": [{"Node Type": "Bitmap Index Scan","Parent Relationship": "Outer","Parallel Aware": false,"Async Capable": false,"Index Name": "idx_lineitem_shipdate","Startup Cost": 0.00,"Total Cost": 1998.27,"Plan Rows": 78584,"Plan Width": 0,"Actual Startup Time": 23.282,"Actual Total Time": 23.282,"Actual Rows": 77171,"Actual Loops": 1,"Index Cond": "((l_shipdate >= '1995-07-01'::date) AND (l_shipdate < '1995-08-01 00:00:00'::timestamp without time zone))","Workers": []}]},{"Node Type": "Hash","Parent Relationship": "Inner","Parallel Aware": true,"Async Capable": false,"Startup Cost": 4930.33,"Total Cost": 4930.33,"Plan Rows": 83333,"Plan Width": 25,"Actual Startup Time": 39.901,"Actual Total Time": 39.904,"Actual Rows": 40000,"Actual Loops": 5,"Hash Buckets": 262144,"Original Hash Buckets": 262144,"Hash Batches": 1,"Original Hash Batches": 1,"Peak Memory Usage": 14176,"Workers": [],"Plans": [{"Node Type": "Seq Scan","Parent Relationship": "Outer","Parallel Aware": true,"Async Capable": false,"Relation Name": "part","Alias": "part","Startup Cost": 0.00,"Total Cost": 4930.33,"Plan Rows": 83333,"Plan Width": 25,"Actual Startup Time": 0.037,"Actual Total Time": 17.375,"Actual Rows": 40000,"Actual Loops": 5,"Workers": []}]}]}]}]}]},"Planning Time": 3.883,"Triggers": [],"Execution Time": 230.949}]
[{"Plan": {"Node Type": "Aggregate","Strategy": "Plain","Partial Mode": "Finalize","Parallel Aware": false,"Async Capable": false,"Startup Cost": 111577.07,"Total Cost": 111577.08,"Plan Rows": 1,"Plan Width": 32,"Actual Startup Time": 186.301,"Actual Total Time": 202.570,"Actual Rows": 1,"Actual Loops": 1,"Plans": [{"Node Type": "Gather","Parent Relationship": "Outer","Parallel Aware": false,"Async Capable": false,"Startup Cost": 111576.61,"Total Cost": 111577.02,"Plan Rows": 4,"Plan Width": 64,"Actual Startup Time": 184.863,"Actual Total Time": 202.533,"Actual Rows": 5,"Actual Loops": 1,"Workers Planned": 4,"Workers Launched": 4,"Single Copy": false,"Plans": [{"Node Type": "Aggregate","Strategy": "Plain","Partial Mode": "Partial","Parent Relationship": "Outer","Parallel Aware": false,"Async Capable": false,"Startup Cost": 110576.61,"Total Cost": 110576.62,"Plan Rows": 1,"Plan Width": 64,"Actual Startup Time": 177.469,"Actual Total Time": 177.481,"Actual Rows": 1,"Actual Loops": 5,"Workers": [],"Plans": [{"Node Type": "Hash Join","Parent Relationship": "Outer","Parallel Aware": true,"Async Capable": false,"Join Type": "Inner","Startup Cost": 7723.43,"Total Cost": 110278.25,"Plan Rows": 17049,"Plan Width": 33,"Actual Startup Time": 61.420,"Actual Total Time": 171.970,"Actual Rows": 14049,"Actual Loops": 5,"Inner Unique": true,"Hash Cond": "(lineitem.l_partkey = part.p_partkey)","Workers": [],"Plans": [{"Node Type": "Bitmap Heap Scan","Parent Relationship": "Outer","Parallel Aware": true,"Async Capable": false,"Relation Name": "lineitem","Alias": "lineitem","Startup Cost": 1751.43,"Total Cost": 104261.50,"Plan Rows": 17049,"Plan Width": 16,"Actual Startup Time": 23.904,"Actual Total Time": 106.890,"Actual Rows": 14049,"Actual Loops": 5,"Recheck Cond": "((l_shipdate >= '1997-02-01'::date) AND (l_shipdate < '1997-03-01 00:00:00'::timestamp without time zone))","Rows Removed by Index Recheck": 0,"Exact Heap Blocks": 7418,"Lossy Heap Blocks": 0,"Workers": [],"Plans": [{"Node Type": "Bitmap Index Scan","Parent Relationship": "Outer","Parallel Aware": false,"Async Capable": false,"Index Name": "idx_lineitem_shipdate","Startup Cost": 0.00,"Total Cost": 1734.38,"Plan Rows": 68195,"Plan Width": 0,"Actual Startup Time": 17.828,"Actual Total Time": 17.830,"Actual Rows": 70245,"Actual Loops": 1,"Index Cond": "((l_shipdate >= '1997-02-01'::date) AND (l_shipdate < '1997-03-01 00:00:00'::timestamp without time zone))","Workers": []}]},{"Node Type": "Hash","Parent Relationship": "Inner","Parallel Aware": true,"Async Capable": false,"Startup Cost": 4930.33,"Total Cost": 4930.33,"Plan Rows": 83333,"Plan Width": 25,"Actual Startup Time": 36.814,"Actual Total Time": 36.818,"Actual Rows": 40000,"Actual Loops": 5,"Hash Buckets": 262144,"Original Hash Buckets": 262144,"Hash Batches": 1,"Original Hash Batches": 1,"Peak Memory Usage": 14240,"Workers": [],"Plans": [{"Node Type": "Seq Scan","Parent Relationship": "Outer","Parallel Aware": true,"Async Capable": false,"Relation Name": "part","Alias": "part","Startup Cost": 0.00,"Total Cost": 4930.33,"Plan Rows": 83333,"Plan Width": 25,"Actual Startup Time": 0.035,"Actual Total Time": 16.010,"Actual Rows": 40000,"Actual Loops": 5,"Workers": []}]}]}]}]}]},"Planning Time": 4.076,"Triggers": [],"Execution Time": 202.873}]
[{"Plan": {"Node Type": "Aggregate","Strategy": "Plain","Partial Mode": "Finalize","Parallel Aware": false,"Async Capable": false,"Startup Cost": 116775.62,"Total Cost": 116775.64,"Plan Rows": 1,"Plan Width": 32,"Actual Startup Time": 193.869,"Actual Total Time": 210.143,"Actual Rows": 1,"Actual Loops": 1,"Plans": [{"Node Type": "Gather","Parent Relationship": "Outer","Parallel Aware": false,"Async Capable": false,"Startup Cost": 116775.17,"Total Cost": 116775.58,"Plan Rows": 4,"Plan Width": 64,"Actual Startup Time": 192.448,"Actual Total Time": 210.107,"Actual Rows": 5,"Actual Loops": 1,"Workers Planned": 4,"Workers Launched": 4,"Single Copy": false,"Plans": [{"Node Type": "Aggregate","Strategy": "Plain","Partial Mode": "Partial","Parent Relationship": "Outer","Parallel Aware": false,"Async Capable": false,"Startup Cost": 115775.17,"Total Cost": 115775.18,"Plan Rows": 1,"Plan Width": 64,"Actual Startup Time": 184.994,"Actual Total Time": 185.005,"Actual Rows": 1,"Actual Loops": 5,"Workers": [],"Plans": [{"Node Type": "Hash Join","Parent Relationship": "Outer","Parallel Aware": true,"Async Capable": false,"Join Type": "Inner","Startup Cost": 7982.36,"Total Cost": 115432.88,"Plan Rows": 19559,"Plan Width": 33,"Actual Startup Time": 59.459,"Actual Total Time": 178.997,"Actual Rows": 15372,"Actual Loops": 5,"Inner Unique": true,"Hash Cond": "(lineitem.l_partkey = part.p_partkey)","Workers": [],"Plans": [{"Node Type": "Bitmap Heap Scan","Parent Relationship": "Outer","Parallel Aware": true,"Async Capable": false,"Relation Name": "lineitem","Alias": "lineitem","Startup Cost": 2010.36,"Total Cost": 109409.54,"Plan Rows": 19559,"Plan Width": 16,"Actual Startup Time": 22.196,"Actual Total Time": 111.214,"Actual Rows": 15372,"Actual Loops": 5,"Recheck Cond": "((l_shipdate >= '1993-01-01'::date) AND (l_shipdate < '1993-02-01 00:00:00'::timestamp without time zone))","Rows Removed by Index Recheck": 0,"Exact Heap Blocks": 8068,"Lossy Heap Blocks": 0,"Workers": [],"Plans": [{"Node Type": "Bitmap Index Scan","Parent Relationship": "Outer","Parallel Aware": false,"Async Capable": false,"Index Name": "idx_lineitem_shipdate","Startup Cost": 0.00,"Total Cost": 1990.80,"Plan Rows": 78237,"Plan Width": 0,"Actual Startup Time": 15.976,"Actual Total Time": 15.979,"Actual Rows": 76860,"Actual Loops": 1,"Index Cond": "((l_shipdate >= '1993-01-01'::date) AND (l_shipdate < '1993-02-01 00:00:00'::timestamp without time zone))","Workers": []}]},{"Node Type": "Hash","Parent Relationship": "Inner","Parallel Aware": true,"Async Capable": false,"Startup Cost": 4930.33,"Total Cost": 4930.33,"Plan Rows": 83333,"Plan Width": 25,"Actual Startup Time": 36.495,"Actual Total Time": 36.499,"Actual Rows": 40000,"Actual Loops": 5,"Hash Buckets": 262144,"Original Hash Buckets": 262144,"Hash Batches": 1,"Original Hash Batches": 1,"Peak Memory Usage": 14176,"Workers": [],"Plans": [{"Node Type": "Seq Scan","Parent Relationship": "Outer","Parallel Aware": true,"Async Capable": false,"Relation Name": "part","Alias": "part","Startup Cost": 0.00,"Total Cost": 4930.33,"Plan Rows": 83333,"Plan Width": 25,"Actual Startup Time": 0.035,"Actual Total Time": 16.126,"Actual Rows": 40000,"Actual Loops": 5,"Workers": []}]}]}]}]}]},"Planning Time": 3.845,"Triggers": [],"Execution Time": 210.384}]
[{"Plan": {"Node Type": "Aggregate","Strategy": "Plain","Partial Mode": "Finalize","Parallel Aware": false,"Async Capable": false,"Startup Cost": 114902.36,"Total Cost": 114902.37,"Plan Rows": 1,"Plan Width": 32,"Actual Startup Time": 198.225,"Actual Total Time": 215.708,"Actual Rows": 1,"Actual Loops": 1,"Plans": [{"Node Type": "Gather","Parent Relationship": "Outer","Parallel Aware": false,"Async Capable": false,"Startup Cost": 114901.90,"Total Cost": 114902.31,"Plan Rows": 4,"Plan Width": 64,"Actual Startup Time": 196.886,"Actual Total Time": 215.657,"Actual Rows": 5,"Actual Loops": 1,"Workers Planned": 4,"Workers Launched": 4,"Single Copy": false,"Plans": [{"Node Type": "Aggregate","Strategy": "Plain","Partial Mode": "Partial","Parent Relationship": "Outer","Parallel Aware": false,"Async Capable": false,"Startup Cost": 113901.90,"Total Cost": 113901.91,"Plan Rows": 1,"Plan Width": 64,"Actual Startup Time": 188.997,"Actual Total Time": 189.007,"Actual Rows": 1,"Actual Loops": 5,"Workers": [],"Plans": [{"Node Type": "Hash Join","Parent Relationship": "Outer","Parallel Aware": true,"Async Capable": false,"Join Type": "Inner","Startup Cost": 7882.30,"Total Cost": 113576.71,"Plan Rows": 18582,"Plan Width": 33,"Actual Startup Time": 61.932,"Actual Total Time": 182.740,"Actual Rows": 15587,"Actual Loops": 5,"Inner Unique": true,"Hash Cond": "(lineitem.l_partkey = part.p_partkey)","Workers": [],"Plans": [{"Node Type": "Bitmap Heap Scan","Parent Relationship": "Outer","Parallel Aware": true,"Async Capable": false,"Relation Name": "lineitem","Alias": "lineitem","Startup Cost": 1910.30,"Total Cost": 107555.94,"Plan Rows": 18582,"Plan Width": 16,"Actual Startup Time": 22.647,"Actual Total Time": 112.380,"Actual Rows": 15587,"Actual Loops": 5,"Recheck Cond": "((l_shipdate >= '1996-12-01'::date) AND (l_shipdate < '1997-01-01 00:00:00'::timestamp without time zone))","Rows Removed by Index Recheck": 0,"Exact Heap Blocks": 7656,"Lossy Heap Blocks": 0,"Workers": [],"Plans": [{"Node Type": "Bitmap Index Scan","Parent Relationship": "Outer","Parallel Aware": false,"Async Capable": false,"Index Name": "idx_lineitem_shipdate","Startup Cost": 0.00,"Total Cost": 1891.72,"Plan Rows": 74329,"Plan Width": 0,"Actual Startup Time": 16.250,"Actual Total Time": 16.252,"Actual Rows": 77933,"Actual Loops": 1,"Index Cond": "((l_shipdate >= '1996-12-01'::date) AND (l_shipdate < '1997-01-01 00:00:00'::timestamp without time zone))","Workers": []}]},{"Node Type": "Hash","Parent Relationship": "Inner","Parallel Aware": true,"Async Capable": false,"Startup Cost": 4930.33,"Total Cost": 4930.33,"Plan Rows": 83333,"Plan Width": 25,"Actual Startup Time": 38.467,"Actual Total Time": 38.471,"Actual Rows": 40000,"Actual Loops": 5,"Hash Buckets": 262144,"Original Hash Buckets": 262144,"Hash Batches": 1,"Original Hash Batches": 1,"Peak Memory Usage": 14208,"Workers": [],"Plans": [{"Node Type": "Seq Scan","Parent Relationship": "Outer","Parallel Aware": true,"Async Capable": false,"Relation Name": "part","Alias": "part","Startup Cost": 0.00,"Total Cost": 4930.33,"Plan Rows": 83333,"Plan Width": 25,"Actual Startup Time": 0.033,"Actual Total Time": 18.148,"Actual Rows": 40000,"Actual Loops": 5,"Workers": []}]}]}]}]}]},"Planning Time": 4.024,"Triggers": [],"Execution Time": 215.988}]
[{"Plan": {"Node Type": "Aggregate","Strategy": "Plain","Partial Mode": "Finalize","Parallel Aware": false,"Async Capable": false,"Startup Cost": 116302.88,"Total Cost": 116302.89,"Plan Rows": 1,"Plan Width": 32,"Actual Startup Time": 191.977,"Actual Total Time": 208.674,"Actual Rows": 1,"Actual Loops": 1,"Plans": [{"Node Type": "Gather","Parent Relationship": "Outer","Parallel Aware": false,"Async Capable": false,"Startup Cost": 116302.42,"Total Cost": 116302.83,"Plan Rows": 4,"Plan Width": 64,"Actual Startup Time": 190.628,"Actual Total Time": 208.617,"Actual Rows": 5,"Actual Loops": 1,"Workers Planned": 4,"Workers Launched": 4,"Single Copy": false,"Plans": [{"Node Type": "Aggregate","Strategy": "Plain","Partial Mode": "Partial","Parent Relationship": "Outer","Parallel Aware": false,"Async Capable": false,"Startup Cost": 115302.42,"Total Cost": 115302.43,"Plan Rows": 1,"Plan Width": 64,"Actual Startup Time": 183.305,"Actual Total Time": 183.316,"Actual Rows": 1,"Actual Loops": 5,"Workers": [],"Plans": [{"Node Type": "Hash Join","Parent Relationship": "Outer","Parallel Aware": true,"Async Capable": false,"Join Type": "Inner","Startup Cost": 7955.88,"Total Cost": 114964.60,"Plan Rows": 19304,"Plan Width": 33,"Actual Startup Time": 58.483,"Actual Total Time": 177.208,"Actual Rows": 15507,"Actual Loops": 5,"Inner Unique": true,"Hash Cond": "(lineitem.l_partkey = part.p_partkey)","Workers": [],"Plans": [{"Node Type": "Bitmap Heap Scan","Parent Relationship": "Outer","Parallel Aware": true,"Async Capable": false,"Relation Name": "lineitem","Alias": "lineitem","Startup Cost": 1983.89,"Total Cost": 108941.93,"Plan Rows": 19304,"Plan Width": 16,"Actual Startup Time": 22.385,"Actual Total Time": 111.734,"Actual Rows": 15507,"Actual Loops": 5,"Recheck Cond": "((l_shipdate >= '1997-03-01'::date) AND (l_shipdate < '1997-04-01 00:00:00'::timestamp without time zone))","Rows Removed by Index Recheck": 0,"Exact Heap Blocks": 8419,"Lossy Heap Blocks": 0,"Workers": [],"Plans": [{"Node Type": "Bitmap Index Scan","Parent Relationship": "Outer","Parallel Aware": false,"Async Capable": false,"Index Name": "idx_lineitem_shipdate","Startup Cost": 0.00,"Total Cost": 1964.58,"Plan Rows": 77215,"Plan Width": 0,"Actual Startup Time": 16.076,"Actual Total Time": 16.077,"Actual Rows": 77537,"Actual Loops": 1,"Index Cond": "((l_shipdate >= '1997-03-01'::date) AND (l_shipdate < '1997-04-01 00:00:00'::timestamp without time zone))","Workers": []}]},{"Node Type": "Hash","Parent Relationship": "Inner","Parallel Aware": true,"Async Capable": false,"Startup Cost": 4930.33,"Total Cost": 4930.33,"Plan Rows": 83333,"Plan Width": 25,"Actual Startup Time": 35.330,"Actual Total Time": 35.334,"Actual Rows": 40000,"Actual Loops": 5,"Hash Buckets": 262144,"Original Hash Buckets": 262144,"Hash Batches": 1,"Original Hash Batches": 1,"Peak Memory Usage": 14208,"Workers": [],"Plans": [{"Node Type": "Seq Scan","Parent Relationship": "Outer","Parallel Aware": true,"Async Capable": false,"Relation Name": "part","Alias": "part","Startup Cost": 0.00,"Total Cost": 4930.33,"Plan Rows": 83333,"Plan Width": 25,"Actual Startup Time": 0.035,"Actual Total Time": 15.361,"Actual Rows": 40000,"Actual Loops": 5,"Workers": []}]}]}]}]}]},"Planning Time": 4.026,"Triggers": [],"Execution Time": 208.949}]
[{"Plan": {"Node Type": "Aggregate","Strategy": "Plain","Partial Mode": "Finalize","Parallel Aware": false,"Async Capable": false,"Startup Cost": 114725.33,"Total Cost": 114725.34,"Plan Rows": 1,"Plan Width": 32,"Actual Startup Time": 192.923,"Actual Total Time": 209.763,"Actual Rows": 1,"Actual Loops": 1,"Plans": [{"Node Type": "Gather","Parent Relationship": "Outer","Parallel Aware": false,"Async Capable": false,"Startup Cost": 114724.87,"Total Cost": 114725.28,"Plan Rows": 4,"Plan Width": 64,"Actual Startup Time": 191.499,"Actual Total Time": 209.727,"Actual Rows": 5,"Actual Loops": 1,"Workers Planned": 4,"Workers Launched": 4,"Single Copy": false,"Plans": [{"Node Type": "Aggregate","Strategy": "Plain","Partial Mode": "Partial","Parent Relationship": "Outer","Parallel Aware": false,"Async Capable": false,"Startup Cost": 113724.87,"Total Cost": 113724.88,"Plan Rows": 1,"Plan Width": 64,"Actual Startup Time": 183.203,"Actual Total Time": 183.211,"Actual Rows": 1,"Actual Loops": 5,"Workers": [],"Plans": [{"Node Type": "Hash Join","Parent Relationship": "Outer","Parallel Aware": true,"Async Capable": false,"Join Type": "Inner","Startup Cost": 7874.68,"Total Cost": 113401.22,"Plan Rows": 18494,"Plan Width": 33,"Actual Startup Time": 59.447,"Actual Total Time": 177.013,"Actual Rows": 15439,"Actual Loops": 5,"Inner Unique": true,"Hash Cond": "(lineitem.l_partkey = part.p_partkey)","Workers": [],"Plans": [{"Node Type": "Bitmap Heap Scan","Parent Relationship": "Outer","Parallel Aware": true,"Async Capable": false,"Relation Name": "lineitem","Alias": "lineitem","Startup Cost": 1902.69,"Total Cost": 107380.68,"Plan Rows": 18494,"Plan Width": 16,"Actual Startup Time": 22.483,"Actual Total Time": 108.769,"Actual Rows": 15439,"Actual Loops": 5,"Recheck Cond": "((l_shipdate >= '1993-03-01'::date) AND (l_shipdate < '1993-04-01 00:00:00'::timestamp without time zone))","Rows Removed by Index Recheck": 0,"Exact Heap Blocks": 7570,"Lossy Heap Blocks": 0,"Workers": [],"Plans": [{"Node Type": "Bitmap Index Scan","Parent Relationship": "Outer","Parallel Aware": false,"Async Capable": false,"Index Name": "idx_lineitem_shipdate","Startup Cost": 0.00,"Total Cost": 1884.19,"Plan Rows": 73976,"Plan Width": 0,"Actual Startup Time": 16.141,"Actual Total Time": 16.143,"Actual Rows": 77194,"Actual Loops": 1,"Index Cond": "((l_shipdate >= '1993-03-01'::date) AND (l_shipdate < '1993-04-01 00:00:00'::timestamp without time zone))","Workers": []}]},{"Node Type": "Hash","Parent Relationship": "Inner","Parallel Aware": true,"Async Capable": false,"Startup Cost": 4930.33,"Total Cost": 4930.33,"Plan Rows": 83333,"Plan Width": 25,"Actual Startup Time": 36.196,"Actual Total Time": 36.199,"Actual Rows": 40000,"Actual Loops": 5,"Hash Buckets": 262144,"Original Hash Buckets": 262144,"Hash Batches": 1,"Original Hash Batches": 1,"Peak Memory Usage": 14176,"Workers": [],"Plans": [{"Node Type": "Seq Scan","Parent Relationship": "Outer","Parallel Aware": true,"Async Capable": false,"Relation Name": "part","Alias": "part","Startup Cost": 0.00,"Total Cost": 4930.33,"Plan Rows": 83333,"Plan Width": 25,"Actual Startup Time": 0.033,"Actual Total Time": 16.359,"Actual Rows": 40000,"Actual Loops": 5,"Workers": []}]}]}]}]}]},"Planning Time": 5.414,"Triggers": [],"Execution Time": 210.129}]
[{"Plan": {"Node Type": "Aggregate","Strategy": "Plain","Partial Mode": "Finalize","Parallel Aware": false,"Async Capable": false,"Startup Cost": 112298.08,"Total Cost": 112298.10,"Plan Rows": 1,"Plan Width": 32,"Actual Startup Time": 191.070,"Actual Total Time": 208.503,"Actual Rows": 1,"Actual Loops": 1,"Plans": [{"Node Type": "Gather","Parent Relationship": "Outer","Parallel Aware": false,"Async Capable": false,"Startup Cost": 112297.63,"Total Cost": 112298.04,"Plan Rows": 4,"Plan Width": 64,"Actual Startup Time": 190.184,"Actual Total Time": 208.450,"Actual Rows": 5,"Actual Loops": 1,"Workers Planned": 4,"Workers Launched": 4,"Single Copy": false,"Plans": [{"Node Type": "Aggregate","Strategy": "Plain","Partial Mode": "Partial","Parent Relationship": "Outer","Parallel Aware": false,"Async Capable": false,"Startup Cost": 111297.63,"Total Cost": 111297.64,"Plan Rows": 1,"Plan Width": 64,"Actual Startup Time": 182.728,"Actual Total Time": 182.742,"Actual Rows": 1,"Actual Loops": 5,"Workers": [],"Plans": [{"Node Type": "Hash Join","Parent Relationship": "Outer","Parallel Aware": true,"Async Capable": false,"Join Type": "Inner","Startup Cost": 7756.28,"Total Cost": 110993.79,"Plan Rows": 17362,"Plan Width": 33,"Actual Startup Time": 66.345,"Actual Total Time": 176.801,"Actual Rows": 15010,"Actual Loops": 5,"Inner Unique": true,"Hash Cond": "(lineitem.l_partkey = part.p_partkey)","Workers": [],"Plans": [{"Node Type": "Bitmap Heap Scan","Parent Relationship": "Outer","Parallel Aware": true,"Async Capable": false,"Relation Name": "lineitem","Alias": "lineitem","Startup Cost": 1784.28,"Total Cost": 104976.22,"Plan Rows": 17362,"Plan Width": 16,"Actual Startup Time": 32.103,"Actual Total Time": 119.300,"Actual Rows": 15010,"Actual Loops": 5,"Recheck Cond": "((l_shipdate >= '1995-11-01'::date) AND (l_shipdate < '1995-12-01 00:00:00'::timestamp without time zone))","Rows Removed by Index Recheck": 0,"Exact Heap Blocks": 8065,"Lossy Heap Blocks": 0,"Workers": [],"Plans": [{"Node Type": "Bitmap Index Scan","Parent Relationship": "Outer","Parallel Aware": false,"Async Capable": false,"Index Name": "idx_lineitem_shipdate","Startup Cost": 0.00,"Total Cost": 1766.92,"Plan Rows": 69449,"Plan Width": 0,"Actual Startup Time": 25.535,"Actual Total Time": 25.540,"Actual Rows": 75052,"Actual Loops": 1,"Index Cond": "((l_shipdate >= '1995-11-01'::date) AND (l_shipdate < '1995-12-01 00:00:00'::timestamp without time zone))","Workers": []}]},{"Node Type": "Hash","Parent Relationship": "Inner","Parallel Aware": true,"Async Capable": false,"Startup Cost": 4930.33,"Total Cost": 4930.33,"Plan Rows": 83333,"Plan Width": 25,"Actual Startup Time": 33.591,"Actual Total Time": 33.596,"Actual Rows": 40000,"Actual Loops": 5,"Hash Buckets": 262144,"Original Hash Buckets": 262144,"Hash Batches": 1,"Original Hash Batches": 1,"Peak Memory Usage": 14176,"Workers": [],"Plans": [{"Node Type": "Seq Scan","Parent Relationship": "Outer","Parallel Aware": true,"Async Capable": false,"Relation Name": "part","Alias": "part","Startup Cost": 0.00,"Total Cost": 4930.33,"Plan Rows": 83333,"Plan Width": 25,"Actual Startup Time": 0.028,"Actual Total Time": 14.589,"Actual Rows": 40000,"Actual Loops": 5,"Workers": []}]}]}]}]}]},"Planning Time": 4.131,"Triggers": [],"Execution Time": 208.779}]
[{"Plan": {"Node Type": "Aggregate","Strategy": "Plain","Partial Mode": "Finalize","Parallel Aware": false,"Async Capable": false,"Startup Cost": 114988.17,"Total Cost": 114988.19,"Plan Rows": 1,"Plan Width": 32,"Actual Startup Time": 191.420,"Actual Total Time": 208.040,"Actual Rows": 1,"Actual Loops": 1,"Plans": [{"Node Type": "Gather","Parent Relationship": "Outer","Parallel Aware": false,"Async Capable": false,"Startup Cost": 114987.72,"Total Cost": 114988.13,"Plan Rows": 4,"Plan Width": 64,"Actual Startup Time": 190.087,"Actual Total Time": 207.994,"Actual Rows": 5,"Actual Loops": 1,"Workers Planned": 4,"Workers Launched": 4,"Single Copy": false,"Plans": [{"Node Type": "Aggregate","Strategy": "Plain","Partial Mode": "Partial","Parent Relationship": "Outer","Parallel Aware": false,"Async Capable": false,"Startup Cost": 113987.72,"Total Cost": 113987.73,"Plan Rows": 1,"Plan Width": 64,"Actual Startup Time": 182.433,"Actual Total Time": 182.445,"Actual Rows": 1,"Actual Loops": 5,"Workers": [],"Plans": [{"Node Type": "Hash Join","Parent Relationship": "Outer","Parallel Aware": true,"Async Capable": false,"Join Type": "Inner","Startup Cost": 7888.03,"Total Cost": 113661.79,"Plan Rows": 18624,"Plan Width": 33,"Actual Startup Time": 61.927,"Actual Total Time": 176.320,"Actual Rows": 15394,"Actual Loops": 5,"Inner Unique": true,"Hash Cond": "(lineitem.l_partkey = part.p_partkey)","Workers": [],"Plans": [{"Node Type": "Bitmap Heap Scan","Parent Relationship": "Outer","Parallel Aware": true,"Async Capable": false,"Relation Name": "lineitem","Alias": "lineitem","Startup Cost": 1916.04,"Total Cost": 107640.91,"Plan Rows": 18624,"Plan Width": 16,"Actual Startup Time": 24.987,"Actual Total Time": 110.729,"Actual Rows": 15394,"Actual Loops": 5,"Recheck Cond": "((l_shipdate >= '1996-07-01'::date) AND (l_shipdate < '1996-08-01 00:00:00'::timestamp without time zone))","Rows Removed by Index Recheck": 0,"Exact Heap Blocks": 7965,"Lossy Heap Blocks": 0,"Workers": [],"Plans": [{"Node Type": "Bitmap Index Scan","Parent Relationship": "Outer","Parallel Aware": false,"Async Capable": false,"Index Name": "idx_lineitem_shipdate","Startup Cost": 0.00,"Total Cost": 1897.41,"Plan Rows": 74498,"Plan Width": 0,"Actual Startup Time": 18.517,"Actual Total Time": 18.520,"Actual Rows": 76969,"Actual Loops": 1,"Index Cond": "((l_shipdate >= '1996-07-01'::date) AND (l_shipdate < '1996-08-01 00:00:00'::timestamp without time zone))","Workers": []}]},{"Node Type": "Hash","Parent Relationship": "Inner","Parallel Aware": true,"Async Capable": false,"Startup Cost": 4930.33,"Total Cost": 4930.33,"Plan Rows": 83333,"Plan Width": 25,"Actual Startup Time": 36.145,"Actual Total Time": 36.150,"Actual Rows": 40000,"Actual Loops": 5,"Hash Buckets": 262144,"Original Hash Buckets": 262144,"Hash Batches": 1,"Original Hash Batches": 1,"Peak Memory Usage": 14240,"Workers": [],"Plans": [{"Node Type": "Seq Scan","Parent Relationship": "Outer","Parallel Aware": true,"Async Capable": false,"Relation Name": "part","Alias": "part","Startup Cost": 0.00,"Total Cost": 4930.33,"Plan Rows": 83333,"Plan Width": 25,"Actual Startup Time": 0.045,"Actual Total Time": 16.144,"Actual Rows": 40000,"Actual Loops": 5,"Workers": []}]}]}]}]}]},"Planning Time": 3.961,"Triggers": [],"Execution Time": 208.334}]
[{"Plan": {"Node Type": "Aggregate","Strategy": "Plain","Partial Mode": "Finalize","Parallel Aware": false,"Async Capable": false,"Startup Cost": 117419.23,"Total Cost": 117419.25,"Plan Rows": 1,"Plan Width": 32,"Actual Startup Time": 192.159,"Actual Total Time": 209.787,"Actual Rows": 1,"Actual Loops": 1,"Plans": [{"Node Type": "Gather","Parent Relationship": "Outer","Parallel Aware": false,"Async Capable": false,"Startup Cost": 117418.78,"Total Cost": 117419.19,"Plan Rows": 4,"Plan Width": 64,"Actual Startup Time": 190.855,"Actual Total Time": 209.738,"Actual Rows": 5,"Actual Loops": 1,"Workers Planned": 4,"Workers Launched": 4,"Single Copy": false,"Plans": [{"Node Type": "Aggregate","Strategy": "Plain","Partial Mode": "Partial","Parent Relationship": "Outer","Parallel Aware": false,"Async Capable": false,"Startup Cost": 116418.78,"Total Cost": 116418.79,"Plan Rows": 1,"Plan Width": 64,"Actual Startup Time": 183.596,"Actual Total Time": 183.611,"Actual Rows": 1,"Actual Loops": 5,"Workers": [],"Plans": [{"Node Type": "Hash Join","Parent Relationship": "Outer","Parallel Aware": true,"Async Capable": false,"Join Type": "Inner","Startup Cost": 8020.99,"Total Cost": 116070.24,"Plan Rows": 19916,"Plan Width": 33,"Actual Startup Time": 59.000,"Actual Total Time": 177.551,"Actual Rows": 15008,"Actual Loops": 5,"Inner Unique": true,"Hash Cond": "(lineitem.l_partkey = part.p_partkey)","Workers": [],"Plans": [{"Node Type": "Bitmap Heap Scan","Parent Relationship": "Outer","Parallel Aware": true,"Async Capable": false,"Relation Name": "lineitem","Alias": "lineitem","Startup Cost": 2049.00,"Total Cost": 110045.97,"Plan Rows": 19916,"Plan Width": 16,"Actual Startup Time": 22.150,"Actual Total Time": 110.721,"Actual Rows": 15008,"Actual Loops": 5,"Recheck Cond": "((l_shipdate >= '1997-06-01'::date) AND (l_shipdate < '1997-07-01 00:00:00'::timestamp without time zone))","Rows Removed by Index Recheck": 0,"Exact Heap Blocks": 7617,"Lossy Heap Blocks": 0,"Workers": [],"Plans": [{"Node Type": "Bitmap Index Scan","Parent Relationship": "Outer","Parallel Aware": false,"Async Capable": false,"Index Name": "idx_lineitem_shipdate","Startup Cost": 0.00,"Total Cost": 2029.08,"Plan Rows": 79665,"Plan Width": 0,"Actual Startup Time": 15.961,"Actual Total Time": 15.966,"Actual Rows": 75039,"Actual Loops": 1,"Index Cond": "((l_shipdate >= '1997-06-01'::date) AND (l_shipdate < '1997-07-01 00:00:00'::timestamp without time zone))","Workers": []}]},{"Node Type": "Hash","Parent Relationship": "Inner","Parallel Aware": true,"Async Capable": false,"Startup Cost": 4930.33,"Total Cost": 4930.33,"Plan Rows": 83333,"Plan Width": 25,"Actual Startup Time": 36.138,"Actual Total Time": 36.144,"Actual Rows": 40000,"Actual Loops": 5,"Hash Buckets": 262144,"Original Hash Buckets": 262144,"Hash Batches": 1,"Original Hash Batches": 1,"Peak Memory Usage": 14176,"Workers": [],"Plans": [{"Node Type": "Seq Scan","Parent Relationship": "Outer","Parallel Aware": true,"Async Capable": false,"Relation Name": "part","Alias": "part","Startup Cost": 0.00,"Total Cost": 4930.33,"Plan Rows": 83333,"Plan Width": 25,"Actual Startup Time": 0.040,"Actual Total Time": 15.692,"Actual Rows": 40000,"Actual Loops": 5,"Workers": []}]}]}]}]}]},"Planning Time": 5.388,"Triggers": [],"Execution Time": 210.069}]
[{"Plan": {"Node Type": "Aggregate","Strategy": "Plain","Partial Mode": "Finalize","Parallel Aware": false,"Async Capable": false,"Startup Cost": 115299.65,"Total Cost": 115299.66,"Plan Rows": 1,"Plan Width": 32,"Actual Startup Time": 212.428,"Actual Total Time": 230.455,"Actual Rows": 1,"Actual Loops": 1,"Plans": [{"Node Type": "Gather","Parent Relationship": "Outer","Parallel Aware": false,"Async Capable": false,"Startup Cost": 115299.19,"Total Cost": 115299.60,"Plan Rows": 4,"Plan Width": 64,"Actual Startup Time": 211.123,"Actual Total Time": 230.402,"Actual Rows": 5,"Actual Loops": 1,"Workers Planned": 4,"Workers Launched": 4,"Single Copy": false,"Plans": [{"Node Type": "Aggregate","Strategy": "Plain","Partial Mode": "Partial","Parent Relationship": "Outer","Parallel Aware": false,"Async Capable": false,"Startup Cost": 114299.19,"Total Cost": 114299.20,"Plan Rows": 1,"Plan Width": 64,"Actual Startup Time": 203.759,"Actual Total Time": 203.774,"Actual Rows": 1,"Actual Loops": 5,"Workers": [],"Plans": [{"Node Type": "Hash Join","Parent Relationship": "Outer","Parallel Aware": true,"Async Capable": false,"Join Type": "Inner","Startup Cost": 7902.50,"Total Cost": 113970.50,"Plan Rows": 18782,"Plan Width": 33,"Actual Startup Time": 75.167,"Actual Total Time": 197.633,"Actual Rows": 15058,"Actual Loops": 5,"Inner Unique": true,"Hash Cond": "(lineitem.l_partkey = part.p_partkey)","Workers": [],"Plans": [{"Node Type": "Bitmap Heap Scan","Parent Relationship": "Outer","Parallel Aware": true,"Async Capable": false,"Relation Name": "lineitem","Alias": "lineitem","Startup Cost": 1930.50,"Total Cost": 107949.20,"Plan Rows": 18782,"Plan Width": 16,"Actual Startup Time": 32.547,"Actual Total Time": 124.627,"Actual Rows": 15058,"Actual Loops": 5,"Recheck Cond": "((l_shipdate >= '1995-06-01'::date) AND (l_shipdate < '1995-07-01 00:00:00'::timestamp without time zone))","Rows Removed by Index Recheck": 0,"Exact Heap Blocks": 8490,"Lossy Heap Blocks": 0,"Workers": [],"Plans": [{"Node Type": "Bitmap Index Scan","Parent Relationship": "Outer","Parallel Aware": false,"Async Capable": false,"Index Name": "idx_lineitem_shipdate","Startup Cost": 0.00,"Total Cost": 1911.72,"Plan Rows": 75129,"Plan Width": 0,"Actual Startup Time": 25.914,"Actual Total Time": 25.917,"Actual Rows": 75292,"Actual Loops": 1,"Index Cond": "((l_shipdate >= '1995-06-01'::date) AND (l_shipdate < '1995-07-01 00:00:00'::timestamp without time zone))","Workers": []}]},{"Node Type": "Hash","Parent Relationship": "Inner","Parallel Aware": true,"Async Capable": false,"Startup Cost": 4930.33,"Total Cost": 4930.33,"Plan Rows": 83333,"Plan Width": 25,"Actual Startup Time": 41.902,"Actual Total Time": 41.907,"Actual Rows": 40000,"Actual Loops": 5,"Hash Buckets": 262144,"Original Hash Buckets": 262144,"Hash Batches": 1,"Original Hash Batches": 1,"Peak Memory Usage": 14208,"Workers": [],"Plans": [{"Node Type": "Seq Scan","Parent Relationship": "Outer","Parallel Aware": true,"Async Capable": false,"Relation Name": "part","Alias": "part","Startup Cost": 0.00,"Total Cost": 4930.33,"Plan Rows": 83333,"Plan Width": 25,"Actual Startup Time": 0.039,"Actual Total Time": 18.092,"Actual Rows": 40000,"Actual Loops": 5,"Workers": []}]}]}]}]}]},"Planning Time": 4.148,"Triggers": [],"Execution Time": 230.732}]
[{"Plan": {"Node Type": "Aggregate","Strategy": "Plain","Partial Mode": "Finalize","Parallel Aware": false,"Async Capable": false,"Startup Cost": 118399.89,"Total Cost": 118399.90,"Plan Rows": 1,"Plan Width": 32,"Actual Startup Time": 206.498,"Actual Total Time": 224.956,"Actual Rows": 1,"Actual Loops": 1,"Plans": [{"Node Type": "Gather","Parent Relationship": "Outer","Parallel Aware": false,"Async Capable": false,"Startup Cost": 118399.43,"Total Cost": 118399.84,"Plan Rows": 4,"Plan Width": 64,"Actual Startup Time": 205.062,"Actual Total Time": 224.906,"Actual Rows": 5,"Actual Loops": 1,"Workers Planned": 4,"Workers Launched": 4,"Single Copy": false,"Plans": [{"Node Type": "Aggregate","Strategy": "Plain","Partial Mode": "Partial","Parent Relationship": "Outer","Parallel Aware": false,"Async Capable": false,"Startup Cost": 117399.43,"Total Cost": 117399.44,"Plan Rows": 1,"Plan Width": 64,"Actual Startup Time": 196.971,"Actual Total Time": 196.979,"Actual Rows": 1,"Actual Loops": 5,"Workers": [],"Plans": [{"Node Type": "Hash Join","Parent Relationship": "Outer","Parallel Aware": true,"Async Capable": false,"Join Type": "Inner","Startup Cost": 8076.51,"Total Cost": 117040.85,"Plan Rows": 20490,"Plan Width": 33,"Actual Startup Time": 67.504,"Actual Total Time": 190.658,"Actual Rows": 15441,"Actual Loops": 5,"Inner Unique": true,"Hash Cond": "(lineitem.l_partkey = part.p_partkey)","Workers": [],"Plans": [{"Node Type": "Bitmap Heap Scan","Parent Relationship": "Outer","Parallel Aware": true,"Async Capable": false,"Relation Name": "lineitem","Alias": "lineitem","Startup Cost": 2104.51,"Total Cost": 111015.07,"Plan Rows": 20490,"Plan Width": 16,"Actual Startup Time": 31.187,"Actual Total Time": 124.229,"Actual Rows": 15441,"Actual Loops": 5,"Recheck Cond": "((l_shipdate >= '1993-07-01'::date) AND (l_shipdate < '1993-08-01 00:00:00'::timestamp without time zone))","Rows Removed by Index Recheck": 0,"Exact Heap Blocks": 7445,"Lossy Heap Blocks": 0,"Workers": [],"Plans": [{"Node Type": "Bitmap Index Scan","Parent Relationship": "Outer","Parallel Aware": false,"Async Capable": false,"Index Name": "idx_lineitem_shipdate","Startup Cost": 0.00,"Total Cost": 2084.02,"Plan Rows": 81959,"Plan Width": 0,"Actual Startup Time": 24.709,"Actual Total Time": 24.710,"Actual Rows": 77203,"Actual Loops": 1,"Index Cond": "((l_shipdate >= '1993-07-01'::date) AND (l_shipdate < '1993-08-01 00:00:00'::timestamp without time zone))","Workers": []}]},{"Node Type": "Hash","Parent Relationship": "Inner","Parallel Aware": true,"Async Capable": false,"Startup Cost": 4930.33,"Total Cost": 4930.33,"Plan Rows": 83333,"Plan Width": 25,"Actual Startup Time": 35.543,"Actual Total Time": 35.545,"Actual Rows": 40000,"Actual Loops": 5,"Hash Buckets": 262144,"Original Hash Buckets": 262144,"Hash Batches": 1,"Original Hash Batches": 1,"Peak Memory Usage": 14176,"Workers": [],"Plans": [{"Node Type": "Seq Scan","Parent Relationship": "Outer","Parallel Aware": true,"Async Capable": false,"Relation Name": "part","Alias": "part","Startup Cost": 0.00,"Total Cost": 4930.33,"Plan Rows": 83333,"Plan Width": 25,"Actual Startup Time": 0.027,"Actual Total Time": 16.751,"Actual Rows": 40000,"Actual Loops": 5,"Workers": []}]}]}]}]}]},"Planning Time": 4.294,"Triggers": [],"Execution Time": 225.229}]
[{"Plan": {"Node Type": "Aggregate","Strategy": "Plain","Partial Mode": "Finalize","Parallel Aware": false,"Async Capable": false,"Startup Cost": 117951.42,"Total Cost": 117951.44,"Plan Rows": 1,"Plan Width": 32,"Actual Startup Time": 195.681,"Actual Total Time": 213.344,"Actual Rows": 1,"Actual Loops": 1,"Plans": [{"Node Type": "Gather","Parent Relationship": "Outer","Parallel Aware": false,"Async Capable": false,"Startup Cost": 117950.97,"Total Cost": 117951.38,"Plan Rows": 4,"Plan Width": 64,"Actual Startup Time": 194.406,"Actual Total Time": 213.290,"Actual Rows": 5,"Actual Loops": 1,"Workers Planned": 4,"Workers Launched": 4,"Single Copy": false,"Plans": [{"Node Type": "Aggregate","Strategy": "Plain","Partial Mode": "Partial","Parent Relationship": "Outer","Parallel Aware": false,"Async Capable": false,"Startup Cost": 116950.97,"Total Cost": 116950.98,"Plan Rows": 1,"Plan Width": 64,"Actual Startup Time": 186.783,"Actual Total Time": 186.797,"Actual Rows": 1,"Actual Loops": 5,"Workers": [],"Plans": [{"Node Type": "Hash Join","Parent Relationship": "Outer","Parallel Aware": true,"Async Capable": false,"Join Type": "Inner","Startup Cost": 8049.62,"Total Cost": 116597.04,"Plan Rows": 20224,"Plan Width": 33,"Actual Startup Time": 60.474,"Actual Total Time": 180.769,"Actual Rows": 15532,"Actual Loops": 5,"Inner Unique": true,"Hash Cond": "(lineitem.l_partkey = part.p_partkey)","Workers": [],"Plans": [{"Node Type": "Bitmap Heap Scan","Parent Relationship": "Outer","Parallel Aware": true,"Async Capable": false,"Relation Name": "lineitem","Alias": "lineitem","Startup Cost": 2077.63,"Total Cost": 110571.96,"Plan Rows": 20224,"Plan Width": 16,"Actual Startup Time": 22.143,"Actual Total Time": 111.653,"Actual Rows": 15532,"Actual Loops": 5,"Recheck Cond": "((l_shipdate >= '1993-10-01'::date) AND (l_shipdate < '1993-11-01 00:00:00'::timestamp without time zone))","Rows Removed by Index Recheck": 0,"Exact Heap Blocks": 7906,"Lossy Heap Blocks": 0,"Workers": [],"Plans": [{"Node Type": "Bitmap Index Scan","Parent Relationship": "Outer","Parallel Aware": false,"Async Capable": false,"Index Name": "idx_lineitem_shipdate","Startup Cost": 0.00,"Total Cost": 2057.40,"Plan Rows": 80897,"Plan Width": 0,"Actual Startup Time": 15.870,"Actual Total Time": 15.870,"Actual Rows": 77661,"Actual Loops": 1,"Index Cond": "((l_shipdate >= '1993-10-01'::date) AND (l_shipdate < '1993-11-01 00:00:00'::timestamp without time zone))","Workers": []}]},{"Node Type": "Hash","Parent Relationship": "Inner","Parallel Aware": true,"Async Capable": false,"Startup Cost": 4930.33,"Total Cost": 4930.33,"Plan Rows": 83333,"Plan Width": 25,"Actual Startup Time": 37.623,"Actual Total Time": 37.628,"Actual Rows": 40000,"Actual Loops": 5,"Hash Buckets": 262144,"Original Hash Buckets": 262144,"Hash Batches": 1,"Original Hash Batches": 1,"Peak Memory Usage": 14176,"Workers": [],"Plans": [{"Node Type": "Seq Scan","Parent Relationship": "Outer","Parallel Aware": true,"Async Capable": false,"Relation Name": "part","Alias": "part","Startup Cost": 0.00,"Total Cost": 4930.33,"Plan Rows": 83333,"Plan Width": 25,"Actual Startup Time": 0.033,"Actual Total Time": 16.489,"Actual Rows": 40000,"Actual Loops": 5,"Workers": []}]}]}]}]}]},"Planning Time": 4.158,"Triggers": [],"Execution Time": 213.609}]
[{"Plan": {"Node Type": "Aggregate","Strategy": "Plain","Partial Mode": "Finalize","Parallel Aware": false,"Async Capable": false,"Startup Cost": 115616.62,"Total Cost": 115616.64,"Plan Rows": 1,"Plan Width": 32,"Actual Startup Time": 197.019,"Actual Total Time": 214.591,"Actual Rows": 1,"Actual Loops": 1,"Plans": [{"Node Type": "Gather","Parent Relationship": "Outer","Parallel Aware": false,"Async Capable": false,"Startup Cost": 115616.17,"Total Cost": 115616.58,"Plan Rows": 4,"Plan Width": 64,"Actual Startup Time": 195.631,"Actual Total Time": 214.533,"Actual Rows": 5,"Actual Loops": 1,"Workers Planned": 4,"Workers Launched": 4,"Single Copy": false,"Plans": [{"Node Type": "Aggregate","Strategy": "Plain","Partial Mode": "Partial","Parent Relationship": "Outer","Parallel Aware": false,"Async Capable": false,"Startup Cost": 114616.17,"Total Cost": 114616.18,"Plan Rows": 1,"Plan Width": 64,"Actual Startup Time": 187.977,"Actual Total Time": 187.991,"Actual Rows": 1,"Actual Loops": 5,"Workers": [],"Plans": [{"Node Type": "Hash Join","Parent Relationship": "Outer","Parallel Aware": true,"Async Capable": false,"Join Type": "Inner","Startup Cost": 7921.09,"Total Cost": 114284.66,"Plan Rows": 18943,"Plan Width": 33,"Actual Startup Time": 65.447,"Actual Total Time": 182.041,"Actual Rows": 15051,"Actual Loops": 5,"Inner Unique": true,"Hash Cond": "(lineitem.l_partkey = part.p_partkey)","Workers": [],"Plans": [{"Node Type": "Bitmap Heap Scan","Parent Relationship": "Outer","Parallel Aware": true,"Async Capable": false,"Relation Name": "lineitem","Alias": "lineitem","Startup Cost": 1949.10,"Total Cost": 108262.94,"Plan Rows": 18943,"Plan Width": 16,"Actual Startup Time": 24.968,"Actual Total Time": 111.302,"Actual Rows": 15051,"Actual Loops": 5,"Recheck Cond": "((l_shipdate >= '1996-09-01'::date) AND (l_shipdate < '1996-10-01 00:00:00'::timestamp without time zone))","Rows Removed by Index Recheck": 0,"Exact Heap Blocks": 8176,"Lossy Heap Blocks": 0,"Workers": [],"Plans": [{"Node Type": "Bitmap Index Scan","Parent Relationship": "Outer","Parallel Aware": false,"Async Capable": false,"Index Name": "idx_lineitem_shipdate","Startup Cost": 0.00,"Total Cost": 1930.15,"Plan Rows": 75772,"Plan Width": 0,"Actual Startup Time": 18.728,"Actual Total Time": 18.731,"Actual Rows": 75254,"Actual Loops": 1,"Index Cond": "((l_shipdate >= '1996-09-01'::date) AND (l_shipdate < '1996-10-01 00:00:00'::timestamp without time zone))","Workers": []}]},{"Node Type": "Hash","Parent Relationship": "Inner","Parallel Aware": true,"Async Capable": false,"Startup Cost": 4930.33,"Total Cost": 4930.33,"Plan Rows": 83333,"Plan Width": 25,"Actual Startup Time": 39.815,"Actual Total Time": 39.820,"Actual Rows": 40000,"Actual Loops": 5,"Hash Buckets": 262144,"Original Hash Buckets": 262144,"Hash Batches": 1,"Original Hash Batches": 1,"Peak Memory Usage": 14208,"Workers": [],"Plans": [{"Node Type": "Seq Scan","Parent Relationship": "Outer","Parallel Aware": true,"Async Capable": false,"Relation Name": "part","Alias": "part","Startup Cost": 0.00,"Total Cost": 4930.33,"Plan Rows": 83333,"Plan Width": 25,"Actual Startup Time": 0.039,"Actual Total Time": 17.197,"Actual Rows": 40000,"Actual Loops": 5,"Workers": []}]}]}]}]}]},"Planning Time": 4.073,"Triggers": [],"Execution Time": 214.842}]
[{"Plan": {"Node Type": "Aggregate","Strategy": "Plain","Partial Mode": "Finalize","Parallel Aware": false,"Async Capable": false,"Startup Cost": 116302.88,"Total Cost": 116302.89,"Plan Rows": 1,"Plan Width": 32,"Actual Startup Time": 191.977,"Actual Total Time": 208.674,"Actual Rows": 1,"Actual Loops": 1,"Plans": [{"Node Type": "Gather","Parent Relationship": "Outer","Parallel Aware": false,"Async Capable": false,"Startup Cost": 116302.42,"Total Cost": 116302.83,"Plan Rows": 4,"Plan Width": 64,"Actual Startup Time": 190.628,"Actual Total Time": 208.617,"Actual Rows": 5,"Actual Loops": 1,"Workers Planned": 4,"Workers Launched": 4,"Single Copy": false,"Plans": [{"Node Type": "Aggregate","Strategy": "Plain","Partial Mode": "Partial","Parent Relationship": "Outer","Parallel Aware": false,"Async Capable": false,"Startup Cost": 115302.42,"Total Cost": 115302.43,"Plan Rows": 1,"Plan Width": 64,"Actual Startup Time": 183.305,"Actual Total Time": 183.316,"Actual Rows": 1,"Actual Loops": 5,"Workers": [],"Plans": [{"Node Type": "Hash Join","Parent Relationship": "Outer","Parallel Aware": true,"Async Capable": false,"Join Type": "Inner","Startup Cost": 7955.88,"Total Cost": 114964.60,"Plan Rows": 19304,"Plan Width": 33,"Actual Startup Time": 58.483,"Actual Total Time": 177.208,"Actual Rows": 15507,"Actual Loops": 5,"Inner Unique": true,"Hash Cond": "(lineitem.l_partkey = part.p_partkey)","Workers": [],"Plans": [{"Node Type": "Bitmap Heap Scan","Parent Relationship": "Outer","Parallel Aware": true,"Async Capable": false,"Relation Name": "lineitem","Alias": "lineitem","Startup Cost": 1983.89,"Total Cost": 108941.93,"Plan Rows": 19304,"Plan Width": 16,"Actual Startup Time": 22.385,"Actual Total Time": 111.734,"Actual Rows": 15507,"Actual Loops": 5,"Recheck Cond": "((l_shipdate >= '1997-03-01'::date) AND (l_shipdate < '1997-04-01 00:00:00'::timestamp without time zone))","Rows Removed by Index Recheck": 0,"Exact Heap Blocks": 8419,"Lossy Heap Blocks": 0,"Workers": [],"Plans": [{"Node Type": "Bitmap Index Scan","Parent Relationship": "Outer","Parallel Aware": false,"Async Capable": false,"Index Name": "idx_lineitem_shipdate","Startup Cost": 0.00,"Total Cost": 1964.58,"Plan Rows": 77215,"Plan Width": 0,"Actual Startup Time": 16.076,"Actual Total Time": 16.077,"Actual Rows": 77537,"Actual Loops": 1,"Index Cond": "((l_shipdate >= '1997-03-01'::date) AND (l_shipdate < '1997-04-01 00:00:00'::timestamp without time zone))","Workers": []}]},{"Node Type": "Hash","Parent Relationship": "Inner","Parallel Aware": true,"Async Capable": false,"Startup Cost": 4930.33,"Total Cost": 4930.33,"Plan Rows": 83333,"Plan Width": 25,"Actual Startup Time": 35.330,"Actual Total Time": 35.334,"Actual Rows": 40000,"Actual Loops": 5,"Hash Buckets": 262144,"Original Hash Buckets": 262144,"Hash Batches": 1,"Original Hash Batches": 1,"Peak Memory Usage": 14208,"Workers": [],"Plans": [{"Node Type": "Seq Scan","Parent Relationship": "Outer","Parallel Aware": true,"Async Capable": false,"Relation Name": "part","Alias": "part","Startup Cost": 0.00,"Total Cost": 4930.33,"Plan Rows": 83333,"Plan Width": 25,"Actual Startup Time": 0.035,"Actual Total Time": 15.361,"Actual Rows": 40000,"Actual Loops": 5,"Workers": []}]}]}]}]}]},"Planning Time": 4.026,"Triggers": [],"Execution Time": 208.949}]
[{"Plan": {"Node Type": "Aggregate","Strategy": "Plain","Partial Mode": "Finalize","Parallel Aware": false,"Async Capable": false,"Startup Cost": 116979.32,"Total Cost": 116979.34,"Plan Rows": 1,"Plan Width": 32,"Actual Startup Time": 204.621,"Actual Total Time": 221.335,"Actual Rows": 1,"Actual Loops": 1,"Plans": [{"Node Type": "Gather","Parent Relationship": "Outer","Parallel Aware": false,"Async Capable": false,"Startup Cost": 116978.87,"Total Cost": 116979.28,"Plan Rows": 4,"Plan Width": 64,"Actual Startup Time": 203.046,"Actual Total Time": 221.293,"Actual Rows": 5,"Actual Loops": 1,"Workers Planned": 4,"Workers Launched": 4,"Single Copy": false,"Plans": [{"Node Type": "Aggregate","Strategy": "Plain","Partial Mode": "Partial","Parent Relationship": "Outer","Parallel Aware": false,"Async Capable": false,"Startup Cost": 115978.87,"Total Cost": 115978.88,"Plan Rows": 1,"Plan Width": 64,"Actual Startup Time": 194.974,"Actual Total Time": 194.985,"Actual Rows": 1,"Actual Loops": 5,"Workers": [],"Plans": [{"Node Type": "Hash Join","Parent Relationship": "Outer","Parallel Aware": true,"Async Capable": false,"Join Type": "Inner","Startup Cost": 7994.93,"Total Cost": 115634.62,"Plan Rows": 19671,"Plan Width": 33,"Actual Startup Time": 65.973,"Actual Total Time": 188.830,"Actual Rows": 15499,"Actual Loops": 5,"Inner Unique": true,"Hash Cond": "(lineitem.l_partkey = part.p_partkey)","Workers": [],"Plans": [{"Node Type": "Bitmap Heap Scan","Parent Relationship": "Outer","Parallel Aware": true,"Async Capable": false,"Relation Name": "lineitem","Alias": "lineitem","Startup Cost": 2022.93,"Total Cost": 109610.99,"Plan Rows": 19671,"Plan Width": 16,"Actual Startup Time": 29.215,"Actual Total Time": 122.190,"Actual Rows": 15499,"Actual Loops": 5,"Recheck Cond": "((l_shipdate >= '1997-07-01'::date) AND (l_shipdate < '1997-08-01 00:00:00'::timestamp without time zone))","Rows Removed by Index Recheck": 0,"Exact Heap Blocks": 7395,"Lossy Heap Blocks": 0,"Workers": [],"Plans": [{"Node Type": "Bitmap Index Scan","Parent Relationship": "Outer","Parallel Aware": false,"Async Capable": false,"Index Name": "idx_lineitem_shipdate","Startup Cost": 0.00,"Total Cost": 2003.26,"Plan Rows": 78683,"Plan Width": 0,"Actual Startup Time": 22.702,"Actual Total Time": 22.702,"Actual Rows": 77493,"Actual Loops": 1,"Index Cond": "((l_shipdate >= '1997-07-01'::date) AND (l_shipdate < '1997-08-01 00:00:00'::timestamp without time zone))","Workers": []}]},{"Node Type": "Hash","Parent Relationship": "Inner","Parallel Aware": true,"Async Capable": false,"Startup Cost": 4930.33,"Total Cost": 4930.33,"Plan Rows": 83333,"Plan Width": 25,"Actual Startup Time": 36.077,"Actual Total Time": 36.081,"Actual Rows": 40000,"Actual Loops": 5,"Hash Buckets": 262144,"Original Hash Buckets": 262144,"Hash Batches": 1,"Original Hash Batches": 1,"Peak Memory Usage": 14176,"Workers": [],"Plans": [{"Node Type": "Seq Scan","Parent Relationship": "Outer","Parallel Aware": true,"Async Capable": false,"Relation Name": "part","Alias": "part","Startup Cost": 0.00,"Total Cost": 4930.33,"Plan Rows": 83333,"Plan Width": 25,"Actual Startup Time": 0.024,"Actual Total Time": 16.983,"Actual Rows": 40000,"Actual Loops": 5,"Workers": []}]}]}]}]}]},"Planning Time": 4.182,"Triggers": [],"Execution Time": 221.556}]
[{"Plan": {"Node Type": "Aggregate","Strategy": "Plain","Partial Mode": "Finalize","Parallel Aware": false,"Async Capable": false,"Startup Cost": 115278.37,"Total Cost": 115278.39,"Plan Rows": 1,"Plan Width": 32,"Actual Startup Time": 216.767,"Actual Total Time": 235.341,"Actual Rows": 1,"Actual Loops": 1,"Plans": [{"Node Type": "Gather","Parent Relationship": "Outer","Parallel Aware": false,"Async Capable": false,"Startup Cost": 115277.92,"Total Cost": 115278.33,"Plan Rows": 4,"Plan Width": 64,"Actual Startup Time": 215.238,"Actual Total Time": 235.292,"Actual Rows": 5,"Actual Loops": 1,"Workers Planned": 4,"Workers Launched": 4,"Single Copy": false,"Plans": [{"Node Type": "Aggregate","Strategy": "Plain","Partial Mode": "Partial","Parent Relationship": "Outer","Parallel Aware": false,"Async Capable": false,"Startup Cost": 114277.92,"Total Cost": 114277.93,"Plan Rows": 1,"Plan Width": 64,"Actual Startup Time": 207.313,"Actual Total Time": 207.326,"Actual Rows": 1,"Actual Loops": 5,"Workers": [],"Plans": [{"Node Type": "Hash Join","Parent Relationship": "Outer","Parallel Aware": true,"Async Capable": false,"Join Type": "Inner","Startup Cost": 7902.03,"Total Cost": 113949.42,"Plan Rows": 18771,"Plan Width": 33,"Actual Startup Time": 76.432,"Actual Total Time": 201.253,"Actual Rows": 15157,"Actual Loops": 5,"Inner Unique": true,"Hash Cond": "(lineitem.l_partkey = part.p_partkey)","Workers": [],"Plans": [{"Node Type": "Bitmap Heap Scan","Parent Relationship": "Outer","Parallel Aware": true,"Async Capable": false,"Relation Name": "lineitem","Alias": "lineitem","Startup Cost": 1930.03,"Total Cost": 107928.15,"Plan Rows": 18771,"Plan Width": 16,"Actual Startup Time": 33.743,"Actual Total Time": 128.031,"Actual Rows": 15157,"Actual Loops": 5,"Recheck Cond": "((l_shipdate >= '1995-04-01'::date) AND (l_shipdate < '1995-05-01 00:00:00'::timestamp without time zone))","Rows Removed by Index Recheck": 0,"Exact Heap Blocks": 8417,"Lossy Heap Blocks": 0,"Workers": [],"Plans": [{"Node Type": "Bitmap Index Scan","Parent Relationship": "Outer","Parallel Aware": false,"Async Capable": false,"Index Name": "idx_lineitem_shipdate","Startup Cost": 0.00,"Total Cost": 1911.26,"Plan Rows": 75083,"Plan Width": 0,"Actual Startup Time": 27.090,"Actual Total Time": 27.093,"Actual Rows": 75787,"Actual Loops": 1,"Index Cond": "((l_shipdate >= '1995-04-01'::date) AND (l_shipdate < '1995-05-01 00:00:00'::timestamp without time zone))","Workers": []}]},{"Node Type": "Hash","Parent Relationship": "Inner","Parallel Aware": true,"Async Capable": false,"Startup Cost": 4930.33,"Total Cost": 4930.33,"Plan Rows": 83333,"Plan Width": 25,"Actual Startup Time": 41.833,"Actual Total Time": 41.837,"Actual Rows": 40000,"Actual Loops": 5,"Hash Buckets": 262144,"Original Hash Buckets": 262144,"Hash Batches": 1,"Original Hash Batches": 1,"Peak Memory Usage": 14208,"Workers": [],"Plans": [{"Node Type": "Seq Scan","Parent Relationship": "Outer","Parallel Aware": true,"Async Capable": false,"Relation Name": "part","Alias": "part","Startup Cost": 0.00,"Total Cost": 4930.33,"Plan Rows": 83333,"Plan Width": 25,"Actual Startup Time": 0.046,"Actual Total Time": 18.660,"Actual Rows": 40000,"Actual Loops": 5,"Workers": []}]}]}]}]}]},"Planning Time": 3.999,"Triggers": [],"Execution Time": 235.603}]
[{"Plan": {"Node Type": "Aggregate","Strategy": "Plain","Partial Mode": "Finalize","Parallel Aware": false,"Async Capable": false,"Startup Cost": 115034.55,"Total Cost": 115034.56,"Plan Rows": 1,"Plan Width": 32,"Actual Startup Time": 211.171,"Actual Total Time": 229.828,"Actual Rows": 1,"Actual Loops": 1,"Plans": [{"Node Type": "Gather","Parent Relationship": "Outer","Parallel Aware": false,"Async Capable": false,"Startup Cost": 115034.09,"Total Cost": 115034.50,"Plan Rows": 4,"Plan Width": 64,"Actual Startup Time": 209.630,"Actual Total Time": 229.791,"Actual Rows": 5,"Actual Loops": 1,"Workers Planned": 4,"Workers Launched": 4,"Single Copy": false,"Plans": [{"Node Type": "Aggregate","Strategy": "Plain","Partial Mode": "Partial","Parent Relationship": "Outer","Parallel Aware": false,"Async Capable": false,"Startup Cost": 114034.09,"Total Cost": 114034.10,"Plan Rows": 1,"Plan Width": 64,"Actual Startup Time": 202.318,"Actual Total Time": 202.325,"Actual Rows": 1,"Actual Loops": 5,"Workers": [],"Plans": [{"Node Type": "Hash Join","Parent Relationship": "Outer","Parallel Aware": true,"Async Capable": false,"Join Type": "Inner","Startup Cost": 7889.01,"Total Cost": 113707.75,"Plan Rows": 18648,"Plan Width": 33,"Actual Startup Time": 73.099,"Actual Total Time": 196.221,"Actual Rows": 15467,"Actual Loops": 5,"Inner Unique": true,"Hash Cond": "(lineitem.l_partkey = part.p_partkey)","Workers": [],"Plans": [{"Node Type": "Bitmap Heap Scan","Parent Relationship": "Outer","Parallel Aware": true,"Async Capable": false,"Relation Name": "lineitem","Alias": "lineitem","Startup Cost": 1917.01,"Total Cost": 107686.80,"Plan Rows": 18648,"Plan Width": 16,"Actual Startup Time": 32.721,"Actual Total Time": 124.933,"Actual Rows": 15467,"Actual Loops": 5,"Recheck Cond": "((l_shipdate >= '1996-08-01'::date) AND (l_shipdate < '1996-09-01 00:00:00'::timestamp without time zone))","Rows Removed by Index Recheck": 0,"Exact Heap Blocks": 8255,"Lossy Heap Blocks": 0,"Workers": [],"Plans": [{"Node Type": "Bitmap Index Scan","Parent Relationship": "Outer","Parallel Aware": false,"Async Capable": false,"Index Name": "idx_lineitem_shipdate","Startup Cost": 0.00,"Total Cost": 1898.36,"Plan Rows": 74593,"Plan Width": 0,"Actual Startup Time": 26.077,"Actual Total Time": 26.080,"Actual Rows": 77336,"Actual Loops": 1,"Index Cond": "((l_shipdate >= '1996-08-01'::date) AND (l_shipdate < '1996-09-01 00:00:00'::timestamp without time zone))","Workers": []}]},{"Node Type": "Hash","Parent Relationship": "Inner","Parallel Aware": true,"Async Capable": false,"Startup Cost": 4930.33,"Total Cost": 4930.33,"Plan Rows": 83333,"Plan Width": 25,"Actual Startup Time": 39.626,"Actual Total Time": 39.628,"Actual Rows": 40000,"Actual Loops": 5,"Hash Buckets": 262144,"Original Hash Buckets": 262144,"Hash Batches": 1,"Original Hash Batches": 1,"Peak Memory Usage": 14240,"Workers": [],"Plans": [{"Node Type": "Seq Scan","Parent Relationship": "Outer","Parallel Aware": true,"Async Capable": false,"Relation Name": "part","Alias": "part","Startup Cost": 0.00,"Total Cost": 4930.33,"Plan Rows": 83333,"Plan Width": 25,"Actual Startup Time": 0.029,"Actual Total Time": 17.199,"Actual Rows": 40000,"Actual Loops": 5,"Workers": []}]}]}]}]}]},"Planning Time": 4.716,"Triggers": [],"Execution Time": 230.134}]
[{"Plan": {"Node Type": "Aggregate","Strategy": "Plain","Partial Mode": "Finalize","Parallel Aware": false,"Async Capable": false,"Startup Cost": 114712.32,"Total Cost": 114712.34,"Plan Rows": 1,"Plan Width": 32,"Actual Startup Time": 199.208,"Actual Total Time": 216.961,"Actual Rows": 1,"Actual Loops": 1,"Plans": [{"Node Type": "Gather","Parent Relationship": "Outer","Parallel Aware": false,"Async Capable": false,"Startup Cost": 114711.87,"Total Cost": 114712.28,"Plan Rows": 4,"Plan Width": 64,"Actual Startup Time": 197.776,"Actual Total Time": 216.922,"Actual Rows": 5,"Actual Loops": 1,"Workers Planned": 4,"Workers Launched": 4,"Single Copy": false,"Plans": [{"Node Type": "Aggregate","Strategy": "Plain","Partial Mode": "Partial","Parent Relationship": "Outer","Parallel Aware": false,"Async Capable": false,"Startup Cost": 113711.87,"Total Cost": 113711.88,"Plan Rows": 1,"Plan Width": 64,"Actual Startup Time": 190.002,"Actual Total Time": 190.013,"Actual Rows": 1,"Actual Loops": 5,"Workers": [],"Plans": [{"Node Type": "Hash Join","Parent Relationship": "Outer","Parallel Aware": true,"Async Capable": false,"Join Type": "Inner","Startup Cost": 7874.42,"Total Cost": 113388.32,"Plan Rows": 18488,"Plan Width": 33,"Actual Startup Time": 63.566,"Actual Total Time": 183.679,"Actual Rows": 15197,"Actual Loops": 5,"Inner Unique": true,"Hash Cond": "(lineitem.l_partkey = part.p_partkey)","Workers": [],"Plans": [{"Node Type": "Bitmap Heap Scan","Parent Relationship": "Outer","Parallel Aware": true,"Async Capable": false,"Relation Name": "lineitem","Alias": "lineitem","Startup Cost": 1902.42,"Total Cost": 107367.80,"Plan Rows": 18487,"Plan Width": 16,"Actual Startup Time": 27.839,"Actual Total Time": 117.676,"Actual Rows": 15197,"Actual Loops": 5,"Recheck Cond": "((l_shipdate >= '1995-09-01'::date) AND (l_shipdate < '1995-10-01 00:00:00'::timestamp without time zone))","Rows Removed by Index Recheck": 0,"Exact Heap Blocks": 7706,"Lossy Heap Blocks": 0,"Workers": [],"Plans": [{"Node Type": "Bitmap Index Scan","Parent Relationship": "Outer","Parallel Aware": false,"Async Capable": false,"Index Name": "idx_lineitem_shipdate","Startup Cost": 0.00,"Total Cost": 1883.93,"Plan Rows": 73950,"Plan Width": 0,"Actual Startup Time": 21.589,"Actual Total Time": 21.592,"Actual Rows": 75983,"Actual Loops": 1,"Index Cond": "((l_shipdate >= '1995-09-01'::date) AND (l_shipdate < '1995-10-01 00:00:00'::timestamp without time zone))","Workers": []}]},{"Node Type": "Hash","Parent Relationship": "Inner","Parallel Aware": true,"Async Capable": false,"Startup Cost": 4930.33,"Total Cost": 4930.33,"Plan Rows": 83333,"Plan Width": 25,"Actual Startup Time": 34.995,"Actual Total Time": 34.998,"Actual Rows": 40000,"Actual Loops": 5,"Hash Buckets": 262144,"Original Hash Buckets": 262144,"Hash Batches": 1,"Original Hash Batches": 1,"Peak Memory Usage": 14208,"Workers": [],"Plans": [{"Node Type": "Seq Scan","Parent Relationship": "Outer","Parallel Aware": true,"Async Capable": false,"Relation Name": "part","Alias": "part","Startup Cost": 0.00,"Total Cost": 4930.33,"Plan Rows": 83333,"Plan Width": 25,"Actual Startup Time": 0.036,"Actual Total Time": 16.143,"Actual Rows": 40000,"Actual Loops": 5,"Workers": []}]}]}]}]}]},"Planning Time": 3.092,"Triggers": [],"Execution Time": 217.243}]
[{"Plan": {"Node Type": "Aggregate","Strategy": "Plain","Partial Mode": "Finalize","Parallel Aware": false,"Async Capable": false,"Startup Cost": 115568.92,"Total Cost": 115568.93,"Plan Rows": 1,"Plan Width": 32,"Actual Startup Time": 198.211,"Actual Total Time": 214.313,"Actual Rows": 1,"Actual Loops": 1,"Plans": [{"Node Type": "Gather","Parent Relationship": "Outer","Parallel Aware": false,"Async Capable": false,"Startup Cost": 115568.46,"Total Cost": 115568.87,"Plan Rows": 4,"Plan Width": 64,"Actual Startup Time": 196.556,"Actual Total Time": 214.277,"Actual Rows": 5,"Actual Loops": 1,"Workers Planned": 4,"Workers Launched": 4,"Single Copy": false,"Plans": [{"Node Type": "Aggregate","Strategy": "Plain","Partial Mode": "Partial","Parent Relationship": "Outer","Parallel Aware": false,"Async Capable": false,"Startup Cost": 114568.46,"Total Cost": 114568.47,"Plan Rows": 1,"Plan Width": 64,"Actual Startup Time": 188.912,"Actual Total Time": 188.920,"Actual Rows": 1,"Actual Loops": 5,"Workers": [],"Plans": [{"Node Type": "Hash Join","Parent Relationship": "Outer","Parallel Aware": true,"Async Capable": false,"Join Type": "Inner","Startup Cost": 7916.14,"Total Cost": 114237.36,"Plan Rows": 18920,"Plan Width": 33,"Actual Startup Time": 68.543,"Actual Total Time": 183.128,"Actual Rows": 14828,"Actual Loops": 5,"Inner Unique": true,"Hash Cond": "(lineitem.l_partkey = part.p_partkey)","Workers": [],"Plans": [{"Node Type": "Bitmap Heap Scan","Parent Relationship": "Outer","Parallel Aware": true,"Async Capable": false,"Relation Name": "lineitem","Alias": "lineitem","Startup Cost": 1944.14,"Total Cost": 108215.70,"Plan Rows": 18920,"Plan Width": 16,"Actual Startup Time": 28.406,"Actual Total Time": 116.686,"Actual Rows": 14828,"Actual Loops": 5,"Recheck Cond": "((l_shipdate >= '1993-06-01'::date) AND (l_shipdate < '1993-07-01 00:00:00'::timestamp without time zone))","Rows Removed by Index Recheck": 0,"Exact Heap Blocks": 8209,"Lossy Heap Blocks": 0,"Workers": [],"Plans": [{"Node Type": "Bitmap Index Scan","Parent Relationship": "Outer","Parallel Aware": false,"Async Capable": false,"Index Name": "idx_lineitem_shipdate","Startup Cost": 0.00,"Total Cost": 1925.22,"Plan Rows": 75679,"Plan Width": 0,"Actual Startup Time": 21.967,"Actual Total Time": 21.969,"Actual Rows": 74139,"Actual Loops": 1,"Index Cond": "((l_shipdate >= '1993-06-01'::date) AND (l_shipdate < '1993-07-01 00:00:00'::timestamp without time zone))","Workers": []}]},{"Node Type": "Hash","Parent Relationship": "Inner","Parallel Aware": true,"Async Capable": false,"Startup Cost": 4930.33,"Total Cost": 4930.33,"Plan Rows": 83333,"Plan Width": 25,"Actual Startup Time": 39.291,"Actual Total Time": 39.293,"Actual Rows": 40000,"Actual Loops": 5,"Hash Buckets": 262144,"Original Hash Buckets": 262144,"Hash Batches": 1,"Original Hash Batches": 1,"Peak Memory Usage": 14240,"Workers": [],"Plans": [{"Node Type": "Seq Scan","Parent Relationship": "Outer","Parallel Aware": true,"Async Capable": false,"Relation Name": "part","Alias": "part","Startup Cost": 0.00,"Total Cost": 4930.33,"Plan Rows": 83333,"Plan Width": 25,"Actual Startup Time": 0.029,"Actual Total Time": 17.919,"Actual Rows": 40000,"Actual Loops": 5,"Workers": []}]}]}]}]}]},"Planning Time": 4.579,"Triggers": [],"Execution Time": 214.598}]
[{"Plan": {"Node Type": "Aggregate","Strategy": "Plain","Partial Mode": "Finalize","Parallel Aware": false,"Async Capable": false,"Startup Cost": 116198.09,"Total Cost": 116198.11,"Plan Rows": 1,"Plan Width": 32,"Actual Startup Time": 194.937,"Actual Total Time": 212.766,"Actual Rows": 1,"Actual Loops": 1,"Plans": [{"Node Type": "Gather","Parent Relationship": "Outer","Parallel Aware": false,"Async Capable": false,"Startup Cost": 116197.64,"Total Cost": 116198.05,"Plan Rows": 4,"Plan Width": 64,"Actual Startup Time": 193.661,"Actual Total Time": 212.719,"Actual Rows": 5,"Actual Loops": 1,"Workers Planned": 4,"Workers Launched": 4,"Single Copy": false,"Plans": [{"Node Type": "Aggregate","Strategy": "Plain","Partial Mode": "Partial","Parent Relationship": "Outer","Parallel Aware": false,"Async Capable": false,"Startup Cost": 115197.64,"Total Cost": 115197.65,"Plan Rows": 1,"Plan Width": 64,"Actual Startup Time": 186.015,"Actual Total Time": 186.028,"Actual Rows": 1,"Actual Loops": 5,"Workers": [],"Plans": [{"Node Type": "Hash Join","Parent Relationship": "Outer","Parallel Aware": true,"Async Capable": false,"Join Type": "Inner","Startup Cost": 7949.61,"Total Cost": 114860.79,"Plan Rows": 19248,"Plan Width": 33,"Actual Startup Time": 63.880,"Actual Total Time": 180.150,"Actual Rows": 15061,"Actual Loops": 5,"Inner Unique": true,"Hash Cond": "(lineitem.l_partkey = part.p_partkey)","Workers": [],"Plans": [{"Node Type": "Bitmap Heap Scan","Parent Relationship": "Outer","Parallel Aware": true,"Async Capable": false,"Relation Name": "lineitem","Alias": "lineitem","Startup Cost": 1977.61,"Total Cost": 108838.27,"Plan Rows": 19248,"Plan Width": 16,"Actual Startup Time": 23.071,"Actual Total Time": 109.166,"Actual Rows": 15061,"Actual Loops": 5,"Recheck Cond": "((l_shipdate >= '1994-09-01'::date) AND (l_shipdate < '1994-10-01 00:00:00'::timestamp without time zone))","Rows Removed by Index Recheck": 0,"Exact Heap Blocks": 7981,"Lossy Heap Blocks": 0,"Workers": [],"Plans": [{"Node Type": "Bitmap Index Scan","Parent Relationship": "Outer","Parallel Aware": false,"Async Capable": false,"Index Name": "idx_lineitem_shipdate","Startup Cost": 0.00,"Total Cost": 1958.36,"Plan Rows": 76993,"Plan Width": 0,"Actual Startup Time": 16.740,"Actual Total Time": 16.742,"Actual Rows": 75306,"Actual Loops": 1,"Index Cond": "((l_shipdate >= '1994-09-01'::date) AND (l_shipdate < '1994-10-01 00:00:00'::timestamp without time zone))","Workers": []}]},{"Node Type": "Hash","Parent Relationship": "Inner","Parallel Aware": true,"Async Capable": false,"Startup Cost": 4930.33,"Total Cost": 4930.33,"Plan Rows": 83333,"Plan Width": 25,"Actual Startup Time": 39.928,"Actual Total Time": 39.932,"Actual Rows": 40000,"Actual Loops": 5,"Hash Buckets": 262144,"Original Hash Buckets": 262144,"Hash Batches": 1,"Original Hash Batches": 1,"Peak Memory Usage": 14176,"Workers": [],"Plans": [{"Node Type": "Seq Scan","Parent Relationship": "Outer","Parallel Aware": true,"Async Capable": false,"Relation Name": "part","Alias": "part","Startup Cost": 0.00,"Total Cost": 4930.33,"Plan Rows": 83333,"Plan Width": 25,"Actual Startup Time": 0.037,"Actual Total Time": 17.389,"Actual Rows": 40000,"Actual Loops": 5,"Workers": []}]}]}]}]}]},"Planning Time": 4.062,"Triggers": [],"Execution Time": 213.027}]
[{"Plan": {"Node Type": "Aggregate","Strategy": "Plain","Partial Mode": "Finalize","Parallel Aware": false,"Async Capable": false,"Startup Cost": 113981.89,"Total Cost": 113981.91,"Plan Rows": 1,"Plan Width": 32,"Actual Startup Time": 197.174,"Actual Total Time": 213.438,"Actual Rows": 1,"Actual Loops": 1,"Plans": [{"Node Type": "Gather","Parent Relationship": "Outer","Parallel Aware": false,"Async Capable": false,"Startup Cost": 113981.44,"Total Cost": 113981.85,"Plan Rows": 4,"Plan Width": 64,"Actual Startup Time": 195.686,"Actual Total Time": 213.400,"Actual Rows": 5,"Actual Loops": 1,"Workers Planned": 4,"Workers Launched": 4,"Single Copy": false,"Plans": [{"Node Type": "Aggregate","Strategy": "Plain","Partial Mode": "Partial","Parent Relationship": "Outer","Parallel Aware": false,"Async Capable": false,"Startup Cost": 112981.44,"Total Cost": 112981.45,"Plan Rows": 1,"Plan Width": 64,"Actual Startup Time": 187.932,"Actual Total Time": 187.944,"Actual Rows": 1,"Actual Loops": 5,"Workers": [],"Plans": [{"Node Type": "Hash Join","Parent Relationship": "Outer","Parallel Aware": true,"Async Capable": false,"Join Type": "Inner","Startup Cost": 7835.95,"Total Cost": 112664.07,"Plan Rows": 18135,"Plan Width": 33,"Actual Startup Time": 63.652,"Actual Total Time": 181.847,"Actual Rows": 15463,"Actual Loops": 5,"Inner Unique": true,"Hash Cond": "(lineitem.l_partkey = part.p_partkey)","Workers": [],"Plans": [{"Node Type": "Bitmap Heap Scan","Parent Relationship": "Outer","Parallel Aware": true,"Async Capable": false,"Relation Name": "lineitem","Alias": "lineitem","Startup Cost": 1863.96,"Total Cost": 106644.47,"Plan Rows": 18135,"Plan Width": 16,"Actual Startup Time": 23.262,"Actual Total Time": 111.502,"Actual Rows": 15463,"Actual Loops": 5,"Recheck Cond": "((l_shipdate >= '1993-12-01'::date) AND (l_shipdate < '1994-01-01 00:00:00'::timestamp without time zone))","Rows Removed by Index Recheck": 0,"Exact Heap Blocks": 8224,"Lossy Heap Blocks": 0,"Workers": [],"Plans": [{"Node Type": "Bitmap Index Scan","Parent Relationship": "Outer","Parallel Aware": false,"Async Capable": false,"Index Name": "idx_lineitem_shipdate","Startup Cost": 0.00,"Total Cost": 1845.82,"Plan Rows": 72539,"Plan Width": 0,"Actual Startup Time": 16.967,"Actual Total Time": 16.973,"Actual Rows": 77313,"Actual Loops": 1,"Index Cond": "((l_shipdate >= '1993-12-01'::date) AND (l_shipdate < '1994-01-01 00:00:00'::timestamp without time zone))","Workers": []}]},{"Node Type": "Hash","Parent Relationship": "Inner","Parallel Aware": true,"Async Capable": false,"Startup Cost": 4930.33,"Total Cost": 4930.33,"Plan Rows": 83333,"Plan Width": 25,"Actual Startup Time": 39.572,"Actual Total Time": 39.575,"Actual Rows": 40000,"Actual Loops": 5,"Hash Buckets": 262144,"Original Hash Buckets": 262144,"Hash Batches": 1,"Original Hash Batches": 1,"Peak Memory Usage": 14208,"Workers": [],"Plans": [{"Node Type": "Seq Scan","Parent Relationship": "Outer","Parallel Aware": true,"Async Capable": false,"Relation Name": "part","Alias": "part","Startup Cost": 0.00,"Total Cost": 4930.33,"Plan Rows": 83333,"Plan Width": 25,"Actual Startup Time": 0.049,"Actual Total Time": 17.416,"Actual Rows": 40000,"Actual Loops": 5,"Workers": []}]}]}]}]}]},"Planning Time": 4.239,"Triggers": [],"Execution Time": 213.703}]
[{"Plan": {"Node Type": "Aggregate","Strategy": "Plain","Partial Mode": "Finalize","Parallel Aware": false,"Async Capable": false,"Startup Cost": 115568.92,"Total Cost": 115568.93,"Plan Rows": 1,"Plan Width": 32,"Actual Startup Time": 198.211,"Actual Total Time": 214.313,"Actual Rows": 1,"Actual Loops": 1,"Plans": [{"Node Type": "Gather","Parent Relationship": "Outer","Parallel Aware": false,"Async Capable": false,"Startup Cost": 115568.46,"Total Cost": 115568.87,"Plan Rows": 4,"Plan Width": 64,"Actual Startup Time": 196.556,"Actual Total Time": 214.277,"Actual Rows": 5,"Actual Loops": 1,"Workers Planned": 4,"Workers Launched": 4,"Single Copy": false,"Plans": [{"Node Type": "Aggregate","Strategy": "Plain","Partial Mode": "Partial","Parent Relationship": "Outer","Parallel Aware": false,"Async Capable": false,"Startup Cost": 114568.46,"Total Cost": 114568.47,"Plan Rows": 1,"Plan Width": 64,"Actual Startup Time": 188.912,"Actual Total Time": 188.920,"Actual Rows": 1,"Actual Loops": 5,"Workers": [],"Plans": [{"Node Type": "Hash Join","Parent Relationship": "Outer","Parallel Aware": true,"Async Capable": false,"Join Type": "Inner","Startup Cost": 7916.14,"Total Cost": 114237.36,"Plan Rows": 18920,"Plan Width": 33,"Actual Startup Time": 68.543,"Actual Total Time": 183.128,"Actual Rows": 14828,"Actual Loops": 5,"Inner Unique": true,"Hash Cond": "(lineitem.l_partkey = part.p_partkey)","Workers": [],"Plans": [{"Node Type": "Bitmap Heap Scan","Parent Relationship": "Outer","Parallel Aware": true,"Async Capable": false,"Relation Name": "lineitem","Alias": "lineitem","Startup Cost": 1944.14,"Total Cost": 108215.70,"Plan Rows": 18920,"Plan Width": 16,"Actual Startup Time": 28.406,"Actual Total Time": 116.686,"Actual Rows": 14828,"Actual Loops": 5,"Recheck Cond": "((l_shipdate >= '1993-06-01'::date) AND (l_shipdate < '1993-07-01 00:00:00'::timestamp without time zone))","Rows Removed by Index Recheck": 0,"Exact Heap Blocks": 8209,"Lossy Heap Blocks": 0,"Workers": [],"Plans": [{"Node Type": "Bitmap Index Scan","Parent Relationship": "Outer","Parallel Aware": false,"Async Capable": false,"Index Name": "idx_lineitem_shipdate","Startup Cost": 0.00,"Total Cost": 1925.22,"Plan Rows": 75679,"Plan Width": 0,"Actual Startup Time": 21.967,"Actual Total Time": 21.969,"Actual Rows": 74139,"Actual Loops": 1,"Index Cond": "((l_shipdate >= '1993-06-01'::date) AND (l_shipdate < '1993-07-01 00:00:00'::timestamp without time zone))","Workers": []}]},{"Node Type": "Hash","Parent Relationship": "Inner","Parallel Aware": true,"Async Capable": false,"Startup Cost": 4930.33,"Total Cost": 4930.33,"Plan Rows": 83333,"Plan Width": 25,"Actual Startup Time": 39.291,"Actual Total Time": 39.293,"Actual Rows": 40000,"Actual Loops": 5,"Hash Buckets": 262144,"Original Hash Buckets": 262144,"Hash Batches": 1,"Original Hash Batches": 1,"Peak Memory Usage": 14240,"Workers": [],"Plans": [{"Node Type": "Seq Scan","Parent Relationship": "Outer","Parallel Aware": true,"Async Capable": false,"Relation Name": "part","Alias": "part","Startup Cost": 0.00,"Total Cost": 4930.33,"Plan Rows": 83333,"Plan Width": 25,"Actual Startup Time": 0.029,"Actual Total Time": 17.919,"Actual Rows": 40000,"Actual Loops": 5,"Workers": []}]}]}]}]}]},"Planning Time": 4.579,"Triggers": [],"Execution Time": 214.598}]
[{"Plan": {"Node Type": "Aggregate","Strategy": "Plain","Partial Mode": "Finalize","Parallel Aware": false,"Async Capable": false,"Startup Cost": 118399.89,"Total Cost": 118399.90,"Plan Rows": 1,"Plan Width": 32,"Actual Startup Time": 206.498,"Actual Total Time": 224.956,"Actual Rows": 1,"Actual Loops": 1,"Plans": [{"Node Type": "Gather","Parent Relationship": "Outer","Parallel Aware": false,"Async Capable": false,"Startup Cost": 118399.43,"Total Cost": 118399.84,"Plan Rows": 4,"Plan Width": 64,"Actual Startup Time": 205.062,"Actual Total Time": 224.906,"Actual Rows": 5,"Actual Loops": 1,"Workers Planned": 4,"Workers Launched": 4,"Single Copy": false,"Plans": [{"Node Type": "Aggregate","Strategy": "Plain","Partial Mode": "Partial","Parent Relationship": "Outer","Parallel Aware": false,"Async Capable": false,"Startup Cost": 117399.43,"Total Cost": 117399.44,"Plan Rows": 1,"Plan Width": 64,"Actual Startup Time": 196.971,"Actual Total Time": 196.979,"Actual Rows": 1,"Actual Loops": 5,"Workers": [],"Plans": [{"Node Type": "Hash Join","Parent Relationship": "Outer","Parallel Aware": true,"Async Capable": false,"Join Type": "Inner","Startup Cost": 8076.51,"Total Cost": 117040.85,"Plan Rows": 20490,"Plan Width": 33,"Actual Startup Time": 67.504,"Actual Total Time": 190.658,"Actual Rows": 15441,"Actual Loops": 5,"Inner Unique": true,"Hash Cond": "(lineitem.l_partkey = part.p_partkey)","Workers": [],"Plans": [{"Node Type": "Bitmap Heap Scan","Parent Relationship": "Outer","Parallel Aware": true,"Async Capable": false,"Relation Name": "lineitem","Alias": "lineitem","Startup Cost": 2104.51,"Total Cost": 111015.07,"Plan Rows": 20490,"Plan Width": 16,"Actual Startup Time": 31.187,"Actual Total Time": 124.229,"Actual Rows": 15441,"Actual Loops": 5,"Recheck Cond": "((l_shipdate >= '1993-07-01'::date) AND (l_shipdate < '1993-08-01 00:00:00'::timestamp without time zone))","Rows Removed by Index Recheck": 0,"Exact Heap Blocks": 7445,"Lossy Heap Blocks": 0,"Workers": [],"Plans": [{"Node Type": "Bitmap Index Scan","Parent Relationship": "Outer","Parallel Aware": false,"Async Capable": false,"Index Name": "idx_lineitem_shipdate","Startup Cost": 0.00,"Total Cost": 2084.02,"Plan Rows": 81959,"Plan Width": 0,"Actual Startup Time": 24.709,"Actual Total Time": 24.710,"Actual Rows": 77203,"Actual Loops": 1,"Index Cond": "((l_shipdate >= '1993-07-01'::date) AND (l_shipdate < '1993-08-01 00:00:00'::timestamp without time zone))","Workers": []}]},{"Node Type": "Hash","Parent Relationship": "Inner","Parallel Aware": true,"Async Capable": false,"Startup Cost": 4930.33,"Total Cost": 4930.33,"Plan Rows": 83333,"Plan Width": 25,"Actual Startup Time": 35.543,"Actual Total Time": 35.545,"Actual Rows": 40000,"Actual Loops": 5,"Hash Buckets": 262144,"Original Hash Buckets": 262144,"Hash Batches": 1,"Original Hash Batches": 1,"Peak Memory Usage": 14176,"Workers": [],"Plans": [{"Node Type": "Seq Scan","Parent Relationship": "Outer","Parallel Aware": true,"Async Capable": false,"Relation Name": "part","Alias": "part","Startup Cost": 0.00,"Total Cost": 4930.33,"Plan Rows": 83333,"Plan Width": 25,"Actual Startup Time": 0.027,"Actual Total Time": 16.751,"Actual Rows": 40000,"Actual Loops": 5,"Workers": []}]}]}]}]}]},"Planning Time": 4.294,"Triggers": [],"Execution Time": 225.229}]
[{"Plan": {"Node Type": "Aggregate","Strategy": "Plain","Partial Mode": "Finalize","Parallel Aware": false,"Async Capable": false,"Startup Cost": 111167.85,"Total Cost": 111167.87,"Plan Rows": 1,"Plan Width": 32,"Actual Startup Time": 180.931,"Actual Total Time": 199.884,"Actual Rows": 1,"Actual Loops": 1,"Plans": [{"Node Type": "Gather","Parent Relationship": "Outer","Parallel Aware": false,"Async Capable": false,"Startup Cost": 111167.40,"Total Cost": 111167.81,"Plan Rows": 4,"Plan Width": 64,"Actual Startup Time": 179.550,"Actual Total Time": 199.841,"Actual Rows": 5,"Actual Loops": 1,"Workers Planned": 4,"Workers Launched": 4,"Single Copy": false,"Plans": [{"Node Type": "Aggregate","Strategy": "Plain","Partial Mode": "Partial","Parent Relationship": "Outer","Parallel Aware": false,"Async Capable": false,"Startup Cost": 110167.40,"Total Cost": 110167.41,"Plan Rows": 1,"Plan Width": 64,"Actual Startup Time": 171.475,"Actual Total Time": 171.482,"Actual Rows": 1,"Actual Loops": 5,"Workers": [],"Plans": [{"Node Type": "Hash Join","Parent Relationship": "Outer","Parallel Aware": true,"Async Capable": false,"Join Type": "Inner","Startup Cost": 7708.24,"Total Cost": 109872.10,"Plan Rows": 16874,"Plan Width": 33,"Actual Startup Time": 55.633,"Actual Total Time": 165.640,"Actual Rows": 13990,"Actual Loops": 5,"Inner Unique": true,"Hash Cond": "(lineitem.l_partkey = part.p_partkey)","Workers": [],"Plans": [{"Node Type": "Bitmap Heap Scan","Parent Relationship": "Outer","Parallel Aware": true,"Async Capable": false,"Relation Name": "lineitem","Alias": "lineitem","Startup Cost": 1736.25,"Total Cost": 103855.81,"Plan Rows": 16873,"Plan Width": 16,"Actual Startup Time": 21.244,"Actual Total Time": 102.422,"Actual Rows": 13990,"Actual Loops": 5,"Recheck Cond": "((l_shipdate >= '1993-02-01'::date) AND (l_shipdate < '1993-03-01 00:00:00'::timestamp without time zone))","Rows Removed by Index Recheck": 0,"Exact Heap Blocks": 6433,"Lossy Heap Blocks": 0,"Workers": [],"Plans": [{"Node Type": "Bitmap Index Scan","Parent Relationship": "Outer","Parallel Aware": false,"Async Capable": false,"Index Name": "idx_lineitem_shipdate","Startup Cost": 0.00,"Total Cost": 1719.37,"Plan Rows": 67494,"Plan Width": 0,"Actual Startup Time": 15.254,"Actual Total Time": 15.255,"Actual Rows": 69949,"Actual Loops": 1,"Index Cond": "((l_shipdate >= '1993-02-01'::date) AND (l_shipdate < '1993-03-01 00:00:00'::timestamp without time zone))","Workers": []}]},{"Node Type": "Hash","Parent Relationship": "Inner","Parallel Aware": true,"Async Capable": false,"Startup Cost": 4930.33,"Total Cost": 4930.33,"Plan Rows": 83333,"Plan Width": 25,"Actual Startup Time": 33.582,"Actual Total Time": 33.584,"Actual Rows": 40000,"Actual Loops": 5,"Hash Buckets": 262144,"Original Hash Buckets": 262144,"Hash Batches": 1,"Original Hash Batches": 1,"Peak Memory Usage": 14176,"Workers": [],"Plans": [{"Node Type": "Seq Scan","Parent Relationship": "Outer","Parallel Aware": true,"Async Capable": false,"Relation Name": "part","Alias": "part","Startup Cost": 0.00,"Total Cost": 4930.33,"Plan Rows": 83333,"Plan Width": 25,"Actual Startup Time": 0.036,"Actual Total Time": 15.481,"Actual Rows": 40000,"Actual Loops": 5,"Workers": []}]}]}]}]}]},"Planning Time": 4.410,"Triggers": [],"Execution Time": 200.104}]
[{"Plan": {"Node Type": "Aggregate","Strategy": "Plain","Partial Mode": "Finalize","Parallel Aware": false,"Async Capable": false,"Startup Cost": 118354.30,"Total Cost": 118354.31,"Plan Rows": 1,"Plan Width": 32,"Actual Startup Time": 196.372,"Actual Total Time": 212.365,"Actual Rows": 1,"Actual Loops": 1,"Plans": [{"Node Type": "Gather","Parent Relationship": "Outer","Parallel Aware": false,"Async Capable": false,"Startup Cost": 118353.84,"Total Cost": 118354.25,"Plan Rows": 4,"Plan Width": 64,"Actual Startup Time": 194.980,"Actual Total Time": 212.328,"Actual Rows": 5,"Actual Loops": 1,"Workers Planned": 4,"Workers Launched": 4,"Single Copy": false,"Plans": [{"Node Type": "Aggregate","Strategy": "Plain","Partial Mode": "Partial","Parent Relationship": "Outer","Parallel Aware": false,"Async Capable": false,"Startup Cost": 117353.84,"Total Cost": 117353.85,"Plan Rows": 1,"Plan Width": 64,"Actual Startup Time": 186.697,"Actual Total Time": 186.710,"Actual Rows": 1,"Actual Loops": 5,"Workers": [],"Plans": [{"Node Type": "Hash Join","Parent Relationship": "Outer","Parallel Aware": true,"Async Capable": false,"Join Type": "Inner","Startup Cost": 8075.36,"Total Cost": 116995.75,"Plan Rows": 20462,"Plan Width": 33,"Actual Startup Time": 68.213,"Actual Total Time": 180.686,"Actual Rows": 14935,"Actual Loops": 5,"Inner Unique": true,"Hash Cond": "(lineitem.l_partkey = part.p_partkey)","Workers": [],"Plans": [{"Node Type": "Bitmap Heap Scan","Parent Relationship": "Outer","Parallel Aware": true,"Async Capable": false,"Relation Name": "lineitem","Alias": "lineitem","Startup Cost": 2103.36,"Total Cost": 110970.05,"Plan Rows": 20462,"Plan Width": 16,"Actual Startup Time": 22.866,"Actual Total Time": 104.635,"Actual Rows": 14935,"Actual Loops": 5,"Recheck Cond": "((l_shipdate >= '1996-04-01'::date) AND (l_shipdate < '1996-05-01 00:00:00'::timestamp without time zone))","Rows Removed by Index Recheck": 0,"Exact Heap Blocks": 7954,"Lossy Heap Blocks": 0,"Workers": [],"Plans": [{"Node Type": "Bitmap Index Scan","Parent Relationship": "Outer","Parallel Aware": false,"Async Capable": false,"Index Name": "idx_lineitem_shipdate","Startup Cost": 0.00,"Total Cost": 2082.90,"Plan Rows": 81847,"Plan Width": 0,"Actual Startup Time": 16.559,"Actual Total Time": 16.564,"Actual Rows": 74677,"Actual Loops": 1,"Index Cond": "((l_shipdate >= '1996-04-01'::date) AND (l_shipdate < '1996-05-01 00:00:00'::timestamp without time zone))","Workers": []}]},{"Node Type": "Hash","Parent Relationship": "Inner","Parallel Aware": true,"Async Capable": false,"Startup Cost": 4930.33,"Total Cost": 4930.33,"Plan Rows": 83333,"Plan Width": 25,"Actual Startup Time": 44.463,"Actual Total Time": 44.467,"Actual Rows": 40000,"Actual Loops": 5,"Hash Buckets": 262144,"Original Hash Buckets": 262144,"Hash Batches": 1,"Original Hash Batches": 1,"Peak Memory Usage": 14208,"Workers": [],"Plans": [{"Node Type": "Seq Scan","Parent Relationship": "Outer","Parallel Aware": true,"Async Capable": false,"Relation Name": "part","Alias": "part","Startup Cost": 0.00,"Total Cost": 4930.33,"Plan Rows": 83333,"Plan Width": 25,"Actual Startup Time": 0.042,"Actual Total Time": 19.874,"Actual Rows": 40000,"Actual Loops": 5,"Workers": []}]}]}]}]}]},"Planning Time": 4.311,"Triggers": [],"Execution Time": 212.662}]
[{"Plan": {"Node Type": "Aggregate","Strategy": "Plain","Partial Mode": "Finalize","Parallel Aware": false,"Async Capable": false,"Startup Cost": 113646.78,"Total Cost": 113646.79,"Plan Rows": 1,"Plan Width": 32,"Actual Startup Time": 193.479,"Actual Total Time": 211.551,"Actual Rows": 1,"Actual Loops": 1,"Plans": [{"Node Type": "Gather","Parent Relationship": "Outer","Parallel Aware": false,"Async Capable": false,"Startup Cost": 113646.32,"Total Cost": 113646.73,"Plan Rows": 4,"Plan Width": 64,"Actual Startup Time": 191.636,"Actual Total Time": 211.507,"Actual Rows": 5,"Actual Loops": 1,"Workers Planned": 4,"Workers Launched": 4,"Single Copy": false,"Plans": [{"Node Type": "Aggregate","Strategy": "Plain","Partial Mode": "Partial","Parent Relationship": "Outer","Parallel Aware": false,"Async Capable": false,"Startup Cost": 112646.32,"Total Cost": 112646.33,"Plan Rows": 1,"Plan Width": 64,"Actual Startup Time": 184.663,"Actual Total Time": 184.673,"Actual Rows": 1,"Actual Loops": 5,"Workers": [],"Plans": [{"Node Type": "Hash Join","Parent Relationship": "Outer","Parallel Aware": true,"Async Capable": false,"Join Type": "Inner","Startup Cost": 7821.42,"Total Cost": 112331.74,"Plan Rows": 17976,"Plan Width": 33,"Actual Startup Time": 63.095,"Actual Total Time": 178.751,"Actual Rows": 15412,"Actual Loops": 5,"Inner Unique": true,"Hash Cond": "(lineitem.l_partkey = part.p_partkey)","Workers": [],"Plans": [{"Node Type": "Bitmap Heap Scan","Parent Relationship": "Outer","Parallel Aware": true,"Async Capable": false,"Relation Name": "lineitem","Alias": "lineitem","Startup Cost": 1849.43,"Total Cost": 106312.56,"Plan Rows": 17976,"Plan Width": 16,"Actual Startup Time": 23.121,"Actual Total Time": 106.921,"Actual Rows": 15412,"Actual Loops": 5,"Recheck Cond": "((l_shipdate >= '1996-05-01'::date) AND (l_shipdate < '1996-06-01 00:00:00'::timestamp without time zone))","Rows Removed by Index Recheck": 0,"Exact Heap Blocks": 8126,"Lossy Heap Blocks": 0,"Workers": [],"Plans": [{"Node Type": "Bitmap Index Scan","Parent Relationship": "Outer","Parallel Aware": false,"Async Capable": false,"Index Name": "idx_lineitem_shipdate","Startup Cost": 0.00,"Total Cost": 1831.45,"Plan Rows": 71902,"Plan Width": 0,"Actual Startup Time": 16.762,"Actual Total Time": 16.763,"Actual Rows": 77062,"Actual Loops": 1,"Index Cond": "((l_shipdate >= '1996-05-01'::date) AND (l_shipdate < '1996-06-01 00:00:00'::timestamp without time zone))","Workers": []}]},{"Node Type": "Hash","Parent Relationship": "Inner","Parallel Aware": true,"Async Capable": false,"Startup Cost": 4930.33,"Total Cost": 4930.33,"Plan Rows": 83333,"Plan Width": 25,"Actual Startup Time": 39.312,"Actual Total Time": 39.315,"Actual Rows": 40000,"Actual Loops": 5,"Hash Buckets": 262144,"Original Hash Buckets": 262144,"Hash Batches": 1,"Original Hash Batches": 1,"Peak Memory Usage": 14208,"Workers": [],"Plans": [{"Node Type": "Seq Scan","Parent Relationship": "Outer","Parallel Aware": true,"Async Capable": false,"Relation Name": "part","Alias": "part","Startup Cost": 0.00,"Total Cost": 4930.33,"Plan Rows": 83333,"Plan Width": 25,"Actual Startup Time": 0.033,"Actual Total Time": 17.021,"Actual Rows": 40000,"Actual Loops": 5,"Workers": []}]}]}]}]}]},"Planning Time": 5.257,"Triggers": [],"Execution Time": 211.778}]
[{"Plan": {"Node Type": "Aggregate","Strategy": "Plain","Partial Mode": "Finalize","Parallel Aware": false,"Async Capable": false,"Startup Cost": 116279.97,"Total Cost": 116279.99,"Plan Rows": 1,"Plan Width": 32,"Actual Startup Time": 194.269,"Actual Total Time": 212.337,"Actual Rows": 1,"Actual Loops": 1,"Plans": [{"Node Type": "Gather","Parent Relationship": "Outer","Parallel Aware": false,"Async Capable": false,"Startup Cost": 116279.52,"Total Cost": 116279.93,"Plan Rows": 4,"Plan Width": 64,"Actual Startup Time": 192.534,"Actual Total Time": 212.291,"Actual Rows": 5,"Actual Loops": 1,"Workers Planned": 4,"Workers Launched": 4,"Single Copy": false,"Plans": [{"Node Type": "Aggregate","Strategy": "Plain","Partial Mode": "Partial","Parent Relationship": "Outer","Parallel Aware": false,"Async Capable": false,"Startup Cost": 115279.52,"Total Cost": 115279.53,"Plan Rows": 1,"Plan Width": 64,"Actual Startup Time": 184.639,"Actual Total Time": 184.649,"Actual Rows": 1,"Actual Loops": 5,"Workers": [],"Plans": [{"Node Type": "Hash Join","Parent Relationship": "Outer","Parallel Aware": true,"Async Capable": false,"Join Type": "Inner","Startup Cost": 7955.37,"Total Cost": 114941.92,"Plan Rows": 19291,"Plan Width": 33,"Actual Startup Time": 62.932,"Actual Total Time": 178.412,"Actual Rows": 15344,"Actual Loops": 5,"Inner Unique": true,"Hash Cond": "(lineitem.l_partkey = part.p_partkey)","Workers": [],"Plans": [{"Node Type": "Bitmap Heap Scan","Parent Relationship": "Outer","Parallel Aware": true,"Async Capable": false,"Relation Name": "lineitem","Alias": "lineitem","Startup Cost": 1983.37,"Total Cost": 108919.29,"Plan Rows": 19291,"Plan Width": 16,"Actual Startup Time": 23.473,"Actual Total Time": 106.485,"Actual Rows": 15344,"Actual Loops": 5,"Recheck Cond": "((l_shipdate >= '1994-10-01'::date) AND (l_shipdate < '1994-11-01 00:00:00'::timestamp without time zone))","Rows Removed by Index Recheck": 0,"Exact Heap Blocks": 7724,"Lossy Heap Blocks": 0,"Workers": [],"Plans": [{"Node Type": "Bitmap Index Scan","Parent Relationship": "Outer","Parallel Aware": false,"Async Capable": false,"Index Name": "idx_lineitem_shipdate","Startup Cost": 0.00,"Total Cost": 1964.08,"Plan Rows": 77165,"Plan Width": 0,"Actual Startup Time": 16.986,"Actual Total Time": 16.988,"Actual Rows": 76718,"Actual Loops": 1,"Index Cond": "((l_shipdate >= '1994-10-01'::date) AND (l_shipdate < '1994-11-01 00:00:00'::timestamp without time zone))","Workers": []}]},{"Node Type": "Hash","Parent Relationship": "Inner","Parallel Aware": true,"Async Capable": false,"Startup Cost": 4930.33,"Total Cost": 4930.33,"Plan Rows": 83333,"Plan Width": 25,"Actual Startup Time": 38.523,"Actual Total Time": 38.526,"Actual Rows": 40000,"Actual Loops": 5,"Hash Buckets": 262144,"Original Hash Buckets": 262144,"Hash Batches": 1,"Original Hash Batches": 1,"Peak Memory Usage": 14208,"Workers": [],"Plans": [{"Node Type": "Seq Scan","Parent Relationship": "Outer","Parallel Aware": true,"Async Capable": false,"Relation Name": "part","Alias": "part","Startup Cost": 0.00,"Total Cost": 4930.33,"Plan Rows": 83333,"Plan Width": 25,"Actual Startup Time": 0.032,"Actual Total Time": 16.553,"Actual Rows": 40000,"Actual Loops": 5,"Workers": []}]}]}]}]}]},"Planning Time": 4.283,"Triggers": [],"Execution Time": 212.630}]
[{"Plan": {"Node Type": "Aggregate","Strategy": "Plain","Partial Mode": "Finalize","Parallel Aware": false,"Async Capable": false,"Startup Cost": 116979.32,"Total Cost": 116979.34,"Plan Rows": 1,"Plan Width": 32,"Actual Startup Time": 204.621,"Actual Total Time": 221.335,"Actual Rows": 1,"Actual Loops": 1,"Plans": [{"Node Type": "Gather","Parent Relationship": "Outer","Parallel Aware": false,"Async Capable": false,"Startup Cost": 116978.87,"Total Cost": 116979.28,"Plan Rows": 4,"Plan Width": 64,"Actual Startup Time": 203.046,"Actual Total Time": 221.293,"Actual Rows": 5,"Actual Loops": 1,"Workers Planned": 4,"Workers Launched": 4,"Single Copy": false,"Plans": [{"Node Type": "Aggregate","Strategy": "Plain","Partial Mode": "Partial","Parent Relationship": "Outer","Parallel Aware": false,"Async Capable": false,"Startup Cost": 115978.87,"Total Cost": 115978.88,"Plan Rows": 1,"Plan Width": 64,"Actual Startup Time": 194.974,"Actual Total Time": 194.985,"Actual Rows": 1,"Actual Loops": 5,"Workers": [],"Plans": [{"Node Type": "Hash Join","Parent Relationship": "Outer","Parallel Aware": true,"Async Capable": false,"Join Type": "Inner","Startup Cost": 7994.93,"Total Cost": 115634.62,"Plan Rows": 19671,"Plan Width": 33,"Actual Startup Time": 65.973,"Actual Total Time": 188.830,"Actual Rows": 15499,"Actual Loops": 5,"Inner Unique": true,"Hash Cond": "(lineitem.l_partkey = part.p_partkey)","Workers": [],"Plans": [{"Node Type": "Bitmap Heap Scan","Parent Relationship": "Outer","Parallel Aware": true,"Async Capable": false,"Relation Name": "lineitem","Alias": "lineitem","Startup Cost": 2022.93,"Total Cost": 109610.99,"Plan Rows": 19671,"Plan Width": 16,"Actual Startup Time": 29.215,"Actual Total Time": 122.190,"Actual Rows": 15499,"Actual Loops": 5,"Recheck Cond": "((l_shipdate >= '1997-07-01'::date) AND (l_shipdate < '1997-08-01 00:00:00'::timestamp without time zone))","Rows Removed by Index Recheck": 0,"Exact Heap Blocks": 7395,"Lossy Heap Blocks": 0,"Workers": [],"Plans": [{"Node Type": "Bitmap Index Scan","Parent Relationship": "Outer","Parallel Aware": false,"Async Capable": false,"Index Name": "idx_lineitem_shipdate","Startup Cost": 0.00,"Total Cost": 2003.26,"Plan Rows": 78683,"Plan Width": 0,"Actual Startup Time": 22.702,"Actual Total Time": 22.702,"Actual Rows": 77493,"Actual Loops": 1,"Index Cond": "((l_shipdate >= '1997-07-01'::date) AND (l_shipdate < '1997-08-01 00:00:00'::timestamp without time zone))","Workers": []}]},{"Node Type": "Hash","Parent Relationship": "Inner","Parallel Aware": true,"Async Capable": false,"Startup Cost": 4930.33,"Total Cost": 4930.33,"Plan Rows": 83333,"Plan Width": 25,"Actual Startup Time": 36.077,"Actual Total Time": 36.081,"Actual Rows": 40000,"Actual Loops": 5,"Hash Buckets": 262144,"Original Hash Buckets": 262144,"Hash Batches": 1,"Original Hash Batches": 1,"Peak Memory Usage": 14176,"Workers": [],"Plans": [{"Node Type": "Seq Scan","Parent Relationship": "Outer","Parallel Aware": true,"Async Capable": false,"Relation Name": "part","Alias": "part","Startup Cost": 0.00,"Total Cost": 4930.33,"Plan Rows": 83333,"Plan Width": 25,"Actual Startup Time": 0.024,"Actual Total Time": 16.983,"Actual Rows": 40000,"Actual Loops": 5,"Workers": []}]}]}]}]}]},"Planning Time": 4.182,"Triggers": [],"Execution Time": 221.556}]
[{"Plan": {"Node Type": "Aggregate","Strategy": "Plain","Partial Mode": "Finalize","Parallel Aware": false,"Async Capable": false,"Startup Cost": 115414.72,"Total Cost": 115414.73,"Plan Rows": 1,"Plan Width": 32,"Actual Startup Time": 187.053,"Actual Total Time": 203.755,"Actual Rows": 1,"Actual Loops": 1,"Plans": [{"Node Type": "Gather","Parent Relationship": "Outer","Parallel Aware": false,"Async Capable": false,"Startup Cost": 115414.26,"Total Cost": 115414.67,"Plan Rows": 4,"Plan Width": 64,"Actual Startup Time": 185.070,"Actual Total Time": 203.718,"Actual Rows": 5,"Actual Loops": 1,"Workers Planned": 4,"Workers Launched": 4,"Single Copy": false,"Plans": [{"Node Type": "Aggregate","Strategy": "Plain","Partial Mode": "Partial","Parent Relationship": "Outer","Parallel Aware": false,"Async Capable": false,"Startup Cost": 114414.26,"Total Cost": 114414.27,"Plan Rows": 1,"Plan Width": 64,"Actual Startup Time": 177.250,"Actual Total Time": 177.262,"Actual Rows": 1,"Actual Loops": 5,"Workers": [],"Plans": [{"Node Type": "Hash Join","Parent Relationship": "Outer","Parallel Aware": true,"Async Capable": false,"Join Type": "Inner","Startup Cost": 7908.88,"Total Cost": 114084.56,"Plan Rows": 18840,"Plan Width": 33,"Actual Startup Time": 55.990,"Actual Total Time": 171.341,"Actual Rows": 14962,"Actual Loops": 5,"Inner Unique": true,"Hash Cond": "(lineitem.l_partkey = part.p_partkey)","Workers": [],"Plans": [{"Node Type": "Bitmap Heap Scan","Parent Relationship": "Outer","Parallel Aware": true,"Async Capable": false,"Relation Name": "lineitem","Alias": "lineitem","Startup Cost": 1936.88,"Total Cost": 108063.10,"Plan Rows": 18840,"Plan Width": 16,"Actual Startup Time": 21.982,"Actual Total Time": 110.904,"Actual Rows": 14962,"Actual Loops": 5,"Recheck Cond": "((l_shipdate >= '1994-06-01'::date) AND (l_shipdate < '1994-07-01 00:00:00'::timestamp without time zone))","Rows Removed by Index Recheck": 0,"Exact Heap Blocks": 8391,"Lossy Heap Blocks": 0,"Workers": [],"Plans": [{"Node Type": "Bitmap Index Scan","Parent Relationship": "Outer","Parallel Aware": false,"Async Capable": false,"Index Name": "idx_lineitem_shipdate","Startup Cost": 0.00,"Total Cost": 1918.04,"Plan Rows": 75361,"Plan Width": 0,"Actual Startup Time": 15.790,"Actual Total Time": 15.792,"Actual Rows": 74812,"Actual Loops": 1,"Index Cond": "((l_shipdate >= '1994-06-01'::date) AND (l_shipdate < '1994-07-01 00:00:00'::timestamp without time zone))","Workers": []}]},{"Node Type": "Hash","Parent Relationship": "Inner","Parallel Aware": true,"Async Capable": false,"Startup Cost": 4930.33,"Total Cost": 4930.33,"Plan Rows": 83333,"Plan Width": 25,"Actual Startup Time": 33.250,"Actual Total Time": 33.254,"Actual Rows": 40000,"Actual Loops": 5,"Hash Buckets": 262144,"Original Hash Buckets": 262144,"Hash Batches": 1,"Original Hash Batches": 1,"Peak Memory Usage": 14240,"Workers": [],"Plans": [{"Node Type": "Seq Scan","Parent Relationship": "Outer","Parallel Aware": true,"Async Capable": false,"Relation Name": "part","Alias": "part","Startup Cost": 0.00,"Total Cost": 4930.33,"Plan Rows": 83333,"Plan Width": 25,"Actual Startup Time": 0.033,"Actual Total Time": 14.354,"Actual Rows": 40000,"Actual Loops": 5,"Workers": []}]}]}]}]}]},"Planning Time": 4.908,"Triggers": [],"Execution Time": 204.115}]
[{"Plan": {"Node Type": "Aggregate","Strategy": "Plain","Partial Mode": "Finalize","Parallel Aware": false,"Async Capable": false,"Startup Cost": 115924.34,"Total Cost": 115924.35,"Plan Rows": 1,"Plan Width": 32,"Actual Startup Time": 196.667,"Actual Total Time": 211.996,"Actual Rows": 1,"Actual Loops": 1,"Plans": [{"Node Type": "Gather","Parent Relationship": "Outer","Parallel Aware": false,"Async Capable": false,"Startup Cost": 115923.88,"Total Cost": 115924.29,"Plan Rows": 4,"Plan Width": 64,"Actual Startup Time": 195.153,"Actual Total Time": 211.955,"Actual Rows": 5,"Actual Loops": 1,"Workers Planned": 4,"Workers Launched": 4,"Single Copy": false,"Plans": [{"Node Type": "Aggregate","Strategy": "Plain","Partial Mode": "Partial","Parent Relationship": "Outer","Parallel Aware": false,"Async Capable": false,"Startup Cost": 114923.88,"Total Cost": 114923.89,"Plan Rows": 1,"Plan Width": 64,"Actual Startup Time": 187.608,"Actual Total Time": 187.617,"Actual Rows": 1,"Actual Loops": 5,"Workers": [],"Plans": [{"Node Type": "Hash Join","Parent Relationship": "Outer","Parallel Aware": true,"Async Capable": false,"Join Type": "Inner","Startup Cost": 7935.68,"Total Cost": 114589.56,"Plan Rows": 19104,"Plan Width": 33,"Actual Startup Time": 65.479,"Actual Total Time": 181.616,"Actual Rows": 15453,"Actual Loops": 5,"Inner Unique": true,"Hash Cond": "(lineitem.l_partkey = part.p_partkey)","Workers": [],"Plans": [{"Node Type": "Bitmap Heap Scan","Parent Relationship": "Outer","Parallel Aware": true,"Async Capable": false,"Relation Name": "lineitem","Alias": "lineitem","Startup Cost": 1963.69,"Total Cost": 108567.41,"Plan Rows": 19104,"Plan Width": 16,"Actual Startup Time": 23.321,"Actual Total Time": 108.651,"Actual Rows": 15453,"Actual Loops": 5,"Recheck Cond": "((l_shipdate >= '1997-12-01'::date) AND (l_shipdate < '1998-01-01 00:00:00'::timestamp without time zone))","Rows Removed by Index Recheck": 0,"Exact Heap Blocks": 8205,"Lossy Heap Blocks": 0,"Workers": [],"Plans": [{"Node Type": "Bitmap Index Scan","Parent Relationship": "Outer","Parallel Aware": false,"Async Capable": false,"Index Name": "idx_lineitem_shipdate","Startup Cost": 0.00,"Total Cost": 1944.58,"Plan Rows": 76415,"Plan Width": 0,"Actual Startup Time": 16.871,"Actual Total Time": 16.872,"Actual Rows": 77267,"Actual Loops": 1,"Index Cond": "((l_shipdate >= '1997-12-01'::date) AND (l_shipdate < '1998-01-01 00:00:00'::timestamp without time zone))","Workers": []}]},{"Node Type": "Hash","Parent Relationship": "Inner","Parallel Aware": true,"Async Capable": false,"Startup Cost": 4930.33,"Total Cost": 4930.33,"Plan Rows": 83333,"Plan Width": 25,"Actual Startup Time": 41.357,"Actual Total Time": 41.359,"Actual Rows": 40000,"Actual Loops": 5,"Hash Buckets": 262144,"Original Hash Buckets": 262144,"Hash Batches": 1,"Original Hash Batches": 1,"Peak Memory Usage": 14208,"Workers": [],"Plans": [{"Node Type": "Seq Scan","Parent Relationship": "Outer","Parallel Aware": true,"Async Capable": false,"Relation Name": "part","Alias": "part","Startup Cost": 0.00,"Total Cost": 4930.33,"Plan Rows": 83333,"Plan Width": 25,"Actual Startup Time": 0.037,"Actual Total Time": 17.718,"Actual Rows": 40000,"Actual Loops": 5,"Workers": []}]}]}]}]}]},"Planning Time": 3.901,"Triggers": [],"Execution Time": 212.224}]
[{"Plan": {"Node Type": "Aggregate","Strategy": "Plain","Partial Mode": "Finalize","Parallel Aware": false,"Async Capable": false,"Startup Cost": 117419.23,"Total Cost": 117419.25,"Plan Rows": 1,"Plan Width": 32,"Actual Startup Time": 192.159,"Actual Total Time": 209.787,"Actual Rows": 1,"Actual Loops": 1,"Plans": [{"Node Type": "Gather","Parent Relationship": "Outer","Parallel Aware": false,"Async Capable": false,"Startup Cost": 117418.78,"Total Cost": 117419.19,"Plan Rows": 4,"Plan Width": 64,"Actual Startup Time": 190.855,"Actual Total Time": 209.738,"Actual Rows": 5,"Actual Loops": 1,"Workers Planned": 4,"Workers Launched": 4,"Single Copy": false,"Plans": [{"Node Type": "Aggregate","Strategy": "Plain","Partial Mode": "Partial","Parent Relationship": "Outer","Parallel Aware": false,"Async Capable": false,"Startup Cost": 116418.78,"Total Cost": 116418.79,"Plan Rows": 1,"Plan Width": 64,"Actual Startup Time": 183.596,"Actual Total Time": 183.611,"Actual Rows": 1,"Actual Loops": 5,"Workers": [],"Plans": [{"Node Type": "Hash Join","Parent Relationship": "Outer","Parallel Aware": true,"Async Capable": false,"Join Type": "Inner","Startup Cost": 8020.99,"Total Cost": 116070.24,"Plan Rows": 19916,"Plan Width": 33,"Actual Startup Time": 59.000,"Actual Total Time": 177.551,"Actual Rows": 15008,"Actual Loops": 5,"Inner Unique": true,"Hash Cond": "(lineitem.l_partkey = part.p_partkey)","Workers": [],"Plans": [{"Node Type": "Bitmap Heap Scan","Parent Relationship": "Outer","Parallel Aware": true,"Async Capable": false,"Relation Name": "lineitem","Alias": "lineitem","Startup Cost": 2049.00,"Total Cost": 110045.97,"Plan Rows": 19916,"Plan Width": 16,"Actual Startup Time": 22.150,"Actual Total Time": 110.721,"Actual Rows": 15008,"Actual Loops": 5,"Recheck Cond": "((l_shipdate >= '1997-06-01'::date) AND (l_shipdate < '1997-07-01 00:00:00'::timestamp without time zone))","Rows Removed by Index Recheck": 0,"Exact Heap Blocks": 7617,"Lossy Heap Blocks": 0,"Workers": [],"Plans": [{"Node Type": "Bitmap Index Scan","Parent Relationship": "Outer","Parallel Aware": false,"Async Capable": false,"Index Name": "idx_lineitem_shipdate","Startup Cost": 0.00,"Total Cost": 2029.08,"Plan Rows": 79665,"Plan Width": 0,"Actual Startup Time": 15.961,"Actual Total Time": 15.966,"Actual Rows": 75039,"Actual Loops": 1,"Index Cond": "((l_shipdate >= '1997-06-01'::date) AND (l_shipdate < '1997-07-01 00:00:00'::timestamp without time zone))","Workers": []}]},{"Node Type": "Hash","Parent Relationship": "Inner","Parallel Aware": true,"Async Capable": false,"Startup Cost": 4930.33,"Total Cost": 4930.33,"Plan Rows": 83333,"Plan Width": 25,"Actual Startup Time": 36.138,"Actual Total Time": 36.144,"Actual Rows": 40000,"Actual Loops": 5,"Hash Buckets": 262144,"Original Hash Buckets": 262144,"Hash Batches": 1,"Original Hash Batches": 1,"Peak Memory Usage": 14176,"Workers": [],"Plans": [{"Node Type": "Seq Scan","Parent Relationship": "Outer","Parallel Aware": true,"Async Capable": false,"Relation Name": "part","Alias": "part","Startup Cost": 0.00,"Total Cost": 4930.33,"Plan Rows": 83333,"Plan Width": 25,"Actual Startup Time": 0.040,"Actual Total Time": 15.692,"Actual Rows": 40000,"Actual Loops": 5,"Workers": []}]}]}]}]}]},"Planning Time": 5.388,"Triggers": [],"Execution Time": 210.069}]
[{"Plan": {"Node Type": "Aggregate","Strategy": "Plain","Partial Mode": "Finalize","Parallel Aware": false,"Async Capable": false,"Startup Cost": 114902.36,"Total Cost": 114902.37,"Plan Rows": 1,"Plan Width": 32,"Actual Startup Time": 198.225,"Actual Total Time": 215.708,"Actual Rows": 1,"Actual Loops": 1,"Plans": [{"Node Type": "Gather","Parent Relationship": "Outer","Parallel Aware": false,"Async Capable": false,"Startup Cost": 114901.90,"Total Cost": 114902.31,"Plan Rows": 4,"Plan Width": 64,"Actual Startup Time": 196.886,"Actual Total Time": 215.657,"Actual Rows": 5,"Actual Loops": 1,"Workers Planned": 4,"Workers Launched": 4,"Single Copy": false,"Plans": [{"Node Type": "Aggregate","Strategy": "Plain","Partial Mode": "Partial","Parent Relationship": "Outer","Parallel Aware": false,"Async Capable": false,"Startup Cost": 113901.90,"Total Cost": 113901.91,"Plan Rows": 1,"Plan Width": 64,"Actual Startup Time": 188.997,"Actual Total Time": 189.007,"Actual Rows": 1,"Actual Loops": 5,"Workers": [],"Plans": [{"Node Type": "Hash Join","Parent Relationship": "Outer","Parallel Aware": true,"Async Capable": false,"Join Type": "Inner","Startup Cost": 7882.30,"Total Cost": 113576.71,"Plan Rows": 18582,"Plan Width": 33,"Actual Startup Time": 61.932,"Actual Total Time": 182.740,"Actual Rows": 15587,"Actual Loops": 5,"Inner Unique": true,"Hash Cond": "(lineitem.l_partkey = part.p_partkey)","Workers": [],"Plans": [{"Node Type": "Bitmap Heap Scan","Parent Relationship": "Outer","Parallel Aware": true,"Async Capable": false,"Relation Name": "lineitem","Alias": "lineitem","Startup Cost": 1910.30,"Total Cost": 107555.94,"Plan Rows": 18582,"Plan Width": 16,"Actual Startup Time": 22.647,"Actual Total Time": 112.380,"Actual Rows": 15587,"Actual Loops": 5,"Recheck Cond": "((l_shipdate >= '1996-12-01'::date) AND (l_shipdate < '1997-01-01 00:00:00'::timestamp without time zone))","Rows Removed by Index Recheck": 0,"Exact Heap Blocks": 7656,"Lossy Heap Blocks": 0,"Workers": [],"Plans": [{"Node Type": "Bitmap Index Scan","Parent Relationship": "Outer","Parallel Aware": false,"Async Capable": false,"Index Name": "idx_lineitem_shipdate","Startup Cost": 0.00,"Total Cost": 1891.72,"Plan Rows": 74329,"Plan Width": 0,"Actual Startup Time": 16.250,"Actual Total Time": 16.252,"Actual Rows": 77933,"Actual Loops": 1,"Index Cond": "((l_shipdate >= '1996-12-01'::date) AND (l_shipdate < '1997-01-01 00:00:00'::timestamp without time zone))","Workers": []}]},{"Node Type": "Hash","Parent Relationship": "Inner","Parallel Aware": true,"Async Capable": false,"Startup Cost": 4930.33,"Total Cost": 4930.33,"Plan Rows": 83333,"Plan Width": 25,"Actual Startup Time": 38.467,"Actual Total Time": 38.471,"Actual Rows": 40000,"Actual Loops": 5,"Hash Buckets": 262144,"Original Hash Buckets": 262144,"Hash Batches": 1,"Original Hash Batches": 1,"Peak Memory Usage": 14208,"Workers": [],"Plans": [{"Node Type": "Seq Scan","Parent Relationship": "Outer","Parallel Aware": true,"Async Capable": false,"Relation Name": "part","Alias": "part","Startup Cost": 0.00,"Total Cost": 4930.33,"Plan Rows": 83333,"Plan Width": 25,"Actual Startup Time": 0.033,"Actual Total Time": 18.148,"Actual Rows": 40000,"Actual Loops": 5,"Workers": []}]}]}]}]}]},"Planning Time": 4.024,"Triggers": [],"Execution Time": 215.988}]
[{"Plan": {"Node Type": "Aggregate","Strategy": "Plain","Partial Mode": "Finalize","Parallel Aware": false,"Async Capable": false,"Startup Cost": 111577.07,"Total Cost": 111577.08,"Plan Rows": 1,"Plan Width": 32,"Actual Startup Time": 186.301,"Actual Total Time": 202.570,"Actual Rows": 1,"Actual Loops": 1,"Plans": [{"Node Type": "Gather","Parent Relationship": "Outer","Parallel Aware": false,"Async Capable": false,"Startup Cost": 111576.61,"Total Cost": 111577.02,"Plan Rows": 4,"Plan Width": 64,"Actual Startup Time": 184.863,"Actual Total Time": 202.533,"Actual Rows": 5,"Actual Loops": 1,"Workers Planned": 4,"Workers Launched": 4,"Single Copy": false,"Plans": [{"Node Type": "Aggregate","Strategy": "Plain","Partial Mode": "Partial","Parent Relationship": "Outer","Parallel Aware": false,"Async Capable": false,"Startup Cost": 110576.61,"Total Cost": 110576.62,"Plan Rows": 1,"Plan Width": 64,"Actual Startup Time": 177.469,"Actual Total Time": 177.481,"Actual Rows": 1,"Actual Loops": 5,"Workers": [],"Plans": [{"Node Type": "Hash Join","Parent Relationship": "Outer","Parallel Aware": true,"Async Capable": false,"Join Type": "Inner","Startup Cost": 7723.43,"Total Cost": 110278.25,"Plan Rows": 17049,"Plan Width": 33,"Actual Startup Time": 61.420,"Actual Total Time": 171.970,"Actual Rows": 14049,"Actual Loops": 5,"Inner Unique": true,"Hash Cond": "(lineitem.l_partkey = part.p_partkey)","Workers": [],"Plans": [{"Node Type": "Bitmap Heap Scan","Parent Relationship": "Outer","Parallel Aware": true,"Async Capable": false,"Relation Name": "lineitem","Alias": "lineitem","Startup Cost": 1751.43,"Total Cost": 104261.50,"Plan Rows": 17049,"Plan Width": 16,"Actual Startup Time": 23.904,"Actual Total Time": 106.890,"Actual Rows": 14049,"Actual Loops": 5,"Recheck Cond": "((l_shipdate >= '1997-02-01'::date) AND (l_shipdate < '1997-03-01 00:00:00'::timestamp without time zone))","Rows Removed by Index Recheck": 0,"Exact Heap Blocks": 7418,"Lossy Heap Blocks": 0,"Workers": [],"Plans": [{"Node Type": "Bitmap Index Scan","Parent Relationship": "Outer","Parallel Aware": false,"Async Capable": false,"Index Name": "idx_lineitem_shipdate","Startup Cost": 0.00,"Total Cost": 1734.38,"Plan Rows": 68195,"Plan Width": 0,"Actual Startup Time": 17.828,"Actual Total Time": 17.830,"Actual Rows": 70245,"Actual Loops": 1,"Index Cond": "((l_shipdate >= '1997-02-01'::date) AND (l_shipdate < '1997-03-01 00:00:00'::timestamp without time zone))","Workers": []}]},{"Node Type": "Hash","Parent Relationship": "Inner","Parallel Aware": true,"Async Capable": false,"Startup Cost": 4930.33,"Total Cost": 4930.33,"Plan Rows": 83333,"Plan Width": 25,"Actual Startup Time": 36.814,"Actual Total Time": 36.818,"Actual Rows": 40000,"Actual Loops": 5,"Hash Buckets": 262144,"Original Hash Buckets": 262144,"Hash Batches": 1,"Original Hash Batches": 1,"Peak Memory Usage": 14240,"Workers": [],"Plans": [{"Node Type": "Seq Scan","Parent Relationship": "Outer","Parallel Aware": true,"Async Capable": false,"Relation Name": "part","Alias": "part","Startup Cost": 0.00,"Total Cost": 4930.33,"Plan Rows": 83333,"Plan Width": 25,"Actual Startup Time": 0.035,"Actual Total Time": 16.010,"Actual Rows": 40000,"Actual Loops": 5,"Workers": []}]}]}]}]}]},"Planning Time": 4.076,"Triggers": [],"Execution Time": 202.873}]
[{"Plan": {"Node Type": "Aggregate","Strategy": "Plain","Partial Mode": "Finalize","Parallel Aware": false,"Async Capable": false,"Startup Cost": 117419.23,"Total Cost": 117419.25,"Plan Rows": 1,"Plan Width": 32,"Actual Startup Time": 192.159,"Actual Total Time": 209.787,"Actual Rows": 1,"Actual Loops": 1,"Plans": [{"Node Type": "Gather","Parent Relationship": "Outer","Parallel Aware": false,"Async Capable": false,"Startup Cost": 117418.78,"Total Cost": 117419.19,"Plan Rows": 4,"Plan Width": 64,"Actual Startup Time": 190.855,"Actual Total Time": 209.738,"Actual Rows": 5,"Actual Loops": 1,"Workers Planned": 4,"Workers Launched": 4,"Single Copy": false,"Plans": [{"Node Type": "Aggregate","Strategy": "Plain","Partial Mode": "Partial","Parent Relationship": "Outer","Parallel Aware": false,"Async Capable": false,"Startup Cost": 116418.78,"Total Cost": 116418.79,"Plan Rows": 1,"Plan Width": 64,"Actual Startup Time": 183.596,"Actual Total Time": 183.611,"Actual Rows": 1,"Actual Loops": 5,"Workers": [],"Plans": [{"Node Type": "Hash Join","Parent Relationship": "Outer","Parallel Aware": true,"Async Capable": false,"Join Type": "Inner","Startup Cost": 8020.99,"Total Cost": 116070.24,"Plan Rows": 19916,"Plan Width": 33,"Actual Startup Time": 59.000,"Actual Total Time": 177.551,"Actual Rows": 15008,"Actual Loops": 5,"Inner Unique": true,"Hash Cond": "(lineitem.l_partkey = part.p_partkey)","Workers": [],"Plans": [{"Node Type": "Bitmap Heap Scan","Parent Relationship": "Outer","Parallel Aware": true,"Async Capable": false,"Relation Name": "lineitem","Alias": "lineitem","Startup Cost": 2049.00,"Total Cost": 110045.97,"Plan Rows": 19916,"Plan Width": 16,"Actual Startup Time": 22.150,"Actual Total Time": 110.721,"Actual Rows": 15008,"Actual Loops": 5,"Recheck Cond": "((l_shipdate >= '1997-06-01'::date) AND (l_shipdate < '1997-07-01 00:00:00'::timestamp without time zone))","Rows Removed by Index Recheck": 0,"Exact Heap Blocks": 7617,"Lossy Heap Blocks": 0,"Workers": [],"Plans": [{"Node Type": "Bitmap Index Scan","Parent Relationship": "Outer","Parallel Aware": false,"Async Capable": false,"Index Name": "idx_lineitem_shipdate","Startup Cost": 0.00,"Total Cost": 2029.08,"Plan Rows": 79665,"Plan Width": 0,"Actual Startup Time": 15.961,"Actual Total Time": 15.966,"Actual Rows": 75039,"Actual Loops": 1,"Index Cond": "((l_shipdate >= '1997-06-01'::date) AND (l_shipdate < '1997-07-01 00:00:00'::timestamp without time zone))","Workers": []}]},{"Node Type": "Hash","Parent Relationship": "Inner","Parallel Aware": true,"Async Capable": false,"Startup Cost": 4930.33,"Total Cost": 4930.33,"Plan Rows": 83333,"Plan Width": 25,"Actual Startup Time": 36.138,"Actual Total Time": 36.144,"Actual Rows": 40000,"Actual Loops": 5,"Hash Buckets": 262144,"Original Hash Buckets": 262144,"Hash Batches": 1,"Original Hash Batches": 1,"Peak Memory Usage": 14176,"Workers": [],"Plans": [{"Node Type": "Seq Scan","Parent Relationship": "Outer","Parallel Aware": true,"Async Capable": false,"Relation Name": "part","Alias": "part","Startup Cost": 0.00,"Total Cost": 4930.33,"Plan Rows": 83333,"Plan Width": 25,"Actual Startup Time": 0.040,"Actual Total Time": 15.692,"Actual Rows": 40000,"Actual Loops": 5,"Workers": []}]}]}]}]}]},"Planning Time": 5.388,"Triggers": [],"Execution Time": 210.069}]
[{"Plan": {"Node Type": "Aggregate","Strategy": "Plain","Partial Mode": "Finalize","Parallel Aware": false,"Async Capable": false,"Startup Cost": 114902.36,"Total Cost": 114902.37,"Plan Rows": 1,"Plan Width": 32,"Actual Startup Time": 198.225,"Actual Total Time": 215.708,"Actual Rows": 1,"Actual Loops": 1,"Plans": [{"Node Type": "Gather","Parent Relationship": "Outer","Parallel Aware": false,"Async Capable": false,"Startup Cost": 114901.90,"Total Cost": 114902.31,"Plan Rows": 4,"Plan Width": 64,"Actual Startup Time": 196.886,"Actual Total Time": 215.657,"Actual Rows": 5,"Actual Loops": 1,"Workers Planned": 4,"Workers Launched": 4,"Single Copy": false,"Plans": [{"Node Type": "Aggregate","Strategy": "Plain","Partial Mode": "Partial","Parent Relationship": "Outer","Parallel Aware": false,"Async Capable": false,"Startup Cost": 113901.90,"Total Cost": 113901.91,"Plan Rows": 1,"Plan Width": 64,"Actual Startup Time": 188.997,"Actual Total Time": 189.007,"Actual Rows": 1,"Actual Loops": 5,"Workers": [],"Plans": [{"Node Type": "Hash Join","Parent Relationship": "Outer","Parallel Aware": true,"Async Capable": false,"Join Type": "Inner","Startup Cost": 7882.30,"Total Cost": 113576.71,"Plan Rows": 18582,"Plan Width": 33,"Actual Startup Time": 61.932,"Actual Total Time": 182.740,"Actual Rows": 15587,"Actual Loops": 5,"Inner Unique": true,"Hash Cond": "(lineitem.l_partkey = part.p_partkey)","Workers": [],"Plans": [{"Node Type": "Bitmap Heap Scan","Parent Relationship": "Outer","Parallel Aware": true,"Async Capable": false,"Relation Name": "lineitem","Alias": "lineitem","Startup Cost": 1910.30,"Total Cost": 107555.94,"Plan Rows": 18582,"Plan Width": 16,"Actual Startup Time": 22.647,"Actual Total Time": 112.380,"Actual Rows": 15587,"Actual Loops": 5,"Recheck Cond": "((l_shipdate >= '1996-12-01'::date) AND (l_shipdate < '1997-01-01 00:00:00'::timestamp without time zone))","Rows Removed by Index Recheck": 0,"Exact Heap Blocks": 7656,"Lossy Heap Blocks": 0,"Workers": [],"Plans": [{"Node Type": "Bitmap Index Scan","Parent Relationship": "Outer","Parallel Aware": false,"Async Capable": false,"Index Name": "idx_lineitem_shipdate","Startup Cost": 0.00,"Total Cost": 1891.72,"Plan Rows": 74329,"Plan Width": 0,"Actual Startup Time": 16.250,"Actual Total Time": 16.252,"Actual Rows": 77933,"Actual Loops": 1,"Index Cond": "((l_shipdate >= '1996-12-01'::date) AND (l_shipdate < '1997-01-01 00:00:00'::timestamp without time zone))","Workers": []}]},{"Node Type": "Hash","Parent Relationship": "Inner","Parallel Aware": true,"Async Capable": false,"Startup Cost": 4930.33,"Total Cost": 4930.33,"Plan Rows": 83333,"Plan Width": 25,"Actual Startup Time": 38.467,"Actual Total Time": 38.471,"Actual Rows": 40000,"Actual Loops": 5,"Hash Buckets": 262144,"Original Hash Buckets": 262144,"Hash Batches": 1,"Original Hash Batches": 1,"Peak Memory Usage": 14208,"Workers": [],"Plans": [{"Node Type": "Seq Scan","Parent Relationship": "Outer","Parallel Aware": true,"Async Capable": false,"Relation Name": "part","Alias": "part","Startup Cost": 0.00,"Total Cost": 4930.33,"Plan Rows": 83333,"Plan Width": 25,"Actual Startup Time": 0.033,"Actual Total Time": 18.148,"Actual Rows": 40000,"Actual Loops": 5,"Workers": []}]}]}]}]}]},"Planning Time": 4.024,"Triggers": [],"Execution Time": 215.988}]
[{"Plan": {"Node Type": "Aggregate","Strategy": "Plain","Partial Mode": "Finalize","Parallel Aware": false,"Async Capable": false,"Startup Cost": 115034.55,"Total Cost": 115034.56,"Plan Rows": 1,"Plan Width": 32,"Actual Startup Time": 211.171,"Actual Total Time": 229.828,"Actual Rows": 1,"Actual Loops": 1,"Plans": [{"Node Type": "Gather","Parent Relationship": "Outer","Parallel Aware": false,"Async Capable": false,"Startup Cost": 115034.09,"Total Cost": 115034.50,"Plan Rows": 4,"Plan Width": 64,"Actual Startup Time": 209.630,"Actual Total Time": 229.791,"Actual Rows": 5,"Actual Loops": 1,"Workers Planned": 4,"Workers Launched": 4,"Single Copy": false,"Plans": [{"Node Type": "Aggregate","Strategy": "Plain","Partial Mode": "Partial","Parent Relationship": "Outer","Parallel Aware": false,"Async Capable": false,"Startup Cost": 114034.09,"Total Cost": 114034.10,"Plan Rows": 1,"Plan Width": 64,"Actual Startup Time": 202.318,"Actual Total Time": 202.325,"Actual Rows": 1,"Actual Loops": 5,"Workers": [],"Plans": [{"Node Type": "Hash Join","Parent Relationship": "Outer","Parallel Aware": true,"Async Capable": false,"Join Type": "Inner","Startup Cost": 7889.01,"Total Cost": 113707.75,"Plan Rows": 18648,"Plan Width": 33,"Actual Startup Time": 73.099,"Actual Total Time": 196.221,"Actual Rows": 15467,"Actual Loops": 5,"Inner Unique": true,"Hash Cond": "(lineitem.l_partkey = part.p_partkey)","Workers": [],"Plans": [{"Node Type": "Bitmap Heap Scan","Parent Relationship": "Outer","Parallel Aware": true,"Async Capable": false,"Relation Name": "lineitem","Alias": "lineitem","Startup Cost": 1917.01,"Total Cost": 107686.80,"Plan Rows": 18648,"Plan Width": 16,"Actual Startup Time": 32.721,"Actual Total Time": 124.933,"Actual Rows": 15467,"Actual Loops": 5,"Recheck Cond": "((l_shipdate >= '1996-08-01'::date) AND (l_shipdate < '1996-09-01 00:00:00'::timestamp without time zone))","Rows Removed by Index Recheck": 0,"Exact Heap Blocks": 8255,"Lossy Heap Blocks": 0,"Workers": [],"Plans": [{"Node Type": "Bitmap Index Scan","Parent Relationship": "Outer","Parallel Aware": false,"Async Capable": false,"Index Name": "idx_lineitem_shipdate","Startup Cost": 0.00,"Total Cost": 1898.36,"Plan Rows": 74593,"Plan Width": 0,"Actual Startup Time": 26.077,"Actual Total Time": 26.080,"Actual Rows": 77336,"Actual Loops": 1,"Index Cond": "((l_shipdate >= '1996-08-01'::date) AND (l_shipdate < '1996-09-01 00:00:00'::timestamp without time zone))","Workers": []}]},{"Node Type": "Hash","Parent Relationship": "Inner","Parallel Aware": true,"Async Capable": false,"Startup Cost": 4930.33,"Total Cost": 4930.33,"Plan Rows": 83333,"Plan Width": 25,"Actual Startup Time": 39.626,"Actual Total Time": 39.628,"Actual Rows": 40000,"Actual Loops": 5,"Hash Buckets": 262144,"Original Hash Buckets": 262144,"Hash Batches": 1,"Original Hash Batches": 1,"Peak Memory Usage": 14240,"Workers": [],"Plans": [{"Node Type": "Seq Scan","Parent Relationship": "Outer","Parallel Aware": true,"Async Capable": false,"Relation Name": "part","Alias": "part","Startup Cost": 0.00,"Total Cost": 4930.33,"Plan Rows": 83333,"Plan Width": 25,"Actual Startup Time": 0.029,"Actual Total Time": 17.199,"Actual Rows": 40000,"Actual Loops": 5,"Workers": []}]}]}]}]}]},"Planning Time": 4.716,"Triggers": [],"Execution Time": 230.134}]
[{"Plan": {"Node Type": "Aggregate","Strategy": "Plain","Partial Mode": "Finalize","Parallel Aware": false,"Async Capable": false,"Startup Cost": 117007.92,"Total Cost": 117007.93,"Plan Rows": 1,"Plan Width": 32,"Actual Startup Time": 189.829,"Actual Total Time": 206.980,"Actual Rows": 1,"Actual Loops": 1,"Plans": [{"Node Type": "Gather","Parent Relationship": "Outer","Parallel Aware": false,"Async Capable": false,"Startup Cost": 117007.46,"Total Cost": 117007.87,"Plan Rows": 4,"Plan Width": 64,"Actual Startup Time": 188.175,"Actual Total Time": 206.940,"Actual Rows": 5,"Actual Loops": 1,"Workers Planned": 4,"Workers Launched": 4,"Single Copy": false,"Plans": [{"Node Type": "Aggregate","Strategy": "Plain","Partial Mode": "Partial","Parent Relationship": "Outer","Parallel Aware": false,"Async Capable": false,"Startup Cost": 116007.46,"Total Cost": 116007.47,"Plan Rows": 1,"Plan Width": 64,"Actual Startup Time": 180.947,"Actual Total Time": 180.957,"Actual Rows": 1,"Actual Loops": 5,"Workers": [],"Plans": [{"Node Type": "Hash Join","Parent Relationship": "Outer","Parallel Aware": true,"Async Capable": false,"Join Type": "Inner","Startup Cost": 7995.60,"Total Cost": 115662.94,"Plan Rows": 19687,"Plan Width": 33,"Actual Startup Time": 58.068,"Actual Total Time": 174.672,"Actual Rows": 15581,"Actual Loops": 5,"Inner Unique": true,"Hash Cond": "(lineitem.l_partkey = part.p_partkey)","Workers": [],"Plans": [{"Node Type": "Bitmap Heap Scan","Parent Relationship": "Outer","Parallel Aware": true,"Async Capable": false,"Relation Name": "lineitem","Alias": "lineitem","Startup Cost": 2023.60,"Total Cost": 109639.26,"Plan Rows": 19687,"Plan Width": 16,"Actual Startup Time": 23.375,"Actual Total Time": 109.958,"Actual Rows": 15581,"Actual Loops": 5,"Recheck Cond": "((l_shipdate >= '1997-08-01'::date) AND (l_shipdate < '1997-09-01 00:00:00'::timestamp without time zone))","Rows Removed by Index Recheck": 0,"Exact Heap Blocks": 8451,"Lossy Heap Blocks": 0,"Workers": [],"Plans": [{"Node Type": "Bitmap Index Scan","Parent Relationship": "Outer","Parallel Aware": false,"Async Capable": false,"Index Name": "idx_lineitem_shipdate","Startup Cost": 0.00,"Total Cost": 2003.91,"Plan Rows": 78748,"Plan Width": 0,"Actual Startup Time": 16.902,"Actual Total Time": 16.905,"Actual Rows": 77905,"Actual Loops": 1,"Index Cond": "((l_shipdate >= '1997-08-01'::date) AND (l_shipdate < '1997-09-01 00:00:00'::timestamp without time zone))","Workers": []}]},{"Node Type": "Hash","Parent Relationship": "Inner","Parallel Aware": true,"Async Capable": false,"Startup Cost": 4930.33,"Total Cost": 4930.33,"Plan Rows": 83333,"Plan Width": 25,"Actual Startup Time": 33.961,"Actual Total Time": 33.964,"Actual Rows": 40000,"Actual Loops": 5,"Hash Buckets": 262144,"Original Hash Buckets": 262144,"Hash Batches": 1,"Original Hash Batches": 1,"Peak Memory Usage": 14208,"Workers": [],"Plans": [{"Node Type": "Seq Scan","Parent Relationship": "Outer","Parallel Aware": true,"Async Capable": false,"Relation Name": "part","Alias": "part","Startup Cost": 0.00,"Total Cost": 4930.33,"Plan Rows": 83333,"Plan Width": 25,"Actual Startup Time": 0.029,"Actual Total Time": 14.872,"Actual Rows": 40000,"Actual Loops": 5,"Workers": []}]}]}]}]}]},"Planning Time": 4.521,"Triggers": [],"Execution Time": 207.275}]
[{"Plan": {"Node Type": "Aggregate","Strategy": "Plain","Partial Mode": "Finalize","Parallel Aware": false,"Async Capable": false,"Startup Cost": 116279.97,"Total Cost": 116279.99,"Plan Rows": 1,"Plan Width": 32,"Actual Startup Time": 208.330,"Actual Total Time": 226.126,"Actual Rows": 1,"Actual Loops": 1,"Plans": [{"Node Type": "Gather","Parent Relationship": "Outer","Parallel Aware": false,"Async Capable": false,"Startup Cost": 116279.52,"Total Cost": 116279.93,"Plan Rows": 4,"Plan Width": 64,"Actual Startup Time": 206.980,"Actual Total Time": 226.083,"Actual Rows": 5,"Actual Loops": 1,"Workers Planned": 4,"Workers Launched": 4,"Single Copy": false,"Plans": [{"Node Type": "Aggregate","Strategy": "Plain","Partial Mode": "Partial","Parent Relationship": "Outer","Parallel Aware": false,"Async Capable": false,"Startup Cost": 115279.52,"Total Cost": 115279.53,"Plan Rows": 1,"Plan Width": 64,"Actual Startup Time": 199.451,"Actual Total Time": 199.462,"Actual Rows": 1,"Actual Loops": 5,"Workers": [],"Plans": [{"Node Type": "Hash Join","Parent Relationship": "Outer","Parallel Aware": true,"Async Capable": false,"Join Type": "Inner","Startup Cost": 7955.37,"Total Cost": 114941.92,"Plan Rows": 19291,"Plan Width": 33,"Actual Startup Time": 65.506,"Actual Total Time": 193.383,"Actual Rows": 14979,"Actual Loops": 5,"Inner Unique": true,"Hash Cond": "(lineitem.l_partkey = part.p_partkey)","Workers": [],"Plans": [{"Node Type": "Bitmap Heap Scan","Parent Relationship": "Outer","Parallel Aware": true,"Async Capable": false,"Relation Name": "lineitem","Alias": "lineitem","Startup Cost": 1983.37,"Total Cost": 108919.29,"Plan Rows": 19291,"Plan Width": 16,"Actual Startup Time": 28.807,"Actual Total Time": 126.686,"Actual Rows": 14979,"Actual Loops": 5,"Recheck Cond": "((l_shipdate >= '1994-11-01'::date) AND (l_shipdate < '1994-12-01 00:00:00'::timestamp without time zone))","Rows Removed by Index Recheck": 0,"Exact Heap Blocks": 8098,"Lossy Heap Blocks": 0,"Workers": [],"Plans": [{"Node Type": "Bitmap Index Scan","Parent Relationship": "Outer","Parallel Aware": false,"Async Capable": false,"Index Name": "idx_lineitem_shipdate","Startup Cost": 0.00,"Total Cost": 1964.08,"Plan Rows": 77165,"Plan Width": 0,"Actual Startup Time": 22.263,"Actual Total Time": 22.266,"Actual Rows": 74894,"Actual Loops": 1,"Index Cond": "((l_shipdate >= '1994-11-01'::date) AND (l_shipdate < '1994-12-01 00:00:00'::timestamp without time zone))","Workers": []}]},{"Node Type": "Hash","Parent Relationship": "Inner","Parallel Aware": true,"Async Capable": false,"Startup Cost": 4930.33,"Total Cost": 4930.33,"Plan Rows": 83333,"Plan Width": 25,"Actual Startup Time": 36.037,"Actual Total Time": 36.042,"Actual Rows": 40000,"Actual Loops": 5,"Hash Buckets": 262144,"Original Hash Buckets": 262144,"Hash Batches": 1,"Original Hash Batches": 1,"Peak Memory Usage": 14208,"Workers": [],"Plans": [{"Node Type": "Seq Scan","Parent Relationship": "Outer","Parallel Aware": true,"Async Capable": false,"Relation Name": "part","Alias": "part","Startup Cost": 0.00,"Total Cost": 4930.33,"Plan Rows": 83333,"Plan Width": 25,"Actual Startup Time": 0.033,"Actual Total Time": 15.614,"Actual Rows": 40000,"Actual Loops": 5,"Workers": []}]}]}]}]}]},"Planning Time": 4.356,"Triggers": [],"Execution Time": 226.431}]
[{"Plan": {"Node Type": "Aggregate","Strategy": "Plain","Partial Mode": "Finalize","Parallel Aware": false,"Async Capable": false,"Startup Cost": 116135.64,"Total Cost": 116135.65,"Plan Rows": 1,"Plan Width": 32,"Actual Startup Time": 195.995,"Actual Total Time": 214.059,"Actual Rows": 1,"Actual Loops": 1,"Plans": [{"Node Type": "Gather","Parent Relationship": "Outer","Parallel Aware": false,"Async Capable": false,"Startup Cost": 116135.18,"Total Cost": 116135.59,"Plan Rows": 4,"Plan Width": 64,"Actual Startup Time": 194.581,"Actual Total Time": 214.025,"Actual Rows": 5,"Actual Loops": 1,"Workers Planned": 4,"Workers Launched": 4,"Single Copy": false,"Plans": [{"Node Type": "Aggregate","Strategy": "Plain","Partial Mode": "Partial","Parent Relationship": "Outer","Parallel Aware": false,"Async Capable": false,"Startup Cost": 115135.18,"Total Cost": 115135.19,"Plan Rows": 1,"Plan Width": 64,"Actual Startup Time": 187.052,"Actual Total Time": 187.062,"Actual Rows": 1,"Actual Loops": 5,"Workers": [],"Plans": [{"Node Type": "Hash Join","Parent Relationship": "Outer","Parallel Aware": true,"Async Capable": false,"Join Type": "Inner","Startup Cost": 7948.21,"Total Cost": 114798.93,"Plan Rows": 19214,"Plan Width": 33,"Actual Startup Time": 59.823,"Actual Total Time": 180.842,"Actual Rows": 15427,"Actual Loops": 5,"Inner Unique": true,"Hash Cond": "(lineitem.l_partkey = part.p_partkey)","Workers": [],"Plans": [{"Node Type": "Bitmap Heap Scan","Parent Relationship": "Outer","Parallel Aware": true,"Async Capable": false,"Relation Name": "lineitem","Alias": "lineitem","Startup Cost": 1976.22,"Total Cost": 108776.50,"Plan Rows": 19214,"Plan Width": 16,"Actual Startup Time": 22.994,"Actual Total Time": 113.362,"Actual Rows": 15427,"Actual Loops": 5,"Recheck Cond": "((l_shipdate >= '1996-01-01'::date) AND (l_shipdate < '1996-02-01 00:00:00'::timestamp without time zone))","Rows Removed by Index Recheck": 0,"Exact Heap Blocks": 7617,"Lossy Heap Blocks": 0,"Workers": [],"Plans": [{"Node Type": "Bitmap Index Scan","Parent Relationship": "Outer","Parallel Aware": false,"Async Capable": false,"Index Name": "idx_lineitem_shipdate","Startup Cost": 0.00,"Total Cost": 1957.00,"Plan Rows": 76857,"Plan Width": 0,"Actual Startup Time": 16.699,"Actual Total Time": 16.700,"Actual Rows": 77136,"Actual Loops": 1,"Index Cond": "((l_shipdate >= '1996-01-01'::date) AND (l_shipdate < '1996-02-01 00:00:00'::timestamp without time zone))","Workers": []}]},{"Node Type": "Hash","Parent Relationship": "Inner","Parallel Aware": true,"Async Capable": false,"Startup Cost": 4930.33,"Total Cost": 4930.33,"Plan Rows": 83333,"Plan Width": 25,"Actual Startup Time": 36.068,"Actual Total Time": 36.071,"Actual Rows": 40000,"Actual Loops": 5,"Hash Buckets": 262144,"Original Hash Buckets": 262144,"Hash Batches": 1,"Original Hash Batches": 1,"Peak Memory Usage": 14208,"Workers": [],"Plans": [{"Node Type": "Seq Scan","Parent Relationship": "Outer","Parallel Aware": true,"Async Capable": false,"Relation Name": "part","Alias": "part","Startup Cost": 0.00,"Total Cost": 4930.33,"Plan Rows": 83333,"Plan Width": 25,"Actual Startup Time": 0.038,"Actual Total Time": 16.692,"Actual Rows": 40000,"Actual Loops": 5,"Workers": []}]}]}]}]}]},"Planning Time": 4.110,"Triggers": [],"Execution Time": 214.344}]
[{"Plan": {"Node Type": "Aggregate","Strategy": "Plain","Partial Mode": "Finalize","Parallel Aware": false,"Async Capable": false,"Startup Cost": 115924.34,"Total Cost": 115924.35,"Plan Rows": 1,"Plan Width": 32,"Actual Startup Time": 196.667,"Actual Total Time": 211.996,"Actual Rows": 1,"Actual Loops": 1,"Plans": [{"Node Type": "Gather","Parent Relationship": "Outer","Parallel Aware": false,"Async Capable": false,"Startup Cost": 115923.88,"Total Cost": 115924.29,"Plan Rows": 4,"Plan Width": 64,"Actual Startup Time": 195.153,"Actual Total Time": 211.955,"Actual Rows": 5,"Actual Loops": 1,"Workers Planned": 4,"Workers Launched": 4,"Single Copy": false,"Plans": [{"Node Type": "Aggregate","Strategy": "Plain","Partial Mode": "Partial","Parent Relationship": "Outer","Parallel Aware": false,"Async Capable": false,"Startup Cost": 114923.88,"Total Cost": 114923.89,"Plan Rows": 1,"Plan Width": 64,"Actual Startup Time": 187.608,"Actual Total Time": 187.617,"Actual Rows": 1,"Actual Loops": 5,"Workers": [],"Plans": [{"Node Type": "Hash Join","Parent Relationship": "Outer","Parallel Aware": true,"Async Capable": false,"Join Type": "Inner","Startup Cost": 7935.68,"Total Cost": 114589.56,"Plan Rows": 19104,"Plan Width": 33,"Actual Startup Time": 65.479,"Actual Total Time": 181.616,"Actual Rows": 15453,"Actual Loops": 5,"Inner Unique": true,"Hash Cond": "(lineitem.l_partkey = part.p_partkey)","Workers": [],"Plans": [{"Node Type": "Bitmap Heap Scan","Parent Relationship": "Outer","Parallel Aware": true,"Async Capable": false,"Relation Name": "lineitem","Alias": "lineitem","Startup Cost": 1963.69,"Total Cost": 108567.41,"Plan Rows": 19104,"Plan Width": 16,"Actual Startup Time": 23.321,"Actual Total Time": 108.651,"Actual Rows": 15453,"Actual Loops": 5,"Recheck Cond": "((l_shipdate >= '1997-12-01'::date) AND (l_shipdate < '1998-01-01 00:00:00'::timestamp without time zone))","Rows Removed by Index Recheck": 0,"Exact Heap Blocks": 8205,"Lossy Heap Blocks": 0,"Workers": [],"Plans": [{"Node Type": "Bitmap Index Scan","Parent Relationship": "Outer","Parallel Aware": false,"Async Capable": false,"Index Name": "idx_lineitem_shipdate","Startup Cost": 0.00,"Total Cost": 1944.58,"Plan Rows": 76415,"Plan Width": 0,"Actual Startup Time": 16.871,"Actual Total Time": 16.872,"Actual Rows": 77267,"Actual Loops": 1,"Index Cond": "((l_shipdate >= '1997-12-01'::date) AND (l_shipdate < '1998-01-01 00:00:00'::timestamp without time zone))","Workers": []}]},{"Node Type": "Hash","Parent Relationship": "Inner","Parallel Aware": true,"Async Capable": false,"Startup Cost": 4930.33,"Total Cost": 4930.33,"Plan Rows": 83333,"Plan Width": 25,"Actual Startup Time": 41.357,"Actual Total Time": 41.359,"Actual Rows": 40000,"Actual Loops": 5,"Hash Buckets": 262144,"Original Hash Buckets": 262144,"Hash Batches": 1,"Original Hash Batches": 1,"Peak Memory Usage": 14208,"Workers": [],"Plans": [{"Node Type": "Seq Scan","Parent Relationship": "Outer","Parallel Aware": true,"Async Capable": false,"Relation Name": "part","Alias": "part","Startup Cost": 0.00,"Total Cost": 4930.33,"Plan Rows": 83333,"Plan Width": 25,"Actual Startup Time": 0.037,"Actual Total Time": 17.718,"Actual Rows": 40000,"Actual Loops": 5,"Workers": []}]}]}]}]}]},"Planning Time": 3.901,"Triggers": [],"Execution Time": 212.224}]
[{"Plan": {"Node Type": "Aggregate","Strategy": "Plain","Partial Mode": "Finalize","Parallel Aware": false,"Async Capable": false,"Startup Cost": 117007.92,"Total Cost": 117007.93,"Plan Rows": 1,"Plan Width": 32,"Actual Startup Time": 189.829,"Actual Total Time": 206.980,"Actual Rows": 1,"Actual Loops": 1,"Plans": [{"Node Type": "Gather","Parent Relationship": "Outer","Parallel Aware": false,"Async Capable": false,"Startup Cost": 117007.46,"Total Cost": 117007.87,"Plan Rows": 4,"Plan Width": 64,"Actual Startup Time": 188.175,"Actual Total Time": 206.940,"Actual Rows": 5,"Actual Loops": 1,"Workers Planned": 4,"Workers Launched": 4,"Single Copy": false,"Plans": [{"Node Type": "Aggregate","Strategy": "Plain","Partial Mode": "Partial","Parent Relationship": "Outer","Parallel Aware": false,"Async Capable": false,"Startup Cost": 116007.46,"Total Cost": 116007.47,"Plan Rows": 1,"Plan Width": 64,"Actual Startup Time": 180.947,"Actual Total Time": 180.957,"Actual Rows": 1,"Actual Loops": 5,"Workers": [],"Plans": [{"Node Type": "Hash Join","Parent Relationship": "Outer","Parallel Aware": true,"Async Capable": false,"Join Type": "Inner","Startup Cost": 7995.60,"Total Cost": 115662.94,"Plan Rows": 19687,"Plan Width": 33,"Actual Startup Time": 58.068,"Actual Total Time": 174.672,"Actual Rows": 15581,"Actual Loops": 5,"Inner Unique": true,"Hash Cond": "(lineitem.l_partkey = part.p_partkey)","Workers": [],"Plans": [{"Node Type": "Bitmap Heap Scan","Parent Relationship": "Outer","Parallel Aware": true,"Async Capable": false,"Relation Name": "lineitem","Alias": "lineitem","Startup Cost": 2023.60,"Total Cost": 109639.26,"Plan Rows": 19687,"Plan Width": 16,"Actual Startup Time": 23.375,"Actual Total Time": 109.958,"Actual Rows": 15581,"Actual Loops": 5,"Recheck Cond": "((l_shipdate >= '1997-08-01'::date) AND (l_shipdate < '1997-09-01 00:00:00'::timestamp without time zone))","Rows Removed by Index Recheck": 0,"Exact Heap Blocks": 8451,"Lossy Heap Blocks": 0,"Workers": [],"Plans": [{"Node Type": "Bitmap Index Scan","Parent Relationship": "Outer","Parallel Aware": false,"Async Capable": false,"Index Name": "idx_lineitem_shipdate","Startup Cost": 0.00,"Total Cost": 2003.91,"Plan Rows": 78748,"Plan Width": 0,"Actual Startup Time": 16.902,"Actual Total Time": 16.905,"Actual Rows": 77905,"Actual Loops": 1,"Index Cond": "((l_shipdate >= '1997-08-01'::date) AND (l_shipdate < '1997-09-01 00:00:00'::timestamp without time zone))","Workers": []}]},{"Node Type": "Hash","Parent Relationship": "Inner","Parallel Aware": true,"Async Capable": false,"Startup Cost": 4930.33,"Total Cost": 4930.33,"Plan Rows": 83333,"Plan Width": 25,"Actual Startup Time": 33.961,"Actual Total Time": 33.964,"Actual Rows": 40000,"Actual Loops": 5,"Hash Buckets": 262144,"Original Hash Buckets": 262144,"Hash Batches": 1,"Original Hash Batches": 1,"Peak Memory Usage": 14208,"Workers": [],"Plans": [{"Node Type": "Seq Scan","Parent Relationship": "Outer","Parallel Aware": true,"Async Capable": false,"Relation Name": "part","Alias": "part","Startup Cost": 0.00,"Total Cost": 4930.33,"Plan Rows": 83333,"Plan Width": 25,"Actual Startup Time": 0.029,"Actual Total Time": 14.872,"Actual Rows": 40000,"Actual Loops": 5,"Workers": []}]}]}]}]}]},"Planning Time": 4.521,"Triggers": [],"Execution Time": 207.275}]
[{"Plan": {"Node Type": "Aggregate","Strategy": "Plain","Partial Mode": "Finalize","Parallel Aware": false,"Async Capable": false,"Startup Cost": 117497.96,"Total Cost": 117497.98,"Plan Rows": 1,"Plan Width": 32,"Actual Startup Time": 207.468,"Actual Total Time": 225.216,"Actual Rows": 1,"Actual Loops": 1,"Plans": [{"Node Type": "Gather","Parent Relationship": "Outer","Parallel Aware": false,"Async Capable": false,"Startup Cost": 117497.51,"Total Cost": 117497.92,"Plan Rows": 4,"Plan Width": 64,"Actual Startup Time": 205.953,"Actual Total Time": 225.169,"Actual Rows": 5,"Actual Loops": 1,"Workers Planned": 4,"Workers Launched": 4,"Single Copy": false,"Plans": [{"Node Type": "Aggregate","Strategy": "Plain","Partial Mode": "Partial","Parent Relationship": "Outer","Parallel Aware": false,"Async Capable": false,"Startup Cost": 116497.51,"Total Cost": 116497.52,"Plan Rows": 1,"Plan Width": 64,"Actual Startup Time": 198.115,"Actual Total Time": 198.124,"Actual Rows": 1,"Actual Loops": 5,"Workers": [],"Plans": [{"Node Type": "Hash Join","Parent Relationship": "Outer","Parallel Aware": true,"Async Capable": false,"Join Type": "Inner","Startup Cost": 8022.90,"Total Cost": 116148.15,"Plan Rows": 19963,"Plan Width": 33,"Actual Startup Time": 66.694,"Actual Total Time": 191.972,"Actual Rows": 14975,"Actual Loops": 5,"Inner Unique": true,"Hash Cond": "(lineitem.l_partkey = part.p_partkey)","Workers": [],"Plans": [{"Node Type": "Bitmap Heap Scan","Parent Relationship": "Outer","Parallel Aware": true,"Async Capable": false,"Relation Name": "lineitem","Alias": "lineitem","Startup Cost": 2050.91,"Total Cost": 110123.75,"Plan Rows": 19963,"Plan Width": 16,"Actual Startup Time": 28.399,"Actual Total Time": 124.147,"Actual Rows": 14975,"Actual Loops": 5,"Recheck Cond": "((l_shipdate >= '1997-09-01'::date) AND (l_shipdate < '1997-10-01 00:00:00'::timestamp without time zone))","Rows Removed by Index Recheck": 0,"Exact Heap Blocks": 8021,"Lossy Heap Blocks": 0,"Workers": [],"Plans": [{"Node Type": "Bitmap Index Scan","Parent Relationship": "Outer","Parallel Aware": false,"Async Capable": false,"Index Name": "idx_lineitem_shipdate","Startup Cost": 0.00,"Total Cost": 2030.94,"Plan Rows": 79851,"Plan Width": 0,"Actual Startup Time": 22.019,"Actual Total Time": 22.022,"Actual Rows": 74876,"Actual Loops": 1,"Index Cond": "((l_shipdate >= '1997-09-01'::date) AND (l_shipdate < '1997-10-01 00:00:00'::timestamp without time zone))","Workers": []}]},{"Node Type": "Hash","Parent Relationship": "Inner","Parallel Aware": true,"Async Capable": false,"Startup Cost": 4930.33,"Total Cost": 4930.33,"Plan Rows": 83333,"Plan Width": 25,"Actual Startup Time": 37.454,"Actual Total Time": 37.458,"Actual Rows": 40000,"Actual Loops": 5,"Hash Buckets": 262144,"Original Hash Buckets": 262144,"Hash Batches": 1,"Original Hash Batches": 1,"Peak Memory Usage": 14208,"Workers": [],"Plans": [{"Node Type": "Seq Scan","Parent Relationship": "Outer","Parallel Aware": true,"Async Capable": false,"Relation Name": "part","Alias": "part","Startup Cost": 0.00,"Total Cost": 4930.33,"Plan Rows": 83333,"Plan Width": 25,"Actual Startup Time": 0.036,"Actual Total Time": 16.918,"Actual Rows": 40000,"Actual Loops": 5,"Workers": []}]}]}]}]}]},"Planning Time": 4.079,"Triggers": [],"Execution Time": 225.550}]
[{"Plan": {"Node Type": "Aggregate","Strategy": "Plain","Partial Mode": "Finalize","Parallel Aware": false,"Async Capable": false,"Startup Cost": 115609.89,"Total Cost": 115609.90,"Plan Rows": 1,"Plan Width": 32,"Actual Startup Time": 193.817,"Actual Total Time": 211.351,"Actual Rows": 1,"Actual Loops": 1,"Plans": [{"Node Type": "Gather","Parent Relationship": "Outer","Parallel Aware": false,"Async Capable": false,"Startup Cost": 115609.43,"Total Cost": 115609.84,"Plan Rows": 4,"Plan Width": 64,"Actual Startup Time": 192.419,"Actual Total Time": 211.299,"Actual Rows": 5,"Actual Loops": 1,"Workers Planned": 4,"Workers Launched": 4,"Single Copy": false,"Plans": [{"Node Type": "Aggregate","Strategy": "Plain","Partial Mode": "Partial","Parent Relationship": "Outer","Parallel Aware": false,"Async Capable": false,"Startup Cost": 114609.43,"Total Cost": 114609.44,"Plan Rows": 1,"Plan Width": 64,"Actual Startup Time": 185.004,"Actual Total Time": 185.017,"Actual Rows": 1,"Actual Loops": 5,"Workers": [],"Plans": [{"Node Type": "Hash Join","Parent Relationship": "Outer","Parallel Aware": true,"Async Capable": false,"Join Type": "Inner","Startup Cost": 7920.94,"Total Cost": 114277.99,"Plan Rows": 18939,"Plan Width": 33,"Actual Startup Time": 60.368,"Actual Total Time": 178.970,"Actual Rows": 15437,"Actual Loops": 5,"Inner Unique": true,"Hash Cond": "(lineitem.l_partkey = part.p_partkey)","Workers": [],"Plans": [{"Node Type": "Bitmap Heap Scan","Parent Relationship": "Outer","Parallel Aware": true,"Async Capable": false,"Relation Name": "lineitem","Alias": "lineitem","Startup Cost": 1948.94,"Total Cost": 108256.28,"Plan Rows": 18939,"Plan Width": 16,"Actual Startup Time": 23.075,"Actual Total Time": 110.836,"Actual Rows": 15437,"Actual Loops": 5,"Recheck Cond": "((l_shipdate >= '1994-07-01'::date) AND (l_shipdate < '1994-08-01 00:00:00'::timestamp without time zone))","Rows Removed by Index Recheck": 0,"Exact Heap Blocks": 7823,"Lossy Heap Blocks": 0,"Workers": [],"Plans": [{"Node Type": "Bitmap Index Scan","Parent Relationship": "Outer","Parallel Aware": false,"Async Capable": false,"Index Name": "idx_lineitem_shipdate","Startup Cost": 0.00,"Total Cost": 1930.00,"Plan Rows": 75757,"Plan Width": 0,"Actual Startup Time": 16.721,"Actual Total Time": 16.724,"Actual Rows": 77186,"Actual Loops": 1,"Index Cond": "((l_shipdate >= '1994-07-01'::date) AND (l_shipdate < '1994-08-01 00:00:00'::timestamp without time zone))","Workers": []}]},{"Node Type": "Hash","Parent Relationship": "Inner","Parallel Aware": true,"Async Capable": false,"Startup Cost": 4930.33,"Total Cost": 4930.33,"Plan Rows": 83333,"Plan Width": 25,"Actual Startup Time": 36.560,"Actual Total Time": 36.565,"Actual Rows": 40000,"Actual Loops": 5,"Hash Buckets": 262144,"Original Hash Buckets": 262144,"Hash Batches": 1,"Original Hash Batches": 1,"Peak Memory Usage": 14240,"Workers": [],"Plans": [{"Node Type": "Seq Scan","Parent Relationship": "Outer","Parallel Aware": true,"Async Capable": false,"Relation Name": "part","Alias": "part","Startup Cost": 0.00,"Total Cost": 4930.33,"Plan Rows": 83333,"Plan Width": 25,"Actual Startup Time": 0.029,"Actual Total Time": 15.824,"Actual Rows": 40000,"Actual Loops": 5,"Workers": []}]}]}]}]}]},"Planning Time": 4.753,"Triggers": [],"Execution Time": 211.654}]
[{"Plan": {"Node Type": "Aggregate","Strategy": "Plain","Partial Mode": "Finalize","Parallel Aware": false,"Async Capable": false,"Startup Cost": 111577.07,"Total Cost": 111577.08,"Plan Rows": 1,"Plan Width": 32,"Actual Startup Time": 186.301,"Actual Total Time": 202.570,"Actual Rows": 1,"Actual Loops": 1,"Plans": [{"Node Type": "Gather","Parent Relationship": "Outer","Parallel Aware": false,"Async Capable": false,"Startup Cost": 111576.61,"Total Cost": 111577.02,"Plan Rows": 4,"Plan Width": 64,"Actual Startup Time": 184.863,"Actual Total Time": 202.533,"Actual Rows": 5,"Actual Loops": 1,"Workers Planned": 4,"Workers Launched": 4,"Single Copy": false,"Plans": [{"Node Type": "Aggregate","Strategy": "Plain","Partial Mode": "Partial","Parent Relationship": "Outer","Parallel Aware": false,"Async Capable": false,"Startup Cost": 110576.61,"Total Cost": 110576.62,"Plan Rows": 1,"Plan Width": 64,"Actual Startup Time": 177.469,"Actual Total Time": 177.481,"Actual Rows": 1,"Actual Loops": 5,"Workers": [],"Plans": [{"Node Type": "Hash Join","Parent Relationship": "Outer","Parallel Aware": true,"Async Capable": false,"Join Type": "Inner","Startup Cost": 7723.43,"Total Cost": 110278.25,"Plan Rows": 17049,"Plan Width": 33,"Actual Startup Time": 61.420,"Actual Total Time": 171.970,"Actual Rows": 14049,"Actual Loops": 5,"Inner Unique": true,"Hash Cond": "(lineitem.l_partkey = part.p_partkey)","Workers": [],"Plans": [{"Node Type": "Bitmap Heap Scan","Parent Relationship": "Outer","Parallel Aware": true,"Async Capable": false,"Relation Name": "lineitem","Alias": "lineitem","Startup Cost": 1751.43,"Total Cost": 104261.50,"Plan Rows": 17049,"Plan Width": 16,"Actual Startup Time": 23.904,"Actual Total Time": 106.890,"Actual Rows": 14049,"Actual Loops": 5,"Recheck Cond": "((l_shipdate >= '1997-02-01'::date) AND (l_shipdate < '1997-03-01 00:00:00'::timestamp without time zone))","Rows Removed by Index Recheck": 0,"Exact Heap Blocks": 7418,"Lossy Heap Blocks": 0,"Workers": [],"Plans": [{"Node Type": "Bitmap Index Scan","Parent Relationship": "Outer","Parallel Aware": false,"Async Capable": false,"Index Name": "idx_lineitem_shipdate","Startup Cost": 0.00,"Total Cost": 1734.38,"Plan Rows": 68195,"Plan Width": 0,"Actual Startup Time": 17.828,"Actual Total Time": 17.830,"Actual Rows": 70245,"Actual Loops": 1,"Index Cond": "((l_shipdate >= '1997-02-01'::date) AND (l_shipdate < '1997-03-01 00:00:00'::timestamp without time zone))","Workers": []}]},{"Node Type": "Hash","Parent Relationship": "Inner","Parallel Aware": true,"Async Capable": false,"Startup Cost": 4930.33,"Total Cost": 4930.33,"Plan Rows": 83333,"Plan Width": 25,"Actual Startup Time": 36.814,"Actual Total Time": 36.818,"Actual Rows": 40000,"Actual Loops": 5,"Hash Buckets": 262144,"Original Hash Buckets": 262144,"Hash Batches": 1,"Original Hash Batches": 1,"Peak Memory Usage": 14240,"Workers": [],"Plans": [{"Node Type": "Seq Scan","Parent Relationship": "Outer","Parallel Aware": true,"Async Capable": false,"Relation Name": "part","Alias": "part","Startup Cost": 0.00,"Total Cost": 4930.33,"Plan Rows": 83333,"Plan Width": 25,"Actual Startup Time": 0.035,"Actual Total Time": 16.010,"Actual Rows": 40000,"Actual Loops": 5,"Workers": []}]}]}]}]}]},"Planning Time": 4.076,"Triggers": [],"Execution Time": 202.873}]
[{"Plan": {"Node Type": "Aggregate","Strategy": "Plain","Partial Mode": "Finalize","Parallel Aware": false,"Async Capable": false,"Startup Cost": 118140.12,"Total Cost": 118140.13,"Plan Rows": 1,"Plan Width": 32,"Actual Startup Time": 185.903,"Actual Total Time": 202.979,"Actual Rows": 1,"Actual Loops": 1,"Plans": [{"Node Type": "Gather","Parent Relationship": "Outer","Parallel Aware": false,"Async Capable": false,"Startup Cost": 118139.66,"Total Cost": 118140.07,"Plan Rows": 4,"Plan Width": 64,"Actual Startup Time": 184.390,"Actual Total Time": 202.925,"Actual Rows": 5,"Actual Loops": 1,"Workers Planned": 4,"Workers Launched": 4,"Single Copy": false,"Plans": [{"Node Type": "Aggregate","Strategy": "Plain","Partial Mode": "Partial","Parent Relationship": "Outer","Parallel Aware": false,"Async Capable": false,"Startup Cost": 117139.66,"Total Cost": 117139.67,"Plan Rows": 1,"Plan Width": 64,"Actual Startup Time": 176.869,"Actual Total Time": 176.882,"Actual Rows": 1,"Actual Loops": 5,"Workers": [],"Plans": [{"Node Type": "Hash Join","Parent Relationship": "Outer","Parallel Aware": true,"Async Capable": false,"Join Type": "Inner","Startup Cost": 8062.13,"Total Cost": 116783.81,"Plan Rows": 20334,"Plan Width": 33,"Actual Startup Time": 60.553,"Actual Total Time": 171.029,"Actual Rows": 15084,"Actual Loops": 5,"Inner Unique": true,"Hash Cond": "(lineitem.l_partkey = part.p_partkey)","Workers": [],"Plans": [{"Node Type": "Bitmap Heap Scan","Parent Relationship": "Outer","Parallel Aware": true,"Async Capable": false,"Relation Name": "lineitem","Alias": "lineitem","Startup Cost": 2090.14,"Total Cost": 110758.44,"Plan Rows": 20334,"Plan Width": 16,"Actual Startup Time": 24.977,"Actual Total Time": 107.592,"Actual Rows": 15084,"Actual Loops": 5,"Recheck Cond": "((l_shipdate >= '1996-11-01'::date) AND (l_shipdate < '1996-12-01 00:00:00'::timestamp without time zone))","Rows Removed by Index Recheck": 0,"Exact Heap Blocks": 7792,"Lossy Heap Blocks": 0,"Workers": [],"Plans": [{"Node Type": "Bitmap Index Scan","Parent Relationship": "Outer","Parallel Aware": false,"Async Capable": false,"Index Name": "idx_lineitem_shipdate","Startup Cost": 0.00,"Total Cost": 2069.80,"Plan Rows": 81337,"Plan Width": 0,"Actual Startup Time": 18.606,"Actual Total Time": 18.607,"Actual Rows": 75419,"Actual Loops": 1,"Index Cond": "((l_shipdate >= '1996-11-01'::date) AND (l_shipdate < '1996-12-01 00:00:00'::timestamp without time zone))","Workers": []}]},{"Node Type": "Hash","Parent Relationship": "Inner","Parallel Aware": true,"Async Capable": false,"Startup Cost": 4930.33,"Total Cost": 4930.33,"Plan Rows": 83333,"Plan Width": 25,"Actual Startup Time": 34.770,"Actual Total Time": 34.774,"Actual Rows": 40000,"Actual Loops": 5,"Hash Buckets": 262144,"Original Hash Buckets": 262144,"Hash Batches": 1,"Original Hash Batches": 1,"Peak Memory Usage": 14240,"Workers": [],"Plans": [{"Node Type": "Seq Scan","Parent Relationship": "Outer","Parallel Aware": true,"Async Capable": false,"Relation Name": "part","Alias": "part","Startup Cost": 0.00,"Total Cost": 4930.33,"Plan Rows": 83333,"Plan Width": 25,"Actual Startup Time": 0.035,"Actual Total Time": 15.079,"Actual Rows": 40000,"Actual Loops": 5,"Workers": []}]}]}]}]}]},"Planning Time": 3.987,"Triggers": [],"Execution Time": 203.309}]
[{"Plan": {"Node Type": "Aggregate","Strategy": "Plain","Partial Mode": "Finalize","Parallel Aware": false,"Async Capable": false,"Startup Cost": 114861.81,"Total Cost": 114861.82,"Plan Rows": 1,"Plan Width": 32,"Actual Startup Time": 193.988,"Actual Total Time": 211.749,"Actual Rows": 1,"Actual Loops": 1,"Plans": [{"Node Type": "Gather","Parent Relationship": "Outer","Parallel Aware": false,"Async Capable": false,"Startup Cost": 114861.35,"Total Cost": 114861.76,"Plan Rows": 4,"Plan Width": 64,"Actual Startup Time": 192.665,"Actual Total Time": 211.694,"Actual Rows": 5,"Actual Loops": 1,"Workers Planned": 4,"Workers Launched": 4,"Single Copy": false,"Plans": [{"Node Type": "Aggregate","Strategy": "Plain","Partial Mode": "Partial","Parent Relationship": "Outer","Parallel Aware": false,"Async Capable": false,"Startup Cost": 113861.35,"Total Cost": 113861.36,"Plan Rows": 1,"Plan Width": 64,"Actual Startup Time": 184.518,"Actual Total Time": 184.527,"Actual Rows": 1,"Actual Loops": 5,"Workers": [],"Plans": [{"Node Type": "Hash Join","Parent Relationship": "Outer","Parallel Aware": true,"Async Capable": false,"Join Type": "Inner","Startup Cost": 7881.45,"Total Cost": 113536.51,"Plan Rows": 18562,"Plan Width": 33,"Actual Startup Time": 58.502,"Actual Total Time": 178.310,"Actual Rows": 15463,"Actual Loops": 5,"Inner Unique": true,"Hash Cond": "(lineitem.l_partkey = part.p_partkey)","Workers": [],"Plans": [{"Node Type": "Bitmap Heap Scan","Parent Relationship": "Outer","Parallel Aware": true,"Async Capable": false,"Relation Name": "lineitem","Alias": "lineitem","Startup Cost": 1909.45,"Total Cost": 107515.79,"Plan Rows": 18561,"Plan Width": 16,"Actual Startup Time": 22.399,"Actual Total Time": 112.098,"Actual Rows": 15463,"Actual Loops": 5,"Recheck Cond": "((l_shipdate >= '1994-05-01'::date) AND (l_shipdate < '1994-06-01 00:00:00'::timestamp without time zone))","Rows Removed by Index Recheck": 0,"Exact Heap Blocks": 7716,"Lossy Heap Blocks": 0,"Workers": [],"Plans": [{"Node Type": "Bitmap Index Scan","Parent Relationship": "Outer","Parallel Aware": false,"Async Capable": false,"Index Name": "idx_lineitem_shipdate","Startup Cost": 0.00,"Total Cost": 1890.89,"Plan Rows": 74246,"Plan Width": 0,"Actual Startup Time": 16.017,"Actual Total Time": 16.018,"Actual Rows": 77317,"Actual Loops": 1,"Index Cond": "((l_shipdate >= '1994-05-01'::date) AND (l_shipdate < '1994-06-01 00:00:00'::timestamp without time zone))","Workers": []}]},{"Node Type": "Hash","Parent Relationship": "Inner","Parallel Aware": true,"Async Capable": false,"Startup Cost": 4930.33,"Total Cost": 4930.33,"Plan Rows": 83333,"Plan Width": 25,"Actual Startup Time": 35.336,"Actual Total Time": 35.342,"Actual Rows": 40000,"Actual Loops": 5,"Hash Buckets": 262144,"Original Hash Buckets": 262144,"Hash Batches": 1,"Original Hash Batches": 1,"Peak Memory Usage": 14208,"Workers": [],"Plans": [{"Node Type": "Seq Scan","Parent Relationship": "Outer","Parallel Aware": true,"Async Capable": false,"Relation Name": "part","Alias": "part","Startup Cost": 0.00,"Total Cost": 4930.33,"Plan Rows": 83333,"Plan Width": 25,"Actual Startup Time": 0.043,"Actual Total Time": 15.376,"Actual Rows": 40000,"Actual Loops": 5,"Workers": []}]}]}]}]}]},"Planning Time": 5.236,"Triggers": [],"Execution Time": 212.073}]
[{"Plan": {"Node Type": "Aggregate","Strategy": "Plain","Partial Mode": "Finalize","Parallel Aware": false,"Async Capable": false,"Startup Cost": 115414.72,"Total Cost": 115414.73,"Plan Rows": 1,"Plan Width": 32,"Actual Startup Time": 187.053,"Actual Total Time": 203.755,"Actual Rows": 1,"Actual Loops": 1,"Plans": [{"Node Type": "Gather","Parent Relationship": "Outer","Parallel Aware": false,"Async Capable": false,"Startup Cost": 115414.26,"Total Cost": 115414.67,"Plan Rows": 4,"Plan Width": 64,"Actual Startup Time": 185.070,"Actual Total Time": 203.718,"Actual Rows": 5,"Actual Loops": 1,"Workers Planned": 4,"Workers Launched": 4,"Single Copy": false,"Plans": [{"Node Type": "Aggregate","Strategy": "Plain","Partial Mode": "Partial","Parent Relationship": "Outer","Parallel Aware": false,"Async Capable": false,"Startup Cost": 114414.26,"Total Cost": 114414.27,"Plan Rows": 1,"Plan Width": 64,"Actual Startup Time": 177.250,"Actual Total Time": 177.262,"Actual Rows": 1,"Actual Loops": 5,"Workers": [],"Plans": [{"Node Type": "Hash Join","Parent Relationship": "Outer","Parallel Aware": true,"Async Capable": false,"Join Type": "Inner","Startup Cost": 7908.88,"Total Cost": 114084.56,"Plan Rows": 18840,"Plan Width": 33,"Actual Startup Time": 55.990,"Actual Total Time": 171.341,"Actual Rows": 14962,"Actual Loops": 5,"Inner Unique": true,"Hash Cond": "(lineitem.l_partkey = part.p_partkey)","Workers": [],"Plans": [{"Node Type": "Bitmap Heap Scan","Parent Relationship": "Outer","Parallel Aware": true,"Async Capable": false,"Relation Name": "lineitem","Alias": "lineitem","Startup Cost": 1936.88,"Total Cost": 108063.10,"Plan Rows": 18840,"Plan Width": 16,"Actual Startup Time": 21.982,"Actual Total Time": 110.904,"Actual Rows": 14962,"Actual Loops": 5,"Recheck Cond": "((l_shipdate >= '1994-06-01'::date) AND (l_shipdate < '1994-07-01 00:00:00'::timestamp without time zone))","Rows Removed by Index Recheck": 0,"Exact Heap Blocks": 8391,"Lossy Heap Blocks": 0,"Workers": [],"Plans": [{"Node Type": "Bitmap Index Scan","Parent Relationship": "Outer","Parallel Aware": false,"Async Capable": false,"Index Name": "idx_lineitem_shipdate","Startup Cost": 0.00,"Total Cost": 1918.04,"Plan Rows": 75361,"Plan Width": 0,"Actual Startup Time": 15.790,"Actual Total Time": 15.792,"Actual Rows": 74812,"Actual Loops": 1,"Index Cond": "((l_shipdate >= '1994-06-01'::date) AND (l_shipdate < '1994-07-01 00:00:00'::timestamp without time zone))","Workers": []}]},{"Node Type": "Hash","Parent Relationship": "Inner","Parallel Aware": true,"Async Capable": false,"Startup Cost": 4930.33,"Total Cost": 4930.33,"Plan Rows": 83333,"Plan Width": 25,"Actual Startup Time": 33.250,"Actual Total Time": 33.254,"Actual Rows": 40000,"Actual Loops": 5,"Hash Buckets": 262144,"Original Hash Buckets": 262144,"Hash Batches": 1,"Original Hash Batches": 1,"Peak Memory Usage": 14240,"Workers": [],"Plans": [{"Node Type": "Seq Scan","Parent Relationship": "Outer","Parallel Aware": true,"Async Capable": false,"Relation Name": "part","Alias": "part","Startup Cost": 0.00,"Total Cost": 4930.33,"Plan Rows": 83333,"Plan Width": 25,"Actual Startup Time": 0.033,"Actual Total Time": 14.354,"Actual Rows": 40000,"Actual Loops": 5,"Workers": []}]}]}]}]}]},"Planning Time": 4.908,"Triggers": [],"Execution Time": 204.115}]
[{"Plan": {"Node Type": "Aggregate","Strategy": "Plain","Partial Mode": "Finalize","Parallel Aware": false,"Async Capable": false,"Startup Cost": 118354.30,"Total Cost": 118354.31,"Plan Rows": 1,"Plan Width": 32,"Actual Startup Time": 196.372,"Actual Total Time": 212.365,"Actual Rows": 1,"Actual Loops": 1,"Plans": [{"Node Type": "Gather","Parent Relationship": "Outer","Parallel Aware": false,"Async Capable": false,"Startup Cost": 118353.84,"Total Cost": 118354.25,"Plan Rows": 4,"Plan Width": 64,"Actual Startup Time": 194.980,"Actual Total Time": 212.328,"Actual Rows": 5,"Actual Loops": 1,"Workers Planned": 4,"Workers Launched": 4,"Single Copy": false,"Plans": [{"Node Type": "Aggregate","Strategy": "Plain","Partial Mode": "Partial","Parent Relationship": "Outer","Parallel Aware": false,"Async Capable": false,"Startup Cost": 117353.84,"Total Cost": 117353.85,"Plan Rows": 1,"Plan Width": 64,"Actual Startup Time": 186.697,"Actual Total Time": 186.710,"Actual Rows": 1,"Actual Loops": 5,"Workers": [],"Plans": [{"Node Type": "Hash Join","Parent Relationship": "Outer","Parallel Aware": true,"Async Capable": false,"Join Type": "Inner","Startup Cost": 8075.36,"Total Cost": 116995.75,"Plan Rows": 20462,"Plan Width": 33,"Actual Startup Time": 68.213,"Actual Total Time": 180.686,"Actual Rows": 14935,"Actual Loops": 5,"Inner Unique": true,"Hash Cond": "(lineitem.l_partkey = part.p_partkey)","Workers": [],"Plans": [{"Node Type": "Bitmap Heap Scan","Parent Relationship": "Outer","Parallel Aware": true,"Async Capable": false,"Relation Name": "lineitem","Alias": "lineitem","Startup Cost": 2103.36,"Total Cost": 110970.05,"Plan Rows": 20462,"Plan Width": 16,"Actual Startup Time": 22.866,"Actual Total Time": 104.635,"Actual Rows": 14935,"Actual Loops": 5,"Recheck Cond": "((l_shipdate >= '1996-04-01'::date) AND (l_shipdate < '1996-05-01 00:00:00'::timestamp without time zone))","Rows Removed by Index Recheck": 0,"Exact Heap Blocks": 7954,"Lossy Heap Blocks": 0,"Workers": [],"Plans": [{"Node Type": "Bitmap Index Scan","Parent Relationship": "Outer","Parallel Aware": false,"Async Capable": false,"Index Name": "idx_lineitem_shipdate","Startup Cost": 0.00,"Total Cost": 2082.90,"Plan Rows": 81847,"Plan Width": 0,"Actual Startup Time": 16.559,"Actual Total Time": 16.564,"Actual Rows": 74677,"Actual Loops": 1,"Index Cond": "((l_shipdate >= '1996-04-01'::date) AND (l_shipdate < '1996-05-01 00:00:00'::timestamp without time zone))","Workers": []}]},{"Node Type": "Hash","Parent Relationship": "Inner","Parallel Aware": true,"Async Capable": false,"Startup Cost": 4930.33,"Total Cost": 4930.33,"Plan Rows": 83333,"Plan Width": 25,"Actual Startup Time": 44.463,"Actual Total Time": 44.467,"Actual Rows": 40000,"Actual Loops": 5,"Hash Buckets": 262144,"Original Hash Buckets": 262144,"Hash Batches": 1,"Original Hash Batches": 1,"Peak Memory Usage": 14208,"Workers": [],"Plans": [{"Node Type": "Seq Scan","Parent Relationship": "Outer","Parallel Aware": true,"Async Capable": false,"Relation Name": "part","Alias": "part","Startup Cost": 0.00,"Total Cost": 4930.33,"Plan Rows": 83333,"Plan Width": 25,"Actual Startup Time": 0.042,"Actual Total Time": 19.874,"Actual Rows": 40000,"Actual Loops": 5,"Workers": []}]}]}]}]}]},"Planning Time": 4.311,"Triggers": [],"Execution Time": 212.662}]
[{"Plan": {"Node Type": "Aggregate","Strategy": "Plain","Partial Mode": "Finalize","Parallel Aware": false,"Async Capable": false,"Startup Cost": 114558.03,"Total Cost": 114558.05,"Plan Rows": 1,"Plan Width": 32,"Actual Startup Time": 193.213,"Actual Total Time": 209.719,"Actual Rows": 1,"Actual Loops": 1,"Plans": [{"Node Type": "Gather","Parent Relationship": "Outer","Parallel Aware": false,"Async Capable": false,"Startup Cost": 114557.58,"Total Cost": 114557.99,"Plan Rows": 4,"Plan Width": 64,"Actual Startup Time": 192.028,"Actual Total Time": 209.680,"Actual Rows": 5,"Actual Loops": 1,"Workers Planned": 4,"Workers Launched": 4,"Single Copy": false,"Plans": [{"Node Type": "Aggregate","Strategy": "Plain","Partial Mode": "Partial","Parent Relationship": "Outer","Parallel Aware": false,"Async Capable": false,"Startup Cost": 113557.58,"Total Cost": 113557.59,"Plan Rows": 1,"Plan Width": 64,"Actual Startup Time": 183.893,"Actual Total Time": 183.909,"Actual Rows": 1,"Actual Loops": 5,"Workers": [],"Plans": [{"Node Type": "Hash Join","Parent Relationship": "Outer","Parallel Aware": true,"Async Capable": false,"Join Type": "Inner","Startup Cost": 7863.38,"Total Cost": 113235.33,"Plan Rows": 18414,"Plan Width": 33,"Actual Startup Time": 62.674,"Actual Total Time": 178.028,"Actual Rows": 14882,"Actual Loops": 5,"Inner Unique": true,"Hash Cond": "(lineitem.l_partkey = part.p_partkey)","Workers": [],"Plans": [{"Node Type": "Bitmap Heap Scan","Parent Relationship": "Outer","Parallel Aware": true,"Async Capable": false,"Relation Name": "lineitem","Alias": "lineitem","Startup Cost": 1891.39,"Total Cost": 107215.00,"Plan Rows": 18414,"Plan Width": 16,"Actual Startup Time": 24.290,"Actual Total Time": 109.440,"Actual Rows": 14882,"Actual Loops": 5,"Recheck Cond": "((l_shipdate >= '1997-11-01'::date) AND (l_shipdate < '1997-12-01 00:00:00'::timestamp without time zone))","Rows Removed by Index Recheck": 0,"Exact Heap Blocks": 7491,"Lossy Heap Blocks": 0,"Workers": [],"Plans": [{"Node Type": "Bitmap Index Scan","Parent Relationship": "Outer","Parallel Aware": false,"Async Capable": false,"Index Name": "idx_lineitem_shipdate","Startup Cost": 0.00,"Total Cost": 1872.97,"Plan Rows": 73654,"Plan Width": 0,"Actual Startup Time": 18.161,"Actual Total Time": 18.163,"Actual Rows": 74408,"Actual Loops": 1,"Index Cond": "((l_shipdate >= '1997-11-01'::date) AND (l_shipdate < '1997-12-01 00:00:00'::timestamp without time zone))","Workers": []}]},{"Node Type": "Hash","Parent Relationship": "Inner","Parallel Aware": true,"Async Capable": false,"Startup Cost": 4930.33,"Total Cost": 4930.33,"Plan Rows": 83333,"Plan Width": 25,"Actual Startup Time": 37.637,"Actual Total Time": 37.641,"Actual Rows": 40000,"Actual Loops": 5,"Hash Buckets": 262144,"Original Hash Buckets": 262144,"Hash Batches": 1,"Original Hash Batches": 1,"Peak Memory Usage": 14208,"Workers": [],"Plans": [{"Node Type": "Seq Scan","Parent Relationship": "Outer","Parallel Aware": true,"Async Capable": false,"Relation Name": "part","Alias": "part","Startup Cost": 0.00,"Total Cost": 4930.33,"Plan Rows": 83333,"Plan Width": 25,"Actual Startup Time": 0.035,"Actual Total Time": 17.634,"Actual Rows": 40000,"Actual Loops": 5,"Workers": []}]}]}]}]}]},"Planning Time": 3.772,"Triggers": [],"Execution Time": 209.976}]
[{"Plan": {"Node Type": "Aggregate","Strategy": "Plain","Partial Mode": "Finalize","Parallel Aware": false,"Async Capable": false,"Startup Cost": 116423.51,"Total Cost": 116423.52,"Plan Rows": 1,"Plan Width": 32,"Actual Startup Time": 193.419,"Actual Total Time": 210.903,"Actual Rows": 1,"Actual Loops": 1,"Plans": [{"Node Type": "Gather","Parent Relationship": "Outer","Parallel Aware": false,"Async Capable": false,"Startup Cost": 116423.05,"Total Cost": 116423.46,"Plan Rows": 4,"Plan Width": 64,"Actual Startup Time": 191.772,"Actual Total Time": 210.852,"Actual Rows": 5,"Actual Loops": 1,"Workers Planned": 4,"Workers Launched": 4,"Single Copy": false,"Plans": [{"Node Type": "Aggregate","Strategy": "Plain","Partial Mode": "Partial","Parent Relationship": "Outer","Parallel Aware": false,"Async Capable": false,"Startup Cost": 115423.05,"Total Cost": 115423.06,"Plan Rows": 1,"Plan Width": 64,"Actual Startup Time": 184.034,"Actual Total Time": 184.046,"Actual Rows": 1,"Actual Loops": 5,"Workers": [],"Plans": [{"Node Type": "Hash Join","Parent Relationship": "Outer","Parallel Aware": true,"Async Capable": false,"Join Type": "Inner","Startup Cost": 7962.54,"Total Cost": 115084.11,"Plan Rows": 19368,"Plan Width": 33,"Actual Startup Time": 59.026,"Actual Total Time": 177.787,"Actual Rows": 15441,"Actual Loops": 5,"Inner Unique": true,"Hash Cond": "(lineitem.l_partkey = part.p_partkey)","Workers": [],"Plans": [{"Node Type": "Bitmap Heap Scan","Parent Relationship": "Outer","Parallel Aware": true,"Async Capable": false,"Relation Name": "lineitem","Alias": "lineitem","Startup Cost": 1990.54,"Total Cost": 109061.27,"Plan Rows": 19368,"Plan Width": 16,"Actual Startup Time": 22.262,"Actual Total Time": 110.318,"Actual Rows": 15441,"Actual Loops": 5,"Recheck Cond": "((l_shipdate >= '1995-12-01'::date) AND (l_shipdate < '1996-01-01 00:00:00'::timestamp without time zone))","Rows Removed by Index Recheck": 0,"Exact Heap Blocks": 7749,"Lossy Heap Blocks": 0,"Workers": [],"Plans": [{"Node Type": "Bitmap Index Scan","Parent Relationship": "Outer","Parallel Aware": false,"Async Capable": false,"Index Name": "idx_lineitem_shipdate","Startup Cost": 0.00,"Total Cost": 1971.17,"Plan Rows": 77474,"Plan Width": 0,"Actual Startup Time": 16.016,"Actual Total Time": 16.018,"Actual Rows": 77203,"Actual Loops": 1,"Index Cond": "((l_shipdate >= '1995-12-01'::date) AND (l_shipdate < '1996-01-01 00:00:00'::timestamp without time zone))","Workers": []}]},{"Node Type": "Hash","Parent Relationship": "Inner","Parallel Aware": true,"Async Capable": false,"Startup Cost": 4930.33,"Total Cost": 4930.33,"Plan Rows": 83333,"Plan Width": 25,"Actual Startup Time": 36.084,"Actual Total Time": 36.088,"Actual Rows": 40000,"Actual Loops": 5,"Hash Buckets": 262144,"Original Hash Buckets": 262144,"Hash Batches": 1,"Original Hash Batches": 1,"Peak Memory Usage": 14208,"Workers": [],"Plans": [{"Node Type": "Seq Scan","Parent Relationship": "Outer","Parallel Aware": true,"Async Capable": false,"Relation Name": "part","Alias": "part","Startup Cost": 0.00,"Total Cost": 4930.33,"Plan Rows": 83333,"Plan Width": 25,"Actual Startup Time": 0.025,"Actual Total Time": 17.161,"Actual Rows": 40000,"Actual Loops": 5,"Workers": []}]}]}]}]}]},"Planning Time": 5.431,"Triggers": [],"Execution Time": 211.162}]
[{"Plan": {"Node Type": "Aggregate","Strategy": "Plain","Partial Mode": "Finalize","Parallel Aware": false,"Async Capable": false,"Startup Cost": 116279.97,"Total Cost": 116279.99,"Plan Rows": 1,"Plan Width": 32,"Actual Startup Time": 212.052,"Actual Total Time": 230.499,"Actual Rows": 1,"Actual Loops": 1,"Plans": [{"Node Type": "Gather","Parent Relationship": "Outer","Parallel Aware": false,"Async Capable": false,"Startup Cost": 116279.52,"Total Cost": 116279.93,"Plan Rows": 4,"Plan Width": 64,"Actual Startup Time": 210.645,"Actual Total Time": 230.452,"Actual Rows": 5,"Actual Loops": 1,"Workers Planned": 4,"Workers Launched": 4,"Single Copy": false,"Plans": [{"Node Type": "Aggregate","Strategy": "Plain","Partial Mode": "Partial","Parent Relationship": "Outer","Parallel Aware": false,"Async Capable": false,"Startup Cost": 115279.52,"Total Cost": 115279.53,"Plan Rows": 1,"Plan Width": 64,"Actual Startup Time": 203.143,"Actual Total Time": 203.157,"Actual Rows": 1,"Actual Loops": 5,"Workers": [],"Plans": [{"Node Type": "Hash Join","Parent Relationship": "Outer","Parallel Aware": true,"Async Capable": false,"Join Type": "Inner","Startup Cost": 7955.37,"Total Cost": 114941.92,"Plan Rows": 19291,"Plan Width": 33,"Actual Startup Time": 73.331,"Actual Total Time": 197.112,"Actual Rows": 14993,"Actual Loops": 5,"Inner Unique": true,"Hash Cond": "(lineitem.l_partkey = part.p_partkey)","Workers": [],"Plans": [{"Node Type": "Bitmap Heap Scan","Parent Relationship": "Outer","Parallel Aware": true,"Async Capable": false,"Relation Name": "lineitem","Alias": "lineitem","Startup Cost": 1983.37,"Total Cost": 108919.29,"Plan Rows": 19291,"Plan Width": 16,"Actual Startup Time": 32.849,"Actual Total Time": 126.281,"Actual Rows": 14993,"Actual Loops": 5,"Recheck Cond": "((l_shipdate >= '1993-04-01'::date) AND (l_shipdate < '1993-05-01 00:00:00'::timestamp without time zone))","Rows Removed by Index Recheck": 0,"Exact Heap Blocks": 8277,"Lossy Heap Blocks": 0,"Workers": [],"Plans": [{"Node Type": "Bitmap Index Scan","Parent Relationship": "Outer","Parallel Aware": false,"Async Capable": false,"Index Name": "idx_lineitem_shipdate","Startup Cost": 0.00,"Total Cost": 1964.08,"Plan Rows": 77165,"Plan Width": 0,"Actual Startup Time": 26.247,"Actual Total Time": 26.250,"Actual Rows": 74966,"Actual Loops": 1,"Index Cond": "((l_shipdate >= '1993-04-01'::date) AND (l_shipdate < '1993-05-01 00:00:00'::timestamp without time zone))","Workers": []}]},{"Node Type": "Hash","Parent Relationship": "Inner","Parallel Aware": true,"Async Capable": false,"Startup Cost": 4930.33,"Total Cost": 4930.33,"Plan Rows": 83333,"Plan Width": 25,"Actual Startup Time": 39.778,"Actual Total Time": 39.782,"Actual Rows": 40000,"Actual Loops": 5,"Hash Buckets": 262144,"Original Hash Buckets": 262144,"Hash Batches": 1,"Original Hash Batches": 1,"Peak Memory Usage": 14176,"Workers": [],"Plans": [{"Node Type": "Seq Scan","Parent Relationship": "Outer","Parallel Aware": true,"Async Capable": false,"Relation Name": "part","Alias": "part","Startup Cost": 0.00,"Total Cost": 4930.33,"Plan Rows": 83333,"Plan Width": 25,"Actual Startup Time": 0.035,"Actual Total Time": 17.135,"Actual Rows": 40000,"Actual Loops": 5,"Workers": []}]}]}]}]}]},"Planning Time": 4.064,"Triggers": [],"Execution Time": 230.762}]
[{"Plan": {"Node Type": "Aggregate","Strategy": "Plain","Partial Mode": "Finalize","Parallel Aware": false,"Async Capable": false,"Startup Cost": 115298.80,"Total Cost": 115298.82,"Plan Rows": 1,"Plan Width": 32,"Actual Startup Time": 191.770,"Actual Total Time": 208.257,"Actual Rows": 1,"Actual Loops": 1,"Plans": [{"Node Type": "Gather","Parent Relationship": "Outer","Parallel Aware": false,"Async Capable": false,"Startup Cost": 115298.35,"Total Cost": 115298.76,"Plan Rows": 4,"Plan Width": 64,"Actual Startup Time": 190.365,"Actual Total Time": 208.218,"Actual Rows": 5,"Actual Loops": 1,"Workers Planned": 4,"Workers Launched": 4,"Single Copy": false,"Plans": [{"Node Type": "Aggregate","Strategy": "Plain","Partial Mode": "Partial","Parent Relationship": "Outer","Parallel Aware": false,"Async Capable": false,"Startup Cost": 114298.35,"Total Cost": 114298.36,"Plan Rows": 1,"Plan Width": 64,"Actual Startup Time": 182.565,"Actual Total Time": 182.576,"Actual Rows": 1,"Actual Loops": 5,"Workers": [],"Plans": [{"Node Type": "Hash Join","Parent Relationship": "Outer","Parallel Aware": true,"Async Capable": false,"Join Type": "Inner","Startup Cost": 7902.48,"Total Cost": 113969.66,"Plan Rows": 18782,"Plan Width": 33,"Actual Startup Time": 59.443,"Actual Total Time": 176.606,"Actual Rows": 14990,"Actual Loops": 5,"Inner Unique": true,"Hash Cond": "(lineitem.l_partkey = part.p_partkey)","Workers": [],"Plans": [{"Node Type": "Bitmap Heap Scan","Parent Relationship": "Outer","Parallel Aware": true,"Async Capable": false,"Relation Name": "lineitem","Alias": "lineitem","Startup Cost": 1930.48,"Total Cost": 107948.36,"Plan Rows": 18782,"Plan Width": 16,"Actual Startup Time": 21.604,"Actual Total Time": 109.072,"Actual Rows": 14990,"Actual Loops": 5,"Recheck Cond": "((l_shipdate >= '1993-11-01'::date) AND (l_shipdate < '1993-12-01 00:00:00'::timestamp without time zone))","Rows Removed by Index Recheck": 0,"Exact Heap Blocks": 7520,"Lossy Heap Blocks": 0,"Workers": [],"Plans": [{"Node Type": "Bitmap Index Scan","Parent Relationship": "Outer","Parallel Aware": false,"Async Capable": false,"Index Name": "idx_lineitem_shipdate","Startup Cost": 0.00,"Total Cost": 1911.70,"Plan Rows": 75127,"Plan Width": 0,"Actual Startup Time": 15.494,"Actual Total Time": 15.497,"Actual Rows": 74949,"Actual Loops": 1,"Index Cond": "((l_shipdate >= '1993-11-01'::date) AND (l_shipdate < '1993-12-01 00:00:00'::timestamp without time zone))","Workers": []}]},{"Node Type": "Hash","Parent Relationship": "Inner","Parallel Aware": true,"Async Capable": false,"Startup Cost": 4930.33,"Total Cost": 4930.33,"Plan Rows": 83333,"Plan Width": 25,"Actual Startup Time": 36.955,"Actual Total Time": 36.958,"Actual Rows": 40000,"Actual Loops": 5,"Hash Buckets": 262144,"Original Hash Buckets": 262144,"Hash Batches": 1,"Original Hash Batches": 1,"Peak Memory Usage": 14176,"Workers": [],"Plans": [{"Node Type": "Seq Scan","Parent Relationship": "Outer","Parallel Aware": true,"Async Capable": false,"Relation Name": "part","Alias": "part","Startup Cost": 0.00,"Total Cost": 4930.33,"Plan Rows": 83333,"Plan Width": 25,"Actual Startup Time": 0.042,"Actual Total Time": 17.442,"Actual Rows": 40000,"Actual Loops": 5,"Workers": []}]}]}]}]}]},"Planning Time": 4.152,"Triggers": [],"Execution Time": 208.521}]
[{"Plan": {"Node Type": "Aggregate","Strategy": "Plain","Partial Mode": "Finalize","Parallel Aware": false,"Async Capable": false,"Startup Cost": 113868.95,"Total Cost": 113868.96,"Plan Rows": 1,"Plan Width": 32,"Actual Startup Time": 192.024,"Actual Total Time": 209.364,"Actual Rows": 1,"Actual Loops": 1,"Plans": [{"Node Type": "Gather","Parent Relationship": "Outer","Parallel Aware": false,"Async Capable": false,"Startup Cost": 113868.49,"Total Cost": 113868.90,"Plan Rows": 4,"Plan Width": 64,"Actual Startup Time": 190.470,"Actual Total Time": 209.317,"Actual Rows": 5,"Actual Loops": 1,"Workers Planned": 4,"Workers Launched": 4,"Single Copy": false,"Plans": [{"Node Type": "Aggregate","Strategy": "Plain","Partial Mode": "Partial","Parent Relationship": "Outer","Parallel Aware": false,"Async Capable": false,"Startup Cost": 112868.49,"Total Cost": 112868.50,"Plan Rows": 1,"Plan Width": 64,"Actual Startup Time": 182.800,"Actual Total Time": 182.811,"Actual Rows": 1,"Actual Loops": 5,"Workers": [],"Plans": [{"Node Type": "Hash Join","Parent Relationship": "Outer","Parallel Aware": true,"Async Capable": false,"Join Type": "Inner","Startup Cost": 7829.76,"Total Cost": 112552.07,"Plan Rows": 18081,"Plan Width": 33,"Actual Startup Time": 58.101,"Actual Total Time": 176.684,"Actual Rows": 14907,"Actual Loops": 5,"Inner Unique": true,"Hash Cond": "(lineitem.l_partkey = part.p_partkey)","Workers": [],"Plans": [{"Node Type": "Bitmap Heap Scan","Parent Relationship": "Outer","Parallel Aware": true,"Async Capable": false,"Relation Name": "lineitem","Alias": "lineitem","Startup Cost": 1857.76,"Total Cost": 106532.61,"Plan Rows": 18081,"Plan Width": 16,"Actual Startup Time": 21.453,"Actual Total Time": 110.287,"Actual Rows": 14907,"Actual Loops": 5,"Recheck Cond": "((l_shipdate >= '1997-04-01'::date) AND (l_shipdate < '1997-05-01 00:00:00'::timestamp without time zone))","Rows Removed by Index Recheck": 0,"Exact Heap Blocks": 7370,"Lossy Heap Blocks": 0,"Workers": [],"Plans": [{"Node Type": "Bitmap Index Scan","Parent Relationship": "Outer","Parallel Aware": false,"Async Capable": false,"Index Name": "idx_lineitem_shipdate","Startup Cost": 0.00,"Total Cost": 1839.68,"Plan Rows": 72325,"Plan Width": 0,"Actual Startup Time": 15.340,"Actual Total Time": 15.341,"Actual Rows": 74537,"Actual Loops": 1,"Index Cond": "((l_shipdate >= '1997-04-01'::date) AND (l_shipdate < '1997-05-01 00:00:00'::timestamp without time zone))","Workers": []}]},{"Node Type": "Hash","Parent Relationship": "Inner","Parallel Aware": true,"Async Capable": false,"Startup Cost": 4930.33,"Total Cost": 4930.33,"Plan Rows": 83333,"Plan Width": 25,"Actual Startup Time": 35.881,"Actual Total Time": 35.885,"Actual Rows": 40000,"Actual Loops": 5,"Hash Buckets": 262144,"Original Hash Buckets": 262144,"Hash Batches": 1,"Original Hash Batches": 1,"Peak Memory Usage": 14176,"Workers": [],"Plans": [{"Node Type": "Seq Scan","Parent Relationship": "Outer","Parallel Aware": true,"Async Capable": false,"Relation Name": "part","Alias": "part","Startup Cost": 0.00,"Total Cost": 4930.33,"Plan Rows": 83333,"Plan Width": 25,"Actual Startup Time": 0.029,"Actual Total Time": 16.944,"Actual Rows": 40000,"Actual Loops": 5,"Workers": []}]}]}]}]}]},"Planning Time": 5.167,"Triggers": [],"Execution Time": 209.657}]
[{"Plan": {"Node Type": "Aggregate","Strategy": "Plain","Partial Mode": "Finalize","Parallel Aware": false,"Async Capable": false,"Startup Cost": 116198.09,"Total Cost": 116198.11,"Plan Rows": 1,"Plan Width": 32,"Actual Startup Time": 194.937,"Actual Total Time": 212.766,"Actual Rows": 1,"Actual Loops": 1,"Plans": [{"Node Type": "Gather","Parent Relationship": "Outer","Parallel Aware": false,"Async Capable": false,"Startup Cost": 116197.64,"Total Cost": 116198.05,"Plan Rows": 4,"Plan Width": 64,"Actual Startup Time": 193.661,"Actual Total Time": 212.719,"Actual Rows": 5,"Actual Loops": 1,"Workers Planned": 4,"Workers Launched": 4,"Single Copy": false,"Plans": [{"Node Type": "Aggregate","Strategy": "Plain","Partial Mode": "Partial","Parent Relationship": "Outer","Parallel Aware": false,"Async Capable": false,"Startup Cost": 115197.64,"Total Cost": 115197.65,"Plan Rows": 1,"Plan Width": 64,"Actual Startup Time": 186.015,"Actual Total Time": 186.028,"Actual Rows": 1,"Actual Loops": 5,"Workers": [],"Plans": [{"Node Type": "Hash Join","Parent Relationship": "Outer","Parallel Aware": true,"Async Capable": false,"Join Type": "Inner","Startup Cost": 7949.61,"Total Cost": 114860.79,"Plan Rows": 19248,"Plan Width": 33,"Actual Startup Time": 63.880,"Actual Total Time": 180.150,"Actual Rows": 15061,"Actual Loops": 5,"Inner Unique": true,"Hash Cond": "(lineitem.l_partkey = part.p_partkey)","Workers": [],"Plans": [{"Node Type": "Bitmap Heap Scan","Parent Relationship": "Outer","Parallel Aware": true,"Async Capable": false,"Relation Name": "lineitem","Alias": "lineitem","Startup Cost": 1977.61,"Total Cost": 108838.27,"Plan Rows": 19248,"Plan Width": 16,"Actual Startup Time": 23.071,"Actual Total Time": 109.166,"Actual Rows": 15061,"Actual Loops": 5,"Recheck Cond": "((l_shipdate >= '1994-09-01'::date) AND (l_shipdate < '1994-10-01 00:00:00'::timestamp without time zone))","Rows Removed by Index Recheck": 0,"Exact Heap Blocks": 7981,"Lossy Heap Blocks": 0,"Workers": [],"Plans": [{"Node Type": "Bitmap Index Scan","Parent Relationship": "Outer","Parallel Aware": false,"Async Capable": false,"Index Name": "idx_lineitem_shipdate","Startup Cost": 0.00,"Total Cost": 1958.36,"Plan Rows": 76993,"Plan Width": 0,"Actual Startup Time": 16.740,"Actual Total Time": 16.742,"Actual Rows": 75306,"Actual Loops": 1,"Index Cond": "((l_shipdate >= '1994-09-01'::date) AND (l_shipdate < '1994-10-01 00:00:00'::timestamp without time zone))","Workers": []}]},{"Node Type": "Hash","Parent Relationship": "Inner","Parallel Aware": true,"Async Capable": false,"Startup Cost": 4930.33,"Total Cost": 4930.33,"Plan Rows": 83333,"Plan Width": 25,"Actual Startup Time": 39.928,"Actual Total Time": 39.932,"Actual Rows": 40000,"Actual Loops": 5,"Hash Buckets": 262144,"Original Hash Buckets": 262144,"Hash Batches": 1,"Original Hash Batches": 1,"Peak Memory Usage": 14176,"Workers": [],"Plans": [{"Node Type": "Seq Scan","Parent Relationship": "Outer","Parallel Aware": true,"Async Capable": false,"Relation Name": "part","Alias": "part","Startup Cost": 0.00,"Total Cost": 4930.33,"Plan Rows": 83333,"Plan Width": 25,"Actual Startup Time": 0.037,"Actual Total Time": 17.389,"Actual Rows": 40000,"Actual Loops": 5,"Workers": []}]}]}]}]}]},"Planning Time": 4.062,"Triggers": [],"Execution Time": 213.027}]
[{"Plan": {"Node Type": "Aggregate","Strategy": "Plain","Partial Mode": "Finalize","Parallel Aware": false,"Async Capable": false,"Startup Cost": 116279.97,"Total Cost": 116279.99,"Plan Rows": 1,"Plan Width": 32,"Actual Startup Time": 194.269,"Actual Total Time": 212.337,"Actual Rows": 1,"Actual Loops": 1,"Plans": [{"Node Type": "Gather","Parent Relationship": "Outer","Parallel Aware": false,"Async Capable": false,"Startup Cost": 116279.52,"Total Cost": 116279.93,"Plan Rows": 4,"Plan Width": 64,"Actual Startup Time": 192.534,"Actual Total Time": 212.291,"Actual Rows": 5,"Actual Loops": 1,"Workers Planned": 4,"Workers Launched": 4,"Single Copy": false,"Plans": [{"Node Type": "Aggregate","Strategy": "Plain","Partial Mode": "Partial","Parent Relationship": "Outer","Parallel Aware": false,"Async Capable": false,"Startup Cost": 115279.52,"Total Cost": 115279.53,"Plan Rows": 1,"Plan Width": 64,"Actual Startup Time": 184.639,"Actual Total Time": 184.649,"Actual Rows": 1,"Actual Loops": 5,"Workers": [],"Plans": [{"Node Type": "Hash Join","Parent Relationship": "Outer","Parallel Aware": true,"Async Capable": false,"Join Type": "Inner","Startup Cost": 7955.37,"Total Cost": 114941.92,"Plan Rows": 19291,"Plan Width": 33,"Actual Startup Time": 62.932,"Actual Total Time": 178.412,"Actual Rows": 15344,"Actual Loops": 5,"Inner Unique": true,"Hash Cond": "(lineitem.l_partkey = part.p_partkey)","Workers": [],"Plans": [{"Node Type": "Bitmap Heap Scan","Parent Relationship": "Outer","Parallel Aware": true,"Async Capable": false,"Relation Name": "lineitem","Alias": "lineitem","Startup Cost": 1983.37,"Total Cost": 108919.29,"Plan Rows": 19291,"Plan Width": 16,"Actual Startup Time": 23.473,"Actual Total Time": 106.485,"Actual Rows": 15344,"Actual Loops": 5,"Recheck Cond": "((l_shipdate >= '1994-10-01'::date) AND (l_shipdate < '1994-11-01 00:00:00'::timestamp without time zone))","Rows Removed by Index Recheck": 0,"Exact Heap Blocks": 7724,"Lossy Heap Blocks": 0,"Workers": [],"Plans": [{"Node Type": "Bitmap Index Scan","Parent Relationship": "Outer","Parallel Aware": false,"Async Capable": false,"Index Name": "idx_lineitem_shipdate","Startup Cost": 0.00,"Total Cost": 1964.08,"Plan Rows": 77165,"Plan Width": 0,"Actual Startup Time": 16.986,"Actual Total Time": 16.988,"Actual Rows": 76718,"Actual Loops": 1,"Index Cond": "((l_shipdate >= '1994-10-01'::date) AND (l_shipdate < '1994-11-01 00:00:00'::timestamp without time zone))","Workers": []}]},{"Node Type": "Hash","Parent Relationship": "Inner","Parallel Aware": true,"Async Capable": false,"Startup Cost": 4930.33,"Total Cost": 4930.33,"Plan Rows": 83333,"Plan Width": 25,"Actual Startup Time": 38.523,"Actual Total Time": 38.526,"Actual Rows": 40000,"Actual Loops": 5,"Hash Buckets": 262144,"Original Hash Buckets": 262144,"Hash Batches": 1,"Original Hash Batches": 1,"Peak Memory Usage": 14208,"Workers": [],"Plans": [{"Node Type": "Seq Scan","Parent Relationship": "Outer","Parallel Aware": true,"Async Capable": false,"Relation Name": "part","Alias": "part","Startup Cost": 0.00,"Total Cost": 4930.33,"Plan Rows": 83333,"Plan Width": 25,"Actual Startup Time": 0.032,"Actual Total Time": 16.553,"Actual Rows": 40000,"Actual Loops": 5,"Workers": []}]}]}]}]}]},"Planning Time": 4.283,"Triggers": [],"Execution Time": 212.630}]
[{"Plan": {"Node Type": "Aggregate","Strategy": "Plain","Partial Mode": "Finalize","Parallel Aware": false,"Async Capable": false,"Startup Cost": 114861.81,"Total Cost": 114861.82,"Plan Rows": 1,"Plan Width": 32,"Actual Startup Time": 188.604,"Actual Total Time": 205.507,"Actual Rows": 1,"Actual Loops": 1,"Plans": [{"Node Type": "Gather","Parent Relationship": "Outer","Parallel Aware": false,"Async Capable": false,"Startup Cost": 114861.35,"Total Cost": 114861.76,"Plan Rows": 4,"Plan Width": 64,"Actual Startup Time": 187.236,"Actual Total Time": 205.453,"Actual Rows": 5,"Actual Loops": 1,"Workers Planned": 4,"Workers Launched": 4,"Single Copy": false,"Plans": [{"Node Type": "Aggregate","Strategy": "Plain","Partial Mode": "Partial","Parent Relationship": "Outer","Parallel Aware": false,"Async Capable": false,"Startup Cost": 113861.35,"Total Cost": 113861.36,"Plan Rows": 1,"Plan Width": 64,"Actual Startup Time": 179.741,"Actual Total Time": 179.759,"Actual Rows": 1,"Actual Loops": 5,"Workers": [],"Plans": [{"Node Type": "Hash Join","Parent Relationship": "Outer","Parallel Aware": true,"Async Capable": false,"Join Type": "Inner","Startup Cost": 7881.45,"Total Cost": 113536.51,"Plan Rows": 18562,"Plan Width": 33,"Actual Startup Time": 60.790,"Actual Total Time": 173.757,"Actual Rows": 15501,"Actual Loops": 5,"Inner Unique": true,"Hash Cond": "(lineitem.l_partkey = part.p_partkey)","Workers": [],"Plans": [{"Node Type": "Bitmap Heap Scan","Parent Relationship": "Outer","Parallel Aware": true,"Async Capable": false,"Relation Name": "lineitem","Alias": "lineitem","Startup Cost": 1909.45,"Total Cost": 107515.79,"Plan Rows": 18561,"Plan Width": 16,"Actual Startup Time": 23.212,"Actual Total Time": 106.658,"Actual Rows": 15501,"Actual Loops": 5,"Recheck Cond": "((l_shipdate >= '1995-08-01'::date) AND (l_shipdate < '1995-09-01 00:00:00'::timestamp without time zone))","Rows Removed by Index Recheck": 0,"Exact Heap Blocks": 7755,"Lossy Heap Blocks": 0,"Workers": [],"Plans": [{"Node Type": "Bitmap Index Scan","Parent Relationship": "Outer","Parallel Aware": false,"Async Capable": false,"Index Name": "idx_lineitem_shipdate","Startup Cost": 0.00,"Total Cost": 1890.89,"Plan Rows": 74246,"Plan Width": 0,"Actual Startup Time": 16.821,"Actual Total Time": 16.824,"Actual Rows": 77505,"Actual Loops": 1,"Index Cond": "((l_shipdate >= '1995-08-01'::date) AND (l_shipdate < '1995-09-01 00:00:00'::timestamp without time zone))","Workers": []}]},{"Node Type": "Hash","Parent Relationship": "Inner","Parallel Aware": true,"Async Capable": false,"Startup Cost": 4930.33,"Total Cost": 4930.33,"Plan Rows": 83333,"Plan Width": 25,"Actual Startup Time": 36.743,"Actual Total Time": 36.750,"Actual Rows": 40000,"Actual Loops": 5,"Hash Buckets": 262144,"Original Hash Buckets": 262144,"Hash Batches": 1,"Original Hash Batches": 1,"Peak Memory Usage": 14240,"Workers": [],"Plans": [{"Node Type": "Seq Scan","Parent Relationship": "Outer","Parallel Aware": true,"Async Capable": false,"Relation Name": "part","Alias": "part","Startup Cost": 0.00,"Total Cost": 4930.33,"Plan Rows": 83333,"Plan Width": 25,"Actual Startup Time": 0.042,"Actual Total Time": 16.083,"Actual Rows": 40000,"Actual Loops": 5,"Workers": []}]}]}]}]}]},"Planning Time": 4.082,"Triggers": [],"Execution Time": 205.784}]
[{"Plan": {"Node Type": "Aggregate","Strategy": "Plain","Partial Mode": "Finalize","Parallel Aware": false,"Async Capable": false,"Startup Cost": 111167.85,"Total Cost": 111167.87,"Plan Rows": 1,"Plan Width": 32,"Actual Startup Time": 180.931,"Actual Total Time": 199.884,"Actual Rows": 1,"Actual Loops": 1,"Plans": [{"Node Type": "Gather","Parent Relationship": "Outer","Parallel Aware": false,"Async Capable": false,"Startup Cost": 111167.40,"Total Cost": 111167.81,"Plan Rows": 4,"Plan Width": 64,"Actual Startup Time": 179.550,"Actual Total Time": 199.841,"Actual Rows": 5,"Actual Loops": 1,"Workers Planned": 4,"Workers Launched": 4,"Single Copy": false,"Plans": [{"Node Type": "Aggregate","Strategy": "Plain","Partial Mode": "Partial","Parent Relationship": "Outer","Parallel Aware": false,"Async Capable": false,"Startup Cost": 110167.40,"Total Cost": 110167.41,"Plan Rows": 1,"Plan Width": 64,"Actual Startup Time": 171.475,"Actual Total Time": 171.482,"Actual Rows": 1,"Actual Loops": 5,"Workers": [],"Plans": [{"Node Type": "Hash Join","Parent Relationship": "Outer","Parallel Aware": true,"Async Capable": false,"Join Type": "Inner","Startup Cost": 7708.24,"Total Cost": 109872.10,"Plan Rows": 16874,"Plan Width": 33,"Actual Startup Time": 55.633,"Actual Total Time": 165.640,"Actual Rows": 13990,"Actual Loops": 5,"Inner Unique": true,"Hash Cond": "(lineitem.l_partkey = part.p_partkey)","Workers": [],"Plans": [{"Node Type": "Bitmap Heap Scan","Parent Relationship": "Outer","Parallel Aware": true,"Async Capable": false,"Relation Name": "lineitem","Alias": "lineitem","Startup Cost": 1736.25,"Total Cost": 103855.81,"Plan Rows": 16873,"Plan Width": 16,"Actual Startup Time": 21.244,"Actual Total Time": 102.422,"Actual Rows": 13990,"Actual Loops": 5,"Recheck Cond": "((l_shipdate >= '1993-02-01'::date) AND (l_shipdate < '1993-03-01 00:00:00'::timestamp without time zone))","Rows Removed by Index Recheck": 0,"Exact Heap Blocks": 6433,"Lossy Heap Blocks": 0,"Workers": [],"Plans": [{"Node Type": "Bitmap Index Scan","Parent Relationship": "Outer","Parallel Aware": false,"Async Capable": false,"Index Name": "idx_lineitem_shipdate","Startup Cost": 0.00,"Total Cost": 1719.37,"Plan Rows": 67494,"Plan Width": 0,"Actual Startup Time": 15.254,"Actual Total Time": 15.255,"Actual Rows": 69949,"Actual Loops": 1,"Index Cond": "((l_shipdate >= '1993-02-01'::date) AND (l_shipdate < '1993-03-01 00:00:00'::timestamp without time zone))","Workers": []}]},{"Node Type": "Hash","Parent Relationship": "Inner","Parallel Aware": true,"Async Capable": false,"Startup Cost": 4930.33,"Total Cost": 4930.33,"Plan Rows": 83333,"Plan Width": 25,"Actual Startup Time": 33.582,"Actual Total Time": 33.584,"Actual Rows": 40000,"Actual Loops": 5,"Hash Buckets": 262144,"Original Hash Buckets": 262144,"Hash Batches": 1,"Original Hash Batches": 1,"Peak Memory Usage": 14176,"Workers": [],"Plans": [{"Node Type": "Seq Scan","Parent Relationship": "Outer","Parallel Aware": true,"Async Capable": false,"Relation Name": "part","Alias": "part","Startup Cost": 0.00,"Total Cost": 4930.33,"Plan Rows": 83333,"Plan Width": 25,"Actual Startup Time": 0.036,"Actual Total Time": 15.481,"Actual Rows": 40000,"Actual Loops": 5,"Workers": []}]}]}]}]}]},"Planning Time": 4.410,"Triggers": [],"Execution Time": 200.104}]
[{"Plan": {"Node Type": "Aggregate","Strategy": "Plain","Partial Mode": "Finalize","Parallel Aware": false,"Async Capable": false,"Startup Cost": 118140.12,"Total Cost": 118140.13,"Plan Rows": 1,"Plan Width": 32,"Actual Startup Time": 185.903,"Actual Total Time": 202.979,"Actual Rows": 1,"Actual Loops": 1,"Plans": [{"Node Type": "Gather","Parent Relationship": "Outer","Parallel Aware": false,"Async Capable": false,"Startup Cost": 118139.66,"Total Cost": 118140.07,"Plan Rows": 4,"Plan Width": 64,"Actual Startup Time": 184.390,"Actual Total Time": 202.925,"Actual Rows": 5,"Actual Loops": 1,"Workers Planned": 4,"Workers Launched": 4,"Single Copy": false,"Plans": [{"Node Type": "Aggregate","Strategy": "Plain","Partial Mode": "Partial","Parent Relationship": "Outer","Parallel Aware": false,"Async Capable": false,"Startup Cost": 117139.66,"Total Cost": 117139.67,"Plan Rows": 1,"Plan Width": 64,"Actual Startup Time": 176.869,"Actual Total Time": 176.882,"Actual Rows": 1,"Actual Loops": 5,"Workers": [],"Plans": [{"Node Type": "Hash Join","Parent Relationship": "Outer","Parallel Aware": true,"Async Capable": false,"Join Type": "Inner","Startup Cost": 8062.13,"Total Cost": 116783.81,"Plan Rows": 20334,"Plan Width": 33,"Actual Startup Time": 60.553,"Actual Total Time": 171.029,"Actual Rows": 15084,"Actual Loops": 5,"Inner Unique": true,"Hash Cond": "(lineitem.l_partkey = part.p_partkey)","Workers": [],"Plans": [{"Node Type": "Bitmap Heap Scan","Parent Relationship": "Outer","Parallel Aware": true,"Async Capable": false,"Relation Name": "lineitem","Alias": "lineitem","Startup Cost": 2090.14,"Total Cost": 110758.44,"Plan Rows": 20334,"Plan Width": 16,"Actual Startup Time": 24.977,"Actual Total Time": 107.592,"Actual Rows": 15084,"Actual Loops": 5,"Recheck Cond": "((l_shipdate >= '1996-11-01'::date) AND (l_shipdate < '1996-12-01 00:00:00'::timestamp without time zone))","Rows Removed by Index Recheck": 0,"Exact Heap Blocks": 7792,"Lossy Heap Blocks": 0,"Workers": [],"Plans": [{"Node Type": "Bitmap Index Scan","Parent Relationship": "Outer","Parallel Aware": false,"Async Capable": false,"Index Name": "idx_lineitem_shipdate","Startup Cost": 0.00,"Total Cost": 2069.80,"Plan Rows": 81337,"Plan Width": 0,"Actual Startup Time": 18.606,"Actual Total Time": 18.607,"Actual Rows": 75419,"Actual Loops": 1,"Index Cond": "((l_shipdate >= '1996-11-01'::date) AND (l_shipdate < '1996-12-01 00:00:00'::timestamp without time zone))","Workers": []}]},{"Node Type": "Hash","Parent Relationship": "Inner","Parallel Aware": true,"Async Capable": false,"Startup Cost": 4930.33,"Total Cost": 4930.33,"Plan Rows": 83333,"Plan Width": 25,"Actual Startup Time": 34.770,"Actual Total Time": 34.774,"Actual Rows": 40000,"Actual Loops": 5,"Hash Buckets": 262144,"Original Hash Buckets": 262144,"Hash Batches": 1,"Original Hash Batches": 1,"Peak Memory Usage": 14240,"Workers": [],"Plans": [{"Node Type": "Seq Scan","Parent Relationship": "Outer","Parallel Aware": true,"Async Capable": false,"Relation Name": "part","Alias": "part","Startup Cost": 0.00,"Total Cost": 4930.33,"Plan Rows": 83333,"Plan Width": 25,"Actual Startup Time": 0.035,"Actual Total Time": 15.079,"Actual Rows": 40000,"Actual Loops": 5,"Workers": []}]}]}]}]}]},"Planning Time": 3.987,"Triggers": [],"Execution Time": 203.309}]
[{"Plan": {"Node Type": "Aggregate","Strategy": "Plain","Partial Mode": "Finalize","Parallel Aware": false,"Async Capable": false,"Startup Cost": 117567.99,"Total Cost": 117568.00,"Plan Rows": 1,"Plan Width": 32,"Actual Startup Time": 202.073,"Actual Total Time": 217.067,"Actual Rows": 1,"Actual Loops": 1,"Plans": [{"Node Type": "Gather","Parent Relationship": "Outer","Parallel Aware": false,"Async Capable": false,"Startup Cost": 117567.53,"Total Cost": 117567.94,"Plan Rows": 4,"Plan Width": 64,"Actual Startup Time": 200.586,"Actual Total Time": 217.034,"Actual Rows": 5,"Actual Loops": 1,"Workers Planned": 4,"Workers Launched": 4,"Single Copy": false,"Plans": [{"Node Type": "Aggregate","Strategy": "Plain","Partial Mode": "Partial","Parent Relationship": "Outer","Parallel Aware": false,"Async Capable": false,"Startup Cost": 116567.53,"Total Cost": 116567.54,"Plan Rows": 1,"Plan Width": 64,"Actual Startup Time": 193.189,"Actual Total Time": 193.201,"Actual Rows": 1,"Actual Loops": 5,"Workers": [],"Plans": [{"Node Type": "Hash Join","Parent Relationship": "Outer","Parallel Aware": true,"Async Capable": false,"Join Type": "Inner","Startup Cost": 8028.50,"Total Cost": 116217.49,"Plan Rows": 20002,"Plan Width": 33,"Actual Startup Time": 68.964,"Actual Total Time": 187.569,"Actual Rows": 13974,"Actual Loops": 5,"Inner Unique": true,"Hash Cond": "(lineitem.l_partkey = part.p_partkey)","Workers": [],"Plans": [{"Node Type": "Bitmap Heap Scan","Parent Relationship": "Outer","Parallel Aware": true,"Async Capable": false,"Relation Name": "lineitem","Alias": "lineitem","Startup Cost": 2056.50,"Total Cost": 110192.99,"Plan Rows": 20002,"Plan Width": 16,"Actual Startup Time": 27.935,"Actual Total Time": 119.536,"Actual Rows": 13974,"Actual Loops": 5,"Recheck Cond": "((l_shipdate >= '1995-02-01'::date) AND (l_shipdate < '1995-03-01 00:00:00'::timestamp without time zone))","Rows Removed by Index Recheck": 0,"Exact Heap Blocks": 7437,"Lossy Heap Blocks": 0,"Workers": [],"Plans": [{"Node Type": "Bitmap Index Scan","Parent Relationship": "Outer","Parallel Aware": false,"Async Capable": false,"Index Name": "idx_lineitem_shipdate","Startup Cost": 0.00,"Total Cost": 2036.50,"Plan Rows": 80007,"Plan Width": 0,"Actual Startup Time": 21.834,"Actual Total Time": 21.838,"Actual Rows": 69872,"Actual Loops": 1,"Index Cond": "((l_shipdate >= '1995-02-01'::date) AND (l_shipdate < '1995-03-01 00:00:00'::timestamp without time zone))","Workers": []}]},{"Node Type": "Hash","Parent Relationship": "Inner","Parallel Aware": true,"Async Capable": false,"Startup Cost": 4930.33,"Total Cost": 4930.33,"Plan Rows": 83333,"Plan Width": 25,"Actual Startup Time": 40.316,"Actual Total Time": 40.319,"Actual Rows": 40000,"Actual Loops": 5,"Hash Buckets": 262144,"Original Hash Buckets": 262144,"Hash Batches": 1,"Original Hash Batches": 1,"Peak Memory Usage": 14176,"Workers": [],"Plans": [{"Node Type": "Seq Scan","Parent Relationship": "Outer","Parallel Aware": true,"Async Capable": false,"Relation Name": "part","Alias": "part","Startup Cost": 0.00,"Total Cost": 4930.33,"Plan Rows": 83333,"Plan Width": 25,"Actual Startup Time": 0.033,"Actual Total Time": 17.707,"Actual Rows": 40000,"Actual Loops": 5,"Workers": []}]}]}]}]}]},"Planning Time": 4.574,"Triggers": [],"Execution Time": 217.295}]
[{"Plan": {"Node Type": "Aggregate","Strategy": "Plain","Partial Mode": "Finalize","Parallel Aware": false,"Async Capable": false,"Startup Cost": 117449.67,"Total Cost": 117449.68,"Plan Rows": 1,"Plan Width": 32,"Actual Startup Time": 199.712,"Actual Total Time": 217.714,"Actual Rows": 1,"Actual Loops": 1,"Plans": [{"Node Type": "Gather","Parent Relationship": "Outer","Parallel Aware": false,"Async Capable": false,"Startup Cost": 117449.21,"Total Cost": 117449.62,"Plan Rows": 4,"Plan Width": 64,"Actual Startup Time": 198.396,"Actual Total Time": 217.675,"Actual Rows": 5,"Actual Loops": 1,"Workers Planned": 4,"Workers Launched": 4,"Single Copy": false,"Plans": [{"Node Type": "Aggregate","Strategy": "Plain","Partial Mode": "Partial","Parent Relationship": "Outer","Parallel Aware": false,"Async Capable": false,"Startup Cost": 116449.21,"Total Cost": 116449.22,"Plan Rows": 1,"Plan Width": 64,"Actual Startup Time": 190.883,"Actual Total Time": 190.895,"Actual Rows": 1,"Actual Loops": 5,"Workers": [],"Plans": [{"Node Type": "Hash Join","Parent Relationship": "Outer","Parallel Aware": true,"Async Capable": false,"Join Type": "Inner","Startup Cost": 8021.73,"Total Cost": 116100.36,"Plan Rows": 19934,"Plan Width": 33,"Actual Startup Time": 64.708,"Actual Total Time": 184.712,"Actual Rows": 15580,"Actual Loops": 5,"Inner Unique": true,"Hash Cond": "(lineitem.l_partkey = part.p_partkey)","Workers": [],"Plans": [{"Node Type": "Bitmap Heap Scan","Parent Relationship": "Outer","Parallel Aware": true,"Async Capable": false,"Relation Name": "lineitem","Alias": "lineitem","Startup Cost": 2049.74,"Total Cost": 110076.04,"Plan Rows": 19934,"Plan Width": 16,"Actual Startup Time": 23.730,"Actual Total Time": 112.410,"Actual Rows": 15580,"Actual Loops": 5,"Recheck Cond": "((l_shipdate >= '1995-05-01'::date) AND (l_shipdate < '1995-06-01 00:00:00'::timestamp without time zone))","Rows Removed by Index Recheck": 0,"Exact Heap Blocks": 8270,"Lossy Heap Blocks": 0,"Workers": [],"Plans": [{"Node Type": "Bitmap Index Scan","Parent Relationship": "Outer","Parallel Aware": false,"Async Capable": false,"Index Name": "idx_lineitem_shipdate","Startup Cost": 0.00,"Total Cost": 2029.80,"Plan Rows": 79737,"Plan Width": 0,"Actual Startup Time": 17.296,"Actual Total Time": 17.299,"Actual Rows": 77900,"Actual Loops": 1,"Index Cond": "((l_shipdate >= '1995-05-01'::date) AND (l_shipdate < '1995-06-01 00:00:00'::timestamp without time zone))","Workers": []}]},{"Node Type": "Hash","Parent Relationship": "Inner","Parallel Aware": true,"Async Capable": false,"Startup Cost": 4930.33,"Total Cost": 4930.33,"Plan Rows": 83333,"Plan Width": 25,"Actual Startup Time": 40.148,"Actual Total Time": 40.152,"Actual Rows": 40000,"Actual Loops": 5,"Hash Buckets": 262144,"Original Hash Buckets": 262144,"Hash Batches": 1,"Original Hash Batches": 1,"Peak Memory Usage": 14208,"Workers": [],"Plans": [{"Node Type": "Seq Scan","Parent Relationship": "Outer","Parallel Aware": true,"Async Capable": false,"Relation Name": "part","Alias": "part","Startup Cost": 0.00,"Total Cost": 4930.33,"Plan Rows": 83333,"Plan Width": 25,"Actual Startup Time": 0.047,"Actual Total Time": 17.621,"Actual Rows": 40000,"Actual Loops": 5,"Workers": []}]}]}]}]}]},"Planning Time": 3.884,"Triggers": [],"Execution Time": 217.976}]
[{"Plan": {"Node Type": "Aggregate","Strategy": "Plain","Partial Mode": "Finalize","Parallel Aware": false,"Async Capable": false,"Startup Cost": 118140.12,"Total Cost": 118140.13,"Plan Rows": 1,"Plan Width": 32,"Actual Startup Time": 185.903,"Actual Total Time": 202.979,"Actual Rows": 1,"Actual Loops": 1,"Plans": [{"Node Type": "Gather","Parent Relationship": "Outer","Parallel Aware": false,"Async Capable": false,"Startup Cost": 118139.66,"Total Cost": 118140.07,"Plan Rows": 4,"Plan Width": 64,"Actual Startup Time": 184.390,"Actual Total Time": 202.925,"Actual Rows": 5,"Actual Loops": 1,"Workers Planned": 4,"Workers Launched": 4,"Single Copy": false,"Plans": [{"Node Type": "Aggregate","Strategy": "Plain","Partial Mode": "Partial","Parent Relationship": "Outer","Parallel Aware": false,"Async Capable": false,"Startup Cost": 117139.66,"Total Cost": 117139.67,"Plan Rows": 1,"Plan Width": 64,"Actual Startup Time": 176.869,"Actual Total Time": 176.882,"Actual Rows": 1,"Actual Loops": 5,"Workers": [],"Plans": [{"Node Type": "Hash Join","Parent Relationship": "Outer","Parallel Aware": true,"Async Capable": false,"Join Type": "Inner","Startup Cost": 8062.13,"Total Cost": 116783.81,"Plan Rows": 20334,"Plan Width": 33,"Actual Startup Time": 60.553,"Actual Total Time": 171.029,"Actual Rows": 15084,"Actual Loops": 5,"Inner Unique": true,"Hash Cond": "(lineitem.l_partkey = part.p_partkey)","Workers": [],"Plans": [{"Node Type": "Bitmap Heap Scan","Parent Relationship": "Outer","Parallel Aware": true,"Async Capable": false,"Relation Name": "lineitem","Alias": "lineitem","Startup Cost": 2090.14,"Total Cost": 110758.44,"Plan Rows": 20334,"Plan Width": 16,"Actual Startup Time": 24.977,"Actual Total Time": 107.592,"Actual Rows": 15084,"Actual Loops": 5,"Recheck Cond": "((l_shipdate >= '1996-11-01'::date) AND (l_shipdate < '1996-12-01 00:00:00'::timestamp without time zone))","Rows Removed by Index Recheck": 0,"Exact Heap Blocks": 7792,"Lossy Heap Blocks": 0,"Workers": [],"Plans": [{"Node Type": "Bitmap Index Scan","Parent Relationship": "Outer","Parallel Aware": false,"Async Capable": false,"Index Name": "idx_lineitem_shipdate","Startup Cost": 0.00,"Total Cost": 2069.80,"Plan Rows": 81337,"Plan Width": 0,"Actual Startup Time": 18.606,"Actual Total Time": 18.607,"Actual Rows": 75419,"Actual Loops": 1,"Index Cond": "((l_shipdate >= '1996-11-01'::date) AND (l_shipdate < '1996-12-01 00:00:00'::timestamp without time zone))","Workers": []}]},{"Node Type": "Hash","Parent Relationship": "Inner","Parallel Aware": true,"Async Capable": false,"Startup Cost": 4930.33,"Total Cost": 4930.33,"Plan Rows": 83333,"Plan Width": 25,"Actual Startup Time": 34.770,"Actual Total Time": 34.774,"Actual Rows": 40000,"Actual Loops": 5,"Hash Buckets": 262144,"Original Hash Buckets": 262144,"Hash Batches": 1,"Original Hash Batches": 1,"Peak Memory Usage": 14240,"Workers": [],"Plans": [{"Node Type": "Seq Scan","Parent Relationship": "Outer","Parallel Aware": true,"Async Capable": false,"Relation Name": "part","Alias": "part","Startup Cost": 0.00,"Total Cost": 4930.33,"Plan Rows": 83333,"Plan Width": 25,"Actual Startup Time": 0.035,"Actual Total Time": 15.079,"Actual Rows": 40000,"Actual Loops": 5,"Workers": []}]}]}]}]}]},"Planning Time": 3.987,"Triggers": [],"Execution Time": 203.309}]
[{"Plan": {"Node Type": "Aggregate","Strategy": "Plain","Partial Mode": "Finalize","Parallel Aware": false,"Async Capable": false,"Startup Cost": 115609.89,"Total Cost": 115609.90,"Plan Rows": 1,"Plan Width": 32,"Actual Startup Time": 193.817,"Actual Total Time": 211.351,"Actual Rows": 1,"Actual Loops": 1,"Plans": [{"Node Type": "Gather","Parent Relationship": "Outer","Parallel Aware": false,"Async Capable": false,"Startup Cost": 115609.43,"Total Cost": 115609.84,"Plan Rows": 4,"Plan Width": 64,"Actual Startup Time": 192.419,"Actual Total Time": 211.299,"Actual Rows": 5,"Actual Loops": 1,"Workers Planned": 4,"Workers Launched": 4,"Single Copy": false,"Plans": [{"Node Type": "Aggregate","Strategy": "Plain","Partial Mode": "Partial","Parent Relationship": "Outer","Parallel Aware": false,"Async Capable": false,"Startup Cost": 114609.43,"Total Cost": 114609.44,"Plan Rows": 1,"Plan Width": 64,"Actual Startup Time": 185.004,"Actual Total Time": 185.017,"Actual Rows": 1,"Actual Loops": 5,"Workers": [],"Plans": [{"Node Type": "Hash Join","Parent Relationship": "Outer","Parallel Aware": true,"Async Capable": false,"Join Type": "Inner","Startup Cost": 7920.94,"Total Cost": 114277.99,"Plan Rows": 18939,"Plan Width": 33,"Actual Startup Time": 60.368,"Actual Total Time": 178.970,"Actual Rows": 15437,"Actual Loops": 5,"Inner Unique": true,"Hash Cond": "(lineitem.l_partkey = part.p_partkey)","Workers": [],"Plans": [{"Node Type": "Bitmap Heap Scan","Parent Relationship": "Outer","Parallel Aware": true,"Async Capable": false,"Relation Name": "lineitem","Alias": "lineitem","Startup Cost": 1948.94,"Total Cost": 108256.28,"Plan Rows": 18939,"Plan Width": 16,"Actual Startup Time": 23.075,"Actual Total Time": 110.836,"Actual Rows": 15437,"Actual Loops": 5,"Recheck Cond": "((l_shipdate >= '1994-07-01'::date) AND (l_shipdate < '1994-08-01 00:00:00'::timestamp without time zone))","Rows Removed by Index Recheck": 0,"Exact Heap Blocks": 7823,"Lossy Heap Blocks": 0,"Workers": [],"Plans": [{"Node Type": "Bitmap Index Scan","Parent Relationship": "Outer","Parallel Aware": false,"Async Capable": false,"Index Name": "idx_lineitem_shipdate","Startup Cost": 0.00,"Total Cost": 1930.00,"Plan Rows": 75757,"Plan Width": 0,"Actual Startup Time": 16.721,"Actual Total Time": 16.724,"Actual Rows": 77186,"Actual Loops": 1,"Index Cond": "((l_shipdate >= '1994-07-01'::date) AND (l_shipdate < '1994-08-01 00:00:00'::timestamp without time zone))","Workers": []}]},{"Node Type": "Hash","Parent Relationship": "Inner","Parallel Aware": true,"Async Capable": false,"Startup Cost": 4930.33,"Total Cost": 4930.33,"Plan Rows": 83333,"Plan Width": 25,"Actual Startup Time": 36.560,"Actual Total Time": 36.565,"Actual Rows": 40000,"Actual Loops": 5,"Hash Buckets": 262144,"Original Hash Buckets": 262144,"Hash Batches": 1,"Original Hash Batches": 1,"Peak Memory Usage": 14240,"Workers": [],"Plans": [{"Node Type": "Seq Scan","Parent Relationship": "Outer","Parallel Aware": true,"Async Capable": false,"Relation Name": "part","Alias": "part","Startup Cost": 0.00,"Total Cost": 4930.33,"Plan Rows": 83333,"Plan Width": 25,"Actual Startup Time": 0.029,"Actual Total Time": 15.824,"Actual Rows": 40000,"Actual Loops": 5,"Workers": []}]}]}]}]}]},"Planning Time": 4.753,"Triggers": [],"Execution Time": 211.654}]
[{"Plan": {"Node Type": "Aggregate","Strategy": "Plain","Partial Mode": "Finalize","Parallel Aware": false,"Async Capable": false,"Startup Cost": 117449.67,"Total Cost": 117449.68,"Plan Rows": 1,"Plan Width": 32,"Actual Startup Time": 199.712,"Actual Total Time": 217.714,"Actual Rows": 1,"Actual Loops": 1,"Plans": [{"Node Type": "Gather","Parent Relationship": "Outer","Parallel Aware": false,"Async Capable": false,"Startup Cost": 117449.21,"Total Cost": 117449.62,"Plan Rows": 4,"Plan Width": 64,"Actual Startup Time": 198.396,"Actual Total Time": 217.675,"Actual Rows": 5,"Actual Loops": 1,"Workers Planned": 4,"Workers Launched": 4,"Single Copy": false,"Plans": [{"Node Type": "Aggregate","Strategy": "Plain","Partial Mode": "Partial","Parent Relationship": "Outer","Parallel Aware": false,"Async Capable": false,"Startup Cost": 116449.21,"Total Cost": 116449.22,"Plan Rows": 1,"Plan Width": 64,"Actual Startup Time": 190.883,"Actual Total Time": 190.895,"Actual Rows": 1,"Actual Loops": 5,"Workers": [],"Plans": [{"Node Type": "Hash Join","Parent Relationship": "Outer","Parallel Aware": true,"Async Capable": false,"Join Type": "Inner","Startup Cost": 8021.73,"Total Cost": 116100.36,"Plan Rows": 19934,"Plan Width": 33,"Actual Startup Time": 64.708,"Actual Total Time": 184.712,"Actual Rows": 15580,"Actual Loops": 5,"Inner Unique": true,"Hash Cond": "(lineitem.l_partkey = part.p_partkey)","Workers": [],"Plans": [{"Node Type": "Bitmap Heap Scan","Parent Relationship": "Outer","Parallel Aware": true,"Async Capable": false,"Relation Name": "lineitem","Alias": "lineitem","Startup Cost": 2049.74,"Total Cost": 110076.04,"Plan Rows": 19934,"Plan Width": 16,"Actual Startup Time": 23.730,"Actual Total Time": 112.410,"Actual Rows": 15580,"Actual Loops": 5,"Recheck Cond": "((l_shipdate >= '1995-05-01'::date) AND (l_shipdate < '1995-06-01 00:00:00'::timestamp without time zone))","Rows Removed by Index Recheck": 0,"Exact Heap Blocks": 8270,"Lossy Heap Blocks": 0,"Workers": [],"Plans": [{"Node Type": "Bitmap Index Scan","Parent Relationship": "Outer","Parallel Aware": false,"Async Capable": false,"Index Name": "idx_lineitem_shipdate","Startup Cost": 0.00,"Total Cost": 2029.80,"Plan Rows": 79737,"Plan Width": 0,"Actual Startup Time": 17.296,"Actual Total Time": 17.299,"Actual Rows": 77900,"Actual Loops": 1,"Index Cond": "((l_shipdate >= '1995-05-01'::date) AND (l_shipdate < '1995-06-01 00:00:00'::timestamp without time zone))","Workers": []}]},{"Node Type": "Hash","Parent Relationship": "Inner","Parallel Aware": true,"Async Capable": false,"Startup Cost": 4930.33,"Total Cost": 4930.33,"Plan Rows": 83333,"Plan Width": 25,"Actual Startup Time": 40.148,"Actual Total Time": 40.152,"Actual Rows": 40000,"Actual Loops": 5,"Hash Buckets": 262144,"Original Hash Buckets": 262144,"Hash Batches": 1,"Original Hash Batches": 1,"Peak Memory Usage": 14208,"Workers": [],"Plans": [{"Node Type": "Seq Scan","Parent Relationship": "Outer","Parallel Aware": true,"Async Capable": false,"Relation Name": "part","Alias": "part","Startup Cost": 0.00,"Total Cost": 4930.33,"Plan Rows": 83333,"Plan Width": 25,"Actual Startup Time": 0.047,"Actual Total Time": 17.621,"Actual Rows": 40000,"Actual Loops": 5,"Workers": []}]}]}]}]}]},"Planning Time": 3.884,"Triggers": [],"Execution Time": 217.976}]
[{"Plan": {"Node Type": "Aggregate","Strategy": "Plain","Partial Mode": "Finalize","Parallel Aware": false,"Async Capable": false,"Startup Cost": 118354.30,"Total Cost": 118354.31,"Plan Rows": 1,"Plan Width": 32,"Actual Startup Time": 196.372,"Actual Total Time": 212.365,"Actual Rows": 1,"Actual Loops": 1,"Plans": [{"Node Type": "Gather","Parent Relationship": "Outer","Parallel Aware": false,"Async Capable": false,"Startup Cost": 118353.84,"Total Cost": 118354.25,"Plan Rows": 4,"Plan Width": 64,"Actual Startup Time": 194.980,"Actual Total Time": 212.328,"Actual Rows": 5,"Actual Loops": 1,"Workers Planned": 4,"Workers Launched": 4,"Single Copy": false,"Plans": [{"Node Type": "Aggregate","Strategy": "Plain","Partial Mode": "Partial","Parent Relationship": "Outer","Parallel Aware": false,"Async Capable": false,"Startup Cost": 117353.84,"Total Cost": 117353.85,"Plan Rows": 1,"Plan Width": 64,"Actual Startup Time": 186.697,"Actual Total Time": 186.710,"Actual Rows": 1,"Actual Loops": 5,"Workers": [],"Plans": [{"Node Type": "Hash Join","Parent Relationship": "Outer","Parallel Aware": true,"Async Capable": false,"Join Type": "Inner","Startup Cost": 8075.36,"Total Cost": 116995.75,"Plan Rows": 20462,"Plan Width": 33,"Actual Startup Time": 68.213,"Actual Total Time": 180.686,"Actual Rows": 14935,"Actual Loops": 5,"Inner Unique": true,"Hash Cond": "(lineitem.l_partkey = part.p_partkey)","Workers": [],"Plans": [{"Node Type": "Bitmap Heap Scan","Parent Relationship": "Outer","Parallel Aware": true,"Async Capable": false,"Relation Name": "lineitem","Alias": "lineitem","Startup Cost": 2103.36,"Total Cost": 110970.05,"Plan Rows": 20462,"Plan Width": 16,"Actual Startup Time": 22.866,"Actual Total Time": 104.635,"Actual Rows": 14935,"Actual Loops": 5,"Recheck Cond": "((l_shipdate >= '1996-04-01'::date) AND (l_shipdate < '1996-05-01 00:00:00'::timestamp without time zone))","Rows Removed by Index Recheck": 0,"Exact Heap Blocks": 7954,"Lossy Heap Blocks": 0,"Workers": [],"Plans": [{"Node Type": "Bitmap Index Scan","Parent Relationship": "Outer","Parallel Aware": false,"Async Capable": false,"Index Name": "idx_lineitem_shipdate","Startup Cost": 0.00,"Total Cost": 2082.90,"Plan Rows": 81847,"Plan Width": 0,"Actual Startup Time": 16.559,"Actual Total Time": 16.564,"Actual Rows": 74677,"Actual Loops": 1,"Index Cond": "((l_shipdate >= '1996-04-01'::date) AND (l_shipdate < '1996-05-01 00:00:00'::timestamp without time zone))","Workers": []}]},{"Node Type": "Hash","Parent Relationship": "Inner","Parallel Aware": true,"Async Capable": false,"Startup Cost": 4930.33,"Total Cost": 4930.33,"Plan Rows": 83333,"Plan Width": 25,"Actual Startup Time": 44.463,"Actual Total Time": 44.467,"Actual Rows": 40000,"Actual Loops": 5,"Hash Buckets": 262144,"Original Hash Buckets": 262144,"Hash Batches": 1,"Original Hash Batches": 1,"Peak Memory Usage": 14208,"Workers": [],"Plans": [{"Node Type": "Seq Scan","Parent Relationship": "Outer","Parallel Aware": true,"Async Capable": false,"Relation Name": "part","Alias": "part","Startup Cost": 0.00,"Total Cost": 4930.33,"Plan Rows": 83333,"Plan Width": 25,"Actual Startup Time": 0.042,"Actual Total Time": 19.874,"Actual Rows": 40000,"Actual Loops": 5,"Workers": []}]}]}]}]}]},"Planning Time": 4.311,"Triggers": [],"Execution Time": 212.662}]
[{"Plan": {"Node Type": "Aggregate","Strategy": "Plain","Partial Mode": "Finalize","Parallel Aware": false,"Async Capable": false,"Startup Cost": 116279.97,"Total Cost": 116279.99,"Plan Rows": 1,"Plan Width": 32,"Actual Startup Time": 208.330,"Actual Total Time": 226.126,"Actual Rows": 1,"Actual Loops": 1,"Plans": [{"Node Type": "Gather","Parent Relationship": "Outer","Parallel Aware": false,"Async Capable": false,"Startup Cost": 116279.52,"Total Cost": 116279.93,"Plan Rows": 4,"Plan Width": 64,"Actual Startup Time": 206.980,"Actual Total Time": 226.083,"Actual Rows": 5,"Actual Loops": 1,"Workers Planned": 4,"Workers Launched": 4,"Single Copy": false,"Plans": [{"Node Type": "Aggregate","Strategy": "Plain","Partial Mode": "Partial","Parent Relationship": "Outer","Parallel Aware": false,"Async Capable": false,"Startup Cost": 115279.52,"Total Cost": 115279.53,"Plan Rows": 1,"Plan Width": 64,"Actual Startup Time": 199.451,"Actual Total Time": 199.462,"Actual Rows": 1,"Actual Loops": 5,"Workers": [],"Plans": [{"Node Type": "Hash Join","Parent Relationship": "Outer","Parallel Aware": true,"Async Capable": false,"Join Type": "Inner","Startup Cost": 7955.37,"Total Cost": 114941.92,"Plan Rows": 19291,"Plan Width": 33,"Actual Startup Time": 65.506,"Actual Total Time": 193.383,"Actual Rows": 14979,"Actual Loops": 5,"Inner Unique": true,"Hash Cond": "(lineitem.l_partkey = part.p_partkey)","Workers": [],"Plans": [{"Node Type": "Bitmap Heap Scan","Parent Relationship": "Outer","Parallel Aware": true,"Async Capable": false,"Relation Name": "lineitem","Alias": "lineitem","Startup Cost": 1983.37,"Total Cost": 108919.29,"Plan Rows": 19291,"Plan Width": 16,"Actual Startup Time": 28.807,"Actual Total Time": 126.686,"Actual Rows": 14979,"Actual Loops": 5,"Recheck Cond": "((l_shipdate >= '1994-11-01'::date) AND (l_shipdate < '1994-12-01 00:00:00'::timestamp without time zone))","Rows Removed by Index Recheck": 0,"Exact Heap Blocks": 8098,"Lossy Heap Blocks": 0,"Workers": [],"Plans": [{"Node Type": "Bitmap Index Scan","Parent Relationship": "Outer","Parallel Aware": false,"Async Capable": false,"Index Name": "idx_lineitem_shipdate","Startup Cost": 0.00,"Total Cost": 1964.08,"Plan Rows": 77165,"Plan Width": 0,"Actual Startup Time": 22.263,"Actual Total Time": 22.266,"Actual Rows": 74894,"Actual Loops": 1,"Index Cond": "((l_shipdate >= '1994-11-01'::date) AND (l_shipdate < '1994-12-01 00:00:00'::timestamp without time zone))","Workers": []}]},{"Node Type": "Hash","Parent Relationship": "Inner","Parallel Aware": true,"Async Capable": false,"Startup Cost": 4930.33,"Total Cost": 4930.33,"Plan Rows": 83333,"Plan Width": 25,"Actual Startup Time": 36.037,"Actual Total Time": 36.042,"Actual Rows": 40000,"Actual Loops": 5,"Hash Buckets": 262144,"Original Hash Buckets": 262144,"Hash Batches": 1,"Original Hash Batches": 1,"Peak Memory Usage": 14208,"Workers": [],"Plans": [{"Node Type": "Seq Scan","Parent Relationship": "Outer","Parallel Aware": true,"Async Capable": false,"Relation Name": "part","Alias": "part","Startup Cost": 0.00,"Total Cost": 4930.33,"Plan Rows": 83333,"Plan Width": 25,"Actual Startup Time": 0.033,"Actual Total Time": 15.614,"Actual Rows": 40000,"Actual Loops": 5,"Workers": []}]}]}]}]}]},"Planning Time": 4.356,"Triggers": [],"Execution Time": 226.431}]
[{"Plan": {"Node Type": "Aggregate","Strategy": "Plain","Partial Mode": "Finalize","Parallel Aware": false,"Async Capable": false,"Startup Cost": 114861.81,"Total Cost": 114861.82,"Plan Rows": 1,"Plan Width": 32,"Actual Startup Time": 193.988,"Actual Total Time": 211.749,"Actual Rows": 1,"Actual Loops": 1,"Plans": [{"Node Type": "Gather","Parent Relationship": "Outer","Parallel Aware": false,"Async Capable": false,"Startup Cost": 114861.35,"Total Cost": 114861.76,"Plan Rows": 4,"Plan Width": 64,"Actual Startup Time": 192.665,"Actual Total Time": 211.694,"Actual Rows": 5,"Actual Loops": 1,"Workers Planned": 4,"Workers Launched": 4,"Single Copy": false,"Plans": [{"Node Type": "Aggregate","Strategy": "Plain","Partial Mode": "Partial","Parent Relationship": "Outer","Parallel Aware": false,"Async Capable": false,"Startup Cost": 113861.35,"Total Cost": 113861.36,"Plan Rows": 1,"Plan Width": 64,"Actual Startup Time": 184.518,"Actual Total Time": 184.527,"Actual Rows": 1,"Actual Loops": 5,"Workers": [],"Plans": [{"Node Type": "Hash Join","Parent Relationship": "Outer","Parallel Aware": true,"Async Capable": false,"Join Type": "Inner","Startup Cost": 7881.45,"Total Cost": 113536.51,"Plan Rows": 18562,"Plan Width": 33,"Actual Startup Time": 58.502,"Actual Total Time": 178.310,"Actual Rows": 15463,"Actual Loops": 5,"Inner Unique": true,"Hash Cond": "(lineitem.l_partkey = part.p_partkey)","Workers": [],"Plans": [{"Node Type": "Bitmap Heap Scan","Parent Relationship": "Outer","Parallel Aware": true,"Async Capable": false,"Relation Name": "lineitem","Alias": "lineitem","Startup Cost": 1909.45,"Total Cost": 107515.79,"Plan Rows": 18561,"Plan Width": 16,"Actual Startup Time": 22.399,"Actual Total Time": 112.098,"Actual Rows": 15463,"Actual Loops": 5,"Recheck Cond": "((l_shipdate >= '1994-05-01'::date) AND (l_shipdate < '1994-06-01 00:00:00'::timestamp without time zone))","Rows Removed by Index Recheck": 0,"Exact Heap Blocks": 7716,"Lossy Heap Blocks": 0,"Workers": [],"Plans": [{"Node Type": "Bitmap Index Scan","Parent Relationship": "Outer","Parallel Aware": false,"Async Capable": false,"Index Name": "idx_lineitem_shipdate","Startup Cost": 0.00,"Total Cost": 1890.89,"Plan Rows": 74246,"Plan Width": 0,"Actual Startup Time": 16.017,"Actual Total Time": 16.018,"Actual Rows": 77317,"Actual Loops": 1,"Index Cond": "((l_shipdate >= '1994-05-01'::date) AND (l_shipdate < '1994-06-01 00:00:00'::timestamp without time zone))","Workers": []}]},{"Node Type": "Hash","Parent Relationship": "Inner","Parallel Aware": true,"Async Capable": false,"Startup Cost": 4930.33,"Total Cost": 4930.33,"Plan Rows": 83333,"Plan Width": 25,"Actual Startup Time": 35.336,"Actual Total Time": 35.342,"Actual Rows": 40000,"Actual Loops": 5,"Hash Buckets": 262144,"Original Hash Buckets": 262144,"Hash Batches": 1,"Original Hash Batches": 1,"Peak Memory Usage": 14208,"Workers": [],"Plans": [{"Node Type": "Seq Scan","Parent Relationship": "Outer","Parallel Aware": true,"Async Capable": false,"Relation Name": "part","Alias": "part","Startup Cost": 0.00,"Total Cost": 4930.33,"Plan Rows": 83333,"Plan Width": 25,"Actual Startup Time": 0.043,"Actual Total Time": 15.376,"Actual Rows": 40000,"Actual Loops": 5,"Workers": []}]}]}]}]}]},"Planning Time": 5.236,"Triggers": [],"Execution Time": 212.073}]
[{"Plan": {"Node Type": "Aggregate","Strategy": "Plain","Partial Mode": "Finalize","Parallel Aware": false,"Async Capable": false,"Startup Cost": 118980.99,"Total Cost": 118981.00,"Plan Rows": 1,"Plan Width": 32,"Actual Startup Time": 192.776,"Actual Total Time": 209.272,"Actual Rows": 1,"Actual Loops": 1,"Plans": [{"Node Type": "Gather","Parent Relationship": "Outer","Parallel Aware": false,"Async Capable": false,"Startup Cost": 118980.53,"Total Cost": 118980.94,"Plan Rows": 4,"Plan Width": 64,"Actual Startup Time": 191.466,"Actual Total Time": 209.218,"Actual Rows": 5,"Actual Loops": 1,"Workers Planned": 4,"Workers Launched": 4,"Single Copy": false,"Plans": [{"Node Type": "Aggregate","Strategy": "Plain","Partial Mode": "Partial","Parent Relationship": "Outer","Parallel Aware": false,"Async Capable": false,"Startup Cost": 117980.53,"Total Cost": 117980.54,"Plan Rows": 1,"Plan Width": 64,"Actual Startup Time": 183.309,"Actual Total Time": 183.319,"Actual Rows": 1,"Actual Loops": 5,"Workers": [],"Plans": [{"Node Type": "Hash Join","Parent Relationship": "Outer","Parallel Aware": true,"Async Capable": false,"Join Type": "Inner","Startup Cost": 8115.01,"Total Cost": 117615.76,"Plan Rows": 20844,"Plan Width": 33,"Actual Startup Time": 58.848,"Actual Total Time": 177.255,"Actual Rows": 15563,"Actual Loops": 5,"Inner Unique": true,"Hash Cond": "(lineitem.l_partkey = part.p_partkey)","Workers": [],"Plans": [{"Node Type": "Bitmap Heap Scan","Parent Relationship": "Outer","Parallel Aware": true,"Async Capable": false,"Relation Name": "lineitem","Alias": "lineitem","Startup Cost": 2143.02,"Total Cost": 111589.05,"Plan Rows": 20843,"Plan Width": 16,"Actual Startup Time": 22.331,"Actual Total Time": 109.969,"Actual Rows": 15563,"Actual Loops": 5,"Recheck Cond": "((l_shipdate >= '1995-10-01'::date) AND (l_shipdate < '1995-11-01 00:00:00'::timestamp without time zone))","Rows Removed by Index Recheck": 0,"Exact Heap Blocks": 7890,"Lossy Heap Blocks": 0,"Workers": [],"Plans": [{"Node Type": "Bitmap Index Scan","Parent Relationship": "Outer","Parallel Aware": false,"Async Capable": false,"Index Name": "idx_lineitem_shipdate","Startup Cost": 0.00,"Total Cost": 2122.17,"Plan Rows": 83374,"Plan Width": 0,"Actual Startup Time": 16.094,"Actual Total Time": 16.095,"Actual Rows": 77817,"Actual Loops": 1,"Index Cond": "((l_shipdate >= '1995-10-01'::date) AND (l_shipdate < '1995-11-01 00:00:00'::timestamp without time zone))","Workers": []}]},{"Node Type": "Hash","Parent Relationship": "Inner","Parallel Aware": true,"Async Capable": false,"Startup Cost": 4930.33,"Total Cost": 4930.33,"Plan Rows": 83333,"Plan Width": 25,"Actual Startup Time": 35.711,"Actual Total Time": 35.714,"Actual Rows": 40000,"Actual Loops": 5,"Hash Buckets": 262144,"Original Hash Buckets": 262144,"Hash Batches": 1,"Original Hash Batches": 1,"Peak Memory Usage": 14176,"Workers": [],"Plans": [{"Node Type": "Seq Scan","Parent Relationship": "Outer","Parallel Aware": true,"Async Capable": false,"Relation Name": "part","Alias": "part","Startup Cost": 0.00,"Total Cost": 4930.33,"Plan Rows": 83333,"Plan Width": 25,"Actual Startup Time": 0.030,"Actual Total Time": 15.930,"Actual Rows": 40000,"Actual Loops": 5,"Workers": []}]}]}]}]}]},"Planning Time": 4.599,"Triggers": [],"Execution Time": 209.556}]
[{"Plan": {"Node Type": "Aggregate","Strategy": "Plain","Partial Mode": "Finalize","Parallel Aware": false,"Async Capable": false,"Startup Cost": 117449.67,"Total Cost": 117449.68,"Plan Rows": 1,"Plan Width": 32,"Actual Startup Time": 199.712,"Actual Total Time": 217.714,"Actual Rows": 1,"Actual Loops": 1,"Plans": [{"Node Type": "Gather","Parent Relationship": "Outer","Parallel Aware": false,"Async Capable": false,"Startup Cost": 117449.21,"Total Cost": 117449.62,"Plan Rows": 4,"Plan Width": 64,"Actual Startup Time": 198.396,"Actual Total Time": 217.675,"Actual Rows": 5,"Actual Loops": 1,"Workers Planned": 4,"Workers Launched": 4,"Single Copy": false,"Plans": [{"Node Type": "Aggregate","Strategy": "Plain","Partial Mode": "Partial","Parent Relationship": "Outer","Parallel Aware": false,"Async Capable": false,"Startup Cost": 116449.21,"Total Cost": 116449.22,"Plan Rows": 1,"Plan Width": 64,"Actual Startup Time": 190.883,"Actual Total Time": 190.895,"Actual Rows": 1,"Actual Loops": 5,"Workers": [],"Plans": [{"Node Type": "Hash Join","Parent Relationship": "Outer","Parallel Aware": true,"Async Capable": false,"Join Type": "Inner","Startup Cost": 8021.73,"Total Cost": 116100.36,"Plan Rows": 19934,"Plan Width": 33,"Actual Startup Time": 64.708,"Actual Total Time": 184.712,"Actual Rows": 15580,"Actual Loops": 5,"Inner Unique": true,"Hash Cond": "(lineitem.l_partkey = part.p_partkey)","Workers": [],"Plans": [{"Node Type": "Bitmap Heap Scan","Parent Relationship": "Outer","Parallel Aware": true,"Async Capable": false,"Relation Name": "lineitem","Alias": "lineitem","Startup Cost": 2049.74,"Total Cost": 110076.04,"Plan Rows": 19934,"Plan Width": 16,"Actual Startup Time": 23.730,"Actual Total Time": 112.410,"Actual Rows": 15580,"Actual Loops": 5,"Recheck Cond": "((l_shipdate >= '1995-05-01'::date) AND (l_shipdate < '1995-06-01 00:00:00'::timestamp without time zone))","Rows Removed by Index Recheck": 0,"Exact Heap Blocks": 8270,"Lossy Heap Blocks": 0,"Workers": [],"Plans": [{"Node Type": "Bitmap Index Scan","Parent Relationship": "Outer","Parallel Aware": false,"Async Capable": false,"Index Name": "idx_lineitem_shipdate","Startup Cost": 0.00,"Total Cost": 2029.80,"Plan Rows": 79737,"Plan Width": 0,"Actual Startup Time": 17.296,"Actual Total Time": 17.299,"Actual Rows": 77900,"Actual Loops": 1,"Index Cond": "((l_shipdate >= '1995-05-01'::date) AND (l_shipdate < '1995-06-01 00:00:00'::timestamp without time zone))","Workers": []}]},{"Node Type": "Hash","Parent Relationship": "Inner","Parallel Aware": true,"Async Capable": false,"Startup Cost": 4930.33,"Total Cost": 4930.33,"Plan Rows": 83333,"Plan Width": 25,"Actual Startup Time": 40.148,"Actual Total Time": 40.152,"Actual Rows": 40000,"Actual Loops": 5,"Hash Buckets": 262144,"Original Hash Buckets": 262144,"Hash Batches": 1,"Original Hash Batches": 1,"Peak Memory Usage": 14208,"Workers": [],"Plans": [{"Node Type": "Seq Scan","Parent Relationship": "Outer","Parallel Aware": true,"Async Capable": false,"Relation Name": "part","Alias": "part","Startup Cost": 0.00,"Total Cost": 4930.33,"Plan Rows": 83333,"Plan Width": 25,"Actual Startup Time": 0.047,"Actual Total Time": 17.621,"Actual Rows": 40000,"Actual Loops": 5,"Workers": []}]}]}]}]}]},"Planning Time": 3.884,"Triggers": [],"Execution Time": 217.976}]
[{"Plan": {"Node Type": "Aggregate","Strategy": "Plain","Partial Mode": "Finalize","Parallel Aware": false,"Async Capable": false,"Startup Cost": 118354.30,"Total Cost": 118354.31,"Plan Rows": 1,"Plan Width": 32,"Actual Startup Time": 196.372,"Actual Total Time": 212.365,"Actual Rows": 1,"Actual Loops": 1,"Plans": [{"Node Type": "Gather","Parent Relationship": "Outer","Parallel Aware": false,"Async Capable": false,"Startup Cost": 118353.84,"Total Cost": 118354.25,"Plan Rows": 4,"Plan Width": 64,"Actual Startup Time": 194.980,"Actual Total Time": 212.328,"Actual Rows": 5,"Actual Loops": 1,"Workers Planned": 4,"Workers Launched": 4,"Single Copy": false,"Plans": [{"Node Type": "Aggregate","Strategy": "Plain","Partial Mode": "Partial","Parent Relationship": "Outer","Parallel Aware": false,"Async Capable": false,"Startup Cost": 117353.84,"Total Cost": 117353.85,"Plan Rows": 1,"Plan Width": 64,"Actual Startup Time": 186.697,"Actual Total Time": 186.710,"Actual Rows": 1,"Actual Loops": 5,"Workers": [],"Plans": [{"Node Type": "Hash Join","Parent Relationship": "Outer","Parallel Aware": true,"Async Capable": false,"Join Type": "Inner","Startup Cost": 8075.36,"Total Cost": 116995.75,"Plan Rows": 20462,"Plan Width": 33,"Actual Startup Time": 68.213,"Actual Total Time": 180.686,"Actual Rows": 14935,"Actual Loops": 5,"Inner Unique": true,"Hash Cond": "(lineitem.l_partkey = part.p_partkey)","Workers": [],"Plans": [{"Node Type": "Bitmap Heap Scan","Parent Relationship": "Outer","Parallel Aware": true,"Async Capable": false,"Relation Name": "lineitem","Alias": "lineitem","Startup Cost": 2103.36,"Total Cost": 110970.05,"Plan Rows": 20462,"Plan Width": 16,"Actual Startup Time": 22.866,"Actual Total Time": 104.635,"Actual Rows": 14935,"Actual Loops": 5,"Recheck Cond": "((l_shipdate >= '1996-04-01'::date) AND (l_shipdate < '1996-05-01 00:00:00'::timestamp without time zone))","Rows Removed by Index Recheck": 0,"Exact Heap Blocks": 7954,"Lossy Heap Blocks": 0,"Workers": [],"Plans": [{"Node Type": "Bitmap Index Scan","Parent Relationship": "Outer","Parallel Aware": false,"Async Capable": false,"Index Name": "idx_lineitem_shipdate","Startup Cost": 0.00,"Total Cost": 2082.90,"Plan Rows": 81847,"Plan Width": 0,"Actual Startup Time": 16.559,"Actual Total Time": 16.564,"Actual Rows": 74677,"Actual Loops": 1,"Index Cond": "((l_shipdate >= '1996-04-01'::date) AND (l_shipdate < '1996-05-01 00:00:00'::timestamp without time zone))","Workers": []}]},{"Node Type": "Hash","Parent Relationship": "Inner","Parallel Aware": true,"Async Capable": false,"Startup Cost": 4930.33,"Total Cost": 4930.33,"Plan Rows": 83333,"Plan Width": 25,"Actual Startup Time": 44.463,"Actual Total Time": 44.467,"Actual Rows": 40000,"Actual Loops": 5,"Hash Buckets": 262144,"Original Hash Buckets": 262144,"Hash Batches": 1,"Original Hash Batches": 1,"Peak Memory Usage": 14208,"Workers": [],"Plans": [{"Node Type": "Seq Scan","Parent Relationship": "Outer","Parallel Aware": true,"Async Capable": false,"Relation Name": "part","Alias": "part","Startup Cost": 0.00,"Total Cost": 4930.33,"Plan Rows": 83333,"Plan Width": 25,"Actual Startup Time": 0.042,"Actual Total Time": 19.874,"Actual Rows": 40000,"Actual Loops": 5,"Workers": []}]}]}]}]}]},"Planning Time": 4.311,"Triggers": [],"Execution Time": 212.662}]
[{"Plan": {"Node Type": "Aggregate","Strategy": "Plain","Partial Mode": "Finalize","Parallel Aware": false,"Async Capable": false,"Startup Cost": 117951.42,"Total Cost": 117951.44,"Plan Rows": 1,"Plan Width": 32,"Actual Startup Time": 195.681,"Actual Total Time": 213.344,"Actual Rows": 1,"Actual Loops": 1,"Plans": [{"Node Type": "Gather","Parent Relationship": "Outer","Parallel Aware": false,"Async Capable": false,"Startup Cost": 117950.97,"Total Cost": 117951.38,"Plan Rows": 4,"Plan Width": 64,"Actual Startup Time": 194.406,"Actual Total Time": 213.290,"Actual Rows": 5,"Actual Loops": 1,"Workers Planned": 4,"Workers Launched": 4,"Single Copy": false,"Plans": [{"Node Type": "Aggregate","Strategy": "Plain","Partial Mode": "Partial","Parent Relationship": "Outer","Parallel Aware": false,"Async Capable": false,"Startup Cost": 116950.97,"Total Cost": 116950.98,"Plan Rows": 1,"Plan Width": 64,"Actual Startup Time": 186.783,"Actual Total Time": 186.797,"Actual Rows": 1,"Actual Loops": 5,"Workers": [],"Plans": [{"Node Type": "Hash Join","Parent Relationship": "Outer","Parallel Aware": true,"Async Capable": false,"Join Type": "Inner","Startup Cost": 8049.62,"Total Cost": 116597.04,"Plan Rows": 20224,"Plan Width": 33,"Actual Startup Time": 60.474,"Actual Total Time": 180.769,"Actual Rows": 15532,"Actual Loops": 5,"Inner Unique": true,"Hash Cond": "(lineitem.l_partkey = part.p_partkey)","Workers": [],"Plans": [{"Node Type": "Bitmap Heap Scan","Parent Relationship": "Outer","Parallel Aware": true,"Async Capable": false,"Relation Name": "lineitem","Alias": "lineitem","Startup Cost": 2077.63,"Total Cost": 110571.96,"Plan Rows": 20224,"Plan Width": 16,"Actual Startup Time": 22.143,"Actual Total Time": 111.653,"Actual Rows": 15532,"Actual Loops": 5,"Recheck Cond": "((l_shipdate >= '1993-10-01'::date) AND (l_shipdate < '1993-11-01 00:00:00'::timestamp without time zone))","Rows Removed by Index Recheck": 0,"Exact Heap Blocks": 7906,"Lossy Heap Blocks": 0,"Workers": [],"Plans": [{"Node Type": "Bitmap Index Scan","Parent Relationship": "Outer","Parallel Aware": false,"Async Capable": false,"Index Name": "idx_lineitem_shipdate","Startup Cost": 0.00,"Total Cost": 2057.40,"Plan Rows": 80897,"Plan Width": 0,"Actual Startup Time": 15.870,"Actual Total Time": 15.870,"Actual Rows": 77661,"Actual Loops": 1,"Index Cond": "((l_shipdate >= '1993-10-01'::date) AND (l_shipdate < '1993-11-01 00:00:00'::timestamp without time zone))","Workers": []}]},{"Node Type": "Hash","Parent Relationship": "Inner","Parallel Aware": true,"Async Capable": false,"Startup Cost": 4930.33,"Total Cost": 4930.33,"Plan Rows": 83333,"Plan Width": 25,"Actual Startup Time": 37.623,"Actual Total Time": 37.628,"Actual Rows": 40000,"Actual Loops": 5,"Hash Buckets": 262144,"Original Hash Buckets": 262144,"Hash Batches": 1,"Original Hash Batches": 1,"Peak Memory Usage": 14176,"Workers": [],"Plans": [{"Node Type": "Seq Scan","Parent Relationship": "Outer","Parallel Aware": true,"Async Capable": false,"Relation Name": "part","Alias": "part","Startup Cost": 0.00,"Total Cost": 4930.33,"Plan Rows": 83333,"Plan Width": 25,"Actual Startup Time": 0.033,"Actual Total Time": 16.489,"Actual Rows": 40000,"Actual Loops": 5,"Workers": []}]}]}]}]}]},"Planning Time": 4.158,"Triggers": [],"Execution Time": 213.609}]
[{"Plan": {"Node Type": "Aggregate","Strategy": "Plain","Partial Mode": "Finalize","Parallel Aware": false,"Async Capable": false,"Startup Cost": 115278.37,"Total Cost": 115278.39,"Plan Rows": 1,"Plan Width": 32,"Actual Startup Time": 216.767,"Actual Total Time": 235.341,"Actual Rows": 1,"Actual Loops": 1,"Plans": [{"Node Type": "Gather","Parent Relationship": "Outer","Parallel Aware": false,"Async Capable": false,"Startup Cost": 115277.92,"Total Cost": 115278.33,"Plan Rows": 4,"Plan Width": 64,"Actual Startup Time": 215.238,"Actual Total Time": 235.292,"Actual Rows": 5,"Actual Loops": 1,"Workers Planned": 4,"Workers Launched": 4,"Single Copy": false,"Plans": [{"Node Type": "Aggregate","Strategy": "Plain","Partial Mode": "Partial","Parent Relationship": "Outer","Parallel Aware": false,"Async Capable": false,"Startup Cost": 114277.92,"Total Cost": 114277.93,"Plan Rows": 1,"Plan Width": 64,"Actual Startup Time": 207.313,"Actual Total Time": 207.326,"Actual Rows": 1,"Actual Loops": 5,"Workers": [],"Plans": [{"Node Type": "Hash Join","Parent Relationship": "Outer","Parallel Aware": true,"Async Capable": false,"Join Type": "Inner","Startup Cost": 7902.03,"Total Cost": 113949.42,"Plan Rows": 18771,"Plan Width": 33,"Actual Startup Time": 76.432,"Actual Total Time": 201.253,"Actual Rows": 15157,"Actual Loops": 5,"Inner Unique": true,"Hash Cond": "(lineitem.l_partkey = part.p_partkey)","Workers": [],"Plans": [{"Node Type": "Bitmap Heap Scan","Parent Relationship": "Outer","Parallel Aware": true,"Async Capable": false,"Relation Name": "lineitem","Alias": "lineitem","Startup Cost": 1930.03,"Total Cost": 107928.15,"Plan Rows": 18771,"Plan Width": 16,"Actual Startup Time": 33.743,"Actual Total Time": 128.031,"Actual Rows": 15157,"Actual Loops": 5,"Recheck Cond": "((l_shipdate >= '1995-04-01'::date) AND (l_shipdate < '1995-05-01 00:00:00'::timestamp without time zone))","Rows Removed by Index Recheck": 0,"Exact Heap Blocks": 8417,"Lossy Heap Blocks": 0,"Workers": [],"Plans": [{"Node Type": "Bitmap Index Scan","Parent Relationship": "Outer","Parallel Aware": false,"Async Capable": false,"Index Name": "idx_lineitem_shipdate","Startup Cost": 0.00,"Total Cost": 1911.26,"Plan Rows": 75083,"Plan Width": 0,"Actual Startup Time": 27.090,"Actual Total Time": 27.093,"Actual Rows": 75787,"Actual Loops": 1,"Index Cond": "((l_shipdate >= '1995-04-01'::date) AND (l_shipdate < '1995-05-01 00:00:00'::timestamp without time zone))","Workers": []}]},{"Node Type": "Hash","Parent Relationship": "Inner","Parallel Aware": true,"Async Capable": false,"Startup Cost": 4930.33,"Total Cost": 4930.33,"Plan Rows": 83333,"Plan Width": 25,"Actual Startup Time": 41.833,"Actual Total Time": 41.837,"Actual Rows": 40000,"Actual Loops": 5,"Hash Buckets": 262144,"Original Hash Buckets": 262144,"Hash Batches": 1,"Original Hash Batches": 1,"Peak Memory Usage": 14208,"Workers": [],"Plans": [{"Node Type": "Seq Scan","Parent Relationship": "Outer","Parallel Aware": true,"Async Capable": false,"Relation Name": "part","Alias": "part","Startup Cost": 0.00,"Total Cost": 4930.33,"Plan Rows": 83333,"Plan Width": 25,"Actual Startup Time": 0.046,"Actual Total Time": 18.660,"Actual Rows": 40000,"Actual Loops": 5,"Workers": []}]}]}]}]}]},"Planning Time": 3.999,"Triggers": [],"Execution Time": 235.603}]
[{"Plan": {"Node Type": "Aggregate","Strategy": "Plain","Partial Mode": "Finalize","Parallel Aware": false,"Async Capable": false,"Startup Cost": 115616.62,"Total Cost": 115616.64,"Plan Rows": 1,"Plan Width": 32,"Actual Startup Time": 197.019,"Actual Total Time": 214.591,"Actual Rows": 1,"Actual Loops": 1,"Plans": [{"Node Type": "Gather","Parent Relationship": "Outer","Parallel Aware": false,"Async Capable": false,"Startup Cost": 115616.17,"Total Cost": 115616.58,"Plan Rows": 4,"Plan Width": 64,"Actual Startup Time": 195.631,"Actual Total Time": 214.533,"Actual Rows": 5,"Actual Loops": 1,"Workers Planned": 4,"Workers Launched": 4,"Single Copy": false,"Plans": [{"Node Type": "Aggregate","Strategy": "Plain","Partial Mode": "Partial","Parent Relationship": "Outer","Parallel Aware": false,"Async Capable": false,"Startup Cost": 114616.17,"Total Cost": 114616.18,"Plan Rows": 1,"Plan Width": 64,"Actual Startup Time": 187.977,"Actual Total Time": 187.991,"Actual Rows": 1,"Actual Loops": 5,"Workers": [],"Plans": [{"Node Type": "Hash Join","Parent Relationship": "Outer","Parallel Aware": true,"Async Capable": false,"Join Type": "Inner","Startup Cost": 7921.09,"Total Cost": 114284.66,"Plan Rows": 18943,"Plan Width": 33,"Actual Startup Time": 65.447,"Actual Total Time": 182.041,"Actual Rows": 15051,"Actual Loops": 5,"Inner Unique": true,"Hash Cond": "(lineitem.l_partkey = part.p_partkey)","Workers": [],"Plans": [{"Node Type": "Bitmap Heap Scan","Parent Relationship": "Outer","Parallel Aware": true,"Async Capable": false,"Relation Name": "lineitem","Alias": "lineitem","Startup Cost": 1949.10,"Total Cost": 108262.94,"Plan Rows": 18943,"Plan Width": 16,"Actual Startup Time": 24.968,"Actual Total Time": 111.302,"Actual Rows": 15051,"Actual Loops": 5,"Recheck Cond": "((l_shipdate >= '1996-09-01'::date) AND (l_shipdate < '1996-10-01 00:00:00'::timestamp without time zone))","Rows Removed by Index Recheck": 0,"Exact Heap Blocks": 8176,"Lossy Heap Blocks": 0,"Workers": [],"Plans": [{"Node Type": "Bitmap Index Scan","Parent Relationship": "Outer","Parallel Aware": false,"Async Capable": false,"Index Name": "idx_lineitem_shipdate","Startup Cost": 0.00,"Total Cost": 1930.15,"Plan Rows": 75772,"Plan Width": 0,"Actual Startup Time": 18.728,"Actual Total Time": 18.731,"Actual Rows": 75254,"Actual Loops": 1,"Index Cond": "((l_shipdate >= '1996-09-01'::date) AND (l_shipdate < '1996-10-01 00:00:00'::timestamp without time zone))","Workers": []}]},{"Node Type": "Hash","Parent Relationship": "Inner","Parallel Aware": true,"Async Capable": false,"Startup Cost": 4930.33,"Total Cost": 4930.33,"Plan Rows": 83333,"Plan Width": 25,"Actual Startup Time": 39.815,"Actual Total Time": 39.820,"Actual Rows": 40000,"Actual Loops": 5,"Hash Buckets": 262144,"Original Hash Buckets": 262144,"Hash Batches": 1,"Original Hash Batches": 1,"Peak Memory Usage": 14208,"Workers": [],"Plans": [{"Node Type": "Seq Scan","Parent Relationship": "Outer","Parallel Aware": true,"Async Capable": false,"Relation Name": "part","Alias": "part","Startup Cost": 0.00,"Total Cost": 4930.33,"Plan Rows": 83333,"Plan Width": 25,"Actual Startup Time": 0.039,"Actual Total Time": 17.197,"Actual Rows": 40000,"Actual Loops": 5,"Workers": []}]}]}]}]}]},"Planning Time": 4.073,"Triggers": [],"Execution Time": 214.842}]
[{"Plan": {"Node Type": "Aggregate","Strategy": "Plain","Partial Mode": "Finalize","Parallel Aware": false,"Async Capable": false,"Startup Cost": 115568.92,"Total Cost": 115568.93,"Plan Rows": 1,"Plan Width": 32,"Actual Startup Time": 198.211,"Actual Total Time": 214.313,"Actual Rows": 1,"Actual Loops": 1,"Plans": [{"Node Type": "Gather","Parent Relationship": "Outer","Parallel Aware": false,"Async Capable": false,"Startup Cost": 115568.46,"Total Cost": 115568.87,"Plan Rows": 4,"Plan Width": 64,"Actual Startup Time": 196.556,"Actual Total Time": 214.277,"Actual Rows": 5,"Actual Loops": 1,"Workers Planned": 4,"Workers Launched": 4,"Single Copy": false,"Plans": [{"Node Type": "Aggregate","Strategy": "Plain","Partial Mode": "Partial","Parent Relationship": "Outer","Parallel Aware": false,"Async Capable": false,"Startup Cost": 114568.46,"Total Cost": 114568.47,"Plan Rows": 1,"Plan Width": 64,"Actual Startup Time": 188.912,"Actual Total Time": 188.920,"Actual Rows": 1,"Actual Loops": 5,"Workers": [],"Plans": [{"Node Type": "Hash Join","Parent Relationship": "Outer","Parallel Aware": true,"Async Capable": false,"Join Type": "Inner","Startup Cost": 7916.14,"Total Cost": 114237.36,"Plan Rows": 18920,"Plan Width": 33,"Actual Startup Time": 68.543,"Actual Total Time": 183.128,"Actual Rows": 14828,"Actual Loops": 5,"Inner Unique": true,"Hash Cond": "(lineitem.l_partkey = part.p_partkey)","Workers": [],"Plans": [{"Node Type": "Bitmap Heap Scan","Parent Relationship": "Outer","Parallel Aware": true,"Async Capable": false,"Relation Name": "lineitem","Alias": "lineitem","Startup Cost": 1944.14,"Total Cost": 108215.70,"Plan Rows": 18920,"Plan Width": 16,"Actual Startup Time": 28.406,"Actual Total Time": 116.686,"Actual Rows": 14828,"Actual Loops": 5,"Recheck Cond": "((l_shipdate >= '1993-06-01'::date) AND (l_shipdate < '1993-07-01 00:00:00'::timestamp without time zone))","Rows Removed by Index Recheck": 0,"Exact Heap Blocks": 8209,"Lossy Heap Blocks": 0,"Workers": [],"Plans": [{"Node Type": "Bitmap Index Scan","Parent Relationship": "Outer","Parallel Aware": false,"Async Capable": false,"Index Name": "idx_lineitem_shipdate","Startup Cost": 0.00,"Total Cost": 1925.22,"Plan Rows": 75679,"Plan Width": 0,"Actual Startup Time": 21.967,"Actual Total Time": 21.969,"Actual Rows": 74139,"Actual Loops": 1,"Index Cond": "((l_shipdate >= '1993-06-01'::date) AND (l_shipdate < '1993-07-01 00:00:00'::timestamp without time zone))","Workers": []}]},{"Node Type": "Hash","Parent Relationship": "Inner","Parallel Aware": true,"Async Capable": false,"Startup Cost": 4930.33,"Total Cost": 4930.33,"Plan Rows": 83333,"Plan Width": 25,"Actual Startup Time": 39.291,"Actual Total Time": 39.293,"Actual Rows": 40000,"Actual Loops": 5,"Hash Buckets": 262144,"Original Hash Buckets": 262144,"Hash Batches": 1,"Original Hash Batches": 1,"Peak Memory Usage": 14240,"Workers": [],"Plans": [{"Node Type": "Seq Scan","Parent Relationship": "Outer","Parallel Aware": true,"Async Capable": false,"Relation Name": "part","Alias": "part","Startup Cost": 0.00,"Total Cost": 4930.33,"Plan Rows": 83333,"Plan Width": 25,"Actual Startup Time": 0.029,"Actual Total Time": 17.919,"Actual Rows": 40000,"Actual Loops": 5,"Workers": []}]}]}]}]}]},"Planning Time": 4.579,"Triggers": [],"Execution Time": 214.598}]
[{"Plan": {"Node Type": "Aggregate","Strategy": "Plain","Partial Mode": "Finalize","Parallel Aware": false,"Async Capable": false,"Startup Cost": 116775.62,"Total Cost": 116775.64,"Plan Rows": 1,"Plan Width": 32,"Actual Startup Time": 193.869,"Actual Total Time": 210.143,"Actual Rows": 1,"Actual Loops": 1,"Plans": [{"Node Type": "Gather","Parent Relationship": "Outer","Parallel Aware": false,"Async Capable": false,"Startup Cost": 116775.17,"Total Cost": 116775.58,"Plan Rows": 4,"Plan Width": 64,"Actual Startup Time": 192.448,"Actual Total Time": 210.107,"Actual Rows": 5,"Actual Loops": 1,"Workers Planned": 4,"Workers Launched": 4,"Single Copy": false,"Plans": [{"Node Type": "Aggregate","Strategy": "Plain","Partial Mode": "Partial","Parent Relationship": "Outer","Parallel Aware": false,"Async Capable": false,"Startup Cost": 115775.17,"Total Cost": 115775.18,"Plan Rows": 1,"Plan Width": 64,"Actual Startup Time": 184.994,"Actual Total Time": 185.005,"Actual Rows": 1,"Actual Loops": 5,"Workers": [],"Plans": [{"Node Type": "Hash Join","Parent Relationship": "Outer","Parallel Aware": true,"Async Capable": false,"Join Type": "Inner","Startup Cost": 7982.36,"Total Cost": 115432.88,"Plan Rows": 19559,"Plan Width": 33,"Actual Startup Time": 59.459,"Actual Total Time": 178.997,"Actual Rows": 15372,"Actual Loops": 5,"Inner Unique": true,"Hash Cond": "(lineitem.l_partkey = part.p_partkey)","Workers": [],"Plans": [{"Node Type": "Bitmap Heap Scan","Parent Relationship": "Outer","Parallel Aware": true,"Async Capable": false,"Relation Name": "lineitem","Alias": "lineitem","Startup Cost": 2010.36,"Total Cost": 109409.54,"Plan Rows": 19559,"Plan Width": 16,"Actual Startup Time": 22.196,"Actual Total Time": 111.214,"Actual Rows": 15372,"Actual Loops": 5,"Recheck Cond": "((l_shipdate >= '1993-01-01'::date) AND (l_shipdate < '1993-02-01 00:00:00'::timestamp without time zone))","Rows Removed by Index Recheck": 0,"Exact Heap Blocks": 8068,"Lossy Heap Blocks": 0,"Workers": [],"Plans": [{"Node Type": "Bitmap Index Scan","Parent Relationship": "Outer","Parallel Aware": false,"Async Capable": false,"Index Name": "idx_lineitem_shipdate","Startup Cost": 0.00,"Total Cost": 1990.80,"Plan Rows": 78237,"Plan Width": 0,"Actual Startup Time": 15.976,"Actual Total Time": 15.979,"Actual Rows": 76860,"Actual Loops": 1,"Index Cond": "((l_shipdate >= '1993-01-01'::date) AND (l_shipdate < '1993-02-01 00:00:00'::timestamp without time zone))","Workers": []}]},{"Node Type": "Hash","Parent Relationship": "Inner","Parallel Aware": true,"Async Capable": false,"Startup Cost": 4930.33,"Total Cost": 4930.33,"Plan Rows": 83333,"Plan Width": 25,"Actual Startup Time": 36.495,"Actual Total Time": 36.499,"Actual Rows": 40000,"Actual Loops": 5,"Hash Buckets": 262144,"Original Hash Buckets": 262144,"Hash Batches": 1,"Original Hash Batches": 1,"Peak Memory Usage": 14176,"Workers": [],"Plans": [{"Node Type": "Seq Scan","Parent Relationship": "Outer","Parallel Aware": true,"Async Capable": false,"Relation Name": "part","Alias": "part","Startup Cost": 0.00,"Total Cost": 4930.33,"Plan Rows": 83333,"Plan Width": 25,"Actual Startup Time": 0.035,"Actual Total Time": 16.126,"Actual Rows": 40000,"Actual Loops": 5,"Workers": []}]}]}]}]}]},"Planning Time": 3.845,"Triggers": [],"Execution Time": 210.384}]
[{"Plan": {"Node Type": "Aggregate","Strategy": "Plain","Partial Mode": "Finalize","Parallel Aware": false,"Async Capable": false,"Startup Cost": 115616.62,"Total Cost": 115616.64,"Plan Rows": 1,"Plan Width": 32,"Actual Startup Time": 197.019,"Actual Total Time": 214.591,"Actual Rows": 1,"Actual Loops": 1,"Plans": [{"Node Type": "Gather","Parent Relationship": "Outer","Parallel Aware": false,"Async Capable": false,"Startup Cost": 115616.17,"Total Cost": 115616.58,"Plan Rows": 4,"Plan Width": 64,"Actual Startup Time": 195.631,"Actual Total Time": 214.533,"Actual Rows": 5,"Actual Loops": 1,"Workers Planned": 4,"Workers Launched": 4,"Single Copy": false,"Plans": [{"Node Type": "Aggregate","Strategy": "Plain","Partial Mode": "Partial","Parent Relationship": "Outer","Parallel Aware": false,"Async Capable": false,"Startup Cost": 114616.17,"Total Cost": 114616.18,"Plan Rows": 1,"Plan Width": 64,"Actual Startup Time": 187.977,"Actual Total Time": 187.991,"Actual Rows": 1,"Actual Loops": 5,"Workers": [],"Plans": [{"Node Type": "Hash Join","Parent Relationship": "Outer","Parallel Aware": true,"Async Capable": false,"Join Type": "Inner","Startup Cost": 7921.09,"Total Cost": 114284.66,"Plan Rows": 18943,"Plan Width": 33,"Actual Startup Time": 65.447,"Actual Total Time": 182.041,"Actual Rows": 15051,"Actual Loops": 5,"Inner Unique": true,"Hash Cond": "(lineitem.l_partkey = part.p_partkey)","Workers": [],"Plans": [{"Node Type": "Bitmap Heap Scan","Parent Relationship": "Outer","Parallel Aware": true,"Async Capable": false,"Relation Name": "lineitem","Alias": "lineitem","Startup Cost": 1949.10,"Total Cost": 108262.94,"Plan Rows": 18943,"Plan Width": 16,"Actual Startup Time": 24.968,"Actual Total Time": 111.302,"Actual Rows": 15051,"Actual Loops": 5,"Recheck Cond": "((l_shipdate >= '1996-09-01'::date) AND (l_shipdate < '1996-10-01 00:00:00'::timestamp without time zone))","Rows Removed by Index Recheck": 0,"Exact Heap Blocks": 8176,"Lossy Heap Blocks": 0,"Workers": [],"Plans": [{"Node Type": "Bitmap Index Scan","Parent Relationship": "Outer","Parallel Aware": false,"Async Capable": false,"Index Name": "idx_lineitem_shipdate","Startup Cost": 0.00,"Total Cost": 1930.15,"Plan Rows": 75772,"Plan Width": 0,"Actual Startup Time": 18.728,"Actual Total Time": 18.731,"Actual Rows": 75254,"Actual Loops": 1,"Index Cond": "((l_shipdate >= '1996-09-01'::date) AND (l_shipdate < '1996-10-01 00:00:00'::timestamp without time zone))","Workers": []}]},{"Node Type": "Hash","Parent Relationship": "Inner","Parallel Aware": true,"Async Capable": false,"Startup Cost": 4930.33,"Total Cost": 4930.33,"Plan Rows": 83333,"Plan Width": 25,"Actual Startup Time": 39.815,"Actual Total Time": 39.820,"Actual Rows": 40000,"Actual Loops": 5,"Hash Buckets": 262144,"Original Hash Buckets": 262144,"Hash Batches": 1,"Original Hash Batches": 1,"Peak Memory Usage": 14208,"Workers": [],"Plans": [{"Node Type": "Seq Scan","Parent Relationship": "Outer","Parallel Aware": true,"Async Capable": false,"Relation Name": "part","Alias": "part","Startup Cost": 0.00,"Total Cost": 4930.33,"Plan Rows": 83333,"Plan Width": 25,"Actual Startup Time": 0.039,"Actual Total Time": 17.197,"Actual Rows": 40000,"Actual Loops": 5,"Workers": []}]}]}]}]}]},"Planning Time": 4.073,"Triggers": [],"Execution Time": 214.842}]
[{"Plan": {"Node Type": "Aggregate","Strategy": "Plain","Partial Mode": "Finalize","Parallel Aware": false,"Async Capable": false,"Startup Cost": 115568.92,"Total Cost": 115568.93,"Plan Rows": 1,"Plan Width": 32,"Actual Startup Time": 198.211,"Actual Total Time": 214.313,"Actual Rows": 1,"Actual Loops": 1,"Plans": [{"Node Type": "Gather","Parent Relationship": "Outer","Parallel Aware": false,"Async Capable": false,"Startup Cost": 115568.46,"Total Cost": 115568.87,"Plan Rows": 4,"Plan Width": 64,"Actual Startup Time": 196.556,"Actual Total Time": 214.277,"Actual Rows": 5,"Actual Loops": 1,"Workers Planned": 4,"Workers Launched": 4,"Single Copy": false,"Plans": [{"Node Type": "Aggregate","Strategy": "Plain","Partial Mode": "Partial","Parent Relationship": "Outer","Parallel Aware": false,"Async Capable": false,"Startup Cost": 114568.46,"Total Cost": 114568.47,"Plan Rows": 1,"Plan Width": 64,"Actual Startup Time": 188.912,"Actual Total Time": 188.920,"Actual Rows": 1,"Actual Loops": 5,"Workers": [],"Plans": [{"Node Type": "Hash Join","Parent Relationship": "Outer","Parallel Aware": true,"Async Capable": false,"Join Type": "Inner","Startup Cost": 7916.14,"Total Cost": 114237.36,"Plan Rows": 18920,"Plan Width": 33,"Actual Startup Time": 68.543,"Actual Total Time": 183.128,"Actual Rows": 14828,"Actual Loops": 5,"Inner Unique": true,"Hash Cond": "(lineitem.l_partkey = part.p_partkey)","Workers": [],"Plans": [{"Node Type": "Bitmap Heap Scan","Parent Relationship": "Outer","Parallel Aware": true,"Async Capable": false,"Relation Name": "lineitem","Alias": "lineitem","Startup Cost": 1944.14,"Total Cost": 108215.70,"Plan Rows": 18920,"Plan Width": 16,"Actual Startup Time": 28.406,"Actual Total Time": 116.686,"Actual Rows": 14828,"Actual Loops": 5,"Recheck Cond": "((l_shipdate >= '1993-06-01'::date) AND (l_shipdate < '1993-07-01 00:00:00'::timestamp without time zone))","Rows Removed by Index Recheck": 0,"Exact Heap Blocks": 8209,"Lossy Heap Blocks": 0,"Workers": [],"Plans": [{"Node Type": "Bitmap Index Scan","Parent Relationship": "Outer","Parallel Aware": false,"Async Capable": false,"Index Name": "idx_lineitem_shipdate","Startup Cost": 0.00,"Total Cost": 1925.22,"Plan Rows": 75679,"Plan Width": 0,"Actual Startup Time": 21.967,"Actual Total Time": 21.969,"Actual Rows": 74139,"Actual Loops": 1,"Index Cond": "((l_shipdate >= '1993-06-01'::date) AND (l_shipdate < '1993-07-01 00:00:00'::timestamp without time zone))","Workers": []}]},{"Node Type": "Hash","Parent Relationship": "Inner","Parallel Aware": true,"Async Capable": false,"Startup Cost": 4930.33,"Total Cost": 4930.33,"Plan Rows": 83333,"Plan Width": 25,"Actual Startup Time": 39.291,"Actual Total Time": 39.293,"Actual Rows": 40000,"Actual Loops": 5,"Hash Buckets": 262144,"Original Hash Buckets": 262144,"Hash Batches": 1,"Original Hash Batches": 1,"Peak Memory Usage": 14240,"Workers": [],"Plans": [{"Node Type": "Seq Scan","Parent Relationship": "Outer","Parallel Aware": true,"Async Capable": false,"Relation Name": "part","Alias": "part","Startup Cost": 0.00,"Total Cost": 4930.33,"Plan Rows": 83333,"Plan Width": 25,"Actual Startup Time": 0.029,"Actual Total Time": 17.919,"Actual Rows": 40000,"Actual Loops": 5,"Workers": []}]}]}]}]}]},"Planning Time": 4.579,"Triggers": [],"Execution Time": 214.598}]
[{"Plan": {"Node Type": "Aggregate","Strategy": "Plain","Partial Mode": "Finalize","Parallel Aware": false,"Async Capable": false,"Startup Cost": 114861.81,"Total Cost": 114861.82,"Plan Rows": 1,"Plan Width": 32,"Actual Startup Time": 193.988,"Actual Total Time": 211.749,"Actual Rows": 1,"Actual Loops": 1,"Plans": [{"Node Type": "Gather","Parent Relationship": "Outer","Parallel Aware": false,"Async Capable": false,"Startup Cost": 114861.35,"Total Cost": 114861.76,"Plan Rows": 4,"Plan Width": 64,"Actual Startup Time": 192.665,"Actual Total Time": 211.694,"Actual Rows": 5,"Actual Loops": 1,"Workers Planned": 4,"Workers Launched": 4,"Single Copy": false,"Plans": [{"Node Type": "Aggregate","Strategy": "Plain","Partial Mode": "Partial","Parent Relationship": "Outer","Parallel Aware": false,"Async Capable": false,"Startup Cost": 113861.35,"Total Cost": 113861.36,"Plan Rows": 1,"Plan Width": 64,"Actual Startup Time": 184.518,"Actual Total Time": 184.527,"Actual Rows": 1,"Actual Loops": 5,"Workers": [],"Plans": [{"Node Type": "Hash Join","Parent Relationship": "Outer","Parallel Aware": true,"Async Capable": false,"Join Type": "Inner","Startup Cost": 7881.45,"Total Cost": 113536.51,"Plan Rows": 18562,"Plan Width": 33,"Actual Startup Time": 58.502,"Actual Total Time": 178.310,"Actual Rows": 15463,"Actual Loops": 5,"Inner Unique": true,"Hash Cond": "(lineitem.l_partkey = part.p_partkey)","Workers": [],"Plans": [{"Node Type": "Bitmap Heap Scan","Parent Relationship": "Outer","Parallel Aware": true,"Async Capable": false,"Relation Name": "lineitem","Alias": "lineitem","Startup Cost": 1909.45,"Total Cost": 107515.79,"Plan Rows": 18561,"Plan Width": 16,"Actual Startup Time": 22.399,"Actual Total Time": 112.098,"Actual Rows": 15463,"Actual Loops": 5,"Recheck Cond": "((l_shipdate >= '1994-05-01'::date) AND (l_shipdate < '1994-06-01 00:00:00'::timestamp without time zone))","Rows Removed by Index Recheck": 0,"Exact Heap Blocks": 7716,"Lossy Heap Blocks": 0,"Workers": [],"Plans": [{"Node Type": "Bitmap Index Scan","Parent Relationship": "Outer","Parallel Aware": false,"Async Capable": false,"Index Name": "idx_lineitem_shipdate","Startup Cost": 0.00,"Total Cost": 1890.89,"Plan Rows": 74246,"Plan Width": 0,"Actual Startup Time": 16.017,"Actual Total Time": 16.018,"Actual Rows": 77317,"Actual Loops": 1,"Index Cond": "((l_shipdate >= '1994-05-01'::date) AND (l_shipdate < '1994-06-01 00:00:00'::timestamp without time zone))","Workers": []}]},{"Node Type": "Hash","Parent Relationship": "Inner","Parallel Aware": true,"Async Capable": false,"Startup Cost": 4930.33,"Total Cost": 4930.33,"Plan Rows": 83333,"Plan Width": 25,"Actual Startup Time": 35.336,"Actual Total Time": 35.342,"Actual Rows": 40000,"Actual Loops": 5,"Hash Buckets": 262144,"Original Hash Buckets": 262144,"Hash Batches": 1,"Original Hash Batches": 1,"Peak Memory Usage": 14208,"Workers": [],"Plans": [{"Node Type": "Seq Scan","Parent Relationship": "Outer","Parallel Aware": true,"Async Capable": false,"Relation Name": "part","Alias": "part","Startup Cost": 0.00,"Total Cost": 4930.33,"Plan Rows": 83333,"Plan Width": 25,"Actual Startup Time": 0.043,"Actual Total Time": 15.376,"Actual Rows": 40000,"Actual Loops": 5,"Workers": []}]}]}]}]}]},"Planning Time": 5.236,"Triggers": [],"Execution Time": 212.073}]
[{"Plan": {"Node Type": "Aggregate","Strategy": "Plain","Partial Mode": "Finalize","Parallel Aware": false,"Async Capable": false,"Startup Cost": 119289.39,"Total Cost": 119289.41,"Plan Rows": 1,"Plan Width": 32,"Actual Startup Time": 204.802,"Actual Total Time": 222.888,"Actual Rows": 1,"Actual Loops": 1,"Plans": [{"Node Type": "Gather","Parent Relationship": "Outer","Parallel Aware": false,"Async Capable": false,"Startup Cost": 119288.94,"Total Cost": 119289.35,"Plan Rows": 4,"Plan Width": 64,"Actual Startup Time": 203.555,"Actual Total Time": 222.838,"Actual Rows": 5,"Actual Loops": 1,"Workers Planned": 4,"Workers Launched": 4,"Single Copy": false,"Plans": [{"Node Type": "Aggregate","Strategy": "Plain","Partial Mode": "Partial","Parent Relationship": "Outer","Parallel Aware": false,"Async Capable": false,"Startup Cost": 118288.94,"Total Cost": 118288.95,"Plan Rows": 1,"Plan Width": 64,"Actual Startup Time": 195.786,"Actual Total Time": 195.801,"Actual Rows": 1,"Actual Loops": 5,"Workers": [],"Plans": [{"Node Type": "Hash Join","Parent Relationship": "Outer","Parallel Aware": true,"Async Capable": false,"Join Type": "Inner","Startup Cost": 8134.94,"Total Cost": 117920.78,"Plan Rows": 21037,"Plan Width": 33,"Actual Startup Time": 63.668,"Actual Total Time": 189.753,"Actual Rows": 15270,"Actual Loops": 5,"Inner Unique": true,"Hash Cond": "(lineitem.l_partkey = part.p_partkey)","Workers": [],"Plans": [{"Node Type": "Bitmap Heap Scan","Parent Relationship": "Outer","Parallel Aware": true,"Async Capable": false,"Relation Name": "lineitem","Alias": "lineitem","Startup Cost": 2162.94,"Total Cost": 111893.57,"Plan Rows": 21037,"Plan Width": 16,"Actual Startup Time": 29.116,"Actual Total Time": 125.615,"Actual Rows": 15270,"Actual Loops": 5,"Recheck Cond": "((l_shipdate >= '1993-05-01'::date) AND (l_shipdate < '1993-06-01 00:00:00'::timestamp without time zone))","Rows Removed by Index Recheck": 0,"Exact Heap Blocks": 7951,"Lossy Heap Blocks": 0,"Workers": [],"Plans": [{"Node Type": "Bitmap Index Scan","Parent Relationship": "Outer","Parallel Aware": false,"Async Capable": false,"Index Name": "idx_lineitem_shipdate","Startup Cost": 0.00,"Total Cost": 2141.90,"Plan Rows": 84147,"Plan Width": 0,"Actual Startup Time": 22.635,"Actual Total Time": 22.640,"Actual Rows": 76352,"Actual Loops": 1,"Index Cond": "((l_shipdate >= '1993-05-01'::date) AND (l_shipdate < '1993-06-01 00:00:00'::timestamp without time zone))","Workers": []}]},{"Node Type": "Hash","Parent Relationship": "Inner","Parallel Aware": true,"Async Capable": false,"Startup Cost": 4930.33,"Total Cost": 4930.33,"Plan Rows": 83333,"Plan Width": 25,"Actual Startup Time": 33.871,"Actual Total Time": 33.875,"Actual Rows": 40000,"Actual Loops": 5,"Hash Buckets": 262144,"Original Hash Buckets": 262144,"Hash Batches": 1,"Original Hash Batches": 1,"Peak Memory Usage": 14176,"Workers": [],"Plans": [{"Node Type": "Seq Scan","Parent Relationship": "Outer","Parallel Aware": true,"Async Capable": false,"Relation Name": "part","Alias": "part","Startup Cost": 0.00,"Total Cost": 4930.33,"Plan Rows": 83333,"Plan Width": 25,"Actual Startup Time": 0.034,"Actual Total Time": 14.821,"Actual Rows": 40000,"Actual Loops": 5,"Workers": []}]}]}]}]}]},"Planning Time": 5.245,"Triggers": [],"Execution Time": 223.291}]
[{"Plan": {"Node Type": "Aggregate","Strategy": "Plain","Partial Mode": "Finalize","Parallel Aware": false,"Async Capable": false,"Startup Cost": 117007.92,"Total Cost": 117007.93,"Plan Rows": 1,"Plan Width": 32,"Actual Startup Time": 189.829,"Actual Total Time": 206.980,"Actual Rows": 1,"Actual Loops": 1,"Plans": [{"Node Type": "Gather","Parent Relationship": "Outer","Parallel Aware": false,"Async Capable": false,"Startup Cost": 117007.46,"Total Cost": 117007.87,"Plan Rows": 4,"Plan Width": 64,"Actual Startup Time": 188.175,"Actual Total Time": 206.940,"Actual Rows": 5,"Actual Loops": 1,"Workers Planned": 4,"Workers Launched": 4,"Single Copy": false,"Plans": [{"Node Type": "Aggregate","Strategy": "Plain","Partial Mode": "Partial","Parent Relationship": "Outer","Parallel Aware": false,"Async Capable": false,"Startup Cost": 116007.46,"Total Cost": 116007.47,"Plan Rows": 1,"Plan Width": 64,"Actual Startup Time": 180.947,"Actual Total Time": 180.957,"Actual Rows": 1,"Actual Loops": 5,"Workers": [],"Plans": [{"Node Type": "Hash Join","Parent Relationship": "Outer","Parallel Aware": true,"Async Capable": false,"Join Type": "Inner","Startup Cost": 7995.60,"Total Cost": 115662.94,"Plan Rows": 19687,"Plan Width": 33,"Actual Startup Time": 58.068,"Actual Total Time": 174.672,"Actual Rows": 15581,"Actual Loops": 5,"Inner Unique": true,"Hash Cond": "(lineitem.l_partkey = part.p_partkey)","Workers": [],"Plans": [{"Node Type": "Bitmap Heap Scan","Parent Relationship": "Outer","Parallel Aware": true,"Async Capable": false,"Relation Name": "lineitem","Alias": "lineitem","Startup Cost": 2023.60,"Total Cost": 109639.26,"Plan Rows": 19687,"Plan Width": 16,"Actual Startup Time": 23.375,"Actual Total Time": 109.958,"Actual Rows": 15581,"Actual Loops": 5,"Recheck Cond": "((l_shipdate >= '1997-08-01'::date) AND (l_shipdate < '1997-09-01 00:00:00'::timestamp without time zone))","Rows Removed by Index Recheck": 0,"Exact Heap Blocks": 8451,"Lossy Heap Blocks": 0,"Workers": [],"Plans": [{"Node Type": "Bitmap Index Scan","Parent Relationship": "Outer","Parallel Aware": false,"Async Capable": false,"Index Name": "idx_lineitem_shipdate","Startup Cost": 0.00,"Total Cost": 2003.91,"Plan Rows": 78748,"Plan Width": 0,"Actual Startup Time": 16.902,"Actual Total Time": 16.905,"Actual Rows": 77905,"Actual Loops": 1,"Index Cond": "((l_shipdate >= '1997-08-01'::date) AND (l_shipdate < '1997-09-01 00:00:00'::timestamp without time zone))","Workers": []}]},{"Node Type": "Hash","Parent Relationship": "Inner","Parallel Aware": true,"Async Capable": false,"Startup Cost": 4930.33,"Total Cost": 4930.33,"Plan Rows": 83333,"Plan Width": 25,"Actual Startup Time": 33.961,"Actual Total Time": 33.964,"Actual Rows": 40000,"Actual Loops": 5,"Hash Buckets": 262144,"Original Hash Buckets": 262144,"Hash Batches": 1,"Original Hash Batches": 1,"Peak Memory Usage": 14208,"Workers": [],"Plans": [{"Node Type": "Seq Scan","Parent Relationship": "Outer","Parallel Aware": true,"Async Capable": false,"Relation Name": "part","Alias": "part","Startup Cost": 0.00,"Total Cost": 4930.33,"Plan Rows": 83333,"Plan Width": 25,"Actual Startup Time": 0.029,"Actual Total Time": 14.872,"Actual Rows": 40000,"Actual Loops": 5,"Workers": []}]}]}]}]}]},"Planning Time": 4.521,"Triggers": [],"Execution Time": 207.275}]
[{"Plan": {"Node Type": "Aggregate","Strategy": "Plain","Partial Mode": "Finalize","Parallel Aware": false,"Async Capable": false,"Startup Cost": 117567.99,"Total Cost": 117568.00,"Plan Rows": 1,"Plan Width": 32,"Actual Startup Time": 202.073,"Actual Total Time": 217.067,"Actual Rows": 1,"Actual Loops": 1,"Plans": [{"Node Type": "Gather","Parent Relationship": "Outer","Parallel Aware": false,"Async Capable": false,"Startup Cost": 117567.53,"Total Cost": 117567.94,"Plan Rows": 4,"Plan Width": 64,"Actual Startup Time": 200.586,"Actual Total Time": 217.034,"Actual Rows": 5,"Actual Loops": 1,"Workers Planned": 4,"Workers Launched": 4,"Single Copy": false,"Plans": [{"Node Type": "Aggregate","Strategy": "Plain","Partial Mode": "Partial","Parent Relationship": "Outer","Parallel Aware": false,"Async Capable": false,"Startup Cost": 116567.53,"Total Cost": 116567.54,"Plan Rows": 1,"Plan Width": 64,"Actual Startup Time": 193.189,"Actual Total Time": 193.201,"Actual Rows": 1,"Actual Loops": 5,"Workers": [],"Plans": [{"Node Type": "Hash Join","Parent Relationship": "Outer","Parallel Aware": true,"Async Capable": false,"Join Type": "Inner","Startup Cost": 8028.50,"Total Cost": 116217.49,"Plan Rows": 20002,"Plan Width": 33,"Actual Startup Time": 68.964,"Actual Total Time": 187.569,"Actual Rows": 13974,"Actual Loops": 5,"Inner Unique": true,"Hash Cond": "(lineitem.l_partkey = part.p_partkey)","Workers": [],"Plans": [{"Node Type": "Bitmap Heap Scan","Parent Relationship": "Outer","Parallel Aware": true,"Async Capable": false,"Relation Name": "lineitem","Alias": "lineitem","Startup Cost": 2056.50,"Total Cost": 110192.99,"Plan Rows": 20002,"Plan Width": 16,"Actual Startup Time": 27.935,"Actual Total Time": 119.536,"Actual Rows": 13974,"Actual Loops": 5,"Recheck Cond": "((l_shipdate >= '1995-02-01'::date) AND (l_shipdate < '1995-03-01 00:00:00'::timestamp without time zone))","Rows Removed by Index Recheck": 0,"Exact Heap Blocks": 7437,"Lossy Heap Blocks": 0,"Workers": [],"Plans": [{"Node Type": "Bitmap Index Scan","Parent Relationship": "Outer","Parallel Aware": false,"Async Capable": false,"Index Name": "idx_lineitem_shipdate","Startup Cost": 0.00,"Total Cost": 2036.50,"Plan Rows": 80007,"Plan Width": 0,"Actual Startup Time": 21.834,"Actual Total Time": 21.838,"Actual Rows": 69872,"Actual Loops": 1,"Index Cond": "((l_shipdate >= '1995-02-01'::date) AND (l_shipdate < '1995-03-01 00:00:00'::timestamp without time zone))","Workers": []}]},{"Node Type": "Hash","Parent Relationship": "Inner","Parallel Aware": true,"Async Capable": false,"Startup Cost": 4930.33,"Total Cost": 4930.33,"Plan Rows": 83333,"Plan Width": 25,"Actual Startup Time": 40.316,"Actual Total Time": 40.319,"Actual Rows": 40000,"Actual Loops": 5,"Hash Buckets": 262144,"Original Hash Buckets": 262144,"Hash Batches": 1,"Original Hash Batches": 1,"Peak Memory Usage": 14176,"Workers": [],"Plans": [{"Node Type": "Seq Scan","Parent Relationship": "Outer","Parallel Aware": true,"Async Capable": false,"Relation Name": "part","Alias": "part","Startup Cost": 0.00,"Total Cost": 4930.33,"Plan Rows": 83333,"Plan Width": 25,"Actual Startup Time": 0.033,"Actual Total Time": 17.707,"Actual Rows": 40000,"Actual Loops": 5,"Workers": []}]}]}]}]}]},"Planning Time": 4.574,"Triggers": [],"Execution Time": 217.295}]
[{"Plan": {"Node Type": "Aggregate","Strategy": "Plain","Partial Mode": "Finalize","Parallel Aware": false,"Async Capable": false,"Startup Cost": 116302.88,"Total Cost": 116302.89,"Plan Rows": 1,"Plan Width": 32,"Actual Startup Time": 191.977,"Actual Total Time": 208.674,"Actual Rows": 1,"Actual Loops": 1,"Plans": [{"Node Type": "Gather","Parent Relationship": "Outer","Parallel Aware": false,"Async Capable": false,"Startup Cost": 116302.42,"Total Cost": 116302.83,"Plan Rows": 4,"Plan Width": 64,"Actual Startup Time": 190.628,"Actual Total Time": 208.617,"Actual Rows": 5,"Actual Loops": 1,"Workers Planned": 4,"Workers Launched": 4,"Single Copy": false,"Plans": [{"Node Type": "Aggregate","Strategy": "Plain","Partial Mode": "Partial","Parent Relationship": "Outer","Parallel Aware": false,"Async Capable": false,"Startup Cost": 115302.42,"Total Cost": 115302.43,"Plan Rows": 1,"Plan Width": 64,"Actual Startup Time": 183.305,"Actual Total Time": 183.316,"Actual Rows": 1,"Actual Loops": 5,"Workers": [],"Plans": [{"Node Type": "Hash Join","Parent Relationship": "Outer","Parallel Aware": true,"Async Capable": false,"Join Type": "Inner","Startup Cost": 7955.88,"Total Cost": 114964.60,"Plan Rows": 19304,"Plan Width": 33,"Actual Startup Time": 58.483,"Actual Total Time": 177.208,"Actual Rows": 15507,"Actual Loops": 5,"Inner Unique": true,"Hash Cond": "(lineitem.l_partkey = part.p_partkey)","Workers": [],"Plans": [{"Node Type": "Bitmap Heap Scan","Parent Relationship": "Outer","Parallel Aware": true,"Async Capable": false,"Relation Name": "lineitem","Alias": "lineitem","Startup Cost": 1983.89,"Total Cost": 108941.93,"Plan Rows": 19304,"Plan Width": 16,"Actual Startup Time": 22.385,"Actual Total Time": 111.734,"Actual Rows": 15507,"Actual Loops": 5,"Recheck Cond": "((l_shipdate >= '1997-03-01'::date) AND (l_shipdate < '1997-04-01 00:00:00'::timestamp without time zone))","Rows Removed by Index Recheck": 0,"Exact Heap Blocks": 8419,"Lossy Heap Blocks": 0,"Workers": [],"Plans": [{"Node Type": "Bitmap Index Scan","Parent Relationship": "Outer","Parallel Aware": false,"Async Capable": false,"Index Name": "idx_lineitem_shipdate","Startup Cost": 0.00,"Total Cost": 1964.58,"Plan Rows": 77215,"Plan Width": 0,"Actual Startup Time": 16.076,"Actual Total Time": 16.077,"Actual Rows": 77537,"Actual Loops": 1,"Index Cond": "((l_shipdate >= '1997-03-01'::date) AND (l_shipdate < '1997-04-01 00:00:00'::timestamp without time zone))","Workers": []}]},{"Node Type": "Hash","Parent Relationship": "Inner","Parallel Aware": true,"Async Capable": false,"Startup Cost": 4930.33,"Total Cost": 4930.33,"Plan Rows": 83333,"Plan Width": 25,"Actual Startup Time": 35.330,"Actual Total Time": 35.334,"Actual Rows": 40000,"Actual Loops": 5,"Hash Buckets": 262144,"Original Hash Buckets": 262144,"Hash Batches": 1,"Original Hash Batches": 1,"Peak Memory Usage": 14208,"Workers": [],"Plans": [{"Node Type": "Seq Scan","Parent Relationship": "Outer","Parallel Aware": true,"Async Capable": false,"Relation Name": "part","Alias": "part","Startup Cost": 0.00,"Total Cost": 4930.33,"Plan Rows": 83333,"Plan Width": 25,"Actual Startup Time": 0.035,"Actual Total Time": 15.361,"Actual Rows": 40000,"Actual Loops": 5,"Workers": []}]}]}]}]}]},"Planning Time": 4.026,"Triggers": [],"Execution Time": 208.949}]
[{"Plan": {"Node Type": "Aggregate","Strategy": "Plain","Partial Mode": "Finalize","Parallel Aware": false,"Async Capable": false,"Startup Cost": 117951.42,"Total Cost": 117951.44,"Plan Rows": 1,"Plan Width": 32,"Actual Startup Time": 195.681,"Actual Total Time": 213.344,"Actual Rows": 1,"Actual Loops": 1,"Plans": [{"Node Type": "Gather","Parent Relationship": "Outer","Parallel Aware": false,"Async Capable": false,"Startup Cost": 117950.97,"Total Cost": 117951.38,"Plan Rows": 4,"Plan Width": 64,"Actual Startup Time": 194.406,"Actual Total Time": 213.290,"Actual Rows": 5,"Actual Loops": 1,"Workers Planned": 4,"Workers Launched": 4,"Single Copy": false,"Plans": [{"Node Type": "Aggregate","Strategy": "Plain","Partial Mode": "Partial","Parent Relationship": "Outer","Parallel Aware": false,"Async Capable": false,"Startup Cost": 116950.97,"Total Cost": 116950.98,"Plan Rows": 1,"Plan Width": 64,"Actual Startup Time": 186.783,"Actual Total Time": 186.797,"Actual Rows": 1,"Actual Loops": 5,"Workers": [],"Plans": [{"Node Type": "Hash Join","Parent Relationship": "Outer","Parallel Aware": true,"Async Capable": false,"Join Type": "Inner","Startup Cost": 8049.62,"Total Cost": 116597.04,"Plan Rows": 20224,"Plan Width": 33,"Actual Startup Time": 60.474,"Actual Total Time": 180.769,"Actual Rows": 15532,"Actual Loops": 5,"Inner Unique": true,"Hash Cond": "(lineitem.l_partkey = part.p_partkey)","Workers": [],"Plans": [{"Node Type": "Bitmap Heap Scan","Parent Relationship": "Outer","Parallel Aware": true,"Async Capable": false,"Relation Name": "lineitem","Alias": "lineitem","Startup Cost": 2077.63,"Total Cost": 110571.96,"Plan Rows": 20224,"Plan Width": 16,"Actual Startup Time": 22.143,"Actual Total Time": 111.653,"Actual Rows": 15532,"Actual Loops": 5,"Recheck Cond": "((l_shipdate >= '1993-10-01'::date) AND (l_shipdate < '1993-11-01 00:00:00'::timestamp without time zone))","Rows Removed by Index Recheck": 0,"Exact Heap Blocks": 7906,"Lossy Heap Blocks": 0,"Workers": [],"Plans": [{"Node Type": "Bitmap Index Scan","Parent Relationship": "Outer","Parallel Aware": false,"Async Capable": false,"Index Name": "idx_lineitem_shipdate","Startup Cost": 0.00,"Total Cost": 2057.40,"Plan Rows": 80897,"Plan Width": 0,"Actual Startup Time": 15.870,"Actual Total Time": 15.870,"Actual Rows": 77661,"Actual Loops": 1,"Index Cond": "((l_shipdate >= '1993-10-01'::date) AND (l_shipdate < '1993-11-01 00:00:00'::timestamp without time zone))","Workers": []}]},{"Node Type": "Hash","Parent Relationship": "Inner","Parallel Aware": true,"Async Capable": false,"Startup Cost": 4930.33,"Total Cost": 4930.33,"Plan Rows": 83333,"Plan Width": 25,"Actual Startup Time": 37.623,"Actual Total Time": 37.628,"Actual Rows": 40000,"Actual Loops": 5,"Hash Buckets": 262144,"Original Hash Buckets": 262144,"Hash Batches": 1,"Original Hash Batches": 1,"Peak Memory Usage": 14176,"Workers": [],"Plans": [{"Node Type": "Seq Scan","Parent Relationship": "Outer","Parallel Aware": true,"Async Capable": false,"Relation Name": "part","Alias": "part","Startup Cost": 0.00,"Total Cost": 4930.33,"Plan Rows": 83333,"Plan Width": 25,"Actual Startup Time": 0.033,"Actual Total Time": 16.489,"Actual Rows": 40000,"Actual Loops": 5,"Workers": []}]}]}]}]}]},"Planning Time": 4.158,"Triggers": [],"Execution Time": 213.609}]
[{"Plan": {"Node Type": "Aggregate","Strategy": "Plain","Partial Mode": "Finalize","Parallel Aware": false,"Async Capable": false,"Startup Cost": 116423.51,"Total Cost": 116423.52,"Plan Rows": 1,"Plan Width": 32,"Actual Startup Time": 193.419,"Actual Total Time": 210.903,"Actual Rows": 1,"Actual Loops": 1,"Plans": [{"Node Type": "Gather","Parent Relationship": "Outer","Parallel Aware": false,"Async Capable": false,"Startup Cost": 116423.05,"Total Cost": 116423.46,"Plan Rows": 4,"Plan Width": 64,"Actual Startup Time": 191.772,"Actual Total Time": 210.852,"Actual Rows": 5,"Actual Loops": 1,"Workers Planned": 4,"Workers Launched": 4,"Single Copy": false,"Plans": [{"Node Type": "Aggregate","Strategy": "Plain","Partial Mode": "Partial","Parent Relationship": "Outer","Parallel Aware": false,"Async Capable": false,"Startup Cost": 115423.05,"Total Cost": 115423.06,"Plan Rows": 1,"Plan Width": 64,"Actual Startup Time": 184.034,"Actual Total Time": 184.046,"Actual Rows": 1,"Actual Loops": 5,"Workers": [],"Plans": [{"Node Type": "Hash Join","Parent Relationship": "Outer","Parallel Aware": true,"Async Capable": false,"Join Type": "Inner","Startup Cost": 7962.54,"Total Cost": 115084.11,"Plan Rows": 19368,"Plan Width": 33,"Actual Startup Time": 59.026,"Actual Total Time": 177.787,"Actual Rows": 15441,"Actual Loops": 5,"Inner Unique": true,"Hash Cond": "(lineitem.l_partkey = part.p_partkey)","Workers": [],"Plans": [{"Node Type": "Bitmap Heap Scan","Parent Relationship": "Outer","Parallel Aware": true,"Async Capable": false,"Relation Name": "lineitem","Alias": "lineitem","Startup Cost": 1990.54,"Total Cost": 109061.27,"Plan Rows": 19368,"Plan Width": 16,"Actual Startup Time": 22.262,"Actual Total Time": 110.318,"Actual Rows": 15441,"Actual Loops": 5,"Recheck Cond": "((l_shipdate >= '1995-12-01'::date) AND (l_shipdate < '1996-01-01 00:00:00'::timestamp without time zone))","Rows Removed by Index Recheck": 0,"Exact Heap Blocks": 7749,"Lossy Heap Blocks": 0,"Workers": [],"Plans": [{"Node Type": "Bitmap Index Scan","Parent Relationship": "Outer","Parallel Aware": false,"Async Capable": false,"Index Name": "idx_lineitem_shipdate","Startup Cost": 0.00,"Total Cost": 1971.17,"Plan Rows": 77474,"Plan Width": 0,"Actual Startup Time": 16.016,"Actual Total Time": 16.018,"Actual Rows": 77203,"Actual Loops": 1,"Index Cond": "((l_shipdate >= '1995-12-01'::date) AND (l_shipdate < '1996-01-01 00:00:00'::timestamp without time zone))","Workers": []}]},{"Node Type": "Hash","Parent Relationship": "Inner","Parallel Aware": true,"Async Capable": false,"Startup Cost": 4930.33,"Total Cost": 4930.33,"Plan Rows": 83333,"Plan Width": 25,"Actual Startup Time": 36.084,"Actual Total Time": 36.088,"Actual Rows": 40000,"Actual Loops": 5,"Hash Buckets": 262144,"Original Hash Buckets": 262144,"Hash Batches": 1,"Original Hash Batches": 1,"Peak Memory Usage": 14208,"Workers": [],"Plans": [{"Node Type": "Seq Scan","Parent Relationship": "Outer","Parallel Aware": true,"Async Capable": false,"Relation Name": "part","Alias": "part","Startup Cost": 0.00,"Total Cost": 4930.33,"Plan Rows": 83333,"Plan Width": 25,"Actual Startup Time": 0.025,"Actual Total Time": 17.161,"Actual Rows": 40000,"Actual Loops": 5,"Workers": []}]}]}]}]}]},"Planning Time": 5.431,"Triggers": [],"Execution Time": 211.162}]
[{"Plan": {"Node Type": "Aggregate","Strategy": "Plain","Partial Mode": "Finalize","Parallel Aware": false,"Async Capable": false,"Startup Cost": 113859.14,"Total Cost": 113859.15,"Plan Rows": 1,"Plan Width": 32,"Actual Startup Time": 183.004,"Actual Total Time": 200.909,"Actual Rows": 1,"Actual Loops": 1,"Plans": [{"Node Type": "Gather","Parent Relationship": "Outer","Parallel Aware": false,"Async Capable": false,"Startup Cost": 113858.68,"Total Cost": 113859.09,"Plan Rows": 4,"Plan Width": 64,"Actual Startup Time": 181.448,"Actual Total Time": 200.864,"Actual Rows": 5,"Actual Loops": 1,"Workers Planned": 4,"Workers Launched": 4,"Single Copy": false,"Plans": [{"Node Type": "Aggregate","Strategy": "Plain","Partial Mode": "Partial","Parent Relationship": "Outer","Parallel Aware": false,"Async Capable": false,"Startup Cost": 112858.68,"Total Cost": 112858.69,"Plan Rows": 1,"Plan Width": 64,"Actual Startup Time": 173.739,"Actual Total Time": 173.753,"Actual Rows": 1,"Actual Loops": 5,"Workers": [],"Plans": [{"Node Type": "Hash Join","Parent Relationship": "Outer","Parallel Aware": true,"Async Capable": false,"Join Type": "Inner","Startup Cost": 7829.57,"Total Cost": 112542.33,"Plan Rows": 18077,"Plan Width": 33,"Actual Startup Time": 58.239,"Actual Total Time": 167.706,"Actual Rows": 15488,"Actual Loops": 5,"Inner Unique": true,"Hash Cond": "(lineitem.l_partkey = part.p_partkey)","Workers": [],"Plans": [{"Node Type": "Bitmap Heap Scan","Parent Relationship": "Outer","Parallel Aware": true,"Async Capable": false,"Relation Name": "lineitem","Alias": "lineitem","Startup Cost": 1857.58,"Total Cost": 106522.88,"Plan Rows": 18077,"Plan Width": 16,"Actual Startup Time": 22.396,"Actual Total Time": 105.318,"Actual Rows": 15488,"Actual Loops": 5,"Recheck Cond": "((l_shipdate >= '1997-05-01'::date) AND (l_shipdate < '1997-06-01 00:00:00'::timestamp without time zone))","Rows Removed by Index Recheck": 0,"Exact Heap Blocks": 7623,"Lossy Heap Blocks": 0,"Workers": [],"Plans": [{"Node Type": "Bitmap Index Scan","Parent Relationship": "Outer","Parallel Aware": false,"Async Capable": false,"Index Name": "idx_lineitem_shipdate","Startup Cost": 0.00,"Total Cost": 1839.50,"Plan Rows": 72307,"Plan Width": 0,"Actual Startup Time": 16.147,"Actual Total Time": 16.149,"Actual Rows": 77438,"Actual Loops": 1,"Index Cond": "((l_shipdate >= '1997-05-01'::date) AND (l_shipdate < '1997-06-01 00:00:00'::timestamp without time zone))","Workers": []}]},{"Node Type": "Hash","Parent Relationship": "Inner","Parallel Aware": true,"Async Capable": false,"Startup Cost": 4930.33,"Total Cost": 4930.33,"Plan Rows": 83333,"Plan Width": 25,"Actual Startup Time": 35.023,"Actual Total Time": 35.029,"Actual Rows": 40000,"Actual Loops": 5,"Hash Buckets": 262144,"Original Hash Buckets": 262144,"Hash Batches": 1,"Original Hash Batches": 1,"Peak Memory Usage": 14240,"Workers": [],"Plans": [{"Node Type": "Seq Scan","Parent Relationship": "Outer","Parallel Aware": true,"Async Capable": false,"Relation Name": "part","Alias": "part","Startup Cost": 0.00,"Total Cost": 4930.33,"Plan Rows": 83333,"Plan Width": 25,"Actual Startup Time": 0.034,"Actual Total Time": 15.067,"Actual Rows": 40000,"Actual Loops": 5,"Workers": []}]}]}]}]}]},"Planning Time": 4.177,"Triggers": [],"Execution Time": 201.222}]
[{"Plan": {"Node Type": "Aggregate","Strategy": "Plain","Partial Mode": "Finalize","Parallel Aware": false,"Async Capable": false,"Startup Cost": 115299.65,"Total Cost": 115299.66,"Plan Rows": 1,"Plan Width": 32,"Actual Startup Time": 212.428,"Actual Total Time": 230.455,"Actual Rows": 1,"Actual Loops": 1,"Plans": [{"Node Type": "Gather","Parent Relationship": "Outer","Parallel Aware": false,"Async Capable": false,"Startup Cost": 115299.19,"Total Cost": 115299.60,"Plan Rows": 4,"Plan Width": 64,"Actual Startup Time": 211.123,"Actual Total Time": 230.402,"Actual Rows": 5,"Actual Loops": 1,"Workers Planned": 4,"Workers Launched": 4,"Single Copy": false,"Plans": [{"Node Type": "Aggregate","Strategy": "Plain","Partial Mode": "Partial","Parent Relationship": "Outer","Parallel Aware": false,"Async Capable": false,"Startup Cost": 114299.19,"Total Cost": 114299.20,"Plan Rows": 1,"Plan Width": 64,"Actual Startup Time": 203.759,"Actual Total Time": 203.774,"Actual Rows": 1,"Actual Loops": 5,"Workers": [],"Plans": [{"Node Type": "Hash Join","Parent Relationship": "Outer","Parallel Aware": true,"Async Capable": false,"Join Type": "Inner","Startup Cost": 7902.50,"Total Cost": 113970.50,"Plan Rows": 18782,"Plan Width": 33,"Actual Startup Time": 75.167,"Actual Total Time": 197.633,"Actual Rows": 15058,"Actual Loops": 5,"Inner Unique": true,"Hash Cond": "(lineitem.l_partkey = part.p_partkey)","Workers": [],"Plans": [{"Node Type": "Bitmap Heap Scan","Parent Relationship": "Outer","Parallel Aware": true,"Async Capable": false,"Relation Name": "lineitem","Alias": "lineitem","Startup Cost": 1930.50,"Total Cost": 107949.20,"Plan Rows": 18782,"Plan Width": 16,"Actual Startup Time": 32.547,"Actual Total Time": 124.627,"Actual Rows": 15058,"Actual Loops": 5,"Recheck Cond": "((l_shipdate >= '1995-06-01'::date) AND (l_shipdate < '1995-07-01 00:00:00'::timestamp without time zone))","Rows Removed by Index Recheck": 0,"Exact Heap Blocks": 8490,"Lossy Heap Blocks": 0,"Workers": [],"Plans": [{"Node Type": "Bitmap Index Scan","Parent Relationship": "Outer","Parallel Aware": false,"Async Capable": false,"Index Name": "idx_lineitem_shipdate","Startup Cost": 0.00,"Total Cost": 1911.72,"Plan Rows": 75129,"Plan Width": 0,"Actual Startup Time": 25.914,"Actual Total Time": 25.917,"Actual Rows": 75292,"Actual Loops": 1,"Index Cond": "((l_shipdate >= '1995-06-01'::date) AND (l_shipdate < '1995-07-01 00:00:00'::timestamp without time zone))","Workers": []}]},{"Node Type": "Hash","Parent Relationship": "Inner","Parallel Aware": true,"Async Capable": false,"Startup Cost": 4930.33,"Total Cost": 4930.33,"Plan Rows": 83333,"Plan Width": 25,"Actual Startup Time": 41.902,"Actual Total Time": 41.907,"Actual Rows": 40000,"Actual Loops": 5,"Hash Buckets": 262144,"Original Hash Buckets": 262144,"Hash Batches": 1,"Original Hash Batches": 1,"Peak Memory Usage": 14208,"Workers": [],"Plans": [{"Node Type": "Seq Scan","Parent Relationship": "Outer","Parallel Aware": true,"Async Capable": false,"Relation Name": "part","Alias": "part","Startup Cost": 0.00,"Total Cost": 4930.33,"Plan Rows": 83333,"Plan Width": 25,"Actual Startup Time": 0.039,"Actual Total Time": 18.092,"Actual Rows": 40000,"Actual Loops": 5,"Workers": []}]}]}]}]}]},"Planning Time": 4.148,"Triggers": [],"Execution Time": 230.732}]
[{"Plan": {"Node Type": "Aggregate","Strategy": "Plain","Partial Mode": "Finalize","Parallel Aware": false,"Async Capable": false,"Startup Cost": 116775.62,"Total Cost": 116775.64,"Plan Rows": 1,"Plan Width": 32,"Actual Startup Time": 193.869,"Actual Total Time": 210.143,"Actual Rows": 1,"Actual Loops": 1,"Plans": [{"Node Type": "Gather","Parent Relationship": "Outer","Parallel Aware": false,"Async Capable": false,"Startup Cost": 116775.17,"Total Cost": 116775.58,"Plan Rows": 4,"Plan Width": 64,"Actual Startup Time": 192.448,"Actual Total Time": 210.107,"Actual Rows": 5,"Actual Loops": 1,"Workers Planned": 4,"Workers Launched": 4,"Single Copy": false,"Plans": [{"Node Type": "Aggregate","Strategy": "Plain","Partial Mode": "Partial","Parent Relationship": "Outer","Parallel Aware": false,"Async Capable": false,"Startup Cost": 115775.17,"Total Cost": 115775.18,"Plan Rows": 1,"Plan Width": 64,"Actual Startup Time": 184.994,"Actual Total Time": 185.005,"Actual Rows": 1,"Actual Loops": 5,"Workers": [],"Plans": [{"Node Type": "Hash Join","Parent Relationship": "Outer","Parallel Aware": true,"Async Capable": false,"Join Type": "Inner","Startup Cost": 7982.36,"Total Cost": 115432.88,"Plan Rows": 19559,"Plan Width": 33,"Actual Startup Time": 59.459,"Actual Total Time": 178.997,"Actual Rows": 15372,"Actual Loops": 5,"Inner Unique": true,"Hash Cond": "(lineitem.l_partkey = part.p_partkey)","Workers": [],"Plans": [{"Node Type": "Bitmap Heap Scan","Parent Relationship": "Outer","Parallel Aware": true,"Async Capable": false,"Relation Name": "lineitem","Alias": "lineitem","Startup Cost": 2010.36,"Total Cost": 109409.54,"Plan Rows": 19559,"Plan Width": 16,"Actual Startup Time": 22.196,"Actual Total Time": 111.214,"Actual Rows": 15372,"Actual Loops": 5,"Recheck Cond": "((l_shipdate >= '1993-01-01'::date) AND (l_shipdate < '1993-02-01 00:00:00'::timestamp without time zone))","Rows Removed by Index Recheck": 0,"Exact Heap Blocks": 8068,"Lossy Heap Blocks": 0,"Workers": [],"Plans": [{"Node Type": "Bitmap Index Scan","Parent Relationship": "Outer","Parallel Aware": false,"Async Capable": false,"Index Name": "idx_lineitem_shipdate","Startup Cost": 0.00,"Total Cost": 1990.80,"Plan Rows": 78237,"Plan Width": 0,"Actual Startup Time": 15.976,"Actual Total Time": 15.979,"Actual Rows": 76860,"Actual Loops": 1,"Index Cond": "((l_shipdate >= '1993-01-01'::date) AND (l_shipdate < '1993-02-01 00:00:00'::timestamp without time zone))","Workers": []}]},{"Node Type": "Hash","Parent Relationship": "Inner","Parallel Aware": true,"Async Capable": false,"Startup Cost": 4930.33,"Total Cost": 4930.33,"Plan Rows": 83333,"Plan Width": 25,"Actual Startup Time": 36.495,"Actual Total Time": 36.499,"Actual Rows": 40000,"Actual Loops": 5,"Hash Buckets": 262144,"Original Hash Buckets": 262144,"Hash Batches": 1,"Original Hash Batches": 1,"Peak Memory Usage": 14176,"Workers": [],"Plans": [{"Node Type": "Seq Scan","Parent Relationship": "Outer","Parallel Aware": true,"Async Capable": false,"Relation Name": "part","Alias": "part","Startup Cost": 0.00,"Total Cost": 4930.33,"Plan Rows": 83333,"Plan Width": 25,"Actual Startup Time": 0.035,"Actual Total Time": 16.126,"Actual Rows": 40000,"Actual Loops": 5,"Workers": []}]}]}]}]}]},"Planning Time": 3.845,"Triggers": [],"Execution Time": 210.384}]
[{"Plan": {"Node Type": "Aggregate","Strategy": "Plain","Partial Mode": "Finalize","Parallel Aware": false,"Async Capable": false,"Startup Cost": 116629.22,"Total Cost": 116629.23,"Plan Rows": 1,"Plan Width": 32,"Actual Startup Time": 211.951,"Actual Total Time": 230.155,"Actual Rows": 1,"Actual Loops": 1,"Plans": [{"Node Type": "Gather","Parent Relationship": "Outer","Parallel Aware": false,"Async Capable": false,"Startup Cost": 116628.76,"Total Cost": 116629.17,"Plan Rows": 4,"Plan Width": 64,"Actual Startup Time": 210.527,"Actual Total Time": 230.112,"Actual Rows": 5,"Actual Loops": 1,"Workers Planned": 4,"Workers Launched": 4,"Single Copy": false,"Plans": [{"Node Type": "Aggregate","Strategy": "Plain","Partial Mode": "Partial","Parent Relationship": "Outer","Parallel Aware": false,"Async Capable": false,"Startup Cost": 115628.76,"Total Cost": 115628.77,"Plan Rows": 1,"Plan Width": 64,"Actual Startup Time": 201.998,"Actual Total Time": 202.008,"Actual Rows": 1,"Actual Loops": 5,"Workers": [],"Plans": [{"Node Type": "Hash Join","Parent Relationship": "Outer","Parallel Aware": true,"Async Capable": false,"Join Type": "Inner","Startup Cost": 7975.06,"Total Cost": 115287.88,"Plan Rows": 19479,"Plan Width": 33,"Actual Startup Time": 66.909,"Actual Total Time": 195.709,"Actual Rows": 15375,"Actual Loops": 5,"Inner Unique": true,"Hash Cond": "(lineitem.l_partkey = part.p_partkey)","Workers": [],"Plans": [{"Node Type": "Bitmap Heap Scan","Parent Relationship": "Outer","Parallel Aware": true,"Async Capable": false,"Relation Name": "lineitem","Alias": "lineitem","Startup Cost": 2003.06,"Total Cost": 109264.75,"Plan Rows": 19479,"Plan Width": 16,"Actual Startup Time": 28.964,"Actual Total Time": 127.382,"Actual Rows": 15375,"Actual Loops": 5,"Recheck Cond": "((l_shipdate >= '1994-12-01'::date) AND (l_shipdate < '1995-01-01 00:00:00'::timestamp without time zone))","Rows Removed by Index Recheck": 0,"Exact Heap Blocks": 7845,"Lossy Heap Blocks": 0,"Workers": [],"Plans": [{"Node Type": "Bitmap Index Scan","Parent Relationship": "Outer","Parallel Aware": false,"Async Capable": false,"Index Name": "idx_lineitem_shipdate","Startup Cost": 0.00,"Total Cost": 1983.58,"Plan Rows": 77915,"Plan Width": 0,"Actual Startup Time": 22.476,"Actual Total Time": 22.478,"Actual Rows": 76873,"Actual Loops": 1,"Index Cond": "((l_shipdate >= '1994-12-01'::date) AND (l_shipdate < '1995-01-01 00:00:00'::timestamp without time zone))","Workers": []}]},{"Node Type": "Hash","Parent Relationship": "Inner","Parallel Aware": true,"Async Capable": false,"Startup Cost": 4930.33,"Total Cost": 4930.33,"Plan Rows": 83333,"Plan Width": 25,"Actual Startup Time": 37.213,"Actual Total Time": 37.217,"Actual Rows": 40000,"Actual Loops": 5,"Hash Buckets": 262144,"Original Hash Buckets": 262144,"Hash Batches": 1,"Original Hash Batches": 1,"Peak Memory Usage": 14176,"Workers": [],"Plans": [{"Node Type": "Seq Scan","Parent Relationship": "Outer","Parallel Aware": true,"Async Capable": false,"Relation Name": "part","Alias": "part","Startup Cost": 0.00,"Total Cost": 4930.33,"Plan Rows": 83333,"Plan Width": 25,"Actual Startup Time": 0.032,"Actual Total Time": 16.535,"Actual Rows": 40000,"Actual Loops": 5,"Workers": []}]}]}]}]}]},"Planning Time": 5.450,"Triggers": [],"Execution Time": 230.533}]
[{"Plan": {"Node Type": "Aggregate","Strategy": "Plain","Partial Mode": "Finalize","Parallel Aware": false,"Async Capable": false,"Startup Cost": 115616.62,"Total Cost": 115616.64,"Plan Rows": 1,"Plan Width": 32,"Actual Startup Time": 197.019,"Actual Total Time": 214.591,"Actual Rows": 1,"Actual Loops": 1,"Plans": [{"Node Type": "Gather","Parent Relationship": "Outer","Parallel Aware": false,"Async Capable": false,"Startup Cost": 115616.17,"Total Cost": 115616.58,"Plan Rows": 4,"Plan Width": 64,"Actual Startup Time": 195.631,"Actual Total Time": 214.533,"Actual Rows": 5,"Actual Loops": 1,"Workers Planned": 4,"Workers Launched": 4,"Single Copy": false,"Plans": [{"Node Type": "Aggregate","Strategy": "Plain","Partial Mode": "Partial","Parent Relationship": "Outer","Parallel Aware": false,"Async Capable": false,"Startup Cost": 114616.17,"Total Cost": 114616.18,"Plan Rows": 1,"Plan Width": 64,"Actual Startup Time": 187.977,"Actual Total Time": 187.991,"Actual Rows": 1,"Actual Loops": 5,"Workers": [],"Plans": [{"Node Type": "Hash Join","Parent Relationship": "Outer","Parallel Aware": true,"Async Capable": false,"Join Type": "Inner","Startup Cost": 7921.09,"Total Cost": 114284.66,"Plan Rows": 18943,"Plan Width": 33,"Actual Startup Time": 65.447,"Actual Total Time": 182.041,"Actual Rows": 15051,"Actual Loops": 5,"Inner Unique": true,"Hash Cond": "(lineitem.l_partkey = part.p_partkey)","Workers": [],"Plans": [{"Node Type": "Bitmap Heap Scan","Parent Relationship": "Outer","Parallel Aware": true,"Async Capable": false,"Relation Name": "lineitem","Alias": "lineitem","Startup Cost": 1949.10,"Total Cost": 108262.94,"Plan Rows": 18943,"Plan Width": 16,"Actual Startup Time": 24.968,"Actual Total Time": 111.302,"Actual Rows": 15051,"Actual Loops": 5,"Recheck Cond": "((l_shipdate >= '1996-09-01'::date) AND (l_shipdate < '1996-10-01 00:00:00'::timestamp without time zone))","Rows Removed by Index Recheck": 0,"Exact Heap Blocks": 8176,"Lossy Heap Blocks": 0,"Workers": [],"Plans": [{"Node Type": "Bitmap Index Scan","Parent Relationship": "Outer","Parallel Aware": false,"Async Capable": false,"Index Name": "idx_lineitem_shipdate","Startup Cost": 0.00,"Total Cost": 1930.15,"Plan Rows": 75772,"Plan Width": 0,"Actual Startup Time": 18.728,"Actual Total Time": 18.731,"Actual Rows": 75254,"Actual Loops": 1,"Index Cond": "((l_shipdate >= '1996-09-01'::date) AND (l_shipdate < '1996-10-01 00:00:00'::timestamp without time zone))","Workers": []}]},{"Node Type": "Hash","Parent Relationship": "Inner","Parallel Aware": true,"Async Capable": false,"Startup Cost": 4930.33,"Total Cost": 4930.33,"Plan Rows": 83333,"Plan Width": 25,"Actual Startup Time": 39.815,"Actual Total Time": 39.820,"Actual Rows": 40000,"Actual Loops": 5,"Hash Buckets": 262144,"Original Hash Buckets": 262144,"Hash Batches": 1,"Original Hash Batches": 1,"Peak Memory Usage": 14208,"Workers": [],"Plans": [{"Node Type": "Seq Scan","Parent Relationship": "Outer","Parallel Aware": true,"Async Capable": false,"Relation Name": "part","Alias": "part","Startup Cost": 0.00,"Total Cost": 4930.33,"Plan Rows": 83333,"Plan Width": 25,"Actual Startup Time": 0.039,"Actual Total Time": 17.197,"Actual Rows": 40000,"Actual Loops": 5,"Workers": []}]}]}]}]}]},"Planning Time": 4.073,"Triggers": [],"Execution Time": 214.842}]
[{"Plan": {"Node Type": "Aggregate","Strategy": "Plain","Partial Mode": "Finalize","Parallel Aware": false,"Async Capable": false,"Startup Cost": 115338.69,"Total Cost": 115338.71,"Plan Rows": 1,"Plan Width": 32,"Actual Startup Time": 199.829,"Actual Total Time": 219.842,"Actual Rows": 1,"Actual Loops": 1,"Plans": [{"Node Type": "Gather","Parent Relationship": "Outer","Parallel Aware": false,"Async Capable": false,"Startup Cost": 115338.24,"Total Cost": 115338.65,"Plan Rows": 4,"Plan Width": 64,"Actual Startup Time": 198.858,"Actual Total Time": 219.794,"Actual Rows": 5,"Actual Loops": 1,"Workers Planned": 4,"Workers Launched": 4,"Single Copy": false,"Plans": [{"Node Type": "Aggregate","Strategy": "Plain","Partial Mode": "Partial","Parent Relationship": "Outer","Parallel Aware": false,"Async Capable": false,"Startup Cost": 114338.24,"Total Cost": 114338.25,"Plan Rows": 1,"Plan Width": 64,"Actual Startup Time": 190.294,"Actual Total Time": 190.307,"Actual Rows": 1,"Actual Loops": 5,"Workers": [],"Plans": [{"Node Type": "Hash Join","Parent Relationship": "Outer","Parallel Aware": true,"Async Capable": false,"Join Type": "Inner","Startup Cost": 7903.33,"Total Cost": 114009.20,"Plan Rows": 18802,"Plan Width": 33,"Actual Startup Time": 61.506,"Actual Total Time": 183.262,"Actual Rows": 15403,"Actual Loops": 5,"Inner Unique": true,"Hash Cond": "(lineitem.l_partkey = part.p_partkey)","Workers": [],"Plans": [{"Node Type": "Bitmap Heap Scan","Parent Relationship": "Outer","Parallel Aware": true,"Async Capable": false,"Relation Name": "lineitem","Alias": "lineitem","Startup Cost": 1931.34,"Total Cost": 107987.84,"Plan Rows": 18803,"Plan Width": 16,"Actual Startup Time": 22.372,"Actual Total Time": 111.171,"Actual Rows": 15403,"Actual Loops": 5,"Recheck Cond": "((l_shipdate >= '1997-10-01'::date) AND (l_shipdate < '1997-11-01 00:00:00'::timestamp without time zone))","Rows Removed by Index Recheck": 0,"Exact Heap Blocks": 6871,"Lossy Heap Blocks": 0,"Workers": [],"Plans": [{"Node Type": "Bitmap Index Scan","Parent Relationship": "Outer","Parallel Aware": false,"Async Capable": false,"Index Name": "idx_lineitem_shipdate","Startup Cost": 0.00,"Total Cost": 1912.53,"Plan Rows": 75210,"Plan Width": 0,"Actual Startup Time": 16.032,"Actual Total Time": 16.036,"Actual Rows": 77013,"Actual Loops": 1,"Index Cond": "((l_shipdate >= '1997-10-01'::date) AND (l_shipdate < '1997-11-01 00:00:00'::timestamp without time zone))","Workers": []}]},{"Node Type": "Hash","Parent Relationship": "Inner","Parallel Aware": true,"Async Capable": false,"Startup Cost": 4930.33,"Total Cost": 4930.33,"Plan Rows": 83333,"Plan Width": 25,"Actual Startup Time": 38.387,"Actual Total Time": 38.393,"Actual Rows": 40000,"Actual Loops": 5,"Hash Buckets": 262144,"Original Hash Buckets": 262144,"Hash Batches": 1,"Original Hash Batches": 1,"Peak Memory Usage": 14208,"Workers": [],"Plans": [{"Node Type": "Seq Scan","Parent Relationship": "Outer","Parallel Aware": true,"Async Capable": false,"Relation Name": "part","Alias": "part","Startup Cost": 0.00,"Total Cost": 4930.33,"Plan Rows": 83333,"Plan Width": 25,"Actual Startup Time": 0.031,"Actual Total Time": 17.971,"Actual Rows": 40000,"Actual Loops": 5,"Workers": []}]}]}]}]}]},"Planning Time": 3.861,"Triggers": [],"Execution Time": 220.121}]
[{"Plan": {"Node Type": "Aggregate","Strategy": "Plain","Partial Mode": "Finalize","Parallel Aware": false,"Async Capable": false,"Startup Cost": 113859.14,"Total Cost": 113859.15,"Plan Rows": 1,"Plan Width": 32,"Actual Startup Time": 183.004,"Actual Total Time": 200.909,"Actual Rows": 1,"Actual Loops": 1,"Plans": [{"Node Type": "Gather","Parent Relationship": "Outer","Parallel Aware": false,"Async Capable": false,"Startup Cost": 113858.68,"Total Cost": 113859.09,"Plan Rows": 4,"Plan Width": 64,"Actual Startup Time": 181.448,"Actual Total Time": 200.864,"Actual Rows": 5,"Actual Loops": 1,"Workers Planned": 4,"Workers Launched": 4,"Single Copy": false,"Plans": [{"Node Type": "Aggregate","Strategy": "Plain","Partial Mode": "Partial","Parent Relationship": "Outer","Parallel Aware": false,"Async Capable": false,"Startup Cost": 112858.68,"Total Cost": 112858.69,"Plan Rows": 1,"Plan Width": 64,"Actual Startup Time": 173.739,"Actual Total Time": 173.753,"Actual Rows": 1,"Actual Loops": 5,"Workers": [],"Plans": [{"Node Type": "Hash Join","Parent Relationship": "Outer","Parallel Aware": true,"Async Capable": false,"Join Type": "Inner","Startup Cost": 7829.57,"Total Cost": 112542.33,"Plan Rows": 18077,"Plan Width": 33,"Actual Startup Time": 58.239,"Actual Total Time": 167.706,"Actual Rows": 15488,"Actual Loops": 5,"Inner Unique": true,"Hash Cond": "(lineitem.l_partkey = part.p_partkey)","Workers": [],"Plans": [{"Node Type": "Bitmap Heap Scan","Parent Relationship": "Outer","Parallel Aware": true,"Async Capable": false,"Relation Name": "lineitem","Alias": "lineitem","Startup Cost": 1857.58,"Total Cost": 106522.88,"Plan Rows": 18077,"Plan Width": 16,"Actual Startup Time": 22.396,"Actual Total Time": 105.318,"Actual Rows": 15488,"Actual Loops": 5,"Recheck Cond": "((l_shipdate >= '1997-05-01'::date) AND (l_shipdate < '1997-06-01 00:00:00'::timestamp without time zone))","Rows Removed by Index Recheck": 0,"Exact Heap Blocks": 7623,"Lossy Heap Blocks": 0,"Workers": [],"Plans": [{"Node Type": "Bitmap Index Scan","Parent Relationship": "Outer","Parallel Aware": false,"Async Capable": false,"Index Name": "idx_lineitem_shipdate","Startup Cost": 0.00,"Total Cost": 1839.50,"Plan Rows": 72307,"Plan Width": 0,"Actual Startup Time": 16.147,"Actual Total Time": 16.149,"Actual Rows": 77438,"Actual Loops": 1,"Index Cond": "((l_shipdate >= '1997-05-01'::date) AND (l_shipdate < '1997-06-01 00:00:00'::timestamp without time zone))","Workers": []}]},{"Node Type": "Hash","Parent Relationship": "Inner","Parallel Aware": true,"Async Capable": false,"Startup Cost": 4930.33,"Total Cost": 4930.33,"Plan Rows": 83333,"Plan Width": 25,"Actual Startup Time": 35.023,"Actual Total Time": 35.029,"Actual Rows": 40000,"Actual Loops": 5,"Hash Buckets": 262144,"Original Hash Buckets": 262144,"Hash Batches": 1,"Original Hash Batches": 1,"Peak Memory Usage": 14240,"Workers": [],"Plans": [{"Node Type": "Seq Scan","Parent Relationship": "Outer","Parallel Aware": true,"Async Capable": false,"Relation Name": "part","Alias": "part","Startup Cost": 0.00,"Total Cost": 4930.33,"Plan Rows": 83333,"Plan Width": 25,"Actual Startup Time": 0.034,"Actual Total Time": 15.067,"Actual Rows": 40000,"Actual Loops": 5,"Workers": []}]}]}]}]}]},"Planning Time": 4.177,"Triggers": [],"Execution Time": 201.222}]
[{"Plan": {"Node Type": "Aggregate","Strategy": "Plain","Partial Mode": "Finalize","Parallel Aware": false,"Async Capable": false,"Startup Cost": 113379.80,"Total Cost": 113379.81,"Plan Rows": 1,"Plan Width": 32,"Actual Startup Time": 193.373,"Actual Total Time": 211.111,"Actual Rows": 1,"Actual Loops": 1,"Plans": [{"Node Type": "Gather","Parent Relationship": "Outer","Parallel Aware": false,"Async Capable": false,"Startup Cost": 113379.34,"Total Cost": 113379.75,"Plan Rows": 4,"Plan Width": 64,"Actual Startup Time": 191.833,"Actual Total Time": 211.065,"Actual Rows": 5,"Actual Loops": 1,"Workers Planned": 4,"Workers Launched": 4,"Single Copy": false,"Plans": [{"Node Type": "Aggregate","Strategy": "Plain","Partial Mode": "Partial","Parent Relationship": "Outer","Parallel Aware": false,"Async Capable": false,"Startup Cost": 112379.34,"Total Cost": 112379.35,"Plan Rows": 1,"Plan Width": 64,"Actual Startup Time": 183.778,"Actual Total Time": 183.793,"Actual Rows": 1,"Actual Loops": 5,"Workers": [],"Plans": [{"Node Type": "Hash Join","Parent Relationship": "Outer","Parallel Aware": true,"Async Capable": false,"Join Type": "Inner","Startup Cost": 7808.32,"Total Cost": 112066.95,"Plan Rows": 17851,"Plan Width": 33,"Actual Startup Time": 58.482,"Actual Total Time": 177.651,"Actual Rows": 15348,"Actual Loops": 5,"Inner Unique": true,"Hash Cond": "(lineitem.l_partkey = part.p_partkey)","Workers": [],"Plans": [{"Node Type": "Bitmap Heap Scan","Parent Relationship": "Outer","Parallel Aware": true,"Async Capable": false,"Relation Name": "lineitem","Alias": "lineitem","Startup Cost": 1836.32,"Total Cost": 106048.09,"Plan Rows": 17851,"Plan Width": 16,"Actual Startup Time": 22.236,"Actual Total Time": 110.217,"Actual Rows": 15348,"Actual Loops": 5,"Recheck Cond": "((l_shipdate >= '1994-01-01'::date) AND (l_shipdate < '1994-02-01 00:00:00'::timestamp without time zone))","Rows Removed by Index Recheck": 0,"Exact Heap Blocks": 7536,"Lossy Heap Blocks": 0,"Workers": [],"Plans": [{"Node Type": "Bitmap Index Scan","Parent Relationship": "Outer","Parallel Aware": false,"Async Capable": false,"Index Name": "idx_lineitem_shipdate","Startup Cost": 0.00,"Total Cost": 1818.47,"Plan Rows": 71404,"Plan Width": 0,"Actual Startup Time": 15.976,"Actual Total Time": 15.979,"Actual Rows": 76742,"Actual Loops": 1,"Index Cond": "((l_shipdate >= '1994-01-01'::date) AND (l_shipdate < '1994-02-01 00:00:00'::timestamp without time zone))","Workers": []}]},{"Node Type": "Hash","Parent Relationship": "Inner","Parallel Aware": true,"Async Capable": false,"Startup Cost": 4930.33,"Total Cost": 4930.33,"Plan Rows": 83333,"Plan Width": 25,"Actual Startup Time": 35.452,"Actual Total Time": 35.457,"Actual Rows": 40000,"Actual Loops": 5,"Hash Buckets": 262144,"Original Hash Buckets": 262144,"Hash Batches": 1,"Original Hash Batches": 1,"Peak Memory Usage": 14176,"Workers": [],"Plans": [{"Node Type": "Seq Scan","Parent Relationship": "Outer","Parallel Aware": true,"Async Capable": false,"Relation Name": "part","Alias": "part","Startup Cost": 0.00,"Total Cost": 4930.33,"Plan Rows": 83333,"Plan Width": 25,"Actual Startup Time": 0.041,"Actual Total Time": 16.679,"Actual Rows": 40000,"Actual Loops": 5,"Workers": []}]}]}]}]}]},"Planning Time": 5.183,"Triggers": [],"Execution Time": 211.412}]
[{"Plan": {"Node Type": "Aggregate","Strategy": "Plain","Partial Mode": "Finalize","Parallel Aware": false,"Async Capable": false,"Startup Cost": 115034.55,"Total Cost": 115034.56,"Plan Rows": 1,"Plan Width": 32,"Actual Startup Time": 211.171,"Actual Total Time": 229.828,"Actual Rows": 1,"Actual Loops": 1,"Plans": [{"Node Type": "Gather","Parent Relationship": "Outer","Parallel Aware": false,"Async Capable": false,"Startup Cost": 115034.09,"Total Cost": 115034.50,"Plan Rows": 4,"Plan Width": 64,"Actual Startup Time": 209.630,"Actual Total Time": 229.791,"Actual Rows": 5,"Actual Loops": 1,"Workers Planned": 4,"Workers Launched": 4,"Single Copy": false,"Plans": [{"Node Type": "Aggregate","Strategy": "Plain","Partial Mode": "Partial","Parent Relationship": "Outer","Parallel Aware": false,"Async Capable": false,"Startup Cost": 114034.09,"Total Cost": 114034.10,"Plan Rows": 1,"Plan Width": 64,"Actual Startup Time": 202.318,"Actual Total Time": 202.325,"Actual Rows": 1,"Actual Loops": 5,"Workers": [],"Plans": [{"Node Type": "Hash Join","Parent Relationship": "Outer","Parallel Aware": true,"Async Capable": false,"Join Type": "Inner","Startup Cost": 7889.01,"Total Cost": 113707.75,"Plan Rows": 18648,"Plan Width": 33,"Actual Startup Time": 73.099,"Actual Total Time": 196.221,"Actual Rows": 15467,"Actual Loops": 5,"Inner Unique": true,"Hash Cond": "(lineitem.l_partkey = part.p_partkey)","Workers": [],"Plans": [{"Node Type": "Bitmap Heap Scan","Parent Relationship": "Outer","Parallel Aware": true,"Async Capable": false,"Relation Name": "lineitem","Alias": "lineitem","Startup Cost": 1917.01,"Total Cost": 107686.80,"Plan Rows": 18648,"Plan Width": 16,"Actual Startup Time": 32.721,"Actual Total Time": 124.933,"Actual Rows": 15467,"Actual Loops": 5,"Recheck Cond": "((l_shipdate >= '1996-08-01'::date) AND (l_shipdate < '1996-09-01 00:00:00'::timestamp without time zone))","Rows Removed by Index Recheck": 0,"Exact Heap Blocks": 8255,"Lossy Heap Blocks": 0,"Workers": [],"Plans": [{"Node Type": "Bitmap Index Scan","Parent Relationship": "Outer","Parallel Aware": false,"Async Capable": false,"Index Name": "idx_lineitem_shipdate","Startup Cost": 0.00,"Total Cost": 1898.36,"Plan Rows": 74593,"Plan Width": 0,"Actual Startup Time": 26.077,"Actual Total Time": 26.080,"Actual Rows": 77336,"Actual Loops": 1,"Index Cond": "((l_shipdate >= '1996-08-01'::date) AND (l_shipdate < '1996-09-01 00:00:00'::timestamp without time zone))","Workers": []}]},{"Node Type": "Hash","Parent Relationship": "Inner","Parallel Aware": true,"Async Capable": false,"Startup Cost": 4930.33,"Total Cost": 4930.33,"Plan Rows": 83333,"Plan Width": 25,"Actual Startup Time": 39.626,"Actual Total Time": 39.628,"Actual Rows": 40000,"Actual Loops": 5,"Hash Buckets": 262144,"Original Hash Buckets": 262144,"Hash Batches": 1,"Original Hash Batches": 1,"Peak Memory Usage": 14240,"Workers": [],"Plans": [{"Node Type": "Seq Scan","Parent Relationship": "Outer","Parallel Aware": true,"Async Capable": false,"Relation Name": "part","Alias": "part","Startup Cost": 0.00,"Total Cost": 4930.33,"Plan Rows": 83333,"Plan Width": 25,"Actual Startup Time": 0.029,"Actual Total Time": 17.199,"Actual Rows": 40000,"Actual Loops": 5,"Workers": []}]}]}]}]}]},"Planning Time": 4.716,"Triggers": [],"Execution Time": 230.134}]
[{"Plan": {"Node Type": "Aggregate","Strategy": "Plain","Partial Mode": "Finalize","Parallel Aware": false,"Async Capable": false,"Startup Cost": 116279.97,"Total Cost": 116279.99,"Plan Rows": 1,"Plan Width": 32,"Actual Startup Time": 194.269,"Actual Total Time": 212.337,"Actual Rows": 1,"Actual Loops": 1,"Plans": [{"Node Type": "Gather","Parent Relationship": "Outer","Parallel Aware": false,"Async Capable": false,"Startup Cost": 116279.52,"Total Cost": 116279.93,"Plan Rows": 4,"Plan Width": 64,"Actual Startup Time": 192.534,"Actual Total Time": 212.291,"Actual Rows": 5,"Actual Loops": 1,"Workers Planned": 4,"Workers Launched": 4,"Single Copy": false,"Plans": [{"Node Type": "Aggregate","Strategy": "Plain","Partial Mode": "Partial","Parent Relationship": "Outer","Parallel Aware": false,"Async Capable": false,"Startup Cost": 115279.52,"Total Cost": 115279.53,"Plan Rows": 1,"Plan Width": 64,"Actual Startup Time": 184.639,"Actual Total Time": 184.649,"Actual Rows": 1,"Actual Loops": 5,"Workers": [],"Plans": [{"Node Type": "Hash Join","Parent Relationship": "Outer","Parallel Aware": true,"Async Capable": false,"Join Type": "Inner","Startup Cost": 7955.37,"Total Cost": 114941.92,"Plan Rows": 19291,"Plan Width": 33,"Actual Startup Time": 62.932,"Actual Total Time": 178.412,"Actual Rows": 15344,"Actual Loops": 5,"Inner Unique": true,"Hash Cond": "(lineitem.l_partkey = part.p_partkey)","Workers": [],"Plans": [{"Node Type": "Bitmap Heap Scan","Parent Relationship": "Outer","Parallel Aware": true,"Async Capable": false,"Relation Name": "lineitem","Alias": "lineitem","Startup Cost": 1983.37,"Total Cost": 108919.29,"Plan Rows": 19291,"Plan Width": 16,"Actual Startup Time": 23.473,"Actual Total Time": 106.485,"Actual Rows": 15344,"Actual Loops": 5,"Recheck Cond": "((l_shipdate >= '1994-10-01'::date) AND (l_shipdate < '1994-11-01 00:00:00'::timestamp without time zone))","Rows Removed by Index Recheck": 0,"Exact Heap Blocks": 7724,"Lossy Heap Blocks": 0,"Workers": [],"Plans": [{"Node Type": "Bitmap Index Scan","Parent Relationship": "Outer","Parallel Aware": false,"Async Capable": false,"Index Name": "idx_lineitem_shipdate","Startup Cost": 0.00,"Total Cost": 1964.08,"Plan Rows": 77165,"Plan Width": 0,"Actual Startup Time": 16.986,"Actual Total Time": 16.988,"Actual Rows": 76718,"Actual Loops": 1,"Index Cond": "((l_shipdate >= '1994-10-01'::date) AND (l_shipdate < '1994-11-01 00:00:00'::timestamp without time zone))","Workers": []}]},{"Node Type": "Hash","Parent Relationship": "Inner","Parallel Aware": true,"Async Capable": false,"Startup Cost": 4930.33,"Total Cost": 4930.33,"Plan Rows": 83333,"Plan Width": 25,"Actual Startup Time": 38.523,"Actual Total Time": 38.526,"Actual Rows": 40000,"Actual Loops": 5,"Hash Buckets": 262144,"Original Hash Buckets": 262144,"Hash Batches": 1,"Original Hash Batches": 1,"Peak Memory Usage": 14208,"Workers": [],"Plans": [{"Node Type": "Seq Scan","Parent Relationship": "Outer","Parallel Aware": true,"Async Capable": false,"Relation Name": "part","Alias": "part","Startup Cost": 0.00,"Total Cost": 4930.33,"Plan Rows": 83333,"Plan Width": 25,"Actual Startup Time": 0.032,"Actual Total Time": 16.553,"Actual Rows": 40000,"Actual Loops": 5,"Workers": []}]}]}]}]}]},"Planning Time": 4.283,"Triggers": [],"Execution Time": 212.630}]
[{"Plan": {"Node Type": "Aggregate","Strategy": "Plain","Partial Mode": "Finalize","Parallel Aware": false,"Async Capable": false,"Startup Cost": 113868.95,"Total Cost": 113868.96,"Plan Rows": 1,"Plan Width": 32,"Actual Startup Time": 192.024,"Actual Total Time": 209.364,"Actual Rows": 1,"Actual Loops": 1,"Plans": [{"Node Type": "Gather","Parent Relationship": "Outer","Parallel Aware": false,"Async Capable": false,"Startup Cost": 113868.49,"Total Cost": 113868.90,"Plan Rows": 4,"Plan Width": 64,"Actual Startup Time": 190.470,"Actual Total Time": 209.317,"Actual Rows": 5,"Actual Loops": 1,"Workers Planned": 4,"Workers Launched": 4,"Single Copy": false,"Plans": [{"Node Type": "Aggregate","Strategy": "Plain","Partial Mode": "Partial","Parent Relationship": "Outer","Parallel Aware": false,"Async Capable": false,"Startup Cost": 112868.49,"Total Cost": 112868.50,"Plan Rows": 1,"Plan Width": 64,"Actual Startup Time": 182.800,"Actual Total Time": 182.811,"Actual Rows": 1,"Actual Loops": 5,"Workers": [],"Plans": [{"Node Type": "Hash Join","Parent Relationship": "Outer","Parallel Aware": true,"Async Capable": false,"Join Type": "Inner","Startup Cost": 7829.76,"Total Cost": 112552.07,"Plan Rows": 18081,"Plan Width": 33,"Actual Startup Time": 58.101,"Actual Total Time": 176.684,"Actual Rows": 14907,"Actual Loops": 5,"Inner Unique": true,"Hash Cond": "(lineitem.l_partkey = part.p_partkey)","Workers": [],"Plans": [{"Node Type": "Bitmap Heap Scan","Parent Relationship": "Outer","Parallel Aware": true,"Async Capable": false,"Relation Name": "lineitem","Alias": "lineitem","Startup Cost": 1857.76,"Total Cost": 106532.61,"Plan Rows": 18081,"Plan Width": 16,"Actual Startup Time": 21.453,"Actual Total Time": 110.287,"Actual Rows": 14907,"Actual Loops": 5,"Recheck Cond": "((l_shipdate >= '1997-04-01'::date) AND (l_shipdate < '1997-05-01 00:00:00'::timestamp without time zone))","Rows Removed by Index Recheck": 0,"Exact Heap Blocks": 7370,"Lossy Heap Blocks": 0,"Workers": [],"Plans": [{"Node Type": "Bitmap Index Scan","Parent Relationship": "Outer","Parallel Aware": false,"Async Capable": false,"Index Name": "idx_lineitem_shipdate","Startup Cost": 0.00,"Total Cost": 1839.68,"Plan Rows": 72325,"Plan Width": 0,"Actual Startup Time": 15.340,"Actual Total Time": 15.341,"Actual Rows": 74537,"Actual Loops": 1,"Index Cond": "((l_shipdate >= '1997-04-01'::date) AND (l_shipdate < '1997-05-01 00:00:00'::timestamp without time zone))","Workers": []}]},{"Node Type": "Hash","Parent Relationship": "Inner","Parallel Aware": true,"Async Capable": false,"Startup Cost": 4930.33,"Total Cost": 4930.33,"Plan Rows": 83333,"Plan Width": 25,"Actual Startup Time": 35.881,"Actual Total Time": 35.885,"Actual Rows": 40000,"Actual Loops": 5,"Hash Buckets": 262144,"Original Hash Buckets": 262144,"Hash Batches": 1,"Original Hash Batches": 1,"Peak Memory Usage": 14176,"Workers": [],"Plans": [{"Node Type": "Seq Scan","Parent Relationship": "Outer","Parallel Aware": true,"Async Capable": false,"Relation Name": "part","Alias": "part","Startup Cost": 0.00,"Total Cost": 4930.33,"Plan Rows": 83333,"Plan Width": 25,"Actual Startup Time": 0.029,"Actual Total Time": 16.944,"Actual Rows": 40000,"Actual Loops": 5,"Workers": []}]}]}]}]}]},"Planning Time": 5.167,"Triggers": [],"Execution Time": 209.657}]
[{"Plan": {"Node Type": "Aggregate","Strategy": "Plain","Partial Mode": "Finalize","Parallel Aware": false,"Async Capable": false,"Startup Cost": 114712.32,"Total Cost": 114712.34,"Plan Rows": 1,"Plan Width": 32,"Actual Startup Time": 199.208,"Actual Total Time": 216.961,"Actual Rows": 1,"Actual Loops": 1,"Plans": [{"Node Type": "Gather","Parent Relationship": "Outer","Parallel Aware": false,"Async Capable": false,"Startup Cost": 114711.87,"Total Cost": 114712.28,"Plan Rows": 4,"Plan Width": 64,"Actual Startup Time": 197.776,"Actual Total Time": 216.922,"Actual Rows": 5,"Actual Loops": 1,"Workers Planned": 4,"Workers Launched": 4,"Single Copy": false,"Plans": [{"Node Type": "Aggregate","Strategy": "Plain","Partial Mode": "Partial","Parent Relationship": "Outer","Parallel Aware": false,"Async Capable": false,"Startup Cost": 113711.87,"Total Cost": 113711.88,"Plan Rows": 1,"Plan Width": 64,"Actual Startup Time": 190.002,"Actual Total Time": 190.013,"Actual Rows": 1,"Actual Loops": 5,"Workers": [],"Plans": [{"Node Type": "Hash Join","Parent Relationship": "Outer","Parallel Aware": true,"Async Capable": false,"Join Type": "Inner","Startup Cost": 7874.42,"Total Cost": 113388.32,"Plan Rows": 18488,"Plan Width": 33,"Actual Startup Time": 63.566,"Actual Total Time": 183.679,"Actual Rows": 15197,"Actual Loops": 5,"Inner Unique": true,"Hash Cond": "(lineitem.l_partkey = part.p_partkey)","Workers": [],"Plans": [{"Node Type": "Bitmap Heap Scan","Parent Relationship": "Outer","Parallel Aware": true,"Async Capable": false,"Relation Name": "lineitem","Alias": "lineitem","Startup Cost": 1902.42,"Total Cost": 107367.80,"Plan Rows": 18487,"Plan Width": 16,"Actual Startup Time": 27.839,"Actual Total Time": 117.676,"Actual Rows": 15197,"Actual Loops": 5,"Recheck Cond": "((l_shipdate >= '1995-09-01'::date) AND (l_shipdate < '1995-10-01 00:00:00'::timestamp without time zone))","Rows Removed by Index Recheck": 0,"Exact Heap Blocks": 7706,"Lossy Heap Blocks": 0,"Workers": [],"Plans": [{"Node Type": "Bitmap Index Scan","Parent Relationship": "Outer","Parallel Aware": false,"Async Capable": false,"Index Name": "idx_lineitem_shipdate","Startup Cost": 0.00,"Total Cost": 1883.93,"Plan Rows": 73950,"Plan Width": 0,"Actual Startup Time": 21.589,"Actual Total Time": 21.592,"Actual Rows": 75983,"Actual Loops": 1,"Index Cond": "((l_shipdate >= '1995-09-01'::date) AND (l_shipdate < '1995-10-01 00:00:00'::timestamp without time zone))","Workers": []}]},{"Node Type": "Hash","Parent Relationship": "Inner","Parallel Aware": true,"Async Capable": false,"Startup Cost": 4930.33,"Total Cost": 4930.33,"Plan Rows": 83333,"Plan Width": 25,"Actual Startup Time": 34.995,"Actual Total Time": 34.998,"Actual Rows": 40000,"Actual Loops": 5,"Hash Buckets": 262144,"Original Hash Buckets": 262144,"Hash Batches": 1,"Original Hash Batches": 1,"Peak Memory Usage": 14208,"Workers": [],"Plans": [{"Node Type": "Seq Scan","Parent Relationship": "Outer","Parallel Aware": true,"Async Capable": false,"Relation Name": "part","Alias": "part","Startup Cost": 0.00,"Total Cost": 4930.33,"Plan Rows": 83333,"Plan Width": 25,"Actual Startup Time": 0.036,"Actual Total Time": 16.143,"Actual Rows": 40000,"Actual Loops": 5,"Workers": []}]}]}]}]}]},"Planning Time": 3.092,"Triggers": [],"Execution Time": 217.243}]
[{"Plan": {"Node Type": "Aggregate","Strategy": "Plain","Partial Mode": "Finalize","Parallel Aware": false,"Async Capable": false,"Startup Cost": 118140.12,"Total Cost": 118140.13,"Plan Rows": 1,"Plan Width": 32,"Actual Startup Time": 185.903,"Actual Total Time": 202.979,"Actual Rows": 1,"Actual Loops": 1,"Plans": [{"Node Type": "Gather","Parent Relationship": "Outer","Parallel Aware": false,"Async Capable": false,"Startup Cost": 118139.66,"Total Cost": 118140.07,"Plan Rows": 4,"Plan Width": 64,"Actual Startup Time": 184.390,"Actual Total Time": 202.925,"Actual Rows": 5,"Actual Loops": 1,"Workers Planned": 4,"Workers Launched": 4,"Single Copy": false,"Plans": [{"Node Type": "Aggregate","Strategy": "Plain","Partial Mode": "Partial","Parent Relationship": "Outer","Parallel Aware": false,"Async Capable": false,"Startup Cost": 117139.66,"Total Cost": 117139.67,"Plan Rows": 1,"Plan Width": 64,"Actual Startup Time": 176.869,"Actual Total Time": 176.882,"Actual Rows": 1,"Actual Loops": 5,"Workers": [],"Plans": [{"Node Type": "Hash Join","Parent Relationship": "Outer","Parallel Aware": true,"Async Capable": false,"Join Type": "Inner","Startup Cost": 8062.13,"Total Cost": 116783.81,"Plan Rows": 20334,"Plan Width": 33,"Actual Startup Time": 60.553,"Actual Total Time": 171.029,"Actual Rows": 15084,"Actual Loops": 5,"Inner Unique": true,"Hash Cond": "(lineitem.l_partkey = part.p_partkey)","Workers": [],"Plans": [{"Node Type": "Bitmap Heap Scan","Parent Relationship": "Outer","Parallel Aware": true,"Async Capable": false,"Relation Name": "lineitem","Alias": "lineitem","Startup Cost": 2090.14,"Total Cost": 110758.44,"Plan Rows": 20334,"Plan Width": 16,"Actual Startup Time": 24.977,"Actual Total Time": 107.592,"Actual Rows": 15084,"Actual Loops": 5,"Recheck Cond": "((l_shipdate >= '1996-11-01'::date) AND (l_shipdate < '1996-12-01 00:00:00'::timestamp without time zone))","Rows Removed by Index Recheck": 0,"Exact Heap Blocks": 7792,"Lossy Heap Blocks": 0,"Workers": [],"Plans": [{"Node Type": "Bitmap Index Scan","Parent Relationship": "Outer","Parallel Aware": false,"Async Capable": false,"Index Name": "idx_lineitem_shipdate","Startup Cost": 0.00,"Total Cost": 2069.80,"Plan Rows": 81337,"Plan Width": 0,"Actual Startup Time": 18.606,"Actual Total Time": 18.607,"Actual Rows": 75419,"Actual Loops": 1,"Index Cond": "((l_shipdate >= '1996-11-01'::date) AND (l_shipdate < '1996-12-01 00:00:00'::timestamp without time zone))","Workers": []}]},{"Node Type": "Hash","Parent Relationship": "Inner","Parallel Aware": true,"Async Capable": false,"Startup Cost": 4930.33,"Total Cost": 4930.33,"Plan Rows": 83333,"Plan Width": 25,"Actual Startup Time": 34.770,"Actual Total Time": 34.774,"Actual Rows": 40000,"Actual Loops": 5,"Hash Buckets": 262144,"Original Hash Buckets": 262144,"Hash Batches": 1,"Original Hash Batches": 1,"Peak Memory Usage": 14240,"Workers": [],"Plans": [{"Node Type": "Seq Scan","Parent Relationship": "Outer","Parallel Aware": true,"Async Capable": false,"Relation Name": "part","Alias": "part","Startup Cost": 0.00,"Total Cost": 4930.33,"Plan Rows": 83333,"Plan Width": 25,"Actual Startup Time": 0.035,"Actual Total Time": 15.079,"Actual Rows": 40000,"Actual Loops": 5,"Workers": []}]}]}]}]}]},"Planning Time": 3.987,"Triggers": [],"Execution Time": 203.309}]
[{"Plan": {"Node Type": "Aggregate","Strategy": "Plain","Partial Mode": "Finalize","Parallel Aware": false,"Async Capable": false,"Startup Cost": 113833.15,"Total Cost": 113833.17,"Plan Rows": 1,"Plan Width": 32,"Actual Startup Time": 217.072,"Actual Total Time": 234.403,"Actual Rows": 1,"Actual Loops": 1,"Plans": [{"Node Type": "Gather","Parent Relationship": "Outer","Parallel Aware": false,"Async Capable": false,"Startup Cost": 113832.70,"Total Cost": 113833.11,"Plan Rows": 4,"Plan Width": 64,"Actual Startup Time": 215.182,"Actual Total Time": 234.357,"Actual Rows": 5,"Actual Loops": 1,"Workers Planned": 4,"Workers Launched": 4,"Single Copy": false,"Plans": [{"Node Type": "Aggregate","Strategy": "Plain","Partial Mode": "Partial","Parent Relationship": "Outer","Parallel Aware": false,"Async Capable": false,"Startup Cost": 112832.70,"Total Cost": 112832.71,"Plan Rows": 1,"Plan Width": 64,"Actual Startup Time": 207.633,"Actual Total Time": 207.644,"Actual Rows": 1,"Actual Loops": 5,"Workers": [],"Plans": [{"Node Type": "Hash Join","Parent Relationship": "Outer","Parallel Aware": true,"Async Capable": false,"Join Type": "Inner","Startup Cost": 7829.04,"Total Cost": 112516.57,"Plan Rows": 18064,"Plan Width": 33,"Actual Startup Time": 75.166,"Actual Total Time": 201.465,"Actual Rows": 14988,"Actual Loops": 5,"Inner Unique": true,"Hash Cond": "(lineitem.l_partkey = part.p_partkey)","Workers": [],"Plans": [{"Node Type": "Bitmap Heap Scan","Parent Relationship": "Outer","Parallel Aware": true,"Async Capable": false,"Relation Name": "lineitem","Alias": "lineitem","Startup Cost": 1857.05,"Total Cost": 106497.16,"Plan Rows": 18064,"Plan Width": 16,"Actual Startup Time": 33.693,"Actual Total Time": 130.254,"Actual Rows": 14988,"Actual Loops": 5,"Recheck Cond": "((l_shipdate >= '1993-09-01'::date) AND (l_shipdate < '1993-10-01 00:00:00'::timestamp without time zone))","Rows Removed by Index Recheck": 0,"Exact Heap Blocks": 8910,"Lossy Heap Blocks": 0,"Workers": [],"Plans": [{"Node Type": "Bitmap Index Scan","Parent Relationship": "Outer","Parallel Aware": false,"Async Capable": false,"Index Name": "idx_lineitem_shipdate","Startup Cost": 0.00,"Total Cost": 1838.98,"Plan Rows": 72255,"Plan Width": 0,"Actual Startup Time": 27.000,"Actual Total Time": 27.001,"Actual Rows": 74938,"Actual Loops": 1,"Index Cond": "((l_shipdate >= '1993-09-01'::date) AND (l_shipdate < '1993-10-01 00:00:00'::timestamp without time zone))","Workers": []}]},{"Node Type": "Hash","Parent Relationship": "Inner","Parallel Aware": true,"Async Capable": false,"Startup Cost": 4930.33,"Total Cost": 4930.33,"Plan Rows": 83333,"Plan Width": 25,"Actual Startup Time": 40.733,"Actual Total Time": 40.736,"Actual Rows": 40000,"Actual Loops": 5,"Hash Buckets": 262144,"Original Hash Buckets": 262144,"Hash Batches": 1,"Original Hash Batches": 1,"Peak Memory Usage": 14208,"Workers": [],"Plans": [{"Node Type": "Seq Scan","Parent Relationship": "Outer","Parallel Aware": true,"Async Capable": false,"Relation Name": "part","Alias": "part","Startup Cost": 0.00,"Total Cost": 4930.33,"Plan Rows": 83333,"Plan Width": 25,"Actual Startup Time": 0.041,"Actual Total Time": 18.555,"Actual Rows": 40000,"Actual Loops": 5,"Workers": []}]}]}]}]}]},"Planning Time": 4.126,"Triggers": [],"Execution Time": 234.679}]
[{"Plan": {"Node Type": "Aggregate","Strategy": "Plain","Partial Mode": "Finalize","Parallel Aware": false,"Async Capable": false,"Startup Cost": 115568.92,"Total Cost": 115568.93,"Plan Rows": 1,"Plan Width": 32,"Actual Startup Time": 198.211,"Actual Total Time": 214.313,"Actual Rows": 1,"Actual Loops": 1,"Plans": [{"Node Type": "Gather","Parent Relationship": "Outer","Parallel Aware": false,"Async Capable": false,"Startup Cost": 115568.46,"Total Cost": 115568.87,"Plan Rows": 4,"Plan Width": 64,"Actual Startup Time": 196.556,"Actual Total Time": 214.277,"Actual Rows": 5,"Actual Loops": 1,"Workers Planned": 4,"Workers Launched": 4,"Single Copy": false,"Plans": [{"Node Type": "Aggregate","Strategy": "Plain","Partial Mode": "Partial","Parent Relationship": "Outer","Parallel Aware": false,"Async Capable": false,"Startup Cost": 114568.46,"Total Cost": 114568.47,"Plan Rows": 1,"Plan Width": 64,"Actual Startup Time": 188.912,"Actual Total Time": 188.920,"Actual Rows": 1,"Actual Loops": 5,"Workers": [],"Plans": [{"Node Type": "Hash Join","Parent Relationship": "Outer","Parallel Aware": true,"Async Capable": false,"Join Type": "Inner","Startup Cost": 7916.14,"Total Cost": 114237.36,"Plan Rows": 18920,"Plan Width": 33,"Actual Startup Time": 68.543,"Actual Total Time": 183.128,"Actual Rows": 14828,"Actual Loops": 5,"Inner Unique": true,"Hash Cond": "(lineitem.l_partkey = part.p_partkey)","Workers": [],"Plans": [{"Node Type": "Bitmap Heap Scan","Parent Relationship": "Outer","Parallel Aware": true,"Async Capable": false,"Relation Name": "lineitem","Alias": "lineitem","Startup Cost": 1944.14,"Total Cost": 108215.70,"Plan Rows": 18920,"Plan Width": 16,"Actual Startup Time": 28.406,"Actual Total Time": 116.686,"Actual Rows": 14828,"Actual Loops": 5,"Recheck Cond": "((l_shipdate >= '1993-06-01'::date) AND (l_shipdate < '1993-07-01 00:00:00'::timestamp without time zone))","Rows Removed by Index Recheck": 0,"Exact Heap Blocks": 8209,"Lossy Heap Blocks": 0,"Workers": [],"Plans": [{"Node Type": "Bitmap Index Scan","Parent Relationship": "Outer","Parallel Aware": false,"Async Capable": false,"Index Name": "idx_lineitem_shipdate","Startup Cost": 0.00,"Total Cost": 1925.22,"Plan Rows": 75679,"Plan Width": 0,"Actual Startup Time": 21.967,"Actual Total Time": 21.969,"Actual Rows": 74139,"Actual Loops": 1,"Index Cond": "((l_shipdate >= '1993-06-01'::date) AND (l_shipdate < '1993-07-01 00:00:00'::timestamp without time zone))","Workers": []}]},{"Node Type": "Hash","Parent Relationship": "Inner","Parallel Aware": true,"Async Capable": false,"Startup Cost": 4930.33,"Total Cost": 4930.33,"Plan Rows": 83333,"Plan Width": 25,"Actual Startup Time": 39.291,"Actual Total Time": 39.293,"Actual Rows": 40000,"Actual Loops": 5,"Hash Buckets": 262144,"Original Hash Buckets": 262144,"Hash Batches": 1,"Original Hash Batches": 1,"Peak Memory Usage": 14240,"Workers": [],"Plans": [{"Node Type": "Seq Scan","Parent Relationship": "Outer","Parallel Aware": true,"Async Capable": false,"Relation Name": "part","Alias": "part","Startup Cost": 0.00,"Total Cost": 4930.33,"Plan Rows": 83333,"Plan Width": 25,"Actual Startup Time": 0.029,"Actual Total Time": 17.919,"Actual Rows": 40000,"Actual Loops": 5,"Workers": []}]}]}]}]}]},"Planning Time": 4.579,"Triggers": [],"Execution Time": 214.598}]
[{"Plan": {"Node Type": "Aggregate","Strategy": "Plain","Partial Mode": "Finalize","Parallel Aware": false,"Async Capable": false,"Startup Cost": 113218.94,"Total Cost": 113218.95,"Plan Rows": 1,"Plan Width": 32,"Actual Startup Time": 194.649,"Actual Total Time": 213.032,"Actual Rows": 1,"Actual Loops": 1,"Plans": [{"Node Type": "Gather","Parent Relationship": "Outer","Parallel Aware": false,"Async Capable": false,"Startup Cost": 113218.48,"Total Cost": 113218.89,"Plan Rows": 4,"Plan Width": 64,"Actual Startup Time": 192.819,"Actual Total Time": 212.981,"Actual Rows": 5,"Actual Loops": 1,"Workers Planned": 4,"Workers Launched": 4,"Single Copy": false,"Plans": [{"Node Type": "Aggregate","Strategy": "Plain","Partial Mode": "Partial","Parent Relationship": "Outer","Parallel Aware": false,"Async Capable": false,"Startup Cost": 112218.48,"Total Cost": 112218.49,"Plan Rows": 1,"Plan Width": 64,"Actual Startup Time": 185.533,"Actual Total Time": 185.546,"Actual Rows": 1,"Actual Loops": 5,"Workers": [],"Plans": [{"Node Type": "Hash Join","Parent Relationship": "Outer","Parallel Aware": true,"Async Capable": false,"Join Type": "Inner","Startup Cost": 7801.26,"Total Cost": 111907.40,"Plan Rows": 17776,"Plan Width": 33,"Actual Startup Time": 62.701,"Actual Total Time": 179.658,"Actual Rows": 15037,"Actual Loops": 5,"Inner Unique": true,"Hash Cond": "(lineitem.l_partkey = part.p_partkey)","Workers": [],"Plans": [{"Node Type": "Bitmap Heap Scan","Parent Relationship": "Outer","Parallel Aware": true,"Async Capable": false,"Relation Name": "lineitem","Alias": "lineitem","Startup Cost": 1829.27,"Total Cost": 105888.74,"Plan Rows": 17776,"Plan Width": 16,"Actual Startup Time": 22.642,"Actual Total Time": 109.385,"Actual Rows": 15037,"Actual Loops": 5,"Recheck Cond": "((l_shipdate >= '1994-04-01'::date) AND (l_shipdate < '1994-05-01 00:00:00'::timestamp without time zone))","Rows Removed by Index Recheck": 0,"Exact Heap Blocks": 8227,"Lossy Heap Blocks": 0,"Workers": [],"Plans": [{"Node Type": "Bitmap Index Scan","Parent Relationship": "Outer","Parallel Aware": false,"Async Capable": false,"Index Name": "idx_lineitem_shipdate","Startup Cost": 0.00,"Total Cost": 1811.49,"Plan Rows": 71106,"Plan Width": 0,"Actual Startup Time": 16.363,"Actual Total Time": 16.364,"Actual Rows": 75186,"Actual Loops": 1,"Index Cond": "((l_shipdate >= '1994-04-01'::date) AND (l_shipdate < '1994-05-01 00:00:00'::timestamp without time zone))","Workers": []}]},{"Node Type": "Hash","Parent Relationship": "Inner","Parallel Aware": true,"Async Capable": false,"Startup Cost": 4930.33,"Total Cost": 4930.33,"Plan Rows": 83333,"Plan Width": 25,"Actual Startup Time": 39.333,"Actual Total Time": 39.338,"Actual Rows": 40000,"Actual Loops": 5,"Hash Buckets": 262144,"Original Hash Buckets": 262144,"Hash Batches": 1,"Original Hash Batches": 1,"Peak Memory Usage": 14208,"Workers": [],"Plans": [{"Node Type": "Seq Scan","Parent Relationship": "Outer","Parallel Aware": true,"Async Capable": false,"Relation Name": "part","Alias": "part","Startup Cost": 0.00,"Total Cost": 4930.33,"Plan Rows": 83333,"Plan Width": 25,"Actual Startup Time": 0.038,"Actual Total Time": 17.251,"Actual Rows": 40000,"Actual Loops": 5,"Workers": []}]}]}]}]}]},"Planning Time": 3.987,"Triggers": [],"Execution Time": 213.305}]
[{"Plan": {"Node Type": "Aggregate","Strategy": "Plain","Partial Mode": "Finalize","Parallel Aware": false,"Async Capable": false,"Startup Cost": 111167.85,"Total Cost": 111167.87,"Plan Rows": 1,"Plan Width": 32,"Actual Startup Time": 180.931,"Actual Total Time": 199.884,"Actual Rows": 1,"Actual Loops": 1,"Plans": [{"Node Type": "Gather","Parent Relationship": "Outer","Parallel Aware": false,"Async Capable": false,"Startup Cost": 111167.40,"Total Cost": 111167.81,"Plan Rows": 4,"Plan Width": 64,"Actual Startup Time": 179.550,"Actual Total Time": 199.841,"Actual Rows": 5,"Actual Loops": 1,"Workers Planned": 4,"Workers Launched": 4,"Single Copy": false,"Plans": [{"Node Type": "Aggregate","Strategy": "Plain","Partial Mode": "Partial","Parent Relationship": "Outer","Parallel Aware": false,"Async Capable": false,"Startup Cost": 110167.40,"Total Cost": 110167.41,"Plan Rows": 1,"Plan Width": 64,"Actual Startup Time": 171.475,"Actual Total Time": 171.482,"Actual Rows": 1,"Actual Loops": 5,"Workers": [],"Plans": [{"Node Type": "Hash Join","Parent Relationship": "Outer","Parallel Aware": true,"Async Capable": false,"Join Type": "Inner","Startup Cost": 7708.24,"Total Cost": 109872.10,"Plan Rows": 16874,"Plan Width": 33,"Actual Startup Time": 55.633,"Actual Total Time": 165.640,"Actual Rows": 13990,"Actual Loops": 5,"Inner Unique": true,"Hash Cond": "(lineitem.l_partkey = part.p_partkey)","Workers": [],"Plans": [{"Node Type": "Bitmap Heap Scan","Parent Relationship": "Outer","Parallel Aware": true,"Async Capable": false,"Relation Name": "lineitem","Alias": "lineitem","Startup Cost": 1736.25,"Total Cost": 103855.81,"Plan Rows": 16873,"Plan Width": 16,"Actual Startup Time": 21.244,"Actual Total Time": 102.422,"Actual Rows": 13990,"Actual Loops": 5,"Recheck Cond": "((l_shipdate >= '1993-02-01'::date) AND (l_shipdate < '1993-03-01 00:00:00'::timestamp without time zone))","Rows Removed by Index Recheck": 0,"Exact Heap Blocks": 6433,"Lossy Heap Blocks": 0,"Workers": [],"Plans": [{"Node Type": "Bitmap Index Scan","Parent Relationship": "Outer","Parallel Aware": false,"Async Capable": false,"Index Name": "idx_lineitem_shipdate","Startup Cost": 0.00,"Total Cost": 1719.37,"Plan Rows": 67494,"Plan Width": 0,"Actual Startup Time": 15.254,"Actual Total Time": 15.255,"Actual Rows": 69949,"Actual Loops": 1,"Index Cond": "((l_shipdate >= '1993-02-01'::date) AND (l_shipdate < '1993-03-01 00:00:00'::timestamp without time zone))","Workers": []}]},{"Node Type": "Hash","Parent Relationship": "Inner","Parallel Aware": true,"Async Capable": false,"Startup Cost": 4930.33,"Total Cost": 4930.33,"Plan Rows": 83333,"Plan Width": 25,"Actual Startup Time": 33.582,"Actual Total Time": 33.584,"Actual Rows": 40000,"Actual Loops": 5,"Hash Buckets": 262144,"Original Hash Buckets": 262144,"Hash Batches": 1,"Original Hash Batches": 1,"Peak Memory Usage": 14176,"Workers": [],"Plans": [{"Node Type": "Seq Scan","Parent Relationship": "Outer","Parallel Aware": true,"Async Capable": false,"Relation Name": "part","Alias": "part","Startup Cost": 0.00,"Total Cost": 4930.33,"Plan Rows": 83333,"Plan Width": 25,"Actual Startup Time": 0.036,"Actual Total Time": 15.481,"Actual Rows": 40000,"Actual Loops": 5,"Workers": []}]}]}]}]}]},"Planning Time": 4.410,"Triggers": [],"Execution Time": 200.104}]
[{"Plan": {"Node Type": "Aggregate","Strategy": "Plain","Partial Mode": "Finalize","Parallel Aware": false,"Async Capable": false,"Startup Cost": 117449.67,"Total Cost": 117449.68,"Plan Rows": 1,"Plan Width": 32,"Actual Startup Time": 199.712,"Actual Total Time": 217.714,"Actual Rows": 1,"Actual Loops": 1,"Plans": [{"Node Type": "Gather","Parent Relationship": "Outer","Parallel Aware": false,"Async Capable": false,"Startup Cost": 117449.21,"Total Cost": 117449.62,"Plan Rows": 4,"Plan Width": 64,"Actual Startup Time": 198.396,"Actual Total Time": 217.675,"Actual Rows": 5,"Actual Loops": 1,"Workers Planned": 4,"Workers Launched": 4,"Single Copy": false,"Plans": [{"Node Type": "Aggregate","Strategy": "Plain","Partial Mode": "Partial","Parent Relationship": "Outer","Parallel Aware": false,"Async Capable": false,"Startup Cost": 116449.21,"Total Cost": 116449.22,"Plan Rows": 1,"Plan Width": 64,"Actual Startup Time": 190.883,"Actual Total Time": 190.895,"Actual Rows": 1,"Actual Loops": 5,"Workers": [],"Plans": [{"Node Type": "Hash Join","Parent Relationship": "Outer","Parallel Aware": true,"Async Capable": false,"Join Type": "Inner","Startup Cost": 8021.73,"Total Cost": 116100.36,"Plan Rows": 19934,"Plan Width": 33,"Actual Startup Time": 64.708,"Actual Total Time": 184.712,"Actual Rows": 15580,"Actual Loops": 5,"Inner Unique": true,"Hash Cond": "(lineitem.l_partkey = part.p_partkey)","Workers": [],"Plans": [{"Node Type": "Bitmap Heap Scan","Parent Relationship": "Outer","Parallel Aware": true,"Async Capable": false,"Relation Name": "lineitem","Alias": "lineitem","Startup Cost": 2049.74,"Total Cost": 110076.04,"Plan Rows": 19934,"Plan Width": 16,"Actual Startup Time": 23.730,"Actual Total Time": 112.410,"Actual Rows": 15580,"Actual Loops": 5,"Recheck Cond": "((l_shipdate >= '1995-05-01'::date) AND (l_shipdate < '1995-06-01 00:00:00'::timestamp without time zone))","Rows Removed by Index Recheck": 0,"Exact Heap Blocks": 8270,"Lossy Heap Blocks": 0,"Workers": [],"Plans": [{"Node Type": "Bitmap Index Scan","Parent Relationship": "Outer","Parallel Aware": false,"Async Capable": false,"Index Name": "idx_lineitem_shipdate","Startup Cost": 0.00,"Total Cost": 2029.80,"Plan Rows": 79737,"Plan Width": 0,"Actual Startup Time": 17.296,"Actual Total Time": 17.299,"Actual Rows": 77900,"Actual Loops": 1,"Index Cond": "((l_shipdate >= '1995-05-01'::date) AND (l_shipdate < '1995-06-01 00:00:00'::timestamp without time zone))","Workers": []}]},{"Node Type": "Hash","Parent Relationship": "Inner","Parallel Aware": true,"Async Capable": false,"Startup Cost": 4930.33,"Total Cost": 4930.33,"Plan Rows": 83333,"Plan Width": 25,"Actual Startup Time": 40.148,"Actual Total Time": 40.152,"Actual Rows": 40000,"Actual Loops": 5,"Hash Buckets": 262144,"Original Hash Buckets": 262144,"Hash Batches": 1,"Original Hash Batches": 1,"Peak Memory Usage": 14208,"Workers": [],"Plans": [{"Node Type": "Seq Scan","Parent Relationship": "Outer","Parallel Aware": true,"Async Capable": false,"Relation Name": "part","Alias": "part","Startup Cost": 0.00,"Total Cost": 4930.33,"Plan Rows": 83333,"Plan Width": 25,"Actual Startup Time": 0.047,"Actual Total Time": 17.621,"Actual Rows": 40000,"Actual Loops": 5,"Workers": []}]}]}]}]}]},"Planning Time": 3.884,"Triggers": [],"Execution Time": 217.976}]
[{"Plan": {"Node Type": "Aggregate","Strategy": "Plain","Partial Mode": "Finalize","Parallel Aware": false,"Async Capable": false,"Startup Cost": 117497.96,"Total Cost": 117497.98,"Plan Rows": 1,"Plan Width": 32,"Actual Startup Time": 207.468,"Actual Total Time": 225.216,"Actual Rows": 1,"Actual Loops": 1,"Plans": [{"Node Type": "Gather","Parent Relationship": "Outer","Parallel Aware": false,"Async Capable": false,"Startup Cost": 117497.51,"Total Cost": 117497.92,"Plan Rows": 4,"Plan Width": 64,"Actual Startup Time": 205.953,"Actual Total Time": 225.169,"Actual Rows": 5,"Actual Loops": 1,"Workers Planned": 4,"Workers Launched": 4,"Single Copy": false,"Plans": [{"Node Type": "Aggregate","Strategy": "Plain","Partial Mode": "Partial","Parent Relationship": "Outer","Parallel Aware": false,"Async Capable": false,"Startup Cost": 116497.51,"Total Cost": 116497.52,"Plan Rows": 1,"Plan Width": 64,"Actual Startup Time": 198.115,"Actual Total Time": 198.124,"Actual Rows": 1,"Actual Loops": 5,"Workers": [],"Plans": [{"Node Type": "Hash Join","Parent Relationship": "Outer","Parallel Aware": true,"Async Capable": false,"Join Type": "Inner","Startup Cost": 8022.90,"Total Cost": 116148.15,"Plan Rows": 19963,"Plan Width": 33,"Actual Startup Time": 66.694,"Actual Total Time": 191.972,"Actual Rows": 14975,"Actual Loops": 5,"Inner Unique": true,"Hash Cond": "(lineitem.l_partkey = part.p_partkey)","Workers": [],"Plans": [{"Node Type": "Bitmap Heap Scan","Parent Relationship": "Outer","Parallel Aware": true,"Async Capable": false,"Relation Name": "lineitem","Alias": "lineitem","Startup Cost": 2050.91,"Total Cost": 110123.75,"Plan Rows": 19963,"Plan Width": 16,"Actual Startup Time": 28.399,"Actual Total Time": 124.147,"Actual Rows": 14975,"Actual Loops": 5,"Recheck Cond": "((l_shipdate >= '1997-09-01'::date) AND (l_shipdate < '1997-10-01 00:00:00'::timestamp without time zone))","Rows Removed by Index Recheck": 0,"Exact Heap Blocks": 8021,"Lossy Heap Blocks": 0,"Workers": [],"Plans": [{"Node Type": "Bitmap Index Scan","Parent Relationship": "Outer","Parallel Aware": false,"Async Capable": false,"Index Name": "idx_lineitem_shipdate","Startup Cost": 0.00,"Total Cost": 2030.94,"Plan Rows": 79851,"Plan Width": 0,"Actual Startup Time": 22.019,"Actual Total Time": 22.022,"Actual Rows": 74876,"Actual Loops": 1,"Index Cond": "((l_shipdate >= '1997-09-01'::date) AND (l_shipdate < '1997-10-01 00:00:00'::timestamp without time zone))","Workers": []}]},{"Node Type": "Hash","Parent Relationship": "Inner","Parallel Aware": true,"Async Capable": false,"Startup Cost": 4930.33,"Total Cost": 4930.33,"Plan Rows": 83333,"Plan Width": 25,"Actual Startup Time": 37.454,"Actual Total Time": 37.458,"Actual Rows": 40000,"Actual Loops": 5,"Hash Buckets": 262144,"Original Hash Buckets": 262144,"Hash Batches": 1,"Original Hash Batches": 1,"Peak Memory Usage": 14208,"Workers": [],"Plans": [{"Node Type": "Seq Scan","Parent Relationship": "Outer","Parallel Aware": true,"Async Capable": false,"Relation Name": "part","Alias": "part","Startup Cost": 0.00,"Total Cost": 4930.33,"Plan Rows": 83333,"Plan Width": 25,"Actual Startup Time": 0.036,"Actual Total Time": 16.918,"Actual Rows": 40000,"Actual Loops": 5,"Workers": []}]}]}]}]}]},"Planning Time": 4.079,"Triggers": [],"Execution Time": 225.550}]
[{"Plan": {"Node Type": "Aggregate","Strategy": "Plain","Partial Mode": "Finalize","Parallel Aware": false,"Async Capable": false,"Startup Cost": 116921.16,"Total Cost": 116921.17,"Plan Rows": 1,"Plan Width": 32,"Actual Startup Time": 188.717,"Actual Total Time": 203.796,"Actual Rows": 1,"Actual Loops": 1,"Plans": [{"Node Type": "Gather","Parent Relationship": "Outer","Parallel Aware": false,"Async Capable": false,"Startup Cost": 116920.70,"Total Cost": 116921.11,"Plan Rows": 4,"Plan Width": 64,"Actual Startup Time": 187.795,"Actual Total Time": 203.760,"Actual Rows": 5,"Actual Loops": 1,"Workers Planned": 4,"Workers Launched": 4,"Single Copy": false,"Plans": [{"Node Type": "Aggregate","Strategy": "Plain","Partial Mode": "Partial","Parent Relationship": "Outer","Parallel Aware": false,"Async Capable": false,"Startup Cost": 115920.70,"Total Cost": 115920.71,"Plan Rows": 1,"Plan Width": 64,"Actual Startup Time": 178.906,"Actual Total Time": 178.917,"Actual Rows": 1,"Actual Loops": 5,"Workers": [],"Plans": [{"Node Type": "Hash Join","Parent Relationship": "Outer","Parallel Aware": true,"Async Capable": false,"Join Type": "Inner","Startup Cost": 7989.65,"Total Cost": 115577.00,"Plan Rows": 19640,"Plan Width": 33,"Actual Startup Time": 58.926,"Actual Total Time": 172.760,"Actual Rows": 15600,"Actual Loops": 5,"Inner Unique": true,"Hash Cond": "(lineitem.l_partkey = part.p_partkey)","Workers": [],"Plans": [{"Node Type": "Bitmap Heap Scan","Parent Relationship": "Outer","Parallel Aware": true,"Async Capable": false,"Relation Name": "lineitem","Alias": "lineitem","Startup Cost": 2017.65,"Total Cost": 109553.45,"Plan Rows": 19640,"Plan Width": 16,"Actual Startup Time": 22.345,"Actual Total Time": 105.470,"Actual Rows": 15600,"Actual Loops": 5,"Recheck Cond": "((l_shipdate >= '1996-10-01'::date) AND (l_shipdate < '1996-11-01 00:00:00'::timestamp without time zone))","Rows Removed by Index Recheck": 0,"Exact Heap Blocks": 6706,"Lossy Heap Blocks": 0,"Workers": [],"Plans": [{"Node Type": "Bitmap Index Scan","Parent Relationship": "Outer","Parallel Aware": false,"Async Capable": false,"Index Name": "idx_lineitem_shipdate","Startup Cost": 0.00,"Total Cost": 1998.01,"Plan Rows": 78558,"Plan Width": 0,"Actual Startup Time": 16.072,"Actual Total Time": 16.073,"Actual Rows": 78000,"Actual Loops": 1,"Index Cond": "((l_shipdate >= '1996-10-01'::date) AND (l_shipdate < '1996-11-01 00:00:00'::timestamp without time zone))","Workers": []}]},{"Node Type": "Hash","Parent Relationship": "Inner","Parallel Aware": true,"Async Capable": false,"Startup Cost": 4930.33,"Total Cost": 4930.33,"Plan Rows": 83333,"Plan Width": 25,"Actual Startup Time": 35.841,"Actual Total Time": 35.845,"Actual Rows": 40000,"Actual Loops": 5,"Hash Buckets": 262144,"Original Hash Buckets": 262144,"Hash Batches": 1,"Original Hash Batches": 1,"Peak Memory Usage": 14208,"Workers": [],"Plans": [{"Node Type": "Seq Scan","Parent Relationship": "Outer","Parallel Aware": true,"Async Capable": false,"Relation Name": "part","Alias": "part","Startup Cost": 0.00,"Total Cost": 4930.33,"Plan Rows": 83333,"Plan Width": 25,"Actual Startup Time": 0.045,"Actual Total Time": 16.936,"Actual Rows": 40000,"Actual Loops": 5,"Workers": []}]}]}]}]}]},"Planning Time": 5.387,"Triggers": [],"Execution Time": 204.098}]
[{"Plan": {"Node Type": "Aggregate","Strategy": "Plain","Partial Mode": "Finalize","Parallel Aware": false,"Async Capable": false,"Startup Cost": 115616.62,"Total Cost": 115616.64,"Plan Rows": 1,"Plan Width": 32,"Actual Startup Time": 197.019,"Actual Total Time": 214.591,"Actual Rows": 1,"Actual Loops": 1,"Plans": [{"Node Type": "Gather","Parent Relationship": "Outer","Parallel Aware": false,"Async Capable": false,"Startup Cost": 115616.17,"Total Cost": 115616.58,"Plan Rows": 4,"Plan Width": 64,"Actual Startup Time": 195.631,"Actual Total Time": 214.533,"Actual Rows": 5,"Actual Loops": 1,"Workers Planned": 4,"Workers Launched": 4,"Single Copy": false,"Plans": [{"Node Type": "Aggregate","Strategy": "Plain","Partial Mode": "Partial","Parent Relationship": "Outer","Parallel Aware": false,"Async Capable": false,"Startup Cost": 114616.17,"Total Cost": 114616.18,"Plan Rows": 1,"Plan Width": 64,"Actual Startup Time": 187.977,"Actual Total Time": 187.991,"Actual Rows": 1,"Actual Loops": 5,"Workers": [],"Plans": [{"Node Type": "Hash Join","Parent Relationship": "Outer","Parallel Aware": true,"Async Capable": false,"Join Type": "Inner","Startup Cost": 7921.09,"Total Cost": 114284.66,"Plan Rows": 18943,"Plan Width": 33,"Actual Startup Time": 65.447,"Actual Total Time": 182.041,"Actual Rows": 15051,"Actual Loops": 5,"Inner Unique": true,"Hash Cond": "(lineitem.l_partkey = part.p_partkey)","Workers": [],"Plans": [{"Node Type": "Bitmap Heap Scan","Parent Relationship": "Outer","Parallel Aware": true,"Async Capable": false,"Relation Name": "lineitem","Alias": "lineitem","Startup Cost": 1949.10,"Total Cost": 108262.94,"Plan Rows": 18943,"Plan Width": 16,"Actual Startup Time": 24.968,"Actual Total Time": 111.302,"Actual Rows": 15051,"Actual Loops": 5,"Recheck Cond": "((l_shipdate >= '1996-09-01'::date) AND (l_shipdate < '1996-10-01 00:00:00'::timestamp without time zone))","Rows Removed by Index Recheck": 0,"Exact Heap Blocks": 8176,"Lossy Heap Blocks": 0,"Workers": [],"Plans": [{"Node Type": "Bitmap Index Scan","Parent Relationship": "Outer","Parallel Aware": false,"Async Capable": false,"Index Name": "idx_lineitem_shipdate","Startup Cost": 0.00,"Total Cost": 1930.15,"Plan Rows": 75772,"Plan Width": 0,"Actual Startup Time": 18.728,"Actual Total Time": 18.731,"Actual Rows": 75254,"Actual Loops": 1,"Index Cond": "((l_shipdate >= '1996-09-01'::date) AND (l_shipdate < '1996-10-01 00:00:00'::timestamp without time zone))","Workers": []}]},{"Node Type": "Hash","Parent Relationship": "Inner","Parallel Aware": true,"Async Capable": false,"Startup Cost": 4930.33,"Total Cost": 4930.33,"Plan Rows": 83333,"Plan Width": 25,"Actual Startup Time": 39.815,"Actual Total Time": 39.820,"Actual Rows": 40000,"Actual Loops": 5,"Hash Buckets": 262144,"Original Hash Buckets": 262144,"Hash Batches": 1,"Original Hash Batches": 1,"Peak Memory Usage": 14208,"Workers": [],"Plans": [{"Node Type": "Seq Scan","Parent Relationship": "Outer","Parallel Aware": true,"Async Capable": false,"Relation Name": "part","Alias": "part","Startup Cost": 0.00,"Total Cost": 4930.33,"Plan Rows": 83333,"Plan Width": 25,"Actual Startup Time": 0.039,"Actual Total Time": 17.197,"Actual Rows": 40000,"Actual Loops": 5,"Workers": []}]}]}]}]}]},"Planning Time": 4.073,"Triggers": [],"Execution Time": 214.842}]
[{"Plan": {"Node Type": "Aggregate","Strategy": "Plain","Partial Mode": "Finalize","Parallel Aware": false,"Async Capable": false,"Startup Cost": 117497.96,"Total Cost": 117497.98,"Plan Rows": 1,"Plan Width": 32,"Actual Startup Time": 207.468,"Actual Total Time": 225.216,"Actual Rows": 1,"Actual Loops": 1,"Plans": [{"Node Type": "Gather","Parent Relationship": "Outer","Parallel Aware": false,"Async Capable": false,"Startup Cost": 117497.51,"Total Cost": 117497.92,"Plan Rows": 4,"Plan Width": 64,"Actual Startup Time": 205.953,"Actual Total Time": 225.169,"Actual Rows": 5,"Actual Loops": 1,"Workers Planned": 4,"Workers Launched": 4,"Single Copy": false,"Plans": [{"Node Type": "Aggregate","Strategy": "Plain","Partial Mode": "Partial","Parent Relationship": "Outer","Parallel Aware": false,"Async Capable": false,"Startup Cost": 116497.51,"Total Cost": 116497.52,"Plan Rows": 1,"Plan Width": 64,"Actual Startup Time": 198.115,"Actual Total Time": 198.124,"Actual Rows": 1,"Actual Loops": 5,"Workers": [],"Plans": [{"Node Type": "Hash Join","Parent Relationship": "Outer","Parallel Aware": true,"Async Capable": false,"Join Type": "Inner","Startup Cost": 8022.90,"Total Cost": 116148.15,"Plan Rows": 19963,"Plan Width": 33,"Actual Startup Time": 66.694,"Actual Total Time": 191.972,"Actual Rows": 14975,"Actual Loops": 5,"Inner Unique": true,"Hash Cond": "(lineitem.l_partkey = part.p_partkey)","Workers": [],"Plans": [{"Node Type": "Bitmap Heap Scan","Parent Relationship": "Outer","Parallel Aware": true,"Async Capable": false,"Relation Name": "lineitem","Alias": "lineitem","Startup Cost": 2050.91,"Total Cost": 110123.75,"Plan Rows": 19963,"Plan Width": 16,"Actual Startup Time": 28.399,"Actual Total Time": 124.147,"Actual Rows": 14975,"Actual Loops": 5,"Recheck Cond": "((l_shipdate >= '1997-09-01'::date) AND (l_shipdate < '1997-10-01 00:00:00'::timestamp without time zone))","Rows Removed by Index Recheck": 0,"Exact Heap Blocks": 8021,"Lossy Heap Blocks": 0,"Workers": [],"Plans": [{"Node Type": "Bitmap Index Scan","Parent Relationship": "Outer","Parallel Aware": false,"Async Capable": false,"Index Name": "idx_lineitem_shipdate","Startup Cost": 0.00,"Total Cost": 2030.94,"Plan Rows": 79851,"Plan Width": 0,"Actual Startup Time": 22.019,"Actual Total Time": 22.022,"Actual Rows": 74876,"Actual Loops": 1,"Index Cond": "((l_shipdate >= '1997-09-01'::date) AND (l_shipdate < '1997-10-01 00:00:00'::timestamp without time zone))","Workers": []}]},{"Node Type": "Hash","Parent Relationship": "Inner","Parallel Aware": true,"Async Capable": false,"Startup Cost": 4930.33,"Total Cost": 4930.33,"Plan Rows": 83333,"Plan Width": 25,"Actual Startup Time": 37.454,"Actual Total Time": 37.458,"Actual Rows": 40000,"Actual Loops": 5,"Hash Buckets": 262144,"Original Hash Buckets": 262144,"Hash Batches": 1,"Original Hash Batches": 1,"Peak Memory Usage": 14208,"Workers": [],"Plans": [{"Node Type": "Seq Scan","Parent Relationship": "Outer","Parallel Aware": true,"Async Capable": false,"Relation Name": "part","Alias": "part","Startup Cost": 0.00,"Total Cost": 4930.33,"Plan Rows": 83333,"Plan Width": 25,"Actual Startup Time": 0.036,"Actual Total Time": 16.918,"Actual Rows": 40000,"Actual Loops": 5,"Workers": []}]}]}]}]}]},"Planning Time": 4.079,"Triggers": [],"Execution Time": 225.550}]
[{"Plan": {"Node Type": "Aggregate","Strategy": "Plain","Partial Mode": "Finalize","Parallel Aware": false,"Async Capable": false,"Startup Cost": 115034.55,"Total Cost": 115034.56,"Plan Rows": 1,"Plan Width": 32,"Actual Startup Time": 211.171,"Actual Total Time": 229.828,"Actual Rows": 1,"Actual Loops": 1,"Plans": [{"Node Type": "Gather","Parent Relationship": "Outer","Parallel Aware": false,"Async Capable": false,"Startup Cost": 115034.09,"Total Cost": 115034.50,"Plan Rows": 4,"Plan Width": 64,"Actual Startup Time": 209.630,"Actual Total Time": 229.791,"Actual Rows": 5,"Actual Loops": 1,"Workers Planned": 4,"Workers Launched": 4,"Single Copy": false,"Plans": [{"Node Type": "Aggregate","Strategy": "Plain","Partial Mode": "Partial","Parent Relationship": "Outer","Parallel Aware": false,"Async Capable": false,"Startup Cost": 114034.09,"Total Cost": 114034.10,"Plan Rows": 1,"Plan Width": 64,"Actual Startup Time": 202.318,"Actual Total Time": 202.325,"Actual Rows": 1,"Actual Loops": 5,"Workers": [],"Plans": [{"Node Type": "Hash Join","Parent Relationship": "Outer","Parallel Aware": true,"Async Capable": false,"Join Type": "Inner","Startup Cost": 7889.01,"Total Cost": 113707.75,"Plan Rows": 18648,"Plan Width": 33,"Actual Startup Time": 73.099,"Actual Total Time": 196.221,"Actual Rows": 15467,"Actual Loops": 5,"Inner Unique": true,"Hash Cond": "(lineitem.l_partkey = part.p_partkey)","Workers": [],"Plans": [{"Node Type": "Bitmap Heap Scan","Parent Relationship": "Outer","Parallel Aware": true,"Async Capable": false,"Relation Name": "lineitem","Alias": "lineitem","Startup Cost": 1917.01,"Total Cost": 107686.80,"Plan Rows": 18648,"Plan Width": 16,"Actual Startup Time": 32.721,"Actual Total Time": 124.933,"Actual Rows": 15467,"Actual Loops": 5,"Recheck Cond": "((l_shipdate >= '1996-08-01'::date) AND (l_shipdate < '1996-09-01 00:00:00'::timestamp without time zone))","Rows Removed by Index Recheck": 0,"Exact Heap Blocks": 8255,"Lossy Heap Blocks": 0,"Workers": [],"Plans": [{"Node Type": "Bitmap Index Scan","Parent Relationship": "Outer","Parallel Aware": false,"Async Capable": false,"Index Name": "idx_lineitem_shipdate","Startup Cost": 0.00,"Total Cost": 1898.36,"Plan Rows": 74593,"Plan Width": 0,"Actual Startup Time": 26.077,"Actual Total Time": 26.080,"Actual Rows": 77336,"Actual Loops": 1,"Index Cond": "((l_shipdate >= '1996-08-01'::date) AND (l_shipdate < '1996-09-01 00:00:00'::timestamp without time zone))","Workers": []}]},{"Node Type": "Hash","Parent Relationship": "Inner","Parallel Aware": true,"Async Capable": false,"Startup Cost": 4930.33,"Total Cost": 4930.33,"Plan Rows": 83333,"Plan Width": 25,"Actual Startup Time": 39.626,"Actual Total Time": 39.628,"Actual Rows": 40000,"Actual Loops": 5,"Hash Buckets": 262144,"Original Hash Buckets": 262144,"Hash Batches": 1,"Original Hash Batches": 1,"Peak Memory Usage": 14240,"Workers": [],"Plans": [{"Node Type": "Seq Scan","Parent Relationship": "Outer","Parallel Aware": true,"Async Capable": false,"Relation Name": "part","Alias": "part","Startup Cost": 0.00,"Total Cost": 4930.33,"Plan Rows": 83333,"Plan Width": 25,"Actual Startup Time": 0.029,"Actual Total Time": 17.199,"Actual Rows": 40000,"Actual Loops": 5,"Workers": []}]}]}]}]}]},"Planning Time": 4.716,"Triggers": [],"Execution Time": 230.134}]
[{"Plan": {"Node Type": "Aggregate","Strategy": "Plain","Partial Mode": "Finalize","Parallel Aware": false,"Async Capable": false,"Startup Cost": 116775.62,"Total Cost": 116775.64,"Plan Rows": 1,"Plan Width": 32,"Actual Startup Time": 193.869,"Actual Total Time": 210.143,"Actual Rows": 1,"Actual Loops": 1,"Plans": [{"Node Type": "Gather","Parent Relationship": "Outer","Parallel Aware": false,"Async Capable": false,"Startup Cost": 116775.17,"Total Cost": 116775.58,"Plan Rows": 4,"Plan Width": 64,"Actual Startup Time": 192.448,"Actual Total Time": 210.107,"Actual Rows": 5,"Actual Loops": 1,"Workers Planned": 4,"Workers Launched": 4,"Single Copy": false,"Plans": [{"Node Type": "Aggregate","Strategy": "Plain","Partial Mode": "Partial","Parent Relationship": "Outer","Parallel Aware": false,"Async Capable": false,"Startup Cost": 115775.17,"Total Cost": 115775.18,"Plan Rows": 1,"Plan Width": 64,"Actual Startup Time": 184.994,"Actual Total Time": 185.005,"Actual Rows": 1,"Actual Loops": 5,"Workers": [],"Plans": [{"Node Type": "Hash Join","Parent Relationship": "Outer","Parallel Aware": true,"Async Capable": false,"Join Type": "Inner","Startup Cost": 7982.36,"Total Cost": 115432.88,"Plan Rows": 19559,"Plan Width": 33,"Actual Startup Time": 59.459,"Actual Total Time": 178.997,"Actual Rows": 15372,"Actual Loops": 5,"Inner Unique": true,"Hash Cond": "(lineitem.l_partkey = part.p_partkey)","Workers": [],"Plans": [{"Node Type": "Bitmap Heap Scan","Parent Relationship": "Outer","Parallel Aware": true,"Async Capable": false,"Relation Name": "lineitem","Alias": "lineitem","Startup Cost": 2010.36,"Total Cost": 109409.54,"Plan Rows": 19559,"Plan Width": 16,"Actual Startup Time": 22.196,"Actual Total Time": 111.214,"Actual Rows": 15372,"Actual Loops": 5,"Recheck Cond": "((l_shipdate >= '1993-01-01'::date) AND (l_shipdate < '1993-02-01 00:00:00'::timestamp without time zone))","Rows Removed by Index Recheck": 0,"Exact Heap Blocks": 8068,"Lossy Heap Blocks": 0,"Workers": [],"Plans": [{"Node Type": "Bitmap Index Scan","Parent Relationship": "Outer","Parallel Aware": false,"Async Capable": false,"Index Name": "idx_lineitem_shipdate","Startup Cost": 0.00,"Total Cost": 1990.80,"Plan Rows": 78237,"Plan Width": 0,"Actual Startup Time": 15.976,"Actual Total Time": 15.979,"Actual Rows": 76860,"Actual Loops": 1,"Index Cond": "((l_shipdate >= '1993-01-01'::date) AND (l_shipdate < '1993-02-01 00:00:00'::timestamp without time zone))","Workers": []}]},{"Node Type": "Hash","Parent Relationship": "Inner","Parallel Aware": true,"Async Capable": false,"Startup Cost": 4930.33,"Total Cost": 4930.33,"Plan Rows": 83333,"Plan Width": 25,"Actual Startup Time": 36.495,"Actual Total Time": 36.499,"Actual Rows": 40000,"Actual Loops": 5,"Hash Buckets": 262144,"Original Hash Buckets": 262144,"Hash Batches": 1,"Original Hash Batches": 1,"Peak Memory Usage": 14176,"Workers": [],"Plans": [{"Node Type": "Seq Scan","Parent Relationship": "Outer","Parallel Aware": true,"Async Capable": false,"Relation Name": "part","Alias": "part","Startup Cost": 0.00,"Total Cost": 4930.33,"Plan Rows": 83333,"Plan Width": 25,"Actual Startup Time": 0.035,"Actual Total Time": 16.126,"Actual Rows": 40000,"Actual Loops": 5,"Workers": []}]}]}]}]}]},"Planning Time": 3.845,"Triggers": [],"Execution Time": 210.384}]
[{"Plan": {"Node Type": "Aggregate","Strategy": "Plain","Partial Mode": "Finalize","Parallel Aware": false,"Async Capable": false,"Startup Cost": 116629.22,"Total Cost": 116629.23,"Plan Rows": 1,"Plan Width": 32,"Actual Startup Time": 211.951,"Actual Total Time": 230.155,"Actual Rows": 1,"Actual Loops": 1,"Plans": [{"Node Type": "Gather","Parent Relationship": "Outer","Parallel Aware": false,"Async Capable": false,"Startup Cost": 116628.76,"Total Cost": 116629.17,"Plan Rows": 4,"Plan Width": 64,"Actual Startup Time": 210.527,"Actual Total Time": 230.112,"Actual Rows": 5,"Actual Loops": 1,"Workers Planned": 4,"Workers Launched": 4,"Single Copy": false,"Plans": [{"Node Type": "Aggregate","Strategy": "Plain","Partial Mode": "Partial","Parent Relationship": "Outer","Parallel Aware": false,"Async Capable": false,"Startup Cost": 115628.76,"Total Cost": 115628.77,"Plan Rows": 1,"Plan Width": 64,"Actual Startup Time": 201.998,"Actual Total Time": 202.008,"Actual Rows": 1,"Actual Loops": 5,"Workers": [],"Plans": [{"Node Type": "Hash Join","Parent Relationship": "Outer","Parallel Aware": true,"Async Capable": false,"Join Type": "Inner","Startup Cost": 7975.06,"Total Cost": 115287.88,"Plan Rows": 19479,"Plan Width": 33,"Actual Startup Time": 66.909,"Actual Total Time": 195.709,"Actual Rows": 15375,"Actual Loops": 5,"Inner Unique": true,"Hash Cond": "(lineitem.l_partkey = part.p_partkey)","Workers": [],"Plans": [{"Node Type": "Bitmap Heap Scan","Parent Relationship": "Outer","Parallel Aware": true,"Async Capable": false,"Relation Name": "lineitem","Alias": "lineitem","Startup Cost": 2003.06,"Total Cost": 109264.75,"Plan Rows": 19479,"Plan Width": 16,"Actual Startup Time": 28.964,"Actual Total Time": 127.382,"Actual Rows": 15375,"Actual Loops": 5,"Recheck Cond": "((l_shipdate >= '1994-12-01'::date) AND (l_shipdate < '1995-01-01 00:00:00'::timestamp without time zone))","Rows Removed by Index Recheck": 0,"Exact Heap Blocks": 7845,"Lossy Heap Blocks": 0,"Workers": [],"Plans": [{"Node Type": "Bitmap Index Scan","Parent Relationship": "Outer","Parallel Aware": false,"Async Capable": false,"Index Name": "idx_lineitem_shipdate","Startup Cost": 0.00,"Total Cost": 1983.58,"Plan Rows": 77915,"Plan Width": 0,"Actual Startup Time": 22.476,"Actual Total Time": 22.478,"Actual Rows": 76873,"Actual Loops": 1,"Index Cond": "((l_shipdate >= '1994-12-01'::date) AND (l_shipdate < '1995-01-01 00:00:00'::timestamp without time zone))","Workers": []}]},{"Node Type": "Hash","Parent Relationship": "Inner","Parallel Aware": true,"Async Capable": false,"Startup Cost": 4930.33,"Total Cost": 4930.33,"Plan Rows": 83333,"Plan Width": 25,"Actual Startup Time": 37.213,"Actual Total Time": 37.217,"Actual Rows": 40000,"Actual Loops": 5,"Hash Buckets": 262144,"Original Hash Buckets": 262144,"Hash Batches": 1,"Original Hash Batches": 1,"Peak Memory Usage": 14176,"Workers": [],"Plans": [{"Node Type": "Seq Scan","Parent Relationship": "Outer","Parallel Aware": true,"Async Capable": false,"Relation Name": "part","Alias": "part","Startup Cost": 0.00,"Total Cost": 4930.33,"Plan Rows": 83333,"Plan Width": 25,"Actual Startup Time": 0.032,"Actual Total Time": 16.535,"Actual Rows": 40000,"Actual Loops": 5,"Workers": []}]}]}]}]}]},"Planning Time": 5.450,"Triggers": [],"Execution Time": 230.533}]
[{"Plan": {"Node Type": "Aggregate","Strategy": "Plain","Partial Mode": "Finalize","Parallel Aware": false,"Async Capable": false,"Startup Cost": 116275.89,"Total Cost": 116275.90,"Plan Rows": 1,"Plan Width": 32,"Actual Startup Time": 216.169,"Actual Total Time": 231.685,"Actual Rows": 1,"Actual Loops": 1,"Plans": [{"Node Type": "Gather","Parent Relationship": "Outer","Parallel Aware": false,"Async Capable": false,"Startup Cost": 116275.43,"Total Cost": 116275.84,"Plan Rows": 4,"Plan Width": 64,"Actual Startup Time": 214.682,"Actual Total Time": 231.625,"Actual Rows": 5,"Actual Loops": 1,"Workers Planned": 4,"Workers Launched": 4,"Single Copy": false,"Plans": [{"Node Type": "Aggregate","Strategy": "Plain","Partial Mode": "Partial","Parent Relationship": "Outer","Parallel Aware": false,"Async Capable": false,"Startup Cost": 115275.43,"Total Cost": 115275.44,"Plan Rows": 1,"Plan Width": 64,"Actual Startup Time": 206.995,"Actual Total Time": 207.010,"Actual Rows": 1,"Actual Loops": 5,"Workers": [],"Plans": [{"Node Type": "Hash Join","Parent Relationship": "Outer","Parallel Aware": true,"Async Capable": false,"Join Type": "Inner","Startup Cost": 7955.28,"Total Cost": 114937.87,"Plan Rows": 19289,"Plan Width": 33,"Actual Startup Time": 73.783,"Actual Total Time": 200.830,"Actual Rows": 15527,"Actual Loops": 5,"Inner Unique": true,"Hash Cond": "(lineitem.l_partkey = part.p_partkey)","Workers": [],"Plans": [{"Node Type": "Bitmap Heap Scan","Parent Relationship": "Outer","Parallel Aware": true,"Async Capable": false,"Relation Name": "lineitem","Alias": "lineitem","Startup Cost": 1983.28,"Total Cost": 108915.24,"Plan Rows": 19289,"Plan Width": 16,"Actual Startup Time": 33.071,"Actual Total Time": 128.639,"Actual Rows": 15527,"Actual Loops": 5,"Recheck Cond": "((l_shipdate >= '1997-01-01'::date) AND (l_shipdate < '1997-02-01 00:00:00'::timestamp without time zone))","Rows Removed by Index Recheck": 0,"Exact Heap Blocks": 8450,"Lossy Heap Blocks": 0,"Workers": [],"Plans": [{"Node Type": "Bitmap Index Scan","Parent Relationship": "Outer","Parallel Aware": false,"Async Capable": false,"Index Name": "idx_lineitem_shipdate","Startup Cost": 0.00,"Total Cost": 1963.99,"Plan Rows": 77156,"Plan Width": 0,"Actual Startup Time": 26.389,"Actual Total Time": 26.391,"Actual Rows": 77637,"Actual Loops": 1,"Index Cond": "((l_shipdate >= '1997-01-01'::date) AND (l_shipdate < '1997-02-01 00:00:00'::timestamp without time zone))","Workers": []}]},{"Node Type": "Hash","Parent Relationship": "Inner","Parallel Aware": true,"Async Capable": false,"Startup Cost": 4930.33,"Total Cost": 4930.33,"Plan Rows": 83333,"Plan Width": 25,"Actual Startup Time": 39.995,"Actual Total Time": 40.000,"Actual Rows": 40000,"Actual Loops": 5,"Hash Buckets": 262144,"Original Hash Buckets": 262144,"Hash Batches": 1,"Original Hash Batches": 1,"Peak Memory Usage": 14208,"Workers": [],"Plans": [{"Node Type": "Seq Scan","Parent Relationship": "Outer","Parallel Aware": true,"Async Capable": false,"Relation Name": "part","Alias": "part","Startup Cost": 0.00,"Total Cost": 4930.33,"Plan Rows": 83333,"Plan Width": 25,"Actual Startup Time": 0.037,"Actual Total Time": 17.315,"Actual Rows": 40000,"Actual Loops": 5,"Workers": []}]}]}]}]}]},"Planning Time": 4.357,"Triggers": [],"Execution Time": 231.907}]
[{"Plan": {"Node Type": "Aggregate","Strategy": "Plain","Partial Mode": "Finalize","Parallel Aware": false,"Async Capable": false,"Startup Cost": 114558.03,"Total Cost": 114558.05,"Plan Rows": 1,"Plan Width": 32,"Actual Startup Time": 193.213,"Actual Total Time": 209.719,"Actual Rows": 1,"Actual Loops": 1,"Plans": [{"Node Type": "Gather","Parent Relationship": "Outer","Parallel Aware": false,"Async Capable": false,"Startup Cost": 114557.58,"Total Cost": 114557.99,"Plan Rows": 4,"Plan Width": 64,"Actual Startup Time": 192.028,"Actual Total Time": 209.680,"Actual Rows": 5,"Actual Loops": 1,"Workers Planned": 4,"Workers Launched": 4,"Single Copy": false,"Plans": [{"Node Type": "Aggregate","Strategy": "Plain","Partial Mode": "Partial","Parent Relationship": "Outer","Parallel Aware": false,"Async Capable": false,"Startup Cost": 113557.58,"Total Cost": 113557.59,"Plan Rows": 1,"Plan Width": 64,"Actual Startup Time": 183.893,"Actual Total Time": 183.909,"Actual Rows": 1,"Actual Loops": 5,"Workers": [],"Plans": [{"Node Type": "Hash Join","Parent Relationship": "Outer","Parallel Aware": true,"Async Capable": false,"Join Type": "Inner","Startup Cost": 7863.38,"Total Cost": 113235.33,"Plan Rows": 18414,"Plan Width": 33,"Actual Startup Time": 62.674,"Actual Total Time": 178.028,"Actual Rows": 14882,"Actual Loops": 5,"Inner Unique": true,"Hash Cond": "(lineitem.l_partkey = part.p_partkey)","Workers": [],"Plans": [{"Node Type": "Bitmap Heap Scan","Parent Relationship": "Outer","Parallel Aware": true,"Async Capable": false,"Relation Name": "lineitem","Alias": "lineitem","Startup Cost": 1891.39,"Total Cost": 107215.00,"Plan Rows": 18414,"Plan Width": 16,"Actual Startup Time": 24.290,"Actual Total Time": 109.440,"Actual Rows": 14882,"Actual Loops": 5,"Recheck Cond": "((l_shipdate >= '1997-11-01'::date) AND (l_shipdate < '1997-12-01 00:00:00'::timestamp without time zone))","Rows Removed by Index Recheck": 0,"Exact Heap Blocks": 7491,"Lossy Heap Blocks": 0,"Workers": [],"Plans": [{"Node Type": "Bitmap Index Scan","Parent Relationship": "Outer","Parallel Aware": false,"Async Capable": false,"Index Name": "idx_lineitem_shipdate","Startup Cost": 0.00,"Total Cost": 1872.97,"Plan Rows": 73654,"Plan Width": 0,"Actual Startup Time": 18.161,"Actual Total Time": 18.163,"Actual Rows": 74408,"Actual Loops": 1,"Index Cond": "((l_shipdate >= '1997-11-01'::date) AND (l_shipdate < '1997-12-01 00:00:00'::timestamp without time zone))","Workers": []}]},{"Node Type": "Hash","Parent Relationship": "Inner","Parallel Aware": true,"Async Capable": false,"Startup Cost": 4930.33,"Total Cost": 4930.33,"Plan Rows": 83333,"Plan Width": 25,"Actual Startup Time": 37.637,"Actual Total Time": 37.641,"Actual Rows": 40000,"Actual Loops": 5,"Hash Buckets": 262144,"Original Hash Buckets": 262144,"Hash Batches": 1,"Original Hash Batches": 1,"Peak Memory Usage": 14208,"Workers": [],"Plans": [{"Node Type": "Seq Scan","Parent Relationship": "Outer","Parallel Aware": true,"Async Capable": false,"Relation Name": "part","Alias": "part","Startup Cost": 0.00,"Total Cost": 4930.33,"Plan Rows": 83333,"Plan Width": 25,"Actual Startup Time": 0.035,"Actual Total Time": 17.634,"Actual Rows": 40000,"Actual Loops": 5,"Workers": []}]}]}]}]}]},"Planning Time": 3.772,"Triggers": [],"Execution Time": 209.976}]
[{"Plan": {"Node Type": "Aggregate","Strategy": "Plain","Partial Mode": "Finalize","Parallel Aware": false,"Async Capable": false,"Startup Cost": 116275.89,"Total Cost": 116275.90,"Plan Rows": 1,"Plan Width": 32,"Actual Startup Time": 216.169,"Actual Total Time": 231.685,"Actual Rows": 1,"Actual Loops": 1,"Plans": [{"Node Type": "Gather","Parent Relationship": "Outer","Parallel Aware": false,"Async Capable": false,"Startup Cost": 116275.43,"Total Cost": 116275.84,"Plan Rows": 4,"Plan Width": 64,"Actual Startup Time": 214.682,"Actual Total Time": 231.625,"Actual Rows": 5,"Actual Loops": 1,"Workers Planned": 4,"Workers Launched": 4,"Single Copy": false,"Plans": [{"Node Type": "Aggregate","Strategy": "Plain","Partial Mode": "Partial","Parent Relationship": "Outer","Parallel Aware": false,"Async Capable": false,"Startup Cost": 115275.43,"Total Cost": 115275.44,"Plan Rows": 1,"Plan Width": 64,"Actual Startup Time": 206.995,"Actual Total Time": 207.010,"Actual Rows": 1,"Actual Loops": 5,"Workers": [],"Plans": [{"Node Type": "Hash Join","Parent Relationship": "Outer","Parallel Aware": true,"Async Capable": false,"Join Type": "Inner","Startup Cost": 7955.28,"Total Cost": 114937.87,"Plan Rows": 19289,"Plan Width": 33,"Actual Startup Time": 73.783,"Actual Total Time": 200.830,"Actual Rows": 15527,"Actual Loops": 5,"Inner Unique": true,"Hash Cond": "(lineitem.l_partkey = part.p_partkey)","Workers": [],"Plans": [{"Node Type": "Bitmap Heap Scan","Parent Relationship": "Outer","Parallel Aware": true,"Async Capable": false,"Relation Name": "lineitem","Alias": "lineitem","Startup Cost": 1983.28,"Total Cost": 108915.24,"Plan Rows": 19289,"Plan Width": 16,"Actual Startup Time": 33.071,"Actual Total Time": 128.639,"Actual Rows": 15527,"Actual Loops": 5,"Recheck Cond": "((l_shipdate >= '1997-01-01'::date) AND (l_shipdate < '1997-02-01 00:00:00'::timestamp without time zone))","Rows Removed by Index Recheck": 0,"Exact Heap Blocks": 8450,"Lossy Heap Blocks": 0,"Workers": [],"Plans": [{"Node Type": "Bitmap Index Scan","Parent Relationship": "Outer","Parallel Aware": false,"Async Capable": false,"Index Name": "idx_lineitem_shipdate","Startup Cost": 0.00,"Total Cost": 1963.99,"Plan Rows": 77156,"Plan Width": 0,"Actual Startup Time": 26.389,"Actual Total Time": 26.391,"Actual Rows": 77637,"Actual Loops": 1,"Index Cond": "((l_shipdate >= '1997-01-01'::date) AND (l_shipdate < '1997-02-01 00:00:00'::timestamp without time zone))","Workers": []}]},{"Node Type": "Hash","Parent Relationship": "Inner","Parallel Aware": true,"Async Capable": false,"Startup Cost": 4930.33,"Total Cost": 4930.33,"Plan Rows": 83333,"Plan Width": 25,"Actual Startup Time": 39.995,"Actual Total Time": 40.000,"Actual Rows": 40000,"Actual Loops": 5,"Hash Buckets": 262144,"Original Hash Buckets": 262144,"Hash Batches": 1,"Original Hash Batches": 1,"Peak Memory Usage": 14208,"Workers": [],"Plans": [{"Node Type": "Seq Scan","Parent Relationship": "Outer","Parallel Aware": true,"Async Capable": false,"Relation Name": "part","Alias": "part","Startup Cost": 0.00,"Total Cost": 4930.33,"Plan Rows": 83333,"Plan Width": 25,"Actual Startup Time": 0.037,"Actual Total Time": 17.315,"Actual Rows": 40000,"Actual Loops": 5,"Workers": []}]}]}]}]}]},"Planning Time": 4.357,"Triggers": [],"Execution Time": 231.907}]
[{"Plan": {"Node Type": "Aggregate","Strategy": "Plain","Partial Mode": "Finalize","Parallel Aware": false,"Async Capable": false,"Startup Cost": 111577.07,"Total Cost": 111577.08,"Plan Rows": 1,"Plan Width": 32,"Actual Startup Time": 186.301,"Actual Total Time": 202.570,"Actual Rows": 1,"Actual Loops": 1,"Plans": [{"Node Type": "Gather","Parent Relationship": "Outer","Parallel Aware": false,"Async Capable": false,"Startup Cost": 111576.61,"Total Cost": 111577.02,"Plan Rows": 4,"Plan Width": 64,"Actual Startup Time": 184.863,"Actual Total Time": 202.533,"Actual Rows": 5,"Actual Loops": 1,"Workers Planned": 4,"Workers Launched": 4,"Single Copy": false,"Plans": [{"Node Type": "Aggregate","Strategy": "Plain","Partial Mode": "Partial","Parent Relationship": "Outer","Parallel Aware": false,"Async Capable": false,"Startup Cost": 110576.61,"Total Cost": 110576.62,"Plan Rows": 1,"Plan Width": 64,"Actual Startup Time": 177.469,"Actual Total Time": 177.481,"Actual Rows": 1,"Actual Loops": 5,"Workers": [],"Plans": [{"Node Type": "Hash Join","Parent Relationship": "Outer","Parallel Aware": true,"Async Capable": false,"Join Type": "Inner","Startup Cost": 7723.43,"Total Cost": 110278.25,"Plan Rows": 17049,"Plan Width": 33,"Actual Startup Time": 61.420,"Actual Total Time": 171.970,"Actual Rows": 14049,"Actual Loops": 5,"Inner Unique": true,"Hash Cond": "(lineitem.l_partkey = part.p_partkey)","Workers": [],"Plans": [{"Node Type": "Bitmap Heap Scan","Parent Relationship": "Outer","Parallel Aware": true,"Async Capable": false,"Relation Name": "lineitem","Alias": "lineitem","Startup Cost": 1751.43,"Total Cost": 104261.50,"Plan Rows": 17049,"Plan Width": 16,"Actual Startup Time": 23.904,"Actual Total Time": 106.890,"Actual Rows": 14049,"Actual Loops": 5,"Recheck Cond": "((l_shipdate >= '1997-02-01'::date) AND (l_shipdate < '1997-03-01 00:00:00'::timestamp without time zone))","Rows Removed by Index Recheck": 0,"Exact Heap Blocks": 7418,"Lossy Heap Blocks": 0,"Workers": [],"Plans": [{"Node Type": "Bitmap Index Scan","Parent Relationship": "Outer","Parallel Aware": false,"Async Capable": false,"Index Name": "idx_lineitem_shipdate","Startup Cost": 0.00,"Total Cost": 1734.38,"Plan Rows": 68195,"Plan Width": 0,"Actual Startup Time": 17.828,"Actual Total Time": 17.830,"Actual Rows": 70245,"Actual Loops": 1,"Index Cond": "((l_shipdate >= '1997-02-01'::date) AND (l_shipdate < '1997-03-01 00:00:00'::timestamp without time zone))","Workers": []}]},{"Node Type": "Hash","Parent Relationship": "Inner","Parallel Aware": true,"Async Capable": false,"Startup Cost": 4930.33,"Total Cost": 4930.33,"Plan Rows": 83333,"Plan Width": 25,"Actual Startup Time": 36.814,"Actual Total Time": 36.818,"Actual Rows": 40000,"Actual Loops": 5,"Hash Buckets": 262144,"Original Hash Buckets": 262144,"Hash Batches": 1,"Original Hash Batches": 1,"Peak Memory Usage": 14240,"Workers": [],"Plans": [{"Node Type": "Seq Scan","Parent Relationship": "Outer","Parallel Aware": true,"Async Capable": false,"Relation Name": "part","Alias": "part","Startup Cost": 0.00,"Total Cost": 4930.33,"Plan Rows": 83333,"Plan Width": 25,"Actual Startup Time": 0.035,"Actual Total Time": 16.010,"Actual Rows": 40000,"Actual Loops": 5,"Workers": []}]}]}]}]}]},"Planning Time": 4.076,"Triggers": [],"Execution Time": 202.873}]
[{"Plan": {"Node Type": "Aggregate","Strategy": "Plain","Partial Mode": "Finalize","Parallel Aware": false,"Async Capable": false,"Startup Cost": 117449.67,"Total Cost": 117449.68,"Plan Rows": 1,"Plan Width": 32,"Actual Startup Time": 209.461,"Actual Total Time": 224.908,"Actual Rows": 1,"Actual Loops": 1,"Plans": [{"Node Type": "Gather","Parent Relationship": "Outer","Parallel Aware": false,"Async Capable": false,"Startup Cost": 117449.21,"Total Cost": 117449.62,"Plan Rows": 4,"Plan Width": 64,"Actual Startup Time": 207.968,"Actual Total Time": 224.878,"Actual Rows": 5,"Actual Loops": 1,"Workers Planned": 4,"Workers Launched": 4,"Single Copy": false,"Plans": [{"Node Type": "Aggregate","Strategy": "Plain","Partial Mode": "Partial","Parent Relationship": "Outer","Parallel Aware": false,"Async Capable": false,"Startup Cost": 116449.21,"Total Cost": 116449.22,"Plan Rows": 1,"Plan Width": 64,"Actual Startup Time": 200.716,"Actual Total Time": 200.726,"Actual Rows": 1,"Actual Loops": 5,"Workers": [],"Plans": [{"Node Type": "Hash Join","Parent Relationship": "Outer","Parallel Aware": true,"Async Capable": false,"Join Type": "Inner","Startup Cost": 8021.73,"Total Cost": 116100.36,"Plan Rows": 19934,"Plan Width": 33,"Actual Startup Time": 69.344,"Actual Total Time": 194.621,"Actual Rows": 15439,"Actual Loops": 5,"Inner Unique": true,"Hash Cond": "(lineitem.l_partkey = part.p_partkey)","Workers": [],"Plans": [{"Node Type": "Bitmap Heap Scan","Parent Relationship": "Outer","Parallel Aware": true,"Async Capable": false,"Relation Name": "lineitem","Alias": "lineitem","Startup Cost": 2049.74,"Total Cost": 110076.04,"Plan Rows": 19934,"Plan Width": 16,"Actual Startup Time": 28.893,"Actual Total Time": 124.591,"Actual Rows": 15439,"Actual Loops": 5,"Recheck Cond": "((l_shipdate >= '1993-08-01'::date) AND (l_shipdate < '1993-09-01 00:00:00'::timestamp without time zone))","Rows Removed by Index Recheck": 0,"Exact Heap Blocks": 7741,"Lossy Heap Blocks": 0,"Workers": [],"Plans": [{"Node Type": "Bitmap Index Scan","Parent Relationship": "Outer","Parallel Aware": false,"Async Capable": false,"Index Name": "idx_lineitem_shipdate","Startup Cost": 0.00,"Total Cost": 2029.80,"Plan Rows": 79737,"Plan Width": 0,"Actual Startup Time": 22.408,"Actual Total Time": 22.411,"Actual Rows": 77197,"Actual Loops": 1,"Index Cond": "((l_shipdate >= '1993-08-01'::date) AND (l_shipdate < '1993-09-01 00:00:00'::timestamp without time zone))","Workers": []}]},{"Node Type": "Hash","Parent Relationship": "Inner","Parallel Aware": true,"Async Capable": false,"Startup Cost": 4930.33,"Total Cost": 4930.33,"Plan Rows": 83333,"Plan Width": 25,"Actual Startup Time": 39.731,"Actual Total Time": 39.735,"Actual Rows": 40000,"Actual Loops": 5,"Hash Buckets": 262144,"Original Hash Buckets": 262144,"Hash Batches": 1,"Original Hash Batches": 1,"Peak Memory Usage": 14176,"Workers": [],"Plans": [{"Node Type": "Seq Scan","Parent Relationship": "Outer","Parallel Aware": true,"Async Capable": false,"Relation Name": "part","Alias": "part","Startup Cost": 0.00,"Total Cost": 4930.33,"Plan Rows": 83333,"Plan Width": 25,"Actual Startup Time": 0.044,"Actual Total Time": 17.039,"Actual Rows": 40000,"Actual Loops": 5,"Workers": []}]}]}]}]}]},"Planning Time": 4.803,"Triggers": [],"Execution Time": 225.176}]
[{"Plan": {"Node Type": "Aggregate","Strategy": "Plain","Partial Mode": "Finalize","Parallel Aware": false,"Async Capable": false,"Startup Cost": 117225.47,"Total Cost": 117225.49,"Plan Rows": 1,"Plan Width": 32,"Actual Startup Time": 216.741,"Actual Total Time": 233.601,"Actual Rows": 1,"Actual Loops": 1,"Plans": [{"Node Type": "Gather","Parent Relationship": "Outer","Parallel Aware": false,"Async Capable": false,"Startup Cost": 117225.02,"Total Cost": 117225.43,"Plan Rows": 4,"Plan Width": 64,"Actual Startup Time": 215.228,"Actual Total Time": 233.556,"Actual Rows": 5,"Actual Loops": 1,"Workers Planned": 4,"Workers Launched": 4,"Single Copy": false,"Plans": [{"Node Type": "Aggregate","Strategy": "Plain","Partial Mode": "Partial","Parent Relationship": "Outer","Parallel Aware": false,"Async Capable": false,"Startup Cost": 116225.02,"Total Cost": 116225.03,"Plan Rows": 1,"Plan Width": 64,"Actual Startup Time": 207.689,"Actual Total Time": 207.699,"Actual Rows": 1,"Actual Loops": 5,"Workers": [],"Plans": [{"Node Type": "Hash Join","Parent Relationship": "Outer","Parallel Aware": true,"Async Capable": false,"Join Type": "Inner","Startup Cost": 8008.56,"Total Cost": 115878.37,"Plan Rows": 19808,"Plan Width": 33,"Actual Startup Time": 75.267,"Actual Total Time": 201.372,"Actual Rows": 15471,"Actual Loops": 5,"Inner Unique": true,"Hash Cond": "(lineitem.l_partkey = part.p_partkey)","Workers": [],"Plans": [{"Node Type": "Bitmap Heap Scan","Parent Relationship": "Outer","Parallel Aware": true,"Async Capable": false,"Relation Name": "lineitem","Alias": "lineitem","Startup Cost": 2036.56,"Total Cost": 109854.38,"Plan Rows": 19808,"Plan Width": 16,"Actual Startup Time": 32.495,"Actual Total Time": 126.871,"Actual Rows": 15471,"Actual Loops": 5,"Recheck Cond": "((l_shipdate >= '1995-01-01'::date) AND (l_shipdate < '1995-02-01 00:00:00'::timestamp without time zone))","Rows Removed by Index Recheck": 0,"Exact Heap Blocks": 8865,"Lossy Heap Blocks": 0,"Workers": [],"Plans": [{"Node Type": "Bitmap Index Scan","Parent Relationship": "Outer","Parallel Aware": false,"Async Capable": false,"Index Name": "idx_lineitem_shipdate","Startup Cost": 0.00,"Total Cost": 2016.75,"Plan Rows": 79232,"Plan Width": 0,"Actual Startup Time": 25.884,"Actual Total Time": 25.890,"Actual Rows": 77356,"Actual Loops": 1,"Index Cond": "((l_shipdate >= '1995-01-01'::date) AND (l_shipdate < '1995-02-01 00:00:00'::timestamp without time zone))","Workers": []}]},{"Node Type": "Hash","Parent Relationship": "Inner","Parallel Aware": true,"Async Capable": false,"Startup Cost": 4930.33,"Total Cost": 4930.33,"Plan Rows": 83333,"Plan Width": 25,"Actual Startup Time": 42.028,"Actual Total Time": 42.030,"Actual Rows": 40000,"Actual Loops": 5,"Hash Buckets": 262144,"Original Hash Buckets": 262144,"Hash Batches": 1,"Original Hash Batches": 1,"Peak Memory Usage": 14144,"Workers": [],"Plans": [{"Node Type": "Seq Scan","Parent Relationship": "Outer","Parallel Aware": true,"Async Capable": false,"Relation Name": "part","Alias": "part","Startup Cost": 0.00,"Total Cost": 4930.33,"Plan Rows": 83333,"Plan Width": 25,"Actual Startup Time": 0.039,"Actual Total Time": 18.208,"Actual Rows": 40000,"Actual Loops": 5,"Workers": []}]}]}]}]}]},"Planning Time": 4.207,"Triggers": [],"Execution Time": 233.902}]
[{"Plan": {"Node Type": "Aggregate","Strategy": "Plain","Partial Mode": "Finalize","Parallel Aware": false,"Async Capable": false,"Startup Cost": 113256.41,"Total Cost": 113256.42,"Plan Rows": 1,"Plan Width": 32,"Actual Startup Time": 215.093,"Actual Total Time": 231.718,"Actual Rows": 1,"Actual Loops": 1,"Plans": [{"Node Type": "Gather","Parent Relationship": "Outer","Parallel Aware": false,"Async Capable": false,"Startup Cost": 113255.95,"Total Cost": 113256.36,"Plan Rows": 4,"Plan Width": 64,"Actual Startup Time": 213.734,"Actual Total Time": 231.683,"Actual Rows": 5,"Actual Loops": 1,"Workers Planned": 4,"Workers Launched": 4,"Single Copy": false,"Plans": [{"Node Type": "Aggregate","Strategy": "Plain","Partial Mode": "Partial","Parent Relationship": "Outer","Parallel Aware": false,"Async Capable": false,"Startup Cost": 112255.95,"Total Cost": 112255.96,"Plan Rows": 1,"Plan Width": 64,"Actual Startup Time": 205.981,"Actual Total Time": 205.993,"Actual Rows": 1,"Actual Loops": 5,"Workers": [],"Plans": [{"Node Type": "Hash Join","Parent Relationship": "Outer","Parallel Aware": true,"Async Capable": false,"Join Type": "Inner","Startup Cost": 7801.99,"Total Cost": 111944.55,"Plan Rows": 17794,"Plan Width": 33,"Actual Startup Time": 72.104,"Actual Total Time": 199.882,"Actual Rows": 14977,"Actual Loops": 5,"Inner Unique": true,"Hash Cond": "(lineitem.l_partkey = part.p_partkey)","Workers": [],"Plans": [{"Node Type": "Bitmap Heap Scan","Parent Relationship": "Outer","Parallel Aware": true,"Async Capable": false,"Relation Name": "lineitem","Alias": "lineitem","Startup Cost": 1830.00,"Total Cost": 105925.85,"Plan Rows": 17794,"Plan Width": 16,"Actual Startup Time": 33.299,"Actual Total Time": 129.846,"Actual Rows": 14977,"Actual Loops": 5,"Recheck Cond": "((l_shipdate >= '1996-06-01'::date) AND (l_shipdate < '1996-07-01 00:00:00'::timestamp without time zone))","Rows Removed by Index Recheck": 0,"Exact Heap Blocks": 7268,"Lossy Heap Blocks": 0,"Workers": [],"Plans": [{"Node Type": "Bitmap Index Scan","Parent Relationship": "Outer","Parallel Aware": false,"Async Capable": false,"Index Name": "idx_lineitem_shipdate","Startup Cost": 0.00,"Total Cost": 1812.20,"Plan Rows": 71177,"Plan Width": 0,"Actual Startup Time": 26.686,"Actual Total Time": 26.689,"Actual Rows": 74883,"Actual Loops": 1,"Index Cond": "((l_shipdate >= '1996-06-01'::date) AND (l_shipdate < '1996-07-01 00:00:00'::timestamp without time zone))","Workers": []}]},{"Node Type": "Hash","Parent Relationship": "Inner","Parallel Aware": true,"Async Capable": false,"Startup Cost": 4930.33,"Total Cost": 4930.33,"Plan Rows": 83333,"Plan Width": 25,"Actual Startup Time": 38.000,"Actual Total Time": 38.003,"Actual Rows": 40000,"Actual Loops": 5,"Hash Buckets": 262144,"Original Hash Buckets": 262144,"Hash Batches": 1,"Original Hash Batches": 1,"Peak Memory Usage": 14240,"Workers": [],"Plans": [{"Node Type": "Seq Scan","Parent Relationship": "Outer","Parallel Aware": true,"Async Capable": false,"Relation Name": "part","Alias": "part","Startup Cost": 0.00,"Total Cost": 4930.33,"Plan Rows": 83333,"Plan Width": 25,"Actual Startup Time": 0.037,"Actual Total Time": 16.423,"Actual Rows": 40000,"Actual Loops": 5,"Workers": []}]}]}]}]}]},"Planning Time": 4.461,"Triggers": [],"Execution Time": 232.060}]
[{"Plan": {"Node Type": "Aggregate","Strategy": "Plain","Partial Mode": "Finalize","Parallel Aware": false,"Async Capable": false,"Startup Cost": 116302.88,"Total Cost": 116302.89,"Plan Rows": 1,"Plan Width": 32,"Actual Startup Time": 191.977,"Actual Total Time": 208.674,"Actual Rows": 1,"Actual Loops": 1,"Plans": [{"Node Type": "Gather","Parent Relationship": "Outer","Parallel Aware": false,"Async Capable": false,"Startup Cost": 116302.42,"Total Cost": 116302.83,"Plan Rows": 4,"Plan Width": 64,"Actual Startup Time": 190.628,"Actual Total Time": 208.617,"Actual Rows": 5,"Actual Loops": 1,"Workers Planned": 4,"Workers Launched": 4,"Single Copy": false,"Plans": [{"Node Type": "Aggregate","Strategy": "Plain","Partial Mode": "Partial","Parent Relationship": "Outer","Parallel Aware": false,"Async Capable": false,"Startup Cost": 115302.42,"Total Cost": 115302.43,"Plan Rows": 1,"Plan Width": 64,"Actual Startup Time": 183.305,"Actual Total Time": 183.316,"Actual Rows": 1,"Actual Loops": 5,"Workers": [],"Plans": [{"Node Type": "Hash Join","Parent Relationship": "Outer","Parallel Aware": true,"Async Capable": false,"Join Type": "Inner","Startup Cost": 7955.88,"Total Cost": 114964.60,"Plan Rows": 19304,"Plan Width": 33,"Actual Startup Time": 58.483,"Actual Total Time": 177.208,"Actual Rows": 15507,"Actual Loops": 5,"Inner Unique": true,"Hash Cond": "(lineitem.l_partkey = part.p_partkey)","Workers": [],"Plans": [{"Node Type": "Bitmap Heap Scan","Parent Relationship": "Outer","Parallel Aware": true,"Async Capable": false,"Relation Name": "lineitem","Alias": "lineitem","Startup Cost": 1983.89,"Total Cost": 108941.93,"Plan Rows": 19304,"Plan Width": 16,"Actual Startup Time": 22.385,"Actual Total Time": 111.734,"Actual Rows": 15507,"Actual Loops": 5,"Recheck Cond": "((l_shipdate >= '1997-03-01'::date) AND (l_shipdate < '1997-04-01 00:00:00'::timestamp without time zone))","Rows Removed by Index Recheck": 0,"Exact Heap Blocks": 8419,"Lossy Heap Blocks": 0,"Workers": [],"Plans": [{"Node Type": "Bitmap Index Scan","Parent Relationship": "Outer","Parallel Aware": false,"Async Capable": false,"Index Name": "idx_lineitem_shipdate","Startup Cost": 0.00,"Total Cost": 1964.58,"Plan Rows": 77215,"Plan Width": 0,"Actual Startup Time": 16.076,"Actual Total Time": 16.077,"Actual Rows": 77537,"Actual Loops": 1,"Index Cond": "((l_shipdate >= '1997-03-01'::date) AND (l_shipdate < '1997-04-01 00:00:00'::timestamp without time zone))","Workers": []}]},{"Node Type": "Hash","Parent Relationship": "Inner","Parallel Aware": true,"Async Capable": false,"Startup Cost": 4930.33,"Total Cost": 4930.33,"Plan Rows": 83333,"Plan Width": 25,"Actual Startup Time": 35.330,"Actual Total Time": 35.334,"Actual Rows": 40000,"Actual Loops": 5,"Hash Buckets": 262144,"Original Hash Buckets": 262144,"Hash Batches": 1,"Original Hash Batches": 1,"Peak Memory Usage": 14208,"Workers": [],"Plans": [{"Node Type": "Seq Scan","Parent Relationship": "Outer","Parallel Aware": true,"Async Capable": false,"Relation Name": "part","Alias": "part","Startup Cost": 0.00,"Total Cost": 4930.33,"Plan Rows": 83333,"Plan Width": 25,"Actual Startup Time": 0.035,"Actual Total Time": 15.361,"Actual Rows": 40000,"Actual Loops": 5,"Workers": []}]}]}]}]}]},"Planning Time": 4.026,"Triggers": [],"Execution Time": 208.949}]
[{"Plan": {"Node Type": "Aggregate","Strategy": "Plain","Partial Mode": "Finalize","Parallel Aware": false,"Async Capable": false,"Startup Cost": 112298.08,"Total Cost": 112298.10,"Plan Rows": 1,"Plan Width": 32,"Actual Startup Time": 191.070,"Actual Total Time": 208.503,"Actual Rows": 1,"Actual Loops": 1,"Plans": [{"Node Type": "Gather","Parent Relationship": "Outer","Parallel Aware": false,"Async Capable": false,"Startup Cost": 112297.63,"Total Cost": 112298.04,"Plan Rows": 4,"Plan Width": 64,"Actual Startup Time": 190.184,"Actual Total Time": 208.450,"Actual Rows": 5,"Actual Loops": 1,"Workers Planned": 4,"Workers Launched": 4,"Single Copy": false,"Plans": [{"Node Type": "Aggregate","Strategy": "Plain","Partial Mode": "Partial","Parent Relationship": "Outer","Parallel Aware": false,"Async Capable": false,"Startup Cost": 111297.63,"Total Cost": 111297.64,"Plan Rows": 1,"Plan Width": 64,"Actual Startup Time": 182.728,"Actual Total Time": 182.742,"Actual Rows": 1,"Actual Loops": 5,"Workers": [],"Plans": [{"Node Type": "Hash Join","Parent Relationship": "Outer","Parallel Aware": true,"Async Capable": false,"Join Type": "Inner","Startup Cost": 7756.28,"Total Cost": 110993.79,"Plan Rows": 17362,"Plan Width": 33,"Actual Startup Time": 66.345,"Actual Total Time": 176.801,"Actual Rows": 15010,"Actual Loops": 5,"Inner Unique": true,"Hash Cond": "(lineitem.l_partkey = part.p_partkey)","Workers": [],"Plans": [{"Node Type": "Bitmap Heap Scan","Parent Relationship": "Outer","Parallel Aware": true,"Async Capable": false,"Relation Name": "lineitem","Alias": "lineitem","Startup Cost": 1784.28,"Total Cost": 104976.22,"Plan Rows": 17362,"Plan Width": 16,"Actual Startup Time": 32.103,"Actual Total Time": 119.300,"Actual Rows": 15010,"Actual Loops": 5,"Recheck Cond": "((l_shipdate >= '1995-11-01'::date) AND (l_shipdate < '1995-12-01 00:00:00'::timestamp without time zone))","Rows Removed by Index Recheck": 0,"Exact Heap Blocks": 8065,"Lossy Heap Blocks": 0,"Workers": [],"Plans": [{"Node Type": "Bitmap Index Scan","Parent Relationship": "Outer","Parallel Aware": false,"Async Capable": false,"Index Name": "idx_lineitem_shipdate","Startup Cost": 0.00,"Total Cost": 1766.92,"Plan Rows": 69449,"Plan Width": 0,"Actual Startup Time": 25.535,"Actual Total Time": 25.540,"Actual Rows": 75052,"Actual Loops": 1,"Index Cond": "((l_shipdate >= '1995-11-01'::date) AND (l_shipdate < '1995-12-01 00:00:00'::timestamp without time zone))","Workers": []}]},{"Node Type": "Hash","Parent Relationship": "Inner","Parallel Aware": true,"Async Capable": false,"Startup Cost": 4930.33,"Total Cost": 4930.33,"Plan Rows": 83333,"Plan Width": 25,"Actual Startup Time": 33.591,"Actual Total Time": 33.596,"Actual Rows": 40000,"Actual Loops": 5,"Hash Buckets": 262144,"Original Hash Buckets": 262144,"Hash Batches": 1,"Original Hash Batches": 1,"Peak Memory Usage": 14176,"Workers": [],"Plans": [{"Node Type": "Seq Scan","Parent Relationship": "Outer","Parallel Aware": true,"Async Capable": false,"Relation Name": "part","Alias": "part","Startup Cost": 0.00,"Total Cost": 4930.33,"Plan Rows": 83333,"Plan Width": 25,"Actual Startup Time": 0.028,"Actual Total Time": 14.589,"Actual Rows": 40000,"Actual Loops": 5,"Workers": []}]}]}]}]}]},"Planning Time": 4.131,"Triggers": [],"Execution Time": 208.779}]
[{"Plan": {"Node Type": "Aggregate","Strategy": "Plain","Partial Mode": "Finalize","Parallel Aware": false,"Async Capable": false,"Startup Cost": 113218.94,"Total Cost": 113218.95,"Plan Rows": 1,"Plan Width": 32,"Actual Startup Time": 194.649,"Actual Total Time": 213.032,"Actual Rows": 1,"Actual Loops": 1,"Plans": [{"Node Type": "Gather","Parent Relationship": "Outer","Parallel Aware": false,"Async Capable": false,"Startup Cost": 113218.48,"Total Cost": 113218.89,"Plan Rows": 4,"Plan Width": 64,"Actual Startup Time": 192.819,"Actual Total Time": 212.981,"Actual Rows": 5,"Actual Loops": 1,"Workers Planned": 4,"Workers Launched": 4,"Single Copy": false,"Plans": [{"Node Type": "Aggregate","Strategy": "Plain","Partial Mode": "Partial","Parent Relationship": "Outer","Parallel Aware": false,"Async Capable": false,"Startup Cost": 112218.48,"Total Cost": 112218.49,"Plan Rows": 1,"Plan Width": 64,"Actual Startup Time": 185.533,"Actual Total Time": 185.546,"Actual Rows": 1,"Actual Loops": 5,"Workers": [],"Plans": [{"Node Type": "Hash Join","Parent Relationship": "Outer","Parallel Aware": true,"Async Capable": false,"Join Type": "Inner","Startup Cost": 7801.26,"Total Cost": 111907.40,"Plan Rows": 17776,"Plan Width": 33,"Actual Startup Time": 62.701,"Actual Total Time": 179.658,"Actual Rows": 15037,"Actual Loops": 5,"Inner Unique": true,"Hash Cond": "(lineitem.l_partkey = part.p_partkey)","Workers": [],"Plans": [{"Node Type": "Bitmap Heap Scan","Parent Relationship": "Outer","Parallel Aware": true,"Async Capable": false,"Relation Name": "lineitem","Alias": "lineitem","Startup Cost": 1829.27,"Total Cost": 105888.74,"Plan Rows": 17776,"Plan Width": 16,"Actual Startup Time": 22.642,"Actual Total Time": 109.385,"Actual Rows": 15037,"Actual Loops": 5,"Recheck Cond": "((l_shipdate >= '1994-04-01'::date) AND (l_shipdate < '1994-05-01 00:00:00'::timestamp without time zone))","Rows Removed by Index Recheck": 0,"Exact Heap Blocks": 8227,"Lossy Heap Blocks": 0,"Workers": [],"Plans": [{"Node Type": "Bitmap Index Scan","Parent Relationship": "Outer","Parallel Aware": false,"Async Capable": false,"Index Name": "idx_lineitem_shipdate","Startup Cost": 0.00,"Total Cost": 1811.49,"Plan Rows": 71106,"Plan Width": 0,"Actual Startup Time": 16.363,"Actual Total Time": 16.364,"Actual Rows": 75186,"Actual Loops": 1,"Index Cond": "((l_shipdate >= '1994-04-01'::date) AND (l_shipdate < '1994-05-01 00:00:00'::timestamp without time zone))","Workers": []}]},{"Node Type": "Hash","Parent Relationship": "Inner","Parallel Aware": true,"Async Capable": false,"Startup Cost": 4930.33,"Total Cost": 4930.33,"Plan Rows": 83333,"Plan Width": 25,"Actual Startup Time": 39.333,"Actual Total Time": 39.338,"Actual Rows": 40000,"Actual Loops": 5,"Hash Buckets": 262144,"Original Hash Buckets": 262144,"Hash Batches": 1,"Original Hash Batches": 1,"Peak Memory Usage": 14208,"Workers": [],"Plans": [{"Node Type": "Seq Scan","Parent Relationship": "Outer","Parallel Aware": true,"Async Capable": false,"Relation Name": "part","Alias": "part","Startup Cost": 0.00,"Total Cost": 4930.33,"Plan Rows": 83333,"Plan Width": 25,"Actual Startup Time": 0.038,"Actual Total Time": 17.251,"Actual Rows": 40000,"Actual Loops": 5,"Workers": []}]}]}]}]}]},"Planning Time": 3.987,"Triggers": [],"Execution Time": 213.305}]
[{"Plan": {"Node Type": "Aggregate","Strategy": "Plain","Partial Mode": "Finalize","Parallel Aware": false,"Async Capable": false,"Startup Cost": 116423.51,"Total Cost": 116423.52,"Plan Rows": 1,"Plan Width": 32,"Actual Startup Time": 193.419,"Actual Total Time": 210.903,"Actual Rows": 1,"Actual Loops": 1,"Plans": [{"Node Type": "Gather","Parent Relationship": "Outer","Parallel Aware": false,"Async Capable": false,"Startup Cost": 116423.05,"Total Cost": 116423.46,"Plan Rows": 4,"Plan Width": 64,"Actual Startup Time": 191.772,"Actual Total Time": 210.852,"Actual Rows": 5,"Actual Loops": 1,"Workers Planned": 4,"Workers Launched": 4,"Single Copy": false,"Plans": [{"Node Type": "Aggregate","Strategy": "Plain","Partial Mode": "Partial","Parent Relationship": "Outer","Parallel Aware": false,"Async Capable": false,"Startup Cost": 115423.05,"Total Cost": 115423.06,"Plan Rows": 1,"Plan Width": 64,"Actual Startup Time": 184.034,"Actual Total Time": 184.046,"Actual Rows": 1,"Actual Loops": 5,"Workers": [],"Plans": [{"Node Type": "Hash Join","Parent Relationship": "Outer","Parallel Aware": true,"Async Capable": false,"Join Type": "Inner","Startup Cost": 7962.54,"Total Cost": 115084.11,"Plan Rows": 19368,"Plan Width": 33,"Actual Startup Time": 59.026,"Actual Total Time": 177.787,"Actual Rows": 15441,"Actual Loops": 5,"Inner Unique": true,"Hash Cond": "(lineitem.l_partkey = part.p_partkey)","Workers": [],"Plans": [{"Node Type": "Bitmap Heap Scan","Parent Relationship": "Outer","Parallel Aware": true,"Async Capable": false,"Relation Name": "lineitem","Alias": "lineitem","Startup Cost": 1990.54,"Total Cost": 109061.27,"Plan Rows": 19368,"Plan Width": 16,"Actual Startup Time": 22.262,"Actual Total Time": 110.318,"Actual Rows": 15441,"Actual Loops": 5,"Recheck Cond": "((l_shipdate >= '1995-12-01'::date) AND (l_shipdate < '1996-01-01 00:00:00'::timestamp without time zone))","Rows Removed by Index Recheck": 0,"Exact Heap Blocks": 7749,"Lossy Heap Blocks": 0,"Workers": [],"Plans": [{"Node Type": "Bitmap Index Scan","Parent Relationship": "Outer","Parallel Aware": false,"Async Capable": false,"Index Name": "idx_lineitem_shipdate","Startup Cost": 0.00,"Total Cost": 1971.17,"Plan Rows": 77474,"Plan Width": 0,"Actual Startup Time": 16.016,"Actual Total Time": 16.018,"Actual Rows": 77203,"Actual Loops": 1,"Index Cond": "((l_shipdate >= '1995-12-01'::date) AND (l_shipdate < '1996-01-01 00:00:00'::timestamp without time zone))","Workers": []}]},{"Node Type": "Hash","Parent Relationship": "Inner","Parallel Aware": true,"Async Capable": false,"Startup Cost": 4930.33,"Total Cost": 4930.33,"Plan Rows": 83333,"Plan Width": 25,"Actual Startup Time": 36.084,"Actual Total Time": 36.088,"Actual Rows": 40000,"Actual Loops": 5,"Hash Buckets": 262144,"Original Hash Buckets": 262144,"Hash Batches": 1,"Original Hash Batches": 1,"Peak Memory Usage": 14208,"Workers": [],"Plans": [{"Node Type": "Seq Scan","Parent Relationship": "Outer","Parallel Aware": true,"Async Capable": false,"Relation Name": "part","Alias": "part","Startup Cost": 0.00,"Total Cost": 4930.33,"Plan Rows": 83333,"Plan Width": 25,"Actual Startup Time": 0.025,"Actual Total Time": 17.161,"Actual Rows": 40000,"Actual Loops": 5,"Workers": []}]}]}]}]}]},"Planning Time": 5.431,"Triggers": [],"Execution Time": 211.162}]
[{"Plan": {"Node Type": "Aggregate","Strategy": "Plain","Partial Mode": "Finalize","Parallel Aware": false,"Async Capable": false,"Startup Cost": 114988.17,"Total Cost": 114988.19,"Plan Rows": 1,"Plan Width": 32,"Actual Startup Time": 191.420,"Actual Total Time": 208.040,"Actual Rows": 1,"Actual Loops": 1,"Plans": [{"Node Type": "Gather","Parent Relationship": "Outer","Parallel Aware": false,"Async Capable": false,"Startup Cost": 114987.72,"Total Cost": 114988.13,"Plan Rows": 4,"Plan Width": 64,"Actual Startup Time": 190.087,"Actual Total Time": 207.994,"Actual Rows": 5,"Actual Loops": 1,"Workers Planned": 4,"Workers Launched": 4,"Single Copy": false,"Plans": [{"Node Type": "Aggregate","Strategy": "Plain","Partial Mode": "Partial","Parent Relationship": "Outer","Parallel Aware": false,"Async Capable": false,"Startup Cost": 113987.72,"Total Cost": 113987.73,"Plan Rows": 1,"Plan Width": 64,"Actual Startup Time": 182.433,"Actual Total Time": 182.445,"Actual Rows": 1,"Actual Loops": 5,"Workers": [],"Plans": [{"Node Type": "Hash Join","Parent Relationship": "Outer","Parallel Aware": true,"Async Capable": false,"Join Type": "Inner","Startup Cost": 7888.03,"Total Cost": 113661.79,"Plan Rows": 18624,"Plan Width": 33,"Actual Startup Time": 61.927,"Actual Total Time": 176.320,"Actual Rows": 15394,"Actual Loops": 5,"Inner Unique": true,"Hash Cond": "(lineitem.l_partkey = part.p_partkey)","Workers": [],"Plans": [{"Node Type": "Bitmap Heap Scan","Parent Relationship": "Outer","Parallel Aware": true,"Async Capable": false,"Relation Name": "lineitem","Alias": "lineitem","Startup Cost": 1916.04,"Total Cost": 107640.91,"Plan Rows": 18624,"Plan Width": 16,"Actual Startup Time": 24.987,"Actual Total Time": 110.729,"Actual Rows": 15394,"Actual Loops": 5,"Recheck Cond": "((l_shipdate >= '1996-07-01'::date) AND (l_shipdate < '1996-08-01 00:00:00'::timestamp without time zone))","Rows Removed by Index Recheck": 0,"Exact Heap Blocks": 7965,"Lossy Heap Blocks": 0,"Workers": [],"Plans": [{"Node Type": "Bitmap Index Scan","Parent Relationship": "Outer","Parallel Aware": false,"Async Capable": false,"Index Name": "idx_lineitem_shipdate","Startup Cost": 0.00,"Total Cost": 1897.41,"Plan Rows": 74498,"Plan Width": 0,"Actual Startup Time": 18.517,"Actual Total Time": 18.520,"Actual Rows": 76969,"Actual Loops": 1,"Index Cond": "((l_shipdate >= '1996-07-01'::date) AND (l_shipdate < '1996-08-01 00:00:00'::timestamp without time zone))","Workers": []}]},{"Node Type": "Hash","Parent Relationship": "Inner","Parallel Aware": true,"Async Capable": false,"Startup Cost": 4930.33,"Total Cost": 4930.33,"Plan Rows": 83333,"Plan Width": 25,"Actual Startup Time": 36.145,"Actual Total Time": 36.150,"Actual Rows": 40000,"Actual Loops": 5,"Hash Buckets": 262144,"Original Hash Buckets": 262144,"Hash Batches": 1,"Original Hash Batches": 1,"Peak Memory Usage": 14240,"Workers": [],"Plans": [{"Node Type": "Seq Scan","Parent Relationship": "Outer","Parallel Aware": true,"Async Capable": false,"Relation Name": "part","Alias": "part","Startup Cost": 0.00,"Total Cost": 4930.33,"Plan Rows": 83333,"Plan Width": 25,"Actual Startup Time": 0.045,"Actual Total Time": 16.144,"Actual Rows": 40000,"Actual Loops": 5,"Workers": []}]}]}]}]}]},"Planning Time": 3.961,"Triggers": [],"Execution Time": 208.334}]
[{"Plan": {"Node Type": "Aggregate","Strategy": "Plain","Partial Mode": "Finalize","Parallel Aware": false,"Async Capable": false,"Startup Cost": 115414.72,"Total Cost": 115414.73,"Plan Rows": 1,"Plan Width": 32,"Actual Startup Time": 187.053,"Actual Total Time": 203.755,"Actual Rows": 1,"Actual Loops": 1,"Plans": [{"Node Type": "Gather","Parent Relationship": "Outer","Parallel Aware": false,"Async Capable": false,"Startup Cost": 115414.26,"Total Cost": 115414.67,"Plan Rows": 4,"Plan Width": 64,"Actual Startup Time": 185.070,"Actual Total Time": 203.718,"Actual Rows": 5,"Actual Loops": 1,"Workers Planned": 4,"Workers Launched": 4,"Single Copy": false,"Plans": [{"Node Type": "Aggregate","Strategy": "Plain","Partial Mode": "Partial","Parent Relationship": "Outer","Parallel Aware": false,"Async Capable": false,"Startup Cost": 114414.26,"Total Cost": 114414.27,"Plan Rows": 1,"Plan Width": 64,"Actual Startup Time": 177.250,"Actual Total Time": 177.262,"Actual Rows": 1,"Actual Loops": 5,"Workers": [],"Plans": [{"Node Type": "Hash Join","Parent Relationship": "Outer","Parallel Aware": true,"Async Capable": false,"Join Type": "Inner","Startup Cost": 7908.88,"Total Cost": 114084.56,"Plan Rows": 18840,"Plan Width": 33,"Actual Startup Time": 55.990,"Actual Total Time": 171.341,"Actual Rows": 14962,"Actual Loops": 5,"Inner Unique": true,"Hash Cond": "(lineitem.l_partkey = part.p_partkey)","Workers": [],"Plans": [{"Node Type": "Bitmap Heap Scan","Parent Relationship": "Outer","Parallel Aware": true,"Async Capable": false,"Relation Name": "lineitem","Alias": "lineitem","Startup Cost": 1936.88,"Total Cost": 108063.10,"Plan Rows": 18840,"Plan Width": 16,"Actual Startup Time": 21.982,"Actual Total Time": 110.904,"Actual Rows": 14962,"Actual Loops": 5,"Recheck Cond": "((l_shipdate >= '1994-06-01'::date) AND (l_shipdate < '1994-07-01 00:00:00'::timestamp without time zone))","Rows Removed by Index Recheck": 0,"Exact Heap Blocks": 8391,"Lossy Heap Blocks": 0,"Workers": [],"Plans": [{"Node Type": "Bitmap Index Scan","Parent Relationship": "Outer","Parallel Aware": false,"Async Capable": false,"Index Name": "idx_lineitem_shipdate","Startup Cost": 0.00,"Total Cost": 1918.04,"Plan Rows": 75361,"Plan Width": 0,"Actual Startup Time": 15.790,"Actual Total Time": 15.792,"Actual Rows": 74812,"Actual Loops": 1,"Index Cond": "((l_shipdate >= '1994-06-01'::date) AND (l_shipdate < '1994-07-01 00:00:00'::timestamp without time zone))","Workers": []}]},{"Node Type": "Hash","Parent Relationship": "Inner","Parallel Aware": true,"Async Capable": false,"Startup Cost": 4930.33,"Total Cost": 4930.33,"Plan Rows": 83333,"Plan Width": 25,"Actual Startup Time": 33.250,"Actual Total Time": 33.254,"Actual Rows": 40000,"Actual Loops": 5,"Hash Buckets": 262144,"Original Hash Buckets": 262144,"Hash Batches": 1,"Original Hash Batches": 1,"Peak Memory Usage": 14240,"Workers": [],"Plans": [{"Node Type": "Seq Scan","Parent Relationship": "Outer","Parallel Aware": true,"Async Capable": false,"Relation Name": "part","Alias": "part","Startup Cost": 0.00,"Total Cost": 4930.33,"Plan Rows": 83333,"Plan Width": 25,"Actual Startup Time": 0.033,"Actual Total Time": 14.354,"Actual Rows": 40000,"Actual Loops": 5,"Workers": []}]}]}]}]}]},"Planning Time": 4.908,"Triggers": [],"Execution Time": 204.115}]
[{"Plan": {"Node Type": "Aggregate","Strategy": "Plain","Partial Mode": "Finalize","Parallel Aware": false,"Async Capable": false,"Startup Cost": 115338.69,"Total Cost": 115338.71,"Plan Rows": 1,"Plan Width": 32,"Actual Startup Time": 199.829,"Actual Total Time": 219.842,"Actual Rows": 1,"Actual Loops": 1,"Plans": [{"Node Type": "Gather","Parent Relationship": "Outer","Parallel Aware": false,"Async Capable": false,"Startup Cost": 115338.24,"Total Cost": 115338.65,"Plan Rows": 4,"Plan Width": 64,"Actual Startup Time": 198.858,"Actual Total Time": 219.794,"Actual Rows": 5,"Actual Loops": 1,"Workers Planned": 4,"Workers Launched": 4,"Single Copy": false,"Plans": [{"Node Type": "Aggregate","Strategy": "Plain","Partial Mode": "Partial","Parent Relationship": "Outer","Parallel Aware": false,"Async Capable": false,"Startup Cost": 114338.24,"Total Cost": 114338.25,"Plan Rows": 1,"Plan Width": 64,"Actual Startup Time": 190.294,"Actual Total Time": 190.307,"Actual Rows": 1,"Actual Loops": 5,"Workers": [],"Plans": [{"Node Type": "Hash Join","Parent Relationship": "Outer","Parallel Aware": true,"Async Capable": false,"Join Type": "Inner","Startup Cost": 7903.33,"Total Cost": 114009.20,"Plan Rows": 18802,"Plan Width": 33,"Actual Startup Time": 61.506,"Actual Total Time": 183.262,"Actual Rows": 15403,"Actual Loops": 5,"Inner Unique": true,"Hash Cond": "(lineitem.l_partkey = part.p_partkey)","Workers": [],"Plans": [{"Node Type": "Bitmap Heap Scan","Parent Relationship": "Outer","Parallel Aware": true,"Async Capable": false,"Relation Name": "lineitem","Alias": "lineitem","Startup Cost": 1931.34,"Total Cost": 107987.84,"Plan Rows": 18803,"Plan Width": 16,"Actual Startup Time": 22.372,"Actual Total Time": 111.171,"Actual Rows": 15403,"Actual Loops": 5,"Recheck Cond": "((l_shipdate >= '1997-10-01'::date) AND (l_shipdate < '1997-11-01 00:00:00'::timestamp without time zone))","Rows Removed by Index Recheck": 0,"Exact Heap Blocks": 6871,"Lossy Heap Blocks": 0,"Workers": [],"Plans": [{"Node Type": "Bitmap Index Scan","Parent Relationship": "Outer","Parallel Aware": false,"Async Capable": false,"Index Name": "idx_lineitem_shipdate","Startup Cost": 0.00,"Total Cost": 1912.53,"Plan Rows": 75210,"Plan Width": 0,"Actual Startup Time": 16.032,"Actual Total Time": 16.036,"Actual Rows": 77013,"Actual Loops": 1,"Index Cond": "((l_shipdate >= '1997-10-01'::date) AND (l_shipdate < '1997-11-01 00:00:00'::timestamp without time zone))","Workers": []}]},{"Node Type": "Hash","Parent Relationship": "Inner","Parallel Aware": true,"Async Capable": false,"Startup Cost": 4930.33,"Total Cost": 4930.33,"Plan Rows": 83333,"Plan Width": 25,"Actual Startup Time": 38.387,"Actual Total Time": 38.393,"Actual Rows": 40000,"Actual Loops": 5,"Hash Buckets": 262144,"Original Hash Buckets": 262144,"Hash Batches": 1,"Original Hash Batches": 1,"Peak Memory Usage": 14208,"Workers": [],"Plans": [{"Node Type": "Seq Scan","Parent Relationship": "Outer","Parallel Aware": true,"Async Capable": false,"Relation Name": "part","Alias": "part","Startup Cost": 0.00,"Total Cost": 4930.33,"Plan Rows": 83333,"Plan Width": 25,"Actual Startup Time": 0.031,"Actual Total Time": 17.971,"Actual Rows": 40000,"Actual Loops": 5,"Workers": []}]}]}]}]}]},"Planning Time": 3.861,"Triggers": [],"Execution Time": 220.121}]
[{"Plan": {"Node Type": "Aggregate","Strategy": "Plain","Partial Mode": "Finalize","Parallel Aware": false,"Async Capable": false,"Startup Cost": 115729.57,"Total Cost": 115729.59,"Plan Rows": 1,"Plan Width": 32,"Actual Startup Time": 204.888,"Actual Total Time": 221.461,"Actual Rows": 1,"Actual Loops": 1,"Plans": [{"Node Type": "Gather","Parent Relationship": "Outer","Parallel Aware": false,"Async Capable": false,"Startup Cost": 115729.12,"Total Cost": 115729.53,"Plan Rows": 4,"Plan Width": 64,"Actual Startup Time": 203.543,"Actual Total Time": 221.416,"Actual Rows": 5,"Actual Loops": 1,"Workers Planned": 4,"Workers Launched": 4,"Single Copy": false,"Plans": [{"Node Type": "Aggregate","Strategy": "Plain","Partial Mode": "Partial","Parent Relationship": "Outer","Parallel Aware": false,"Async Capable": false,"Startup Cost": 114729.12,"Total Cost": 114729.13,"Plan Rows": 1,"Plan Width": 64,"Actual Startup Time": 195.848,"Actual Total Time": 195.864,"Actual Rows": 1,"Actual Loops": 5,"Workers": [],"Plans": [{"Node Type": "Hash Join","Parent Relationship": "Outer","Parallel Aware": true,"Async Capable": false,"Join Type": "Inner","Startup Cost": 7927.48,"Total Cost": 114396.59,"Plan Rows": 19001,"Plan Width": 33,"Actual Startup Time": 68.169,"Actual Total Time": 189.649,"Actual Rows": 15436,"Actual Loops": 5,"Inner Unique": true,"Hash Cond": "(lineitem.l_partkey = part.p_partkey)","Workers": [],"Plans": [{"Node Type": "Bitmap Heap Scan","Parent Relationship": "Outer","Parallel Aware": true,"Async Capable": false,"Relation Name": "lineitem","Alias": "lineitem","Startup Cost": 1955.48,"Total Cost": 108374.72,"Plan Rows": 19001,"Plan Width": 16,"Actual Startup Time": 32.679,"Actual Total Time": 124.661,"Actual Rows": 15436,"Actual Loops": 5,"Recheck Cond": "((l_shipdate >= '1996-03-01'::date) AND (l_shipdate < '1996-04-01 00:00:00'::timestamp without time zone))","Rows Removed by Index Recheck": 0,"Exact Heap Blocks": 7444,"Lossy Heap Blocks": 0,"Workers": [],"Plans": [{"Node Type": "Bitmap Index Scan","Parent Relationship": "Outer","Parallel Aware": false,"Async Capable": false,"Index Name": "idx_lineitem_shipdate","Startup Cost": 0.00,"Total Cost": 1936.48,"Plan Rows": 76005,"Plan Width": 0,"Actual Startup Time": 26.050,"Actual Total Time": 26.055,"Actual Rows": 77182,"Actual Loops": 1,"Index Cond": "((l_shipdate >= '1996-03-01'::date) AND (l_shipdate < '1996-04-01 00:00:00'::timestamp without time zone))","Workers": []}]},{"Node Type": "Hash","Parent Relationship": "Inner","Parallel Aware": true,"Async Capable": false,"Startup Cost": 4930.33,"Total Cost": 4930.33,"Plan Rows": 83333,"Plan Width": 25,"Actual Startup Time": 34.792,"Actual Total Time": 34.798,"Actual Rows": 40000,"Actual Loops": 5,"Hash Buckets": 262144,"Original Hash Buckets": 262144,"Hash Batches": 1,"Original Hash Batches": 1,"Peak Memory Usage": 14240,"Workers": [],"Plans": [{"Node Type": "Seq Scan","Parent Relationship": "Outer","Parallel Aware": true,"Async Capable": false,"Relation Name": "part","Alias": "part","Startup Cost": 0.00,"Total Cost": 4930.33,"Plan Rows": 83333,"Plan Width": 25,"Actual Startup Time": 0.032,"Actual Total Time": 15.195,"Actual Rows": 40000,"Actual Loops": 5,"Workers": []}]}]}]}]}]},"Planning Time": 5.059,"Triggers": [],"Execution Time": 221.816}]
[{"Plan": {"Node Type": "Aggregate","Strategy": "Plain","Partial Mode": "Finalize","Parallel Aware": false,"Async Capable": false,"Startup Cost": 113256.41,"Total Cost": 113256.42,"Plan Rows": 1,"Plan Width": 32,"Actual Startup Time": 215.093,"Actual Total Time": 231.718,"Actual Rows": 1,"Actual Loops": 1,"Plans": [{"Node Type": "Gather","Parent Relationship": "Outer","Parallel Aware": false,"Async Capable": false,"Startup Cost": 113255.95,"Total Cost": 113256.36,"Plan Rows": 4,"Plan Width": 64,"Actual Startup Time": 213.734,"Actual Total Time": 231.683,"Actual Rows": 5,"Actual Loops": 1,"Workers Planned": 4,"Workers Launched": 4,"Single Copy": false,"Plans": [{"Node Type": "Aggregate","Strategy": "Plain","Partial Mode": "Partial","Parent Relationship": "Outer","Parallel Aware": false,"Async Capable": false,"Startup Cost": 112255.95,"Total Cost": 112255.96,"Plan Rows": 1,"Plan Width": 64,"Actual Startup Time": 205.981,"Actual Total Time": 205.993,"Actual Rows": 1,"Actual Loops": 5,"Workers": [],"Plans": [{"Node Type": "Hash Join","Parent Relationship": "Outer","Parallel Aware": true,"Async Capable": false,"Join Type": "Inner","Startup Cost": 7801.99,"Total Cost": 111944.55,"Plan Rows": 17794,"Plan Width": 33,"Actual Startup Time": 72.104,"Actual Total Time": 199.882,"Actual Rows": 14977,"Actual Loops": 5,"Inner Unique": true,"Hash Cond": "(lineitem.l_partkey = part.p_partkey)","Workers": [],"Plans": [{"Node Type": "Bitmap Heap Scan","Parent Relationship": "Outer","Parallel Aware": true,"Async Capable": false,"Relation Name": "lineitem","Alias": "lineitem","Startup Cost": 1830.00,"Total Cost": 105925.85,"Plan Rows": 17794,"Plan Width": 16,"Actual Startup Time": 33.299,"Actual Total Time": 129.846,"Actual Rows": 14977,"Actual Loops": 5,"Recheck Cond": "((l_shipdate >= '1996-06-01'::date) AND (l_shipdate < '1996-07-01 00:00:00'::timestamp without time zone))","Rows Removed by Index Recheck": 0,"Exact Heap Blocks": 7268,"Lossy Heap Blocks": 0,"Workers": [],"Plans": [{"Node Type": "Bitmap Index Scan","Parent Relationship": "Outer","Parallel Aware": false,"Async Capable": false,"Index Name": "idx_lineitem_shipdate","Startup Cost": 0.00,"Total Cost": 1812.20,"Plan Rows": 71177,"Plan Width": 0,"Actual Startup Time": 26.686,"Actual Total Time": 26.689,"Actual Rows": 74883,"Actual Loops": 1,"Index Cond": "((l_shipdate >= '1996-06-01'::date) AND (l_shipdate < '1996-07-01 00:00:00'::timestamp without time zone))","Workers": []}]},{"Node Type": "Hash","Parent Relationship": "Inner","Parallel Aware": true,"Async Capable": false,"Startup Cost": 4930.33,"Total Cost": 4930.33,"Plan Rows": 83333,"Plan Width": 25,"Actual Startup Time": 38.000,"Actual Total Time": 38.003,"Actual Rows": 40000,"Actual Loops": 5,"Hash Buckets": 262144,"Original Hash Buckets": 262144,"Hash Batches": 1,"Original Hash Batches": 1,"Peak Memory Usage": 14240,"Workers": [],"Plans": [{"Node Type": "Seq Scan","Parent Relationship": "Outer","Parallel Aware": true,"Async Capable": false,"Relation Name": "part","Alias": "part","Startup Cost": 0.00,"Total Cost": 4930.33,"Plan Rows": 83333,"Plan Width": 25,"Actual Startup Time": 0.037,"Actual Total Time": 16.423,"Actual Rows": 40000,"Actual Loops": 5,"Workers": []}]}]}]}]}]},"Planning Time": 4.461,"Triggers": [],"Execution Time": 232.060}]
[{"Plan": {"Node Type": "Aggregate","Strategy": "Plain","Partial Mode": "Finalize","Parallel Aware": false,"Async Capable": false,"Startup Cost": 113859.14,"Total Cost": 113859.15,"Plan Rows": 1,"Plan Width": 32,"Actual Startup Time": 183.004,"Actual Total Time": 200.909,"Actual Rows": 1,"Actual Loops": 1,"Plans": [{"Node Type": "Gather","Parent Relationship": "Outer","Parallel Aware": false,"Async Capable": false,"Startup Cost": 113858.68,"Total Cost": 113859.09,"Plan Rows": 4,"Plan Width": 64,"Actual Startup Time": 181.448,"Actual Total Time": 200.864,"Actual Rows": 5,"Actual Loops": 1,"Workers Planned": 4,"Workers Launched": 4,"Single Copy": false,"Plans": [{"Node Type": "Aggregate","Strategy": "Plain","Partial Mode": "Partial","Parent Relationship": "Outer","Parallel Aware": false,"Async Capable": false,"Startup Cost": 112858.68,"Total Cost": 112858.69,"Plan Rows": 1,"Plan Width": 64,"Actual Startup Time": 173.739,"Actual Total Time": 173.753,"Actual Rows": 1,"Actual Loops": 5,"Workers": [],"Plans": [{"Node Type": "Hash Join","Parent Relationship": "Outer","Parallel Aware": true,"Async Capable": false,"Join Type": "Inner","Startup Cost": 7829.57,"Total Cost": 112542.33,"Plan Rows": 18077,"Plan Width": 33,"Actual Startup Time": 58.239,"Actual Total Time": 167.706,"Actual Rows": 15488,"Actual Loops": 5,"Inner Unique": true,"Hash Cond": "(lineitem.l_partkey = part.p_partkey)","Workers": [],"Plans": [{"Node Type": "Bitmap Heap Scan","Parent Relationship": "Outer","Parallel Aware": true,"Async Capable": false,"Relation Name": "lineitem","Alias": "lineitem","Startup Cost": 1857.58,"Total Cost": 106522.88,"Plan Rows": 18077,"Plan Width": 16,"Actual Startup Time": 22.396,"Actual Total Time": 105.318,"Actual Rows": 15488,"Actual Loops": 5,"Recheck Cond": "((l_shipdate >= '1997-05-01'::date) AND (l_shipdate < '1997-06-01 00:00:00'::timestamp without time zone))","Rows Removed by Index Recheck": 0,"Exact Heap Blocks": 7623,"Lossy Heap Blocks": 0,"Workers": [],"Plans": [{"Node Type": "Bitmap Index Scan","Parent Relationship": "Outer","Parallel Aware": false,"Async Capable": false,"Index Name": "idx_lineitem_shipdate","Startup Cost": 0.00,"Total Cost": 1839.50,"Plan Rows": 72307,"Plan Width": 0,"Actual Startup Time": 16.147,"Actual Total Time": 16.149,"Actual Rows": 77438,"Actual Loops": 1,"Index Cond": "((l_shipdate >= '1997-05-01'::date) AND (l_shipdate < '1997-06-01 00:00:00'::timestamp without time zone))","Workers": []}]},{"Node Type": "Hash","Parent Relationship": "Inner","Parallel Aware": true,"Async Capable": false,"Startup Cost": 4930.33,"Total Cost": 4930.33,"Plan Rows": 83333,"Plan Width": 25,"Actual Startup Time": 35.023,"Actual Total Time": 35.029,"Actual Rows": 40000,"Actual Loops": 5,"Hash Buckets": 262144,"Original Hash Buckets": 262144,"Hash Batches": 1,"Original Hash Batches": 1,"Peak Memory Usage": 14240,"Workers": [],"Plans": [{"Node Type": "Seq Scan","Parent Relationship": "Outer","Parallel Aware": true,"Async Capable": false,"Relation Name": "part","Alias": "part","Startup Cost": 0.00,"Total Cost": 4930.33,"Plan Rows": 83333,"Plan Width": 25,"Actual Startup Time": 0.034,"Actual Total Time": 15.067,"Actual Rows": 40000,"Actual Loops": 5,"Workers": []}]}]}]}]}]},"Planning Time": 4.177,"Triggers": [],"Execution Time": 201.222}]
[{"Plan": {"Node Type": "Aggregate","Strategy": "Plain","Partial Mode": "Finalize","Parallel Aware": false,"Async Capable": false,"Startup Cost": 113981.89,"Total Cost": 113981.91,"Plan Rows": 1,"Plan Width": 32,"Actual Startup Time": 197.174,"Actual Total Time": 213.438,"Actual Rows": 1,"Actual Loops": 1,"Plans": [{"Node Type": "Gather","Parent Relationship": "Outer","Parallel Aware": false,"Async Capable": false,"Startup Cost": 113981.44,"Total Cost": 113981.85,"Plan Rows": 4,"Plan Width": 64,"Actual Startup Time": 195.686,"Actual Total Time": 213.400,"Actual Rows": 5,"Actual Loops": 1,"Workers Planned": 4,"Workers Launched": 4,"Single Copy": false,"Plans": [{"Node Type": "Aggregate","Strategy": "Plain","Partial Mode": "Partial","Parent Relationship": "Outer","Parallel Aware": false,"Async Capable": false,"Startup Cost": 112981.44,"Total Cost": 112981.45,"Plan Rows": 1,"Plan Width": 64,"Actual Startup Time": 187.932,"Actual Total Time": 187.944,"Actual Rows": 1,"Actual Loops": 5,"Workers": [],"Plans": [{"Node Type": "Hash Join","Parent Relationship": "Outer","Parallel Aware": true,"Async Capable": false,"Join Type": "Inner","Startup Cost": 7835.95,"Total Cost": 112664.07,"Plan Rows": 18135,"Plan Width": 33,"Actual Startup Time": 63.652,"Actual Total Time": 181.847,"Actual Rows": 15463,"Actual Loops": 5,"Inner Unique": true,"Hash Cond": "(lineitem.l_partkey = part.p_partkey)","Workers": [],"Plans": [{"Node Type": "Bitmap Heap Scan","Parent Relationship": "Outer","Parallel Aware": true,"Async Capable": false,"Relation Name": "lineitem","Alias": "lineitem","Startup Cost": 1863.96,"Total Cost": 106644.47,"Plan Rows": 18135,"Plan Width": 16,"Actual Startup Time": 23.262,"Actual Total Time": 111.502,"Actual Rows": 15463,"Actual Loops": 5,"Recheck Cond": "((l_shipdate >= '1993-12-01'::date) AND (l_shipdate < '1994-01-01 00:00:00'::timestamp without time zone))","Rows Removed by Index Recheck": 0,"Exact Heap Blocks": 8224,"Lossy Heap Blocks": 0,"Workers": [],"Plans": [{"Node Type": "Bitmap Index Scan","Parent Relationship": "Outer","Parallel Aware": false,"Async Capable": false,"Index Name": "idx_lineitem_shipdate","Startup Cost": 0.00,"Total Cost": 1845.82,"Plan Rows": 72539,"Plan Width": 0,"Actual Startup Time": 16.967,"Actual Total Time": 16.973,"Actual Rows": 77313,"Actual Loops": 1,"Index Cond": "((l_shipdate >= '1993-12-01'::date) AND (l_shipdate < '1994-01-01 00:00:00'::timestamp without time zone))","Workers": []}]},{"Node Type": "Hash","Parent Relationship": "Inner","Parallel Aware": true,"Async Capable": false,"Startup Cost": 4930.33,"Total Cost": 4930.33,"Plan Rows": 83333,"Plan Width": 25,"Actual Startup Time": 39.572,"Actual Total Time": 39.575,"Actual Rows": 40000,"Actual Loops": 5,"Hash Buckets": 262144,"Original Hash Buckets": 262144,"Hash Batches": 1,"Original Hash Batches": 1,"Peak Memory Usage": 14208,"Workers": [],"Plans": [{"Node Type": "Seq Scan","Parent Relationship": "Outer","Parallel Aware": true,"Async Capable": false,"Relation Name": "part","Alias": "part","Startup Cost": 0.00,"Total Cost": 4930.33,"Plan Rows": 83333,"Plan Width": 25,"Actual Startup Time": 0.049,"Actual Total Time": 17.416,"Actual Rows": 40000,"Actual Loops": 5,"Workers": []}]}]}]}]}]},"Planning Time": 4.239,"Triggers": [],"Execution Time": 213.703}]
[{"Plan": {"Node Type": "Aggregate","Strategy": "Plain","Partial Mode": "Finalize","Parallel Aware": false,"Async Capable": false,"Startup Cost": 115729.57,"Total Cost": 115729.59,"Plan Rows": 1,"Plan Width": 32,"Actual Startup Time": 204.888,"Actual Total Time": 221.461,"Actual Rows": 1,"Actual Loops": 1,"Plans": [{"Node Type": "Gather","Parent Relationship": "Outer","Parallel Aware": false,"Async Capable": false,"Startup Cost": 115729.12,"Total Cost": 115729.53,"Plan Rows": 4,"Plan Width": 64,"Actual Startup Time": 203.543,"Actual Total Time": 221.416,"Actual Rows": 5,"Actual Loops": 1,"Workers Planned": 4,"Workers Launched": 4,"Single Copy": false,"Plans": [{"Node Type": "Aggregate","Strategy": "Plain","Partial Mode": "Partial","Parent Relationship": "Outer","Parallel Aware": false,"Async Capable": false,"Startup Cost": 114729.12,"Total Cost": 114729.13,"Plan Rows": 1,"Plan Width": 64,"Actual Startup Time": 195.848,"Actual Total Time": 195.864,"Actual Rows": 1,"Actual Loops": 5,"Workers": [],"Plans": [{"Node Type": "Hash Join","Parent Relationship": "Outer","Parallel Aware": true,"Async Capable": false,"Join Type": "Inner","Startup Cost": 7927.48,"Total Cost": 114396.59,"Plan Rows": 19001,"Plan Width": 33,"Actual Startup Time": 68.169,"Actual Total Time": 189.649,"Actual Rows": 15436,"Actual Loops": 5,"Inner Unique": true,"Hash Cond": "(lineitem.l_partkey = part.p_partkey)","Workers": [],"Plans": [{"Node Type": "Bitmap Heap Scan","Parent Relationship": "Outer","Parallel Aware": true,"Async Capable": false,"Relation Name": "lineitem","Alias": "lineitem","Startup Cost": 1955.48,"Total Cost": 108374.72,"Plan Rows": 19001,"Plan Width": 16,"Actual Startup Time": 32.679,"Actual Total Time": 124.661,"Actual Rows": 15436,"Actual Loops": 5,"Recheck Cond": "((l_shipdate >= '1996-03-01'::date) AND (l_shipdate < '1996-04-01 00:00:00'::timestamp without time zone))","Rows Removed by Index Recheck": 0,"Exact Heap Blocks": 7444,"Lossy Heap Blocks": 0,"Workers": [],"Plans": [{"Node Type": "Bitmap Index Scan","Parent Relationship": "Outer","Parallel Aware": false,"Async Capable": false,"Index Name": "idx_lineitem_shipdate","Startup Cost": 0.00,"Total Cost": 1936.48,"Plan Rows": 76005,"Plan Width": 0,"Actual Startup Time": 26.050,"Actual Total Time": 26.055,"Actual Rows": 77182,"Actual Loops": 1,"Index Cond": "((l_shipdate >= '1996-03-01'::date) AND (l_shipdate < '1996-04-01 00:00:00'::timestamp without time zone))","Workers": []}]},{"Node Type": "Hash","Parent Relationship": "Inner","Parallel Aware": true,"Async Capable": false,"Startup Cost": 4930.33,"Total Cost": 4930.33,"Plan Rows": 83333,"Plan Width": 25,"Actual Startup Time": 34.792,"Actual Total Time": 34.798,"Actual Rows": 40000,"Actual Loops": 5,"Hash Buckets": 262144,"Original Hash Buckets": 262144,"Hash Batches": 1,"Original Hash Batches": 1,"Peak Memory Usage": 14240,"Workers": [],"Plans": [{"Node Type": "Seq Scan","Parent Relationship": "Outer","Parallel Aware": true,"Async Capable": false,"Relation Name": "part","Alias": "part","Startup Cost": 0.00,"Total Cost": 4930.33,"Plan Rows": 83333,"Plan Width": 25,"Actual Startup Time": 0.032,"Actual Total Time": 15.195,"Actual Rows": 40000,"Actual Loops": 5,"Workers": []}]}]}]}]}]},"Planning Time": 5.059,"Triggers": [],"Execution Time": 221.816}]
[{"Plan": {"Node Type": "Aggregate","Strategy": "Plain","Partial Mode": "Finalize","Parallel Aware": false,"Async Capable": false,"Startup Cost": 113981.89,"Total Cost": 113981.91,"Plan Rows": 1,"Plan Width": 32,"Actual Startup Time": 197.174,"Actual Total Time": 213.438,"Actual Rows": 1,"Actual Loops": 1,"Plans": [{"Node Type": "Gather","Parent Relationship": "Outer","Parallel Aware": false,"Async Capable": false,"Startup Cost": 113981.44,"Total Cost": 113981.85,"Plan Rows": 4,"Plan Width": 64,"Actual Startup Time": 195.686,"Actual Total Time": 213.400,"Actual Rows": 5,"Actual Loops": 1,"Workers Planned": 4,"Workers Launched": 4,"Single Copy": false,"Plans": [{"Node Type": "Aggregate","Strategy": "Plain","Partial Mode": "Partial","Parent Relationship": "Outer","Parallel Aware": false,"Async Capable": false,"Startup Cost": 112981.44,"Total Cost": 112981.45,"Plan Rows": 1,"Plan Width": 64,"Actual Startup Time": 187.932,"Actual Total Time": 187.944,"Actual Rows": 1,"Actual Loops": 5,"Workers": [],"Plans": [{"Node Type": "Hash Join","Parent Relationship": "Outer","Parallel Aware": true,"Async Capable": false,"Join Type": "Inner","Startup Cost": 7835.95,"Total Cost": 112664.07,"Plan Rows": 18135,"Plan Width": 33,"Actual Startup Time": 63.652,"Actual Total Time": 181.847,"Actual Rows": 15463,"Actual Loops": 5,"Inner Unique": true,"Hash Cond": "(lineitem.l_partkey = part.p_partkey)","Workers": [],"Plans": [{"Node Type": "Bitmap Heap Scan","Parent Relationship": "Outer","Parallel Aware": true,"Async Capable": false,"Relation Name": "lineitem","Alias": "lineitem","Startup Cost": 1863.96,"Total Cost": 106644.47,"Plan Rows": 18135,"Plan Width": 16,"Actual Startup Time": 23.262,"Actual Total Time": 111.502,"Actual Rows": 15463,"Actual Loops": 5,"Recheck Cond": "((l_shipdate >= '1993-12-01'::date) AND (l_shipdate < '1994-01-01 00:00:00'::timestamp without time zone))","Rows Removed by Index Recheck": 0,"Exact Heap Blocks": 8224,"Lossy Heap Blocks": 0,"Workers": [],"Plans": [{"Node Type": "Bitmap Index Scan","Parent Relationship": "Outer","Parallel Aware": false,"Async Capable": false,"Index Name": "idx_lineitem_shipdate","Startup Cost": 0.00,"Total Cost": 1845.82,"Plan Rows": 72539,"Plan Width": 0,"Actual Startup Time": 16.967,"Actual Total Time": 16.973,"Actual Rows": 77313,"Actual Loops": 1,"Index Cond": "((l_shipdate >= '1993-12-01'::date) AND (l_shipdate < '1994-01-01 00:00:00'::timestamp without time zone))","Workers": []}]},{"Node Type": "Hash","Parent Relationship": "Inner","Parallel Aware": true,"Async Capable": false,"Startup Cost": 4930.33,"Total Cost": 4930.33,"Plan Rows": 83333,"Plan Width": 25,"Actual Startup Time": 39.572,"Actual Total Time": 39.575,"Actual Rows": 40000,"Actual Loops": 5,"Hash Buckets": 262144,"Original Hash Buckets": 262144,"Hash Batches": 1,"Original Hash Batches": 1,"Peak Memory Usage": 14208,"Workers": [],"Plans": [{"Node Type": "Seq Scan","Parent Relationship": "Outer","Parallel Aware": true,"Async Capable": false,"Relation Name": "part","Alias": "part","Startup Cost": 0.00,"Total Cost": 4930.33,"Plan Rows": 83333,"Plan Width": 25,"Actual Startup Time": 0.049,"Actual Total Time": 17.416,"Actual Rows": 40000,"Actual Loops": 5,"Workers": []}]}]}]}]}]},"Planning Time": 4.239,"Triggers": [],"Execution Time": 213.703}]
[{"Plan": {"Node Type": "Aggregate","Strategy": "Plain","Partial Mode": "Finalize","Parallel Aware": false,"Async Capable": false,"Startup Cost": 115300.48,"Total Cost": 115300.49,"Plan Rows": 1,"Plan Width": 32,"Actual Startup Time": 195.743,"Actual Total Time": 212.460,"Actual Rows": 1,"Actual Loops": 1,"Plans": [{"Node Type": "Gather","Parent Relationship": "Outer","Parallel Aware": false,"Async Capable": false,"Startup Cost": 115300.02,"Total Cost": 115300.43,"Plan Rows": 4,"Plan Width": 64,"Actual Startup Time": 194.274,"Actual Total Time": 212.423,"Actual Rows": 5,"Actual Loops": 1,"Workers Planned": 4,"Workers Launched": 4,"Single Copy": false,"Plans": [{"Node Type": "Aggregate","Strategy": "Plain","Partial Mode": "Partial","Parent Relationship": "Outer","Parallel Aware": false,"Async Capable": false,"Startup Cost": 114300.02,"Total Cost": 114300.03,"Plan Rows": 1,"Plan Width": 64,"Actual Startup Time": 187.002,"Actual Total Time": 187.012,"Actual Rows": 1,"Actual Loops": 5,"Workers": [],"Plans": [{"Node Type": "Hash Join","Parent Relationship": "Outer","Parallel Aware": true,"Async Capable": false,"Join Type": "Inner","Startup Cost": 7902.51,"Total Cost": 113971.33,"Plan Rows": 18782,"Plan Width": 33,"Actual Startup Time": 62.456,"Actual Total Time": 181.009,"Actual Rows": 15408,"Actual Loops": 5,"Inner Unique": true,"Hash Cond": "(lineitem.l_partkey = part.p_partkey)","Workers": [],"Plans": [{"Node Type": "Bitmap Heap Scan","Parent Relationship": "Outer","Parallel Aware": true,"Async Capable": false,"Relation Name": "lineitem","Alias": "lineitem","Startup Cost": 1930.51,"Total Cost": 107950.03,"Plan Rows": 18782,"Plan Width": 16,"Actual Startup Time": 23.280,"Actual Total Time": 110.733,"Actual Rows": 15408,"Actual Loops": 5,"Recheck Cond": "((l_shipdate >= '1994-08-01'::date) AND (l_shipdate < '1994-09-01 00:00:00'::timestamp without time zone))","Rows Removed by Index Recheck": 0,"Exact Heap Blocks": 8348,"Lossy Heap Blocks": 0,"Workers": [],"Plans": [{"Node Type": "Bitmap Index Scan","Parent Relationship": "Outer","Parallel Aware": false,"Async Capable": false,"Index Name": "idx_lineitem_shipdate","Startup Cost": 0.00,"Total Cost": 1911.73,"Plan Rows": 75130,"Plan Width": 0,"Actual Startup Time": 16.859,"Actual Total Time": 16.861,"Actual Rows": 77041,"Actual Loops": 1,"Index Cond": "((l_shipdate >= '1994-08-01'::date) AND (l_shipdate < '1994-09-01 00:00:00'::timestamp without time zone))","Workers": []}]},{"Node Type": "Hash","Parent Relationship": "Inner","Parallel Aware": true,"Async Capable": false,"Startup Cost": 4930.33,"Total Cost": 4930.33,"Plan Rows": 83333,"Plan Width": 25,"Actual Startup Time": 38.418,"Actual Total Time": 38.421,"Actual Rows": 40000,"Actual Loops": 5,"Hash Buckets": 262144,"Original Hash Buckets": 262144,"Hash Batches": 1,"Original Hash Batches": 1,"Peak Memory Usage": 14208,"Workers": [],"Plans": [{"Node Type": "Seq Scan","Parent Relationship": "Outer","Parallel Aware": true,"Async Capable": false,"Relation Name": "part","Alias": "part","Startup Cost": 0.00,"Total Cost": 4930.33,"Plan Rows": 83333,"Plan Width": 25,"Actual Startup Time": 0.029,"Actual Total Time": 16.705,"Actual Rows": 40000,"Actual Loops": 5,"Workers": []}]}]}]}]}]},"Planning Time": 3.844,"Triggers": [],"Execution Time": 212.688}]
[{"Plan": {"Node Type": "Aggregate","Strategy": "Plain","Partial Mode": "Finalize","Parallel Aware": false,"Async Capable": false,"Startup Cost": 116279.97,"Total Cost": 116279.99,"Plan Rows": 1,"Plan Width": 32,"Actual Startup Time": 212.052,"Actual Total Time": 230.499,"Actual Rows": 1,"Actual Loops": 1,"Plans": [{"Node Type": "Gather","Parent Relationship": "Outer","Parallel Aware": false,"Async Capable": false,"Startup Cost": 116279.52,"Total Cost": 116279.93,"Plan Rows": 4,"Plan Width": 64,"Actual Startup Time": 210.645,"Actual Total Time": 230.452,"Actual Rows": 5,"Actual Loops": 1,"Workers Planned": 4,"Workers Launched": 4,"Single Copy": false,"Plans": [{"Node Type": "Aggregate","Strategy": "Plain","Partial Mode": "Partial","Parent Relationship": "Outer","Parallel Aware": false,"Async Capable": false,"Startup Cost": 115279.52,"Total Cost": 115279.53,"Plan Rows": 1,"Plan Width": 64,"Actual Startup Time": 203.143,"Actual Total Time": 203.157,"Actual Rows": 1,"Actual Loops": 5,"Workers": [],"Plans": [{"Node Type": "Hash Join","Parent Relationship": "Outer","Parallel Aware": true,"Async Capable": false,"Join Type": "Inner","Startup Cost": 7955.37,"Total Cost": 114941.92,"Plan Rows": 19291,"Plan Width": 33,"Actual Startup Time": 73.331,"Actual Total Time": 197.112,"Actual Rows": 14993,"Actual Loops": 5,"Inner Unique": true,"Hash Cond": "(lineitem.l_partkey = part.p_partkey)","Workers": [],"Plans": [{"Node Type": "Bitmap Heap Scan","Parent Relationship": "Outer","Parallel Aware": true,"Async Capable": false,"Relation Name": "lineitem","Alias": "lineitem","Startup Cost": 1983.37,"Total Cost": 108919.29,"Plan Rows": 19291,"Plan Width": 16,"Actual Startup Time": 32.849,"Actual Total Time": 126.281,"Actual Rows": 14993,"Actual Loops": 5,"Recheck Cond": "((l_shipdate >= '1993-04-01'::date) AND (l_shipdate < '1993-05-01 00:00:00'::timestamp without time zone))","Rows Removed by Index Recheck": 0,"Exact Heap Blocks": 8277,"Lossy Heap Blocks": 0,"Workers": [],"Plans": [{"Node Type": "Bitmap Index Scan","Parent Relationship": "Outer","Parallel Aware": false,"Async Capable": false,"Index Name": "idx_lineitem_shipdate","Startup Cost": 0.00,"Total Cost": 1964.08,"Plan Rows": 77165,"Plan Width": 0,"Actual Startup Time": 26.247,"Actual Total Time": 26.250,"Actual Rows": 74966,"Actual Loops": 1,"Index Cond": "((l_shipdate >= '1993-04-01'::date) AND (l_shipdate < '1993-05-01 00:00:00'::timestamp without time zone))","Workers": []}]},{"Node Type": "Hash","Parent Relationship": "Inner","Parallel Aware": true,"Async Capable": false,"Startup Cost": 4930.33,"Total Cost": 4930.33,"Plan Rows": 83333,"Plan Width": 25,"Actual Startup Time": 39.778,"Actual Total Time": 39.782,"Actual Rows": 40000,"Actual Loops": 5,"Hash Buckets": 262144,"Original Hash Buckets": 262144,"Hash Batches": 1,"Original Hash Batches": 1,"Peak Memory Usage": 14176,"Workers": [],"Plans": [{"Node Type": "Seq Scan","Parent Relationship": "Outer","Parallel Aware": true,"Async Capable": false,"Relation Name": "part","Alias": "part","Startup Cost": 0.00,"Total Cost": 4930.33,"Plan Rows": 83333,"Plan Width": 25,"Actual Startup Time": 0.035,"Actual Total Time": 17.135,"Actual Rows": 40000,"Actual Loops": 5,"Workers": []}]}]}]}]}]},"Planning Time": 4.064,"Triggers": [],"Execution Time": 230.762}]
[{"Plan": {"Node Type": "Aggregate","Strategy": "Plain","Partial Mode": "Finalize","Parallel Aware": false,"Async Capable": false,"Startup Cost": 113379.80,"Total Cost": 113379.81,"Plan Rows": 1,"Plan Width": 32,"Actual Startup Time": 193.373,"Actual Total Time": 211.111,"Actual Rows": 1,"Actual Loops": 1,"Plans": [{"Node Type": "Gather","Parent Relationship": "Outer","Parallel Aware": false,"Async Capable": false,"Startup Cost": 113379.34,"Total Cost": 113379.75,"Plan Rows": 4,"Plan Width": 64,"Actual Startup Time": 191.833,"Actual Total Time": 211.065,"Actual Rows": 5,"Actual Loops": 1,"Workers Planned": 4,"Workers Launched": 4,"Single Copy": false,"Plans": [{"Node Type": "Aggregate","Strategy": "Plain","Partial Mode": "Partial","Parent Relationship": "Outer","Parallel Aware": false,"Async Capable": false,"Startup Cost": 112379.34,"Total Cost": 112379.35,"Plan Rows": 1,"Plan Width": 64,"Actual Startup Time": 183.778,"Actual Total Time": 183.793,"Actual Rows": 1,"Actual Loops": 5,"Workers": [],"Plans": [{"Node Type": "Hash Join","Parent Relationship": "Outer","Parallel Aware": true,"Async Capable": false,"Join Type": "Inner","Startup Cost": 7808.32,"Total Cost": 112066.95,"Plan Rows": 17851,"Plan Width": 33,"Actual Startup Time": 58.482,"Actual Total Time": 177.651,"Actual Rows": 15348,"Actual Loops": 5,"Inner Unique": true,"Hash Cond": "(lineitem.l_partkey = part.p_partkey)","Workers": [],"Plans": [{"Node Type": "Bitmap Heap Scan","Parent Relationship": "Outer","Parallel Aware": true,"Async Capable": false,"Relation Name": "lineitem","Alias": "lineitem","Startup Cost": 1836.32,"Total Cost": 106048.09,"Plan Rows": 17851,"Plan Width": 16,"Actual Startup Time": 22.236,"Actual Total Time": 110.217,"Actual Rows": 15348,"Actual Loops": 5,"Recheck Cond": "((l_shipdate >= '1994-01-01'::date) AND (l_shipdate < '1994-02-01 00:00:00'::timestamp without time zone))","Rows Removed by Index Recheck": 0,"Exact Heap Blocks": 7536,"Lossy Heap Blocks": 0,"Workers": [],"Plans": [{"Node Type": "Bitmap Index Scan","Parent Relationship": "Outer","Parallel Aware": false,"Async Capable": false,"Index Name": "idx_lineitem_shipdate","Startup Cost": 0.00,"Total Cost": 1818.47,"Plan Rows": 71404,"Plan Width": 0,"Actual Startup Time": 15.976,"Actual Total Time": 15.979,"Actual Rows": 76742,"Actual Loops": 1,"Index Cond": "((l_shipdate >= '1994-01-01'::date) AND (l_shipdate < '1994-02-01 00:00:00'::timestamp without time zone))","Workers": []}]},{"Node Type": "Hash","Parent Relationship": "Inner","Parallel Aware": true,"Async Capable": false,"Startup Cost": 4930.33,"Total Cost": 4930.33,"Plan Rows": 83333,"Plan Width": 25,"Actual Startup Time": 35.452,"Actual Total Time": 35.457,"Actual Rows": 40000,"Actual Loops": 5,"Hash Buckets": 262144,"Original Hash Buckets": 262144,"Hash Batches": 1,"Original Hash Batches": 1,"Peak Memory Usage": 14176,"Workers": [],"Plans": [{"Node Type": "Seq Scan","Parent Relationship": "Outer","Parallel Aware": true,"Async Capable": false,"Relation Name": "part","Alias": "part","Startup Cost": 0.00,"Total Cost": 4930.33,"Plan Rows": 83333,"Plan Width": 25,"Actual Startup Time": 0.041,"Actual Total Time": 16.679,"Actual Rows": 40000,"Actual Loops": 5,"Workers": []}]}]}]}]}]},"Planning Time": 5.183,"Triggers": [],"Execution Time": 211.412}]
[{"Plan": {"Node Type": "Aggregate","Strategy": "Plain","Partial Mode": "Finalize","Parallel Aware": false,"Async Capable": false,"Startup Cost": 116275.89,"Total Cost": 116275.90,"Plan Rows": 1,"Plan Width": 32,"Actual Startup Time": 216.169,"Actual Total Time": 231.685,"Actual Rows": 1,"Actual Loops": 1,"Plans": [{"Node Type": "Gather","Parent Relationship": "Outer","Parallel Aware": false,"Async Capable": false,"Startup Cost": 116275.43,"Total Cost": 116275.84,"Plan Rows": 4,"Plan Width": 64,"Actual Startup Time": 214.682,"Actual Total Time": 231.625,"Actual Rows": 5,"Actual Loops": 1,"Workers Planned": 4,"Workers Launched": 4,"Single Copy": false,"Plans": [{"Node Type": "Aggregate","Strategy": "Plain","Partial Mode": "Partial","Parent Relationship": "Outer","Parallel Aware": false,"Async Capable": false,"Startup Cost": 115275.43,"Total Cost": 115275.44,"Plan Rows": 1,"Plan Width": 64,"Actual Startup Time": 206.995,"Actual Total Time": 207.010,"Actual Rows": 1,"Actual Loops": 5,"Workers": [],"Plans": [{"Node Type": "Hash Join","Parent Relationship": "Outer","Parallel Aware": true,"Async Capable": false,"Join Type": "Inner","Startup Cost": 7955.28,"Total Cost": 114937.87,"Plan Rows": 19289,"Plan Width": 33,"Actual Startup Time": 73.783,"Actual Total Time": 200.830,"Actual Rows": 15527,"Actual Loops": 5,"Inner Unique": true,"Hash Cond": "(lineitem.l_partkey = part.p_partkey)","Workers": [],"Plans": [{"Node Type": "Bitmap Heap Scan","Parent Relationship": "Outer","Parallel Aware": true,"Async Capable": false,"Relation Name": "lineitem","Alias": "lineitem","Startup Cost": 1983.28,"Total Cost": 108915.24,"Plan Rows": 19289,"Plan Width": 16,"Actual Startup Time": 33.071,"Actual Total Time": 128.639,"Actual Rows": 15527,"Actual Loops": 5,"Recheck Cond": "((l_shipdate >= '1997-01-01'::date) AND (l_shipdate < '1997-02-01 00:00:00'::timestamp without time zone))","Rows Removed by Index Recheck": 0,"Exact Heap Blocks": 8450,"Lossy Heap Blocks": 0,"Workers": [],"Plans": [{"Node Type": "Bitmap Index Scan","Parent Relationship": "Outer","Parallel Aware": false,"Async Capable": false,"Index Name": "idx_lineitem_shipdate","Startup Cost": 0.00,"Total Cost": 1963.99,"Plan Rows": 77156,"Plan Width": 0,"Actual Startup Time": 26.389,"Actual Total Time": 26.391,"Actual Rows": 77637,"Actual Loops": 1,"Index Cond": "((l_shipdate >= '1997-01-01'::date) AND (l_shipdate < '1997-02-01 00:00:00'::timestamp without time zone))","Workers": []}]},{"Node Type": "Hash","Parent Relationship": "Inner","Parallel Aware": true,"Async Capable": false,"Startup Cost": 4930.33,"Total Cost": 4930.33,"Plan Rows": 83333,"Plan Width": 25,"Actual Startup Time": 39.995,"Actual Total Time": 40.000,"Actual Rows": 40000,"Actual Loops": 5,"Hash Buckets": 262144,"Original Hash Buckets": 262144,"Hash Batches": 1,"Original Hash Batches": 1,"Peak Memory Usage": 14208,"Workers": [],"Plans": [{"Node Type": "Seq Scan","Parent Relationship": "Outer","Parallel Aware": true,"Async Capable": false,"Relation Name": "part","Alias": "part","Startup Cost": 0.00,"Total Cost": 4930.33,"Plan Rows": 83333,"Plan Width": 25,"Actual Startup Time": 0.037,"Actual Total Time": 17.315,"Actual Rows": 40000,"Actual Loops": 5,"Workers": []}]}]}]}]}]},"Planning Time": 4.357,"Triggers": [],"Execution Time": 231.907}]
[{"Plan": {"Node Type": "Aggregate","Strategy": "Plain","Partial Mode": "Finalize","Parallel Aware": false,"Async Capable": false,"Startup Cost": 116775.62,"Total Cost": 116775.64,"Plan Rows": 1,"Plan Width": 32,"Actual Startup Time": 193.869,"Actual Total Time": 210.143,"Actual Rows": 1,"Actual Loops": 1,"Plans": [{"Node Type": "Gather","Parent Relationship": "Outer","Parallel Aware": false,"Async Capable": false,"Startup Cost": 116775.17,"Total Cost": 116775.58,"Plan Rows": 4,"Plan Width": 64,"Actual Startup Time": 192.448,"Actual Total Time": 210.107,"Actual Rows": 5,"Actual Loops": 1,"Workers Planned": 4,"Workers Launched": 4,"Single Copy": false,"Plans": [{"Node Type": "Aggregate","Strategy": "Plain","Partial Mode": "Partial","Parent Relationship": "Outer","Parallel Aware": false,"Async Capable": false,"Startup Cost": 115775.17,"Total Cost": 115775.18,"Plan Rows": 1,"Plan Width": 64,"Actual Startup Time": 184.994,"Actual Total Time": 185.005,"Actual Rows": 1,"Actual Loops": 5,"Workers": [],"Plans": [{"Node Type": "Hash Join","Parent Relationship": "Outer","Parallel Aware": true,"Async Capable": false,"Join Type": "Inner","Startup Cost": 7982.36,"Total Cost": 115432.88,"Plan Rows": 19559,"Plan Width": 33,"Actual Startup Time": 59.459,"Actual Total Time": 178.997,"Actual Rows": 15372,"Actual Loops": 5,"Inner Unique": true,"Hash Cond": "(lineitem.l_partkey = part.p_partkey)","Workers": [],"Plans": [{"Node Type": "Bitmap Heap Scan","Parent Relationship": "Outer","Parallel Aware": true,"Async Capable": false,"Relation Name": "lineitem","Alias": "lineitem","Startup Cost": 2010.36,"Total Cost": 109409.54,"Plan Rows": 19559,"Plan Width": 16,"Actual Startup Time": 22.196,"Actual Total Time": 111.214,"Actual Rows": 15372,"Actual Loops": 5,"Recheck Cond": "((l_shipdate >= '1993-01-01'::date) AND (l_shipdate < '1993-02-01 00:00:00'::timestamp without time zone))","Rows Removed by Index Recheck": 0,"Exact Heap Blocks": 8068,"Lossy Heap Blocks": 0,"Workers": [],"Plans": [{"Node Type": "Bitmap Index Scan","Parent Relationship": "Outer","Parallel Aware": false,"Async Capable": false,"Index Name": "idx_lineitem_shipdate","Startup Cost": 0.00,"Total Cost": 1990.80,"Plan Rows": 78237,"Plan Width": 0,"Actual Startup Time": 15.976,"Actual Total Time": 15.979,"Actual Rows": 76860,"Actual Loops": 1,"Index Cond": "((l_shipdate >= '1993-01-01'::date) AND (l_shipdate < '1993-02-01 00:00:00'::timestamp without time zone))","Workers": []}]},{"Node Type": "Hash","Parent Relationship": "Inner","Parallel Aware": true,"Async Capable": false,"Startup Cost": 4930.33,"Total Cost": 4930.33,"Plan Rows": 83333,"Plan Width": 25,"Actual Startup Time": 36.495,"Actual Total Time": 36.499,"Actual Rows": 40000,"Actual Loops": 5,"Hash Buckets": 262144,"Original Hash Buckets": 262144,"Hash Batches": 1,"Original Hash Batches": 1,"Peak Memory Usage": 14176,"Workers": [],"Plans": [{"Node Type": "Seq Scan","Parent Relationship": "Outer","Parallel Aware": true,"Async Capable": false,"Relation Name": "part","Alias": "part","Startup Cost": 0.00,"Total Cost": 4930.33,"Plan Rows": 83333,"Plan Width": 25,"Actual Startup Time": 0.035,"Actual Total Time": 16.126,"Actual Rows": 40000,"Actual Loops": 5,"Workers": []}]}]}]}]}]},"Planning Time": 3.845,"Triggers": [],"Execution Time": 210.384}]
[{"Plan": {"Node Type": "Aggregate","Strategy": "Plain","Partial Mode": "Finalize","Parallel Aware": false,"Async Capable": false,"Startup Cost": 113981.89,"Total Cost": 113981.91,"Plan Rows": 1,"Plan Width": 32,"Actual Startup Time": 197.174,"Actual Total Time": 213.438,"Actual Rows": 1,"Actual Loops": 1,"Plans": [{"Node Type": "Gather","Parent Relationship": "Outer","Parallel Aware": false,"Async Capable": false,"Startup Cost": 113981.44,"Total Cost": 113981.85,"Plan Rows": 4,"Plan Width": 64,"Actual Startup Time": 195.686,"Actual Total Time": 213.400,"Actual Rows": 5,"Actual Loops": 1,"Workers Planned": 4,"Workers Launched": 4,"Single Copy": false,"Plans": [{"Node Type": "Aggregate","Strategy": "Plain","Partial Mode": "Partial","Parent Relationship": "Outer","Parallel Aware": false,"Async Capable": false,"Startup Cost": 112981.44,"Total Cost": 112981.45,"Plan Rows": 1,"Plan Width": 64,"Actual Startup Time": 187.932,"Actual Total Time": 187.944,"Actual Rows": 1,"Actual Loops": 5,"Workers": [],"Plans": [{"Node Type": "Hash Join","Parent Relationship": "Outer","Parallel Aware": true,"Async Capable": false,"Join Type": "Inner","Startup Cost": 7835.95,"Total Cost": 112664.07,"Plan Rows": 18135,"Plan Width": 33,"Actual Startup Time": 63.652,"Actual Total Time": 181.847,"Actual Rows": 15463,"Actual Loops": 5,"Inner Unique": true,"Hash Cond": "(lineitem.l_partkey = part.p_partkey)","Workers": [],"Plans": [{"Node Type": "Bitmap Heap Scan","Parent Relationship": "Outer","Parallel Aware": true,"Async Capable": false,"Relation Name": "lineitem","Alias": "lineitem","Startup Cost": 1863.96,"Total Cost": 106644.47,"Plan Rows": 18135,"Plan Width": 16,"Actual Startup Time": 23.262,"Actual Total Time": 111.502,"Actual Rows": 15463,"Actual Loops": 5,"Recheck Cond": "((l_shipdate >= '1993-12-01'::date) AND (l_shipdate < '1994-01-01 00:00:00'::timestamp without time zone))","Rows Removed by Index Recheck": 0,"Exact Heap Blocks": 8224,"Lossy Heap Blocks": 0,"Workers": [],"Plans": [{"Node Type": "Bitmap Index Scan","Parent Relationship": "Outer","Parallel Aware": false,"Async Capable": false,"Index Name": "idx_lineitem_shipdate","Startup Cost": 0.00,"Total Cost": 1845.82,"Plan Rows": 72539,"Plan Width": 0,"Actual Startup Time": 16.967,"Actual Total Time": 16.973,"Actual Rows": 77313,"Actual Loops": 1,"Index Cond": "((l_shipdate >= '1993-12-01'::date) AND (l_shipdate < '1994-01-01 00:00:00'::timestamp without time zone))","Workers": []}]},{"Node Type": "Hash","Parent Relationship": "Inner","Parallel Aware": true,"Async Capable": false,"Startup Cost": 4930.33,"Total Cost": 4930.33,"Plan Rows": 83333,"Plan Width": 25,"Actual Startup Time": 39.572,"Actual Total Time": 39.575,"Actual Rows": 40000,"Actual Loops": 5,"Hash Buckets": 262144,"Original Hash Buckets": 262144,"Hash Batches": 1,"Original Hash Batches": 1,"Peak Memory Usage": 14208,"Workers": [],"Plans": [{"Node Type": "Seq Scan","Parent Relationship": "Outer","Parallel Aware": true,"Async Capable": false,"Relation Name": "part","Alias": "part","Startup Cost": 0.00,"Total Cost": 4930.33,"Plan Rows": 83333,"Plan Width": 25,"Actual Startup Time": 0.049,"Actual Total Time": 17.416,"Actual Rows": 40000,"Actual Loops": 5,"Workers": []}]}]}]}]}]},"Planning Time": 4.239,"Triggers": [],"Execution Time": 213.703}]
[{"Plan": {"Node Type": "Aggregate","Strategy": "Plain","Partial Mode": "Finalize","Parallel Aware": false,"Async Capable": false,"Startup Cost": 115034.55,"Total Cost": 115034.56,"Plan Rows": 1,"Plan Width": 32,"Actual Startup Time": 211.171,"Actual Total Time": 229.828,"Actual Rows": 1,"Actual Loops": 1,"Plans": [{"Node Type": "Gather","Parent Relationship": "Outer","Parallel Aware": false,"Async Capable": false,"Startup Cost": 115034.09,"Total Cost": 115034.50,"Plan Rows": 4,"Plan Width": 64,"Actual Startup Time": 209.630,"Actual Total Time": 229.791,"Actual Rows": 5,"Actual Loops": 1,"Workers Planned": 4,"Workers Launched": 4,"Single Copy": false,"Plans": [{"Node Type": "Aggregate","Strategy": "Plain","Partial Mode": "Partial","Parent Relationship": "Outer","Parallel Aware": false,"Async Capable": false,"Startup Cost": 114034.09,"Total Cost": 114034.10,"Plan Rows": 1,"Plan Width": 64,"Actual Startup Time": 202.318,"Actual Total Time": 202.325,"Actual Rows": 1,"Actual Loops": 5,"Workers": [],"Plans": [{"Node Type": "Hash Join","Parent Relationship": "Outer","Parallel Aware": true,"Async Capable": false,"Join Type": "Inner","Startup Cost": 7889.01,"Total Cost": 113707.75,"Plan Rows": 18648,"Plan Width": 33,"Actual Startup Time": 73.099,"Actual Total Time": 196.221,"Actual Rows": 15467,"Actual Loops": 5,"Inner Unique": true,"Hash Cond": "(lineitem.l_partkey = part.p_partkey)","Workers": [],"Plans": [{"Node Type": "Bitmap Heap Scan","Parent Relationship": "Outer","Parallel Aware": true,"Async Capable": false,"Relation Name": "lineitem","Alias": "lineitem","Startup Cost": 1917.01,"Total Cost": 107686.80,"Plan Rows": 18648,"Plan Width": 16,"Actual Startup Time": 32.721,"Actual Total Time": 124.933,"Actual Rows": 15467,"Actual Loops": 5,"Recheck Cond": "((l_shipdate >= '1996-08-01'::date) AND (l_shipdate < '1996-09-01 00:00:00'::timestamp without time zone))","Rows Removed by Index Recheck": 0,"Exact Heap Blocks": 8255,"Lossy Heap Blocks": 0,"Workers": [],"Plans": [{"Node Type": "Bitmap Index Scan","Parent Relationship": "Outer","Parallel Aware": false,"Async Capable": false,"Index Name": "idx_lineitem_shipdate","Startup Cost": 0.00,"Total Cost": 1898.36,"Plan Rows": 74593,"Plan Width": 0,"Actual Startup Time": 26.077,"Actual Total Time": 26.080,"Actual Rows": 77336,"Actual Loops": 1,"Index Cond": "((l_shipdate >= '1996-08-01'::date) AND (l_shipdate < '1996-09-01 00:00:00'::timestamp without time zone))","Workers": []}]},{"Node Type": "Hash","Parent Relationship": "Inner","Parallel Aware": true,"Async Capable": false,"Startup Cost": 4930.33,"Total Cost": 4930.33,"Plan Rows": 83333,"Plan Width": 25,"Actual Startup Time": 39.626,"Actual Total Time": 39.628,"Actual Rows": 40000,"Actual Loops": 5,"Hash Buckets": 262144,"Original Hash Buckets": 262144,"Hash Batches": 1,"Original Hash Batches": 1,"Peak Memory Usage": 14240,"Workers": [],"Plans": [{"Node Type": "Seq Scan","Parent Relationship": "Outer","Parallel Aware": true,"Async Capable": false,"Relation Name": "part","Alias": "part","Startup Cost": 0.00,"Total Cost": 4930.33,"Plan Rows": 83333,"Plan Width": 25,"Actual Startup Time": 0.029,"Actual Total Time": 17.199,"Actual Rows": 40000,"Actual Loops": 5,"Workers": []}]}]}]}]}]},"Planning Time": 4.716,"Triggers": [],"Execution Time": 230.134}]
[{"Plan": {"Node Type": "Aggregate","Strategy": "Plain","Partial Mode": "Finalize","Parallel Aware": false,"Async Capable": false,"Startup Cost": 118399.89,"Total Cost": 118399.90,"Plan Rows": 1,"Plan Width": 32,"Actual Startup Time": 206.498,"Actual Total Time": 224.956,"Actual Rows": 1,"Actual Loops": 1,"Plans": [{"Node Type": "Gather","Parent Relationship": "Outer","Parallel Aware": false,"Async Capable": false,"Startup Cost": 118399.43,"Total Cost": 118399.84,"Plan Rows": 4,"Plan Width": 64,"Actual Startup Time": 205.062,"Actual Total Time": 224.906,"Actual Rows": 5,"Actual Loops": 1,"Workers Planned": 4,"Workers Launched": 4,"Single Copy": false,"Plans": [{"Node Type": "Aggregate","Strategy": "Plain","Partial Mode": "Partial","Parent Relationship": "Outer","Parallel Aware": false,"Async Capable": false,"Startup Cost": 117399.43,"Total Cost": 117399.44,"Plan Rows": 1,"Plan Width": 64,"Actual Startup Time": 196.971,"Actual Total Time": 196.979,"Actual Rows": 1,"Actual Loops": 5,"Workers": [],"Plans": [{"Node Type": "Hash Join","Parent Relationship": "Outer","Parallel Aware": true,"Async Capable": false,"Join Type": "Inner","Startup Cost": 8076.51,"Total Cost": 117040.85,"Plan Rows": 20490,"Plan Width": 33,"Actual Startup Time": 67.504,"Actual Total Time": 190.658,"Actual Rows": 15441,"Actual Loops": 5,"Inner Unique": true,"Hash Cond": "(lineitem.l_partkey = part.p_partkey)","Workers": [],"Plans": [{"Node Type": "Bitmap Heap Scan","Parent Relationship": "Outer","Parallel Aware": true,"Async Capable": false,"Relation Name": "lineitem","Alias": "lineitem","Startup Cost": 2104.51,"Total Cost": 111015.07,"Plan Rows": 20490,"Plan Width": 16,"Actual Startup Time": 31.187,"Actual Total Time": 124.229,"Actual Rows": 15441,"Actual Loops": 5,"Recheck Cond": "((l_shipdate >= '1993-07-01'::date) AND (l_shipdate < '1993-08-01 00:00:00'::timestamp without time zone))","Rows Removed by Index Recheck": 0,"Exact Heap Blocks": 7445,"Lossy Heap Blocks": 0,"Workers": [],"Plans": [{"Node Type": "Bitmap Index Scan","Parent Relationship": "Outer","Parallel Aware": false,"Async Capable": false,"Index Name": "idx_lineitem_shipdate","Startup Cost": 0.00,"Total Cost": 2084.02,"Plan Rows": 81959,"Plan Width": 0,"Actual Startup Time": 24.709,"Actual Total Time": 24.710,"Actual Rows": 77203,"Actual Loops": 1,"Index Cond": "((l_shipdate >= '1993-07-01'::date) AND (l_shipdate < '1993-08-01 00:00:00'::timestamp without time zone))","Workers": []}]},{"Node Type": "Hash","Parent Relationship": "Inner","Parallel Aware": true,"Async Capable": false,"Startup Cost": 4930.33,"Total Cost": 4930.33,"Plan Rows": 83333,"Plan Width": 25,"Actual Startup Time": 35.543,"Actual Total Time": 35.545,"Actual Rows": 40000,"Actual Loops": 5,"Hash Buckets": 262144,"Original Hash Buckets": 262144,"Hash Batches": 1,"Original Hash Batches": 1,"Peak Memory Usage": 14176,"Workers": [],"Plans": [{"Node Type": "Seq Scan","Parent Relationship": "Outer","Parallel Aware": true,"Async Capable": false,"Relation Name": "part","Alias": "part","Startup Cost": 0.00,"Total Cost": 4930.33,"Plan Rows": 83333,"Plan Width": 25,"Actual Startup Time": 0.027,"Actual Total Time": 16.751,"Actual Rows": 40000,"Actual Loops": 5,"Workers": []}]}]}]}]}]},"Planning Time": 4.294,"Triggers": [],"Execution Time": 225.229}]
