[{"Plan": {"Node Type": "Aggregate","Strategy": "Sorted","Partial Mode": "Finalize","Parallel Aware": false,"Async Capable": false,"Startup Cost": 72556.41,"Total Cost": 73352.71,"Plan Rows": 5893,"Plan Width": 272,"Actual Startup Time": 954.255,"Actual Total Time": 1003.318,"Actual Rows": 4,"Actual Loops": 1,"Group Key": ["n1.n_name", "n2.n_name", "(EXTRACT(year FROM lineitem.l_shipdate))"],"Plans": [{"Node Type": "Gather Merge","Parent Relationship": "Outer","Parallel Aware": false,"Async Capable": false,"Startup Cost": 72556.41,"Total Cost": 73202.94,"Plan Rows": 4910,"Plan Width": 272,"Actual Startup Time": 953.923,"Actual Total Time": 1003.257,"Actual Rows": 12,"Actual Loops": 1,"Workers Planned": 2,"Workers Launched": 2,"Plans": [{"Node Type": "Aggregate","Strategy": "Sorted","Partial Mode": "Partial","Parent Relationship": "Outer","Parallel Aware": false,"Async Capable": false,"Startup Cost": 71556.39,"Total Cost": 71636.18,"Plan Rows": 2455,"Plan Width": 272,"Actual Startup Time": 945.932,"Actual Total Time": 946.661,"Actual Rows": 4,"Actual Loops": 3,"Group Key": ["n1.n_name", "n2.n_name", "(EXTRACT(year FROM lineitem.l_shipdate))"],"Workers": [],"Plans": [{"Node Type": "Sort","Parent Relationship": "Outer","Parallel Aware": false,"Async Capable": false,"Startup Cost": 71556.39,"Total Cost": 71562.53,"Plan Rows": 2455,"Plan Width": 252,"Actual Startup Time": 945.665,"Actual Total Time": 945.771,"Actual Rows": 1999,"Actual Loops": 3,"Sort Key": ["n1.n_name", "n2.n_name", "(EXTRACT(year FROM lineitem.l_shipdate))"],"Sort Method": "quicksort","Sort Space Used": 267,"Sort Space Type": "Memory","Workers": [{"Worker Number": 0,"Sort Method": "quicksort","Sort Space Used": 265,"Sort Space Type": "Memory"},{"Worker Number": 1,"Sort Method": "quicksort","Sort Space Used": 269,"Sort Space Type": "Memory"}],"Plans": [{"Node Type": "Hash Join","Parent Relationship": "Outer","Parallel Aware": false,"Async Capable": false,"Join Type": "Inner","Startup Cost": 366.16,"Total Cost": 71418.15,"Plan Rows": 2455,"Plan Width": 252,"Actual Startup Time": 11.187,"Actual Total Time": 943.772,"Actual Rows": 1999,"Actual Loops": 3,"Inner Unique": false,"Hash Cond": "(lineitem.l_suppkey = supplier.s_suppkey)","Join Filter": "(((n1.n_name = 'FRANCE'::bpchar) AND (n2.n_name = 'ROMANIA'::bpchar)) OR ((n1.n_name = 'ROMANIA'::bpchar) AND (n2.n_name = 'FRANCE'::bpchar)))","Rows Removed by Join Filter": 1977,"Workers": [],"Plans": [{"Node Type": "Nested Loop","Parent Relationship": "Outer","Parallel Aware": false,"Async Capable": false,"Join Type": "Inner","Startup Cost": 2.26,"Total Cost": 70727.78,"Plan Rows": 60250,"Plan Width": 124,"Actual Startup Time": 0.939,"Actual Total Time": 926.005,"Actual Rows": 49916,"Actual Loops": 3,"Inner Unique": false,"Workers": [],"Plans": [{"Node Type": "Nested Loop","Parent Relationship": "Outer","Parallel Aware": false,"Async Capable": false,"Join Type": "Inner","Startup Cost": 1.83,"Total Cost": 12400.01,"Plan Rows": 49000,"Plan Width": 108,"Actual Startup Time": 0.371,"Actual Total Time": 231.842,"Actual Rows": 40871,"Actual Loops": 3,"Inner Unique": false,"Workers": [],"Plans": [{"Node Type": "Hash Join","Parent Relationship": "Outer","Parallel Aware": false,"Async Capable": false,"Join Type": "Inner","Startup Cost": 1.40,"Total Cost": 4403.27,"Plan Rows": 4900,"Plan Width": 108,"Actual Startup Time": 0.210,"Actual Total Time": 46.565,"Actual Rows": 4067,"Actual Loops": 3,"Inner Unique": true,"Hash Cond": "(customer.c_nationkey = n2.n_nationkey)","Workers": [],"Plans": [{"Node Type": "Seq Scan","Parent Relationship": "Outer","Parallel Aware": true,"Async Capable": false,"Relation Name": "customer","Alias": "customer","Startup Cost": 0.00,"Total Cost": 4210.00,"Plan Rows": 62500,"Plan Width": 8,"Actual Startup Time": 0.017,"Actual Total Time": 9.523,"Actual Rows": 50000,"Actual Loops": 3,"Workers": []},{"Node Type": "Hash","Parent Relationship": "Inner","Parallel Aware": false,"Async Capable": false,"Startup Cost": 1.38,"Total Cost": 1.38,"Plan Rows": 2,"Plan Width": 108,"Actual Startup Time": 0.082,"Actual Total Time": 0.088,"Actual Rows": 2,"Actual Loops": 3,"Hash Buckets": 1024,"Original Hash Buckets": 1024,"Hash Batches": 1,"Original Hash Batches": 1,"Peak Memory Usage": 9,"Workers": [],"Plans": [{"Node Type": "Seq Scan","Parent Relationship": "Outer","Parallel Aware": false,"Async Capable": false,"Relation Name": "nation","Alias": "n2","Startup Cost": 0.00,"Total Cost": 1.38,"Plan Rows": 2,"Plan Width": 108,"Actual Startup Time": 0.061,"Actual Total Time": 0.069,"Actual Rows": 2,"Actual Loops": 3,"Filter": "((n_name = 'ROMANIA'::bpchar) OR (n_name = 'FRANCE'::bpchar))","Rows Removed by Filter": 23,"Workers": []}]}]},{"Node Type": "Index Scan","Parent Relationship": "Inner","Parallel Aware": false,"Async Capable": false,"Scan Direction": "Forward","Index Name": "idx_orders_custkey","Relation Name": "orders","Alias": "orders","Startup Cost": 0.43,"Total Cost": 1.46,"Plan Rows": 17,"Plan Width": 8,"Actual Startup Time": 0.007,"Actual Total Time": 0.044,"Actual Rows": 10,"Actual Loops": 12200,"Index Cond": "(o_custkey = customer.c_custkey)","Rows Removed by Index Recheck": 0,"Workers": []}]},{"Node Type": "Index Scan","Parent Relationship": "Inner","Parallel Aware": false,"Async Capable": false,"Scan Direction": "Forward","Index Name": "idx_lineitem_orderkey","Relation Name": "lineitem","Alias": "lineitem","Startup Cost": 0.43,"Total Cost": 1.14,"Plan Rows": 5,"Plan Width": 24,"Actual Startup Time": 0.016,"Actual Total Time": 0.017,"Actual Rows": 1,"Actual Loops": 122612,"Index Cond": "(l_orderkey = orders.o_orderkey)","Rows Removed by Index Recheck": 0,"Filter": "((l_shipdate >= '1995-01-01'::date) AND (l_shipdate <= '1996-12-31'::date))","Rows Removed by Filter": 3,"Workers": []}]},{"Node Type": "Hash","Parent Relationship": "Inner","Parallel Aware": false,"Async Capable": false,"Startup Cost": 354.10,"Total Cost": 354.10,"Plan Rows": 784,"Plan Width": 108,"Actual Startup Time": 9.442,"Actual Total Time": 9.454,"Actual Rows": 800,"Actual Loops": 3,"Hash Buckets": 1024,"Original Hash Buckets": 1024,"Hash Batches": 1,"Original Hash Batches": 1,"Peak Memory Usage": 57,"Workers": [],"Plans": [{"Node Type": "Hash Join","Parent Relationship": "Outer","Parallel Aware": false,"Async Capable": false,"Join Type": "Inner","Startup Cost": 1.40,"Total Cost": 354.10,"Plan Rows": 784,"Plan Width": 108,"Actual Startup Time": 0.103,"Actual Total Time": 9.260,"Actual Rows": 800,"Actual Loops": 3,"Inner Unique": true,"Hash Cond": "(supplier.s_nationkey = n1.n_nationkey)","Workers": [],"Plans": [{"Node Type": "Seq Scan","Parent Relationship": "Outer","Parallel Aware": false,"Async Capable": false,"Relation Name": "supplier","Alias": "supplier","Startup Cost": 0.00,"Total Cost": 322.00,"Plan Rows": 10000,"Plan Width": 8,"Actual Startup Time": 0.035,"Actual Total Time": 4.091,"Actual Rows": 10000,"Actual Loops": 3,"Workers": []},{"Node Type": "Hash","Parent Relationship": "Inner","Parallel Aware": false,"Async Capable": false,"Startup Cost": 1.38,"Total Cost": 1.38,"Plan Rows": 2,"Plan Width": 108,"Actual Startup Time": 0.021,"Actual Total Time": 0.023,"Actual Rows": 2,"Actual Loops": 3,"Hash Buckets": 1024,"Original Hash Buckets": 1024,"Hash Batches": 1,"Original Hash Batches": 1,"Peak Memory Usage": 9,"Workers": [],"Plans": [{"Node Type": "Seq Scan","Parent Relationship": "Outer","Parallel Aware": false,"Async Capable": false,"Relation Name": "nation","Alias": "n1","Startup Cost": 0.00,"Total Cost": 1.38,"Plan Rows": 2,"Plan Width": 108,"Actual Startup Time": 0.006,"Actual Total Time": 0.012,"Actual Rows": 2,"Actual Loops": 3,"Filter": "((n_name = 'FRANCE'::bpchar) OR (n_name = 'ROMANIA'::bpchar))","Rows Removed by Filter": 23,"Workers": []}]}]}]}]}]}]}]}]},"Planning Time": 8.633,"Triggers": [],"Execution Time": 1003.804}]
[{"Plan": {"Node Type": "Aggregate","Strategy": "Sorted","Partial Mode": "Finalize","Parallel Aware": false,"Async Capable": false,"Startup Cost": 72556.41,"Total Cost": 73352.71,"Plan Rows": 5893,"Plan Width": 272,"Actual Startup Time": 969.247,"Actual Total Time": 1018.303,"Actual Rows": 4,"Actual Loops": 1,"Group Key": ["n1.n_name", "n2.n_name", "(EXTRACT(year FROM lineitem.l_shipdate))"],"Plans": [{"Node Type": "Gather Merge","Parent Relationship": "Outer","Parallel Aware": false,"Async Capable": false,"Startup Cost": 72556.41,"Total Cost": 73202.94,"Plan Rows": 4910,"Plan Width": 272,"Actual Startup Time": 968.837,"Actual Total Time": 1018.245,"Actual Rows": 12,"Actual Loops": 1,"Workers Planned": 2,"Workers Launched": 2,"Plans": [{"Node Type": "Aggregate","Strategy": "Sorted","Partial Mode": "Partial","Parent Relationship": "Outer","Parallel Aware": false,"Async Capable": false,"Startup Cost": 71556.39,"Total Cost": 71636.18,"Plan Rows": 2455,"Plan Width": 272,"Actual Startup Time": 960.267,"Actual Total Time": 960.986,"Actual Rows": 4,"Actual Loops": 3,"Group Key": ["n1.n_name", "n2.n_name", "(EXTRACT(year FROM lineitem.l_shipdate))"],"Workers": [],"Plans": [{"Node Type": "Sort","Parent Relationship": "Outer","Parallel Aware": false,"Async Capable": false,"Startup Cost": 71556.39,"Total Cost": 71562.53,"Plan Rows": 2455,"Plan Width": 252,"Actual Startup Time": 960.004,"Actual Total Time": 960.111,"Actual Rows": 1811,"Actual Loops": 3,"Sort Key": ["n1.n_name", "n2.n_name", "(EXTRACT(year FROM lineitem.l_shipdate))"],"Sort Method": "quicksort","Sort Space Used": 245,"Sort Space Type": "Memory","Workers": [{"Worker Number": 0,"Sort Method": "quicksort","Sort Space Used": 254,"Sort Space Type": "Memory"},{"Worker Number": 1,"Sort Method": "quicksort","Sort Space Used": 241,"Sort Space Type": "Memory"}],"Plans": [{"Node Type": "Hash Join","Parent Relationship": "Outer","Parallel Aware": false,"Async Capable": false,"Join Type": "Inner","Startup Cost": 366.16,"Total Cost": 71418.15,"Plan Rows": 2455,"Plan Width": 252,"Actual Startup Time": 8.938,"Actual Total Time": 957.972,"Actual Rows": 1811,"Actual Loops": 3,"Inner Unique": false,"Hash Cond": "(lineitem.l_suppkey = supplier.s_suppkey)","Join Filter": "(((n1.n_name = 'JORDAN'::bpchar) AND (n2.n_name = 'JAPAN'::bpchar)) OR ((n1.n_name = 'JAPAN'::bpchar) AND (n2.n_name = 'JORDAN'::bpchar)))","Rows Removed by Join Filter": 1793,"Workers": [],"Plans": [{"Node Type": "Nested Loop","Parent Relationship": "Outer","Parallel Aware": false,"Async Capable": false,"Join Type": "Inner","Startup Cost": 2.26,"Total Cost": 70727.78,"Plan Rows": 60250,"Plan Width": 124,"Actual Startup Time": 0.560,"Actual Total Time": 939.258,"Actual Rows": 48873,"Actual Loops": 3,"Inner Unique": false,"Workers": [],"Plans": [{"Node Type": "Nested Loop","Parent Relationship": "Outer","Parallel Aware": false,"Async Capable": false,"Join Type": "Inner","Startup Cost": 1.83,"Total Cost": 12400.01,"Plan Rows": 49000,"Plan Width": 108,"Actual Startup Time": 0.373,"Actual Total Time": 237.376,"Actual Rows": 40047,"Actual Loops": 3,"Inner Unique": false,"Workers": [],"Plans": [{"Node Type": "Hash Join","Parent Relationship": "Outer","Parallel Aware": false,"Async Capable": false,"Join Type": "Inner","Startup Cost": 1.40,"Total Cost": 4403.27,"Plan Rows": 4900,"Plan Width": 108,"Actual Startup Time": 0.207,"Actual Total Time": 49.334,"Actual Rows": 3994,"Actual Loops": 3,"Inner Unique": true,"Hash Cond": "(customer.c_nationkey = n2.n_nationkey)","Workers": [],"Plans": [{"Node Type": "Seq Scan","Parent Relationship": "Outer","Parallel Aware": true,"Async Capable": false,"Relation Name": "customer","Alias": "customer","Startup Cost": 0.00,"Total Cost": 4210.00,"Plan Rows": 62500,"Plan Width": 8,"Actual Startup Time": 0.017,"Actual Total Time": 9.673,"Actual Rows": 50000,"Actual Loops": 3,"Workers": []},{"Node Type": "Hash","Parent Relationship": "Inner","Parallel Aware": false,"Async Capable": false,"Startup Cost": 1.38,"Total Cost": 1.38,"Plan Rows": 2,"Plan Width": 108,"Actual Startup Time": 0.077,"Actual Total Time": 0.084,"Actual Rows": 2,"Actual Loops": 3,"Hash Buckets": 1024,"Original Hash Buckets": 1024,"Hash Batches": 1,"Original Hash Batches": 1,"Peak Memory Usage": 9,"Workers": [],"Plans": [{"Node Type": "Seq Scan","Parent Relationship": "Outer","Parallel Aware": false,"Async Capable": false,"Relation Name": "nation","Alias": "n2","Startup Cost": 0.00,"Total Cost": 1.38,"Plan Rows": 2,"Plan Width": 108,"Actual Startup Time": 0.058,"Actual Total Time": 0.064,"Actual Rows": 2,"Actual Loops": 3,"Filter": "((n_name = 'JAPAN'::bpchar) OR (n_name = 'JORDAN'::bpchar))","Rows Removed by Filter": 23,"Workers": []}]}]},{"Node Type": "Index Scan","Parent Relationship": "Inner","Parallel Aware": false,"Async Capable": false,"Scan Direction": "Forward","Index Name": "idx_orders_custkey","Relation Name": "orders","Alias": "orders","Startup Cost": 0.43,"Total Cost": 1.46,"Plan Rows": 17,"Plan Width": 8,"Actual Startup Time": 0.007,"Actual Total Time": 0.046,"Actual Rows": 10,"Actual Loops": 11981,"Index Cond": "(o_custkey = customer.c_custkey)","Rows Removed by Index Recheck": 0,"Workers": []}]},{"Node Type": "Index Scan","Parent Relationship": "Inner","Parallel Aware": false,"Async Capable": false,"Scan Direction": "Forward","Index Name": "idx_lineitem_orderkey","Relation Name": "lineitem","Alias": "lineitem","Startup Cost": 0.43,"Total Cost": 1.14,"Plan Rows": 5,"Plan Width": 24,"Actual Startup Time": 0.016,"Actual Total Time": 0.017,"Actual Rows": 1,"Actual Loops": 120141,"Index Cond": "(l_orderkey = orders.o_orderkey)","Rows Removed by Index Recheck": 0,"Filter": "((l_shipdate >= '1995-01-01'::date) AND (l_shipdate <= '1996-12-31'::date))","Rows Removed by Filter": 3,"Workers": []}]},{"Node Type": "Hash","Parent Relationship": "Inner","Parallel Aware": false,"Async Capable": false,"Startup Cost": 354.10,"Total Cost": 354.10,"Plan Rows": 784,"Plan Width": 108,"Actual Startup Time": 7.630,"Actual Total Time": 7.646,"Actual Rows": 739,"Actual Loops": 3,"Hash Buckets": 1024,"Original Hash Buckets": 1024,"Hash Batches": 1,"Original Hash Batches": 1,"Peak Memory Usage": 53,"Workers": [],"Plans": [{"Node Type": "Hash Join","Parent Relationship": "Outer","Parallel Aware": false,"Async Capable": false,"Join Type": "Inner","Startup Cost": 1.40,"Total Cost": 354.10,"Plan Rows": 784,"Plan Width": 108,"Actual Startup Time": 0.111,"Actual Total Time": 7.457,"Actual Rows": 739,"Actual Loops": 3,"Inner Unique": true,"Hash Cond": "(supplier.s_nationkey = n1.n_nationkey)","Workers": [],"Plans": [{"Node Type": "Seq Scan","Parent Relationship": "Outer","Parallel Aware": false,"Async Capable": false,"Relation Name": "supplier","Alias": "supplier","Startup Cost": 0.00,"Total Cost": 322.00,"Plan Rows": 10000,"Plan Width": 8,"Actual Startup Time": 0.040,"Actual Total Time": 3.882,"Actual Rows": 10000,"Actual Loops": 3,"Workers": []},{"Node Type": "Hash","Parent Relationship": "Inner","Parallel Aware": false,"Async Capable": false,"Startup Cost": 1.38,"Total Cost": 1.38,"Plan Rows": 2,"Plan Width": 108,"Actual Startup Time": 0.019,"Actual Total Time": 0.024,"Actual Rows": 2,"Actual Loops": 3,"Hash Buckets": 1024,"Original Hash Buckets": 1024,"Hash Batches": 1,"Original Hash Batches": 1,"Peak Memory Usage": 9,"Workers": [],"Plans": [{"Node Type": "Seq Scan","Parent Relationship": "Outer","Parallel Aware": false,"Async Capable": false,"Relation Name": "nation","Alias": "n1","Startup Cost": 0.00,"Total Cost": 1.38,"Plan Rows": 2,"Plan Width": 108,"Actual Startup Time": 0.009,"Actual Total Time": 0.014,"Actual Rows": 2,"Actual Loops": 3,"Filter": "((n_name = 'JORDAN'::bpchar) OR (n_name = 'JAPAN'::bpchar))","Rows Removed by Filter": 23,"Workers": []}]}]}]}]}]}]}]}]},"Planning Time": 9.075,"Triggers": [],"Execution Time": 1018.808}]
[{"Plan": {"Node Type": "Aggregate","Strategy": "Sorted","Partial Mode": "Finalize","Parallel Aware": false,"Async Capable": false,"Startup Cost": 72556.41,"Total Cost": 73352.71,"Plan Rows": 5893,"Plan Width": 272,"Actual Startup Time": 918.076,"Actual Total Time": 971.404,"Actual Rows": 4,"Actual Loops": 1,"Group Key": ["n1.n_name", "n2.n_name", "(EXTRACT(year FROM lineitem.l_shipdate))"],"Plans": [{"Node Type": "Gather Merge","Parent Relationship": "Outer","Parallel Aware": false,"Async Capable": false,"Startup Cost": 72556.41,"Total Cost": 73202.94,"Plan Rows": 4910,"Plan Width": 272,"Actual Startup Time": 917.647,"Actual Total Time": 971.324,"Actual Rows": 12,"Actual Loops": 1,"Workers Planned": 2,"Workers Launched": 2,"Plans": [{"Node Type": "Aggregate","Strategy": "Sorted","Partial Mode": "Partial","Parent Relationship": "Outer","Parallel Aware": false,"Async Capable": false,"Startup Cost": 71556.39,"Total Cost": 71636.18,"Plan Rows": 2455,"Plan Width": 272,"Actual Startup Time": 908.851,"Actual Total Time": 909.576,"Actual Rows": 4,"Actual Loops": 3,"Group Key": ["n1.n_name", "n2.n_name", "(EXTRACT(year FROM lineitem.l_shipdate))"],"Workers": [],"Plans": [{"Node Type": "Sort","Parent Relationship": "Outer","Parallel Aware": false,"Async Capable": false,"Startup Cost": 71556.39,"Total Cost": 71562.53,"Plan Rows": 2455,"Plan Width": 252,"Actual Startup Time": 908.582,"Actual Total Time": 908.691,"Actual Rows": 1918,"Actual Loops": 3,"Sort Key": ["n1.n_name", "n2.n_name", "(EXTRACT(year FROM lineitem.l_shipdate))"],"Sort Method": "quicksort","Sort Space Used": 254,"Sort Space Type": "Memory","Workers": [{"Worker Number": 0,"Sort Method": "quicksort","Sort Space Used": 252,"Sort Space Type": "Memory"},{"Worker Number": 1,"Sort Method": "quicksort","Sort Space Used": 269,"Sort Space Type": "Memory"}],"Plans": [{"Node Type": "Hash Join","Parent Relationship": "Outer","Parallel Aware": false,"Async Capable": false,"Join Type": "Inner","Startup Cost": 366.16,"Total Cost": 71418.15,"Plan Rows": 2455,"Plan Width": 252,"Actual Startup Time": 9.864,"Actual Total Time": 906.728,"Actual Rows": 1918,"Actual Loops": 3,"Inner Unique": false,"Hash Cond": "(lineitem.l_suppkey = supplier.s_suppkey)","Join Filter": "(((n1.n_name = 'JAPAN'::bpchar) AND (n2.n_name = 'EGYPT'::bpchar)) OR ((n1.n_name = 'EGYPT'::bpchar) AND (n2.n_name = 'JAPAN'::bpchar)))","Rows Removed by Join Filter": 1890,"Workers": [],"Plans": [{"Node Type": "Nested Loop","Parent Relationship": "Outer","Parallel Aware": false,"Async Capable": false,"Join Type": "Inner","Startup Cost": 2.26,"Total Cost": 70727.78,"Plan Rows": 60250,"Plan Width": 124,"Actual Startup Time": 0.660,"Actual Total Time": 892.019,"Actual Rows": 48257,"Actual Loops": 3,"Inner Unique": false,"Workers": [],"Plans": [{"Node Type": "Nested Loop","Parent Relationship": "Outer","Parallel Aware": false,"Async Capable": false,"Join Type": "Inner","Startup Cost": 1.83,"Total Cost": 12400.01,"Plan Rows": 49000,"Plan Width": 108,"Actual Startup Time": 0.367,"Actual Total Time": 224.145,"Actual Rows": 39505,"Actual Loops": 3,"Inner Unique": false,"Workers": [],"Plans": [{"Node Type": "Hash Join","Parent Relationship": "Outer","Parallel Aware": false,"Async Capable": false,"Join Type": "Inner","Startup Cost": 1.40,"Total Cost": 4403.27,"Plan Rows": 4900,"Plan Width": 108,"Actual Startup Time": 0.220,"Actual Total Time": 46.174,"Actual Rows": 3981,"Actual Loops": 3,"Inner Unique": true,"Hash Cond": "(customer.c_nationkey = n2.n_nationkey)","Workers": [],"Plans": [{"Node Type": "Seq Scan","Parent Relationship": "Outer","Parallel Aware": true,"Async Capable": false,"Relation Name": "customer","Alias": "customer","Startup Cost": 0.00,"Total Cost": 4210.00,"Plan Rows": 62500,"Plan Width": 8,"Actual Startup Time": 0.013,"Actual Total Time": 9.473,"Actual Rows": 50000,"Actual Loops": 3,"Workers": []},{"Node Type": "Hash","Parent Relationship": "Inner","Parallel Aware": false,"Async Capable": false,"Startup Cost": 1.38,"Total Cost": 1.38,"Plan Rows": 2,"Plan Width": 108,"Actual Startup Time": 0.110,"Actual Total Time": 0.116,"Actual Rows": 2,"Actual Loops": 3,"Hash Buckets": 1024,"Original Hash Buckets": 1024,"Hash Batches": 1,"Original Hash Batches": 1,"Peak Memory Usage": 9,"Workers": [],"Plans": [{"Node Type": "Seq Scan","Parent Relationship": "Outer","Parallel Aware": false,"Async Capable": false,"Relation Name": "nation","Alias": "n2","Startup Cost": 0.00,"Total Cost": 1.38,"Plan Rows": 2,"Plan Width": 108,"Actual Startup Time": 0.074,"Actual Total Time": 0.083,"Actual Rows": 2,"Actual Loops": 3,"Filter": "((n_name = 'EGYPT'::bpchar) OR (n_name = 'JAPAN'::bpchar))","Rows Removed by Filter": 23,"Workers": []}]}]},{"Node Type": "Index Scan","Parent Relationship": "Inner","Parallel Aware": false,"Async Capable": false,"Scan Direction": "Forward","Index Name": "idx_orders_custkey","Relation Name": "orders","Alias": "orders","Startup Cost": 0.43,"Total Cost": 1.46,"Plan Rows": 17,"Plan Width": 8,"Actual Startup Time": 0.007,"Actual Total Time": 0.043,"Actual Rows": 10,"Actual Loops": 11943,"Index Cond": "(o_custkey = customer.c_custkey)","Rows Removed by Index Recheck": 0,"Workers": []}]},{"Node Type": "Index Scan","Parent Relationship": "Inner","Parallel Aware": false,"Async Capable": false,"Scan Direction": "Forward","Index Name": "idx_lineitem_orderkey","Relation Name": "lineitem","Alias": "lineitem","Startup Cost": 0.43,"Total Cost": 1.14,"Plan Rows": 5,"Plan Width": 24,"Actual Startup Time": 0.016,"Actual Total Time": 0.017,"Actual Rows": 1,"Actual Loops": 118516,"Index Cond": "(l_orderkey = orders.o_orderkey)","Rows Removed by Index Recheck": 0,"Filter": "((l_shipdate >= '1995-01-01'::date) AND (l_shipdate <= '1996-12-31'::date))","Rows Removed by Filter": 3,"Workers": []}]},{"Node Type": "Hash","Parent Relationship": "Inner","Parallel Aware": false,"Async Capable": false,"Startup Cost": 354.10,"Total Cost": 354.10,"Plan Rows": 784,"Plan Width": 108,"Actual Startup Time": 7.589,"Actual Total Time": 7.604,"Actual Rows": 792,"Actual Loops": 3,"Hash Buckets": 1024,"Original Hash Buckets": 1024,"Hash Batches": 1,"Original Hash Batches": 1,"Peak Memory Usage": 56,"Workers": [],"Plans": [{"Node Type": "Hash Join","Parent Relationship": "Outer","Parallel Aware": false,"Async Capable": false,"Join Type": "Inner","Startup Cost": 1.40,"Total Cost": 354.10,"Plan Rows": 784,"Plan Width": 108,"Actual Startup Time": 0.107,"Actual Total Time": 7.424,"Actual Rows": 792,"Actual Loops": 3,"Inner Unique": true,"Hash Cond": "(supplier.s_nationkey = n1.n_nationkey)","Workers": [],"Plans": [{"Node Type": "Seq Scan","Parent Relationship": "Outer","Parallel Aware": false,"Async Capable": false,"Relation Name": "supplier","Alias": "supplier","Startup Cost": 0.00,"Total Cost": 322.00,"Plan Rows": 10000,"Plan Width": 8,"Actual Startup Time": 0.036,"Actual Total Time": 3.726,"Actual Rows": 10000,"Actual Loops": 3,"Workers": []},{"Node Type": "Hash","Parent Relationship": "Inner","Parallel Aware": false,"Async Capable": false,"Startup Cost": 1.38,"Total Cost": 1.38,"Plan Rows": 2,"Plan Width": 108,"Actual Startup Time": 0.019,"Actual Total Time": 0.025,"Actual Rows": 2,"Actual Loops": 3,"Hash Buckets": 1024,"Original Hash Buckets": 1024,"Hash Batches": 1,"Original Hash Batches": 1,"Peak Memory Usage": 9,"Workers": [],"Plans": [{"Node Type": "Seq Scan","Parent Relationship": "Outer","Parallel Aware": false,"Async Capable": false,"Relation Name": "nation","Alias": "n1","Startup Cost": 0.00,"Total Cost": 1.38,"Plan Rows": 2,"Plan Width": 108,"Actual Startup Time": 0.006,"Actual Total Time": 0.014,"Actual Rows": 2,"Actual Loops": 3,"Filter": "((n_name = 'JAPAN'::bpchar) OR (n_name = 'EGYPT'::bpchar))","Rows Removed by Filter": 23,"Workers": []}]}]}]}]}]}]}]}]},"Planning Time": 8.731,"Triggers": [],"Execution Time": 971.854}]
[{"Plan": {"Node Type": "Aggregate","Strategy": "Sorted","Partial Mode": "Finalize","Parallel Aware": false,"Async Capable": false,"Startup Cost": 72556.41,"Total Cost": 73352.71,"Plan Rows": 5893,"Plan Width": 272,"Actual Startup Time": 917.248,"Actual Total Time": 961.412,"Actual Rows": 4,"Actual Loops": 1,"Group Key": ["n1.n_name", "n2.n_name", "(EXTRACT(year FROM lineitem.l_shipdate))"],"Plans": [{"Node Type": "Gather Merge","Parent Relationship": "Outer","Parallel Aware": false,"Async Capable": false,"Startup Cost": 72556.41,"Total Cost": 73202.94,"Plan Rows": 4910,"Plan Width": 272,"Actual Startup Time": 916.863,"Actual Total Time": 961.337,"Actual Rows": 12,"Actual Loops": 1,"Workers Planned": 2,"Workers Launched": 2,"Plans": [{"Node Type": "Aggregate","Strategy": "Sorted","Partial Mode": "Partial","Parent Relationship": "Outer","Parallel Aware": false,"Async Capable": false,"Startup Cost": 71556.39,"Total Cost": 71636.18,"Plan Rows": 2455,"Plan Width": 272,"Actual Startup Time": 909.267,"Actual Total Time": 910.017,"Actual Rows": 4,"Actual Loops": 3,"Group Key": ["n1.n_name", "n2.n_name", "(EXTRACT(year FROM lineitem.l_shipdate))"],"Workers": [],"Plans": [{"Node Type": "Sort","Parent Relationship": "Outer","Parallel Aware": false,"Async Capable": false,"Startup Cost": 71556.39,"Total Cost": 71562.53,"Plan Rows": 2455,"Plan Width": 252,"Actual Startup Time": 908.966,"Actual Total Time": 909.083,"Actual Rows": 2029,"Actual Loops": 3,"Sort Key": ["n1.n_name", "n2.n_name", "(EXTRACT(year FROM lineitem.l_shipdate))"],"Sort Method": "quicksort","Sort Space Used": 325,"Sort Space Type": "Memory","Workers": [{"Worker Number": 0,"Sort Method": "quicksort","Sort Space Used": 264,"Sort Space Type": "Memory"},{"Worker Number": 1,"Sort Method": "quicksort","Sort Space Used": 270,"Sort Space Type": "Memory"}],"Plans": [{"Node Type": "Hash Join","Parent Relationship": "Outer","Parallel Aware": false,"Async Capable": false,"Join Type": "Inner","Startup Cost": 366.16,"Total Cost": 71418.15,"Plan Rows": 2455,"Plan Width": 252,"Actual Startup Time": 9.606,"Actual Total Time": 907.128,"Actual Rows": 2029,"Actual Loops": 3,"Inner Unique": false,"Hash Cond": "(lineitem.l_suppkey = supplier.s_suppkey)","Join Filter": "(((n1.n_name = 'ALGERIA'::bpchar) AND (n2.n_name = 'CANADA'::bpchar)) OR ((n1.n_name = 'CANADA'::bpchar) AND (n2.n_name = 'ALGERIA'::bpchar)))","Rows Removed by Join Filter": 2035,"Workers": [],"Plans": [{"Node Type": "Nested Loop","Parent Relationship": "Outer","Parallel Aware": false,"Async Capable": false,"Join Type": "Inner","Startup Cost": 2.26,"Total Cost": 70727.78,"Plan Rows": 60250,"Plan Width": 124,"Actual Startup Time": 0.641,"Actual Total Time": 892.728,"Actual Rows": 48782,"Actual Loops": 3,"Inner Unique": false,"Workers": [],"Plans": [{"Node Type": "Nested Loop","Parent Relationship": "Outer","Parallel Aware": false,"Async Capable": false,"Join Type": "Inner","Startup Cost": 1.83,"Total Cost": 12400.01,"Plan Rows": 49000,"Plan Width": 108,"Actual Startup Time": 0.228,"Actual Total Time": 219.980,"Actual Rows": 40034,"Actual Loops": 3,"Inner Unique": false,"Workers": [],"Plans": [{"Node Type": "Hash Join","Parent Relationship": "Outer","Parallel Aware": false,"Async Capable": false,"Join Type": "Inner","Startup Cost": 1.40,"Total Cost": 4403.27,"Plan Rows": 4900,"Plan Width": 108,"Actual Startup Time": 0.148,"Actual Total Time": 43.023,"Actual Rows": 3982,"Actual Loops": 3,"Inner Unique": true,"Hash Cond": "(customer.c_nationkey = n2.n_nationkey)","Workers": [],"Plans": [{"Node Type": "Seq Scan","Parent Relationship": "Outer","Parallel Aware": true,"Async Capable": false,"Relation Name": "customer","Alias": "customer","Startup Cost": 0.00,"Total Cost": 4210.00,"Plan Rows": 62500,"Plan Width": 8,"Actual Startup Time": 0.015,"Actual Total Time": 9.014,"Actual Rows": 50000,"Actual Loops": 3,"Workers": []},{"Node Type": "Hash","Parent Relationship": "Inner","Parallel Aware": false,"Async Capable": false,"Startup Cost": 1.38,"Total Cost": 1.38,"Plan Rows": 2,"Plan Width": 108,"Actual Startup Time": 0.063,"Actual Total Time": 0.068,"Actual Rows": 2,"Actual Loops": 3,"Hash Buckets": 1024,"Original Hash Buckets": 1024,"Hash Batches": 1,"Original Hash Batches": 1,"Peak Memory Usage": 9,"Workers": [],"Plans": [{"Node Type": "Seq Scan","Parent Relationship": "Outer","Parallel Aware": false,"Async Capable": false,"Relation Name": "nation","Alias": "n2","Startup Cost": 0.00,"Total Cost": 1.38,"Plan Rows": 2,"Plan Width": 108,"Actual Startup Time": 0.047,"Actual Total Time": 0.053,"Actual Rows": 2,"Actual Loops": 3,"Filter": "((n_name = 'CANADA'::bpchar) OR (n_name = 'ALGERIA'::bpchar))","Rows Removed by Filter": 23,"Workers": []}]}]},{"Node Type": "Index Scan","Parent Relationship": "Inner","Parallel Aware": false,"Async Capable": false,"Scan Direction": "Forward","Index Name": "idx_orders_custkey","Relation Name": "orders","Alias": "orders","Startup Cost": 0.43,"Total Cost": 1.46,"Plan Rows": 17,"Plan Width": 8,"Actual Startup Time": 0.007,"Actual Total Time": 0.043,"Actual Rows": 10,"Actual Loops": 11945,"Index Cond": "(o_custkey = customer.c_custkey)","Rows Removed by Index Recheck": 0,"Workers": []}]},{"Node Type": "Index Scan","Parent Relationship": "Inner","Parallel Aware": false,"Async Capable": false,"Scan Direction": "Forward","Index Name": "idx_lineitem_orderkey","Relation Name": "lineitem","Alias": "lineitem","Startup Cost": 0.43,"Total Cost": 1.14,"Plan Rows": 5,"Plan Width": 24,"Actual Startup Time": 0.016,"Actual Total Time": 0.017,"Actual Rows": 1,"Actual Loops": 120102,"Index Cond": "(l_orderkey = orders.o_orderkey)","Rows Removed by Index Recheck": 0,"Filter": "((l_shipdate >= '1995-01-01'::date) AND (l_shipdate <= '1996-12-31'::date))","Rows Removed by Filter": 3,"Workers": []}]},{"Node Type": "Hash","Parent Relationship": "Inner","Parallel Aware": false,"Async Capable": false,"Startup Cost": 354.10,"Total Cost": 354.10,"Plan Rows": 784,"Plan Width": 108,"Actual Startup Time": 6.996,"Actual Total Time": 7.012,"Actual Rows": 832,"Actual Loops": 3,"Hash Buckets": 1024,"Original Hash Buckets": 1024,"Hash Batches": 1,"Original Hash Batches": 1,"Peak Memory Usage": 59,"Workers": [],"Plans": [{"Node Type": "Hash Join","Parent Relationship": "Outer","Parallel Aware": false,"Async Capable": false,"Join Type": "Inner","Startup Cost": 1.40,"Total Cost": 354.10,"Plan Rows": 784,"Plan Width": 108,"Actual Startup Time": 0.070,"Actual Total Time": 6.788,"Actual Rows": 832,"Actual Loops": 3,"Inner Unique": true,"Hash Cond": "(supplier.s_nationkey = n1.n_nationkey)","Workers": [],"Plans": [{"Node Type": "Seq Scan","Parent Relationship": "Outer","Parallel Aware": false,"Async Capable": false,"Relation Name": "supplier","Alias": "supplier","Startup Cost": 0.00,"Total Cost": 322.00,"Plan Rows": 10000,"Plan Width": 8,"Actual Startup Time": 0.025,"Actual Total Time": 3.515,"Actual Rows": 10000,"Actual Loops": 3,"Workers": []},{"Node Type": "Hash","Parent Relationship": "Inner","Parallel Aware": false,"Async Capable": false,"Startup Cost": 1.38,"Total Cost": 1.38,"Plan Rows": 2,"Plan Width": 108,"Actual Startup Time": 0.012,"Actual Total Time": 0.017,"Actual Rows": 2,"Actual Loops": 3,"Hash Buckets": 1024,"Original Hash Buckets": 1024,"Hash Batches": 1,"Original Hash Batches": 1,"Peak Memory Usage": 9,"Workers": [],"Plans": [{"Node Type": "Seq Scan","Parent Relationship": "Outer","Parallel Aware": false,"Async Capable": false,"Relation Name": "nation","Alias": "n1","Startup Cost": 0.00,"Total Cost": 1.38,"Plan Rows": 2,"Plan Width": 108,"Actual Startup Time": 0.003,"Actual Total Time": 0.009,"Actual Rows": 2,"Actual Loops": 3,"Filter": "((n_name = 'ALGERIA'::bpchar) OR (n_name = 'CANADA'::bpchar))","Rows Removed by Filter": 23,"Workers": []}]}]}]}]}]}]}]}]},"Planning Time": 8.922,"Triggers": [],"Execution Time": 962.034}]
[{"Plan": {"Node Type": "Aggregate","Strategy": "Sorted","Partial Mode": "Finalize","Parallel Aware": false,"Async Capable": false,"Startup Cost": 72556.41,"Total Cost": 73352.71,"Plan Rows": 5893,"Plan Width": 272,"Actual Startup Time": 924.699,"Actual Total Time": 968.421,"Actual Rows": 4,"Actual Loops": 1,"Group Key": ["n1.n_name", "n2.n_name", "(EXTRACT(year FROM lineitem.l_shipdate))"],"Plans": [{"Node Type": "Gather Merge","Parent Relationship": "Outer","Parallel Aware": false,"Async Capable": false,"Startup Cost": 72556.41,"Total Cost": 73202.94,"Plan Rows": 4910,"Plan Width": 272,"Actual Startup Time": 924.093,"Actual Total Time": 968.342,"Actual Rows": 12,"Actual Loops": 1,"Workers Planned": 2,"Workers Launched": 2,"Plans": [{"Node Type": "Aggregate","Strategy": "Sorted","Partial Mode": "Partial","Parent Relationship": "Outer","Parallel Aware": false,"Async Capable": false,"Startup Cost": 71556.39,"Total Cost": 71636.18,"Plan Rows": 2455,"Plan Width": 272,"Actual Startup Time": 915.644,"Actual Total Time": 916.407,"Actual Rows": 4,"Actual Loops": 3,"Group Key": ["n1.n_name", "n2.n_name", "(EXTRACT(year FROM lineitem.l_shipdate))"],"Workers": [],"Plans": [{"Node Type": "Sort","Parent Relationship": "Outer","Parallel Aware": false,"Async Capable": false,"Startup Cost": 71556.39,"Total Cost": 71562.53,"Plan Rows": 2455,"Plan Width": 252,"Actual Startup Time": 915.375,"Actual Total Time": 915.491,"Actual Rows": 1941,"Actual Loops": 3,"Sort Key": ["n1.n_name", "n2.n_name", "(EXTRACT(year FROM lineitem.l_shipdate))"],"Sort Method": "quicksort","Sort Space Used": 263,"Sort Space Type": "Memory","Workers": [{"Worker Number": 0,"Sort Method": "quicksort","Sort Space Used": 257,"Sort Space Type": "Memory"},{"Worker Number": 1,"Sort Method": "quicksort","Sort Space Used": 262,"Sort Space Type": "Memory"}],"Plans": [{"Node Type": "Hash Join","Parent Relationship": "Outer","Parallel Aware": false,"Async Capable": false,"Join Type": "Inner","Startup Cost": 366.16,"Total Cost": 71418.15,"Plan Rows": 2455,"Plan Width": 252,"Actual Startup Time": 10.539,"Actual Total Time": 913.467,"Actual Rows": 1941,"Actual Loops": 3,"Inner Unique": false,"Hash Cond": "(lineitem.l_suppkey = supplier.s_suppkey)","Join Filter": "(((n1.n_name = 'ARGENTINA'::bpchar) AND (n2.n_name = 'BRAZIL'::bpchar)) OR ((n1.n_name = 'BRAZIL'::bpchar) AND (n2.n_name = 'ARGENTINA'::bpchar)))","Rows Removed by Join Filter": 1942,"Workers": [],"Plans": [{"Node Type": "Nested Loop","Parent Relationship": "Outer","Parallel Aware": false,"Async Capable": false,"Join Type": "Inner","Startup Cost": 2.26,"Total Cost": 70727.78,"Plan Rows": 60250,"Plan Width": 124,"Actual Startup Time": 1.121,"Actual Total Time": 897.390,"Actual Rows": 48729,"Actual Loops": 3,"Inner Unique": false,"Workers": [],"Plans": [{"Node Type": "Nested Loop","Parent Relationship": "Outer","Parallel Aware": false,"Async Capable": false,"Join Type": "Inner","Startup Cost": 1.83,"Total Cost": 12400.01,"Plan Rows": 49000,"Plan Width": 108,"Actual Startup Time": 0.320,"Actual Total Time": 222.332,"Actual Rows": 39895,"Actual Loops": 3,"Inner Unique": false,"Workers": [],"Plans": [{"Node Type": "Hash Join","Parent Relationship": "Outer","Parallel Aware": false,"Async Capable": false,"Join Type": "Inner","Startup Cost": 1.40,"Total Cost": 4403.27,"Plan Rows": 4900,"Plan Width": 108,"Actual Startup Time": 0.181,"Actual Total Time": 44.068,"Actual Rows": 3991,"Actual Loops": 3,"Inner Unique": true,"Hash Cond": "(customer.c_nationkey = n2.n_nationkey)","Workers": [],"Plans": [{"Node Type": "Seq Scan","Parent Relationship": "Outer","Parallel Aware": true,"Async Capable": false,"Relation Name": "customer","Alias": "customer","Startup Cost": 0.00,"Total Cost": 4210.00,"Plan Rows": 62500,"Plan Width": 8,"Actual Startup Time": 0.014,"Actual Total Time": 9.118,"Actual Rows": 50000,"Actual Loops": 3,"Workers": []},{"Node Type": "Hash","Parent Relationship": "Inner","Parallel Aware": false,"Async Capable": false,"Startup Cost": 1.38,"Total Cost": 1.38,"Plan Rows": 2,"Plan Width": 108,"Actual Startup Time": 0.077,"Actual Total Time": 0.083,"Actual Rows": 2,"Actual Loops": 3,"Hash Buckets": 1024,"Original Hash Buckets": 1024,"Hash Batches": 1,"Original Hash Batches": 1,"Peak Memory Usage": 9,"Workers": [],"Plans": [{"Node Type": "Seq Scan","Parent Relationship": "Outer","Parallel Aware": false,"Async Capable": false,"Relation Name": "nation","Alias": "n2","Startup Cost": 0.00,"Total Cost": 1.38,"Plan Rows": 2,"Plan Width": 108,"Actual Startup Time": 0.052,"Actual Total Time": 0.062,"Actual Rows": 2,"Actual Loops": 3,"Filter": "((n_name = 'BRAZIL'::bpchar) OR (n_name = 'ARGENTINA'::bpchar))","Rows Removed by Filter": 23,"Workers": []}]}]},{"Node Type": "Index Scan","Parent Relationship": "Inner","Parallel Aware": false,"Async Capable": false,"Scan Direction": "Forward","Index Name": "idx_orders_custkey","Relation Name": "orders","Alias": "orders","Startup Cost": 0.43,"Total Cost": 1.46,"Plan Rows": 17,"Plan Width": 8,"Actual Startup Time": 0.007,"Actual Total Time": 0.043,"Actual Rows": 10,"Actual Loops": 11974,"Index Cond": "(o_custkey = customer.c_custkey)","Rows Removed by Index Recheck": 0,"Workers": []}]},{"Node Type": "Index Scan","Parent Relationship": "Inner","Parallel Aware": false,"Async Capable": false,"Scan Direction": "Forward","Index Name": "idx_lineitem_orderkey","Relation Name": "lineitem","Alias": "lineitem","Startup Cost": 0.43,"Total Cost": 1.14,"Plan Rows": 5,"Plan Width": 24,"Actual Startup Time": 0.016,"Actual Total Time": 0.017,"Actual Rows": 1,"Actual Loops": 119684,"Index Cond": "(l_orderkey = orders.o_orderkey)","Rows Removed by Index Recheck": 0,"Filter": "((l_shipdate >= '1995-01-01'::date) AND (l_shipdate <= '1996-12-31'::date))","Rows Removed by Filter": 3,"Workers": []}]},{"Node Type": "Hash","Parent Relationship": "Inner","Parallel Aware": false,"Async Capable": false,"Startup Cost": 354.10,"Total Cost": 354.10,"Plan Rows": 784,"Plan Width": 108,"Actual Startup Time": 8.953,"Actual Total Time": 8.968,"Actual Rows": 810,"Actual Loops": 3,"Hash Buckets": 1024,"Original Hash Buckets": 1024,"Hash Batches": 1,"Original Hash Batches": 1,"Peak Memory Usage": 58,"Workers": [],"Plans": [{"Node Type": "Hash Join","Parent Relationship": "Outer","Parallel Aware": false,"Async Capable": false,"Join Type": "Inner","Startup Cost": 1.40,"Total Cost": 354.10,"Plan Rows": 784,"Plan Width": 108,"Actual Startup Time": 0.066,"Actual Total Time": 8.783,"Actual Rows": 810,"Actual Loops": 3,"Inner Unique": true,"Hash Cond": "(supplier.s_nationkey = n1.n_nationkey)","Workers": [],"Plans": [{"Node Type": "Seq Scan","Parent Relationship": "Outer","Parallel Aware": false,"Async Capable": false,"Relation Name": "supplier","Alias": "supplier","Startup Cost": 0.00,"Total Cost": 322.00,"Plan Rows": 10000,"Plan Width": 8,"Actual Startup Time": 0.025,"Actual Total Time": 3.632,"Actual Rows": 10000,"Actual Loops": 3,"Workers": []},{"Node Type": "Hash","Parent Relationship": "Inner","Parallel Aware": false,"Async Capable": false,"Startup Cost": 1.38,"Total Cost": 1.38,"Plan Rows": 2,"Plan Width": 108,"Actual Startup Time": 0.011,"Actual Total Time": 0.016,"Actual Rows": 2,"Actual Loops": 3,"Hash Buckets": 1024,"Original Hash Buckets": 1024,"Hash Batches": 1,"Original Hash Batches": 1,"Peak Memory Usage": 9,"Workers": [],"Plans": [{"Node Type": "Seq Scan","Parent Relationship": "Outer","Parallel Aware": false,"Async Capable": false,"Relation Name": "nation","Alias": "n1","Startup Cost": 0.00,"Total Cost": 1.38,"Plan Rows": 2,"Plan Width": 108,"Actual Startup Time": 0.003,"Actual Total Time": 0.008,"Actual Rows": 2,"Actual Loops": 3,"Filter": "((n_name = 'ARGENTINA'::bpchar) OR (n_name = 'BRAZIL'::bpchar))","Rows Removed by Filter": 23,"Workers": []}]}]}]}]}]}]}]}]},"Planning Time": 8.527,"Triggers": [],"Execution Time": 968.914}]
[{"Plan": {"Node Type": "Aggregate","Strategy": "Sorted","Partial Mode": "Finalize","Parallel Aware": false,"Async Capable": false,"Startup Cost": 72556.41,"Total Cost": 73352.71,"Plan Rows": 5893,"Plan Width": 272,"Actual Startup Time": 919.987,"Actual Total Time": 973.530,"Actual Rows": 4,"Actual Loops": 1,"Group Key": ["n1.n_name", "n2.n_name", "(EXTRACT(year FROM lineitem.l_shipdate))"],"Plans": [{"Node Type": "Gather Merge","Parent Relationship": "Outer","Parallel Aware": false,"Async Capable": false,"Startup Cost": 72556.41,"Total Cost": 73202.94,"Plan Rows": 4910,"Plan Width": 272,"Actual Startup Time": 919.259,"Actual Total Time": 973.460,"Actual Rows": 12,"Actual Loops": 1,"Workers Planned": 2,"Workers Launched": 2,"Plans": [{"Node Type": "Aggregate","Strategy": "Sorted","Partial Mode": "Partial","Parent Relationship": "Outer","Parallel Aware": false,"Async Capable": false,"Startup Cost": 71556.39,"Total Cost": 71636.18,"Plan Rows": 2455,"Plan Width": 272,"Actual Startup Time": 910.854,"Actual Total Time": 911.717,"Actual Rows": 4,"Actual Loops": 3,"Group Key": ["n1.n_name", "n2.n_name", "(EXTRACT(year FROM lineitem.l_shipdate))"],"Workers": [],"Plans": [{"Node Type": "Sort","Parent Relationship": "Outer","Parallel Aware": false,"Async Capable": false,"Startup Cost": 71556.39,"Total Cost": 71562.53,"Plan Rows": 2455,"Plan Width": 252,"Actual Startup Time": 910.589,"Actual Total Time": 910.732,"Actual Rows": 1923,"Actual Loops": 3,"Sort Key": ["n1.n_name", "n2.n_name", "(EXTRACT(year FROM lineitem.l_shipdate))"],"Sort Method": "quicksort","Sort Space Used": 254,"Sort Space Type": "Memory","Workers": [{"Worker Number": 0,"Sort Method": "quicksort","Sort Space Used": 266,"Sort Space Type": "Memory"},{"Worker Number": 1,"Sort Method": "quicksort","Sort Space Used": 257,"Sort Space Type": "Memory"}],"Plans": [{"Node Type": "Hash Join","Parent Relationship": "Outer","Parallel Aware": false,"Async Capable": false,"Join Type": "Inner","Startup Cost": 366.16,"Total Cost": 71418.15,"Plan Rows": 2455,"Plan Width": 252,"Actual Startup Time": 9.113,"Actual Total Time": 908.874,"Actual Rows": 1923,"Actual Loops": 3,"Inner Unique": false,"Hash Cond": "(lineitem.l_suppkey = supplier.s_suppkey)","Join Filter": "(((n1.n_name = 'UNITED STATES'::bpchar) AND (n2.n_name = 'PERU'::bpchar)) OR ((n1.n_name = 'PERU'::bpchar) AND (n2.n_name = 'UNITED STATES'::bpchar)))","Rows Removed by Join Filter": 2008,"Workers": [],"Plans": [{"Node Type": "Nested Loop","Parent Relationship": "Outer","Parallel Aware": false,"Async Capable": false,"Join Type": "Inner","Startup Cost": 2.26,"Total Cost": 70727.78,"Plan Rows": 60250,"Plan Width": 124,"Actual Startup Time": 1.061,"Actual Total Time": 894.052,"Actual Rows": 48333,"Actual Loops": 3,"Inner Unique": false,"Workers": [],"Plans": [{"Node Type": "Nested Loop","Parent Relationship": "Outer","Parallel Aware": false,"Async Capable": false,"Join Type": "Inner","Startup Cost": 1.83,"Total Cost": 12400.01,"Plan Rows": 49000,"Plan Width": 108,"Actual Startup Time": 0.342,"Actual Total Time": 224.357,"Actual Rows": 39646,"Actual Loops": 3,"Inner Unique": false,"Workers": [],"Plans": [{"Node Type": "Hash Join","Parent Relationship": "Outer","Parallel Aware": false,"Async Capable": false,"Join Type": "Inner","Startup Cost": 1.40,"Total Cost": 4403.27,"Plan Rows": 4900,"Plan Width": 108,"Actual Startup Time": 0.223,"Actual Total Time": 46.505,"Actual Rows": 3986,"Actual Loops": 3,"Inner Unique": true,"Hash Cond": "(customer.c_nationkey = n2.n_nationkey)","Workers": [],"Plans": [{"Node Type": "Seq Scan","Parent Relationship": "Outer","Parallel Aware": true,"Async Capable": false,"Relation Name": "customer","Alias": "customer","Startup Cost": 0.00,"Total Cost": 4210.00,"Plan Rows": 62500,"Plan Width": 8,"Actual Startup Time": 0.014,"Actual Total Time": 9.399,"Actual Rows": 50000,"Actual Loops": 3,"Workers": []},{"Node Type": "Hash","Parent Relationship": "Inner","Parallel Aware": false,"Async Capable": false,"Startup Cost": 1.38,"Total Cost": 1.38,"Plan Rows": 2,"Plan Width": 108,"Actual Startup Time": 0.089,"Actual Total Time": 0.097,"Actual Rows": 2,"Actual Loops": 3,"Hash Buckets": 1024,"Original Hash Buckets": 1024,"Hash Batches": 1,"Original Hash Batches": 1,"Peak Memory Usage": 9,"Workers": [],"Plans": [{"Node Type": "Seq Scan","Parent Relationship": "Outer","Parallel Aware": false,"Async Capable": false,"Relation Name": "nation","Alias": "n2","Startup Cost": 0.00,"Total Cost": 1.38,"Plan Rows": 2,"Plan Width": 108,"Actual Startup Time": 0.072,"Actual Total Time": 0.078,"Actual Rows": 2,"Actual Loops": 3,"Filter": "((n_name = 'PERU'::bpchar) OR (n_name = 'UNITED STATES'::bpchar))","Rows Removed by Filter": 23,"Workers": []}]}]},{"Node Type": "Index Scan","Parent Relationship": "Inner","Parallel Aware": false,"Async Capable": false,"Scan Direction": "Forward","Index Name": "idx_orders_custkey","Relation Name": "orders","Alias": "orders","Startup Cost": 0.43,"Total Cost": 1.46,"Plan Rows": 17,"Plan Width": 8,"Actual Startup Time": 0.007,"Actual Total Time": 0.043,"Actual Rows": 10,"Actual Loops": 11958,"Index Cond": "(o_custkey = customer.c_custkey)","Rows Removed by Index Recheck": 0,"Workers": []}]},{"Node Type": "Index Scan","Parent Relationship": "Inner","Parallel Aware": false,"Async Capable": false,"Scan Direction": "Forward","Index Name": "idx_lineitem_orderkey","Relation Name": "lineitem","Alias": "lineitem","Startup Cost": 0.43,"Total Cost": 1.14,"Plan Rows": 5,"Plan Width": 24,"Actual Startup Time": 0.016,"Actual Total Time": 0.017,"Actual Rows": 1,"Actual Loops": 118939,"Index Cond": "(l_orderkey = orders.o_orderkey)","Rows Removed by Index Recheck": 0,"Filter": "((l_shipdate >= '1995-01-01'::date) AND (l_shipdate <= '1996-12-31'::date))","Rows Removed by Filter": 3,"Workers": []}]},{"Node Type": "Hash","Parent Relationship": "Inner","Parallel Aware": false,"Async Capable": false,"Startup Cost": 354.10,"Total Cost": 354.10,"Plan Rows": 784,"Plan Width": 108,"Actual Startup Time": 7.976,"Actual Total Time": 7.995,"Actual Rows": 814,"Actual Loops": 3,"Hash Buckets": 1024,"Original Hash Buckets": 1024,"Hash Batches": 1,"Original Hash Batches": 1,"Peak Memory Usage": 58,"Workers": [],"Plans": [{"Node Type": "Hash Join","Parent Relationship": "Outer","Parallel Aware": false,"Async Capable": false,"Join Type": "Inner","Startup Cost": 1.40,"Total Cost": 354.10,"Plan Rows": 784,"Plan Width": 108,"Actual Startup Time": 0.086,"Actual Total Time": 7.782,"Actual Rows": 814,"Actual Loops": 3,"Inner Unique": true,"Hash Cond": "(supplier.s_nationkey = n1.n_nationkey)","Workers": [],"Plans": [{"Node Type": "Seq Scan","Parent Relationship": "Outer","Parallel Aware": false,"Async Capable": false,"Relation Name": "supplier","Alias": "supplier","Startup Cost": 0.00,"Total Cost": 322.00,"Plan Rows": 10000,"Plan Width": 8,"Actual Startup Time": 0.034,"Actual Total Time": 3.936,"Actual Rows": 10000,"Actual Loops": 3,"Workers": []},{"Node Type": "Hash","Parent Relationship": "Inner","Parallel Aware": false,"Async Capable": false,"Startup Cost": 1.38,"Total Cost": 1.38,"Plan Rows": 2,"Plan Width": 108,"Actual Startup Time": 0.020,"Actual Total Time": 0.026,"Actual Rows": 2,"Actual Loops": 3,"Hash Buckets": 1024,"Original Hash Buckets": 1024,"Hash Batches": 1,"Original Hash Batches": 1,"Peak Memory Usage": 9,"Workers": [],"Plans": [{"Node Type": "Seq Scan","Parent Relationship": "Outer","Parallel Aware": false,"Async Capable": false,"Relation Name": "nation","Alias": "n1","Startup Cost": 0.00,"Total Cost": 1.38,"Plan Rows": 2,"Plan Width": 108,"Actual Startup Time": 0.009,"Actual Total Time": 0.014,"Actual Rows": 2,"Actual Loops": 3,"Filter": "((n_name = 'UNITED STATES'::bpchar) OR (n_name = 'PERU'::bpchar))","Rows Removed by Filter": 23,"Workers": []}]}]}]}]}]}]}]}]},"Planning Time": 9.181,"Triggers": [],"Execution Time": 974.028}]
[{"Plan": {"Node Type": "Aggregate","Strategy": "Sorted","Partial Mode": "Finalize","Parallel Aware": false,"Async Capable": false,"Startup Cost": 72556.41,"Total Cost": 73352.71,"Plan Rows": 5893,"Plan Width": 272,"Actual Startup Time": 909.811,"Actual Total Time": 962.556,"Actual Rows": 4,"Actual Loops": 1,"Group Key": ["n1.n_name", "n2.n_name", "(EXTRACT(year FROM lineitem.l_shipdate))"],"Plans": [{"Node Type": "Gather Merge","Parent Relationship": "Outer","Parallel Aware": false,"Async Capable": false,"Startup Cost": 72556.41,"Total Cost": 73202.94,"Plan Rows": 4910,"Plan Width": 272,"Actual Startup Time": 909.258,"Actual Total Time": 962.468,"Actual Rows": 12,"Actual Loops": 1,"Workers Planned": 2,"Workers Launched": 2,"Plans": [{"Node Type": "Aggregate","Strategy": "Sorted","Partial Mode": "Partial","Parent Relationship": "Outer","Parallel Aware": false,"Async Capable": false,"Startup Cost": 71556.39,"Total Cost": 71636.18,"Plan Rows": 2455,"Plan Width": 272,"Actual Startup Time": 900.467,"Actual Total Time": 901.215,"Actual Rows": 4,"Actual Loops": 3,"Group Key": ["n1.n_name", "n2.n_name", "(EXTRACT(year FROM lineitem.l_shipdate))"],"Workers": [],"Plans": [{"Node Type": "Sort","Parent Relationship": "Outer","Parallel Aware": false,"Async Capable": false,"Startup Cost": 71556.39,"Total Cost": 71562.53,"Plan Rows": 2455,"Plan Width": 252,"Actual Startup Time": 900.196,"Actual Total Time": 900.311,"Actual Rows": 1993,"Actual Loops": 3,"Sort Key": ["n1.n_name", "n2.n_name", "(EXTRACT(year FROM lineitem.l_shipdate))"],"Sort Method": "quicksort","Sort Space Used": 268,"Sort Space Type": "Memory","Workers": [{"Worker Number": 0,"Sort Method": "quicksort","Sort Space Used": 268,"Sort Space Type": "Memory"},{"Worker Number": 1,"Sort Method": "quicksort","Sort Space Used": 264,"Sort Space Type": "Memory"}],"Plans": [{"Node Type": "Hash Join","Parent Relationship": "Outer","Parallel Aware": false,"Async Capable": false,"Join Type": "Inner","Startup Cost": 366.16,"Total Cost": 71418.15,"Plan Rows": 2455,"Plan Width": 252,"Actual Startup Time": 9.440,"Actual Total Time": 898.413,"Actual Rows": 1993,"Actual Loops": 3,"Inner Unique": false,"Hash Cond": "(lineitem.l_suppkey = supplier.s_suppkey)","Join Filter": "(((n1.n_name = 'UNITED KINGDOM'::bpchar) AND (n2.n_name = 'IRAQ'::bpchar)) OR ((n1.n_name = 'IRAQ'::bpchar) AND (n2.n_name = 'UNITED KINGDOM'::bpchar)))","Rows Removed by Join Filter": 2054,"Workers": [],"Plans": [{"Node Type": "Nested Loop","Parent Relationship": "Outer","Parallel Aware": false,"Async Capable": false,"Join Type": "Inner","Startup Cost": 2.26,"Total Cost": 70727.78,"Plan Rows": 60250,"Plan Width": 124,"Actual Startup Time": 0.373,"Actual Total Time": 883.198,"Actual Rows": 48024,"Actual Loops": 3,"Inner Unique": false,"Workers": [],"Plans": [{"Node Type": "Nested Loop","Parent Relationship": "Outer","Parallel Aware": false,"Async Capable": false,"Join Type": "Inner","Startup Cost": 1.83,"Total Cost": 12400.01,"Plan Rows": 49000,"Plan Width": 108,"Actual Startup Time": 0.268,"Actual Total Time": 222.315,"Actual Rows": 39452,"Actual Loops": 3,"Inner Unique": false,"Workers": [],"Plans": [{"Node Type": "Hash Join","Parent Relationship": "Outer","Parallel Aware": false,"Async Capable": false,"Join Type": "Inner","Startup Cost": 1.40,"Total Cost": 4403.27,"Plan Rows": 4900,"Plan Width": 108,"Actual Startup Time": 0.152,"Actual Total Time": 46.052,"Actual Rows": 3991,"Actual Loops": 3,"Inner Unique": true,"Hash Cond": "(customer.c_nationkey = n2.n_nationkey)","Workers": [],"Plans": [{"Node Type": "Seq Scan","Parent Relationship": "Outer","Parallel Aware": true,"Async Capable": false,"Relation Name": "customer","Alias": "customer","Startup Cost": 0.00,"Total Cost": 4210.00,"Plan Rows": 62500,"Plan Width": 8,"Actual Startup Time": 0.011,"Actual Total Time": 9.341,"Actual Rows": 50000,"Actual Loops": 3,"Workers": []},{"Node Type": "Hash","Parent Relationship": "Inner","Parallel Aware": false,"Async Capable": false,"Startup Cost": 1.38,"Total Cost": 1.38,"Plan Rows": 2,"Plan Width": 108,"Actual Startup Time": 0.062,"Actual Total Time": 0.069,"Actual Rows": 2,"Actual Loops": 3,"Hash Buckets": 1024,"Original Hash Buckets": 1024,"Hash Batches": 1,"Original Hash Batches": 1,"Peak Memory Usage": 9,"Workers": [],"Plans": [{"Node Type": "Seq Scan","Parent Relationship": "Outer","Parallel Aware": false,"Async Capable": false,"Relation Name": "nation","Alias": "n2","Startup Cost": 0.00,"Total Cost": 1.38,"Plan Rows": 2,"Plan Width": 108,"Actual Startup Time": 0.046,"Actual Total Time": 0.050,"Actual Rows": 2,"Actual Loops": 3,"Filter": "((n_name = 'IRAQ'::bpchar) OR (n_name = 'UNITED KINGDOM'::bpchar))","Rows Removed by Filter": 23,"Workers": []}]}]},{"Node Type": "Index Scan","Parent Relationship": "Inner","Parallel Aware": false,"Async Capable": false,"Scan Direction": "Forward","Index Name": "idx_orders_custkey","Relation Name": "orders","Alias": "orders","Startup Cost": 0.43,"Total Cost": 1.46,"Plan Rows": 17,"Plan Width": 8,"Actual Startup Time": 0.007,"Actual Total Time": 0.043,"Actual Rows": 10,"Actual Loops": 11974,"Index Cond": "(o_custkey = customer.c_custkey)","Rows Removed by Index Recheck": 0,"Workers": []}]},{"Node Type": "Index Scan","Parent Relationship": "Inner","Parallel Aware": false,"Async Capable": false,"Scan Direction": "Forward","Index Name": "idx_lineitem_orderkey","Relation Name": "lineitem","Alias": "lineitem","Startup Cost": 0.43,"Total Cost": 1.14,"Plan Rows": 5,"Plan Width": 24,"Actual Startup Time": 0.016,"Actual Total Time": 0.016,"Actual Rows": 1,"Actual Loops": 118357,"Index Cond": "(l_orderkey = orders.o_orderkey)","Rows Removed by Index Recheck": 0,"Filter": "((l_shipdate >= '1995-01-01'::date) AND (l_shipdate <= '1996-12-31'::date))","Rows Removed by Filter": 3,"Workers": []}]},{"Node Type": "Hash","Parent Relationship": "Inner","Parallel Aware": false,"Async Capable": false,"Startup Cost": 354.10,"Total Cost": 354.10,"Plan Rows": 784,"Plan Width": 108,"Actual Startup Time": 7.900,"Actual Total Time": 7.918,"Actual Rows": 828,"Actual Loops": 3,"Hash Buckets": 1024,"Original Hash Buckets": 1024,"Hash Batches": 1,"Original Hash Batches": 1,"Peak Memory Usage": 59,"Workers": [],"Plans": [{"Node Type": "Hash Join","Parent Relationship": "Outer","Parallel Aware": false,"Async Capable": false,"Join Type": "Inner","Startup Cost": 1.40,"Total Cost": 354.10,"Plan Rows": 784,"Plan Width": 108,"Actual Startup Time": 0.064,"Actual Total Time": 7.718,"Actual Rows": 828,"Actual Loops": 3,"Inner Unique": true,"Hash Cond": "(supplier.s_nationkey = n1.n_nationkey)","Workers": [],"Plans": [{"Node Type": "Seq Scan","Parent Relationship": "Outer","Parallel Aware": false,"Async Capable": false,"Relation Name": "supplier","Alias": "supplier","Startup Cost": 0.00,"Total Cost": 322.00,"Plan Rows": 10000,"Plan Width": 8,"Actual Startup Time": 0.027,"Actual Total Time": 3.911,"Actual Rows": 10000,"Actual Loops": 3,"Workers": []},{"Node Type": "Hash","Parent Relationship": "Inner","Parallel Aware": false,"Async Capable": false,"Startup Cost": 1.38,"Total Cost": 1.38,"Plan Rows": 2,"Plan Width": 108,"Actual Startup Time": 0.013,"Actual Total Time": 0.018,"Actual Rows": 2,"Actual Loops": 3,"Hash Buckets": 1024,"Original Hash Buckets": 1024,"Hash Batches": 1,"Original Hash Batches": 1,"Peak Memory Usage": 9,"Workers": [],"Plans": [{"Node Type": "Seq Scan","Parent Relationship": "Outer","Parallel Aware": false,"Async Capable": false,"Relation Name": "nation","Alias": "n1","Startup Cost": 0.00,"Total Cost": 1.38,"Plan Rows": 2,"Plan Width": 108,"Actual Startup Time": 0.006,"Actual Total Time": 0.009,"Actual Rows": 2,"Actual Loops": 3,"Filter": "((n_name = 'UNITED KINGDOM'::bpchar) OR (n_name = 'IRAQ'::bpchar))","Rows Removed by Filter": 23,"Workers": []}]}]}]}]}]}]}]}]},"Planning Time": 8.527,"Triggers": [],"Execution Time": 963.039}]
[{"Plan": {"Node Type": "Aggregate","Strategy": "Sorted","Partial Mode": "Finalize","Parallel Aware": false,"Async Capable": false,"Startup Cost": 72556.41,"Total Cost": 73352.71,"Plan Rows": 5893,"Plan Width": 272,"Actual Startup Time": 957.331,"Actual Total Time": 1000.516,"Actual Rows": 4,"Actual Loops": 1,"Group Key": ["n1.n_name", "n2.n_name", "(EXTRACT(year FROM lineitem.l_shipdate))"],"Plans": [{"Node Type": "Gather Merge","Parent Relationship": "Outer","Parallel Aware": false,"Async Capable": false,"Startup Cost": 72556.41,"Total Cost": 73202.94,"Plan Rows": 4910,"Plan Width": 272,"Actual Startup Time": 957.064,"Actual Total Time": 1000.458,"Actual Rows": 12,"Actual Loops": 1,"Workers Planned": 2,"Workers Launched": 2,"Plans": [{"Node Type": "Aggregate","Strategy": "Sorted","Partial Mode": "Partial","Parent Relationship": "Outer","Parallel Aware": false,"Async Capable": false,"Startup Cost": 71556.39,"Total Cost": 71636.18,"Plan Rows": 2455,"Plan Width": 272,"Actual Startup Time": 948.765,"Actual Total Time": 949.487,"Actual Rows": 4,"Actual Loops": 3,"Group Key": ["n1.n_name", "n2.n_name", "(EXTRACT(year FROM lineitem.l_shipdate))"],"Workers": [],"Plans": [{"Node Type": "Sort","Parent Relationship": "Outer","Parallel Aware": false,"Async Capable": false,"Startup Cost": 71556.39,"Total Cost": 71562.53,"Plan Rows": 2455,"Plan Width": 252,"Actual Startup Time": 948.485,"Actual Total Time": 948.588,"Actual Rows": 1998,"Actual Loops": 3,"Sort Key": ["n1.n_name", "n2.n_name", "(EXTRACT(year FROM lineitem.l_shipdate))"],"Sort Method": "quicksort","Sort Space Used": 322,"Sort Space Type": "Memory","Workers": [{"Worker Number": 0,"Sort Method": "quicksort","Sort Space Used": 261,"Sort Space Type": "Memory"},{"Worker Number": 1,"Sort Method": "quicksort","Sort Space Used": 266,"Sort Space Type": "Memory"}],"Plans": [{"Node Type": "Hash Join","Parent Relationship": "Outer","Parallel Aware": false,"Async Capable": false,"Join Type": "Inner","Startup Cost": 366.16,"Total Cost": 71418.15,"Plan Rows": 2455,"Plan Width": 252,"Actual Startup Time": 14.224,"Actual Total Time": 946.346,"Actual Rows": 1998,"Actual Loops": 3,"Inner Unique": false,"Hash Cond": "(lineitem.l_suppkey = supplier.s_suppkey)","Join Filter": "(((n1.n_name = 'IRAN'::bpchar) AND (n2.n_name = 'FRANCE'::bpchar)) OR ((n1.n_name = 'FRANCE'::bpchar) AND (n2.n_name = 'IRAN'::bpchar)))","Rows Removed by Join Filter": 1916,"Workers": [],"Plans": [{"Node Type": "Nested Loop","Parent Relationship": "Outer","Parallel Aware": false,"Async Capable": false,"Join Type": "Inner","Startup Cost": 2.26,"Total Cost": 70727.78,"Plan Rows": 60250,"Plan Width": 124,"Actual Startup Time": 0.617,"Actual Total Time": 926.410,"Actual Rows": 49212,"Actual Loops": 3,"Inner Unique": false,"Workers": [],"Plans": [{"Node Type": "Nested Loop","Parent Relationship": "Outer","Parallel Aware": false,"Async Capable": false,"Join Type": "Inner","Startup Cost": 1.83,"Total Cost": 12400.01,"Plan Rows": 49000,"Plan Width": 108,"Actual Startup Time": 0.328,"Actual Total Time": 229.969,"Actual Rows": 40425,"Actual Loops": 3,"Inner Unique": false,"Workers": [],"Plans": [{"Node Type": "Hash Join","Parent Relationship": "Outer","Parallel Aware": false,"Async Capable": false,"Join Type": "Inner","Startup Cost": 1.40,"Total Cost": 4403.27,"Plan Rows": 4900,"Plan Width": 108,"Actual Startup Time": 0.220,"Actual Total Time": 45.917,"Actual Rows": 4036,"Actual Loops": 3,"Inner Unique": true,"Hash Cond": "(customer.c_nationkey = n2.n_nationkey)","Workers": [],"Plans": [{"Node Type": "Seq Scan","Parent Relationship": "Outer","Parallel Aware": true,"Async Capable": false,"Relation Name": "customer","Alias": "customer","Startup Cost": 0.00,"Total Cost": 4210.00,"Plan Rows": 62500,"Plan Width": 8,"Actual Startup Time": 0.016,"Actual Total Time": 9.285,"Actual Rows": 50000,"Actual Loops": 3,"Workers": []},{"Node Type": "Hash","Parent Relationship": "Inner","Parallel Aware": false,"Async Capable": false,"Startup Cost": 1.38,"Total Cost": 1.38,"Plan Rows": 2,"Plan Width": 108,"Actual Startup Time": 0.092,"Actual Total Time": 0.099,"Actual Rows": 2,"Actual Loops": 3,"Hash Buckets": 1024,"Original Hash Buckets": 1024,"Hash Batches": 1,"Original Hash Batches": 1,"Peak Memory Usage": 9,"Workers": [],"Plans": [{"Node Type": "Seq Scan","Parent Relationship": "Outer","Parallel Aware": false,"Async Capable": false,"Relation Name": "nation","Alias": "n2","Startup Cost": 0.00,"Total Cost": 1.38,"Plan Rows": 2,"Plan Width": 108,"Actual Startup Time": 0.066,"Actual Total Time": 0.075,"Actual Rows": 2,"Actual Loops": 3,"Filter": "((n_name = 'FRANCE'::bpchar) OR (n_name = 'IRAN'::bpchar))","Rows Removed by Filter": 23,"Workers": []}]}]},{"Node Type": "Index Scan","Parent Relationship": "Inner","Parallel Aware": false,"Async Capable": false,"Scan Direction": "Forward","Index Name": "idx_orders_custkey","Relation Name": "orders","Alias": "orders","Startup Cost": 0.43,"Total Cost": 1.46,"Plan Rows": 17,"Plan Width": 8,"Actual Startup Time": 0.007,"Actual Total Time": 0.044,"Actual Rows": 10,"Actual Loops": 12109,"Index Cond": "(o_custkey = customer.c_custkey)","Rows Removed by Index Recheck": 0,"Workers": []}]},{"Node Type": "Index Scan","Parent Relationship": "Inner","Parallel Aware": false,"Async Capable": false,"Scan Direction": "Forward","Index Name": "idx_lineitem_orderkey","Relation Name": "lineitem","Alias": "lineitem","Startup Cost": 0.43,"Total Cost": 1.14,"Plan Rows": 5,"Plan Width": 24,"Actual Startup Time": 0.016,"Actual Total Time": 0.017,"Actual Rows": 1,"Actual Loops": 121275,"Index Cond": "(l_orderkey = orders.o_orderkey)","Rows Removed by Index Recheck": 0,"Filter": "((l_shipdate >= '1995-01-01'::date) AND (l_shipdate <= '1996-12-31'::date))","Rows Removed by Filter": 3,"Workers": []}]},{"Node Type": "Hash","Parent Relationship": "Inner","Parallel Aware": false,"Async Capable": false,"Startup Cost": 354.10,"Total Cost": 354.10,"Plan Rows": 784,"Plan Width": 108,"Actual Startup Time": 11.306,"Actual Total Time": 11.319,"Actual Rows": 795,"Actual Loops": 3,"Hash Buckets": 1024,"Original Hash Buckets": 1024,"Hash Batches": 1,"Original Hash Batches": 1,"Peak Memory Usage": 57,"Workers": [],"Plans": [{"Node Type": "Hash Join","Parent Relationship": "Outer","Parallel Aware": false,"Async Capable": false,"Join Type": "Inner","Startup Cost": 1.40,"Total Cost": 354.10,"Plan Rows": 784,"Plan Width": 108,"Actual Startup Time": 0.101,"Actual Total Time": 11.093,"Actual Rows": 795,"Actual Loops": 3,"Inner Unique": true,"Hash Cond": "(supplier.s_nationkey = n1.n_nationkey)","Workers": [],"Plans": [{"Node Type": "Seq Scan","Parent Relationship": "Outer","Parallel Aware": false,"Async Capable": false,"Relation Name": "supplier","Alias": "supplier","Startup Cost": 0.00,"Total Cost": 322.00,"Plan Rows": 10000,"Plan Width": 8,"Actual Startup Time": 0.039,"Actual Total Time": 4.690,"Actual Rows": 10000,"Actual Loops": 3,"Workers": []},{"Node Type": "Hash","Parent Relationship": "Inner","Parallel Aware": false,"Async Capable": false,"Startup Cost": 1.38,"Total Cost": 1.38,"Plan Rows": 2,"Plan Width": 108,"Actual Startup Time": 0.019,"Actual Total Time": 0.023,"Actual Rows": 2,"Actual Loops": 3,"Hash Buckets": 1024,"Original Hash Buckets": 1024,"Hash Batches": 1,"Original Hash Batches": 1,"Peak Memory Usage": 9,"Workers": [],"Plans": [{"Node Type": "Seq Scan","Parent Relationship": "Outer","Parallel Aware": false,"Async Capable": false,"Relation Name": "nation","Alias": "n1","Startup Cost": 0.00,"Total Cost": 1.38,"Plan Rows": 2,"Plan Width": 108,"Actual Startup Time": 0.006,"Actual Total Time": 0.013,"Actual Rows": 2,"Actual Loops": 3,"Filter": "((n_name = 'IRAN'::bpchar) OR (n_name = 'FRANCE'::bpchar))","Rows Removed by Filter": 23,"Workers": []}]}]}]}]}]}]}]}]},"Planning Time": 9.710,"Triggers": [],"Execution Time": 1001.096}]
[{"Plan": {"Node Type": "Aggregate","Strategy": "Sorted","Partial Mode": "Finalize","Parallel Aware": false,"Async Capable": false,"Startup Cost": 72556.41,"Total Cost": 73352.71,"Plan Rows": 5893,"Plan Width": 272,"Actual Startup Time": 896.944,"Actual Total Time": 936.689,"Actual Rows": 4,"Actual Loops": 1,"Group Key": ["n1.n_name", "n2.n_name", "(EXTRACT(year FROM lineitem.l_shipdate))"],"Plans": [{"Node Type": "Gather Merge","Parent Relationship": "Outer","Parallel Aware": false,"Async Capable": false,"Startup Cost": 72556.41,"Total Cost": 73202.94,"Plan Rows": 4910,"Plan Width": 272,"Actual Startup Time": 896.653,"Actual Total Time": 936.637,"Actual Rows": 12,"Actual Loops": 1,"Workers Planned": 2,"Workers Launched": 2,"Plans": [{"Node Type": "Aggregate","Strategy": "Sorted","Partial Mode": "Partial","Parent Relationship": "Outer","Parallel Aware": false,"Async Capable": false,"Startup Cost": 71556.39,"Total Cost": 71636.18,"Plan Rows": 2455,"Plan Width": 272,"Actual Startup Time": 888.767,"Actual Total Time": 889.489,"Actual Rows": 4,"Actual Loops": 3,"Group Key": ["n1.n_name", "n2.n_name", "(EXTRACT(year FROM lineitem.l_shipdate))"],"Workers": [],"Plans": [{"Node Type": "Sort","Parent Relationship": "Outer","Parallel Aware": false,"Async Capable": false,"Startup Cost": 71556.39,"Total Cost": 71562.53,"Plan Rows": 2455,"Plan Width": 252,"Actual Startup Time": 888.509,"Actual Total Time": 888.604,"Actual Rows": 2033,"Actual Loops": 3,"Sort Key": ["n1.n_name", "n2.n_name", "(EXTRACT(year FROM lineitem.l_shipdate))"],"Sort Method": "quicksort","Sort Space Used": 326,"Sort Space Type": "Memory","Workers": [{"Worker Number": 0,"Sort Method": "quicksort","Sort Space Used": 268,"Sort Space Type": "Memory"},{"Worker Number": 1,"Sort Method": "quicksort","Sort Space Used": 266,"Sort Space Type": "Memory"}],"Plans": [{"Node Type": "Hash Join","Parent Relationship": "Outer","Parallel Aware": false,"Async Capable": false,"Join Type": "Inner","Startup Cost": 366.16,"Total Cost": 71418.15,"Plan Rows": 2455,"Plan Width": 252,"Actual Startup Time": 9.969,"Actual Total Time": 886.734,"Actual Rows": 2033,"Actual Loops": 3,"Inner Unique": false,"Hash Cond": "(lineitem.l_suppkey = supplier.s_suppkey)","Join Filter": "(((n1.n_name = 'RUSSIA'::bpchar) AND (n2.n_name = 'FRANCE'::bpchar)) OR ((n1.n_name = 'FRANCE'::bpchar) AND (n2.n_name = 'RUSSIA'::bpchar)))","Rows Removed by Join Filter": 2012,"Workers": [],"Plans": [{"Node Type": "Nested Loop","Parent Relationship": "Outer","Parallel Aware": false,"Async Capable": false,"Join Type": "Inner","Startup Cost": 2.26,"Total Cost": 70727.78,"Plan Rows": 60250,"Plan Width": 124,"Actual Startup Time": 0.547,"Actual Total Time": 870.882,"Actual Rows": 50082,"Actual Loops": 3,"Inner Unique": false,"Workers": [],"Plans": [{"Node Type": "Nested Loop","Parent Relationship": "Outer","Parallel Aware": false,"Async Capable": false,"Join Type": "Inner","Startup Cost": 1.83,"Total Cost": 12400.01,"Plan Rows": 49000,"Plan Width": 108,"Actual Startup Time": 0.263,"Actual Total Time": 214.153,"Actual Rows": 41032,"Actual Loops": 3,"Inner Unique": false,"Workers": [],"Plans": [{"Node Type": "Hash Join","Parent Relationship": "Outer","Parallel Aware": false,"Async Capable": false,"Join Type": "Inner","Startup Cost": 1.40,"Total Cost": 4403.27,"Plan Rows": 4900,"Plan Width": 108,"Actual Startup Time": 0.144,"Actual Total Time": 40.636,"Actual Rows": 4059,"Actual Loops": 3,"Inner Unique": true,"Hash Cond": "(customer.c_nationkey = n2.n_nationkey)","Workers": [],"Plans": [{"Node Type": "Seq Scan","Parent Relationship": "Outer","Parallel Aware": true,"Async Capable": false,"Relation Name": "customer","Alias": "customer","Startup Cost": 0.00,"Total Cost": 4210.00,"Plan Rows": 62500,"Plan Width": 8,"Actual Startup Time": 0.014,"Actual Total Time": 8.782,"Actual Rows": 50000,"Actual Loops": 3,"Workers": []},{"Node Type": "Hash","Parent Relationship": "Inner","Parallel Aware": false,"Async Capable": false,"Startup Cost": 1.38,"Total Cost": 1.38,"Plan Rows": 2,"Plan Width": 108,"Actual Startup Time": 0.062,"Actual Total Time": 0.065,"Actual Rows": 2,"Actual Loops": 3,"Hash Buckets": 1024,"Original Hash Buckets": 1024,"Hash Batches": 1,"Original Hash Batches": 1,"Peak Memory Usage": 9,"Workers": [],"Plans": [{"Node Type": "Seq Scan","Parent Relationship": "Outer","Parallel Aware": false,"Async Capable": false,"Relation Name": "nation","Alias": "n2","Startup Cost": 0.00,"Total Cost": 1.38,"Plan Rows": 2,"Plan Width": 108,"Actual Startup Time": 0.045,"Actual Total Time": 0.051,"Actual Rows": 2,"Actual Loops": 3,"Filter": "((n_name = 'FRANCE'::bpchar) OR (n_name = 'RUSSIA'::bpchar))","Rows Removed by Filter": 23,"Workers": []}]}]},{"Node Type": "Index Scan","Parent Relationship": "Inner","Parallel Aware": false,"Async Capable": false,"Scan Direction": "Forward","Index Name": "idx_orders_custkey","Relation Name": "orders","Alias": "orders","Startup Cost": 0.43,"Total Cost": 1.46,"Plan Rows": 17,"Plan Width": 8,"Actual Startup Time": 0.007,"Actual Total Time": 0.041,"Actual Rows": 10,"Actual Loops": 12178,"Index Cond": "(o_custkey = customer.c_custkey)","Rows Removed by Index Recheck": 0,"Workers": []}]},{"Node Type": "Index Scan","Parent Relationship": "Inner","Parallel Aware": false,"Async Capable": false,"Scan Direction": "Forward","Index Name": "idx_lineitem_orderkey","Relation Name": "lineitem","Alias": "lineitem","Startup Cost": 0.43,"Total Cost": 1.14,"Plan Rows": 5,"Plan Width": 24,"Actual Startup Time": 0.015,"Actual Total Time": 0.016,"Actual Rows": 1,"Actual Loops": 123095,"Index Cond": "(l_orderkey = orders.o_orderkey)","Rows Removed by Index Recheck": 0,"Filter": "((l_shipdate >= '1995-01-01'::date) AND (l_shipdate <= '1996-12-31'::date))","Rows Removed by Filter": 3,"Workers": []}]},{"Node Type": "Hash","Parent Relationship": "Inner","Parallel Aware": false,"Async Capable": false,"Startup Cost": 354.10,"Total Cost": 354.10,"Plan Rows": 784,"Plan Width": 108,"Actual Startup Time": 8.376,"Actual Total Time": 8.386,"Actual Rows": 803,"Actual Loops": 3,"Hash Buckets": 1024,"Original Hash Buckets": 1024,"Hash Batches": 1,"Original Hash Batches": 1,"Peak Memory Usage": 57,"Workers": [],"Plans": [{"Node Type": "Hash Join","Parent Relationship": "Outer","Parallel Aware": false,"Async Capable": false,"Join Type": "Inner","Startup Cost": 1.40,"Total Cost": 354.10,"Plan Rows": 784,"Plan Width": 108,"Actual Startup Time": 0.081,"Actual Total Time": 8.163,"Actual Rows": 803,"Actual Loops": 3,"Inner Unique": true,"Hash Cond": "(supplier.s_nationkey = n1.n_nationkey)","Workers": [],"Plans": [{"Node Type": "Seq Scan","Parent Relationship": "Outer","Parallel Aware": false,"Async Capable": false,"Relation Name": "supplier","Alias": "supplier","Startup Cost": 0.00,"Total Cost": 322.00,"Plan Rows": 10000,"Plan Width": 8,"Actual Startup Time": 0.028,"Actual Total Time": 3.743,"Actual Rows": 10000,"Actual Loops": 3,"Workers": []},{"Node Type": "Hash","Parent Relationship": "Inner","Parallel Aware": false,"Async Capable": false,"Startup Cost": 1.38,"Total Cost": 1.38,"Plan Rows": 2,"Plan Width": 108,"Actual Startup Time": 0.015,"Actual Total Time": 0.018,"Actual Rows": 2,"Actual Loops": 3,"Hash Buckets": 1024,"Original Hash Buckets": 1024,"Hash Batches": 1,"Original Hash Batches": 1,"Peak Memory Usage": 9,"Workers": [],"Plans": [{"Node Type": "Seq Scan","Parent Relationship": "Outer","Parallel Aware": false,"Async Capable": false,"Relation Name": "nation","Alias": "n1","Startup Cost": 0.00,"Total Cost": 1.38,"Plan Rows": 2,"Plan Width": 108,"Actual Startup Time": 0.005,"Actual Total Time": 0.009,"Actual Rows": 2,"Actual Loops": 3,"Filter": "((n_name = 'RUSSIA'::bpchar) OR (n_name = 'FRANCE'::bpchar))","Rows Removed by Filter": 23,"Workers": []}]}]}]}]}]}]}]}]},"Planning Time": 9.320,"Triggers": [],"Execution Time": 937.118}]
[{"Plan": {"Node Type": "Aggregate","Strategy": "Sorted","Partial Mode": "Finalize","Parallel Aware": false,"Async Capable": false,"Startup Cost": 72556.41,"Total Cost": 73352.71,"Plan Rows": 5893,"Plan Width": 272,"Actual Startup Time": 923.937,"Actual Total Time": 970.083,"Actual Rows": 4,"Actual Loops": 1,"Group Key": ["n1.n_name", "n2.n_name", "(EXTRACT(year FROM lineitem.l_shipdate))"],"Plans": [{"Node Type": "Gather Merge","Parent Relationship": "Outer","Parallel Aware": false,"Async Capable": false,"Startup Cost": 72556.41,"Total Cost": 73202.94,"Plan Rows": 4910,"Plan Width": 272,"Actual Startup Time": 923.625,"Actual Total Time": 970.018,"Actual Rows": 12,"Actual Loops": 1,"Workers Planned": 2,"Workers Launched": 2,"Plans": [{"Node Type": "Aggregate","Strategy": "Sorted","Partial Mode": "Partial","Parent Relationship": "Outer","Parallel Aware": false,"Async Capable": false,"Startup Cost": 71556.39,"Total Cost": 71636.18,"Plan Rows": 2455,"Plan Width": 272,"Actual Startup Time": 915.735,"Actual Total Time": 916.444,"Actual Rows": 4,"Actual Loops": 3,"Group Key": ["n1.n_name", "n2.n_name", "(EXTRACT(year FROM lineitem.l_shipdate))"],"Workers": [],"Plans": [{"Node Type": "Sort","Parent Relationship": "Outer","Parallel Aware": false,"Async Capable": false,"Startup Cost": 71556.39,"Total Cost": 71562.53,"Plan Rows": 2455,"Plan Width": 252,"Actual Startup Time": 915.439,"Actual Total Time": 915.551,"Actual Rows": 2041,"Actual Loops": 3,"Sort Key": ["n1.n_name", "n2.n_name", "(EXTRACT(year FROM lineitem.l_shipdate))"],"Sort Method": "quicksort","Sort Space Used": 271,"Sort Space Type": "Memory","Workers": [{"Worker Number": 0,"Sort Method": "quicksort","Sort Space Used": 259,"Sort Space Type": "Memory"},{"Worker Number": 1,"Sort Method": "quicksort","Sort Space Used": 333,"Sort Space Type": "Memory"}],"Plans": [{"Node Type": "Hash Join","Parent Relationship": "Outer","Parallel Aware": false,"Async Capable": false,"Join Type": "Inner","Startup Cost": 366.16,"Total Cost": 71418.15,"Plan Rows": 2455,"Plan Width": 252,"Actual Startup Time": 9.009,"Actual Total Time": 913.448,"Actual Rows": 2041,"Actual Loops": 3,"Inner Unique": false,"Hash Cond": "(lineitem.l_suppkey = supplier.s_suppkey)","Join Filter": "(((n1.n_name = 'RUSSIA'::bpchar) AND (n2.n_name = 'ARGENTINA'::bpchar)) OR ((n1.n_name = 'ARGENTINA'::bpchar) AND (n2.n_name = 'RUSSIA'::bpchar)))","Rows Removed by Join Filter": 1997,"Workers": [],"Plans": [{"Node Type": "Nested Loop","Parent Relationship": "Outer","Parallel Aware": false,"Async Capable": false,"Join Type": "Inner","Startup Cost": 2.26,"Total Cost": 70727.78,"Plan Rows": 60250,"Plan Width": 124,"Actual Startup Time": 0.788,"Actual Total Time": 899.437,"Actual Rows": 49239,"Actual Loops": 3,"Inner Unique": false,"Workers": [],"Plans": [{"Node Type": "Nested Loop","Parent Relationship": "Outer","Parallel Aware": false,"Async Capable": false,"Join Type": "Inner","Startup Cost": 1.83,"Total Cost": 12400.01,"Plan Rows": 49000,"Plan Width": 108,"Actual Startup Time": 0.289,"Actual Total Time": 222.770,"Actual Rows": 40347,"Actual Loops": 3,"Inner Unique": false,"Workers": [],"Plans": [{"Node Type": "Hash Join","Parent Relationship": "Outer","Parallel Aware": false,"Async Capable": false,"Join Type": "Inner","Startup Cost": 1.40,"Total Cost": 4403.27,"Plan Rows": 4900,"Plan Width": 108,"Actual Startup Time": 0.167,"Actual Total Time": 43.985,"Actual Rows": 4018,"Actual Loops": 3,"Inner Unique": true,"Hash Cond": "(customer.c_nationkey = n2.n_nationkey)","Workers": [],"Plans": [{"Node Type": "Seq Scan","Parent Relationship": "Outer","Parallel Aware": true,"Async Capable": false,"Relation Name": "customer","Alias": "customer","Startup Cost": 0.00,"Total Cost": 4210.00,"Plan Rows": 62500,"Plan Width": 8,"Actual Startup Time": 0.012,"Actual Total Time": 9.003,"Actual Rows": 50000,"Actual Loops": 3,"Workers": []},{"Node Type": "Hash","Parent Relationship": "Inner","Parallel Aware": false,"Async Capable": false,"Startup Cost": 1.38,"Total Cost": 1.38,"Plan Rows": 2,"Plan Width": 108,"Actual Startup Time": 0.066,"Actual Total Time": 0.073,"Actual Rows": 2,"Actual Loops": 3,"Hash Buckets": 1024,"Original Hash Buckets": 1024,"Hash Batches": 1,"Original Hash Batches": 1,"Peak Memory Usage": 9,"Workers": [],"Plans": [{"Node Type": "Seq Scan","Parent Relationship": "Outer","Parallel Aware": false,"Async Capable": false,"Relation Name": "nation","Alias": "n2","Startup Cost": 0.00,"Total Cost": 1.38,"Plan Rows": 2,"Plan Width": 108,"Actual Startup Time": 0.048,"Actual Total Time": 0.057,"Actual Rows": 2,"Actual Loops": 3,"Filter": "((n_name = 'ARGENTINA'::bpchar) OR (n_name = 'RUSSIA'::bpchar))","Rows Removed by Filter": 23,"Workers": []}]}]},{"Node Type": "Index Scan","Parent Relationship": "Inner","Parallel Aware": false,"Async Capable": false,"Scan Direction": "Forward","Index Name": "idx_orders_custkey","Relation Name": "orders","Alias": "orders","Startup Cost": 0.43,"Total Cost": 1.46,"Plan Rows": 17,"Plan Width": 8,"Actual Startup Time": 0.007,"Actual Total Time": 0.043,"Actual Rows": 10,"Actual Loops": 12053,"Index Cond": "(o_custkey = customer.c_custkey)","Rows Removed by Index Recheck": 0,"Workers": []}]},{"Node Type": "Index Scan","Parent Relationship": "Inner","Parallel Aware": false,"Async Capable": false,"Scan Direction": "Forward","Index Name": "idx_lineitem_orderkey","Relation Name": "lineitem","Alias": "lineitem","Startup Cost": 0.43,"Total Cost": 1.14,"Plan Rows": 5,"Plan Width": 24,"Actual Startup Time": 0.016,"Actual Total Time": 0.017,"Actual Rows": 1,"Actual Loops": 121042,"Index Cond": "(l_orderkey = orders.o_orderkey)","Rows Removed by Index Recheck": 0,"Filter": "((l_shipdate >= '1995-01-01'::date) AND (l_shipdate <= '1996-12-31'::date))","Rows Removed by Filter": 3,"Workers": []}]},{"Node Type": "Hash","Parent Relationship": "Inner","Parallel Aware": false,"Async Capable": false,"Startup Cost": 354.10,"Total Cost": 354.10,"Plan Rows": 784,"Plan Width": 108,"Actual Startup Time": 6.781,"Actual Total Time": 6.794,"Actual Rows": 814,"Actual Loops": 3,"Hash Buckets": 1024,"Original Hash Buckets": 1024,"Hash Batches": 1,"Original Hash Batches": 1,"Peak Memory Usage": 58,"Workers": [],"Plans": [{"Node Type": "Hash Join","Parent Relationship": "Outer","Parallel Aware": false,"Async Capable": false,"Join Type": "Inner","Startup Cost": 1.40,"Total Cost": 354.10,"Plan Rows": 784,"Plan Width": 108,"Actual Startup Time": 0.075,"Actual Total Time": 6.587,"Actual Rows": 814,"Actual Loops": 3,"Inner Unique": true,"Hash Cond": "(supplier.s_nationkey = n1.n_nationkey)","Workers": [],"Plans": [{"Node Type": "Seq Scan","Parent Relationship": "Outer","Parallel Aware": false,"Async Capable": false,"Relation Name": "supplier","Alias": "supplier","Startup Cost": 0.00,"Total Cost": 322.00,"Plan Rows": 10000,"Plan Width": 8,"Actual Startup Time": 0.026,"Actual Total Time": 3.426,"Actual Rows": 10000,"Actual Loops": 3,"Workers": []},{"Node Type": "Hash","Parent Relationship": "Inner","Parallel Aware": false,"Async Capable": false,"Startup Cost": 1.38,"Total Cost": 1.38,"Plan Rows": 2,"Plan Width": 108,"Actual Startup Time": 0.017,"Actual Total Time": 0.022,"Actual Rows": 2,"Actual Loops": 3,"Hash Buckets": 1024,"Original Hash Buckets": 1024,"Hash Batches": 1,"Original Hash Batches": 1,"Peak Memory Usage": 9,"Workers": [],"Plans": [{"Node Type": "Seq Scan","Parent Relationship": "Outer","Parallel Aware": false,"Async Capable": false,"Relation Name": "nation","Alias": "n1","Startup Cost": 0.00,"Total Cost": 1.38,"Plan Rows": 2,"Plan Width": 108,"Actual Startup Time": 0.006,"Actual Total Time": 0.012,"Actual Rows": 2,"Actual Loops": 3,"Filter": "((n_name = 'RUSSIA'::bpchar) OR (n_name = 'ARGENTINA'::bpchar))","Rows Removed by Filter": 23,"Workers": []}]}]}]}]}]}]}]}]},"Planning Time": 8.015,"Triggers": [],"Execution Time": 970.725}]
[{"Plan": {"Node Type": "Aggregate","Strategy": "Sorted","Partial Mode": "Finalize","Parallel Aware": false,"Async Capable": false,"Startup Cost": 72556.41,"Total Cost": 73352.71,"Plan Rows": 5893,"Plan Width": 272,"Actual Startup Time": 898.618,"Actual Total Time": 944.377,"Actual Rows": 4,"Actual Loops": 1,"Group Key": ["n1.n_name", "n2.n_name", "(EXTRACT(year FROM lineitem.l_shipdate))"],"Plans": [{"Node Type": "Gather Merge","Parent Relationship": "Outer","Parallel Aware": false,"Async Capable": false,"Startup Cost": 72556.41,"Total Cost": 73202.94,"Plan Rows": 4910,"Plan Width": 272,"Actual Startup Time": 898.092,"Actual Total Time": 944.295,"Actual Rows": 12,"Actual Loops": 1,"Workers Planned": 2,"Workers Launched": 2,"Plans": [{"Node Type": "Aggregate","Strategy": "Sorted","Partial Mode": "Partial","Parent Relationship": "Outer","Parallel Aware": false,"Async Capable": false,"Startup Cost": 71556.39,"Total Cost": 71636.18,"Plan Rows": 2455,"Plan Width": 272,"Actual Startup Time": 889.412,"Actual Total Time": 890.167,"Actual Rows": 4,"Actual Loops": 3,"Group Key": ["n1.n_name", "n2.n_name", "(EXTRACT(year FROM lineitem.l_shipdate))"],"Workers": [],"Plans": [{"Node Type": "Sort","Parent Relationship": "Outer","Parallel Aware": false,"Async Capable": false,"Startup Cost": 71556.39,"Total Cost": 71562.53,"Plan Rows": 2455,"Plan Width": 252,"Actual Startup Time": 889.150,"Actual Total Time": 889.271,"Actual Rows": 1997,"Actual Loops": 3,"Sort Key": ["n1.n_name", "n2.n_name", "(EXTRACT(year FROM lineitem.l_shipdate))"],"Sort Method": "quicksort","Sort Space Used": 321,"Sort Space Type": "Memory","Workers": [{"Worker Number": 0,"Sort Method": "quicksort","Sort Space Used": 262,"Sort Space Type": "Memory"},{"Worker Number": 1,"Sort Method": "quicksort","Sort Space Used": 266,"Sort Space Type": "Memory"}],"Plans": [{"Node Type": "Hash Join","Parent Relationship": "Outer","Parallel Aware": false,"Async Capable": false,"Join Type": "Inner","Startup Cost": 366.16,"Total Cost": 71418.15,"Plan Rows": 2455,"Plan Width": 252,"Actual Startup Time": 11.422,"Actual Total Time": 887.278,"Actual Rows": 1997,"Actual Loops": 3,"Inner Unique": false,"Hash Cond": "(lineitem.l_suppkey = supplier.s_suppkey)","Join Filter": "(((n1.n_name = 'UNITED STATES'::bpchar) AND (n2.n_name = 'VIETNAM'::bpchar)) OR ((n1.n_name = 'VIETNAM'::bpchar) AND (n2.n_name = 'UNITED STATES'::bpchar)))","Rows Removed by Join Filter": 1956,"Workers": [],"Plans": [{"Node Type": "Nested Loop","Parent Relationship": "Outer","Parallel Aware": false,"Async Capable": false,"Join Type": "Inner","Startup Cost": 2.26,"Total Cost": 70727.78,"Plan Rows": 60250,"Plan Width": 124,"Actual Startup Time": 0.697,"Actual Total Time": 870.102,"Actual Rows": 48926,"Actual Loops": 3,"Inner Unique": false,"Workers": [],"Plans": [{"Node Type": "Nested Loop","Parent Relationship": "Outer","Parallel Aware": false,"Async Capable": false,"Join Type": "Inner","Startup Cost": 1.83,"Total Cost": 12400.01,"Plan Rows": 49000,"Plan Width": 108,"Actual Startup Time": 0.408,"Actual Total Time": 215.581,"Actual Rows": 40089,"Actual Loops": 3,"Inner Unique": false,"Workers": [],"Plans": [{"Node Type": "Hash Join","Parent Relationship": "Outer","Parallel Aware": false,"Async Capable": false,"Join Type": "Inner","Startup Cost": 1.40,"Total Cost": 4403.27,"Plan Rows": 4900,"Plan Width": 108,"Actual Startup Time": 0.232,"Actual Total Time": 42.231,"Actual Rows": 3997,"Actual Loops": 3,"Inner Unique": true,"Hash Cond": "(customer.c_nationkey = n2.n_nationkey)","Workers": [],"Plans": [{"Node Type": "Seq Scan","Parent Relationship": "Outer","Parallel Aware": true,"Async Capable": false,"Relation Name": "customer","Alias": "customer","Startup Cost": 0.00,"Total Cost": 4210.00,"Plan Rows": 62500,"Plan Width": 8,"Actual Startup Time": 0.025,"Actual Total Time": 8.975,"Actual Rows": 50000,"Actual Loops": 3,"Workers": []},{"Node Type": "Hash","Parent Relationship": "Inner","Parallel Aware": false,"Async Capable": false,"Startup Cost": 1.38,"Total Cost": 1.38,"Plan Rows": 2,"Plan Width": 108,"Actual Startup Time": 0.091,"Actual Total Time": 0.099,"Actual Rows": 2,"Actual Loops": 3,"Hash Buckets": 1024,"Original Hash Buckets": 1024,"Hash Batches": 1,"Original Hash Batches": 1,"Peak Memory Usage": 9,"Workers": [],"Plans": [{"Node Type": "Seq Scan","Parent Relationship": "Outer","Parallel Aware": false,"Async Capable": false,"Relation Name": "nation","Alias": "n2","Startup Cost": 0.00,"Total Cost": 1.38,"Plan Rows": 2,"Plan Width": 108,"Actual Startup Time": 0.069,"Actual Total Time": 0.072,"Actual Rows": 2,"Actual Loops": 3,"Filter": "((n_name = 'VIETNAM'::bpchar) OR (n_name = 'UNITED STATES'::bpchar))","Rows Removed by Filter": 23,"Workers": []}]}]},{"Node Type": "Index Scan","Parent Relationship": "Inner","Parallel Aware": false,"Async Capable": false,"Scan Direction": "Forward","Index Name": "idx_orders_custkey","Relation Name": "orders","Alias": "orders","Startup Cost": 0.43,"Total Cost": 1.46,"Plan Rows": 17,"Plan Width": 8,"Actual Startup Time": 0.007,"Actual Total Time": 0.042,"Actual Rows": 10,"Actual Loops": 11991,"Index Cond": "(o_custkey = customer.c_custkey)","Rows Removed by Index Recheck": 0,"Workers": []}]},{"Node Type": "Index Scan","Parent Relationship": "Inner","Parallel Aware": false,"Async Capable": false,"Scan Direction": "Forward","Index Name": "idx_lineitem_orderkey","Relation Name": "lineitem","Alias": "lineitem","Startup Cost": 0.43,"Total Cost": 1.14,"Plan Rows": 5,"Plan Width": 24,"Actual Startup Time": 0.015,"Actual Total Time": 0.016,"Actual Rows": 1,"Actual Loops": 120268,"Index Cond": "(l_orderkey = orders.o_orderkey)","Rows Removed by Index Recheck": 0,"Filter": "((l_shipdate >= '1995-01-01'::date) AND (l_shipdate <= '1996-12-31'::date))","Rows Removed by Filter": 3,"Workers": []}]},{"Node Type": "Hash","Parent Relationship": "Inner","Parallel Aware": false,"Async Capable": false,"Startup Cost": 354.10,"Total Cost": 354.10,"Plan Rows": 784,"Plan Width": 108,"Actual Startup Time": 9.725,"Actual Total Time": 9.741,"Actual Rows": 792,"Actual Loops": 3,"Hash Buckets": 1024,"Original Hash Buckets": 1024,"Hash Batches": 1,"Original Hash Batches": 1,"Peak Memory Usage": 56,"Workers": [],"Plans": [{"Node Type": "Hash Join","Parent Relationship": "Outer","Parallel Aware": false,"Async Capable": false,"Join Type": "Inner","Startup Cost": 1.40,"Total Cost": 354.10,"Plan Rows": 784,"Plan Width": 108,"Actual Startup Time": 0.099,"Actual Total Time": 9.556,"Actual Rows": 792,"Actual Loops": 3,"Inner Unique": true,"Hash Cond": "(supplier.s_nationkey = n1.n_nationkey)","Workers": [],"Plans": [{"Node Type": "Seq Scan","Parent Relationship": "Outer","Parallel Aware": false,"Async Capable": false,"Relation Name": "supplier","Alias": "supplier","Startup Cost": 0.00,"Total Cost": 322.00,"Plan Rows": 10000,"Plan Width": 8,"Actual Startup Time": 0.040,"Actual Total Time": 3.917,"Actual Rows": 10000,"Actual Loops": 3,"Workers": []},{"Node Type": "Hash","Parent Relationship": "Inner","Parallel Aware": false,"Async Capable": false,"Startup Cost": 1.38,"Total Cost": 1.38,"Plan Rows": 2,"Plan Width": 108,"Actual Startup Time": 0.020,"Actual Total Time": 0.026,"Actual Rows": 2,"Actual Loops": 3,"Hash Buckets": 1024,"Original Hash Buckets": 1024,"Hash Batches": 1,"Original Hash Batches": 1,"Peak Memory Usage": 9,"Workers": [],"Plans": [{"Node Type": "Seq Scan","Parent Relationship": "Outer","Parallel Aware": false,"Async Capable": false,"Relation Name": "nation","Alias": "n1","Startup Cost": 0.00,"Total Cost": 1.38,"Plan Rows": 2,"Plan Width": 108,"Actual Startup Time": 0.011,"Actual Total Time": 0.013,"Actual Rows": 2,"Actual Loops": 3,"Filter": "((n_name = 'UNITED STATES'::bpchar) OR (n_name = 'VIETNAM'::bpchar))","Rows Removed by Filter": 23,"Workers": []}]}]}]}]}]}]}]}]},"Planning Time": 8.049,"Triggers": [],"Execution Time": 944.855}]
[{"Plan": {"Node Type": "Aggregate","Strategy": "Sorted","Partial Mode": "Finalize","Parallel Aware": false,"Async Capable": false,"Startup Cost": 72556.41,"Total Cost": 73352.71,"Plan Rows": 5893,"Plan Width": 272,"Actual Startup Time": 917.922,"Actual Total Time": 961.716,"Actual Rows": 4,"Actual Loops": 1,"Group Key": ["n1.n_name", "n2.n_name", "(EXTRACT(year FROM lineitem.l_shipdate))"],"Plans": [{"Node Type": "Gather Merge","Parent Relationship": "Outer","Parallel Aware": false,"Async Capable": false,"Startup Cost": 72556.41,"Total Cost": 73202.94,"Plan Rows": 4910,"Plan Width": 272,"Actual Startup Time": 917.188,"Actual Total Time": 961.644,"Actual Rows": 12,"Actual Loops": 1,"Workers Planned": 2,"Workers Launched": 2,"Plans": [{"Node Type": "Aggregate","Strategy": "Sorted","Partial Mode": "Partial","Parent Relationship": "Outer","Parallel Aware": false,"Async Capable": false,"Startup Cost": 71556.39,"Total Cost": 71636.18,"Plan Rows": 2455,"Plan Width": 272,"Actual Startup Time": 908.594,"Actual Total Time": 909.443,"Actual Rows": 4,"Actual Loops": 3,"Group Key": ["n1.n_name", "n2.n_name", "(EXTRACT(year FROM lineitem.l_shipdate))"],"Workers": [],"Plans": [{"Node Type": "Sort","Parent Relationship": "Outer","Parallel Aware": false,"Async Capable": false,"Startup Cost": 71556.39,"Total Cost": 71562.53,"Plan Rows": 2455,"Plan Width": 252,"Actual Startup Time": 908.334,"Actual Total Time": 908.451,"Actual Rows": 1875,"Actual Loops": 3,"Sort Key": ["n1.n_name", "n2.n_name", "(EXTRACT(year FROM lineitem.l_shipdate))"],"Sort Method": "quicksort","Sort Space Used": 260,"Sort Space Type": "Memory","Workers": [{"Worker Number": 0,"Sort Method": "quicksort","Sort Space Used": 246,"Sort Space Type": "Memory"},{"Worker Number": 1,"Sort Method": "quicksort","Sort Space Used": 254,"Sort Space Type": "Memory"}],"Plans": [{"Node Type": "Hash Join","Parent Relationship": "Outer","Parallel Aware": false,"Async Capable": false,"Join Type": "Inner","Startup Cost": 366.16,"Total Cost": 71418.15,"Plan Rows": 2455,"Plan Width": 252,"Actual Startup Time": 12.133,"Actual Total Time": 906.508,"Actual Rows": 1875,"Actual Loops": 3,"Inner Unique": false,"Hash Cond": "(lineitem.l_suppkey = supplier.s_suppkey)","Join Filter": "(((n1.n_name = 'ETHIOPIA'::bpchar) AND (n2.n_name = 'IRAN'::bpchar)) OR ((n1.n_name = 'IRAN'::bpchar) AND (n2.n_name = 'ETHIOPIA'::bpchar)))","Rows Removed by Join Filter": 1861,"Workers": [],"Plans": [{"Node Type": "Nested Loop","Parent Relationship": "Outer","Parallel Aware": false,"Async Capable": false,"Join Type": "Inner","Startup Cost": 2.26,"Total Cost": 70727.78,"Plan Rows": 60250,"Plan Width": 124,"Actual Startup Time": 0.584,"Actual Total Time": 888.810,"Actual Rows": 48392,"Actual Loops": 3,"Inner Unique": false,"Workers": [],"Plans": [{"Node Type": "Nested Loop","Parent Relationship": "Outer","Parallel Aware": false,"Async Capable": false,"Join Type": "Inner","Startup Cost": 1.83,"Total Cost": 12400.01,"Plan Rows": 49000,"Plan Width": 108,"Actual Startup Time": 0.329,"Actual Total Time": 220.259,"Actual Rows": 39794,"Actual Loops": 3,"Inner Unique": false,"Workers": [],"Plans": [{"Node Type": "Hash Join","Parent Relationship": "Outer","Parallel Aware": false,"Async Capable": false,"Join Type": "Inner","Startup Cost": 1.40,"Total Cost": 4403.27,"Plan Rows": 4900,"Plan Width": 108,"Actual Startup Time": 0.196,"Actual Total Time": 44.075,"Actual Rows": 3987,"Actual Loops": 3,"Inner Unique": true,"Hash Cond": "(customer.c_nationkey = n2.n_nationkey)","Workers": [],"Plans": [{"Node Type": "Seq Scan","Parent Relationship": "Outer","Parallel Aware": true,"Async Capable": false,"Relation Name": "customer","Alias": "customer","Startup Cost": 0.00,"Total Cost": 4210.00,"Plan Rows": 62500,"Plan Width": 8,"Actual Startup Time": 0.020,"Actual Total Time": 9.095,"Actual Rows": 50000,"Actual Loops": 3,"Workers": []},{"Node Type": "Hash","Parent Relationship": "Inner","Parallel Aware": false,"Async Capable": false,"Startup Cost": 1.38,"Total Cost": 1.38,"Plan Rows": 2,"Plan Width": 108,"Actual Startup Time": 0.074,"Actual Total Time": 0.079,"Actual Rows": 2,"Actual Loops": 3,"Hash Buckets": 1024,"Original Hash Buckets": 1024,"Hash Batches": 1,"Original Hash Batches": 1,"Peak Memory Usage": 9,"Workers": [],"Plans": [{"Node Type": "Seq Scan","Parent Relationship": "Outer","Parallel Aware": false,"Async Capable": false,"Relation Name": "nation","Alias": "n2","Startup Cost": 0.00,"Total Cost": 1.38,"Plan Rows": 2,"Plan Width": 108,"Actual Startup Time": 0.054,"Actual Total Time": 0.062,"Actual Rows": 2,"Actual Loops": 3,"Filter": "((n_name = 'IRAN'::bpchar) OR (n_name = 'ETHIOPIA'::bpchar))","Rows Removed by Filter": 23,"Workers": []}]}]},{"Node Type": "Index Scan","Parent Relationship": "Inner","Parallel Aware": false,"Async Capable": false,"Scan Direction": "Forward","Index Name": "idx_orders_custkey","Relation Name": "orders","Alias": "orders","Startup Cost": 0.43,"Total Cost": 1.46,"Plan Rows": 17,"Plan Width": 8,"Actual Startup Time": 0.007,"Actual Total Time": 0.043,"Actual Rows": 10,"Actual Loops": 11961,"Index Cond": "(o_custkey = customer.c_custkey)","Rows Removed by Index Recheck": 0,"Workers": []}]},{"Node Type": "Index Scan","Parent Relationship": "Inner","Parallel Aware": false,"Async Capable": false,"Scan Direction": "Forward","Index Name": "idx_lineitem_orderkey","Relation Name": "lineitem","Alias": "lineitem","Startup Cost": 0.43,"Total Cost": 1.14,"Plan Rows": 5,"Plan Width": 24,"Actual Startup Time": 0.016,"Actual Total Time": 0.017,"Actual Rows": 1,"Actual Loops": 119381,"Index Cond": "(l_orderkey = orders.o_orderkey)","Rows Removed by Index Recheck": 0,"Filter": "((l_shipdate >= '1995-01-01'::date) AND (l_shipdate <= '1996-12-31'::date))","Rows Removed by Filter": 3,"Workers": []}]},{"Node Type": "Hash","Parent Relationship": "Inner","Parallel Aware": false,"Async Capable": false,"Startup Cost": 354.10,"Total Cost": 354.10,"Plan Rows": 784,"Plan Width": 108,"Actual Startup Time": 10.821,"Actual Total Time": 10.834,"Actual Rows": 773,"Actual Loops": 3,"Hash Buckets": 1024,"Original Hash Buckets": 1024,"Hash Batches": 1,"Original Hash Batches": 1,"Peak Memory Usage": 55,"Workers": [],"Plans": [{"Node Type": "Hash Join","Parent Relationship": "Outer","Parallel Aware": false,"Async Capable": false,"Join Type": "Inner","Startup Cost": 1.40,"Total Cost": 354.10,"Plan Rows": 784,"Plan Width": 108,"Actual Startup Time": 0.087,"Actual Total Time": 10.638,"Actual Rows": 773,"Actual Loops": 3,"Inner Unique": true,"Hash Cond": "(supplier.s_nationkey = n1.n_nationkey)","Workers": [],"Plans": [{"Node Type": "Seq Scan","Parent Relationship": "Outer","Parallel Aware": false,"Async Capable": false,"Relation Name": "supplier","Alias": "supplier","Startup Cost": 0.00,"Total Cost": 322.00,"Plan Rows": 10000,"Plan Width": 8,"Actual Startup Time": 0.035,"Actual Total Time": 4.498,"Actual Rows": 10000,"Actual Loops": 3,"Workers": []},{"Node Type": "Hash","Parent Relationship": "Inner","Parallel Aware": false,"Async Capable": false,"Startup Cost": 1.38,"Total Cost": 1.38,"Plan Rows": 2,"Plan Width": 108,"Actual Startup Time": 0.019,"Actual Total Time": 0.022,"Actual Rows": 2,"Actual Loops": 3,"Hash Buckets": 1024,"Original Hash Buckets": 1024,"Hash Batches": 1,"Original Hash Batches": 1,"Peak Memory Usage": 9,"Workers": [],"Plans": [{"Node Type": "Seq Scan","Parent Relationship": "Outer","Parallel Aware": false,"Async Capable": false,"Relation Name": "nation","Alias": "n1","Startup Cost": 0.00,"Total Cost": 1.38,"Plan Rows": 2,"Plan Width": 108,"Actual Startup Time": 0.006,"Actual Total Time": 0.013,"Actual Rows": 2,"Actual Loops": 3,"Filter": "((n_name = 'ETHIOPIA'::bpchar) OR (n_name = 'IRAN'::bpchar))","Rows Removed by Filter": 23,"Workers": []}]}]}]}]}]}]}]}]},"Planning Time": 7.761,"Triggers": [],"Execution Time": 962.144}]
[{"Plan": {"Node Type": "Aggregate","Strategy": "Sorted","Partial Mode": "Finalize","Parallel Aware": false,"Async Capable": false,"Startup Cost": 72556.41,"Total Cost": 73352.71,"Plan Rows": 5893,"Plan Width": 272,"Actual Startup Time": 918.985,"Actual Total Time": 973.725,"Actual Rows": 4,"Actual Loops": 1,"Group Key": ["n1.n_name", "n2.n_name", "(EXTRACT(year FROM lineitem.l_shipdate))"],"Plans": [{"Node Type": "Gather Merge","Parent Relationship": "Outer","Parallel Aware": false,"Async Capable": false,"Startup Cost": 72556.41,"Total Cost": 73202.94,"Plan Rows": 4910,"Plan Width": 272,"Actual Startup Time": 918.240,"Actual Total Time": 973.650,"Actual Rows": 12,"Actual Loops": 1,"Workers Planned": 2,"Workers Launched": 2,"Plans": [{"Node Type": "Aggregate","Strategy": "Sorted","Partial Mode": "Partial","Parent Relationship": "Outer","Parallel Aware": false,"Async Capable": false,"Startup Cost": 71556.39,"Total Cost": 71636.18,"Plan Rows": 2455,"Plan Width": 272,"Actual Startup Time": 910.128,"Actual Total Time": 910.981,"Actual Rows": 4,"Actual Loops": 3,"Group Key": ["n1.n_name", "n2.n_name", "(EXTRACT(year FROM lineitem.l_shipdate))"],"Workers": [],"Plans": [{"Node Type": "Sort","Parent Relationship": "Outer","Parallel Aware": false,"Async Capable": false,"Startup Cost": 71556.39,"Total Cost": 71562.53,"Plan Rows": 2455,"Plan Width": 252,"Actual Startup Time": 909.848,"Actual Total Time": 909.974,"Actual Rows": 1978,"Actual Loops": 3,"Sort Key": ["n1.n_name", "n2.n_name", "(EXTRACT(year FROM lineitem.l_shipdate))"],"Sort Method": "quicksort","Sort Space Used": 266,"Sort Space Type": "Memory","Workers": [{"Worker Number": 0,"Sort Method": "quicksort","Sort Space Used": 268,"Sort Space Type": "Memory"},{"Worker Number": 1,"Sort Method": "quicksort","Sort Space Used": 261,"Sort Space Type": "Memory"}],"Plans": [{"Node Type": "Hash Join","Parent Relationship": "Outer","Parallel Aware": false,"Async Capable": false,"Join Type": "Inner","Startup Cost": 366.16,"Total Cost": 71418.15,"Plan Rows": 2455,"Plan Width": 252,"Actual Startup Time": 9.881,"Actual Total Time": 908.037,"Actual Rows": 1978,"Actual Loops": 3,"Inner Unique": false,"Hash Cond": "(lineitem.l_suppkey = supplier.s_suppkey)","Join Filter": "(((n1.n_name = 'JAPAN'::bpchar) AND (n2.n_name = 'INDIA'::bpchar)) OR ((n1.n_name = 'INDIA'::bpchar) AND (n2.n_name = 'JAPAN'::bpchar)))","Rows Removed by Join Filter": 1903,"Workers": [],"Plans": [{"Node Type": "Nested Loop","Parent Relationship": "Outer","Parallel Aware": false,"Async Capable": false,"Join Type": "Inner","Startup Cost": 2.26,"Total Cost": 70727.78,"Plan Rows": 60250,"Plan Width": 124,"Actual Startup Time": 0.701,"Actual Total Time": 892.826,"Actual Rows": 48274,"Actual Loops": 3,"Inner Unique": false,"Workers": [],"Plans": [{"Node Type": "Nested Loop","Parent Relationship": "Outer","Parallel Aware": false,"Async Capable": false,"Join Type": "Inner","Startup Cost": 1.83,"Total Cost": 12400.01,"Plan Rows": 49000,"Plan Width": 108,"Actual Startup Time": 0.343,"Actual Total Time": 224.415,"Actual Rows": 39744,"Actual Loops": 3,"Inner Unique": false,"Workers": [],"Plans": [{"Node Type": "Hash Join","Parent Relationship": "Outer","Parallel Aware": false,"Async Capable": false,"Join Type": "Inner","Startup Cost": 1.40,"Total Cost": 4403.27,"Plan Rows": 4900,"Plan Width": 108,"Actual Startup Time": 0.203,"Actual Total Time": 46.184,"Actual Rows": 3997,"Actual Loops": 3,"Inner Unique": true,"Hash Cond": "(customer.c_nationkey = n2.n_nationkey)","Workers": [],"Plans": [{"Node Type": "Seq Scan","Parent Relationship": "Outer","Parallel Aware": true,"Async Capable": false,"Relation Name": "customer","Alias": "customer","Startup Cost": 0.00,"Total Cost": 4210.00,"Plan Rows": 62500,"Plan Width": 8,"Actual Startup Time": 0.014,"Actual Total Time": 9.509,"Actual Rows": 50000,"Actual Loops": 3,"Workers": []},{"Node Type": "Hash","Parent Relationship": "Inner","Parallel Aware": false,"Async Capable": false,"Startup Cost": 1.38,"Total Cost": 1.38,"Plan Rows": 2,"Plan Width": 108,"Actual Startup Time": 0.092,"Actual Total Time": 0.096,"Actual Rows": 2,"Actual Loops": 3,"Hash Buckets": 1024,"Original Hash Buckets": 1024,"Hash Batches": 1,"Original Hash Batches": 1,"Peak Memory Usage": 9,"Workers": [],"Plans": [{"Node Type": "Seq Scan","Parent Relationship": "Outer","Parallel Aware": false,"Async Capable": false,"Relation Name": "nation","Alias": "n2","Startup Cost": 0.00,"Total Cost": 1.38,"Plan Rows": 2,"Plan Width": 108,"Actual Startup Time": 0.059,"Actual Total Time": 0.066,"Actual Rows": 2,"Actual Loops": 3,"Filter": "((n_name = 'INDIA'::bpchar) OR (n_name = 'JAPAN'::bpchar))","Rows Removed by Filter": 23,"Workers": []}]}]},{"Node Type": "Index Scan","Parent Relationship": "Inner","Parallel Aware": false,"Async Capable": false,"Scan Direction": "Forward","Index Name": "idx_orders_custkey","Relation Name": "orders","Alias": "orders","Startup Cost": 0.43,"Total Cost": 1.46,"Plan Rows": 17,"Plan Width": 8,"Actual Startup Time": 0.007,"Actual Total Time": 0.043,"Actual Rows": 10,"Actual Loops": 11990,"Index Cond": "(o_custkey = customer.c_custkey)","Rows Removed by Index Recheck": 0,"Workers": []}]},{"Node Type": "Index Scan","Parent Relationship": "Inner","Parallel Aware": false,"Async Capable": false,"Scan Direction": "Forward","Index Name": "idx_lineitem_orderkey","Relation Name": "lineitem","Alias": "lineitem","Startup Cost": 0.43,"Total Cost": 1.14,"Plan Rows": 5,"Plan Width": 24,"Actual Startup Time": 0.016,"Actual Total Time": 0.017,"Actual Rows": 1,"Actual Loops": 119232,"Index Cond": "(l_orderkey = orders.o_orderkey)","Rows Removed by Index Recheck": 0,"Filter": "((l_shipdate >= '1995-01-01'::date) AND (l_shipdate <= '1996-12-31'::date))","Rows Removed by Filter": 3,"Workers": []}]},{"Node Type": "Hash","Parent Relationship": "Inner","Parallel Aware": false,"Async Capable": false,"Startup Cost": 354.10,"Total Cost": 354.10,"Plan Rows": 784,"Plan Width": 108,"Actual Startup Time": 7.823,"Actual Total Time": 7.840,"Actual Rows": 792,"Actual Loops": 3,"Hash Buckets": 1024,"Original Hash Buckets": 1024,"Hash Batches": 1,"Original Hash Batches": 1,"Peak Memory Usage": 56,"Workers": [],"Plans": [{"Node Type": "Hash Join","Parent Relationship": "Outer","Parallel Aware": false,"Async Capable": false,"Join Type": "Inner","Startup Cost": 1.40,"Total Cost": 354.10,"Plan Rows": 784,"Plan Width": 108,"Actual Startup Time": 0.088,"Actual Total Time": 7.626,"Actual Rows": 792,"Actual Loops": 3,"Inner Unique": true,"Hash Cond": "(supplier.s_nationkey = n1.n_nationkey)","Workers": [],"Plans": [{"Node Type": "Seq Scan","Parent Relationship": "Outer","Parallel Aware": false,"Async Capable": false,"Relation Name": "supplier","Alias": "supplier","Startup Cost": 0.00,"Total Cost": 322.00,"Plan Rows": 10000,"Plan Width": 8,"Actual Startup Time": 0.032,"Actual Total Time": 4.137,"Actual Rows": 10000,"Actual Loops": 3,"Workers": []},{"Node Type": "Hash","Parent Relationship": "Inner","Parallel Aware": false,"Async Capable": false,"Startup Cost": 1.38,"Total Cost": 1.38,"Plan Rows": 2,"Plan Width": 108,"Actual Startup Time": 0.019,"Actual Total Time": 0.024,"Actual Rows": 2,"Actual Loops": 3,"Hash Buckets": 1024,"Original Hash Buckets": 1024,"Hash Batches": 1,"Original Hash Batches": 1,"Peak Memory Usage": 9,"Workers": [],"Plans": [{"Node Type": "Seq Scan","Parent Relationship": "Outer","Parallel Aware": false,"Async Capable": false,"Relation Name": "nation","Alias": "n1","Startup Cost": 0.00,"Total Cost": 1.38,"Plan Rows": 2,"Plan Width": 108,"Actual Startup Time": 0.008,"Actual Total Time": 0.014,"Actual Rows": 2,"Actual Loops": 3,"Filter": "((n_name = 'JAPAN'::bpchar) OR (n_name = 'INDIA'::bpchar))","Rows Removed by Filter": 23,"Workers": []}]}]}]}]}]}]}]}]},"Planning Time": 9.305,"Triggers": [],"Execution Time": 974.197}]
[{"Plan": {"Node Type": "Aggregate","Strategy": "Sorted","Partial Mode": "Finalize","Parallel Aware": false,"Async Capable": false,"Startup Cost": 72556.41,"Total Cost": 73352.71,"Plan Rows": 5893,"Plan Width": 272,"Actual Startup Time": 904.670,"Actual Total Time": 948.757,"Actual Rows": 4,"Actual Loops": 1,"Group Key": ["n1.n_name", "n2.n_name", "(EXTRACT(year FROM lineitem.l_shipdate))"],"Plans": [{"Node Type": "Gather Merge","Parent Relationship": "Outer","Parallel Aware": false,"Async Capable": false,"Startup Cost": 72556.41,"Total Cost": 73202.94,"Plan Rows": 4910,"Plan Width": 272,"Actual Startup Time": 904.332,"Actual Total Time": 948.696,"Actual Rows": 12,"Actual Loops": 1,"Workers Planned": 2,"Workers Launched": 2,"Plans": [{"Node Type": "Aggregate","Strategy": "Sorted","Partial Mode": "Partial","Parent Relationship": "Outer","Parallel Aware": false,"Async Capable": false,"Startup Cost": 71556.39,"Total Cost": 71636.18,"Plan Rows": 2455,"Plan Width": 272,"Actual Startup Time": 896.220,"Actual Total Time": 896.896,"Actual Rows": 4,"Actual Loops": 3,"Group Key": ["n1.n_name", "n2.n_name", "(EXTRACT(year FROM lineitem.l_shipdate))"],"Workers": [],"Plans": [{"Node Type": "Sort","Parent Relationship": "Outer","Parallel Aware": false,"Async Capable": false,"Startup Cost": 71556.39,"Total Cost": 71562.53,"Plan Rows": 2455,"Plan Width": 252,"Actual Startup Time": 895.961,"Actual Total Time": 896.070,"Actual Rows": 1820,"Actual Loops": 3,"Sort Key": ["n1.n_name", "n2.n_name", "(EXTRACT(year FROM lineitem.l_shipdate))"],"Sort Method": "quicksort","Sort Space Used": 248,"Sort Space Type": "Memory","Workers": [{"Worker Number": 0,"Sort Method": "quicksort","Sort Space Used": 239,"Sort Space Type": "Memory"},{"Worker Number": 1,"Sort Method": "quicksort","Sort Space Used": 256,"Sort Space Type": "Memory"}],"Plans": [{"Node Type": "Hash Join","Parent Relationship": "Outer","Parallel Aware": false,"Async Capable": false,"Join Type": "Inner","Startup Cost": 366.16,"Total Cost": 71418.15,"Plan Rows": 2455,"Plan Width": 252,"Actual Startup Time": 13.208,"Actual Total Time": 894.226,"Actual Rows": 1820,"Actual Loops": 3,"Inner Unique": false,"Hash Cond": "(lineitem.l_suppkey = supplier.s_suppkey)","Join Filter": "(((n1.n_name = 'IRAN'::bpchar) AND (n2.n_name = 'KENYA'::bpchar)) OR ((n1.n_name = 'KENYA'::bpchar) AND (n2.n_name = 'IRAN'::bpchar)))","Rows Removed by Join Filter": 1791,"Workers": [],"Plans": [{"Node Type": "Nested Loop","Parent Relationship": "Outer","Parallel Aware": false,"Async Capable": false,"Join Type": "Inner","Startup Cost": 2.26,"Total Cost": 70727.78,"Plan Rows": 60250,"Plan Width": 124,"Actual Startup Time": 0.519,"Actual Total Time": 876.258,"Actual Rows": 47789,"Actual Loops": 3,"Inner Unique": false,"Workers": [],"Plans": [{"Node Type": "Nested Loop","Parent Relationship": "Outer","Parallel Aware": false,"Async Capable": false,"Join Type": "Inner","Startup Cost": 1.83,"Total Cost": 12400.01,"Plan Rows": 49000,"Plan Width": 108,"Actual Startup Time": 0.264,"Actual Total Time": 217.883,"Actual Rows": 39538,"Actual Loops": 3,"Inner Unique": false,"Workers": [],"Plans": [{"Node Type": "Hash Join","Parent Relationship": "Outer","Parallel Aware": false,"Async Capable": false,"Join Type": "Inner","Startup Cost": 1.40,"Total Cost": 4403.27,"Plan Rows": 4900,"Plan Width": 108,"Actual Startup Time": 0.166,"Actual Total Time": 42.464,"Actual Rows": 4000,"Actual Loops": 3,"Inner Unique": true,"Hash Cond": "(customer.c_nationkey = n2.n_nationkey)","Workers": [],"Plans": [{"Node Type": "Seq Scan","Parent Relationship": "Outer","Parallel Aware": true,"Async Capable": false,"Relation Name": "customer","Alias": "customer","Startup Cost": 0.00,"Total Cost": 4210.00,"Plan Rows": 62500,"Plan Width": 8,"Actual Startup Time": 0.009,"Actual Total Time": 8.964,"Actual Rows": 50000,"Actual Loops": 3,"Workers": []},{"Node Type": "Hash","Parent Relationship": "Inner","Parallel Aware": false,"Async Capable": false,"Startup Cost": 1.38,"Total Cost": 1.38,"Plan Rows": 2,"Plan Width": 108,"Actual Startup Time": 0.079,"Actual Total Time": 0.087,"Actual Rows": 2,"Actual Loops": 3,"Hash Buckets": 1024,"Original Hash Buckets": 1024,"Hash Batches": 1,"Original Hash Batches": 1,"Peak Memory Usage": 9,"Workers": [],"Plans": [{"Node Type": "Seq Scan","Parent Relationship": "Outer","Parallel Aware": false,"Async Capable": false,"Relation Name": "nation","Alias": "n2","Startup Cost": 0.00,"Total Cost": 1.38,"Plan Rows": 2,"Plan Width": 108,"Actual Startup Time": 0.064,"Actual Total Time": 0.070,"Actual Rows": 2,"Actual Loops": 3,"Filter": "((n_name = 'KENYA'::bpchar) OR (n_name = 'IRAN'::bpchar))","Rows Removed by Filter": 23,"Workers": []}]}]},{"Node Type": "Index Scan","Parent Relationship": "Inner","Parallel Aware": false,"Async Capable": false,"Scan Direction": "Forward","Index Name": "idx_orders_custkey","Relation Name": "orders","Alias": "orders","Startup Cost": 0.43,"Total Cost": 1.46,"Plan Rows": 17,"Plan Width": 8,"Actual Startup Time": 0.007,"Actual Total Time": 0.043,"Actual Rows": 10,"Actual Loops": 12001,"Index Cond": "(o_custkey = customer.c_custkey)","Rows Removed by Index Recheck": 0,"Workers": []}]},{"Node Type": "Index Scan","Parent Relationship": "Inner","Parallel Aware": false,"Async Capable": false,"Scan Direction": "Forward","Index Name": "idx_lineitem_orderkey","Relation Name": "lineitem","Alias": "lineitem","Startup Cost": 0.43,"Total Cost": 1.14,"Plan Rows": 5,"Plan Width": 24,"Actual Startup Time": 0.016,"Actual Total Time": 0.016,"Actual Rows": 1,"Actual Loops": 118615,"Index Cond": "(l_orderkey = orders.o_orderkey)","Rows Removed by Index Recheck": 0,"Filter": "((l_shipdate >= '1995-01-01'::date) AND (l_shipdate <= '1996-12-31'::date))","Rows Removed by Filter": 3,"Workers": []}]},{"Node Type": "Hash","Parent Relationship": "Inner","Parallel Aware": false,"Async Capable": false,"Startup Cost": 354.10,"Total Cost": 354.10,"Plan Rows": 784,"Plan Width": 108,"Actual Startup Time": 10.973,"Actual Total Time": 10.987,"Actual Rows": 769,"Actual Loops": 3,"Hash Buckets": 1024,"Original Hash Buckets": 1024,"Hash Batches": 1,"Original Hash Batches": 1,"Peak Memory Usage": 55,"Workers": [],"Plans": [{"Node Type": "Hash Join","Parent Relationship": "Outer","Parallel Aware": false,"Async Capable": false,"Join Type": "Inner","Startup Cost": 1.40,"Total Cost": 354.10,"Plan Rows": 784,"Plan Width": 108,"Actual Startup Time": 0.062,"Actual Total Time": 10.796,"Actual Rows": 769,"Actual Loops": 3,"Inner Unique": true,"Hash Cond": "(supplier.s_nationkey = n1.n_nationkey)","Workers": [],"Plans": [{"Node Type": "Seq Scan","Parent Relationship": "Outer","Parallel Aware": false,"Async Capable": false,"Relation Name": "supplier","Alias": "supplier","Startup Cost": 0.00,"Total Cost": 322.00,"Plan Rows": 10000,"Plan Width": 8,"Actual Startup Time": 0.022,"Actual Total Time": 4.287,"Actual Rows": 10000,"Actual Loops": 3,"Workers": []},{"Node Type": "Hash","Parent Relationship": "Inner","Parallel Aware": false,"Async Capable": false,"Startup Cost": 1.38,"Total Cost": 1.38,"Plan Rows": 2,"Plan Width": 108,"Actual Startup Time": 0.012,"Actual Total Time": 0.017,"Actual Rows": 2,"Actual Loops": 3,"Hash Buckets": 1024,"Original Hash Buckets": 1024,"Hash Batches": 1,"Original Hash Batches": 1,"Peak Memory Usage": 9,"Workers": [],"Plans": [{"Node Type": "Seq Scan","Parent Relationship": "Outer","Parallel Aware": false,"Async Capable": false,"Relation Name": "nation","Alias": "n1","Startup Cost": 0.00,"Total Cost": 1.38,"Plan Rows": 2,"Plan Width": 108,"Actual Startup Time": 0.005,"Actual Total Time": 0.010,"Actual Rows": 2,"Actual Loops": 3,"Filter": "((n_name = 'IRAN'::bpchar) OR (n_name = 'KENYA'::bpchar))","Rows Removed by Filter": 23,"Workers": []}]}]}]}]}]}]}]}]},"Planning Time": 9.484,"Triggers": [],"Execution Time": 949.159}]
[{"Plan": {"Node Type": "Aggregate","Strategy": "Sorted","Partial Mode": "Finalize","Parallel Aware": false,"Async Capable": false,"Startup Cost": 72556.41,"Total Cost": 73352.71,"Plan Rows": 5893,"Plan Width": 272,"Actual Startup Time": 916.758,"Actual Total Time": 960.727,"Actual Rows": 4,"Actual Loops": 1,"Group Key": ["n1.n_name", "n2.n_name", "(EXTRACT(year FROM lineitem.l_shipdate))"],"Plans": [{"Node Type": "Gather Merge","Parent Relationship": "Outer","Parallel Aware": false,"Async Capable": false,"Startup Cost": 72556.41,"Total Cost": 73202.94,"Plan Rows": 4910,"Plan Width": 272,"Actual Startup Time": 916.399,"Actual Total Time": 960.642,"Actual Rows": 12,"Actual Loops": 1,"Workers Planned": 2,"Workers Launched": 2,"Plans": [{"Node Type": "Aggregate","Strategy": "Sorted","Partial Mode": "Partial","Parent Relationship": "Outer","Parallel Aware": false,"Async Capable": false,"Startup Cost": 71556.39,"Total Cost": 71636.18,"Plan Rows": 2455,"Plan Width": 272,"Actual Startup Time": 908.210,"Actual Total Time": 908.911,"Actual Rows": 4,"Actual Loops": 3,"Group Key": ["n1.n_name", "n2.n_name", "(EXTRACT(year FROM lineitem.l_shipdate))"],"Workers": [],"Plans": [{"Node Type": "Sort","Parent Relationship": "Outer","Parallel Aware": false,"Async Capable": false,"Startup Cost": 71556.39,"Total Cost": 71562.53,"Plan Rows": 2455,"Plan Width": 252,"Actual Startup Time": 907.952,"Actual Total Time": 908.064,"Actual Rows": 1980,"Actual Loops": 3,"Sort Key": ["n1.n_name", "n2.n_name", "(EXTRACT(year FROM lineitem.l_shipdate))"],"Sort Method": "quicksort","Sort Space Used": 268,"Sort Space Type": "Memory","Workers": [{"Worker Number": 0,"Sort Method": "quicksort","Sort Space Used": 261,"Sort Space Type": "Memory"},{"Worker Number": 1,"Sort Method": "quicksort","Sort Space Used": 266,"Sort Space Type": "Memory"}],"Plans": [{"Node Type": "Hash Join","Parent Relationship": "Outer","Parallel Aware": false,"Async Capable": false,"Join Type": "Inner","Startup Cost": 366.16,"Total Cost": 71418.15,"Plan Rows": 2455,"Plan Width": 252,"Actual Startup Time": 12.688,"Actual Total Time": 906.120,"Actual Rows": 1980,"Actual Loops": 3,"Inner Unique": false,"Hash Cond": "(lineitem.l_suppkey = supplier.s_suppkey)","Join Filter": "(((n1.n_name = 'GERMANY'::bpchar) AND (n2.n_name = 'ARGENTINA'::bpchar)) OR ((n1.n_name = 'ARGENTINA'::bpchar) AND (n2.n_name = 'GERMANY'::bpchar)))","Rows Removed by Join Filter": 1918,"Workers": [],"Plans": [{"Node Type": "Nested Loop","Parent Relationship": "Outer","Parallel Aware": false,"Async Capable": false,"Join Type": "Inner","Startup Cost": 2.26,"Total Cost": 70727.78,"Plan Rows": 60250,"Plan Width": 124,"Actual Startup Time": 0.697,"Actual Total Time": 888.678,"Actual Rows": 48614,"Actual Loops": 3,"Inner Unique": false,"Workers": [],"Plans": [{"Node Type": "Nested Loop","Parent Relationship": "Outer","Parallel Aware": false,"Async Capable": false,"Join Type": "Inner","Startup Cost": 1.83,"Total Cost": 12400.01,"Plan Rows": 49000,"Plan Width": 108,"Actual Startup Time": 0.275,"Actual Total Time": 219.703,"Actual Rows": 39757,"Actual Loops": 3,"Inner Unique": false,"Workers": [],"Plans": [{"Node Type": "Hash Join","Parent Relationship": "Outer","Parallel Aware": false,"Async Capable": false,"Join Type": "Inner","Startup Cost": 1.40,"Total Cost": 4403.27,"Plan Rows": 4900,"Plan Width": 108,"Actual Startup Time": 0.166,"Actual Total Time": 42.990,"Actual Rows": 3961,"Actual Loops": 3,"Inner Unique": true,"Hash Cond": "(customer.c_nationkey = n2.n_nationkey)","Workers": [],"Plans": [{"Node Type": "Seq Scan","Parent Relationship": "Outer","Parallel Aware": true,"Async Capable": false,"Relation Name": "customer","Alias": "customer","Startup Cost": 0.00,"Total Cost": 4210.00,"Plan Rows": 62500,"Plan Width": 8,"Actual Startup Time": 0.019,"Actual Total Time": 9.087,"Actual Rows": 50000,"Actual Loops": 3,"Workers": []},{"Node Type": "Hash","Parent Relationship": "Inner","Parallel Aware": false,"Async Capable": false,"Startup Cost": 1.38,"Total Cost": 1.38,"Plan Rows": 2,"Plan Width": 108,"Actual Startup Time": 0.068,"Actual Total Time": 0.076,"Actual Rows": 2,"Actual Loops": 3,"Hash Buckets": 1024,"Original Hash Buckets": 1024,"Hash Batches": 1,"Original Hash Batches": 1,"Peak Memory Usage": 9,"Workers": [],"Plans": [{"Node Type": "Seq Scan","Parent Relationship": "Outer","Parallel Aware": false,"Async Capable": false,"Relation Name": "nation","Alias": "n2","Startup Cost": 0.00,"Total Cost": 1.38,"Plan Rows": 2,"Plan Width": 108,"Actual Startup Time": 0.051,"Actual Total Time": 0.059,"Actual Rows": 2,"Actual Loops": 3,"Filter": "((n_name = 'ARGENTINA'::bpchar) OR (n_name = 'GERMANY'::bpchar))","Rows Removed by Filter": 23,"Workers": []}]}]},{"Node Type": "Index Scan","Parent Relationship": "Inner","Parallel Aware": false,"Async Capable": false,"Scan Direction": "Forward","Index Name": "idx_orders_custkey","Relation Name": "orders","Alias": "orders","Startup Cost": 0.43,"Total Cost": 1.46,"Plan Rows": 17,"Plan Width": 8,"Actual Startup Time": 0.007,"Actual Total Time": 0.043,"Actual Rows": 10,"Actual Loops": 11883,"Index Cond": "(o_custkey = customer.c_custkey)","Rows Removed by Index Recheck": 0,"Workers": []}]},{"Node Type": "Index Scan","Parent Relationship": "Inner","Parallel Aware": false,"Async Capable": false,"Scan Direction": "Forward","Index Name": "idx_lineitem_orderkey","Relation Name": "lineitem","Alias": "lineitem","Startup Cost": 0.43,"Total Cost": 1.14,"Plan Rows": 5,"Plan Width": 24,"Actual Startup Time": 0.016,"Actual Total Time": 0.017,"Actual Rows": 1,"Actual Loops": 119271,"Index Cond": "(l_orderkey = orders.o_orderkey)","Rows Removed by Index Recheck": 0,"Filter": "((l_shipdate >= '1995-01-01'::date) AND (l_shipdate <= '1996-12-31'::date))","Rows Removed by Filter": 3,"Workers": []}]},{"Node Type": "Hash","Parent Relationship": "Inner","Parallel Aware": false,"Async Capable": false,"Startup Cost": 354.10,"Total Cost": 354.10,"Plan Rows": 784,"Plan Width": 108,"Actual Startup Time": 10.372,"Actual Total Time": 10.386,"Actual Rows": 809,"Actual Loops": 3,"Hash Buckets": 1024,"Original Hash Buckets": 1024,"Hash Batches": 1,"Original Hash Batches": 1,"Peak Memory Usage": 57,"Workers": [],"Plans": [{"Node Type": "Hash Join","Parent Relationship": "Outer","Parallel Aware": false,"Async Capable": false,"Join Type": "Inner","Startup Cost": 1.40,"Total Cost": 354.10,"Plan Rows": 784,"Plan Width": 108,"Actual Startup Time": 0.066,"Actual Total Time": 10.188,"Actual Rows": 809,"Actual Loops": 3,"Inner Unique": true,"Hash Cond": "(supplier.s_nationkey = n1.n_nationkey)","Workers": [],"Plans": [{"Node Type": "Seq Scan","Parent Relationship": "Outer","Parallel Aware": false,"Async Capable": false,"Relation Name": "supplier","Alias": "supplier","Startup Cost": 0.00,"Total Cost": 322.00,"Plan Rows": 10000,"Plan Width": 8,"Actual Startup Time": 0.030,"Actual Total Time": 4.200,"Actual Rows": 10000,"Actual Loops": 3,"Workers": []},{"Node Type": "Hash","Parent Relationship": "Inner","Parallel Aware": false,"Async Capable": false,"Startup Cost": 1.38,"Total Cost": 1.38,"Plan Rows": 2,"Plan Width": 108,"Actual Startup Time": 0.011,"Actual Total Time": 0.016,"Actual Rows": 2,"Actual Loops": 3,"Hash Buckets": 1024,"Original Hash Buckets": 1024,"Hash Batches": 1,"Original Hash Batches": 1,"Peak Memory Usage": 9,"Workers": [],"Plans": [{"Node Type": "Seq Scan","Parent Relationship": "Outer","Parallel Aware": false,"Async Capable": false,"Relation Name": "nation","Alias": "n1","Startup Cost": 0.00,"Total Cost": 1.38,"Plan Rows": 2,"Plan Width": 108,"Actual Startup Time": 0.003,"Actual Total Time": 0.008,"Actual Rows": 2,"Actual Loops": 3,"Filter": "((n_name = 'GERMANY'::bpchar) OR (n_name = 'ARGENTINA'::bpchar))","Rows Removed by Filter": 23,"Workers": []}]}]}]}]}]}]}]}]},"Planning Time": 9.896,"Triggers": [],"Execution Time": 961.143}]
[{"Plan": {"Node Type": "Aggregate","Strategy": "Sorted","Partial Mode": "Finalize","Parallel Aware": false,"Async Capable": false,"Startup Cost": 72556.41,"Total Cost": 73352.71,"Plan Rows": 5893,"Plan Width": 272,"Actual Startup Time": 912.165,"Actual Total Time": 965.220,"Actual Rows": 4,"Actual Loops": 1,"Group Key": ["n1.n_name", "n2.n_name", "(EXTRACT(year FROM lineitem.l_shipdate))"],"Plans": [{"Node Type": "Gather Merge","Parent Relationship": "Outer","Parallel Aware": false,"Async Capable": false,"Startup Cost": 72556.41,"Total Cost": 73202.94,"Plan Rows": 4910,"Plan Width": 272,"Actual Startup Time": 911.297,"Actual Total Time": 965.130,"Actual Rows": 12,"Actual Loops": 1,"Workers Planned": 2,"Workers Launched": 2,"Plans": [{"Node Type": "Aggregate","Strategy": "Sorted","Partial Mode": "Partial","Parent Relationship": "Outer","Parallel Aware": false,"Async Capable": false,"Startup Cost": 71556.39,"Total Cost": 71636.18,"Plan Rows": 2455,"Plan Width": 272,"Actual Startup Time": 903.163,"Actual Total Time": 904.088,"Actual Rows": 4,"Actual Loops": 3,"Group Key": ["n1.n_name", "n2.n_name", "(EXTRACT(year FROM lineitem.l_shipdate))"],"Workers": [],"Plans": [{"Node Type": "Sort","Parent Relationship": "Outer","Parallel Aware": false,"Async Capable": false,"Startup Cost": 71556.39,"Total Cost": 71562.53,"Plan Rows": 2455,"Plan Width": 252,"Actual Startup Time": 902.883,"Actual Total Time": 903.007,"Actual Rows": 2015,"Actual Loops": 3,"Sort Key": ["n1.n_name", "n2.n_name", "(EXTRACT(year FROM lineitem.l_shipdate))"],"Sort Method": "quicksort","Sort Space Used": 267,"Sort Space Type": "Memory","Workers": [{"Worker Number": 0,"Sort Method": "quicksort","Sort Space Used": 268,"Sort Space Type": "Memory"},{"Worker Number": 1,"Sort Method": "quicksort","Sort Space Used": 272,"Sort Space Type": "Memory"}],"Plans": [{"Node Type": "Hash Join","Parent Relationship": "Outer","Parallel Aware": false,"Async Capable": false,"Join Type": "Inner","Startup Cost": 366.16,"Total Cost": 71418.15,"Plan Rows": 2455,"Plan Width": 252,"Actual Startup Time": 8.563,"Actual Total Time": 901.054,"Actual Rows": 2015,"Actual Loops": 3,"Inner Unique": false,"Hash Cond": "(lineitem.l_suppkey = supplier.s_suppkey)","Join Filter": "(((n1.n_name = 'PERU'::bpchar) AND (n2.n_name = 'EGYPT'::bpchar)) OR ((n1.n_name = 'EGYPT'::bpchar) AND (n2.n_name = 'PERU'::bpchar)))","Rows Removed by Join Filter": 2026,"Workers": [],"Plans": [{"Node Type": "Nested Loop","Parent Relationship": "Outer","Parallel Aware": false,"Async Capable": false,"Join Type": "Inner","Startup Cost": 2.26,"Total Cost": 70727.78,"Plan Rows": 60250,"Plan Width": 124,"Actual Startup Time": 0.691,"Actual Total Time": 886.517,"Actual Rows": 48159,"Actual Loops": 3,"Inner Unique": false,"Workers": [],"Plans": [{"Node Type": "Nested Loop","Parent Relationship": "Outer","Parallel Aware": false,"Async Capable": false,"Join Type": "Inner","Startup Cost": 1.83,"Total Cost": 12400.01,"Plan Rows": 49000,"Plan Width": 108,"Actual Startup Time": 0.244,"Actual Total Time": 223.981,"Actual Rows": 39376,"Actual Loops": 3,"Inner Unique": false,"Workers": [],"Plans": [{"Node Type": "Hash Join","Parent Relationship": "Outer","Parallel Aware": false,"Async Capable": false,"Join Type": "Inner","Startup Cost": 1.40,"Total Cost": 4403.27,"Plan Rows": 4900,"Plan Width": 108,"Actual Startup Time": 0.143,"Actual Total Time": 46.840,"Actual Rows": 3990,"Actual Loops": 3,"Inner Unique": true,"Hash Cond": "(customer.c_nationkey = n2.n_nationkey)","Workers": [],"Plans": [{"Node Type": "Seq Scan","Parent Relationship": "Outer","Parallel Aware": true,"Async Capable": false,"Relation Name": "customer","Alias": "customer","Startup Cost": 0.00,"Total Cost": 4210.00,"Plan Rows": 62500,"Plan Width": 8,"Actual Startup Time": 0.010,"Actual Total Time": 9.451,"Actual Rows": 50000,"Actual Loops": 3,"Workers": []},{"Node Type": "Hash","Parent Relationship": "Inner","Parallel Aware": false,"Async Capable": false,"Startup Cost": 1.38,"Total Cost": 1.38,"Plan Rows": 2,"Plan Width": 108,"Actual Startup Time": 0.066,"Actual Total Time": 0.073,"Actual Rows": 2,"Actual Loops": 3,"Hash Buckets": 1024,"Original Hash Buckets": 1024,"Hash Batches": 1,"Original Hash Batches": 1,"Peak Memory Usage": 9,"Workers": [],"Plans": [{"Node Type": "Seq Scan","Parent Relationship": "Outer","Parallel Aware": false,"Async Capable": false,"Relation Name": "nation","Alias": "n2","Startup Cost": 0.00,"Total Cost": 1.38,"Plan Rows": 2,"Plan Width": 108,"Actual Startup Time": 0.050,"Actual Total Time": 0.057,"Actual Rows": 2,"Actual Loops": 3,"Filter": "((n_name = 'EGYPT'::bpchar) OR (n_name = 'PERU'::bpchar))","Rows Removed by Filter": 23,"Workers": []}]}]},{"Node Type": "Index Scan","Parent Relationship": "Inner","Parallel Aware": false,"Async Capable": false,"Scan Direction": "Forward","Index Name": "idx_orders_custkey","Relation Name": "orders","Alias": "orders","Startup Cost": 0.43,"Total Cost": 1.46,"Plan Rows": 17,"Plan Width": 8,"Actual Startup Time": 0.007,"Actual Total Time": 0.043,"Actual Rows": 10,"Actual Loops": 11970,"Index Cond": "(o_custkey = customer.c_custkey)","Rows Removed by Index Recheck": 0,"Workers": []}]},{"Node Type": "Index Scan","Parent Relationship": "Inner","Parallel Aware": false,"Async Capable": false,"Scan Direction": "Forward","Index Name": "idx_lineitem_orderkey","Relation Name": "lineitem","Alias": "lineitem","Startup Cost": 0.43,"Total Cost": 1.14,"Plan Rows": 5,"Plan Width": 24,"Actual Startup Time": 0.016,"Actual Total Time": 0.017,"Actual Rows": 1,"Actual Loops": 118129,"Index Cond": "(l_orderkey = orders.o_orderkey)","Rows Removed by Index Recheck": 0,"Filter": "((l_shipdate >= '1995-01-01'::date) AND (l_shipdate <= '1996-12-31'::date))","Rows Removed by Filter": 3,"Workers": []}]},{"Node Type": "Hash","Parent Relationship": "Inner","Parallel Aware": false,"Async Capable": false,"Startup Cost": 354.10,"Total Cost": 354.10,"Plan Rows": 784,"Plan Width": 108,"Actual Startup Time": 7.400,"Actual Total Time": 7.412,"Actual Rows": 836,"Actual Loops": 3,"Hash Buckets": 1024,"Original Hash Buckets": 1024,"Hash Batches": 1,"Original Hash Batches": 1,"Peak Memory Usage": 59,"Workers": [],"Plans": [{"Node Type": "Hash Join","Parent Relationship": "Outer","Parallel Aware": false,"Async Capable": false,"Join Type": "Inner","Startup Cost": 1.40,"Total Cost": 354.10,"Plan Rows": 784,"Plan Width": 108,"Actual Startup Time": 0.081,"Actual Total Time": 7.192,"Actual Rows": 836,"Actual Loops": 3,"Inner Unique": true,"Hash Cond": "(supplier.s_nationkey = n1.n_nationkey)","Workers": [],"Plans": [{"Node Type": "Seq Scan","Parent Relationship": "Outer","Parallel Aware": false,"Async Capable": false,"Relation Name": "supplier","Alias": "supplier","Startup Cost": 0.00,"Total Cost": 322.00,"Plan Rows": 10000,"Plan Width": 8,"Actual Startup Time": 0.027,"Actual Total Time": 3.838,"Actual Rows": 10000,"Actual Loops": 3,"Workers": []},{"Node Type": "Hash","Parent Relationship": "Inner","Parallel Aware": false,"Async Capable": false,"Startup Cost": 1.38,"Total Cost": 1.38,"Plan Rows": 2,"Plan Width": 108,"Actual Startup Time": 0.017,"Actual Total Time": 0.020,"Actual Rows": 2,"Actual Loops": 3,"Hash Buckets": 1024,"Original Hash Buckets": 1024,"Hash Batches": 1,"Original Hash Batches": 1,"Peak Memory Usage": 9,"Workers": [],"Plans": [{"Node Type": "Seq Scan","Parent Relationship": "Outer","Parallel Aware": false,"Async Capable": false,"Relation Name": "nation","Alias": "n1","Startup Cost": 0.00,"Total Cost": 1.38,"Plan Rows": 2,"Plan Width": 108,"Actual Startup Time": 0.005,"Actual Total Time": 0.011,"Actual Rows": 2,"Actual Loops": 3,"Filter": "((n_name = 'PERU'::bpchar) OR (n_name = 'EGYPT'::bpchar))","Rows Removed by Filter": 23,"Workers": []}]}]}]}]}]}]}]}]},"Planning Time": 8.937,"Triggers": [],"Execution Time": 965.718}]
[{"Plan": {"Node Type": "Aggregate","Strategy": "Sorted","Partial Mode": "Finalize","Parallel Aware": false,"Async Capable": false,"Startup Cost": 72556.41,"Total Cost": 73352.71,"Plan Rows": 5893,"Plan Width": 272,"Actual Startup Time": 931.387,"Actual Total Time": 988.183,"Actual Rows": 4,"Actual Loops": 1,"Group Key": ["n1.n_name", "n2.n_name", "(EXTRACT(year FROM lineitem.l_shipdate))"],"Plans": [{"Node Type": "Gather Merge","Parent Relationship": "Outer","Parallel Aware": false,"Async Capable": false,"Startup Cost": 72556.41,"Total Cost": 73202.94,"Plan Rows": 4910,"Plan Width": 272,"Actual Startup Time": 930.606,"Actual Total Time": 988.074,"Actual Rows": 12,"Actual Loops": 1,"Workers Planned": 2,"Workers Launched": 2,"Plans": [{"Node Type": "Aggregate","Strategy": "Sorted","Partial Mode": "Partial","Parent Relationship": "Outer","Parallel Aware": false,"Async Capable": false,"Startup Cost": 71556.39,"Total Cost": 71636.18,"Plan Rows": 2455,"Plan Width": 272,"Actual Startup Time": 921.729,"Actual Total Time": 922.644,"Actual Rows": 4,"Actual Loops": 3,"Group Key": ["n1.n_name", "n2.n_name", "(EXTRACT(year FROM lineitem.l_shipdate))"],"Workers": [],"Plans": [{"Node Type": "Sort","Parent Relationship": "Outer","Parallel Aware": false,"Async Capable": false,"Startup Cost": 71556.39,"Total Cost": 71562.53,"Plan Rows": 2455,"Plan Width": 252,"Actual Startup Time": 921.471,"Actual Total Time": 921.593,"Actual Rows": 1886,"Actual Loops": 3,"Sort Key": ["n1.n_name", "n2.n_name", "(EXTRACT(year FROM lineitem.l_shipdate))"],"Sort Method": "quicksort","Sort Space Used": 248,"Sort Space Type": "Memory","Workers": [{"Worker Number": 0,"Sort Method": "quicksort","Sort Space Used": 257,"Sort Space Type": "Memory"},{"Worker Number": 1,"Sort Method": "quicksort","Sort Space Used": 259,"Sort Space Type": "Memory"}],"Plans": [{"Node Type": "Hash Join","Parent Relationship": "Outer","Parallel Aware": false,"Async Capable": false,"Join Type": "Inner","Startup Cost": 366.16,"Total Cost": 71418.15,"Plan Rows": 2455,"Plan Width": 252,"Actual Startup Time": 9.121,"Actual Total Time": 919.666,"Actual Rows": 1886,"Actual Loops": 3,"Inner Unique": false,"Hash Cond": "(lineitem.l_suppkey = supplier.s_suppkey)","Join Filter": "(((n1.n_name = 'VIETNAM'::bpchar) AND (n2.n_name = 'JAPAN'::bpchar)) OR ((n1.n_name = 'JAPAN'::bpchar) AND (n2.n_name = 'VIETNAM'::bpchar)))","Rows Removed by Join Filter": 1871,"Workers": [],"Plans": [{"Node Type": "Nested Loop","Parent Relationship": "Outer","Parallel Aware": false,"Async Capable": false,"Join Type": "Inner","Startup Cost": 2.26,"Total Cost": 70727.78,"Plan Rows": 60250,"Plan Width": 124,"Actual Startup Time": 0.406,"Actual Total Time": 904.676,"Actual Rows": 48726,"Actual Loops": 3,"Inner Unique": false,"Workers": [],"Plans": [{"Node Type": "Nested Loop","Parent Relationship": "Outer","Parallel Aware": false,"Async Capable": false,"Join Type": "Inner","Startup Cost": 1.83,"Total Cost": 12400.01,"Plan Rows": 49000,"Plan Width": 108,"Actual Startup Time": 0.244,"Actual Total Time": 228.847,"Actual Rows": 39917,"Actual Loops": 3,"Inner Unique": false,"Workers": [],"Plans": [{"Node Type": "Hash Join","Parent Relationship": "Outer","Parallel Aware": false,"Async Capable": false,"Join Type": "Inner","Startup Cost": 1.40,"Total Cost": 4403.27,"Plan Rows": 4900,"Plan Width": 108,"Actual Startup Time": 0.142,"Actual Total Time": 48.084,"Actual Rows": 3985,"Actual Loops": 3,"Inner Unique": true,"Hash Cond": "(customer.c_nationkey = n2.n_nationkey)","Workers": [],"Plans": [{"Node Type": "Seq Scan","Parent Relationship": "Outer","Parallel Aware": true,"Async Capable": false,"Relation Name": "customer","Alias": "customer","Startup Cost": 0.00,"Total Cost": 4210.00,"Plan Rows": 62500,"Plan Width": 8,"Actual Startup Time": 0.011,"Actual Total Time": 9.633,"Actual Rows": 50000,"Actual Loops": 3,"Workers": []},{"Node Type": "Hash","Parent Relationship": "Inner","Parallel Aware": false,"Async Capable": false,"Startup Cost": 1.38,"Total Cost": 1.38,"Plan Rows": 2,"Plan Width": 108,"Actual Startup Time": 0.068,"Actual Total Time": 0.073,"Actual Rows": 2,"Actual Loops": 3,"Hash Buckets": 1024,"Original Hash Buckets": 1024,"Hash Batches": 1,"Original Hash Batches": 1,"Peak Memory Usage": 9,"Workers": [],"Plans": [{"Node Type": "Seq Scan","Parent Relationship": "Outer","Parallel Aware": false,"Async Capable": false,"Relation Name": "nation","Alias": "n2","Startup Cost": 0.00,"Total Cost": 1.38,"Plan Rows": 2,"Plan Width": 108,"Actual Startup Time": 0.053,"Actual Total Time": 0.057,"Actual Rows": 2,"Actual Loops": 3,"Filter": "((n_name = 'JAPAN'::bpchar) OR (n_name = 'VIETNAM'::bpchar))","Rows Removed by Filter": 23,"Workers": []}]}]},{"Node Type": "Index Scan","Parent Relationship": "Inner","Parallel Aware": false,"Async Capable": false,"Scan Direction": "Forward","Index Name": "idx_orders_custkey","Relation Name": "orders","Alias": "orders","Startup Cost": 0.43,"Total Cost": 1.46,"Plan Rows": 17,"Plan Width": 8,"Actual Startup Time": 0.007,"Actual Total Time": 0.044,"Actual Rows": 10,"Actual Loops": 11956,"Index Cond": "(o_custkey = customer.c_custkey)","Rows Removed by Index Recheck": 0,"Workers": []}]},{"Node Type": "Index Scan","Parent Relationship": "Inner","Parallel Aware": false,"Async Capable": false,"Scan Direction": "Forward","Index Name": "idx_lineitem_orderkey","Relation Name": "lineitem","Alias": "lineitem","Startup Cost": 0.43,"Total Cost": 1.14,"Plan Rows": 5,"Plan Width": 24,"Actual Startup Time": 0.016,"Actual Total Time": 0.017,"Actual Rows": 1,"Actual Loops": 119752,"Index Cond": "(l_orderkey = orders.o_orderkey)","Rows Removed by Index Recheck": 0,"Filter": "((l_shipdate >= '1995-01-01'::date) AND (l_shipdate <= '1996-12-31'::date))","Rows Removed by Filter": 3,"Workers": []}]},{"Node Type": "Hash","Parent Relationship": "Inner","Parallel Aware": false,"Async Capable": false,"Startup Cost": 354.10,"Total Cost": 354.10,"Plan Rows": 784,"Plan Width": 108,"Actual Startup Time": 7.580,"Actual Total Time": 7.592,"Actual Rows": 776,"Actual Loops": 3,"Hash Buckets": 1024,"Original Hash Buckets": 1024,"Hash Batches": 1,"Original Hash Batches": 1,"Peak Memory Usage": 55,"Workers": [],"Plans": [{"Node Type": "Hash Join","Parent Relationship": "Outer","Parallel Aware": false,"Async Capable": false,"Join Type": "Inner","Startup Cost": 1.40,"Total Cost": 354.10,"Plan Rows": 784,"Plan Width": 108,"Actual Startup Time": 0.073,"Actual Total Time": 7.419,"Actual Rows": 776,"Actual Loops": 3,"Inner Unique": true,"Hash Cond": "(supplier.s_nationkey = n1.n_nationkey)","Workers": [],"Plans": [{"Node Type": "Seq Scan","Parent Relationship": "Outer","Parallel Aware": false,"Async Capable": false,"Relation Name": "supplier","Alias": "supplier","Startup Cost": 0.00,"Total Cost": 322.00,"Plan Rows": 10000,"Plan Width": 8,"Actual Startup Time": 0.023,"Actual Total Time": 3.638,"Actual Rows": 10000,"Actual Loops": 3,"Workers": []},{"Node Type": "Hash","Parent Relationship": "Inner","Parallel Aware": false,"Async Capable": false,"Startup Cost": 1.38,"Total Cost": 1.38,"Plan Rows": 2,"Plan Width": 108,"Actual Startup Time": 0.012,"Actual Total Time": 0.016,"Actual Rows": 2,"Actual Loops": 3,"Hash Buckets": 1024,"Original Hash Buckets": 1024,"Hash Batches": 1,"Original Hash Batches": 1,"Peak Memory Usage": 9,"Workers": [],"Plans": [{"Node Type": "Seq Scan","Parent Relationship": "Outer","Parallel Aware": false,"Async Capable": false,"Relation Name": "nation","Alias": "n1","Startup Cost": 0.00,"Total Cost": 1.38,"Plan Rows": 2,"Plan Width": 108,"Actual Startup Time": 0.006,"Actual Total Time": 0.008,"Actual Rows": 2,"Actual Loops": 3,"Filter": "((n_name = 'VIETNAM'::bpchar) OR (n_name = 'JAPAN'::bpchar))","Rows Removed by Filter": 23,"Workers": []}]}]}]}]}]}]}]}]},"Planning Time": 9.667,"Triggers": [],"Execution Time": 988.650}]
[{"Plan": {"Node Type": "Aggregate","Strategy": "Sorted","Partial Mode": "Finalize","Parallel Aware": false,"Async Capable": false,"Startup Cost": 72556.41,"Total Cost": 73352.71,"Plan Rows": 5893,"Plan Width": 272,"Actual Startup Time": 928.121,"Actual Total Time": 972.637,"Actual Rows": 4,"Actual Loops": 1,"Group Key": ["n1.n_name", "n2.n_name", "(EXTRACT(year FROM lineitem.l_shipdate))"],"Plans": [{"Node Type": "Gather Merge","Parent Relationship": "Outer","Parallel Aware": false,"Async Capable": false,"Startup Cost": 72556.41,"Total Cost": 73202.94,"Plan Rows": 4910,"Plan Width": 272,"Actual Startup Time": 927.777,"Actual Total Time": 972.572,"Actual Rows": 12,"Actual Loops": 1,"Workers Planned": 2,"Workers Launched": 2,"Plans": [{"Node Type": "Aggregate","Strategy": "Sorted","Partial Mode": "Partial","Parent Relationship": "Outer","Parallel Aware": false,"Async Capable": false,"Startup Cost": 71556.39,"Total Cost": 71636.18,"Plan Rows": 2455,"Plan Width": 272,"Actual Startup Time": 920.017,"Actual Total Time": 920.726,"Actual Rows": 4,"Actual Loops": 3,"Group Key": ["n1.n_name", "n2.n_name", "(EXTRACT(year FROM lineitem.l_shipdate))"],"Workers": [],"Plans": [{"Node Type": "Sort","Parent Relationship": "Outer","Parallel Aware": false,"Async Capable": false,"Startup Cost": 71556.39,"Total Cost": 71562.53,"Plan Rows": 2455,"Plan Width": 252,"Actual Startup Time": 919.749,"Actual Total Time": 919.876,"Actual Rows": 1980,"Actual Loops": 3,"Sort Key": ["n1.n_name", "n2.n_name", "(EXTRACT(year FROM lineitem.l_shipdate))"],"Sort Method": "quicksort","Sort Space Used": 271,"Sort Space Type": "Memory","Workers": [{"Worker Number": 0,"Sort Method": "quicksort","Sort Space Used": 266,"Sort Space Type": "Memory"},{"Worker Number": 1,"Sort Method": "quicksort","Sort Space Used": 258,"Sort Space Type": "Memory"}],"Plans": [{"Node Type": "Hash Join","Parent Relationship": "Outer","Parallel Aware": false,"Async Capable": false,"Join Type": "Inner","Startup Cost": 366.16,"Total Cost": 71418.15,"Plan Rows": 2455,"Plan Width": 252,"Actual Startup Time": 13.799,"Actual Total Time": 917.917,"Actual Rows": 1980,"Actual Loops": 3,"Inner Unique": false,"Hash Cond": "(lineitem.l_suppkey = supplier.s_suppkey)","Join Filter": "(((n1.n_name = 'ARGENTINA'::bpchar) AND (n2.n_name = 'GERMANY'::bpchar)) OR ((n1.n_name = 'GERMANY'::bpchar) AND (n2.n_name = 'ARGENTINA'::bpchar)))","Rows Removed by Join Filter": 1918,"Workers": [],"Plans": [{"Node Type": "Nested Loop","Parent Relationship": "Outer","Parallel Aware": false,"Async Capable": false,"Join Type": "Inner","Startup Cost": 2.26,"Total Cost": 70727.78,"Plan Rows": 60250,"Plan Width": 124,"Actual Startup Time": 0.821,"Actual Total Time": 900.391,"Actual Rows": 48614,"Actual Loops": 3,"Inner Unique": false,"Workers": [],"Plans": [{"Node Type": "Nested Loop","Parent Relationship": "Outer","Parallel Aware": false,"Async Capable": false,"Join Type": "Inner","Startup Cost": 1.83,"Total Cost": 12400.01,"Plan Rows": 49000,"Plan Width": 108,"Actual Startup Time": 0.313,"Actual Total Time": 226.950,"Actual Rows": 39757,"Actual Loops": 3,"Inner Unique": false,"Workers": [],"Plans": [{"Node Type": "Hash Join","Parent Relationship": "Outer","Parallel Aware": false,"Async Capable": false,"Join Type": "Inner","Startup Cost": 1.40,"Total Cost": 4403.27,"Plan Rows": 4900,"Plan Width": 108,"Actual Startup Time": 0.179,"Actual Total Time": 48.343,"Actual Rows": 3961,"Actual Loops": 3,"Inner Unique": true,"Hash Cond": "(customer.c_nationkey = n2.n_nationkey)","Workers": [],"Plans": [{"Node Type": "Seq Scan","Parent Relationship": "Outer","Parallel Aware": true,"Async Capable": false,"Relation Name": "customer","Alias": "customer","Startup Cost": 0.00,"Total Cost": 4210.00,"Plan Rows": 62500,"Plan Width": 8,"Actual Startup Time": 0.020,"Actual Total Time": 9.560,"Actual Rows": 50000,"Actual Loops": 3,"Workers": []},{"Node Type": "Hash","Parent Relationship": "Inner","Parallel Aware": false,"Async Capable": false,"Startup Cost": 1.38,"Total Cost": 1.38,"Plan Rows": 2,"Plan Width": 108,"Actual Startup Time": 0.075,"Actual Total Time": 0.081,"Actual Rows": 2,"Actual Loops": 3,"Hash Buckets": 1024,"Original Hash Buckets": 1024,"Hash Batches": 1,"Original Hash Batches": 1,"Peak Memory Usage": 9,"Workers": [],"Plans": [{"Node Type": "Seq Scan","Parent Relationship": "Outer","Parallel Aware": false,"Async Capable": false,"Relation Name": "nation","Alias": "n2","Startup Cost": 0.00,"Total Cost": 1.38,"Plan Rows": 2,"Plan Width": 108,"Actual Startup Time": 0.054,"Actual Total Time": 0.063,"Actual Rows": 2,"Actual Loops": 3,"Filter": "((n_name = 'GERMANY'::bpchar) OR (n_name = 'ARGENTINA'::bpchar))","Rows Removed by Filter": 23,"Workers": []}]}]},{"Node Type": "Index Scan","Parent Relationship": "Inner","Parallel Aware": false,"Async Capable": false,"Scan Direction": "Forward","Index Name": "idx_orders_custkey","Relation Name": "orders","Alias": "orders","Startup Cost": 0.43,"Total Cost": 1.46,"Plan Rows": 17,"Plan Width": 8,"Actual Startup Time": 0.007,"Actual Total Time": 0.044,"Actual Rows": 10,"Actual Loops": 11883,"Index Cond": "(o_custkey = customer.c_custkey)","Rows Removed by Index Recheck": 0,"Workers": []}]},{"Node Type": "Index Scan","Parent Relationship": "Inner","Parallel Aware": false,"Async Capable": false,"Scan Direction": "Forward","Index Name": "idx_lineitem_orderkey","Relation Name": "lineitem","Alias": "lineitem","Startup Cost": 0.43,"Total Cost": 1.14,"Plan Rows": 5,"Plan Width": 24,"Actual Startup Time": 0.016,"Actual Total Time": 0.017,"Actual Rows": 1,"Actual Loops": 119271,"Index Cond": "(l_orderkey = orders.o_orderkey)","Rows Removed by Index Recheck": 0,"Filter": "((l_shipdate >= '1995-01-01'::date) AND (l_shipdate <= '1996-12-31'::date))","Rows Removed by Filter": 3,"Workers": []}]},{"Node Type": "Hash","Parent Relationship": "Inner","Parallel Aware": false,"Async Capable": false,"Startup Cost": 354.10,"Total Cost": 354.10,"Plan Rows": 784,"Plan Width": 108,"Actual Startup Time": 10.295,"Actual Total Time": 10.309,"Actual Rows": 809,"Actual Loops": 3,"Hash Buckets": 1024,"Original Hash Buckets": 1024,"Hash Batches": 1,"Original Hash Batches": 1,"Peak Memory Usage": 57,"Workers": [],"Plans": [{"Node Type": "Hash Join","Parent Relationship": "Outer","Parallel Aware": false,"Async Capable": false,"Join Type": "Inner","Startup Cost": 1.40,"Total Cost": 354.10,"Plan Rows": 784,"Plan Width": 108,"Actual Startup Time": 0.083,"Actual Total Time": 10.091,"Actual Rows": 809,"Actual Loops": 3,"Inner Unique": true,"Hash Cond": "(supplier.s_nationkey = n1.n_nationkey)","Workers": [],"Plans": [{"Node Type": "Seq Scan","Parent Relationship": "Outer","Parallel Aware": false,"Async Capable": false,"Relation Name": "supplier","Alias": "supplier","Startup Cost": 0.00,"Total Cost": 322.00,"Plan Rows": 10000,"Plan Width": 8,"Actual Startup Time": 0.034,"Actual Total Time": 4.334,"Actual Rows": 10000,"Actual Loops": 3,"Workers": []},{"Node Type": "Hash","Parent Relationship": "Inner","Parallel Aware": false,"Async Capable": false,"Startup Cost": 1.38,"Total Cost": 1.38,"Plan Rows": 2,"Plan Width": 108,"Actual Startup Time": 0.016,"Actual Total Time": 0.023,"Actual Rows": 2,"Actual Loops": 3,"Hash Buckets": 1024,"Original Hash Buckets": 1024,"Hash Batches": 1,"Original Hash Batches": 1,"Peak Memory Usage": 9,"Workers": [],"Plans": [{"Node Type": "Seq Scan","Parent Relationship": "Outer","Parallel Aware": false,"Async Capable": false,"Relation Name": "nation","Alias": "n1","Startup Cost": 0.00,"Total Cost": 1.38,"Plan Rows": 2,"Plan Width": 108,"Actual Startup Time": 0.004,"Actual Total Time": 0.013,"Actual Rows": 2,"Actual Loops": 3,"Filter": "((n_name = 'ARGENTINA'::bpchar) OR (n_name = 'GERMANY'::bpchar))","Rows Removed by Filter": 23,"Workers": []}]}]}]}]}]}]}]}]},"Planning Time": 9.152,"Triggers": [],"Execution Time": 973.202}]
[{"Plan": {"Node Type": "Aggregate","Strategy": "Sorted","Partial Mode": "Finalize","Parallel Aware": false,"Async Capable": false,"Startup Cost": 72556.41,"Total Cost": 73352.71,"Plan Rows": 5893,"Plan Width": 272,"Actual Startup Time": 913.507,"Actual Total Time": 961.363,"Actual Rows": 4,"Actual Loops": 1,"Group Key": ["n1.n_name", "n2.n_name", "(EXTRACT(year FROM lineitem.l_shipdate))"],"Plans": [{"Node Type": "Gather Merge","Parent Relationship": "Outer","Parallel Aware": false,"Async Capable": false,"Startup Cost": 72556.41,"Total Cost": 73202.94,"Plan Rows": 4910,"Plan Width": 272,"Actual Startup Time": 913.231,"Actual Total Time": 961.295,"Actual Rows": 12,"Actual Loops": 1,"Workers Planned": 2,"Workers Launched": 2,"Plans": [{"Node Type": "Aggregate","Strategy": "Sorted","Partial Mode": "Partial","Parent Relationship": "Outer","Parallel Aware": false,"Async Capable": false,"Startup Cost": 71556.39,"Total Cost": 71636.18,"Plan Rows": 2455,"Plan Width": 272,"Actual Startup Time": 904.830,"Actual Total Time": 905.575,"Actual Rows": 4,"Actual Loops": 3,"Group Key": ["n1.n_name", "n2.n_name", "(EXTRACT(year FROM lineitem.l_shipdate))"],"Workers": [],"Plans": [{"Node Type": "Sort","Parent Relationship": "Outer","Parallel Aware": false,"Async Capable": false,"Startup Cost": 71556.39,"Total Cost": 71562.53,"Plan Rows": 2455,"Plan Width": 252,"Actual Startup Time": 904.552,"Actual Total Time": 904.657,"Actual Rows": 2018,"Actual Loops": 3,"Sort Key": ["n1.n_name", "n2.n_name", "(EXTRACT(year FROM lineitem.l_shipdate))"],"Sort Method": "quicksort","Sort Space Used": 264,"Sort Space Type": "Memory","Workers": [{"Worker Number": 0,"Sort Method": "quicksort","Sort Space Used": 265,"Sort Space Type": "Memory"},{"Worker Number": 1,"Sort Method": "quicksort","Sort Space Used": 327,"Sort Space Type": "Memory"}],"Plans": [{"Node Type": "Hash Join","Parent Relationship": "Outer","Parallel Aware": false,"Async Capable": false,"Join Type": "Inner","Startup Cost": 366.16,"Total Cost": 71418.15,"Plan Rows": 2455,"Plan Width": 252,"Actual Startup Time": 8.403,"Actual Total Time": 902.656,"Actual Rows": 2018,"Actual Loops": 3,"Inner Unique": false,"Hash Cond": "(lineitem.l_suppkey = supplier.s_suppkey)","Join Filter": "(((n1.n_name = 'PERU'::bpchar) AND (n2.n_name = 'CHINA'::bpchar)) OR ((n1.n_name = 'CHINA'::bpchar) AND (n2.n_name = 'PERU'::bpchar)))","Rows Removed by Join Filter": 2015,"Workers": [],"Plans": [{"Node Type": "Nested Loop","Parent Relationship": "Outer","Parallel Aware": false,"Async Capable": false,"Join Type": "Inner","Startup Cost": 2.26,"Total Cost": 70727.78,"Plan Rows": 60250,"Plan Width": 124,"Actual Startup Time": 0.918,"Actual Total Time": 888.175,"Actual Rows": 48561,"Actual Loops": 3,"Inner Unique": false,"Workers": [],"Plans": [{"Node Type": "Nested Loop","Parent Relationship": "Outer","Parallel Aware": false,"Async Capable": false,"Join Type": "Inner","Startup Cost": 1.83,"Total Cost": 12400.01,"Plan Rows": 49000,"Plan Width": 108,"Actual Startup Time": 0.287,"Actual Total Time": 219.498,"Actual Rows": 39934,"Actual Loops": 3,"Inner Unique": false,"Workers": [],"Plans": [{"Node Type": "Hash Join","Parent Relationship": "Outer","Parallel Aware": false,"Async Capable": false,"Join Type": "Inner","Startup Cost": 1.40,"Total Cost": 4403.27,"Plan Rows": 4900,"Plan Width": 108,"Actual Startup Time": 0.183,"Actual Total Time": 42.592,"Actual Rows": 4000,"Actual Loops": 3,"Inner Unique": true,"Hash Cond": "(customer.c_nationkey = n2.n_nationkey)","Workers": [],"Plans": [{"Node Type": "Seq Scan","Parent Relationship": "Outer","Parallel Aware": true,"Async Capable": false,"Relation Name": "customer","Alias": "customer","Startup Cost": 0.00,"Total Cost": 4210.00,"Plan Rows": 62500,"Plan Width": 8,"Actual Startup Time": 0.020,"Actual Total Time": 9.090,"Actual Rows": 50000,"Actual Loops": 3,"Workers": []},{"Node Type": "Hash","Parent Relationship": "Inner","Parallel Aware": false,"Async Capable": false,"Startup Cost": 1.38,"Total Cost": 1.38,"Plan Rows": 2,"Plan Width": 108,"Actual Startup Time": 0.073,"Actual Total Time": 0.079,"Actual Rows": 2,"Actual Loops": 3,"Hash Buckets": 1024,"Original Hash Buckets": 1024,"Hash Batches": 1,"Original Hash Batches": 1,"Peak Memory Usage": 9,"Workers": [],"Plans": [{"Node Type": "Seq Scan","Parent Relationship": "Outer","Parallel Aware": false,"Async Capable": false,"Relation Name": "nation","Alias": "n2","Startup Cost": 0.00,"Total Cost": 1.38,"Plan Rows": 2,"Plan Width": 108,"Actual Startup Time": 0.055,"Actual Total Time": 0.059,"Actual Rows": 2,"Actual Loops": 3,"Filter": "((n_name = 'CHINA'::bpchar) OR (n_name = 'PERU'::bpchar))","Rows Removed by Filter": 23,"Workers": []}]}]},{"Node Type": "Index Scan","Parent Relationship": "Inner","Parallel Aware": false,"Async Capable": false,"Scan Direction": "Forward","Index Name": "idx_orders_custkey","Relation Name": "orders","Alias": "orders","Startup Cost": 0.43,"Total Cost": 1.46,"Plan Rows": 17,"Plan Width": 8,"Actual Startup Time": 0.007,"Actual Total Time": 0.043,"Actual Rows": 10,"Actual Loops": 11999,"Index Cond": "(o_custkey = customer.c_custkey)","Rows Removed by Index Recheck": 0,"Workers": []}]},{"Node Type": "Index Scan","Parent Relationship": "Inner","Parallel Aware": false,"Async Capable": false,"Scan Direction": "Forward","Index Name": "idx_lineitem_orderkey","Relation Name": "lineitem","Alias": "lineitem","Startup Cost": 0.43,"Total Cost": 1.14,"Plan Rows": 5,"Plan Width": 24,"Actual Startup Time": 0.016,"Actual Total Time": 0.016,"Actual Rows": 1,"Actual Loops": 119802,"Index Cond": "(l_orderkey = orders.o_orderkey)","Rows Removed by Index Recheck": 0,"Filter": "((l_shipdate >= '1995-01-01'::date) AND (l_shipdate <= '1996-12-31'::date))","Rows Removed by Filter": 3,"Workers": []}]},{"Node Type": "Hash","Parent Relationship": "Inner","Parallel Aware": false,"Async Capable": false,"Startup Cost": 354.10,"Total Cost": 354.10,"Plan Rows": 784,"Plan Width": 108,"Actual Startup Time": 7.386,"Actual Total Time": 7.399,"Actual Rows": 828,"Actual Loops": 3,"Hash Buckets": 1024,"Original Hash Buckets": 1024,"Hash Batches": 1,"Original Hash Batches": 1,"Peak Memory Usage": 59,"Workers": [],"Plans": [{"Node Type": "Hash Join","Parent Relationship": "Outer","Parallel Aware": false,"Async Capable": false,"Join Type": "Inner","Startup Cost": 1.40,"Total Cost": 354.10,"Plan Rows": 784,"Plan Width": 108,"Actual Startup Time": 0.073,"Actual Total Time": 7.167,"Actual Rows": 828,"Actual Loops": 3,"Inner Unique": true,"Hash Cond": "(supplier.s_nationkey = n1.n_nationkey)","Workers": [],"Plans": [{"Node Type": "Seq Scan","Parent Relationship": "Outer","Parallel Aware": false,"Async Capable": false,"Relation Name": "supplier","Alias": "supplier","Startup Cost": 0.00,"Total Cost": 322.00,"Plan Rows": 10000,"Plan Width": 8,"Actual Startup Time": 0.029,"Actual Total Time": 3.808,"Actual Rows": 10000,"Actual Loops": 3,"Workers": []},{"Node Type": "Hash","Parent Relationship": "Inner","Parallel Aware": false,"Async Capable": false,"Startup Cost": 1.38,"Total Cost": 1.38,"Plan Rows": 2,"Plan Width": 108,"Actual Startup Time": 0.015,"Actual Total Time": 0.020,"Actual Rows": 2,"Actual Loops": 3,"Hash Buckets": 1024,"Original Hash Buckets": 1024,"Hash Batches": 1,"Original Hash Batches": 1,"Peak Memory Usage": 9,"Workers": [],"Plans": [{"Node Type": "Seq Scan","Parent Relationship": "Outer","Parallel Aware": false,"Async Capable": false,"Relation Name": "nation","Alias": "n1","Startup Cost": 0.00,"Total Cost": 1.38,"Plan Rows": 2,"Plan Width": 108,"Actual Startup Time": 0.007,"Actual Total Time": 0.011,"Actual Rows": 2,"Actual Loops": 3,"Filter": "((n_name = 'PERU'::bpchar) OR (n_name = 'CHINA'::bpchar))","Rows Removed by Filter": 23,"Workers": []}]}]}]}]}]}]}]}]},"Planning Time": 9.571,"Triggers": [],"Execution Time": 961.944}]
[{"Plan": {"Node Type": "Aggregate","Strategy": "Sorted","Partial Mode": "Finalize","Parallel Aware": false,"Async Capable": false,"Startup Cost": 72556.41,"Total Cost": 73352.71,"Plan Rows": 5893,"Plan Width": 272,"Actual Startup Time": 922.025,"Actual Total Time": 967.242,"Actual Rows": 4,"Actual Loops": 1,"Group Key": ["n1.n_name", "n2.n_name", "(EXTRACT(year FROM lineitem.l_shipdate))"],"Plans": [{"Node Type": "Gather Merge","Parent Relationship": "Outer","Parallel Aware": false,"Async Capable": false,"Startup Cost": 72556.41,"Total Cost": 73202.94,"Plan Rows": 4910,"Plan Width": 272,"Actual Startup Time": 921.755,"Actual Total Time": 967.174,"Actual Rows": 12,"Actual Loops": 1,"Workers Planned": 2,"Workers Launched": 2,"Plans": [{"Node Type": "Aggregate","Strategy": "Sorted","Partial Mode": "Partial","Parent Relationship": "Outer","Parallel Aware": false,"Async Capable": false,"Startup Cost": 71556.39,"Total Cost": 71636.18,"Plan Rows": 2455,"Plan Width": 272,"Actual Startup Time": 914.163,"Actual Total Time": 914.835,"Actual Rows": 4,"Actual Loops": 3,"Group Key": ["n1.n_name", "n2.n_name", "(EXTRACT(year FROM lineitem.l_shipdate))"],"Workers": [],"Plans": [{"Node Type": "Sort","Parent Relationship": "Outer","Parallel Aware": false,"Async Capable": false,"Startup Cost": 71556.39,"Total Cost": 71562.53,"Plan Rows": 2455,"Plan Width": 252,"Actual Startup Time": 913.898,"Actual Total Time": 914.003,"Actual Rows": 1996,"Actual Loops": 3,"Sort Key": ["n1.n_name", "n2.n_name", "(EXTRACT(year FROM lineitem.l_shipdate))"],"Sort Method": "quicksort","Sort Space Used": 263,"Sort Space Type": "Memory","Workers": [{"Worker Number": 0,"Sort Method": "quicksort","Sort Space Used": 264,"Sort Space Type": "Memory"},{"Worker Number": 1,"Sort Method": "quicksort","Sort Space Used": 321,"Sort Space Type": "Memory"}],"Plans": [{"Node Type": "Hash Join","Parent Relationship": "Outer","Parallel Aware": false,"Async Capable": false,"Join Type": "Inner","Startup Cost": 366.16,"Total Cost": 71418.15,"Plan Rows": 2455,"Plan Width": 252,"Actual Startup Time": 8.943,"Actual Total Time": 911.975,"Actual Rows": 1996,"Actual Loops": 3,"Inner Unique": false,"Hash Cond": "(lineitem.l_suppkey = supplier.s_suppkey)","Join Filter": "(((n1.n_name = 'ALGERIA'::bpchar) AND (n2.n_name = 'UNITED STATES'::bpchar)) OR ((n1.n_name = 'UNITED STATES'::bpchar) AND (n2.n_name = 'ALGERIA'::bpchar)))","Rows Removed by Join Filter": 2005,"Workers": [],"Plans": [{"Node Type": "Nested Loop","Parent Relationship": "Outer","Parallel Aware": false,"Async Capable": false,"Join Type": "Inner","Startup Cost": 2.26,"Total Cost": 70727.78,"Plan Rows": 60250,"Plan Width": 124,"Actual Startup Time": 0.525,"Actual Total Time": 897.388,"Actual Rows": 48549,"Actual Loops": 3,"Inner Unique": false,"Workers": [],"Plans": [{"Node Type": "Nested Loop","Parent Relationship": "Outer","Parallel Aware": false,"Async Capable": false,"Join Type": "Inner","Startup Cost": 1.83,"Total Cost": 12400.01,"Plan Rows": 49000,"Plan Width": 108,"Actual Startup Time": 0.248,"Actual Total Time": 222.216,"Actual Rows": 39848,"Actual Loops": 3,"Inner Unique": false,"Workers": [],"Plans": [{"Node Type": "Hash Join","Parent Relationship": "Outer","Parallel Aware": false,"Async Capable": false,"Join Type": "Inner","Startup Cost": 1.40,"Total Cost": 4403.27,"Plan Rows": 4900,"Plan Width": 108,"Actual Startup Time": 0.143,"Actual Total Time": 43.878,"Actual Rows": 3969,"Actual Loops": 3,"Inner Unique": true,"Hash Cond": "(customer.c_nationkey = n2.n_nationkey)","Workers": [],"Plans": [{"Node Type": "Seq Scan","Parent Relationship": "Outer","Parallel Aware": true,"Async Capable": false,"Relation Name": "customer","Alias": "customer","Startup Cost": 0.00,"Total Cost": 4210.00,"Plan Rows": 62500,"Plan Width": 8,"Actual Startup Time": 0.013,"Actual Total Time": 9.192,"Actual Rows": 50000,"Actual Loops": 3,"Workers": []},{"Node Type": "Hash","Parent Relationship": "Inner","Parallel Aware": false,"Async Capable": false,"Startup Cost": 1.38,"Total Cost": 1.38,"Plan Rows": 2,"Plan Width": 108,"Actual Startup Time": 0.055,"Actual Total Time": 0.061,"Actual Rows": 2,"Actual Loops": 3,"Hash Buckets": 1024,"Original Hash Buckets": 1024,"Hash Batches": 1,"Original Hash Batches": 1,"Peak Memory Usage": 9,"Workers": [],"Plans": [{"Node Type": "Seq Scan","Parent Relationship": "Outer","Parallel Aware": false,"Async Capable": false,"Relation Name": "nation","Alias": "n2","Startup Cost": 0.00,"Total Cost": 1.38,"Plan Rows": 2,"Plan Width": 108,"Actual Startup Time": 0.039,"Actual Total Time": 0.047,"Actual Rows": 2,"Actual Loops": 3,"Filter": "((n_name = 'UNITED STATES'::bpchar) OR (n_name = 'ALGERIA'::bpchar))","Rows Removed by Filter": 23,"Workers": []}]}]},{"Node Type": "Index Scan","Parent Relationship": "Inner","Parallel Aware": false,"Async Capable": false,"Scan Direction": "Forward","Index Name": "idx_orders_custkey","Relation Name": "orders","Alias": "orders","Startup Cost": 0.43,"Total Cost": 1.46,"Plan Rows": 17,"Plan Width": 8,"Actual Startup Time": 0.007,"Actual Total Time": 0.044,"Actual Rows": 10,"Actual Loops": 11908,"Index Cond": "(o_custkey = customer.c_custkey)","Rows Removed by Index Recheck": 0,"Workers": []}]},{"Node Type": "Index Scan","Parent Relationship": "Inner","Parallel Aware": false,"Async Capable": false,"Scan Direction": "Forward","Index Name": "idx_lineitem_orderkey","Relation Name": "lineitem","Alias": "lineitem","Startup Cost": 0.43,"Total Cost": 1.14,"Plan Rows": 5,"Plan Width": 24,"Actual Startup Time": 0.016,"Actual Total Time": 0.017,"Actual Rows": 1,"Actual Loops": 119543,"Index Cond": "(l_orderkey = orders.o_orderkey)","Rows Removed by Index Recheck": 0,"Filter": "((l_shipdate >= '1995-01-01'::date) AND (l_shipdate <= '1996-12-31'::date))","Rows Removed by Filter": 3,"Workers": []}]},{"Node Type": "Hash","Parent Relationship": "Inner","Parallel Aware": false,"Async Capable": false,"Startup Cost": 354.10,"Total Cost": 354.10,"Plan Rows": 784,"Plan Width": 108,"Actual Startup Time": 7.503,"Actual Total Time": 7.517,"Actual Rows": 813,"Actual Loops": 3,"Hash Buckets": 1024,"Original Hash Buckets": 1024,"Hash Batches": 1,"Original Hash Batches": 1,"Peak Memory Usage": 58,"Workers": [],"Plans": [{"Node Type": "Hash Join","Parent Relationship": "Outer","Parallel Aware": false,"Async Capable": false,"Join Type": "Inner","Startup Cost": 1.40,"Total Cost": 354.10,"Plan Rows": 784,"Plan Width": 108,"Actual Startup Time": 0.105,"Actual Total Time": 7.297,"Actual Rows": 813,"Actual Loops": 3,"Inner Unique": true,"Hash Cond": "(supplier.s_nationkey = n1.n_nationkey)","Workers": [],"Plans": [{"Node Type": "Seq Scan","Parent Relationship": "Outer","Parallel Aware": false,"Async Capable": false,"Relation Name": "supplier","Alias": "supplier","Startup Cost": 0.00,"Total Cost": 322.00,"Plan Rows": 10000,"Plan Width": 8,"Actual Startup Time": 0.035,"Actual Total Time": 3.830,"Actual Rows": 10000,"Actual Loops": 3,"Workers": []},{"Node Type": "Hash","Parent Relationship": "Inner","Parallel Aware": false,"Async Capable": false,"Startup Cost": 1.38,"Total Cost": 1.38,"Plan Rows": 2,"Plan Width": 108,"Actual Startup Time": 0.019,"Actual Total Time": 0.024,"Actual Rows": 2,"Actual Loops": 3,"Hash Buckets": 1024,"Original Hash Buckets": 1024,"Hash Batches": 1,"Original Hash Batches": 1,"Peak Memory Usage": 9,"Workers": [],"Plans": [{"Node Type": "Seq Scan","Parent Relationship": "Outer","Parallel Aware": false,"Async Capable": false,"Relation Name": "nation","Alias": "n1","Startup Cost": 0.00,"Total Cost": 1.38,"Plan Rows": 2,"Plan Width": 108,"Actual Startup Time": 0.005,"Actual Total Time": 0.013,"Actual Rows": 2,"Actual Loops": 3,"Filter": "((n_name = 'ALGERIA'::bpchar) OR (n_name = 'UNITED STATES'::bpchar))","Rows Removed by Filter": 23,"Workers": []}]}]}]}]}]}]}]}]},"Planning Time": 7.801,"Triggers": [],"Execution Time": 967.850}]
[{"Plan": {"Node Type": "Aggregate","Strategy": "Sorted","Partial Mode": "Finalize","Parallel Aware": false,"Async Capable": false,"Startup Cost": 72556.41,"Total Cost": 73352.71,"Plan Rows": 5893,"Plan Width": 272,"Actual Startup Time": 906.080,"Actual Total Time": 950.898,"Actual Rows": 4,"Actual Loops": 1,"Group Key": ["n1.n_name", "n2.n_name", "(EXTRACT(year FROM lineitem.l_shipdate))"],"Plans": [{"Node Type": "Gather Merge","Parent Relationship": "Outer","Parallel Aware": false,"Async Capable": false,"Startup Cost": 72556.41,"Total Cost": 73202.94,"Plan Rows": 4910,"Plan Width": 272,"Actual Startup Time": 905.532,"Actual Total Time": 950.803,"Actual Rows": 12,"Actual Loops": 1,"Workers Planned": 2,"Workers Launched": 2,"Plans": [{"Node Type": "Aggregate","Strategy": "Sorted","Partial Mode": "Partial","Parent Relationship": "Outer","Parallel Aware": false,"Async Capable": false,"Startup Cost": 71556.39,"Total Cost": 71636.18,"Plan Rows": 2455,"Plan Width": 272,"Actual Startup Time": 897.569,"Actual Total Time": 898.299,"Actual Rows": 4,"Actual Loops": 3,"Group Key": ["n1.n_name", "n2.n_name", "(EXTRACT(year FROM lineitem.l_shipdate))"],"Workers": [],"Plans": [{"Node Type": "Sort","Parent Relationship": "Outer","Parallel Aware": false,"Async Capable": false,"Startup Cost": 71556.39,"Total Cost": 71562.53,"Plan Rows": 2455,"Plan Width": 252,"Actual Startup Time": 897.303,"Actual Total Time": 897.415,"Actual Rows": 1972,"Actual Loops": 3,"Sort Key": ["n1.n_name", "n2.n_name", "(EXTRACT(year FROM lineitem.l_shipdate))"],"Sort Method": "quicksort","Sort Space Used": 324,"Sort Space Type": "Memory","Workers": [{"Worker Number": 0,"Sort Method": "quicksort","Sort Space Used": 260,"Sort Space Type": "Memory"},{"Worker Number": 1,"Sort Method": "quicksort","Sort Space Used": 257,"Sort Space Type": "Memory"}],"Plans": [{"Node Type": "Hash Join","Parent Relationship": "Outer","Parallel Aware": false,"Async Capable": false,"Join Type": "Inner","Startup Cost": 366.16,"Total Cost": 71418.15,"Plan Rows": 2455,"Plan Width": 252,"Actual Startup Time": 12.378,"Actual Total Time": 895.455,"Actual Rows": 1972,"Actual Loops": 3,"Inner Unique": false,"Hash Cond": "(lineitem.l_suppkey = supplier.s_suppkey)","Join Filter": "(((n1.n_name = 'PERU'::bpchar) AND (n2.n_name = 'UNITED KINGDOM'::bpchar)) OR ((n1.n_name = 'UNITED KINGDOM'::bpchar) AND (n2.n_name = 'PERU'::bpchar)))","Rows Removed by Join Filter": 2015,"Workers": [],"Plans": [{"Node Type": "Nested Loop","Parent Relationship": "Outer","Parallel Aware": false,"Async Capable": false,"Join Type": "Inner","Startup Cost": 2.26,"Total Cost": 70727.78,"Plan Rows": 60250,"Plan Width": 124,"Actual Startup Time": 1.017,"Actual Total Time": 877.988,"Actual Rows": 48176,"Actual Loops": 3,"Inner Unique": false,"Workers": [],"Plans": [{"Node Type": "Nested Loop","Parent Relationship": "Outer","Parallel Aware": false,"Async Capable": false,"Join Type": "Inner","Startup Cost": 1.83,"Total Cost": 12400.01,"Plan Rows": 49000,"Plan Width": 108,"Actual Startup Time": 0.305,"Actual Total Time": 218.605,"Actual Rows": 39491,"Actual Loops": 3,"Inner Unique": false,"Workers": [],"Plans": [{"Node Type": "Hash Join","Parent Relationship": "Outer","Parallel Aware": false,"Async Capable": false,"Join Type": "Inner","Startup Cost": 1.40,"Total Cost": 4403.27,"Plan Rows": 4900,"Plan Width": 108,"Actual Startup Time": 0.196,"Actual Total Time": 43.348,"Actual Rows": 3995,"Actual Loops": 3,"Inner Unique": true,"Hash Cond": "(customer.c_nationkey = n2.n_nationkey)","Workers": [],"Plans": [{"Node Type": "Seq Scan","Parent Relationship": "Outer","Parallel Aware": true,"Async Capable": false,"Relation Name": "customer","Alias": "customer","Startup Cost": 0.00,"Total Cost": 4210.00,"Plan Rows": 62500,"Plan Width": 8,"Actual Startup Time": 0.015,"Actual Total Time": 8.920,"Actual Rows": 50000,"Actual Loops": 3,"Workers": []},{"Node Type": "Hash","Parent Relationship": "Inner","Parallel Aware": false,"Async Capable": false,"Startup Cost": 1.38,"Total Cost": 1.38,"Plan Rows": 2,"Plan Width": 108,"Actual Startup Time": 0.085,"Actual Total Time": 0.090,"Actual Rows": 2,"Actual Loops": 3,"Hash Buckets": 1024,"Original Hash Buckets": 1024,"Hash Batches": 1,"Original Hash Batches": 1,"Peak Memory Usage": 9,"Workers": [],"Plans": [{"Node Type": "Seq Scan","Parent Relationship": "Outer","Parallel Aware": false,"Async Capable": false,"Relation Name": "nation","Alias": "n2","Startup Cost": 0.00,"Total Cost": 1.38,"Plan Rows": 2,"Plan Width": 108,"Actual Startup Time": 0.072,"Actual Total Time": 0.076,"Actual Rows": 2,"Actual Loops": 3,"Filter": "((n_name = 'UNITED KINGDOM'::bpchar) OR (n_name = 'PERU'::bpchar))","Rows Removed by Filter": 23,"Workers": []}]}]},{"Node Type": "Index Scan","Parent Relationship": "Inner","Parallel Aware": false,"Async Capable": false,"Scan Direction": "Forward","Index Name": "idx_orders_custkey","Relation Name": "orders","Alias": "orders","Startup Cost": 0.43,"Total Cost": 1.46,"Plan Rows": 17,"Plan Width": 8,"Actual Startup Time": 0.007,"Actual Total Time": 0.043,"Actual Rows": 10,"Actual Loops": 11986,"Index Cond": "(o_custkey = customer.c_custkey)","Rows Removed by Index Recheck": 0,"Workers": []}]},{"Node Type": "Index Scan","Parent Relationship": "Inner","Parallel Aware": false,"Async Capable": false,"Scan Direction": "Forward","Index Name": "idx_lineitem_orderkey","Relation Name": "lineitem","Alias": "lineitem","Startup Cost": 0.43,"Total Cost": 1.14,"Plan Rows": 5,"Plan Width": 24,"Actual Startup Time": 0.016,"Actual Total Time": 0.016,"Actual Rows": 1,"Actual Loops": 118473,"Index Cond": "(l_orderkey = orders.o_orderkey)","Rows Removed by Index Recheck": 0,"Filter": "((l_shipdate >= '1995-01-01'::date) AND (l_shipdate <= '1996-12-31'::date))","Rows Removed by Filter": 3,"Workers": []}]},{"Node Type": "Hash","Parent Relationship": "Inner","Parallel Aware": false,"Async Capable": false,"Startup Cost": 354.10,"Total Cost": 354.10,"Plan Rows": 784,"Plan Width": 108,"Actual Startup Time": 10.566,"Actual Total Time": 10.577,"Actual Rows": 811,"Actual Loops": 3,"Hash Buckets": 1024,"Original Hash Buckets": 1024,"Hash Batches": 1,"Original Hash Batches": 1,"Peak Memory Usage": 58,"Workers": [],"Plans": [{"Node Type": "Hash Join","Parent Relationship": "Outer","Parallel Aware": false,"Async Capable": false,"Join Type": "Inner","Startup Cost": 1.40,"Total Cost": 354.10,"Plan Rows": 784,"Plan Width": 108,"Actual Startup Time": 0.089,"Actual Total Time": 10.375,"Actual Rows": 811,"Actual Loops": 3,"Inner Unique": true,"Hash Cond": "(supplier.s_nationkey = n1.n_nationkey)","Workers": [],"Plans": [{"Node Type": "Seq Scan","Parent Relationship": "Outer","Parallel Aware": false,"Async Capable": false,"Relation Name": "supplier","Alias": "supplier","Startup Cost": 0.00,"Total Cost": 322.00,"Plan Rows": 10000,"Plan Width": 8,"Actual Startup Time": 0.031,"Actual Total Time": 4.258,"Actual Rows": 10000,"Actual Loops": 3,"Workers": []},{"Node Type": "Hash","Parent Relationship": "Inner","Parallel Aware": false,"Async Capable": false,"Startup Cost": 1.38,"Total Cost": 1.38,"Plan Rows": 2,"Plan Width": 108,"Actual Startup Time": 0.018,"Actual Total Time": 0.023,"Actual Rows": 2,"Actual Loops": 3,"Hash Buckets": 1024,"Original Hash Buckets": 1024,"Hash Batches": 1,"Original Hash Batches": 1,"Peak Memory Usage": 9,"Workers": [],"Plans": [{"Node Type": "Seq Scan","Parent Relationship": "Outer","Parallel Aware": false,"Async Capable": false,"Relation Name": "nation","Alias": "n1","Startup Cost": 0.00,"Total Cost": 1.38,"Plan Rows": 2,"Plan Width": 108,"Actual Startup Time": 0.009,"Actual Total Time": 0.014,"Actual Rows": 2,"Actual Loops": 3,"Filter": "((n_name = 'PERU'::bpchar) OR (n_name = 'UNITED KINGDOM'::bpchar))","Rows Removed by Filter": 23,"Workers": []}]}]}]}]}]}]}]}]},"Planning Time": 9.149,"Triggers": [],"Execution Time": 951.290}]
[{"Plan": {"Node Type": "Aggregate","Strategy": "Sorted","Partial Mode": "Finalize","Parallel Aware": false,"Async Capable": false,"Startup Cost": 72556.41,"Total Cost": 73352.71,"Plan Rows": 5893,"Plan Width": 272,"Actual Startup Time": 929.838,"Actual Total Time": 980.237,"Actual Rows": 4,"Actual Loops": 1,"Group Key": ["n1.n_name", "n2.n_name", "(EXTRACT(year FROM lineitem.l_shipdate))"],"Plans": [{"Node Type": "Gather Merge","Parent Relationship": "Outer","Parallel Aware": false,"Async Capable": false,"Startup Cost": 72556.41,"Total Cost": 73202.94,"Plan Rows": 4910,"Plan Width": 272,"Actual Startup Time": 929.353,"Actual Total Time": 980.170,"Actual Rows": 12,"Actual Loops": 1,"Workers Planned": 2,"Workers Launched": 2,"Plans": [{"Node Type": "Aggregate","Strategy": "Sorted","Partial Mode": "Partial","Parent Relationship": "Outer","Parallel Aware": false,"Async Capable": false,"Startup Cost": 71556.39,"Total Cost": 71636.18,"Plan Rows": 2455,"Plan Width": 272,"Actual Startup Time": 920.722,"Actual Total Time": 921.487,"Actual Rows": 4,"Actual Loops": 3,"Group Key": ["n1.n_name", "n2.n_name", "(EXTRACT(year FROM lineitem.l_shipdate))"],"Workers": [],"Plans": [{"Node Type": "Sort","Parent Relationship": "Outer","Parallel Aware": false,"Async Capable": false,"Startup Cost": 71556.39,"Total Cost": 71562.53,"Plan Rows": 2455,"Plan Width": 252,"Actual Startup Time": 920.458,"Actual Total Time": 920.582,"Actual Rows": 1990,"Actual Loops": 3,"Sort Key": ["n1.n_name", "n2.n_name", "(EXTRACT(year FROM lineitem.l_shipdate))"],"Sort Method": "quicksort","Sort Space Used": 322,"Sort Space Type": "Memory","Workers": [{"Worker Number": 0,"Sort Method": "quicksort","Sort Space Used": 264,"Sort Space Type": "Memory"},{"Worker Number": 1,"Sort Method": "quicksort","Sort Space Used": 260,"Sort Space Type": "Memory"}],"Plans": [{"Node Type": "Hash Join","Parent Relationship": "Outer","Parallel Aware": false,"Async Capable": false,"Join Type": "Inner","Startup Cost": 366.16,"Total Cost": 71418.15,"Plan Rows": 2455,"Plan Width": 252,"Actual Startup Time": 9.647,"Actual Total Time": 918.615,"Actual Rows": 1990,"Actual Loops": 3,"Inner Unique": false,"Hash Cond": "(lineitem.l_suppkey = supplier.s_suppkey)","Join Filter": "(((n1.n_name = 'EGYPT'::bpchar) AND (n2.n_name = 'UNITED STATES'::bpchar)) OR ((n1.n_name = 'UNITED STATES'::bpchar) AND (n2.n_name = 'EGYPT'::bpchar)))","Rows Removed by Join Filter": 1975,"Workers": [],"Plans": [{"Node Type": "Nested Loop","Parent Relationship": "Outer","Parallel Aware": false,"Async Capable": false,"Join Type": "Inner","Startup Cost": 2.26,"Total Cost": 70727.78,"Plan Rows": 60250,"Plan Width": 124,"Actual Startup Time": 0.760,"Actual Total Time": 903.514,"Actual Rows": 48457,"Actual Loops": 3,"Inner Unique": false,"Workers": [],"Plans": [{"Node Type": "Nested Loop","Parent Relationship": "Outer","Parallel Aware": false,"Async Capable": false,"Join Type": "Inner","Startup Cost": 1.83,"Total Cost": 12400.01,"Plan Rows": 49000,"Plan Width": 108,"Actual Startup Time": 0.265,"Actual Total Time": 229.050,"Actual Rows": 39677,"Actual Loops": 3,"Inner Unique": false,"Workers": [],"Plans": [{"Node Type": "Hash Join","Parent Relationship": "Outer","Parallel Aware": false,"Async Capable": false,"Join Type": "Inner","Startup Cost": 1.40,"Total Cost": 4403.27,"Plan Rows": 4900,"Plan Width": 108,"Actual Startup Time": 0.159,"Actual Total Time": 49.360,"Actual Rows": 3993,"Actual Loops": 3,"Inner Unique": true,"Hash Cond": "(customer.c_nationkey = n2.n_nationkey)","Workers": [],"Plans": [{"Node Type": "Seq Scan","Parent Relationship": "Outer","Parallel Aware": true,"Async Capable": false,"Relation Name": "customer","Alias": "customer","Startup Cost": 0.00,"Total Cost": 4210.00,"Plan Rows": 62500,"Plan Width": 8,"Actual Startup Time": 0.009,"Actual Total Time": 9.747,"Actual Rows": 50000,"Actual Loops": 3,"Workers": []},{"Node Type": "Hash","Parent Relationship": "Inner","Parallel Aware": false,"Async Capable": false,"Startup Cost": 1.38,"Total Cost": 1.38,"Plan Rows": 2,"Plan Width": 108,"Actual Startup Time": 0.067,"Actual Total Time": 0.073,"Actual Rows": 2,"Actual Loops": 3,"Hash Buckets": 1024,"Original Hash Buckets": 1024,"Hash Batches": 1,"Original Hash Batches": 1,"Peak Memory Usage": 9,"Workers": [],"Plans": [{"Node Type": "Seq Scan","Parent Relationship": "Outer","Parallel Aware": false,"Async Capable": false,"Relation Name": "nation","Alias": "n2","Startup Cost": 0.00,"Total Cost": 1.38,"Plan Rows": 2,"Plan Width": 108,"Actual Startup Time": 0.048,"Actual Total Time": 0.054,"Actual Rows": 2,"Actual Loops": 3,"Filter": "((n_name = 'UNITED STATES'::bpchar) OR (n_name = 'EGYPT'::bpchar))","Rows Removed by Filter": 23,"Workers": []}]}]},{"Node Type": "Index Scan","Parent Relationship": "Inner","Parallel Aware": false,"Async Capable": false,"Scan Direction": "Forward","Index Name": "idx_orders_custkey","Relation Name": "orders","Alias": "orders","Startup Cost": 0.43,"Total Cost": 1.46,"Plan Rows": 17,"Plan Width": 8,"Actual Startup Time": 0.007,"Actual Total Time": 0.044,"Actual Rows": 10,"Actual Loops": 11978,"Index Cond": "(o_custkey = customer.c_custkey)","Rows Removed by Index Recheck": 0,"Workers": []}]},{"Node Type": "Index Scan","Parent Relationship": "Inner","Parallel Aware": false,"Async Capable": false,"Scan Direction": "Forward","Index Name": "idx_lineitem_orderkey","Relation Name": "lineitem","Alias": "lineitem","Startup Cost": 0.43,"Total Cost": 1.14,"Plan Rows": 5,"Plan Width": 24,"Actual Startup Time": 0.016,"Actual Total Time": 0.017,"Actual Rows": 1,"Actual Loops": 119032,"Index Cond": "(l_orderkey = orders.o_orderkey)","Rows Removed by Index Recheck": 0,"Filter": "((l_shipdate >= '1995-01-01'::date) AND (l_shipdate <= '1996-12-31'::date))","Rows Removed by Filter": 3,"Workers": []}]},{"Node Type": "Hash","Parent Relationship": "Inner","Parallel Aware": false,"Async Capable": false,"Startup Cost": 354.10,"Total Cost": 354.10,"Plan Rows": 784,"Plan Width": 108,"Actual Startup Time": 8.135,"Actual Total Time": 8.152,"Actual Rows": 808,"Actual Loops": 3,"Hash Buckets": 1024,"Original Hash Buckets": 1024,"Hash Batches": 1,"Original Hash Batches": 1,"Peak Memory Usage": 57,"Workers": [],"Plans": [{"Node Type": "Hash Join","Parent Relationship": "Outer","Parallel Aware": false,"Async Capable": false,"Join Type": "Inner","Startup Cost": 1.40,"Total Cost": 354.10,"Plan Rows": 784,"Plan Width": 108,"Actual Startup Time": 0.082,"Actual Total Time": 7.948,"Actual Rows": 808,"Actual Loops": 3,"Inner Unique": true,"Hash Cond": "(supplier.s_nationkey = n1.n_nationkey)","Workers": [],"Plans": [{"Node Type": "Seq Scan","Parent Relationship": "Outer","Parallel Aware": false,"Async Capable": false,"Relation Name": "supplier","Alias": "supplier","Startup Cost": 0.00,"Total Cost": 322.00,"Plan Rows": 10000,"Plan Width": 8,"Actual Startup Time": 0.030,"Actual Total Time": 3.983,"Actual Rows": 10000,"Actual Loops": 3,"Workers": []},{"Node Type": "Hash","Parent Relationship": "Inner","Parallel Aware": false,"Async Capable": false,"Startup Cost": 1.38,"Total Cost": 1.38,"Plan Rows": 2,"Plan Width": 108,"Actual Startup Time": 0.013,"Actual Total Time": 0.018,"Actual Rows": 2,"Actual Loops": 3,"Hash Buckets": 1024,"Original Hash Buckets": 1024,"Hash Batches": 1,"Original Hash Batches": 1,"Peak Memory Usage": 9,"Workers": [],"Plans": [{"Node Type": "Seq Scan","Parent Relationship": "Outer","Parallel Aware": false,"Async Capable": false,"Relation Name": "nation","Alias": "n1","Startup Cost": 0.00,"Total Cost": 1.38,"Plan Rows": 2,"Plan Width": 108,"Actual Startup Time": 0.004,"Actual Total Time": 0.010,"Actual Rows": 2,"Actual Loops": 3,"Filter": "((n_name = 'EGYPT'::bpchar) OR (n_name = 'UNITED STATES'::bpchar))","Rows Removed by Filter": 23,"Workers": []}]}]}]}]}]}]}]}]},"Planning Time": 9.466,"Triggers": [],"Execution Time": 980.669}]
[{"Plan": {"Node Type": "Aggregate","Strategy": "Sorted","Partial Mode": "Finalize","Parallel Aware": false,"Async Capable": false,"Startup Cost": 72556.41,"Total Cost": 73352.71,"Plan Rows": 5893,"Plan Width": 272,"Actual Startup Time": 940.288,"Actual Total Time": 987.705,"Actual Rows": 4,"Actual Loops": 1,"Group Key": ["n1.n_name", "n2.n_name", "(EXTRACT(year FROM lineitem.l_shipdate))"],"Plans": [{"Node Type": "Gather Merge","Parent Relationship": "Outer","Parallel Aware": false,"Async Capable": false,"Startup Cost": 72556.41,"Total Cost": 73202.94,"Plan Rows": 4910,"Plan Width": 272,"Actual Startup Time": 939.945,"Actual Total Time": 987.622,"Actual Rows": 12,"Actual Loops": 1,"Workers Planned": 2,"Workers Launched": 2,"Plans": [{"Node Type": "Aggregate","Strategy": "Sorted","Partial Mode": "Partial","Parent Relationship": "Outer","Parallel Aware": false,"Async Capable": false,"Startup Cost": 71556.39,"Total Cost": 71636.18,"Plan Rows": 2455,"Plan Width": 272,"Actual Startup Time": 930.943,"Actual Total Time": 931.684,"Actual Rows": 4,"Actual Loops": 3,"Group Key": ["n1.n_name", "n2.n_name", "(EXTRACT(year FROM lineitem.l_shipdate))"],"Workers": [],"Plans": [{"Node Type": "Sort","Parent Relationship": "Outer","Parallel Aware": false,"Async Capable": false,"Startup Cost": 71556.39,"Total Cost": 71562.53,"Plan Rows": 2455,"Plan Width": 252,"Actual Startup Time": 930.676,"Actual Total Time": 930.790,"Actual Rows": 1991,"Actual Loops": 3,"Sort Key": ["n1.n_name", "n2.n_name", "(EXTRACT(year FROM lineitem.l_shipdate))"],"Sort Method": "quicksort","Sort Space Used": 261,"Sort Space Type": "Memory","Workers": [{"Worker Number": 0,"Sort Method": "quicksort","Sort Space Used": 267,"Sort Space Type": "Memory"},{"Worker Number": 1,"Sort Method": "quicksort","Sort Space Used": 271,"Sort Space Type": "Memory"}],"Plans": [{"Node Type": "Hash Join","Parent Relationship": "Outer","Parallel Aware": false,"Async Capable": false,"Join Type": "Inner","Startup Cost": 366.16,"Total Cost": 71418.15,"Plan Rows": 2455,"Plan Width": 252,"Actual Startup Time": 10.531,"Actual Total Time": 928.847,"Actual Rows": 1991,"Actual Loops": 3,"Inner Unique": false,"Hash Cond": "(lineitem.l_suppkey = supplier.s_suppkey)","Join Filter": "(((n1.n_name = 'FRANCE'::bpchar) AND (n2.n_name = 'VIETNAM'::bpchar)) OR ((n1.n_name = 'VIETNAM'::bpchar) AND (n2.n_name = 'FRANCE'::bpchar)))","Rows Removed by Join Filter": 1971,"Workers": [],"Plans": [{"Node Type": "Nested Loop","Parent Relationship": "Outer","Parallel Aware": false,"Async Capable": false,"Join Type": "Inner","Startup Cost": 2.26,"Total Cost": 70727.78,"Plan Rows": 60250,"Plan Width": 124,"Actual Startup Time": 0.498,"Actual Total Time": 912.151,"Actual Rows": 49755,"Actual Loops": 3,"Inner Unique": false,"Workers": [],"Plans": [{"Node Type": "Nested Loop","Parent Relationship": "Outer","Parallel Aware": false,"Async Capable": false,"Join Type": "Inner","Startup Cost": 1.83,"Total Cost": 12400.01,"Plan Rows": 49000,"Plan Width": 108,"Actual Startup Time": 0.330,"Actual Total Time": 229.949,"Actual Rows": 40649,"Actual Loops": 3,"Inner Unique": false,"Workers": [],"Plans": [{"Node Type": "Hash Join","Parent Relationship": "Outer","Parallel Aware": false,"Async Capable": false,"Join Type": "Inner","Startup Cost": 1.40,"Total Cost": 4403.27,"Plan Rows": 4900,"Plan Width": 108,"Actual Startup Time": 0.195,"Actual Total Time": 47.770,"Actual Rows": 4036,"Actual Loops": 3,"Inner Unique": true,"Hash Cond": "(customer.c_nationkey = n2.n_nationkey)","Workers": [],"Plans": [{"Node Type": "Seq Scan","Parent Relationship": "Outer","Parallel Aware": true,"Async Capable": false,"Relation Name": "customer","Alias": "customer","Startup Cost": 0.00,"Total Cost": 4210.00,"Plan Rows": 62500,"Plan Width": 8,"Actual Startup Time": 0.015,"Actual Total Time": 9.718,"Actual Rows": 50000,"Actual Loops": 3,"Workers": []},{"Node Type": "Hash","Parent Relationship": "Inner","Parallel Aware": false,"Async Capable": false,"Startup Cost": 1.38,"Total Cost": 1.38,"Plan Rows": 2,"Plan Width": 108,"Actual Startup Time": 0.076,"Actual Total Time": 0.081,"Actual Rows": 2,"Actual Loops": 3,"Hash Buckets": 1024,"Original Hash Buckets": 1024,"Hash Batches": 1,"Original Hash Batches": 1,"Peak Memory Usage": 9,"Workers": [],"Plans": [{"Node Type": "Seq Scan","Parent Relationship": "Outer","Parallel Aware": false,"Async Capable": false,"Relation Name": "nation","Alias": "n2","Startup Cost": 0.00,"Total Cost": 1.38,"Plan Rows": 2,"Plan Width": 108,"Actual Startup Time": 0.054,"Actual Total Time": 0.062,"Actual Rows": 2,"Actual Loops": 3,"Filter": "((n_name = 'VIETNAM'::bpchar) OR (n_name = 'FRANCE'::bpchar))","Rows Removed by Filter": 23,"Workers": []}]}]},{"Node Type": "Index Scan","Parent Relationship": "Inner","Parallel Aware": false,"Async Capable": false,"Scan Direction": "Forward","Index Name": "idx_orders_custkey","Relation Name": "orders","Alias": "orders","Startup Cost": 0.43,"Total Cost": 1.46,"Plan Rows": 17,"Plan Width": 8,"Actual Startup Time": 0.007,"Actual Total Time": 0.044,"Actual Rows": 10,"Actual Loops": 12108,"Index Cond": "(o_custkey = customer.c_custkey)","Rows Removed by Index Recheck": 0,"Workers": []}]},{"Node Type": "Index Scan","Parent Relationship": "Inner","Parallel Aware": false,"Async Capable": false,"Scan Direction": "Forward","Index Name": "idx_lineitem_orderkey","Relation Name": "lineitem","Alias": "lineitem","Startup Cost": 0.43,"Total Cost": 1.14,"Plan Rows": 5,"Plan Width": 24,"Actual Startup Time": 0.016,"Actual Total Time": 0.017,"Actual Rows": 1,"Actual Loops": 121947,"Index Cond": "(l_orderkey = orders.o_orderkey)","Rows Removed by Index Recheck": 0,"Filter": "((l_shipdate >= '1995-01-01'::date) AND (l_shipdate <= '1996-12-31'::date))","Rows Removed by Filter": 3,"Workers": []}]},{"Node Type": "Hash","Parent Relationship": "Inner","Parallel Aware": false,"Async Capable": false,"Startup Cost": 354.10,"Total Cost": 354.10,"Plan Rows": 784,"Plan Width": 108,"Actual Startup Time": 9.170,"Actual Total Time": 9.184,"Actual Rows": 801,"Actual Loops": 3,"Hash Buckets": 1024,"Original Hash Buckets": 1024,"Hash Batches": 1,"Original Hash Batches": 1,"Peak Memory Usage": 57,"Workers": [],"Plans": [{"Node Type": "Hash Join","Parent Relationship": "Outer","Parallel Aware": false,"Async Capable": false,"Join Type": "Inner","Startup Cost": 1.40,"Total Cost": 354.10,"Plan Rows": 784,"Plan Width": 108,"Actual Startup Time": 0.096,"Actual Total Time": 8.966,"Actual Rows": 801,"Actual Loops": 3,"Inner Unique": true,"Hash Cond": "(supplier.s_nationkey = n1.n_nationkey)","Workers": [],"Plans": [{"Node Type": "Seq Scan","Parent Relationship": "Outer","Parallel Aware": false,"Async Capable": false,"Relation Name": "supplier","Alias": "supplier","Startup Cost": 0.00,"Total Cost": 322.00,"Plan Rows": 10000,"Plan Width": 8,"Actual Startup Time": 0.033,"Actual Total Time": 4.716,"Actual Rows": 10000,"Actual Loops": 3,"Workers": []},{"Node Type": "Hash","Parent Relationship": "Inner","Parallel Aware": false,"Async Capable": false,"Startup Cost": 1.38,"Total Cost": 1.38,"Plan Rows": 2,"Plan Width": 108,"Actual Startup Time": 0.018,"Actual Total Time": 0.025,"Actual Rows": 2,"Actual Loops": 3,"Hash Buckets": 1024,"Original Hash Buckets": 1024,"Hash Batches": 1,"Original Hash Batches": 1,"Peak Memory Usage": 9,"Workers": [],"Plans": [{"Node Type": "Seq Scan","Parent Relationship": "Outer","Parallel Aware": false,"Async Capable": false,"Relation Name": "nation","Alias": "n1","Startup Cost": 0.00,"Total Cost": 1.38,"Plan Rows": 2,"Plan Width": 108,"Actual Startup Time": 0.007,"Actual Total Time": 0.013,"Actual Rows": 2,"Actual Loops": 3,"Filter": "((n_name = 'FRANCE'::bpchar) OR (n_name = 'VIETNAM'::bpchar))","Rows Removed by Filter": 23,"Workers": []}]}]}]}]}]}]}]}]},"Planning Time": 8.824,"Triggers": [],"Execution Time": 988.174}]
[{"Plan": {"Node Type": "Aggregate","Strategy": "Sorted","Partial Mode": "Finalize","Parallel Aware": false,"Async Capable": false,"Startup Cost": 72556.41,"Total Cost": 73352.71,"Plan Rows": 5893,"Plan Width": 272,"Actual Startup Time": 904.670,"Actual Total Time": 948.757,"Actual Rows": 4,"Actual Loops": 1,"Group Key": ["n1.n_name", "n2.n_name", "(EXTRACT(year FROM lineitem.l_shipdate))"],"Plans": [{"Node Type": "Gather Merge","Parent Relationship": "Outer","Parallel Aware": false,"Async Capable": false,"Startup Cost": 72556.41,"Total Cost": 73202.94,"Plan Rows": 4910,"Plan Width": 272,"Actual Startup Time": 904.332,"Actual Total Time": 948.696,"Actual Rows": 12,"Actual Loops": 1,"Workers Planned": 2,"Workers Launched": 2,"Plans": [{"Node Type": "Aggregate","Strategy": "Sorted","Partial Mode": "Partial","Parent Relationship": "Outer","Parallel Aware": false,"Async Capable": false,"Startup Cost": 71556.39,"Total Cost": 71636.18,"Plan Rows": 2455,"Plan Width": 272,"Actual Startup Time": 896.220,"Actual Total Time": 896.896,"Actual Rows": 4,"Actual Loops": 3,"Group Key": ["n1.n_name", "n2.n_name", "(EXTRACT(year FROM lineitem.l_shipdate))"],"Workers": [],"Plans": [{"Node Type": "Sort","Parent Relationship": "Outer","Parallel Aware": false,"Async Capable": false,"Startup Cost": 71556.39,"Total Cost": 71562.53,"Plan Rows": 2455,"Plan Width": 252,"Actual Startup Time": 895.961,"Actual Total Time": 896.070,"Actual Rows": 1820,"Actual Loops": 3,"Sort Key": ["n1.n_name", "n2.n_name", "(EXTRACT(year FROM lineitem.l_shipdate))"],"Sort Method": "quicksort","Sort Space Used": 248,"Sort Space Type": "Memory","Workers": [{"Worker Number": 0,"Sort Method": "quicksort","Sort Space Used": 239,"Sort Space Type": "Memory"},{"Worker Number": 1,"Sort Method": "quicksort","Sort Space Used": 256,"Sort Space Type": "Memory"}],"Plans": [{"Node Type": "Hash Join","Parent Relationship": "Outer","Parallel Aware": false,"Async Capable": false,"Join Type": "Inner","Startup Cost": 366.16,"Total Cost": 71418.15,"Plan Rows": 2455,"Plan Width": 252,"Actual Startup Time": 13.208,"Actual Total Time": 894.226,"Actual Rows": 1820,"Actual Loops": 3,"Inner Unique": false,"Hash Cond": "(lineitem.l_suppkey = supplier.s_suppkey)","Join Filter": "(((n1.n_name = 'IRAN'::bpchar) AND (n2.n_name = 'KENYA'::bpchar)) OR ((n1.n_name = 'KENYA'::bpchar) AND (n2.n_name = 'IRAN'::bpchar)))","Rows Removed by Join Filter": 1791,"Workers": [],"Plans": [{"Node Type": "Nested Loop","Parent Relationship": "Outer","Parallel Aware": false,"Async Capable": false,"Join Type": "Inner","Startup Cost": 2.26,"Total Cost": 70727.78,"Plan Rows": 60250,"Plan Width": 124,"Actual Startup Time": 0.519,"Actual Total Time": 876.258,"Actual Rows": 47789,"Actual Loops": 3,"Inner Unique": false,"Workers": [],"Plans": [{"Node Type": "Nested Loop","Parent Relationship": "Outer","Parallel Aware": false,"Async Capable": false,"Join Type": "Inner","Startup Cost": 1.83,"Total Cost": 12400.01,"Plan Rows": 49000,"Plan Width": 108,"Actual Startup Time": 0.264,"Actual Total Time": 217.883,"Actual Rows": 39538,"Actual Loops": 3,"Inner Unique": false,"Workers": [],"Plans": [{"Node Type": "Hash Join","Parent Relationship": "Outer","Parallel Aware": false,"Async Capable": false,"Join Type": "Inner","Startup Cost": 1.40,"Total Cost": 4403.27,"Plan Rows": 4900,"Plan Width": 108,"Actual Startup Time": 0.166,"Actual Total Time": 42.464,"Actual Rows": 4000,"Actual Loops": 3,"Inner Unique": true,"Hash Cond": "(customer.c_nationkey = n2.n_nationkey)","Workers": [],"Plans": [{"Node Type": "Seq Scan","Parent Relationship": "Outer","Parallel Aware": true,"Async Capable": false,"Relation Name": "customer","Alias": "customer","Startup Cost": 0.00,"Total Cost": 4210.00,"Plan Rows": 62500,"Plan Width": 8,"Actual Startup Time": 0.009,"Actual Total Time": 8.964,"Actual Rows": 50000,"Actual Loops": 3,"Workers": []},{"Node Type": "Hash","Parent Relationship": "Inner","Parallel Aware": false,"Async Capable": false,"Startup Cost": 1.38,"Total Cost": 1.38,"Plan Rows": 2,"Plan Width": 108,"Actual Startup Time": 0.079,"Actual Total Time": 0.087,"Actual Rows": 2,"Actual Loops": 3,"Hash Buckets": 1024,"Original Hash Buckets": 1024,"Hash Batches": 1,"Original Hash Batches": 1,"Peak Memory Usage": 9,"Workers": [],"Plans": [{"Node Type": "Seq Scan","Parent Relationship": "Outer","Parallel Aware": false,"Async Capable": false,"Relation Name": "nation","Alias": "n2","Startup Cost": 0.00,"Total Cost": 1.38,"Plan Rows": 2,"Plan Width": 108,"Actual Startup Time": 0.064,"Actual Total Time": 0.070,"Actual Rows": 2,"Actual Loops": 3,"Filter": "((n_name = 'KENYA'::bpchar) OR (n_name = 'IRAN'::bpchar))","Rows Removed by Filter": 23,"Workers": []}]}]},{"Node Type": "Index Scan","Parent Relationship": "Inner","Parallel Aware": false,"Async Capable": false,"Scan Direction": "Forward","Index Name": "idx_orders_custkey","Relation Name": "orders","Alias": "orders","Startup Cost": 0.43,"Total Cost": 1.46,"Plan Rows": 17,"Plan Width": 8,"Actual Startup Time": 0.007,"Actual Total Time": 0.043,"Actual Rows": 10,"Actual Loops": 12001,"Index Cond": "(o_custkey = customer.c_custkey)","Rows Removed by Index Recheck": 0,"Workers": []}]},{"Node Type": "Index Scan","Parent Relationship": "Inner","Parallel Aware": false,"Async Capable": false,"Scan Direction": "Forward","Index Name": "idx_lineitem_orderkey","Relation Name": "lineitem","Alias": "lineitem","Startup Cost": 0.43,"Total Cost": 1.14,"Plan Rows": 5,"Plan Width": 24,"Actual Startup Time": 0.016,"Actual Total Time": 0.016,"Actual Rows": 1,"Actual Loops": 118615,"Index Cond": "(l_orderkey = orders.o_orderkey)","Rows Removed by Index Recheck": 0,"Filter": "((l_shipdate >= '1995-01-01'::date) AND (l_shipdate <= '1996-12-31'::date))","Rows Removed by Filter": 3,"Workers": []}]},{"Node Type": "Hash","Parent Relationship": "Inner","Parallel Aware": false,"Async Capable": false,"Startup Cost": 354.10,"Total Cost": 354.10,"Plan Rows": 784,"Plan Width": 108,"Actual Startup Time": 10.973,"Actual Total Time": 10.987,"Actual Rows": 769,"Actual Loops": 3,"Hash Buckets": 1024,"Original Hash Buckets": 1024,"Hash Batches": 1,"Original Hash Batches": 1,"Peak Memory Usage": 55,"Workers": [],"Plans": [{"Node Type": "Hash Join","Parent Relationship": "Outer","Parallel Aware": false,"Async Capable": false,"Join Type": "Inner","Startup Cost": 1.40,"Total Cost": 354.10,"Plan Rows": 784,"Plan Width": 108,"Actual Startup Time": 0.062,"Actual Total Time": 10.796,"Actual Rows": 769,"Actual Loops": 3,"Inner Unique": true,"Hash Cond": "(supplier.s_nationkey = n1.n_nationkey)","Workers": [],"Plans": [{"Node Type": "Seq Scan","Parent Relationship": "Outer","Parallel Aware": false,"Async Capable": false,"Relation Name": "supplier","Alias": "supplier","Startup Cost": 0.00,"Total Cost": 322.00,"Plan Rows": 10000,"Plan Width": 8,"Actual Startup Time": 0.022,"Actual Total Time": 4.287,"Actual Rows": 10000,"Actual Loops": 3,"Workers": []},{"Node Type": "Hash","Parent Relationship": "Inner","Parallel Aware": false,"Async Capable": false,"Startup Cost": 1.38,"Total Cost": 1.38,"Plan Rows": 2,"Plan Width": 108,"Actual Startup Time": 0.012,"Actual Total Time": 0.017,"Actual Rows": 2,"Actual Loops": 3,"Hash Buckets": 1024,"Original Hash Buckets": 1024,"Hash Batches": 1,"Original Hash Batches": 1,"Peak Memory Usage": 9,"Workers": [],"Plans": [{"Node Type": "Seq Scan","Parent Relationship": "Outer","Parallel Aware": false,"Async Capable": false,"Relation Name": "nation","Alias": "n1","Startup Cost": 0.00,"Total Cost": 1.38,"Plan Rows": 2,"Plan Width": 108,"Actual Startup Time": 0.005,"Actual Total Time": 0.010,"Actual Rows": 2,"Actual Loops": 3,"Filter": "((n_name = 'IRAN'::bpchar) OR (n_name = 'KENYA'::bpchar))","Rows Removed by Filter": 23,"Workers": []}]}]}]}]}]}]}]}]},"Planning Time": 9.484,"Triggers": [],"Execution Time": 949.159}]
[{"Plan": {"Node Type": "Aggregate","Strategy": "Sorted","Partial Mode": "Finalize","Parallel Aware": false,"Async Capable": false,"Startup Cost": 72556.41,"Total Cost": 73352.71,"Plan Rows": 5893,"Plan Width": 272,"Actual Startup Time": 954.698,"Actual Total Time": 1010.125,"Actual Rows": 4,"Actual Loops": 1,"Group Key": ["n1.n_name", "n2.n_name", "(EXTRACT(year FROM lineitem.l_shipdate))"],"Plans": [{"Node Type": "Gather Merge","Parent Relationship": "Outer","Parallel Aware": false,"Async Capable": false,"Startup Cost": 72556.41,"Total Cost": 73202.94,"Plan Rows": 4910,"Plan Width": 272,"Actual Startup Time": 954.435,"Actual Total Time": 1010.063,"Actual Rows": 12,"Actual Loops": 1,"Workers Planned": 2,"Workers Launched": 2,"Plans": [{"Node Type": "Aggregate","Strategy": "Sorted","Partial Mode": "Partial","Parent Relationship": "Outer","Parallel Aware": false,"Async Capable": false,"Startup Cost": 71556.39,"Total Cost": 71636.18,"Plan Rows": 2455,"Plan Width": 272,"Actual Startup Time": 945.748,"Actual Total Time": 946.404,"Actual Rows": 4,"Actual Loops": 3,"Group Key": ["n1.n_name", "n2.n_name", "(EXTRACT(year FROM lineitem.l_shipdate))"],"Workers": [],"Plans": [{"Node Type": "Sort","Parent Relationship": "Outer","Parallel Aware": false,"Async Capable": false,"Startup Cost": 71556.39,"Total Cost": 71562.53,"Plan Rows": 2455,"Plan Width": 252,"Actual Startup Time": 945.463,"Actual Total Time": 945.569,"Actual Rows": 1941,"Actual Loops": 3,"Sort Key": ["n1.n_name", "n2.n_name", "(EXTRACT(year FROM lineitem.l_shipdate))"],"Sort Method": "quicksort","Sort Space Used": 257,"Sort Space Type": "Memory","Workers": [{"Worker Number": 0,"Sort Method": "quicksort","Sort Space Used": 261,"Sort Space Type": "Memory"},{"Worker Number": 1,"Sort Method": "quicksort","Sort Space Used": 264,"Sort Space Type": "Memory"}],"Plans": [{"Node Type": "Hash Join","Parent Relationship": "Outer","Parallel Aware": false,"Async Capable": false,"Join Type": "Inner","Startup Cost": 366.16,"Total Cost": 71418.15,"Plan Rows": 2455,"Plan Width": 252,"Actual Startup Time": 8.751,"Actual Total Time": 943.574,"Actual Rows": 1941,"Actual Loops": 3,"Inner Unique": false,"Hash Cond": "(lineitem.l_suppkey = supplier.s_suppkey)","Join Filter": "(((n1.n_name = 'JORDAN'::bpchar) AND (n2.n_name = 'INDONESIA'::bpchar)) OR ((n1.n_name = 'INDONESIA'::bpchar) AND (n2.n_name = 'JORDAN'::bpchar)))","Rows Removed by Join Filter": 1930,"Workers": [],"Plans": [{"Node Type": "Nested Loop","Parent Relationship": "Outer","Parallel Aware": false,"Async Capable": false,"Join Type": "Inner","Startup Cost": 2.26,"Total Cost": 70727.78,"Plan Rows": 60250,"Plan Width": 124,"Actual Startup Time": 0.624,"Actual Total Time": 928.681,"Actual Rows": 49872,"Actual Loops": 3,"Inner Unique": false,"Workers": [],"Plans": [{"Node Type": "Nested Loop","Parent Relationship": "Outer","Parallel Aware": false,"Async Capable": false,"Join Type": "Inner","Startup Cost": 1.83,"Total Cost": 12400.01,"Plan Rows": 49000,"Plan Width": 108,"Actual Startup Time": 0.354,"Actual Total Time": 239.090,"Actual Rows": 40704,"Actual Loops": 3,"Inner Unique": false,"Workers": [],"Plans": [{"Node Type": "Hash Join","Parent Relationship": "Outer","Parallel Aware": false,"Async Capable": false,"Join Type": "Inner","Startup Cost": 1.40,"Total Cost": 4403.27,"Plan Rows": 4900,"Plan Width": 108,"Actual Startup Time": 0.225,"Actual Total Time": 48.776,"Actual Rows": 4065,"Actual Loops": 3,"Inner Unique": true,"Hash Cond": "(customer.c_nationkey = n2.n_nationkey)","Workers": [],"Plans": [{"Node Type": "Seq Scan","Parent Relationship": "Outer","Parallel Aware": true,"Async Capable": false,"Relation Name": "customer","Alias": "customer","Startup Cost": 0.00,"Total Cost": 4210.00,"Plan Rows": 62500,"Plan Width": 8,"Actual Startup Time": 0.019,"Actual Total Time": 9.644,"Actual Rows": 50000,"Actual Loops": 3,"Workers": []},{"Node Type": "Hash","Parent Relationship": "Inner","Parallel Aware": false,"Async Capable": false,"Startup Cost": 1.38,"Total Cost": 1.38,"Plan Rows": 2,"Plan Width": 108,"Actual Startup Time": 0.094,"Actual Total Time": 0.101,"Actual Rows": 2,"Actual Loops": 3,"Hash Buckets": 1024,"Original Hash Buckets": 1024,"Hash Batches": 1,"Original Hash Batches": 1,"Peak Memory Usage": 9,"Workers": [],"Plans": [{"Node Type": "Seq Scan","Parent Relationship": "Outer","Parallel Aware": false,"Async Capable": false,"Relation Name": "nation","Alias": "n2","Startup Cost": 0.00,"Total Cost": 1.38,"Plan Rows": 2,"Plan Width": 108,"Actual Startup Time": 0.069,"Actual Total Time": 0.075,"Actual Rows": 2,"Actual Loops": 3,"Filter": "((n_name = 'INDONESIA'::bpchar) OR (n_name = 'JORDAN'::bpchar))","Rows Removed by Filter": 23,"Workers": []}]}]},{"Node Type": "Index Scan","Parent Relationship": "Inner","Parallel Aware": false,"Async Capable": false,"Scan Direction": "Forward","Index Name": "idx_orders_custkey","Relation Name": "orders","Alias": "orders","Startup Cost": 0.43,"Total Cost": 1.46,"Plan Rows": 17,"Plan Width": 8,"Actual Startup Time": 0.007,"Actual Total Time": 0.046,"Actual Rows": 10,"Actual Loops": 12194,"Index Cond": "(o_custkey = customer.c_custkey)","Rows Removed by Index Recheck": 0,"Workers": []}]},{"Node Type": "Index Scan","Parent Relationship": "Inner","Parallel Aware": false,"Async Capable": false,"Scan Direction": "Forward","Index Name": "idx_lineitem_orderkey","Relation Name": "lineitem","Alias": "lineitem","Startup Cost": 0.43,"Total Cost": 1.14,"Plan Rows": 5,"Plan Width": 24,"Actual Startup Time": 0.016,"Actual Total Time": 0.017,"Actual Rows": 1,"Actual Loops": 122113,"Index Cond": "(l_orderkey = orders.o_orderkey)","Rows Removed by Index Recheck": 0,"Filter": "((l_shipdate >= '1995-01-01'::date) AND (l_shipdate <= '1996-12-31'::date))","Rows Removed by Filter": 3,"Workers": []}]},{"Node Type": "Hash","Parent Relationship": "Inner","Parallel Aware": false,"Async Capable": false,"Startup Cost": 354.10,"Total Cost": 354.10,"Plan Rows": 784,"Plan Width": 108,"Actual Startup Time": 7.600,"Actual Total Time": 7.612,"Actual Rows": 767,"Actual Loops": 3,"Hash Buckets": 1024,"Original Hash Buckets": 1024,"Hash Batches": 1,"Original Hash Batches": 1,"Peak Memory Usage": 55,"Workers": [],"Plans": [{"Node Type": "Hash Join","Parent Relationship": "Outer","Parallel Aware": false,"Async Capable": false,"Join Type": "Inner","Startup Cost": 1.40,"Total Cost": 354.10,"Plan Rows": 784,"Plan Width": 108,"Actual Startup Time": 0.086,"Actual Total Time": 7.456,"Actual Rows": 767,"Actual Loops": 3,"Inner Unique": true,"Hash Cond": "(supplier.s_nationkey = n1.n_nationkey)","Workers": [],"Plans": [{"Node Type": "Seq Scan","Parent Relationship": "Outer","Parallel Aware": false,"Async Capable": false,"Relation Name": "supplier","Alias": "supplier","Startup Cost": 0.00,"Total Cost": 322.00,"Plan Rows": 10000,"Plan Width": 8,"Actual Startup Time": 0.043,"Actual Total Time": 3.621,"Actual Rows": 10000,"Actual Loops": 3,"Workers": []},{"Node Type": "Hash","Parent Relationship": "Inner","Parallel Aware": false,"Async Capable": false,"Startup Cost": 1.38,"Total Cost": 1.38,"Plan Rows": 2,"Plan Width": 108,"Actual Startup Time": 0.011,"Actual Total Time": 0.015,"Actual Rows": 2,"Actual Loops": 3,"Hash Buckets": 1024,"Original Hash Buckets": 1024,"Hash Batches": 1,"Original Hash Batches": 1,"Peak Memory Usage": 9,"Workers": [],"Plans": [{"Node Type": "Seq Scan","Parent Relationship": "Outer","Parallel Aware": false,"Async Capable": false,"Relation Name": "nation","Alias": "n1","Startup Cost": 0.00,"Total Cost": 1.38,"Plan Rows": 2,"Plan Width": 108,"Actual Startup Time": 0.004,"Actual Total Time": 0.008,"Actual Rows": 2,"Actual Loops": 3,"Filter": "((n_name = 'JORDAN'::bpchar) OR (n_name = 'INDONESIA'::bpchar))","Rows Removed by Filter": 23,"Workers": []}]}]}]}]}]}]}]}]},"Planning Time": 9.150,"Triggers": [],"Execution Time": 1010.528}]
[{"Plan": {"Node Type": "Aggregate","Strategy": "Sorted","Partial Mode": "Finalize","Parallel Aware": false,"Async Capable": false,"Startup Cost": 72556.41,"Total Cost": 73352.71,"Plan Rows": 5893,"Plan Width": 272,"Actual Startup Time": 915.504,"Actual Total Time": 958.959,"Actual Rows": 4,"Actual Loops": 1,"Group Key": ["n1.n_name", "n2.n_name", "(EXTRACT(year FROM lineitem.l_shipdate))"],"Plans": [{"Node Type": "Gather Merge","Parent Relationship": "Outer","Parallel Aware": false,"Async Capable": false,"Startup Cost": 72556.41,"Total Cost": 73202.94,"Plan Rows": 4910,"Plan Width": 272,"Actual Startup Time": 915.146,"Actual Total Time": 958.880,"Actual Rows": 12,"Actual Loops": 1,"Workers Planned": 2,"Workers Launched": 2,"Plans": [{"Node Type": "Aggregate","Strategy": "Sorted","Partial Mode": "Partial","Parent Relationship": "Outer","Parallel Aware": false,"Async Capable": false,"Startup Cost": 71556.39,"Total Cost": 71636.18,"Plan Rows": 2455,"Plan Width": 272,"Actual Startup Time": 907.486,"Actual Total Time": 908.213,"Actual Rows": 4,"Actual Loops": 3,"Group Key": ["n1.n_name", "n2.n_name", "(EXTRACT(year FROM lineitem.l_shipdate))"],"Workers": [],"Plans": [{"Node Type": "Sort","Parent Relationship": "Outer","Parallel Aware": false,"Async Capable": false,"Startup Cost": 71556.39,"Total Cost": 71562.53,"Plan Rows": 2455,"Plan Width": 252,"Actual Startup Time": 907.214,"Actual Total Time": 907.322,"Actual Rows": 2001,"Actual Loops": 3,"Sort Key": ["n1.n_name", "n2.n_name", "(EXTRACT(year FROM lineitem.l_shipdate))"],"Sort Method": "quicksort","Sort Space Used": 268,"Sort Space Type": "Memory","Workers": [{"Worker Number": 0,"Sort Method": "quicksort","Sort Space Used": 261,"Sort Space Type": "Memory"},{"Worker Number": 1,"Sort Method": "quicksort","Sort Space Used": 321,"Sort Space Type": "Memory"}],"Plans": [{"Node Type": "Hash Join","Parent Relationship": "Outer","Parallel Aware": false,"Async Capable": false,"Join Type": "Inner","Startup Cost": 366.16,"Total Cost": 71418.15,"Plan Rows": 2455,"Plan Width": 252,"Actual Startup Time": 9.787,"Actual Total Time": 905.382,"Actual Rows": 2001,"Actual Loops": 3,"Inner Unique": false,"Hash Cond": "(lineitem.l_suppkey = supplier.s_suppkey)","Join Filter": "(((n1.n_name = 'VIETNAM'::bpchar) AND (n2.n_name = 'INDIA'::bpchar)) OR ((n1.n_name = 'INDIA'::bpchar) AND (n2.n_name = 'VIETNAM'::bpchar)))","Rows Removed by Join Filter": 1987,"Workers": [],"Plans": [{"Node Type": "Nested Loop","Parent Relationship": "Outer","Parallel Aware": false,"Async Capable": false,"Join Type": "Inner","Startup Cost": 2.26,"Total Cost": 70727.78,"Plan Rows": 60250,"Plan Width": 124,"Actual Startup Time": 0.546,"Actual Total Time": 890.320,"Actual Rows": 48769,"Actual Loops": 3,"Inner Unique": false,"Workers": [],"Plans": [{"Node Type": "Nested Loop","Parent Relationship": "Outer","Parallel Aware": false,"Async Capable": false,"Join Type": "Inner","Startup Cost": 1.83,"Total Cost": 12400.01,"Plan Rows": 49000,"Plan Width": 108,"Actual Startup Time": 0.292,"Actual Total Time": 220.476,"Actual Rows": 40058,"Actual Loops": 3,"Inner Unique": false,"Workers": [],"Plans": [{"Node Type": "Hash Join","Parent Relationship": "Outer","Parallel Aware": false,"Async Capable": false,"Join Type": "Inner","Startup Cost": 1.40,"Total Cost": 4403.27,"Plan Rows": 4900,"Plan Width": 108,"Actual Startup Time": 0.159,"Actual Total Time": 43.204,"Actual Rows": 4017,"Actual Loops": 3,"Inner Unique": true,"Hash Cond": "(customer.c_nationkey = n2.n_nationkey)","Workers": [],"Plans": [{"Node Type": "Seq Scan","Parent Relationship": "Outer","Parallel Aware": true,"Async Capable": false,"Relation Name": "customer","Alias": "customer","Startup Cost": 0.00,"Total Cost": 4210.00,"Plan Rows": 62500,"Plan Width": 8,"Actual Startup Time": 0.014,"Actual Total Time": 8.979,"Actual Rows": 50000,"Actual Loops": 3,"Workers": []},{"Node Type": "Hash","Parent Relationship": "Inner","Parallel Aware": false,"Async Capable": false,"Startup Cost": 1.38,"Total Cost": 1.38,"Plan Rows": 2,"Plan Width": 108,"Actual Startup Time": 0.060,"Actual Total Time": 0.064,"Actual Rows": 2,"Actual Loops": 3,"Hash Buckets": 1024,"Original Hash Buckets": 1024,"Hash Batches": 1,"Original Hash Batches": 1,"Peak Memory Usage": 9,"Workers": [],"Plans": [{"Node Type": "Seq Scan","Parent Relationship": "Outer","Parallel Aware": false,"Async Capable": false,"Relation Name": "nation","Alias": "n2","Startup Cost": 0.00,"Total Cost": 1.38,"Plan Rows": 2,"Plan Width": 108,"Actual Startup Time": 0.041,"Actual Total Time": 0.047,"Actual Rows": 2,"Actual Loops": 3,"Filter": "((n_name = 'INDIA'::bpchar) OR (n_name = 'VIETNAM'::bpchar))","Rows Removed by Filter": 23,"Workers": []}]}]},{"Node Type": "Index Scan","Parent Relationship": "Inner","Parallel Aware": false,"Async Capable": false,"Scan Direction": "Forward","Index Name": "idx_orders_custkey","Relation Name": "orders","Alias": "orders","Startup Cost": 0.43,"Total Cost": 1.46,"Plan Rows": 17,"Plan Width": 8,"Actual Startup Time": 0.007,"Actual Total Time": 0.043,"Actual Rows": 10,"Actual Loops": 12050,"Index Cond": "(o_custkey = customer.c_custkey)","Rows Removed by Index Recheck": 0,"Workers": []}]},{"Node Type": "Index Scan","Parent Relationship": "Inner","Parallel Aware": false,"Async Capable": false,"Scan Direction": "Forward","Index Name": "idx_lineitem_orderkey","Relation Name": "lineitem","Alias": "lineitem","Startup Cost": 0.43,"Total Cost": 1.14,"Plan Rows": 5,"Plan Width": 24,"Actual Startup Time": 0.016,"Actual Total Time": 0.016,"Actual Rows": 1,"Actual Loops": 120174,"Index Cond": "(l_orderkey = orders.o_orderkey)","Rows Removed by Index Recheck": 0,"Filter": "((l_shipdate >= '1995-01-01'::date) AND (l_shipdate <= '1996-12-31'::date))","Rows Removed by Filter": 3,"Workers": []}]},{"Node Type": "Hash","Parent Relationship": "Inner","Parallel Aware": false,"Async Capable": false,"Startup Cost": 354.10,"Total Cost": 354.10,"Plan Rows": 784,"Plan Width": 108,"Actual Startup Time": 7.889,"Actual Total Time": 7.904,"Actual Rows": 814,"Actual Loops": 3,"Hash Buckets": 1024,"Original Hash Buckets": 1024,"Hash Batches": 1,"Original Hash Batches": 1,"Peak Memory Usage": 58,"Workers": [],"Plans": [{"Node Type": "Hash Join","Parent Relationship": "Outer","Parallel Aware": false,"Async Capable": false,"Join Type": "Inner","Startup Cost": 1.40,"Total Cost": 354.10,"Plan Rows": 784,"Plan Width": 108,"Actual Startup Time": 0.089,"Actual Total Time": 7.667,"Actual Rows": 814,"Actual Loops": 3,"Inner Unique": true,"Hash Cond": "(supplier.s_nationkey = n1.n_nationkey)","Workers": [],"Plans": [{"Node Type": "Seq Scan","Parent Relationship": "Outer","Parallel Aware": false,"Async Capable": false,"Relation Name": "supplier","Alias": "supplier","Startup Cost": 0.00,"Total Cost": 322.00,"Plan Rows": 10000,"Plan Width": 8,"Actual Startup Time": 0.032,"Actual Total Time": 3.949,"Actual Rows": 10000,"Actual Loops": 3,"Workers": []},{"Node Type": "Hash","Parent Relationship": "Inner","Parallel Aware": false,"Async Capable": false,"Startup Cost": 1.38,"Total Cost": 1.38,"Plan Rows": 2,"Plan Width": 108,"Actual Startup Time": 0.017,"Actual Total Time": 0.022,"Actual Rows": 2,"Actual Loops": 3,"Hash Buckets": 1024,"Original Hash Buckets": 1024,"Hash Batches": 1,"Original Hash Batches": 1,"Peak Memory Usage": 9,"Workers": [],"Plans": [{"Node Type": "Seq Scan","Parent Relationship": "Outer","Parallel Aware": false,"Async Capable": false,"Relation Name": "nation","Alias": "n1","Startup Cost": 0.00,"Total Cost": 1.38,"Plan Rows": 2,"Plan Width": 108,"Actual Startup Time": 0.006,"Actual Total Time": 0.011,"Actual Rows": 2,"Actual Loops": 3,"Filter": "((n_name = 'VIETNAM'::bpchar) OR (n_name = 'INDIA'::bpchar))","Rows Removed by Filter": 23,"Workers": []}]}]}]}]}]}]}]}]},"Planning Time": 9.416,"Triggers": [],"Execution Time": 959.526}]
[{"Plan": {"Node Type": "Aggregate","Strategy": "Sorted","Partial Mode": "Finalize","Parallel Aware": false,"Async Capable": false,"Startup Cost": 72556.41,"Total Cost": 73352.71,"Plan Rows": 5893,"Plan Width": 272,"Actual Startup Time": 930.814,"Actual Total Time": 982.972,"Actual Rows": 4,"Actual Loops": 1,"Group Key": ["n1.n_name", "n2.n_name", "(EXTRACT(year FROM lineitem.l_shipdate))"],"Plans": [{"Node Type": "Gather Merge","Parent Relationship": "Outer","Parallel Aware": false,"Async Capable": false,"Startup Cost": 72556.41,"Total Cost": 73202.94,"Plan Rows": 4910,"Plan Width": 272,"Actual Startup Time": 930.264,"Actual Total Time": 982.824,"Actual Rows": 12,"Actual Loops": 1,"Workers Planned": 2,"Workers Launched": 2,"Plans": [{"Node Type": "Aggregate","Strategy": "Sorted","Partial Mode": "Partial","Parent Relationship": "Outer","Parallel Aware": false,"Async Capable": false,"Startup Cost": 71556.39,"Total Cost": 71636.18,"Plan Rows": 2455,"Plan Width": 272,"Actual Startup Time": 921.933,"Actual Total Time": 922.694,"Actual Rows": 4,"Actual Loops": 3,"Group Key": ["n1.n_name", "n2.n_name", "(EXTRACT(year FROM lineitem.l_shipdate))"],"Workers": [],"Plans": [{"Node Type": "Sort","Parent Relationship": "Outer","Parallel Aware": false,"Async Capable": false,"Startup Cost": 71556.39,"Total Cost": 71562.53,"Plan Rows": 2455,"Plan Width": 252,"Actual Startup Time": 921.657,"Actual Total Time": 921.769,"Actual Rows": 1944,"Actual Loops": 3,"Sort Key": ["n1.n_name", "n2.n_name", "(EXTRACT(year FROM lineitem.l_shipdate))"],"Sort Method": "quicksort","Sort Space Used": 259,"Sort Space Type": "Memory","Workers": [{"Worker Number": 0,"Sort Method": "quicksort","Sort Space Used": 263,"Sort Space Type": "Memory"},{"Worker Number": 1,"Sort Method": "quicksort","Sort Space Used": 262,"Sort Space Type": "Memory"}],"Plans": [{"Node Type": "Hash Join","Parent Relationship": "Outer","Parallel Aware": false,"Async Capable": false,"Join Type": "Inner","Startup Cost": 366.16,"Total Cost": 71418.15,"Plan Rows": 2455,"Plan Width": 252,"Actual Startup Time": 9.735,"Actual Total Time": 919.881,"Actual Rows": 1944,"Actual Loops": 3,"Inner Unique": false,"Hash Cond": "(lineitem.l_suppkey = supplier.s_suppkey)","Join Filter": "(((n1.n_name = 'GERMANY'::bpchar) AND (n2.n_name = 'VIETNAM'::bpchar)) OR ((n1.n_name = 'VIETNAM'::bpchar) AND (n2.n_name = 'GERMANY'::bpchar)))","Rows Removed by Join Filter": 1917,"Workers": [],"Plans": [{"Node Type": "Nested Loop","Parent Relationship": "Outer","Parallel Aware": false,"Async Capable": false,"Join Type": "Inner","Startup Cost": 2.26,"Total Cost": 70727.78,"Plan Rows": 60250,"Plan Width": 124,"Actual Startup Time": 0.716,"Actual Total Time": 904.018,"Actual Rows": 48923,"Actual Loops": 3,"Inner Unique": false,"Workers": [],"Plans": [{"Node Type": "Nested Loop","Parent Relationship": "Outer","Parallel Aware": false,"Async Capable": false,"Join Type": "Inner","Startup Cost": 1.83,"Total Cost": 12400.01,"Plan Rows": 49000,"Plan Width": 108,"Actual Startup Time": 0.377,"Actual Total Time": 228.385,"Actual Rows": 40024,"Actual Loops": 3,"Inner Unique": false,"Workers": [],"Plans": [{"Node Type": "Hash Join","Parent Relationship": "Outer","Parallel Aware": false,"Async Capable": false,"Join Type": "Inner","Startup Cost": 1.40,"Total Cost": 4403.27,"Plan Rows": 4900,"Plan Width": 108,"Actual Startup Time": 0.209,"Actual Total Time": 48.242,"Actual Rows": 3972,"Actual Loops": 3,"Inner Unique": true,"Hash Cond": "(customer.c_nationkey = n2.n_nationkey)","Workers": [],"Plans": [{"Node Type": "Seq Scan","Parent Relationship": "Outer","Parallel Aware": true,"Async Capable": false,"Relation Name": "customer","Alias": "customer","Startup Cost": 0.00,"Total Cost": 4210.00,"Plan Rows": 62500,"Plan Width": 8,"Actual Startup Time": 0.014,"Actual Total Time": 9.497,"Actual Rows": 50000,"Actual Loops": 3,"Workers": []},{"Node Type": "Hash","Parent Relationship": "Inner","Parallel Aware": false,"Async Capable": false,"Startup Cost": 1.38,"Total Cost": 1.38,"Plan Rows": 2,"Plan Width": 108,"Actual Startup Time": 0.092,"Actual Total Time": 0.098,"Actual Rows": 2,"Actual Loops": 3,"Hash Buckets": 1024,"Original Hash Buckets": 1024,"Hash Batches": 1,"Original Hash Batches": 1,"Peak Memory Usage": 9,"Workers": [],"Plans": [{"Node Type": "Seq Scan","Parent Relationship": "Outer","Parallel Aware": false,"Async Capable": false,"Relation Name": "nation","Alias": "n2","Startup Cost": 0.00,"Total Cost": 1.38,"Plan Rows": 2,"Plan Width": 108,"Actual Startup Time": 0.065,"Actual Total Time": 0.073,"Actual Rows": 2,"Actual Loops": 3,"Filter": "((n_name = 'VIETNAM'::bpchar) OR (n_name = 'GERMANY'::bpchar))","Rows Removed by Filter": 23,"Workers": []}]}]},{"Node Type": "Index Scan","Parent Relationship": "Inner","Parallel Aware": false,"Async Capable": false,"Scan Direction": "Forward","Index Name": "idx_orders_custkey","Relation Name": "orders","Alias": "orders","Startup Cost": 0.43,"Total Cost": 1.46,"Plan Rows": 17,"Plan Width": 8,"Actual Startup Time": 0.007,"Actual Total Time": 0.044,"Actual Rows": 10,"Actual Loops": 11916,"Index Cond": "(o_custkey = customer.c_custkey)","Rows Removed by Index Recheck": 0,"Workers": []}]},{"Node Type": "Index Scan","Parent Relationship": "Inner","Parallel Aware": false,"Async Capable": false,"Scan Direction": "Forward","Index Name": "idx_lineitem_orderkey","Relation Name": "lineitem","Alias": "lineitem","Startup Cost": 0.43,"Total Cost": 1.14,"Plan Rows": 5,"Plan Width": 24,"Actual Startup Time": 0.016,"Actual Total Time": 0.017,"Actual Rows": 1,"Actual Loops": 120071,"Index Cond": "(l_orderkey = orders.o_orderkey)","Rows Removed by Index Recheck": 0,"Filter": "((l_shipdate >= '1995-01-01'::date) AND (l_shipdate <= '1996-12-31'::date))","Rows Removed by Filter": 3,"Workers": []}]},{"Node Type": "Hash","Parent Relationship": "Inner","Parallel Aware": false,"Async Capable": false,"Startup Cost": 354.10,"Total Cost": 354.10,"Plan Rows": 784,"Plan Width": 108,"Actual Startup Time": 8.740,"Actual Total Time": 8.754,"Actual Rows": 795,"Actual Loops": 3,"Hash Buckets": 1024,"Original Hash Buckets": 1024,"Hash Batches": 1,"Original Hash Batches": 1,"Peak Memory Usage": 57,"Workers": [],"Plans": [{"Node Type": "Hash Join","Parent Relationship": "Outer","Parallel Aware": false,"Async Capable": false,"Join Type": "Inner","Startup Cost": 1.40,"Total Cost": 354.10,"Plan Rows": 784,"Plan Width": 108,"Actual Startup Time": 0.122,"Actual Total Time": 8.528,"Actual Rows": 795,"Actual Loops": 3,"Inner Unique": true,"Hash Cond": "(supplier.s_nationkey = n1.n_nationkey)","Workers": [],"Plans": [{"Node Type": "Seq Scan","Parent Relationship": "Outer","Parallel Aware": false,"Async Capable": false,"Relation Name": "supplier","Alias": "supplier","Startup Cost": 0.00,"Total Cost": 322.00,"Plan Rows": 10000,"Plan Width": 8,"Actual Startup Time": 0.035,"Actual Total Time": 4.332,"Actual Rows": 10000,"Actual Loops": 3,"Workers": []},{"Node Type": "Hash","Parent Relationship": "Inner","Parallel Aware": false,"Async Capable": false,"Startup Cost": 1.38,"Total Cost": 1.38,"Plan Rows": 2,"Plan Width": 108,"Actual Startup Time": 0.022,"Actual Total Time": 0.027,"Actual Rows": 2,"Actual Loops": 3,"Hash Buckets": 1024,"Original Hash Buckets": 1024,"Hash Batches": 1,"Original Hash Batches": 1,"Peak Memory Usage": 9,"Workers": [],"Plans": [{"Node Type": "Seq Scan","Parent Relationship": "Outer","Parallel Aware": false,"Async Capable": false,"Relation Name": "nation","Alias": "n1","Startup Cost": 0.00,"Total Cost": 1.38,"Plan Rows": 2,"Plan Width": 108,"Actual Startup Time": 0.007,"Actual Total Time": 0.015,"Actual Rows": 2,"Actual Loops": 3,"Filter": "((n_name = 'GERMANY'::bpchar) OR (n_name = 'VIETNAM'::bpchar))","Rows Removed by Filter": 23,"Workers": []}]}]}]}]}]}]}]}]},"Planning Time": 9.273,"Triggers": [],"Execution Time": 983.459}]
[{"Plan": {"Node Type": "Aggregate","Strategy": "Sorted","Partial Mode": "Finalize","Parallel Aware": false,"Async Capable": false,"Startup Cost": 72556.41,"Total Cost": 73352.71,"Plan Rows": 5893,"Plan Width": 272,"Actual Startup Time": 939.205,"Actual Total Time": 993.360,"Actual Rows": 4,"Actual Loops": 1,"Group Key": ["n1.n_name", "n2.n_name", "(EXTRACT(year FROM lineitem.l_shipdate))"],"Plans": [{"Node Type": "Gather Merge","Parent Relationship": "Outer","Parallel Aware": false,"Async Capable": false,"Startup Cost": 72556.41,"Total Cost": 73202.94,"Plan Rows": 4910,"Plan Width": 272,"Actual Startup Time": 938.667,"Actual Total Time": 993.292,"Actual Rows": 12,"Actual Loops": 1,"Workers Planned": 2,"Workers Launched": 2,"Plans": [{"Node Type": "Aggregate","Strategy": "Sorted","Partial Mode": "Partial","Parent Relationship": "Outer","Parallel Aware": false,"Async Capable": false,"Startup Cost": 71556.39,"Total Cost": 71636.18,"Plan Rows": 2455,"Plan Width": 272,"Actual Startup Time": 929.134,"Actual Total Time": 929.934,"Actual Rows": 4,"Actual Loops": 3,"Group Key": ["n1.n_name", "n2.n_name", "(EXTRACT(year FROM lineitem.l_shipdate))"],"Workers": [],"Plans": [{"Node Type": "Sort","Parent Relationship": "Outer","Parallel Aware": false,"Async Capable": false,"Startup Cost": 71556.39,"Total Cost": 71562.53,"Plan Rows": 2455,"Plan Width": 252,"Actual Startup Time": 928.876,"Actual Total Time": 928.983,"Actual Rows": 1998,"Actual Loops": 3,"Sort Key": ["n1.n_name", "n2.n_name", "(EXTRACT(year FROM lineitem.l_shipdate))"],"Sort Method": "quicksort","Sort Space Used": 262,"Sort Space Type": "Memory","Workers": [{"Worker Number": 0,"Sort Method": "quicksort","Sort Space Used": 271,"Sort Space Type": "Memory"},{"Worker Number": 1,"Sort Method": "quicksort","Sort Space Used": 268,"Sort Space Type": "Memory"}],"Plans": [{"Node Type": "Hash Join","Parent Relationship": "Outer","Parallel Aware": false,"Async Capable": false,"Join Type": "Inner","Startup Cost": 366.16,"Total Cost": 71418.15,"Plan Rows": 2455,"Plan Width": 252,"Actual Startup Time": 11.424,"Actual Total Time": 926.897,"Actual Rows": 1998,"Actual Loops": 3,"Inner Unique": false,"Hash Cond": "(lineitem.l_suppkey = supplier.s_suppkey)","Join Filter": "(((n1.n_name = 'FRANCE'::bpchar) AND (n2.n_name = 'IRAN'::bpchar)) OR ((n1.n_name = 'IRAN'::bpchar) AND (n2.n_name = 'FRANCE'::bpchar)))","Rows Removed by Join Filter": 1916,"Workers": [],"Plans": [{"Node Type": "Nested Loop","Parent Relationship": "Outer","Parallel Aware": false,"Async Capable": false,"Join Type": "Inner","Startup Cost": 2.26,"Total Cost": 70727.78,"Plan Rows": 60250,"Plan Width": 124,"Actual Startup Time": 0.620,"Actual Total Time": 910.991,"Actual Rows": 49212,"Actual Loops": 3,"Inner Unique": false,"Workers": [],"Plans": [{"Node Type": "Nested Loop","Parent Relationship": "Outer","Parallel Aware": false,"Async Capable": false,"Join Type": "Inner","Startup Cost": 1.83,"Total Cost": 12400.01,"Plan Rows": 49000,"Plan Width": 108,"Actual Startup Time": 0.340,"Actual Total Time": 228.490,"Actual Rows": 40425,"Actual Loops": 3,"Inner Unique": false,"Workers": [],"Plans": [{"Node Type": "Hash Join","Parent Relationship": "Outer","Parallel Aware": false,"Async Capable": false,"Join Type": "Inner","Startup Cost": 1.40,"Total Cost": 4403.27,"Plan Rows": 4900,"Plan Width": 108,"Actual Startup Time": 0.211,"Actual Total Time": 46.609,"Actual Rows": 4036,"Actual Loops": 3,"Inner Unique": true,"Hash Cond": "(customer.c_nationkey = n2.n_nationkey)","Workers": [],"Plans": [{"Node Type": "Seq Scan","Parent Relationship": "Outer","Parallel Aware": true,"Async Capable": false,"Relation Name": "customer","Alias": "customer","Startup Cost": 0.00,"Total Cost": 4210.00,"Plan Rows": 62500,"Plan Width": 8,"Actual Startup Time": 0.021,"Actual Total Time": 9.637,"Actual Rows": 50000,"Actual Loops": 3,"Workers": []},{"Node Type": "Hash","Parent Relationship": "Inner","Parallel Aware": false,"Async Capable": false,"Startup Cost": 1.38,"Total Cost": 1.38,"Plan Rows": 2,"Plan Width": 108,"Actual Startup Time": 0.084,"Actual Total Time": 0.087,"Actual Rows": 2,"Actual Loops": 3,"Hash Buckets": 1024,"Original Hash Buckets": 1024,"Hash Batches": 1,"Original Hash Batches": 1,"Peak Memory Usage": 9,"Workers": [],"Plans": [{"Node Type": "Seq Scan","Parent Relationship": "Outer","Parallel Aware": false,"Async Capable": false,"Relation Name": "nation","Alias": "n2","Startup Cost": 0.00,"Total Cost": 1.38,"Plan Rows": 2,"Plan Width": 108,"Actual Startup Time": 0.062,"Actual Total Time": 0.069,"Actual Rows": 2,"Actual Loops": 3,"Filter": "((n_name = 'IRAN'::bpchar) OR (n_name = 'FRANCE'::bpchar))","Rows Removed by Filter": 23,"Workers": []}]}]},{"Node Type": "Index Scan","Parent Relationship": "Inner","Parallel Aware": false,"Async Capable": false,"Scan Direction": "Forward","Index Name": "idx_orders_custkey","Relation Name": "orders","Alias": "orders","Startup Cost": 0.43,"Total Cost": 1.46,"Plan Rows": 17,"Plan Width": 8,"Actual Startup Time": 0.007,"Actual Total Time": 0.044,"Actual Rows": 10,"Actual Loops": 12109,"Index Cond": "(o_custkey = customer.c_custkey)","Rows Removed by Index Recheck": 0,"Workers": []}]},{"Node Type": "Index Scan","Parent Relationship": "Inner","Parallel Aware": false,"Async Capable": false,"Scan Direction": "Forward","Index Name": "idx_lineitem_orderkey","Relation Name": "lineitem","Alias": "lineitem","Startup Cost": 0.43,"Total Cost": 1.14,"Plan Rows": 5,"Plan Width": 24,"Actual Startup Time": 0.016,"Actual Total Time": 0.017,"Actual Rows": 1,"Actual Loops": 121275,"Index Cond": "(l_orderkey = orders.o_orderkey)","Rows Removed by Index Recheck": 0,"Filter": "((l_shipdate >= '1995-01-01'::date) AND (l_shipdate <= '1996-12-31'::date))","Rows Removed by Filter": 3,"Workers": []}]},{"Node Type": "Hash","Parent Relationship": "Inner","Parallel Aware": false,"Async Capable": false,"Startup Cost": 354.10,"Total Cost": 354.10,"Plan Rows": 784,"Plan Width": 108,"Actual Startup Time": 8.287,"Actual Total Time": 8.297,"Actual Rows": 795,"Actual Loops": 3,"Hash Buckets": 1024,"Original Hash Buckets": 1024,"Hash Batches": 1,"Original Hash Batches": 1,"Peak Memory Usage": 57,"Workers": [],"Plans": [{"Node Type": "Hash Join","Parent Relationship": "Outer","Parallel Aware": false,"Async Capable": false,"Join Type": "Inner","Startup Cost": 1.40,"Total Cost": 354.10,"Plan Rows": 784,"Plan Width": 108,"Actual Startup Time": 0.088,"Actual Total Time": 8.075,"Actual Rows": 795,"Actual Loops": 3,"Inner Unique": true,"Hash Cond": "(supplier.s_nationkey = n1.n_nationkey)","Workers": [],"Plans": [{"Node Type": "Seq Scan","Parent Relationship": "Outer","Parallel Aware": false,"Async Capable": false,"Relation Name": "supplier","Alias": "supplier","Startup Cost": 0.00,"Total Cost": 322.00,"Plan Rows": 10000,"Plan Width": 8,"Actual Startup Time": 0.026,"Actual Total Time": 4.317,"Actual Rows": 10000,"Actual Loops": 3,"Workers": []},{"Node Type": "Hash","Parent Relationship": "Inner","Parallel Aware": false,"Async Capable": false,"Startup Cost": 1.38,"Total Cost": 1.38,"Plan Rows": 2,"Plan Width": 108,"Actual Startup Time": 0.020,"Actual Total Time": 0.023,"Actual Rows": 2,"Actual Loops": 3,"Hash Buckets": 1024,"Original Hash Buckets": 1024,"Hash Batches": 1,"Original Hash Batches": 1,"Peak Memory Usage": 9,"Workers": [],"Plans": [{"Node Type": "Seq Scan","Parent Relationship": "Outer","Parallel Aware": false,"Async Capable": false,"Relation Name": "nation","Alias": "n1","Startup Cost": 0.00,"Total Cost": 1.38,"Plan Rows": 2,"Plan Width": 108,"Actual Startup Time": 0.007,"Actual Total Time": 0.013,"Actual Rows": 2,"Actual Loops": 3,"Filter": "((n_name = 'FRANCE'::bpchar) OR (n_name = 'IRAN'::bpchar))","Rows Removed by Filter": 23,"Workers": []}]}]}]}]}]}]}]}]},"Planning Time": 8.816,"Triggers": [],"Execution Time": 993.852}]
[{"Plan": {"Node Type": "Aggregate","Strategy": "Sorted","Partial Mode": "Finalize","Parallel Aware": false,"Async Capable": false,"Startup Cost": 72556.41,"Total Cost": 73352.71,"Plan Rows": 5893,"Plan Width": 272,"Actual Startup Time": 936.205,"Actual Total Time": 989.513,"Actual Rows": 4,"Actual Loops": 1,"Group Key": ["n1.n_name", "n2.n_name", "(EXTRACT(year FROM lineitem.l_shipdate))"],"Plans": [{"Node Type": "Gather Merge","Parent Relationship": "Outer","Parallel Aware": false,"Async Capable": false,"Startup Cost": 72556.41,"Total Cost": 73202.94,"Plan Rows": 4910,"Plan Width": 272,"Actual Startup Time": 935.569,"Actual Total Time": 989.428,"Actual Rows": 12,"Actual Loops": 1,"Workers Planned": 2,"Workers Launched": 2,"Plans": [{"Node Type": "Aggregate","Strategy": "Sorted","Partial Mode": "Partial","Parent Relationship": "Outer","Parallel Aware": false,"Async Capable": false,"Startup Cost": 71556.39,"Total Cost": 71636.18,"Plan Rows": 2455,"Plan Width": 272,"Actual Startup Time": 927.377,"Actual Total Time": 928.150,"Actual Rows": 4,"Actual Loops": 3,"Group Key": ["n1.n_name", "n2.n_name", "(EXTRACT(year FROM lineitem.l_shipdate))"],"Workers": [],"Plans": [{"Node Type": "Sort","Parent Relationship": "Outer","Parallel Aware": false,"Async Capable": false,"Startup Cost": 71556.39,"Total Cost": 71562.53,"Plan Rows": 2455,"Plan Width": 252,"Actual Startup Time": 927.096,"Actual Total Time": 927.213,"Actual Rows": 1859,"Actual Loops": 3,"Sort Key": ["n1.n_name", "n2.n_name", "(EXTRACT(year FROM lineitem.l_shipdate))"],"Sort Method": "quicksort","Sort Space Used": 259,"Sort Space Type": "Memory","Workers": [{"Worker Number": 0,"Sort Method": "quicksort","Sort Space Used": 250,"Sort Space Type": "Memory"},{"Worker Number": 1,"Sort Method": "quicksort","Sort Space Used": 247,"Sort Space Type": "Memory"}],"Plans": [{"Node Type": "Hash Join","Parent Relationship": "Outer","Parallel Aware": false,"Async Capable": false,"Join Type": "Inner","Startup Cost": 366.16,"Total Cost": 71418.15,"Plan Rows": 2455,"Plan Width": 252,"Actual Startup Time": 10.900,"Actual Total Time": 925.400,"Actual Rows": 1859,"Actual Loops": 3,"Inner Unique": false,"Hash Cond": "(lineitem.l_suppkey = supplier.s_suppkey)","Join Filter": "(((n1.n_name = 'BRAZIL'::bpchar) AND (n2.n_name = 'JORDAN'::bpchar)) OR ((n1.n_name = 'JORDAN'::bpchar) AND (n2.n_name = 'BRAZIL'::bpchar)))","Rows Removed by Join Filter": 1863,"Workers": [],"Plans": [{"Node Type": "Nested Loop","Parent Relationship": "Outer","Parallel Aware": false,"Async Capable": false,"Join Type": "Inner","Startup Cost": 2.26,"Total Cost": 70727.78,"Plan Rows": 60250,"Plan Width": 124,"Actual Startup Time": 0.910,"Actual Total Time": 909.923,"Actual Rows": 49183,"Actual Loops": 3,"Inner Unique": false,"Workers": [],"Plans": [{"Node Type": "Nested Loop","Parent Relationship": "Outer","Parallel Aware": false,"Async Capable": false,"Join Type": "Inner","Startup Cost": 1.83,"Total Cost": 12400.01,"Plan Rows": 49000,"Plan Width": 108,"Actual Startup Time": 0.256,"Actual Total Time": 228.451,"Actual Rows": 40291,"Actual Loops": 3,"Inner Unique": false,"Workers": [],"Plans": [{"Node Type": "Hash Join","Parent Relationship": "Outer","Parallel Aware": false,"Async Capable": false,"Join Type": "Inner","Startup Cost": 1.40,"Total Cost": 4403.27,"Plan Rows": 4900,"Plan Width": 108,"Actual Startup Time": 0.157,"Actual Total Time": 47.111,"Actual Rows": 4011,"Actual Loops": 3,"Inner Unique": true,"Hash Cond": "(customer.c_nationkey = n2.n_nationkey)","Workers": [],"Plans": [{"Node Type": "Seq Scan","Parent Relationship": "Outer","Parallel Aware": true,"Async Capable": false,"Relation Name": "customer","Alias": "customer","Startup Cost": 0.00,"Total Cost": 4210.00,"Plan Rows": 62500,"Plan Width": 8,"Actual Startup Time": 0.014,"Actual Total Time": 9.531,"Actual Rows": 50000,"Actual Loops": 3,"Workers": []},{"Node Type": "Hash","Parent Relationship": "Inner","Parallel Aware": false,"Async Capable": false,"Startup Cost": 1.38,"Total Cost": 1.38,"Plan Rows": 2,"Plan Width": 108,"Actual Startup Time": 0.063,"Actual Total Time": 0.072,"Actual Rows": 2,"Actual Loops": 3,"Hash Buckets": 1024,"Original Hash Buckets": 1024,"Hash Batches": 1,"Original Hash Batches": 1,"Peak Memory Usage": 9,"Workers": [],"Plans": [{"Node Type": "Seq Scan","Parent Relationship": "Outer","Parallel Aware": false,"Async Capable": false,"Relation Name": "nation","Alias": "n2","Startup Cost": 0.00,"Total Cost": 1.38,"Plan Rows": 2,"Plan Width": 108,"Actual Startup Time": 0.044,"Actual Total Time": 0.052,"Actual Rows": 2,"Actual Loops": 3,"Filter": "((n_name = 'JORDAN'::bpchar) OR (n_name = 'BRAZIL'::bpchar))","Rows Removed by Filter": 23,"Workers": []}]}]},{"Node Type": "Index Scan","Parent Relationship": "Inner","Parallel Aware": false,"Async Capable": false,"Scan Direction": "Forward","Index Name": "idx_orders_custkey","Relation Name": "orders","Alias": "orders","Startup Cost": 0.43,"Total Cost": 1.46,"Plan Rows": 17,"Plan Width": 8,"Actual Startup Time": 0.007,"Actual Total Time": 0.044,"Actual Rows": 10,"Actual Loops": 12032,"Index Cond": "(o_custkey = customer.c_custkey)","Rows Removed by Index Recheck": 0,"Workers": []}]},{"Node Type": "Index Scan","Parent Relationship": "Inner","Parallel Aware": false,"Async Capable": false,"Scan Direction": "Forward","Index Name": "idx_lineitem_orderkey","Relation Name": "lineitem","Alias": "lineitem","Startup Cost": 0.43,"Total Cost": 1.14,"Plan Rows": 5,"Plan Width": 24,"Actual Startup Time": 0.016,"Actual Total Time": 0.017,"Actual Rows": 1,"Actual Loops": 120873,"Index Cond": "(l_orderkey = orders.o_orderkey)","Rows Removed by Index Recheck": 0,"Filter": "((l_shipdate >= '1995-01-01'::date) AND (l_shipdate <= '1996-12-31'::date))","Rows Removed by Filter": 3,"Workers": []}]},{"Node Type": "Hash","Parent Relationship": "Inner","Parallel Aware": false,"Async Capable": false,"Startup Cost": 354.10,"Total Cost": 354.10,"Plan Rows": 784,"Plan Width": 108,"Actual Startup Time": 8.417,"Actual Total Time": 8.433,"Actual Rows": 759,"Actual Loops": 3,"Hash Buckets": 1024,"Original Hash Buckets": 1024,"Hash Batches": 1,"Original Hash Batches": 1,"Peak Memory Usage": 54,"Workers": [],"Plans": [{"Node Type": "Hash Join","Parent Relationship": "Outer","Parallel Aware": false,"Async Capable": false,"Join Type": "Inner","Startup Cost": 1.40,"Total Cost": 354.10,"Plan Rows": 784,"Plan Width": 108,"Actual Startup Time": 0.068,"Actual Total Time": 8.233,"Actual Rows": 759,"Actual Loops": 3,"Inner Unique": true,"Hash Cond": "(supplier.s_nationkey = n1.n_nationkey)","Workers": [],"Plans": [{"Node Type": "Seq Scan","Parent Relationship": "Outer","Parallel Aware": false,"Async Capable": false,"Relation Name": "supplier","Alias": "supplier","Startup Cost": 0.00,"Total Cost": 322.00,"Plan Rows": 10000,"Plan Width": 8,"Actual Startup Time": 0.026,"Actual Total Time": 4.191,"Actual Rows": 10000,"Actual Loops": 3,"Workers": []},{"Node Type": "Hash","Parent Relationship": "Inner","Parallel Aware": false,"Async Capable": false,"Startup Cost": 1.38,"Total Cost": 1.38,"Plan Rows": 2,"Plan Width": 108,"Actual Startup Time": 0.013,"Actual Total Time": 0.018,"Actual Rows": 2,"Actual Loops": 3,"Hash Buckets": 1024,"Original Hash Buckets": 1024,"Hash Batches": 1,"Original Hash Batches": 1,"Peak Memory Usage": 9,"Workers": [],"Plans": [{"Node Type": "Seq Scan","Parent Relationship": "Outer","Parallel Aware": false,"Async Capable": false,"Relation Name": "nation","Alias": "n1","Startup Cost": 0.00,"Total Cost": 1.38,"Plan Rows": 2,"Plan Width": 108,"Actual Startup Time": 0.004,"Actual Total Time": 0.009,"Actual Rows": 2,"Actual Loops": 3,"Filter": "((n_name = 'BRAZIL'::bpchar) OR (n_name = 'JORDAN'::bpchar))","Rows Removed by Filter": 23,"Workers": []}]}]}]}]}]}]}]}]},"Planning Time": 9.563,"Triggers": [],"Execution Time": 989.980}]
[{"Plan": {"Node Type": "Aggregate","Strategy": "Sorted","Partial Mode": "Finalize","Parallel Aware": false,"Async Capable": false,"Startup Cost": 72556.41,"Total Cost": 73352.71,"Plan Rows": 5893,"Plan Width": 272,"Actual Startup Time": 934.140,"Actual Total Time": 981.393,"Actual Rows": 4,"Actual Loops": 1,"Group Key": ["n1.n_name", "n2.n_name", "(EXTRACT(year FROM lineitem.l_shipdate))"],"Plans": [{"Node Type": "Gather Merge","Parent Relationship": "Outer","Parallel Aware": false,"Async Capable": false,"Startup Cost": 72556.41,"Total Cost": 73202.94,"Plan Rows": 4910,"Plan Width": 272,"Actual Startup Time": 933.828,"Actual Total Time": 981.335,"Actual Rows": 12,"Actual Loops": 1,"Workers Planned": 2,"Workers Launched": 2,"Plans": [{"Node Type": "Aggregate","Strategy": "Sorted","Partial Mode": "Partial","Parent Relationship": "Outer","Parallel Aware": false,"Async Capable": false,"Startup Cost": 71556.39,"Total Cost": 71636.18,"Plan Rows": 2455,"Plan Width": 272,"Actual Startup Time": 925.030,"Actual Total Time": 925.773,"Actual Rows": 4,"Actual Loops": 3,"Group Key": ["n1.n_name", "n2.n_name", "(EXTRACT(year FROM lineitem.l_shipdate))"],"Workers": [],"Plans": [{"Node Type": "Sort","Parent Relationship": "Outer","Parallel Aware": false,"Async Capable": false,"Startup Cost": 71556.39,"Total Cost": 71562.53,"Plan Rows": 2455,"Plan Width": 252,"Actual Startup Time": 924.753,"Actual Total Time": 924.862,"Actual Rows": 2029,"Actual Loops": 3,"Sort Key": ["n1.n_name", "n2.n_name", "(EXTRACT(year FROM lineitem.l_shipdate))"],"Sort Method": "quicksort","Sort Space Used": 269,"Sort Space Type": "Memory","Workers": [{"Worker Number": 0,"Sort Method": "quicksort","Sort Space Used": 272,"Sort Space Type": "Memory"},{"Worker Number": 1,"Sort Method": "quicksort","Sort Space Used": 270,"Sort Space Type": "Memory"}],"Plans": [{"Node Type": "Hash Join","Parent Relationship": "Outer","Parallel Aware": false,"Async Capable": false,"Join Type": "Inner","Startup Cost": 366.16,"Total Cost": 71418.15,"Plan Rows": 2455,"Plan Width": 252,"Actual Startup Time": 10.369,"Actual Total Time": 922.777,"Actual Rows": 2029,"Actual Loops": 3,"Inner Unique": false,"Hash Cond": "(lineitem.l_suppkey = supplier.s_suppkey)","Join Filter": "(((n1.n_name = 'CANADA'::bpchar) AND (n2.n_name = 'ALGERIA'::bpchar)) OR ((n1.n_name = 'ALGERIA'::bpchar) AND (n2.n_name = 'CANADA'::bpchar)))","Rows Removed by Join Filter": 2035,"Workers": [],"Plans": [{"Node Type": "Nested Loop","Parent Relationship": "Outer","Parallel Aware": false,"Async Capable": false,"Join Type": "Inner","Startup Cost": 2.26,"Total Cost": 70727.78,"Plan Rows": 60250,"Plan Width": 124,"Actual Startup Time": 0.964,"Actual Total Time": 907.627,"Actual Rows": 48782,"Actual Loops": 3,"Inner Unique": false,"Workers": [],"Plans": [{"Node Type": "Nested Loop","Parent Relationship": "Outer","Parallel Aware": false,"Async Capable": false,"Join Type": "Inner","Startup Cost": 1.83,"Total Cost": 12400.01,"Plan Rows": 49000,"Plan Width": 108,"Actual Startup Time": 0.364,"Actual Total Time": 229.252,"Actual Rows": 40034,"Actual Loops": 3,"Inner Unique": false,"Workers": [],"Plans": [{"Node Type": "Hash Join","Parent Relationship": "Outer","Parallel Aware": false,"Async Capable": false,"Join Type": "Inner","Startup Cost": 1.40,"Total Cost": 4403.27,"Plan Rows": 4900,"Plan Width": 108,"Actual Startup Time": 0.210,"Actual Total Time": 47.558,"Actual Rows": 3982,"Actual Loops": 3,"Inner Unique": true,"Hash Cond": "(customer.c_nationkey = n2.n_nationkey)","Workers": [],"Plans": [{"Node Type": "Seq Scan","Parent Relationship": "Outer","Parallel Aware": true,"Async Capable": false,"Relation Name": "customer","Alias": "customer","Startup Cost": 0.00,"Total Cost": 4210.00,"Plan Rows": 62500,"Plan Width": 8,"Actual Startup Time": 0.016,"Actual Total Time": 9.579,"Actual Rows": 50000,"Actual Loops": 3,"Workers": []},{"Node Type": "Hash","Parent Relationship": "Inner","Parallel Aware": false,"Async Capable": false,"Startup Cost": 1.38,"Total Cost": 1.38,"Plan Rows": 2,"Plan Width": 108,"Actual Startup Time": 0.093,"Actual Total Time": 0.099,"Actual Rows": 2,"Actual Loops": 3,"Hash Buckets": 1024,"Original Hash Buckets": 1024,"Hash Batches": 1,"Original Hash Batches": 1,"Peak Memory Usage": 9,"Workers": [],"Plans": [{"Node Type": "Seq Scan","Parent Relationship": "Outer","Parallel Aware": false,"Async Capable": false,"Relation Name": "nation","Alias": "n2","Startup Cost": 0.00,"Total Cost": 1.38,"Plan Rows": 2,"Plan Width": 108,"Actual Startup Time": 0.059,"Actual Total Time": 0.070,"Actual Rows": 2,"Actual Loops": 3,"Filter": "((n_name = 'ALGERIA'::bpchar) OR (n_name = 'CANADA'::bpchar))","Rows Removed by Filter": 23,"Workers": []}]}]},{"Node Type": "Index Scan","Parent Relationship": "Inner","Parallel Aware": false,"Async Capable": false,"Scan Direction": "Forward","Index Name": "idx_orders_custkey","Relation Name": "orders","Alias": "orders","Startup Cost": 0.43,"Total Cost": 1.46,"Plan Rows": 17,"Plan Width": 8,"Actual Startup Time": 0.007,"Actual Total Time": 0.044,"Actual Rows": 10,"Actual Loops": 11945,"Index Cond": "(o_custkey = customer.c_custkey)","Rows Removed by Index Recheck": 0,"Workers": []}]},{"Node Type": "Index Scan","Parent Relationship": "Inner","Parallel Aware": false,"Async Capable": false,"Scan Direction": "Forward","Index Name": "idx_lineitem_orderkey","Relation Name": "lineitem","Alias": "lineitem","Startup Cost": 0.43,"Total Cost": 1.14,"Plan Rows": 5,"Plan Width": 24,"Actual Startup Time": 0.016,"Actual Total Time": 0.017,"Actual Rows": 1,"Actual Loops": 120102,"Index Cond": "(l_orderkey = orders.o_orderkey)","Rows Removed by Index Recheck": 0,"Filter": "((l_shipdate >= '1995-01-01'::date) AND (l_shipdate <= '1996-12-31'::date))","Rows Removed by Filter": 3,"Workers": []}]},{"Node Type": "Hash","Parent Relationship": "Inner","Parallel Aware": false,"Async Capable": false,"Startup Cost": 354.10,"Total Cost": 354.10,"Plan Rows": 784,"Plan Width": 108,"Actual Startup Time": 7.825,"Actual Total Time": 7.842,"Actual Rows": 832,"Actual Loops": 3,"Hash Buckets": 1024,"Original Hash Buckets": 1024,"Hash Batches": 1,"Original Hash Batches": 1,"Peak Memory Usage": 59,"Workers": [],"Plans": [{"Node Type": "Hash Join","Parent Relationship": "Outer","Parallel Aware": false,"Async Capable": false,"Join Type": "Inner","Startup Cost": 1.40,"Total Cost": 354.10,"Plan Rows": 784,"Plan Width": 108,"Actual Startup Time": 0.105,"Actual Total Time": 7.660,"Actual Rows": 832,"Actual Loops": 3,"Inner Unique": true,"Hash Cond": "(supplier.s_nationkey = n1.n_nationkey)","Workers": [],"Plans": [{"Node Type": "Seq Scan","Parent Relationship": "Outer","Parallel Aware": false,"Async Capable": false,"Relation Name": "supplier","Alias": "supplier","Startup Cost": 0.00,"Total Cost": 322.00,"Plan Rows": 10000,"Plan Width": 8,"Actual Startup Time": 0.044,"Actual Total Time": 3.730,"Actual Rows": 10000,"Actual Loops": 3,"Workers": []},{"Node Type": "Hash","Parent Relationship": "Inner","Parallel Aware": false,"Async Capable": false,"Startup Cost": 1.38,"Total Cost": 1.38,"Plan Rows": 2,"Plan Width": 108,"Actual Startup Time": 0.020,"Actual Total Time": 0.027,"Actual Rows": 2,"Actual Loops": 3,"Hash Buckets": 1024,"Original Hash Buckets": 1024,"Hash Batches": 1,"Original Hash Batches": 1,"Peak Memory Usage": 9,"Workers": [],"Plans": [{"Node Type": "Seq Scan","Parent Relationship": "Outer","Parallel Aware": false,"Async Capable": false,"Relation Name": "nation","Alias": "n1","Startup Cost": 0.00,"Total Cost": 1.38,"Plan Rows": 2,"Plan Width": 108,"Actual Startup Time": 0.005,"Actual Total Time": 0.015,"Actual Rows": 2,"Actual Loops": 3,"Filter": "((n_name = 'CANADA'::bpchar) OR (n_name = 'ALGERIA'::bpchar))","Rows Removed by Filter": 23,"Workers": []}]}]}]}]}]}]}]}]},"Planning Time": 7.672,"Triggers": [],"Execution Time": 981.898}]
[{"Plan": {"Node Type": "Aggregate","Strategy": "Sorted","Partial Mode": "Finalize","Parallel Aware": false,"Async Capable": false,"Startup Cost": 72556.41,"Total Cost": 73352.71,"Plan Rows": 5893,"Plan Width": 272,"Actual Startup Time": 931.850,"Actual Total Time": 990.239,"Actual Rows": 4,"Actual Loops": 1,"Group Key": ["n1.n_name", "n2.n_name", "(EXTRACT(year FROM lineitem.l_shipdate))"],"Plans": [{"Node Type": "Gather Merge","Parent Relationship": "Outer","Parallel Aware": false,"Async Capable": false,"Startup Cost": 72556.41,"Total Cost": 73202.94,"Plan Rows": 4910,"Plan Width": 272,"Actual Startup Time": 931.291,"Actual Total Time": 990.159,"Actual Rows": 12,"Actual Loops": 1,"Workers Planned": 2,"Workers Launched": 2,"Plans": [{"Node Type": "Aggregate","Strategy": "Sorted","Partial Mode": "Partial","Parent Relationship": "Outer","Parallel Aware": false,"Async Capable": false,"Startup Cost": 71556.39,"Total Cost": 71636.18,"Plan Rows": 2455,"Plan Width": 272,"Actual Startup Time": 923.089,"Actual Total Time": 923.875,"Actual Rows": 4,"Actual Loops": 3,"Group Key": ["n1.n_name", "n2.n_name", "(EXTRACT(year FROM lineitem.l_shipdate))"],"Workers": [],"Plans": [{"Node Type": "Sort","Parent Relationship": "Outer","Parallel Aware": false,"Async Capable": false,"Startup Cost": 71556.39,"Total Cost": 71562.53,"Plan Rows": 2455,"Plan Width": 252,"Actual Startup Time": 922.829,"Actual Total Time": 922.944,"Actual Rows": 1891,"Actual Loops": 3,"Sort Key": ["n1.n_name", "n2.n_name", "(EXTRACT(year FROM lineitem.l_shipdate))"],"Sort Method": "quicksort","Sort Space Used": 255,"Sort Space Type": "Memory","Workers": [{"Worker Number": 0,"Sort Method": "quicksort","Sort Space Used": 261,"Sort Space Type": "Memory"},{"Worker Number": 1,"Sort Method": "quicksort","Sort Space Used": 250,"Sort Space Type": "Memory"}],"Plans": [{"Node Type": "Hash Join","Parent Relationship": "Outer","Parallel Aware": false,"Async Capable": false,"Join Type": "Inner","Startup Cost": 366.16,"Total Cost": 71418.15,"Plan Rows": 2455,"Plan Width": 252,"Actual Startup Time": 10.606,"Actual Total Time": 920.998,"Actual Rows": 1891,"Actual Loops": 3,"Inner Unique": false,"Hash Cond": "(lineitem.l_suppkey = supplier.s_suppkey)","Join Filter": "(((n1.n_name = 'ROMANIA'::bpchar) AND (n2.n_name = 'JAPAN'::bpchar)) OR ((n1.n_name = 'JAPAN'::bpchar) AND (n2.n_name = 'ROMANIA'::bpchar)))","Rows Removed by Join Filter": 1877,"Workers": [],"Plans": [{"Node Type": "Nested Loop","Parent Relationship": "Outer","Parallel Aware": false,"Async Capable": false,"Join Type": "Inner","Startup Cost": 2.26,"Total Cost": 70727.78,"Plan Rows": 60250,"Plan Width": 124,"Actual Startup Time": 0.791,"Actual Total Time": 905.561,"Actual Rows": 48887,"Actual Loops": 3,"Inner Unique": false,"Workers": [],"Plans": [{"Node Type": "Nested Loop","Parent Relationship": "Outer","Parallel Aware": false,"Async Capable": false,"Join Type": "Inner","Startup Cost": 1.83,"Total Cost": 12400.01,"Plan Rows": 49000,"Plan Width": 108,"Actual Startup Time": 0.308,"Actual Total Time": 229.498,"Actual Rows": 40139,"Actual Loops": 3,"Inner Unique": false,"Workers": [],"Plans": [{"Node Type": "Hash Join","Parent Relationship": "Outer","Parallel Aware": false,"Async Capable": false,"Join Type": "Inner","Startup Cost": 1.40,"Total Cost": 4403.27,"Plan Rows": 4900,"Plan Width": 108,"Actual Startup Time": 0.184,"Actual Total Time": 48.200,"Actual Rows": 4016,"Actual Loops": 3,"Inner Unique": true,"Hash Cond": "(customer.c_nationkey = n2.n_nationkey)","Workers": [],"Plans": [{"Node Type": "Seq Scan","Parent Relationship": "Outer","Parallel Aware": true,"Async Capable": false,"Relation Name": "customer","Alias": "customer","Startup Cost": 0.00,"Total Cost": 4210.00,"Plan Rows": 62500,"Plan Width": 8,"Actual Startup Time": 0.013,"Actual Total Time": 9.682,"Actual Rows": 50000,"Actual Loops": 3,"Workers": []},{"Node Type": "Hash","Parent Relationship": "Inner","Parallel Aware": false,"Async Capable": false,"Startup Cost": 1.38,"Total Cost": 1.38,"Plan Rows": 2,"Plan Width": 108,"Actual Startup Time": 0.077,"Actual Total Time": 0.083,"Actual Rows": 2,"Actual Loops": 3,"Hash Buckets": 1024,"Original Hash Buckets": 1024,"Hash Batches": 1,"Original Hash Batches": 1,"Peak Memory Usage": 9,"Workers": [],"Plans": [{"Node Type": "Seq Scan","Parent Relationship": "Outer","Parallel Aware": false,"Async Capable": false,"Relation Name": "nation","Alias": "n2","Startup Cost": 0.00,"Total Cost": 1.38,"Plan Rows": 2,"Plan Width": 108,"Actual Startup Time": 0.056,"Actual Total Time": 0.061,"Actual Rows": 2,"Actual Loops": 3,"Filter": "((n_name = 'JAPAN'::bpchar) OR (n_name = 'ROMANIA'::bpchar))","Rows Removed by Filter": 23,"Workers": []}]}]},{"Node Type": "Index Scan","Parent Relationship": "Inner","Parallel Aware": false,"Async Capable": false,"Scan Direction": "Forward","Index Name": "idx_orders_custkey","Relation Name": "orders","Alias": "orders","Startup Cost": 0.43,"Total Cost": 1.46,"Plan Rows": 17,"Plan Width": 8,"Actual Startup Time": 0.007,"Actual Total Time": 0.044,"Actual Rows": 10,"Actual Loops": 12048,"Index Cond": "(o_custkey = customer.c_custkey)","Rows Removed by Index Recheck": 0,"Workers": []}]},{"Node Type": "Index Scan","Parent Relationship": "Inner","Parallel Aware": false,"Async Capable": false,"Scan Direction": "Forward","Index Name": "idx_lineitem_orderkey","Relation Name": "lineitem","Alias": "lineitem","Startup Cost": 0.43,"Total Cost": 1.14,"Plan Rows": 5,"Plan Width": 24,"Actual Startup Time": 0.016,"Actual Total Time": 0.017,"Actual Rows": 1,"Actual Loops": 120417,"Index Cond": "(l_orderkey = orders.o_orderkey)","Rows Removed by Index Recheck": 0,"Filter": "((l_shipdate >= '1995-01-01'::date) AND (l_shipdate <= '1996-12-31'::date))","Rows Removed by Filter": 3,"Workers": []}]},{"Node Type": "Hash","Parent Relationship": "Inner","Parallel Aware": false,"Async Capable": false,"Startup Cost": 354.10,"Total Cost": 354.10,"Plan Rows": 784,"Plan Width": 108,"Actual Startup Time": 8.496,"Actual Total Time": 8.510,"Actual Rows": 775,"Actual Loops": 3,"Hash Buckets": 1024,"Original Hash Buckets": 1024,"Hash Batches": 1,"Original Hash Batches": 1,"Peak Memory Usage": 55,"Workers": [],"Plans": [{"Node Type": "Hash Join","Parent Relationship": "Outer","Parallel Aware": false,"Async Capable": false,"Join Type": "Inner","Startup Cost": 1.40,"Total Cost": 354.10,"Plan Rows": 784,"Plan Width": 108,"Actual Startup Time": 0.101,"Actual Total Time": 8.291,"Actual Rows": 775,"Actual Loops": 3,"Inner Unique": true,"Hash Cond": "(supplier.s_nationkey = n1.n_nationkey)","Workers": [],"Plans": [{"Node Type": "Seq Scan","Parent Relationship": "Outer","Parallel Aware": false,"Async Capable": false,"Relation Name": "supplier","Alias": "supplier","Startup Cost": 0.00,"Total Cost": 322.00,"Plan Rows": 10000,"Plan Width": 8,"Actual Startup Time": 0.036,"Actual Total Time": 4.076,"Actual Rows": 10000,"Actual Loops": 3,"Workers": []},{"Node Type": "Hash","Parent Relationship": "Inner","Parallel Aware": false,"Async Capable": false,"Startup Cost": 1.38,"Total Cost": 1.38,"Plan Rows": 2,"Plan Width": 108,"Actual Startup Time": 0.017,"Actual Total Time": 0.022,"Actual Rows": 2,"Actual Loops": 3,"Hash Buckets": 1024,"Original Hash Buckets": 1024,"Hash Batches": 1,"Original Hash Batches": 1,"Peak Memory Usage": 9,"Workers": [],"Plans": [{"Node Type": "Seq Scan","Parent Relationship": "Outer","Parallel Aware": false,"Async Capable": false,"Relation Name": "nation","Alias": "n1","Startup Cost": 0.00,"Total Cost": 1.38,"Plan Rows": 2,"Plan Width": 108,"Actual Startup Time": 0.008,"Actual Total Time": 0.013,"Actual Rows": 2,"Actual Loops": 3,"Filter": "((n_name = 'ROMANIA'::bpchar) OR (n_name = 'JAPAN'::bpchar))","Rows Removed by Filter": 23,"Workers": []}]}]}]}]}]}]}]}]},"Planning Time": 9.388,"Triggers": [],"Execution Time": 990.726}]
[{"Plan": {"Node Type": "Aggregate","Strategy": "Sorted","Partial Mode": "Finalize","Parallel Aware": false,"Async Capable": false,"Startup Cost": 72556.41,"Total Cost": 73352.71,"Plan Rows": 5893,"Plan Width": 272,"Actual Startup Time": 933.658,"Actual Total Time": 977.999,"Actual Rows": 4,"Actual Loops": 1,"Group Key": ["n1.n_name", "n2.n_name", "(EXTRACT(year FROM lineitem.l_shipdate))"],"Plans": [{"Node Type": "Gather Merge","Parent Relationship": "Outer","Parallel Aware": false,"Async Capable": false,"Startup Cost": 72556.41,"Total Cost": 73202.94,"Plan Rows": 4910,"Plan Width": 272,"Actual Startup Time": 933.387,"Actual Total Time": 977.926,"Actual Rows": 12,"Actual Loops": 1,"Workers Planned": 2,"Workers Launched": 2,"Plans": [{"Node Type": "Aggregate","Strategy": "Sorted","Partial Mode": "Partial","Parent Relationship": "Outer","Parallel Aware": false,"Async Capable": false,"Startup Cost": 71556.39,"Total Cost": 71636.18,"Plan Rows": 2455,"Plan Width": 272,"Actual Startup Time": 925.868,"Actual Total Time": 926.601,"Actual Rows": 4,"Actual Loops": 3,"Group Key": ["n1.n_name", "n2.n_name", "(EXTRACT(year FROM lineitem.l_shipdate))"],"Workers": [],"Plans": [{"Node Type": "Sort","Parent Relationship": "Outer","Parallel Aware": false,"Async Capable": false,"Startup Cost": 71556.39,"Total Cost": 71562.53,"Plan Rows": 2455,"Plan Width": 252,"Actual Startup Time": 925.600,"Actual Total Time": 925.703,"Actual Rows": 1964,"Actual Loops": 3,"Sort Key": ["n1.n_name", "n2.n_name", "(EXTRACT(year FROM lineitem.l_shipdate))"],"Sort Method": "quicksort","Sort Space Used": 269,"Sort Space Type": "Memory","Workers": [{"Worker Number": 0,"Sort Method": "quicksort","Sort Space Used": 261,"Sort Space Type": "Memory"},{"Worker Number": 1,"Sort Method": "quicksort","Sort Space Used": 260,"Sort Space Type": "Memory"}],"Plans": [{"Node Type": "Hash Join","Parent Relationship": "Outer","Parallel Aware": false,"Async Capable": false,"Join Type": "Inner","Startup Cost": 366.16,"Total Cost": 71418.15,"Plan Rows": 2455,"Plan Width": 252,"Actual Startup Time": 10.888,"Actual Total Time": 923.763,"Actual Rows": 1964,"Actual Loops": 3,"Inner Unique": false,"Hash Cond": "(lineitem.l_suppkey = supplier.s_suppkey)","Join Filter": "(((n1.n_name = 'INDIA'::bpchar) AND (n2.n_name = 'GERMANY'::bpchar)) OR ((n1.n_name = 'GERMANY'::bpchar) AND (n2.n_name = 'INDIA'::bpchar)))","Rows Removed by Join Filter": 1949,"Workers": [],"Plans": [{"Node Type": "Nested Loop","Parent Relationship": "Outer","Parallel Aware": false,"Async Capable": false,"Join Type": "Inner","Startup Cost": 2.26,"Total Cost": 70727.78,"Plan Rows": 60250,"Plan Width": 124,"Actual Startup Time": 0.596,"Actual Total Time": 906.627,"Actual Rows": 48470,"Actual Loops": 3,"Inner Unique": false,"Workers": [],"Plans": [{"Node Type": "Nested Loop","Parent Relationship": "Outer","Parallel Aware": false,"Async Capable": false,"Join Type": "Inner","Startup Cost": 1.83,"Total Cost": 12400.01,"Plan Rows": 49000,"Plan Width": 108,"Actual Startup Time": 0.298,"Actual Total Time": 228.903,"Actual Rows": 39850,"Actual Loops": 3,"Inner Unique": false,"Workers": [],"Plans": [{"Node Type": "Hash Join","Parent Relationship": "Outer","Parallel Aware": false,"Async Capable": false,"Join Type": "Inner","Startup Cost": 1.40,"Total Cost": 4403.27,"Plan Rows": 4900,"Plan Width": 108,"Actual Startup Time": 0.187,"Actual Total Time": 47.981,"Actual Rows": 3983,"Actual Loops": 3,"Inner Unique": true,"Hash Cond": "(customer.c_nationkey = n2.n_nationkey)","Workers": [],"Plans": [{"Node Type": "Seq Scan","Parent Relationship": "Outer","Parallel Aware": true,"Async Capable": false,"Relation Name": "customer","Alias": "customer","Startup Cost": 0.00,"Total Cost": 4210.00,"Plan Rows": 62500,"Plan Width": 8,"Actual Startup Time": 0.016,"Actual Total Time": 9.604,"Actual Rows": 50000,"Actual Loops": 3,"Workers": []},{"Node Type": "Hash","Parent Relationship": "Inner","Parallel Aware": false,"Async Capable": false,"Startup Cost": 1.38,"Total Cost": 1.38,"Plan Rows": 2,"Plan Width": 108,"Actual Startup Time": 0.080,"Actual Total Time": 0.084,"Actual Rows": 2,"Actual Loops": 3,"Hash Buckets": 1024,"Original Hash Buckets": 1024,"Hash Batches": 1,"Original Hash Batches": 1,"Peak Memory Usage": 9,"Workers": [],"Plans": [{"Node Type": "Seq Scan","Parent Relationship": "Outer","Parallel Aware": false,"Async Capable": false,"Relation Name": "nation","Alias": "n2","Startup Cost": 0.00,"Total Cost": 1.38,"Plan Rows": 2,"Plan Width": 108,"Actual Startup Time": 0.061,"Actual Total Time": 0.067,"Actual Rows": 2,"Actual Loops": 3,"Filter": "((n_name = 'GERMANY'::bpchar) OR (n_name = 'INDIA'::bpchar))","Rows Removed by Filter": 23,"Workers": []}]}]},{"Node Type": "Index Scan","Parent Relationship": "Inner","Parallel Aware": false,"Async Capable": false,"Scan Direction": "Forward","Index Name": "idx_orders_custkey","Relation Name": "orders","Alias": "orders","Startup Cost": 0.43,"Total Cost": 1.46,"Plan Rows": 17,"Plan Width": 8,"Actual Startup Time": 0.007,"Actual Total Time": 0.044,"Actual Rows": 10,"Actual Loops": 11950,"Index Cond": "(o_custkey = customer.c_custkey)","Rows Removed by Index Recheck": 0,"Workers": []}]},{"Node Type": "Index Scan","Parent Relationship": "Inner","Parallel Aware": false,"Async Capable": false,"Scan Direction": "Forward","Index Name": "idx_lineitem_orderkey","Relation Name": "lineitem","Alias": "lineitem","Startup Cost": 0.43,"Total Cost": 1.14,"Plan Rows": 5,"Plan Width": 24,"Actual Startup Time": 0.016,"Actual Total Time": 0.017,"Actual Rows": 1,"Actual Loops": 119551,"Index Cond": "(l_orderkey = orders.o_orderkey)","Rows Removed by Index Recheck": 0,"Filter": "((l_shipdate >= '1995-01-01'::date) AND (l_shipdate <= '1996-12-31'::date))","Rows Removed by Filter": 3,"Workers": []}]},{"Node Type": "Hash","Parent Relationship": "Inner","Parallel Aware": false,"Async Capable": false,"Startup Cost": 354.10,"Total Cost": 354.10,"Plan Rows": 784,"Plan Width": 108,"Actual Startup Time": 9.884,"Actual Total Time": 9.898,"Actual Rows": 811,"Actual Loops": 3,"Hash Buckets": 1024,"Original Hash Buckets": 1024,"Hash Batches": 1,"Original Hash Batches": 1,"Peak Memory Usage": 58,"Workers": [],"Plans": [{"Node Type": "Hash Join","Parent Relationship": "Outer","Parallel Aware": false,"Async Capable": false,"Join Type": "Inner","Startup Cost": 1.40,"Total Cost": 354.10,"Plan Rows": 784,"Plan Width": 108,"Actual Startup Time": 0.109,"Actual Total Time": 9.686,"Actual Rows": 811,"Actual Loops": 3,"Inner Unique": true,"Hash Cond": "(supplier.s_nationkey = n1.n_nationkey)","Workers": [],"Plans": [{"Node Type": "Seq Scan","Parent Relationship": "Outer","Parallel Aware": false,"Async Capable": false,"Relation Name": "supplier","Alias": "supplier","Startup Cost": 0.00,"Total Cost": 322.00,"Plan Rows": 10000,"Plan Width": 8,"Actual Startup Time": 0.036,"Actual Total Time": 4.232,"Actual Rows": 10000,"Actual Loops": 3,"Workers": []},{"Node Type": "Hash","Parent Relationship": "Inner","Parallel Aware": false,"Async Capable": false,"Startup Cost": 1.38,"Total Cost": 1.38,"Plan Rows": 2,"Plan Width": 108,"Actual Startup Time": 0.027,"Actual Total Time": 0.031,"Actual Rows": 2,"Actual Loops": 3,"Hash Buckets": 1024,"Original Hash Buckets": 1024,"Hash Batches": 1,"Original Hash Batches": 1,"Peak Memory Usage": 9,"Workers": [],"Plans": [{"Node Type": "Seq Scan","Parent Relationship": "Outer","Parallel Aware": false,"Async Capable": false,"Relation Name": "nation","Alias": "n1","Startup Cost": 0.00,"Total Cost": 1.38,"Plan Rows": 2,"Plan Width": 108,"Actual Startup Time": 0.008,"Actual Total Time": 0.015,"Actual Rows": 2,"Actual Loops": 3,"Filter": "((n_name = 'INDIA'::bpchar) OR (n_name = 'GERMANY'::bpchar))","Rows Removed by Filter": 23,"Workers": []}]}]}]}]}]}]}]}]},"Planning Time": 9.064,"Triggers": [],"Execution Time": 978.522}]
[{"Plan": {"Node Type": "Aggregate","Strategy": "Sorted","Partial Mode": "Finalize","Parallel Aware": false,"Async Capable": false,"Startup Cost": 72556.41,"Total Cost": 73352.71,"Plan Rows": 5893,"Plan Width": 272,"Actual Startup Time": 926.774,"Actual Total Time": 984.418,"Actual Rows": 4,"Actual Loops": 1,"Group Key": ["n1.n_name", "n2.n_name", "(EXTRACT(year FROM lineitem.l_shipdate))"],"Plans": [{"Node Type": "Gather Merge","Parent Relationship": "Outer","Parallel Aware": false,"Async Capable": false,"Startup Cost": 72556.41,"Total Cost": 73202.94,"Plan Rows": 4910,"Plan Width": 272,"Actual Startup Time": 926.354,"Actual Total Time": 984.338,"Actual Rows": 12,"Actual Loops": 1,"Workers Planned": 2,"Workers Launched": 2,"Plans": [{"Node Type": "Aggregate","Strategy": "Sorted","Partial Mode": "Partial","Parent Relationship": "Outer","Parallel Aware": false,"Async Capable": false,"Startup Cost": 71556.39,"Total Cost": 71636.18,"Plan Rows": 2455,"Plan Width": 272,"Actual Startup Time": 918.256,"Actual Total Time": 918.979,"Actual Rows": 4,"Actual Loops": 3,"Group Key": ["n1.n_name", "n2.n_name", "(EXTRACT(year FROM lineitem.l_shipdate))"],"Workers": [],"Plans": [{"Node Type": "Sort","Parent Relationship": "Outer","Parallel Aware": false,"Async Capable": false,"Startup Cost": 71556.39,"Total Cost": 71562.53,"Plan Rows": 2455,"Plan Width": 252,"Actual Startup Time": 918.018,"Actual Total Time": 918.124,"Actual Rows": 1908,"Actual Loops": 3,"Sort Key": ["n1.n_name", "n2.n_name", "(EXTRACT(year FROM lineitem.l_shipdate))"],"Sort Method": "quicksort","Sort Space Used": 258,"Sort Space Type": "Memory","Workers": [{"Worker Number": 0,"Sort Method": "quicksort","Sort Space Used": 255,"Sort Space Type": "Memory"},{"Worker Number": 1,"Sort Method": "quicksort","Sort Space Used": 259,"Sort Space Type": "Memory"}],"Plans": [{"Node Type": "Hash Join","Parent Relationship": "Outer","Parallel Aware": false,"Async Capable": false,"Join Type": "Inner","Startup Cost": 366.16,"Total Cost": 71418.15,"Plan Rows": 2455,"Plan Width": 252,"Actual Startup Time": 9.710,"Actual Total Time": 916.179,"Actual Rows": 1908,"Actual Loops": 3,"Inner Unique": false,"Hash Cond": "(lineitem.l_suppkey = supplier.s_suppkey)","Join Filter": "(((n1.n_name = 'INDIA'::bpchar) AND (n2.n_name = 'ETHIOPIA'::bpchar)) OR ((n1.n_name = 'ETHIOPIA'::bpchar) AND (n2.n_name = 'INDIA'::bpchar)))","Rows Removed by Join Filter": 1947,"Workers": [],"Plans": [{"Node Type": "Nested Loop","Parent Relationship": "Outer","Parallel Aware": false,"Async Capable": false,"Join Type": "Inner","Startup Cost": 2.26,"Total Cost": 70727.78,"Plan Rows": 60250,"Plan Width": 124,"Actual Startup Time": 0.874,"Actual Total Time": 901.354,"Actual Rows": 48483,"Actual Loops": 3,"Inner Unique": false,"Workers": [],"Plans": [{"Node Type": "Nested Loop","Parent Relationship": "Outer","Parallel Aware": false,"Async Capable": false,"Join Type": "Inner","Startup Cost": 1.83,"Total Cost": 12400.01,"Plan Rows": 49000,"Plan Width": 108,"Actual Startup Time": 0.381,"Actual Total Time": 227.274,"Actual Rows": 39844,"Actual Loops": 3,"Inner Unique": false,"Workers": [],"Plans": [{"Node Type": "Hash Join","Parent Relationship": "Outer","Parallel Aware": false,"Async Capable": false,"Join Type": "Inner","Startup Cost": 1.40,"Total Cost": 4403.27,"Plan Rows": 4900,"Plan Width": 108,"Actual Startup Time": 0.240,"Actual Total Time": 47.941,"Actual Rows": 3998,"Actual Loops": 3,"Inner Unique": true,"Hash Cond": "(customer.c_nationkey = n2.n_nationkey)","Workers": [],"Plans": [{"Node Type": "Seq Scan","Parent Relationship": "Outer","Parallel Aware": true,"Async Capable": false,"Relation Name": "customer","Alias": "customer","Startup Cost": 0.00,"Total Cost": 4210.00,"Plan Rows": 62500,"Plan Width": 8,"Actual Startup Time": 0.017,"Actual Total Time": 9.740,"Actual Rows": 50000,"Actual Loops": 3,"Workers": []},{"Node Type": "Hash","Parent Relationship": "Inner","Parallel Aware": false,"Async Capable": false,"Startup Cost": 1.38,"Total Cost": 1.38,"Plan Rows": 2,"Plan Width": 108,"Actual Startup Time": 0.095,"Actual Total Time": 0.099,"Actual Rows": 2,"Actual Loops": 3,"Hash Buckets": 1024,"Original Hash Buckets": 1024,"Hash Batches": 1,"Original Hash Batches": 1,"Peak Memory Usage": 9,"Workers": [],"Plans": [{"Node Type": "Seq Scan","Parent Relationship": "Outer","Parallel Aware": false,"Async Capable": false,"Relation Name": "nation","Alias": "n2","Startup Cost": 0.00,"Total Cost": 1.38,"Plan Rows": 2,"Plan Width": 108,"Actual Startup Time": 0.075,"Actual Total Time": 0.082,"Actual Rows": 2,"Actual Loops": 3,"Filter": "((n_name = 'ETHIOPIA'::bpchar) OR (n_name = 'INDIA'::bpchar))","Rows Removed by Filter": 23,"Workers": []}]}]},{"Node Type": "Index Scan","Parent Relationship": "Inner","Parallel Aware": false,"Async Capable": false,"Scan Direction": "Forward","Index Name": "idx_orders_custkey","Relation Name": "orders","Alias": "orders","Startup Cost": 0.43,"Total Cost": 1.46,"Plan Rows": 17,"Plan Width": 8,"Actual Startup Time": 0.007,"Actual Total Time": 0.044,"Actual Rows": 10,"Actual Loops": 11994,"Index Cond": "(o_custkey = customer.c_custkey)","Rows Removed by Index Recheck": 0,"Workers": []}]},{"Node Type": "Index Scan","Parent Relationship": "Inner","Parallel Aware": false,"Async Capable": false,"Scan Direction": "Forward","Index Name": "idx_lineitem_orderkey","Relation Name": "lineitem","Alias": "lineitem","Startup Cost": 0.43,"Total Cost": 1.14,"Plan Rows": 5,"Plan Width": 24,"Actual Startup Time": 0.016,"Actual Total Time": 0.017,"Actual Rows": 1,"Actual Loops": 119533,"Index Cond": "(l_orderkey = orders.o_orderkey)","Rows Removed by Index Recheck": 0,"Filter": "((l_shipdate >= '1995-01-01'::date) AND (l_shipdate <= '1996-12-31'::date))","Rows Removed by Filter": 3,"Workers": []}]},{"Node Type": "Hash","Parent Relationship": "Inner","Parallel Aware": false,"Async Capable": false,"Startup Cost": 354.10,"Total Cost": 354.10,"Plan Rows": 784,"Plan Width": 108,"Actual Startup Time": 7.694,"Actual Total Time": 7.710,"Actual Rows": 795,"Actual Loops": 3,"Hash Buckets": 1024,"Original Hash Buckets": 1024,"Hash Batches": 1,"Original Hash Batches": 1,"Peak Memory Usage": 57,"Workers": [],"Plans": [{"Node Type": "Hash Join","Parent Relationship": "Outer","Parallel Aware": false,"Async Capable": false,"Join Type": "Inner","Startup Cost": 1.40,"Total Cost": 354.10,"Plan Rows": 784,"Plan Width": 108,"Actual Startup Time": 0.093,"Actual Total Time": 7.479,"Actual Rows": 795,"Actual Loops": 3,"Inner Unique": true,"Hash Cond": "(supplier.s_nationkey = n1.n_nationkey)","Workers": [],"Plans": [{"Node Type": "Seq Scan","Parent Relationship": "Outer","Parallel Aware": false,"Async Capable": false,"Relation Name": "supplier","Alias": "supplier","Startup Cost": 0.00,"Total Cost": 322.00,"Plan Rows": 10000,"Plan Width": 8,"Actual Startup Time": 0.035,"Actual Total Time": 3.985,"Actual Rows": 10000,"Actual Loops": 3,"Workers": []},{"Node Type": "Hash","Parent Relationship": "Inner","Parallel Aware": false,"Async Capable": false,"Startup Cost": 1.38,"Total Cost": 1.38,"Plan Rows": 2,"Plan Width": 108,"Actual Startup Time": 0.024,"Actual Total Time": 0.029,"Actual Rows": 2,"Actual Loops": 3,"Hash Buckets": 1024,"Original Hash Buckets": 1024,"Hash Batches": 1,"Original Hash Batches": 1,"Peak Memory Usage": 9,"Workers": [],"Plans": [{"Node Type": "Seq Scan","Parent Relationship": "Outer","Parallel Aware": false,"Async Capable": false,"Relation Name": "nation","Alias": "n1","Startup Cost": 0.00,"Total Cost": 1.38,"Plan Rows": 2,"Plan Width": 108,"Actual Startup Time": 0.011,"Actual Total Time": 0.018,"Actual Rows": 2,"Actual Loops": 3,"Filter": "((n_name = 'INDIA'::bpchar) OR (n_name = 'ETHIOPIA'::bpchar))","Rows Removed by Filter": 23,"Workers": []}]}]}]}]}]}]}]}]},"Planning Time": 9.204,"Triggers": [],"Execution Time": 984.901}]
[{"Plan": {"Node Type": "Aggregate","Strategy": "Sorted","Partial Mode": "Finalize","Parallel Aware": false,"Async Capable": false,"Startup Cost": 72556.41,"Total Cost": 73352.71,"Plan Rows": 5893,"Plan Width": 272,"Actual Startup Time": 910.456,"Actual Total Time": 953.359,"Actual Rows": 4,"Actual Loops": 1,"Group Key": ["n1.n_name", "n2.n_name", "(EXTRACT(year FROM lineitem.l_shipdate))"],"Plans": [{"Node Type": "Gather Merge","Parent Relationship": "Outer","Parallel Aware": false,"Async Capable": false,"Startup Cost": 72556.41,"Total Cost": 73202.94,"Plan Rows": 4910,"Plan Width": 272,"Actual Startup Time": 910.124,"Actual Total Time": 953.291,"Actual Rows": 12,"Actual Loops": 1,"Workers Planned": 2,"Workers Launched": 2,"Plans": [{"Node Type": "Aggregate","Strategy": "Sorted","Partial Mode": "Partial","Parent Relationship": "Outer","Parallel Aware": false,"Async Capable": false,"Startup Cost": 71556.39,"Total Cost": 71636.18,"Plan Rows": 2455,"Plan Width": 272,"Actual Startup Time": 902.273,"Actual Total Time": 902.931,"Actual Rows": 4,"Actual Loops": 3,"Group Key": ["n1.n_name", "n2.n_name", "(EXTRACT(year FROM lineitem.l_shipdate))"],"Workers": [],"Plans": [{"Node Type": "Sort","Parent Relationship": "Outer","Parallel Aware": false,"Async Capable": false,"Startup Cost": 71556.39,"Total Cost": 71562.53,"Plan Rows": 2455,"Plan Width": 252,"Actual Startup Time": 902.017,"Actual Total Time": 902.124,"Actual Rows": 1915,"Actual Loops": 3,"Sort Key": ["n1.n_name", "n2.n_name", "(EXTRACT(year FROM lineitem.l_shipdate))"],"Sort Method": "quicksort","Sort Space Used": 268,"Sort Space Type": "Memory","Workers": [{"Worker Number": 0,"Sort Method": "quicksort","Sort Space Used": 251,"Sort Space Type": "Memory"},{"Worker Number": 1,"Sort Method": "quicksort","Sort Space Used": 255,"Sort Space Type": "Memory"}],"Plans": [{"Node Type": "Hash Join","Parent Relationship": "Outer","Parallel Aware": false,"Async Capable": false,"Join Type": "Inner","Startup Cost": 366.16,"Total Cost": 71418.15,"Plan Rows": 2455,"Plan Width": 252,"Actual Startup Time": 11.670,"Actual Total Time": 900.219,"Actual Rows": 1915,"Actual Loops": 3,"Inner Unique": false,"Hash Cond": "(lineitem.l_suppkey = supplier.s_suppkey)","Join Filter": "(((n1.n_name = 'UNITED KINGDOM'::bpchar) AND (n2.n_name = 'EGYPT'::bpchar)) OR ((n1.n_name = 'EGYPT'::bpchar) AND (n2.n_name = 'UNITED KINGDOM'::bpchar)))","Rows Removed by Join Filter": 1982,"Workers": [],"Plans": [{"Node Type": "Nested Loop","Parent Relationship": "Outer","Parallel Aware": false,"Async Capable": false,"Join Type": "Inner","Startup Cost": 2.26,"Total Cost": 70727.78,"Plan Rows": 60250,"Plan Width": 124,"Actual Startup Time": 0.669,"Actual Total Time": 882.746,"Actual Rows": 48300,"Actual Loops": 3,"Inner Unique": false,"Workers": [],"Plans": [{"Node Type": "Nested Loop","Parent Relationship": "Outer","Parallel Aware": false,"Async Capable": false,"Join Type": "Inner","Startup Cost": 1.83,"Total Cost": 12400.01,"Plan Rows": 49000,"Plan Width": 108,"Actual Startup Time": 0.302,"Actual Total Time": 218.468,"Actual Rows": 39522,"Actual Loops": 3,"Inner Unique": false,"Workers": [],"Plans": [{"Node Type": "Hash Join","Parent Relationship": "Outer","Parallel Aware": false,"Async Capable": false,"Join Type": "Inner","Startup Cost": 1.40,"Total Cost": 4403.27,"Plan Rows": 4900,"Plan Width": 108,"Actual Startup Time": 0.198,"Actual Total Time": 42.886,"Actual Rows": 4002,"Actual Loops": 3,"Inner Unique": true,"Hash Cond": "(customer.c_nationkey = n2.n_nationkey)","Workers": [],"Plans": [{"Node Type": "Seq Scan","Parent Relationship": "Outer","Parallel Aware": true,"Async Capable": false,"Relation Name": "customer","Alias": "customer","Startup Cost": 0.00,"Total Cost": 4210.00,"Plan Rows": 62500,"Plan Width": 8,"Actual Startup Time": 0.021,"Actual Total Time": 8.952,"Actual Rows": 50000,"Actual Loops": 3,"Workers": []},{"Node Type": "Hash","Parent Relationship": "Inner","Parallel Aware": false,"Async Capable": false,"Startup Cost": 1.38,"Total Cost": 1.38,"Plan Rows": 2,"Plan Width": 108,"Actual Startup Time": 0.066,"Actual Total Time": 0.071,"Actual Rows": 2,"Actual Loops": 3,"Hash Buckets": 1024,"Original Hash Buckets": 1024,"Hash Batches": 1,"Original Hash Batches": 1,"Peak Memory Usage": 9,"Workers": [],"Plans": [{"Node Type": "Seq Scan","Parent Relationship": "Outer","Parallel Aware": false,"Async Capable": false,"Relation Name": "nation","Alias": "n2","Startup Cost": 0.00,"Total Cost": 1.38,"Plan Rows": 2,"Plan Width": 108,"Actual Startup Time": 0.050,"Actual Total Time": 0.056,"Actual Rows": 2,"Actual Loops": 3,"Filter": "((n_name = 'EGYPT'::bpchar) OR (n_name = 'UNITED KINGDOM'::bpchar))","Rows Removed by Filter": 23,"Workers": []}]}]},{"Node Type": "Index Scan","Parent Relationship": "Inner","Parallel Aware": false,"Async Capable": false,"Scan Direction": "Forward","Index Name": "idx_orders_custkey","Relation Name": "orders","Alias": "orders","Startup Cost": 0.43,"Total Cost": 1.46,"Plan Rows": 17,"Plan Width": 8,"Actual Startup Time": 0.007,"Actual Total Time": 0.043,"Actual Rows": 10,"Actual Loops": 12006,"Index Cond": "(o_custkey = customer.c_custkey)","Rows Removed by Index Recheck": 0,"Workers": []}]},{"Node Type": "Index Scan","Parent Relationship": "Inner","Parallel Aware": false,"Async Capable": false,"Scan Direction": "Forward","Index Name": "idx_lineitem_orderkey","Relation Name": "lineitem","Alias": "lineitem","Startup Cost": 0.43,"Total Cost": 1.14,"Plan Rows": 5,"Plan Width": 24,"Actual Startup Time": 0.016,"Actual Total Time": 0.017,"Actual Rows": 1,"Actual Loops": 118566,"Index Cond": "(l_orderkey = orders.o_orderkey)","Rows Removed by Index Recheck": 0,"Filter": "((l_shipdate >= '1995-01-01'::date) AND (l_shipdate <= '1996-12-31'::date))","Rows Removed by Filter": 3,"Workers": []}]},{"Node Type": "Hash","Parent Relationship": "Inner","Parallel Aware": false,"Async Capable": false,"Startup Cost": 354.10,"Total Cost": 354.10,"Plan Rows": 784,"Plan Width": 108,"Actual Startup Time": 10.373,"Actual Total Time": 10.390,"Actual Rows": 805,"Actual Loops": 3,"Hash Buckets": 1024,"Original Hash Buckets": 1024,"Hash Batches": 1,"Original Hash Batches": 1,"Peak Memory Usage": 57,"Workers": [],"Plans": [{"Node Type": "Hash Join","Parent Relationship": "Outer","Parallel Aware": false,"Async Capable": false,"Join Type": "Inner","Startup Cost": 1.40,"Total Cost": 354.10,"Plan Rows": 784,"Plan Width": 108,"Actual Startup Time": 0.066,"Actual Total Time": 10.186,"Actual Rows": 805,"Actual Loops": 3,"Inner Unique": true,"Hash Cond": "(supplier.s_nationkey = n1.n_nationkey)","Workers": [],"Plans": [{"Node Type": "Seq Scan","Parent Relationship": "Outer","Parallel Aware": false,"Async Capable": false,"Relation Name": "supplier","Alias": "supplier","Startup Cost": 0.00,"Total Cost": 322.00,"Plan Rows": 10000,"Plan Width": 8,"Actual Startup Time": 0.025,"Actual Total Time": 4.179,"Actual Rows": 10000,"Actual Loops": 3,"Workers": []},{"Node Type": "Hash","Parent Relationship": "Inner","Parallel Aware": false,"Async Capable": false,"Startup Cost": 1.38,"Total Cost": 1.38,"Plan Rows": 2,"Plan Width": 108,"Actual Startup Time": 0.017,"Actual Total Time": 0.024,"Actual Rows": 2,"Actual Loops": 3,"Hash Buckets": 1024,"Original Hash Buckets": 1024,"Hash Batches": 1,"Original Hash Batches": 1,"Peak Memory Usage": 9,"Workers": [],"Plans": [{"Node Type": "Seq Scan","Parent Relationship": "Outer","Parallel Aware": false,"Async Capable": false,"Relation Name": "nation","Alias": "n1","Startup Cost": 0.00,"Total Cost": 1.38,"Plan Rows": 2,"Plan Width": 108,"Actual Startup Time": 0.006,"Actual Total Time": 0.011,"Actual Rows": 2,"Actual Loops": 3,"Filter": "((n_name = 'UNITED KINGDOM'::bpchar) OR (n_name = 'EGYPT'::bpchar))","Rows Removed by Filter": 23,"Workers": []}]}]}]}]}]}]}]}]},"Planning Time": 8.540,"Triggers": [],"Execution Time": 953.803}]
[{"Plan": {"Node Type": "Aggregate","Strategy": "Sorted","Partial Mode": "Finalize","Parallel Aware": false,"Async Capable": false,"Startup Cost": 72556.41,"Total Cost": 73352.71,"Plan Rows": 5893,"Plan Width": 272,"Actual Startup Time": 922.711,"Actual Total Time": 977.714,"Actual Rows": 4,"Actual Loops": 1,"Group Key": ["n1.n_name", "n2.n_name", "(EXTRACT(year FROM lineitem.l_shipdate))"],"Plans": [{"Node Type": "Gather Merge","Parent Relationship": "Outer","Parallel Aware": false,"Async Capable": false,"Startup Cost": 72556.41,"Total Cost": 73202.94,"Plan Rows": 4910,"Plan Width": 272,"Actual Startup Time": 922.401,"Actual Total Time": 977.605,"Actual Rows": 12,"Actual Loops": 1,"Workers Planned": 2,"Workers Launched": 2,"Plans": [{"Node Type": "Aggregate","Strategy": "Sorted","Partial Mode": "Partial","Parent Relationship": "Outer","Parallel Aware": false,"Async Capable": false,"Startup Cost": 71556.39,"Total Cost": 71636.18,"Plan Rows": 2455,"Plan Width": 272,"Actual Startup Time": 914.633,"Actual Total Time": 915.290,"Actual Rows": 4,"Actual Loops": 3,"Group Key": ["n1.n_name", "n2.n_name", "(EXTRACT(year FROM lineitem.l_shipdate))"],"Workers": [],"Plans": [{"Node Type": "Sort","Parent Relationship": "Outer","Parallel Aware": false,"Async Capable": false,"Startup Cost": 71556.39,"Total Cost": 71562.53,"Plan Rows": 2455,"Plan Width": 252,"Actual Startup Time": 914.366,"Actual Total Time": 914.474,"Actual Rows": 1969,"Actual Loops": 3,"Sort Key": ["n1.n_name", "n2.n_name", "(EXTRACT(year FROM lineitem.l_shipdate))"],"Sort Method": "quicksort","Sort Space Used": 258,"Sort Space Type": "Memory","Workers": [{"Worker Number": 0,"Sort Method": "quicksort","Sort Space Used": 263,"Sort Space Type": "Memory"},{"Worker Number": 1,"Sort Method": "quicksort","Sort Space Used": 270,"Sort Space Type": "Memory"}],"Plans": [{"Node Type": "Hash Join","Parent Relationship": "Outer","Parallel Aware": false,"Async Capable": false,"Join Type": "Inner","Startup Cost": 366.16,"Total Cost": 71418.15,"Plan Rows": 2455,"Plan Width": 252,"Actual Startup Time": 11.117,"Actual Total Time": 912.562,"Actual Rows": 1969,"Actual Loops": 3,"Inner Unique": false,"Hash Cond": "(lineitem.l_suppkey = supplier.s_suppkey)","Join Filter": "(((n1.n_name = 'ALGERIA'::bpchar) AND (n2.n_name = 'UNITED KINGDOM'::bpchar)) OR ((n1.n_name = 'UNITED KINGDOM'::bpchar) AND (n2.n_name = 'ALGERIA'::bpchar)))","Rows Removed by Join Filter": 2013,"Workers": [],"Plans": [{"Node Type": "Nested Loop","Parent Relationship": "Outer","Parallel Aware": false,"Async Capable": false,"Join Type": "Inner","Startup Cost": 2.26,"Total Cost": 70727.78,"Plan Rows": 60250,"Plan Width": 124,"Actual Startup Time": 0.633,"Actual Total Time": 896.444,"Actual Rows": 48392,"Actual Loops": 3,"Inner Unique": false,"Workers": [],"Plans": [{"Node Type": "Nested Loop","Parent Relationship": "Outer","Parallel Aware": false,"Async Capable": false,"Join Type": "Inner","Startup Cost": 1.83,"Total Cost": 12400.01,"Plan Rows": 49000,"Plan Width": 108,"Actual Startup Time": 0.314,"Actual Total Time": 227.027,"Actual Rows": 39692,"Actual Loops": 3,"Inner Unique": false,"Workers": [],"Plans": [{"Node Type": "Hash Join","Parent Relationship": "Outer","Parallel Aware": false,"Async Capable": false,"Join Type": "Inner","Startup Cost": 1.40,"Total Cost": 4403.27,"Plan Rows": 4900,"Plan Width": 108,"Actual Startup Time": 0.195,"Actual Total Time": 48.303,"Actual Rows": 3979,"Actual Loops": 3,"Inner Unique": true,"Hash Cond": "(customer.c_nationkey = n2.n_nationkey)","Workers": [],"Plans": [{"Node Type": "Seq Scan","Parent Relationship": "Outer","Parallel Aware": true,"Async Capable": false,"Relation Name": "customer","Alias": "customer","Startup Cost": 0.00,"Total Cost": 4210.00,"Plan Rows": 62500,"Plan Width": 8,"Actual Startup Time": 0.017,"Actual Total Time": 9.553,"Actual Rows": 50000,"Actual Loops": 3,"Workers": []},{"Node Type": "Hash","Parent Relationship": "Inner","Parallel Aware": false,"Async Capable": false,"Startup Cost": 1.38,"Total Cost": 1.38,"Plan Rows": 2,"Plan Width": 108,"Actual Startup Time": 0.082,"Actual Total Time": 0.089,"Actual Rows": 2,"Actual Loops": 3,"Hash Buckets": 1024,"Original Hash Buckets": 1024,"Hash Batches": 1,"Original Hash Batches": 1,"Peak Memory Usage": 9,"Workers": [],"Plans": [{"Node Type": "Seq Scan","Parent Relationship": "Outer","Parallel Aware": false,"Async Capable": false,"Relation Name": "nation","Alias": "n2","Startup Cost": 0.00,"Total Cost": 1.38,"Plan Rows": 2,"Plan Width": 108,"Actual Startup Time": 0.056,"Actual Total Time": 0.065,"Actual Rows": 2,"Actual Loops": 3,"Filter": "((n_name = 'UNITED KINGDOM'::bpchar) OR (n_name = 'ALGERIA'::bpchar))","Rows Removed by Filter": 23,"Workers": []}]}]},{"Node Type": "Index Scan","Parent Relationship": "Inner","Parallel Aware": false,"Async Capable": false,"Scan Direction": "Forward","Index Name": "idx_orders_custkey","Relation Name": "orders","Alias": "orders","Startup Cost": 0.43,"Total Cost": 1.46,"Plan Rows": 17,"Plan Width": 8,"Actual Startup Time": 0.007,"Actual Total Time": 0.044,"Actual Rows": 10,"Actual Loops": 11936,"Index Cond": "(o_custkey = customer.c_custkey)","Rows Removed by Index Recheck": 0,"Workers": []}]},{"Node Type": "Index Scan","Parent Relationship": "Inner","Parallel Aware": false,"Async Capable": false,"Scan Direction": "Forward","Index Name": "idx_lineitem_orderkey","Relation Name": "lineitem","Alias": "lineitem","Startup Cost": 0.43,"Total Cost": 1.14,"Plan Rows": 5,"Plan Width": 24,"Actual Startup Time": 0.016,"Actual Total Time": 0.017,"Actual Rows": 1,"Actual Loops": 119077,"Index Cond": "(l_orderkey = orders.o_orderkey)","Rows Removed by Index Recheck": 0,"Filter": "((l_shipdate >= '1995-01-01'::date) AND (l_shipdate <= '1996-12-31'::date))","Rows Removed by Filter": 3,"Workers": []}]},{"Node Type": "Hash","Parent Relationship": "Inner","Parallel Aware": false,"Async Capable": false,"Startup Cost": 354.10,"Total Cost": 354.10,"Plan Rows": 784,"Plan Width": 108,"Actual Startup Time": 8.889,"Actual Total Time": 8.905,"Actual Rows": 810,"Actual Loops": 3,"Hash Buckets": 1024,"Original Hash Buckets": 1024,"Hash Batches": 1,"Original Hash Batches": 1,"Peak Memory Usage": 58,"Workers": [],"Plans": [{"Node Type": "Hash Join","Parent Relationship": "Outer","Parallel Aware": false,"Async Capable": false,"Join Type": "Inner","Startup Cost": 1.40,"Total Cost": 354.10,"Plan Rows": 784,"Plan Width": 108,"Actual Startup Time": 0.078,"Actual Total Time": 8.662,"Actual Rows": 810,"Actual Loops": 3,"Inner Unique": true,"Hash Cond": "(supplier.s_nationkey = n1.n_nationkey)","Workers": [],"Plans": [{"Node Type": "Seq Scan","Parent Relationship": "Outer","Parallel Aware": false,"Async Capable": false,"Relation Name": "supplier","Alias": "supplier","Startup Cost": 0.00,"Total Cost": 322.00,"Plan Rows": 10000,"Plan Width": 8,"Actual Startup Time": 0.026,"Actual Total Time": 4.483,"Actual Rows": 10000,"Actual Loops": 3,"Workers": []},{"Node Type": "Hash","Parent Relationship": "Inner","Parallel Aware": false,"Async Capable": false,"Startup Cost": 1.38,"Total Cost": 1.38,"Plan Rows": 2,"Plan Width": 108,"Actual Startup Time": 0.018,"Actual Total Time": 0.024,"Actual Rows": 2,"Actual Loops": 3,"Hash Buckets": 1024,"Original Hash Buckets": 1024,"Hash Batches": 1,"Original Hash Batches": 1,"Peak Memory Usage": 9,"Workers": [],"Plans": [{"Node Type": "Seq Scan","Parent Relationship": "Outer","Parallel Aware": false,"Async Capable": false,"Relation Name": "nation","Alias": "n1","Startup Cost": 0.00,"Total Cost": 1.38,"Plan Rows": 2,"Plan Width": 108,"Actual Startup Time": 0.005,"Actual Total Time": 0.012,"Actual Rows": 2,"Actual Loops": 3,"Filter": "((n_name = 'ALGERIA'::bpchar) OR (n_name = 'UNITED KINGDOM'::bpchar))","Rows Removed by Filter": 23,"Workers": []}]}]}]}]}]}]}]}]},"Planning Time": 9.432,"Triggers": [],"Execution Time": 978.204}]
[{"Plan": {"Node Type": "Aggregate","Strategy": "Sorted","Partial Mode": "Finalize","Parallel Aware": false,"Async Capable": false,"Startup Cost": 72556.41,"Total Cost": 73352.71,"Plan Rows": 5893,"Plan Width": 272,"Actual Startup Time": 938.723,"Actual Total Time": 990.998,"Actual Rows": 4,"Actual Loops": 1,"Group Key": ["n1.n_name", "n2.n_name", "(EXTRACT(year FROM lineitem.l_shipdate))"],"Plans": [{"Node Type": "Gather Merge","Parent Relationship": "Outer","Parallel Aware": false,"Async Capable": false,"Startup Cost": 72556.41,"Total Cost": 73202.94,"Plan Rows": 4910,"Plan Width": 272,"Actual Startup Time": 937.994,"Actual Total Time": 990.909,"Actual Rows": 12,"Actual Loops": 1,"Workers Planned": 2,"Workers Launched": 2,"Plans": [{"Node Type": "Aggregate","Strategy": "Sorted","Partial Mode": "Partial","Parent Relationship": "Outer","Parallel Aware": false,"Async Capable": false,"Startup Cost": 71556.39,"Total Cost": 71636.18,"Plan Rows": 2455,"Plan Width": 272,"Actual Startup Time": 930.054,"Actual Total Time": 930.879,"Actual Rows": 4,"Actual Loops": 3,"Group Key": ["n1.n_name", "n2.n_name", "(EXTRACT(year FROM lineitem.l_shipdate))"],"Workers": [],"Plans": [{"Node Type": "Sort","Parent Relationship": "Outer","Parallel Aware": false,"Async Capable": false,"Startup Cost": 71556.39,"Total Cost": 71562.53,"Plan Rows": 2455,"Plan Width": 252,"Actual Startup Time": 929.796,"Actual Total Time": 929.908,"Actual Rows": 1997,"Actual Loops": 3,"Sort Key": ["n1.n_name", "n2.n_name", "(EXTRACT(year FROM lineitem.l_shipdate))"],"Sort Method": "quicksort","Sort Space Used": 266,"Sort Space Type": "Memory","Workers": [{"Worker Number": 0,"Sort Method": "quicksort","Sort Space Used": 267,"Sort Space Type": "Memory"},{"Worker Number": 1,"Sort Method": "quicksort","Sort Space Used": 268,"Sort Space Type": "Memory"}],"Plans": [{"Node Type": "Hash Join","Parent Relationship": "Outer","Parallel Aware": false,"Async Capable": false,"Join Type": "Inner","Startup Cost": 366.16,"Total Cost": 71418.15,"Plan Rows": 2455,"Plan Width": 252,"Actual Startup Time": 9.686,"Actual Total Time": 927.996,"Actual Rows": 1997,"Actual Loops": 3,"Inner Unique": false,"Hash Cond": "(lineitem.l_suppkey = supplier.s_suppkey)","Join Filter": "(((n1.n_name = 'INDONESIA'::bpchar) AND (n2.n_name = 'BRAZIL'::bpchar)) OR ((n1.n_name = 'BRAZIL'::bpchar) AND (n2.n_name = 'INDONESIA'::bpchar)))","Rows Removed by Join Filter": 1995,"Workers": [],"Plans": [{"Node Type": "Nested Loop","Parent Relationship": "Outer","Parallel Aware": false,"Async Capable": false,"Join Type": "Inner","Startup Cost": 2.26,"Total Cost": 70727.78,"Plan Rows": 60250,"Plan Width": 124,"Actual Startup Time": 0.939,"Actual Total Time": 911.889,"Actual Rows": 49541,"Actual Loops": 3,"Inner Unique": false,"Workers": [],"Plans": [{"Node Type": "Nested Loop","Parent Relationship": "Outer","Parallel Aware": false,"Async Capable": false,"Join Type": "Inner","Startup Cost": 1.83,"Total Cost": 12400.01,"Plan Rows": 49000,"Plan Width": 108,"Actual Startup Time": 0.249,"Actual Total Time": 229.670,"Actual Rows": 40505,"Actual Loops": 3,"Inner Unique": false,"Workers": [],"Plans": [{"Node Type": "Hash Join","Parent Relationship": "Outer","Parallel Aware": false,"Async Capable": false,"Join Type": "Inner","Startup Cost": 1.40,"Total Cost": 4403.27,"Plan Rows": 4900,"Plan Width": 108,"Actual Startup Time": 0.153,"Actual Total Time": 47.419,"Actual Rows": 4053,"Actual Loops": 3,"Inner Unique": true,"Hash Cond": "(customer.c_nationkey = n2.n_nationkey)","Workers": [],"Plans": [{"Node Type": "Seq Scan","Parent Relationship": "Outer","Parallel Aware": true,"Async Capable": false,"Relation Name": "customer","Alias": "customer","Startup Cost": 0.00,"Total Cost": 4210.00,"Plan Rows": 62500,"Plan Width": 8,"Actual Startup Time": 0.011,"Actual Total Time": 9.590,"Actual Rows": 50000,"Actual Loops": 3,"Workers": []},{"Node Type": "Hash","Parent Relationship": "Inner","Parallel Aware": false,"Async Capable": false,"Startup Cost": 1.38,"Total Cost": 1.38,"Plan Rows": 2,"Plan Width": 108,"Actual Startup Time": 0.064,"Actual Total Time": 0.068,"Actual Rows": 2,"Actual Loops": 3,"Hash Buckets": 1024,"Original Hash Buckets": 1024,"Hash Batches": 1,"Original Hash Batches": 1,"Peak Memory Usage": 9,"Workers": [],"Plans": [{"Node Type": "Seq Scan","Parent Relationship": "Outer","Parallel Aware": false,"Async Capable": false,"Relation Name": "nation","Alias": "n2","Startup Cost": 0.00,"Total Cost": 1.38,"Plan Rows": 2,"Plan Width": 108,"Actual Startup Time": 0.040,"Actual Total Time": 0.047,"Actual Rows": 2,"Actual Loops": 3,"Filter": "((n_name = 'BRAZIL'::bpchar) OR (n_name = 'INDONESIA'::bpchar))","Rows Removed by Filter": 23,"Workers": []}]}]},{"Node Type": "Index Scan","Parent Relationship": "Inner","Parallel Aware": false,"Async Capable": false,"Scan Direction": "Forward","Index Name": "idx_orders_custkey","Relation Name": "orders","Alias": "orders","Startup Cost": 0.43,"Total Cost": 1.46,"Plan Rows": 17,"Plan Width": 8,"Actual Startup Time": 0.007,"Actual Total Time": 0.044,"Actual Rows": 10,"Actual Loops": 12160,"Index Cond": "(o_custkey = customer.c_custkey)","Rows Removed by Index Recheck": 0,"Workers": []}]},{"Node Type": "Index Scan","Parent Relationship": "Inner","Parallel Aware": false,"Async Capable": false,"Scan Direction": "Forward","Index Name": "idx_lineitem_orderkey","Relation Name": "lineitem","Alias": "lineitem","Startup Cost": 0.43,"Total Cost": 1.14,"Plan Rows": 5,"Plan Width": 24,"Actual Startup Time": 0.016,"Actual Total Time": 0.017,"Actual Rows": 1,"Actual Loops": 121514,"Index Cond": "(l_orderkey = orders.o_orderkey)","Rows Removed by Index Recheck": 0,"Filter": "((l_shipdate >= '1995-01-01'::date) AND (l_shipdate <= '1996-12-31'::date))","Rows Removed by Filter": 3,"Workers": []}]},{"Node Type": "Hash","Parent Relationship": "Inner","Parallel Aware": false,"Async Capable": false,"Startup Cost": 354.10,"Total Cost": 354.10,"Plan Rows": 784,"Plan Width": 108,"Actual Startup Time": 8.612,"Actual Total Time": 8.620,"Actual Rows": 802,"Actual Loops": 3,"Hash Buckets": 1024,"Original Hash Buckets": 1024,"Hash Batches": 1,"Original Hash Batches": 1,"Peak Memory Usage": 57,"Workers": [],"Plans": [{"Node Type": "Hash Join","Parent Relationship": "Outer","Parallel Aware": false,"Async Capable": false,"Join Type": "Inner","Startup Cost": 1.40,"Total Cost": 354.10,"Plan Rows": 784,"Plan Width": 108,"Actual Startup Time": 0.088,"Actual Total Time": 8.401,"Actual Rows": 802,"Actual Loops": 3,"Inner Unique": true,"Hash Cond": "(supplier.s_nationkey = n1.n_nationkey)","Workers": [],"Plans": [{"Node Type": "Seq Scan","Parent Relationship": "Outer","Parallel Aware": false,"Async Capable": false,"Relation Name": "supplier","Alias": "supplier","Startup Cost": 0.00,"Total Cost": 322.00,"Plan Rows": 10000,"Plan Width": 8,"Actual Startup Time": 0.032,"Actual Total Time": 4.335,"Actual Rows": 10000,"Actual Loops": 3,"Workers": []},{"Node Type": "Hash","Parent Relationship": "Inner","Parallel Aware": false,"Async Capable": false,"Startup Cost": 1.38,"Total Cost": 1.38,"Plan Rows": 2,"Plan Width": 108,"Actual Startup Time": 0.016,"Actual Total Time": 0.019,"Actual Rows": 2,"Actual Loops": 3,"Hash Buckets": 1024,"Original Hash Buckets": 1024,"Hash Batches": 1,"Original Hash Batches": 1,"Peak Memory Usage": 9,"Workers": [],"Plans": [{"Node Type": "Seq Scan","Parent Relationship": "Outer","Parallel Aware": false,"Async Capable": false,"Relation Name": "nation","Alias": "n1","Startup Cost": 0.00,"Total Cost": 1.38,"Plan Rows": 2,"Plan Width": 108,"Actual Startup Time": 0.005,"Actual Total Time": 0.011,"Actual Rows": 2,"Actual Loops": 3,"Filter": "((n_name = 'INDONESIA'::bpchar) OR (n_name = 'BRAZIL'::bpchar))","Rows Removed by Filter": 23,"Workers": []}]}]}]}]}]}]}]}]},"Planning Time": 9.470,"Triggers": [],"Execution Time": 991.409}]
[{"Plan": {"Node Type": "Aggregate","Strategy": "Sorted","Partial Mode": "Finalize","Parallel Aware": false,"Async Capable": false,"Startup Cost": 72556.41,"Total Cost": 73352.71,"Plan Rows": 5893,"Plan Width": 272,"Actual Startup Time": 927.750,"Actual Total Time": 971.877,"Actual Rows": 4,"Actual Loops": 1,"Group Key": ["n1.n_name", "n2.n_name", "(EXTRACT(year FROM lineitem.l_shipdate))"],"Plans": [{"Node Type": "Gather Merge","Parent Relationship": "Outer","Parallel Aware": false,"Async Capable": false,"Startup Cost": 72556.41,"Total Cost": 73202.94,"Plan Rows": 4910,"Plan Width": 272,"Actual Startup Time": 927.252,"Actual Total Time": 971.765,"Actual Rows": 12,"Actual Loops": 1,"Workers Planned": 2,"Workers Launched": 2,"Plans": [{"Node Type": "Aggregate","Strategy": "Sorted","Partial Mode": "Partial","Parent Relationship": "Outer","Parallel Aware": false,"Async Capable": false,"Startup Cost": 71556.39,"Total Cost": 71636.18,"Plan Rows": 2455,"Plan Width": 272,"Actual Startup Time": 919.399,"Actual Total Time": 920.156,"Actual Rows": 4,"Actual Loops": 3,"Group Key": ["n1.n_name", "n2.n_name", "(EXTRACT(year FROM lineitem.l_shipdate))"],"Workers": [],"Plans": [{"Node Type": "Sort","Parent Relationship": "Outer","Parallel Aware": false,"Async Capable": false,"Startup Cost": 71556.39,"Total Cost": 71562.53,"Plan Rows": 2455,"Plan Width": 252,"Actual Startup Time": 919.129,"Actual Total Time": 919.244,"Actual Rows": 1960,"Actual Loops": 3,"Sort Key": ["n1.n_name", "n2.n_name", "(EXTRACT(year FROM lineitem.l_shipdate))"],"Sort Method": "quicksort","Sort Space Used": 321,"Sort Space Type": "Memory","Workers": [{"Worker Number": 0,"Sort Method": "quicksort","Sort Space Used": 255,"Sort Space Type": "Memory"},{"Worker Number": 1,"Sort Method": "quicksort","Sort Space Used": 261,"Sort Space Type": "Memory"}],"Plans": [{"Node Type": "Hash Join","Parent Relationship": "Outer","Parallel Aware": false,"Async Capable": false,"Join Type": "Inner","Startup Cost": 366.16,"Total Cost": 71418.15,"Plan Rows": 2455,"Plan Width": 252,"Actual Startup Time": 11.653,"Actual Total Time": 917.303,"Actual Rows": 1960,"Actual Loops": 3,"Inner Unique": false,"Hash Cond": "(lineitem.l_suppkey = supplier.s_suppkey)","Join Filter": "(((n1.n_name = 'RUSSIA'::bpchar) AND (n2.n_name = 'GERMANY'::bpchar)) OR ((n1.n_name = 'GERMANY'::bpchar) AND (n2.n_name = 'RUSSIA'::bpchar)))","Rows Removed by Join Filter": 1958,"Workers": [],"Plans": [{"Node Type": "Nested Loop","Parent Relationship": "Outer","Parallel Aware": false,"Async Capable": false,"Join Type": "Inner","Startup Cost": 2.26,"Total Cost": 70727.78,"Plan Rows": 60250,"Plan Width": 124,"Actual Startup Time": 0.682,"Actual Total Time": 899.851,"Actual Rows": 49249,"Actual Loops": 3,"Inner Unique": false,"Workers": [],"Plans": [{"Node Type": "Nested Loop","Parent Relationship": "Outer","Parallel Aware": false,"Async Capable": false,"Join Type": "Inner","Startup Cost": 1.83,"Total Cost": 12400.01,"Plan Rows": 49000,"Plan Width": 108,"Actual Startup Time": 0.370,"Actual Total Time": 222.603,"Actual Rows": 40406,"Actual Loops": 3,"Inner Unique": false,"Workers": [],"Plans": [{"Node Type": "Hash Join","Parent Relationship": "Outer","Parallel Aware": false,"Async Capable": false,"Join Type": "Inner","Startup Cost": 1.40,"Total Cost": 4403.27,"Plan Rows": 4900,"Plan Width": 108,"Actual Startup Time": 0.188,"Actual Total Time": 44.162,"Actual Rows": 3995,"Actual Loops": 3,"Inner Unique": true,"Hash Cond": "(customer.c_nationkey = n2.n_nationkey)","Workers": [],"Plans": [{"Node Type": "Seq Scan","Parent Relationship": "Outer","Parallel Aware": true,"Async Capable": false,"Relation Name": "customer","Alias": "customer","Startup Cost": 0.00,"Total Cost": 4210.00,"Plan Rows": 62500,"Plan Width": 8,"Actual Startup Time": 0.013,"Actual Total Time": 9.067,"Actual Rows": 50000,"Actual Loops": 3,"Workers": []},{"Node Type": "Hash","Parent Relationship": "Inner","Parallel Aware": false,"Async Capable": false,"Startup Cost": 1.38,"Total Cost": 1.38,"Plan Rows": 2,"Plan Width": 108,"Actual Startup Time": 0.088,"Actual Total Time": 0.097,"Actual Rows": 2,"Actual Loops": 3,"Hash Buckets": 1024,"Original Hash Buckets": 1024,"Hash Batches": 1,"Original Hash Batches": 1,"Peak Memory Usage": 9,"Workers": [],"Plans": [{"Node Type": "Seq Scan","Parent Relationship": "Outer","Parallel Aware": false,"Async Capable": false,"Relation Name": "nation","Alias": "n2","Startup Cost": 0.00,"Total Cost": 1.38,"Plan Rows": 2,"Plan Width": 108,"Actual Startup Time": 0.063,"Actual Total Time": 0.071,"Actual Rows": 2,"Actual Loops": 3,"Filter": "((n_name = 'GERMANY'::bpchar) OR (n_name = 'RUSSIA'::bpchar))","Rows Removed by Filter": 23,"Workers": []}]}]},{"Node Type": "Index Scan","Parent Relationship": "Inner","Parallel Aware": false,"Async Capable": false,"Scan Direction": "Forward","Index Name": "idx_orders_custkey","Relation Name": "orders","Alias": "orders","Startup Cost": 0.43,"Total Cost": 1.46,"Plan Rows": 17,"Plan Width": 8,"Actual Startup Time": 0.007,"Actual Total Time": 0.043,"Actual Rows": 10,"Actual Loops": 11986,"Index Cond": "(o_custkey = customer.c_custkey)","Rows Removed by Index Recheck": 0,"Workers": []}]},{"Node Type": "Index Scan","Parent Relationship": "Inner","Parallel Aware": false,"Async Capable": false,"Scan Direction": "Forward","Index Name": "idx_lineitem_orderkey","Relation Name": "lineitem","Alias": "lineitem","Startup Cost": 0.43,"Total Cost": 1.14,"Plan Rows": 5,"Plan Width": 24,"Actual Startup Time": 0.016,"Actual Total Time": 0.017,"Actual Rows": 1,"Actual Loops": 121219,"Index Cond": "(l_orderkey = orders.o_orderkey)","Rows Removed by Index Recheck": 0,"Filter": "((l_shipdate >= '1995-01-01'::date) AND (l_shipdate <= '1996-12-31'::date))","Rows Removed by Filter": 3,"Workers": []}]},{"Node Type": "Hash","Parent Relationship": "Inner","Parallel Aware": false,"Async Capable": false,"Startup Cost": 354.10,"Total Cost": 354.10,"Plan Rows": 784,"Plan Width": 108,"Actual Startup Time": 10.461,"Actual Total Time": 10.478,"Actual Rows": 797,"Actual Loops": 3,"Hash Buckets": 1024,"Original Hash Buckets": 1024,"Hash Batches": 1,"Original Hash Batches": 1,"Peak Memory Usage": 57,"Workers": [],"Plans": [{"Node Type": "Hash Join","Parent Relationship": "Outer","Parallel Aware": false,"Async Capable": false,"Join Type": "Inner","Startup Cost": 1.40,"Total Cost": 354.10,"Plan Rows": 784,"Plan Width": 108,"Actual Startup Time": 0.093,"Actual Total Time": 10.279,"Actual Rows": 797,"Actual Loops": 3,"Inner Unique": true,"Hash Cond": "(supplier.s_nationkey = n1.n_nationkey)","Workers": [],"Plans": [{"Node Type": "Seq Scan","Parent Relationship": "Outer","Parallel Aware": false,"Async Capable": false,"Relation Name": "supplier","Alias": "supplier","Startup Cost": 0.00,"Total Cost": 322.00,"Plan Rows": 10000,"Plan Width": 8,"Actual Startup Time": 0.030,"Actual Total Time": 4.109,"Actual Rows": 10000,"Actual Loops": 3,"Workers": []},{"Node Type": "Hash","Parent Relationship": "Inner","Parallel Aware": false,"Async Capable": false,"Startup Cost": 1.38,"Total Cost": 1.38,"Plan Rows": 2,"Plan Width": 108,"Actual Startup Time": 0.015,"Actual Total Time": 0.020,"Actual Rows": 2,"Actual Loops": 3,"Hash Buckets": 1024,"Original Hash Buckets": 1024,"Hash Batches": 1,"Original Hash Batches": 1,"Peak Memory Usage": 9,"Workers": [],"Plans": [{"Node Type": "Seq Scan","Parent Relationship": "Outer","Parallel Aware": false,"Async Capable": false,"Relation Name": "nation","Alias": "n1","Startup Cost": 0.00,"Total Cost": 1.38,"Plan Rows": 2,"Plan Width": 108,"Actual Startup Time": 0.005,"Actual Total Time": 0.011,"Actual Rows": 2,"Actual Loops": 3,"Filter": "((n_name = 'RUSSIA'::bpchar) OR (n_name = 'GERMANY'::bpchar))","Rows Removed by Filter": 23,"Workers": []}]}]}]}]}]}]}]}]},"Planning Time": 8.754,"Triggers": [],"Execution Time": 972.375}]
[{"Plan": {"Node Type": "Aggregate","Strategy": "Sorted","Partial Mode": "Finalize","Parallel Aware": false,"Async Capable": false,"Startup Cost": 72556.41,"Total Cost": 73352.71,"Plan Rows": 5893,"Plan Width": 272,"Actual Startup Time": 909.826,"Actual Total Time": 953.599,"Actual Rows": 4,"Actual Loops": 1,"Group Key": ["n1.n_name", "n2.n_name", "(EXTRACT(year FROM lineitem.l_shipdate))"],"Plans": [{"Node Type": "Gather Merge","Parent Relationship": "Outer","Parallel Aware": false,"Async Capable": false,"Startup Cost": 72556.41,"Total Cost": 73202.94,"Plan Rows": 4910,"Plan Width": 272,"Actual Startup Time": 909.560,"Actual Total Time": 953.539,"Actual Rows": 12,"Actual Loops": 1,"Workers Planned": 2,"Workers Launched": 2,"Plans": [{"Node Type": "Aggregate","Strategy": "Sorted","Partial Mode": "Partial","Parent Relationship": "Outer","Parallel Aware": false,"Async Capable": false,"Startup Cost": 71556.39,"Total Cost": 71636.18,"Plan Rows": 2455,"Plan Width": 272,"Actual Startup Time": 901.050,"Actual Total Time": 901.737,"Actual Rows": 4,"Actual Loops": 3,"Group Key": ["n1.n_name", "n2.n_name", "(EXTRACT(year FROM lineitem.l_shipdate))"],"Workers": [],"Plans": [{"Node Type": "Sort","Parent Relationship": "Outer","Parallel Aware": false,"Async Capable": false,"Startup Cost": 71556.39,"Total Cost": 71562.53,"Plan Rows": 2455,"Plan Width": 252,"Actual Startup Time": 900.780,"Actual Total Time": 900.885,"Actual Rows": 1956,"Actual Loops": 3,"Sort Key": ["n1.n_name", "n2.n_name", "(EXTRACT(year FROM lineitem.l_shipdate))"],"Sort Method": "quicksort","Sort Space Used": 271,"Sort Space Type": "Memory","Workers": [{"Worker Number": 0,"Sort Method": "quicksort","Sort Space Used": 258,"Sort Space Type": "Memory"},{"Worker Number": 1,"Sort Method": "quicksort","Sort Space Used": 258,"Sort Space Type": "Memory"}],"Plans": [{"Node Type": "Hash Join","Parent Relationship": "Outer","Parallel Aware": false,"Async Capable": false,"Join Type": "Inner","Startup Cost": 366.16,"Total Cost": 71418.15,"Plan Rows": 2455,"Plan Width": 252,"Actual Startup Time": 12.438,"Actual Total Time": 898.828,"Actual Rows": 1956,"Actual Loops": 3,"Inner Unique": false,"Hash Cond": "(lineitem.l_suppkey = supplier.s_suppkey)","Join Filter": "(((n1.n_name = 'UNITED KINGDOM'::bpchar) AND (n2.n_name = 'INDONESIA'::bpchar)) OR ((n1.n_name = 'INDONESIA'::bpchar) AND (n2.n_name = 'UNITED KINGDOM'::bpchar)))","Rows Removed by Join Filter": 2017,"Workers": [],"Plans": [{"Node Type": "Nested Loop","Parent Relationship": "Outer","Parallel Aware": false,"Async Capable": false,"Join Type": "Inner","Startup Cost": 2.26,"Total Cost": 70727.78,"Plan Rows": 60250,"Plan Width": 124,"Actual Startup Time": 0.593,"Actual Total Time": 880.233,"Actual Rows": 49273,"Actual Loops": 3,"Inner Unique": false,"Workers": [],"Plans": [{"Node Type": "Nested Loop","Parent Relationship": "Outer","Parallel Aware": false,"Async Capable": false,"Join Type": "Inner","Startup Cost": 1.83,"Total Cost": 12400.01,"Plan Rows": 49000,"Plan Width": 108,"Actual Startup Time": 0.373,"Actual Total Time": 217.910,"Actual Rows": 40277,"Actual Loops": 3,"Inner Unique": false,"Workers": [],"Plans": [{"Node Type": "Hash Join","Parent Relationship": "Outer","Parallel Aware": false,"Async Capable": false,"Join Type": "Inner","Startup Cost": 1.40,"Total Cost": 4403.27,"Plan Rows": 4900,"Plan Width": 108,"Actual Startup Time": 0.230,"Actual Total Time": 41.497,"Actual Rows": 4057,"Actual Loops": 3,"Inner Unique": true,"Hash Cond": "(customer.c_nationkey = n2.n_nationkey)","Workers": [],"Plans": [{"Node Type": "Seq Scan","Parent Relationship": "Outer","Parallel Aware": true,"Async Capable": false,"Relation Name": "customer","Alias": "customer","Startup Cost": 0.00,"Total Cost": 4210.00,"Plan Rows": 62500,"Plan Width": 8,"Actual Startup Time": 0.017,"Actual Total Time": 9.046,"Actual Rows": 50000,"Actual Loops": 3,"Workers": []},{"Node Type": "Hash","Parent Relationship": "Inner","Parallel Aware": false,"Async Capable": false,"Startup Cost": 1.38,"Total Cost": 1.38,"Plan Rows": 2,"Plan Width": 108,"Actual Startup Time": 0.090,"Actual Total Time": 0.097,"Actual Rows": 2,"Actual Loops": 3,"Hash Buckets": 1024,"Original Hash Buckets": 1024,"Hash Batches": 1,"Original Hash Batches": 1,"Peak Memory Usage": 9,"Workers": [],"Plans": [{"Node Type": "Seq Scan","Parent Relationship": "Outer","Parallel Aware": false,"Async Capable": false,"Relation Name": "nation","Alias": "n2","Startup Cost": 0.00,"Total Cost": 1.38,"Plan Rows": 2,"Plan Width": 108,"Actual Startup Time": 0.069,"Actual Total Time": 0.076,"Actual Rows": 2,"Actual Loops": 3,"Filter": "((n_name = 'INDONESIA'::bpchar) OR (n_name = 'UNITED KINGDOM'::bpchar))","Rows Removed by Filter": 23,"Workers": []}]}]},{"Node Type": "Index Scan","Parent Relationship": "Inner","Parallel Aware": false,"Async Capable": false,"Scan Direction": "Forward","Index Name": "idx_orders_custkey","Relation Name": "orders","Alias": "orders","Startup Cost": 0.43,"Total Cost": 1.46,"Plan Rows": 17,"Plan Width": 8,"Actual Startup Time": 0.007,"Actual Total Time": 0.042,"Actual Rows": 10,"Actual Loops": 12172,"Index Cond": "(o_custkey = customer.c_custkey)","Rows Removed by Index Recheck": 0,"Workers": []}]},{"Node Type": "Index Scan","Parent Relationship": "Inner","Parallel Aware": false,"Async Capable": false,"Scan Direction": "Forward","Index Name": "idx_lineitem_orderkey","Relation Name": "lineitem","Alias": "lineitem","Startup Cost": 0.43,"Total Cost": 1.14,"Plan Rows": 5,"Plan Width": 24,"Actual Startup Time": 0.015,"Actual Total Time": 0.016,"Actual Rows": 1,"Actual Loops": 120832,"Index Cond": "(l_orderkey = orders.o_orderkey)","Rows Removed by Index Recheck": 0,"Filter": "((l_shipdate >= '1995-01-01'::date) AND (l_shipdate <= '1996-12-31'::date))","Rows Removed by Filter": 3,"Workers": []}]},{"Node Type": "Hash","Parent Relationship": "Inner","Parallel Aware": false,"Async Capable": false,"Startup Cost": 354.10,"Total Cost": 354.10,"Plan Rows": 784,"Plan Width": 108,"Actual Startup Time": 10.385,"Actual Total Time": 10.398,"Actual Rows": 795,"Actual Loops": 3,"Hash Buckets": 1024,"Original Hash Buckets": 1024,"Hash Batches": 1,"Original Hash Batches": 1,"Peak Memory Usage": 57,"Workers": [],"Plans": [{"Node Type": "Hash Join","Parent Relationship": "Outer","Parallel Aware": false,"Async Capable": false,"Join Type": "Inner","Startup Cost": 1.40,"Total Cost": 354.10,"Plan Rows": 784,"Plan Width": 108,"Actual Startup Time": 0.060,"Actual Total Time": 10.208,"Actual Rows": 795,"Actual Loops": 3,"Inner Unique": true,"Hash Cond": "(supplier.s_nationkey = n1.n_nationkey)","Workers": [],"Plans": [{"Node Type": "Seq Scan","Parent Relationship": "Outer","Parallel Aware": false,"Async Capable": false,"Relation Name": "supplier","Alias": "supplier","Startup Cost": 0.00,"Total Cost": 322.00,"Plan Rows": 10000,"Plan Width": 8,"Actual Startup Time": 0.020,"Actual Total Time": 4.100,"Actual Rows": 10000,"Actual Loops": 3,"Workers": []},{"Node Type": "Hash","Parent Relationship": "Inner","Parallel Aware": false,"Async Capable": false,"Startup Cost": 1.38,"Total Cost": 1.38,"Plan Rows": 2,"Plan Width": 108,"Actual Startup Time": 0.012,"Actual Total Time": 0.016,"Actual Rows": 2,"Actual Loops": 3,"Hash Buckets": 1024,"Original Hash Buckets": 1024,"Hash Batches": 1,"Original Hash Batches": 1,"Peak Memory Usage": 9,"Workers": [],"Plans": [{"Node Type": "Seq Scan","Parent Relationship": "Outer","Parallel Aware": false,"Async Capable": false,"Relation Name": "nation","Alias": "n1","Startup Cost": 0.00,"Total Cost": 1.38,"Plan Rows": 2,"Plan Width": 108,"Actual Startup Time": 0.006,"Actual Total Time": 0.010,"Actual Rows": 2,"Actual Loops": 3,"Filter": "((n_name = 'UNITED KINGDOM'::bpchar) OR (n_name = 'INDONESIA'::bpchar))","Rows Removed by Filter": 23,"Workers": []}]}]}]}]}]}]}]}]},"Planning Time": 8.626,"Triggers": [],"Execution Time": 954.185}]
[{"Plan": {"Node Type": "Aggregate","Strategy": "Sorted","Partial Mode": "Finalize","Parallel Aware": false,"Async Capable": false,"Startup Cost": 72556.41,"Total Cost": 73352.71,"Plan Rows": 5893,"Plan Width": 272,"Actual Startup Time": 929.015,"Actual Total Time": 973.994,"Actual Rows": 4,"Actual Loops": 1,"Group Key": ["n1.n_name", "n2.n_name", "(EXTRACT(year FROM lineitem.l_shipdate))"],"Plans": [{"Node Type": "Gather Merge","Parent Relationship": "Outer","Parallel Aware": false,"Async Capable": false,"Startup Cost": 72556.41,"Total Cost": 73202.94,"Plan Rows": 4910,"Plan Width": 272,"Actual Startup Time": 928.715,"Actual Total Time": 973.929,"Actual Rows": 12,"Actual Loops": 1,"Workers Planned": 2,"Workers Launched": 2,"Plans": [{"Node Type": "Aggregate","Strategy": "Sorted","Partial Mode": "Partial","Parent Relationship": "Outer","Parallel Aware": false,"Async Capable": false,"Startup Cost": 71556.39,"Total Cost": 71636.18,"Plan Rows": 2455,"Plan Width": 272,"Actual Startup Time": 921.402,"Actual Total Time": 922.119,"Actual Rows": 4,"Actual Loops": 3,"Group Key": ["n1.n_name", "n2.n_name", "(EXTRACT(year FROM lineitem.l_shipdate))"],"Workers": [],"Plans": [{"Node Type": "Sort","Parent Relationship": "Outer","Parallel Aware": false,"Async Capable": false,"Startup Cost": 71556.39,"Total Cost": 71562.53,"Plan Rows": 2455,"Plan Width": 252,"Actual Startup Time": 921.126,"Actual Total Time": 921.231,"Actual Rows": 1967,"Actual Loops": 3,"Sort Key": ["n1.n_name", "n2.n_name", "(EXTRACT(year FROM lineitem.l_shipdate))"],"Sort Method": "quicksort","Sort Space Used": 264,"Sort Space Type": "Memory","Workers": [{"Worker Number": 0,"Sort Method": "quicksort","Sort Space Used": 263,"Sort Space Type": "Memory"},{"Worker Number": 1,"Sort Method": "quicksort","Sort Space Used": 264,"Sort Space Type": "Memory"}],"Plans": [{"Node Type": "Hash Join","Parent Relationship": "Outer","Parallel Aware": false,"Async Capable": false,"Join Type": "Inner","Startup Cost": 366.16,"Total Cost": 71418.15,"Plan Rows": 2455,"Plan Width": 252,"Actual Startup Time": 12.967,"Actual Total Time": 919.283,"Actual Rows": 1967,"Actual Loops": 3,"Inner Unique": false,"Hash Cond": "(lineitem.l_suppkey = supplier.s_suppkey)","Join Filter": "(((n1.n_name = 'ROMANIA'::bpchar) AND (n2.n_name = 'INDIA'::bpchar)) OR ((n1.n_name = 'INDIA'::bpchar) AND (n2.n_name = 'ROMANIA'::bpchar)))","Rows Removed by Join Filter": 1993,"Workers": [],"Plans": [{"Node Type": "Nested Loop","Parent Relationship": "Outer","Parallel Aware": false,"Async Capable": false,"Join Type": "Inner","Startup Cost": 2.26,"Total Cost": 70727.78,"Plan Rows": 60250,"Plan Width": 124,"Actual Startup Time": 0.953,"Actual Total Time": 901.158,"Actual Rows": 48930,"Actual Loops": 3,"Inner Unique": false,"Workers": [],"Plans": [{"Node Type": "Nested Loop","Parent Relationship": "Outer","Parallel Aware": false,"Async Capable": false,"Join Type": "Inner","Startup Cost": 1.83,"Total Cost": 12400.01,"Plan Rows": 49000,"Plan Width": 108,"Actual Startup Time": 0.336,"Actual Total Time": 222.392,"Actual Rows": 40280,"Actual Loops": 3,"Inner Unique": false,"Workers": [],"Plans": [{"Node Type": "Hash Join","Parent Relationship": "Outer","Parallel Aware": false,"Async Capable": false,"Join Type": "Inner","Startup Cost": 1.40,"Total Cost": 4403.27,"Plan Rows": 4900,"Plan Width": 108,"Actual Startup Time": 0.199,"Actual Total Time": 43.577,"Actual Rows": 4047,"Actual Loops": 3,"Inner Unique": true,"Hash Cond": "(customer.c_nationkey = n2.n_nationkey)","Workers": [],"Plans": [{"Node Type": "Seq Scan","Parent Relationship": "Outer","Parallel Aware": true,"Async Capable": false,"Relation Name": "customer","Alias": "customer","Startup Cost": 0.00,"Total Cost": 4210.00,"Plan Rows": 62500,"Plan Width": 8,"Actual Startup Time": 0.015,"Actual Total Time": 9.108,"Actual Rows": 50000,"Actual Loops": 3,"Workers": []},{"Node Type": "Hash","Parent Relationship": "Inner","Parallel Aware": false,"Async Capable": false,"Startup Cost": 1.38,"Total Cost": 1.38,"Plan Rows": 2,"Plan Width": 108,"Actual Startup Time": 0.088,"Actual Total Time": 0.093,"Actual Rows": 2,"Actual Loops": 3,"Hash Buckets": 1024,"Original Hash Buckets": 1024,"Hash Batches": 1,"Original Hash Batches": 1,"Peak Memory Usage": 9,"Workers": [],"Plans": [{"Node Type": "Seq Scan","Parent Relationship": "Outer","Parallel Aware": false,"Async Capable": false,"Relation Name": "nation","Alias": "n2","Startup Cost": 0.00,"Total Cost": 1.38,"Plan Rows": 2,"Plan Width": 108,"Actual Startup Time": 0.067,"Actual Total Time": 0.073,"Actual Rows": 2,"Actual Loops": 3,"Filter": "((n_name = 'INDIA'::bpchar) OR (n_name = 'ROMANIA'::bpchar))","Rows Removed by Filter": 23,"Workers": []}]}]},{"Node Type": "Index Scan","Parent Relationship": "Inner","Parallel Aware": false,"Async Capable": false,"Scan Direction": "Forward","Index Name": "idx_orders_custkey","Relation Name": "orders","Alias": "orders","Startup Cost": 0.43,"Total Cost": 1.46,"Plan Rows": 17,"Plan Width": 8,"Actual Startup Time": 0.007,"Actual Total Time": 0.043,"Actual Rows": 10,"Actual Loops": 12142,"Index Cond": "(o_custkey = customer.c_custkey)","Rows Removed by Index Recheck": 0,"Workers": []}]},{"Node Type": "Index Scan","Parent Relationship": "Inner","Parallel Aware": false,"Async Capable": false,"Scan Direction": "Forward","Index Name": "idx_lineitem_orderkey","Relation Name": "lineitem","Alias": "lineitem","Startup Cost": 0.43,"Total Cost": 1.14,"Plan Rows": 5,"Plan Width": 24,"Actual Startup Time": 0.016,"Actual Total Time": 0.017,"Actual Rows": 1,"Actual Loops": 120839,"Index Cond": "(l_orderkey = orders.o_orderkey)","Rows Removed by Index Recheck": 0,"Filter": "((l_shipdate >= '1995-01-01'::date) AND (l_shipdate <= '1996-12-31'::date))","Rows Removed by Filter": 3,"Workers": []}]},{"Node Type": "Hash","Parent Relationship": "Inner","Parallel Aware": false,"Async Capable": false,"Startup Cost": 354.10,"Total Cost": 354.10,"Plan Rows": 784,"Plan Width": 108,"Actual Startup Time": 11.118,"Actual Total Time": 11.131,"Actual Rows": 813,"Actual Loops": 3,"Hash Buckets": 1024,"Original Hash Buckets": 1024,"Hash Batches": 1,"Original Hash Batches": 1,"Peak Memory Usage": 58,"Workers": [],"Plans": [{"Node Type": "Hash Join","Parent Relationship": "Outer","Parallel Aware": false,"Async Capable": false,"Join Type": "Inner","Startup Cost": 1.40,"Total Cost": 354.10,"Plan Rows": 784,"Plan Width": 108,"Actual Startup Time": 0.108,"Actual Total Time": 10.929,"Actual Rows": 813,"Actual Loops": 3,"Inner Unique": true,"Hash Cond": "(supplier.s_nationkey = n1.n_nationkey)","Workers": [],"Plans": [{"Node Type": "Seq Scan","Parent Relationship": "Outer","Parallel Aware": false,"Async Capable": false,"Relation Name": "supplier","Alias": "supplier","Startup Cost": 0.00,"Total Cost": 322.00,"Plan Rows": 10000,"Plan Width": 8,"Actual Startup Time": 0.035,"Actual Total Time": 4.472,"Actual Rows": 10000,"Actual Loops": 3,"Workers": []},{"Node Type": "Hash","Parent Relationship": "Inner","Parallel Aware": false,"Async Capable": false,"Startup Cost": 1.38,"Total Cost": 1.38,"Plan Rows": 2,"Plan Width": 108,"Actual Startup Time": 0.015,"Actual Total Time": 0.020,"Actual Rows": 2,"Actual Loops": 3,"Hash Buckets": 1024,"Original Hash Buckets": 1024,"Hash Batches": 1,"Original Hash Batches": 1,"Peak Memory Usage": 9,"Workers": [],"Plans": [{"Node Type": "Seq Scan","Parent Relationship": "Outer","Parallel Aware": false,"Async Capable": false,"Relation Name": "nation","Alias": "n1","Startup Cost": 0.00,"Total Cost": 1.38,"Plan Rows": 2,"Plan Width": 108,"Actual Startup Time": 0.005,"Actual Total Time": 0.011,"Actual Rows": 2,"Actual Loops": 3,"Filter": "((n_name = 'ROMANIA'::bpchar) OR (n_name = 'INDIA'::bpchar))","Rows Removed by Filter": 23,"Workers": []}]}]}]}]}]}]}]}]},"Planning Time": 9.555,"Triggers": [],"Execution Time": 974.400}]
[{"Plan": {"Node Type": "Aggregate","Strategy": "Sorted","Partial Mode": "Finalize","Parallel Aware": false,"Async Capable": false,"Startup Cost": 72556.41,"Total Cost": 73352.71,"Plan Rows": 5893,"Plan Width": 272,"Actual Startup Time": 916.265,"Actual Total Time": 959.471,"Actual Rows": 4,"Actual Loops": 1,"Group Key": ["n1.n_name", "n2.n_name", "(EXTRACT(year FROM lineitem.l_shipdate))"],"Plans": [{"Node Type": "Gather Merge","Parent Relationship": "Outer","Parallel Aware": false,"Async Capable": false,"Startup Cost": 72556.41,"Total Cost": 73202.94,"Plan Rows": 4910,"Plan Width": 272,"Actual Startup Time": 915.773,"Actual Total Time": 959.392,"Actual Rows": 12,"Actual Loops": 1,"Workers Planned": 2,"Workers Launched": 2,"Plans": [{"Node Type": "Aggregate","Strategy": "Sorted","Partial Mode": "Partial","Parent Relationship": "Outer","Parallel Aware": false,"Async Capable": false,"Startup Cost": 71556.39,"Total Cost": 71636.18,"Plan Rows": 2455,"Plan Width": 272,"Actual Startup Time": 907.466,"Actual Total Time": 908.233,"Actual Rows": 4,"Actual Loops": 3,"Group Key": ["n1.n_name", "n2.n_name", "(EXTRACT(year FROM lineitem.l_shipdate))"],"Workers": [],"Plans": [{"Node Type": "Sort","Parent Relationship": "Outer","Parallel Aware": false,"Async Capable": false,"Startup Cost": 71556.39,"Total Cost": 71562.53,"Plan Rows": 2455,"Plan Width": 252,"Actual Startup Time": 907.203,"Actual Total Time": 907.314,"Actual Rows": 2017,"Actual Loops": 3,"Sort Key": ["n1.n_name", "n2.n_name", "(EXTRACT(year FROM lineitem.l_shipdate))"],"Sort Method": "quicksort","Sort Space Used": 330,"Sort Space Type": "Memory","Workers": [{"Worker Number": 0,"Sort Method": "quicksort","Sort Space Used": 268,"Sort Space Type": "Memory"},{"Worker Number": 1,"Sort Method": "quicksort","Sort Space Used": 256,"Sort Space Type": "Memory"}],"Plans": [{"Node Type": "Hash Join","Parent Relationship": "Outer","Parallel Aware": false,"Async Capable": false,"Join Type": "Inner","Startup Cost": 366.16,"Total Cost": 71418.15,"Plan Rows": 2455,"Plan Width": 252,"Actual Startup Time": 12.848,"Actual Total Time": 905.304,"Actual Rows": 2017,"Actual Loops": 3,"Inner Unique": false,"Hash Cond": "(lineitem.l_suppkey = supplier.s_suppkey)","Join Filter": "(((n1.n_name = 'SAUDI ARABIA'::bpchar) AND (n2.n_name = 'CANADA'::bpchar)) OR ((n1.n_name = 'CANADA'::bpchar) AND (n2.n_name = 'SAUDI ARABIA'::bpchar)))","Rows Removed by Join Filter": 1988,"Workers": [],"Plans": [{"Node Type": "Nested Loop","Parent Relationship": "Outer","Parallel Aware": false,"Async Capable": false,"Join Type": "Inner","Startup Cost": 2.26,"Total Cost": 70727.78,"Plan Rows": 60250,"Plan Width": 124,"Actual Startup Time": 0.636,"Actual Total Time": 886.686,"Actual Rows": 48398,"Actual Loops": 3,"Inner Unique": false,"Workers": [],"Plans": [{"Node Type": "Nested Loop","Parent Relationship": "Outer","Parallel Aware": false,"Async Capable": false,"Join Type": "Inner","Startup Cost": 1.83,"Total Cost": 12400.01,"Plan Rows": 49000,"Plan Width": 108,"Actual Startup Time": 0.249,"Actual Total Time": 219.476,"Actual Rows": 39644,"Actual Loops": 3,"Inner Unique": false,"Workers": [],"Plans": [{"Node Type": "Hash Join","Parent Relationship": "Outer","Parallel Aware": false,"Async Capable": false,"Join Type": "Inner","Startup Cost": 1.40,"Total Cost": 4403.27,"Plan Rows": 4900,"Plan Width": 108,"Actual Startup Time": 0.154,"Actual Total Time": 43.808,"Actual Rows": 3975,"Actual Loops": 3,"Inner Unique": true,"Hash Cond": "(customer.c_nationkey = n2.n_nationkey)","Workers": [],"Plans": [{"Node Type": "Seq Scan","Parent Relationship": "Outer","Parallel Aware": true,"Async Capable": false,"Relation Name": "customer","Alias": "customer","Startup Cost": 0.00,"Total Cost": 4210.00,"Plan Rows": 62500,"Plan Width": 8,"Actual Startup Time": 0.012,"Actual Total Time": 9.218,"Actual Rows": 50000,"Actual Loops": 3,"Workers": []},{"Node Type": "Hash","Parent Relationship": "Inner","Parallel Aware": false,"Async Capable": false,"Startup Cost": 1.38,"Total Cost": 1.38,"Plan Rows": 2,"Plan Width": 108,"Actual Startup Time": 0.062,"Actual Total Time": 0.069,"Actual Rows": 2,"Actual Loops": 3,"Hash Buckets": 1024,"Original Hash Buckets": 1024,"Hash Batches": 1,"Original Hash Batches": 1,"Peak Memory Usage": 9,"Workers": [],"Plans": [{"Node Type": "Seq Scan","Parent Relationship": "Outer","Parallel Aware": false,"Async Capable": false,"Relation Name": "nation","Alias": "n2","Startup Cost": 0.00,"Total Cost": 1.38,"Plan Rows": 2,"Plan Width": 108,"Actual Startup Time": 0.045,"Actual Total Time": 0.054,"Actual Rows": 2,"Actual Loops": 3,"Filter": "((n_name = 'CANADA'::bpchar) OR (n_name = 'SAUDI ARABIA'::bpchar))","Rows Removed by Filter": 23,"Workers": []}]}]},{"Node Type": "Index Scan","Parent Relationship": "Inner","Parallel Aware": false,"Async Capable": false,"Scan Direction": "Forward","Index Name": "idx_orders_custkey","Relation Name": "orders","Alias": "orders","Startup Cost": 0.43,"Total Cost": 1.46,"Plan Rows": 17,"Plan Width": 8,"Actual Startup Time": 0.007,"Actual Total Time": 0.043,"Actual Rows": 10,"Actual Loops": 11924,"Index Cond": "(o_custkey = customer.c_custkey)","Rows Removed by Index Recheck": 0,"Workers": []}]},{"Node Type": "Index Scan","Parent Relationship": "Inner","Parallel Aware": false,"Async Capable": false,"Scan Direction": "Forward","Index Name": "idx_lineitem_orderkey","Relation Name": "lineitem","Alias": "lineitem","Startup Cost": 0.43,"Total Cost": 1.14,"Plan Rows": 5,"Plan Width": 24,"Actual Startup Time": 0.016,"Actual Total Time": 0.017,"Actual Rows": 1,"Actual Loops": 118933,"Index Cond": "(l_orderkey = orders.o_orderkey)","Rows Removed by Index Recheck": 0,"Filter": "((l_shipdate >= '1995-01-01'::date) AND (l_shipdate <= '1996-12-31'::date))","Rows Removed by Filter": 3,"Workers": []}]},{"Node Type": "Hash","Parent Relationship": "Inner","Parallel Aware": false,"Async Capable": false,"Startup Cost": 354.10,"Total Cost": 354.10,"Plan Rows": 784,"Plan Width": 108,"Actual Startup Time": 11.247,"Actual Total Time": 11.261,"Actual Rows": 823,"Actual Loops": 3,"Hash Buckets": 1024,"Original Hash Buckets": 1024,"Hash Batches": 1,"Original Hash Batches": 1,"Peak Memory Usage": 58,"Workers": [],"Plans": [{"Node Type": "Hash Join","Parent Relationship": "Outer","Parallel Aware": false,"Async Capable": false,"Join Type": "Inner","Startup Cost": 1.40,"Total Cost": 354.10,"Plan Rows": 784,"Plan Width": 108,"Actual Startup Time": 0.100,"Actual Total Time": 11.059,"Actual Rows": 823,"Actual Loops": 3,"Inner Unique": true,"Hash Cond": "(supplier.s_nationkey = n1.n_nationkey)","Workers": [],"Plans": [{"Node Type": "Seq Scan","Parent Relationship": "Outer","Parallel Aware": false,"Async Capable": false,"Relation Name": "supplier","Alias": "supplier","Startup Cost": 0.00,"Total Cost": 322.00,"Plan Rows": 10000,"Plan Width": 8,"Actual Startup Time": 0.028,"Actual Total Time": 4.450,"Actual Rows": 10000,"Actual Loops": 3,"Workers": []},{"Node Type": "Hash","Parent Relationship": "Inner","Parallel Aware": false,"Async Capable": false,"Startup Cost": 1.38,"Total Cost": 1.38,"Plan Rows": 2,"Plan Width": 108,"Actual Startup Time": 0.017,"Actual Total Time": 0.022,"Actual Rows": 2,"Actual Loops": 3,"Hash Buckets": 1024,"Original Hash Buckets": 1024,"Hash Batches": 1,"Original Hash Batches": 1,"Peak Memory Usage": 9,"Workers": [],"Plans": [{"Node Type": "Seq Scan","Parent Relationship": "Outer","Parallel Aware": false,"Async Capable": false,"Relation Name": "nation","Alias": "n1","Startup Cost": 0.00,"Total Cost": 1.38,"Plan Rows": 2,"Plan Width": 108,"Actual Startup Time": 0.005,"Actual Total Time": 0.010,"Actual Rows": 2,"Actual Loops": 3,"Filter": "((n_name = 'SAUDI ARABIA'::bpchar) OR (n_name = 'CANADA'::bpchar))","Rows Removed by Filter": 23,"Workers": []}]}]}]}]}]}]}]}]},"Planning Time": 8.942,"Triggers": [],"Execution Time": 959.852}]
[{"Plan": {"Node Type": "Aggregate","Strategy": "Sorted","Partial Mode": "Finalize","Parallel Aware": false,"Async Capable": false,"Startup Cost": 72556.41,"Total Cost": 73352.71,"Plan Rows": 5893,"Plan Width": 272,"Actual Startup Time": 900.552,"Actual Total Time": 945.494,"Actual Rows": 4,"Actual Loops": 1,"Group Key": ["n1.n_name", "n2.n_name", "(EXTRACT(year FROM lineitem.l_shipdate))"],"Plans": [{"Node Type": "Gather Merge","Parent Relationship": "Outer","Parallel Aware": false,"Async Capable": false,"Startup Cost": 72556.41,"Total Cost": 73202.94,"Plan Rows": 4910,"Plan Width": 272,"Actual Startup Time": 900.269,"Actual Total Time": 945.426,"Actual Rows": 12,"Actual Loops": 1,"Workers Planned": 2,"Workers Launched": 2,"Plans": [{"Node Type": "Aggregate","Strategy": "Sorted","Partial Mode": "Partial","Parent Relationship": "Outer","Parallel Aware": false,"Async Capable": false,"Startup Cost": 71556.39,"Total Cost": 71636.18,"Plan Rows": 2455,"Plan Width": 272,"Actual Startup Time": 892.784,"Actual Total Time": 893.511,"Actual Rows": 4,"Actual Loops": 3,"Group Key": ["n1.n_name", "n2.n_name", "(EXTRACT(year FROM lineitem.l_shipdate))"],"Workers": [],"Plans": [{"Node Type": "Sort","Parent Relationship": "Outer","Parallel Aware": false,"Async Capable": false,"Startup Cost": 71556.39,"Total Cost": 71562.53,"Plan Rows": 2455,"Plan Width": 252,"Actual Startup Time": 892.513,"Actual Total Time": 892.629,"Actual Rows": 2083,"Actual Loops": 3,"Sort Key": ["n1.n_name", "n2.n_name", "(EXTRACT(year FROM lineitem.l_shipdate))"],"Sort Method": "quicksort","Sort Space Used": 324,"Sort Space Type": "Memory","Workers": [{"Worker Number": 0,"Sort Method": "quicksort","Sort Space Used": 271,"Sort Space Type": "Memory"},{"Worker Number": 1,"Sort Method": "quicksort","Sort Space Used": 330,"Sort Space Type": "Memory"}],"Plans": [{"Node Type": "Hash Join","Parent Relationship": "Outer","Parallel Aware": false,"Async Capable": false,"Join Type": "Inner","Startup Cost": 366.16,"Total Cost": 71418.15,"Plan Rows": 2455,"Plan Width": 252,"Actual Startup Time": 8.283,"Actual Total Time": 890.446,"Actual Rows": 2083,"Actual Loops": 3,"Inner Unique": false,"Hash Cond": "(lineitem.l_suppkey = supplier.s_suppkey)","Join Filter": "(((n1.n_name = 'SAUDI ARABIA'::bpchar) AND (n2.n_name = 'IRAQ'::bpchar)) OR ((n1.n_name = 'IRAQ'::bpchar) AND (n2.n_name = 'SAUDI ARABIA'::bpchar)))","Rows Removed by Join Filter": 2048,"Workers": [],"Plans": [{"Node Type": "Nested Loop","Parent Relationship": "Outer","Parallel Aware": false,"Async Capable": false,"Join Type": "Inner","Startup Cost": 2.26,"Total Cost": 70727.78,"Plan Rows": 60250,"Plan Width": 124,"Actual Startup Time": 0.571,"Actual Total Time": 876.485,"Actual Rows": 47716,"Actual Loops": 3,"Inner Unique": false,"Workers": [],"Plans": [{"Node Type": "Nested Loop","Parent Relationship": "Outer","Parallel Aware": false,"Async Capable": false,"Join Type": "Inner","Startup Cost": 1.83,"Total Cost": 12400.01,"Plan Rows": 49000,"Plan Width": 108,"Actual Startup Time": 0.339,"Actual Total Time": 217.895,"Actual Rows": 39118,"Actual Loops": 3,"Inner Unique": false,"Workers": [],"Plans": [{"Node Type": "Hash Join","Parent Relationship": "Outer","Parallel Aware": false,"Async Capable": false,"Join Type": "Inner","Startup Cost": 1.40,"Total Cost": 4403.27,"Plan Rows": 4900,"Plan Width": 108,"Actual Startup Time": 0.176,"Actual Total Time": 43.700,"Actual Rows": 3956,"Actual Loops": 3,"Inner Unique": true,"Hash Cond": "(customer.c_nationkey = n2.n_nationkey)","Workers": [],"Plans": [{"Node Type": "Seq Scan","Parent Relationship": "Outer","Parallel Aware": true,"Async Capable": false,"Relation Name": "customer","Alias": "customer","Startup Cost": 0.00,"Total Cost": 4210.00,"Plan Rows": 62500,"Plan Width": 8,"Actual Startup Time": 0.014,"Actual Total Time": 8.957,"Actual Rows": 50000,"Actual Loops": 3,"Workers": []},{"Node Type": "Hash","Parent Relationship": "Inner","Parallel Aware": false,"Async Capable": false,"Startup Cost": 1.38,"Total Cost": 1.38,"Plan Rows": 2,"Plan Width": 108,"Actual Startup Time": 0.071,"Actual Total Time": 0.076,"Actual Rows": 2,"Actual Loops": 3,"Hash Buckets": 1024,"Original Hash Buckets": 1024,"Hash Batches": 1,"Original Hash Batches": 1,"Peak Memory Usage": 9,"Workers": [],"Plans": [{"Node Type": "Seq Scan","Parent Relationship": "Outer","Parallel Aware": false,"Async Capable": false,"Relation Name": "nation","Alias": "n2","Startup Cost": 0.00,"Total Cost": 1.38,"Plan Rows": 2,"Plan Width": 108,"Actual Startup Time": 0.054,"Actual Total Time": 0.060,"Actual Rows": 2,"Actual Loops": 3,"Filter": "((n_name = 'IRAQ'::bpchar) OR (n_name = 'SAUDI ARABIA'::bpchar))","Rows Removed by Filter": 23,"Workers": []}]}]},{"Node Type": "Index Scan","Parent Relationship": "Inner","Parallel Aware": false,"Async Capable": false,"Scan Direction": "Forward","Index Name": "idx_orders_custkey","Relation Name": "orders","Alias": "orders","Startup Cost": 0.43,"Total Cost": 1.46,"Plan Rows": 17,"Plan Width": 8,"Actual Startup Time": 0.007,"Actual Total Time": 0.043,"Actual Rows": 10,"Actual Loops": 11867,"Index Cond": "(o_custkey = customer.c_custkey)","Rows Removed by Index Recheck": 0,"Workers": []}]},{"Node Type": "Index Scan","Parent Relationship": "Inner","Parallel Aware": false,"Async Capable": false,"Scan Direction": "Forward","Index Name": "idx_lineitem_orderkey","Relation Name": "lineitem","Alias": "lineitem","Startup Cost": 0.43,"Total Cost": 1.14,"Plan Rows": 5,"Plan Width": 24,"Actual Startup Time": 0.016,"Actual Total Time": 0.017,"Actual Rows": 1,"Actual Loops": 117355,"Index Cond": "(l_orderkey = orders.o_orderkey)","Rows Removed by Index Recheck": 0,"Filter": "((l_shipdate >= '1995-01-01'::date) AND (l_shipdate <= '1996-12-31'::date))","Rows Removed by Filter": 3,"Workers": []}]},{"Node Type": "Hash","Parent Relationship": "Inner","Parallel Aware": false,"Async Capable": false,"Startup Cost": 354.10,"Total Cost": 354.10,"Plan Rows": 784,"Plan Width": 108,"Actual Startup Time": 6.813,"Actual Total Time": 6.824,"Actual Rows": 849,"Actual Loops": 3,"Hash Buckets": 1024,"Original Hash Buckets": 1024,"Hash Batches": 1,"Original Hash Batches": 1,"Peak Memory Usage": 60,"Workers": [],"Plans": [{"Node Type": "Hash Join","Parent Relationship": "Outer","Parallel Aware": false,"Async Capable": false,"Join Type": "Inner","Startup Cost": 1.40,"Total Cost": 354.10,"Plan Rows": 784,"Plan Width": 108,"Actual Startup Time": 0.088,"Actual Total Time": 6.616,"Actual Rows": 849,"Actual Loops": 3,"Inner Unique": true,"Hash Cond": "(supplier.s_nationkey = n1.n_nationkey)","Workers": [],"Plans": [{"Node Type": "Seq Scan","Parent Relationship": "Outer","Parallel Aware": false,"Async Capable": false,"Relation Name": "supplier","Alias": "supplier","Startup Cost": 0.00,"Total Cost": 322.00,"Plan Rows": 10000,"Plan Width": 8,"Actual Startup Time": 0.034,"Actual Total Time": 3.547,"Actual Rows": 10000,"Actual Loops": 3,"Workers": []},{"Node Type": "Hash","Parent Relationship": "Inner","Parallel Aware": false,"Async Capable": false,"Startup Cost": 1.38,"Total Cost": 1.38,"Plan Rows": 2,"Plan Width": 108,"Actual Startup Time": 0.020,"Actual Total Time": 0.023,"Actual Rows": 2,"Actual Loops": 3,"Hash Buckets": 1024,"Original Hash Buckets": 1024,"Hash Batches": 1,"Original Hash Batches": 1,"Peak Memory Usage": 9,"Workers": [],"Plans": [{"Node Type": "Seq Scan","Parent Relationship": "Outer","Parallel Aware": false,"Async Capable": false,"Relation Name": "nation","Alias": "n1","Startup Cost": 0.00,"Total Cost": 1.38,"Plan Rows": 2,"Plan Width": 108,"Actual Startup Time": 0.009,"Actual Total Time": 0.014,"Actual Rows": 2,"Actual Loops": 3,"Filter": "((n_name = 'SAUDI ARABIA'::bpchar) OR (n_name = 'IRAQ'::bpchar))","Rows Removed by Filter": 23,"Workers": []}]}]}]}]}]}]}]}]},"Planning Time": 9.177,"Triggers": [],"Execution Time": 946.066}]
[{"Plan": {"Node Type": "Aggregate","Strategy": "Sorted","Partial Mode": "Finalize","Parallel Aware": false,"Async Capable": false,"Startup Cost": 72556.41,"Total Cost": 73352.71,"Plan Rows": 5893,"Plan Width": 272,"Actual Startup Time": 924.170,"Actual Total Time": 969.244,"Actual Rows": 4,"Actual Loops": 1,"Group Key": ["n1.n_name", "n2.n_name", "(EXTRACT(year FROM lineitem.l_shipdate))"],"Plans": [{"Node Type": "Gather Merge","Parent Relationship": "Outer","Parallel Aware": false,"Async Capable": false,"Startup Cost": 72556.41,"Total Cost": 73202.94,"Plan Rows": 4910,"Plan Width": 272,"Actual Startup Time": 923.399,"Actual Total Time": 969.176,"Actual Rows": 12,"Actual Loops": 1,"Workers Planned": 2,"Workers Launched": 2,"Plans": [{"Node Type": "Aggregate","Strategy": "Sorted","Partial Mode": "Partial","Parent Relationship": "Outer","Parallel Aware": false,"Async Capable": false,"Startup Cost": 71556.39,"Total Cost": 71636.18,"Plan Rows": 2455,"Plan Width": 272,"Actual Startup Time": 915.297,"Actual Total Time": 916.196,"Actual Rows": 4,"Actual Loops": 3,"Group Key": ["n1.n_name", "n2.n_name", "(EXTRACT(year FROM lineitem.l_shipdate))"],"Workers": [],"Plans": [{"Node Type": "Sort","Parent Relationship": "Outer","Parallel Aware": false,"Async Capable": false,"Startup Cost": 71556.39,"Total Cost": 71562.53,"Plan Rows": 2455,"Plan Width": 252,"Actual Startup Time": 915.009,"Actual Total Time": 915.122,"Actual Rows": 2023,"Actual Loops": 3,"Sort Key": ["n1.n_name", "n2.n_name", "(EXTRACT(year FROM lineitem.l_shipdate))"],"Sort Method": "quicksort","Sort Space Used": 332,"Sort Space Type": "Memory","Workers": [{"Worker Number": 0,"Sort Method": "quicksort","Sort Space Used": 269,"Sort Space Type": "Memory"},{"Worker Number": 1,"Sort Method": "quicksort","Sort Space Used": 256,"Sort Space Type": "Memory"}],"Plans": [{"Node Type": "Hash Join","Parent Relationship": "Outer","Parallel Aware": false,"Async Capable": false,"Join Type": "Inner","Startup Cost": 366.16,"Total Cost": 71418.15,"Plan Rows": 2455,"Plan Width": 252,"Actual Startup Time": 12.370,"Actual Total Time": 913.126,"Actual Rows": 2023,"Actual Loops": 3,"Inner Unique": false,"Hash Cond": "(lineitem.l_suppkey = supplier.s_suppkey)","Join Filter": "(((n1.n_name = 'CHINA'::bpchar) AND (n2.n_name = 'ALGERIA'::bpchar)) OR ((n1.n_name = 'ALGERIA'::bpchar) AND (n2.n_name = 'CHINA'::bpchar)))","Rows Removed by Join Filter": 2012,"Workers": [],"Plans": [{"Node Type": "Nested Loop","Parent Relationship": "Outer","Parallel Aware": false,"Async Capable": false,"Join Type": "Inner","Startup Cost": 2.26,"Total Cost": 70727.78,"Plan Rows": 60250,"Plan Width": 124,"Actual Startup Time": 0.655,"Actual Total Time": 894.807,"Actual Rows": 48778,"Actual Loops": 3,"Inner Unique": false,"Workers": [],"Plans": [{"Node Type": "Nested Loop","Parent Relationship": "Outer","Parallel Aware": false,"Async Capable": false,"Join Type": "Inner","Startup Cost": 1.83,"Total Cost": 12400.01,"Plan Rows": 49000,"Plan Width": 108,"Actual Startup Time": 0.280,"Actual Total Time": 221.521,"Actual Rows": 40135,"Actual Loops": 3,"Inner Unique": false,"Workers": [],"Plans": [{"Node Type": "Hash Join","Parent Relationship": "Outer","Parallel Aware": false,"Async Capable": false,"Join Type": "Inner","Startup Cost": 1.40,"Total Cost": 4403.27,"Plan Rows": 4900,"Plan Width": 108,"Actual Startup Time": 0.166,"Actual Total Time": 43.950,"Actual Rows": 3983,"Actual Loops": 3,"Inner Unique": true,"Hash Cond": "(customer.c_nationkey = n2.n_nationkey)","Workers": [],"Plans": [{"Node Type": "Seq Scan","Parent Relationship": "Outer","Parallel Aware": true,"Async Capable": false,"Relation Name": "customer","Alias": "customer","Startup Cost": 0.00,"Total Cost": 4210.00,"Plan Rows": 62500,"Plan Width": 8,"Actual Startup Time": 0.008,"Actual Total Time": 9.045,"Actual Rows": 50000,"Actual Loops": 3,"Workers": []},{"Node Type": "Hash","Parent Relationship": "Inner","Parallel Aware": false,"Async Capable": false,"Startup Cost": 1.38,"Total Cost": 1.38,"Plan Rows": 2,"Plan Width": 108,"Actual Startup Time": 0.076,"Actual Total Time": 0.080,"Actual Rows": 2,"Actual Loops": 3,"Hash Buckets": 1024,"Original Hash Buckets": 1024,"Hash Batches": 1,"Original Hash Batches": 1,"Peak Memory Usage": 9,"Workers": [],"Plans": [{"Node Type": "Seq Scan","Parent Relationship": "Outer","Parallel Aware": false,"Async Capable": false,"Relation Name": "nation","Alias": "n2","Startup Cost": 0.00,"Total Cost": 1.38,"Plan Rows": 2,"Plan Width": 108,"Actual Startup Time": 0.058,"Actual Total Time": 0.067,"Actual Rows": 2,"Actual Loops": 3,"Filter": "((n_name = 'ALGERIA'::bpchar) OR (n_name = 'CHINA'::bpchar))","Rows Removed by Filter": 23,"Workers": []}]}]},{"Node Type": "Index Scan","Parent Relationship": "Inner","Parallel Aware": false,"Async Capable": false,"Scan Direction": "Forward","Index Name": "idx_orders_custkey","Relation Name": "orders","Alias": "orders","Startup Cost": 0.43,"Total Cost": 1.46,"Plan Rows": 17,"Plan Width": 8,"Actual Startup Time": 0.007,"Actual Total Time": 0.043,"Actual Rows": 10,"Actual Loops": 11949,"Index Cond": "(o_custkey = customer.c_custkey)","Rows Removed by Index Recheck": 0,"Workers": []}]},{"Node Type": "Index Scan","Parent Relationship": "Inner","Parallel Aware": false,"Async Capable": false,"Scan Direction": "Forward","Index Name": "idx_lineitem_orderkey","Relation Name": "lineitem","Alias": "lineitem","Startup Cost": 0.43,"Total Cost": 1.14,"Plan Rows": 5,"Plan Width": 24,"Actual Startup Time": 0.016,"Actual Total Time": 0.017,"Actual Rows": 1,"Actual Loops": 120406,"Index Cond": "(l_orderkey = orders.o_orderkey)","Rows Removed by Index Recheck": 0,"Filter": "((l_shipdate >= '1995-01-01'::date) AND (l_shipdate <= '1996-12-31'::date))","Rows Removed by Filter": 3,"Workers": []}]},{"Node Type": "Hash","Parent Relationship": "Inner","Parallel Aware": false,"Async Capable": false,"Startup Cost": 354.10,"Total Cost": 354.10,"Plan Rows": 784,"Plan Width": 108,"Actual Startup Time": 10.934,"Actual Total Time": 10.943,"Actual Rows": 827,"Actual Loops": 3,"Hash Buckets": 1024,"Original Hash Buckets": 1024,"Hash Batches": 1,"Original Hash Batches": 1,"Peak Memory Usage": 59,"Workers": [],"Plans": [{"Node Type": "Hash Join","Parent Relationship": "Outer","Parallel Aware": false,"Async Capable": false,"Join Type": "Inner","Startup Cost": 1.40,"Total Cost": 354.10,"Plan Rows": 784,"Plan Width": 108,"Actual Startup Time": 0.076,"Actual Total Time": 10.712,"Actual Rows": 827,"Actual Loops": 3,"Inner Unique": true,"Hash Cond": "(supplier.s_nationkey = n1.n_nationkey)","Workers": [],"Plans": [{"Node Type": "Seq Scan","Parent Relationship": "Outer","Parallel Aware": false,"Async Capable": false,"Relation Name": "supplier","Alias": "supplier","Startup Cost": 0.00,"Total Cost": 322.00,"Plan Rows": 10000,"Plan Width": 8,"Actual Startup Time": 0.028,"Actual Total Time": 4.301,"Actual Rows": 10000,"Actual Loops": 3,"Workers": []},{"Node Type": "Hash","Parent Relationship": "Inner","Parallel Aware": false,"Async Capable": false,"Startup Cost": 1.38,"Total Cost": 1.38,"Plan Rows": 2,"Plan Width": 108,"Actual Startup Time": 0.014,"Actual Total Time": 0.018,"Actual Rows": 2,"Actual Loops": 3,"Hash Buckets": 1024,"Original Hash Buckets": 1024,"Hash Batches": 1,"Original Hash Batches": 1,"Peak Memory Usage": 9,"Workers": [],"Plans": [{"Node Type": "Seq Scan","Parent Relationship": "Outer","Parallel Aware": false,"Async Capable": false,"Relation Name": "nation","Alias": "n1","Startup Cost": 0.00,"Total Cost": 1.38,"Plan Rows": 2,"Plan Width": 108,"Actual Startup Time": 0.004,"Actual Total Time": 0.010,"Actual Rows": 2,"Actual Loops": 3,"Filter": "((n_name = 'CHINA'::bpchar) OR (n_name = 'ALGERIA'::bpchar))","Rows Removed by Filter": 23,"Workers": []}]}]}]}]}]}]}]}]},"Planning Time": 9.582,"Triggers": [],"Execution Time": 969.614}]
[{"Plan": {"Node Type": "Aggregate","Strategy": "Sorted","Partial Mode": "Finalize","Parallel Aware": false,"Async Capable": false,"Startup Cost": 72556.41,"Total Cost": 73352.71,"Plan Rows": 5893,"Plan Width": 272,"Actual Startup Time": 923.765,"Actual Total Time": 969.273,"Actual Rows": 4,"Actual Loops": 1,"Group Key": ["n1.n_name", "n2.n_name", "(EXTRACT(year FROM lineitem.l_shipdate))"],"Plans": [{"Node Type": "Gather Merge","Parent Relationship": "Outer","Parallel Aware": false,"Async Capable": false,"Startup Cost": 72556.41,"Total Cost": 73202.94,"Plan Rows": 4910,"Plan Width": 272,"Actual Startup Time": 923.430,"Actual Total Time": 969.195,"Actual Rows": 12,"Actual Loops": 1,"Workers Planned": 2,"Workers Launched": 2,"Plans": [{"Node Type": "Aggregate","Strategy": "Sorted","Partial Mode": "Partial","Parent Relationship": "Outer","Parallel Aware": false,"Async Capable": false,"Startup Cost": 71556.39,"Total Cost": 71636.18,"Plan Rows": 2455,"Plan Width": 272,"Actual Startup Time": 915.441,"Actual Total Time": 916.158,"Actual Rows": 4,"Actual Loops": 3,"Group Key": ["n1.n_name", "n2.n_name", "(EXTRACT(year FROM lineitem.l_shipdate))"],"Workers": [],"Plans": [{"Node Type": "Sort","Parent Relationship": "Outer","Parallel Aware": false,"Async Capable": false,"Startup Cost": 71556.39,"Total Cost": 71562.53,"Plan Rows": 2455,"Plan Width": 252,"Actual Startup Time": 915.168,"Actual Total Time": 915.290,"Actual Rows": 1975,"Actual Loops": 3,"Sort Key": ["n1.n_name", "n2.n_name", "(EXTRACT(year FROM lineitem.l_shipdate))"],"Sort Method": "quicksort","Sort Space Used": 265,"Sort Space Type": "Memory","Workers": [{"Worker Number": 0,"Sort Method": "quicksort","Sort Space Used": 258,"Sort Space Type": "Memory"},{"Worker Number": 1,"Sort Method": "quicksort","Sort Space Used": 272,"Sort Space Type": "Memory"}],"Plans": [{"Node Type": "Hash Join","Parent Relationship": "Outer","Parallel Aware": false,"Async Capable": false,"Join Type": "Inner","Startup Cost": 366.16,"Total Cost": 71418.15,"Plan Rows": 2455,"Plan Width": 252,"Actual Startup Time": 7.987,"Actual Total Time": 913.354,"Actual Rows": 1975,"Actual Loops": 3,"Inner Unique": false,"Hash Cond": "(lineitem.l_suppkey = supplier.s_suppkey)","Join Filter": "(((n1.n_name = 'UNITED STATES'::bpchar) AND (n2.n_name = 'INDONESIA'::bpchar)) OR ((n1.n_name = 'INDONESIA'::bpchar) AND (n2.n_name = 'UNITED STATES'::bpchar)))","Rows Removed by Join Filter": 2009,"Workers": [],"Plans": [{"Node Type": "Nested Loop","Parent Relationship": "Outer","Parallel Aware": false,"Async Capable": false,"Join Type": "Inner","Startup Cost": 2.26,"Total Cost": 70727.78,"Plan Rows": 60250,"Plan Width": 124,"Actual Startup Time": 0.459,"Actual Total Time": 899.713,"Actual Rows": 49430,"Actual Loops": 3,"Inner Unique": false,"Workers": [],"Plans": [{"Node Type": "Nested Loop","Parent Relationship": "Outer","Parallel Aware": false,"Async Capable": false,"Join Type": "Inner","Startup Cost": 1.83,"Total Cost": 12400.01,"Plan Rows": 49000,"Plan Width": 108,"Actual Startup Time": 0.290,"Actual Total Time": 221.818,"Actual Rows": 40433,"Actual Loops": 3,"Inner Unique": false,"Workers": [],"Plans": [{"Node Type": "Hash Join","Parent Relationship": "Outer","Parallel Aware": false,"Async Capable": false,"Join Type": "Inner","Startup Cost": 1.40,"Total Cost": 4403.27,"Plan Rows": 4900,"Plan Width": 108,"Actual Startup Time": 0.180,"Actual Total Time": 43.838,"Actual Rows": 4048,"Actual Loops": 3,"Inner Unique": true,"Hash Cond": "(customer.c_nationkey = n2.n_nationkey)","Workers": [],"Plans": [{"Node Type": "Seq Scan","Parent Relationship": "Outer","Parallel Aware": true,"Async Capable": false,"Relation Name": "customer","Alias": "customer","Startup Cost": 0.00,"Total Cost": 4210.00,"Plan Rows": 62500,"Plan Width": 8,"Actual Startup Time": 0.013,"Actual Total Time": 8.958,"Actual Rows": 50000,"Actual Loops": 3,"Workers": []},{"Node Type": "Hash","Parent Relationship": "Inner","Parallel Aware": false,"Async Capable": false,"Startup Cost": 1.38,"Total Cost": 1.38,"Plan Rows": 2,"Plan Width": 108,"Actual Startup Time": 0.075,"Actual Total Time": 0.081,"Actual Rows": 2,"Actual Loops": 3,"Hash Buckets": 1024,"Original Hash Buckets": 1024,"Hash Batches": 1,"Original Hash Batches": 1,"Peak Memory Usage": 9,"Workers": [],"Plans": [{"Node Type": "Seq Scan","Parent Relationship": "Outer","Parallel Aware": false,"Async Capable": false,"Relation Name": "nation","Alias": "n2","Startup Cost": 0.00,"Total Cost": 1.38,"Plan Rows": 2,"Plan Width": 108,"Actual Startup Time": 0.057,"Actual Total Time": 0.063,"Actual Rows": 2,"Actual Loops": 3,"Filter": "((n_name = 'INDONESIA'::bpchar) OR (n_name = 'UNITED STATES'::bpchar))","Rows Removed by Filter": 23,"Workers": []}]}]},{"Node Type": "Index Scan","Parent Relationship": "Inner","Parallel Aware": false,"Async Capable": false,"Scan Direction": "Forward","Index Name": "idx_orders_custkey","Relation Name": "orders","Alias": "orders","Startup Cost": 0.43,"Total Cost": 1.46,"Plan Rows": 17,"Plan Width": 8,"Actual Startup Time": 0.007,"Actual Total Time": 0.043,"Actual Rows": 10,"Actual Loops": 12144,"Index Cond": "(o_custkey = customer.c_custkey)","Rows Removed by Index Recheck": 0,"Workers": []}]},{"Node Type": "Index Scan","Parent Relationship": "Inner","Parallel Aware": false,"Async Capable": false,"Scan Direction": "Forward","Index Name": "idx_lineitem_orderkey","Relation Name": "lineitem","Alias": "lineitem","Startup Cost": 0.43,"Total Cost": 1.14,"Plan Rows": 5,"Plan Width": 24,"Actual Startup Time": 0.016,"Actual Total Time": 0.017,"Actual Rows": 1,"Actual Loops": 121298,"Index Cond": "(l_orderkey = orders.o_orderkey)","Rows Removed by Index Recheck": 0,"Filter": "((l_shipdate >= '1995-01-01'::date) AND (l_shipdate <= '1996-12-31'::date))","Rows Removed by Filter": 3,"Workers": []}]},{"Node Type": "Hash","Parent Relationship": "Inner","Parallel Aware": false,"Async Capable": false,"Startup Cost": 354.10,"Total Cost": 354.10,"Plan Rows": 784,"Plan Width": 108,"Actual Startup Time": 6.671,"Actual Total Time": 6.687,"Actual Rows": 798,"Actual Loops": 3,"Hash Buckets": 1024,"Original Hash Buckets": 1024,"Hash Batches": 1,"Original Hash Batches": 1,"Peak Memory Usage": 57,"Workers": [],"Plans": [{"Node Type": "Hash Join","Parent Relationship": "Outer","Parallel Aware": false,"Async Capable": false,"Join Type": "Inner","Startup Cost": 1.40,"Total Cost": 354.10,"Plan Rows": 784,"Plan Width": 108,"Actual Startup Time": 0.073,"Actual Total Time": 6.477,"Actual Rows": 798,"Actual Loops": 3,"Inner Unique": true,"Hash Cond": "(supplier.s_nationkey = n1.n_nationkey)","Workers": [],"Plans": [{"Node Type": "Seq Scan","Parent Relationship": "Outer","Parallel Aware": false,"Async Capable": false,"Relation Name": "supplier","Alias": "supplier","Startup Cost": 0.00,"Total Cost": 322.00,"Plan Rows": 10000,"Plan Width": 8,"Actual Startup Time": 0.029,"Actual Total Time": 3.533,"Actual Rows": 10000,"Actual Loops": 3,"Workers": []},{"Node Type": "Hash","Parent Relationship": "Inner","Parallel Aware": false,"Async Capable": false,"Startup Cost": 1.38,"Total Cost": 1.38,"Plan Rows": 2,"Plan Width": 108,"Actual Startup Time": 0.013,"Actual Total Time": 0.019,"Actual Rows": 2,"Actual Loops": 3,"Hash Buckets": 1024,"Original Hash Buckets": 1024,"Hash Batches": 1,"Original Hash Batches": 1,"Peak Memory Usage": 9,"Workers": [],"Plans": [{"Node Type": "Seq Scan","Parent Relationship": "Outer","Parallel Aware": false,"Async Capable": false,"Relation Name": "nation","Alias": "n1","Startup Cost": 0.00,"Total Cost": 1.38,"Plan Rows": 2,"Plan Width": 108,"Actual Startup Time": 0.005,"Actual Total Time": 0.010,"Actual Rows": 2,"Actual Loops": 3,"Filter": "((n_name = 'UNITED STATES'::bpchar) OR (n_name = 'INDONESIA'::bpchar))","Rows Removed by Filter": 23,"Workers": []}]}]}]}]}]}]}]}]},"Planning Time": 8.829,"Triggers": [],"Execution Time": 969.959}]
[{"Plan": {"Node Type": "Aggregate","Strategy": "Sorted","Partial Mode": "Finalize","Parallel Aware": false,"Async Capable": false,"Startup Cost": 72556.41,"Total Cost": 73352.71,"Plan Rows": 5893,"Plan Width": 272,"Actual Startup Time": 907.031,"Actual Total Time": 949.573,"Actual Rows": 4,"Actual Loops": 1,"Group Key": ["n1.n_name", "n2.n_name", "(EXTRACT(year FROM lineitem.l_shipdate))"],"Plans": [{"Node Type": "Gather Merge","Parent Relationship": "Outer","Parallel Aware": false,"Async Capable": false,"Startup Cost": 72556.41,"Total Cost": 73202.94,"Plan Rows": 4910,"Plan Width": 272,"Actual Startup Time": 906.243,"Actual Total Time": 949.484,"Actual Rows": 12,"Actual Loops": 1,"Workers Planned": 2,"Workers Launched": 2,"Plans": [{"Node Type": "Aggregate","Strategy": "Sorted","Partial Mode": "Partial","Parent Relationship": "Outer","Parallel Aware": false,"Async Capable": false,"Startup Cost": 71556.39,"Total Cost": 71636.18,"Plan Rows": 2455,"Plan Width": 272,"Actual Startup Time": 898.478,"Actual Total Time": 899.316,"Actual Rows": 4,"Actual Loops": 3,"Group Key": ["n1.n_name", "n2.n_name", "(EXTRACT(year FROM lineitem.l_shipdate))"],"Workers": [],"Plans": [{"Node Type": "Sort","Parent Relationship": "Outer","Parallel Aware": false,"Async Capable": false,"Startup Cost": 71556.39,"Total Cost": 71562.53,"Plan Rows": 2455,"Plan Width": 252,"Actual Startup Time": 898.200,"Actual Total Time": 898.327,"Actual Rows": 1979,"Actual Loops": 3,"Sort Key": ["n1.n_name", "n2.n_name", "(EXTRACT(year FROM lineitem.l_shipdate))"],"Sort Method": "quicksort","Sort Space Used": 330,"Sort Space Type": "Memory","Workers": [{"Worker Number": 0,"Sort Method": "quicksort","Sort Space Used": 250,"Sort Space Type": "Memory"},{"Worker Number": 1,"Sort Method": "quicksort","Sort Space Used": 263,"Sort Space Type": "Memory"}],"Plans": [{"Node Type": "Hash Join","Parent Relationship": "Outer","Parallel Aware": false,"Async Capable": false,"Join Type": "Inner","Startup Cost": 366.16,"Total Cost": 71418.15,"Plan Rows": 2455,"Plan Width": 252,"Actual Startup Time": 12.808,"Actual Total Time": 896.223,"Actual Rows": 1979,"Actual Loops": 3,"Inner Unique": false,"Hash Cond": "(lineitem.l_suppkey = supplier.s_suppkey)","Join Filter": "(((n1.n_name = 'GERMANY'::bpchar) AND (n2.n_name = 'SAUDI ARABIA'::bpchar)) OR ((n1.n_name = 'SAUDI ARABIA'::bpchar) AND (n2.n_name = 'GERMANY'::bpchar)))","Rows Removed by Join Filter": 1920,"Workers": [],"Plans": [{"Node Type": "Nested Loop","Parent Relationship": "Outer","Parallel Aware": false,"Async Capable": false,"Join Type": "Inner","Startup Cost": 2.26,"Total Cost": 70727.78,"Plan Rows": 60250,"Plan Width": 124,"Actual Startup Time": 0.851,"Actual Total Time": 877.767,"Actual Rows": 48162,"Actual Loops": 3,"Inner Unique": false,"Workers": [],"Plans": [{"Node Type": "Nested Loop","Parent Relationship": "Outer","Parallel Aware": false,"Async Capable": false,"Join Type": "Inner","Startup Cost": 1.83,"Total Cost": 12400.01,"Plan Rows": 49000,"Plan Width": 108,"Actual Startup Time": 0.413,"Actual Total Time": 218.651,"Actual Rows": 39392,"Actual Loops": 3,"Inner Unique": false,"Workers": [],"Plans": [{"Node Type": "Hash Join","Parent Relationship": "Outer","Parallel Aware": false,"Async Capable": false,"Join Type": "Inner","Startup Cost": 1.40,"Total Cost": 4403.27,"Plan Rows": 4900,"Plan Width": 108,"Actual Startup Time": 0.222,"Actual Total Time": 44.399,"Actual Rows": 3937,"Actual Loops": 3,"Inner Unique": true,"Hash Cond": "(customer.c_nationkey = n2.n_nationkey)","Workers": [],"Plans": [{"Node Type": "Seq Scan","Parent Relationship": "Outer","Parallel Aware": true,"Async Capable": false,"Relation Name": "customer","Alias": "customer","Startup Cost": 0.00,"Total Cost": 4210.00,"Plan Rows": 62500,"Plan Width": 8,"Actual Startup Time": 0.015,"Actual Total Time": 9.097,"Actual Rows": 50000,"Actual Loops": 3,"Workers": []},{"Node Type": "Hash","Parent Relationship": "Inner","Parallel Aware": false,"Async Capable": false,"Startup Cost": 1.38,"Total Cost": 1.38,"Plan Rows": 2,"Plan Width": 108,"Actual Startup Time": 0.096,"Actual Total Time": 0.101,"Actual Rows": 2,"Actual Loops": 3,"Hash Buckets": 1024,"Original Hash Buckets": 1024,"Hash Batches": 1,"Original Hash Batches": 1,"Peak Memory Usage": 9,"Workers": [],"Plans": [{"Node Type": "Seq Scan","Parent Relationship": "Outer","Parallel Aware": false,"Async Capable": false,"Relation Name": "nation","Alias": "n2","Startup Cost": 0.00,"Total Cost": 1.38,"Plan Rows": 2,"Plan Width": 108,"Actual Startup Time": 0.075,"Actual Total Time": 0.082,"Actual Rows": 2,"Actual Loops": 3,"Filter": "((n_name = 'SAUDI ARABIA'::bpchar) OR (n_name = 'GERMANY'::bpchar))","Rows Removed by Filter": 23,"Workers": []}]}]},{"Node Type": "Index Scan","Parent Relationship": "Inner","Parallel Aware": false,"Async Capable": false,"Scan Direction": "Forward","Index Name": "idx_orders_custkey","Relation Name": "orders","Alias": "orders","Startup Cost": 0.43,"Total Cost": 1.46,"Plan Rows": 17,"Plan Width": 8,"Actual Startup Time": 0.007,"Actual Total Time": 0.043,"Actual Rows": 10,"Actual Loops": 11812,"Index Cond": "(o_custkey = customer.c_custkey)","Rows Removed by Index Recheck": 0,"Workers": []}]},{"Node Type": "Index Scan","Parent Relationship": "Inner","Parallel Aware": false,"Async Capable": false,"Scan Direction": "Forward","Index Name": "idx_lineitem_orderkey","Relation Name": "lineitem","Alias": "lineitem","Startup Cost": 0.43,"Total Cost": 1.14,"Plan Rows": 5,"Plan Width": 24,"Actual Startup Time": 0.016,"Actual Total Time": 0.016,"Actual Rows": 1,"Actual Loops": 118177,"Index Cond": "(l_orderkey = orders.o_orderkey)","Rows Removed by Index Recheck": 0,"Filter": "((l_shipdate >= '1995-01-01'::date) AND (l_shipdate <= '1996-12-31'::date))","Rows Removed by Filter": 3,"Workers": []}]},{"Node Type": "Hash","Parent Relationship": "Inner","Parallel Aware": false,"Async Capable": false,"Startup Cost": 354.10,"Total Cost": 354.10,"Plan Rows": 784,"Plan Width": 108,"Actual Startup Time": 11.316,"Actual Total Time": 11.330,"Actual Rows": 807,"Actual Loops": 3,"Hash Buckets": 1024,"Original Hash Buckets": 1024,"Hash Batches": 1,"Original Hash Batches": 1,"Peak Memory Usage": 57,"Workers": [],"Plans": [{"Node Type": "Hash Join","Parent Relationship": "Outer","Parallel Aware": false,"Async Capable": false,"Join Type": "Inner","Startup Cost": 1.40,"Total Cost": 354.10,"Plan Rows": 784,"Plan Width": 108,"Actual Startup Time": 0.117,"Actual Total Time": 11.101,"Actual Rows": 807,"Actual Loops": 3,"Inner Unique": true,"Hash Cond": "(supplier.s_nationkey = n1.n_nationkey)","Workers": [],"Plans": [{"Node Type": "Seq Scan","Parent Relationship": "Outer","Parallel Aware": false,"Async Capable": false,"Relation Name": "supplier","Alias": "supplier","Startup Cost": 0.00,"Total Cost": 322.00,"Plan Rows": 10000,"Plan Width": 8,"Actual Startup Time": 0.037,"Actual Total Time": 4.511,"Actual Rows": 10000,"Actual Loops": 3,"Workers": []},{"Node Type": "Hash","Parent Relationship": "Inner","Parallel Aware": false,"Async Capable": false,"Startup Cost": 1.38,"Total Cost": 1.38,"Plan Rows": 2,"Plan Width": 108,"Actual Startup Time": 0.021,"Actual Total Time": 0.025,"Actual Rows": 2,"Actual Loops": 3,"Hash Buckets": 1024,"Original Hash Buckets": 1024,"Hash Batches": 1,"Original Hash Batches": 1,"Peak Memory Usage": 9,"Workers": [],"Plans": [{"Node Type": "Seq Scan","Parent Relationship": "Outer","Parallel Aware": false,"Async Capable": false,"Relation Name": "nation","Alias": "n1","Startup Cost": 0.00,"Total Cost": 1.38,"Plan Rows": 2,"Plan Width": 108,"Actual Startup Time": 0.007,"Actual Total Time": 0.014,"Actual Rows": 2,"Actual Loops": 3,"Filter": "((n_name = 'GERMANY'::bpchar) OR (n_name = 'SAUDI ARABIA'::bpchar))","Rows Removed by Filter": 23,"Workers": []}]}]}]}]}]}]}]}]},"Planning Time": 8.756,"Triggers": [],"Execution Time": 950.006}]
[{"Plan": {"Node Type": "Aggregate","Strategy": "Sorted","Partial Mode": "Finalize","Parallel Aware": false,"Async Capable": false,"Startup Cost": 72556.41,"Total Cost": 73352.71,"Plan Rows": 5893,"Plan Width": 272,"Actual Startup Time": 916.265,"Actual Total Time": 959.471,"Actual Rows": 4,"Actual Loops": 1,"Group Key": ["n1.n_name", "n2.n_name", "(EXTRACT(year FROM lineitem.l_shipdate))"],"Plans": [{"Node Type": "Gather Merge","Parent Relationship": "Outer","Parallel Aware": false,"Async Capable": false,"Startup Cost": 72556.41,"Total Cost": 73202.94,"Plan Rows": 4910,"Plan Width": 272,"Actual Startup Time": 915.773,"Actual Total Time": 959.392,"Actual Rows": 12,"Actual Loops": 1,"Workers Planned": 2,"Workers Launched": 2,"Plans": [{"Node Type": "Aggregate","Strategy": "Sorted","Partial Mode": "Partial","Parent Relationship": "Outer","Parallel Aware": false,"Async Capable": false,"Startup Cost": 71556.39,"Total Cost": 71636.18,"Plan Rows": 2455,"Plan Width": 272,"Actual Startup Time": 907.466,"Actual Total Time": 908.233,"Actual Rows": 4,"Actual Loops": 3,"Group Key": ["n1.n_name", "n2.n_name", "(EXTRACT(year FROM lineitem.l_shipdate))"],"Workers": [],"Plans": [{"Node Type": "Sort","Parent Relationship": "Outer","Parallel Aware": false,"Async Capable": false,"Startup Cost": 71556.39,"Total Cost": 71562.53,"Plan Rows": 2455,"Plan Width": 252,"Actual Startup Time": 907.203,"Actual Total Time": 907.314,"Actual Rows": 2017,"Actual Loops": 3,"Sort Key": ["n1.n_name", "n2.n_name", "(EXTRACT(year FROM lineitem.l_shipdate))"],"Sort Method": "quicksort","Sort Space Used": 330,"Sort Space Type": "Memory","Workers": [{"Worker Number": 0,"Sort Method": "quicksort","Sort Space Used": 268,"Sort Space Type": "Memory"},{"Worker Number": 1,"Sort Method": "quicksort","Sort Space Used": 256,"Sort Space Type": "Memory"}],"Plans": [{"Node Type": "Hash Join","Parent Relationship": "Outer","Parallel Aware": false,"Async Capable": false,"Join Type": "Inner","Startup Cost": 366.16,"Total Cost": 71418.15,"Plan Rows": 2455,"Plan Width": 252,"Actual Startup Time": 12.848,"Actual Total Time": 905.304,"Actual Rows": 2017,"Actual Loops": 3,"Inner Unique": false,"Hash Cond": "(lineitem.l_suppkey = supplier.s_suppkey)","Join Filter": "(((n1.n_name = 'SAUDI ARABIA'::bpchar) AND (n2.n_name = 'CANADA'::bpchar)) OR ((n1.n_name = 'CANADA'::bpchar) AND (n2.n_name = 'SAUDI ARABIA'::bpchar)))","Rows Removed by Join Filter": 1988,"Workers": [],"Plans": [{"Node Type": "Nested Loop","Parent Relationship": "Outer","Parallel Aware": false,"Async Capable": false,"Join Type": "Inner","Startup Cost": 2.26,"Total Cost": 70727.78,"Plan Rows": 60250,"Plan Width": 124,"Actual Startup Time": 0.636,"Actual Total Time": 886.686,"Actual Rows": 48398,"Actual Loops": 3,"Inner Unique": false,"Workers": [],"Plans": [{"Node Type": "Nested Loop","Parent Relationship": "Outer","Parallel Aware": false,"Async Capable": false,"Join Type": "Inner","Startup Cost": 1.83,"Total Cost": 12400.01,"Plan Rows": 49000,"Plan Width": 108,"Actual Startup Time": 0.249,"Actual Total Time": 219.476,"Actual Rows": 39644,"Actual Loops": 3,"Inner Unique": false,"Workers": [],"Plans": [{"Node Type": "Hash Join","Parent Relationship": "Outer","Parallel Aware": false,"Async Capable": false,"Join Type": "Inner","Startup Cost": 1.40,"Total Cost": 4403.27,"Plan Rows": 4900,"Plan Width": 108,"Actual Startup Time": 0.154,"Actual Total Time": 43.808,"Actual Rows": 3975,"Actual Loops": 3,"Inner Unique": true,"Hash Cond": "(customer.c_nationkey = n2.n_nationkey)","Workers": [],"Plans": [{"Node Type": "Seq Scan","Parent Relationship": "Outer","Parallel Aware": true,"Async Capable": false,"Relation Name": "customer","Alias": "customer","Startup Cost": 0.00,"Total Cost": 4210.00,"Plan Rows": 62500,"Plan Width": 8,"Actual Startup Time": 0.012,"Actual Total Time": 9.218,"Actual Rows": 50000,"Actual Loops": 3,"Workers": []},{"Node Type": "Hash","Parent Relationship": "Inner","Parallel Aware": false,"Async Capable": false,"Startup Cost": 1.38,"Total Cost": 1.38,"Plan Rows": 2,"Plan Width": 108,"Actual Startup Time": 0.062,"Actual Total Time": 0.069,"Actual Rows": 2,"Actual Loops": 3,"Hash Buckets": 1024,"Original Hash Buckets": 1024,"Hash Batches": 1,"Original Hash Batches": 1,"Peak Memory Usage": 9,"Workers": [],"Plans": [{"Node Type": "Seq Scan","Parent Relationship": "Outer","Parallel Aware": false,"Async Capable": false,"Relation Name": "nation","Alias": "n2","Startup Cost": 0.00,"Total Cost": 1.38,"Plan Rows": 2,"Plan Width": 108,"Actual Startup Time": 0.045,"Actual Total Time": 0.054,"Actual Rows": 2,"Actual Loops": 3,"Filter": "((n_name = 'CANADA'::bpchar) OR (n_name = 'SAUDI ARABIA'::bpchar))","Rows Removed by Filter": 23,"Workers": []}]}]},{"Node Type": "Index Scan","Parent Relationship": "Inner","Parallel Aware": false,"Async Capable": false,"Scan Direction": "Forward","Index Name": "idx_orders_custkey","Relation Name": "orders","Alias": "orders","Startup Cost": 0.43,"Total Cost": 1.46,"Plan Rows": 17,"Plan Width": 8,"Actual Startup Time": 0.007,"Actual Total Time": 0.043,"Actual Rows": 10,"Actual Loops": 11924,"Index Cond": "(o_custkey = customer.c_custkey)","Rows Removed by Index Recheck": 0,"Workers": []}]},{"Node Type": "Index Scan","Parent Relationship": "Inner","Parallel Aware": false,"Async Capable": false,"Scan Direction": "Forward","Index Name": "idx_lineitem_orderkey","Relation Name": "lineitem","Alias": "lineitem","Startup Cost": 0.43,"Total Cost": 1.14,"Plan Rows": 5,"Plan Width": 24,"Actual Startup Time": 0.016,"Actual Total Time": 0.017,"Actual Rows": 1,"Actual Loops": 118933,"Index Cond": "(l_orderkey = orders.o_orderkey)","Rows Removed by Index Recheck": 0,"Filter": "((l_shipdate >= '1995-01-01'::date) AND (l_shipdate <= '1996-12-31'::date))","Rows Removed by Filter": 3,"Workers": []}]},{"Node Type": "Hash","Parent Relationship": "Inner","Parallel Aware": false,"Async Capable": false,"Startup Cost": 354.10,"Total Cost": 354.10,"Plan Rows": 784,"Plan Width": 108,"Actual Startup Time": 11.247,"Actual Total Time": 11.261,"Actual Rows": 823,"Actual Loops": 3,"Hash Buckets": 1024,"Original Hash Buckets": 1024,"Hash Batches": 1,"Original Hash Batches": 1,"Peak Memory Usage": 58,"Workers": [],"Plans": [{"Node Type": "Hash Join","Parent Relationship": "Outer","Parallel Aware": false,"Async Capable": false,"Join Type": "Inner","Startup Cost": 1.40,"Total Cost": 354.10,"Plan Rows": 784,"Plan Width": 108,"Actual Startup Time": 0.100,"Actual Total Time": 11.059,"Actual Rows": 823,"Actual Loops": 3,"Inner Unique": true,"Hash Cond": "(supplier.s_nationkey = n1.n_nationkey)","Workers": [],"Plans": [{"Node Type": "Seq Scan","Parent Relationship": "Outer","Parallel Aware": false,"Async Capable": false,"Relation Name": "supplier","Alias": "supplier","Startup Cost": 0.00,"Total Cost": 322.00,"Plan Rows": 10000,"Plan Width": 8,"Actual Startup Time": 0.028,"Actual Total Time": 4.450,"Actual Rows": 10000,"Actual Loops": 3,"Workers": []},{"Node Type": "Hash","Parent Relationship": "Inner","Parallel Aware": false,"Async Capable": false,"Startup Cost": 1.38,"Total Cost": 1.38,"Plan Rows": 2,"Plan Width": 108,"Actual Startup Time": 0.017,"Actual Total Time": 0.022,"Actual Rows": 2,"Actual Loops": 3,"Hash Buckets": 1024,"Original Hash Buckets": 1024,"Hash Batches": 1,"Original Hash Batches": 1,"Peak Memory Usage": 9,"Workers": [],"Plans": [{"Node Type": "Seq Scan","Parent Relationship": "Outer","Parallel Aware": false,"Async Capable": false,"Relation Name": "nation","Alias": "n1","Startup Cost": 0.00,"Total Cost": 1.38,"Plan Rows": 2,"Plan Width": 108,"Actual Startup Time": 0.005,"Actual Total Time": 0.010,"Actual Rows": 2,"Actual Loops": 3,"Filter": "((n_name = 'SAUDI ARABIA'::bpchar) OR (n_name = 'CANADA'::bpchar))","Rows Removed by Filter": 23,"Workers": []}]}]}]}]}]}]}]}]},"Planning Time": 8.942,"Triggers": [],"Execution Time": 959.852}]
[{"Plan": {"Node Type": "Aggregate","Strategy": "Sorted","Partial Mode": "Finalize","Parallel Aware": false,"Async Capable": false,"Startup Cost": 72556.41,"Total Cost": 73352.71,"Plan Rows": 5893,"Plan Width": 272,"Actual Startup Time": 925.751,"Actual Total Time": 982.451,"Actual Rows": 4,"Actual Loops": 1,"Group Key": ["n1.n_name", "n2.n_name", "(EXTRACT(year FROM lineitem.l_shipdate))"],"Plans": [{"Node Type": "Gather Merge","Parent Relationship": "Outer","Parallel Aware": false,"Async Capable": false,"Startup Cost": 72556.41,"Total Cost": 73202.94,"Plan Rows": 4910,"Plan Width": 272,"Actual Startup Time": 925.243,"Actual Total Time": 982.374,"Actual Rows": 12,"Actual Loops": 1,"Workers Planned": 2,"Workers Launched": 2,"Plans": [{"Node Type": "Aggregate","Strategy": "Sorted","Partial Mode": "Partial","Parent Relationship": "Outer","Parallel Aware": false,"Async Capable": false,"Startup Cost": 71556.39,"Total Cost": 71636.18,"Plan Rows": 2455,"Plan Width": 272,"Actual Startup Time": 916.596,"Actual Total Time": 917.317,"Actual Rows": 4,"Actual Loops": 3,"Group Key": ["n1.n_name", "n2.n_name", "(EXTRACT(year FROM lineitem.l_shipdate))"],"Workers": [],"Plans": [{"Node Type": "Sort","Parent Relationship": "Outer","Parallel Aware": false,"Async Capable": false,"Startup Cost": 71556.39,"Total Cost": 71562.53,"Plan Rows": 2455,"Plan Width": 252,"Actual Startup Time": 916.351,"Actual Total Time": 916.463,"Actual Rows": 1876,"Actual Loops": 3,"Sort Key": ["n1.n_name", "n2.n_name", "(EXTRACT(year FROM lineitem.l_shipdate))"],"Sort Method": "quicksort","Sort Space Used": 256,"Sort Space Type": "Memory","Workers": [{"Worker Number": 0,"Sort Method": "quicksort","Sort Space Used": 252,"Sort Space Type": "Memory"},{"Worker Number": 1,"Sort Method": "quicksort","Sort Space Used": 253,"Sort Space Type": "Memory"}],"Plans": [{"Node Type": "Hash Join","Parent Relationship": "Outer","Parallel Aware": false,"Async Capable": false,"Join Type": "Inner","Startup Cost": 366.16,"Total Cost": 71418.15,"Plan Rows": 2455,"Plan Width": 252,"Actual Startup Time": 8.699,"Actual Total Time": 914.563,"Actual Rows": 1876,"Actual Loops": 3,"Inner Unique": false,"Hash Cond": "(lineitem.l_suppkey = supplier.s_suppkey)","Join Filter": "(((n1.n_name = 'RUSSIA'::bpchar) AND (n2.n_name = 'UNITED KINGDOM'::bpchar)) OR ((n1.n_name = 'UNITED KINGDOM'::bpchar) AND (n2.n_name = 'RUSSIA'::bpchar)))","Rows Removed by Join Filter": 2004,"Workers": [],"Plans": [{"Node Type": "Nested Loop","Parent Relationship": "Outer","Parallel Aware": false,"Async Capable": false,"Join Type": "Inner","Startup Cost": 2.26,"Total Cost": 70727.78,"Plan Rows": 60250,"Plan Width": 124,"Actual Startup Time": 0.517,"Actual Total Time": 900.670,"Actual Rows": 49095,"Actual Loops": 3,"Inner Unique": false,"Workers": [],"Plans": [{"Node Type": "Nested Loop","Parent Relationship": "Outer","Parallel Aware": false,"Async Capable": false,"Join Type": "Inner","Startup Cost": 1.83,"Total Cost": 12400.01,"Plan Rows": 49000,"Plan Width": 108,"Actual Startup Time": 0.295,"Actual Total Time": 225.503,"Actual Rows": 40317,"Actual Loops": 3,"Inner Unique": false,"Workers": [],"Plans": [{"Node Type": "Hash Join","Parent Relationship": "Outer","Parallel Aware": false,"Async Capable": false,"Join Type": "Inner","Startup Cost": 1.40,"Total Cost": 4403.27,"Plan Rows": 4900,"Plan Width": 108,"Actual Startup Time": 0.175,"Actual Total Time": 47.129,"Actual Rows": 4030,"Actual Loops": 3,"Inner Unique": true,"Hash Cond": "(customer.c_nationkey = n2.n_nationkey)","Workers": [],"Plans": [{"Node Type": "Seq Scan","Parent Relationship": "Outer","Parallel Aware": true,"Async Capable": false,"Relation Name": "customer","Alias": "customer","Startup Cost": 0.00,"Total Cost": 4210.00,"Plan Rows": 62500,"Plan Width": 8,"Actual Startup Time": 0.022,"Actual Total Time": 9.594,"Actual Rows": 50000,"Actual Loops": 3,"Workers": []},{"Node Type": "Hash","Parent Relationship": "Inner","Parallel Aware": false,"Async Capable": false,"Startup Cost": 1.38,"Total Cost": 1.38,"Plan Rows": 2,"Plan Width": 108,"Actual Startup Time": 0.051,"Actual Total Time": 0.058,"Actual Rows": 2,"Actual Loops": 3,"Hash Buckets": 1024,"Original Hash Buckets": 1024,"Hash Batches": 1,"Original Hash Batches": 1,"Peak Memory Usage": 9,"Workers": [],"Plans": [{"Node Type": "Seq Scan","Parent Relationship": "Outer","Parallel Aware": false,"Async Capable": false,"Relation Name": "nation","Alias": "n2","Startup Cost": 0.00,"Total Cost": 1.38,"Plan Rows": 2,"Plan Width": 108,"Actual Startup Time": 0.042,"Actual Total Time": 0.045,"Actual Rows": 2,"Actual Loops": 3,"Filter": "((n_name = 'UNITED KINGDOM'::bpchar) OR (n_name = 'RUSSIA'::bpchar))","Rows Removed by Filter": 23,"Workers": []}]}]},{"Node Type": "Index Scan","Parent Relationship": "Inner","Parallel Aware": false,"Async Capable": false,"Scan Direction": "Forward","Index Name": "idx_orders_custkey","Relation Name": "orders","Alias": "orders","Startup Cost": 0.43,"Total Cost": 1.46,"Plan Rows": 17,"Plan Width": 8,"Actual Startup Time": 0.007,"Actual Total Time": 0.043,"Actual Rows": 10,"Actual Loops": 12089,"Index Cond": "(o_custkey = customer.c_custkey)","Rows Removed by Index Recheck": 0,"Workers": []}]},{"Node Type": "Index Scan","Parent Relationship": "Inner","Parallel Aware": false,"Async Capable": false,"Scan Direction": "Forward","Index Name": "idx_lineitem_orderkey","Relation Name": "lineitem","Alias": "lineitem","Startup Cost": 0.43,"Total Cost": 1.14,"Plan Rows": 5,"Plan Width": 24,"Actual Startup Time": 0.016,"Actual Total Time": 0.016,"Actual Rows": 1,"Actual Loops": 120950,"Index Cond": "(l_orderkey = orders.o_orderkey)","Rows Removed by Index Recheck": 0,"Filter": "((l_shipdate >= '1995-01-01'::date) AND (l_shipdate <= '1996-12-31'::date))","Rows Removed by Filter": 3,"Workers": []}]},{"Node Type": "Hash","Parent Relationship": "Inner","Parallel Aware": false,"Async Capable": false,"Startup Cost": 354.10,"Total Cost": 354.10,"Plan Rows": 784,"Plan Width": 108,"Actual Startup Time": 6.793,"Actual Total Time": 6.810,"Actual Rows": 791,"Actual Loops": 3,"Hash Buckets": 1024,"Original Hash Buckets": 1024,"Hash Batches": 1,"Original Hash Batches": 1,"Peak Memory Usage": 56,"Workers": [],"Plans": [{"Node Type": "Hash Join","Parent Relationship": "Outer","Parallel Aware": false,"Async Capable": false,"Join Type": "Inner","Startup Cost": 1.40,"Total Cost": 354.10,"Plan Rows": 784,"Plan Width": 108,"Actual Startup Time": 0.063,"Actual Total Time": 6.621,"Actual Rows": 791,"Actual Loops": 3,"Inner Unique": true,"Hash Cond": "(supplier.s_nationkey = n1.n_nationkey)","Workers": [],"Plans": [{"Node Type": "Seq Scan","Parent Relationship": "Outer","Parallel Aware": false,"Async Capable": false,"Relation Name": "supplier","Alias": "supplier","Startup Cost": 0.00,"Total Cost": 322.00,"Plan Rows": 10000,"Plan Width": 8,"Actual Startup Time": 0.022,"Actual Total Time": 3.552,"Actual Rows": 10000,"Actual Loops": 3,"Workers": []},{"Node Type": "Hash","Parent Relationship": "Inner","Parallel Aware": false,"Async Capable": false,"Startup Cost": 1.38,"Total Cost": 1.38,"Plan Rows": 2,"Plan Width": 108,"Actual Startup Time": 0.013,"Actual Total Time": 0.017,"Actual Rows": 2,"Actual Loops": 3,"Hash Buckets": 1024,"Original Hash Buckets": 1024,"Hash Batches": 1,"Original Hash Batches": 1,"Peak Memory Usage": 9,"Workers": [],"Plans": [{"Node Type": "Seq Scan","Parent Relationship": "Outer","Parallel Aware": false,"Async Capable": false,"Relation Name": "nation","Alias": "n1","Startup Cost": 0.00,"Total Cost": 1.38,"Plan Rows": 2,"Plan Width": 108,"Actual Startup Time": 0.007,"Actual Total Time": 0.008,"Actual Rows": 2,"Actual Loops": 3,"Filter": "((n_name = 'RUSSIA'::bpchar) OR (n_name = 'UNITED KINGDOM'::bpchar))","Rows Removed by Filter": 23,"Workers": []}]}]}]}]}]}]}]}]},"Planning Time": 9.150,"Triggers": [],"Execution Time": 982.944}]
[{"Plan": {"Node Type": "Aggregate","Strategy": "Sorted","Partial Mode": "Finalize","Parallel Aware": false,"Async Capable": false,"Startup Cost": 72556.41,"Total Cost": 73352.71,"Plan Rows": 5893,"Plan Width": 272,"Actual Startup Time": 935.415,"Actual Total Time": 991.170,"Actual Rows": 4,"Actual Loops": 1,"Group Key": ["n1.n_name", "n2.n_name", "(EXTRACT(year FROM lineitem.l_shipdate))"],"Plans": [{"Node Type": "Gather Merge","Parent Relationship": "Outer","Parallel Aware": false,"Async Capable": false,"Startup Cost": 72556.41,"Total Cost": 73202.94,"Plan Rows": 4910,"Plan Width": 272,"Actual Startup Time": 934.971,"Actual Total Time": 991.078,"Actual Rows": 12,"Actual Loops": 1,"Workers Planned": 2,"Workers Launched": 2,"Plans": [{"Node Type": "Aggregate","Strategy": "Sorted","Partial Mode": "Partial","Parent Relationship": "Outer","Parallel Aware": false,"Async Capable": false,"Startup Cost": 71556.39,"Total Cost": 71636.18,"Plan Rows": 2455,"Plan Width": 272,"Actual Startup Time": 926.092,"Actual Total Time": 926.815,"Actual Rows": 4,"Actual Loops": 3,"Group Key": ["n1.n_name", "n2.n_name", "(EXTRACT(year FROM lineitem.l_shipdate))"],"Workers": [],"Plans": [{"Node Type": "Sort","Parent Relationship": "Outer","Parallel Aware": false,"Async Capable": false,"Startup Cost": 71556.39,"Total Cost": 71562.53,"Plan Rows": 2455,"Plan Width": 252,"Actual Startup Time": 925.822,"Actual Total Time": 925.936,"Actual Rows": 1960,"Actual Loops": 3,"Sort Key": ["n1.n_name", "n2.n_name", "(EXTRACT(year FROM lineitem.l_shipdate))"],"Sort Method": "quicksort","Sort Space Used": 260,"Sort Space Type": "Memory","Workers": [{"Worker Number": 0,"Sort Method": "quicksort","Sort Space Used": 264,"Sort Space Type": "Memory"},{"Worker Number": 1,"Sort Method": "quicksort","Sort Space Used": 265,"Sort Space Type": "Memory"}],"Plans": [{"Node Type": "Hash Join","Parent Relationship": "Outer","Parallel Aware": false,"Async Capable": false,"Join Type": "Inner","Startup Cost": 366.16,"Total Cost": 71418.15,"Plan Rows": 2455,"Plan Width": 252,"Actual Startup Time": 11.114,"Actual Total Time": 924.078,"Actual Rows": 1960,"Actual Loops": 3,"Inner Unique": false,"Hash Cond": "(lineitem.l_suppkey = supplier.s_suppkey)","Join Filter": "(((n1.n_name = 'UNITED STATES'::bpchar) AND (n2.n_name = 'SAUDI ARABIA'::bpchar)) OR ((n1.n_name = 'SAUDI ARABIA'::bpchar) AND (n2.n_name = 'UNITED STATES'::bpchar)))","Rows Removed by Join Filter": 1958,"Workers": [],"Plans": [{"Node Type": "Nested Loop","Parent Relationship": "Outer","Parallel Aware": false,"Async Capable": false,"Join Type": "Inner","Startup Cost": 2.26,"Total Cost": 70727.78,"Plan Rows": 60250,"Plan Width": 124,"Actual Startup Time": 0.727,"Actual Total Time": 908.865,"Actual Rows": 48166,"Actual Loops": 3,"Inner Unique": false,"Workers": [],"Plans": [{"Node Type": "Nested Loop","Parent Relationship": "Outer","Parallel Aware": false,"Async Capable": false,"Join Type": "Inner","Startup Cost": 1.83,"Total Cost": 12400.01,"Plan Rows": 49000,"Plan Width": 108,"Actual Startup Time": 0.343,"Actual Total Time": 235.339,"Actual Rows": 39458,"Actual Loops": 3,"Inner Unique": false,"Workers": [],"Plans": [{"Node Type": "Hash Join","Parent Relationship": "Outer","Parallel Aware": false,"Async Capable": false,"Join Type": "Inner","Startup Cost": 1.40,"Total Cost": 4403.27,"Plan Rows": 4900,"Plan Width": 108,"Actual Startup Time": 0.166,"Actual Total Time": 48.075,"Actual Rows": 3962,"Actual Loops": 3,"Inner Unique": true,"Hash Cond": "(customer.c_nationkey = n2.n_nationkey)","Workers": [],"Plans": [{"Node Type": "Seq Scan","Parent Relationship": "Outer","Parallel Aware": true,"Async Capable": false,"Relation Name": "customer","Alias": "customer","Startup Cost": 0.00,"Total Cost": 4210.00,"Plan Rows": 62500,"Plan Width": 8,"Actual Startup Time": 0.013,"Actual Total Time": 9.840,"Actual Rows": 50000,"Actual Loops": 3,"Workers": []},{"Node Type": "Hash","Parent Relationship": "Inner","Parallel Aware": false,"Async Capable": false,"Startup Cost": 1.38,"Total Cost": 1.38,"Plan Rows": 2,"Plan Width": 108,"Actual Startup Time": 0.060,"Actual Total Time": 0.065,"Actual Rows": 2,"Actual Loops": 3,"Hash Buckets": 1024,"Original Hash Buckets": 1024,"Hash Batches": 1,"Original Hash Batches": 1,"Peak Memory Usage": 9,"Workers": [],"Plans": [{"Node Type": "Seq Scan","Parent Relationship": "Outer","Parallel Aware": false,"Async Capable": false,"Relation Name": "nation","Alias": "n2","Startup Cost": 0.00,"Total Cost": 1.38,"Plan Rows": 2,"Plan Width": 108,"Actual Startup Time": 0.045,"Actual Total Time": 0.047,"Actual Rows": 2,"Actual Loops": 3,"Filter": "((n_name = 'SAUDI ARABIA'::bpchar) OR (n_name = 'UNITED STATES'::bpchar))","Rows Removed by Filter": 23,"Workers": []}]}]},{"Node Type": "Index Scan","Parent Relationship": "Inner","Parallel Aware": false,"Async Capable": false,"Scan Direction": "Forward","Index Name": "idx_orders_custkey","Relation Name": "orders","Alias": "orders","Startup Cost": 0.43,"Total Cost": 1.46,"Plan Rows": 17,"Plan Width": 8,"Actual Startup Time": 0.007,"Actual Total Time": 0.046,"Actual Rows": 10,"Actual Loops": 11887,"Index Cond": "(o_custkey = customer.c_custkey)","Rows Removed by Index Recheck": 0,"Workers": []}]},{"Node Type": "Index Scan","Parent Relationship": "Inner","Parallel Aware": false,"Async Capable": false,"Scan Direction": "Forward","Index Name": "idx_lineitem_orderkey","Relation Name": "lineitem","Alias": "lineitem","Startup Cost": 0.43,"Total Cost": 1.14,"Plan Rows": 5,"Plan Width": 24,"Actual Startup Time": 0.016,"Actual Total Time": 0.017,"Actual Rows": 1,"Actual Loops": 118374,"Index Cond": "(l_orderkey = orders.o_orderkey)","Rows Removed by Index Recheck": 0,"Filter": "((l_shipdate >= '1995-01-01'::date) AND (l_shipdate <= '1996-12-31'::date))","Rows Removed by Filter": 3,"Workers": []}]},{"Node Type": "Hash","Parent Relationship": "Inner","Parallel Aware": false,"Async Capable": false,"Startup Cost": 354.10,"Total Cost": 354.10,"Plan Rows": 784,"Plan Width": 108,"Actual Startup Time": 8.053,"Actual Total Time": 8.067,"Actual Rows": 804,"Actual Loops": 3,"Hash Buckets": 1024,"Original Hash Buckets": 1024,"Hash Batches": 1,"Original Hash Batches": 1,"Peak Memory Usage": 57,"Workers": [],"Plans": [{"Node Type": "Hash Join","Parent Relationship": "Outer","Parallel Aware": false,"Async Capable": false,"Join Type": "Inner","Startup Cost": 1.40,"Total Cost": 354.10,"Plan Rows": 784,"Plan Width": 108,"Actual Startup Time": 0.077,"Actual Total Time": 7.868,"Actual Rows": 804,"Actual Loops": 3,"Inner Unique": true,"Hash Cond": "(supplier.s_nationkey = n1.n_nationkey)","Workers": [],"Plans": [{"Node Type": "Seq Scan","Parent Relationship": "Outer","Parallel Aware": false,"Async Capable": false,"Relation Name": "supplier","Alias": "supplier","Startup Cost": 0.00,"Total Cost": 322.00,"Plan Rows": 10000,"Plan Width": 8,"Actual Startup Time": 0.024,"Actual Total Time": 3.987,"Actual Rows": 10000,"Actual Loops": 3,"Workers": []},{"Node Type": "Hash","Parent Relationship": "Inner","Parallel Aware": false,"Async Capable": false,"Startup Cost": 1.38,"Total Cost": 1.38,"Plan Rows": 2,"Plan Width": 108,"Actual Startup Time": 0.012,"Actual Total Time": 0.016,"Actual Rows": 2,"Actual Loops": 3,"Hash Buckets": 1024,"Original Hash Buckets": 1024,"Hash Batches": 1,"Original Hash Batches": 1,"Peak Memory Usage": 9,"Workers": [],"Plans": [{"Node Type": "Seq Scan","Parent Relationship": "Outer","Parallel Aware": false,"Async Capable": false,"Relation Name": "nation","Alias": "n1","Startup Cost": 0.00,"Total Cost": 1.38,"Plan Rows": 2,"Plan Width": 108,"Actual Startup Time": 0.006,"Actual Total Time": 0.009,"Actual Rows": 2,"Actual Loops": 3,"Filter": "((n_name = 'UNITED STATES'::bpchar) OR (n_name = 'SAUDI ARABIA'::bpchar))","Rows Removed by Filter": 23,"Workers": []}]}]}]}]}]}]}]}]},"Planning Time": 8.792,"Triggers": [],"Execution Time": 991.657}]
[{"Plan": {"Node Type": "Aggregate","Strategy": "Sorted","Partial Mode": "Finalize","Parallel Aware": false,"Async Capable": false,"Startup Cost": 72556.41,"Total Cost": 73352.71,"Plan Rows": 5893,"Plan Width": 272,"Actual Startup Time": 933.042,"Actual Total Time": 984.120,"Actual Rows": 4,"Actual Loops": 1,"Group Key": ["n1.n_name", "n2.n_name", "(EXTRACT(year FROM lineitem.l_shipdate))"],"Plans": [{"Node Type": "Gather Merge","Parent Relationship": "Outer","Parallel Aware": false,"Async Capable": false,"Startup Cost": 72556.41,"Total Cost": 73202.94,"Plan Rows": 4910,"Plan Width": 272,"Actual Startup Time": 932.347,"Actual Total Time": 984.037,"Actual Rows": 12,"Actual Loops": 1,"Workers Planned": 2,"Workers Launched": 2,"Plans": [{"Node Type": "Aggregate","Strategy": "Sorted","Partial Mode": "Partial","Parent Relationship": "Outer","Parallel Aware": false,"Async Capable": false,"Startup Cost": 71556.39,"Total Cost": 71636.18,"Plan Rows": 2455,"Plan Width": 272,"Actual Startup Time": 923.081,"Actual Total Time": 923.884,"Actual Rows": 4,"Actual Loops": 3,"Group Key": ["n1.n_name", "n2.n_name", "(EXTRACT(year FROM lineitem.l_shipdate))"],"Workers": [],"Plans": [{"Node Type": "Sort","Parent Relationship": "Outer","Parallel Aware": false,"Async Capable": false,"Startup Cost": 71556.39,"Total Cost": 71562.53,"Plan Rows": 2455,"Plan Width": 252,"Actual Startup Time": 922.833,"Actual Total Time": 922.942,"Actual Rows": 1922,"Actual Loops": 3,"Sort Key": ["n1.n_name", "n2.n_name", "(EXTRACT(year FROM lineitem.l_shipdate))"],"Sort Method": "quicksort","Sort Space Used": 253,"Sort Space Type": "Memory","Workers": [{"Worker Number": 0,"Sort Method": "quicksort","Sort Space Used": 265,"Sort Space Type": "Memory"},{"Worker Number": 1,"Sort Method": "quicksort","Sort Space Used": 259,"Sort Space Type": "Memory"}],"Plans": [{"Node Type": "Hash Join","Parent Relationship": "Outer","Parallel Aware": false,"Async Capable": false,"Join Type": "Inner","Startup Cost": 366.16,"Total Cost": 71418.15,"Plan Rows": 2455,"Plan Width": 252,"Actual Startup Time": 9.905,"Actual Total Time": 921.035,"Actual Rows": 1922,"Actual Loops": 3,"Inner Unique": false,"Hash Cond": "(lineitem.l_suppkey = supplier.s_suppkey)","Join Filter": "(((n1.n_name = 'MOZAMBIQUE'::bpchar) AND (n2.n_name = 'MOROCCO'::bpchar)) OR ((n1.n_name = 'MOROCCO'::bpchar) AND (n2.n_name = 'MOZAMBIQUE'::bpchar)))","Rows Removed by Join Filter": 1935,"Workers": [],"Plans": [{"Node Type": "Nested Loop","Parent Relationship": "Outer","Parallel Aware": false,"Async Capable": false,"Join Type": "Inner","Startup Cost": 2.26,"Total Cost": 70727.78,"Plan Rows": 60250,"Plan Width": 124,"Actual Startup Time": 0.689,"Actual Total Time": 905.763,"Actual Rows": 49046,"Actual Loops": 3,"Inner Unique": false,"Workers": [],"Plans": [{"Node Type": "Nested Loop","Parent Relationship": "Outer","Parallel Aware": false,"Async Capable": false,"Join Type": "Inner","Startup Cost": 1.83,"Total Cost": 12400.01,"Plan Rows": 49000,"Plan Width": 108,"Actual Startup Time": 0.249,"Actual Total Time": 228.007,"Actual Rows": 40242,"Actual Loops": 3,"Inner Unique": false,"Workers": [],"Plans": [{"Node Type": "Hash Join","Parent Relationship": "Outer","Parallel Aware": false,"Async Capable": false,"Join Type": "Inner","Startup Cost": 1.40,"Total Cost": 4403.27,"Plan Rows": 4900,"Plan Width": 108,"Actual Startup Time": 0.156,"Actual Total Time": 47.863,"Actual Rows": 3965,"Actual Loops": 3,"Inner Unique": true,"Hash Cond": "(customer.c_nationkey = n2.n_nationkey)","Workers": [],"Plans": [{"Node Type": "Seq Scan","Parent Relationship": "Outer","Parallel Aware": true,"Async Capable": false,"Relation Name": "customer","Alias": "customer","Startup Cost": 0.00,"Total Cost": 4210.00,"Plan Rows": 62500,"Plan Width": 8,"Actual Startup Time": 0.015,"Actual Total Time": 9.560,"Actual Rows": 50000,"Actual Loops": 3,"Workers": []},{"Node Type": "Hash","Parent Relationship": "Inner","Parallel Aware": false,"Async Capable": false,"Startup Cost": 1.38,"Total Cost": 1.38,"Plan Rows": 2,"Plan Width": 108,"Actual Startup Time": 0.063,"Actual Total Time": 0.067,"Actual Rows": 2,"Actual Loops": 3,"Hash Buckets": 1024,"Original Hash Buckets": 1024,"Hash Batches": 1,"Original Hash Batches": 1,"Peak Memory Usage": 9,"Workers": [],"Plans": [{"Node Type": "Seq Scan","Parent Relationship": "Outer","Parallel Aware": false,"Async Capable": false,"Relation Name": "nation","Alias": "n2","Startup Cost": 0.00,"Total Cost": 1.38,"Plan Rows": 2,"Plan Width": 108,"Actual Startup Time": 0.051,"Actual Total Time": 0.055,"Actual Rows": 2,"Actual Loops": 3,"Filter": "((n_name = 'MOROCCO'::bpchar) OR (n_name = 'MOZAMBIQUE'::bpchar))","Rows Removed by Filter": 23,"Workers": []}]}]},{"Node Type": "Index Scan","Parent Relationship": "Inner","Parallel Aware": false,"Async Capable": false,"Scan Direction": "Forward","Index Name": "idx_orders_custkey","Relation Name": "orders","Alias": "orders","Startup Cost": 0.43,"Total Cost": 1.46,"Plan Rows": 17,"Plan Width": 8,"Actual Startup Time": 0.007,"Actual Total Time": 0.044,"Actual Rows": 10,"Actual Loops": 11895,"Index Cond": "(o_custkey = customer.c_custkey)","Rows Removed by Index Recheck": 0,"Workers": []}]},{"Node Type": "Index Scan","Parent Relationship": "Inner","Parallel Aware": false,"Async Capable": false,"Scan Direction": "Forward","Index Name": "idx_lineitem_orderkey","Relation Name": "lineitem","Alias": "lineitem","Startup Cost": 0.43,"Total Cost": 1.14,"Plan Rows": 5,"Plan Width": 24,"Actual Startup Time": 0.016,"Actual Total Time": 0.017,"Actual Rows": 1,"Actual Loops": 120726,"Index Cond": "(l_orderkey = orders.o_orderkey)","Rows Removed by Index Recheck": 0,"Filter": "((l_shipdate >= '1995-01-01'::date) AND (l_shipdate <= '1996-12-31'::date))","Rows Removed by Filter": 3,"Workers": []}]},{"Node Type": "Hash","Parent Relationship": "Inner","Parallel Aware": false,"Async Capable": false,"Startup Cost": 354.10,"Total Cost": 354.10,"Plan Rows": 784,"Plan Width": 108,"Actual Startup Time": 8.105,"Actual Total Time": 8.114,"Actual Rows": 779,"Actual Loops": 3,"Hash Buckets": 1024,"Original Hash Buckets": 1024,"Hash Batches": 1,"Original Hash Batches": 1,"Peak Memory Usage": 56,"Workers": [],"Plans": [{"Node Type": "Hash Join","Parent Relationship": "Outer","Parallel Aware": false,"Async Capable": false,"Join Type": "Inner","Startup Cost": 1.40,"Total Cost": 354.10,"Plan Rows": 784,"Plan Width": 108,"Actual Startup Time": 0.071,"Actual Total Time": 7.924,"Actual Rows": 779,"Actual Loops": 3,"Inner Unique": true,"Hash Cond": "(supplier.s_nationkey = n1.n_nationkey)","Workers": [],"Plans": [{"Node Type": "Seq Scan","Parent Relationship": "Outer","Parallel Aware": false,"Async Capable": false,"Relation Name": "supplier","Alias": "supplier","Startup Cost": 0.00,"Total Cost": 322.00,"Plan Rows": 10000,"Plan Width": 8,"Actual Startup Time": 0.029,"Actual Total Time": 4.076,"Actual Rows": 10000,"Actual Loops": 3,"Workers": []},{"Node Type": "Hash","Parent Relationship": "Inner","Parallel Aware": false,"Async Capable": false,"Startup Cost": 1.38,"Total Cost": 1.38,"Plan Rows": 2,"Plan Width": 108,"Actual Startup Time": 0.013,"Actual Total Time": 0.016,"Actual Rows": 2,"Actual Loops": 3,"Hash Buckets": 1024,"Original Hash Buckets": 1024,"Hash Batches": 1,"Original Hash Batches": 1,"Peak Memory Usage": 9,"Workers": [],"Plans": [{"Node Type": "Seq Scan","Parent Relationship": "Outer","Parallel Aware": false,"Async Capable": false,"Relation Name": "nation","Alias": "n1","Startup Cost": 0.00,"Total Cost": 1.38,"Plan Rows": 2,"Plan Width": 108,"Actual Startup Time": 0.006,"Actual Total Time": 0.008,"Actual Rows": 2,"Actual Loops": 3,"Filter": "((n_name = 'MOZAMBIQUE'::bpchar) OR (n_name = 'MOROCCO'::bpchar))","Rows Removed by Filter": 23,"Workers": []}]}]}]}]}]}]}]}]},"Planning Time": 8.489,"Triggers": [],"Execution Time": 984.624}]
[{"Plan": {"Node Type": "Aggregate","Strategy": "Sorted","Partial Mode": "Finalize","Parallel Aware": false,"Async Capable": false,"Startup Cost": 72556.41,"Total Cost": 73352.71,"Plan Rows": 5893,"Plan Width": 272,"Actual Startup Time": 940.757,"Actual Total Time": 992.781,"Actual Rows": 4,"Actual Loops": 1,"Group Key": ["n1.n_name", "n2.n_name", "(EXTRACT(year FROM lineitem.l_shipdate))"],"Plans": [{"Node Type": "Gather Merge","Parent Relationship": "Outer","Parallel Aware": false,"Async Capable": false,"Startup Cost": 72556.41,"Total Cost": 73202.94,"Plan Rows": 4910,"Plan Width": 272,"Actual Startup Time": 940.488,"Actual Total Time": 992.717,"Actual Rows": 12,"Actual Loops": 1,"Workers Planned": 2,"Workers Launched": 2,"Plans": [{"Node Type": "Aggregate","Strategy": "Sorted","Partial Mode": "Partial","Parent Relationship": "Outer","Parallel Aware": false,"Async Capable": false,"Startup Cost": 71556.39,"Total Cost": 71636.18,"Plan Rows": 2455,"Plan Width": 272,"Actual Startup Time": 930.851,"Actual Total Time": 931.500,"Actual Rows": 4,"Actual Loops": 3,"Group Key": ["n1.n_name", "n2.n_name", "(EXTRACT(year FROM lineitem.l_shipdate))"],"Workers": [],"Plans": [{"Node Type": "Sort","Parent Relationship": "Outer","Parallel Aware": false,"Async Capable": false,"Startup Cost": 71556.39,"Total Cost": 71562.53,"Plan Rows": 2455,"Plan Width": 252,"Actual Startup Time": 930.605,"Actual Total Time": 930.702,"Actual Rows": 1936,"Actual Loops": 3,"Sort Key": ["n1.n_name", "n2.n_name", "(EXTRACT(year FROM lineitem.l_shipdate))"],"Sort Method": "quicksort","Sort Space Used": 266,"Sort Space Type": "Memory","Workers": [{"Worker Number": 0,"Sort Method": "quicksort","Sort Space Used": 256,"Sort Space Type": "Memory"},{"Worker Number": 1,"Sort Method": "quicksort","Sort Space Used": 259,"Sort Space Type": "Memory"}],"Plans": [{"Node Type": "Hash Join","Parent Relationship": "Outer","Parallel Aware": false,"Async Capable": false,"Join Type": "Inner","Startup Cost": 366.16,"Total Cost": 71418.15,"Plan Rows": 2455,"Plan Width": 252,"Actual Startup Time": 9.875,"Actual Total Time": 928.819,"Actual Rows": 1936,"Actual Loops": 3,"Inner Unique": false,"Hash Cond": "(lineitem.l_suppkey = supplier.s_suppkey)","Join Filter": "(((n1.n_name = 'UNITED KINGDOM'::bpchar) AND (n2.n_name = 'FRANCE'::bpchar)) OR ((n1.n_name = 'FRANCE'::bpchar) AND (n2.n_name = 'UNITED KINGDOM'::bpchar)))","Rows Removed by Join Filter": 1979,"Workers": [],"Plans": [{"Node Type": "Nested Loop","Parent Relationship": "Outer","Parallel Aware": false,"Async Capable": false,"Join Type": "Inner","Startup Cost": 2.26,"Total Cost": 70727.78,"Plan Rows": 60250,"Plan Width": 124,"Actual Startup Time": 0.538,"Actual Total Time": 913.371,"Actual Rows": 49303,"Actual Loops": 3,"Inner Unique": false,"Workers": [],"Plans": [{"Node Type": "Nested Loop","Parent Relationship": "Outer","Parallel Aware": false,"Async Capable": false,"Join Type": "Inner","Startup Cost": 1.83,"Total Cost": 12400.01,"Plan Rows": 49000,"Plan Width": 108,"Actual Startup Time": 0.301,"Actual Total Time": 228.230,"Actual Rows": 40352,"Actual Loops": 3,"Inner Unique": false,"Workers": [],"Plans": [{"Node Type": "Hash Join","Parent Relationship": "Outer","Parallel Aware": false,"Async Capable": false,"Join Type": "Inner","Startup Cost": 1.40,"Total Cost": 4403.27,"Plan Rows": 4900,"Plan Width": 108,"Actual Startup Time": 0.150,"Actual Total Time": 46.785,"Actual Rows": 4037,"Actual Loops": 3,"Inner Unique": true,"Hash Cond": "(customer.c_nationkey = n2.n_nationkey)","Workers": [],"Plans": [{"Node Type": "Seq Scan","Parent Relationship": "Outer","Parallel Aware": true,"Async Capable": false,"Relation Name": "customer","Alias": "customer","Startup Cost": 0.00,"Total Cost": 4210.00,"Plan Rows": 62500,"Plan Width": 8,"Actual Startup Time": 0.011,"Actual Total Time": 9.688,"Actual Rows": 50000,"Actual Loops": 3,"Workers": []},{"Node Type": "Hash","Parent Relationship": "Inner","Parallel Aware": false,"Async Capable": false,"Startup Cost": 1.38,"Total Cost": 1.38,"Plan Rows": 2,"Plan Width": 108,"Actual Startup Time": 0.065,"Actual Total Time": 0.069,"Actual Rows": 2,"Actual Loops": 3,"Hash Buckets": 1024,"Original Hash Buckets": 1024,"Hash Batches": 1,"Original Hash Batches": 1,"Peak Memory Usage": 9,"Workers": [],"Plans": [{"Node Type": "Seq Scan","Parent Relationship": "Outer","Parallel Aware": false,"Async Capable": false,"Relation Name": "nation","Alias": "n2","Startup Cost": 0.00,"Total Cost": 1.38,"Plan Rows": 2,"Plan Width": 108,"Actual Startup Time": 0.049,"Actual Total Time": 0.054,"Actual Rows": 2,"Actual Loops": 3,"Filter": "((n_name = 'FRANCE'::bpchar) OR (n_name = 'UNITED KINGDOM'::bpchar))","Rows Removed by Filter": 23,"Workers": []}]}]},{"Node Type": "Index Scan","Parent Relationship": "Inner","Parallel Aware": false,"Async Capable": false,"Scan Direction": "Forward","Index Name": "idx_orders_custkey","Relation Name": "orders","Alias": "orders","Startup Cost": 0.43,"Total Cost": 1.46,"Plan Rows": 17,"Plan Width": 8,"Actual Startup Time": 0.007,"Actual Total Time": 0.044,"Actual Rows": 10,"Actual Loops": 12111,"Index Cond": "(o_custkey = customer.c_custkey)","Rows Removed by Index Recheck": 0,"Workers": []}]},{"Node Type": "Index Scan","Parent Relationship": "Inner","Parallel Aware": false,"Async Capable": false,"Scan Direction": "Forward","Index Name": "idx_lineitem_orderkey","Relation Name": "lineitem","Alias": "lineitem","Startup Cost": 0.43,"Total Cost": 1.14,"Plan Rows": 5,"Plan Width": 24,"Actual Startup Time": 0.016,"Actual Total Time": 0.017,"Actual Rows": 1,"Actual Loops": 121055,"Index Cond": "(l_orderkey = orders.o_orderkey)","Rows Removed by Index Recheck": 0,"Filter": "((l_shipdate >= '1995-01-01'::date) AND (l_shipdate <= '1996-12-31'::date))","Rows Removed by Filter": 3,"Workers": []}]},{"Node Type": "Hash","Parent Relationship": "Inner","Parallel Aware": false,"Async Capable": false,"Startup Cost": 354.10,"Total Cost": 354.10,"Plan Rows": 784,"Plan Width": 108,"Actual Startup Time": 7.950,"Actual Total Time": 7.963,"Actual Rows": 792,"Actual Loops": 3,"Hash Buckets": 1024,"Original Hash Buckets": 1024,"Hash Batches": 1,"Original Hash Batches": 1,"Peak Memory Usage": 56,"Workers": [],"Plans": [{"Node Type": "Hash Join","Parent Relationship": "Outer","Parallel Aware": false,"Async Capable": false,"Join Type": "Inner","Startup Cost": 1.40,"Total Cost": 354.10,"Plan Rows": 784,"Plan Width": 108,"Actual Startup Time": 0.064,"Actual Total Time": 7.771,"Actual Rows": 792,"Actual Loops": 3,"Inner Unique": true,"Hash Cond": "(supplier.s_nationkey = n1.n_nationkey)","Workers": [],"Plans": [{"Node Type": "Seq Scan","Parent Relationship": "Outer","Parallel Aware": false,"Async Capable": false,"Relation Name": "supplier","Alias": "supplier","Startup Cost": 0.00,"Total Cost": 322.00,"Plan Rows": 10000,"Plan Width": 8,"Actual Startup Time": 0.026,"Actual Total Time": 3.935,"Actual Rows": 10000,"Actual Loops": 3,"Workers": []},{"Node Type": "Hash","Parent Relationship": "Inner","Parallel Aware": false,"Async Capable": false,"Startup Cost": 1.38,"Total Cost": 1.38,"Plan Rows": 2,"Plan Width": 108,"Actual Startup Time": 0.012,"Actual Total Time": 0.018,"Actual Rows": 2,"Actual Loops": 3,"Hash Buckets": 1024,"Original Hash Buckets": 1024,"Hash Batches": 1,"Original Hash Batches": 1,"Peak Memory Usage": 9,"Workers": [],"Plans": [{"Node Type": "Seq Scan","Parent Relationship": "Outer","Parallel Aware": false,"Async Capable": false,"Relation Name": "nation","Alias": "n1","Startup Cost": 0.00,"Total Cost": 1.38,"Plan Rows": 2,"Plan Width": 108,"Actual Startup Time": 0.005,"Actual Total Time": 0.009,"Actual Rows": 2,"Actual Loops": 3,"Filter": "((n_name = 'UNITED KINGDOM'::bpchar) OR (n_name = 'FRANCE'::bpchar))","Rows Removed by Filter": 23,"Workers": []}]}]}]}]}]}]}]}]},"Planning Time": 9.157,"Triggers": [],"Execution Time": 993.256}]
[{"Plan": {"Node Type": "Aggregate","Strategy": "Sorted","Partial Mode": "Finalize","Parallel Aware": false,"Async Capable": false,"Startup Cost": 72556.41,"Total Cost": 73352.71,"Plan Rows": 5893,"Plan Width": 272,"Actual Startup Time": 928.819,"Actual Total Time": 981.677,"Actual Rows": 4,"Actual Loops": 1,"Group Key": ["n1.n_name", "n2.n_name", "(EXTRACT(year FROM lineitem.l_shipdate))"],"Plans": [{"Node Type": "Gather Merge","Parent Relationship": "Outer","Parallel Aware": false,"Async Capable": false,"Startup Cost": 72556.41,"Total Cost": 73202.94,"Plan Rows": 4910,"Plan Width": 272,"Actual Startup Time": 927.983,"Actual Total Time": 981.584,"Actual Rows": 12,"Actual Loops": 1,"Workers Planned": 2,"Workers Launched": 2,"Plans": [{"Node Type": "Aggregate","Strategy": "Sorted","Partial Mode": "Partial","Parent Relationship": "Outer","Parallel Aware": false,"Async Capable": false,"Startup Cost": 71556.39,"Total Cost": 71636.18,"Plan Rows": 2455,"Plan Width": 272,"Actual Startup Time": 919.666,"Actual Total Time": 920.552,"Actual Rows": 4,"Actual Loops": 3,"Group Key": ["n1.n_name", "n2.n_name", "(EXTRACT(year FROM lineitem.l_shipdate))"],"Workers": [],"Plans": [{"Node Type": "Sort","Parent Relationship": "Outer","Parallel Aware": false,"Async Capable": false,"Startup Cost": 71556.39,"Total Cost": 71562.53,"Plan Rows": 2455,"Plan Width": 252,"Actual Startup Time": 919.383,"Actual Total Time": 919.524,"Actual Rows": 1888,"Actual Loops": 3,"Sort Key": ["n1.n_name", "n2.n_name", "(EXTRACT(year FROM lineitem.l_shipdate))"],"Sort Method": "quicksort","Sort Space Used": 257,"Sort Space Type": "Memory","Workers": [{"Worker Number": 0,"Sort Method": "quicksort","Sort Space Used": 259,"Sort Space Type": "Memory"},{"Worker Number": 1,"Sort Method": "quicksort","Sort Space Used": 249,"Sort Space Type": "Memory"}],"Plans": [{"Node Type": "Hash Join","Parent Relationship": "Outer","Parallel Aware": false,"Async Capable": false,"Join Type": "Inner","Startup Cost": 366.16,"Total Cost": 71418.15,"Plan Rows": 2455,"Plan Width": 252,"Actual Startup Time": 9.266,"Actual Total Time": 917.602,"Actual Rows": 1888,"Actual Loops": 3,"Inner Unique": false,"Hash Cond": "(lineitem.l_suppkey = supplier.s_suppkey)","Join Filter": "(((n1.n_name = 'MOROCCO'::bpchar) AND (n2.n_name = 'INDIA'::bpchar)) OR ((n1.n_name = 'INDIA'::bpchar) AND (n2.n_name = 'MOROCCO'::bpchar)))","Rows Removed by Join Filter": 1922,"Workers": [],"Plans": [{"Node Type": "Nested Loop","Parent Relationship": "Outer","Parallel Aware": false,"Async Capable": false,"Join Type": "Inner","Startup Cost": 2.26,"Total Cost": 70727.78,"Plan Rows": 60250,"Plan Width": 124,"Actual Startup Time": 0.618,"Actual Total Time": 902.435,"Actual Rows": 48509,"Actual Loops": 3,"Inner Unique": false,"Workers": [],"Plans": [{"Node Type": "Nested Loop","Parent Relationship": "Outer","Parallel Aware": false,"Async Capable": false,"Join Type": "Inner","Startup Cost": 1.83,"Total Cost": 12400.01,"Plan Rows": 49000,"Plan Width": 108,"Actual Startup Time": 0.258,"Actual Total Time": 228.756,"Actual Rows": 39762,"Actual Loops": 3,"Inner Unique": false,"Workers": [],"Plans": [{"Node Type": "Hash Join","Parent Relationship": "Outer","Parallel Aware": false,"Async Capable": false,"Join Type": "Inner","Startup Cost": 1.40,"Total Cost": 4403.27,"Plan Rows": 4900,"Plan Width": 108,"Actual Startup Time": 0.164,"Actual Total Time": 48.945,"Actual Rows": 3988,"Actual Loops": 3,"Inner Unique": true,"Hash Cond": "(customer.c_nationkey = n2.n_nationkey)","Workers": [],"Plans": [{"Node Type": "Seq Scan","Parent Relationship": "Outer","Parallel Aware": true,"Async Capable": false,"Relation Name": "customer","Alias": "customer","Startup Cost": 0.00,"Total Cost": 4210.00,"Plan Rows": 62500,"Plan Width": 8,"Actual Startup Time": 0.014,"Actual Total Time": 9.735,"Actual Rows": 50000,"Actual Loops": 3,"Workers": []},{"Node Type": "Hash","Parent Relationship": "Inner","Parallel Aware": false,"Async Capable": false,"Startup Cost": 1.38,"Total Cost": 1.38,"Plan Rows": 2,"Plan Width": 108,"Actual Startup Time": 0.069,"Actual Total Time": 0.076,"Actual Rows": 2,"Actual Loops": 3,"Hash Buckets": 1024,"Original Hash Buckets": 1024,"Hash Batches": 1,"Original Hash Batches": 1,"Peak Memory Usage": 9,"Workers": [],"Plans": [{"Node Type": "Seq Scan","Parent Relationship": "Outer","Parallel Aware": false,"Async Capable": false,"Relation Name": "nation","Alias": "n2","Startup Cost": 0.00,"Total Cost": 1.38,"Plan Rows": 2,"Plan Width": 108,"Actual Startup Time": 0.053,"Actual Total Time": 0.057,"Actual Rows": 2,"Actual Loops": 3,"Filter": "((n_name = 'INDIA'::bpchar) OR (n_name = 'MOROCCO'::bpchar))","Rows Removed by Filter": 23,"Workers": []}]}]},{"Node Type": "Index Scan","Parent Relationship": "Inner","Parallel Aware": false,"Async Capable": false,"Scan Direction": "Forward","Index Name": "idx_orders_custkey","Relation Name": "orders","Alias": "orders","Startup Cost": 0.43,"Total Cost": 1.46,"Plan Rows": 17,"Plan Width": 8,"Actual Startup Time": 0.007,"Actual Total Time": 0.044,"Actual Rows": 10,"Actual Loops": 11963,"Index Cond": "(o_custkey = customer.c_custkey)","Rows Removed by Index Recheck": 0,"Workers": []}]},{"Node Type": "Index Scan","Parent Relationship": "Inner","Parallel Aware": false,"Async Capable": false,"Scan Direction": "Forward","Index Name": "idx_lineitem_orderkey","Relation Name": "lineitem","Alias": "lineitem","Startup Cost": 0.43,"Total Cost": 1.14,"Plan Rows": 5,"Plan Width": 24,"Actual Startup Time": 0.016,"Actual Total Time": 0.017,"Actual Rows": 1,"Actual Loops": 119286,"Index Cond": "(l_orderkey = orders.o_orderkey)","Rows Removed by Index Recheck": 0,"Filter": "((l_shipdate >= '1995-01-01'::date) AND (l_shipdate <= '1996-12-31'::date))","Rows Removed by Filter": 3,"Workers": []}]},{"Node Type": "Hash","Parent Relationship": "Inner","Parallel Aware": false,"Async Capable": false,"Startup Cost": 354.10,"Total Cost": 354.10,"Plan Rows": 784,"Plan Width": 108,"Actual Startup Time": 7.993,"Actual Total Time": 8.008,"Actual Rows": 788,"Actual Loops": 3,"Hash Buckets": 1024,"Original Hash Buckets": 1024,"Hash Batches": 1,"Original Hash Batches": 1,"Peak Memory Usage": 56,"Workers": [],"Plans": [{"Node Type": "Hash Join","Parent Relationship": "Outer","Parallel Aware": false,"Async Capable": false,"Join Type": "Inner","Startup Cost": 1.40,"Total Cost": 354.10,"Plan Rows": 784,"Plan Width": 108,"Actual Startup Time": 0.067,"Actual Total Time": 7.812,"Actual Rows": 788,"Actual Loops": 3,"Inner Unique": true,"Hash Cond": "(supplier.s_nationkey = n1.n_nationkey)","Workers": [],"Plans": [{"Node Type": "Seq Scan","Parent Relationship": "Outer","Parallel Aware": false,"Async Capable": false,"Relation Name": "supplier","Alias": "supplier","Startup Cost": 0.00,"Total Cost": 322.00,"Plan Rows": 10000,"Plan Width": 8,"Actual Startup Time": 0.022,"Actual Total Time": 3.931,"Actual Rows": 10000,"Actual Loops": 3,"Workers": []},{"Node Type": "Hash","Parent Relationship": "Inner","Parallel Aware": false,"Async Capable": false,"Startup Cost": 1.38,"Total Cost": 1.38,"Plan Rows": 2,"Plan Width": 108,"Actual Startup Time": 0.012,"Actual Total Time": 0.015,"Actual Rows": 2,"Actual Loops": 3,"Hash Buckets": 1024,"Original Hash Buckets": 1024,"Hash Batches": 1,"Original Hash Batches": 1,"Peak Memory Usage": 9,"Workers": [],"Plans": [{"Node Type": "Seq Scan","Parent Relationship": "Outer","Parallel Aware": false,"Async Capable": false,"Relation Name": "nation","Alias": "n1","Startup Cost": 0.00,"Total Cost": 1.38,"Plan Rows": 2,"Plan Width": 108,"Actual Startup Time": 0.005,"Actual Total Time": 0.009,"Actual Rows": 2,"Actual Loops": 3,"Filter": "((n_name = 'MOROCCO'::bpchar) OR (n_name = 'INDIA'::bpchar))","Rows Removed by Filter": 23,"Workers": []}]}]}]}]}]}]}]}]},"Planning Time": 8.474,"Triggers": [],"Execution Time": 982.167}]
[{"Plan": {"Node Type": "Aggregate","Strategy": "Sorted","Partial Mode": "Finalize","Parallel Aware": false,"Async Capable": false,"Startup Cost": 72556.41,"Total Cost": 73352.71,"Plan Rows": 5893,"Plan Width": 272,"Actual Startup Time": 936.928,"Actual Total Time": 981.466,"Actual Rows": 4,"Actual Loops": 1,"Group Key": ["n1.n_name", "n2.n_name", "(EXTRACT(year FROM lineitem.l_shipdate))"],"Plans": [{"Node Type": "Gather Merge","Parent Relationship": "Outer","Parallel Aware": false,"Async Capable": false,"Startup Cost": 72556.41,"Total Cost": 73202.94,"Plan Rows": 4910,"Plan Width": 272,"Actual Startup Time": 936.605,"Actual Total Time": 981.367,"Actual Rows": 12,"Actual Loops": 1,"Workers Planned": 2,"Workers Launched": 2,"Plans": [{"Node Type": "Aggregate","Strategy": "Sorted","Partial Mode": "Partial","Parent Relationship": "Outer","Parallel Aware": false,"Async Capable": false,"Startup Cost": 71556.39,"Total Cost": 71636.18,"Plan Rows": 2455,"Plan Width": 272,"Actual Startup Time": 929.141,"Actual Total Time": 929.817,"Actual Rows": 4,"Actual Loops": 3,"Group Key": ["n1.n_name", "n2.n_name", "(EXTRACT(year FROM lineitem.l_shipdate))"],"Workers": [],"Plans": [{"Node Type": "Sort","Parent Relationship": "Outer","Parallel Aware": false,"Async Capable": false,"Startup Cost": 71556.39,"Total Cost": 71562.53,"Plan Rows": 2455,"Plan Width": 252,"Actual Startup Time": 928.894,"Actual Total Time": 928.998,"Actual Rows": 1936,"Actual Loops": 3,"Sort Key": ["n1.n_name", "n2.n_name", "(EXTRACT(year FROM lineitem.l_shipdate))"],"Sort Method": "quicksort","Sort Space Used": 257,"Sort Space Type": "Memory","Workers": [{"Worker Number": 0,"Sort Method": "quicksort","Sort Space Used": 271,"Sort Space Type": "Memory"},{"Worker Number": 1,"Sort Method": "quicksort","Sort Space Used": 253,"Sort Space Type": "Memory"}],"Plans": [{"Node Type": "Hash Join","Parent Relationship": "Outer","Parallel Aware": false,"Async Capable": false,"Join Type": "Inner","Startup Cost": 366.16,"Total Cost": 71418.15,"Plan Rows": 2455,"Plan Width": 252,"Actual Startup Time": 13.166,"Actual Total Time": 927.001,"Actual Rows": 1936,"Actual Loops": 3,"Inner Unique": false,"Hash Cond": "(lineitem.l_suppkey = supplier.s_suppkey)","Join Filter": "(((n1.n_name = 'MOZAMBIQUE'::bpchar) AND (n2.n_name = 'IRAN'::bpchar)) OR ((n1.n_name = 'IRAN'::bpchar) AND (n2.n_name = 'MOZAMBIQUE'::bpchar)))","Rows Removed by Join Filter": 1945,"Workers": [],"Plans": [{"Node Type": "Nested Loop","Parent Relationship": "Outer","Parallel Aware": false,"Async Capable": false,"Join Type": "Inner","Startup Cost": 2.26,"Total Cost": 70727.78,"Plan Rows": 60250,"Plan Width": 124,"Actual Startup Time": 0.618,"Actual Total Time": 910.174,"Actual Rows": 48762,"Actual Loops": 3,"Inner Unique": false,"Workers": [],"Plans": [{"Node Type": "Nested Loop","Parent Relationship": "Outer","Parallel Aware": false,"Async Capable": false,"Join Type": "Inner","Startup Cost": 1.83,"Total Cost": 12400.01,"Plan Rows": 49000,"Plan Width": 108,"Actual Startup Time": 0.299,"Actual Total Time": 229.002,"Actual Rows": 40314,"Actual Loops": 3,"Inner Unique": false,"Workers": [],"Plans": [{"Node Type": "Hash Join","Parent Relationship": "Outer","Parallel Aware": false,"Async Capable": false,"Join Type": "Inner","Startup Cost": 1.40,"Total Cost": 4403.27,"Plan Rows": 4900,"Plan Width": 108,"Actual Startup Time": 0.188,"Actual Total Time": 47.208,"Actual Rows": 3994,"Actual Loops": 3,"Inner Unique": true,"Hash Cond": "(customer.c_nationkey = n2.n_nationkey)","Workers": [],"Plans": [{"Node Type": "Seq Scan","Parent Relationship": "Outer","Parallel Aware": true,"Async Capable": false,"Relation Name": "customer","Alias": "customer","Startup Cost": 0.00,"Total Cost": 4210.00,"Plan Rows": 62500,"Plan Width": 8,"Actual Startup Time": 0.019,"Actual Total Time": 9.563,"Actual Rows": 50000,"Actual Loops": 3,"Workers": []},{"Node Type": "Hash","Parent Relationship": "Inner","Parallel Aware": false,"Async Capable": false,"Startup Cost": 1.38,"Total Cost": 1.38,"Plan Rows": 2,"Plan Width": 108,"Actual Startup Time": 0.077,"Actual Total Time": 0.083,"Actual Rows": 2,"Actual Loops": 3,"Hash Buckets": 1024,"Original Hash Buckets": 1024,"Hash Batches": 1,"Original Hash Batches": 1,"Peak Memory Usage": 9,"Workers": [],"Plans": [{"Node Type": "Seq Scan","Parent Relationship": "Outer","Parallel Aware": false,"Async Capable": false,"Relation Name": "nation","Alias": "n2","Startup Cost": 0.00,"Total Cost": 1.38,"Plan Rows": 2,"Plan Width": 108,"Actual Startup Time": 0.058,"Actual Total Time": 0.065,"Actual Rows": 2,"Actual Loops": 3,"Filter": "((n_name = 'IRAN'::bpchar) OR (n_name = 'MOZAMBIQUE'::bpchar))","Rows Removed by Filter": 23,"Workers": []}]}]},{"Node Type": "Index Scan","Parent Relationship": "Inner","Parallel Aware": false,"Async Capable": false,"Scan Direction": "Forward","Index Name": "idx_orders_custkey","Relation Name": "orders","Alias": "orders","Startup Cost": 0.43,"Total Cost": 1.46,"Plan Rows": 17,"Plan Width": 8,"Actual Startup Time": 0.007,"Actual Total Time": 0.044,"Actual Rows": 10,"Actual Loops": 11983,"Index Cond": "(o_custkey = customer.c_custkey)","Rows Removed by Index Recheck": 0,"Workers": []}]},{"Node Type": "Index Scan","Parent Relationship": "Inner","Parallel Aware": false,"Async Capable": false,"Scan Direction": "Forward","Index Name": "idx_lineitem_orderkey","Relation Name": "lineitem","Alias": "lineitem","Startup Cost": 0.43,"Total Cost": 1.14,"Plan Rows": 5,"Plan Width": 24,"Actual Startup Time": 0.016,"Actual Total Time": 0.017,"Actual Rows": 1,"Actual Loops": 120942,"Index Cond": "(l_orderkey = orders.o_orderkey)","Rows Removed by Index Recheck": 0,"Filter": "((l_shipdate >= '1995-01-01'::date) AND (l_shipdate <= '1996-12-31'::date))","Rows Removed by Filter": 3,"Workers": []}]},{"Node Type": "Hash","Parent Relationship": "Inner","Parallel Aware": false,"Async Capable": false,"Startup Cost": 354.10,"Total Cost": 354.10,"Plan Rows": 784,"Plan Width": 108,"Actual Startup Time": 9.638,"Actual Total Time": 9.653,"Actual Rows": 799,"Actual Loops": 3,"Hash Buckets": 1024,"Original Hash Buckets": 1024,"Hash Batches": 1,"Original Hash Batches": 1,"Peak Memory Usage": 57,"Workers": [],"Plans": [{"Node Type": "Hash Join","Parent Relationship": "Outer","Parallel Aware": false,"Async Capable": false,"Join Type": "Inner","Startup Cost": 1.40,"Total Cost": 354.10,"Plan Rows": 784,"Plan Width": 108,"Actual Startup Time": 0.094,"Actual Total Time": 9.457,"Actual Rows": 799,"Actual Loops": 3,"Inner Unique": true,"Hash Cond": "(supplier.s_nationkey = n1.n_nationkey)","Workers": [],"Plans": [{"Node Type": "Seq Scan","Parent Relationship": "Outer","Parallel Aware": false,"Async Capable": false,"Relation Name": "supplier","Alias": "supplier","Startup Cost": 0.00,"Total Cost": 322.00,"Plan Rows": 10000,"Plan Width": 8,"Actual Startup Time": 0.038,"Actual Total Time": 4.060,"Actual Rows": 10000,"Actual Loops": 3,"Workers": []},{"Node Type": "Hash","Parent Relationship": "Inner","Parallel Aware": false,"Async Capable": false,"Startup Cost": 1.38,"Total Cost": 1.38,"Plan Rows": 2,"Plan Width": 108,"Actual Startup Time": 0.019,"Actual Total Time": 0.025,"Actual Rows": 2,"Actual Loops": 3,"Hash Buckets": 1024,"Original Hash Buckets": 1024,"Hash Batches": 1,"Original Hash Batches": 1,"Peak Memory Usage": 9,"Workers": [],"Plans": [{"Node Type": "Seq Scan","Parent Relationship": "Outer","Parallel Aware": false,"Async Capable": false,"Relation Name": "nation","Alias": "n1","Startup Cost": 0.00,"Total Cost": 1.38,"Plan Rows": 2,"Plan Width": 108,"Actual Startup Time": 0.008,"Actual Total Time": 0.014,"Actual Rows": 2,"Actual Loops": 3,"Filter": "((n_name = 'MOZAMBIQUE'::bpchar) OR (n_name = 'IRAN'::bpchar))","Rows Removed by Filter": 23,"Workers": []}]}]}]}]}]}]}]}]},"Planning Time": 8.037,"Triggers": [],"Execution Time": 982.029}]
[{"Plan": {"Node Type": "Aggregate","Strategy": "Sorted","Partial Mode": "Finalize","Parallel Aware": false,"Async Capable": false,"Startup Cost": 72556.41,"Total Cost": 73352.71,"Plan Rows": 5893,"Plan Width": 272,"Actual Startup Time": 907.906,"Actual Total Time": 954.855,"Actual Rows": 4,"Actual Loops": 1,"Group Key": ["n1.n_name", "n2.n_name", "(EXTRACT(year FROM lineitem.l_shipdate))"],"Plans": [{"Node Type": "Gather Merge","Parent Relationship": "Outer","Parallel Aware": false,"Async Capable": false,"Startup Cost": 72556.41,"Total Cost": 73202.94,"Plan Rows": 4910,"Plan Width": 272,"Actual Startup Time": 907.581,"Actual Total Time": 954.780,"Actual Rows": 12,"Actual Loops": 1,"Workers Planned": 2,"Workers Launched": 2,"Plans": [{"Node Type": "Aggregate","Strategy": "Sorted","Partial Mode": "Partial","Parent Relationship": "Outer","Parallel Aware": false,"Async Capable": false,"Startup Cost": 71556.39,"Total Cost": 71636.18,"Plan Rows": 2455,"Plan Width": 272,"Actual Startup Time": 900.099,"Actual Total Time": 900.786,"Actual Rows": 4,"Actual Loops": 3,"Group Key": ["n1.n_name", "n2.n_name", "(EXTRACT(year FROM lineitem.l_shipdate))"],"Workers": [],"Plans": [{"Node Type": "Sort","Parent Relationship": "Outer","Parallel Aware": false,"Async Capable": false,"Startup Cost": 71556.39,"Total Cost": 71562.53,"Plan Rows": 2455,"Plan Width": 252,"Actual Startup Time": 899.829,"Actual Total Time": 899.929,"Actual Rows": 1900,"Actual Loops": 3,"Sort Key": ["n1.n_name", "n2.n_name", "(EXTRACT(year FROM lineitem.l_shipdate))"],"Sort Method": "quicksort","Sort Space Used": 260,"Sort Space Type": "Memory","Workers": [{"Worker Number": 0,"Sort Method": "quicksort","Sort Space Used": 243,"Sort Space Type": "Memory"},{"Worker Number": 1,"Sort Method": "quicksort","Sort Space Used": 267,"Sort Space Type": "Memory"}],"Plans": [{"Node Type": "Hash Join","Parent Relationship": "Outer","Parallel Aware": false,"Async Capable": false,"Join Type": "Inner","Startup Cost": 366.16,"Total Cost": 71418.15,"Plan Rows": 2455,"Plan Width": 252,"Actual Startup Time": 9.957,"Actual Total Time": 898.100,"Actual Rows": 1900,"Actual Loops": 3,"Inner Unique": false,"Hash Cond": "(lineitem.l_suppkey = supplier.s_suppkey)","Join Filter": "(((n1.n_name = 'MOROCCO'::bpchar) AND (n2.n_name = 'EGYPT'::bpchar)) OR ((n1.n_name = 'EGYPT'::bpchar) AND (n2.n_name = 'MOROCCO'::bpchar)))","Rows Removed by Join Filter": 1909,"Workers": [],"Plans": [{"Node Type": "Nested Loop","Parent Relationship": "Outer","Parallel Aware": false,"Async Capable": false,"Join Type": "Inner","Startup Cost": 2.26,"Total Cost": 70727.78,"Plan Rows": 60250,"Plan Width": 124,"Actual Startup Time": 0.543,"Actual Total Time": 883.778,"Actual Rows": 48492,"Actual Loops": 3,"Inner Unique": false,"Workers": [],"Plans": [{"Node Type": "Nested Loop","Parent Relationship": "Outer","Parallel Aware": false,"Async Capable": false,"Join Type": "Inner","Startup Cost": 1.83,"Total Cost": 12400.01,"Plan Rows": 49000,"Plan Width": 108,"Actual Startup Time": 0.255,"Actual Total Time": 218.822,"Actual Rows": 39523,"Actual Loops": 3,"Inner Unique": false,"Workers": [],"Plans": [{"Node Type": "Hash Join","Parent Relationship": "Outer","Parallel Aware": false,"Async Capable": false,"Join Type": "Inner","Startup Cost": 1.40,"Total Cost": 4403.27,"Plan Rows": 4900,"Plan Width": 108,"Actual Startup Time": 0.163,"Actual Total Time": 43.380,"Actual Rows": 3972,"Actual Loops": 3,"Inner Unique": true,"Hash Cond": "(customer.c_nationkey = n2.n_nationkey)","Workers": [],"Plans": [{"Node Type": "Seq Scan","Parent Relationship": "Outer","Parallel Aware": true,"Async Capable": false,"Relation Name": "customer","Alias": "customer","Startup Cost": 0.00,"Total Cost": 4210.00,"Plan Rows": 62500,"Plan Width": 8,"Actual Startup Time": 0.016,"Actual Total Time": 9.056,"Actual Rows": 50000,"Actual Loops": 3,"Workers": []},{"Node Type": "Hash","Parent Relationship": "Inner","Parallel Aware": false,"Async Capable": false,"Startup Cost": 1.38,"Total Cost": 1.38,"Plan Rows": 2,"Plan Width": 108,"Actual Startup Time": 0.060,"Actual Total Time": 0.065,"Actual Rows": 2,"Actual Loops": 3,"Hash Buckets": 1024,"Original Hash Buckets": 1024,"Hash Batches": 1,"Original Hash Batches": 1,"Peak Memory Usage": 9,"Workers": [],"Plans": [{"Node Type": "Seq Scan","Parent Relationship": "Outer","Parallel Aware": false,"Async Capable": false,"Relation Name": "nation","Alias": "n2","Startup Cost": 0.00,"Total Cost": 1.38,"Plan Rows": 2,"Plan Width": 108,"Actual Startup Time": 0.041,"Actual Total Time": 0.049,"Actual Rows": 2,"Actual Loops": 3,"Filter": "((n_name = 'EGYPT'::bpchar) OR (n_name = 'MOROCCO'::bpchar))","Rows Removed by Filter": 23,"Workers": []}]}]},{"Node Type": "Index Scan","Parent Relationship": "Inner","Parallel Aware": false,"Async Capable": false,"Scan Direction": "Forward","Index Name": "idx_orders_custkey","Relation Name": "orders","Alias": "orders","Startup Cost": 0.43,"Total Cost": 1.46,"Plan Rows": 17,"Plan Width": 8,"Actual Startup Time": 0.007,"Actual Total Time": 0.043,"Actual Rows": 10,"Actual Loops": 11916,"Index Cond": "(o_custkey = customer.c_custkey)","Rows Removed by Index Recheck": 0,"Workers": []}]},{"Node Type": "Index Scan","Parent Relationship": "Inner","Parallel Aware": false,"Async Capable": false,"Scan Direction": "Forward","Index Name": "idx_lineitem_orderkey","Relation Name": "lineitem","Alias": "lineitem","Startup Cost": 0.43,"Total Cost": 1.14,"Plan Rows": 5,"Plan Width": 24,"Actual Startup Time": 0.016,"Actual Total Time": 0.017,"Actual Rows": 1,"Actual Loops": 118570,"Index Cond": "(l_orderkey = orders.o_orderkey)","Rows Removed by Index Recheck": 0,"Filter": "((l_shipdate >= '1995-01-01'::date) AND (l_shipdate <= '1996-12-31'::date))","Rows Removed by Filter": 3,"Workers": []}]},{"Node Type": "Hash","Parent Relationship": "Inner","Parallel Aware": false,"Async Capable": false,"Startup Cost": 354.10,"Total Cost": 354.10,"Plan Rows": 784,"Plan Width": 108,"Actual Startup Time": 7.453,"Actual Total Time": 7.463,"Actual Rows": 788,"Actual Loops": 3,"Hash Buckets": 1024,"Original Hash Buckets": 1024,"Hash Batches": 1,"Original Hash Batches": 1,"Peak Memory Usage": 56,"Workers": [],"Plans": [{"Node Type": "Hash Join","Parent Relationship": "Outer","Parallel Aware": false,"Async Capable": false,"Join Type": "Inner","Startup Cost": 1.40,"Total Cost": 354.10,"Plan Rows": 784,"Plan Width": 108,"Actual Startup Time": 0.079,"Actual Total Time": 7.244,"Actual Rows": 788,"Actual Loops": 3,"Inner Unique": true,"Hash Cond": "(supplier.s_nationkey = n1.n_nationkey)","Workers": [],"Plans": [{"Node Type": "Seq Scan","Parent Relationship": "Outer","Parallel Aware": false,"Async Capable": false,"Relation Name": "supplier","Alias": "supplier","Startup Cost": 0.00,"Total Cost": 322.00,"Plan Rows": 10000,"Plan Width": 8,"Actual Startup Time": 0.029,"Actual Total Time": 3.931,"Actual Rows": 10000,"Actual Loops": 3,"Workers": []},{"Node Type": "Hash","Parent Relationship": "Inner","Parallel Aware": false,"Async Capable": false,"Startup Cost": 1.38,"Total Cost": 1.38,"Plan Rows": 2,"Plan Width": 108,"Actual Startup Time": 0.018,"Actual Total Time": 0.021,"Actual Rows": 2,"Actual Loops": 3,"Hash Buckets": 1024,"Original Hash Buckets": 1024,"Hash Batches": 1,"Original Hash Batches": 1,"Peak Memory Usage": 9,"Workers": [],"Plans": [{"Node Type": "Seq Scan","Parent Relationship": "Outer","Parallel Aware": false,"Async Capable": false,"Relation Name": "nation","Alias": "n1","Startup Cost": 0.00,"Total Cost": 1.38,"Plan Rows": 2,"Plan Width": 108,"Actual Startup Time": 0.005,"Actual Total Time": 0.012,"Actual Rows": 2,"Actual Loops": 3,"Filter": "((n_name = 'MOROCCO'::bpchar) OR (n_name = 'EGYPT'::bpchar))","Rows Removed by Filter": 23,"Workers": []}]}]}]}]}]}]}]}]},"Planning Time": 9.372,"Triggers": [],"Execution Time": 955.366}]
[{"Plan": {"Node Type": "Aggregate","Strategy": "Sorted","Partial Mode": "Finalize","Parallel Aware": false,"Async Capable": false,"Startup Cost": 72556.41,"Total Cost": 73352.71,"Plan Rows": 5893,"Plan Width": 272,"Actual Startup Time": 932.884,"Actual Total Time": 975.319,"Actual Rows": 4,"Actual Loops": 1,"Group Key": ["n1.n_name", "n2.n_name", "(EXTRACT(year FROM lineitem.l_shipdate))"],"Plans": [{"Node Type": "Gather Merge","Parent Relationship": "Outer","Parallel Aware": false,"Async Capable": false,"Startup Cost": 72556.41,"Total Cost": 73202.94,"Plan Rows": 4910,"Plan Width": 272,"Actual Startup Time": 932.100,"Actual Total Time": 975.223,"Actual Rows": 12,"Actual Loops": 1,"Workers Planned": 2,"Workers Launched": 2,"Plans": [{"Node Type": "Aggregate","Strategy": "Sorted","Partial Mode": "Partial","Parent Relationship": "Outer","Parallel Aware": false,"Async Capable": false,"Startup Cost": 71556.39,"Total Cost": 71636.18,"Plan Rows": 2455,"Plan Width": 272,"Actual Startup Time": 924.173,"Actual Total Time": 925.069,"Actual Rows": 4,"Actual Loops": 3,"Group Key": ["n1.n_name", "n2.n_name", "(EXTRACT(year FROM lineitem.l_shipdate))"],"Workers": [],"Plans": [{"Node Type": "Sort","Parent Relationship": "Outer","Parallel Aware": false,"Async Capable": false,"Startup Cost": 71556.39,"Total Cost": 71562.53,"Plan Rows": 2455,"Plan Width": 252,"Actual Startup Time": 923.923,"Actual Total Time": 924.055,"Actual Rows": 1875,"Actual Loops": 3,"Sort Key": ["n1.n_name", "n2.n_name", "(EXTRACT(year FROM lineitem.l_shipdate))"],"Sort Method": "quicksort","Sort Space Used": 262,"Sort Space Type": "Memory","Workers": [{"Worker Number": 0,"Sort Method": "quicksort","Sort Space Used": 253,"Sort Space Type": "Memory"},{"Worker Number": 1,"Sort Method": "quicksort","Sort Space Used": 245,"Sort Space Type": "Memory"}],"Plans": [{"Node Type": "Hash Join","Parent Relationship": "Outer","Parallel Aware": false,"Async Capable": false,"Join Type": "Inner","Startup Cost": 366.16,"Total Cost": 71418.15,"Plan Rows": 2455,"Plan Width": 252,"Actual Startup Time": 11.233,"Actual Total Time": 922.066,"Actual Rows": 1875,"Actual Loops": 3,"Inner Unique": false,"Hash Cond": "(lineitem.l_suppkey = supplier.s_suppkey)","Join Filter": "(((n1.n_name = 'ROMANIA'::bpchar) AND (n2.n_name = 'JORDAN'::bpchar)) OR ((n1.n_name = 'JORDAN'::bpchar) AND (n2.n_name = 'ROMANIA'::bpchar)))","Rows Removed by Join Filter": 1883,"Workers": [],"Plans": [{"Node Type": "Nested Loop","Parent Relationship": "Outer","Parallel Aware": false,"Async Capable": false,"Join Type": "Inner","Startup Cost": 2.26,"Total Cost": 70727.78,"Plan Rows": 60250,"Plan Width": 124,"Actual Startup Time": 0.914,"Actual Total Time": 905.192,"Actual Rows": 49528,"Actual Loops": 3,"Inner Unique": false,"Workers": [],"Plans": [{"Node Type": "Nested Loop","Parent Relationship": "Outer","Parallel Aware": false,"Async Capable": false,"Join Type": "Inner","Startup Cost": 1.83,"Total Cost": 12400.01,"Plan Rows": 49000,"Plan Width": 108,"Actual Startup Time": 0.322,"Actual Total Time": 223.368,"Actual Rows": 40583,"Actual Loops": 3,"Inner Unique": false,"Workers": [],"Plans": [{"Node Type": "Hash Join","Parent Relationship": "Outer","Parallel Aware": false,"Async Capable": false,"Join Type": "Inner","Startup Cost": 1.40,"Total Cost": 4403.27,"Plan Rows": 4900,"Plan Width": 108,"Actual Startup Time": 0.200,"Actual Total Time": 43.836,"Actual Rows": 4044,"Actual Loops": 3,"Inner Unique": true,"Hash Cond": "(customer.c_nationkey = n2.n_nationkey)","Workers": [],"Plans": [{"Node Type": "Seq Scan","Parent Relationship": "Outer","Parallel Aware": true,"Async Capable": false,"Relation Name": "customer","Alias": "customer","Startup Cost": 0.00,"Total Cost": 4210.00,"Plan Rows": 62500,"Plan Width": 8,"Actual Startup Time": 0.016,"Actual Total Time": 9.054,"Actual Rows": 50000,"Actual Loops": 3,"Workers": []},{"Node Type": "Hash","Parent Relationship": "Inner","Parallel Aware": false,"Async Capable": false,"Startup Cost": 1.38,"Total Cost": 1.38,"Plan Rows": 2,"Plan Width": 108,"Actual Startup Time": 0.076,"Actual Total Time": 0.084,"Actual Rows": 2,"Actual Loops": 3,"Hash Buckets": 1024,"Original Hash Buckets": 1024,"Hash Batches": 1,"Original Hash Batches": 1,"Peak Memory Usage": 9,"Workers": [],"Plans": [{"Node Type": "Seq Scan","Parent Relationship": "Outer","Parallel Aware": false,"Async Capable": false,"Relation Name": "nation","Alias": "n2","Startup Cost": 0.00,"Total Cost": 1.38,"Plan Rows": 2,"Plan Width": 108,"Actual Startup Time": 0.058,"Actual Total Time": 0.063,"Actual Rows": 2,"Actual Loops": 3,"Filter": "((n_name = 'JORDAN'::bpchar) OR (n_name = 'ROMANIA'::bpchar))","Rows Removed by Filter": 23,"Workers": []}]}]},{"Node Type": "Index Scan","Parent Relationship": "Inner","Parallel Aware": false,"Async Capable": false,"Scan Direction": "Forward","Index Name": "idx_orders_custkey","Relation Name": "orders","Alias": "orders","Startup Cost": 0.43,"Total Cost": 1.46,"Plan Rows": 17,"Plan Width": 8,"Actual Startup Time": 0.007,"Actual Total Time": 0.043,"Actual Rows": 10,"Actual Loops": 12133,"Index Cond": "(o_custkey = customer.c_custkey)","Rows Removed by Index Recheck": 0,"Workers": []}]},{"Node Type": "Index Scan","Parent Relationship": "Inner","Parallel Aware": false,"Async Capable": false,"Scan Direction": "Forward","Index Name": "idx_lineitem_orderkey","Relation Name": "lineitem","Alias": "lineitem","Startup Cost": 0.43,"Total Cost": 1.14,"Plan Rows": 5,"Plan Width": 24,"Actual Startup Time": 0.016,"Actual Total Time": 0.017,"Actual Rows": 1,"Actual Loops": 121748,"Index Cond": "(l_orderkey = orders.o_orderkey)","Rows Removed by Index Recheck": 0,"Filter": "((l_shipdate >= '1995-01-01'::date) AND (l_shipdate <= '1996-12-31'::date))","Rows Removed by Filter": 3,"Workers": []}]},{"Node Type": "Hash","Parent Relationship": "Inner","Parallel Aware": false,"Async Capable": false,"Startup Cost": 354.10,"Total Cost": 354.10,"Plan Rows": 784,"Plan Width": 108,"Actual Startup Time": 9.777,"Actual Total Time": 9.791,"Actual Rows": 760,"Actual Loops": 3,"Hash Buckets": 1024,"Original Hash Buckets": 1024,"Hash Batches": 1,"Original Hash Batches": 1,"Peak Memory Usage": 55,"Workers": [],"Plans": [{"Node Type": "Hash Join","Parent Relationship": "Outer","Parallel Aware": false,"Async Capable": false,"Join Type": "Inner","Startup Cost": 1.40,"Total Cost": 354.10,"Plan Rows": 784,"Plan Width": 108,"Actual Startup Time": 0.096,"Actual Total Time": 9.622,"Actual Rows": 760,"Actual Loops": 3,"Inner Unique": true,"Hash Cond": "(supplier.s_nationkey = n1.n_nationkey)","Workers": [],"Plans": [{"Node Type": "Seq Scan","Parent Relationship": "Outer","Parallel Aware": false,"Async Capable": false,"Relation Name": "supplier","Alias": "supplier","Startup Cost": 0.00,"Total Cost": 322.00,"Plan Rows": 10000,"Plan Width": 8,"Actual Startup Time": 0.034,"Actual Total Time": 3.753,"Actual Rows": 10000,"Actual Loops": 3,"Workers": []},{"Node Type": "Hash","Parent Relationship": "Inner","Parallel Aware": false,"Async Capable": false,"Startup Cost": 1.38,"Total Cost": 1.38,"Plan Rows": 2,"Plan Width": 108,"Actual Startup Time": 0.019,"Actual Total Time": 0.024,"Actual Rows": 2,"Actual Loops": 3,"Hash Buckets": 1024,"Original Hash Buckets": 1024,"Hash Batches": 1,"Original Hash Batches": 1,"Peak Memory Usage": 9,"Workers": [],"Plans": [{"Node Type": "Seq Scan","Parent Relationship": "Outer","Parallel Aware": false,"Async Capable": false,"Relation Name": "nation","Alias": "n1","Startup Cost": 0.00,"Total Cost": 1.38,"Plan Rows": 2,"Plan Width": 108,"Actual Startup Time": 0.009,"Actual Total Time": 0.014,"Actual Rows": 2,"Actual Loops": 3,"Filter": "((n_name = 'ROMANIA'::bpchar) OR (n_name = 'JORDAN'::bpchar))","Rows Removed by Filter": 23,"Workers": []}]}]}]}]}]}]}]}]},"Planning Time": 9.149,"Triggers": [],"Execution Time": 975.749}]
[{"Plan": {"Node Type": "Aggregate","Strategy": "Sorted","Partial Mode": "Finalize","Parallel Aware": false,"Async Capable": false,"Startup Cost": 72556.41,"Total Cost": 73352.71,"Plan Rows": 5893,"Plan Width": 272,"Actual Startup Time": 896.944,"Actual Total Time": 936.689,"Actual Rows": 4,"Actual Loops": 1,"Group Key": ["n1.n_name", "n2.n_name", "(EXTRACT(year FROM lineitem.l_shipdate))"],"Plans": [{"Node Type": "Gather Merge","Parent Relationship": "Outer","Parallel Aware": false,"Async Capable": false,"Startup Cost": 72556.41,"Total Cost": 73202.94,"Plan Rows": 4910,"Plan Width": 272,"Actual Startup Time": 896.653,"Actual Total Time": 936.637,"Actual Rows": 12,"Actual Loops": 1,"Workers Planned": 2,"Workers Launched": 2,"Plans": [{"Node Type": "Aggregate","Strategy": "Sorted","Partial Mode": "Partial","Parent Relationship": "Outer","Parallel Aware": false,"Async Capable": false,"Startup Cost": 71556.39,"Total Cost": 71636.18,"Plan Rows": 2455,"Plan Width": 272,"Actual Startup Time": 888.767,"Actual Total Time": 889.489,"Actual Rows": 4,"Actual Loops": 3,"Group Key": ["n1.n_name", "n2.n_name", "(EXTRACT(year FROM lineitem.l_shipdate))"],"Workers": [],"Plans": [{"Node Type": "Sort","Parent Relationship": "Outer","Parallel Aware": false,"Async Capable": false,"Startup Cost": 71556.39,"Total Cost": 71562.53,"Plan Rows": 2455,"Plan Width": 252,"Actual Startup Time": 888.509,"Actual Total Time": 888.604,"Actual Rows": 2033,"Actual Loops": 3,"Sort Key": ["n1.n_name", "n2.n_name", "(EXTRACT(year FROM lineitem.l_shipdate))"],"Sort Method": "quicksort","Sort Space Used": 326,"Sort Space Type": "Memory","Workers": [{"Worker Number": 0,"Sort Method": "quicksort","Sort Space Used": 268,"Sort Space Type": "Memory"},{"Worker Number": 1,"Sort Method": "quicksort","Sort Space Used": 266,"Sort Space Type": "Memory"}],"Plans": [{"Node Type": "Hash Join","Parent Relationship": "Outer","Parallel Aware": false,"Async Capable": false,"Join Type": "Inner","Startup Cost": 366.16,"Total Cost": 71418.15,"Plan Rows": 2455,"Plan Width": 252,"Actual Startup Time": 9.969,"Actual Total Time": 886.734,"Actual Rows": 2033,"Actual Loops": 3,"Inner Unique": false,"Hash Cond": "(lineitem.l_suppkey = supplier.s_suppkey)","Join Filter": "(((n1.n_name = 'RUSSIA'::bpchar) AND (n2.n_name = 'FRANCE'::bpchar)) OR ((n1.n_name = 'FRANCE'::bpchar) AND (n2.n_name = 'RUSSIA'::bpchar)))","Rows Removed by Join Filter": 2012,"Workers": [],"Plans": [{"Node Type": "Nested Loop","Parent Relationship": "Outer","Parallel Aware": false,"Async Capable": false,"Join Type": "Inner","Startup Cost": 2.26,"Total Cost": 70727.78,"Plan Rows": 60250,"Plan Width": 124,"Actual Startup Time": 0.547,"Actual Total Time": 870.882,"Actual Rows": 50082,"Actual Loops": 3,"Inner Unique": false,"Workers": [],"Plans": [{"Node Type": "Nested Loop","Parent Relationship": "Outer","Parallel Aware": false,"Async Capable": false,"Join Type": "Inner","Startup Cost": 1.83,"Total Cost": 12400.01,"Plan Rows": 49000,"Plan Width": 108,"Actual Startup Time": 0.263,"Actual Total Time": 214.153,"Actual Rows": 41032,"Actual Loops": 3,"Inner Unique": false,"Workers": [],"Plans": [{"Node Type": "Hash Join","Parent Relationship": "Outer","Parallel Aware": false,"Async Capable": false,"Join Type": "Inner","Startup Cost": 1.40,"Total Cost": 4403.27,"Plan Rows": 4900,"Plan Width": 108,"Actual Startup Time": 0.144,"Actual Total Time": 40.636,"Actual Rows": 4059,"Actual Loops": 3,"Inner Unique": true,"Hash Cond": "(customer.c_nationkey = n2.n_nationkey)","Workers": [],"Plans": [{"Node Type": "Seq Scan","Parent Relationship": "Outer","Parallel Aware": true,"Async Capable": false,"Relation Name": "customer","Alias": "customer","Startup Cost": 0.00,"Total Cost": 4210.00,"Plan Rows": 62500,"Plan Width": 8,"Actual Startup Time": 0.014,"Actual Total Time": 8.782,"Actual Rows": 50000,"Actual Loops": 3,"Workers": []},{"Node Type": "Hash","Parent Relationship": "Inner","Parallel Aware": false,"Async Capable": false,"Startup Cost": 1.38,"Total Cost": 1.38,"Plan Rows": 2,"Plan Width": 108,"Actual Startup Time": 0.062,"Actual Total Time": 0.065,"Actual Rows": 2,"Actual Loops": 3,"Hash Buckets": 1024,"Original Hash Buckets": 1024,"Hash Batches": 1,"Original Hash Batches": 1,"Peak Memory Usage": 9,"Workers": [],"Plans": [{"Node Type": "Seq Scan","Parent Relationship": "Outer","Parallel Aware": false,"Async Capable": false,"Relation Name": "nation","Alias": "n2","Startup Cost": 0.00,"Total Cost": 1.38,"Plan Rows": 2,"Plan Width": 108,"Actual Startup Time": 0.045,"Actual Total Time": 0.051,"Actual Rows": 2,"Actual Loops": 3,"Filter": "((n_name = 'FRANCE'::bpchar) OR (n_name = 'RUSSIA'::bpchar))","Rows Removed by Filter": 23,"Workers": []}]}]},{"Node Type": "Index Scan","Parent Relationship": "Inner","Parallel Aware": false,"Async Capable": false,"Scan Direction": "Forward","Index Name": "idx_orders_custkey","Relation Name": "orders","Alias": "orders","Startup Cost": 0.43,"Total Cost": 1.46,"Plan Rows": 17,"Plan Width": 8,"Actual Startup Time": 0.007,"Actual Total Time": 0.041,"Actual Rows": 10,"Actual Loops": 12178,"Index Cond": "(o_custkey = customer.c_custkey)","Rows Removed by Index Recheck": 0,"Workers": []}]},{"Node Type": "Index Scan","Parent Relationship": "Inner","Parallel Aware": false,"Async Capable": false,"Scan Direction": "Forward","Index Name": "idx_lineitem_orderkey","Relation Name": "lineitem","Alias": "lineitem","Startup Cost": 0.43,"Total Cost": 1.14,"Plan Rows": 5,"Plan Width": 24,"Actual Startup Time": 0.015,"Actual Total Time": 0.016,"Actual Rows": 1,"Actual Loops": 123095,"Index Cond": "(l_orderkey = orders.o_orderkey)","Rows Removed by Index Recheck": 0,"Filter": "((l_shipdate >= '1995-01-01'::date) AND (l_shipdate <= '1996-12-31'::date))","Rows Removed by Filter": 3,"Workers": []}]},{"Node Type": "Hash","Parent Relationship": "Inner","Parallel Aware": false,"Async Capable": false,"Startup Cost": 354.10,"Total Cost": 354.10,"Plan Rows": 784,"Plan Width": 108,"Actual Startup Time": 8.376,"Actual Total Time": 8.386,"Actual Rows": 803,"Actual Loops": 3,"Hash Buckets": 1024,"Original Hash Buckets": 1024,"Hash Batches": 1,"Original Hash Batches": 1,"Peak Memory Usage": 57,"Workers": [],"Plans": [{"Node Type": "Hash Join","Parent Relationship": "Outer","Parallel Aware": false,"Async Capable": false,"Join Type": "Inner","Startup Cost": 1.40,"Total Cost": 354.10,"Plan Rows": 784,"Plan Width": 108,"Actual Startup Time": 0.081,"Actual Total Time": 8.163,"Actual Rows": 803,"Actual Loops": 3,"Inner Unique": true,"Hash Cond": "(supplier.s_nationkey = n1.n_nationkey)","Workers": [],"Plans": [{"Node Type": "Seq Scan","Parent Relationship": "Outer","Parallel Aware": false,"Async Capable": false,"Relation Name": "supplier","Alias": "supplier","Startup Cost": 0.00,"Total Cost": 322.00,"Plan Rows": 10000,"Plan Width": 8,"Actual Startup Time": 0.028,"Actual Total Time": 3.743,"Actual Rows": 10000,"Actual Loops": 3,"Workers": []},{"Node Type": "Hash","Parent Relationship": "Inner","Parallel Aware": false,"Async Capable": false,"Startup Cost": 1.38,"Total Cost": 1.38,"Plan Rows": 2,"Plan Width": 108,"Actual Startup Time": 0.015,"Actual Total Time": 0.018,"Actual Rows": 2,"Actual Loops": 3,"Hash Buckets": 1024,"Original Hash Buckets": 1024,"Hash Batches": 1,"Original Hash Batches": 1,"Peak Memory Usage": 9,"Workers": [],"Plans": [{"Node Type": "Seq Scan","Parent Relationship": "Outer","Parallel Aware": false,"Async Capable": false,"Relation Name": "nation","Alias": "n1","Startup Cost": 0.00,"Total Cost": 1.38,"Plan Rows": 2,"Plan Width": 108,"Actual Startup Time": 0.005,"Actual Total Time": 0.009,"Actual Rows": 2,"Actual Loops": 3,"Filter": "((n_name = 'RUSSIA'::bpchar) OR (n_name = 'FRANCE'::bpchar))","Rows Removed by Filter": 23,"Workers": []}]}]}]}]}]}]}]}]},"Planning Time": 9.320,"Triggers": [],"Execution Time": 937.118}]
[{"Plan": {"Node Type": "Aggregate","Strategy": "Sorted","Partial Mode": "Finalize","Parallel Aware": false,"Async Capable": false,"Startup Cost": 72556.41,"Total Cost": 73352.71,"Plan Rows": 5893,"Plan Width": 272,"Actual Startup Time": 924.623,"Actual Total Time": 982.366,"Actual Rows": 4,"Actual Loops": 1,"Group Key": ["n1.n_name", "n2.n_name", "(EXTRACT(year FROM lineitem.l_shipdate))"],"Plans": [{"Node Type": "Gather Merge","Parent Relationship": "Outer","Parallel Aware": false,"Async Capable": false,"Startup Cost": 72556.41,"Total Cost": 73202.94,"Plan Rows": 4910,"Plan Width": 272,"Actual Startup Time": 924.322,"Actual Total Time": 982.256,"Actual Rows": 12,"Actual Loops": 1,"Workers Planned": 2,"Workers Launched": 2,"Plans": [{"Node Type": "Aggregate","Strategy": "Sorted","Partial Mode": "Partial","Parent Relationship": "Outer","Parallel Aware": false,"Async Capable": false,"Startup Cost": 71556.39,"Total Cost": 71636.18,"Plan Rows": 2455,"Plan Width": 272,"Actual Startup Time": 915.693,"Actual Total Time": 916.425,"Actual Rows": 4,"Actual Loops": 3,"Group Key": ["n1.n_name", "n2.n_name", "(EXTRACT(year FROM lineitem.l_shipdate))"],"Workers": [],"Plans": [{"Node Type": "Sort","Parent Relationship": "Outer","Parallel Aware": false,"Async Capable": false,"Startup Cost": 71556.39,"Total Cost": 71562.53,"Plan Rows": 2455,"Plan Width": 252,"Actual Startup Time": 915.405,"Actual Total Time": 915.505,"Actual Rows": 2016,"Actual Loops": 3,"Sort Key": ["n1.n_name", "n2.n_name", "(EXTRACT(year FROM lineitem.l_shipdate))"],"Sort Method": "quicksort","Sort Space Used": 268,"Sort Space Type": "Memory","Workers": [{"Worker Number": 0,"Sort Method": "quicksort","Sort Space Used": 264,"Sort Space Type": "Memory"},{"Worker Number": 1,"Sort Method": "quicksort","Sort Space Used": 323,"Sort Space Type": "Memory"}],"Plans": [{"Node Type": "Hash Join","Parent Relationship": "Outer","Parallel Aware": false,"Async Capable": false,"Join Type": "Inner","Startup Cost": 366.16,"Total Cost": 71418.15,"Plan Rows": 2455,"Plan Width": 252,"Actual Startup Time": 9.181,"Actual Total Time": 913.504,"Actual Rows": 2016,"Actual Loops": 3,"Inner Unique": false,"Hash Cond": "(lineitem.l_suppkey = supplier.s_suppkey)","Join Filter": "(((n1.n_name = 'CHINA'::bpchar) AND (n2.n_name = 'IRAQ'::bpchar)) OR ((n1.n_name = 'IRAQ'::bpchar) AND (n2.n_name = 'CHINA'::bpchar)))","Rows Removed by Join Filter": 2053,"Workers": [],"Plans": [{"Node Type": "Nested Loop","Parent Relationship": "Outer","Parallel Aware": false,"Async Capable": false,"Join Type": "Inner","Startup Cost": 2.26,"Total Cost": 70727.78,"Plan Rows": 60250,"Plan Width": 124,"Actual Startup Time": 0.506,"Actual Total Time": 899.012,"Actual Rows": 48409,"Actual Loops": 3,"Inner Unique": false,"Workers": [],"Plans": [{"Node Type": "Nested Loop","Parent Relationship": "Outer","Parallel Aware": false,"Async Capable": false,"Join Type": "Inner","Startup Cost": 1.83,"Total Cost": 12400.01,"Plan Rows": 49000,"Plan Width": 108,"Actual Startup Time": 0.312,"Actual Total Time": 225.745,"Actual Rows": 39895,"Actual Loops": 3,"Inner Unique": false,"Workers": [],"Plans": [{"Node Type": "Hash Join","Parent Relationship": "Outer","Parallel Aware": false,"Async Capable": false,"Join Type": "Inner","Startup Cost": 1.40,"Total Cost": 4403.27,"Plan Rows": 4900,"Plan Width": 108,"Actual Startup Time": 0.179,"Actual Total Time": 47.302,"Actual Rows": 3996,"Actual Loops": 3,"Inner Unique": true,"Hash Cond": "(customer.c_nationkey = n2.n_nationkey)","Workers": [],"Plans": [{"Node Type": "Seq Scan","Parent Relationship": "Outer","Parallel Aware": true,"Async Capable": false,"Relation Name": "customer","Alias": "customer","Startup Cost": 0.00,"Total Cost": 4210.00,"Plan Rows": 62500,"Plan Width": 8,"Actual Startup Time": 0.018,"Actual Total Time": 9.574,"Actual Rows": 50000,"Actual Loops": 3,"Workers": []},{"Node Type": "Hash","Parent Relationship": "Inner","Parallel Aware": false,"Async Capable": false,"Startup Cost": 1.38,"Total Cost": 1.38,"Plan Rows": 2,"Plan Width": 108,"Actual Startup Time": 0.079,"Actual Total Time": 0.083,"Actual Rows": 2,"Actual Loops": 3,"Hash Buckets": 1024,"Original Hash Buckets": 1024,"Hash Batches": 1,"Original Hash Batches": 1,"Peak Memory Usage": 9,"Workers": [],"Plans": [{"Node Type": "Seq Scan","Parent Relationship": "Outer","Parallel Aware": false,"Async Capable": false,"Relation Name": "nation","Alias": "n2","Startup Cost": 0.00,"Total Cost": 1.38,"Plan Rows": 2,"Plan Width": 108,"Actual Startup Time": 0.057,"Actual Total Time": 0.063,"Actual Rows": 2,"Actual Loops": 3,"Filter": "((n_name = 'IRAQ'::bpchar) OR (n_name = 'CHINA'::bpchar))","Rows Removed by Filter": 23,"Workers": []}]}]},{"Node Type": "Index Scan","Parent Relationship": "Inner","Parallel Aware": false,"Async Capable": false,"Scan Direction": "Forward","Index Name": "idx_orders_custkey","Relation Name": "orders","Alias": "orders","Startup Cost": 0.43,"Total Cost": 1.46,"Plan Rows": 17,"Plan Width": 8,"Actual Startup Time": 0.007,"Actual Total Time": 0.043,"Actual Rows": 10,"Actual Loops": 11987,"Index Cond": "(o_custkey = customer.c_custkey)","Rows Removed by Index Recheck": 0,"Workers": []}]},{"Node Type": "Index Scan","Parent Relationship": "Inner","Parallel Aware": false,"Async Capable": false,"Scan Direction": "Forward","Index Name": "idx_lineitem_orderkey","Relation Name": "lineitem","Alias": "lineitem","Startup Cost": 0.43,"Total Cost": 1.14,"Plan Rows": 5,"Plan Width": 24,"Actual Startup Time": 0.016,"Actual Total Time": 0.017,"Actual Rows": 1,"Actual Loops": 119686,"Index Cond": "(l_orderkey = orders.o_orderkey)","Rows Removed by Index Recheck": 0,"Filter": "((l_shipdate >= '1995-01-01'::date) AND (l_shipdate <= '1996-12-31'::date))","Rows Removed by Filter": 3,"Workers": []}]},{"Node Type": "Hash","Parent Relationship": "Inner","Parallel Aware": false,"Async Capable": false,"Startup Cost": 354.10,"Total Cost": 354.10,"Plan Rows": 784,"Plan Width": 108,"Actual Startup Time": 7.225,"Actual Total Time": 7.237,"Actual Rows": 845,"Actual Loops": 3,"Hash Buckets": 1024,"Original Hash Buckets": 1024,"Hash Batches": 1,"Original Hash Batches": 1,"Peak Memory Usage": 60,"Workers": [],"Plans": [{"Node Type": "Hash Join","Parent Relationship": "Outer","Parallel Aware": false,"Async Capable": false,"Join Type": "Inner","Startup Cost": 1.40,"Total Cost": 354.10,"Plan Rows": 784,"Plan Width": 108,"Actual Startup Time": 0.095,"Actual Total Time": 7.044,"Actual Rows": 845,"Actual Loops": 3,"Inner Unique": true,"Hash Cond": "(supplier.s_nationkey = n1.n_nationkey)","Workers": [],"Plans": [{"Node Type": "Seq Scan","Parent Relationship": "Outer","Parallel Aware": false,"Async Capable": false,"Relation Name": "supplier","Alias": "supplier","Startup Cost": 0.00,"Total Cost": 322.00,"Plan Rows": 10000,"Plan Width": 8,"Actual Startup Time": 0.034,"Actual Total Time": 3.775,"Actual Rows": 10000,"Actual Loops": 3,"Workers": []},{"Node Type": "Hash","Parent Relationship": "Inner","Parallel Aware": false,"Async Capable": false,"Startup Cost": 1.38,"Total Cost": 1.38,"Plan Rows": 2,"Plan Width": 108,"Actual Startup Time": 0.024,"Actual Total Time": 0.027,"Actual Rows": 2,"Actual Loops": 3,"Hash Buckets": 1024,"Original Hash Buckets": 1024,"Hash Batches": 1,"Original Hash Batches": 1,"Peak Memory Usage": 9,"Workers": [],"Plans": [{"Node Type": "Seq Scan","Parent Relationship": "Outer","Parallel Aware": false,"Async Capable": false,"Relation Name": "nation","Alias": "n1","Startup Cost": 0.00,"Total Cost": 1.38,"Plan Rows": 2,"Plan Width": 108,"Actual Startup Time": 0.014,"Actual Total Time": 0.018,"Actual Rows": 2,"Actual Loops": 3,"Filter": "((n_name = 'CHINA'::bpchar) OR (n_name = 'IRAQ'::bpchar))","Rows Removed by Filter": 23,"Workers": []}]}]}]}]}]}]}]}]},"Planning Time": 9.605,"Triggers": [],"Execution Time": 982.837}]
[{"Plan": {"Node Type": "Aggregate","Strategy": "Sorted","Partial Mode": "Finalize","Parallel Aware": false,"Async Capable": false,"Startup Cost": 72556.41,"Total Cost": 73352.71,"Plan Rows": 5893,"Plan Width": 272,"Actual Startup Time": 919.861,"Actual Total Time": 971.965,"Actual Rows": 4,"Actual Loops": 1,"Group Key": ["n1.n_name", "n2.n_name", "(EXTRACT(year FROM lineitem.l_shipdate))"],"Plans": [{"Node Type": "Gather Merge","Parent Relationship": "Outer","Parallel Aware": false,"Async Capable": false,"Startup Cost": 72556.41,"Total Cost": 73202.94,"Plan Rows": 4910,"Plan Width": 272,"Actual Startup Time": 918.997,"Actual Total Time": 971.892,"Actual Rows": 12,"Actual Loops": 1,"Workers Planned": 2,"Workers Launched": 2,"Plans": [{"Node Type": "Aggregate","Strategy": "Sorted","Partial Mode": "Partial","Parent Relationship": "Outer","Parallel Aware": false,"Async Capable": false,"Startup Cost": 71556.39,"Total Cost": 71636.18,"Plan Rows": 2455,"Plan Width": 272,"Actual Startup Time": 910.681,"Actual Total Time": 911.612,"Actual Rows": 4,"Actual Loops": 3,"Group Key": ["n1.n_name", "n2.n_name", "(EXTRACT(year FROM lineitem.l_shipdate))"],"Workers": [],"Plans": [{"Node Type": "Sort","Parent Relationship": "Outer","Parallel Aware": false,"Async Capable": false,"Startup Cost": 71556.39,"Total Cost": 71562.53,"Plan Rows": 2455,"Plan Width": 252,"Actual Startup Time": 910.422,"Actual Total Time": 910.547,"Actual Rows": 1987,"Actual Loops": 3,"Sort Key": ["n1.n_name", "n2.n_name", "(EXTRACT(year FROM lineitem.l_shipdate))"],"Sort Method": "quicksort","Sort Space Used": 270,"Sort Space Type": "Memory","Workers": [{"Worker Number": 0,"Sort Method": "quicksort","Sort Space Used": 270,"Sort Space Type": "Memory"},{"Worker Number": 1,"Sort Method": "quicksort","Sort Space Used": 258,"Sort Space Type": "Memory"}],"Plans": [{"Node Type": "Hash Join","Parent Relationship": "Outer","Parallel Aware": false,"Async Capable": false,"Join Type": "Inner","Startup Cost": 366.16,"Total Cost": 71418.15,"Plan Rows": 2455,"Plan Width": 252,"Actual Startup Time": 10.380,"Actual Total Time": 908.520,"Actual Rows": 1987,"Actual Loops": 3,"Inner Unique": false,"Hash Cond": "(lineitem.l_suppkey = supplier.s_suppkey)","Join Filter": "(((n1.n_name = 'GERMANY'::bpchar) AND (n2.n_name = 'PERU'::bpchar)) OR ((n1.n_name = 'PERU'::bpchar) AND (n2.n_name = 'GERMANY'::bpchar)))","Rows Removed by Join Filter": 1969,"Workers": [],"Plans": [{"Node Type": "Nested Loop","Parent Relationship": "Outer","Parallel Aware": false,"Async Capable": false,"Join Type": "Inner","Startup Cost": 2.26,"Total Cost": 70727.78,"Plan Rows": 60250,"Plan Width": 124,"Actual Startup Time": 1.075,"Actual Total Time": 893.167,"Actual Rows": 48329,"Actual Loops": 3,"Inner Unique": false,"Workers": [],"Plans": [{"Node Type": "Nested Loop","Parent Relationship": "Outer","Parallel Aware": false,"Async Capable": false,"Join Type": "Inner","Startup Cost": 1.83,"Total Cost": 12400.01,"Plan Rows": 49000,"Plan Width": 108,"Actual Startup Time": 0.351,"Actual Total Time": 225.643,"Actual Rows": 39581,"Actual Loops": 3,"Inner Unique": false,"Workers": [],"Plans": [{"Node Type": "Hash Join","Parent Relationship": "Outer","Parallel Aware": false,"Async Capable": false,"Join Type": "Inner","Startup Cost": 1.40,"Total Cost": 4403.27,"Plan Rows": 4900,"Plan Width": 108,"Actual Startup Time": 0.220,"Actual Total Time": 47.212,"Actual Rows": 3961,"Actual Loops": 3,"Inner Unique": true,"Hash Cond": "(customer.c_nationkey = n2.n_nationkey)","Workers": [],"Plans": [{"Node Type": "Seq Scan","Parent Relationship": "Outer","Parallel Aware": true,"Async Capable": false,"Relation Name": "customer","Alias": "customer","Startup Cost": 0.00,"Total Cost": 4210.00,"Plan Rows": 62500,"Plan Width": 8,"Actual Startup Time": 0.015,"Actual Total Time": 9.543,"Actual Rows": 50000,"Actual Loops": 3,"Workers": []},{"Node Type": "Hash","Parent Relationship": "Inner","Parallel Aware": false,"Async Capable": false,"Startup Cost": 1.38,"Total Cost": 1.38,"Plan Rows": 2,"Plan Width": 108,"Actual Startup Time": 0.086,"Actual Total Time": 0.090,"Actual Rows": 2,"Actual Loops": 3,"Hash Buckets": 1024,"Original Hash Buckets": 1024,"Hash Batches": 1,"Original Hash Batches": 1,"Peak Memory Usage": 9,"Workers": [],"Plans": [{"Node Type": "Seq Scan","Parent Relationship": "Outer","Parallel Aware": false,"Async Capable": false,"Relation Name": "nation","Alias": "n2","Startup Cost": 0.00,"Total Cost": 1.38,"Plan Rows": 2,"Plan Width": 108,"Actual Startup Time": 0.059,"Actual Total Time": 0.066,"Actual Rows": 2,"Actual Loops": 3,"Filter": "((n_name = 'PERU'::bpchar) OR (n_name = 'GERMANY'::bpchar))","Rows Removed by Filter": 23,"Workers": []}]}]},{"Node Type": "Index Scan","Parent Relationship": "Inner","Parallel Aware": false,"Async Capable": false,"Scan Direction": "Forward","Index Name": "idx_orders_custkey","Relation Name": "orders","Alias": "orders","Startup Cost": 0.43,"Total Cost": 1.46,"Plan Rows": 17,"Plan Width": 8,"Actual Startup Time": 0.007,"Actual Total Time": 0.044,"Actual Rows": 10,"Actual Loops": 11883,"Index Cond": "(o_custkey = customer.c_custkey)","Rows Removed by Index Recheck": 0,"Workers": []}]},{"Node Type": "Index Scan","Parent Relationship": "Inner","Parallel Aware": false,"Async Capable": false,"Scan Direction": "Forward","Index Name": "idx_lineitem_orderkey","Relation Name": "lineitem","Alias": "lineitem","Startup Cost": 0.43,"Total Cost": 1.14,"Plan Rows": 5,"Plan Width": 24,"Actual Startup Time": 0.016,"Actual Total Time": 0.017,"Actual Rows": 1,"Actual Loops": 118742,"Index Cond": "(l_orderkey = orders.o_orderkey)","Rows Removed by Index Recheck": 0,"Filter": "((l_shipdate >= '1995-01-01'::date) AND (l_shipdate <= '1996-12-31'::date))","Rows Removed by Filter": 3,"Workers": []}]},{"Node Type": "Hash","Parent Relationship": "Inner","Parallel Aware": false,"Async Capable": false,"Startup Cost": 354.10,"Total Cost": 354.10,"Plan Rows": 784,"Plan Width": 108,"Actual Startup Time": 7.990,"Actual Total Time": 8.003,"Actual Rows": 817,"Actual Loops": 3,"Hash Buckets": 1024,"Original Hash Buckets": 1024,"Hash Batches": 1,"Original Hash Batches": 1,"Peak Memory Usage": 58,"Workers": [],"Plans": [{"Node Type": "Hash Join","Parent Relationship": "Outer","Parallel Aware": false,"Async Capable": false,"Join Type": "Inner","Startup Cost": 1.40,"Total Cost": 354.10,"Plan Rows": 784,"Plan Width": 108,"Actual Startup Time": 0.092,"Actual Total Time": 7.804,"Actual Rows": 817,"Actual Loops": 3,"Inner Unique": true,"Hash Cond": "(supplier.s_nationkey = n1.n_nationkey)","Workers": [],"Plans": [{"Node Type": "Seq Scan","Parent Relationship": "Outer","Parallel Aware": false,"Async Capable": false,"Relation Name": "supplier","Alias": "supplier","Startup Cost": 0.00,"Total Cost": 322.00,"Plan Rows": 10000,"Plan Width": 8,"Actual Startup Time": 0.039,"Actual Total Time": 3.803,"Actual Rows": 10000,"Actual Loops": 3,"Workers": []},{"Node Type": "Hash","Parent Relationship": "Inner","Parallel Aware": false,"Async Capable": false,"Startup Cost": 1.38,"Total Cost": 1.38,"Plan Rows": 2,"Plan Width": 108,"Actual Startup Time": 0.019,"Actual Total Time": 0.024,"Actual Rows": 2,"Actual Loops": 3,"Hash Buckets": 1024,"Original Hash Buckets": 1024,"Hash Batches": 1,"Original Hash Batches": 1,"Peak Memory Usage": 9,"Workers": [],"Plans": [{"Node Type": "Seq Scan","Parent Relationship": "Outer","Parallel Aware": false,"Async Capable": false,"Relation Name": "nation","Alias": "n1","Startup Cost": 0.00,"Total Cost": 1.38,"Plan Rows": 2,"Plan Width": 108,"Actual Startup Time": 0.007,"Actual Total Time": 0.014,"Actual Rows": 2,"Actual Loops": 3,"Filter": "((n_name = 'GERMANY'::bpchar) OR (n_name = 'PERU'::bpchar))","Rows Removed by Filter": 23,"Workers": []}]}]}]}]}]}]}]}]},"Planning Time": 9.153,"Triggers": [],"Execution Time": 972.382}]
[{"Plan": {"Node Type": "Aggregate","Strategy": "Sorted","Partial Mode": "Finalize","Parallel Aware": false,"Async Capable": false,"Startup Cost": 72556.41,"Total Cost": 73352.71,"Plan Rows": 5893,"Plan Width": 272,"Actual Startup Time": 910.065,"Actual Total Time": 953.642,"Actual Rows": 4,"Actual Loops": 1,"Group Key": ["n1.n_name", "n2.n_name", "(EXTRACT(year FROM lineitem.l_shipdate))"],"Plans": [{"Node Type": "Gather Merge","Parent Relationship": "Outer","Parallel Aware": false,"Async Capable": false,"Startup Cost": 72556.41,"Total Cost": 73202.94,"Plan Rows": 4910,"Plan Width": 272,"Actual Startup Time": 909.119,"Actual Total Time": 953.552,"Actual Rows": 12,"Actual Loops": 1,"Workers Planned": 2,"Workers Launched": 2,"Plans": [{"Node Type": "Aggregate","Strategy": "Sorted","Partial Mode": "Partial","Parent Relationship": "Outer","Parallel Aware": false,"Async Capable": false,"Startup Cost": 71556.39,"Total Cost": 71636.18,"Plan Rows": 2455,"Plan Width": 272,"Actual Startup Time": 901.074,"Actual Total Time": 902.085,"Actual Rows": 4,"Actual Loops": 3,"Group Key": ["n1.n_name", "n2.n_name", "(EXTRACT(year FROM lineitem.l_shipdate))"],"Workers": [],"Plans": [{"Node Type": "Sort","Parent Relationship": "Outer","Parallel Aware": false,"Async Capable": false,"Startup Cost": 71556.39,"Total Cost": 71562.53,"Plan Rows": 2455,"Plan Width": 252,"Actual Startup Time": 900.791,"Actual Total Time": 900.927,"Actual Rows": 2048,"Actual Loops": 3,"Sort Key": ["n1.n_name", "n2.n_name", "(EXTRACT(year FROM lineitem.l_shipdate))"],"Sort Method": "quicksort","Sort Space Used": 328,"Sort Space Type": "Memory","Workers": [{"Worker Number": 0,"Sort Method": "quicksort","Sort Space Used": 264,"Sort Space Type": "Memory"},{"Worker Number": 1,"Sort Method": "quicksort","Sort Space Used": 322,"Sort Space Type": "Memory"}],"Plans": [{"Node Type": "Hash Join","Parent Relationship": "Outer","Parallel Aware": false,"Async Capable": false,"Join Type": "Inner","Startup Cost": 366.16,"Total Cost": 71418.15,"Plan Rows": 2455,"Plan Width": 252,"Actual Startup Time": 14.020,"Actual Total Time": 898.809,"Actual Rows": 2048,"Actual Loops": 3,"Inner Unique": false,"Hash Cond": "(lineitem.l_suppkey = supplier.s_suppkey)","Join Filter": "(((n1.n_name = 'PERU'::bpchar) AND (n2.n_name = 'IRAQ'::bpchar)) OR ((n1.n_name = 'IRAQ'::bpchar) AND (n2.n_name = 'PERU'::bpchar)))","Rows Removed by Join Filter": 2098,"Workers": [],"Plans": [{"Node Type": "Nested Loop","Parent Relationship": "Outer","Parallel Aware": false,"Async Capable": false,"Join Type": "Inner","Startup Cost": 2.26,"Total Cost": 70727.78,"Plan Rows": 60250,"Plan Width": 124,"Actual Startup Time": 0.830,"Actual Total Time": 880.658,"Actual Rows": 47883,"Actual Loops": 3,"Inner Unique": false,"Workers": [],"Plans": [{"Node Type": "Nested Loop","Parent Relationship": "Outer","Parallel Aware": false,"Async Capable": false,"Join Type": "Inner","Startup Cost": 1.83,"Total Cost": 12400.01,"Plan Rows": 49000,"Plan Width": 108,"Actual Startup Time": 0.294,"Actual Total Time": 219.660,"Actual Rows": 39307,"Actual Loops": 3,"Inner Unique": false,"Workers": [],"Plans": [{"Node Type": "Hash Join","Parent Relationship": "Outer","Parallel Aware": false,"Async Capable": false,"Join Type": "Inner","Startup Cost": 1.40,"Total Cost": 4403.27,"Plan Rows": 4900,"Plan Width": 108,"Actual Startup Time": 0.188,"Actual Total Time": 44.408,"Actual Rows": 3979,"Actual Loops": 3,"Inner Unique": true,"Hash Cond": "(customer.c_nationkey = n2.n_nationkey)","Workers": [],"Plans": [{"Node Type": "Seq Scan","Parent Relationship": "Outer","Parallel Aware": true,"Async Capable": false,"Relation Name": "customer","Alias": "customer","Startup Cost": 0.00,"Total Cost": 4210.00,"Plan Rows": 62500,"Plan Width": 8,"Actual Startup Time": 0.013,"Actual Total Time": 9.000,"Actual Rows": 50000,"Actual Loops": 3,"Workers": []},{"Node Type": "Hash","Parent Relationship": "Inner","Parallel Aware": false,"Async Capable": false,"Startup Cost": 1.38,"Total Cost": 1.38,"Plan Rows": 2,"Plan Width": 108,"Actual Startup Time": 0.084,"Actual Total Time": 0.090,"Actual Rows": 2,"Actual Loops": 3,"Hash Buckets": 1024,"Original Hash Buckets": 1024,"Hash Batches": 1,"Original Hash Batches": 1,"Peak Memory Usage": 9,"Workers": [],"Plans": [{"Node Type": "Seq Scan","Parent Relationship": "Outer","Parallel Aware": false,"Async Capable": false,"Relation Name": "nation","Alias": "n2","Startup Cost": 0.00,"Total Cost": 1.38,"Plan Rows": 2,"Plan Width": 108,"Actual Startup Time": 0.067,"Actual Total Time": 0.073,"Actual Rows": 2,"Actual Loops": 3,"Filter": "((n_name = 'IRAQ'::bpchar) OR (n_name = 'PERU'::bpchar))","Rows Removed by Filter": 23,"Workers": []}]}]},{"Node Type": "Index Scan","Parent Relationship": "Inner","Parallel Aware": false,"Async Capable": false,"Scan Direction": "Forward","Index Name": "idx_orders_custkey","Relation Name": "orders","Alias": "orders","Startup Cost": 0.43,"Total Cost": 1.46,"Plan Rows": 17,"Plan Width": 8,"Actual Startup Time": 0.007,"Actual Total Time": 0.043,"Actual Rows": 10,"Actual Loops": 11938,"Index Cond": "(o_custkey = customer.c_custkey)","Rows Removed by Index Recheck": 0,"Workers": []}]},{"Node Type": "Index Scan","Parent Relationship": "Inner","Parallel Aware": false,"Async Capable": false,"Scan Direction": "Forward","Index Name": "idx_lineitem_orderkey","Relation Name": "lineitem","Alias": "lineitem","Startup Cost": 0.43,"Total Cost": 1.14,"Plan Rows": 5,"Plan Width": 24,"Actual Startup Time": 0.016,"Actual Total Time": 0.017,"Actual Rows": 1,"Actual Loops": 117920,"Index Cond": "(l_orderkey = orders.o_orderkey)","Rows Removed by Index Recheck": 0,"Filter": "((l_shipdate >= '1995-01-01'::date) AND (l_shipdate <= '1996-12-31'::date))","Rows Removed by Filter": 3,"Workers": []}]},{"Node Type": "Hash","Parent Relationship": "Inner","Parallel Aware": false,"Async Capable": false,"Startup Cost": 354.10,"Total Cost": 354.10,"Plan Rows": 784,"Plan Width": 108,"Actual Startup Time": 11.126,"Actual Total Time": 11.142,"Actual Rows": 859,"Actual Loops": 3,"Hash Buckets": 1024,"Original Hash Buckets": 1024,"Hash Batches": 1,"Original Hash Batches": 1,"Peak Memory Usage": 61,"Workers": [],"Plans": [{"Node Type": "Hash Join","Parent Relationship": "Outer","Parallel Aware": false,"Async Capable": false,"Join Type": "Inner","Startup Cost": 1.40,"Total Cost": 354.10,"Plan Rows": 784,"Plan Width": 108,"Actual Startup Time": 0.079,"Actual Total Time": 10.908,"Actual Rows": 859,"Actual Loops": 3,"Inner Unique": true,"Hash Cond": "(supplier.s_nationkey = n1.n_nationkey)","Workers": [],"Plans": [{"Node Type": "Seq Scan","Parent Relationship": "Outer","Parallel Aware": false,"Async Capable": false,"Relation Name": "supplier","Alias": "supplier","Startup Cost": 0.00,"Total Cost": 322.00,"Plan Rows": 10000,"Plan Width": 8,"Actual Startup Time": 0.032,"Actual Total Time": 4.425,"Actual Rows": 10000,"Actual Loops": 3,"Workers": []},{"Node Type": "Hash","Parent Relationship": "Inner","Parallel Aware": false,"Async Capable": false,"Startup Cost": 1.38,"Total Cost": 1.38,"Plan Rows": 2,"Plan Width": 108,"Actual Startup Time": 0.019,"Actual Total Time": 0.024,"Actual Rows": 2,"Actual Loops": 3,"Hash Buckets": 1024,"Original Hash Buckets": 1024,"Hash Batches": 1,"Original Hash Batches": 1,"Peak Memory Usage": 9,"Workers": [],"Plans": [{"Node Type": "Seq Scan","Parent Relationship": "Outer","Parallel Aware": false,"Async Capable": false,"Relation Name": "nation","Alias": "n1","Startup Cost": 0.00,"Total Cost": 1.38,"Plan Rows": 2,"Plan Width": 108,"Actual Startup Time": 0.008,"Actual Total Time": 0.014,"Actual Rows": 2,"Actual Loops": 3,"Filter": "((n_name = 'PERU'::bpchar) OR (n_name = 'IRAQ'::bpchar))","Rows Removed by Filter": 23,"Workers": []}]}]}]}]}]}]}]}]},"Planning Time": 7.632,"Triggers": [],"Execution Time": 954.075}]
[{"Plan": {"Node Type": "Aggregate","Strategy": "Sorted","Partial Mode": "Finalize","Parallel Aware": false,"Async Capable": false,"Startup Cost": 72556.41,"Total Cost": 73352.71,"Plan Rows": 5893,"Plan Width": 272,"Actual Startup Time": 929.249,"Actual Total Time": 976.103,"Actual Rows": 4,"Actual Loops": 1,"Group Key": ["n1.n_name", "n2.n_name", "(EXTRACT(year FROM lineitem.l_shipdate))"],"Plans": [{"Node Type": "Gather Merge","Parent Relationship": "Outer","Parallel Aware": false,"Async Capable": false,"Startup Cost": 72556.41,"Total Cost": 73202.94,"Plan Rows": 4910,"Plan Width": 272,"Actual Startup Time": 928.948,"Actual Total Time": 976.041,"Actual Rows": 12,"Actual Loops": 1,"Workers Planned": 2,"Workers Launched": 2,"Plans": [{"Node Type": "Aggregate","Strategy": "Sorted","Partial Mode": "Partial","Parent Relationship": "Outer","Parallel Aware": false,"Async Capable": false,"Startup Cost": 71556.39,"Total Cost": 71636.18,"Plan Rows": 2455,"Plan Width": 272,"Actual Startup Time": 920.226,"Actual Total Time": 920.971,"Actual Rows": 4,"Actual Loops": 3,"Group Key": ["n1.n_name", "n2.n_name", "(EXTRACT(year FROM lineitem.l_shipdate))"],"Workers": [],"Plans": [{"Node Type": "Sort","Parent Relationship": "Outer","Parallel Aware": false,"Async Capable": false,"Startup Cost": 71556.39,"Total Cost": 71562.53,"Plan Rows": 2455,"Plan Width": 252,"Actual Startup Time": 919.933,"Actual Total Time": 920.048,"Actual Rows": 2053,"Actual Loops": 3,"Sort Key": ["n1.n_name", "n2.n_name", "(EXTRACT(year FROM lineitem.l_shipdate))"],"Sort Method": "quicksort","Sort Space Used": 326,"Sort Space Type": "Memory","Workers": [{"Worker Number": 0,"Sort Method": "quicksort","Sort Space Used": 271,"Sort Space Type": "Memory"},{"Worker Number": 1,"Sort Method": "quicksort","Sort Space Used": 270,"Sort Space Type": "Memory"}],"Plans": [{"Node Type": "Hash Join","Parent Relationship": "Outer","Parallel Aware": false,"Async Capable": false,"Join Type": "Inner","Startup Cost": 366.16,"Total Cost": 71418.15,"Plan Rows": 2455,"Plan Width": 252,"Actual Startup Time": 9.051,"Actual Total Time": 917.894,"Actual Rows": 2053,"Actual Loops": 3,"Inner Unique": false,"Hash Cond": "(lineitem.l_suppkey = supplier.s_suppkey)","Join Filter": "(((n1.n_name = 'ALGERIA'::bpchar) AND (n2.n_name = 'INDIA'::bpchar)) OR ((n1.n_name = 'INDIA'::bpchar) AND (n2.n_name = 'ALGERIA'::bpchar)))","Rows Removed by Join Filter": 2036,"Workers": [],"Plans": [{"Node Type": "Nested Loop","Parent Relationship": "Outer","Parallel Aware": false,"Async Capable": false,"Join Type": "Inner","Startup Cost": 2.26,"Total Cost": 70727.78,"Plan Rows": 60250,"Plan Width": 124,"Actual Startup Time": 0.629,"Actual Total Time": 901.702,"Actual Rows": 48392,"Actual Loops": 3,"Inner Unique": false,"Workers": [],"Plans": [{"Node Type": "Nested Loop","Parent Relationship": "Outer","Parallel Aware": false,"Async Capable": false,"Join Type": "Inner","Startup Cost": 1.83,"Total Cost": 12400.01,"Plan Rows": 49000,"Plan Width": 108,"Actual Startup Time": 0.352,"Actual Total Time": 226.127,"Actual Rows": 39816,"Actual Loops": 3,"Inner Unique": false,"Workers": [],"Plans": [{"Node Type": "Hash Join","Parent Relationship": "Outer","Parallel Aware": false,"Async Capable": false,"Join Type": "Inner","Startup Cost": 1.40,"Total Cost": 4403.27,"Plan Rows": 4900,"Plan Width": 108,"Actual Startup Time": 0.210,"Actual Total Time": 46.292,"Actual Rows": 3989,"Actual Loops": 3,"Inner Unique": true,"Hash Cond": "(customer.c_nationkey = n2.n_nationkey)","Workers": [],"Plans": [{"Node Type": "Seq Scan","Parent Relationship": "Outer","Parallel Aware": true,"Async Capable": false,"Relation Name": "customer","Alias": "customer","Startup Cost": 0.00,"Total Cost": 4210.00,"Plan Rows": 62500,"Plan Width": 8,"Actual Startup Time": 0.021,"Actual Total Time": 9.490,"Actual Rows": 50000,"Actual Loops": 3,"Workers": []},{"Node Type": "Hash","Parent Relationship": "Inner","Parallel Aware": false,"Async Capable": false,"Startup Cost": 1.38,"Total Cost": 1.38,"Plan Rows": 2,"Plan Width": 108,"Actual Startup Time": 0.082,"Actual Total Time": 0.090,"Actual Rows": 2,"Actual Loops": 3,"Hash Buckets": 1024,"Original Hash Buckets": 1024,"Hash Batches": 1,"Original Hash Batches": 1,"Peak Memory Usage": 9,"Workers": [],"Plans": [{"Node Type": "Seq Scan","Parent Relationship": "Outer","Parallel Aware": false,"Async Capable": false,"Relation Name": "nation","Alias": "n2","Startup Cost": 0.00,"Total Cost": 1.38,"Plan Rows": 2,"Plan Width": 108,"Actual Startup Time": 0.053,"Actual Total Time": 0.063,"Actual Rows": 2,"Actual Loops": 3,"Filter": "((n_name = 'INDIA'::bpchar) OR (n_name = 'ALGERIA'::bpchar))","Rows Removed by Filter": 23,"Workers": []}]}]},{"Node Type": "Index Scan","Parent Relationship": "Inner","Parallel Aware": false,"Async Capable": false,"Scan Direction": "Forward","Index Name": "idx_orders_custkey","Relation Name": "orders","Alias": "orders","Startup Cost": 0.43,"Total Cost": 1.46,"Plan Rows": 17,"Plan Width": 8,"Actual Startup Time": 0.007,"Actual Total Time": 0.044,"Actual Rows": 10,"Actual Loops": 11967,"Index Cond": "(o_custkey = customer.c_custkey)","Rows Removed by Index Recheck": 0,"Workers": []}]},{"Node Type": "Index Scan","Parent Relationship": "Inner","Parallel Aware": false,"Async Capable": false,"Scan Direction": "Forward","Index Name": "idx_lineitem_orderkey","Relation Name": "lineitem","Alias": "lineitem","Startup Cost": 0.43,"Total Cost": 1.14,"Plan Rows": 5,"Plan Width": 24,"Actual Startup Time": 0.016,"Actual Total Time": 0.017,"Actual Rows": 1,"Actual Loops": 119449,"Index Cond": "(l_orderkey = orders.o_orderkey)","Rows Removed by Index Recheck": 0,"Filter": "((l_shipdate >= '1995-01-01'::date) AND (l_shipdate <= '1996-12-31'::date))","Rows Removed by Filter": 3,"Workers": []}]},{"Node Type": "Hash","Parent Relationship": "Inner","Parallel Aware": false,"Async Capable": false,"Startup Cost": 354.10,"Total Cost": 354.10,"Plan Rows": 784,"Plan Width": 108,"Actual Startup Time": 7.505,"Actual Total Time": 7.514,"Actual Rows": 835,"Actual Loops": 3,"Hash Buckets": 1024,"Original Hash Buckets": 1024,"Hash Batches": 1,"Original Hash Batches": 1,"Peak Memory Usage": 59,"Workers": [],"Plans": [{"Node Type": "Hash Join","Parent Relationship": "Outer","Parallel Aware": false,"Async Capable": false,"Join Type": "Inner","Startup Cost": 1.40,"Total Cost": 354.10,"Plan Rows": 784,"Plan Width": 108,"Actual Startup Time": 0.099,"Actual Total Time": 7.307,"Actual Rows": 835,"Actual Loops": 3,"Inner Unique": true,"Hash Cond": "(supplier.s_nationkey = n1.n_nationkey)","Workers": [],"Plans": [{"Node Type": "Seq Scan","Parent Relationship": "Outer","Parallel Aware": false,"Async Capable": false,"Relation Name": "supplier","Alias": "supplier","Startup Cost": 0.00,"Total Cost": 322.00,"Plan Rows": 10000,"Plan Width": 8,"Actual Startup Time": 0.035,"Actual Total Time": 3.881,"Actual Rows": 10000,"Actual Loops": 3,"Workers": []},{"Node Type": "Hash","Parent Relationship": "Inner","Parallel Aware": false,"Async Capable": false,"Startup Cost": 1.38,"Total Cost": 1.38,"Plan Rows": 2,"Plan Width": 108,"Actual Startup Time": 0.020,"Actual Total Time": 0.023,"Actual Rows": 2,"Actual Loops": 3,"Hash Buckets": 1024,"Original Hash Buckets": 1024,"Hash Batches": 1,"Original Hash Batches": 1,"Peak Memory Usage": 9,"Workers": [],"Plans": [{"Node Type": "Seq Scan","Parent Relationship": "Outer","Parallel Aware": false,"Async Capable": false,"Relation Name": "nation","Alias": "n1","Startup Cost": 0.00,"Total Cost": 1.38,"Plan Rows": 2,"Plan Width": 108,"Actual Startup Time": 0.005,"Actual Total Time": 0.012,"Actual Rows": 2,"Actual Loops": 3,"Filter": "((n_name = 'ALGERIA'::bpchar) OR (n_name = 'INDIA'::bpchar))","Rows Removed by Filter": 23,"Workers": []}]}]}]}]}]}]}]}]},"Planning Time": 9.606,"Triggers": [],"Execution Time": 976.673}]
[{"Plan": {"Node Type": "Aggregate","Strategy": "Sorted","Partial Mode": "Finalize","Parallel Aware": false,"Async Capable": false,"Startup Cost": 72556.41,"Total Cost": 73352.71,"Plan Rows": 5893,"Plan Width": 272,"Actual Startup Time": 919.021,"Actual Total Time": 964.325,"Actual Rows": 4,"Actual Loops": 1,"Group Key": ["n1.n_name", "n2.n_name", "(EXTRACT(year FROM lineitem.l_shipdate))"],"Plans": [{"Node Type": "Gather Merge","Parent Relationship": "Outer","Parallel Aware": false,"Async Capable": false,"Startup Cost": 72556.41,"Total Cost": 73202.94,"Plan Rows": 4910,"Plan Width": 272,"Actual Startup Time": 918.719,"Actual Total Time": 964.219,"Actual Rows": 12,"Actual Loops": 1,"Workers Planned": 2,"Workers Launched": 2,"Plans": [{"Node Type": "Aggregate","Strategy": "Sorted","Partial Mode": "Partial","Parent Relationship": "Outer","Parallel Aware": false,"Async Capable": false,"Startup Cost": 71556.39,"Total Cost": 71636.18,"Plan Rows": 2455,"Plan Width": 272,"Actual Startup Time": 911.015,"Actual Total Time": 911.674,"Actual Rows": 4,"Actual Loops": 3,"Group Key": ["n1.n_name", "n2.n_name", "(EXTRACT(year FROM lineitem.l_shipdate))"],"Workers": [],"Plans": [{"Node Type": "Sort","Parent Relationship": "Outer","Parallel Aware": false,"Async Capable": false,"Startup Cost": 71556.39,"Total Cost": 71562.53,"Plan Rows": 2455,"Plan Width": 252,"Actual Startup Time": 910.767,"Actual Total Time": 910.871,"Actual Rows": 1881,"Actual Loops": 3,"Sort Key": ["n1.n_name", "n2.n_name", "(EXTRACT(year FROM lineitem.l_shipdate))"],"Sort Method": "quicksort","Sort Space Used": 264,"Sort Space Type": "Memory","Workers": [{"Worker Number": 0,"Sort Method": "quicksort","Sort Space Used": 249,"Sort Space Type": "Memory"},{"Worker Number": 1,"Sort Method": "quicksort","Sort Space Used": 249,"Sort Space Type": "Memory"}],"Plans": [{"Node Type": "Hash Join","Parent Relationship": "Outer","Parallel Aware": false,"Async Capable": false,"Join Type": "Inner","Startup Cost": 366.16,"Total Cost": 71418.15,"Plan Rows": 2455,"Plan Width": 252,"Actual Startup Time": 13.752,"Actual Total Time": 908.971,"Actual Rows": 1881,"Actual Loops": 3,"Inner Unique": false,"Hash Cond": "(lineitem.l_suppkey = supplier.s_suppkey)","Join Filter": "(((n1.n_name = 'JAPAN'::bpchar) AND (n2.n_name = 'UNITED STATES'::bpchar)) OR ((n1.n_name = 'UNITED STATES'::bpchar) AND (n2.n_name = 'JAPAN'::bpchar)))","Rows Removed by Join Filter": 1872,"Workers": [],"Plans": [{"Node Type": "Nested Loop","Parent Relationship": "Outer","Parallel Aware": false,"Async Capable": false,"Join Type": "Inner","Startup Cost": 2.26,"Total Cost": 70727.78,"Plan Rows": 60250,"Plan Width": 124,"Actual Startup Time": 0.571,"Actual Total Time": 890.512,"Actual Rows": 48431,"Actual Loops": 3,"Inner Unique": false,"Workers": [],"Plans": [{"Node Type": "Nested Loop","Parent Relationship": "Outer","Parallel Aware": false,"Async Capable": false,"Join Type": "Inner","Startup Cost": 1.83,"Total Cost": 12400.01,"Plan Rows": 49000,"Plan Width": 108,"Actual Startup Time": 0.343,"Actual Total Time": 220.899,"Actual Rows": 39775,"Actual Loops": 3,"Inner Unique": false,"Workers": [],"Plans": [{"Node Type": "Hash Join","Parent Relationship": "Outer","Parallel Aware": false,"Async Capable": false,"Join Type": "Inner","Startup Cost": 1.40,"Total Cost": 4403.27,"Plan Rows": 4900,"Plan Width": 108,"Actual Startup Time": 0.212,"Actual Total Time": 43.364,"Actual Rows": 3977,"Actual Loops": 3,"Inner Unique": true,"Hash Cond": "(customer.c_nationkey = n2.n_nationkey)","Workers": [],"Plans": [{"Node Type": "Seq Scan","Parent Relationship": "Outer","Parallel Aware": true,"Async Capable": false,"Relation Name": "customer","Alias": "customer","Startup Cost": 0.00,"Total Cost": 4210.00,"Plan Rows": 62500,"Plan Width": 8,"Actual Startup Time": 0.018,"Actual Total Time": 9.061,"Actual Rows": 50000,"Actual Loops": 3,"Workers": []},{"Node Type": "Hash","Parent Relationship": "Inner","Parallel Aware": false,"Async Capable": false,"Startup Cost": 1.38,"Total Cost": 1.38,"Plan Rows": 2,"Plan Width": 108,"Actual Startup Time": 0.097,"Actual Total Time": 0.104,"Actual Rows": 2,"Actual Loops": 3,"Hash Buckets": 1024,"Original Hash Buckets": 1024,"Hash Batches": 1,"Original Hash Batches": 1,"Peak Memory Usage": 9,"Workers": [],"Plans": [{"Node Type": "Seq Scan","Parent Relationship": "Outer","Parallel Aware": false,"Async Capable": false,"Relation Name": "nation","Alias": "n2","Startup Cost": 0.00,"Total Cost": 1.38,"Plan Rows": 2,"Plan Width": 108,"Actual Startup Time": 0.076,"Actual Total Time": 0.082,"Actual Rows": 2,"Actual Loops": 3,"Filter": "((n_name = 'UNITED STATES'::bpchar) OR (n_name = 'JAPAN'::bpchar))","Rows Removed by Filter": 23,"Workers": []}]}]},{"Node Type": "Index Scan","Parent Relationship": "Inner","Parallel Aware": false,"Async Capable": false,"Scan Direction": "Forward","Index Name": "idx_orders_custkey","Relation Name": "orders","Alias": "orders","Startup Cost": 0.43,"Total Cost": 1.46,"Plan Rows": 17,"Plan Width": 8,"Actual Startup Time": 0.007,"Actual Total Time": 0.043,"Actual Rows": 10,"Actual Loops": 11931,"Index Cond": "(o_custkey = customer.c_custkey)","Rows Removed by Index Recheck": 0,"Workers": []}]},{"Node Type": "Index Scan","Parent Relationship": "Inner","Parallel Aware": false,"Async Capable": false,"Scan Direction": "Forward","Index Name": "idx_lineitem_orderkey","Relation Name": "lineitem","Alias": "lineitem","Startup Cost": 0.43,"Total Cost": 1.14,"Plan Rows": 5,"Plan Width": 24,"Actual Startup Time": 0.016,"Actual Total Time": 0.017,"Actual Rows": 1,"Actual Loops": 119326,"Index Cond": "(l_orderkey = orders.o_orderkey)","Rows Removed by Index Recheck": 0,"Filter": "((l_shipdate >= '1995-01-01'::date) AND (l_shipdate <= '1996-12-31'::date))","Rows Removed by Filter": 3,"Workers": []}]},{"Node Type": "Hash","Parent Relationship": "Inner","Parallel Aware": false,"Async Capable": false,"Startup Cost": 354.10,"Total Cost": 354.10,"Plan Rows": 784,"Plan Width": 108,"Actual Startup Time": 11.599,"Actual Total Time": 11.616,"Actual Rows": 770,"Actual Loops": 3,"Hash Buckets": 1024,"Original Hash Buckets": 1024,"Hash Batches": 1,"Original Hash Batches": 1,"Peak Memory Usage": 55,"Workers": [],"Plans": [{"Node Type": "Hash Join","Parent Relationship": "Outer","Parallel Aware": false,"Async Capable": false,"Join Type": "Inner","Startup Cost": 1.40,"Total Cost": 354.10,"Plan Rows": 784,"Plan Width": 108,"Actual Startup Time": 0.101,"Actual Total Time": 11.409,"Actual Rows": 770,"Actual Loops": 3,"Inner Unique": true,"Hash Cond": "(supplier.s_nationkey = n1.n_nationkey)","Workers": [],"Plans": [{"Node Type": "Seq Scan","Parent Relationship": "Outer","Parallel Aware": false,"Async Capable": false,"Relation Name": "supplier","Alias": "supplier","Startup Cost": 0.00,"Total Cost": 322.00,"Plan Rows": 10000,"Plan Width": 8,"Actual Startup Time": 0.034,"Actual Total Time": 4.707,"Actual Rows": 10000,"Actual Loops": 3,"Workers": []},{"Node Type": "Hash","Parent Relationship": "Inner","Parallel Aware": false,"Async Capable": false,"Startup Cost": 1.38,"Total Cost": 1.38,"Plan Rows": 2,"Plan Width": 108,"Actual Startup Time": 0.022,"Actual Total Time": 0.028,"Actual Rows": 2,"Actual Loops": 3,"Hash Buckets": 1024,"Original Hash Buckets": 1024,"Hash Batches": 1,"Original Hash Batches": 1,"Peak Memory Usage": 9,"Workers": [],"Plans": [{"Node Type": "Seq Scan","Parent Relationship": "Outer","Parallel Aware": false,"Async Capable": false,"Relation Name": "nation","Alias": "n1","Startup Cost": 0.00,"Total Cost": 1.38,"Plan Rows": 2,"Plan Width": 108,"Actual Startup Time": 0.009,"Actual Total Time": 0.015,"Actual Rows": 2,"Actual Loops": 3,"Filter": "((n_name = 'JAPAN'::bpchar) OR (n_name = 'UNITED STATES'::bpchar))","Rows Removed by Filter": 23,"Workers": []}]}]}]}]}]}]}]}]},"Planning Time": 7.866,"Triggers": [],"Execution Time": 964.817}]
[{"Plan": {"Node Type": "Aggregate","Strategy": "Sorted","Partial Mode": "Finalize","Parallel Aware": false,"Async Capable": false,"Startup Cost": 72556.41,"Total Cost": 73352.71,"Plan Rows": 5893,"Plan Width": 272,"Actual Startup Time": 911.934,"Actual Total Time": 965.912,"Actual Rows": 4,"Actual Loops": 1,"Group Key": ["n1.n_name", "n2.n_name", "(EXTRACT(year FROM lineitem.l_shipdate))"],"Plans": [{"Node Type": "Gather Merge","Parent Relationship": "Outer","Parallel Aware": false,"Async Capable": false,"Startup Cost": 72556.41,"Total Cost": 73202.94,"Plan Rows": 4910,"Plan Width": 272,"Actual Startup Time": 911.655,"Actual Total Time": 965.848,"Actual Rows": 12,"Actual Loops": 1,"Workers Planned": 2,"Workers Launched": 2,"Plans": [{"Node Type": "Aggregate","Strategy": "Sorted","Partial Mode": "Partial","Parent Relationship": "Outer","Parallel Aware": false,"Async Capable": false,"Startup Cost": 71556.39,"Total Cost": 71636.18,"Plan Rows": 2455,"Plan Width": 272,"Actual Startup Time": 903.022,"Actual Total Time": 903.709,"Actual Rows": 4,"Actual Loops": 3,"Group Key": ["n1.n_name", "n2.n_name", "(EXTRACT(year FROM lineitem.l_shipdate))"],"Workers": [],"Plans": [{"Node Type": "Sort","Parent Relationship": "Outer","Parallel Aware": false,"Async Capable": false,"Startup Cost": 71556.39,"Total Cost": 71562.53,"Plan Rows": 2455,"Plan Width": 252,"Actual Startup Time": 902.759,"Actual Total Time": 902.867,"Actual Rows": 1960,"Actual Loops": 3,"Sort Key": ["n1.n_name", "n2.n_name", "(EXTRACT(year FROM lineitem.l_shipdate))"],"Sort Method": "quicksort","Sort Space Used": 263,"Sort Space Type": "Memory","Workers": [{"Worker Number": 0,"Sort Method": "quicksort","Sort Space Used": 258,"Sort Space Type": "Memory"},{"Worker Number": 1,"Sort Method": "quicksort","Sort Space Used": 267,"Sort Space Type": "Memory"}],"Plans": [{"Node Type": "Hash Join","Parent Relationship": "Outer","Parallel Aware": false,"Async Capable": false,"Join Type": "Inner","Startup Cost": 366.16,"Total Cost": 71418.15,"Plan Rows": 2455,"Plan Width": 252,"Actual Startup Time": 10.025,"Actual Total Time": 900.986,"Actual Rows": 1960,"Actual Loops": 3,"Inner Unique": false,"Hash Cond": "(lineitem.l_suppkey = supplier.s_suppkey)","Join Filter": "(((n1.n_name = 'SAUDI ARABIA'::bpchar) AND (n2.n_name = 'UNITED STATES'::bpchar)) OR ((n1.n_name = 'UNITED STATES'::bpchar) AND (n2.n_name = 'SAUDI ARABIA'::bpchar)))","Rows Removed by Join Filter": 1958,"Workers": [],"Plans": [{"Node Type": "Nested Loop","Parent Relationship": "Outer","Parallel Aware": false,"Async Capable": false,"Join Type": "Inner","Startup Cost": 2.26,"Total Cost": 70727.78,"Plan Rows": 60250,"Plan Width": 124,"Actual Startup Time": 0.656,"Actual Total Time": 886.348,"Actual Rows": 48166,"Actual Loops": 3,"Inner Unique": false,"Workers": [],"Plans": [{"Node Type": "Nested Loop","Parent Relationship": "Outer","Parallel Aware": false,"Async Capable": false,"Join Type": "Inner","Startup Cost": 1.83,"Total Cost": 12400.01,"Plan Rows": 49000,"Plan Width": 108,"Actual Startup Time": 0.340,"Actual Total Time": 222.598,"Actual Rows": 39458,"Actual Loops": 3,"Inner Unique": false,"Workers": [],"Plans": [{"Node Type": "Hash Join","Parent Relationship": "Outer","Parallel Aware": false,"Async Capable": false,"Join Type": "Inner","Startup Cost": 1.40,"Total Cost": 4403.27,"Plan Rows": 4900,"Plan Width": 108,"Actual Startup Time": 0.160,"Actual Total Time": 46.210,"Actual Rows": 3962,"Actual Loops": 3,"Inner Unique": true,"Hash Cond": "(customer.c_nationkey = n2.n_nationkey)","Workers": [],"Plans": [{"Node Type": "Seq Scan","Parent Relationship": "Outer","Parallel Aware": true,"Async Capable": false,"Relation Name": "customer","Alias": "customer","Startup Cost": 0.00,"Total Cost": 4210.00,"Plan Rows": 62500,"Plan Width": 8,"Actual Startup Time": 0.011,"Actual Total Time": 9.637,"Actual Rows": 50000,"Actual Loops": 3,"Workers": []},{"Node Type": "Hash","Parent Relationship": "Inner","Parallel Aware": false,"Async Capable": false,"Startup Cost": 1.38,"Total Cost": 1.38,"Plan Rows": 2,"Plan Width": 108,"Actual Startup Time": 0.071,"Actual Total Time": 0.078,"Actual Rows": 2,"Actual Loops": 3,"Hash Buckets": 1024,"Original Hash Buckets": 1024,"Hash Batches": 1,"Original Hash Batches": 1,"Peak Memory Usage": 9,"Workers": [],"Plans": [{"Node Type": "Seq Scan","Parent Relationship": "Outer","Parallel Aware": false,"Async Capable": false,"Relation Name": "nation","Alias": "n2","Startup Cost": 0.00,"Total Cost": 1.38,"Plan Rows": 2,"Plan Width": 108,"Actual Startup Time": 0.052,"Actual Total Time": 0.056,"Actual Rows": 2,"Actual Loops": 3,"Filter": "((n_name = 'UNITED STATES'::bpchar) OR (n_name = 'SAUDI ARABIA'::bpchar))","Rows Removed by Filter": 23,"Workers": []}]}]},{"Node Type": "Index Scan","Parent Relationship": "Inner","Parallel Aware": false,"Async Capable": false,"Scan Direction": "Forward","Index Name": "idx_orders_custkey","Relation Name": "orders","Alias": "orders","Startup Cost": 0.43,"Total Cost": 1.46,"Plan Rows": 17,"Plan Width": 8,"Actual Startup Time": 0.007,"Actual Total Time": 0.043,"Actual Rows": 10,"Actual Loops": 11887,"Index Cond": "(o_custkey = customer.c_custkey)","Rows Removed by Index Recheck": 0,"Workers": []}]},{"Node Type": "Index Scan","Parent Relationship": "Inner","Parallel Aware": false,"Async Capable": false,"Scan Direction": "Forward","Index Name": "idx_lineitem_orderkey","Relation Name": "lineitem","Alias": "lineitem","Startup Cost": 0.43,"Total Cost": 1.14,"Plan Rows": 5,"Plan Width": 24,"Actual Startup Time": 0.016,"Actual Total Time": 0.017,"Actual Rows": 1,"Actual Loops": 118374,"Index Cond": "(l_orderkey = orders.o_orderkey)","Rows Removed by Index Recheck": 0,"Filter": "((l_shipdate >= '1995-01-01'::date) AND (l_shipdate <= '1996-12-31'::date))","Rows Removed by Filter": 3,"Workers": []}]},{"Node Type": "Hash","Parent Relationship": "Inner","Parallel Aware": false,"Async Capable": false,"Startup Cost": 354.10,"Total Cost": 354.10,"Plan Rows": 784,"Plan Width": 108,"Actual Startup Time": 7.375,"Actual Total Time": 7.386,"Actual Rows": 804,"Actual Loops": 3,"Hash Buckets": 1024,"Original Hash Buckets": 1024,"Hash Batches": 1,"Original Hash Batches": 1,"Peak Memory Usage": 57,"Workers": [],"Plans": [{"Node Type": "Hash Join","Parent Relationship": "Outer","Parallel Aware": false,"Async Capable": false,"Join Type": "Inner","Startup Cost": 1.40,"Total Cost": 354.10,"Plan Rows": 784,"Plan Width": 108,"Actual Startup Time": 0.069,"Actual Total Time": 7.184,"Actual Rows": 804,"Actual Loops": 3,"Inner Unique": true,"Hash Cond": "(supplier.s_nationkey = n1.n_nationkey)","Workers": [],"Plans": [{"Node Type": "Seq Scan","Parent Relationship": "Outer","Parallel Aware": false,"Async Capable": false,"Relation Name": "supplier","Alias": "supplier","Startup Cost": 0.00,"Total Cost": 322.00,"Plan Rows": 10000,"Plan Width": 8,"Actual Startup Time": 0.026,"Actual Total Time": 3.773,"Actual Rows": 10000,"Actual Loops": 3,"Workers": []},{"Node Type": "Hash","Parent Relationship": "Inner","Parallel Aware": false,"Async Capable": false,"Startup Cost": 1.38,"Total Cost": 1.38,"Plan Rows": 2,"Plan Width": 108,"Actual Startup Time": 0.013,"Actual Total Time": 0.018,"Actual Rows": 2,"Actual Loops": 3,"Hash Buckets": 1024,"Original Hash Buckets": 1024,"Hash Batches": 1,"Original Hash Batches": 1,"Peak Memory Usage": 9,"Workers": [],"Plans": [{"Node Type": "Seq Scan","Parent Relationship": "Outer","Parallel Aware": false,"Async Capable": false,"Relation Name": "nation","Alias": "n1","Startup Cost": 0.00,"Total Cost": 1.38,"Plan Rows": 2,"Plan Width": 108,"Actual Startup Time": 0.007,"Actual Total Time": 0.009,"Actual Rows": 2,"Actual Loops": 3,"Filter": "((n_name = 'SAUDI ARABIA'::bpchar) OR (n_name = 'UNITED STATES'::bpchar))","Rows Removed by Filter": 23,"Workers": []}]}]}]}]}]}]}]}]},"Planning Time": 9.432,"Triggers": [],"Execution Time": 966.344}]
[{"Plan": {"Node Type": "Aggregate","Strategy": "Sorted","Partial Mode": "Finalize","Parallel Aware": false,"Async Capable": false,"Startup Cost": 72556.41,"Total Cost": 73352.71,"Plan Rows": 5893,"Plan Width": 272,"Actual Startup Time": 917.283,"Actual Total Time": 960.258,"Actual Rows": 4,"Actual Loops": 1,"Group Key": ["n1.n_name", "n2.n_name", "(EXTRACT(year FROM lineitem.l_shipdate))"],"Plans": [{"Node Type": "Gather Merge","Parent Relationship": "Outer","Parallel Aware": false,"Async Capable": false,"Startup Cost": 72556.41,"Total Cost": 73202.94,"Plan Rows": 4910,"Plan Width": 272,"Actual Startup Time": 916.470,"Actual Total Time": 960.177,"Actual Rows": 12,"Actual Loops": 1,"Workers Planned": 2,"Workers Launched": 2,"Plans": [{"Node Type": "Aggregate","Strategy": "Sorted","Partial Mode": "Partial","Parent Relationship": "Outer","Parallel Aware": false,"Async Capable": false,"Startup Cost": 71556.39,"Total Cost": 71636.18,"Plan Rows": 2455,"Plan Width": 272,"Actual Startup Time": 907.962,"Actual Total Time": 908.838,"Actual Rows": 4,"Actual Loops": 3,"Group Key": ["n1.n_name", "n2.n_name", "(EXTRACT(year FROM lineitem.l_shipdate))"],"Workers": [],"Plans": [{"Node Type": "Sort","Parent Relationship": "Outer","Parallel Aware": false,"Async Capable": false,"Startup Cost": 71556.39,"Total Cost": 71562.53,"Plan Rows": 2455,"Plan Width": 252,"Actual Startup Time": 907.701,"Actual Total Time": 907.831,"Actual Rows": 1986,"Actual Loops": 3,"Sort Key": ["n1.n_name", "n2.n_name", "(EXTRACT(year FROM lineitem.l_shipdate))"],"Sort Method": "quicksort","Sort Space Used": 270,"Sort Space Type": "Memory","Workers": [{"Worker Number": 0,"Sort Method": "quicksort","Sort Space Used": 263,"Sort Space Type": "Memory"},{"Worker Number": 1,"Sort Method": "quicksort","Sort Space Used": 264,"Sort Space Type": "Memory"}],"Plans": [{"Node Type": "Hash Join","Parent Relationship": "Outer","Parallel Aware": false,"Async Capable": false,"Join Type": "Inner","Startup Cost": 366.16,"Total Cost": 71418.15,"Plan Rows": 2455,"Plan Width": 252,"Actual Startup Time": 13.056,"Actual Total Time": 905.769,"Actual Rows": 1986,"Actual Loops": 3,"Inner Unique": false,"Hash Cond": "(lineitem.l_suppkey = supplier.s_suppkey)","Join Filter": "(((n1.n_name = 'SAUDI ARABIA'::bpchar) AND (n2.n_name = 'VIETNAM'::bpchar)) OR ((n1.n_name = 'VIETNAM'::bpchar) AND (n2.n_name = 'SAUDI ARABIA'::bpchar)))","Rows Removed by Join Filter": 1958,"Workers": [],"Plans": [{"Node Type": "Nested Loop","Parent Relationship": "Outer","Parallel Aware": false,"Async Capable": false,"Join Type": "Inner","Startup Cost": 2.26,"Total Cost": 70727.78,"Plan Rows": 60250,"Plan Width": 124,"Actual Startup Time": 0.637,"Actual Total Time": 887.426,"Actual Rows": 48461,"Actual Loops": 3,"Inner Unique": false,"Workers": [],"Plans": [{"Node Type": "Nested Loop","Parent Relationship": "Outer","Parallel Aware": false,"Async Capable": false,"Join Type": "Inner","Startup Cost": 1.83,"Total Cost": 12400.01,"Plan Rows": 49000,"Plan Width": 108,"Actual Startup Time": 0.419,"Actual Total Time": 220.624,"Actual Rows": 39600,"Actual Loops": 3,"Inner Unique": false,"Workers": [],"Plans": [{"Node Type": "Hash Join","Parent Relationship": "Outer","Parallel Aware": false,"Async Capable": false,"Join Type": "Inner","Startup Cost": 1.40,"Total Cost": 4403.27,"Plan Rows": 4900,"Plan Width": 108,"Actual Startup Time": 0.198,"Actual Total Time": 44.662,"Actual Rows": 3971,"Actual Loops": 3,"Inner Unique": true,"Hash Cond": "(customer.c_nationkey = n2.n_nationkey)","Workers": [],"Plans": [{"Node Type": "Seq Scan","Parent Relationship": "Outer","Parallel Aware": true,"Async Capable": false,"Relation Name": "customer","Alias": "customer","Startup Cost": 0.00,"Total Cost": 4210.00,"Plan Rows": 62500,"Plan Width": 8,"Actual Startup Time": 0.016,"Actual Total Time": 8.949,"Actual Rows": 50000,"Actual Loops": 3,"Workers": []},{"Node Type": "Hash","Parent Relationship": "Inner","Parallel Aware": false,"Async Capable": false,"Startup Cost": 1.38,"Total Cost": 1.38,"Plan Rows": 2,"Plan Width": 108,"Actual Startup Time": 0.073,"Actual Total Time": 0.080,"Actual Rows": 2,"Actual Loops": 3,"Hash Buckets": 1024,"Original Hash Buckets": 1024,"Hash Batches": 1,"Original Hash Batches": 1,"Peak Memory Usage": 9,"Workers": [],"Plans": [{"Node Type": "Seq Scan","Parent Relationship": "Outer","Parallel Aware": false,"Async Capable": false,"Relation Name": "nation","Alias": "n2","Startup Cost": 0.00,"Total Cost": 1.38,"Plan Rows": 2,"Plan Width": 108,"Actual Startup Time": 0.058,"Actual Total Time": 0.062,"Actual Rows": 2,"Actual Loops": 3,"Filter": "((n_name = 'VIETNAM'::bpchar) OR (n_name = 'SAUDI ARABIA'::bpchar))","Rows Removed by Filter": 23,"Workers": []}]}]},{"Node Type": "Index Scan","Parent Relationship": "Inner","Parallel Aware": false,"Async Capable": false,"Scan Direction": "Forward","Index Name": "idx_orders_custkey","Relation Name": "orders","Alias": "orders","Startup Cost": 0.43,"Total Cost": 1.46,"Plan Rows": 17,"Plan Width": 8,"Actual Startup Time": 0.007,"Actual Total Time": 0.043,"Actual Rows": 10,"Actual Loops": 11912,"Index Cond": "(o_custkey = customer.c_custkey)","Rows Removed by Index Recheck": 0,"Workers": []}]},{"Node Type": "Index Scan","Parent Relationship": "Inner","Parallel Aware": false,"Async Capable": false,"Scan Direction": "Forward","Index Name": "idx_lineitem_orderkey","Relation Name": "lineitem","Alias": "lineitem","Startup Cost": 0.43,"Total Cost": 1.14,"Plan Rows": 5,"Plan Width": 24,"Actual Startup Time": 0.016,"Actual Total Time": 0.017,"Actual Rows": 1,"Actual Loops": 118800,"Index Cond": "(l_orderkey = orders.o_orderkey)","Rows Removed by Index Recheck": 0,"Filter": "((l_shipdate >= '1995-01-01'::date) AND (l_shipdate <= '1996-12-31'::date))","Rows Removed by Filter": 3,"Workers": []}]},{"Node Type": "Hash","Parent Relationship": "Inner","Parallel Aware": false,"Async Capable": false,"Startup Cost": 354.10,"Total Cost": 354.10,"Plan Rows": 784,"Plan Width": 108,"Actual Startup Time": 11.337,"Actual Total Time": 11.353,"Actual Rows": 810,"Actual Loops": 3,"Hash Buckets": 1024,"Original Hash Buckets": 1024,"Hash Batches": 1,"Original Hash Batches": 1,"Peak Memory Usage": 58,"Workers": [],"Plans": [{"Node Type": "Hash Join","Parent Relationship": "Outer","Parallel Aware": false,"Async Capable": false,"Join Type": "Inner","Startup Cost": 1.40,"Total Cost": 354.10,"Plan Rows": 784,"Plan Width": 108,"Actual Startup Time": 0.104,"Actual Total Time": 11.136,"Actual Rows": 810,"Actual Loops": 3,"Inner Unique": true,"Hash Cond": "(supplier.s_nationkey = n1.n_nationkey)","Workers": [],"Plans": [{"Node Type": "Seq Scan","Parent Relationship": "Outer","Parallel Aware": false,"Async Capable": false,"Relation Name": "supplier","Alias": "supplier","Startup Cost": 0.00,"Total Cost": 322.00,"Plan Rows": 10000,"Plan Width": 8,"Actual Startup Time": 0.034,"Actual Total Time": 4.477,"Actual Rows": 10000,"Actual Loops": 3,"Workers": []},{"Node Type": "Hash","Parent Relationship": "Inner","Parallel Aware": false,"Async Capable": false,"Startup Cost": 1.38,"Total Cost": 1.38,"Plan Rows": 2,"Plan Width": 108,"Actual Startup Time": 0.019,"Actual Total Time": 0.025,"Actual Rows": 2,"Actual Loops": 3,"Hash Buckets": 1024,"Original Hash Buckets": 1024,"Hash Batches": 1,"Original Hash Batches": 1,"Peak Memory Usage": 9,"Workers": [],"Plans": [{"Node Type": "Seq Scan","Parent Relationship": "Outer","Parallel Aware": false,"Async Capable": false,"Relation Name": "nation","Alias": "n1","Startup Cost": 0.00,"Total Cost": 1.38,"Plan Rows": 2,"Plan Width": 108,"Actual Startup Time": 0.010,"Actual Total Time": 0.015,"Actual Rows": 2,"Actual Loops": 3,"Filter": "((n_name = 'SAUDI ARABIA'::bpchar) OR (n_name = 'VIETNAM'::bpchar))","Rows Removed by Filter": 23,"Workers": []}]}]}]}]}]}]}]}]},"Planning Time": 9.833,"Triggers": [],"Execution Time": 960.690}]
[{"Plan": {"Node Type": "Aggregate","Strategy": "Sorted","Partial Mode": "Finalize","Parallel Aware": false,"Async Capable": false,"Startup Cost": 72556.41,"Total Cost": 73352.71,"Plan Rows": 5893,"Plan Width": 272,"Actual Startup Time": 923.051,"Actual Total Time": 968.616,"Actual Rows": 4,"Actual Loops": 1,"Group Key": ["n1.n_name", "n2.n_name", "(EXTRACT(year FROM lineitem.l_shipdate))"],"Plans": [{"Node Type": "Gather Merge","Parent Relationship": "Outer","Parallel Aware": false,"Async Capable": false,"Startup Cost": 72556.41,"Total Cost": 73202.94,"Plan Rows": 4910,"Plan Width": 272,"Actual Startup Time": 922.243,"Actual Total Time": 968.535,"Actual Rows": 12,"Actual Loops": 1,"Workers Planned": 2,"Workers Launched": 2,"Plans": [{"Node Type": "Aggregate","Strategy": "Sorted","Partial Mode": "Partial","Parent Relationship": "Outer","Parallel Aware": false,"Async Capable": false,"Startup Cost": 71556.39,"Total Cost": 71636.18,"Plan Rows": 2455,"Plan Width": 272,"Actual Startup Time": 913.731,"Actual Total Time": 914.601,"Actual Rows": 4,"Actual Loops": 3,"Group Key": ["n1.n_name", "n2.n_name", "(EXTRACT(year FROM lineitem.l_shipdate))"],"Workers": [],"Plans": [{"Node Type": "Sort","Parent Relationship": "Outer","Parallel Aware": false,"Async Capable": false,"Startup Cost": 71556.39,"Total Cost": 71562.53,"Plan Rows": 2455,"Plan Width": 252,"Actual Startup Time": 913.472,"Actual Total Time": 913.589,"Actual Rows": 1914,"Actual Loops": 3,"Sort Key": ["n1.n_name", "n2.n_name", "(EXTRACT(year FROM lineitem.l_shipdate))"],"Sort Method": "quicksort","Sort Space Used": 258,"Sort Space Type": "Memory","Workers": [{"Worker Number": 0,"Sort Method": "quicksort","Sort Space Used": 251,"Sort Space Type": "Memory"},{"Worker Number": 1,"Sort Method": "quicksort","Sort Space Used": 264,"Sort Space Type": "Memory"}],"Plans": [{"Node Type": "Hash Join","Parent Relationship": "Outer","Parallel Aware": false,"Async Capable": false,"Join Type": "Inner","Startup Cost": 366.16,"Total Cost": 71418.15,"Plan Rows": 2455,"Plan Width": 252,"Actual Startup Time": 9.669,"Actual Total Time": 911.618,"Actual Rows": 1914,"Actual Loops": 3,"Inner Unique": false,"Hash Cond": "(lineitem.l_suppkey = supplier.s_suppkey)","Join Filter": "(((n1.n_name = 'UNITED KINGDOM'::bpchar) AND (n2.n_name = 'UNITED STATES'::bpchar)) OR ((n1.n_name = 'UNITED STATES'::bpchar) AND (n2.n_name = 'UNITED KINGDOM'::bpchar)))","Rows Removed by Join Filter": 1964,"Workers": [],"Plans": [{"Node Type": "Nested Loop","Parent Relationship": "Outer","Parallel Aware": false,"Async Capable": false,"Join Type": "Inner","Startup Cost": 2.26,"Total Cost": 70727.78,"Plan Rows": 60250,"Plan Width": 124,"Actual Startup Time": 0.714,"Actual Total Time": 895.977,"Actual Rows": 48474,"Actual Loops": 3,"Inner Unique": false,"Workers": [],"Plans": [{"Node Type": "Nested Loop","Parent Relationship": "Outer","Parallel Aware": false,"Async Capable": false,"Join Type": "Inner","Startup Cost": 1.83,"Total Cost": 12400.01,"Plan Rows": 49000,"Plan Width": 108,"Actual Startup Time": 0.383,"Actual Total Time": 224.749,"Actual Rows": 39792,"Actual Loops": 3,"Inner Unique": false,"Workers": [],"Plans": [{"Node Type": "Hash Join","Parent Relationship": "Outer","Parallel Aware": false,"Async Capable": false,"Join Type": "Inner","Startup Cost": 1.40,"Total Cost": 4403.27,"Plan Rows": 4900,"Plan Width": 108,"Actual Startup Time": 0.208,"Actual Total Time": 46.119,"Actual Rows": 3998,"Actual Loops": 3,"Inner Unique": true,"Hash Cond": "(customer.c_nationkey = n2.n_nationkey)","Workers": [],"Plans": [{"Node Type": "Seq Scan","Parent Relationship": "Outer","Parallel Aware": true,"Async Capable": false,"Relation Name": "customer","Alias": "customer","Startup Cost": 0.00,"Total Cost": 4210.00,"Plan Rows": 62500,"Plan Width": 8,"Actual Startup Time": 0.019,"Actual Total Time": 9.588,"Actual Rows": 50000,"Actual Loops": 3,"Workers": []},{"Node Type": "Hash","Parent Relationship": "Inner","Parallel Aware": false,"Async Capable": false,"Startup Cost": 1.38,"Total Cost": 1.38,"Plan Rows": 2,"Plan Width": 108,"Actual Startup Time": 0.088,"Actual Total Time": 0.091,"Actual Rows": 2,"Actual Loops": 3,"Hash Buckets": 1024,"Original Hash Buckets": 1024,"Hash Batches": 1,"Original Hash Batches": 1,"Peak Memory Usage": 9,"Workers": [],"Plans": [{"Node Type": "Seq Scan","Parent Relationship": "Outer","Parallel Aware": false,"Async Capable": false,"Relation Name": "nation","Alias": "n2","Startup Cost": 0.00,"Total Cost": 1.38,"Plan Rows": 2,"Plan Width": 108,"Actual Startup Time": 0.066,"Actual Total Time": 0.068,"Actual Rows": 2,"Actual Loops": 3,"Filter": "((n_name = 'UNITED STATES'::bpchar) OR (n_name = 'UNITED KINGDOM'::bpchar))","Rows Removed by Filter": 23,"Workers": []}]}]},{"Node Type": "Index Scan","Parent Relationship": "Inner","Parallel Aware": false,"Async Capable": false,"Scan Direction": "Forward","Index Name": "idx_orders_custkey","Relation Name": "orders","Alias": "orders","Startup Cost": 0.43,"Total Cost": 1.46,"Plan Rows": 17,"Plan Width": 8,"Actual Startup Time": 0.007,"Actual Total Time": 0.043,"Actual Rows": 10,"Actual Loops": 11994,"Index Cond": "(o_custkey = customer.c_custkey)","Rows Removed by Index Recheck": 0,"Workers": []}]},{"Node Type": "Index Scan","Parent Relationship": "Inner","Parallel Aware": false,"Async Capable": false,"Scan Direction": "Forward","Index Name": "idx_lineitem_orderkey","Relation Name": "lineitem","Alias": "lineitem","Startup Cost": 0.43,"Total Cost": 1.14,"Plan Rows": 5,"Plan Width": 24,"Actual Startup Time": 0.016,"Actual Total Time": 0.017,"Actual Rows": 1,"Actual Loops": 119376,"Index Cond": "(l_orderkey = orders.o_orderkey)","Rows Removed by Index Recheck": 0,"Filter": "((l_shipdate >= '1995-01-01'::date) AND (l_shipdate <= '1996-12-31'::date))","Rows Removed by Filter": 3,"Workers": []}]},{"Node Type": "Hash","Parent Relationship": "Inner","Parallel Aware": false,"Async Capable": false,"Startup Cost": 354.10,"Total Cost": 354.10,"Plan Rows": 784,"Plan Width": 108,"Actual Startup Time": 8.027,"Actual Total Time": 8.038,"Actual Rows": 783,"Actual Loops": 3,"Hash Buckets": 1024,"Original Hash Buckets": 1024,"Hash Batches": 1,"Original Hash Batches": 1,"Peak Memory Usage": 56,"Workers": [],"Plans": [{"Node Type": "Hash Join","Parent Relationship": "Outer","Parallel Aware": false,"Async Capable": false,"Join Type": "Inner","Startup Cost": 1.40,"Total Cost": 354.10,"Plan Rows": 784,"Plan Width": 108,"Actual Startup Time": 0.093,"Actual Total Time": 7.834,"Actual Rows": 783,"Actual Loops": 3,"Inner Unique": true,"Hash Cond": "(supplier.s_nationkey = n1.n_nationkey)","Workers": [],"Plans": [{"Node Type": "Seq Scan","Parent Relationship": "Outer","Parallel Aware": false,"Async Capable": false,"Relation Name": "supplier","Alias": "supplier","Startup Cost": 0.00,"Total Cost": 322.00,"Plan Rows": 10000,"Plan Width": 8,"Actual Startup Time": 0.037,"Actual Total Time": 4.248,"Actual Rows": 10000,"Actual Loops": 3,"Workers": []},{"Node Type": "Hash","Parent Relationship": "Inner","Parallel Aware": false,"Async Capable": false,"Startup Cost": 1.38,"Total Cost": 1.38,"Plan Rows": 2,"Plan Width": 108,"Actual Startup Time": 0.021,"Actual Total Time": 0.023,"Actual Rows": 2,"Actual Loops": 3,"Hash Buckets": 1024,"Original Hash Buckets": 1024,"Hash Batches": 1,"Original Hash Batches": 1,"Peak Memory Usage": 9,"Workers": [],"Plans": [{"Node Type": "Seq Scan","Parent Relationship": "Outer","Parallel Aware": false,"Async Capable": false,"Relation Name": "nation","Alias": "n1","Startup Cost": 0.00,"Total Cost": 1.38,"Plan Rows": 2,"Plan Width": 108,"Actual Startup Time": 0.012,"Actual Total Time": 0.013,"Actual Rows": 2,"Actual Loops": 3,"Filter": "((n_name = 'UNITED KINGDOM'::bpchar) OR (n_name = 'UNITED STATES'::bpchar))","Rows Removed by Filter": 23,"Workers": []}]}]}]}]}]}]}]}]},"Planning Time": 8.840,"Triggers": [],"Execution Time": 968.999}]
[{"Plan": {"Node Type": "Aggregate","Strategy": "Sorted","Partial Mode": "Finalize","Parallel Aware": false,"Async Capable": false,"Startup Cost": 72556.41,"Total Cost": 73352.71,"Plan Rows": 5893,"Plan Width": 272,"Actual Startup Time": 927.566,"Actual Total Time": 972.086,"Actual Rows": 4,"Actual Loops": 1,"Group Key": ["n1.n_name", "n2.n_name", "(EXTRACT(year FROM lineitem.l_shipdate))"],"Plans": [{"Node Type": "Gather Merge","Parent Relationship": "Outer","Parallel Aware": false,"Async Capable": false,"Startup Cost": 72556.41,"Total Cost": 73202.94,"Plan Rows": 4910,"Plan Width": 272,"Actual Startup Time": 927.283,"Actual Total Time": 972.025,"Actual Rows": 12,"Actual Loops": 1,"Workers Planned": 2,"Workers Launched": 2,"Plans": [{"Node Type": "Aggregate","Strategy": "Sorted","Partial Mode": "Partial","Parent Relationship": "Outer","Parallel Aware": false,"Async Capable": false,"Startup Cost": 71556.39,"Total Cost": 71636.18,"Plan Rows": 2455,"Plan Width": 272,"Actual Startup Time": 919.968,"Actual Total Time": 920.654,"Actual Rows": 4,"Actual Loops": 3,"Group Key": ["n1.n_name", "n2.n_name", "(EXTRACT(year FROM lineitem.l_shipdate))"],"Workers": [],"Plans": [{"Node Type": "Sort","Parent Relationship": "Outer","Parallel Aware": false,"Async Capable": false,"Startup Cost": 71556.39,"Total Cost": 71562.53,"Plan Rows": 2455,"Plan Width": 252,"Actual Startup Time": 919.687,"Actual Total Time": 919.802,"Actual Rows": 1994,"Actual Loops": 3,"Sort Key": ["n1.n_name", "n2.n_name", "(EXTRACT(year FROM lineitem.l_shipdate))"],"Sort Method": "quicksort","Sort Space Used": 269,"Sort Space Type": "Memory","Workers": [{"Worker Number": 0,"Sort Method": "quicksort","Sort Space Used": 267,"Sort Space Type": "Memory"},{"Worker Number": 1,"Sort Method": "quicksort","Sort Space Used": 264,"Sort Space Type": "Memory"}],"Plans": [{"Node Type": "Hash Join","Parent Relationship": "Outer","Parallel Aware": false,"Async Capable": false,"Join Type": "Inner","Startup Cost": 366.16,"Total Cost": 71418.15,"Plan Rows": 2455,"Plan Width": 252,"Actual Startup Time": 12.908,"Actual Total Time": 917.880,"Actual Rows": 1994,"Actual Loops": 3,"Inner Unique": false,"Hash Cond": "(lineitem.l_suppkey = supplier.s_suppkey)","Join Filter": "(((n1.n_name = 'ROMANIA'::bpchar) AND (n2.n_name = 'ARGENTINA'::bpchar)) OR ((n1.n_name = 'ARGENTINA'::bpchar) AND (n2.n_name = 'ROMANIA'::bpchar)))","Rows Removed by Join Filter": 1962,"Workers": [],"Plans": [{"Node Type": "Nested Loop","Parent Relationship": "Outer","Parallel Aware": false,"Async Capable": false,"Join Type": "Inner","Startup Cost": 2.26,"Total Cost": 70727.78,"Plan Rows": 60250,"Plan Width": 124,"Actual Startup Time": 1.033,"Actual Total Time": 899.991,"Actual Rows": 49074,"Actual Loops": 3,"Inner Unique": false,"Workers": [],"Plans": [{"Node Type": "Nested Loop","Parent Relationship": "Outer","Parallel Aware": false,"Async Capable": false,"Join Type": "Inner","Startup Cost": 1.83,"Total Cost": 12400.01,"Plan Rows": 49000,"Plan Width": 108,"Actual Startup Time": 0.271,"Actual Total Time": 223.151,"Actual Rows": 40186,"Actual Loops": 3,"Inner Unique": false,"Workers": [],"Plans": [{"Node Type": "Hash Join","Parent Relationship": "Outer","Parallel Aware": false,"Async Capable": false,"Join Type": "Inner","Startup Cost": 1.40,"Total Cost": 4403.27,"Plan Rows": 4900,"Plan Width": 108,"Actual Startup Time": 0.151,"Actual Total Time": 45.006,"Actual Rows": 4025,"Actual Loops": 3,"Inner Unique": true,"Hash Cond": "(customer.c_nationkey = n2.n_nationkey)","Workers": [],"Plans": [{"Node Type": "Seq Scan","Parent Relationship": "Outer","Parallel Aware": true,"Async Capable": false,"Relation Name": "customer","Alias": "customer","Startup Cost": 0.00,"Total Cost": 4210.00,"Plan Rows": 62500,"Plan Width": 8,"Actual Startup Time": 0.016,"Actual Total Time": 9.164,"Actual Rows": 50000,"Actual Loops": 3,"Workers": []},{"Node Type": "Hash","Parent Relationship": "Inner","Parallel Aware": false,"Async Capable": false,"Startup Cost": 1.38,"Total Cost": 1.38,"Plan Rows": 2,"Plan Width": 108,"Actual Startup Time": 0.068,"Actual Total Time": 0.076,"Actual Rows": 2,"Actual Loops": 3,"Hash Buckets": 1024,"Original Hash Buckets": 1024,"Hash Batches": 1,"Original Hash Batches": 1,"Peak Memory Usage": 9,"Workers": [],"Plans": [{"Node Type": "Seq Scan","Parent Relationship": "Outer","Parallel Aware": false,"Async Capable": false,"Relation Name": "nation","Alias": "n2","Startup Cost": 0.00,"Total Cost": 1.38,"Plan Rows": 2,"Plan Width": 108,"Actual Startup Time": 0.047,"Actual Total Time": 0.056,"Actual Rows": 2,"Actual Loops": 3,"Filter": "((n_name = 'ARGENTINA'::bpchar) OR (n_name = 'ROMANIA'::bpchar))","Rows Removed by Filter": 23,"Workers": []}]}]},{"Node Type": "Index Scan","Parent Relationship": "Inner","Parallel Aware": false,"Async Capable": false,"Scan Direction": "Forward","Index Name": "idx_orders_custkey","Relation Name": "orders","Alias": "orders","Startup Cost": 0.43,"Total Cost": 1.46,"Plan Rows": 17,"Plan Width": 8,"Actual Startup Time": 0.007,"Actual Total Time": 0.043,"Actual Rows": 10,"Actual Loops": 12075,"Index Cond": "(o_custkey = customer.c_custkey)","Rows Removed by Index Recheck": 0,"Workers": []}]},{"Node Type": "Index Scan","Parent Relationship": "Inner","Parallel Aware": false,"Async Capable": false,"Scan Direction": "Forward","Index Name": "idx_lineitem_orderkey","Relation Name": "lineitem","Alias": "lineitem","Startup Cost": 0.43,"Total Cost": 1.14,"Plan Rows": 5,"Plan Width": 24,"Actual Startup Time": 0.016,"Actual Total Time": 0.017,"Actual Rows": 1,"Actual Loops": 120559,"Index Cond": "(l_orderkey = orders.o_orderkey)","Rows Removed by Index Recheck": 0,"Filter": "((l_shipdate >= '1995-01-01'::date) AND (l_shipdate <= '1996-12-31'::date))","Rows Removed by Filter": 3,"Workers": []}]},{"Node Type": "Hash","Parent Relationship": "Inner","Parallel Aware": false,"Async Capable": false,"Startup Cost": 354.10,"Total Cost": 354.10,"Plan Rows": 784,"Plan Width": 108,"Actual Startup Time": 10.934,"Actual Total Time": 10.948,"Actual Rows": 811,"Actual Loops": 3,"Hash Buckets": 1024,"Original Hash Buckets": 1024,"Hash Batches": 1,"Original Hash Batches": 1,"Peak Memory Usage": 58,"Workers": [],"Plans": [{"Node Type": "Hash Join","Parent Relationship": "Outer","Parallel Aware": false,"Async Capable": false,"Join Type": "Inner","Startup Cost": 1.40,"Total Cost": 354.10,"Plan Rows": 784,"Plan Width": 108,"Actual Startup Time": 0.070,"Actual Total Time": 10.744,"Actual Rows": 811,"Actual Loops": 3,"Inner Unique": true,"Hash Cond": "(supplier.s_nationkey = n1.n_nationkey)","Workers": [],"Plans": [{"Node Type": "Seq Scan","Parent Relationship": "Outer","Parallel Aware": false,"Async Capable": false,"Relation Name": "supplier","Alias": "supplier","Startup Cost": 0.00,"Total Cost": 322.00,"Plan Rows": 10000,"Plan Width": 8,"Actual Startup Time": 0.024,"Actual Total Time": 4.360,"Actual Rows": 10000,"Actual Loops": 3,"Workers": []},{"Node Type": "Hash","Parent Relationship": "Inner","Parallel Aware": false,"Async Capable": false,"Startup Cost": 1.38,"Total Cost": 1.38,"Plan Rows": 2,"Plan Width": 108,"Actual Startup Time": 0.014,"Actual Total Time": 0.019,"Actual Rows": 2,"Actual Loops": 3,"Hash Buckets": 1024,"Original Hash Buckets": 1024,"Hash Batches": 1,"Original Hash Batches": 1,"Peak Memory Usage": 9,"Workers": [],"Plans": [{"Node Type": "Seq Scan","Parent Relationship": "Outer","Parallel Aware": false,"Async Capable": false,"Relation Name": "nation","Alias": "n1","Startup Cost": 0.00,"Total Cost": 1.38,"Plan Rows": 2,"Plan Width": 108,"Actual Startup Time": 0.004,"Actual Total Time": 0.011,"Actual Rows": 2,"Actual Loops": 3,"Filter": "((n_name = 'ROMANIA'::bpchar) OR (n_name = 'ARGENTINA'::bpchar))","Rows Removed by Filter": 23,"Workers": []}]}]}]}]}]}]}]}]},"Planning Time": 8.737,"Triggers": [],"Execution Time": 972.497}]
[{"Plan": {"Node Type": "Aggregate","Strategy": "Sorted","Partial Mode": "Finalize","Parallel Aware": false,"Async Capable": false,"Startup Cost": 72556.41,"Total Cost": 73352.71,"Plan Rows": 5893,"Plan Width": 272,"Actual Startup Time": 922.946,"Actual Total Time": 967.409,"Actual Rows": 4,"Actual Loops": 1,"Group Key": ["n1.n_name", "n2.n_name", "(EXTRACT(year FROM lineitem.l_shipdate))"],"Plans": [{"Node Type": "Gather Merge","Parent Relationship": "Outer","Parallel Aware": false,"Async Capable": false,"Startup Cost": 72556.41,"Total Cost": 73202.94,"Plan Rows": 4910,"Plan Width": 272,"Actual Startup Time": 922.351,"Actual Total Time": 967.329,"Actual Rows": 12,"Actual Loops": 1,"Workers Planned": 2,"Workers Launched": 2,"Plans": [{"Node Type": "Aggregate","Strategy": "Sorted","Partial Mode": "Partial","Parent Relationship": "Outer","Parallel Aware": false,"Async Capable": false,"Startup Cost": 71556.39,"Total Cost": 71636.18,"Plan Rows": 2455,"Plan Width": 272,"Actual Startup Time": 914.558,"Actual Total Time": 915.348,"Actual Rows": 4,"Actual Loops": 3,"Group Key": ["n1.n_name", "n2.n_name", "(EXTRACT(year FROM lineitem.l_shipdate))"],"Workers": [],"Plans": [{"Node Type": "Sort","Parent Relationship": "Outer","Parallel Aware": false,"Async Capable": false,"Startup Cost": 71556.39,"Total Cost": 71562.53,"Plan Rows": 2455,"Plan Width": 252,"Actual Startup Time": 914.290,"Actual Total Time": 914.410,"Actual Rows": 2012,"Actual Loops": 3,"Sort Key": ["n1.n_name", "n2.n_name", "(EXTRACT(year FROM lineitem.l_shipdate))"],"Sort Method": "quicksort","Sort Space Used": 326,"Sort Space Type": "Memory","Workers": [{"Worker Number": 0,"Sort Method": "quicksort","Sort Space Used": 260,"Sort Space Type": "Memory"},{"Worker Number": 1,"Sort Method": "quicksort","Sort Space Used": 268,"Sort Space Type": "Memory"}],"Plans": [{"Node Type": "Hash Join","Parent Relationship": "Outer","Parallel Aware": false,"Async Capable": false,"Join Type": "Inner","Startup Cost": 366.16,"Total Cost": 71418.15,"Plan Rows": 2455,"Plan Width": 252,"Actual Startup Time": 11.861,"Actual Total Time": 912.302,"Actual Rows": 2012,"Actual Loops": 3,"Inner Unique": false,"Hash Cond": "(lineitem.l_suppkey = supplier.s_suppkey)","Join Filter": "(((n1.n_name = 'CANADA'::bpchar) AND (n2.n_name = 'ARGENTINA'::bpchar)) OR ((n1.n_name = 'ARGENTINA'::bpchar) AND (n2.n_name = 'CANADA'::bpchar)))","Rows Removed by Join Filter": 1987,"Workers": [],"Plans": [{"Node Type": "Nested Loop","Parent Relationship": "Outer","Parallel Aware": false,"Async Capable": false,"Join Type": "Inner","Startup Cost": 2.26,"Total Cost": 70727.78,"Plan Rows": 60250,"Plan Width": 124,"Actual Startup Time": 0.765,"Actual Total Time": 895.247,"Actual Rows": 48850,"Actual Loops": 3,"Inner Unique": false,"Workers": [],"Plans": [{"Node Type": "Nested Loop","Parent Relationship": "Outer","Parallel Aware": false,"Async Capable": false,"Join Type": "Inner","Startup Cost": 1.83,"Total Cost": 12400.01,"Plan Rows": 49000,"Plan Width": 108,"Actual Startup Time": 0.334,"Actual Total Time": 221.290,"Actual Rows": 40009,"Actual Loops": 3,"Inner Unique": false,"Workers": [],"Plans": [{"Node Type": "Hash Join","Parent Relationship": "Outer","Parallel Aware": false,"Async Capable": false,"Join Type": "Inner","Startup Cost": 1.40,"Total Cost": 4403.27,"Plan Rows": 4900,"Plan Width": 108,"Actual Startup Time": 0.198,"Actual Total Time": 43.547,"Actual Rows": 3998,"Actual Loops": 3,"Inner Unique": true,"Hash Cond": "(customer.c_nationkey = n2.n_nationkey)","Workers": [],"Plans": [{"Node Type": "Seq Scan","Parent Relationship": "Outer","Parallel Aware": true,"Async Capable": false,"Relation Name": "customer","Alias": "customer","Startup Cost": 0.00,"Total Cost": 4210.00,"Plan Rows": 62500,"Plan Width": 8,"Actual Startup Time": 0.014,"Actual Total Time": 9.055,"Actual Rows": 50000,"Actual Loops": 3,"Workers": []},{"Node Type": "Hash","Parent Relationship": "Inner","Parallel Aware": false,"Async Capable": false,"Startup Cost": 1.38,"Total Cost": 1.38,"Plan Rows": 2,"Plan Width": 108,"Actual Startup Time": 0.081,"Actual Total Time": 0.087,"Actual Rows": 2,"Actual Loops": 3,"Hash Buckets": 1024,"Original Hash Buckets": 1024,"Hash Batches": 1,"Original Hash Batches": 1,"Peak Memory Usage": 9,"Workers": [],"Plans": [{"Node Type": "Seq Scan","Parent Relationship": "Outer","Parallel Aware": false,"Async Capable": false,"Relation Name": "nation","Alias": "n2","Startup Cost": 0.00,"Total Cost": 1.38,"Plan Rows": 2,"Plan Width": 108,"Actual Startup Time": 0.058,"Actual Total Time": 0.069,"Actual Rows": 2,"Actual Loops": 3,"Filter": "((n_name = 'ARGENTINA'::bpchar) OR (n_name = 'CANADA'::bpchar))","Rows Removed by Filter": 23,"Workers": []}]}]},{"Node Type": "Index Scan","Parent Relationship": "Inner","Parallel Aware": false,"Async Capable": false,"Scan Direction": "Forward","Index Name": "idx_orders_custkey","Relation Name": "orders","Alias": "orders","Startup Cost": 0.43,"Total Cost": 1.46,"Plan Rows": 17,"Plan Width": 8,"Actual Startup Time": 0.007,"Actual Total Time": 0.043,"Actual Rows": 10,"Actual Loops": 11995,"Index Cond": "(o_custkey = customer.c_custkey)","Rows Removed by Index Recheck": 0,"Workers": []}]},{"Node Type": "Index Scan","Parent Relationship": "Inner","Parallel Aware": false,"Async Capable": false,"Scan Direction": "Forward","Index Name": "idx_lineitem_orderkey","Relation Name": "lineitem","Alias": "lineitem","Startup Cost": 0.43,"Total Cost": 1.14,"Plan Rows": 5,"Plan Width": 24,"Actual Startup Time": 0.016,"Actual Total Time": 0.017,"Actual Rows": 1,"Actual Loops": 120027,"Index Cond": "(l_orderkey = orders.o_orderkey)","Rows Removed by Index Recheck": 0,"Filter": "((l_shipdate >= '1995-01-01'::date) AND (l_shipdate <= '1996-12-31'::date))","Rows Removed by Filter": 3,"Workers": []}]},{"Node Type": "Hash","Parent Relationship": "Inner","Parallel Aware": false,"Async Capable": false,"Startup Cost": 354.10,"Total Cost": 354.10,"Plan Rows": 784,"Plan Width": 108,"Actual Startup Time": 9.706,"Actual Total Time": 9.719,"Actual Rows": 825,"Actual Loops": 3,"Hash Buckets": 1024,"Original Hash Buckets": 1024,"Hash Batches": 1,"Original Hash Batches": 1,"Peak Memory Usage": 58,"Workers": [],"Plans": [{"Node Type": "Hash Join","Parent Relationship": "Outer","Parallel Aware": false,"Async Capable": false,"Join Type": "Inner","Startup Cost": 1.40,"Total Cost": 354.10,"Plan Rows": 784,"Plan Width": 108,"Actual Startup Time": 0.069,"Actual Total Time": 9.536,"Actual Rows": 825,"Actual Loops": 3,"Inner Unique": true,"Hash Cond": "(supplier.s_nationkey = n1.n_nationkey)","Workers": [],"Plans": [{"Node Type": "Seq Scan","Parent Relationship": "Outer","Parallel Aware": false,"Async Capable": false,"Relation Name": "supplier","Alias": "supplier","Startup Cost": 0.00,"Total Cost": 322.00,"Plan Rows": 10000,"Plan Width": 8,"Actual Startup Time": 0.026,"Actual Total Time": 3.815,"Actual Rows": 10000,"Actual Loops": 3,"Workers": []},{"Node Type": "Hash","Parent Relationship": "Inner","Parallel Aware": false,"Async Capable": false,"Startup Cost": 1.38,"Total Cost": 1.38,"Plan Rows": 2,"Plan Width": 108,"Actual Startup Time": 0.016,"Actual Total Time": 0.021,"Actual Rows": 2,"Actual Loops": 3,"Hash Buckets": 1024,"Original Hash Buckets": 1024,"Hash Batches": 1,"Original Hash Batches": 1,"Peak Memory Usage": 9,"Workers": [],"Plans": [{"Node Type": "Seq Scan","Parent Relationship": "Outer","Parallel Aware": false,"Async Capable": false,"Relation Name": "nation","Alias": "n1","Startup Cost": 0.00,"Total Cost": 1.38,"Plan Rows": 2,"Plan Width": 108,"Actual Startup Time": 0.009,"Actual Total Time": 0.013,"Actual Rows": 2,"Actual Loops": 3,"Filter": "((n_name = 'CANADA'::bpchar) OR (n_name = 'ARGENTINA'::bpchar))","Rows Removed by Filter": 23,"Workers": []}]}]}]}]}]}]}]}]},"Planning Time": 9.329,"Triggers": [],"Execution Time": 967.782}]
[{"Plan": {"Node Type": "Aggregate","Strategy": "Sorted","Partial Mode": "Finalize","Parallel Aware": false,"Async Capable": false,"Startup Cost": 72556.41,"Total Cost": 73352.71,"Plan Rows": 5893,"Plan Width": 272,"Actual Startup Time": 927.242,"Actual Total Time": 984.162,"Actual Rows": 4,"Actual Loops": 1,"Group Key": ["n1.n_name", "n2.n_name", "(EXTRACT(year FROM lineitem.l_shipdate))"],"Plans": [{"Node Type": "Gather Merge","Parent Relationship": "Outer","Parallel Aware": false,"Async Capable": false,"Startup Cost": 72556.41,"Total Cost": 73202.94,"Plan Rows": 4910,"Plan Width": 272,"Actual Startup Time": 926.657,"Actual Total Time": 984.080,"Actual Rows": 12,"Actual Loops": 1,"Workers Planned": 2,"Workers Launched": 2,"Plans": [{"Node Type": "Aggregate","Strategy": "Sorted","Partial Mode": "Partial","Parent Relationship": "Outer","Parallel Aware": false,"Async Capable": false,"Startup Cost": 71556.39,"Total Cost": 71636.18,"Plan Rows": 2455,"Plan Width": 272,"Actual Startup Time": 918.037,"Actual Total Time": 918.839,"Actual Rows": 4,"Actual Loops": 3,"Group Key": ["n1.n_name", "n2.n_name", "(EXTRACT(year FROM lineitem.l_shipdate))"],"Workers": [],"Plans": [{"Node Type": "Sort","Parent Relationship": "Outer","Parallel Aware": false,"Async Capable": false,"Startup Cost": 71556.39,"Total Cost": 71562.53,"Plan Rows": 2455,"Plan Width": 252,"Actual Startup Time": 917.762,"Actual Total Time": 917.875,"Actual Rows": 1967,"Actual Loops": 3,"Sort Key": ["n1.n_name", "n2.n_name", "(EXTRACT(year FROM lineitem.l_shipdate))"],"Sort Method": "quicksort","Sort Space Used": 270,"Sort Space Type": "Memory","Workers": [{"Worker Number": 0,"Sort Method": "quicksort","Sort Space Used": 256,"Sort Space Type": "Memory"},{"Worker Number": 1,"Sort Method": "quicksort","Sort Space Used": 265,"Sort Space Type": "Memory"}],"Plans": [{"Node Type": "Hash Join","Parent Relationship": "Outer","Parallel Aware": false,"Async Capable": false,"Join Type": "Inner","Startup Cost": 366.16,"Total Cost": 71418.15,"Plan Rows": 2455,"Plan Width": 252,"Actual Startup Time": 9.432,"Actual Total Time": 915.996,"Actual Rows": 1967,"Actual Loops": 3,"Inner Unique": false,"Hash Cond": "(lineitem.l_suppkey = supplier.s_suppkey)","Join Filter": "(((n1.n_name = 'VIETNAM'::bpchar) AND (n2.n_name = 'CANADA'::bpchar)) OR ((n1.n_name = 'CANADA'::bpchar) AND (n2.n_name = 'VIETNAM'::bpchar)))","Rows Removed by Join Filter": 1986,"Workers": [],"Plans": [{"Node Type": "Nested Loop","Parent Relationship": "Outer","Parallel Aware": false,"Async Capable": false,"Join Type": "Inner","Startup Cost": 2.26,"Total Cost": 70727.78,"Plan Rows": 60250,"Plan Width": 124,"Actual Startup Time": 0.629,"Actual Total Time": 900.670,"Actual Rows": 49159,"Actual Loops": 3,"Inner Unique": false,"Workers": [],"Plans": [{"Node Type": "Nested Loop","Parent Relationship": "Outer","Parallel Aware": false,"Async Capable": false,"Join Type": "Inner","Startup Cost": 1.83,"Total Cost": 12400.01,"Plan Rows": 49000,"Plan Width": 108,"Actual Startup Time": 0.293,"Actual Total Time": 227.022,"Actual Rows": 40276,"Actual Loops": 3,"Inner Unique": false,"Workers": [],"Plans": [{"Node Type": "Hash Join","Parent Relationship": "Outer","Parallel Aware": false,"Async Capable": false,"Join Type": "Inner","Startup Cost": 1.40,"Total Cost": 4403.27,"Plan Rows": 4900,"Plan Width": 108,"Actual Startup Time": 0.190,"Actual Total Time": 46.943,"Actual Rows": 4009,"Actual Loops": 3,"Inner Unique": true,"Hash Cond": "(customer.c_nationkey = n2.n_nationkey)","Workers": [],"Plans": [{"Node Type": "Seq Scan","Parent Relationship": "Outer","Parallel Aware": true,"Async Capable": false,"Relation Name": "customer","Alias": "customer","Startup Cost": 0.00,"Total Cost": 4210.00,"Plan Rows": 62500,"Plan Width": 8,"Actual Startup Time": 0.015,"Actual Total Time": 9.490,"Actual Rows": 50000,"Actual Loops": 3,"Workers": []},{"Node Type": "Hash","Parent Relationship": "Inner","Parallel Aware": false,"Async Capable": false,"Startup Cost": 1.38,"Total Cost": 1.38,"Plan Rows": 2,"Plan Width": 108,"Actual Startup Time": 0.073,"Actual Total Time": 0.079,"Actual Rows": 2,"Actual Loops": 3,"Hash Buckets": 1024,"Original Hash Buckets": 1024,"Hash Batches": 1,"Original Hash Batches": 1,"Peak Memory Usage": 9,"Workers": [],"Plans": [{"Node Type": "Seq Scan","Parent Relationship": "Outer","Parallel Aware": false,"Async Capable": false,"Relation Name": "nation","Alias": "n2","Startup Cost": 0.00,"Total Cost": 1.38,"Plan Rows": 2,"Plan Width": 108,"Actual Startup Time": 0.050,"Actual Total Time": 0.059,"Actual Rows": 2,"Actual Loops": 3,"Filter": "((n_name = 'CANADA'::bpchar) OR (n_name = 'VIETNAM'::bpchar))","Rows Removed by Filter": 23,"Workers": []}]}]},{"Node Type": "Index Scan","Parent Relationship": "Inner","Parallel Aware": false,"Async Capable": false,"Scan Direction": "Forward","Index Name": "idx_orders_custkey","Relation Name": "orders","Alias": "orders","Startup Cost": 0.43,"Total Cost": 1.46,"Plan Rows": 17,"Plan Width": 8,"Actual Startup Time": 0.007,"Actual Total Time": 0.044,"Actual Rows": 10,"Actual Loops": 12028,"Index Cond": "(o_custkey = customer.c_custkey)","Rows Removed by Index Recheck": 0,"Workers": []}]},{"Node Type": "Index Scan","Parent Relationship": "Inner","Parallel Aware": false,"Async Capable": false,"Scan Direction": "Forward","Index Name": "idx_lineitem_orderkey","Relation Name": "lineitem","Alias": "lineitem","Startup Cost": 0.43,"Total Cost": 1.14,"Plan Rows": 5,"Plan Width": 24,"Actual Startup Time": 0.016,"Actual Total Time": 0.016,"Actual Rows": 1,"Actual Loops": 120827,"Index Cond": "(l_orderkey = orders.o_orderkey)","Rows Removed by Index Recheck": 0,"Filter": "((l_shipdate >= '1995-01-01'::date) AND (l_shipdate <= '1996-12-31'::date))","Rows Removed by Filter": 3,"Workers": []}]},{"Node Type": "Hash","Parent Relationship": "Inner","Parallel Aware": false,"Async Capable": false,"Startup Cost": 354.10,"Total Cost": 354.10,"Plan Rows": 784,"Plan Width": 108,"Actual Startup Time": 8.099,"Actual Total Time": 8.116,"Actual Rows": 811,"Actual Loops": 3,"Hash Buckets": 1024,"Original Hash Buckets": 1024,"Hash Batches": 1,"Original Hash Batches": 1,"Peak Memory Usage": 58,"Workers": [],"Plans": [{"Node Type": "Hash Join","Parent Relationship": "Outer","Parallel Aware": false,"Async Capable": false,"Join Type": "Inner","Startup Cost": 1.40,"Total Cost": 354.10,"Plan Rows": 784,"Plan Width": 108,"Actual Startup Time": 0.097,"Actual Total Time": 7.884,"Actual Rows": 811,"Actual Loops": 3,"Inner Unique": true,"Hash Cond": "(supplier.s_nationkey = n1.n_nationkey)","Workers": [],"Plans": [{"Node Type": "Seq Scan","Parent Relationship": "Outer","Parallel Aware": false,"Async Capable": false,"Relation Name": "supplier","Alias": "supplier","Startup Cost": 0.00,"Total Cost": 322.00,"Plan Rows": 10000,"Plan Width": 8,"Actual Startup Time": 0.031,"Actual Total Time": 4.258,"Actual Rows": 10000,"Actual Loops": 3,"Workers": []},{"Node Type": "Hash","Parent Relationship": "Inner","Parallel Aware": false,"Async Capable": false,"Startup Cost": 1.38,"Total Cost": 1.38,"Plan Rows": 2,"Plan Width": 108,"Actual Startup Time": 0.016,"Actual Total Time": 0.021,"Actual Rows": 2,"Actual Loops": 3,"Hash Buckets": 1024,"Original Hash Buckets": 1024,"Hash Batches": 1,"Original Hash Batches": 1,"Peak Memory Usage": 9,"Workers": [],"Plans": [{"Node Type": "Seq Scan","Parent Relationship": "Outer","Parallel Aware": false,"Async Capable": false,"Relation Name": "nation","Alias": "n1","Startup Cost": 0.00,"Total Cost": 1.38,"Plan Rows": 2,"Plan Width": 108,"Actual Startup Time": 0.005,"Actual Total Time": 0.010,"Actual Rows": 2,"Actual Loops": 3,"Filter": "((n_name = 'VIETNAM'::bpchar) OR (n_name = 'CANADA'::bpchar))","Rows Removed by Filter": 23,"Workers": []}]}]}]}]}]}]}]}]},"Planning Time": 8.171,"Triggers": [],"Execution Time": 984.644}]
[{"Plan": {"Node Type": "Aggregate","Strategy": "Sorted","Partial Mode": "Finalize","Parallel Aware": false,"Async Capable": false,"Startup Cost": 72556.41,"Total Cost": 73352.71,"Plan Rows": 5893,"Plan Width": 272,"Actual Startup Time": 934.134,"Actual Total Time": 978.263,"Actual Rows": 4,"Actual Loops": 1,"Group Key": ["n1.n_name", "n2.n_name", "(EXTRACT(year FROM lineitem.l_shipdate))"],"Plans": [{"Node Type": "Gather Merge","Parent Relationship": "Outer","Parallel Aware": false,"Async Capable": false,"Startup Cost": 72556.41,"Total Cost": 73202.94,"Plan Rows": 4910,"Plan Width": 272,"Actual Startup Time": 933.394,"Actual Total Time": 978.178,"Actual Rows": 12,"Actual Loops": 1,"Workers Planned": 2,"Workers Launched": 2,"Plans": [{"Node Type": "Aggregate","Strategy": "Sorted","Partial Mode": "Partial","Parent Relationship": "Outer","Parallel Aware": false,"Async Capable": false,"Startup Cost": 71556.39,"Total Cost": 71636.18,"Plan Rows": 2455,"Plan Width": 272,"Actual Startup Time": 925.584,"Actual Total Time": 926.435,"Actual Rows": 4,"Actual Loops": 3,"Group Key": ["n1.n_name", "n2.n_name", "(EXTRACT(year FROM lineitem.l_shipdate))"],"Workers": [],"Plans": [{"Node Type": "Sort","Parent Relationship": "Outer","Parallel Aware": false,"Async Capable": false,"Startup Cost": 71556.39,"Total Cost": 71562.53,"Plan Rows": 2455,"Plan Width": 252,"Actual Startup Time": 925.302,"Actual Total Time": 925.422,"Actual Rows": 1971,"Actual Loops": 3,"Sort Key": ["n1.n_name", "n2.n_name", "(EXTRACT(year FROM lineitem.l_shipdate))"],"Sort Method": "quicksort","Sort Space Used": 268,"Sort Space Type": "Memory","Workers": [{"Worker Number": 0,"Sort Method": "quicksort","Sort Space Used": 259,"Sort Space Type": "Memory"},{"Worker Number": 1,"Sort Method": "quicksort","Sort Space Used": 266,"Sort Space Type": "Memory"}],"Plans": [{"Node Type": "Hash Join","Parent Relationship": "Outer","Parallel Aware": false,"Async Capable": false,"Join Type": "Inner","Startup Cost": 366.16,"Total Cost": 71418.15,"Plan Rows": 2455,"Plan Width": 252,"Actual Startup Time": 11.865,"Actual Total Time": 923.459,"Actual Rows": 1971,"Actual Loops": 3,"Inner Unique": false,"Hash Cond": "(lineitem.l_suppkey = supplier.s_suppkey)","Join Filter": "(((n1.n_name = 'ROMANIA'::bpchar) AND (n2.n_name = 'CHINA'::bpchar)) OR ((n1.n_name = 'CHINA'::bpchar) AND (n2.n_name = 'ROMANIA'::bpchar)))","Rows Removed by Join Filter": 1969,"Workers": [],"Plans": [{"Node Type": "Nested Loop","Parent Relationship": "Outer","Parallel Aware": false,"Async Capable": false,"Join Type": "Inner","Startup Cost": 2.26,"Total Cost": 70727.78,"Plan Rows": 60250,"Plan Width": 124,"Actual Startup Time": 1.026,"Actual Total Time": 905.595,"Actual Rows": 49315,"Actual Loops": 3,"Inner Unique": false,"Workers": [],"Plans": [{"Node Type": "Nested Loop","Parent Relationship": "Outer","Parallel Aware": false,"Async Capable": false,"Join Type": "Inner","Startup Cost": 1.83,"Total Cost": 12400.01,"Plan Rows": 49000,"Plan Width": 108,"Actual Startup Time": 0.360,"Actual Total Time": 224.491,"Actual Rows": 40599,"Actual Loops": 3,"Inner Unique": false,"Workers": [],"Plans": [{"Node Type": "Hash Join","Parent Relationship": "Outer","Parallel Aware": false,"Async Capable": false,"Join Type": "Inner","Startup Cost": 1.40,"Total Cost": 4403.27,"Plan Rows": 4900,"Plan Width": 108,"Actual Startup Time": 0.231,"Actual Total Time": 44.104,"Actual Rows": 4041,"Actual Loops": 3,"Inner Unique": true,"Hash Cond": "(customer.c_nationkey = n2.n_nationkey)","Workers": [],"Plans": [{"Node Type": "Seq Scan","Parent Relationship": "Outer","Parallel Aware": true,"Async Capable": false,"Relation Name": "customer","Alias": "customer","Startup Cost": 0.00,"Total Cost": 4210.00,"Plan Rows": 62500,"Plan Width": 8,"Actual Startup Time": 0.017,"Actual Total Time": 9.049,"Actual Rows": 50000,"Actual Loops": 3,"Workers": []},{"Node Type": "Hash","Parent Relationship": "Inner","Parallel Aware": false,"Async Capable": false,"Startup Cost": 1.38,"Total Cost": 1.38,"Plan Rows": 2,"Plan Width": 108,"Actual Startup Time": 0.107,"Actual Total Time": 0.113,"Actual Rows": 2,"Actual Loops": 3,"Hash Buckets": 1024,"Original Hash Buckets": 1024,"Hash Batches": 1,"Original Hash Batches": 1,"Peak Memory Usage": 9,"Workers": [],"Plans": [{"Node Type": "Seq Scan","Parent Relationship": "Outer","Parallel Aware": false,"Async Capable": false,"Relation Name": "nation","Alias": "n2","Startup Cost": 0.00,"Total Cost": 1.38,"Plan Rows": 2,"Plan Width": 108,"Actual Startup Time": 0.086,"Actual Total Time": 0.090,"Actual Rows": 2,"Actual Loops": 3,"Filter": "((n_name = 'CHINA'::bpchar) OR (n_name = 'ROMANIA'::bpchar))","Rows Removed by Filter": 23,"Workers": []}]}]},{"Node Type": "Index Scan","Parent Relationship": "Inner","Parallel Aware": false,"Async Capable": false,"Scan Direction": "Forward","Index Name": "idx_orders_custkey","Relation Name": "orders","Alias": "orders","Startup Cost": 0.43,"Total Cost": 1.46,"Plan Rows": 17,"Plan Width": 8,"Actual Startup Time": 0.007,"Actual Total Time": 0.043,"Actual Rows": 10,"Actual Loops": 12124,"Index Cond": "(o_custkey = customer.c_custkey)","Rows Removed by Index Recheck": 0,"Workers": []}]},{"Node Type": "Index Scan","Parent Relationship": "Inner","Parallel Aware": false,"Async Capable": false,"Scan Direction": "Forward","Index Name": "idx_lineitem_orderkey","Relation Name": "lineitem","Alias": "lineitem","Startup Cost": 0.43,"Total Cost": 1.14,"Plan Rows": 5,"Plan Width": 24,"Actual Startup Time": 0.016,"Actual Total Time": 0.017,"Actual Rows": 1,"Actual Loops": 121796,"Index Cond": "(l_orderkey = orders.o_orderkey)","Rows Removed by Index Recheck": 0,"Filter": "((l_shipdate >= '1995-01-01'::date) AND (l_shipdate <= '1996-12-31'::date))","Rows Removed by Filter": 3,"Workers": []}]},{"Node Type": "Hash","Parent Relationship": "Inner","Parallel Aware": false,"Async Capable": false,"Startup Cost": 354.10,"Total Cost": 354.10,"Plan Rows": 784,"Plan Width": 108,"Actual Startup Time": 10.626,"Actual Total Time": 10.640,"Actual Rows": 805,"Actual Loops": 3,"Hash Buckets": 1024,"Original Hash Buckets": 1024,"Hash Batches": 1,"Original Hash Batches": 1,"Peak Memory Usage": 57,"Workers": [],"Plans": [{"Node Type": "Hash Join","Parent Relationship": "Outer","Parallel Aware": false,"Async Capable": false,"Join Type": "Inner","Startup Cost": 1.40,"Total Cost": 354.10,"Plan Rows": 784,"Plan Width": 108,"Actual Startup Time": 0.095,"Actual Total Time": 10.434,"Actual Rows": 805,"Actual Loops": 3,"Inner Unique": true,"Hash Cond": "(supplier.s_nationkey = n1.n_nationkey)","Workers": [],"Plans": [{"Node Type": "Seq Scan","Parent Relationship": "Outer","Parallel Aware": false,"Async Capable": false,"Relation Name": "supplier","Alias": "supplier","Startup Cost": 0.00,"Total Cost": 322.00,"Plan Rows": 10000,"Plan Width": 8,"Actual Startup Time": 0.033,"Actual Total Time": 4.133,"Actual Rows": 10000,"Actual Loops": 3,"Workers": []},{"Node Type": "Hash","Parent Relationship": "Inner","Parallel Aware": false,"Async Capable": false,"Startup Cost": 1.38,"Total Cost": 1.38,"Plan Rows": 2,"Plan Width": 108,"Actual Startup Time": 0.020,"Actual Total Time": 0.024,"Actual Rows": 2,"Actual Loops": 3,"Hash Buckets": 1024,"Original Hash Buckets": 1024,"Hash Batches": 1,"Original Hash Batches": 1,"Peak Memory Usage": 9,"Workers": [],"Plans": [{"Node Type": "Seq Scan","Parent Relationship": "Outer","Parallel Aware": false,"Async Capable": false,"Relation Name": "nation","Alias": "n1","Startup Cost": 0.00,"Total Cost": 1.38,"Plan Rows": 2,"Plan Width": 108,"Actual Startup Time": 0.011,"Actual Total Time": 0.014,"Actual Rows": 2,"Actual Loops": 3,"Filter": "((n_name = 'ROMANIA'::bpchar) OR (n_name = 'CHINA'::bpchar))","Rows Removed by Filter": 23,"Workers": []}]}]}]}]}]}]}]}]},"Planning Time": 7.612,"Triggers": [],"Execution Time": 978.690}]
[{"Plan": {"Node Type": "Aggregate","Strategy": "Sorted","Partial Mode": "Finalize","Parallel Aware": false,"Async Capable": false,"Startup Cost": 72556.41,"Total Cost": 73352.71,"Plan Rows": 5893,"Plan Width": 272,"Actual Startup Time": 919.021,"Actual Total Time": 964.325,"Actual Rows": 4,"Actual Loops": 1,"Group Key": ["n1.n_name", "n2.n_name", "(EXTRACT(year FROM lineitem.l_shipdate))"],"Plans": [{"Node Type": "Gather Merge","Parent Relationship": "Outer","Parallel Aware": false,"Async Capable": false,"Startup Cost": 72556.41,"Total Cost": 73202.94,"Plan Rows": 4910,"Plan Width": 272,"Actual Startup Time": 918.719,"Actual Total Time": 964.219,"Actual Rows": 12,"Actual Loops": 1,"Workers Planned": 2,"Workers Launched": 2,"Plans": [{"Node Type": "Aggregate","Strategy": "Sorted","Partial Mode": "Partial","Parent Relationship": "Outer","Parallel Aware": false,"Async Capable": false,"Startup Cost": 71556.39,"Total Cost": 71636.18,"Plan Rows": 2455,"Plan Width": 272,"Actual Startup Time": 911.015,"Actual Total Time": 911.674,"Actual Rows": 4,"Actual Loops": 3,"Group Key": ["n1.n_name", "n2.n_name", "(EXTRACT(year FROM lineitem.l_shipdate))"],"Workers": [],"Plans": [{"Node Type": "Sort","Parent Relationship": "Outer","Parallel Aware": false,"Async Capable": false,"Startup Cost": 71556.39,"Total Cost": 71562.53,"Plan Rows": 2455,"Plan Width": 252,"Actual Startup Time": 910.767,"Actual Total Time": 910.871,"Actual Rows": 1881,"Actual Loops": 3,"Sort Key": ["n1.n_name", "n2.n_name", "(EXTRACT(year FROM lineitem.l_shipdate))"],"Sort Method": "quicksort","Sort Space Used": 264,"Sort Space Type": "Memory","Workers": [{"Worker Number": 0,"Sort Method": "quicksort","Sort Space Used": 249,"Sort Space Type": "Memory"},{"Worker Number": 1,"Sort Method": "quicksort","Sort Space Used": 249,"Sort Space Type": "Memory"}],"Plans": [{"Node Type": "Hash Join","Parent Relationship": "Outer","Parallel Aware": false,"Async Capable": false,"Join Type": "Inner","Startup Cost": 366.16,"Total Cost": 71418.15,"Plan Rows": 2455,"Plan Width": 252,"Actual Startup Time": 13.752,"Actual Total Time": 908.971,"Actual Rows": 1881,"Actual Loops": 3,"Inner Unique": false,"Hash Cond": "(lineitem.l_suppkey = supplier.s_suppkey)","Join Filter": "(((n1.n_name = 'JAPAN'::bpchar) AND (n2.n_name = 'UNITED STATES'::bpchar)) OR ((n1.n_name = 'UNITED STATES'::bpchar) AND (n2.n_name = 'JAPAN'::bpchar)))","Rows Removed by Join Filter": 1872,"Workers": [],"Plans": [{"Node Type": "Nested Loop","Parent Relationship": "Outer","Parallel Aware": false,"Async Capable": false,"Join Type": "Inner","Startup Cost": 2.26,"Total Cost": 70727.78,"Plan Rows": 60250,"Plan Width": 124,"Actual Startup Time": 0.571,"Actual Total Time": 890.512,"Actual Rows": 48431,"Actual Loops": 3,"Inner Unique": false,"Workers": [],"Plans": [{"Node Type": "Nested Loop","Parent Relationship": "Outer","Parallel Aware": false,"Async Capable": false,"Join Type": "Inner","Startup Cost": 1.83,"Total Cost": 12400.01,"Plan Rows": 49000,"Plan Width": 108,"Actual Startup Time": 0.343,"Actual Total Time": 220.899,"Actual Rows": 39775,"Actual Loops": 3,"Inner Unique": false,"Workers": [],"Plans": [{"Node Type": "Hash Join","Parent Relationship": "Outer","Parallel Aware": false,"Async Capable": false,"Join Type": "Inner","Startup Cost": 1.40,"Total Cost": 4403.27,"Plan Rows": 4900,"Plan Width": 108,"Actual Startup Time": 0.212,"Actual Total Time": 43.364,"Actual Rows": 3977,"Actual Loops": 3,"Inner Unique": true,"Hash Cond": "(customer.c_nationkey = n2.n_nationkey)","Workers": [],"Plans": [{"Node Type": "Seq Scan","Parent Relationship": "Outer","Parallel Aware": true,"Async Capable": false,"Relation Name": "customer","Alias": "customer","Startup Cost": 0.00,"Total Cost": 4210.00,"Plan Rows": 62500,"Plan Width": 8,"Actual Startup Time": 0.018,"Actual Total Time": 9.061,"Actual Rows": 50000,"Actual Loops": 3,"Workers": []},{"Node Type": "Hash","Parent Relationship": "Inner","Parallel Aware": false,"Async Capable": false,"Startup Cost": 1.38,"Total Cost": 1.38,"Plan Rows": 2,"Plan Width": 108,"Actual Startup Time": 0.097,"Actual Total Time": 0.104,"Actual Rows": 2,"Actual Loops": 3,"Hash Buckets": 1024,"Original Hash Buckets": 1024,"Hash Batches": 1,"Original Hash Batches": 1,"Peak Memory Usage": 9,"Workers": [],"Plans": [{"Node Type": "Seq Scan","Parent Relationship": "Outer","Parallel Aware": false,"Async Capable": false,"Relation Name": "nation","Alias": "n2","Startup Cost": 0.00,"Total Cost": 1.38,"Plan Rows": 2,"Plan Width": 108,"Actual Startup Time": 0.076,"Actual Total Time": 0.082,"Actual Rows": 2,"Actual Loops": 3,"Filter": "((n_name = 'UNITED STATES'::bpchar) OR (n_name = 'JAPAN'::bpchar))","Rows Removed by Filter": 23,"Workers": []}]}]},{"Node Type": "Index Scan","Parent Relationship": "Inner","Parallel Aware": false,"Async Capable": false,"Scan Direction": "Forward","Index Name": "idx_orders_custkey","Relation Name": "orders","Alias": "orders","Startup Cost": 0.43,"Total Cost": 1.46,"Plan Rows": 17,"Plan Width": 8,"Actual Startup Time": 0.007,"Actual Total Time": 0.043,"Actual Rows": 10,"Actual Loops": 11931,"Index Cond": "(o_custkey = customer.c_custkey)","Rows Removed by Index Recheck": 0,"Workers": []}]},{"Node Type": "Index Scan","Parent Relationship": "Inner","Parallel Aware": false,"Async Capable": false,"Scan Direction": "Forward","Index Name": "idx_lineitem_orderkey","Relation Name": "lineitem","Alias": "lineitem","Startup Cost": 0.43,"Total Cost": 1.14,"Plan Rows": 5,"Plan Width": 24,"Actual Startup Time": 0.016,"Actual Total Time": 0.017,"Actual Rows": 1,"Actual Loops": 119326,"Index Cond": "(l_orderkey = orders.o_orderkey)","Rows Removed by Index Recheck": 0,"Filter": "((l_shipdate >= '1995-01-01'::date) AND (l_shipdate <= '1996-12-31'::date))","Rows Removed by Filter": 3,"Workers": []}]},{"Node Type": "Hash","Parent Relationship": "Inner","Parallel Aware": false,"Async Capable": false,"Startup Cost": 354.10,"Total Cost": 354.10,"Plan Rows": 784,"Plan Width": 108,"Actual Startup Time": 11.599,"Actual Total Time": 11.616,"Actual Rows": 770,"Actual Loops": 3,"Hash Buckets": 1024,"Original Hash Buckets": 1024,"Hash Batches": 1,"Original Hash Batches": 1,"Peak Memory Usage": 55,"Workers": [],"Plans": [{"Node Type": "Hash Join","Parent Relationship": "Outer","Parallel Aware": false,"Async Capable": false,"Join Type": "Inner","Startup Cost": 1.40,"Total Cost": 354.10,"Plan Rows": 784,"Plan Width": 108,"Actual Startup Time": 0.101,"Actual Total Time": 11.409,"Actual Rows": 770,"Actual Loops": 3,"Inner Unique": true,"Hash Cond": "(supplier.s_nationkey = n1.n_nationkey)","Workers": [],"Plans": [{"Node Type": "Seq Scan","Parent Relationship": "Outer","Parallel Aware": false,"Async Capable": false,"Relation Name": "supplier","Alias": "supplier","Startup Cost": 0.00,"Total Cost": 322.00,"Plan Rows": 10000,"Plan Width": 8,"Actual Startup Time": 0.034,"Actual Total Time": 4.707,"Actual Rows": 10000,"Actual Loops": 3,"Workers": []},{"Node Type": "Hash","Parent Relationship": "Inner","Parallel Aware": false,"Async Capable": false,"Startup Cost": 1.38,"Total Cost": 1.38,"Plan Rows": 2,"Plan Width": 108,"Actual Startup Time": 0.022,"Actual Total Time": 0.028,"Actual Rows": 2,"Actual Loops": 3,"Hash Buckets": 1024,"Original Hash Buckets": 1024,"Hash Batches": 1,"Original Hash Batches": 1,"Peak Memory Usage": 9,"Workers": [],"Plans": [{"Node Type": "Seq Scan","Parent Relationship": "Outer","Parallel Aware": false,"Async Capable": false,"Relation Name": "nation","Alias": "n1","Startup Cost": 0.00,"Total Cost": 1.38,"Plan Rows": 2,"Plan Width": 108,"Actual Startup Time": 0.009,"Actual Total Time": 0.015,"Actual Rows": 2,"Actual Loops": 3,"Filter": "((n_name = 'JAPAN'::bpchar) OR (n_name = 'UNITED STATES'::bpchar))","Rows Removed by Filter": 23,"Workers": []}]}]}]}]}]}]}]}]},"Planning Time": 7.866,"Triggers": [],"Execution Time": 964.817}]
[{"Plan": {"Node Type": "Aggregate","Strategy": "Sorted","Partial Mode": "Finalize","Parallel Aware": false,"Async Capable": false,"Startup Cost": 72556.41,"Total Cost": 73352.71,"Plan Rows": 5893,"Plan Width": 272,"Actual Startup Time": 924.170,"Actual Total Time": 969.244,"Actual Rows": 4,"Actual Loops": 1,"Group Key": ["n1.n_name", "n2.n_name", "(EXTRACT(year FROM lineitem.l_shipdate))"],"Plans": [{"Node Type": "Gather Merge","Parent Relationship": "Outer","Parallel Aware": false,"Async Capable": false,"Startup Cost": 72556.41,"Total Cost": 73202.94,"Plan Rows": 4910,"Plan Width": 272,"Actual Startup Time": 923.399,"Actual Total Time": 969.176,"Actual Rows": 12,"Actual Loops": 1,"Workers Planned": 2,"Workers Launched": 2,"Plans": [{"Node Type": "Aggregate","Strategy": "Sorted","Partial Mode": "Partial","Parent Relationship": "Outer","Parallel Aware": false,"Async Capable": false,"Startup Cost": 71556.39,"Total Cost": 71636.18,"Plan Rows": 2455,"Plan Width": 272,"Actual Startup Time": 915.297,"Actual Total Time": 916.196,"Actual Rows": 4,"Actual Loops": 3,"Group Key": ["n1.n_name", "n2.n_name", "(EXTRACT(year FROM lineitem.l_shipdate))"],"Workers": [],"Plans": [{"Node Type": "Sort","Parent Relationship": "Outer","Parallel Aware": false,"Async Capable": false,"Startup Cost": 71556.39,"Total Cost": 71562.53,"Plan Rows": 2455,"Plan Width": 252,"Actual Startup Time": 915.009,"Actual Total Time": 915.122,"Actual Rows": 2023,"Actual Loops": 3,"Sort Key": ["n1.n_name", "n2.n_name", "(EXTRACT(year FROM lineitem.l_shipdate))"],"Sort Method": "quicksort","Sort Space Used": 332,"Sort Space Type": "Memory","Workers": [{"Worker Number": 0,"Sort Method": "quicksort","Sort Space Used": 269,"Sort Space Type": "Memory"},{"Worker Number": 1,"Sort Method": "quicksort","Sort Space Used": 256,"Sort Space Type": "Memory"}],"Plans": [{"Node Type": "Hash Join","Parent Relationship": "Outer","Parallel Aware": false,"Async Capable": false,"Join Type": "Inner","Startup Cost": 366.16,"Total Cost": 71418.15,"Plan Rows": 2455,"Plan Width": 252,"Actual Startup Time": 12.370,"Actual Total Time": 913.126,"Actual Rows": 2023,"Actual Loops": 3,"Inner Unique": false,"Hash Cond": "(lineitem.l_suppkey = supplier.s_suppkey)","Join Filter": "(((n1.n_name = 'CHINA'::bpchar) AND (n2.n_name = 'ALGERIA'::bpchar)) OR ((n1.n_name = 'ALGERIA'::bpchar) AND (n2.n_name = 'CHINA'::bpchar)))","Rows Removed by Join Filter": 2012,"Workers": [],"Plans": [{"Node Type": "Nested Loop","Parent Relationship": "Outer","Parallel Aware": false,"Async Capable": false,"Join Type": "Inner","Startup Cost": 2.26,"Total Cost": 70727.78,"Plan Rows": 60250,"Plan Width": 124,"Actual Startup Time": 0.655,"Actual Total Time": 894.807,"Actual Rows": 48778,"Actual Loops": 3,"Inner Unique": false,"Workers": [],"Plans": [{"Node Type": "Nested Loop","Parent Relationship": "Outer","Parallel Aware": false,"Async Capable": false,"Join Type": "Inner","Startup Cost": 1.83,"Total Cost": 12400.01,"Plan Rows": 49000,"Plan Width": 108,"Actual Startup Time": 0.280,"Actual Total Time": 221.521,"Actual Rows": 40135,"Actual Loops": 3,"Inner Unique": false,"Workers": [],"Plans": [{"Node Type": "Hash Join","Parent Relationship": "Outer","Parallel Aware": false,"Async Capable": false,"Join Type": "Inner","Startup Cost": 1.40,"Total Cost": 4403.27,"Plan Rows": 4900,"Plan Width": 108,"Actual Startup Time": 0.166,"Actual Total Time": 43.950,"Actual Rows": 3983,"Actual Loops": 3,"Inner Unique": true,"Hash Cond": "(customer.c_nationkey = n2.n_nationkey)","Workers": [],"Plans": [{"Node Type": "Seq Scan","Parent Relationship": "Outer","Parallel Aware": true,"Async Capable": false,"Relation Name": "customer","Alias": "customer","Startup Cost": 0.00,"Total Cost": 4210.00,"Plan Rows": 62500,"Plan Width": 8,"Actual Startup Time": 0.008,"Actual Total Time": 9.045,"Actual Rows": 50000,"Actual Loops": 3,"Workers": []},{"Node Type": "Hash","Parent Relationship": "Inner","Parallel Aware": false,"Async Capable": false,"Startup Cost": 1.38,"Total Cost": 1.38,"Plan Rows": 2,"Plan Width": 108,"Actual Startup Time": 0.076,"Actual Total Time": 0.080,"Actual Rows": 2,"Actual Loops": 3,"Hash Buckets": 1024,"Original Hash Buckets": 1024,"Hash Batches": 1,"Original Hash Batches": 1,"Peak Memory Usage": 9,"Workers": [],"Plans": [{"Node Type": "Seq Scan","Parent Relationship": "Outer","Parallel Aware": false,"Async Capable": false,"Relation Name": "nation","Alias": "n2","Startup Cost": 0.00,"Total Cost": 1.38,"Plan Rows": 2,"Plan Width": 108,"Actual Startup Time": 0.058,"Actual Total Time": 0.067,"Actual Rows": 2,"Actual Loops": 3,"Filter": "((n_name = 'ALGERIA'::bpchar) OR (n_name = 'CHINA'::bpchar))","Rows Removed by Filter": 23,"Workers": []}]}]},{"Node Type": "Index Scan","Parent Relationship": "Inner","Parallel Aware": false,"Async Capable": false,"Scan Direction": "Forward","Index Name": "idx_orders_custkey","Relation Name": "orders","Alias": "orders","Startup Cost": 0.43,"Total Cost": 1.46,"Plan Rows": 17,"Plan Width": 8,"Actual Startup Time": 0.007,"Actual Total Time": 0.043,"Actual Rows": 10,"Actual Loops": 11949,"Index Cond": "(o_custkey = customer.c_custkey)","Rows Removed by Index Recheck": 0,"Workers": []}]},{"Node Type": "Index Scan","Parent Relationship": "Inner","Parallel Aware": false,"Async Capable": false,"Scan Direction": "Forward","Index Name": "idx_lineitem_orderkey","Relation Name": "lineitem","Alias": "lineitem","Startup Cost": 0.43,"Total Cost": 1.14,"Plan Rows": 5,"Plan Width": 24,"Actual Startup Time": 0.016,"Actual Total Time": 0.017,"Actual Rows": 1,"Actual Loops": 120406,"Index Cond": "(l_orderkey = orders.o_orderkey)","Rows Removed by Index Recheck": 0,"Filter": "((l_shipdate >= '1995-01-01'::date) AND (l_shipdate <= '1996-12-31'::date))","Rows Removed by Filter": 3,"Workers": []}]},{"Node Type": "Hash","Parent Relationship": "Inner","Parallel Aware": false,"Async Capable": false,"Startup Cost": 354.10,"Total Cost": 354.10,"Plan Rows": 784,"Plan Width": 108,"Actual Startup Time": 10.934,"Actual Total Time": 10.943,"Actual Rows": 827,"Actual Loops": 3,"Hash Buckets": 1024,"Original Hash Buckets": 1024,"Hash Batches": 1,"Original Hash Batches": 1,"Peak Memory Usage": 59,"Workers": [],"Plans": [{"Node Type": "Hash Join","Parent Relationship": "Outer","Parallel Aware": false,"Async Capable": false,"Join Type": "Inner","Startup Cost": 1.40,"Total Cost": 354.10,"Plan Rows": 784,"Plan Width": 108,"Actual Startup Time": 0.076,"Actual Total Time": 10.712,"Actual Rows": 827,"Actual Loops": 3,"Inner Unique": true,"Hash Cond": "(supplier.s_nationkey = n1.n_nationkey)","Workers": [],"Plans": [{"Node Type": "Seq Scan","Parent Relationship": "Outer","Parallel Aware": false,"Async Capable": false,"Relation Name": "supplier","Alias": "supplier","Startup Cost": 0.00,"Total Cost": 322.00,"Plan Rows": 10000,"Plan Width": 8,"Actual Startup Time": 0.028,"Actual Total Time": 4.301,"Actual Rows": 10000,"Actual Loops": 3,"Workers": []},{"Node Type": "Hash","Parent Relationship": "Inner","Parallel Aware": false,"Async Capable": false,"Startup Cost": 1.38,"Total Cost": 1.38,"Plan Rows": 2,"Plan Width": 108,"Actual Startup Time": 0.014,"Actual Total Time": 0.018,"Actual Rows": 2,"Actual Loops": 3,"Hash Buckets": 1024,"Original Hash Buckets": 1024,"Hash Batches": 1,"Original Hash Batches": 1,"Peak Memory Usage": 9,"Workers": [],"Plans": [{"Node Type": "Seq Scan","Parent Relationship": "Outer","Parallel Aware": false,"Async Capable": false,"Relation Name": "nation","Alias": "n1","Startup Cost": 0.00,"Total Cost": 1.38,"Plan Rows": 2,"Plan Width": 108,"Actual Startup Time": 0.004,"Actual Total Time": 0.010,"Actual Rows": 2,"Actual Loops": 3,"Filter": "((n_name = 'CHINA'::bpchar) OR (n_name = 'ALGERIA'::bpchar))","Rows Removed by Filter": 23,"Workers": []}]}]}]}]}]}]}]}]},"Planning Time": 9.582,"Triggers": [],"Execution Time": 969.614}]
[{"Plan": {"Node Type": "Aggregate","Strategy": "Sorted","Partial Mode": "Finalize","Parallel Aware": false,"Async Capable": false,"Startup Cost": 72556.41,"Total Cost": 73352.71,"Plan Rows": 5893,"Plan Width": 272,"Actual Startup Time": 928.307,"Actual Total Time": 977.822,"Actual Rows": 4,"Actual Loops": 1,"Group Key": ["n1.n_name", "n2.n_name", "(EXTRACT(year FROM lineitem.l_shipdate))"],"Plans": [{"Node Type": "Gather Merge","Parent Relationship": "Outer","Parallel Aware": false,"Async Capable": false,"Startup Cost": 72556.41,"Total Cost": 73202.94,"Plan Rows": 4910,"Plan Width": 272,"Actual Startup Time": 927.983,"Actual Total Time": 977.730,"Actual Rows": 12,"Actual Loops": 1,"Workers Planned": 2,"Workers Launched": 2,"Plans": [{"Node Type": "Aggregate","Strategy": "Sorted","Partial Mode": "Partial","Parent Relationship": "Outer","Parallel Aware": false,"Async Capable": false,"Startup Cost": 71556.39,"Total Cost": 71636.18,"Plan Rows": 2455,"Plan Width": 272,"Actual Startup Time": 919.524,"Actual Total Time": 920.274,"Actual Rows": 4,"Actual Loops": 3,"Group Key": ["n1.n_name", "n2.n_name", "(EXTRACT(year FROM lineitem.l_shipdate))"],"Workers": [],"Plans": [{"Node Type": "Sort","Parent Relationship": "Outer","Parallel Aware": false,"Async Capable": false,"Startup Cost": 71556.39,"Total Cost": 71562.53,"Plan Rows": 2455,"Plan Width": 252,"Actual Startup Time": 919.264,"Actual Total Time": 919.372,"Actual Rows": 2032,"Actual Loops": 3,"Sort Key": ["n1.n_name", "n2.n_name", "(EXTRACT(year FROM lineitem.l_shipdate))"],"Sort Method": "quicksort","Sort Space Used": 324,"Sort Space Type": "Memory","Workers": [{"Worker Number": 0,"Sort Method": "quicksort","Sort Space Used": 321,"Sort Space Type": "Memory"},{"Worker Number": 1,"Sort Method": "quicksort","Sort Space Used": 263,"Sort Space Type": "Memory"}],"Plans": [{"Node Type": "Hash Join","Parent Relationship": "Outer","Parallel Aware": false,"Async Capable": false,"Join Type": "Inner","Startup Cost": 366.16,"Total Cost": 71418.15,"Plan Rows": 2455,"Plan Width": 252,"Actual Startup Time": 8.757,"Actual Total Time": 917.213,"Actual Rows": 2032,"Actual Loops": 3,"Inner Unique": false,"Hash Cond": "(lineitem.l_suppkey = supplier.s_suppkey)","Join Filter": "(((n1.n_name = 'PERU'::bpchar) AND (n2.n_name = 'CANADA'::bpchar)) OR ((n1.n_name = 'CANADA'::bpchar) AND (n2.n_name = 'PERU'::bpchar)))","Rows Removed by Join Filter": 2038,"Workers": [],"Plans": [{"Node Type": "Nested Loop","Parent Relationship": "Outer","Parallel Aware": false,"Async Capable": false,"Join Type": "Inner","Startup Cost": 2.26,"Total Cost": 70727.78,"Plan Rows": 60250,"Plan Width": 124,"Actual Startup Time": 0.831,"Actual Total Time": 902.471,"Actual Rows": 48565,"Actual Loops": 3,"Inner Unique": false,"Workers": [],"Plans": [{"Node Type": "Nested Loop","Parent Relationship": "Outer","Parallel Aware": false,"Async Capable": false,"Join Type": "Inner","Startup Cost": 1.83,"Total Cost": 12400.01,"Plan Rows": 49000,"Plan Width": 108,"Actual Startup Time": 0.374,"Actual Total Time": 228.309,"Actual Rows": 39833,"Actual Loops": 3,"Inner Unique": false,"Workers": [],"Plans": [{"Node Type": "Hash Join","Parent Relationship": "Outer","Parallel Aware": false,"Async Capable": false,"Join Type": "Inner","Startup Cost": 1.40,"Total Cost": 4403.27,"Plan Rows": 4900,"Plan Width": 108,"Actual Startup Time": 0.223,"Actual Total Time": 48.813,"Actual Rows": 3998,"Actual Loops": 3,"Inner Unique": true,"Hash Cond": "(customer.c_nationkey = n2.n_nationkey)","Workers": [],"Plans": [{"Node Type": "Seq Scan","Parent Relationship": "Outer","Parallel Aware": true,"Async Capable": false,"Relation Name": "customer","Alias": "customer","Startup Cost": 0.00,"Total Cost": 4210.00,"Plan Rows": 62500,"Plan Width": 8,"Actual Startup Time": 0.016,"Actual Total Time": 9.652,"Actual Rows": 50000,"Actual Loops": 3,"Workers": []},{"Node Type": "Hash","Parent Relationship": "Inner","Parallel Aware": false,"Async Capable": false,"Startup Cost": 1.38,"Total Cost": 1.38,"Plan Rows": 2,"Plan Width": 108,"Actual Startup Time": 0.082,"Actual Total Time": 0.087,"Actual Rows": 2,"Actual Loops": 3,"Hash Buckets": 1024,"Original Hash Buckets": 1024,"Hash Batches": 1,"Original Hash Batches": 1,"Peak Memory Usage": 9,"Workers": [],"Plans": [{"Node Type": "Seq Scan","Parent Relationship": "Outer","Parallel Aware": false,"Async Capable": false,"Relation Name": "nation","Alias": "n2","Startup Cost": 0.00,"Total Cost": 1.38,"Plan Rows": 2,"Plan Width": 108,"Actual Startup Time": 0.055,"Actual Total Time": 0.064,"Actual Rows": 2,"Actual Loops": 3,"Filter": "((n_name = 'CANADA'::bpchar) OR (n_name = 'PERU'::bpchar))","Rows Removed by Filter": 23,"Workers": []}]}]},{"Node Type": "Index Scan","Parent Relationship": "Inner","Parallel Aware": false,"Async Capable": false,"Scan Direction": "Forward","Index Name": "idx_orders_custkey","Relation Name": "orders","Alias": "orders","Startup Cost": 0.43,"Total Cost": 1.46,"Plan Rows": 17,"Plan Width": 8,"Actual Startup Time": 0.007,"Actual Total Time": 0.044,"Actual Rows": 10,"Actual Loops": 11995,"Index Cond": "(o_custkey = customer.c_custkey)","Rows Removed by Index Recheck": 0,"Workers": []}]},{"Node Type": "Index Scan","Parent Relationship": "Inner","Parallel Aware": false,"Async Capable": false,"Scan Direction": "Forward","Index Name": "idx_lineitem_orderkey","Relation Name": "lineitem","Alias": "lineitem","Startup Cost": 0.43,"Total Cost": 1.14,"Plan Rows": 5,"Plan Width": 24,"Actual Startup Time": 0.016,"Actual Total Time": 0.017,"Actual Rows": 1,"Actual Loops": 119498,"Index Cond": "(l_orderkey = orders.o_orderkey)","Rows Removed by Index Recheck": 0,"Filter": "((l_shipdate >= '1995-01-01'::date) AND (l_shipdate <= '1996-12-31'::date))","Rows Removed by Filter": 3,"Workers": []}]},{"Node Type": "Hash","Parent Relationship": "Inner","Parallel Aware": false,"Async Capable": false,"Startup Cost": 354.10,"Total Cost": 354.10,"Plan Rows": 784,"Plan Width": 108,"Actual Startup Time": 7.312,"Actual Total Time": 7.329,"Actual Rows": 833,"Actual Loops": 3,"Hash Buckets": 1024,"Original Hash Buckets": 1024,"Hash Batches": 1,"Original Hash Batches": 1,"Peak Memory Usage": 59,"Workers": [],"Plans": [{"Node Type": "Hash Join","Parent Relationship": "Outer","Parallel Aware": false,"Async Capable": false,"Join Type": "Inner","Startup Cost": 1.40,"Total Cost": 354.10,"Plan Rows": 784,"Plan Width": 108,"Actual Startup Time": 0.061,"Actual Total Time": 7.149,"Actual Rows": 833,"Actual Loops": 3,"Inner Unique": true,"Hash Cond": "(supplier.s_nationkey = n1.n_nationkey)","Workers": [],"Plans": [{"Node Type": "Seq Scan","Parent Relationship": "Outer","Parallel Aware": false,"Async Capable": false,"Relation Name": "supplier","Alias": "supplier","Startup Cost": 0.00,"Total Cost": 322.00,"Plan Rows": 10000,"Plan Width": 8,"Actual Startup Time": 0.025,"Actual Total Time": 3.386,"Actual Rows": 10000,"Actual Loops": 3,"Workers": []},{"Node Type": "Hash","Parent Relationship": "Inner","Parallel Aware": false,"Async Capable": false,"Startup Cost": 1.38,"Total Cost": 1.38,"Plan Rows": 2,"Plan Width": 108,"Actual Startup Time": 0.011,"Actual Total Time": 0.018,"Actual Rows": 2,"Actual Loops": 3,"Hash Buckets": 1024,"Original Hash Buckets": 1024,"Hash Batches": 1,"Original Hash Batches": 1,"Peak Memory Usage": 9,"Workers": [],"Plans": [{"Node Type": "Seq Scan","Parent Relationship": "Outer","Parallel Aware": false,"Async Capable": false,"Relation Name": "nation","Alias": "n1","Startup Cost": 0.00,"Total Cost": 1.38,"Plan Rows": 2,"Plan Width": 108,"Actual Startup Time": 0.003,"Actual Total Time": 0.008,"Actual Rows": 2,"Actual Loops": 3,"Filter": "((n_name = 'PERU'::bpchar) OR (n_name = 'CANADA'::bpchar))","Rows Removed by Filter": 23,"Workers": []}]}]}]}]}]}]}]}]},"Planning Time": 8.608,"Triggers": [],"Execution Time": 978.247}]
[{"Plan": {"Node Type": "Aggregate","Strategy": "Sorted","Partial Mode": "Finalize","Parallel Aware": false,"Async Capable": false,"Startup Cost": 72556.41,"Total Cost": 73352.71,"Plan Rows": 5893,"Plan Width": 272,"Actual Startup Time": 923.051,"Actual Total Time": 968.616,"Actual Rows": 4,"Actual Loops": 1,"Group Key": ["n1.n_name", "n2.n_name", "(EXTRACT(year FROM lineitem.l_shipdate))"],"Plans": [{"Node Type": "Gather Merge","Parent Relationship": "Outer","Parallel Aware": false,"Async Capable": false,"Startup Cost": 72556.41,"Total Cost": 73202.94,"Plan Rows": 4910,"Plan Width": 272,"Actual Startup Time": 922.243,"Actual Total Time": 968.535,"Actual Rows": 12,"Actual Loops": 1,"Workers Planned": 2,"Workers Launched": 2,"Plans": [{"Node Type": "Aggregate","Strategy": "Sorted","Partial Mode": "Partial","Parent Relationship": "Outer","Parallel Aware": false,"Async Capable": false,"Startup Cost": 71556.39,"Total Cost": 71636.18,"Plan Rows": 2455,"Plan Width": 272,"Actual Startup Time": 913.731,"Actual Total Time": 914.601,"Actual Rows": 4,"Actual Loops": 3,"Group Key": ["n1.n_name", "n2.n_name", "(EXTRACT(year FROM lineitem.l_shipdate))"],"Workers": [],"Plans": [{"Node Type": "Sort","Parent Relationship": "Outer","Parallel Aware": false,"Async Capable": false,"Startup Cost": 71556.39,"Total Cost": 71562.53,"Plan Rows": 2455,"Plan Width": 252,"Actual Startup Time": 913.472,"Actual Total Time": 913.589,"Actual Rows": 1914,"Actual Loops": 3,"Sort Key": ["n1.n_name", "n2.n_name", "(EXTRACT(year FROM lineitem.l_shipdate))"],"Sort Method": "quicksort","Sort Space Used": 258,"Sort Space Type": "Memory","Workers": [{"Worker Number": 0,"Sort Method": "quicksort","Sort Space Used": 251,"Sort Space Type": "Memory"},{"Worker Number": 1,"Sort Method": "quicksort","Sort Space Used": 264,"Sort Space Type": "Memory"}],"Plans": [{"Node Type": "Hash Join","Parent Relationship": "Outer","Parallel Aware": false,"Async Capable": false,"Join Type": "Inner","Startup Cost": 366.16,"Total Cost": 71418.15,"Plan Rows": 2455,"Plan Width": 252,"Actual Startup Time": 9.669,"Actual Total Time": 911.618,"Actual Rows": 1914,"Actual Loops": 3,"Inner Unique": false,"Hash Cond": "(lineitem.l_suppkey = supplier.s_suppkey)","Join Filter": "(((n1.n_name = 'UNITED KINGDOM'::bpchar) AND (n2.n_name = 'UNITED STATES'::bpchar)) OR ((n1.n_name = 'UNITED STATES'::bpchar) AND (n2.n_name = 'UNITED KINGDOM'::bpchar)))","Rows Removed by Join Filter": 1964,"Workers": [],"Plans": [{"Node Type": "Nested Loop","Parent Relationship": "Outer","Parallel Aware": false,"Async Capable": false,"Join Type": "Inner","Startup Cost": 2.26,"Total Cost": 70727.78,"Plan Rows": 60250,"Plan Width": 124,"Actual Startup Time": 0.714,"Actual Total Time": 895.977,"Actual Rows": 48474,"Actual Loops": 3,"Inner Unique": false,"Workers": [],"Plans": [{"Node Type": "Nested Loop","Parent Relationship": "Outer","Parallel Aware": false,"Async Capable": false,"Join Type": "Inner","Startup Cost": 1.83,"Total Cost": 12400.01,"Plan Rows": 49000,"Plan Width": 108,"Actual Startup Time": 0.383,"Actual Total Time": 224.749,"Actual Rows": 39792,"Actual Loops": 3,"Inner Unique": false,"Workers": [],"Plans": [{"Node Type": "Hash Join","Parent Relationship": "Outer","Parallel Aware": false,"Async Capable": false,"Join Type": "Inner","Startup Cost": 1.40,"Total Cost": 4403.27,"Plan Rows": 4900,"Plan Width": 108,"Actual Startup Time": 0.208,"Actual Total Time": 46.119,"Actual Rows": 3998,"Actual Loops": 3,"Inner Unique": true,"Hash Cond": "(customer.c_nationkey = n2.n_nationkey)","Workers": [],"Plans": [{"Node Type": "Seq Scan","Parent Relationship": "Outer","Parallel Aware": true,"Async Capable": false,"Relation Name": "customer","Alias": "customer","Startup Cost": 0.00,"Total Cost": 4210.00,"Plan Rows": 62500,"Plan Width": 8,"Actual Startup Time": 0.019,"Actual Total Time": 9.588,"Actual Rows": 50000,"Actual Loops": 3,"Workers": []},{"Node Type": "Hash","Parent Relationship": "Inner","Parallel Aware": false,"Async Capable": false,"Startup Cost": 1.38,"Total Cost": 1.38,"Plan Rows": 2,"Plan Width": 108,"Actual Startup Time": 0.088,"Actual Total Time": 0.091,"Actual Rows": 2,"Actual Loops": 3,"Hash Buckets": 1024,"Original Hash Buckets": 1024,"Hash Batches": 1,"Original Hash Batches": 1,"Peak Memory Usage": 9,"Workers": [],"Plans": [{"Node Type": "Seq Scan","Parent Relationship": "Outer","Parallel Aware": false,"Async Capable": false,"Relation Name": "nation","Alias": "n2","Startup Cost": 0.00,"Total Cost": 1.38,"Plan Rows": 2,"Plan Width": 108,"Actual Startup Time": 0.066,"Actual Total Time": 0.068,"Actual Rows": 2,"Actual Loops": 3,"Filter": "((n_name = 'UNITED STATES'::bpchar) OR (n_name = 'UNITED KINGDOM'::bpchar))","Rows Removed by Filter": 23,"Workers": []}]}]},{"Node Type": "Index Scan","Parent Relationship": "Inner","Parallel Aware": false,"Async Capable": false,"Scan Direction": "Forward","Index Name": "idx_orders_custkey","Relation Name": "orders","Alias": "orders","Startup Cost": 0.43,"Total Cost": 1.46,"Plan Rows": 17,"Plan Width": 8,"Actual Startup Time": 0.007,"Actual Total Time": 0.043,"Actual Rows": 10,"Actual Loops": 11994,"Index Cond": "(o_custkey = customer.c_custkey)","Rows Removed by Index Recheck": 0,"Workers": []}]},{"Node Type": "Index Scan","Parent Relationship": "Inner","Parallel Aware": false,"Async Capable": false,"Scan Direction": "Forward","Index Name": "idx_lineitem_orderkey","Relation Name": "lineitem","Alias": "lineitem","Startup Cost": 0.43,"Total Cost": 1.14,"Plan Rows": 5,"Plan Width": 24,"Actual Startup Time": 0.016,"Actual Total Time": 0.017,"Actual Rows": 1,"Actual Loops": 119376,"Index Cond": "(l_orderkey = orders.o_orderkey)","Rows Removed by Index Recheck": 0,"Filter": "((l_shipdate >= '1995-01-01'::date) AND (l_shipdate <= '1996-12-31'::date))","Rows Removed by Filter": 3,"Workers": []}]},{"Node Type": "Hash","Parent Relationship": "Inner","Parallel Aware": false,"Async Capable": false,"Startup Cost": 354.10,"Total Cost": 354.10,"Plan Rows": 784,"Plan Width": 108,"Actual Startup Time": 8.027,"Actual Total Time": 8.038,"Actual Rows": 783,"Actual Loops": 3,"Hash Buckets": 1024,"Original Hash Buckets": 1024,"Hash Batches": 1,"Original Hash Batches": 1,"Peak Memory Usage": 56,"Workers": [],"Plans": [{"Node Type": "Hash Join","Parent Relationship": "Outer","Parallel Aware": false,"Async Capable": false,"Join Type": "Inner","Startup Cost": 1.40,"Total Cost": 354.10,"Plan Rows": 784,"Plan Width": 108,"Actual Startup Time": 0.093,"Actual Total Time": 7.834,"Actual Rows": 783,"Actual Loops": 3,"Inner Unique": true,"Hash Cond": "(supplier.s_nationkey = n1.n_nationkey)","Workers": [],"Plans": [{"Node Type": "Seq Scan","Parent Relationship": "Outer","Parallel Aware": false,"Async Capable": false,"Relation Name": "supplier","Alias": "supplier","Startup Cost": 0.00,"Total Cost": 322.00,"Plan Rows": 10000,"Plan Width": 8,"Actual Startup Time": 0.037,"Actual Total Time": 4.248,"Actual Rows": 10000,"Actual Loops": 3,"Workers": []},{"Node Type": "Hash","Parent Relationship": "Inner","Parallel Aware": false,"Async Capable": false,"Startup Cost": 1.38,"Total Cost": 1.38,"Plan Rows": 2,"Plan Width": 108,"Actual Startup Time": 0.021,"Actual Total Time": 0.023,"Actual Rows": 2,"Actual Loops": 3,"Hash Buckets": 1024,"Original Hash Buckets": 1024,"Hash Batches": 1,"Original Hash Batches": 1,"Peak Memory Usage": 9,"Workers": [],"Plans": [{"Node Type": "Seq Scan","Parent Relationship": "Outer","Parallel Aware": false,"Async Capable": false,"Relation Name": "nation","Alias": "n1","Startup Cost": 0.00,"Total Cost": 1.38,"Plan Rows": 2,"Plan Width": 108,"Actual Startup Time": 0.012,"Actual Total Time": 0.013,"Actual Rows": 2,"Actual Loops": 3,"Filter": "((n_name = 'UNITED KINGDOM'::bpchar) OR (n_name = 'UNITED STATES'::bpchar))","Rows Removed by Filter": 23,"Workers": []}]}]}]}]}]}]}]}]},"Planning Time": 8.840,"Triggers": [],"Execution Time": 968.999}]
[{"Plan": {"Node Type": "Aggregate","Strategy": "Sorted","Partial Mode": "Finalize","Parallel Aware": false,"Async Capable": false,"Startup Cost": 72556.41,"Total Cost": 73352.71,"Plan Rows": 5893,"Plan Width": 272,"Actual Startup Time": 919.021,"Actual Total Time": 964.325,"Actual Rows": 4,"Actual Loops": 1,"Group Key": ["n1.n_name", "n2.n_name", "(EXTRACT(year FROM lineitem.l_shipdate))"],"Plans": [{"Node Type": "Gather Merge","Parent Relationship": "Outer","Parallel Aware": false,"Async Capable": false,"Startup Cost": 72556.41,"Total Cost": 73202.94,"Plan Rows": 4910,"Plan Width": 272,"Actual Startup Time": 918.719,"Actual Total Time": 964.219,"Actual Rows": 12,"Actual Loops": 1,"Workers Planned": 2,"Workers Launched": 2,"Plans": [{"Node Type": "Aggregate","Strategy": "Sorted","Partial Mode": "Partial","Parent Relationship": "Outer","Parallel Aware": false,"Async Capable": false,"Startup Cost": 71556.39,"Total Cost": 71636.18,"Plan Rows": 2455,"Plan Width": 272,"Actual Startup Time": 911.015,"Actual Total Time": 911.674,"Actual Rows": 4,"Actual Loops": 3,"Group Key": ["n1.n_name", "n2.n_name", "(EXTRACT(year FROM lineitem.l_shipdate))"],"Workers": [],"Plans": [{"Node Type": "Sort","Parent Relationship": "Outer","Parallel Aware": false,"Async Capable": false,"Startup Cost": 71556.39,"Total Cost": 71562.53,"Plan Rows": 2455,"Plan Width": 252,"Actual Startup Time": 910.767,"Actual Total Time": 910.871,"Actual Rows": 1881,"Actual Loops": 3,"Sort Key": ["n1.n_name", "n2.n_name", "(EXTRACT(year FROM lineitem.l_shipdate))"],"Sort Method": "quicksort","Sort Space Used": 264,"Sort Space Type": "Memory","Workers": [{"Worker Number": 0,"Sort Method": "quicksort","Sort Space Used": 249,"Sort Space Type": "Memory"},{"Worker Number": 1,"Sort Method": "quicksort","Sort Space Used": 249,"Sort Space Type": "Memory"}],"Plans": [{"Node Type": "Hash Join","Parent Relationship": "Outer","Parallel Aware": false,"Async Capable": false,"Join Type": "Inner","Startup Cost": 366.16,"Total Cost": 71418.15,"Plan Rows": 2455,"Plan Width": 252,"Actual Startup Time": 13.752,"Actual Total Time": 908.971,"Actual Rows": 1881,"Actual Loops": 3,"Inner Unique": false,"Hash Cond": "(lineitem.l_suppkey = supplier.s_suppkey)","Join Filter": "(((n1.n_name = 'JAPAN'::bpchar) AND (n2.n_name = 'UNITED STATES'::bpchar)) OR ((n1.n_name = 'UNITED STATES'::bpchar) AND (n2.n_name = 'JAPAN'::bpchar)))","Rows Removed by Join Filter": 1872,"Workers": [],"Plans": [{"Node Type": "Nested Loop","Parent Relationship": "Outer","Parallel Aware": false,"Async Capable": false,"Join Type": "Inner","Startup Cost": 2.26,"Total Cost": 70727.78,"Plan Rows": 60250,"Plan Width": 124,"Actual Startup Time": 0.571,"Actual Total Time": 890.512,"Actual Rows": 48431,"Actual Loops": 3,"Inner Unique": false,"Workers": [],"Plans": [{"Node Type": "Nested Loop","Parent Relationship": "Outer","Parallel Aware": false,"Async Capable": false,"Join Type": "Inner","Startup Cost": 1.83,"Total Cost": 12400.01,"Plan Rows": 49000,"Plan Width": 108,"Actual Startup Time": 0.343,"Actual Total Time": 220.899,"Actual Rows": 39775,"Actual Loops": 3,"Inner Unique": false,"Workers": [],"Plans": [{"Node Type": "Hash Join","Parent Relationship": "Outer","Parallel Aware": false,"Async Capable": false,"Join Type": "Inner","Startup Cost": 1.40,"Total Cost": 4403.27,"Plan Rows": 4900,"Plan Width": 108,"Actual Startup Time": 0.212,"Actual Total Time": 43.364,"Actual Rows": 3977,"Actual Loops": 3,"Inner Unique": true,"Hash Cond": "(customer.c_nationkey = n2.n_nationkey)","Workers": [],"Plans": [{"Node Type": "Seq Scan","Parent Relationship": "Outer","Parallel Aware": true,"Async Capable": false,"Relation Name": "customer","Alias": "customer","Startup Cost": 0.00,"Total Cost": 4210.00,"Plan Rows": 62500,"Plan Width": 8,"Actual Startup Time": 0.018,"Actual Total Time": 9.061,"Actual Rows": 50000,"Actual Loops": 3,"Workers": []},{"Node Type": "Hash","Parent Relationship": "Inner","Parallel Aware": false,"Async Capable": false,"Startup Cost": 1.38,"Total Cost": 1.38,"Plan Rows": 2,"Plan Width": 108,"Actual Startup Time": 0.097,"Actual Total Time": 0.104,"Actual Rows": 2,"Actual Loops": 3,"Hash Buckets": 1024,"Original Hash Buckets": 1024,"Hash Batches": 1,"Original Hash Batches": 1,"Peak Memory Usage": 9,"Workers": [],"Plans": [{"Node Type": "Seq Scan","Parent Relationship": "Outer","Parallel Aware": false,"Async Capable": false,"Relation Name": "nation","Alias": "n2","Startup Cost": 0.00,"Total Cost": 1.38,"Plan Rows": 2,"Plan Width": 108,"Actual Startup Time": 0.076,"Actual Total Time": 0.082,"Actual Rows": 2,"Actual Loops": 3,"Filter": "((n_name = 'UNITED STATES'::bpchar) OR (n_name = 'JAPAN'::bpchar))","Rows Removed by Filter": 23,"Workers": []}]}]},{"Node Type": "Index Scan","Parent Relationship": "Inner","Parallel Aware": false,"Async Capable": false,"Scan Direction": "Forward","Index Name": "idx_orders_custkey","Relation Name": "orders","Alias": "orders","Startup Cost": 0.43,"Total Cost": 1.46,"Plan Rows": 17,"Plan Width": 8,"Actual Startup Time": 0.007,"Actual Total Time": 0.043,"Actual Rows": 10,"Actual Loops": 11931,"Index Cond": "(o_custkey = customer.c_custkey)","Rows Removed by Index Recheck": 0,"Workers": []}]},{"Node Type": "Index Scan","Parent Relationship": "Inner","Parallel Aware": false,"Async Capable": false,"Scan Direction": "Forward","Index Name": "idx_lineitem_orderkey","Relation Name": "lineitem","Alias": "lineitem","Startup Cost": 0.43,"Total Cost": 1.14,"Plan Rows": 5,"Plan Width": 24,"Actual Startup Time": 0.016,"Actual Total Time": 0.017,"Actual Rows": 1,"Actual Loops": 119326,"Index Cond": "(l_orderkey = orders.o_orderkey)","Rows Removed by Index Recheck": 0,"Filter": "((l_shipdate >= '1995-01-01'::date) AND (l_shipdate <= '1996-12-31'::date))","Rows Removed by Filter": 3,"Workers": []}]},{"Node Type": "Hash","Parent Relationship": "Inner","Parallel Aware": false,"Async Capable": false,"Startup Cost": 354.10,"Total Cost": 354.10,"Plan Rows": 784,"Plan Width": 108,"Actual Startup Time": 11.599,"Actual Total Time": 11.616,"Actual Rows": 770,"Actual Loops": 3,"Hash Buckets": 1024,"Original Hash Buckets": 1024,"Hash Batches": 1,"Original Hash Batches": 1,"Peak Memory Usage": 55,"Workers": [],"Plans": [{"Node Type": "Hash Join","Parent Relationship": "Outer","Parallel Aware": false,"Async Capable": false,"Join Type": "Inner","Startup Cost": 1.40,"Total Cost": 354.10,"Plan Rows": 784,"Plan Width": 108,"Actual Startup Time": 0.101,"Actual Total Time": 11.409,"Actual Rows": 770,"Actual Loops": 3,"Inner Unique": true,"Hash Cond": "(supplier.s_nationkey = n1.n_nationkey)","Workers": [],"Plans": [{"Node Type": "Seq Scan","Parent Relationship": "Outer","Parallel Aware": false,"Async Capable": false,"Relation Name": "supplier","Alias": "supplier","Startup Cost": 0.00,"Total Cost": 322.00,"Plan Rows": 10000,"Plan Width": 8,"Actual Startup Time": 0.034,"Actual Total Time": 4.707,"Actual Rows": 10000,"Actual Loops": 3,"Workers": []},{"Node Type": "Hash","Parent Relationship": "Inner","Parallel Aware": false,"Async Capable": false,"Startup Cost": 1.38,"Total Cost": 1.38,"Plan Rows": 2,"Plan Width": 108,"Actual Startup Time": 0.022,"Actual Total Time": 0.028,"Actual Rows": 2,"Actual Loops": 3,"Hash Buckets": 1024,"Original Hash Buckets": 1024,"Hash Batches": 1,"Original Hash Batches": 1,"Peak Memory Usage": 9,"Workers": [],"Plans": [{"Node Type": "Seq Scan","Parent Relationship": "Outer","Parallel Aware": false,"Async Capable": false,"Relation Name": "nation","Alias": "n1","Startup Cost": 0.00,"Total Cost": 1.38,"Plan Rows": 2,"Plan Width": 108,"Actual Startup Time": 0.009,"Actual Total Time": 0.015,"Actual Rows": 2,"Actual Loops": 3,"Filter": "((n_name = 'JAPAN'::bpchar) OR (n_name = 'UNITED STATES'::bpchar))","Rows Removed by Filter": 23,"Workers": []}]}]}]}]}]}]}]}]},"Planning Time": 7.866,"Triggers": [],"Execution Time": 964.817}]
[{"Plan": {"Node Type": "Aggregate","Strategy": "Sorted","Partial Mode": "Finalize","Parallel Aware": false,"Async Capable": false,"Startup Cost": 72556.41,"Total Cost": 73352.71,"Plan Rows": 5893,"Plan Width": 272,"Actual Startup Time": 905.327,"Actual Total Time": 950.217,"Actual Rows": 4,"Actual Loops": 1,"Group Key": ["n1.n_name", "n2.n_name", "(EXTRACT(year FROM lineitem.l_shipdate))"],"Plans": [{"Node Type": "Gather Merge","Parent Relationship": "Outer","Parallel Aware": false,"Async Capable": false,"Startup Cost": 72556.41,"Total Cost": 73202.94,"Plan Rows": 4910,"Plan Width": 272,"Actual Startup Time": 904.995,"Actual Total Time": 950.123,"Actual Rows": 12,"Actual Loops": 1,"Workers Planned": 2,"Workers Launched": 2,"Plans": [{"Node Type": "Aggregate","Strategy": "Sorted","Partial Mode": "Partial","Parent Relationship": "Outer","Parallel Aware": false,"Async Capable": false,"Startup Cost": 71556.39,"Total Cost": 71636.18,"Plan Rows": 2455,"Plan Width": 272,"Actual Startup Time": 897.366,"Actual Total Time": 898.029,"Actual Rows": 4,"Actual Loops": 3,"Group Key": ["n1.n_name", "n2.n_name", "(EXTRACT(year FROM lineitem.l_shipdate))"],"Workers": [],"Plans": [{"Node Type": "Sort","Parent Relationship": "Outer","Parallel Aware": false,"Async Capable": false,"Startup Cost": 71556.39,"Total Cost": 71562.53,"Plan Rows": 2455,"Plan Width": 252,"Actual Startup Time": 897.111,"Actual Total Time": 897.210,"Actual Rows": 1832,"Actual Loops": 3,"Sort Key": ["n1.n_name", "n2.n_name", "(EXTRACT(year FROM lineitem.l_shipdate))"],"Sort Method": "quicksort","Sort Space Used": 251,"Sort Space Type": "Memory","Workers": [{"Worker Number": 0,"Sort Method": "quicksort","Sort Space Used": 240,"Sort Space Type": "Memory"},{"Worker Number": 1,"Sort Method": "quicksort","Sort Space Used": 257,"Sort Space Type": "Memory"}],"Plans": [{"Node Type": "Hash Join","Parent Relationship": "Outer","Parallel Aware": false,"Async Capable": false,"Join Type": "Inner","Startup Cost": 366.16,"Total Cost": 71418.15,"Plan Rows": 2455,"Plan Width": 252,"Actual Startup Time": 8.826,"Actual Total Time": 895.382,"Actual Rows": 1832,"Actual Loops": 3,"Inner Unique": false,"Hash Cond": "(lineitem.l_suppkey = supplier.s_suppkey)","Join Filter": "(((n1.n_name = 'JAPAN'::bpchar) AND (n2.n_name = 'IRAN'::bpchar)) OR ((n1.n_name = 'IRAN'::bpchar) AND (n2.n_name = 'JAPAN'::bpchar)))","Rows Removed by Join Filter": 1817,"Workers": [],"Plans": [{"Node Type": "Nested Loop","Parent Relationship": "Outer","Parallel Aware": false,"Async Capable": false,"Join Type": "Inner","Startup Cost": 2.26,"Total Cost": 70727.78,"Plan Rows": 60250,"Plan Width": 124,"Actual Startup Time": 0.396,"Actual Total Time": 881.156,"Actual Rows": 48183,"Actual Loops": 3,"Inner Unique": false,"Workers": [],"Plans": [{"Node Type": "Nested Loop","Parent Relationship": "Outer","Parallel Aware": false,"Async Capable": false,"Join Type": "Inner","Startup Cost": 1.83,"Total Cost": 12400.01,"Plan Rows": 49000,"Plan Width": 108,"Actual Startup Time": 0.242,"Actual Total Time": 217.473,"Actual Rows": 39693,"Actual Loops": 3,"Inner Unique": false,"Workers": [],"Plans": [{"Node Type": "Hash Join","Parent Relationship": "Outer","Parallel Aware": false,"Async Capable": false,"Join Type": "Inner","Startup Cost": 1.40,"Total Cost": 4403.27,"Plan Rows": 4900,"Plan Width": 108,"Actual Startup Time": 0.156,"Actual Total Time": 42.735,"Actual Rows": 3986,"Actual Loops": 3,"Inner Unique": true,"Hash Cond": "(customer.c_nationkey = n2.n_nationkey)","Workers": [],"Plans": [{"Node Type": "Seq Scan","Parent Relationship": "Outer","Parallel Aware": true,"Async Capable": false,"Relation Name": "customer","Alias": "customer","Startup Cost": 0.00,"Total Cost": 4210.00,"Plan Rows": 62500,"Plan Width": 8,"Actual Startup Time": 0.012,"Actual Total Time": 8.977,"Actual Rows": 50000,"Actual Loops": 3,"Workers": []},{"Node Type": "Hash","Parent Relationship": "Inner","Parallel Aware": false,"Async Capable": false,"Startup Cost": 1.38,"Total Cost": 1.38,"Plan Rows": 2,"Plan Width": 108,"Actual Startup Time": 0.067,"Actual Total Time": 0.071,"Actual Rows": 2,"Actual Loops": 3,"Hash Buckets": 1024,"Original Hash Buckets": 1024,"Hash Batches": 1,"Original Hash Batches": 1,"Peak Memory Usage": 9,"Workers": [],"Plans": [{"Node Type": "Seq Scan","Parent Relationship": "Outer","Parallel Aware": false,"Async Capable": false,"Relation Name": "nation","Alias": "n2","Startup Cost": 0.00,"Total Cost": 1.38,"Plan Rows": 2,"Plan Width": 108,"Actual Startup Time": 0.048,"Actual Total Time": 0.053,"Actual Rows": 2,"Actual Loops": 3,"Filter": "((n_name = 'IRAN'::bpchar) OR (n_name = 'JAPAN'::bpchar))","Rows Removed by Filter": 23,"Workers": []}]}]},{"Node Type": "Index Scan","Parent Relationship": "Inner","Parallel Aware": false,"Async Capable": false,"Scan Direction": "Forward","Index Name": "idx_orders_custkey","Relation Name": "orders","Alias": "orders","Startup Cost": 0.43,"Total Cost": 1.46,"Plan Rows": 17,"Plan Width": 8,"Actual Startup Time": 0.007,"Actual Total Time": 0.043,"Actual Rows": 10,"Actual Loops": 11957,"Index Cond": "(o_custkey = customer.c_custkey)","Rows Removed by Index Recheck": 0,"Workers": []}]},{"Node Type": "Index Scan","Parent Relationship": "Inner","Parallel Aware": false,"Async Capable": false,"Scan Direction": "Forward","Index Name": "idx_lineitem_orderkey","Relation Name": "lineitem","Alias": "lineitem","Startup Cost": 0.43,"Total Cost": 1.14,"Plan Rows": 5,"Plan Width": 24,"Actual Startup Time": 0.016,"Actual Total Time": 0.016,"Actual Rows": 1,"Actual Loops": 119080,"Index Cond": "(l_orderkey = orders.o_orderkey)","Rows Removed by Index Recheck": 0,"Filter": "((l_shipdate >= '1995-01-01'::date) AND (l_shipdate <= '1996-12-31'::date))","Rows Removed by Filter": 3,"Workers": []}]},{"Node Type": "Hash","Parent Relationship": "Inner","Parallel Aware": false,"Async Capable": false,"Startup Cost": 354.10,"Total Cost": 354.10,"Plan Rows": 784,"Plan Width": 108,"Actual Startup Time": 7.312,"Actual Total Time": 7.322,"Actual Rows": 770,"Actual Loops": 3,"Hash Buckets": 1024,"Original Hash Buckets": 1024,"Hash Batches": 1,"Original Hash Batches": 1,"Peak Memory Usage": 55,"Workers": [],"Plans": [{"Node Type": "Hash Join","Parent Relationship": "Outer","Parallel Aware": false,"Async Capable": false,"Join Type": "Inner","Startup Cost": 1.40,"Total Cost": 354.10,"Plan Rows": 784,"Plan Width": 108,"Actual Startup Time": 0.076,"Actual Total Time": 7.107,"Actual Rows": 770,"Actual Loops": 3,"Inner Unique": true,"Hash Cond": "(supplier.s_nationkey = n1.n_nationkey)","Workers": [],"Plans": [{"Node Type": "Seq Scan","Parent Relationship": "Outer","Parallel Aware": false,"Async Capable": false,"Relation Name": "supplier","Alias": "supplier","Startup Cost": 0.00,"Total Cost": 322.00,"Plan Rows": 10000,"Plan Width": 8,"Actual Startup Time": 0.024,"Actual Total Time": 3.871,"Actual Rows": 10000,"Actual Loops": 3,"Workers": []},{"Node Type": "Hash","Parent Relationship": "Inner","Parallel Aware": false,"Async Capable": false,"Startup Cost": 1.38,"Total Cost": 1.38,"Plan Rows": 2,"Plan Width": 108,"Actual Startup Time": 0.016,"Actual Total Time": 0.020,"Actual Rows": 2,"Actual Loops": 3,"Hash Buckets": 1024,"Original Hash Buckets": 1024,"Hash Batches": 1,"Original Hash Batches": 1,"Peak Memory Usage": 9,"Workers": [],"Plans": [{"Node Type": "Seq Scan","Parent Relationship": "Outer","Parallel Aware": false,"Async Capable": false,"Relation Name": "nation","Alias": "n1","Startup Cost": 0.00,"Total Cost": 1.38,"Plan Rows": 2,"Plan Width": 108,"Actual Startup Time": 0.007,"Actual Total Time": 0.011,"Actual Rows": 2,"Actual Loops": 3,"Filter": "((n_name = 'JAPAN'::bpchar) OR (n_name = 'IRAN'::bpchar))","Rows Removed by Filter": 23,"Workers": []}]}]}]}]}]}]}]}]},"Planning Time": 9.177,"Triggers": [],"Execution Time": 950.779}]
[{"Plan": {"Node Type": "Aggregate","Strategy": "Sorted","Partial Mode": "Finalize","Parallel Aware": false,"Async Capable": false,"Startup Cost": 72556.41,"Total Cost": 73352.71,"Plan Rows": 5893,"Plan Width": 272,"Actual Startup Time": 941.340,"Actual Total Time": 999.641,"Actual Rows": 4,"Actual Loops": 1,"Group Key": ["n1.n_name", "n2.n_name", "(EXTRACT(year FROM lineitem.l_shipdate))"],"Plans": [{"Node Type": "Gather Merge","Parent Relationship": "Outer","Parallel Aware": false,"Async Capable": false,"Startup Cost": 72556.41,"Total Cost": 73202.94,"Plan Rows": 4910,"Plan Width": 272,"Actual Startup Time": 940.690,"Actual Total Time": 999.570,"Actual Rows": 12,"Actual Loops": 1,"Workers Planned": 2,"Workers Launched": 2,"Plans": [{"Node Type": "Aggregate","Strategy": "Sorted","Partial Mode": "Partial","Parent Relationship": "Outer","Parallel Aware": false,"Async Capable": false,"Startup Cost": 71556.39,"Total Cost": 71636.18,"Plan Rows": 2455,"Plan Width": 272,"Actual Startup Time": 932.137,"Actual Total Time": 932.952,"Actual Rows": 4,"Actual Loops": 3,"Group Key": ["n1.n_name", "n2.n_name", "(EXTRACT(year FROM lineitem.l_shipdate))"],"Workers": [],"Plans": [{"Node Type": "Sort","Parent Relationship": "Outer","Parallel Aware": false,"Async Capable": false,"Startup Cost": 71556.39,"Total Cost": 71562.53,"Plan Rows": 2455,"Plan Width": 252,"Actual Startup Time": 931.880,"Actual Total Time": 932.010,"Actual Rows": 2015,"Actual Loops": 3,"Sort Key": ["n1.n_name", "n2.n_name", "(EXTRACT(year FROM lineitem.l_shipdate))"],"Sort Method": "quicksort","Sort Space Used": 268,"Sort Space Type": "Memory","Workers": [{"Worker Number": 0,"Sort Method": "quicksort","Sort Space Used": 266,"Sort Space Type": "Memory"},{"Worker Number": 1,"Sort Method": "quicksort","Sort Space Used": 272,"Sort Space Type": "Memory"}],"Plans": [{"Node Type": "Hash Join","Parent Relationship": "Outer","Parallel Aware": false,"Async Capable": false,"Join Type": "Inner","Startup Cost": 366.16,"Total Cost": 71418.15,"Plan Rows": 2455,"Plan Width": 252,"Actual Startup Time": 10.410,"Actual Total Time": 930.098,"Actual Rows": 2015,"Actual Loops": 3,"Inner Unique": false,"Hash Cond": "(lineitem.l_suppkey = supplier.s_suppkey)","Join Filter": "(((n1.n_name = 'MOZAMBIQUE'::bpchar) AND (n2.n_name = 'VIETNAM'::bpchar)) OR ((n1.n_name = 'VIETNAM'::bpchar) AND (n2.n_name = 'MOZAMBIQUE'::bpchar)))","Rows Removed by Join Filter": 2000,"Workers": [],"Plans": [{"Node Type": "Nested Loop","Parent Relationship": "Outer","Parallel Aware": false,"Async Capable": false,"Join Type": "Inner","Startup Cost": 2.26,"Total Cost": 70727.78,"Plan Rows": 60250,"Plan Width": 124,"Actual Startup Time": 0.570,"Actual Total Time": 914.419,"Actual Rows": 49306,"Actual Loops": 3,"Inner Unique": false,"Workers": [],"Plans": [{"Node Type": "Nested Loop","Parent Relationship": "Outer","Parallel Aware": false,"Async Capable": false,"Join Type": "Inner","Startup Cost": 1.83,"Total Cost": 12400.01,"Plan Rows": 49000,"Plan Width": 108,"Actual Startup Time": 0.278,"Actual Total Time": 229.744,"Actual Rows": 40538,"Actual Loops": 3,"Inner Unique": false,"Workers": [],"Plans": [{"Node Type": "Hash Join","Parent Relationship": "Outer","Parallel Aware": false,"Async Capable": false,"Join Type": "Inner","Startup Cost": 1.40,"Total Cost": 4403.27,"Plan Rows": 4900,"Plan Width": 108,"Actual Startup Time": 0.169,"Actual Total Time": 47.304,"Actual Rows": 3994,"Actual Loops": 3,"Inner Unique": true,"Hash Cond": "(customer.c_nationkey = n2.n_nationkey)","Workers": [],"Plans": [{"Node Type": "Seq Scan","Parent Relationship": "Outer","Parallel Aware": true,"Async Capable": false,"Relation Name": "customer","Alias": "customer","Startup Cost": 0.00,"Total Cost": 4210.00,"Plan Rows": 62500,"Plan Width": 8,"Actual Startup Time": 0.016,"Actual Total Time": 9.575,"Actual Rows": 50000,"Actual Loops": 3,"Workers": []},{"Node Type": "Hash","Parent Relationship": "Inner","Parallel Aware": false,"Async Capable": false,"Startup Cost": 1.38,"Total Cost": 1.38,"Plan Rows": 2,"Plan Width": 108,"Actual Startup Time": 0.076,"Actual Total Time": 0.083,"Actual Rows": 2,"Actual Loops": 3,"Hash Buckets": 1024,"Original Hash Buckets": 1024,"Hash Batches": 1,"Original Hash Batches": 1,"Peak Memory Usage": 9,"Workers": [],"Plans": [{"Node Type": "Seq Scan","Parent Relationship": "Outer","Parallel Aware": false,"Async Capable": false,"Relation Name": "nation","Alias": "n2","Startup Cost": 0.00,"Total Cost": 1.38,"Plan Rows": 2,"Plan Width": 108,"Actual Startup Time": 0.059,"Actual Total Time": 0.063,"Actual Rows": 2,"Actual Loops": 3,"Filter": "((n_name = 'VIETNAM'::bpchar) OR (n_name = 'MOZAMBIQUE'::bpchar))","Rows Removed by Filter": 23,"Workers": []}]}]},{"Node Type": "Index Scan","Parent Relationship": "Inner","Parallel Aware": false,"Async Capable": false,"Scan Direction": "Forward","Index Name": "idx_orders_custkey","Relation Name": "orders","Alias": "orders","Startup Cost": 0.43,"Total Cost": 1.46,"Plan Rows": 17,"Plan Width": 8,"Actual Startup Time": 0.007,"Actual Total Time": 0.044,"Actual Rows": 10,"Actual Loops": 11982,"Index Cond": "(o_custkey = customer.c_custkey)","Rows Removed by Index Recheck": 0,"Workers": []}]},{"Node Type": "Index Scan","Parent Relationship": "Inner","Parallel Aware": false,"Async Capable": false,"Scan Direction": "Forward","Index Name": "idx_lineitem_orderkey","Relation Name": "lineitem","Alias": "lineitem","Startup Cost": 0.43,"Total Cost": 1.14,"Plan Rows": 5,"Plan Width": 24,"Actual Startup Time": 0.016,"Actual Total Time": 0.017,"Actual Rows": 1,"Actual Loops": 121614,"Index Cond": "(l_orderkey = orders.o_orderkey)","Rows Removed by Index Recheck": 0,"Filter": "((l_shipdate >= '1995-01-01'::date) AND (l_shipdate <= '1996-12-31'::date))","Rows Removed by Filter": 3,"Workers": []}]},{"Node Type": "Hash","Parent Relationship": "Inner","Parallel Aware": false,"Async Capable": false,"Startup Cost": 354.10,"Total Cost": 354.10,"Plan Rows": 784,"Plan Width": 108,"Actual Startup Time": 8.466,"Actual Total Time": 8.482,"Actual Rows": 805,"Actual Loops": 3,"Hash Buckets": 1024,"Original Hash Buckets": 1024,"Hash Batches": 1,"Original Hash Batches": 1,"Peak Memory Usage": 57,"Workers": [],"Plans": [{"Node Type": "Hash Join","Parent Relationship": "Outer","Parallel Aware": false,"Async Capable": false,"Join Type": "Inner","Startup Cost": 1.40,"Total Cost": 354.10,"Plan Rows": 784,"Plan Width": 108,"Actual Startup Time": 0.073,"Actual Total Time": 8.258,"Actual Rows": 805,"Actual Loops": 3,"Inner Unique": true,"Hash Cond": "(supplier.s_nationkey = n1.n_nationkey)","Workers": [],"Plans": [{"Node Type": "Seq Scan","Parent Relationship": "Outer","Parallel Aware": false,"Async Capable": false,"Relation Name": "supplier","Alias": "supplier","Startup Cost": 0.00,"Total Cost": 322.00,"Plan Rows": 10000,"Plan Width": 8,"Actual Startup Time": 0.024,"Actual Total Time": 4.448,"Actual Rows": 10000,"Actual Loops": 3,"Workers": []},{"Node Type": "Hash","Parent Relationship": "Inner","Parallel Aware": false,"Async Capable": false,"Startup Cost": 1.38,"Total Cost": 1.38,"Plan Rows": 2,"Plan Width": 108,"Actual Startup Time": 0.015,"Actual Total Time": 0.021,"Actual Rows": 2,"Actual Loops": 3,"Hash Buckets": 1024,"Original Hash Buckets": 1024,"Hash Batches": 1,"Original Hash Batches": 1,"Peak Memory Usage": 9,"Workers": [],"Plans": [{"Node Type": "Seq Scan","Parent Relationship": "Outer","Parallel Aware": false,"Async Capable": false,"Relation Name": "nation","Alias": "n1","Startup Cost": 0.00,"Total Cost": 1.38,"Plan Rows": 2,"Plan Width": 108,"Actual Startup Time": 0.007,"Actual Total Time": 0.011,"Actual Rows": 2,"Actual Loops": 3,"Filter": "((n_name = 'MOZAMBIQUE'::bpchar) OR (n_name = 'VIETNAM'::bpchar))","Rows Removed by Filter": 23,"Workers": []}]}]}]}]}]}]}]}]},"Planning Time": 8.707,"Triggers": [],"Execution Time": 1000.153}]
[{"Plan": {"Node Type": "Aggregate","Strategy": "Sorted","Partial Mode": "Finalize","Parallel Aware": false,"Async Capable": false,"Startup Cost": 72556.41,"Total Cost": 73352.71,"Plan Rows": 5893,"Plan Width": 272,"Actual Startup Time": 934.140,"Actual Total Time": 981.393,"Actual Rows": 4,"Actual Loops": 1,"Group Key": ["n1.n_name", "n2.n_name", "(EXTRACT(year FROM lineitem.l_shipdate))"],"Plans": [{"Node Type": "Gather Merge","Parent Relationship": "Outer","Parallel Aware": false,"Async Capable": false,"Startup Cost": 72556.41,"Total Cost": 73202.94,"Plan Rows": 4910,"Plan Width": 272,"Actual Startup Time": 933.828,"Actual Total Time": 981.335,"Actual Rows": 12,"Actual Loops": 1,"Workers Planned": 2,"Workers Launched": 2,"Plans": [{"Node Type": "Aggregate","Strategy": "Sorted","Partial Mode": "Partial","Parent Relationship": "Outer","Parallel Aware": false,"Async Capable": false,"Startup Cost": 71556.39,"Total Cost": 71636.18,"Plan Rows": 2455,"Plan Width": 272,"Actual Startup Time": 925.030,"Actual Total Time": 925.773,"Actual Rows": 4,"Actual Loops": 3,"Group Key": ["n1.n_name", "n2.n_name", "(EXTRACT(year FROM lineitem.l_shipdate))"],"Workers": [],"Plans": [{"Node Type": "Sort","Parent Relationship": "Outer","Parallel Aware": false,"Async Capable": false,"Startup Cost": 71556.39,"Total Cost": 71562.53,"Plan Rows": 2455,"Plan Width": 252,"Actual Startup Time": 924.753,"Actual Total Time": 924.862,"Actual Rows": 2029,"Actual Loops": 3,"Sort Key": ["n1.n_name", "n2.n_name", "(EXTRACT(year FROM lineitem.l_shipdate))"],"Sort Method": "quicksort","Sort Space Used": 269,"Sort Space Type": "Memory","Workers": [{"Worker Number": 0,"Sort Method": "quicksort","Sort Space Used": 272,"Sort Space Type": "Memory"},{"Worker Number": 1,"Sort Method": "quicksort","Sort Space Used": 270,"Sort Space Type": "Memory"}],"Plans": [{"Node Type": "Hash Join","Parent Relationship": "Outer","Parallel Aware": false,"Async Capable": false,"Join Type": "Inner","Startup Cost": 366.16,"Total Cost": 71418.15,"Plan Rows": 2455,"Plan Width": 252,"Actual Startup Time": 10.369,"Actual Total Time": 922.777,"Actual Rows": 2029,"Actual Loops": 3,"Inner Unique": false,"Hash Cond": "(lineitem.l_suppkey = supplier.s_suppkey)","Join Filter": "(((n1.n_name = 'CANADA'::bpchar) AND (n2.n_name = 'ALGERIA'::bpchar)) OR ((n1.n_name = 'ALGERIA'::bpchar) AND (n2.n_name = 'CANADA'::bpchar)))","Rows Removed by Join Filter": 2035,"Workers": [],"Plans": [{"Node Type": "Nested Loop","Parent Relationship": "Outer","Parallel Aware": false,"Async Capable": false,"Join Type": "Inner","Startup Cost": 2.26,"Total Cost": 70727.78,"Plan Rows": 60250,"Plan Width": 124,"Actual Startup Time": 0.964,"Actual Total Time": 907.627,"Actual Rows": 48782,"Actual Loops": 3,"Inner Unique": false,"Workers": [],"Plans": [{"Node Type": "Nested Loop","Parent Relationship": "Outer","Parallel Aware": false,"Async Capable": false,"Join Type": "Inner","Startup Cost": 1.83,"Total Cost": 12400.01,"Plan Rows": 49000,"Plan Width": 108,"Actual Startup Time": 0.364,"Actual Total Time": 229.252,"Actual Rows": 40034,"Actual Loops": 3,"Inner Unique": false,"Workers": [],"Plans": [{"Node Type": "Hash Join","Parent Relationship": "Outer","Parallel Aware": false,"Async Capable": false,"Join Type": "Inner","Startup Cost": 1.40,"Total Cost": 4403.27,"Plan Rows": 4900,"Plan Width": 108,"Actual Startup Time": 0.210,"Actual Total Time": 47.558,"Actual Rows": 3982,"Actual Loops": 3,"Inner Unique": true,"Hash Cond": "(customer.c_nationkey = n2.n_nationkey)","Workers": [],"Plans": [{"Node Type": "Seq Scan","Parent Relationship": "Outer","Parallel Aware": true,"Async Capable": false,"Relation Name": "customer","Alias": "customer","Startup Cost": 0.00,"Total Cost": 4210.00,"Plan Rows": 62500,"Plan Width": 8,"Actual Startup Time": 0.016,"Actual Total Time": 9.579,"Actual Rows": 50000,"Actual Loops": 3,"Workers": []},{"Node Type": "Hash","Parent Relationship": "Inner","Parallel Aware": false,"Async Capable": false,"Startup Cost": 1.38,"Total Cost": 1.38,"Plan Rows": 2,"Plan Width": 108,"Actual Startup Time": 0.093,"Actual Total Time": 0.099,"Actual Rows": 2,"Actual Loops": 3,"Hash Buckets": 1024,"Original Hash Buckets": 1024,"Hash Batches": 1,"Original Hash Batches": 1,"Peak Memory Usage": 9,"Workers": [],"Plans": [{"Node Type": "Seq Scan","Parent Relationship": "Outer","Parallel Aware": false,"Async Capable": false,"Relation Name": "nation","Alias": "n2","Startup Cost": 0.00,"Total Cost": 1.38,"Plan Rows": 2,"Plan Width": 108,"Actual Startup Time": 0.059,"Actual Total Time": 0.070,"Actual Rows": 2,"Actual Loops": 3,"Filter": "((n_name = 'ALGERIA'::bpchar) OR (n_name = 'CANADA'::bpchar))","Rows Removed by Filter": 23,"Workers": []}]}]},{"Node Type": "Index Scan","Parent Relationship": "Inner","Parallel Aware": false,"Async Capable": false,"Scan Direction": "Forward","Index Name": "idx_orders_custkey","Relation Name": "orders","Alias": "orders","Startup Cost": 0.43,"Total Cost": 1.46,"Plan Rows": 17,"Plan Width": 8,"Actual Startup Time": 0.007,"Actual Total Time": 0.044,"Actual Rows": 10,"Actual Loops": 11945,"Index Cond": "(o_custkey = customer.c_custkey)","Rows Removed by Index Recheck": 0,"Workers": []}]},{"Node Type": "Index Scan","Parent Relationship": "Inner","Parallel Aware": false,"Async Capable": false,"Scan Direction": "Forward","Index Name": "idx_lineitem_orderkey","Relation Name": "lineitem","Alias": "lineitem","Startup Cost": 0.43,"Total Cost": 1.14,"Plan Rows": 5,"Plan Width": 24,"Actual Startup Time": 0.016,"Actual Total Time": 0.017,"Actual Rows": 1,"Actual Loops": 120102,"Index Cond": "(l_orderkey = orders.o_orderkey)","Rows Removed by Index Recheck": 0,"Filter": "((l_shipdate >= '1995-01-01'::date) AND (l_shipdate <= '1996-12-31'::date))","Rows Removed by Filter": 3,"Workers": []}]},{"Node Type": "Hash","Parent Relationship": "Inner","Parallel Aware": false,"Async Capable": false,"Startup Cost": 354.10,"Total Cost": 354.10,"Plan Rows": 784,"Plan Width": 108,"Actual Startup Time": 7.825,"Actual Total Time": 7.842,"Actual Rows": 832,"Actual Loops": 3,"Hash Buckets": 1024,"Original Hash Buckets": 1024,"Hash Batches": 1,"Original Hash Batches": 1,"Peak Memory Usage": 59,"Workers": [],"Plans": [{"Node Type": "Hash Join","Parent Relationship": "Outer","Parallel Aware": false,"Async Capable": false,"Join Type": "Inner","Startup Cost": 1.40,"Total Cost": 354.10,"Plan Rows": 784,"Plan Width": 108,"Actual Startup Time": 0.105,"Actual Total Time": 7.660,"Actual Rows": 832,"Actual Loops": 3,"Inner Unique": true,"Hash Cond": "(supplier.s_nationkey = n1.n_nationkey)","Workers": [],"Plans": [{"Node Type": "Seq Scan","Parent Relationship": "Outer","Parallel Aware": false,"Async Capable": false,"Relation Name": "supplier","Alias": "supplier","Startup Cost": 0.00,"Total Cost": 322.00,"Plan Rows": 10000,"Plan Width": 8,"Actual Startup Time": 0.044,"Actual Total Time": 3.730,"Actual Rows": 10000,"Actual Loops": 3,"Workers": []},{"Node Type": "Hash","Parent Relationship": "Inner","Parallel Aware": false,"Async Capable": false,"Startup Cost": 1.38,"Total Cost": 1.38,"Plan Rows": 2,"Plan Width": 108,"Actual Startup Time": 0.020,"Actual Total Time": 0.027,"Actual Rows": 2,"Actual Loops": 3,"Hash Buckets": 1024,"Original Hash Buckets": 1024,"Hash Batches": 1,"Original Hash Batches": 1,"Peak Memory Usage": 9,"Workers": [],"Plans": [{"Node Type": "Seq Scan","Parent Relationship": "Outer","Parallel Aware": false,"Async Capable": false,"Relation Name": "nation","Alias": "n1","Startup Cost": 0.00,"Total Cost": 1.38,"Plan Rows": 2,"Plan Width": 108,"Actual Startup Time": 0.005,"Actual Total Time": 0.015,"Actual Rows": 2,"Actual Loops": 3,"Filter": "((n_name = 'CANADA'::bpchar) OR (n_name = 'ALGERIA'::bpchar))","Rows Removed by Filter": 23,"Workers": []}]}]}]}]}]}]}]}]},"Planning Time": 7.672,"Triggers": [],"Execution Time": 981.898}]
[{"Plan": {"Node Type": "Aggregate","Strategy": "Sorted","Partial Mode": "Finalize","Parallel Aware": false,"Async Capable": false,"Startup Cost": 72556.41,"Total Cost": 73352.71,"Plan Rows": 5893,"Plan Width": 272,"Actual Startup Time": 905.928,"Actual Total Time": 949.758,"Actual Rows": 4,"Actual Loops": 1,"Group Key": ["n1.n_name", "n2.n_name", "(EXTRACT(year FROM lineitem.l_shipdate))"],"Plans": [{"Node Type": "Gather Merge","Parent Relationship": "Outer","Parallel Aware": false,"Async Capable": false,"Startup Cost": 72556.41,"Total Cost": 73202.94,"Plan Rows": 4910,"Plan Width": 272,"Actual Startup Time": 905.496,"Actual Total Time": 949.668,"Actual Rows": 12,"Actual Loops": 1,"Workers Planned": 2,"Workers Launched": 2,"Plans": [{"Node Type": "Aggregate","Strategy": "Sorted","Partial Mode": "Partial","Parent Relationship": "Outer","Parallel Aware": false,"Async Capable": false,"Startup Cost": 71556.39,"Total Cost": 71636.18,"Plan Rows": 2455,"Plan Width": 272,"Actual Startup Time": 897.294,"Actual Total Time": 898.074,"Actual Rows": 4,"Actual Loops": 3,"Group Key": ["n1.n_name", "n2.n_name", "(EXTRACT(year FROM lineitem.l_shipdate))"],"Workers": [],"Plans": [{"Node Type": "Sort","Parent Relationship": "Outer","Parallel Aware": false,"Async Capable": false,"Startup Cost": 71556.39,"Total Cost": 71562.53,"Plan Rows": 2455,"Plan Width": 252,"Actual Startup Time": 897.000,"Actual Total Time": 897.132,"Actual Rows": 2048,"Actual Loops": 3,"Sort Key": ["n1.n_name", "n2.n_name", "(EXTRACT(year FROM lineitem.l_shipdate))"],"Sort Method": "quicksort","Sort Space Used": 331,"Sort Space Type": "Memory","Workers": [{"Worker Number": 0,"Sort Method": "quicksort","Sort Space Used": 269,"Sort Space Type": "Memory"},{"Worker Number": 1,"Sort Method": "quicksort","Sort Space Used": 266,"Sort Space Type": "Memory"}],"Plans": [{"Node Type": "Hash Join","Parent Relationship": "Outer","Parallel Aware": false,"Async Capable": false,"Join Type": "Inner","Startup Cost": 366.16,"Total Cost": 71418.15,"Plan Rows": 2455,"Plan Width": 252,"Actual Startup Time": 12.299,"Actual Total Time": 895.176,"Actual Rows": 2048,"Actual Loops": 3,"Inner Unique": false,"Hash Cond": "(lineitem.l_suppkey = supplier.s_suppkey)","Join Filter": "(((n1.n_name = 'IRAQ'::bpchar) AND (n2.n_name = 'PERU'::bpchar)) OR ((n1.n_name = 'PERU'::bpchar) AND (n2.n_name = 'IRAQ'::bpchar)))","Rows Removed by Join Filter": 2098,"Workers": [],"Plans": [{"Node Type": "Nested Loop","Parent Relationship": "Outer","Parallel Aware": false,"Async Capable": false,"Join Type": "Inner","Startup Cost": 2.26,"Total Cost": 70727.78,"Plan Rows": 60250,"Plan Width": 124,"Actual Startup Time": 0.672,"Actual Total Time": 878.045,"Actual Rows": 47883,"Actual Loops": 3,"Inner Unique": false,"Workers": [],"Plans": [{"Node Type": "Nested Loop","Parent Relationship": "Outer","Parallel Aware": false,"Async Capable": false,"Join Type": "Inner","Startup Cost": 1.83,"Total Cost": 12400.01,"Plan Rows": 49000,"Plan Width": 108,"Actual Startup Time": 0.213,"Actual Total Time": 218.521,"Actual Rows": 39307,"Actual Loops": 3,"Inner Unique": false,"Workers": [],"Plans": [{"Node Type": "Hash Join","Parent Relationship": "Outer","Parallel Aware": false,"Async Capable": false,"Join Type": "Inner","Startup Cost": 1.40,"Total Cost": 4403.27,"Plan Rows": 4900,"Plan Width": 108,"Actual Startup Time": 0.128,"Actual Total Time": 43.835,"Actual Rows": 3979,"Actual Loops": 3,"Inner Unique": true,"Hash Cond": "(customer.c_nationkey = n2.n_nationkey)","Workers": [],"Plans": [{"Node Type": "Seq Scan","Parent Relationship": "Outer","Parallel Aware": true,"Async Capable": false,"Relation Name": "customer","Alias": "customer","Startup Cost": 0.00,"Total Cost": 4210.00,"Plan Rows": 62500,"Plan Width": 8,"Actual Startup Time": 0.007,"Actual Total Time": 8.978,"Actual Rows": 50000,"Actual Loops": 3,"Workers": []},{"Node Type": "Hash","Parent Relationship": "Inner","Parallel Aware": false,"Async Capable": false,"Startup Cost": 1.38,"Total Cost": 1.38,"Plan Rows": 2,"Plan Width": 108,"Actual Startup Time": 0.054,"Actual Total Time": 0.061,"Actual Rows": 2,"Actual Loops": 3,"Hash Buckets": 1024,"Original Hash Buckets": 1024,"Hash Batches": 1,"Original Hash Batches": 1,"Peak Memory Usage": 9,"Workers": [],"Plans": [{"Node Type": "Seq Scan","Parent Relationship": "Outer","Parallel Aware": false,"Async Capable": false,"Relation Name": "nation","Alias": "n2","Startup Cost": 0.00,"Total Cost": 1.38,"Plan Rows": 2,"Plan Width": 108,"Actual Startup Time": 0.042,"Actual Total Time": 0.046,"Actual Rows": 2,"Actual Loops": 3,"Filter": "((n_name = 'PERU'::bpchar) OR (n_name = 'IRAQ'::bpchar))","Rows Removed by Filter": 23,"Workers": []}]}]},{"Node Type": "Index Scan","Parent Relationship": "Inner","Parallel Aware": false,"Async Capable": false,"Scan Direction": "Forward","Index Name": "idx_orders_custkey","Relation Name": "orders","Alias": "orders","Startup Cost": 0.43,"Total Cost": 1.46,"Plan Rows": 17,"Plan Width": 8,"Actual Startup Time": 0.007,"Actual Total Time": 0.043,"Actual Rows": 10,"Actual Loops": 11938,"Index Cond": "(o_custkey = customer.c_custkey)","Rows Removed by Index Recheck": 0,"Workers": []}]},{"Node Type": "Index Scan","Parent Relationship": "Inner","Parallel Aware": false,"Async Capable": false,"Scan Direction": "Forward","Index Name": "idx_lineitem_orderkey","Relation Name": "lineitem","Alias": "lineitem","Startup Cost": 0.43,"Total Cost": 1.14,"Plan Rows": 5,"Plan Width": 24,"Actual Startup Time": 0.016,"Actual Total Time": 0.017,"Actual Rows": 1,"Actual Loops": 117920,"Index Cond": "(l_orderkey = orders.o_orderkey)","Rows Removed by Index Recheck": 0,"Filter": "((l_shipdate >= '1995-01-01'::date) AND (l_shipdate <= '1996-12-31'::date))","Rows Removed by Filter": 3,"Workers": []}]},{"Node Type": "Hash","Parent Relationship": "Inner","Parallel Aware": false,"Async Capable": false,"Startup Cost": 354.10,"Total Cost": 354.10,"Plan Rows": 784,"Plan Width": 108,"Actual Startup Time": 9.779,"Actual Total Time": 9.793,"Actual Rows": 859,"Actual Loops": 3,"Hash Buckets": 1024,"Original Hash Buckets": 1024,"Hash Batches": 1,"Original Hash Batches": 1,"Peak Memory Usage": 61,"Workers": [],"Plans": [{"Node Type": "Hash Join","Parent Relationship": "Outer","Parallel Aware": false,"Async Capable": false,"Join Type": "Inner","Startup Cost": 1.40,"Total Cost": 354.10,"Plan Rows": 784,"Plan Width": 108,"Actual Startup Time": 0.063,"Actual Total Time": 9.584,"Actual Rows": 859,"Actual Loops": 3,"Inner Unique": true,"Hash Cond": "(supplier.s_nationkey = n1.n_nationkey)","Workers": [],"Plans": [{"Node Type": "Seq Scan","Parent Relationship": "Outer","Parallel Aware": false,"Async Capable": false,"Relation Name": "supplier","Alias": "supplier","Startup Cost": 0.00,"Total Cost": 322.00,"Plan Rows": 10000,"Plan Width": 8,"Actual Startup Time": 0.027,"Actual Total Time": 3.896,"Actual Rows": 10000,"Actual Loops": 3,"Workers": []},{"Node Type": "Hash","Parent Relationship": "Inner","Parallel Aware": false,"Async Capable": false,"Startup Cost": 1.38,"Total Cost": 1.38,"Plan Rows": 2,"Plan Width": 108,"Actual Startup Time": 0.014,"Actual Total Time": 0.019,"Actual Rows": 2,"Actual Loops": 3,"Hash Buckets": 1024,"Original Hash Buckets": 1024,"Hash Batches": 1,"Original Hash Batches": 1,"Peak Memory Usage": 9,"Workers": [],"Plans": [{"Node Type": "Seq Scan","Parent Relationship": "Outer","Parallel Aware": false,"Async Capable": false,"Relation Name": "nation","Alias": "n1","Startup Cost": 0.00,"Total Cost": 1.38,"Plan Rows": 2,"Plan Width": 108,"Actual Startup Time": 0.006,"Actual Total Time": 0.010,"Actual Rows": 2,"Actual Loops": 3,"Filter": "((n_name = 'IRAQ'::bpchar) OR (n_name = 'PERU'::bpchar))","Rows Removed by Filter": 23,"Workers": []}]}]}]}]}]}]}]}]},"Planning Time": 9.340,"Triggers": [],"Execution Time": 950.151}]
[{"Plan": {"Node Type": "Aggregate","Strategy": "Sorted","Partial Mode": "Finalize","Parallel Aware": false,"Async Capable": false,"Startup Cost": 72556.41,"Total Cost": 73352.71,"Plan Rows": 5893,"Plan Width": 272,"Actual Startup Time": 916.637,"Actual Total Time": 960.801,"Actual Rows": 4,"Actual Loops": 1,"Group Key": ["n1.n_name", "n2.n_name", "(EXTRACT(year FROM lineitem.l_shipdate))"],"Plans": [{"Node Type": "Gather Merge","Parent Relationship": "Outer","Parallel Aware": false,"Async Capable": false,"Startup Cost": 72556.41,"Total Cost": 73202.94,"Plan Rows": 4910,"Plan Width": 272,"Actual Startup Time": 916.354,"Actual Total Time": 960.742,"Actual Rows": 12,"Actual Loops": 1,"Workers Planned": 2,"Workers Launched": 2,"Plans": [{"Node Type": "Aggregate","Strategy": "Sorted","Partial Mode": "Partial","Parent Relationship": "Outer","Parallel Aware": false,"Async Capable": false,"Startup Cost": 71556.39,"Total Cost": 71636.18,"Plan Rows": 2455,"Plan Width": 272,"Actual Startup Time": 908.362,"Actual Total Time": 909.052,"Actual Rows": 4,"Actual Loops": 3,"Group Key": ["n1.n_name", "n2.n_name", "(EXTRACT(year FROM lineitem.l_shipdate))"],"Workers": [],"Plans": [{"Node Type": "Sort","Parent Relationship": "Outer","Parallel Aware": false,"Async Capable": false,"Startup Cost": 71556.39,"Total Cost": 71562.53,"Plan Rows": 2455,"Plan Width": 252,"Actual Startup Time": 908.074,"Actual Total Time": 908.188,"Actual Rows": 2024,"Actual Loops": 3,"Sort Key": ["n1.n_name", "n2.n_name", "(EXTRACT(year FROM lineitem.l_shipdate))"],"Sort Method": "quicksort","Sort Space Used": 327,"Sort Space Type": "Memory","Workers": [{"Worker Number": 0,"Sort Method": "quicksort","Sort Space Used": 271,"Sort Space Type": "Memory"},{"Worker Number": 1,"Sort Method": "quicksort","Sort Space Used": 259,"Sort Space Type": "Memory"}],"Plans": [{"Node Type": "Hash Join","Parent Relationship": "Outer","Parallel Aware": false,"Async Capable": false,"Join Type": "Inner","Startup Cost": 366.16,"Total Cost": 71418.15,"Plan Rows": 2455,"Plan Width": 252,"Actual Startup Time": 12.950,"Actual Total Time": 906.172,"Actual Rows": 2024,"Actual Loops": 3,"Inner Unique": false,"Hash Cond": "(lineitem.l_suppkey = supplier.s_suppkey)","Join Filter": "(((n1.n_name = 'IRAQ'::bpchar) AND (n2.n_name = 'UNITED STATES'::bpchar)) OR ((n1.n_name = 'UNITED STATES'::bpchar) AND (n2.n_name = 'IRAQ'::bpchar)))","Rows Removed by Join Filter": 2046,"Workers": [],"Plans": [{"Node Type": "Nested Loop","Parent Relationship": "Outer","Parallel Aware": false,"Async Capable": false,"Join Type": "Inner","Startup Cost": 2.26,"Total Cost": 70727.78,"Plan Rows": 60250,"Plan Width": 124,"Actual Startup Time": 0.701,"Actual Total Time": 888.459,"Actual Rows": 48181,"Actual Loops": 3,"Inner Unique": false,"Workers": [],"Plans": [{"Node Type": "Nested Loop","Parent Relationship": "Outer","Parallel Aware": false,"Async Capable": false,"Join Type": "Inner","Startup Cost": 1.83,"Total Cost": 12400.01,"Plan Rows": 49000,"Plan Width": 108,"Actual Startup Time": 0.357,"Actual Total Time": 219.997,"Actual Rows": 39608,"Actual Loops": 3,"Inner Unique": false,"Workers": [],"Plans": [{"Node Type": "Hash Join","Parent Relationship": "Outer","Parallel Aware": false,"Async Capable": false,"Join Type": "Inner","Startup Cost": 1.40,"Total Cost": 4403.27,"Plan Rows": 4900,"Plan Width": 108,"Actual Startup Time": 0.201,"Actual Total Time": 43.805,"Actual Rows": 3982,"Actual Loops": 3,"Inner Unique": true,"Hash Cond": "(customer.c_nationkey = n2.n_nationkey)","Workers": [],"Plans": [{"Node Type": "Seq Scan","Parent Relationship": "Outer","Parallel Aware": true,"Async Capable": false,"Relation Name": "customer","Alias": "customer","Startup Cost": 0.00,"Total Cost": 4210.00,"Plan Rows": 62500,"Plan Width": 8,"Actual Startup Time": 0.012,"Actual Total Time": 9.120,"Actual Rows": 50000,"Actual Loops": 3,"Workers": []},{"Node Type": "Hash","Parent Relationship": "Inner","Parallel Aware": false,"Async Capable": false,"Startup Cost": 1.38,"Total Cost": 1.38,"Plan Rows": 2,"Plan Width": 108,"Actual Startup Time": 0.067,"Actual Total Time": 0.075,"Actual Rows": 2,"Actual Loops": 3,"Hash Buckets": 1024,"Original Hash Buckets": 1024,"Hash Batches": 1,"Original Hash Batches": 1,"Peak Memory Usage": 9,"Workers": [],"Plans": [{"Node Type": "Seq Scan","Parent Relationship": "Outer","Parallel Aware": false,"Async Capable": false,"Relation Name": "nation","Alias": "n2","Startup Cost": 0.00,"Total Cost": 1.38,"Plan Rows": 2,"Plan Width": 108,"Actual Startup Time": 0.053,"Actual Total Time": 0.059,"Actual Rows": 2,"Actual Loops": 3,"Filter": "((n_name = 'UNITED STATES'::bpchar) OR (n_name = 'IRAQ'::bpchar))","Rows Removed by Filter": 23,"Workers": []}]}]},{"Node Type": "Index Scan","Parent Relationship": "Inner","Parallel Aware": false,"Async Capable": false,"Scan Direction": "Forward","Index Name": "idx_orders_custkey","Relation Name": "orders","Alias": "orders","Startup Cost": 0.43,"Total Cost": 1.46,"Plan Rows": 17,"Plan Width": 8,"Actual Startup Time": 0.007,"Actual Total Time": 0.043,"Actual Rows": 10,"Actual Loops": 11946,"Index Cond": "(o_custkey = customer.c_custkey)","Rows Removed by Index Recheck": 0,"Workers": []}]},{"Node Type": "Index Scan","Parent Relationship": "Inner","Parallel Aware": false,"Async Capable": false,"Scan Direction": "Forward","Index Name": "idx_lineitem_orderkey","Relation Name": "lineitem","Alias": "lineitem","Startup Cost": 0.43,"Total Cost": 1.14,"Plan Rows": 5,"Plan Width": 24,"Actual Startup Time": 0.016,"Actual Total Time": 0.017,"Actual Rows": 1,"Actual Loops": 118823,"Index Cond": "(l_orderkey = orders.o_orderkey)","Rows Removed by Index Recheck": 0,"Filter": "((l_shipdate >= '1995-01-01'::date) AND (l_shipdate <= '1996-12-31'::date))","Rows Removed by Filter": 3,"Workers": []}]},{"Node Type": "Hash","Parent Relationship": "Inner","Parallel Aware": false,"Async Capable": false,"Startup Cost": 354.10,"Total Cost": 354.10,"Plan Rows": 784,"Plan Width": 108,"Actual Startup Time": 10.641,"Actual Total Time": 10.659,"Actual Rows": 831,"Actual Loops": 3,"Hash Buckets": 1024,"Original Hash Buckets": 1024,"Hash Batches": 1,"Original Hash Batches": 1,"Peak Memory Usage": 59,"Workers": [],"Plans": [{"Node Type": "Hash Join","Parent Relationship": "Outer","Parallel Aware": false,"Async Capable": false,"Join Type": "Inner","Startup Cost": 1.40,"Total Cost": 354.10,"Plan Rows": 784,"Plan Width": 108,"Actual Startup Time": 0.074,"Actual Total Time": 10.430,"Actual Rows": 831,"Actual Loops": 3,"Inner Unique": true,"Hash Cond": "(supplier.s_nationkey = n1.n_nationkey)","Workers": [],"Plans": [{"Node Type": "Seq Scan","Parent Relationship": "Outer","Parallel Aware": false,"Async Capable": false,"Relation Name": "supplier","Alias": "supplier","Startup Cost": 0.00,"Total Cost": 322.00,"Plan Rows": 10000,"Plan Width": 8,"Actual Startup Time": 0.029,"Actual Total Time": 4.390,"Actual Rows": 10000,"Actual Loops": 3,"Workers": []},{"Node Type": "Hash","Parent Relationship": "Inner","Parallel Aware": false,"Async Capable": false,"Startup Cost": 1.38,"Total Cost": 1.38,"Plan Rows": 2,"Plan Width": 108,"Actual Startup Time": 0.016,"Actual Total Time": 0.024,"Actual Rows": 2,"Actual Loops": 3,"Hash Buckets": 1024,"Original Hash Buckets": 1024,"Hash Batches": 1,"Original Hash Batches": 1,"Peak Memory Usage": 9,"Workers": [],"Plans": [{"Node Type": "Seq Scan","Parent Relationship": "Outer","Parallel Aware": false,"Async Capable": false,"Relation Name": "nation","Alias": "n1","Startup Cost": 0.00,"Total Cost": 1.38,"Plan Rows": 2,"Plan Width": 108,"Actual Startup Time": 0.006,"Actual Total Time": 0.012,"Actual Rows": 2,"Actual Loops": 3,"Filter": "((n_name = 'IRAQ'::bpchar) OR (n_name = 'UNITED STATES'::bpchar))","Rows Removed by Filter": 23,"Workers": []}]}]}]}]}]}]}]}]},"Planning Time": 8.552,"Triggers": [],"Execution Time": 961.264}]
[{"Plan": {"Node Type": "Aggregate","Strategy": "Sorted","Partial Mode": "Finalize","Parallel Aware": false,"Async Capable": false,"Startup Cost": 72556.41,"Total Cost": 73352.71,"Plan Rows": 5893,"Plan Width": 272,"Actual Startup Time": 922.025,"Actual Total Time": 967.242,"Actual Rows": 4,"Actual Loops": 1,"Group Key": ["n1.n_name", "n2.n_name", "(EXTRACT(year FROM lineitem.l_shipdate))"],"Plans": [{"Node Type": "Gather Merge","Parent Relationship": "Outer","Parallel Aware": false,"Async Capable": false,"Startup Cost": 72556.41,"Total Cost": 73202.94,"Plan Rows": 4910,"Plan Width": 272,"Actual Startup Time": 921.755,"Actual Total Time": 967.174,"Actual Rows": 12,"Actual Loops": 1,"Workers Planned": 2,"Workers Launched": 2,"Plans": [{"Node Type": "Aggregate","Strategy": "Sorted","Partial Mode": "Partial","Parent Relationship": "Outer","Parallel Aware": false,"Async Capable": false,"Startup Cost": 71556.39,"Total Cost": 71636.18,"Plan Rows": 2455,"Plan Width": 272,"Actual Startup Time": 914.163,"Actual Total Time": 914.835,"Actual Rows": 4,"Actual Loops": 3,"Group Key": ["n1.n_name", "n2.n_name", "(EXTRACT(year FROM lineitem.l_shipdate))"],"Workers": [],"Plans": [{"Node Type": "Sort","Parent Relationship": "Outer","Parallel Aware": false,"Async Capable": false,"Startup Cost": 71556.39,"Total Cost": 71562.53,"Plan Rows": 2455,"Plan Width": 252,"Actual Startup Time": 913.898,"Actual Total Time": 914.003,"Actual Rows": 1996,"Actual Loops": 3,"Sort Key": ["n1.n_name", "n2.n_name", "(EXTRACT(year FROM lineitem.l_shipdate))"],"Sort Method": "quicksort","Sort Space Used": 263,"Sort Space Type": "Memory","Workers": [{"Worker Number": 0,"Sort Method": "quicksort","Sort Space Used": 264,"Sort Space Type": "Memory"},{"Worker Number": 1,"Sort Method": "quicksort","Sort Space Used": 321,"Sort Space Type": "Memory"}],"Plans": [{"Node Type": "Hash Join","Parent Relationship": "Outer","Parallel Aware": false,"Async Capable": false,"Join Type": "Inner","Startup Cost": 366.16,"Total Cost": 71418.15,"Plan Rows": 2455,"Plan Width": 252,"Actual Startup Time": 8.943,"Actual Total Time": 911.975,"Actual Rows": 1996,"Actual Loops": 3,"Inner Unique": false,"Hash Cond": "(lineitem.l_suppkey = supplier.s_suppkey)","Join Filter": "(((n1.n_name = 'ALGERIA'::bpchar) AND (n2.n_name = 'UNITED STATES'::bpchar)) OR ((n1.n_name = 'UNITED STATES'::bpchar) AND (n2.n_name = 'ALGERIA'::bpchar)))","Rows Removed by Join Filter": 2005,"Workers": [],"Plans": [{"Node Type": "Nested Loop","Parent Relationship": "Outer","Parallel Aware": false,"Async Capable": false,"Join Type": "Inner","Startup Cost": 2.26,"Total Cost": 70727.78,"Plan Rows": 60250,"Plan Width": 124,"Actual Startup Time": 0.525,"Actual Total Time": 897.388,"Actual Rows": 48549,"Actual Loops": 3,"Inner Unique": false,"Workers": [],"Plans": [{"Node Type": "Nested Loop","Parent Relationship": "Outer","Parallel Aware": false,"Async Capable": false,"Join Type": "Inner","Startup Cost": 1.83,"Total Cost": 12400.01,"Plan Rows": 49000,"Plan Width": 108,"Actual Startup Time": 0.248,"Actual Total Time": 222.216,"Actual Rows": 39848,"Actual Loops": 3,"Inner Unique": false,"Workers": [],"Plans": [{"Node Type": "Hash Join","Parent Relationship": "Outer","Parallel Aware": false,"Async Capable": false,"Join Type": "Inner","Startup Cost": 1.40,"Total Cost": 4403.27,"Plan Rows": 4900,"Plan Width": 108,"Actual Startup Time": 0.143,"Actual Total Time": 43.878,"Actual Rows": 3969,"Actual Loops": 3,"Inner Unique": true,"Hash Cond": "(customer.c_nationkey = n2.n_nationkey)","Workers": [],"Plans": [{"Node Type": "Seq Scan","Parent Relationship": "Outer","Parallel Aware": true,"Async Capable": false,"Relation Name": "customer","Alias": "customer","Startup Cost": 0.00,"Total Cost": 4210.00,"Plan Rows": 62500,"Plan Width": 8,"Actual Startup Time": 0.013,"Actual Total Time": 9.192,"Actual Rows": 50000,"Actual Loops": 3,"Workers": []},{"Node Type": "Hash","Parent Relationship": "Inner","Parallel Aware": false,"Async Capable": false,"Startup Cost": 1.38,"Total Cost": 1.38,"Plan Rows": 2,"Plan Width": 108,"Actual Startup Time": 0.055,"Actual Total Time": 0.061,"Actual Rows": 2,"Actual Loops": 3,"Hash Buckets": 1024,"Original Hash Buckets": 1024,"Hash Batches": 1,"Original Hash Batches": 1,"Peak Memory Usage": 9,"Workers": [],"Plans": [{"Node Type": "Seq Scan","Parent Relationship": "Outer","Parallel Aware": false,"Async Capable": false,"Relation Name": "nation","Alias": "n2","Startup Cost": 0.00,"Total Cost": 1.38,"Plan Rows": 2,"Plan Width": 108,"Actual Startup Time": 0.039,"Actual Total Time": 0.047,"Actual Rows": 2,"Actual Loops": 3,"Filter": "((n_name = 'UNITED STATES'::bpchar) OR (n_name = 'ALGERIA'::bpchar))","Rows Removed by Filter": 23,"Workers": []}]}]},{"Node Type": "Index Scan","Parent Relationship": "Inner","Parallel Aware": false,"Async Capable": false,"Scan Direction": "Forward","Index Name": "idx_orders_custkey","Relation Name": "orders","Alias": "orders","Startup Cost": 0.43,"Total Cost": 1.46,"Plan Rows": 17,"Plan Width": 8,"Actual Startup Time": 0.007,"Actual Total Time": 0.044,"Actual Rows": 10,"Actual Loops": 11908,"Index Cond": "(o_custkey = customer.c_custkey)","Rows Removed by Index Recheck": 0,"Workers": []}]},{"Node Type": "Index Scan","Parent Relationship": "Inner","Parallel Aware": false,"Async Capable": false,"Scan Direction": "Forward","Index Name": "idx_lineitem_orderkey","Relation Name": "lineitem","Alias": "lineitem","Startup Cost": 0.43,"Total Cost": 1.14,"Plan Rows": 5,"Plan Width": 24,"Actual Startup Time": 0.016,"Actual Total Time": 0.017,"Actual Rows": 1,"Actual Loops": 119543,"Index Cond": "(l_orderkey = orders.o_orderkey)","Rows Removed by Index Recheck": 0,"Filter": "((l_shipdate >= '1995-01-01'::date) AND (l_shipdate <= '1996-12-31'::date))","Rows Removed by Filter": 3,"Workers": []}]},{"Node Type": "Hash","Parent Relationship": "Inner","Parallel Aware": false,"Async Capable": false,"Startup Cost": 354.10,"Total Cost": 354.10,"Plan Rows": 784,"Plan Width": 108,"Actual Startup Time": 7.503,"Actual Total Time": 7.517,"Actual Rows": 813,"Actual Loops": 3,"Hash Buckets": 1024,"Original Hash Buckets": 1024,"Hash Batches": 1,"Original Hash Batches": 1,"Peak Memory Usage": 58,"Workers": [],"Plans": [{"Node Type": "Hash Join","Parent Relationship": "Outer","Parallel Aware": false,"Async Capable": false,"Join Type": "Inner","Startup Cost": 1.40,"Total Cost": 354.10,"Plan Rows": 784,"Plan Width": 108,"Actual Startup Time": 0.105,"Actual Total Time": 7.297,"Actual Rows": 813,"Actual Loops": 3,"Inner Unique": true,"Hash Cond": "(supplier.s_nationkey = n1.n_nationkey)","Workers": [],"Plans": [{"Node Type": "Seq Scan","Parent Relationship": "Outer","Parallel Aware": false,"Async Capable": false,"Relation Name": "supplier","Alias": "supplier","Startup Cost": 0.00,"Total Cost": 322.00,"Plan Rows": 10000,"Plan Width": 8,"Actual Startup Time": 0.035,"Actual Total Time": 3.830,"Actual Rows": 10000,"Actual Loops": 3,"Workers": []},{"Node Type": "Hash","Parent Relationship": "Inner","Parallel Aware": false,"Async Capable": false,"Startup Cost": 1.38,"Total Cost": 1.38,"Plan Rows": 2,"Plan Width": 108,"Actual Startup Time": 0.019,"Actual Total Time": 0.024,"Actual Rows": 2,"Actual Loops": 3,"Hash Buckets": 1024,"Original Hash Buckets": 1024,"Hash Batches": 1,"Original Hash Batches": 1,"Peak Memory Usage": 9,"Workers": [],"Plans": [{"Node Type": "Seq Scan","Parent Relationship": "Outer","Parallel Aware": false,"Async Capable": false,"Relation Name": "nation","Alias": "n1","Startup Cost": 0.00,"Total Cost": 1.38,"Plan Rows": 2,"Plan Width": 108,"Actual Startup Time": 0.005,"Actual Total Time": 0.013,"Actual Rows": 2,"Actual Loops": 3,"Filter": "((n_name = 'ALGERIA'::bpchar) OR (n_name = 'UNITED STATES'::bpchar))","Rows Removed by Filter": 23,"Workers": []}]}]}]}]}]}]}]}]},"Planning Time": 7.801,"Triggers": [],"Execution Time": 967.850}]
[{"Plan": {"Node Type": "Aggregate","Strategy": "Sorted","Partial Mode": "Finalize","Parallel Aware": false,"Async Capable": false,"Startup Cost": 72556.41,"Total Cost": 73352.71,"Plan Rows": 5893,"Plan Width": 272,"Actual Startup Time": 920.525,"Actual Total Time": 963.706,"Actual Rows": 4,"Actual Loops": 1,"Group Key": ["n1.n_name", "n2.n_name", "(EXTRACT(year FROM lineitem.l_shipdate))"],"Plans": [{"Node Type": "Gather Merge","Parent Relationship": "Outer","Parallel Aware": false,"Async Capable": false,"Startup Cost": 72556.41,"Total Cost": 73202.94,"Plan Rows": 4910,"Plan Width": 272,"Actual Startup Time": 919.760,"Actual Total Time": 963.644,"Actual Rows": 12,"Actual Loops": 1,"Workers Planned": 2,"Workers Launched": 2,"Plans": [{"Node Type": "Aggregate","Strategy": "Sorted","Partial Mode": "Partial","Parent Relationship": "Outer","Parallel Aware": false,"Async Capable": false,"Startup Cost": 71556.39,"Total Cost": 71636.18,"Plan Rows": 2455,"Plan Width": 272,"Actual Startup Time": 912.104,"Actual Total Time": 912.933,"Actual Rows": 4,"Actual Loops": 3,"Group Key": ["n1.n_name", "n2.n_name", "(EXTRACT(year FROM lineitem.l_shipdate))"],"Workers": [],"Plans": [{"Node Type": "Sort","Parent Relationship": "Outer","Parallel Aware": false,"Async Capable": false,"Startup Cost": 71556.39,"Total Cost": 71562.53,"Plan Rows": 2455,"Plan Width": 252,"Actual Startup Time": 911.846,"Actual Total Time": 911.965,"Actual Rows": 1832,"Actual Loops": 3,"Sort Key": ["n1.n_name", "n2.n_name", "(EXTRACT(year FROM lineitem.l_shipdate))"],"Sort Method": "quicksort","Sort Space Used": 259,"Sort Space Type": "Memory","Workers": [{"Worker Number": 0,"Sort Method": "quicksort","Sort Space Used": 242,"Sort Space Type": "Memory"},{"Worker Number": 1,"Sort Method": "quicksort","Sort Space Used": 246,"Sort Space Type": "Memory"}],"Plans": [{"Node Type": "Hash Join","Parent Relationship": "Outer","Parallel Aware": false,"Async Capable": false,"Join Type": "Inner","Startup Cost": 366.16,"Total Cost": 71418.15,"Plan Rows": 2455,"Plan Width": 252,"Actual Startup Time": 13.213,"Actual Total Time": 910.111,"Actual Rows": 1832,"Actual Loops": 3,"Inner Unique": false,"Hash Cond": "(lineitem.l_suppkey = supplier.s_suppkey)","Join Filter": "(((n1.n_name = 'IRAN'::bpchar) AND (n2.n_name = 'JAPAN'::bpchar)) OR ((n1.n_name = 'JAPAN'::bpchar) AND (n2.n_name = 'IRAN'::bpchar)))","Rows Removed by Join Filter": 1817,"Workers": [],"Plans": [{"Node Type": "Nested Loop","Parent Relationship": "Outer","Parallel Aware": false,"Async Capable": false,"Join Type": "Inner","Startup Cost": 2.26,"Total Cost": 70727.78,"Plan Rows": 60250,"Plan Width": 124,"Actual Startup Time": 0.514,"Actual Total Time": 891.592,"Actual Rows": 48183,"Actual Loops": 3,"Inner Unique": false,"Workers": [],"Plans": [{"Node Type": "Nested Loop","Parent Relationship": "Outer","Parallel Aware": false,"Async Capable": false,"Join Type": "Inner","Startup Cost": 1.83,"Total Cost": 12400.01,"Plan Rows": 49000,"Plan Width": 108,"Actual Startup Time": 0.323,"Actual Total Time": 221.136,"Actual Rows": 39693,"Actual Loops": 3,"Inner Unique": false,"Workers": [],"Plans": [{"Node Type": "Hash Join","Parent Relationship": "Outer","Parallel Aware": false,"Async Capable": false,"Join Type": "Inner","Startup Cost": 1.40,"Total Cost": 4403.27,"Plan Rows": 4900,"Plan Width": 108,"Actual Startup Time": 0.197,"Actual Total Time": 43.748,"Actual Rows": 3986,"Actual Loops": 3,"Inner Unique": true,"Hash Cond": "(customer.c_nationkey = n2.n_nationkey)","Workers": [],"Plans": [{"Node Type": "Seq Scan","Parent Relationship": "Outer","Parallel Aware": true,"Async Capable": false,"Relation Name": "customer","Alias": "customer","Startup Cost": 0.00,"Total Cost": 4210.00,"Plan Rows": 62500,"Plan Width": 8,"Actual Startup Time": 0.021,"Actual Total Time": 9.145,"Actual Rows": 50000,"Actual Loops": 3,"Workers": []},{"Node Type": "Hash","Parent Relationship": "Inner","Parallel Aware": false,"Async Capable": false,"Startup Cost": 1.38,"Total Cost": 1.38,"Plan Rows": 2,"Plan Width": 108,"Actual Startup Time": 0.076,"Actual Total Time": 0.082,"Actual Rows": 2,"Actual Loops": 3,"Hash Buckets": 1024,"Original Hash Buckets": 1024,"Hash Batches": 1,"Original Hash Batches": 1,"Peak Memory Usage": 9,"Workers": [],"Plans": [{"Node Type": "Seq Scan","Parent Relationship": "Outer","Parallel Aware": false,"Async Capable": false,"Relation Name": "nation","Alias": "n2","Startup Cost": 0.00,"Total Cost": 1.38,"Plan Rows": 2,"Plan Width": 108,"Actual Startup Time": 0.060,"Actual Total Time": 0.065,"Actual Rows": 2,"Actual Loops": 3,"Filter": "((n_name = 'JAPAN'::bpchar) OR (n_name = 'IRAN'::bpchar))","Rows Removed by Filter": 23,"Workers": []}]}]},{"Node Type": "Index Scan","Parent Relationship": "Inner","Parallel Aware": false,"Async Capable": false,"Scan Direction": "Forward","Index Name": "idx_orders_custkey","Relation Name": "orders","Alias": "orders","Startup Cost": 0.43,"Total Cost": 1.46,"Plan Rows": 17,"Plan Width": 8,"Actual Startup Time": 0.007,"Actual Total Time": 0.043,"Actual Rows": 10,"Actual Loops": 11957,"Index Cond": "(o_custkey = customer.c_custkey)","Rows Removed by Index Recheck": 0,"Workers": []}]},{"Node Type": "Index Scan","Parent Relationship": "Inner","Parallel Aware": false,"Async Capable": false,"Scan Direction": "Forward","Index Name": "idx_lineitem_orderkey","Relation Name": "lineitem","Alias": "lineitem","Startup Cost": 0.43,"Total Cost": 1.14,"Plan Rows": 5,"Plan Width": 24,"Actual Startup Time": 0.016,"Actual Total Time": 0.017,"Actual Rows": 1,"Actual Loops": 119080,"Index Cond": "(l_orderkey = orders.o_orderkey)","Rows Removed by Index Recheck": 0,"Filter": "((l_shipdate >= '1995-01-01'::date) AND (l_shipdate <= '1996-12-31'::date))","Rows Removed by Filter": 3,"Workers": []}]},{"Node Type": "Hash","Parent Relationship": "Inner","Parallel Aware": false,"Async Capable": false,"Startup Cost": 354.10,"Total Cost": 354.10,"Plan Rows": 784,"Plan Width": 108,"Actual Startup Time": 11.487,"Actual Total Time": 11.505,"Actual Rows": 770,"Actual Loops": 3,"Hash Buckets": 1024,"Original Hash Buckets": 1024,"Hash Batches": 1,"Original Hash Batches": 1,"Peak Memory Usage": 55,"Workers": [],"Plans": [{"Node Type": "Hash Join","Parent Relationship": "Outer","Parallel Aware": false,"Async Capable": false,"Join Type": "Inner","Startup Cost": 1.40,"Total Cost": 354.10,"Plan Rows": 784,"Plan Width": 108,"Actual Startup Time": 0.095,"Actual Total Time": 11.301,"Actual Rows": 770,"Actual Loops": 3,"Inner Unique": true,"Hash Cond": "(supplier.s_nationkey = n1.n_nationkey)","Workers": [],"Plans": [{"Node Type": "Seq Scan","Parent Relationship": "Outer","Parallel Aware": false,"Async Capable": false,"Relation Name": "supplier","Alias": "supplier","Startup Cost": 0.00,"Total Cost": 322.00,"Plan Rows": 10000,"Plan Width": 8,"Actual Startup Time": 0.034,"Actual Total Time": 4.753,"Actual Rows": 10000,"Actual Loops": 3,"Workers": []},{"Node Type": "Hash","Parent Relationship": "Inner","Parallel Aware": false,"Async Capable": false,"Startup Cost": 1.38,"Total Cost": 1.38,"Plan Rows": 2,"Plan Width": 108,"Actual Startup Time": 0.018,"Actual Total Time": 0.024,"Actual Rows": 2,"Actual Loops": 3,"Hash Buckets": 1024,"Original Hash Buckets": 1024,"Hash Batches": 1,"Original Hash Batches": 1,"Peak Memory Usage": 9,"Workers": [],"Plans": [{"Node Type": "Seq Scan","Parent Relationship": "Outer","Parallel Aware": false,"Async Capable": false,"Relation Name": "nation","Alias": "n1","Startup Cost": 0.00,"Total Cost": 1.38,"Plan Rows": 2,"Plan Width": 108,"Actual Startup Time": 0.007,"Actual Total Time": 0.012,"Actual Rows": 2,"Actual Loops": 3,"Filter": "((n_name = 'IRAN'::bpchar) OR (n_name = 'JAPAN'::bpchar))","Rows Removed by Filter": 23,"Workers": []}]}]}]}]}]}]}]}]},"Planning Time": 8.281,"Triggers": [],"Execution Time": 964.109}]
[{"Plan": {"Node Type": "Aggregate","Strategy": "Sorted","Partial Mode": "Finalize","Parallel Aware": false,"Async Capable": false,"Startup Cost": 72556.41,"Total Cost": 73352.71,"Plan Rows": 5893,"Plan Width": 272,"Actual Startup Time": 927.064,"Actual Total Time": 979.515,"Actual Rows": 4,"Actual Loops": 1,"Group Key": ["n1.n_name", "n2.n_name", "(EXTRACT(year FROM lineitem.l_shipdate))"],"Plans": [{"Node Type": "Gather Merge","Parent Relationship": "Outer","Parallel Aware": false,"Async Capable": false,"Startup Cost": 72556.41,"Total Cost": 73202.94,"Plan Rows": 4910,"Plan Width": 272,"Actual Startup Time": 926.265,"Actual Total Time": 979.368,"Actual Rows": 12,"Actual Loops": 1,"Workers Planned": 2,"Workers Launched": 2,"Plans": [{"Node Type": "Aggregate","Strategy": "Sorted","Partial Mode": "Partial","Parent Relationship": "Outer","Parallel Aware": false,"Async Capable": false,"Startup Cost": 71556.39,"Total Cost": 71636.18,"Plan Rows": 2455,"Plan Width": 272,"Actual Startup Time": 917.150,"Actual Total Time": 918.047,"Actual Rows": 4,"Actual Loops": 3,"Group Key": ["n1.n_name", "n2.n_name", "(EXTRACT(year FROM lineitem.l_shipdate))"],"Workers": [],"Plans": [{"Node Type": "Sort","Parent Relationship": "Outer","Parallel Aware": false,"Async Capable": false,"Startup Cost": 71556.39,"Total Cost": 71562.53,"Plan Rows": 2455,"Plan Width": 252,"Actual Startup Time": 916.892,"Actual Total Time": 917.011,"Actual Rows": 1948,"Actual Loops": 3,"Sort Key": ["n1.n_name", "n2.n_name", "(EXTRACT(year FROM lineitem.l_shipdate))"],"Sort Method": "quicksort","Sort Space Used": 262,"Sort Space Type": "Memory","Workers": [{"Worker Number": 0,"Sort Method": "quicksort","Sort Space Used": 268,"Sort Space Type": "Memory"},{"Worker Number": 1,"Sort Method": "quicksort","Sort Space Used": 255,"Sort Space Type": "Memory"}],"Plans": [{"Node Type": "Hash Join","Parent Relationship": "Outer","Parallel Aware": false,"Async Capable": false,"Join Type": "Inner","Startup Cost": 366.16,"Total Cost": 71418.15,"Plan Rows": 2455,"Plan Width": 252,"Actual Startup Time": 9.531,"Actual Total Time": 914.931,"Actual Rows": 1948,"Actual Loops": 3,"Inner Unique": false,"Hash Cond": "(lineitem.l_suppkey = supplier.s_suppkey)","Join Filter": "(((n1.n_name = 'BRAZIL'::bpchar) AND (n2.n_name = 'IRAN'::bpchar)) OR ((n1.n_name = 'IRAN'::bpchar) AND (n2.n_name = 'BRAZIL'::bpchar)))","Rows Removed by Join Filter": 1887,"Workers": [],"Plans": [{"Node Type": "Nested Loop","Parent Relationship": "Outer","Parallel Aware": false,"Async Capable": false,"Join Type": "Inner","Startup Cost": 2.26,"Total Cost": 70727.78,"Plan Rows": 60250,"Plan Width": 124,"Actual Startup Time": 1.111,"Actual Total Time": 901.109,"Actual Rows": 48493,"Actual Loops": 3,"Inner Unique": false,"Workers": [],"Plans": [{"Node Type": "Nested Loop","Parent Relationship": "Outer","Parallel Aware": false,"Async Capable": false,"Join Type": "Inner","Startup Cost": 1.83,"Total Cost": 12400.01,"Plan Rows": 49000,"Plan Width": 108,"Actual Startup Time": 0.362,"Actual Total Time": 226.876,"Actual Rows": 39937,"Actual Loops": 3,"Inner Unique": false,"Workers": [],"Plans": [{"Node Type": "Hash Join","Parent Relationship": "Outer","Parallel Aware": false,"Async Capable": false,"Join Type": "Inner","Startup Cost": 1.40,"Total Cost": 4403.27,"Plan Rows": 4900,"Plan Width": 108,"Actual Startup Time": 0.214,"Actual Total Time": 47.101,"Actual Rows": 4003,"Actual Loops": 3,"Inner Unique": true,"Hash Cond": "(customer.c_nationkey = n2.n_nationkey)","Workers": [],"Plans": [{"Node Type": "Seq Scan","Parent Relationship": "Outer","Parallel Aware": true,"Async Capable": false,"Relation Name": "customer","Alias": "customer","Startup Cost": 0.00,"Total Cost": 4210.00,"Plan Rows": 62500,"Plan Width": 8,"Actual Startup Time": 0.021,"Actual Total Time": 9.569,"Actual Rows": 50000,"Actual Loops": 3,"Workers": []},{"Node Type": "Hash","Parent Relationship": "Inner","Parallel Aware": false,"Async Capable": false,"Startup Cost": 1.38,"Total Cost": 1.38,"Plan Rows": 2,"Plan Width": 108,"Actual Startup Time": 0.085,"Actual Total Time": 0.091,"Actual Rows": 2,"Actual Loops": 3,"Hash Buckets": 1024,"Original Hash Buckets": 1024,"Hash Batches": 1,"Original Hash Batches": 1,"Peak Memory Usage": 9,"Workers": [],"Plans": [{"Node Type": "Seq Scan","Parent Relationship": "Outer","Parallel Aware": false,"Async Capable": false,"Relation Name": "nation","Alias": "n2","Startup Cost": 0.00,"Total Cost": 1.38,"Plan Rows": 2,"Plan Width": 108,"Actual Startup Time": 0.065,"Actual Total Time": 0.074,"Actual Rows": 2,"Actual Loops": 3,"Filter": "((n_name = 'IRAN'::bpchar) OR (n_name = 'BRAZIL'::bpchar))","Rows Removed by Filter": 23,"Workers": []}]}]},{"Node Type": "Index Scan","Parent Relationship": "Inner","Parallel Aware": false,"Async Capable": false,"Scan Direction": "Forward","Index Name": "idx_orders_custkey","Relation Name": "orders","Alias": "orders","Startup Cost": 0.43,"Total Cost": 1.46,"Plan Rows": 17,"Plan Width": 8,"Actual Startup Time": 0.007,"Actual Total Time": 0.044,"Actual Rows": 10,"Actual Loops": 12008,"Index Cond": "(o_custkey = customer.c_custkey)","Rows Removed by Index Recheck": 0,"Workers": []}]},{"Node Type": "Index Scan","Parent Relationship": "Inner","Parallel Aware": false,"Async Capable": false,"Scan Direction": "Forward","Index Name": "idx_lineitem_orderkey","Relation Name": "lineitem","Alias": "lineitem","Startup Cost": 0.43,"Total Cost": 1.14,"Plan Rows": 5,"Plan Width": 24,"Actual Startup Time": 0.016,"Actual Total Time": 0.017,"Actual Rows": 1,"Actual Loops": 119812,"Index Cond": "(l_orderkey = orders.o_orderkey)","Rows Removed by Index Recheck": 0,"Filter": "((l_shipdate >= '1995-01-01'::date) AND (l_shipdate <= '1996-12-31'::date))","Rows Removed by Filter": 3,"Workers": []}]},{"Node Type": "Hash","Parent Relationship": "Inner","Parallel Aware": false,"Async Capable": false,"Startup Cost": 354.10,"Total Cost": 354.10,"Plan Rows": 784,"Plan Width": 108,"Actual Startup Time": 6.619,"Actual Total Time": 6.632,"Actual Rows": 790,"Actual Loops": 3,"Hash Buckets": 1024,"Original Hash Buckets": 1024,"Hash Batches": 1,"Original Hash Batches": 1,"Peak Memory Usage": 56,"Workers": [],"Plans": [{"Node Type": "Hash Join","Parent Relationship": "Outer","Parallel Aware": false,"Async Capable": false,"Join Type": "Inner","Startup Cost": 1.40,"Total Cost": 354.10,"Plan Rows": 784,"Plan Width": 108,"Actual Startup Time": 0.095,"Actual Total Time": 6.450,"Actual Rows": 790,"Actual Loops": 3,"Inner Unique": true,"Hash Cond": "(supplier.s_nationkey = n1.n_nationkey)","Workers": [],"Plans": [{"Node Type": "Seq Scan","Parent Relationship": "Outer","Parallel Aware": false,"Async Capable": false,"Relation Name": "supplier","Alias": "supplier","Startup Cost": 0.00,"Total Cost": 322.00,"Plan Rows": 10000,"Plan Width": 8,"Actual Startup Time": 0.036,"Actual Total Time": 3.365,"Actual Rows": 10000,"Actual Loops": 3,"Workers": []},{"Node Type": "Hash","Parent Relationship": "Inner","Parallel Aware": false,"Async Capable": false,"Startup Cost": 1.38,"Total Cost": 1.38,"Plan Rows": 2,"Plan Width": 108,"Actual Startup Time": 0.020,"Actual Total Time": 0.025,"Actual Rows": 2,"Actual Loops": 3,"Hash Buckets": 1024,"Original Hash Buckets": 1024,"Hash Batches": 1,"Original Hash Batches": 1,"Peak Memory Usage": 9,"Workers": [],"Plans": [{"Node Type": "Seq Scan","Parent Relationship": "Outer","Parallel Aware": false,"Async Capable": false,"Relation Name": "nation","Alias": "n1","Startup Cost": 0.00,"Total Cost": 1.38,"Plan Rows": 2,"Plan Width": 108,"Actual Startup Time": 0.006,"Actual Total Time": 0.015,"Actual Rows": 2,"Actual Loops": 3,"Filter": "((n_name = 'BRAZIL'::bpchar) OR (n_name = 'IRAN'::bpchar))","Rows Removed by Filter": 23,"Workers": []}]}]}]}]}]}]}]}]},"Planning Time": 8.876,"Triggers": [],"Execution Time": 980.075}]
[{"Plan": {"Node Type": "Aggregate","Strategy": "Sorted","Partial Mode": "Finalize","Parallel Aware": false,"Async Capable": false,"Startup Cost": 72556.41,"Total Cost": 73352.71,"Plan Rows": 5893,"Plan Width": 272,"Actual Startup Time": 924.952,"Actual Total Time": 973.919,"Actual Rows": 4,"Actual Loops": 1,"Group Key": ["n1.n_name", "n2.n_name", "(EXTRACT(year FROM lineitem.l_shipdate))"],"Plans": [{"Node Type": "Gather Merge","Parent Relationship": "Outer","Parallel Aware": false,"Async Capable": false,"Startup Cost": 72556.41,"Total Cost": 73202.94,"Plan Rows": 4910,"Plan Width": 272,"Actual Startup Time": 924.700,"Actual Total Time": 973.851,"Actual Rows": 12,"Actual Loops": 1,"Workers Planned": 2,"Workers Launched": 2,"Plans": [{"Node Type": "Aggregate","Strategy": "Sorted","Partial Mode": "Partial","Parent Relationship": "Outer","Parallel Aware": false,"Async Capable": false,"Startup Cost": 71556.39,"Total Cost": 71636.18,"Plan Rows": 2455,"Plan Width": 272,"Actual Startup Time": 916.148,"Actual Total Time": 916.811,"Actual Rows": 4,"Actual Loops": 3,"Group Key": ["n1.n_name", "n2.n_name", "(EXTRACT(year FROM lineitem.l_shipdate))"],"Workers": [],"Plans": [{"Node Type": "Sort","Parent Relationship": "Outer","Parallel Aware": false,"Async Capable": false,"Startup Cost": 71556.39,"Total Cost": 71562.53,"Plan Rows": 2455,"Plan Width": 252,"Actual Startup Time": 915.887,"Actual Total Time": 915.991,"Actual Rows": 1907,"Actual Loops": 3,"Sort Key": ["n1.n_name", "n2.n_name", "(EXTRACT(year FROM lineitem.l_shipdate))"],"Sort Method": "quicksort","Sort Space Used": 261,"Sort Space Type": "Memory","Workers": [{"Worker Number": 0,"Sort Method": "quicksort","Sort Space Used": 251,"Sort Space Type": "Memory"},{"Worker Number": 1,"Sort Method": "quicksort","Sort Space Used": 259,"Sort Space Type": "Memory"}],"Plans": [{"Node Type": "Hash Join","Parent Relationship": "Outer","Parallel Aware": false,"Async Capable": false,"Join Type": "Inner","Startup Cost": 366.16,"Total Cost": 71418.15,"Plan Rows": 2455,"Plan Width": 252,"Actual Startup Time": 11.478,"Actual Total Time": 914.051,"Actual Rows": 1907,"Actual Loops": 3,"Inner Unique": false,"Hash Cond": "(lineitem.l_suppkey = supplier.s_suppkey)","Join Filter": "(((n1.n_name = 'UNITED STATES'::bpchar) AND (n2.n_name = 'ETHIOPIA'::bpchar)) OR ((n1.n_name = 'ETHIOPIA'::bpchar) AND (n2.n_name = 'UNITED STATES'::bpchar)))","Rows Removed by Join Filter": 1916,"Workers": [],"Plans": [{"Node Type": "Nested Loop","Parent Relationship": "Outer","Parallel Aware": false,"Async Capable": false,"Join Type": "Inner","Startup Cost": 2.26,"Total Cost": 70727.78,"Plan Rows": 60250,"Plan Width": 124,"Actual Startup Time": 0.624,"Actual Total Time": 897.747,"Actual Rows": 48640,"Actual Loops": 3,"Inner Unique": false,"Workers": [],"Plans": [{"Node Type": "Nested Loop","Parent Relationship": "Outer","Parallel Aware": false,"Async Capable": false,"Join Type": "Inner","Startup Cost": 1.83,"Total Cost": 12400.01,"Plan Rows": 49000,"Plan Width": 108,"Actual Startup Time": 0.349,"Actual Total Time": 226.587,"Actual Rows": 39876,"Actual Loops": 3,"Inner Unique": false,"Workers": [],"Plans": [{"Node Type": "Hash Join","Parent Relationship": "Outer","Parallel Aware": false,"Async Capable": false,"Join Type": "Inner","Startup Cost": 1.40,"Total Cost": 4403.27,"Plan Rows": 4900,"Plan Width": 108,"Actual Startup Time": 0.214,"Actual Total Time": 47.486,"Actual Rows": 3978,"Actual Loops": 3,"Inner Unique": true,"Hash Cond": "(customer.c_nationkey = n2.n_nationkey)","Workers": [],"Plans": [{"Node Type": "Seq Scan","Parent Relationship": "Outer","Parallel Aware": true,"Async Capable": false,"Relation Name": "customer","Alias": "customer","Startup Cost": 0.00,"Total Cost": 4210.00,"Plan Rows": 62500,"Plan Width": 8,"Actual Startup Time": 0.017,"Actual Total Time": 9.627,"Actual Rows": 50000,"Actual Loops": 3,"Workers": []},{"Node Type": "Hash","Parent Relationship": "Inner","Parallel Aware": false,"Async Capable": false,"Startup Cost": 1.38,"Total Cost": 1.38,"Plan Rows": 2,"Plan Width": 108,"Actual Startup Time": 0.080,"Actual Total Time": 0.086,"Actual Rows": 2,"Actual Loops": 3,"Hash Buckets": 1024,"Original Hash Buckets": 1024,"Hash Batches": 1,"Original Hash Batches": 1,"Peak Memory Usage": 9,"Workers": [],"Plans": [{"Node Type": "Seq Scan","Parent Relationship": "Outer","Parallel Aware": false,"Async Capable": false,"Relation Name": "nation","Alias": "n2","Startup Cost": 0.00,"Total Cost": 1.38,"Plan Rows": 2,"Plan Width": 108,"Actual Startup Time": 0.054,"Actual Total Time": 0.062,"Actual Rows": 2,"Actual Loops": 3,"Filter": "((n_name = 'ETHIOPIA'::bpchar) OR (n_name = 'UNITED STATES'::bpchar))","Rows Removed by Filter": 23,"Workers": []}]}]},{"Node Type": "Index Scan","Parent Relationship": "Inner","Parallel Aware": false,"Async Capable": false,"Scan Direction": "Forward","Index Name": "idx_orders_custkey","Relation Name": "orders","Alias": "orders","Startup Cost": 0.43,"Total Cost": 1.46,"Plan Rows": 17,"Plan Width": 8,"Actual Startup Time": 0.007,"Actual Total Time": 0.044,"Actual Rows": 10,"Actual Loops": 11935,"Index Cond": "(o_custkey = customer.c_custkey)","Rows Removed by Index Recheck": 0,"Workers": []}]},{"Node Type": "Index Scan","Parent Relationship": "Inner","Parallel Aware": false,"Async Capable": false,"Scan Direction": "Forward","Index Name": "idx_lineitem_orderkey","Relation Name": "lineitem","Alias": "lineitem","Startup Cost": 0.43,"Total Cost": 1.14,"Plan Rows": 5,"Plan Width": 24,"Actual Startup Time": 0.016,"Actual Total Time": 0.017,"Actual Rows": 1,"Actual Loops": 119627,"Index Cond": "(l_orderkey = orders.o_orderkey)","Rows Removed by Index Recheck": 0,"Filter": "((l_shipdate >= '1995-01-01'::date) AND (l_shipdate <= '1996-12-31'::date))","Rows Removed by Filter": 3,"Workers": []}]},{"Node Type": "Hash","Parent Relationship": "Inner","Parallel Aware": false,"Async Capable": false,"Startup Cost": 354.10,"Total Cost": 354.10,"Plan Rows": 784,"Plan Width": 108,"Actual Startup Time": 9.286,"Actual Total Time": 9.300,"Actual Rows": 773,"Actual Loops": 3,"Hash Buckets": 1024,"Original Hash Buckets": 1024,"Hash Batches": 1,"Original Hash Batches": 1,"Peak Memory Usage": 55,"Workers": [],"Plans": [{"Node Type": "Hash Join","Parent Relationship": "Outer","Parallel Aware": false,"Async Capable": false,"Join Type": "Inner","Startup Cost": 1.40,"Total Cost": 354.10,"Plan Rows": 784,"Plan Width": 108,"Actual Startup Time": 0.098,"Actual Total Time": 9.081,"Actual Rows": 773,"Actual Loops": 3,"Inner Unique": true,"Hash Cond": "(supplier.s_nationkey = n1.n_nationkey)","Workers": [],"Plans": [{"Node Type": "Seq Scan","Parent Relationship": "Outer","Parallel Aware": false,"Async Capable": false,"Relation Name": "supplier","Alias": "supplier","Startup Cost": 0.00,"Total Cost": 322.00,"Plan Rows": 10000,"Plan Width": 8,"Actual Startup Time": 0.031,"Actual Total Time": 4.654,"Actual Rows": 10000,"Actual Loops": 3,"Workers": []},{"Node Type": "Hash","Parent Relationship": "Inner","Parallel Aware": false,"Async Capable": false,"Startup Cost": 1.38,"Total Cost": 1.38,"Plan Rows": 2,"Plan Width": 108,"Actual Startup Time": 0.018,"Actual Total Time": 0.022,"Actual Rows": 2,"Actual Loops": 3,"Hash Buckets": 1024,"Original Hash Buckets": 1024,"Hash Batches": 1,"Original Hash Batches": 1,"Peak Memory Usage": 9,"Workers": [],"Plans": [{"Node Type": "Seq Scan","Parent Relationship": "Outer","Parallel Aware": false,"Async Capable": false,"Relation Name": "nation","Alias": "n1","Startup Cost": 0.00,"Total Cost": 1.38,"Plan Rows": 2,"Plan Width": 108,"Actual Startup Time": 0.006,"Actual Total Time": 0.012,"Actual Rows": 2,"Actual Loops": 3,"Filter": "((n_name = 'UNITED STATES'::bpchar) OR (n_name = 'ETHIOPIA'::bpchar))","Rows Removed by Filter": 23,"Workers": []}]}]}]}]}]}]}]}]},"Planning Time": 9.066,"Triggers": [],"Execution Time": 974.391}]
[{"Plan": {"Node Type": "Aggregate","Strategy": "Sorted","Partial Mode": "Finalize","Parallel Aware": false,"Async Capable": false,"Startup Cost": 72556.41,"Total Cost": 73352.71,"Plan Rows": 5893,"Plan Width": 272,"Actual Startup Time": 921.841,"Actual Total Time": 966.683,"Actual Rows": 4,"Actual Loops": 1,"Group Key": ["n1.n_name", "n2.n_name", "(EXTRACT(year FROM lineitem.l_shipdate))"],"Plans": [{"Node Type": "Gather Merge","Parent Relationship": "Outer","Parallel Aware": false,"Async Capable": false,"Startup Cost": 72556.41,"Total Cost": 73202.94,"Plan Rows": 4910,"Plan Width": 272,"Actual Startup Time": 921.499,"Actual Total Time": 966.590,"Actual Rows": 12,"Actual Loops": 1,"Workers Planned": 2,"Workers Launched": 2,"Plans": [{"Node Type": "Aggregate","Strategy": "Sorted","Partial Mode": "Partial","Parent Relationship": "Outer","Parallel Aware": false,"Async Capable": false,"Startup Cost": 71556.39,"Total Cost": 71636.18,"Plan Rows": 2455,"Plan Width": 272,"Actual Startup Time": 913.401,"Actual Total Time": 914.143,"Actual Rows": 4,"Actual Loops": 3,"Group Key": ["n1.n_name", "n2.n_name", "(EXTRACT(year FROM lineitem.l_shipdate))"],"Workers": [],"Plans": [{"Node Type": "Sort","Parent Relationship": "Outer","Parallel Aware": false,"Async Capable": false,"Startup Cost": 71556.39,"Total Cost": 71562.53,"Plan Rows": 2455,"Plan Width": 252,"Actual Startup Time": 913.102,"Actual Total Time": 913.216,"Actual Rows": 2043,"Actual Loops": 3,"Sort Key": ["n1.n_name", "n2.n_name", "(EXTRACT(year FROM lineitem.l_shipdate))"],"Sort Method": "quicksort","Sort Space Used": 329,"Sort Space Type": "Memory","Workers": [{"Worker Number": 0,"Sort Method": "quicksort","Sort Space Used": 272,"Sort Space Type": "Memory"},{"Worker Number": 1,"Sort Method": "quicksort","Sort Space Used": 263,"Sort Space Type": "Memory"}],"Plans": [{"Node Type": "Hash Join","Parent Relationship": "Outer","Parallel Aware": false,"Async Capable": false,"Join Type": "Inner","Startup Cost": 366.16,"Total Cost": 71418.15,"Plan Rows": 2455,"Plan Width": 252,"Actual Startup Time": 12.204,"Actual Total Time": 911.063,"Actual Rows": 2043,"Actual Loops": 3,"Inner Unique": false,"Hash Cond": "(lineitem.l_suppkey = supplier.s_suppkey)","Join Filter": "(((n1.n_name = 'PERU'::bpchar) AND (n2.n_name = 'INDIA'::bpchar)) OR ((n1.n_name = 'INDIA'::bpchar) AND (n2.n_name = 'PERU'::bpchar)))","Rows Removed by Join Filter": 2039,"Workers": [],"Plans": [{"Node Type": "Nested Loop","Parent Relationship": "Outer","Parallel Aware": false,"Async Capable": false,"Join Type": "Inner","Startup Cost": 2.26,"Total Cost": 70727.78,"Plan Rows": 60250,"Plan Width": 124,"Actual Startup Time": 0.758,"Actual Total Time": 893.321,"Actual Rows": 48176,"Actual Loops": 3,"Inner Unique": false,"Workers": [],"Plans": [{"Node Type": "Nested Loop","Parent Relationship": "Outer","Parallel Aware": false,"Async Capable": false,"Join Type": "Inner","Startup Cost": 1.83,"Total Cost": 12400.01,"Plan Rows": 49000,"Plan Width": 108,"Actual Startup Time": 0.321,"Actual Total Time": 222.793,"Actual Rows": 39615,"Actual Loops": 3,"Inner Unique": false,"Workers": [],"Plans": [{"Node Type": "Hash Join","Parent Relationship": "Outer","Parallel Aware": false,"Async Capable": false,"Join Type": "Inner","Startup Cost": 1.40,"Total Cost": 4403.27,"Plan Rows": 4900,"Plan Width": 108,"Actual Startup Time": 0.202,"Actual Total Time": 45.375,"Actual Rows": 4006,"Actual Loops": 3,"Inner Unique": true,"Hash Cond": "(customer.c_nationkey = n2.n_nationkey)","Workers": [],"Plans": [{"Node Type": "Seq Scan","Parent Relationship": "Outer","Parallel Aware": true,"Async Capable": false,"Relation Name": "customer","Alias": "customer","Startup Cost": 0.00,"Total Cost": 4210.00,"Plan Rows": 62500,"Plan Width": 8,"Actual Startup Time": 0.016,"Actual Total Time": 9.208,"Actual Rows": 50000,"Actual Loops": 3,"Workers": []},{"Node Type": "Hash","Parent Relationship": "Inner","Parallel Aware": false,"Async Capable": false,"Startup Cost": 1.38,"Total Cost": 1.38,"Plan Rows": 2,"Plan Width": 108,"Actual Startup Time": 0.095,"Actual Total Time": 0.103,"Actual Rows": 2,"Actual Loops": 3,"Hash Buckets": 1024,"Original Hash Buckets": 1024,"Hash Batches": 1,"Original Hash Batches": 1,"Peak Memory Usage": 9,"Workers": [],"Plans": [{"Node Type": "Seq Scan","Parent Relationship": "Outer","Parallel Aware": false,"Async Capable": false,"Relation Name": "nation","Alias": "n2","Startup Cost": 0.00,"Total Cost": 1.38,"Plan Rows": 2,"Plan Width": 108,"Actual Startup Time": 0.075,"Actual Total Time": 0.083,"Actual Rows": 2,"Actual Loops": 3,"Filter": "((n_name = 'INDIA'::bpchar) OR (n_name = 'PERU'::bpchar))","Rows Removed by Filter": 23,"Workers": []}]}]},{"Node Type": "Index Scan","Parent Relationship": "Inner","Parallel Aware": false,"Async Capable": false,"Scan Direction": "Forward","Index Name": "idx_orders_custkey","Relation Name": "orders","Alias": "orders","Startup Cost": 0.43,"Total Cost": 1.46,"Plan Rows": 17,"Plan Width": 8,"Actual Startup Time": 0.007,"Actual Total Time": 0.043,"Actual Rows": 10,"Actual Loops": 12017,"Index Cond": "(o_custkey = customer.c_custkey)","Rows Removed by Index Recheck": 0,"Workers": []}]},{"Node Type": "Index Scan","Parent Relationship": "Inner","Parallel Aware": false,"Async Capable": false,"Scan Direction": "Forward","Index Name": "idx_lineitem_orderkey","Relation Name": "lineitem","Alias": "lineitem","Startup Cost": 0.43,"Total Cost": 1.14,"Plan Rows": 5,"Plan Width": 24,"Actual Startup Time": 0.016,"Actual Total Time": 0.017,"Actual Rows": 1,"Actual Loops": 118845,"Index Cond": "(l_orderkey = orders.o_orderkey)","Rows Removed by Index Recheck": 0,"Filter": "((l_shipdate >= '1995-01-01'::date) AND (l_shipdate <= '1996-12-31'::date))","Rows Removed by Filter": 3,"Workers": []}]},{"Node Type": "Hash","Parent Relationship": "Inner","Parallel Aware": false,"Async Capable": false,"Startup Cost": 354.10,"Total Cost": 354.10,"Plan Rows": 784,"Plan Width": 108,"Actual Startup Time": 10.674,"Actual Total Time": 10.689,"Actual Rows": 836,"Actual Loops": 3,"Hash Buckets": 1024,"Original Hash Buckets": 1024,"Hash Batches": 1,"Original Hash Batches": 1,"Peak Memory Usage": 59,"Workers": [],"Plans": [{"Node Type": "Hash Join","Parent Relationship": "Outer","Parallel Aware": false,"Async Capable": false,"Join Type": "Inner","Startup Cost": 1.40,"Total Cost": 354.10,"Plan Rows": 784,"Plan Width": 108,"Actual Startup Time": 0.078,"Actual Total Time": 10.485,"Actual Rows": 836,"Actual Loops": 3,"Inner Unique": true,"Hash Cond": "(supplier.s_nationkey = n1.n_nationkey)","Workers": [],"Plans": [{"Node Type": "Seq Scan","Parent Relationship": "Outer","Parallel Aware": false,"Async Capable": false,"Relation Name": "supplier","Alias": "supplier","Startup Cost": 0.00,"Total Cost": 322.00,"Plan Rows": 10000,"Plan Width": 8,"Actual Startup Time": 0.030,"Actual Total Time": 4.141,"Actual Rows": 10000,"Actual Loops": 3,"Workers": []},{"Node Type": "Hash","Parent Relationship": "Inner","Parallel Aware": false,"Async Capable": false,"Startup Cost": 1.38,"Total Cost": 1.38,"Plan Rows": 2,"Plan Width": 108,"Actual Startup Time": 0.018,"Actual Total Time": 0.025,"Actual Rows": 2,"Actual Loops": 3,"Hash Buckets": 1024,"Original Hash Buckets": 1024,"Hash Batches": 1,"Original Hash Batches": 1,"Peak Memory Usage": 9,"Workers": [],"Plans": [{"Node Type": "Seq Scan","Parent Relationship": "Outer","Parallel Aware": false,"Async Capable": false,"Relation Name": "nation","Alias": "n1","Startup Cost": 0.00,"Total Cost": 1.38,"Plan Rows": 2,"Plan Width": 108,"Actual Startup Time": 0.006,"Actual Total Time": 0.015,"Actual Rows": 2,"Actual Loops": 3,"Filter": "((n_name = 'PERU'::bpchar) OR (n_name = 'INDIA'::bpchar))","Rows Removed by Filter": 23,"Workers": []}]}]}]}]}]}]}]}]},"Planning Time": 8.741,"Triggers": [],"Execution Time": 967.159}]
[{"Plan": {"Node Type": "Aggregate","Strategy": "Sorted","Partial Mode": "Finalize","Parallel Aware": false,"Async Capable": false,"Startup Cost": 72556.41,"Total Cost": 73352.71,"Plan Rows": 5893,"Plan Width": 272,"Actual Startup Time": 936.401,"Actual Total Time": 989.679,"Actual Rows": 4,"Actual Loops": 1,"Group Key": ["n1.n_name", "n2.n_name", "(EXTRACT(year FROM lineitem.l_shipdate))"],"Plans": [{"Node Type": "Gather Merge","Parent Relationship": "Outer","Parallel Aware": false,"Async Capable": false,"Startup Cost": 72556.41,"Total Cost": 73202.94,"Plan Rows": 4910,"Plan Width": 272,"Actual Startup Time": 936.051,"Actual Total Time": 989.589,"Actual Rows": 12,"Actual Loops": 1,"Workers Planned": 2,"Workers Launched": 2,"Plans": [{"Node Type": "Aggregate","Strategy": "Sorted","Partial Mode": "Partial","Parent Relationship": "Outer","Parallel Aware": false,"Async Capable": false,"Startup Cost": 71556.39,"Total Cost": 71636.18,"Plan Rows": 2455,"Plan Width": 272,"Actual Startup Time": 926.773,"Actual Total Time": 927.496,"Actual Rows": 4,"Actual Loops": 3,"Group Key": ["n1.n_name", "n2.n_name", "(EXTRACT(year FROM lineitem.l_shipdate))"],"Workers": [],"Plans": [{"Node Type": "Sort","Parent Relationship": "Outer","Parallel Aware": false,"Async Capable": false,"Startup Cost": 71556.39,"Total Cost": 71562.53,"Plan Rows": 2455,"Plan Width": 252,"Actual Startup Time": 926.507,"Actual Total Time": 926.619,"Actual Rows": 1963,"Actual Loops": 3,"Sort Key": ["n1.n_name", "n2.n_name", "(EXTRACT(year FROM lineitem.l_shipdate))"],"Sort Method": "quicksort","Sort Space Used": 268,"Sort Space Type": "Memory","Workers": [{"Worker Number": 0,"Sort Method": "quicksort","Sort Space Used": 261,"Sort Space Type": "Memory"},{"Worker Number": 1,"Sort Method": "quicksort","Sort Space Used": 260,"Sort Space Type": "Memory"}],"Plans": [{"Node Type": "Hash Join","Parent Relationship": "Outer","Parallel Aware": false,"Async Capable": false,"Join Type": "Inner","Startup Cost": 366.16,"Total Cost": 71418.15,"Plan Rows": 2455,"Plan Width": 252,"Actual Startup Time": 9.424,"Actual Total Time": 924.650,"Actual Rows": 1963,"Actual Loops": 3,"Inner Unique": false,"Hash Cond": "(lineitem.l_suppkey = supplier.s_suppkey)","Join Filter": "(((n1.n_name = 'CHINA'::bpchar) AND (n2.n_name = 'VIETNAM'::bpchar)) OR ((n1.n_name = 'VIETNAM'::bpchar) AND (n2.n_name = 'CHINA'::bpchar)))","Rows Removed by Join Filter": 1963,"Workers": [],"Plans": [{"Node Type": "Nested Loop","Parent Relationship": "Outer","Parallel Aware": false,"Async Capable": false,"Join Type": "Inner","Startup Cost": 2.26,"Total Cost": 70727.78,"Plan Rows": 60250,"Plan Width": 124,"Actual Startup Time": 0.695,"Actual Total Time": 909.190,"Actual Rows": 49154,"Actual Loops": 3,"Inner Unique": false,"Workers": [],"Plans": [{"Node Type": "Nested Loop","Parent Relationship": "Outer","Parallel Aware": false,"Async Capable": false,"Join Type": "Inner","Startup Cost": 1.83,"Total Cost": 12400.01,"Plan Rows": 49000,"Plan Width": 108,"Actual Startup Time": 0.371,"Actual Total Time": 229.729,"Actual Rows": 40377,"Actual Loops": 3,"Inner Unique": false,"Workers": [],"Plans": [{"Node Type": "Hash Join","Parent Relationship": "Outer","Parallel Aware": false,"Async Capable": false,"Join Type": "Inner","Startup Cost": 1.40,"Total Cost": 4403.27,"Plan Rows": 4900,"Plan Width": 108,"Actual Startup Time": 0.231,"Actual Total Time": 47.226,"Actual Rows": 4011,"Actual Loops": 3,"Inner Unique": true,"Hash Cond": "(customer.c_nationkey = n2.n_nationkey)","Workers": [],"Plans": [{"Node Type": "Seq Scan","Parent Relationship": "Outer","Parallel Aware": true,"Async Capable": false,"Relation Name": "customer","Alias": "customer","Startup Cost": 0.00,"Total Cost": 4210.00,"Plan Rows": 62500,"Plan Width": 8,"Actual Startup Time": 0.017,"Actual Total Time": 9.544,"Actual Rows": 50000,"Actual Loops": 3,"Workers": []},{"Node Type": "Hash","Parent Relationship": "Inner","Parallel Aware": false,"Async Capable": false,"Startup Cost": 1.38,"Total Cost": 1.38,"Plan Rows": 2,"Plan Width": 108,"Actual Startup Time": 0.085,"Actual Total Time": 0.092,"Actual Rows": 2,"Actual Loops": 3,"Hash Buckets": 1024,"Original Hash Buckets": 1024,"Hash Batches": 1,"Original Hash Batches": 1,"Peak Memory Usage": 9,"Workers": [],"Plans": [{"Node Type": "Seq Scan","Parent Relationship": "Outer","Parallel Aware": false,"Async Capable": false,"Relation Name": "nation","Alias": "n2","Startup Cost": 0.00,"Total Cost": 1.38,"Plan Rows": 2,"Plan Width": 108,"Actual Startup Time": 0.067,"Actual Total Time": 0.071,"Actual Rows": 2,"Actual Loops": 3,"Filter": "((n_name = 'VIETNAM'::bpchar) OR (n_name = 'CHINA'::bpchar))","Rows Removed by Filter": 23,"Workers": []}]}]},{"Node Type": "Index Scan","Parent Relationship": "Inner","Parallel Aware": false,"Async Capable": false,"Scan Direction": "Forward","Index Name": "idx_orders_custkey","Relation Name": "orders","Alias": "orders","Startup Cost": 0.43,"Total Cost": 1.46,"Plan Rows": 17,"Plan Width": 8,"Actual Startup Time": 0.007,"Actual Total Time": 0.044,"Actual Rows": 10,"Actual Loops": 12032,"Index Cond": "(o_custkey = customer.c_custkey)","Rows Removed by Index Recheck": 0,"Workers": []}]},{"Node Type": "Index Scan","Parent Relationship": "Inner","Parallel Aware": false,"Async Capable": false,"Scan Direction": "Forward","Index Name": "idx_lineitem_orderkey","Relation Name": "lineitem","Alias": "lineitem","Startup Cost": 0.43,"Total Cost": 1.14,"Plan Rows": 5,"Plan Width": 24,"Actual Startup Time": 0.016,"Actual Total Time": 0.017,"Actual Rows": 1,"Actual Loops": 121131,"Index Cond": "(l_orderkey = orders.o_orderkey)","Rows Removed by Index Recheck": 0,"Filter": "((l_shipdate >= '1995-01-01'::date) AND (l_shipdate <= '1996-12-31'::date))","Rows Removed by Filter": 3,"Workers": []}]},{"Node Type": "Hash","Parent Relationship": "Inner","Parallel Aware": false,"Async Capable": false,"Startup Cost": 354.10,"Total Cost": 354.10,"Plan Rows": 784,"Plan Width": 108,"Actual Startup Time": 7.929,"Actual Total Time": 7.945,"Actual Rows": 806,"Actual Loops": 3,"Hash Buckets": 1024,"Original Hash Buckets": 1024,"Hash Batches": 1,"Original Hash Batches": 1,"Peak Memory Usage": 57,"Workers": [],"Plans": [{"Node Type": "Hash Join","Parent Relationship": "Outer","Parallel Aware": false,"Async Capable": false,"Join Type": "Inner","Startup Cost": 1.40,"Total Cost": 354.10,"Plan Rows": 784,"Plan Width": 108,"Actual Startup Time": 0.089,"Actual Total Time": 7.746,"Actual Rows": 806,"Actual Loops": 3,"Inner Unique": true,"Hash Cond": "(supplier.s_nationkey = n1.n_nationkey)","Workers": [],"Plans": [{"Node Type": "Seq Scan","Parent Relationship": "Outer","Parallel Aware": false,"Async Capable": false,"Relation Name": "supplier","Alias": "supplier","Startup Cost": 0.00,"Total Cost": 322.00,"Plan Rows": 10000,"Plan Width": 8,"Actual Startup Time": 0.032,"Actual Total Time": 3.893,"Actual Rows": 10000,"Actual Loops": 3,"Workers": []},{"Node Type": "Hash","Parent Relationship": "Inner","Parallel Aware": false,"Async Capable": false,"Startup Cost": 1.38,"Total Cost": 1.38,"Plan Rows": 2,"Plan Width": 108,"Actual Startup Time": 0.020,"Actual Total Time": 0.025,"Actual Rows": 2,"Actual Loops": 3,"Hash Buckets": 1024,"Original Hash Buckets": 1024,"Hash Batches": 1,"Original Hash Batches": 1,"Peak Memory Usage": 9,"Workers": [],"Plans": [{"Node Type": "Seq Scan","Parent Relationship": "Outer","Parallel Aware": false,"Async Capable": false,"Relation Name": "nation","Alias": "n1","Startup Cost": 0.00,"Total Cost": 1.38,"Plan Rows": 2,"Plan Width": 108,"Actual Startup Time": 0.010,"Actual Total Time": 0.014,"Actual Rows": 2,"Actual Loops": 3,"Filter": "((n_name = 'CHINA'::bpchar) OR (n_name = 'VIETNAM'::bpchar))","Rows Removed by Filter": 23,"Workers": []}]}]}]}]}]}]}]}]},"Planning Time": 8.211,"Triggers": [],"Execution Time": 990.192}]
[{"Plan": {"Node Type": "Aggregate","Strategy": "Sorted","Partial Mode": "Finalize","Parallel Aware": false,"Async Capable": false,"Startup Cost": 72556.41,"Total Cost": 73352.71,"Plan Rows": 5893,"Plan Width": 272,"Actual Startup Time": 921.479,"Actual Total Time": 965.899,"Actual Rows": 4,"Actual Loops": 1,"Group Key": ["n1.n_name", "n2.n_name", "(EXTRACT(year FROM lineitem.l_shipdate))"],"Plans": [{"Node Type": "Gather Merge","Parent Relationship": "Outer","Parallel Aware": false,"Async Capable": false,"Startup Cost": 72556.41,"Total Cost": 73202.94,"Plan Rows": 4910,"Plan Width": 272,"Actual Startup Time": 921.158,"Actual Total Time": 965.779,"Actual Rows": 12,"Actual Loops": 1,"Workers Planned": 2,"Workers Launched": 2,"Plans": [{"Node Type": "Aggregate","Strategy": "Sorted","Partial Mode": "Partial","Parent Relationship": "Outer","Parallel Aware": false,"Async Capable": false,"Startup Cost": 71556.39,"Total Cost": 71636.18,"Plan Rows": 2455,"Plan Width": 272,"Actual Startup Time": 913.479,"Actual Total Time": 914.090,"Actual Rows": 4,"Actual Loops": 3,"Group Key": ["n1.n_name", "n2.n_name", "(EXTRACT(year FROM lineitem.l_shipdate))"],"Workers": [],"Plans": [{"Node Type": "Sort","Parent Relationship": "Outer","Parallel Aware": false,"Async Capable": false,"Startup Cost": 71556.39,"Total Cost": 71562.53,"Plan Rows": 2455,"Plan Width": 252,"Actual Startup Time": 913.211,"Actual Total Time": 913.308,"Actual Rows": 1822,"Actual Loops": 3,"Sort Key": ["n1.n_name", "n2.n_name", "(EXTRACT(year FROM lineitem.l_shipdate))"],"Sort Method": "quicksort","Sort Space Used": 243,"Sort Space Type": "Memory","Workers": [{"Worker Number": 0,"Sort Method": "quicksort","Sort Space Used": 240,"Sort Space Type": "Memory"},{"Worker Number": 1,"Sort Method": "quicksort","Sort Space Used": 260,"Sort Space Type": "Memory"}],"Plans": [{"Node Type": "Hash Join","Parent Relationship": "Outer","Parallel Aware": false,"Async Capable": false,"Join Type": "Inner","Startup Cost": 366.16,"Total Cost": 71418.15,"Plan Rows": 2455,"Plan Width": 252,"Actual Startup Time": 8.915,"Actual Total Time": 911.442,"Actual Rows": 1822,"Actual Loops": 3,"Inner Unique": false,"Hash Cond": "(lineitem.l_suppkey = supplier.s_suppkey)","Join Filter": "(((n1.n_name = 'JORDAN'::bpchar) AND (n2.n_name = 'ETHIOPIA'::bpchar)) OR ((n1.n_name = 'ETHIOPIA'::bpchar) AND (n2.n_name = 'JORDAN'::bpchar)))","Rows Removed by Join Filter": 1837,"Workers": [],"Plans": [{"Node Type": "Nested Loop","Parent Relationship": "Outer","Parallel Aware": false,"Async Capable": false,"Join Type": "Inner","Startup Cost": 2.26,"Total Cost": 70727.78,"Plan Rows": 60250,"Plan Width": 124,"Actual Startup Time": 0.490,"Actual Total Time": 897.190,"Actual Rows": 49082,"Actual Loops": 3,"Inner Unique": false,"Workers": [],"Plans": [{"Node Type": "Nested Loop","Parent Relationship": "Outer","Parallel Aware": false,"Async Capable": false,"Join Type": "Inner","Startup Cost": 1.83,"Total Cost": 12400.01,"Plan Rows": 49000,"Plan Width": 108,"Actual Startup Time": 0.289,"Actual Total Time": 222.717,"Actual Rows": 40147,"Actual Loops": 3,"Inner Unique": false,"Workers": [],"Plans": [{"Node Type": "Hash Join","Parent Relationship": "Outer","Parallel Aware": false,"Async Capable": false,"Join Type": "Inner","Startup Cost": 1.40,"Total Cost": 4403.27,"Plan Rows": 4900,"Plan Width": 108,"Actual Startup Time": 0.173,"Actual Total Time": 44.347,"Actual Rows": 3995,"Actual Loops": 3,"Inner Unique": true,"Hash Cond": "(customer.c_nationkey = n2.n_nationkey)","Workers": [],"Plans": [{"Node Type": "Seq Scan","Parent Relationship": "Outer","Parallel Aware": true,"Async Capable": false,"Relation Name": "customer","Alias": "customer","Startup Cost": 0.00,"Total Cost": 4210.00,"Plan Rows": 62500,"Plan Width": 8,"Actual Startup Time": 0.016,"Actual Total Time": 9.139,"Actual Rows": 50000,"Actual Loops": 3,"Workers": []},{"Node Type": "Hash","Parent Relationship": "Inner","Parallel Aware": false,"Async Capable": false,"Startup Cost": 1.38,"Total Cost": 1.38,"Plan Rows": 2,"Plan Width": 108,"Actual Startup Time": 0.075,"Actual Total Time": 0.081,"Actual Rows": 2,"Actual Loops": 3,"Hash Buckets": 1024,"Original Hash Buckets": 1024,"Hash Batches": 1,"Original Hash Batches": 1,"Peak Memory Usage": 9,"Workers": [],"Plans": [{"Node Type": "Seq Scan","Parent Relationship": "Outer","Parallel Aware": false,"Async Capable": false,"Relation Name": "nation","Alias": "n2","Startup Cost": 0.00,"Total Cost": 1.38,"Plan Rows": 2,"Plan Width": 108,"Actual Startup Time": 0.054,"Actual Total Time": 0.062,"Actual Rows": 2,"Actual Loops": 3,"Filter": "((n_name = 'ETHIOPIA'::bpchar) OR (n_name = 'JORDAN'::bpchar))","Rows Removed by Filter": 23,"Workers": []}]}]},{"Node Type": "Index Scan","Parent Relationship": "Inner","Parallel Aware": false,"Async Capable": false,"Scan Direction": "Forward","Index Name": "idx_orders_custkey","Relation Name": "orders","Alias": "orders","Startup Cost": 0.43,"Total Cost": 1.46,"Plan Rows": 17,"Plan Width": 8,"Actual Startup Time": 0.007,"Actual Total Time": 0.043,"Actual Rows": 10,"Actual Loops": 11985,"Index Cond": "(o_custkey = customer.c_custkey)","Rows Removed by Index Recheck": 0,"Workers": []}]},{"Node Type": "Index Scan","Parent Relationship": "Inner","Parallel Aware": false,"Async Capable": false,"Scan Direction": "Forward","Index Name": "idx_lineitem_orderkey","Relation Name": "lineitem","Alias": "lineitem","Startup Cost": 0.43,"Total Cost": 1.14,"Plan Rows": 5,"Plan Width": 24,"Actual Startup Time": 0.016,"Actual Total Time": 0.017,"Actual Rows": 1,"Actual Loops": 120442,"Index Cond": "(l_orderkey = orders.o_orderkey)","Rows Removed by Index Recheck": 0,"Filter": "((l_shipdate >= '1995-01-01'::date) AND (l_shipdate <= '1996-12-31'::date))","Rows Removed by Filter": 3,"Workers": []}]},{"Node Type": "Hash","Parent Relationship": "Inner","Parallel Aware": false,"Async Capable": false,"Startup Cost": 354.10,"Total Cost": 354.10,"Plan Rows": 784,"Plan Width": 108,"Actual Startup Time": 7.441,"Actual Total Time": 7.454,"Actual Rows": 742,"Actual Loops": 3,"Hash Buckets": 1024,"Original Hash Buckets": 1024,"Hash Batches": 1,"Original Hash Batches": 1,"Peak Memory Usage": 53,"Workers": [],"Plans": [{"Node Type": "Hash Join","Parent Relationship": "Outer","Parallel Aware": false,"Async Capable": false,"Join Type": "Inner","Startup Cost": 1.40,"Total Cost": 354.10,"Plan Rows": 784,"Plan Width": 108,"Actual Startup Time": 0.096,"Actual Total Time": 7.261,"Actual Rows": 742,"Actual Loops": 3,"Inner Unique": true,"Hash Cond": "(supplier.s_nationkey = n1.n_nationkey)","Workers": [],"Plans": [{"Node Type": "Seq Scan","Parent Relationship": "Outer","Parallel Aware": false,"Async Capable": false,"Relation Name": "supplier","Alias": "supplier","Startup Cost": 0.00,"Total Cost": 322.00,"Plan Rows": 10000,"Plan Width": 8,"Actual Startup Time": 0.039,"Actual Total Time": 3.859,"Actual Rows": 10000,"Actual Loops": 3,"Workers": []},{"Node Type": "Hash","Parent Relationship": "Inner","Parallel Aware": false,"Async Capable": false,"Startup Cost": 1.38,"Total Cost": 1.38,"Plan Rows": 2,"Plan Width": 108,"Actual Startup Time": 0.020,"Actual Total Time": 0.023,"Actual Rows": 2,"Actual Loops": 3,"Hash Buckets": 1024,"Original Hash Buckets": 1024,"Hash Batches": 1,"Original Hash Batches": 1,"Peak Memory Usage": 9,"Workers": [],"Plans": [{"Node Type": "Seq Scan","Parent Relationship": "Outer","Parallel Aware": false,"Async Capable": false,"Relation Name": "nation","Alias": "n1","Startup Cost": 0.00,"Total Cost": 1.38,"Plan Rows": 2,"Plan Width": 108,"Actual Startup Time": 0.006,"Actual Total Time": 0.013,"Actual Rows": 2,"Actual Loops": 3,"Filter": "((n_name = 'JORDAN'::bpchar) OR (n_name = 'ETHIOPIA'::bpchar))","Rows Removed by Filter": 23,"Workers": []}]}]}]}]}]}]}]}]},"Planning Time": 8.281,"Triggers": [],"Execution Time": 966.557}]
[{"Plan": {"Node Type": "Aggregate","Strategy": "Sorted","Partial Mode": "Finalize","Parallel Aware": false,"Async Capable": false,"Startup Cost": 72556.41,"Total Cost": 73352.71,"Plan Rows": 5893,"Plan Width": 272,"Actual Startup Time": 905.928,"Actual Total Time": 949.758,"Actual Rows": 4,"Actual Loops": 1,"Group Key": ["n1.n_name", "n2.n_name", "(EXTRACT(year FROM lineitem.l_shipdate))"],"Plans": [{"Node Type": "Gather Merge","Parent Relationship": "Outer","Parallel Aware": false,"Async Capable": false,"Startup Cost": 72556.41,"Total Cost": 73202.94,"Plan Rows": 4910,"Plan Width": 272,"Actual Startup Time": 905.496,"Actual Total Time": 949.668,"Actual Rows": 12,"Actual Loops": 1,"Workers Planned": 2,"Workers Launched": 2,"Plans": [{"Node Type": "Aggregate","Strategy": "Sorted","Partial Mode": "Partial","Parent Relationship": "Outer","Parallel Aware": false,"Async Capable": false,"Startup Cost": 71556.39,"Total Cost": 71636.18,"Plan Rows": 2455,"Plan Width": 272,"Actual Startup Time": 897.294,"Actual Total Time": 898.074,"Actual Rows": 4,"Actual Loops": 3,"Group Key": ["n1.n_name", "n2.n_name", "(EXTRACT(year FROM lineitem.l_shipdate))"],"Workers": [],"Plans": [{"Node Type": "Sort","Parent Relationship": "Outer","Parallel Aware": false,"Async Capable": false,"Startup Cost": 71556.39,"Total Cost": 71562.53,"Plan Rows": 2455,"Plan Width": 252,"Actual Startup Time": 897.000,"Actual Total Time": 897.132,"Actual Rows": 2048,"Actual Loops": 3,"Sort Key": ["n1.n_name", "n2.n_name", "(EXTRACT(year FROM lineitem.l_shipdate))"],"Sort Method": "quicksort","Sort Space Used": 331,"Sort Space Type": "Memory","Workers": [{"Worker Number": 0,"Sort Method": "quicksort","Sort Space Used": 269,"Sort Space Type": "Memory"},{"Worker Number": 1,"Sort Method": "quicksort","Sort Space Used": 266,"Sort Space Type": "Memory"}],"Plans": [{"Node Type": "Hash Join","Parent Relationship": "Outer","Parallel Aware": false,"Async Capable": false,"Join Type": "Inner","Startup Cost": 366.16,"Total Cost": 71418.15,"Plan Rows": 2455,"Plan Width": 252,"Actual Startup Time": 12.299,"Actual Total Time": 895.176,"Actual Rows": 2048,"Actual Loops": 3,"Inner Unique": false,"Hash Cond": "(lineitem.l_suppkey = supplier.s_suppkey)","Join Filter": "(((n1.n_name = 'IRAQ'::bpchar) AND (n2.n_name = 'PERU'::bpchar)) OR ((n1.n_name = 'PERU'::bpchar) AND (n2.n_name = 'IRAQ'::bpchar)))","Rows Removed by Join Filter": 2098,"Workers": [],"Plans": [{"Node Type": "Nested Loop","Parent Relationship": "Outer","Parallel Aware": false,"Async Capable": false,"Join Type": "Inner","Startup Cost": 2.26,"Total Cost": 70727.78,"Plan Rows": 60250,"Plan Width": 124,"Actual Startup Time": 0.672,"Actual Total Time": 878.045,"Actual Rows": 47883,"Actual Loops": 3,"Inner Unique": false,"Workers": [],"Plans": [{"Node Type": "Nested Loop","Parent Relationship": "Outer","Parallel Aware": false,"Async Capable": false,"Join Type": "Inner","Startup Cost": 1.83,"Total Cost": 12400.01,"Plan Rows": 49000,"Plan Width": 108,"Actual Startup Time": 0.213,"Actual Total Time": 218.521,"Actual Rows": 39307,"Actual Loops": 3,"Inner Unique": false,"Workers": [],"Plans": [{"Node Type": "Hash Join","Parent Relationship": "Outer","Parallel Aware": false,"Async Capable": false,"Join Type": "Inner","Startup Cost": 1.40,"Total Cost": 4403.27,"Plan Rows": 4900,"Plan Width": 108,"Actual Startup Time": 0.128,"Actual Total Time": 43.835,"Actual Rows": 3979,"Actual Loops": 3,"Inner Unique": true,"Hash Cond": "(customer.c_nationkey = n2.n_nationkey)","Workers": [],"Plans": [{"Node Type": "Seq Scan","Parent Relationship": "Outer","Parallel Aware": true,"Async Capable": false,"Relation Name": "customer","Alias": "customer","Startup Cost": 0.00,"Total Cost": 4210.00,"Plan Rows": 62500,"Plan Width": 8,"Actual Startup Time": 0.007,"Actual Total Time": 8.978,"Actual Rows": 50000,"Actual Loops": 3,"Workers": []},{"Node Type": "Hash","Parent Relationship": "Inner","Parallel Aware": false,"Async Capable": false,"Startup Cost": 1.38,"Total Cost": 1.38,"Plan Rows": 2,"Plan Width": 108,"Actual Startup Time": 0.054,"Actual Total Time": 0.061,"Actual Rows": 2,"Actual Loops": 3,"Hash Buckets": 1024,"Original Hash Buckets": 1024,"Hash Batches": 1,"Original Hash Batches": 1,"Peak Memory Usage": 9,"Workers": [],"Plans": [{"Node Type": "Seq Scan","Parent Relationship": "Outer","Parallel Aware": false,"Async Capable": false,"Relation Name": "nation","Alias": "n2","Startup Cost": 0.00,"Total Cost": 1.38,"Plan Rows": 2,"Plan Width": 108,"Actual Startup Time": 0.042,"Actual Total Time": 0.046,"Actual Rows": 2,"Actual Loops": 3,"Filter": "((n_name = 'PERU'::bpchar) OR (n_name = 'IRAQ'::bpchar))","Rows Removed by Filter": 23,"Workers": []}]}]},{"Node Type": "Index Scan","Parent Relationship": "Inner","Parallel Aware": false,"Async Capable": false,"Scan Direction": "Forward","Index Name": "idx_orders_custkey","Relation Name": "orders","Alias": "orders","Startup Cost": 0.43,"Total Cost": 1.46,"Plan Rows": 17,"Plan Width": 8,"Actual Startup Time": 0.007,"Actual Total Time": 0.043,"Actual Rows": 10,"Actual Loops": 11938,"Index Cond": "(o_custkey = customer.c_custkey)","Rows Removed by Index Recheck": 0,"Workers": []}]},{"Node Type": "Index Scan","Parent Relationship": "Inner","Parallel Aware": false,"Async Capable": false,"Scan Direction": "Forward","Index Name": "idx_lineitem_orderkey","Relation Name": "lineitem","Alias": "lineitem","Startup Cost": 0.43,"Total Cost": 1.14,"Plan Rows": 5,"Plan Width": 24,"Actual Startup Time": 0.016,"Actual Total Time": 0.017,"Actual Rows": 1,"Actual Loops": 117920,"Index Cond": "(l_orderkey = orders.o_orderkey)","Rows Removed by Index Recheck": 0,"Filter": "((l_shipdate >= '1995-01-01'::date) AND (l_shipdate <= '1996-12-31'::date))","Rows Removed by Filter": 3,"Workers": []}]},{"Node Type": "Hash","Parent Relationship": "Inner","Parallel Aware": false,"Async Capable": false,"Startup Cost": 354.10,"Total Cost": 354.10,"Plan Rows": 784,"Plan Width": 108,"Actual Startup Time": 9.779,"Actual Total Time": 9.793,"Actual Rows": 859,"Actual Loops": 3,"Hash Buckets": 1024,"Original Hash Buckets": 1024,"Hash Batches": 1,"Original Hash Batches": 1,"Peak Memory Usage": 61,"Workers": [],"Plans": [{"Node Type": "Hash Join","Parent Relationship": "Outer","Parallel Aware": false,"Async Capable": false,"Join Type": "Inner","Startup Cost": 1.40,"Total Cost": 354.10,"Plan Rows": 784,"Plan Width": 108,"Actual Startup Time": 0.063,"Actual Total Time": 9.584,"Actual Rows": 859,"Actual Loops": 3,"Inner Unique": true,"Hash Cond": "(supplier.s_nationkey = n1.n_nationkey)","Workers": [],"Plans": [{"Node Type": "Seq Scan","Parent Relationship": "Outer","Parallel Aware": false,"Async Capable": false,"Relation Name": "supplier","Alias": "supplier","Startup Cost": 0.00,"Total Cost": 322.00,"Plan Rows": 10000,"Plan Width": 8,"Actual Startup Time": 0.027,"Actual Total Time": 3.896,"Actual Rows": 10000,"Actual Loops": 3,"Workers": []},{"Node Type": "Hash","Parent Relationship": "Inner","Parallel Aware": false,"Async Capable": false,"Startup Cost": 1.38,"Total Cost": 1.38,"Plan Rows": 2,"Plan Width": 108,"Actual Startup Time": 0.014,"Actual Total Time": 0.019,"Actual Rows": 2,"Actual Loops": 3,"Hash Buckets": 1024,"Original Hash Buckets": 1024,"Hash Batches": 1,"Original Hash Batches": 1,"Peak Memory Usage": 9,"Workers": [],"Plans": [{"Node Type": "Seq Scan","Parent Relationship": "Outer","Parallel Aware": false,"Async Capable": false,"Relation Name": "nation","Alias": "n1","Startup Cost": 0.00,"Total Cost": 1.38,"Plan Rows": 2,"Plan Width": 108,"Actual Startup Time": 0.006,"Actual Total Time": 0.010,"Actual Rows": 2,"Actual Loops": 3,"Filter": "((n_name = 'IRAQ'::bpchar) OR (n_name = 'PERU'::bpchar))","Rows Removed by Filter": 23,"Workers": []}]}]}]}]}]}]}]}]},"Planning Time": 9.340,"Triggers": [],"Execution Time": 950.151}]
[{"Plan": {"Node Type": "Aggregate","Strategy": "Sorted","Partial Mode": "Finalize","Parallel Aware": false,"Async Capable": false,"Startup Cost": 72556.41,"Total Cost": 73352.71,"Plan Rows": 5893,"Plan Width": 272,"Actual Startup Time": 904.269,"Actual Total Time": 948.011,"Actual Rows": 4,"Actual Loops": 1,"Group Key": ["n1.n_name", "n2.n_name", "(EXTRACT(year FROM lineitem.l_shipdate))"],"Plans": [{"Node Type": "Gather Merge","Parent Relationship": "Outer","Parallel Aware": false,"Async Capable": false,"Startup Cost": 72556.41,"Total Cost": 73202.94,"Plan Rows": 4910,"Plan Width": 272,"Actual Startup Time": 903.993,"Actual Total Time": 947.926,"Actual Rows": 12,"Actual Loops": 1,"Workers Planned": 2,"Workers Launched": 2,"Plans": [{"Node Type": "Aggregate","Strategy": "Sorted","Partial Mode": "Partial","Parent Relationship": "Outer","Parallel Aware": false,"Async Capable": false,"Startup Cost": 71556.39,"Total Cost": 71636.18,"Plan Rows": 2455,"Plan Width": 272,"Actual Startup Time": 895.757,"Actual Total Time": 896.375,"Actual Rows": 4,"Actual Loops": 3,"Group Key": ["n1.n_name", "n2.n_name", "(EXTRACT(year FROM lineitem.l_shipdate))"],"Workers": [],"Plans": [{"Node Type": "Sort","Parent Relationship": "Outer","Parallel Aware": false,"Async Capable": false,"Startup Cost": 71556.39,"Total Cost": 71562.53,"Plan Rows": 2455,"Plan Width": 252,"Actual Startup Time": 895.510,"Actual Total Time": 895.609,"Actual Rows": 1814,"Actual Loops": 3,"Sort Key": ["n1.n_name", "n2.n_name", "(EXTRACT(year FROM lineitem.l_shipdate))"],"Sort Method": "quicksort","Sort Space Used": 247,"Sort Space Type": "Memory","Workers": [{"Worker Number": 0,"Sort Method": "quicksort","Sort Space Used": 242,"Sort Space Type": "Memory"},{"Worker Number": 1,"Sort Method": "quicksort","Sort Space Used": 252,"Sort Space Type": "Memory"}],"Plans": [{"Node Type": "Hash Join","Parent Relationship": "Outer","Parallel Aware": false,"Async Capable": false,"Join Type": "Inner","Startup Cost": 366.16,"Total Cost": 71418.15,"Plan Rows": 2455,"Plan Width": 252,"Actual Startup Time": 9.024,"Actual Total Time": 893.745,"Actual Rows": 1814,"Actual Loops": 3,"Inner Unique": false,"Hash Cond": "(lineitem.l_suppkey = supplier.s_suppkey)","Join Filter": "(((n1.n_name = 'KENYA'::bpchar) AND (n2.n_name = 'UNITED KINGDOM'::bpchar)) OR ((n1.n_name = 'UNITED KINGDOM'::bpchar) AND (n2.n_name = 'KENYA'::bpchar)))","Rows Removed by Join Filter": 1854,"Workers": [],"Plans": [{"Node Type": "Nested Loop","Parent Relationship": "Outer","Parallel Aware": false,"Async Capable": false,"Join Type": "Inner","Startup Cost": 2.26,"Total Cost": 70727.78,"Plan Rows": 60250,"Plan Width": 124,"Actual Startup Time": 0.583,"Actual Total Time": 879.295,"Actual Rows": 47880,"Actual Loops": 3,"Inner Unique": false,"Workers": [],"Plans": [{"Node Type": "Nested Loop","Parent Relationship": "Outer","Parallel Aware": false,"Async Capable": false,"Join Type": "Inner","Startup Cost": 1.83,"Total Cost": 12400.01,"Plan Rows": 49000,"Plan Width": 108,"Actual Startup Time": 0.298,"Actual Total Time": 218.094,"Actual Rows": 39465,"Actual Loops": 3,"Inner Unique": false,"Workers": [],"Plans": [{"Node Type": "Hash Join","Parent Relationship": "Outer","Parallel Aware": false,"Async Capable": false,"Join Type": "Inner","Startup Cost": 1.40,"Total Cost": 4403.27,"Plan Rows": 4900,"Plan Width": 108,"Actual Startup Time": 0.181,"Actual Total Time": 43.655,"Actual Rows": 4001,"Actual Loops": 3,"Inner Unique": true,"Hash Cond": "(customer.c_nationkey = n2.n_nationkey)","Workers": [],"Plans": [{"Node Type": "Seq Scan","Parent Relationship": "Outer","Parallel Aware": true,"Async Capable": false,"Relation Name": "customer","Alias": "customer","Startup Cost": 0.00,"Total Cost": 4210.00,"Plan Rows": 62500,"Plan Width": 8,"Actual Startup Time": 0.019,"Actual Total Time": 9.015,"Actual Rows": 50000,"Actual Loops": 3,"Workers": []},{"Node Type": "Hash","Parent Relationship": "Inner","Parallel Aware": false,"Async Capable": false,"Startup Cost": 1.38,"Total Cost": 1.38,"Plan Rows": 2,"Plan Width": 108,"Actual Startup Time": 0.066,"Actual Total Time": 0.071,"Actual Rows": 2,"Actual Loops": 3,"Hash Buckets": 1024,"Original Hash Buckets": 1024,"Hash Batches": 1,"Original Hash Batches": 1,"Peak Memory Usage": 9,"Workers": [],"Plans": [{"Node Type": "Seq Scan","Parent Relationship": "Outer","Parallel Aware": false,"Async Capable": false,"Relation Name": "nation","Alias": "n2","Startup Cost": 0.00,"Total Cost": 1.38,"Plan Rows": 2,"Plan Width": 108,"Actual Startup Time": 0.047,"Actual Total Time": 0.052,"Actual Rows": 2,"Actual Loops": 3,"Filter": "((n_name = 'UNITED KINGDOM'::bpchar) OR (n_name = 'KENYA'::bpchar))","Rows Removed by Filter": 23,"Workers": []}]}]},{"Node Type": "Index Scan","Parent Relationship": "Inner","Parallel Aware": false,"Async Capable": false,"Scan Direction": "Forward","Index Name": "idx_orders_custkey","Relation Name": "orders","Alias": "orders","Startup Cost": 0.43,"Total Cost": 1.46,"Plan Rows": 17,"Plan Width": 8,"Actual Startup Time": 0.007,"Actual Total Time": 0.042,"Actual Rows": 10,"Actual Loops": 12003,"Index Cond": "(o_custkey = customer.c_custkey)","Rows Removed by Index Recheck": 0,"Workers": []}]},{"Node Type": "Index Scan","Parent Relationship": "Inner","Parallel Aware": false,"Async Capable": false,"Scan Direction": "Forward","Index Name": "idx_lineitem_orderkey","Relation Name": "lineitem","Alias": "lineitem","Startup Cost": 0.43,"Total Cost": 1.14,"Plan Rows": 5,"Plan Width": 24,"Actual Startup Time": 0.016,"Actual Total Time": 0.016,"Actual Rows": 1,"Actual Loops": 118395,"Index Cond": "(l_orderkey = orders.o_orderkey)","Rows Removed by Index Recheck": 0,"Filter": "((l_shipdate >= '1995-01-01'::date) AND (l_shipdate <= '1996-12-31'::date))","Rows Removed by Filter": 3,"Workers": []}]},{"Node Type": "Hash","Parent Relationship": "Inner","Parallel Aware": false,"Async Capable": false,"Startup Cost": 354.10,"Total Cost": 354.10,"Plan Rows": 784,"Plan Width": 108,"Actual Startup Time": 7.718,"Actual Total Time": 7.730,"Actual Rows": 766,"Actual Loops": 3,"Hash Buckets": 1024,"Original Hash Buckets": 1024,"Hash Batches": 1,"Original Hash Batches": 1,"Peak Memory Usage": 55,"Workers": [],"Plans": [{"Node Type": "Hash Join","Parent Relationship": "Outer","Parallel Aware": false,"Async Capable": false,"Join Type": "Inner","Startup Cost": 1.40,"Total Cost": 354.10,"Plan Rows": 784,"Plan Width": 108,"Actual Startup Time": 0.094,"Actual Total Time": 7.505,"Actual Rows": 766,"Actual Loops": 3,"Inner Unique": true,"Hash Cond": "(supplier.s_nationkey = n1.n_nationkey)","Workers": [],"Plans": [{"Node Type": "Seq Scan","Parent Relationship": "Outer","Parallel Aware": false,"Async Capable": false,"Relation Name": "supplier","Alias": "supplier","Startup Cost": 0.00,"Total Cost": 322.00,"Plan Rows": 10000,"Plan Width": 8,"Actual Startup Time": 0.037,"Actual Total Time": 4.055,"Actual Rows": 10000,"Actual Loops": 3,"Workers": []},{"Node Type": "Hash","Parent Relationship": "Inner","Parallel Aware": false,"Async Capable": false,"Startup Cost": 1.38,"Total Cost": 1.38,"Plan Rows": 2,"Plan Width": 108,"Actual Startup Time": 0.019,"Actual Total Time": 0.023,"Actual Rows": 2,"Actual Loops": 3,"Hash Buckets": 1024,"Original Hash Buckets": 1024,"Hash Batches": 1,"Original Hash Batches": 1,"Peak Memory Usage": 9,"Workers": [],"Plans": [{"Node Type": "Seq Scan","Parent Relationship": "Outer","Parallel Aware": false,"Async Capable": false,"Relation Name": "nation","Alias": "n1","Startup Cost": 0.00,"Total Cost": 1.38,"Plan Rows": 2,"Plan Width": 108,"Actual Startup Time": 0.008,"Actual Total Time": 0.013,"Actual Rows": 2,"Actual Loops": 3,"Filter": "((n_name = 'KENYA'::bpchar) OR (n_name = 'UNITED KINGDOM'::bpchar))","Rows Removed by Filter": 23,"Workers": []}]}]}]}]}]}]}]}]},"Planning Time": 9.007,"Triggers": [],"Execution Time": 948.652}]
[{"Plan": {"Node Type": "Aggregate","Strategy": "Sorted","Partial Mode": "Finalize","Parallel Aware": false,"Async Capable": false,"Startup Cost": 72556.41,"Total Cost": 73352.71,"Plan Rows": 5893,"Plan Width": 272,"Actual Startup Time": 955.940,"Actual Total Time": 1001.061,"Actual Rows": 4,"Actual Loops": 1,"Group Key": ["n1.n_name", "n2.n_name", "(EXTRACT(year FROM lineitem.l_shipdate))"],"Plans": [{"Node Type": "Gather Merge","Parent Relationship": "Outer","Parallel Aware": false,"Async Capable": false,"Startup Cost": 72556.41,"Total Cost": 73202.94,"Plan Rows": 4910,"Plan Width": 272,"Actual Startup Time": 955.616,"Actual Total Time": 1000.999,"Actual Rows": 12,"Actual Loops": 1,"Workers Planned": 2,"Workers Launched": 2,"Plans": [{"Node Type": "Aggregate","Strategy": "Sorted","Partial Mode": "Partial","Parent Relationship": "Outer","Parallel Aware": false,"Async Capable": false,"Startup Cost": 71556.39,"Total Cost": 71636.18,"Plan Rows": 2455,"Plan Width": 272,"Actual Startup Time": 948.100,"Actual Total Time": 948.823,"Actual Rows": 4,"Actual Loops": 3,"Group Key": ["n1.n_name", "n2.n_name", "(EXTRACT(year FROM lineitem.l_shipdate))"],"Workers": [],"Plans": [{"Node Type": "Sort","Parent Relationship": "Outer","Parallel Aware": false,"Async Capable": false,"Startup Cost": 71556.39,"Total Cost": 71562.53,"Plan Rows": 2455,"Plan Width": 252,"Actual Startup Time": 947.832,"Actual Total Time": 947.938,"Actual Rows": 2070,"Actual Loops": 3,"Sort Key": ["n1.n_name", "n2.n_name", "(EXTRACT(year FROM lineitem.l_shipdate))"],"Sort Method": "quicksort","Sort Space Used": 332,"Sort Space Type": "Memory","Workers": [{"Worker Number": 0,"Sort Method": "quicksort","Sort Space Used": 268,"Sort Space Type": "Memory"},{"Worker Number": 1,"Sort Method": "quicksort","Sort Space Used": 321,"Sort Space Type": "Memory"}],"Plans": [{"Node Type": "Hash Join","Parent Relationship": "Outer","Parallel Aware": false,"Async Capable": false,"Join Type": "Inner","Startup Cost": 366.16,"Total Cost": 71418.15,"Plan Rows": 2455,"Plan Width": 252,"Actual Startup Time": 11.862,"Actual Total Time": 945.744,"Actual Rows": 2070,"Actual Loops": 3,"Inner Unique": false,"Hash Cond": "(lineitem.l_suppkey = supplier.s_suppkey)","Join Filter": "(((n1.n_name = 'FRANCE'::bpchar) AND (n2.n_name = 'MOZAMBIQUE'::bpchar)) OR ((n1.n_name = 'MOZAMBIQUE'::bpchar) AND (n2.n_name = 'FRANCE'::bpchar)))","Rows Removed by Join Filter": 2015,"Workers": [],"Plans": [{"Node Type": "Nested Loop","Parent Relationship": "Outer","Parallel Aware": false,"Async Capable": false,"Join Type": "Inner","Startup Cost": 2.26,"Total Cost": 70727.78,"Plan Rows": 60250,"Plan Width": 124,"Actual Startup Time": 0.682,"Actual Total Time": 927.769,"Actual Rows": 49840,"Actual Loops": 3,"Inner Unique": false,"Workers": [],"Plans": [{"Node Type": "Nested Loop","Parent Relationship": "Outer","Parallel Aware": false,"Async Capable": false,"Join Type": "Inner","Startup Cost": 1.83,"Total Cost": 12400.01,"Plan Rows": 49000,"Plan Width": 108,"Actual Startup Time": 0.337,"Actual Total Time": 233.649,"Actual Rows": 40956,"Actual Loops": 3,"Inner Unique": false,"Workers": [],"Plans": [{"Node Type": "Hash Join","Parent Relationship": "Outer","Parallel Aware": false,"Async Capable": false,"Join Type": "Inner","Startup Cost": 1.40,"Total Cost": 4403.27,"Plan Rows": 4900,"Plan Width": 108,"Actual Startup Time": 0.196,"Actual Total Time": 49.031,"Actual Rows": 4025,"Actual Loops": 3,"Inner Unique": true,"Hash Cond": "(customer.c_nationkey = n2.n_nationkey)","Workers": [],"Plans": [{"Node Type": "Seq Scan","Parent Relationship": "Outer","Parallel Aware": true,"Async Capable": false,"Relation Name": "customer","Alias": "customer","Startup Cost": 0.00,"Total Cost": 4210.00,"Plan Rows": 62500,"Plan Width": 8,"Actual Startup Time": 0.018,"Actual Total Time": 9.569,"Actual Rows": 50000,"Actual Loops": 3,"Workers": []},{"Node Type": "Hash","Parent Relationship": "Inner","Parallel Aware": false,"Async Capable": false,"Startup Cost": 1.38,"Total Cost": 1.38,"Plan Rows": 2,"Plan Width": 108,"Actual Startup Time": 0.080,"Actual Total Time": 0.085,"Actual Rows": 2,"Actual Loops": 3,"Hash Buckets": 1024,"Original Hash Buckets": 1024,"Hash Batches": 1,"Original Hash Batches": 1,"Peak Memory Usage": 9,"Workers": [],"Plans": [{"Node Type": "Seq Scan","Parent Relationship": "Outer","Parallel Aware": false,"Async Capable": false,"Relation Name": "nation","Alias": "n2","Startup Cost": 0.00,"Total Cost": 1.38,"Plan Rows": 2,"Plan Width": 108,"Actual Startup Time": 0.058,"Actual Total Time": 0.067,"Actual Rows": 2,"Actual Loops": 3,"Filter": "((n_name = 'MOZAMBIQUE'::bpchar) OR (n_name = 'FRANCE'::bpchar))","Rows Removed by Filter": 23,"Workers": []}]}]},{"Node Type": "Index Scan","Parent Relationship": "Inner","Parallel Aware": false,"Async Capable": false,"Scan Direction": "Forward","Index Name": "idx_orders_custkey","Relation Name": "orders","Alias": "orders","Startup Cost": 0.43,"Total Cost": 1.46,"Plan Rows": 17,"Plan Width": 8,"Actual Startup Time": 0.007,"Actual Total Time": 0.045,"Actual Rows": 10,"Actual Loops": 12074,"Index Cond": "(o_custkey = customer.c_custkey)","Rows Removed by Index Recheck": 0,"Workers": []}]},{"Node Type": "Index Scan","Parent Relationship": "Inner","Parallel Aware": false,"Async Capable": false,"Scan Direction": "Forward","Index Name": "idx_lineitem_orderkey","Relation Name": "lineitem","Alias": "lineitem","Startup Cost": 0.43,"Total Cost": 1.14,"Plan Rows": 5,"Plan Width": 24,"Actual Startup Time": 0.016,"Actual Total Time": 0.017,"Actual Rows": 1,"Actual Loops": 122867,"Index Cond": "(l_orderkey = orders.o_orderkey)","Rows Removed by Index Recheck": 0,"Filter": "((l_shipdate >= '1995-01-01'::date) AND (l_shipdate <= '1996-12-31'::date))","Rows Removed by Filter": 3,"Workers": []}]},{"Node Type": "Hash","Parent Relationship": "Inner","Parallel Aware": false,"Async Capable": false,"Startup Cost": 354.10,"Total Cost": 354.10,"Plan Rows": 784,"Plan Width": 108,"Actual Startup Time": 10.367,"Actual Total Time": 10.381,"Actual Rows": 808,"Actual Loops": 3,"Hash Buckets": 1024,"Original Hash Buckets": 1024,"Hash Batches": 1,"Original Hash Batches": 1,"Peak Memory Usage": 57,"Workers": [],"Plans": [{"Node Type": "Hash Join","Parent Relationship": "Outer","Parallel Aware": false,"Async Capable": false,"Join Type": "Inner","Startup Cost": 1.40,"Total Cost": 354.10,"Plan Rows": 784,"Plan Width": 108,"Actual Startup Time": 0.106,"Actual Total Time": 10.163,"Actual Rows": 808,"Actual Loops": 3,"Inner Unique": true,"Hash Cond": "(supplier.s_nationkey = n1.n_nationkey)","Workers": [],"Plans": [{"Node Type": "Seq Scan","Parent Relationship": "Outer","Parallel Aware": false,"Async Capable": false,"Relation Name": "supplier","Alias": "supplier","Startup Cost": 0.00,"Total Cost": 322.00,"Plan Rows": 10000,"Plan Width": 8,"Actual Startup Time": 0.041,"Actual Total Time": 4.430,"Actual Rows": 10000,"Actual Loops": 3,"Workers": []},{"Node Type": "Hash","Parent Relationship": "Inner","Parallel Aware": false,"Async Capable": false,"Startup Cost": 1.38,"Total Cost": 1.38,"Plan Rows": 2,"Plan Width": 108,"Actual Startup Time": 0.019,"Actual Total Time": 0.025,"Actual Rows": 2,"Actual Loops": 3,"Hash Buckets": 1024,"Original Hash Buckets": 1024,"Hash Batches": 1,"Original Hash Batches": 1,"Peak Memory Usage": 9,"Workers": [],"Plans": [{"Node Type": "Seq Scan","Parent Relationship": "Outer","Parallel Aware": false,"Async Capable": false,"Relation Name": "nation","Alias": "n1","Startup Cost": 0.00,"Total Cost": 1.38,"Plan Rows": 2,"Plan Width": 108,"Actual Startup Time": 0.006,"Actual Total Time": 0.013,"Actual Rows": 2,"Actual Loops": 3,"Filter": "((n_name = 'FRANCE'::bpchar) OR (n_name = 'MOZAMBIQUE'::bpchar))","Rows Removed by Filter": 23,"Workers": []}]}]}]}]}]}]}]}]},"Planning Time": 9.070,"Triggers": [],"Execution Time": 1001.636}]
[{"Plan": {"Node Type": "Aggregate","Strategy": "Sorted","Partial Mode": "Finalize","Parallel Aware": false,"Async Capable": false,"Startup Cost": 72556.41,"Total Cost": 73352.71,"Plan Rows": 5893,"Plan Width": 272,"Actual Startup Time": 923.584,"Actual Total Time": 981.020,"Actual Rows": 4,"Actual Loops": 1,"Group Key": ["n1.n_name", "n2.n_name", "(EXTRACT(year FROM lineitem.l_shipdate))"],"Plans": [{"Node Type": "Gather Merge","Parent Relationship": "Outer","Parallel Aware": false,"Async Capable": false,"Startup Cost": 72556.41,"Total Cost": 73202.94,"Plan Rows": 4910,"Plan Width": 272,"Actual Startup Time": 922.748,"Actual Total Time": 980.953,"Actual Rows": 12,"Actual Loops": 1,"Workers Planned": 2,"Workers Launched": 2,"Plans": [{"Node Type": "Aggregate","Strategy": "Sorted","Partial Mode": "Partial","Parent Relationship": "Outer","Parallel Aware": false,"Async Capable": false,"Startup Cost": 71556.39,"Total Cost": 71636.18,"Plan Rows": 2455,"Plan Width": 272,"Actual Startup Time": 914.362,"Actual Total Time": 915.309,"Actual Rows": 4,"Actual Loops": 3,"Group Key": ["n1.n_name", "n2.n_name", "(EXTRACT(year FROM lineitem.l_shipdate))"],"Workers": [],"Plans": [{"Node Type": "Sort","Parent Relationship": "Outer","Parallel Aware": false,"Async Capable": false,"Startup Cost": 71556.39,"Total Cost": 71562.53,"Plan Rows": 2455,"Plan Width": 252,"Actual Startup Time": 914.107,"Actual Total Time": 914.229,"Actual Rows": 1948,"Actual Loops": 3,"Sort Key": ["n1.n_name", "n2.n_name", "(EXTRACT(year FROM lineitem.l_shipdate))"],"Sort Method": "quicksort","Sort Space Used": 257,"Sort Space Type": "Memory","Workers": [{"Worker Number": 0,"Sort Method": "quicksort","Sort Space Used": 271,"Sort Space Type": "Memory"},{"Worker Number": 1,"Sort Method": "quicksort","Sort Space Used": 257,"Sort Space Type": "Memory"}],"Plans": [{"Node Type": "Hash Join","Parent Relationship": "Outer","Parallel Aware": false,"Async Capable": false,"Join Type": "Inner","Startup Cost": 366.16,"Total Cost": 71418.15,"Plan Rows": 2455,"Plan Width": 252,"Actual Startup Time": 9.495,"Actual Total Time": 912.275,"Actual Rows": 1948,"Actual Loops": 3,"Inner Unique": false,"Hash Cond": "(lineitem.l_suppkey = supplier.s_suppkey)","Join Filter": "(((n1.n_name = 'IRAN'::bpchar) AND (n2.n_name = 'BRAZIL'::bpchar)) OR ((n1.n_name = 'BRAZIL'::bpchar) AND (n2.n_name = 'IRAN'::bpchar)))","Rows Removed by Join Filter": 1887,"Workers": [],"Plans": [{"Node Type": "Nested Loop","Parent Relationship": "Outer","Parallel Aware": false,"Async Capable": false,"Join Type": "Inner","Startup Cost": 2.26,"Total Cost": 70727.78,"Plan Rows": 60250,"Plan Width": 124,"Actual Startup Time": 1.067,"Actual Total Time": 898.191,"Actual Rows": 48493,"Actual Loops": 3,"Inner Unique": false,"Workers": [],"Plans": [{"Node Type": "Nested Loop","Parent Relationship": "Outer","Parallel Aware": false,"Async Capable": false,"Join Type": "Inner","Startup Cost": 1.83,"Total Cost": 12400.01,"Plan Rows": 49000,"Plan Width": 108,"Actual Startup Time": 0.317,"Actual Total Time": 225.340,"Actual Rows": 39937,"Actual Loops": 3,"Inner Unique": false,"Workers": [],"Plans": [{"Node Type": "Hash Join","Parent Relationship": "Outer","Parallel Aware": false,"Async Capable": false,"Join Type": "Inner","Startup Cost": 1.40,"Total Cost": 4403.27,"Plan Rows": 4900,"Plan Width": 108,"Actual Startup Time": 0.205,"Actual Total Time": 46.672,"Actual Rows": 4003,"Actual Loops": 3,"Inner Unique": true,"Hash Cond": "(customer.c_nationkey = n2.n_nationkey)","Workers": [],"Plans": [{"Node Type": "Seq Scan","Parent Relationship": "Outer","Parallel Aware": true,"Async Capable": false,"Relation Name": "customer","Alias": "customer","Startup Cost": 0.00,"Total Cost": 4210.00,"Plan Rows": 62500,"Plan Width": 8,"Actual Startup Time": 0.012,"Actual Total Time": 9.635,"Actual Rows": 50000,"Actual Loops": 3,"Workers": []},{"Node Type": "Hash","Parent Relationship": "Inner","Parallel Aware": false,"Async Capable": false,"Startup Cost": 1.38,"Total Cost": 1.38,"Plan Rows": 2,"Plan Width": 108,"Actual Startup Time": 0.090,"Actual Total Time": 0.096,"Actual Rows": 2,"Actual Loops": 3,"Hash Buckets": 1024,"Original Hash Buckets": 1024,"Hash Batches": 1,"Original Hash Batches": 1,"Peak Memory Usage": 9,"Workers": [],"Plans": [{"Node Type": "Seq Scan","Parent Relationship": "Outer","Parallel Aware": false,"Async Capable": false,"Relation Name": "nation","Alias": "n2","Startup Cost": 0.00,"Total Cost": 1.38,"Plan Rows": 2,"Plan Width": 108,"Actual Startup Time": 0.063,"Actual Total Time": 0.072,"Actual Rows": 2,"Actual Loops": 3,"Filter": "((n_name = 'BRAZIL'::bpchar) OR (n_name = 'IRAN'::bpchar))","Rows Removed by Filter": 23,"Workers": []}]}]},{"Node Type": "Index Scan","Parent Relationship": "Inner","Parallel Aware": false,"Async Capable": false,"Scan Direction": "Forward","Index Name": "idx_orders_custkey","Relation Name": "orders","Alias": "orders","Startup Cost": 0.43,"Total Cost": 1.46,"Plan Rows": 17,"Plan Width": 8,"Actual Startup Time": 0.007,"Actual Total Time": 0.043,"Actual Rows": 10,"Actual Loops": 12008,"Index Cond": "(o_custkey = customer.c_custkey)","Rows Removed by Index Recheck": 0,"Workers": []}]},{"Node Type": "Index Scan","Parent Relationship": "Inner","Parallel Aware": false,"Async Capable": false,"Scan Direction": "Forward","Index Name": "idx_lineitem_orderkey","Relation Name": "lineitem","Alias": "lineitem","Startup Cost": 0.43,"Total Cost": 1.14,"Plan Rows": 5,"Plan Width": 24,"Actual Startup Time": 0.016,"Actual Total Time": 0.017,"Actual Rows": 1,"Actual Loops": 119812,"Index Cond": "(l_orderkey = orders.o_orderkey)","Rows Removed by Index Recheck": 0,"Filter": "((l_shipdate >= '1995-01-01'::date) AND (l_shipdate <= '1996-12-31'::date))","Rows Removed by Filter": 3,"Workers": []}]},{"Node Type": "Hash","Parent Relationship": "Inner","Parallel Aware": false,"Async Capable": false,"Startup Cost": 354.10,"Total Cost": 354.10,"Plan Rows": 784,"Plan Width": 108,"Actual Startup Time": 6.696,"Actual Total Time": 6.710,"Actual Rows": 790,"Actual Loops": 3,"Hash Buckets": 1024,"Original Hash Buckets": 1024,"Hash Batches": 1,"Original Hash Batches": 1,"Peak Memory Usage": 56,"Workers": [],"Plans": [{"Node Type": "Hash Join","Parent Relationship": "Outer","Parallel Aware": false,"Async Capable": false,"Join Type": "Inner","Startup Cost": 1.40,"Total Cost": 354.10,"Plan Rows": 784,"Plan Width": 108,"Actual Startup Time": 0.093,"Actual Total Time": 6.530,"Actual Rows": 790,"Actual Loops": 3,"Inner Unique": true,"Hash Cond": "(supplier.s_nationkey = n1.n_nationkey)","Workers": [],"Plans": [{"Node Type": "Seq Scan","Parent Relationship": "Outer","Parallel Aware": false,"Async Capable": false,"Relation Name": "supplier","Alias": "supplier","Startup Cost": 0.00,"Total Cost": 322.00,"Plan Rows": 10000,"Plan Width": 8,"Actual Startup Time": 0.032,"Actual Total Time": 3.453,"Actual Rows": 10000,"Actual Loops": 3,"Workers": []},{"Node Type": "Hash","Parent Relationship": "Inner","Parallel Aware": false,"Async Capable": false,"Startup Cost": 1.38,"Total Cost": 1.38,"Plan Rows": 2,"Plan Width": 108,"Actual Startup Time": 0.020,"Actual Total Time": 0.026,"Actual Rows": 2,"Actual Loops": 3,"Hash Buckets": 1024,"Original Hash Buckets": 1024,"Hash Batches": 1,"Original Hash Batches": 1,"Peak Memory Usage": 9,"Workers": [],"Plans": [{"Node Type": "Seq Scan","Parent Relationship": "Outer","Parallel Aware": false,"Async Capable": false,"Relation Name": "nation","Alias": "n1","Startup Cost": 0.00,"Total Cost": 1.38,"Plan Rows": 2,"Plan Width": 108,"Actual Startup Time": 0.006,"Actual Total Time": 0.014,"Actual Rows": 2,"Actual Loops": 3,"Filter": "((n_name = 'IRAN'::bpchar) OR (n_name = 'BRAZIL'::bpchar))","Rows Removed by Filter": 23,"Workers": []}]}]}]}]}]}]}]}]},"Planning Time": 8.834,"Triggers": [],"Execution Time": 981.519}]
[{"Plan": {"Node Type": "Aggregate","Strategy": "Sorted","Partial Mode": "Finalize","Parallel Aware": false,"Async Capable": false,"Startup Cost": 72556.41,"Total Cost": 73352.71,"Plan Rows": 5893,"Plan Width": 272,"Actual Startup Time": 936.702,"Actual Total Time": 995.720,"Actual Rows": 4,"Actual Loops": 1,"Group Key": ["n1.n_name", "n2.n_name", "(EXTRACT(year FROM lineitem.l_shipdate))"],"Plans": [{"Node Type": "Gather Merge","Parent Relationship": "Outer","Parallel Aware": false,"Async Capable": false,"Startup Cost": 72556.41,"Total Cost": 73202.94,"Plan Rows": 4910,"Plan Width": 272,"Actual Startup Time": 936.392,"Actual Total Time": 995.662,"Actual Rows": 12,"Actual Loops": 1,"Workers Planned": 2,"Workers Launched": 2,"Plans": [{"Node Type": "Aggregate","Strategy": "Sorted","Partial Mode": "Partial","Parent Relationship": "Outer","Parallel Aware": false,"Async Capable": false,"Startup Cost": 71556.39,"Total Cost": 71636.18,"Plan Rows": 2455,"Plan Width": 272,"Actual Startup Time": 927.999,"Actual Total Time": 928.704,"Actual Rows": 4,"Actual Loops": 3,"Group Key": ["n1.n_name", "n2.n_name", "(EXTRACT(year FROM lineitem.l_shipdate))"],"Workers": [],"Plans": [{"Node Type": "Sort","Parent Relationship": "Outer","Parallel Aware": false,"Async Capable": false,"Startup Cost": 71556.39,"Total Cost": 71562.53,"Plan Rows": 2455,"Plan Width": 252,"Actual Startup Time": 927.717,"Actual Total Time": 927.839,"Actual Rows": 1999,"Actual Loops": 3,"Sort Key": ["n1.n_name", "n2.n_name", "(EXTRACT(year FROM lineitem.l_shipdate))"],"Sort Method": "quicksort","Sort Space Used": 260,"Sort Space Type": "Memory","Workers": [{"Worker Number": 0,"Sort Method": "quicksort","Sort Space Used": 271,"Sort Space Type": "Memory"},{"Worker Number": 1,"Sort Method": "quicksort","Sort Space Used": 270,"Sort Space Type": "Memory"}],"Plans": [{"Node Type": "Hash Join","Parent Relationship": "Outer","Parallel Aware": false,"Async Capable": false,"Join Type": "Inner","Startup Cost": 366.16,"Total Cost": 71418.15,"Plan Rows": 2455,"Plan Width": 252,"Actual Startup Time": 9.479,"Actual Total Time": 925.923,"Actual Rows": 1999,"Actual Loops": 3,"Inner Unique": false,"Hash Cond": "(lineitem.l_suppkey = supplier.s_suppkey)","Join Filter": "(((n1.n_name = 'GERMANY'::bpchar) AND (n2.n_name = 'INDONESIA'::bpchar)) OR ((n1.n_name = 'INDONESIA'::bpchar) AND (n2.n_name = 'GERMANY'::bpchar)))","Rows Removed by Join Filter": 1971,"Workers": [],"Plans": [{"Node Type": "Nested Loop","Parent Relationship": "Outer","Parallel Aware": false,"Async Capable": false,"Join Type": "Inner","Startup Cost": 2.26,"Total Cost": 70727.78,"Plan Rows": 60250,"Plan Width": 124,"Actual Startup Time": 0.415,"Actual Total Time": 910.448,"Actual Rows": 49427,"Actual Loops": 3,"Inner Unique": false,"Workers": [],"Plans": [{"Node Type": "Nested Loop","Parent Relationship": "Outer","Parallel Aware": false,"Async Capable": false,"Join Type": "Inner","Startup Cost": 1.83,"Total Cost": 12400.01,"Plan Rows": 49000,"Plan Width": 108,"Actual Startup Time": 0.265,"Actual Total Time": 229.593,"Actual Rows": 40367,"Actual Loops": 3,"Inner Unique": false,"Workers": [],"Plans": [{"Node Type": "Hash Join","Parent Relationship": "Outer","Parallel Aware": false,"Async Capable": false,"Join Type": "Inner","Startup Cost": 1.40,"Total Cost": 4403.27,"Plan Rows": 4900,"Plan Width": 108,"Actual Startup Time": 0.158,"Actual Total Time": 48.940,"Actual Rows": 4023,"Actual Loops": 3,"Inner Unique": true,"Hash Cond": "(customer.c_nationkey = n2.n_nationkey)","Workers": [],"Plans": [{"Node Type": "Seq Scan","Parent Relationship": "Outer","Parallel Aware": true,"Async Capable": false,"Relation Name": "customer","Alias": "customer","Startup Cost": 0.00,"Total Cost": 4210.00,"Plan Rows": 62500,"Plan Width": 8,"Actual Startup Time": 0.009,"Actual Total Time": 9.586,"Actual Rows": 50000,"Actual Loops": 3,"Workers": []},{"Node Type": "Hash","Parent Relationship": "Inner","Parallel Aware": false,"Async Capable": false,"Startup Cost": 1.38,"Total Cost": 1.38,"Plan Rows": 2,"Plan Width": 108,"Actual Startup Time": 0.056,"Actual Total Time": 0.064,"Actual Rows": 2,"Actual Loops": 3,"Hash Buckets": 1024,"Original Hash Buckets": 1024,"Hash Batches": 1,"Original Hash Batches": 1,"Peak Memory Usage": 9,"Workers": [],"Plans": [{"Node Type": "Seq Scan","Parent Relationship": "Outer","Parallel Aware": false,"Async Capable": false,"Relation Name": "nation","Alias": "n2","Startup Cost": 0.00,"Total Cost": 1.38,"Plan Rows": 2,"Plan Width": 108,"Actual Startup Time": 0.038,"Actual Total Time": 0.043,"Actual Rows": 2,"Actual Loops": 3,"Filter": "((n_name = 'INDONESIA'::bpchar) OR (n_name = 'GERMANY'::bpchar))","Rows Removed by Filter": 23,"Workers": []}]}]},{"Node Type": "Index Scan","Parent Relationship": "Inner","Parallel Aware": false,"Async Capable": false,"Scan Direction": "Forward","Index Name": "idx_orders_custkey","Relation Name": "orders","Alias": "orders","Startup Cost": 0.43,"Total Cost": 1.46,"Plan Rows": 17,"Plan Width": 8,"Actual Startup Time": 0.007,"Actual Total Time": 0.044,"Actual Rows": 10,"Actual Loops": 12069,"Index Cond": "(o_custkey = customer.c_custkey)","Rows Removed by Index Recheck": 0,"Workers": []}]},{"Node Type": "Index Scan","Parent Relationship": "Inner","Parallel Aware": false,"Async Capable": false,"Scan Direction": "Forward","Index Name": "idx_lineitem_orderkey","Relation Name": "lineitem","Alias": "lineitem","Startup Cost": 0.43,"Total Cost": 1.14,"Plan Rows": 5,"Plan Width": 24,"Actual Startup Time": 0.016,"Actual Total Time": 0.017,"Actual Rows": 1,"Actual Loops": 121101,"Index Cond": "(l_orderkey = orders.o_orderkey)","Rows Removed by Index Recheck": 0,"Filter": "((l_shipdate >= '1995-01-01'::date) AND (l_shipdate <= '1996-12-31'::date))","Rows Removed by Filter": 3,"Workers": []}]},{"Node Type": "Hash","Parent Relationship": "Inner","Parallel Aware": false,"Async Capable": false,"Startup Cost": 354.10,"Total Cost": 354.10,"Plan Rows": 784,"Plan Width": 108,"Actual Startup Time": 8.204,"Actual Total Time": 8.226,"Actual Rows": 801,"Actual Loops": 3,"Hash Buckets": 1024,"Original Hash Buckets": 1024,"Hash Batches": 1,"Original Hash Batches": 1,"Peak Memory Usage": 57,"Workers": [],"Plans": [{"Node Type": "Hash Join","Parent Relationship": "Outer","Parallel Aware": false,"Async Capable": false,"Join Type": "Inner","Startup Cost": 1.40,"Total Cost": 354.10,"Plan Rows": 784,"Plan Width": 108,"Actual Startup Time": 0.075,"Actual Total Time": 8.027,"Actual Rows": 801,"Actual Loops": 3,"Inner Unique": true,"Hash Cond": "(supplier.s_nationkey = n1.n_nationkey)","Workers": [],"Plans": [{"Node Type": "Seq Scan","Parent Relationship": "Outer","Parallel Aware": false,"Async Capable": false,"Relation Name": "supplier","Alias": "supplier","Startup Cost": 0.00,"Total Cost": 322.00,"Plan Rows": 10000,"Plan Width": 8,"Actual Startup Time": 0.028,"Actual Total Time": 4.054,"Actual Rows": 10000,"Actual Loops": 3,"Workers": []},{"Node Type": "Hash","Parent Relationship": "Inner","Parallel Aware": false,"Async Capable": false,"Startup Cost": 1.38,"Total Cost": 1.38,"Plan Rows": 2,"Plan Width": 108,"Actual Startup Time": 0.012,"Actual Total Time": 0.020,"Actual Rows": 2,"Actual Loops": 3,"Hash Buckets": 1024,"Original Hash Buckets": 1024,"Hash Batches": 1,"Original Hash Batches": 1,"Peak Memory Usage": 9,"Workers": [],"Plans": [{"Node Type": "Seq Scan","Parent Relationship": "Outer","Parallel Aware": false,"Async Capable": false,"Relation Name": "nation","Alias": "n1","Startup Cost": 0.00,"Total Cost": 1.38,"Plan Rows": 2,"Plan Width": 108,"Actual Startup Time": 0.004,"Actual Total Time": 0.010,"Actual Rows": 2,"Actual Loops": 3,"Filter": "((n_name = 'GERMANY'::bpchar) OR (n_name = 'INDONESIA'::bpchar))","Rows Removed by Filter": 23,"Workers": []}]}]}]}]}]}]}]}]},"Planning Time": 7.948,"Triggers": [],"Execution Time": 996.247}]
[{"Plan": {"Node Type": "Aggregate","Strategy": "Sorted","Partial Mode": "Finalize","Parallel Aware": false,"Async Capable": false,"Startup Cost": 72556.41,"Total Cost": 73352.71,"Plan Rows": 5893,"Plan Width": 272,"Actual Startup Time": 909.811,"Actual Total Time": 962.556,"Actual Rows": 4,"Actual Loops": 1,"Group Key": ["n1.n_name", "n2.n_name", "(EXTRACT(year FROM lineitem.l_shipdate))"],"Plans": [{"Node Type": "Gather Merge","Parent Relationship": "Outer","Parallel Aware": false,"Async Capable": false,"Startup Cost": 72556.41,"Total Cost": 73202.94,"Plan Rows": 4910,"Plan Width": 272,"Actual Startup Time": 909.258,"Actual Total Time": 962.468,"Actual Rows": 12,"Actual Loops": 1,"Workers Planned": 2,"Workers Launched": 2,"Plans": [{"Node Type": "Aggregate","Strategy": "Sorted","Partial Mode": "Partial","Parent Relationship": "Outer","Parallel Aware": false,"Async Capable": false,"Startup Cost": 71556.39,"Total Cost": 71636.18,"Plan Rows": 2455,"Plan Width": 272,"Actual Startup Time": 900.467,"Actual Total Time": 901.215,"Actual Rows": 4,"Actual Loops": 3,"Group Key": ["n1.n_name", "n2.n_name", "(EXTRACT(year FROM lineitem.l_shipdate))"],"Workers": [],"Plans": [{"Node Type": "Sort","Parent Relationship": "Outer","Parallel Aware": false,"Async Capable": false,"Startup Cost": 71556.39,"Total Cost": 71562.53,"Plan Rows": 2455,"Plan Width": 252,"Actual Startup Time": 900.196,"Actual Total Time": 900.311,"Actual Rows": 1993,"Actual Loops": 3,"Sort Key": ["n1.n_name", "n2.n_name", "(EXTRACT(year FROM lineitem.l_shipdate))"],"Sort Method": "quicksort","Sort Space Used": 268,"Sort Space Type": "Memory","Workers": [{"Worker Number": 0,"Sort Method": "quicksort","Sort Space Used": 268,"Sort Space Type": "Memory"},{"Worker Number": 1,"Sort Method": "quicksort","Sort Space Used": 264,"Sort Space Type": "Memory"}],"Plans": [{"Node Type": "Hash Join","Parent Relationship": "Outer","Parallel Aware": false,"Async Capable": false,"Join Type": "Inner","Startup Cost": 366.16,"Total Cost": 71418.15,"Plan Rows": 2455,"Plan Width": 252,"Actual Startup Time": 9.440,"Actual Total Time": 898.413,"Actual Rows": 1993,"Actual Loops": 3,"Inner Unique": false,"Hash Cond": "(lineitem.l_suppkey = supplier.s_suppkey)","Join Filter": "(((n1.n_name = 'UNITED KINGDOM'::bpchar) AND (n2.n_name = 'IRAQ'::bpchar)) OR ((n1.n_name = 'IRAQ'::bpchar) AND (n2.n_name = 'UNITED KINGDOM'::bpchar)))","Rows Removed by Join Filter": 2054,"Workers": [],"Plans": [{"Node Type": "Nested Loop","Parent Relationship": "Outer","Parallel Aware": false,"Async Capable": false,"Join Type": "Inner","Startup Cost": 2.26,"Total Cost": 70727.78,"Plan Rows": 60250,"Plan Width": 124,"Actual Startup Time": 0.373,"Actual Total Time": 883.198,"Actual Rows": 48024,"Actual Loops": 3,"Inner Unique": false,"Workers": [],"Plans": [{"Node Type": "Nested Loop","Parent Relationship": "Outer","Parallel Aware": false,"Async Capable": false,"Join Type": "Inner","Startup Cost": 1.83,"Total Cost": 12400.01,"Plan Rows": 49000,"Plan Width": 108,"Actual Startup Time": 0.268,"Actual Total Time": 222.315,"Actual Rows": 39452,"Actual Loops": 3,"Inner Unique": false,"Workers": [],"Plans": [{"Node Type": "Hash Join","Parent Relationship": "Outer","Parallel Aware": false,"Async Capable": false,"Join Type": "Inner","Startup Cost": 1.40,"Total Cost": 4403.27,"Plan Rows": 4900,"Plan Width": 108,"Actual Startup Time": 0.152,"Actual Total Time": 46.052,"Actual Rows": 3991,"Actual Loops": 3,"Inner Unique": true,"Hash Cond": "(customer.c_nationkey = n2.n_nationkey)","Workers": [],"Plans": [{"Node Type": "Seq Scan","Parent Relationship": "Outer","Parallel Aware": true,"Async Capable": false,"Relation Name": "customer","Alias": "customer","Startup Cost": 0.00,"Total Cost": 4210.00,"Plan Rows": 62500,"Plan Width": 8,"Actual Startup Time": 0.011,"Actual Total Time": 9.341,"Actual Rows": 50000,"Actual Loops": 3,"Workers": []},{"Node Type": "Hash","Parent Relationship": "Inner","Parallel Aware": false,"Async Capable": false,"Startup Cost": 1.38,"Total Cost": 1.38,"Plan Rows": 2,"Plan Width": 108,"Actual Startup Time": 0.062,"Actual Total Time": 0.069,"Actual Rows": 2,"Actual Loops": 3,"Hash Buckets": 1024,"Original Hash Buckets": 1024,"Hash Batches": 1,"Original Hash Batches": 1,"Peak Memory Usage": 9,"Workers": [],"Plans": [{"Node Type": "Seq Scan","Parent Relationship": "Outer","Parallel Aware": false,"Async Capable": false,"Relation Name": "nation","Alias": "n2","Startup Cost": 0.00,"Total Cost": 1.38,"Plan Rows": 2,"Plan Width": 108,"Actual Startup Time": 0.046,"Actual Total Time": 0.050,"Actual Rows": 2,"Actual Loops": 3,"Filter": "((n_name = 'IRAQ'::bpchar) OR (n_name = 'UNITED KINGDOM'::bpchar))","Rows Removed by Filter": 23,"Workers": []}]}]},{"Node Type": "Index Scan","Parent Relationship": "Inner","Parallel Aware": false,"Async Capable": false,"Scan Direction": "Forward","Index Name": "idx_orders_custkey","Relation Name": "orders","Alias": "orders","Startup Cost": 0.43,"Total Cost": 1.46,"Plan Rows": 17,"Plan Width": 8,"Actual Startup Time": 0.007,"Actual Total Time": 0.043,"Actual Rows": 10,"Actual Loops": 11974,"Index Cond": "(o_custkey = customer.c_custkey)","Rows Removed by Index Recheck": 0,"Workers": []}]},{"Node Type": "Index Scan","Parent Relationship": "Inner","Parallel Aware": false,"Async Capable": false,"Scan Direction": "Forward","Index Name": "idx_lineitem_orderkey","Relation Name": "lineitem","Alias": "lineitem","Startup Cost": 0.43,"Total Cost": 1.14,"Plan Rows": 5,"Plan Width": 24,"Actual Startup Time": 0.016,"Actual Total Time": 0.016,"Actual Rows": 1,"Actual Loops": 118357,"Index Cond": "(l_orderkey = orders.o_orderkey)","Rows Removed by Index Recheck": 0,"Filter": "((l_shipdate >= '1995-01-01'::date) AND (l_shipdate <= '1996-12-31'::date))","Rows Removed by Filter": 3,"Workers": []}]},{"Node Type": "Hash","Parent Relationship": "Inner","Parallel Aware": false,"Async Capable": false,"Startup Cost": 354.10,"Total Cost": 354.10,"Plan Rows": 784,"Plan Width": 108,"Actual Startup Time": 7.900,"Actual Total Time": 7.918,"Actual Rows": 828,"Actual Loops": 3,"Hash Buckets": 1024,"Original Hash Buckets": 1024,"Hash Batches": 1,"Original Hash Batches": 1,"Peak Memory Usage": 59,"Workers": [],"Plans": [{"Node Type": "Hash Join","Parent Relationship": "Outer","Parallel Aware": false,"Async Capable": false,"Join Type": "Inner","Startup Cost": 1.40,"Total Cost": 354.10,"Plan Rows": 784,"Plan Width": 108,"Actual Startup Time": 0.064,"Actual Total Time": 7.718,"Actual Rows": 828,"Actual Loops": 3,"Inner Unique": true,"Hash Cond": "(supplier.s_nationkey = n1.n_nationkey)","Workers": [],"Plans": [{"Node Type": "Seq Scan","Parent Relationship": "Outer","Parallel Aware": false,"Async Capable": false,"Relation Name": "supplier","Alias": "supplier","Startup Cost": 0.00,"Total Cost": 322.00,"Plan Rows": 10000,"Plan Width": 8,"Actual Startup Time": 0.027,"Actual Total Time": 3.911,"Actual Rows": 10000,"Actual Loops": 3,"Workers": []},{"Node Type": "Hash","Parent Relationship": "Inner","Parallel Aware": false,"Async Capable": false,"Startup Cost": 1.38,"Total Cost": 1.38,"Plan Rows": 2,"Plan Width": 108,"Actual Startup Time": 0.013,"Actual Total Time": 0.018,"Actual Rows": 2,"Actual Loops": 3,"Hash Buckets": 1024,"Original Hash Buckets": 1024,"Hash Batches": 1,"Original Hash Batches": 1,"Peak Memory Usage": 9,"Workers": [],"Plans": [{"Node Type": "Seq Scan","Parent Relationship": "Outer","Parallel Aware": false,"Async Capable": false,"Relation Name": "nation","Alias": "n1","Startup Cost": 0.00,"Total Cost": 1.38,"Plan Rows": 2,"Plan Width": 108,"Actual Startup Time": 0.006,"Actual Total Time": 0.009,"Actual Rows": 2,"Actual Loops": 3,"Filter": "((n_name = 'UNITED KINGDOM'::bpchar) OR (n_name = 'IRAQ'::bpchar))","Rows Removed by Filter": 23,"Workers": []}]}]}]}]}]}]}]}]},"Planning Time": 8.527,"Triggers": [],"Execution Time": 963.039}]
[{"Plan": {"Node Type": "Aggregate","Strategy": "Sorted","Partial Mode": "Finalize","Parallel Aware": false,"Async Capable": false,"Startup Cost": 72556.41,"Total Cost": 73352.71,"Plan Rows": 5893,"Plan Width": 272,"Actual Startup Time": 927.750,"Actual Total Time": 971.877,"Actual Rows": 4,"Actual Loops": 1,"Group Key": ["n1.n_name", "n2.n_name", "(EXTRACT(year FROM lineitem.l_shipdate))"],"Plans": [{"Node Type": "Gather Merge","Parent Relationship": "Outer","Parallel Aware": false,"Async Capable": false,"Startup Cost": 72556.41,"Total Cost": 73202.94,"Plan Rows": 4910,"Plan Width": 272,"Actual Startup Time": 927.252,"Actual Total Time": 971.765,"Actual Rows": 12,"Actual Loops": 1,"Workers Planned": 2,"Workers Launched": 2,"Plans": [{"Node Type": "Aggregate","Strategy": "Sorted","Partial Mode": "Partial","Parent Relationship": "Outer","Parallel Aware": false,"Async Capable": false,"Startup Cost": 71556.39,"Total Cost": 71636.18,"Plan Rows": 2455,"Plan Width": 272,"Actual Startup Time": 919.399,"Actual Total Time": 920.156,"Actual Rows": 4,"Actual Loops": 3,"Group Key": ["n1.n_name", "n2.n_name", "(EXTRACT(year FROM lineitem.l_shipdate))"],"Workers": [],"Plans": [{"Node Type": "Sort","Parent Relationship": "Outer","Parallel Aware": false,"Async Capable": false,"Startup Cost": 71556.39,"Total Cost": 71562.53,"Plan Rows": 2455,"Plan Width": 252,"Actual Startup Time": 919.129,"Actual Total Time": 919.244,"Actual Rows": 1960,"Actual Loops": 3,"Sort Key": ["n1.n_name", "n2.n_name", "(EXTRACT(year FROM lineitem.l_shipdate))"],"Sort Method": "quicksort","Sort Space Used": 321,"Sort Space Type": "Memory","Workers": [{"Worker Number": 0,"Sort Method": "quicksort","Sort Space Used": 255,"Sort Space Type": "Memory"},{"Worker Number": 1,"Sort Method": "quicksort","Sort Space Used": 261,"Sort Space Type": "Memory"}],"Plans": [{"Node Type": "Hash Join","Parent Relationship": "Outer","Parallel Aware": false,"Async Capable": false,"Join Type": "Inner","Startup Cost": 366.16,"Total Cost": 71418.15,"Plan Rows": 2455,"Plan Width": 252,"Actual Startup Time": 11.653,"Actual Total Time": 917.303,"Actual Rows": 1960,"Actual Loops": 3,"Inner Unique": false,"Hash Cond": "(lineitem.l_suppkey = supplier.s_suppkey)","Join Filter": "(((n1.n_name = 'RUSSIA'::bpchar) AND (n2.n_name = 'GERMANY'::bpchar)) OR ((n1.n_name = 'GERMANY'::bpchar) AND (n2.n_name = 'RUSSIA'::bpchar)))","Rows Removed by Join Filter": 1958,"Workers": [],"Plans": [{"Node Type": "Nested Loop","Parent Relationship": "Outer","Parallel Aware": false,"Async Capable": false,"Join Type": "Inner","Startup Cost": 2.26,"Total Cost": 70727.78,"Plan Rows": 60250,"Plan Width": 124,"Actual Startup Time": 0.682,"Actual Total Time": 899.851,"Actual Rows": 49249,"Actual Loops": 3,"Inner Unique": false,"Workers": [],"Plans": [{"Node Type": "Nested Loop","Parent Relationship": "Outer","Parallel Aware": false,"Async Capable": false,"Join Type": "Inner","Startup Cost": 1.83,"Total Cost": 12400.01,"Plan Rows": 49000,"Plan Width": 108,"Actual Startup Time": 0.370,"Actual Total Time": 222.603,"Actual Rows": 40406,"Actual Loops": 3,"Inner Unique": false,"Workers": [],"Plans": [{"Node Type": "Hash Join","Parent Relationship": "Outer","Parallel Aware": false,"Async Capable": false,"Join Type": "Inner","Startup Cost": 1.40,"Total Cost": 4403.27,"Plan Rows": 4900,"Plan Width": 108,"Actual Startup Time": 0.188,"Actual Total Time": 44.162,"Actual Rows": 3995,"Actual Loops": 3,"Inner Unique": true,"Hash Cond": "(customer.c_nationkey = n2.n_nationkey)","Workers": [],"Plans": [{"Node Type": "Seq Scan","Parent Relationship": "Outer","Parallel Aware": true,"Async Capable": false,"Relation Name": "customer","Alias": "customer","Startup Cost": 0.00,"Total Cost": 4210.00,"Plan Rows": 62500,"Plan Width": 8,"Actual Startup Time": 0.013,"Actual Total Time": 9.067,"Actual Rows": 50000,"Actual Loops": 3,"Workers": []},{"Node Type": "Hash","Parent Relationship": "Inner","Parallel Aware": false,"Async Capable": false,"Startup Cost": 1.38,"Total Cost": 1.38,"Plan Rows": 2,"Plan Width": 108,"Actual Startup Time": 0.088,"Actual Total Time": 0.097,"Actual Rows": 2,"Actual Loops": 3,"Hash Buckets": 1024,"Original Hash Buckets": 1024,"Hash Batches": 1,"Original Hash Batches": 1,"Peak Memory Usage": 9,"Workers": [],"Plans": [{"Node Type": "Seq Scan","Parent Relationship": "Outer","Parallel Aware": false,"Async Capable": false,"Relation Name": "nation","Alias": "n2","Startup Cost": 0.00,"Total Cost": 1.38,"Plan Rows": 2,"Plan Width": 108,"Actual Startup Time": 0.063,"Actual Total Time": 0.071,"Actual Rows": 2,"Actual Loops": 3,"Filter": "((n_name = 'GERMANY'::bpchar) OR (n_name = 'RUSSIA'::bpchar))","Rows Removed by Filter": 23,"Workers": []}]}]},{"Node Type": "Index Scan","Parent Relationship": "Inner","Parallel Aware": false,"Async Capable": false,"Scan Direction": "Forward","Index Name": "idx_orders_custkey","Relation Name": "orders","Alias": "orders","Startup Cost": 0.43,"Total Cost": 1.46,"Plan Rows": 17,"Plan Width": 8,"Actual Startup Time": 0.007,"Actual Total Time": 0.043,"Actual Rows": 10,"Actual Loops": 11986,"Index Cond": "(o_custkey = customer.c_custkey)","Rows Removed by Index Recheck": 0,"Workers": []}]},{"Node Type": "Index Scan","Parent Relationship": "Inner","Parallel Aware": false,"Async Capable": false,"Scan Direction": "Forward","Index Name": "idx_lineitem_orderkey","Relation Name": "lineitem","Alias": "lineitem","Startup Cost": 0.43,"Total Cost": 1.14,"Plan Rows": 5,"Plan Width": 24,"Actual Startup Time": 0.016,"Actual Total Time": 0.017,"Actual Rows": 1,"Actual Loops": 121219,"Index Cond": "(l_orderkey = orders.o_orderkey)","Rows Removed by Index Recheck": 0,"Filter": "((l_shipdate >= '1995-01-01'::date) AND (l_shipdate <= '1996-12-31'::date))","Rows Removed by Filter": 3,"Workers": []}]},{"Node Type": "Hash","Parent Relationship": "Inner","Parallel Aware": false,"Async Capable": false,"Startup Cost": 354.10,"Total Cost": 354.10,"Plan Rows": 784,"Plan Width": 108,"Actual Startup Time": 10.461,"Actual Total Time": 10.478,"Actual Rows": 797,"Actual Loops": 3,"Hash Buckets": 1024,"Original Hash Buckets": 1024,"Hash Batches": 1,"Original Hash Batches": 1,"Peak Memory Usage": 57,"Workers": [],"Plans": [{"Node Type": "Hash Join","Parent Relationship": "Outer","Parallel Aware": false,"Async Capable": false,"Join Type": "Inner","Startup Cost": 1.40,"Total Cost": 354.10,"Plan Rows": 784,"Plan Width": 108,"Actual Startup Time": 0.093,"Actual Total Time": 10.279,"Actual Rows": 797,"Actual Loops": 3,"Inner Unique": true,"Hash Cond": "(supplier.s_nationkey = n1.n_nationkey)","Workers": [],"Plans": [{"Node Type": "Seq Scan","Parent Relationship": "Outer","Parallel Aware": false,"Async Capable": false,"Relation Name": "supplier","Alias": "supplier","Startup Cost": 0.00,"Total Cost": 322.00,"Plan Rows": 10000,"Plan Width": 8,"Actual Startup Time": 0.030,"Actual Total Time": 4.109,"Actual Rows": 10000,"Actual Loops": 3,"Workers": []},{"Node Type": "Hash","Parent Relationship": "Inner","Parallel Aware": false,"Async Capable": false,"Startup Cost": 1.38,"Total Cost": 1.38,"Plan Rows": 2,"Plan Width": 108,"Actual Startup Time": 0.015,"Actual Total Time": 0.020,"Actual Rows": 2,"Actual Loops": 3,"Hash Buckets": 1024,"Original Hash Buckets": 1024,"Hash Batches": 1,"Original Hash Batches": 1,"Peak Memory Usage": 9,"Workers": [],"Plans": [{"Node Type": "Seq Scan","Parent Relationship": "Outer","Parallel Aware": false,"Async Capable": false,"Relation Name": "nation","Alias": "n1","Startup Cost": 0.00,"Total Cost": 1.38,"Plan Rows": 2,"Plan Width": 108,"Actual Startup Time": 0.005,"Actual Total Time": 0.011,"Actual Rows": 2,"Actual Loops": 3,"Filter": "((n_name = 'RUSSIA'::bpchar) OR (n_name = 'GERMANY'::bpchar))","Rows Removed by Filter": 23,"Workers": []}]}]}]}]}]}]}]}]},"Planning Time": 8.754,"Triggers": [],"Execution Time": 972.375}]
[{"Plan": {"Node Type": "Aggregate","Strategy": "Sorted","Partial Mode": "Finalize","Parallel Aware": false,"Async Capable": false,"Startup Cost": 72556.41,"Total Cost": 73352.71,"Plan Rows": 5893,"Plan Width": 272,"Actual Startup Time": 936.401,"Actual Total Time": 989.679,"Actual Rows": 4,"Actual Loops": 1,"Group Key": ["n1.n_name", "n2.n_name", "(EXTRACT(year FROM lineitem.l_shipdate))"],"Plans": [{"Node Type": "Gather Merge","Parent Relationship": "Outer","Parallel Aware": false,"Async Capable": false,"Startup Cost": 72556.41,"Total Cost": 73202.94,"Plan Rows": 4910,"Plan Width": 272,"Actual Startup Time": 936.051,"Actual Total Time": 989.589,"Actual Rows": 12,"Actual Loops": 1,"Workers Planned": 2,"Workers Launched": 2,"Plans": [{"Node Type": "Aggregate","Strategy": "Sorted","Partial Mode": "Partial","Parent Relationship": "Outer","Parallel Aware": false,"Async Capable": false,"Startup Cost": 71556.39,"Total Cost": 71636.18,"Plan Rows": 2455,"Plan Width": 272,"Actual Startup Time": 926.773,"Actual Total Time": 927.496,"Actual Rows": 4,"Actual Loops": 3,"Group Key": ["n1.n_name", "n2.n_name", "(EXTRACT(year FROM lineitem.l_shipdate))"],"Workers": [],"Plans": [{"Node Type": "Sort","Parent Relationship": "Outer","Parallel Aware": false,"Async Capable": false,"Startup Cost": 71556.39,"Total Cost": 71562.53,"Plan Rows": 2455,"Plan Width": 252,"Actual Startup Time": 926.507,"Actual Total Time": 926.619,"Actual Rows": 1963,"Actual Loops": 3,"Sort Key": ["n1.n_name", "n2.n_name", "(EXTRACT(year FROM lineitem.l_shipdate))"],"Sort Method": "quicksort","Sort Space Used": 268,"Sort Space Type": "Memory","Workers": [{"Worker Number": 0,"Sort Method": "quicksort","Sort Space Used": 261,"Sort Space Type": "Memory"},{"Worker Number": 1,"Sort Method": "quicksort","Sort Space Used": 260,"Sort Space Type": "Memory"}],"Plans": [{"Node Type": "Hash Join","Parent Relationship": "Outer","Parallel Aware": false,"Async Capable": false,"Join Type": "Inner","Startup Cost": 366.16,"Total Cost": 71418.15,"Plan Rows": 2455,"Plan Width": 252,"Actual Startup Time": 9.424,"Actual Total Time": 924.650,"Actual Rows": 1963,"Actual Loops": 3,"Inner Unique": false,"Hash Cond": "(lineitem.l_suppkey = supplier.s_suppkey)","Join Filter": "(((n1.n_name = 'CHINA'::bpchar) AND (n2.n_name = 'VIETNAM'::bpchar)) OR ((n1.n_name = 'VIETNAM'::bpchar) AND (n2.n_name = 'CHINA'::bpchar)))","Rows Removed by Join Filter": 1963,"Workers": [],"Plans": [{"Node Type": "Nested Loop","Parent Relationship": "Outer","Parallel Aware": false,"Async Capable": false,"Join Type": "Inner","Startup Cost": 2.26,"Total Cost": 70727.78,"Plan Rows": 60250,"Plan Width": 124,"Actual Startup Time": 0.695,"Actual Total Time": 909.190,"Actual Rows": 49154,"Actual Loops": 3,"Inner Unique": false,"Workers": [],"Plans": [{"Node Type": "Nested Loop","Parent Relationship": "Outer","Parallel Aware": false,"Async Capable": false,"Join Type": "Inner","Startup Cost": 1.83,"Total Cost": 12400.01,"Plan Rows": 49000,"Plan Width": 108,"Actual Startup Time": 0.371,"Actual Total Time": 229.729,"Actual Rows": 40377,"Actual Loops": 3,"Inner Unique": false,"Workers": [],"Plans": [{"Node Type": "Hash Join","Parent Relationship": "Outer","Parallel Aware": false,"Async Capable": false,"Join Type": "Inner","Startup Cost": 1.40,"Total Cost": 4403.27,"Plan Rows": 4900,"Plan Width": 108,"Actual Startup Time": 0.231,"Actual Total Time": 47.226,"Actual Rows": 4011,"Actual Loops": 3,"Inner Unique": true,"Hash Cond": "(customer.c_nationkey = n2.n_nationkey)","Workers": [],"Plans": [{"Node Type": "Seq Scan","Parent Relationship": "Outer","Parallel Aware": true,"Async Capable": false,"Relation Name": "customer","Alias": "customer","Startup Cost": 0.00,"Total Cost": 4210.00,"Plan Rows": 62500,"Plan Width": 8,"Actual Startup Time": 0.017,"Actual Total Time": 9.544,"Actual Rows": 50000,"Actual Loops": 3,"Workers": []},{"Node Type": "Hash","Parent Relationship": "Inner","Parallel Aware": false,"Async Capable": false,"Startup Cost": 1.38,"Total Cost": 1.38,"Plan Rows": 2,"Plan Width": 108,"Actual Startup Time": 0.085,"Actual Total Time": 0.092,"Actual Rows": 2,"Actual Loops": 3,"Hash Buckets": 1024,"Original Hash Buckets": 1024,"Hash Batches": 1,"Original Hash Batches": 1,"Peak Memory Usage": 9,"Workers": [],"Plans": [{"Node Type": "Seq Scan","Parent Relationship": "Outer","Parallel Aware": false,"Async Capable": false,"Relation Name": "nation","Alias": "n2","Startup Cost": 0.00,"Total Cost": 1.38,"Plan Rows": 2,"Plan Width": 108,"Actual Startup Time": 0.067,"Actual Total Time": 0.071,"Actual Rows": 2,"Actual Loops": 3,"Filter": "((n_name = 'VIETNAM'::bpchar) OR (n_name = 'CHINA'::bpchar))","Rows Removed by Filter": 23,"Workers": []}]}]},{"Node Type": "Index Scan","Parent Relationship": "Inner","Parallel Aware": false,"Async Capable": false,"Scan Direction": "Forward","Index Name": "idx_orders_custkey","Relation Name": "orders","Alias": "orders","Startup Cost": 0.43,"Total Cost": 1.46,"Plan Rows": 17,"Plan Width": 8,"Actual Startup Time": 0.007,"Actual Total Time": 0.044,"Actual Rows": 10,"Actual Loops": 12032,"Index Cond": "(o_custkey = customer.c_custkey)","Rows Removed by Index Recheck": 0,"Workers": []}]},{"Node Type": "Index Scan","Parent Relationship": "Inner","Parallel Aware": false,"Async Capable": false,"Scan Direction": "Forward","Index Name": "idx_lineitem_orderkey","Relation Name": "lineitem","Alias": "lineitem","Startup Cost": 0.43,"Total Cost": 1.14,"Plan Rows": 5,"Plan Width": 24,"Actual Startup Time": 0.016,"Actual Total Time": 0.017,"Actual Rows": 1,"Actual Loops": 121131,"Index Cond": "(l_orderkey = orders.o_orderkey)","Rows Removed by Index Recheck": 0,"Filter": "((l_shipdate >= '1995-01-01'::date) AND (l_shipdate <= '1996-12-31'::date))","Rows Removed by Filter": 3,"Workers": []}]},{"Node Type": "Hash","Parent Relationship": "Inner","Parallel Aware": false,"Async Capable": false,"Startup Cost": 354.10,"Total Cost": 354.10,"Plan Rows": 784,"Plan Width": 108,"Actual Startup Time": 7.929,"Actual Total Time": 7.945,"Actual Rows": 806,"Actual Loops": 3,"Hash Buckets": 1024,"Original Hash Buckets": 1024,"Hash Batches": 1,"Original Hash Batches": 1,"Peak Memory Usage": 57,"Workers": [],"Plans": [{"Node Type": "Hash Join","Parent Relationship": "Outer","Parallel Aware": false,"Async Capable": false,"Join Type": "Inner","Startup Cost": 1.40,"Total Cost": 354.10,"Plan Rows": 784,"Plan Width": 108,"Actual Startup Time": 0.089,"Actual Total Time": 7.746,"Actual Rows": 806,"Actual Loops": 3,"Inner Unique": true,"Hash Cond": "(supplier.s_nationkey = n1.n_nationkey)","Workers": [],"Plans": [{"Node Type": "Seq Scan","Parent Relationship": "Outer","Parallel Aware": false,"Async Capable": false,"Relation Name": "supplier","Alias": "supplier","Startup Cost": 0.00,"Total Cost": 322.00,"Plan Rows": 10000,"Plan Width": 8,"Actual Startup Time": 0.032,"Actual Total Time": 3.893,"Actual Rows": 10000,"Actual Loops": 3,"Workers": []},{"Node Type": "Hash","Parent Relationship": "Inner","Parallel Aware": false,"Async Capable": false,"Startup Cost": 1.38,"Total Cost": 1.38,"Plan Rows": 2,"Plan Width": 108,"Actual Startup Time": 0.020,"Actual Total Time": 0.025,"Actual Rows": 2,"Actual Loops": 3,"Hash Buckets": 1024,"Original Hash Buckets": 1024,"Hash Batches": 1,"Original Hash Batches": 1,"Peak Memory Usage": 9,"Workers": [],"Plans": [{"Node Type": "Seq Scan","Parent Relationship": "Outer","Parallel Aware": false,"Async Capable": false,"Relation Name": "nation","Alias": "n1","Startup Cost": 0.00,"Total Cost": 1.38,"Plan Rows": 2,"Plan Width": 108,"Actual Startup Time": 0.010,"Actual Total Time": 0.014,"Actual Rows": 2,"Actual Loops": 3,"Filter": "((n_name = 'CHINA'::bpchar) OR (n_name = 'VIETNAM'::bpchar))","Rows Removed by Filter": 23,"Workers": []}]}]}]}]}]}]}]}]},"Planning Time": 8.211,"Triggers": [],"Execution Time": 990.192}]
[{"Plan": {"Node Type": "Aggregate","Strategy": "Sorted","Partial Mode": "Finalize","Parallel Aware": false,"Async Capable": false,"Startup Cost": 72556.41,"Total Cost": 73352.71,"Plan Rows": 5893,"Plan Width": 272,"Actual Startup Time": 927.515,"Actual Total Time": 971.955,"Actual Rows": 4,"Actual Loops": 1,"Group Key": ["n1.n_name", "n2.n_name", "(EXTRACT(year FROM lineitem.l_shipdate))"],"Plans": [{"Node Type": "Gather Merge","Parent Relationship": "Outer","Parallel Aware": false,"Async Capable": false,"Startup Cost": 72556.41,"Total Cost": 73202.94,"Plan Rows": 4910,"Plan Width": 272,"Actual Startup Time": 926.752,"Actual Total Time": 971.870,"Actual Rows": 12,"Actual Loops": 1,"Workers Planned": 2,"Workers Launched": 2,"Plans": [{"Node Type": "Aggregate","Strategy": "Sorted","Partial Mode": "Partial","Parent Relationship": "Outer","Parallel Aware": false,"Async Capable": false,"Startup Cost": 71556.39,"Total Cost": 71636.18,"Plan Rows": 2455,"Plan Width": 272,"Actual Startup Time": 919.023,"Actual Total Time": 919.904,"Actual Rows": 4,"Actual Loops": 3,"Group Key": ["n1.n_name", "n2.n_name", "(EXTRACT(year FROM lineitem.l_shipdate))"],"Workers": [],"Plans": [{"Node Type": "Sort","Parent Relationship": "Outer","Parallel Aware": false,"Async Capable": false,"Startup Cost": 71556.39,"Total Cost": 71562.53,"Plan Rows": 2455,"Plan Width": 252,"Actual Startup Time": 918.738,"Actual Total Time": 918.851,"Actual Rows": 2033,"Actual Loops": 3,"Sort Key": ["n1.n_name", "n2.n_name", "(EXTRACT(year FROM lineitem.l_shipdate))"],"Sort Method": "quicksort","Sort Space Used": 329,"Sort Space Type": "Memory","Workers": [{"Worker Number": 0,"Sort Method": "quicksort","Sort Space Used": 260,"Sort Space Type": "Memory"},{"Worker Number": 1,"Sort Method": "quicksort","Sort Space Used": 271,"Sort Space Type": "Memory"}],"Plans": [{"Node Type": "Hash Join","Parent Relationship": "Outer","Parallel Aware": false,"Async Capable": false,"Join Type": "Inner","Startup Cost": 366.16,"Total Cost": 71418.15,"Plan Rows": 2455,"Plan Width": 252,"Actual Startup Time": 12.729,"Actual Total Time": 916.758,"Actual Rows": 2033,"Actual Loops": 3,"Inner Unique": false,"Hash Cond": "(lineitem.l_suppkey = supplier.s_suppkey)","Join Filter": "(((n1.n_name = 'CHINA'::bpchar) AND (n2.n_name = 'INDIA'::bpchar)) OR ((n1.n_name = 'INDIA'::bpchar) AND (n2.n_name = 'CHINA'::bpchar)))","Rows Removed by Join Filter": 1994,"Workers": [],"Plans": [{"Node Type": "Nested Loop","Parent Relationship": "Outer","Parallel Aware": false,"Async Capable": false,"Join Type": "Inner","Startup Cost": 2.26,"Total Cost": 70727.78,"Plan Rows": 60250,"Plan Width": 124,"Actual Startup Time": 0.819,"Actual Total Time": 898.241,"Actual Rows": 48702,"Actual Loops": 3,"Inner Unique": false,"Workers": [],"Plans": [{"Node Type": "Nested Loop","Parent Relationship": "Outer","Parallel Aware": false,"Async Capable": false,"Join Type": "Inner","Startup Cost": 1.83,"Total Cost": 12400.01,"Plan Rows": 49000,"Plan Width": 108,"Actual Startup Time": 0.357,"Actual Total Time": 222.894,"Actual Rows": 40204,"Actual Loops": 3,"Inner Unique": false,"Workers": [],"Plans": [{"Node Type": "Hash Join","Parent Relationship": "Outer","Parallel Aware": false,"Async Capable": false,"Join Type": "Inner","Startup Cost": 1.40,"Total Cost": 4403.27,"Plan Rows": 4900,"Plan Width": 108,"Actual Startup Time": 0.234,"Actual Total Time": 43.811,"Actual Rows": 4022,"Actual Loops": 3,"Inner Unique": true,"Hash Cond": "(customer.c_nationkey = n2.n_nationkey)","Workers": [],"Plans": [{"Node Type": "Seq Scan","Parent Relationship": "Outer","Parallel Aware": true,"Async Capable": false,"Relation Name": "customer","Alias": "customer","Startup Cost": 0.00,"Total Cost": 4210.00,"Plan Rows": 62500,"Plan Width": 8,"Actual Startup Time": 0.018,"Actual Total Time": 9.026,"Actual Rows": 50000,"Actual Loops": 3,"Workers": []},{"Node Type": "Hash","Parent Relationship": "Inner","Parallel Aware": false,"Async Capable": false,"Startup Cost": 1.38,"Total Cost": 1.38,"Plan Rows": 2,"Plan Width": 108,"Actual Startup Time": 0.099,"Actual Total Time": 0.104,"Actual Rows": 2,"Actual Loops": 3,"Hash Buckets": 1024,"Original Hash Buckets": 1024,"Hash Batches": 1,"Original Hash Batches": 1,"Peak Memory Usage": 9,"Workers": [],"Plans": [{"Node Type": "Seq Scan","Parent Relationship": "Outer","Parallel Aware": false,"Async Capable": false,"Relation Name": "nation","Alias": "n2","Startup Cost": 0.00,"Total Cost": 1.38,"Plan Rows": 2,"Plan Width": 108,"Actual Startup Time": 0.076,"Actual Total Time": 0.083,"Actual Rows": 2,"Actual Loops": 3,"Filter": "((n_name = 'INDIA'::bpchar) OR (n_name = 'CHINA'::bpchar))","Rows Removed by Filter": 23,"Workers": []}]}]},{"Node Type": "Index Scan","Parent Relationship": "Inner","Parallel Aware": false,"Async Capable": false,"Scan Direction": "Forward","Index Name": "idx_orders_custkey","Relation Name": "orders","Alias": "orders","Startup Cost": 0.43,"Total Cost": 1.46,"Plan Rows": 17,"Plan Width": 8,"Actual Startup Time": 0.007,"Actual Total Time": 0.043,"Actual Rows": 10,"Actual Loops": 12066,"Index Cond": "(o_custkey = customer.c_custkey)","Rows Removed by Index Recheck": 0,"Workers": []}]},{"Node Type": "Index Scan","Parent Relationship": "Inner","Parallel Aware": false,"Async Capable": false,"Scan Direction": "Forward","Index Name": "idx_lineitem_orderkey","Relation Name": "lineitem","Alias": "lineitem","Startup Cost": 0.43,"Total Cost": 1.14,"Plan Rows": 5,"Plan Width": 24,"Actual Startup Time": 0.016,"Actual Total Time": 0.017,"Actual Rows": 1,"Actual Loops": 120611,"Index Cond": "(l_orderkey = orders.o_orderkey)","Rows Removed by Index Recheck": 0,"Filter": "((l_shipdate >= '1995-01-01'::date) AND (l_shipdate <= '1996-12-31'::date))","Rows Removed by Filter": 3,"Workers": []}]},{"Node Type": "Hash","Parent Relationship": "Inner","Parallel Aware": false,"Async Capable": false,"Startup Cost": 354.10,"Total Cost": 354.10,"Plan Rows": 784,"Plan Width": 108,"Actual Startup Time": 11.309,"Actual Total Time": 11.322,"Actual Rows": 822,"Actual Loops": 3,"Hash Buckets": 1024,"Original Hash Buckets": 1024,"Hash Batches": 1,"Original Hash Batches": 1,"Peak Memory Usage": 58,"Workers": [],"Plans": [{"Node Type": "Hash Join","Parent Relationship": "Outer","Parallel Aware": false,"Async Capable": false,"Join Type": "Inner","Startup Cost": 1.40,"Total Cost": 354.10,"Plan Rows": 784,"Plan Width": 108,"Actual Startup Time": 0.104,"Actual Total Time": 11.104,"Actual Rows": 822,"Actual Loops": 3,"Inner Unique": true,"Hash Cond": "(supplier.s_nationkey = n1.n_nationkey)","Workers": [],"Plans": [{"Node Type": "Seq Scan","Parent Relationship": "Outer","Parallel Aware": false,"Async Capable": false,"Relation Name": "supplier","Alias": "supplier","Startup Cost": 0.00,"Total Cost": 322.00,"Plan Rows": 10000,"Plan Width": 8,"Actual Startup Time": 0.031,"Actual Total Time": 4.627,"Actual Rows": 10000,"Actual Loops": 3,"Workers": []},{"Node Type": "Hash","Parent Relationship": "Inner","Parallel Aware": false,"Async Capable": false,"Startup Cost": 1.38,"Total Cost": 1.38,"Plan Rows": 2,"Plan Width": 108,"Actual Startup Time": 0.019,"Actual Total Time": 0.024,"Actual Rows": 2,"Actual Loops": 3,"Hash Buckets": 1024,"Original Hash Buckets": 1024,"Hash Batches": 1,"Original Hash Batches": 1,"Peak Memory Usage": 9,"Workers": [],"Plans": [{"Node Type": "Seq Scan","Parent Relationship": "Outer","Parallel Aware": false,"Async Capable": false,"Relation Name": "nation","Alias": "n1","Startup Cost": 0.00,"Total Cost": 1.38,"Plan Rows": 2,"Plan Width": 108,"Actual Startup Time": 0.008,"Actual Total Time": 0.014,"Actual Rows": 2,"Actual Loops": 3,"Filter": "((n_name = 'CHINA'::bpchar) OR (n_name = 'INDIA'::bpchar))","Rows Removed by Filter": 23,"Workers": []}]}]}]}]}]}]}]}]},"Planning Time": 9.100,"Triggers": [],"Execution Time": 972.419}]
[{"Plan": {"Node Type": "Aggregate","Strategy": "Sorted","Partial Mode": "Finalize","Parallel Aware": false,"Async Capable": false,"Startup Cost": 72556.41,"Total Cost": 73352.71,"Plan Rows": 5893,"Plan Width": 272,"Actual Startup Time": 917.283,"Actual Total Time": 960.258,"Actual Rows": 4,"Actual Loops": 1,"Group Key": ["n1.n_name", "n2.n_name", "(EXTRACT(year FROM lineitem.l_shipdate))"],"Plans": [{"Node Type": "Gather Merge","Parent Relationship": "Outer","Parallel Aware": false,"Async Capable": false,"Startup Cost": 72556.41,"Total Cost": 73202.94,"Plan Rows": 4910,"Plan Width": 272,"Actual Startup Time": 916.470,"Actual Total Time": 960.177,"Actual Rows": 12,"Actual Loops": 1,"Workers Planned": 2,"Workers Launched": 2,"Plans": [{"Node Type": "Aggregate","Strategy": "Sorted","Partial Mode": "Partial","Parent Relationship": "Outer","Parallel Aware": false,"Async Capable": false,"Startup Cost": 71556.39,"Total Cost": 71636.18,"Plan Rows": 2455,"Plan Width": 272,"Actual Startup Time": 907.962,"Actual Total Time": 908.838,"Actual Rows": 4,"Actual Loops": 3,"Group Key": ["n1.n_name", "n2.n_name", "(EXTRACT(year FROM lineitem.l_shipdate))"],"Workers": [],"Plans": [{"Node Type": "Sort","Parent Relationship": "Outer","Parallel Aware": false,"Async Capable": false,"Startup Cost": 71556.39,"Total Cost": 71562.53,"Plan Rows": 2455,"Plan Width": 252,"Actual Startup Time": 907.701,"Actual Total Time": 907.831,"Actual Rows": 1986,"Actual Loops": 3,"Sort Key": ["n1.n_name", "n2.n_name", "(EXTRACT(year FROM lineitem.l_shipdate))"],"Sort Method": "quicksort","Sort Space Used": 270,"Sort Space Type": "Memory","Workers": [{"Worker Number": 0,"Sort Method": "quicksort","Sort Space Used": 263,"Sort Space Type": "Memory"},{"Worker Number": 1,"Sort Method": "quicksort","Sort Space Used": 264,"Sort Space Type": "Memory"}],"Plans": [{"Node Type": "Hash Join","Parent Relationship": "Outer","Parallel Aware": false,"Async Capable": false,"Join Type": "Inner","Startup Cost": 366.16,"Total Cost": 71418.15,"Plan Rows": 2455,"Plan Width": 252,"Actual Startup Time": 13.056,"Actual Total Time": 905.769,"Actual Rows": 1986,"Actual Loops": 3,"Inner Unique": false,"Hash Cond": "(lineitem.l_suppkey = supplier.s_suppkey)","Join Filter": "(((n1.n_name = 'SAUDI ARABIA'::bpchar) AND (n2.n_name = 'VIETNAM'::bpchar)) OR ((n1.n_name = 'VIETNAM'::bpchar) AND (n2.n_name = 'SAUDI ARABIA'::bpchar)))","Rows Removed by Join Filter": 1958,"Workers": [],"Plans": [{"Node Type": "Nested Loop","Parent Relationship": "Outer","Parallel Aware": false,"Async Capable": false,"Join Type": "Inner","Startup Cost": 2.26,"Total Cost": 70727.78,"Plan Rows": 60250,"Plan Width": 124,"Actual Startup Time": 0.637,"Actual Total Time": 887.426,"Actual Rows": 48461,"Actual Loops": 3,"Inner Unique": false,"Workers": [],"Plans": [{"Node Type": "Nested Loop","Parent Relationship": "Outer","Parallel Aware": false,"Async Capable": false,"Join Type": "Inner","Startup Cost": 1.83,"Total Cost": 12400.01,"Plan Rows": 49000,"Plan Width": 108,"Actual Startup Time": 0.419,"Actual Total Time": 220.624,"Actual Rows": 39600,"Actual Loops": 3,"Inner Unique": false,"Workers": [],"Plans": [{"Node Type": "Hash Join","Parent Relationship": "Outer","Parallel Aware": false,"Async Capable": false,"Join Type": "Inner","Startup Cost": 1.40,"Total Cost": 4403.27,"Plan Rows": 4900,"Plan Width": 108,"Actual Startup Time": 0.198,"Actual Total Time": 44.662,"Actual Rows": 3971,"Actual Loops": 3,"Inner Unique": true,"Hash Cond": "(customer.c_nationkey = n2.n_nationkey)","Workers": [],"Plans": [{"Node Type": "Seq Scan","Parent Relationship": "Outer","Parallel Aware": true,"Async Capable": false,"Relation Name": "customer","Alias": "customer","Startup Cost": 0.00,"Total Cost": 4210.00,"Plan Rows": 62500,"Plan Width": 8,"Actual Startup Time": 0.016,"Actual Total Time": 8.949,"Actual Rows": 50000,"Actual Loops": 3,"Workers": []},{"Node Type": "Hash","Parent Relationship": "Inner","Parallel Aware": false,"Async Capable": false,"Startup Cost": 1.38,"Total Cost": 1.38,"Plan Rows": 2,"Plan Width": 108,"Actual Startup Time": 0.073,"Actual Total Time": 0.080,"Actual Rows": 2,"Actual Loops": 3,"Hash Buckets": 1024,"Original Hash Buckets": 1024,"Hash Batches": 1,"Original Hash Batches": 1,"Peak Memory Usage": 9,"Workers": [],"Plans": [{"Node Type": "Seq Scan","Parent Relationship": "Outer","Parallel Aware": false,"Async Capable": false,"Relation Name": "nation","Alias": "n2","Startup Cost": 0.00,"Total Cost": 1.38,"Plan Rows": 2,"Plan Width": 108,"Actual Startup Time": 0.058,"Actual Total Time": 0.062,"Actual Rows": 2,"Actual Loops": 3,"Filter": "((n_name = 'VIETNAM'::bpchar) OR (n_name = 'SAUDI ARABIA'::bpchar))","Rows Removed by Filter": 23,"Workers": []}]}]},{"Node Type": "Index Scan","Parent Relationship": "Inner","Parallel Aware": false,"Async Capable": false,"Scan Direction": "Forward","Index Name": "idx_orders_custkey","Relation Name": "orders","Alias": "orders","Startup Cost": 0.43,"Total Cost": 1.46,"Plan Rows": 17,"Plan Width": 8,"Actual Startup Time": 0.007,"Actual Total Time": 0.043,"Actual Rows": 10,"Actual Loops": 11912,"Index Cond": "(o_custkey = customer.c_custkey)","Rows Removed by Index Recheck": 0,"Workers": []}]},{"Node Type": "Index Scan","Parent Relationship": "Inner","Parallel Aware": false,"Async Capable": false,"Scan Direction": "Forward","Index Name": "idx_lineitem_orderkey","Relation Name": "lineitem","Alias": "lineitem","Startup Cost": 0.43,"Total Cost": 1.14,"Plan Rows": 5,"Plan Width": 24,"Actual Startup Time": 0.016,"Actual Total Time": 0.017,"Actual Rows": 1,"Actual Loops": 118800,"Index Cond": "(l_orderkey = orders.o_orderkey)","Rows Removed by Index Recheck": 0,"Filter": "((l_shipdate >= '1995-01-01'::date) AND (l_shipdate <= '1996-12-31'::date))","Rows Removed by Filter": 3,"Workers": []}]},{"Node Type": "Hash","Parent Relationship": "Inner","Parallel Aware": false,"Async Capable": false,"Startup Cost": 354.10,"Total Cost": 354.10,"Plan Rows": 784,"Plan Width": 108,"Actual Startup Time": 11.337,"Actual Total Time": 11.353,"Actual Rows": 810,"Actual Loops": 3,"Hash Buckets": 1024,"Original Hash Buckets": 1024,"Hash Batches": 1,"Original Hash Batches": 1,"Peak Memory Usage": 58,"Workers": [],"Plans": [{"Node Type": "Hash Join","Parent Relationship": "Outer","Parallel Aware": false,"Async Capable": false,"Join Type": "Inner","Startup Cost": 1.40,"Total Cost": 354.10,"Plan Rows": 784,"Plan Width": 108,"Actual Startup Time": 0.104,"Actual Total Time": 11.136,"Actual Rows": 810,"Actual Loops": 3,"Inner Unique": true,"Hash Cond": "(supplier.s_nationkey = n1.n_nationkey)","Workers": [],"Plans": [{"Node Type": "Seq Scan","Parent Relationship": "Outer","Parallel Aware": false,"Async Capable": false,"Relation Name": "supplier","Alias": "supplier","Startup Cost": 0.00,"Total Cost": 322.00,"Plan Rows": 10000,"Plan Width": 8,"Actual Startup Time": 0.034,"Actual Total Time": 4.477,"Actual Rows": 10000,"Actual Loops": 3,"Workers": []},{"Node Type": "Hash","Parent Relationship": "Inner","Parallel Aware": false,"Async Capable": false,"Startup Cost": 1.38,"Total Cost": 1.38,"Plan Rows": 2,"Plan Width": 108,"Actual Startup Time": 0.019,"Actual Total Time": 0.025,"Actual Rows": 2,"Actual Loops": 3,"Hash Buckets": 1024,"Original Hash Buckets": 1024,"Hash Batches": 1,"Original Hash Batches": 1,"Peak Memory Usage": 9,"Workers": [],"Plans": [{"Node Type": "Seq Scan","Parent Relationship": "Outer","Parallel Aware": false,"Async Capable": false,"Relation Name": "nation","Alias": "n1","Startup Cost": 0.00,"Total Cost": 1.38,"Plan Rows": 2,"Plan Width": 108,"Actual Startup Time": 0.010,"Actual Total Time": 0.015,"Actual Rows": 2,"Actual Loops": 3,"Filter": "((n_name = 'SAUDI ARABIA'::bpchar) OR (n_name = 'VIETNAM'::bpchar))","Rows Removed by Filter": 23,"Workers": []}]}]}]}]}]}]}]}]},"Planning Time": 9.833,"Triggers": [],"Execution Time": 960.690}]
[{"Plan": {"Node Type": "Aggregate","Strategy": "Sorted","Partial Mode": "Finalize","Parallel Aware": false,"Async Capable": false,"Startup Cost": 72556.41,"Total Cost": 73352.71,"Plan Rows": 5893,"Plan Width": 272,"Actual Startup Time": 913.741,"Actual Total Time": 968.920,"Actual Rows": 4,"Actual Loops": 1,"Group Key": ["n1.n_name", "n2.n_name", "(EXTRACT(year FROM lineitem.l_shipdate))"],"Plans": [{"Node Type": "Gather Merge","Parent Relationship": "Outer","Parallel Aware": false,"Async Capable": false,"Startup Cost": 72556.41,"Total Cost": 73202.94,"Plan Rows": 4910,"Plan Width": 272,"Actual Startup Time": 912.934,"Actual Total Time": 968.845,"Actual Rows": 12,"Actual Loops": 1,"Workers Planned": 2,"Workers Launched": 2,"Plans": [{"Node Type": "Aggregate","Strategy": "Sorted","Partial Mode": "Partial","Parent Relationship": "Outer","Parallel Aware": false,"Async Capable": false,"Startup Cost": 71556.39,"Total Cost": 71636.18,"Plan Rows": 2455,"Plan Width": 272,"Actual Startup Time": 904.501,"Actual Total Time": 905.327,"Actual Rows": 4,"Actual Loops": 3,"Group Key": ["n1.n_name", "n2.n_name", "(EXTRACT(year FROM lineitem.l_shipdate))"],"Workers": [],"Plans": [{"Node Type": "Sort","Parent Relationship": "Outer","Parallel Aware": false,"Async Capable": false,"Startup Cost": 71556.39,"Total Cost": 71562.53,"Plan Rows": 2455,"Plan Width": 252,"Actual Startup Time": 904.251,"Actual Total Time": 904.366,"Actual Rows": 1812,"Actual Loops": 3,"Sort Key": ["n1.n_name", "n2.n_name", "(EXTRACT(year FROM lineitem.l_shipdate))"],"Sort Method": "quicksort","Sort Space Used": 250,"Sort Space Type": "Memory","Workers": [{"Worker Number": 0,"Sort Method": "quicksort","Sort Space Used": 245,"Sort Space Type": "Memory"},{"Worker Number": 1,"Sort Method": "quicksort","Sort Space Used": 246,"Sort Space Type": "Memory"}],"Plans": [{"Node Type": "Hash Join","Parent Relationship": "Outer","Parallel Aware": false,"Async Capable": false,"Join Type": "Inner","Startup Cost": 366.16,"Total Cost": 71418.15,"Plan Rows": 2455,"Plan Width": 252,"Actual Startup Time": 9.760,"Actual Total Time": 902.517,"Actual Rows": 1812,"Actual Loops": 3,"Inner Unique": false,"Hash Cond": "(lineitem.l_suppkey = supplier.s_suppkey)","Join Filter": "(((n1.n_name = 'JAPAN'::bpchar) AND (n2.n_name = 'MOROCCO'::bpchar)) OR ((n1.n_name = 'MOROCCO'::bpchar) AND (n2.n_name = 'JAPAN'::bpchar)))","Rows Removed by Join Filter": 1806,"Workers": [],"Plans": [{"Node Type": "Nested Loop","Parent Relationship": "Outer","Parallel Aware": false,"Async Capable": false,"Join Type": "Inner","Startup Cost": 2.26,"Total Cost": 70727.78,"Plan Rows": 60250,"Plan Width": 124,"Actual Startup Time": 0.687,"Actual Total Time": 887.610,"Actual Rows": 48466,"Actual Loops": 3,"Inner Unique": false,"Workers": [],"Plans": [{"Node Type": "Nested Loop","Parent Relationship": "Outer","Parallel Aware": false,"Async Capable": false,"Join Type": "Inner","Startup Cost": 1.83,"Total Cost": 12400.01,"Plan Rows": 49000,"Plan Width": 108,"Actual Startup Time": 0.357,"Actual Total Time": 223.098,"Actual Rows": 39621,"Actual Loops": 3,"Inner Unique": false,"Workers": [],"Plans": [{"Node Type": "Hash Join","Parent Relationship": "Outer","Parallel Aware": false,"Async Capable": false,"Join Type": "Inner","Startup Cost": 1.40,"Total Cost": 4403.27,"Plan Rows": 4900,"Plan Width": 108,"Actual Startup Time": 0.223,"Actual Total Time": 46.644,"Actual Rows": 3956,"Actual Loops": 3,"Inner Unique": true,"Hash Cond": "(customer.c_nationkey = n2.n_nationkey)","Workers": [],"Plans": [{"Node Type": "Seq Scan","Parent Relationship": "Outer","Parallel Aware": true,"Async Capable": false,"Relation Name": "customer","Alias": "customer","Startup Cost": 0.00,"Total Cost": 4210.00,"Plan Rows": 62500,"Plan Width": 8,"Actual Startup Time": 0.016,"Actual Total Time": 9.500,"Actual Rows": 50000,"Actual Loops": 3,"Workers": []},{"Node Type": "Hash","Parent Relationship": "Inner","Parallel Aware": false,"Async Capable": false,"Startup Cost": 1.38,"Total Cost": 1.38,"Plan Rows": 2,"Plan Width": 108,"Actual Startup Time": 0.093,"Actual Total Time": 0.100,"Actual Rows": 2,"Actual Loops": 3,"Hash Buckets": 1024,"Original Hash Buckets": 1024,"Hash Batches": 1,"Original Hash Batches": 1,"Peak Memory Usage": 9,"Workers": [],"Plans": [{"Node Type": "Seq Scan","Parent Relationship": "Outer","Parallel Aware": false,"Async Capable": false,"Relation Name": "nation","Alias": "n2","Startup Cost": 0.00,"Total Cost": 1.38,"Plan Rows": 2,"Plan Width": 108,"Actual Startup Time": 0.070,"Actual Total Time": 0.076,"Actual Rows": 2,"Actual Loops": 3,"Filter": "((n_name = 'MOROCCO'::bpchar) OR (n_name = 'JAPAN'::bpchar))","Rows Removed by Filter": 23,"Workers": []}]}]},{"Node Type": "Index Scan","Parent Relationship": "Inner","Parallel Aware": false,"Async Capable": false,"Scan Direction": "Forward","Index Name": "idx_orders_custkey","Relation Name": "orders","Alias": "orders","Startup Cost": 0.43,"Total Cost": 1.46,"Plan Rows": 17,"Plan Width": 8,"Actual Startup Time": 0.007,"Actual Total Time": 0.043,"Actual Rows": 10,"Actual Loops": 11869,"Index Cond": "(o_custkey = customer.c_custkey)","Rows Removed by Index Recheck": 0,"Workers": []}]},{"Node Type": "Index Scan","Parent Relationship": "Inner","Parallel Aware": false,"Async Capable": false,"Scan Direction": "Forward","Index Name": "idx_lineitem_orderkey","Relation Name": "lineitem","Alias": "lineitem","Startup Cost": 0.43,"Total Cost": 1.14,"Plan Rows": 5,"Plan Width": 24,"Actual Startup Time": 0.016,"Actual Total Time": 0.017,"Actual Rows": 1,"Actual Loops": 118864,"Index Cond": "(l_orderkey = orders.o_orderkey)","Rows Removed by Index Recheck": 0,"Filter": "((l_shipdate >= '1995-01-01'::date) AND (l_shipdate <= '1996-12-31'::date))","Rows Removed by Filter": 3,"Workers": []}]},{"Node Type": "Hash","Parent Relationship": "Inner","Parallel Aware": false,"Async Capable": false,"Startup Cost": 354.10,"Total Cost": 354.10,"Plan Rows": 784,"Plan Width": 108,"Actual Startup Time": 7.980,"Actual Total Time": 7.994,"Actual Rows": 750,"Actual Loops": 3,"Hash Buckets": 1024,"Original Hash Buckets": 1024,"Hash Batches": 1,"Original Hash Batches": 1,"Peak Memory Usage": 54,"Workers": [],"Plans": [{"Node Type": "Hash Join","Parent Relationship": "Outer","Parallel Aware": false,"Async Capable": false,"Join Type": "Inner","Startup Cost": 1.40,"Total Cost": 354.10,"Plan Rows": 784,"Plan Width": 108,"Actual Startup Time": 0.086,"Actual Total Time": 7.791,"Actual Rows": 750,"Actual Loops": 3,"Inner Unique": true,"Hash Cond": "(supplier.s_nationkey = n1.n_nationkey)","Workers": [],"Plans": [{"Node Type": "Seq Scan","Parent Relationship": "Outer","Parallel Aware": false,"Async Capable": false,"Relation Name": "supplier","Alias": "supplier","Startup Cost": 0.00,"Total Cost": 322.00,"Plan Rows": 10000,"Plan Width": 8,"Actual Startup Time": 0.029,"Actual Total Time": 4.281,"Actual Rows": 10000,"Actual Loops": 3,"Workers": []},{"Node Type": "Hash","Parent Relationship": "Inner","Parallel Aware": false,"Async Capable": false,"Startup Cost": 1.38,"Total Cost": 1.38,"Plan Rows": 2,"Plan Width": 108,"Actual Startup Time": 0.020,"Actual Total Time": 0.024,"Actual Rows": 2,"Actual Loops": 3,"Hash Buckets": 1024,"Original Hash Buckets": 1024,"Hash Batches": 1,"Original Hash Batches": 1,"Peak Memory Usage": 9,"Workers": [],"Plans": [{"Node Type": "Seq Scan","Parent Relationship": "Outer","Parallel Aware": false,"Async Capable": false,"Relation Name": "nation","Alias": "n1","Startup Cost": 0.00,"Total Cost": 1.38,"Plan Rows": 2,"Plan Width": 108,"Actual Startup Time": 0.009,"Actual Total Time": 0.013,"Actual Rows": 2,"Actual Loops": 3,"Filter": "((n_name = 'JAPAN'::bpchar) OR (n_name = 'MOROCCO'::bpchar))","Rows Removed by Filter": 23,"Workers": []}]}]}]}]}]}]}]}]},"Planning Time": 9.116,"Triggers": [],"Execution Time": 969.439}]
[{"Plan": {"Node Type": "Aggregate","Strategy": "Sorted","Partial Mode": "Finalize","Parallel Aware": false,"Async Capable": false,"Startup Cost": 72556.41,"Total Cost": 73352.71,"Plan Rows": 5893,"Plan Width": 272,"Actual Startup Time": 920.120,"Actual Total Time": 963.467,"Actual Rows": 4,"Actual Loops": 1,"Group Key": ["n1.n_name", "n2.n_name", "(EXTRACT(year FROM lineitem.l_shipdate))"],"Plans": [{"Node Type": "Gather Merge","Parent Relationship": "Outer","Parallel Aware": false,"Async Capable": false,"Startup Cost": 72556.41,"Total Cost": 73202.94,"Plan Rows": 4910,"Plan Width": 272,"Actual Startup Time": 919.394,"Actual Total Time": 963.400,"Actual Rows": 12,"Actual Loops": 1,"Workers Planned": 2,"Workers Launched": 2,"Plans": [{"Node Type": "Aggregate","Strategy": "Sorted","Partial Mode": "Partial","Parent Relationship": "Outer","Parallel Aware": false,"Async Capable": false,"Startup Cost": 71556.39,"Total Cost": 71636.18,"Plan Rows": 2455,"Plan Width": 272,"Actual Startup Time": 911.242,"Actual Total Time": 912.077,"Actual Rows": 4,"Actual Loops": 3,"Group Key": ["n1.n_name", "n2.n_name", "(EXTRACT(year FROM lineitem.l_shipdate))"],"Workers": [],"Plans": [{"Node Type": "Sort","Parent Relationship": "Outer","Parallel Aware": false,"Async Capable": false,"Startup Cost": 71556.39,"Total Cost": 71562.53,"Plan Rows": 2455,"Plan Width": 252,"Actual Startup Time": 910.961,"Actual Total Time": 911.076,"Actual Rows": 1980,"Actual Loops": 3,"Sort Key": ["n1.n_name", "n2.n_name", "(EXTRACT(year FROM lineitem.l_shipdate))"],"Sort Method": "quicksort","Sort Space Used": 333,"Sort Space Type": "Memory","Workers": [{"Worker Number": 0,"Sort Method": "quicksort","Sort Space Used": 256,"Sort Space Type": "Memory"},{"Worker Number": 1,"Sort Method": "quicksort","Sort Space Used": 254,"Sort Space Type": "Memory"}],"Plans": [{"Node Type": "Hash Join","Parent Relationship": "Outer","Parallel Aware": false,"Async Capable": false,"Join Type": "Inner","Startup Cost": 366.16,"Total Cost": 71418.15,"Plan Rows": 2455,"Plan Width": 252,"Actual Startup Time": 13.957,"Actual Total Time": 909.011,"Actual Rows": 1980,"Actual Loops": 3,"Inner Unique": false,"Hash Cond": "(lineitem.l_suppkey = supplier.s_suppkey)","Join Filter": "(((n1.n_name = 'VIETNAM'::bpchar) AND (n2.n_name = 'EGYPT'::bpchar)) OR ((n1.n_name = 'EGYPT'::bpchar) AND (n2.n_name = 'VIETNAM'::bpchar)))","Rows Removed by Join Filter": 1974,"Workers": [],"Plans": [{"Node Type": "Nested Loop","Parent Relationship": "Outer","Parallel Aware": false,"Async Capable": false,"Join Type": "Inner","Startup Cost": 2.26,"Total Cost": 70727.78,"Plan Rows": 60250,"Plan Width": 124,"Actual Startup Time": 0.560,"Actual Total Time": 890.929,"Actual Rows": 48752,"Actual Loops": 3,"Inner Unique": false,"Workers": [],"Plans": [{"Node Type": "Nested Loop","Parent Relationship": "Outer","Parallel Aware": false,"Async Capable": false,"Join Type": "Inner","Startup Cost": 1.83,"Total Cost": 12400.01,"Plan Rows": 49000,"Plan Width": 108,"Actual Startup Time": 0.302,"Actual Total Time": 220.557,"Actual Rows": 39819,"Actual Loops": 3,"Inner Unique": false,"Workers": [],"Plans": [{"Node Type": "Hash Join","Parent Relationship": "Outer","Parallel Aware": false,"Async Capable": false,"Join Type": "Inner","Startup Cost": 1.40,"Total Cost": 4403.27,"Plan Rows": 4900,"Plan Width": 108,"Actual Startup Time": 0.215,"Actual Total Time": 43.583,"Actual Rows": 4001,"Actual Loops": 3,"Inner Unique": true,"Hash Cond": "(customer.c_nationkey = n2.n_nationkey)","Workers": [],"Plans": [{"Node Type": "Seq Scan","Parent Relationship": "Outer","Parallel Aware": true,"Async Capable": false,"Relation Name": "customer","Alias": "customer","Startup Cost": 0.00,"Total Cost": 4210.00,"Plan Rows": 62500,"Plan Width": 8,"Actual Startup Time": 0.015,"Actual Total Time": 9.095,"Actual Rows": 50000,"Actual Loops": 3,"Workers": []},{"Node Type": "Hash","Parent Relationship": "Inner","Parallel Aware": false,"Async Capable": false,"Startup Cost": 1.38,"Total Cost": 1.38,"Plan Rows": 2,"Plan Width": 108,"Actual Startup Time": 0.094,"Actual Total Time": 0.099,"Actual Rows": 2,"Actual Loops": 3,"Hash Buckets": 1024,"Original Hash Buckets": 1024,"Hash Batches": 1,"Original Hash Batches": 1,"Peak Memory Usage": 9,"Workers": [],"Plans": [{"Node Type": "Seq Scan","Parent Relationship": "Outer","Parallel Aware": false,"Async Capable": false,"Relation Name": "nation","Alias": "n2","Startup Cost": 0.00,"Total Cost": 1.38,"Plan Rows": 2,"Plan Width": 108,"Actual Startup Time": 0.079,"Actual Total Time": 0.085,"Actual Rows": 2,"Actual Loops": 3,"Filter": "((n_name = 'EGYPT'::bpchar) OR (n_name = 'VIETNAM'::bpchar))","Rows Removed by Filter": 23,"Workers": []}]}]},{"Node Type": "Index Scan","Parent Relationship": "Inner","Parallel Aware": false,"Async Capable": false,"Scan Direction": "Forward","Index Name": "idx_orders_custkey","Relation Name": "orders","Alias": "orders","Startup Cost": 0.43,"Total Cost": 1.46,"Plan Rows": 17,"Plan Width": 8,"Actual Startup Time": 0.007,"Actual Total Time": 0.043,"Actual Rows": 10,"Actual Loops": 12003,"Index Cond": "(o_custkey = customer.c_custkey)","Rows Removed by Index Recheck": 0,"Workers": []}]},{"Node Type": "Index Scan","Parent Relationship": "Inner","Parallel Aware": false,"Async Capable": false,"Scan Direction": "Forward","Index Name": "idx_lineitem_orderkey","Relation Name": "lineitem","Alias": "lineitem","Startup Cost": 0.43,"Total Cost": 1.14,"Plan Rows": 5,"Plan Width": 24,"Actual Startup Time": 0.016,"Actual Total Time": 0.017,"Actual Rows": 1,"Actual Loops": 119458,"Index Cond": "(l_orderkey = orders.o_orderkey)","Rows Removed by Index Recheck": 0,"Filter": "((l_shipdate >= '1995-01-01'::date) AND (l_shipdate <= '1996-12-31'::date))","Rows Removed by Filter": 3,"Workers": []}]},{"Node Type": "Hash","Parent Relationship": "Inner","Parallel Aware": false,"Async Capable": false,"Startup Cost": 354.10,"Total Cost": 354.10,"Plan Rows": 784,"Plan Width": 108,"Actual Startup Time": 10.770,"Actual Total Time": 10.780,"Actual Rows": 814,"Actual Loops": 3,"Hash Buckets": 1024,"Original Hash Buckets": 1024,"Hash Batches": 1,"Original Hash Batches": 1,"Peak Memory Usage": 58,"Workers": [],"Plans": [{"Node Type": "Hash Join","Parent Relationship": "Outer","Parallel Aware": false,"Async Capable": false,"Join Type": "Inner","Startup Cost": 1.40,"Total Cost": 354.10,"Plan Rows": 784,"Plan Width": 108,"Actual Startup Time": 0.079,"Actual Total Time": 10.582,"Actual Rows": 814,"Actual Loops": 3,"Inner Unique": true,"Hash Cond": "(supplier.s_nationkey = n1.n_nationkey)","Workers": [],"Plans": [{"Node Type": "Seq Scan","Parent Relationship": "Outer","Parallel Aware": false,"Async Capable": false,"Relation Name": "supplier","Alias": "supplier","Startup Cost": 0.00,"Total Cost": 322.00,"Plan Rows": 10000,"Plan Width": 8,"Actual Startup Time": 0.028,"Actual Total Time": 4.285,"Actual Rows": 10000,"Actual Loops": 3,"Workers": []},{"Node Type": "Hash","Parent Relationship": "Inner","Parallel Aware": false,"Async Capable": false,"Startup Cost": 1.38,"Total Cost": 1.38,"Plan Rows": 2,"Plan Width": 108,"Actual Startup Time": 0.013,"Actual Total Time": 0.015,"Actual Rows": 2,"Actual Loops": 3,"Hash Buckets": 1024,"Original Hash Buckets": 1024,"Hash Batches": 1,"Original Hash Batches": 1,"Peak Memory Usage": 9,"Workers": [],"Plans": [{"Node Type": "Seq Scan","Parent Relationship": "Outer","Parallel Aware": false,"Async Capable": false,"Relation Name": "nation","Alias": "n1","Startup Cost": 0.00,"Total Cost": 1.38,"Plan Rows": 2,"Plan Width": 108,"Actual Startup Time": 0.005,"Actual Total Time": 0.008,"Actual Rows": 2,"Actual Loops": 3,"Filter": "((n_name = 'VIETNAM'::bpchar) OR (n_name = 'EGYPT'::bpchar))","Rows Removed by Filter": 23,"Workers": []}]}]}]}]}]}]}]}]},"Planning Time": 9.218,"Triggers": [],"Execution Time": 963.870}]
[{"Plan": {"Node Type": "Aggregate","Strategy": "Sorted","Partial Mode": "Finalize","Parallel Aware": false,"Async Capable": false,"Startup Cost": 72556.41,"Total Cost": 73352.71,"Plan Rows": 5893,"Plan Width": 272,"Actual Startup Time": 941.500,"Actual Total Time": 991.233,"Actual Rows": 4,"Actual Loops": 1,"Group Key": ["n1.n_name", "n2.n_name", "(EXTRACT(year FROM lineitem.l_shipdate))"],"Plans": [{"Node Type": "Gather Merge","Parent Relationship": "Outer","Parallel Aware": false,"Async Capable": false,"Startup Cost": 72556.41,"Total Cost": 73202.94,"Plan Rows": 4910,"Plan Width": 272,"Actual Startup Time": 940.885,"Actual Total Time": 991.159,"Actual Rows": 12,"Actual Loops": 1,"Workers Planned": 2,"Workers Launched": 2,"Plans": [{"Node Type": "Aggregate","Strategy": "Sorted","Partial Mode": "Partial","Parent Relationship": "Outer","Parallel Aware": false,"Async Capable": false,"Startup Cost": 71556.39,"Total Cost": 71636.18,"Plan Rows": 2455,"Plan Width": 272,"Actual Startup Time": 931.882,"Actual Total Time": 932.677,"Actual Rows": 4,"Actual Loops": 3,"Group Key": ["n1.n_name", "n2.n_name", "(EXTRACT(year FROM lineitem.l_shipdate))"],"Workers": [],"Plans": [{"Node Type": "Sort","Parent Relationship": "Outer","Parallel Aware": false,"Async Capable": false,"Startup Cost": 71556.39,"Total Cost": 71562.53,"Plan Rows": 2455,"Plan Width": 252,"Actual Startup Time": 931.609,"Actual Total Time": 931.721,"Actual Rows": 1961,"Actual Loops": 3,"Sort Key": ["n1.n_name", "n2.n_name", "(EXTRACT(year FROM lineitem.l_shipdate))"],"Sort Method": "quicksort","Sort Space Used": 265,"Sort Space Type": "Memory","Workers": [{"Worker Number": 0,"Sort Method": "quicksort","Sort Space Used": 262,"Sort Space Type": "Memory"},{"Worker Number": 1,"Sort Method": "quicksort","Sort Space Used": 263,"Sort Space Type": "Memory"}],"Plans": [{"Node Type": "Hash Join","Parent Relationship": "Outer","Parallel Aware": false,"Async Capable": false,"Join Type": "Inner","Startup Cost": 366.16,"Total Cost": 71418.15,"Plan Rows": 2455,"Plan Width": 252,"Actual Startup Time": 10.335,"Actual Total Time": 929.754,"Actual Rows": 1961,"Actual Loops": 3,"Inner Unique": false,"Hash Cond": "(lineitem.l_suppkey = supplier.s_suppkey)","Join Filter": "(((n1.n_name = 'MOZAMBIQUE'::bpchar) AND (n2.n_name = 'UNITED STATES'::bpchar)) OR ((n1.n_name = 'UNITED STATES'::bpchar) AND (n2.n_name = 'MOZAMBIQUE'::bpchar)))","Rows Removed by Join Filter": 2000,"Workers": [],"Plans": [{"Node Type": "Nested Loop","Parent Relationship": "Outer","Parallel Aware": false,"Async Capable": false,"Join Type": "Inner","Startup Cost": 2.26,"Total Cost": 70727.78,"Plan Rows": 60250,"Plan Width": 124,"Actual Startup Time": 0.671,"Actual Total Time": 915.383,"Actual Rows": 49011,"Actual Loops": 3,"Inner Unique": false,"Workers": [],"Plans": [{"Node Type": "Nested Loop","Parent Relationship": "Outer","Parallel Aware": false,"Async Capable": false,"Join Type": "Inner","Startup Cost": 1.83,"Total Cost": 12400.01,"Plan Rows": 49000,"Plan Width": 108,"Actual Startup Time": 0.366,"Actual Total Time": 231.100,"Actual Rows": 40396,"Actual Loops": 3,"Inner Unique": false,"Workers": [],"Plans": [{"Node Type": "Hash Join","Parent Relationship": "Outer","Parallel Aware": false,"Async Capable": false,"Join Type": "Inner","Startup Cost": 1.40,"Total Cost": 4403.27,"Plan Rows": 4900,"Plan Width": 108,"Actual Startup Time": 0.218,"Actual Total Time": 48.959,"Actual Rows": 3986,"Actual Loops": 3,"Inner Unique": true,"Hash Cond": "(customer.c_nationkey = n2.n_nationkey)","Workers": [],"Plans": [{"Node Type": "Seq Scan","Parent Relationship": "Outer","Parallel Aware": true,"Async Capable": false,"Relation Name": "customer","Alias": "customer","Startup Cost": 0.00,"Total Cost": 4210.00,"Plan Rows": 62500,"Plan Width": 8,"Actual Startup Time": 0.016,"Actual Total Time": 9.662,"Actual Rows": 50000,"Actual Loops": 3,"Workers": []},{"Node Type": "Hash","Parent Relationship": "Inner","Parallel Aware": false,"Async Capable": false,"Startup Cost": 1.38,"Total Cost": 1.38,"Plan Rows": 2,"Plan Width": 108,"Actual Startup Time": 0.088,"Actual Total Time": 0.092,"Actual Rows": 2,"Actual Loops": 3,"Hash Buckets": 1024,"Original Hash Buckets": 1024,"Hash Batches": 1,"Original Hash Batches": 1,"Peak Memory Usage": 9,"Workers": [],"Plans": [{"Node Type": "Seq Scan","Parent Relationship": "Outer","Parallel Aware": false,"Async Capable": false,"Relation Name": "nation","Alias": "n2","Startup Cost": 0.00,"Total Cost": 1.38,"Plan Rows": 2,"Plan Width": 108,"Actual Startup Time": 0.069,"Actual Total Time": 0.074,"Actual Rows": 2,"Actual Loops": 3,"Filter": "((n_name = 'UNITED STATES'::bpchar) OR (n_name = 'MOZAMBIQUE'::bpchar))","Rows Removed by Filter": 23,"Workers": []}]}]},{"Node Type": "Index Scan","Parent Relationship": "Inner","Parallel Aware": false,"Async Capable": false,"Scan Direction": "Forward","Index Name": "idx_orders_custkey","Relation Name": "orders","Alias": "orders","Startup Cost": 0.43,"Total Cost": 1.46,"Plan Rows": 17,"Plan Width": 8,"Actual Startup Time": 0.007,"Actual Total Time": 0.044,"Actual Rows": 10,"Actual Loops": 11957,"Index Cond": "(o_custkey = customer.c_custkey)","Rows Removed by Index Recheck": 0,"Workers": []}]},{"Node Type": "Index Scan","Parent Relationship": "Inner","Parallel Aware": false,"Async Capable": false,"Scan Direction": "Forward","Index Name": "idx_lineitem_orderkey","Relation Name": "lineitem","Alias": "lineitem","Startup Cost": 0.43,"Total Cost": 1.14,"Plan Rows": 5,"Plan Width": 24,"Actual Startup Time": 0.016,"Actual Total Time": 0.017,"Actual Rows": 1,"Actual Loops": 121188,"Index Cond": "(l_orderkey = orders.o_orderkey)","Rows Removed by Index Recheck": 0,"Filter": "((l_shipdate >= '1995-01-01'::date) AND (l_shipdate <= '1996-12-31'::date))","Rows Removed by Filter": 3,"Workers": []}]},{"Node Type": "Hash","Parent Relationship": "Inner","Parallel Aware": false,"Async Capable": false,"Startup Cost": 354.10,"Total Cost": 354.10,"Plan Rows": 784,"Plan Width": 108,"Actual Startup Time": 7.183,"Actual Total Time": 7.199,"Actual Rows": 799,"Actual Loops": 3,"Hash Buckets": 1024,"Original Hash Buckets": 1024,"Hash Batches": 1,"Original Hash Batches": 1,"Peak Memory Usage": 57,"Workers": [],"Plans": [{"Node Type": "Hash Join","Parent Relationship": "Outer","Parallel Aware": false,"Async Capable": false,"Join Type": "Inner","Startup Cost": 1.40,"Total Cost": 354.10,"Plan Rows": 784,"Plan Width": 108,"Actual Startup Time": 0.083,"Actual Total Time": 7.012,"Actual Rows": 799,"Actual Loops": 3,"Inner Unique": true,"Hash Cond": "(supplier.s_nationkey = n1.n_nationkey)","Workers": [],"Plans": [{"Node Type": "Seq Scan","Parent Relationship": "Outer","Parallel Aware": false,"Async Capable": false,"Relation Name": "supplier","Alias": "supplier","Startup Cost": 0.00,"Total Cost": 322.00,"Plan Rows": 10000,"Plan Width": 8,"Actual Startup Time": 0.030,"Actual Total Time": 3.646,"Actual Rows": 10000,"Actual Loops": 3,"Workers": []},{"Node Type": "Hash","Parent Relationship": "Inner","Parallel Aware": false,"Async Capable": false,"Startup Cost": 1.38,"Total Cost": 1.38,"Plan Rows": 2,"Plan Width": 108,"Actual Startup Time": 0.018,"Actual Total Time": 0.024,"Actual Rows": 2,"Actual Loops": 3,"Hash Buckets": 1024,"Original Hash Buckets": 1024,"Hash Batches": 1,"Original Hash Batches": 1,"Peak Memory Usage": 9,"Workers": [],"Plans": [{"Node Type": "Seq Scan","Parent Relationship": "Outer","Parallel Aware": false,"Async Capable": false,"Relation Name": "nation","Alias": "n1","Startup Cost": 0.00,"Total Cost": 1.38,"Plan Rows": 2,"Plan Width": 108,"Actual Startup Time": 0.009,"Actual Total Time": 0.013,"Actual Rows": 2,"Actual Loops": 3,"Filter": "((n_name = 'MOZAMBIQUE'::bpchar) OR (n_name = 'UNITED STATES'::bpchar))","Rows Removed by Filter": 23,"Workers": []}]}]}]}]}]}]}]}]},"Planning Time": 9.366,"Triggers": [],"Execution Time": 991.716}]
[{"Plan": {"Node Type": "Aggregate","Strategy": "Sorted","Partial Mode": "Finalize","Parallel Aware": false,"Async Capable": false,"Startup Cost": 72556.41,"Total Cost": 73352.71,"Plan Rows": 5893,"Plan Width": 272,"Actual Startup Time": 936.702,"Actual Total Time": 995.720,"Actual Rows": 4,"Actual Loops": 1,"Group Key": ["n1.n_name", "n2.n_name", "(EXTRACT(year FROM lineitem.l_shipdate))"],"Plans": [{"Node Type": "Gather Merge","Parent Relationship": "Outer","Parallel Aware": false,"Async Capable": false,"Startup Cost": 72556.41,"Total Cost": 73202.94,"Plan Rows": 4910,"Plan Width": 272,"Actual Startup Time": 936.392,"Actual Total Time": 995.662,"Actual Rows": 12,"Actual Loops": 1,"Workers Planned": 2,"Workers Launched": 2,"Plans": [{"Node Type": "Aggregate","Strategy": "Sorted","Partial Mode": "Partial","Parent Relationship": "Outer","Parallel Aware": false,"Async Capable": false,"Startup Cost": 71556.39,"Total Cost": 71636.18,"Plan Rows": 2455,"Plan Width": 272,"Actual Startup Time": 927.999,"Actual Total Time": 928.704,"Actual Rows": 4,"Actual Loops": 3,"Group Key": ["n1.n_name", "n2.n_name", "(EXTRACT(year FROM lineitem.l_shipdate))"],"Workers": [],"Plans": [{"Node Type": "Sort","Parent Relationship": "Outer","Parallel Aware": false,"Async Capable": false,"Startup Cost": 71556.39,"Total Cost": 71562.53,"Plan Rows": 2455,"Plan Width": 252,"Actual Startup Time": 927.717,"Actual Total Time": 927.839,"Actual Rows": 1999,"Actual Loops": 3,"Sort Key": ["n1.n_name", "n2.n_name", "(EXTRACT(year FROM lineitem.l_shipdate))"],"Sort Method": "quicksort","Sort Space Used": 260,"Sort Space Type": "Memory","Workers": [{"Worker Number": 0,"Sort Method": "quicksort","Sort Space Used": 271,"Sort Space Type": "Memory"},{"Worker Number": 1,"Sort Method": "quicksort","Sort Space Used": 270,"Sort Space Type": "Memory"}],"Plans": [{"Node Type": "Hash Join","Parent Relationship": "Outer","Parallel Aware": false,"Async Capable": false,"Join Type": "Inner","Startup Cost": 366.16,"Total Cost": 71418.15,"Plan Rows": 2455,"Plan Width": 252,"Actual Startup Time": 9.479,"Actual Total Time": 925.923,"Actual Rows": 1999,"Actual Loops": 3,"Inner Unique": false,"Hash Cond": "(lineitem.l_suppkey = supplier.s_suppkey)","Join Filter": "(((n1.n_name = 'GERMANY'::bpchar) AND (n2.n_name = 'INDONESIA'::bpchar)) OR ((n1.n_name = 'INDONESIA'::bpchar) AND (n2.n_name = 'GERMANY'::bpchar)))","Rows Removed by Join Filter": 1971,"Workers": [],"Plans": [{"Node Type": "Nested Loop","Parent Relationship": "Outer","Parallel Aware": false,"Async Capable": false,"Join Type": "Inner","Startup Cost": 2.26,"Total Cost": 70727.78,"Plan Rows": 60250,"Plan Width": 124,"Actual Startup Time": 0.415,"Actual Total Time": 910.448,"Actual Rows": 49427,"Actual Loops": 3,"Inner Unique": false,"Workers": [],"Plans": [{"Node Type": "Nested Loop","Parent Relationship": "Outer","Parallel Aware": false,"Async Capable": false,"Join Type": "Inner","Startup Cost": 1.83,"Total Cost": 12400.01,"Plan Rows": 49000,"Plan Width": 108,"Actual Startup Time": 0.265,"Actual Total Time": 229.593,"Actual Rows": 40367,"Actual Loops": 3,"Inner Unique": false,"Workers": [],"Plans": [{"Node Type": "Hash Join","Parent Relationship": "Outer","Parallel Aware": false,"Async Capable": false,"Join Type": "Inner","Startup Cost": 1.40,"Total Cost": 4403.27,"Plan Rows": 4900,"Plan Width": 108,"Actual Startup Time": 0.158,"Actual Total Time": 48.940,"Actual Rows": 4023,"Actual Loops": 3,"Inner Unique": true,"Hash Cond": "(customer.c_nationkey = n2.n_nationkey)","Workers": [],"Plans": [{"Node Type": "Seq Scan","Parent Relationship": "Outer","Parallel Aware": true,"Async Capable": false,"Relation Name": "customer","Alias": "customer","Startup Cost": 0.00,"Total Cost": 4210.00,"Plan Rows": 62500,"Plan Width": 8,"Actual Startup Time": 0.009,"Actual Total Time": 9.586,"Actual Rows": 50000,"Actual Loops": 3,"Workers": []},{"Node Type": "Hash","Parent Relationship": "Inner","Parallel Aware": false,"Async Capable": false,"Startup Cost": 1.38,"Total Cost": 1.38,"Plan Rows": 2,"Plan Width": 108,"Actual Startup Time": 0.056,"Actual Total Time": 0.064,"Actual Rows": 2,"Actual Loops": 3,"Hash Buckets": 1024,"Original Hash Buckets": 1024,"Hash Batches": 1,"Original Hash Batches": 1,"Peak Memory Usage": 9,"Workers": [],"Plans": [{"Node Type": "Seq Scan","Parent Relationship": "Outer","Parallel Aware": false,"Async Capable": false,"Relation Name": "nation","Alias": "n2","Startup Cost": 0.00,"Total Cost": 1.38,"Plan Rows": 2,"Plan Width": 108,"Actual Startup Time": 0.038,"Actual Total Time": 0.043,"Actual Rows": 2,"Actual Loops": 3,"Filter": "((n_name = 'INDONESIA'::bpchar) OR (n_name = 'GERMANY'::bpchar))","Rows Removed by Filter": 23,"Workers": []}]}]},{"Node Type": "Index Scan","Parent Relationship": "Inner","Parallel Aware": false,"Async Capable": false,"Scan Direction": "Forward","Index Name": "idx_orders_custkey","Relation Name": "orders","Alias": "orders","Startup Cost": 0.43,"Total Cost": 1.46,"Plan Rows": 17,"Plan Width": 8,"Actual Startup Time": 0.007,"Actual Total Time": 0.044,"Actual Rows": 10,"Actual Loops": 12069,"Index Cond": "(o_custkey = customer.c_custkey)","Rows Removed by Index Recheck": 0,"Workers": []}]},{"Node Type": "Index Scan","Parent Relationship": "Inner","Parallel Aware": false,"Async Capable": false,"Scan Direction": "Forward","Index Name": "idx_lineitem_orderkey","Relation Name": "lineitem","Alias": "lineitem","Startup Cost": 0.43,"Total Cost": 1.14,"Plan Rows": 5,"Plan Width": 24,"Actual Startup Time": 0.016,"Actual Total Time": 0.017,"Actual Rows": 1,"Actual Loops": 121101,"Index Cond": "(l_orderkey = orders.o_orderkey)","Rows Removed by Index Recheck": 0,"Filter": "((l_shipdate >= '1995-01-01'::date) AND (l_shipdate <= '1996-12-31'::date))","Rows Removed by Filter": 3,"Workers": []}]},{"Node Type": "Hash","Parent Relationship": "Inner","Parallel Aware": false,"Async Capable": false,"Startup Cost": 354.10,"Total Cost": 354.10,"Plan Rows": 784,"Plan Width": 108,"Actual Startup Time": 8.204,"Actual Total Time": 8.226,"Actual Rows": 801,"Actual Loops": 3,"Hash Buckets": 1024,"Original Hash Buckets": 1024,"Hash Batches": 1,"Original Hash Batches": 1,"Peak Memory Usage": 57,"Workers": [],"Plans": [{"Node Type": "Hash Join","Parent Relationship": "Outer","Parallel Aware": false,"Async Capable": false,"Join Type": "Inner","Startup Cost": 1.40,"Total Cost": 354.10,"Plan Rows": 784,"Plan Width": 108,"Actual Startup Time": 0.075,"Actual Total Time": 8.027,"Actual Rows": 801,"Actual Loops": 3,"Inner Unique": true,"Hash Cond": "(supplier.s_nationkey = n1.n_nationkey)","Workers": [],"Plans": [{"Node Type": "Seq Scan","Parent Relationship": "Outer","Parallel Aware": false,"Async Capable": false,"Relation Name": "supplier","Alias": "supplier","Startup Cost": 0.00,"Total Cost": 322.00,"Plan Rows": 10000,"Plan Width": 8,"Actual Startup Time": 0.028,"Actual Total Time": 4.054,"Actual Rows": 10000,"Actual Loops": 3,"Workers": []},{"Node Type": "Hash","Parent Relationship": "Inner","Parallel Aware": false,"Async Capable": false,"Startup Cost": 1.38,"Total Cost": 1.38,"Plan Rows": 2,"Plan Width": 108,"Actual Startup Time": 0.012,"Actual Total Time": 0.020,"Actual Rows": 2,"Actual Loops": 3,"Hash Buckets": 1024,"Original Hash Buckets": 1024,"Hash Batches": 1,"Original Hash Batches": 1,"Peak Memory Usage": 9,"Workers": [],"Plans": [{"Node Type": "Seq Scan","Parent Relationship": "Outer","Parallel Aware": false,"Async Capable": false,"Relation Name": "nation","Alias": "n1","Startup Cost": 0.00,"Total Cost": 1.38,"Plan Rows": 2,"Plan Width": 108,"Actual Startup Time": 0.004,"Actual Total Time": 0.010,"Actual Rows": 2,"Actual Loops": 3,"Filter": "((n_name = 'GERMANY'::bpchar) OR (n_name = 'INDONESIA'::bpchar))","Rows Removed by Filter": 23,"Workers": []}]}]}]}]}]}]}]}]},"Planning Time": 7.948,"Triggers": [],"Execution Time": 996.247}]
[{"Plan": {"Node Type": "Aggregate","Strategy": "Sorted","Partial Mode": "Finalize","Parallel Aware": false,"Async Capable": false,"Startup Cost": 72556.41,"Total Cost": 73352.71,"Plan Rows": 5893,"Plan Width": 272,"Actual Startup Time": 937.728,"Actual Total Time": 987.521,"Actual Rows": 4,"Actual Loops": 1,"Group Key": ["n1.n_name", "n2.n_name", "(EXTRACT(year FROM lineitem.l_shipdate))"],"Plans": [{"Node Type": "Gather Merge","Parent Relationship": "Outer","Parallel Aware": false,"Async Capable": false,"Startup Cost": 72556.41,"Total Cost": 73202.94,"Plan Rows": 4910,"Plan Width": 272,"Actual Startup Time": 937.042,"Actual Total Time": 987.447,"Actual Rows": 12,"Actual Loops": 1,"Workers Planned": 2,"Workers Launched": 2,"Plans": [{"Node Type": "Aggregate","Strategy": "Sorted","Partial Mode": "Partial","Parent Relationship": "Outer","Parallel Aware": false,"Async Capable": false,"Startup Cost": 71556.39,"Total Cost": 71636.18,"Plan Rows": 2455,"Plan Width": 272,"Actual Startup Time": 927.694,"Actual Total Time": 928.541,"Actual Rows": 4,"Actual Loops": 3,"Group Key": ["n1.n_name", "n2.n_name", "(EXTRACT(year FROM lineitem.l_shipdate))"],"Workers": [],"Plans": [{"Node Type": "Sort","Parent Relationship": "Outer","Parallel Aware": false,"Async Capable": false,"Startup Cost": 71556.39,"Total Cost": 71562.53,"Plan Rows": 2455,"Plan Width": 252,"Actual Startup Time": 927.442,"Actual Total Time": 927.552,"Actual Rows": 1931,"Actual Loops": 3,"Sort Key": ["n1.n_name", "n2.n_name", "(EXTRACT(year FROM lineitem.l_shipdate))"],"Sort Method": "quicksort","Sort Space Used": 264,"Sort Space Type": "Memory","Workers": [{"Worker Number": 0,"Sort Method": "quicksort","Sort Space Used": 259,"Sort Space Type": "Memory"},{"Worker Number": 1,"Sort Method": "quicksort","Sort Space Used": 256,"Sort Space Type": "Memory"}],"Plans": [{"Node Type": "Hash Join","Parent Relationship": "Outer","Parallel Aware": false,"Async Capable": false,"Join Type": "Inner","Startup Cost": 366.16,"Total Cost": 71418.15,"Plan Rows": 2455,"Plan Width": 252,"Actual Startup Time": 9.750,"Actual Total Time": 925.616,"Actual Rows": 1931,"Actual Loops": 3,"Inner Unique": false,"Hash Cond": "(lineitem.l_suppkey = supplier.s_suppkey)","Join Filter": "(((n1.n_name = 'GERMANY'::bpchar) AND (n2.n_name = 'UNITED STATES'::bpchar)) OR ((n1.n_name = 'UNITED STATES'::bpchar) AND (n2.n_name = 'GERMANY'::bpchar)))","Rows Removed by Join Filter": 1918,"Workers": [],"Plans": [{"Node Type": "Nested Loop","Parent Relationship": "Outer","Parallel Aware": false,"Async Capable": false,"Join Type": "Inner","Startup Cost": 2.26,"Total Cost": 70727.78,"Plan Rows": 60250,"Plan Width": 124,"Actual Startup Time": 0.871,"Actual Total Time": 910.389,"Actual Rows": 48627,"Actual Loops": 3,"Inner Unique": false,"Workers": [],"Plans": [{"Node Type": "Nested Loop","Parent Relationship": "Outer","Parallel Aware": false,"Async Capable": false,"Join Type": "Inner","Startup Cost": 1.83,"Total Cost": 12400.01,"Plan Rows": 49000,"Plan Width": 108,"Actual Startup Time": 0.351,"Actual Total Time": 233.922,"Actual Rows": 39882,"Actual Loops": 3,"Inner Unique": false,"Workers": [],"Plans": [{"Node Type": "Hash Join","Parent Relationship": "Outer","Parallel Aware": false,"Async Capable": false,"Join Type": "Inner","Startup Cost": 1.40,"Total Cost": 4403.27,"Plan Rows": 4900,"Plan Width": 108,"Actual Startup Time": 0.210,"Actual Total Time": 46.402,"Actual Rows": 3964,"Actual Loops": 3,"Inner Unique": true,"Hash Cond": "(customer.c_nationkey = n2.n_nationkey)","Workers": [],"Plans": [{"Node Type": "Seq Scan","Parent Relationship": "Outer","Parallel Aware": true,"Async Capable": false,"Relation Name": "customer","Alias": "customer","Startup Cost": 0.00,"Total Cost": 4210.00,"Plan Rows": 62500,"Plan Width": 8,"Actual Startup Time": 0.014,"Actual Total Time": 9.583,"Actual Rows": 50000,"Actual Loops": 3,"Workers": []},{"Node Type": "Hash","Parent Relationship": "Inner","Parallel Aware": false,"Async Capable": false,"Startup Cost": 1.38,"Total Cost": 1.38,"Plan Rows": 2,"Plan Width": 108,"Actual Startup Time": 0.086,"Actual Total Time": 0.089,"Actual Rows": 2,"Actual Loops": 3,"Hash Buckets": 1024,"Original Hash Buckets": 1024,"Hash Batches": 1,"Original Hash Batches": 1,"Peak Memory Usage": 9,"Workers": [],"Plans": [{"Node Type": "Seq Scan","Parent Relationship": "Outer","Parallel Aware": false,"Async Capable": false,"Relation Name": "nation","Alias": "n2","Startup Cost": 0.00,"Total Cost": 1.38,"Plan Rows": 2,"Plan Width": 108,"Actual Startup Time": 0.065,"Actual Total Time": 0.071,"Actual Rows": 2,"Actual Loops": 3,"Filter": "((n_name = 'UNITED STATES'::bpchar) OR (n_name = 'GERMANY'::bpchar))","Rows Removed by Filter": 23,"Workers": []}]}]},{"Node Type": "Index Scan","Parent Relationship": "Inner","Parallel Aware": false,"Async Capable": false,"Scan Direction": "Forward","Index Name": "idx_orders_custkey","Relation Name": "orders","Alias": "orders","Startup Cost": 0.43,"Total Cost": 1.46,"Plan Rows": 17,"Plan Width": 8,"Actual Startup Time": 0.007,"Actual Total Time": 0.046,"Actual Rows": 10,"Actual Loops": 11891,"Index Cond": "(o_custkey = customer.c_custkey)","Rows Removed by Index Recheck": 0,"Workers": []}]},{"Node Type": "Index Scan","Parent Relationship": "Inner","Parallel Aware": false,"Async Capable": false,"Scan Direction": "Forward","Index Name": "idx_lineitem_orderkey","Relation Name": "lineitem","Alias": "lineitem","Startup Cost": 0.43,"Total Cost": 1.14,"Plan Rows": 5,"Plan Width": 24,"Actual Startup Time": 0.016,"Actual Total Time": 0.017,"Actual Rows": 1,"Actual Loops": 119645,"Index Cond": "(l_orderkey = orders.o_orderkey)","Rows Removed by Index Recheck": 0,"Filter": "((l_shipdate >= '1995-01-01'::date) AND (l_shipdate <= '1996-12-31'::date))","Rows Removed by Filter": 3,"Workers": []}]},{"Node Type": "Hash","Parent Relationship": "Inner","Parallel Aware": false,"Async Capable": false,"Startup Cost": 354.10,"Total Cost": 354.10,"Plan Rows": 784,"Plan Width": 108,"Actual Startup Time": 8.027,"Actual Total Time": 8.039,"Actual Rows": 789,"Actual Loops": 3,"Hash Buckets": 1024,"Original Hash Buckets": 1024,"Hash Batches": 1,"Original Hash Batches": 1,"Peak Memory Usage": 56,"Workers": [],"Plans": [{"Node Type": "Hash Join","Parent Relationship": "Outer","Parallel Aware": false,"Async Capable": false,"Join Type": "Inner","Startup Cost": 1.40,"Total Cost": 354.10,"Plan Rows": 784,"Plan Width": 108,"Actual Startup Time": 0.114,"Actual Total Time": 7.825,"Actual Rows": 789,"Actual Loops": 3,"Inner Unique": true,"Hash Cond": "(supplier.s_nationkey = n1.n_nationkey)","Workers": [],"Plans": [{"Node Type": "Seq Scan","Parent Relationship": "Outer","Parallel Aware": false,"Async Capable": false,"Relation Name": "supplier","Alias": "supplier","Startup Cost": 0.00,"Total Cost": 322.00,"Plan Rows": 10000,"Plan Width": 8,"Actual Startup Time": 0.045,"Actual Total Time": 4.322,"Actual Rows": 10000,"Actual Loops": 3,"Workers": []},{"Node Type": "Hash","Parent Relationship": "Inner","Parallel Aware": false,"Async Capable": false,"Startup Cost": 1.38,"Total Cost": 1.38,"Plan Rows": 2,"Plan Width": 108,"Actual Startup Time": 0.024,"Actual Total Time": 0.030,"Actual Rows": 2,"Actual Loops": 3,"Hash Buckets": 1024,"Original Hash Buckets": 1024,"Hash Batches": 1,"Original Hash Batches": 1,"Peak Memory Usage": 9,"Workers": [],"Plans": [{"Node Type": "Seq Scan","Parent Relationship": "Outer","Parallel Aware": false,"Async Capable": false,"Relation Name": "nation","Alias": "n1","Startup Cost": 0.00,"Total Cost": 1.38,"Plan Rows": 2,"Plan Width": 108,"Actual Startup Time": 0.009,"Actual Total Time": 0.016,"Actual Rows": 2,"Actual Loops": 3,"Filter": "((n_name = 'GERMANY'::bpchar) OR (n_name = 'UNITED STATES'::bpchar))","Rows Removed by Filter": 23,"Workers": []}]}]}]}]}]}]}]}]},"Planning Time": 8.539,"Triggers": [],"Execution Time": 987.985}]
[{"Plan": {"Node Type": "Aggregate","Strategy": "Sorted","Partial Mode": "Finalize","Parallel Aware": false,"Async Capable": false,"Startup Cost": 72556.41,"Total Cost": 73352.71,"Plan Rows": 5893,"Plan Width": 272,"Actual Startup Time": 915.410,"Actual Total Time": 956.242,"Actual Rows": 4,"Actual Loops": 1,"Group Key": ["n1.n_name", "n2.n_name", "(EXTRACT(year FROM lineitem.l_shipdate))"],"Plans": [{"Node Type": "Gather Merge","Parent Relationship": "Outer","Parallel Aware": false,"Async Capable": false,"Startup Cost": 72556.41,"Total Cost": 73202.94,"Plan Rows": 4910,"Plan Width": 272,"Actual Startup Time": 914.834,"Actual Total Time": 956.178,"Actual Rows": 12,"Actual Loops": 1,"Workers Planned": 2,"Workers Launched": 2,"Plans": [{"Node Type": "Aggregate","Strategy": "Sorted","Partial Mode": "Partial","Parent Relationship": "Outer","Parallel Aware": false,"Async Capable": false,"Startup Cost": 71556.39,"Total Cost": 71636.18,"Plan Rows": 2455,"Plan Width": 272,"Actual Startup Time": 906.403,"Actual Total Time": 907.202,"Actual Rows": 4,"Actual Loops": 3,"Group Key": ["n1.n_name", "n2.n_name", "(EXTRACT(year FROM lineitem.l_shipdate))"],"Workers": [],"Plans": [{"Node Type": "Sort","Parent Relationship": "Outer","Parallel Aware": false,"Async Capable": false,"Startup Cost": 71556.39,"Total Cost": 71562.53,"Plan Rows": 2455,"Plan Width": 252,"Actual Startup Time": 906.140,"Actual Total Time": 906.262,"Actual Rows": 1955,"Actual Loops": 3,"Sort Key": ["n1.n_name", "n2.n_name", "(EXTRACT(year FROM lineitem.l_shipdate))"],"Sort Method": "quicksort","Sort Space Used": 266,"Sort Space Type": "Memory","Workers": [{"Worker Number": 0,"Sort Method": "quicksort","Sort Space Used": 266,"Sort Space Type": "Memory"},{"Worker Number": 1,"Sort Method": "quicksort","Sort Space Used": 256,"Sort Space Type": "Memory"}],"Plans": [{"Node Type": "Hash Join","Parent Relationship": "Outer","Parallel Aware": false,"Async Capable": false,"Join Type": "Inner","Startup Cost": 366.16,"Total Cost": 71418.15,"Plan Rows": 2455,"Plan Width": 252,"Actual Startup Time": 12.689,"Actual Total Time": 904.248,"Actual Rows": 1955,"Actual Loops": 3,"Inner Unique": false,"Hash Cond": "(lineitem.l_suppkey = supplier.s_suppkey)","Join Filter": "(((n1.n_name = 'INDONESIA'::bpchar) AND (n2.n_name = 'SAUDI ARABIA'::bpchar)) OR ((n1.n_name = 'SAUDI ARABIA'::bpchar) AND (n2.n_name = 'INDONESIA'::bpchar)))","Rows Removed by Join Filter": 2011,"Workers": [],"Plans": [{"Node Type": "Nested Loop","Parent Relationship": "Outer","Parallel Aware": false,"Async Capable": false,"Join Type": "Inner","Startup Cost": 2.26,"Total Cost": 70727.78,"Plan Rows": 60250,"Plan Width": 124,"Actual Startup Time": 0.476,"Actual Total Time": 885.947,"Actual Rows": 48965,"Actual Loops": 3,"Inner Unique": false,"Workers": [],"Plans": [{"Node Type": "Nested Loop","Parent Relationship": "Outer","Parallel Aware": false,"Async Capable": false,"Join Type": "Inner","Startup Cost": 1.83,"Total Cost": 12400.01,"Plan Rows": 49000,"Plan Width": 108,"Actual Startup Time": 0.306,"Actual Total Time": 219.402,"Actual Rows": 39943,"Actual Loops": 3,"Inner Unique": false,"Workers": [],"Plans": [{"Node Type": "Hash Join","Parent Relationship": "Outer","Parallel Aware": false,"Async Capable": false,"Join Type": "Inner","Startup Cost": 1.40,"Total Cost": 4403.27,"Plan Rows": 4900,"Plan Width": 108,"Actual Startup Time": 0.154,"Actual Total Time": 43.541,"Actual Rows": 4022,"Actual Loops": 3,"Inner Unique": true,"Hash Cond": "(customer.c_nationkey = n2.n_nationkey)","Workers": [],"Plans": [{"Node Type": "Seq Scan","Parent Relationship": "Outer","Parallel Aware": true,"Async Capable": false,"Relation Name": "customer","Alias": "customer","Startup Cost": 0.00,"Total Cost": 4210.00,"Plan Rows": 62500,"Plan Width": 8,"Actual Startup Time": 0.013,"Actual Total Time": 9.107,"Actual Rows": 50000,"Actual Loops": 3,"Workers": []},{"Node Type": "Hash","Parent Relationship": "Inner","Parallel Aware": false,"Async Capable": false,"Startup Cost": 1.38,"Total Cost": 1.38,"Plan Rows": 2,"Plan Width": 108,"Actual Startup Time": 0.071,"Actual Total Time": 0.078,"Actual Rows": 2,"Actual Loops": 3,"Hash Buckets": 1024,"Original Hash Buckets": 1024,"Hash Batches": 1,"Original Hash Batches": 1,"Peak Memory Usage": 9,"Workers": [],"Plans": [{"Node Type": "Seq Scan","Parent Relationship": "Outer","Parallel Aware": false,"Async Capable": false,"Relation Name": "nation","Alias": "n2","Startup Cost": 0.00,"Total Cost": 1.38,"Plan Rows": 2,"Plan Width": 108,"Actual Startup Time": 0.055,"Actual Total Time": 0.061,"Actual Rows": 2,"Actual Loops": 3,"Filter": "((n_name = 'SAUDI ARABIA'::bpchar) OR (n_name = 'INDONESIA'::bpchar))","Rows Removed by Filter": 23,"Workers": []}]}]},{"Node Type": "Index Scan","Parent Relationship": "Inner","Parallel Aware": false,"Async Capable": false,"Scan Direction": "Forward","Index Name": "idx_orders_custkey","Relation Name": "orders","Alias": "orders","Startup Cost": 0.43,"Total Cost": 1.46,"Plan Rows": 17,"Plan Width": 8,"Actual Startup Time": 0.007,"Actual Total Time": 0.043,"Actual Rows": 10,"Actual Loops": 12065,"Index Cond": "(o_custkey = customer.c_custkey)","Rows Removed by Index Recheck": 0,"Workers": []}]},{"Node Type": "Index Scan","Parent Relationship": "Inner","Parallel Aware": false,"Async Capable": false,"Scan Direction": "Forward","Index Name": "idx_lineitem_orderkey","Relation Name": "lineitem","Alias": "lineitem","Startup Cost": 0.43,"Total Cost": 1.14,"Plan Rows": 5,"Plan Width": 24,"Actual Startup Time": 0.016,"Actual Total Time": 0.016,"Actual Rows": 1,"Actual Loops": 119830,"Index Cond": "(l_orderkey = orders.o_orderkey)","Rows Removed by Index Recheck": 0,"Filter": "((l_shipdate >= '1995-01-01'::date) AND (l_shipdate <= '1996-12-31'::date))","Rows Removed by Filter": 3,"Workers": []}]},{"Node Type": "Hash","Parent Relationship": "Inner","Parallel Aware": false,"Async Capable": false,"Startup Cost": 354.10,"Total Cost": 354.10,"Plan Rows": 784,"Plan Width": 108,"Actual Startup Time": 11.155,"Actual Total Time": 11.169,"Actual Rows": 816,"Actual Loops": 3,"Hash Buckets": 1024,"Original Hash Buckets": 1024,"Hash Batches": 1,"Original Hash Batches": 1,"Peak Memory Usage": 58,"Workers": [],"Plans": [{"Node Type": "Hash Join","Parent Relationship": "Outer","Parallel Aware": false,"Async Capable": false,"Join Type": "Inner","Startup Cost": 1.40,"Total Cost": 354.10,"Plan Rows": 784,"Plan Width": 108,"Actual Startup Time": 0.083,"Actual Total Time": 10.963,"Actual Rows": 816,"Actual Loops": 3,"Inner Unique": true,"Hash Cond": "(supplier.s_nationkey = n1.n_nationkey)","Workers": [],"Plans": [{"Node Type": "Seq Scan","Parent Relationship": "Outer","Parallel Aware": false,"Async Capable": false,"Relation Name": "supplier","Alias": "supplier","Startup Cost": 0.00,"Total Cost": 322.00,"Plan Rows": 10000,"Plan Width": 8,"Actual Startup Time": 0.027,"Actual Total Time": 4.580,"Actual Rows": 10000,"Actual Loops": 3,"Workers": []},{"Node Type": "Hash","Parent Relationship": "Inner","Parallel Aware": false,"Async Capable": false,"Startup Cost": 1.38,"Total Cost": 1.38,"Plan Rows": 2,"Plan Width": 108,"Actual Startup Time": 0.014,"Actual Total Time": 0.019,"Actual Rows": 2,"Actual Loops": 3,"Hash Buckets": 1024,"Original Hash Buckets": 1024,"Hash Batches": 1,"Original Hash Batches": 1,"Peak Memory Usage": 9,"Workers": [],"Plans": [{"Node Type": "Seq Scan","Parent Relationship": "Outer","Parallel Aware": false,"Async Capable": false,"Relation Name": "nation","Alias": "n1","Startup Cost": 0.00,"Total Cost": 1.38,"Plan Rows": 2,"Plan Width": 108,"Actual Startup Time": 0.006,"Actual Total Time": 0.010,"Actual Rows": 2,"Actual Loops": 3,"Filter": "((n_name = 'INDONESIA'::bpchar) OR (n_name = 'SAUDI ARABIA'::bpchar))","Rows Removed by Filter": 23,"Workers": []}]}]}]}]}]}]}]}]},"Planning Time": 9.092,"Triggers": [],"Execution Time": 956.690}]
[{"Plan": {"Node Type": "Aggregate","Strategy": "Sorted","Partial Mode": "Finalize","Parallel Aware": false,"Async Capable": false,"Startup Cost": 72556.41,"Total Cost": 73352.71,"Plan Rows": 5893,"Plan Width": 272,"Actual Startup Time": 930.097,"Actual Total Time": 986.974,"Actual Rows": 4,"Actual Loops": 1,"Group Key": ["n1.n_name", "n2.n_name", "(EXTRACT(year FROM lineitem.l_shipdate))"],"Plans": [{"Node Type": "Gather Merge","Parent Relationship": "Outer","Parallel Aware": false,"Async Capable": false,"Startup Cost": 72556.41,"Total Cost": 73202.94,"Plan Rows": 4910,"Plan Width": 272,"Actual Startup Time": 929.807,"Actual Total Time": 986.906,"Actual Rows": 12,"Actual Loops": 1,"Workers Planned": 2,"Workers Launched": 2,"Plans": [{"Node Type": "Aggregate","Strategy": "Sorted","Partial Mode": "Partial","Parent Relationship": "Outer","Parallel Aware": false,"Async Capable": false,"Startup Cost": 71556.39,"Total Cost": 71636.18,"Plan Rows": 2455,"Plan Width": 272,"Actual Startup Time": 920.835,"Actual Total Time": 921.506,"Actual Rows": 4,"Actual Loops": 3,"Group Key": ["n1.n_name", "n2.n_name", "(EXTRACT(year FROM lineitem.l_shipdate))"],"Workers": [],"Plans": [{"Node Type": "Sort","Parent Relationship": "Outer","Parallel Aware": false,"Async Capable": false,"Startup Cost": 71556.39,"Total Cost": 71562.53,"Plan Rows": 2455,"Plan Width": 252,"Actual Startup Time": 920.574,"Actual Total Time": 920.680,"Actual Rows": 1954,"Actual Loops": 3,"Sort Key": ["n1.n_name", "n2.n_name", "(EXTRACT(year FROM lineitem.l_shipdate))"],"Sort Method": "quicksort","Sort Space Used": 271,"Sort Space Type": "Memory","Workers": [{"Worker Number": 0,"Sort Method": "quicksort","Sort Space Used": 255,"Sort Space Type": "Memory"},{"Worker Number": 1,"Sort Method": "quicksort","Sort Space Used": 260,"Sort Space Type": "Memory"}],"Plans": [{"Node Type": "Hash Join","Parent Relationship": "Outer","Parallel Aware": false,"Async Capable": false,"Join Type": "Inner","Startup Cost": 366.16,"Total Cost": 71418.15,"Plan Rows": 2455,"Plan Width": 252,"Actual Startup Time": 8.353,"Actual Total Time": 918.732,"Actual Rows": 1954,"Actual Loops": 3,"Inner Unique": false,"Hash Cond": "(lineitem.l_suppkey = supplier.s_suppkey)","Join Filter": "(((n1.n_name = 'UNITED STATES'::bpchar) AND (n2.n_name = 'INDIA'::bpchar)) OR ((n1.n_name = 'INDIA'::bpchar) AND (n2.n_name = 'UNITED STATES'::bpchar)))","Rows Removed by Join Filter": 1987,"Workers": [],"Plans": [{"Node Type": "Nested Loop","Parent Relationship": "Outer","Parallel Aware": false,"Async Capable": false,"Join Type": "Inner","Startup Cost": 2.26,"Total Cost": 70727.78,"Plan Rows": 60250,"Plan Width": 124,"Actual Startup Time": 0.885,"Actual Total Time": 904.321,"Actual Rows": 48474,"Actual Loops": 3,"Inner Unique": false,"Workers": [],"Plans": [{"Node Type": "Nested Loop","Parent Relationship": "Outer","Parallel Aware": false,"Async Capable": false,"Join Type": "Inner","Startup Cost": 1.83,"Total Cost": 12400.01,"Plan Rows": 49000,"Plan Width": 108,"Actual Startup Time": 0.343,"Actual Total Time": 226.413,"Actual Rows": 39916,"Actual Loops": 3,"Inner Unique": false,"Workers": [],"Plans": [{"Node Type": "Hash Join","Parent Relationship": "Outer","Parallel Aware": false,"Async Capable": false,"Join Type": "Inner","Startup Cost": 1.40,"Total Cost": 4403.27,"Plan Rows": 4900,"Plan Width": 108,"Actual Startup Time": 0.228,"Actual Total Time": 46.043,"Actual Rows": 4008,"Actual Loops": 3,"Inner Unique": true,"Hash Cond": "(customer.c_nationkey = n2.n_nationkey)","Workers": [],"Plans": [{"Node Type": "Seq Scan","Parent Relationship": "Outer","Parallel Aware": true,"Async Capable": false,"Relation Name": "customer","Alias": "customer","Startup Cost": 0.00,"Total Cost": 4210.00,"Plan Rows": 62500,"Plan Width": 8,"Actual Startup Time": 0.013,"Actual Total Time": 9.605,"Actual Rows": 50000,"Actual Loops": 3,"Workers": []},{"Node Type": "Hash","Parent Relationship": "Inner","Parallel Aware": false,"Async Capable": false,"Startup Cost": 1.38,"Total Cost": 1.38,"Plan Rows": 2,"Plan Width": 108,"Actual Startup Time": 0.088,"Actual Total Time": 0.093,"Actual Rows": 2,"Actual Loops": 3,"Hash Buckets": 1024,"Original Hash Buckets": 1024,"Hash Batches": 1,"Original Hash Batches": 1,"Peak Memory Usage": 9,"Workers": [],"Plans": [{"Node Type": "Seq Scan","Parent Relationship": "Outer","Parallel Aware": false,"Async Capable": false,"Relation Name": "nation","Alias": "n2","Startup Cost": 0.00,"Total Cost": 1.38,"Plan Rows": 2,"Plan Width": 108,"Actual Startup Time": 0.061,"Actual Total Time": 0.068,"Actual Rows": 2,"Actual Loops": 3,"Filter": "((n_name = 'INDIA'::bpchar) OR (n_name = 'UNITED STATES'::bpchar))","Rows Removed by Filter": 23,"Workers": []}]}]},{"Node Type": "Index Scan","Parent Relationship": "Inner","Parallel Aware": false,"Async Capable": false,"Scan Direction": "Forward","Index Name": "idx_orders_custkey","Relation Name": "orders","Alias": "orders","Startup Cost": 0.43,"Total Cost": 1.46,"Plan Rows": 17,"Plan Width": 8,"Actual Startup Time": 0.007,"Actual Total Time": 0.044,"Actual Rows": 10,"Actual Loops": 12025,"Index Cond": "(o_custkey = customer.c_custkey)","Rows Removed by Index Recheck": 0,"Workers": []}]},{"Node Type": "Index Scan","Parent Relationship": "Inner","Parallel Aware": false,"Async Capable": false,"Scan Direction": "Forward","Index Name": "idx_lineitem_orderkey","Relation Name": "lineitem","Alias": "lineitem","Startup Cost": 0.43,"Total Cost": 1.14,"Plan Rows": 5,"Plan Width": 24,"Actual Startup Time": 0.016,"Actual Total Time": 0.017,"Actual Rows": 1,"Actual Loops": 119748,"Index Cond": "(l_orderkey = orders.o_orderkey)","Rows Removed by Index Recheck": 0,"Filter": "((l_shipdate >= '1995-01-01'::date) AND (l_shipdate <= '1996-12-31'::date))","Rows Removed by Filter": 3,"Workers": []}]},{"Node Type": "Hash","Parent Relationship": "Inner","Parallel Aware": false,"Async Capable": false,"Startup Cost": 354.10,"Total Cost": 354.10,"Plan Rows": 784,"Plan Width": 108,"Actual Startup Time": 6.884,"Actual Total Time": 6.900,"Actual Rows": 808,"Actual Loops": 3,"Hash Buckets": 1024,"Original Hash Buckets": 1024,"Hash Batches": 1,"Original Hash Batches": 1,"Peak Memory Usage": 57,"Workers": [],"Plans": [{"Node Type": "Hash Join","Parent Relationship": "Outer","Parallel Aware": false,"Async Capable": false,"Join Type": "Inner","Startup Cost": 1.40,"Total Cost": 354.10,"Plan Rows": 784,"Plan Width": 108,"Actual Startup Time": 0.081,"Actual Total Time": 6.726,"Actual Rows": 808,"Actual Loops": 3,"Inner Unique": true,"Hash Cond": "(supplier.s_nationkey = n1.n_nationkey)","Workers": [],"Plans": [{"Node Type": "Seq Scan","Parent Relationship": "Outer","Parallel Aware": false,"Async Capable": false,"Relation Name": "supplier","Alias": "supplier","Startup Cost": 0.00,"Total Cost": 322.00,"Plan Rows": 10000,"Plan Width": 8,"Actual Startup Time": 0.029,"Actual Total Time": 3.489,"Actual Rows": 10000,"Actual Loops": 3,"Workers": []},{"Node Type": "Hash","Parent Relationship": "Inner","Parallel Aware": false,"Async Capable": false,"Startup Cost": 1.38,"Total Cost": 1.38,"Plan Rows": 2,"Plan Width": 108,"Actual Startup Time": 0.017,"Actual Total Time": 0.024,"Actual Rows": 2,"Actual Loops": 3,"Hash Buckets": 1024,"Original Hash Buckets": 1024,"Hash Batches": 1,"Original Hash Batches": 1,"Peak Memory Usage": 9,"Workers": [],"Plans": [{"Node Type": "Seq Scan","Parent Relationship": "Outer","Parallel Aware": false,"Async Capable": false,"Relation Name": "nation","Alias": "n1","Startup Cost": 0.00,"Total Cost": 1.38,"Plan Rows": 2,"Plan Width": 108,"Actual Startup Time": 0.006,"Actual Total Time": 0.011,"Actual Rows": 2,"Actual Loops": 3,"Filter": "((n_name = 'UNITED STATES'::bpchar) OR (n_name = 'INDIA'::bpchar))","Rows Removed by Filter": 23,"Workers": []}]}]}]}]}]}]}]}]},"Planning Time": 9.716,"Triggers": [],"Execution Time": 987.407}]
[{"Plan": {"Node Type": "Aggregate","Strategy": "Sorted","Partial Mode": "Finalize","Parallel Aware": false,"Async Capable": false,"Startup Cost": 72556.41,"Total Cost": 73352.71,"Plan Rows": 5893,"Plan Width": 272,"Actual Startup Time": 943.173,"Actual Total Time": 987.203,"Actual Rows": 4,"Actual Loops": 1,"Group Key": ["n1.n_name", "n2.n_name", "(EXTRACT(year FROM lineitem.l_shipdate))"],"Plans": [{"Node Type": "Gather Merge","Parent Relationship": "Outer","Parallel Aware": false,"Async Capable": false,"Startup Cost": 72556.41,"Total Cost": 73202.94,"Plan Rows": 4910,"Plan Width": 272,"Actual Startup Time": 942.797,"Actual Total Time": 987.132,"Actual Rows": 12,"Actual Loops": 1,"Workers Planned": 2,"Workers Launched": 2,"Plans": [{"Node Type": "Aggregate","Strategy": "Sorted","Partial Mode": "Partial","Parent Relationship": "Outer","Parallel Aware": false,"Async Capable": false,"Startup Cost": 71556.39,"Total Cost": 71636.18,"Plan Rows": 2455,"Plan Width": 272,"Actual Startup Time": 933.264,"Actual Total Time": 933.998,"Actual Rows": 4,"Actual Loops": 3,"Group Key": ["n1.n_name", "n2.n_name", "(EXTRACT(year FROM lineitem.l_shipdate))"],"Workers": [],"Plans": [{"Node Type": "Sort","Parent Relationship": "Outer","Parallel Aware": false,"Async Capable": false,"Startup Cost": 71556.39,"Total Cost": 71562.53,"Plan Rows": 2455,"Plan Width": 252,"Actual Startup Time": 933.018,"Actual Total Time": 933.133,"Actual Rows": 1917,"Actual Loops": 3,"Sort Key": ["n1.n_name", "n2.n_name", "(EXTRACT(year FROM lineitem.l_shipdate))"],"Sort Method": "quicksort","Sort Space Used": 258,"Sort Space Type": "Memory","Workers": [{"Worker Number": 0,"Sort Method": "quicksort","Sort Space Used": 260,"Sort Space Type": "Memory"},{"Worker Number": 1,"Sort Method": "quicksort","Sort Space Used": 257,"Sort Space Type": "Memory"}],"Plans": [{"Node Type": "Hash Join","Parent Relationship": "Outer","Parallel Aware": false,"Async Capable": false,"Join Type": "Inner","Startup Cost": 366.16,"Total Cost": 71418.15,"Plan Rows": 2455,"Plan Width": 252,"Actual Startup Time": 9.066,"Actual Total Time": 931.313,"Actual Rows": 1917,"Actual Loops": 3,"Inner Unique": false,"Hash Cond": "(lineitem.l_suppkey = supplier.s_suppkey)","Join Filter": "(((n1.n_name = 'FRANCE'::bpchar) AND (n2.n_name = 'UNITED STATES'::bpchar)) OR ((n1.n_name = 'UNITED STATES'::bpchar) AND (n2.n_name = 'FRANCE'::bpchar)))","Rows Removed by Join Filter": 1971,"Workers": [],"Plans": [{"Node Type": "Nested Loop","Parent Relationship": "Outer","Parallel Aware": false,"Async Capable": false,"Join Type": "Inner","Startup Cost": 2.26,"Total Cost": 70727.78,"Plan Rows": 60250,"Plan Width": 124,"Actual Startup Time": 0.753,"Actual Total Time": 916.537,"Actual Rows": 49460,"Actual Loops": 3,"Inner Unique": false,"Workers": [],"Plans": [{"Node Type": "Nested Loop","Parent Relationship": "Outer","Parallel Aware": false,"Async Capable": false,"Join Type": "Inner","Startup Cost": 1.83,"Total Cost": 12400.01,"Plan Rows": 49000,"Plan Width": 108,"Actual Startup Time": 0.361,"Actual Total Time": 230.933,"Actual Rows": 40507,"Actual Loops": 3,"Inner Unique": false,"Workers": [],"Plans": [{"Node Type": "Hash Join","Parent Relationship": "Outer","Parallel Aware": false,"Async Capable": false,"Join Type": "Inner","Startup Cost": 1.40,"Total Cost": 4403.27,"Plan Rows": 4900,"Plan Width": 108,"Actual Startup Time": 0.152,"Actual Total Time": 48.757,"Actual Rows": 4028,"Actual Loops": 3,"Inner Unique": true,"Hash Cond": "(customer.c_nationkey = n2.n_nationkey)","Workers": [],"Plans": [{"Node Type": "Seq Scan","Parent Relationship": "Outer","Parallel Aware": true,"Async Capable": false,"Relation Name": "customer","Alias": "customer","Startup Cost": 0.00,"Total Cost": 4210.00,"Plan Rows": 62500,"Plan Width": 8,"Actual Startup Time": 0.009,"Actual Total Time": 9.608,"Actual Rows": 50000,"Actual Loops": 3,"Workers": []},{"Node Type": "Hash","Parent Relationship": "Inner","Parallel Aware": false,"Async Capable": false,"Startup Cost": 1.38,"Total Cost": 1.38,"Plan Rows": 2,"Plan Width": 108,"Actual Startup Time": 0.060,"Actual Total Time": 0.066,"Actual Rows": 2,"Actual Loops": 3,"Hash Buckets": 1024,"Original Hash Buckets": 1024,"Hash Batches": 1,"Original Hash Batches": 1,"Peak Memory Usage": 9,"Workers": [],"Plans": [{"Node Type": "Seq Scan","Parent Relationship": "Outer","Parallel Aware": false,"Async Capable": false,"Relation Name": "nation","Alias": "n2","Startup Cost": 0.00,"Total Cost": 1.38,"Plan Rows": 2,"Plan Width": 108,"Actual Startup Time": 0.045,"Actual Total Time": 0.049,"Actual Rows": 2,"Actual Loops": 3,"Filter": "((n_name = 'UNITED STATES'::bpchar) OR (n_name = 'FRANCE'::bpchar))","Rows Removed by Filter": 23,"Workers": []}]}]},{"Node Type": "Index Scan","Parent Relationship": "Inner","Parallel Aware": false,"Async Capable": false,"Scan Direction": "Forward","Index Name": "idx_orders_custkey","Relation Name": "orders","Alias": "orders","Startup Cost": 0.43,"Total Cost": 1.46,"Plan Rows": 17,"Plan Width": 8,"Actual Startup Time": 0.007,"Actual Total Time": 0.044,"Actual Rows": 10,"Actual Loops": 12083,"Index Cond": "(o_custkey = customer.c_custkey)","Rows Removed by Index Recheck": 0,"Workers": []}]},{"Node Type": "Index Scan","Parent Relationship": "Inner","Parallel Aware": false,"Async Capable": false,"Scan Direction": "Forward","Index Name": "idx_lineitem_orderkey","Relation Name": "lineitem","Alias": "lineitem","Startup Cost": 0.43,"Total Cost": 1.14,"Plan Rows": 5,"Plan Width": 24,"Actual Startup Time": 0.016,"Actual Total Time": 0.017,"Actual Rows": 1,"Actual Loops": 121521,"Index Cond": "(l_orderkey = orders.o_orderkey)","Rows Removed by Index Recheck": 0,"Filter": "((l_shipdate >= '1995-01-01'::date) AND (l_shipdate <= '1996-12-31'::date))","Rows Removed by Filter": 3,"Workers": []}]},{"Node Type": "Hash","Parent Relationship": "Inner","Parallel Aware": false,"Async Capable": false,"Startup Cost": 354.10,"Total Cost": 354.10,"Plan Rows": 784,"Plan Width": 108,"Actual Startup Time": 7.727,"Actual Total Time": 7.738,"Actual Rows": 795,"Actual Loops": 3,"Hash Buckets": 1024,"Original Hash Buckets": 1024,"Hash Batches": 1,"Original Hash Batches": 1,"Peak Memory Usage": 57,"Workers": [],"Plans": [{"Node Type": "Hash Join","Parent Relationship": "Outer","Parallel Aware": false,"Async Capable": false,"Join Type": "Inner","Startup Cost": 1.40,"Total Cost": 354.10,"Plan Rows": 784,"Plan Width": 108,"Actual Startup Time": 0.066,"Actual Total Time": 7.551,"Actual Rows": 795,"Actual Loops": 3,"Inner Unique": true,"Hash Cond": "(supplier.s_nationkey = n1.n_nationkey)","Workers": [],"Plans": [{"Node Type": "Seq Scan","Parent Relationship": "Outer","Parallel Aware": false,"Async Capable": false,"Relation Name": "supplier","Alias": "supplier","Startup Cost": 0.00,"Total Cost": 322.00,"Plan Rows": 10000,"Plan Width": 8,"Actual Startup Time": 0.024,"Actual Total Time": 3.781,"Actual Rows": 10000,"Actual Loops": 3,"Workers": []},{"Node Type": "Hash","Parent Relationship": "Inner","Parallel Aware": false,"Async Capable": false,"Startup Cost": 1.38,"Total Cost": 1.38,"Plan Rows": 2,"Plan Width": 108,"Actual Startup Time": 0.012,"Actual Total Time": 0.014,"Actual Rows": 2,"Actual Loops": 3,"Hash Buckets": 1024,"Original Hash Buckets": 1024,"Hash Batches": 1,"Original Hash Batches": 1,"Peak Memory Usage": 9,"Workers": [],"Plans": [{"Node Type": "Seq Scan","Parent Relationship": "Outer","Parallel Aware": false,"Async Capable": false,"Relation Name": "nation","Alias": "n1","Startup Cost": 0.00,"Total Cost": 1.38,"Plan Rows": 2,"Plan Width": 108,"Actual Startup Time": 0.004,"Actual Total Time": 0.008,"Actual Rows": 2,"Actual Loops": 3,"Filter": "((n_name = 'FRANCE'::bpchar) OR (n_name = 'UNITED STATES'::bpchar))","Rows Removed by Filter": 23,"Workers": []}]}]}]}]}]}]}]}]},"Planning Time": 9.602,"Triggers": [],"Execution Time": 987.723}]
[{"Plan": {"Node Type": "Aggregate","Strategy": "Sorted","Partial Mode": "Finalize","Parallel Aware": false,"Async Capable": false,"Startup Cost": 72556.41,"Total Cost": 73352.71,"Plan Rows": 5893,"Plan Width": 272,"Actual Startup Time": 969.247,"Actual Total Time": 1018.303,"Actual Rows": 4,"Actual Loops": 1,"Group Key": ["n1.n_name", "n2.n_name", "(EXTRACT(year FROM lineitem.l_shipdate))"],"Plans": [{"Node Type": "Gather Merge","Parent Relationship": "Outer","Parallel Aware": false,"Async Capable": false,"Startup Cost": 72556.41,"Total Cost": 73202.94,"Plan Rows": 4910,"Plan Width": 272,"Actual Startup Time": 968.837,"Actual Total Time": 1018.245,"Actual Rows": 12,"Actual Loops": 1,"Workers Planned": 2,"Workers Launched": 2,"Plans": [{"Node Type": "Aggregate","Strategy": "Sorted","Partial Mode": "Partial","Parent Relationship": "Outer","Parallel Aware": false,"Async Capable": false,"Startup Cost": 71556.39,"Total Cost": 71636.18,"Plan Rows": 2455,"Plan Width": 272,"Actual Startup Time": 960.267,"Actual Total Time": 960.986,"Actual Rows": 4,"Actual Loops": 3,"Group Key": ["n1.n_name", "n2.n_name", "(EXTRACT(year FROM lineitem.l_shipdate))"],"Workers": [],"Plans": [{"Node Type": "Sort","Parent Relationship": "Outer","Parallel Aware": false,"Async Capable": false,"Startup Cost": 71556.39,"Total Cost": 71562.53,"Plan Rows": 2455,"Plan Width": 252,"Actual Startup Time": 960.004,"Actual Total Time": 960.111,"Actual Rows": 1811,"Actual Loops": 3,"Sort Key": ["n1.n_name", "n2.n_name", "(EXTRACT(year FROM lineitem.l_shipdate))"],"Sort Method": "quicksort","Sort Space Used": 245,"Sort Space Type": "Memory","Workers": [{"Worker Number": 0,"Sort Method": "quicksort","Sort Space Used": 254,"Sort Space Type": "Memory"},{"Worker Number": 1,"Sort Method": "quicksort","Sort Space Used": 241,"Sort Space Type": "Memory"}],"Plans": [{"Node Type": "Hash Join","Parent Relationship": "Outer","Parallel Aware": false,"Async Capable": false,"Join Type": "Inner","Startup Cost": 366.16,"Total Cost": 71418.15,"Plan Rows": 2455,"Plan Width": 252,"Actual Startup Time": 8.938,"Actual Total Time": 957.972,"Actual Rows": 1811,"Actual Loops": 3,"Inner Unique": false,"Hash Cond": "(lineitem.l_suppkey = supplier.s_suppkey)","Join Filter": "(((n1.n_name = 'JORDAN'::bpchar) AND (n2.n_name = 'JAPAN'::bpchar)) OR ((n1.n_name = 'JAPAN'::bpchar) AND (n2.n_name = 'JORDAN'::bpchar)))","Rows Removed by Join Filter": 1793,"Workers": [],"Plans": [{"Node Type": "Nested Loop","Parent Relationship": "Outer","Parallel Aware": false,"Async Capable": false,"Join Type": "Inner","Startup Cost": 2.26,"Total Cost": 70727.78,"Plan Rows": 60250,"Plan Width": 124,"Actual Startup Time": 0.560,"Actual Total Time": 939.258,"Actual Rows": 48873,"Actual Loops": 3,"Inner Unique": false,"Workers": [],"Plans": [{"Node Type": "Nested Loop","Parent Relationship": "Outer","Parallel Aware": false,"Async Capable": false,"Join Type": "Inner","Startup Cost": 1.83,"Total Cost": 12400.01,"Plan Rows": 49000,"Plan Width": 108,"Actual Startup Time": 0.373,"Actual Total Time": 237.376,"Actual Rows": 40047,"Actual Loops": 3,"Inner Unique": false,"Workers": [],"Plans": [{"Node Type": "Hash Join","Parent Relationship": "Outer","Parallel Aware": false,"Async Capable": false,"Join Type": "Inner","Startup Cost": 1.40,"Total Cost": 4403.27,"Plan Rows": 4900,"Plan Width": 108,"Actual Startup Time": 0.207,"Actual Total Time": 49.334,"Actual Rows": 3994,"Actual Loops": 3,"Inner Unique": true,"Hash Cond": "(customer.c_nationkey = n2.n_nationkey)","Workers": [],"Plans": [{"Node Type": "Seq Scan","Parent Relationship": "Outer","Parallel Aware": true,"Async Capable": false,"Relation Name": "customer","Alias": "customer","Startup Cost": 0.00,"Total Cost": 4210.00,"Plan Rows": 62500,"Plan Width": 8,"Actual Startup Time": 0.017,"Actual Total Time": 9.673,"Actual Rows": 50000,"Actual Loops": 3,"Workers": []},{"Node Type": "Hash","Parent Relationship": "Inner","Parallel Aware": false,"Async Capable": false,"Startup Cost": 1.38,"Total Cost": 1.38,"Plan Rows": 2,"Plan Width": 108,"Actual Startup Time": 0.077,"Actual Total Time": 0.084,"Actual Rows": 2,"Actual Loops": 3,"Hash Buckets": 1024,"Original Hash Buckets": 1024,"Hash Batches": 1,"Original Hash Batches": 1,"Peak Memory Usage": 9,"Workers": [],"Plans": [{"Node Type": "Seq Scan","Parent Relationship": "Outer","Parallel Aware": false,"Async Capable": false,"Relation Name": "nation","Alias": "n2","Startup Cost": 0.00,"Total Cost": 1.38,"Plan Rows": 2,"Plan Width": 108,"Actual Startup Time": 0.058,"Actual Total Time": 0.064,"Actual Rows": 2,"Actual Loops": 3,"Filter": "((n_name = 'JAPAN'::bpchar) OR (n_name = 'JORDAN'::bpchar))","Rows Removed by Filter": 23,"Workers": []}]}]},{"Node Type": "Index Scan","Parent Relationship": "Inner","Parallel Aware": false,"Async Capable": false,"Scan Direction": "Forward","Index Name": "idx_orders_custkey","Relation Name": "orders","Alias": "orders","Startup Cost": 0.43,"Total Cost": 1.46,"Plan Rows": 17,"Plan Width": 8,"Actual Startup Time": 0.007,"Actual Total Time": 0.046,"Actual Rows": 10,"Actual Loops": 11981,"Index Cond": "(o_custkey = customer.c_custkey)","Rows Removed by Index Recheck": 0,"Workers": []}]},{"Node Type": "Index Scan","Parent Relationship": "Inner","Parallel Aware": false,"Async Capable": false,"Scan Direction": "Forward","Index Name": "idx_lineitem_orderkey","Relation Name": "lineitem","Alias": "lineitem","Startup Cost": 0.43,"Total Cost": 1.14,"Plan Rows": 5,"Plan Width": 24,"Actual Startup Time": 0.016,"Actual Total Time": 0.017,"Actual Rows": 1,"Actual Loops": 120141,"Index Cond": "(l_orderkey = orders.o_orderkey)","Rows Removed by Index Recheck": 0,"Filter": "((l_shipdate >= '1995-01-01'::date) AND (l_shipdate <= '1996-12-31'::date))","Rows Removed by Filter": 3,"Workers": []}]},{"Node Type": "Hash","Parent Relationship": "Inner","Parallel Aware": false,"Async Capable": false,"Startup Cost": 354.10,"Total Cost": 354.10,"Plan Rows": 784,"Plan Width": 108,"Actual Startup Time": 7.630,"Actual Total Time": 7.646,"Actual Rows": 739,"Actual Loops": 3,"Hash Buckets": 1024,"Original Hash Buckets": 1024,"Hash Batches": 1,"Original Hash Batches": 1,"Peak Memory Usage": 53,"Workers": [],"Plans": [{"Node Type": "Hash Join","Parent Relationship": "Outer","Parallel Aware": false,"Async Capable": false,"Join Type": "Inner","Startup Cost": 1.40,"Total Cost": 354.10,"Plan Rows": 784,"Plan Width": 108,"Actual Startup Time": 0.111,"Actual Total Time": 7.457,"Actual Rows": 739,"Actual Loops": 3,"Inner Unique": true,"Hash Cond": "(supplier.s_nationkey = n1.n_nationkey)","Workers": [],"Plans": [{"Node Type": "Seq Scan","Parent Relationship": "Outer","Parallel Aware": false,"Async Capable": false,"Relation Name": "supplier","Alias": "supplier","Startup Cost": 0.00,"Total Cost": 322.00,"Plan Rows": 10000,"Plan Width": 8,"Actual Startup Time": 0.040,"Actual Total Time": 3.882,"Actual Rows": 10000,"Actual Loops": 3,"Workers": []},{"Node Type": "Hash","Parent Relationship": "Inner","Parallel Aware": false,"Async Capable": false,"Startup Cost": 1.38,"Total Cost": 1.38,"Plan Rows": 2,"Plan Width": 108,"Actual Startup Time": 0.019,"Actual Total Time": 0.024,"Actual Rows": 2,"Actual Loops": 3,"Hash Buckets": 1024,"Original Hash Buckets": 1024,"Hash Batches": 1,"Original Hash Batches": 1,"Peak Memory Usage": 9,"Workers": [],"Plans": [{"Node Type": "Seq Scan","Parent Relationship": "Outer","Parallel Aware": false,"Async Capable": false,"Relation Name": "nation","Alias": "n1","Startup Cost": 0.00,"Total Cost": 1.38,"Plan Rows": 2,"Plan Width": 108,"Actual Startup Time": 0.009,"Actual Total Time": 0.014,"Actual Rows": 2,"Actual Loops": 3,"Filter": "((n_name = 'JORDAN'::bpchar) OR (n_name = 'JAPAN'::bpchar))","Rows Removed by Filter": 23,"Workers": []}]}]}]}]}]}]}]}]},"Planning Time": 9.075,"Triggers": [],"Execution Time": 1018.808}]
[{"Plan": {"Node Type": "Aggregate","Strategy": "Sorted","Partial Mode": "Finalize","Parallel Aware": false,"Async Capable": false,"Startup Cost": 72556.41,"Total Cost": 73352.71,"Plan Rows": 5893,"Plan Width": 272,"Actual Startup Time": 922.683,"Actual Total Time": 966.381,"Actual Rows": 4,"Actual Loops": 1,"Group Key": ["n1.n_name", "n2.n_name", "(EXTRACT(year FROM lineitem.l_shipdate))"],"Plans": [{"Node Type": "Gather Merge","Parent Relationship": "Outer","Parallel Aware": false,"Async Capable": false,"Startup Cost": 72556.41,"Total Cost": 73202.94,"Plan Rows": 4910,"Plan Width": 272,"Actual Startup Time": 922.409,"Actual Total Time": 966.339,"Actual Rows": 12,"Actual Loops": 1,"Workers Planned": 2,"Workers Launched": 2,"Plans": [{"Node Type": "Aggregate","Strategy": "Sorted","Partial Mode": "Partial","Parent Relationship": "Outer","Parallel Aware": false,"Async Capable": false,"Startup Cost": 71556.39,"Total Cost": 71636.18,"Plan Rows": 2455,"Plan Width": 272,"Actual Startup Time": 914.722,"Actual Total Time": 915.403,"Actual Rows": 4,"Actual Loops": 3,"Group Key": ["n1.n_name", "n2.n_name", "(EXTRACT(year FROM lineitem.l_shipdate))"],"Workers": [],"Plans": [{"Node Type": "Sort","Parent Relationship": "Outer","Parallel Aware": false,"Async Capable": false,"Startup Cost": 71556.39,"Total Cost": 71562.53,"Plan Rows": 2455,"Plan Width": 252,"Actual Startup Time": 914.447,"Actual Total Time": 914.559,"Actual Rows": 1869,"Actual Loops": 3,"Sort Key": ["n1.n_name", "n2.n_name", "(EXTRACT(year FROM lineitem.l_shipdate))"],"Sort Method": "quicksort","Sort Space Used": 258,"Sort Space Type": "Memory","Workers": [{"Worker Number": 0,"Sort Method": "quicksort","Sort Space Used": 246,"Sort Space Type": "Memory"},{"Worker Number": 1,"Sort Method": "quicksort","Sort Space Used": 255,"Sort Space Type": "Memory"}],"Plans": [{"Node Type": "Hash Join","Parent Relationship": "Outer","Parallel Aware": false,"Async Capable": false,"Join Type": "Inner","Startup Cost": 366.16,"Total Cost": 71418.15,"Plan Rows": 2455,"Plan Width": 252,"Actual Startup Time": 12.817,"Actual Total Time": 912.671,"Actual Rows": 1869,"Actual Loops": 3,"Inner Unique": false,"Hash Cond": "(lineitem.l_suppkey = supplier.s_suppkey)","Join Filter": "(((n1.n_name = 'IRAN'::bpchar) AND (n2.n_name = 'JORDAN'::bpchar)) OR ((n1.n_name = 'JORDAN'::bpchar) AND (n2.n_name = 'IRAN'::bpchar)))","Rows Removed by Join Filter": 1822,"Workers": [],"Plans": [{"Node Type": "Nested Loop","Parent Relationship": "Outer","Parallel Aware": false,"Async Capable": false,"Join Type": "Inner","Startup Cost": 2.26,"Total Cost": 70727.78,"Plan Rows": 60250,"Plan Width": 124,"Actual Startup Time": 0.677,"Actual Total Time": 894.592,"Actual Rows": 48824,"Actual Loops": 3,"Inner Unique": false,"Workers": [],"Plans": [{"Node Type": "Nested Loop","Parent Relationship": "Outer","Parallel Aware": false,"Async Capable": false,"Join Type": "Inner","Startup Cost": 1.83,"Total Cost": 12400.01,"Plan Rows": 49000,"Plan Width": 108,"Actual Startup Time": 0.347,"Actual Total Time": 221.198,"Actual Rows": 40137,"Actual Loops": 3,"Inner Unique": false,"Workers": [],"Plans": [{"Node Type": "Hash Join","Parent Relationship": "Outer","Parallel Aware": false,"Async Capable": false,"Join Type": "Inner","Startup Cost": 1.40,"Total Cost": 4403.27,"Plan Rows": 4900,"Plan Width": 108,"Actual Startup Time": 0.224,"Actual Total Time": 43.322,"Actual Rows": 4014,"Actual Loops": 3,"Inner Unique": true,"Hash Cond": "(customer.c_nationkey = n2.n_nationkey)","Workers": [],"Plans": [{"Node Type": "Seq Scan","Parent Relationship": "Outer","Parallel Aware": true,"Async Capable": false,"Relation Name": "customer","Alias": "customer","Startup Cost": 0.00,"Total Cost": 4210.00,"Plan Rows": 62500,"Plan Width": 8,"Actual Startup Time": 0.016,"Actual Total Time": 9.007,"Actual Rows": 50000,"Actual Loops": 3,"Workers": []},{"Node Type": "Hash","Parent Relationship": "Inner","Parallel Aware": false,"Async Capable": false,"Startup Cost": 1.38,"Total Cost": 1.38,"Plan Rows": 2,"Plan Width": 108,"Actual Startup Time": 0.094,"Actual Total Time": 0.098,"Actual Rows": 2,"Actual Loops": 3,"Hash Buckets": 1024,"Original Hash Buckets": 1024,"Hash Batches": 1,"Original Hash Batches": 1,"Peak Memory Usage": 9,"Workers": [],"Plans": [{"Node Type": "Seq Scan","Parent Relationship": "Outer","Parallel Aware": false,"Async Capable": false,"Relation Name": "nation","Alias": "n2","Startup Cost": 0.00,"Total Cost": 1.38,"Plan Rows": 2,"Plan Width": 108,"Actual Startup Time": 0.074,"Actual Total Time": 0.081,"Actual Rows": 2,"Actual Loops": 3,"Filter": "((n_name = 'JORDAN'::bpchar) OR (n_name = 'IRAN'::bpchar))","Rows Removed by Filter": 23,"Workers": []}]}]},{"Node Type": "Index Scan","Parent Relationship": "Inner","Parallel Aware": false,"Async Capable": false,"Scan Direction": "Forward","Index Name": "idx_orders_custkey","Relation Name": "orders","Alias": "orders","Startup Cost": 0.43,"Total Cost": 1.46,"Plan Rows": 17,"Plan Width": 8,"Actual Startup Time": 0.007,"Actual Total Time": 0.043,"Actual Rows": 10,"Actual Loops": 12042,"Index Cond": "(o_custkey = customer.c_custkey)","Rows Removed by Index Recheck": 0,"Workers": []}]},{"Node Type": "Index Scan","Parent Relationship": "Inner","Parallel Aware": false,"Async Capable": false,"Scan Direction": "Forward","Index Name": "idx_lineitem_orderkey","Relation Name": "lineitem","Alias": "lineitem","Startup Cost": 0.43,"Total Cost": 1.14,"Plan Rows": 5,"Plan Width": 24,"Actual Startup Time": 0.016,"Actual Total Time": 0.017,"Actual Rows": 1,"Actual Loops": 120411,"Index Cond": "(l_orderkey = orders.o_orderkey)","Rows Removed by Index Recheck": 0,"Filter": "((l_shipdate >= '1995-01-01'::date) AND (l_shipdate <= '1996-12-31'::date))","Rows Removed by Filter": 3,"Workers": []}]},{"Node Type": "Hash","Parent Relationship": "Inner","Parallel Aware": false,"Async Capable": false,"Startup Cost": 354.10,"Total Cost": 354.10,"Plan Rows": 784,"Plan Width": 108,"Actual Startup Time": 11.093,"Actual Total Time": 11.110,"Actual Rows": 755,"Actual Loops": 3,"Hash Buckets": 1024,"Original Hash Buckets": 1024,"Hash Batches": 1,"Original Hash Batches": 1,"Peak Memory Usage": 54,"Workers": [],"Plans": [{"Node Type": "Hash Join","Parent Relationship": "Outer","Parallel Aware": false,"Async Capable": false,"Join Type": "Inner","Startup Cost": 1.40,"Total Cost": 354.10,"Plan Rows": 784,"Plan Width": 108,"Actual Startup Time": 0.114,"Actual Total Time": 10.926,"Actual Rows": 755,"Actual Loops": 3,"Inner Unique": true,"Hash Cond": "(supplier.s_nationkey = n1.n_nationkey)","Workers": [],"Plans": [{"Node Type": "Seq Scan","Parent Relationship": "Outer","Parallel Aware": false,"Async Capable": false,"Relation Name": "supplier","Alias": "supplier","Startup Cost": 0.00,"Total Cost": 322.00,"Plan Rows": 10000,"Plan Width": 8,"Actual Startup Time": 0.052,"Actual Total Time": 4.443,"Actual Rows": 10000,"Actual Loops": 3,"Workers": []},{"Node Type": "Hash","Parent Relationship": "Inner","Parallel Aware": false,"Async Capable": false,"Startup Cost": 1.38,"Total Cost": 1.38,"Plan Rows": 2,"Plan Width": 108,"Actual Startup Time": 0.019,"Actual Total Time": 0.024,"Actual Rows": 2,"Actual Loops": 3,"Hash Buckets": 1024,"Original Hash Buckets": 1024,"Hash Batches": 1,"Original Hash Batches": 1,"Peak Memory Usage": 9,"Workers": [],"Plans": [{"Node Type": "Seq Scan","Parent Relationship": "Outer","Parallel Aware": false,"Async Capable": false,"Relation Name": "nation","Alias": "n1","Startup Cost": 0.00,"Total Cost": 1.38,"Plan Rows": 2,"Plan Width": 108,"Actual Startup Time": 0.007,"Actual Total Time": 0.013,"Actual Rows": 2,"Actual Loops": 3,"Filter": "((n_name = 'IRAN'::bpchar) OR (n_name = 'JORDAN'::bpchar))","Rows Removed by Filter": 23,"Workers": []}]}]}]}]}]}]}]}]},"Planning Time": 9.165,"Triggers": [],"Execution Time": 966.788}]
[{"Plan": {"Node Type": "Aggregate","Strategy": "Sorted","Partial Mode": "Finalize","Parallel Aware": false,"Async Capable": false,"Startup Cost": 72556.41,"Total Cost": 73352.71,"Plan Rows": 5893,"Plan Width": 272,"Actual Startup Time": 936.785,"Actual Total Time": 984.133,"Actual Rows": 4,"Actual Loops": 1,"Group Key": ["n1.n_name", "n2.n_name", "(EXTRACT(year FROM lineitem.l_shipdate))"],"Plans": [{"Node Type": "Gather Merge","Parent Relationship": "Outer","Parallel Aware": false,"Async Capable": false,"Startup Cost": 72556.41,"Total Cost": 73202.94,"Plan Rows": 4910,"Plan Width": 272,"Actual Startup Time": 936.479,"Actual Total Time": 984.067,"Actual Rows": 12,"Actual Loops": 1,"Workers Planned": 2,"Workers Launched": 2,"Plans": [{"Node Type": "Aggregate","Strategy": "Sorted","Partial Mode": "Partial","Parent Relationship": "Outer","Parallel Aware": false,"Async Capable": false,"Startup Cost": 71556.39,"Total Cost": 71636.18,"Plan Rows": 2455,"Plan Width": 272,"Actual Startup Time": 927.831,"Actual Total Time": 928.488,"Actual Rows": 4,"Actual Loops": 3,"Group Key": ["n1.n_name", "n2.n_name", "(EXTRACT(year FROM lineitem.l_shipdate))"],"Workers": [],"Plans": [{"Node Type": "Sort","Parent Relationship": "Outer","Parallel Aware": false,"Async Capable": false,"Startup Cost": 71556.39,"Total Cost": 71562.53,"Plan Rows": 2455,"Plan Width": 252,"Actual Startup Time": 927.558,"Actual Total Time": 927.662,"Actual Rows": 1850,"Actual Loops": 3,"Sort Key": ["n1.n_name", "n2.n_name", "(EXTRACT(year FROM lineitem.l_shipdate))"],"Sort Method": "quicksort","Sort Space Used": 249,"Sort Space Type": "Memory","Workers": [{"Worker Number": 0,"Sort Method": "quicksort","Sort Space Used": 249,"Sort Space Type": "Memory"},{"Worker Number": 1,"Sort Method": "quicksort","Sort Space Used": 255,"Sort Space Type": "Memory"}],"Plans": [{"Node Type": "Hash Join","Parent Relationship": "Outer","Parallel Aware": false,"Async Capable": false,"Join Type": "Inner","Startup Cost": 366.16,"Total Cost": 71418.15,"Plan Rows": 2455,"Plan Width": 252,"Actual Startup Time": 10.459,"Actual Total Time": 925.739,"Actual Rows": 1850,"Actual Loops": 3,"Inner Unique": false,"Hash Cond": "(lineitem.l_suppkey = supplier.s_suppkey)","Join Filter": "(((n1.n_name = 'JORDAN'::bpchar) AND (n2.n_name = 'INDIA'::bpchar)) OR ((n1.n_name = 'INDIA'::bpchar) AND (n2.n_name = 'JORDAN'::bpchar)))","Rows Removed by Join Filter": 1909,"Workers": [],"Plans": [{"Node Type": "Nested Loop","Parent Relationship": "Outer","Parallel Aware": false,"Async Capable": false,"Join Type": "Inner","Startup Cost": 2.26,"Total Cost": 70727.78,"Plan Rows": 60250,"Plan Width": 124,"Actual Startup Time": 0.748,"Actual Total Time": 910.783,"Actual Rows": 48915,"Actual Loops": 3,"Inner Unique": false,"Workers": [],"Plans": [{"Node Type": "Nested Loop","Parent Relationship": "Outer","Parallel Aware": false,"Async Capable": false,"Join Type": "Inner","Startup Cost": 1.83,"Total Cost": 12400.01,"Plan Rows": 49000,"Plan Width": 108,"Actual Startup Time": 0.369,"Actual Total Time": 230.166,"Actual Rows": 40188,"Actual Loops": 3,"Inner Unique": false,"Workers": [],"Plans": [{"Node Type": "Hash Join","Parent Relationship": "Outer","Parallel Aware": false,"Async Capable": false,"Join Type": "Inner","Startup Cost": 1.40,"Total Cost": 4403.27,"Plan Rows": 4900,"Plan Width": 108,"Actual Startup Time": 0.222,"Actual Total Time": 48.977,"Actual Rows": 4025,"Actual Loops": 3,"Inner Unique": true,"Hash Cond": "(customer.c_nationkey = n2.n_nationkey)","Workers": [],"Plans": [{"Node Type": "Seq Scan","Parent Relationship": "Outer","Parallel Aware": true,"Async Capable": false,"Relation Name": "customer","Alias": "customer","Startup Cost": 0.00,"Total Cost": 4210.00,"Plan Rows": 62500,"Plan Width": 8,"Actual Startup Time": 0.022,"Actual Total Time": 9.693,"Actual Rows": 50000,"Actual Loops": 3,"Workers": []},{"Node Type": "Hash","Parent Relationship": "Inner","Parallel Aware": false,"Async Capable": false,"Startup Cost": 1.38,"Total Cost": 1.38,"Plan Rows": 2,"Plan Width": 108,"Actual Startup Time": 0.097,"Actual Total Time": 0.104,"Actual Rows": 2,"Actual Loops": 3,"Hash Buckets": 1024,"Original Hash Buckets": 1024,"Hash Batches": 1,"Original Hash Batches": 1,"Peak Memory Usage": 9,"Workers": [],"Plans": [{"Node Type": "Seq Scan","Parent Relationship": "Outer","Parallel Aware": false,"Async Capable": false,"Relation Name": "nation","Alias": "n2","Startup Cost": 0.00,"Total Cost": 1.38,"Plan Rows": 2,"Plan Width": 108,"Actual Startup Time": 0.070,"Actual Total Time": 0.077,"Actual Rows": 2,"Actual Loops": 3,"Filter": "((n_name = 'INDIA'::bpchar) OR (n_name = 'JORDAN'::bpchar))","Rows Removed by Filter": 23,"Workers": []}]}]},{"Node Type": "Index Scan","Parent Relationship": "Inner","Parallel Aware": false,"Async Capable": false,"Scan Direction": "Forward","Index Name": "idx_orders_custkey","Relation Name": "orders","Alias": "orders","Startup Cost": 0.43,"Total Cost": 1.46,"Plan Rows": 17,"Plan Width": 8,"Actual Startup Time": 0.007,"Actual Total Time": 0.044,"Actual Rows": 10,"Actual Loops": 12075,"Index Cond": "(o_custkey = customer.c_custkey)","Rows Removed by Index Recheck": 0,"Workers": []}]},{"Node Type": "Index Scan","Parent Relationship": "Inner","Parallel Aware": false,"Async Capable": false,"Scan Direction": "Forward","Index Name": "idx_lineitem_orderkey","Relation Name": "lineitem","Alias": "lineitem","Startup Cost": 0.43,"Total Cost": 1.14,"Plan Rows": 5,"Plan Width": 24,"Actual Startup Time": 0.016,"Actual Total Time": 0.017,"Actual Rows": 1,"Actual Loops": 120563,"Index Cond": "(l_orderkey = orders.o_orderkey)","Rows Removed by Index Recheck": 0,"Filter": "((l_shipdate >= '1995-01-01'::date) AND (l_shipdate <= '1996-12-31'::date))","Rows Removed by Filter": 3,"Workers": []}]},{"Node Type": "Hash","Parent Relationship": "Inner","Parallel Aware": false,"Async Capable": false,"Startup Cost": 354.10,"Total Cost": 354.10,"Plan Rows": 784,"Plan Width": 108,"Actual Startup Time": 8.016,"Actual Total Time": 8.030,"Actual Rows": 777,"Actual Loops": 3,"Hash Buckets": 1024,"Original Hash Buckets": 1024,"Hash Batches": 1,"Original Hash Batches": 1,"Peak Memory Usage": 56,"Workers": [],"Plans": [{"Node Type": "Hash Join","Parent Relationship": "Outer","Parallel Aware": false,"Async Capable": false,"Join Type": "Inner","Startup Cost": 1.40,"Total Cost": 354.10,"Plan Rows": 784,"Plan Width": 108,"Actual Startup Time": 0.095,"Actual Total Time": 7.851,"Actual Rows": 777,"Actual Loops": 3,"Inner Unique": true,"Hash Cond": "(supplier.s_nationkey = n1.n_nationkey)","Workers": [],"Plans": [{"Node Type": "Seq Scan","Parent Relationship": "Outer","Parallel Aware": false,"Async Capable": false,"Relation Name": "supplier","Alias": "supplier","Startup Cost": 0.00,"Total Cost": 322.00,"Plan Rows": 10000,"Plan Width": 8,"Actual Startup Time": 0.034,"Actual Total Time": 3.877,"Actual Rows": 10000,"Actual Loops": 3,"Workers": []},{"Node Type": "Hash","Parent Relationship": "Inner","Parallel Aware": false,"Async Capable": false,"Startup Cost": 1.38,"Total Cost": 1.38,"Plan Rows": 2,"Plan Width": 108,"Actual Startup Time": 0.018,"Actual Total Time": 0.024,"Actual Rows": 2,"Actual Loops": 3,"Hash Buckets": 1024,"Original Hash Buckets": 1024,"Hash Batches": 1,"Original Hash Batches": 1,"Peak Memory Usage": 9,"Workers": [],"Plans": [{"Node Type": "Seq Scan","Parent Relationship": "Outer","Parallel Aware": false,"Async Capable": false,"Relation Name": "nation","Alias": "n1","Startup Cost": 0.00,"Total Cost": 1.38,"Plan Rows": 2,"Plan Width": 108,"Actual Startup Time": 0.007,"Actual Total Time": 0.013,"Actual Rows": 2,"Actual Loops": 3,"Filter": "((n_name = 'JORDAN'::bpchar) OR (n_name = 'INDIA'::bpchar))","Rows Removed by Filter": 23,"Workers": []}]}]}]}]}]}]}]}]},"Planning Time": 8.924,"Triggers": [],"Execution Time": 984.569}]
[{"Plan": {"Node Type": "Aggregate","Strategy": "Sorted","Partial Mode": "Finalize","Parallel Aware": false,"Async Capable": false,"Startup Cost": 72556.41,"Total Cost": 73352.71,"Plan Rows": 5893,"Plan Width": 272,"Actual Startup Time": 938.444,"Actual Total Time": 982.849,"Actual Rows": 4,"Actual Loops": 1,"Group Key": ["n1.n_name", "n2.n_name", "(EXTRACT(year FROM lineitem.l_shipdate))"],"Plans": [{"Node Type": "Gather Merge","Parent Relationship": "Outer","Parallel Aware": false,"Async Capable": false,"Startup Cost": 72556.41,"Total Cost": 73202.94,"Plan Rows": 4910,"Plan Width": 272,"Actual Startup Time": 938.168,"Actual Total Time": 982.797,"Actual Rows": 12,"Actual Loops": 1,"Workers Planned": 2,"Workers Launched": 2,"Plans": [{"Node Type": "Aggregate","Strategy": "Sorted","Partial Mode": "Partial","Parent Relationship": "Outer","Parallel Aware": false,"Async Capable": false,"Startup Cost": 71556.39,"Total Cost": 71636.18,"Plan Rows": 2455,"Plan Width": 272,"Actual Startup Time": 930.490,"Actual Total Time": 931.165,"Actual Rows": 4,"Actual Loops": 3,"Group Key": ["n1.n_name", "n2.n_name", "(EXTRACT(year FROM lineitem.l_shipdate))"],"Workers": [],"Plans": [{"Node Type": "Sort","Parent Relationship": "Outer","Parallel Aware": false,"Async Capable": false,"Startup Cost": 71556.39,"Total Cost": 71562.53,"Plan Rows": 2455,"Plan Width": 252,"Actual Startup Time": 930.213,"Actual Total Time": 930.318,"Actual Rows": 1967,"Actual Loops": 3,"Sort Key": ["n1.n_name", "n2.n_name", "(EXTRACT(year FROM lineitem.l_shipdate))"],"Sort Method": "quicksort","Sort Space Used": 265,"Sort Space Type": "Memory","Workers": [{"Worker Number": 0,"Sort Method": "quicksort","Sort Space Used": 266,"Sort Space Type": "Memory"},{"Worker Number": 1,"Sort Method": "quicksort","Sort Space Used": 259,"Sort Space Type": "Memory"}],"Plans": [{"Node Type": "Hash Join","Parent Relationship": "Outer","Parallel Aware": false,"Async Capable": false,"Join Type": "Inner","Startup Cost": 366.16,"Total Cost": 71418.15,"Plan Rows": 2455,"Plan Width": 252,"Actual Startup Time": 13.437,"Actual Total Time": 928.311,"Actual Rows": 1967,"Actual Loops": 3,"Inner Unique": false,"Hash Cond": "(lineitem.l_suppkey = supplier.s_suppkey)","Join Filter": "(((n1.n_name = 'MOZAMBIQUE'::bpchar) AND (n2.n_name = 'INDIA'::bpchar)) OR ((n1.n_name = 'INDIA'::bpchar) AND (n2.n_name = 'MOZAMBIQUE'::bpchar)))","Rows Removed by Join Filter": 2031,"Workers": [],"Plans": [{"Node Type": "Nested Loop","Parent Relationship": "Outer","Parallel Aware": false,"Async Capable": false,"Join Type": "Inner","Startup Cost": 2.26,"Total Cost": 70727.78,"Plan Rows": 60250,"Plan Width": 124,"Actual Startup Time": 0.714,"Actual Total Time": 909.235,"Actual Rows": 48854,"Actual Loops": 3,"Inner Unique": false,"Workers": [],"Plans": [{"Node Type": "Nested Loop","Parent Relationship": "Outer","Parallel Aware": false,"Async Capable": false,"Join Type": "Inner","Startup Cost": 1.83,"Total Cost": 12400.01,"Plan Rows": 49000,"Plan Width": 108,"Actual Startup Time": 0.352,"Actual Total Time": 224.938,"Actual Rows": 40365,"Actual Loops": 3,"Inner Unique": false,"Workers": [],"Plans": [{"Node Type": "Hash Join","Parent Relationship": "Outer","Parallel Aware": false,"Async Capable": false,"Join Type": "Inner","Startup Cost": 1.40,"Total Cost": 4403.27,"Plan Rows": 4900,"Plan Width": 108,"Actual Startup Time": 0.204,"Actual Total Time": 43.665,"Actual Rows": 4005,"Actual Loops": 3,"Inner Unique": true,"Hash Cond": "(customer.c_nationkey = n2.n_nationkey)","Workers": [],"Plans": [{"Node Type": "Seq Scan","Parent Relationship": "Outer","Parallel Aware": true,"Async Capable": false,"Relation Name": "customer","Alias": "customer","Startup Cost": 0.00,"Total Cost": 4210.00,"Plan Rows": 62500,"Plan Width": 8,"Actual Startup Time": 0.014,"Actual Total Time": 9.115,"Actual Rows": 50000,"Actual Loops": 3,"Workers": []},{"Node Type": "Hash","Parent Relationship": "Inner","Parallel Aware": false,"Async Capable": false,"Startup Cost": 1.38,"Total Cost": 1.38,"Plan Rows": 2,"Plan Width": 108,"Actual Startup Time": 0.079,"Actual Total Time": 0.085,"Actual Rows": 2,"Actual Loops": 3,"Hash Buckets": 1024,"Original Hash Buckets": 1024,"Hash Batches": 1,"Original Hash Batches": 1,"Peak Memory Usage": 9,"Workers": [],"Plans": [{"Node Type": "Seq Scan","Parent Relationship": "Outer","Parallel Aware": false,"Async Capable": false,"Relation Name": "nation","Alias": "n2","Startup Cost": 0.00,"Total Cost": 1.38,"Plan Rows": 2,"Plan Width": 108,"Actual Startup Time": 0.057,"Actual Total Time": 0.064,"Actual Rows": 2,"Actual Loops": 3,"Filter": "((n_name = 'INDIA'::bpchar) OR (n_name = 'MOZAMBIQUE'::bpchar))","Rows Removed by Filter": 23,"Workers": []}]}]},{"Node Type": "Index Scan","Parent Relationship": "Inner","Parallel Aware": false,"Async Capable": false,"Scan Direction": "Forward","Index Name": "idx_orders_custkey","Relation Name": "orders","Alias": "orders","Startup Cost": 0.43,"Total Cost": 1.46,"Plan Rows": 17,"Plan Width": 8,"Actual Startup Time": 0.007,"Actual Total Time": 0.044,"Actual Rows": 10,"Actual Loops": 12016,"Index Cond": "(o_custkey = customer.c_custkey)","Rows Removed by Index Recheck": 0,"Workers": []}]},{"Node Type": "Index Scan","Parent Relationship": "Inner","Parallel Aware": false,"Async Capable": false,"Scan Direction": "Forward","Index Name": "idx_lineitem_orderkey","Relation Name": "lineitem","Alias": "lineitem","Startup Cost": 0.43,"Total Cost": 1.14,"Plan Rows": 5,"Plan Width": 24,"Actual Startup Time": 0.016,"Actual Total Time": 0.017,"Actual Rows": 1,"Actual Loops": 121094,"Index Cond": "(l_orderkey = orders.o_orderkey)","Rows Removed by Index Recheck": 0,"Filter": "((l_shipdate >= '1995-01-01'::date) AND (l_shipdate <= '1996-12-31'::date))","Rows Removed by Filter": 3,"Workers": []}]},{"Node Type": "Hash","Parent Relationship": "Inner","Parallel Aware": false,"Async Capable": false,"Startup Cost": 354.10,"Total Cost": 354.10,"Plan Rows": 784,"Plan Width": 108,"Actual Startup Time": 11.741,"Actual Total Time": 11.751,"Actual Rows": 821,"Actual Loops": 3,"Hash Buckets": 1024,"Original Hash Buckets": 1024,"Hash Batches": 1,"Original Hash Batches": 1,"Peak Memory Usage": 58,"Workers": [],"Plans": [{"Node Type": "Hash Join","Parent Relationship": "Outer","Parallel Aware": false,"Async Capable": false,"Join Type": "Inner","Startup Cost": 1.40,"Total Cost": 354.10,"Plan Rows": 784,"Plan Width": 108,"Actual Startup Time": 0.122,"Actual Total Time": 11.545,"Actual Rows": 821,"Actual Loops": 3,"Inner Unique": true,"Hash Cond": "(supplier.s_nationkey = n1.n_nationkey)","Workers": [],"Plans": [{"Node Type": "Seq Scan","Parent Relationship": "Outer","Parallel Aware": false,"Async Capable": false,"Relation Name": "supplier","Alias": "supplier","Startup Cost": 0.00,"Total Cost": 322.00,"Plan Rows": 10000,"Plan Width": 8,"Actual Startup Time": 0.059,"Actual Total Time": 4.765,"Actual Rows": 10000,"Actual Loops": 3,"Workers": []},{"Node Type": "Hash","Parent Relationship": "Inner","Parallel Aware": false,"Async Capable": false,"Startup Cost": 1.38,"Total Cost": 1.38,"Plan Rows": 2,"Plan Width": 108,"Actual Startup Time": 0.020,"Actual Total Time": 0.025,"Actual Rows": 2,"Actual Loops": 3,"Hash Buckets": 1024,"Original Hash Buckets": 1024,"Hash Batches": 1,"Original Hash Batches": 1,"Peak Memory Usage": 9,"Workers": [],"Plans": [{"Node Type": "Seq Scan","Parent Relationship": "Outer","Parallel Aware": false,"Async Capable": false,"Relation Name": "nation","Alias": "n1","Startup Cost": 0.00,"Total Cost": 1.38,"Plan Rows": 2,"Plan Width": 108,"Actual Startup Time": 0.009,"Actual Total Time": 0.015,"Actual Rows": 2,"Actual Loops": 3,"Filter": "((n_name = 'MOZAMBIQUE'::bpchar) OR (n_name = 'INDIA'::bpchar))","Rows Removed by Filter": 23,"Workers": []}]}]}]}]}]}]}]}]},"Planning Time": 9.238,"Triggers": [],"Execution Time": 983.269}]
[{"Plan": {"Node Type": "Aggregate","Strategy": "Sorted","Partial Mode": "Finalize","Parallel Aware": false,"Async Capable": false,"Startup Cost": 72556.41,"Total Cost": 73352.71,"Plan Rows": 5893,"Plan Width": 272,"Actual Startup Time": 943.368,"Actual Total Time": 995.497,"Actual Rows": 4,"Actual Loops": 1,"Group Key": ["n1.n_name", "n2.n_name", "(EXTRACT(year FROM lineitem.l_shipdate))"],"Plans": [{"Node Type": "Gather Merge","Parent Relationship": "Outer","Parallel Aware": false,"Async Capable": false,"Startup Cost": 72556.41,"Total Cost": 73202.94,"Plan Rows": 4910,"Plan Width": 272,"Actual Startup Time": 942.587,"Actual Total Time": 995.416,"Actual Rows": 12,"Actual Loops": 1,"Workers Planned": 2,"Workers Launched": 2,"Plans": [{"Node Type": "Aggregate","Strategy": "Sorted","Partial Mode": "Partial","Parent Relationship": "Outer","Parallel Aware": false,"Async Capable": false,"Startup Cost": 71556.39,"Total Cost": 71636.18,"Plan Rows": 2455,"Plan Width": 272,"Actual Startup Time": 934.386,"Actual Total Time": 935.275,"Actual Rows": 4,"Actual Loops": 3,"Group Key": ["n1.n_name", "n2.n_name", "(EXTRACT(year FROM lineitem.l_shipdate))"],"Workers": [],"Plans": [{"Node Type": "Sort","Parent Relationship": "Outer","Parallel Aware": false,"Async Capable": false,"Startup Cost": 71556.39,"Total Cost": 71562.53,"Plan Rows": 2455,"Plan Width": 252,"Actual Startup Time": 934.120,"Actual Total Time": 934.235,"Actual Rows": 1991,"Actual Loops": 3,"Sort Key": ["n1.n_name", "n2.n_name", "(EXTRACT(year FROM lineitem.l_shipdate))"],"Sort Method": "quicksort","Sort Space Used": 272,"Sort Space Type": "Memory","Workers": [{"Worker Number": 0,"Sort Method": "quicksort","Sort Space Used": 267,"Sort Space Type": "Memory"},{"Worker Number": 1,"Sort Method": "quicksort","Sort Space Used": 259,"Sort Space Type": "Memory"}],"Plans": [{"Node Type": "Hash Join","Parent Relationship": "Outer","Parallel Aware": false,"Async Capable": false,"Join Type": "Inner","Startup Cost": 366.16,"Total Cost": 71418.15,"Plan Rows": 2455,"Plan Width": 252,"Actual Startup Time": 9.664,"Actual Total Time": 932.242,"Actual Rows": 1991,"Actual Loops": 3,"Inner Unique": false,"Hash Cond": "(lineitem.l_suppkey = supplier.s_suppkey)","Join Filter": "(((n1.n_name = 'VIETNAM'::bpchar) AND (n2.n_name = 'FRANCE'::bpchar)) OR ((n1.n_name = 'FRANCE'::bpchar) AND (n2.n_name = 'VIETNAM'::bpchar)))","Rows Removed by Join Filter": 1971,"Workers": [],"Plans": [{"Node Type": "Nested Loop","Parent Relationship": "Outer","Parallel Aware": false,"Async Capable": false,"Join Type": "Inner","Startup Cost": 2.26,"Total Cost": 70727.78,"Plan Rows": 60250,"Plan Width": 124,"Actual Startup Time": 0.467,"Actual Total Time": 916.367,"Actual Rows": 49755,"Actual Loops": 3,"Inner Unique": false,"Workers": [],"Plans": [{"Node Type": "Nested Loop","Parent Relationship": "Outer","Parallel Aware": false,"Async Capable": false,"Join Type": "Inner","Startup Cost": 1.83,"Total Cost": 12400.01,"Plan Rows": 49000,"Plan Width": 108,"Actual Startup Time": 0.286,"Actual Total Time": 230.337,"Actual Rows": 40649,"Actual Loops": 3,"Inner Unique": false,"Workers": [],"Plans": [{"Node Type": "Hash Join","Parent Relationship": "Outer","Parallel Aware": false,"Async Capable": false,"Join Type": "Inner","Startup Cost": 1.40,"Total Cost": 4403.27,"Plan Rows": 4900,"Plan Width": 108,"Actual Startup Time": 0.173,"Actual Total Time": 47.863,"Actual Rows": 4036,"Actual Loops": 3,"Inner Unique": true,"Hash Cond": "(customer.c_nationkey = n2.n_nationkey)","Workers": [],"Plans": [{"Node Type": "Seq Scan","Parent Relationship": "Outer","Parallel Aware": true,"Async Capable": false,"Relation Name": "customer","Alias": "customer","Startup Cost": 0.00,"Total Cost": 4210.00,"Plan Rows": 62500,"Plan Width": 8,"Actual Startup Time": 0.012,"Actual Total Time": 9.735,"Actual Rows": 50000,"Actual Loops": 3,"Workers": []},{"Node Type": "Hash","Parent Relationship": "Inner","Parallel Aware": false,"Async Capable": false,"Startup Cost": 1.38,"Total Cost": 1.38,"Plan Rows": 2,"Plan Width": 108,"Actual Startup Time": 0.061,"Actual Total Time": 0.066,"Actual Rows": 2,"Actual Loops": 3,"Hash Buckets": 1024,"Original Hash Buckets": 1024,"Hash Batches": 1,"Original Hash Batches": 1,"Peak Memory Usage": 9,"Workers": [],"Plans": [{"Node Type": "Seq Scan","Parent Relationship": "Outer","Parallel Aware": false,"Async Capable": false,"Relation Name": "nation","Alias": "n2","Startup Cost": 0.00,"Total Cost": 1.38,"Plan Rows": 2,"Plan Width": 108,"Actual Startup Time": 0.044,"Actual Total Time": 0.050,"Actual Rows": 2,"Actual Loops": 3,"Filter": "((n_name = 'FRANCE'::bpchar) OR (n_name = 'VIETNAM'::bpchar))","Rows Removed by Filter": 23,"Workers": []}]}]},{"Node Type": "Index Scan","Parent Relationship": "Inner","Parallel Aware": false,"Async Capable": false,"Scan Direction": "Forward","Index Name": "idx_orders_custkey","Relation Name": "orders","Alias": "orders","Startup Cost": 0.43,"Total Cost": 1.46,"Plan Rows": 17,"Plan Width": 8,"Actual Startup Time": 0.007,"Actual Total Time": 0.044,"Actual Rows": 10,"Actual Loops": 12108,"Index Cond": "(o_custkey = customer.c_custkey)","Rows Removed by Index Recheck": 0,"Workers": []}]},{"Node Type": "Index Scan","Parent Relationship": "Inner","Parallel Aware": false,"Async Capable": false,"Scan Direction": "Forward","Index Name": "idx_lineitem_orderkey","Relation Name": "lineitem","Alias": "lineitem","Startup Cost": 0.43,"Total Cost": 1.14,"Plan Rows": 5,"Plan Width": 24,"Actual Startup Time": 0.016,"Actual Total Time": 0.017,"Actual Rows": 1,"Actual Loops": 121947,"Index Cond": "(l_orderkey = orders.o_orderkey)","Rows Removed by Index Recheck": 0,"Filter": "((l_shipdate >= '1995-01-01'::date) AND (l_shipdate <= '1996-12-31'::date))","Rows Removed by Filter": 3,"Workers": []}]},{"Node Type": "Hash","Parent Relationship": "Inner","Parallel Aware": false,"Async Capable": false,"Startup Cost": 354.10,"Total Cost": 354.10,"Plan Rows": 784,"Plan Width": 108,"Actual Startup Time": 8.443,"Actual Total Time": 8.456,"Actual Rows": 801,"Actual Loops": 3,"Hash Buckets": 1024,"Original Hash Buckets": 1024,"Hash Batches": 1,"Original Hash Batches": 1,"Peak Memory Usage": 57,"Workers": [],"Plans": [{"Node Type": "Hash Join","Parent Relationship": "Outer","Parallel Aware": false,"Async Capable": false,"Join Type": "Inner","Startup Cost": 1.40,"Total Cost": 354.10,"Plan Rows": 784,"Plan Width": 108,"Actual Startup Time": 0.091,"Actual Total Time": 8.213,"Actual Rows": 801,"Actual Loops": 3,"Inner Unique": true,"Hash Cond": "(supplier.s_nationkey = n1.n_nationkey)","Workers": [],"Plans": [{"Node Type": "Seq Scan","Parent Relationship": "Outer","Parallel Aware": false,"Async Capable": false,"Relation Name": "supplier","Alias": "supplier","Startup Cost": 0.00,"Total Cost": 322.00,"Plan Rows": 10000,"Plan Width": 8,"Actual Startup Time": 0.034,"Actual Total Time": 4.582,"Actual Rows": 10000,"Actual Loops": 3,"Workers": []},{"Node Type": "Hash","Parent Relationship": "Inner","Parallel Aware": false,"Async Capable": false,"Startup Cost": 1.38,"Total Cost": 1.38,"Plan Rows": 2,"Plan Width": 108,"Actual Startup Time": 0.017,"Actual Total Time": 0.020,"Actual Rows": 2,"Actual Loops": 3,"Hash Buckets": 1024,"Original Hash Buckets": 1024,"Hash Batches": 1,"Original Hash Batches": 1,"Peak Memory Usage": 9,"Workers": [],"Plans": [{"Node Type": "Seq Scan","Parent Relationship": "Outer","Parallel Aware": false,"Async Capable": false,"Relation Name": "nation","Alias": "n1","Startup Cost": 0.00,"Total Cost": 1.38,"Plan Rows": 2,"Plan Width": 108,"Actual Startup Time": 0.007,"Actual Total Time": 0.013,"Actual Rows": 2,"Actual Loops": 3,"Filter": "((n_name = 'VIETNAM'::bpchar) OR (n_name = 'FRANCE'::bpchar))","Rows Removed by Filter": 23,"Workers": []}]}]}]}]}]}]}]}]},"Planning Time": 8.732,"Triggers": [],"Execution Time": 996.020}]
[{"Plan": {"Node Type": "Aggregate","Strategy": "Sorted","Partial Mode": "Finalize","Parallel Aware": false,"Async Capable": false,"Startup Cost": 72556.41,"Total Cost": 73352.71,"Plan Rows": 5893,"Plan Width": 272,"Actual Startup Time": 928.260,"Actual Total Time": 982.971,"Actual Rows": 4,"Actual Loops": 1,"Group Key": ["n1.n_name", "n2.n_name", "(EXTRACT(year FROM lineitem.l_shipdate))"],"Plans": [{"Node Type": "Gather Merge","Parent Relationship": "Outer","Parallel Aware": false,"Async Capable": false,"Startup Cost": 72556.41,"Total Cost": 73202.94,"Plan Rows": 4910,"Plan Width": 272,"Actual Startup Time": 927.693,"Actual Total Time": 982.905,"Actual Rows": 12,"Actual Loops": 1,"Workers Planned": 2,"Workers Launched": 2,"Plans": [{"Node Type": "Aggregate","Strategy": "Sorted","Partial Mode": "Partial","Parent Relationship": "Outer","Parallel Aware": false,"Async Capable": false,"Startup Cost": 71556.39,"Total Cost": 71636.18,"Plan Rows": 2455,"Plan Width": 272,"Actual Startup Time": 918.587,"Actual Total Time": 919.358,"Actual Rows": 4,"Actual Loops": 3,"Group Key": ["n1.n_name", "n2.n_name", "(EXTRACT(year FROM lineitem.l_shipdate))"],"Workers": [],"Plans": [{"Node Type": "Sort","Parent Relationship": "Outer","Parallel Aware": false,"Async Capable": false,"Startup Cost": 71556.39,"Total Cost": 71562.53,"Plan Rows": 2455,"Plan Width": 252,"Actual Startup Time": 918.330,"Actual Total Time": 918.446,"Actual Rows": 1931,"Actual Loops": 3,"Sort Key": ["n1.n_name", "n2.n_name", "(EXTRACT(year FROM lineitem.l_shipdate))"],"Sort Method": "quicksort","Sort Space Used": 259,"Sort Space Type": "Memory","Workers": [{"Worker Number": 0,"Sort Method": "quicksort","Sort Space Used": 262,"Sort Space Type": "Memory"},{"Worker Number": 1,"Sort Method": "quicksort","Sort Space Used": 258,"Sort Space Type": "Memory"}],"Plans": [{"Node Type": "Hash Join","Parent Relationship": "Outer","Parallel Aware": false,"Async Capable": false,"Join Type": "Inner","Startup Cost": 366.16,"Total Cost": 71418.15,"Plan Rows": 2455,"Plan Width": 252,"Actual Startup Time": 9.896,"Actual Total Time": 916.471,"Actual Rows": 1931,"Actual Loops": 3,"Inner Unique": false,"Hash Cond": "(lineitem.l_suppkey = supplier.s_suppkey)","Join Filter": "(((n1.n_name = 'UNITED STATES'::bpchar) AND (n2.n_name = 'GERMANY'::bpchar)) OR ((n1.n_name = 'GERMANY'::bpchar) AND (n2.n_name = 'UNITED STATES'::bpchar)))","Rows Removed by Join Filter": 1918,"Workers": [],"Plans": [{"Node Type": "Nested Loop","Parent Relationship": "Outer","Parallel Aware": false,"Async Capable": false,"Join Type": "Inner","Startup Cost": 2.26,"Total Cost": 70727.78,"Plan Rows": 60250,"Plan Width": 124,"Actual Startup Time": 0.796,"Actual Total Time": 901.264,"Actual Rows": 48627,"Actual Loops": 3,"Inner Unique": false,"Workers": [],"Plans": [{"Node Type": "Nested Loop","Parent Relationship": "Outer","Parallel Aware": false,"Async Capable": false,"Join Type": "Inner","Startup Cost": 1.83,"Total Cost": 12400.01,"Plan Rows": 49000,"Plan Width": 108,"Actual Startup Time": 0.395,"Actual Total Time": 226.966,"Actual Rows": 39882,"Actual Loops": 3,"Inner Unique": false,"Workers": [],"Plans": [{"Node Type": "Hash Join","Parent Relationship": "Outer","Parallel Aware": false,"Async Capable": false,"Join Type": "Inner","Startup Cost": 1.40,"Total Cost": 4403.27,"Plan Rows": 4900,"Plan Width": 108,"Actual Startup Time": 0.222,"Actual Total Time": 47.403,"Actual Rows": 3964,"Actual Loops": 3,"Inner Unique": true,"Hash Cond": "(customer.c_nationkey = n2.n_nationkey)","Workers": [],"Plans": [{"Node Type": "Seq Scan","Parent Relationship": "Outer","Parallel Aware": true,"Async Capable": false,"Relation Name": "customer","Alias": "customer","Startup Cost": 0.00,"Total Cost": 4210.00,"Plan Rows": 62500,"Plan Width": 8,"Actual Startup Time": 0.016,"Actual Total Time": 9.605,"Actual Rows": 50000,"Actual Loops": 3,"Workers": []},{"Node Type": "Hash","Parent Relationship": "Inner","Parallel Aware": false,"Async Capable": false,"Startup Cost": 1.38,"Total Cost": 1.38,"Plan Rows": 2,"Plan Width": 108,"Actual Startup Time": 0.090,"Actual Total Time": 0.097,"Actual Rows": 2,"Actual Loops": 3,"Hash Buckets": 1024,"Original Hash Buckets": 1024,"Hash Batches": 1,"Original Hash Batches": 1,"Peak Memory Usage": 9,"Workers": [],"Plans": [{"Node Type": "Seq Scan","Parent Relationship": "Outer","Parallel Aware": false,"Async Capable": false,"Relation Name": "nation","Alias": "n2","Startup Cost": 0.00,"Total Cost": 1.38,"Plan Rows": 2,"Plan Width": 108,"Actual Startup Time": 0.069,"Actual Total Time": 0.077,"Actual Rows": 2,"Actual Loops": 3,"Filter": "((n_name = 'GERMANY'::bpchar) OR (n_name = 'UNITED STATES'::bpchar))","Rows Removed by Filter": 23,"Workers": []}]}]},{"Node Type": "Index Scan","Parent Relationship": "Inner","Parallel Aware": false,"Async Capable": false,"Scan Direction": "Forward","Index Name": "idx_orders_custkey","Relation Name": "orders","Alias": "orders","Startup Cost": 0.43,"Total Cost": 1.46,"Plan Rows": 17,"Plan Width": 8,"Actual Startup Time": 0.007,"Actual Total Time": 0.044,"Actual Rows": 10,"Actual Loops": 11891,"Index Cond": "(o_custkey = customer.c_custkey)","Rows Removed by Index Recheck": 0,"Workers": []}]},{"Node Type": "Index Scan","Parent Relationship": "Inner","Parallel Aware": false,"Async Capable": false,"Scan Direction": "Forward","Index Name": "idx_lineitem_orderkey","Relation Name": "lineitem","Alias": "lineitem","Startup Cost": 0.43,"Total Cost": 1.14,"Plan Rows": 5,"Plan Width": 24,"Actual Startup Time": 0.016,"Actual Total Time": 0.017,"Actual Rows": 1,"Actual Loops": 119645,"Index Cond": "(l_orderkey = orders.o_orderkey)","Rows Removed by Index Recheck": 0,"Filter": "((l_shipdate >= '1995-01-01'::date) AND (l_shipdate <= '1996-12-31'::date))","Rows Removed by Filter": 3,"Workers": []}]},{"Node Type": "Hash","Parent Relationship": "Inner","Parallel Aware": false,"Async Capable": false,"Startup Cost": 354.10,"Total Cost": 354.10,"Plan Rows": 784,"Plan Width": 108,"Actual Startup Time": 7.677,"Actual Total Time": 7.693,"Actual Rows": 789,"Actual Loops": 3,"Hash Buckets": 1024,"Original Hash Buckets": 1024,"Hash Batches": 1,"Original Hash Batches": 1,"Peak Memory Usage": 56,"Workers": [],"Plans": [{"Node Type": "Hash Join","Parent Relationship": "Outer","Parallel Aware": false,"Async Capable": false,"Join Type": "Inner","Startup Cost": 1.40,"Total Cost": 354.10,"Plan Rows": 784,"Plan Width": 108,"Actual Startup Time": 0.057,"Actual Total Time": 7.523,"Actual Rows": 789,"Actual Loops": 3,"Inner Unique": true,"Hash Cond": "(supplier.s_nationkey = n1.n_nationkey)","Workers": [],"Plans": [{"Node Type": "Seq Scan","Parent Relationship": "Outer","Parallel Aware": false,"Async Capable": false,"Relation Name": "supplier","Alias": "supplier","Startup Cost": 0.00,"Total Cost": 322.00,"Plan Rows": 10000,"Plan Width": 8,"Actual Startup Time": 0.023,"Actual Total Time": 3.692,"Actual Rows": 10000,"Actual Loops": 3,"Workers": []},{"Node Type": "Hash","Parent Relationship": "Inner","Parallel Aware": false,"Async Capable": false,"Startup Cost": 1.38,"Total Cost": 1.38,"Plan Rows": 2,"Plan Width": 108,"Actual Startup Time": 0.011,"Actual Total Time": 0.018,"Actual Rows": 2,"Actual Loops": 3,"Hash Buckets": 1024,"Original Hash Buckets": 1024,"Hash Batches": 1,"Original Hash Batches": 1,"Peak Memory Usage": 9,"Workers": [],"Plans": [{"Node Type": "Seq Scan","Parent Relationship": "Outer","Parallel Aware": false,"Async Capable": false,"Relation Name": "nation","Alias": "n1","Startup Cost": 0.00,"Total Cost": 1.38,"Plan Rows": 2,"Plan Width": 108,"Actual Startup Time": 0.005,"Actual Total Time": 0.008,"Actual Rows": 2,"Actual Loops": 3,"Filter": "((n_name = 'UNITED STATES'::bpchar) OR (n_name = 'GERMANY'::bpchar))","Rows Removed by Filter": 23,"Workers": []}]}]}]}]}]}]}]}]},"Planning Time": 9.385,"Triggers": [],"Execution Time": 983.403}]
[{"Plan": {"Node Type": "Aggregate","Strategy": "Sorted","Partial Mode": "Finalize","Parallel Aware": false,"Async Capable": false,"Startup Cost": 72556.41,"Total Cost": 73352.71,"Plan Rows": 5893,"Plan Width": 272,"Actual Startup Time": 936.186,"Actual Total Time": 981.238,"Actual Rows": 4,"Actual Loops": 1,"Group Key": ["n1.n_name", "n2.n_name", "(EXTRACT(year FROM lineitem.l_shipdate))"],"Plans": [{"Node Type": "Gather Merge","Parent Relationship": "Outer","Parallel Aware": false,"Async Capable": false,"Startup Cost": 72556.41,"Total Cost": 73202.94,"Plan Rows": 4910,"Plan Width": 272,"Actual Startup Time": 935.278,"Actual Total Time": 981.154,"Actual Rows": 12,"Actual Loops": 1,"Workers Planned": 2,"Workers Launched": 2,"Plans": [{"Node Type": "Aggregate","Strategy": "Sorted","Partial Mode": "Partial","Parent Relationship": "Outer","Parallel Aware": false,"Async Capable": false,"Startup Cost": 71556.39,"Total Cost": 71636.18,"Plan Rows": 2455,"Plan Width": 272,"Actual Startup Time": 927.593,"Actual Total Time": 928.470,"Actual Rows": 4,"Actual Loops": 3,"Group Key": ["n1.n_name", "n2.n_name", "(EXTRACT(year FROM lineitem.l_shipdate))"],"Workers": [],"Plans": [{"Node Type": "Sort","Parent Relationship": "Outer","Parallel Aware": false,"Async Capable": false,"Startup Cost": 71556.39,"Total Cost": 71562.53,"Plan Rows": 2455,"Plan Width": 252,"Actual Startup Time": 927.315,"Actual Total Time": 927.445,"Actual Rows": 1953,"Actual Loops": 3,"Sort Key": ["n1.n_name", "n2.n_name", "(EXTRACT(year FROM lineitem.l_shipdate))"],"Sort Method": "quicksort","Sort Space Used": 267,"Sort Space Type": "Memory","Workers": [{"Worker Number": 0,"Sort Method": "quicksort","Sort Space Used": 259,"Sort Space Type": "Memory"},{"Worker Number": 1,"Sort Method": "quicksort","Sort Space Used": 260,"Sort Space Type": "Memory"}],"Plans": [{"Node Type": "Hash Join","Parent Relationship": "Outer","Parallel Aware": false,"Async Capable": false,"Join Type": "Inner","Startup Cost": 366.16,"Total Cost": 71418.15,"Plan Rows": 2455,"Plan Width": 252,"Actual Startup Time": 12.528,"Actual Total Time": 925.501,"Actual Rows": 1953,"Actual Loops": 3,"Inner Unique": false,"Hash Cond": "(lineitem.l_suppkey = supplier.s_suppkey)","Join Filter": "(((n1.n_name = 'MOZAMBIQUE'::bpchar) AND (n2.n_name = 'BRAZIL'::bpchar)) OR ((n1.n_name = 'BRAZIL'::bpchar) AND (n2.n_name = 'MOZAMBIQUE'::bpchar)))","Rows Removed by Join Filter": 1986,"Workers": [],"Plans": [{"Node Type": "Nested Loop","Parent Relationship": "Outer","Parallel Aware": false,"Async Capable": false,"Join Type": "Inner","Startup Cost": 2.26,"Total Cost": 70727.78,"Plan Rows": 60250,"Plan Width": 124,"Actual Startup Time": 0.604,"Actual Total Time": 907.236,"Actual Rows": 49122,"Actual Loops": 3,"Inner Unique": false,"Workers": [],"Plans": [{"Node Type": "Nested Loop","Parent Relationship": "Outer","Parallel Aware": false,"Async Capable": false,"Join Type": "Inner","Startup Cost": 1.83,"Total Cost": 12400.01,"Plan Rows": 49000,"Plan Width": 108,"Actual Startup Time": 0.294,"Actual Total Time": 225.183,"Actual Rows": 40468,"Actual Loops": 3,"Inner Unique": false,"Workers": [],"Plans": [{"Node Type": "Hash Join","Parent Relationship": "Outer","Parallel Aware": false,"Async Capable": false,"Join Type": "Inner","Startup Cost": 1.40,"Total Cost": 4403.27,"Plan Rows": 4900,"Plan Width": 108,"Actual Startup Time": 0.180,"Actual Total Time": 44.784,"Actual Rows": 3991,"Actual Loops": 3,"Inner Unique": true,"Hash Cond": "(customer.c_nationkey = n2.n_nationkey)","Workers": [],"Plans": [{"Node Type": "Seq Scan","Parent Relationship": "Outer","Parallel Aware": true,"Async Capable": false,"Relation Name": "customer","Alias": "customer","Startup Cost": 0.00,"Total Cost": 4210.00,"Plan Rows": 62500,"Plan Width": 8,"Actual Startup Time": 0.022,"Actual Total Time": 9.027,"Actual Rows": 50000,"Actual Loops": 3,"Workers": []},{"Node Type": "Hash","Parent Relationship": "Inner","Parallel Aware": false,"Async Capable": false,"Startup Cost": 1.38,"Total Cost": 1.38,"Plan Rows": 2,"Plan Width": 108,"Actual Startup Time": 0.078,"Actual Total Time": 0.085,"Actual Rows": 2,"Actual Loops": 3,"Hash Buckets": 1024,"Original Hash Buckets": 1024,"Hash Batches": 1,"Original Hash Batches": 1,"Peak Memory Usage": 9,"Workers": [],"Plans": [{"Node Type": "Seq Scan","Parent Relationship": "Outer","Parallel Aware": false,"Async Capable": false,"Relation Name": "nation","Alias": "n2","Startup Cost": 0.00,"Total Cost": 1.38,"Plan Rows": 2,"Plan Width": 108,"Actual Startup Time": 0.058,"Actual Total Time": 0.065,"Actual Rows": 2,"Actual Loops": 3,"Filter": "((n_name = 'BRAZIL'::bpchar) OR (n_name = 'MOZAMBIQUE'::bpchar))","Rows Removed by Filter": 23,"Workers": []}]}]},{"Node Type": "Index Scan","Parent Relationship": "Inner","Parallel Aware": false,"Async Capable": false,"Scan Direction": "Forward","Index Name": "idx_orders_custkey","Relation Name": "orders","Alias": "orders","Startup Cost": 0.43,"Total Cost": 1.46,"Plan Rows": 17,"Plan Width": 8,"Actual Startup Time": 0.007,"Actual Total Time": 0.044,"Actual Rows": 10,"Actual Loops": 11973,"Index Cond": "(o_custkey = customer.c_custkey)","Rows Removed by Index Recheck": 0,"Workers": []}]},{"Node Type": "Index Scan","Parent Relationship": "Inner","Parallel Aware": false,"Async Capable": false,"Scan Direction": "Forward","Index Name": "idx_lineitem_orderkey","Relation Name": "lineitem","Alias": "lineitem","Startup Cost": 0.43,"Total Cost": 1.14,"Plan Rows": 5,"Plan Width": 24,"Actual Startup Time": 0.016,"Actual Total Time": 0.017,"Actual Rows": 1,"Actual Loops": 121404,"Index Cond": "(l_orderkey = orders.o_orderkey)","Rows Removed by Index Recheck": 0,"Filter": "((l_shipdate >= '1995-01-01'::date) AND (l_shipdate <= '1996-12-31'::date))","Rows Removed by Filter": 3,"Workers": []}]},{"Node Type": "Hash","Parent Relationship": "Inner","Parallel Aware": false,"Async Capable": false,"Startup Cost": 354.10,"Total Cost": 354.10,"Plan Rows": 784,"Plan Width": 108,"Actual Startup Time": 11.208,"Actual Total Time": 11.222,"Actual Rows": 803,"Actual Loops": 3,"Hash Buckets": 1024,"Original Hash Buckets": 1024,"Hash Batches": 1,"Original Hash Batches": 1,"Peak Memory Usage": 57,"Workers": [],"Plans": [{"Node Type": "Hash Join","Parent Relationship": "Outer","Parallel Aware": false,"Async Capable": false,"Join Type": "Inner","Startup Cost": 1.40,"Total Cost": 354.10,"Plan Rows": 784,"Plan Width": 108,"Actual Startup Time": 0.080,"Actual Total Time": 11.024,"Actual Rows": 803,"Actual Loops": 3,"Inner Unique": true,"Hash Cond": "(supplier.s_nationkey = n1.n_nationkey)","Workers": [],"Plans": [{"Node Type": "Seq Scan","Parent Relationship": "Outer","Parallel Aware": false,"Async Capable": false,"Relation Name": "supplier","Alias": "supplier","Startup Cost": 0.00,"Total Cost": 322.00,"Plan Rows": 10000,"Plan Width": 8,"Actual Startup Time": 0.036,"Actual Total Time": 4.454,"Actual Rows": 10000,"Actual Loops": 3,"Workers": []},{"Node Type": "Hash","Parent Relationship": "Inner","Parallel Aware": false,"Async Capable": false,"Startup Cost": 1.38,"Total Cost": 1.38,"Plan Rows": 2,"Plan Width": 108,"Actual Startup Time": 0.013,"Actual Total Time": 0.019,"Actual Rows": 2,"Actual Loops": 3,"Hash Buckets": 1024,"Original Hash Buckets": 1024,"Hash Batches": 1,"Original Hash Batches": 1,"Peak Memory Usage": 9,"Workers": [],"Plans": [{"Node Type": "Seq Scan","Parent Relationship": "Outer","Parallel Aware": false,"Async Capable": false,"Relation Name": "nation","Alias": "n1","Startup Cost": 0.00,"Total Cost": 1.38,"Plan Rows": 2,"Plan Width": 108,"Actual Startup Time": 0.004,"Actual Total Time": 0.010,"Actual Rows": 2,"Actual Loops": 3,"Filter": "((n_name = 'MOZAMBIQUE'::bpchar) OR (n_name = 'BRAZIL'::bpchar))","Rows Removed by Filter": 23,"Workers": []}]}]}]}]}]}]}]}]},"Planning Time": 8.085,"Triggers": [],"Execution Time": 981.715}]
[{"Plan": {"Node Type": "Aggregate","Strategy": "Sorted","Partial Mode": "Finalize","Parallel Aware": false,"Async Capable": false,"Startup Cost": 72556.41,"Total Cost": 73352.71,"Plan Rows": 5893,"Plan Width": 272,"Actual Startup Time": 907.506,"Actual Total Time": 951.213,"Actual Rows": 4,"Actual Loops": 1,"Group Key": ["n1.n_name", "n2.n_name", "(EXTRACT(year FROM lineitem.l_shipdate))"],"Plans": [{"Node Type": "Gather Merge","Parent Relationship": "Outer","Parallel Aware": false,"Async Capable": false,"Startup Cost": 72556.41,"Total Cost": 73202.94,"Plan Rows": 4910,"Plan Width": 272,"Actual Startup Time": 907.244,"Actual Total Time": 951.146,"Actual Rows": 12,"Actual Loops": 1,"Workers Planned": 2,"Workers Launched": 2,"Plans": [{"Node Type": "Aggregate","Strategy": "Sorted","Partial Mode": "Partial","Parent Relationship": "Outer","Parallel Aware": false,"Async Capable": false,"Startup Cost": 71556.39,"Total Cost": 71636.18,"Plan Rows": 2455,"Plan Width": 272,"Actual Startup Time": 899.520,"Actual Total Time": 900.170,"Actual Rows": 4,"Actual Loops": 3,"Group Key": ["n1.n_name", "n2.n_name", "(EXTRACT(year FROM lineitem.l_shipdate))"],"Workers": [],"Plans": [{"Node Type": "Sort","Parent Relationship": "Outer","Parallel Aware": false,"Async Capable": false,"Startup Cost": 71556.39,"Total Cost": 71562.53,"Plan Rows": 2455,"Plan Width": 252,"Actual Startup Time": 899.263,"Actual Total Time": 899.364,"Actual Rows": 1912,"Actual Loops": 3,"Sort Key": ["n1.n_name", "n2.n_name", "(EXTRACT(year FROM lineitem.l_shipdate))"],"Sort Method": "quicksort","Sort Space Used": 261,"Sort Space Type": "Memory","Workers": [{"Worker Number": 0,"Sort Method": "quicksort","Sort Space Used": 244,"Sort Space Type": "Memory"},{"Worker Number": 1,"Sort Method": "quicksort","Sort Space Used": 268,"Sort Space Type": "Memory"}],"Plans": [{"Node Type": "Hash Join","Parent Relationship": "Outer","Parallel Aware": false,"Async Capable": false,"Join Type": "Inner","Startup Cost": 366.16,"Total Cost": 71418.15,"Plan Rows": 2455,"Plan Width": 252,"Actual Startup Time": 9.407,"Actual Total Time": 897.514,"Actual Rows": 1912,"Actual Loops": 3,"Inner Unique": false,"Hash Cond": "(lineitem.l_suppkey = supplier.s_suppkey)","Join Filter": "(((n1.n_name = 'UNITED KINGDOM'::bpchar) AND (n2.n_name = 'GERMANY'::bpchar)) OR ((n1.n_name = 'GERMANY'::bpchar) AND (n2.n_name = 'UNITED KINGDOM'::bpchar)))","Rows Removed by Join Filter": 1925,"Workers": [],"Plans": [{"Node Type": "Nested Loop","Parent Relationship": "Outer","Parallel Aware": false,"Async Capable": false,"Join Type": "Inner","Startup Cost": 2.26,"Total Cost": 70727.78,"Plan Rows": 60250,"Plan Width": 124,"Actual Startup Time": 0.550,"Actual Total Time": 883.303,"Actual Rows": 48470,"Actual Loops": 3,"Inner Unique": false,"Workers": [],"Plans": [{"Node Type": "Nested Loop","Parent Relationship": "Outer","Parallel Aware": false,"Async Capable": false,"Join Type": "Inner","Startup Cost": 1.83,"Total Cost": 12400.01,"Plan Rows": 49000,"Plan Width": 108,"Actual Startup Time": 0.272,"Actual Total Time": 218.106,"Actual Rows": 39726,"Actual Loops": 3,"Inner Unique": false,"Workers": [],"Plans": [{"Node Type": "Hash Join","Parent Relationship": "Outer","Parallel Aware": false,"Async Capable": false,"Join Type": "Inner","Startup Cost": 1.40,"Total Cost": 4403.27,"Plan Rows": 4900,"Plan Width": 108,"Actual Startup Time": 0.161,"Actual Total Time": 42.298,"Actual Rows": 3973,"Actual Loops": 3,"Inner Unique": true,"Hash Cond": "(customer.c_nationkey = n2.n_nationkey)","Workers": [],"Plans": [{"Node Type": "Seq Scan","Parent Relationship": "Outer","Parallel Aware": true,"Async Capable": false,"Relation Name": "customer","Alias": "customer","Startup Cost": 0.00,"Total Cost": 4210.00,"Plan Rows": 62500,"Plan Width": 8,"Actual Startup Time": 0.015,"Actual Total Time": 8.861,"Actual Rows": 50000,"Actual Loops": 3,"Workers": []},{"Node Type": "Hash","Parent Relationship": "Inner","Parallel Aware": false,"Async Capable": false,"Startup Cost": 1.38,"Total Cost": 1.38,"Plan Rows": 2,"Plan Width": 108,"Actual Startup Time": 0.060,"Actual Total Time": 0.064,"Actual Rows": 2,"Actual Loops": 3,"Hash Buckets": 1024,"Original Hash Buckets": 1024,"Hash Batches": 1,"Original Hash Batches": 1,"Peak Memory Usage": 9,"Workers": [],"Plans": [{"Node Type": "Seq Scan","Parent Relationship": "Outer","Parallel Aware": false,"Async Capable": false,"Relation Name": "nation","Alias": "n2","Startup Cost": 0.00,"Total Cost": 1.38,"Plan Rows": 2,"Plan Width": 108,"Actual Startup Time": 0.039,"Actual Total Time": 0.045,"Actual Rows": 2,"Actual Loops": 3,"Filter": "((n_name = 'GERMANY'::bpchar) OR (n_name = 'UNITED KINGDOM'::bpchar))","Rows Removed by Filter": 23,"Workers": []}]}]},{"Node Type": "Index Scan","Parent Relationship": "Inner","Parallel Aware": false,"Async Capable": false,"Scan Direction": "Forward","Index Name": "idx_orders_custkey","Relation Name": "orders","Alias": "orders","Startup Cost": 0.43,"Total Cost": 1.46,"Plan Rows": 17,"Plan Width": 8,"Actual Startup Time": 0.007,"Actual Total Time": 0.043,"Actual Rows": 10,"Actual Loops": 11919,"Index Cond": "(o_custkey = customer.c_custkey)","Rows Removed by Index Recheck": 0,"Workers": []}]},{"Node Type": "Index Scan","Parent Relationship": "Inner","Parallel Aware": false,"Async Capable": false,"Scan Direction": "Forward","Index Name": "idx_lineitem_orderkey","Relation Name": "lineitem","Alias": "lineitem","Startup Cost": 0.43,"Total Cost": 1.14,"Plan Rows": 5,"Plan Width": 24,"Actual Startup Time": 0.016,"Actual Total Time": 0.016,"Actual Rows": 1,"Actual Loops": 119179,"Index Cond": "(l_orderkey = orders.o_orderkey)","Rows Removed by Index Recheck": 0,"Filter": "((l_shipdate >= '1995-01-01'::date) AND (l_shipdate <= '1996-12-31'::date))","Rows Removed by Filter": 3,"Workers": []}]},{"Node Type": "Hash","Parent Relationship": "Inner","Parallel Aware": false,"Async Capable": false,"Startup Cost": 354.10,"Total Cost": 354.10,"Plan Rows": 784,"Plan Width": 108,"Actual Startup Time": 7.252,"Actual Total Time": 7.268,"Actual Rows": 786,"Actual Loops": 3,"Hash Buckets": 1024,"Original Hash Buckets": 1024,"Hash Batches": 1,"Original Hash Batches": 1,"Peak Memory Usage": 56,"Workers": [],"Plans": [{"Node Type": "Hash Join","Parent Relationship": "Outer","Parallel Aware": false,"Async Capable": false,"Join Type": "Inner","Startup Cost": 1.40,"Total Cost": 354.10,"Plan Rows": 784,"Plan Width": 108,"Actual Startup Time": 0.086,"Actual Total Time": 7.069,"Actual Rows": 786,"Actual Loops": 3,"Inner Unique": true,"Hash Cond": "(supplier.s_nationkey = n1.n_nationkey)","Workers": [],"Plans": [{"Node Type": "Seq Scan","Parent Relationship": "Outer","Parallel Aware": false,"Async Capable": false,"Relation Name": "supplier","Alias": "supplier","Startup Cost": 0.00,"Total Cost": 322.00,"Plan Rows": 10000,"Plan Width": 8,"Actual Startup Time": 0.034,"Actual Total Time": 3.796,"Actual Rows": 10000,"Actual Loops": 3,"Workers": []},{"Node Type": "Hash","Parent Relationship": "Inner","Parallel Aware": false,"Async Capable": false,"Startup Cost": 1.38,"Total Cost": 1.38,"Plan Rows": 2,"Plan Width": 108,"Actual Startup Time": 0.017,"Actual Total Time": 0.022,"Actual Rows": 2,"Actual Loops": 3,"Hash Buckets": 1024,"Original Hash Buckets": 1024,"Hash Batches": 1,"Original Hash Batches": 1,"Peak Memory Usage": 9,"Workers": [],"Plans": [{"Node Type": "Seq Scan","Parent Relationship": "Outer","Parallel Aware": false,"Async Capable": false,"Relation Name": "nation","Alias": "n1","Startup Cost": 0.00,"Total Cost": 1.38,"Plan Rows": 2,"Plan Width": 108,"Actual Startup Time": 0.006,"Actual Total Time": 0.012,"Actual Rows": 2,"Actual Loops": 3,"Filter": "((n_name = 'UNITED KINGDOM'::bpchar) OR (n_name = 'GERMANY'::bpchar))","Rows Removed by Filter": 23,"Workers": []}]}]}]}]}]}]}]}]},"Planning Time": 8.982,"Triggers": [],"Execution Time": 951.831}]
[{"Plan": {"Node Type": "Aggregate","Strategy": "Sorted","Partial Mode": "Finalize","Parallel Aware": false,"Async Capable": false,"Startup Cost": 72556.41,"Total Cost": 73352.71,"Plan Rows": 5893,"Plan Width": 272,"Actual Startup Time": 929.695,"Actual Total Time": 985.391,"Actual Rows": 4,"Actual Loops": 1,"Group Key": ["n1.n_name", "n2.n_name", "(EXTRACT(year FROM lineitem.l_shipdate))"],"Plans": [{"Node Type": "Gather Merge","Parent Relationship": "Outer","Parallel Aware": false,"Async Capable": false,"Startup Cost": 72556.41,"Total Cost": 73202.94,"Plan Rows": 4910,"Plan Width": 272,"Actual Startup Time": 929.398,"Actual Total Time": 985.330,"Actual Rows": 12,"Actual Loops": 1,"Workers Planned": 2,"Workers Launched": 2,"Plans": [{"Node Type": "Aggregate","Strategy": "Sorted","Partial Mode": "Partial","Parent Relationship": "Outer","Parallel Aware": false,"Async Capable": false,"Startup Cost": 71556.39,"Total Cost": 71636.18,"Plan Rows": 2455,"Plan Width": 272,"Actual Startup Time": 920.977,"Actual Total Time": 921.723,"Actual Rows": 4,"Actual Loops": 3,"Group Key": ["n1.n_name", "n2.n_name", "(EXTRACT(year FROM lineitem.l_shipdate))"],"Workers": [],"Plans": [{"Node Type": "Sort","Parent Relationship": "Outer","Parallel Aware": false,"Async Capable": false,"Startup Cost": 71556.39,"Total Cost": 71562.53,"Plan Rows": 2455,"Plan Width": 252,"Actual Startup Time": 920.714,"Actual Total Time": 920.825,"Actual Rows": 2025,"Actual Loops": 3,"Sort Key": ["n1.n_name", "n2.n_name", "(EXTRACT(year FROM lineitem.l_shipdate))"],"Sort Method": "quicksort","Sort Space Used": 270,"Sort Space Type": "Memory","Workers": [{"Worker Number": 0,"Sort Method": "quicksort","Sort Space Used": 266,"Sort Space Type": "Memory"},{"Worker Number": 1,"Sort Method": "quicksort","Sort Space Used": 322,"Sort Space Type": "Memory"}],"Plans": [{"Node Type": "Hash Join","Parent Relationship": "Outer","Parallel Aware": false,"Async Capable": false,"Join Type": "Inner","Startup Cost": 366.16,"Total Cost": 71418.15,"Plan Rows": 2455,"Plan Width": 252,"Actual Startup Time": 10.477,"Actual Total Time": 918.673,"Actual Rows": 2025,"Actual Loops": 3,"Inner Unique": false,"Hash Cond": "(lineitem.l_suppkey = supplier.s_suppkey)","Join Filter": "(((n1.n_name = 'CHINA'::bpchar) AND (n2.n_name = 'EGYPT'::bpchar)) OR ((n1.n_name = 'EGYPT'::bpchar) AND (n2.n_name = 'CHINA'::bpchar)))","Rows Removed by Join Filter": 1982,"Workers": [],"Plans": [{"Node Type": "Nested Loop","Parent Relationship": "Outer","Parallel Aware": false,"Async Capable": false,"Join Type": "Inner","Startup Cost": 2.26,"Total Cost": 70727.78,"Plan Rows": 60250,"Plan Width": 124,"Actual Startup Time": 0.676,"Actual Total Time": 902.666,"Actual Rows": 48685,"Actual Loops": 3,"Inner Unique": false,"Workers": [],"Plans": [{"Node Type": "Nested Loop","Parent Relationship": "Outer","Parallel Aware": false,"Async Capable": false,"Join Type": "Inner","Startup Cost": 1.83,"Total Cost": 12400.01,"Plan Rows": 49000,"Plan Width": 108,"Actual Startup Time": 0.374,"Actual Total Time": 227.468,"Actual Rows": 39965,"Actual Loops": 3,"Inner Unique": false,"Workers": [],"Plans": [{"Node Type": "Hash Join","Parent Relationship": "Outer","Parallel Aware": false,"Async Capable": false,"Join Type": "Inner","Startup Cost": 1.40,"Total Cost": 4403.27,"Plan Rows": 4900,"Plan Width": 108,"Actual Startup Time": 0.240,"Actual Total Time": 48.575,"Actual Rows": 4006,"Actual Loops": 3,"Inner Unique": true,"Hash Cond": "(customer.c_nationkey = n2.n_nationkey)","Workers": [],"Plans": [{"Node Type": "Seq Scan","Parent Relationship": "Outer","Parallel Aware": true,"Async Capable": false,"Relation Name": "customer","Alias": "customer","Startup Cost": 0.00,"Total Cost": 4210.00,"Plan Rows": 62500,"Plan Width": 8,"Actual Startup Time": 0.018,"Actual Total Time": 9.619,"Actual Rows": 50000,"Actual Loops": 3,"Workers": []},{"Node Type": "Hash","Parent Relationship": "Inner","Parallel Aware": false,"Async Capable": false,"Startup Cost": 1.38,"Total Cost": 1.38,"Plan Rows": 2,"Plan Width": 108,"Actual Startup Time": 0.077,"Actual Total Time": 0.083,"Actual Rows": 2,"Actual Loops": 3,"Hash Buckets": 1024,"Original Hash Buckets": 1024,"Hash Batches": 1,"Original Hash Batches": 1,"Peak Memory Usage": 9,"Workers": [],"Plans": [{"Node Type": "Seq Scan","Parent Relationship": "Outer","Parallel Aware": false,"Async Capable": false,"Relation Name": "nation","Alias": "n2","Startup Cost": 0.00,"Total Cost": 1.38,"Plan Rows": 2,"Plan Width": 108,"Actual Startup Time": 0.052,"Actual Total Time": 0.063,"Actual Rows": 2,"Actual Loops": 3,"Filter": "((n_name = 'EGYPT'::bpchar) OR (n_name = 'CHINA'::bpchar))","Rows Removed by Filter": 23,"Workers": []}]}]},{"Node Type": "Index Scan","Parent Relationship": "Inner","Parallel Aware": false,"Async Capable": false,"Scan Direction": "Forward","Index Name": "idx_orders_custkey","Relation Name": "orders","Alias": "orders","Startup Cost": 0.43,"Total Cost": 1.46,"Plan Rows": 17,"Plan Width": 8,"Actual Startup Time": 0.007,"Actual Total Time": 0.043,"Actual Rows": 10,"Actual Loops": 12019,"Index Cond": "(o_custkey = customer.c_custkey)","Rows Removed by Index Recheck": 0,"Workers": []}]},{"Node Type": "Index Scan","Parent Relationship": "Inner","Parallel Aware": false,"Async Capable": false,"Scan Direction": "Forward","Index Name": "idx_lineitem_orderkey","Relation Name": "lineitem","Alias": "lineitem","Startup Cost": 0.43,"Total Cost": 1.14,"Plan Rows": 5,"Plan Width": 24,"Actual Startup Time": 0.016,"Actual Total Time": 0.017,"Actual Rows": 1,"Actual Loops": 119895,"Index Cond": "(l_orderkey = orders.o_orderkey)","Rows Removed by Index Recheck": 0,"Filter": "((l_shipdate >= '1995-01-01'::date) AND (l_shipdate <= '1996-12-31'::date))","Rows Removed by Filter": 3,"Workers": []}]},{"Node Type": "Hash","Parent Relationship": "Inner","Parallel Aware": false,"Async Capable": false,"Startup Cost": 354.10,"Total Cost": 354.10,"Plan Rows": 784,"Plan Width": 108,"Actual Startup Time": 8.628,"Actual Total Time": 8.643,"Actual Rows": 822,"Actual Loops": 3,"Hash Buckets": 1024,"Original Hash Buckets": 1024,"Hash Batches": 1,"Original Hash Batches": 1,"Peak Memory Usage": 58,"Workers": [],"Plans": [{"Node Type": "Hash Join","Parent Relationship": "Outer","Parallel Aware": false,"Async Capable": false,"Join Type": "Inner","Startup Cost": 1.40,"Total Cost": 354.10,"Plan Rows": 784,"Plan Width": 108,"Actual Startup Time": 0.091,"Actual Total Time": 8.400,"Actual Rows": 822,"Actual Loops": 3,"Inner Unique": true,"Hash Cond": "(supplier.s_nationkey = n1.n_nationkey)","Workers": [],"Plans": [{"Node Type": "Seq Scan","Parent Relationship": "Outer","Parallel Aware": false,"Async Capable": false,"Relation Name": "supplier","Alias": "supplier","Startup Cost": 0.00,"Total Cost": 322.00,"Plan Rows": 10000,"Plan Width": 8,"Actual Startup Time": 0.036,"Actual Total Time": 4.338,"Actual Rows": 10000,"Actual Loops": 3,"Workers": []},{"Node Type": "Hash","Parent Relationship": "Inner","Parallel Aware": false,"Async Capable": false,"Startup Cost": 1.38,"Total Cost": 1.38,"Plan Rows": 2,"Plan Width": 108,"Actual Startup Time": 0.020,"Actual Total Time": 0.025,"Actual Rows": 2,"Actual Loops": 3,"Hash Buckets": 1024,"Original Hash Buckets": 1024,"Hash Batches": 1,"Original Hash Batches": 1,"Peak Memory Usage": 9,"Workers": [],"Plans": [{"Node Type": "Seq Scan","Parent Relationship": "Outer","Parallel Aware": false,"Async Capable": false,"Relation Name": "nation","Alias": "n1","Startup Cost": 0.00,"Total Cost": 1.38,"Plan Rows": 2,"Plan Width": 108,"Actual Startup Time": 0.006,"Actual Total Time": 0.014,"Actual Rows": 2,"Actual Loops": 3,"Filter": "((n_name = 'CHINA'::bpchar) OR (n_name = 'EGYPT'::bpchar))","Rows Removed by Filter": 23,"Workers": []}]}]}]}]}]}]}]}]},"Planning Time": 7.861,"Triggers": [],"Execution Time": 985.894}]
[{"Plan": {"Node Type": "Aggregate","Strategy": "Sorted","Partial Mode": "Finalize","Parallel Aware": false,"Async Capable": false,"Startup Cost": 72556.41,"Total Cost": 73352.71,"Plan Rows": 5893,"Plan Width": 272,"Actual Startup Time": 928.819,"Actual Total Time": 981.677,"Actual Rows": 4,"Actual Loops": 1,"Group Key": ["n1.n_name", "n2.n_name", "(EXTRACT(year FROM lineitem.l_shipdate))"],"Plans": [{"Node Type": "Gather Merge","Parent Relationship": "Outer","Parallel Aware": false,"Async Capable": false,"Startup Cost": 72556.41,"Total Cost": 73202.94,"Plan Rows": 4910,"Plan Width": 272,"Actual Startup Time": 927.983,"Actual Total Time": 981.584,"Actual Rows": 12,"Actual Loops": 1,"Workers Planned": 2,"Workers Launched": 2,"Plans": [{"Node Type": "Aggregate","Strategy": "Sorted","Partial Mode": "Partial","Parent Relationship": "Outer","Parallel Aware": false,"Async Capable": false,"Startup Cost": 71556.39,"Total Cost": 71636.18,"Plan Rows": 2455,"Plan Width": 272,"Actual Startup Time": 919.666,"Actual Total Time": 920.552,"Actual Rows": 4,"Actual Loops": 3,"Group Key": ["n1.n_name", "n2.n_name", "(EXTRACT(year FROM lineitem.l_shipdate))"],"Workers": [],"Plans": [{"Node Type": "Sort","Parent Relationship": "Outer","Parallel Aware": false,"Async Capable": false,"Startup Cost": 71556.39,"Total Cost": 71562.53,"Plan Rows": 2455,"Plan Width": 252,"Actual Startup Time": 919.383,"Actual Total Time": 919.524,"Actual Rows": 1888,"Actual Loops": 3,"Sort Key": ["n1.n_name", "n2.n_name", "(EXTRACT(year FROM lineitem.l_shipdate))"],"Sort Method": "quicksort","Sort Space Used": 257,"Sort Space Type": "Memory","Workers": [{"Worker Number": 0,"Sort Method": "quicksort","Sort Space Used": 259,"Sort Space Type": "Memory"},{"Worker Number": 1,"Sort Method": "quicksort","Sort Space Used": 249,"Sort Space Type": "Memory"}],"Plans": [{"Node Type": "Hash Join","Parent Relationship": "Outer","Parallel Aware": false,"Async Capable": false,"Join Type": "Inner","Startup Cost": 366.16,"Total Cost": 71418.15,"Plan Rows": 2455,"Plan Width": 252,"Actual Startup Time": 9.266,"Actual Total Time": 917.602,"Actual Rows": 1888,"Actual Loops": 3,"Inner Unique": false,"Hash Cond": "(lineitem.l_suppkey = supplier.s_suppkey)","Join Filter": "(((n1.n_name = 'MOROCCO'::bpchar) AND (n2.n_name = 'INDIA'::bpchar)) OR ((n1.n_name = 'INDIA'::bpchar) AND (n2.n_name = 'MOROCCO'::bpchar)))","Rows Removed by Join Filter": 1922,"Workers": [],"Plans": [{"Node Type": "Nested Loop","Parent Relationship": "Outer","Parallel Aware": false,"Async Capable": false,"Join Type": "Inner","Startup Cost": 2.26,"Total Cost": 70727.78,"Plan Rows": 60250,"Plan Width": 124,"Actual Startup Time": 0.618,"Actual Total Time": 902.435,"Actual Rows": 48509,"Actual Loops": 3,"Inner Unique": false,"Workers": [],"Plans": [{"Node Type": "Nested Loop","Parent Relationship": "Outer","Parallel Aware": false,"Async Capable": false,"Join Type": "Inner","Startup Cost": 1.83,"Total Cost": 12400.01,"Plan Rows": 49000,"Plan Width": 108,"Actual Startup Time": 0.258,"Actual Total Time": 228.756,"Actual Rows": 39762,"Actual Loops": 3,"Inner Unique": false,"Workers": [],"Plans": [{"Node Type": "Hash Join","Parent Relationship": "Outer","Parallel Aware": false,"Async Capable": false,"Join Type": "Inner","Startup Cost": 1.40,"Total Cost": 4403.27,"Plan Rows": 4900,"Plan Width": 108,"Actual Startup Time": 0.164,"Actual Total Time": 48.945,"Actual Rows": 3988,"Actual Loops": 3,"Inner Unique": true,"Hash Cond": "(customer.c_nationkey = n2.n_nationkey)","Workers": [],"Plans": [{"Node Type": "Seq Scan","Parent Relationship": "Outer","Parallel Aware": true,"Async Capable": false,"Relation Name": "customer","Alias": "customer","Startup Cost": 0.00,"Total Cost": 4210.00,"Plan Rows": 62500,"Plan Width": 8,"Actual Startup Time": 0.014,"Actual Total Time": 9.735,"Actual Rows": 50000,"Actual Loops": 3,"Workers": []},{"Node Type": "Hash","Parent Relationship": "Inner","Parallel Aware": false,"Async Capable": false,"Startup Cost": 1.38,"Total Cost": 1.38,"Plan Rows": 2,"Plan Width": 108,"Actual Startup Time": 0.069,"Actual Total Time": 0.076,"Actual Rows": 2,"Actual Loops": 3,"Hash Buckets": 1024,"Original Hash Buckets": 1024,"Hash Batches": 1,"Original Hash Batches": 1,"Peak Memory Usage": 9,"Workers": [],"Plans": [{"Node Type": "Seq Scan","Parent Relationship": "Outer","Parallel Aware": false,"Async Capable": false,"Relation Name": "nation","Alias": "n2","Startup Cost": 0.00,"Total Cost": 1.38,"Plan Rows": 2,"Plan Width": 108,"Actual Startup Time": 0.053,"Actual Total Time": 0.057,"Actual Rows": 2,"Actual Loops": 3,"Filter": "((n_name = 'INDIA'::bpchar) OR (n_name = 'MOROCCO'::bpchar))","Rows Removed by Filter": 23,"Workers": []}]}]},{"Node Type": "Index Scan","Parent Relationship": "Inner","Parallel Aware": false,"Async Capable": false,"Scan Direction": "Forward","Index Name": "idx_orders_custkey","Relation Name": "orders","Alias": "orders","Startup Cost": 0.43,"Total Cost": 1.46,"Plan Rows": 17,"Plan Width": 8,"Actual Startup Time": 0.007,"Actual Total Time": 0.044,"Actual Rows": 10,"Actual Loops": 11963,"Index Cond": "(o_custkey = customer.c_custkey)","Rows Removed by Index Recheck": 0,"Workers": []}]},{"Node Type": "Index Scan","Parent Relationship": "Inner","Parallel Aware": false,"Async Capable": false,"Scan Direction": "Forward","Index Name": "idx_lineitem_orderkey","Relation Name": "lineitem","Alias": "lineitem","Startup Cost": 0.43,"Total Cost": 1.14,"Plan Rows": 5,"Plan Width": 24,"Actual Startup Time": 0.016,"Actual Total Time": 0.017,"Actual Rows": 1,"Actual Loops": 119286,"Index Cond": "(l_orderkey = orders.o_orderkey)","Rows Removed by Index Recheck": 0,"Filter": "((l_shipdate >= '1995-01-01'::date) AND (l_shipdate <= '1996-12-31'::date))","Rows Removed by Filter": 3,"Workers": []}]},{"Node Type": "Hash","Parent Relationship": "Inner","Parallel Aware": false,"Async Capable": false,"Startup Cost": 354.10,"Total Cost": 354.10,"Plan Rows": 784,"Plan Width": 108,"Actual Startup Time": 7.993,"Actual Total Time": 8.008,"Actual Rows": 788,"Actual Loops": 3,"Hash Buckets": 1024,"Original Hash Buckets": 1024,"Hash Batches": 1,"Original Hash Batches": 1,"Peak Memory Usage": 56,"Workers": [],"Plans": [{"Node Type": "Hash Join","Parent Relationship": "Outer","Parallel Aware": false,"Async Capable": false,"Join Type": "Inner","Startup Cost": 1.40,"Total Cost": 354.10,"Plan Rows": 784,"Plan Width": 108,"Actual Startup Time": 0.067,"Actual Total Time": 7.812,"Actual Rows": 788,"Actual Loops": 3,"Inner Unique": true,"Hash Cond": "(supplier.s_nationkey = n1.n_nationkey)","Workers": [],"Plans": [{"Node Type": "Seq Scan","Parent Relationship": "Outer","Parallel Aware": false,"Async Capable": false,"Relation Name": "supplier","Alias": "supplier","Startup Cost": 0.00,"Total Cost": 322.00,"Plan Rows": 10000,"Plan Width": 8,"Actual Startup Time": 0.022,"Actual Total Time": 3.931,"Actual Rows": 10000,"Actual Loops": 3,"Workers": []},{"Node Type": "Hash","Parent Relationship": "Inner","Parallel Aware": false,"Async Capable": false,"Startup Cost": 1.38,"Total Cost": 1.38,"Plan Rows": 2,"Plan Width": 108,"Actual Startup Time": 0.012,"Actual Total Time": 0.015,"Actual Rows": 2,"Actual Loops": 3,"Hash Buckets": 1024,"Original Hash Buckets": 1024,"Hash Batches": 1,"Original Hash Batches": 1,"Peak Memory Usage": 9,"Workers": [],"Plans": [{"Node Type": "Seq Scan","Parent Relationship": "Outer","Parallel Aware": false,"Async Capable": false,"Relation Name": "nation","Alias": "n1","Startup Cost": 0.00,"Total Cost": 1.38,"Plan Rows": 2,"Plan Width": 108,"Actual Startup Time": 0.005,"Actual Total Time": 0.009,"Actual Rows": 2,"Actual Loops": 3,"Filter": "((n_name = 'MOROCCO'::bpchar) OR (n_name = 'INDIA'::bpchar))","Rows Removed by Filter": 23,"Workers": []}]}]}]}]}]}]}]}]},"Planning Time": 8.474,"Triggers": [],"Execution Time": 982.167}]
[{"Plan": {"Node Type": "Aggregate","Strategy": "Sorted","Partial Mode": "Finalize","Parallel Aware": false,"Async Capable": false,"Startup Cost": 72556.41,"Total Cost": 73352.71,"Plan Rows": 5893,"Plan Width": 272,"Actual Startup Time": 933.042,"Actual Total Time": 984.120,"Actual Rows": 4,"Actual Loops": 1,"Group Key": ["n1.n_name", "n2.n_name", "(EXTRACT(year FROM lineitem.l_shipdate))"],"Plans": [{"Node Type": "Gather Merge","Parent Relationship": "Outer","Parallel Aware": false,"Async Capable": false,"Startup Cost": 72556.41,"Total Cost": 73202.94,"Plan Rows": 4910,"Plan Width": 272,"Actual Startup Time": 932.347,"Actual Total Time": 984.037,"Actual Rows": 12,"Actual Loops": 1,"Workers Planned": 2,"Workers Launched": 2,"Plans": [{"Node Type": "Aggregate","Strategy": "Sorted","Partial Mode": "Partial","Parent Relationship": "Outer","Parallel Aware": false,"Async Capable": false,"Startup Cost": 71556.39,"Total Cost": 71636.18,"Plan Rows": 2455,"Plan Width": 272,"Actual Startup Time": 923.081,"Actual Total Time": 923.884,"Actual Rows": 4,"Actual Loops": 3,"Group Key": ["n1.n_name", "n2.n_name", "(EXTRACT(year FROM lineitem.l_shipdate))"],"Workers": [],"Plans": [{"Node Type": "Sort","Parent Relationship": "Outer","Parallel Aware": false,"Async Capable": false,"Startup Cost": 71556.39,"Total Cost": 71562.53,"Plan Rows": 2455,"Plan Width": 252,"Actual Startup Time": 922.833,"Actual Total Time": 922.942,"Actual Rows": 1922,"Actual Loops": 3,"Sort Key": ["n1.n_name", "n2.n_name", "(EXTRACT(year FROM lineitem.l_shipdate))"],"Sort Method": "quicksort","Sort Space Used": 253,"Sort Space Type": "Memory","Workers": [{"Worker Number": 0,"Sort Method": "quicksort","Sort Space Used": 265,"Sort Space Type": "Memory"},{"Worker Number": 1,"Sort Method": "quicksort","Sort Space Used": 259,"Sort Space Type": "Memory"}],"Plans": [{"Node Type": "Hash Join","Parent Relationship": "Outer","Parallel Aware": false,"Async Capable": false,"Join Type": "Inner","Startup Cost": 366.16,"Total Cost": 71418.15,"Plan Rows": 2455,"Plan Width": 252,"Actual Startup Time": 9.905,"Actual Total Time": 921.035,"Actual Rows": 1922,"Actual Loops": 3,"Inner Unique": false,"Hash Cond": "(lineitem.l_suppkey = supplier.s_suppkey)","Join Filter": "(((n1.n_name = 'MOZAMBIQUE'::bpchar) AND (n2.n_name = 'MOROCCO'::bpchar)) OR ((n1.n_name = 'MOROCCO'::bpchar) AND (n2.n_name = 'MOZAMBIQUE'::bpchar)))","Rows Removed by Join Filter": 1935,"Workers": [],"Plans": [{"Node Type": "Nested Loop","Parent Relationship": "Outer","Parallel Aware": false,"Async Capable": false,"Join Type": "Inner","Startup Cost": 2.26,"Total Cost": 70727.78,"Plan Rows": 60250,"Plan Width": 124,"Actual Startup Time": 0.689,"Actual Total Time": 905.763,"Actual Rows": 49046,"Actual Loops": 3,"Inner Unique": false,"Workers": [],"Plans": [{"Node Type": "Nested Loop","Parent Relationship": "Outer","Parallel Aware": false,"Async Capable": false,"Join Type": "Inner","Startup Cost": 1.83,"Total Cost": 12400.01,"Plan Rows": 49000,"Plan Width": 108,"Actual Startup Time": 0.249,"Actual Total Time": 228.007,"Actual Rows": 40242,"Actual Loops": 3,"Inner Unique": false,"Workers": [],"Plans": [{"Node Type": "Hash Join","Parent Relationship": "Outer","Parallel Aware": false,"Async Capable": false,"Join Type": "Inner","Startup Cost": 1.40,"Total Cost": 4403.27,"Plan Rows": 4900,"Plan Width": 108,"Actual Startup Time": 0.156,"Actual Total Time": 47.863,"Actual Rows": 3965,"Actual Loops": 3,"Inner Unique": true,"Hash Cond": "(customer.c_nationkey = n2.n_nationkey)","Workers": [],"Plans": [{"Node Type": "Seq Scan","Parent Relationship": "Outer","Parallel Aware": true,"Async Capable": false,"Relation Name": "customer","Alias": "customer","Startup Cost": 0.00,"Total Cost": 4210.00,"Plan Rows": 62500,"Plan Width": 8,"Actual Startup Time": 0.015,"Actual Total Time": 9.560,"Actual Rows": 50000,"Actual Loops": 3,"Workers": []},{"Node Type": "Hash","Parent Relationship": "Inner","Parallel Aware": false,"Async Capable": false,"Startup Cost": 1.38,"Total Cost": 1.38,"Plan Rows": 2,"Plan Width": 108,"Actual Startup Time": 0.063,"Actual Total Time": 0.067,"Actual Rows": 2,"Actual Loops": 3,"Hash Buckets": 1024,"Original Hash Buckets": 1024,"Hash Batches": 1,"Original Hash Batches": 1,"Peak Memory Usage": 9,"Workers": [],"Plans": [{"Node Type": "Seq Scan","Parent Relationship": "Outer","Parallel Aware": false,"Async Capable": false,"Relation Name": "nation","Alias": "n2","Startup Cost": 0.00,"Total Cost": 1.38,"Plan Rows": 2,"Plan Width": 108,"Actual Startup Time": 0.051,"Actual Total Time": 0.055,"Actual Rows": 2,"Actual Loops": 3,"Filter": "((n_name = 'MOROCCO'::bpchar) OR (n_name = 'MOZAMBIQUE'::bpchar))","Rows Removed by Filter": 23,"Workers": []}]}]},{"Node Type": "Index Scan","Parent Relationship": "Inner","Parallel Aware": false,"Async Capable": false,"Scan Direction": "Forward","Index Name": "idx_orders_custkey","Relation Name": "orders","Alias": "orders","Startup Cost": 0.43,"Total Cost": 1.46,"Plan Rows": 17,"Plan Width": 8,"Actual Startup Time": 0.007,"Actual Total Time": 0.044,"Actual Rows": 10,"Actual Loops": 11895,"Index Cond": "(o_custkey = customer.c_custkey)","Rows Removed by Index Recheck": 0,"Workers": []}]},{"Node Type": "Index Scan","Parent Relationship": "Inner","Parallel Aware": false,"Async Capable": false,"Scan Direction": "Forward","Index Name": "idx_lineitem_orderkey","Relation Name": "lineitem","Alias": "lineitem","Startup Cost": 0.43,"Total Cost": 1.14,"Plan Rows": 5,"Plan Width": 24,"Actual Startup Time": 0.016,"Actual Total Time": 0.017,"Actual Rows": 1,"Actual Loops": 120726,"Index Cond": "(l_orderkey = orders.o_orderkey)","Rows Removed by Index Recheck": 0,"Filter": "((l_shipdate >= '1995-01-01'::date) AND (l_shipdate <= '1996-12-31'::date))","Rows Removed by Filter": 3,"Workers": []}]},{"Node Type": "Hash","Parent Relationship": "Inner","Parallel Aware": false,"Async Capable": false,"Startup Cost": 354.10,"Total Cost": 354.10,"Plan Rows": 784,"Plan Width": 108,"Actual Startup Time": 8.105,"Actual Total Time": 8.114,"Actual Rows": 779,"Actual Loops": 3,"Hash Buckets": 1024,"Original Hash Buckets": 1024,"Hash Batches": 1,"Original Hash Batches": 1,"Peak Memory Usage": 56,"Workers": [],"Plans": [{"Node Type": "Hash Join","Parent Relationship": "Outer","Parallel Aware": false,"Async Capable": false,"Join Type": "Inner","Startup Cost": 1.40,"Total Cost": 354.10,"Plan Rows": 784,"Plan Width": 108,"Actual Startup Time": 0.071,"Actual Total Time": 7.924,"Actual Rows": 779,"Actual Loops": 3,"Inner Unique": true,"Hash Cond": "(supplier.s_nationkey = n1.n_nationkey)","Workers": [],"Plans": [{"Node Type": "Seq Scan","Parent Relationship": "Outer","Parallel Aware": false,"Async Capable": false,"Relation Name": "supplier","Alias": "supplier","Startup Cost": 0.00,"Total Cost": 322.00,"Plan Rows": 10000,"Plan Width": 8,"Actual Startup Time": 0.029,"Actual Total Time": 4.076,"Actual Rows": 10000,"Actual Loops": 3,"Workers": []},{"Node Type": "Hash","Parent Relationship": "Inner","Parallel Aware": false,"Async Capable": false,"Startup Cost": 1.38,"Total Cost": 1.38,"Plan Rows": 2,"Plan Width": 108,"Actual Startup Time": 0.013,"Actual Total Time": 0.016,"Actual Rows": 2,"Actual Loops": 3,"Hash Buckets": 1024,"Original Hash Buckets": 1024,"Hash Batches": 1,"Original Hash Batches": 1,"Peak Memory Usage": 9,"Workers": [],"Plans": [{"Node Type": "Seq Scan","Parent Relationship": "Outer","Parallel Aware": false,"Async Capable": false,"Relation Name": "nation","Alias": "n1","Startup Cost": 0.00,"Total Cost": 1.38,"Plan Rows": 2,"Plan Width": 108,"Actual Startup Time": 0.006,"Actual Total Time": 0.008,"Actual Rows": 2,"Actual Loops": 3,"Filter": "((n_name = 'MOZAMBIQUE'::bpchar) OR (n_name = 'MOROCCO'::bpchar))","Rows Removed by Filter": 23,"Workers": []}]}]}]}]}]}]}]}]},"Planning Time": 8.489,"Triggers": [],"Execution Time": 984.624}]
[{"Plan": {"Node Type": "Aggregate","Strategy": "Sorted","Partial Mode": "Finalize","Parallel Aware": false,"Async Capable": false,"Startup Cost": 72556.41,"Total Cost": 73352.71,"Plan Rows": 5893,"Plan Width": 272,"Actual Startup Time": 915.232,"Actual Total Time": 965.278,"Actual Rows": 4,"Actual Loops": 1,"Group Key": ["n1.n_name", "n2.n_name", "(EXTRACT(year FROM lineitem.l_shipdate))"],"Plans": [{"Node Type": "Gather Merge","Parent Relationship": "Outer","Parallel Aware": false,"Async Capable": false,"Startup Cost": 72556.41,"Total Cost": 73202.94,"Plan Rows": 4910,"Plan Width": 272,"Actual Startup Time": 914.583,"Actual Total Time": 965.196,"Actual Rows": 12,"Actual Loops": 1,"Workers Planned": 2,"Workers Launched": 2,"Plans": [{"Node Type": "Aggregate","Strategy": "Sorted","Partial Mode": "Partial","Parent Relationship": "Outer","Parallel Aware": false,"Async Capable": false,"Startup Cost": 71556.39,"Total Cost": 71636.18,"Plan Rows": 2455,"Plan Width": 272,"Actual Startup Time": 905.379,"Actual Total Time": 906.277,"Actual Rows": 4,"Actual Loops": 3,"Group Key": ["n1.n_name", "n2.n_name", "(EXTRACT(year FROM lineitem.l_shipdate))"],"Workers": [],"Plans": [{"Node Type": "Sort","Parent Relationship": "Outer","Parallel Aware": false,"Async Capable": false,"Startup Cost": 71556.39,"Total Cost": 71562.53,"Plan Rows": 2455,"Plan Width": 252,"Actual Startup Time": 905.117,"Actual Total Time": 905.242,"Actual Rows": 2045,"Actual Loops": 3,"Sort Key": ["n1.n_name", "n2.n_name", "(EXTRACT(year FROM lineitem.l_shipdate))"],"Sort Method": "quicksort","Sort Space Used": 270,"Sort Space Type": "Memory","Workers": [{"Worker Number": 0,"Sort Method": "quicksort","Sort Space Used": 325,"Sort Space Type": "Memory"},{"Worker Number": 1,"Sort Method": "quicksort","Sort Space Used": 270,"Sort Space Type": "Memory"}],"Plans": [{"Node Type": "Hash Join","Parent Relationship": "Outer","Parallel Aware": false,"Async Capable": false,"Join Type": "Inner","Startup Cost": 366.16,"Total Cost": 71418.15,"Plan Rows": 2455,"Plan Width": 252,"Actual Startup Time": 9.338,"Actual Total Time": 903.156,"Actual Rows": 2045,"Actual Loops": 3,"Inner Unique": false,"Hash Cond": "(lineitem.l_suppkey = supplier.s_suppkey)","Join Filter": "(((n1.n_name = 'IRAQ'::bpchar) AND (n2.n_name = 'ARGENTINA'::bpchar)) OR ((n1.n_name = 'ARGENTINA'::bpchar) AND (n2.n_name = 'IRAQ'::bpchar)))","Rows Removed by Join Filter": 2046,"Workers": [],"Plans": [{"Node Type": "Nested Loop","Parent Relationship": "Outer","Parallel Aware": false,"Async Capable": false,"Join Type": "Inner","Startup Cost": 2.26,"Total Cost": 70727.78,"Plan Rows": 60250,"Plan Width": 124,"Actual Startup Time": 0.844,"Actual Total Time": 888.086,"Actual Rows": 48168,"Actual Loops": 3,"Inner Unique": false,"Workers": [],"Plans": [{"Node Type": "Nested Loop","Parent Relationship": "Outer","Parallel Aware": false,"Async Capable": false,"Join Type": "Inner","Startup Cost": 1.83,"Total Cost": 12400.01,"Plan Rows": 49000,"Plan Width": 108,"Actual Startup Time": 0.354,"Actual Total Time": 223.685,"Actual Rows": 39483,"Actual Loops": 3,"Inner Unique": false,"Workers": [],"Plans": [{"Node Type": "Hash Join","Parent Relationship": "Outer","Parallel Aware": false,"Async Capable": false,"Join Type": "Inner","Startup Cost": 1.40,"Total Cost": 4403.27,"Plan Rows": 4900,"Plan Width": 108,"Actual Startup Time": 0.210,"Actual Total Time": 47.346,"Actual Rows": 3979,"Actual Loops": 3,"Inner Unique": true,"Hash Cond": "(customer.c_nationkey = n2.n_nationkey)","Workers": [],"Plans": [{"Node Type": "Seq Scan","Parent Relationship": "Outer","Parallel Aware": true,"Async Capable": false,"Relation Name": "customer","Alias": "customer","Startup Cost": 0.00,"Total Cost": 4210.00,"Plan Rows": 62500,"Plan Width": 8,"Actual Startup Time": 0.014,"Actual Total Time": 9.504,"Actual Rows": 50000,"Actual Loops": 3,"Workers": []},{"Node Type": "Hash","Parent Relationship": "Inner","Parallel Aware": false,"Async Capable": false,"Startup Cost": 1.38,"Total Cost": 1.38,"Plan Rows": 2,"Plan Width": 108,"Actual Startup Time": 0.090,"Actual Total Time": 0.095,"Actual Rows": 2,"Actual Loops": 3,"Hash Buckets": 1024,"Original Hash Buckets": 1024,"Hash Batches": 1,"Original Hash Batches": 1,"Peak Memory Usage": 9,"Workers": [],"Plans": [{"Node Type": "Seq Scan","Parent Relationship": "Outer","Parallel Aware": false,"Async Capable": false,"Relation Name": "nation","Alias": "n2","Startup Cost": 0.00,"Total Cost": 1.38,"Plan Rows": 2,"Plan Width": 108,"Actual Startup Time": 0.063,"Actual Total Time": 0.073,"Actual Rows": 2,"Actual Loops": 3,"Filter": "((n_name = 'ARGENTINA'::bpchar) OR (n_name = 'IRAQ'::bpchar))","Rows Removed by Filter": 23,"Workers": []}]}]},{"Node Type": "Index Scan","Parent Relationship": "Inner","Parallel Aware": false,"Async Capable": false,"Scan Direction": "Forward","Index Name": "idx_orders_custkey","Relation Name": "orders","Alias": "orders","Startup Cost": 0.43,"Total Cost": 1.46,"Plan Rows": 17,"Plan Width": 8,"Actual Startup Time": 0.007,"Actual Total Time": 0.043,"Actual Rows": 10,"Actual Loops": 11938,"Index Cond": "(o_custkey = customer.c_custkey)","Rows Removed by Index Recheck": 0,"Workers": []}]},{"Node Type": "Index Scan","Parent Relationship": "Inner","Parallel Aware": false,"Async Capable": false,"Scan Direction": "Forward","Index Name": "idx_lineitem_orderkey","Relation Name": "lineitem","Alias": "lineitem","Startup Cost": 0.43,"Total Cost": 1.14,"Plan Rows": 5,"Plan Width": 24,"Actual Startup Time": 0.016,"Actual Total Time": 0.017,"Actual Rows": 1,"Actual Loops": 118449,"Index Cond": "(l_orderkey = orders.o_orderkey)","Rows Removed by Index Recheck": 0,"Filter": "((l_shipdate >= '1995-01-01'::date) AND (l_shipdate <= '1996-12-31'::date))","Rows Removed by Filter": 3,"Workers": []}]},{"Node Type": "Hash","Parent Relationship": "Inner","Parallel Aware": false,"Async Capable": false,"Startup Cost": 354.10,"Total Cost": 354.10,"Plan Rows": 784,"Plan Width": 108,"Actual Startup Time": 7.405,"Actual Total Time": 7.416,"Actual Rows": 851,"Actual Loops": 3,"Hash Buckets": 1024,"Original Hash Buckets": 1024,"Hash Batches": 1,"Original Hash Batches": 1,"Peak Memory Usage": 60,"Workers": [],"Plans": [{"Node Type": "Hash Join","Parent Relationship": "Outer","Parallel Aware": false,"Async Capable": false,"Join Type": "Inner","Startup Cost": 1.40,"Total Cost": 354.10,"Plan Rows": 784,"Plan Width": 108,"Actual Startup Time": 0.095,"Actual Total Time": 7.219,"Actual Rows": 851,"Actual Loops": 3,"Inner Unique": true,"Hash Cond": "(supplier.s_nationkey = n1.n_nationkey)","Workers": [],"Plans": [{"Node Type": "Seq Scan","Parent Relationship": "Outer","Parallel Aware": false,"Async Capable": false,"Relation Name": "supplier","Alias": "supplier","Startup Cost": 0.00,"Total Cost": 322.00,"Plan Rows": 10000,"Plan Width": 8,"Actual Startup Time": 0.034,"Actual Total Time": 3.534,"Actual Rows": 10000,"Actual Loops": 3,"Workers": []},{"Node Type": "Hash","Parent Relationship": "Inner","Parallel Aware": false,"Async Capable": false,"Startup Cost": 1.38,"Total Cost": 1.38,"Plan Rows": 2,"Plan Width": 108,"Actual Startup Time": 0.020,"Actual Total Time": 0.024,"Actual Rows": 2,"Actual Loops": 3,"Hash Buckets": 1024,"Original Hash Buckets": 1024,"Hash Batches": 1,"Original Hash Batches": 1,"Peak Memory Usage": 9,"Workers": [],"Plans": [{"Node Type": "Seq Scan","Parent Relationship": "Outer","Parallel Aware": false,"Async Capable": false,"Relation Name": "nation","Alias": "n1","Startup Cost": 0.00,"Total Cost": 1.38,"Plan Rows": 2,"Plan Width": 108,"Actual Startup Time": 0.006,"Actual Total Time": 0.013,"Actual Rows": 2,"Actual Loops": 3,"Filter": "((n_name = 'IRAQ'::bpchar) OR (n_name = 'ARGENTINA'::bpchar))","Rows Removed by Filter": 23,"Workers": []}]}]}]}]}]}]}]}]},"Planning Time": 9.112,"Triggers": [],"Execution Time": 965.681}]
[{"Plan": {"Node Type": "Aggregate","Strategy": "Sorted","Partial Mode": "Finalize","Parallel Aware": false,"Async Capable": false,"Startup Cost": 72556.41,"Total Cost": 73352.71,"Plan Rows": 5893,"Plan Width": 272,"Actual Startup Time": 931.821,"Actual Total Time": 976.172,"Actual Rows": 4,"Actual Loops": 1,"Group Key": ["n1.n_name", "n2.n_name", "(EXTRACT(year FROM lineitem.l_shipdate))"],"Plans": [{"Node Type": "Gather Merge","Parent Relationship": "Outer","Parallel Aware": false,"Async Capable": false,"Startup Cost": 72556.41,"Total Cost": 73202.94,"Plan Rows": 4910,"Plan Width": 272,"Actual Startup Time": 931.502,"Actual Total Time": 976.102,"Actual Rows": 12,"Actual Loops": 1,"Workers Planned": 2,"Workers Launched": 2,"Plans": [{"Node Type": "Aggregate","Strategy": "Sorted","Partial Mode": "Partial","Parent Relationship": "Outer","Parallel Aware": false,"Async Capable": false,"Startup Cost": 71556.39,"Total Cost": 71636.18,"Plan Rows": 2455,"Plan Width": 272,"Actual Startup Time": 923.596,"Actual Total Time": 924.310,"Actual Rows": 4,"Actual Loops": 3,"Group Key": ["n1.n_name", "n2.n_name", "(EXTRACT(year FROM lineitem.l_shipdate))"],"Workers": [],"Plans": [{"Node Type": "Sort","Parent Relationship": "Outer","Parallel Aware": false,"Async Capable": false,"Startup Cost": 71556.39,"Total Cost": 71562.53,"Plan Rows": 2455,"Plan Width": 252,"Actual Startup Time": 923.308,"Actual Total Time": 923.442,"Actual Rows": 1944,"Actual Loops": 3,"Sort Key": ["n1.n_name", "n2.n_name", "(EXTRACT(year FROM lineitem.l_shipdate))"],"Sort Method": "quicksort","Sort Space Used": 272,"Sort Space Type": "Memory","Workers": [{"Worker Number": 0,"Sort Method": "quicksort","Sort Space Used": 254,"Sort Space Type": "Memory"},{"Worker Number": 1,"Sort Method": "quicksort","Sort Space Used": 258,"Sort Space Type": "Memory"}],"Plans": [{"Node Type": "Hash Join","Parent Relationship": "Outer","Parallel Aware": false,"Async Capable": false,"Join Type": "Inner","Startup Cost": 366.16,"Total Cost": 71418.15,"Plan Rows": 2455,"Plan Width": 252,"Actual Startup Time": 12.609,"Actual Total Time": 921.576,"Actual Rows": 1944,"Actual Loops": 3,"Inner Unique": false,"Hash Cond": "(lineitem.l_suppkey = supplier.s_suppkey)","Join Filter": "(((n1.n_name = 'CANADA'::bpchar) AND (n2.n_name = 'JORDAN'::bpchar)) OR ((n1.n_name = 'JORDAN'::bpchar) AND (n2.n_name = 'CANADA'::bpchar)))","Rows Removed by Join Filter": 1908,"Workers": [],"Plans": [{"Node Type": "Nested Loop","Parent Relationship": "Outer","Parallel Aware": false,"Async Capable": false,"Join Type": "Inner","Startup Cost": 2.26,"Total Cost": 70727.78,"Plan Rows": 60250,"Plan Width": 124,"Actual Startup Time": 0.396,"Actual Total Time": 903.290,"Actual Rows": 49305,"Actual Loops": 3,"Inner Unique": false,"Workers": [],"Plans": [{"Node Type": "Nested Loop","Parent Relationship": "Outer","Parallel Aware": false,"Async Capable": false,"Join Type": "Inner","Startup Cost": 1.83,"Total Cost": 12400.01,"Plan Rows": 49000,"Plan Width": 108,"Actual Startup Time": 0.221,"Actual Total Time": 223.266,"Actual Rows": 40405,"Actual Loops": 3,"Inner Unique": false,"Workers": [],"Plans": [{"Node Type": "Hash Join","Parent Relationship": "Outer","Parallel Aware": false,"Async Capable": false,"Join Type": "Inner","Startup Cost": 1.40,"Total Cost": 4403.27,"Plan Rows": 4900,"Plan Width": 108,"Actual Startup Time": 0.132,"Actual Total Time": 44.522,"Actual Rows": 4018,"Actual Loops": 3,"Inner Unique": true,"Hash Cond": "(customer.c_nationkey = n2.n_nationkey)","Workers": [],"Plans": [{"Node Type": "Seq Scan","Parent Relationship": "Outer","Parallel Aware": true,"Async Capable": false,"Relation Name": "customer","Alias": "customer","Startup Cost": 0.00,"Total Cost": 4210.00,"Plan Rows": 62500,"Plan Width": 8,"Actual Startup Time": 0.011,"Actual Total Time": 9.092,"Actual Rows": 50000,"Actual Loops": 3,"Workers": []},{"Node Type": "Hash","Parent Relationship": "Inner","Parallel Aware": false,"Async Capable": false,"Startup Cost": 1.38,"Total Cost": 1.38,"Plan Rows": 2,"Plan Width": 108,"Actual Startup Time": 0.063,"Actual Total Time": 0.073,"Actual Rows": 2,"Actual Loops": 3,"Hash Buckets": 1024,"Original Hash Buckets": 1024,"Hash Batches": 1,"Original Hash Batches": 1,"Peak Memory Usage": 9,"Workers": [],"Plans": [{"Node Type": "Seq Scan","Parent Relationship": "Outer","Parallel Aware": false,"Async Capable": false,"Relation Name": "nation","Alias": "n2","Startup Cost": 0.00,"Total Cost": 1.38,"Plan Rows": 2,"Plan Width": 108,"Actual Startup Time": 0.049,"Actual Total Time": 0.057,"Actual Rows": 2,"Actual Loops": 3,"Filter": "((n_name = 'JORDAN'::bpchar) OR (n_name = 'CANADA'::bpchar))","Rows Removed by Filter": 23,"Workers": []}]}]},{"Node Type": "Index Scan","Parent Relationship": "Inner","Parallel Aware": false,"Async Capable": false,"Scan Direction": "Forward","Index Name": "idx_orders_custkey","Relation Name": "orders","Alias": "orders","Startup Cost": 0.43,"Total Cost": 1.46,"Plan Rows": 17,"Plan Width": 8,"Actual Startup Time": 0.007,"Actual Total Time": 0.043,"Actual Rows": 10,"Actual Loops": 12053,"Index Cond": "(o_custkey = customer.c_custkey)","Rows Removed by Index Recheck": 0,"Workers": []}]},{"Node Type": "Index Scan","Parent Relationship": "Inner","Parallel Aware": false,"Async Capable": false,"Scan Direction": "Forward","Index Name": "idx_lineitem_orderkey","Relation Name": "lineitem","Alias": "lineitem","Startup Cost": 0.43,"Total Cost": 1.14,"Plan Rows": 5,"Plan Width": 24,"Actual Startup Time": 0.016,"Actual Total Time": 0.017,"Actual Rows": 1,"Actual Loops": 121216,"Index Cond": "(l_orderkey = orders.o_orderkey)","Rows Removed by Index Recheck": 0,"Filter": "((l_shipdate >= '1995-01-01'::date) AND (l_shipdate <= '1996-12-31'::date))","Rows Removed by Filter": 3,"Workers": []}]},{"Node Type": "Hash","Parent Relationship": "Inner","Parallel Aware": false,"Async Capable": false,"Startup Cost": 354.10,"Total Cost": 354.10,"Plan Rows": 784,"Plan Width": 108,"Actual Startup Time": 11.354,"Actual Total Time": 11.373,"Actual Rows": 774,"Actual Loops": 3,"Hash Buckets": 1024,"Original Hash Buckets": 1024,"Hash Batches": 1,"Original Hash Batches": 1,"Peak Memory Usage": 55,"Workers": [],"Plans": [{"Node Type": "Hash Join","Parent Relationship": "Outer","Parallel Aware": false,"Async Capable": false,"Join Type": "Inner","Startup Cost": 1.40,"Total Cost": 354.10,"Plan Rows": 784,"Plan Width": 108,"Actual Startup Time": 0.071,"Actual Total Time": 11.188,"Actual Rows": 774,"Actual Loops": 3,"Inner Unique": true,"Hash Cond": "(supplier.s_nationkey = n1.n_nationkey)","Workers": [],"Plans": [{"Node Type": "Seq Scan","Parent Relationship": "Outer","Parallel Aware": false,"Async Capable": false,"Relation Name": "supplier","Alias": "supplier","Startup Cost": 0.00,"Total Cost": 322.00,"Plan Rows": 10000,"Plan Width": 8,"Actual Startup Time": 0.024,"Actual Total Time": 4.363,"Actual Rows": 10000,"Actual Loops": 3,"Workers": []},{"Node Type": "Hash","Parent Relationship": "Inner","Parallel Aware": false,"Async Capable": false,"Startup Cost": 1.38,"Total Cost": 1.38,"Plan Rows": 2,"Plan Width": 108,"Actual Startup Time": 0.013,"Actual Total Time": 0.019,"Actual Rows": 2,"Actual Loops": 3,"Hash Buckets": 1024,"Original Hash Buckets": 1024,"Hash Batches": 1,"Original Hash Batches": 1,"Peak Memory Usage": 9,"Workers": [],"Plans": [{"Node Type": "Seq Scan","Parent Relationship": "Outer","Parallel Aware": false,"Async Capable": false,"Relation Name": "nation","Alias": "n1","Startup Cost": 0.00,"Total Cost": 1.38,"Plan Rows": 2,"Plan Width": 108,"Actual Startup Time": 0.004,"Actual Total Time": 0.009,"Actual Rows": 2,"Actual Loops": 3,"Filter": "((n_name = 'CANADA'::bpchar) OR (n_name = 'JORDAN'::bpchar))","Rows Removed by Filter": 23,"Workers": []}]}]}]}]}]}]}]}]},"Planning Time": 9.475,"Triggers": [],"Execution Time": 976.606}]
[{"Plan": {"Node Type": "Aggregate","Strategy": "Sorted","Partial Mode": "Finalize","Parallel Aware": false,"Async Capable": false,"Startup Cost": 72556.41,"Total Cost": 73352.71,"Plan Rows": 5893,"Plan Width": 272,"Actual Startup Time": 918.562,"Actual Total Time": 963.848,"Actual Rows": 4,"Actual Loops": 1,"Group Key": ["n1.n_name", "n2.n_name", "(EXTRACT(year FROM lineitem.l_shipdate))"],"Plans": [{"Node Type": "Gather Merge","Parent Relationship": "Outer","Parallel Aware": false,"Async Capable": false,"Startup Cost": 72556.41,"Total Cost": 73202.94,"Plan Rows": 4910,"Plan Width": 272,"Actual Startup Time": 918.245,"Actual Total Time": 963.758,"Actual Rows": 12,"Actual Loops": 1,"Workers Planned": 2,"Workers Launched": 2,"Plans": [{"Node Type": "Aggregate","Strategy": "Sorted","Partial Mode": "Partial","Parent Relationship": "Outer","Parallel Aware": false,"Async Capable": false,"Startup Cost": 71556.39,"Total Cost": 71636.18,"Plan Rows": 2455,"Plan Width": 272,"Actual Startup Time": 910.449,"Actual Total Time": 911.148,"Actual Rows": 4,"Actual Loops": 3,"Group Key": ["n1.n_name", "n2.n_name", "(EXTRACT(year FROM lineitem.l_shipdate))"],"Workers": [],"Plans": [{"Node Type": "Sort","Parent Relationship": "Outer","Parallel Aware": false,"Async Capable": false,"Startup Cost": 71556.39,"Total Cost": 71562.53,"Plan Rows": 2455,"Plan Width": 252,"Actual Startup Time": 910.176,"Actual Total Time": 910.288,"Actual Rows": 2012,"Actual Loops": 3,"Sort Key": ["n1.n_name", "n2.n_name", "(EXTRACT(year FROM lineitem.l_shipdate))"],"Sort Method": "quicksort","Sort Space Used": 267,"Sort Space Type": "Memory","Workers": [{"Worker Number": 0,"Sort Method": "quicksort","Sort Space Used": 261,"Sort Space Type": "Memory"},{"Worker Number": 1,"Sort Method": "quicksort","Sort Space Used": 326,"Sort Space Type": "Memory"}],"Plans": [{"Node Type": "Hash Join","Parent Relationship": "Outer","Parallel Aware": false,"Async Capable": false,"Join Type": "Inner","Startup Cost": 366.16,"Total Cost": 71418.15,"Plan Rows": 2455,"Plan Width": 252,"Actual Startup Time": 9.301,"Actual Total Time": 908.319,"Actual Rows": 2012,"Actual Loops": 3,"Inner Unique": false,"Hash Cond": "(lineitem.l_suppkey = supplier.s_suppkey)","Join Filter": "(((n1.n_name = 'ARGENTINA'::bpchar) AND (n2.n_name = 'CANADA'::bpchar)) OR ((n1.n_name = 'CANADA'::bpchar) AND (n2.n_name = 'ARGENTINA'::bpchar)))","Rows Removed by Join Filter": 1987,"Workers": [],"Plans": [{"Node Type": "Nested Loop","Parent Relationship": "Outer","Parallel Aware": false,"Async Capable": false,"Join Type": "Inner","Startup Cost": 2.26,"Total Cost": 70727.78,"Plan Rows": 60250,"Plan Width": 124,"Actual Startup Time": 0.649,"Actual Total Time": 893.788,"Actual Rows": 48850,"Actual Loops": 3,"Inner Unique": false,"Workers": [],"Plans": [{"Node Type": "Nested Loop","Parent Relationship": "Outer","Parallel Aware": false,"Async Capable": false,"Join Type": "Inner","Startup Cost": 1.83,"Total Cost": 12400.01,"Plan Rows": 49000,"Plan Width": 108,"Actual Startup Time": 0.257,"Actual Total Time": 221.094,"Actual Rows": 40009,"Actual Loops": 3,"Inner Unique": false,"Workers": [],"Plans": [{"Node Type": "Hash Join","Parent Relationship": "Outer","Parallel Aware": false,"Async Capable": false,"Join Type": "Inner","Startup Cost": 1.40,"Total Cost": 4403.27,"Plan Rows": 4900,"Plan Width": 108,"Actual Startup Time": 0.170,"Actual Total Time": 42.827,"Actual Rows": 3998,"Actual Loops": 3,"Inner Unique": true,"Hash Cond": "(customer.c_nationkey = n2.n_nationkey)","Workers": [],"Plans": [{"Node Type": "Seq Scan","Parent Relationship": "Outer","Parallel Aware": true,"Async Capable": false,"Relation Name": "customer","Alias": "customer","Startup Cost": 0.00,"Total Cost": 4210.00,"Plan Rows": 62500,"Plan Width": 8,"Actual Startup Time": 0.011,"Actual Total Time": 8.977,"Actual Rows": 50000,"Actual Loops": 3,"Workers": []},{"Node Type": "Hash","Parent Relationship": "Inner","Parallel Aware": false,"Async Capable": false,"Startup Cost": 1.38,"Total Cost": 1.38,"Plan Rows": 2,"Plan Width": 108,"Actual Startup Time": 0.071,"Actual Total Time": 0.076,"Actual Rows": 2,"Actual Loops": 3,"Hash Buckets": 1024,"Original Hash Buckets": 1024,"Hash Batches": 1,"Original Hash Batches": 1,"Peak Memory Usage": 9,"Workers": [],"Plans": [{"Node Type": "Seq Scan","Parent Relationship": "Outer","Parallel Aware": false,"Async Capable": false,"Relation Name": "nation","Alias": "n2","Startup Cost": 0.00,"Total Cost": 1.38,"Plan Rows": 2,"Plan Width": 108,"Actual Startup Time": 0.048,"Actual Total Time": 0.060,"Actual Rows": 2,"Actual Loops": 3,"Filter": "((n_name = 'CANADA'::bpchar) OR (n_name = 'ARGENTINA'::bpchar))","Rows Removed by Filter": 23,"Workers": []}]}]},{"Node Type": "Index Scan","Parent Relationship": "Inner","Parallel Aware": false,"Async Capable": false,"Scan Direction": "Forward","Index Name": "idx_orders_custkey","Relation Name": "orders","Alias": "orders","Startup Cost": 0.43,"Total Cost": 1.46,"Plan Rows": 17,"Plan Width": 8,"Actual Startup Time": 0.007,"Actual Total Time": 0.043,"Actual Rows": 10,"Actual Loops": 11995,"Index Cond": "(o_custkey = customer.c_custkey)","Rows Removed by Index Recheck": 0,"Workers": []}]},{"Node Type": "Index Scan","Parent Relationship": "Inner","Parallel Aware": false,"Async Capable": false,"Scan Direction": "Forward","Index Name": "idx_lineitem_orderkey","Relation Name": "lineitem","Alias": "lineitem","Startup Cost": 0.43,"Total Cost": 1.14,"Plan Rows": 5,"Plan Width": 24,"Actual Startup Time": 0.016,"Actual Total Time": 0.017,"Actual Rows": 1,"Actual Loops": 120027,"Index Cond": "(l_orderkey = orders.o_orderkey)","Rows Removed by Index Recheck": 0,"Filter": "((l_shipdate >= '1995-01-01'::date) AND (l_shipdate <= '1996-12-31'::date))","Rows Removed by Filter": 3,"Workers": []}]},{"Node Type": "Hash","Parent Relationship": "Inner","Parallel Aware": false,"Async Capable": false,"Startup Cost": 354.10,"Total Cost": 354.10,"Plan Rows": 784,"Plan Width": 108,"Actual Startup Time": 7.424,"Actual Total Time": 7.440,"Actual Rows": 825,"Actual Loops": 3,"Hash Buckets": 1024,"Original Hash Buckets": 1024,"Hash Batches": 1,"Original Hash Batches": 1,"Peak Memory Usage": 58,"Workers": [],"Plans": [{"Node Type": "Hash Join","Parent Relationship": "Outer","Parallel Aware": false,"Async Capable": false,"Join Type": "Inner","Startup Cost": 1.40,"Total Cost": 354.10,"Plan Rows": 784,"Plan Width": 108,"Actual Startup Time": 0.088,"Actual Total Time": 7.227,"Actual Rows": 825,"Actual Loops": 3,"Inner Unique": true,"Hash Cond": "(supplier.s_nationkey = n1.n_nationkey)","Workers": [],"Plans": [{"Node Type": "Seq Scan","Parent Relationship": "Outer","Parallel Aware": false,"Async Capable": false,"Relation Name": "supplier","Alias": "supplier","Startup Cost": 0.00,"Total Cost": 322.00,"Plan Rows": 10000,"Plan Width": 8,"Actual Startup Time": 0.035,"Actual Total Time": 3.767,"Actual Rows": 10000,"Actual Loops": 3,"Workers": []},{"Node Type": "Hash","Parent Relationship": "Inner","Parallel Aware": false,"Async Capable": false,"Startup Cost": 1.38,"Total Cost": 1.38,"Plan Rows": 2,"Plan Width": 108,"Actual Startup Time": 0.018,"Actual Total Time": 0.022,"Actual Rows": 2,"Actual Loops": 3,"Hash Buckets": 1024,"Original Hash Buckets": 1024,"Hash Batches": 1,"Original Hash Batches": 1,"Peak Memory Usage": 9,"Workers": [],"Plans": [{"Node Type": "Seq Scan","Parent Relationship": "Outer","Parallel Aware": false,"Async Capable": false,"Relation Name": "nation","Alias": "n1","Startup Cost": 0.00,"Total Cost": 1.38,"Plan Rows": 2,"Plan Width": 108,"Actual Startup Time": 0.006,"Actual Total Time": 0.012,"Actual Rows": 2,"Actual Loops": 3,"Filter": "((n_name = 'ARGENTINA'::bpchar) OR (n_name = 'CANADA'::bpchar))","Rows Removed by Filter": 23,"Workers": []}]}]}]}]}]}]}]}]},"Planning Time": 8.786,"Triggers": [],"Execution Time": 964.464}]
[{"Plan": {"Node Type": "Aggregate","Strategy": "Sorted","Partial Mode": "Finalize","Parallel Aware": false,"Async Capable": false,"Startup Cost": 72556.41,"Total Cost": 73352.71,"Plan Rows": 5893,"Plan Width": 272,"Actual Startup Time": 927.924,"Actual Total Time": 972.168,"Actual Rows": 4,"Actual Loops": 1,"Group Key": ["n1.n_name", "n2.n_name", "(EXTRACT(year FROM lineitem.l_shipdate))"],"Plans": [{"Node Type": "Gather Merge","Parent Relationship": "Outer","Parallel Aware": false,"Async Capable": false,"Startup Cost": 72556.41,"Total Cost": 73202.94,"Plan Rows": 4910,"Plan Width": 272,"Actual Startup Time": 927.592,"Actual Total Time": 972.093,"Actual Rows": 12,"Actual Loops": 1,"Workers Planned": 2,"Workers Launched": 2,"Plans": [{"Node Type": "Aggregate","Strategy": "Sorted","Partial Mode": "Partial","Parent Relationship": "Outer","Parallel Aware": false,"Async Capable": false,"Startup Cost": 71556.39,"Total Cost": 71636.18,"Plan Rows": 2455,"Plan Width": 272,"Actual Startup Time": 919.586,"Actual Total Time": 920.293,"Actual Rows": 4,"Actual Loops": 3,"Group Key": ["n1.n_name", "n2.n_name", "(EXTRACT(year FROM lineitem.l_shipdate))"],"Workers": [],"Plans": [{"Node Type": "Sort","Parent Relationship": "Outer","Parallel Aware": false,"Async Capable": false,"Startup Cost": 71556.39,"Total Cost": 71562.53,"Plan Rows": 2455,"Plan Width": 252,"Actual Startup Time": 919.313,"Actual Total Time": 919.419,"Actual Rows": 2028,"Actual Loops": 3,"Sort Key": ["n1.n_name", "n2.n_name", "(EXTRACT(year FROM lineitem.l_shipdate))"],"Sort Method": "quicksort","Sort Space Used": 331,"Sort Space Type": "Memory","Workers": [{"Worker Number": 0,"Sort Method": "quicksort","Sort Space Used": 265,"Sort Space Type": "Memory"},{"Worker Number": 1,"Sort Method": "quicksort","Sort Space Used": 263,"Sort Space Type": "Memory"}],"Plans": [{"Node Type": "Hash Join","Parent Relationship": "Outer","Parallel Aware": false,"Async Capable": false,"Join Type": "Inner","Startup Cost": 366.16,"Total Cost": 71418.15,"Plan Rows": 2455,"Plan Width": 252,"Actual Startup Time": 12.231,"Actual Total Time": 917.432,"Actual Rows": 2028,"Actual Loops": 3,"Inner Unique": false,"Hash Cond": "(lineitem.l_suppkey = supplier.s_suppkey)","Join Filter": "(((n1.n_name = 'PERU'::bpchar) AND (n2.n_name = 'MOZAMBIQUE'::bpchar)) OR ((n1.n_name = 'MOZAMBIQUE'::bpchar) AND (n2.n_name = 'PERU'::bpchar)))","Rows Removed by Join Filter": 2052,"Workers": [],"Plans": [{"Node Type": "Nested Loop","Parent Relationship": "Outer","Parallel Aware": false,"Async Capable": false,"Join Type": "Inner","Startup Cost": 2.26,"Total Cost": 70727.78,"Plan Rows": 60250,"Plan Width": 124,"Actual Startup Time": 0.571,"Actual Total Time": 898.966,"Actual Rows": 48713,"Actual Loops": 3,"Inner Unique": false,"Workers": [],"Plans": [{"Node Type": "Nested Loop","Parent Relationship": "Outer","Parallel Aware": false,"Async Capable": false,"Join Type": "Inner","Startup Cost": 1.83,"Total Cost": 12400.01,"Plan Rows": 49000,"Plan Width": 108,"Actual Startup Time": 0.270,"Actual Total Time": 223.197,"Actual Rows": 40095,"Actual Loops": 3,"Inner Unique": false,"Workers": [],"Plans": [{"Node Type": "Hash Join","Parent Relationship": "Outer","Parallel Aware": false,"Async Capable": false,"Join Type": "Inner","Startup Cost": 1.40,"Total Cost": 4403.27,"Plan Rows": 4900,"Plan Width": 108,"Actual Startup Time": 0.180,"Actual Total Time": 45.150,"Actual Rows": 3983,"Actual Loops": 3,"Inner Unique": true,"Hash Cond": "(customer.c_nationkey = n2.n_nationkey)","Workers": [],"Plans": [{"Node Type": "Seq Scan","Parent Relationship": "Outer","Parallel Aware": true,"Async Capable": false,"Relation Name": "customer","Alias": "customer","Startup Cost": 0.00,"Total Cost": 4210.00,"Plan Rows": 62500,"Plan Width": 8,"Actual Startup Time": 0.016,"Actual Total Time": 9.023,"Actual Rows": 50000,"Actual Loops": 3,"Workers": []},{"Node Type": "Hash","Parent Relationship": "Inner","Parallel Aware": false,"Async Capable": false,"Startup Cost": 1.38,"Total Cost": 1.38,"Plan Rows": 2,"Plan Width": 108,"Actual Startup Time": 0.079,"Actual Total Time": 0.084,"Actual Rows": 2,"Actual Loops": 3,"Hash Buckets": 1024,"Original Hash Buckets": 1024,"Hash Batches": 1,"Original Hash Batches": 1,"Peak Memory Usage": 9,"Workers": [],"Plans": [{"Node Type": "Seq Scan","Parent Relationship": "Outer","Parallel Aware": false,"Async Capable": false,"Relation Name": "nation","Alias": "n2","Startup Cost": 0.00,"Total Cost": 1.38,"Plan Rows": 2,"Plan Width": 108,"Actual Startup Time": 0.064,"Actual Total Time": 0.067,"Actual Rows": 2,"Actual Loops": 3,"Filter": "((n_name = 'MOZAMBIQUE'::bpchar) OR (n_name = 'PERU'::bpchar))","Rows Removed by Filter": 23,"Workers": []}]}]},{"Node Type": "Index Scan","Parent Relationship": "Inner","Parallel Aware": false,"Async Capable": false,"Scan Direction": "Forward","Index Name": "idx_orders_custkey","Relation Name": "orders","Alias": "orders","Startup Cost": 0.43,"Total Cost": 1.46,"Plan Rows": 17,"Plan Width": 8,"Actual Startup Time": 0.007,"Actual Total Time": 0.043,"Actual Rows": 10,"Actual Loops": 11949,"Index Cond": "(o_custkey = customer.c_custkey)","Rows Removed by Index Recheck": 0,"Workers": []}]},{"Node Type": "Index Scan","Parent Relationship": "Inner","Parallel Aware": false,"Async Capable": false,"Scan Direction": "Forward","Index Name": "idx_lineitem_orderkey","Relation Name": "lineitem","Alias": "lineitem","Startup Cost": 0.43,"Total Cost": 1.14,"Plan Rows": 5,"Plan Width": 24,"Actual Startup Time": 0.016,"Actual Total Time": 0.017,"Actual Rows": 1,"Actual Loops": 120285,"Index Cond": "(l_orderkey = orders.o_orderkey)","Rows Removed by Index Recheck": 0,"Filter": "((l_shipdate >= '1995-01-01'::date) AND (l_shipdate <= '1996-12-31'::date))","Rows Removed by Filter": 3,"Workers": []}]},{"Node Type": "Hash","Parent Relationship": "Inner","Parallel Aware": false,"Async Capable": false,"Startup Cost": 354.10,"Total Cost": 354.10,"Plan Rows": 784,"Plan Width": 108,"Actual Startup Time": 11.257,"Actual Total Time": 11.271,"Actual Rows": 827,"Actual Loops": 3,"Hash Buckets": 1024,"Original Hash Buckets": 1024,"Hash Batches": 1,"Original Hash Batches": 1,"Peak Memory Usage": 59,"Workers": [],"Plans": [{"Node Type": "Hash Join","Parent Relationship": "Outer","Parallel Aware": false,"Async Capable": false,"Join Type": "Inner","Startup Cost": 1.40,"Total Cost": 354.10,"Plan Rows": 784,"Plan Width": 108,"Actual Startup Time": 0.073,"Actual Total Time": 11.083,"Actual Rows": 827,"Actual Loops": 3,"Inner Unique": true,"Hash Cond": "(supplier.s_nationkey = n1.n_nationkey)","Workers": [],"Plans": [{"Node Type": "Seq Scan","Parent Relationship": "Outer","Parallel Aware": false,"Async Capable": false,"Relation Name": "supplier","Alias": "supplier","Startup Cost": 0.00,"Total Cost": 322.00,"Plan Rows": 10000,"Plan Width": 8,"Actual Startup Time": 0.037,"Actual Total Time": 4.289,"Actual Rows": 10000,"Actual Loops": 3,"Workers": []},{"Node Type": "Hash","Parent Relationship": "Inner","Parallel Aware": false,"Async Capable": false,"Startup Cost": 1.38,"Total Cost": 1.38,"Plan Rows": 2,"Plan Width": 108,"Actual Startup Time": 0.011,"Actual Total Time": 0.017,"Actual Rows": 2,"Actual Loops": 3,"Hash Buckets": 1024,"Original Hash Buckets": 1024,"Hash Batches": 1,"Original Hash Batches": 1,"Peak Memory Usage": 9,"Workers": [],"Plans": [{"Node Type": "Seq Scan","Parent Relationship": "Outer","Parallel Aware": false,"Async Capable": false,"Relation Name": "nation","Alias": "n1","Startup Cost": 0.00,"Total Cost": 1.38,"Plan Rows": 2,"Plan Width": 108,"Actual Startup Time": 0.006,"Actual Total Time": 0.009,"Actual Rows": 2,"Actual Loops": 3,"Filter": "((n_name = 'PERU'::bpchar) OR (n_name = 'MOZAMBIQUE'::bpchar))","Rows Removed by Filter": 23,"Workers": []}]}]}]}]}]}]}]}]},"Planning Time": 9.857,"Triggers": [],"Execution Time": 972.637}]
[{"Plan": {"Node Type": "Aggregate","Strategy": "Sorted","Partial Mode": "Finalize","Parallel Aware": false,"Async Capable": false,"Startup Cost": 72556.41,"Total Cost": 73352.71,"Plan Rows": 5893,"Plan Width": 272,"Actual Startup Time": 928.833,"Actual Total Time": 972.519,"Actual Rows": 4,"Actual Loops": 1,"Group Key": ["n1.n_name", "n2.n_name", "(EXTRACT(year FROM lineitem.l_shipdate))"],"Plans": [{"Node Type": "Gather Merge","Parent Relationship": "Outer","Parallel Aware": false,"Async Capable": false,"Startup Cost": 72556.41,"Total Cost": 73202.94,"Plan Rows": 4910,"Plan Width": 272,"Actual Startup Time": 928.380,"Actual Total Time": 972.441,"Actual Rows": 12,"Actual Loops": 1,"Workers Planned": 2,"Workers Launched": 2,"Plans": [{"Node Type": "Aggregate","Strategy": "Sorted","Partial Mode": "Partial","Parent Relationship": "Outer","Parallel Aware": false,"Async Capable": false,"Startup Cost": 71556.39,"Total Cost": 71636.18,"Plan Rows": 2455,"Plan Width": 272,"Actual Startup Time": 920.230,"Actual Total Time": 920.988,"Actual Rows": 4,"Actual Loops": 3,"Group Key": ["n1.n_name", "n2.n_name", "(EXTRACT(year FROM lineitem.l_shipdate))"],"Workers": [],"Plans": [{"Node Type": "Sort","Parent Relationship": "Outer","Parallel Aware": false,"Async Capable": false,"Startup Cost": 71556.39,"Total Cost": 71562.53,"Plan Rows": 2455,"Plan Width": 252,"Actual Startup Time": 919.962,"Actual Total Time": 920.078,"Actual Rows": 2021,"Actual Loops": 3,"Sort Key": ["n1.n_name", "n2.n_name", "(EXTRACT(year FROM lineitem.l_shipdate))"],"Sort Method": "quicksort","Sort Space Used": 332,"Sort Space Type": "Memory","Workers": [{"Worker Number": 0,"Sort Method": "quicksort","Sort Space Used": 259,"Sort Space Type": "Memory"},{"Worker Number": 1,"Sort Method": "quicksort","Sort Space Used": 266,"Sort Space Type": "Memory"}],"Plans": [{"Node Type": "Hash Join","Parent Relationship": "Outer","Parallel Aware": false,"Async Capable": false,"Join Type": "Inner","Startup Cost": 366.16,"Total Cost": 71418.15,"Plan Rows": 2455,"Plan Width": 252,"Actual Startup Time": 14.082,"Actual Total Time": 918.074,"Actual Rows": 2021,"Actual Loops": 3,"Inner Unique": false,"Hash Cond": "(lineitem.l_suppkey = supplier.s_suppkey)","Join Filter": "(((n1.n_name = 'ARGENTINA'::bpchar) AND (n2.n_name = 'MOZAMBIQUE'::bpchar)) OR ((n1.n_name = 'MOZAMBIQUE'::bpchar) AND (n2.n_name = 'ARGENTINA'::bpchar)))","Rows Removed by Join Filter": 2000,"Workers": [],"Plans": [{"Node Type": "Nested Loop","Parent Relationship": "Outer","Parallel Aware": false,"Async Capable": false,"Join Type": "Inner","Startup Cost": 2.26,"Total Cost": 70727.78,"Plan Rows": 60250,"Plan Width": 124,"Actual Startup Time": 0.763,"Actual Total Time": 899.084,"Actual Rows": 48998,"Actual Loops": 3,"Inner Unique": false,"Workers": [],"Plans": [{"Node Type": "Nested Loop","Parent Relationship": "Outer","Parallel Aware": false,"Async Capable": false,"Join Type": "Inner","Startup Cost": 1.83,"Total Cost": 12400.01,"Plan Rows": 49000,"Plan Width": 108,"Actual Startup Time": 0.336,"Actual Total Time": 222.369,"Actual Rows": 40271,"Actual Loops": 3,"Inner Unique": false,"Workers": [],"Plans": [{"Node Type": "Hash Join","Parent Relationship": "Outer","Parallel Aware": false,"Async Capable": false,"Join Type": "Inner","Startup Cost": 1.40,"Total Cost": 4403.27,"Plan Rows": 4900,"Plan Width": 108,"Actual Startup Time": 0.218,"Actual Total Time": 43.658,"Actual Rows": 3983,"Actual Loops": 3,"Inner Unique": true,"Hash Cond": "(customer.c_nationkey = n2.n_nationkey)","Workers": [],"Plans": [{"Node Type": "Seq Scan","Parent Relationship": "Outer","Parallel Aware": true,"Async Capable": false,"Relation Name": "customer","Alias": "customer","Startup Cost": 0.00,"Total Cost": 4210.00,"Plan Rows": 62500,"Plan Width": 8,"Actual Startup Time": 0.020,"Actual Total Time": 9.290,"Actual Rows": 50000,"Actual Loops": 3,"Workers": []},{"Node Type": "Hash","Parent Relationship": "Inner","Parallel Aware": false,"Async Capable": false,"Startup Cost": 1.38,"Total Cost": 1.38,"Plan Rows": 2,"Plan Width": 108,"Actual Startup Time": 0.094,"Actual Total Time": 0.100,"Actual Rows": 2,"Actual Loops": 3,"Hash Buckets": 1024,"Original Hash Buckets": 1024,"Hash Batches": 1,"Original Hash Batches": 1,"Peak Memory Usage": 9,"Workers": [],"Plans": [{"Node Type": "Seq Scan","Parent Relationship": "Outer","Parallel Aware": false,"Async Capable": false,"Relation Name": "nation","Alias": "n2","Startup Cost": 0.00,"Total Cost": 1.38,"Plan Rows": 2,"Plan Width": 108,"Actual Startup Time": 0.072,"Actual Total Time": 0.081,"Actual Rows": 2,"Actual Loops": 3,"Filter": "((n_name = 'MOZAMBIQUE'::bpchar) OR (n_name = 'ARGENTINA'::bpchar))","Rows Removed by Filter": 23,"Workers": []}]}]},{"Node Type": "Index Scan","Parent Relationship": "Inner","Parallel Aware": false,"Async Capable": false,"Scan Direction": "Forward","Index Name": "idx_orders_custkey","Relation Name": "orders","Alias": "orders","Startup Cost": 0.43,"Total Cost": 1.46,"Plan Rows": 17,"Plan Width": 8,"Actual Startup Time": 0.007,"Actual Total Time": 0.044,"Actual Rows": 10,"Actual Loops": 11949,"Index Cond": "(o_custkey = customer.c_custkey)","Rows Removed by Index Recheck": 0,"Workers": []}]},{"Node Type": "Index Scan","Parent Relationship": "Inner","Parallel Aware": false,"Async Capable": false,"Scan Direction": "Forward","Index Name": "idx_lineitem_orderkey","Relation Name": "lineitem","Alias": "lineitem","Startup Cost": 0.43,"Total Cost": 1.14,"Plan Rows": 5,"Plan Width": 24,"Actual Startup Time": 0.016,"Actual Total Time": 0.017,"Actual Rows": 1,"Actual Loops": 120814,"Index Cond": "(l_orderkey = orders.o_orderkey)","Rows Removed by Index Recheck": 0,"Filter": "((l_shipdate >= '1995-01-01'::date) AND (l_shipdate <= '1996-12-31'::date))","Rows Removed by Filter": 3,"Workers": []}]},{"Node Type": "Hash","Parent Relationship": "Inner","Parallel Aware": false,"Async Capable": false,"Startup Cost": 354.10,"Total Cost": 354.10,"Plan Rows": 784,"Plan Width": 108,"Actual Startup Time": 11.703,"Actual Total Time": 11.718,"Actual Rows": 819,"Actual Loops": 3,"Hash Buckets": 1024,"Original Hash Buckets": 1024,"Hash Batches": 1,"Original Hash Batches": 1,"Peak Memory Usage": 58,"Workers": [],"Plans": [{"Node Type": "Hash Join","Parent Relationship": "Outer","Parallel Aware": false,"Async Capable": false,"Join Type": "Inner","Startup Cost": 1.40,"Total Cost": 354.10,"Plan Rows": 784,"Plan Width": 108,"Actual Startup Time": 0.091,"Actual Total Time": 11.505,"Actual Rows": 819,"Actual Loops": 3,"Inner Unique": true,"Hash Cond": "(supplier.s_nationkey = n1.n_nationkey)","Workers": [],"Plans": [{"Node Type": "Seq Scan","Parent Relationship": "Outer","Parallel Aware": false,"Async Capable": false,"Relation Name": "supplier","Alias": "supplier","Startup Cost": 0.00,"Total Cost": 322.00,"Plan Rows": 10000,"Plan Width": 8,"Actual Startup Time": 0.035,"Actual Total Time": 4.728,"Actual Rows": 10000,"Actual Loops": 3,"Workers": []},{"Node Type": "Hash","Parent Relationship": "Inner","Parallel Aware": false,"Async Capable": false,"Startup Cost": 1.38,"Total Cost": 1.38,"Plan Rows": 2,"Plan Width": 108,"Actual Startup Time": 0.019,"Actual Total Time": 0.024,"Actual Rows": 2,"Actual Loops": 3,"Hash Buckets": 1024,"Original Hash Buckets": 1024,"Hash Batches": 1,"Original Hash Batches": 1,"Peak Memory Usage": 9,"Workers": [],"Plans": [{"Node Type": "Seq Scan","Parent Relationship": "Outer","Parallel Aware": false,"Async Capable": false,"Relation Name": "nation","Alias": "n1","Startup Cost": 0.00,"Total Cost": 1.38,"Plan Rows": 2,"Plan Width": 108,"Actual Startup Time": 0.005,"Actual Total Time": 0.013,"Actual Rows": 2,"Actual Loops": 3,"Filter": "((n_name = 'ARGENTINA'::bpchar) OR (n_name = 'MOZAMBIQUE'::bpchar))","Rows Removed by Filter": 23,"Workers": []}]}]}]}]}]}]}]}]},"Planning Time": 9.290,"Triggers": [],"Execution Time": 972.937}]
[{"Plan": {"Node Type": "Aggregate","Strategy": "Sorted","Partial Mode": "Finalize","Parallel Aware": false,"Async Capable": false,"Startup Cost": 72556.41,"Total Cost": 73352.71,"Plan Rows": 5893,"Plan Width": 272,"Actual Startup Time": 915.232,"Actual Total Time": 965.278,"Actual Rows": 4,"Actual Loops": 1,"Group Key": ["n1.n_name", "n2.n_name", "(EXTRACT(year FROM lineitem.l_shipdate))"],"Plans": [{"Node Type": "Gather Merge","Parent Relationship": "Outer","Parallel Aware": false,"Async Capable": false,"Startup Cost": 72556.41,"Total Cost": 73202.94,"Plan Rows": 4910,"Plan Width": 272,"Actual Startup Time": 914.583,"Actual Total Time": 965.196,"Actual Rows": 12,"Actual Loops": 1,"Workers Planned": 2,"Workers Launched": 2,"Plans": [{"Node Type": "Aggregate","Strategy": "Sorted","Partial Mode": "Partial","Parent Relationship": "Outer","Parallel Aware": false,"Async Capable": false,"Startup Cost": 71556.39,"Total Cost": 71636.18,"Plan Rows": 2455,"Plan Width": 272,"Actual Startup Time": 905.379,"Actual Total Time": 906.277,"Actual Rows": 4,"Actual Loops": 3,"Group Key": ["n1.n_name", "n2.n_name", "(EXTRACT(year FROM lineitem.l_shipdate))"],"Workers": [],"Plans": [{"Node Type": "Sort","Parent Relationship": "Outer","Parallel Aware": false,"Async Capable": false,"Startup Cost": 71556.39,"Total Cost": 71562.53,"Plan Rows": 2455,"Plan Width": 252,"Actual Startup Time": 905.117,"Actual Total Time": 905.242,"Actual Rows": 2045,"Actual Loops": 3,"Sort Key": ["n1.n_name", "n2.n_name", "(EXTRACT(year FROM lineitem.l_shipdate))"],"Sort Method": "quicksort","Sort Space Used": 270,"Sort Space Type": "Memory","Workers": [{"Worker Number": 0,"Sort Method": "quicksort","Sort Space Used": 325,"Sort Space Type": "Memory"},{"Worker Number": 1,"Sort Method": "quicksort","Sort Space Used": 270,"Sort Space Type": "Memory"}],"Plans": [{"Node Type": "Hash Join","Parent Relationship": "Outer","Parallel Aware": false,"Async Capable": false,"Join Type": "Inner","Startup Cost": 366.16,"Total Cost": 71418.15,"Plan Rows": 2455,"Plan Width": 252,"Actual Startup Time": 9.338,"Actual Total Time": 903.156,"Actual Rows": 2045,"Actual Loops": 3,"Inner Unique": false,"Hash Cond": "(lineitem.l_suppkey = supplier.s_suppkey)","Join Filter": "(((n1.n_name = 'IRAQ'::bpchar) AND (n2.n_name = 'ARGENTINA'::bpchar)) OR ((n1.n_name = 'ARGENTINA'::bpchar) AND (n2.n_name = 'IRAQ'::bpchar)))","Rows Removed by Join Filter": 2046,"Workers": [],"Plans": [{"Node Type": "Nested Loop","Parent Relationship": "Outer","Parallel Aware": false,"Async Capable": false,"Join Type": "Inner","Startup Cost": 2.26,"Total Cost": 70727.78,"Plan Rows": 60250,"Plan Width": 124,"Actual Startup Time": 0.844,"Actual Total Time": 888.086,"Actual Rows": 48168,"Actual Loops": 3,"Inner Unique": false,"Workers": [],"Plans": [{"Node Type": "Nested Loop","Parent Relationship": "Outer","Parallel Aware": false,"Async Capable": false,"Join Type": "Inner","Startup Cost": 1.83,"Total Cost": 12400.01,"Plan Rows": 49000,"Plan Width": 108,"Actual Startup Time": 0.354,"Actual Total Time": 223.685,"Actual Rows": 39483,"Actual Loops": 3,"Inner Unique": false,"Workers": [],"Plans": [{"Node Type": "Hash Join","Parent Relationship": "Outer","Parallel Aware": false,"Async Capable": false,"Join Type": "Inner","Startup Cost": 1.40,"Total Cost": 4403.27,"Plan Rows": 4900,"Plan Width": 108,"Actual Startup Time": 0.210,"Actual Total Time": 47.346,"Actual Rows": 3979,"Actual Loops": 3,"Inner Unique": true,"Hash Cond": "(customer.c_nationkey = n2.n_nationkey)","Workers": [],"Plans": [{"Node Type": "Seq Scan","Parent Relationship": "Outer","Parallel Aware": true,"Async Capable": false,"Relation Name": "customer","Alias": "customer","Startup Cost": 0.00,"Total Cost": 4210.00,"Plan Rows": 62500,"Plan Width": 8,"Actual Startup Time": 0.014,"Actual Total Time": 9.504,"Actual Rows": 50000,"Actual Loops": 3,"Workers": []},{"Node Type": "Hash","Parent Relationship": "Inner","Parallel Aware": false,"Async Capable": false,"Startup Cost": 1.38,"Total Cost": 1.38,"Plan Rows": 2,"Plan Width": 108,"Actual Startup Time": 0.090,"Actual Total Time": 0.095,"Actual Rows": 2,"Actual Loops": 3,"Hash Buckets": 1024,"Original Hash Buckets": 1024,"Hash Batches": 1,"Original Hash Batches": 1,"Peak Memory Usage": 9,"Workers": [],"Plans": [{"Node Type": "Seq Scan","Parent Relationship": "Outer","Parallel Aware": false,"Async Capable": false,"Relation Name": "nation","Alias": "n2","Startup Cost": 0.00,"Total Cost": 1.38,"Plan Rows": 2,"Plan Width": 108,"Actual Startup Time": 0.063,"Actual Total Time": 0.073,"Actual Rows": 2,"Actual Loops": 3,"Filter": "((n_name = 'ARGENTINA'::bpchar) OR (n_name = 'IRAQ'::bpchar))","Rows Removed by Filter": 23,"Workers": []}]}]},{"Node Type": "Index Scan","Parent Relationship": "Inner","Parallel Aware": false,"Async Capable": false,"Scan Direction": "Forward","Index Name": "idx_orders_custkey","Relation Name": "orders","Alias": "orders","Startup Cost": 0.43,"Total Cost": 1.46,"Plan Rows": 17,"Plan Width": 8,"Actual Startup Time": 0.007,"Actual Total Time": 0.043,"Actual Rows": 10,"Actual Loops": 11938,"Index Cond": "(o_custkey = customer.c_custkey)","Rows Removed by Index Recheck": 0,"Workers": []}]},{"Node Type": "Index Scan","Parent Relationship": "Inner","Parallel Aware": false,"Async Capable": false,"Scan Direction": "Forward","Index Name": "idx_lineitem_orderkey","Relation Name": "lineitem","Alias": "lineitem","Startup Cost": 0.43,"Total Cost": 1.14,"Plan Rows": 5,"Plan Width": 24,"Actual Startup Time": 0.016,"Actual Total Time": 0.017,"Actual Rows": 1,"Actual Loops": 118449,"Index Cond": "(l_orderkey = orders.o_orderkey)","Rows Removed by Index Recheck": 0,"Filter": "((l_shipdate >= '1995-01-01'::date) AND (l_shipdate <= '1996-12-31'::date))","Rows Removed by Filter": 3,"Workers": []}]},{"Node Type": "Hash","Parent Relationship": "Inner","Parallel Aware": false,"Async Capable": false,"Startup Cost": 354.10,"Total Cost": 354.10,"Plan Rows": 784,"Plan Width": 108,"Actual Startup Time": 7.405,"Actual Total Time": 7.416,"Actual Rows": 851,"Actual Loops": 3,"Hash Buckets": 1024,"Original Hash Buckets": 1024,"Hash Batches": 1,"Original Hash Batches": 1,"Peak Memory Usage": 60,"Workers": [],"Plans": [{"Node Type": "Hash Join","Parent Relationship": "Outer","Parallel Aware": false,"Async Capable": false,"Join Type": "Inner","Startup Cost": 1.40,"Total Cost": 354.10,"Plan Rows": 784,"Plan Width": 108,"Actual Startup Time": 0.095,"Actual Total Time": 7.219,"Actual Rows": 851,"Actual Loops": 3,"Inner Unique": true,"Hash Cond": "(supplier.s_nationkey = n1.n_nationkey)","Workers": [],"Plans": [{"Node Type": "Seq Scan","Parent Relationship": "Outer","Parallel Aware": false,"Async Capable": false,"Relation Name": "supplier","Alias": "supplier","Startup Cost": 0.00,"Total Cost": 322.00,"Plan Rows": 10000,"Plan Width": 8,"Actual Startup Time": 0.034,"Actual Total Time": 3.534,"Actual Rows": 10000,"Actual Loops": 3,"Workers": []},{"Node Type": "Hash","Parent Relationship": "Inner","Parallel Aware": false,"Async Capable": false,"Startup Cost": 1.38,"Total Cost": 1.38,"Plan Rows": 2,"Plan Width": 108,"Actual Startup Time": 0.020,"Actual Total Time": 0.024,"Actual Rows": 2,"Actual Loops": 3,"Hash Buckets": 1024,"Original Hash Buckets": 1024,"Hash Batches": 1,"Original Hash Batches": 1,"Peak Memory Usage": 9,"Workers": [],"Plans": [{"Node Type": "Seq Scan","Parent Relationship": "Outer","Parallel Aware": false,"Async Capable": false,"Relation Name": "nation","Alias": "n1","Startup Cost": 0.00,"Total Cost": 1.38,"Plan Rows": 2,"Plan Width": 108,"Actual Startup Time": 0.006,"Actual Total Time": 0.013,"Actual Rows": 2,"Actual Loops": 3,"Filter": "((n_name = 'IRAQ'::bpchar) OR (n_name = 'ARGENTINA'::bpchar))","Rows Removed by Filter": 23,"Workers": []}]}]}]}]}]}]}]}]},"Planning Time": 9.112,"Triggers": [],"Execution Time": 965.681}]
[{"Plan": {"Node Type": "Aggregate","Strategy": "Sorted","Partial Mode": "Finalize","Parallel Aware": false,"Async Capable": false,"Startup Cost": 72556.41,"Total Cost": 73352.71,"Plan Rows": 5893,"Plan Width": 272,"Actual Startup Time": 921.352,"Actual Total Time": 979.019,"Actual Rows": 4,"Actual Loops": 1,"Group Key": ["n1.n_name", "n2.n_name", "(EXTRACT(year FROM lineitem.l_shipdate))"],"Plans": [{"Node Type": "Gather Merge","Parent Relationship": "Outer","Parallel Aware": false,"Async Capable": false,"Startup Cost": 72556.41,"Total Cost": 73202.94,"Plan Rows": 4910,"Plan Width": 272,"Actual Startup Time": 920.745,"Actual Total Time": 978.938,"Actual Rows": 12,"Actual Loops": 1,"Workers Planned": 2,"Workers Launched": 2,"Plans": [{"Node Type": "Aggregate","Strategy": "Sorted","Partial Mode": "Partial","Parent Relationship": "Outer","Parallel Aware": false,"Async Capable": false,"Startup Cost": 71556.39,"Total Cost": 71636.18,"Plan Rows": 2455,"Plan Width": 272,"Actual Startup Time": 912.538,"Actual Total Time": 913.316,"Actual Rows": 4,"Actual Loops": 3,"Group Key": ["n1.n_name", "n2.n_name", "(EXTRACT(year FROM lineitem.l_shipdate))"],"Workers": [],"Plans": [{"Node Type": "Sort","Parent Relationship": "Outer","Parallel Aware": false,"Async Capable": false,"Startup Cost": 71556.39,"Total Cost": 71562.53,"Plan Rows": 2455,"Plan Width": 252,"Actual Startup Time": 912.289,"Actual Total Time": 912.401,"Actual Rows": 1969,"Actual Loops": 3,"Sort Key": ["n1.n_name", "n2.n_name", "(EXTRACT(year FROM lineitem.l_shipdate))"],"Sort Method": "quicksort","Sort Space Used": 261,"Sort Space Type": "Memory","Workers": [{"Worker Number": 0,"Sort Method": "quicksort","Sort Space Used": 263,"Sort Space Type": "Memory"},{"Worker Number": 1,"Sort Method": "quicksort","Sort Space Used": 268,"Sort Space Type": "Memory"}],"Plans": [{"Node Type": "Hash Join","Parent Relationship": "Outer","Parallel Aware": false,"Async Capable": false,"Join Type": "Inner","Startup Cost": 366.16,"Total Cost": 71418.15,"Plan Rows": 2455,"Plan Width": 252,"Actual Startup Time": 8.541,"Actual Total Time": 910.485,"Actual Rows": 1969,"Actual Loops": 3,"Inner Unique": false,"Hash Cond": "(lineitem.l_suppkey = supplier.s_suppkey)","Join Filter": "(((n1.n_name = 'UNITED KINGDOM'::bpchar) AND (n2.n_name = 'VIETNAM'::bpchar)) OR ((n1.n_name = 'VIETNAM'::bpchar) AND (n2.n_name = 'UNITED KINGDOM'::bpchar)))","Rows Removed by Join Filter": 1963,"Workers": [],"Plans": [{"Node Type": "Nested Loop","Parent Relationship": "Outer","Parallel Aware": false,"Async Capable": false,"Join Type": "Inner","Startup Cost": 2.26,"Total Cost": 70727.78,"Plan Rows": 60250,"Plan Width": 124,"Actual Startup Time": 0.580,"Actual Total Time": 896.379,"Actual Rows": 48769,"Actual Loops": 3,"Inner Unique": false,"Workers": [],"Plans": [{"Node Type": "Nested Loop","Parent Relationship": "Outer","Parallel Aware": false,"Async Capable": false,"Join Type": "Inner","Startup Cost": 1.83,"Total Cost": 12400.01,"Plan Rows": 49000,"Plan Width": 108,"Actual Startup Time": 0.377,"Actual Total Time": 225.611,"Actual Rows": 39934,"Actual Loops": 3,"Inner Unique": false,"Workers": [],"Plans": [{"Node Type": "Hash Join","Parent Relationship": "Outer","Parallel Aware": false,"Async Capable": false,"Join Type": "Inner","Startup Cost": 1.40,"Total Cost": 4403.27,"Plan Rows": 4900,"Plan Width": 108,"Actual Startup Time": 0.207,"Actual Total Time": 46.862,"Actual Rows": 4006,"Actual Loops": 3,"Inner Unique": true,"Hash Cond": "(customer.c_nationkey = n2.n_nationkey)","Workers": [],"Plans": [{"Node Type": "Seq Scan","Parent Relationship": "Outer","Parallel Aware": true,"Async Capable": false,"Relation Name": "customer","Alias": "customer","Startup Cost": 0.00,"Total Cost": 4210.00,"Plan Rows": 62500,"Plan Width": 8,"Actual Startup Time": 0.013,"Actual Total Time": 9.518,"Actual Rows": 50000,"Actual Loops": 3,"Workers": []},{"Node Type": "Hash","Parent Relationship": "Inner","Parallel Aware": false,"Async Capable": false,"Startup Cost": 1.38,"Total Cost": 1.38,"Plan Rows": 2,"Plan Width": 108,"Actual Startup Time": 0.080,"Actual Total Time": 0.085,"Actual Rows": 2,"Actual Loops": 3,"Hash Buckets": 1024,"Original Hash Buckets": 1024,"Hash Batches": 1,"Original Hash Batches": 1,"Peak Memory Usage": 9,"Workers": [],"Plans": [{"Node Type": "Seq Scan","Parent Relationship": "Outer","Parallel Aware": false,"Async Capable": false,"Relation Name": "nation","Alias": "n2","Startup Cost": 0.00,"Total Cost": 1.38,"Plan Rows": 2,"Plan Width": 108,"Actual Startup Time": 0.061,"Actual Total Time": 0.064,"Actual Rows": 2,"Actual Loops": 3,"Filter": "((n_name = 'VIETNAM'::bpchar) OR (n_name = 'UNITED KINGDOM'::bpchar))","Rows Removed by Filter": 23,"Workers": []}]}]},{"Node Type": "Index Scan","Parent Relationship": "Inner","Parallel Aware": false,"Async Capable": false,"Scan Direction": "Forward","Index Name": "idx_orders_custkey","Relation Name": "orders","Alias": "orders","Startup Cost": 0.43,"Total Cost": 1.46,"Plan Rows": 17,"Plan Width": 8,"Actual Startup Time": 0.007,"Actual Total Time": 0.043,"Actual Rows": 10,"Actual Loops": 12019,"Index Cond": "(o_custkey = customer.c_custkey)","Rows Removed by Index Recheck": 0,"Workers": []}]},{"Node Type": "Index Scan","Parent Relationship": "Inner","Parallel Aware": false,"Async Capable": false,"Scan Direction": "Forward","Index Name": "idx_lineitem_orderkey","Relation Name": "lineitem","Alias": "lineitem","Startup Cost": 0.43,"Total Cost": 1.14,"Plan Rows": 5,"Plan Width": 24,"Actual Startup Time": 0.016,"Actual Total Time": 0.017,"Actual Rows": 1,"Actual Loops": 119802,"Index Cond": "(l_orderkey = orders.o_orderkey)","Rows Removed by Index Recheck": 0,"Filter": "((l_shipdate >= '1995-01-01'::date) AND (l_shipdate <= '1996-12-31'::date))","Rows Removed by Filter": 3,"Workers": []}]},{"Node Type": "Hash","Parent Relationship": "Inner","Parallel Aware": false,"Async Capable": false,"Startup Cost": 354.10,"Total Cost": 354.10,"Plan Rows": 784,"Plan Width": 108,"Actual Startup Time": 6.911,"Actual Total Time": 6.920,"Actual Rows": 789,"Actual Loops": 3,"Hash Buckets": 1024,"Original Hash Buckets": 1024,"Hash Batches": 1,"Original Hash Batches": 1,"Peak Memory Usage": 56,"Workers": [],"Plans": [{"Node Type": "Hash Join","Parent Relationship": "Outer","Parallel Aware": false,"Async Capable": false,"Join Type": "Inner","Startup Cost": 1.40,"Total Cost": 354.10,"Plan Rows": 784,"Plan Width": 108,"Actual Startup Time": 0.094,"Actual Total Time": 6.749,"Actual Rows": 789,"Actual Loops": 3,"Inner Unique": true,"Hash Cond": "(supplier.s_nationkey = n1.n_nationkey)","Workers": [],"Plans": [{"Node Type": "Seq Scan","Parent Relationship": "Outer","Parallel Aware": false,"Async Capable": false,"Relation Name": "supplier","Alias": "supplier","Startup Cost": 0.00,"Total Cost": 322.00,"Plan Rows": 10000,"Plan Width": 8,"Actual Startup Time": 0.043,"Actual Total Time": 3.484,"Actual Rows": 10000,"Actual Loops": 3,"Workers": []},{"Node Type": "Hash","Parent Relationship": "Inner","Parallel Aware": false,"Async Capable": false,"Startup Cost": 1.38,"Total Cost": 1.38,"Plan Rows": 2,"Plan Width": 108,"Actual Startup Time": 0.015,"Actual Total Time": 0.017,"Actual Rows": 2,"Actual Loops": 3,"Hash Buckets": 1024,"Original Hash Buckets": 1024,"Hash Batches": 1,"Original Hash Batches": 1,"Peak Memory Usage": 9,"Workers": [],"Plans": [{"Node Type": "Seq Scan","Parent Relationship": "Outer","Parallel Aware": false,"Async Capable": false,"Relation Name": "nation","Alias": "n1","Startup Cost": 0.00,"Total Cost": 1.38,"Plan Rows": 2,"Plan Width": 108,"Actual Startup Time": 0.009,"Actual Total Time": 0.010,"Actual Rows": 2,"Actual Loops": 3,"Filter": "((n_name = 'UNITED KINGDOM'::bpchar) OR (n_name = 'VIETNAM'::bpchar))","Rows Removed by Filter": 23,"Workers": []}]}]}]}]}]}]}]}]},"Planning Time": 8.728,"Triggers": [],"Execution Time": 979.475}]
[{"Plan": {"Node Type": "Aggregate","Strategy": "Sorted","Partial Mode": "Finalize","Parallel Aware": false,"Async Capable": false,"Startup Cost": 72556.41,"Total Cost": 73352.71,"Plan Rows": 5893,"Plan Width": 272,"Actual Startup Time": 928.060,"Actual Total Time": 973.519,"Actual Rows": 4,"Actual Loops": 1,"Group Key": ["n1.n_name", "n2.n_name", "(EXTRACT(year FROM lineitem.l_shipdate))"],"Plans": [{"Node Type": "Gather Merge","Parent Relationship": "Outer","Parallel Aware": false,"Async Capable": false,"Startup Cost": 72556.41,"Total Cost": 73202.94,"Plan Rows": 4910,"Plan Width": 272,"Actual Startup Time": 927.808,"Actual Total Time": 973.457,"Actual Rows": 12,"Actual Loops": 1,"Workers Planned": 2,"Workers Launched": 2,"Plans": [{"Node Type": "Aggregate","Strategy": "Sorted","Partial Mode": "Partial","Parent Relationship": "Outer","Parallel Aware": false,"Async Capable": false,"Startup Cost": 71556.39,"Total Cost": 71636.18,"Plan Rows": 2455,"Plan Width": 272,"Actual Startup Time": 920.401,"Actual Total Time": 921.065,"Actual Rows": 4,"Actual Loops": 3,"Group Key": ["n1.n_name", "n2.n_name", "(EXTRACT(year FROM lineitem.l_shipdate))"],"Workers": [],"Plans": [{"Node Type": "Sort","Parent Relationship": "Outer","Parallel Aware": false,"Async Capable": false,"Startup Cost": 71556.39,"Total Cost": 71562.53,"Plan Rows": 2455,"Plan Width": 252,"Actual Startup Time": 920.135,"Actual Total Time": 920.236,"Actual Rows": 1977,"Actual Loops": 3,"Sort Key": ["n1.n_name", "n2.n_name", "(EXTRACT(year FROM lineitem.l_shipdate))"],"Sort Method": "quicksort","Sort Space Used": 257,"Sort Space Type": "Memory","Workers": [{"Worker Number": 0,"Sort Method": "quicksort","Sort Space Used": 268,"Sort Space Type": "Memory"},{"Worker Number": 1,"Sort Method": "quicksort","Sort Space Used": 269,"Sort Space Type": "Memory"}],"Plans": [{"Node Type": "Hash Join","Parent Relationship": "Outer","Parallel Aware": false,"Async Capable": false,"Join Type": "Inner","Startup Cost": 366.16,"Total Cost": 71418.15,"Plan Rows": 2455,"Plan Width": 252,"Actual Startup Time": 7.532,"Actual Total Time": 918.292,"Actual Rows": 1977,"Actual Loops": 3,"Inner Unique": false,"Hash Cond": "(lineitem.l_suppkey = supplier.s_suppkey)","Join Filter": "(((n1.n_name = 'UNITED STATES'::bpchar) AND (n2.n_name = 'RUSSIA'::bpchar)) OR ((n1.n_name = 'RUSSIA'::bpchar) AND (n2.n_name = 'UNITED STATES'::bpchar)))","Rows Removed by Join Filter": 1997,"Workers": [],"Plans": [{"Node Type": "Nested Loop","Parent Relationship": "Outer","Parallel Aware": false,"Async Capable": false,"Join Type": "Inner","Startup Cost": 2.26,"Total Cost": 70727.78,"Plan Rows": 60250,"Plan Width": 124,"Actual Startup Time": 0.550,"Actual Total Time": 904.739,"Actual Rows": 49252,"Actual Loops": 3,"Inner Unique": false,"Workers": [],"Plans": [{"Node Type": "Nested Loop","Parent Relationship": "Outer","Parallel Aware": false,"Async Capable": false,"Join Type": "Inner","Startup Cost": 1.83,"Total Cost": 12400.01,"Plan Rows": 49000,"Plan Width": 108,"Actual Startup Time": 0.295,"Actual Total Time": 223.683,"Actual Rows": 40472,"Actual Loops": 3,"Inner Unique": false,"Workers": [],"Plans": [{"Node Type": "Hash Join","Parent Relationship": "Outer","Parallel Aware": false,"Async Capable": false,"Join Type": "Inner","Startup Cost": 1.40,"Total Cost": 4403.27,"Plan Rows": 4900,"Plan Width": 108,"Actual Startup Time": 0.162,"Actual Total Time": 43.941,"Actual Rows": 4020,"Actual Loops": 3,"Inner Unique": true,"Hash Cond": "(customer.c_nationkey = n2.n_nationkey)","Workers": [],"Plans": [{"Node Type": "Seq Scan","Parent Relationship": "Outer","Parallel Aware": true,"Async Capable": false,"Relation Name": "customer","Alias": "customer","Startup Cost": 0.00,"Total Cost": 4210.00,"Plan Rows": 62500,"Plan Width": 8,"Actual Startup Time": 0.011,"Actual Total Time": 9.009,"Actual Rows": 50000,"Actual Loops": 3,"Workers": []},{"Node Type": "Hash","Parent Relationship": "Inner","Parallel Aware": false,"Async Capable": false,"Startup Cost": 1.38,"Total Cost": 1.38,"Plan Rows": 2,"Plan Width": 108,"Actual Startup Time": 0.067,"Actual Total Time": 0.073,"Actual Rows": 2,"Actual Loops": 3,"Hash Buckets": 1024,"Original Hash Buckets": 1024,"Hash Batches": 1,"Original Hash Batches": 1,"Peak Memory Usage": 9,"Workers": [],"Plans": [{"Node Type": "Seq Scan","Parent Relationship": "Outer","Parallel Aware": false,"Async Capable": false,"Relation Name": "nation","Alias": "n2","Startup Cost": 0.00,"Total Cost": 1.38,"Plan Rows": 2,"Plan Width": 108,"Actual Startup Time": 0.054,"Actual Total Time": 0.057,"Actual Rows": 2,"Actual Loops": 3,"Filter": "((n_name = 'RUSSIA'::bpchar) OR (n_name = 'UNITED STATES'::bpchar))","Rows Removed by Filter": 23,"Workers": []}]}]},{"Node Type": "Index Scan","Parent Relationship": "Inner","Parallel Aware": false,"Async Capable": false,"Scan Direction": "Forward","Index Name": "idx_orders_custkey","Relation Name": "orders","Alias": "orders","Startup Cost": 0.43,"Total Cost": 1.46,"Plan Rows": 17,"Plan Width": 8,"Actual Startup Time": 0.007,"Actual Total Time": 0.043,"Actual Rows": 10,"Actual Loops": 12061,"Index Cond": "(o_custkey = customer.c_custkey)","Rows Removed by Index Recheck": 0,"Workers": []}]},{"Node Type": "Index Scan","Parent Relationship": "Inner","Parallel Aware": false,"Async Capable": false,"Scan Direction": "Forward","Index Name": "idx_lineitem_orderkey","Relation Name": "lineitem","Alias": "lineitem","Startup Cost": 0.43,"Total Cost": 1.14,"Plan Rows": 5,"Plan Width": 24,"Actual Startup Time": 0.016,"Actual Total Time": 0.017,"Actual Rows": 1,"Actual Loops": 121416,"Index Cond": "(l_orderkey = orders.o_orderkey)","Rows Removed by Index Recheck": 0,"Filter": "((l_shipdate >= '1995-01-01'::date) AND (l_shipdate <= '1996-12-31'::date))","Rows Removed by Filter": 3,"Workers": []}]},{"Node Type": "Hash","Parent Relationship": "Inner","Parallel Aware": false,"Async Capable": false,"Startup Cost": 354.10,"Total Cost": 354.10,"Plan Rows": 784,"Plan Width": 108,"Actual Startup Time": 6.506,"Actual Total Time": 6.519,"Actual Rows": 794,"Actual Loops": 3,"Hash Buckets": 1024,"Original Hash Buckets": 1024,"Hash Batches": 1,"Original Hash Batches": 1,"Peak Memory Usage": 57,"Workers": [],"Plans": [{"Node Type": "Hash Join","Parent Relationship": "Outer","Parallel Aware": false,"Async Capable": false,"Join Type": "Inner","Startup Cost": 1.40,"Total Cost": 354.10,"Plan Rows": 784,"Plan Width": 108,"Actual Startup Time": 0.086,"Actual Total Time": 6.337,"Actual Rows": 794,"Actual Loops": 3,"Inner Unique": true,"Hash Cond": "(supplier.s_nationkey = n1.n_nationkey)","Workers": [],"Plans": [{"Node Type": "Seq Scan","Parent Relationship": "Outer","Parallel Aware": false,"Async Capable": false,"Relation Name": "supplier","Alias": "supplier","Startup Cost": 0.00,"Total Cost": 322.00,"Plan Rows": 10000,"Plan Width": 8,"Actual Startup Time": 0.031,"Actual Total Time": 3.269,"Actual Rows": 10000,"Actual Loops": 3,"Workers": []},{"Node Type": "Hash","Parent Relationship": "Inner","Parallel Aware": false,"Async Capable": false,"Startup Cost": 1.38,"Total Cost": 1.38,"Plan Rows": 2,"Plan Width": 108,"Actual Startup Time": 0.018,"Actual Total Time": 0.022,"Actual Rows": 2,"Actual Loops": 3,"Hash Buckets": 1024,"Original Hash Buckets": 1024,"Hash Batches": 1,"Original Hash Batches": 1,"Peak Memory Usage": 9,"Workers": [],"Plans": [{"Node Type": "Seq Scan","Parent Relationship": "Outer","Parallel Aware": false,"Async Capable": false,"Relation Name": "nation","Alias": "n1","Startup Cost": 0.00,"Total Cost": 1.38,"Plan Rows": 2,"Plan Width": 108,"Actual Startup Time": 0.010,"Actual Total Time": 0.013,"Actual Rows": 2,"Actual Loops": 3,"Filter": "((n_name = 'UNITED STATES'::bpchar) OR (n_name = 'RUSSIA'::bpchar))","Rows Removed by Filter": 23,"Workers": []}]}]}]}]}]}]}]}]},"Planning Time": 8.654,"Triggers": [],"Execution Time": 973.998}]
[{"Plan": {"Node Type": "Aggregate","Strategy": "Sorted","Partial Mode": "Finalize","Parallel Aware": false,"Async Capable": false,"Startup Cost": 72556.41,"Total Cost": 73352.71,"Plan Rows": 5893,"Plan Width": 272,"Actual Startup Time": 932.913,"Actual Total Time": 977.040,"Actual Rows": 4,"Actual Loops": 1,"Group Key": ["n1.n_name", "n2.n_name", "(EXTRACT(year FROM lineitem.l_shipdate))"],"Plans": [{"Node Type": "Gather Merge","Parent Relationship": "Outer","Parallel Aware": false,"Async Capable": false,"Startup Cost": 72556.41,"Total Cost": 73202.94,"Plan Rows": 4910,"Plan Width": 272,"Actual Startup Time": 932.627,"Actual Total Time": 976.973,"Actual Rows": 12,"Actual Loops": 1,"Workers Planned": 2,"Workers Launched": 2,"Plans": [{"Node Type": "Aggregate","Strategy": "Sorted","Partial Mode": "Partial","Parent Relationship": "Outer","Parallel Aware": false,"Async Capable": false,"Startup Cost": 71556.39,"Total Cost": 71636.18,"Plan Rows": 2455,"Plan Width": 272,"Actual Startup Time": 924.386,"Actual Total Time": 925.070,"Actual Rows": 4,"Actual Loops": 3,"Group Key": ["n1.n_name", "n2.n_name", "(EXTRACT(year FROM lineitem.l_shipdate))"],"Workers": [],"Plans": [{"Node Type": "Sort","Parent Relationship": "Outer","Parallel Aware": false,"Async Capable": false,"Startup Cost": 71556.39,"Total Cost": 71562.53,"Plan Rows": 2455,"Plan Width": 252,"Actual Startup Time": 924.110,"Actual Total Time": 924.211,"Actual Rows": 2022,"Actual Loops": 3,"Sort Key": ["n1.n_name", "n2.n_name", "(EXTRACT(year FROM lineitem.l_shipdate))"],"Sort Method": "quicksort","Sort Space Used": 321,"Sort Space Type": "Memory","Workers": [{"Worker Number": 0,"Sort Method": "quicksort","Sort Space Used": 272,"Sort Space Type": "Memory"},{"Worker Number": 1,"Sort Method": "quicksort","Sort Space Used": 265,"Sort Space Type": "Memory"}],"Plans": [{"Node Type": "Hash Join","Parent Relationship": "Outer","Parallel Aware": false,"Async Capable": false,"Join Type": "Inner","Startup Cost": 366.16,"Total Cost": 71418.15,"Plan Rows": 2455,"Plan Width": 252,"Actual Startup Time": 10.303,"Actual Total Time": 922.247,"Actual Rows": 2022,"Actual Loops": 3,"Inner Unique": false,"Hash Cond": "(lineitem.l_suppkey = supplier.s_suppkey)","Join Filter": "(((n1.n_name = 'ALGERIA'::bpchar) AND (n2.n_name = 'MOZAMBIQUE'::bpchar)) OR ((n1.n_name = 'MOZAMBIQUE'::bpchar) AND (n2.n_name = 'ALGERIA'::bpchar)))","Rows Removed by Join Filter": 2049,"Workers": [],"Plans": [{"Node Type": "Nested Loop","Parent Relationship": "Outer","Parallel Aware": false,"Async Capable": false,"Join Type": "Inner","Startup Cost": 2.26,"Total Cost": 70727.78,"Plan Rows": 60250,"Plan Width": 124,"Actual Startup Time": 0.680,"Actual Total Time": 905.251,"Actual Rows": 48929,"Actual Loops": 3,"Inner Unique": false,"Workers": [],"Plans": [{"Node Type": "Nested Loop","Parent Relationship": "Outer","Parallel Aware": false,"Async Capable": false,"Join Type": "Inner","Startup Cost": 1.83,"Total Cost": 12400.01,"Plan Rows": 49000,"Plan Width": 108,"Actual Startup Time": 0.267,"Actual Total Time": 226.521,"Actual Rows": 40296,"Actual Loops": 3,"Inner Unique": false,"Workers": [],"Plans": [{"Node Type": "Hash Join","Parent Relationship": "Outer","Parallel Aware": false,"Async Capable": false,"Join Type": "Inner","Startup Cost": 1.40,"Total Cost": 4403.27,"Plan Rows": 4900,"Plan Width": 108,"Actual Startup Time": 0.178,"Actual Total Time": 46.908,"Actual Rows": 3966,"Actual Loops": 3,"Inner Unique": true,"Hash Cond": "(customer.c_nationkey = n2.n_nationkey)","Workers": [],"Plans": [{"Node Type": "Seq Scan","Parent Relationship": "Outer","Parallel Aware": true,"Async Capable": false,"Relation Name": "customer","Alias": "customer","Startup Cost": 0.00,"Total Cost": 4210.00,"Plan Rows": 62500,"Plan Width": 8,"Actual Startup Time": 0.015,"Actual Total Time": 9.635,"Actual Rows": 50000,"Actual Loops": 3,"Workers": []},{"Node Type": "Hash","Parent Relationship": "Inner","Parallel Aware": false,"Async Capable": false,"Startup Cost": 1.38,"Total Cost": 1.38,"Plan Rows": 2,"Plan Width": 108,"Actual Startup Time": 0.073,"Actual Total Time": 0.079,"Actual Rows": 2,"Actual Loops": 3,"Hash Buckets": 1024,"Original Hash Buckets": 1024,"Hash Batches": 1,"Original Hash Batches": 1,"Peak Memory Usage": 9,"Workers": [],"Plans": [{"Node Type": "Seq Scan","Parent Relationship": "Outer","Parallel Aware": false,"Async Capable": false,"Relation Name": "nation","Alias": "n2","Startup Cost": 0.00,"Total Cost": 1.38,"Plan Rows": 2,"Plan Width": 108,"Actual Startup Time": 0.054,"Actual Total Time": 0.062,"Actual Rows": 2,"Actual Loops": 3,"Filter": "((n_name = 'MOZAMBIQUE'::bpchar) OR (n_name = 'ALGERIA'::bpchar))","Rows Removed by Filter": 23,"Workers": []}]}]},{"Node Type": "Index Scan","Parent Relationship": "Inner","Parallel Aware": false,"Async Capable": false,"Scan Direction": "Forward","Index Name": "idx_orders_custkey","Relation Name": "orders","Alias": "orders","Startup Cost": 0.43,"Total Cost": 1.46,"Plan Rows": 17,"Plan Width": 8,"Actual Startup Time": 0.007,"Actual Total Time": 0.044,"Actual Rows": 10,"Actual Loops": 11899,"Index Cond": "(o_custkey = customer.c_custkey)","Rows Removed by Index Recheck": 0,"Workers": []}]},{"Node Type": "Index Scan","Parent Relationship": "Inner","Parallel Aware": false,"Async Capable": false,"Scan Direction": "Forward","Index Name": "idx_lineitem_orderkey","Relation Name": "lineitem","Alias": "lineitem","Startup Cost": 0.43,"Total Cost": 1.14,"Plan Rows": 5,"Plan Width": 24,"Actual Startup Time": 0.016,"Actual Total Time": 0.017,"Actual Rows": 1,"Actual Loops": 120889,"Index Cond": "(l_orderkey = orders.o_orderkey)","Rows Removed by Index Recheck": 0,"Filter": "((l_shipdate >= '1995-01-01'::date) AND (l_shipdate <= '1996-12-31'::date))","Rows Removed by Filter": 3,"Workers": []}]},{"Node Type": "Hash","Parent Relationship": "Inner","Parallel Aware": false,"Async Capable": false,"Startup Cost": 354.10,"Total Cost": 354.10,"Plan Rows": 784,"Plan Width": 108,"Actual Startup Time": 9.529,"Actual Total Time": 9.541,"Actual Rows": 826,"Actual Loops": 3,"Hash Buckets": 1024,"Original Hash Buckets": 1024,"Hash Batches": 1,"Original Hash Batches": 1,"Peak Memory Usage": 59,"Workers": [],"Plans": [{"Node Type": "Hash Join","Parent Relationship": "Outer","Parallel Aware": false,"Async Capable": false,"Join Type": "Inner","Startup Cost": 1.40,"Total Cost": 354.10,"Plan Rows": 784,"Plan Width": 108,"Actual Startup Time": 0.096,"Actual Total Time": 9.320,"Actual Rows": 826,"Actual Loops": 3,"Inner Unique": true,"Hash Cond": "(supplier.s_nationkey = n1.n_nationkey)","Workers": [],"Plans": [{"Node Type": "Seq Scan","Parent Relationship": "Outer","Parallel Aware": false,"Async Capable": false,"Relation Name": "supplier","Alias": "supplier","Startup Cost": 0.00,"Total Cost": 322.00,"Plan Rows": 10000,"Plan Width": 8,"Actual Startup Time": 0.032,"Actual Total Time": 4.191,"Actual Rows": 10000,"Actual Loops": 3,"Workers": []},{"Node Type": "Hash","Parent Relationship": "Inner","Parallel Aware": false,"Async Capable": false,"Startup Cost": 1.38,"Total Cost": 1.38,"Plan Rows": 2,"Plan Width": 108,"Actual Startup Time": 0.016,"Actual Total Time": 0.020,"Actual Rows": 2,"Actual Loops": 3,"Hash Buckets": 1024,"Original Hash Buckets": 1024,"Hash Batches": 1,"Original Hash Batches": 1,"Peak Memory Usage": 9,"Workers": [],"Plans": [{"Node Type": "Seq Scan","Parent Relationship": "Outer","Parallel Aware": false,"Async Capable": false,"Relation Name": "nation","Alias": "n1","Startup Cost": 0.00,"Total Cost": 1.38,"Plan Rows": 2,"Plan Width": 108,"Actual Startup Time": 0.004,"Actual Total Time": 0.010,"Actual Rows": 2,"Actual Loops": 3,"Filter": "((n_name = 'ALGERIA'::bpchar) OR (n_name = 'MOZAMBIQUE'::bpchar))","Rows Removed by Filter": 23,"Workers": []}]}]}]}]}]}]}]}]},"Planning Time": 9.426,"Triggers": [],"Execution Time": 977.606}]
[{"Plan": {"Node Type": "Aggregate","Strategy": "Sorted","Partial Mode": "Finalize","Parallel Aware": false,"Async Capable": false,"Startup Cost": 72556.41,"Total Cost": 73352.71,"Plan Rows": 5893,"Plan Width": 272,"Actual Startup Time": 928.054,"Actual Total Time": 983.048,"Actual Rows": 4,"Actual Loops": 1,"Group Key": ["n1.n_name", "n2.n_name", "(EXTRACT(year FROM lineitem.l_shipdate))"],"Plans": [{"Node Type": "Gather Merge","Parent Relationship": "Outer","Parallel Aware": false,"Async Capable": false,"Startup Cost": 72556.41,"Total Cost": 73202.94,"Plan Rows": 4910,"Plan Width": 272,"Actual Startup Time": 927.786,"Actual Total Time": 982.990,"Actual Rows": 12,"Actual Loops": 1,"Workers Planned": 2,"Workers Launched": 2,"Plans": [{"Node Type": "Aggregate","Strategy": "Sorted","Partial Mode": "Partial","Parent Relationship": "Outer","Parallel Aware": false,"Async Capable": false,"Startup Cost": 71556.39,"Total Cost": 71636.18,"Plan Rows": 2455,"Plan Width": 272,"Actual Startup Time": 919.620,"Actual Total Time": 920.326,"Actual Rows": 4,"Actual Loops": 3,"Group Key": ["n1.n_name", "n2.n_name", "(EXTRACT(year FROM lineitem.l_shipdate))"],"Workers": [],"Plans": [{"Node Type": "Sort","Parent Relationship": "Outer","Parallel Aware": false,"Async Capable": false,"Startup Cost": 71556.39,"Total Cost": 71562.53,"Plan Rows": 2455,"Plan Width": 252,"Actual Startup Time": 919.371,"Actual Total Time": 919.479,"Actual Rows": 2028,"Actual Loops": 3,"Sort Key": ["n1.n_name", "n2.n_name", "(EXTRACT(year FROM lineitem.l_shipdate))"],"Sort Method": "quicksort","Sort Space Used": 324,"Sort Space Type": "Memory","Workers": [{"Worker Number": 0,"Sort Method": "quicksort","Sort Space Used": 266,"Sort Space Type": "Memory"},{"Worker Number": 1,"Sort Method": "quicksort","Sort Space Used": 269,"Sort Space Type": "Memory"}],"Plans": [{"Node Type": "Hash Join","Parent Relationship": "Outer","Parallel Aware": false,"Async Capable": false,"Join Type": "Inner","Startup Cost": 366.16,"Total Cost": 71418.15,"Plan Rows": 2455,"Plan Width": 252,"Actual Startup Time": 9.567,"Actual Total Time": 917.403,"Actual Rows": 2028,"Actual Loops": 3,"Inner Unique": false,"Hash Cond": "(lineitem.l_suppkey = supplier.s_suppkey)","Join Filter": "(((n1.n_name = 'MOZAMBIQUE'::bpchar) AND (n2.n_name = 'PERU'::bpchar)) OR ((n1.n_name = 'PERU'::bpchar) AND (n2.n_name = 'MOZAMBIQUE'::bpchar)))","Rows Removed by Join Filter": 2052,"Workers": [],"Plans": [{"Node Type": "Nested Loop","Parent Relationship": "Outer","Parallel Aware": false,"Async Capable": false,"Join Type": "Inner","Startup Cost": 2.26,"Total Cost": 70727.78,"Plan Rows": 60250,"Plan Width": 124,"Actual Startup Time": 0.645,"Actual Total Time": 901.233,"Actual Rows": 48713,"Actual Loops": 3,"Inner Unique": false,"Workers": [],"Plans": [{"Node Type": "Nested Loop","Parent Relationship": "Outer","Parallel Aware": false,"Async Capable": false,"Join Type": "Inner","Startup Cost": 1.83,"Total Cost": 12400.01,"Plan Rows": 49000,"Plan Width": 108,"Actual Startup Time": 0.288,"Actual Total Time": 225.103,"Actual Rows": 40095,"Actual Loops": 3,"Inner Unique": false,"Workers": [],"Plans": [{"Node Type": "Hash Join","Parent Relationship": "Outer","Parallel Aware": false,"Async Capable": false,"Join Type": "Inner","Startup Cost": 1.40,"Total Cost": 4403.27,"Plan Rows": 4900,"Plan Width": 108,"Actual Startup Time": 0.164,"Actual Total Time": 45.734,"Actual Rows": 3983,"Actual Loops": 3,"Inner Unique": true,"Hash Cond": "(customer.c_nationkey = n2.n_nationkey)","Workers": [],"Plans": [{"Node Type": "Seq Scan","Parent Relationship": "Outer","Parallel Aware": true,"Async Capable": false,"Relation Name": "customer","Alias": "customer","Startup Cost": 0.00,"Total Cost": 4210.00,"Plan Rows": 62500,"Plan Width": 8,"Actual Startup Time": 0.015,"Actual Total Time": 9.531,"Actual Rows": 50000,"Actual Loops": 3,"Workers": []},{"Node Type": "Hash","Parent Relationship": "Inner","Parallel Aware": false,"Async Capable": false,"Startup Cost": 1.38,"Total Cost": 1.38,"Plan Rows": 2,"Plan Width": 108,"Actual Startup Time": 0.073,"Actual Total Time": 0.080,"Actual Rows": 2,"Actual Loops": 3,"Hash Buckets": 1024,"Original Hash Buckets": 1024,"Hash Batches": 1,"Original Hash Batches": 1,"Peak Memory Usage": 9,"Workers": [],"Plans": [{"Node Type": "Seq Scan","Parent Relationship": "Outer","Parallel Aware": false,"Async Capable": false,"Relation Name": "nation","Alias": "n2","Startup Cost": 0.00,"Total Cost": 1.38,"Plan Rows": 2,"Plan Width": 108,"Actual Startup Time": 0.054,"Actual Total Time": 0.058,"Actual Rows": 2,"Actual Loops": 3,"Filter": "((n_name = 'PERU'::bpchar) OR (n_name = 'MOZAMBIQUE'::bpchar))","Rows Removed by Filter": 23,"Workers": []}]}]},{"Node Type": "Index Scan","Parent Relationship": "Inner","Parallel Aware": false,"Async Capable": false,"Scan Direction": "Forward","Index Name": "idx_orders_custkey","Relation Name": "orders","Alias": "orders","Startup Cost": 0.43,"Total Cost": 1.46,"Plan Rows": 17,"Plan Width": 8,"Actual Startup Time": 0.007,"Actual Total Time": 0.044,"Actual Rows": 10,"Actual Loops": 11949,"Index Cond": "(o_custkey = customer.c_custkey)","Rows Removed by Index Recheck": 0,"Workers": []}]},{"Node Type": "Index Scan","Parent Relationship": "Inner","Parallel Aware": false,"Async Capable": false,"Scan Direction": "Forward","Index Name": "idx_lineitem_orderkey","Relation Name": "lineitem","Alias": "lineitem","Startup Cost": 0.43,"Total Cost": 1.14,"Plan Rows": 5,"Plan Width": 24,"Actual Startup Time": 0.016,"Actual Total Time": 0.017,"Actual Rows": 1,"Actual Loops": 120285,"Index Cond": "(l_orderkey = orders.o_orderkey)","Rows Removed by Index Recheck": 0,"Filter": "((l_shipdate >= '1995-01-01'::date) AND (l_shipdate <= '1996-12-31'::date))","Rows Removed by Filter": 3,"Workers": []}]},{"Node Type": "Hash","Parent Relationship": "Inner","Parallel Aware": false,"Async Capable": false,"Startup Cost": 354.10,"Total Cost": 354.10,"Plan Rows": 784,"Plan Width": 108,"Actual Startup Time": 8.488,"Actual Total Time": 8.505,"Actual Rows": 827,"Actual Loops": 3,"Hash Buckets": 1024,"Original Hash Buckets": 1024,"Hash Batches": 1,"Original Hash Batches": 1,"Peak Memory Usage": 59,"Workers": [],"Plans": [{"Node Type": "Hash Join","Parent Relationship": "Outer","Parallel Aware": false,"Async Capable": false,"Join Type": "Inner","Startup Cost": 1.40,"Total Cost": 354.10,"Plan Rows": 784,"Plan Width": 108,"Actual Startup Time": 0.075,"Actual Total Time": 8.272,"Actual Rows": 827,"Actual Loops": 3,"Inner Unique": true,"Hash Cond": "(supplier.s_nationkey = n1.n_nationkey)","Workers": [],"Plans": [{"Node Type": "Seq Scan","Parent Relationship": "Outer","Parallel Aware": false,"Async Capable": false,"Relation Name": "supplier","Alias": "supplier","Startup Cost": 0.00,"Total Cost": 322.00,"Plan Rows": 10000,"Plan Width": 8,"Actual Startup Time": 0.028,"Actual Total Time": 4.584,"Actual Rows": 10000,"Actual Loops": 3,"Workers": []},{"Node Type": "Hash","Parent Relationship": "Inner","Parallel Aware": false,"Async Capable": false,"Startup Cost": 1.38,"Total Cost": 1.38,"Plan Rows": 2,"Plan Width": 108,"Actual Startup Time": 0.018,"Actual Total Time": 0.024,"Actual Rows": 2,"Actual Loops": 3,"Hash Buckets": 1024,"Original Hash Buckets": 1024,"Hash Batches": 1,"Original Hash Batches": 1,"Peak Memory Usage": 9,"Workers": [],"Plans": [{"Node Type": "Seq Scan","Parent Relationship": "Outer","Parallel Aware": false,"Async Capable": false,"Relation Name": "nation","Alias": "n1","Startup Cost": 0.00,"Total Cost": 1.38,"Plan Rows": 2,"Plan Width": 108,"Actual Startup Time": 0.009,"Actual Total Time": 0.013,"Actual Rows": 2,"Actual Loops": 3,"Filter": "((n_name = 'MOZAMBIQUE'::bpchar) OR (n_name = 'PERU'::bpchar))","Rows Removed by Filter": 23,"Workers": []}]}]}]}]}]}]}]}]},"Planning Time": 9.129,"Triggers": [],"Execution Time": 983.507}]
[{"Plan": {"Node Type": "Aggregate","Strategy": "Sorted","Partial Mode": "Finalize","Parallel Aware": false,"Async Capable": false,"Startup Cost": 72556.41,"Total Cost": 73352.71,"Plan Rows": 5893,"Plan Width": 272,"Actual Startup Time": 930.643,"Actual Total Time": 976.284,"Actual Rows": 4,"Actual Loops": 1,"Group Key": ["n1.n_name", "n2.n_name", "(EXTRACT(year FROM lineitem.l_shipdate))"],"Plans": [{"Node Type": "Gather Merge","Parent Relationship": "Outer","Parallel Aware": false,"Async Capable": false,"Startup Cost": 72556.41,"Total Cost": 73202.94,"Plan Rows": 4910,"Plan Width": 272,"Actual Startup Time": 930.347,"Actual Total Time": 976.221,"Actual Rows": 12,"Actual Loops": 1,"Workers Planned": 2,"Workers Launched": 2,"Plans": [{"Node Type": "Aggregate","Strategy": "Sorted","Partial Mode": "Partial","Parent Relationship": "Outer","Parallel Aware": false,"Async Capable": false,"Startup Cost": 71556.39,"Total Cost": 71636.18,"Plan Rows": 2455,"Plan Width": 272,"Actual Startup Time": 922.695,"Actual Total Time": 923.433,"Actual Rows": 4,"Actual Loops": 3,"Group Key": ["n1.n_name", "n2.n_name", "(EXTRACT(year FROM lineitem.l_shipdate))"],"Workers": [],"Plans": [{"Node Type": "Sort","Parent Relationship": "Outer","Parallel Aware": false,"Async Capable": false,"Startup Cost": 71556.39,"Total Cost": 71562.53,"Plan Rows": 2455,"Plan Width": 252,"Actual Startup Time": 922.422,"Actual Total Time": 922.529,"Actual Rows": 1985,"Actual Loops": 3,"Sort Key": ["n1.n_name", "n2.n_name", "(EXTRACT(year FROM lineitem.l_shipdate))"],"Sort Method": "quicksort","Sort Space Used": 271,"Sort Space Type": "Memory","Workers": [{"Worker Number": 0,"Sort Method": "quicksort","Sort Space Used": 266,"Sort Space Type": "Memory"},{"Worker Number": 1,"Sort Method": "quicksort","Sort Space Used": 260,"Sort Space Type": "Memory"}],"Plans": [{"Node Type": "Hash Join","Parent Relationship": "Outer","Parallel Aware": false,"Async Capable": false,"Join Type": "Inner","Startup Cost": 366.16,"Total Cost": 71418.15,"Plan Rows": 2455,"Plan Width": 252,"Actual Startup Time": 12.812,"Actual Total Time": 920.613,"Actual Rows": 1985,"Actual Loops": 3,"Inner Unique": false,"Hash Cond": "(lineitem.l_suppkey = supplier.s_suppkey)","Join Filter": "(((n1.n_name = 'PERU'::bpchar) AND (n2.n_name = 'BRAZIL'::bpchar)) OR ((n1.n_name = 'BRAZIL'::bpchar) AND (n2.n_name = 'PERU'::bpchar)))","Rows Removed by Join Filter": 1993,"Workers": [],"Plans": [{"Node Type": "Nested Loop","Parent Relationship": "Outer","Parallel Aware": false,"Async Capable": false,"Join Type": "Inner","Startup Cost": 2.26,"Total Cost": 70727.78,"Plan Rows": 60250,"Plan Width": 124,"Actual Startup Time": 1.139,"Actual Total Time": 903.370,"Actual Rows": 48444,"Actual Loops": 3,"Inner Unique": false,"Workers": [],"Plans": [{"Node Type": "Nested Loop","Parent Relationship": "Outer","Parallel Aware": false,"Async Capable": false,"Join Type": "Inner","Startup Cost": 1.83,"Total Cost": 12400.01,"Plan Rows": 49000,"Plan Width": 108,"Actual Startup Time": 0.298,"Actual Total Time": 226.980,"Actual Rows": 39718,"Actual Loops": 3,"Inner Unique": false,"Workers": [],"Plans": [{"Node Type": "Hash Join","Parent Relationship": "Outer","Parallel Aware": false,"Async Capable": false,"Join Type": "Inner","Startup Cost": 1.40,"Total Cost": 4403.27,"Plan Rows": 4900,"Plan Width": 108,"Actual Startup Time": 0.188,"Actual Total Time": 47.475,"Actual Rows": 3991,"Actual Loops": 3,"Inner Unique": true,"Hash Cond": "(customer.c_nationkey = n2.n_nationkey)","Workers": [],"Plans": [{"Node Type": "Seq Scan","Parent Relationship": "Outer","Parallel Aware": true,"Async Capable": false,"Relation Name": "customer","Alias": "customer","Startup Cost": 0.00,"Total Cost": 4210.00,"Plan Rows": 62500,"Plan Width": 8,"Actual Startup Time": 0.017,"Actual Total Time": 9.522,"Actual Rows": 50000,"Actual Loops": 3,"Workers": []},{"Node Type": "Hash","Parent Relationship": "Inner","Parallel Aware": false,"Async Capable": false,"Startup Cost": 1.38,"Total Cost": 1.38,"Plan Rows": 2,"Plan Width": 108,"Actual Startup Time": 0.075,"Actual Total Time": 0.081,"Actual Rows": 2,"Actual Loops": 3,"Hash Buckets": 1024,"Original Hash Buckets": 1024,"Hash Batches": 1,"Original Hash Batches": 1,"Peak Memory Usage": 9,"Workers": [],"Plans": [{"Node Type": "Seq Scan","Parent Relationship": "Outer","Parallel Aware": false,"Async Capable": false,"Relation Name": "nation","Alias": "n2","Startup Cost": 0.00,"Total Cost": 1.38,"Plan Rows": 2,"Plan Width": 108,"Actual Startup Time": 0.054,"Actual Total Time": 0.063,"Actual Rows": 2,"Actual Loops": 3,"Filter": "((n_name = 'BRAZIL'::bpchar) OR (n_name = 'PERU'::bpchar))","Rows Removed by Filter": 23,"Workers": []}]}]},{"Node Type": "Index Scan","Parent Relationship": "Inner","Parallel Aware": false,"Async Capable": false,"Scan Direction": "Forward","Index Name": "idx_orders_custkey","Relation Name": "orders","Alias": "orders","Startup Cost": 0.43,"Total Cost": 1.46,"Plan Rows": 17,"Plan Width": 8,"Actual Startup Time": 0.007,"Actual Total Time": 0.044,"Actual Rows": 10,"Actual Loops": 11974,"Index Cond": "(o_custkey = customer.c_custkey)","Rows Removed by Index Recheck": 0,"Workers": []}]},{"Node Type": "Index Scan","Parent Relationship": "Inner","Parallel Aware": false,"Async Capable": false,"Scan Direction": "Forward","Index Name": "idx_lineitem_orderkey","Relation Name": "lineitem","Alias": "lineitem","Startup Cost": 0.43,"Total Cost": 1.14,"Plan Rows": 5,"Plan Width": 24,"Actual Startup Time": 0.016,"Actual Total Time": 0.017,"Actual Rows": 1,"Actual Loops": 119155,"Index Cond": "(l_orderkey = orders.o_orderkey)","Rows Removed by Index Recheck": 0,"Filter": "((l_shipdate >= '1995-01-01'::date) AND (l_shipdate <= '1996-12-31'::date))","Rows Removed by Filter": 3,"Workers": []}]},{"Node Type": "Hash","Parent Relationship": "Inner","Parallel Aware": false,"Async Capable": false,"Startup Cost": 354.10,"Total Cost": 354.10,"Plan Rows": 784,"Plan Width": 108,"Actual Startup Time": 9.878,"Actual Total Time": 9.893,"Actual Rows": 818,"Actual Loops": 3,"Hash Buckets": 1024,"Original Hash Buckets": 1024,"Hash Batches": 1,"Original Hash Batches": 1,"Peak Memory Usage": 58,"Workers": [],"Plans": [{"Node Type": "Hash Join","Parent Relationship": "Outer","Parallel Aware": false,"Async Capable": false,"Join Type": "Inner","Startup Cost": 1.40,"Total Cost": 354.10,"Plan Rows": 784,"Plan Width": 108,"Actual Startup Time": 0.091,"Actual Total Time": 9.671,"Actual Rows": 818,"Actual Loops": 3,"Inner Unique": true,"Hash Cond": "(supplier.s_nationkey = n1.n_nationkey)","Workers": [],"Plans": [{"Node Type": "Seq Scan","Parent Relationship": "Outer","Parallel Aware": false,"Async Capable": false,"Relation Name": "supplier","Alias": "supplier","Startup Cost": 0.00,"Total Cost": 322.00,"Plan Rows": 10000,"Plan Width": 8,"Actual Startup Time": 0.038,"Actual Total Time": 4.184,"Actual Rows": 10000,"Actual Loops": 3,"Workers": []},{"Node Type": "Hash","Parent Relationship": "Inner","Parallel Aware": false,"Async Capable": false,"Startup Cost": 1.38,"Total Cost": 1.38,"Plan Rows": 2,"Plan Width": 108,"Actual Startup Time": 0.020,"Actual Total Time": 0.026,"Actual Rows": 2,"Actual Loops": 3,"Hash Buckets": 1024,"Original Hash Buckets": 1024,"Hash Batches": 1,"Original Hash Batches": 1,"Peak Memory Usage": 9,"Workers": [],"Plans": [{"Node Type": "Seq Scan","Parent Relationship": "Outer","Parallel Aware": false,"Async Capable": false,"Relation Name": "nation","Alias": "n1","Startup Cost": 0.00,"Total Cost": 1.38,"Plan Rows": 2,"Plan Width": 108,"Actual Startup Time": 0.006,"Actual Total Time": 0.014,"Actual Rows": 2,"Actual Loops": 3,"Filter": "((n_name = 'PERU'::bpchar) OR (n_name = 'BRAZIL'::bpchar))","Rows Removed by Filter": 23,"Workers": []}]}]}]}]}]}]}]}]},"Planning Time": 9.532,"Triggers": [],"Execution Time": 976.830}]
[{"Plan": {"Node Type": "Aggregate","Strategy": "Sorted","Partial Mode": "Finalize","Parallel Aware": false,"Async Capable": false,"Startup Cost": 72556.41,"Total Cost": 73352.71,"Plan Rows": 5893,"Plan Width": 272,"Actual Startup Time": 931.387,"Actual Total Time": 988.183,"Actual Rows": 4,"Actual Loops": 1,"Group Key": ["n1.n_name", "n2.n_name", "(EXTRACT(year FROM lineitem.l_shipdate))"],"Plans": [{"Node Type": "Gather Merge","Parent Relationship": "Outer","Parallel Aware": false,"Async Capable": false,"Startup Cost": 72556.41,"Total Cost": 73202.94,"Plan Rows": 4910,"Plan Width": 272,"Actual Startup Time": 930.606,"Actual Total Time": 988.074,"Actual Rows": 12,"Actual Loops": 1,"Workers Planned": 2,"Workers Launched": 2,"Plans": [{"Node Type": "Aggregate","Strategy": "Sorted","Partial Mode": "Partial","Parent Relationship": "Outer","Parallel Aware": false,"Async Capable": false,"Startup Cost": 71556.39,"Total Cost": 71636.18,"Plan Rows": 2455,"Plan Width": 272,"Actual Startup Time": 921.729,"Actual Total Time": 922.644,"Actual Rows": 4,"Actual Loops": 3,"Group Key": ["n1.n_name", "n2.n_name", "(EXTRACT(year FROM lineitem.l_shipdate))"],"Workers": [],"Plans": [{"Node Type": "Sort","Parent Relationship": "Outer","Parallel Aware": false,"Async Capable": false,"Startup Cost": 71556.39,"Total Cost": 71562.53,"Plan Rows": 2455,"Plan Width": 252,"Actual Startup Time": 921.471,"Actual Total Time": 921.593,"Actual Rows": 1886,"Actual Loops": 3,"Sort Key": ["n1.n_name", "n2.n_name", "(EXTRACT(year FROM lineitem.l_shipdate))"],"Sort Method": "quicksort","Sort Space Used": 248,"Sort Space Type": "Memory","Workers": [{"Worker Number": 0,"Sort Method": "quicksort","Sort Space Used": 257,"Sort Space Type": "Memory"},{"Worker Number": 1,"Sort Method": "quicksort","Sort Space Used": 259,"Sort Space Type": "Memory"}],"Plans": [{"Node Type": "Hash Join","Parent Relationship": "Outer","Parallel Aware": false,"Async Capable": false,"Join Type": "Inner","Startup Cost": 366.16,"Total Cost": 71418.15,"Plan Rows": 2455,"Plan Width": 252,"Actual Startup Time": 9.121,"Actual Total Time": 919.666,"Actual Rows": 1886,"Actual Loops": 3,"Inner Unique": false,"Hash Cond": "(lineitem.l_suppkey = supplier.s_suppkey)","Join Filter": "(((n1.n_name = 'VIETNAM'::bpchar) AND (n2.n_name = 'JAPAN'::bpchar)) OR ((n1.n_name = 'JAPAN'::bpchar) AND (n2.n_name = 'VIETNAM'::bpchar)))","Rows Removed by Join Filter": 1871,"Workers": [],"Plans": [{"Node Type": "Nested Loop","Parent Relationship": "Outer","Parallel Aware": false,"Async Capable": false,"Join Type": "Inner","Startup Cost": 2.26,"Total Cost": 70727.78,"Plan Rows": 60250,"Plan Width": 124,"Actual Startup Time": 0.406,"Actual Total Time": 904.676,"Actual Rows": 48726,"Actual Loops": 3,"Inner Unique": false,"Workers": [],"Plans": [{"Node Type": "Nested Loop","Parent Relationship": "Outer","Parallel Aware": false,"Async Capable": false,"Join Type": "Inner","Startup Cost": 1.83,"Total Cost": 12400.01,"Plan Rows": 49000,"Plan Width": 108,"Actual Startup Time": 0.244,"Actual Total Time": 228.847,"Actual Rows": 39917,"Actual Loops": 3,"Inner Unique": false,"Workers": [],"Plans": [{"Node Type": "Hash Join","Parent Relationship": "Outer","Parallel Aware": false,"Async Capable": false,"Join Type": "Inner","Startup Cost": 1.40,"Total Cost": 4403.27,"Plan Rows": 4900,"Plan Width": 108,"Actual Startup Time": 0.142,"Actual Total Time": 48.084,"Actual Rows": 3985,"Actual Loops": 3,"Inner Unique": true,"Hash Cond": "(customer.c_nationkey = n2.n_nationkey)","Workers": [],"Plans": [{"Node Type": "Seq Scan","Parent Relationship": "Outer","Parallel Aware": true,"Async Capable": false,"Relation Name": "customer","Alias": "customer","Startup Cost": 0.00,"Total Cost": 4210.00,"Plan Rows": 62500,"Plan Width": 8,"Actual Startup Time": 0.011,"Actual Total Time": 9.633,"Actual Rows": 50000,"Actual Loops": 3,"Workers": []},{"Node Type": "Hash","Parent Relationship": "Inner","Parallel Aware": false,"Async Capable": false,"Startup Cost": 1.38,"Total Cost": 1.38,"Plan Rows": 2,"Plan Width": 108,"Actual Startup Time": 0.068,"Actual Total Time": 0.073,"Actual Rows": 2,"Actual Loops": 3,"Hash Buckets": 1024,"Original Hash Buckets": 1024,"Hash Batches": 1,"Original Hash Batches": 1,"Peak Memory Usage": 9,"Workers": [],"Plans": [{"Node Type": "Seq Scan","Parent Relationship": "Outer","Parallel Aware": false,"Async Capable": false,"Relation Name": "nation","Alias": "n2","Startup Cost": 0.00,"Total Cost": 1.38,"Plan Rows": 2,"Plan Width": 108,"Actual Startup Time": 0.053,"Actual Total Time": 0.057,"Actual Rows": 2,"Actual Loops": 3,"Filter": "((n_name = 'JAPAN'::bpchar) OR (n_name = 'VIETNAM'::bpchar))","Rows Removed by Filter": 23,"Workers": []}]}]},{"Node Type": "Index Scan","Parent Relationship": "Inner","Parallel Aware": false,"Async Capable": false,"Scan Direction": "Forward","Index Name": "idx_orders_custkey","Relation Name": "orders","Alias": "orders","Startup Cost": 0.43,"Total Cost": 1.46,"Plan Rows": 17,"Plan Width": 8,"Actual Startup Time": 0.007,"Actual Total Time": 0.044,"Actual Rows": 10,"Actual Loops": 11956,"Index Cond": "(o_custkey = customer.c_custkey)","Rows Removed by Index Recheck": 0,"Workers": []}]},{"Node Type": "Index Scan","Parent Relationship": "Inner","Parallel Aware": false,"Async Capable": false,"Scan Direction": "Forward","Index Name": "idx_lineitem_orderkey","Relation Name": "lineitem","Alias": "lineitem","Startup Cost": 0.43,"Total Cost": 1.14,"Plan Rows": 5,"Plan Width": 24,"Actual Startup Time": 0.016,"Actual Total Time": 0.017,"Actual Rows": 1,"Actual Loops": 119752,"Index Cond": "(l_orderkey = orders.o_orderkey)","Rows Removed by Index Recheck": 0,"Filter": "((l_shipdate >= '1995-01-01'::date) AND (l_shipdate <= '1996-12-31'::date))","Rows Removed by Filter": 3,"Workers": []}]},{"Node Type": "Hash","Parent Relationship": "Inner","Parallel Aware": false,"Async Capable": false,"Startup Cost": 354.10,"Total Cost": 354.10,"Plan Rows": 784,"Plan Width": 108,"Actual Startup Time": 7.580,"Actual Total Time": 7.592,"Actual Rows": 776,"Actual Loops": 3,"Hash Buckets": 1024,"Original Hash Buckets": 1024,"Hash Batches": 1,"Original Hash Batches": 1,"Peak Memory Usage": 55,"Workers": [],"Plans": [{"Node Type": "Hash Join","Parent Relationship": "Outer","Parallel Aware": false,"Async Capable": false,"Join Type": "Inner","Startup Cost": 1.40,"Total Cost": 354.10,"Plan Rows": 784,"Plan Width": 108,"Actual Startup Time": 0.073,"Actual Total Time": 7.419,"Actual Rows": 776,"Actual Loops": 3,"Inner Unique": true,"Hash Cond": "(supplier.s_nationkey = n1.n_nationkey)","Workers": [],"Plans": [{"Node Type": "Seq Scan","Parent Relationship": "Outer","Parallel Aware": false,"Async Capable": false,"Relation Name": "supplier","Alias": "supplier","Startup Cost": 0.00,"Total Cost": 322.00,"Plan Rows": 10000,"Plan Width": 8,"Actual Startup Time": 0.023,"Actual Total Time": 3.638,"Actual Rows": 10000,"Actual Loops": 3,"Workers": []},{"Node Type": "Hash","Parent Relationship": "Inner","Parallel Aware": false,"Async Capable": false,"Startup Cost": 1.38,"Total Cost": 1.38,"Plan Rows": 2,"Plan Width": 108,"Actual Startup Time": 0.012,"Actual Total Time": 0.016,"Actual Rows": 2,"Actual Loops": 3,"Hash Buckets": 1024,"Original Hash Buckets": 1024,"Hash Batches": 1,"Original Hash Batches": 1,"Peak Memory Usage": 9,"Workers": [],"Plans": [{"Node Type": "Seq Scan","Parent Relationship": "Outer","Parallel Aware": false,"Async Capable": false,"Relation Name": "nation","Alias": "n1","Startup Cost": 0.00,"Total Cost": 1.38,"Plan Rows": 2,"Plan Width": 108,"Actual Startup Time": 0.006,"Actual Total Time": 0.008,"Actual Rows": 2,"Actual Loops": 3,"Filter": "((n_name = 'VIETNAM'::bpchar) OR (n_name = 'JAPAN'::bpchar))","Rows Removed by Filter": 23,"Workers": []}]}]}]}]}]}]}]}]},"Planning Time": 9.667,"Triggers": [],"Execution Time": 988.650}]
[{"Plan": {"Node Type": "Aggregate","Strategy": "Sorted","Partial Mode": "Finalize","Parallel Aware": false,"Async Capable": false,"Startup Cost": 72556.41,"Total Cost": 73352.71,"Plan Rows": 5893,"Plan Width": 272,"Actual Startup Time": 916.113,"Actual Total Time": 960.152,"Actual Rows": 4,"Actual Loops": 1,"Group Key": ["n1.n_name", "n2.n_name", "(EXTRACT(year FROM lineitem.l_shipdate))"],"Plans": [{"Node Type": "Gather Merge","Parent Relationship": "Outer","Parallel Aware": false,"Async Capable": false,"Startup Cost": 72556.41,"Total Cost": 73202.94,"Plan Rows": 4910,"Plan Width": 272,"Actual Startup Time": 915.549,"Actual Total Time": 960.065,"Actual Rows": 12,"Actual Loops": 1,"Workers Planned": 2,"Workers Launched": 2,"Plans": [{"Node Type": "Aggregate","Strategy": "Sorted","Partial Mode": "Partial","Parent Relationship": "Outer","Parallel Aware": false,"Async Capable": false,"Startup Cost": 71556.39,"Total Cost": 71636.18,"Plan Rows": 2455,"Plan Width": 272,"Actual Startup Time": 907.963,"Actual Total Time": 908.773,"Actual Rows": 4,"Actual Loops": 3,"Group Key": ["n1.n_name", "n2.n_name", "(EXTRACT(year FROM lineitem.l_shipdate))"],"Workers": [],"Plans": [{"Node Type": "Sort","Parent Relationship": "Outer","Parallel Aware": false,"Async Capable": false,"Startup Cost": 71556.39,"Total Cost": 71562.53,"Plan Rows": 2455,"Plan Width": 252,"Actual Startup Time": 907.679,"Actual Total Time": 907.807,"Actual Rows": 1986,"Actual Loops": 3,"Sort Key": ["n1.n_name", "n2.n_name", "(EXTRACT(year FROM lineitem.l_shipdate))"],"Sort Method": "quicksort","Sort Space Used": 323,"Sort Space Type": "Memory","Workers": [{"Worker Number": 0,"Sort Method": "quicksort","Sort Space Used": 259,"Sort Space Type": "Memory"},{"Worker Number": 1,"Sort Method": "quicksort","Sort Space Used": 264,"Sort Space Type": "Memory"}],"Plans": [{"Node Type": "Hash Join","Parent Relationship": "Outer","Parallel Aware": false,"Async Capable": false,"Join Type": "Inner","Startup Cost": 366.16,"Total Cost": 71418.15,"Plan Rows": 2455,"Plan Width": 252,"Actual Startup Time": 12.700,"Actual Total Time": 905.827,"Actual Rows": 1986,"Actual Loops": 3,"Inner Unique": false,"Hash Cond": "(lineitem.l_suppkey = supplier.s_suppkey)","Join Filter": "(((n1.n_name = 'EGYPT'::bpchar) AND (n2.n_name = 'INDIA'::bpchar)) OR ((n1.n_name = 'INDIA'::bpchar) AND (n2.n_name = 'EGYPT'::bpchar)))","Rows Removed by Join Filter": 2006,"Workers": [],"Plans": [{"Node Type": "Nested Loop","Parent Relationship": "Outer","Parallel Aware": false,"Async Capable": false,"Join Type": "Inner","Startup Cost": 2.26,"Total Cost": 70727.78,"Plan Rows": 60250,"Plan Width": 124,"Actual Startup Time": 0.775,"Actual Total Time": 887.012,"Actual Rows": 48300,"Actual Loops": 3,"Inner Unique": false,"Workers": [],"Plans": [{"Node Type": "Nested Loop","Parent Relationship": "Outer","Parallel Aware": false,"Async Capable": false,"Join Type": "Inner","Startup Cost": 1.83,"Total Cost": 12400.01,"Plan Rows": 49000,"Plan Width": 108,"Actual Startup Time": 0.311,"Actual Total Time": 218.811,"Actual Rows": 39646,"Actual Loops": 3,"Inner Unique": false,"Workers": [],"Plans": [{"Node Type": "Hash Join","Parent Relationship": "Outer","Parallel Aware": false,"Async Capable": false,"Join Type": "Inner","Startup Cost": 1.40,"Total Cost": 4403.27,"Plan Rows": 4900,"Plan Width": 108,"Actual Startup Time": 0.180,"Actual Total Time": 42.681,"Actual Rows": 4012,"Actual Loops": 3,"Inner Unique": true,"Hash Cond": "(customer.c_nationkey = n2.n_nationkey)","Workers": [],"Plans": [{"Node Type": "Seq Scan","Parent Relationship": "Outer","Parallel Aware": true,"Async Capable": false,"Relation Name": "customer","Alias": "customer","Startup Cost": 0.00,"Total Cost": 4210.00,"Plan Rows": 62500,"Plan Width": 8,"Actual Startup Time": 0.013,"Actual Total Time": 8.910,"Actual Rows": 50000,"Actual Loops": 3,"Workers": []},{"Node Type": "Hash","Parent Relationship": "Inner","Parallel Aware": false,"Async Capable": false,"Startup Cost": 1.38,"Total Cost": 1.38,"Plan Rows": 2,"Plan Width": 108,"Actual Startup Time": 0.069,"Actual Total Time": 0.077,"Actual Rows": 2,"Actual Loops": 3,"Hash Buckets": 1024,"Original Hash Buckets": 1024,"Hash Batches": 1,"Original Hash Batches": 1,"Peak Memory Usage": 9,"Workers": [],"Plans": [{"Node Type": "Seq Scan","Parent Relationship": "Outer","Parallel Aware": false,"Async Capable": false,"Relation Name": "nation","Alias": "n2","Startup Cost": 0.00,"Total Cost": 1.38,"Plan Rows": 2,"Plan Width": 108,"Actual Startup Time": 0.052,"Actual Total Time": 0.062,"Actual Rows": 2,"Actual Loops": 3,"Filter": "((n_name = 'INDIA'::bpchar) OR (n_name = 'EGYPT'::bpchar))","Rows Removed by Filter": 23,"Workers": []}]}]},{"Node Type": "Index Scan","Parent Relationship": "Inner","Parallel Aware": false,"Async Capable": false,"Scan Direction": "Forward","Index Name": "idx_orders_custkey","Relation Name": "orders","Alias": "orders","Startup Cost": 0.43,"Total Cost": 1.46,"Plan Rows": 17,"Plan Width": 8,"Actual Startup Time": 0.007,"Actual Total Time": 0.043,"Actual Rows": 10,"Actual Loops": 12037,"Index Cond": "(o_custkey = customer.c_custkey)","Rows Removed by Index Recheck": 0,"Workers": []}]},{"Node Type": "Index Scan","Parent Relationship": "Inner","Parallel Aware": false,"Async Capable": false,"Scan Direction": "Forward","Index Name": "idx_lineitem_orderkey","Relation Name": "lineitem","Alias": "lineitem","Startup Cost": 0.43,"Total Cost": 1.14,"Plan Rows": 5,"Plan Width": 24,"Actual Startup Time": 0.016,"Actual Total Time": 0.017,"Actual Rows": 1,"Actual Loops": 118938,"Index Cond": "(l_orderkey = orders.o_orderkey)","Rows Removed by Index Recheck": 0,"Filter": "((l_shipdate >= '1995-01-01'::date) AND (l_shipdate <= '1996-12-31'::date))","Rows Removed by Filter": 3,"Workers": []}]},{"Node Type": "Hash","Parent Relationship": "Inner","Parallel Aware": false,"Async Capable": false,"Startup Cost": 354.10,"Total Cost": 354.10,"Plan Rows": 784,"Plan Width": 108,"Actual Startup Time": 11.608,"Actual Total Time": 11.624,"Actual Rows": 830,"Actual Loops": 3,"Hash Buckets": 1024,"Original Hash Buckets": 1024,"Hash Batches": 1,"Original Hash Batches": 1,"Peak Memory Usage": 59,"Workers": [],"Plans": [{"Node Type": "Hash Join","Parent Relationship": "Outer","Parallel Aware": false,"Async Capable": false,"Join Type": "Inner","Startup Cost": 1.40,"Total Cost": 354.10,"Plan Rows": 784,"Plan Width": 108,"Actual Startup Time": 0.099,"Actual Total Time": 11.410,"Actual Rows": 830,"Actual Loops": 3,"Inner Unique": true,"Hash Cond": "(supplier.s_nationkey = n1.n_nationkey)","Workers": [],"Plans": [{"Node Type": "Seq Scan","Parent Relationship": "Outer","Parallel Aware": false,"Async Capable": false,"Relation Name": "supplier","Alias": "supplier","Startup Cost": 0.00,"Total Cost": 322.00,"Plan Rows": 10000,"Plan Width": 8,"Actual Startup Time": 0.035,"Actual Total Time": 4.816,"Actual Rows": 10000,"Actual Loops": 3,"Workers": []},{"Node Type": "Hash","Parent Relationship": "Inner","Parallel Aware": false,"Async Capable": false,"Startup Cost": 1.38,"Total Cost": 1.38,"Plan Rows": 2,"Plan Width": 108,"Actual Startup Time": 0.016,"Actual Total Time": 0.021,"Actual Rows": 2,"Actual Loops": 3,"Hash Buckets": 1024,"Original Hash Buckets": 1024,"Hash Batches": 1,"Original Hash Batches": 1,"Peak Memory Usage": 9,"Workers": [],"Plans": [{"Node Type": "Seq Scan","Parent Relationship": "Outer","Parallel Aware": false,"Async Capable": false,"Relation Name": "nation","Alias": "n1","Startup Cost": 0.00,"Total Cost": 1.38,"Plan Rows": 2,"Plan Width": 108,"Actual Startup Time": 0.005,"Actual Total Time": 0.012,"Actual Rows": 2,"Actual Loops": 3,"Filter": "((n_name = 'EGYPT'::bpchar) OR (n_name = 'INDIA'::bpchar))","Rows Removed by Filter": 23,"Workers": []}]}]}]}]}]}]}]}]},"Planning Time": 9.204,"Triggers": [],"Execution Time": 960.560}]
[{"Plan": {"Node Type": "Aggregate","Strategy": "Sorted","Partial Mode": "Finalize","Parallel Aware": false,"Async Capable": false,"Startup Cost": 72556.41,"Total Cost": 73352.71,"Plan Rows": 5893,"Plan Width": 272,"Actual Startup Time": 914.182,"Actual Total Time": 958.678,"Actual Rows": 4,"Actual Loops": 1,"Group Key": ["n1.n_name", "n2.n_name", "(EXTRACT(year FROM lineitem.l_shipdate))"],"Plans": [{"Node Type": "Gather Merge","Parent Relationship": "Outer","Parallel Aware": false,"Async Capable": false,"Startup Cost": 72556.41,"Total Cost": 73202.94,"Plan Rows": 4910,"Plan Width": 272,"Actual Startup Time": 913.889,"Actual Total Time": 958.605,"Actual Rows": 12,"Actual Loops": 1,"Workers Planned": 2,"Workers Launched": 2,"Plans": [{"Node Type": "Aggregate","Strategy": "Sorted","Partial Mode": "Partial","Parent Relationship": "Outer","Parallel Aware": false,"Async Capable": false,"Startup Cost": 71556.39,"Total Cost": 71636.18,"Plan Rows": 2455,"Plan Width": 272,"Actual Startup Time": 906.245,"Actual Total Time": 906.933,"Actual Rows": 4,"Actual Loops": 3,"Group Key": ["n1.n_name", "n2.n_name", "(EXTRACT(year FROM lineitem.l_shipdate))"],"Workers": [],"Plans": [{"Node Type": "Sort","Parent Relationship": "Outer","Parallel Aware": false,"Async Capable": false,"Startup Cost": 71556.39,"Total Cost": 71562.53,"Plan Rows": 2455,"Plan Width": 252,"Actual Startup Time": 905.962,"Actual Total Time": 906.069,"Actual Rows": 1908,"Actual Loops": 3,"Sort Key": ["n1.n_name", "n2.n_name", "(EXTRACT(year FROM lineitem.l_shipdate))"],"Sort Method": "quicksort","Sort Space Used": 259,"Sort Space Type": "Memory","Workers": [{"Worker Number": 0,"Sort Method": "quicksort","Sort Space Used": 255,"Sort Space Type": "Memory"},{"Worker Number": 1,"Sort Method": "quicksort","Sort Space Used": 258,"Sort Space Type": "Memory"}],"Plans": [{"Node Type": "Hash Join","Parent Relationship": "Outer","Parallel Aware": false,"Async Capable": false,"Join Type": "Inner","Startup Cost": 366.16,"Total Cost": 71418.15,"Plan Rows": 2455,"Plan Width": 252,"Actual Startup Time": 8.643,"Actual Total Time": 904.154,"Actual Rows": 1908,"Actual Loops": 3,"Inner Unique": false,"Hash Cond": "(lineitem.l_suppkey = supplier.s_suppkey)","Join Filter": "(((n1.n_name = 'JAPAN'::bpchar) AND (n2.n_name = 'BRAZIL'::bpchar)) OR ((n1.n_name = 'BRAZIL'::bpchar) AND (n2.n_name = 'JAPAN'::bpchar)))","Rows Removed by Join Filter": 1857,"Workers": [],"Plans": [{"Node Type": "Nested Loop","Parent Relationship": "Outer","Parallel Aware": false,"Async Capable": false,"Join Type": "Inner","Startup Cost": 2.26,"Total Cost": 70727.78,"Plan Rows": 60250,"Plan Width": 124,"Actual Startup Time": 1.012,"Actual Total Time": 890.277,"Actual Rows": 48542,"Actual Loops": 3,"Inner Unique": false,"Workers": [],"Plans": [{"Node Type": "Nested Loop","Parent Relationship": "Outer","Parallel Aware": false,"Async Capable": false,"Join Type": "Inner","Startup Cost": 1.83,"Total Cost": 12400.01,"Plan Rows": 49000,"Plan Width": 108,"Actual Startup Time": 0.299,"Actual Total Time": 220.640,"Actual Rows": 39847,"Actual Loops": 3,"Inner Unique": false,"Workers": [],"Plans": [{"Node Type": "Hash Join","Parent Relationship": "Outer","Parallel Aware": false,"Async Capable": false,"Join Type": "Inner","Startup Cost": 1.40,"Total Cost": 4403.27,"Plan Rows": 4900,"Plan Width": 108,"Actual Startup Time": 0.182,"Actual Total Time": 44.020,"Actual Rows": 3982,"Actual Loops": 3,"Inner Unique": true,"Hash Cond": "(customer.c_nationkey = n2.n_nationkey)","Workers": [],"Plans": [{"Node Type": "Seq Scan","Parent Relationship": "Outer","Parallel Aware": true,"Async Capable": false,"Relation Name": "customer","Alias": "customer","Startup Cost": 0.00,"Total Cost": 4210.00,"Plan Rows": 62500,"Plan Width": 8,"Actual Startup Time": 0.013,"Actual Total Time": 9.091,"Actual Rows": 50000,"Actual Loops": 3,"Workers": []},{"Node Type": "Hash","Parent Relationship": "Inner","Parallel Aware": false,"Async Capable": false,"Startup Cost": 1.38,"Total Cost": 1.38,"Plan Rows": 2,"Plan Width": 108,"Actual Startup Time": 0.076,"Actual Total Time": 0.083,"Actual Rows": 2,"Actual Loops": 3,"Hash Buckets": 1024,"Original Hash Buckets": 1024,"Hash Batches": 1,"Original Hash Batches": 1,"Peak Memory Usage": 9,"Workers": [],"Plans": [{"Node Type": "Seq Scan","Parent Relationship": "Outer","Parallel Aware": false,"Async Capable": false,"Relation Name": "nation","Alias": "n2","Startup Cost": 0.00,"Total Cost": 1.38,"Plan Rows": 2,"Plan Width": 108,"Actual Startup Time": 0.055,"Actual Total Time": 0.066,"Actual Rows": 2,"Actual Loops": 3,"Filter": "((n_name = 'BRAZIL'::bpchar) OR (n_name = 'JAPAN'::bpchar))","Rows Removed by Filter": 23,"Workers": []}]}]},{"Node Type": "Index Scan","Parent Relationship": "Inner","Parallel Aware": false,"Async Capable": false,"Scan Direction": "Forward","Index Name": "idx_orders_custkey","Relation Name": "orders","Alias": "orders","Startup Cost": 0.43,"Total Cost": 1.46,"Plan Rows": 17,"Plan Width": 8,"Actual Startup Time": 0.007,"Actual Total Time": 0.043,"Actual Rows": 10,"Actual Loops": 11947,"Index Cond": "(o_custkey = customer.c_custkey)","Rows Removed by Index Recheck": 0,"Workers": []}]},{"Node Type": "Index Scan","Parent Relationship": "Inner","Parallel Aware": false,"Async Capable": false,"Scan Direction": "Forward","Index Name": "idx_lineitem_orderkey","Relation Name": "lineitem","Alias": "lineitem","Startup Cost": 0.43,"Total Cost": 1.14,"Plan Rows": 5,"Plan Width": 24,"Actual Startup Time": 0.016,"Actual Total Time": 0.017,"Actual Rows": 1,"Actual Loops": 119542,"Index Cond": "(l_orderkey = orders.o_orderkey)","Rows Removed by Index Recheck": 0,"Filter": "((l_shipdate >= '1995-01-01'::date) AND (l_shipdate <= '1996-12-31'::date))","Rows Removed by Filter": 3,"Workers": []}]},{"Node Type": "Hash","Parent Relationship": "Inner","Parallel Aware": false,"Async Capable": false,"Startup Cost": 354.10,"Total Cost": 354.10,"Plan Rows": 784,"Plan Width": 108,"Actual Startup Time": 6.880,"Actual Total Time": 6.900,"Actual Rows": 774,"Actual Loops": 3,"Hash Buckets": 1024,"Original Hash Buckets": 1024,"Hash Batches": 1,"Original Hash Batches": 1,"Peak Memory Usage": 55,"Workers": [],"Plans": [{"Node Type": "Hash Join","Parent Relationship": "Outer","Parallel Aware": false,"Async Capable": false,"Join Type": "Inner","Startup Cost": 1.40,"Total Cost": 354.10,"Plan Rows": 784,"Plan Width": 108,"Actual Startup Time": 0.099,"Actual Total Time": 6.699,"Actual Rows": 774,"Actual Loops": 3,"Inner Unique": true,"Hash Cond": "(supplier.s_nationkey = n1.n_nationkey)","Workers": [],"Plans": [{"Node Type": "Seq Scan","Parent Relationship": "Outer","Parallel Aware": false,"Async Capable": false,"Relation Name": "supplier","Alias": "supplier","Startup Cost": 0.00,"Total Cost": 322.00,"Plan Rows": 10000,"Plan Width": 8,"Actual Startup Time": 0.041,"Actual Total Time": 3.493,"Actual Rows": 10000,"Actual Loops": 3,"Workers": []},{"Node Type": "Hash","Parent Relationship": "Inner","Parallel Aware": false,"Async Capable": false,"Startup Cost": 1.38,"Total Cost": 1.38,"Plan Rows": 2,"Plan Width": 108,"Actual Startup Time": 0.018,"Actual Total Time": 0.025,"Actual Rows": 2,"Actual Loops": 3,"Hash Buckets": 1024,"Original Hash Buckets": 1024,"Hash Batches": 1,"Original Hash Batches": 1,"Peak Memory Usage": 9,"Workers": [],"Plans": [{"Node Type": "Seq Scan","Parent Relationship": "Outer","Parallel Aware": false,"Async Capable": false,"Relation Name": "nation","Alias": "n1","Startup Cost": 0.00,"Total Cost": 1.38,"Plan Rows": 2,"Plan Width": 108,"Actual Startup Time": 0.006,"Actual Total Time": 0.015,"Actual Rows": 2,"Actual Loops": 3,"Filter": "((n_name = 'JAPAN'::bpchar) OR (n_name = 'BRAZIL'::bpchar))","Rows Removed by Filter": 23,"Workers": []}]}]}]}]}]}]}]}]},"Planning Time": 7.664,"Triggers": [],"Execution Time": 959.293}]
[{"Plan": {"Node Type": "Aggregate","Strategy": "Sorted","Partial Mode": "Finalize","Parallel Aware": false,"Async Capable": false,"Startup Cost": 72556.41,"Total Cost": 73352.71,"Plan Rows": 5893,"Plan Width": 272,"Actual Startup Time": 945.335,"Actual Total Time": 990.135,"Actual Rows": 4,"Actual Loops": 1,"Group Key": ["n1.n_name", "n2.n_name", "(EXTRACT(year FROM lineitem.l_shipdate))"],"Plans": [{"Node Type": "Gather Merge","Parent Relationship": "Outer","Parallel Aware": false,"Async Capable": false,"Startup Cost": 72556.41,"Total Cost": 73202.94,"Plan Rows": 4910,"Plan Width": 272,"Actual Startup Time": 945.054,"Actual Total Time": 990.074,"Actual Rows": 12,"Actual Loops": 1,"Workers Planned": 2,"Workers Launched": 2,"Plans": [{"Node Type": "Aggregate","Strategy": "Sorted","Partial Mode": "Partial","Parent Relationship": "Outer","Parallel Aware": false,"Async Capable": false,"Startup Cost": 71556.39,"Total Cost": 71636.18,"Plan Rows": 2455,"Plan Width": 272,"Actual Startup Time": 937.309,"Actual Total Time": 937.965,"Actual Rows": 4,"Actual Loops": 3,"Group Key": ["n1.n_name", "n2.n_name", "(EXTRACT(year FROM lineitem.l_shipdate))"],"Workers": [],"Plans": [{"Node Type": "Sort","Parent Relationship": "Outer","Parallel Aware": false,"Async Capable": false,"Startup Cost": 71556.39,"Total Cost": 71562.53,"Plan Rows": 2455,"Plan Width": 252,"Actual Startup Time": 937.029,"Actual Total Time": 937.131,"Actual Rows": 1951,"Actual Loops": 3,"Sort Key": ["n1.n_name", "n2.n_name", "(EXTRACT(year FROM lineitem.l_shipdate))"],"Sort Method": "quicksort","Sort Space Used": 321,"Sort Space Type": "Memory","Workers": [{"Worker Number": 0,"Sort Method": "quicksort","Sort Space Used": 258,"Sort Space Type": "Memory"},{"Worker Number": 1,"Sort Method": "quicksort","Sort Space Used": 255,"Sort Space Type": "Memory"}],"Plans": [{"Node Type": "Hash Join","Parent Relationship": "Outer","Parallel Aware": false,"Async Capable": false,"Join Type": "Inner","Startup Cost": 366.16,"Total Cost": 71418.15,"Plan Rows": 2455,"Plan Width": 252,"Actual Startup Time": 11.180,"Actual Total Time": 935.219,"Actual Rows": 1951,"Actual Loops": 3,"Inner Unique": false,"Hash Cond": "(lineitem.l_suppkey = supplier.s_suppkey)","Join Filter": "(((n1.n_name = 'CANADA'::bpchar) AND (n2.n_name = 'UNITED STATES'::bpchar)) OR ((n1.n_name = 'UNITED STATES'::bpchar) AND (n2.n_name = 'CANADA'::bpchar)))","Rows Removed by Join Filter": 1986,"Workers": [],"Plans": [{"Node Type": "Nested Loop","Parent Relationship": "Outer","Parallel Aware": false,"Async Capable": false,"Join Type": "Inner","Startup Cost": 2.26,"Total Cost": 70727.78,"Plan Rows": 60250,"Plan Width": 124,"Actual Startup Time": 0.710,"Actual Total Time": 918.102,"Actual Rows": 48863,"Actual Loops": 3,"Inner Unique": false,"Workers": [],"Plans": [{"Node Type": "Nested Loop","Parent Relationship": "Outer","Parallel Aware": false,"Async Capable": false,"Join Type": "Inner","Startup Cost": 1.83,"Total Cost": 12400.01,"Plan Rows": 49000,"Plan Width": 108,"Actual Startup Time": 0.312,"Actual Total Time": 237.424,"Actual Rows": 40134,"Actual Loops": 3,"Inner Unique": false,"Workers": [],"Plans": [{"Node Type": "Hash Join","Parent Relationship": "Outer","Parallel Aware": false,"Async Capable": false,"Join Type": "Inner","Startup Cost": 1.40,"Total Cost": 4403.27,"Plan Rows": 4900,"Plan Width": 108,"Actual Startup Time": 0.197,"Actual Total Time": 48.226,"Actual Rows": 4001,"Actual Loops": 3,"Inner Unique": true,"Hash Cond": "(customer.c_nationkey = n2.n_nationkey)","Workers": [],"Plans": [{"Node Type": "Seq Scan","Parent Relationship": "Outer","Parallel Aware": true,"Async Capable": false,"Relation Name": "customer","Alias": "customer","Startup Cost": 0.00,"Total Cost": 4210.00,"Plan Rows": 62500,"Plan Width": 8,"Actual Startup Time": 0.016,"Actual Total Time": 9.710,"Actual Rows": 50000,"Actual Loops": 3,"Workers": []},{"Node Type": "Hash","Parent Relationship": "Inner","Parallel Aware": false,"Async Capable": false,"Startup Cost": 1.38,"Total Cost": 1.38,"Plan Rows": 2,"Plan Width": 108,"Actual Startup Time": 0.076,"Actual Total Time": 0.080,"Actual Rows": 2,"Actual Loops": 3,"Hash Buckets": 1024,"Original Hash Buckets": 1024,"Hash Batches": 1,"Original Hash Batches": 1,"Peak Memory Usage": 9,"Workers": [],"Plans": [{"Node Type": "Seq Scan","Parent Relationship": "Outer","Parallel Aware": false,"Async Capable": false,"Relation Name": "nation","Alias": "n2","Startup Cost": 0.00,"Total Cost": 1.38,"Plan Rows": 2,"Plan Width": 108,"Actual Startup Time": 0.056,"Actual Total Time": 0.064,"Actual Rows": 2,"Actual Loops": 3,"Filter": "((n_name = 'UNITED STATES'::bpchar) OR (n_name = 'CANADA'::bpchar))","Rows Removed by Filter": 23,"Workers": []}]}]},{"Node Type": "Index Scan","Parent Relationship": "Inner","Parallel Aware": false,"Async Capable": false,"Scan Direction": "Forward","Index Name": "idx_orders_custkey","Relation Name": "orders","Alias": "orders","Startup Cost": 0.43,"Total Cost": 1.46,"Plan Rows": 17,"Plan Width": 8,"Actual Startup Time": 0.007,"Actual Total Time": 0.046,"Actual Rows": 10,"Actual Loops": 12003,"Index Cond": "(o_custkey = customer.c_custkey)","Rows Removed by Index Recheck": 0,"Workers": []}]},{"Node Type": "Index Scan","Parent Relationship": "Inner","Parallel Aware": false,"Async Capable": false,"Scan Direction": "Forward","Index Name": "idx_lineitem_orderkey","Relation Name": "lineitem","Alias": "lineitem","Startup Cost": 0.43,"Total Cost": 1.14,"Plan Rows": 5,"Plan Width": 24,"Actual Startup Time": 0.016,"Actual Total Time": 0.017,"Actual Rows": 1,"Actual Loops": 120401,"Index Cond": "(l_orderkey = orders.o_orderkey)","Rows Removed by Index Recheck": 0,"Filter": "((l_shipdate >= '1995-01-01'::date) AND (l_shipdate <= '1996-12-31'::date))","Rows Removed by Filter": 3,"Workers": []}]},{"Node Type": "Hash","Parent Relationship": "Inner","Parallel Aware": false,"Async Capable": false,"Startup Cost": 354.10,"Total Cost": 354.10,"Plan Rows": 784,"Plan Width": 108,"Actual Startup Time": 9.643,"Actual Total Time": 9.656,"Actual Rows": 805,"Actual Loops": 3,"Hash Buckets": 1024,"Original Hash Buckets": 1024,"Hash Batches": 1,"Original Hash Batches": 1,"Peak Memory Usage": 57,"Workers": [],"Plans": [{"Node Type": "Hash Join","Parent Relationship": "Outer","Parallel Aware": false,"Async Capable": false,"Join Type": "Inner","Startup Cost": 1.40,"Total Cost": 354.10,"Plan Rows": 784,"Plan Width": 108,"Actual Startup Time": 0.112,"Actual Total Time": 9.447,"Actual Rows": 805,"Actual Loops": 3,"Inner Unique": true,"Hash Cond": "(supplier.s_nationkey = n1.n_nationkey)","Workers": [],"Plans": [{"Node Type": "Seq Scan","Parent Relationship": "Outer","Parallel Aware": false,"Async Capable": false,"Relation Name": "supplier","Alias": "supplier","Startup Cost": 0.00,"Total Cost": 322.00,"Plan Rows": 10000,"Plan Width": 8,"Actual Startup Time": 0.037,"Actual Total Time": 4.057,"Actual Rows": 10000,"Actual Loops": 3,"Workers": []},{"Node Type": "Hash","Parent Relationship": "Inner","Parallel Aware": false,"Async Capable": false,"Startup Cost": 1.38,"Total Cost": 1.38,"Plan Rows": 2,"Plan Width": 108,"Actual Startup Time": 0.027,"Actual Total Time": 0.032,"Actual Rows": 2,"Actual Loops": 3,"Hash Buckets": 1024,"Original Hash Buckets": 1024,"Hash Batches": 1,"Original Hash Batches": 1,"Peak Memory Usage": 9,"Workers": [],"Plans": [{"Node Type": "Seq Scan","Parent Relationship": "Outer","Parallel Aware": false,"Async Capable": false,"Relation Name": "nation","Alias": "n1","Startup Cost": 0.00,"Total Cost": 1.38,"Plan Rows": 2,"Plan Width": 108,"Actual Startup Time": 0.007,"Actual Total Time": 0.014,"Actual Rows": 2,"Actual Loops": 3,"Filter": "((n_name = 'CANADA'::bpchar) OR (n_name = 'UNITED STATES'::bpchar))","Rows Removed by Filter": 23,"Workers": []}]}]}]}]}]}]}]}]},"Planning Time": 9.773,"Triggers": [],"Execution Time": 990.662}]
[{"Plan": {"Node Type": "Aggregate","Strategy": "Sorted","Partial Mode": "Finalize","Parallel Aware": false,"Async Capable": false,"Startup Cost": 72556.41,"Total Cost": 73352.71,"Plan Rows": 5893,"Plan Width": 272,"Actual Startup Time": 923.051,"Actual Total Time": 979.245,"Actual Rows": 4,"Actual Loops": 1,"Group Key": ["n1.n_name", "n2.n_name", "(EXTRACT(year FROM lineitem.l_shipdate))"],"Plans": [{"Node Type": "Gather Merge","Parent Relationship": "Outer","Parallel Aware": false,"Async Capable": false,"Startup Cost": 72556.41,"Total Cost": 73202.94,"Plan Rows": 4910,"Plan Width": 272,"Actual Startup Time": 922.127,"Actual Total Time": 979.175,"Actual Rows": 12,"Actual Loops": 1,"Workers Planned": 2,"Workers Launched": 2,"Plans": [{"Node Type": "Aggregate","Strategy": "Sorted","Partial Mode": "Partial","Parent Relationship": "Outer","Parallel Aware": false,"Async Capable": false,"Startup Cost": 71556.39,"Total Cost": 71636.18,"Plan Rows": 2455,"Plan Width": 272,"Actual Startup Time": 914.544,"Actual Total Time": 915.468,"Actual Rows": 4,"Actual Loops": 3,"Group Key": ["n1.n_name", "n2.n_name", "(EXTRACT(year FROM lineitem.l_shipdate))"],"Workers": [],"Plans": [{"Node Type": "Sort","Parent Relationship": "Outer","Parallel Aware": false,"Async Capable": false,"Startup Cost": 71556.39,"Total Cost": 71562.53,"Plan Rows": 2455,"Plan Width": 252,"Actual Startup Time": 914.250,"Actual Total Time": 914.375,"Actual Rows": 1971,"Actual Loops": 3,"Sort Key": ["n1.n_name", "n2.n_name", "(EXTRACT(year FROM lineitem.l_shipdate))"],"Sort Method": "quicksort","Sort Space Used": 258,"Sort Space Type": "Memory","Workers": [{"Worker Number": 0,"Sort Method": "quicksort","Sort Space Used": 267,"Sort Space Type": "Memory"},{"Worker Number": 1,"Sort Method": "quicksort","Sort Space Used": 267,"Sort Space Type": "Memory"}],"Plans": [{"Node Type": "Hash Join","Parent Relationship": "Outer","Parallel Aware": false,"Async Capable": false,"Join Type": "Inner","Startup Cost": 366.16,"Total Cost": 71418.15,"Plan Rows": 2455,"Plan Width": 252,"Actual Startup Time": 8.991,"Actual Total Time": 912.466,"Actual Rows": 1971,"Actual Loops": 3,"Inner Unique": false,"Hash Cond": "(lineitem.l_suppkey = supplier.s_suppkey)","Join Filter": "(((n1.n_name = 'IRAQ'::bpchar) AND (n2.n_name = 'JORDAN'::bpchar)) OR ((n1.n_name = 'JORDAN'::bpchar) AND (n2.n_name = 'IRAQ'::bpchar)))","Rows Removed by Join Filter": 1967,"Workers": [],"Plans": [{"Node Type": "Nested Loop","Parent Relationship": "Outer","Parallel Aware": false,"Async Capable": false,"Join Type": "Inner","Startup Cost": 2.26,"Total Cost": 70727.78,"Plan Rows": 60250,"Plan Width": 124,"Actual Startup Time": 0.430,"Actual Total Time": 896.847,"Actual Rows": 48623,"Actual Loops": 3,"Inner Unique": false,"Workers": [],"Plans": [{"Node Type": "Nested Loop","Parent Relationship": "Outer","Parallel Aware": false,"Async Capable": false,"Join Type": "Inner","Startup Cost": 1.83,"Total Cost": 12400.01,"Plan Rows": 49000,"Plan Width": 108,"Actual Startup Time": 0.304,"Actual Total Time": 224.729,"Actual Rows": 39879,"Actual Loops": 3,"Inner Unique": false,"Workers": [],"Plans": [{"Node Type": "Hash Join","Parent Relationship": "Outer","Parallel Aware": false,"Async Capable": false,"Join Type": "Inner","Startup Cost": 1.40,"Total Cost": 4403.27,"Plan Rows": 4900,"Plan Width": 108,"Actual Startup Time": 0.152,"Actual Total Time": 46.833,"Actual Rows": 3999,"Actual Loops": 3,"Inner Unique": true,"Hash Cond": "(customer.c_nationkey = n2.n_nationkey)","Workers": [],"Plans": [{"Node Type": "Seq Scan","Parent Relationship": "Outer","Parallel Aware": true,"Async Capable": false,"Relation Name": "customer","Alias": "customer","Startup Cost": 0.00,"Total Cost": 4210.00,"Plan Rows": 62500,"Plan Width": 8,"Actual Startup Time": 0.014,"Actual Total Time": 9.475,"Actual Rows": 50000,"Actual Loops": 3,"Workers": []},{"Node Type": "Hash","Parent Relationship": "Inner","Parallel Aware": false,"Async Capable": false,"Startup Cost": 1.38,"Total Cost": 1.38,"Plan Rows": 2,"Plan Width": 108,"Actual Startup Time": 0.063,"Actual Total Time": 0.070,"Actual Rows": 2,"Actual Loops": 3,"Hash Buckets": 1024,"Original Hash Buckets": 1024,"Hash Batches": 1,"Original Hash Batches": 1,"Peak Memory Usage": 9,"Workers": [],"Plans": [{"Node Type": "Seq Scan","Parent Relationship": "Outer","Parallel Aware": false,"Async Capable": false,"Relation Name": "nation","Alias": "n2","Startup Cost": 0.00,"Total Cost": 1.38,"Plan Rows": 2,"Plan Width": 108,"Actual Startup Time": 0.045,"Actual Total Time": 0.050,"Actual Rows": 2,"Actual Loops": 3,"Filter": "((n_name = 'JORDAN'::bpchar) OR (n_name = 'IRAQ'::bpchar))","Rows Removed by Filter": 23,"Workers": []}]}]},{"Node Type": "Index Scan","Parent Relationship": "Inner","Parallel Aware": false,"Async Capable": false,"Scan Direction": "Forward","Index Name": "idx_orders_custkey","Relation Name": "orders","Alias": "orders","Startup Cost": 0.43,"Total Cost": 1.46,"Plan Rows": 17,"Plan Width": 8,"Actual Startup Time": 0.007,"Actual Total Time": 0.043,"Actual Rows": 10,"Actual Loops": 11996,"Index Cond": "(o_custkey = customer.c_custkey)","Rows Removed by Index Recheck": 0,"Workers": []}]},{"Node Type": "Index Scan","Parent Relationship": "Inner","Parallel Aware": false,"Async Capable": false,"Scan Direction": "Forward","Index Name": "idx_lineitem_orderkey","Relation Name": "lineitem","Alias": "lineitem","Startup Cost": 0.43,"Total Cost": 1.14,"Plan Rows": 5,"Plan Width": 24,"Actual Startup Time": 0.016,"Actual Total Time": 0.017,"Actual Rows": 1,"Actual Loops": 119638,"Index Cond": "(l_orderkey = orders.o_orderkey)","Rows Removed by Index Recheck": 0,"Filter": "((l_shipdate >= '1995-01-01'::date) AND (l_shipdate <= '1996-12-31'::date))","Rows Removed by Filter": 3,"Workers": []}]},{"Node Type": "Hash","Parent Relationship": "Inner","Parallel Aware": false,"Async Capable": false,"Startup Cost": 354.10,"Total Cost": 354.10,"Plan Rows": 784,"Plan Width": 108,"Actual Startup Time": 8.375,"Actual Total Time": 8.388,"Actual Rows": 800,"Actual Loops": 3,"Hash Buckets": 1024,"Original Hash Buckets": 1024,"Hash Batches": 1,"Original Hash Batches": 1,"Peak Memory Usage": 57,"Workers": [],"Plans": [{"Node Type": "Hash Join","Parent Relationship": "Outer","Parallel Aware": false,"Async Capable": false,"Join Type": "Inner","Startup Cost": 1.40,"Total Cost": 354.10,"Plan Rows": 784,"Plan Width": 108,"Actual Startup Time": 0.081,"Actual Total Time": 8.158,"Actual Rows": 800,"Actual Loops": 3,"Inner Unique": true,"Hash Cond": "(supplier.s_nationkey = n1.n_nationkey)","Workers": [],"Plans": [{"Node Type": "Seq Scan","Parent Relationship": "Outer","Parallel Aware": false,"Async Capable": false,"Relation Name": "supplier","Alias": "supplier","Startup Cost": 0.00,"Total Cost": 322.00,"Plan Rows": 10000,"Plan Width": 8,"Actual Startup Time": 0.040,"Actual Total Time": 4.475,"Actual Rows": 10000,"Actual Loops": 3,"Workers": []},{"Node Type": "Hash","Parent Relationship": "Inner","Parallel Aware": false,"Async Capable": false,"Startup Cost": 1.38,"Total Cost": 1.38,"Plan Rows": 2,"Plan Width": 108,"Actual Startup Time": 0.014,"Actual Total Time": 0.018,"Actual Rows": 2,"Actual Loops": 3,"Hash Buckets": 1024,"Original Hash Buckets": 1024,"Hash Batches": 1,"Original Hash Batches": 1,"Peak Memory Usage": 9,"Workers": [],"Plans": [{"Node Type": "Seq Scan","Parent Relationship": "Outer","Parallel Aware": false,"Async Capable": false,"Relation Name": "nation","Alias": "n1","Startup Cost": 0.00,"Total Cost": 1.38,"Plan Rows": 2,"Plan Width": 108,"Actual Startup Time": 0.007,"Actual Total Time": 0.011,"Actual Rows": 2,"Actual Loops": 3,"Filter": "((n_name = 'IRAQ'::bpchar) OR (n_name = 'JORDAN'::bpchar))","Rows Removed by Filter": 23,"Workers": []}]}]}]}]}]}]}]}]},"Planning Time": 9.255,"Triggers": [],"Execution Time": 979.691}]
[{"Plan": {"Node Type": "Aggregate","Strategy": "Sorted","Partial Mode": "Finalize","Parallel Aware": false,"Async Capable": false,"Startup Cost": 72556.41,"Total Cost": 73352.71,"Plan Rows": 5893,"Plan Width": 272,"Actual Startup Time": 919.863,"Actual Total Time": 976.933,"Actual Rows": 4,"Actual Loops": 1,"Group Key": ["n1.n_name", "n2.n_name", "(EXTRACT(year FROM lineitem.l_shipdate))"],"Plans": [{"Node Type": "Gather Merge","Parent Relationship": "Outer","Parallel Aware": false,"Async Capable": false,"Startup Cost": 72556.41,"Total Cost": 73202.94,"Plan Rows": 4910,"Plan Width": 272,"Actual Startup Time": 919.565,"Actual Total Time": 976.880,"Actual Rows": 12,"Actual Loops": 1,"Workers Planned": 2,"Workers Launched": 2,"Plans": [{"Node Type": "Aggregate","Strategy": "Sorted","Partial Mode": "Partial","Parent Relationship": "Outer","Parallel Aware": false,"Async Capable": false,"Startup Cost": 71556.39,"Total Cost": 71636.18,"Plan Rows": 2455,"Plan Width": 272,"Actual Startup Time": 911.341,"Actual Total Time": 912.042,"Actual Rows": 4,"Actual Loops": 3,"Group Key": ["n1.n_name", "n2.n_name", "(EXTRACT(year FROM lineitem.l_shipdate))"],"Workers": [],"Plans": [{"Node Type": "Sort","Parent Relationship": "Outer","Parallel Aware": false,"Async Capable": false,"Startup Cost": 71556.39,"Total Cost": 71562.53,"Plan Rows": 2455,"Plan Width": 252,"Actual Startup Time": 911.098,"Actual Total Time": 911.211,"Actual Rows": 1970,"Actual Loops": 3,"Sort Key": ["n1.n_name", "n2.n_name", "(EXTRACT(year FROM lineitem.l_shipdate))"],"Sort Method": "quicksort","Sort Space Used": 266,"Sort Space Type": "Memory","Workers": [{"Worker Number": 0,"Sort Method": "quicksort","Sort Space Used": 266,"Sort Space Type": "Memory"},{"Worker Number": 1,"Sort Method": "quicksort","Sort Space Used": 259,"Sort Space Type": "Memory"}],"Plans": [{"Node Type": "Hash Join","Parent Relationship": "Outer","Parallel Aware": false,"Async Capable": false,"Join Type": "Inner","Startup Cost": 366.16,"Total Cost": 71418.15,"Plan Rows": 2455,"Plan Width": 252,"Actual Startup Time": 11.085,"Actual Total Time": 909.193,"Actual Rows": 1970,"Actual Loops": 3,"Inner Unique": false,"Hash Cond": "(lineitem.l_suppkey = supplier.s_suppkey)","Join Filter": "(((n1.n_name = 'SAUDI ARABIA'::bpchar) AND (n2.n_name = 'BRAZIL'::bpchar)) OR ((n1.n_name = 'BRAZIL'::bpchar) AND (n2.n_name = 'SAUDI ARABIA'::bpchar)))","Rows Removed by Join Filter": 1944,"Workers": [],"Plans": [{"Node Type": "Nested Loop","Parent Relationship": "Outer","Parallel Aware": false,"Async Capable": false,"Join Type": "Inner","Startup Cost": 2.26,"Total Cost": 70727.78,"Plan Rows": 60250,"Plan Width": 124,"Actual Startup Time": 1.155,"Actual Total Time": 893.821,"Actual Rows": 48277,"Actual Loops": 3,"Inner Unique": false,"Workers": [],"Plans": [{"Node Type": "Nested Loop","Parent Relationship": "Outer","Parallel Aware": false,"Async Capable": false,"Join Type": "Inner","Startup Cost": 1.83,"Total Cost": 12400.01,"Plan Rows": 49000,"Plan Width": 108,"Actual Startup Time": 0.371,"Actual Total Time": 225.932,"Actual Rows": 39530,"Actual Loops": 3,"Inner Unique": false,"Workers": [],"Plans": [{"Node Type": "Hash Join","Parent Relationship": "Outer","Parallel Aware": false,"Async Capable": false,"Join Type": "Inner","Startup Cost": 1.40,"Total Cost": 4403.27,"Plan Rows": 4900,"Plan Width": 108,"Actual Startup Time": 0.196,"Actual Total Time": 47.300,"Actual Rows": 3968,"Actual Loops": 3,"Inner Unique": true,"Hash Cond": "(customer.c_nationkey = n2.n_nationkey)","Workers": [],"Plans": [{"Node Type": "Seq Scan","Parent Relationship": "Outer","Parallel Aware": true,"Async Capable": false,"Relation Name": "customer","Alias": "customer","Startup Cost": 0.00,"Total Cost": 4210.00,"Plan Rows": 62500,"Plan Width": 8,"Actual Startup Time": 0.013,"Actual Total Time": 9.685,"Actual Rows": 50000,"Actual Loops": 3,"Workers": []},{"Node Type": "Hash","Parent Relationship": "Inner","Parallel Aware": false,"Async Capable": false,"Startup Cost": 1.38,"Total Cost": 1.38,"Plan Rows": 2,"Plan Width": 108,"Actual Startup Time": 0.079,"Actual Total Time": 0.086,"Actual Rows": 2,"Actual Loops": 3,"Hash Buckets": 1024,"Original Hash Buckets": 1024,"Hash Batches": 1,"Original Hash Batches": 1,"Peak Memory Usage": 9,"Workers": [],"Plans": [{"Node Type": "Seq Scan","Parent Relationship": "Outer","Parallel Aware": false,"Async Capable": false,"Relation Name": "nation","Alias": "n2","Startup Cost": 0.00,"Total Cost": 1.38,"Plan Rows": 2,"Plan Width": 108,"Actual Startup Time": 0.054,"Actual Total Time": 0.063,"Actual Rows": 2,"Actual Loops": 3,"Filter": "((n_name = 'BRAZIL'::bpchar) OR (n_name = 'SAUDI ARABIA'::bpchar))","Rows Removed by Filter": 23,"Workers": []}]}]},{"Node Type": "Index Scan","Parent Relationship": "Inner","Parallel Aware": false,"Async Capable": false,"Scan Direction": "Forward","Index Name": "idx_orders_custkey","Relation Name": "orders","Alias": "orders","Startup Cost": 0.43,"Total Cost": 1.46,"Plan Rows": 17,"Plan Width": 8,"Actual Startup Time": 0.007,"Actual Total Time": 0.044,"Actual Rows": 10,"Actual Loops": 11903,"Index Cond": "(o_custkey = customer.c_custkey)","Rows Removed by Index Recheck": 0,"Workers": []}]},{"Node Type": "Index Scan","Parent Relationship": "Inner","Parallel Aware": false,"Async Capable": false,"Scan Direction": "Forward","Index Name": "idx_lineitem_orderkey","Relation Name": "lineitem","Alias": "lineitem","Startup Cost": 0.43,"Total Cost": 1.14,"Plan Rows": 5,"Plan Width": 24,"Actual Startup Time": 0.016,"Actual Total Time": 0.017,"Actual Rows": 1,"Actual Loops": 118590,"Index Cond": "(l_orderkey = orders.o_orderkey)","Rows Removed by Index Recheck": 0,"Filter": "((l_shipdate >= '1995-01-01'::date) AND (l_shipdate <= '1996-12-31'::date))","Rows Removed by Filter": 3,"Workers": []}]},{"Node Type": "Hash","Parent Relationship": "Inner","Parallel Aware": false,"Async Capable": false,"Startup Cost": 354.10,"Total Cost": 354.10,"Plan Rows": 784,"Plan Width": 108,"Actual Startup Time": 7.868,"Actual Total Time": 7.884,"Actual Rows": 808,"Actual Loops": 3,"Hash Buckets": 1024,"Original Hash Buckets": 1024,"Hash Batches": 1,"Original Hash Batches": 1,"Peak Memory Usage": 57,"Workers": [],"Plans": [{"Node Type": "Hash Join","Parent Relationship": "Outer","Parallel Aware": false,"Async Capable": false,"Join Type": "Inner","Startup Cost": 1.40,"Total Cost": 354.10,"Plan Rows": 784,"Plan Width": 108,"Actual Startup Time": 0.090,"Actual Total Time": 7.680,"Actual Rows": 808,"Actual Loops": 3,"Inner Unique": true,"Hash Cond": "(supplier.s_nationkey = n1.n_nationkey)","Workers": [],"Plans": [{"Node Type": "Seq Scan","Parent Relationship": "Outer","Parallel Aware": false,"Async Capable": false,"Relation Name": "supplier","Alias": "supplier","Startup Cost": 0.00,"Total Cost": 322.00,"Plan Rows": 10000,"Plan Width": 8,"Actual Startup Time": 0.031,"Actual Total Time": 3.680,"Actual Rows": 10000,"Actual Loops": 3,"Workers": []},{"Node Type": "Hash","Parent Relationship": "Inner","Parallel Aware": false,"Async Capable": false,"Startup Cost": 1.38,"Total Cost": 1.38,"Plan Rows": 2,"Plan Width": 108,"Actual Startup Time": 0.021,"Actual Total Time": 0.026,"Actual Rows": 2,"Actual Loops": 3,"Hash Buckets": 1024,"Original Hash Buckets": 1024,"Hash Batches": 1,"Original Hash Batches": 1,"Peak Memory Usage": 9,"Workers": [],"Plans": [{"Node Type": "Seq Scan","Parent Relationship": "Outer","Parallel Aware": false,"Async Capable": false,"Relation Name": "nation","Alias": "n1","Startup Cost": 0.00,"Total Cost": 1.38,"Plan Rows": 2,"Plan Width": 108,"Actual Startup Time": 0.006,"Actual Total Time": 0.014,"Actual Rows": 2,"Actual Loops": 3,"Filter": "((n_name = 'SAUDI ARABIA'::bpchar) OR (n_name = 'BRAZIL'::bpchar))","Rows Removed by Filter": 23,"Workers": []}]}]}]}]}]}]}]}]},"Planning Time": 7.968,"Triggers": [],"Execution Time": 977.409}]
[{"Plan": {"Node Type": "Aggregate","Strategy": "Sorted","Partial Mode": "Finalize","Parallel Aware": false,"Async Capable": false,"Startup Cost": 72556.41,"Total Cost": 73352.71,"Plan Rows": 5893,"Plan Width": 272,"Actual Startup Time": 917.748,"Actual Total Time": 971.993,"Actual Rows": 4,"Actual Loops": 1,"Group Key": ["n1.n_name", "n2.n_name", "(EXTRACT(year FROM lineitem.l_shipdate))"],"Plans": [{"Node Type": "Gather Merge","Parent Relationship": "Outer","Parallel Aware": false,"Async Capable": false,"Startup Cost": 72556.41,"Total Cost": 73202.94,"Plan Rows": 4910,"Plan Width": 272,"Actual Startup Time": 917.277,"Actual Total Time": 971.909,"Actual Rows": 12,"Actual Loops": 1,"Workers Planned": 2,"Workers Launched": 2,"Plans": [{"Node Type": "Aggregate","Strategy": "Sorted","Partial Mode": "Partial","Parent Relationship": "Outer","Parallel Aware": false,"Async Capable": false,"Startup Cost": 71556.39,"Total Cost": 71636.18,"Plan Rows": 2455,"Plan Width": 272,"Actual Startup Time": 909.345,"Actual Total Time": 910.075,"Actual Rows": 4,"Actual Loops": 3,"Group Key": ["n1.n_name", "n2.n_name", "(EXTRACT(year FROM lineitem.l_shipdate))"],"Workers": [],"Plans": [{"Node Type": "Sort","Parent Relationship": "Outer","Parallel Aware": false,"Async Capable": false,"Startup Cost": 71556.39,"Total Cost": 71562.53,"Plan Rows": 2455,"Plan Width": 252,"Actual Startup Time": 909.059,"Actual Total Time": 909.167,"Actual Rows": 1960,"Actual Loops": 3,"Sort Key": ["n1.n_name", "n2.n_name", "(EXTRACT(year FROM lineitem.l_shipdate))"],"Sort Method": "quicksort","Sort Space Used": 264,"Sort Space Type": "Memory","Workers": [{"Worker Number": 0,"Sort Method": "quicksort","Sort Space Used": 263,"Sort Space Type": "Memory"},{"Worker Number": 1,"Sort Method": "quicksort","Sort Space Used": 262,"Sort Space Type": "Memory"}],"Plans": [{"Node Type": "Hash Join","Parent Relationship": "Outer","Parallel Aware": false,"Async Capable": false,"Join Type": "Inner","Startup Cost": 366.16,"Total Cost": 71418.15,"Plan Rows": 2455,"Plan Width": 252,"Actual Startup Time": 10.028,"Actual Total Time": 907.255,"Actual Rows": 1960,"Actual Loops": 3,"Inner Unique": false,"Hash Cond": "(lineitem.l_suppkey = supplier.s_suppkey)","Join Filter": "(((n1.n_name = 'IRAQ'::bpchar) AND (n2.n_name = 'MOROCCO'::bpchar)) OR ((n1.n_name = 'MOROCCO'::bpchar) AND (n2.n_name = 'IRAQ'::bpchar)))","Rows Removed by Join Filter": 1981,"Workers": [],"Plans": [{"Node Type": "Nested Loop","Parent Relationship": "Outer","Parallel Aware": false,"Async Capable": false,"Join Type": "Inner","Startup Cost": 2.26,"Total Cost": 70727.78,"Plan Rows": 60250,"Plan Width": 124,"Actual Startup Time": 0.689,"Actual Total Time": 891.494,"Actual Rows": 48216,"Actual Loops": 3,"Inner Unique": false,"Workers": [],"Plans": [{"Node Type": "Nested Loop","Parent Relationship": "Outer","Parallel Aware": false,"Async Capable": false,"Join Type": "Inner","Startup Cost": 1.83,"Total Cost": 12400.01,"Plan Rows": 49000,"Plan Width": 108,"Actual Startup Time": 0.354,"Actual Total Time": 224.444,"Actual Rows": 39454,"Actual Loops": 3,"Inner Unique": false,"Workers": [],"Plans": [{"Node Type": "Hash Join","Parent Relationship": "Outer","Parallel Aware": false,"Async Capable": false,"Join Type": "Inner","Startup Cost": 1.40,"Total Cost": 4403.27,"Plan Rows": 4900,"Plan Width": 108,"Actual Startup Time": 0.207,"Actual Total Time": 46.944,"Actual Rows": 3961,"Actual Loops": 3,"Inner Unique": true,"Hash Cond": "(customer.c_nationkey = n2.n_nationkey)","Workers": [],"Plans": [{"Node Type": "Seq Scan","Parent Relationship": "Outer","Parallel Aware": true,"Async Capable": false,"Relation Name": "customer","Alias": "customer","Startup Cost": 0.00,"Total Cost": 4210.00,"Plan Rows": 62500,"Plan Width": 8,"Actual Startup Time": 0.015,"Actual Total Time": 9.548,"Actual Rows": 50000,"Actual Loops": 3,"Workers": []},{"Node Type": "Hash","Parent Relationship": "Inner","Parallel Aware": false,"Async Capable": false,"Startup Cost": 1.38,"Total Cost": 1.38,"Plan Rows": 2,"Plan Width": 108,"Actual Startup Time": 0.097,"Actual Total Time": 0.101,"Actual Rows": 2,"Actual Loops": 3,"Hash Buckets": 1024,"Original Hash Buckets": 1024,"Hash Batches": 1,"Original Hash Batches": 1,"Peak Memory Usage": 9,"Workers": [],"Plans": [{"Node Type": "Seq Scan","Parent Relationship": "Outer","Parallel Aware": false,"Async Capable": false,"Relation Name": "nation","Alias": "n2","Startup Cost": 0.00,"Total Cost": 1.38,"Plan Rows": 2,"Plan Width": 108,"Actual Startup Time": 0.070,"Actual Total Time": 0.076,"Actual Rows": 2,"Actual Loops": 3,"Filter": "((n_name = 'MOROCCO'::bpchar) OR (n_name = 'IRAQ'::bpchar))","Rows Removed by Filter": 23,"Workers": []}]}]},{"Node Type": "Index Scan","Parent Relationship": "Inner","Parallel Aware": false,"Async Capable": false,"Scan Direction": "Forward","Index Name": "idx_orders_custkey","Relation Name": "orders","Alias": "orders","Startup Cost": 0.43,"Total Cost": 1.46,"Plan Rows": 17,"Plan Width": 8,"Actual Startup Time": 0.007,"Actual Total Time": 0.044,"Actual Rows": 10,"Actual Loops": 11884,"Index Cond": "(o_custkey = customer.c_custkey)","Rows Removed by Index Recheck": 0,"Workers": []}]},{"Node Type": "Index Scan","Parent Relationship": "Inner","Parallel Aware": false,"Async Capable": false,"Scan Direction": "Forward","Index Name": "idx_lineitem_orderkey","Relation Name": "lineitem","Alias": "lineitem","Startup Cost": 0.43,"Total Cost": 1.14,"Plan Rows": 5,"Plan Width": 24,"Actual Startup Time": 0.016,"Actual Total Time": 0.017,"Actual Rows": 1,"Actual Loops": 118361,"Index Cond": "(l_orderkey = orders.o_orderkey)","Rows Removed by Index Recheck": 0,"Filter": "((l_shipdate >= '1995-01-01'::date) AND (l_shipdate <= '1996-12-31'::date))","Rows Removed by Filter": 3,"Workers": []}]},{"Node Type": "Hash","Parent Relationship": "Inner","Parallel Aware": false,"Async Capable": false,"Startup Cost": 354.10,"Total Cost": 354.10,"Plan Rows": 784,"Plan Width": 108,"Actual Startup Time": 8.640,"Actual Total Time": 8.653,"Actual Rows": 811,"Actual Loops": 3,"Hash Buckets": 1024,"Original Hash Buckets": 1024,"Hash Batches": 1,"Original Hash Batches": 1,"Peak Memory Usage": 58,"Workers": [],"Plans": [{"Node Type": "Hash Join","Parent Relationship": "Outer","Parallel Aware": false,"Async Capable": false,"Join Type": "Inner","Startup Cost": 1.40,"Total Cost": 354.10,"Plan Rows": 784,"Plan Width": 108,"Actual Startup Time": 0.090,"Actual Total Time": 8.415,"Actual Rows": 811,"Actual Loops": 3,"Inner Unique": true,"Hash Cond": "(supplier.s_nationkey = n1.n_nationkey)","Workers": [],"Plans": [{"Node Type": "Seq Scan","Parent Relationship": "Outer","Parallel Aware": false,"Async Capable": false,"Relation Name": "supplier","Alias": "supplier","Startup Cost": 0.00,"Total Cost": 322.00,"Plan Rows": 10000,"Plan Width": 8,"Actual Startup Time": 0.032,"Actual Total Time": 4.663,"Actual Rows": 10000,"Actual Loops": 3,"Workers": []},{"Node Type": "Hash","Parent Relationship": "Inner","Parallel Aware": false,"Async Capable": false,"Startup Cost": 1.38,"Total Cost": 1.38,"Plan Rows": 2,"Plan Width": 108,"Actual Startup Time": 0.020,"Actual Total Time": 0.025,"Actual Rows": 2,"Actual Loops": 3,"Hash Buckets": 1024,"Original Hash Buckets": 1024,"Hash Batches": 1,"Original Hash Batches": 1,"Peak Memory Usage": 9,"Workers": [],"Plans": [{"Node Type": "Seq Scan","Parent Relationship": "Outer","Parallel Aware": false,"Async Capable": false,"Relation Name": "nation","Alias": "n1","Startup Cost": 0.00,"Total Cost": 1.38,"Plan Rows": 2,"Plan Width": 108,"Actual Startup Time": 0.009,"Actual Total Time": 0.015,"Actual Rows": 2,"Actual Loops": 3,"Filter": "((n_name = 'IRAQ'::bpchar) OR (n_name = 'MOROCCO'::bpchar))","Rows Removed by Filter": 23,"Workers": []}]}]}]}]}]}]}]}]},"Planning Time": 9.753,"Triggers": [],"Execution Time": 972.487}]
[{"Plan": {"Node Type": "Aggregate","Strategy": "Sorted","Partial Mode": "Finalize","Parallel Aware": false,"Async Capable": false,"Startup Cost": 72556.41,"Total Cost": 73352.71,"Plan Rows": 5893,"Plan Width": 272,"Actual Startup Time": 922.649,"Actual Total Time": 966.667,"Actual Rows": 4,"Actual Loops": 1,"Group Key": ["n1.n_name", "n2.n_name", "(EXTRACT(year FROM lineitem.l_shipdate))"],"Plans": [{"Node Type": "Gather Merge","Parent Relationship": "Outer","Parallel Aware": false,"Async Capable": false,"Startup Cost": 72556.41,"Total Cost": 73202.94,"Plan Rows": 4910,"Plan Width": 272,"Actual Startup Time": 921.749,"Actual Total Time": 966.587,"Actual Rows": 12,"Actual Loops": 1,"Workers Planned": 2,"Workers Launched": 2,"Plans": [{"Node Type": "Aggregate","Strategy": "Sorted","Partial Mode": "Partial","Parent Relationship": "Outer","Parallel Aware": false,"Async Capable": false,"Startup Cost": 71556.39,"Total Cost": 71636.18,"Plan Rows": 2455,"Plan Width": 272,"Actual Startup Time": 913.526,"Actual Total Time": 914.442,"Actual Rows": 4,"Actual Loops": 3,"Group Key": ["n1.n_name", "n2.n_name", "(EXTRACT(year FROM lineitem.l_shipdate))"],"Workers": [],"Plans": [{"Node Type": "Sort","Parent Relationship": "Outer","Parallel Aware": false,"Async Capable": false,"Startup Cost": 71556.39,"Total Cost": 71562.53,"Plan Rows": 2455,"Plan Width": 252,"Actual Startup Time": 913.228,"Actual Total Time": 913.371,"Actual Rows": 1944,"Actual Loops": 3,"Sort Key": ["n1.n_name", "n2.n_name", "(EXTRACT(year FROM lineitem.l_shipdate))"],"Sort Method": "quicksort","Sort Space Used": 322,"Sort Space Type": "Memory","Workers": [{"Worker Number": 0,"Sort Method": "quicksort","Sort Space Used": 257,"Sort Space Type": "Memory"},{"Worker Number": 1,"Sort Method": "quicksort","Sort Space Used": 253,"Sort Space Type": "Memory"}],"Plans": [{"Node Type": "Hash Join","Parent Relationship": "Outer","Parallel Aware": false,"Async Capable": false,"Join Type": "Inner","Startup Cost": 366.16,"Total Cost": 71418.15,"Plan Rows": 2455,"Plan Width": 252,"Actual Startup Time": 12.339,"Actual Total Time": 911.361,"Actual Rows": 1944,"Actual Loops": 3,"Inner Unique": false,"Hash Cond": "(lineitem.l_suppkey = supplier.s_suppkey)","Join Filter": "(((n1.n_name = 'IRAN'::bpchar) AND (n2.n_name = 'VIETNAM'::bpchar)) OR ((n1.n_name = 'VIETNAM'::bpchar) AND (n2.n_name = 'IRAN'::bpchar)))","Rows Removed by Join Filter": 1901,"Workers": [],"Plans": [{"Node Type": "Nested Loop","Parent Relationship": "Outer","Parallel Aware": false,"Async Capable": false,"Join Type": "Inner","Startup Cost": 2.26,"Total Cost": 70727.78,"Plan Rows": 60250,"Plan Width": 124,"Actual Startup Time": 0.642,"Actual Total Time": 894.078,"Actual Rows": 48678,"Actual Loops": 3,"Inner Unique": false,"Workers": [],"Plans": [{"Node Type": "Nested Loop","Parent Relationship": "Outer","Parallel Aware": false,"Async Capable": false,"Join Type": "Inner","Startup Cost": 1.83,"Total Cost": 12400.01,"Plan Rows": 49000,"Plan Width": 108,"Actual Startup Time": 0.333,"Actual Total Time": 221.534,"Actual Rows": 40007,"Actual Loops": 3,"Inner Unique": false,"Workers": [],"Plans": [{"Node Type": "Hash Join","Parent Relationship": "Outer","Parallel Aware": false,"Async Capable": false,"Join Type": "Inner","Startup Cost": 1.40,"Total Cost": 4403.27,"Plan Rows": 4900,"Plan Width": 108,"Actual Startup Time": 0.201,"Actual Total Time": 43.902,"Actual Rows": 4006,"Actual Loops": 3,"Inner Unique": true,"Hash Cond": "(customer.c_nationkey = n2.n_nationkey)","Workers": [],"Plans": [{"Node Type": "Seq Scan","Parent Relationship": "Outer","Parallel Aware": true,"Async Capable": false,"Relation Name": "customer","Alias": "customer","Startup Cost": 0.00,"Total Cost": 4210.00,"Plan Rows": 62500,"Plan Width": 8,"Actual Startup Time": 0.013,"Actual Total Time": 9.122,"Actual Rows": 50000,"Actual Loops": 3,"Workers": []},{"Node Type": "Hash","Parent Relationship": "Inner","Parallel Aware": false,"Async Capable": false,"Startup Cost": 1.38,"Total Cost": 1.38,"Plan Rows": 2,"Plan Width": 108,"Actual Startup Time": 0.083,"Actual Total Time": 0.090,"Actual Rows": 2,"Actual Loops": 3,"Hash Buckets": 1024,"Original Hash Buckets": 1024,"Hash Batches": 1,"Original Hash Batches": 1,"Peak Memory Usage": 9,"Workers": [],"Plans": [{"Node Type": "Seq Scan","Parent Relationship": "Outer","Parallel Aware": false,"Async Capable": false,"Relation Name": "nation","Alias": "n2","Startup Cost": 0.00,"Total Cost": 1.38,"Plan Rows": 2,"Plan Width": 108,"Actual Startup Time": 0.066,"Actual Total Time": 0.073,"Actual Rows": 2,"Actual Loops": 3,"Filter": "((n_name = 'VIETNAM'::bpchar) OR (n_name = 'IRAN'::bpchar))","Rows Removed by Filter": 23,"Workers": []}]}]},{"Node Type": "Index Scan","Parent Relationship": "Inner","Parallel Aware": false,"Async Capable": false,"Scan Direction": "Forward","Index Name": "idx_orders_custkey","Relation Name": "orders","Alias": "orders","Startup Cost": 0.43,"Total Cost": 1.46,"Plan Rows": 17,"Plan Width": 8,"Actual Startup Time": 0.007,"Actual Total Time": 0.043,"Actual Rows": 10,"Actual Loops": 12017,"Index Cond": "(o_custkey = customer.c_custkey)","Rows Removed by Index Recheck": 0,"Workers": []}]},{"Node Type": "Index Scan","Parent Relationship": "Inner","Parallel Aware": false,"Async Capable": false,"Scan Direction": "Forward","Index Name": "idx_lineitem_orderkey","Relation Name": "lineitem","Alias": "lineitem","Startup Cost": 0.43,"Total Cost": 1.14,"Plan Rows": 5,"Plan Width": 24,"Actual Startup Time": 0.016,"Actual Total Time": 0.017,"Actual Rows": 1,"Actual Loops": 120022,"Index Cond": "(l_orderkey = orders.o_orderkey)","Rows Removed by Index Recheck": 0,"Filter": "((l_shipdate >= '1995-01-01'::date) AND (l_shipdate <= '1996-12-31'::date))","Rows Removed by Filter": 3,"Workers": []}]},{"Node Type": "Hash","Parent Relationship": "Inner","Parallel Aware": false,"Async Capable": false,"Startup Cost": 354.10,"Total Cost": 354.10,"Plan Rows": 784,"Plan Width": 108,"Actual Startup Time": 10.079,"Actual Total Time": 10.094,"Actual Rows": 792,"Actual Loops": 3,"Hash Buckets": 1024,"Original Hash Buckets": 1024,"Hash Batches": 1,"Original Hash Batches": 1,"Peak Memory Usage": 56,"Workers": [],"Plans": [{"Node Type": "Hash Join","Parent Relationship": "Outer","Parallel Aware": false,"Async Capable": false,"Join Type": "Inner","Startup Cost": 1.40,"Total Cost": 354.10,"Plan Rows": 784,"Plan Width": 108,"Actual Startup Time": 0.098,"Actual Total Time": 9.913,"Actual Rows": 792,"Actual Loops": 3,"Inner Unique": true,"Hash Cond": "(supplier.s_nationkey = n1.n_nationkey)","Workers": [],"Plans": [{"Node Type": "Seq Scan","Parent Relationship": "Outer","Parallel Aware": false,"Async Capable": false,"Relation Name": "supplier","Alias": "supplier","Startup Cost": 0.00,"Total Cost": 322.00,"Plan Rows": 10000,"Plan Width": 8,"Actual Startup Time": 0.035,"Actual Total Time": 4.077,"Actual Rows": 10000,"Actual Loops": 3,"Workers": []},{"Node Type": "Hash","Parent Relationship": "Inner","Parallel Aware": false,"Async Capable": false,"Startup Cost": 1.38,"Total Cost": 1.38,"Plan Rows": 2,"Plan Width": 108,"Actual Startup Time": 0.019,"Actual Total Time": 0.025,"Actual Rows": 2,"Actual Loops": 3,"Hash Buckets": 1024,"Original Hash Buckets": 1024,"Hash Batches": 1,"Original Hash Batches": 1,"Peak Memory Usage": 9,"Workers": [],"Plans": [{"Node Type": "Seq Scan","Parent Relationship": "Outer","Parallel Aware": false,"Async Capable": false,"Relation Name": "nation","Alias": "n1","Startup Cost": 0.00,"Total Cost": 1.38,"Plan Rows": 2,"Plan Width": 108,"Actual Startup Time": 0.008,"Actual Total Time": 0.014,"Actual Rows": 2,"Actual Loops": 3,"Filter": "((n_name = 'IRAN'::bpchar) OR (n_name = 'VIETNAM'::bpchar))","Rows Removed by Filter": 23,"Workers": []}]}]}]}]}]}]}]}]},"Planning Time": 9.388,"Triggers": [],"Execution Time": 967.116}]
[{"Plan": {"Node Type": "Aggregate","Strategy": "Sorted","Partial Mode": "Finalize","Parallel Aware": false,"Async Capable": false,"Startup Cost": 72556.41,"Total Cost": 73352.71,"Plan Rows": 5893,"Plan Width": 272,"Actual Startup Time": 920.424,"Actual Total Time": 965.054,"Actual Rows": 4,"Actual Loops": 1,"Group Key": ["n1.n_name", "n2.n_name", "(EXTRACT(year FROM lineitem.l_shipdate))"],"Plans": [{"Node Type": "Gather Merge","Parent Relationship": "Outer","Parallel Aware": false,"Async Capable": false,"Startup Cost": 72556.41,"Total Cost": 73202.94,"Plan Rows": 4910,"Plan Width": 272,"Actual Startup Time": 919.962,"Actual Total Time": 964.996,"Actual Rows": 12,"Actual Loops": 1,"Workers Planned": 2,"Workers Launched": 2,"Plans": [{"Node Type": "Aggregate","Strategy": "Sorted","Partial Mode": "Partial","Parent Relationship": "Outer","Parallel Aware": false,"Async Capable": false,"Startup Cost": 71556.39,"Total Cost": 71636.18,"Plan Rows": 2455,"Plan Width": 272,"Actual Startup Time": 911.582,"Actual Total Time": 912.371,"Actual Rows": 4,"Actual Loops": 3,"Group Key": ["n1.n_name", "n2.n_name", "(EXTRACT(year FROM lineitem.l_shipdate))"],"Workers": [],"Plans": [{"Node Type": "Sort","Parent Relationship": "Outer","Parallel Aware": false,"Async Capable": false,"Startup Cost": 71556.39,"Total Cost": 71562.53,"Plan Rows": 2455,"Plan Width": 252,"Actual Startup Time": 911.305,"Actual Total Time": 911.427,"Actual Rows": 1903,"Actual Loops": 3,"Sort Key": ["n1.n_name", "n2.n_name", "(EXTRACT(year FROM lineitem.l_shipdate))"],"Sort Method": "quicksort","Sort Space Used": 262,"Sort Space Type": "Memory","Workers": [{"Worker Number": 0,"Sort Method": "quicksort","Sort Space Used": 251,"Sort Space Type": "Memory"},{"Worker Number": 1,"Sort Method": "quicksort","Sort Space Used": 257,"Sort Space Type": "Memory"}],"Plans": [{"Node Type": "Hash Join","Parent Relationship": "Outer","Parallel Aware": false,"Async Capable": false,"Join Type": "Inner","Startup Cost": 366.16,"Total Cost": 71418.15,"Plan Rows": 2455,"Plan Width": 252,"Actual Startup Time": 12.290,"Actual Total Time": 909.383,"Actual Rows": 1903,"Actual Loops": 3,"Inner Unique": false,"Hash Cond": "(lineitem.l_suppkey = supplier.s_suppkey)","Join Filter": "(((n1.n_name = 'CHINA'::bpchar) AND (n2.n_name = 'KENYA'::bpchar)) OR ((n1.n_name = 'KENYA'::bpchar) AND (n2.n_name = 'CHINA'::bpchar)))","Rows Removed by Join Filter": 1853,"Workers": [],"Plans": [{"Node Type": "Nested Loop","Parent Relationship": "Outer","Parallel Aware": false,"Async Capable": false,"Join Type": "Inner","Startup Cost": 2.26,"Total Cost": 70727.78,"Plan Rows": 60250,"Plan Width": 124,"Actual Startup Time": 0.775,"Actual Total Time": 892.264,"Actual Rows": 48265,"Actual Loops": 3,"Inner Unique": false,"Workers": [],"Plans": [{"Node Type": "Nested Loop","Parent Relationship": "Outer","Parallel Aware": false,"Async Capable": false,"Join Type": "Inner","Startup Cost": 1.83,"Total Cost": 12400.01,"Plan Rows": 49000,"Plan Width": 108,"Actual Startup Time": 0.340,"Actual Total Time": 221.229,"Actual Rows": 39908,"Actual Loops": 3,"Inner Unique": false,"Workers": [],"Plans": [{"Node Type": "Hash Join","Parent Relationship": "Outer","Parallel Aware": false,"Async Capable": false,"Join Type": "Inner","Startup Cost": 1.40,"Total Cost": 4403.27,"Plan Rows": 4900,"Plan Width": 108,"Actual Startup Time": 0.226,"Actual Total Time": 44.609,"Actual Rows": 4005,"Actual Loops": 3,"Inner Unique": true,"Hash Cond": "(customer.c_nationkey = n2.n_nationkey)","Workers": [],"Plans": [{"Node Type": "Seq Scan","Parent Relationship": "Outer","Parallel Aware": true,"Async Capable": false,"Relation Name": "customer","Alias": "customer","Startup Cost": 0.00,"Total Cost": 4210.00,"Plan Rows": 62500,"Plan Width": 8,"Actual Startup Time": 0.014,"Actual Total Time": 9.136,"Actual Rows": 50000,"Actual Loops": 3,"Workers": []},{"Node Type": "Hash","Parent Relationship": "Inner","Parallel Aware": false,"Async Capable": false,"Startup Cost": 1.38,"Total Cost": 1.38,"Plan Rows": 2,"Plan Width": 108,"Actual Startup Time": 0.088,"Actual Total Time": 0.094,"Actual Rows": 2,"Actual Loops": 3,"Hash Buckets": 1024,"Original Hash Buckets": 1024,"Hash Batches": 1,"Original Hash Batches": 1,"Peak Memory Usage": 9,"Workers": [],"Plans": [{"Node Type": "Seq Scan","Parent Relationship": "Outer","Parallel Aware": false,"Async Capable": false,"Relation Name": "nation","Alias": "n2","Startup Cost": 0.00,"Total Cost": 1.38,"Plan Rows": 2,"Plan Width": 108,"Actual Startup Time": 0.072,"Actual Total Time": 0.077,"Actual Rows": 2,"Actual Loops": 3,"Filter": "((n_name = 'KENYA'::bpchar) OR (n_name = 'CHINA'::bpchar))","Rows Removed by Filter": 23,"Workers": []}]}]},{"Node Type": "Index Scan","Parent Relationship": "Inner","Parallel Aware": false,"Async Capable": false,"Scan Direction": "Forward","Index Name": "idx_orders_custkey","Relation Name": "orders","Alias": "orders","Startup Cost": 0.43,"Total Cost": 1.46,"Plan Rows": 17,"Plan Width": 8,"Actual Startup Time": 0.007,"Actual Total Time": 0.043,"Actual Rows": 10,"Actual Loops": 12016,"Index Cond": "(o_custkey = customer.c_custkey)","Rows Removed by Index Recheck": 0,"Workers": []}]},{"Node Type": "Index Scan","Parent Relationship": "Inner","Parallel Aware": false,"Async Capable": false,"Scan Direction": "Forward","Index Name": "idx_lineitem_orderkey","Relation Name": "lineitem","Alias": "lineitem","Startup Cost": 0.43,"Total Cost": 1.14,"Plan Rows": 5,"Plan Width": 24,"Actual Startup Time": 0.016,"Actual Total Time": 0.017,"Actual Rows": 1,"Actual Loops": 119724,"Index Cond": "(l_orderkey = orders.o_orderkey)","Rows Removed by Index Recheck": 0,"Filter": "((l_shipdate >= '1995-01-01'::date) AND (l_shipdate <= '1996-12-31'::date))","Rows Removed by Filter": 3,"Workers": []}]},{"Node Type": "Hash","Parent Relationship": "Inner","Parallel Aware": false,"Async Capable": false,"Startup Cost": 354.10,"Total Cost": 354.10,"Plan Rows": 784,"Plan Width": 108,"Actual Startup Time": 10.173,"Actual Total Time": 10.188,"Actual Rows": 783,"Actual Loops": 3,"Hash Buckets": 1024,"Original Hash Buckets": 1024,"Hash Batches": 1,"Original Hash Batches": 1,"Peak Memory Usage": 56,"Workers": [],"Plans": [{"Node Type": "Hash Join","Parent Relationship": "Outer","Parallel Aware": false,"Async Capable": false,"Join Type": "Inner","Startup Cost": 1.40,"Total Cost": 354.10,"Plan Rows": 784,"Plan Width": 108,"Actual Startup Time": 0.104,"Actual Total Time": 9.998,"Actual Rows": 783,"Actual Loops": 3,"Inner Unique": true,"Hash Cond": "(supplier.s_nationkey = n1.n_nationkey)","Workers": [],"Plans": [{"Node Type": "Seq Scan","Parent Relationship": "Outer","Parallel Aware": false,"Async Capable": false,"Relation Name": "supplier","Alias": "supplier","Startup Cost": 0.00,"Total Cost": 322.00,"Plan Rows": 10000,"Plan Width": 8,"Actual Startup Time": 0.048,"Actual Total Time": 4.113,"Actual Rows": 10000,"Actual Loops": 3,"Workers": []},{"Node Type": "Hash","Parent Relationship": "Inner","Parallel Aware": false,"Async Capable": false,"Startup Cost": 1.38,"Total Cost": 1.38,"Plan Rows": 2,"Plan Width": 108,"Actual Startup Time": 0.020,"Actual Total Time": 0.026,"Actual Rows": 2,"Actual Loops": 3,"Hash Buckets": 1024,"Original Hash Buckets": 1024,"Hash Batches": 1,"Original Hash Batches": 1,"Peak Memory Usage": 9,"Workers": [],"Plans": [{"Node Type": "Seq Scan","Parent Relationship": "Outer","Parallel Aware": false,"Async Capable": false,"Relation Name": "nation","Alias": "n1","Startup Cost": 0.00,"Total Cost": 1.38,"Plan Rows": 2,"Plan Width": 108,"Actual Startup Time": 0.010,"Actual Total Time": 0.015,"Actual Rows": 2,"Actual Loops": 3,"Filter": "((n_name = 'CHINA'::bpchar) OR (n_name = 'KENYA'::bpchar))","Rows Removed by Filter": 23,"Workers": []}]}]}]}]}]}]}]}]},"Planning Time": 8.970,"Triggers": [],"Execution Time": 965.502}]
[{"Plan": {"Node Type": "Aggregate","Strategy": "Sorted","Partial Mode": "Finalize","Parallel Aware": false,"Async Capable": false,"Startup Cost": 72556.41,"Total Cost": 73352.71,"Plan Rows": 5893,"Plan Width": 272,"Actual Startup Time": 916.683,"Actual Total Time": 958.675,"Actual Rows": 4,"Actual Loops": 1,"Group Key": ["n1.n_name", "n2.n_name", "(EXTRACT(year FROM lineitem.l_shipdate))"],"Plans": [{"Node Type": "Gather Merge","Parent Relationship": "Outer","Parallel Aware": false,"Async Capable": false,"Startup Cost": 72556.41,"Total Cost": 73202.94,"Plan Rows": 4910,"Plan Width": 272,"Actual Startup Time": 916.214,"Actual Total Time": 958.604,"Actual Rows": 12,"Actual Loops": 1,"Workers Planned": 2,"Workers Launched": 2,"Plans": [{"Node Type": "Aggregate","Strategy": "Sorted","Partial Mode": "Partial","Parent Relationship": "Outer","Parallel Aware": false,"Async Capable": false,"Startup Cost": 71556.39,"Total Cost": 71636.18,"Plan Rows": 2455,"Plan Width": 272,"Actual Startup Time": 907.086,"Actual Total Time": 907.861,"Actual Rows": 4,"Actual Loops": 3,"Group Key": ["n1.n_name", "n2.n_name", "(EXTRACT(year FROM lineitem.l_shipdate))"],"Workers": [],"Plans": [{"Node Type": "Sort","Parent Relationship": "Outer","Parallel Aware": false,"Async Capable": false,"Startup Cost": 71556.39,"Total Cost": 71562.53,"Plan Rows": 2455,"Plan Width": 252,"Actual Startup Time": 906.837,"Actual Total Time": 906.952,"Actual Rows": 1914,"Actual Loops": 3,"Sort Key": ["n1.n_name", "n2.n_name", "(EXTRACT(year FROM lineitem.l_shipdate))"],"Sort Method": "quicksort","Sort Space Used": 264,"Sort Space Type": "Memory","Workers": [{"Worker Number": 0,"Sort Method": "quicksort","Sort Space Used": 253,"Sort Space Type": "Memory"},{"Worker Number": 1,"Sort Method": "quicksort","Sort Space Used": 256,"Sort Space Type": "Memory"}],"Plans": [{"Node Type": "Hash Join","Parent Relationship": "Outer","Parallel Aware": false,"Async Capable": false,"Join Type": "Inner","Startup Cost": 366.16,"Total Cost": 71418.15,"Plan Rows": 2455,"Plan Width": 252,"Actual Startup Time": 11.858,"Actual Total Time": 905.004,"Actual Rows": 1914,"Actual Loops": 3,"Inner Unique": false,"Hash Cond": "(lineitem.l_suppkey = supplier.s_suppkey)","Join Filter": "(((n1.n_name = 'UNITED STATES'::bpchar) AND (n2.n_name = 'UNITED KINGDOM'::bpchar)) OR ((n1.n_name = 'UNITED KINGDOM'::bpchar) AND (n2.n_name = 'UNITED STATES'::bpchar)))","Rows Removed by Join Filter": 1964,"Workers": [],"Plans": [{"Node Type": "Nested Loop","Parent Relationship": "Outer","Parallel Aware": false,"Async Capable": false,"Join Type": "Inner","Startup Cost": 2.26,"Total Cost": 70727.78,"Plan Rows": 60250,"Plan Width": 124,"Actual Startup Time": 0.473,"Actual Total Time": 887.314,"Actual Rows": 48474,"Actual Loops": 3,"Inner Unique": false,"Workers": [],"Plans": [{"Node Type": "Nested Loop","Parent Relationship": "Outer","Parallel Aware": false,"Async Capable": false,"Join Type": "Inner","Startup Cost": 1.83,"Total Cost": 12400.01,"Plan Rows": 49000,"Plan Width": 108,"Actual Startup Time": 0.259,"Actual Total Time": 219.646,"Actual Rows": 39792,"Actual Loops": 3,"Inner Unique": false,"Workers": [],"Plans": [{"Node Type": "Hash Join","Parent Relationship": "Outer","Parallel Aware": false,"Async Capable": false,"Join Type": "Inner","Startup Cost": 1.40,"Total Cost": 4403.27,"Plan Rows": 4900,"Plan Width": 108,"Actual Startup Time": 0.135,"Actual Total Time": 43.134,"Actual Rows": 3998,"Actual Loops": 3,"Inner Unique": true,"Hash Cond": "(customer.c_nationkey = n2.n_nationkey)","Workers": [],"Plans": [{"Node Type": "Seq Scan","Parent Relationship": "Outer","Parallel Aware": true,"Async Capable": false,"Relation Name": "customer","Alias": "customer","Startup Cost": 0.00,"Total Cost": 4210.00,"Plan Rows": 62500,"Plan Width": 8,"Actual Startup Time": 0.011,"Actual Total Time": 9.032,"Actual Rows": 50000,"Actual Loops": 3,"Workers": []},{"Node Type": "Hash","Parent Relationship": "Inner","Parallel Aware": false,"Async Capable": false,"Startup Cost": 1.38,"Total Cost": 1.38,"Plan Rows": 2,"Plan Width": 108,"Actual Startup Time": 0.055,"Actual Total Time": 0.060,"Actual Rows": 2,"Actual Loops": 3,"Hash Buckets": 1024,"Original Hash Buckets": 1024,"Hash Batches": 1,"Original Hash Batches": 1,"Peak Memory Usage": 9,"Workers": [],"Plans": [{"Node Type": "Seq Scan","Parent Relationship": "Outer","Parallel Aware": false,"Async Capable": false,"Relation Name": "nation","Alias": "n2","Startup Cost": 0.00,"Total Cost": 1.38,"Plan Rows": 2,"Plan Width": 108,"Actual Startup Time": 0.043,"Actual Total Time": 0.045,"Actual Rows": 2,"Actual Loops": 3,"Filter": "((n_name = 'UNITED KINGDOM'::bpchar) OR (n_name = 'UNITED STATES'::bpchar))","Rows Removed by Filter": 23,"Workers": []}]}]},{"Node Type": "Index Scan","Parent Relationship": "Inner","Parallel Aware": false,"Async Capable": false,"Scan Direction": "Forward","Index Name": "idx_orders_custkey","Relation Name": "orders","Alias": "orders","Startup Cost": 0.43,"Total Cost": 1.46,"Plan Rows": 17,"Plan Width": 8,"Actual Startup Time": 0.007,"Actual Total Time": 0.043,"Actual Rows": 10,"Actual Loops": 11994,"Index Cond": "(o_custkey = customer.c_custkey)","Rows Removed by Index Recheck": 0,"Workers": []}]},{"Node Type": "Index Scan","Parent Relationship": "Inner","Parallel Aware": false,"Async Capable": false,"Scan Direction": "Forward","Index Name": "idx_lineitem_orderkey","Relation Name": "lineitem","Alias": "lineitem","Startup Cost": 0.43,"Total Cost": 1.14,"Plan Rows": 5,"Plan Width": 24,"Actual Startup Time": 0.016,"Actual Total Time": 0.017,"Actual Rows": 1,"Actual Loops": 119376,"Index Cond": "(l_orderkey = orders.o_orderkey)","Rows Removed by Index Recheck": 0,"Filter": "((l_shipdate >= '1995-01-01'::date) AND (l_shipdate <= '1996-12-31'::date))","Rows Removed by Filter": 3,"Workers": []}]},{"Node Type": "Hash","Parent Relationship": "Inner","Parallel Aware": false,"Async Capable": false,"Startup Cost": 354.10,"Total Cost": 354.10,"Plan Rows": 784,"Plan Width": 108,"Actual Startup Time": 10.559,"Actual Total Time": 10.572,"Actual Rows": 783,"Actual Loops": 3,"Hash Buckets": 1024,"Original Hash Buckets": 1024,"Hash Batches": 1,"Original Hash Batches": 1,"Peak Memory Usage": 56,"Workers": [],"Plans": [{"Node Type": "Hash Join","Parent Relationship": "Outer","Parallel Aware": false,"Async Capable": false,"Join Type": "Inner","Startup Cost": 1.40,"Total Cost": 354.10,"Plan Rows": 784,"Plan Width": 108,"Actual Startup Time": 0.074,"Actual Total Time": 10.383,"Actual Rows": 783,"Actual Loops": 3,"Inner Unique": true,"Hash Cond": "(supplier.s_nationkey = n1.n_nationkey)","Workers": [],"Plans": [{"Node Type": "Seq Scan","Parent Relationship": "Outer","Parallel Aware": false,"Async Capable": false,"Relation Name": "supplier","Alias": "supplier","Startup Cost": 0.00,"Total Cost": 322.00,"Plan Rows": 10000,"Plan Width": 8,"Actual Startup Time": 0.029,"Actual Total Time": 4.377,"Actual Rows": 10000,"Actual Loops": 3,"Workers": []},{"Node Type": "Hash","Parent Relationship": "Inner","Parallel Aware": false,"Async Capable": false,"Startup Cost": 1.38,"Total Cost": 1.38,"Plan Rows": 2,"Plan Width": 108,"Actual Startup Time": 0.014,"Actual Total Time": 0.018,"Actual Rows": 2,"Actual Loops": 3,"Hash Buckets": 1024,"Original Hash Buckets": 1024,"Hash Batches": 1,"Original Hash Batches": 1,"Peak Memory Usage": 9,"Workers": [],"Plans": [{"Node Type": "Seq Scan","Parent Relationship": "Outer","Parallel Aware": false,"Async Capable": false,"Relation Name": "nation","Alias": "n1","Startup Cost": 0.00,"Total Cost": 1.38,"Plan Rows": 2,"Plan Width": 108,"Actual Startup Time": 0.008,"Actual Total Time": 0.009,"Actual Rows": 2,"Actual Loops": 3,"Filter": "((n_name = 'UNITED STATES'::bpchar) OR (n_name = 'UNITED KINGDOM'::bpchar))","Rows Removed by Filter": 23,"Workers": []}]}]}]}]}]}]}]}]},"Planning Time": 9.100,"Triggers": [],"Execution Time": 959.096}]
[{"Plan": {"Node Type": "Aggregate","Strategy": "Sorted","Partial Mode": "Finalize","Parallel Aware": false,"Async Capable": false,"Startup Cost": 72556.41,"Total Cost": 73352.71,"Plan Rows": 5893,"Plan Width": 272,"Actual Startup Time": 930.721,"Actual Total Time": 976.230,"Actual Rows": 4,"Actual Loops": 1,"Group Key": ["n1.n_name", "n2.n_name", "(EXTRACT(year FROM lineitem.l_shipdate))"],"Plans": [{"Node Type": "Gather Merge","Parent Relationship": "Outer","Parallel Aware": false,"Async Capable": false,"Startup Cost": 72556.41,"Total Cost": 73202.94,"Plan Rows": 4910,"Plan Width": 272,"Actual Startup Time": 930.420,"Actual Total Time": 976.163,"Actual Rows": 12,"Actual Loops": 1,"Workers Planned": 2,"Workers Launched": 2,"Plans": [{"Node Type": "Aggregate","Strategy": "Sorted","Partial Mode": "Partial","Parent Relationship": "Outer","Parallel Aware": false,"Async Capable": false,"Startup Cost": 71556.39,"Total Cost": 71636.18,"Plan Rows": 2455,"Plan Width": 272,"Actual Startup Time": 922.578,"Actual Total Time": 923.243,"Actual Rows": 4,"Actual Loops": 3,"Group Key": ["n1.n_name", "n2.n_name", "(EXTRACT(year FROM lineitem.l_shipdate))"],"Workers": [],"Plans": [{"Node Type": "Sort","Parent Relationship": "Outer","Parallel Aware": false,"Async Capable": false,"Startup Cost": 71556.39,"Total Cost": 71562.53,"Plan Rows": 2455,"Plan Width": 252,"Actual Startup Time": 922.305,"Actual Total Time": 922.410,"Actual Rows": 1859,"Actual Loops": 3,"Sort Key": ["n1.n_name", "n2.n_name", "(EXTRACT(year FROM lineitem.l_shipdate))"],"Sort Method": "quicksort","Sort Space Used": 262,"Sort Space Type": "Memory","Workers": [{"Worker Number": 0,"Sort Method": "quicksort","Sort Space Used": 247,"Sort Space Type": "Memory"},{"Worker Number": 1,"Sort Method": "quicksort","Sort Space Used": 246,"Sort Space Type": "Memory"}],"Plans": [{"Node Type": "Hash Join","Parent Relationship": "Outer","Parallel Aware": false,"Async Capable": false,"Join Type": "Inner","Startup Cost": 366.16,"Total Cost": 71418.15,"Plan Rows": 2455,"Plan Width": 252,"Actual Startup Time": 12.321,"Actual Total Time": 920.546,"Actual Rows": 1859,"Actual Loops": 3,"Inner Unique": false,"Hash Cond": "(lineitem.l_suppkey = supplier.s_suppkey)","Join Filter": "(((n1.n_name = 'JORDAN'::bpchar) AND (n2.n_name = 'BRAZIL'::bpchar)) OR ((n1.n_name = 'BRAZIL'::bpchar) AND (n2.n_name = 'JORDAN'::bpchar)))","Rows Removed by Join Filter": 1863,"Workers": [],"Plans": [{"Node Type": "Nested Loop","Parent Relationship": "Outer","Parallel Aware": false,"Async Capable": false,"Join Type": "Inner","Startup Cost": 2.26,"Total Cost": 70727.78,"Plan Rows": 60250,"Plan Width": 124,"Actual Startup Time": 0.899,"Actual Total Time": 903.201,"Actual Rows": 49183,"Actual Loops": 3,"Inner Unique": false,"Workers": [],"Plans": [{"Node Type": "Nested Loop","Parent Relationship": "Outer","Parallel Aware": false,"Async Capable": false,"Join Type": "Inner","Startup Cost": 1.83,"Total Cost": 12400.01,"Plan Rows": 49000,"Plan Width": 108,"Actual Startup Time": 0.273,"Actual Total Time": 223.975,"Actual Rows": 40291,"Actual Loops": 3,"Inner Unique": false,"Workers": [],"Plans": [{"Node Type": "Hash Join","Parent Relationship": "Outer","Parallel Aware": false,"Async Capable": false,"Join Type": "Inner","Startup Cost": 1.40,"Total Cost": 4403.27,"Plan Rows": 4900,"Plan Width": 108,"Actual Startup Time": 0.168,"Actual Total Time": 44.655,"Actual Rows": 4011,"Actual Loops": 3,"Inner Unique": true,"Hash Cond": "(customer.c_nationkey = n2.n_nationkey)","Workers": [],"Plans": [{"Node Type": "Seq Scan","Parent Relationship": "Outer","Parallel Aware": true,"Async Capable": false,"Relation Name": "customer","Alias": "customer","Startup Cost": 0.00,"Total Cost": 4210.00,"Plan Rows": 62500,"Plan Width": 8,"Actual Startup Time": 0.019,"Actual Total Time": 9.104,"Actual Rows": 50000,"Actual Loops": 3,"Workers": []},{"Node Type": "Hash","Parent Relationship": "Inner","Parallel Aware": false,"Async Capable": false,"Startup Cost": 1.38,"Total Cost": 1.38,"Plan Rows": 2,"Plan Width": 108,"Actual Startup Time": 0.062,"Actual Total Time": 0.069,"Actual Rows": 2,"Actual Loops": 3,"Hash Buckets": 1024,"Original Hash Buckets": 1024,"Hash Batches": 1,"Original Hash Batches": 1,"Peak Memory Usage": 9,"Workers": [],"Plans": [{"Node Type": "Seq Scan","Parent Relationship": "Outer","Parallel Aware": false,"Async Capable": false,"Relation Name": "nation","Alias": "n2","Startup Cost": 0.00,"Total Cost": 1.38,"Plan Rows": 2,"Plan Width": 108,"Actual Startup Time": 0.042,"Actual Total Time": 0.049,"Actual Rows": 2,"Actual Loops": 3,"Filter": "((n_name = 'BRAZIL'::bpchar) OR (n_name = 'JORDAN'::bpchar))","Rows Removed by Filter": 23,"Workers": []}]}]},{"Node Type": "Index Scan","Parent Relationship": "Inner","Parallel Aware": false,"Async Capable": false,"Scan Direction": "Forward","Index Name": "idx_orders_custkey","Relation Name": "orders","Alias": "orders","Startup Cost": 0.43,"Total Cost": 1.46,"Plan Rows": 17,"Plan Width": 8,"Actual Startup Time": 0.007,"Actual Total Time": 0.043,"Actual Rows": 10,"Actual Loops": 12032,"Index Cond": "(o_custkey = customer.c_custkey)","Rows Removed by Index Recheck": 0,"Workers": []}]},{"Node Type": "Index Scan","Parent Relationship": "Inner","Parallel Aware": false,"Async Capable": false,"Scan Direction": "Forward","Index Name": "idx_lineitem_orderkey","Relation Name": "lineitem","Alias": "lineitem","Startup Cost": 0.43,"Total Cost": 1.14,"Plan Rows": 5,"Plan Width": 24,"Actual Startup Time": 0.016,"Actual Total Time": 0.017,"Actual Rows": 1,"Actual Loops": 120873,"Index Cond": "(l_orderkey = orders.o_orderkey)","Rows Removed by Index Recheck": 0,"Filter": "((l_shipdate >= '1995-01-01'::date) AND (l_shipdate <= '1996-12-31'::date))","Rows Removed by Filter": 3,"Workers": []}]},{"Node Type": "Hash","Parent Relationship": "Inner","Parallel Aware": false,"Async Capable": false,"Startup Cost": 354.10,"Total Cost": 354.10,"Plan Rows": 784,"Plan Width": 108,"Actual Startup Time": 10.488,"Actual Total Time": 10.503,"Actual Rows": 759,"Actual Loops": 3,"Hash Buckets": 1024,"Original Hash Buckets": 1024,"Hash Batches": 1,"Original Hash Batches": 1,"Peak Memory Usage": 54,"Workers": [],"Plans": [{"Node Type": "Hash Join","Parent Relationship": "Outer","Parallel Aware": false,"Async Capable": false,"Join Type": "Inner","Startup Cost": 1.40,"Total Cost": 354.10,"Plan Rows": 784,"Plan Width": 108,"Actual Startup Time": 0.088,"Actual Total Time": 10.315,"Actual Rows": 759,"Actual Loops": 3,"Inner Unique": true,"Hash Cond": "(supplier.s_nationkey = n1.n_nationkey)","Workers": [],"Plans": [{"Node Type": "Seq Scan","Parent Relationship": "Outer","Parallel Aware": false,"Async Capable": false,"Relation Name": "supplier","Alias": "supplier","Startup Cost": 0.00,"Total Cost": 322.00,"Plan Rows": 10000,"Plan Width": 8,"Actual Startup Time": 0.034,"Actual Total Time": 4.195,"Actual Rows": 10000,"Actual Loops": 3,"Workers": []},{"Node Type": "Hash","Parent Relationship": "Inner","Parallel Aware": false,"Async Capable": false,"Startup Cost": 1.38,"Total Cost": 1.38,"Plan Rows": 2,"Plan Width": 108,"Actual Startup Time": 0.013,"Actual Total Time": 0.017,"Actual Rows": 2,"Actual Loops": 3,"Hash Buckets": 1024,"Original Hash Buckets": 1024,"Hash Batches": 1,"Original Hash Batches": 1,"Peak Memory Usage": 9,"Workers": [],"Plans": [{"Node Type": "Seq Scan","Parent Relationship": "Outer","Parallel Aware": false,"Async Capable": false,"Relation Name": "nation","Alias": "n1","Startup Cost": 0.00,"Total Cost": 1.38,"Plan Rows": 2,"Plan Width": 108,"Actual Startup Time": 0.004,"Actual Total Time": 0.010,"Actual Rows": 2,"Actual Loops": 3,"Filter": "((n_name = 'JORDAN'::bpchar) OR (n_name = 'BRAZIL'::bpchar))","Rows Removed by Filter": 23,"Workers": []}]}]}]}]}]}]}]}]},"Planning Time": 9.338,"Triggers": [],"Execution Time": 976.606}]
[{"Plan": {"Node Type": "Aggregate","Strategy": "Sorted","Partial Mode": "Finalize","Parallel Aware": false,"Async Capable": false,"Startup Cost": 72556.41,"Total Cost": 73352.71,"Plan Rows": 5893,"Plan Width": 272,"Actual Startup Time": 943.050,"Actual Total Time": 994.740,"Actual Rows": 4,"Actual Loops": 1,"Group Key": ["n1.n_name", "n2.n_name", "(EXTRACT(year FROM lineitem.l_shipdate))"],"Plans": [{"Node Type": "Gather Merge","Parent Relationship": "Outer","Parallel Aware": false,"Async Capable": false,"Startup Cost": 72556.41,"Total Cost": 73202.94,"Plan Rows": 4910,"Plan Width": 272,"Actual Startup Time": 942.763,"Actual Total Time": 994.685,"Actual Rows": 12,"Actual Loops": 1,"Workers Planned": 2,"Workers Launched": 2,"Plans": [{"Node Type": "Aggregate","Strategy": "Sorted","Partial Mode": "Partial","Parent Relationship": "Outer","Parallel Aware": false,"Async Capable": false,"Startup Cost": 71556.39,"Total Cost": 71636.18,"Plan Rows": 2455,"Plan Width": 272,"Actual Startup Time": 933.984,"Actual Total Time": 934.725,"Actual Rows": 4,"Actual Loops": 3,"Group Key": ["n1.n_name", "n2.n_name", "(EXTRACT(year FROM lineitem.l_shipdate))"],"Workers": [],"Plans": [{"Node Type": "Sort","Parent Relationship": "Outer","Parallel Aware": false,"Async Capable": false,"Startup Cost": 71556.39,"Total Cost": 71562.53,"Plan Rows": 2455,"Plan Width": 252,"Actual Startup Time": 933.716,"Actual Total Time": 933.828,"Actual Rows": 2033,"Actual Loops": 3,"Sort Key": ["n1.n_name", "n2.n_name", "(EXTRACT(year FROM lineitem.l_shipdate))"],"Sort Method": "quicksort","Sort Space Used": 323,"Sort Space Type": "Memory","Workers": [{"Worker Number": 0,"Sort Method": "quicksort","Sort Space Used": 265,"Sort Space Type": "Memory"},{"Worker Number": 1,"Sort Method": "quicksort","Sort Space Used": 321,"Sort Space Type": "Memory"}],"Plans": [{"Node Type": "Hash Join","Parent Relationship": "Outer","Parallel Aware": false,"Async Capable": false,"Join Type": "Inner","Startup Cost": 366.16,"Total Cost": 71418.15,"Plan Rows": 2455,"Plan Width": 252,"Actual Startup Time": 9.429,"Actual Total Time": 931.727,"Actual Rows": 2033,"Actual Loops": 3,"Inner Unique": false,"Hash Cond": "(lineitem.l_suppkey = supplier.s_suppkey)","Join Filter": "(((n1.n_name = 'FRANCE'::bpchar) AND (n2.n_name = 'RUSSIA'::bpchar)) OR ((n1.n_name = 'RUSSIA'::bpchar) AND (n2.n_name = 'FRANCE'::bpchar)))","Rows Removed by Join Filter": 2012,"Workers": [],"Plans": [{"Node Type": "Nested Loop","Parent Relationship": "Outer","Parallel Aware": false,"Async Capable": false,"Join Type": "Inner","Startup Cost": 2.26,"Total Cost": 70727.78,"Plan Rows": 60250,"Plan Width": 124,"Actual Startup Time": 0.635,"Actual Total Time": 917.054,"Actual Rows": 50082,"Actual Loops": 3,"Inner Unique": false,"Workers": [],"Plans": [{"Node Type": "Nested Loop","Parent Relationship": "Outer","Parallel Aware": false,"Async Capable": false,"Join Type": "Inner","Startup Cost": 1.83,"Total Cost": 12400.01,"Plan Rows": 49000,"Plan Width": 108,"Actual Startup Time": 0.392,"Actual Total Time": 228.889,"Actual Rows": 41032,"Actual Loops": 3,"Inner Unique": false,"Workers": [],"Plans": [{"Node Type": "Hash Join","Parent Relationship": "Outer","Parallel Aware": false,"Async Capable": false,"Join Type": "Inner","Startup Cost": 1.40,"Total Cost": 4403.27,"Plan Rows": 4900,"Plan Width": 108,"Actual Startup Time": 0.212,"Actual Total Time": 46.254,"Actual Rows": 4059,"Actual Loops": 3,"Inner Unique": true,"Hash Cond": "(customer.c_nationkey = n2.n_nationkey)","Workers": [],"Plans": [{"Node Type": "Seq Scan","Parent Relationship": "Outer","Parallel Aware": true,"Async Capable": false,"Relation Name": "customer","Alias": "customer","Startup Cost": 0.00,"Total Cost": 4210.00,"Plan Rows": 62500,"Plan Width": 8,"Actual Startup Time": 0.015,"Actual Total Time": 9.551,"Actual Rows": 50000,"Actual Loops": 3,"Workers": []},{"Node Type": "Hash","Parent Relationship": "Inner","Parallel Aware": false,"Async Capable": false,"Startup Cost": 1.38,"Total Cost": 1.38,"Plan Rows": 2,"Plan Width": 108,"Actual Startup Time": 0.096,"Actual Total Time": 0.101,"Actual Rows": 2,"Actual Loops": 3,"Hash Buckets": 1024,"Original Hash Buckets": 1024,"Hash Batches": 1,"Original Hash Batches": 1,"Peak Memory Usage": 9,"Workers": [],"Plans": [{"Node Type": "Seq Scan","Parent Relationship": "Outer","Parallel Aware": false,"Async Capable": false,"Relation Name": "nation","Alias": "n2","Startup Cost": 0.00,"Total Cost": 1.38,"Plan Rows": 2,"Plan Width": 108,"Actual Startup Time": 0.071,"Actual Total Time": 0.080,"Actual Rows": 2,"Actual Loops": 3,"Filter": "((n_name = 'RUSSIA'::bpchar) OR (n_name = 'FRANCE'::bpchar))","Rows Removed by Filter": 23,"Workers": []}]}]},{"Node Type": "Index Scan","Parent Relationship": "Inner","Parallel Aware": false,"Async Capable": false,"Scan Direction": "Forward","Index Name": "idx_orders_custkey","Relation Name": "orders","Alias": "orders","Startup Cost": 0.43,"Total Cost": 1.46,"Plan Rows": 17,"Plan Width": 8,"Actual Startup Time": 0.007,"Actual Total Time": 0.044,"Actual Rows": 10,"Actual Loops": 12178,"Index Cond": "(o_custkey = customer.c_custkey)","Rows Removed by Index Recheck": 0,"Workers": []}]},{"Node Type": "Index Scan","Parent Relationship": "Inner","Parallel Aware": false,"Async Capable": false,"Scan Direction": "Forward","Index Name": "idx_lineitem_orderkey","Relation Name": "lineitem","Alias": "lineitem","Startup Cost": 0.43,"Total Cost": 1.14,"Plan Rows": 5,"Plan Width": 24,"Actual Startup Time": 0.016,"Actual Total Time": 0.017,"Actual Rows": 1,"Actual Loops": 123095,"Index Cond": "(l_orderkey = orders.o_orderkey)","Rows Removed by Index Recheck": 0,"Filter": "((l_shipdate >= '1995-01-01'::date) AND (l_shipdate <= '1996-12-31'::date))","Rows Removed by Filter": 3,"Workers": []}]},{"Node Type": "Hash","Parent Relationship": "Inner","Parallel Aware": false,"Async Capable": false,"Startup Cost": 354.10,"Total Cost": 354.10,"Plan Rows": 784,"Plan Width": 108,"Actual Startup Time": 6.955,"Actual Total Time": 6.971,"Actual Rows": 803,"Actual Loops": 3,"Hash Buckets": 1024,"Original Hash Buckets": 1024,"Hash Batches": 1,"Original Hash Batches": 1,"Peak Memory Usage": 57,"Workers": [],"Plans": [{"Node Type": "Hash Join","Parent Relationship": "Outer","Parallel Aware": false,"Async Capable": false,"Join Type": "Inner","Startup Cost": 1.40,"Total Cost": 354.10,"Plan Rows": 784,"Plan Width": 108,"Actual Startup Time": 0.069,"Actual Total Time": 6.785,"Actual Rows": 803,"Actual Loops": 3,"Inner Unique": true,"Hash Cond": "(supplier.s_nationkey = n1.n_nationkey)","Workers": [],"Plans": [{"Node Type": "Seq Scan","Parent Relationship": "Outer","Parallel Aware": false,"Async Capable": false,"Relation Name": "supplier","Alias": "supplier","Startup Cost": 0.00,"Total Cost": 322.00,"Plan Rows": 10000,"Plan Width": 8,"Actual Startup Time": 0.025,"Actual Total Time": 3.480,"Actual Rows": 10000,"Actual Loops": 3,"Workers": []},{"Node Type": "Hash","Parent Relationship": "Inner","Parallel Aware": false,"Async Capable": false,"Startup Cost": 1.38,"Total Cost": 1.38,"Plan Rows": 2,"Plan Width": 108,"Actual Startup Time": 0.013,"Actual Total Time": 0.018,"Actual Rows": 2,"Actual Loops": 3,"Hash Buckets": 1024,"Original Hash Buckets": 1024,"Hash Batches": 1,"Original Hash Batches": 1,"Peak Memory Usage": 9,"Workers": [],"Plans": [{"Node Type": "Seq Scan","Parent Relationship": "Outer","Parallel Aware": false,"Async Capable": false,"Relation Name": "nation","Alias": "n1","Startup Cost": 0.00,"Total Cost": 1.38,"Plan Rows": 2,"Plan Width": 108,"Actual Startup Time": 0.005,"Actual Total Time": 0.010,"Actual Rows": 2,"Actual Loops": 3,"Filter": "((n_name = 'FRANCE'::bpchar) OR (n_name = 'RUSSIA'::bpchar))","Rows Removed by Filter": 23,"Workers": []}]}]}]}]}]}]}]}]},"Planning Time": 8.807,"Triggers": [],"Execution Time": 995.195}]
[{"Plan": {"Node Type": "Aggregate","Strategy": "Sorted","Partial Mode": "Finalize","Parallel Aware": false,"Async Capable": false,"Startup Cost": 72556.41,"Total Cost": 73352.71,"Plan Rows": 5893,"Plan Width": 272,"Actual Startup Time": 940.027,"Actual Total Time": 991.757,"Actual Rows": 4,"Actual Loops": 1,"Group Key": ["n1.n_name", "n2.n_name", "(EXTRACT(year FROM lineitem.l_shipdate))"],"Plans": [{"Node Type": "Gather Merge","Parent Relationship": "Outer","Parallel Aware": false,"Async Capable": false,"Startup Cost": 72556.41,"Total Cost": 73202.94,"Plan Rows": 4910,"Plan Width": 272,"Actual Startup Time": 939.359,"Actual Total Time": 991.692,"Actual Rows": 12,"Actual Loops": 1,"Workers Planned": 2,"Workers Launched": 2,"Plans": [{"Node Type": "Aggregate","Strategy": "Sorted","Partial Mode": "Partial","Parent Relationship": "Outer","Parallel Aware": false,"Async Capable": false,"Startup Cost": 71556.39,"Total Cost": 71636.18,"Plan Rows": 2455,"Plan Width": 272,"Actual Startup Time": 930.654,"Actual Total Time": 931.458,"Actual Rows": 4,"Actual Loops": 3,"Group Key": ["n1.n_name", "n2.n_name", "(EXTRACT(year FROM lineitem.l_shipdate))"],"Workers": [],"Plans": [{"Node Type": "Sort","Parent Relationship": "Outer","Parallel Aware": false,"Async Capable": false,"Startup Cost": 71556.39,"Total Cost": 71562.53,"Plan Rows": 2455,"Plan Width": 252,"Actual Startup Time": 930.385,"Actual Total Time": 930.495,"Actual Rows": 1910,"Actual Loops": 3,"Sort Key": ["n1.n_name", "n2.n_name", "(EXTRACT(year FROM lineitem.l_shipdate))"],"Sort Method": "quicksort","Sort Space Used": 257,"Sort Space Type": "Memory","Workers": [{"Worker Number": 0,"Sort Method": "quicksort","Sort Space Used": 254,"Sort Space Type": "Memory"},{"Worker Number": 1,"Sort Method": "quicksort","Sort Space Used": 261,"Sort Space Type": "Memory"}],"Plans": [{"Node Type": "Hash Join","Parent Relationship": "Outer","Parallel Aware": false,"Async Capable": false,"Join Type": "Inner","Startup Cost": 366.16,"Total Cost": 71418.15,"Plan Rows": 2455,"Plan Width": 252,"Actual Startup Time": 10.199,"Actual Total Time": 928.530,"Actual Rows": 1910,"Actual Loops": 3,"Inner Unique": false,"Hash Cond": "(lineitem.l_suppkey = supplier.s_suppkey)","Join Filter": "(((n1.n_name = 'MOROCCO'::bpchar) AND (n2.n_name = 'FRANCE'::bpchar)) OR ((n1.n_name = 'FRANCE'::bpchar) AND (n2.n_name = 'MOROCCO'::bpchar)))","Rows Removed by Join Filter": 1906,"Workers": [],"Plans": [{"Node Type": "Nested Loop","Parent Relationship": "Outer","Parallel Aware": false,"Async Capable": false,"Join Type": "Inner","Startup Cost": 2.26,"Total Cost": 70727.78,"Plan Rows": 60250,"Plan Width": 124,"Actual Startup Time": 0.688,"Actual Total Time": 912.803,"Actual Rows": 49495,"Actual Loops": 3,"Inner Unique": false,"Workers": [],"Plans": [{"Node Type": "Nested Loop","Parent Relationship": "Outer","Parallel Aware": false,"Async Capable": false,"Join Type": "Inner","Startup Cost": 1.83,"Total Cost": 12400.01,"Plan Rows": 49000,"Plan Width": 108,"Actual Startup Time": 0.284,"Actual Total Time": 228.330,"Actual Rows": 40353,"Actual Loops": 3,"Inner Unique": false,"Workers": [],"Plans": [{"Node Type": "Hash Join","Parent Relationship": "Outer","Parallel Aware": false,"Async Capable": false,"Join Type": "Inner","Startup Cost": 1.40,"Total Cost": 4403.27,"Plan Rows": 4900,"Plan Width": 108,"Actual Startup Time": 0.169,"Actual Total Time": 47.590,"Actual Rows": 4007,"Actual Loops": 3,"Inner Unique": true,"Hash Cond": "(customer.c_nationkey = n2.n_nationkey)","Workers": [],"Plans": [{"Node Type": "Seq Scan","Parent Relationship": "Outer","Parallel Aware": true,"Async Capable": false,"Relation Name": "customer","Alias": "customer","Startup Cost": 0.00,"Total Cost": 4210.00,"Plan Rows": 62500,"Plan Width": 8,"Actual Startup Time": 0.015,"Actual Total Time": 9.640,"Actual Rows": 50000,"Actual Loops": 3,"Workers": []},{"Node Type": "Hash","Parent Relationship": "Inner","Parallel Aware": false,"Async Capable": false,"Startup Cost": 1.38,"Total Cost": 1.38,"Plan Rows": 2,"Plan Width": 108,"Actual Startup Time": 0.067,"Actual Total Time": 0.075,"Actual Rows": 2,"Actual Loops": 3,"Hash Buckets": 1024,"Original Hash Buckets": 1024,"Hash Batches": 1,"Original Hash Batches": 1,"Peak Memory Usage": 9,"Workers": [],"Plans": [{"Node Type": "Seq Scan","Parent Relationship": "Outer","Parallel Aware": false,"Async Capable": false,"Relation Name": "nation","Alias": "n2","Startup Cost": 0.00,"Total Cost": 1.38,"Plan Rows": 2,"Plan Width": 108,"Actual Startup Time": 0.049,"Actual Total Time": 0.057,"Actual Rows": 2,"Actual Loops": 3,"Filter": "((n_name = 'FRANCE'::bpchar) OR (n_name = 'MOROCCO'::bpchar))","Rows Removed by Filter": 23,"Workers": []}]}]},{"Node Type": "Index Scan","Parent Relationship": "Inner","Parallel Aware": false,"Async Capable": false,"Scan Direction": "Forward","Index Name": "idx_orders_custkey","Relation Name": "orders","Alias": "orders","Startup Cost": 0.43,"Total Cost": 1.46,"Plan Rows": 17,"Plan Width": 8,"Actual Startup Time": 0.007,"Actual Total Time": 0.044,"Actual Rows": 10,"Actual Loops": 12021,"Index Cond": "(o_custkey = customer.c_custkey)","Rows Removed by Index Recheck": 0,"Workers": []}]},{"Node Type": "Index Scan","Parent Relationship": "Inner","Parallel Aware": false,"Async Capable": false,"Scan Direction": "Forward","Index Name": "idx_lineitem_orderkey","Relation Name": "lineitem","Alias": "lineitem","Startup Cost": 0.43,"Total Cost": 1.14,"Plan Rows": 5,"Plan Width": 24,"Actual Startup Time": 0.016,"Actual Total Time": 0.017,"Actual Rows": 1,"Actual Loops": 121059,"Index Cond": "(l_orderkey = orders.o_orderkey)","Rows Removed by Index Recheck": 0,"Filter": "((l_shipdate >= '1995-01-01'::date) AND (l_shipdate <= '1996-12-31'::date))","Rows Removed by Filter": 3,"Workers": []}]},{"Node Type": "Hash","Parent Relationship": "Inner","Parallel Aware": false,"Async Capable": false,"Startup Cost": 354.10,"Total Cost": 354.10,"Plan Rows": 784,"Plan Width": 108,"Actual Startup Time": 8.667,"Actual Total Time": 8.679,"Actual Rows": 775,"Actual Loops": 3,"Hash Buckets": 1024,"Original Hash Buckets": 1024,"Hash Batches": 1,"Original Hash Batches": 1,"Peak Memory Usage": 55,"Workers": [],"Plans": [{"Node Type": "Hash Join","Parent Relationship": "Outer","Parallel Aware": false,"Async Capable": false,"Join Type": "Inner","Startup Cost": 1.40,"Total Cost": 354.10,"Plan Rows": 784,"Plan Width": 108,"Actual Startup Time": 0.080,"Actual Total Time": 8.477,"Actual Rows": 775,"Actual Loops": 3,"Inner Unique": true,"Hash Cond": "(supplier.s_nationkey = n1.n_nationkey)","Workers": [],"Plans": [{"Node Type": "Seq Scan","Parent Relationship": "Outer","Parallel Aware": false,"Async Capable": false,"Relation Name": "supplier","Alias": "supplier","Startup Cost": 0.00,"Total Cost": 322.00,"Plan Rows": 10000,"Plan Width": 8,"Actual Startup Time": 0.030,"Actual Total Time": 4.480,"Actual Rows": 10000,"Actual Loops": 3,"Workers": []},{"Node Type": "Hash","Parent Relationship": "Inner","Parallel Aware": false,"Async Capable": false,"Startup Cost": 1.38,"Total Cost": 1.38,"Plan Rows": 2,"Plan Width": 108,"Actual Startup Time": 0.017,"Actual Total Time": 0.022,"Actual Rows": 2,"Actual Loops": 3,"Hash Buckets": 1024,"Original Hash Buckets": 1024,"Hash Batches": 1,"Original Hash Batches": 1,"Peak Memory Usage": 9,"Workers": [],"Plans": [{"Node Type": "Seq Scan","Parent Relationship": "Outer","Parallel Aware": false,"Async Capable": false,"Relation Name": "nation","Alias": "n1","Startup Cost": 0.00,"Total Cost": 1.38,"Plan Rows": 2,"Plan Width": 108,"Actual Startup Time": 0.006,"Actual Total Time": 0.013,"Actual Rows": 2,"Actual Loops": 3,"Filter": "((n_name = 'MOROCCO'::bpchar) OR (n_name = 'FRANCE'::bpchar))","Rows Removed by Filter": 23,"Workers": []}]}]}]}]}]}]}]}]},"Planning Time": 9.286,"Triggers": [],"Execution Time": 992.149}]
[{"Plan": {"Node Type": "Aggregate","Strategy": "Sorted","Partial Mode": "Finalize","Parallel Aware": false,"Async Capable": false,"Startup Cost": 72556.41,"Total Cost": 73352.71,"Plan Rows": 5893,"Plan Width": 272,"Actual Startup Time": 936.895,"Actual Total Time": 983.106,"Actual Rows": 4,"Actual Loops": 1,"Group Key": ["n1.n_name", "n2.n_name", "(EXTRACT(year FROM lineitem.l_shipdate))"],"Plans": [{"Node Type": "Gather Merge","Parent Relationship": "Outer","Parallel Aware": false,"Async Capable": false,"Startup Cost": 72556.41,"Total Cost": 73202.94,"Plan Rows": 4910,"Plan Width": 272,"Actual Startup Time": 936.590,"Actual Total Time": 983.019,"Actual Rows": 12,"Actual Loops": 1,"Workers Planned": 2,"Workers Launched": 2,"Plans": [{"Node Type": "Aggregate","Strategy": "Sorted","Partial Mode": "Partial","Parent Relationship": "Outer","Parallel Aware": false,"Async Capable": false,"Startup Cost": 71556.39,"Total Cost": 71636.18,"Plan Rows": 2455,"Plan Width": 272,"Actual Startup Time": 928.563,"Actual Total Time": 929.257,"Actual Rows": 4,"Actual Loops": 3,"Group Key": ["n1.n_name", "n2.n_name", "(EXTRACT(year FROM lineitem.l_shipdate))"],"Workers": [],"Plans": [{"Node Type": "Sort","Parent Relationship": "Outer","Parallel Aware": false,"Async Capable": false,"Startup Cost": 71556.39,"Total Cost": 71562.53,"Plan Rows": 2455,"Plan Width": 252,"Actual Startup Time": 928.289,"Actual Total Time": 928.391,"Actual Rows": 2058,"Actual Loops": 3,"Sort Key": ["n1.n_name", "n2.n_name", "(EXTRACT(year FROM lineitem.l_shipdate))"],"Sort Method": "quicksort","Sort Space Used": 323,"Sort Space Type": "Memory","Workers": [{"Worker Number": 0,"Sort Method": "quicksort","Sort Space Used": 324,"Sort Space Type": "Memory"},{"Worker Number": 1,"Sort Method": "quicksort","Sort Space Used": 270,"Sort Space Type": "Memory"}],"Plans": [{"Node Type": "Hash Join","Parent Relationship": "Outer","Parallel Aware": false,"Async Capable": false,"Join Type": "Inner","Startup Cost": 366.16,"Total Cost": 71418.15,"Plan Rows": 2455,"Plan Width": 252,"Actual Startup Time": 10.817,"Actual Total Time": 926.321,"Actual Rows": 2058,"Actual Loops": 3,"Inner Unique": false,"Hash Cond": "(lineitem.l_suppkey = supplier.s_suppkey)","Join Filter": "(((n1.n_name = 'INDONESIA'::bpchar) AND (n2.n_name = 'EGYPT'::bpchar)) OR ((n1.n_name = 'EGYPT'::bpchar) AND (n2.n_name = 'INDONESIA'::bpchar)))","Rows Removed by Join Filter": 2028,"Workers": [],"Plans": [{"Node Type": "Nested Loop","Parent Relationship": "Outer","Parallel Aware": false,"Async Capable": false,"Join Type": "Inner","Startup Cost": 2.26,"Total Cost": 70727.78,"Plan Rows": 60250,"Plan Width": 124,"Actual Startup Time": 0.579,"Actual Total Time": 909.552,"Actual Rows": 49256,"Actual Loops": 3,"Inner Unique": false,"Workers": [],"Plans": [{"Node Type": "Nested Loop","Parent Relationship": "Outer","Parallel Aware": false,"Async Capable": false,"Join Type": "Inner","Startup Cost": 1.83,"Total Cost": 12400.01,"Plan Rows": 49000,"Plan Width": 108,"Actual Startup Time": 0.310,"Actual Total Time": 229.442,"Actual Rows": 40163,"Actual Loops": 3,"Inner Unique": false,"Workers": [],"Plans": [{"Node Type": "Hash Join","Parent Relationship": "Outer","Parallel Aware": false,"Async Capable": false,"Join Type": "Inner","Startup Cost": 1.40,"Total Cost": 4403.27,"Plan Rows": 4900,"Plan Width": 108,"Actual Startup Time": 0.188,"Actual Total Time": 48.311,"Actual Rows": 4052,"Actual Loops": 3,"Inner Unique": true,"Hash Cond": "(customer.c_nationkey = n2.n_nationkey)","Workers": [],"Plans": [{"Node Type": "Seq Scan","Parent Relationship": "Outer","Parallel Aware": true,"Async Capable": false,"Relation Name": "customer","Alias": "customer","Startup Cost": 0.00,"Total Cost": 4210.00,"Plan Rows": 62500,"Plan Width": 8,"Actual Startup Time": 0.017,"Actual Total Time": 9.771,"Actual Rows": 50000,"Actual Loops": 3,"Workers": []},{"Node Type": "Hash","Parent Relationship": "Inner","Parallel Aware": false,"Async Capable": false,"Startup Cost": 1.38,"Total Cost": 1.38,"Plan Rows": 2,"Plan Width": 108,"Actual Startup Time": 0.075,"Actual Total Time": 0.079,"Actual Rows": 2,"Actual Loops": 3,"Hash Buckets": 1024,"Original Hash Buckets": 1024,"Hash Batches": 1,"Original Hash Batches": 1,"Peak Memory Usage": 9,"Workers": [],"Plans": [{"Node Type": "Seq Scan","Parent Relationship": "Outer","Parallel Aware": false,"Async Capable": false,"Relation Name": "nation","Alias": "n2","Startup Cost": 0.00,"Total Cost": 1.38,"Plan Rows": 2,"Plan Width": 108,"Actual Startup Time": 0.053,"Actual Total Time": 0.062,"Actual Rows": 2,"Actual Loops": 3,"Filter": "((n_name = 'EGYPT'::bpchar) OR (n_name = 'INDONESIA'::bpchar))","Rows Removed by Filter": 23,"Workers": []}]}]},{"Node Type": "Index Scan","Parent Relationship": "Inner","Parallel Aware": false,"Async Capable": false,"Scan Direction": "Forward","Index Name": "idx_orders_custkey","Relation Name": "orders","Alias": "orders","Startup Cost": 0.43,"Total Cost": 1.46,"Plan Rows": 17,"Plan Width": 8,"Actual Startup Time": 0.007,"Actual Total Time": 0.043,"Actual Rows": 10,"Actual Loops": 12156,"Index Cond": "(o_custkey = customer.c_custkey)","Rows Removed by Index Recheck": 0,"Workers": []}]},{"Node Type": "Index Scan","Parent Relationship": "Inner","Parallel Aware": false,"Async Capable": false,"Scan Direction": "Forward","Index Name": "idx_lineitem_orderkey","Relation Name": "lineitem","Alias": "lineitem","Startup Cost": 0.43,"Total Cost": 1.14,"Plan Rows": 5,"Plan Width": 24,"Actual Startup Time": 0.016,"Actual Total Time": 0.017,"Actual Rows": 1,"Actual Loops": 120488,"Index Cond": "(l_orderkey = orders.o_orderkey)","Rows Removed by Index Recheck": 0,"Filter": "((l_shipdate >= '1995-01-01'::date) AND (l_shipdate <= '1996-12-31'::date))","Rows Removed by Filter": 3,"Workers": []}]},{"Node Type": "Hash","Parent Relationship": "Inner","Parallel Aware": false,"Async Capable": false,"Startup Cost": 354.10,"Total Cost": 354.10,"Plan Rows": 784,"Plan Width": 108,"Actual Startup Time": 9.447,"Actual Total Time": 9.462,"Actual Rows": 820,"Actual Loops": 3,"Hash Buckets": 1024,"Original Hash Buckets": 1024,"Hash Batches": 1,"Original Hash Batches": 1,"Peak Memory Usage": 58,"Workers": [],"Plans": [{"Node Type": "Hash Join","Parent Relationship": "Outer","Parallel Aware": false,"Async Capable": false,"Join Type": "Inner","Startup Cost": 1.40,"Total Cost": 354.10,"Plan Rows": 784,"Plan Width": 108,"Actual Startup Time": 0.098,"Actual Total Time": 9.262,"Actual Rows": 820,"Actual Loops": 3,"Inner Unique": true,"Hash Cond": "(supplier.s_nationkey = n1.n_nationkey)","Workers": [],"Plans": [{"Node Type": "Seq Scan","Parent Relationship": "Outer","Parallel Aware": false,"Async Capable": false,"Relation Name": "supplier","Alias": "supplier","Startup Cost": 0.00,"Total Cost": 322.00,"Plan Rows": 10000,"Plan Width": 8,"Actual Startup Time": 0.033,"Actual Total Time": 4.044,"Actual Rows": 10000,"Actual Loops": 3,"Workers": []},{"Node Type": "Hash","Parent Relationship": "Inner","Parallel Aware": false,"Async Capable": false,"Startup Cost": 1.38,"Total Cost": 1.38,"Plan Rows": 2,"Plan Width": 108,"Actual Startup Time": 0.019,"Actual Total Time": 0.025,"Actual Rows": 2,"Actual Loops": 3,"Hash Buckets": 1024,"Original Hash Buckets": 1024,"Hash Batches": 1,"Original Hash Batches": 1,"Peak Memory Usage": 9,"Workers": [],"Plans": [{"Node Type": "Seq Scan","Parent Relationship": "Outer","Parallel Aware": false,"Async Capable": false,"Relation Name": "nation","Alias": "n1","Startup Cost": 0.00,"Total Cost": 1.38,"Plan Rows": 2,"Plan Width": 108,"Actual Startup Time": 0.007,"Actual Total Time": 0.014,"Actual Rows": 2,"Actual Loops": 3,"Filter": "((n_name = 'INDONESIA'::bpchar) OR (n_name = 'EGYPT'::bpchar))","Rows Removed by Filter": 23,"Workers": []}]}]}]}]}]}]}]}]},"Planning Time": 7.926,"Triggers": [],"Execution Time": 983.685}]
[{"Plan": {"Node Type": "Aggregate","Strategy": "Sorted","Partial Mode": "Finalize","Parallel Aware": false,"Async Capable": false,"Startup Cost": 72556.41,"Total Cost": 73352.71,"Plan Rows": 5893,"Plan Width": 272,"Actual Startup Time": 924.208,"Actual Total Time": 969.150,"Actual Rows": 4,"Actual Loops": 1,"Group Key": ["n1.n_name", "n2.n_name", "(EXTRACT(year FROM lineitem.l_shipdate))"],"Plans": [{"Node Type": "Gather Merge","Parent Relationship": "Outer","Parallel Aware": false,"Async Capable": false,"Startup Cost": 72556.41,"Total Cost": 73202.94,"Plan Rows": 4910,"Plan Width": 272,"Actual Startup Time": 923.944,"Actual Total Time": 969.075,"Actual Rows": 12,"Actual Loops": 1,"Workers Planned": 2,"Workers Launched": 2,"Plans": [{"Node Type": "Aggregate","Strategy": "Sorted","Partial Mode": "Partial","Parent Relationship": "Outer","Parallel Aware": false,"Async Capable": false,"Startup Cost": 71556.39,"Total Cost": 71636.18,"Plan Rows": 2455,"Plan Width": 272,"Actual Startup Time": 915.787,"Actual Total Time": 916.453,"Actual Rows": 4,"Actual Loops": 3,"Group Key": ["n1.n_name", "n2.n_name", "(EXTRACT(year FROM lineitem.l_shipdate))"],"Workers": [],"Plans": [{"Node Type": "Sort","Parent Relationship": "Outer","Parallel Aware": false,"Async Capable": false,"Startup Cost": 71556.39,"Total Cost": 71562.53,"Plan Rows": 2455,"Plan Width": 252,"Actual Startup Time": 915.521,"Actual Total Time": 915.623,"Actual Rows": 1907,"Actual Loops": 3,"Sort Key": ["n1.n_name", "n2.n_name", "(EXTRACT(year FROM lineitem.l_shipdate))"],"Sort Method": "quicksort","Sort Space Used": 258,"Sort Space Type": "Memory","Workers": [{"Worker Number": 0,"Sort Method": "quicksort","Sort Space Used": 258,"Sort Space Type": "Memory"},{"Worker Number": 1,"Sort Method": "quicksort","Sort Space Used": 255,"Sort Space Type": "Memory"}],"Plans": [{"Node Type": "Hash Join","Parent Relationship": "Outer","Parallel Aware": false,"Async Capable": false,"Join Type": "Inner","Startup Cost": 366.16,"Total Cost": 71418.15,"Plan Rows": 2455,"Plan Width": 252,"Actual Startup Time": 10.701,"Actual Total Time": 913.731,"Actual Rows": 1907,"Actual Loops": 3,"Inner Unique": false,"Hash Cond": "(lineitem.l_suppkey = supplier.s_suppkey)","Join Filter": "(((n1.n_name = 'ETHIOPIA'::bpchar) AND (n2.n_name = 'UNITED STATES'::bpchar)) OR ((n1.n_name = 'UNITED STATES'::bpchar) AND (n2.n_name = 'ETHIOPIA'::bpchar)))","Rows Removed by Join Filter": 1916,"Workers": [],"Plans": [{"Node Type": "Nested Loop","Parent Relationship": "Outer","Parallel Aware": false,"Async Capable": false,"Join Type": "Inner","Startup Cost": 2.26,"Total Cost": 70727.78,"Plan Rows": 60250,"Plan Width": 124,"Actual Startup Time": 0.537,"Actual Total Time": 897.610,"Actual Rows": 48640,"Actual Loops": 3,"Inner Unique": false,"Workers": [],"Plans": [{"Node Type": "Nested Loop","Parent Relationship": "Outer","Parallel Aware": false,"Async Capable": false,"Join Type": "Inner","Startup Cost": 1.83,"Total Cost": 12400.01,"Plan Rows": 49000,"Plan Width": 108,"Actual Startup Time": 0.297,"Actual Total Time": 225.611,"Actual Rows": 39876,"Actual Loops": 3,"Inner Unique": false,"Workers": [],"Plans": [{"Node Type": "Hash Join","Parent Relationship": "Outer","Parallel Aware": false,"Async Capable": false,"Join Type": "Inner","Startup Cost": 1.40,"Total Cost": 4403.27,"Plan Rows": 4900,"Plan Width": 108,"Actual Startup Time": 0.174,"Actual Total Time": 46.988,"Actual Rows": 3978,"Actual Loops": 3,"Inner Unique": true,"Hash Cond": "(customer.c_nationkey = n2.n_nationkey)","Workers": [],"Plans": [{"Node Type": "Seq Scan","Parent Relationship": "Outer","Parallel Aware": true,"Async Capable": false,"Relation Name": "customer","Alias": "customer","Startup Cost": 0.00,"Total Cost": 4210.00,"Plan Rows": 62500,"Plan Width": 8,"Actual Startup Time": 0.012,"Actual Total Time": 9.617,"Actual Rows": 50000,"Actual Loops": 3,"Workers": []},{"Node Type": "Hash","Parent Relationship": "Inner","Parallel Aware": false,"Async Capable": false,"Startup Cost": 1.38,"Total Cost": 1.38,"Plan Rows": 2,"Plan Width": 108,"Actual Startup Time": 0.065,"Actual Total Time": 0.071,"Actual Rows": 2,"Actual Loops": 3,"Hash Buckets": 1024,"Original Hash Buckets": 1024,"Hash Batches": 1,"Original Hash Batches": 1,"Peak Memory Usage": 9,"Workers": [],"Plans": [{"Node Type": "Seq Scan","Parent Relationship": "Outer","Parallel Aware": false,"Async Capable": false,"Relation Name": "nation","Alias": "n2","Startup Cost": 0.00,"Total Cost": 1.38,"Plan Rows": 2,"Plan Width": 108,"Actual Startup Time": 0.048,"Actual Total Time": 0.055,"Actual Rows": 2,"Actual Loops": 3,"Filter": "((n_name = 'UNITED STATES'::bpchar) OR (n_name = 'ETHIOPIA'::bpchar))","Rows Removed by Filter": 23,"Workers": []}]}]},{"Node Type": "Index Scan","Parent Relationship": "Inner","Parallel Aware": false,"Async Capable": false,"Scan Direction": "Forward","Index Name": "idx_orders_custkey","Relation Name": "orders","Alias": "orders","Startup Cost": 0.43,"Total Cost": 1.46,"Plan Rows": 17,"Plan Width": 8,"Actual Startup Time": 0.007,"Actual Total Time": 0.044,"Actual Rows": 10,"Actual Loops": 11935,"Index Cond": "(o_custkey = customer.c_custkey)","Rows Removed by Index Recheck": 0,"Workers": []}]},{"Node Type": "Index Scan","Parent Relationship": "Inner","Parallel Aware": false,"Async Capable": false,"Scan Direction": "Forward","Index Name": "idx_lineitem_orderkey","Relation Name": "lineitem","Alias": "lineitem","Startup Cost": 0.43,"Total Cost": 1.14,"Plan Rows": 5,"Plan Width": 24,"Actual Startup Time": 0.016,"Actual Total Time": 0.017,"Actual Rows": 1,"Actual Loops": 119627,"Index Cond": "(l_orderkey = orders.o_orderkey)","Rows Removed by Index Recheck": 0,"Filter": "((l_shipdate >= '1995-01-01'::date) AND (l_shipdate <= '1996-12-31'::date))","Rows Removed by Filter": 3,"Workers": []}]},{"Node Type": "Hash","Parent Relationship": "Inner","Parallel Aware": false,"Async Capable": false,"Startup Cost": 354.10,"Total Cost": 354.10,"Plan Rows": 784,"Plan Width": 108,"Actual Startup Time": 9.140,"Actual Total Time": 9.153,"Actual Rows": 773,"Actual Loops": 3,"Hash Buckets": 1024,"Original Hash Buckets": 1024,"Hash Batches": 1,"Original Hash Batches": 1,"Peak Memory Usage": 55,"Workers": [],"Plans": [{"Node Type": "Hash Join","Parent Relationship": "Outer","Parallel Aware": false,"Async Capable": false,"Join Type": "Inner","Startup Cost": 1.40,"Total Cost": 354.10,"Plan Rows": 784,"Plan Width": 108,"Actual Startup Time": 0.078,"Actual Total Time": 8.947,"Actual Rows": 773,"Actual Loops": 3,"Inner Unique": true,"Hash Cond": "(supplier.s_nationkey = n1.n_nationkey)","Workers": [],"Plans": [{"Node Type": "Seq Scan","Parent Relationship": "Outer","Parallel Aware": false,"Async Capable": false,"Relation Name": "supplier","Alias": "supplier","Startup Cost": 0.00,"Total Cost": 322.00,"Plan Rows": 10000,"Plan Width": 8,"Actual Startup Time": 0.029,"Actual Total Time": 3.943,"Actual Rows": 10000,"Actual Loops": 3,"Workers": []},{"Node Type": "Hash","Parent Relationship": "Inner","Parallel Aware": false,"Async Capable": false,"Startup Cost": 1.38,"Total Cost": 1.38,"Plan Rows": 2,"Plan Width": 108,"Actual Startup Time": 0.015,"Actual Total Time": 0.019,"Actual Rows": 2,"Actual Loops": 3,"Hash Buckets": 1024,"Original Hash Buckets": 1024,"Hash Batches": 1,"Original Hash Batches": 1,"Peak Memory Usage": 9,"Workers": [],"Plans": [{"Node Type": "Seq Scan","Parent Relationship": "Outer","Parallel Aware": false,"Async Capable": false,"Relation Name": "nation","Alias": "n1","Startup Cost": 0.00,"Total Cost": 1.38,"Plan Rows": 2,"Plan Width": 108,"Actual Startup Time": 0.005,"Actual Total Time": 0.010,"Actual Rows": 2,"Actual Loops": 3,"Filter": "((n_name = 'ETHIOPIA'::bpchar) OR (n_name = 'UNITED STATES'::bpchar))","Rows Removed by Filter": 23,"Workers": []}]}]}]}]}]}]}]}]},"Planning Time": 9.391,"Triggers": [],"Execution Time": 969.719}]
[{"Plan": {"Node Type": "Aggregate","Strategy": "Sorted","Partial Mode": "Finalize","Parallel Aware": false,"Async Capable": false,"Startup Cost": 72556.41,"Total Cost": 73352.71,"Plan Rows": 5893,"Plan Width": 272,"Actual Startup Time": 941.218,"Actual Total Time": 985.858,"Actual Rows": 4,"Actual Loops": 1,"Group Key": ["n1.n_name", "n2.n_name", "(EXTRACT(year FROM lineitem.l_shipdate))"],"Plans": [{"Node Type": "Gather Merge","Parent Relationship": "Outer","Parallel Aware": false,"Async Capable": false,"Startup Cost": 72556.41,"Total Cost": 73202.94,"Plan Rows": 4910,"Plan Width": 272,"Actual Startup Time": 940.928,"Actual Total Time": 985.789,"Actual Rows": 12,"Actual Loops": 1,"Workers Planned": 2,"Workers Launched": 2,"Plans": [{"Node Type": "Aggregate","Strategy": "Sorted","Partial Mode": "Partial","Parent Relationship": "Outer","Parallel Aware": false,"Async Capable": false,"Startup Cost": 71556.39,"Total Cost": 71636.18,"Plan Rows": 2455,"Plan Width": 272,"Actual Startup Time": 932.256,"Actual Total Time": 932.953,"Actual Rows": 4,"Actual Loops": 3,"Group Key": ["n1.n_name", "n2.n_name", "(EXTRACT(year FROM lineitem.l_shipdate))"],"Workers": [],"Plans": [{"Node Type": "Sort","Parent Relationship": "Outer","Parallel Aware": false,"Async Capable": false,"Startup Cost": 71556.39,"Total Cost": 71562.53,"Plan Rows": 2455,"Plan Width": 252,"Actual Startup Time": 931.986,"Actual Total Time": 932.096,"Actual Rows": 2017,"Actual Loops": 3,"Sort Key": ["n1.n_name", "n2.n_name", "(EXTRACT(year FROM lineitem.l_shipdate))"],"Sort Method": "quicksort","Sort Space Used": 323,"Sort Space Type": "Memory","Workers": [{"Worker Number": 0,"Sort Method": "quicksort","Sort Space Used": 261,"Sort Space Type": "Memory"},{"Worker Number": 1,"Sort Method": "quicksort","Sort Space Used": 271,"Sort Space Type": "Memory"}],"Plans": [{"Node Type": "Hash Join","Parent Relationship": "Outer","Parallel Aware": false,"Async Capable": false,"Join Type": "Inner","Startup Cost": 366.16,"Total Cost": 71418.15,"Plan Rows": 2455,"Plan Width": 252,"Actual Startup Time": 8.320,"Actual Total Time": 930.074,"Actual Rows": 2017,"Actual Loops": 3,"Inner Unique": false,"Hash Cond": "(lineitem.l_suppkey = supplier.s_suppkey)","Join Filter": "(((n1.n_name = 'FRANCE'::bpchar) AND (n2.n_name = 'INDONESIA'::bpchar)) OR ((n1.n_name = 'INDONESIA'::bpchar) AND (n2.n_name = 'FRANCE'::bpchar)))","Rows Removed by Join Filter": 2024,"Workers": [],"Plans": [{"Node Type": "Nested Loop","Parent Relationship": "Outer","Parallel Aware": false,"Async Capable": false,"Join Type": "Inner","Startup Cost": 2.26,"Total Cost": 70727.78,"Plan Rows": 60250,"Plan Width": 124,"Actual Startup Time": 0.571,"Actual Total Time": 915.636,"Actual Rows": 50259,"Actual Loops": 3,"Inner Unique": false,"Workers": [],"Plans": [{"Node Type": "Nested Loop","Parent Relationship": "Outer","Parallel Aware": false,"Async Capable": false,"Join Type": "Inner","Startup Cost": 1.83,"Total Cost": 12400.01,"Plan Rows": 49000,"Plan Width": 108,"Actual Startup Time": 0.328,"Actual Total Time": 225.822,"Actual Rows": 40992,"Actual Loops": 3,"Inner Unique": false,"Workers": [],"Plans": [{"Node Type": "Hash Join","Parent Relationship": "Outer","Parallel Aware": false,"Async Capable": false,"Join Type": "Inner","Startup Cost": 1.40,"Total Cost": 4403.27,"Plan Rows": 4900,"Plan Width": 108,"Actual Startup Time": 0.191,"Actual Total Time": 43.469,"Actual Rows": 4087,"Actual Loops": 3,"Inner Unique": true,"Hash Cond": "(customer.c_nationkey = n2.n_nationkey)","Workers": [],"Plans": [{"Node Type": "Seq Scan","Parent Relationship": "Outer","Parallel Aware": true,"Async Capable": false,"Relation Name": "customer","Alias": "customer","Startup Cost": 0.00,"Total Cost": 4210.00,"Plan Rows": 62500,"Plan Width": 8,"Actual Startup Time": 0.015,"Actual Total Time": 9.111,"Actual Rows": 50000,"Actual Loops": 3,"Workers": []},{"Node Type": "Hash","Parent Relationship": "Inner","Parallel Aware": false,"Async Capable": false,"Startup Cost": 1.38,"Total Cost": 1.38,"Plan Rows": 2,"Plan Width": 108,"Actual Startup Time": 0.079,"Actual Total Time": 0.085,"Actual Rows": 2,"Actual Loops": 3,"Hash Buckets": 1024,"Original Hash Buckets": 1024,"Hash Batches": 1,"Original Hash Batches": 1,"Peak Memory Usage": 9,"Workers": [],"Plans": [{"Node Type": "Seq Scan","Parent Relationship": "Outer","Parallel Aware": false,"Async Capable": false,"Relation Name": "nation","Alias": "n2","Startup Cost": 0.00,"Total Cost": 1.38,"Plan Rows": 2,"Plan Width": 108,"Actual Startup Time": 0.057,"Actual Total Time": 0.066,"Actual Rows": 2,"Actual Loops": 3,"Filter": "((n_name = 'INDONESIA'::bpchar) OR (n_name = 'FRANCE'::bpchar))","Rows Removed by Filter": 23,"Workers": []}]}]},{"Node Type": "Index Scan","Parent Relationship": "Inner","Parallel Aware": false,"Async Capable": false,"Scan Direction": "Forward","Index Name": "idx_orders_custkey","Relation Name": "orders","Alias": "orders","Startup Cost": 0.43,"Total Cost": 1.46,"Plan Rows": 17,"Plan Width": 8,"Actual Startup Time": 0.007,"Actual Total Time": 0.043,"Actual Rows": 10,"Actual Loops": 12261,"Index Cond": "(o_custkey = customer.c_custkey)","Rows Removed by Index Recheck": 0,"Workers": []}]},{"Node Type": "Index Scan","Parent Relationship": "Inner","Parallel Aware": false,"Async Capable": false,"Scan Direction": "Forward","Index Name": "idx_lineitem_orderkey","Relation Name": "lineitem","Alias": "lineitem","Startup Cost": 0.43,"Total Cost": 1.14,"Plan Rows": 5,"Plan Width": 24,"Actual Startup Time": 0.016,"Actual Total Time": 0.017,"Actual Rows": 1,"Actual Loops": 122977,"Index Cond": "(l_orderkey = orders.o_orderkey)","Rows Removed by Index Recheck": 0,"Filter": "((l_shipdate >= '1995-01-01'::date) AND (l_shipdate <= '1996-12-31'::date))","Rows Removed by Filter": 3,"Workers": []}]},{"Node Type": "Hash","Parent Relationship": "Inner","Parallel Aware": false,"Async Capable": false,"Startup Cost": 354.10,"Total Cost": 354.10,"Plan Rows": 784,"Plan Width": 108,"Actual Startup Time": 7.164,"Actual Total Time": 7.175,"Actual Rows": 807,"Actual Loops": 3,"Hash Buckets": 1024,"Original Hash Buckets": 1024,"Hash Batches": 1,"Original Hash Batches": 1,"Peak Memory Usage": 57,"Workers": [],"Plans": [{"Node Type": "Hash Join","Parent Relationship": "Outer","Parallel Aware": false,"Async Capable": false,"Join Type": "Inner","Startup Cost": 1.40,"Total Cost": 354.10,"Plan Rows": 784,"Plan Width": 108,"Actual Startup Time": 0.088,"Actual Total Time": 6.971,"Actual Rows": 807,"Actual Loops": 3,"Inner Unique": true,"Hash Cond": "(supplier.s_nationkey = n1.n_nationkey)","Workers": [],"Plans": [{"Node Type": "Seq Scan","Parent Relationship": "Outer","Parallel Aware": false,"Async Capable": false,"Relation Name": "supplier","Alias": "supplier","Startup Cost": 0.00,"Total Cost": 322.00,"Plan Rows": 10000,"Plan Width": 8,"Actual Startup Time": 0.038,"Actual Total Time": 3.772,"Actual Rows": 10000,"Actual Loops": 3,"Workers": []},{"Node Type": "Hash","Parent Relationship": "Inner","Parallel Aware": false,"Async Capable": false,"Startup Cost": 1.38,"Total Cost": 1.38,"Plan Rows": 2,"Plan Width": 108,"Actual Startup Time": 0.016,"Actual Total Time": 0.020,"Actual Rows": 2,"Actual Loops": 3,"Hash Buckets": 1024,"Original Hash Buckets": 1024,"Hash Batches": 1,"Original Hash Batches": 1,"Peak Memory Usage": 9,"Workers": [],"Plans": [{"Node Type": "Seq Scan","Parent Relationship": "Outer","Parallel Aware": false,"Async Capable": false,"Relation Name": "nation","Alias": "n1","Startup Cost": 0.00,"Total Cost": 1.38,"Plan Rows": 2,"Plan Width": 108,"Actual Startup Time": 0.006,"Actual Total Time": 0.011,"Actual Rows": 2,"Actual Loops": 3,"Filter": "((n_name = 'FRANCE'::bpchar) OR (n_name = 'INDONESIA'::bpchar))","Rows Removed by Filter": 23,"Workers": []}]}]}]}]}]}]}]}]},"Planning Time": 8.549,"Triggers": [],"Execution Time": 986.379}]
[{"Plan": {"Node Type": "Aggregate","Strategy": "Sorted","Partial Mode": "Finalize","Parallel Aware": false,"Async Capable": false,"Startup Cost": 72556.41,"Total Cost": 73352.71,"Plan Rows": 5893,"Plan Width": 272,"Actual Startup Time": 931.848,"Actual Total Time": 975.241,"Actual Rows": 4,"Actual Loops": 1,"Group Key": ["n1.n_name", "n2.n_name", "(EXTRACT(year FROM lineitem.l_shipdate))"],"Plans": [{"Node Type": "Gather Merge","Parent Relationship": "Outer","Parallel Aware": false,"Async Capable": false,"Startup Cost": 72556.41,"Total Cost": 73202.94,"Plan Rows": 4910,"Plan Width": 272,"Actual Startup Time": 931.521,"Actual Total Time": 975.164,"Actual Rows": 12,"Actual Loops": 1,"Workers Planned": 2,"Workers Launched": 2,"Plans": [{"Node Type": "Aggregate","Strategy": "Sorted","Partial Mode": "Partial","Parent Relationship": "Outer","Parallel Aware": false,"Async Capable": false,"Startup Cost": 71556.39,"Total Cost": 71636.18,"Plan Rows": 2455,"Plan Width": 272,"Actual Startup Time": 922.584,"Actual Total Time": 923.305,"Actual Rows": 4,"Actual Loops": 3,"Group Key": ["n1.n_name", "n2.n_name", "(EXTRACT(year FROM lineitem.l_shipdate))"],"Workers": [],"Plans": [{"Node Type": "Sort","Parent Relationship": "Outer","Parallel Aware": false,"Async Capable": false,"Startup Cost": 71556.39,"Total Cost": 71562.53,"Plan Rows": 2455,"Plan Width": 252,"Actual Startup Time": 922.298,"Actual Total Time": 922.413,"Actual Rows": 1975,"Actual Loops": 3,"Sort Key": ["n1.n_name", "n2.n_name", "(EXTRACT(year FROM lineitem.l_shipdate))"],"Sort Method": "quicksort","Sort Space Used": 323,"Sort Space Type": "Memory","Workers": [{"Worker Number": 0,"Sort Method": "quicksort","Sort Space Used": 255,"Sort Space Type": "Memory"},{"Worker Number": 1,"Sort Method": "quicksort","Sort Space Used": 263,"Sort Space Type": "Memory"}],"Plans": [{"Node Type": "Hash Join","Parent Relationship": "Outer","Parallel Aware": false,"Async Capable": false,"Join Type": "Inner","Startup Cost": 366.16,"Total Cost": 71418.15,"Plan Rows": 2455,"Plan Width": 252,"Actual Startup Time": 12.849,"Actual Total Time": 920.498,"Actual Rows": 1975,"Actual Loops": 3,"Inner Unique": false,"Hash Cond": "(lineitem.l_suppkey = supplier.s_suppkey)","Join Filter": "(((n1.n_name = 'GERMANY'::bpchar) AND (n2.n_name = 'FRANCE'::bpchar)) OR ((n1.n_name = 'FRANCE'::bpchar) AND (n2.n_name = 'GERMANY'::bpchar)))","Rows Removed by Join Filter": 1933,"Workers": [],"Plans": [{"Node Type": "Nested Loop","Parent Relationship": "Outer","Parallel Aware": false,"Async Capable": false,"Join Type": "Inner","Startup Cost": 2.26,"Total Cost": 70727.78,"Plan Rows": 60250,"Plan Width": 124,"Actual Startup Time": 0.780,"Actual Total Time": 902.209,"Actual Rows": 49457,"Actual Loops": 3,"Inner Unique": false,"Workers": [],"Plans": [{"Node Type": "Nested Loop","Parent Relationship": "Outer","Parallel Aware": false,"Async Capable": false,"Join Type": "Inner","Startup Cost": 1.83,"Total Cost": 12400.01,"Plan Rows": 49000,"Plan Width": 108,"Actual Startup Time": 0.323,"Actual Total Time": 222.991,"Actual Rows": 40441,"Actual Loops": 3,"Inner Unique": false,"Workers": [],"Plans": [{"Node Type": "Hash Join","Parent Relationship": "Outer","Parallel Aware": false,"Async Capable": false,"Join Type": "Inner","Startup Cost": 1.40,"Total Cost": 4403.27,"Plan Rows": 4900,"Plan Width": 108,"Actual Startup Time": 0.175,"Actual Total Time": 44.628,"Actual Rows": 4003,"Actual Loops": 3,"Inner Unique": true,"Hash Cond": "(customer.c_nationkey = n2.n_nationkey)","Workers": [],"Plans": [{"Node Type": "Seq Scan","Parent Relationship": "Outer","Parallel Aware": true,"Async Capable": false,"Relation Name": "customer","Alias": "customer","Startup Cost": 0.00,"Total Cost": 4210.00,"Plan Rows": 62500,"Plan Width": 8,"Actual Startup Time": 0.009,"Actual Total Time": 8.944,"Actual Rows": 50000,"Actual Loops": 3,"Workers": []},{"Node Type": "Hash","Parent Relationship": "Inner","Parallel Aware": false,"Async Capable": false,"Startup Cost": 1.38,"Total Cost": 1.38,"Plan Rows": 2,"Plan Width": 108,"Actual Startup Time": 0.075,"Actual Total Time": 0.081,"Actual Rows": 2,"Actual Loops": 3,"Hash Buckets": 1024,"Original Hash Buckets": 1024,"Hash Batches": 1,"Original Hash Batches": 1,"Peak Memory Usage": 9,"Workers": [],"Plans": [{"Node Type": "Seq Scan","Parent Relationship": "Outer","Parallel Aware": false,"Async Capable": false,"Relation Name": "nation","Alias": "n2","Startup Cost": 0.00,"Total Cost": 1.38,"Plan Rows": 2,"Plan Width": 108,"Actual Startup Time": 0.058,"Actual Total Time": 0.064,"Actual Rows": 2,"Actual Loops": 3,"Filter": "((n_name = 'FRANCE'::bpchar) OR (n_name = 'GERMANY'::bpchar))","Rows Removed by Filter": 23,"Workers": []}]}]},{"Node Type": "Index Scan","Parent Relationship": "Inner","Parallel Aware": false,"Async Capable": false,"Scan Direction": "Forward","Index Name": "idx_orders_custkey","Relation Name": "orders","Alias": "orders","Startup Cost": 0.43,"Total Cost": 1.46,"Plan Rows": 17,"Plan Width": 8,"Actual Startup Time": 0.007,"Actual Total Time": 0.043,"Actual Rows": 10,"Actual Loops": 12008,"Index Cond": "(o_custkey = customer.c_custkey)","Rows Removed by Index Recheck": 0,"Workers": []}]},{"Node Type": "Index Scan","Parent Relationship": "Inner","Parallel Aware": false,"Async Capable": false,"Scan Direction": "Forward","Index Name": "idx_lineitem_orderkey","Relation Name": "lineitem","Alias": "lineitem","Startup Cost": 0.43,"Total Cost": 1.14,"Plan Rows": 5,"Plan Width": 24,"Actual Startup Time": 0.016,"Actual Total Time": 0.017,"Actual Rows": 1,"Actual Loops": 121324,"Index Cond": "(l_orderkey = orders.o_orderkey)","Rows Removed by Index Recheck": 0,"Filter": "((l_shipdate >= '1995-01-01'::date) AND (l_shipdate <= '1996-12-31'::date))","Rows Removed by Filter": 3,"Workers": []}]},{"Node Type": "Hash","Parent Relationship": "Inner","Parallel Aware": false,"Async Capable": false,"Startup Cost": 354.10,"Total Cost": 354.10,"Plan Rows": 784,"Plan Width": 108,"Actual Startup Time": 11.219,"Actual Total Time": 11.233,"Actual Rows": 798,"Actual Loops": 3,"Hash Buckets": 1024,"Original Hash Buckets": 1024,"Hash Batches": 1,"Original Hash Batches": 1,"Peak Memory Usage": 57,"Workers": [],"Plans": [{"Node Type": "Hash Join","Parent Relationship": "Outer","Parallel Aware": false,"Async Capable": false,"Join Type": "Inner","Startup Cost": 1.40,"Total Cost": 354.10,"Plan Rows": 784,"Plan Width": 108,"Actual Startup Time": 0.084,"Actual Total Time": 11.031,"Actual Rows": 798,"Actual Loops": 3,"Inner Unique": true,"Hash Cond": "(supplier.s_nationkey = n1.n_nationkey)","Workers": [],"Plans": [{"Node Type": "Seq Scan","Parent Relationship": "Outer","Parallel Aware": false,"Async Capable": false,"Relation Name": "supplier","Alias": "supplier","Startup Cost": 0.00,"Total Cost": 322.00,"Plan Rows": 10000,"Plan Width": 8,"Actual Startup Time": 0.030,"Actual Total Time": 4.409,"Actual Rows": 10000,"Actual Loops": 3,"Workers": []},{"Node Type": "Hash","Parent Relationship": "Inner","Parallel Aware": false,"Async Capable": false,"Startup Cost": 1.38,"Total Cost": 1.38,"Plan Rows": 2,"Plan Width": 108,"Actual Startup Time": 0.016,"Actual Total Time": 0.019,"Actual Rows": 2,"Actual Loops": 3,"Hash Buckets": 1024,"Original Hash Buckets": 1024,"Hash Batches": 1,"Original Hash Batches": 1,"Peak Memory Usage": 9,"Workers": [],"Plans": [{"Node Type": "Seq Scan","Parent Relationship": "Outer","Parallel Aware": false,"Async Capable": false,"Relation Name": "nation","Alias": "n1","Startup Cost": 0.00,"Total Cost": 1.38,"Plan Rows": 2,"Plan Width": 108,"Actual Startup Time": 0.006,"Actual Total Time": 0.010,"Actual Rows": 2,"Actual Loops": 3,"Filter": "((n_name = 'GERMANY'::bpchar) OR (n_name = 'FRANCE'::bpchar))","Rows Removed by Filter": 23,"Workers": []}]}]}]}]}]}]}]}]},"Planning Time": 8.317,"Triggers": [],"Execution Time": 975.667}]
[{"Plan": {"Node Type": "Aggregate","Strategy": "Sorted","Partial Mode": "Finalize","Parallel Aware": false,"Async Capable": false,"Startup Cost": 72556.41,"Total Cost": 73352.71,"Plan Rows": 5893,"Plan Width": 272,"Actual Startup Time": 910.456,"Actual Total Time": 953.359,"Actual Rows": 4,"Actual Loops": 1,"Group Key": ["n1.n_name", "n2.n_name", "(EXTRACT(year FROM lineitem.l_shipdate))"],"Plans": [{"Node Type": "Gather Merge","Parent Relationship": "Outer","Parallel Aware": false,"Async Capable": false,"Startup Cost": 72556.41,"Total Cost": 73202.94,"Plan Rows": 4910,"Plan Width": 272,"Actual Startup Time": 910.124,"Actual Total Time": 953.291,"Actual Rows": 12,"Actual Loops": 1,"Workers Planned": 2,"Workers Launched": 2,"Plans": [{"Node Type": "Aggregate","Strategy": "Sorted","Partial Mode": "Partial","Parent Relationship": "Outer","Parallel Aware": false,"Async Capable": false,"Startup Cost": 71556.39,"Total Cost": 71636.18,"Plan Rows": 2455,"Plan Width": 272,"Actual Startup Time": 902.273,"Actual Total Time": 902.931,"Actual Rows": 4,"Actual Loops": 3,"Group Key": ["n1.n_name", "n2.n_name", "(EXTRACT(year FROM lineitem.l_shipdate))"],"Workers": [],"Plans": [{"Node Type": "Sort","Parent Relationship": "Outer","Parallel Aware": false,"Async Capable": false,"Startup Cost": 71556.39,"Total Cost": 71562.53,"Plan Rows": 2455,"Plan Width": 252,"Actual Startup Time": 902.017,"Actual Total Time": 902.124,"Actual Rows": 1915,"Actual Loops": 3,"Sort Key": ["n1.n_name", "n2.n_name", "(EXTRACT(year FROM lineitem.l_shipdate))"],"Sort Method": "quicksort","Sort Space Used": 268,"Sort Space Type": "Memory","Workers": [{"Worker Number": 0,"Sort Method": "quicksort","Sort Space Used": 251,"Sort Space Type": "Memory"},{"Worker Number": 1,"Sort Method": "quicksort","Sort Space Used": 255,"Sort Space Type": "Memory"}],"Plans": [{"Node Type": "Hash Join","Parent Relationship": "Outer","Parallel Aware": false,"Async Capable": false,"Join Type": "Inner","Startup Cost": 366.16,"Total Cost": 71418.15,"Plan Rows": 2455,"Plan Width": 252,"Actual Startup Time": 11.670,"Actual Total Time": 900.219,"Actual Rows": 1915,"Actual Loops": 3,"Inner Unique": false,"Hash Cond": "(lineitem.l_suppkey = supplier.s_suppkey)","Join Filter": "(((n1.n_name = 'UNITED KINGDOM'::bpchar) AND (n2.n_name = 'EGYPT'::bpchar)) OR ((n1.n_name = 'EGYPT'::bpchar) AND (n2.n_name = 'UNITED KINGDOM'::bpchar)))","Rows Removed by Join Filter": 1982,"Workers": [],"Plans": [{"Node Type": "Nested Loop","Parent Relationship": "Outer","Parallel Aware": false,"Async Capable": false,"Join Type": "Inner","Startup Cost": 2.26,"Total Cost": 70727.78,"Plan Rows": 60250,"Plan Width": 124,"Actual Startup Time": 0.669,"Actual Total Time": 882.746,"Actual Rows": 48300,"Actual Loops": 3,"Inner Unique": false,"Workers": [],"Plans": [{"Node Type": "Nested Loop","Parent Relationship": "Outer","Parallel Aware": false,"Async Capable": false,"Join Type": "Inner","Startup Cost": 1.83,"Total Cost": 12400.01,"Plan Rows": 49000,"Plan Width": 108,"Actual Startup Time": 0.302,"Actual Total Time": 218.468,"Actual Rows": 39522,"Actual Loops": 3,"Inner Unique": false,"Workers": [],"Plans": [{"Node Type": "Hash Join","Parent Relationship": "Outer","Parallel Aware": false,"Async Capable": false,"Join Type": "Inner","Startup Cost": 1.40,"Total Cost": 4403.27,"Plan Rows": 4900,"Plan Width": 108,"Actual Startup Time": 0.198,"Actual Total Time": 42.886,"Actual Rows": 4002,"Actual Loops": 3,"Inner Unique": true,"Hash Cond": "(customer.c_nationkey = n2.n_nationkey)","Workers": [],"Plans": [{"Node Type": "Seq Scan","Parent Relationship": "Outer","Parallel Aware": true,"Async Capable": false,"Relation Name": "customer","Alias": "customer","Startup Cost": 0.00,"Total Cost": 4210.00,"Plan Rows": 62500,"Plan Width": 8,"Actual Startup Time": 0.021,"Actual Total Time": 8.952,"Actual Rows": 50000,"Actual Loops": 3,"Workers": []},{"Node Type": "Hash","Parent Relationship": "Inner","Parallel Aware": false,"Async Capable": false,"Startup Cost": 1.38,"Total Cost": 1.38,"Plan Rows": 2,"Plan Width": 108,"Actual Startup Time": 0.066,"Actual Total Time": 0.071,"Actual Rows": 2,"Actual Loops": 3,"Hash Buckets": 1024,"Original Hash Buckets": 1024,"Hash Batches": 1,"Original Hash Batches": 1,"Peak Memory Usage": 9,"Workers": [],"Plans": [{"Node Type": "Seq Scan","Parent Relationship": "Outer","Parallel Aware": false,"Async Capable": false,"Relation Name": "nation","Alias": "n2","Startup Cost": 0.00,"Total Cost": 1.38,"Plan Rows": 2,"Plan Width": 108,"Actual Startup Time": 0.050,"Actual Total Time": 0.056,"Actual Rows": 2,"Actual Loops": 3,"Filter": "((n_name = 'EGYPT'::bpchar) OR (n_name = 'UNITED KINGDOM'::bpchar))","Rows Removed by Filter": 23,"Workers": []}]}]},{"Node Type": "Index Scan","Parent Relationship": "Inner","Parallel Aware": false,"Async Capable": false,"Scan Direction": "Forward","Index Name": "idx_orders_custkey","Relation Name": "orders","Alias": "orders","Startup Cost": 0.43,"Total Cost": 1.46,"Plan Rows": 17,"Plan Width": 8,"Actual Startup Time": 0.007,"Actual Total Time": 0.043,"Actual Rows": 10,"Actual Loops": 12006,"Index Cond": "(o_custkey = customer.c_custkey)","Rows Removed by Index Recheck": 0,"Workers": []}]},{"Node Type": "Index Scan","Parent Relationship": "Inner","Parallel Aware": false,"Async Capable": false,"Scan Direction": "Forward","Index Name": "idx_lineitem_orderkey","Relation Name": "lineitem","Alias": "lineitem","Startup Cost": 0.43,"Total Cost": 1.14,"Plan Rows": 5,"Plan Width": 24,"Actual Startup Time": 0.016,"Actual Total Time": 0.017,"Actual Rows": 1,"Actual Loops": 118566,"Index Cond": "(l_orderkey = orders.o_orderkey)","Rows Removed by Index Recheck": 0,"Filter": "((l_shipdate >= '1995-01-01'::date) AND (l_shipdate <= '1996-12-31'::date))","Rows Removed by Filter": 3,"Workers": []}]},{"Node Type": "Hash","Parent Relationship": "Inner","Parallel Aware": false,"Async Capable": false,"Startup Cost": 354.10,"Total Cost": 354.10,"Plan Rows": 784,"Plan Width": 108,"Actual Startup Time": 10.373,"Actual Total Time": 10.390,"Actual Rows": 805,"Actual Loops": 3,"Hash Buckets": 1024,"Original Hash Buckets": 1024,"Hash Batches": 1,"Original Hash Batches": 1,"Peak Memory Usage": 57,"Workers": [],"Plans": [{"Node Type": "Hash Join","Parent Relationship": "Outer","Parallel Aware": false,"Async Capable": false,"Join Type": "Inner","Startup Cost": 1.40,"Total Cost": 354.10,"Plan Rows": 784,"Plan Width": 108,"Actual Startup Time": 0.066,"Actual Total Time": 10.186,"Actual Rows": 805,"Actual Loops": 3,"Inner Unique": true,"Hash Cond": "(supplier.s_nationkey = n1.n_nationkey)","Workers": [],"Plans": [{"Node Type": "Seq Scan","Parent Relationship": "Outer","Parallel Aware": false,"Async Capable": false,"Relation Name": "supplier","Alias": "supplier","Startup Cost": 0.00,"Total Cost": 322.00,"Plan Rows": 10000,"Plan Width": 8,"Actual Startup Time": 0.025,"Actual Total Time": 4.179,"Actual Rows": 10000,"Actual Loops": 3,"Workers": []},{"Node Type": "Hash","Parent Relationship": "Inner","Parallel Aware": false,"Async Capable": false,"Startup Cost": 1.38,"Total Cost": 1.38,"Plan Rows": 2,"Plan Width": 108,"Actual Startup Time": 0.017,"Actual Total Time": 0.024,"Actual Rows": 2,"Actual Loops": 3,"Hash Buckets": 1024,"Original Hash Buckets": 1024,"Hash Batches": 1,"Original Hash Batches": 1,"Peak Memory Usage": 9,"Workers": [],"Plans": [{"Node Type": "Seq Scan","Parent Relationship": "Outer","Parallel Aware": false,"Async Capable": false,"Relation Name": "nation","Alias": "n1","Startup Cost": 0.00,"Total Cost": 1.38,"Plan Rows": 2,"Plan Width": 108,"Actual Startup Time": 0.006,"Actual Total Time": 0.011,"Actual Rows": 2,"Actual Loops": 3,"Filter": "((n_name = 'UNITED KINGDOM'::bpchar) OR (n_name = 'EGYPT'::bpchar))","Rows Removed by Filter": 23,"Workers": []}]}]}]}]}]}]}]}]},"Planning Time": 8.540,"Triggers": [],"Execution Time": 953.803}]
[{"Plan": {"Node Type": "Aggregate","Strategy": "Sorted","Partial Mode": "Finalize","Parallel Aware": false,"Async Capable": false,"Startup Cost": 72556.41,"Total Cost": 73352.71,"Plan Rows": 5893,"Plan Width": 272,"Actual Startup Time": 911.519,"Actual Total Time": 967.475,"Actual Rows": 4,"Actual Loops": 1,"Group Key": ["n1.n_name", "n2.n_name", "(EXTRACT(year FROM lineitem.l_shipdate))"],"Plans": [{"Node Type": "Gather Merge","Parent Relationship": "Outer","Parallel Aware": false,"Async Capable": false,"Startup Cost": 72556.41,"Total Cost": 73202.94,"Plan Rows": 4910,"Plan Width": 272,"Actual Startup Time": 910.804,"Actual Total Time": 967.383,"Actual Rows": 12,"Actual Loops": 1,"Workers Planned": 2,"Workers Launched": 2,"Plans": [{"Node Type": "Aggregate","Strategy": "Sorted","Partial Mode": "Partial","Parent Relationship": "Outer","Parallel Aware": false,"Async Capable": false,"Startup Cost": 71556.39,"Total Cost": 71636.18,"Plan Rows": 2455,"Plan Width": 272,"Actual Startup Time": 902.532,"Actual Total Time": 903.336,"Actual Rows": 4,"Actual Loops": 3,"Group Key": ["n1.n_name", "n2.n_name", "(EXTRACT(year FROM lineitem.l_shipdate))"],"Workers": [],"Plans": [{"Node Type": "Sort","Parent Relationship": "Outer","Parallel Aware": false,"Async Capable": false,"Startup Cost": 71556.39,"Total Cost": 71562.53,"Plan Rows": 2455,"Plan Width": 252,"Actual Startup Time": 902.294,"Actual Total Time": 902.407,"Actual Rows": 1880,"Actual Loops": 3,"Sort Key": ["n1.n_name", "n2.n_name", "(EXTRACT(year FROM lineitem.l_shipdate))"],"Sort Method": "quicksort","Sort Space Used": 254,"Sort Space Type": "Memory","Workers": [{"Worker Number": 0,"Sort Method": "quicksort","Sort Space Used": 258,"Sort Space Type": "Memory"},{"Worker Number": 1,"Sort Method": "quicksort","Sort Space Used": 251,"Sort Space Type": "Memory"}],"Plans": [{"Node Type": "Hash Join","Parent Relationship": "Outer","Parallel Aware": false,"Async Capable": false,"Join Type": "Inner","Startup Cost": 366.16,"Total Cost": 71418.15,"Plan Rows": 2455,"Plan Width": 252,"Actual Startup Time": 10.182,"Actual Total Time": 900.524,"Actual Rows": 1880,"Actual Loops": 3,"Inner Unique": false,"Hash Cond": "(lineitem.l_suppkey = supplier.s_suppkey)","Join Filter": "(((n1.n_name = 'SAUDI ARABIA'::bpchar) AND (n2.n_name = 'JAPAN'::bpchar)) OR ((n1.n_name = 'JAPAN'::bpchar) AND (n2.n_name = 'SAUDI ARABIA'::bpchar)))","Rows Removed by Join Filter": 1874,"Workers": [],"Plans": [{"Node Type": "Nested Loop","Parent Relationship": "Outer","Parallel Aware": false,"Async Capable": false,"Join Type": "Inner","Startup Cost": 2.26,"Total Cost": 70727.78,"Plan Rows": 60250,"Plan Width": 124,"Actual Startup Time": 0.606,"Actual Total Time": 885.103,"Actual Rows": 47966,"Actual Loops": 3,"Inner Unique": false,"Workers": [],"Plans": [{"Node Type": "Nested Loop","Parent Relationship": "Outer","Parallel Aware": false,"Async Capable": false,"Join Type": "Inner","Startup Cost": 1.83,"Total Cost": 12400.01,"Plan Rows": 49000,"Plan Width": 108,"Actual Startup Time": 0.384,"Actual Total Time": 222.543,"Actual Rows": 39286,"Actual Loops": 3,"Inner Unique": false,"Workers": [],"Plans": [{"Node Type": "Hash Join","Parent Relationship": "Outer","Parallel Aware": false,"Async Capable": false,"Join Type": "Inner","Startup Cost": 1.40,"Total Cost": 4403.27,"Plan Rows": 4900,"Plan Width": 108,"Actual Startup Time": 0.203,"Actual Total Time": 45.801,"Actual Rows": 3951,"Actual Loops": 3,"Inner Unique": true,"Hash Cond": "(customer.c_nationkey = n2.n_nationkey)","Workers": [],"Plans": [{"Node Type": "Seq Scan","Parent Relationship": "Outer","Parallel Aware": true,"Async Capable": false,"Relation Name": "customer","Alias": "customer","Startup Cost": 0.00,"Total Cost": 4210.00,"Plan Rows": 62500,"Plan Width": 8,"Actual Startup Time": 0.012,"Actual Total Time": 9.589,"Actual Rows": 50000,"Actual Loops": 3,"Workers": []},{"Node Type": "Hash","Parent Relationship": "Inner","Parallel Aware": false,"Async Capable": false,"Startup Cost": 1.38,"Total Cost": 1.38,"Plan Rows": 2,"Plan Width": 108,"Actual Startup Time": 0.091,"Actual Total Time": 0.094,"Actual Rows": 2,"Actual Loops": 3,"Hash Buckets": 1024,"Original Hash Buckets": 1024,"Hash Batches": 1,"Original Hash Batches": 1,"Peak Memory Usage": 9,"Workers": [],"Plans": [{"Node Type": "Seq Scan","Parent Relationship": "Outer","Parallel Aware": false,"Async Capable": false,"Relation Name": "nation","Alias": "n2","Startup Cost": 0.00,"Total Cost": 1.38,"Plan Rows": 2,"Plan Width": 108,"Actual Startup Time": 0.074,"Actual Total Time": 0.079,"Actual Rows": 2,"Actual Loops": 3,"Filter": "((n_name = 'JAPAN'::bpchar) OR (n_name = 'SAUDI ARABIA'::bpchar))","Rows Removed by Filter": 23,"Workers": []}]}]},{"Node Type": "Index Scan","Parent Relationship": "Inner","Parallel Aware": false,"Async Capable": false,"Scan Direction": "Forward","Index Name": "idx_orders_custkey","Relation Name": "orders","Alias": "orders","Startup Cost": 0.43,"Total Cost": 1.46,"Plan Rows": 17,"Plan Width": 8,"Actual Startup Time": 0.007,"Actual Total Time": 0.043,"Actual Rows": 10,"Actual Loops": 11852,"Index Cond": "(o_custkey = customer.c_custkey)","Rows Removed by Index Recheck": 0,"Workers": []}]},{"Node Type": "Index Scan","Parent Relationship": "Inner","Parallel Aware": false,"Async Capable": false,"Scan Direction": "Forward","Index Name": "idx_lineitem_orderkey","Relation Name": "lineitem","Alias": "lineitem","Startup Cost": 0.43,"Total Cost": 1.14,"Plan Rows": 5,"Plan Width": 24,"Actual Startup Time": 0.016,"Actual Total Time": 0.017,"Actual Rows": 1,"Actual Loops": 117858,"Index Cond": "(l_orderkey = orders.o_orderkey)","Rows Removed by Index Recheck": 0,"Filter": "((l_shipdate >= '1995-01-01'::date) AND (l_shipdate <= '1996-12-31'::date))","Rows Removed by Filter": 3,"Workers": []}]},{"Node Type": "Hash","Parent Relationship": "Inner","Parallel Aware": false,"Async Capable": false,"Startup Cost": 354.10,"Total Cost": 354.10,"Plan Rows": 784,"Plan Width": 108,"Actual Startup Time": 8.426,"Actual Total Time": 8.440,"Actual Rows": 788,"Actual Loops": 3,"Hash Buckets": 1024,"Original Hash Buckets": 1024,"Hash Batches": 1,"Original Hash Batches": 1,"Peak Memory Usage": 56,"Workers": [],"Plans": [{"Node Type": "Hash Join","Parent Relationship": "Outer","Parallel Aware": false,"Async Capable": false,"Join Type": "Inner","Startup Cost": 1.40,"Total Cost": 354.10,"Plan Rows": 784,"Plan Width": 108,"Actual Startup Time": 0.109,"Actual Total Time": 8.210,"Actual Rows": 788,"Actual Loops": 3,"Inner Unique": true,"Hash Cond": "(supplier.s_nationkey = n1.n_nationkey)","Workers": [],"Plans": [{"Node Type": "Seq Scan","Parent Relationship": "Outer","Parallel Aware": false,"Async Capable": false,"Relation Name": "supplier","Alias": "supplier","Startup Cost": 0.00,"Total Cost": 322.00,"Plan Rows": 10000,"Plan Width": 8,"Actual Startup Time": 0.030,"Actual Total Time": 4.428,"Actual Rows": 10000,"Actual Loops": 3,"Workers": []},{"Node Type": "Hash","Parent Relationship": "Inner","Parallel Aware": false,"Async Capable": false,"Startup Cost": 1.38,"Total Cost": 1.38,"Plan Rows": 2,"Plan Width": 108,"Actual Startup Time": 0.021,"Actual Total Time": 0.026,"Actual Rows": 2,"Actual Loops": 3,"Hash Buckets": 1024,"Original Hash Buckets": 1024,"Hash Batches": 1,"Original Hash Batches": 1,"Peak Memory Usage": 9,"Workers": [],"Plans": [{"Node Type": "Seq Scan","Parent Relationship": "Outer","Parallel Aware": false,"Async Capable": false,"Relation Name": "nation","Alias": "n1","Startup Cost": 0.00,"Total Cost": 1.38,"Plan Rows": 2,"Plan Width": 108,"Actual Startup Time": 0.008,"Actual Total Time": 0.014,"Actual Rows": 2,"Actual Loops": 3,"Filter": "((n_name = 'SAUDI ARABIA'::bpchar) OR (n_name = 'JAPAN'::bpchar))","Rows Removed by Filter": 23,"Workers": []}]}]}]}]}]}]}]}]},"Planning Time": 9.025,"Triggers": [],"Execution Time": 967.923}]
[{"Plan": {"Node Type": "Aggregate","Strategy": "Sorted","Partial Mode": "Finalize","Parallel Aware": false,"Async Capable": false,"Startup Cost": 72556.41,"Total Cost": 73352.71,"Plan Rows": 5893,"Plan Width": 272,"Actual Startup Time": 923.669,"Actual Total Time": 967.168,"Actual Rows": 4,"Actual Loops": 1,"Group Key": ["n1.n_name", "n2.n_name", "(EXTRACT(year FROM lineitem.l_shipdate))"],"Plans": [{"Node Type": "Gather Merge","Parent Relationship": "Outer","Parallel Aware": false,"Async Capable": false,"Startup Cost": 72556.41,"Total Cost": 73202.94,"Plan Rows": 4910,"Plan Width": 272,"Actual Startup Time": 922.812,"Actual Total Time": 967.081,"Actual Rows": 12,"Actual Loops": 1,"Workers Planned": 2,"Workers Launched": 2,"Plans": [{"Node Type": "Aggregate","Strategy": "Sorted","Partial Mode": "Partial","Parent Relationship": "Outer","Parallel Aware": false,"Async Capable": false,"Startup Cost": 71556.39,"Total Cost": 71636.18,"Plan Rows": 2455,"Plan Width": 272,"Actual Startup Time": 914.142,"Actual Total Time": 915.033,"Actual Rows": 4,"Actual Loops": 3,"Group Key": ["n1.n_name", "n2.n_name", "(EXTRACT(year FROM lineitem.l_shipdate))"],"Workers": [],"Plans": [{"Node Type": "Sort","Parent Relationship": "Outer","Parallel Aware": false,"Async Capable": false,"Startup Cost": 71556.39,"Total Cost": 71562.53,"Plan Rows": 2455,"Plan Width": 252,"Actual Startup Time": 913.841,"Actual Total Time": 913.971,"Actual Rows": 2015,"Actual Loops": 3,"Sort Key": ["n1.n_name", "n2.n_name", "(EXTRACT(year FROM lineitem.l_shipdate))"],"Sort Method": "quicksort","Sort Space Used": 272,"Sort Space Type": "Memory","Workers": [{"Worker Number": 0,"Sort Method": "quicksort","Sort Space Used": 270,"Sort Space Type": "Memory"},{"Worker Number": 1,"Sort Method": "quicksort","Sort Space Used": 265,"Sort Space Type": "Memory"}],"Plans": [{"Node Type": "Hash Join","Parent Relationship": "Outer","Parallel Aware": false,"Async Capable": false,"Join Type": "Inner","Startup Cost": 366.16,"Total Cost": 71418.15,"Plan Rows": 2455,"Plan Width": 252,"Actual Startup Time": 12.162,"Actual Total Time": 911.979,"Actual Rows": 2015,"Actual Loops": 3,"Inner Unique": false,"Hash Cond": "(lineitem.l_suppkey = supplier.s_suppkey)","Join Filter": "(((n1.n_name = 'RUSSIA'::bpchar) AND (n2.n_name = 'PERU'::bpchar)) OR ((n1.n_name = 'PERU'::bpchar) AND (n2.n_name = 'RUSSIA'::bpchar)))","Rows Removed by Join Filter": 2048,"Workers": [],"Plans": [{"Node Type": "Nested Loop","Parent Relationship": "Outer","Parallel Aware": false,"Async Capable": false,"Join Type": "Inner","Startup Cost": 2.26,"Total Cost": 70727.78,"Plan Rows": 60250,"Plan Width": 124,"Actual Startup Time": 0.886,"Actual Total Time": 893.963,"Actual Rows": 48954,"Actual Loops": 3,"Inner Unique": false,"Workers": [],"Plans": [{"Node Type": "Nested Loop","Parent Relationship": "Outer","Parallel Aware": false,"Async Capable": false,"Join Type": "Inner","Startup Cost": 1.83,"Total Cost": 12400.01,"Plan Rows": 49000,"Plan Width": 108,"Actual Startup Time": 0.292,"Actual Total Time": 220.326,"Actual Rows": 40171,"Actual Loops": 3,"Inner Unique": false,"Workers": [],"Plans": [{"Node Type": "Hash Join","Parent Relationship": "Outer","Parallel Aware": false,"Async Capable": false,"Join Type": "Inner","Startup Cost": 1.40,"Total Cost": 4403.27,"Plan Rows": 4900,"Plan Width": 108,"Actual Startup Time": 0.206,"Actual Total Time": 43.105,"Actual Rows": 4018,"Actual Loops": 3,"Inner Unique": true,"Hash Cond": "(customer.c_nationkey = n2.n_nationkey)","Workers": [],"Plans": [{"Node Type": "Seq Scan","Parent Relationship": "Outer","Parallel Aware": true,"Async Capable": false,"Relation Name": "customer","Alias": "customer","Startup Cost": 0.00,"Total Cost": 4210.00,"Plan Rows": 62500,"Plan Width": 8,"Actual Startup Time": 0.017,"Actual Total Time": 9.020,"Actual Rows": 50000,"Actual Loops": 3,"Workers": []},{"Node Type": "Hash","Parent Relationship": "Inner","Parallel Aware": false,"Async Capable": false,"Startup Cost": 1.38,"Total Cost": 1.38,"Plan Rows": 2,"Plan Width": 108,"Actual Startup Time": 0.075,"Actual Total Time": 0.079,"Actual Rows": 2,"Actual Loops": 3,"Hash Buckets": 1024,"Original Hash Buckets": 1024,"Hash Batches": 1,"Original Hash Batches": 1,"Peak Memory Usage": 9,"Workers": [],"Plans": [{"Node Type": "Seq Scan","Parent Relationship": "Outer","Parallel Aware": false,"Async Capable": false,"Relation Name": "nation","Alias": "n2","Startup Cost": 0.00,"Total Cost": 1.38,"Plan Rows": 2,"Plan Width": 108,"Actual Startup Time": 0.062,"Actual Total Time": 0.064,"Actual Rows": 2,"Actual Loops": 3,"Filter": "((n_name = 'PERU'::bpchar) OR (n_name = 'RUSSIA'::bpchar))","Rows Removed by Filter": 23,"Workers": []}]}]},{"Node Type": "Index Scan","Parent Relationship": "Inner","Parallel Aware": false,"Async Capable": false,"Scan Direction": "Forward","Index Name": "idx_orders_custkey","Relation Name": "orders","Alias": "orders","Startup Cost": 0.43,"Total Cost": 1.46,"Plan Rows": 17,"Plan Width": 8,"Actual Startup Time": 0.007,"Actual Total Time": 0.043,"Actual Rows": 10,"Actual Loops": 12053,"Index Cond": "(o_custkey = customer.c_custkey)","Rows Removed by Index Recheck": 0,"Workers": []}]},{"Node Type": "Index Scan","Parent Relationship": "Inner","Parallel Aware": false,"Async Capable": false,"Scan Direction": "Forward","Index Name": "idx_lineitem_orderkey","Relation Name": "lineitem","Alias": "lineitem","Startup Cost": 0.43,"Total Cost": 1.14,"Plan Rows": 5,"Plan Width": 24,"Actual Startup Time": 0.016,"Actual Total Time": 0.017,"Actual Rows": 1,"Actual Loops": 120513,"Index Cond": "(l_orderkey = orders.o_orderkey)","Rows Removed by Index Recheck": 0,"Filter": "((l_shipdate >= '1995-01-01'::date) AND (l_shipdate <= '1996-12-31'::date))","Rows Removed by Filter": 3,"Workers": []}]},{"Node Type": "Hash","Parent Relationship": "Inner","Parallel Aware": false,"Async Capable": false,"Startup Cost": 354.10,"Total Cost": 354.10,"Plan Rows": 784,"Plan Width": 108,"Actual Startup Time": 10.959,"Actual Total Time": 10.974,"Actual Rows": 822,"Actual Loops": 3,"Hash Buckets": 1024,"Original Hash Buckets": 1024,"Hash Batches": 1,"Original Hash Batches": 1,"Peak Memory Usage": 58,"Workers": [],"Plans": [{"Node Type": "Hash Join","Parent Relationship": "Outer","Parallel Aware": false,"Async Capable": false,"Join Type": "Inner","Startup Cost": 1.40,"Total Cost": 354.10,"Plan Rows": 784,"Plan Width": 108,"Actual Startup Time": 0.065,"Actual Total Time": 10.783,"Actual Rows": 822,"Actual Loops": 3,"Inner Unique": true,"Hash Cond": "(supplier.s_nationkey = n1.n_nationkey)","Workers": [],"Plans": [{"Node Type": "Seq Scan","Parent Relationship": "Outer","Parallel Aware": false,"Async Capable": false,"Relation Name": "supplier","Alias": "supplier","Startup Cost": 0.00,"Total Cost": 322.00,"Plan Rows": 10000,"Plan Width": 8,"Actual Startup Time": 0.022,"Actual Total Time": 4.174,"Actual Rows": 10000,"Actual Loops": 3,"Workers": []},{"Node Type": "Hash","Parent Relationship": "Inner","Parallel Aware": false,"Async Capable": false,"Startup Cost": 1.38,"Total Cost": 1.38,"Plan Rows": 2,"Plan Width": 108,"Actual Startup Time": 0.014,"Actual Total Time": 0.019,"Actual Rows": 2,"Actual Loops": 3,"Hash Buckets": 1024,"Original Hash Buckets": 1024,"Hash Batches": 1,"Original Hash Batches": 1,"Peak Memory Usage": 9,"Workers": [],"Plans": [{"Node Type": "Seq Scan","Parent Relationship": "Outer","Parallel Aware": false,"Async Capable": false,"Relation Name": "nation","Alias": "n1","Startup Cost": 0.00,"Total Cost": 1.38,"Plan Rows": 2,"Plan Width": 108,"Actual Startup Time": 0.006,"Actual Total Time": 0.010,"Actual Rows": 2,"Actual Loops": 3,"Filter": "((n_name = 'RUSSIA'::bpchar) OR (n_name = 'PERU'::bpchar))","Rows Removed by Filter": 23,"Workers": []}]}]}]}]}]}]}]}]},"Planning Time": 8.187,"Triggers": [],"Execution Time": 967.626}]
[{"Plan": {"Node Type": "Aggregate","Strategy": "Sorted","Partial Mode": "Finalize","Parallel Aware": false,"Async Capable": false,"Startup Cost": 72556.41,"Total Cost": 73352.71,"Plan Rows": 5893,"Plan Width": 272,"Actual Startup Time": 931.045,"Actual Total Time": 973.698,"Actual Rows": 4,"Actual Loops": 1,"Group Key": ["n1.n_name", "n2.n_name", "(EXTRACT(year FROM lineitem.l_shipdate))"],"Plans": [{"Node Type": "Gather Merge","Parent Relationship": "Outer","Parallel Aware": false,"Async Capable": false,"Startup Cost": 72556.41,"Total Cost": 73202.94,"Plan Rows": 4910,"Plan Width": 272,"Actual Startup Time": 930.411,"Actual Total Time": 973.623,"Actual Rows": 12,"Actual Loops": 1,"Workers Planned": 2,"Workers Launched": 2,"Plans": [{"Node Type": "Aggregate","Strategy": "Sorted","Partial Mode": "Partial","Parent Relationship": "Outer","Parallel Aware": false,"Async Capable": false,"Startup Cost": 71556.39,"Total Cost": 71636.18,"Plan Rows": 2455,"Plan Width": 272,"Actual Startup Time": 921.409,"Actual Total Time": 922.269,"Actual Rows": 4,"Actual Loops": 3,"Group Key": ["n1.n_name", "n2.n_name", "(EXTRACT(year FROM lineitem.l_shipdate))"],"Workers": [],"Plans": [{"Node Type": "Sort","Parent Relationship": "Outer","Parallel Aware": false,"Async Capable": false,"Startup Cost": 71556.39,"Total Cost": 71562.53,"Plan Rows": 2455,"Plan Width": 252,"Actual Startup Time": 921.114,"Actual Total Time": 921.228,"Actual Rows": 2023,"Actual Loops": 3,"Sort Key": ["n1.n_name", "n2.n_name", "(EXTRACT(year FROM lineitem.l_shipdate))"],"Sort Method": "quicksort","Sort Space Used": 324,"Sort Space Type": "Memory","Workers": [{"Worker Number": 0,"Sort Method": "quicksort","Sort Space Used": 268,"Sort Space Type": "Memory"},{"Worker Number": 1,"Sort Method": "quicksort","Sort Space Used": 264,"Sort Space Type": "Memory"}],"Plans": [{"Node Type": "Hash Join","Parent Relationship": "Outer","Parallel Aware": false,"Async Capable": false,"Join Type": "Inner","Startup Cost": 366.16,"Total Cost": 71418.15,"Plan Rows": 2455,"Plan Width": 252,"Actual Startup Time": 11.223,"Actual Total Time": 919.064,"Actual Rows": 2023,"Actual Loops": 3,"Inner Unique": false,"Hash Cond": "(lineitem.l_suppkey = supplier.s_suppkey)","Join Filter": "(((n1.n_name = 'ALGERIA'::bpchar) AND (n2.n_name = 'CHINA'::bpchar)) OR ((n1.n_name = 'CHINA'::bpchar) AND (n2.n_name = 'ALGERIA'::bpchar)))","Rows Removed by Join Filter": 2012,"Workers": [],"Plans": [{"Node Type": "Nested Loop","Parent Relationship": "Outer","Parallel Aware": false,"Async Capable": false,"Join Type": "Inner","Startup Cost": 2.26,"Total Cost": 70727.78,"Plan Rows": 60250,"Plan Width": 124,"Actual Startup Time": 0.753,"Actual Total Time": 902.162,"Actual Rows": 48778,"Actual Loops": 3,"Inner Unique": false,"Workers": [],"Plans": [{"Node Type": "Nested Loop","Parent Relationship": "Outer","Parallel Aware": false,"Async Capable": false,"Join Type": "Inner","Startup Cost": 1.83,"Total Cost": 12400.01,"Plan Rows": 49000,"Plan Width": 108,"Actual Startup Time": 0.371,"Actual Total Time": 224.053,"Actual Rows": 40135,"Actual Loops": 3,"Inner Unique": false,"Workers": [],"Plans": [{"Node Type": "Hash Join","Parent Relationship": "Outer","Parallel Aware": false,"Async Capable": false,"Join Type": "Inner","Startup Cost": 1.40,"Total Cost": 4403.27,"Plan Rows": 4900,"Plan Width": 108,"Actual Startup Time": 0.211,"Actual Total Time": 44.825,"Actual Rows": 3983,"Actual Loops": 3,"Inner Unique": true,"Hash Cond": "(customer.c_nationkey = n2.n_nationkey)","Workers": [],"Plans": [{"Node Type": "Seq Scan","Parent Relationship": "Outer","Parallel Aware": true,"Async Capable": false,"Relation Name": "customer","Alias": "customer","Startup Cost": 0.00,"Total Cost": 4210.00,"Plan Rows": 62500,"Plan Width": 8,"Actual Startup Time": 0.013,"Actual Total Time": 9.190,"Actual Rows": 50000,"Actual Loops": 3,"Workers": []},{"Node Type": "Hash","Parent Relationship": "Inner","Parallel Aware": false,"Async Capable": false,"Startup Cost": 1.38,"Total Cost": 1.38,"Plan Rows": 2,"Plan Width": 108,"Actual Startup Time": 0.095,"Actual Total Time": 0.100,"Actual Rows": 2,"Actual Loops": 3,"Hash Buckets": 1024,"Original Hash Buckets": 1024,"Hash Batches": 1,"Original Hash Batches": 1,"Peak Memory Usage": 9,"Workers": [],"Plans": [{"Node Type": "Seq Scan","Parent Relationship": "Outer","Parallel Aware": false,"Async Capable": false,"Relation Name": "nation","Alias": "n2","Startup Cost": 0.00,"Total Cost": 1.38,"Plan Rows": 2,"Plan Width": 108,"Actual Startup Time": 0.072,"Actual Total Time": 0.083,"Actual Rows": 2,"Actual Loops": 3,"Filter": "((n_name = 'CHINA'::bpchar) OR (n_name = 'ALGERIA'::bpchar))","Rows Removed by Filter": 23,"Workers": []}]}]},{"Node Type": "Index Scan","Parent Relationship": "Inner","Parallel Aware": false,"Async Capable": false,"Scan Direction": "Forward","Index Name": "idx_orders_custkey","Relation Name": "orders","Alias": "orders","Startup Cost": 0.43,"Total Cost": 1.46,"Plan Rows": 17,"Plan Width": 8,"Actual Startup Time": 0.007,"Actual Total Time": 0.044,"Actual Rows": 10,"Actual Loops": 11949,"Index Cond": "(o_custkey = customer.c_custkey)","Rows Removed by Index Recheck": 0,"Workers": []}]},{"Node Type": "Index Scan","Parent Relationship": "Inner","Parallel Aware": false,"Async Capable": false,"Scan Direction": "Forward","Index Name": "idx_lineitem_orderkey","Relation Name": "lineitem","Alias": "lineitem","Startup Cost": 0.43,"Total Cost": 1.14,"Plan Rows": 5,"Plan Width": 24,"Actual Startup Time": 0.016,"Actual Total Time": 0.017,"Actual Rows": 1,"Actual Loops": 120406,"Index Cond": "(l_orderkey = orders.o_orderkey)","Rows Removed by Index Recheck": 0,"Filter": "((l_shipdate >= '1995-01-01'::date) AND (l_shipdate <= '1996-12-31'::date))","Rows Removed by Filter": 3,"Workers": []}]},{"Node Type": "Hash","Parent Relationship": "Inner","Parallel Aware": false,"Async Capable": false,"Startup Cost": 354.10,"Total Cost": 354.10,"Plan Rows": 784,"Plan Width": 108,"Actual Startup Time": 9.683,"Actual Total Time": 9.699,"Actual Rows": 827,"Actual Loops": 3,"Hash Buckets": 1024,"Original Hash Buckets": 1024,"Hash Batches": 1,"Original Hash Batches": 1,"Peak Memory Usage": 59,"Workers": [],"Plans": [{"Node Type": "Hash Join","Parent Relationship": "Outer","Parallel Aware": false,"Async Capable": false,"Join Type": "Inner","Startup Cost": 1.40,"Total Cost": 354.10,"Plan Rows": 784,"Plan Width": 108,"Actual Startup Time": 0.081,"Actual Total Time": 9.513,"Actual Rows": 827,"Actual Loops": 3,"Inner Unique": true,"Hash Cond": "(supplier.s_nationkey = n1.n_nationkey)","Workers": [],"Plans": [{"Node Type": "Seq Scan","Parent Relationship": "Outer","Parallel Aware": false,"Async Capable": false,"Relation Name": "supplier","Alias": "supplier","Startup Cost": 0.00,"Total Cost": 322.00,"Plan Rows": 10000,"Plan Width": 8,"Actual Startup Time": 0.030,"Actual Total Time": 3.839,"Actual Rows": 10000,"Actual Loops": 3,"Workers": []},{"Node Type": "Hash","Parent Relationship": "Inner","Parallel Aware": false,"Async Capable": false,"Startup Cost": 1.38,"Total Cost": 1.38,"Plan Rows": 2,"Plan Width": 108,"Actual Startup Time": 0.016,"Actual Total Time": 0.021,"Actual Rows": 2,"Actual Loops": 3,"Hash Buckets": 1024,"Original Hash Buckets": 1024,"Hash Batches": 1,"Original Hash Batches": 1,"Peak Memory Usage": 9,"Workers": [],"Plans": [{"Node Type": "Seq Scan","Parent Relationship": "Outer","Parallel Aware": false,"Async Capable": false,"Relation Name": "nation","Alias": "n1","Startup Cost": 0.00,"Total Cost": 1.38,"Plan Rows": 2,"Plan Width": 108,"Actual Startup Time": 0.004,"Actual Total Time": 0.011,"Actual Rows": 2,"Actual Loops": 3,"Filter": "((n_name = 'ALGERIA'::bpchar) OR (n_name = 'CHINA'::bpchar))","Rows Removed by Filter": 23,"Workers": []}]}]}]}]}]}]}]}]},"Planning Time": 9.389,"Triggers": [],"Execution Time": 974.158}]
[{"Plan": {"Node Type": "Aggregate","Strategy": "Sorted","Partial Mode": "Finalize","Parallel Aware": false,"Async Capable": false,"Startup Cost": 72556.41,"Total Cost": 73352.71,"Plan Rows": 5893,"Plan Width": 272,"Actual Startup Time": 934.011,"Actual Total Time": 978.774,"Actual Rows": 4,"Actual Loops": 1,"Group Key": ["n1.n_name", "n2.n_name", "(EXTRACT(year FROM lineitem.l_shipdate))"],"Plans": [{"Node Type": "Gather Merge","Parent Relationship": "Outer","Parallel Aware": false,"Async Capable": false,"Startup Cost": 72556.41,"Total Cost": 73202.94,"Plan Rows": 4910,"Plan Width": 272,"Actual Startup Time": 933.760,"Actual Total Time": 978.707,"Actual Rows": 12,"Actual Loops": 1,"Workers Planned": 2,"Workers Launched": 2,"Plans": [{"Node Type": "Aggregate","Strategy": "Sorted","Partial Mode": "Partial","Parent Relationship": "Outer","Parallel Aware": false,"Async Capable": false,"Startup Cost": 71556.39,"Total Cost": 71636.18,"Plan Rows": 2455,"Plan Width": 272,"Actual Startup Time": 925.979,"Actual Total Time": 926.643,"Actual Rows": 4,"Actual Loops": 3,"Group Key": ["n1.n_name", "n2.n_name", "(EXTRACT(year FROM lineitem.l_shipdate))"],"Workers": [],"Plans": [{"Node Type": "Sort","Parent Relationship": "Outer","Parallel Aware": false,"Async Capable": false,"Startup Cost": 71556.39,"Total Cost": 71562.53,"Plan Rows": 2455,"Plan Width": 252,"Actual Startup Time": 925.732,"Actual Total Time": 925.830,"Actual Rows": 1761,"Actual Loops": 3,"Sort Key": ["n1.n_name", "n2.n_name", "(EXTRACT(year FROM lineitem.l_shipdate))"],"Sort Method": "quicksort","Sort Space Used": 246,"Sort Space Type": "Memory","Workers": [{"Worker Number": 0,"Sort Method": "quicksort","Sort Space Used": 240,"Sort Space Type": "Memory"},{"Worker Number": 1,"Sort Method": "quicksort","Sort Space Used": 238,"Sort Space Type": "Memory"}],"Plans": [{"Node Type": "Hash Join","Parent Relationship": "Outer","Parallel Aware": false,"Async Capable": false,"Join Type": "Inner","Startup Cost": 366.16,"Total Cost": 71418.15,"Plan Rows": 2455,"Plan Width": 252,"Actual Startup Time": 12.922,"Actual Total Time": 924.017,"Actual Rows": 1761,"Actual Loops": 3,"Inner Unique": false,"Hash Cond": "(lineitem.l_suppkey = supplier.s_suppkey)","Join Filter": "(((n1.n_name = 'MOROCCO'::bpchar) AND (n2.n_name = 'JORDAN'::bpchar)) OR ((n1.n_name = 'JORDAN'::bpchar) AND (n2.n_name = 'MOROCCO'::bpchar)))","Rows Removed by Join Filter": 1812,"Workers": [],"Plans": [{"Node Type": "Nested Loop","Parent Relationship": "Outer","Parallel Aware": false,"Async Capable": false,"Join Type": "Inner","Startup Cost": 2.26,"Total Cost": 70727.78,"Plan Rows": 60250,"Plan Width": 124,"Actual Startup Time": 0.532,"Actual Total Time": 907.067,"Actual Rows": 49107,"Actual Loops": 3,"Inner Unique": false,"Workers": [],"Plans": [{"Node Type": "Nested Loop","Parent Relationship": "Outer","Parallel Aware": false,"Async Capable": false,"Join Type": "Inner","Startup Cost": 1.83,"Total Cost": 12400.01,"Plan Rows": 49000,"Plan Width": 108,"Actual Startup Time": 0.242,"Actual Total Time": 228.224,"Actual Rows": 40065,"Actual Loops": 3,"Inner Unique": false,"Workers": [],"Plans": [{"Node Type": "Hash Join","Parent Relationship": "Outer","Parallel Aware": false,"Async Capable": false,"Join Type": "Inner","Startup Cost": 1.40,"Total Cost": 4403.27,"Plan Rows": 4900,"Plan Width": 108,"Actual Startup Time": 0.154,"Actual Total Time": 48.618,"Actual Rows": 3985,"Actual Loops": 3,"Inner Unique": true,"Hash Cond": "(customer.c_nationkey = n2.n_nationkey)","Workers": [],"Plans": [{"Node Type": "Seq Scan","Parent Relationship": "Outer","Parallel Aware": true,"Async Capable": false,"Relation Name": "customer","Alias": "customer","Startup Cost": 0.00,"Total Cost": 4210.00,"Plan Rows": 62500,"Plan Width": 8,"Actual Startup Time": 0.014,"Actual Total Time": 9.537,"Actual Rows": 50000,"Actual Loops": 3,"Workers": []},{"Node Type": "Hash","Parent Relationship": "Inner","Parallel Aware": false,"Async Capable": false,"Startup Cost": 1.38,"Total Cost": 1.38,"Plan Rows": 2,"Plan Width": 108,"Actual Startup Time": 0.059,"Actual Total Time": 0.066,"Actual Rows": 2,"Actual Loops": 3,"Hash Buckets": 1024,"Original Hash Buckets": 1024,"Hash Batches": 1,"Original Hash Batches": 1,"Peak Memory Usage": 9,"Workers": [],"Plans": [{"Node Type": "Seq Scan","Parent Relationship": "Outer","Parallel Aware": false,"Async Capable": false,"Relation Name": "nation","Alias": "n2","Startup Cost": 0.00,"Total Cost": 1.38,"Plan Rows": 2,"Plan Width": 108,"Actual Startup Time": 0.046,"Actual Total Time": 0.050,"Actual Rows": 2,"Actual Loops": 3,"Filter": "((n_name = 'JORDAN'::bpchar) OR (n_name = 'MOROCCO'::bpchar))","Rows Removed by Filter": 23,"Workers": []}]}]},{"Node Type": "Index Scan","Parent Relationship": "Inner","Parallel Aware": false,"Async Capable": false,"Scan Direction": "Forward","Index Name": "idx_orders_custkey","Relation Name": "orders","Alias": "orders","Startup Cost": 0.43,"Total Cost": 1.46,"Plan Rows": 17,"Plan Width": 8,"Actual Startup Time": 0.007,"Actual Total Time": 0.044,"Actual Rows": 10,"Actual Loops": 11954,"Index Cond": "(o_custkey = customer.c_custkey)","Rows Removed by Index Recheck": 0,"Workers": []}]},{"Node Type": "Index Scan","Parent Relationship": "Inner","Parallel Aware": false,"Async Capable": false,"Scan Direction": "Forward","Index Name": "idx_lineitem_orderkey","Relation Name": "lineitem","Alias": "lineitem","Startup Cost": 0.43,"Total Cost": 1.14,"Plan Rows": 5,"Plan Width": 24,"Actual Startup Time": 0.016,"Actual Total Time": 0.017,"Actual Rows": 1,"Actual Loops": 120195,"Index Cond": "(l_orderkey = orders.o_orderkey)","Rows Removed by Index Recheck": 0,"Filter": "((l_shipdate >= '1995-01-01'::date) AND (l_shipdate <= '1996-12-31'::date))","Rows Removed by Filter": 3,"Workers": []}]},{"Node Type": "Hash","Parent Relationship": "Inner","Parallel Aware": false,"Async Capable": false,"Startup Cost": 354.10,"Total Cost": 354.10,"Plan Rows": 784,"Plan Width": 108,"Actual Startup Time": 9.958,"Actual Total Time": 9.972,"Actual Rows": 735,"Actual Loops": 3,"Hash Buckets": 1024,"Original Hash Buckets": 1024,"Hash Batches": 1,"Original Hash Batches": 1,"Peak Memory Usage": 53,"Workers": [],"Plans": [{"Node Type": "Hash Join","Parent Relationship": "Outer","Parallel Aware": false,"Async Capable": false,"Join Type": "Inner","Startup Cost": 1.40,"Total Cost": 354.10,"Plan Rows": 784,"Plan Width": 108,"Actual Startup Time": 0.072,"Actual Total Time": 9.781,"Actual Rows": 735,"Actual Loops": 3,"Inner Unique": true,"Hash Cond": "(supplier.s_nationkey = n1.n_nationkey)","Workers": [],"Plans": [{"Node Type": "Seq Scan","Parent Relationship": "Outer","Parallel Aware": false,"Async Capable": false,"Relation Name": "supplier","Alias": "supplier","Startup Cost": 0.00,"Total Cost": 322.00,"Plan Rows": 10000,"Plan Width": 8,"Actual Startup Time": 0.029,"Actual Total Time": 4.243,"Actual Rows": 10000,"Actual Loops": 3,"Workers": []},{"Node Type": "Hash","Parent Relationship": "Inner","Parallel Aware": false,"Async Capable": false,"Startup Cost": 1.38,"Total Cost": 1.38,"Plan Rows": 2,"Plan Width": 108,"Actual Startup Time": 0.014,"Actual Total Time": 0.018,"Actual Rows": 2,"Actual Loops": 3,"Hash Buckets": 1024,"Original Hash Buckets": 1024,"Hash Batches": 1,"Original Hash Batches": 1,"Peak Memory Usage": 9,"Workers": [],"Plans": [{"Node Type": "Seq Scan","Parent Relationship": "Outer","Parallel Aware": false,"Async Capable": false,"Relation Name": "nation","Alias": "n1","Startup Cost": 0.00,"Total Cost": 1.38,"Plan Rows": 2,"Plan Width": 108,"Actual Startup Time": 0.006,"Actual Total Time": 0.009,"Actual Rows": 2,"Actual Loops": 3,"Filter": "((n_name = 'MOROCCO'::bpchar) OR (n_name = 'JORDAN'::bpchar))","Rows Removed by Filter": 23,"Workers": []}]}]}]}]}]}]}]}]},"Planning Time": 47.795,"Triggers": [],"Execution Time": 979.508}]
[{"Plan": {"Node Type": "Aggregate","Strategy": "Sorted","Partial Mode": "Finalize","Parallel Aware": false,"Async Capable": false,"Startup Cost": 72556.41,"Total Cost": 73352.71,"Plan Rows": 5893,"Plan Width": 272,"Actual Startup Time": 934.715,"Actual Total Time": 990.365,"Actual Rows": 4,"Actual Loops": 1,"Group Key": ["n1.n_name", "n2.n_name", "(EXTRACT(year FROM lineitem.l_shipdate))"],"Plans": [{"Node Type": "Gather Merge","Parent Relationship": "Outer","Parallel Aware": false,"Async Capable": false,"Startup Cost": 72556.41,"Total Cost": 73202.94,"Plan Rows": 4910,"Plan Width": 272,"Actual Startup Time": 934.040,"Actual Total Time": 990.287,"Actual Rows": 12,"Actual Loops": 1,"Workers Planned": 2,"Workers Launched": 2,"Plans": [{"Node Type": "Aggregate","Strategy": "Sorted","Partial Mode": "Partial","Parent Relationship": "Outer","Parallel Aware": false,"Async Capable": false,"Startup Cost": 71556.39,"Total Cost": 71636.18,"Plan Rows": 2455,"Plan Width": 272,"Actual Startup Time": 926.070,"Actual Total Time": 926.889,"Actual Rows": 4,"Actual Loops": 3,"Group Key": ["n1.n_name", "n2.n_name", "(EXTRACT(year FROM lineitem.l_shipdate))"],"Workers": [],"Plans": [{"Node Type": "Sort","Parent Relationship": "Outer","Parallel Aware": false,"Async Capable": false,"Startup Cost": 71556.39,"Total Cost": 71562.53,"Plan Rows": 2455,"Plan Width": 252,"Actual Startup Time": 925.810,"Actual Total Time": 925.937,"Actual Rows": 1936,"Actual Loops": 3,"Sort Key": ["n1.n_name", "n2.n_name", "(EXTRACT(year FROM lineitem.l_shipdate))"],"Sort Method": "quicksort","Sort Space Used": 262,"Sort Space Type": "Memory","Workers": [{"Worker Number": 0,"Sort Method": "quicksort","Sort Space Used": 261,"Sort Space Type": "Memory"},{"Worker Number": 1,"Sort Method": "quicksort","Sort Space Used": 257,"Sort Space Type": "Memory"}],"Plans": [{"Node Type": "Hash Join","Parent Relationship": "Outer","Parallel Aware": false,"Async Capable": false,"Join Type": "Inner","Startup Cost": 366.16,"Total Cost": 71418.15,"Plan Rows": 2455,"Plan Width": 252,"Actual Startup Time": 10.876,"Actual Total Time": 924.021,"Actual Rows": 1936,"Actual Loops": 3,"Inner Unique": false,"Hash Cond": "(lineitem.l_suppkey = supplier.s_suppkey)","Join Filter": "(((n1.n_name = 'MOZAMBIQUE'::bpchar) AND (n2.n_name = 'JORDAN'::bpchar)) OR ((n1.n_name = 'JORDAN'::bpchar) AND (n2.n_name = 'MOZAMBIQUE'::bpchar)))","Rows Removed by Join Filter": 1921,"Workers": [],"Plans": [{"Node Type": "Nested Loop","Parent Relationship": "Outer","Parallel Aware": false,"Async Capable": false,"Join Type": "Inner","Startup Cost": 2.26,"Total Cost": 70727.78,"Plan Rows": 60250,"Plan Width": 124,"Actual Startup Time": 0.663,"Actual Total Time": 909.093,"Actual Rows": 49452,"Actual Loops": 3,"Inner Unique": false,"Workers": [],"Plans": [{"Node Type": "Nested Loop","Parent Relationship": "Outer","Parallel Aware": false,"Async Capable": false,"Join Type": "Inner","Startup Cost": 1.83,"Total Cost": 12400.01,"Plan Rows": 49000,"Plan Width": 108,"Actual Startup Time": 0.343,"Actual Total Time": 226.856,"Actual Rows": 40668,"Actual Loops": 3,"Inner Unique": false,"Workers": [],"Plans": [{"Node Type": "Hash Join","Parent Relationship": "Outer","Parallel Aware": false,"Async Capable": false,"Join Type": "Inner","Startup Cost": 1.40,"Total Cost": 4403.27,"Plan Rows": 4900,"Plan Width": 108,"Actual Startup Time": 0.203,"Actual Total Time": 45.986,"Actual Rows": 4002,"Actual Loops": 3,"Inner Unique": true,"Hash Cond": "(customer.c_nationkey = n2.n_nationkey)","Workers": [],"Plans": [{"Node Type": "Seq Scan","Parent Relationship": "Outer","Parallel Aware": true,"Async Capable": false,"Relation Name": "customer","Alias": "customer","Startup Cost": 0.00,"Total Cost": 4210.00,"Plan Rows": 62500,"Plan Width": 8,"Actual Startup Time": 0.017,"Actual Total Time": 9.618,"Actual Rows": 50000,"Actual Loops": 3,"Workers": []},{"Node Type": "Hash","Parent Relationship": "Inner","Parallel Aware": false,"Async Capable": false,"Startup Cost": 1.38,"Total Cost": 1.38,"Plan Rows": 2,"Plan Width": 108,"Actual Startup Time": 0.077,"Actual Total Time": 0.088,"Actual Rows": 2,"Actual Loops": 3,"Hash Buckets": 1024,"Original Hash Buckets": 1024,"Hash Batches": 1,"Original Hash Batches": 1,"Peak Memory Usage": 9,"Workers": [],"Plans": [{"Node Type": "Seq Scan","Parent Relationship": "Outer","Parallel Aware": false,"Async Capable": false,"Relation Name": "nation","Alias": "n2","Startup Cost": 0.00,"Total Cost": 1.38,"Plan Rows": 2,"Plan Width": 108,"Actual Startup Time": 0.055,"Actual Total Time": 0.061,"Actual Rows": 2,"Actual Loops": 3,"Filter": "((n_name = 'JORDAN'::bpchar) OR (n_name = 'MOZAMBIQUE'::bpchar))","Rows Removed by Filter": 23,"Workers": []}]}]},{"Node Type": "Index Scan","Parent Relationship": "Inner","Parallel Aware": false,"Async Capable": false,"Scan Direction": "Forward","Index Name": "idx_orders_custkey","Relation Name": "orders","Alias": "orders","Startup Cost": 0.43,"Total Cost": 1.46,"Plan Rows": 17,"Plan Width": 8,"Actual Startup Time": 0.007,"Actual Total Time": 0.044,"Actual Rows": 10,"Actual Loops": 12007,"Index Cond": "(o_custkey = customer.c_custkey)","Rows Removed by Index Recheck": 0,"Workers": []}]},{"Node Type": "Index Scan","Parent Relationship": "Inner","Parallel Aware": false,"Async Capable": false,"Scan Direction": "Forward","Index Name": "idx_lineitem_orderkey","Relation Name": "lineitem","Alias": "lineitem","Startup Cost": 0.43,"Total Cost": 1.14,"Plan Rows": 5,"Plan Width": 24,"Actual Startup Time": 0.016,"Actual Total Time": 0.017,"Actual Rows": 1,"Actual Loops": 122003,"Index Cond": "(l_orderkey = orders.o_orderkey)","Rows Removed by Index Recheck": 0,"Filter": "((l_shipdate >= '1995-01-01'::date) AND (l_shipdate <= '1996-12-31'::date))","Rows Removed by Filter": 3,"Workers": []}]},{"Node Type": "Hash","Parent Relationship": "Inner","Parallel Aware": false,"Async Capable": false,"Startup Cost": 354.10,"Total Cost": 354.10,"Plan Rows": 784,"Plan Width": 108,"Actual Startup Time": 7.456,"Actual Total Time": 7.473,"Actual Rows": 768,"Actual Loops": 3,"Hash Buckets": 1024,"Original Hash Buckets": 1024,"Hash Batches": 1,"Original Hash Batches": 1,"Peak Memory Usage": 55,"Workers": [],"Plans": [{"Node Type": "Hash Join","Parent Relationship": "Outer","Parallel Aware": false,"Async Capable": false,"Join Type": "Inner","Startup Cost": 1.40,"Total Cost": 354.10,"Plan Rows": 784,"Plan Width": 108,"Actual Startup Time": 0.068,"Actual Total Time": 7.292,"Actual Rows": 768,"Actual Loops": 3,"Inner Unique": true,"Hash Cond": "(supplier.s_nationkey = n1.n_nationkey)","Workers": [],"Plans": [{"Node Type": "Seq Scan","Parent Relationship": "Outer","Parallel Aware": false,"Async Capable": false,"Relation Name": "supplier","Alias": "supplier","Startup Cost": 0.00,"Total Cost": 322.00,"Plan Rows": 10000,"Plan Width": 8,"Actual Startup Time": 0.026,"Actual Total Time": 3.859,"Actual Rows": 10000,"Actual Loops": 3,"Workers": []},{"Node Type": "Hash","Parent Relationship": "Inner","Parallel Aware": false,"Async Capable": false,"Startup Cost": 1.38,"Total Cost": 1.38,"Plan Rows": 2,"Plan Width": 108,"Actual Startup Time": 0.011,"Actual Total Time": 0.018,"Actual Rows": 2,"Actual Loops": 3,"Hash Buckets": 1024,"Original Hash Buckets": 1024,"Hash Batches": 1,"Original Hash Batches": 1,"Peak Memory Usage": 9,"Workers": [],"Plans": [{"Node Type": "Seq Scan","Parent Relationship": "Outer","Parallel Aware": false,"Async Capable": false,"Relation Name": "nation","Alias": "n1","Startup Cost": 0.00,"Total Cost": 1.38,"Plan Rows": 2,"Plan Width": 108,"Actual Startup Time": 0.005,"Actual Total Time": 0.009,"Actual Rows": 2,"Actual Loops": 3,"Filter": "((n_name = 'MOZAMBIQUE'::bpchar) OR (n_name = 'JORDAN'::bpchar))","Rows Removed by Filter": 23,"Workers": []}]}]}]}]}]}]}]}]},"Planning Time": 9.068,"Triggers": [],"Execution Time": 990.819}]
[{"Plan": {"Node Type": "Aggregate","Strategy": "Sorted","Partial Mode": "Finalize","Parallel Aware": false,"Async Capable": false,"Startup Cost": 72556.41,"Total Cost": 73352.71,"Plan Rows": 5893,"Plan Width": 272,"Actual Startup Time": 940.772,"Actual Total Time": 984.407,"Actual Rows": 4,"Actual Loops": 1,"Group Key": ["n1.n_name", "n2.n_name", "(EXTRACT(year FROM lineitem.l_shipdate))"],"Plans": [{"Node Type": "Gather Merge","Parent Relationship": "Outer","Parallel Aware": false,"Async Capable": false,"Startup Cost": 72556.41,"Total Cost": 73202.94,"Plan Rows": 4910,"Plan Width": 272,"Actual Startup Time": 940.508,"Actual Total Time": 984.336,"Actual Rows": 12,"Actual Loops": 1,"Workers Planned": 2,"Workers Launched": 2,"Plans": [{"Node Type": "Aggregate","Strategy": "Sorted","Partial Mode": "Partial","Parent Relationship": "Outer","Parallel Aware": false,"Async Capable": false,"Startup Cost": 71556.39,"Total Cost": 71636.18,"Plan Rows": 2455,"Plan Width": 272,"Actual Startup Time": 932.773,"Actual Total Time": 933.461,"Actual Rows": 4,"Actual Loops": 3,"Group Key": ["n1.n_name", "n2.n_name", "(EXTRACT(year FROM lineitem.l_shipdate))"],"Workers": [],"Plans": [{"Node Type": "Sort","Parent Relationship": "Outer","Parallel Aware": false,"Async Capable": false,"Startup Cost": 71556.39,"Total Cost": 71562.53,"Plan Rows": 2455,"Plan Width": 252,"Actual Startup Time": 932.528,"Actual Total Time": 932.632,"Actual Rows": 1859,"Actual Loops": 3,"Sort Key": ["n1.n_name", "n2.n_name", "(EXTRACT(year FROM lineitem.l_shipdate))"],"Sort Method": "quicksort","Sort Space Used": 256,"Sort Space Type": "Memory","Workers": [{"Worker Number": 0,"Sort Method": "quicksort","Sort Space Used": 243,"Sort Space Type": "Memory"},{"Worker Number": 1,"Sort Method": "quicksort","Sort Space Used": 256,"Sort Space Type": "Memory"}],"Plans": [{"Node Type": "Hash Join","Parent Relationship": "Outer","Parallel Aware": false,"Async Capable": false,"Join Type": "Inner","Startup Cost": 366.16,"Total Cost": 71418.15,"Plan Rows": 2455,"Plan Width": 252,"Actual Startup Time": 11.056,"Actual Total Time": 930.801,"Actual Rows": 1859,"Actual Loops": 3,"Inner Unique": false,"Hash Cond": "(lineitem.l_suppkey = supplier.s_suppkey)","Join Filter": "(((n1.n_name = 'MOZAMBIQUE'::bpchar) AND (n2.n_name = 'ETHIOPIA'::bpchar)) OR ((n1.n_name = 'ETHIOPIA'::bpchar) AND (n2.n_name = 'MOZAMBIQUE'::bpchar)))","Rows Removed by Join Filter": 1960,"Workers": [],"Plans": [{"Node Type": "Nested Loop","Parent Relationship": "Outer","Parallel Aware": false,"Async Capable": false,"Join Type": "Inner","Startup Cost": 2.26,"Total Cost": 70727.78,"Plan Rows": 60250,"Plan Width": 124,"Actual Startup Time": 0.602,"Actual Total Time": 913.604,"Actual Rows": 49020,"Actual Loops": 3,"Inner Unique": false,"Workers": [],"Plans": [{"Node Type": "Nested Loop","Parent Relationship": "Outer","Parallel Aware": false,"Async Capable": false,"Join Type": "Inner","Startup Cost": 1.83,"Total Cost": 12400.01,"Plan Rows": 49000,"Plan Width": 108,"Actual Startup Time": 0.320,"Actual Total Time": 229.816,"Actual Rows": 40324,"Actual Loops": 3,"Inner Unique": false,"Workers": [],"Plans": [{"Node Type": "Hash Join","Parent Relationship": "Outer","Parallel Aware": false,"Async Capable": false,"Join Type": "Inner","Startup Cost": 1.40,"Total Cost": 4403.27,"Plan Rows": 4900,"Plan Width": 108,"Actual Startup Time": 0.203,"Actual Total Time": 48.164,"Actual Rows": 3975,"Actual Loops": 3,"Inner Unique": true,"Hash Cond": "(customer.c_nationkey = n2.n_nationkey)","Workers": [],"Plans": [{"Node Type": "Seq Scan","Parent Relationship": "Outer","Parallel Aware": true,"Async Capable": false,"Relation Name": "customer","Alias": "customer","Startup Cost": 0.00,"Total Cost": 4210.00,"Plan Rows": 62500,"Plan Width": 8,"Actual Startup Time": 0.017,"Actual Total Time": 9.687,"Actual Rows": 50000,"Actual Loops": 3,"Workers": []},{"Node Type": "Hash","Parent Relationship": "Inner","Parallel Aware": false,"Async Capable": false,"Startup Cost": 1.38,"Total Cost": 1.38,"Plan Rows": 2,"Plan Width": 108,"Actual Startup Time": 0.091,"Actual Total Time": 0.098,"Actual Rows": 2,"Actual Loops": 3,"Hash Buckets": 1024,"Original Hash Buckets": 1024,"Hash Batches": 1,"Original Hash Batches": 1,"Peak Memory Usage": 9,"Workers": [],"Plans": [{"Node Type": "Seq Scan","Parent Relationship": "Outer","Parallel Aware": false,"Async Capable": false,"Relation Name": "nation","Alias": "n2","Startup Cost": 0.00,"Total Cost": 1.38,"Plan Rows": 2,"Plan Width": 108,"Actual Startup Time": 0.069,"Actual Total Time": 0.078,"Actual Rows": 2,"Actual Loops": 3,"Filter": "((n_name = 'ETHIOPIA'::bpchar) OR (n_name = 'MOZAMBIQUE'::bpchar))","Rows Removed by Filter": 23,"Workers": []}]}]},{"Node Type": "Index Scan","Parent Relationship": "Inner","Parallel Aware": false,"Async Capable": false,"Scan Direction": "Forward","Index Name": "idx_orders_custkey","Relation Name": "orders","Alias": "orders","Startup Cost": 0.43,"Total Cost": 1.46,"Plan Rows": 17,"Plan Width": 8,"Actual Startup Time": 0.007,"Actual Total Time": 0.044,"Actual Rows": 10,"Actual Loops": 11926,"Index Cond": "(o_custkey = customer.c_custkey)","Rows Removed by Index Recheck": 0,"Workers": []}]},{"Node Type": "Index Scan","Parent Relationship": "Inner","Parallel Aware": false,"Async Capable": false,"Scan Direction": "Forward","Index Name": "idx_lineitem_orderkey","Relation Name": "lineitem","Alias": "lineitem","Startup Cost": 0.43,"Total Cost": 1.14,"Plan Rows": 5,"Plan Width": 24,"Actual Startup Time": 0.016,"Actual Total Time": 0.017,"Actual Rows": 1,"Actual Loops": 120973,"Index Cond": "(l_orderkey = orders.o_orderkey)","Rows Removed by Index Recheck": 0,"Filter": "((l_shipdate >= '1995-01-01'::date) AND (l_shipdate <= '1996-12-31'::date))","Rows Removed by Filter": 3,"Workers": []}]},{"Node Type": "Hash","Parent Relationship": "Inner","Parallel Aware": false,"Async Capable": false,"Startup Cost": 354.10,"Total Cost": 354.10,"Plan Rows": 784,"Plan Width": 108,"Actual Startup Time": 9.855,"Actual Total Time": 9.868,"Actual Rows": 786,"Actual Loops": 3,"Hash Buckets": 1024,"Original Hash Buckets": 1024,"Hash Batches": 1,"Original Hash Batches": 1,"Peak Memory Usage": 56,"Workers": [],"Plans": [{"Node Type": "Hash Join","Parent Relationship": "Outer","Parallel Aware": false,"Async Capable": false,"Join Type": "Inner","Startup Cost": 1.40,"Total Cost": 354.10,"Plan Rows": 784,"Plan Width": 108,"Actual Startup Time": 0.099,"Actual Total Time": 9.673,"Actual Rows": 786,"Actual Loops": 3,"Inner Unique": true,"Hash Cond": "(supplier.s_nationkey = n1.n_nationkey)","Workers": [],"Plans": [{"Node Type": "Seq Scan","Parent Relationship": "Outer","Parallel Aware": false,"Async Capable": false,"Relation Name": "supplier","Alias": "supplier","Startup Cost": 0.00,"Total Cost": 322.00,"Plan Rows": 10000,"Plan Width": 8,"Actual Startup Time": 0.039,"Actual Total Time": 4.253,"Actual Rows": 10000,"Actual Loops": 3,"Workers": []},{"Node Type": "Hash","Parent Relationship": "Inner","Parallel Aware": false,"Async Capable": false,"Startup Cost": 1.38,"Total Cost": 1.38,"Plan Rows": 2,"Plan Width": 108,"Actual Startup Time": 0.019,"Actual Total Time": 0.024,"Actual Rows": 2,"Actual Loops": 3,"Hash Buckets": 1024,"Original Hash Buckets": 1024,"Hash Batches": 1,"Original Hash Batches": 1,"Peak Memory Usage": 9,"Workers": [],"Plans": [{"Node Type": "Seq Scan","Parent Relationship": "Outer","Parallel Aware": false,"Async Capable": false,"Relation Name": "nation","Alias": "n1","Startup Cost": 0.00,"Total Cost": 1.38,"Plan Rows": 2,"Plan Width": 108,"Actual Startup Time": 0.006,"Actual Total Time": 0.014,"Actual Rows": 2,"Actual Loops": 3,"Filter": "((n_name = 'MOZAMBIQUE'::bpchar) OR (n_name = 'ETHIOPIA'::bpchar))","Rows Removed by Filter": 23,"Workers": []}]}]}]}]}]}]}]}]},"Planning Time": 9.049,"Triggers": [],"Execution Time": 984.974}]
[{"Plan": {"Node Type": "Aggregate","Strategy": "Sorted","Partial Mode": "Finalize","Parallel Aware": false,"Async Capable": false,"Startup Cost": 72556.41,"Total Cost": 73352.71,"Plan Rows": 5893,"Plan Width": 272,"Actual Startup Time": 912.165,"Actual Total Time": 965.220,"Actual Rows": 4,"Actual Loops": 1,"Group Key": ["n1.n_name", "n2.n_name", "(EXTRACT(year FROM lineitem.l_shipdate))"],"Plans": [{"Node Type": "Gather Merge","Parent Relationship": "Outer","Parallel Aware": false,"Async Capable": false,"Startup Cost": 72556.41,"Total Cost": 73202.94,"Plan Rows": 4910,"Plan Width": 272,"Actual Startup Time": 911.297,"Actual Total Time": 965.130,"Actual Rows": 12,"Actual Loops": 1,"Workers Planned": 2,"Workers Launched": 2,"Plans": [{"Node Type": "Aggregate","Strategy": "Sorted","Partial Mode": "Partial","Parent Relationship": "Outer","Parallel Aware": false,"Async Capable": false,"Startup Cost": 71556.39,"Total Cost": 71636.18,"Plan Rows": 2455,"Plan Width": 272,"Actual Startup Time": 903.163,"Actual Total Time": 904.088,"Actual Rows": 4,"Actual Loops": 3,"Group Key": ["n1.n_name", "n2.n_name", "(EXTRACT(year FROM lineitem.l_shipdate))"],"Workers": [],"Plans": [{"Node Type": "Sort","Parent Relationship": "Outer","Parallel Aware": false,"Async Capable": false,"Startup Cost": 71556.39,"Total Cost": 71562.53,"Plan Rows": 2455,"Plan Width": 252,"Actual Startup Time": 902.883,"Actual Total Time": 903.007,"Actual Rows": 2015,"Actual Loops": 3,"Sort Key": ["n1.n_name", "n2.n_name", "(EXTRACT(year FROM lineitem.l_shipdate))"],"Sort Method": "quicksort","Sort Space Used": 267,"Sort Space Type": "Memory","Workers": [{"Worker Number": 0,"Sort Method": "quicksort","Sort Space Used": 268,"Sort Space Type": "Memory"},{"Worker Number": 1,"Sort Method": "quicksort","Sort Space Used": 272,"Sort Space Type": "Memory"}],"Plans": [{"Node Type": "Hash Join","Parent Relationship": "Outer","Parallel Aware": false,"Async Capable": false,"Join Type": "Inner","Startup Cost": 366.16,"Total Cost": 71418.15,"Plan Rows": 2455,"Plan Width": 252,"Actual Startup Time": 8.563,"Actual Total Time": 901.054,"Actual Rows": 2015,"Actual Loops": 3,"Inner Unique": false,"Hash Cond": "(lineitem.l_suppkey = supplier.s_suppkey)","Join Filter": "(((n1.n_name = 'PERU'::bpchar) AND (n2.n_name = 'EGYPT'::bpchar)) OR ((n1.n_name = 'EGYPT'::bpchar) AND (n2.n_name = 'PERU'::bpchar)))","Rows Removed by Join Filter": 2026,"Workers": [],"Plans": [{"Node Type": "Nested Loop","Parent Relationship": "Outer","Parallel Aware": false,"Async Capable": false,"Join Type": "Inner","Startup Cost": 2.26,"Total Cost": 70727.78,"Plan Rows": 60250,"Plan Width": 124,"Actual Startup Time": 0.691,"Actual Total Time": 886.517,"Actual Rows": 48159,"Actual Loops": 3,"Inner Unique": false,"Workers": [],"Plans": [{"Node Type": "Nested Loop","Parent Relationship": "Outer","Parallel Aware": false,"Async Capable": false,"Join Type": "Inner","Startup Cost": 1.83,"Total Cost": 12400.01,"Plan Rows": 49000,"Plan Width": 108,"Actual Startup Time": 0.244,"Actual Total Time": 223.981,"Actual Rows": 39376,"Actual Loops": 3,"Inner Unique": false,"Workers": [],"Plans": [{"Node Type": "Hash Join","Parent Relationship": "Outer","Parallel Aware": false,"Async Capable": false,"Join Type": "Inner","Startup Cost": 1.40,"Total Cost": 4403.27,"Plan Rows": 4900,"Plan Width": 108,"Actual Startup Time": 0.143,"Actual Total Time": 46.840,"Actual Rows": 3990,"Actual Loops": 3,"Inner Unique": true,"Hash Cond": "(customer.c_nationkey = n2.n_nationkey)","Workers": [],"Plans": [{"Node Type": "Seq Scan","Parent Relationship": "Outer","Parallel Aware": true,"Async Capable": false,"Relation Name": "customer","Alias": "customer","Startup Cost": 0.00,"Total Cost": 4210.00,"Plan Rows": 62500,"Plan Width": 8,"Actual Startup Time": 0.010,"Actual Total Time": 9.451,"Actual Rows": 50000,"Actual Loops": 3,"Workers": []},{"Node Type": "Hash","Parent Relationship": "Inner","Parallel Aware": false,"Async Capable": false,"Startup Cost": 1.38,"Total Cost": 1.38,"Plan Rows": 2,"Plan Width": 108,"Actual Startup Time": 0.066,"Actual Total Time": 0.073,"Actual Rows": 2,"Actual Loops": 3,"Hash Buckets": 1024,"Original Hash Buckets": 1024,"Hash Batches": 1,"Original Hash Batches": 1,"Peak Memory Usage": 9,"Workers": [],"Plans": [{"Node Type": "Seq Scan","Parent Relationship": "Outer","Parallel Aware": false,"Async Capable": false,"Relation Name": "nation","Alias": "n2","Startup Cost": 0.00,"Total Cost": 1.38,"Plan Rows": 2,"Plan Width": 108,"Actual Startup Time": 0.050,"Actual Total Time": 0.057,"Actual Rows": 2,"Actual Loops": 3,"Filter": "((n_name = 'EGYPT'::bpchar) OR (n_name = 'PERU'::bpchar))","Rows Removed by Filter": 23,"Workers": []}]}]},{"Node Type": "Index Scan","Parent Relationship": "Inner","Parallel Aware": false,"Async Capable": false,"Scan Direction": "Forward","Index Name": "idx_orders_custkey","Relation Name": "orders","Alias": "orders","Startup Cost": 0.43,"Total Cost": 1.46,"Plan Rows": 17,"Plan Width": 8,"Actual Startup Time": 0.007,"Actual Total Time": 0.043,"Actual Rows": 10,"Actual Loops": 11970,"Index Cond": "(o_custkey = customer.c_custkey)","Rows Removed by Index Recheck": 0,"Workers": []}]},{"Node Type": "Index Scan","Parent Relationship": "Inner","Parallel Aware": false,"Async Capable": false,"Scan Direction": "Forward","Index Name": "idx_lineitem_orderkey","Relation Name": "lineitem","Alias": "lineitem","Startup Cost": 0.43,"Total Cost": 1.14,"Plan Rows": 5,"Plan Width": 24,"Actual Startup Time": 0.016,"Actual Total Time": 0.017,"Actual Rows": 1,"Actual Loops": 118129,"Index Cond": "(l_orderkey = orders.o_orderkey)","Rows Removed by Index Recheck": 0,"Filter": "((l_shipdate >= '1995-01-01'::date) AND (l_shipdate <= '1996-12-31'::date))","Rows Removed by Filter": 3,"Workers": []}]},{"Node Type": "Hash","Parent Relationship": "Inner","Parallel Aware": false,"Async Capable": false,"Startup Cost": 354.10,"Total Cost": 354.10,"Plan Rows": 784,"Plan Width": 108,"Actual Startup Time": 7.400,"Actual Total Time": 7.412,"Actual Rows": 836,"Actual Loops": 3,"Hash Buckets": 1024,"Original Hash Buckets": 1024,"Hash Batches": 1,"Original Hash Batches": 1,"Peak Memory Usage": 59,"Workers": [],"Plans": [{"Node Type": "Hash Join","Parent Relationship": "Outer","Parallel Aware": false,"Async Capable": false,"Join Type": "Inner","Startup Cost": 1.40,"Total Cost": 354.10,"Plan Rows": 784,"Plan Width": 108,"Actual Startup Time": 0.081,"Actual Total Time": 7.192,"Actual Rows": 836,"Actual Loops": 3,"Inner Unique": true,"Hash Cond": "(supplier.s_nationkey = n1.n_nationkey)","Workers": [],"Plans": [{"Node Type": "Seq Scan","Parent Relationship": "Outer","Parallel Aware": false,"Async Capable": false,"Relation Name": "supplier","Alias": "supplier","Startup Cost": 0.00,"Total Cost": 322.00,"Plan Rows": 10000,"Plan Width": 8,"Actual Startup Time": 0.027,"Actual Total Time": 3.838,"Actual Rows": 10000,"Actual Loops": 3,"Workers": []},{"Node Type": "Hash","Parent Relationship": "Inner","Parallel Aware": false,"Async Capable": false,"Startup Cost": 1.38,"Total Cost": 1.38,"Plan Rows": 2,"Plan Width": 108,"Actual Startup Time": 0.017,"Actual Total Time": 0.020,"Actual Rows": 2,"Actual Loops": 3,"Hash Buckets": 1024,"Original Hash Buckets": 1024,"Hash Batches": 1,"Original Hash Batches": 1,"Peak Memory Usage": 9,"Workers": [],"Plans": [{"Node Type": "Seq Scan","Parent Relationship": "Outer","Parallel Aware": false,"Async Capable": false,"Relation Name": "nation","Alias": "n1","Startup Cost": 0.00,"Total Cost": 1.38,"Plan Rows": 2,"Plan Width": 108,"Actual Startup Time": 0.005,"Actual Total Time": 0.011,"Actual Rows": 2,"Actual Loops": 3,"Filter": "((n_name = 'PERU'::bpchar) OR (n_name = 'EGYPT'::bpchar))","Rows Removed by Filter": 23,"Workers": []}]}]}]}]}]}]}]}]},"Planning Time": 8.937,"Triggers": [],"Execution Time": 965.718}]
[{"Plan": {"Node Type": "Aggregate","Strategy": "Sorted","Partial Mode": "Finalize","Parallel Aware": false,"Async Capable": false,"Startup Cost": 72556.41,"Total Cost": 73352.71,"Plan Rows": 5893,"Plan Width": 272,"Actual Startup Time": 923.961,"Actual Total Time": 978.609,"Actual Rows": 4,"Actual Loops": 1,"Group Key": ["n1.n_name", "n2.n_name", "(EXTRACT(year FROM lineitem.l_shipdate))"],"Plans": [{"Node Type": "Gather Merge","Parent Relationship": "Outer","Parallel Aware": false,"Async Capable": false,"Startup Cost": 72556.41,"Total Cost": 73202.94,"Plan Rows": 4910,"Plan Width": 272,"Actual Startup Time": 923.281,"Actual Total Time": 978.532,"Actual Rows": 12,"Actual Loops": 1,"Workers Planned": 2,"Workers Launched": 2,"Plans": [{"Node Type": "Aggregate","Strategy": "Sorted","Partial Mode": "Partial","Parent Relationship": "Outer","Parallel Aware": false,"Async Capable": false,"Startup Cost": 71556.39,"Total Cost": 71636.18,"Plan Rows": 2455,"Plan Width": 272,"Actual Startup Time": 915.456,"Actual Total Time": 916.263,"Actual Rows": 4,"Actual Loops": 3,"Group Key": ["n1.n_name", "n2.n_name", "(EXTRACT(year FROM lineitem.l_shipdate))"],"Workers": [],"Plans": [{"Node Type": "Sort","Parent Relationship": "Outer","Parallel Aware": false,"Async Capable": false,"Startup Cost": 71556.39,"Total Cost": 71562.53,"Plan Rows": 2455,"Plan Width": 252,"Actual Startup Time": 915.188,"Actual Total Time": 915.309,"Actual Rows": 1886,"Actual Loops": 3,"Sort Key": ["n1.n_name", "n2.n_name", "(EXTRACT(year FROM lineitem.l_shipdate))"],"Sort Method": "quicksort","Sort Space Used": 256,"Sort Space Type": "Memory","Workers": [{"Worker Number": 0,"Sort Method": "quicksort","Sort Space Used": 255,"Sort Space Type": "Memory"},{"Worker Number": 1,"Sort Method": "quicksort","Sort Space Used": 254,"Sort Space Type": "Memory"}],"Plans": [{"Node Type": "Hash Join","Parent Relationship": "Outer","Parallel Aware": false,"Async Capable": false,"Join Type": "Inner","Startup Cost": 366.16,"Total Cost": 71418.15,"Plan Rows": 2455,"Plan Width": 252,"Actual Startup Time": 8.912,"Actual Total Time": 913.448,"Actual Rows": 1886,"Actual Loops": 3,"Inner Unique": false,"Hash Cond": "(lineitem.l_suppkey = supplier.s_suppkey)","Join Filter": "(((n1.n_name = 'BRAZIL'::bpchar) AND (n2.n_name = 'MOROCCO'::bpchar)) OR ((n1.n_name = 'MOROCCO'::bpchar) AND (n2.n_name = 'BRAZIL'::bpchar)))","Rows Removed by Join Filter": 1876,"Workers": [],"Plans": [{"Node Type": "Nested Loop","Parent Relationship": "Outer","Parallel Aware": false,"Async Capable": false,"Join Type": "Inner","Startup Cost": 2.26,"Total Cost": 70727.78,"Plan Rows": 60250,"Plan Width": 124,"Actual Startup Time": 0.902,"Actual Total Time": 898.535,"Actual Rows": 48777,"Actual Loops": 3,"Inner Unique": false,"Workers": [],"Plans": [{"Node Type": "Nested Loop","Parent Relationship": "Outer","Parallel Aware": false,"Async Capable": false,"Join Type": "Inner","Startup Cost": 1.83,"Total Cost": 12400.01,"Plan Rows": 49000,"Plan Width": 108,"Actual Startup Time": 0.247,"Actual Total Time": 225.383,"Actual Rows": 39865,"Actual Loops": 3,"Inner Unique": false,"Workers": [],"Plans": [{"Node Type": "Hash Join","Parent Relationship": "Outer","Parallel Aware": false,"Async Capable": false,"Join Type": "Inner","Startup Cost": 1.40,"Total Cost": 4403.27,"Plan Rows": 4900,"Plan Width": 108,"Actual Startup Time": 0.135,"Actual Total Time": 46.192,"Actual Rows": 3973,"Actual Loops": 3,"Inner Unique": true,"Hash Cond": "(customer.c_nationkey = n2.n_nationkey)","Workers": [],"Plans": [{"Node Type": "Seq Scan","Parent Relationship": "Outer","Parallel Aware": true,"Async Capable": false,"Relation Name": "customer","Alias": "customer","Startup Cost": 0.00,"Total Cost": 4210.00,"Plan Rows": 62500,"Plan Width": 8,"Actual Startup Time": 0.010,"Actual Total Time": 9.594,"Actual Rows": 50000,"Actual Loops": 3,"Workers": []},{"Node Type": "Hash","Parent Relationship": "Inner","Parallel Aware": false,"Async Capable": false,"Startup Cost": 1.38,"Total Cost": 1.38,"Plan Rows": 2,"Plan Width": 108,"Actual Startup Time": 0.059,"Actual Total Time": 0.065,"Actual Rows": 2,"Actual Loops": 3,"Hash Buckets": 1024,"Original Hash Buckets": 1024,"Hash Batches": 1,"Original Hash Batches": 1,"Peak Memory Usage": 9,"Workers": [],"Plans": [{"Node Type": "Seq Scan","Parent Relationship": "Outer","Parallel Aware": false,"Async Capable": false,"Relation Name": "nation","Alias": "n2","Startup Cost": 0.00,"Total Cost": 1.38,"Plan Rows": 2,"Plan Width": 108,"Actual Startup Time": 0.043,"Actual Total Time": 0.049,"Actual Rows": 2,"Actual Loops": 3,"Filter": "((n_name = 'MOROCCO'::bpchar) OR (n_name = 'BRAZIL'::bpchar))","Rows Removed by Filter": 23,"Workers": []}]}]},{"Node Type": "Index Scan","Parent Relationship": "Inner","Parallel Aware": false,"Async Capable": false,"Scan Direction": "Forward","Index Name": "idx_orders_custkey","Relation Name": "orders","Alias": "orders","Startup Cost": 0.43,"Total Cost": 1.46,"Plan Rows": 17,"Plan Width": 8,"Actual Startup Time": 0.007,"Actual Total Time": 0.044,"Actual Rows": 10,"Actual Loops": 11920,"Index Cond": "(o_custkey = customer.c_custkey)","Rows Removed by Index Recheck": 0,"Workers": []}]},{"Node Type": "Index Scan","Parent Relationship": "Inner","Parallel Aware": false,"Async Capable": false,"Scan Direction": "Forward","Index Name": "idx_lineitem_orderkey","Relation Name": "lineitem","Alias": "lineitem","Startup Cost": 0.43,"Total Cost": 1.14,"Plan Rows": 5,"Plan Width": 24,"Actual Startup Time": 0.016,"Actual Total Time": 0.017,"Actual Rows": 1,"Actual Loops": 119596,"Index Cond": "(l_orderkey = orders.o_orderkey)","Rows Removed by Index Recheck": 0,"Filter": "((l_shipdate >= '1995-01-01'::date) AND (l_shipdate <= '1996-12-31'::date))","Rows Removed by Filter": 3,"Workers": []}]},{"Node Type": "Hash","Parent Relationship": "Inner","Parallel Aware": false,"Async Capable": false,"Startup Cost": 354.10,"Total Cost": 354.10,"Plan Rows": 784,"Plan Width": 108,"Actual Startup Time": 7.670,"Actual Total Time": 7.685,"Actual Rows": 770,"Actual Loops": 3,"Hash Buckets": 1024,"Original Hash Buckets": 1024,"Hash Batches": 1,"Original Hash Batches": 1,"Peak Memory Usage": 55,"Workers": [],"Plans": [{"Node Type": "Hash Join","Parent Relationship": "Outer","Parallel Aware": false,"Async Capable": false,"Join Type": "Inner","Startup Cost": 1.40,"Total Cost": 354.10,"Plan Rows": 784,"Plan Width": 108,"Actual Startup Time": 0.063,"Actual Total Time": 7.496,"Actual Rows": 770,"Actual Loops": 3,"Inner Unique": true,"Hash Cond": "(supplier.s_nationkey = n1.n_nationkey)","Workers": [],"Plans": [{"Node Type": "Seq Scan","Parent Relationship": "Outer","Parallel Aware": false,"Async Capable": false,"Relation Name": "supplier","Alias": "supplier","Startup Cost": 0.00,"Total Cost": 322.00,"Plan Rows": 10000,"Plan Width": 8,"Actual Startup Time": 0.026,"Actual Total Time": 3.962,"Actual Rows": 10000,"Actual Loops": 3,"Workers": []},{"Node Type": "Hash","Parent Relationship": "Inner","Parallel Aware": false,"Async Capable": false,"Startup Cost": 1.38,"Total Cost": 1.38,"Plan Rows": 2,"Plan Width": 108,"Actual Startup Time": 0.013,"Actual Total Time": 0.017,"Actual Rows": 2,"Actual Loops": 3,"Hash Buckets": 1024,"Original Hash Buckets": 1024,"Hash Batches": 1,"Original Hash Batches": 1,"Peak Memory Usage": 9,"Workers": [],"Plans": [{"Node Type": "Seq Scan","Parent Relationship": "Outer","Parallel Aware": false,"Async Capable": false,"Relation Name": "nation","Alias": "n1","Startup Cost": 0.00,"Total Cost": 1.38,"Plan Rows": 2,"Plan Width": 108,"Actual Startup Time": 0.004,"Actual Total Time": 0.010,"Actual Rows": 2,"Actual Loops": 3,"Filter": "((n_name = 'BRAZIL'::bpchar) OR (n_name = 'MOROCCO'::bpchar))","Rows Removed by Filter": 23,"Workers": []}]}]}]}]}]}]}]}]},"Planning Time": 8.875,"Triggers": [],"Execution Time": 979.066}]
[{"Plan": {"Node Type": "Aggregate","Strategy": "Sorted","Partial Mode": "Finalize","Parallel Aware": false,"Async Capable": false,"Startup Cost": 72556.41,"Total Cost": 73352.71,"Plan Rows": 5893,"Plan Width": 272,"Actual Startup Time": 921.205,"Actual Total Time": 975.021,"Actual Rows": 4,"Actual Loops": 1,"Group Key": ["n1.n_name", "n2.n_name", "(EXTRACT(year FROM lineitem.l_shipdate))"],"Plans": [{"Node Type": "Gather Merge","Parent Relationship": "Outer","Parallel Aware": false,"Async Capable": false,"Startup Cost": 72556.41,"Total Cost": 73202.94,"Plan Rows": 4910,"Plan Width": 272,"Actual Startup Time": 920.424,"Actual Total Time": 974.943,"Actual Rows": 12,"Actual Loops": 1,"Workers Planned": 2,"Workers Launched": 2,"Plans": [{"Node Type": "Aggregate","Strategy": "Sorted","Partial Mode": "Partial","Parent Relationship": "Outer","Parallel Aware": false,"Async Capable": false,"Startup Cost": 71556.39,"Total Cost": 71636.18,"Plan Rows": 2455,"Plan Width": 272,"Actual Startup Time": 912.035,"Actual Total Time": 912.883,"Actual Rows": 4,"Actual Loops": 3,"Group Key": ["n1.n_name", "n2.n_name", "(EXTRACT(year FROM lineitem.l_shipdate))"],"Workers": [],"Plans": [{"Node Type": "Sort","Parent Relationship": "Outer","Parallel Aware": false,"Async Capable": false,"Startup Cost": 71556.39,"Total Cost": 71562.53,"Plan Rows": 2455,"Plan Width": 252,"Actual Startup Time": 911.767,"Actual Total Time": 911.887,"Actual Rows": 1919,"Actual Loops": 3,"Sort Key": ["n1.n_name", "n2.n_name", "(EXTRACT(year FROM lineitem.l_shipdate))"],"Sort Method": "quicksort","Sort Space Used": 261,"Sort Space Type": "Memory","Workers": [{"Worker Number": 0,"Sort Method": "quicksort","Sort Space Used": 254,"Sort Space Type": "Memory"},{"Worker Number": 1,"Sort Method": "quicksort","Sort Space Used": 260,"Sort Space Type": "Memory"}],"Plans": [{"Node Type": "Hash Join","Parent Relationship": "Outer","Parallel Aware": false,"Async Capable": false,"Join Type": "Inner","Startup Cost": 366.16,"Total Cost": 71418.15,"Plan Rows": 2455,"Plan Width": 252,"Actual Startup Time": 8.894,"Actual Total Time": 909.872,"Actual Rows": 1919,"Actual Loops": 3,"Inner Unique": false,"Hash Cond": "(lineitem.l_suppkey = supplier.s_suppkey)","Join Filter": "(((n1.n_name = 'MOROCCO'::bpchar) AND (n2.n_name = 'ARGENTINA'::bpchar)) OR ((n1.n_name = 'ARGENTINA'::bpchar) AND (n2.n_name = 'MOROCCO'::bpchar)))","Rows Removed by Join Filter": 1891,"Workers": [],"Plans": [{"Node Type": "Nested Loop","Parent Relationship": "Outer","Parallel Aware": false,"Async Capable": false,"Join Type": "Inner","Startup Cost": 2.26,"Total Cost": 70727.78,"Plan Rows": 60250,"Plan Width": 124,"Actual Startup Time": 0.631,"Actual Total Time": 895.419,"Actual Rows": 48653,"Actual Loops": 3,"Inner Unique": false,"Workers": [],"Plans": [{"Node Type": "Nested Loop","Parent Relationship": "Outer","Parallel Aware": false,"Async Capable": false,"Join Type": "Inner","Startup Cost": 1.83,"Total Cost": 12400.01,"Plan Rows": 49000,"Plan Width": 108,"Actual Startup Time": 0.294,"Actual Total Time": 225.822,"Actual Rows": 39669,"Actual Loops": 3,"Inner Unique": false,"Workers": [],"Plans": [{"Node Type": "Hash Join","Parent Relationship": "Outer","Parallel Aware": false,"Async Capable": false,"Join Type": "Inner","Startup Cost": 1.40,"Total Cost": 4403.27,"Plan Rows": 4900,"Plan Width": 108,"Actual Startup Time": 0.176,"Actual Total Time": 48.298,"Actual Rows": 3965,"Actual Loops": 3,"Inner Unique": true,"Hash Cond": "(customer.c_nationkey = n2.n_nationkey)","Workers": [],"Plans": [{"Node Type": "Seq Scan","Parent Relationship": "Outer","Parallel Aware": true,"Async Capable": false,"Relation Name": "customer","Alias": "customer","Startup Cost": 0.00,"Total Cost": 4210.00,"Plan Rows": 62500,"Plan Width": 8,"Actual Startup Time": 0.013,"Actual Total Time": 9.626,"Actual Rows": 50000,"Actual Loops": 3,"Workers": []},{"Node Type": "Hash","Parent Relationship": "Inner","Parallel Aware": false,"Async Capable": false,"Startup Cost": 1.38,"Total Cost": 1.38,"Plan Rows": 2,"Plan Width": 108,"Actual Startup Time": 0.073,"Actual Total Time": 0.077,"Actual Rows": 2,"Actual Loops": 3,"Hash Buckets": 1024,"Original Hash Buckets": 1024,"Hash Batches": 1,"Original Hash Batches": 1,"Peak Memory Usage": 9,"Workers": [],"Plans": [{"Node Type": "Seq Scan","Parent Relationship": "Outer","Parallel Aware": false,"Async Capable": false,"Relation Name": "nation","Alias": "n2","Startup Cost": 0.00,"Total Cost": 1.38,"Plan Rows": 2,"Plan Width": 108,"Actual Startup Time": 0.050,"Actual Total Time": 0.059,"Actual Rows": 2,"Actual Loops": 3,"Filter": "((n_name = 'ARGENTINA'::bpchar) OR (n_name = 'MOROCCO'::bpchar))","Rows Removed by Filter": 23,"Workers": []}]}]},{"Node Type": "Index Scan","Parent Relationship": "Inner","Parallel Aware": false,"Async Capable": false,"Scan Direction": "Forward","Index Name": "idx_orders_custkey","Relation Name": "orders","Alias": "orders","Startup Cost": 0.43,"Total Cost": 1.46,"Plan Rows": 17,"Plan Width": 8,"Actual Startup Time": 0.007,"Actual Total Time": 0.044,"Actual Rows": 10,"Actual Loops": 11896,"Index Cond": "(o_custkey = customer.c_custkey)","Rows Removed by Index Recheck": 0,"Workers": []}]},{"Node Type": "Index Scan","Parent Relationship": "Inner","Parallel Aware": false,"Async Capable": false,"Scan Direction": "Forward","Index Name": "idx_lineitem_orderkey","Relation Name": "lineitem","Alias": "lineitem","Startup Cost": 0.43,"Total Cost": 1.14,"Plan Rows": 5,"Plan Width": 24,"Actual Startup Time": 0.016,"Actual Total Time": 0.017,"Actual Rows": 1,"Actual Loops": 119006,"Index Cond": "(l_orderkey = orders.o_orderkey)","Rows Removed by Index Recheck": 0,"Filter": "((l_shipdate >= '1995-01-01'::date) AND (l_shipdate <= '1996-12-31'::date))","Rows Removed by Filter": 3,"Workers": []}]},{"Node Type": "Hash","Parent Relationship": "Inner","Parallel Aware": false,"Async Capable": false,"Startup Cost": 354.10,"Total Cost": 354.10,"Plan Rows": 784,"Plan Width": 108,"Actual Startup Time": 7.442,"Actual Total Time": 7.458,"Actual Rows": 786,"Actual Loops": 3,"Hash Buckets": 1024,"Original Hash Buckets": 1024,"Hash Batches": 1,"Original Hash Batches": 1,"Peak Memory Usage": 56,"Workers": [],"Plans": [{"Node Type": "Hash Join","Parent Relationship": "Outer","Parallel Aware": false,"Async Capable": false,"Join Type": "Inner","Startup Cost": 1.40,"Total Cost": 354.10,"Plan Rows": 784,"Plan Width": 108,"Actual Startup Time": 0.093,"Actual Total Time": 7.283,"Actual Rows": 786,"Actual Loops": 3,"Inner Unique": true,"Hash Cond": "(supplier.s_nationkey = n1.n_nationkey)","Workers": [],"Plans": [{"Node Type": "Seq Scan","Parent Relationship": "Outer","Parallel Aware": false,"Async Capable": false,"Relation Name": "supplier","Alias": "supplier","Startup Cost": 0.00,"Total Cost": 322.00,"Plan Rows": 10000,"Plan Width": 8,"Actual Startup Time": 0.037,"Actual Total Time": 3.670,"Actual Rows": 10000,"Actual Loops": 3,"Workers": []},{"Node Type": "Hash","Parent Relationship": "Inner","Parallel Aware": false,"Async Capable": false,"Startup Cost": 1.38,"Total Cost": 1.38,"Plan Rows": 2,"Plan Width": 108,"Actual Startup Time": 0.019,"Actual Total Time": 0.024,"Actual Rows": 2,"Actual Loops": 3,"Hash Buckets": 1024,"Original Hash Buckets": 1024,"Hash Batches": 1,"Original Hash Batches": 1,"Peak Memory Usage": 9,"Workers": [],"Plans": [{"Node Type": "Seq Scan","Parent Relationship": "Outer","Parallel Aware": false,"Async Capable": false,"Relation Name": "nation","Alias": "n1","Startup Cost": 0.00,"Total Cost": 1.38,"Plan Rows": 2,"Plan Width": 108,"Actual Startup Time": 0.006,"Actual Total Time": 0.014,"Actual Rows": 2,"Actual Loops": 3,"Filter": "((n_name = 'MOROCCO'::bpchar) OR (n_name = 'ARGENTINA'::bpchar))","Rows Removed by Filter": 23,"Workers": []}]}]}]}]}]}]}]}]},"Planning Time": 8.783,"Triggers": [],"Execution Time": 975.487}]
[{"Plan": {"Node Type": "Aggregate","Strategy": "Sorted","Partial Mode": "Finalize","Parallel Aware": false,"Async Capable": false,"Startup Cost": 72556.41,"Total Cost": 73352.71,"Plan Rows": 5893,"Plan Width": 272,"Actual Startup Time": 926.272,"Actual Total Time": 978.967,"Actual Rows": 4,"Actual Loops": 1,"Group Key": ["n1.n_name", "n2.n_name", "(EXTRACT(year FROM lineitem.l_shipdate))"],"Plans": [{"Node Type": "Gather Merge","Parent Relationship": "Outer","Parallel Aware": false,"Async Capable": false,"Startup Cost": 72556.41,"Total Cost": 73202.94,"Plan Rows": 4910,"Plan Width": 272,"Actual Startup Time": 926.009,"Actual Total Time": 978.869,"Actual Rows": 12,"Actual Loops": 1,"Workers Planned": 2,"Workers Launched": 2,"Plans": [{"Node Type": "Aggregate","Strategy": "Sorted","Partial Mode": "Partial","Parent Relationship": "Outer","Parallel Aware": false,"Async Capable": false,"Startup Cost": 71556.39,"Total Cost": 71636.18,"Plan Rows": 2455,"Plan Width": 272,"Actual Startup Time": 918.239,"Actual Total Time": 918.874,"Actual Rows": 4,"Actual Loops": 3,"Group Key": ["n1.n_name", "n2.n_name", "(EXTRACT(year FROM lineitem.l_shipdate))"],"Workers": [],"Plans": [{"Node Type": "Sort","Parent Relationship": "Outer","Parallel Aware": false,"Async Capable": false,"Startup Cost": 71556.39,"Total Cost": 71562.53,"Plan Rows": 2455,"Plan Width": 252,"Actual Startup Time": 918.011,"Actual Total Time": 918.112,"Actual Rows": 1830,"Actual Loops": 3,"Sort Key": ["n1.n_name", "n2.n_name", "(EXTRACT(year FROM lineitem.l_shipdate))"],"Sort Method": "quicksort","Sort Space Used": 250,"Sort Space Type": "Memory","Workers": [{"Worker Number": 0,"Sort Method": "quicksort","Sort Space Used": 251,"Sort Space Type": "Memory"},{"Worker Number": 1,"Sort Method": "quicksort","Sort Space Used": 245,"Sort Space Type": "Memory"}],"Plans": [{"Node Type": "Hash Join","Parent Relationship": "Outer","Parallel Aware": false,"Async Capable": false,"Join Type": "Inner","Startup Cost": 366.16,"Total Cost": 71418.15,"Plan Rows": 2455,"Plan Width": 252,"Actual Startup Time": 11.571,"Actual Total Time": 916.290,"Actual Rows": 1830,"Actual Loops": 3,"Inner Unique": false,"Hash Cond": "(lineitem.l_suppkey = supplier.s_suppkey)","Join Filter": "(((n1.n_name = 'MOROCCO'::bpchar) AND (n2.n_name = 'UNITED STATES'::bpchar)) OR ((n1.n_name = 'UNITED STATES'::bpchar) AND (n2.n_name = 'MOROCCO'::bpchar)))","Rows Removed by Join Filter": 1891,"Workers": [],"Plans": [{"Node Type": "Nested Loop","Parent Relationship": "Outer","Parallel Aware": false,"Async Capable": false,"Join Type": "Inner","Startup Cost": 2.26,"Total Cost": 70727.78,"Plan Rows": 60250,"Plan Width": 124,"Actual Startup Time": 0.686,"Actual Total Time": 900.443,"Actual Rows": 48666,"Actual Loops": 3,"Inner Unique": false,"Workers": [],"Plans": [{"Node Type": "Nested Loop","Parent Relationship": "Outer","Parallel Aware": false,"Async Capable": false,"Join Type": "Inner","Startup Cost": 1.83,"Total Cost": 12400.01,"Plan Rows": 49000,"Plan Width": 108,"Actual Startup Time": 0.371,"Actual Total Time": 226.007,"Actual Rows": 39793,"Actual Loops": 3,"Inner Unique": false,"Workers": [],"Plans": [{"Node Type": "Hash Join","Parent Relationship": "Outer","Parallel Aware": false,"Async Capable": false,"Join Type": "Inner","Startup Cost": 1.40,"Total Cost": 4403.27,"Plan Rows": 4900,"Plan Width": 108,"Actual Startup Time": 0.220,"Actual Total Time": 47.347,"Actual Rows": 3968,"Actual Loops": 3,"Inner Unique": true,"Hash Cond": "(customer.c_nationkey = n2.n_nationkey)","Workers": [],"Plans": [{"Node Type": "Seq Scan","Parent Relationship": "Outer","Parallel Aware": true,"Async Capable": false,"Relation Name": "customer","Alias": "customer","Startup Cost": 0.00,"Total Cost": 4210.00,"Plan Rows": 62500,"Plan Width": 8,"Actual Startup Time": 0.017,"Actual Total Time": 9.481,"Actual Rows": 50000,"Actual Loops": 3,"Workers": []},{"Node Type": "Hash","Parent Relationship": "Inner","Parallel Aware": false,"Async Capable": false,"Startup Cost": 1.38,"Total Cost": 1.38,"Plan Rows": 2,"Plan Width": 108,"Actual Startup Time": 0.103,"Actual Total Time": 0.108,"Actual Rows": 2,"Actual Loops": 3,"Hash Buckets": 1024,"Original Hash Buckets": 1024,"Hash Batches": 1,"Original Hash Batches": 1,"Peak Memory Usage": 9,"Workers": [],"Plans": [{"Node Type": "Seq Scan","Parent Relationship": "Outer","Parallel Aware": false,"Async Capable": false,"Relation Name": "nation","Alias": "n2","Startup Cost": 0.00,"Total Cost": 1.38,"Plan Rows": 2,"Plan Width": 108,"Actual Startup Time": 0.079,"Actual Total Time": 0.083,"Actual Rows": 2,"Actual Loops": 3,"Filter": "((n_name = 'UNITED STATES'::bpchar) OR (n_name = 'MOROCCO'::bpchar))","Rows Removed by Filter": 23,"Workers": []}]}]},{"Node Type": "Index Scan","Parent Relationship": "Inner","Parallel Aware": false,"Async Capable": false,"Scan Direction": "Forward","Index Name": "idx_orders_custkey","Relation Name": "orders","Alias": "orders","Startup Cost": 0.43,"Total Cost": 1.46,"Plan Rows": 17,"Plan Width": 8,"Actual Startup Time": 0.007,"Actual Total Time": 0.044,"Actual Rows": 10,"Actual Loops": 11904,"Index Cond": "(o_custkey = customer.c_custkey)","Rows Removed by Index Recheck": 0,"Workers": []}]},{"Node Type": "Index Scan","Parent Relationship": "Inner","Parallel Aware": false,"Async Capable": false,"Scan Direction": "Forward","Index Name": "idx_lineitem_orderkey","Relation Name": "lineitem","Alias": "lineitem","Startup Cost": 0.43,"Total Cost": 1.14,"Plan Rows": 5,"Plan Width": 24,"Actual Startup Time": 0.016,"Actual Total Time": 0.017,"Actual Rows": 1,"Actual Loops": 119380,"Index Cond": "(l_orderkey = orders.o_orderkey)","Rows Removed by Index Recheck": 0,"Filter": "((l_shipdate >= '1995-01-01'::date) AND (l_shipdate <= '1996-12-31'::date))","Rows Removed by Filter": 3,"Workers": []}]},{"Node Type": "Hash","Parent Relationship": "Inner","Parallel Aware": false,"Async Capable": false,"Startup Cost": 354.10,"Total Cost": 354.10,"Plan Rows": 784,"Plan Width": 108,"Actual Startup Time": 8.625,"Actual Total Time": 8.640,"Actual Rows": 766,"Actual Loops": 3,"Hash Buckets": 1024,"Original Hash Buckets": 1024,"Hash Batches": 1,"Original Hash Batches": 1,"Peak Memory Usage": 55,"Workers": [],"Plans": [{"Node Type": "Hash Join","Parent Relationship": "Outer","Parallel Aware": false,"Async Capable": false,"Join Type": "Inner","Startup Cost": 1.40,"Total Cost": 354.10,"Plan Rows": 784,"Plan Width": 108,"Actual Startup Time": 0.088,"Actual Total Time": 8.429,"Actual Rows": 766,"Actual Loops": 3,"Inner Unique": true,"Hash Cond": "(supplier.s_nationkey = n1.n_nationkey)","Workers": [],"Plans": [{"Node Type": "Seq Scan","Parent Relationship": "Outer","Parallel Aware": false,"Async Capable": false,"Relation Name": "supplier","Alias": "supplier","Startup Cost": 0.00,"Total Cost": 322.00,"Plan Rows": 10000,"Plan Width": 8,"Actual Startup Time": 0.034,"Actual Total Time": 4.559,"Actual Rows": 10000,"Actual Loops": 3,"Workers": []},{"Node Type": "Hash","Parent Relationship": "Inner","Parallel Aware": false,"Async Capable": false,"Startup Cost": 1.38,"Total Cost": 1.38,"Plan Rows": 2,"Plan Width": 108,"Actual Startup Time": 0.022,"Actual Total Time": 0.026,"Actual Rows": 2,"Actual Loops": 3,"Hash Buckets": 1024,"Original Hash Buckets": 1024,"Hash Batches": 1,"Original Hash Batches": 1,"Peak Memory Usage": 9,"Workers": [],"Plans": [{"Node Type": "Seq Scan","Parent Relationship": "Outer","Parallel Aware": false,"Async Capable": false,"Relation Name": "nation","Alias": "n1","Startup Cost": 0.00,"Total Cost": 1.38,"Plan Rows": 2,"Plan Width": 108,"Actual Startup Time": 0.009,"Actual Total Time": 0.014,"Actual Rows": 2,"Actual Loops": 3,"Filter": "((n_name = 'MOROCCO'::bpchar) OR (n_name = 'UNITED STATES'::bpchar))","Rows Removed by Filter": 23,"Workers": []}]}]}]}]}]}]}]}]},"Planning Time": 9.014,"Triggers": [],"Execution Time": 979.450}]
[{"Plan": {"Node Type": "Aggregate","Strategy": "Sorted","Partial Mode": "Finalize","Parallel Aware": false,"Async Capable": false,"Startup Cost": 72556.41,"Total Cost": 73352.71,"Plan Rows": 5893,"Plan Width": 272,"Actual Startup Time": 943.094,"Actual Total Time": 987.130,"Actual Rows": 4,"Actual Loops": 1,"Group Key": ["n1.n_name", "n2.n_name", "(EXTRACT(year FROM lineitem.l_shipdate))"],"Plans": [{"Node Type": "Gather Merge","Parent Relationship": "Outer","Parallel Aware": false,"Async Capable": false,"Startup Cost": 72556.41,"Total Cost": 73202.94,"Plan Rows": 4910,"Plan Width": 272,"Actual Startup Time": 942.628,"Actual Total Time": 987.037,"Actual Rows": 12,"Actual Loops": 1,"Workers Planned": 2,"Workers Launched": 2,"Plans": [{"Node Type": "Aggregate","Strategy": "Sorted","Partial Mode": "Partial","Parent Relationship": "Outer","Parallel Aware": false,"Async Capable": false,"Startup Cost": 71556.39,"Total Cost": 71636.18,"Plan Rows": 2455,"Plan Width": 272,"Actual Startup Time": 933.713,"Actual Total Time": 934.466,"Actual Rows": 4,"Actual Loops": 3,"Group Key": ["n1.n_name", "n2.n_name", "(EXTRACT(year FROM lineitem.l_shipdate))"],"Workers": [],"Plans": [{"Node Type": "Sort","Parent Relationship": "Outer","Parallel Aware": false,"Async Capable": false,"Startup Cost": 71556.39,"Total Cost": 71562.53,"Plan Rows": 2455,"Plan Width": 252,"Actual Startup Time": 933.429,"Actual Total Time": 933.546,"Actual Rows": 2014,"Actual Loops": 3,"Sort Key": ["n1.n_name", "n2.n_name", "(EXTRACT(year FROM lineitem.l_shipdate))"],"Sort Method": "quicksort","Sort Space Used": 328,"Sort Space Type": "Memory","Workers": [{"Worker Number": 0,"Sort Method": "quicksort","Sort Space Used": 258,"Sort Space Type": "Memory"},{"Worker Number": 1,"Sort Method": "quicksort","Sort Space Used": 269,"Sort Space Type": "Memory"}],"Plans": [{"Node Type": "Hash Join","Parent Relationship": "Outer","Parallel Aware": false,"Async Capable": false,"Join Type": "Inner","Startup Cost": 366.16,"Total Cost": 71418.15,"Plan Rows": 2455,"Plan Width": 252,"Actual Startup Time": 12.830,"Actual Total Time": 931.570,"Actual Rows": 2014,"Actual Loops": 3,"Inner Unique": false,"Hash Cond": "(lineitem.l_suppkey = supplier.s_suppkey)","Join Filter": "(((n1.n_name = 'CANADA'::bpchar) AND (n2.n_name = 'FRANCE'::bpchar)) OR ((n1.n_name = 'FRANCE'::bpchar) AND (n2.n_name = 'CANADA'::bpchar)))","Rows Removed by Join Filter": 2002,"Workers": [],"Plans": [{"Node Type": "Nested Loop","Parent Relationship": "Outer","Parallel Aware": false,"Async Capable": false,"Join Type": "Inner","Startup Cost": 2.26,"Total Cost": 70727.78,"Plan Rows": 60250,"Plan Width": 124,"Actual Startup Time": 0.552,"Actual Total Time": 913.144,"Actual Rows": 49693,"Actual Loops": 3,"Inner Unique": false,"Workers": [],"Plans": [{"Node Type": "Nested Loop","Parent Relationship": "Outer","Parallel Aware": false,"Async Capable": false,"Join Type": "Inner","Startup Cost": 1.83,"Total Cost": 12400.01,"Plan Rows": 49000,"Plan Width": 108,"Actual Startup Time": 0.322,"Actual Total Time": 226.435,"Actual Rows": 40693,"Actual Loops": 3,"Inner Unique": false,"Workers": [],"Plans": [{"Node Type": "Hash Join","Parent Relationship": "Outer","Parallel Aware": false,"Async Capable": false,"Join Type": "Inner","Startup Cost": 1.40,"Total Cost": 4403.27,"Plan Rows": 4900,"Plan Width": 108,"Actual Startup Time": 0.210,"Actual Total Time": 45.777,"Actual Rows": 4040,"Actual Loops": 3,"Inner Unique": true,"Hash Cond": "(customer.c_nationkey = n2.n_nationkey)","Workers": [],"Plans": [{"Node Type": "Seq Scan","Parent Relationship": "Outer","Parallel Aware": true,"Async Capable": false,"Relation Name": "customer","Alias": "customer","Startup Cost": 0.00,"Total Cost": 4210.00,"Plan Rows": 62500,"Plan Width": 8,"Actual Startup Time": 0.016,"Actual Total Time": 9.066,"Actual Rows": 50000,"Actual Loops": 3,"Workers": []},{"Node Type": "Hash","Parent Relationship": "Inner","Parallel Aware": false,"Async Capable": false,"Startup Cost": 1.38,"Total Cost": 1.38,"Plan Rows": 2,"Plan Width": 108,"Actual Startup Time": 0.078,"Actual Total Time": 0.084,"Actual Rows": 2,"Actual Loops": 3,"Hash Buckets": 1024,"Original Hash Buckets": 1024,"Hash Batches": 1,"Original Hash Batches": 1,"Peak Memory Usage": 9,"Workers": [],"Plans": [{"Node Type": "Seq Scan","Parent Relationship": "Outer","Parallel Aware": false,"Async Capable": false,"Relation Name": "nation","Alias": "n2","Startup Cost": 0.00,"Total Cost": 1.38,"Plan Rows": 2,"Plan Width": 108,"Actual Startup Time": 0.052,"Actual Total Time": 0.062,"Actual Rows": 2,"Actual Loops": 3,"Filter": "((n_name = 'FRANCE'::bpchar) OR (n_name = 'CANADA'::bpchar))","Rows Removed by Filter": 23,"Workers": []}]}]},{"Node Type": "Index Scan","Parent Relationship": "Inner","Parallel Aware": false,"Async Capable": false,"Scan Direction": "Forward","Index Name": "idx_orders_custkey","Relation Name": "orders","Alias": "orders","Startup Cost": 0.43,"Total Cost": 1.46,"Plan Rows": 17,"Plan Width": 8,"Actual Startup Time": 0.007,"Actual Total Time": 0.043,"Actual Rows": 10,"Actual Loops": 12120,"Index Cond": "(o_custkey = customer.c_custkey)","Rows Removed by Index Recheck": 0,"Workers": []}]},{"Node Type": "Index Scan","Parent Relationship": "Inner","Parallel Aware": false,"Async Capable": false,"Scan Direction": "Forward","Index Name": "idx_lineitem_orderkey","Relation Name": "lineitem","Alias": "lineitem","Startup Cost": 0.43,"Total Cost": 1.14,"Plan Rows": 5,"Plan Width": 24,"Actual Startup Time": 0.016,"Actual Total Time": 0.017,"Actual Rows": 1,"Actual Loops": 122080,"Index Cond": "(l_orderkey = orders.o_orderkey)","Rows Removed by Index Recheck": 0,"Filter": "((l_shipdate >= '1995-01-01'::date) AND (l_shipdate <= '1996-12-31'::date))","Rows Removed by Filter": 3,"Workers": []}]},{"Node Type": "Hash","Parent Relationship": "Inner","Parallel Aware": false,"Async Capable": false,"Startup Cost": 354.10,"Total Cost": 354.10,"Plan Rows": 784,"Plan Width": 108,"Actual Startup Time": 11.281,"Actual Total Time": 11.297,"Actual Rows": 814,"Actual Loops": 3,"Hash Buckets": 1024,"Original Hash Buckets": 1024,"Hash Batches": 1,"Original Hash Batches": 1,"Peak Memory Usage": 58,"Workers": [],"Plans": [{"Node Type": "Hash Join","Parent Relationship": "Outer","Parallel Aware": false,"Async Capable": false,"Join Type": "Inner","Startup Cost": 1.40,"Total Cost": 354.10,"Plan Rows": 784,"Plan Width": 108,"Actual Startup Time": 0.098,"Actual Total Time": 11.093,"Actual Rows": 814,"Actual Loops": 3,"Inner Unique": true,"Hash Cond": "(supplier.s_nationkey = n1.n_nationkey)","Workers": [],"Plans": [{"Node Type": "Seq Scan","Parent Relationship": "Outer","Parallel Aware": false,"Async Capable": false,"Relation Name": "supplier","Alias": "supplier","Startup Cost": 0.00,"Total Cost": 322.00,"Plan Rows": 10000,"Plan Width": 8,"Actual Startup Time": 0.033,"Actual Total Time": 4.469,"Actual Rows": 10000,"Actual Loops": 3,"Workers": []},{"Node Type": "Hash","Parent Relationship": "Inner","Parallel Aware": false,"Async Capable": false,"Startup Cost": 1.38,"Total Cost": 1.38,"Plan Rows": 2,"Plan Width": 108,"Actual Startup Time": 0.019,"Actual Total Time": 0.024,"Actual Rows": 2,"Actual Loops": 3,"Hash Buckets": 1024,"Original Hash Buckets": 1024,"Hash Batches": 1,"Original Hash Batches": 1,"Peak Memory Usage": 9,"Workers": [],"Plans": [{"Node Type": "Seq Scan","Parent Relationship": "Outer","Parallel Aware": false,"Async Capable": false,"Relation Name": "nation","Alias": "n1","Startup Cost": 0.00,"Total Cost": 1.38,"Plan Rows": 2,"Plan Width": 108,"Actual Startup Time": 0.005,"Actual Total Time": 0.014,"Actual Rows": 2,"Actual Loops": 3,"Filter": "((n_name = 'CANADA'::bpchar) OR (n_name = 'FRANCE'::bpchar))","Rows Removed by Filter": 23,"Workers": []}]}]}]}]}]}]}]}]},"Planning Time": 10.548,"Triggers": [],"Execution Time": 987.573}]
[{"Plan": {"Node Type": "Aggregate","Strategy": "Sorted","Partial Mode": "Finalize","Parallel Aware": false,"Async Capable": false,"Startup Cost": 72556.41,"Total Cost": 73352.71,"Plan Rows": 5893,"Plan Width": 272,"Actual Startup Time": 923.470,"Actual Total Time": 979.322,"Actual Rows": 4,"Actual Loops": 1,"Group Key": ["n1.n_name", "n2.n_name", "(EXTRACT(year FROM lineitem.l_shipdate))"],"Plans": [{"Node Type": "Gather Merge","Parent Relationship": "Outer","Parallel Aware": false,"Async Capable": false,"Startup Cost": 72556.41,"Total Cost": 73202.94,"Plan Rows": 4910,"Plan Width": 272,"Actual Startup Time": 923.162,"Actual Total Time": 979.261,"Actual Rows": 12,"Actual Loops": 1,"Workers Planned": 2,"Workers Launched": 2,"Plans": [{"Node Type": "Aggregate","Strategy": "Sorted","Partial Mode": "Partial","Parent Relationship": "Outer","Parallel Aware": false,"Async Capable": false,"Startup Cost": 71556.39,"Total Cost": 71636.18,"Plan Rows": 2455,"Plan Width": 272,"Actual Startup Time": 915.613,"Actual Total Time": 916.274,"Actual Rows": 4,"Actual Loops": 3,"Group Key": ["n1.n_name", "n2.n_name", "(EXTRACT(year FROM lineitem.l_shipdate))"],"Workers": [],"Plans": [{"Node Type": "Sort","Parent Relationship": "Outer","Parallel Aware": false,"Async Capable": false,"Startup Cost": 71556.39,"Total Cost": 71562.53,"Plan Rows": 2455,"Plan Width": 252,"Actual Startup Time": 915.366,"Actual Total Time": 915.469,"Actual Rows": 1915,"Actual Loops": 3,"Sort Key": ["n1.n_name", "n2.n_name", "(EXTRACT(year FROM lineitem.l_shipdate))"],"Sort Method": "quicksort","Sort Space Used": 260,"Sort Space Type": "Memory","Workers": [{"Worker Number": 0,"Sort Method": "quicksort","Sort Space Used": 252,"Sort Space Type": "Memory"},{"Worker Number": 1,"Sort Method": "quicksort","Sort Space Used": 262,"Sort Space Type": "Memory"}],"Plans": [{"Node Type": "Hash Join","Parent Relationship": "Outer","Parallel Aware": false,"Async Capable": false,"Join Type": "Inner","Startup Cost": 366.16,"Total Cost": 71418.15,"Plan Rows": 2455,"Plan Width": 252,"Actual Startup Time": 9.699,"Actual Total Time": 913.607,"Actual Rows": 1915,"Actual Loops": 3,"Inner Unique": false,"Hash Cond": "(lineitem.l_suppkey = supplier.s_suppkey)","Join Filter": "(((n1.n_name = 'UNITED STATES'::bpchar) AND (n2.n_name = 'IRAN'::bpchar)) OR ((n1.n_name = 'IRAN'::bpchar) AND (n2.n_name = 'UNITED STATES'::bpchar)))","Rows Removed by Join Filter": 1901,"Workers": [],"Plans": [{"Node Type": "Nested Loop","Parent Relationship": "Outer","Parallel Aware": false,"Async Capable": false,"Join Type": "Inner","Startup Cost": 2.26,"Total Cost": 70727.78,"Plan Rows": 60250,"Plan Width": 124,"Actual Startup Time": 0.629,"Actual Total Time": 898.686,"Actual Rows": 48382,"Actual Loops": 3,"Inner Unique": false,"Workers": [],"Plans": [{"Node Type": "Nested Loop","Parent Relationship": "Outer","Parallel Aware": false,"Async Capable": false,"Join Type": "Inner","Startup Cost": 1.83,"Total Cost": 12400.01,"Plan Rows": 49000,"Plan Width": 108,"Actual Startup Time": 0.338,"Actual Total Time": 226.201,"Actual Rows": 39865,"Actual Loops": 3,"Inner Unique": false,"Workers": [],"Plans": [{"Node Type": "Hash Join","Parent Relationship": "Outer","Parallel Aware": false,"Async Capable": false,"Join Type": "Inner","Startup Cost": 1.40,"Total Cost": 4403.27,"Plan Rows": 4900,"Plan Width": 108,"Actual Startup Time": 0.194,"Actual Total Time": 46.268,"Actual Rows": 3997,"Actual Loops": 3,"Inner Unique": true,"Hash Cond": "(customer.c_nationkey = n2.n_nationkey)","Workers": [],"Plans": [{"Node Type": "Seq Scan","Parent Relationship": "Outer","Parallel Aware": true,"Async Capable": false,"Relation Name": "customer","Alias": "customer","Startup Cost": 0.00,"Total Cost": 4210.00,"Plan Rows": 62500,"Plan Width": 8,"Actual Startup Time": 0.014,"Actual Total Time": 9.580,"Actual Rows": 50000,"Actual Loops": 3,"Workers": []},{"Node Type": "Hash","Parent Relationship": "Inner","Parallel Aware": false,"Async Capable": false,"Startup Cost": 1.38,"Total Cost": 1.38,"Plan Rows": 2,"Plan Width": 108,"Actual Startup Time": 0.082,"Actual Total Time": 0.088,"Actual Rows": 2,"Actual Loops": 3,"Hash Buckets": 1024,"Original Hash Buckets": 1024,"Hash Batches": 1,"Original Hash Batches": 1,"Peak Memory Usage": 9,"Workers": [],"Plans": [{"Node Type": "Seq Scan","Parent Relationship": "Outer","Parallel Aware": false,"Async Capable": false,"Relation Name": "nation","Alias": "n2","Startup Cost": 0.00,"Total Cost": 1.38,"Plan Rows": 2,"Plan Width": 108,"Actual Startup Time": 0.060,"Actual Total Time": 0.066,"Actual Rows": 2,"Actual Loops": 3,"Filter": "((n_name = 'IRAN'::bpchar) OR (n_name = 'UNITED STATES'::bpchar))","Rows Removed by Filter": 23,"Workers": []}]}]},{"Node Type": "Index Scan","Parent Relationship": "Inner","Parallel Aware": false,"Async Capable": false,"Scan Direction": "Forward","Index Name": "idx_orders_custkey","Relation Name": "orders","Alias": "orders","Startup Cost": 0.43,"Total Cost": 1.46,"Plan Rows": 17,"Plan Width": 8,"Actual Startup Time": 0.007,"Actual Total Time": 0.044,"Actual Rows": 10,"Actual Loops": 11992,"Index Cond": "(o_custkey = customer.c_custkey)","Rows Removed by Index Recheck": 0,"Workers": []}]},{"Node Type": "Index Scan","Parent Relationship": "Inner","Parallel Aware": false,"Async Capable": false,"Scan Direction": "Forward","Index Name": "idx_lineitem_orderkey","Relation Name": "lineitem","Alias": "lineitem","Startup Cost": 0.43,"Total Cost": 1.14,"Plan Rows": 5,"Plan Width": 24,"Actual Startup Time": 0.016,"Actual Total Time": 0.017,"Actual Rows": 1,"Actual Loops": 119596,"Index Cond": "(l_orderkey = orders.o_orderkey)","Rows Removed by Index Recheck": 0,"Filter": "((l_shipdate >= '1995-01-01'::date) AND (l_shipdate <= '1996-12-31'::date))","Rows Removed by Filter": 3,"Workers": []}]},{"Node Type": "Hash","Parent Relationship": "Inner","Parallel Aware": false,"Async Capable": false,"Startup Cost": 354.10,"Total Cost": 354.10,"Plan Rows": 784,"Plan Width": 108,"Actual Startup Time": 7.920,"Actual Total Time": 7.933,"Actual Rows": 786,"Actual Loops": 3,"Hash Buckets": 1024,"Original Hash Buckets": 1024,"Hash Batches": 1,"Original Hash Batches": 1,"Peak Memory Usage": 56,"Workers": [],"Plans": [{"Node Type": "Hash Join","Parent Relationship": "Outer","Parallel Aware": false,"Async Capable": false,"Join Type": "Inner","Startup Cost": 1.40,"Total Cost": 354.10,"Plan Rows": 784,"Plan Width": 108,"Actual Startup Time": 0.098,"Actual Total Time": 7.730,"Actual Rows": 786,"Actual Loops": 3,"Inner Unique": true,"Hash Cond": "(supplier.s_nationkey = n1.n_nationkey)","Workers": [],"Plans": [{"Node Type": "Seq Scan","Parent Relationship": "Outer","Parallel Aware": false,"Async Capable": false,"Relation Name": "supplier","Alias": "supplier","Startup Cost": 0.00,"Total Cost": 322.00,"Plan Rows": 10000,"Plan Width": 8,"Actual Startup Time": 0.042,"Actual Total Time": 4.213,"Actual Rows": 10000,"Actual Loops": 3,"Workers": []},{"Node Type": "Hash","Parent Relationship": "Inner","Parallel Aware": false,"Async Capable": false,"Startup Cost": 1.38,"Total Cost": 1.38,"Plan Rows": 2,"Plan Width": 108,"Actual Startup Time": 0.019,"Actual Total Time": 0.024,"Actual Rows": 2,"Actual Loops": 3,"Hash Buckets": 1024,"Original Hash Buckets": 1024,"Hash Batches": 1,"Original Hash Batches": 1,"Peak Memory Usage": 9,"Workers": [],"Plans": [{"Node Type": "Seq Scan","Parent Relationship": "Outer","Parallel Aware": false,"Async Capable": false,"Relation Name": "nation","Alias": "n1","Startup Cost": 0.00,"Total Cost": 1.38,"Plan Rows": 2,"Plan Width": 108,"Actual Startup Time": 0.007,"Actual Total Time": 0.013,"Actual Rows": 2,"Actual Loops": 3,"Filter": "((n_name = 'UNITED STATES'::bpchar) OR (n_name = 'IRAN'::bpchar))","Rows Removed by Filter": 23,"Workers": []}]}]}]}]}]}]}]}]},"Planning Time": 8.704,"Triggers": [],"Execution Time": 979.755}]
[{"Plan": {"Node Type": "Aggregate","Strategy": "Sorted","Partial Mode": "Finalize","Parallel Aware": false,"Async Capable": false,"Startup Cost": 72556.41,"Total Cost": 73352.71,"Plan Rows": 5893,"Plan Width": 272,"Actual Startup Time": 916.758,"Actual Total Time": 960.727,"Actual Rows": 4,"Actual Loops": 1,"Group Key": ["n1.n_name", "n2.n_name", "(EXTRACT(year FROM lineitem.l_shipdate))"],"Plans": [{"Node Type": "Gather Merge","Parent Relationship": "Outer","Parallel Aware": false,"Async Capable": false,"Startup Cost": 72556.41,"Total Cost": 73202.94,"Plan Rows": 4910,"Plan Width": 272,"Actual Startup Time": 916.399,"Actual Total Time": 960.642,"Actual Rows": 12,"Actual Loops": 1,"Workers Planned": 2,"Workers Launched": 2,"Plans": [{"Node Type": "Aggregate","Strategy": "Sorted","Partial Mode": "Partial","Parent Relationship": "Outer","Parallel Aware": false,"Async Capable": false,"Startup Cost": 71556.39,"Total Cost": 71636.18,"Plan Rows": 2455,"Plan Width": 272,"Actual Startup Time": 908.210,"Actual Total Time": 908.911,"Actual Rows": 4,"Actual Loops": 3,"Group Key": ["n1.n_name", "n2.n_name", "(EXTRACT(year FROM lineitem.l_shipdate))"],"Workers": [],"Plans": [{"Node Type": "Sort","Parent Relationship": "Outer","Parallel Aware": false,"Async Capable": false,"Startup Cost": 71556.39,"Total Cost": 71562.53,"Plan Rows": 2455,"Plan Width": 252,"Actual Startup Time": 907.952,"Actual Total Time": 908.064,"Actual Rows": 1980,"Actual Loops": 3,"Sort Key": ["n1.n_name", "n2.n_name", "(EXTRACT(year FROM lineitem.l_shipdate))"],"Sort Method": "quicksort","Sort Space Used": 268,"Sort Space Type": "Memory","Workers": [{"Worker Number": 0,"Sort Method": "quicksort","Sort Space Used": 261,"Sort Space Type": "Memory"},{"Worker Number": 1,"Sort Method": "quicksort","Sort Space Used": 266,"Sort Space Type": "Memory"}],"Plans": [{"Node Type": "Hash Join","Parent Relationship": "Outer","Parallel Aware": false,"Async Capable": false,"Join Type": "Inner","Startup Cost": 366.16,"Total Cost": 71418.15,"Plan Rows": 2455,"Plan Width": 252,"Actual Startup Time": 12.688,"Actual Total Time": 906.120,"Actual Rows": 1980,"Actual Loops": 3,"Inner Unique": false,"Hash Cond": "(lineitem.l_suppkey = supplier.s_suppkey)","Join Filter": "(((n1.n_name = 'GERMANY'::bpchar) AND (n2.n_name = 'ARGENTINA'::bpchar)) OR ((n1.n_name = 'ARGENTINA'::bpchar) AND (n2.n_name = 'GERMANY'::bpchar)))","Rows Removed by Join Filter": 1918,"Workers": [],"Plans": [{"Node Type": "Nested Loop","Parent Relationship": "Outer","Parallel Aware": false,"Async Capable": false,"Join Type": "Inner","Startup Cost": 2.26,"Total Cost": 70727.78,"Plan Rows": 60250,"Plan Width": 124,"Actual Startup Time": 0.697,"Actual Total Time": 888.678,"Actual Rows": 48614,"Actual Loops": 3,"Inner Unique": false,"Workers": [],"Plans": [{"Node Type": "Nested Loop","Parent Relationship": "Outer","Parallel Aware": false,"Async Capable": false,"Join Type": "Inner","Startup Cost": 1.83,"Total Cost": 12400.01,"Plan Rows": 49000,"Plan Width": 108,"Actual Startup Time": 0.275,"Actual Total Time": 219.703,"Actual Rows": 39757,"Actual Loops": 3,"Inner Unique": false,"Workers": [],"Plans": [{"Node Type": "Hash Join","Parent Relationship": "Outer","Parallel Aware": false,"Async Capable": false,"Join Type": "Inner","Startup Cost": 1.40,"Total Cost": 4403.27,"Plan Rows": 4900,"Plan Width": 108,"Actual Startup Time": 0.166,"Actual Total Time": 42.990,"Actual Rows": 3961,"Actual Loops": 3,"Inner Unique": true,"Hash Cond": "(customer.c_nationkey = n2.n_nationkey)","Workers": [],"Plans": [{"Node Type": "Seq Scan","Parent Relationship": "Outer","Parallel Aware": true,"Async Capable": false,"Relation Name": "customer","Alias": "customer","Startup Cost": 0.00,"Total Cost": 4210.00,"Plan Rows": 62500,"Plan Width": 8,"Actual Startup Time": 0.019,"Actual Total Time": 9.087,"Actual Rows": 50000,"Actual Loops": 3,"Workers": []},{"Node Type": "Hash","Parent Relationship": "Inner","Parallel Aware": false,"Async Capable": false,"Startup Cost": 1.38,"Total Cost": 1.38,"Plan Rows": 2,"Plan Width": 108,"Actual Startup Time": 0.068,"Actual Total Time": 0.076,"Actual Rows": 2,"Actual Loops": 3,"Hash Buckets": 1024,"Original Hash Buckets": 1024,"Hash Batches": 1,"Original Hash Batches": 1,"Peak Memory Usage": 9,"Workers": [],"Plans": [{"Node Type": "Seq Scan","Parent Relationship": "Outer","Parallel Aware": false,"Async Capable": false,"Relation Name": "nation","Alias": "n2","Startup Cost": 0.00,"Total Cost": 1.38,"Plan Rows": 2,"Plan Width": 108,"Actual Startup Time": 0.051,"Actual Total Time": 0.059,"Actual Rows": 2,"Actual Loops": 3,"Filter": "((n_name = 'ARGENTINA'::bpchar) OR (n_name = 'GERMANY'::bpchar))","Rows Removed by Filter": 23,"Workers": []}]}]},{"Node Type": "Index Scan","Parent Relationship": "Inner","Parallel Aware": false,"Async Capable": false,"Scan Direction": "Forward","Index Name": "idx_orders_custkey","Relation Name": "orders","Alias": "orders","Startup Cost": 0.43,"Total Cost": 1.46,"Plan Rows": 17,"Plan Width": 8,"Actual Startup Time": 0.007,"Actual Total Time": 0.043,"Actual Rows": 10,"Actual Loops": 11883,"Index Cond": "(o_custkey = customer.c_custkey)","Rows Removed by Index Recheck": 0,"Workers": []}]},{"Node Type": "Index Scan","Parent Relationship": "Inner","Parallel Aware": false,"Async Capable": false,"Scan Direction": "Forward","Index Name": "idx_lineitem_orderkey","Relation Name": "lineitem","Alias": "lineitem","Startup Cost": 0.43,"Total Cost": 1.14,"Plan Rows": 5,"Plan Width": 24,"Actual Startup Time": 0.016,"Actual Total Time": 0.017,"Actual Rows": 1,"Actual Loops": 119271,"Index Cond": "(l_orderkey = orders.o_orderkey)","Rows Removed by Index Recheck": 0,"Filter": "((l_shipdate >= '1995-01-01'::date) AND (l_shipdate <= '1996-12-31'::date))","Rows Removed by Filter": 3,"Workers": []}]},{"Node Type": "Hash","Parent Relationship": "Inner","Parallel Aware": false,"Async Capable": false,"Startup Cost": 354.10,"Total Cost": 354.10,"Plan Rows": 784,"Plan Width": 108,"Actual Startup Time": 10.372,"Actual Total Time": 10.386,"Actual Rows": 809,"Actual Loops": 3,"Hash Buckets": 1024,"Original Hash Buckets": 1024,"Hash Batches": 1,"Original Hash Batches": 1,"Peak Memory Usage": 57,"Workers": [],"Plans": [{"Node Type": "Hash Join","Parent Relationship": "Outer","Parallel Aware": false,"Async Capable": false,"Join Type": "Inner","Startup Cost": 1.40,"Total Cost": 354.10,"Plan Rows": 784,"Plan Width": 108,"Actual Startup Time": 0.066,"Actual Total Time": 10.188,"Actual Rows": 809,"Actual Loops": 3,"Inner Unique": true,"Hash Cond": "(supplier.s_nationkey = n1.n_nationkey)","Workers": [],"Plans": [{"Node Type": "Seq Scan","Parent Relationship": "Outer","Parallel Aware": false,"Async Capable": false,"Relation Name": "supplier","Alias": "supplier","Startup Cost": 0.00,"Total Cost": 322.00,"Plan Rows": 10000,"Plan Width": 8,"Actual Startup Time": 0.030,"Actual Total Time": 4.200,"Actual Rows": 10000,"Actual Loops": 3,"Workers": []},{"Node Type": "Hash","Parent Relationship": "Inner","Parallel Aware": false,"Async Capable": false,"Startup Cost": 1.38,"Total Cost": 1.38,"Plan Rows": 2,"Plan Width": 108,"Actual Startup Time": 0.011,"Actual Total Time": 0.016,"Actual Rows": 2,"Actual Loops": 3,"Hash Buckets": 1024,"Original Hash Buckets": 1024,"Hash Batches": 1,"Original Hash Batches": 1,"Peak Memory Usage": 9,"Workers": [],"Plans": [{"Node Type": "Seq Scan","Parent Relationship": "Outer","Parallel Aware": false,"Async Capable": false,"Relation Name": "nation","Alias": "n1","Startup Cost": 0.00,"Total Cost": 1.38,"Plan Rows": 2,"Plan Width": 108,"Actual Startup Time": 0.003,"Actual Total Time": 0.008,"Actual Rows": 2,"Actual Loops": 3,"Filter": "((n_name = 'GERMANY'::bpchar) OR (n_name = 'ARGENTINA'::bpchar))","Rows Removed by Filter": 23,"Workers": []}]}]}]}]}]}]}]}]},"Planning Time": 9.896,"Triggers": [],"Execution Time": 961.143}]
[{"Plan": {"Node Type": "Aggregate","Strategy": "Sorted","Partial Mode": "Finalize","Parallel Aware": false,"Async Capable": false,"Startup Cost": 72556.41,"Total Cost": 73352.71,"Plan Rows": 5893,"Plan Width": 272,"Actual Startup Time": 940.027,"Actual Total Time": 991.757,"Actual Rows": 4,"Actual Loops": 1,"Group Key": ["n1.n_name", "n2.n_name", "(EXTRACT(year FROM lineitem.l_shipdate))"],"Plans": [{"Node Type": "Gather Merge","Parent Relationship": "Outer","Parallel Aware": false,"Async Capable": false,"Startup Cost": 72556.41,"Total Cost": 73202.94,"Plan Rows": 4910,"Plan Width": 272,"Actual Startup Time": 939.359,"Actual Total Time": 991.692,"Actual Rows": 12,"Actual Loops": 1,"Workers Planned": 2,"Workers Launched": 2,"Plans": [{"Node Type": "Aggregate","Strategy": "Sorted","Partial Mode": "Partial","Parent Relationship": "Outer","Parallel Aware": false,"Async Capable": false,"Startup Cost": 71556.39,"Total Cost": 71636.18,"Plan Rows": 2455,"Plan Width": 272,"Actual Startup Time": 930.654,"Actual Total Time": 931.458,"Actual Rows": 4,"Actual Loops": 3,"Group Key": ["n1.n_name", "n2.n_name", "(EXTRACT(year FROM lineitem.l_shipdate))"],"Workers": [],"Plans": [{"Node Type": "Sort","Parent Relationship": "Outer","Parallel Aware": false,"Async Capable": false,"Startup Cost": 71556.39,"Total Cost": 71562.53,"Plan Rows": 2455,"Plan Width": 252,"Actual Startup Time": 930.385,"Actual Total Time": 930.495,"Actual Rows": 1910,"Actual Loops": 3,"Sort Key": ["n1.n_name", "n2.n_name", "(EXTRACT(year FROM lineitem.l_shipdate))"],"Sort Method": "quicksort","Sort Space Used": 257,"Sort Space Type": "Memory","Workers": [{"Worker Number": 0,"Sort Method": "quicksort","Sort Space Used": 254,"Sort Space Type": "Memory"},{"Worker Number": 1,"Sort Method": "quicksort","Sort Space Used": 261,"Sort Space Type": "Memory"}],"Plans": [{"Node Type": "Hash Join","Parent Relationship": "Outer","Parallel Aware": false,"Async Capable": false,"Join Type": "Inner","Startup Cost": 366.16,"Total Cost": 71418.15,"Plan Rows": 2455,"Plan Width": 252,"Actual Startup Time": 10.199,"Actual Total Time": 928.530,"Actual Rows": 1910,"Actual Loops": 3,"Inner Unique": false,"Hash Cond": "(lineitem.l_suppkey = supplier.s_suppkey)","Join Filter": "(((n1.n_name = 'MOROCCO'::bpchar) AND (n2.n_name = 'FRANCE'::bpchar)) OR ((n1.n_name = 'FRANCE'::bpchar) AND (n2.n_name = 'MOROCCO'::bpchar)))","Rows Removed by Join Filter": 1906,"Workers": [],"Plans": [{"Node Type": "Nested Loop","Parent Relationship": "Outer","Parallel Aware": false,"Async Capable": false,"Join Type": "Inner","Startup Cost": 2.26,"Total Cost": 70727.78,"Plan Rows": 60250,"Plan Width": 124,"Actual Startup Time": 0.688,"Actual Total Time": 912.803,"Actual Rows": 49495,"Actual Loops": 3,"Inner Unique": false,"Workers": [],"Plans": [{"Node Type": "Nested Loop","Parent Relationship": "Outer","Parallel Aware": false,"Async Capable": false,"Join Type": "Inner","Startup Cost": 1.83,"Total Cost": 12400.01,"Plan Rows": 49000,"Plan Width": 108,"Actual Startup Time": 0.284,"Actual Total Time": 228.330,"Actual Rows": 40353,"Actual Loops": 3,"Inner Unique": false,"Workers": [],"Plans": [{"Node Type": "Hash Join","Parent Relationship": "Outer","Parallel Aware": false,"Async Capable": false,"Join Type": "Inner","Startup Cost": 1.40,"Total Cost": 4403.27,"Plan Rows": 4900,"Plan Width": 108,"Actual Startup Time": 0.169,"Actual Total Time": 47.590,"Actual Rows": 4007,"Actual Loops": 3,"Inner Unique": true,"Hash Cond": "(customer.c_nationkey = n2.n_nationkey)","Workers": [],"Plans": [{"Node Type": "Seq Scan","Parent Relationship": "Outer","Parallel Aware": true,"Async Capable": false,"Relation Name": "customer","Alias": "customer","Startup Cost": 0.00,"Total Cost": 4210.00,"Plan Rows": 62500,"Plan Width": 8,"Actual Startup Time": 0.015,"Actual Total Time": 9.640,"Actual Rows": 50000,"Actual Loops": 3,"Workers": []},{"Node Type": "Hash","Parent Relationship": "Inner","Parallel Aware": false,"Async Capable": false,"Startup Cost": 1.38,"Total Cost": 1.38,"Plan Rows": 2,"Plan Width": 108,"Actual Startup Time": 0.067,"Actual Total Time": 0.075,"Actual Rows": 2,"Actual Loops": 3,"Hash Buckets": 1024,"Original Hash Buckets": 1024,"Hash Batches": 1,"Original Hash Batches": 1,"Peak Memory Usage": 9,"Workers": [],"Plans": [{"Node Type": "Seq Scan","Parent Relationship": "Outer","Parallel Aware": false,"Async Capable": false,"Relation Name": "nation","Alias": "n2","Startup Cost": 0.00,"Total Cost": 1.38,"Plan Rows": 2,"Plan Width": 108,"Actual Startup Time": 0.049,"Actual Total Time": 0.057,"Actual Rows": 2,"Actual Loops": 3,"Filter": "((n_name = 'FRANCE'::bpchar) OR (n_name = 'MOROCCO'::bpchar))","Rows Removed by Filter": 23,"Workers": []}]}]},{"Node Type": "Index Scan","Parent Relationship": "Inner","Parallel Aware": false,"Async Capable": false,"Scan Direction": "Forward","Index Name": "idx_orders_custkey","Relation Name": "orders","Alias": "orders","Startup Cost": 0.43,"Total Cost": 1.46,"Plan Rows": 17,"Plan Width": 8,"Actual Startup Time": 0.007,"Actual Total Time": 0.044,"Actual Rows": 10,"Actual Loops": 12021,"Index Cond": "(o_custkey = customer.c_custkey)","Rows Removed by Index Recheck": 0,"Workers": []}]},{"Node Type": "Index Scan","Parent Relationship": "Inner","Parallel Aware": false,"Async Capable": false,"Scan Direction": "Forward","Index Name": "idx_lineitem_orderkey","Relation Name": "lineitem","Alias": "lineitem","Startup Cost": 0.43,"Total Cost": 1.14,"Plan Rows": 5,"Plan Width": 24,"Actual Startup Time": 0.016,"Actual Total Time": 0.017,"Actual Rows": 1,"Actual Loops": 121059,"Index Cond": "(l_orderkey = orders.o_orderkey)","Rows Removed by Index Recheck": 0,"Filter": "((l_shipdate >= '1995-01-01'::date) AND (l_shipdate <= '1996-12-31'::date))","Rows Removed by Filter": 3,"Workers": []}]},{"Node Type": "Hash","Parent Relationship": "Inner","Parallel Aware": false,"Async Capable": false,"Startup Cost": 354.10,"Total Cost": 354.10,"Plan Rows": 784,"Plan Width": 108,"Actual Startup Time": 8.667,"Actual Total Time": 8.679,"Actual Rows": 775,"Actual Loops": 3,"Hash Buckets": 1024,"Original Hash Buckets": 1024,"Hash Batches": 1,"Original Hash Batches": 1,"Peak Memory Usage": 55,"Workers": [],"Plans": [{"Node Type": "Hash Join","Parent Relationship": "Outer","Parallel Aware": false,"Async Capable": false,"Join Type": "Inner","Startup Cost": 1.40,"Total Cost": 354.10,"Plan Rows": 784,"Plan Width": 108,"Actual Startup Time": 0.080,"Actual Total Time": 8.477,"Actual Rows": 775,"Actual Loops": 3,"Inner Unique": true,"Hash Cond": "(supplier.s_nationkey = n1.n_nationkey)","Workers": [],"Plans": [{"Node Type": "Seq Scan","Parent Relationship": "Outer","Parallel Aware": false,"Async Capable": false,"Relation Name": "supplier","Alias": "supplier","Startup Cost": 0.00,"Total Cost": 322.00,"Plan Rows": 10000,"Plan Width": 8,"Actual Startup Time": 0.030,"Actual Total Time": 4.480,"Actual Rows": 10000,"Actual Loops": 3,"Workers": []},{"Node Type": "Hash","Parent Relationship": "Inner","Parallel Aware": false,"Async Capable": false,"Startup Cost": 1.38,"Total Cost": 1.38,"Plan Rows": 2,"Plan Width": 108,"Actual Startup Time": 0.017,"Actual Total Time": 0.022,"Actual Rows": 2,"Actual Loops": 3,"Hash Buckets": 1024,"Original Hash Buckets": 1024,"Hash Batches": 1,"Original Hash Batches": 1,"Peak Memory Usage": 9,"Workers": [],"Plans": [{"Node Type": "Seq Scan","Parent Relationship": "Outer","Parallel Aware": false,"Async Capable": false,"Relation Name": "nation","Alias": "n1","Startup Cost": 0.00,"Total Cost": 1.38,"Plan Rows": 2,"Plan Width": 108,"Actual Startup Time": 0.006,"Actual Total Time": 0.013,"Actual Rows": 2,"Actual Loops": 3,"Filter": "((n_name = 'MOROCCO'::bpchar) OR (n_name = 'FRANCE'::bpchar))","Rows Removed by Filter": 23,"Workers": []}]}]}]}]}]}]}]}]},"Planning Time": 9.286,"Triggers": [],"Execution Time": 992.149}]
[{"Plan": {"Node Type": "Aggregate","Strategy": "Sorted","Partial Mode": "Finalize","Parallel Aware": false,"Async Capable": false,"Startup Cost": 72556.41,"Total Cost": 73352.71,"Plan Rows": 5893,"Plan Width": 272,"Actual Startup Time": 916.066,"Actual Total Time": 959.174,"Actual Rows": 4,"Actual Loops": 1,"Group Key": ["n1.n_name", "n2.n_name", "(EXTRACT(year FROM lineitem.l_shipdate))"],"Plans": [{"Node Type": "Gather Merge","Parent Relationship": "Outer","Parallel Aware": false,"Async Capable": false,"Startup Cost": 72556.41,"Total Cost": 73202.94,"Plan Rows": 4910,"Plan Width": 272,"Actual Startup Time": 915.153,"Actual Total Time": 959.086,"Actual Rows": 12,"Actual Loops": 1,"Workers Planned": 2,"Workers Launched": 2,"Plans": [{"Node Type": "Aggregate","Strategy": "Sorted","Partial Mode": "Partial","Parent Relationship": "Outer","Parallel Aware": false,"Async Capable": false,"Startup Cost": 71556.39,"Total Cost": 71636.18,"Plan Rows": 2455,"Plan Width": 272,"Actual Startup Time": 907.441,"Actual Total Time": 908.334,"Actual Rows": 4,"Actual Loops": 3,"Group Key": ["n1.n_name", "n2.n_name", "(EXTRACT(year FROM lineitem.l_shipdate))"],"Workers": [],"Plans": [{"Node Type": "Sort","Parent Relationship": "Outer","Parallel Aware": false,"Async Capable": false,"Startup Cost": 71556.39,"Total Cost": 71562.53,"Plan Rows": 2455,"Plan Width": 252,"Actual Startup Time": 907.164,"Actual Total Time": 907.287,"Actual Rows": 1915,"Actual Loops": 3,"Sort Key": ["n1.n_name", "n2.n_name", "(EXTRACT(year FROM lineitem.l_shipdate))"],"Sort Method": "quicksort","Sort Space Used": 268,"Sort Space Type": "Memory","Workers": [{"Worker Number": 0,"Sort Method": "quicksort","Sort Space Used": 252,"Sort Space Type": "Memory"},{"Worker Number": 1,"Sort Method": "quicksort","Sort Space Used": 254,"Sort Space Type": "Memory"}],"Plans": [{"Node Type": "Hash Join","Parent Relationship": "Outer","Parallel Aware": false,"Async Capable": false,"Join Type": "Inner","Startup Cost": 366.16,"Total Cost": 71418.15,"Plan Rows": 2455,"Plan Width": 252,"Actual Startup Time": 13.170,"Actual Total Time": 905.388,"Actual Rows": 1915,"Actual Loops": 3,"Inner Unique": false,"Hash Cond": "(lineitem.l_suppkey = supplier.s_suppkey)","Join Filter": "(((n1.n_name = 'BRAZIL'::bpchar) AND (n2.n_name = 'KENYA'::bpchar)) OR ((n1.n_name = 'KENYA'::bpchar) AND (n2.n_name = 'BRAZIL'::bpchar)))","Rows Removed by Join Filter": 1832,"Workers": [],"Plans": [{"Node Type": "Nested Loop","Parent Relationship": "Outer","Parallel Aware": false,"Async Capable": false,"Join Type": "Inner","Startup Cost": 2.26,"Total Cost": 70727.78,"Plan Rows": 60250,"Plan Width": 124,"Actual Startup Time": 0.847,"Actual Total Time": 888.339,"Actual Rows": 48148,"Actual Loops": 3,"Inner Unique": false,"Workers": [],"Plans": [{"Node Type": "Nested Loop","Parent Relationship": "Outer","Parallel Aware": false,"Async Capable": false,"Join Type": "Inner","Startup Cost": 1.83,"Total Cost": 12400.01,"Plan Rows": 49000,"Plan Width": 108,"Actual Startup Time": 0.296,"Actual Total Time": 221.353,"Actual Rows": 39692,"Actual Loops": 3,"Inner Unique": false,"Workers": [],"Plans": [{"Node Type": "Hash Join","Parent Relationship": "Outer","Parallel Aware": false,"Async Capable": false,"Join Type": "Inner","Startup Cost": 1.40,"Total Cost": 4403.27,"Plan Rows": 4900,"Plan Width": 108,"Actual Startup Time": 0.182,"Actual Total Time": 44.748,"Actual Rows": 3997,"Actual Loops": 3,"Inner Unique": true,"Hash Cond": "(customer.c_nationkey = n2.n_nationkey)","Workers": [],"Plans": [{"Node Type": "Seq Scan","Parent Relationship": "Outer","Parallel Aware": true,"Async Capable": false,"Relation Name": "customer","Alias": "customer","Startup Cost": 0.00,"Total Cost": 4210.00,"Plan Rows": 62500,"Plan Width": 8,"Actual Startup Time": 0.015,"Actual Total Time": 9.038,"Actual Rows": 50000,"Actual Loops": 3,"Workers": []},{"Node Type": "Hash","Parent Relationship": "Inner","Parallel Aware": false,"Async Capable": false,"Startup Cost": 1.38,"Total Cost": 1.38,"Plan Rows": 2,"Plan Width": 108,"Actual Startup Time": 0.069,"Actual Total Time": 0.076,"Actual Rows": 2,"Actual Loops": 3,"Hash Buckets": 1024,"Original Hash Buckets": 1024,"Hash Batches": 1,"Original Hash Batches": 1,"Peak Memory Usage": 9,"Workers": [],"Plans": [{"Node Type": "Seq Scan","Parent Relationship": "Outer","Parallel Aware": false,"Async Capable": false,"Relation Name": "nation","Alias": "n2","Startup Cost": 0.00,"Total Cost": 1.38,"Plan Rows": 2,"Plan Width": 108,"Actual Startup Time": 0.056,"Actual Total Time": 0.062,"Actual Rows": 2,"Actual Loops": 3,"Filter": "((n_name = 'KENYA'::bpchar) OR (n_name = 'BRAZIL'::bpchar))","Rows Removed by Filter": 23,"Workers": []}]}]},{"Node Type": "Index Scan","Parent Relationship": "Inner","Parallel Aware": false,"Async Capable": false,"Scan Direction": "Forward","Index Name": "idx_orders_custkey","Relation Name": "orders","Alias": "orders","Startup Cost": 0.43,"Total Cost": 1.46,"Plan Rows": 17,"Plan Width": 8,"Actual Startup Time": 0.007,"Actual Total Time": 0.043,"Actual Rows": 10,"Actual Loops": 11991,"Index Cond": "(o_custkey = customer.c_custkey)","Rows Removed by Index Recheck": 0,"Workers": []}]},{"Node Type": "Index Scan","Parent Relationship": "Inner","Parallel Aware": false,"Async Capable": false,"Scan Direction": "Forward","Index Name": "idx_lineitem_orderkey","Relation Name": "lineitem","Alias": "lineitem","Startup Cost": 0.43,"Total Cost": 1.14,"Plan Rows": 5,"Plan Width": 24,"Actual Startup Time": 0.016,"Actual Total Time": 0.017,"Actual Rows": 1,"Actual Loops": 119077,"Index Cond": "(l_orderkey = orders.o_orderkey)","Rows Removed by Index Recheck": 0,"Filter": "((l_shipdate >= '1995-01-01'::date) AND (l_shipdate <= '1996-12-31'::date))","Rows Removed by Filter": 3,"Workers": []}]},{"Node Type": "Hash","Parent Relationship": "Inner","Parallel Aware": false,"Async Capable": false,"Startup Cost": 354.10,"Total Cost": 354.10,"Plan Rows": 784,"Plan Width": 108,"Actual Startup Time": 10.224,"Actual Total Time": 10.238,"Actual Rows": 773,"Actual Loops": 3,"Hash Buckets": 1024,"Original Hash Buckets": 1024,"Hash Batches": 1,"Original Hash Batches": 1,"Peak Memory Usage": 55,"Workers": [],"Plans": [{"Node Type": "Hash Join","Parent Relationship": "Outer","Parallel Aware": false,"Async Capable": false,"Join Type": "Inner","Startup Cost": 1.40,"Total Cost": 354.10,"Plan Rows": 784,"Plan Width": 108,"Actual Startup Time": 0.070,"Actual Total Time": 10.054,"Actual Rows": 773,"Actual Loops": 3,"Inner Unique": true,"Hash Cond": "(supplier.s_nationkey = n1.n_nationkey)","Workers": [],"Plans": [{"Node Type": "Seq Scan","Parent Relationship": "Outer","Parallel Aware": false,"Async Capable": false,"Relation Name": "supplier","Alias": "supplier","Startup Cost": 0.00,"Total Cost": 322.00,"Plan Rows": 10000,"Plan Width": 8,"Actual Startup Time": 0.027,"Actual Total Time": 4.053,"Actual Rows": 10000,"Actual Loops": 3,"Workers": []},{"Node Type": "Hash","Parent Relationship": "Inner","Parallel Aware": false,"Async Capable": false,"Startup Cost": 1.38,"Total Cost": 1.38,"Plan Rows": 2,"Plan Width": 108,"Actual Startup Time": 0.013,"Actual Total Time": 0.019,"Actual Rows": 2,"Actual Loops": 3,"Hash Buckets": 1024,"Original Hash Buckets": 1024,"Hash Batches": 1,"Original Hash Batches": 1,"Peak Memory Usage": 9,"Workers": [],"Plans": [{"Node Type": "Seq Scan","Parent Relationship": "Outer","Parallel Aware": false,"Async Capable": false,"Relation Name": "nation","Alias": "n1","Startup Cost": 0.00,"Total Cost": 1.38,"Plan Rows": 2,"Plan Width": 108,"Actual Startup Time": 0.003,"Actual Total Time": 0.008,"Actual Rows": 2,"Actual Loops": 3,"Filter": "((n_name = 'BRAZIL'::bpchar) OR (n_name = 'KENYA'::bpchar))","Rows Removed by Filter": 23,"Workers": []}]}]}]}]}]}]}]}]},"Planning Time": 9.154,"Triggers": [],"Execution Time": 959.612}]
[{"Plan": {"Node Type": "Aggregate","Strategy": "Sorted","Partial Mode": "Finalize","Parallel Aware": false,"Async Capable": false,"Startup Cost": 72556.41,"Total Cost": 73352.71,"Plan Rows": 5893,"Plan Width": 272,"Actual Startup Time": 926.709,"Actual Total Time": 983.550,"Actual Rows": 4,"Actual Loops": 1,"Group Key": ["n1.n_name", "n2.n_name", "(EXTRACT(year FROM lineitem.l_shipdate))"],"Plans": [{"Node Type": "Gather Merge","Parent Relationship": "Outer","Parallel Aware": false,"Async Capable": false,"Startup Cost": 72556.41,"Total Cost": 73202.94,"Plan Rows": 4910,"Plan Width": 272,"Actual Startup Time": 926.224,"Actual Total Time": 983.475,"Actual Rows": 12,"Actual Loops": 1,"Workers Planned": 2,"Workers Launched": 2,"Plans": [{"Node Type": "Aggregate","Strategy": "Sorted","Partial Mode": "Partial","Parent Relationship": "Outer","Parallel Aware": false,"Async Capable": false,"Startup Cost": 71556.39,"Total Cost": 71636.18,"Plan Rows": 2455,"Plan Width": 272,"Actual Startup Time": 918.254,"Actual Total Time": 919.023,"Actual Rows": 4,"Actual Loops": 3,"Group Key": ["n1.n_name", "n2.n_name", "(EXTRACT(year FROM lineitem.l_shipdate))"],"Workers": [],"Plans": [{"Node Type": "Sort","Parent Relationship": "Outer","Parallel Aware": false,"Async Capable": false,"Startup Cost": 71556.39,"Total Cost": 71562.53,"Plan Rows": 2455,"Plan Width": 252,"Actual Startup Time": 917.959,"Actual Total Time": 918.072,"Actual Rows": 2030,"Actual Loops": 3,"Sort Key": ["n1.n_name", "n2.n_name", "(EXTRACT(year FROM lineitem.l_shipdate))"],"Sort Method": "quicksort","Sort Space Used": 324,"Sort Space Type": "Memory","Workers": [{"Worker Number": 0,"Sort Method": "quicksort","Sort Space Used": 272,"Sort Space Type": "Memory"},{"Worker Number": 1,"Sort Method": "quicksort","Sort Space Used": 263,"Sort Space Type": "Memory"}],"Plans": [{"Node Type": "Hash Join","Parent Relationship": "Outer","Parallel Aware": false,"Async Capable": false,"Join Type": "Inner","Startup Cost": 366.16,"Total Cost": 71418.15,"Plan Rows": 2455,"Plan Width": 252,"Actual Startup Time": 9.480,"Actual Total Time": 916.044,"Actual Rows": 2030,"Actual Loops": 3,"Inner Unique": false,"Hash Cond": "(lineitem.l_suppkey = supplier.s_suppkey)","Join Filter": "(((n1.n_name = 'ROMANIA'::bpchar) AND (n2.n_name = 'ALGERIA'::bpchar)) OR ((n1.n_name = 'ALGERIA'::bpchar) AND (n2.n_name = 'ROMANIA'::bpchar)))","Rows Removed by Join Filter": 2011,"Workers": [],"Plans": [{"Node Type": "Nested Loop","Parent Relationship": "Outer","Parallel Aware": false,"Async Capable": false,"Join Type": "Inner","Startup Cost": 2.26,"Total Cost": 70727.78,"Plan Rows": 60250,"Plan Width": 124,"Actual Startup Time": 0.918,"Actual Total Time": 901.726,"Actual Rows": 49005,"Actual Loops": 3,"Inner Unique": false,"Workers": [],"Plans": [{"Node Type": "Nested Loop","Parent Relationship": "Outer","Parallel Aware": false,"Async Capable": false,"Join Type": "Inner","Startup Cost": 1.83,"Total Cost": 12400.01,"Plan Rows": 49000,"Plan Width": 108,"Actual Startup Time": 0.344,"Actual Total Time": 225.715,"Actual Rows": 40211,"Actual Loops": 3,"Inner Unique": false,"Workers": [],"Plans": [{"Node Type": "Hash Join","Parent Relationship": "Outer","Parallel Aware": false,"Async Capable": false,"Join Type": "Inner","Startup Cost": 1.40,"Total Cost": 4403.27,"Plan Rows": 4900,"Plan Width": 108,"Actual Startup Time": 0.206,"Actual Total Time": 46.584,"Actual Rows": 4008,"Actual Loops": 3,"Inner Unique": true,"Hash Cond": "(customer.c_nationkey = n2.n_nationkey)","Workers": [],"Plans": [{"Node Type": "Seq Scan","Parent Relationship": "Outer","Parallel Aware": true,"Async Capable": false,"Relation Name": "customer","Alias": "customer","Startup Cost": 0.00,"Total Cost": 4210.00,"Plan Rows": 62500,"Plan Width": 8,"Actual Startup Time": 0.017,"Actual Total Time": 9.709,"Actual Rows": 50000,"Actual Loops": 3,"Workers": []},{"Node Type": "Hash","Parent Relationship": "Inner","Parallel Aware": false,"Async Capable": false,"Startup Cost": 1.38,"Total Cost": 1.38,"Plan Rows": 2,"Plan Width": 108,"Actual Startup Time": 0.083,"Actual Total Time": 0.088,"Actual Rows": 2,"Actual Loops": 3,"Hash Buckets": 1024,"Original Hash Buckets": 1024,"Hash Batches": 1,"Original Hash Batches": 1,"Peak Memory Usage": 9,"Workers": [],"Plans": [{"Node Type": "Seq Scan","Parent Relationship": "Outer","Parallel Aware": false,"Async Capable": false,"Relation Name": "nation","Alias": "n2","Startup Cost": 0.00,"Total Cost": 1.38,"Plan Rows": 2,"Plan Width": 108,"Actual Startup Time": 0.054,"Actual Total Time": 0.064,"Actual Rows": 2,"Actual Loops": 3,"Filter": "((n_name = 'ALGERIA'::bpchar) OR (n_name = 'ROMANIA'::bpchar))","Rows Removed by Filter": 23,"Workers": []}]}]},{"Node Type": "Index Scan","Parent Relationship": "Inner","Parallel Aware": false,"Async Capable": false,"Scan Direction": "Forward","Index Name": "idx_orders_custkey","Relation Name": "orders","Alias": "orders","Startup Cost": 0.43,"Total Cost": 1.46,"Plan Rows": 17,"Plan Width": 8,"Actual Startup Time": 0.007,"Actual Total Time": 0.043,"Actual Rows": 10,"Actual Loops": 12025,"Index Cond": "(o_custkey = customer.c_custkey)","Rows Removed by Index Recheck": 0,"Workers": []}]},{"Node Type": "Index Scan","Parent Relationship": "Inner","Parallel Aware": false,"Async Capable": false,"Scan Direction": "Forward","Index Name": "idx_lineitem_orderkey","Relation Name": "lineitem","Alias": "lineitem","Startup Cost": 0.43,"Total Cost": 1.14,"Plan Rows": 5,"Plan Width": 24,"Actual Startup Time": 0.016,"Actual Total Time": 0.017,"Actual Rows": 1,"Actual Loops": 120634,"Index Cond": "(l_orderkey = orders.o_orderkey)","Rows Removed by Index Recheck": 0,"Filter": "((l_shipdate >= '1995-01-01'::date) AND (l_shipdate <= '1996-12-31'::date))","Rows Removed by Filter": 3,"Workers": []}]},{"Node Type": "Hash","Parent Relationship": "Inner","Parallel Aware": false,"Async Capable": false,"Startup Cost": 354.10,"Total Cost": 354.10,"Plan Rows": 784,"Plan Width": 108,"Actual Startup Time": 7.020,"Actual Total Time": 7.036,"Actual Rows": 818,"Actual Loops": 3,"Hash Buckets": 1024,"Original Hash Buckets": 1024,"Hash Batches": 1,"Original Hash Batches": 1,"Peak Memory Usage": 58,"Workers": [],"Plans": [{"Node Type": "Hash Join","Parent Relationship": "Outer","Parallel Aware": false,"Async Capable": false,"Join Type": "Inner","Startup Cost": 1.40,"Total Cost": 354.10,"Plan Rows": 784,"Plan Width": 108,"Actual Startup Time": 0.081,"Actual Total Time": 6.834,"Actual Rows": 818,"Actual Loops": 3,"Inner Unique": true,"Hash Cond": "(supplier.s_nationkey = n1.n_nationkey)","Workers": [],"Plans": [{"Node Type": "Seq Scan","Parent Relationship": "Outer","Parallel Aware": false,"Async Capable": false,"Relation Name": "supplier","Alias": "supplier","Startup Cost": 0.00,"Total Cost": 322.00,"Plan Rows": 10000,"Plan Width": 8,"Actual Startup Time": 0.028,"Actual Total Time": 3.518,"Actual Rows": 10000,"Actual Loops": 3,"Workers": []},{"Node Type": "Hash","Parent Relationship": "Inner","Parallel Aware": false,"Async Capable": false,"Startup Cost": 1.38,"Total Cost": 1.38,"Plan Rows": 2,"Plan Width": 108,"Actual Startup Time": 0.015,"Actual Total Time": 0.021,"Actual Rows": 2,"Actual Loops": 3,"Hash Buckets": 1024,"Original Hash Buckets": 1024,"Hash Batches": 1,"Original Hash Batches": 1,"Peak Memory Usage": 9,"Workers": [],"Plans": [{"Node Type": "Seq Scan","Parent Relationship": "Outer","Parallel Aware": false,"Async Capable": false,"Relation Name": "nation","Alias": "n1","Startup Cost": 0.00,"Total Cost": 1.38,"Plan Rows": 2,"Plan Width": 108,"Actual Startup Time": 0.005,"Actual Total Time": 0.011,"Actual Rows": 2,"Actual Loops": 3,"Filter": "((n_name = 'ROMANIA'::bpchar) OR (n_name = 'ALGERIA'::bpchar))","Rows Removed by Filter": 23,"Workers": []}]}]}]}]}]}]}]}]},"Planning Time": 8.583,"Triggers": [],"Execution Time": 984.023}]
[{"Plan": {"Node Type": "Aggregate","Strategy": "Sorted","Partial Mode": "Finalize","Parallel Aware": false,"Async Capable": false,"Startup Cost": 72556.41,"Total Cost": 73352.71,"Plan Rows": 5893,"Plan Width": 272,"Actual Startup Time": 928.869,"Actual Total Time": 985.928,"Actual Rows": 4,"Actual Loops": 1,"Group Key": ["n1.n_name", "n2.n_name", "(EXTRACT(year FROM lineitem.l_shipdate))"],"Plans": [{"Node Type": "Gather Merge","Parent Relationship": "Outer","Parallel Aware": false,"Async Capable": false,"Startup Cost": 72556.41,"Total Cost": 73202.94,"Plan Rows": 4910,"Plan Width": 272,"Actual Startup Time": 928.576,"Actual Total Time": 985.832,"Actual Rows": 12,"Actual Loops": 1,"Workers Planned": 2,"Workers Launched": 2,"Plans": [{"Node Type": "Aggregate","Strategy": "Sorted","Partial Mode": "Partial","Parent Relationship": "Outer","Parallel Aware": false,"Async Capable": false,"Startup Cost": 71556.39,"Total Cost": 71636.18,"Plan Rows": 2455,"Plan Width": 272,"Actual Startup Time": 920.288,"Actual Total Time": 920.990,"Actual Rows": 4,"Actual Loops": 3,"Group Key": ["n1.n_name", "n2.n_name", "(EXTRACT(year FROM lineitem.l_shipdate))"],"Workers": [],"Plans": [{"Node Type": "Sort","Parent Relationship": "Outer","Parallel Aware": false,"Async Capable": false,"Startup Cost": 71556.39,"Total Cost": 71562.53,"Plan Rows": 2455,"Plan Width": 252,"Actual Startup Time": 920.007,"Actual Total Time": 920.112,"Actual Rows": 2045,"Actual Loops": 3,"Sort Key": ["n1.n_name", "n2.n_name", "(EXTRACT(year FROM lineitem.l_shipdate))"],"Sort Method": "quicksort","Sort Space Used": 271,"Sort Space Type": "Memory","Workers": [{"Worker Number": 0,"Sort Method": "quicksort","Sort Space Used": 321,"Sort Space Type": "Memory"},{"Worker Number": 1,"Sort Method": "quicksort","Sort Space Used": 321,"Sort Space Type": "Memory"}],"Plans": [{"Node Type": "Hash Join","Parent Relationship": "Outer","Parallel Aware": false,"Async Capable": false,"Join Type": "Inner","Startup Cost": 366.16,"Total Cost": 71418.15,"Plan Rows": 2455,"Plan Width": 252,"Actual Startup Time": 9.009,"Actual Total Time": 918.113,"Actual Rows": 2045,"Actual Loops": 3,"Inner Unique": false,"Hash Cond": "(lineitem.l_suppkey = supplier.s_suppkey)","Join Filter": "(((n1.n_name = 'CHINA'::bpchar) AND (n2.n_name = 'ARGENTINA'::bpchar)) OR ((n1.n_name = 'ARGENTINA'::bpchar) AND (n2.n_name = 'CHINA'::bpchar)))","Rows Removed by Join Filter": 1963,"Workers": [],"Plans": [{"Node Type": "Nested Loop","Parent Relationship": "Outer","Parallel Aware": false,"Async Capable": false,"Join Type": "Inner","Startup Cost": 2.26,"Total Cost": 70727.78,"Plan Rows": 60250,"Plan Width": 124,"Actual Startup Time": 0.887,"Actual Total Time": 903.786,"Actual Rows": 48846,"Actual Loops": 3,"Inner Unique": false,"Workers": [],"Plans": [{"Node Type": "Nested Loop","Parent Relationship": "Outer","Parallel Aware": false,"Async Capable": false,"Join Type": "Inner","Startup Cost": 1.83,"Total Cost": 12400.01,"Plan Rows": 49000,"Plan Width": 108,"Actual Startup Time": 0.353,"Actual Total Time": 226.974,"Actual Rows": 40110,"Actual Loops": 3,"Inner Unique": false,"Workers": [],"Plans": [{"Node Type": "Hash Join","Parent Relationship": "Outer","Parallel Aware": false,"Async Capable": false,"Join Type": "Inner","Startup Cost": 1.40,"Total Cost": 4403.27,"Plan Rows": 4900,"Plan Width": 108,"Actual Startup Time": 0.209,"Actual Total Time": 47.358,"Actual Rows": 4000,"Actual Loops": 3,"Inner Unique": true,"Hash Cond": "(customer.c_nationkey = n2.n_nationkey)","Workers": [],"Plans": [{"Node Type": "Seq Scan","Parent Relationship": "Outer","Parallel Aware": true,"Async Capable": false,"Relation Name": "customer","Alias": "customer","Startup Cost": 0.00,"Total Cost": 4210.00,"Plan Rows": 62500,"Plan Width": 8,"Actual Startup Time": 0.013,"Actual Total Time": 9.575,"Actual Rows": 50000,"Actual Loops": 3,"Workers": []},{"Node Type": "Hash","Parent Relationship": "Inner","Parallel Aware": false,"Async Capable": false,"Startup Cost": 1.38,"Total Cost": 1.38,"Plan Rows": 2,"Plan Width": 108,"Actual Startup Time": 0.089,"Actual Total Time": 0.093,"Actual Rows": 2,"Actual Loops": 3,"Hash Buckets": 1024,"Original Hash Buckets": 1024,"Hash Batches": 1,"Original Hash Batches": 1,"Peak Memory Usage": 9,"Workers": [],"Plans": [{"Node Type": "Seq Scan","Parent Relationship": "Outer","Parallel Aware": false,"Async Capable": false,"Relation Name": "nation","Alias": "n2","Startup Cost": 0.00,"Total Cost": 1.38,"Plan Rows": 2,"Plan Width": 108,"Actual Startup Time": 0.068,"Actual Total Time": 0.076,"Actual Rows": 2,"Actual Loops": 3,"Filter": "((n_name = 'ARGENTINA'::bpchar) OR (n_name = 'CHINA'::bpchar))","Rows Removed by Filter": 23,"Workers": []}]}]},{"Node Type": "Index Scan","Parent Relationship": "Inner","Parallel Aware": false,"Async Capable": false,"Scan Direction": "Forward","Index Name": "idx_orders_custkey","Relation Name": "orders","Alias": "orders","Startup Cost": 0.43,"Total Cost": 1.46,"Plan Rows": 17,"Plan Width": 8,"Actual Startup Time": 0.007,"Actual Total Time": 0.044,"Actual Rows": 10,"Actual Loops": 11999,"Index Cond": "(o_custkey = customer.c_custkey)","Rows Removed by Index Recheck": 0,"Workers": []}]},{"Node Type": "Index Scan","Parent Relationship": "Inner","Parallel Aware": false,"Async Capable": false,"Scan Direction": "Forward","Index Name": "idx_lineitem_orderkey","Relation Name": "lineitem","Alias": "lineitem","Startup Cost": 0.43,"Total Cost": 1.14,"Plan Rows": 5,"Plan Width": 24,"Actual Startup Time": 0.016,"Actual Total Time": 0.017,"Actual Rows": 1,"Actual Loops": 120331,"Index Cond": "(l_orderkey = orders.o_orderkey)","Rows Removed by Index Recheck": 0,"Filter": "((l_shipdate >= '1995-01-01'::date) AND (l_shipdate <= '1996-12-31'::date))","Rows Removed by Filter": 3,"Workers": []}]},{"Node Type": "Hash","Parent Relationship": "Inner","Parallel Aware": false,"Async Capable": false,"Startup Cost": 354.10,"Total Cost": 354.10,"Plan Rows": 784,"Plan Width": 108,"Actual Startup Time": 6.994,"Actual Total Time": 7.009,"Actual Rows": 820,"Actual Loops": 3,"Hash Buckets": 1024,"Original Hash Buckets": 1024,"Hash Batches": 1,"Original Hash Batches": 1,"Peak Memory Usage": 58,"Workers": [],"Plans": [{"Node Type": "Hash Join","Parent Relationship": "Outer","Parallel Aware": false,"Async Capable": false,"Join Type": "Inner","Startup Cost": 1.40,"Total Cost": 354.10,"Plan Rows": 784,"Plan Width": 108,"Actual Startup Time": 0.080,"Actual Total Time": 6.821,"Actual Rows": 820,"Actual Loops": 3,"Inner Unique": true,"Hash Cond": "(supplier.s_nationkey = n1.n_nationkey)","Workers": [],"Plans": [{"Node Type": "Seq Scan","Parent Relationship": "Outer","Parallel Aware": false,"Async Capable": false,"Relation Name": "supplier","Alias": "supplier","Startup Cost": 0.00,"Total Cost": 322.00,"Plan Rows": 10000,"Plan Width": 8,"Actual Startup Time": 0.028,"Actual Total Time": 3.578,"Actual Rows": 10000,"Actual Loops": 3,"Workers": []},{"Node Type": "Hash","Parent Relationship": "Inner","Parallel Aware": false,"Async Capable": false,"Startup Cost": 1.38,"Total Cost": 1.38,"Plan Rows": 2,"Plan Width": 108,"Actual Startup Time": 0.020,"Actual Total Time": 0.023,"Actual Rows": 2,"Actual Loops": 3,"Hash Buckets": 1024,"Original Hash Buckets": 1024,"Hash Batches": 1,"Original Hash Batches": 1,"Peak Memory Usage": 9,"Workers": [],"Plans": [{"Node Type": "Seq Scan","Parent Relationship": "Outer","Parallel Aware": false,"Async Capable": false,"Relation Name": "nation","Alias": "n1","Startup Cost": 0.00,"Total Cost": 1.38,"Plan Rows": 2,"Plan Width": 108,"Actual Startup Time": 0.005,"Actual Total Time": 0.012,"Actual Rows": 2,"Actual Loops": 3,"Filter": "((n_name = 'CHINA'::bpchar) OR (n_name = 'ARGENTINA'::bpchar))","Rows Removed by Filter": 23,"Workers": []}]}]}]}]}]}]}]}]},"Planning Time": 9.560,"Triggers": [],"Execution Time": 986.359}]
[{"Plan": {"Node Type": "Aggregate","Strategy": "Sorted","Partial Mode": "Finalize","Parallel Aware": false,"Async Capable": false,"Startup Cost": 72556.41,"Total Cost": 73352.71,"Plan Rows": 5893,"Plan Width": 272,"Actual Startup Time": 933.945,"Actual Total Time": 990.014,"Actual Rows": 4,"Actual Loops": 1,"Group Key": ["n1.n_name", "n2.n_name", "(EXTRACT(year FROM lineitem.l_shipdate))"],"Plans": [{"Node Type": "Gather Merge","Parent Relationship": "Outer","Parallel Aware": false,"Async Capable": false,"Startup Cost": 72556.41,"Total Cost": 73202.94,"Plan Rows": 4910,"Plan Width": 272,"Actual Startup Time": 933.284,"Actual Total Time": 989.944,"Actual Rows": 12,"Actual Loops": 1,"Workers Planned": 2,"Workers Launched": 2,"Plans": [{"Node Type": "Aggregate","Strategy": "Sorted","Partial Mode": "Partial","Parent Relationship": "Outer","Parallel Aware": false,"Async Capable": false,"Startup Cost": 71556.39,"Total Cost": 71636.18,"Plan Rows": 2455,"Plan Width": 272,"Actual Startup Time": 924.922,"Actual Total Time": 925.725,"Actual Rows": 4,"Actual Loops": 3,"Group Key": ["n1.n_name", "n2.n_name", "(EXTRACT(year FROM lineitem.l_shipdate))"],"Workers": [],"Plans": [{"Node Type": "Sort","Parent Relationship": "Outer","Parallel Aware": false,"Async Capable": false,"Startup Cost": 71556.39,"Total Cost": 71562.53,"Plan Rows": 2455,"Plan Width": 252,"Actual Startup Time": 924.674,"Actual Total Time": 924.794,"Actual Rows": 1925,"Actual Loops": 3,"Sort Key": ["n1.n_name", "n2.n_name", "(EXTRACT(year FROM lineitem.l_shipdate))"],"Sort Method": "quicksort","Sort Space Used": 254,"Sort Space Type": "Memory","Workers": [{"Worker Number": 0,"Sort Method": "quicksort","Sort Space Used": 255,"Sort Space Type": "Memory"},{"Worker Number": 1,"Sort Method": "quicksort","Sort Space Used": 267,"Sort Space Type": "Memory"}],"Plans": [{"Node Type": "Hash Join","Parent Relationship": "Outer","Parallel Aware": false,"Async Capable": false,"Join Type": "Inner","Startup Cost": 366.16,"Total Cost": 71418.15,"Plan Rows": 2455,"Plan Width": 252,"Actual Startup Time": 9.561,"Actual Total Time": 922.878,"Actual Rows": 1925,"Actual Loops": 3,"Inner Unique": false,"Hash Cond": "(lineitem.l_suppkey = supplier.s_suppkey)","Join Filter": "(((n1.n_name = 'ETHIOPIA'::bpchar) AND (n2.n_name = 'ROMANIA'::bpchar)) OR ((n1.n_name = 'ROMANIA'::bpchar) AND (n2.n_name = 'ETHIOPIA'::bpchar)))","Rows Removed by Join Filter": 1921,"Workers": [],"Plans": [{"Node Type": "Nested Loop","Parent Relationship": "Outer","Parallel Aware": false,"Async Capable": false,"Join Type": "Inner","Startup Cost": 2.26,"Total Cost": 70727.78,"Plan Rows": 60250,"Plan Width": 124,"Actual Startup Time": 0.827,"Actual Total Time": 908.379,"Actual Rows": 49096,"Actual Loops": 3,"Inner Unique": false,"Workers": [],"Plans": [{"Node Type": "Nested Loop","Parent Relationship": "Outer","Parallel Aware": false,"Async Capable": false,"Join Type": "Inner","Startup Cost": 1.83,"Total Cost": 12400.01,"Plan Rows": 49000,"Plan Width": 108,"Actual Startup Time": 0.364,"Actual Total Time": 227.782,"Actual Rows": 40239,"Actual Loops": 3,"Inner Unique": false,"Workers": [],"Plans": [{"Node Type": "Hash Join","Parent Relationship": "Outer","Parallel Aware": false,"Async Capable": false,"Join Type": "Inner","Startup Cost": 1.40,"Total Cost": 4403.27,"Plan Rows": 4900,"Plan Width": 108,"Actual Startup Time": 0.219,"Actual Total Time": 47.431,"Actual Rows": 4017,"Actual Loops": 3,"Inner Unique": true,"Hash Cond": "(customer.c_nationkey = n2.n_nationkey)","Workers": [],"Plans": [{"Node Type": "Seq Scan","Parent Relationship": "Outer","Parallel Aware": true,"Async Capable": false,"Relation Name": "customer","Alias": "customer","Startup Cost": 0.00,"Total Cost": 4210.00,"Plan Rows": 62500,"Plan Width": 8,"Actual Startup Time": 0.020,"Actual Total Time": 9.607,"Actual Rows": 50000,"Actual Loops": 3,"Workers": []},{"Node Type": "Hash","Parent Relationship": "Inner","Parallel Aware": false,"Async Capable": false,"Startup Cost": 1.38,"Total Cost": 1.38,"Plan Rows": 2,"Plan Width": 108,"Actual Startup Time": 0.080,"Actual Total Time": 0.085,"Actual Rows": 2,"Actual Loops": 3,"Hash Buckets": 1024,"Original Hash Buckets": 1024,"Hash Batches": 1,"Original Hash Batches": 1,"Peak Memory Usage": 9,"Workers": [],"Plans": [{"Node Type": "Seq Scan","Parent Relationship": "Outer","Parallel Aware": false,"Async Capable": false,"Relation Name": "nation","Alias": "n2","Startup Cost": 0.00,"Total Cost": 1.38,"Plan Rows": 2,"Plan Width": 108,"Actual Startup Time": 0.054,"Actual Total Time": 0.061,"Actual Rows": 2,"Actual Loops": 3,"Filter": "((n_name = 'ROMANIA'::bpchar) OR (n_name = 'ETHIOPIA'::bpchar))","Rows Removed by Filter": 23,"Workers": []}]}]},{"Node Type": "Index Scan","Parent Relationship": "Inner","Parallel Aware": false,"Async Capable": false,"Scan Direction": "Forward","Index Name": "idx_orders_custkey","Relation Name": "orders","Alias": "orders","Startup Cost": 0.43,"Total Cost": 1.46,"Plan Rows": 17,"Plan Width": 8,"Actual Startup Time": 0.007,"Actual Total Time": 0.044,"Actual Rows": 10,"Actual Loops": 12052,"Index Cond": "(o_custkey = customer.c_custkey)","Rows Removed by Index Recheck": 0,"Workers": []}]},{"Node Type": "Index Scan","Parent Relationship": "Inner","Parallel Aware": false,"Async Capable": false,"Scan Direction": "Forward","Index Name": "idx_lineitem_orderkey","Relation Name": "lineitem","Alias": "lineitem","Startup Cost": 0.43,"Total Cost": 1.14,"Plan Rows": 5,"Plan Width": 24,"Actual Startup Time": 0.016,"Actual Total Time": 0.017,"Actual Rows": 1,"Actual Loops": 120718,"Index Cond": "(l_orderkey = orders.o_orderkey)","Rows Removed by Index Recheck": 0,"Filter": "((l_shipdate >= '1995-01-01'::date) AND (l_shipdate <= '1996-12-31'::date))","Rows Removed by Filter": 3,"Workers": []}]},{"Node Type": "Hash","Parent Relationship": "Inner","Parallel Aware": false,"Async Capable": false,"Startup Cost": 354.10,"Total Cost": 354.10,"Plan Rows": 784,"Plan Width": 108,"Actual Startup Time": 7.239,"Actual Total Time": 7.256,"Actual Rows": 778,"Actual Loops": 3,"Hash Buckets": 1024,"Original Hash Buckets": 1024,"Hash Batches": 1,"Original Hash Batches": 1,"Peak Memory Usage": 56,"Workers": [],"Plans": [{"Node Type": "Hash Join","Parent Relationship": "Outer","Parallel Aware": false,"Async Capable": false,"Join Type": "Inner","Startup Cost": 1.40,"Total Cost": 354.10,"Plan Rows": 784,"Plan Width": 108,"Actual Startup Time": 0.075,"Actual Total Time": 7.091,"Actual Rows": 778,"Actual Loops": 3,"Inner Unique": true,"Hash Cond": "(supplier.s_nationkey = n1.n_nationkey)","Workers": [],"Plans": [{"Node Type": "Seq Scan","Parent Relationship": "Outer","Parallel Aware": false,"Async Capable": false,"Relation Name": "supplier","Alias": "supplier","Startup Cost": 0.00,"Total Cost": 322.00,"Plan Rows": 10000,"Plan Width": 8,"Actual Startup Time": 0.031,"Actual Total Time": 3.360,"Actual Rows": 10000,"Actual Loops": 3,"Workers": []},{"Node Type": "Hash","Parent Relationship": "Inner","Parallel Aware": false,"Async Capable": false,"Startup Cost": 1.38,"Total Cost": 1.38,"Plan Rows": 2,"Plan Width": 108,"Actual Startup Time": 0.016,"Actual Total Time": 0.022,"Actual Rows": 2,"Actual Loops": 3,"Hash Buckets": 1024,"Original Hash Buckets": 1024,"Hash Batches": 1,"Original Hash Batches": 1,"Peak Memory Usage": 9,"Workers": [],"Plans": [{"Node Type": "Seq Scan","Parent Relationship": "Outer","Parallel Aware": false,"Async Capable": false,"Relation Name": "nation","Alias": "n1","Startup Cost": 0.00,"Total Cost": 1.38,"Plan Rows": 2,"Plan Width": 108,"Actual Startup Time": 0.005,"Actual Total Time": 0.011,"Actual Rows": 2,"Actual Loops": 3,"Filter": "((n_name = 'ETHIOPIA'::bpchar) OR (n_name = 'ROMANIA'::bpchar))","Rows Removed by Filter": 23,"Workers": []}]}]}]}]}]}]}]}]},"Planning Time": 8.785,"Triggers": [],"Execution Time": 990.437}]
[{"Plan": {"Node Type": "Aggregate","Strategy": "Sorted","Partial Mode": "Finalize","Parallel Aware": false,"Async Capable": false,"Startup Cost": 72556.41,"Total Cost": 73352.71,"Plan Rows": 5893,"Plan Width": 272,"Actual Startup Time": 914.508,"Actual Total Time": 967.286,"Actual Rows": 4,"Actual Loops": 1,"Group Key": ["n1.n_name", "n2.n_name", "(EXTRACT(year FROM lineitem.l_shipdate))"],"Plans": [{"Node Type": "Gather Merge","Parent Relationship": "Outer","Parallel Aware": false,"Async Capable": false,"Startup Cost": 72556.41,"Total Cost": 73202.94,"Plan Rows": 4910,"Plan Width": 272,"Actual Startup Time": 913.993,"Actual Total Time": 967.220,"Actual Rows": 12,"Actual Loops": 1,"Workers Planned": 2,"Workers Launched": 2,"Plans": [{"Node Type": "Aggregate","Strategy": "Sorted","Partial Mode": "Partial","Parent Relationship": "Outer","Parallel Aware": false,"Async Capable": false,"Startup Cost": 71556.39,"Total Cost": 71636.18,"Plan Rows": 2455,"Plan Width": 272,"Actual Startup Time": 905.958,"Actual Total Time": 906.728,"Actual Rows": 4,"Actual Loops": 3,"Group Key": ["n1.n_name", "n2.n_name", "(EXTRACT(year FROM lineitem.l_shipdate))"],"Workers": [],"Plans": [{"Node Type": "Sort","Parent Relationship": "Outer","Parallel Aware": false,"Async Capable": false,"Startup Cost": 71556.39,"Total Cost": 71562.53,"Plan Rows": 2455,"Plan Width": 252,"Actual Startup Time": 905.694,"Actual Total Time": 905.813,"Actual Rows": 1915,"Actual Loops": 3,"Sort Key": ["n1.n_name", "n2.n_name", "(EXTRACT(year FROM lineitem.l_shipdate))"],"Sort Method": "quicksort","Sort Space Used": 259,"Sort Space Type": "Memory","Workers": [{"Worker Number": 0,"Sort Method": "quicksort","Sort Space Used": 269,"Sort Space Type": "Memory"},{"Worker Number": 1,"Sort Method": "quicksort","Sort Space Used": 246,"Sort Space Type": "Memory"}],"Plans": [{"Node Type": "Hash Join","Parent Relationship": "Outer","Parallel Aware": false,"Async Capable": false,"Join Type": "Inner","Startup Cost": 366.16,"Total Cost": 71418.15,"Plan Rows": 2455,"Plan Width": 252,"Actual Startup Time": 9.135,"Actual Total Time": 903.938,"Actual Rows": 1915,"Actual Loops": 3,"Inner Unique": false,"Hash Cond": "(lineitem.l_suppkey = supplier.s_suppkey)","Join Filter": "(((n1.n_name = 'KENYA'::bpchar) AND (n2.n_name = 'BRAZIL'::bpchar)) OR ((n1.n_name = 'BRAZIL'::bpchar) AND (n2.n_name = 'KENYA'::bpchar)))","Rows Removed by Join Filter": 1832,"Workers": [],"Plans": [{"Node Type": "Nested Loop","Parent Relationship": "Outer","Parallel Aware": false,"Async Capable": false,"Join Type": "Inner","Startup Cost": 2.26,"Total Cost": 70727.78,"Plan Rows": 60250,"Plan Width": 124,"Actual Startup Time": 0.624,"Actual Total Time": 890.294,"Actual Rows": 48148,"Actual Loops": 3,"Inner Unique": false,"Workers": [],"Plans": [{"Node Type": "Nested Loop","Parent Relationship": "Outer","Parallel Aware": false,"Async Capable": false,"Join Type": "Inner","Startup Cost": 1.83,"Total Cost": 12400.01,"Plan Rows": 49000,"Plan Width": 108,"Actual Startup Time": 0.202,"Actual Total Time": 223.980,"Actual Rows": 39692,"Actual Loops": 3,"Inner Unique": false,"Workers": [],"Plans": [{"Node Type": "Hash Join","Parent Relationship": "Outer","Parallel Aware": false,"Async Capable": false,"Join Type": "Inner","Startup Cost": 1.40,"Total Cost": 4403.27,"Plan Rows": 4900,"Plan Width": 108,"Actual Startup Time": 0.131,"Actual Total Time": 46.920,"Actual Rows": 3997,"Actual Loops": 3,"Inner Unique": true,"Hash Cond": "(customer.c_nationkey = n2.n_nationkey)","Workers": [],"Plans": [{"Node Type": "Seq Scan","Parent Relationship": "Outer","Parallel Aware": true,"Async Capable": false,"Relation Name": "customer","Alias": "customer","Startup Cost": 0.00,"Total Cost": 4210.00,"Plan Rows": 62500,"Plan Width": 8,"Actual Startup Time": 0.008,"Actual Total Time": 9.462,"Actual Rows": 50000,"Actual Loops": 3,"Workers": []},{"Node Type": "Hash","Parent Relationship": "Inner","Parallel Aware": false,"Async Capable": false,"Startup Cost": 1.38,"Total Cost": 1.38,"Plan Rows": 2,"Plan Width": 108,"Actual Startup Time": 0.058,"Actual Total Time": 0.062,"Actual Rows": 2,"Actual Loops": 3,"Hash Buckets": 1024,"Original Hash Buckets": 1024,"Hash Batches": 1,"Original Hash Batches": 1,"Peak Memory Usage": 9,"Workers": [],"Plans": [{"Node Type": "Seq Scan","Parent Relationship": "Outer","Parallel Aware": false,"Async Capable": false,"Relation Name": "nation","Alias": "n2","Startup Cost": 0.00,"Total Cost": 1.38,"Plan Rows": 2,"Plan Width": 108,"Actual Startup Time": 0.042,"Actual Total Time": 0.047,"Actual Rows": 2,"Actual Loops": 3,"Filter": "((n_name = 'BRAZIL'::bpchar) OR (n_name = 'KENYA'::bpchar))","Rows Removed by Filter": 23,"Workers": []}]}]},{"Node Type": "Index Scan","Parent Relationship": "Inner","Parallel Aware": false,"Async Capable": false,"Scan Direction": "Forward","Index Name": "idx_orders_custkey","Relation Name": "orders","Alias": "orders","Startup Cost": 0.43,"Total Cost": 1.46,"Plan Rows": 17,"Plan Width": 8,"Actual Startup Time": 0.007,"Actual Total Time": 0.043,"Actual Rows": 10,"Actual Loops": 11991,"Index Cond": "(o_custkey = customer.c_custkey)","Rows Removed by Index Recheck": 0,"Workers": []}]},{"Node Type": "Index Scan","Parent Relationship": "Inner","Parallel Aware": false,"Async Capable": false,"Scan Direction": "Forward","Index Name": "idx_lineitem_orderkey","Relation Name": "lineitem","Alias": "lineitem","Startup Cost": 0.43,"Total Cost": 1.14,"Plan Rows": 5,"Plan Width": 24,"Actual Startup Time": 0.016,"Actual Total Time": 0.017,"Actual Rows": 1,"Actual Loops": 119077,"Index Cond": "(l_orderkey = orders.o_orderkey)","Rows Removed by Index Recheck": 0,"Filter": "((l_shipdate >= '1995-01-01'::date) AND (l_shipdate <= '1996-12-31'::date))","Rows Removed by Filter": 3,"Workers": []}]},{"Node Type": "Hash","Parent Relationship": "Inner","Parallel Aware": false,"Async Capable": false,"Startup Cost": 354.10,"Total Cost": 354.10,"Plan Rows": 784,"Plan Width": 108,"Actual Startup Time": 6.670,"Actual Total Time": 6.687,"Actual Rows": 773,"Actual Loops": 3,"Hash Buckets": 1024,"Original Hash Buckets": 1024,"Hash Batches": 1,"Original Hash Batches": 1,"Peak Memory Usage": 55,"Workers": [],"Plans": [{"Node Type": "Hash Join","Parent Relationship": "Outer","Parallel Aware": false,"Async Capable": false,"Join Type": "Inner","Startup Cost": 1.40,"Total Cost": 354.10,"Plan Rows": 784,"Plan Width": 108,"Actual Startup Time": 0.064,"Actual Total Time": 6.521,"Actual Rows": 773,"Actual Loops": 3,"Inner Unique": true,"Hash Cond": "(supplier.s_nationkey = n1.n_nationkey)","Workers": [],"Plans": [{"Node Type": "Seq Scan","Parent Relationship": "Outer","Parallel Aware": false,"Async Capable": false,"Relation Name": "supplier","Alias": "supplier","Startup Cost": 0.00,"Total Cost": 322.00,"Plan Rows": 10000,"Plan Width": 8,"Actual Startup Time": 0.023,"Actual Total Time": 3.257,"Actual Rows": 10000,"Actual Loops": 3,"Workers": []},{"Node Type": "Hash","Parent Relationship": "Inner","Parallel Aware": false,"Async Capable": false,"Startup Cost": 1.38,"Total Cost": 1.38,"Plan Rows": 2,"Plan Width": 108,"Actual Startup Time": 0.012,"Actual Total Time": 0.019,"Actual Rows": 2,"Actual Loops": 3,"Hash Buckets": 1024,"Original Hash Buckets": 1024,"Hash Batches": 1,"Original Hash Batches": 1,"Peak Memory Usage": 9,"Workers": [],"Plans": [{"Node Type": "Seq Scan","Parent Relationship": "Outer","Parallel Aware": false,"Async Capable": false,"Relation Name": "nation","Alias": "n1","Startup Cost": 0.00,"Total Cost": 1.38,"Plan Rows": 2,"Plan Width": 108,"Actual Startup Time": 0.004,"Actual Total Time": 0.010,"Actual Rows": 2,"Actual Loops": 3,"Filter": "((n_name = 'KENYA'::bpchar) OR (n_name = 'BRAZIL'::bpchar))","Rows Removed by Filter": 23,"Workers": []}]}]}]}]}]}]}]}]},"Planning Time": 9.185,"Triggers": [],"Execution Time": 967.777}]
[{"Plan": {"Node Type": "Aggregate","Strategy": "Sorted","Partial Mode": "Finalize","Parallel Aware": false,"Async Capable": false,"Startup Cost": 72556.41,"Total Cost": 73352.71,"Plan Rows": 5893,"Plan Width": 272,"Actual Startup Time": 911.544,"Actual Total Time": 955.353,"Actual Rows": 4,"Actual Loops": 1,"Group Key": ["n1.n_name", "n2.n_name", "(EXTRACT(year FROM lineitem.l_shipdate))"],"Plans": [{"Node Type": "Gather Merge","Parent Relationship": "Outer","Parallel Aware": false,"Async Capable": false,"Startup Cost": 72556.41,"Total Cost": 73202.94,"Plan Rows": 4910,"Plan Width": 272,"Actual Startup Time": 911.094,"Actual Total Time": 955.286,"Actual Rows": 12,"Actual Loops": 1,"Workers Planned": 2,"Workers Launched": 2,"Plans": [{"Node Type": "Aggregate","Strategy": "Sorted","Partial Mode": "Partial","Parent Relationship": "Outer","Parallel Aware": false,"Async Capable": false,"Startup Cost": 71556.39,"Total Cost": 71636.18,"Plan Rows": 2455,"Plan Width": 272,"Actual Startup Time": 902.995,"Actual Total Time": 903.786,"Actual Rows": 4,"Actual Loops": 3,"Group Key": ["n1.n_name", "n2.n_name", "(EXTRACT(year FROM lineitem.l_shipdate))"],"Workers": [],"Plans": [{"Node Type": "Sort","Parent Relationship": "Outer","Parallel Aware": false,"Async Capable": false,"Startup Cost": 71556.39,"Total Cost": 71562.53,"Plan Rows": 2455,"Plan Width": 252,"Actual Startup Time": 902.707,"Actual Total Time": 902.826,"Actual Rows": 2015,"Actual Loops": 3,"Sort Key": ["n1.n_name", "n2.n_name", "(EXTRACT(year FROM lineitem.l_shipdate))"],"Sort Method": "quicksort","Sort Space Used": 330,"Sort Space Type": "Memory","Workers": [{"Worker Number": 0,"Sort Method": "quicksort","Sort Space Used": 266,"Sort Space Type": "Memory"},{"Worker Number": 1,"Sort Method": "quicksort","Sort Space Used": 259,"Sort Space Type": "Memory"}],"Plans": [{"Node Type": "Hash Join","Parent Relationship": "Outer","Parallel Aware": false,"Async Capable": false,"Join Type": "Inner","Startup Cost": 366.16,"Total Cost": 71418.15,"Plan Rows": 2455,"Plan Width": 252,"Actual Startup Time": 10.878,"Actual Total Time": 900.755,"Actual Rows": 2015,"Actual Loops": 3,"Inner Unique": false,"Hash Cond": "(lineitem.l_suppkey = supplier.s_suppkey)","Join Filter": "(((n1.n_name = 'EGYPT'::bpchar) AND (n2.n_name = 'PERU'::bpchar)) OR ((n1.n_name = 'PERU'::bpchar) AND (n2.n_name = 'EGYPT'::bpchar)))","Rows Removed by Join Filter": 2026,"Workers": [],"Plans": [{"Node Type": "Nested Loop","Parent Relationship": "Outer","Parallel Aware": false,"Async Capable": false,"Join Type": "Inner","Startup Cost": 2.26,"Total Cost": 70727.78,"Plan Rows": 60250,"Plan Width": 124,"Actual Startup Time": 0.957,"Actual Total Time": 883.958,"Actual Rows": 48159,"Actual Loops": 3,"Inner Unique": false,"Workers": [],"Plans": [{"Node Type": "Nested Loop","Parent Relationship": "Outer","Parallel Aware": false,"Async Capable": false,"Join Type": "Inner","Startup Cost": 1.83,"Total Cost": 12400.01,"Plan Rows": 49000,"Plan Width": 108,"Actual Startup Time": 0.302,"Actual Total Time": 219.611,"Actual Rows": 39376,"Actual Loops": 3,"Inner Unique": false,"Workers": [],"Plans": [{"Node Type": "Hash Join","Parent Relationship": "Outer","Parallel Aware": false,"Async Capable": false,"Join Type": "Inner","Startup Cost": 1.40,"Total Cost": 4403.27,"Plan Rows": 4900,"Plan Width": 108,"Actual Startup Time": 0.181,"Actual Total Time": 43.959,"Actual Rows": 3990,"Actual Loops": 3,"Inner Unique": true,"Hash Cond": "(customer.c_nationkey = n2.n_nationkey)","Workers": [],"Plans": [{"Node Type": "Seq Scan","Parent Relationship": "Outer","Parallel Aware": true,"Async Capable": false,"Relation Name": "customer","Alias": "customer","Startup Cost": 0.00,"Total Cost": 4210.00,"Plan Rows": 62500,"Plan Width": 8,"Actual Startup Time": 0.014,"Actual Total Time": 9.111,"Actual Rows": 50000,"Actual Loops": 3,"Workers": []},{"Node Type": "Hash","Parent Relationship": "Inner","Parallel Aware": false,"Async Capable": false,"Startup Cost": 1.38,"Total Cost": 1.38,"Plan Rows": 2,"Plan Width": 108,"Actual Startup Time": 0.076,"Actual Total Time": 0.084,"Actual Rows": 2,"Actual Loops": 3,"Hash Buckets": 1024,"Original Hash Buckets": 1024,"Hash Batches": 1,"Original Hash Batches": 1,"Peak Memory Usage": 9,"Workers": [],"Plans": [{"Node Type": "Seq Scan","Parent Relationship": "Outer","Parallel Aware": false,"Async Capable": false,"Relation Name": "nation","Alias": "n2","Startup Cost": 0.00,"Total Cost": 1.38,"Plan Rows": 2,"Plan Width": 108,"Actual Startup Time": 0.054,"Actual Total Time": 0.064,"Actual Rows": 2,"Actual Loops": 3,"Filter": "((n_name = 'PERU'::bpchar) OR (n_name = 'EGYPT'::bpchar))","Rows Removed by Filter": 23,"Workers": []}]}]},{"Node Type": "Index Scan","Parent Relationship": "Inner","Parallel Aware": false,"Async Capable": false,"Scan Direction": "Forward","Index Name": "idx_orders_custkey","Relation Name": "orders","Alias": "orders","Startup Cost": 0.43,"Total Cost": 1.46,"Plan Rows": 17,"Plan Width": 8,"Actual Startup Time": 0.007,"Actual Total Time": 0.043,"Actual Rows": 10,"Actual Loops": 11970,"Index Cond": "(o_custkey = customer.c_custkey)","Rows Removed by Index Recheck": 0,"Workers": []}]},{"Node Type": "Index Scan","Parent Relationship": "Inner","Parallel Aware": false,"Async Capable": false,"Scan Direction": "Forward","Index Name": "idx_lineitem_orderkey","Relation Name": "lineitem","Alias": "lineitem","Startup Cost": 0.43,"Total Cost": 1.14,"Plan Rows": 5,"Plan Width": 24,"Actual Startup Time": 0.016,"Actual Total Time": 0.017,"Actual Rows": 1,"Actual Loops": 118129,"Index Cond": "(l_orderkey = orders.o_orderkey)","Rows Removed by Index Recheck": 0,"Filter": "((l_shipdate >= '1995-01-01'::date) AND (l_shipdate <= '1996-12-31'::date))","Rows Removed by Filter": 3,"Workers": []}]},{"Node Type": "Hash","Parent Relationship": "Inner","Parallel Aware": false,"Async Capable": false,"Startup Cost": 354.10,"Total Cost": 354.10,"Plan Rows": 784,"Plan Width": 108,"Actual Startup Time": 9.464,"Actual Total Time": 9.480,"Actual Rows": 836,"Actual Loops": 3,"Hash Buckets": 1024,"Original Hash Buckets": 1024,"Hash Batches": 1,"Original Hash Batches": 1,"Peak Memory Usage": 59,"Workers": [],"Plans": [{"Node Type": "Hash Join","Parent Relationship": "Outer","Parallel Aware": false,"Async Capable": false,"Join Type": "Inner","Startup Cost": 1.40,"Total Cost": 354.10,"Plan Rows": 784,"Plan Width": 108,"Actual Startup Time": 0.076,"Actual Total Time": 9.295,"Actual Rows": 836,"Actual Loops": 3,"Inner Unique": true,"Hash Cond": "(supplier.s_nationkey = n1.n_nationkey)","Workers": [],"Plans": [{"Node Type": "Seq Scan","Parent Relationship": "Outer","Parallel Aware": false,"Async Capable": false,"Relation Name": "supplier","Alias": "supplier","Startup Cost": 0.00,"Total Cost": 322.00,"Plan Rows": 10000,"Plan Width": 8,"Actual Startup Time": 0.034,"Actual Total Time": 3.706,"Actual Rows": 10000,"Actual Loops": 3,"Workers": []},{"Node Type": "Hash","Parent Relationship": "Inner","Parallel Aware": false,"Async Capable": false,"Startup Cost": 1.38,"Total Cost": 1.38,"Plan Rows": 2,"Plan Width": 108,"Actual Startup Time": 0.014,"Actual Total Time": 0.021,"Actual Rows": 2,"Actual Loops": 3,"Hash Buckets": 1024,"Original Hash Buckets": 1024,"Hash Batches": 1,"Original Hash Batches": 1,"Peak Memory Usage": 9,"Workers": [],"Plans": [{"Node Type": "Seq Scan","Parent Relationship": "Outer","Parallel Aware": false,"Async Capable": false,"Relation Name": "nation","Alias": "n1","Startup Cost": 0.00,"Total Cost": 1.38,"Plan Rows": 2,"Plan Width": 108,"Actual Startup Time": 0.005,"Actual Total Time": 0.011,"Actual Rows": 2,"Actual Loops": 3,"Filter": "((n_name = 'EGYPT'::bpchar) OR (n_name = 'PERU'::bpchar))","Rows Removed by Filter": 23,"Workers": []}]}]}]}]}]}]}]}]},"Planning Time": 9.032,"Triggers": [],"Execution Time": 955.748}]
[{"Plan": {"Node Type": "Aggregate","Strategy": "Sorted","Partial Mode": "Finalize","Parallel Aware": false,"Async Capable": false,"Startup Cost": 72556.41,"Total Cost": 73352.71,"Plan Rows": 5893,"Plan Width": 272,"Actual Startup Time": 919.831,"Actual Total Time": 964.799,"Actual Rows": 4,"Actual Loops": 1,"Group Key": ["n1.n_name", "n2.n_name", "(EXTRACT(year FROM lineitem.l_shipdate))"],"Plans": [{"Node Type": "Gather Merge","Parent Relationship": "Outer","Parallel Aware": false,"Async Capable": false,"Startup Cost": 72556.41,"Total Cost": 73202.94,"Plan Rows": 4910,"Plan Width": 272,"Actual Startup Time": 919.563,"Actual Total Time": 964.722,"Actual Rows": 12,"Actual Loops": 1,"Workers Planned": 2,"Workers Launched": 2,"Plans": [{"Node Type": "Aggregate","Strategy": "Sorted","Partial Mode": "Partial","Parent Relationship": "Outer","Parallel Aware": false,"Async Capable": false,"Startup Cost": 71556.39,"Total Cost": 71636.18,"Plan Rows": 2455,"Plan Width": 272,"Actual Startup Time": 911.895,"Actual Total Time": 912.567,"Actual Rows": 4,"Actual Loops": 3,"Group Key": ["n1.n_name", "n2.n_name", "(EXTRACT(year FROM lineitem.l_shipdate))"],"Workers": [],"Plans": [{"Node Type": "Sort","Parent Relationship": "Outer","Parallel Aware": false,"Async Capable": false,"Startup Cost": 71556.39,"Total Cost": 71562.53,"Plan Rows": 2455,"Plan Width": 252,"Actual Startup Time": 911.634,"Actual Total Time": 911.744,"Actual Rows": 1896,"Actual Loops": 3,"Sort Key": ["n1.n_name", "n2.n_name", "(EXTRACT(year FROM lineitem.l_shipdate))"],"Sort Method": "quicksort","Sort Space Used": 253,"Sort Space Type": "Memory","Workers": [{"Worker Number": 0,"Sort Method": "quicksort","Sort Space Used": 256,"Sort Space Type": "Memory"},{"Worker Number": 1,"Sort Method": "quicksort","Sort Space Used": 258,"Sort Space Type": "Memory"}],"Plans": [{"Node Type": "Hash Join","Parent Relationship": "Outer","Parallel Aware": false,"Async Capable": false,"Join Type": "Inner","Startup Cost": 366.16,"Total Cost": 71418.15,"Plan Rows": 2455,"Plan Width": 252,"Actual Startup Time": 8.863,"Actual Total Time": 909.911,"Actual Rows": 1896,"Actual Loops": 3,"Inner Unique": false,"Hash Cond": "(lineitem.l_suppkey = supplier.s_suppkey)","Join Filter": "(((n1.n_name = 'MOZAMBIQUE'::bpchar) AND (n2.n_name = 'KENYA'::bpchar)) OR ((n1.n_name = 'KENYA'::bpchar) AND (n2.n_name = 'MOZAMBIQUE'::bpchar)))","Rows Removed by Join Filter": 1890,"Workers": [],"Plans": [{"Node Type": "Nested Loop","Parent Relationship": "Outer","Parallel Aware": false,"Async Capable": false,"Join Type": "Inner","Startup Cost": 2.26,"Total Cost": 70727.78,"Plan Rows": 60250,"Plan Width": 124,"Actual Startup Time": 0.581,"Actual Total Time": 895.714,"Actual Rows": 48417,"Actual Loops": 3,"Inner Unique": false,"Workers": [],"Plans": [{"Node Type": "Nested Loop","Parent Relationship": "Outer","Parallel Aware": false,"Async Capable": false,"Join Type": "Inner","Startup Cost": 1.83,"Total Cost": 12400.01,"Plan Rows": 49000,"Plan Width": 108,"Actual Startup Time": 0.290,"Actual Total Time": 221.215,"Actual Rows": 40069,"Actual Loops": 3,"Inner Unique": false,"Workers": [],"Plans": [{"Node Type": "Hash Join","Parent Relationship": "Outer","Parallel Aware": false,"Async Capable": false,"Join Type": "Inner","Startup Cost": 1.40,"Total Cost": 4403.27,"Plan Rows": 4900,"Plan Width": 108,"Actual Startup Time": 0.180,"Actual Total Time": 43.892,"Actual Rows": 3989,"Actual Loops": 3,"Inner Unique": true,"Hash Cond": "(customer.c_nationkey = n2.n_nationkey)","Workers": [],"Plans": [{"Node Type": "Seq Scan","Parent Relationship": "Outer","Parallel Aware": true,"Async Capable": false,"Relation Name": "customer","Alias": "customer","Startup Cost": 0.00,"Total Cost": 4210.00,"Plan Rows": 62500,"Plan Width": 8,"Actual Startup Time": 0.016,"Actual Total Time": 9.115,"Actual Rows": 50000,"Actual Loops": 3,"Workers": []},{"Node Type": "Hash","Parent Relationship": "Inner","Parallel Aware": false,"Async Capable": false,"Startup Cost": 1.38,"Total Cost": 1.38,"Plan Rows": 2,"Plan Width": 108,"Actual Startup Time": 0.075,"Actual Total Time": 0.084,"Actual Rows": 2,"Actual Loops": 3,"Hash Buckets": 1024,"Original Hash Buckets": 1024,"Hash Batches": 1,"Original Hash Batches": 1,"Peak Memory Usage": 9,"Workers": [],"Plans": [{"Node Type": "Seq Scan","Parent Relationship": "Outer","Parallel Aware": false,"Async Capable": false,"Relation Name": "nation","Alias": "n2","Startup Cost": 0.00,"Total Cost": 1.38,"Plan Rows": 2,"Plan Width": 108,"Actual Startup Time": 0.059,"Actual Total Time": 0.064,"Actual Rows": 2,"Actual Loops": 3,"Filter": "((n_name = 'KENYA'::bpchar) OR (n_name = 'MOZAMBIQUE'::bpchar))","Rows Removed by Filter": 23,"Workers": []}]}]},{"Node Type": "Index Scan","Parent Relationship": "Inner","Parallel Aware": false,"Async Capable": false,"Scan Direction": "Forward","Index Name": "idx_orders_custkey","Relation Name": "orders","Alias": "orders","Startup Cost": 0.43,"Total Cost": 1.46,"Plan Rows": 17,"Plan Width": 8,"Actual Startup Time": 0.007,"Actual Total Time": 0.043,"Actual Rows": 10,"Actual Loops": 11966,"Index Cond": "(o_custkey = customer.c_custkey)","Rows Removed by Index Recheck": 0,"Workers": []}]},{"Node Type": "Index Scan","Parent Relationship": "Inner","Parallel Aware": false,"Async Capable": false,"Scan Direction": "Forward","Index Name": "idx_lineitem_orderkey","Relation Name": "lineitem","Alias": "lineitem","Startup Cost": 0.43,"Total Cost": 1.14,"Plan Rows": 5,"Plan Width": 24,"Actual Startup Time": 0.016,"Actual Total Time": 0.017,"Actual Rows": 1,"Actual Loops": 120207,"Index Cond": "(l_orderkey = orders.o_orderkey)","Rows Removed by Index Recheck": 0,"Filter": "((l_shipdate >= '1995-01-01'::date) AND (l_shipdate <= '1996-12-31'::date))","Rows Removed by Filter": 3,"Workers": []}]},{"Node Type": "Hash","Parent Relationship": "Inner","Parallel Aware": false,"Async Capable": false,"Startup Cost": 354.10,"Total Cost": 354.10,"Plan Rows": 784,"Plan Width": 108,"Actual Startup Time": 7.195,"Actual Total Time": 7.212,"Actual Rows": 782,"Actual Loops": 3,"Hash Buckets": 1024,"Original Hash Buckets": 1024,"Hash Batches": 1,"Original Hash Batches": 1,"Peak Memory Usage": 56,"Workers": [],"Plans": [{"Node Type": "Hash Join","Parent Relationship": "Outer","Parallel Aware": false,"Async Capable": false,"Join Type": "Inner","Startup Cost": 1.40,"Total Cost": 354.10,"Plan Rows": 784,"Plan Width": 108,"Actual Startup Time": 0.081,"Actual Total Time": 7.004,"Actual Rows": 782,"Actual Loops": 3,"Inner Unique": true,"Hash Cond": "(supplier.s_nationkey = n1.n_nationkey)","Workers": [],"Plans": [{"Node Type": "Seq Scan","Parent Relationship": "Outer","Parallel Aware": false,"Async Capable": false,"Relation Name": "supplier","Alias": "supplier","Startup Cost": 0.00,"Total Cost": 322.00,"Plan Rows": 10000,"Plan Width": 8,"Actual Startup Time": 0.028,"Actual Total Time": 3.750,"Actual Rows": 10000,"Actual Loops": 3,"Workers": []},{"Node Type": "Hash","Parent Relationship": "Inner","Parallel Aware": false,"Async Capable": false,"Startup Cost": 1.38,"Total Cost": 1.38,"Plan Rows": 2,"Plan Width": 108,"Actual Startup Time": 0.017,"Actual Total Time": 0.023,"Actual Rows": 2,"Actual Loops": 3,"Hash Buckets": 1024,"Original Hash Buckets": 1024,"Hash Batches": 1,"Original Hash Batches": 1,"Peak Memory Usage": 9,"Workers": [],"Plans": [{"Node Type": "Seq Scan","Parent Relationship": "Outer","Parallel Aware": false,"Async Capable": false,"Relation Name": "nation","Alias": "n1","Startup Cost": 0.00,"Total Cost": 1.38,"Plan Rows": 2,"Plan Width": 108,"Actual Startup Time": 0.008,"Actual Total Time": 0.012,"Actual Rows": 2,"Actual Loops": 3,"Filter": "((n_name = 'MOZAMBIQUE'::bpchar) OR (n_name = 'KENYA'::bpchar))","Rows Removed by Filter": 23,"Workers": []}]}]}]}]}]}]}]}]},"Planning Time": 8.849,"Triggers": [],"Execution Time": 965.394}]
[{"Plan": {"Node Type": "Aggregate","Strategy": "Sorted","Partial Mode": "Finalize","Parallel Aware": false,"Async Capable": false,"Startup Cost": 72556.41,"Total Cost": 73352.71,"Plan Rows": 5893,"Plan Width": 272,"Actual Startup Time": 925.972,"Actual Total Time": 969.978,"Actual Rows": 4,"Actual Loops": 1,"Group Key": ["n1.n_name", "n2.n_name", "(EXTRACT(year FROM lineitem.l_shipdate))"],"Plans": [{"Node Type": "Gather Merge","Parent Relationship": "Outer","Parallel Aware": false,"Async Capable": false,"Startup Cost": 72556.41,"Total Cost": 73202.94,"Plan Rows": 4910,"Plan Width": 272,"Actual Startup Time": 925.283,"Actual Total Time": 969.910,"Actual Rows": 12,"Actual Loops": 1,"Workers Planned": 2,"Workers Launched": 2,"Plans": [{"Node Type": "Aggregate","Strategy": "Sorted","Partial Mode": "Partial","Parent Relationship": "Outer","Parallel Aware": false,"Async Capable": false,"Startup Cost": 71556.39,"Total Cost": 71636.18,"Plan Rows": 2455,"Plan Width": 272,"Actual Startup Time": 917.230,"Actual Total Time": 918.046,"Actual Rows": 4,"Actual Loops": 3,"Group Key": ["n1.n_name", "n2.n_name", "(EXTRACT(year FROM lineitem.l_shipdate))"],"Workers": [],"Plans": [{"Node Type": "Sort","Parent Relationship": "Outer","Parallel Aware": false,"Async Capable": false,"Startup Cost": 71556.39,"Total Cost": 71562.53,"Plan Rows": 2455,"Plan Width": 252,"Actual Startup Time": 916.971,"Actual Total Time": 917.093,"Actual Rows": 1983,"Actual Loops": 3,"Sort Key": ["n1.n_name", "n2.n_name", "(EXTRACT(year FROM lineitem.l_shipdate))"],"Sort Method": "quicksort","Sort Space Used": 268,"Sort Space Type": "Memory","Workers": [{"Worker Number": 0,"Sort Method": "quicksort","Sort Space Used": 261,"Sort Space Type": "Memory"},{"Worker Number": 1,"Sort Method": "quicksort","Sort Space Used": 267,"Sort Space Type": "Memory"}],"Plans": [{"Node Type": "Hash Join","Parent Relationship": "Outer","Parallel Aware": false,"Async Capable": false,"Join Type": "Inner","Startup Cost": 366.16,"Total Cost": 71418.15,"Plan Rows": 2455,"Plan Width": 252,"Actual Startup Time": 13.110,"Actual Total Time": 915.176,"Actual Rows": 1983,"Actual Loops": 3,"Inner Unique": false,"Hash Cond": "(lineitem.l_suppkey = supplier.s_suppkey)","Join Filter": "(((n1.n_name = 'GERMANY'::bpchar) AND (n2.n_name = 'MOZAMBIQUE'::bpchar)) OR ((n1.n_name = 'MOZAMBIQUE'::bpchar) AND (n2.n_name = 'GERMANY'::bpchar)))","Rows Removed by Join Filter": 1962,"Workers": [],"Plans": [{"Node Type": "Nested Loop","Parent Relationship": "Outer","Parallel Aware": false,"Async Capable": false,"Join Type": "Inner","Startup Cost": 2.26,"Total Cost": 70727.78,"Plan Rows": 60250,"Plan Width": 124,"Actual Startup Time": 0.689,"Actual Total Time": 896.538,"Actual Rows": 49007,"Actual Loops": 3,"Inner Unique": false,"Workers": [],"Plans": [{"Node Type": "Nested Loop","Parent Relationship": "Outer","Parallel Aware": false,"Async Capable": false,"Join Type": "Inner","Startup Cost": 1.83,"Total Cost": 12400.01,"Plan Rows": 49000,"Plan Width": 108,"Actual Startup Time": 0.263,"Actual Total Time": 220.863,"Actual Rows": 40330,"Actual Loops": 3,"Inner Unique": false,"Workers": [],"Plans": [{"Node Type": "Hash Join","Parent Relationship": "Outer","Parallel Aware": false,"Async Capable": false,"Join Type": "Inner","Startup Cost": 1.40,"Total Cost": 4403.27,"Plan Rows": 4900,"Plan Width": 108,"Actual Startup Time": 0.164,"Actual Total Time": 42.269,"Actual Rows": 3961,"Actual Loops": 3,"Inner Unique": true,"Hash Cond": "(customer.c_nationkey = n2.n_nationkey)","Workers": [],"Plans": [{"Node Type": "Seq Scan","Parent Relationship": "Outer","Parallel Aware": true,"Async Capable": false,"Relation Name": "customer","Alias": "customer","Startup Cost": 0.00,"Total Cost": 4210.00,"Plan Rows": 62500,"Plan Width": 8,"Actual Startup Time": 0.014,"Actual Total Time": 9.010,"Actual Rows": 50000,"Actual Loops": 3,"Workers": []},{"Node Type": "Hash","Parent Relationship": "Inner","Parallel Aware": false,"Async Capable": false,"Startup Cost": 1.38,"Total Cost": 1.38,"Plan Rows": 2,"Plan Width": 108,"Actual Startup Time": 0.070,"Actual Total Time": 0.075,"Actual Rows": 2,"Actual Loops": 3,"Hash Buckets": 1024,"Original Hash Buckets": 1024,"Hash Batches": 1,"Original Hash Batches": 1,"Peak Memory Usage": 9,"Workers": [],"Plans": [{"Node Type": "Seq Scan","Parent Relationship": "Outer","Parallel Aware": false,"Async Capable": false,"Relation Name": "nation","Alias": "n2","Startup Cost": 0.00,"Total Cost": 1.38,"Plan Rows": 2,"Plan Width": 108,"Actual Startup Time": 0.054,"Actual Total Time": 0.059,"Actual Rows": 2,"Actual Loops": 3,"Filter": "((n_name = 'MOZAMBIQUE'::bpchar) OR (n_name = 'GERMANY'::bpchar))","Rows Removed by Filter": 23,"Workers": []}]}]},{"Node Type": "Index Scan","Parent Relationship": "Inner","Parallel Aware": false,"Async Capable": false,"Scan Direction": "Forward","Index Name": "idx_orders_custkey","Relation Name": "orders","Alias": "orders","Startup Cost": 0.43,"Total Cost": 1.46,"Plan Rows": 17,"Plan Width": 8,"Actual Startup Time": 0.007,"Actual Total Time": 0.044,"Actual Rows": 10,"Actual Loops": 11882,"Index Cond": "(o_custkey = customer.c_custkey)","Rows Removed by Index Recheck": 0,"Workers": []}]},{"Node Type": "Index Scan","Parent Relationship": "Inner","Parallel Aware": false,"Async Capable": false,"Scan Direction": "Forward","Index Name": "idx_lineitem_orderkey","Relation Name": "lineitem","Alias": "lineitem","Startup Cost": 0.43,"Total Cost": 1.14,"Plan Rows": 5,"Plan Width": 24,"Actual Startup Time": 0.016,"Actual Total Time": 0.017,"Actual Rows": 1,"Actual Loops": 120991,"Index Cond": "(l_orderkey = orders.o_orderkey)","Rows Removed by Index Recheck": 0,"Filter": "((l_shipdate >= '1995-01-01'::date) AND (l_shipdate <= '1996-12-31'::date))","Rows Removed by Filter": 3,"Workers": []}]},{"Node Type": "Hash","Parent Relationship": "Inner","Parallel Aware": false,"Async Capable": false,"Startup Cost": 354.10,"Total Cost": 354.10,"Plan Rows": 784,"Plan Width": 108,"Actual Startup Time": 11.145,"Actual Total Time": 11.158,"Actual Rows": 802,"Actual Loops": 3,"Hash Buckets": 1024,"Original Hash Buckets": 1024,"Hash Batches": 1,"Original Hash Batches": 1,"Peak Memory Usage": 57,"Workers": [],"Plans": [{"Node Type": "Hash Join","Parent Relationship": "Outer","Parallel Aware": false,"Async Capable": false,"Join Type": "Inner","Startup Cost": 1.40,"Total Cost": 354.10,"Plan Rows": 784,"Plan Width": 108,"Actual Startup Time": 0.081,"Actual Total Time": 10.967,"Actual Rows": 802,"Actual Loops": 3,"Inner Unique": true,"Hash Cond": "(supplier.s_nationkey = n1.n_nationkey)","Workers": [],"Plans": [{"Node Type": "Seq Scan","Parent Relationship": "Outer","Parallel Aware": false,"Async Capable": false,"Relation Name": "supplier","Alias": "supplier","Startup Cost": 0.00,"Total Cost": 322.00,"Plan Rows": 10000,"Plan Width": 8,"Actual Startup Time": 0.028,"Actual Total Time": 4.416,"Actual Rows": 10000,"Actual Loops": 3,"Workers": []},{"Node Type": "Hash","Parent Relationship": "Inner","Parallel Aware": false,"Async Capable": false,"Startup Cost": 1.38,"Total Cost": 1.38,"Plan Rows": 2,"Plan Width": 108,"Actual Startup Time": 0.015,"Actual Total Time": 0.020,"Actual Rows": 2,"Actual Loops": 3,"Hash Buckets": 1024,"Original Hash Buckets": 1024,"Hash Batches": 1,"Original Hash Batches": 1,"Peak Memory Usage": 9,"Workers": [],"Plans": [{"Node Type": "Seq Scan","Parent Relationship": "Outer","Parallel Aware": false,"Async Capable": false,"Relation Name": "nation","Alias": "n1","Startup Cost": 0.00,"Total Cost": 1.38,"Plan Rows": 2,"Plan Width": 108,"Actual Startup Time": 0.006,"Actual Total Time": 0.011,"Actual Rows": 2,"Actual Loops": 3,"Filter": "((n_name = 'GERMANY'::bpchar) OR (n_name = 'MOZAMBIQUE'::bpchar))","Rows Removed by Filter": 23,"Workers": []}]}]}]}]}]}]}]}]},"Planning Time": 9.233,"Triggers": [],"Execution Time": 970.387}]
[{"Plan": {"Node Type": "Aggregate","Strategy": "Sorted","Partial Mode": "Finalize","Parallel Aware": false,"Async Capable": false,"Startup Cost": 72556.41,"Total Cost": 73352.71,"Plan Rows": 5893,"Plan Width": 272,"Actual Startup Time": 919.863,"Actual Total Time": 976.933,"Actual Rows": 4,"Actual Loops": 1,"Group Key": ["n1.n_name", "n2.n_name", "(EXTRACT(year FROM lineitem.l_shipdate))"],"Plans": [{"Node Type": "Gather Merge","Parent Relationship": "Outer","Parallel Aware": false,"Async Capable": false,"Startup Cost": 72556.41,"Total Cost": 73202.94,"Plan Rows": 4910,"Plan Width": 272,"Actual Startup Time": 919.565,"Actual Total Time": 976.880,"Actual Rows": 12,"Actual Loops": 1,"Workers Planned": 2,"Workers Launched": 2,"Plans": [{"Node Type": "Aggregate","Strategy": "Sorted","Partial Mode": "Partial","Parent Relationship": "Outer","Parallel Aware": false,"Async Capable": false,"Startup Cost": 71556.39,"Total Cost": 71636.18,"Plan Rows": 2455,"Plan Width": 272,"Actual Startup Time": 911.341,"Actual Total Time": 912.042,"Actual Rows": 4,"Actual Loops": 3,"Group Key": ["n1.n_name", "n2.n_name", "(EXTRACT(year FROM lineitem.l_shipdate))"],"Workers": [],"Plans": [{"Node Type": "Sort","Parent Relationship": "Outer","Parallel Aware": false,"Async Capable": false,"Startup Cost": 71556.39,"Total Cost": 71562.53,"Plan Rows": 2455,"Plan Width": 252,"Actual Startup Time": 911.098,"Actual Total Time": 911.211,"Actual Rows": 1970,"Actual Loops": 3,"Sort Key": ["n1.n_name", "n2.n_name", "(EXTRACT(year FROM lineitem.l_shipdate))"],"Sort Method": "quicksort","Sort Space Used": 266,"Sort Space Type": "Memory","Workers": [{"Worker Number": 0,"Sort Method": "quicksort","Sort Space Used": 266,"Sort Space Type": "Memory"},{"Worker Number": 1,"Sort Method": "quicksort","Sort Space Used": 259,"Sort Space Type": "Memory"}],"Plans": [{"Node Type": "Hash Join","Parent Relationship": "Outer","Parallel Aware": false,"Async Capable": false,"Join Type": "Inner","Startup Cost": 366.16,"Total Cost": 71418.15,"Plan Rows": 2455,"Plan Width": 252,"Actual Startup Time": 11.085,"Actual Total Time": 909.193,"Actual Rows": 1970,"Actual Loops": 3,"Inner Unique": false,"Hash Cond": "(lineitem.l_suppkey = supplier.s_suppkey)","Join Filter": "(((n1.n_name = 'SAUDI ARABIA'::bpchar) AND (n2.n_name = 'BRAZIL'::bpchar)) OR ((n1.n_name = 'BRAZIL'::bpchar) AND (n2.n_name = 'SAUDI ARABIA'::bpchar)))","Rows Removed by Join Filter": 1944,"Workers": [],"Plans": [{"Node Type": "Nested Loop","Parent Relationship": "Outer","Parallel Aware": false,"Async Capable": false,"Join Type": "Inner","Startup Cost": 2.26,"Total Cost": 70727.78,"Plan Rows": 60250,"Plan Width": 124,"Actual Startup Time": 1.155,"Actual Total Time": 893.821,"Actual Rows": 48277,"Actual Loops": 3,"Inner Unique": false,"Workers": [],"Plans": [{"Node Type": "Nested Loop","Parent Relationship": "Outer","Parallel Aware": false,"Async Capable": false,"Join Type": "Inner","Startup Cost": 1.83,"Total Cost": 12400.01,"Plan Rows": 49000,"Plan Width": 108,"Actual Startup Time": 0.371,"Actual Total Time": 225.932,"Actual Rows": 39530,"Actual Loops": 3,"Inner Unique": false,"Workers": [],"Plans": [{"Node Type": "Hash Join","Parent Relationship": "Outer","Parallel Aware": false,"Async Capable": false,"Join Type": "Inner","Startup Cost": 1.40,"Total Cost": 4403.27,"Plan Rows": 4900,"Plan Width": 108,"Actual Startup Time": 0.196,"Actual Total Time": 47.300,"Actual Rows": 3968,"Actual Loops": 3,"Inner Unique": true,"Hash Cond": "(customer.c_nationkey = n2.n_nationkey)","Workers": [],"Plans": [{"Node Type": "Seq Scan","Parent Relationship": "Outer","Parallel Aware": true,"Async Capable": false,"Relation Name": "customer","Alias": "customer","Startup Cost": 0.00,"Total Cost": 4210.00,"Plan Rows": 62500,"Plan Width": 8,"Actual Startup Time": 0.013,"Actual Total Time": 9.685,"Actual Rows": 50000,"Actual Loops": 3,"Workers": []},{"Node Type": "Hash","Parent Relationship": "Inner","Parallel Aware": false,"Async Capable": false,"Startup Cost": 1.38,"Total Cost": 1.38,"Plan Rows": 2,"Plan Width": 108,"Actual Startup Time": 0.079,"Actual Total Time": 0.086,"Actual Rows": 2,"Actual Loops": 3,"Hash Buckets": 1024,"Original Hash Buckets": 1024,"Hash Batches": 1,"Original Hash Batches": 1,"Peak Memory Usage": 9,"Workers": [],"Plans": [{"Node Type": "Seq Scan","Parent Relationship": "Outer","Parallel Aware": false,"Async Capable": false,"Relation Name": "nation","Alias": "n2","Startup Cost": 0.00,"Total Cost": 1.38,"Plan Rows": 2,"Plan Width": 108,"Actual Startup Time": 0.054,"Actual Total Time": 0.063,"Actual Rows": 2,"Actual Loops": 3,"Filter": "((n_name = 'BRAZIL'::bpchar) OR (n_name = 'SAUDI ARABIA'::bpchar))","Rows Removed by Filter": 23,"Workers": []}]}]},{"Node Type": "Index Scan","Parent Relationship": "Inner","Parallel Aware": false,"Async Capable": false,"Scan Direction": "Forward","Index Name": "idx_orders_custkey","Relation Name": "orders","Alias": "orders","Startup Cost": 0.43,"Total Cost": 1.46,"Plan Rows": 17,"Plan Width": 8,"Actual Startup Time": 0.007,"Actual Total Time": 0.044,"Actual Rows": 10,"Actual Loops": 11903,"Index Cond": "(o_custkey = customer.c_custkey)","Rows Removed by Index Recheck": 0,"Workers": []}]},{"Node Type": "Index Scan","Parent Relationship": "Inner","Parallel Aware": false,"Async Capable": false,"Scan Direction": "Forward","Index Name": "idx_lineitem_orderkey","Relation Name": "lineitem","Alias": "lineitem","Startup Cost": 0.43,"Total Cost": 1.14,"Plan Rows": 5,"Plan Width": 24,"Actual Startup Time": 0.016,"Actual Total Time": 0.017,"Actual Rows": 1,"Actual Loops": 118590,"Index Cond": "(l_orderkey = orders.o_orderkey)","Rows Removed by Index Recheck": 0,"Filter": "((l_shipdate >= '1995-01-01'::date) AND (l_shipdate <= '1996-12-31'::date))","Rows Removed by Filter": 3,"Workers": []}]},{"Node Type": "Hash","Parent Relationship": "Inner","Parallel Aware": false,"Async Capable": false,"Startup Cost": 354.10,"Total Cost": 354.10,"Plan Rows": 784,"Plan Width": 108,"Actual Startup Time": 7.868,"Actual Total Time": 7.884,"Actual Rows": 808,"Actual Loops": 3,"Hash Buckets": 1024,"Original Hash Buckets": 1024,"Hash Batches": 1,"Original Hash Batches": 1,"Peak Memory Usage": 57,"Workers": [],"Plans": [{"Node Type": "Hash Join","Parent Relationship": "Outer","Parallel Aware": false,"Async Capable": false,"Join Type": "Inner","Startup Cost": 1.40,"Total Cost": 354.10,"Plan Rows": 784,"Plan Width": 108,"Actual Startup Time": 0.090,"Actual Total Time": 7.680,"Actual Rows": 808,"Actual Loops": 3,"Inner Unique": true,"Hash Cond": "(supplier.s_nationkey = n1.n_nationkey)","Workers": [],"Plans": [{"Node Type": "Seq Scan","Parent Relationship": "Outer","Parallel Aware": false,"Async Capable": false,"Relation Name": "supplier","Alias": "supplier","Startup Cost": 0.00,"Total Cost": 322.00,"Plan Rows": 10000,"Plan Width": 8,"Actual Startup Time": 0.031,"Actual Total Time": 3.680,"Actual Rows": 10000,"Actual Loops": 3,"Workers": []},{"Node Type": "Hash","Parent Relationship": "Inner","Parallel Aware": false,"Async Capable": false,"Startup Cost": 1.38,"Total Cost": 1.38,"Plan Rows": 2,"Plan Width": 108,"Actual Startup Time": 0.021,"Actual Total Time": 0.026,"Actual Rows": 2,"Actual Loops": 3,"Hash Buckets": 1024,"Original Hash Buckets": 1024,"Hash Batches": 1,"Original Hash Batches": 1,"Peak Memory Usage": 9,"Workers": [],"Plans": [{"Node Type": "Seq Scan","Parent Relationship": "Outer","Parallel Aware": false,"Async Capable": false,"Relation Name": "nation","Alias": "n1","Startup Cost": 0.00,"Total Cost": 1.38,"Plan Rows": 2,"Plan Width": 108,"Actual Startup Time": 0.006,"Actual Total Time": 0.014,"Actual Rows": 2,"Actual Loops": 3,"Filter": "((n_name = 'SAUDI ARABIA'::bpchar) OR (n_name = 'BRAZIL'::bpchar))","Rows Removed by Filter": 23,"Workers": []}]}]}]}]}]}]}]}]},"Planning Time": 7.968,"Triggers": [],"Execution Time": 977.409}]
[{"Plan": {"Node Type": "Aggregate","Strategy": "Sorted","Partial Mode": "Finalize","Parallel Aware": false,"Async Capable": false,"Startup Cost": 72556.41,"Total Cost": 73352.71,"Plan Rows": 5893,"Plan Width": 272,"Actual Startup Time": 929.402,"Actual Total Time": 974.245,"Actual Rows": 4,"Actual Loops": 1,"Group Key": ["n1.n_name", "n2.n_name", "(EXTRACT(year FROM lineitem.l_shipdate))"],"Plans": [{"Node Type": "Gather Merge","Parent Relationship": "Outer","Parallel Aware": false,"Async Capable": false,"Startup Cost": 72556.41,"Total Cost": 73202.94,"Plan Rows": 4910,"Plan Width": 272,"Actual Startup Time": 929.084,"Actual Total Time": 974.184,"Actual Rows": 12,"Actual Loops": 1,"Workers Planned": 2,"Workers Launched": 2,"Plans": [{"Node Type": "Aggregate","Strategy": "Sorted","Partial Mode": "Partial","Parent Relationship": "Outer","Parallel Aware": false,"Async Capable": false,"Startup Cost": 71556.39,"Total Cost": 71636.18,"Plan Rows": 2455,"Plan Width": 272,"Actual Startup Time": 921.751,"Actual Total Time": 922.428,"Actual Rows": 4,"Actual Loops": 3,"Group Key": ["n1.n_name", "n2.n_name", "(EXTRACT(year FROM lineitem.l_shipdate))"],"Workers": [],"Plans": [{"Node Type": "Sort","Parent Relationship": "Outer","Parallel Aware": false,"Async Capable": false,"Startup Cost": 71556.39,"Total Cost": 71562.53,"Plan Rows": 2455,"Plan Width": 252,"Actual Startup Time": 921.470,"Actual Total Time": 921.568,"Actual Rows": 1920,"Actual Loops": 3,"Sort Key": ["n1.n_name", "n2.n_name", "(EXTRACT(year FROM lineitem.l_shipdate))"],"Sort Method": "quicksort","Sort Space Used": 265,"Sort Space Type": "Memory","Workers": [{"Worker Number": 0,"Sort Method": "quicksort","Sort Space Used": 259,"Sort Space Type": "Memory"},{"Worker Number": 1,"Sort Method": "quicksort","Sort Space Used": 252,"Sort Space Type": "Memory"}],"Plans": [{"Node Type": "Hash Join","Parent Relationship": "Outer","Parallel Aware": false,"Async Capable": false,"Join Type": "Inner","Startup Cost": 366.16,"Total Cost": 71418.15,"Plan Rows": 2455,"Plan Width": 252,"Actual Startup Time": 11.117,"Actual Total Time": 919.694,"Actual Rows": 1920,"Actual Loops": 3,"Inner Unique": false,"Hash Cond": "(lineitem.l_suppkey = supplier.s_suppkey)","Join Filter": "(((n1.n_name = 'EGYPT'::bpchar) AND (n2.n_name = 'JORDAN'::bpchar)) OR ((n1.n_name = 'JORDAN'::bpchar) AND (n2.n_name = 'EGYPT'::bpchar)))","Rows Removed by Join Filter": 1896,"Workers": [],"Plans": [{"Node Type": "Nested Loop","Parent Relationship": "Outer","Parallel Aware": false,"Async Capable": false,"Join Type": "Inner","Startup Cost": 2.26,"Total Cost": 70727.78,"Plan Rows": 60250,"Plan Width": 124,"Actual Startup Time": 0.877,"Actual Total Time": 902.686,"Actual Rows": 48898,"Actual Loops": 3,"Inner Unique": false,"Workers": [],"Plans": [{"Node Type": "Nested Loop","Parent Relationship": "Outer","Parallel Aware": false,"Async Capable": false,"Join Type": "Inner","Startup Cost": 1.83,"Total Cost": 12400.01,"Plan Rows": 49000,"Plan Width": 108,"Actual Startup Time": 0.319,"Actual Total Time": 227.225,"Actual Rows": 39949,"Actual Loops": 3,"Inner Unique": false,"Workers": [],"Plans": [{"Node Type": "Hash Join","Parent Relationship": "Outer","Parallel Aware": false,"Async Capable": false,"Join Type": "Inner","Startup Cost": 1.40,"Total Cost": 4403.27,"Plan Rows": 4900,"Plan Width": 108,"Actual Startup Time": 0.204,"Actual Total Time": 47.183,"Actual Rows": 4009,"Actual Loops": 3,"Inner Unique": true,"Hash Cond": "(customer.c_nationkey = n2.n_nationkey)","Workers": [],"Plans": [{"Node Type": "Seq Scan","Parent Relationship": "Outer","Parallel Aware": true,"Async Capable": false,"Relation Name": "customer","Alias": "customer","Startup Cost": 0.00,"Total Cost": 4210.00,"Plan Rows": 62500,"Plan Width": 8,"Actual Startup Time": 0.019,"Actual Total Time": 9.590,"Actual Rows": 50000,"Actual Loops": 3,"Workers": []},{"Node Type": "Hash","Parent Relationship": "Inner","Parallel Aware": false,"Async Capable": false,"Startup Cost": 1.38,"Total Cost": 1.38,"Plan Rows": 2,"Plan Width": 108,"Actual Startup Time": 0.075,"Actual Total Time": 0.082,"Actual Rows": 2,"Actual Loops": 3,"Hash Buckets": 1024,"Original Hash Buckets": 1024,"Hash Batches": 1,"Original Hash Batches": 1,"Peak Memory Usage": 9,"Workers": [],"Plans": [{"Node Type": "Seq Scan","Parent Relationship": "Outer","Parallel Aware": false,"Async Capable": false,"Relation Name": "nation","Alias": "n2","Startup Cost": 0.00,"Total Cost": 1.38,"Plan Rows": 2,"Plan Width": 108,"Actual Startup Time": 0.057,"Actual Total Time": 0.065,"Actual Rows": 2,"Actual Loops": 3,"Filter": "((n_name = 'JORDAN'::bpchar) OR (n_name = 'EGYPT'::bpchar))","Rows Removed by Filter": 23,"Workers": []}]}]},{"Node Type": "Index Scan","Parent Relationship": "Inner","Parallel Aware": false,"Async Capable": false,"Scan Direction": "Forward","Index Name": "idx_orders_custkey","Relation Name": "orders","Alias": "orders","Startup Cost": 0.43,"Total Cost": 1.46,"Plan Rows": 17,"Plan Width": 8,"Actual Startup Time": 0.007,"Actual Total Time": 0.044,"Actual Rows": 10,"Actual Loops": 12028,"Index Cond": "(o_custkey = customer.c_custkey)","Rows Removed by Index Recheck": 0,"Workers": []}]},{"Node Type": "Index Scan","Parent Relationship": "Inner","Parallel Aware": false,"Async Capable": false,"Scan Direction": "Forward","Index Name": "idx_lineitem_orderkey","Relation Name": "lineitem","Alias": "lineitem","Startup Cost": 0.43,"Total Cost": 1.14,"Plan Rows": 5,"Plan Width": 24,"Actual Startup Time": 0.016,"Actual Total Time": 0.017,"Actual Rows": 1,"Actual Loops": 119847,"Index Cond": "(l_orderkey = orders.o_orderkey)","Rows Removed by Index Recheck": 0,"Filter": "((l_shipdate >= '1995-01-01'::date) AND (l_shipdate <= '1996-12-31'::date))","Rows Removed by Filter": 3,"Workers": []}]},{"Node Type": "Hash","Parent Relationship": "Inner","Parallel Aware": false,"Async Capable": false,"Startup Cost": 354.10,"Total Cost": 354.10,"Plan Rows": 784,"Plan Width": 108,"Actual Startup Time": 9.765,"Actual Total Time": 9.773,"Actual Rows": 777,"Actual Loops": 3,"Hash Buckets": 1024,"Original Hash Buckets": 1024,"Hash Batches": 1,"Original Hash Batches": 1,"Peak Memory Usage": 56,"Workers": [],"Plans": [{"Node Type": "Hash Join","Parent Relationship": "Outer","Parallel Aware": false,"Async Capable": false,"Join Type": "Inner","Startup Cost": 1.40,"Total Cost": 354.10,"Plan Rows": 784,"Plan Width": 108,"Actual Startup Time": 0.108,"Actual Total Time": 9.562,"Actual Rows": 777,"Actual Loops": 3,"Inner Unique": true,"Hash Cond": "(supplier.s_nationkey = n1.n_nationkey)","Workers": [],"Plans": [{"Node Type": "Seq Scan","Parent Relationship": "Outer","Parallel Aware": false,"Async Capable": false,"Relation Name": "supplier","Alias": "supplier","Startup Cost": 0.00,"Total Cost": 322.00,"Plan Rows": 10000,"Plan Width": 8,"Actual Startup Time": 0.037,"Actual Total Time": 4.246,"Actual Rows": 10000,"Actual Loops": 3,"Workers": []},{"Node Type": "Hash","Parent Relationship": "Inner","Parallel Aware": false,"Async Capable": false,"Startup Cost": 1.38,"Total Cost": 1.38,"Plan Rows": 2,"Plan Width": 108,"Actual Startup Time": 0.024,"Actual Total Time": 0.026,"Actual Rows": 2,"Actual Loops": 3,"Hash Buckets": 1024,"Original Hash Buckets": 1024,"Hash Batches": 1,"Original Hash Batches": 1,"Peak Memory Usage": 9,"Workers": [],"Plans": [{"Node Type": "Seq Scan","Parent Relationship": "Outer","Parallel Aware": false,"Async Capable": false,"Relation Name": "nation","Alias": "n1","Startup Cost": 0.00,"Total Cost": 1.38,"Plan Rows": 2,"Plan Width": 108,"Actual Startup Time": 0.006,"Actual Total Time": 0.012,"Actual Rows": 2,"Actual Loops": 3,"Filter": "((n_name = 'EGYPT'::bpchar) OR (n_name = 'JORDAN'::bpchar))","Rows Removed by Filter": 23,"Workers": []}]}]}]}]}]}]}]}]},"Planning Time": 9.473,"Triggers": [],"Execution Time": 974.793}]
[{"Plan": {"Node Type": "Aggregate","Strategy": "Sorted","Partial Mode": "Finalize","Parallel Aware": false,"Async Capable": false,"Startup Cost": 72556.41,"Total Cost": 73352.71,"Plan Rows": 5893,"Plan Width": 272,"Actual Startup Time": 954.698,"Actual Total Time": 1010.125,"Actual Rows": 4,"Actual Loops": 1,"Group Key": ["n1.n_name", "n2.n_name", "(EXTRACT(year FROM lineitem.l_shipdate))"],"Plans": [{"Node Type": "Gather Merge","Parent Relationship": "Outer","Parallel Aware": false,"Async Capable": false,"Startup Cost": 72556.41,"Total Cost": 73202.94,"Plan Rows": 4910,"Plan Width": 272,"Actual Startup Time": 954.435,"Actual Total Time": 1010.063,"Actual Rows": 12,"Actual Loops": 1,"Workers Planned": 2,"Workers Launched": 2,"Plans": [{"Node Type": "Aggregate","Strategy": "Sorted","Partial Mode": "Partial","Parent Relationship": "Outer","Parallel Aware": false,"Async Capable": false,"Startup Cost": 71556.39,"Total Cost": 71636.18,"Plan Rows": 2455,"Plan Width": 272,"Actual Startup Time": 945.748,"Actual Total Time": 946.404,"Actual Rows": 4,"Actual Loops": 3,"Group Key": ["n1.n_name", "n2.n_name", "(EXTRACT(year FROM lineitem.l_shipdate))"],"Workers": [],"Plans": [{"Node Type": "Sort","Parent Relationship": "Outer","Parallel Aware": false,"Async Capable": false,"Startup Cost": 71556.39,"Total Cost": 71562.53,"Plan Rows": 2455,"Plan Width": 252,"Actual Startup Time": 945.463,"Actual Total Time": 945.569,"Actual Rows": 1941,"Actual Loops": 3,"Sort Key": ["n1.n_name", "n2.n_name", "(EXTRACT(year FROM lineitem.l_shipdate))"],"Sort Method": "quicksort","Sort Space Used": 257,"Sort Space Type": "Memory","Workers": [{"Worker Number": 0,"Sort Method": "quicksort","Sort Space Used": 261,"Sort Space Type": "Memory"},{"Worker Number": 1,"Sort Method": "quicksort","Sort Space Used": 264,"Sort Space Type": "Memory"}],"Plans": [{"Node Type": "Hash Join","Parent Relationship": "Outer","Parallel Aware": false,"Async Capable": false,"Join Type": "Inner","Startup Cost": 366.16,"Total Cost": 71418.15,"Plan Rows": 2455,"Plan Width": 252,"Actual Startup Time": 8.751,"Actual Total Time": 943.574,"Actual Rows": 1941,"Actual Loops": 3,"Inner Unique": false,"Hash Cond": "(lineitem.l_suppkey = supplier.s_suppkey)","Join Filter": "(((n1.n_name = 'JORDAN'::bpchar) AND (n2.n_name = 'INDONESIA'::bpchar)) OR ((n1.n_name = 'INDONESIA'::bpchar) AND (n2.n_name = 'JORDAN'::bpchar)))","Rows Removed by Join Filter": 1930,"Workers": [],"Plans": [{"Node Type": "Nested Loop","Parent Relationship": "Outer","Parallel Aware": false,"Async Capable": false,"Join Type": "Inner","Startup Cost": 2.26,"Total Cost": 70727.78,"Plan Rows": 60250,"Plan Width": 124,"Actual Startup Time": 0.624,"Actual Total Time": 928.681,"Actual Rows": 49872,"Actual Loops": 3,"Inner Unique": false,"Workers": [],"Plans": [{"Node Type": "Nested Loop","Parent Relationship": "Outer","Parallel Aware": false,"Async Capable": false,"Join Type": "Inner","Startup Cost": 1.83,"Total Cost": 12400.01,"Plan Rows": 49000,"Plan Width": 108,"Actual Startup Time": 0.354,"Actual Total Time": 239.090,"Actual Rows": 40704,"Actual Loops": 3,"Inner Unique": false,"Workers": [],"Plans": [{"Node Type": "Hash Join","Parent Relationship": "Outer","Parallel Aware": false,"Async Capable": false,"Join Type": "Inner","Startup Cost": 1.40,"Total Cost": 4403.27,"Plan Rows": 4900,"Plan Width": 108,"Actual Startup Time": 0.225,"Actual Total Time": 48.776,"Actual Rows": 4065,"Actual Loops": 3,"Inner Unique": true,"Hash Cond": "(customer.c_nationkey = n2.n_nationkey)","Workers": [],"Plans": [{"Node Type": "Seq Scan","Parent Relationship": "Outer","Parallel Aware": true,"Async Capable": false,"Relation Name": "customer","Alias": "customer","Startup Cost": 0.00,"Total Cost": 4210.00,"Plan Rows": 62500,"Plan Width": 8,"Actual Startup Time": 0.019,"Actual Total Time": 9.644,"Actual Rows": 50000,"Actual Loops": 3,"Workers": []},{"Node Type": "Hash","Parent Relationship": "Inner","Parallel Aware": false,"Async Capable": false,"Startup Cost": 1.38,"Total Cost": 1.38,"Plan Rows": 2,"Plan Width": 108,"Actual Startup Time": 0.094,"Actual Total Time": 0.101,"Actual Rows": 2,"Actual Loops": 3,"Hash Buckets": 1024,"Original Hash Buckets": 1024,"Hash Batches": 1,"Original Hash Batches": 1,"Peak Memory Usage": 9,"Workers": [],"Plans": [{"Node Type": "Seq Scan","Parent Relationship": "Outer","Parallel Aware": false,"Async Capable": false,"Relation Name": "nation","Alias": "n2","Startup Cost": 0.00,"Total Cost": 1.38,"Plan Rows": 2,"Plan Width": 108,"Actual Startup Time": 0.069,"Actual Total Time": 0.075,"Actual Rows": 2,"Actual Loops": 3,"Filter": "((n_name = 'INDONESIA'::bpchar) OR (n_name = 'JORDAN'::bpchar))","Rows Removed by Filter": 23,"Workers": []}]}]},{"Node Type": "Index Scan","Parent Relationship": "Inner","Parallel Aware": false,"Async Capable": false,"Scan Direction": "Forward","Index Name": "idx_orders_custkey","Relation Name": "orders","Alias": "orders","Startup Cost": 0.43,"Total Cost": 1.46,"Plan Rows": 17,"Plan Width": 8,"Actual Startup Time": 0.007,"Actual Total Time": 0.046,"Actual Rows": 10,"Actual Loops": 12194,"Index Cond": "(o_custkey = customer.c_custkey)","Rows Removed by Index Recheck": 0,"Workers": []}]},{"Node Type": "Index Scan","Parent Relationship": "Inner","Parallel Aware": false,"Async Capable": false,"Scan Direction": "Forward","Index Name": "idx_lineitem_orderkey","Relation Name": "lineitem","Alias": "lineitem","Startup Cost": 0.43,"Total Cost": 1.14,"Plan Rows": 5,"Plan Width": 24,"Actual Startup Time": 0.016,"Actual Total Time": 0.017,"Actual Rows": 1,"Actual Loops": 122113,"Index Cond": "(l_orderkey = orders.o_orderkey)","Rows Removed by Index Recheck": 0,"Filter": "((l_shipdate >= '1995-01-01'::date) AND (l_shipdate <= '1996-12-31'::date))","Rows Removed by Filter": 3,"Workers": []}]},{"Node Type": "Hash","Parent Relationship": "Inner","Parallel Aware": false,"Async Capable": false,"Startup Cost": 354.10,"Total Cost": 354.10,"Plan Rows": 784,"Plan Width": 108,"Actual Startup Time": 7.600,"Actual Total Time": 7.612,"Actual Rows": 767,"Actual Loops": 3,"Hash Buckets": 1024,"Original Hash Buckets": 1024,"Hash Batches": 1,"Original Hash Batches": 1,"Peak Memory Usage": 55,"Workers": [],"Plans": [{"Node Type": "Hash Join","Parent Relationship": "Outer","Parallel Aware": false,"Async Capable": false,"Join Type": "Inner","Startup Cost": 1.40,"Total Cost": 354.10,"Plan Rows": 784,"Plan Width": 108,"Actual Startup Time": 0.086,"Actual Total Time": 7.456,"Actual Rows": 767,"Actual Loops": 3,"Inner Unique": true,"Hash Cond": "(supplier.s_nationkey = n1.n_nationkey)","Workers": [],"Plans": [{"Node Type": "Seq Scan","Parent Relationship": "Outer","Parallel Aware": false,"Async Capable": false,"Relation Name": "supplier","Alias": "supplier","Startup Cost": 0.00,"Total Cost": 322.00,"Plan Rows": 10000,"Plan Width": 8,"Actual Startup Time": 0.043,"Actual Total Time": 3.621,"Actual Rows": 10000,"Actual Loops": 3,"Workers": []},{"Node Type": "Hash","Parent Relationship": "Inner","Parallel Aware": false,"Async Capable": false,"Startup Cost": 1.38,"Total Cost": 1.38,"Plan Rows": 2,"Plan Width": 108,"Actual Startup Time": 0.011,"Actual Total Time": 0.015,"Actual Rows": 2,"Actual Loops": 3,"Hash Buckets": 1024,"Original Hash Buckets": 1024,"Hash Batches": 1,"Original Hash Batches": 1,"Peak Memory Usage": 9,"Workers": [],"Plans": [{"Node Type": "Seq Scan","Parent Relationship": "Outer","Parallel Aware": false,"Async Capable": false,"Relation Name": "nation","Alias": "n1","Startup Cost": 0.00,"Total Cost": 1.38,"Plan Rows": 2,"Plan Width": 108,"Actual Startup Time": 0.004,"Actual Total Time": 0.008,"Actual Rows": 2,"Actual Loops": 3,"Filter": "((n_name = 'JORDAN'::bpchar) OR (n_name = 'INDONESIA'::bpchar))","Rows Removed by Filter": 23,"Workers": []}]}]}]}]}]}]}]}]},"Planning Time": 9.150,"Triggers": [],"Execution Time": 1010.528}]
[{"Plan": {"Node Type": "Aggregate","Strategy": "Sorted","Partial Mode": "Finalize","Parallel Aware": false,"Async Capable": false,"Startup Cost": 72556.41,"Total Cost": 73352.71,"Plan Rows": 5893,"Plan Width": 272,"Actual Startup Time": 931.696,"Actual Total Time": 988.881,"Actual Rows": 4,"Actual Loops": 1,"Group Key": ["n1.n_name", "n2.n_name", "(EXTRACT(year FROM lineitem.l_shipdate))"],"Plans": [{"Node Type": "Gather Merge","Parent Relationship": "Outer","Parallel Aware": false,"Async Capable": false,"Startup Cost": 72556.41,"Total Cost": 73202.94,"Plan Rows": 4910,"Plan Width": 272,"Actual Startup Time": 930.989,"Actual Total Time": 988.803,"Actual Rows": 12,"Actual Loops": 1,"Workers Planned": 2,"Workers Launched": 2,"Plans": [{"Node Type": "Aggregate","Strategy": "Sorted","Partial Mode": "Partial","Parent Relationship": "Outer","Parallel Aware": false,"Async Capable": false,"Startup Cost": 71556.39,"Total Cost": 71636.18,"Plan Rows": 2455,"Plan Width": 272,"Actual Startup Time": 922.381,"Actual Total Time": 923.196,"Actual Rows": 4,"Actual Loops": 3,"Group Key": ["n1.n_name", "n2.n_name", "(EXTRACT(year FROM lineitem.l_shipdate))"],"Workers": [],"Plans": [{"Node Type": "Sort","Parent Relationship": "Outer","Parallel Aware": false,"Async Capable": false,"Startup Cost": 71556.39,"Total Cost": 71562.53,"Plan Rows": 2455,"Plan Width": 252,"Actual Startup Time": 922.118,"Actual Total Time": 922.238,"Actual Rows": 1928,"Actual Loops": 3,"Sort Key": ["n1.n_name", "n2.n_name", "(EXTRACT(year FROM lineitem.l_shipdate))"],"Sort Method": "quicksort","Sort Space Used": 266,"Sort Space Type": "Memory","Workers": [{"Worker Number": 0,"Sort Method": "quicksort","Sort Space Used": 254,"Sort Space Type": "Memory"},{"Worker Number": 1,"Sort Method": "quicksort","Sort Space Used": 259,"Sort Space Type": "Memory"}],"Plans": [{"Node Type": "Hash Join","Parent Relationship": "Outer","Parallel Aware": false,"Async Capable": false,"Join Type": "Inner","Startup Cost": 366.16,"Total Cost": 71418.15,"Plan Rows": 2455,"Plan Width": 252,"Actual Startup Time": 10.945,"Actual Total Time": 920.269,"Actual Rows": 1928,"Actual Loops": 3,"Inner Unique": false,"Hash Cond": "(lineitem.l_suppkey = supplier.s_suppkey)","Join Filter": "(((n1.n_name = 'IRAN'::bpchar) AND (n2.n_name = 'INDONESIA'::bpchar)) OR ((n1.n_name = 'INDONESIA'::bpchar) AND (n2.n_name = 'IRAN'::bpchar)))","Rows Removed by Join Filter": 1954,"Workers": [],"Plans": [{"Node Type": "Nested Loop","Parent Relationship": "Outer","Parallel Aware": false,"Async Capable": false,"Join Type": "Inner","Startup Cost": 2.26,"Total Cost": 70727.78,"Plan Rows": 60250,"Plan Width": 124,"Actual Startup Time": 0.626,"Actual Total Time": 904.516,"Actual Rows": 49182,"Actual Loops": 3,"Inner Unique": false,"Workers": [],"Plans": [{"Node Type": "Nested Loop","Parent Relationship": "Outer","Parallel Aware": false,"Async Capable": false,"Join Type": "Inner","Startup Cost": 1.83,"Total Cost": 12400.01,"Plan Rows": 49000,"Plan Width": 108,"Actual Startup Time": 0.343,"Actual Total Time": 226.750,"Actual Rows": 40351,"Actual Loops": 3,"Inner Unique": false,"Workers": [],"Plans": [{"Node Type": "Hash Join","Parent Relationship": "Outer","Parallel Aware": false,"Async Capable": false,"Join Type": "Inner","Startup Cost": 1.40,"Total Cost": 4403.27,"Plan Rows": 4900,"Plan Width": 108,"Actual Startup Time": 0.212,"Actual Total Time": 46.045,"Actual Rows": 4057,"Actual Loops": 3,"Inner Unique": true,"Hash Cond": "(customer.c_nationkey = n2.n_nationkey)","Workers": [],"Plans": [{"Node Type": "Seq Scan","Parent Relationship": "Outer","Parallel Aware": true,"Async Capable": false,"Relation Name": "customer","Alias": "customer","Startup Cost": 0.00,"Total Cost": 4210.00,"Plan Rows": 62500,"Plan Width": 8,"Actual Startup Time": 0.020,"Actual Total Time": 9.595,"Actual Rows": 50000,"Actual Loops": 3,"Workers": []},{"Node Type": "Hash","Parent Relationship": "Inner","Parallel Aware": false,"Async Capable": false,"Startup Cost": 1.38,"Total Cost": 1.38,"Plan Rows": 2,"Plan Width": 108,"Actual Startup Time": 0.097,"Actual Total Time": 0.105,"Actual Rows": 2,"Actual Loops": 3,"Hash Buckets": 1024,"Original Hash Buckets": 1024,"Hash Batches": 1,"Original Hash Batches": 1,"Peak Memory Usage": 9,"Workers": [],"Plans": [{"Node Type": "Seq Scan","Parent Relationship": "Outer","Parallel Aware": false,"Async Capable": false,"Relation Name": "nation","Alias": "n2","Startup Cost": 0.00,"Total Cost": 1.38,"Plan Rows": 2,"Plan Width": 108,"Actual Startup Time": 0.073,"Actual Total Time": 0.080,"Actual Rows": 2,"Actual Loops": 3,"Filter": "((n_name = 'INDONESIA'::bpchar) OR (n_name = 'IRAN'::bpchar))","Rows Removed by Filter": 23,"Workers": []}]}]},{"Node Type": "Index Scan","Parent Relationship": "Inner","Parallel Aware": false,"Async Capable": false,"Scan Direction": "Forward","Index Name": "idx_orders_custkey","Relation Name": "orders","Alias": "orders","Startup Cost": 0.43,"Total Cost": 1.46,"Plan Rows": 17,"Plan Width": 8,"Actual Startup Time": 0.007,"Actual Total Time": 0.043,"Actual Rows": 10,"Actual Loops": 12170,"Index Cond": "(o_custkey = customer.c_custkey)","Rows Removed by Index Recheck": 0,"Workers": []}]},{"Node Type": "Index Scan","Parent Relationship": "Inner","Parallel Aware": false,"Async Capable": false,"Scan Direction": "Forward","Index Name": "idx_lineitem_orderkey","Relation Name": "lineitem","Alias": "lineitem","Startup Cost": 0.43,"Total Cost": 1.14,"Plan Rows": 5,"Plan Width": 24,"Actual Startup Time": 0.016,"Actual Total Time": 0.017,"Actual Rows": 1,"Actual Loops": 121052,"Index Cond": "(l_orderkey = orders.o_orderkey)","Rows Removed by Index Recheck": 0,"Filter": "((l_shipdate >= '1995-01-01'::date) AND (l_shipdate <= '1996-12-31'::date))","Rows Removed by Filter": 3,"Workers": []}]},{"Node Type": "Hash","Parent Relationship": "Inner","Parallel Aware": false,"Async Capable": false,"Startup Cost": 354.10,"Total Cost": 354.10,"Plan Rows": 784,"Plan Width": 108,"Actual Startup Time": 8.261,"Actual Total Time": 8.279,"Actual Rows": 798,"Actual Loops": 3,"Hash Buckets": 1024,"Original Hash Buckets": 1024,"Hash Batches": 1,"Original Hash Batches": 1,"Peak Memory Usage": 57,"Workers": [],"Plans": [{"Node Type": "Hash Join","Parent Relationship": "Outer","Parallel Aware": false,"Async Capable": false,"Join Type": "Inner","Startup Cost": 1.40,"Total Cost": 354.10,"Plan Rows": 784,"Plan Width": 108,"Actual Startup Time": 0.100,"Actual Total Time": 8.058,"Actual Rows": 798,"Actual Loops": 3,"Inner Unique": true,"Hash Cond": "(supplier.s_nationkey = n1.n_nationkey)","Workers": [],"Plans": [{"Node Type": "Seq Scan","Parent Relationship": "Outer","Parallel Aware": false,"Async Capable": false,"Relation Name": "supplier","Alias": "supplier","Startup Cost": 0.00,"Total Cost": 322.00,"Plan Rows": 10000,"Plan Width": 8,"Actual Startup Time": 0.040,"Actual Total Time": 4.391,"Actual Rows": 10000,"Actual Loops": 3,"Workers": []},{"Node Type": "Hash","Parent Relationship": "Inner","Parallel Aware": false,"Async Capable": false,"Startup Cost": 1.38,"Total Cost": 1.38,"Plan Rows": 2,"Plan Width": 108,"Actual Startup Time": 0.021,"Actual Total Time": 0.027,"Actual Rows": 2,"Actual Loops": 3,"Hash Buckets": 1024,"Original Hash Buckets": 1024,"Hash Batches": 1,"Original Hash Batches": 1,"Peak Memory Usage": 9,"Workers": [],"Plans": [{"Node Type": "Seq Scan","Parent Relationship": "Outer","Parallel Aware": false,"Async Capable": false,"Relation Name": "nation","Alias": "n1","Startup Cost": 0.00,"Total Cost": 1.38,"Plan Rows": 2,"Plan Width": 108,"Actual Startup Time": 0.008,"Actual Total Time": 0.014,"Actual Rows": 2,"Actual Loops": 3,"Filter": "((n_name = 'IRAN'::bpchar) OR (n_name = 'INDONESIA'::bpchar))","Rows Removed by Filter": 23,"Workers": []}]}]}]}]}]}]}]}]},"Planning Time": 8.385,"Triggers": [],"Execution Time": 989.335}]
[{"Plan": {"Node Type": "Aggregate","Strategy": "Sorted","Partial Mode": "Finalize","Parallel Aware": false,"Async Capable": false,"Startup Cost": 72556.41,"Total Cost": 73352.71,"Plan Rows": 5893,"Plan Width": 272,"Actual Startup Time": 917.870,"Actual Total Time": 962.362,"Actual Rows": 4,"Actual Loops": 1,"Group Key": ["n1.n_name", "n2.n_name", "(EXTRACT(year FROM lineitem.l_shipdate))"],"Plans": [{"Node Type": "Gather Merge","Parent Relationship": "Outer","Parallel Aware": false,"Async Capable": false,"Startup Cost": 72556.41,"Total Cost": 73202.94,"Plan Rows": 4910,"Plan Width": 272,"Actual Startup Time": 917.033,"Actual Total Time": 962.279,"Actual Rows": 12,"Actual Loops": 1,"Workers Planned": 2,"Workers Launched": 2,"Plans": [{"Node Type": "Aggregate","Strategy": "Sorted","Partial Mode": "Partial","Parent Relationship": "Outer","Parallel Aware": false,"Async Capable": false,"Startup Cost": 71556.39,"Total Cost": 71636.18,"Plan Rows": 2455,"Plan Width": 272,"Actual Startup Time": 909.068,"Actual Total Time": 909.952,"Actual Rows": 4,"Actual Loops": 3,"Group Key": ["n1.n_name", "n2.n_name", "(EXTRACT(year FROM lineitem.l_shipdate))"],"Workers": [],"Plans": [{"Node Type": "Sort","Parent Relationship": "Outer","Parallel Aware": false,"Async Capable": false,"Startup Cost": 71556.39,"Total Cost": 71562.53,"Plan Rows": 2455,"Plan Width": 252,"Actual Startup Time": 908.823,"Actual Total Time": 908.945,"Actual Rows": 1908,"Actual Loops": 3,"Sort Key": ["n1.n_name", "n2.n_name", "(EXTRACT(year FROM lineitem.l_shipdate))"],"Sort Method": "quicksort","Sort Space Used": 265,"Sort Space Type": "Memory","Workers": [{"Worker Number": 0,"Sort Method": "quicksort","Sort Space Used": 254,"Sort Space Type": "Memory"},{"Worker Number": 1,"Sort Method": "quicksort","Sort Space Used": 252,"Sort Space Type": "Memory"}],"Plans": [{"Node Type": "Hash Join","Parent Relationship": "Outer","Parallel Aware": false,"Async Capable": false,"Join Type": "Inner","Startup Cost": 366.16,"Total Cost": 71418.15,"Plan Rows": 2455,"Plan Width": 252,"Actual Startup Time": 12.931,"Actual Total Time": 907.059,"Actual Rows": 1908,"Actual Loops": 3,"Inner Unique": false,"Hash Cond": "(lineitem.l_suppkey = supplier.s_suppkey)","Join Filter": "(((n1.n_name = 'ETHIOPIA'::bpchar) AND (n2.n_name = 'INDIA'::bpchar)) OR ((n1.n_name = 'INDIA'::bpchar) AND (n2.n_name = 'ETHIOPIA'::bpchar)))","Rows Removed by Join Filter": 1947,"Workers": [],"Plans": [{"Node Type": "Nested Loop","Parent Relationship": "Outer","Parallel Aware": false,"Async Capable": false,"Join Type": "Inner","Startup Cost": 2.26,"Total Cost": 70727.78,"Plan Rows": 60250,"Plan Width": 124,"Actual Startup Time": 0.855,"Actual Total Time": 889.189,"Actual Rows": 48483,"Actual Loops": 3,"Inner Unique": false,"Workers": [],"Plans": [{"Node Type": "Nested Loop","Parent Relationship": "Outer","Parallel Aware": false,"Async Capable": false,"Join Type": "Inner","Startup Cost": 1.83,"Total Cost": 12400.01,"Plan Rows": 49000,"Plan Width": 108,"Actual Startup Time": 0.357,"Actual Total Time": 220.396,"Actual Rows": 39844,"Actual Loops": 3,"Inner Unique": false,"Workers": [],"Plans": [{"Node Type": "Hash Join","Parent Relationship": "Outer","Parallel Aware": false,"Async Capable": false,"Join Type": "Inner","Startup Cost": 1.40,"Total Cost": 4403.27,"Plan Rows": 4900,"Plan Width": 108,"Actual Startup Time": 0.226,"Actual Total Time": 43.825,"Actual Rows": 3998,"Actual Loops": 3,"Inner Unique": true,"Hash Cond": "(customer.c_nationkey = n2.n_nationkey)","Workers": [],"Plans": [{"Node Type": "Seq Scan","Parent Relationship": "Outer","Parallel Aware": true,"Async Capable": false,"Relation Name": "customer","Alias": "customer","Startup Cost": 0.00,"Total Cost": 4210.00,"Plan Rows": 62500,"Plan Width": 8,"Actual Startup Time": 0.016,"Actual Total Time": 9.020,"Actual Rows": 50000,"Actual Loops": 3,"Workers": []},{"Node Type": "Hash","Parent Relationship": "Inner","Parallel Aware": false,"Async Capable": false,"Startup Cost": 1.38,"Total Cost": 1.38,"Plan Rows": 2,"Plan Width": 108,"Actual Startup Time": 0.077,"Actual Total Time": 0.083,"Actual Rows": 2,"Actual Loops": 3,"Hash Buckets": 1024,"Original Hash Buckets": 1024,"Hash Batches": 1,"Original Hash Batches": 1,"Peak Memory Usage": 9,"Workers": [],"Plans": [{"Node Type": "Seq Scan","Parent Relationship": "Outer","Parallel Aware": false,"Async Capable": false,"Relation Name": "nation","Alias": "n2","Startup Cost": 0.00,"Total Cost": 1.38,"Plan Rows": 2,"Plan Width": 108,"Actual Startup Time": 0.058,"Actual Total Time": 0.065,"Actual Rows": 2,"Actual Loops": 3,"Filter": "((n_name = 'INDIA'::bpchar) OR (n_name = 'ETHIOPIA'::bpchar))","Rows Removed by Filter": 23,"Workers": []}]}]},{"Node Type": "Index Scan","Parent Relationship": "Inner","Parallel Aware": false,"Async Capable": false,"Scan Direction": "Forward","Index Name": "idx_orders_custkey","Relation Name": "orders","Alias": "orders","Startup Cost": 0.43,"Total Cost": 1.46,"Plan Rows": 17,"Plan Width": 8,"Actual Startup Time": 0.007,"Actual Total Time": 0.043,"Actual Rows": 10,"Actual Loops": 11994,"Index Cond": "(o_custkey = customer.c_custkey)","Rows Removed by Index Recheck": 0,"Workers": []}]},{"Node Type": "Index Scan","Parent Relationship": "Inner","Parallel Aware": false,"Async Capable": false,"Scan Direction": "Forward","Index Name": "idx_lineitem_orderkey","Relation Name": "lineitem","Alias": "lineitem","Startup Cost": 0.43,"Total Cost": 1.14,"Plan Rows": 5,"Plan Width": 24,"Actual Startup Time": 0.016,"Actual Total Time": 0.017,"Actual Rows": 1,"Actual Loops": 119533,"Index Cond": "(l_orderkey = orders.o_orderkey)","Rows Removed by Index Recheck": 0,"Filter": "((l_shipdate >= '1995-01-01'::date) AND (l_shipdate <= '1996-12-31'::date))","Rows Removed by Filter": 3,"Workers": []}]},{"Node Type": "Hash","Parent Relationship": "Inner","Parallel Aware": false,"Async Capable": false,"Startup Cost": 354.10,"Total Cost": 354.10,"Plan Rows": 784,"Plan Width": 108,"Actual Startup Time": 10.773,"Actual Total Time": 10.786,"Actual Rows": 795,"Actual Loops": 3,"Hash Buckets": 1024,"Original Hash Buckets": 1024,"Hash Batches": 1,"Original Hash Batches": 1,"Peak Memory Usage": 57,"Workers": [],"Plans": [{"Node Type": "Hash Join","Parent Relationship": "Outer","Parallel Aware": false,"Async Capable": false,"Join Type": "Inner","Startup Cost": 1.40,"Total Cost": 354.10,"Plan Rows": 784,"Plan Width": 108,"Actual Startup Time": 0.092,"Actual Total Time": 10.568,"Actual Rows": 795,"Actual Loops": 3,"Inner Unique": true,"Hash Cond": "(supplier.s_nationkey = n1.n_nationkey)","Workers": [],"Plans": [{"Node Type": "Seq Scan","Parent Relationship": "Outer","Parallel Aware": false,"Async Capable": false,"Relation Name": "supplier","Alias": "supplier","Startup Cost": 0.00,"Total Cost": 322.00,"Plan Rows": 10000,"Plan Width": 8,"Actual Startup Time": 0.036,"Actual Total Time": 4.257,"Actual Rows": 10000,"Actual Loops": 3,"Workers": []},{"Node Type": "Hash","Parent Relationship": "Inner","Parallel Aware": false,"Async Capable": false,"Startup Cost": 1.38,"Total Cost": 1.38,"Plan Rows": 2,"Plan Width": 108,"Actual Startup Time": 0.020,"Actual Total Time": 0.024,"Actual Rows": 2,"Actual Loops": 3,"Hash Buckets": 1024,"Original Hash Buckets": 1024,"Hash Batches": 1,"Original Hash Batches": 1,"Peak Memory Usage": 9,"Workers": [],"Plans": [{"Node Type": "Seq Scan","Parent Relationship": "Outer","Parallel Aware": false,"Async Capable": false,"Relation Name": "nation","Alias": "n1","Startup Cost": 0.00,"Total Cost": 1.38,"Plan Rows": 2,"Plan Width": 108,"Actual Startup Time": 0.007,"Actual Total Time": 0.013,"Actual Rows": 2,"Actual Loops": 3,"Filter": "((n_name = 'ETHIOPIA'::bpchar) OR (n_name = 'INDIA'::bpchar))","Rows Removed by Filter": 23,"Workers": []}]}]}]}]}]}]}]}]},"Planning Time": 9.310,"Triggers": [],"Execution Time": 962.778}]
[{"Plan": {"Node Type": "Aggregate","Strategy": "Sorted","Partial Mode": "Finalize","Parallel Aware": false,"Async Capable": false,"Startup Cost": 72556.41,"Total Cost": 73352.71,"Plan Rows": 5893,"Plan Width": 272,"Actual Startup Time": 938.945,"Actual Total Time": 987.346,"Actual Rows": 4,"Actual Loops": 1,"Group Key": ["n1.n_name", "n2.n_name", "(EXTRACT(year FROM lineitem.l_shipdate))"],"Plans": [{"Node Type": "Gather Merge","Parent Relationship": "Outer","Parallel Aware": false,"Async Capable": false,"Startup Cost": 72556.41,"Total Cost": 73202.94,"Plan Rows": 4910,"Plan Width": 272,"Actual Startup Time": 938.524,"Actual Total Time": 987.244,"Actual Rows": 12,"Actual Loops": 1,"Workers Planned": 2,"Workers Launched": 2,"Plans": [{"Node Type": "Aggregate","Strategy": "Sorted","Partial Mode": "Partial","Parent Relationship": "Outer","Parallel Aware": false,"Async Capable": false,"Startup Cost": 71556.39,"Total Cost": 71636.18,"Plan Rows": 2455,"Plan Width": 272,"Actual Startup Time": 929.985,"Actual Total Time": 930.766,"Actual Rows": 4,"Actual Loops": 3,"Group Key": ["n1.n_name", "n2.n_name", "(EXTRACT(year FROM lineitem.l_shipdate))"],"Workers": [],"Plans": [{"Node Type": "Sort","Parent Relationship": "Outer","Parallel Aware": false,"Async Capable": false,"Startup Cost": 71556.39,"Total Cost": 71562.53,"Plan Rows": 2455,"Plan Width": 252,"Actual Startup Time": 929.726,"Actual Total Time": 929.847,"Actual Rows": 2004,"Actual Loops": 3,"Sort Key": ["n1.n_name", "n2.n_name", "(EXTRACT(year FROM lineitem.l_shipdate))"],"Sort Method": "quicksort","Sort Space Used": 265,"Sort Space Type": "Memory","Workers": [{"Worker Number": 0,"Sort Method": "quicksort","Sort Space Used": 322,"Sort Space Type": "Memory"},{"Worker Number": 1,"Sort Method": "quicksort","Sort Space Used": 264,"Sort Space Type": "Memory"}],"Plans": [{"Node Type": "Hash Join","Parent Relationship": "Outer","Parallel Aware": false,"Async Capable": false,"Join Type": "Inner","Startup Cost": 366.16,"Total Cost": 71418.15,"Plan Rows": 2455,"Plan Width": 252,"Actual Startup Time": 9.602,"Actual Total Time": 927.838,"Actual Rows": 2004,"Actual Loops": 3,"Inner Unique": false,"Hash Cond": "(lineitem.l_suppkey = supplier.s_suppkey)","Join Filter": "(((n1.n_name = 'INDONESIA'::bpchar) AND (n2.n_name = 'VIETNAM'::bpchar)) OR ((n1.n_name = 'VIETNAM'::bpchar) AND (n2.n_name = 'INDONESIA'::bpchar)))","Rows Removed by Join Filter": 2009,"Workers": [],"Plans": [{"Node Type": "Nested Loop","Parent Relationship": "Outer","Parallel Aware": false,"Async Capable": false,"Join Type": "Inner","Startup Cost": 2.26,"Total Cost": 70727.78,"Plan Rows": 60250,"Plan Width": 124,"Actual Startup Time": 0.594,"Actual Total Time": 912.149,"Actual Rows": 49725,"Actual Loops": 3,"Inner Unique": false,"Workers": [],"Plans": [{"Node Type": "Nested Loop","Parent Relationship": "Outer","Parallel Aware": false,"Async Capable": false,"Join Type": "Inner","Startup Cost": 1.83,"Total Cost": 12400.01,"Plan Rows": 49000,"Plan Width": 108,"Actual Startup Time": 0.352,"Actual Total Time": 229.802,"Actual Rows": 40575,"Actual Loops": 3,"Inner Unique": false,"Workers": [],"Plans": [{"Node Type": "Hash Join","Parent Relationship": "Outer","Parallel Aware": false,"Async Capable": false,"Join Type": "Inner","Startup Cost": 1.40,"Total Cost": 4403.27,"Plan Rows": 4900,"Plan Width": 108,"Actual Startup Time": 0.222,"Actual Total Time": 47.525,"Actual Rows": 4056,"Actual Loops": 3,"Inner Unique": true,"Hash Cond": "(customer.c_nationkey = n2.n_nationkey)","Workers": [],"Plans": [{"Node Type": "Seq Scan","Parent Relationship": "Outer","Parallel Aware": true,"Async Capable": false,"Relation Name": "customer","Alias": "customer","Startup Cost": 0.00,"Total Cost": 4210.00,"Plan Rows": 62500,"Plan Width": 8,"Actual Startup Time": 0.015,"Actual Total Time": 9.559,"Actual Rows": 50000,"Actual Loops": 3,"Workers": []},{"Node Type": "Hash","Parent Relationship": "Inner","Parallel Aware": false,"Async Capable": false,"Startup Cost": 1.38,"Total Cost": 1.38,"Plan Rows": 2,"Plan Width": 108,"Actual Startup Time": 0.092,"Actual Total Time": 0.096,"Actual Rows": 2,"Actual Loops": 3,"Hash Buckets": 1024,"Original Hash Buckets": 1024,"Hash Batches": 1,"Original Hash Batches": 1,"Peak Memory Usage": 9,"Workers": [],"Plans": [{"Node Type": "Seq Scan","Parent Relationship": "Outer","Parallel Aware": false,"Async Capable": false,"Relation Name": "nation","Alias": "n2","Startup Cost": 0.00,"Total Cost": 1.38,"Plan Rows": 2,"Plan Width": 108,"Actual Startup Time": 0.065,"Actual Total Time": 0.070,"Actual Rows": 2,"Actual Loops": 3,"Filter": "((n_name = 'VIETNAM'::bpchar) OR (n_name = 'INDONESIA'::bpchar))","Rows Removed by Filter": 23,"Workers": []}]}]},{"Node Type": "Index Scan","Parent Relationship": "Inner","Parallel Aware": false,"Async Capable": false,"Scan Direction": "Forward","Index Name": "idx_orders_custkey","Relation Name": "orders","Alias": "orders","Startup Cost": 0.43,"Total Cost": 1.46,"Plan Rows": 17,"Plan Width": 8,"Actual Startup Time": 0.007,"Actual Total Time": 0.044,"Actual Rows": 10,"Actual Loops": 12169,"Index Cond": "(o_custkey = customer.c_custkey)","Rows Removed by Index Recheck": 0,"Workers": []}]},{"Node Type": "Index Scan","Parent Relationship": "Inner","Parallel Aware": false,"Async Capable": false,"Scan Direction": "Forward","Index Name": "idx_lineitem_orderkey","Relation Name": "lineitem","Alias": "lineitem","Startup Cost": 0.43,"Total Cost": 1.14,"Plan Rows": 5,"Plan Width": 24,"Actual Startup Time": 0.016,"Actual Total Time": 0.017,"Actual Rows": 1,"Actual Loops": 121724,"Index Cond": "(l_orderkey = orders.o_orderkey)","Rows Removed by Index Recheck": 0,"Filter": "((l_shipdate >= '1995-01-01'::date) AND (l_shipdate <= '1996-12-31'::date))","Rows Removed by Filter": 3,"Workers": []}]},{"Node Type": "Hash","Parent Relationship": "Inner","Parallel Aware": false,"Async Capable": false,"Startup Cost": 354.10,"Total Cost": 354.10,"Plan Rows": 784,"Plan Width": 108,"Actual Startup Time": 8.244,"Actual Total Time": 8.260,"Actual Rows": 804,"Actual Loops": 3,"Hash Buckets": 1024,"Original Hash Buckets": 1024,"Hash Batches": 1,"Original Hash Batches": 1,"Peak Memory Usage": 57,"Workers": [],"Plans": [{"Node Type": "Hash Join","Parent Relationship": "Outer","Parallel Aware": false,"Async Capable": false,"Join Type": "Inner","Startup Cost": 1.40,"Total Cost": 354.10,"Plan Rows": 784,"Plan Width": 108,"Actual Startup Time": 0.107,"Actual Total Time": 8.069,"Actual Rows": 804,"Actual Loops": 3,"Inner Unique": true,"Hash Cond": "(supplier.s_nationkey = n1.n_nationkey)","Workers": [],"Plans": [{"Node Type": "Seq Scan","Parent Relationship": "Outer","Parallel Aware": false,"Async Capable": false,"Relation Name": "supplier","Alias": "supplier","Startup Cost": 0.00,"Total Cost": 322.00,"Plan Rows": 10000,"Plan Width": 8,"Actual Startup Time": 0.035,"Actual Total Time": 4.122,"Actual Rows": 10000,"Actual Loops": 3,"Workers": []},{"Node Type": "Hash","Parent Relationship": "Inner","Parallel Aware": false,"Async Capable": false,"Startup Cost": 1.38,"Total Cost": 1.38,"Plan Rows": 2,"Plan Width": 108,"Actual Startup Time": 0.021,"Actual Total Time": 0.027,"Actual Rows": 2,"Actual Loops": 3,"Hash Buckets": 1024,"Original Hash Buckets": 1024,"Hash Batches": 1,"Original Hash Batches": 1,"Peak Memory Usage": 9,"Workers": [],"Plans": [{"Node Type": "Seq Scan","Parent Relationship": "Outer","Parallel Aware": false,"Async Capable": false,"Relation Name": "nation","Alias": "n1","Startup Cost": 0.00,"Total Cost": 1.38,"Plan Rows": 2,"Plan Width": 108,"Actual Startup Time": 0.008,"Actual Total Time": 0.014,"Actual Rows": 2,"Actual Loops": 3,"Filter": "((n_name = 'INDONESIA'::bpchar) OR (n_name = 'VIETNAM'::bpchar))","Rows Removed by Filter": 23,"Workers": []}]}]}]}]}]}]}]}]},"Planning Time": 8.138,"Triggers": [],"Execution Time": 987.775}]
[{"Plan": {"Node Type": "Aggregate","Strategy": "Sorted","Partial Mode": "Finalize","Parallel Aware": false,"Async Capable": false,"Startup Cost": 72556.41,"Total Cost": 73352.71,"Plan Rows": 5893,"Plan Width": 272,"Actual Startup Time": 947.806,"Actual Total Time": 991.190,"Actual Rows": 4,"Actual Loops": 1,"Group Key": ["n1.n_name", "n2.n_name", "(EXTRACT(year FROM lineitem.l_shipdate))"],"Plans": [{"Node Type": "Gather Merge","Parent Relationship": "Outer","Parallel Aware": false,"Async Capable": false,"Startup Cost": 72556.41,"Total Cost": 73202.94,"Plan Rows": 4910,"Plan Width": 272,"Actual Startup Time": 947.530,"Actual Total Time": 991.130,"Actual Rows": 12,"Actual Loops": 1,"Workers Planned": 2,"Workers Launched": 2,"Plans": [{"Node Type": "Aggregate","Strategy": "Sorted","Partial Mode": "Partial","Parent Relationship": "Outer","Parallel Aware": false,"Async Capable": false,"Startup Cost": 71556.39,"Total Cost": 71636.18,"Plan Rows": 2455,"Plan Width": 272,"Actual Startup Time": 939.336,"Actual Total Time": 940.044,"Actual Rows": 4,"Actual Loops": 3,"Group Key": ["n1.n_name", "n2.n_name", "(EXTRACT(year FROM lineitem.l_shipdate))"],"Workers": [],"Plans": [{"Node Type": "Sort","Parent Relationship": "Outer","Parallel Aware": false,"Async Capable": false,"Startup Cost": 71556.39,"Total Cost": 71562.53,"Plan Rows": 2455,"Plan Width": 252,"Actual Startup Time": 939.049,"Actual Total Time": 939.147,"Actual Rows": 1991,"Actual Loops": 3,"Sort Key": ["n1.n_name", "n2.n_name", "(EXTRACT(year FROM lineitem.l_shipdate))"],"Sort Method": "quicksort","Sort Space Used": 266,"Sort Space Type": "Memory","Workers": [{"Worker Number": 0,"Sort Method": "quicksort","Sort Space Used": 265,"Sort Space Type": "Memory"},{"Worker Number": 1,"Sort Method": "quicksort","Sort Space Used": 268,"Sort Space Type": "Memory"}],"Plans": [{"Node Type": "Hash Join","Parent Relationship": "Outer","Parallel Aware": false,"Async Capable": false,"Join Type": "Inner","Startup Cost": 366.16,"Total Cost": 71418.15,"Plan Rows": 2455,"Plan Width": 252,"Actual Startup Time": 11.345,"Actual Total Time": 937.010,"Actual Rows": 1991,"Actual Loops": 3,"Inner Unique": false,"Hash Cond": "(lineitem.l_suppkey = supplier.s_suppkey)","Join Filter": "(((n1.n_name = 'INDIA'::bpchar) AND (n2.n_name = 'FRANCE'::bpchar)) OR ((n1.n_name = 'FRANCE'::bpchar) AND (n2.n_name = 'INDIA'::bpchar)))","Rows Removed by Join Filter": 2003,"Workers": [],"Plans": [{"Node Type": "Nested Loop","Parent Relationship": "Outer","Parallel Aware": false,"Async Capable": false,"Join Type": "Inner","Startup Cost": 2.26,"Total Cost": 70727.78,"Plan Rows": 60250,"Plan Width": 124,"Actual Startup Time": 0.675,"Actual Total Time": 920.857,"Actual Rows": 49303,"Actual Loops": 3,"Inner Unique": false,"Workers": [],"Plans": [{"Node Type": "Nested Loop","Parent Relationship": "Outer","Parallel Aware": false,"Async Capable": false,"Join Type": "Inner","Startup Cost": 1.83,"Total Cost": 12400.01,"Plan Rows": 49000,"Plan Width": 108,"Actual Startup Time": 0.298,"Actual Total Time": 232.120,"Actual Rows": 40476,"Actual Loops": 3,"Inner Unique": false,"Workers": [],"Plans": [{"Node Type": "Hash Join","Parent Relationship": "Outer","Parallel Aware": false,"Async Capable": false,"Join Type": "Inner","Startup Cost": 1.40,"Total Cost": 4403.27,"Plan Rows": 4900,"Plan Width": 108,"Actual Startup Time": 0.188,"Actual Total Time": 49.068,"Actual Rows": 4047,"Actual Loops": 3,"Inner Unique": true,"Hash Cond": "(customer.c_nationkey = n2.n_nationkey)","Workers": [],"Plans": [{"Node Type": "Seq Scan","Parent Relationship": "Outer","Parallel Aware": true,"Async Capable": false,"Relation Name": "customer","Alias": "customer","Startup Cost": 0.00,"Total Cost": 4210.00,"Plan Rows": 62500,"Plan Width": 8,"Actual Startup Time": 0.015,"Actual Total Time": 9.597,"Actual Rows": 50000,"Actual Loops": 3,"Workers": []},{"Node Type": "Hash","Parent Relationship": "Inner","Parallel Aware": false,"Async Capable": false,"Startup Cost": 1.38,"Total Cost": 1.38,"Plan Rows": 2,"Plan Width": 108,"Actual Startup Time": 0.075,"Actual Total Time": 0.080,"Actual Rows": 2,"Actual Loops": 3,"Hash Buckets": 1024,"Original Hash Buckets": 1024,"Hash Batches": 1,"Original Hash Batches": 1,"Peak Memory Usage": 9,"Workers": [],"Plans": [{"Node Type": "Seq Scan","Parent Relationship": "Outer","Parallel Aware": false,"Async Capable": false,"Relation Name": "nation","Alias": "n2","Startup Cost": 0.00,"Total Cost": 1.38,"Plan Rows": 2,"Plan Width": 108,"Actual Startup Time": 0.056,"Actual Total Time": 0.064,"Actual Rows": 2,"Actual Loops": 3,"Filter": "((n_name = 'FRANCE'::bpchar) OR (n_name = 'INDIA'::bpchar))","Rows Removed by Filter": 23,"Workers": []}]}]},{"Node Type": "Index Scan","Parent Relationship": "Inner","Parallel Aware": false,"Async Capable": false,"Scan Direction": "Forward","Index Name": "idx_orders_custkey","Relation Name": "orders","Alias": "orders","Startup Cost": 0.43,"Total Cost": 1.46,"Plan Rows": 17,"Plan Width": 8,"Actual Startup Time": 0.007,"Actual Total Time": 0.044,"Actual Rows": 10,"Actual Loops": 12142,"Index Cond": "(o_custkey = customer.c_custkey)","Rows Removed by Index Recheck": 0,"Workers": []}]},{"Node Type": "Index Scan","Parent Relationship": "Inner","Parallel Aware": false,"Async Capable": false,"Scan Direction": "Forward","Index Name": "idx_lineitem_orderkey","Relation Name": "lineitem","Alias": "lineitem","Startup Cost": 0.43,"Total Cost": 1.14,"Plan Rows": 5,"Plan Width": 24,"Actual Startup Time": 0.016,"Actual Total Time": 0.017,"Actual Rows": 1,"Actual Loops": 121427,"Index Cond": "(l_orderkey = orders.o_orderkey)","Rows Removed by Index Recheck": 0,"Filter": "((l_shipdate >= '1995-01-01'::date) AND (l_shipdate <= '1996-12-31'::date))","Rows Removed by Filter": 3,"Workers": []}]},{"Node Type": "Hash","Parent Relationship": "Inner","Parallel Aware": false,"Async Capable": false,"Startup Cost": 354.10,"Total Cost": 354.10,"Plan Rows": 784,"Plan Width": 108,"Actual Startup Time": 8.665,"Actual Total Time": 8.677,"Actual Rows": 817,"Actual Loops": 3,"Hash Buckets": 1024,"Original Hash Buckets": 1024,"Hash Batches": 1,"Original Hash Batches": 1,"Peak Memory Usage": 58,"Workers": [],"Plans": [{"Node Type": "Hash Join","Parent Relationship": "Outer","Parallel Aware": false,"Async Capable": false,"Join Type": "Inner","Startup Cost": 1.40,"Total Cost": 354.10,"Plan Rows": 784,"Plan Width": 108,"Actual Startup Time": 0.103,"Actual Total Time": 8.498,"Actual Rows": 817,"Actual Loops": 3,"Inner Unique": true,"Hash Cond": "(supplier.s_nationkey = n1.n_nationkey)","Workers": [],"Plans": [{"Node Type": "Seq Scan","Parent Relationship": "Outer","Parallel Aware": false,"Async Capable": false,"Relation Name": "supplier","Alias": "supplier","Startup Cost": 0.00,"Total Cost": 322.00,"Plan Rows": 10000,"Plan Width": 8,"Actual Startup Time": 0.039,"Actual Total Time": 3.680,"Actual Rows": 10000,"Actual Loops": 3,"Workers": []},{"Node Type": "Hash","Parent Relationship": "Inner","Parallel Aware": false,"Async Capable": false,"Startup Cost": 1.38,"Total Cost": 1.38,"Plan Rows": 2,"Plan Width": 108,"Actual Startup Time": 0.019,"Actual Total Time": 0.023,"Actual Rows": 2,"Actual Loops": 3,"Hash Buckets": 1024,"Original Hash Buckets": 1024,"Hash Batches": 1,"Original Hash Batches": 1,"Peak Memory Usage": 9,"Workers": [],"Plans": [{"Node Type": "Seq Scan","Parent Relationship": "Outer","Parallel Aware": false,"Async Capable": false,"Relation Name": "nation","Alias": "n1","Startup Cost": 0.00,"Total Cost": 1.38,"Plan Rows": 2,"Plan Width": 108,"Actual Startup Time": 0.006,"Actual Total Time": 0.014,"Actual Rows": 2,"Actual Loops": 3,"Filter": "((n_name = 'INDIA'::bpchar) OR (n_name = 'FRANCE'::bpchar))","Rows Removed by Filter": 23,"Workers": []}]}]}]}]}]}]}]}]},"Planning Time": 7.793,"Triggers": [],"Execution Time": 991.753}]
[{"Plan": {"Node Type": "Aggregate","Strategy": "Sorted","Partial Mode": "Finalize","Parallel Aware": false,"Async Capable": false,"Startup Cost": 72556.41,"Total Cost": 73352.71,"Plan Rows": 5893,"Plan Width": 272,"Actual Startup Time": 912.840,"Actual Total Time": 956.495,"Actual Rows": 4,"Actual Loops": 1,"Group Key": ["n1.n_name", "n2.n_name", "(EXTRACT(year FROM lineitem.l_shipdate))"],"Plans": [{"Node Type": "Gather Merge","Parent Relationship": "Outer","Parallel Aware": false,"Async Capable": false,"Startup Cost": 72556.41,"Total Cost": 73202.94,"Plan Rows": 4910,"Plan Width": 272,"Actual Startup Time": 911.869,"Actual Total Time": 956.423,"Actual Rows": 12,"Actual Loops": 1,"Workers Planned": 2,"Workers Launched": 2,"Plans": [{"Node Type": "Aggregate","Strategy": "Sorted","Partial Mode": "Partial","Parent Relationship": "Outer","Parallel Aware": false,"Async Capable": false,"Startup Cost": 71556.39,"Total Cost": 71636.18,"Plan Rows": 2455,"Plan Width": 272,"Actual Startup Time": 904.052,"Actual Total Time": 904.960,"Actual Rows": 4,"Actual Loops": 3,"Group Key": ["n1.n_name", "n2.n_name", "(EXTRACT(year FROM lineitem.l_shipdate))"],"Workers": [],"Plans": [{"Node Type": "Sort","Parent Relationship": "Outer","Parallel Aware": false,"Async Capable": false,"Startup Cost": 71556.39,"Total Cost": 71562.53,"Plan Rows": 2455,"Plan Width": 252,"Actual Startup Time": 903.766,"Actual Total Time": 903.915,"Actual Rows": 1961,"Actual Loops": 3,"Sort Key": ["n1.n_name", "n2.n_name", "(EXTRACT(year FROM lineitem.l_shipdate))"],"Sort Method": "quicksort","Sort Space Used": 325,"Sort Space Type": "Memory","Workers": [{"Worker Number": 0,"Sort Method": "quicksort","Sort Space Used": 256,"Sort Space Type": "Memory"},{"Worker Number": 1,"Sort Method": "quicksort","Sort Space Used": 256,"Sort Space Type": "Memory"}],"Plans": [{"Node Type": "Hash Join","Parent Relationship": "Outer","Parallel Aware": false,"Async Capable": false,"Join Type": "Inner","Startup Cost": 366.16,"Total Cost": 71418.15,"Plan Rows": 2455,"Plan Width": 252,"Actual Startup Time": 12.690,"Actual Total Time": 901.905,"Actual Rows": 1961,"Actual Loops": 3,"Inner Unique": false,"Hash Cond": "(lineitem.l_suppkey = supplier.s_suppkey)","Join Filter": "(((n1.n_name = 'JAPAN'::bpchar) AND (n2.n_name = 'IRAQ'::bpchar)) OR ((n1.n_name = 'IRAQ'::bpchar) AND (n2.n_name = 'JAPAN'::bpchar)))","Rows Removed by Join Filter": 1962,"Workers": [],"Plans": [{"Node Type": "Nested Loop","Parent Relationship": "Outer","Parallel Aware": false,"Async Capable": false,"Join Type": "Inner","Startup Cost": 2.26,"Total Cost": 70727.78,"Plan Rows": 60250,"Plan Width": 124,"Actual Startup Time": 0.509,"Actual Total Time": 884.293,"Actual Rows": 47981,"Actual Loops": 3,"Inner Unique": false,"Workers": [],"Plans": [{"Node Type": "Nested Loop","Parent Relationship": "Outer","Parallel Aware": false,"Async Capable": false,"Join Type": "Inner","Startup Cost": 1.83,"Total Cost": 12400.01,"Plan Rows": 49000,"Plan Width": 108,"Actual Startup Time": 0.385,"Actual Total Time": 218.741,"Actual Rows": 39436,"Actual Loops": 3,"Inner Unique": false,"Workers": [],"Plans": [{"Node Type": "Hash Join","Parent Relationship": "Outer","Parallel Aware": false,"Async Capable": false,"Join Type": "Inner","Startup Cost": 1.40,"Total Cost": 4403.27,"Plan Rows": 4900,"Plan Width": 108,"Actual Startup Time": 0.198,"Actual Total Time": 42.457,"Actual Rows": 3970,"Actual Loops": 3,"Inner Unique": true,"Hash Cond": "(customer.c_nationkey = n2.n_nationkey)","Workers": [],"Plans": [{"Node Type": "Seq Scan","Parent Relationship": "Outer","Parallel Aware": true,"Async Capable": false,"Relation Name": "customer","Alias": "customer","Startup Cost": 0.00,"Total Cost": 4210.00,"Plan Rows": 62500,"Plan Width": 8,"Actual Startup Time": 0.019,"Actual Total Time": 8.993,"Actual Rows": 50000,"Actual Loops": 3,"Workers": []},{"Node Type": "Hash","Parent Relationship": "Inner","Parallel Aware": false,"Async Capable": false,"Startup Cost": 1.38,"Total Cost": 1.38,"Plan Rows": 2,"Plan Width": 108,"Actual Startup Time": 0.090,"Actual Total Time": 0.096,"Actual Rows": 2,"Actual Loops": 3,"Hash Buckets": 1024,"Original Hash Buckets": 1024,"Hash Batches": 1,"Original Hash Batches": 1,"Peak Memory Usage": 9,"Workers": [],"Plans": [{"Node Type": "Seq Scan","Parent Relationship": "Outer","Parallel Aware": false,"Async Capable": false,"Relation Name": "nation","Alias": "n2","Startup Cost": 0.00,"Total Cost": 1.38,"Plan Rows": 2,"Plan Width": 108,"Actual Startup Time": 0.067,"Actual Total Time": 0.073,"Actual Rows": 2,"Actual Loops": 3,"Filter": "((n_name = 'IRAQ'::bpchar) OR (n_name = 'JAPAN'::bpchar))","Rows Removed by Filter": 23,"Workers": []}]}]},{"Node Type": "Index Scan","Parent Relationship": "Inner","Parallel Aware": false,"Async Capable": false,"Scan Direction": "Forward","Index Name": "idx_orders_custkey","Relation Name": "orders","Alias": "orders","Startup Cost": 0.43,"Total Cost": 1.46,"Plan Rows": 17,"Plan Width": 8,"Actual Startup Time": 0.007,"Actual Total Time": 0.043,"Actual Rows": 10,"Actual Loops": 11911,"Index Cond": "(o_custkey = customer.c_custkey)","Rows Removed by Index Recheck": 0,"Workers": []}]},{"Node Type": "Index Scan","Parent Relationship": "Inner","Parallel Aware": false,"Async Capable": false,"Scan Direction": "Forward","Index Name": "idx_lineitem_orderkey","Relation Name": "lineitem","Alias": "lineitem","Startup Cost": 0.43,"Total Cost": 1.14,"Plan Rows": 5,"Plan Width": 24,"Actual Startup Time": 0.016,"Actual Total Time": 0.017,"Actual Rows": 1,"Actual Loops": 118307,"Index Cond": "(l_orderkey = orders.o_orderkey)","Rows Removed by Index Recheck": 0,"Filter": "((l_shipdate >= '1995-01-01'::date) AND (l_shipdate <= '1996-12-31'::date))","Rows Removed by Filter": 3,"Workers": []}]},{"Node Type": "Hash","Parent Relationship": "Inner","Parallel Aware": false,"Async Capable": false,"Startup Cost": 354.10,"Total Cost": 354.10,"Plan Rows": 784,"Plan Width": 108,"Actual Startup Time": 10.298,"Actual Total Time": 10.314,"Actual Rows": 815,"Actual Loops": 3,"Hash Buckets": 1024,"Original Hash Buckets": 1024,"Hash Batches": 1,"Original Hash Batches": 1,"Peak Memory Usage": 58,"Workers": [],"Plans": [{"Node Type": "Hash Join","Parent Relationship": "Outer","Parallel Aware": false,"Async Capable": false,"Join Type": "Inner","Startup Cost": 1.40,"Total Cost": 354.10,"Plan Rows": 784,"Plan Width": 108,"Actual Startup Time": 0.102,"Actual Total Time": 10.121,"Actual Rows": 815,"Actual Loops": 3,"Inner Unique": true,"Hash Cond": "(supplier.s_nationkey = n1.n_nationkey)","Workers": [],"Plans": [{"Node Type": "Seq Scan","Parent Relationship": "Outer","Parallel Aware": false,"Async Capable": false,"Relation Name": "supplier","Alias": "supplier","Startup Cost": 0.00,"Total Cost": 322.00,"Plan Rows": 10000,"Plan Width": 8,"Actual Startup Time": 0.038,"Actual Total Time": 4.127,"Actual Rows": 10000,"Actual Loops": 3,"Workers": []},{"Node Type": "Hash","Parent Relationship": "Inner","Parallel Aware": false,"Async Capable": false,"Startup Cost": 1.38,"Total Cost": 1.38,"Plan Rows": 2,"Plan Width": 108,"Actual Startup Time": 0.021,"Actual Total Time": 0.027,"Actual Rows": 2,"Actual Loops": 3,"Hash Buckets": 1024,"Original Hash Buckets": 1024,"Hash Batches": 1,"Original Hash Batches": 1,"Peak Memory Usage": 9,"Workers": [],"Plans": [{"Node Type": "Seq Scan","Parent Relationship": "Outer","Parallel Aware": false,"Async Capable": false,"Relation Name": "nation","Alias": "n1","Startup Cost": 0.00,"Total Cost": 1.38,"Plan Rows": 2,"Plan Width": 108,"Actual Startup Time": 0.008,"Actual Total Time": 0.014,"Actual Rows": 2,"Actual Loops": 3,"Filter": "((n_name = 'JAPAN'::bpchar) OR (n_name = 'IRAQ'::bpchar))","Rows Removed by Filter": 23,"Workers": []}]}]}]}]}]}]}]}]},"Planning Time": 7.520,"Triggers": [],"Execution Time": 956.930}]
[{"Plan": {"Node Type": "Aggregate","Strategy": "Sorted","Partial Mode": "Finalize","Parallel Aware": false,"Async Capable": false,"Startup Cost": 72556.41,"Total Cost": 73352.71,"Plan Rows": 5893,"Plan Width": 272,"Actual Startup Time": 929.813,"Actual Total Time": 988.541,"Actual Rows": 4,"Actual Loops": 1,"Group Key": ["n1.n_name", "n2.n_name", "(EXTRACT(year FROM lineitem.l_shipdate))"],"Plans": [{"Node Type": "Gather Merge","Parent Relationship": "Outer","Parallel Aware": false,"Async Capable": false,"Startup Cost": 72556.41,"Total Cost": 73202.94,"Plan Rows": 4910,"Plan Width": 272,"Actual Startup Time": 929.155,"Actual Total Time": 988.456,"Actual Rows": 12,"Actual Loops": 1,"Workers Planned": 2,"Workers Launched": 2,"Plans": [{"Node Type": "Aggregate","Strategy": "Sorted","Partial Mode": "Partial","Parent Relationship": "Outer","Parallel Aware": false,"Async Capable": false,"Startup Cost": 71556.39,"Total Cost": 71636.18,"Plan Rows": 2455,"Plan Width": 272,"Actual Startup Time": 921.118,"Actual Total Time": 921.928,"Actual Rows": 4,"Actual Loops": 3,"Group Key": ["n1.n_name", "n2.n_name", "(EXTRACT(year FROM lineitem.l_shipdate))"],"Workers": [],"Plans": [{"Node Type": "Sort","Parent Relationship": "Outer","Parallel Aware": false,"Async Capable": false,"Startup Cost": 71556.39,"Total Cost": 71562.53,"Plan Rows": 2455,"Plan Width": 252,"Actual Startup Time": 920.850,"Actual Total Time": 920.974,"Actual Rows": 1986,"Actual Loops": 3,"Sort Key": ["n1.n_name", "n2.n_name", "(EXTRACT(year FROM lineitem.l_shipdate))"],"Sort Method": "quicksort","Sort Space Used": 267,"Sort Space Type": "Memory","Workers": [{"Worker Number": 0,"Sort Method": "quicksort","Sort Space Used": 263,"Sort Space Type": "Memory"},{"Worker Number": 1,"Sort Method": "quicksort","Sort Space Used": 267,"Sort Space Type": "Memory"}],"Plans": [{"Node Type": "Hash Join","Parent Relationship": "Outer","Parallel Aware": false,"Async Capable": false,"Join Type": "Inner","Startup Cost": 366.16,"Total Cost": 71418.15,"Plan Rows": 2455,"Plan Width": 252,"Actual Startup Time": 9.501,"Actual Total Time": 919.016,"Actual Rows": 1986,"Actual Loops": 3,"Inner Unique": false,"Hash Cond": "(lineitem.l_suppkey = supplier.s_suppkey)","Join Filter": "(((n1.n_name = 'INDIA'::bpchar) AND (n2.n_name = 'ARGENTINA'::bpchar)) OR ((n1.n_name = 'ARGENTINA'::bpchar) AND (n2.n_name = 'INDIA'::bpchar)))","Rows Removed by Join Filter": 1988,"Workers": [],"Plans": [{"Node Type": "Nested Loop","Parent Relationship": "Outer","Parallel Aware": false,"Async Capable": false,"Join Type": "Inner","Startup Cost": 2.26,"Total Cost": 70727.78,"Plan Rows": 60250,"Plan Width": 124,"Actual Startup Time": 0.782,"Actual Total Time": 903.665,"Actual Rows": 48461,"Actual Loops": 3,"Inner Unique": false,"Workers": [],"Plans": [{"Node Type": "Nested Loop","Parent Relationship": "Outer","Parallel Aware": false,"Async Capable": false,"Join Type": "Inner","Startup Cost": 1.83,"Total Cost": 12400.01,"Plan Rows": 49000,"Plan Width": 108,"Actual Startup Time": 0.322,"Actual Total Time": 227.246,"Actual Rows": 39791,"Actual Loops": 3,"Inner Unique": false,"Workers": [],"Plans": [{"Node Type": "Hash Join","Parent Relationship": "Outer","Parallel Aware": false,"Async Capable": false,"Join Type": "Inner","Startup Cost": 1.40,"Total Cost": 4403.27,"Plan Rows": 4900,"Plan Width": 108,"Actual Startup Time": 0.190,"Actual Total Time": 47.897,"Actual Rows": 4006,"Actual Loops": 3,"Inner Unique": true,"Hash Cond": "(customer.c_nationkey = n2.n_nationkey)","Workers": [],"Plans": [{"Node Type": "Seq Scan","Parent Relationship": "Outer","Parallel Aware": true,"Async Capable": false,"Relation Name": "customer","Alias": "customer","Startup Cost": 0.00,"Total Cost": 4210.00,"Plan Rows": 62500,"Plan Width": 8,"Actual Startup Time": 0.013,"Actual Total Time": 9.716,"Actual Rows": 50000,"Actual Loops": 3,"Workers": []},{"Node Type": "Hash","Parent Relationship": "Inner","Parallel Aware": false,"Async Capable": false,"Startup Cost": 1.38,"Total Cost": 1.38,"Plan Rows": 2,"Plan Width": 108,"Actual Startup Time": 0.085,"Actual Total Time": 0.092,"Actual Rows": 2,"Actual Loops": 3,"Hash Buckets": 1024,"Original Hash Buckets": 1024,"Hash Batches": 1,"Original Hash Batches": 1,"Peak Memory Usage": 9,"Workers": [],"Plans": [{"Node Type": "Seq Scan","Parent Relationship": "Outer","Parallel Aware": false,"Async Capable": false,"Relation Name": "nation","Alias": "n2","Startup Cost": 0.00,"Total Cost": 1.38,"Plan Rows": 2,"Plan Width": 108,"Actual Startup Time": 0.060,"Actual Total Time": 0.069,"Actual Rows": 2,"Actual Loops": 3,"Filter": "((n_name = 'ARGENTINA'::bpchar) OR (n_name = 'INDIA'::bpchar))","Rows Removed by Filter": 23,"Workers": []}]}]},{"Node Type": "Index Scan","Parent Relationship": "Inner","Parallel Aware": false,"Async Capable": false,"Scan Direction": "Forward","Index Name": "idx_orders_custkey","Relation Name": "orders","Alias": "orders","Startup Cost": 0.43,"Total Cost": 1.46,"Plan Rows": 17,"Plan Width": 8,"Actual Startup Time": 0.007,"Actual Total Time": 0.044,"Actual Rows": 10,"Actual Loops": 12017,"Index Cond": "(o_custkey = customer.c_custkey)","Rows Removed by Index Recheck": 0,"Workers": []}]},{"Node Type": "Index Scan","Parent Relationship": "Inner","Parallel Aware": false,"Async Capable": false,"Scan Direction": "Forward","Index Name": "idx_lineitem_orderkey","Relation Name": "lineitem","Alias": "lineitem","Startup Cost": 0.43,"Total Cost": 1.14,"Plan Rows": 5,"Plan Width": 24,"Actual Startup Time": 0.016,"Actual Total Time": 0.017,"Actual Rows": 1,"Actual Loops": 119374,"Index Cond": "(l_orderkey = orders.o_orderkey)","Rows Removed by Index Recheck": 0,"Filter": "((l_shipdate >= '1995-01-01'::date) AND (l_shipdate <= '1996-12-31'::date))","Rows Removed by Filter": 3,"Workers": []}]},{"Node Type": "Hash","Parent Relationship": "Inner","Parallel Aware": false,"Async Capable": false,"Startup Cost": 354.10,"Total Cost": 354.10,"Plan Rows": 784,"Plan Width": 108,"Actual Startup Time": 7.990,"Actual Total Time": 8.006,"Actual Rows": 828,"Actual Loops": 3,"Hash Buckets": 1024,"Original Hash Buckets": 1024,"Hash Batches": 1,"Original Hash Batches": 1,"Peak Memory Usage": 59,"Workers": [],"Plans": [{"Node Type": "Hash Join","Parent Relationship": "Outer","Parallel Aware": false,"Async Capable": false,"Join Type": "Inner","Startup Cost": 1.40,"Total Cost": 354.10,"Plan Rows": 784,"Plan Width": 108,"Actual Startup Time": 0.083,"Actual Total Time": 7.779,"Actual Rows": 828,"Actual Loops": 3,"Inner Unique": true,"Hash Cond": "(supplier.s_nationkey = n1.n_nationkey)","Workers": [],"Plans": [{"Node Type": "Seq Scan","Parent Relationship": "Outer","Parallel Aware": false,"Async Capable": false,"Relation Name": "supplier","Alias": "supplier","Startup Cost": 0.00,"Total Cost": 322.00,"Plan Rows": 10000,"Plan Width": 8,"Actual Startup Time": 0.031,"Actual Total Time": 4.263,"Actual Rows": 10000,"Actual Loops": 3,"Workers": []},{"Node Type": "Hash","Parent Relationship": "Inner","Parallel Aware": false,"Async Capable": false,"Startup Cost": 1.38,"Total Cost": 1.38,"Plan Rows": 2,"Plan Width": 108,"Actual Startup Time": 0.019,"Actual Total Time": 0.025,"Actual Rows": 2,"Actual Loops": 3,"Hash Buckets": 1024,"Original Hash Buckets": 1024,"Hash Batches": 1,"Original Hash Batches": 1,"Peak Memory Usage": 9,"Workers": [],"Plans": [{"Node Type": "Seq Scan","Parent Relationship": "Outer","Parallel Aware": false,"Async Capable": false,"Relation Name": "nation","Alias": "n1","Startup Cost": 0.00,"Total Cost": 1.38,"Plan Rows": 2,"Plan Width": 108,"Actual Startup Time": 0.005,"Actual Total Time": 0.014,"Actual Rows": 2,"Actual Loops": 3,"Filter": "((n_name = 'INDIA'::bpchar) OR (n_name = 'ARGENTINA'::bpchar))","Rows Removed by Filter": 23,"Workers": []}]}]}]}]}]}]}]}]},"Planning Time": 9.610,"Triggers": [],"Execution Time": 988.990}]
[{"Plan": {"Node Type": "Aggregate","Strategy": "Sorted","Partial Mode": "Finalize","Parallel Aware": false,"Async Capable": false,"Startup Cost": 72556.41,"Total Cost": 73352.71,"Plan Rows": 5893,"Plan Width": 272,"Actual Startup Time": 936.435,"Actual Total Time": 994.083,"Actual Rows": 4,"Actual Loops": 1,"Group Key": ["n1.n_name", "n2.n_name", "(EXTRACT(year FROM lineitem.l_shipdate))"],"Plans": [{"Node Type": "Gather Merge","Parent Relationship": "Outer","Parallel Aware": false,"Async Capable": false,"Startup Cost": 72556.41,"Total Cost": 73202.94,"Plan Rows": 4910,"Plan Width": 272,"Actual Startup Time": 936.101,"Actual Total Time": 994.012,"Actual Rows": 12,"Actual Loops": 1,"Workers Planned": 2,"Workers Launched": 2,"Plans": [{"Node Type": "Aggregate","Strategy": "Sorted","Partial Mode": "Partial","Parent Relationship": "Outer","Parallel Aware": false,"Async Capable": false,"Startup Cost": 71556.39,"Total Cost": 71636.18,"Plan Rows": 2455,"Plan Width": 272,"Actual Startup Time": 927.916,"Actual Total Time": 928.649,"Actual Rows": 4,"Actual Loops": 3,"Group Key": ["n1.n_name", "n2.n_name", "(EXTRACT(year FROM lineitem.l_shipdate))"],"Workers": [],"Plans": [{"Node Type": "Sort","Parent Relationship": "Outer","Parallel Aware": false,"Async Capable": false,"Startup Cost": 71556.39,"Total Cost": 71562.53,"Plan Rows": 2455,"Plan Width": 252,"Actual Startup Time": 927.650,"Actual Total Time": 927.752,"Actual Rows": 2001,"Actual Loops": 3,"Sort Key": ["n1.n_name", "n2.n_name", "(EXTRACT(year FROM lineitem.l_shipdate))"],"Sort Method": "quicksort","Sort Space Used": 258,"Sort Space Type": "Memory","Workers": [{"Worker Number": 0,"Sort Method": "quicksort","Sort Space Used": 323,"Sort Space Type": "Memory"},{"Worker Number": 1,"Sort Method": "quicksort","Sort Space Used": 269,"Sort Space Type": "Memory"}],"Plans": [{"Node Type": "Hash Join","Parent Relationship": "Outer","Parallel Aware": false,"Async Capable": false,"Join Type": "Inner","Startup Cost": 366.16,"Total Cost": 71418.15,"Plan Rows": 2455,"Plan Width": 252,"Actual Startup Time": 9.267,"Actual Total Time": 925.732,"Actual Rows": 2001,"Actual Loops": 3,"Inner Unique": false,"Hash Cond": "(lineitem.l_suppkey = supplier.s_suppkey)","Join Filter": "(((n1.n_name = 'CANADA'::bpchar) AND (n2.n_name = 'CHINA'::bpchar)) OR ((n1.n_name = 'CHINA'::bpchar) AND (n2.n_name = 'CANADA'::bpchar)))","Rows Removed by Join Filter": 1993,"Workers": [],"Plans": [{"Node Type": "Nested Loop","Parent Relationship": "Outer","Parallel Aware": false,"Async Capable": false,"Join Type": "Inner","Startup Cost": 2.26,"Total Cost": 70727.78,"Plan Rows": 60250,"Plan Width": 124,"Actual Startup Time": 0.532,"Actual Total Time": 910.314,"Actual Rows": 49092,"Actual Loops": 3,"Inner Unique": false,"Workers": [],"Plans": [{"Node Type": "Nested Loop","Parent Relationship": "Outer","Parallel Aware": false,"Async Capable": false,"Join Type": "Inner","Startup Cost": 1.83,"Total Cost": 12400.01,"Plan Rows": 49000,"Plan Width": 108,"Actual Startup Time": 0.266,"Actual Total Time": 228.946,"Actual Rows": 40421,"Actual Loops": 3,"Inner Unique": false,"Workers": [],"Plans": [{"Node Type": "Hash Join","Parent Relationship": "Outer","Parallel Aware": false,"Async Capable": false,"Join Type": "Inner","Startup Cost": 1.40,"Total Cost": 4403.27,"Plan Rows": 4900,"Plan Width": 108,"Actual Startup Time": 0.171,"Actual Total Time": 47.529,"Actual Rows": 4015,"Actual Loops": 3,"Inner Unique": true,"Hash Cond": "(customer.c_nationkey = n2.n_nationkey)","Workers": [],"Plans": [{"Node Type": "Seq Scan","Parent Relationship": "Outer","Parallel Aware": true,"Async Capable": false,"Relation Name": "customer","Alias": "customer","Startup Cost": 0.00,"Total Cost": 4210.00,"Plan Rows": 62500,"Plan Width": 8,"Actual Startup Time": 0.019,"Actual Total Time": 9.637,"Actual Rows": 50000,"Actual Loops": 3,"Workers": []},{"Node Type": "Hash","Parent Relationship": "Inner","Parallel Aware": false,"Async Capable": false,"Startup Cost": 1.38,"Total Cost": 1.38,"Plan Rows": 2,"Plan Width": 108,"Actual Startup Time": 0.065,"Actual Total Time": 0.069,"Actual Rows": 2,"Actual Loops": 3,"Hash Buckets": 1024,"Original Hash Buckets": 1024,"Hash Batches": 1,"Original Hash Batches": 1,"Peak Memory Usage": 9,"Workers": [],"Plans": [{"Node Type": "Seq Scan","Parent Relationship": "Outer","Parallel Aware": false,"Async Capable": false,"Relation Name": "nation","Alias": "n2","Startup Cost": 0.00,"Total Cost": 1.38,"Plan Rows": 2,"Plan Width": 108,"Actual Startup Time": 0.048,"Actual Total Time": 0.054,"Actual Rows": 2,"Actual Loops": 3,"Filter": "((n_name = 'CHINA'::bpchar) OR (n_name = 'CANADA'::bpchar))","Rows Removed by Filter": 23,"Workers": []}]}]},{"Node Type": "Index Scan","Parent Relationship": "Inner","Parallel Aware": false,"Async Capable": false,"Scan Direction": "Forward","Index Name": "idx_orders_custkey","Relation Name": "orders","Alias": "orders","Startup Cost": 0.43,"Total Cost": 1.46,"Plan Rows": 17,"Plan Width": 8,"Actual Startup Time": 0.007,"Actual Total Time": 0.044,"Actual Rows": 10,"Actual Loops": 12044,"Index Cond": "(o_custkey = customer.c_custkey)","Rows Removed by Index Recheck": 0,"Workers": []}]},{"Node Type": "Index Scan","Parent Relationship": "Inner","Parallel Aware": false,"Async Capable": false,"Scan Direction": "Forward","Index Name": "idx_lineitem_orderkey","Relation Name": "lineitem","Alias": "lineitem","Startup Cost": 0.43,"Total Cost": 1.14,"Plan Rows": 5,"Plan Width": 24,"Actual Startup Time": 0.016,"Actual Total Time": 0.017,"Actual Rows": 1,"Actual Loops": 121264,"Index Cond": "(l_orderkey = orders.o_orderkey)","Rows Removed by Index Recheck": 0,"Filter": "((l_shipdate >= '1995-01-01'::date) AND (l_shipdate <= '1996-12-31'::date))","Rows Removed by Filter": 3,"Workers": []}]},{"Node Type": "Hash","Parent Relationship": "Inner","Parallel Aware": false,"Async Capable": false,"Startup Cost": 354.10,"Total Cost": 354.10,"Plan Rows": 784,"Plan Width": 108,"Actual Startup Time": 7.908,"Actual Total Time": 7.921,"Actual Rows": 819,"Actual Loops": 3,"Hash Buckets": 1024,"Original Hash Buckets": 1024,"Hash Batches": 1,"Original Hash Batches": 1,"Peak Memory Usage": 58,"Workers": [],"Plans": [{"Node Type": "Hash Join","Parent Relationship": "Outer","Parallel Aware": false,"Async Capable": false,"Join Type": "Inner","Startup Cost": 1.40,"Total Cost": 354.10,"Plan Rows": 784,"Plan Width": 108,"Actual Startup Time": 0.075,"Actual Total Time": 7.720,"Actual Rows": 819,"Actual Loops": 3,"Inner Unique": true,"Hash Cond": "(supplier.s_nationkey = n1.n_nationkey)","Workers": [],"Plans": [{"Node Type": "Seq Scan","Parent Relationship": "Outer","Parallel Aware": false,"Async Capable": false,"Relation Name": "supplier","Alias": "supplier","Startup Cost": 0.00,"Total Cost": 322.00,"Plan Rows": 10000,"Plan Width": 8,"Actual Startup Time": 0.027,"Actual Total Time": 3.860,"Actual Rows": 10000,"Actual Loops": 3,"Workers": []},{"Node Type": "Hash","Parent Relationship": "Inner","Parallel Aware": false,"Async Capable": false,"Startup Cost": 1.38,"Total Cost": 1.38,"Plan Rows": 2,"Plan Width": 108,"Actual Startup Time": 0.014,"Actual Total Time": 0.019,"Actual Rows": 2,"Actual Loops": 3,"Hash Buckets": 1024,"Original Hash Buckets": 1024,"Hash Batches": 1,"Original Hash Batches": 1,"Peak Memory Usage": 9,"Workers": [],"Plans": [{"Node Type": "Seq Scan","Parent Relationship": "Outer","Parallel Aware": false,"Async Capable": false,"Relation Name": "nation","Alias": "n1","Startup Cost": 0.00,"Total Cost": 1.38,"Plan Rows": 2,"Plan Width": 108,"Actual Startup Time": 0.004,"Actual Total Time": 0.009,"Actual Rows": 2,"Actual Loops": 3,"Filter": "((n_name = 'CANADA'::bpchar) OR (n_name = 'CHINA'::bpchar))","Rows Removed by Filter": 23,"Workers": []}]}]}]}]}]}]}]}]},"Planning Time": 8.468,"Triggers": [],"Execution Time": 994.530}]
[{"Plan": {"Node Type": "Aggregate","Strategy": "Sorted","Partial Mode": "Finalize","Parallel Aware": false,"Async Capable": false,"Startup Cost": 72556.41,"Total Cost": 73352.71,"Plan Rows": 5893,"Plan Width": 272,"Actual Startup Time": 934.481,"Actual Total Time": 989.317,"Actual Rows": 4,"Actual Loops": 1,"Group Key": ["n1.n_name", "n2.n_name", "(EXTRACT(year FROM lineitem.l_shipdate))"],"Plans": [{"Node Type": "Gather Merge","Parent Relationship": "Outer","Parallel Aware": false,"Async Capable": false,"Startup Cost": 72556.41,"Total Cost": 73202.94,"Plan Rows": 4910,"Plan Width": 272,"Actual Startup Time": 933.962,"Actual Total Time": 989.237,"Actual Rows": 12,"Actual Loops": 1,"Workers Planned": 2,"Workers Launched": 2,"Plans": [{"Node Type": "Aggregate","Strategy": "Sorted","Partial Mode": "Partial","Parent Relationship": "Outer","Parallel Aware": false,"Async Capable": false,"Startup Cost": 71556.39,"Total Cost": 71636.18,"Plan Rows": 2455,"Plan Width": 272,"Actual Startup Time": 925.920,"Actual Total Time": 926.701,"Actual Rows": 4,"Actual Loops": 3,"Group Key": ["n1.n_name", "n2.n_name", "(EXTRACT(year FROM lineitem.l_shipdate))"],"Workers": [],"Plans": [{"Node Type": "Sort","Parent Relationship": "Outer","Parallel Aware": false,"Async Capable": false,"Startup Cost": 71556.39,"Total Cost": 71562.53,"Plan Rows": 2455,"Plan Width": 252,"Actual Startup Time": 925.650,"Actual Total Time": 925.769,"Actual Rows": 1965,"Actual Loops": 3,"Sort Key": ["n1.n_name", "n2.n_name", "(EXTRACT(year FROM lineitem.l_shipdate))"],"Sort Method": "quicksort","Sort Space Used": 266,"Sort Space Type": "Memory","Workers": [{"Worker Number": 0,"Sort Method": "quicksort","Sort Space Used": 259,"Sort Space Type": "Memory"},{"Worker Number": 1,"Sort Method": "quicksort","Sort Space Used": 265,"Sort Space Type": "Memory"}],"Plans": [{"Node Type": "Hash Join","Parent Relationship": "Outer","Parallel Aware": false,"Async Capable": false,"Join Type": "Inner","Startup Cost": 366.16,"Total Cost": 71418.15,"Plan Rows": 2455,"Plan Width": 252,"Actual Startup Time": 10.878,"Actual Total Time": 923.828,"Actual Rows": 1965,"Actual Loops": 3,"Inner Unique": false,"Hash Cond": "(lineitem.l_suppkey = supplier.s_suppkey)","Join Filter": "(((n1.n_name = 'BRAZIL'::bpchar) AND (n2.n_name = 'VIETNAM'::bpchar)) OR ((n1.n_name = 'VIETNAM'::bpchar) AND (n2.n_name = 'BRAZIL'::bpchar)))","Rows Removed by Join Filter": 1941,"Workers": [],"Plans": [{"Node Type": "Nested Loop","Parent Relationship": "Outer","Parallel Aware": false,"Async Capable": false,"Join Type": "Inner","Startup Cost": 2.26,"Total Cost": 70727.78,"Plan Rows": 60250,"Plan Width": 124,"Actual Startup Time": 1.127,"Actual Total Time": 909.324,"Actual Rows": 49037,"Actual Loops": 3,"Inner Unique": false,"Workers": [],"Plans": [{"Node Type": "Nested Loop","Parent Relationship": "Outer","Parallel Aware": false,"Async Capable": false,"Join Type": "Inner","Startup Cost": 1.83,"Total Cost": 12400.01,"Plan Rows": 49000,"Plan Width": 108,"Actual Startup Time": 0.358,"Actual Total Time": 229.774,"Actual Rows": 40161,"Actual Loops": 3,"Inner Unique": false,"Workers": [],"Plans": [{"Node Type": "Hash Join","Parent Relationship": "Outer","Parallel Aware": false,"Async Capable": false,"Join Type": "Inner","Startup Cost": 1.40,"Total Cost": 4403.27,"Plan Rows": 4900,"Plan Width": 108,"Actual Startup Time": 0.217,"Actual Total Time": 48.536,"Actual Rows": 4002,"Actual Loops": 3,"Inner Unique": true,"Hash Cond": "(customer.c_nationkey = n2.n_nationkey)","Workers": [],"Plans": [{"Node Type": "Seq Scan","Parent Relationship": "Outer","Parallel Aware": true,"Async Capable": false,"Relation Name": "customer","Alias": "customer","Startup Cost": 0.00,"Total Cost": 4210.00,"Plan Rows": 62500,"Plan Width": 8,"Actual Startup Time": 0.017,"Actual Total Time": 9.700,"Actual Rows": 50000,"Actual Loops": 3,"Workers": []},{"Node Type": "Hash","Parent Relationship": "Inner","Parallel Aware": false,"Async Capable": false,"Startup Cost": 1.38,"Total Cost": 1.38,"Plan Rows": 2,"Plan Width": 108,"Actual Startup Time": 0.092,"Actual Total Time": 0.099,"Actual Rows": 2,"Actual Loops": 3,"Hash Buckets": 1024,"Original Hash Buckets": 1024,"Hash Batches": 1,"Original Hash Batches": 1,"Peak Memory Usage": 9,"Workers": [],"Plans": [{"Node Type": "Seq Scan","Parent Relationship": "Outer","Parallel Aware": false,"Async Capable": false,"Relation Name": "nation","Alias": "n2","Startup Cost": 0.00,"Total Cost": 1.38,"Plan Rows": 2,"Plan Width": 108,"Actual Startup Time": 0.064,"Actual Total Time": 0.075,"Actual Rows": 2,"Actual Loops": 3,"Filter": "((n_name = 'VIETNAM'::bpchar) OR (n_name = 'BRAZIL'::bpchar))","Rows Removed by Filter": 23,"Workers": []}]}]},{"Node Type": "Index Scan","Parent Relationship": "Inner","Parallel Aware": false,"Async Capable": false,"Scan Direction": "Forward","Index Name": "idx_orders_custkey","Relation Name": "orders","Alias": "orders","Startup Cost": 0.43,"Total Cost": 1.46,"Plan Rows": 17,"Plan Width": 8,"Actual Startup Time": 0.007,"Actual Total Time": 0.044,"Actual Rows": 10,"Actual Loops": 12007,"Index Cond": "(o_custkey = customer.c_custkey)","Rows Removed by Index Recheck": 0,"Workers": []}]},{"Node Type": "Index Scan","Parent Relationship": "Inner","Parallel Aware": false,"Async Capable": false,"Scan Direction": "Forward","Index Name": "idx_lineitem_orderkey","Relation Name": "lineitem","Alias": "lineitem","Startup Cost": 0.43,"Total Cost": 1.14,"Plan Rows": 5,"Plan Width": 24,"Actual Startup Time": 0.016,"Actual Total Time": 0.017,"Actual Rows": 1,"Actual Loops": 120484,"Index Cond": "(l_orderkey = orders.o_orderkey)","Rows Removed by Index Recheck": 0,"Filter": "((l_shipdate >= '1995-01-01'::date) AND (l_shipdate <= '1996-12-31'::date))","Rows Removed by Filter": 3,"Workers": []}]},{"Node Type": "Hash","Parent Relationship": "Inner","Parallel Aware": false,"Async Capable": false,"Startup Cost": 354.10,"Total Cost": 354.10,"Plan Rows": 784,"Plan Width": 108,"Actual Startup Time": 7.495,"Actual Total Time": 7.512,"Actual Rows": 796,"Actual Loops": 3,"Hash Buckets": 1024,"Original Hash Buckets": 1024,"Hash Batches": 1,"Original Hash Batches": 1,"Peak Memory Usage": 57,"Workers": [],"Plans": [{"Node Type": "Hash Join","Parent Relationship": "Outer","Parallel Aware": false,"Async Capable": false,"Join Type": "Inner","Startup Cost": 1.40,"Total Cost": 354.10,"Plan Rows": 784,"Plan Width": 108,"Actual Startup Time": 0.087,"Actual Total Time": 7.340,"Actual Rows": 796,"Actual Loops": 3,"Inner Unique": true,"Hash Cond": "(supplier.s_nationkey = n1.n_nationkey)","Workers": [],"Plans": [{"Node Type": "Seq Scan","Parent Relationship": "Outer","Parallel Aware": false,"Async Capable": false,"Relation Name": "supplier","Alias": "supplier","Startup Cost": 0.00,"Total Cost": 322.00,"Plan Rows": 10000,"Plan Width": 8,"Actual Startup Time": 0.030,"Actual Total Time": 3.558,"Actual Rows": 10000,"Actual Loops": 3,"Workers": []},{"Node Type": "Hash","Parent Relationship": "Inner","Parallel Aware": false,"Async Capable": false,"Startup Cost": 1.38,"Total Cost": 1.38,"Plan Rows": 2,"Plan Width": 108,"Actual Startup Time": 0.016,"Actual Total Time": 0.022,"Actual Rows": 2,"Actual Loops": 3,"Hash Buckets": 1024,"Original Hash Buckets": 1024,"Hash Batches": 1,"Original Hash Batches": 1,"Peak Memory Usage": 9,"Workers": [],"Plans": [{"Node Type": "Seq Scan","Parent Relationship": "Outer","Parallel Aware": false,"Async Capable": false,"Relation Name": "nation","Alias": "n1","Startup Cost": 0.00,"Total Cost": 1.38,"Plan Rows": 2,"Plan Width": 108,"Actual Startup Time": 0.004,"Actual Total Time": 0.011,"Actual Rows": 2,"Actual Loops": 3,"Filter": "((n_name = 'BRAZIL'::bpchar) OR (n_name = 'VIETNAM'::bpchar))","Rows Removed by Filter": 23,"Workers": []}]}]}]}]}]}]}]}]},"Planning Time": 8.766,"Triggers": [],"Execution Time": 989.779}]
[{"Plan": {"Node Type": "Aggregate","Strategy": "Sorted","Partial Mode": "Finalize","Parallel Aware": false,"Async Capable": false,"Startup Cost": 72556.41,"Total Cost": 73352.71,"Plan Rows": 5893,"Plan Width": 272,"Actual Startup Time": 920.496,"Actual Total Time": 966.228,"Actual Rows": 4,"Actual Loops": 1,"Group Key": ["n1.n_name", "n2.n_name", "(EXTRACT(year FROM lineitem.l_shipdate))"],"Plans": [{"Node Type": "Gather Merge","Parent Relationship": "Outer","Parallel Aware": false,"Async Capable": false,"Startup Cost": 72556.41,"Total Cost": 73202.94,"Plan Rows": 4910,"Plan Width": 272,"Actual Startup Time": 919.803,"Actual Total Time": 966.145,"Actual Rows": 12,"Actual Loops": 1,"Workers Planned": 2,"Workers Launched": 2,"Plans": [{"Node Type": "Aggregate","Strategy": "Sorted","Partial Mode": "Partial","Parent Relationship": "Outer","Parallel Aware": false,"Async Capable": false,"Startup Cost": 71556.39,"Total Cost": 71636.18,"Plan Rows": 2455,"Plan Width": 272,"Actual Startup Time": 911.756,"Actual Total Time": 912.540,"Actual Rows": 4,"Actual Loops": 3,"Group Key": ["n1.n_name", "n2.n_name", "(EXTRACT(year FROM lineitem.l_shipdate))"],"Workers": [],"Plans": [{"Node Type": "Sort","Parent Relationship": "Outer","Parallel Aware": false,"Async Capable": false,"Startup Cost": 71556.39,"Total Cost": 71562.53,"Plan Rows": 2455,"Plan Width": 252,"Actual Startup Time": 911.487,"Actual Total Time": 911.601,"Actual Rows": 1862,"Actual Loops": 3,"Sort Key": ["n1.n_name", "n2.n_name", "(EXTRACT(year FROM lineitem.l_shipdate))"],"Sort Method": "quicksort","Sort Space Used": 256,"Sort Space Type": "Memory","Workers": [{"Worker Number": 0,"Sort Method": "quicksort","Sort Space Used": 249,"Sort Space Type": "Memory"},{"Worker Number": 1,"Sort Method": "quicksort","Sort Space Used": 252,"Sort Space Type": "Memory"}],"Plans": [{"Node Type": "Hash Join","Parent Relationship": "Outer","Parallel Aware": false,"Async Capable": false,"Join Type": "Inner","Startup Cost": 366.16,"Total Cost": 71418.15,"Plan Rows": 2455,"Plan Width": 252,"Actual Startup Time": 13.065,"Actual Total Time": 909.705,"Actual Rows": 1862,"Actual Loops": 3,"Inner Unique": false,"Hash Cond": "(lineitem.l_suppkey = supplier.s_suppkey)","Join Filter": "(((n1.n_name = 'GERMANY'::bpchar) AND (n2.n_name = 'MOROCCO'::bpchar)) OR ((n1.n_name = 'MOROCCO'::bpchar) AND (n2.n_name = 'GERMANY'::bpchar)))","Rows Removed by Join Filter": 1852,"Workers": [],"Plans": [{"Node Type": "Nested Loop","Parent Relationship": "Outer","Parallel Aware": false,"Async Capable": false,"Join Type": "Inner","Startup Cost": 2.26,"Total Cost": 70727.78,"Plan Rows": 60250,"Plan Width": 124,"Actual Startup Time": 0.670,"Actual Total Time": 891.697,"Actual Rows": 48662,"Actual Loops": 3,"Inner Unique": false,"Workers": [],"Plans": [{"Node Type": "Nested Loop","Parent Relationship": "Outer","Parallel Aware": false,"Async Capable": false,"Join Type": "Inner","Startup Cost": 1.83,"Total Cost": 12400.01,"Plan Rows": 49000,"Plan Width": 108,"Actual Startup Time": 0.324,"Actual Total Time": 220.698,"Actual Rows": 39728,"Actual Loops": 3,"Inner Unique": false,"Workers": [],"Plans": [{"Node Type": "Hash Join","Parent Relationship": "Outer","Parallel Aware": false,"Async Capable": false,"Join Type": "Inner","Startup Cost": 1.40,"Total Cost": 4403.27,"Plan Rows": 4900,"Plan Width": 108,"Actual Startup Time": 0.202,"Actual Total Time": 44.235,"Actual Rows": 3943,"Actual Loops": 3,"Inner Unique": true,"Hash Cond": "(customer.c_nationkey = n2.n_nationkey)","Workers": [],"Plans": [{"Node Type": "Seq Scan","Parent Relationship": "Outer","Parallel Aware": true,"Async Capable": false,"Relation Name": "customer","Alias": "customer","Startup Cost": 0.00,"Total Cost": 4210.00,"Plan Rows": 62500,"Plan Width": 8,"Actual Startup Time": 0.013,"Actual Total Time": 9.045,"Actual Rows": 50000,"Actual Loops": 3,"Workers": []},{"Node Type": "Hash","Parent Relationship": "Inner","Parallel Aware": false,"Async Capable": false,"Startup Cost": 1.38,"Total Cost": 1.38,"Plan Rows": 2,"Plan Width": 108,"Actual Startup Time": 0.081,"Actual Total Time": 0.086,"Actual Rows": 2,"Actual Loops": 3,"Hash Buckets": 1024,"Original Hash Buckets": 1024,"Hash Batches": 1,"Original Hash Batches": 1,"Peak Memory Usage": 9,"Workers": [],"Plans": [{"Node Type": "Seq Scan","Parent Relationship": "Outer","Parallel Aware": false,"Async Capable": false,"Relation Name": "nation","Alias": "n2","Startup Cost": 0.00,"Total Cost": 1.38,"Plan Rows": 2,"Plan Width": 108,"Actual Startup Time": 0.061,"Actual Total Time": 0.068,"Actual Rows": 2,"Actual Loops": 3,"Filter": "((n_name = 'MOROCCO'::bpchar) OR (n_name = 'GERMANY'::bpchar))","Rows Removed by Filter": 23,"Workers": []}]}]},{"Node Type": "Index Scan","Parent Relationship": "Inner","Parallel Aware": false,"Async Capable": false,"Scan Direction": "Forward","Index Name": "idx_orders_custkey","Relation Name": "orders","Alias": "orders","Startup Cost": 0.43,"Total Cost": 1.46,"Plan Rows": 17,"Plan Width": 8,"Actual Startup Time": 0.007,"Actual Total Time": 0.043,"Actual Rows": 10,"Actual Loops": 11829,"Index Cond": "(o_custkey = customer.c_custkey)","Rows Removed by Index Recheck": 0,"Workers": []}]},{"Node Type": "Index Scan","Parent Relationship": "Inner","Parallel Aware": false,"Async Capable": false,"Scan Direction": "Forward","Index Name": "idx_lineitem_orderkey","Relation Name": "lineitem","Alias": "lineitem","Startup Cost": 0.43,"Total Cost": 1.14,"Plan Rows": 5,"Plan Width": 24,"Actual Startup Time": 0.016,"Actual Total Time": 0.017,"Actual Rows": 1,"Actual Loops": 119183,"Index Cond": "(l_orderkey = orders.o_orderkey)","Rows Removed by Index Recheck": 0,"Filter": "((l_shipdate >= '1995-01-01'::date) AND (l_shipdate <= '1996-12-31'::date))","Rows Removed by Filter": 3,"Workers": []}]},{"Node Type": "Hash","Parent Relationship": "Inner","Parallel Aware": false,"Async Capable": false,"Startup Cost": 354.10,"Total Cost": 354.10,"Plan Rows": 784,"Plan Width": 108,"Actual Startup Time": 10.910,"Actual Total Time": 10.924,"Actual Rows": 769,"Actual Loops": 3,"Hash Buckets": 1024,"Original Hash Buckets": 1024,"Hash Batches": 1,"Original Hash Batches": 1,"Peak Memory Usage": 55,"Workers": [],"Plans": [{"Node Type": "Hash Join","Parent Relationship": "Outer","Parallel Aware": false,"Async Capable": false,"Join Type": "Inner","Startup Cost": 1.40,"Total Cost": 354.10,"Plan Rows": 784,"Plan Width": 108,"Actual Startup Time": 0.090,"Actual Total Time": 10.727,"Actual Rows": 769,"Actual Loops": 3,"Inner Unique": true,"Hash Cond": "(supplier.s_nationkey = n1.n_nationkey)","Workers": [],"Plans": [{"Node Type": "Seq Scan","Parent Relationship": "Outer","Parallel Aware": false,"Async Capable": false,"Relation Name": "supplier","Alias": "supplier","Startup Cost": 0.00,"Total Cost": 322.00,"Plan Rows": 10000,"Plan Width": 8,"Actual Startup Time": 0.035,"Actual Total Time": 4.407,"Actual Rows": 10000,"Actual Loops": 3,"Workers": []},{"Node Type": "Hash","Parent Relationship": "Inner","Parallel Aware": false,"Async Capable": false,"Startup Cost": 1.38,"Total Cost": 1.38,"Plan Rows": 2,"Plan Width": 108,"Actual Startup Time": 0.019,"Actual Total Time": 0.024,"Actual Rows": 2,"Actual Loops": 3,"Hash Buckets": 1024,"Original Hash Buckets": 1024,"Hash Batches": 1,"Original Hash Batches": 1,"Peak Memory Usage": 9,"Workers": [],"Plans": [{"Node Type": "Seq Scan","Parent Relationship": "Outer","Parallel Aware": false,"Async Capable": false,"Relation Name": "nation","Alias": "n1","Startup Cost": 0.00,"Total Cost": 1.38,"Plan Rows": 2,"Plan Width": 108,"Actual Startup Time": 0.007,"Actual Total Time": 0.014,"Actual Rows": 2,"Actual Loops": 3,"Filter": "((n_name = 'GERMANY'::bpchar) OR (n_name = 'MOROCCO'::bpchar))","Rows Removed by Filter": 23,"Workers": []}]}]}]}]}]}]}]}]},"Planning Time": 8.780,"Triggers": [],"Execution Time": 966.706}]
[{"Plan": {"Node Type": "Aggregate","Strategy": "Sorted","Partial Mode": "Finalize","Parallel Aware": false,"Async Capable": false,"Startup Cost": 72556.41,"Total Cost": 73352.71,"Plan Rows": 5893,"Plan Width": 272,"Actual Startup Time": 935.220,"Actual Total Time": 979.667,"Actual Rows": 4,"Actual Loops": 1,"Group Key": ["n1.n_name", "n2.n_name", "(EXTRACT(year FROM lineitem.l_shipdate))"],"Plans": [{"Node Type": "Gather Merge","Parent Relationship": "Outer","Parallel Aware": false,"Async Capable": false,"Startup Cost": 72556.41,"Total Cost": 73202.94,"Plan Rows": 4910,"Plan Width": 272,"Actual Startup Time": 934.551,"Actual Total Time": 979.584,"Actual Rows": 12,"Actual Loops": 1,"Workers Planned": 2,"Workers Launched": 2,"Plans": [{"Node Type": "Aggregate","Strategy": "Sorted","Partial Mode": "Partial","Parent Relationship": "Outer","Parallel Aware": false,"Async Capable": false,"Startup Cost": 71556.39,"Total Cost": 71636.18,"Plan Rows": 2455,"Plan Width": 272,"Actual Startup Time": 926.239,"Actual Total Time": 927.050,"Actual Rows": 4,"Actual Loops": 3,"Group Key": ["n1.n_name", "n2.n_name", "(EXTRACT(year FROM lineitem.l_shipdate))"],"Workers": [],"Plans": [{"Node Type": "Sort","Parent Relationship": "Outer","Parallel Aware": false,"Async Capable": false,"Startup Cost": 71556.39,"Total Cost": 71562.53,"Plan Rows": 2455,"Plan Width": 252,"Actual Startup Time": 925.968,"Actual Total Time": 926.090,"Actual Rows": 1923,"Actual Loops": 3,"Sort Key": ["n1.n_name", "n2.n_name", "(EXTRACT(year FROM lineitem.l_shipdate))"],"Sort Method": "quicksort","Sort Space Used": 322,"Sort Space Type": "Memory","Workers": [{"Worker Number": 0,"Sort Method": "quicksort","Sort Space Used": 250,"Sort Space Type": "Memory"},{"Worker Number": 1,"Sort Method": "quicksort","Sort Space Used": 252,"Sort Space Type": "Memory"}],"Plans": [{"Node Type": "Hash Join","Parent Relationship": "Outer","Parallel Aware": false,"Async Capable": false,"Join Type": "Inner","Startup Cost": 366.16,"Total Cost": 71418.15,"Plan Rows": 2455,"Plan Width": 252,"Actual Startup Time": 12.840,"Actual Total Time": 924.130,"Actual Rows": 1923,"Actual Loops": 3,"Inner Unique": false,"Hash Cond": "(lineitem.l_suppkey = supplier.s_suppkey)","Join Filter": "(((n1.n_name = 'ROMANIA'::bpchar) AND (n2.n_name = 'GERMANY'::bpchar)) OR ((n1.n_name = 'GERMANY'::bpchar) AND (n2.n_name = 'ROMANIA'::bpchar)))","Rows Removed by Join Filter": 1923,"Workers": [],"Plans": [{"Node Type": "Nested Loop","Parent Relationship": "Outer","Parallel Aware": false,"Async Capable": false,"Join Type": "Inner","Startup Cost": 2.26,"Total Cost": 70727.78,"Plan Rows": 60250,"Plan Width": 124,"Actual Startup Time": 0.774,"Actual Total Time": 905.786,"Actual Rows": 49083,"Actual Loops": 3,"Inner Unique": false,"Workers": [],"Plans": [{"Node Type": "Nested Loop","Parent Relationship": "Outer","Parallel Aware": false,"Async Capable": false,"Join Type": "Inner","Startup Cost": 1.83,"Total Cost": 12400.01,"Plan Rows": 49000,"Plan Width": 108,"Actual Startup Time": 0.256,"Actual Total Time": 224.121,"Actual Rows": 40245,"Actual Loops": 3,"Inner Unique": false,"Workers": [],"Plans": [{"Node Type": "Hash Join","Parent Relationship": "Outer","Parallel Aware": false,"Async Capable": false,"Join Type": "Inner","Startup Cost": 1.40,"Total Cost": 4403.27,"Plan Rows": 4900,"Plan Width": 108,"Actual Startup Time": 0.158,"Actual Total Time": 44.070,"Actual Rows": 4003,"Actual Loops": 3,"Inner Unique": true,"Hash Cond": "(customer.c_nationkey = n2.n_nationkey)","Workers": [],"Plans": [{"Node Type": "Seq Scan","Parent Relationship": "Outer","Parallel Aware": true,"Async Capable": false,"Relation Name": "customer","Alias": "customer","Startup Cost": 0.00,"Total Cost": 4210.00,"Plan Rows": 62500,"Plan Width": 8,"Actual Startup Time": 0.013,"Actual Total Time": 9.101,"Actual Rows": 50000,"Actual Loops": 3,"Workers": []},{"Node Type": "Hash","Parent Relationship": "Inner","Parallel Aware": false,"Async Capable": false,"Startup Cost": 1.38,"Total Cost": 1.38,"Plan Rows": 2,"Plan Width": 108,"Actual Startup Time": 0.073,"Actual Total Time": 0.079,"Actual Rows": 2,"Actual Loops": 3,"Hash Buckets": 1024,"Original Hash Buckets": 1024,"Hash Batches": 1,"Original Hash Batches": 1,"Peak Memory Usage": 9,"Workers": [],"Plans": [{"Node Type": "Seq Scan","Parent Relationship": "Outer","Parallel Aware": false,"Async Capable": false,"Relation Name": "nation","Alias": "n2","Startup Cost": 0.00,"Total Cost": 1.38,"Plan Rows": 2,"Plan Width": 108,"Actual Startup Time": 0.059,"Actual Total Time": 0.066,"Actual Rows": 2,"Actual Loops": 3,"Filter": "((n_name = 'GERMANY'::bpchar) OR (n_name = 'ROMANIA'::bpchar))","Rows Removed by Filter": 23,"Workers": []}]}]},{"Node Type": "Index Scan","Parent Relationship": "Inner","Parallel Aware": false,"Async Capable": false,"Scan Direction": "Forward","Index Name": "idx_orders_custkey","Relation Name": "orders","Alias": "orders","Startup Cost": 0.43,"Total Cost": 1.46,"Plan Rows": 17,"Plan Width": 8,"Actual Startup Time": 0.007,"Actual Total Time": 0.044,"Actual Rows": 10,"Actual Loops": 12008,"Index Cond": "(o_custkey = customer.c_custkey)","Rows Removed by Index Recheck": 0,"Workers": []}]},{"Node Type": "Index Scan","Parent Relationship": "Inner","Parallel Aware": false,"Async Capable": false,"Scan Direction": "Forward","Index Name": "idx_lineitem_orderkey","Relation Name": "lineitem","Alias": "lineitem","Startup Cost": 0.43,"Total Cost": 1.14,"Plan Rows": 5,"Plan Width": 24,"Actual Startup Time": 0.016,"Actual Total Time": 0.017,"Actual Rows": 1,"Actual Loops": 120736,"Index Cond": "(l_orderkey = orders.o_orderkey)","Rows Removed by Index Recheck": 0,"Filter": "((l_shipdate >= '1995-01-01'::date) AND (l_shipdate <= '1996-12-31'::date))","Rows Removed by Filter": 3,"Workers": []}]},{"Node Type": "Hash","Parent Relationship": "Inner","Parallel Aware": false,"Async Capable": false,"Startup Cost": 354.10,"Total Cost": 354.10,"Plan Rows": 784,"Plan Width": 108,"Actual Startup Time": 11.264,"Actual Total Time": 11.280,"Actual Rows": 794,"Actual Loops": 3,"Hash Buckets": 1024,"Original Hash Buckets": 1024,"Hash Batches": 1,"Original Hash Batches": 1,"Peak Memory Usage": 57,"Workers": [],"Plans": [{"Node Type": "Hash Join","Parent Relationship": "Outer","Parallel Aware": false,"Async Capable": false,"Join Type": "Inner","Startup Cost": 1.40,"Total Cost": 354.10,"Plan Rows": 784,"Plan Width": 108,"Actual Startup Time": 0.089,"Actual Total Time": 11.089,"Actual Rows": 794,"Actual Loops": 3,"Inner Unique": true,"Hash Cond": "(supplier.s_nationkey = n1.n_nationkey)","Workers": [],"Plans": [{"Node Type": "Seq Scan","Parent Relationship": "Outer","Parallel Aware": false,"Async Capable": false,"Relation Name": "supplier","Alias": "supplier","Startup Cost": 0.00,"Total Cost": 322.00,"Plan Rows": 10000,"Plan Width": 8,"Actual Startup Time": 0.028,"Actual Total Time": 4.370,"Actual Rows": 10000,"Actual Loops": 3,"Workers": []},{"Node Type": "Hash","Parent Relationship": "Inner","Parallel Aware": false,"Async Capable": false,"Startup Cost": 1.38,"Total Cost": 1.38,"Plan Rows": 2,"Plan Width": 108,"Actual Startup Time": 0.019,"Actual Total Time": 0.025,"Actual Rows": 2,"Actual Loops": 3,"Hash Buckets": 1024,"Original Hash Buckets": 1024,"Hash Batches": 1,"Original Hash Batches": 1,"Peak Memory Usage": 9,"Workers": [],"Plans": [{"Node Type": "Seq Scan","Parent Relationship": "Outer","Parallel Aware": false,"Async Capable": false,"Relation Name": "nation","Alias": "n1","Startup Cost": 0.00,"Total Cost": 1.38,"Plan Rows": 2,"Plan Width": 108,"Actual Startup Time": 0.005,"Actual Total Time": 0.010,"Actual Rows": 2,"Actual Loops": 3,"Filter": "((n_name = 'ROMANIA'::bpchar) OR (n_name = 'GERMANY'::bpchar))","Rows Removed by Filter": 23,"Workers": []}]}]}]}]}]}]}]}]},"Planning Time": 9.225,"Triggers": [],"Execution Time": 980.150}]
[{"Plan": {"Node Type": "Aggregate","Strategy": "Sorted","Partial Mode": "Finalize","Parallel Aware": false,"Async Capable": false,"Startup Cost": 72556.41,"Total Cost": 73352.71,"Plan Rows": 5893,"Plan Width": 272,"Actual Startup Time": 910.963,"Actual Total Time": 954.617,"Actual Rows": 4,"Actual Loops": 1,"Group Key": ["n1.n_name", "n2.n_name", "(EXTRACT(year FROM lineitem.l_shipdate))"],"Plans": [{"Node Type": "Gather Merge","Parent Relationship": "Outer","Parallel Aware": false,"Async Capable": false,"Startup Cost": 72556.41,"Total Cost": 73202.94,"Plan Rows": 4910,"Plan Width": 272,"Actual Startup Time": 910.381,"Actual Total Time": 954.534,"Actual Rows": 12,"Actual Loops": 1,"Workers Planned": 2,"Workers Launched": 2,"Plans": [{"Node Type": "Aggregate","Strategy": "Sorted","Partial Mode": "Partial","Parent Relationship": "Outer","Parallel Aware": false,"Async Capable": false,"Startup Cost": 71556.39,"Total Cost": 71636.18,"Plan Rows": 2455,"Plan Width": 272,"Actual Startup Time": 902.235,"Actual Total Time": 903.008,"Actual Rows": 4,"Actual Loops": 3,"Group Key": ["n1.n_name", "n2.n_name", "(EXTRACT(year FROM lineitem.l_shipdate))"],"Workers": [],"Plans": [{"Node Type": "Sort","Parent Relationship": "Outer","Parallel Aware": false,"Async Capable": false,"Startup Cost": 71556.39,"Total Cost": 71562.53,"Plan Rows": 2455,"Plan Width": 252,"Actual Startup Time": 901.996,"Actual Total Time": 902.116,"Actual Rows": 1890,"Actual Loops": 3,"Sort Key": ["n1.n_name", "n2.n_name", "(EXTRACT(year FROM lineitem.l_shipdate))"],"Sort Method": "quicksort","Sort Space Used": 264,"Sort Space Type": "Memory","Workers": [{"Worker Number": 0,"Sort Method": "quicksort","Sort Space Used": 249,"Sort Space Type": "Memory"},{"Worker Number": 1,"Sort Method": "quicksort","Sort Space Used": 253,"Sort Space Type": "Memory"}],"Plans": [{"Node Type": "Hash Join","Parent Relationship": "Outer","Parallel Aware": false,"Async Capable": false,"Join Type": "Inner","Startup Cost": 366.16,"Total Cost": 71418.15,"Plan Rows": 2455,"Plan Width": 252,"Actual Startup Time": 14.130,"Actual Total Time": 900.278,"Actual Rows": 1890,"Actual Loops": 3,"Inner Unique": false,"Hash Cond": "(lineitem.l_suppkey = supplier.s_suppkey)","Join Filter": "(((n1.n_name = 'PERU'::bpchar) AND (n2.n_name = 'ETHIOPIA'::bpchar)) OR ((n1.n_name = 'ETHIOPIA'::bpchar) AND (n2.n_name = 'PERU'::bpchar)))","Rows Removed by Join Filter": 1967,"Workers": [],"Plans": [{"Node Type": "Nested Loop","Parent Relationship": "Outer","Parallel Aware": false,"Async Capable": false,"Join Type": "Inner","Startup Cost": 2.26,"Total Cost": 70727.78,"Plan Rows": 60250,"Plan Width": 124,"Actual Startup Time": 0.481,"Actual Total Time": 882.233,"Actual Rows": 48342,"Actual Loops": 3,"Inner Unique": false,"Workers": [],"Plans": [{"Node Type": "Nested Loop","Parent Relationship": "Outer","Parallel Aware": false,"Async Capable": false,"Join Type": "Inner","Startup Cost": 1.83,"Total Cost": 12400.01,"Plan Rows": 49000,"Plan Width": 108,"Actual Startup Time": 0.252,"Actual Total Time": 217.684,"Actual Rows": 39575,"Actual Loops": 3,"Inner Unique": false,"Workers": [],"Plans": [{"Node Type": "Hash Join","Parent Relationship": "Outer","Parallel Aware": false,"Async Capable": false,"Join Type": "Inner","Startup Cost": 1.40,"Total Cost": 4403.27,"Plan Rows": 4900,"Plan Width": 108,"Actual Startup Time": 0.155,"Actual Total Time": 42.556,"Actual Rows": 3976,"Actual Loops": 3,"Inner Unique": true,"Hash Cond": "(customer.c_nationkey = n2.n_nationkey)","Workers": [],"Plans": [{"Node Type": "Seq Scan","Parent Relationship": "Outer","Parallel Aware": true,"Async Capable": false,"Relation Name": "customer","Alias": "customer","Startup Cost": 0.00,"Total Cost": 4210.00,"Plan Rows": 62500,"Plan Width": 8,"Actual Startup Time": 0.013,"Actual Total Time": 8.965,"Actual Rows": 50000,"Actual Loops": 3,"Workers": []},{"Node Type": "Hash","Parent Relationship": "Inner","Parallel Aware": false,"Async Capable": false,"Startup Cost": 1.38,"Total Cost": 1.38,"Plan Rows": 2,"Plan Width": 108,"Actual Startup Time": 0.057,"Actual Total Time": 0.064,"Actual Rows": 2,"Actual Loops": 3,"Hash Buckets": 1024,"Original Hash Buckets": 1024,"Hash Batches": 1,"Original Hash Batches": 1,"Peak Memory Usage": 9,"Workers": [],"Plans": [{"Node Type": "Seq Scan","Parent Relationship": "Outer","Parallel Aware": false,"Async Capable": false,"Relation Name": "nation","Alias": "n2","Startup Cost": 0.00,"Total Cost": 1.38,"Plan Rows": 2,"Plan Width": 108,"Actual Startup Time": 0.041,"Actual Total Time": 0.047,"Actual Rows": 2,"Actual Loops": 3,"Filter": "((n_name = 'ETHIOPIA'::bpchar) OR (n_name = 'PERU'::bpchar))","Rows Removed by Filter": 23,"Workers": []}]}]},{"Node Type": "Index Scan","Parent Relationship": "Inner","Parallel Aware": false,"Async Capable": false,"Scan Direction": "Forward","Index Name": "idx_orders_custkey","Relation Name": "orders","Alias": "orders","Startup Cost": 0.43,"Total Cost": 1.46,"Plan Rows": 17,"Plan Width": 8,"Actual Startup Time": 0.007,"Actual Total Time": 0.043,"Actual Rows": 10,"Actual Loops": 11927,"Index Cond": "(o_custkey = customer.c_custkey)","Rows Removed by Index Recheck": 0,"Workers": []}]},{"Node Type": "Index Scan","Parent Relationship": "Inner","Parallel Aware": false,"Async Capable": false,"Scan Direction": "Forward","Index Name": "idx_lineitem_orderkey","Relation Name": "lineitem","Alias": "lineitem","Startup Cost": 0.43,"Total Cost": 1.14,"Plan Rows": 5,"Plan Width": 24,"Actual Startup Time": 0.016,"Actual Total Time": 0.017,"Actual Rows": 1,"Actual Loops": 118724,"Index Cond": "(l_orderkey = orders.o_orderkey)","Rows Removed by Index Recheck": 0,"Filter": "((l_shipdate >= '1995-01-01'::date) AND (l_shipdate <= '1996-12-31'::date))","Rows Removed by Filter": 3,"Workers": []}]},{"Node Type": "Hash","Parent Relationship": "Inner","Parallel Aware": false,"Async Capable": false,"Startup Cost": 354.10,"Total Cost": 354.10,"Plan Rows": 784,"Plan Width": 108,"Actual Startup Time": 10.955,"Actual Total Time": 10.972,"Actual Rows": 801,"Actual Loops": 3,"Hash Buckets": 1024,"Original Hash Buckets": 1024,"Hash Batches": 1,"Original Hash Batches": 1,"Peak Memory Usage": 57,"Workers": [],"Plans": [{"Node Type": "Hash Join","Parent Relationship": "Outer","Parallel Aware": false,"Async Capable": false,"Join Type": "Inner","Startup Cost": 1.40,"Total Cost": 354.10,"Plan Rows": 784,"Plan Width": 108,"Actual Startup Time": 0.071,"Actual Total Time": 10.768,"Actual Rows": 801,"Actual Loops": 3,"Inner Unique": true,"Hash Cond": "(supplier.s_nationkey = n1.n_nationkey)","Workers": [],"Plans": [{"Node Type": "Seq Scan","Parent Relationship": "Outer","Parallel Aware": false,"Async Capable": false,"Relation Name": "supplier","Alias": "supplier","Startup Cost": 0.00,"Total Cost": 322.00,"Plan Rows": 10000,"Plan Width": 8,"Actual Startup Time": 0.026,"Actual Total Time": 4.343,"Actual Rows": 10000,"Actual Loops": 3,"Workers": []},{"Node Type": "Hash","Parent Relationship": "Inner","Parallel Aware": false,"Async Capable": false,"Startup Cost": 1.38,"Total Cost": 1.38,"Plan Rows": 2,"Plan Width": 108,"Actual Startup Time": 0.017,"Actual Total Time": 0.023,"Actual Rows": 2,"Actual Loops": 3,"Hash Buckets": 1024,"Original Hash Buckets": 1024,"Hash Batches": 1,"Original Hash Batches": 1,"Peak Memory Usage": 9,"Workers": [],"Plans": [{"Node Type": "Seq Scan","Parent Relationship": "Outer","Parallel Aware": false,"Async Capable": false,"Relation Name": "nation","Alias": "n1","Startup Cost": 0.00,"Total Cost": 1.38,"Plan Rows": 2,"Plan Width": 108,"Actual Startup Time": 0.006,"Actual Total Time": 0.011,"Actual Rows": 2,"Actual Loops": 3,"Filter": "((n_name = 'PERU'::bpchar) OR (n_name = 'ETHIOPIA'::bpchar))","Rows Removed by Filter": 23,"Workers": []}]}]}]}]}]}]}]}]},"Planning Time": 9.374,"Triggers": [],"Execution Time": 954.997}]
[{"Plan": {"Node Type": "Aggregate","Strategy": "Sorted","Partial Mode": "Finalize","Parallel Aware": false,"Async Capable": false,"Startup Cost": 72556.41,"Total Cost": 73352.71,"Plan Rows": 5893,"Plan Width": 272,"Actual Startup Time": 935.415,"Actual Total Time": 991.170,"Actual Rows": 4,"Actual Loops": 1,"Group Key": ["n1.n_name", "n2.n_name", "(EXTRACT(year FROM lineitem.l_shipdate))"],"Plans": [{"Node Type": "Gather Merge","Parent Relationship": "Outer","Parallel Aware": false,"Async Capable": false,"Startup Cost": 72556.41,"Total Cost": 73202.94,"Plan Rows": 4910,"Plan Width": 272,"Actual Startup Time": 934.971,"Actual Total Time": 991.078,"Actual Rows": 12,"Actual Loops": 1,"Workers Planned": 2,"Workers Launched": 2,"Plans": [{"Node Type": "Aggregate","Strategy": "Sorted","Partial Mode": "Partial","Parent Relationship": "Outer","Parallel Aware": false,"Async Capable": false,"Startup Cost": 71556.39,"Total Cost": 71636.18,"Plan Rows": 2455,"Plan Width": 272,"Actual Startup Time": 926.092,"Actual Total Time": 926.815,"Actual Rows": 4,"Actual Loops": 3,"Group Key": ["n1.n_name", "n2.n_name", "(EXTRACT(year FROM lineitem.l_shipdate))"],"Workers": [],"Plans": [{"Node Type": "Sort","Parent Relationship": "Outer","Parallel Aware": false,"Async Capable": false,"Startup Cost": 71556.39,"Total Cost": 71562.53,"Plan Rows": 2455,"Plan Width": 252,"Actual Startup Time": 925.822,"Actual Total Time": 925.936,"Actual Rows": 1960,"Actual Loops": 3,"Sort Key": ["n1.n_name", "n2.n_name", "(EXTRACT(year FROM lineitem.l_shipdate))"],"Sort Method": "quicksort","Sort Space Used": 260,"Sort Space Type": "Memory","Workers": [{"Worker Number": 0,"Sort Method": "quicksort","Sort Space Used": 264,"Sort Space Type": "Memory"},{"Worker Number": 1,"Sort Method": "quicksort","Sort Space Used": 265,"Sort Space Type": "Memory"}],"Plans": [{"Node Type": "Hash Join","Parent Relationship": "Outer","Parallel Aware": false,"Async Capable": false,"Join Type": "Inner","Startup Cost": 366.16,"Total Cost": 71418.15,"Plan Rows": 2455,"Plan Width": 252,"Actual Startup Time": 11.114,"Actual Total Time": 924.078,"Actual Rows": 1960,"Actual Loops": 3,"Inner Unique": false,"Hash Cond": "(lineitem.l_suppkey = supplier.s_suppkey)","Join Filter": "(((n1.n_name = 'UNITED STATES'::bpchar) AND (n2.n_name = 'SAUDI ARABIA'::bpchar)) OR ((n1.n_name = 'SAUDI ARABIA'::bpchar) AND (n2.n_name = 'UNITED STATES'::bpchar)))","Rows Removed by Join Filter": 1958,"Workers": [],"Plans": [{"Node Type": "Nested Loop","Parent Relationship": "Outer","Parallel Aware": false,"Async Capable": false,"Join Type": "Inner","Startup Cost": 2.26,"Total Cost": 70727.78,"Plan Rows": 60250,"Plan Width": 124,"Actual Startup Time": 0.727,"Actual Total Time": 908.865,"Actual Rows": 48166,"Actual Loops": 3,"Inner Unique": false,"Workers": [],"Plans": [{"Node Type": "Nested Loop","Parent Relationship": "Outer","Parallel Aware": false,"Async Capable": false,"Join Type": "Inner","Startup Cost": 1.83,"Total Cost": 12400.01,"Plan Rows": 49000,"Plan Width": 108,"Actual Startup Time": 0.343,"Actual Total Time": 235.339,"Actual Rows": 39458,"Actual Loops": 3,"Inner Unique": false,"Workers": [],"Plans": [{"Node Type": "Hash Join","Parent Relationship": "Outer","Parallel Aware": false,"Async Capable": false,"Join Type": "Inner","Startup Cost": 1.40,"Total Cost": 4403.27,"Plan Rows": 4900,"Plan Width": 108,"Actual Startup Time": 0.166,"Actual Total Time": 48.075,"Actual Rows": 3962,"Actual Loops": 3,"Inner Unique": true,"Hash Cond": "(customer.c_nationkey = n2.n_nationkey)","Workers": [],"Plans": [{"Node Type": "Seq Scan","Parent Relationship": "Outer","Parallel Aware": true,"Async Capable": false,"Relation Name": "customer","Alias": "customer","Startup Cost": 0.00,"Total Cost": 4210.00,"Plan Rows": 62500,"Plan Width": 8,"Actual Startup Time": 0.013,"Actual Total Time": 9.840,"Actual Rows": 50000,"Actual Loops": 3,"Workers": []},{"Node Type": "Hash","Parent Relationship": "Inner","Parallel Aware": false,"Async Capable": false,"Startup Cost": 1.38,"Total Cost": 1.38,"Plan Rows": 2,"Plan Width": 108,"Actual Startup Time": 0.060,"Actual Total Time": 0.065,"Actual Rows": 2,"Actual Loops": 3,"Hash Buckets": 1024,"Original Hash Buckets": 1024,"Hash Batches": 1,"Original Hash Batches": 1,"Peak Memory Usage": 9,"Workers": [],"Plans": [{"Node Type": "Seq Scan","Parent Relationship": "Outer","Parallel Aware": false,"Async Capable": false,"Relation Name": "nation","Alias": "n2","Startup Cost": 0.00,"Total Cost": 1.38,"Plan Rows": 2,"Plan Width": 108,"Actual Startup Time": 0.045,"Actual Total Time": 0.047,"Actual Rows": 2,"Actual Loops": 3,"Filter": "((n_name = 'SAUDI ARABIA'::bpchar) OR (n_name = 'UNITED STATES'::bpchar))","Rows Removed by Filter": 23,"Workers": []}]}]},{"Node Type": "Index Scan","Parent Relationship": "Inner","Parallel Aware": false,"Async Capable": false,"Scan Direction": "Forward","Index Name": "idx_orders_custkey","Relation Name": "orders","Alias": "orders","Startup Cost": 0.43,"Total Cost": 1.46,"Plan Rows": 17,"Plan Width": 8,"Actual Startup Time": 0.007,"Actual Total Time": 0.046,"Actual Rows": 10,"Actual Loops": 11887,"Index Cond": "(o_custkey = customer.c_custkey)","Rows Removed by Index Recheck": 0,"Workers": []}]},{"Node Type": "Index Scan","Parent Relationship": "Inner","Parallel Aware": false,"Async Capable": false,"Scan Direction": "Forward","Index Name": "idx_lineitem_orderkey","Relation Name": "lineitem","Alias": "lineitem","Startup Cost": 0.43,"Total Cost": 1.14,"Plan Rows": 5,"Plan Width": 24,"Actual Startup Time": 0.016,"Actual Total Time": 0.017,"Actual Rows": 1,"Actual Loops": 118374,"Index Cond": "(l_orderkey = orders.o_orderkey)","Rows Removed by Index Recheck": 0,"Filter": "((l_shipdate >= '1995-01-01'::date) AND (l_shipdate <= '1996-12-31'::date))","Rows Removed by Filter": 3,"Workers": []}]},{"Node Type": "Hash","Parent Relationship": "Inner","Parallel Aware": false,"Async Capable": false,"Startup Cost": 354.10,"Total Cost": 354.10,"Plan Rows": 784,"Plan Width": 108,"Actual Startup Time": 8.053,"Actual Total Time": 8.067,"Actual Rows": 804,"Actual Loops": 3,"Hash Buckets": 1024,"Original Hash Buckets": 1024,"Hash Batches": 1,"Original Hash Batches": 1,"Peak Memory Usage": 57,"Workers": [],"Plans": [{"Node Type": "Hash Join","Parent Relationship": "Outer","Parallel Aware": false,"Async Capable": false,"Join Type": "Inner","Startup Cost": 1.40,"Total Cost": 354.10,"Plan Rows": 784,"Plan Width": 108,"Actual Startup Time": 0.077,"Actual Total Time": 7.868,"Actual Rows": 804,"Actual Loops": 3,"Inner Unique": true,"Hash Cond": "(supplier.s_nationkey = n1.n_nationkey)","Workers": [],"Plans": [{"Node Type": "Seq Scan","Parent Relationship": "Outer","Parallel Aware": false,"Async Capable": false,"Relation Name": "supplier","Alias": "supplier","Startup Cost": 0.00,"Total Cost": 322.00,"Plan Rows": 10000,"Plan Width": 8,"Actual Startup Time": 0.024,"Actual Total Time": 3.987,"Actual Rows": 10000,"Actual Loops": 3,"Workers": []},{"Node Type": "Hash","Parent Relationship": "Inner","Parallel Aware": false,"Async Capable": false,"Startup Cost": 1.38,"Total Cost": 1.38,"Plan Rows": 2,"Plan Width": 108,"Actual Startup Time": 0.012,"Actual Total Time": 0.016,"Actual Rows": 2,"Actual Loops": 3,"Hash Buckets": 1024,"Original Hash Buckets": 1024,"Hash Batches": 1,"Original Hash Batches": 1,"Peak Memory Usage": 9,"Workers": [],"Plans": [{"Node Type": "Seq Scan","Parent Relationship": "Outer","Parallel Aware": false,"Async Capable": false,"Relation Name": "nation","Alias": "n1","Startup Cost": 0.00,"Total Cost": 1.38,"Plan Rows": 2,"Plan Width": 108,"Actual Startup Time": 0.006,"Actual Total Time": 0.009,"Actual Rows": 2,"Actual Loops": 3,"Filter": "((n_name = 'UNITED STATES'::bpchar) OR (n_name = 'SAUDI ARABIA'::bpchar))","Rows Removed by Filter": 23,"Workers": []}]}]}]}]}]}]}]}]},"Planning Time": 8.792,"Triggers": [],"Execution Time": 991.657}]
[{"Plan": {"Node Type": "Aggregate","Strategy": "Sorted","Partial Mode": "Finalize","Parallel Aware": false,"Async Capable": false,"Startup Cost": 72556.41,"Total Cost": 73352.71,"Plan Rows": 5893,"Plan Width": 272,"Actual Startup Time": 924.220,"Actual Total Time": 967.751,"Actual Rows": 4,"Actual Loops": 1,"Group Key": ["n1.n_name", "n2.n_name", "(EXTRACT(year FROM lineitem.l_shipdate))"],"Plans": [{"Node Type": "Gather Merge","Parent Relationship": "Outer","Parallel Aware": false,"Async Capable": false,"Startup Cost": 72556.41,"Total Cost": 73202.94,"Plan Rows": 4910,"Plan Width": 272,"Actual Startup Time": 923.698,"Actual Total Time": 967.689,"Actual Rows": 12,"Actual Loops": 1,"Workers Planned": 2,"Workers Launched": 2,"Plans": [{"Node Type": "Aggregate","Strategy": "Sorted","Partial Mode": "Partial","Parent Relationship": "Outer","Parallel Aware": false,"Async Capable": false,"Startup Cost": 71556.39,"Total Cost": 71636.18,"Plan Rows": 2455,"Plan Width": 272,"Actual Startup Time": 915.581,"Actual Total Time": 916.352,"Actual Rows": 4,"Actual Loops": 3,"Group Key": ["n1.n_name", "n2.n_name", "(EXTRACT(year FROM lineitem.l_shipdate))"],"Workers": [],"Plans": [{"Node Type": "Sort","Parent Relationship": "Outer","Parallel Aware": false,"Async Capable": false,"Startup Cost": 71556.39,"Total Cost": 71562.53,"Plan Rows": 2455,"Plan Width": 252,"Actual Startup Time": 915.305,"Actual Total Time": 915.419,"Actual Rows": 1917,"Actual Loops": 3,"Sort Key": ["n1.n_name", "n2.n_name", "(EXTRACT(year FROM lineitem.l_shipdate))"],"Sort Method": "quicksort","Sort Space Used": 272,"Sort Space Type": "Memory","Workers": [{"Worker Number": 0,"Sort Method": "quicksort","Sort Space Used": 248,"Sort Space Type": "Memory"},{"Worker Number": 1,"Sort Method": "quicksort","Sort Space Used": 255,"Sort Space Type": "Memory"}],"Plans": [{"Node Type": "Hash Join","Parent Relationship": "Outer","Parallel Aware": false,"Async Capable": false,"Join Type": "Inner","Startup Cost": 366.16,"Total Cost": 71418.15,"Plan Rows": 2455,"Plan Width": 252,"Actual Startup Time": 13.701,"Actual Total Time": 913.484,"Actual Rows": 1917,"Actual Loops": 3,"Inner Unique": false,"Hash Cond": "(lineitem.l_suppkey = supplier.s_suppkey)","Join Filter": "(((n1.n_name = 'IRAN'::bpchar) AND (n2.n_name = 'GERMANY'::bpchar)) OR ((n1.n_name = 'GERMANY'::bpchar) AND (n2.n_name = 'IRAN'::bpchar)))","Rows Removed by Join Filter": 1863,"Workers": [],"Plans": [{"Node Type": "Nested Loop","Parent Relationship": "Outer","Parallel Aware": false,"Async Capable": false,"Join Type": "Inner","Startup Cost": 2.26,"Total Cost": 70727.78,"Plan Rows": 60250,"Plan Width": 124,"Actual Startup Time": 0.663,"Actual Total Time": 894.841,"Actual Rows": 48379,"Actual Loops": 3,"Inner Unique": false,"Workers": [],"Plans": [{"Node Type": "Nested Loop","Parent Relationship": "Outer","Parallel Aware": false,"Async Capable": false,"Join Type": "Inner","Startup Cost": 1.83,"Total Cost": 12400.01,"Plan Rows": 49000,"Plan Width": 108,"Actual Startup Time": 0.389,"Actual Total Time": 221.654,"Actual Rows": 39800,"Actual Loops": 3,"Inner Unique": false,"Workers": [],"Plans": [{"Node Type": "Hash Join","Parent Relationship": "Outer","Parallel Aware": false,"Async Capable": false,"Join Type": "Inner","Startup Cost": 1.40,"Total Cost": 4403.27,"Plan Rows": 4900,"Plan Width": 108,"Actual Startup Time": 0.238,"Actual Total Time": 44.651,"Actual Rows": 3972,"Actual Loops": 3,"Inner Unique": true,"Hash Cond": "(customer.c_nationkey = n2.n_nationkey)","Workers": [],"Plans": [{"Node Type": "Seq Scan","Parent Relationship": "Outer","Parallel Aware": true,"Async Capable": false,"Relation Name": "customer","Alias": "customer","Startup Cost": 0.00,"Total Cost": 4210.00,"Plan Rows": 62500,"Plan Width": 8,"Actual Startup Time": 0.016,"Actual Total Time": 9.118,"Actual Rows": 50000,"Actual Loops": 3,"Workers": []},{"Node Type": "Hash","Parent Relationship": "Inner","Parallel Aware": false,"Async Capable": false,"Startup Cost": 1.38,"Total Cost": 1.38,"Plan Rows": 2,"Plan Width": 108,"Actual Startup Time": 0.104,"Actual Total Time": 0.111,"Actual Rows": 2,"Actual Loops": 3,"Hash Buckets": 1024,"Original Hash Buckets": 1024,"Hash Batches": 1,"Original Hash Batches": 1,"Peak Memory Usage": 9,"Workers": [],"Plans": [{"Node Type": "Seq Scan","Parent Relationship": "Outer","Parallel Aware": false,"Async Capable": false,"Relation Name": "nation","Alias": "n2","Startup Cost": 0.00,"Total Cost": 1.38,"Plan Rows": 2,"Plan Width": 108,"Actual Startup Time": 0.079,"Actual Total Time": 0.086,"Actual Rows": 2,"Actual Loops": 3,"Filter": "((n_name = 'GERMANY'::bpchar) OR (n_name = 'IRAN'::bpchar))","Rows Removed by Filter": 23,"Workers": []}]}]},{"Node Type": "Index Scan","Parent Relationship": "Inner","Parallel Aware": false,"Async Capable": false,"Scan Direction": "Forward","Index Name": "idx_orders_custkey","Relation Name": "orders","Alias": "orders","Startup Cost": 0.43,"Total Cost": 1.46,"Plan Rows": 17,"Plan Width": 8,"Actual Startup Time": 0.007,"Actual Total Time": 0.043,"Actual Rows": 10,"Actual Loops": 11917,"Index Cond": "(o_custkey = customer.c_custkey)","Rows Removed by Index Recheck": 0,"Workers": []}]},{"Node Type": "Index Scan","Parent Relationship": "Inner","Parallel Aware": false,"Async Capable": false,"Scan Direction": "Forward","Index Name": "idx_lineitem_orderkey","Relation Name": "lineitem","Alias": "lineitem","Startup Cost": 0.43,"Total Cost": 1.14,"Plan Rows": 5,"Plan Width": 24,"Actual Startup Time": 0.016,"Actual Total Time": 0.017,"Actual Rows": 1,"Actual Loops": 119399,"Index Cond": "(l_orderkey = orders.o_orderkey)","Rows Removed by Index Recheck": 0,"Filter": "((l_shipdate >= '1995-01-01'::date) AND (l_shipdate <= '1996-12-31'::date))","Rows Removed by Filter": 3,"Workers": []}]},{"Node Type": "Hash","Parent Relationship": "Inner","Parallel Aware": false,"Async Capable": false,"Startup Cost": 354.10,"Total Cost": 354.10,"Plan Rows": 784,"Plan Width": 108,"Actual Startup Time": 11.683,"Actual Total Time": 11.696,"Actual Rows": 789,"Actual Loops": 3,"Hash Buckets": 1024,"Original Hash Buckets": 1024,"Hash Batches": 1,"Original Hash Batches": 1,"Peak Memory Usage": 56,"Workers": [],"Plans": [{"Node Type": "Hash Join","Parent Relationship": "Outer","Parallel Aware": false,"Async Capable": false,"Join Type": "Inner","Startup Cost": 1.40,"Total Cost": 354.10,"Plan Rows": 784,"Plan Width": 108,"Actual Startup Time": 0.099,"Actual Total Time": 11.490,"Actual Rows": 789,"Actual Loops": 3,"Inner Unique": true,"Hash Cond": "(supplier.s_nationkey = n1.n_nationkey)","Workers": [],"Plans": [{"Node Type": "Seq Scan","Parent Relationship": "Outer","Parallel Aware": false,"Async Capable": false,"Relation Name": "supplier","Alias": "supplier","Startup Cost": 0.00,"Total Cost": 322.00,"Plan Rows": 10000,"Plan Width": 8,"Actual Startup Time": 0.038,"Actual Total Time": 4.746,"Actual Rows": 10000,"Actual Loops": 3,"Workers": []},{"Node Type": "Hash","Parent Relationship": "Inner","Parallel Aware": false,"Async Capable": false,"Startup Cost": 1.38,"Total Cost": 1.38,"Plan Rows": 2,"Plan Width": 108,"Actual Startup Time": 0.022,"Actual Total Time": 0.026,"Actual Rows": 2,"Actual Loops": 3,"Hash Buckets": 1024,"Original Hash Buckets": 1024,"Hash Batches": 1,"Original Hash Batches": 1,"Peak Memory Usage": 9,"Workers": [],"Plans": [{"Node Type": "Seq Scan","Parent Relationship": "Outer","Parallel Aware": false,"Async Capable": false,"Relation Name": "nation","Alias": "n1","Startup Cost": 0.00,"Total Cost": 1.38,"Plan Rows": 2,"Plan Width": 108,"Actual Startup Time": 0.007,"Actual Total Time": 0.015,"Actual Rows": 2,"Actual Loops": 3,"Filter": "((n_name = 'IRAN'::bpchar) OR (n_name = 'GERMANY'::bpchar))","Rows Removed by Filter": 23,"Workers": []}]}]}]}]}]}]}]}]},"Planning Time": 8.527,"Triggers": [],"Execution Time": 968.191}]
[{"Plan": {"Node Type": "Aggregate","Strategy": "Sorted","Partial Mode": "Finalize","Parallel Aware": false,"Async Capable": false,"Startup Cost": 72556.41,"Total Cost": 73352.71,"Plan Rows": 5893,"Plan Width": 272,"Actual Startup Time": 917.283,"Actual Total Time": 960.258,"Actual Rows": 4,"Actual Loops": 1,"Group Key": ["n1.n_name", "n2.n_name", "(EXTRACT(year FROM lineitem.l_shipdate))"],"Plans": [{"Node Type": "Gather Merge","Parent Relationship": "Outer","Parallel Aware": false,"Async Capable": false,"Startup Cost": 72556.41,"Total Cost": 73202.94,"Plan Rows": 4910,"Plan Width": 272,"Actual Startup Time": 916.470,"Actual Total Time": 960.177,"Actual Rows": 12,"Actual Loops": 1,"Workers Planned": 2,"Workers Launched": 2,"Plans": [{"Node Type": "Aggregate","Strategy": "Sorted","Partial Mode": "Partial","Parent Relationship": "Outer","Parallel Aware": false,"Async Capable": false,"Startup Cost": 71556.39,"Total Cost": 71636.18,"Plan Rows": 2455,"Plan Width": 272,"Actual Startup Time": 907.962,"Actual Total Time": 908.838,"Actual Rows": 4,"Actual Loops": 3,"Group Key": ["n1.n_name", "n2.n_name", "(EXTRACT(year FROM lineitem.l_shipdate))"],"Workers": [],"Plans": [{"Node Type": "Sort","Parent Relationship": "Outer","Parallel Aware": false,"Async Capable": false,"Startup Cost": 71556.39,"Total Cost": 71562.53,"Plan Rows": 2455,"Plan Width": 252,"Actual Startup Time": 907.701,"Actual Total Time": 907.831,"Actual Rows": 1986,"Actual Loops": 3,"Sort Key": ["n1.n_name", "n2.n_name", "(EXTRACT(year FROM lineitem.l_shipdate))"],"Sort Method": "quicksort","Sort Space Used": 270,"Sort Space Type": "Memory","Workers": [{"Worker Number": 0,"Sort Method": "quicksort","Sort Space Used": 263,"Sort Space Type": "Memory"},{"Worker Number": 1,"Sort Method": "quicksort","Sort Space Used": 264,"Sort Space Type": "Memory"}],"Plans": [{"Node Type": "Hash Join","Parent Relationship": "Outer","Parallel Aware": false,"Async Capable": false,"Join Type": "Inner","Startup Cost": 366.16,"Total Cost": 71418.15,"Plan Rows": 2455,"Plan Width": 252,"Actual Startup Time": 13.056,"Actual Total Time": 905.769,"Actual Rows": 1986,"Actual Loops": 3,"Inner Unique": false,"Hash Cond": "(lineitem.l_suppkey = supplier.s_suppkey)","Join Filter": "(((n1.n_name = 'SAUDI ARABIA'::bpchar) AND (n2.n_name = 'VIETNAM'::bpchar)) OR ((n1.n_name = 'VIETNAM'::bpchar) AND (n2.n_name = 'SAUDI ARABIA'::bpchar)))","Rows Removed by Join Filter": 1958,"Workers": [],"Plans": [{"Node Type": "Nested Loop","Parent Relationship": "Outer","Parallel Aware": false,"Async Capable": false,"Join Type": "Inner","Startup Cost": 2.26,"Total Cost": 70727.78,"Plan Rows": 60250,"Plan Width": 124,"Actual Startup Time": 0.637,"Actual Total Time": 887.426,"Actual Rows": 48461,"Actual Loops": 3,"Inner Unique": false,"Workers": [],"Plans": [{"Node Type": "Nested Loop","Parent Relationship": "Outer","Parallel Aware": false,"Async Capable": false,"Join Type": "Inner","Startup Cost": 1.83,"Total Cost": 12400.01,"Plan Rows": 49000,"Plan Width": 108,"Actual Startup Time": 0.419,"Actual Total Time": 220.624,"Actual Rows": 39600,"Actual Loops": 3,"Inner Unique": false,"Workers": [],"Plans": [{"Node Type": "Hash Join","Parent Relationship": "Outer","Parallel Aware": false,"Async Capable": false,"Join Type": "Inner","Startup Cost": 1.40,"Total Cost": 4403.27,"Plan Rows": 4900,"Plan Width": 108,"Actual Startup Time": 0.198,"Actual Total Time": 44.662,"Actual Rows": 3971,"Actual Loops": 3,"Inner Unique": true,"Hash Cond": "(customer.c_nationkey = n2.n_nationkey)","Workers": [],"Plans": [{"Node Type": "Seq Scan","Parent Relationship": "Outer","Parallel Aware": true,"Async Capable": false,"Relation Name": "customer","Alias": "customer","Startup Cost": 0.00,"Total Cost": 4210.00,"Plan Rows": 62500,"Plan Width": 8,"Actual Startup Time": 0.016,"Actual Total Time": 8.949,"Actual Rows": 50000,"Actual Loops": 3,"Workers": []},{"Node Type": "Hash","Parent Relationship": "Inner","Parallel Aware": false,"Async Capable": false,"Startup Cost": 1.38,"Total Cost": 1.38,"Plan Rows": 2,"Plan Width": 108,"Actual Startup Time": 0.073,"Actual Total Time": 0.080,"Actual Rows": 2,"Actual Loops": 3,"Hash Buckets": 1024,"Original Hash Buckets": 1024,"Hash Batches": 1,"Original Hash Batches": 1,"Peak Memory Usage": 9,"Workers": [],"Plans": [{"Node Type": "Seq Scan","Parent Relationship": "Outer","Parallel Aware": false,"Async Capable": false,"Relation Name": "nation","Alias": "n2","Startup Cost": 0.00,"Total Cost": 1.38,"Plan Rows": 2,"Plan Width": 108,"Actual Startup Time": 0.058,"Actual Total Time": 0.062,"Actual Rows": 2,"Actual Loops": 3,"Filter": "((n_name = 'VIETNAM'::bpchar) OR (n_name = 'SAUDI ARABIA'::bpchar))","Rows Removed by Filter": 23,"Workers": []}]}]},{"Node Type": "Index Scan","Parent Relationship": "Inner","Parallel Aware": false,"Async Capable": false,"Scan Direction": "Forward","Index Name": "idx_orders_custkey","Relation Name": "orders","Alias": "orders","Startup Cost": 0.43,"Total Cost": 1.46,"Plan Rows": 17,"Plan Width": 8,"Actual Startup Time": 0.007,"Actual Total Time": 0.043,"Actual Rows": 10,"Actual Loops": 11912,"Index Cond": "(o_custkey = customer.c_custkey)","Rows Removed by Index Recheck": 0,"Workers": []}]},{"Node Type": "Index Scan","Parent Relationship": "Inner","Parallel Aware": false,"Async Capable": false,"Scan Direction": "Forward","Index Name": "idx_lineitem_orderkey","Relation Name": "lineitem","Alias": "lineitem","Startup Cost": 0.43,"Total Cost": 1.14,"Plan Rows": 5,"Plan Width": 24,"Actual Startup Time": 0.016,"Actual Total Time": 0.017,"Actual Rows": 1,"Actual Loops": 118800,"Index Cond": "(l_orderkey = orders.o_orderkey)","Rows Removed by Index Recheck": 0,"Filter": "((l_shipdate >= '1995-01-01'::date) AND (l_shipdate <= '1996-12-31'::date))","Rows Removed by Filter": 3,"Workers": []}]},{"Node Type": "Hash","Parent Relationship": "Inner","Parallel Aware": false,"Async Capable": false,"Startup Cost": 354.10,"Total Cost": 354.10,"Plan Rows": 784,"Plan Width": 108,"Actual Startup Time": 11.337,"Actual Total Time": 11.353,"Actual Rows": 810,"Actual Loops": 3,"Hash Buckets": 1024,"Original Hash Buckets": 1024,"Hash Batches": 1,"Original Hash Batches": 1,"Peak Memory Usage": 58,"Workers": [],"Plans": [{"Node Type": "Hash Join","Parent Relationship": "Outer","Parallel Aware": false,"Async Capable": false,"Join Type": "Inner","Startup Cost": 1.40,"Total Cost": 354.10,"Plan Rows": 784,"Plan Width": 108,"Actual Startup Time": 0.104,"Actual Total Time": 11.136,"Actual Rows": 810,"Actual Loops": 3,"Inner Unique": true,"Hash Cond": "(supplier.s_nationkey = n1.n_nationkey)","Workers": [],"Plans": [{"Node Type": "Seq Scan","Parent Relationship": "Outer","Parallel Aware": false,"Async Capable": false,"Relation Name": "supplier","Alias": "supplier","Startup Cost": 0.00,"Total Cost": 322.00,"Plan Rows": 10000,"Plan Width": 8,"Actual Startup Time": 0.034,"Actual Total Time": 4.477,"Actual Rows": 10000,"Actual Loops": 3,"Workers": []},{"Node Type": "Hash","Parent Relationship": "Inner","Parallel Aware": false,"Async Capable": false,"Startup Cost": 1.38,"Total Cost": 1.38,"Plan Rows": 2,"Plan Width": 108,"Actual Startup Time": 0.019,"Actual Total Time": 0.025,"Actual Rows": 2,"Actual Loops": 3,"Hash Buckets": 1024,"Original Hash Buckets": 1024,"Hash Batches": 1,"Original Hash Batches": 1,"Peak Memory Usage": 9,"Workers": [],"Plans": [{"Node Type": "Seq Scan","Parent Relationship": "Outer","Parallel Aware": false,"Async Capable": false,"Relation Name": "nation","Alias": "n1","Startup Cost": 0.00,"Total Cost": 1.38,"Plan Rows": 2,"Plan Width": 108,"Actual Startup Time": 0.010,"Actual Total Time": 0.015,"Actual Rows": 2,"Actual Loops": 3,"Filter": "((n_name = 'SAUDI ARABIA'::bpchar) OR (n_name = 'VIETNAM'::bpchar))","Rows Removed by Filter": 23,"Workers": []}]}]}]}]}]}]}]}]},"Planning Time": 9.833,"Triggers": [],"Execution Time": 960.690}]
[{"Plan": {"Node Type": "Aggregate","Strategy": "Sorted","Partial Mode": "Finalize","Parallel Aware": false,"Async Capable": false,"Startup Cost": 72556.41,"Total Cost": 73352.71,"Plan Rows": 5893,"Plan Width": 272,"Actual Startup Time": 925.702,"Actual Total Time": 981.399,"Actual Rows": 4,"Actual Loops": 1,"Group Key": ["n1.n_name", "n2.n_name", "(EXTRACT(year FROM lineitem.l_shipdate))"],"Plans": [{"Node Type": "Gather Merge","Parent Relationship": "Outer","Parallel Aware": false,"Async Capable": false,"Startup Cost": 72556.41,"Total Cost": 73202.94,"Plan Rows": 4910,"Plan Width": 272,"Actual Startup Time": 924.966,"Actual Total Time": 981.308,"Actual Rows": 12,"Actual Loops": 1,"Workers Planned": 2,"Workers Launched": 2,"Plans": [{"Node Type": "Aggregate","Strategy": "Sorted","Partial Mode": "Partial","Parent Relationship": "Outer","Parallel Aware": false,"Async Capable": false,"Startup Cost": 71556.39,"Total Cost": 71636.18,"Plan Rows": 2455,"Plan Width": 272,"Actual Startup Time": 916.536,"Actual Total Time": 917.393,"Actual Rows": 4,"Actual Loops": 3,"Group Key": ["n1.n_name", "n2.n_name", "(EXTRACT(year FROM lineitem.l_shipdate))"],"Workers": [],"Plans": [{"Node Type": "Sort","Parent Relationship": "Outer","Parallel Aware": false,"Async Capable": false,"Startup Cost": 71556.39,"Total Cost": 71562.53,"Plan Rows": 2455,"Plan Width": 252,"Actual Startup Time": 916.276,"Actual Total Time": 916.405,"Actual Rows": 1868,"Actual Loops": 3,"Sort Key": ["n1.n_name", "n2.n_name", "(EXTRACT(year FROM lineitem.l_shipdate))"],"Sort Method": "quicksort","Sort Space Used": 253,"Sort Space Type": "Memory","Workers": [{"Worker Number": 0,"Sort Method": "quicksort","Sort Space Used": 257,"Sort Space Type": "Memory"},{"Worker Number": 1,"Sort Method": "quicksort","Sort Space Used": 248,"Sort Space Type": "Memory"}],"Plans": [{"Node Type": "Hash Join","Parent Relationship": "Outer","Parallel Aware": false,"Async Capable": false,"Join Type": "Inner","Startup Cost": 366.16,"Total Cost": 71418.15,"Plan Rows": 2455,"Plan Width": 252,"Actual Startup Time": 9.481,"Actual Total Time": 914.531,"Actual Rows": 1868,"Actual Loops": 3,"Inner Unique": false,"Hash Cond": "(lineitem.l_suppkey = supplier.s_suppkey)","Join Filter": "(((n1.n_name = 'GERMANY'::bpchar) AND (n2.n_name = 'JORDAN'::bpchar)) OR ((n1.n_name = 'JORDAN'::bpchar) AND (n2.n_name = 'GERMANY'::bpchar)))","Rows Removed by Join Filter": 1839,"Workers": [],"Plans": [{"Node Type": "Nested Loop","Parent Relationship": "Outer","Parallel Aware": false,"Async Capable": false,"Join Type": "Inner","Startup Cost": 2.26,"Total Cost": 70727.78,"Plan Rows": 60250,"Plan Width": 124,"Actual Startup Time": 0.788,"Actual Total Time": 899.206,"Actual Rows": 49069,"Actual Loops": 3,"Inner Unique": false,"Workers": [],"Plans": [{"Node Type": "Nested Loop","Parent Relationship": "Outer","Parallel Aware": false,"Async Capable": false,"Join Type": "Inner","Startup Cost": 1.83,"Total Cost": 12400.01,"Plan Rows": 49000,"Plan Width": 108,"Actual Startup Time": 0.312,"Actual Total Time": 224.266,"Actual Rows": 40153,"Actual Loops": 3,"Inner Unique": false,"Workers": [],"Plans": [{"Node Type": "Hash Join","Parent Relationship": "Outer","Parallel Aware": false,"Async Capable": false,"Join Type": "Inner","Startup Cost": 1.40,"Total Cost": 4403.27,"Plan Rows": 4900,"Plan Width": 108,"Actual Startup Time": 0.179,"Actual Total Time": 46.092,"Actual Rows": 3980,"Actual Loops": 3,"Inner Unique": true,"Hash Cond": "(customer.c_nationkey = n2.n_nationkey)","Workers": [],"Plans": [{"Node Type": "Seq Scan","Parent Relationship": "Outer","Parallel Aware": true,"Async Capable": false,"Relation Name": "customer","Alias": "customer","Startup Cost": 0.00,"Total Cost": 4210.00,"Plan Rows": 62500,"Plan Width": 8,"Actual Startup Time": 0.014,"Actual Total Time": 9.683,"Actual Rows": 50000,"Actual Loops": 3,"Workers": []},{"Node Type": "Hash","Parent Relationship": "Inner","Parallel Aware": false,"Async Capable": false,"Startup Cost": 1.38,"Total Cost": 1.38,"Plan Rows": 2,"Plan Width": 108,"Actual Startup Time": 0.078,"Actual Total Time": 0.082,"Actual Rows": 2,"Actual Loops": 3,"Hash Buckets": 1024,"Original Hash Buckets": 1024,"Hash Batches": 1,"Original Hash Batches": 1,"Peak Memory Usage": 9,"Workers": [],"Plans": [{"Node Type": "Seq Scan","Parent Relationship": "Outer","Parallel Aware": false,"Async Capable": false,"Relation Name": "nation","Alias": "n2","Startup Cost": 0.00,"Total Cost": 1.38,"Plan Rows": 2,"Plan Width": 108,"Actual Startup Time": 0.058,"Actual Total Time": 0.064,"Actual Rows": 2,"Actual Loops": 3,"Filter": "((n_name = 'JORDAN'::bpchar) OR (n_name = 'GERMANY'::bpchar))","Rows Removed by Filter": 23,"Workers": []}]}]},{"Node Type": "Index Scan","Parent Relationship": "Inner","Parallel Aware": false,"Async Capable": false,"Scan Direction": "Forward","Index Name": "idx_orders_custkey","Relation Name": "orders","Alias": "orders","Startup Cost": 0.43,"Total Cost": 1.46,"Plan Rows": 17,"Plan Width": 8,"Actual Startup Time": 0.007,"Actual Total Time": 0.043,"Actual Rows": 10,"Actual Loops": 11941,"Index Cond": "(o_custkey = customer.c_custkey)","Rows Removed by Index Recheck": 0,"Workers": []}]},{"Node Type": "Index Scan","Parent Relationship": "Inner","Parallel Aware": false,"Async Capable": false,"Scan Direction": "Forward","Index Name": "idx_lineitem_orderkey","Relation Name": "lineitem","Alias": "lineitem","Startup Cost": 0.43,"Total Cost": 1.14,"Plan Rows": 5,"Plan Width": 24,"Actual Startup Time": 0.016,"Actual Total Time": 0.017,"Actual Rows": 1,"Actual Loops": 120460,"Index Cond": "(l_orderkey = orders.o_orderkey)","Rows Removed by Index Recheck": 0,"Filter": "((l_shipdate >= '1995-01-01'::date) AND (l_shipdate <= '1996-12-31'::date))","Rows Removed by Filter": 3,"Workers": []}]},{"Node Type": "Hash","Parent Relationship": "Inner","Parallel Aware": false,"Async Capable": false,"Startup Cost": 354.10,"Total Cost": 354.10,"Plan Rows": 784,"Plan Width": 108,"Actual Startup Time": 7.964,"Actual Total Time": 7.978,"Actual Rows": 758,"Actual Loops": 3,"Hash Buckets": 1024,"Original Hash Buckets": 1024,"Hash Batches": 1,"Original Hash Batches": 1,"Peak Memory Usage": 54,"Workers": [],"Plans": [{"Node Type": "Hash Join","Parent Relationship": "Outer","Parallel Aware": false,"Async Capable": false,"Join Type": "Inner","Startup Cost": 1.40,"Total Cost": 354.10,"Plan Rows": 784,"Plan Width": 108,"Actual Startup Time": 0.099,"Actual Total Time": 7.776,"Actual Rows": 758,"Actual Loops": 3,"Inner Unique": true,"Hash Cond": "(supplier.s_nationkey = n1.n_nationkey)","Workers": [],"Plans": [{"Node Type": "Seq Scan","Parent Relationship": "Outer","Parallel Aware": false,"Async Capable": false,"Relation Name": "supplier","Alias": "supplier","Startup Cost": 0.00,"Total Cost": 322.00,"Plan Rows": 10000,"Plan Width": 8,"Actual Startup Time": 0.029,"Actual Total Time": 4.375,"Actual Rows": 10000,"Actual Loops": 3,"Workers": []},{"Node Type": "Hash","Parent Relationship": "Inner","Parallel Aware": false,"Async Capable": false,"Startup Cost": 1.38,"Total Cost": 1.38,"Plan Rows": 2,"Plan Width": 108,"Actual Startup Time": 0.019,"Actual Total Time": 0.024,"Actual Rows": 2,"Actual Loops": 3,"Hash Buckets": 1024,"Original Hash Buckets": 1024,"Hash Batches": 1,"Original Hash Batches": 1,"Peak Memory Usage": 9,"Workers": [],"Plans": [{"Node Type": "Seq Scan","Parent Relationship": "Outer","Parallel Aware": false,"Async Capable": false,"Relation Name": "nation","Alias": "n1","Startup Cost": 0.00,"Total Cost": 1.38,"Plan Rows": 2,"Plan Width": 108,"Actual Startup Time": 0.006,"Actual Total Time": 0.013,"Actual Rows": 2,"Actual Loops": 3,"Filter": "((n_name = 'GERMANY'::bpchar) OR (n_name = 'JORDAN'::bpchar))","Rows Removed by Filter": 23,"Workers": []}]}]}]}]}]}]}]}]},"Planning Time": 9.534,"Triggers": [],"Execution Time": 981.783}]
[{"Plan": {"Node Type": "Aggregate","Strategy": "Sorted","Partial Mode": "Finalize","Parallel Aware": false,"Async Capable": false,"Startup Cost": 72556.41,"Total Cost": 73352.71,"Plan Rows": 5893,"Plan Width": 272,"Actual Startup Time": 934.950,"Actual Total Time": 990.552,"Actual Rows": 4,"Actual Loops": 1,"Group Key": ["n1.n_name", "n2.n_name", "(EXTRACT(year FROM lineitem.l_shipdate))"],"Plans": [{"Node Type": "Gather Merge","Parent Relationship": "Outer","Parallel Aware": false,"Async Capable": false,"Startup Cost": 72556.41,"Total Cost": 73202.94,"Plan Rows": 4910,"Plan Width": 272,"Actual Startup Time": 934.623,"Actual Total Time": 990.468,"Actual Rows": 12,"Actual Loops": 1,"Workers Planned": 2,"Workers Launched": 2,"Plans": [{"Node Type": "Aggregate","Strategy": "Sorted","Partial Mode": "Partial","Parent Relationship": "Outer","Parallel Aware": false,"Async Capable": false,"Startup Cost": 71556.39,"Total Cost": 71636.18,"Plan Rows": 2455,"Plan Width": 272,"Actual Startup Time": 926.481,"Actual Total Time": 927.180,"Actual Rows": 4,"Actual Loops": 3,"Group Key": ["n1.n_name", "n2.n_name", "(EXTRACT(year FROM lineitem.l_shipdate))"],"Workers": [],"Plans": [{"Node Type": "Sort","Parent Relationship": "Outer","Parallel Aware": false,"Async Capable": false,"Startup Cost": 71556.39,"Total Cost": 71562.53,"Plan Rows": 2455,"Plan Width": 252,"Actual Startup Time": 926.209,"Actual Total Time": 926.312,"Actual Rows": 1963,"Actual Loops": 3,"Sort Key": ["n1.n_name", "n2.n_name", "(EXTRACT(year FROM lineitem.l_shipdate))"],"Sort Method": "quicksort","Sort Space Used": 263,"Sort Space Type": "Memory","Workers": [{"Worker Number": 0,"Sort Method": "quicksort","Sort Space Used": 260,"Sort Space Type": "Memory"},{"Worker Number": 1,"Sort Method": "quicksort","Sort Space Used": 266,"Sort Space Type": "Memory"}],"Plans": [{"Node Type": "Hash Join","Parent Relationship": "Outer","Parallel Aware": false,"Async Capable": false,"Join Type": "Inner","Startup Cost": 366.16,"Total Cost": 71418.15,"Plan Rows": 2455,"Plan Width": 252,"Actual Startup Time": 9.874,"Actual Total Time": 924.379,"Actual Rows": 1963,"Actual Loops": 3,"Inner Unique": false,"Hash Cond": "(lineitem.l_suppkey = supplier.s_suppkey)","Join Filter": "(((n1.n_name = 'ALGERIA'::bpchar) AND (n2.n_name = 'FRANCE'::bpchar)) OR ((n1.n_name = 'FRANCE'::bpchar) AND (n2.n_name = 'ALGERIA'::bpchar)))","Rows Removed by Join Filter": 2020,"Workers": [],"Plans": [{"Node Type": "Nested Loop","Parent Relationship": "Outer","Parallel Aware": false,"Async Capable": false,"Join Type": "Inner","Startup Cost": 2.26,"Total Cost": 70727.78,"Plan Rows": 60250,"Plan Width": 124,"Actual Startup Time": 0.663,"Actual Total Time": 908.351,"Actual Rows": 49379,"Actual Loops": 3,"Inner Unique": false,"Workers": [],"Plans": [{"Node Type": "Nested Loop","Parent Relationship": "Outer","Parallel Aware": false,"Async Capable": false,"Join Type": "Inner","Startup Cost": 1.83,"Total Cost": 12400.01,"Plan Rows": 49000,"Plan Width": 108,"Actual Startup Time": 0.275,"Actual Total Time": 228.288,"Actual Rows": 40407,"Actual Loops": 3,"Inner Unique": false,"Workers": [],"Plans": [{"Node Type": "Hash Join","Parent Relationship": "Outer","Parallel Aware": false,"Async Capable": false,"Join Type": "Inner","Startup Cost": 1.40,"Total Cost": 4403.27,"Plan Rows": 4900,"Plan Width": 108,"Actual Startup Time": 0.164,"Actual Total Time": 48.018,"Actual Rows": 4008,"Actual Loops": 3,"Inner Unique": true,"Hash Cond": "(customer.c_nationkey = n2.n_nationkey)","Workers": [],"Plans": [{"Node Type": "Seq Scan","Parent Relationship": "Outer","Parallel Aware": true,"Async Capable": false,"Relation Name": "customer","Alias": "customer","Startup Cost": 0.00,"Total Cost": 4210.00,"Plan Rows": 62500,"Plan Width": 8,"Actual Startup Time": 0.013,"Actual Total Time": 9.395,"Actual Rows": 50000,"Actual Loops": 3,"Workers": []},{"Node Type": "Hash","Parent Relationship": "Inner","Parallel Aware": false,"Async Capable": false,"Startup Cost": 1.38,"Total Cost": 1.38,"Plan Rows": 2,"Plan Width": 108,"Actual Startup Time": 0.074,"Actual Total Time": 0.081,"Actual Rows": 2,"Actual Loops": 3,"Hash Buckets": 1024,"Original Hash Buckets": 1024,"Hash Batches": 1,"Original Hash Batches": 1,"Peak Memory Usage": 9,"Workers": [],"Plans": [{"Node Type": "Seq Scan","Parent Relationship": "Outer","Parallel Aware": false,"Async Capable": false,"Relation Name": "nation","Alias": "n2","Startup Cost": 0.00,"Total Cost": 1.38,"Plan Rows": 2,"Plan Width": 108,"Actual Startup Time": 0.054,"Actual Total Time": 0.061,"Actual Rows": 2,"Actual Loops": 3,"Filter": "((n_name = 'FRANCE'::bpchar) OR (n_name = 'ALGERIA'::bpchar))","Rows Removed by Filter": 23,"Workers": []}]}]},{"Node Type": "Index Scan","Parent Relationship": "Inner","Parallel Aware": false,"Async Capable": false,"Scan Direction": "Forward","Index Name": "idx_orders_custkey","Relation Name": "orders","Alias": "orders","Startup Cost": 0.43,"Total Cost": 1.46,"Plan Rows": 17,"Plan Width": 8,"Actual Startup Time": 0.007,"Actual Total Time": 0.044,"Actual Rows": 10,"Actual Loops": 12025,"Index Cond": "(o_custkey = customer.c_custkey)","Rows Removed by Index Recheck": 0,"Workers": []}]},{"Node Type": "Index Scan","Parent Relationship": "Inner","Parallel Aware": false,"Async Capable": false,"Scan Direction": "Forward","Index Name": "idx_lineitem_orderkey","Relation Name": "lineitem","Alias": "lineitem","Startup Cost": 0.43,"Total Cost": 1.14,"Plan Rows": 5,"Plan Width": 24,"Actual Startup Time": 0.016,"Actual Total Time": 0.017,"Actual Rows": 1,"Actual Loops": 121222,"Index Cond": "(l_orderkey = orders.o_orderkey)","Rows Removed by Index Recheck": 0,"Filter": "((l_shipdate >= '1995-01-01'::date) AND (l_shipdate <= '1996-12-31'::date))","Rows Removed by Filter": 3,"Workers": []}]},{"Node Type": "Hash","Parent Relationship": "Inner","Parallel Aware": false,"Async Capable": false,"Startup Cost": 354.10,"Total Cost": 354.10,"Plan Rows": 784,"Plan Width": 108,"Actual Startup Time": 8.695,"Actual Total Time": 8.707,"Actual Rows": 822,"Actual Loops": 3,"Hash Buckets": 1024,"Original Hash Buckets": 1024,"Hash Batches": 1,"Original Hash Batches": 1,"Peak Memory Usage": 58,"Workers": [],"Plans": [{"Node Type": "Hash Join","Parent Relationship": "Outer","Parallel Aware": false,"Async Capable": false,"Join Type": "Inner","Startup Cost": 1.40,"Total Cost": 354.10,"Plan Rows": 784,"Plan Width": 108,"Actual Startup Time": 0.086,"Actual Total Time": 8.475,"Actual Rows": 822,"Actual Loops": 3,"Inner Unique": true,"Hash Cond": "(supplier.s_nationkey = n1.n_nationkey)","Workers": [],"Plans": [{"Node Type": "Seq Scan","Parent Relationship": "Outer","Parallel Aware": false,"Async Capable": false,"Relation Name": "supplier","Alias": "supplier","Startup Cost": 0.00,"Total Cost": 322.00,"Plan Rows": 10000,"Plan Width": 8,"Actual Startup Time": 0.026,"Actual Total Time": 4.399,"Actual Rows": 10000,"Actual Loops": 3,"Workers": []},{"Node Type": "Hash","Parent Relationship": "Inner","Parallel Aware": false,"Async Capable": false,"Startup Cost": 1.38,"Total Cost": 1.38,"Plan Rows": 2,"Plan Width": 108,"Actual Startup Time": 0.019,"Actual Total Time": 0.021,"Actual Rows": 2,"Actual Loops": 3,"Hash Buckets": 1024,"Original Hash Buckets": 1024,"Hash Batches": 1,"Original Hash Batches": 1,"Peak Memory Usage": 9,"Workers": [],"Plans": [{"Node Type": "Seq Scan","Parent Relationship": "Outer","Parallel Aware": false,"Async Capable": false,"Relation Name": "nation","Alias": "n1","Startup Cost": 0.00,"Total Cost": 1.38,"Plan Rows": 2,"Plan Width": 108,"Actual Startup Time": 0.005,"Actual Total Time": 0.011,"Actual Rows": 2,"Actual Loops": 3,"Filter": "((n_name = 'ALGERIA'::bpchar) OR (n_name = 'FRANCE'::bpchar))","Rows Removed by Filter": 23,"Workers": []}]}]}]}]}]}]}]}]},"Planning Time": 9.205,"Triggers": [],"Execution Time": 990.973}]
[{"Plan": {"Node Type": "Aggregate","Strategy": "Sorted","Partial Mode": "Finalize","Parallel Aware": false,"Async Capable": false,"Startup Cost": 72556.41,"Total Cost": 73352.71,"Plan Rows": 5893,"Plan Width": 272,"Actual Startup Time": 914.153,"Actual Total Time": 970.673,"Actual Rows": 4,"Actual Loops": 1,"Group Key": ["n1.n_name", "n2.n_name", "(EXTRACT(year FROM lineitem.l_shipdate))"],"Plans": [{"Node Type": "Gather Merge","Parent Relationship": "Outer","Parallel Aware": false,"Async Capable": false,"Startup Cost": 72556.41,"Total Cost": 73202.94,"Plan Rows": 4910,"Plan Width": 272,"Actual Startup Time": 913.703,"Actual Total Time": 970.613,"Actual Rows": 12,"Actual Loops": 1,"Workers Planned": 2,"Workers Launched": 2,"Plans": [{"Node Type": "Aggregate","Strategy": "Sorted","Partial Mode": "Partial","Parent Relationship": "Outer","Parallel Aware": false,"Async Capable": false,"Startup Cost": 71556.39,"Total Cost": 71636.18,"Plan Rows": 2455,"Plan Width": 272,"Actual Startup Time": 905.302,"Actual Total Time": 905.991,"Actual Rows": 4,"Actual Loops": 3,"Group Key": ["n1.n_name", "n2.n_name", "(EXTRACT(year FROM lineitem.l_shipdate))"],"Workers": [],"Plans": [{"Node Type": "Sort","Parent Relationship": "Outer","Parallel Aware": false,"Async Capable": false,"Startup Cost": 71556.39,"Total Cost": 71562.53,"Plan Rows": 2455,"Plan Width": 252,"Actual Startup Time": 905.054,"Actual Total Time": 905.174,"Actual Rows": 1748,"Actual Loops": 3,"Sort Key": ["n1.n_name", "n2.n_name", "(EXTRACT(year FROM lineitem.l_shipdate))"],"Sort Method": "quicksort","Sort Space Used": 236,"Sort Space Type": "Memory","Workers": [{"Worker Number": 0,"Sort Method": "quicksort","Sort Space Used": 241,"Sort Space Type": "Memory"},{"Worker Number": 1,"Sort Method": "quicksort","Sort Space Used": 242,"Sort Space Type": "Memory"}],"Plans": [{"Node Type": "Hash Join","Parent Relationship": "Outer","Parallel Aware": false,"Async Capable": false,"Join Type": "Inner","Startup Cost": 366.16,"Total Cost": 71418.15,"Plan Rows": 2455,"Plan Width": 252,"Actual Startup Time": 8.431,"Actual Total Time": 903.332,"Actual Rows": 1748,"Actual Loops": 3,"Inner Unique": false,"Hash Cond": "(lineitem.l_suppkey = supplier.s_suppkey)","Join Filter": "(((n1.n_name = 'KENYA'::bpchar) AND (n2.n_name = 'MOROCCO'::bpchar)) OR ((n1.n_name = 'MOROCCO'::bpchar) AND (n2.n_name = 'KENYA'::bpchar)))","Rows Removed by Join Filter": 1781,"Workers": [],"Plans": [{"Node Type": "Nested Loop","Parent Relationship": "Outer","Parallel Aware": false,"Async Capable": false,"Join Type": "Inner","Startup Cost": 2.26,"Total Cost": 70727.78,"Plan Rows": 60250,"Plan Width": 124,"Actual Startup Time": 0.541,"Actual Total Time": 889.071,"Actual Rows": 48072,"Actual Loops": 3,"Inner Unique": false,"Workers": [],"Plans": [{"Node Type": "Nested Loop","Parent Relationship": "Outer","Parallel Aware": false,"Async Capable": false,"Join Type": "Inner","Startup Cost": 1.83,"Total Cost": 12400.01,"Plan Rows": 49000,"Plan Width": 108,"Actual Startup Time": 0.242,"Actual Total Time": 222.117,"Actual Rows": 39466,"Actual Loops": 3,"Inner Unique": false,"Workers": [],"Plans": [{"Node Type": "Hash Join","Parent Relationship": "Outer","Parallel Aware": false,"Async Capable": false,"Join Type": "Inner","Startup Cost": 1.40,"Total Cost": 4403.27,"Plan Rows": 4900,"Plan Width": 108,"Actual Startup Time": 0.143,"Actual Total Time": 46.207,"Actual Rows": 3971,"Actual Loops": 3,"Inner Unique": true,"Hash Cond": "(customer.c_nationkey = n2.n_nationkey)","Workers": [],"Plans": [{"Node Type": "Seq Scan","Parent Relationship": "Outer","Parallel Aware": true,"Async Capable": false,"Relation Name": "customer","Alias": "customer","Startup Cost": 0.00,"Total Cost": 4210.00,"Plan Rows": 62500,"Plan Width": 8,"Actual Startup Time": 0.012,"Actual Total Time": 9.575,"Actual Rows": 50000,"Actual Loops": 3,"Workers": []},{"Node Type": "Hash","Parent Relationship": "Inner","Parallel Aware": false,"Async Capable": false,"Startup Cost": 1.38,"Total Cost": 1.38,"Plan Rows": 2,"Plan Width": 108,"Actual Startup Time": 0.062,"Actual Total Time": 0.070,"Actual Rows": 2,"Actual Loops": 3,"Hash Buckets": 1024,"Original Hash Buckets": 1024,"Hash Batches": 1,"Original Hash Batches": 1,"Peak Memory Usage": 9,"Workers": [],"Plans": [{"Node Type": "Seq Scan","Parent Relationship": "Outer","Parallel Aware": false,"Async Capable": false,"Relation Name": "nation","Alias": "n2","Startup Cost": 0.00,"Total Cost": 1.38,"Plan Rows": 2,"Plan Width": 108,"Actual Startup Time": 0.050,"Actual Total Time": 0.054,"Actual Rows": 2,"Actual Loops": 3,"Filter": "((n_name = 'MOROCCO'::bpchar) OR (n_name = 'KENYA'::bpchar))","Rows Removed by Filter": 23,"Workers": []}]}]},{"Node Type": "Index Scan","Parent Relationship": "Inner","Parallel Aware": false,"Async Capable": false,"Scan Direction": "Forward","Index Name": "idx_orders_custkey","Relation Name": "orders","Alias": "orders","Startup Cost": 0.43,"Total Cost": 1.46,"Plan Rows": 17,"Plan Width": 8,"Actual Startup Time": 0.007,"Actual Total Time": 0.043,"Actual Rows": 10,"Actual Loops": 11913,"Index Cond": "(o_custkey = customer.c_custkey)","Rows Removed by Index Recheck": 0,"Workers": []}]},{"Node Type": "Index Scan","Parent Relationship": "Inner","Parallel Aware": false,"Async Capable": false,"Scan Direction": "Forward","Index Name": "idx_lineitem_orderkey","Relation Name": "lineitem","Alias": "lineitem","Startup Cost": 0.43,"Total Cost": 1.14,"Plan Rows": 5,"Plan Width": 24,"Actual Startup Time": 0.016,"Actual Total Time": 0.017,"Actual Rows": 1,"Actual Loops": 118399,"Index Cond": "(l_orderkey = orders.o_orderkey)","Rows Removed by Index Recheck": 0,"Filter": "((l_shipdate >= '1995-01-01'::date) AND (l_shipdate <= '1996-12-31'::date))","Rows Removed by Filter": 3,"Workers": []}]},{"Node Type": "Hash","Parent Relationship": "Inner","Parallel Aware": false,"Async Capable": false,"Startup Cost": 354.10,"Total Cost": 354.10,"Plan Rows": 784,"Plan Width": 108,"Actual Startup Time": 7.296,"Actual Total Time": 7.308,"Actual Rows": 749,"Actual Loops": 3,"Hash Buckets": 1024,"Original Hash Buckets": 1024,"Hash Batches": 1,"Original Hash Batches": 1,"Peak Memory Usage": 54,"Workers": [],"Plans": [{"Node Type": "Hash Join","Parent Relationship": "Outer","Parallel Aware": false,"Async Capable": false,"Join Type": "Inner","Startup Cost": 1.40,"Total Cost": 354.10,"Plan Rows": 784,"Plan Width": 108,"Actual Startup Time": 0.064,"Actual Total Time": 7.123,"Actual Rows": 749,"Actual Loops": 3,"Inner Unique": true,"Hash Cond": "(supplier.s_nationkey = n1.n_nationkey)","Workers": [],"Plans": [{"Node Type": "Seq Scan","Parent Relationship": "Outer","Parallel Aware": false,"Async Capable": false,"Relation Name": "supplier","Alias": "supplier","Startup Cost": 0.00,"Total Cost": 322.00,"Plan Rows": 10000,"Plan Width": 8,"Actual Startup Time": 0.027,"Actual Total Time": 3.846,"Actual Rows": 10000,"Actual Loops": 3,"Workers": []},{"Node Type": "Hash","Parent Relationship": "Inner","Parallel Aware": false,"Async Capable": false,"Startup Cost": 1.38,"Total Cost": 1.38,"Plan Rows": 2,"Plan Width": 108,"Actual Startup Time": 0.012,"Actual Total Time": 0.018,"Actual Rows": 2,"Actual Loops": 3,"Hash Buckets": 1024,"Original Hash Buckets": 1024,"Hash Batches": 1,"Original Hash Batches": 1,"Peak Memory Usage": 9,"Workers": [],"Plans": [{"Node Type": "Seq Scan","Parent Relationship": "Outer","Parallel Aware": false,"Async Capable": false,"Relation Name": "nation","Alias": "n1","Startup Cost": 0.00,"Total Cost": 1.38,"Plan Rows": 2,"Plan Width": 108,"Actual Startup Time": 0.006,"Actual Total Time": 0.010,"Actual Rows": 2,"Actual Loops": 3,"Filter": "((n_name = 'KENYA'::bpchar) OR (n_name = 'MOROCCO'::bpchar))","Rows Removed by Filter": 23,"Workers": []}]}]}]}]}]}]}]}]},"Planning Time": 8.227,"Triggers": [],"Execution Time": 971.123}]
[{"Plan": {"Node Type": "Aggregate","Strategy": "Sorted","Partial Mode": "Finalize","Parallel Aware": false,"Async Capable": false,"Startup Cost": 72556.41,"Total Cost": 73352.71,"Plan Rows": 5893,"Plan Width": 272,"Actual Startup Time": 914.350,"Actual Total Time": 957.635,"Actual Rows": 4,"Actual Loops": 1,"Group Key": ["n1.n_name", "n2.n_name", "(EXTRACT(year FROM lineitem.l_shipdate))"],"Plans": [{"Node Type": "Gather Merge","Parent Relationship": "Outer","Parallel Aware": false,"Async Capable": false,"Startup Cost": 72556.41,"Total Cost": 73202.94,"Plan Rows": 4910,"Plan Width": 272,"Actual Startup Time": 914.122,"Actual Total Time": 957.584,"Actual Rows": 12,"Actual Loops": 1,"Workers Planned": 2,"Workers Launched": 2,"Plans": [{"Node Type": "Aggregate","Strategy": "Sorted","Partial Mode": "Partial","Parent Relationship": "Outer","Parallel Aware": false,"Async Capable": false,"Startup Cost": 71556.39,"Total Cost": 71636.18,"Plan Rows": 2455,"Plan Width": 272,"Actual Startup Time": 906.366,"Actual Total Time": 907.054,"Actual Rows": 4,"Actual Loops": 3,"Group Key": ["n1.n_name", "n2.n_name", "(EXTRACT(year FROM lineitem.l_shipdate))"],"Workers": [],"Plans": [{"Node Type": "Sort","Parent Relationship": "Outer","Parallel Aware": false,"Async Capable": false,"Startup Cost": 71556.39,"Total Cost": 71562.53,"Plan Rows": 2455,"Plan Width": 252,"Actual Startup Time": 906.125,"Actual Total Time": 906.226,"Actual Rows": 1898,"Actual Loops": 3,"Sort Key": ["n1.n_name", "n2.n_name", "(EXTRACT(year FROM lineitem.l_shipdate))"],"Sort Method": "quicksort","Sort Space Used": 257,"Sort Space Type": "Memory","Workers": [{"Worker Number": 0,"Sort Method": "quicksort","Sort Space Used": 264,"Sort Space Type": "Memory"},{"Worker Number": 1,"Sort Method": "quicksort","Sort Space Used": 248,"Sort Space Type": "Memory"}],"Plans": [{"Node Type": "Hash Join","Parent Relationship": "Outer","Parallel Aware": false,"Async Capable": false,"Join Type": "Inner","Startup Cost": 366.16,"Total Cost": 71418.15,"Plan Rows": 2455,"Plan Width": 252,"Actual Startup Time": 11.077,"Actual Total Time": 904.262,"Actual Rows": 1898,"Actual Loops": 3,"Inner Unique": false,"Hash Cond": "(lineitem.l_suppkey = supplier.s_suppkey)","Join Filter": "(((n1.n_name = 'ETHIOPIA'::bpchar) AND (n2.n_name = 'SAUDI ARABIA'::bpchar)) OR ((n1.n_name = 'SAUDI ARABIA'::bpchar) AND (n2.n_name = 'ETHIOPIA'::bpchar)))","Rows Removed by Join Filter": 1918,"Workers": [],"Plans": [{"Node Type": "Nested Loop","Parent Relationship": "Outer","Parallel Aware": false,"Async Capable": false,"Join Type": "Inner","Startup Cost": 2.26,"Total Cost": 70727.78,"Plan Rows": 60250,"Plan Width": 124,"Actual Startup Time": 0.600,"Actual Total Time": 887.060,"Actual Rows": 48175,"Actual Loops": 3,"Inner Unique": false,"Workers": [],"Plans": [{"Node Type": "Nested Loop","Parent Relationship": "Outer","Parallel Aware": false,"Async Capable": false,"Join Type": "Inner","Startup Cost": 1.83,"Total Cost": 12400.01,"Plan Rows": 49000,"Plan Width": 108,"Actual Startup Time": 0.343,"Actual Total Time": 224.072,"Actual Rows": 39386,"Actual Loops": 3,"Inner Unique": false,"Workers": [],"Plans": [{"Node Type": "Hash Join","Parent Relationship": "Outer","Parallel Aware": false,"Async Capable": false,"Join Type": "Inner","Startup Cost": 1.40,"Total Cost": 4403.27,"Plan Rows": 4900,"Plan Width": 108,"Actual Startup Time": 0.186,"Actual Total Time": 47.880,"Actual Rows": 3952,"Actual Loops": 3,"Inner Unique": true,"Hash Cond": "(customer.c_nationkey = n2.n_nationkey)","Workers": [],"Plans": [{"Node Type": "Seq Scan","Parent Relationship": "Outer","Parallel Aware": true,"Async Capable": false,"Relation Name": "customer","Alias": "customer","Startup Cost": 0.00,"Total Cost": 4210.00,"Plan Rows": 62500,"Plan Width": 8,"Actual Startup Time": 0.015,"Actual Total Time": 9.427,"Actual Rows": 50000,"Actual Loops": 3,"Workers": []},{"Node Type": "Hash","Parent Relationship": "Inner","Parallel Aware": false,"Async Capable": false,"Startup Cost": 1.38,"Total Cost": 1.38,"Plan Rows": 2,"Plan Width": 108,"Actual Startup Time": 0.074,"Actual Total Time": 0.081,"Actual Rows": 2,"Actual Loops": 3,"Hash Buckets": 1024,"Original Hash Buckets": 1024,"Hash Batches": 1,"Original Hash Batches": 1,"Peak Memory Usage": 9,"Workers": [],"Plans": [{"Node Type": "Seq Scan","Parent Relationship": "Outer","Parallel Aware": false,"Async Capable": false,"Relation Name": "nation","Alias": "n2","Startup Cost": 0.00,"Total Cost": 1.38,"Plan Rows": 2,"Plan Width": 108,"Actual Startup Time": 0.054,"Actual Total Time": 0.062,"Actual Rows": 2,"Actual Loops": 3,"Filter": "((n_name = 'SAUDI ARABIA'::bpchar) OR (n_name = 'ETHIOPIA'::bpchar))","Rows Removed by Filter": 23,"Workers": []}]}]},{"Node Type": "Index Scan","Parent Relationship": "Inner","Parallel Aware": false,"Async Capable": false,"Scan Direction": "Forward","Index Name": "idx_orders_custkey","Relation Name": "orders","Alias": "orders","Startup Cost": 0.43,"Total Cost": 1.46,"Plan Rows": 17,"Plan Width": 8,"Actual Startup Time": 0.007,"Actual Total Time": 0.043,"Actual Rows": 10,"Actual Loops": 11856,"Index Cond": "(o_custkey = customer.c_custkey)","Rows Removed by Index Recheck": 0,"Workers": []}]},{"Node Type": "Index Scan","Parent Relationship": "Inner","Parallel Aware": false,"Async Capable": false,"Scan Direction": "Forward","Index Name": "idx_lineitem_orderkey","Relation Name": "lineitem","Alias": "lineitem","Startup Cost": 0.43,"Total Cost": 1.14,"Plan Rows": 5,"Plan Width": 24,"Actual Startup Time": 0.016,"Actual Total Time": 0.017,"Actual Rows": 1,"Actual Loops": 118159,"Index Cond": "(l_orderkey = orders.o_orderkey)","Rows Removed by Index Recheck": 0,"Filter": "((l_shipdate >= '1995-01-01'::date) AND (l_shipdate <= '1996-12-31'::date))","Rows Removed by Filter": 3,"Workers": []}]},{"Node Type": "Hash","Parent Relationship": "Inner","Parallel Aware": false,"Async Capable": false,"Startup Cost": 354.10,"Total Cost": 354.10,"Plan Rows": 784,"Plan Width": 108,"Actual Startup Time": 10.105,"Actual Total Time": 10.117,"Actual Rows": 791,"Actual Loops": 3,"Hash Buckets": 1024,"Original Hash Buckets": 1024,"Hash Batches": 1,"Original Hash Batches": 1,"Peak Memory Usage": 56,"Workers": [],"Plans": [{"Node Type": "Hash Join","Parent Relationship": "Outer","Parallel Aware": false,"Async Capable": false,"Join Type": "Inner","Startup Cost": 1.40,"Total Cost": 354.10,"Plan Rows": 784,"Plan Width": 108,"Actual Startup Time": 0.087,"Actual Total Time": 9.920,"Actual Rows": 791,"Actual Loops": 3,"Inner Unique": true,"Hash Cond": "(supplier.s_nationkey = n1.n_nationkey)","Workers": [],"Plans": [{"Node Type": "Seq Scan","Parent Relationship": "Outer","Parallel Aware": false,"Async Capable": false,"Relation Name": "supplier","Alias": "supplier","Startup Cost": 0.00,"Total Cost": 322.00,"Plan Rows": 10000,"Plan Width": 8,"Actual Startup Time": 0.035,"Actual Total Time": 4.317,"Actual Rows": 10000,"Actual Loops": 3,"Workers": []},{"Node Type": "Hash","Parent Relationship": "Inner","Parallel Aware": false,"Async Capable": false,"Startup Cost": 1.38,"Total Cost": 1.38,"Plan Rows": 2,"Plan Width": 108,"Actual Startup Time": 0.018,"Actual Total Time": 0.023,"Actual Rows": 2,"Actual Loops": 3,"Hash Buckets": 1024,"Original Hash Buckets": 1024,"Hash Batches": 1,"Original Hash Batches": 1,"Peak Memory Usage": 9,"Workers": [],"Plans": [{"Node Type": "Seq Scan","Parent Relationship": "Outer","Parallel Aware": false,"Async Capable": false,"Relation Name": "nation","Alias": "n1","Startup Cost": 0.00,"Total Cost": 1.38,"Plan Rows": 2,"Plan Width": 108,"Actual Startup Time": 0.007,"Actual Total Time": 0.014,"Actual Rows": 2,"Actual Loops": 3,"Filter": "((n_name = 'ETHIOPIA'::bpchar) OR (n_name = 'SAUDI ARABIA'::bpchar))","Rows Removed by Filter": 23,"Workers": []}]}]}]}]}]}]}]}]},"Planning Time": 8.651,"Triggers": [],"Execution Time": 958.186}]
[{"Plan": {"Node Type": "Aggregate","Strategy": "Sorted","Partial Mode": "Finalize","Parallel Aware": false,"Async Capable": false,"Startup Cost": 72556.41,"Total Cost": 73352.71,"Plan Rows": 5893,"Plan Width": 272,"Actual Startup Time": 913.454,"Actual Total Time": 956.274,"Actual Rows": 4,"Actual Loops": 1,"Group Key": ["n1.n_name", "n2.n_name", "(EXTRACT(year FROM lineitem.l_shipdate))"],"Plans": [{"Node Type": "Gather Merge","Parent Relationship": "Outer","Parallel Aware": false,"Async Capable": false,"Startup Cost": 72556.41,"Total Cost": 73202.94,"Plan Rows": 4910,"Plan Width": 272,"Actual Startup Time": 913.144,"Actual Total Time": 956.212,"Actual Rows": 12,"Actual Loops": 1,"Workers Planned": 2,"Workers Launched": 2,"Plans": [{"Node Type": "Aggregate","Strategy": "Sorted","Partial Mode": "Partial","Parent Relationship": "Outer","Parallel Aware": false,"Async Capable": false,"Startup Cost": 71556.39,"Total Cost": 71636.18,"Plan Rows": 2455,"Plan Width": 272,"Actual Startup Time": 905.173,"Actual Total Time": 905.876,"Actual Rows": 4,"Actual Loops": 3,"Group Key": ["n1.n_name", "n2.n_name", "(EXTRACT(year FROM lineitem.l_shipdate))"],"Workers": [],"Plans": [{"Node Type": "Sort","Parent Relationship": "Outer","Parallel Aware": false,"Async Capable": false,"Startup Cost": 71556.39,"Total Cost": 71562.53,"Plan Rows": 2455,"Plan Width": 252,"Actual Startup Time": 904.899,"Actual Total Time": 905.005,"Actual Rows": 1967,"Actual Loops": 3,"Sort Key": ["n1.n_name", "n2.n_name", "(EXTRACT(year FROM lineitem.l_shipdate))"],"Sort Method": "quicksort","Sort Space Used": 323,"Sort Space Type": "Memory","Workers": [{"Worker Number": 0,"Sort Method": "quicksort","Sort Space Used": 260,"Sort Space Type": "Memory"},{"Worker Number": 1,"Sort Method": "quicksort","Sort Space Used": 256,"Sort Space Type": "Memory"}],"Plans": [{"Node Type": "Hash Join","Parent Relationship": "Outer","Parallel Aware": false,"Async Capable": false,"Join Type": "Inner","Startup Cost": 366.16,"Total Cost": 71418.15,"Plan Rows": 2455,"Plan Width": 252,"Actual Startup Time": 11.897,"Actual Total Time": 903.069,"Actual Rows": 1967,"Actual Loops": 3,"Inner Unique": false,"Hash Cond": "(lineitem.l_suppkey = supplier.s_suppkey)","Join Filter": "(((n1.n_name = 'GERMANY'::bpchar) AND (n2.n_name = 'EGYPT'::bpchar)) OR ((n1.n_name = 'EGYPT'::bpchar) AND (n2.n_name = 'GERMANY'::bpchar)))","Rows Removed by Join Filter": 1936,"Workers": [],"Plans": [{"Node Type": "Nested Loop","Parent Relationship": "Outer","Parallel Aware": false,"Async Capable": false,"Join Type": "Inner","Startup Cost": 2.26,"Total Cost": 70727.78,"Plan Rows": 60250,"Plan Width": 124,"Actual Startup Time": 0.640,"Actual Total Time": 884.824,"Actual Rows": 48453,"Actual Loops": 3,"Inner Unique": false,"Workers": [],"Plans": [{"Node Type": "Nested Loop","Parent Relationship": "Outer","Parallel Aware": false,"Async Capable": false,"Join Type": "Inner","Startup Cost": 1.83,"Total Cost": 12400.01,"Plan Rows": 49000,"Plan Width": 108,"Actual Startup Time": 0.304,"Actual Total Time": 218.990,"Actual Rows": 39612,"Actual Loops": 3,"Inner Unique": false,"Workers": [],"Plans": [{"Node Type": "Hash Join","Parent Relationship": "Outer","Parallel Aware": false,"Async Capable": false,"Join Type": "Inner","Startup Cost": 1.40,"Total Cost": 4403.27,"Plan Rows": 4900,"Plan Width": 108,"Actual Startup Time": 0.165,"Actual Total Time": 42.939,"Actual Rows": 3968,"Actual Loops": 3,"Inner Unique": true,"Hash Cond": "(customer.c_nationkey = n2.n_nationkey)","Workers": [],"Plans": [{"Node Type": "Seq Scan","Parent Relationship": "Outer","Parallel Aware": true,"Async Capable": false,"Relation Name": "customer","Alias": "customer","Startup Cost": 0.00,"Total Cost": 4210.00,"Plan Rows": 62500,"Plan Width": 8,"Actual Startup Time": 0.017,"Actual Total Time": 9.055,"Actual Rows": 50000,"Actual Loops": 3,"Workers": []},{"Node Type": "Hash","Parent Relationship": "Inner","Parallel Aware": false,"Async Capable": false,"Startup Cost": 1.38,"Total Cost": 1.38,"Plan Rows": 2,"Plan Width": 108,"Actual Startup Time": 0.067,"Actual Total Time": 0.073,"Actual Rows": 2,"Actual Loops": 3,"Hash Buckets": 1024,"Original Hash Buckets": 1024,"Hash Batches": 1,"Original Hash Batches": 1,"Peak Memory Usage": 9,"Workers": [],"Plans": [{"Node Type": "Seq Scan","Parent Relationship": "Outer","Parallel Aware": false,"Async Capable": false,"Relation Name": "nation","Alias": "n2","Startup Cost": 0.00,"Total Cost": 1.38,"Plan Rows": 2,"Plan Width": 108,"Actual Startup Time": 0.045,"Actual Total Time": 0.051,"Actual Rows": 2,"Actual Loops": 3,"Filter": "((n_name = 'EGYPT'::bpchar) OR (n_name = 'GERMANY'::bpchar))","Rows Removed by Filter": 23,"Workers": []}]}]},{"Node Type": "Index Scan","Parent Relationship": "Inner","Parallel Aware": false,"Async Capable": false,"Scan Direction": "Forward","Index Name": "idx_orders_custkey","Relation Name": "orders","Alias": "orders","Startup Cost": 0.43,"Total Cost": 1.46,"Plan Rows": 17,"Plan Width": 8,"Actual Startup Time": 0.007,"Actual Total Time": 0.043,"Actual Rows": 10,"Actual Loops": 11903,"Index Cond": "(o_custkey = customer.c_custkey)","Rows Removed by Index Recheck": 0,"Workers": []}]},{"Node Type": "Index Scan","Parent Relationship": "Inner","Parallel Aware": false,"Async Capable": false,"Scan Direction": "Forward","Index Name": "idx_lineitem_orderkey","Relation Name": "lineitem","Alias": "lineitem","Startup Cost": 0.43,"Total Cost": 1.14,"Plan Rows": 5,"Plan Width": 24,"Actual Startup Time": 0.016,"Actual Total Time": 0.017,"Actual Rows": 1,"Actual Loops": 118835,"Index Cond": "(l_orderkey = orders.o_orderkey)","Rows Removed by Index Recheck": 0,"Filter": "((l_shipdate >= '1995-01-01'::date) AND (l_shipdate <= '1996-12-31'::date))","Rows Removed by Filter": 3,"Workers": []}]},{"Node Type": "Hash","Parent Relationship": "Inner","Parallel Aware": false,"Async Capable": false,"Startup Cost": 354.10,"Total Cost": 354.10,"Plan Rows": 784,"Plan Width": 108,"Actual Startup Time": 10.878,"Actual Total Time": 10.893,"Actual Rows": 811,"Actual Loops": 3,"Hash Buckets": 1024,"Original Hash Buckets": 1024,"Hash Batches": 1,"Original Hash Batches": 1,"Peak Memory Usage": 58,"Workers": [],"Plans": [{"Node Type": "Hash Join","Parent Relationship": "Outer","Parallel Aware": false,"Async Capable": false,"Join Type": "Inner","Startup Cost": 1.40,"Total Cost": 354.10,"Plan Rows": 784,"Plan Width": 108,"Actual Startup Time": 0.081,"Actual Total Time": 10.681,"Actual Rows": 811,"Actual Loops": 3,"Inner Unique": true,"Hash Cond": "(supplier.s_nationkey = n1.n_nationkey)","Workers": [],"Plans": [{"Node Type": "Seq Scan","Parent Relationship": "Outer","Parallel Aware": false,"Async Capable": false,"Relation Name": "supplier","Alias": "supplier","Startup Cost": 0.00,"Total Cost": 322.00,"Plan Rows": 10000,"Plan Width": 8,"Actual Startup Time": 0.025,"Actual Total Time": 4.489,"Actual Rows": 10000,"Actual Loops": 3,"Workers": []},{"Node Type": "Hash","Parent Relationship": "Inner","Parallel Aware": false,"Async Capable": false,"Startup Cost": 1.38,"Total Cost": 1.38,"Plan Rows": 2,"Plan Width": 108,"Actual Startup Time": 0.017,"Actual Total Time": 0.023,"Actual Rows": 2,"Actual Loops": 3,"Hash Buckets": 1024,"Original Hash Buckets": 1024,"Hash Batches": 1,"Original Hash Batches": 1,"Peak Memory Usage": 9,"Workers": [],"Plans": [{"Node Type": "Seq Scan","Parent Relationship": "Outer","Parallel Aware": false,"Async Capable": false,"Relation Name": "nation","Alias": "n1","Startup Cost": 0.00,"Total Cost": 1.38,"Plan Rows": 2,"Plan Width": 108,"Actual Startup Time": 0.006,"Actual Total Time": 0.012,"Actual Rows": 2,"Actual Loops": 3,"Filter": "((n_name = 'GERMANY'::bpchar) OR (n_name = 'EGYPT'::bpchar))","Rows Removed by Filter": 23,"Workers": []}]}]}]}]}]}]}]}]},"Planning Time": 8.096,"Triggers": [],"Execution Time": 956.668}]
[{"Plan": {"Node Type": "Aggregate","Strategy": "Sorted","Partial Mode": "Finalize","Parallel Aware": false,"Async Capable": false,"Startup Cost": 72556.41,"Total Cost": 73352.71,"Plan Rows": 5893,"Plan Width": 272,"Actual Startup Time": 911.544,"Actual Total Time": 955.353,"Actual Rows": 4,"Actual Loops": 1,"Group Key": ["n1.n_name", "n2.n_name", "(EXTRACT(year FROM lineitem.l_shipdate))"],"Plans": [{"Node Type": "Gather Merge","Parent Relationship": "Outer","Parallel Aware": false,"Async Capable": false,"Startup Cost": 72556.41,"Total Cost": 73202.94,"Plan Rows": 4910,"Plan Width": 272,"Actual Startup Time": 911.094,"Actual Total Time": 955.286,"Actual Rows": 12,"Actual Loops": 1,"Workers Planned": 2,"Workers Launched": 2,"Plans": [{"Node Type": "Aggregate","Strategy": "Sorted","Partial Mode": "Partial","Parent Relationship": "Outer","Parallel Aware": false,"Async Capable": false,"Startup Cost": 71556.39,"Total Cost": 71636.18,"Plan Rows": 2455,"Plan Width": 272,"Actual Startup Time": 902.995,"Actual Total Time": 903.786,"Actual Rows": 4,"Actual Loops": 3,"Group Key": ["n1.n_name", "n2.n_name", "(EXTRACT(year FROM lineitem.l_shipdate))"],"Workers": [],"Plans": [{"Node Type": "Sort","Parent Relationship": "Outer","Parallel Aware": false,"Async Capable": false,"Startup Cost": 71556.39,"Total Cost": 71562.53,"Plan Rows": 2455,"Plan Width": 252,"Actual Startup Time": 902.707,"Actual Total Time": 902.826,"Actual Rows": 2015,"Actual Loops": 3,"Sort Key": ["n1.n_name", "n2.n_name", "(EXTRACT(year FROM lineitem.l_shipdate))"],"Sort Method": "quicksort","Sort Space Used": 330,"Sort Space Type": "Memory","Workers": [{"Worker Number": 0,"Sort Method": "quicksort","Sort Space Used": 266,"Sort Space Type": "Memory"},{"Worker Number": 1,"Sort Method": "quicksort","Sort Space Used": 259,"Sort Space Type": "Memory"}],"Plans": [{"Node Type": "Hash Join","Parent Relationship": "Outer","Parallel Aware": false,"Async Capable": false,"Join Type": "Inner","Startup Cost": 366.16,"Total Cost": 71418.15,"Plan Rows": 2455,"Plan Width": 252,"Actual Startup Time": 10.878,"Actual Total Time": 900.755,"Actual Rows": 2015,"Actual Loops": 3,"Inner Unique": false,"Hash Cond": "(lineitem.l_suppkey = supplier.s_suppkey)","Join Filter": "(((n1.n_name = 'EGYPT'::bpchar) AND (n2.n_name = 'PERU'::bpchar)) OR ((n1.n_name = 'PERU'::bpchar) AND (n2.n_name = 'EGYPT'::bpchar)))","Rows Removed by Join Filter": 2026,"Workers": [],"Plans": [{"Node Type": "Nested Loop","Parent Relationship": "Outer","Parallel Aware": false,"Async Capable": false,"Join Type": "Inner","Startup Cost": 2.26,"Total Cost": 70727.78,"Plan Rows": 60250,"Plan Width": 124,"Actual Startup Time": 0.957,"Actual Total Time": 883.958,"Actual Rows": 48159,"Actual Loops": 3,"Inner Unique": false,"Workers": [],"Plans": [{"Node Type": "Nested Loop","Parent Relationship": "Outer","Parallel Aware": false,"Async Capable": false,"Join Type": "Inner","Startup Cost": 1.83,"Total Cost": 12400.01,"Plan Rows": 49000,"Plan Width": 108,"Actual Startup Time": 0.302,"Actual Total Time": 219.611,"Actual Rows": 39376,"Actual Loops": 3,"Inner Unique": false,"Workers": [],"Plans": [{"Node Type": "Hash Join","Parent Relationship": "Outer","Parallel Aware": false,"Async Capable": false,"Join Type": "Inner","Startup Cost": 1.40,"Total Cost": 4403.27,"Plan Rows": 4900,"Plan Width": 108,"Actual Startup Time": 0.181,"Actual Total Time": 43.959,"Actual Rows": 3990,"Actual Loops": 3,"Inner Unique": true,"Hash Cond": "(customer.c_nationkey = n2.n_nationkey)","Workers": [],"Plans": [{"Node Type": "Seq Scan","Parent Relationship": "Outer","Parallel Aware": true,"Async Capable": false,"Relation Name": "customer","Alias": "customer","Startup Cost": 0.00,"Total Cost": 4210.00,"Plan Rows": 62500,"Plan Width": 8,"Actual Startup Time": 0.014,"Actual Total Time": 9.111,"Actual Rows": 50000,"Actual Loops": 3,"Workers": []},{"Node Type": "Hash","Parent Relationship": "Inner","Parallel Aware": false,"Async Capable": false,"Startup Cost": 1.38,"Total Cost": 1.38,"Plan Rows": 2,"Plan Width": 108,"Actual Startup Time": 0.076,"Actual Total Time": 0.084,"Actual Rows": 2,"Actual Loops": 3,"Hash Buckets": 1024,"Original Hash Buckets": 1024,"Hash Batches": 1,"Original Hash Batches": 1,"Peak Memory Usage": 9,"Workers": [],"Plans": [{"Node Type": "Seq Scan","Parent Relationship": "Outer","Parallel Aware": false,"Async Capable": false,"Relation Name": "nation","Alias": "n2","Startup Cost": 0.00,"Total Cost": 1.38,"Plan Rows": 2,"Plan Width": 108,"Actual Startup Time": 0.054,"Actual Total Time": 0.064,"Actual Rows": 2,"Actual Loops": 3,"Filter": "((n_name = 'PERU'::bpchar) OR (n_name = 'EGYPT'::bpchar))","Rows Removed by Filter": 23,"Workers": []}]}]},{"Node Type": "Index Scan","Parent Relationship": "Inner","Parallel Aware": false,"Async Capable": false,"Scan Direction": "Forward","Index Name": "idx_orders_custkey","Relation Name": "orders","Alias": "orders","Startup Cost": 0.43,"Total Cost": 1.46,"Plan Rows": 17,"Plan Width": 8,"Actual Startup Time": 0.007,"Actual Total Time": 0.043,"Actual Rows": 10,"Actual Loops": 11970,"Index Cond": "(o_custkey = customer.c_custkey)","Rows Removed by Index Recheck": 0,"Workers": []}]},{"Node Type": "Index Scan","Parent Relationship": "Inner","Parallel Aware": false,"Async Capable": false,"Scan Direction": "Forward","Index Name": "idx_lineitem_orderkey","Relation Name": "lineitem","Alias": "lineitem","Startup Cost": 0.43,"Total Cost": 1.14,"Plan Rows": 5,"Plan Width": 24,"Actual Startup Time": 0.016,"Actual Total Time": 0.017,"Actual Rows": 1,"Actual Loops": 118129,"Index Cond": "(l_orderkey = orders.o_orderkey)","Rows Removed by Index Recheck": 0,"Filter": "((l_shipdate >= '1995-01-01'::date) AND (l_shipdate <= '1996-12-31'::date))","Rows Removed by Filter": 3,"Workers": []}]},{"Node Type": "Hash","Parent Relationship": "Inner","Parallel Aware": false,"Async Capable": false,"Startup Cost": 354.10,"Total Cost": 354.10,"Plan Rows": 784,"Plan Width": 108,"Actual Startup Time": 9.464,"Actual Total Time": 9.480,"Actual Rows": 836,"Actual Loops": 3,"Hash Buckets": 1024,"Original Hash Buckets": 1024,"Hash Batches": 1,"Original Hash Batches": 1,"Peak Memory Usage": 59,"Workers": [],"Plans": [{"Node Type": "Hash Join","Parent Relationship": "Outer","Parallel Aware": false,"Async Capable": false,"Join Type": "Inner","Startup Cost": 1.40,"Total Cost": 354.10,"Plan Rows": 784,"Plan Width": 108,"Actual Startup Time": 0.076,"Actual Total Time": 9.295,"Actual Rows": 836,"Actual Loops": 3,"Inner Unique": true,"Hash Cond": "(supplier.s_nationkey = n1.n_nationkey)","Workers": [],"Plans": [{"Node Type": "Seq Scan","Parent Relationship": "Outer","Parallel Aware": false,"Async Capable": false,"Relation Name": "supplier","Alias": "supplier","Startup Cost": 0.00,"Total Cost": 322.00,"Plan Rows": 10000,"Plan Width": 8,"Actual Startup Time": 0.034,"Actual Total Time": 3.706,"Actual Rows": 10000,"Actual Loops": 3,"Workers": []},{"Node Type": "Hash","Parent Relationship": "Inner","Parallel Aware": false,"Async Capable": false,"Startup Cost": 1.38,"Total Cost": 1.38,"Plan Rows": 2,"Plan Width": 108,"Actual Startup Time": 0.014,"Actual Total Time": 0.021,"Actual Rows": 2,"Actual Loops": 3,"Hash Buckets": 1024,"Original Hash Buckets": 1024,"Hash Batches": 1,"Original Hash Batches": 1,"Peak Memory Usage": 9,"Workers": [],"Plans": [{"Node Type": "Seq Scan","Parent Relationship": "Outer","Parallel Aware": false,"Async Capable": false,"Relation Name": "nation","Alias": "n1","Startup Cost": 0.00,"Total Cost": 1.38,"Plan Rows": 2,"Plan Width": 108,"Actual Startup Time": 0.005,"Actual Total Time": 0.011,"Actual Rows": 2,"Actual Loops": 3,"Filter": "((n_name = 'EGYPT'::bpchar) OR (n_name = 'PERU'::bpchar))","Rows Removed by Filter": 23,"Workers": []}]}]}]}]}]}]}]}]},"Planning Time": 9.032,"Triggers": [],"Execution Time": 955.748}]
[{"Plan": {"Node Type": "Aggregate","Strategy": "Sorted","Partial Mode": "Finalize","Parallel Aware": false,"Async Capable": false,"Startup Cost": 72556.41,"Total Cost": 73352.71,"Plan Rows": 5893,"Plan Width": 272,"Actual Startup Time": 937.002,"Actual Total Time": 989.083,"Actual Rows": 4,"Actual Loops": 1,"Group Key": ["n1.n_name", "n2.n_name", "(EXTRACT(year FROM lineitem.l_shipdate))"],"Plans": [{"Node Type": "Gather Merge","Parent Relationship": "Outer","Parallel Aware": false,"Async Capable": false,"Startup Cost": 72556.41,"Total Cost": 73202.94,"Plan Rows": 4910,"Plan Width": 272,"Actual Startup Time": 936.189,"Actual Total Time": 989.008,"Actual Rows": 12,"Actual Loops": 1,"Workers Planned": 2,"Workers Launched": 2,"Plans": [{"Node Type": "Aggregate","Strategy": "Sorted","Partial Mode": "Partial","Parent Relationship": "Outer","Parallel Aware": false,"Async Capable": false,"Startup Cost": 71556.39,"Total Cost": 71636.18,"Plan Rows": 2455,"Plan Width": 272,"Actual Startup Time": 927.713,"Actual Total Time": 928.612,"Actual Rows": 4,"Actual Loops": 3,"Group Key": ["n1.n_name", "n2.n_name", "(EXTRACT(year FROM lineitem.l_shipdate))"],"Workers": [],"Plans": [{"Node Type": "Sort","Parent Relationship": "Outer","Parallel Aware": false,"Async Capable": false,"Startup Cost": 71556.39,"Total Cost": 71562.53,"Plan Rows": 2455,"Plan Width": 252,"Actual Startup Time": 927.442,"Actual Total Time": 927.570,"Actual Rows": 2023,"Actual Loops": 3,"Sort Key": ["n1.n_name", "n2.n_name", "(EXTRACT(year FROM lineitem.l_shipdate))"],"Sort Method": "quicksort","Sort Space Used": 265,"Sort Space Type": "Memory","Workers": [{"Worker Number": 0,"Sort Method": "quicksort","Sort Space Used": 324,"Sort Space Type": "Memory"},{"Worker Number": 1,"Sort Method": "quicksort","Sort Space Used": 268,"Sort Space Type": "Memory"}],"Plans": [{"Node Type": "Hash Join","Parent Relationship": "Outer","Parallel Aware": false,"Async Capable": false,"Join Type": "Inner","Startup Cost": 366.16,"Total Cost": 71418.15,"Plan Rows": 2455,"Plan Width": 252,"Actual Startup Time": 9.986,"Actual Total Time": 925.537,"Actual Rows": 2023,"Actual Loops": 3,"Inner Unique": false,"Hash Cond": "(lineitem.l_suppkey = supplier.s_suppkey)","Join Filter": "(((n1.n_name = 'INDIA'::bpchar) AND (n2.n_name = 'INDONESIA'::bpchar)) OR ((n1.n_name = 'INDONESIA'::bpchar) AND (n2.n_name = 'INDIA'::bpchar)))","Rows Removed by Join Filter": 2040,"Workers": [],"Plans": [{"Node Type": "Nested Loop","Parent Relationship": "Outer","Parallel Aware": false,"Async Capable": false,"Join Type": "Inner","Startup Cost": 2.26,"Total Cost": 70727.78,"Plan Rows": 60250,"Plan Width": 124,"Actual Startup Time": 0.672,"Actual Total Time": 910.002,"Actual Rows": 49273,"Actual Loops": 3,"Inner Unique": false,"Workers": [],"Plans": [{"Node Type": "Nested Loop","Parent Relationship": "Outer","Parallel Aware": false,"Async Capable": false,"Join Type": "Inner","Startup Cost": 1.83,"Total Cost": 12400.01,"Plan Rows": 49000,"Plan Width": 108,"Actual Startup Time": 0.352,"Actual Total Time": 228.681,"Actual Rows": 40401,"Actual Loops": 3,"Inner Unique": false,"Workers": [],"Plans": [{"Node Type": "Hash Join","Parent Relationship": "Outer","Parallel Aware": false,"Async Capable": false,"Join Type": "Inner","Startup Cost": 1.40,"Total Cost": 4403.27,"Plan Rows": 4900,"Plan Width": 108,"Actual Startup Time": 0.202,"Actual Total Time": 47.261,"Actual Rows": 4068,"Actual Loops": 3,"Inner Unique": true,"Hash Cond": "(customer.c_nationkey = n2.n_nationkey)","Workers": [],"Plans": [{"Node Type": "Seq Scan","Parent Relationship": "Outer","Parallel Aware": true,"Async Capable": false,"Relation Name": "customer","Alias": "customer","Startup Cost": 0.00,"Total Cost": 4210.00,"Plan Rows": 62500,"Plan Width": 8,"Actual Startup Time": 0.015,"Actual Total Time": 9.647,"Actual Rows": 50000,"Actual Loops": 3,"Workers": []},{"Node Type": "Hash","Parent Relationship": "Inner","Parallel Aware": false,"Async Capable": false,"Startup Cost": 1.38,"Total Cost": 1.38,"Plan Rows": 2,"Plan Width": 108,"Actual Startup Time": 0.093,"Actual Total Time": 0.099,"Actual Rows": 2,"Actual Loops": 3,"Hash Buckets": 1024,"Original Hash Buckets": 1024,"Hash Batches": 1,"Original Hash Batches": 1,"Peak Memory Usage": 9,"Workers": [],"Plans": [{"Node Type": "Seq Scan","Parent Relationship": "Outer","Parallel Aware": false,"Async Capable": false,"Relation Name": "nation","Alias": "n2","Startup Cost": 0.00,"Total Cost": 1.38,"Plan Rows": 2,"Plan Width": 108,"Actual Startup Time": 0.068,"Actual Total Time": 0.075,"Actual Rows": 2,"Actual Loops": 3,"Filter": "((n_name = 'INDONESIA'::bpchar) OR (n_name = 'INDIA'::bpchar))","Rows Removed by Filter": 23,"Workers": []}]}]},{"Node Type": "Index Scan","Parent Relationship": "Inner","Parallel Aware": false,"Async Capable": false,"Scan Direction": "Forward","Index Name": "idx_orders_custkey","Relation Name": "orders","Alias": "orders","Startup Cost": 0.43,"Total Cost": 1.46,"Plan Rows": 17,"Plan Width": 8,"Actual Startup Time": 0.007,"Actual Total Time": 0.043,"Actual Rows": 10,"Actual Loops": 12203,"Index Cond": "(o_custkey = customer.c_custkey)","Rows Removed by Index Recheck": 0,"Workers": []}]},{"Node Type": "Index Scan","Parent Relationship": "Inner","Parallel Aware": false,"Async Capable": false,"Scan Direction": "Forward","Index Name": "idx_lineitem_orderkey","Relation Name": "lineitem","Alias": "lineitem","Startup Cost": 0.43,"Total Cost": 1.14,"Plan Rows": 5,"Plan Width": 24,"Actual Startup Time": 0.016,"Actual Total Time": 0.017,"Actual Rows": 1,"Actual Loops": 121204,"Index Cond": "(l_orderkey = orders.o_orderkey)","Rows Removed by Index Recheck": 0,"Filter": "((l_shipdate >= '1995-01-01'::date) AND (l_shipdate <= '1996-12-31'::date))","Rows Removed by Filter": 3,"Workers": []}]},{"Node Type": "Hash","Parent Relationship": "Inner","Parallel Aware": false,"Async Capable": false,"Startup Cost": 354.10,"Total Cost": 354.10,"Plan Rows": 784,"Plan Width": 108,"Actual Startup Time": 8.098,"Actual Total Time": 8.113,"Actual Rows": 820,"Actual Loops": 3,"Hash Buckets": 1024,"Original Hash Buckets": 1024,"Hash Batches": 1,"Original Hash Batches": 1,"Peak Memory Usage": 58,"Workers": [],"Plans": [{"Node Type": "Hash Join","Parent Relationship": "Outer","Parallel Aware": false,"Async Capable": false,"Join Type": "Inner","Startup Cost": 1.40,"Total Cost": 354.10,"Plan Rows": 784,"Plan Width": 108,"Actual Startup Time": 0.092,"Actual Total Time": 7.888,"Actual Rows": 820,"Actual Loops": 3,"Inner Unique": true,"Hash Cond": "(supplier.s_nationkey = n1.n_nationkey)","Workers": [],"Plans": [{"Node Type": "Seq Scan","Parent Relationship": "Outer","Parallel Aware": false,"Async Capable": false,"Relation Name": "supplier","Alias": "supplier","Startup Cost": 0.00,"Total Cost": 322.00,"Plan Rows": 10000,"Plan Width": 8,"Actual Startup Time": 0.038,"Actual Total Time": 4.269,"Actual Rows": 10000,"Actual Loops": 3,"Workers": []},{"Node Type": "Hash","Parent Relationship": "Inner","Parallel Aware": false,"Async Capable": false,"Startup Cost": 1.38,"Total Cost": 1.38,"Plan Rows": 2,"Plan Width": 108,"Actual Startup Time": 0.020,"Actual Total Time": 0.026,"Actual Rows": 2,"Actual Loops": 3,"Hash Buckets": 1024,"Original Hash Buckets": 1024,"Hash Batches": 1,"Original Hash Batches": 1,"Peak Memory Usage": 9,"Workers": [],"Plans": [{"Node Type": "Seq Scan","Parent Relationship": "Outer","Parallel Aware": false,"Async Capable": false,"Relation Name": "nation","Alias": "n1","Startup Cost": 0.00,"Total Cost": 1.38,"Plan Rows": 2,"Plan Width": 108,"Actual Startup Time": 0.008,"Actual Total Time": 0.015,"Actual Rows": 2,"Actual Loops": 3,"Filter": "((n_name = 'INDIA'::bpchar) OR (n_name = 'INDONESIA'::bpchar))","Rows Removed by Filter": 23,"Workers": []}]}]}]}]}]}]}]}]},"Planning Time": 8.261,"Triggers": [],"Execution Time": 989.506}]
[{"Plan": {"Node Type": "Aggregate","Strategy": "Sorted","Partial Mode": "Finalize","Parallel Aware": false,"Async Capable": false,"Startup Cost": 72556.41,"Total Cost": 73352.71,"Plan Rows": 5893,"Plan Width": 272,"Actual Startup Time": 918.685,"Actual Total Time": 974.638,"Actual Rows": 4,"Actual Loops": 1,"Group Key": ["n1.n_name", "n2.n_name", "(EXTRACT(year FROM lineitem.l_shipdate))"],"Plans": [{"Node Type": "Gather Merge","Parent Relationship": "Outer","Parallel Aware": false,"Async Capable": false,"Startup Cost": 72556.41,"Total Cost": 73202.94,"Plan Rows": 4910,"Plan Width": 272,"Actual Startup Time": 918.339,"Actual Total Time": 974.517,"Actual Rows": 12,"Actual Loops": 1,"Workers Planned": 2,"Workers Launched": 2,"Plans": [{"Node Type": "Aggregate","Strategy": "Sorted","Partial Mode": "Partial","Parent Relationship": "Outer","Parallel Aware": false,"Async Capable": false,"Startup Cost": 71556.39,"Total Cost": 71636.18,"Plan Rows": 2455,"Plan Width": 272,"Actual Startup Time": 909.982,"Actual Total Time": 910.688,"Actual Rows": 4,"Actual Loops": 3,"Group Key": ["n1.n_name", "n2.n_name", "(EXTRACT(year FROM lineitem.l_shipdate))"],"Workers": [],"Plans": [{"Node Type": "Sort","Parent Relationship": "Outer","Parallel Aware": false,"Async Capable": false,"Startup Cost": 71556.39,"Total Cost": 71562.53,"Plan Rows": 2455,"Plan Width": 252,"Actual Startup Time": 909.711,"Actual Total Time": 909.822,"Actual Rows": 2028,"Actual Loops": 3,"Sort Key": ["n1.n_name", "n2.n_name", "(EXTRACT(year FROM lineitem.l_shipdate))"],"Sort Method": "quicksort","Sort Space Used": 268,"Sort Space Type": "Memory","Workers": [{"Worker Number": 0,"Sort Method": "quicksort","Sort Space Used": 271,"Sort Space Type": "Memory"},{"Worker Number": 1,"Sort Method": "quicksort","Sort Space Used": 272,"Sort Space Type": "Memory"}],"Plans": [{"Node Type": "Hash Join","Parent Relationship": "Outer","Parallel Aware": false,"Async Capable": false,"Join Type": "Inner","Startup Cost": 366.16,"Total Cost": 71418.15,"Plan Rows": 2455,"Plan Width": 252,"Actual Startup Time": 8.415,"Actual Total Time": 907.946,"Actual Rows": 2028,"Actual Loops": 3,"Inner Unique": false,"Hash Cond": "(lineitem.l_suppkey = supplier.s_suppkey)","Join Filter": "(((n1.n_name = 'ARGENTINA'::bpchar) AND (n2.n_name = 'EGYPT'::bpchar)) OR ((n1.n_name = 'EGYPT'::bpchar) AND (n2.n_name = 'ARGENTINA'::bpchar)))","Rows Removed by Join Filter": 1975,"Workers": [],"Plans": [{"Node Type": "Nested Loop","Parent Relationship": "Outer","Parallel Aware": false,"Async Capable": false,"Join Type": "Inner","Startup Cost": 2.26,"Total Cost": 70727.78,"Plan Rows": 60250,"Plan Width": 124,"Actual Startup Time": 0.543,"Actual Total Time": 893.480,"Actual Rows": 48444,"Actual Loops": 3,"Inner Unique": false,"Workers": [],"Plans": [{"Node Type": "Nested Loop","Parent Relationship": "Outer","Parallel Aware": false,"Async Capable": false,"Join Type": "Inner","Startup Cost": 1.83,"Total Cost": 12400.01,"Plan Rows": 49000,"Plan Width": 108,"Actual Startup Time": 0.223,"Actual Total Time": 225.148,"Actual Rows": 39553,"Actual Loops": 3,"Inner Unique": false,"Workers": [],"Plans": [{"Node Type": "Hash Join","Parent Relationship": "Outer","Parallel Aware": false,"Async Capable": false,"Join Type": "Inner","Startup Cost": 1.40,"Total Cost": 4403.27,"Plan Rows": 4900,"Plan Width": 108,"Actual Startup Time": 0.140,"Actual Total Time": 46.525,"Actual Rows": 3990,"Actual Loops": 3,"Inner Unique": true,"Hash Cond": "(customer.c_nationkey = n2.n_nationkey)","Workers": [],"Plans": [{"Node Type": "Seq Scan","Parent Relationship": "Outer","Parallel Aware": true,"Async Capable": false,"Relation Name": "customer","Alias": "customer","Startup Cost": 0.00,"Total Cost": 4210.00,"Plan Rows": 62500,"Plan Width": 8,"Actual Startup Time": 0.010,"Actual Total Time": 9.551,"Actual Rows": 50000,"Actual Loops": 3,"Workers": []},{"Node Type": "Hash","Parent Relationship": "Inner","Parallel Aware": false,"Async Capable": false,"Startup Cost": 1.38,"Total Cost": 1.38,"Plan Rows": 2,"Plan Width": 108,"Actual Startup Time": 0.059,"Actual Total Time": 0.066,"Actual Rows": 2,"Actual Loops": 3,"Hash Buckets": 1024,"Original Hash Buckets": 1024,"Hash Batches": 1,"Original Hash Batches": 1,"Peak Memory Usage": 9,"Workers": [],"Plans": [{"Node Type": "Seq Scan","Parent Relationship": "Outer","Parallel Aware": false,"Async Capable": false,"Relation Name": "nation","Alias": "n2","Startup Cost": 0.00,"Total Cost": 1.38,"Plan Rows": 2,"Plan Width": 108,"Actual Startup Time": 0.040,"Actual Total Time": 0.046,"Actual Rows": 2,"Actual Loops": 3,"Filter": "((n_name = 'EGYPT'::bpchar) OR (n_name = 'ARGENTINA'::bpchar))","Rows Removed by Filter": 23,"Workers": []}]}]},{"Node Type": "Index Scan","Parent Relationship": "Inner","Parallel Aware": false,"Async Capable": false,"Scan Direction": "Forward","Index Name": "idx_orders_custkey","Relation Name": "orders","Alias": "orders","Startup Cost": 0.43,"Total Cost": 1.46,"Plan Rows": 17,"Plan Width": 8,"Actual Startup Time": 0.007,"Actual Total Time": 0.043,"Actual Rows": 10,"Actual Loops": 11970,"Index Cond": "(o_custkey = customer.c_custkey)","Rows Removed by Index Recheck": 0,"Workers": []}]},{"Node Type": "Index Scan","Parent Relationship": "Inner","Parallel Aware": false,"Async Capable": false,"Scan Direction": "Forward","Index Name": "idx_lineitem_orderkey","Relation Name": "lineitem","Alias": "lineitem","Startup Cost": 0.43,"Total Cost": 1.14,"Plan Rows": 5,"Plan Width": 24,"Actual Startup Time": 0.016,"Actual Total Time": 0.017,"Actual Rows": 1,"Actual Loops": 118658,"Index Cond": "(l_orderkey = orders.o_orderkey)","Rows Removed by Index Recheck": 0,"Filter": "((l_shipdate >= '1995-01-01'::date) AND (l_shipdate <= '1996-12-31'::date))","Rows Removed by Filter": 3,"Workers": []}]},{"Node Type": "Hash","Parent Relationship": "Inner","Parallel Aware": false,"Async Capable": false,"Startup Cost": 354.10,"Total Cost": 354.10,"Plan Rows": 784,"Plan Width": 108,"Actual Startup Time": 7.145,"Actual Total Time": 7.162,"Actual Rows": 828,"Actual Loops": 3,"Hash Buckets": 1024,"Original Hash Buckets": 1024,"Hash Batches": 1,"Original Hash Batches": 1,"Peak Memory Usage": 59,"Workers": [],"Plans": [{"Node Type": "Hash Join","Parent Relationship": "Outer","Parallel Aware": false,"Async Capable": false,"Join Type": "Inner","Startup Cost": 1.40,"Total Cost": 354.10,"Plan Rows": 784,"Plan Width": 108,"Actual Startup Time": 0.059,"Actual Total Time": 6.958,"Actual Rows": 828,"Actual Loops": 3,"Inner Unique": true,"Hash Cond": "(supplier.s_nationkey = n1.n_nationkey)","Workers": [],"Plans": [{"Node Type": "Seq Scan","Parent Relationship": "Outer","Parallel Aware": false,"Async Capable": false,"Relation Name": "supplier","Alias": "supplier","Startup Cost": 0.00,"Total Cost": 322.00,"Plan Rows": 10000,"Plan Width": 8,"Actual Startup Time": 0.020,"Actual Total Time": 3.746,"Actual Rows": 10000,"Actual Loops": 3,"Workers": []},{"Node Type": "Hash","Parent Relationship": "Inner","Parallel Aware": false,"Async Capable": false,"Startup Cost": 1.38,"Total Cost": 1.38,"Plan Rows": 2,"Plan Width": 108,"Actual Startup Time": 0.013,"Actual Total Time": 0.019,"Actual Rows": 2,"Actual Loops": 3,"Hash Buckets": 1024,"Original Hash Buckets": 1024,"Hash Batches": 1,"Original Hash Batches": 1,"Peak Memory Usage": 9,"Workers": [],"Plans": [{"Node Type": "Seq Scan","Parent Relationship": "Outer","Parallel Aware": false,"Async Capable": false,"Relation Name": "nation","Alias": "n1","Startup Cost": 0.00,"Total Cost": 1.38,"Plan Rows": 2,"Plan Width": 108,"Actual Startup Time": 0.004,"Actual Total Time": 0.010,"Actual Rows": 2,"Actual Loops": 3,"Filter": "((n_name = 'ARGENTINA'::bpchar) OR (n_name = 'EGYPT'::bpchar))","Rows Removed by Filter": 23,"Workers": []}]}]}]}]}]}]}]}]},"Planning Time": 9.604,"Triggers": [],"Execution Time": 975.055}]
[{"Plan": {"Node Type": "Aggregate","Strategy": "Sorted","Partial Mode": "Finalize","Parallel Aware": false,"Async Capable": false,"Startup Cost": 72556.41,"Total Cost": 73352.71,"Plan Rows": 5893,"Plan Width": 272,"Actual Startup Time": 918.729,"Actual Total Time": 961.833,"Actual Rows": 4,"Actual Loops": 1,"Group Key": ["n1.n_name", "n2.n_name", "(EXTRACT(year FROM lineitem.l_shipdate))"],"Plans": [{"Node Type": "Gather Merge","Parent Relationship": "Outer","Parallel Aware": false,"Async Capable": false,"Startup Cost": 72556.41,"Total Cost": 73202.94,"Plan Rows": 4910,"Plan Width": 272,"Actual Startup Time": 918.006,"Actual Total Time": 961.745,"Actual Rows": 12,"Actual Loops": 1,"Workers Planned": 2,"Workers Launched": 2,"Plans": [{"Node Type": "Aggregate","Strategy": "Sorted","Partial Mode": "Partial","Parent Relationship": "Outer","Parallel Aware": false,"Async Capable": false,"Startup Cost": 71556.39,"Total Cost": 71636.18,"Plan Rows": 2455,"Plan Width": 272,"Actual Startup Time": 910.364,"Actual Total Time": 911.241,"Actual Rows": 4,"Actual Loops": 3,"Group Key": ["n1.n_name", "n2.n_name", "(EXTRACT(year FROM lineitem.l_shipdate))"],"Workers": [],"Plans": [{"Node Type": "Sort","Parent Relationship": "Outer","Parallel Aware": false,"Async Capable": false,"Startup Cost": 71556.39,"Total Cost": 71562.53,"Plan Rows": 2455,"Plan Width": 252,"Actual Startup Time": 910.111,"Actual Total Time": 910.237,"Actual Rows": 1862,"Actual Loops": 3,"Sort Key": ["n1.n_name", "n2.n_name", "(EXTRACT(year FROM lineitem.l_shipdate))"],"Sort Method": "quicksort","Sort Space Used": 258,"Sort Space Type": "Memory","Workers": [{"Worker Number": 0,"Sort Method": "quicksort","Sort Space Used": 247,"Sort Space Type": "Memory"},{"Worker Number": 1,"Sort Method": "quicksort","Sort Space Used": 252,"Sort Space Type": "Memory"}],"Plans": [{"Node Type": "Hash Join","Parent Relationship": "Outer","Parallel Aware": false,"Async Capable": false,"Join Type": "Inner","Startup Cost": 366.16,"Total Cost": 71418.15,"Plan Rows": 2455,"Plan Width": 252,"Actual Startup Time": 13.877,"Actual Total Time": 908.442,"Actual Rows": 1862,"Actual Loops": 3,"Inner Unique": false,"Hash Cond": "(lineitem.l_suppkey = supplier.s_suppkey)","Join Filter": "(((n1.n_name = 'VIETNAM'::bpchar) AND (n2.n_name = 'KENYA'::bpchar)) OR ((n1.n_name = 'KENYA'::bpchar) AND (n2.n_name = 'VIETNAM'::bpchar)))","Rows Removed by Join Filter": 1846,"Workers": [],"Plans": [{"Node Type": "Nested Loop","Parent Relationship": "Outer","Parallel Aware": false,"Async Capable": false,"Join Type": "Inner","Startup Cost": 2.26,"Total Cost": 70727.78,"Plan Rows": 60250,"Plan Width": 124,"Actual Startup Time": 0.546,"Actual Total Time": 890.142,"Actual Rows": 48332,"Actual Loops": 3,"Inner Unique": false,"Workers": [],"Plans": [{"Node Type": "Nested Loop","Parent Relationship": "Outer","Parallel Aware": false,"Async Capable": false,"Join Type": "Inner","Startup Cost": 1.83,"Total Cost": 12400.01,"Plan Rows": 49000,"Plan Width": 108,"Actual Startup Time": 0.335,"Actual Total Time": 221.822,"Actual Rows": 39762,"Actual Loops": 3,"Inner Unique": false,"Workers": [],"Plans": [{"Node Type": "Hash Join","Parent Relationship": "Outer","Parallel Aware": false,"Async Capable": false,"Join Type": "Inner","Startup Cost": 1.40,"Total Cost": 4403.27,"Plan Rows": 4900,"Plan Width": 108,"Actual Startup Time": 0.187,"Actual Total Time": 44.953,"Actual Rows": 4000,"Actual Loops": 3,"Inner Unique": true,"Hash Cond": "(customer.c_nationkey = n2.n_nationkey)","Workers": [],"Plans": [{"Node Type": "Seq Scan","Parent Relationship": "Outer","Parallel Aware": true,"Async Capable": false,"Relation Name": "customer","Alias": "customer","Startup Cost": 0.00,"Total Cost": 4210.00,"Plan Rows": 62500,"Plan Width": 8,"Actual Startup Time": 0.012,"Actual Total Time": 9.122,"Actual Rows": 50000,"Actual Loops": 3,"Workers": []},{"Node Type": "Hash","Parent Relationship": "Inner","Parallel Aware": false,"Async Capable": false,"Startup Cost": 1.38,"Total Cost": 1.38,"Plan Rows": 2,"Plan Width": 108,"Actual Startup Time": 0.073,"Actual Total Time": 0.080,"Actual Rows": 2,"Actual Loops": 3,"Hash Buckets": 1024,"Original Hash Buckets": 1024,"Hash Batches": 1,"Original Hash Batches": 1,"Peak Memory Usage": 9,"Workers": [],"Plans": [{"Node Type": "Seq Scan","Parent Relationship": "Outer","Parallel Aware": false,"Async Capable": false,"Relation Name": "nation","Alias": "n2","Startup Cost": 0.00,"Total Cost": 1.38,"Plan Rows": 2,"Plan Width": 108,"Actual Startup Time": 0.058,"Actual Total Time": 0.063,"Actual Rows": 2,"Actual Loops": 3,"Filter": "((n_name = 'KENYA'::bpchar) OR (n_name = 'VIETNAM'::bpchar))","Rows Removed by Filter": 23,"Workers": []}]}]},{"Node Type": "Index Scan","Parent Relationship": "Inner","Parallel Aware": false,"Async Capable": false,"Scan Direction": "Forward","Index Name": "idx_orders_custkey","Relation Name": "orders","Alias": "orders","Startup Cost": 0.43,"Total Cost": 1.46,"Plan Rows": 17,"Plan Width": 8,"Actual Startup Time": 0.007,"Actual Total Time": 0.043,"Actual Rows": 10,"Actual Loops": 12000,"Index Cond": "(o_custkey = customer.c_custkey)","Rows Removed by Index Recheck": 0,"Workers": []}]},{"Node Type": "Index Scan","Parent Relationship": "Inner","Parallel Aware": false,"Async Capable": false,"Scan Direction": "Forward","Index Name": "idx_lineitem_orderkey","Relation Name": "lineitem","Alias": "lineitem","Startup Cost": 0.43,"Total Cost": 1.14,"Plan Rows": 5,"Plan Width": 24,"Actual Startup Time": 0.016,"Actual Total Time": 0.017,"Actual Rows": 1,"Actual Loops": 119287,"Index Cond": "(l_orderkey = orders.o_orderkey)","Rows Removed by Index Recheck": 0,"Filter": "((l_shipdate >= '1995-01-01'::date) AND (l_shipdate <= '1996-12-31'::date))","Rows Removed by Filter": 3,"Workers": []}]},{"Node Type": "Hash","Parent Relationship": "Inner","Parallel Aware": false,"Async Capable": false,"Startup Cost": 354.10,"Total Cost": 354.10,"Plan Rows": 784,"Plan Width": 108,"Actual Startup Time": 11.324,"Actual Total Time": 11.342,"Actual Rows": 775,"Actual Loops": 3,"Hash Buckets": 1024,"Original Hash Buckets": 1024,"Hash Batches": 1,"Original Hash Batches": 1,"Peak Memory Usage": 55,"Workers": [],"Plans": [{"Node Type": "Hash Join","Parent Relationship": "Outer","Parallel Aware": false,"Async Capable": false,"Join Type": "Inner","Startup Cost": 1.40,"Total Cost": 354.10,"Plan Rows": 784,"Plan Width": 108,"Actual Startup Time": 0.075,"Actual Total Time": 11.143,"Actual Rows": 775,"Actual Loops": 3,"Inner Unique": true,"Hash Cond": "(supplier.s_nationkey = n1.n_nationkey)","Workers": [],"Plans": [{"Node Type": "Seq Scan","Parent Relationship": "Outer","Parallel Aware": false,"Async Capable": false,"Relation Name": "supplier","Alias": "supplier","Startup Cost": 0.00,"Total Cost": 322.00,"Plan Rows": 10000,"Plan Width": 8,"Actual Startup Time": 0.027,"Actual Total Time": 4.618,"Actual Rows": 10000,"Actual Loops": 3,"Workers": []},{"Node Type": "Hash","Parent Relationship": "Inner","Parallel Aware": false,"Async Capable": false,"Startup Cost": 1.38,"Total Cost": 1.38,"Plan Rows": 2,"Plan Width": 108,"Actual Startup Time": 0.015,"Actual Total Time": 0.021,"Actual Rows": 2,"Actual Loops": 3,"Hash Buckets": 1024,"Original Hash Buckets": 1024,"Hash Batches": 1,"Original Hash Batches": 1,"Peak Memory Usage": 9,"Workers": [],"Plans": [{"Node Type": "Seq Scan","Parent Relationship": "Outer","Parallel Aware": false,"Async Capable": false,"Relation Name": "nation","Alias": "n1","Startup Cost": 0.00,"Total Cost": 1.38,"Plan Rows": 2,"Plan Width": 108,"Actual Startup Time": 0.007,"Actual Total Time": 0.012,"Actual Rows": 2,"Actual Loops": 3,"Filter": "((n_name = 'VIETNAM'::bpchar) OR (n_name = 'KENYA'::bpchar))","Rows Removed by Filter": 23,"Workers": []}]}]}]}]}]}]}]}]},"Planning Time": 8.027,"Triggers": [],"Execution Time": 962.253}]
[{"Plan": {"Node Type": "Aggregate","Strategy": "Sorted","Partial Mode": "Finalize","Parallel Aware": false,"Async Capable": false,"Startup Cost": 72556.41,"Total Cost": 73352.71,"Plan Rows": 5893,"Plan Width": 272,"Actual Startup Time": 904.157,"Actual Total Time": 948.928,"Actual Rows": 4,"Actual Loops": 1,"Group Key": ["n1.n_name", "n2.n_name", "(EXTRACT(year FROM lineitem.l_shipdate))"],"Plans": [{"Node Type": "Gather Merge","Parent Relationship": "Outer","Parallel Aware": false,"Async Capable": false,"Startup Cost": 72556.41,"Total Cost": 73202.94,"Plan Rows": 4910,"Plan Width": 272,"Actual Startup Time": 903.863,"Actual Total Time": 948.860,"Actual Rows": 12,"Actual Loops": 1,"Workers Planned": 2,"Workers Launched": 2,"Plans": [{"Node Type": "Aggregate","Strategy": "Sorted","Partial Mode": "Partial","Parent Relationship": "Outer","Parallel Aware": false,"Async Capable": false,"Startup Cost": 71556.39,"Total Cost": 71636.18,"Plan Rows": 2455,"Plan Width": 272,"Actual Startup Time": 896.106,"Actual Total Time": 896.783,"Actual Rows": 4,"Actual Loops": 3,"Group Key": ["n1.n_name", "n2.n_name", "(EXTRACT(year FROM lineitem.l_shipdate))"],"Workers": [],"Plans": [{"Node Type": "Sort","Parent Relationship": "Outer","Parallel Aware": false,"Async Capable": false,"Startup Cost": 71556.39,"Total Cost": 71562.53,"Plan Rows": 2455,"Plan Width": 252,"Actual Startup Time": 895.833,"Actual Total Time": 895.938,"Actual Rows": 1877,"Actual Loops": 3,"Sort Key": ["n1.n_name", "n2.n_name", "(EXTRACT(year FROM lineitem.l_shipdate))"],"Sort Method": "quicksort","Sort Space Used": 251,"Sort Space Type": "Memory","Workers": [{"Worker Number": 0,"Sort Method": "quicksort","Sort Space Used": 254,"Sort Space Type": "Memory"},{"Worker Number": 1,"Sort Method": "quicksort","Sort Space Used": 256,"Sort Space Type": "Memory"}],"Plans": [{"Node Type": "Hash Join","Parent Relationship": "Outer","Parallel Aware": false,"Async Capable": false,"Join Type": "Inner","Startup Cost": 366.16,"Total Cost": 71418.15,"Plan Rows": 2455,"Plan Width": 252,"Actual Startup Time": 9.722,"Actual Total Time": 894.079,"Actual Rows": 1877,"Actual Loops": 3,"Inner Unique": false,"Hash Cond": "(lineitem.l_suppkey = supplier.s_suppkey)","Join Filter": "(((n1.n_name = 'KENYA'::bpchar) AND (n2.n_name = 'EGYPT'::bpchar)) OR ((n1.n_name = 'EGYPT'::bpchar) AND (n2.n_name = 'KENYA'::bpchar)))","Rows Removed by Join Filter": 1865,"Workers": [],"Plans": [{"Node Type": "Nested Loop","Parent Relationship": "Outer","Parallel Aware": false,"Async Capable": false,"Join Type": "Inner","Startup Cost": 2.26,"Total Cost": 70727.78,"Plan Rows": 60250,"Plan Width": 124,"Actual Startup Time": 0.638,"Actual Total Time": 880.364,"Actual Rows": 47863,"Actual Loops": 3,"Inner Unique": false,"Workers": [],"Plans": [{"Node Type": "Nested Loop","Parent Relationship": "Outer","Parallel Aware": false,"Async Capable": false,"Join Type": "Inner","Startup Cost": 1.83,"Total Cost": 12400.01,"Plan Rows": 49000,"Plan Width": 108,"Actual Startup Time": 0.267,"Actual Total Time": 218.780,"Actual Rows": 39350,"Actual Loops": 3,"Inner Unique": false,"Workers": [],"Plans": [{"Node Type": "Hash Join","Parent Relationship": "Outer","Parallel Aware": false,"Async Capable": false,"Join Type": "Inner","Startup Cost": 1.40,"Total Cost": 4403.27,"Plan Rows": 4900,"Plan Width": 108,"Actual Startup Time": 0.159,"Actual Total Time": 43.093,"Actual Rows": 3996,"Actual Loops": 3,"Inner Unique": true,"Hash Cond": "(customer.c_nationkey = n2.n_nationkey)","Workers": [],"Plans": [{"Node Type": "Seq Scan","Parent Relationship": "Outer","Parallel Aware": true,"Async Capable": false,"Relation Name": "customer","Alias": "customer","Startup Cost": 0.00,"Total Cost": 4210.00,"Plan Rows": 62500,"Plan Width": 8,"Actual Startup Time": 0.014,"Actual Total Time": 8.948,"Actual Rows": 50000,"Actual Loops": 3,"Workers": []},{"Node Type": "Hash","Parent Relationship": "Inner","Parallel Aware": false,"Async Capable": false,"Startup Cost": 1.38,"Total Cost": 1.38,"Plan Rows": 2,"Plan Width": 108,"Actual Startup Time": 0.065,"Actual Total Time": 0.074,"Actual Rows": 2,"Actual Loops": 3,"Hash Buckets": 1024,"Original Hash Buckets": 1024,"Hash Batches": 1,"Original Hash Batches": 1,"Peak Memory Usage": 9,"Workers": [],"Plans": [{"Node Type": "Seq Scan","Parent Relationship": "Outer","Parallel Aware": false,"Async Capable": false,"Relation Name": "nation","Alias": "n2","Startup Cost": 0.00,"Total Cost": 1.38,"Plan Rows": 2,"Plan Width": 108,"Actual Startup Time": 0.047,"Actual Total Time": 0.055,"Actual Rows": 2,"Actual Loops": 3,"Filter": "((n_name = 'EGYPT'::bpchar) OR (n_name = 'KENYA'::bpchar))","Rows Removed by Filter": 23,"Workers": []}]}]},{"Node Type": "Index Scan","Parent Relationship": "Inner","Parallel Aware": false,"Async Capable": false,"Scan Direction": "Forward","Index Name": "idx_orders_custkey","Relation Name": "orders","Alias": "orders","Startup Cost": 0.43,"Total Cost": 1.46,"Plan Rows": 17,"Plan Width": 8,"Actual Startup Time": 0.007,"Actual Total Time": 0.043,"Actual Rows": 10,"Actual Loops": 11987,"Index Cond": "(o_custkey = customer.c_custkey)","Rows Removed by Index Recheck": 0,"Workers": []}]},{"Node Type": "Index Scan","Parent Relationship": "Inner","Parallel Aware": false,"Async Capable": false,"Scan Direction": "Forward","Index Name": "idx_lineitem_orderkey","Relation Name": "lineitem","Alias": "lineitem","Startup Cost": 0.43,"Total Cost": 1.14,"Plan Rows": 5,"Plan Width": 24,"Actual Startup Time": 0.016,"Actual Total Time": 0.017,"Actual Rows": 1,"Actual Loops": 118051,"Index Cond": "(l_orderkey = orders.o_orderkey)","Rows Removed by Index Recheck": 0,"Filter": "((l_shipdate >= '1995-01-01'::date) AND (l_shipdate <= '1996-12-31'::date))","Rows Removed by Filter": 3,"Workers": []}]},{"Node Type": "Hash","Parent Relationship": "Inner","Parallel Aware": false,"Async Capable": false,"Startup Cost": 354.10,"Total Cost": 354.10,"Plan Rows": 784,"Plan Width": 108,"Actual Startup Time": 6.820,"Actual Total Time": 6.832,"Actual Rows": 791,"Actual Loops": 3,"Hash Buckets": 1024,"Original Hash Buckets": 1024,"Hash Batches": 1,"Original Hash Batches": 1,"Peak Memory Usage": 56,"Workers": [],"Plans": [{"Node Type": "Hash Join","Parent Relationship": "Outer","Parallel Aware": false,"Async Capable": false,"Join Type": "Inner","Startup Cost": 1.40,"Total Cost": 354.10,"Plan Rows": 784,"Plan Width": 108,"Actual Startup Time": 0.078,"Actual Total Time": 6.634,"Actual Rows": 791,"Actual Loops": 3,"Inner Unique": true,"Hash Cond": "(supplier.s_nationkey = n1.n_nationkey)","Workers": [],"Plans": [{"Node Type": "Seq Scan","Parent Relationship": "Outer","Parallel Aware": false,"Async Capable": false,"Relation Name": "supplier","Alias": "supplier","Startup Cost": 0.00,"Total Cost": 322.00,"Plan Rows": 10000,"Plan Width": 8,"Actual Startup Time": 0.032,"Actual Total Time": 3.562,"Actual Rows": 10000,"Actual Loops": 3,"Workers": []},{"Node Type": "Hash","Parent Relationship": "Inner","Parallel Aware": false,"Async Capable": false,"Startup Cost": 1.38,"Total Cost": 1.38,"Plan Rows": 2,"Plan Width": 108,"Actual Startup Time": 0.016,"Actual Total Time": 0.021,"Actual Rows": 2,"Actual Loops": 3,"Hash Buckets": 1024,"Original Hash Buckets": 1024,"Hash Batches": 1,"Original Hash Batches": 1,"Peak Memory Usage": 9,"Workers": [],"Plans": [{"Node Type": "Seq Scan","Parent Relationship": "Outer","Parallel Aware": false,"Async Capable": false,"Relation Name": "nation","Alias": "n1","Startup Cost": 0.00,"Total Cost": 1.38,"Plan Rows": 2,"Plan Width": 108,"Actual Startup Time": 0.005,"Actual Total Time": 0.011,"Actual Rows": 2,"Actual Loops": 3,"Filter": "((n_name = 'KENYA'::bpchar) OR (n_name = 'EGYPT'::bpchar))","Rows Removed by Filter": 23,"Workers": []}]}]}]}]}]}]}]}]},"Planning Time": 9.294,"Triggers": [],"Execution Time": 949.488}]
[{"Plan": {"Node Type": "Aggregate","Strategy": "Sorted","Partial Mode": "Finalize","Parallel Aware": false,"Async Capable": false,"Startup Cost": 72556.41,"Total Cost": 73352.71,"Plan Rows": 5893,"Plan Width": 272,"Actual Startup Time": 932.792,"Actual Total Time": 983.064,"Actual Rows": 4,"Actual Loops": 1,"Group Key": ["n1.n_name", "n2.n_name", "(EXTRACT(year FROM lineitem.l_shipdate))"],"Plans": [{"Node Type": "Gather Merge","Parent Relationship": "Outer","Parallel Aware": false,"Async Capable": false,"Startup Cost": 72556.41,"Total Cost": 73202.94,"Plan Rows": 4910,"Plan Width": 272,"Actual Startup Time": 931.919,"Actual Total Time": 982.987,"Actual Rows": 12,"Actual Loops": 1,"Workers Planned": 2,"Workers Launched": 2,"Plans": [{"Node Type": "Aggregate","Strategy": "Sorted","Partial Mode": "Partial","Parent Relationship": "Outer","Parallel Aware": false,"Async Capable": false,"Startup Cost": 71556.39,"Total Cost": 71636.18,"Plan Rows": 2455,"Plan Width": 272,"Actual Startup Time": 923.656,"Actual Total Time": 924.569,"Actual Rows": 4,"Actual Loops": 3,"Group Key": ["n1.n_name", "n2.n_name", "(EXTRACT(year FROM lineitem.l_shipdate))"],"Workers": [],"Plans": [{"Node Type": "Sort","Parent Relationship": "Outer","Parallel Aware": false,"Async Capable": false,"Startup Cost": 71556.39,"Total Cost": 71562.53,"Plan Rows": 2455,"Plan Width": 252,"Actual Startup Time": 923.399,"Actual Total Time": 923.522,"Actual Rows": 1946,"Actual Loops": 3,"Sort Key": ["n1.n_name", "n2.n_name", "(EXTRACT(year FROM lineitem.l_shipdate))"],"Sort Method": "quicksort","Sort Space Used": 262,"Sort Space Type": "Memory","Workers": [{"Worker Number": 0,"Sort Method": "quicksort","Sort Space Used": 259,"Sort Space Type": "Memory"},{"Worker Number": 1,"Sort Method": "quicksort","Sort Space Used": 262,"Sort Space Type": "Memory"}],"Plans": [{"Node Type": "Hash Join","Parent Relationship": "Outer","Parallel Aware": false,"Async Capable": false,"Join Type": "Inner","Startup Cost": 366.16,"Total Cost": 71418.15,"Plan Rows": 2455,"Plan Width": 252,"Actual Startup Time": 9.926,"Actual Total Time": 921.564,"Actual Rows": 1946,"Actual Loops": 3,"Inner Unique": false,"Hash Cond": "(lineitem.l_suppkey = supplier.s_suppkey)","Join Filter": "(((n1.n_name = 'GERMANY'::bpchar) AND (n2.n_name = 'CHINA'::bpchar)) OR ((n1.n_name = 'CHINA'::bpchar) AND (n2.n_name = 'GERMANY'::bpchar)))","Rows Removed by Join Filter": 1925,"Workers": [],"Plans": [{"Node Type": "Nested Loop","Parent Relationship": "Outer","Parallel Aware": false,"Async Capable": false,"Join Type": "Inner","Startup Cost": 2.26,"Total Cost": 70727.78,"Plan Rows": 60250,"Plan Width": 124,"Actual Startup Time": 0.491,"Actual Total Time": 905.458,"Actual Rows": 48856,"Actual Loops": 3,"Inner Unique": false,"Workers": [],"Plans": [{"Node Type": "Nested Loop","Parent Relationship": "Outer","Parallel Aware": false,"Async Capable": false,"Join Type": "Inner","Startup Cost": 1.83,"Total Cost": 12400.01,"Plan Rows": 49000,"Plan Width": 108,"Actual Startup Time": 0.298,"Actual Total Time": 228.231,"Actual Rows": 40169,"Actual Loops": 3,"Inner Unique": false,"Workers": [],"Plans": [{"Node Type": "Hash Join","Parent Relationship": "Outer","Parallel Aware": false,"Async Capable": false,"Join Type": "Inner","Startup Cost": 1.40,"Total Cost": 4403.27,"Plan Rows": 4900,"Plan Width": 108,"Actual Startup Time": 0.160,"Actual Total Time": 48.145,"Actual Rows": 3977,"Actual Loops": 3,"Inner Unique": true,"Hash Cond": "(customer.c_nationkey = n2.n_nationkey)","Workers": [],"Plans": [{"Node Type": "Seq Scan","Parent Relationship": "Outer","Parallel Aware": true,"Async Capable": false,"Relation Name": "customer","Alias": "customer","Startup Cost": 0.00,"Total Cost": 4210.00,"Plan Rows": 62500,"Plan Width": 8,"Actual Startup Time": 0.017,"Actual Total Time": 9.460,"Actual Rows": 50000,"Actual Loops": 3,"Workers": []},{"Node Type": "Hash","Parent Relationship": "Inner","Parallel Aware": false,"Async Capable": false,"Startup Cost": 1.38,"Total Cost": 1.38,"Plan Rows": 2,"Plan Width": 108,"Actual Startup Time": 0.064,"Actual Total Time": 0.070,"Actual Rows": 2,"Actual Loops": 3,"Hash Buckets": 1024,"Original Hash Buckets": 1024,"Hash Batches": 1,"Original Hash Batches": 1,"Peak Memory Usage": 9,"Workers": [],"Plans": [{"Node Type": "Seq Scan","Parent Relationship": "Outer","Parallel Aware": false,"Async Capable": false,"Relation Name": "nation","Alias": "n2","Startup Cost": 0.00,"Total Cost": 1.38,"Plan Rows": 2,"Plan Width": 108,"Actual Startup Time": 0.045,"Actual Total Time": 0.051,"Actual Rows": 2,"Actual Loops": 3,"Filter": "((n_name = 'CHINA'::bpchar) OR (n_name = 'GERMANY'::bpchar))","Rows Removed by Filter": 23,"Workers": []}]}]},{"Node Type": "Index Scan","Parent Relationship": "Inner","Parallel Aware": false,"Async Capable": false,"Scan Direction": "Forward","Index Name": "idx_orders_custkey","Relation Name": "orders","Alias": "orders","Startup Cost": 0.43,"Total Cost": 1.46,"Plan Rows": 17,"Plan Width": 8,"Actual Startup Time": 0.007,"Actual Total Time": 0.044,"Actual Rows": 10,"Actual Loops": 11932,"Index Cond": "(o_custkey = customer.c_custkey)","Rows Removed by Index Recheck": 0,"Workers": []}]},{"Node Type": "Index Scan","Parent Relationship": "Inner","Parallel Aware": false,"Async Capable": false,"Scan Direction": "Forward","Index Name": "idx_lineitem_orderkey","Relation Name": "lineitem","Alias": "lineitem","Startup Cost": 0.43,"Total Cost": 1.14,"Plan Rows": 5,"Plan Width": 24,"Actual Startup Time": 0.016,"Actual Total Time": 0.017,"Actual Rows": 1,"Actual Loops": 120508,"Index Cond": "(l_orderkey = orders.o_orderkey)","Rows Removed by Index Recheck": 0,"Filter": "((l_shipdate >= '1995-01-01'::date) AND (l_shipdate <= '1996-12-31'::date))","Rows Removed by Filter": 3,"Workers": []}]},{"Node Type": "Hash","Parent Relationship": "Inner","Parallel Aware": false,"Async Capable": false,"Startup Cost": 354.10,"Total Cost": 354.10,"Plan Rows": 784,"Plan Width": 108,"Actual Startup Time": 8.789,"Actual Total Time": 8.802,"Actual Rows": 803,"Actual Loops": 3,"Hash Buckets": 1024,"Original Hash Buckets": 1024,"Hash Batches": 1,"Original Hash Batches": 1,"Peak Memory Usage": 57,"Workers": [],"Plans": [{"Node Type": "Hash Join","Parent Relationship": "Outer","Parallel Aware": false,"Async Capable": false,"Join Type": "Inner","Startup Cost": 1.40,"Total Cost": 354.10,"Plan Rows": 784,"Plan Width": 108,"Actual Startup Time": 0.074,"Actual Total Time": 8.588,"Actual Rows": 803,"Actual Loops": 3,"Inner Unique": true,"Hash Cond": "(supplier.s_nationkey = n1.n_nationkey)","Workers": [],"Plans": [{"Node Type": "Seq Scan","Parent Relationship": "Outer","Parallel Aware": false,"Async Capable": false,"Relation Name": "supplier","Alias": "supplier","Startup Cost": 0.00,"Total Cost": 322.00,"Plan Rows": 10000,"Plan Width": 8,"Actual Startup Time": 0.030,"Actual Total Time": 4.484,"Actual Rows": 10000,"Actual Loops": 3,"Workers": []},{"Node Type": "Hash","Parent Relationship": "Inner","Parallel Aware": false,"Async Capable": false,"Startup Cost": 1.38,"Total Cost": 1.38,"Plan Rows": 2,"Plan Width": 108,"Actual Startup Time": 0.013,"Actual Total Time": 0.019,"Actual Rows": 2,"Actual Loops": 3,"Hash Buckets": 1024,"Original Hash Buckets": 1024,"Hash Batches": 1,"Original Hash Batches": 1,"Peak Memory Usage": 9,"Workers": [],"Plans": [{"Node Type": "Seq Scan","Parent Relationship": "Outer","Parallel Aware": false,"Async Capable": false,"Relation Name": "nation","Alias": "n1","Startup Cost": 0.00,"Total Cost": 1.38,"Plan Rows": 2,"Plan Width": 108,"Actual Startup Time": 0.004,"Actual Total Time": 0.010,"Actual Rows": 2,"Actual Loops": 3,"Filter": "((n_name = 'GERMANY'::bpchar) OR (n_name = 'CHINA'::bpchar))","Rows Removed by Filter": 23,"Workers": []}]}]}]}]}]}]}]}]},"Planning Time": 9.225,"Triggers": [],"Execution Time": 983.522}]
[{"Plan": {"Node Type": "Aggregate","Strategy": "Sorted","Partial Mode": "Finalize","Parallel Aware": false,"Async Capable": false,"Startup Cost": 72556.41,"Total Cost": 73352.71,"Plan Rows": 5893,"Plan Width": 272,"Actual Startup Time": 933.108,"Actual Total Time": 989.503,"Actual Rows": 4,"Actual Loops": 1,"Group Key": ["n1.n_name", "n2.n_name", "(EXTRACT(year FROM lineitem.l_shipdate))"],"Plans": [{"Node Type": "Gather Merge","Parent Relationship": "Outer","Parallel Aware": false,"Async Capable": false,"Startup Cost": 72556.41,"Total Cost": 73202.94,"Plan Rows": 4910,"Plan Width": 272,"Actual Startup Time": 932.365,"Actual Total Time": 989.431,"Actual Rows": 12,"Actual Loops": 1,"Workers Planned": 2,"Workers Launched": 2,"Plans": [{"Node Type": "Aggregate","Strategy": "Sorted","Partial Mode": "Partial","Parent Relationship": "Outer","Parallel Aware": false,"Async Capable": false,"Startup Cost": 71556.39,"Total Cost": 71636.18,"Plan Rows": 2455,"Plan Width": 272,"Actual Startup Time": 923.463,"Actual Total Time": 924.360,"Actual Rows": 4,"Actual Loops": 3,"Group Key": ["n1.n_name", "n2.n_name", "(EXTRACT(year FROM lineitem.l_shipdate))"],"Workers": [],"Plans": [{"Node Type": "Sort","Parent Relationship": "Outer","Parallel Aware": false,"Async Capable": false,"Startup Cost": 71556.39,"Total Cost": 71562.53,"Plan Rows": 2455,"Plan Width": 252,"Actual Startup Time": 923.183,"Actual Total Time": 923.309,"Actual Rows": 2004,"Actual Loops": 3,"Sort Key": ["n1.n_name", "n2.n_name", "(EXTRACT(year FROM lineitem.l_shipdate))"],"Sort Method": "quicksort","Sort Space Used": 267,"Sort Space Type": "Memory","Workers": [{"Worker Number": 0,"Sort Method": "quicksort","Sort Space Used": 270,"Sort Space Type": "Memory"},{"Worker Number": 1,"Sort Method": "quicksort","Sort Space Used": 266,"Sort Space Type": "Memory"}],"Plans": [{"Node Type": "Hash Join","Parent Relationship": "Outer","Parallel Aware": false,"Async Capable": false,"Join Type": "Inner","Startup Cost": 366.16,"Total Cost": 71418.15,"Plan Rows": 2455,"Plan Width": 252,"Actual Startup Time": 9.439,"Actual Total Time": 921.367,"Actual Rows": 2004,"Actual Loops": 3,"Inner Unique": false,"Hash Cond": "(lineitem.l_suppkey = supplier.s_suppkey)","Join Filter": "(((n1.n_name = 'ARGENTINA'::bpchar) AND (n2.n_name = 'FRANCE'::bpchar)) OR ((n1.n_name = 'FRANCE'::bpchar) AND (n2.n_name = 'ARGENTINA'::bpchar)))","Rows Removed by Join Filter": 1972,"Workers": [],"Plans": [{"Node Type": "Nested Loop","Parent Relationship": "Outer","Parallel Aware": false,"Async Capable": false,"Join Type": "Inner","Startup Cost": 2.26,"Total Cost": 70727.78,"Plan Rows": 60250,"Plan Width": 124,"Actual Startup Time": 0.845,"Actual Total Time": 906.334,"Actual Rows": 49447,"Actual Loops": 3,"Inner Unique": false,"Workers": [],"Plans": [{"Node Type": "Nested Loop","Parent Relationship": "Outer","Parallel Aware": false,"Async Capable": false,"Join Type": "Inner","Startup Cost": 1.83,"Total Cost": 12400.01,"Plan Rows": 49000,"Plan Width": 108,"Actual Startup Time": 0.315,"Actual Total Time": 228.118,"Actual Rows": 40382,"Actual Loops": 3,"Inner Unique": false,"Workers": [],"Plans": [{"Node Type": "Hash Join","Parent Relationship": "Outer","Parallel Aware": false,"Async Capable": false,"Join Type": "Inner","Startup Cost": 1.40,"Total Cost": 4403.27,"Plan Rows": 4900,"Plan Width": 108,"Actual Startup Time": 0.213,"Actual Total Time": 47.632,"Actual Rows": 4025,"Actual Loops": 3,"Inner Unique": true,"Hash Cond": "(customer.c_nationkey = n2.n_nationkey)","Workers": [],"Plans": [{"Node Type": "Seq Scan","Parent Relationship": "Outer","Parallel Aware": true,"Async Capable": false,"Relation Name": "customer","Alias": "customer","Startup Cost": 0.00,"Total Cost": 4210.00,"Plan Rows": 62500,"Plan Width": 8,"Actual Startup Time": 0.021,"Actual Total Time": 9.604,"Actual Rows": 50000,"Actual Loops": 3,"Workers": []},{"Node Type": "Hash","Parent Relationship": "Inner","Parallel Aware": false,"Async Capable": false,"Startup Cost": 1.38,"Total Cost": 1.38,"Plan Rows": 2,"Plan Width": 108,"Actual Startup Time": 0.079,"Actual Total Time": 0.084,"Actual Rows": 2,"Actual Loops": 3,"Hash Buckets": 1024,"Original Hash Buckets": 1024,"Hash Batches": 1,"Original Hash Batches": 1,"Peak Memory Usage": 9,"Workers": [],"Plans": [{"Node Type": "Seq Scan","Parent Relationship": "Outer","Parallel Aware": false,"Async Capable": false,"Relation Name": "nation","Alias": "n2","Startup Cost": 0.00,"Total Cost": 1.38,"Plan Rows": 2,"Plan Width": 108,"Actual Startup Time": 0.052,"Actual Total Time": 0.060,"Actual Rows": 2,"Actual Loops": 3,"Filter": "((n_name = 'FRANCE'::bpchar) OR (n_name = 'ARGENTINA'::bpchar))","Rows Removed by Filter": 23,"Workers": []}]}]},{"Node Type": "Index Scan","Parent Relationship": "Inner","Parallel Aware": false,"Async Capable": false,"Scan Direction": "Forward","Index Name": "idx_orders_custkey","Relation Name": "orders","Alias": "orders","Startup Cost": 0.43,"Total Cost": 1.46,"Plan Rows": 17,"Plan Width": 8,"Actual Startup Time": 0.007,"Actual Total Time": 0.044,"Actual Rows": 10,"Actual Loops": 12075,"Index Cond": "(o_custkey = customer.c_custkey)","Rows Removed by Index Recheck": 0,"Workers": []}]},{"Node Type": "Index Scan","Parent Relationship": "Inner","Parallel Aware": false,"Async Capable": false,"Scan Direction": "Forward","Index Name": "idx_lineitem_orderkey","Relation Name": "lineitem","Alias": "lineitem","Startup Cost": 0.43,"Total Cost": 1.14,"Plan Rows": 5,"Plan Width": 24,"Actual Startup Time": 0.016,"Actual Total Time": 0.017,"Actual Rows": 1,"Actual Loops": 121147,"Index Cond": "(l_orderkey = orders.o_orderkey)","Rows Removed by Index Recheck": 0,"Filter": "((l_shipdate >= '1995-01-01'::date) AND (l_shipdate <= '1996-12-31'::date))","Rows Removed by Filter": 3,"Workers": []}]},{"Node Type": "Hash","Parent Relationship": "Inner","Parallel Aware": false,"Async Capable": false,"Startup Cost": 354.10,"Total Cost": 354.10,"Plan Rows": 784,"Plan Width": 108,"Actual Startup Time": 7.628,"Actual Total Time": 7.643,"Actual Rows": 815,"Actual Loops": 3,"Hash Buckets": 1024,"Original Hash Buckets": 1024,"Hash Batches": 1,"Original Hash Batches": 1,"Peak Memory Usage": 58,"Workers": [],"Plans": [{"Node Type": "Hash Join","Parent Relationship": "Outer","Parallel Aware": false,"Async Capable": false,"Join Type": "Inner","Startup Cost": 1.40,"Total Cost": 354.10,"Plan Rows": 784,"Plan Width": 108,"Actual Startup Time": 0.087,"Actual Total Time": 7.461,"Actual Rows": 815,"Actual Loops": 3,"Inner Unique": true,"Hash Cond": "(supplier.s_nationkey = n1.n_nationkey)","Workers": [],"Plans": [{"Node Type": "Seq Scan","Parent Relationship": "Outer","Parallel Aware": false,"Async Capable": false,"Relation Name": "supplier","Alias": "supplier","Startup Cost": 0.00,"Total Cost": 322.00,"Plan Rows": 10000,"Plan Width": 8,"Actual Startup Time": 0.033,"Actual Total Time": 3.673,"Actual Rows": 10000,"Actual Loops": 3,"Workers": []},{"Node Type": "Hash","Parent Relationship": "Inner","Parallel Aware": false,"Async Capable": false,"Startup Cost": 1.38,"Total Cost": 1.38,"Plan Rows": 2,"Plan Width": 108,"Actual Startup Time": 0.022,"Actual Total Time": 0.027,"Actual Rows": 2,"Actual Loops": 3,"Hash Buckets": 1024,"Original Hash Buckets": 1024,"Hash Batches": 1,"Original Hash Batches": 1,"Peak Memory Usage": 9,"Workers": [],"Plans": [{"Node Type": "Seq Scan","Parent Relationship": "Outer","Parallel Aware": false,"Async Capable": false,"Relation Name": "nation","Alias": "n1","Startup Cost": 0.00,"Total Cost": 1.38,"Plan Rows": 2,"Plan Width": 108,"Actual Startup Time": 0.005,"Actual Total Time": 0.013,"Actual Rows": 2,"Actual Loops": 3,"Filter": "((n_name = 'ARGENTINA'::bpchar) OR (n_name = 'FRANCE'::bpchar))","Rows Removed by Filter": 23,"Workers": []}]}]}]}]}]}]}]}]},"Planning Time": 8.624,"Triggers": [],"Execution Time": 989.966}]
[{"Plan": {"Node Type": "Aggregate","Strategy": "Sorted","Partial Mode": "Finalize","Parallel Aware": false,"Async Capable": false,"Startup Cost": 72556.41,"Total Cost": 73352.71,"Plan Rows": 5893,"Plan Width": 272,"Actual Startup Time": 922.317,"Actual Total Time": 967.794,"Actual Rows": 4,"Actual Loops": 1,"Group Key": ["n1.n_name", "n2.n_name", "(EXTRACT(year FROM lineitem.l_shipdate))"],"Plans": [{"Node Type": "Gather Merge","Parent Relationship": "Outer","Parallel Aware": false,"Async Capable": false,"Startup Cost": 72556.41,"Total Cost": 73202.94,"Plan Rows": 4910,"Plan Width": 272,"Actual Startup Time": 921.778,"Actual Total Time": 967.716,"Actual Rows": 12,"Actual Loops": 1,"Workers Planned": 2,"Workers Launched": 2,"Plans": [{"Node Type": "Aggregate","Strategy": "Sorted","Partial Mode": "Partial","Parent Relationship": "Outer","Parallel Aware": false,"Async Capable": false,"Startup Cost": 71556.39,"Total Cost": 71636.18,"Plan Rows": 2455,"Plan Width": 272,"Actual Startup Time": 913.958,"Actual Total Time": 914.730,"Actual Rows": 4,"Actual Loops": 3,"Group Key": ["n1.n_name", "n2.n_name", "(EXTRACT(year FROM lineitem.l_shipdate))"],"Workers": [],"Plans": [{"Node Type": "Sort","Parent Relationship": "Outer","Parallel Aware": false,"Async Capable": false,"Startup Cost": 71556.39,"Total Cost": 71562.53,"Plan Rows": 2455,"Plan Width": 252,"Actual Startup Time": 913.683,"Actual Total Time": 913.793,"Actual Rows": 1944,"Actual Loops": 3,"Sort Key": ["n1.n_name", "n2.n_name", "(EXTRACT(year FROM lineitem.l_shipdate))"],"Sort Method": "quicksort","Sort Space Used": 324,"Sort Space Type": "Memory","Workers": [{"Worker Number": 0,"Sort Method": "quicksort","Sort Space Used": 251,"Sort Space Type": "Memory"},{"Worker Number": 1,"Sort Method": "quicksort","Sort Space Used": 257,"Sort Space Type": "Memory"}],"Plans": [{"Node Type": "Hash Join","Parent Relationship": "Outer","Parallel Aware": false,"Async Capable": false,"Join Type": "Inner","Startup Cost": 366.16,"Total Cost": 71418.15,"Plan Rows": 2455,"Plan Width": 252,"Actual Startup Time": 11.927,"Actual Total Time": 911.841,"Actual Rows": 1944,"Actual Loops": 3,"Inner Unique": false,"Hash Cond": "(lineitem.l_suppkey = supplier.s_suppkey)","Join Filter": "(((n1.n_name = 'VIETNAM'::bpchar) AND (n2.n_name = 'GERMANY'::bpchar)) OR ((n1.n_name = 'GERMANY'::bpchar) AND (n2.n_name = 'VIETNAM'::bpchar)))","Rows Removed by Join Filter": 1917,"Workers": [],"Plans": [{"Node Type": "Nested Loop","Parent Relationship": "Outer","Parallel Aware": false,"Async Capable": false,"Join Type": "Inner","Startup Cost": 2.26,"Total Cost": 70727.78,"Plan Rows": 60250,"Plan Width": 124,"Actual Startup Time": 0.726,"Actual Total Time": 893.954,"Actual Rows": 48923,"Actual Loops": 3,"Inner Unique": false,"Workers": [],"Plans": [{"Node Type": "Nested Loop","Parent Relationship": "Outer","Parallel Aware": false,"Async Capable": false,"Join Type": "Inner","Startup Cost": 1.83,"Total Cost": 12400.01,"Plan Rows": 49000,"Plan Width": 108,"Actual Startup Time": 0.392,"Actual Total Time": 221.950,"Actual Rows": 40024,"Actual Loops": 3,"Inner Unique": false,"Workers": [],"Plans": [{"Node Type": "Hash Join","Parent Relationship": "Outer","Parallel Aware": false,"Async Capable": false,"Join Type": "Inner","Startup Cost": 1.40,"Total Cost": 4403.27,"Plan Rows": 4900,"Plan Width": 108,"Actual Startup Time": 0.227,"Actual Total Time": 44.678,"Actual Rows": 3972,"Actual Loops": 3,"Inner Unique": true,"Hash Cond": "(customer.c_nationkey = n2.n_nationkey)","Workers": [],"Plans": [{"Node Type": "Seq Scan","Parent Relationship": "Outer","Parallel Aware": true,"Async Capable": false,"Relation Name": "customer","Alias": "customer","Startup Cost": 0.00,"Total Cost": 4210.00,"Plan Rows": 62500,"Plan Width": 8,"Actual Startup Time": 0.016,"Actual Total Time": 9.091,"Actual Rows": 50000,"Actual Loops": 3,"Workers": []},{"Node Type": "Hash","Parent Relationship": "Inner","Parallel Aware": false,"Async Capable": false,"Startup Cost": 1.38,"Total Cost": 1.38,"Plan Rows": 2,"Plan Width": 108,"Actual Startup Time": 0.098,"Actual Total Time": 0.104,"Actual Rows": 2,"Actual Loops": 3,"Hash Buckets": 1024,"Original Hash Buckets": 1024,"Hash Batches": 1,"Original Hash Batches": 1,"Peak Memory Usage": 9,"Workers": [],"Plans": [{"Node Type": "Seq Scan","Parent Relationship": "Outer","Parallel Aware": false,"Async Capable": false,"Relation Name": "nation","Alias": "n2","Startup Cost": 0.00,"Total Cost": 1.38,"Plan Rows": 2,"Plan Width": 108,"Actual Startup Time": 0.073,"Actual Total Time": 0.081,"Actual Rows": 2,"Actual Loops": 3,"Filter": "((n_name = 'GERMANY'::bpchar) OR (n_name = 'VIETNAM'::bpchar))","Rows Removed by Filter": 23,"Workers": []}]}]},{"Node Type": "Index Scan","Parent Relationship": "Inner","Parallel Aware": false,"Async Capable": false,"Scan Direction": "Forward","Index Name": "idx_orders_custkey","Relation Name": "orders","Alias": "orders","Startup Cost": 0.43,"Total Cost": 1.46,"Plan Rows": 17,"Plan Width": 8,"Actual Startup Time": 0.007,"Actual Total Time": 0.043,"Actual Rows": 10,"Actual Loops": 11916,"Index Cond": "(o_custkey = customer.c_custkey)","Rows Removed by Index Recheck": 0,"Workers": []}]},{"Node Type": "Index Scan","Parent Relationship": "Inner","Parallel Aware": false,"Async Capable": false,"Scan Direction": "Forward","Index Name": "idx_lineitem_orderkey","Relation Name": "lineitem","Alias": "lineitem","Startup Cost": 0.43,"Total Cost": 1.14,"Plan Rows": 5,"Plan Width": 24,"Actual Startup Time": 0.016,"Actual Total Time": 0.017,"Actual Rows": 1,"Actual Loops": 120071,"Index Cond": "(l_orderkey = orders.o_orderkey)","Rows Removed by Index Recheck": 0,"Filter": "((l_shipdate >= '1995-01-01'::date) AND (l_shipdate <= '1996-12-31'::date))","Rows Removed by Filter": 3,"Workers": []}]},{"Node Type": "Hash","Parent Relationship": "Inner","Parallel Aware": false,"Async Capable": false,"Startup Cost": 354.10,"Total Cost": 354.10,"Plan Rows": 784,"Plan Width": 108,"Actual Startup Time": 10.828,"Actual Total Time": 10.840,"Actual Rows": 795,"Actual Loops": 3,"Hash Buckets": 1024,"Original Hash Buckets": 1024,"Hash Batches": 1,"Original Hash Batches": 1,"Peak Memory Usage": 57,"Workers": [],"Plans": [{"Node Type": "Hash Join","Parent Relationship": "Outer","Parallel Aware": false,"Async Capable": false,"Join Type": "Inner","Startup Cost": 1.40,"Total Cost": 354.10,"Plan Rows": 784,"Plan Width": 108,"Actual Startup Time": 0.102,"Actual Total Time": 10.648,"Actual Rows": 795,"Actual Loops": 3,"Inner Unique": true,"Hash Cond": "(supplier.s_nationkey = n1.n_nationkey)","Workers": [],"Plans": [{"Node Type": "Seq Scan","Parent Relationship": "Outer","Parallel Aware": false,"Async Capable": false,"Relation Name": "supplier","Alias": "supplier","Startup Cost": 0.00,"Total Cost": 322.00,"Plan Rows": 10000,"Plan Width": 8,"Actual Startup Time": 0.038,"Actual Total Time": 4.425,"Actual Rows": 10000,"Actual Loops": 3,"Workers": []},{"Node Type": "Hash","Parent Relationship": "Inner","Parallel Aware": false,"Async Capable": false,"Startup Cost": 1.38,"Total Cost": 1.38,"Plan Rows": 2,"Plan Width": 108,"Actual Startup Time": 0.019,"Actual Total Time": 0.024,"Actual Rows": 2,"Actual Loops": 3,"Hash Buckets": 1024,"Original Hash Buckets": 1024,"Hash Batches": 1,"Original Hash Batches": 1,"Peak Memory Usage": 9,"Workers": [],"Plans": [{"Node Type": "Seq Scan","Parent Relationship": "Outer","Parallel Aware": false,"Async Capable": false,"Relation Name": "nation","Alias": "n1","Startup Cost": 0.00,"Total Cost": 1.38,"Plan Rows": 2,"Plan Width": 108,"Actual Startup Time": 0.007,"Actual Total Time": 0.014,"Actual Rows": 2,"Actual Loops": 3,"Filter": "((n_name = 'VIETNAM'::bpchar) OR (n_name = 'GERMANY'::bpchar))","Rows Removed by Filter": 23,"Workers": []}]}]}]}]}]}]}]}]},"Planning Time": 9.266,"Triggers": [],"Execution Time": 968.236}]
[{"Plan": {"Node Type": "Aggregate","Strategy": "Sorted","Partial Mode": "Finalize","Parallel Aware": false,"Async Capable": false,"Startup Cost": 72556.41,"Total Cost": 73352.71,"Plan Rows": 5893,"Plan Width": 272,"Actual Startup Time": 928.810,"Actual Total Time": 983.304,"Actual Rows": 4,"Actual Loops": 1,"Group Key": ["n1.n_name", "n2.n_name", "(EXTRACT(year FROM lineitem.l_shipdate))"],"Plans": [{"Node Type": "Gather Merge","Parent Relationship": "Outer","Parallel Aware": false,"Async Capable": false,"Startup Cost": 72556.41,"Total Cost": 73202.94,"Plan Rows": 4910,"Plan Width": 272,"Actual Startup Time": 927.998,"Actual Total Time": 983.218,"Actual Rows": 12,"Actual Loops": 1,"Workers Planned": 2,"Workers Launched": 2,"Plans": [{"Node Type": "Aggregate","Strategy": "Sorted","Partial Mode": "Partial","Parent Relationship": "Outer","Parallel Aware": false,"Async Capable": false,"Startup Cost": 71556.39,"Total Cost": 71636.18,"Plan Rows": 2455,"Plan Width": 272,"Actual Startup Time": 918.683,"Actual Total Time": 919.542,"Actual Rows": 4,"Actual Loops": 3,"Group Key": ["n1.n_name", "n2.n_name", "(EXTRACT(year FROM lineitem.l_shipdate))"],"Workers": [],"Plans": [{"Node Type": "Sort","Parent Relationship": "Outer","Parallel Aware": false,"Async Capable": false,"Startup Cost": 71556.39,"Total Cost": 71562.53,"Plan Rows": 2455,"Plan Width": 252,"Actual Startup Time": 918.400,"Actual Total Time": 918.516,"Actual Rows": 1902,"Actual Loops": 3,"Sort Key": ["n1.n_name", "n2.n_name", "(EXTRACT(year FROM lineitem.l_shipdate))"],"Sort Method": "quicksort","Sort Space Used": 255,"Sort Space Type": "Memory","Workers": [{"Worker Number": 0,"Sort Method": "quicksort","Sort Space Used": 261,"Sort Space Type": "Memory"},{"Worker Number": 1,"Sort Method": "quicksort","Sort Space Used": 253,"Sort Space Type": "Memory"}],"Plans": [{"Node Type": "Hash Join","Parent Relationship": "Outer","Parallel Aware": false,"Async Capable": false,"Join Type": "Inner","Startup Cost": 366.16,"Total Cost": 71418.15,"Plan Rows": 2455,"Plan Width": 252,"Actual Startup Time": 8.220,"Actual Total Time": 916.582,"Actual Rows": 1902,"Actual Loops": 3,"Inner Unique": false,"Hash Cond": "(lineitem.l_suppkey = supplier.s_suppkey)","Join Filter": "(((n1.n_name = 'KENYA'::bpchar) AND (n2.n_name = 'FRANCE'::bpchar)) OR ((n1.n_name = 'FRANCE'::bpchar) AND (n2.n_name = 'KENYA'::bpchar)))","Rows Removed by Join Filter": 1862,"Workers": [],"Plans": [{"Node Type": "Nested Loop","Parent Relationship": "Outer","Parallel Aware": false,"Async Capable": false,"Join Type": "Inner","Startup Cost": 2.26,"Total Cost": 70727.78,"Plan Rows": 60250,"Plan Width": 124,"Actual Startup Time": 0.765,"Actual Total Time": 902.388,"Actual Rows": 48866,"Actual Loops": 3,"Inner Unique": false,"Workers": [],"Plans": [{"Node Type": "Nested Loop","Parent Relationship": "Outer","Parallel Aware": false,"Async Capable": false,"Join Type": "Inner","Startup Cost": 1.83,"Total Cost": 12400.01,"Plan Rows": 49000,"Plan Width": 108,"Actual Startup Time": 0.392,"Actual Total Time": 226.434,"Actual Rows": 40180,"Actual Loops": 3,"Inner Unique": false,"Workers": [],"Plans": [{"Node Type": "Hash Join","Parent Relationship": "Outer","Parallel Aware": false,"Async Capable": false,"Join Type": "Inner","Startup Cost": 1.40,"Total Cost": 4403.27,"Plan Rows": 4900,"Plan Width": 108,"Actual Startup Time": 0.210,"Actual Total Time": 46.216,"Actual Rows": 4031,"Actual Loops": 3,"Inner Unique": true,"Hash Cond": "(customer.c_nationkey = n2.n_nationkey)","Workers": [],"Plans": [{"Node Type": "Seq Scan","Parent Relationship": "Outer","Parallel Aware": true,"Async Capable": false,"Relation Name": "customer","Alias": "customer","Startup Cost": 0.00,"Total Cost": 4210.00,"Plan Rows": 62500,"Plan Width": 8,"Actual Startup Time": 0.017,"Actual Total Time": 9.469,"Actual Rows": 50000,"Actual Loops": 3,"Workers": []},{"Node Type": "Hash","Parent Relationship": "Inner","Parallel Aware": false,"Async Capable": false,"Startup Cost": 1.38,"Total Cost": 1.38,"Plan Rows": 2,"Plan Width": 108,"Actual Startup Time": 0.097,"Actual Total Time": 0.100,"Actual Rows": 2,"Actual Loops": 3,"Hash Buckets": 1024,"Original Hash Buckets": 1024,"Hash Batches": 1,"Original Hash Batches": 1,"Peak Memory Usage": 9,"Workers": [],"Plans": [{"Node Type": "Seq Scan","Parent Relationship": "Outer","Parallel Aware": false,"Async Capable": false,"Relation Name": "nation","Alias": "n2","Startup Cost": 0.00,"Total Cost": 1.38,"Plan Rows": 2,"Plan Width": 108,"Actual Startup Time": 0.067,"Actual Total Time": 0.073,"Actual Rows": 2,"Actual Loops": 3,"Filter": "((n_name = 'FRANCE'::bpchar) OR (n_name = 'KENYA'::bpchar))","Rows Removed by Filter": 23,"Workers": []}]}]},{"Node Type": "Index Scan","Parent Relationship": "Inner","Parallel Aware": false,"Async Capable": false,"Scan Direction": "Forward","Index Name": "idx_orders_custkey","Relation Name": "orders","Alias": "orders","Startup Cost": 0.43,"Total Cost": 1.46,"Plan Rows": 17,"Plan Width": 8,"Actual Startup Time": 0.007,"Actual Total Time": 0.043,"Actual Rows": 10,"Actual Loops": 12092,"Index Cond": "(o_custkey = customer.c_custkey)","Rows Removed by Index Recheck": 0,"Workers": []}]},{"Node Type": "Index Scan","Parent Relationship": "Inner","Parallel Aware": false,"Async Capable": false,"Scan Direction": "Forward","Index Name": "idx_lineitem_orderkey","Relation Name": "lineitem","Alias": "lineitem","Startup Cost": 0.43,"Total Cost": 1.14,"Plan Rows": 5,"Plan Width": 24,"Actual Startup Time": 0.016,"Actual Total Time": 0.017,"Actual Rows": 1,"Actual Loops": 120540,"Index Cond": "(l_orderkey = orders.o_orderkey)","Rows Removed by Index Recheck": 0,"Filter": "((l_shipdate >= '1995-01-01'::date) AND (l_shipdate <= '1996-12-31'::date))","Rows Removed by Filter": 3,"Workers": []}]},{"Node Type": "Hash","Parent Relationship": "Inner","Parallel Aware": false,"Async Capable": false,"Startup Cost": 354.10,"Total Cost": 354.10,"Plan Rows": 784,"Plan Width": 108,"Actual Startup Time": 6.834,"Actual Total Time": 6.845,"Actual Rows": 778,"Actual Loops": 3,"Hash Buckets": 1024,"Original Hash Buckets": 1024,"Hash Batches": 1,"Original Hash Batches": 1,"Peak Memory Usage": 56,"Workers": [],"Plans": [{"Node Type": "Hash Join","Parent Relationship": "Outer","Parallel Aware": false,"Async Capable": false,"Join Type": "Inner","Startup Cost": 1.40,"Total Cost": 354.10,"Plan Rows": 784,"Plan Width": 108,"Actual Startup Time": 0.088,"Actual Total Time": 6.674,"Actual Rows": 778,"Actual Loops": 3,"Inner Unique": true,"Hash Cond": "(supplier.s_nationkey = n1.n_nationkey)","Workers": [],"Plans": [{"Node Type": "Seq Scan","Parent Relationship": "Outer","Parallel Aware": false,"Async Capable": false,"Relation Name": "supplier","Alias": "supplier","Startup Cost": 0.00,"Total Cost": 322.00,"Plan Rows": 10000,"Plan Width": 8,"Actual Startup Time": 0.030,"Actual Total Time": 3.533,"Actual Rows": 10000,"Actual Loops": 3,"Workers": []},{"Node Type": "Hash","Parent Relationship": "Inner","Parallel Aware": false,"Async Capable": false,"Startup Cost": 1.38,"Total Cost": 1.38,"Plan Rows": 2,"Plan Width": 108,"Actual Startup Time": 0.019,"Actual Total Time": 0.024,"Actual Rows": 2,"Actual Loops": 3,"Hash Buckets": 1024,"Original Hash Buckets": 1024,"Hash Batches": 1,"Original Hash Batches": 1,"Peak Memory Usage": 9,"Workers": [],"Plans": [{"Node Type": "Seq Scan","Parent Relationship": "Outer","Parallel Aware": false,"Async Capable": false,"Relation Name": "nation","Alias": "n1","Startup Cost": 0.00,"Total Cost": 1.38,"Plan Rows": 2,"Plan Width": 108,"Actual Startup Time": 0.007,"Actual Total Time": 0.013,"Actual Rows": 2,"Actual Loops": 3,"Filter": "((n_name = 'KENYA'::bpchar) OR (n_name = 'FRANCE'::bpchar))","Rows Removed by Filter": 23,"Workers": []}]}]}]}]}]}]}]}]},"Planning Time": 9.143,"Triggers": [],"Execution Time": 983.737}]
[{"Plan": {"Node Type": "Aggregate","Strategy": "Sorted","Partial Mode": "Finalize","Parallel Aware": false,"Async Capable": false,"Startup Cost": 72556.41,"Total Cost": 73352.71,"Plan Rows": 5893,"Plan Width": 272,"Actual Startup Time": 941.005,"Actual Total Time": 985.651,"Actual Rows": 4,"Actual Loops": 1,"Group Key": ["n1.n_name", "n2.n_name", "(EXTRACT(year FROM lineitem.l_shipdate))"],"Plans": [{"Node Type": "Gather Merge","Parent Relationship": "Outer","Parallel Aware": false,"Async Capable": false,"Startup Cost": 72556.41,"Total Cost": 73202.94,"Plan Rows": 4910,"Plan Width": 272,"Actual Startup Time": 940.428,"Actual Total Time": 985.574,"Actual Rows": 12,"Actual Loops": 1,"Workers Planned": 2,"Workers Launched": 2,"Plans": [{"Node Type": "Aggregate","Strategy": "Sorted","Partial Mode": "Partial","Parent Relationship": "Outer","Parallel Aware": false,"Async Capable": false,"Startup Cost": 71556.39,"Total Cost": 71636.18,"Plan Rows": 2455,"Plan Width": 272,"Actual Startup Time": 932.331,"Actual Total Time": 933.134,"Actual Rows": 4,"Actual Loops": 3,"Group Key": ["n1.n_name", "n2.n_name", "(EXTRACT(year FROM lineitem.l_shipdate))"],"Workers": [],"Plans": [{"Node Type": "Sort","Parent Relationship": "Outer","Parallel Aware": false,"Async Capable": false,"Startup Cost": 71556.39,"Total Cost": 71562.53,"Plan Rows": 2455,"Plan Width": 252,"Actual Startup Time": 932.054,"Actual Total Time": 932.182,"Actual Rows": 2030,"Actual Loops": 3,"Sort Key": ["n1.n_name", "n2.n_name", "(EXTRACT(year FROM lineitem.l_shipdate))"],"Sort Method": "quicksort","Sort Space Used": 331,"Sort Space Type": "Memory","Workers": [{"Worker Number": 0,"Sort Method": "quicksort","Sort Space Used": 263,"Sort Space Type": "Memory"},{"Worker Number": 1,"Sort Method": "quicksort","Sort Space Used": 266,"Sort Space Type": "Memory"}],"Plans": [{"Node Type": "Hash Join","Parent Relationship": "Outer","Parallel Aware": false,"Async Capable": false,"Join Type": "Inner","Startup Cost": 366.16,"Total Cost": 71418.15,"Plan Rows": 2455,"Plan Width": 252,"Actual Startup Time": 13.858,"Actual Total Time": 930.140,"Actual Rows": 2030,"Actual Loops": 3,"Inner Unique": false,"Hash Cond": "(lineitem.l_suppkey = supplier.s_suppkey)","Join Filter": "(((n1.n_name = 'RUSSIA'::bpchar) AND (n2.n_name = 'INDONESIA'::bpchar)) OR ((n1.n_name = 'INDONESIA'::bpchar) AND (n2.n_name = 'RUSSIA'::bpchar)))","Rows Removed by Join Filter": 2050,"Workers": [],"Plans": [{"Node Type": "Nested Loop","Parent Relationship": "Outer","Parallel Aware": false,"Async Capable": false,"Join Type": "Inner","Startup Cost": 2.26,"Total Cost": 70727.78,"Plan Rows": 60250,"Plan Width": 124,"Actual Startup Time": 0.562,"Actual Total Time": 911.141,"Actual Rows": 50052,"Actual Loops": 3,"Inner Unique": false,"Workers": [],"Plans": [{"Node Type": "Nested Loop","Parent Relationship": "Outer","Parallel Aware": false,"Async Capable": false,"Join Type": "Inner","Startup Cost": 1.83,"Total Cost": 12400.01,"Plan Rows": 49000,"Plan Width": 108,"Actual Startup Time": 0.348,"Actual Total Time": 224.437,"Actual Rows": 40957,"Actual Loops": 3,"Inner Unique": false,"Workers": [],"Plans": [{"Node Type": "Hash Join","Parent Relationship": "Outer","Parallel Aware": false,"Async Capable": false,"Join Type": "Inner","Startup Cost": 1.40,"Total Cost": 4403.27,"Plan Rows": 4900,"Plan Width": 108,"Actual Startup Time": 0.218,"Actual Total Time": 44.072,"Actual Rows": 4080,"Actual Loops": 3,"Inner Unique": true,"Hash Cond": "(customer.c_nationkey = n2.n_nationkey)","Workers": [],"Plans": [{"Node Type": "Seq Scan","Parent Relationship": "Outer","Parallel Aware": true,"Async Capable": false,"Relation Name": "customer","Alias": "customer","Startup Cost": 0.00,"Total Cost": 4210.00,"Plan Rows": 62500,"Plan Width": 8,"Actual Startup Time": 0.013,"Actual Total Time": 9.076,"Actual Rows": 50000,"Actual Loops": 3,"Workers": []},{"Node Type": "Hash","Parent Relationship": "Inner","Parallel Aware": false,"Async Capable": false,"Startup Cost": 1.38,"Total Cost": 1.38,"Plan Rows": 2,"Plan Width": 108,"Actual Startup Time": 0.085,"Actual Total Time": 0.094,"Actual Rows": 2,"Actual Loops": 3,"Hash Buckets": 1024,"Original Hash Buckets": 1024,"Hash Batches": 1,"Original Hash Batches": 1,"Peak Memory Usage": 9,"Workers": [],"Plans": [{"Node Type": "Seq Scan","Parent Relationship": "Outer","Parallel Aware": false,"Async Capable": false,"Relation Name": "nation","Alias": "n2","Startup Cost": 0.00,"Total Cost": 1.38,"Plan Rows": 2,"Plan Width": 108,"Actual Startup Time": 0.065,"Actual Total Time": 0.073,"Actual Rows": 2,"Actual Loops": 3,"Filter": "((n_name = 'INDONESIA'::bpchar) OR (n_name = 'RUSSIA'::bpchar))","Rows Removed by Filter": 23,"Workers": []}]}]},{"Node Type": "Index Scan","Parent Relationship": "Inner","Parallel Aware": false,"Async Capable": false,"Scan Direction": "Forward","Index Name": "idx_orders_custkey","Relation Name": "orders","Alias": "orders","Startup Cost": 0.43,"Total Cost": 1.46,"Plan Rows": 17,"Plan Width": 8,"Actual Startup Time": 0.007,"Actual Total Time": 0.043,"Actual Rows": 10,"Actual Loops": 12239,"Index Cond": "(o_custkey = customer.c_custkey)","Rows Removed by Index Recheck": 0,"Workers": []}]},{"Node Type": "Index Scan","Parent Relationship": "Inner","Parallel Aware": false,"Async Capable": false,"Scan Direction": "Forward","Index Name": "idx_lineitem_orderkey","Relation Name": "lineitem","Alias": "lineitem","Startup Cost": 0.43,"Total Cost": 1.14,"Plan Rows": 5,"Plan Width": 24,"Actual Startup Time": 0.016,"Actual Total Time": 0.017,"Actual Rows": 1,"Actual Loops": 122872,"Index Cond": "(l_orderkey = orders.o_orderkey)","Rows Removed by Index Recheck": 0,"Filter": "((l_shipdate >= '1995-01-01'::date) AND (l_shipdate <= '1996-12-31'::date))","Rows Removed by Filter": 3,"Workers": []}]},{"Node Type": "Hash","Parent Relationship": "Inner","Parallel Aware": false,"Async Capable": false,"Startup Cost": 354.10,"Total Cost": 354.10,"Plan Rows": 784,"Plan Width": 108,"Actual Startup Time": 11.889,"Actual Total Time": 11.904,"Actual Rows": 806,"Actual Loops": 3,"Hash Buckets": 1024,"Original Hash Buckets": 1024,"Hash Batches": 1,"Original Hash Batches": 1,"Peak Memory Usage": 57,"Workers": [],"Plans": [{"Node Type": "Hash Join","Parent Relationship": "Outer","Parallel Aware": false,"Async Capable": false,"Join Type": "Inner","Startup Cost": 1.40,"Total Cost": 354.10,"Plan Rows": 784,"Plan Width": 108,"Actual Startup Time": 0.110,"Actual Total Time": 11.686,"Actual Rows": 806,"Actual Loops": 3,"Inner Unique": true,"Hash Cond": "(supplier.s_nationkey = n1.n_nationkey)","Workers": [],"Plans": [{"Node Type": "Seq Scan","Parent Relationship": "Outer","Parallel Aware": false,"Async Capable": false,"Relation Name": "supplier","Alias": "supplier","Startup Cost": 0.00,"Total Cost": 322.00,"Plan Rows": 10000,"Plan Width": 8,"Actual Startup Time": 0.031,"Actual Total Time": 4.789,"Actual Rows": 10000,"Actual Loops": 3,"Workers": []},{"Node Type": "Hash","Parent Relationship": "Inner","Parallel Aware": false,"Async Capable": false,"Startup Cost": 1.38,"Total Cost": 1.38,"Plan Rows": 2,"Plan Width": 108,"Actual Startup Time": 0.019,"Actual Total Time": 0.023,"Actual Rows": 2,"Actual Loops": 3,"Hash Buckets": 1024,"Original Hash Buckets": 1024,"Hash Batches": 1,"Original Hash Batches": 1,"Peak Memory Usage": 9,"Workers": [],"Plans": [{"Node Type": "Seq Scan","Parent Relationship": "Outer","Parallel Aware": false,"Async Capable": false,"Relation Name": "nation","Alias": "n1","Startup Cost": 0.00,"Total Cost": 1.38,"Plan Rows": 2,"Plan Width": 108,"Actual Startup Time": 0.007,"Actual Total Time": 0.013,"Actual Rows": 2,"Actual Loops": 3,"Filter": "((n_name = 'RUSSIA'::bpchar) OR (n_name = 'INDONESIA'::bpchar))","Rows Removed by Filter": 23,"Workers": []}]}]}]}]}]}]}]}]},"Planning Time": 8.175,"Triggers": [],"Execution Time": 986.108}]
[{"Plan": {"Node Type": "Aggregate","Strategy": "Sorted","Partial Mode": "Finalize","Parallel Aware": false,"Async Capable": false,"Startup Cost": 72556.41,"Total Cost": 73352.71,"Plan Rows": 5893,"Plan Width": 272,"Actual Startup Time": 923.830,"Actual Total Time": 969.709,"Actual Rows": 4,"Actual Loops": 1,"Group Key": ["n1.n_name", "n2.n_name", "(EXTRACT(year FROM lineitem.l_shipdate))"],"Plans": [{"Node Type": "Gather Merge","Parent Relationship": "Outer","Parallel Aware": false,"Async Capable": false,"Startup Cost": 72556.41,"Total Cost": 73202.94,"Plan Rows": 4910,"Plan Width": 272,"Actual Startup Time": 923.361,"Actual Total Time": 969.635,"Actual Rows": 12,"Actual Loops": 1,"Workers Planned": 2,"Workers Launched": 2,"Plans": [{"Node Type": "Aggregate","Strategy": "Sorted","Partial Mode": "Partial","Parent Relationship": "Outer","Parallel Aware": false,"Async Capable": false,"Startup Cost": 71556.39,"Total Cost": 71636.18,"Plan Rows": 2455,"Plan Width": 272,"Actual Startup Time": 915.299,"Actual Total Time": 916.045,"Actual Rows": 4,"Actual Loops": 3,"Group Key": ["n1.n_name", "n2.n_name", "(EXTRACT(year FROM lineitem.l_shipdate))"],"Workers": [],"Plans": [{"Node Type": "Sort","Parent Relationship": "Outer","Parallel Aware": false,"Async Capable": false,"Startup Cost": 71556.39,"Total Cost": 71562.53,"Plan Rows": 2455,"Plan Width": 252,"Actual Startup Time": 915.035,"Actual Total Time": 915.144,"Actual Rows": 2014,"Actual Loops": 3,"Sort Key": ["n1.n_name", "n2.n_name", "(EXTRACT(year FROM lineitem.l_shipdate))"],"Sort Method": "quicksort","Sort Space Used": 326,"Sort Space Type": "Memory","Workers": [{"Worker Number": 0,"Sort Method": "quicksort","Sort Space Used": 268,"Sort Space Type": "Memory"},{"Worker Number": 1,"Sort Method": "quicksort","Sort Space Used": 260,"Sort Space Type": "Memory"}],"Plans": [{"Node Type": "Hash Join","Parent Relationship": "Outer","Parallel Aware": false,"Async Capable": false,"Join Type": "Inner","Startup Cost": 366.16,"Total Cost": 71418.15,"Plan Rows": 2455,"Plan Width": 252,"Actual Startup Time": 12.465,"Actual Total Time": 913.189,"Actual Rows": 2014,"Actual Loops": 3,"Inner Unique": false,"Hash Cond": "(lineitem.l_suppkey = supplier.s_suppkey)","Join Filter": "(((n1.n_name = 'ARGENTINA'::bpchar) AND (n2.n_name = 'VIETNAM'::bpchar)) OR ((n1.n_name = 'VIETNAM'::bpchar) AND (n2.n_name = 'ARGENTINA'::bpchar)))","Rows Removed by Join Filter": 1956,"Workers": [],"Plans": [{"Node Type": "Nested Loop","Parent Relationship": "Outer","Parallel Aware": false,"Async Capable": false,"Join Type": "Inner","Startup Cost": 2.26,"Total Cost": 70727.78,"Plan Rows": 60250,"Plan Width": 124,"Actual Startup Time": 0.681,"Actual Total Time": 894.946,"Actual Rows": 48913,"Actual Loops": 3,"Inner Unique": false,"Workers": [],"Plans": [{"Node Type": "Nested Loop","Parent Relationship": "Outer","Parallel Aware": false,"Async Capable": false,"Join Type": "Inner","Startup Cost": 1.83,"Total Cost": 12400.01,"Plan Rows": 49000,"Plan Width": 108,"Actual Startup Time": 0.259,"Actual Total Time": 220.978,"Actual Rows": 39965,"Actual Loops": 3,"Inner Unique": false,"Workers": [],"Plans": [{"Node Type": "Hash Join","Parent Relationship": "Outer","Parallel Aware": false,"Async Capable": false,"Join Type": "Inner","Startup Cost": 1.40,"Total Cost": 4403.27,"Plan Rows": 4900,"Plan Width": 108,"Actual Startup Time": 0.150,"Actual Total Time": 42.687,"Actual Rows": 3994,"Actual Loops": 3,"Inner Unique": true,"Hash Cond": "(customer.c_nationkey = n2.n_nationkey)","Workers": [],"Plans": [{"Node Type": "Seq Scan","Parent Relationship": "Outer","Parallel Aware": true,"Async Capable": false,"Relation Name": "customer","Alias": "customer","Startup Cost": 0.00,"Total Cost": 4210.00,"Plan Rows": 62500,"Plan Width": 8,"Actual Startup Time": 0.011,"Actual Total Time": 9.013,"Actual Rows": 50000,"Actual Loops": 3,"Workers": []},{"Node Type": "Hash","Parent Relationship": "Inner","Parallel Aware": false,"Async Capable": false,"Startup Cost": 1.38,"Total Cost": 1.38,"Plan Rows": 2,"Plan Width": 108,"Actual Startup Time": 0.073,"Actual Total Time": 0.079,"Actual Rows": 2,"Actual Loops": 3,"Hash Buckets": 1024,"Original Hash Buckets": 1024,"Hash Batches": 1,"Original Hash Batches": 1,"Peak Memory Usage": 9,"Workers": [],"Plans": [{"Node Type": "Seq Scan","Parent Relationship": "Outer","Parallel Aware": false,"Async Capable": false,"Relation Name": "nation","Alias": "n2","Startup Cost": 0.00,"Total Cost": 1.38,"Plan Rows": 2,"Plan Width": 108,"Actual Startup Time": 0.055,"Actual Total Time": 0.061,"Actual Rows": 2,"Actual Loops": 3,"Filter": "((n_name = 'VIETNAM'::bpchar) OR (n_name = 'ARGENTINA'::bpchar))","Rows Removed by Filter": 23,"Workers": []}]}]},{"Node Type": "Index Scan","Parent Relationship": "Inner","Parallel Aware": false,"Async Capable": false,"Scan Direction": "Forward","Index Name": "idx_orders_custkey","Relation Name": "orders","Alias": "orders","Startup Cost": 0.43,"Total Cost": 1.46,"Plan Rows": 17,"Plan Width": 8,"Actual Startup Time": 0.007,"Actual Total Time": 0.043,"Actual Rows": 10,"Actual Loops": 11983,"Index Cond": "(o_custkey = customer.c_custkey)","Rows Removed by Index Recheck": 0,"Workers": []}]},{"Node Type": "Index Scan","Parent Relationship": "Inner","Parallel Aware": false,"Async Capable": false,"Scan Direction": "Forward","Index Name": "idx_lineitem_orderkey","Relation Name": "lineitem","Alias": "lineitem","Startup Cost": 0.43,"Total Cost": 1.14,"Plan Rows": 5,"Plan Width": 24,"Actual Startup Time": 0.016,"Actual Total Time": 0.017,"Actual Rows": 1,"Actual Loops": 119894,"Index Cond": "(l_orderkey = orders.o_orderkey)","Rows Removed by Index Recheck": 0,"Filter": "((l_shipdate >= '1995-01-01'::date) AND (l_shipdate <= '1996-12-31'::date))","Rows Removed by Filter": 3,"Workers": []}]},{"Node Type": "Hash","Parent Relationship": "Inner","Parallel Aware": false,"Async Capable": false,"Startup Cost": 354.10,"Total Cost": 354.10,"Plan Rows": 784,"Plan Width": 108,"Actual Startup Time": 10.961,"Actual Total Time": 10.975,"Actual Rows": 812,"Actual Loops": 3,"Hash Buckets": 1024,"Original Hash Buckets": 1024,"Hash Batches": 1,"Original Hash Batches": 1,"Peak Memory Usage": 58,"Workers": [],"Plans": [{"Node Type": "Hash Join","Parent Relationship": "Outer","Parallel Aware": false,"Async Capable": false,"Join Type": "Inner","Startup Cost": 1.40,"Total Cost": 354.10,"Plan Rows": 784,"Plan Width": 108,"Actual Startup Time": 0.062,"Actual Total Time": 10.777,"Actual Rows": 812,"Actual Loops": 3,"Inner Unique": true,"Hash Cond": "(supplier.s_nationkey = n1.n_nationkey)","Workers": [],"Plans": [{"Node Type": "Seq Scan","Parent Relationship": "Outer","Parallel Aware": false,"Async Capable": false,"Relation Name": "supplier","Alias": "supplier","Startup Cost": 0.00,"Total Cost": 322.00,"Plan Rows": 10000,"Plan Width": 8,"Actual Startup Time": 0.020,"Actual Total Time": 4.321,"Actual Rows": 10000,"Actual Loops": 3,"Workers": []},{"Node Type": "Hash","Parent Relationship": "Inner","Parallel Aware": false,"Async Capable": false,"Startup Cost": 1.38,"Total Cost": 1.38,"Plan Rows": 2,"Plan Width": 108,"Actual Startup Time": 0.015,"Actual Total Time": 0.021,"Actual Rows": 2,"Actual Loops": 3,"Hash Buckets": 1024,"Original Hash Buckets": 1024,"Hash Batches": 1,"Original Hash Batches": 1,"Peak Memory Usage": 9,"Workers": [],"Plans": [{"Node Type": "Seq Scan","Parent Relationship": "Outer","Parallel Aware": false,"Async Capable": false,"Relation Name": "nation","Alias": "n1","Startup Cost": 0.00,"Total Cost": 1.38,"Plan Rows": 2,"Plan Width": 108,"Actual Startup Time": 0.005,"Actual Total Time": 0.011,"Actual Rows": 2,"Actual Loops": 3,"Filter": "((n_name = 'ARGENTINA'::bpchar) OR (n_name = 'VIETNAM'::bpchar))","Rows Removed by Filter": 23,"Workers": []}]}]}]}]}]}]}]}]},"Planning Time": 9.272,"Triggers": [],"Execution Time": 970.132}]
[{"Plan": {"Node Type": "Aggregate","Strategy": "Sorted","Partial Mode": "Finalize","Parallel Aware": false,"Async Capable": false,"Startup Cost": 72556.41,"Total Cost": 73352.71,"Plan Rows": 5893,"Plan Width": 272,"Actual Startup Time": 935.220,"Actual Total Time": 979.667,"Actual Rows": 4,"Actual Loops": 1,"Group Key": ["n1.n_name", "n2.n_name", "(EXTRACT(year FROM lineitem.l_shipdate))"],"Plans": [{"Node Type": "Gather Merge","Parent Relationship": "Outer","Parallel Aware": false,"Async Capable": false,"Startup Cost": 72556.41,"Total Cost": 73202.94,"Plan Rows": 4910,"Plan Width": 272,"Actual Startup Time": 934.551,"Actual Total Time": 979.584,"Actual Rows": 12,"Actual Loops": 1,"Workers Planned": 2,"Workers Launched": 2,"Plans": [{"Node Type": "Aggregate","Strategy": "Sorted","Partial Mode": "Partial","Parent Relationship": "Outer","Parallel Aware": false,"Async Capable": false,"Startup Cost": 71556.39,"Total Cost": 71636.18,"Plan Rows": 2455,"Plan Width": 272,"Actual Startup Time": 926.239,"Actual Total Time": 927.050,"Actual Rows": 4,"Actual Loops": 3,"Group Key": ["n1.n_name", "n2.n_name", "(EXTRACT(year FROM lineitem.l_shipdate))"],"Workers": [],"Plans": [{"Node Type": "Sort","Parent Relationship": "Outer","Parallel Aware": false,"Async Capable": false,"Startup Cost": 71556.39,"Total Cost": 71562.53,"Plan Rows": 2455,"Plan Width": 252,"Actual Startup Time": 925.968,"Actual Total Time": 926.090,"Actual Rows": 1923,"Actual Loops": 3,"Sort Key": ["n1.n_name", "n2.n_name", "(EXTRACT(year FROM lineitem.l_shipdate))"],"Sort Method": "quicksort","Sort Space Used": 322,"Sort Space Type": "Memory","Workers": [{"Worker Number": 0,"Sort Method": "quicksort","Sort Space Used": 250,"Sort Space Type": "Memory"},{"Worker Number": 1,"Sort Method": "quicksort","Sort Space Used": 252,"Sort Space Type": "Memory"}],"Plans": [{"Node Type": "Hash Join","Parent Relationship": "Outer","Parallel Aware": false,"Async Capable": false,"Join Type": "Inner","Startup Cost": 366.16,"Total Cost": 71418.15,"Plan Rows": 2455,"Plan Width": 252,"Actual Startup Time": 12.840,"Actual Total Time": 924.130,"Actual Rows": 1923,"Actual Loops": 3,"Inner Unique": false,"Hash Cond": "(lineitem.l_suppkey = supplier.s_suppkey)","Join Filter": "(((n1.n_name = 'ROMANIA'::bpchar) AND (n2.n_name = 'GERMANY'::bpchar)) OR ((n1.n_name = 'GERMANY'::bpchar) AND (n2.n_name = 'ROMANIA'::bpchar)))","Rows Removed by Join Filter": 1923,"Workers": [],"Plans": [{"Node Type": "Nested Loop","Parent Relationship": "Outer","Parallel Aware": false,"Async Capable": false,"Join Type": "Inner","Startup Cost": 2.26,"Total Cost": 70727.78,"Plan Rows": 60250,"Plan Width": 124,"Actual Startup Time": 0.774,"Actual Total Time": 905.786,"Actual Rows": 49083,"Actual Loops": 3,"Inner Unique": false,"Workers": [],"Plans": [{"Node Type": "Nested Loop","Parent Relationship": "Outer","Parallel Aware": false,"Async Capable": false,"Join Type": "Inner","Startup Cost": 1.83,"Total Cost": 12400.01,"Plan Rows": 49000,"Plan Width": 108,"Actual Startup Time": 0.256,"Actual Total Time": 224.121,"Actual Rows": 40245,"Actual Loops": 3,"Inner Unique": false,"Workers": [],"Plans": [{"Node Type": "Hash Join","Parent Relationship": "Outer","Parallel Aware": false,"Async Capable": false,"Join Type": "Inner","Startup Cost": 1.40,"Total Cost": 4403.27,"Plan Rows": 4900,"Plan Width": 108,"Actual Startup Time": 0.158,"Actual Total Time": 44.070,"Actual Rows": 4003,"Actual Loops": 3,"Inner Unique": true,"Hash Cond": "(customer.c_nationkey = n2.n_nationkey)","Workers": [],"Plans": [{"Node Type": "Seq Scan","Parent Relationship": "Outer","Parallel Aware": true,"Async Capable": false,"Relation Name": "customer","Alias": "customer","Startup Cost": 0.00,"Total Cost": 4210.00,"Plan Rows": 62500,"Plan Width": 8,"Actual Startup Time": 0.013,"Actual Total Time": 9.101,"Actual Rows": 50000,"Actual Loops": 3,"Workers": []},{"Node Type": "Hash","Parent Relationship": "Inner","Parallel Aware": false,"Async Capable": false,"Startup Cost": 1.38,"Total Cost": 1.38,"Plan Rows": 2,"Plan Width": 108,"Actual Startup Time": 0.073,"Actual Total Time": 0.079,"Actual Rows": 2,"Actual Loops": 3,"Hash Buckets": 1024,"Original Hash Buckets": 1024,"Hash Batches": 1,"Original Hash Batches": 1,"Peak Memory Usage": 9,"Workers": [],"Plans": [{"Node Type": "Seq Scan","Parent Relationship": "Outer","Parallel Aware": false,"Async Capable": false,"Relation Name": "nation","Alias": "n2","Startup Cost": 0.00,"Total Cost": 1.38,"Plan Rows": 2,"Plan Width": 108,"Actual Startup Time": 0.059,"Actual Total Time": 0.066,"Actual Rows": 2,"Actual Loops": 3,"Filter": "((n_name = 'GERMANY'::bpchar) OR (n_name = 'ROMANIA'::bpchar))","Rows Removed by Filter": 23,"Workers": []}]}]},{"Node Type": "Index Scan","Parent Relationship": "Inner","Parallel Aware": false,"Async Capable": false,"Scan Direction": "Forward","Index Name": "idx_orders_custkey","Relation Name": "orders","Alias": "orders","Startup Cost": 0.43,"Total Cost": 1.46,"Plan Rows": 17,"Plan Width": 8,"Actual Startup Time": 0.007,"Actual Total Time": 0.044,"Actual Rows": 10,"Actual Loops": 12008,"Index Cond": "(o_custkey = customer.c_custkey)","Rows Removed by Index Recheck": 0,"Workers": []}]},{"Node Type": "Index Scan","Parent Relationship": "Inner","Parallel Aware": false,"Async Capable": false,"Scan Direction": "Forward","Index Name": "idx_lineitem_orderkey","Relation Name": "lineitem","Alias": "lineitem","Startup Cost": 0.43,"Total Cost": 1.14,"Plan Rows": 5,"Plan Width": 24,"Actual Startup Time": 0.016,"Actual Total Time": 0.017,"Actual Rows": 1,"Actual Loops": 120736,"Index Cond": "(l_orderkey = orders.o_orderkey)","Rows Removed by Index Recheck": 0,"Filter": "((l_shipdate >= '1995-01-01'::date) AND (l_shipdate <= '1996-12-31'::date))","Rows Removed by Filter": 3,"Workers": []}]},{"Node Type": "Hash","Parent Relationship": "Inner","Parallel Aware": false,"Async Capable": false,"Startup Cost": 354.10,"Total Cost": 354.10,"Plan Rows": 784,"Plan Width": 108,"Actual Startup Time": 11.264,"Actual Total Time": 11.280,"Actual Rows": 794,"Actual Loops": 3,"Hash Buckets": 1024,"Original Hash Buckets": 1024,"Hash Batches": 1,"Original Hash Batches": 1,"Peak Memory Usage": 57,"Workers": [],"Plans": [{"Node Type": "Hash Join","Parent Relationship": "Outer","Parallel Aware": false,"Async Capable": false,"Join Type": "Inner","Startup Cost": 1.40,"Total Cost": 354.10,"Plan Rows": 784,"Plan Width": 108,"Actual Startup Time": 0.089,"Actual Total Time": 11.089,"Actual Rows": 794,"Actual Loops": 3,"Inner Unique": true,"Hash Cond": "(supplier.s_nationkey = n1.n_nationkey)","Workers": [],"Plans": [{"Node Type": "Seq Scan","Parent Relationship": "Outer","Parallel Aware": false,"Async Capable": false,"Relation Name": "supplier","Alias": "supplier","Startup Cost": 0.00,"Total Cost": 322.00,"Plan Rows": 10000,"Plan Width": 8,"Actual Startup Time": 0.028,"Actual Total Time": 4.370,"Actual Rows": 10000,"Actual Loops": 3,"Workers": []},{"Node Type": "Hash","Parent Relationship": "Inner","Parallel Aware": false,"Async Capable": false,"Startup Cost": 1.38,"Total Cost": 1.38,"Plan Rows": 2,"Plan Width": 108,"Actual Startup Time": 0.019,"Actual Total Time": 0.025,"Actual Rows": 2,"Actual Loops": 3,"Hash Buckets": 1024,"Original Hash Buckets": 1024,"Hash Batches": 1,"Original Hash Batches": 1,"Peak Memory Usage": 9,"Workers": [],"Plans": [{"Node Type": "Seq Scan","Parent Relationship": "Outer","Parallel Aware": false,"Async Capable": false,"Relation Name": "nation","Alias": "n1","Startup Cost": 0.00,"Total Cost": 1.38,"Plan Rows": 2,"Plan Width": 108,"Actual Startup Time": 0.005,"Actual Total Time": 0.010,"Actual Rows": 2,"Actual Loops": 3,"Filter": "((n_name = 'ROMANIA'::bpchar) OR (n_name = 'GERMANY'::bpchar))","Rows Removed by Filter": 23,"Workers": []}]}]}]}]}]}]}]}]},"Planning Time": 9.225,"Triggers": [],"Execution Time": 980.150}]
[{"Plan": {"Node Type": "Aggregate","Strategy": "Sorted","Partial Mode": "Finalize","Parallel Aware": false,"Async Capable": false,"Startup Cost": 72556.41,"Total Cost": 73352.71,"Plan Rows": 5893,"Plan Width": 272,"Actual Startup Time": 940.757,"Actual Total Time": 992.781,"Actual Rows": 4,"Actual Loops": 1,"Group Key": ["n1.n_name", "n2.n_name", "(EXTRACT(year FROM lineitem.l_shipdate))"],"Plans": [{"Node Type": "Gather Merge","Parent Relationship": "Outer","Parallel Aware": false,"Async Capable": false,"Startup Cost": 72556.41,"Total Cost": 73202.94,"Plan Rows": 4910,"Plan Width": 272,"Actual Startup Time": 940.488,"Actual Total Time": 992.717,"Actual Rows": 12,"Actual Loops": 1,"Workers Planned": 2,"Workers Launched": 2,"Plans": [{"Node Type": "Aggregate","Strategy": "Sorted","Partial Mode": "Partial","Parent Relationship": "Outer","Parallel Aware": false,"Async Capable": false,"Startup Cost": 71556.39,"Total Cost": 71636.18,"Plan Rows": 2455,"Plan Width": 272,"Actual Startup Time": 930.851,"Actual Total Time": 931.500,"Actual Rows": 4,"Actual Loops": 3,"Group Key": ["n1.n_name", "n2.n_name", "(EXTRACT(year FROM lineitem.l_shipdate))"],"Workers": [],"Plans": [{"Node Type": "Sort","Parent Relationship": "Outer","Parallel Aware": false,"Async Capable": false,"Startup Cost": 71556.39,"Total Cost": 71562.53,"Plan Rows": 2455,"Plan Width": 252,"Actual Startup Time": 930.605,"Actual Total Time": 930.702,"Actual Rows": 1936,"Actual Loops": 3,"Sort Key": ["n1.n_name", "n2.n_name", "(EXTRACT(year FROM lineitem.l_shipdate))"],"Sort Method": "quicksort","Sort Space Used": 266,"Sort Space Type": "Memory","Workers": [{"Worker Number": 0,"Sort Method": "quicksort","Sort Space Used": 256,"Sort Space Type": "Memory"},{"Worker Number": 1,"Sort Method": "quicksort","Sort Space Used": 259,"Sort Space Type": "Memory"}],"Plans": [{"Node Type": "Hash Join","Parent Relationship": "Outer","Parallel Aware": false,"Async Capable": false,"Join Type": "Inner","Startup Cost": 366.16,"Total Cost": 71418.15,"Plan Rows": 2455,"Plan Width": 252,"Actual Startup Time": 9.875,"Actual Total Time": 928.819,"Actual Rows": 1936,"Actual Loops": 3,"Inner Unique": false,"Hash Cond": "(lineitem.l_suppkey = supplier.s_suppkey)","Join Filter": "(((n1.n_name = 'UNITED KINGDOM'::bpchar) AND (n2.n_name = 'FRANCE'::bpchar)) OR ((n1.n_name = 'FRANCE'::bpchar) AND (n2.n_name = 'UNITED KINGDOM'::bpchar)))","Rows Removed by Join Filter": 1979,"Workers": [],"Plans": [{"Node Type": "Nested Loop","Parent Relationship": "Outer","Parallel Aware": false,"Async Capable": false,"Join Type": "Inner","Startup Cost": 2.26,"Total Cost": 70727.78,"Plan Rows": 60250,"Plan Width": 124,"Actual Startup Time": 0.538,"Actual Total Time": 913.371,"Actual Rows": 49303,"Actual Loops": 3,"Inner Unique": false,"Workers": [],"Plans": [{"Node Type": "Nested Loop","Parent Relationship": "Outer","Parallel Aware": false,"Async Capable": false,"Join Type": "Inner","Startup Cost": 1.83,"Total Cost": 12400.01,"Plan Rows": 49000,"Plan Width": 108,"Actual Startup Time": 0.301,"Actual Total Time": 228.230,"Actual Rows": 40352,"Actual Loops": 3,"Inner Unique": false,"Workers": [],"Plans": [{"Node Type": "Hash Join","Parent Relationship": "Outer","Parallel Aware": false,"Async Capable": false,"Join Type": "Inner","Startup Cost": 1.40,"Total Cost": 4403.27,"Plan Rows": 4900,"Plan Width": 108,"Actual Startup Time": 0.150,"Actual Total Time": 46.785,"Actual Rows": 4037,"Actual Loops": 3,"Inner Unique": true,"Hash Cond": "(customer.c_nationkey = n2.n_nationkey)","Workers": [],"Plans": [{"Node Type": "Seq Scan","Parent Relationship": "Outer","Parallel Aware": true,"Async Capable": false,"Relation Name": "customer","Alias": "customer","Startup Cost": 0.00,"Total Cost": 4210.00,"Plan Rows": 62500,"Plan Width": 8,"Actual Startup Time": 0.011,"Actual Total Time": 9.688,"Actual Rows": 50000,"Actual Loops": 3,"Workers": []},{"Node Type": "Hash","Parent Relationship": "Inner","Parallel Aware": false,"Async Capable": false,"Startup Cost": 1.38,"Total Cost": 1.38,"Plan Rows": 2,"Plan Width": 108,"Actual Startup Time": 0.065,"Actual Total Time": 0.069,"Actual Rows": 2,"Actual Loops": 3,"Hash Buckets": 1024,"Original Hash Buckets": 1024,"Hash Batches": 1,"Original Hash Batches": 1,"Peak Memory Usage": 9,"Workers": [],"Plans": [{"Node Type": "Seq Scan","Parent Relationship": "Outer","Parallel Aware": false,"Async Capable": false,"Relation Name": "nation","Alias": "n2","Startup Cost": 0.00,"Total Cost": 1.38,"Plan Rows": 2,"Plan Width": 108,"Actual Startup Time": 0.049,"Actual Total Time": 0.054,"Actual Rows": 2,"Actual Loops": 3,"Filter": "((n_name = 'FRANCE'::bpchar) OR (n_name = 'UNITED KINGDOM'::bpchar))","Rows Removed by Filter": 23,"Workers": []}]}]},{"Node Type": "Index Scan","Parent Relationship": "Inner","Parallel Aware": false,"Async Capable": false,"Scan Direction": "Forward","Index Name": "idx_orders_custkey","Relation Name": "orders","Alias": "orders","Startup Cost": 0.43,"Total Cost": 1.46,"Plan Rows": 17,"Plan Width": 8,"Actual Startup Time": 0.007,"Actual Total Time": 0.044,"Actual Rows": 10,"Actual Loops": 12111,"Index Cond": "(o_custkey = customer.c_custkey)","Rows Removed by Index Recheck": 0,"Workers": []}]},{"Node Type": "Index Scan","Parent Relationship": "Inner","Parallel Aware": false,"Async Capable": false,"Scan Direction": "Forward","Index Name": "idx_lineitem_orderkey","Relation Name": "lineitem","Alias": "lineitem","Startup Cost": 0.43,"Total Cost": 1.14,"Plan Rows": 5,"Plan Width": 24,"Actual Startup Time": 0.016,"Actual Total Time": 0.017,"Actual Rows": 1,"Actual Loops": 121055,"Index Cond": "(l_orderkey = orders.o_orderkey)","Rows Removed by Index Recheck": 0,"Filter": "((l_shipdate >= '1995-01-01'::date) AND (l_shipdate <= '1996-12-31'::date))","Rows Removed by Filter": 3,"Workers": []}]},{"Node Type": "Hash","Parent Relationship": "Inner","Parallel Aware": false,"Async Capable": false,"Startup Cost": 354.10,"Total Cost": 354.10,"Plan Rows": 784,"Plan Width": 108,"Actual Startup Time": 7.950,"Actual Total Time": 7.963,"Actual Rows": 792,"Actual Loops": 3,"Hash Buckets": 1024,"Original Hash Buckets": 1024,"Hash Batches": 1,"Original Hash Batches": 1,"Peak Memory Usage": 56,"Workers": [],"Plans": [{"Node Type": "Hash Join","Parent Relationship": "Outer","Parallel Aware": false,"Async Capable": false,"Join Type": "Inner","Startup Cost": 1.40,"Total Cost": 354.10,"Plan Rows": 784,"Plan Width": 108,"Actual Startup Time": 0.064,"Actual Total Time": 7.771,"Actual Rows": 792,"Actual Loops": 3,"Inner Unique": true,"Hash Cond": "(supplier.s_nationkey = n1.n_nationkey)","Workers": [],"Plans": [{"Node Type": "Seq Scan","Parent Relationship": "Outer","Parallel Aware": false,"Async Capable": false,"Relation Name": "supplier","Alias": "supplier","Startup Cost": 0.00,"Total Cost": 322.00,"Plan Rows": 10000,"Plan Width": 8,"Actual Startup Time": 0.026,"Actual Total Time": 3.935,"Actual Rows": 10000,"Actual Loops": 3,"Workers": []},{"Node Type": "Hash","Parent Relationship": "Inner","Parallel Aware": false,"Async Capable": false,"Startup Cost": 1.38,"Total Cost": 1.38,"Plan Rows": 2,"Plan Width": 108,"Actual Startup Time": 0.012,"Actual Total Time": 0.018,"Actual Rows": 2,"Actual Loops": 3,"Hash Buckets": 1024,"Original Hash Buckets": 1024,"Hash Batches": 1,"Original Hash Batches": 1,"Peak Memory Usage": 9,"Workers": [],"Plans": [{"Node Type": "Seq Scan","Parent Relationship": "Outer","Parallel Aware": false,"Async Capable": false,"Relation Name": "nation","Alias": "n1","Startup Cost": 0.00,"Total Cost": 1.38,"Plan Rows": 2,"Plan Width": 108,"Actual Startup Time": 0.005,"Actual Total Time": 0.009,"Actual Rows": 2,"Actual Loops": 3,"Filter": "((n_name = 'UNITED KINGDOM'::bpchar) OR (n_name = 'FRANCE'::bpchar))","Rows Removed by Filter": 23,"Workers": []}]}]}]}]}]}]}]}]},"Planning Time": 9.157,"Triggers": [],"Execution Time": 993.256}]
[{"Plan": {"Node Type": "Aggregate","Strategy": "Sorted","Partial Mode": "Finalize","Parallel Aware": false,"Async Capable": false,"Startup Cost": 72556.41,"Total Cost": 73352.71,"Plan Rows": 5893,"Plan Width": 272,"Actual Startup Time": 924.201,"Actual Total Time": 977.216,"Actual Rows": 4,"Actual Loops": 1,"Group Key": ["n1.n_name", "n2.n_name", "(EXTRACT(year FROM lineitem.l_shipdate))"],"Plans": [{"Node Type": "Gather Merge","Parent Relationship": "Outer","Parallel Aware": false,"Async Capable": false,"Startup Cost": 72556.41,"Total Cost": 73202.94,"Plan Rows": 4910,"Plan Width": 272,"Actual Startup Time": 923.654,"Actual Total Time": 977.107,"Actual Rows": 12,"Actual Loops": 1,"Workers Planned": 2,"Workers Launched": 2,"Plans": [{"Node Type": "Aggregate","Strategy": "Sorted","Partial Mode": "Partial","Parent Relationship": "Outer","Parallel Aware": false,"Async Capable": false,"Startup Cost": 71556.39,"Total Cost": 71636.18,"Plan Rows": 2455,"Plan Width": 272,"Actual Startup Time": 915.103,"Actual Total Time": 915.839,"Actual Rows": 4,"Actual Loops": 3,"Group Key": ["n1.n_name", "n2.n_name", "(EXTRACT(year FROM lineitem.l_shipdate))"],"Workers": [],"Plans": [{"Node Type": "Sort","Parent Relationship": "Outer","Parallel Aware": false,"Async Capable": false,"Startup Cost": 71556.39,"Total Cost": 71562.53,"Plan Rows": 2455,"Plan Width": 252,"Actual Startup Time": 914.853,"Actual Total Time": 914.966,"Actual Rows": 1899,"Actual Loops": 3,"Sort Key": ["n1.n_name", "n2.n_name", "(EXTRACT(year FROM lineitem.l_shipdate))"],"Sort Method": "quicksort","Sort Space Used": 259,"Sort Space Type": "Memory","Workers": [{"Worker Number": 0,"Sort Method": "quicksort","Sort Space Used": 259,"Sort Space Type": "Memory"},{"Worker Number": 1,"Sort Method": "quicksort","Sort Space Used": 251,"Sort Space Type": "Memory"}],"Plans": [{"Node Type": "Hash Join","Parent Relationship": "Outer","Parallel Aware": false,"Async Capable": false,"Join Type": "Inner","Startup Cost": 366.16,"Total Cost": 71418.15,"Plan Rows": 2455,"Plan Width": 252,"Actual Startup Time": 9.239,"Actual Total Time": 913.034,"Actual Rows": 1899,"Actual Loops": 3,"Inner Unique": false,"Hash Cond": "(lineitem.l_suppkey = supplier.s_suppkey)","Join Filter": "(((n1.n_name = 'ETHIOPIA'::bpchar) AND (n2.n_name = 'VIETNAM'::bpchar)) OR ((n1.n_name = 'VIETNAM'::bpchar) AND (n2.n_name = 'ETHIOPIA'::bpchar)))","Rows Removed by Join Filter": 1915,"Workers": [],"Plans": [{"Node Type": "Nested Loop","Parent Relationship": "Outer","Parallel Aware": false,"Async Capable": false,"Join Type": "Inner","Startup Cost": 2.26,"Total Cost": 70727.78,"Plan Rows": 60250,"Plan Width": 124,"Actual Startup Time": 0.503,"Actual Total Time": 897.921,"Actual Rows": 48936,"Actual Loops": 3,"Inner Unique": false,"Workers": [],"Plans": [{"Node Type": "Nested Loop","Parent Relationship": "Outer","Parallel Aware": false,"Async Capable": false,"Join Type": "Inner","Startup Cost": 1.83,"Total Cost": 12400.01,"Plan Rows": 49000,"Plan Width": 108,"Actual Startup Time": 0.336,"Actual Total Time": 225.979,"Actual Rows": 40018,"Actual Loops": 3,"Inner Unique": false,"Workers": [],"Plans": [{"Node Type": "Hash Join","Parent Relationship": "Outer","Parallel Aware": false,"Async Capable": false,"Join Type": "Inner","Startup Cost": 1.40,"Total Cost": 4403.27,"Plan Rows": 4900,"Plan Width": 108,"Actual Startup Time": 0.192,"Actual Total Time": 46.735,"Actual Rows": 3987,"Actual Loops": 3,"Inner Unique": true,"Hash Cond": "(customer.c_nationkey = n2.n_nationkey)","Workers": [],"Plans": [{"Node Type": "Seq Scan","Parent Relationship": "Outer","Parallel Aware": true,"Async Capable": false,"Relation Name": "customer","Alias": "customer","Startup Cost": 0.00,"Total Cost": 4210.00,"Plan Rows": 62500,"Plan Width": 8,"Actual Startup Time": 0.012,"Actual Total Time": 9.628,"Actual Rows": 50000,"Actual Loops": 3,"Workers": []},{"Node Type": "Hash","Parent Relationship": "Inner","Parallel Aware": false,"Async Capable": false,"Startup Cost": 1.38,"Total Cost": 1.38,"Plan Rows": 2,"Plan Width": 108,"Actual Startup Time": 0.081,"Actual Total Time": 0.086,"Actual Rows": 2,"Actual Loops": 3,"Hash Buckets": 1024,"Original Hash Buckets": 1024,"Hash Batches": 1,"Original Hash Batches": 1,"Peak Memory Usage": 9,"Workers": [],"Plans": [{"Node Type": "Seq Scan","Parent Relationship": "Outer","Parallel Aware": false,"Async Capable": false,"Relation Name": "nation","Alias": "n2","Startup Cost": 0.00,"Total Cost": 1.38,"Plan Rows": 2,"Plan Width": 108,"Actual Startup Time": 0.056,"Actual Total Time": 0.063,"Actual Rows": 2,"Actual Loops": 3,"Filter": "((n_name = 'VIETNAM'::bpchar) OR (n_name = 'ETHIOPIA'::bpchar))","Rows Removed by Filter": 23,"Workers": []}]}]},{"Node Type": "Index Scan","Parent Relationship": "Inner","Parallel Aware": false,"Async Capable": false,"Scan Direction": "Forward","Index Name": "idx_orders_custkey","Relation Name": "orders","Alias": "orders","Startup Cost": 0.43,"Total Cost": 1.46,"Plan Rows": 17,"Plan Width": 8,"Actual Startup Time": 0.007,"Actual Total Time": 0.044,"Actual Rows": 10,"Actual Loops": 11960,"Index Cond": "(o_custkey = customer.c_custkey)","Rows Removed by Index Recheck": 0,"Workers": []}]},{"Node Type": "Index Scan","Parent Relationship": "Inner","Parallel Aware": false,"Async Capable": false,"Scan Direction": "Forward","Index Name": "idx_lineitem_orderkey","Relation Name": "lineitem","Alias": "lineitem","Startup Cost": 0.43,"Total Cost": 1.14,"Plan Rows": 5,"Plan Width": 24,"Actual Startup Time": 0.016,"Actual Total Time": 0.017,"Actual Rows": 1,"Actual Loops": 120053,"Index Cond": "(l_orderkey = orders.o_orderkey)","Rows Removed by Index Recheck": 0,"Filter": "((l_shipdate >= '1995-01-01'::date) AND (l_shipdate <= '1996-12-31'::date))","Rows Removed by Filter": 3,"Workers": []}]},{"Node Type": "Hash","Parent Relationship": "Inner","Parallel Aware": false,"Async Capable": false,"Startup Cost": 354.10,"Total Cost": 354.10,"Plan Rows": 784,"Plan Width": 108,"Actual Startup Time": 7.907,"Actual Total Time": 7.922,"Actual Rows": 779,"Actual Loops": 3,"Hash Buckets": 1024,"Original Hash Buckets": 1024,"Hash Batches": 1,"Original Hash Batches": 1,"Peak Memory Usage": 56,"Workers": [],"Plans": [{"Node Type": "Hash Join","Parent Relationship": "Outer","Parallel Aware": false,"Async Capable": false,"Join Type": "Inner","Startup Cost": 1.40,"Total Cost": 354.10,"Plan Rows": 784,"Plan Width": 108,"Actual Startup Time": 0.089,"Actual Total Time": 7.717,"Actual Rows": 779,"Actual Loops": 3,"Inner Unique": true,"Hash Cond": "(supplier.s_nationkey = n1.n_nationkey)","Workers": [],"Plans": [{"Node Type": "Seq Scan","Parent Relationship": "Outer","Parallel Aware": false,"Async Capable": false,"Relation Name": "supplier","Alias": "supplier","Startup Cost": 0.00,"Total Cost": 322.00,"Plan Rows": 10000,"Plan Width": 8,"Actual Startup Time": 0.033,"Actual Total Time": 4.382,"Actual Rows": 10000,"Actual Loops": 3,"Workers": []},{"Node Type": "Hash","Parent Relationship": "Inner","Parallel Aware": false,"Async Capable": false,"Startup Cost": 1.38,"Total Cost": 1.38,"Plan Rows": 2,"Plan Width": 108,"Actual Startup Time": 0.024,"Actual Total Time": 0.030,"Actual Rows": 2,"Actual Loops": 3,"Hash Buckets": 1024,"Original Hash Buckets": 1024,"Hash Batches": 1,"Original Hash Batches": 1,"Peak Memory Usage": 9,"Workers": [],"Plans": [{"Node Type": "Seq Scan","Parent Relationship": "Outer","Parallel Aware": false,"Async Capable": false,"Relation Name": "nation","Alias": "n1","Startup Cost": 0.00,"Total Cost": 1.38,"Plan Rows": 2,"Plan Width": 108,"Actual Startup Time": 0.006,"Actual Total Time": 0.014,"Actual Rows": 2,"Actual Loops": 3,"Filter": "((n_name = 'ETHIOPIA'::bpchar) OR (n_name = 'VIETNAM'::bpchar))","Rows Removed by Filter": 23,"Workers": []}]}]}]}]}]}]}]}]},"Planning Time": 8.698,"Triggers": [],"Execution Time": 977.692}]
[{"Plan": {"Node Type": "Aggregate","Strategy": "Sorted","Partial Mode": "Finalize","Parallel Aware": false,"Async Capable": false,"Startup Cost": 72556.41,"Total Cost": 73352.71,"Plan Rows": 5893,"Plan Width": 272,"Actual Startup Time": 909.852,"Actual Total Time": 954.019,"Actual Rows": 4,"Actual Loops": 1,"Group Key": ["n1.n_name", "n2.n_name", "(EXTRACT(year FROM lineitem.l_shipdate))"],"Plans": [{"Node Type": "Gather Merge","Parent Relationship": "Outer","Parallel Aware": false,"Async Capable": false,"Startup Cost": 72556.41,"Total Cost": 73202.94,"Plan Rows": 4910,"Plan Width": 272,"Actual Startup Time": 909.444,"Actual Total Time": 953.949,"Actual Rows": 12,"Actual Loops": 1,"Workers Planned": 2,"Workers Launched": 2,"Plans": [{"Node Type": "Aggregate","Strategy": "Sorted","Partial Mode": "Partial","Parent Relationship": "Outer","Parallel Aware": false,"Async Capable": false,"Startup Cost": 71556.39,"Total Cost": 71636.18,"Plan Rows": 2455,"Plan Width": 272,"Actual Startup Time": 901.561,"Actual Total Time": 902.283,"Actual Rows": 4,"Actual Loops": 3,"Group Key": ["n1.n_name", "n2.n_name", "(EXTRACT(year FROM lineitem.l_shipdate))"],"Workers": [],"Plans": [{"Node Type": "Sort","Parent Relationship": "Outer","Parallel Aware": false,"Async Capable": false,"Startup Cost": 71556.39,"Total Cost": 71562.53,"Plan Rows": 2455,"Plan Width": 252,"Actual Startup Time": 901.291,"Actual Total Time": 901.402,"Actual Rows": 2003,"Actual Loops": 3,"Sort Key": ["n1.n_name", "n2.n_name", "(EXTRACT(year FROM lineitem.l_shipdate))"],"Sort Method": "quicksort","Sort Space Used": 325,"Sort Space Type": "Memory","Workers": [{"Worker Number": 0,"Sort Method": "quicksort","Sort Space Used": 266,"Sort Space Type": "Memory"},{"Worker Number": 1,"Sort Method": "quicksort","Sort Space Used": 259,"Sort Space Type": "Memory"}],"Plans": [{"Node Type": "Hash Join","Parent Relationship": "Outer","Parallel Aware": false,"Async Capable": false,"Join Type": "Inner","Startup Cost": 366.16,"Total Cost": 71418.15,"Plan Rows": 2455,"Plan Width": 252,"Actual Startup Time": 12.263,"Actual Total Time": 899.351,"Actual Rows": 2003,"Actual Loops": 3,"Inner Unique": false,"Hash Cond": "(lineitem.l_suppkey = supplier.s_suppkey)","Join Filter": "(((n1.n_name = 'EGYPT'::bpchar) AND (n2.n_name = 'SAUDI ARABIA'::bpchar)) OR ((n1.n_name = 'SAUDI ARABIA'::bpchar) AND (n2.n_name = 'EGYPT'::bpchar)))","Rows Removed by Join Filter": 1977,"Workers": [],"Plans": [{"Node Type": "Nested Loop","Parent Relationship": "Outer","Parallel Aware": false,"Async Capable": false,"Join Type": "Inner","Startup Cost": 2.26,"Total Cost": 70727.78,"Plan Rows": 60250,"Plan Width": 124,"Actual Startup Time": 0.703,"Actual Total Time": 880.863,"Actual Rows": 47992,"Actual Loops": 3,"Inner Unique": false,"Workers": [],"Plans": [{"Node Type": "Nested Loop","Parent Relationship": "Outer","Parallel Aware": false,"Async Capable": false,"Join Type": "Inner","Startup Cost": 1.83,"Total Cost": 12400.01,"Plan Rows": 49000,"Plan Width": 108,"Actual Startup Time": 0.299,"Actual Total Time": 218.858,"Actual Rows": 39188,"Actual Loops": 3,"Inner Unique": false,"Workers": [],"Plans": [{"Node Type": "Hash Join","Parent Relationship": "Outer","Parallel Aware": false,"Async Capable": false,"Join Type": "Inner","Startup Cost": 1.40,"Total Cost": 4403.27,"Plan Rows": 4900,"Plan Width": 108,"Actual Startup Time": 0.173,"Actual Total Time": 43.993,"Actual Rows": 3966,"Actual Loops": 3,"Inner Unique": true,"Hash Cond": "(customer.c_nationkey = n2.n_nationkey)","Workers": [],"Plans": [{"Node Type": "Seq Scan","Parent Relationship": "Outer","Parallel Aware": true,"Async Capable": false,"Relation Name": "customer","Alias": "customer","Startup Cost": 0.00,"Total Cost": 4210.00,"Plan Rows": 62500,"Plan Width": 8,"Actual Startup Time": 0.011,"Actual Total Time": 9.093,"Actual Rows": 50000,"Actual Loops": 3,"Workers": []},{"Node Type": "Hash","Parent Relationship": "Inner","Parallel Aware": false,"Async Capable": false,"Startup Cost": 1.38,"Total Cost": 1.38,"Plan Rows": 2,"Plan Width": 108,"Actual Startup Time": 0.075,"Actual Total Time": 0.080,"Actual Rows": 2,"Actual Loops": 3,"Hash Buckets": 1024,"Original Hash Buckets": 1024,"Hash Batches": 1,"Original Hash Batches": 1,"Peak Memory Usage": 9,"Workers": [],"Plans": [{"Node Type": "Seq Scan","Parent Relationship": "Outer","Parallel Aware": false,"Async Capable": false,"Relation Name": "nation","Alias": "n2","Startup Cost": 0.00,"Total Cost": 1.38,"Plan Rows": 2,"Plan Width": 108,"Actual Startup Time": 0.056,"Actual Total Time": 0.063,"Actual Rows": 2,"Actual Loops": 3,"Filter": "((n_name = 'SAUDI ARABIA'::bpchar) OR (n_name = 'EGYPT'::bpchar))","Rows Removed by Filter": 23,"Workers": []}]}]},{"Node Type": "Index Scan","Parent Relationship": "Inner","Parallel Aware": false,"Async Capable": false,"Scan Direction": "Forward","Index Name": "idx_orders_custkey","Relation Name": "orders","Alias": "orders","Startup Cost": 0.43,"Total Cost": 1.46,"Plan Rows": 17,"Plan Width": 8,"Actual Startup Time": 0.007,"Actual Total Time": 0.043,"Actual Rows": 10,"Actual Loops": 11899,"Index Cond": "(o_custkey = customer.c_custkey)","Rows Removed by Index Recheck": 0,"Workers": []}]},{"Node Type": "Index Scan","Parent Relationship": "Inner","Parallel Aware": false,"Async Capable": false,"Scan Direction": "Forward","Index Name": "idx_lineitem_orderkey","Relation Name": "lineitem","Alias": "lineitem","Startup Cost": 0.43,"Total Cost": 1.14,"Plan Rows": 5,"Plan Width": 24,"Actual Startup Time": 0.016,"Actual Total Time": 0.017,"Actual Rows": 1,"Actual Loops": 117564,"Index Cond": "(l_orderkey = orders.o_orderkey)","Rows Removed by Index Recheck": 0,"Filter": "((l_shipdate >= '1995-01-01'::date) AND (l_shipdate <= '1996-12-31'::date))","Rows Removed by Filter": 3,"Workers": []}]},{"Node Type": "Hash","Parent Relationship": "Inner","Parallel Aware": false,"Async Capable": false,"Startup Cost": 354.10,"Total Cost": 354.10,"Plan Rows": 784,"Plan Width": 108,"Actual Startup Time": 11.312,"Actual Total Time": 11.326,"Actual Rows": 826,"Actual Loops": 3,"Hash Buckets": 1024,"Original Hash Buckets": 1024,"Hash Batches": 1,"Original Hash Batches": 1,"Peak Memory Usage": 59,"Workers": [],"Plans": [{"Node Type": "Hash Join","Parent Relationship": "Outer","Parallel Aware": false,"Async Capable": false,"Join Type": "Inner","Startup Cost": 1.40,"Total Cost": 354.10,"Plan Rows": 784,"Plan Width": 108,"Actual Startup Time": 0.094,"Actual Total Time": 11.113,"Actual Rows": 826,"Actual Loops": 3,"Inner Unique": true,"Hash Cond": "(supplier.s_nationkey = n1.n_nationkey)","Workers": [],"Plans": [{"Node Type": "Seq Scan","Parent Relationship": "Outer","Parallel Aware": false,"Async Capable": false,"Relation Name": "supplier","Alias": "supplier","Startup Cost": 0.00,"Total Cost": 322.00,"Plan Rows": 10000,"Plan Width": 8,"Actual Startup Time": 0.033,"Actual Total Time": 4.528,"Actual Rows": 10000,"Actual Loops": 3,"Workers": []},{"Node Type": "Hash","Parent Relationship": "Inner","Parallel Aware": false,"Async Capable": false,"Startup Cost": 1.38,"Total Cost": 1.38,"Plan Rows": 2,"Plan Width": 108,"Actual Startup Time": 0.019,"Actual Total Time": 0.024,"Actual Rows": 2,"Actual Loops": 3,"Hash Buckets": 1024,"Original Hash Buckets": 1024,"Hash Batches": 1,"Original Hash Batches": 1,"Peak Memory Usage": 9,"Workers": [],"Plans": [{"Node Type": "Seq Scan","Parent Relationship": "Outer","Parallel Aware": false,"Async Capable": false,"Relation Name": "nation","Alias": "n1","Startup Cost": 0.00,"Total Cost": 1.38,"Plan Rows": 2,"Plan Width": 108,"Actual Startup Time": 0.005,"Actual Total Time": 0.011,"Actual Rows": 2,"Actual Loops": 3,"Filter": "((n_name = 'EGYPT'::bpchar) OR (n_name = 'SAUDI ARABIA'::bpchar))","Rows Removed by Filter": 23,"Workers": []}]}]}]}]}]}]}]}]},"Planning Time": 8.129,"Triggers": [],"Execution Time": 954.461}]
[{"Plan": {"Node Type": "Aggregate","Strategy": "Sorted","Partial Mode": "Finalize","Parallel Aware": false,"Async Capable": false,"Startup Cost": 72556.41,"Total Cost": 73352.71,"Plan Rows": 5893,"Plan Width": 272,"Actual Startup Time": 922.580,"Actual Total Time": 966.972,"Actual Rows": 4,"Actual Loops": 1,"Group Key": ["n1.n_name", "n2.n_name", "(EXTRACT(year FROM lineitem.l_shipdate))"],"Plans": [{"Node Type": "Gather Merge","Parent Relationship": "Outer","Parallel Aware": false,"Async Capable": false,"Startup Cost": 72556.41,"Total Cost": 73202.94,"Plan Rows": 4910,"Plan Width": 272,"Actual Startup Time": 922.291,"Actual Total Time": 966.906,"Actual Rows": 12,"Actual Loops": 1,"Workers Planned": 2,"Workers Launched": 2,"Plans": [{"Node Type": "Aggregate","Strategy": "Sorted","Partial Mode": "Partial","Parent Relationship": "Outer","Parallel Aware": false,"Async Capable": false,"Startup Cost": 71556.39,"Total Cost": 71636.18,"Plan Rows": 2455,"Plan Width": 272,"Actual Startup Time": 914.322,"Actual Total Time": 914.989,"Actual Rows": 4,"Actual Loops": 3,"Group Key": ["n1.n_name", "n2.n_name", "(EXTRACT(year FROM lineitem.l_shipdate))"],"Workers": [],"Plans": [{"Node Type": "Sort","Parent Relationship": "Outer","Parallel Aware": false,"Async Capable": false,"Startup Cost": 71556.39,"Total Cost": 71562.53,"Plan Rows": 2455,"Plan Width": 252,"Actual Startup Time": 914.059,"Actual Total Time": 914.158,"Actual Rows": 1854,"Actual Loops": 3,"Sort Key": ["n1.n_name", "n2.n_name", "(EXTRACT(year FROM lineitem.l_shipdate))"],"Sort Method": "quicksort","Sort Space Used": 261,"Sort Space Type": "Memory","Workers": [{"Worker Number": 0,"Sort Method": "quicksort","Sort Space Used": 249,"Sort Space Type": "Memory"},{"Worker Number": 1,"Sort Method": "quicksort","Sort Space Used": 244,"Sort Space Type": "Memory"}],"Plans": [{"Node Type": "Hash Join","Parent Relationship": "Outer","Parallel Aware": false,"Async Capable": false,"Join Type": "Inner","Startup Cost": 366.16,"Total Cost": 71418.15,"Plan Rows": 2455,"Plan Width": 252,"Actual Startup Time": 10.414,"Actual Total Time": 912.245,"Actual Rows": 1854,"Actual Loops": 3,"Inner Unique": false,"Hash Cond": "(lineitem.l_suppkey = supplier.s_suppkey)","Join Filter": "(((n1.n_name = 'GERMANY'::bpchar) AND (n2.n_name = 'JAPAN'::bpchar)) OR ((n1.n_name = 'JAPAN'::bpchar) AND (n2.n_name = 'GERMANY'::bpchar)))","Rows Removed by Join Filter": 1833,"Workers": [],"Plans": [{"Node Type": "Nested Loop","Parent Relationship": "Outer","Parallel Aware": false,"Async Capable": false,"Join Type": "Inner","Startup Cost": 2.26,"Total Cost": 70727.78,"Plan Rows": 60250,"Plan Width": 124,"Actual Startup Time": 0.433,"Actual Total Time": 895.943,"Actual Rows": 48428,"Actual Loops": 3,"Inner Unique": false,"Workers": [],"Plans": [{"Node Type": "Nested Loop","Parent Relationship": "Outer","Parallel Aware": false,"Async Capable": false,"Join Type": "Inner","Startup Cost": 1.83,"Total Cost": 12400.01,"Plan Rows": 49000,"Plan Width": 108,"Actual Startup Time": 0.313,"Actual Total Time": 224.459,"Actual Rows": 39710,"Actual Loops": 3,"Inner Unique": false,"Workers": [],"Plans": [{"Node Type": "Hash Join","Parent Relationship": "Outer","Parallel Aware": false,"Async Capable": false,"Join Type": "Inner","Startup Cost": 1.40,"Total Cost": 4403.27,"Plan Rows": 4900,"Plan Width": 108,"Actual Startup Time": 0.185,"Actual Total Time": 47.081,"Actual Rows": 3952,"Actual Loops": 3,"Inner Unique": true,"Hash Cond": "(customer.c_nationkey = n2.n_nationkey)","Workers": [],"Plans": [{"Node Type": "Seq Scan","Parent Relationship": "Outer","Parallel Aware": true,"Async Capable": false,"Relation Name": "customer","Alias": "customer","Startup Cost": 0.00,"Total Cost": 4210.00,"Plan Rows": 62500,"Plan Width": 8,"Actual Startup Time": 0.014,"Actual Total Time": 9.472,"Actual Rows": 50000,"Actual Loops": 3,"Workers": []},{"Node Type": "Hash","Parent Relationship": "Inner","Parallel Aware": false,"Async Capable": false,"Startup Cost": 1.38,"Total Cost": 1.38,"Plan Rows": 2,"Plan Width": 108,"Actual Startup Time": 0.077,"Actual Total Time": 0.084,"Actual Rows": 2,"Actual Loops": 3,"Hash Buckets": 1024,"Original Hash Buckets": 1024,"Hash Batches": 1,"Original Hash Batches": 1,"Peak Memory Usage": 9,"Workers": [],"Plans": [{"Node Type": "Seq Scan","Parent Relationship": "Outer","Parallel Aware": false,"Async Capable": false,"Relation Name": "nation","Alias": "n2","Startup Cost": 0.00,"Total Cost": 1.38,"Plan Rows": 2,"Plan Width": 108,"Actual Startup Time": 0.056,"Actual Total Time": 0.065,"Actual Rows": 2,"Actual Loops": 3,"Filter": "((n_name = 'JAPAN'::bpchar) OR (n_name = 'GERMANY'::bpchar))","Rows Removed by Filter": 23,"Workers": []}]}]},{"Node Type": "Index Scan","Parent Relationship": "Inner","Parallel Aware": false,"Async Capable": false,"Scan Direction": "Forward","Index Name": "idx_orders_custkey","Relation Name": "orders","Alias": "orders","Startup Cost": 0.43,"Total Cost": 1.46,"Plan Rows": 17,"Plan Width": 8,"Actual Startup Time": 0.007,"Actual Total Time": 0.044,"Actual Rows": 10,"Actual Loops": 11856,"Index Cond": "(o_custkey = customer.c_custkey)","Rows Removed by Index Recheck": 0,"Workers": []}]},{"Node Type": "Index Scan","Parent Relationship": "Inner","Parallel Aware": false,"Async Capable": false,"Scan Direction": "Forward","Index Name": "idx_lineitem_orderkey","Relation Name": "lineitem","Alias": "lineitem","Startup Cost": 0.43,"Total Cost": 1.14,"Plan Rows": 5,"Plan Width": 24,"Actual Startup Time": 0.016,"Actual Total Time": 0.017,"Actual Rows": 1,"Actual Loops": 119129,"Index Cond": "(l_orderkey = orders.o_orderkey)","Rows Removed by Index Recheck": 0,"Filter": "((l_shipdate >= '1995-01-01'::date) AND (l_shipdate <= '1996-12-31'::date))","Rows Removed by Filter": 3,"Workers": []}]},{"Node Type": "Hash","Parent Relationship": "Inner","Parallel Aware": false,"Async Capable": false,"Startup Cost": 354.10,"Total Cost": 354.10,"Plan Rows": 784,"Plan Width": 108,"Actual Startup Time": 9.074,"Actual Total Time": 9.087,"Actual Rows": 773,"Actual Loops": 3,"Hash Buckets": 1024,"Original Hash Buckets": 1024,"Hash Batches": 1,"Original Hash Batches": 1,"Peak Memory Usage": 55,"Workers": [],"Plans": [{"Node Type": "Hash Join","Parent Relationship": "Outer","Parallel Aware": false,"Async Capable": false,"Join Type": "Inner","Startup Cost": 1.40,"Total Cost": 354.10,"Plan Rows": 784,"Plan Width": 108,"Actual Startup Time": 0.107,"Actual Total Time": 8.900,"Actual Rows": 773,"Actual Loops": 3,"Inner Unique": true,"Hash Cond": "(supplier.s_nationkey = n1.n_nationkey)","Workers": [],"Plans": [{"Node Type": "Seq Scan","Parent Relationship": "Outer","Parallel Aware": false,"Async Capable": false,"Relation Name": "supplier","Alias": "supplier","Startup Cost": 0.00,"Total Cost": 322.00,"Plan Rows": 10000,"Plan Width": 8,"Actual Startup Time": 0.034,"Actual Total Time": 3.947,"Actual Rows": 10000,"Actual Loops": 3,"Workers": []},{"Node Type": "Hash","Parent Relationship": "Inner","Parallel Aware": false,"Async Capable": false,"Startup Cost": 1.38,"Total Cost": 1.38,"Plan Rows": 2,"Plan Width": 108,"Actual Startup Time": 0.018,"Actual Total Time": 0.022,"Actual Rows": 2,"Actual Loops": 3,"Hash Buckets": 1024,"Original Hash Buckets": 1024,"Hash Batches": 1,"Original Hash Batches": 1,"Peak Memory Usage": 9,"Workers": [],"Plans": [{"Node Type": "Seq Scan","Parent Relationship": "Outer","Parallel Aware": false,"Async Capable": false,"Relation Name": "nation","Alias": "n1","Startup Cost": 0.00,"Total Cost": 1.38,"Plan Rows": 2,"Plan Width": 108,"Actual Startup Time": 0.006,"Actual Total Time": 0.012,"Actual Rows": 2,"Actual Loops": 3,"Filter": "((n_name = 'GERMANY'::bpchar) OR (n_name = 'JAPAN'::bpchar))","Rows Removed by Filter": 23,"Workers": []}]}]}]}]}]}]}]}]},"Planning Time": 7.967,"Triggers": [],"Execution Time": 967.556}]
[{"Plan": {"Node Type": "Aggregate","Strategy": "Sorted","Partial Mode": "Finalize","Parallel Aware": false,"Async Capable": false,"Startup Cost": 72556.41,"Total Cost": 73352.71,"Plan Rows": 5893,"Plan Width": 272,"Actual Startup Time": 912.382,"Actual Total Time": 965.996,"Actual Rows": 4,"Actual Loops": 1,"Group Key": ["n1.n_name", "n2.n_name", "(EXTRACT(year FROM lineitem.l_shipdate))"],"Plans": [{"Node Type": "Gather Merge","Parent Relationship": "Outer","Parallel Aware": false,"Async Capable": false,"Startup Cost": 72556.41,"Total Cost": 73202.94,"Plan Rows": 4910,"Plan Width": 272,"Actual Startup Time": 911.761,"Actual Total Time": 965.933,"Actual Rows": 12,"Actual Loops": 1,"Workers Planned": 2,"Workers Launched": 2,"Plans": [{"Node Type": "Aggregate","Strategy": "Sorted","Partial Mode": "Partial","Parent Relationship": "Outer","Parallel Aware": false,"Async Capable": false,"Startup Cost": 71556.39,"Total Cost": 71636.18,"Plan Rows": 2455,"Plan Width": 272,"Actual Startup Time": 903.136,"Actual Total Time": 903.963,"Actual Rows": 4,"Actual Loops": 3,"Group Key": ["n1.n_name", "n2.n_name", "(EXTRACT(year FROM lineitem.l_shipdate))"],"Workers": [],"Plans": [{"Node Type": "Sort","Parent Relationship": "Outer","Parallel Aware": false,"Async Capable": false,"Startup Cost": 71556.39,"Total Cost": 71562.53,"Plan Rows": 2455,"Plan Width": 252,"Actual Startup Time": 902.853,"Actual Total Time": 902.975,"Actual Rows": 2005,"Actual Loops": 3,"Sort Key": ["n1.n_name", "n2.n_name", "(EXTRACT(year FROM lineitem.l_shipdate))"],"Sort Method": "quicksort","Sort Space Used": 261,"Sort Space Type": "Memory","Workers": [{"Worker Number": 0,"Sort Method": "quicksort","Sort Space Used": 327,"Sort Space Type": "Memory"},{"Worker Number": 1,"Sort Method": "quicksort","Sort Space Used": 263,"Sort Space Type": "Memory"}],"Plans": [{"Node Type": "Hash Join","Parent Relationship": "Outer","Parallel Aware": false,"Async Capable": false,"Join Type": "Inner","Startup Cost": 366.16,"Total Cost": 71418.15,"Plan Rows": 2455,"Plan Width": 252,"Actual Startup Time": 10.045,"Actual Total Time": 900.888,"Actual Rows": 2005,"Actual Loops": 3,"Inner Unique": false,"Hash Cond": "(lineitem.l_suppkey = supplier.s_suppkey)","Join Filter": "(((n1.n_name = 'IRAN'::bpchar) AND (n2.n_name = 'ALGERIA'::bpchar)) OR ((n1.n_name = 'ALGERIA'::bpchar) AND (n2.n_name = 'IRAN'::bpchar)))","Rows Removed by Join Filter": 1950,"Workers": [],"Plans": [{"Node Type": "Nested Loop","Parent Relationship": "Outer","Parallel Aware": false,"Async Capable": false,"Join Type": "Inner","Startup Cost": 2.26,"Total Cost": 70727.78,"Plan Rows": 60250,"Plan Width": 124,"Actual Startup Time": 0.729,"Actual Total Time": 886.326,"Actual Rows": 48301,"Actual Loops": 3,"Inner Unique": false,"Workers": [],"Plans": [{"Node Type": "Nested Loop","Parent Relationship": "Outer","Parallel Aware": false,"Async Capable": false,"Join Type": "Inner","Startup Cost": 1.83,"Total Cost": 12400.01,"Plan Rows": 49000,"Plan Width": 108,"Actual Startup Time": 0.353,"Actual Total Time": 222.161,"Actual Rows": 39766,"Actual Loops": 3,"Inner Unique": false,"Workers": [],"Plans": [{"Node Type": "Hash Join","Parent Relationship": "Outer","Parallel Aware": false,"Async Capable": false,"Join Type": "Inner","Startup Cost": 1.40,"Total Cost": 4403.27,"Plan Rows": 4900,"Plan Width": 108,"Actual Startup Time": 0.225,"Actual Total Time": 45.652,"Actual Rows": 3978,"Actual Loops": 3,"Inner Unique": true,"Hash Cond": "(customer.c_nationkey = n2.n_nationkey)","Workers": [],"Plans": [{"Node Type": "Seq Scan","Parent Relationship": "Outer","Parallel Aware": true,"Async Capable": false,"Relation Name": "customer","Alias": "customer","Startup Cost": 0.00,"Total Cost": 4210.00,"Plan Rows": 62500,"Plan Width": 8,"Actual Startup Time": 0.015,"Actual Total Time": 9.562,"Actual Rows": 50000,"Actual Loops": 3,"Workers": []},{"Node Type": "Hash","Parent Relationship": "Inner","Parallel Aware": false,"Async Capable": false,"Startup Cost": 1.38,"Total Cost": 1.38,"Plan Rows": 2,"Plan Width": 108,"Actual Startup Time": 0.093,"Actual Total Time": 0.097,"Actual Rows": 2,"Actual Loops": 3,"Hash Buckets": 1024,"Original Hash Buckets": 1024,"Hash Batches": 1,"Original Hash Batches": 1,"Peak Memory Usage": 9,"Workers": [],"Plans": [{"Node Type": "Seq Scan","Parent Relationship": "Outer","Parallel Aware": false,"Async Capable": false,"Relation Name": "nation","Alias": "n2","Startup Cost": 0.00,"Total Cost": 1.38,"Plan Rows": 2,"Plan Width": 108,"Actual Startup Time": 0.066,"Actual Total Time": 0.075,"Actual Rows": 2,"Actual Loops": 3,"Filter": "((n_name = 'ALGERIA'::bpchar) OR (n_name = 'IRAN'::bpchar))","Rows Removed by Filter": 23,"Workers": []}]}]},{"Node Type": "Index Scan","Parent Relationship": "Inner","Parallel Aware": false,"Async Capable": false,"Scan Direction": "Forward","Index Name": "idx_orders_custkey","Relation Name": "orders","Alias": "orders","Startup Cost": 0.43,"Total Cost": 1.46,"Plan Rows": 17,"Plan Width": 8,"Actual Startup Time": 0.007,"Actual Total Time": 0.043,"Actual Rows": 10,"Actual Loops": 11934,"Index Cond": "(o_custkey = customer.c_custkey)","Rows Removed by Index Recheck": 0,"Workers": []}]},{"Node Type": "Index Scan","Parent Relationship": "Inner","Parallel Aware": false,"Async Capable": false,"Scan Direction": "Forward","Index Name": "idx_lineitem_orderkey","Relation Name": "lineitem","Alias": "lineitem","Startup Cost": 0.43,"Total Cost": 1.14,"Plan Rows": 5,"Plan Width": 24,"Actual Startup Time": 0.016,"Actual Total Time": 0.016,"Actual Rows": 1,"Actual Loops": 119297,"Index Cond": "(l_orderkey = orders.o_orderkey)","Rows Removed by Index Recheck": 0,"Filter": "((l_shipdate >= '1995-01-01'::date) AND (l_shipdate <= '1996-12-31'::date))","Rows Removed by Filter": 3,"Workers": []}]},{"Node Type": "Hash","Parent Relationship": "Inner","Parallel Aware": false,"Async Capable": false,"Startup Cost": 354.10,"Total Cost": 354.10,"Plan Rows": 784,"Plan Width": 108,"Actual Startup Time": 7.205,"Actual Total Time": 7.222,"Actual Rows": 813,"Actual Loops": 3,"Hash Buckets": 1024,"Original Hash Buckets": 1024,"Hash Batches": 1,"Original Hash Batches": 1,"Peak Memory Usage": 58,"Workers": [],"Plans": [{"Node Type": "Hash Join","Parent Relationship": "Outer","Parallel Aware": false,"Async Capable": false,"Join Type": "Inner","Startup Cost": 1.40,"Total Cost": 354.10,"Plan Rows": 784,"Plan Width": 108,"Actual Startup Time": 0.099,"Actual Total Time": 7.020,"Actual Rows": 813,"Actual Loops": 3,"Inner Unique": true,"Hash Cond": "(supplier.s_nationkey = n1.n_nationkey)","Workers": [],"Plans": [{"Node Type": "Seq Scan","Parent Relationship": "Outer","Parallel Aware": false,"Async Capable": false,"Relation Name": "supplier","Alias": "supplier","Startup Cost": 0.00,"Total Cost": 322.00,"Plan Rows": 10000,"Plan Width": 8,"Actual Startup Time": 0.038,"Actual Total Time": 3.785,"Actual Rows": 10000,"Actual Loops": 3,"Workers": []},{"Node Type": "Hash","Parent Relationship": "Inner","Parallel Aware": false,"Async Capable": false,"Startup Cost": 1.38,"Total Cost": 1.38,"Plan Rows": 2,"Plan Width": 108,"Actual Startup Time": 0.021,"Actual Total Time": 0.026,"Actual Rows": 2,"Actual Loops": 3,"Hash Buckets": 1024,"Original Hash Buckets": 1024,"Hash Batches": 1,"Original Hash Batches": 1,"Peak Memory Usage": 9,"Workers": [],"Plans": [{"Node Type": "Seq Scan","Parent Relationship": "Outer","Parallel Aware": false,"Async Capable": false,"Relation Name": "nation","Alias": "n1","Startup Cost": 0.00,"Total Cost": 1.38,"Plan Rows": 2,"Plan Width": 108,"Actual Startup Time": 0.006,"Actual Total Time": 0.014,"Actual Rows": 2,"Actual Loops": 3,"Filter": "((n_name = 'IRAN'::bpchar) OR (n_name = 'ALGERIA'::bpchar))","Rows Removed by Filter": 23,"Workers": []}]}]}]}]}]}]}]}]},"Planning Time": 8.632,"Triggers": [],"Execution Time": 966.479}]
[{"Plan": {"Node Type": "Aggregate","Strategy": "Sorted","Partial Mode": "Finalize","Parallel Aware": false,"Async Capable": false,"Startup Cost": 72556.41,"Total Cost": 73352.71,"Plan Rows": 5893,"Plan Width": 272,"Actual Startup Time": 915.232,"Actual Total Time": 965.278,"Actual Rows": 4,"Actual Loops": 1,"Group Key": ["n1.n_name", "n2.n_name", "(EXTRACT(year FROM lineitem.l_shipdate))"],"Plans": [{"Node Type": "Gather Merge","Parent Relationship": "Outer","Parallel Aware": false,"Async Capable": false,"Startup Cost": 72556.41,"Total Cost": 73202.94,"Plan Rows": 4910,"Plan Width": 272,"Actual Startup Time": 914.583,"Actual Total Time": 965.196,"Actual Rows": 12,"Actual Loops": 1,"Workers Planned": 2,"Workers Launched": 2,"Plans": [{"Node Type": "Aggregate","Strategy": "Sorted","Partial Mode": "Partial","Parent Relationship": "Outer","Parallel Aware": false,"Async Capable": false,"Startup Cost": 71556.39,"Total Cost": 71636.18,"Plan Rows": 2455,"Plan Width": 272,"Actual Startup Time": 905.379,"Actual Total Time": 906.277,"Actual Rows": 4,"Actual Loops": 3,"Group Key": ["n1.n_name", "n2.n_name", "(EXTRACT(year FROM lineitem.l_shipdate))"],"Workers": [],"Plans": [{"Node Type": "Sort","Parent Relationship": "Outer","Parallel Aware": false,"Async Capable": false,"Startup Cost": 71556.39,"Total Cost": 71562.53,"Plan Rows": 2455,"Plan Width": 252,"Actual Startup Time": 905.117,"Actual Total Time": 905.242,"Actual Rows": 2045,"Actual Loops": 3,"Sort Key": ["n1.n_name", "n2.n_name", "(EXTRACT(year FROM lineitem.l_shipdate))"],"Sort Method": "quicksort","Sort Space Used": 270,"Sort Space Type": "Memory","Workers": [{"Worker Number": 0,"Sort Method": "quicksort","Sort Space Used": 325,"Sort Space Type": "Memory"},{"Worker Number": 1,"Sort Method": "quicksort","Sort Space Used": 270,"Sort Space Type": "Memory"}],"Plans": [{"Node Type": "Hash Join","Parent Relationship": "Outer","Parallel Aware": false,"Async Capable": false,"Join Type": "Inner","Startup Cost": 366.16,"Total Cost": 71418.15,"Plan Rows": 2455,"Plan Width": 252,"Actual Startup Time": 9.338,"Actual Total Time": 903.156,"Actual Rows": 2045,"Actual Loops": 3,"Inner Unique": false,"Hash Cond": "(lineitem.l_suppkey = supplier.s_suppkey)","Join Filter": "(((n1.n_name = 'IRAQ'::bpchar) AND (n2.n_name = 'ARGENTINA'::bpchar)) OR ((n1.n_name = 'ARGENTINA'::bpchar) AND (n2.n_name = 'IRAQ'::bpchar)))","Rows Removed by Join Filter": 2046,"Workers": [],"Plans": [{"Node Type": "Nested Loop","Parent Relationship": "Outer","Parallel Aware": false,"Async Capable": false,"Join Type": "Inner","Startup Cost": 2.26,"Total Cost": 70727.78,"Plan Rows": 60250,"Plan Width": 124,"Actual Startup Time": 0.844,"Actual Total Time": 888.086,"Actual Rows": 48168,"Actual Loops": 3,"Inner Unique": false,"Workers": [],"Plans": [{"Node Type": "Nested Loop","Parent Relationship": "Outer","Parallel Aware": false,"Async Capable": false,"Join Type": "Inner","Startup Cost": 1.83,"Total Cost": 12400.01,"Plan Rows": 49000,"Plan Width": 108,"Actual Startup Time": 0.354,"Actual Total Time": 223.685,"Actual Rows": 39483,"Actual Loops": 3,"Inner Unique": false,"Workers": [],"Plans": [{"Node Type": "Hash Join","Parent Relationship": "Outer","Parallel Aware": false,"Async Capable": false,"Join Type": "Inner","Startup Cost": 1.40,"Total Cost": 4403.27,"Plan Rows": 4900,"Plan Width": 108,"Actual Startup Time": 0.210,"Actual Total Time": 47.346,"Actual Rows": 3979,"Actual Loops": 3,"Inner Unique": true,"Hash Cond": "(customer.c_nationkey = n2.n_nationkey)","Workers": [],"Plans": [{"Node Type": "Seq Scan","Parent Relationship": "Outer","Parallel Aware": true,"Async Capable": false,"Relation Name": "customer","Alias": "customer","Startup Cost": 0.00,"Total Cost": 4210.00,"Plan Rows": 62500,"Plan Width": 8,"Actual Startup Time": 0.014,"Actual Total Time": 9.504,"Actual Rows": 50000,"Actual Loops": 3,"Workers": []},{"Node Type": "Hash","Parent Relationship": "Inner","Parallel Aware": false,"Async Capable": false,"Startup Cost": 1.38,"Total Cost": 1.38,"Plan Rows": 2,"Plan Width": 108,"Actual Startup Time": 0.090,"Actual Total Time": 0.095,"Actual Rows": 2,"Actual Loops": 3,"Hash Buckets": 1024,"Original Hash Buckets": 1024,"Hash Batches": 1,"Original Hash Batches": 1,"Peak Memory Usage": 9,"Workers": [],"Plans": [{"Node Type": "Seq Scan","Parent Relationship": "Outer","Parallel Aware": false,"Async Capable": false,"Relation Name": "nation","Alias": "n2","Startup Cost": 0.00,"Total Cost": 1.38,"Plan Rows": 2,"Plan Width": 108,"Actual Startup Time": 0.063,"Actual Total Time": 0.073,"Actual Rows": 2,"Actual Loops": 3,"Filter": "((n_name = 'ARGENTINA'::bpchar) OR (n_name = 'IRAQ'::bpchar))","Rows Removed by Filter": 23,"Workers": []}]}]},{"Node Type": "Index Scan","Parent Relationship": "Inner","Parallel Aware": false,"Async Capable": false,"Scan Direction": "Forward","Index Name": "idx_orders_custkey","Relation Name": "orders","Alias": "orders","Startup Cost": 0.43,"Total Cost": 1.46,"Plan Rows": 17,"Plan Width": 8,"Actual Startup Time": 0.007,"Actual Total Time": 0.043,"Actual Rows": 10,"Actual Loops": 11938,"Index Cond": "(o_custkey = customer.c_custkey)","Rows Removed by Index Recheck": 0,"Workers": []}]},{"Node Type": "Index Scan","Parent Relationship": "Inner","Parallel Aware": false,"Async Capable": false,"Scan Direction": "Forward","Index Name": "idx_lineitem_orderkey","Relation Name": "lineitem","Alias": "lineitem","Startup Cost": 0.43,"Total Cost": 1.14,"Plan Rows": 5,"Plan Width": 24,"Actual Startup Time": 0.016,"Actual Total Time": 0.017,"Actual Rows": 1,"Actual Loops": 118449,"Index Cond": "(l_orderkey = orders.o_orderkey)","Rows Removed by Index Recheck": 0,"Filter": "((l_shipdate >= '1995-01-01'::date) AND (l_shipdate <= '1996-12-31'::date))","Rows Removed by Filter": 3,"Workers": []}]},{"Node Type": "Hash","Parent Relationship": "Inner","Parallel Aware": false,"Async Capable": false,"Startup Cost": 354.10,"Total Cost": 354.10,"Plan Rows": 784,"Plan Width": 108,"Actual Startup Time": 7.405,"Actual Total Time": 7.416,"Actual Rows": 851,"Actual Loops": 3,"Hash Buckets": 1024,"Original Hash Buckets": 1024,"Hash Batches": 1,"Original Hash Batches": 1,"Peak Memory Usage": 60,"Workers": [],"Plans": [{"Node Type": "Hash Join","Parent Relationship": "Outer","Parallel Aware": false,"Async Capable": false,"Join Type": "Inner","Startup Cost": 1.40,"Total Cost": 354.10,"Plan Rows": 784,"Plan Width": 108,"Actual Startup Time": 0.095,"Actual Total Time": 7.219,"Actual Rows": 851,"Actual Loops": 3,"Inner Unique": true,"Hash Cond": "(supplier.s_nationkey = n1.n_nationkey)","Workers": [],"Plans": [{"Node Type": "Seq Scan","Parent Relationship": "Outer","Parallel Aware": false,"Async Capable": false,"Relation Name": "supplier","Alias": "supplier","Startup Cost": 0.00,"Total Cost": 322.00,"Plan Rows": 10000,"Plan Width": 8,"Actual Startup Time": 0.034,"Actual Total Time": 3.534,"Actual Rows": 10000,"Actual Loops": 3,"Workers": []},{"Node Type": "Hash","Parent Relationship": "Inner","Parallel Aware": false,"Async Capable": false,"Startup Cost": 1.38,"Total Cost": 1.38,"Plan Rows": 2,"Plan Width": 108,"Actual Startup Time": 0.020,"Actual Total Time": 0.024,"Actual Rows": 2,"Actual Loops": 3,"Hash Buckets": 1024,"Original Hash Buckets": 1024,"Hash Batches": 1,"Original Hash Batches": 1,"Peak Memory Usage": 9,"Workers": [],"Plans": [{"Node Type": "Seq Scan","Parent Relationship": "Outer","Parallel Aware": false,"Async Capable": false,"Relation Name": "nation","Alias": "n1","Startup Cost": 0.00,"Total Cost": 1.38,"Plan Rows": 2,"Plan Width": 108,"Actual Startup Time": 0.006,"Actual Total Time": 0.013,"Actual Rows": 2,"Actual Loops": 3,"Filter": "((n_name = 'IRAQ'::bpchar) OR (n_name = 'ARGENTINA'::bpchar))","Rows Removed by Filter": 23,"Workers": []}]}]}]}]}]}]}]}]},"Planning Time": 9.112,"Triggers": [],"Execution Time": 965.681}]
[{"Plan": {"Node Type": "Aggregate","Strategy": "Sorted","Partial Mode": "Finalize","Parallel Aware": false,"Async Capable": false,"Startup Cost": 72556.41,"Total Cost": 73352.71,"Plan Rows": 5893,"Plan Width": 272,"Actual Startup Time": 928.103,"Actual Total Time": 985.842,"Actual Rows": 4,"Actual Loops": 1,"Group Key": ["n1.n_name", "n2.n_name", "(EXTRACT(year FROM lineitem.l_shipdate))"],"Plans": [{"Node Type": "Gather Merge","Parent Relationship": "Outer","Parallel Aware": false,"Async Capable": false,"Startup Cost": 72556.41,"Total Cost": 73202.94,"Plan Rows": 4910,"Plan Width": 272,"Actual Startup Time": 927.586,"Actual Total Time": 985.770,"Actual Rows": 12,"Actual Loops": 1,"Workers Planned": 2,"Workers Launched": 2,"Plans": [{"Node Type": "Aggregate","Strategy": "Sorted","Partial Mode": "Partial","Parent Relationship": "Outer","Parallel Aware": false,"Async Capable": false,"Startup Cost": 71556.39,"Total Cost": 71636.18,"Plan Rows": 2455,"Plan Width": 272,"Actual Startup Time": 919.414,"Actual Total Time": 920.158,"Actual Rows": 4,"Actual Loops": 3,"Group Key": ["n1.n_name", "n2.n_name", "(EXTRACT(year FROM lineitem.l_shipdate))"],"Workers": [],"Plans": [{"Node Type": "Sort","Parent Relationship": "Outer","Parallel Aware": false,"Async Capable": false,"Startup Cost": 71556.39,"Total Cost": 71562.53,"Plan Rows": 2455,"Plan Width": 252,"Actual Startup Time": 919.154,"Actual Total Time": 919.275,"Actual Rows": 1921,"Actual Loops": 3,"Sort Key": ["n1.n_name", "n2.n_name", "(EXTRACT(year FROM lineitem.l_shipdate))"],"Sort Method": "quicksort","Sort Space Used": 260,"Sort Space Type": "Memory","Workers": [{"Worker Number": 0,"Sort Method": "quicksort","Sort Space Used": 251,"Sort Space Type": "Memory"},{"Worker Number": 1,"Sort Method": "quicksort","Sort Space Used": 265,"Sort Space Type": "Memory"}],"Plans": [{"Node Type": "Hash Join","Parent Relationship": "Outer","Parallel Aware": false,"Async Capable": false,"Join Type": "Inner","Startup Cost": 366.16,"Total Cost": 71418.15,"Plan Rows": 2455,"Plan Width": 252,"Actual Startup Time": 10.161,"Actual Total Time": 917.389,"Actual Rows": 1921,"Actual Loops": 3,"Inner Unique": false,"Hash Cond": "(lineitem.l_suppkey = supplier.s_suppkey)","Join Filter": "(((n1.n_name = 'IRAN'::bpchar) AND (n2.n_name = 'ARGENTINA'::bpchar)) OR ((n1.n_name = 'ARGENTINA'::bpchar) AND (n2.n_name = 'IRAN'::bpchar)))","Rows Removed by Join Filter": 1901,"Workers": [],"Plans": [{"Node Type": "Nested Loop","Parent Relationship": "Outer","Parallel Aware": false,"Async Capable": false,"Join Type": "Inner","Startup Cost": 2.26,"Total Cost": 70727.78,"Plan Rows": 60250,"Plan Width": 124,"Actual Startup Time": 0.771,"Actual Total Time": 901.371,"Actual Rows": 48369,"Actual Loops": 3,"Inner Unique": false,"Workers": [],"Plans": [{"Node Type": "Nested Loop","Parent Relationship": "Outer","Parallel Aware": false,"Async Capable": false,"Join Type": "Inner","Startup Cost": 1.83,"Total Cost": 12400.01,"Plan Rows": 49000,"Plan Width": 108,"Actual Startup Time": 0.344,"Actual Total Time": 227.980,"Actual Rows": 39741,"Actual Loops": 3,"Inner Unique": false,"Workers": [],"Plans": [{"Node Type": "Hash Join","Parent Relationship": "Outer","Parallel Aware": false,"Async Capable": false,"Join Type": "Inner","Startup Cost": 1.40,"Total Cost": 4403.27,"Plan Rows": 4900,"Plan Width": 108,"Actual Startup Time": 0.226,"Actual Total Time": 49.054,"Actual Rows": 3995,"Actual Loops": 3,"Inner Unique": true,"Hash Cond": "(customer.c_nationkey = n2.n_nationkey)","Workers": [],"Plans": [{"Node Type": "Seq Scan","Parent Relationship": "Outer","Parallel Aware": true,"Async Capable": false,"Relation Name": "customer","Alias": "customer","Startup Cost": 0.00,"Total Cost": 4210.00,"Plan Rows": 62500,"Plan Width": 8,"Actual Startup Time": 0.012,"Actual Total Time": 9.618,"Actual Rows": 50000,"Actual Loops": 3,"Workers": []},{"Node Type": "Hash","Parent Relationship": "Inner","Parallel Aware": false,"Async Capable": false,"Startup Cost": 1.38,"Total Cost": 1.38,"Plan Rows": 2,"Plan Width": 108,"Actual Startup Time": 0.100,"Actual Total Time": 0.108,"Actual Rows": 2,"Actual Loops": 3,"Hash Buckets": 1024,"Original Hash Buckets": 1024,"Hash Batches": 1,"Original Hash Batches": 1,"Peak Memory Usage": 9,"Workers": [],"Plans": [{"Node Type": "Seq Scan","Parent Relationship": "Outer","Parallel Aware": false,"Async Capable": false,"Relation Name": "nation","Alias": "n2","Startup Cost": 0.00,"Total Cost": 1.38,"Plan Rows": 2,"Plan Width": 108,"Actual Startup Time": 0.074,"Actual Total Time": 0.083,"Actual Rows": 2,"Actual Loops": 3,"Filter": "((n_name = 'ARGENTINA'::bpchar) OR (n_name = 'IRAN'::bpchar))","Rows Removed by Filter": 23,"Workers": []}]}]},{"Node Type": "Index Scan","Parent Relationship": "Inner","Parallel Aware": false,"Async Capable": false,"Scan Direction": "Forward","Index Name": "idx_orders_custkey","Relation Name": "orders","Alias": "orders","Startup Cost": 0.43,"Total Cost": 1.46,"Plan Rows": 17,"Plan Width": 8,"Actual Startup Time": 0.007,"Actual Total Time": 0.044,"Actual Rows": 10,"Actual Loops": 11984,"Index Cond": "(o_custkey = customer.c_custkey)","Rows Removed by Index Recheck": 0,"Workers": []}]},{"Node Type": "Index Scan","Parent Relationship": "Inner","Parallel Aware": false,"Async Capable": false,"Scan Direction": "Forward","Index Name": "idx_lineitem_orderkey","Relation Name": "lineitem","Alias": "lineitem","Startup Cost": 0.43,"Total Cost": 1.14,"Plan Rows": 5,"Plan Width": 24,"Actual Startup Time": 0.016,"Actual Total Time": 0.017,"Actual Rows": 1,"Actual Loops": 119222,"Index Cond": "(l_orderkey = orders.o_orderkey)","Rows Removed by Index Recheck": 0,"Filter": "((l_shipdate >= '1995-01-01'::date) AND (l_shipdate <= '1996-12-31'::date))","Rows Removed by Filter": 3,"Workers": []}]},{"Node Type": "Hash","Parent Relationship": "Inner","Parallel Aware": false,"Async Capable": false,"Startup Cost": 354.10,"Total Cost": 354.10,"Plan Rows": 784,"Plan Width": 108,"Actual Startup Time": 8.685,"Actual Total Time": 8.701,"Actual Rows": 806,"Actual Loops": 3,"Hash Buckets": 1024,"Original Hash Buckets": 1024,"Hash Batches": 1,"Original Hash Batches": 1,"Peak Memory Usage": 57,"Workers": [],"Plans": [{"Node Type": "Hash Join","Parent Relationship": "Outer","Parallel Aware": false,"Async Capable": false,"Join Type": "Inner","Startup Cost": 1.40,"Total Cost": 354.10,"Plan Rows": 784,"Plan Width": 108,"Actual Startup Time": 0.081,"Actual Total Time": 8.482,"Actual Rows": 806,"Actual Loops": 3,"Inner Unique": true,"Hash Cond": "(supplier.s_nationkey = n1.n_nationkey)","Workers": [],"Plans": [{"Node Type": "Seq Scan","Parent Relationship": "Outer","Parallel Aware": false,"Async Capable": false,"Relation Name": "supplier","Alias": "supplier","Startup Cost": 0.00,"Total Cost": 322.00,"Plan Rows": 10000,"Plan Width": 8,"Actual Startup Time": 0.031,"Actual Total Time": 4.366,"Actual Rows": 10000,"Actual Loops": 3,"Workers": []},{"Node Type": "Hash","Parent Relationship": "Inner","Parallel Aware": false,"Async Capable": false,"Startup Cost": 1.38,"Total Cost": 1.38,"Plan Rows": 2,"Plan Width": 108,"Actual Startup Time": 0.020,"Actual Total Time": 0.023,"Actual Rows": 2,"Actual Loops": 3,"Hash Buckets": 1024,"Original Hash Buckets": 1024,"Hash Batches": 1,"Original Hash Batches": 1,"Peak Memory Usage": 9,"Workers": [],"Plans": [{"Node Type": "Seq Scan","Parent Relationship": "Outer","Parallel Aware": false,"Async Capable": false,"Relation Name": "nation","Alias": "n1","Startup Cost": 0.00,"Total Cost": 1.38,"Plan Rows": 2,"Plan Width": 108,"Actual Startup Time": 0.007,"Actual Total Time": 0.014,"Actual Rows": 2,"Actual Loops": 3,"Filter": "((n_name = 'IRAN'::bpchar) OR (n_name = 'ARGENTINA'::bpchar))","Rows Removed by Filter": 23,"Workers": []}]}]}]}]}]}]}]}]},"Planning Time": 8.001,"Triggers": [],"Execution Time": 986.297}]
[{"Plan": {"Node Type": "Aggregate","Strategy": "Sorted","Partial Mode": "Finalize","Parallel Aware": false,"Async Capable": false,"Startup Cost": 72556.41,"Total Cost": 73352.71,"Plan Rows": 5893,"Plan Width": 272,"Actual Startup Time": 905.928,"Actual Total Time": 949.758,"Actual Rows": 4,"Actual Loops": 1,"Group Key": ["n1.n_name", "n2.n_name", "(EXTRACT(year FROM lineitem.l_shipdate))"],"Plans": [{"Node Type": "Gather Merge","Parent Relationship": "Outer","Parallel Aware": false,"Async Capable": false,"Startup Cost": 72556.41,"Total Cost": 73202.94,"Plan Rows": 4910,"Plan Width": 272,"Actual Startup Time": 905.496,"Actual Total Time": 949.668,"Actual Rows": 12,"Actual Loops": 1,"Workers Planned": 2,"Workers Launched": 2,"Plans": [{"Node Type": "Aggregate","Strategy": "Sorted","Partial Mode": "Partial","Parent Relationship": "Outer","Parallel Aware": false,"Async Capable": false,"Startup Cost": 71556.39,"Total Cost": 71636.18,"Plan Rows": 2455,"Plan Width": 272,"Actual Startup Time": 897.294,"Actual Total Time": 898.074,"Actual Rows": 4,"Actual Loops": 3,"Group Key": ["n1.n_name", "n2.n_name", "(EXTRACT(year FROM lineitem.l_shipdate))"],"Workers": [],"Plans": [{"Node Type": "Sort","Parent Relationship": "Outer","Parallel Aware": false,"Async Capable": false,"Startup Cost": 71556.39,"Total Cost": 71562.53,"Plan Rows": 2455,"Plan Width": 252,"Actual Startup Time": 897.000,"Actual Total Time": 897.132,"Actual Rows": 2048,"Actual Loops": 3,"Sort Key": ["n1.n_name", "n2.n_name", "(EXTRACT(year FROM lineitem.l_shipdate))"],"Sort Method": "quicksort","Sort Space Used": 331,"Sort Space Type": "Memory","Workers": [{"Worker Number": 0,"Sort Method": "quicksort","Sort Space Used": 269,"Sort Space Type": "Memory"},{"Worker Number": 1,"Sort Method": "quicksort","Sort Space Used": 266,"Sort Space Type": "Memory"}],"Plans": [{"Node Type": "Hash Join","Parent Relationship": "Outer","Parallel Aware": false,"Async Capable": false,"Join Type": "Inner","Startup Cost": 366.16,"Total Cost": 71418.15,"Plan Rows": 2455,"Plan Width": 252,"Actual Startup Time": 12.299,"Actual Total Time": 895.176,"Actual Rows": 2048,"Actual Loops": 3,"Inner Unique": false,"Hash Cond": "(lineitem.l_suppkey = supplier.s_suppkey)","Join Filter": "(((n1.n_name = 'IRAQ'::bpchar) AND (n2.n_name = 'PERU'::bpchar)) OR ((n1.n_name = 'PERU'::bpchar) AND (n2.n_name = 'IRAQ'::bpchar)))","Rows Removed by Join Filter": 2098,"Workers": [],"Plans": [{"Node Type": "Nested Loop","Parent Relationship": "Outer","Parallel Aware": false,"Async Capable": false,"Join Type": "Inner","Startup Cost": 2.26,"Total Cost": 70727.78,"Plan Rows": 60250,"Plan Width": 124,"Actual Startup Time": 0.672,"Actual Total Time": 878.045,"Actual Rows": 47883,"Actual Loops": 3,"Inner Unique": false,"Workers": [],"Plans": [{"Node Type": "Nested Loop","Parent Relationship": "Outer","Parallel Aware": false,"Async Capable": false,"Join Type": "Inner","Startup Cost": 1.83,"Total Cost": 12400.01,"Plan Rows": 49000,"Plan Width": 108,"Actual Startup Time": 0.213,"Actual Total Time": 218.521,"Actual Rows": 39307,"Actual Loops": 3,"Inner Unique": false,"Workers": [],"Plans": [{"Node Type": "Hash Join","Parent Relationship": "Outer","Parallel Aware": false,"Async Capable": false,"Join Type": "Inner","Startup Cost": 1.40,"Total Cost": 4403.27,"Plan Rows": 4900,"Plan Width": 108,"Actual Startup Time": 0.128,"Actual Total Time": 43.835,"Actual Rows": 3979,"Actual Loops": 3,"Inner Unique": true,"Hash Cond": "(customer.c_nationkey = n2.n_nationkey)","Workers": [],"Plans": [{"Node Type": "Seq Scan","Parent Relationship": "Outer","Parallel Aware": true,"Async Capable": false,"Relation Name": "customer","Alias": "customer","Startup Cost": 0.00,"Total Cost": 4210.00,"Plan Rows": 62500,"Plan Width": 8,"Actual Startup Time": 0.007,"Actual Total Time": 8.978,"Actual Rows": 50000,"Actual Loops": 3,"Workers": []},{"Node Type": "Hash","Parent Relationship": "Inner","Parallel Aware": false,"Async Capable": false,"Startup Cost": 1.38,"Total Cost": 1.38,"Plan Rows": 2,"Plan Width": 108,"Actual Startup Time": 0.054,"Actual Total Time": 0.061,"Actual Rows": 2,"Actual Loops": 3,"Hash Buckets": 1024,"Original Hash Buckets": 1024,"Hash Batches": 1,"Original Hash Batches": 1,"Peak Memory Usage": 9,"Workers": [],"Plans": [{"Node Type": "Seq Scan","Parent Relationship": "Outer","Parallel Aware": false,"Async Capable": false,"Relation Name": "nation","Alias": "n2","Startup Cost": 0.00,"Total Cost": 1.38,"Plan Rows": 2,"Plan Width": 108,"Actual Startup Time": 0.042,"Actual Total Time": 0.046,"Actual Rows": 2,"Actual Loops": 3,"Filter": "((n_name = 'PERU'::bpchar) OR (n_name = 'IRAQ'::bpchar))","Rows Removed by Filter": 23,"Workers": []}]}]},{"Node Type": "Index Scan","Parent Relationship": "Inner","Parallel Aware": false,"Async Capable": false,"Scan Direction": "Forward","Index Name": "idx_orders_custkey","Relation Name": "orders","Alias": "orders","Startup Cost": 0.43,"Total Cost": 1.46,"Plan Rows": 17,"Plan Width": 8,"Actual Startup Time": 0.007,"Actual Total Time": 0.043,"Actual Rows": 10,"Actual Loops": 11938,"Index Cond": "(o_custkey = customer.c_custkey)","Rows Removed by Index Recheck": 0,"Workers": []}]},{"Node Type": "Index Scan","Parent Relationship": "Inner","Parallel Aware": false,"Async Capable": false,"Scan Direction": "Forward","Index Name": "idx_lineitem_orderkey","Relation Name": "lineitem","Alias": "lineitem","Startup Cost": 0.43,"Total Cost": 1.14,"Plan Rows": 5,"Plan Width": 24,"Actual Startup Time": 0.016,"Actual Total Time": 0.017,"Actual Rows": 1,"Actual Loops": 117920,"Index Cond": "(l_orderkey = orders.o_orderkey)","Rows Removed by Index Recheck": 0,"Filter": "((l_shipdate >= '1995-01-01'::date) AND (l_shipdate <= '1996-12-31'::date))","Rows Removed by Filter": 3,"Workers": []}]},{"Node Type": "Hash","Parent Relationship": "Inner","Parallel Aware": false,"Async Capable": false,"Startup Cost": 354.10,"Total Cost": 354.10,"Plan Rows": 784,"Plan Width": 108,"Actual Startup Time": 9.779,"Actual Total Time": 9.793,"Actual Rows": 859,"Actual Loops": 3,"Hash Buckets": 1024,"Original Hash Buckets": 1024,"Hash Batches": 1,"Original Hash Batches": 1,"Peak Memory Usage": 61,"Workers": [],"Plans": [{"Node Type": "Hash Join","Parent Relationship": "Outer","Parallel Aware": false,"Async Capable": false,"Join Type": "Inner","Startup Cost": 1.40,"Total Cost": 354.10,"Plan Rows": 784,"Plan Width": 108,"Actual Startup Time": 0.063,"Actual Total Time": 9.584,"Actual Rows": 859,"Actual Loops": 3,"Inner Unique": true,"Hash Cond": "(supplier.s_nationkey = n1.n_nationkey)","Workers": [],"Plans": [{"Node Type": "Seq Scan","Parent Relationship": "Outer","Parallel Aware": false,"Async Capable": false,"Relation Name": "supplier","Alias": "supplier","Startup Cost": 0.00,"Total Cost": 322.00,"Plan Rows": 10000,"Plan Width": 8,"Actual Startup Time": 0.027,"Actual Total Time": 3.896,"Actual Rows": 10000,"Actual Loops": 3,"Workers": []},{"Node Type": "Hash","Parent Relationship": "Inner","Parallel Aware": false,"Async Capable": false,"Startup Cost": 1.38,"Total Cost": 1.38,"Plan Rows": 2,"Plan Width": 108,"Actual Startup Time": 0.014,"Actual Total Time": 0.019,"Actual Rows": 2,"Actual Loops": 3,"Hash Buckets": 1024,"Original Hash Buckets": 1024,"Hash Batches": 1,"Original Hash Batches": 1,"Peak Memory Usage": 9,"Workers": [],"Plans": [{"Node Type": "Seq Scan","Parent Relationship": "Outer","Parallel Aware": false,"Async Capable": false,"Relation Name": "nation","Alias": "n1","Startup Cost": 0.00,"Total Cost": 1.38,"Plan Rows": 2,"Plan Width": 108,"Actual Startup Time": 0.006,"Actual Total Time": 0.010,"Actual Rows": 2,"Actual Loops": 3,"Filter": "((n_name = 'IRAQ'::bpchar) OR (n_name = 'PERU'::bpchar))","Rows Removed by Filter": 23,"Workers": []}]}]}]}]}]}]}]}]},"Planning Time": 9.340,"Triggers": [],"Execution Time": 950.151}]
[{"Plan": {"Node Type": "Aggregate","Strategy": "Sorted","Partial Mode": "Finalize","Parallel Aware": false,"Async Capable": false,"Startup Cost": 72556.41,"Total Cost": 73352.71,"Plan Rows": 5893,"Plan Width": 272,"Actual Startup Time": 921.497,"Actual Total Time": 976.127,"Actual Rows": 4,"Actual Loops": 1,"Group Key": ["n1.n_name", "n2.n_name", "(EXTRACT(year FROM lineitem.l_shipdate))"],"Plans": [{"Node Type": "Gather Merge","Parent Relationship": "Outer","Parallel Aware": false,"Async Capable": false,"Startup Cost": 72556.41,"Total Cost": 73202.94,"Plan Rows": 4910,"Plan Width": 272,"Actual Startup Time": 920.681,"Actual Total Time": 976.055,"Actual Rows": 12,"Actual Loops": 1,"Workers Planned": 2,"Workers Launched": 2,"Plans": [{"Node Type": "Aggregate","Strategy": "Sorted","Partial Mode": "Partial","Parent Relationship": "Outer","Parallel Aware": false,"Async Capable": false,"Startup Cost": 71556.39,"Total Cost": 71636.18,"Plan Rows": 2455,"Plan Width": 272,"Actual Startup Time": 912.365,"Actual Total Time": 913.327,"Actual Rows": 4,"Actual Loops": 3,"Group Key": ["n1.n_name", "n2.n_name", "(EXTRACT(year FROM lineitem.l_shipdate))"],"Workers": [],"Plans": [{"Node Type": "Sort","Parent Relationship": "Outer","Parallel Aware": false,"Async Capable": false,"Startup Cost": 71556.39,"Total Cost": 71562.53,"Plan Rows": 2455,"Plan Width": 252,"Actual Startup Time": 912.092,"Actual Total Time": 912.222,"Actual Rows": 2022,"Actual Loops": 3,"Sort Key": ["n1.n_name", "n2.n_name", "(EXTRACT(year FROM lineitem.l_shipdate))"],"Sort Method": "quicksort","Sort Space Used": 321,"Sort Space Type": "Memory","Workers": [{"Worker Number": 0,"Sort Method": "quicksort","Sort Space Used": 269,"Sort Space Type": "Memory"},{"Worker Number": 1,"Sort Method": "quicksort","Sort Space Used": 267,"Sort Space Type": "Memory"}],"Plans": [{"Node Type": "Hash Join","Parent Relationship": "Outer","Parallel Aware": false,"Async Capable": false,"Join Type": "Inner","Startup Cost": 366.16,"Total Cost": 71418.15,"Plan Rows": 2455,"Plan Width": 252,"Actual Startup Time": 9.178,"Actual Total Time": 910.139,"Actual Rows": 2022,"Actual Loops": 3,"Inner Unique": false,"Hash Cond": "(lineitem.l_suppkey = supplier.s_suppkey)","Join Filter": "(((n1.n_name = 'IRAQ'::bpchar) AND (n2.n_name = 'INDIA'::bpchar)) OR ((n1.n_name = 'INDIA'::bpchar) AND (n2.n_name = 'IRAQ'::bpchar)))","Rows Removed by Join Filter": 2077,"Workers": [],"Plans": [{"Node Type": "Nested Loop","Parent Relationship": "Outer","Parallel Aware": false,"Async Capable": false,"Join Type": "Inner","Startup Cost": 2.26,"Total Cost": 70727.78,"Plan Rows": 60250,"Plan Width": 124,"Actual Startup Time": 0.548,"Actual Total Time": 894.458,"Actual Rows": 48024,"Actual Loops": 3,"Inner Unique": false,"Workers": [],"Plans": [{"Node Type": "Nested Loop","Parent Relationship": "Outer","Parallel Aware": false,"Async Capable": false,"Join Type": "Inner","Startup Cost": 1.83,"Total Cost": 12400.01,"Plan Rows": 49000,"Plan Width": 108,"Actual Startup Time": 0.295,"Actual Total Time": 224.493,"Actual Rows": 39576,"Actual Loops": 3,"Inner Unique": false,"Workers": [],"Plans": [{"Node Type": "Hash Join","Parent Relationship": "Outer","Parallel Aware": false,"Async Capable": false,"Join Type": "Inner","Startup Cost": 1.40,"Total Cost": 4403.27,"Plan Rows": 4900,"Plan Width": 108,"Actual Startup Time": 0.158,"Actual Total Time": 47.054,"Actual Rows": 4002,"Actual Loops": 3,"Inner Unique": true,"Hash Cond": "(customer.c_nationkey = n2.n_nationkey)","Workers": [],"Plans": [{"Node Type": "Seq Scan","Parent Relationship": "Outer","Parallel Aware": true,"Async Capable": false,"Relation Name": "customer","Alias": "customer","Startup Cost": 0.00,"Total Cost": 4210.00,"Plan Rows": 62500,"Plan Width": 8,"Actual Startup Time": 0.013,"Actual Total Time": 9.505,"Actual Rows": 50000,"Actual Loops": 3,"Workers": []},{"Node Type": "Hash","Parent Relationship": "Inner","Parallel Aware": false,"Async Capable": false,"Startup Cost": 1.38,"Total Cost": 1.38,"Plan Rows": 2,"Plan Width": 108,"Actual Startup Time": 0.067,"Actual Total Time": 0.074,"Actual Rows": 2,"Actual Loops": 3,"Hash Buckets": 1024,"Original Hash Buckets": 1024,"Hash Batches": 1,"Original Hash Batches": 1,"Peak Memory Usage": 9,"Workers": [],"Plans": [{"Node Type": "Seq Scan","Parent Relationship": "Outer","Parallel Aware": false,"Async Capable": false,"Relation Name": "nation","Alias": "n2","Startup Cost": 0.00,"Total Cost": 1.38,"Plan Rows": 2,"Plan Width": 108,"Actual Startup Time": 0.046,"Actual Total Time": 0.053,"Actual Rows": 2,"Actual Loops": 3,"Filter": "((n_name = 'INDIA'::bpchar) OR (n_name = 'IRAQ'::bpchar))","Rows Removed by Filter": 23,"Workers": []}]}]},{"Node Type": "Index Scan","Parent Relationship": "Inner","Parallel Aware": false,"Async Capable": false,"Scan Direction": "Forward","Index Name": "idx_orders_custkey","Relation Name": "orders","Alias": "orders","Startup Cost": 0.43,"Total Cost": 1.46,"Plan Rows": 17,"Plan Width": 8,"Actual Startup Time": 0.007,"Actual Total Time": 0.043,"Actual Rows": 10,"Actual Loops": 12005,"Index Cond": "(o_custkey = customer.c_custkey)","Rows Removed by Index Recheck": 0,"Workers": []}]},{"Node Type": "Index Scan","Parent Relationship": "Inner","Parallel Aware": false,"Async Capable": false,"Scan Direction": "Forward","Index Name": "idx_lineitem_orderkey","Relation Name": "lineitem","Alias": "lineitem","Startup Cost": 0.43,"Total Cost": 1.14,"Plan Rows": 5,"Plan Width": 24,"Actual Startup Time": 0.016,"Actual Total Time": 0.017,"Actual Rows": 1,"Actual Loops": 118729,"Index Cond": "(l_orderkey = orders.o_orderkey)","Rows Removed by Index Recheck": 0,"Filter": "((l_shipdate >= '1995-01-01'::date) AND (l_shipdate <= '1996-12-31'::date))","Rows Removed by Filter": 3,"Workers": []}]},{"Node Type": "Hash","Parent Relationship": "Inner","Parallel Aware": false,"Async Capable": false,"Startup Cost": 354.10,"Total Cost": 354.10,"Plan Rows": 784,"Plan Width": 108,"Actual Startup Time": 8.059,"Actual Total Time": 8.075,"Actual Rows": 853,"Actual Loops": 3,"Hash Buckets": 1024,"Original Hash Buckets": 1024,"Hash Batches": 1,"Original Hash Batches": 1,"Peak Memory Usage": 60,"Workers": [],"Plans": [{"Node Type": "Hash Join","Parent Relationship": "Outer","Parallel Aware": false,"Async Capable": false,"Join Type": "Inner","Startup Cost": 1.40,"Total Cost": 354.10,"Plan Rows": 784,"Plan Width": 108,"Actual Startup Time": 0.085,"Actual Total Time": 7.833,"Actual Rows": 853,"Actual Loops": 3,"Inner Unique": true,"Hash Cond": "(supplier.s_nationkey = n1.n_nationkey)","Workers": [],"Plans": [{"Node Type": "Seq Scan","Parent Relationship": "Outer","Parallel Aware": false,"Async Capable": false,"Relation Name": "supplier","Alias": "supplier","Startup Cost": 0.00,"Total Cost": 322.00,"Plan Rows": 10000,"Plan Width": 8,"Actual Startup Time": 0.033,"Actual Total Time": 4.145,"Actual Rows": 10000,"Actual Loops": 3,"Workers": []},{"Node Type": "Hash","Parent Relationship": "Inner","Parallel Aware": false,"Async Capable": false,"Startup Cost": 1.38,"Total Cost": 1.38,"Plan Rows": 2,"Plan Width": 108,"Actual Startup Time": 0.018,"Actual Total Time": 0.024,"Actual Rows": 2,"Actual Loops": 3,"Hash Buckets": 1024,"Original Hash Buckets": 1024,"Hash Batches": 1,"Original Hash Batches": 1,"Peak Memory Usage": 9,"Workers": [],"Plans": [{"Node Type": "Seq Scan","Parent Relationship": "Outer","Parallel Aware": false,"Async Capable": false,"Relation Name": "nation","Alias": "n1","Startup Cost": 0.00,"Total Cost": 1.38,"Plan Rows": 2,"Plan Width": 108,"Actual Startup Time": 0.007,"Actual Total Time": 0.012,"Actual Rows": 2,"Actual Loops": 3,"Filter": "((n_name = 'IRAQ'::bpchar) OR (n_name = 'INDIA'::bpchar))","Rows Removed by Filter": 23,"Workers": []}]}]}]}]}]}]}]}]},"Planning Time": 8.724,"Triggers": [],"Execution Time": 976.587}]
[{"Plan": {"Node Type": "Aggregate","Strategy": "Sorted","Partial Mode": "Finalize","Parallel Aware": false,"Async Capable": false,"Startup Cost": 72556.41,"Total Cost": 73352.71,"Plan Rows": 5893,"Plan Width": 272,"Actual Startup Time": 933.462,"Actual Total Time": 987.186,"Actual Rows": 4,"Actual Loops": 1,"Group Key": ["n1.n_name", "n2.n_name", "(EXTRACT(year FROM lineitem.l_shipdate))"],"Plans": [{"Node Type": "Gather Merge","Parent Relationship": "Outer","Parallel Aware": false,"Async Capable": false,"Startup Cost": 72556.41,"Total Cost": 73202.94,"Plan Rows": 4910,"Plan Width": 272,"Actual Startup Time": 933.172,"Actual Total Time": 987.127,"Actual Rows": 12,"Actual Loops": 1,"Workers Planned": 2,"Workers Launched": 2,"Plans": [{"Node Type": "Aggregate","Strategy": "Sorted","Partial Mode": "Partial","Parent Relationship": "Outer","Parallel Aware": false,"Async Capable": false,"Startup Cost": 71556.39,"Total Cost": 71636.18,"Plan Rows": 2455,"Plan Width": 272,"Actual Startup Time": 924.476,"Actual Total Time": 925.183,"Actual Rows": 4,"Actual Loops": 3,"Group Key": ["n1.n_name", "n2.n_name", "(EXTRACT(year FROM lineitem.l_shipdate))"],"Workers": [],"Plans": [{"Node Type": "Sort","Parent Relationship": "Outer","Parallel Aware": false,"Async Capable": false,"Startup Cost": 71556.39,"Total Cost": 71562.53,"Plan Rows": 2455,"Plan Width": 252,"Actual Startup Time": 924.203,"Actual Total Time": 924.310,"Actual Rows": 1963,"Actual Loops": 3,"Sort Key": ["n1.n_name", "n2.n_name", "(EXTRACT(year FROM lineitem.l_shipdate))"],"Sort Method": "quicksort","Sort Space Used": 259,"Sort Space Type": "Memory","Workers": [{"Worker Number": 0,"Sort Method": "quicksort","Sort Space Used": 266,"Sort Space Type": "Memory"},{"Worker Number": 1,"Sort Method": "quicksort","Sort Space Used": 265,"Sort Space Type": "Memory"}],"Plans": [{"Node Type": "Hash Join","Parent Relationship": "Outer","Parallel Aware": false,"Async Capable": false,"Join Type": "Inner","Startup Cost": 366.16,"Total Cost": 71418.15,"Plan Rows": 2455,"Plan Width": 252,"Actual Startup Time": 9.819,"Actual Total Time": 922.347,"Actual Rows": 1963,"Actual Loops": 3,"Inner Unique": false,"Hash Cond": "(lineitem.l_suppkey = supplier.s_suppkey)","Join Filter": "(((n1.n_name = 'VIETNAM'::bpchar) AND (n2.n_name = 'ALGERIA'::bpchar)) OR ((n1.n_name = 'ALGERIA'::bpchar) AND (n2.n_name = 'VIETNAM'::bpchar)))","Rows Removed by Join Filter": 2005,"Workers": [],"Plans": [{"Node Type": "Nested Loop","Parent Relationship": "Outer","Parallel Aware": false,"Async Capable": false,"Join Type": "Inner","Startup Cost": 2.26,"Total Cost": 70727.78,"Plan Rows": 60250,"Plan Width": 124,"Actual Startup Time": 0.631,"Actual Total Time": 906.337,"Actual Rows": 48845,"Actual Loops": 3,"Inner Unique": false,"Workers": [],"Plans": [{"Node Type": "Nested Loop","Parent Relationship": "Outer","Parallel Aware": false,"Async Capable": false,"Join Type": "Inner","Startup Cost": 1.83,"Total Cost": 12400.01,"Plan Rows": 49000,"Plan Width": 108,"Actual Startup Time": 0.314,"Actual Total Time": 228.976,"Actual Rows": 39990,"Actual Loops": 3,"Inner Unique": false,"Workers": [],"Plans": [{"Node Type": "Hash Join","Parent Relationship": "Outer","Parallel Aware": false,"Async Capable": false,"Join Type": "Inner","Startup Cost": 1.40,"Total Cost": 4403.27,"Plan Rows": 4900,"Plan Width": 108,"Actual Startup Time": 0.183,"Actual Total Time": 48.298,"Actual Rows": 3978,"Actual Loops": 3,"Inner Unique": true,"Hash Cond": "(customer.c_nationkey = n2.n_nationkey)","Workers": [],"Plans": [{"Node Type": "Seq Scan","Parent Relationship": "Outer","Parallel Aware": true,"Async Capable": false,"Relation Name": "customer","Alias": "customer","Startup Cost": 0.00,"Total Cost": 4210.00,"Plan Rows": 62500,"Plan Width": 8,"Actual Startup Time": 0.013,"Actual Total Time": 9.646,"Actual Rows": 50000,"Actual Loops": 3,"Workers": []},{"Node Type": "Hash","Parent Relationship": "Inner","Parallel Aware": false,"Async Capable": false,"Startup Cost": 1.38,"Total Cost": 1.38,"Plan Rows": 2,"Plan Width": 108,"Actual Startup Time": 0.081,"Actual Total Time": 0.088,"Actual Rows": 2,"Actual Loops": 3,"Hash Buckets": 1024,"Original Hash Buckets": 1024,"Hash Batches": 1,"Original Hash Batches": 1,"Peak Memory Usage": 9,"Workers": [],"Plans": [{"Node Type": "Seq Scan","Parent Relationship": "Outer","Parallel Aware": false,"Async Capable": false,"Relation Name": "nation","Alias": "n2","Startup Cost": 0.00,"Total Cost": 1.38,"Plan Rows": 2,"Plan Width": 108,"Actual Startup Time": 0.054,"Actual Total Time": 0.064,"Actual Rows": 2,"Actual Loops": 3,"Filter": "((n_name = 'ALGERIA'::bpchar) OR (n_name = 'VIETNAM'::bpchar))","Rows Removed by Filter": 23,"Workers": []}]}]},{"Node Type": "Index Scan","Parent Relationship": "Inner","Parallel Aware": false,"Async Capable": false,"Scan Direction": "Forward","Index Name": "idx_orders_custkey","Relation Name": "orders","Alias": "orders","Startup Cost": 0.43,"Total Cost": 1.46,"Plan Rows": 17,"Plan Width": 8,"Actual Startup Time": 0.007,"Actual Total Time": 0.044,"Actual Rows": 10,"Actual Loops": 11933,"Index Cond": "(o_custkey = customer.c_custkey)","Rows Removed by Index Recheck": 0,"Workers": []}]},{"Node Type": "Index Scan","Parent Relationship": "Inner","Parallel Aware": false,"Async Capable": false,"Scan Direction": "Forward","Index Name": "idx_lineitem_orderkey","Relation Name": "lineitem","Alias": "lineitem","Startup Cost": 0.43,"Total Cost": 1.14,"Plan Rows": 5,"Plan Width": 24,"Actual Startup Time": 0.016,"Actual Total Time": 0.017,"Actual Rows": 1,"Actual Loops": 119969,"Index Cond": "(l_orderkey = orders.o_orderkey)","Rows Removed by Index Recheck": 0,"Filter": "((l_shipdate >= '1995-01-01'::date) AND (l_shipdate <= '1996-12-31'::date))","Rows Removed by Filter": 3,"Workers": []}]},{"Node Type": "Hash","Parent Relationship": "Inner","Parallel Aware": false,"Async Capable": false,"Startup Cost": 354.10,"Total Cost": 354.10,"Plan Rows": 784,"Plan Width": 108,"Actual Startup Time": 8.723,"Actual Total Time": 8.737,"Actual Rows": 819,"Actual Loops": 3,"Hash Buckets": 1024,"Original Hash Buckets": 1024,"Hash Batches": 1,"Original Hash Batches": 1,"Peak Memory Usage": 58,"Workers": [],"Plans": [{"Node Type": "Hash Join","Parent Relationship": "Outer","Parallel Aware": false,"Async Capable": false,"Join Type": "Inner","Startup Cost": 1.40,"Total Cost": 354.10,"Plan Rows": 784,"Plan Width": 108,"Actual Startup Time": 0.078,"Actual Total Time": 8.518,"Actual Rows": 819,"Actual Loops": 3,"Inner Unique": true,"Hash Cond": "(supplier.s_nationkey = n1.n_nationkey)","Workers": [],"Plans": [{"Node Type": "Seq Scan","Parent Relationship": "Outer","Parallel Aware": false,"Async Capable": false,"Relation Name": "supplier","Alias": "supplier","Startup Cost": 0.00,"Total Cost": 322.00,"Plan Rows": 10000,"Plan Width": 8,"Actual Startup Time": 0.029,"Actual Total Time": 4.379,"Actual Rows": 10000,"Actual Loops": 3,"Workers": []},{"Node Type": "Hash","Parent Relationship": "Inner","Parallel Aware": false,"Async Capable": false,"Startup Cost": 1.38,"Total Cost": 1.38,"Plan Rows": 2,"Plan Width": 108,"Actual Startup Time": 0.016,"Actual Total Time": 0.020,"Actual Rows": 2,"Actual Loops": 3,"Hash Buckets": 1024,"Original Hash Buckets": 1024,"Hash Batches": 1,"Original Hash Batches": 1,"Peak Memory Usage": 9,"Workers": [],"Plans": [{"Node Type": "Seq Scan","Parent Relationship": "Outer","Parallel Aware": false,"Async Capable": false,"Relation Name": "nation","Alias": "n1","Startup Cost": 0.00,"Total Cost": 1.38,"Plan Rows": 2,"Plan Width": 108,"Actual Startup Time": 0.004,"Actual Total Time": 0.011,"Actual Rows": 2,"Actual Loops": 3,"Filter": "((n_name = 'VIETNAM'::bpchar) OR (n_name = 'ALGERIA'::bpchar))","Rows Removed by Filter": 23,"Workers": []}]}]}]}]}]}]}]}]},"Planning Time": 8.536,"Triggers": [],"Execution Time": 987.646}]
[{"Plan": {"Node Type": "Aggregate","Strategy": "Sorted","Partial Mode": "Finalize","Parallel Aware": false,"Async Capable": false,"Startup Cost": 72556.41,"Total Cost": 73352.71,"Plan Rows": 5893,"Plan Width": 272,"Actual Startup Time": 917.544,"Actual Total Time": 962.444,"Actual Rows": 4,"Actual Loops": 1,"Group Key": ["n1.n_name", "n2.n_name", "(EXTRACT(year FROM lineitem.l_shipdate))"],"Plans": [{"Node Type": "Gather Merge","Parent Relationship": "Outer","Parallel Aware": false,"Async Capable": false,"Startup Cost": 72556.41,"Total Cost": 73202.94,"Plan Rows": 4910,"Plan Width": 272,"Actual Startup Time": 917.162,"Actual Total Time": 962.367,"Actual Rows": 12,"Actual Loops": 1,"Workers Planned": 2,"Workers Launched": 2,"Plans": [{"Node Type": "Aggregate","Strategy": "Sorted","Partial Mode": "Partial","Parent Relationship": "Outer","Parallel Aware": false,"Async Capable": false,"Startup Cost": 71556.39,"Total Cost": 71636.18,"Plan Rows": 2455,"Plan Width": 272,"Actual Startup Time": 908.429,"Actual Total Time": 909.102,"Actual Rows": 4,"Actual Loops": 3,"Group Key": ["n1.n_name", "n2.n_name", "(EXTRACT(year FROM lineitem.l_shipdate))"],"Workers": [],"Plans": [{"Node Type": "Sort","Parent Relationship": "Outer","Parallel Aware": false,"Async Capable": false,"Startup Cost": 71556.39,"Total Cost": 71562.53,"Plan Rows": 2455,"Plan Width": 252,"Actual Startup Time": 908.165,"Actual Total Time": 908.273,"Actual Rows": 1915,"Actual Loops": 3,"Sort Key": ["n1.n_name", "n2.n_name", "(EXTRACT(year FROM lineitem.l_shipdate))"],"Sort Method": "quicksort","Sort Space Used": 271,"Sort Space Type": "Memory","Workers": [{"Worker Number": 0,"Sort Method": "quicksort","Sort Space Used": 254,"Sort Space Type": "Memory"},{"Worker Number": 1,"Sort Method": "quicksort","Sort Space Used": 249,"Sort Space Type": "Memory"}],"Plans": [{"Node Type": "Hash Join","Parent Relationship": "Outer","Parallel Aware": false,"Async Capable": false,"Join Type": "Inner","Startup Cost": 366.16,"Total Cost": 71418.15,"Plan Rows": 2455,"Plan Width": 252,"Actual Startup Time": 11.547,"Actual Total Time": 906.249,"Actual Rows": 1915,"Actual Loops": 3,"Inner Unique": false,"Hash Cond": "(lineitem.l_suppkey = supplier.s_suppkey)","Join Filter": "(((n1.n_name = 'EGYPT'::bpchar) AND (n2.n_name = 'UNITED KINGDOM'::bpchar)) OR ((n1.n_name = 'UNITED KINGDOM'::bpchar) AND (n2.n_name = 'EGYPT'::bpchar)))","Rows Removed by Join Filter": 1982,"Workers": [],"Plans": [{"Node Type": "Nested Loop","Parent Relationship": "Outer","Parallel Aware": false,"Async Capable": false,"Join Type": "Inner","Startup Cost": 2.26,"Total Cost": 70727.78,"Plan Rows": 60250,"Plan Width": 124,"Actual Startup Time": 0.766,"Actual Total Time": 888.901,"Actual Rows": 48300,"Actual Loops": 3,"Inner Unique": false,"Workers": [],"Plans": [{"Node Type": "Nested Loop","Parent Relationship": "Outer","Parallel Aware": false,"Async Capable": false,"Join Type": "Inner","Startup Cost": 1.83,"Total Cost": 12400.01,"Plan Rows": 49000,"Plan Width": 108,"Actual Startup Time": 0.363,"Actual Total Time": 221.077,"Actual Rows": 39522,"Actual Loops": 3,"Inner Unique": false,"Workers": [],"Plans": [{"Node Type": "Hash Join","Parent Relationship": "Outer","Parallel Aware": false,"Async Capable": false,"Join Type": "Inner","Startup Cost": 1.40,"Total Cost": 4403.27,"Plan Rows": 4900,"Plan Width": 108,"Actual Startup Time": 0.189,"Actual Total Time": 44.347,"Actual Rows": 4002,"Actual Loops": 3,"Inner Unique": true,"Hash Cond": "(customer.c_nationkey = n2.n_nationkey)","Workers": [],"Plans": [{"Node Type": "Seq Scan","Parent Relationship": "Outer","Parallel Aware": true,"Async Capable": false,"Relation Name": "customer","Alias": "customer","Startup Cost": 0.00,"Total Cost": 4210.00,"Plan Rows": 62500,"Plan Width": 8,"Actual Startup Time": 0.013,"Actual Total Time": 9.091,"Actual Rows": 50000,"Actual Loops": 3,"Workers": []},{"Node Type": "Hash","Parent Relationship": "Inner","Parallel Aware": false,"Async Capable": false,"Startup Cost": 1.38,"Total Cost": 1.38,"Plan Rows": 2,"Plan Width": 108,"Actual Startup Time": 0.081,"Actual Total Time": 0.085,"Actual Rows": 2,"Actual Loops": 3,"Hash Buckets": 1024,"Original Hash Buckets": 1024,"Hash Batches": 1,"Original Hash Batches": 1,"Peak Memory Usage": 9,"Workers": [],"Plans": [{"Node Type": "Seq Scan","Parent Relationship": "Outer","Parallel Aware": false,"Async Capable": false,"Relation Name": "nation","Alias": "n2","Startup Cost": 0.00,"Total Cost": 1.38,"Plan Rows": 2,"Plan Width": 108,"Actual Startup Time": 0.058,"Actual Total Time": 0.066,"Actual Rows": 2,"Actual Loops": 3,"Filter": "((n_name = 'UNITED KINGDOM'::bpchar) OR (n_name = 'EGYPT'::bpchar))","Rows Removed by Filter": 23,"Workers": []}]}]},{"Node Type": "Index Scan","Parent Relationship": "Inner","Parallel Aware": false,"Async Capable": false,"Scan Direction": "Forward","Index Name": "idx_orders_custkey","Relation Name": "orders","Alias": "orders","Startup Cost": 0.43,"Total Cost": 1.46,"Plan Rows": 17,"Plan Width": 8,"Actual Startup Time": 0.007,"Actual Total Time": 0.043,"Actual Rows": 10,"Actual Loops": 12006,"Index Cond": "(o_custkey = customer.c_custkey)","Rows Removed by Index Recheck": 0,"Workers": []}]},{"Node Type": "Index Scan","Parent Relationship": "Inner","Parallel Aware": false,"Async Capable": false,"Scan Direction": "Forward","Index Name": "idx_lineitem_orderkey","Relation Name": "lineitem","Alias": "lineitem","Startup Cost": 0.43,"Total Cost": 1.14,"Plan Rows": 5,"Plan Width": 24,"Actual Startup Time": 0.016,"Actual Total Time": 0.017,"Actual Rows": 1,"Actual Loops": 118566,"Index Cond": "(l_orderkey = orders.o_orderkey)","Rows Removed by Index Recheck": 0,"Filter": "((l_shipdate >= '1995-01-01'::date) AND (l_shipdate <= '1996-12-31'::date))","Rows Removed by Filter": 3,"Workers": []}]},{"Node Type": "Hash","Parent Relationship": "Inner","Parallel Aware": false,"Async Capable": false,"Startup Cost": 354.10,"Total Cost": 354.10,"Plan Rows": 784,"Plan Width": 108,"Actual Startup Time": 10.176,"Actual Total Time": 10.191,"Actual Rows": 805,"Actual Loops": 3,"Hash Buckets": 1024,"Original Hash Buckets": 1024,"Hash Batches": 1,"Original Hash Batches": 1,"Peak Memory Usage": 57,"Workers": [],"Plans": [{"Node Type": "Hash Join","Parent Relationship": "Outer","Parallel Aware": false,"Async Capable": false,"Join Type": "Inner","Startup Cost": 1.40,"Total Cost": 354.10,"Plan Rows": 784,"Plan Width": 108,"Actual Startup Time": 0.076,"Actual Total Time": 9.993,"Actual Rows": 805,"Actual Loops": 3,"Inner Unique": true,"Hash Cond": "(supplier.s_nationkey = n1.n_nationkey)","Workers": [],"Plans": [{"Node Type": "Seq Scan","Parent Relationship": "Outer","Parallel Aware": false,"Async Capable": false,"Relation Name": "supplier","Alias": "supplier","Startup Cost": 0.00,"Total Cost": 322.00,"Plan Rows": 10000,"Plan Width": 8,"Actual Startup Time": 0.035,"Actual Total Time": 3.991,"Actual Rows": 10000,"Actual Loops": 3,"Workers": []},{"Node Type": "Hash","Parent Relationship": "Inner","Parallel Aware": false,"Async Capable": false,"Startup Cost": 1.38,"Total Cost": 1.38,"Plan Rows": 2,"Plan Width": 108,"Actual Startup Time": 0.012,"Actual Total Time": 0.016,"Actual Rows": 2,"Actual Loops": 3,"Hash Buckets": 1024,"Original Hash Buckets": 1024,"Hash Batches": 1,"Original Hash Batches": 1,"Peak Memory Usage": 9,"Workers": [],"Plans": [{"Node Type": "Seq Scan","Parent Relationship": "Outer","Parallel Aware": false,"Async Capable": false,"Relation Name": "nation","Alias": "n1","Startup Cost": 0.00,"Total Cost": 1.38,"Plan Rows": 2,"Plan Width": 108,"Actual Startup Time": 0.004,"Actual Total Time": 0.009,"Actual Rows": 2,"Actual Loops": 3,"Filter": "((n_name = 'EGYPT'::bpchar) OR (n_name = 'UNITED KINGDOM'::bpchar))","Rows Removed by Filter": 23,"Workers": []}]}]}]}]}]}]}]}]},"Planning Time": 9.120,"Triggers": [],"Execution Time": 962.886}]
[{"Plan": {"Node Type": "Aggregate","Strategy": "Sorted","Partial Mode": "Finalize","Parallel Aware": false,"Async Capable": false,"Startup Cost": 72556.41,"Total Cost": 73352.71,"Plan Rows": 5893,"Plan Width": 272,"Actual Startup Time": 918.740,"Actual Total Time": 962.915,"Actual Rows": 4,"Actual Loops": 1,"Group Key": ["n1.n_name", "n2.n_name", "(EXTRACT(year FROM lineitem.l_shipdate))"],"Plans": [{"Node Type": "Gather Merge","Parent Relationship": "Outer","Parallel Aware": false,"Async Capable": false,"Startup Cost": 72556.41,"Total Cost": 73202.94,"Plan Rows": 4910,"Plan Width": 272,"Actual Startup Time": 918.343,"Actual Total Time": 962.845,"Actual Rows": 12,"Actual Loops": 1,"Workers Planned": 2,"Workers Launched": 2,"Plans": [{"Node Type": "Aggregate","Strategy": "Sorted","Partial Mode": "Partial","Parent Relationship": "Outer","Parallel Aware": false,"Async Capable": false,"Startup Cost": 71556.39,"Total Cost": 71636.18,"Plan Rows": 2455,"Plan Width": 272,"Actual Startup Time": 909.865,"Actual Total Time": 910.589,"Actual Rows": 4,"Actual Loops": 3,"Group Key": ["n1.n_name", "n2.n_name", "(EXTRACT(year FROM lineitem.l_shipdate))"],"Workers": [],"Plans": [{"Node Type": "Sort","Parent Relationship": "Outer","Parallel Aware": false,"Async Capable": false,"Startup Cost": 71556.39,"Total Cost": 71562.53,"Plan Rows": 2455,"Plan Width": 252,"Actual Startup Time": 909.604,"Actual Total Time": 909.711,"Actual Rows": 1915,"Actual Loops": 3,"Sort Key": ["n1.n_name", "n2.n_name", "(EXTRACT(year FROM lineitem.l_shipdate))"],"Sort Method": "quicksort","Sort Space Used": 268,"Sort Space Type": "Memory","Workers": [{"Worker Number": 0,"Sort Method": "quicksort","Sort Space Used": 247,"Sort Space Type": "Memory"},{"Worker Number": 1,"Sort Method": "quicksort","Sort Space Used": 260,"Sort Space Type": "Memory"}],"Plans": [{"Node Type": "Hash Join","Parent Relationship": "Outer","Parallel Aware": false,"Async Capable": false,"Join Type": "Inner","Startup Cost": 366.16,"Total Cost": 71418.15,"Plan Rows": 2455,"Plan Width": 252,"Actual Startup Time": 12.889,"Actual Total Time": 907.850,"Actual Rows": 1915,"Actual Loops": 3,"Inner Unique": false,"Hash Cond": "(lineitem.l_suppkey = supplier.s_suppkey)","Join Filter": "(((n1.n_name = 'IRAN'::bpchar) AND (n2.n_name = 'UNITED STATES'::bpchar)) OR ((n1.n_name = 'UNITED STATES'::bpchar) AND (n2.n_name = 'IRAN'::bpchar)))","Rows Removed by Join Filter": 1901,"Workers": [],"Plans": [{"Node Type": "Nested Loop","Parent Relationship": "Outer","Parallel Aware": false,"Async Capable": false,"Join Type": "Inner","Startup Cost": 2.26,"Total Cost": 70727.78,"Plan Rows": 60250,"Plan Width": 124,"Actual Startup Time": 0.510,"Actual Total Time": 889.803,"Actual Rows": 48382,"Actual Loops": 3,"Inner Unique": false,"Workers": [],"Plans": [{"Node Type": "Nested Loop","Parent Relationship": "Outer","Parallel Aware": false,"Async Capable": false,"Join Type": "Inner","Startup Cost": 1.83,"Total Cost": 12400.01,"Plan Rows": 49000,"Plan Width": 108,"Actual Startup Time": 0.293,"Actual Total Time": 220.206,"Actual Rows": 39865,"Actual Loops": 3,"Inner Unique": false,"Workers": [],"Plans": [{"Node Type": "Hash Join","Parent Relationship": "Outer","Parallel Aware": false,"Async Capable": false,"Join Type": "Inner","Startup Cost": 1.40,"Total Cost": 4403.27,"Plan Rows": 4900,"Plan Width": 108,"Actual Startup Time": 0.178,"Actual Total Time": 43.248,"Actual Rows": 3997,"Actual Loops": 3,"Inner Unique": true,"Hash Cond": "(customer.c_nationkey = n2.n_nationkey)","Workers": [],"Plans": [{"Node Type": "Seq Scan","Parent Relationship": "Outer","Parallel Aware": true,"Async Capable": false,"Relation Name": "customer","Alias": "customer","Startup Cost": 0.00,"Total Cost": 4210.00,"Plan Rows": 62500,"Plan Width": 8,"Actual Startup Time": 0.019,"Actual Total Time": 9.059,"Actual Rows": 50000,"Actual Loops": 3,"Workers": []},{"Node Type": "Hash","Parent Relationship": "Inner","Parallel Aware": false,"Async Capable": false,"Startup Cost": 1.38,"Total Cost": 1.38,"Plan Rows": 2,"Plan Width": 108,"Actual Startup Time": 0.076,"Actual Total Time": 0.080,"Actual Rows": 2,"Actual Loops": 3,"Hash Buckets": 1024,"Original Hash Buckets": 1024,"Hash Batches": 1,"Original Hash Batches": 1,"Peak Memory Usage": 9,"Workers": [],"Plans": [{"Node Type": "Seq Scan","Parent Relationship": "Outer","Parallel Aware": false,"Async Capable": false,"Relation Name": "nation","Alias": "n2","Startup Cost": 0.00,"Total Cost": 1.38,"Plan Rows": 2,"Plan Width": 108,"Actual Startup Time": 0.061,"Actual Total Time": 0.065,"Actual Rows": 2,"Actual Loops": 3,"Filter": "((n_name = 'UNITED STATES'::bpchar) OR (n_name = 'IRAN'::bpchar))","Rows Removed by Filter": 23,"Workers": []}]}]},{"Node Type": "Index Scan","Parent Relationship": "Inner","Parallel Aware": false,"Async Capable": false,"Scan Direction": "Forward","Index Name": "idx_orders_custkey","Relation Name": "orders","Alias": "orders","Startup Cost": 0.43,"Total Cost": 1.46,"Plan Rows": 17,"Plan Width": 8,"Actual Startup Time": 0.007,"Actual Total Time": 0.043,"Actual Rows": 10,"Actual Loops": 11992,"Index Cond": "(o_custkey = customer.c_custkey)","Rows Removed by Index Recheck": 0,"Workers": []}]},{"Node Type": "Index Scan","Parent Relationship": "Inner","Parallel Aware": false,"Async Capable": false,"Scan Direction": "Forward","Index Name": "idx_lineitem_orderkey","Relation Name": "lineitem","Alias": "lineitem","Startup Cost": 0.43,"Total Cost": 1.14,"Plan Rows": 5,"Plan Width": 24,"Actual Startup Time": 0.016,"Actual Total Time": 0.017,"Actual Rows": 1,"Actual Loops": 119596,"Index Cond": "(l_orderkey = orders.o_orderkey)","Rows Removed by Index Recheck": 0,"Filter": "((l_shipdate >= '1995-01-01'::date) AND (l_shipdate <= '1996-12-31'::date))","Rows Removed by Filter": 3,"Workers": []}]},{"Node Type": "Hash","Parent Relationship": "Inner","Parallel Aware": false,"Async Capable": false,"Startup Cost": 354.10,"Total Cost": 354.10,"Plan Rows": 784,"Plan Width": 108,"Actual Startup Time": 11.062,"Actual Total Time": 11.077,"Actual Rows": 786,"Actual Loops": 3,"Hash Buckets": 1024,"Original Hash Buckets": 1024,"Hash Batches": 1,"Original Hash Batches": 1,"Peak Memory Usage": 56,"Workers": [],"Plans": [{"Node Type": "Hash Join","Parent Relationship": "Outer","Parallel Aware": false,"Async Capable": false,"Join Type": "Inner","Startup Cost": 1.40,"Total Cost": 354.10,"Plan Rows": 784,"Plan Width": 108,"Actual Startup Time": 0.086,"Actual Total Time": 10.872,"Actual Rows": 786,"Actual Loops": 3,"Inner Unique": true,"Hash Cond": "(supplier.s_nationkey = n1.n_nationkey)","Workers": [],"Plans": [{"Node Type": "Seq Scan","Parent Relationship": "Outer","Parallel Aware": false,"Async Capable": false,"Relation Name": "supplier","Alias": "supplier","Startup Cost": 0.00,"Total Cost": 322.00,"Plan Rows": 10000,"Plan Width": 8,"Actual Startup Time": 0.038,"Actual Total Time": 4.465,"Actual Rows": 10000,"Actual Loops": 3,"Workers": []},{"Node Type": "Hash","Parent Relationship": "Inner","Parallel Aware": false,"Async Capable": false,"Startup Cost": 1.38,"Total Cost": 1.38,"Plan Rows": 2,"Plan Width": 108,"Actual Startup Time": 0.014,"Actual Total Time": 0.019,"Actual Rows": 2,"Actual Loops": 3,"Hash Buckets": 1024,"Original Hash Buckets": 1024,"Hash Batches": 1,"Original Hash Batches": 1,"Peak Memory Usage": 9,"Workers": [],"Plans": [{"Node Type": "Seq Scan","Parent Relationship": "Outer","Parallel Aware": false,"Async Capable": false,"Relation Name": "nation","Alias": "n1","Startup Cost": 0.00,"Total Cost": 1.38,"Plan Rows": 2,"Plan Width": 108,"Actual Startup Time": 0.006,"Actual Total Time": 0.010,"Actual Rows": 2,"Actual Loops": 3,"Filter": "((n_name = 'IRAN'::bpchar) OR (n_name = 'UNITED STATES'::bpchar))","Rows Removed by Filter": 23,"Workers": []}]}]}]}]}]}]}]}]},"Planning Time": 7.731,"Triggers": [],"Execution Time": 963.394}]
[{"Plan": {"Node Type": "Aggregate","Strategy": "Sorted","Partial Mode": "Finalize","Parallel Aware": false,"Async Capable": false,"Startup Cost": 72556.41,"Total Cost": 73352.71,"Plan Rows": 5893,"Plan Width": 272,"Actual Startup Time": 923.602,"Actual Total Time": 977.245,"Actual Rows": 4,"Actual Loops": 1,"Group Key": ["n1.n_name", "n2.n_name", "(EXTRACT(year FROM lineitem.l_shipdate))"],"Plans": [{"Node Type": "Gather Merge","Parent Relationship": "Outer","Parallel Aware": false,"Async Capable": false,"Startup Cost": 72556.41,"Total Cost": 73202.94,"Plan Rows": 4910,"Plan Width": 272,"Actual Startup Time": 922.883,"Actual Total Time": 977.163,"Actual Rows": 12,"Actual Loops": 1,"Workers Planned": 2,"Workers Launched": 2,"Plans": [{"Node Type": "Aggregate","Strategy": "Sorted","Partial Mode": "Partial","Parent Relationship": "Outer","Parallel Aware": false,"Async Capable": false,"Startup Cost": 71556.39,"Total Cost": 71636.18,"Plan Rows": 2455,"Plan Width": 272,"Actual Startup Time": 914.514,"Actual Total Time": 915.421,"Actual Rows": 4,"Actual Loops": 3,"Group Key": ["n1.n_name", "n2.n_name", "(EXTRACT(year FROM lineitem.l_shipdate))"],"Workers": [],"Plans": [{"Node Type": "Sort","Parent Relationship": "Outer","Parallel Aware": false,"Async Capable": false,"Startup Cost": 71556.39,"Total Cost": 71562.53,"Plan Rows": 2455,"Plan Width": 252,"Actual Startup Time": 914.256,"Actual Total Time": 914.382,"Actual Rows": 1964,"Actual Loops": 3,"Sort Key": ["n1.n_name", "n2.n_name", "(EXTRACT(year FROM lineitem.l_shipdate))"],"Sort Method": "quicksort","Sort Space Used": 267,"Sort Space Type": "Memory","Workers": [{"Worker Number": 0,"Sort Method": "quicksort","Sort Space Used": 264,"Sort Space Type": "Memory"},{"Worker Number": 1,"Sort Method": "quicksort","Sort Space Used": 259,"Sort Space Type": "Memory"}],"Plans": [{"Node Type": "Hash Join","Parent Relationship": "Outer","Parallel Aware": false,"Async Capable": false,"Join Type": "Inner","Startup Cost": 366.16,"Total Cost": 71418.15,"Plan Rows": 2455,"Plan Width": 252,"Actual Startup Time": 8.686,"Actual Total Time": 912.355,"Actual Rows": 1964,"Actual Loops": 3,"Inner Unique": false,"Hash Cond": "(lineitem.l_suppkey = supplier.s_suppkey)","Join Filter": "(((n1.n_name = 'GERMANY'::bpchar) AND (n2.n_name = 'INDIA'::bpchar)) OR ((n1.n_name = 'INDIA'::bpchar) AND (n2.n_name = 'GERMANY'::bpchar)))","Rows Removed by Join Filter": 1949,"Workers": [],"Plans": [{"Node Type": "Nested Loop","Parent Relationship": "Outer","Parallel Aware": false,"Async Capable": false,"Join Type": "Inner","Startup Cost": 2.26,"Total Cost": 70727.78,"Plan Rows": 60250,"Plan Width": 124,"Actual Startup Time": 0.578,"Actual Total Time": 897.197,"Actual Rows": 48470,"Actual Loops": 3,"Inner Unique": false,"Workers": [],"Plans": [{"Node Type": "Nested Loop","Parent Relationship": "Outer","Parallel Aware": false,"Async Capable": false,"Join Type": "Inner","Startup Cost": 1.83,"Total Cost": 12400.01,"Plan Rows": 49000,"Plan Width": 108,"Actual Startup Time": 0.303,"Actual Total Time": 224.280,"Actual Rows": 39850,"Actual Loops": 3,"Inner Unique": false,"Workers": [],"Plans": [{"Node Type": "Hash Join","Parent Relationship": "Outer","Parallel Aware": false,"Async Capable": false,"Join Type": "Inner","Startup Cost": 1.40,"Total Cost": 4403.27,"Plan Rows": 4900,"Plan Width": 108,"Actual Startup Time": 0.181,"Actual Total Time": 46.063,"Actual Rows": 3983,"Actual Loops": 3,"Inner Unique": true,"Hash Cond": "(customer.c_nationkey = n2.n_nationkey)","Workers": [],"Plans": [{"Node Type": "Seq Scan","Parent Relationship": "Outer","Parallel Aware": true,"Async Capable": false,"Relation Name": "customer","Alias": "customer","Startup Cost": 0.00,"Total Cost": 4210.00,"Plan Rows": 62500,"Plan Width": 8,"Actual Startup Time": 0.012,"Actual Total Time": 9.480,"Actual Rows": 50000,"Actual Loops": 3,"Workers": []},{"Node Type": "Hash","Parent Relationship": "Inner","Parallel Aware": false,"Async Capable": false,"Startup Cost": 1.38,"Total Cost": 1.38,"Plan Rows": 2,"Plan Width": 108,"Actual Startup Time": 0.072,"Actual Total Time": 0.078,"Actual Rows": 2,"Actual Loops": 3,"Hash Buckets": 1024,"Original Hash Buckets": 1024,"Hash Batches": 1,"Original Hash Batches": 1,"Peak Memory Usage": 9,"Workers": [],"Plans": [{"Node Type": "Seq Scan","Parent Relationship": "Outer","Parallel Aware": false,"Async Capable": false,"Relation Name": "nation","Alias": "n2","Startup Cost": 0.00,"Total Cost": 1.38,"Plan Rows": 2,"Plan Width": 108,"Actual Startup Time": 0.052,"Actual Total Time": 0.059,"Actual Rows": 2,"Actual Loops": 3,"Filter": "((n_name = 'INDIA'::bpchar) OR (n_name = 'GERMANY'::bpchar))","Rows Removed by Filter": 23,"Workers": []}]}]},{"Node Type": "Index Scan","Parent Relationship": "Inner","Parallel Aware": false,"Async Capable": false,"Scan Direction": "Forward","Index Name": "idx_orders_custkey","Relation Name": "orders","Alias": "orders","Startup Cost": 0.43,"Total Cost": 1.46,"Plan Rows": 17,"Plan Width": 8,"Actual Startup Time": 0.007,"Actual Total Time": 0.043,"Actual Rows": 10,"Actual Loops": 11950,"Index Cond": "(o_custkey = customer.c_custkey)","Rows Removed by Index Recheck": 0,"Workers": []}]},{"Node Type": "Index Scan","Parent Relationship": "Inner","Parallel Aware": false,"Async Capable": false,"Scan Direction": "Forward","Index Name": "idx_lineitem_orderkey","Relation Name": "lineitem","Alias": "lineitem","Startup Cost": 0.43,"Total Cost": 1.14,"Plan Rows": 5,"Plan Width": 24,"Actual Startup Time": 0.016,"Actual Total Time": 0.017,"Actual Rows": 1,"Actual Loops": 119551,"Index Cond": "(l_orderkey = orders.o_orderkey)","Rows Removed by Index Recheck": 0,"Filter": "((l_shipdate >= '1995-01-01'::date) AND (l_shipdate <= '1996-12-31'::date))","Rows Removed by Filter": 3,"Workers": []}]},{"Node Type": "Hash","Parent Relationship": "Inner","Parallel Aware": false,"Async Capable": false,"Startup Cost": 354.10,"Total Cost": 354.10,"Plan Rows": 784,"Plan Width": 108,"Actual Startup Time": 7.706,"Actual Total Time": 7.725,"Actual Rows": 811,"Actual Loops": 3,"Hash Buckets": 1024,"Original Hash Buckets": 1024,"Hash Batches": 1,"Original Hash Batches": 1,"Peak Memory Usage": 58,"Workers": [],"Plans": [{"Node Type": "Hash Join","Parent Relationship": "Outer","Parallel Aware": false,"Async Capable": false,"Join Type": "Inner","Startup Cost": 1.40,"Total Cost": 354.10,"Plan Rows": 784,"Plan Width": 108,"Actual Startup Time": 0.096,"Actual Total Time": 7.494,"Actual Rows": 811,"Actual Loops": 3,"Inner Unique": true,"Hash Cond": "(supplier.s_nationkey = n1.n_nationkey)","Workers": [],"Plans": [{"Node Type": "Seq Scan","Parent Relationship": "Outer","Parallel Aware": false,"Async Capable": false,"Relation Name": "supplier","Alias": "supplier","Startup Cost": 0.00,"Total Cost": 322.00,"Plan Rows": 10000,"Plan Width": 8,"Actual Startup Time": 0.036,"Actual Total Time": 4.178,"Actual Rows": 10000,"Actual Loops": 3,"Workers": []},{"Node Type": "Hash","Parent Relationship": "Inner","Parallel Aware": false,"Async Capable": false,"Startup Cost": 1.38,"Total Cost": 1.38,"Plan Rows": 2,"Plan Width": 108,"Actual Startup Time": 0.021,"Actual Total Time": 0.028,"Actual Rows": 2,"Actual Loops": 3,"Hash Buckets": 1024,"Original Hash Buckets": 1024,"Hash Batches": 1,"Original Hash Batches": 1,"Peak Memory Usage": 9,"Workers": [],"Plans": [{"Node Type": "Seq Scan","Parent Relationship": "Outer","Parallel Aware": false,"Async Capable": false,"Relation Name": "nation","Alias": "n1","Startup Cost": 0.00,"Total Cost": 1.38,"Plan Rows": 2,"Plan Width": 108,"Actual Startup Time": 0.008,"Actual Total Time": 0.015,"Actual Rows": 2,"Actual Loops": 3,"Filter": "((n_name = 'GERMANY'::bpchar) OR (n_name = 'INDIA'::bpchar))","Rows Removed by Filter": 23,"Workers": []}]}]}]}]}]}]}]}]},"Planning Time": 8.738,"Triggers": [],"Execution Time": 977.686}]
[{"Plan": {"Node Type": "Aggregate","Strategy": "Sorted","Partial Mode": "Finalize","Parallel Aware": false,"Async Capable": false,"Startup Cost": 72556.41,"Total Cost": 73352.71,"Plan Rows": 5893,"Plan Width": 272,"Actual Startup Time": 926.354,"Actual Total Time": 983.902,"Actual Rows": 4,"Actual Loops": 1,"Group Key": ["n1.n_name", "n2.n_name", "(EXTRACT(year FROM lineitem.l_shipdate))"],"Plans": [{"Node Type": "Gather Merge","Parent Relationship": "Outer","Parallel Aware": false,"Async Capable": false,"Startup Cost": 72556.41,"Total Cost": 73202.94,"Plan Rows": 4910,"Plan Width": 272,"Actual Startup Time": 926.043,"Actual Total Time": 983.830,"Actual Rows": 12,"Actual Loops": 1,"Workers Planned": 2,"Workers Launched": 2,"Plans": [{"Node Type": "Aggregate","Strategy": "Sorted","Partial Mode": "Partial","Parent Relationship": "Outer","Parallel Aware": false,"Async Capable": false,"Startup Cost": 71556.39,"Total Cost": 71636.18,"Plan Rows": 2455,"Plan Width": 272,"Actual Startup Time": 918.144,"Actual Total Time": 918.800,"Actual Rows": 4,"Actual Loops": 3,"Group Key": ["n1.n_name", "n2.n_name", "(EXTRACT(year FROM lineitem.l_shipdate))"],"Workers": [],"Plans": [{"Node Type": "Sort","Parent Relationship": "Outer","Parallel Aware": false,"Async Capable": false,"Startup Cost": 71556.39,"Total Cost": 71562.53,"Plan Rows": 2455,"Plan Width": 252,"Actual Startup Time": 917.905,"Actual Total Time": 918.015,"Actual Rows": 1830,"Actual Loops": 3,"Sort Key": ["n1.n_name", "n2.n_name", "(EXTRACT(year FROM lineitem.l_shipdate))"],"Sort Method": "quicksort","Sort Space Used": 248,"Sort Space Type": "Memory","Workers": [{"Worker Number": 0,"Sort Method": "quicksort","Sort Space Used": 246,"Sort Space Type": "Memory"},{"Worker Number": 1,"Sort Method": "quicksort","Sort Space Used": 252,"Sort Space Type": "Memory"}],"Plans": [{"Node Type": "Hash Join","Parent Relationship": "Outer","Parallel Aware": false,"Async Capable": false,"Join Type": "Inner","Startup Cost": 366.16,"Total Cost": 71418.15,"Plan Rows": 2455,"Plan Width": 252,"Actual Startup Time": 10.624,"Actual Total Time": 916.165,"Actual Rows": 1830,"Actual Loops": 3,"Inner Unique": false,"Hash Cond": "(lineitem.l_suppkey = supplier.s_suppkey)","Join Filter": "(((n1.n_name = 'UNITED STATES'::bpchar) AND (n2.n_name = 'MOROCCO'::bpchar)) OR ((n1.n_name = 'MOROCCO'::bpchar) AND (n2.n_name = 'UNITED STATES'::bpchar)))","Rows Removed by Join Filter": 1891,"Workers": [],"Plans": [{"Node Type": "Nested Loop","Parent Relationship": "Outer","Parallel Aware": false,"Async Capable": false,"Join Type": "Inner","Startup Cost": 2.26,"Total Cost": 70727.78,"Plan Rows": 60250,"Plan Width": 124,"Actual Startup Time": 0.689,"Actual Total Time": 901.301,"Actual Rows": 48666,"Actual Loops": 3,"Inner Unique": false,"Workers": [],"Plans": [{"Node Type": "Nested Loop","Parent Relationship": "Outer","Parallel Aware": false,"Async Capable": false,"Join Type": "Inner","Startup Cost": 1.83,"Total Cost": 12400.01,"Plan Rows": 49000,"Plan Width": 108,"Actual Startup Time": 0.333,"Actual Total Time": 226.384,"Actual Rows": 39793,"Actual Loops": 3,"Inner Unique": false,"Workers": [],"Plans": [{"Node Type": "Hash Join","Parent Relationship": "Outer","Parallel Aware": false,"Async Capable": false,"Join Type": "Inner","Startup Cost": 1.40,"Total Cost": 4403.27,"Plan Rows": 4900,"Plan Width": 108,"Actual Startup Time": 0.207,"Actual Total Time": 47.985,"Actual Rows": 3968,"Actual Loops": 3,"Inner Unique": true,"Hash Cond": "(customer.c_nationkey = n2.n_nationkey)","Workers": [],"Plans": [{"Node Type": "Seq Scan","Parent Relationship": "Outer","Parallel Aware": true,"Async Capable": false,"Relation Name": "customer","Alias": "customer","Startup Cost": 0.00,"Total Cost": 4210.00,"Plan Rows": 62500,"Plan Width": 8,"Actual Startup Time": 0.012,"Actual Total Time": 9.560,"Actual Rows": 50000,"Actual Loops": 3,"Workers": []},{"Node Type": "Hash","Parent Relationship": "Inner","Parallel Aware": false,"Async Capable": false,"Startup Cost": 1.38,"Total Cost": 1.38,"Plan Rows": 2,"Plan Width": 108,"Actual Startup Time": 0.081,"Actual Total Time": 0.089,"Actual Rows": 2,"Actual Loops": 3,"Hash Buckets": 1024,"Original Hash Buckets": 1024,"Hash Batches": 1,"Original Hash Batches": 1,"Peak Memory Usage": 9,"Workers": [],"Plans": [{"Node Type": "Seq Scan","Parent Relationship": "Outer","Parallel Aware": false,"Async Capable": false,"Relation Name": "nation","Alias": "n2","Startup Cost": 0.00,"Total Cost": 1.38,"Plan Rows": 2,"Plan Width": 108,"Actual Startup Time": 0.058,"Actual Total Time": 0.063,"Actual Rows": 2,"Actual Loops": 3,"Filter": "((n_name = 'MOROCCO'::bpchar) OR (n_name = 'UNITED STATES'::bpchar))","Rows Removed by Filter": 23,"Workers": []}]}]},{"Node Type": "Index Scan","Parent Relationship": "Inner","Parallel Aware": false,"Async Capable": false,"Scan Direction": "Forward","Index Name": "idx_orders_custkey","Relation Name": "orders","Alias": "orders","Startup Cost": 0.43,"Total Cost": 1.46,"Plan Rows": 17,"Plan Width": 8,"Actual Startup Time": 0.007,"Actual Total Time": 0.044,"Actual Rows": 10,"Actual Loops": 11904,"Index Cond": "(o_custkey = customer.c_custkey)","Rows Removed by Index Recheck": 0,"Workers": []}]},{"Node Type": "Index Scan","Parent Relationship": "Inner","Parallel Aware": false,"Async Capable": false,"Scan Direction": "Forward","Index Name": "idx_lineitem_orderkey","Relation Name": "lineitem","Alias": "lineitem","Startup Cost": 0.43,"Total Cost": 1.14,"Plan Rows": 5,"Plan Width": 24,"Actual Startup Time": 0.016,"Actual Total Time": 0.017,"Actual Rows": 1,"Actual Loops": 119380,"Index Cond": "(l_orderkey = orders.o_orderkey)","Rows Removed by Index Recheck": 0,"Filter": "((l_shipdate >= '1995-01-01'::date) AND (l_shipdate <= '1996-12-31'::date))","Rows Removed by Filter": 3,"Workers": []}]},{"Node Type": "Hash","Parent Relationship": "Inner","Parallel Aware": false,"Async Capable": false,"Startup Cost": 354.10,"Total Cost": 354.10,"Plan Rows": 784,"Plan Width": 108,"Actual Startup Time": 7.888,"Actual Total Time": 7.899,"Actual Rows": 766,"Actual Loops": 3,"Hash Buckets": 1024,"Original Hash Buckets": 1024,"Hash Batches": 1,"Original Hash Batches": 1,"Peak Memory Usage": 55,"Workers": [],"Plans": [{"Node Type": "Hash Join","Parent Relationship": "Outer","Parallel Aware": false,"Async Capable": false,"Join Type": "Inner","Startup Cost": 1.40,"Total Cost": 354.10,"Plan Rows": 784,"Plan Width": 108,"Actual Startup Time": 0.095,"Actual Total Time": 7.729,"Actual Rows": 766,"Actual Loops": 3,"Inner Unique": true,"Hash Cond": "(supplier.s_nationkey = n1.n_nationkey)","Workers": [],"Plans": [{"Node Type": "Seq Scan","Parent Relationship": "Outer","Parallel Aware": false,"Async Capable": false,"Relation Name": "supplier","Alias": "supplier","Startup Cost": 0.00,"Total Cost": 322.00,"Plan Rows": 10000,"Plan Width": 8,"Actual Startup Time": 0.040,"Actual Total Time": 3.807,"Actual Rows": 10000,"Actual Loops": 3,"Workers": []},{"Node Type": "Hash","Parent Relationship": "Inner","Parallel Aware": false,"Async Capable": false,"Startup Cost": 1.38,"Total Cost": 1.38,"Plan Rows": 2,"Plan Width": 108,"Actual Startup Time": 0.020,"Actual Total Time": 0.023,"Actual Rows": 2,"Actual Loops": 3,"Hash Buckets": 1024,"Original Hash Buckets": 1024,"Hash Batches": 1,"Original Hash Batches": 1,"Peak Memory Usage": 9,"Workers": [],"Plans": [{"Node Type": "Seq Scan","Parent Relationship": "Outer","Parallel Aware": false,"Async Capable": false,"Relation Name": "nation","Alias": "n1","Startup Cost": 0.00,"Total Cost": 1.38,"Plan Rows": 2,"Plan Width": 108,"Actual Startup Time": 0.010,"Actual Total Time": 0.014,"Actual Rows": 2,"Actual Loops": 3,"Filter": "((n_name = 'UNITED STATES'::bpchar) OR (n_name = 'MOROCCO'::bpchar))","Rows Removed by Filter": 23,"Workers": []}]}]}]}]}]}]}]}]},"Planning Time": 9.021,"Triggers": [],"Execution Time": 984.348}]
[{"Plan": {"Node Type": "Aggregate","Strategy": "Sorted","Partial Mode": "Finalize","Parallel Aware": false,"Async Capable": false,"Startup Cost": 72556.41,"Total Cost": 73352.71,"Plan Rows": 5893,"Plan Width": 272,"Actual Startup Time": 949.617,"Actual Total Time": 1001.142,"Actual Rows": 4,"Actual Loops": 1,"Group Key": ["n1.n_name", "n2.n_name", "(EXTRACT(year FROM lineitem.l_shipdate))"],"Plans": [{"Node Type": "Gather Merge","Parent Relationship": "Outer","Parallel Aware": false,"Async Capable": false,"Startup Cost": 72556.41,"Total Cost": 73202.94,"Plan Rows": 4910,"Plan Width": 272,"Actual Startup Time": 948.843,"Actual Total Time": 1001.070,"Actual Rows": 12,"Actual Loops": 1,"Workers Planned": 2,"Workers Launched": 2,"Plans": [{"Node Type": "Aggregate","Strategy": "Sorted","Partial Mode": "Partial","Parent Relationship": "Outer","Parallel Aware": false,"Async Capable": false,"Startup Cost": 71556.39,"Total Cost": 71636.18,"Plan Rows": 2455,"Plan Width": 272,"Actual Startup Time": 940.166,"Actual Total Time": 941.034,"Actual Rows": 4,"Actual Loops": 3,"Group Key": ["n1.n_name", "n2.n_name", "(EXTRACT(year FROM lineitem.l_shipdate))"],"Workers": [],"Plans": [{"Node Type": "Sort","Parent Relationship": "Outer","Parallel Aware": false,"Async Capable": false,"Startup Cost": 71556.39,"Total Cost": 71562.53,"Plan Rows": 2455,"Plan Width": 252,"Actual Startup Time": 939.881,"Actual Total Time": 940.001,"Actual Rows": 2039,"Actual Loops": 3,"Sort Key": ["n1.n_name", "n2.n_name", "(EXTRACT(year FROM lineitem.l_shipdate))"],"Sort Method": "quicksort","Sort Space Used": 271,"Sort Space Type": "Memory","Workers": [{"Worker Number": 0,"Sort Method": "quicksort","Sort Space Used": 270,"Sort Space Type": "Memory"},{"Worker Number": 1,"Sort Method": "quicksort","Sort Space Used": 322,"Sort Space Type": "Memory"}],"Plans": [{"Node Type": "Hash Join","Parent Relationship": "Outer","Parallel Aware": false,"Async Capable": false,"Join Type": "Inner","Startup Cost": 366.16,"Total Cost": 71418.15,"Plan Rows": 2455,"Plan Width": 252,"Actual Startup Time": 9.727,"Actual Total Time": 937.973,"Actual Rows": 2039,"Actual Loops": 3,"Inner Unique": false,"Hash Cond": "(lineitem.l_suppkey = supplier.s_suppkey)","Join Filter": "(((n1.n_name = 'MOZAMBIQUE'::bpchar) AND (n2.n_name = 'INDONESIA'::bpchar)) OR ((n1.n_name = 'INDONESIA'::bpchar) AND (n2.n_name = 'MOZAMBIQUE'::bpchar)))","Rows Removed by Join Filter": 2053,"Workers": [],"Plans": [{"Node Type": "Nested Loop","Parent Relationship": "Outer","Parallel Aware": false,"Async Capable": false,"Join Type": "Inner","Startup Cost": 2.26,"Total Cost": 70727.78,"Plan Rows": 60250,"Plan Width": 124,"Actual Startup Time": 0.668,"Actual Total Time": 922.488,"Actual Rows": 49810,"Actual Loops": 3,"Inner Unique": false,"Workers": [],"Plans": [{"Node Type": "Nested Loop","Parent Relationship": "Outer","Parallel Aware": false,"Async Capable": false,"Join Type": "Inner","Startup Cost": 1.83,"Total Cost": 12400.01,"Plan Rows": 49000,"Plan Width": 108,"Actual Startup Time": 0.364,"Actual Total Time": 231.808,"Actual Rows": 40881,"Actual Loops": 3,"Inner Unique": false,"Workers": [],"Plans": [{"Node Type": "Hash Join","Parent Relationship": "Outer","Parallel Aware": false,"Async Capable": false,"Join Type": "Inner","Startup Cost": 1.40,"Total Cost": 4403.27,"Plan Rows": 4900,"Plan Width": 108,"Actual Startup Time": 0.218,"Actual Total Time": 48.505,"Actual Rows": 4045,"Actual Loops": 3,"Inner Unique": true,"Hash Cond": "(customer.c_nationkey = n2.n_nationkey)","Workers": [],"Plans": [{"Node Type": "Seq Scan","Parent Relationship": "Outer","Parallel Aware": true,"Async Capable": false,"Relation Name": "customer","Alias": "customer","Startup Cost": 0.00,"Total Cost": 4210.00,"Plan Rows": 62500,"Plan Width": 8,"Actual Startup Time": 0.013,"Actual Total Time": 9.865,"Actual Rows": 50000,"Actual Loops": 3,"Workers": []},{"Node Type": "Hash","Parent Relationship": "Inner","Parallel Aware": false,"Async Capable": false,"Startup Cost": 1.38,"Total Cost": 1.38,"Plan Rows": 2,"Plan Width": 108,"Actual Startup Time": 0.094,"Actual Total Time": 0.099,"Actual Rows": 2,"Actual Loops": 3,"Hash Buckets": 1024,"Original Hash Buckets": 1024,"Hash Batches": 1,"Original Hash Batches": 1,"Peak Memory Usage": 9,"Workers": [],"Plans": [{"Node Type": "Seq Scan","Parent Relationship": "Outer","Parallel Aware": false,"Async Capable": false,"Relation Name": "nation","Alias": "n2","Startup Cost": 0.00,"Total Cost": 1.38,"Plan Rows": 2,"Plan Width": 108,"Actual Startup Time": 0.067,"Actual Total Time": 0.073,"Actual Rows": 2,"Actual Loops": 3,"Filter": "((n_name = 'INDONESIA'::bpchar) OR (n_name = 'MOZAMBIQUE'::bpchar))","Rows Removed by Filter": 23,"Workers": []}]}]},{"Node Type": "Index Scan","Parent Relationship": "Inner","Parallel Aware": false,"Async Capable": false,"Scan Direction": "Forward","Index Name": "idx_orders_custkey","Relation Name": "orders","Alias": "orders","Startup Cost": 0.43,"Total Cost": 1.46,"Plan Rows": 17,"Plan Width": 8,"Actual Startup Time": 0.007,"Actual Total Time": 0.044,"Actual Rows": 10,"Actual Loops": 12135,"Index Cond": "(o_custkey = customer.c_custkey)","Rows Removed by Index Recheck": 0,"Workers": []}]},{"Node Type": "Index Scan","Parent Relationship": "Inner","Parallel Aware": false,"Async Capable": false,"Scan Direction": "Forward","Index Name": "idx_lineitem_orderkey","Relation Name": "lineitem","Alias": "lineitem","Startup Cost": 0.43,"Total Cost": 1.14,"Plan Rows": 5,"Plan Width": 24,"Actual Startup Time": 0.016,"Actual Total Time": 0.017,"Actual Rows": 1,"Actual Loops": 122644,"Index Cond": "(l_orderkey = orders.o_orderkey)","Rows Removed by Index Recheck": 0,"Filter": "((l_shipdate >= '1995-01-01'::date) AND (l_shipdate <= '1996-12-31'::date))","Rows Removed by Filter": 3,"Workers": []}]},{"Node Type": "Hash","Parent Relationship": "Inner","Parallel Aware": false,"Async Capable": false,"Startup Cost": 354.10,"Total Cost": 354.10,"Plan Rows": 784,"Plan Width": 108,"Actual Startup Time": 7.794,"Actual Total Time": 7.807,"Actual Rows": 811,"Actual Loops": 3,"Hash Buckets": 1024,"Original Hash Buckets": 1024,"Hash Batches": 1,"Original Hash Batches": 1,"Peak Memory Usage": 58,"Workers": [],"Plans": [{"Node Type": "Hash Join","Parent Relationship": "Outer","Parallel Aware": false,"Async Capable": false,"Join Type": "Inner","Startup Cost": 1.40,"Total Cost": 354.10,"Plan Rows": 784,"Plan Width": 108,"Actual Startup Time": 0.080,"Actual Total Time": 7.631,"Actual Rows": 811,"Actual Loops": 3,"Inner Unique": true,"Hash Cond": "(supplier.s_nationkey = n1.n_nationkey)","Workers": [],"Plans": [{"Node Type": "Seq Scan","Parent Relationship": "Outer","Parallel Aware": false,"Async Capable": false,"Relation Name": "supplier","Alias": "supplier","Startup Cost": 0.00,"Total Cost": 322.00,"Plan Rows": 10000,"Plan Width": 8,"Actual Startup Time": 0.033,"Actual Total Time": 3.773,"Actual Rows": 10000,"Actual Loops": 3,"Workers": []},{"Node Type": "Hash","Parent Relationship": "Inner","Parallel Aware": false,"Async Capable": false,"Startup Cost": 1.38,"Total Cost": 1.38,"Plan Rows": 2,"Plan Width": 108,"Actual Startup Time": 0.015,"Actual Total Time": 0.020,"Actual Rows": 2,"Actual Loops": 3,"Hash Buckets": 1024,"Original Hash Buckets": 1024,"Hash Batches": 1,"Original Hash Batches": 1,"Peak Memory Usage": 9,"Workers": [],"Plans": [{"Node Type": "Seq Scan","Parent Relationship": "Outer","Parallel Aware": false,"Async Capable": false,"Relation Name": "nation","Alias": "n1","Startup Cost": 0.00,"Total Cost": 1.38,"Plan Rows": 2,"Plan Width": 108,"Actual Startup Time": 0.006,"Actual Total Time": 0.010,"Actual Rows": 2,"Actual Loops": 3,"Filter": "((n_name = 'MOZAMBIQUE'::bpchar) OR (n_name = 'INDONESIA'::bpchar))","Rows Removed by Filter": 23,"Workers": []}]}]}]}]}]}]}]}]},"Planning Time": 9.214,"Triggers": [],"Execution Time": 1001.529}]
[{"Plan": {"Node Type": "Aggregate","Strategy": "Sorted","Partial Mode": "Finalize","Parallel Aware": false,"Async Capable": false,"Startup Cost": 72556.41,"Total Cost": 73352.71,"Plan Rows": 5893,"Plan Width": 272,"Actual Startup Time": 930.223,"Actual Total Time": 985.458,"Actual Rows": 4,"Actual Loops": 1,"Group Key": ["n1.n_name", "n2.n_name", "(EXTRACT(year FROM lineitem.l_shipdate))"],"Plans": [{"Node Type": "Gather Merge","Parent Relationship": "Outer","Parallel Aware": false,"Async Capable": false,"Startup Cost": 72556.41,"Total Cost": 73202.94,"Plan Rows": 4910,"Plan Width": 272,"Actual Startup Time": 929.517,"Actual Total Time": 985.385,"Actual Rows": 12,"Actual Loops": 1,"Workers Planned": 2,"Workers Launched": 2,"Plans": [{"Node Type": "Aggregate","Strategy": "Sorted","Partial Mode": "Partial","Parent Relationship": "Outer","Parallel Aware": false,"Async Capable": false,"Startup Cost": 71556.39,"Total Cost": 71636.18,"Plan Rows": 2455,"Plan Width": 272,"Actual Startup Time": 921.317,"Actual Total Time": 922.128,"Actual Rows": 4,"Actual Loops": 3,"Group Key": ["n1.n_name", "n2.n_name", "(EXTRACT(year FROM lineitem.l_shipdate))"],"Workers": [],"Plans": [{"Node Type": "Sort","Parent Relationship": "Outer","Parallel Aware": false,"Async Capable": false,"Startup Cost": 71556.39,"Total Cost": 71562.53,"Plan Rows": 2455,"Plan Width": 252,"Actual Startup Time": 921.053,"Actual Total Time": 921.175,"Actual Rows": 1910,"Actual Loops": 3,"Sort Key": ["n1.n_name", "n2.n_name", "(EXTRACT(year FROM lineitem.l_shipdate))"],"Sort Method": "quicksort","Sort Space Used": 259,"Sort Space Type": "Memory","Workers": [{"Worker Number": 0,"Sort Method": "quicksort","Sort Space Used": 257,"Sort Space Type": "Memory"},{"Worker Number": 1,"Sort Method": "quicksort","Sort Space Used": 256,"Sort Space Type": "Memory"}],"Plans": [{"Node Type": "Hash Join","Parent Relationship": "Outer","Parallel Aware": false,"Async Capable": false,"Join Type": "Inner","Startup Cost": 366.16,"Total Cost": 71418.15,"Plan Rows": 2455,"Plan Width": 252,"Actual Startup Time": 10.756,"Actual Total Time": 919.364,"Actual Rows": 1910,"Actual Loops": 3,"Inner Unique": false,"Hash Cond": "(lineitem.l_suppkey = supplier.s_suppkey)","Join Filter": "(((n1.n_name = 'UNITED KINGDOM'::bpchar) AND (n2.n_name = 'BRAZIL'::bpchar)) OR ((n1.n_name = 'BRAZIL'::bpchar) AND (n2.n_name = 'UNITED KINGDOM'::bpchar)))","Rows Removed by Join Filter": 1949,"Workers": [],"Plans": [{"Node Type": "Nested Loop","Parent Relationship": "Outer","Parallel Aware": false,"Async Capable": false,"Join Type": "Inner","Startup Cost": 2.26,"Total Cost": 70727.78,"Plan Rows": 60250,"Plan Width": 124,"Actual Startup Time": 0.952,"Actual Total Time": 903.943,"Actual Rows": 48585,"Actual Loops": 3,"Inner Unique": false,"Workers": [],"Plans": [{"Node Type": "Nested Loop","Parent Relationship": "Outer","Parallel Aware": false,"Async Capable": false,"Join Type": "Inner","Startup Cost": 1.83,"Total Cost": 12400.01,"Plan Rows": 49000,"Plan Width": 108,"Actual Startup Time": 0.288,"Actual Total Time": 228.334,"Actual Rows": 39864,"Actual Loops": 3,"Inner Unique": false,"Workers": [],"Plans": [{"Node Type": "Hash Join","Parent Relationship": "Outer","Parallel Aware": false,"Async Capable": false,"Join Type": "Inner","Startup Cost": 1.40,"Total Cost": 4403.27,"Plan Rows": 4900,"Plan Width": 108,"Actual Startup Time": 0.160,"Actual Total Time": 48.913,"Actual Rows": 4003,"Actual Loops": 3,"Inner Unique": true,"Hash Cond": "(customer.c_nationkey = n2.n_nationkey)","Workers": [],"Plans": [{"Node Type": "Seq Scan","Parent Relationship": "Outer","Parallel Aware": true,"Async Capable": false,"Relation Name": "customer","Alias": "customer","Startup Cost": 0.00,"Total Cost": 4210.00,"Plan Rows": 62500,"Plan Width": 8,"Actual Startup Time": 0.012,"Actual Total Time": 9.475,"Actual Rows": 50000,"Actual Loops": 3,"Workers": []},{"Node Type": "Hash","Parent Relationship": "Inner","Parallel Aware": false,"Async Capable": false,"Startup Cost": 1.38,"Total Cost": 1.38,"Plan Rows": 2,"Plan Width": 108,"Actual Startup Time": 0.071,"Actual Total Time": 0.076,"Actual Rows": 2,"Actual Loops": 3,"Hash Buckets": 1024,"Original Hash Buckets": 1024,"Hash Batches": 1,"Original Hash Batches": 1,"Peak Memory Usage": 9,"Workers": [],"Plans": [{"Node Type": "Seq Scan","Parent Relationship": "Outer","Parallel Aware": false,"Async Capable": false,"Relation Name": "nation","Alias": "n2","Startup Cost": 0.00,"Total Cost": 1.38,"Plan Rows": 2,"Plan Width": 108,"Actual Startup Time": 0.050,"Actual Total Time": 0.057,"Actual Rows": 2,"Actual Loops": 3,"Filter": "((n_name = 'BRAZIL'::bpchar) OR (n_name = 'UNITED KINGDOM'::bpchar))","Rows Removed by Filter": 23,"Workers": []}]}]},{"Node Type": "Index Scan","Parent Relationship": "Inner","Parallel Aware": false,"Async Capable": false,"Scan Direction": "Forward","Index Name": "idx_orders_custkey","Relation Name": "orders","Alias": "orders","Startup Cost": 0.43,"Total Cost": 1.46,"Plan Rows": 17,"Plan Width": 8,"Actual Startup Time": 0.007,"Actual Total Time": 0.044,"Actual Rows": 10,"Actual Loops": 12010,"Index Cond": "(o_custkey = customer.c_custkey)","Rows Removed by Index Recheck": 0,"Workers": []}]},{"Node Type": "Index Scan","Parent Relationship": "Inner","Parallel Aware": false,"Async Capable": false,"Scan Direction": "Forward","Index Name": "idx_lineitem_orderkey","Relation Name": "lineitem","Alias": "lineitem","Startup Cost": 0.43,"Total Cost": 1.14,"Plan Rows": 5,"Plan Width": 24,"Actual Startup Time": 0.016,"Actual Total Time": 0.017,"Actual Rows": 1,"Actual Loops": 119592,"Index Cond": "(l_orderkey = orders.o_orderkey)","Rows Removed by Index Recheck": 0,"Filter": "((l_shipdate >= '1995-01-01'::date) AND (l_shipdate <= '1996-12-31'::date))","Rows Removed by Filter": 3,"Workers": []}]},{"Node Type": "Hash","Parent Relationship": "Inner","Parallel Aware": false,"Async Capable": false,"Startup Cost": 354.10,"Total Cost": 354.10,"Plan Rows": 784,"Plan Width": 108,"Actual Startup Time": 8.426,"Actual Total Time": 8.441,"Actual Rows": 787,"Actual Loops": 3,"Hash Buckets": 1024,"Original Hash Buckets": 1024,"Hash Batches": 1,"Original Hash Batches": 1,"Peak Memory Usage": 56,"Workers": [],"Plans": [{"Node Type": "Hash Join","Parent Relationship": "Outer","Parallel Aware": false,"Async Capable": false,"Join Type": "Inner","Startup Cost": 1.40,"Total Cost": 354.10,"Plan Rows": 784,"Plan Width": 108,"Actual Startup Time": 0.084,"Actual Total Time": 8.223,"Actual Rows": 787,"Actual Loops": 3,"Inner Unique": true,"Hash Cond": "(supplier.s_nationkey = n1.n_nationkey)","Workers": [],"Plans": [{"Node Type": "Seq Scan","Parent Relationship": "Outer","Parallel Aware": false,"Async Capable": false,"Relation Name": "supplier","Alias": "supplier","Startup Cost": 0.00,"Total Cost": 322.00,"Plan Rows": 10000,"Plan Width": 8,"Actual Startup Time": 0.031,"Actual Total Time": 4.280,"Actual Rows": 10000,"Actual Loops": 3,"Workers": []},{"Node Type": "Hash","Parent Relationship": "Inner","Parallel Aware": false,"Async Capable": false,"Startup Cost": 1.38,"Total Cost": 1.38,"Plan Rows": 2,"Plan Width": 108,"Actual Startup Time": 0.018,"Actual Total Time": 0.023,"Actual Rows": 2,"Actual Loops": 3,"Hash Buckets": 1024,"Original Hash Buckets": 1024,"Hash Batches": 1,"Original Hash Batches": 1,"Peak Memory Usage": 9,"Workers": [],"Plans": [{"Node Type": "Seq Scan","Parent Relationship": "Outer","Parallel Aware": false,"Async Capable": false,"Relation Name": "nation","Alias": "n1","Startup Cost": 0.00,"Total Cost": 1.38,"Plan Rows": 2,"Plan Width": 108,"Actual Startup Time": 0.005,"Actual Total Time": 0.013,"Actual Rows": 2,"Actual Loops": 3,"Filter": "((n_name = 'UNITED KINGDOM'::bpchar) OR (n_name = 'BRAZIL'::bpchar))","Rows Removed by Filter": 23,"Workers": []}]}]}]}]}]}]}]}]},"Planning Time": 7.847,"Triggers": [],"Execution Time": 985.870}]
[{"Plan": {"Node Type": "Aggregate","Strategy": "Sorted","Partial Mode": "Finalize","Parallel Aware": false,"Async Capable": false,"Startup Cost": 72556.41,"Total Cost": 73352.71,"Plan Rows": 5893,"Plan Width": 272,"Actual Startup Time": 929.815,"Actual Total Time": 987.026,"Actual Rows": 4,"Actual Loops": 1,"Group Key": ["n1.n_name", "n2.n_name", "(EXTRACT(year FROM lineitem.l_shipdate))"],"Plans": [{"Node Type": "Gather Merge","Parent Relationship": "Outer","Parallel Aware": false,"Async Capable": false,"Startup Cost": 72556.41,"Total Cost": 73202.94,"Plan Rows": 4910,"Plan Width": 272,"Actual Startup Time": 929.557,"Actual Total Time": 986.972,"Actual Rows": 12,"Actual Loops": 1,"Workers Planned": 2,"Workers Launched": 2,"Plans": [{"Node Type": "Aggregate","Strategy": "Sorted","Partial Mode": "Partial","Parent Relationship": "Outer","Parallel Aware": false,"Async Capable": false,"Startup Cost": 71556.39,"Total Cost": 71636.18,"Plan Rows": 2455,"Plan Width": 272,"Actual Startup Time": 922.275,"Actual Total Time": 922.919,"Actual Rows": 4,"Actual Loops": 3,"Group Key": ["n1.n_name", "n2.n_name", "(EXTRACT(year FROM lineitem.l_shipdate))"],"Workers": [],"Plans": [{"Node Type": "Sort","Parent Relationship": "Outer","Parallel Aware": false,"Async Capable": false,"Startup Cost": 71556.39,"Total Cost": 71562.53,"Plan Rows": 2455,"Plan Width": 252,"Actual Startup Time": 922.009,"Actual Total Time": 922.109,"Actual Rows": 1888,"Actual Loops": 3,"Sort Key": ["n1.n_name", "n2.n_name", "(EXTRACT(year FROM lineitem.l_shipdate))"],"Sort Method": "quicksort","Sort Space Used": 255,"Sort Space Type": "Memory","Workers": [{"Worker Number": 0,"Sort Method": "quicksort","Sort Space Used": 257,"Sort Space Type": "Memory"},{"Worker Number": 1,"Sort Method": "quicksort","Sort Space Used": 253,"Sort Space Type": "Memory"}],"Plans": [{"Node Type": "Hash Join","Parent Relationship": "Outer","Parallel Aware": false,"Async Capable": false,"Join Type": "Inner","Startup Cost": 366.16,"Total Cost": 71418.15,"Plan Rows": 2455,"Plan Width": 252,"Actual Startup Time": 9.091,"Actual Total Time": 920.208,"Actual Rows": 1888,"Actual Loops": 3,"Inner Unique": false,"Hash Cond": "(lineitem.l_suppkey = supplier.s_suppkey)","Join Filter": "(((n1.n_name = 'JORDAN'::bpchar) AND (n2.n_name = 'ARGENTINA'::bpchar)) OR ((n1.n_name = 'ARGENTINA'::bpchar) AND (n2.n_name = 'JORDAN'::bpchar)))","Rows Removed by Join Filter": 1878,"Workers": [],"Plans": [{"Node Type": "Nested Loop","Parent Relationship": "Outer","Parallel Aware": false,"Async Capable": false,"Join Type": "Inner","Startup Cost": 2.26,"Total Cost": 70727.78,"Plan Rows": 60250,"Plan Width": 124,"Actual Startup Time": 0.562,"Actual Total Time": 904.923,"Actual Rows": 49059,"Actual Loops": 3,"Inner Unique": false,"Workers": [],"Plans": [{"Node Type": "Nested Loop","Parent Relationship": "Outer","Parallel Aware": false,"Async Capable": false,"Join Type": "Inner","Startup Cost": 1.83,"Total Cost": 12400.01,"Plan Rows": 49000,"Plan Width": 108,"Actual Startup Time": 0.246,"Actual Total Time": 227.435,"Actual Rows": 40094,"Actual Loops": 3,"Inner Unique": false,"Workers": [],"Plans": [{"Node Type": "Hash Join","Parent Relationship": "Outer","Parallel Aware": false,"Async Capable": false,"Join Type": "Inner","Startup Cost": 1.40,"Total Cost": 4403.27,"Plan Rows": 4900,"Plan Width": 108,"Actual Startup Time": 0.156,"Actual Total Time": 47.244,"Actual Rows": 4003,"Actual Loops": 3,"Inner Unique": true,"Hash Cond": "(customer.c_nationkey = n2.n_nationkey)","Workers": [],"Plans": [{"Node Type": "Seq Scan","Parent Relationship": "Outer","Parallel Aware": true,"Async Capable": false,"Relation Name": "customer","Alias": "customer","Startup Cost": 0.00,"Total Cost": 4210.00,"Plan Rows": 62500,"Plan Width": 8,"Actual Startup Time": 0.013,"Actual Total Time": 9.560,"Actual Rows": 50000,"Actual Loops": 3,"Workers": []},{"Node Type": "Hash","Parent Relationship": "Inner","Parallel Aware": false,"Async Capable": false,"Startup Cost": 1.38,"Total Cost": 1.38,"Plan Rows": 2,"Plan Width": 108,"Actual Startup Time": 0.061,"Actual Total Time": 0.066,"Actual Rows": 2,"Actual Loops": 3,"Hash Buckets": 1024,"Original Hash Buckets": 1024,"Hash Batches": 1,"Original Hash Batches": 1,"Peak Memory Usage": 9,"Workers": [],"Plans": [{"Node Type": "Seq Scan","Parent Relationship": "Outer","Parallel Aware": false,"Async Capable": false,"Relation Name": "nation","Alias": "n2","Startup Cost": 0.00,"Total Cost": 1.38,"Plan Rows": 2,"Plan Width": 108,"Actual Startup Time": 0.041,"Actual Total Time": 0.048,"Actual Rows": 2,"Actual Loops": 3,"Filter": "((n_name = 'ARGENTINA'::bpchar) OR (n_name = 'JORDAN'::bpchar))","Rows Removed by Filter": 23,"Workers": []}]}]},{"Node Type": "Index Scan","Parent Relationship": "Inner","Parallel Aware": false,"Async Capable": false,"Scan Direction": "Forward","Index Name": "idx_orders_custkey","Relation Name": "orders","Alias": "orders","Startup Cost": 0.43,"Total Cost": 1.46,"Plan Rows": 17,"Plan Width": 8,"Actual Startup Time": 0.007,"Actual Total Time": 0.044,"Actual Rows": 10,"Actual Loops": 12008,"Index Cond": "(o_custkey = customer.c_custkey)","Rows Removed by Index Recheck": 0,"Workers": []}]},{"Node Type": "Index Scan","Parent Relationship": "Inner","Parallel Aware": false,"Async Capable": false,"Scan Direction": "Forward","Index Name": "idx_lineitem_orderkey","Relation Name": "lineitem","Alias": "lineitem","Startup Cost": 0.43,"Total Cost": 1.14,"Plan Rows": 5,"Plan Width": 24,"Actual Startup Time": 0.016,"Actual Total Time": 0.017,"Actual Rows": 1,"Actual Loops": 120283,"Index Cond": "(l_orderkey = orders.o_orderkey)","Rows Removed by Index Recheck": 0,"Filter": "((l_shipdate >= '1995-01-01'::date) AND (l_shipdate <= '1996-12-31'::date))","Rows Removed by Filter": 3,"Workers": []}]},{"Node Type": "Hash","Parent Relationship": "Inner","Parallel Aware": false,"Async Capable": false,"Startup Cost": 354.10,"Total Cost": 354.10,"Plan Rows": 784,"Plan Width": 108,"Actual Startup Time": 7.959,"Actual Total Time": 7.972,"Actual Rows": 775,"Actual Loops": 3,"Hash Buckets": 1024,"Original Hash Buckets": 1024,"Hash Batches": 1,"Original Hash Batches": 1,"Peak Memory Usage": 55,"Workers": [],"Plans": [{"Node Type": "Hash Join","Parent Relationship": "Outer","Parallel Aware": false,"Async Capable": false,"Join Type": "Inner","Startup Cost": 1.40,"Total Cost": 354.10,"Plan Rows": 784,"Plan Width": 108,"Actual Startup Time": 0.063,"Actual Total Time": 7.768,"Actual Rows": 775,"Actual Loops": 3,"Inner Unique": true,"Hash Cond": "(supplier.s_nationkey = n1.n_nationkey)","Workers": [],"Plans": [{"Node Type": "Seq Scan","Parent Relationship": "Outer","Parallel Aware": false,"Async Capable": false,"Relation Name": "supplier","Alias": "supplier","Startup Cost": 0.00,"Total Cost": 322.00,"Plan Rows": 10000,"Plan Width": 8,"Actual Startup Time": 0.023,"Actual Total Time": 4.058,"Actual Rows": 10000,"Actual Loops": 3,"Workers": []},{"Node Type": "Hash","Parent Relationship": "Inner","Parallel Aware": false,"Async Capable": false,"Startup Cost": 1.38,"Total Cost": 1.38,"Plan Rows": 2,"Plan Width": 108,"Actual Startup Time": 0.013,"Actual Total Time": 0.018,"Actual Rows": 2,"Actual Loops": 3,"Hash Buckets": 1024,"Original Hash Buckets": 1024,"Hash Batches": 1,"Original Hash Batches": 1,"Peak Memory Usage": 9,"Workers": [],"Plans": [{"Node Type": "Seq Scan","Parent Relationship": "Outer","Parallel Aware": false,"Async Capable": false,"Relation Name": "nation","Alias": "n1","Startup Cost": 0.00,"Total Cost": 1.38,"Plan Rows": 2,"Plan Width": 108,"Actual Startup Time": 0.003,"Actual Total Time": 0.009,"Actual Rows": 2,"Actual Loops": 3,"Filter": "((n_name = 'JORDAN'::bpchar) OR (n_name = 'ARGENTINA'::bpchar))","Rows Removed by Filter": 23,"Workers": []}]}]}]}]}]}]}]}]},"Planning Time": 9.081,"Triggers": [],"Execution Time": 987.449}]
[{"Plan": {"Node Type": "Aggregate","Strategy": "Sorted","Partial Mode": "Finalize","Parallel Aware": false,"Async Capable": false,"Startup Cost": 72556.41,"Total Cost": 73352.71,"Plan Rows": 5893,"Plan Width": 272,"Actual Startup Time": 934.282,"Actual Total Time": 991.032,"Actual Rows": 4,"Actual Loops": 1,"Group Key": ["n1.n_name", "n2.n_name", "(EXTRACT(year FROM lineitem.l_shipdate))"],"Plans": [{"Node Type": "Gather Merge","Parent Relationship": "Outer","Parallel Aware": false,"Async Capable": false,"Startup Cost": 72556.41,"Total Cost": 73202.94,"Plan Rows": 4910,"Plan Width": 272,"Actual Startup Time": 933.477,"Actual Total Time": 990.952,"Actual Rows": 12,"Actual Loops": 1,"Workers Planned": 2,"Workers Launched": 2,"Plans": [{"Node Type": "Aggregate","Strategy": "Sorted","Partial Mode": "Partial","Parent Relationship": "Outer","Parallel Aware": false,"Async Capable": false,"Startup Cost": 71556.39,"Total Cost": 71636.18,"Plan Rows": 2455,"Plan Width": 272,"Actual Startup Time": 925.105,"Actual Total Time": 925.992,"Actual Rows": 4,"Actual Loops": 3,"Group Key": ["n1.n_name", "n2.n_name", "(EXTRACT(year FROM lineitem.l_shipdate))"],"Workers": [],"Plans": [{"Node Type": "Sort","Parent Relationship": "Outer","Parallel Aware": false,"Async Capable": false,"Startup Cost": 71556.39,"Total Cost": 71562.53,"Plan Rows": 2455,"Plan Width": 252,"Actual Startup Time": 924.827,"Actual Total Time": 924.949,"Actual Rows": 1981,"Actual Loops": 3,"Sort Key": ["n1.n_name", "n2.n_name", "(EXTRACT(year FROM lineitem.l_shipdate))"],"Sort Method": "quicksort","Sort Space Used": 258,"Sort Space Type": "Memory","Workers": [{"Worker Number": 0,"Sort Method": "quicksort","Sort Space Used": 272,"Sort Space Type": "Memory"},{"Worker Number": 1,"Sort Method": "quicksort","Sort Space Used": 266,"Sort Space Type": "Memory"}],"Plans": [{"Node Type": "Hash Join","Parent Relationship": "Outer","Parallel Aware": false,"Async Capable": false,"Join Type": "Inner","Startup Cost": 366.16,"Total Cost": 71418.15,"Plan Rows": 2455,"Plan Width": 252,"Actual Startup Time": 11.087,"Actual Total Time": 922.960,"Actual Rows": 1981,"Actual Loops": 3,"Inner Unique": false,"Hash Cond": "(lineitem.l_suppkey = supplier.s_suppkey)","Join Filter": "(((n1.n_name = 'RUSSIA'::bpchar) AND (n2.n_name = 'EGYPT'::bpchar)) OR ((n1.n_name = 'EGYPT'::bpchar) AND (n2.n_name = 'RUSSIA'::bpchar)))","Rows Removed by Join Filter": 2015,"Workers": [],"Plans": [{"Node Type": "Nested Loop","Parent Relationship": "Outer","Parallel Aware": false,"Async Capable": false,"Join Type": "Inner","Startup Cost": 2.26,"Total Cost": 70727.78,"Plan Rows": 60250,"Plan Width": 124,"Actual Startup Time": 0.914,"Actual Total Time": 907.509,"Actual Rows": 49078,"Actual Loops": 3,"Inner Unique": false,"Workers": [],"Plans": [{"Node Type": "Nested Loop","Parent Relationship": "Outer","Parallel Aware": false,"Async Capable": false,"Join Type": "Inner","Startup Cost": 1.83,"Total Cost": 12400.01,"Plan Rows": 49000,"Plan Width": 108,"Actual Startup Time": 0.364,"Actual Total Time": 228.603,"Actual Rows": 40202,"Actual Loops": 3,"Inner Unique": false,"Workers": [],"Plans": [{"Node Type": "Hash Join","Parent Relationship": "Outer","Parallel Aware": false,"Async Capable": false,"Join Type": "Inner","Startup Cost": 1.40,"Total Cost": 4403.27,"Plan Rows": 4900,"Plan Width": 108,"Actual Startup Time": 0.195,"Actual Total Time": 48.466,"Actual Rows": 4024,"Actual Loops": 3,"Inner Unique": true,"Hash Cond": "(customer.c_nationkey = n2.n_nationkey)","Workers": [],"Plans": [{"Node Type": "Seq Scan","Parent Relationship": "Outer","Parallel Aware": true,"Async Capable": false,"Relation Name": "customer","Alias": "customer","Startup Cost": 0.00,"Total Cost": 4210.00,"Plan Rows": 62500,"Plan Width": 8,"Actual Startup Time": 0.012,"Actual Total Time": 9.586,"Actual Rows": 50000,"Actual Loops": 3,"Workers": []},{"Node Type": "Hash","Parent Relationship": "Inner","Parallel Aware": false,"Async Capable": false,"Startup Cost": 1.38,"Total Cost": 1.38,"Plan Rows": 2,"Plan Width": 108,"Actual Startup Time": 0.084,"Actual Total Time": 0.091,"Actual Rows": 2,"Actual Loops": 3,"Hash Buckets": 1024,"Original Hash Buckets": 1024,"Hash Batches": 1,"Original Hash Batches": 1,"Peak Memory Usage": 9,"Workers": [],"Plans": [{"Node Type": "Seq Scan","Parent Relationship": "Outer","Parallel Aware": false,"Async Capable": false,"Relation Name": "nation","Alias": "n2","Startup Cost": 0.00,"Total Cost": 1.38,"Plan Rows": 2,"Plan Width": 108,"Actual Startup Time": 0.062,"Actual Total Time": 0.071,"Actual Rows": 2,"Actual Loops": 3,"Filter": "((n_name = 'EGYPT'::bpchar) OR (n_name = 'RUSSIA'::bpchar))","Rows Removed by Filter": 23,"Workers": []}]}]},{"Node Type": "Index Scan","Parent Relationship": "Inner","Parallel Aware": false,"Async Capable": false,"Scan Direction": "Forward","Index Name": "idx_orders_custkey","Relation Name": "orders","Alias": "orders","Startup Cost": 0.43,"Total Cost": 1.46,"Plan Rows": 17,"Plan Width": 8,"Actual Startup Time": 0.007,"Actual Total Time": 0.044,"Actual Rows": 10,"Actual Loops": 12073,"Index Cond": "(o_custkey = customer.c_custkey)","Rows Removed by Index Recheck": 0,"Workers": []}]},{"Node Type": "Index Scan","Parent Relationship": "Inner","Parallel Aware": false,"Async Capable": false,"Scan Direction": "Forward","Index Name": "idx_lineitem_orderkey","Relation Name": "lineitem","Alias": "lineitem","Startup Cost": 0.43,"Total Cost": 1.14,"Plan Rows": 5,"Plan Width": 24,"Actual Startup Time": 0.016,"Actual Total Time": 0.017,"Actual Rows": 1,"Actual Loops": 120606,"Index Cond": "(l_orderkey = orders.o_orderkey)","Rows Removed by Index Recheck": 0,"Filter": "((l_shipdate >= '1995-01-01'::date) AND (l_shipdate <= '1996-12-31'::date))","Rows Removed by Filter": 3,"Workers": []}]},{"Node Type": "Hash","Parent Relationship": "Inner","Parallel Aware": false,"Async Capable": false,"Startup Cost": 354.10,"Total Cost": 354.10,"Plan Rows": 784,"Plan Width": 108,"Actual Startup Time": 8.372,"Actual Total Time": 8.385,"Actual Rows": 816,"Actual Loops": 3,"Hash Buckets": 1024,"Original Hash Buckets": 1024,"Hash Batches": 1,"Original Hash Batches": 1,"Peak Memory Usage": 58,"Workers": [],"Plans": [{"Node Type": "Hash Join","Parent Relationship": "Outer","Parallel Aware": false,"Async Capable": false,"Join Type": "Inner","Startup Cost": 1.40,"Total Cost": 354.10,"Plan Rows": 784,"Plan Width": 108,"Actual Startup Time": 0.100,"Actual Total Time": 8.162,"Actual Rows": 816,"Actual Loops": 3,"Inner Unique": true,"Hash Cond": "(supplier.s_nationkey = n1.n_nationkey)","Workers": [],"Plans": [{"Node Type": "Seq Scan","Parent Relationship": "Outer","Parallel Aware": false,"Async Capable": false,"Relation Name": "supplier","Alias": "supplier","Startup Cost": 0.00,"Total Cost": 322.00,"Plan Rows": 10000,"Plan Width": 8,"Actual Startup Time": 0.035,"Actual Total Time": 4.032,"Actual Rows": 10000,"Actual Loops": 3,"Workers": []},{"Node Type": "Hash","Parent Relationship": "Inner","Parallel Aware": false,"Async Capable": false,"Startup Cost": 1.38,"Total Cost": 1.38,"Plan Rows": 2,"Plan Width": 108,"Actual Startup Time": 0.020,"Actual Total Time": 0.024,"Actual Rows": 2,"Actual Loops": 3,"Hash Buckets": 1024,"Original Hash Buckets": 1024,"Hash Batches": 1,"Original Hash Batches": 1,"Peak Memory Usage": 9,"Workers": [],"Plans": [{"Node Type": "Seq Scan","Parent Relationship": "Outer","Parallel Aware": false,"Async Capable": false,"Relation Name": "nation","Alias": "n1","Startup Cost": 0.00,"Total Cost": 1.38,"Plan Rows": 2,"Plan Width": 108,"Actual Startup Time": 0.007,"Actual Total Time": 0.014,"Actual Rows": 2,"Actual Loops": 3,"Filter": "((n_name = 'RUSSIA'::bpchar) OR (n_name = 'EGYPT'::bpchar))","Rows Removed by Filter": 23,"Workers": []}]}]}]}]}]}]}]}]},"Planning Time": 8.609,"Triggers": [],"Execution Time": 991.501}]
[{"Plan": {"Node Type": "Aggregate","Strategy": "Sorted","Partial Mode": "Finalize","Parallel Aware": false,"Async Capable": false,"Startup Cost": 72556.41,"Total Cost": 73352.71,"Plan Rows": 5893,"Plan Width": 272,"Actual Startup Time": 930.016,"Actual Total Time": 987.444,"Actual Rows": 4,"Actual Loops": 1,"Group Key": ["n1.n_name", "n2.n_name", "(EXTRACT(year FROM lineitem.l_shipdate))"],"Plans": [{"Node Type": "Gather Merge","Parent Relationship": "Outer","Parallel Aware": false,"Async Capable": false,"Startup Cost": 72556.41,"Total Cost": 73202.94,"Plan Rows": 4910,"Plan Width": 272,"Actual Startup Time": 929.169,"Actual Total Time": 987.373,"Actual Rows": 12,"Actual Loops": 1,"Workers Planned": 2,"Workers Launched": 2,"Plans": [{"Node Type": "Aggregate","Strategy": "Sorted","Partial Mode": "Partial","Parent Relationship": "Outer","Parallel Aware": false,"Async Capable": false,"Startup Cost": 71556.39,"Total Cost": 71636.18,"Plan Rows": 2455,"Plan Width": 272,"Actual Startup Time": 920.708,"Actual Total Time": 921.589,"Actual Rows": 4,"Actual Loops": 3,"Group Key": ["n1.n_name", "n2.n_name", "(EXTRACT(year FROM lineitem.l_shipdate))"],"Workers": [],"Plans": [{"Node Type": "Sort","Parent Relationship": "Outer","Parallel Aware": false,"Async Capable": false,"Startup Cost": 71556.39,"Total Cost": 71562.53,"Plan Rows": 2455,"Plan Width": 252,"Actual Startup Time": 920.434,"Actual Total Time": 920.566,"Actual Rows": 1952,"Actual Loops": 3,"Sort Key": ["n1.n_name", "n2.n_name", "(EXTRACT(year FROM lineitem.l_shipdate))"],"Sort Method": "quicksort","Sort Space Used": 263,"Sort Space Type": "Memory","Workers": [{"Worker Number": 0,"Sort Method": "quicksort","Sort Space Used": 256,"Sort Space Type": "Memory"},{"Worker Number": 1,"Sort Method": "quicksort","Sort Space Used": 267,"Sort Space Type": "Memory"}],"Plans": [{"Node Type": "Hash Join","Parent Relationship": "Outer","Parallel Aware": false,"Async Capable": false,"Join Type": "Inner","Startup Cost": 366.16,"Total Cost": 71418.15,"Plan Rows": 2455,"Plan Width": 252,"Actual Startup Time": 9.834,"Actual Total Time": 918.604,"Actual Rows": 1952,"Actual Loops": 3,"Inner Unique": false,"Hash Cond": "(lineitem.l_suppkey = supplier.s_suppkey)","Join Filter": "(((n1.n_name = 'ETHIOPIA'::bpchar) AND (n2.n_name = 'ARGENTINA'::bpchar)) OR ((n1.n_name = 'ARGENTINA'::bpchar) AND (n2.n_name = 'ETHIOPIA'::bpchar)))","Rows Removed by Join Filter": 1916,"Workers": [],"Plans": [{"Node Type": "Nested Loop","Parent Relationship": "Outer","Parallel Aware": false,"Async Capable": false,"Join Type": "Inner","Startup Cost": 2.26,"Total Cost": 70727.78,"Plan Rows": 60250,"Plan Width": 124,"Actual Startup Time": 0.636,"Actual Total Time": 902.779,"Actual Rows": 48627,"Actual Loops": 3,"Inner Unique": false,"Workers": [],"Plans": [{"Node Type": "Nested Loop","Parent Relationship": "Outer","Parallel Aware": false,"Async Capable": false,"Join Type": "Inner","Startup Cost": 1.83,"Total Cost": 12400.01,"Plan Rows": 49000,"Plan Width": 108,"Actual Startup Time": 0.335,"Actual Total Time": 227.893,"Actual Rows": 39751,"Actual Loops": 3,"Inner Unique": false,"Workers": [],"Plans": [{"Node Type": "Hash Join","Parent Relationship": "Outer","Parallel Aware": false,"Async Capable": false,"Join Type": "Inner","Startup Cost": 1.40,"Total Cost": 4403.27,"Plan Rows": 4900,"Plan Width": 108,"Actual Startup Time": 0.188,"Actual Total Time": 47.918,"Actual Rows": 3976,"Actual Loops": 3,"Inner Unique": true,"Hash Cond": "(customer.c_nationkey = n2.n_nationkey)","Workers": [],"Plans": [{"Node Type": "Seq Scan","Parent Relationship": "Outer","Parallel Aware": true,"Async Capable": false,"Relation Name": "customer","Alias": "customer","Startup Cost": 0.00,"Total Cost": 4210.00,"Plan Rows": 62500,"Plan Width": 8,"Actual Startup Time": 0.016,"Actual Total Time": 9.682,"Actual Rows": 50000,"Actual Loops": 3,"Workers": []},{"Node Type": "Hash","Parent Relationship": "Inner","Parallel Aware": false,"Async Capable": false,"Startup Cost": 1.38,"Total Cost": 1.38,"Plan Rows": 2,"Plan Width": 108,"Actual Startup Time": 0.076,"Actual Total Time": 0.083,"Actual Rows": 2,"Actual Loops": 3,"Hash Buckets": 1024,"Original Hash Buckets": 1024,"Hash Batches": 1,"Original Hash Batches": 1,"Peak Memory Usage": 9,"Workers": [],"Plans": [{"Node Type": "Seq Scan","Parent Relationship": "Outer","Parallel Aware": false,"Async Capable": false,"Relation Name": "nation","Alias": "n2","Startup Cost": 0.00,"Total Cost": 1.38,"Plan Rows": 2,"Plan Width": 108,"Actual Startup Time": 0.053,"Actual Total Time": 0.063,"Actual Rows": 2,"Actual Loops": 3,"Filter": "((n_name = 'ARGENTINA'::bpchar) OR (n_name = 'ETHIOPIA'::bpchar))","Rows Removed by Filter": 23,"Workers": []}]}]},{"Node Type": "Index Scan","Parent Relationship": "Inner","Parallel Aware": false,"Async Capable": false,"Scan Direction": "Forward","Index Name": "idx_orders_custkey","Relation Name": "orders","Alias": "orders","Startup Cost": 0.43,"Total Cost": 1.46,"Plan Rows": 17,"Plan Width": 8,"Actual Startup Time": 0.007,"Actual Total Time": 0.044,"Actual Rows": 10,"Actual Loops": 11927,"Index Cond": "(o_custkey = customer.c_custkey)","Rows Removed by Index Recheck": 0,"Workers": []}]},{"Node Type": "Index Scan","Parent Relationship": "Inner","Parallel Aware": false,"Async Capable": false,"Scan Direction": "Forward","Index Name": "idx_lineitem_orderkey","Relation Name": "lineitem","Alias": "lineitem","Startup Cost": 0.43,"Total Cost": 1.14,"Plan Rows": 5,"Plan Width": 24,"Actual Startup Time": 0.016,"Actual Total Time": 0.017,"Actual Rows": 1,"Actual Loops": 119253,"Index Cond": "(l_orderkey = orders.o_orderkey)","Rows Removed by Index Recheck": 0,"Filter": "((l_shipdate >= '1995-01-01'::date) AND (l_shipdate <= '1996-12-31'::date))","Rows Removed by Filter": 3,"Workers": []}]},{"Node Type": "Hash","Parent Relationship": "Inner","Parallel Aware": false,"Async Capable": false,"Startup Cost": 354.10,"Total Cost": 354.10,"Plan Rows": 784,"Plan Width": 108,"Actual Startup Time": 8.252,"Actual Total Time": 8.269,"Actual Rows": 793,"Actual Loops": 3,"Hash Buckets": 1024,"Original Hash Buckets": 1024,"Hash Batches": 1,"Original Hash Batches": 1,"Peak Memory Usage": 57,"Workers": [],"Plans": [{"Node Type": "Hash Join","Parent Relationship": "Outer","Parallel Aware": false,"Async Capable": false,"Join Type": "Inner","Startup Cost": 1.40,"Total Cost": 354.10,"Plan Rows": 784,"Plan Width": 108,"Actual Startup Time": 0.093,"Actual Total Time": 8.075,"Actual Rows": 793,"Actual Loops": 3,"Inner Unique": true,"Hash Cond": "(supplier.s_nationkey = n1.n_nationkey)","Workers": [],"Plans": [{"Node Type": "Seq Scan","Parent Relationship": "Outer","Parallel Aware": false,"Async Capable": false,"Relation Name": "supplier","Alias": "supplier","Startup Cost": 0.00,"Total Cost": 322.00,"Plan Rows": 10000,"Plan Width": 8,"Actual Startup Time": 0.038,"Actual Total Time": 4.147,"Actual Rows": 10000,"Actual Loops": 3,"Workers": []},{"Node Type": "Hash","Parent Relationship": "Inner","Parallel Aware": false,"Async Capable": false,"Startup Cost": 1.38,"Total Cost": 1.38,"Plan Rows": 2,"Plan Width": 108,"Actual Startup Time": 0.020,"Actual Total Time": 0.025,"Actual Rows": 2,"Actual Loops": 3,"Hash Buckets": 1024,"Original Hash Buckets": 1024,"Hash Batches": 1,"Original Hash Batches": 1,"Peak Memory Usage": 9,"Workers": [],"Plans": [{"Node Type": "Seq Scan","Parent Relationship": "Outer","Parallel Aware": false,"Async Capable": false,"Relation Name": "nation","Alias": "n1","Startup Cost": 0.00,"Total Cost": 1.38,"Plan Rows": 2,"Plan Width": 108,"Actual Startup Time": 0.006,"Actual Total Time": 0.014,"Actual Rows": 2,"Actual Loops": 3,"Filter": "((n_name = 'ETHIOPIA'::bpchar) OR (n_name = 'ARGENTINA'::bpchar))","Rows Removed by Filter": 23,"Workers": []}]}]}]}]}]}]}]}]},"Planning Time": 8.460,"Triggers": [],"Execution Time": 987.917}]
[{"Plan": {"Node Type": "Aggregate","Strategy": "Sorted","Partial Mode": "Finalize","Parallel Aware": false,"Async Capable": false,"Startup Cost": 72556.41,"Total Cost": 73352.71,"Plan Rows": 5893,"Plan Width": 272,"Actual Startup Time": 913.507,"Actual Total Time": 961.363,"Actual Rows": 4,"Actual Loops": 1,"Group Key": ["n1.n_name", "n2.n_name", "(EXTRACT(year FROM lineitem.l_shipdate))"],"Plans": [{"Node Type": "Gather Merge","Parent Relationship": "Outer","Parallel Aware": false,"Async Capable": false,"Startup Cost": 72556.41,"Total Cost": 73202.94,"Plan Rows": 4910,"Plan Width": 272,"Actual Startup Time": 913.231,"Actual Total Time": 961.295,"Actual Rows": 12,"Actual Loops": 1,"Workers Planned": 2,"Workers Launched": 2,"Plans": [{"Node Type": "Aggregate","Strategy": "Sorted","Partial Mode": "Partial","Parent Relationship": "Outer","Parallel Aware": false,"Async Capable": false,"Startup Cost": 71556.39,"Total Cost": 71636.18,"Plan Rows": 2455,"Plan Width": 272,"Actual Startup Time": 904.830,"Actual Total Time": 905.575,"Actual Rows": 4,"Actual Loops": 3,"Group Key": ["n1.n_name", "n2.n_name", "(EXTRACT(year FROM lineitem.l_shipdate))"],"Workers": [],"Plans": [{"Node Type": "Sort","Parent Relationship": "Outer","Parallel Aware": false,"Async Capable": false,"Startup Cost": 71556.39,"Total Cost": 71562.53,"Plan Rows": 2455,"Plan Width": 252,"Actual Startup Time": 904.552,"Actual Total Time": 904.657,"Actual Rows": 2018,"Actual Loops": 3,"Sort Key": ["n1.n_name", "n2.n_name", "(EXTRACT(year FROM lineitem.l_shipdate))"],"Sort Method": "quicksort","Sort Space Used": 264,"Sort Space Type": "Memory","Workers": [{"Worker Number": 0,"Sort Method": "quicksort","Sort Space Used": 265,"Sort Space Type": "Memory"},{"Worker Number": 1,"Sort Method": "quicksort","Sort Space Used": 327,"Sort Space Type": "Memory"}],"Plans": [{"Node Type": "Hash Join","Parent Relationship": "Outer","Parallel Aware": false,"Async Capable": false,"Join Type": "Inner","Startup Cost": 366.16,"Total Cost": 71418.15,"Plan Rows": 2455,"Plan Width": 252,"Actual Startup Time": 8.403,"Actual Total Time": 902.656,"Actual Rows": 2018,"Actual Loops": 3,"Inner Unique": false,"Hash Cond": "(lineitem.l_suppkey = supplier.s_suppkey)","Join Filter": "(((n1.n_name = 'PERU'::bpchar) AND (n2.n_name = 'CHINA'::bpchar)) OR ((n1.n_name = 'CHINA'::bpchar) AND (n2.n_name = 'PERU'::bpchar)))","Rows Removed by Join Filter": 2015,"Workers": [],"Plans": [{"Node Type": "Nested Loop","Parent Relationship": "Outer","Parallel Aware": false,"Async Capable": false,"Join Type": "Inner","Startup Cost": 2.26,"Total Cost": 70727.78,"Plan Rows": 60250,"Plan Width": 124,"Actual Startup Time": 0.918,"Actual Total Time": 888.175,"Actual Rows": 48561,"Actual Loops": 3,"Inner Unique": false,"Workers": [],"Plans": [{"Node Type": "Nested Loop","Parent Relationship": "Outer","Parallel Aware": false,"Async Capable": false,"Join Type": "Inner","Startup Cost": 1.83,"Total Cost": 12400.01,"Plan Rows": 49000,"Plan Width": 108,"Actual Startup Time": 0.287,"Actual Total Time": 219.498,"Actual Rows": 39934,"Actual Loops": 3,"Inner Unique": false,"Workers": [],"Plans": [{"Node Type": "Hash Join","Parent Relationship": "Outer","Parallel Aware": false,"Async Capable": false,"Join Type": "Inner","Startup Cost": 1.40,"Total Cost": 4403.27,"Plan Rows": 4900,"Plan Width": 108,"Actual Startup Time": 0.183,"Actual Total Time": 42.592,"Actual Rows": 4000,"Actual Loops": 3,"Inner Unique": true,"Hash Cond": "(customer.c_nationkey = n2.n_nationkey)","Workers": [],"Plans": [{"Node Type": "Seq Scan","Parent Relationship": "Outer","Parallel Aware": true,"Async Capable": false,"Relation Name": "customer","Alias": "customer","Startup Cost": 0.00,"Total Cost": 4210.00,"Plan Rows": 62500,"Plan Width": 8,"Actual Startup Time": 0.020,"Actual Total Time": 9.090,"Actual Rows": 50000,"Actual Loops": 3,"Workers": []},{"Node Type": "Hash","Parent Relationship": "Inner","Parallel Aware": false,"Async Capable": false,"Startup Cost": 1.38,"Total Cost": 1.38,"Plan Rows": 2,"Plan Width": 108,"Actual Startup Time": 0.073,"Actual Total Time": 0.079,"Actual Rows": 2,"Actual Loops": 3,"Hash Buckets": 1024,"Original Hash Buckets": 1024,"Hash Batches": 1,"Original Hash Batches": 1,"Peak Memory Usage": 9,"Workers": [],"Plans": [{"Node Type": "Seq Scan","Parent Relationship": "Outer","Parallel Aware": false,"Async Capable": false,"Relation Name": "nation","Alias": "n2","Startup Cost": 0.00,"Total Cost": 1.38,"Plan Rows": 2,"Plan Width": 108,"Actual Startup Time": 0.055,"Actual Total Time": 0.059,"Actual Rows": 2,"Actual Loops": 3,"Filter": "((n_name = 'CHINA'::bpchar) OR (n_name = 'PERU'::bpchar))","Rows Removed by Filter": 23,"Workers": []}]}]},{"Node Type": "Index Scan","Parent Relationship": "Inner","Parallel Aware": false,"Async Capable": false,"Scan Direction": "Forward","Index Name": "idx_orders_custkey","Relation Name": "orders","Alias": "orders","Startup Cost": 0.43,"Total Cost": 1.46,"Plan Rows": 17,"Plan Width": 8,"Actual Startup Time": 0.007,"Actual Total Time": 0.043,"Actual Rows": 10,"Actual Loops": 11999,"Index Cond": "(o_custkey = customer.c_custkey)","Rows Removed by Index Recheck": 0,"Workers": []}]},{"Node Type": "Index Scan","Parent Relationship": "Inner","Parallel Aware": false,"Async Capable": false,"Scan Direction": "Forward","Index Name": "idx_lineitem_orderkey","Relation Name": "lineitem","Alias": "lineitem","Startup Cost": 0.43,"Total Cost": 1.14,"Plan Rows": 5,"Plan Width": 24,"Actual Startup Time": 0.016,"Actual Total Time": 0.016,"Actual Rows": 1,"Actual Loops": 119802,"Index Cond": "(l_orderkey = orders.o_orderkey)","Rows Removed by Index Recheck": 0,"Filter": "((l_shipdate >= '1995-01-01'::date) AND (l_shipdate <= '1996-12-31'::date))","Rows Removed by Filter": 3,"Workers": []}]},{"Node Type": "Hash","Parent Relationship": "Inner","Parallel Aware": false,"Async Capable": false,"Startup Cost": 354.10,"Total Cost": 354.10,"Plan Rows": 784,"Plan Width": 108,"Actual Startup Time": 7.386,"Actual Total Time": 7.399,"Actual Rows": 828,"Actual Loops": 3,"Hash Buckets": 1024,"Original Hash Buckets": 1024,"Hash Batches": 1,"Original Hash Batches": 1,"Peak Memory Usage": 59,"Workers": [],"Plans": [{"Node Type": "Hash Join","Parent Relationship": "Outer","Parallel Aware": false,"Async Capable": false,"Join Type": "Inner","Startup Cost": 1.40,"Total Cost": 354.10,"Plan Rows": 784,"Plan Width": 108,"Actual Startup Time": 0.073,"Actual Total Time": 7.167,"Actual Rows": 828,"Actual Loops": 3,"Inner Unique": true,"Hash Cond": "(supplier.s_nationkey = n1.n_nationkey)","Workers": [],"Plans": [{"Node Type": "Seq Scan","Parent Relationship": "Outer","Parallel Aware": false,"Async Capable": false,"Relation Name": "supplier","Alias": "supplier","Startup Cost": 0.00,"Total Cost": 322.00,"Plan Rows": 10000,"Plan Width": 8,"Actual Startup Time": 0.029,"Actual Total Time": 3.808,"Actual Rows": 10000,"Actual Loops": 3,"Workers": []},{"Node Type": "Hash","Parent Relationship": "Inner","Parallel Aware": false,"Async Capable": false,"Startup Cost": 1.38,"Total Cost": 1.38,"Plan Rows": 2,"Plan Width": 108,"Actual Startup Time": 0.015,"Actual Total Time": 0.020,"Actual Rows": 2,"Actual Loops": 3,"Hash Buckets": 1024,"Original Hash Buckets": 1024,"Hash Batches": 1,"Original Hash Batches": 1,"Peak Memory Usage": 9,"Workers": [],"Plans": [{"Node Type": "Seq Scan","Parent Relationship": "Outer","Parallel Aware": false,"Async Capable": false,"Relation Name": "nation","Alias": "n1","Startup Cost": 0.00,"Total Cost": 1.38,"Plan Rows": 2,"Plan Width": 108,"Actual Startup Time": 0.007,"Actual Total Time": 0.011,"Actual Rows": 2,"Actual Loops": 3,"Filter": "((n_name = 'PERU'::bpchar) OR (n_name = 'CHINA'::bpchar))","Rows Removed by Filter": 23,"Workers": []}]}]}]}]}]}]}]}]},"Planning Time": 9.571,"Triggers": [],"Execution Time": 961.944}]
[{"Plan": {"Node Type": "Aggregate","Strategy": "Sorted","Partial Mode": "Finalize","Parallel Aware": false,"Async Capable": false,"Startup Cost": 72556.41,"Total Cost": 73352.71,"Plan Rows": 5893,"Plan Width": 272,"Actual Startup Time": 932.334,"Actual Total Time": 976.785,"Actual Rows": 4,"Actual Loops": 1,"Group Key": ["n1.n_name", "n2.n_name", "(EXTRACT(year FROM lineitem.l_shipdate))"],"Plans": [{"Node Type": "Gather Merge","Parent Relationship": "Outer","Parallel Aware": false,"Async Capable": false,"Startup Cost": 72556.41,"Total Cost": 73202.94,"Plan Rows": 4910,"Plan Width": 272,"Actual Startup Time": 932.033,"Actual Total Time": 976.711,"Actual Rows": 12,"Actual Loops": 1,"Workers Planned": 2,"Workers Launched": 2,"Plans": [{"Node Type": "Aggregate","Strategy": "Sorted","Partial Mode": "Partial","Parent Relationship": "Outer","Parallel Aware": false,"Async Capable": false,"Startup Cost": 71556.39,"Total Cost": 71636.18,"Plan Rows": 2455,"Plan Width": 272,"Actual Startup Time": 924.540,"Actual Total Time": 925.230,"Actual Rows": 4,"Actual Loops": 3,"Group Key": ["n1.n_name", "n2.n_name", "(EXTRACT(year FROM lineitem.l_shipdate))"],"Workers": [],"Plans": [{"Node Type": "Sort","Parent Relationship": "Outer","Parallel Aware": false,"Async Capable": false,"Startup Cost": 71556.39,"Total Cost": 71562.53,"Plan Rows": 2455,"Plan Width": 252,"Actual Startup Time": 924.282,"Actual Total Time": 924.390,"Actual Rows": 1926,"Actual Loops": 3,"Sort Key": ["n1.n_name", "n2.n_name", "(EXTRACT(year FROM lineitem.l_shipdate))"],"Sort Method": "quicksort","Sort Space Used": 328,"Sort Space Type": "Memory","Workers": [{"Worker Number": 0,"Sort Method": "quicksort","Sort Space Used": 248,"Sort Space Type": "Memory"},{"Worker Number": 1,"Sort Method": "quicksort","Sort Space Used": 250,"Sort Space Type": "Memory"}],"Plans": [{"Node Type": "Hash Join","Parent Relationship": "Outer","Parallel Aware": false,"Async Capable": false,"Join Type": "Inner","Startup Cost": 366.16,"Total Cost": 71418.15,"Plan Rows": 2455,"Plan Width": 252,"Actual Startup Time": 14.173,"Actual Total Time": 922.403,"Actual Rows": 1926,"Actual Loops": 3,"Inner Unique": false,"Hash Cond": "(lineitem.l_suppkey = supplier.s_suppkey)","Join Filter": "(((n1.n_name = 'RUSSIA'::bpchar) AND (n2.n_name = 'ETHIOPIA'::bpchar)) OR ((n1.n_name = 'ETHIOPIA'::bpchar) AND (n2.n_name = 'RUSSIA'::bpchar)))","Rows Removed by Join Filter": 1956,"Workers": [],"Plans": [{"Node Type": "Nested Loop","Parent Relationship": "Outer","Parallel Aware": false,"Async Capable": false,"Join Type": "Inner","Startup Cost": 2.26,"Total Cost": 70727.78,"Plan Rows": 60250,"Plan Width": 124,"Actual Startup Time": 0.565,"Actual Total Time": 904.085,"Actual Rows": 49262,"Actual Loops": 3,"Inner Unique": false,"Workers": [],"Plans": [{"Node Type": "Nested Loop","Parent Relationship": "Outer","Parallel Aware": false,"Async Capable": false,"Join Type": "Inner","Startup Cost": 1.83,"Total Cost": 12400.01,"Plan Rows": 49000,"Plan Width": 108,"Actual Startup Time": 0.375,"Actual Total Time": 224.409,"Actual Rows": 40400,"Actual Loops": 3,"Inner Unique": false,"Workers": [],"Plans": [{"Node Type": "Hash Join","Parent Relationship": "Outer","Parallel Aware": false,"Async Capable": false,"Join Type": "Inner","Startup Cost": 1.40,"Total Cost": 4403.27,"Plan Rows": 4900,"Plan Width": 108,"Actual Startup Time": 0.220,"Actual Total Time": 44.645,"Actual Rows": 4010,"Actual Loops": 3,"Inner Unique": true,"Hash Cond": "(customer.c_nationkey = n2.n_nationkey)","Workers": [],"Plans": [{"Node Type": "Seq Scan","Parent Relationship": "Outer","Parallel Aware": true,"Async Capable": false,"Relation Name": "customer","Alias": "customer","Startup Cost": 0.00,"Total Cost": 4210.00,"Plan Rows": 62500,"Plan Width": 8,"Actual Startup Time": 0.021,"Actual Total Time": 8.920,"Actual Rows": 50000,"Actual Loops": 3,"Workers": []},{"Node Type": "Hash","Parent Relationship": "Inner","Parallel Aware": false,"Async Capable": false,"Startup Cost": 1.38,"Total Cost": 1.38,"Plan Rows": 2,"Plan Width": 108,"Actual Startup Time": 0.080,"Actual Total Time": 0.086,"Actual Rows": 2,"Actual Loops": 3,"Hash Buckets": 1024,"Original Hash Buckets": 1024,"Hash Batches": 1,"Original Hash Batches": 1,"Peak Memory Usage": 9,"Workers": [],"Plans": [{"Node Type": "Seq Scan","Parent Relationship": "Outer","Parallel Aware": false,"Async Capable": false,"Relation Name": "nation","Alias": "n2","Startup Cost": 0.00,"Total Cost": 1.38,"Plan Rows": 2,"Plan Width": 108,"Actual Startup Time": 0.059,"Actual Total Time": 0.068,"Actual Rows": 2,"Actual Loops": 3,"Filter": "((n_name = 'ETHIOPIA'::bpchar) OR (n_name = 'RUSSIA'::bpchar))","Rows Removed by Filter": 23,"Workers": []}]}]},{"Node Type": "Index Scan","Parent Relationship": "Inner","Parallel Aware": false,"Async Capable": false,"Scan Direction": "Forward","Index Name": "idx_orders_custkey","Relation Name": "orders","Alias": "orders","Startup Cost": 0.43,"Total Cost": 1.46,"Plan Rows": 17,"Plan Width": 8,"Actual Startup Time": 0.007,"Actual Total Time": 0.044,"Actual Rows": 10,"Actual Loops": 12030,"Index Cond": "(o_custkey = customer.c_custkey)","Rows Removed by Index Recheck": 0,"Workers": []}]},{"Node Type": "Index Scan","Parent Relationship": "Inner","Parallel Aware": false,"Async Capable": false,"Scan Direction": "Forward","Index Name": "idx_lineitem_orderkey","Relation Name": "lineitem","Alias": "lineitem","Startup Cost": 0.43,"Total Cost": 1.14,"Plan Rows": 5,"Plan Width": 24,"Actual Startup Time": 0.016,"Actual Total Time": 0.017,"Actual Rows": 1,"Actual Loops": 121201,"Index Cond": "(l_orderkey = orders.o_orderkey)","Rows Removed by Index Recheck": 0,"Filter": "((l_shipdate >= '1995-01-01'::date) AND (l_shipdate <= '1996-12-31'::date))","Rows Removed by Filter": 3,"Workers": []}]},{"Node Type": "Hash","Parent Relationship": "Inner","Parallel Aware": false,"Async Capable": false,"Startup Cost": 354.10,"Total Cost": 354.10,"Plan Rows": 784,"Plan Width": 108,"Actual Startup Time": 11.387,"Actual Total Time": 11.404,"Actual Rows": 781,"Actual Loops": 3,"Hash Buckets": 1024,"Original Hash Buckets": 1024,"Hash Batches": 1,"Original Hash Batches": 1,"Peak Memory Usage": 56,"Workers": [],"Plans": [{"Node Type": "Hash Join","Parent Relationship": "Outer","Parallel Aware": false,"Async Capable": false,"Join Type": "Inner","Startup Cost": 1.40,"Total Cost": 354.10,"Plan Rows": 784,"Plan Width": 108,"Actual Startup Time": 0.093,"Actual Total Time": 11.211,"Actual Rows": 781,"Actual Loops": 3,"Inner Unique": true,"Hash Cond": "(supplier.s_nationkey = n1.n_nationkey)","Workers": [],"Plans": [{"Node Type": "Seq Scan","Parent Relationship": "Outer","Parallel Aware": false,"Async Capable": false,"Relation Name": "supplier","Alias": "supplier","Startup Cost": 0.00,"Total Cost": 322.00,"Plan Rows": 10000,"Plan Width": 8,"Actual Startup Time": 0.038,"Actual Total Time": 4.392,"Actual Rows": 10000,"Actual Loops": 3,"Workers": []},{"Node Type": "Hash","Parent Relationship": "Inner","Parallel Aware": false,"Async Capable": false,"Startup Cost": 1.38,"Total Cost": 1.38,"Plan Rows": 2,"Plan Width": 108,"Actual Startup Time": 0.019,"Actual Total Time": 0.026,"Actual Rows": 2,"Actual Loops": 3,"Hash Buckets": 1024,"Original Hash Buckets": 1024,"Hash Batches": 1,"Original Hash Batches": 1,"Peak Memory Usage": 9,"Workers": [],"Plans": [{"Node Type": "Seq Scan","Parent Relationship": "Outer","Parallel Aware": false,"Async Capable": false,"Relation Name": "nation","Alias": "n1","Startup Cost": 0.00,"Total Cost": 1.38,"Plan Rows": 2,"Plan Width": 108,"Actual Startup Time": 0.007,"Actual Total Time": 0.014,"Actual Rows": 2,"Actual Loops": 3,"Filter": "((n_name = 'RUSSIA'::bpchar) OR (n_name = 'ETHIOPIA'::bpchar))","Rows Removed by Filter": 23,"Workers": []}]}]}]}]}]}]}]}]},"Planning Time": 9.285,"Triggers": [],"Execution Time": 977.185}]
[{"Plan": {"Node Type": "Aggregate","Strategy": "Sorted","Partial Mode": "Finalize","Parallel Aware": false,"Async Capable": false,"Startup Cost": 72556.41,"Total Cost": 73352.71,"Plan Rows": 5893,"Plan Width": 272,"Actual Startup Time": 946.858,"Actual Total Time": 1002.764,"Actual Rows": 4,"Actual Loops": 1,"Group Key": ["n1.n_name", "n2.n_name", "(EXTRACT(year FROM lineitem.l_shipdate))"],"Plans": [{"Node Type": "Gather Merge","Parent Relationship": "Outer","Parallel Aware": false,"Async Capable": false,"Startup Cost": 72556.41,"Total Cost": 73202.94,"Plan Rows": 4910,"Plan Width": 272,"Actual Startup Time": 946.017,"Actual Total Time": 1002.685,"Actual Rows": 12,"Actual Loops": 1,"Workers Planned": 2,"Workers Launched": 2,"Plans": [{"Node Type": "Aggregate","Strategy": "Sorted","Partial Mode": "Partial","Parent Relationship": "Outer","Parallel Aware": false,"Async Capable": false,"Startup Cost": 71556.39,"Total Cost": 71636.18,"Plan Rows": 2455,"Plan Width": 272,"Actual Startup Time": 937.940,"Actual Total Time": 938.869,"Actual Rows": 4,"Actual Loops": 3,"Group Key": ["n1.n_name", "n2.n_name", "(EXTRACT(year FROM lineitem.l_shipdate))"],"Workers": [],"Plans": [{"Node Type": "Sort","Parent Relationship": "Outer","Parallel Aware": false,"Async Capable": false,"Startup Cost": 71556.39,"Total Cost": 71562.53,"Plan Rows": 2455,"Plan Width": 252,"Actual Startup Time": 937.673,"Actual Total Time": 937.803,"Actual Rows": 2001,"Actual Loops": 3,"Sort Key": ["n1.n_name", "n2.n_name", "(EXTRACT(year FROM lineitem.l_shipdate))"],"Sort Method": "quicksort","Sort Space Used": 261,"Sort Space Type": "Memory","Workers": [{"Worker Number": 0,"Sort Method": "quicksort","Sort Space Used": 321,"Sort Space Type": "Memory"},{"Worker Number": 1,"Sort Method": "quicksort","Sort Space Used": 268,"Sort Space Type": "Memory"}],"Plans": [{"Node Type": "Hash Join","Parent Relationship": "Outer","Parallel Aware": false,"Async Capable": false,"Join Type": "Inner","Startup Cost": 366.16,"Total Cost": 71418.15,"Plan Rows": 2455,"Plan Width": 252,"Actual Startup Time": 10.387,"Actual Total Time": 935.706,"Actual Rows": 2001,"Actual Loops": 3,"Inner Unique": false,"Hash Cond": "(lineitem.l_suppkey = supplier.s_suppkey)","Join Filter": "(((n1.n_name = 'RUSSIA'::bpchar) AND (n2.n_name = 'CHINA'::bpchar)) OR ((n1.n_name = 'CHINA'::bpchar) AND (n2.n_name = 'RUSSIA'::bpchar)))","Rows Removed by Join Filter": 2004,"Workers": [],"Plans": [{"Node Type": "Nested Loop","Parent Relationship": "Outer","Parallel Aware": false,"Async Capable": false,"Join Type": "Inner","Startup Cost": 2.26,"Total Cost": 70727.78,"Plan Rows": 60250,"Plan Width": 124,"Actual Startup Time": 0.512,"Actual Total Time": 919.285,"Actual Rows": 49481,"Actual Loops": 3,"Inner Unique": false,"Workers": [],"Plans": [{"Node Type": "Nested Loop","Parent Relationship": "Outer","Parallel Aware": false,"Async Capable": false,"Join Type": "Inner","Startup Cost": 1.83,"Total Cost": 12400.01,"Plan Rows": 49000,"Plan Width": 108,"Actual Startup Time": 0.278,"Actual Total Time": 229.337,"Actual Rows": 40760,"Actual Loops": 3,"Inner Unique": false,"Workers": [],"Plans": [{"Node Type": "Hash Join","Parent Relationship": "Outer","Parallel Aware": false,"Async Capable": false,"Join Type": "Inner","Startup Cost": 1.40,"Total Cost": 4403.27,"Plan Rows": 4900,"Plan Width": 108,"Actual Startup Time": 0.166,"Actual Total Time": 46.085,"Actual Rows": 4034,"Actual Loops": 3,"Inner Unique": true,"Hash Cond": "(customer.c_nationkey = n2.n_nationkey)","Workers": [],"Plans": [{"Node Type": "Seq Scan","Parent Relationship": "Outer","Parallel Aware": true,"Async Capable": false,"Relation Name": "customer","Alias": "customer","Startup Cost": 0.00,"Total Cost": 4210.00,"Plan Rows": 62500,"Plan Width": 8,"Actual Startup Time": 0.011,"Actual Total Time": 9.543,"Actual Rows": 50000,"Actual Loops": 3,"Workers": []},{"Node Type": "Hash","Parent Relationship": "Inner","Parallel Aware": false,"Async Capable": false,"Startup Cost": 1.38,"Total Cost": 1.38,"Plan Rows": 2,"Plan Width": 108,"Actual Startup Time": 0.069,"Actual Total Time": 0.076,"Actual Rows": 2,"Actual Loops": 3,"Hash Buckets": 1024,"Original Hash Buckets": 1024,"Hash Batches": 1,"Original Hash Batches": 1,"Peak Memory Usage": 9,"Workers": [],"Plans": [{"Node Type": "Seq Scan","Parent Relationship": "Outer","Parallel Aware": false,"Async Capable": false,"Relation Name": "nation","Alias": "n2","Startup Cost": 0.00,"Total Cost": 1.38,"Plan Rows": 2,"Plan Width": 108,"Actual Startup Time": 0.054,"Actual Total Time": 0.057,"Actual Rows": 2,"Actual Loops": 3,"Filter": "((n_name = 'CHINA'::bpchar) OR (n_name = 'RUSSIA'::bpchar))","Rows Removed by Filter": 23,"Workers": []}]}]},{"Node Type": "Index Scan","Parent Relationship": "Inner","Parallel Aware": false,"Async Capable": false,"Scan Direction": "Forward","Index Name": "idx_orders_custkey","Relation Name": "orders","Alias": "orders","Startup Cost": 0.43,"Total Cost": 1.46,"Plan Rows": 17,"Plan Width": 8,"Actual Startup Time": 0.007,"Actual Total Time": 0.044,"Actual Rows": 10,"Actual Loops": 12102,"Index Cond": "(o_custkey = customer.c_custkey)","Rows Removed by Index Recheck": 0,"Workers": []}]},{"Node Type": "Index Scan","Parent Relationship": "Inner","Parallel Aware": false,"Async Capable": false,"Scan Direction": "Forward","Index Name": "idx_lineitem_orderkey","Relation Name": "lineitem","Alias": "lineitem","Startup Cost": 0.43,"Total Cost": 1.14,"Plan Rows": 5,"Plan Width": 24,"Actual Startup Time": 0.016,"Actual Total Time": 0.017,"Actual Rows": 1,"Actual Loops": 122279,"Index Cond": "(l_orderkey = orders.o_orderkey)","Rows Removed by Index Recheck": 0,"Filter": "((l_shipdate >= '1995-01-01'::date) AND (l_shipdate <= '1996-12-31'::date))","Rows Removed by Filter": 3,"Workers": []}]},{"Node Type": "Hash","Parent Relationship": "Inner","Parallel Aware": false,"Async Capable": false,"Startup Cost": 354.10,"Total Cost": 354.10,"Plan Rows": 784,"Plan Width": 108,"Actual Startup Time": 8.860,"Actual Total Time": 8.876,"Actual Rows": 808,"Actual Loops": 3,"Hash Buckets": 1024,"Original Hash Buckets": 1024,"Hash Batches": 1,"Original Hash Batches": 1,"Peak Memory Usage": 57,"Workers": [],"Plans": [{"Node Type": "Hash Join","Parent Relationship": "Outer","Parallel Aware": false,"Async Capable": false,"Join Type": "Inner","Startup Cost": 1.40,"Total Cost": 354.10,"Plan Rows": 784,"Plan Width": 108,"Actual Startup Time": 0.075,"Actual Total Time": 8.646,"Actual Rows": 808,"Actual Loops": 3,"Inner Unique": true,"Hash Cond": "(supplier.s_nationkey = n1.n_nationkey)","Workers": [],"Plans": [{"Node Type": "Seq Scan","Parent Relationship": "Outer","Parallel Aware": false,"Async Capable": false,"Relation Name": "supplier","Alias": "supplier","Startup Cost": 0.00,"Total Cost": 322.00,"Plan Rows": 10000,"Plan Width": 8,"Actual Startup Time": 0.028,"Actual Total Time": 4.554,"Actual Rows": 10000,"Actual Loops": 3,"Workers": []},{"Node Type": "Hash","Parent Relationship": "Inner","Parallel Aware": false,"Async Capable": false,"Startup Cost": 1.38,"Total Cost": 1.38,"Plan Rows": 2,"Plan Width": 108,"Actual Startup Time": 0.015,"Actual Total Time": 0.022,"Actual Rows": 2,"Actual Loops": 3,"Hash Buckets": 1024,"Original Hash Buckets": 1024,"Hash Batches": 1,"Original Hash Batches": 1,"Peak Memory Usage": 9,"Workers": [],"Plans": [{"Node Type": "Seq Scan","Parent Relationship": "Outer","Parallel Aware": false,"Async Capable": false,"Relation Name": "nation","Alias": "n1","Startup Cost": 0.00,"Total Cost": 1.38,"Plan Rows": 2,"Plan Width": 108,"Actual Startup Time": 0.008,"Actual Total Time": 0.011,"Actual Rows": 2,"Actual Loops": 3,"Filter": "((n_name = 'RUSSIA'::bpchar) OR (n_name = 'CHINA'::bpchar))","Rows Removed by Filter": 23,"Workers": []}]}]}]}]}]}]}]}]},"Planning Time": 9.490,"Triggers": [],"Execution Time": 1003.195}]
[{"Plan": {"Node Type": "Aggregate","Strategy": "Sorted","Partial Mode": "Finalize","Parallel Aware": false,"Async Capable": false,"Startup Cost": 72556.41,"Total Cost": 73352.71,"Plan Rows": 5893,"Plan Width": 272,"Actual Startup Time": 917.310,"Actual Total Time": 974.247,"Actual Rows": 4,"Actual Loops": 1,"Group Key": ["n1.n_name", "n2.n_name", "(EXTRACT(year FROM lineitem.l_shipdate))"],"Plans": [{"Node Type": "Gather Merge","Parent Relationship": "Outer","Parallel Aware": false,"Async Capable": false,"Startup Cost": 72556.41,"Total Cost": 73202.94,"Plan Rows": 4910,"Plan Width": 272,"Actual Startup Time": 916.842,"Actual Total Time": 974.167,"Actual Rows": 12,"Actual Loops": 1,"Workers Planned": 2,"Workers Launched": 2,"Plans": [{"Node Type": "Aggregate","Strategy": "Sorted","Partial Mode": "Partial","Parent Relationship": "Outer","Parallel Aware": false,"Async Capable": false,"Startup Cost": 71556.39,"Total Cost": 71636.18,"Plan Rows": 2455,"Plan Width": 272,"Actual Startup Time": 908.298,"Actual Total Time": 909.027,"Actual Rows": 4,"Actual Loops": 3,"Group Key": ["n1.n_name", "n2.n_name", "(EXTRACT(year FROM lineitem.l_shipdate))"],"Workers": [],"Plans": [{"Node Type": "Sort","Parent Relationship": "Outer","Parallel Aware": false,"Async Capable": false,"Startup Cost": 71556.39,"Total Cost": 71562.53,"Plan Rows": 2455,"Plan Width": 252,"Actual Startup Time": 908.026,"Actual Total Time": 908.136,"Actual Rows": 1864,"Actual Loops": 3,"Sort Key": ["n1.n_name", "n2.n_name", "(EXTRACT(year FROM lineitem.l_shipdate))"],"Sort Method": "quicksort","Sort Space Used": 258,"Sort Space Type": "Memory","Workers": [{"Worker Number": 0,"Sort Method": "quicksort","Sort Space Used": 252,"Sort Space Type": "Memory"},{"Worker Number": 1,"Sort Method": "quicksort","Sort Space Used": 247,"Sort Space Type": "Memory"}],"Plans": [{"Node Type": "Hash Join","Parent Relationship": "Outer","Parallel Aware": false,"Async Capable": false,"Join Type": "Inner","Startup Cost": 366.16,"Total Cost": 71418.15,"Plan Rows": 2455,"Plan Width": 252,"Actual Startup Time": 10.556,"Actual Total Time": 906.237,"Actual Rows": 1864,"Actual Loops": 3,"Inner Unique": false,"Hash Cond": "(lineitem.l_suppkey = supplier.s_suppkey)","Join Filter": "(((n1.n_name = 'KENYA'::bpchar) AND (n2.n_name = 'GERMANY'::bpchar)) OR ((n1.n_name = 'GERMANY'::bpchar) AND (n2.n_name = 'KENYA'::bpchar)))","Rows Removed by Join Filter": 1808,"Workers": [],"Plans": [{"Node Type": "Nested Loop","Parent Relationship": "Outer","Parallel Aware": false,"Async Capable": false,"Join Type": "Inner","Startup Cost": 2.26,"Total Cost": 70727.78,"Plan Rows": 60250,"Plan Width": 124,"Actual Startup Time": 0.716,"Actual Total Time": 890.172,"Actual Rows": 48034,"Actual Loops": 3,"Inner Unique": false,"Workers": [],"Plans": [{"Node Type": "Nested Loop","Parent Relationship": "Outer","Parallel Aware": false,"Async Capable": false,"Join Type": "Inner","Startup Cost": 1.83,"Total Cost": 12400.01,"Plan Rows": 49000,"Plan Width": 108,"Actual Startup Time": 0.335,"Actual Total Time": 224.576,"Actual Rows": 39555,"Actual Loops": 3,"Inner Unique": false,"Workers": [],"Plans": [{"Node Type": "Hash Join","Parent Relationship": "Outer","Parallel Aware": false,"Async Capable": false,"Join Type": "Inner","Startup Cost": 1.40,"Total Cost": 4403.27,"Plan Rows": 4900,"Plan Width": 108,"Actual Startup Time": 0.196,"Actual Total Time": 48.094,"Actual Rows": 3967,"Actual Loops": 3,"Inner Unique": true,"Hash Cond": "(customer.c_nationkey = n2.n_nationkey)","Workers": [],"Plans": [{"Node Type": "Seq Scan","Parent Relationship": "Outer","Parallel Aware": true,"Async Capable": false,"Relation Name": "customer","Alias": "customer","Startup Cost": 0.00,"Total Cost": 4210.00,"Plan Rows": 62500,"Plan Width": 8,"Actual Startup Time": 0.013,"Actual Total Time": 9.600,"Actual Rows": 50000,"Actual Loops": 3,"Workers": []},{"Node Type": "Hash","Parent Relationship": "Inner","Parallel Aware": false,"Async Capable": false,"Startup Cost": 1.38,"Total Cost": 1.38,"Plan Rows": 2,"Plan Width": 108,"Actual Startup Time": 0.083,"Actual Total Time": 0.090,"Actual Rows": 2,"Actual Loops": 3,"Hash Buckets": 1024,"Original Hash Buckets": 1024,"Hash Batches": 1,"Original Hash Batches": 1,"Peak Memory Usage": 9,"Workers": [],"Plans": [{"Node Type": "Seq Scan","Parent Relationship": "Outer","Parallel Aware": false,"Async Capable": false,"Relation Name": "nation","Alias": "n2","Startup Cost": 0.00,"Total Cost": 1.38,"Plan Rows": 2,"Plan Width": 108,"Actual Startup Time": 0.058,"Actual Total Time": 0.065,"Actual Rows": 2,"Actual Loops": 3,"Filter": "((n_name = 'GERMANY'::bpchar) OR (n_name = 'KENYA'::bpchar))","Rows Removed by Filter": 23,"Workers": []}]}]},{"Node Type": "Index Scan","Parent Relationship": "Inner","Parallel Aware": false,"Async Capable": false,"Scan Direction": "Forward","Index Name": "idx_orders_custkey","Relation Name": "orders","Alias": "orders","Startup Cost": 0.43,"Total Cost": 1.46,"Plan Rows": 17,"Plan Width": 8,"Actual Startup Time": 0.007,"Actual Total Time": 0.043,"Actual Rows": 10,"Actual Loops": 11900,"Index Cond": "(o_custkey = customer.c_custkey)","Rows Removed by Index Recheck": 0,"Workers": []}]},{"Node Type": "Index Scan","Parent Relationship": "Inner","Parallel Aware": false,"Async Capable": false,"Scan Direction": "Forward","Index Name": "idx_lineitem_orderkey","Relation Name": "lineitem","Alias": "lineitem","Startup Cost": 0.43,"Total Cost": 1.14,"Plan Rows": 5,"Plan Width": 24,"Actual Startup Time": 0.016,"Actual Total Time": 0.017,"Actual Rows": 1,"Actual Loops": 118664,"Index Cond": "(l_orderkey = orders.o_orderkey)","Rows Removed by Index Recheck": 0,"Filter": "((l_shipdate >= '1995-01-01'::date) AND (l_shipdate <= '1996-12-31'::date))","Rows Removed by Filter": 3,"Workers": []}]},{"Node Type": "Hash","Parent Relationship": "Inner","Parallel Aware": false,"Async Capable": false,"Startup Cost": 354.10,"Total Cost": 354.10,"Plan Rows": 784,"Plan Width": 108,"Actual Startup Time": 9.131,"Actual Total Time": 9.148,"Actual Rows": 772,"Actual Loops": 3,"Hash Buckets": 1024,"Original Hash Buckets": 1024,"Hash Batches": 1,"Original Hash Batches": 1,"Peak Memory Usage": 55,"Workers": [],"Plans": [{"Node Type": "Hash Join","Parent Relationship": "Outer","Parallel Aware": false,"Async Capable": false,"Join Type": "Inner","Startup Cost": 1.40,"Total Cost": 354.10,"Plan Rows": 784,"Plan Width": 108,"Actual Startup Time": 0.086,"Actual Total Time": 8.929,"Actual Rows": 772,"Actual Loops": 3,"Inner Unique": true,"Hash Cond": "(supplier.s_nationkey = n1.n_nationkey)","Workers": [],"Plans": [{"Node Type": "Seq Scan","Parent Relationship": "Outer","Parallel Aware": false,"Async Capable": false,"Relation Name": "supplier","Alias": "supplier","Startup Cost": 0.00,"Total Cost": 322.00,"Plan Rows": 10000,"Plan Width": 8,"Actual Startup Time": 0.034,"Actual Total Time": 4.646,"Actual Rows": 10000,"Actual Loops": 3,"Workers": []},{"Node Type": "Hash","Parent Relationship": "Inner","Parallel Aware": false,"Async Capable": false,"Startup Cost": 1.38,"Total Cost": 1.38,"Plan Rows": 2,"Plan Width": 108,"Actual Startup Time": 0.019,"Actual Total Time": 0.025,"Actual Rows": 2,"Actual Loops": 3,"Hash Buckets": 1024,"Original Hash Buckets": 1024,"Hash Batches": 1,"Original Hash Batches": 1,"Peak Memory Usage": 9,"Workers": [],"Plans": [{"Node Type": "Seq Scan","Parent Relationship": "Outer","Parallel Aware": false,"Async Capable": false,"Relation Name": "nation","Alias": "n1","Startup Cost": 0.00,"Total Cost": 1.38,"Plan Rows": 2,"Plan Width": 108,"Actual Startup Time": 0.007,"Actual Total Time": 0.012,"Actual Rows": 2,"Actual Loops": 3,"Filter": "((n_name = 'KENYA'::bpchar) OR (n_name = 'GERMANY'::bpchar))","Rows Removed by Filter": 23,"Workers": []}]}]}]}]}]}]}]}]},"Planning Time": 9.273,"Triggers": [],"Execution Time": 974.690}]
[{"Plan": {"Node Type": "Aggregate","Strategy": "Sorted","Partial Mode": "Finalize","Parallel Aware": false,"Async Capable": false,"Startup Cost": 72556.41,"Total Cost": 73352.71,"Plan Rows": 5893,"Plan Width": 272,"Actual Startup Time": 929.730,"Actual Total Time": 980.979,"Actual Rows": 4,"Actual Loops": 1,"Group Key": ["n1.n_name", "n2.n_name", "(EXTRACT(year FROM lineitem.l_shipdate))"],"Plans": [{"Node Type": "Gather Merge","Parent Relationship": "Outer","Parallel Aware": false,"Async Capable": false,"Startup Cost": 72556.41,"Total Cost": 73202.94,"Plan Rows": 4910,"Plan Width": 272,"Actual Startup Time": 929.151,"Actual Total Time": 980.901,"Actual Rows": 12,"Actual Loops": 1,"Workers Planned": 2,"Workers Launched": 2,"Plans": [{"Node Type": "Aggregate","Strategy": "Sorted","Partial Mode": "Partial","Parent Relationship": "Outer","Parallel Aware": false,"Async Capable": false,"Startup Cost": 71556.39,"Total Cost": 71636.18,"Plan Rows": 2455,"Plan Width": 272,"Actual Startup Time": 920.148,"Actual Total Time": 920.893,"Actual Rows": 4,"Actual Loops": 3,"Group Key": ["n1.n_name", "n2.n_name", "(EXTRACT(year FROM lineitem.l_shipdate))"],"Workers": [],"Plans": [{"Node Type": "Sort","Parent Relationship": "Outer","Parallel Aware": false,"Async Capable": false,"Startup Cost": 71556.39,"Total Cost": 71562.53,"Plan Rows": 2455,"Plan Width": 252,"Actual Startup Time": 919.905,"Actual Total Time": 920.010,"Actual Rows": 1875,"Actual Loops": 3,"Sort Key": ["n1.n_name", "n2.n_name", "(EXTRACT(year FROM lineitem.l_shipdate))"],"Sort Method": "quicksort","Sort Space Used": 249,"Sort Space Type": "Memory","Workers": [{"Worker Number": 0,"Sort Method": "quicksort","Sort Space Used": 247,"Sort Space Type": "Memory"},{"Worker Number": 1,"Sort Method": "quicksort","Sort Space Used": 265,"Sort Space Type": "Memory"}],"Plans": [{"Node Type": "Hash Join","Parent Relationship": "Outer","Parallel Aware": false,"Async Capable": false,"Join Type": "Inner","Startup Cost": 366.16,"Total Cost": 71418.15,"Plan Rows": 2455,"Plan Width": 252,"Actual Startup Time": 10.104,"Actual Total Time": 918.049,"Actual Rows": 1875,"Actual Loops": 3,"Inner Unique": false,"Hash Cond": "(lineitem.l_suppkey = supplier.s_suppkey)","Join Filter": "(((n1.n_name = 'IRAN'::bpchar) AND (n2.n_name = 'ETHIOPIA'::bpchar)) OR ((n1.n_name = 'ETHIOPIA'::bpchar) AND (n2.n_name = 'IRAN'::bpchar)))","Rows Removed by Join Filter": 1861,"Workers": [],"Plans": [{"Node Type": "Nested Loop","Parent Relationship": "Outer","Parallel Aware": false,"Async Capable": false,"Join Type": "Inner","Startup Cost": 2.26,"Total Cost": 70727.78,"Plan Rows": 60250,"Plan Width": 124,"Actual Startup Time": 0.611,"Actual Total Time": 902.074,"Actual Rows": 48392,"Actual Loops": 3,"Inner Unique": false,"Workers": [],"Plans": [{"Node Type": "Nested Loop","Parent Relationship": "Outer","Parallel Aware": false,"Async Capable": false,"Join Type": "Inner","Startup Cost": 1.83,"Total Cost": 12400.01,"Plan Rows": 49000,"Plan Width": 108,"Actual Startup Time": 0.338,"Actual Total Time": 227.641,"Actual Rows": 39794,"Actual Loops": 3,"Inner Unique": false,"Workers": [],"Plans": [{"Node Type": "Hash Join","Parent Relationship": "Outer","Parallel Aware": false,"Async Capable": false,"Join Type": "Inner","Startup Cost": 1.40,"Total Cost": 4403.27,"Plan Rows": 4900,"Plan Width": 108,"Actual Startup Time": 0.200,"Actual Total Time": 47.833,"Actual Rows": 3987,"Actual Loops": 3,"Inner Unique": true,"Hash Cond": "(customer.c_nationkey = n2.n_nationkey)","Workers": [],"Plans": [{"Node Type": "Seq Scan","Parent Relationship": "Outer","Parallel Aware": true,"Async Capable": false,"Relation Name": "customer","Alias": "customer","Startup Cost": 0.00,"Total Cost": 4210.00,"Plan Rows": 62500,"Plan Width": 8,"Actual Startup Time": 0.014,"Actual Total Time": 9.629,"Actual Rows": 50000,"Actual Loops": 3,"Workers": []},{"Node Type": "Hash","Parent Relationship": "Inner","Parallel Aware": false,"Async Capable": false,"Startup Cost": 1.38,"Total Cost": 1.38,"Plan Rows": 2,"Plan Width": 108,"Actual Startup Time": 0.103,"Actual Total Time": 0.106,"Actual Rows": 2,"Actual Loops": 3,"Hash Buckets": 1024,"Original Hash Buckets": 1024,"Hash Batches": 1,"Original Hash Batches": 1,"Peak Memory Usage": 9,"Workers": [],"Plans": [{"Node Type": "Seq Scan","Parent Relationship": "Outer","Parallel Aware": false,"Async Capable": false,"Relation Name": "nation","Alias": "n2","Startup Cost": 0.00,"Total Cost": 1.38,"Plan Rows": 2,"Plan Width": 108,"Actual Startup Time": 0.076,"Actual Total Time": 0.083,"Actual Rows": 2,"Actual Loops": 3,"Filter": "((n_name = 'ETHIOPIA'::bpchar) OR (n_name = 'IRAN'::bpchar))","Rows Removed by Filter": 23,"Workers": []}]}]},{"Node Type": "Index Scan","Parent Relationship": "Inner","Parallel Aware": false,"Async Capable": false,"Scan Direction": "Forward","Index Name": "idx_orders_custkey","Relation Name": "orders","Alias": "orders","Startup Cost": 0.43,"Total Cost": 1.46,"Plan Rows": 17,"Plan Width": 8,"Actual Startup Time": 0.007,"Actual Total Time": 0.044,"Actual Rows": 10,"Actual Loops": 11961,"Index Cond": "(o_custkey = customer.c_custkey)","Rows Removed by Index Recheck": 0,"Workers": []}]},{"Node Type": "Index Scan","Parent Relationship": "Inner","Parallel Aware": false,"Async Capable": false,"Scan Direction": "Forward","Index Name": "idx_lineitem_orderkey","Relation Name": "lineitem","Alias": "lineitem","Startup Cost": 0.43,"Total Cost": 1.14,"Plan Rows": 5,"Plan Width": 24,"Actual Startup Time": 0.016,"Actual Total Time": 0.017,"Actual Rows": 1,"Actual Loops": 119381,"Index Cond": "(l_orderkey = orders.o_orderkey)","Rows Removed by Index Recheck": 0,"Filter": "((l_shipdate >= '1995-01-01'::date) AND (l_shipdate <= '1996-12-31'::date))","Rows Removed by Filter": 3,"Workers": []}]},{"Node Type": "Hash","Parent Relationship": "Inner","Parallel Aware": false,"Async Capable": false,"Startup Cost": 354.10,"Total Cost": 354.10,"Plan Rows": 784,"Plan Width": 108,"Actual Startup Time": 8.745,"Actual Total Time": 8.758,"Actual Rows": 773,"Actual Loops": 3,"Hash Buckets": 1024,"Original Hash Buckets": 1024,"Hash Batches": 1,"Original Hash Batches": 1,"Peak Memory Usage": 55,"Workers": [],"Plans": [{"Node Type": "Hash Join","Parent Relationship": "Outer","Parallel Aware": false,"Async Capable": false,"Join Type": "Inner","Startup Cost": 1.40,"Total Cost": 354.10,"Plan Rows": 784,"Plan Width": 108,"Actual Startup Time": 0.088,"Actual Total Time": 8.553,"Actual Rows": 773,"Actual Loops": 3,"Inner Unique": true,"Hash Cond": "(supplier.s_nationkey = n1.n_nationkey)","Workers": [],"Plans": [{"Node Type": "Seq Scan","Parent Relationship": "Outer","Parallel Aware": false,"Async Capable": false,"Relation Name": "supplier","Alias": "supplier","Startup Cost": 0.00,"Total Cost": 322.00,"Plan Rows": 10000,"Plan Width": 8,"Actual Startup Time": 0.038,"Actual Total Time": 4.436,"Actual Rows": 10000,"Actual Loops": 3,"Workers": []},{"Node Type": "Hash","Parent Relationship": "Inner","Parallel Aware": false,"Async Capable": false,"Startup Cost": 1.38,"Total Cost": 1.38,"Plan Rows": 2,"Plan Width": 108,"Actual Startup Time": 0.020,"Actual Total Time": 0.026,"Actual Rows": 2,"Actual Loops": 3,"Hash Buckets": 1024,"Original Hash Buckets": 1024,"Hash Batches": 1,"Original Hash Batches": 1,"Peak Memory Usage": 9,"Workers": [],"Plans": [{"Node Type": "Seq Scan","Parent Relationship": "Outer","Parallel Aware": false,"Async Capable": false,"Relation Name": "nation","Alias": "n1","Startup Cost": 0.00,"Total Cost": 1.38,"Plan Rows": 2,"Plan Width": 108,"Actual Startup Time": 0.008,"Actual Total Time": 0.015,"Actual Rows": 2,"Actual Loops": 3,"Filter": "((n_name = 'IRAN'::bpchar) OR (n_name = 'ETHIOPIA'::bpchar))","Rows Removed by Filter": 23,"Workers": []}]}]}]}]}]}]}]}]},"Planning Time": 8.437,"Triggers": [],"Execution Time": 981.394}]
[{"Plan": {"Node Type": "Aggregate","Strategy": "Sorted","Partial Mode": "Finalize","Parallel Aware": false,"Async Capable": false,"Startup Cost": 72556.41,"Total Cost": 73352.71,"Plan Rows": 5893,"Plan Width": 272,"Actual Startup Time": 923.433,"Actual Total Time": 978.855,"Actual Rows": 4,"Actual Loops": 1,"Group Key": ["n1.n_name", "n2.n_name", "(EXTRACT(year FROM lineitem.l_shipdate))"],"Plans": [{"Node Type": "Gather Merge","Parent Relationship": "Outer","Parallel Aware": false,"Async Capable": false,"Startup Cost": 72556.41,"Total Cost": 73202.94,"Plan Rows": 4910,"Plan Width": 272,"Actual Startup Time": 922.807,"Actual Total Time": 978.763,"Actual Rows": 12,"Actual Loops": 1,"Workers Planned": 2,"Workers Launched": 2,"Plans": [{"Node Type": "Aggregate","Strategy": "Sorted","Partial Mode": "Partial","Parent Relationship": "Outer","Parallel Aware": false,"Async Capable": false,"Startup Cost": 71556.39,"Total Cost": 71636.18,"Plan Rows": 2455,"Plan Width": 272,"Actual Startup Time": 914.589,"Actual Total Time": 915.364,"Actual Rows": 4,"Actual Loops": 3,"Group Key": ["n1.n_name", "n2.n_name", "(EXTRACT(year FROM lineitem.l_shipdate))"],"Workers": [],"Plans": [{"Node Type": "Sort","Parent Relationship": "Outer","Parallel Aware": false,"Async Capable": false,"Startup Cost": 71556.39,"Total Cost": 71562.53,"Plan Rows": 2455,"Plan Width": 252,"Actual Startup Time": 914.311,"Actual Total Time": 914.420,"Actual Rows": 1918,"Actual Loops": 3,"Sort Key": ["n1.n_name", "n2.n_name", "(EXTRACT(year FROM lineitem.l_shipdate))"],"Sort Method": "quicksort","Sort Space Used": 259,"Sort Space Type": "Memory","Workers": [{"Worker Number": 0,"Sort Method": "quicksort","Sort Space Used": 252,"Sort Space Type": "Memory"},{"Worker Number": 1,"Sort Method": "quicksort","Sort Space Used": 265,"Sort Space Type": "Memory"}],"Plans": [{"Node Type": "Hash Join","Parent Relationship": "Outer","Parallel Aware": false,"Async Capable": false,"Join Type": "Inner","Startup Cost": 366.16,"Total Cost": 71418.15,"Plan Rows": 2455,"Plan Width": 252,"Actual Startup Time": 10.675,"Actual Total Time": 912.567,"Actual Rows": 1918,"Actual Loops": 3,"Inner Unique": false,"Hash Cond": "(lineitem.l_suppkey = supplier.s_suppkey)","Join Filter": "(((n1.n_name = 'EGYPT'::bpchar) AND (n2.n_name = 'JAPAN'::bpchar)) OR ((n1.n_name = 'JAPAN'::bpchar) AND (n2.n_name = 'EGYPT'::bpchar)))","Rows Removed by Join Filter": 1890,"Workers": [],"Plans": [{"Node Type": "Nested Loop","Parent Relationship": "Outer","Parallel Aware": false,"Async Capable": false,"Join Type": "Inner","Startup Cost": 2.26,"Total Cost": 70727.78,"Plan Rows": 60250,"Plan Width": 124,"Actual Startup Time": 0.473,"Actual Total Time": 896.982,"Actual Rows": 48257,"Actual Loops": 3,"Inner Unique": false,"Workers": [],"Plans": [{"Node Type": "Nested Loop","Parent Relationship": "Outer","Parallel Aware": false,"Async Capable": false,"Join Type": "Inner","Startup Cost": 1.83,"Total Cost": 12400.01,"Plan Rows": 49000,"Plan Width": 108,"Actual Startup Time": 0.267,"Actual Total Time": 227.317,"Actual Rows": 39505,"Actual Loops": 3,"Inner Unique": false,"Workers": [],"Plans": [{"Node Type": "Hash Join","Parent Relationship": "Outer","Parallel Aware": false,"Async Capable": false,"Join Type": "Inner","Startup Cost": 1.40,"Total Cost": 4403.27,"Plan Rows": 4900,"Plan Width": 108,"Actual Startup Time": 0.161,"Actual Total Time": 48.505,"Actual Rows": 3981,"Actual Loops": 3,"Inner Unique": true,"Hash Cond": "(customer.c_nationkey = n2.n_nationkey)","Workers": [],"Plans": [{"Node Type": "Seq Scan","Parent Relationship": "Outer","Parallel Aware": true,"Async Capable": false,"Relation Name": "customer","Alias": "customer","Startup Cost": 0.00,"Total Cost": 4210.00,"Plan Rows": 62500,"Plan Width": 8,"Actual Startup Time": 0.013,"Actual Total Time": 9.635,"Actual Rows": 50000,"Actual Loops": 3,"Workers": []},{"Node Type": "Hash","Parent Relationship": "Inner","Parallel Aware": false,"Async Capable": false,"Startup Cost": 1.38,"Total Cost": 1.38,"Plan Rows": 2,"Plan Width": 108,"Actual Startup Time": 0.063,"Actual Total Time": 0.067,"Actual Rows": 2,"Actual Loops": 3,"Hash Buckets": 1024,"Original Hash Buckets": 1024,"Hash Batches": 1,"Original Hash Batches": 1,"Peak Memory Usage": 9,"Workers": [],"Plans": [{"Node Type": "Seq Scan","Parent Relationship": "Outer","Parallel Aware": false,"Async Capable": false,"Relation Name": "nation","Alias": "n2","Startup Cost": 0.00,"Total Cost": 1.38,"Plan Rows": 2,"Plan Width": 108,"Actual Startup Time": 0.047,"Actual Total Time": 0.051,"Actual Rows": 2,"Actual Loops": 3,"Filter": "((n_name = 'JAPAN'::bpchar) OR (n_name = 'EGYPT'::bpchar))","Rows Removed by Filter": 23,"Workers": []}]}]},{"Node Type": "Index Scan","Parent Relationship": "Inner","Parallel Aware": false,"Async Capable": false,"Scan Direction": "Forward","Index Name": "idx_orders_custkey","Relation Name": "orders","Alias": "orders","Startup Cost": 0.43,"Total Cost": 1.46,"Plan Rows": 17,"Plan Width": 8,"Actual Startup Time": 0.007,"Actual Total Time": 0.044,"Actual Rows": 10,"Actual Loops": 11943,"Index Cond": "(o_custkey = customer.c_custkey)","Rows Removed by Index Recheck": 0,"Workers": []}]},{"Node Type": "Index Scan","Parent Relationship": "Inner","Parallel Aware": false,"Async Capable": false,"Scan Direction": "Forward","Index Name": "idx_lineitem_orderkey","Relation Name": "lineitem","Alias": "lineitem","Startup Cost": 0.43,"Total Cost": 1.14,"Plan Rows": 5,"Plan Width": 24,"Actual Startup Time": 0.016,"Actual Total Time": 0.017,"Actual Rows": 1,"Actual Loops": 118516,"Index Cond": "(l_orderkey = orders.o_orderkey)","Rows Removed by Index Recheck": 0,"Filter": "((l_shipdate >= '1995-01-01'::date) AND (l_shipdate <= '1996-12-31'::date))","Rows Removed by Filter": 3,"Workers": []}]},{"Node Type": "Hash","Parent Relationship": "Inner","Parallel Aware": false,"Async Capable": false,"Startup Cost": 354.10,"Total Cost": 354.10,"Plan Rows": 784,"Plan Width": 108,"Actual Startup Time": 8.447,"Actual Total Time": 8.459,"Actual Rows": 792,"Actual Loops": 3,"Hash Buckets": 1024,"Original Hash Buckets": 1024,"Hash Batches": 1,"Original Hash Batches": 1,"Peak Memory Usage": 56,"Workers": [],"Plans": [{"Node Type": "Hash Join","Parent Relationship": "Outer","Parallel Aware": false,"Async Capable": false,"Join Type": "Inner","Startup Cost": 1.40,"Total Cost": 354.10,"Plan Rows": 784,"Plan Width": 108,"Actual Startup Time": 0.078,"Actual Total Time": 8.260,"Actual Rows": 792,"Actual Loops": 3,"Inner Unique": true,"Hash Cond": "(supplier.s_nationkey = n1.n_nationkey)","Workers": [],"Plans": [{"Node Type": "Seq Scan","Parent Relationship": "Outer","Parallel Aware": false,"Async Capable": false,"Relation Name": "supplier","Alias": "supplier","Startup Cost": 0.00,"Total Cost": 322.00,"Plan Rows": 10000,"Plan Width": 8,"Actual Startup Time": 0.027,"Actual Total Time": 4.213,"Actual Rows": 10000,"Actual Loops": 3,"Workers": []},{"Node Type": "Hash","Parent Relationship": "Inner","Parallel Aware": false,"Async Capable": false,"Startup Cost": 1.38,"Total Cost": 1.38,"Plan Rows": 2,"Plan Width": 108,"Actual Startup Time": 0.013,"Actual Total Time": 0.017,"Actual Rows": 2,"Actual Loops": 3,"Hash Buckets": 1024,"Original Hash Buckets": 1024,"Hash Batches": 1,"Original Hash Batches": 1,"Peak Memory Usage": 9,"Workers": [],"Plans": [{"Node Type": "Seq Scan","Parent Relationship": "Outer","Parallel Aware": false,"Async Capable": false,"Relation Name": "nation","Alias": "n1","Startup Cost": 0.00,"Total Cost": 1.38,"Plan Rows": 2,"Plan Width": 108,"Actual Startup Time": 0.004,"Actual Total Time": 0.009,"Actual Rows": 2,"Actual Loops": 3,"Filter": "((n_name = 'EGYPT'::bpchar) OR (n_name = 'JAPAN'::bpchar))","Rows Removed by Filter": 23,"Workers": []}]}]}]}]}]}]}]}]},"Planning Time": 9.708,"Triggers": [],"Execution Time": 979.291}]
[{"Plan": {"Node Type": "Aggregate","Strategy": "Sorted","Partial Mode": "Finalize","Parallel Aware": false,"Async Capable": false,"Startup Cost": 72556.41,"Total Cost": 73352.71,"Plan Rows": 5893,"Plan Width": 272,"Actual Startup Time": 916.758,"Actual Total Time": 960.727,"Actual Rows": 4,"Actual Loops": 1,"Group Key": ["n1.n_name", "n2.n_name", "(EXTRACT(year FROM lineitem.l_shipdate))"],"Plans": [{"Node Type": "Gather Merge","Parent Relationship": "Outer","Parallel Aware": false,"Async Capable": false,"Startup Cost": 72556.41,"Total Cost": 73202.94,"Plan Rows": 4910,"Plan Width": 272,"Actual Startup Time": 916.399,"Actual Total Time": 960.642,"Actual Rows": 12,"Actual Loops": 1,"Workers Planned": 2,"Workers Launched": 2,"Plans": [{"Node Type": "Aggregate","Strategy": "Sorted","Partial Mode": "Partial","Parent Relationship": "Outer","Parallel Aware": false,"Async Capable": false,"Startup Cost": 71556.39,"Total Cost": 71636.18,"Plan Rows": 2455,"Plan Width": 272,"Actual Startup Time": 908.210,"Actual Total Time": 908.911,"Actual Rows": 4,"Actual Loops": 3,"Group Key": ["n1.n_name", "n2.n_name", "(EXTRACT(year FROM lineitem.l_shipdate))"],"Workers": [],"Plans": [{"Node Type": "Sort","Parent Relationship": "Outer","Parallel Aware": false,"Async Capable": false,"Startup Cost": 71556.39,"Total Cost": 71562.53,"Plan Rows": 2455,"Plan Width": 252,"Actual Startup Time": 907.952,"Actual Total Time": 908.064,"Actual Rows": 1980,"Actual Loops": 3,"Sort Key": ["n1.n_name", "n2.n_name", "(EXTRACT(year FROM lineitem.l_shipdate))"],"Sort Method": "quicksort","Sort Space Used": 268,"Sort Space Type": "Memory","Workers": [{"Worker Number": 0,"Sort Method": "quicksort","Sort Space Used": 261,"Sort Space Type": "Memory"},{"Worker Number": 1,"Sort Method": "quicksort","Sort Space Used": 266,"Sort Space Type": "Memory"}],"Plans": [{"Node Type": "Hash Join","Parent Relationship": "Outer","Parallel Aware": false,"Async Capable": false,"Join Type": "Inner","Startup Cost": 366.16,"Total Cost": 71418.15,"Plan Rows": 2455,"Plan Width": 252,"Actual Startup Time": 12.688,"Actual Total Time": 906.120,"Actual Rows": 1980,"Actual Loops": 3,"Inner Unique": false,"Hash Cond": "(lineitem.l_suppkey = supplier.s_suppkey)","Join Filter": "(((n1.n_name = 'GERMANY'::bpchar) AND (n2.n_name = 'ARGENTINA'::bpchar)) OR ((n1.n_name = 'ARGENTINA'::bpchar) AND (n2.n_name = 'GERMANY'::bpchar)))","Rows Removed by Join Filter": 1918,"Workers": [],"Plans": [{"Node Type": "Nested Loop","Parent Relationship": "Outer","Parallel Aware": false,"Async Capable": false,"Join Type": "Inner","Startup Cost": 2.26,"Total Cost": 70727.78,"Plan Rows": 60250,"Plan Width": 124,"Actual Startup Time": 0.697,"Actual Total Time": 888.678,"Actual Rows": 48614,"Actual Loops": 3,"Inner Unique": false,"Workers": [],"Plans": [{"Node Type": "Nested Loop","Parent Relationship": "Outer","Parallel Aware": false,"Async Capable": false,"Join Type": "Inner","Startup Cost": 1.83,"Total Cost": 12400.01,"Plan Rows": 49000,"Plan Width": 108,"Actual Startup Time": 0.275,"Actual Total Time": 219.703,"Actual Rows": 39757,"Actual Loops": 3,"Inner Unique": false,"Workers": [],"Plans": [{"Node Type": "Hash Join","Parent Relationship": "Outer","Parallel Aware": false,"Async Capable": false,"Join Type": "Inner","Startup Cost": 1.40,"Total Cost": 4403.27,"Plan Rows": 4900,"Plan Width": 108,"Actual Startup Time": 0.166,"Actual Total Time": 42.990,"Actual Rows": 3961,"Actual Loops": 3,"Inner Unique": true,"Hash Cond": "(customer.c_nationkey = n2.n_nationkey)","Workers": [],"Plans": [{"Node Type": "Seq Scan","Parent Relationship": "Outer","Parallel Aware": true,"Async Capable": false,"Relation Name": "customer","Alias": "customer","Startup Cost": 0.00,"Total Cost": 4210.00,"Plan Rows": 62500,"Plan Width": 8,"Actual Startup Time": 0.019,"Actual Total Time": 9.087,"Actual Rows": 50000,"Actual Loops": 3,"Workers": []},{"Node Type": "Hash","Parent Relationship": "Inner","Parallel Aware": false,"Async Capable": false,"Startup Cost": 1.38,"Total Cost": 1.38,"Plan Rows": 2,"Plan Width": 108,"Actual Startup Time": 0.068,"Actual Total Time": 0.076,"Actual Rows": 2,"Actual Loops": 3,"Hash Buckets": 1024,"Original Hash Buckets": 1024,"Hash Batches": 1,"Original Hash Batches": 1,"Peak Memory Usage": 9,"Workers": [],"Plans": [{"Node Type": "Seq Scan","Parent Relationship": "Outer","Parallel Aware": false,"Async Capable": false,"Relation Name": "nation","Alias": "n2","Startup Cost": 0.00,"Total Cost": 1.38,"Plan Rows": 2,"Plan Width": 108,"Actual Startup Time": 0.051,"Actual Total Time": 0.059,"Actual Rows": 2,"Actual Loops": 3,"Filter": "((n_name = 'ARGENTINA'::bpchar) OR (n_name = 'GERMANY'::bpchar))","Rows Removed by Filter": 23,"Workers": []}]}]},{"Node Type": "Index Scan","Parent Relationship": "Inner","Parallel Aware": false,"Async Capable": false,"Scan Direction": "Forward","Index Name": "idx_orders_custkey","Relation Name": "orders","Alias": "orders","Startup Cost": 0.43,"Total Cost": 1.46,"Plan Rows": 17,"Plan Width": 8,"Actual Startup Time": 0.007,"Actual Total Time": 0.043,"Actual Rows": 10,"Actual Loops": 11883,"Index Cond": "(o_custkey = customer.c_custkey)","Rows Removed by Index Recheck": 0,"Workers": []}]},{"Node Type": "Index Scan","Parent Relationship": "Inner","Parallel Aware": false,"Async Capable": false,"Scan Direction": "Forward","Index Name": "idx_lineitem_orderkey","Relation Name": "lineitem","Alias": "lineitem","Startup Cost": 0.43,"Total Cost": 1.14,"Plan Rows": 5,"Plan Width": 24,"Actual Startup Time": 0.016,"Actual Total Time": 0.017,"Actual Rows": 1,"Actual Loops": 119271,"Index Cond": "(l_orderkey = orders.o_orderkey)","Rows Removed by Index Recheck": 0,"Filter": "((l_shipdate >= '1995-01-01'::date) AND (l_shipdate <= '1996-12-31'::date))","Rows Removed by Filter": 3,"Workers": []}]},{"Node Type": "Hash","Parent Relationship": "Inner","Parallel Aware": false,"Async Capable": false,"Startup Cost": 354.10,"Total Cost": 354.10,"Plan Rows": 784,"Plan Width": 108,"Actual Startup Time": 10.372,"Actual Total Time": 10.386,"Actual Rows": 809,"Actual Loops": 3,"Hash Buckets": 1024,"Original Hash Buckets": 1024,"Hash Batches": 1,"Original Hash Batches": 1,"Peak Memory Usage": 57,"Workers": [],"Plans": [{"Node Type": "Hash Join","Parent Relationship": "Outer","Parallel Aware": false,"Async Capable": false,"Join Type": "Inner","Startup Cost": 1.40,"Total Cost": 354.10,"Plan Rows": 784,"Plan Width": 108,"Actual Startup Time": 0.066,"Actual Total Time": 10.188,"Actual Rows": 809,"Actual Loops": 3,"Inner Unique": true,"Hash Cond": "(supplier.s_nationkey = n1.n_nationkey)","Workers": [],"Plans": [{"Node Type": "Seq Scan","Parent Relationship": "Outer","Parallel Aware": false,"Async Capable": false,"Relation Name": "supplier","Alias": "supplier","Startup Cost": 0.00,"Total Cost": 322.00,"Plan Rows": 10000,"Plan Width": 8,"Actual Startup Time": 0.030,"Actual Total Time": 4.200,"Actual Rows": 10000,"Actual Loops": 3,"Workers": []},{"Node Type": "Hash","Parent Relationship": "Inner","Parallel Aware": false,"Async Capable": false,"Startup Cost": 1.38,"Total Cost": 1.38,"Plan Rows": 2,"Plan Width": 108,"Actual Startup Time": 0.011,"Actual Total Time": 0.016,"Actual Rows": 2,"Actual Loops": 3,"Hash Buckets": 1024,"Original Hash Buckets": 1024,"Hash Batches": 1,"Original Hash Batches": 1,"Peak Memory Usage": 9,"Workers": [],"Plans": [{"Node Type": "Seq Scan","Parent Relationship": "Outer","Parallel Aware": false,"Async Capable": false,"Relation Name": "nation","Alias": "n1","Startup Cost": 0.00,"Total Cost": 1.38,"Plan Rows": 2,"Plan Width": 108,"Actual Startup Time": 0.003,"Actual Total Time": 0.008,"Actual Rows": 2,"Actual Loops": 3,"Filter": "((n_name = 'GERMANY'::bpchar) OR (n_name = 'ARGENTINA'::bpchar))","Rows Removed by Filter": 23,"Workers": []}]}]}]}]}]}]}]}]},"Planning Time": 9.896,"Triggers": [],"Execution Time": 961.143}]
[{"Plan": {"Node Type": "Aggregate","Strategy": "Sorted","Partial Mode": "Finalize","Parallel Aware": false,"Async Capable": false,"Startup Cost": 72556.41,"Total Cost": 73352.71,"Plan Rows": 5893,"Plan Width": 272,"Actual Startup Time": 925.702,"Actual Total Time": 981.399,"Actual Rows": 4,"Actual Loops": 1,"Group Key": ["n1.n_name", "n2.n_name", "(EXTRACT(year FROM lineitem.l_shipdate))"],"Plans": [{"Node Type": "Gather Merge","Parent Relationship": "Outer","Parallel Aware": false,"Async Capable": false,"Startup Cost": 72556.41,"Total Cost": 73202.94,"Plan Rows": 4910,"Plan Width": 272,"Actual Startup Time": 924.966,"Actual Total Time": 981.308,"Actual Rows": 12,"Actual Loops": 1,"Workers Planned": 2,"Workers Launched": 2,"Plans": [{"Node Type": "Aggregate","Strategy": "Sorted","Partial Mode": "Partial","Parent Relationship": "Outer","Parallel Aware": false,"Async Capable": false,"Startup Cost": 71556.39,"Total Cost": 71636.18,"Plan Rows": 2455,"Plan Width": 272,"Actual Startup Time": 916.536,"Actual Total Time": 917.393,"Actual Rows": 4,"Actual Loops": 3,"Group Key": ["n1.n_name", "n2.n_name", "(EXTRACT(year FROM lineitem.l_shipdate))"],"Workers": [],"Plans": [{"Node Type": "Sort","Parent Relationship": "Outer","Parallel Aware": false,"Async Capable": false,"Startup Cost": 71556.39,"Total Cost": 71562.53,"Plan Rows": 2455,"Plan Width": 252,"Actual Startup Time": 916.276,"Actual Total Time": 916.405,"Actual Rows": 1868,"Actual Loops": 3,"Sort Key": ["n1.n_name", "n2.n_name", "(EXTRACT(year FROM lineitem.l_shipdate))"],"Sort Method": "quicksort","Sort Space Used": 253,"Sort Space Type": "Memory","Workers": [{"Worker Number": 0,"Sort Method": "quicksort","Sort Space Used": 257,"Sort Space Type": "Memory"},{"Worker Number": 1,"Sort Method": "quicksort","Sort Space Used": 248,"Sort Space Type": "Memory"}],"Plans": [{"Node Type": "Hash Join","Parent Relationship": "Outer","Parallel Aware": false,"Async Capable": false,"Join Type": "Inner","Startup Cost": 366.16,"Total Cost": 71418.15,"Plan Rows": 2455,"Plan Width": 252,"Actual Startup Time": 9.481,"Actual Total Time": 914.531,"Actual Rows": 1868,"Actual Loops": 3,"Inner Unique": false,"Hash Cond": "(lineitem.l_suppkey = supplier.s_suppkey)","Join Filter": "(((n1.n_name = 'GERMANY'::bpchar) AND (n2.n_name = 'JORDAN'::bpchar)) OR ((n1.n_name = 'JORDAN'::bpchar) AND (n2.n_name = 'GERMANY'::bpchar)))","Rows Removed by Join Filter": 1839,"Workers": [],"Plans": [{"Node Type": "Nested Loop","Parent Relationship": "Outer","Parallel Aware": false,"Async Capable": false,"Join Type": "Inner","Startup Cost": 2.26,"Total Cost": 70727.78,"Plan Rows": 60250,"Plan Width": 124,"Actual Startup Time": 0.788,"Actual Total Time": 899.206,"Actual Rows": 49069,"Actual Loops": 3,"Inner Unique": false,"Workers": [],"Plans": [{"Node Type": "Nested Loop","Parent Relationship": "Outer","Parallel Aware": false,"Async Capable": false,"Join Type": "Inner","Startup Cost": 1.83,"Total Cost": 12400.01,"Plan Rows": 49000,"Plan Width": 108,"Actual Startup Time": 0.312,"Actual Total Time": 224.266,"Actual Rows": 40153,"Actual Loops": 3,"Inner Unique": false,"Workers": [],"Plans": [{"Node Type": "Hash Join","Parent Relationship": "Outer","Parallel Aware": false,"Async Capable": false,"Join Type": "Inner","Startup Cost": 1.40,"Total Cost": 4403.27,"Plan Rows": 4900,"Plan Width": 108,"Actual Startup Time": 0.179,"Actual Total Time": 46.092,"Actual Rows": 3980,"Actual Loops": 3,"Inner Unique": true,"Hash Cond": "(customer.c_nationkey = n2.n_nationkey)","Workers": [],"Plans": [{"Node Type": "Seq Scan","Parent Relationship": "Outer","Parallel Aware": true,"Async Capable": false,"Relation Name": "customer","Alias": "customer","Startup Cost": 0.00,"Total Cost": 4210.00,"Plan Rows": 62500,"Plan Width": 8,"Actual Startup Time": 0.014,"Actual Total Time": 9.683,"Actual Rows": 50000,"Actual Loops": 3,"Workers": []},{"Node Type": "Hash","Parent Relationship": "Inner","Parallel Aware": false,"Async Capable": false,"Startup Cost": 1.38,"Total Cost": 1.38,"Plan Rows": 2,"Plan Width": 108,"Actual Startup Time": 0.078,"Actual Total Time": 0.082,"Actual Rows": 2,"Actual Loops": 3,"Hash Buckets": 1024,"Original Hash Buckets": 1024,"Hash Batches": 1,"Original Hash Batches": 1,"Peak Memory Usage": 9,"Workers": [],"Plans": [{"Node Type": "Seq Scan","Parent Relationship": "Outer","Parallel Aware": false,"Async Capable": false,"Relation Name": "nation","Alias": "n2","Startup Cost": 0.00,"Total Cost": 1.38,"Plan Rows": 2,"Plan Width": 108,"Actual Startup Time": 0.058,"Actual Total Time": 0.064,"Actual Rows": 2,"Actual Loops": 3,"Filter": "((n_name = 'JORDAN'::bpchar) OR (n_name = 'GERMANY'::bpchar))","Rows Removed by Filter": 23,"Workers": []}]}]},{"Node Type": "Index Scan","Parent Relationship": "Inner","Parallel Aware": false,"Async Capable": false,"Scan Direction": "Forward","Index Name": "idx_orders_custkey","Relation Name": "orders","Alias": "orders","Startup Cost": 0.43,"Total Cost": 1.46,"Plan Rows": 17,"Plan Width": 8,"Actual Startup Time": 0.007,"Actual Total Time": 0.043,"Actual Rows": 10,"Actual Loops": 11941,"Index Cond": "(o_custkey = customer.c_custkey)","Rows Removed by Index Recheck": 0,"Workers": []}]},{"Node Type": "Index Scan","Parent Relationship": "Inner","Parallel Aware": false,"Async Capable": false,"Scan Direction": "Forward","Index Name": "idx_lineitem_orderkey","Relation Name": "lineitem","Alias": "lineitem","Startup Cost": 0.43,"Total Cost": 1.14,"Plan Rows": 5,"Plan Width": 24,"Actual Startup Time": 0.016,"Actual Total Time": 0.017,"Actual Rows": 1,"Actual Loops": 120460,"Index Cond": "(l_orderkey = orders.o_orderkey)","Rows Removed by Index Recheck": 0,"Filter": "((l_shipdate >= '1995-01-01'::date) AND (l_shipdate <= '1996-12-31'::date))","Rows Removed by Filter": 3,"Workers": []}]},{"Node Type": "Hash","Parent Relationship": "Inner","Parallel Aware": false,"Async Capable": false,"Startup Cost": 354.10,"Total Cost": 354.10,"Plan Rows": 784,"Plan Width": 108,"Actual Startup Time": 7.964,"Actual Total Time": 7.978,"Actual Rows": 758,"Actual Loops": 3,"Hash Buckets": 1024,"Original Hash Buckets": 1024,"Hash Batches": 1,"Original Hash Batches": 1,"Peak Memory Usage": 54,"Workers": [],"Plans": [{"Node Type": "Hash Join","Parent Relationship": "Outer","Parallel Aware": false,"Async Capable": false,"Join Type": "Inner","Startup Cost": 1.40,"Total Cost": 354.10,"Plan Rows": 784,"Plan Width": 108,"Actual Startup Time": 0.099,"Actual Total Time": 7.776,"Actual Rows": 758,"Actual Loops": 3,"Inner Unique": true,"Hash Cond": "(supplier.s_nationkey = n1.n_nationkey)","Workers": [],"Plans": [{"Node Type": "Seq Scan","Parent Relationship": "Outer","Parallel Aware": false,"Async Capable": false,"Relation Name": "supplier","Alias": "supplier","Startup Cost": 0.00,"Total Cost": 322.00,"Plan Rows": 10000,"Plan Width": 8,"Actual Startup Time": 0.029,"Actual Total Time": 4.375,"Actual Rows": 10000,"Actual Loops": 3,"Workers": []},{"Node Type": "Hash","Parent Relationship": "Inner","Parallel Aware": false,"Async Capable": false,"Startup Cost": 1.38,"Total Cost": 1.38,"Plan Rows": 2,"Plan Width": 108,"Actual Startup Time": 0.019,"Actual Total Time": 0.024,"Actual Rows": 2,"Actual Loops": 3,"Hash Buckets": 1024,"Original Hash Buckets": 1024,"Hash Batches": 1,"Original Hash Batches": 1,"Peak Memory Usage": 9,"Workers": [],"Plans": [{"Node Type": "Seq Scan","Parent Relationship": "Outer","Parallel Aware": false,"Async Capable": false,"Relation Name": "nation","Alias": "n1","Startup Cost": 0.00,"Total Cost": 1.38,"Plan Rows": 2,"Plan Width": 108,"Actual Startup Time": 0.006,"Actual Total Time": 0.013,"Actual Rows": 2,"Actual Loops": 3,"Filter": "((n_name = 'GERMANY'::bpchar) OR (n_name = 'JORDAN'::bpchar))","Rows Removed by Filter": 23,"Workers": []}]}]}]}]}]}]}]}]},"Planning Time": 9.534,"Triggers": [],"Execution Time": 981.783}]
[{"Plan": {"Node Type": "Aggregate","Strategy": "Sorted","Partial Mode": "Finalize","Parallel Aware": false,"Async Capable": false,"Startup Cost": 72556.41,"Total Cost": 73352.71,"Plan Rows": 5893,"Plan Width": 272,"Actual Startup Time": 941.718,"Actual Total Time": 998.375,"Actual Rows": 4,"Actual Loops": 1,"Group Key": ["n1.n_name", "n2.n_name", "(EXTRACT(year FROM lineitem.l_shipdate))"],"Plans": [{"Node Type": "Gather Merge","Parent Relationship": "Outer","Parallel Aware": false,"Async Capable": false,"Startup Cost": 72556.41,"Total Cost": 73202.94,"Plan Rows": 4910,"Plan Width": 272,"Actual Startup Time": 941.200,"Actual Total Time": 998.312,"Actual Rows": 12,"Actual Loops": 1,"Workers Planned": 2,"Workers Launched": 2,"Plans": [{"Node Type": "Aggregate","Strategy": "Sorted","Partial Mode": "Partial","Parent Relationship": "Outer","Parallel Aware": false,"Async Capable": false,"Startup Cost": 71556.39,"Total Cost": 71636.18,"Plan Rows": 2455,"Plan Width": 272,"Actual Startup Time": 932.933,"Actual Total Time": 933.718,"Actual Rows": 4,"Actual Loops": 3,"Group Key": ["n1.n_name", "n2.n_name", "(EXTRACT(year FROM lineitem.l_shipdate))"],"Workers": [],"Plans": [{"Node Type": "Sort","Parent Relationship": "Outer","Parallel Aware": false,"Async Capable": false,"Startup Cost": 71556.39,"Total Cost": 71562.53,"Plan Rows": 2455,"Plan Width": 252,"Actual Startup Time": 932.660,"Actual Total Time": 932.780,"Actual Rows": 1971,"Actual Loops": 3,"Sort Key": ["n1.n_name", "n2.n_name", "(EXTRACT(year FROM lineitem.l_shipdate))"],"Sort Method": "quicksort","Sort Space Used": 262,"Sort Space Type": "Memory","Workers": [{"Worker Number": 0,"Sort Method": "quicksort","Sort Space Used": 259,"Sort Space Type": "Memory"},{"Worker Number": 1,"Sort Method": "quicksort","Sort Space Used": 271,"Sort Space Type": "Memory"}],"Plans": [{"Node Type": "Hash Join","Parent Relationship": "Outer","Parallel Aware": false,"Async Capable": false,"Join Type": "Inner","Startup Cost": 366.16,"Total Cost": 71418.15,"Plan Rows": 2455,"Plan Width": 252,"Actual Startup Time": 8.298,"Actual Total Time": 930.828,"Actual Rows": 1971,"Actual Loops": 3,"Inner Unique": false,"Hash Cond": "(lineitem.l_suppkey = supplier.s_suppkey)","Join Filter": "(((n1.n_name = 'CHINA'::bpchar) AND (n2.n_name = 'ROMANIA'::bpchar)) OR ((n1.n_name = 'ROMANIA'::bpchar) AND (n2.n_name = 'CHINA'::bpchar)))","Rows Removed by Join Filter": 1969,"Workers": [],"Plans": [{"Node Type": "Nested Loop","Parent Relationship": "Outer","Parallel Aware": false,"Async Capable": false,"Join Type": "Inner","Startup Cost": 2.26,"Total Cost": 70727.78,"Plan Rows": 60250,"Plan Width": 124,"Actual Startup Time": 0.790,"Actual Total Time": 916.338,"Actual Rows": 49315,"Actual Loops": 3,"Inner Unique": false,"Workers": [],"Plans": [{"Node Type": "Nested Loop","Parent Relationship": "Outer","Parallel Aware": false,"Async Capable": false,"Join Type": "Inner","Startup Cost": 1.83,"Total Cost": 12400.01,"Plan Rows": 49000,"Plan Width": 108,"Actual Startup Time": 0.310,"Actual Total Time": 230.715,"Actual Rows": 40599,"Actual Loops": 3,"Inner Unique": false,"Workers": [],"Plans": [{"Node Type": "Hash Join","Parent Relationship": "Outer","Parallel Aware": false,"Async Capable": false,"Join Type": "Inner","Startup Cost": 1.40,"Total Cost": 4403.27,"Plan Rows": 4900,"Plan Width": 108,"Actual Startup Time": 0.179,"Actual Total Time": 47.965,"Actual Rows": 4041,"Actual Loops": 3,"Inner Unique": true,"Hash Cond": "(customer.c_nationkey = n2.n_nationkey)","Workers": [],"Plans": [{"Node Type": "Seq Scan","Parent Relationship": "Outer","Parallel Aware": true,"Async Capable": false,"Relation Name": "customer","Alias": "customer","Startup Cost": 0.00,"Total Cost": 4210.00,"Plan Rows": 62500,"Plan Width": 8,"Actual Startup Time": 0.013,"Actual Total Time": 9.522,"Actual Rows": 50000,"Actual Loops": 3,"Workers": []},{"Node Type": "Hash","Parent Relationship": "Inner","Parallel Aware": false,"Async Capable": false,"Startup Cost": 1.38,"Total Cost": 1.38,"Plan Rows": 2,"Plan Width": 108,"Actual Startup Time": 0.068,"Actual Total Time": 0.074,"Actual Rows": 2,"Actual Loops": 3,"Hash Buckets": 1024,"Original Hash Buckets": 1024,"Hash Batches": 1,"Original Hash Batches": 1,"Peak Memory Usage": 9,"Workers": [],"Plans": [{"Node Type": "Seq Scan","Parent Relationship": "Outer","Parallel Aware": false,"Async Capable": false,"Relation Name": "nation","Alias": "n2","Startup Cost": 0.00,"Total Cost": 1.38,"Plan Rows": 2,"Plan Width": 108,"Actual Startup Time": 0.047,"Actual Total Time": 0.051,"Actual Rows": 2,"Actual Loops": 3,"Filter": "((n_name = 'ROMANIA'::bpchar) OR (n_name = 'CHINA'::bpchar))","Rows Removed by Filter": 23,"Workers": []}]}]},{"Node Type": "Index Scan","Parent Relationship": "Inner","Parallel Aware": false,"Async Capable": false,"Scan Direction": "Forward","Index Name": "idx_orders_custkey","Relation Name": "orders","Alias": "orders","Startup Cost": 0.43,"Total Cost": 1.46,"Plan Rows": 17,"Plan Width": 8,"Actual Startup Time": 0.007,"Actual Total Time": 0.044,"Actual Rows": 10,"Actual Loops": 12124,"Index Cond": "(o_custkey = customer.c_custkey)","Rows Removed by Index Recheck": 0,"Workers": []}]},{"Node Type": "Index Scan","Parent Relationship": "Inner","Parallel Aware": false,"Async Capable": false,"Scan Direction": "Forward","Index Name": "idx_lineitem_orderkey","Relation Name": "lineitem","Alias": "lineitem","Startup Cost": 0.43,"Total Cost": 1.14,"Plan Rows": 5,"Plan Width": 24,"Actual Startup Time": 0.016,"Actual Total Time": 0.017,"Actual Rows": 1,"Actual Loops": 121796,"Index Cond": "(l_orderkey = orders.o_orderkey)","Rows Removed by Index Recheck": 0,"Filter": "((l_shipdate >= '1995-01-01'::date) AND (l_shipdate <= '1996-12-31'::date))","Rows Removed by Filter": 3,"Workers": []}]},{"Node Type": "Hash","Parent Relationship": "Inner","Parallel Aware": false,"Async Capable": false,"Startup Cost": 354.10,"Total Cost": 354.10,"Plan Rows": 784,"Plan Width": 108,"Actual Startup Time": 7.298,"Actual Total Time": 7.312,"Actual Rows": 805,"Actual Loops": 3,"Hash Buckets": 1024,"Original Hash Buckets": 1024,"Hash Batches": 1,"Original Hash Batches": 1,"Peak Memory Usage": 57,"Workers": [],"Plans": [{"Node Type": "Hash Join","Parent Relationship": "Outer","Parallel Aware": false,"Async Capable": false,"Join Type": "Inner","Startup Cost": 1.40,"Total Cost": 354.10,"Plan Rows": 784,"Plan Width": 108,"Actual Startup Time": 0.062,"Actual Total Time": 7.140,"Actual Rows": 805,"Actual Loops": 3,"Inner Unique": true,"Hash Cond": "(supplier.s_nationkey = n1.n_nationkey)","Workers": [],"Plans": [{"Node Type": "Seq Scan","Parent Relationship": "Outer","Parallel Aware": false,"Async Capable": false,"Relation Name": "supplier","Alias": "supplier","Startup Cost": 0.00,"Total Cost": 322.00,"Plan Rows": 10000,"Plan Width": 8,"Actual Startup Time": 0.022,"Actual Total Time": 3.403,"Actual Rows": 10000,"Actual Loops": 3,"Workers": []},{"Node Type": "Hash","Parent Relationship": "Inner","Parallel Aware": false,"Async Capable": false,"Startup Cost": 1.38,"Total Cost": 1.38,"Plan Rows": 2,"Plan Width": 108,"Actual Startup Time": 0.012,"Actual Total Time": 0.017,"Actual Rows": 2,"Actual Loops": 3,"Hash Buckets": 1024,"Original Hash Buckets": 1024,"Hash Batches": 1,"Original Hash Batches": 1,"Peak Memory Usage": 9,"Workers": [],"Plans": [{"Node Type": "Seq Scan","Parent Relationship": "Outer","Parallel Aware": false,"Async Capable": false,"Relation Name": "nation","Alias": "n1","Startup Cost": 0.00,"Total Cost": 1.38,"Plan Rows": 2,"Plan Width": 108,"Actual Startup Time": 0.005,"Actual Total Time": 0.008,"Actual Rows": 2,"Actual Loops": 3,"Filter": "((n_name = 'CHINA'::bpchar) OR (n_name = 'ROMANIA'::bpchar))","Rows Removed by Filter": 23,"Workers": []}]}]}]}]}]}]}]}]},"Planning Time": 9.257,"Triggers": [],"Execution Time": 998.814}]
[{"Plan": {"Node Type": "Aggregate","Strategy": "Sorted","Partial Mode": "Finalize","Parallel Aware": false,"Async Capable": false,"Startup Cost": 72556.41,"Total Cost": 73352.71,"Plan Rows": 5893,"Plan Width": 272,"Actual Startup Time": 943.094,"Actual Total Time": 987.130,"Actual Rows": 4,"Actual Loops": 1,"Group Key": ["n1.n_name", "n2.n_name", "(EXTRACT(year FROM lineitem.l_shipdate))"],"Plans": [{"Node Type": "Gather Merge","Parent Relationship": "Outer","Parallel Aware": false,"Async Capable": false,"Startup Cost": 72556.41,"Total Cost": 73202.94,"Plan Rows": 4910,"Plan Width": 272,"Actual Startup Time": 942.628,"Actual Total Time": 987.037,"Actual Rows": 12,"Actual Loops": 1,"Workers Planned": 2,"Workers Launched": 2,"Plans": [{"Node Type": "Aggregate","Strategy": "Sorted","Partial Mode": "Partial","Parent Relationship": "Outer","Parallel Aware": false,"Async Capable": false,"Startup Cost": 71556.39,"Total Cost": 71636.18,"Plan Rows": 2455,"Plan Width": 272,"Actual Startup Time": 933.713,"Actual Total Time": 934.466,"Actual Rows": 4,"Actual Loops": 3,"Group Key": ["n1.n_name", "n2.n_name", "(EXTRACT(year FROM lineitem.l_shipdate))"],"Workers": [],"Plans": [{"Node Type": "Sort","Parent Relationship": "Outer","Parallel Aware": false,"Async Capable": false,"Startup Cost": 71556.39,"Total Cost": 71562.53,"Plan Rows": 2455,"Plan Width": 252,"Actual Startup Time": 933.429,"Actual Total Time": 933.546,"Actual Rows": 2014,"Actual Loops": 3,"Sort Key": ["n1.n_name", "n2.n_name", "(EXTRACT(year FROM lineitem.l_shipdate))"],"Sort Method": "quicksort","Sort Space Used": 328,"Sort Space Type": "Memory","Workers": [{"Worker Number": 0,"Sort Method": "quicksort","Sort Space Used": 258,"Sort Space Type": "Memory"},{"Worker Number": 1,"Sort Method": "quicksort","Sort Space Used": 269,"Sort Space Type": "Memory"}],"Plans": [{"Node Type": "Hash Join","Parent Relationship": "Outer","Parallel Aware": false,"Async Capable": false,"Join Type": "Inner","Startup Cost": 366.16,"Total Cost": 71418.15,"Plan Rows": 2455,"Plan Width": 252,"Actual Startup Time": 12.830,"Actual Total Time": 931.570,"Actual Rows": 2014,"Actual Loops": 3,"Inner Unique": false,"Hash Cond": "(lineitem.l_suppkey = supplier.s_suppkey)","Join Filter": "(((n1.n_name = 'CANADA'::bpchar) AND (n2.n_name = 'FRANCE'::bpchar)) OR ((n1.n_name = 'FRANCE'::bpchar) AND (n2.n_name = 'CANADA'::bpchar)))","Rows Removed by Join Filter": 2002,"Workers": [],"Plans": [{"Node Type": "Nested Loop","Parent Relationship": "Outer","Parallel Aware": false,"Async Capable": false,"Join Type": "Inner","Startup Cost": 2.26,"Total Cost": 70727.78,"Plan Rows": 60250,"Plan Width": 124,"Actual Startup Time": 0.552,"Actual Total Time": 913.144,"Actual Rows": 49693,"Actual Loops": 3,"Inner Unique": false,"Workers": [],"Plans": [{"Node Type": "Nested Loop","Parent Relationship": "Outer","Parallel Aware": false,"Async Capable": false,"Join Type": "Inner","Startup Cost": 1.83,"Total Cost": 12400.01,"Plan Rows": 49000,"Plan Width": 108,"Actual Startup Time": 0.322,"Actual Total Time": 226.435,"Actual Rows": 40693,"Actual Loops": 3,"Inner Unique": false,"Workers": [],"Plans": [{"Node Type": "Hash Join","Parent Relationship": "Outer","Parallel Aware": false,"Async Capable": false,"Join Type": "Inner","Startup Cost": 1.40,"Total Cost": 4403.27,"Plan Rows": 4900,"Plan Width": 108,"Actual Startup Time": 0.210,"Actual Total Time": 45.777,"Actual Rows": 4040,"Actual Loops": 3,"Inner Unique": true,"Hash Cond": "(customer.c_nationkey = n2.n_nationkey)","Workers": [],"Plans": [{"Node Type": "Seq Scan","Parent Relationship": "Outer","Parallel Aware": true,"Async Capable": false,"Relation Name": "customer","Alias": "customer","Startup Cost": 0.00,"Total Cost": 4210.00,"Plan Rows": 62500,"Plan Width": 8,"Actual Startup Time": 0.016,"Actual Total Time": 9.066,"Actual Rows": 50000,"Actual Loops": 3,"Workers": []},{"Node Type": "Hash","Parent Relationship": "Inner","Parallel Aware": false,"Async Capable": false,"Startup Cost": 1.38,"Total Cost": 1.38,"Plan Rows": 2,"Plan Width": 108,"Actual Startup Time": 0.078,"Actual Total Time": 0.084,"Actual Rows": 2,"Actual Loops": 3,"Hash Buckets": 1024,"Original Hash Buckets": 1024,"Hash Batches": 1,"Original Hash Batches": 1,"Peak Memory Usage": 9,"Workers": [],"Plans": [{"Node Type": "Seq Scan","Parent Relationship": "Outer","Parallel Aware": false,"Async Capable": false,"Relation Name": "nation","Alias": "n2","Startup Cost": 0.00,"Total Cost": 1.38,"Plan Rows": 2,"Plan Width": 108,"Actual Startup Time": 0.052,"Actual Total Time": 0.062,"Actual Rows": 2,"Actual Loops": 3,"Filter": "((n_name = 'FRANCE'::bpchar) OR (n_name = 'CANADA'::bpchar))","Rows Removed by Filter": 23,"Workers": []}]}]},{"Node Type": "Index Scan","Parent Relationship": "Inner","Parallel Aware": false,"Async Capable": false,"Scan Direction": "Forward","Index Name": "idx_orders_custkey","Relation Name": "orders","Alias": "orders","Startup Cost": 0.43,"Total Cost": 1.46,"Plan Rows": 17,"Plan Width": 8,"Actual Startup Time": 0.007,"Actual Total Time": 0.043,"Actual Rows": 10,"Actual Loops": 12120,"Index Cond": "(o_custkey = customer.c_custkey)","Rows Removed by Index Recheck": 0,"Workers": []}]},{"Node Type": "Index Scan","Parent Relationship": "Inner","Parallel Aware": false,"Async Capable": false,"Scan Direction": "Forward","Index Name": "idx_lineitem_orderkey","Relation Name": "lineitem","Alias": "lineitem","Startup Cost": 0.43,"Total Cost": 1.14,"Plan Rows": 5,"Plan Width": 24,"Actual Startup Time": 0.016,"Actual Total Time": 0.017,"Actual Rows": 1,"Actual Loops": 122080,"Index Cond": "(l_orderkey = orders.o_orderkey)","Rows Removed by Index Recheck": 0,"Filter": "((l_shipdate >= '1995-01-01'::date) AND (l_shipdate <= '1996-12-31'::date))","Rows Removed by Filter": 3,"Workers": []}]},{"Node Type": "Hash","Parent Relationship": "Inner","Parallel Aware": false,"Async Capable": false,"Startup Cost": 354.10,"Total Cost": 354.10,"Plan Rows": 784,"Plan Width": 108,"Actual Startup Time": 11.281,"Actual Total Time": 11.297,"Actual Rows": 814,"Actual Loops": 3,"Hash Buckets": 1024,"Original Hash Buckets": 1024,"Hash Batches": 1,"Original Hash Batches": 1,"Peak Memory Usage": 58,"Workers": [],"Plans": [{"Node Type": "Hash Join","Parent Relationship": "Outer","Parallel Aware": false,"Async Capable": false,"Join Type": "Inner","Startup Cost": 1.40,"Total Cost": 354.10,"Plan Rows": 784,"Plan Width": 108,"Actual Startup Time": 0.098,"Actual Total Time": 11.093,"Actual Rows": 814,"Actual Loops": 3,"Inner Unique": true,"Hash Cond": "(supplier.s_nationkey = n1.n_nationkey)","Workers": [],"Plans": [{"Node Type": "Seq Scan","Parent Relationship": "Outer","Parallel Aware": false,"Async Capable": false,"Relation Name": "supplier","Alias": "supplier","Startup Cost": 0.00,"Total Cost": 322.00,"Plan Rows": 10000,"Plan Width": 8,"Actual Startup Time": 0.033,"Actual Total Time": 4.469,"Actual Rows": 10000,"Actual Loops": 3,"Workers": []},{"Node Type": "Hash","Parent Relationship": "Inner","Parallel Aware": false,"Async Capable": false,"Startup Cost": 1.38,"Total Cost": 1.38,"Plan Rows": 2,"Plan Width": 108,"Actual Startup Time": 0.019,"Actual Total Time": 0.024,"Actual Rows": 2,"Actual Loops": 3,"Hash Buckets": 1024,"Original Hash Buckets": 1024,"Hash Batches": 1,"Original Hash Batches": 1,"Peak Memory Usage": 9,"Workers": [],"Plans": [{"Node Type": "Seq Scan","Parent Relationship": "Outer","Parallel Aware": false,"Async Capable": false,"Relation Name": "nation","Alias": "n1","Startup Cost": 0.00,"Total Cost": 1.38,"Plan Rows": 2,"Plan Width": 108,"Actual Startup Time": 0.005,"Actual Total Time": 0.014,"Actual Rows": 2,"Actual Loops": 3,"Filter": "((n_name = 'CANADA'::bpchar) OR (n_name = 'FRANCE'::bpchar))","Rows Removed by Filter": 23,"Workers": []}]}]}]}]}]}]}]}]},"Planning Time": 10.548,"Triggers": [],"Execution Time": 987.573}]
[{"Plan": {"Node Type": "Aggregate","Strategy": "Sorted","Partial Mode": "Finalize","Parallel Aware": false,"Async Capable": false,"Startup Cost": 72556.41,"Total Cost": 73352.71,"Plan Rows": 5893,"Plan Width": 272,"Actual Startup Time": 929.191,"Actual Total Time": 974.369,"Actual Rows": 4,"Actual Loops": 1,"Group Key": ["n1.n_name", "n2.n_name", "(EXTRACT(year FROM lineitem.l_shipdate))"],"Plans": [{"Node Type": "Gather Merge","Parent Relationship": "Outer","Parallel Aware": false,"Async Capable": false,"Startup Cost": 72556.41,"Total Cost": 73202.94,"Plan Rows": 4910,"Plan Width": 272,"Actual Startup Time": 928.475,"Actual Total Time": 974.289,"Actual Rows": 12,"Actual Loops": 1,"Workers Planned": 2,"Workers Launched": 2,"Plans": [{"Node Type": "Aggregate","Strategy": "Sorted","Partial Mode": "Partial","Parent Relationship": "Outer","Parallel Aware": false,"Async Capable": false,"Startup Cost": 71556.39,"Total Cost": 71636.18,"Plan Rows": 2455,"Plan Width": 272,"Actual Startup Time": 920.708,"Actual Total Time": 921.570,"Actual Rows": 4,"Actual Loops": 3,"Group Key": ["n1.n_name", "n2.n_name", "(EXTRACT(year FROM lineitem.l_shipdate))"],"Workers": [],"Plans": [{"Node Type": "Sort","Parent Relationship": "Outer","Parallel Aware": false,"Async Capable": false,"Startup Cost": 71556.39,"Total Cost": 71562.53,"Plan Rows": 2455,"Plan Width": 252,"Actual Startup Time": 920.425,"Actual Total Time": 920.540,"Actual Rows": 2034,"Actual Loops": 3,"Sort Key": ["n1.n_name", "n2.n_name", "(EXTRACT(year FROM lineitem.l_shipdate))"],"Sort Method": "quicksort","Sort Space Used": 326,"Sort Space Type": "Memory","Workers": [{"Worker Number": 0,"Sort Method": "quicksort","Sort Space Used": 264,"Sort Space Type": "Memory"},{"Worker Number": 1,"Sort Method": "quicksort","Sort Space Used": 271,"Sort Space Type": "Memory"}],"Plans": [{"Node Type": "Hash Join","Parent Relationship": "Outer","Parallel Aware": false,"Async Capable": false,"Join Type": "Inner","Startup Cost": 366.16,"Total Cost": 71418.15,"Plan Rows": 2455,"Plan Width": 252,"Actual Startup Time": 13.296,"Actual Total Time": 918.591,"Actual Rows": 2034,"Actual Loops": 3,"Inner Unique": false,"Hash Cond": "(lineitem.l_suppkey = supplier.s_suppkey)","Join Filter": "(((n1.n_name = 'ALGERIA'::bpchar) AND (n2.n_name = 'RUSSIA'::bpchar)) OR ((n1.n_name = 'RUSSIA'::bpchar) AND (n2.n_name = 'ALGERIA'::bpchar)))","Rows Removed by Join Filter": 2046,"Workers": [],"Plans": [{"Node Type": "Nested Loop","Parent Relationship": "Outer","Parallel Aware": false,"Async Capable": false,"Join Type": "Inner","Startup Cost": 2.26,"Total Cost": 70727.78,"Plan Rows": 60250,"Plan Width": 124,"Actual Startup Time": 0.714,"Actual Total Time": 900.179,"Actual Rows": 49171,"Actual Loops": 3,"Inner Unique": false,"Workers": [],"Plans": [{"Node Type": "Nested Loop","Parent Relationship": "Outer","Parallel Aware": false,"Async Capable": false,"Join Type": "Inner","Startup Cost": 1.83,"Total Cost": 12400.01,"Plan Rows": 49000,"Plan Width": 108,"Actual Startup Time": 0.377,"Actual Total Time": 221.980,"Actual Rows": 40372,"Actual Loops": 3,"Inner Unique": false,"Workers": [],"Plans": [{"Node Type": "Hash Join","Parent Relationship": "Outer","Parallel Aware": false,"Async Capable": false,"Join Type": "Inner","Startup Cost": 1.40,"Total Cost": 4403.27,"Plan Rows": 4900,"Plan Width": 108,"Actual Startup Time": 0.230,"Actual Total Time": 44.573,"Actual Rows": 4001,"Actual Loops": 3,"Inner Unique": true,"Hash Cond": "(customer.c_nationkey = n2.n_nationkey)","Workers": [],"Plans": [{"Node Type": "Seq Scan","Parent Relationship": "Outer","Parallel Aware": true,"Async Capable": false,"Relation Name": "customer","Alias": "customer","Startup Cost": 0.00,"Total Cost": 4210.00,"Plan Rows": 62500,"Plan Width": 8,"Actual Startup Time": 0.025,"Actual Total Time": 9.096,"Actual Rows": 50000,"Actual Loops": 3,"Workers": []},{"Node Type": "Hash","Parent Relationship": "Inner","Parallel Aware": false,"Async Capable": false,"Startup Cost": 1.38,"Total Cost": 1.38,"Plan Rows": 2,"Plan Width": 108,"Actual Startup Time": 0.100,"Actual Total Time": 0.107,"Actual Rows": 2,"Actual Loops": 3,"Hash Buckets": 1024,"Original Hash Buckets": 1024,"Hash Batches": 1,"Original Hash Batches": 1,"Peak Memory Usage": 9,"Workers": [],"Plans": [{"Node Type": "Seq Scan","Parent Relationship": "Outer","Parallel Aware": false,"Async Capable": false,"Relation Name": "nation","Alias": "n2","Startup Cost": 0.00,"Total Cost": 1.38,"Plan Rows": 2,"Plan Width": 108,"Actual Startup Time": 0.076,"Actual Total Time": 0.088,"Actual Rows": 2,"Actual Loops": 3,"Filter": "((n_name = 'RUSSIA'::bpchar) OR (n_name = 'ALGERIA'::bpchar))","Rows Removed by Filter": 23,"Workers": []}]}]},{"Node Type": "Index Scan","Parent Relationship": "Inner","Parallel Aware": false,"Async Capable": false,"Scan Direction": "Forward","Index Name": "idx_orders_custkey","Relation Name": "orders","Alias": "orders","Startup Cost": 0.43,"Total Cost": 1.46,"Plan Rows": 17,"Plan Width": 8,"Actual Startup Time": 0.007,"Actual Total Time": 0.043,"Actual Rows": 10,"Actual Loops": 12003,"Index Cond": "(o_custkey = customer.c_custkey)","Rows Removed by Index Recheck": 0,"Workers": []}]},{"Node Type": "Index Scan","Parent Relationship": "Inner","Parallel Aware": false,"Async Capable": false,"Scan Direction": "Forward","Index Name": "idx_lineitem_orderkey","Relation Name": "lineitem","Alias": "lineitem","Startup Cost": 0.43,"Total Cost": 1.14,"Plan Rows": 5,"Plan Width": 24,"Actual Startup Time": 0.016,"Actual Total Time": 0.017,"Actual Rows": 1,"Actual Loops": 121117,"Index Cond": "(l_orderkey = orders.o_orderkey)","Rows Removed by Index Recheck": 0,"Filter": "((l_shipdate >= '1995-01-01'::date) AND (l_shipdate <= '1996-12-31'::date))","Rows Removed by Filter": 3,"Workers": []}]},{"Node Type": "Hash","Parent Relationship": "Inner","Parallel Aware": false,"Async Capable": false,"Startup Cost": 354.10,"Total Cost": 354.10,"Plan Rows": 784,"Plan Width": 108,"Actual Startup Time": 11.246,"Actual Total Time": 11.254,"Actual Rows": 821,"Actual Loops": 3,"Hash Buckets": 1024,"Original Hash Buckets": 1024,"Hash Batches": 1,"Original Hash Batches": 1,"Peak Memory Usage": 58,"Workers": [],"Plans": [{"Node Type": "Hash Join","Parent Relationship": "Outer","Parallel Aware": false,"Async Capable": false,"Join Type": "Inner","Startup Cost": 1.40,"Total Cost": 354.10,"Plan Rows": 784,"Plan Width": 108,"Actual Startup Time": 0.100,"Actual Total Time": 11.048,"Actual Rows": 821,"Actual Loops": 3,"Inner Unique": true,"Hash Cond": "(supplier.s_nationkey = n1.n_nationkey)","Workers": [],"Plans": [{"Node Type": "Seq Scan","Parent Relationship": "Outer","Parallel Aware": false,"Async Capable": false,"Relation Name": "supplier","Alias": "supplier","Startup Cost": 0.00,"Total Cost": 322.00,"Plan Rows": 10000,"Plan Width": 8,"Actual Startup Time": 0.034,"Actual Total Time": 4.467,"Actual Rows": 10000,"Actual Loops": 3,"Workers": []},{"Node Type": "Hash","Parent Relationship": "Inner","Parallel Aware": false,"Async Capable": false,"Startup Cost": 1.38,"Total Cost": 1.38,"Plan Rows": 2,"Plan Width": 108,"Actual Startup Time": 0.023,"Actual Total Time": 0.027,"Actual Rows": 2,"Actual Loops": 3,"Hash Buckets": 1024,"Original Hash Buckets": 1024,"Hash Batches": 1,"Original Hash Batches": 1,"Peak Memory Usage": 9,"Workers": [],"Plans": [{"Node Type": "Seq Scan","Parent Relationship": "Outer","Parallel Aware": false,"Async Capable": false,"Relation Name": "nation","Alias": "n1","Startup Cost": 0.00,"Total Cost": 1.38,"Plan Rows": 2,"Plan Width": 108,"Actual Startup Time": 0.006,"Actual Total Time": 0.014,"Actual Rows": 2,"Actual Loops": 3,"Filter": "((n_name = 'ALGERIA'::bpchar) OR (n_name = 'RUSSIA'::bpchar))","Rows Removed by Filter": 23,"Workers": []}]}]}]}]}]}]}]}]},"Planning Time": 9.013,"Triggers": [],"Execution Time": 974.799}]
[{"Plan": {"Node Type": "Aggregate","Strategy": "Sorted","Partial Mode": "Finalize","Parallel Aware": false,"Async Capable": false,"Startup Cost": 72556.41,"Total Cost": 73352.71,"Plan Rows": 5893,"Plan Width": 272,"Actual Startup Time": 930.969,"Actual Total Time": 987.166,"Actual Rows": 4,"Actual Loops": 1,"Group Key": ["n1.n_name", "n2.n_name", "(EXTRACT(year FROM lineitem.l_shipdate))"],"Plans": [{"Node Type": "Gather Merge","Parent Relationship": "Outer","Parallel Aware": false,"Async Capable": false,"Startup Cost": 72556.41,"Total Cost": 73202.94,"Plan Rows": 4910,"Plan Width": 272,"Actual Startup Time": 930.193,"Actual Total Time": 987.079,"Actual Rows": 12,"Actual Loops": 1,"Workers Planned": 2,"Workers Launched": 2,"Plans": [{"Node Type": "Aggregate","Strategy": "Sorted","Partial Mode": "Partial","Parent Relationship": "Outer","Parallel Aware": false,"Async Capable": false,"Startup Cost": 71556.39,"Total Cost": 71636.18,"Plan Rows": 2455,"Plan Width": 272,"Actual Startup Time": 921.579,"Actual Total Time": 922.442,"Actual Rows": 4,"Actual Loops": 3,"Group Key": ["n1.n_name", "n2.n_name", "(EXTRACT(year FROM lineitem.l_shipdate))"],"Workers": [],"Plans": [{"Node Type": "Sort","Parent Relationship": "Outer","Parallel Aware": false,"Async Capable": false,"Startup Cost": 71556.39,"Total Cost": 71562.53,"Plan Rows": 2455,"Plan Width": 252,"Actual Startup Time": 921.330,"Actual Total Time": 921.441,"Actual Rows": 1886,"Actual Loops": 3,"Sort Key": ["n1.n_name", "n2.n_name", "(EXTRACT(year FROM lineitem.l_shipdate))"],"Sort Method": "quicksort","Sort Space Used": 254,"Sort Space Type": "Memory","Workers": [{"Worker Number": 0,"Sort Method": "quicksort","Sort Space Used": 252,"Sort Space Type": "Memory"},{"Worker Number": 1,"Sort Method": "quicksort","Sort Space Used": 259,"Sort Space Type": "Memory"}],"Plans": [{"Node Type": "Hash Join","Parent Relationship": "Outer","Parallel Aware": false,"Async Capable": false,"Join Type": "Inner","Startup Cost": 366.16,"Total Cost": 71418.15,"Plan Rows": 2455,"Plan Width": 252,"Actual Startup Time": 8.258,"Actual Total Time": 919.523,"Actual Rows": 1886,"Actual Loops": 3,"Inner Unique": false,"Hash Cond": "(lineitem.l_suppkey = supplier.s_suppkey)","Join Filter": "(((n1.n_name = 'JAPAN'::bpchar) AND (n2.n_name = 'VIETNAM'::bpchar)) OR ((n1.n_name = 'VIETNAM'::bpchar) AND (n2.n_name = 'JAPAN'::bpchar)))","Rows Removed by Join Filter": 1871,"Workers": [],"Plans": [{"Node Type": "Nested Loop","Parent Relationship": "Outer","Parallel Aware": false,"Async Capable": false,"Join Type": "Inner","Startup Cost": 2.26,"Total Cost": 70727.78,"Plan Rows": 60250,"Plan Width": 124,"Actual Startup Time": 0.513,"Actual Total Time": 905.167,"Actual Rows": 48726,"Actual Loops": 3,"Inner Unique": false,"Workers": [],"Plans": [{"Node Type": "Nested Loop","Parent Relationship": "Outer","Parallel Aware": false,"Async Capable": false,"Join Type": "Inner","Startup Cost": 1.83,"Total Cost": 12400.01,"Plan Rows": 49000,"Plan Width": 108,"Actual Startup Time": 0.306,"Actual Total Time": 227.666,"Actual Rows": 39917,"Actual Loops": 3,"Inner Unique": false,"Workers": [],"Plans": [{"Node Type": "Hash Join","Parent Relationship": "Outer","Parallel Aware": false,"Async Capable": false,"Join Type": "Inner","Startup Cost": 1.40,"Total Cost": 4403.27,"Plan Rows": 4900,"Plan Width": 108,"Actual Startup Time": 0.179,"Actual Total Time": 46.691,"Actual Rows": 3985,"Actual Loops": 3,"Inner Unique": true,"Hash Cond": "(customer.c_nationkey = n2.n_nationkey)","Workers": [],"Plans": [{"Node Type": "Seq Scan","Parent Relationship": "Outer","Parallel Aware": true,"Async Capable": false,"Relation Name": "customer","Alias": "customer","Startup Cost": 0.00,"Total Cost": 4210.00,"Plan Rows": 62500,"Plan Width": 8,"Actual Startup Time": 0.014,"Actual Total Time": 9.582,"Actual Rows": 50000,"Actual Loops": 3,"Workers": []},{"Node Type": "Hash","Parent Relationship": "Inner","Parallel Aware": false,"Async Capable": false,"Startup Cost": 1.38,"Total Cost": 1.38,"Plan Rows": 2,"Plan Width": 108,"Actual Startup Time": 0.079,"Actual Total Time": 0.084,"Actual Rows": 2,"Actual Loops": 3,"Hash Buckets": 1024,"Original Hash Buckets": 1024,"Hash Batches": 1,"Original Hash Batches": 1,"Peak Memory Usage": 9,"Workers": [],"Plans": [{"Node Type": "Seq Scan","Parent Relationship": "Outer","Parallel Aware": false,"Async Capable": false,"Relation Name": "nation","Alias": "n2","Startup Cost": 0.00,"Total Cost": 1.38,"Plan Rows": 2,"Plan Width": 108,"Actual Startup Time": 0.058,"Actual Total Time": 0.063,"Actual Rows": 2,"Actual Loops": 3,"Filter": "((n_name = 'VIETNAM'::bpchar) OR (n_name = 'JAPAN'::bpchar))","Rows Removed by Filter": 23,"Workers": []}]}]},{"Node Type": "Index Scan","Parent Relationship": "Inner","Parallel Aware": false,"Async Capable": false,"Scan Direction": "Forward","Index Name": "idx_orders_custkey","Relation Name": "orders","Alias": "orders","Startup Cost": 0.43,"Total Cost": 1.46,"Plan Rows": 17,"Plan Width": 8,"Actual Startup Time": 0.007,"Actual Total Time": 0.044,"Actual Rows": 10,"Actual Loops": 11956,"Index Cond": "(o_custkey = customer.c_custkey)","Rows Removed by Index Recheck": 0,"Workers": []}]},{"Node Type": "Index Scan","Parent Relationship": "Inner","Parallel Aware": false,"Async Capable": false,"Scan Direction": "Forward","Index Name": "idx_lineitem_orderkey","Relation Name": "lineitem","Alias": "lineitem","Startup Cost": 0.43,"Total Cost": 1.14,"Plan Rows": 5,"Plan Width": 24,"Actual Startup Time": 0.016,"Actual Total Time": 0.017,"Actual Rows": 1,"Actual Loops": 119752,"Index Cond": "(l_orderkey = orders.o_orderkey)","Rows Removed by Index Recheck": 0,"Filter": "((l_shipdate >= '1995-01-01'::date) AND (l_shipdate <= '1996-12-31'::date))","Rows Removed by Filter": 3,"Workers": []}]},{"Node Type": "Hash","Parent Relationship": "Inner","Parallel Aware": false,"Async Capable": false,"Startup Cost": 354.10,"Total Cost": 354.10,"Plan Rows": 784,"Plan Width": 108,"Actual Startup Time": 7.174,"Actual Total Time": 7.186,"Actual Rows": 776,"Actual Loops": 3,"Hash Buckets": 1024,"Original Hash Buckets": 1024,"Hash Batches": 1,"Original Hash Batches": 1,"Peak Memory Usage": 55,"Workers": [],"Plans": [{"Node Type": "Hash Join","Parent Relationship": "Outer","Parallel Aware": false,"Async Capable": false,"Join Type": "Inner","Startup Cost": 1.40,"Total Cost": 354.10,"Plan Rows": 784,"Plan Width": 108,"Actual Startup Time": 0.090,"Actual Total Time": 7.015,"Actual Rows": 776,"Actual Loops": 3,"Inner Unique": true,"Hash Cond": "(supplier.s_nationkey = n1.n_nationkey)","Workers": [],"Plans": [{"Node Type": "Seq Scan","Parent Relationship": "Outer","Parallel Aware": false,"Async Capable": false,"Relation Name": "supplier","Alias": "supplier","Startup Cost": 0.00,"Total Cost": 322.00,"Plan Rows": 10000,"Plan Width": 8,"Actual Startup Time": 0.030,"Actual Total Time": 3.677,"Actual Rows": 10000,"Actual Loops": 3,"Workers": []},{"Node Type": "Hash","Parent Relationship": "Inner","Parallel Aware": false,"Async Capable": false,"Startup Cost": 1.38,"Total Cost": 1.38,"Plan Rows": 2,"Plan Width": 108,"Actual Startup Time": 0.020,"Actual Total Time": 0.024,"Actual Rows": 2,"Actual Loops": 3,"Hash Buckets": 1024,"Original Hash Buckets": 1024,"Hash Batches": 1,"Original Hash Batches": 1,"Peak Memory Usage": 9,"Workers": [],"Plans": [{"Node Type": "Seq Scan","Parent Relationship": "Outer","Parallel Aware": false,"Async Capable": false,"Relation Name": "nation","Alias": "n1","Startup Cost": 0.00,"Total Cost": 1.38,"Plan Rows": 2,"Plan Width": 108,"Actual Startup Time": 0.009,"Actual Total Time": 0.014,"Actual Rows": 2,"Actual Loops": 3,"Filter": "((n_name = 'JAPAN'::bpchar) OR (n_name = 'VIETNAM'::bpchar))","Rows Removed by Filter": 23,"Workers": []}]}]}]}]}]}]}]}]},"Planning Time": 9.251,"Triggers": [],"Execution Time": 987.561}]
[{"Plan": {"Node Type": "Aggregate","Strategy": "Sorted","Partial Mode": "Finalize","Parallel Aware": false,"Async Capable": false,"Startup Cost": 72556.41,"Total Cost": 73352.71,"Plan Rows": 5893,"Plan Width": 272,"Actual Startup Time": 928.121,"Actual Total Time": 972.637,"Actual Rows": 4,"Actual Loops": 1,"Group Key": ["n1.n_name", "n2.n_name", "(EXTRACT(year FROM lineitem.l_shipdate))"],"Plans": [{"Node Type": "Gather Merge","Parent Relationship": "Outer","Parallel Aware": false,"Async Capable": false,"Startup Cost": 72556.41,"Total Cost": 73202.94,"Plan Rows": 4910,"Plan Width": 272,"Actual Startup Time": 927.777,"Actual Total Time": 972.572,"Actual Rows": 12,"Actual Loops": 1,"Workers Planned": 2,"Workers Launched": 2,"Plans": [{"Node Type": "Aggregate","Strategy": "Sorted","Partial Mode": "Partial","Parent Relationship": "Outer","Parallel Aware": false,"Async Capable": false,"Startup Cost": 71556.39,"Total Cost": 71636.18,"Plan Rows": 2455,"Plan Width": 272,"Actual Startup Time": 920.017,"Actual Total Time": 920.726,"Actual Rows": 4,"Actual Loops": 3,"Group Key": ["n1.n_name", "n2.n_name", "(EXTRACT(year FROM lineitem.l_shipdate))"],"Workers": [],"Plans": [{"Node Type": "Sort","Parent Relationship": "Outer","Parallel Aware": false,"Async Capable": false,"Startup Cost": 71556.39,"Total Cost": 71562.53,"Plan Rows": 2455,"Plan Width": 252,"Actual Startup Time": 919.749,"Actual Total Time": 919.876,"Actual Rows": 1980,"Actual Loops": 3,"Sort Key": ["n1.n_name", "n2.n_name", "(EXTRACT(year FROM lineitem.l_shipdate))"],"Sort Method": "quicksort","Sort Space Used": 271,"Sort Space Type": "Memory","Workers": [{"Worker Number": 0,"Sort Method": "quicksort","Sort Space Used": 266,"Sort Space Type": "Memory"},{"Worker Number": 1,"Sort Method": "quicksort","Sort Space Used": 258,"Sort Space Type": "Memory"}],"Plans": [{"Node Type": "Hash Join","Parent Relationship": "Outer","Parallel Aware": false,"Async Capable": false,"Join Type": "Inner","Startup Cost": 366.16,"Total Cost": 71418.15,"Plan Rows": 2455,"Plan Width": 252,"Actual Startup Time": 13.799,"Actual Total Time": 917.917,"Actual Rows": 1980,"Actual Loops": 3,"Inner Unique": false,"Hash Cond": "(lineitem.l_suppkey = supplier.s_suppkey)","Join Filter": "(((n1.n_name = 'ARGENTINA'::bpchar) AND (n2.n_name = 'GERMANY'::bpchar)) OR ((n1.n_name = 'GERMANY'::bpchar) AND (n2.n_name = 'ARGENTINA'::bpchar)))","Rows Removed by Join Filter": 1918,"Workers": [],"Plans": [{"Node Type": "Nested Loop","Parent Relationship": "Outer","Parallel Aware": false,"Async Capable": false,"Join Type": "Inner","Startup Cost": 2.26,"Total Cost": 70727.78,"Plan Rows": 60250,"Plan Width": 124,"Actual Startup Time": 0.821,"Actual Total Time": 900.391,"Actual Rows": 48614,"Actual Loops": 3,"Inner Unique": false,"Workers": [],"Plans": [{"Node Type": "Nested Loop","Parent Relationship": "Outer","Parallel Aware": false,"Async Capable": false,"Join Type": "Inner","Startup Cost": 1.83,"Total Cost": 12400.01,"Plan Rows": 49000,"Plan Width": 108,"Actual Startup Time": 0.313,"Actual Total Time": 226.950,"Actual Rows": 39757,"Actual Loops": 3,"Inner Unique": false,"Workers": [],"Plans": [{"Node Type": "Hash Join","Parent Relationship": "Outer","Parallel Aware": false,"Async Capable": false,"Join Type": "Inner","Startup Cost": 1.40,"Total Cost": 4403.27,"Plan Rows": 4900,"Plan Width": 108,"Actual Startup Time": 0.179,"Actual Total Time": 48.343,"Actual Rows": 3961,"Actual Loops": 3,"Inner Unique": true,"Hash Cond": "(customer.c_nationkey = n2.n_nationkey)","Workers": [],"Plans": [{"Node Type": "Seq Scan","Parent Relationship": "Outer","Parallel Aware": true,"Async Capable": false,"Relation Name": "customer","Alias": "customer","Startup Cost": 0.00,"Total Cost": 4210.00,"Plan Rows": 62500,"Plan Width": 8,"Actual Startup Time": 0.020,"Actual Total Time": 9.560,"Actual Rows": 50000,"Actual Loops": 3,"Workers": []},{"Node Type": "Hash","Parent Relationship": "Inner","Parallel Aware": false,"Async Capable": false,"Startup Cost": 1.38,"Total Cost": 1.38,"Plan Rows": 2,"Plan Width": 108,"Actual Startup Time": 0.075,"Actual Total Time": 0.081,"Actual Rows": 2,"Actual Loops": 3,"Hash Buckets": 1024,"Original Hash Buckets": 1024,"Hash Batches": 1,"Original Hash Batches": 1,"Peak Memory Usage": 9,"Workers": [],"Plans": [{"Node Type": "Seq Scan","Parent Relationship": "Outer","Parallel Aware": false,"Async Capable": false,"Relation Name": "nation","Alias": "n2","Startup Cost": 0.00,"Total Cost": 1.38,"Plan Rows": 2,"Plan Width": 108,"Actual Startup Time": 0.054,"Actual Total Time": 0.063,"Actual Rows": 2,"Actual Loops": 3,"Filter": "((n_name = 'GERMANY'::bpchar) OR (n_name = 'ARGENTINA'::bpchar))","Rows Removed by Filter": 23,"Workers": []}]}]},{"Node Type": "Index Scan","Parent Relationship": "Inner","Parallel Aware": false,"Async Capable": false,"Scan Direction": "Forward","Index Name": "idx_orders_custkey","Relation Name": "orders","Alias": "orders","Startup Cost": 0.43,"Total Cost": 1.46,"Plan Rows": 17,"Plan Width": 8,"Actual Startup Time": 0.007,"Actual Total Time": 0.044,"Actual Rows": 10,"Actual Loops": 11883,"Index Cond": "(o_custkey = customer.c_custkey)","Rows Removed by Index Recheck": 0,"Workers": []}]},{"Node Type": "Index Scan","Parent Relationship": "Inner","Parallel Aware": false,"Async Capable": false,"Scan Direction": "Forward","Index Name": "idx_lineitem_orderkey","Relation Name": "lineitem","Alias": "lineitem","Startup Cost": 0.43,"Total Cost": 1.14,"Plan Rows": 5,"Plan Width": 24,"Actual Startup Time": 0.016,"Actual Total Time": 0.017,"Actual Rows": 1,"Actual Loops": 119271,"Index Cond": "(l_orderkey = orders.o_orderkey)","Rows Removed by Index Recheck": 0,"Filter": "((l_shipdate >= '1995-01-01'::date) AND (l_shipdate <= '1996-12-31'::date))","Rows Removed by Filter": 3,"Workers": []}]},{"Node Type": "Hash","Parent Relationship": "Inner","Parallel Aware": false,"Async Capable": false,"Startup Cost": 354.10,"Total Cost": 354.10,"Plan Rows": 784,"Plan Width": 108,"Actual Startup Time": 10.295,"Actual Total Time": 10.309,"Actual Rows": 809,"Actual Loops": 3,"Hash Buckets": 1024,"Original Hash Buckets": 1024,"Hash Batches": 1,"Original Hash Batches": 1,"Peak Memory Usage": 57,"Workers": [],"Plans": [{"Node Type": "Hash Join","Parent Relationship": "Outer","Parallel Aware": false,"Async Capable": false,"Join Type": "Inner","Startup Cost": 1.40,"Total Cost": 354.10,"Plan Rows": 784,"Plan Width": 108,"Actual Startup Time": 0.083,"Actual Total Time": 10.091,"Actual Rows": 809,"Actual Loops": 3,"Inner Unique": true,"Hash Cond": "(supplier.s_nationkey = n1.n_nationkey)","Workers": [],"Plans": [{"Node Type": "Seq Scan","Parent Relationship": "Outer","Parallel Aware": false,"Async Capable": false,"Relation Name": "supplier","Alias": "supplier","Startup Cost": 0.00,"Total Cost": 322.00,"Plan Rows": 10000,"Plan Width": 8,"Actual Startup Time": 0.034,"Actual Total Time": 4.334,"Actual Rows": 10000,"Actual Loops": 3,"Workers": []},{"Node Type": "Hash","Parent Relationship": "Inner","Parallel Aware": false,"Async Capable": false,"Startup Cost": 1.38,"Total Cost": 1.38,"Plan Rows": 2,"Plan Width": 108,"Actual Startup Time": 0.016,"Actual Total Time": 0.023,"Actual Rows": 2,"Actual Loops": 3,"Hash Buckets": 1024,"Original Hash Buckets": 1024,"Hash Batches": 1,"Original Hash Batches": 1,"Peak Memory Usage": 9,"Workers": [],"Plans": [{"Node Type": "Seq Scan","Parent Relationship": "Outer","Parallel Aware": false,"Async Capable": false,"Relation Name": "nation","Alias": "n1","Startup Cost": 0.00,"Total Cost": 1.38,"Plan Rows": 2,"Plan Width": 108,"Actual Startup Time": 0.004,"Actual Total Time": 0.013,"Actual Rows": 2,"Actual Loops": 3,"Filter": "((n_name = 'ARGENTINA'::bpchar) OR (n_name = 'GERMANY'::bpchar))","Rows Removed by Filter": 23,"Workers": []}]}]}]}]}]}]}]}]},"Planning Time": 9.152,"Triggers": [],"Execution Time": 973.202}]
[{"Plan": {"Node Type": "Aggregate","Strategy": "Sorted","Partial Mode": "Finalize","Parallel Aware": false,"Async Capable": false,"Startup Cost": 72556.41,"Total Cost": 73352.71,"Plan Rows": 5893,"Plan Width": 272,"Actual Startup Time": 933.945,"Actual Total Time": 990.014,"Actual Rows": 4,"Actual Loops": 1,"Group Key": ["n1.n_name", "n2.n_name", "(EXTRACT(year FROM lineitem.l_shipdate))"],"Plans": [{"Node Type": "Gather Merge","Parent Relationship": "Outer","Parallel Aware": false,"Async Capable": false,"Startup Cost": 72556.41,"Total Cost": 73202.94,"Plan Rows": 4910,"Plan Width": 272,"Actual Startup Time": 933.284,"Actual Total Time": 989.944,"Actual Rows": 12,"Actual Loops": 1,"Workers Planned": 2,"Workers Launched": 2,"Plans": [{"Node Type": "Aggregate","Strategy": "Sorted","Partial Mode": "Partial","Parent Relationship": "Outer","Parallel Aware": false,"Async Capable": false,"Startup Cost": 71556.39,"Total Cost": 71636.18,"Plan Rows": 2455,"Plan Width": 272,"Actual Startup Time": 924.922,"Actual Total Time": 925.725,"Actual Rows": 4,"Actual Loops": 3,"Group Key": ["n1.n_name", "n2.n_name", "(EXTRACT(year FROM lineitem.l_shipdate))"],"Workers": [],"Plans": [{"Node Type": "Sort","Parent Relationship": "Outer","Parallel Aware": false,"Async Capable": false,"Startup Cost": 71556.39,"Total Cost": 71562.53,"Plan Rows": 2455,"Plan Width": 252,"Actual Startup Time": 924.674,"Actual Total Time": 924.794,"Actual Rows": 1925,"Actual Loops": 3,"Sort Key": ["n1.n_name", "n2.n_name", "(EXTRACT(year FROM lineitem.l_shipdate))"],"Sort Method": "quicksort","Sort Space Used": 254,"Sort Space Type": "Memory","Workers": [{"Worker Number": 0,"Sort Method": "quicksort","Sort Space Used": 255,"Sort Space Type": "Memory"},{"Worker Number": 1,"Sort Method": "quicksort","Sort Space Used": 267,"Sort Space Type": "Memory"}],"Plans": [{"Node Type": "Hash Join","Parent Relationship": "Outer","Parallel Aware": false,"Async Capable": false,"Join Type": "Inner","Startup Cost": 366.16,"Total Cost": 71418.15,"Plan Rows": 2455,"Plan Width": 252,"Actual Startup Time": 9.561,"Actual Total Time": 922.878,"Actual Rows": 1925,"Actual Loops": 3,"Inner Unique": false,"Hash Cond": "(lineitem.l_suppkey = supplier.s_suppkey)","Join Filter": "(((n1.n_name = 'ETHIOPIA'::bpchar) AND (n2.n_name = 'ROMANIA'::bpchar)) OR ((n1.n_name = 'ROMANIA'::bpchar) AND (n2.n_name = 'ETHIOPIA'::bpchar)))","Rows Removed by Join Filter": 1921,"Workers": [],"Plans": [{"Node Type": "Nested Loop","Parent Relationship": "Outer","Parallel Aware": false,"Async Capable": false,"Join Type": "Inner","Startup Cost": 2.26,"Total Cost": 70727.78,"Plan Rows": 60250,"Plan Width": 124,"Actual Startup Time": 0.827,"Actual Total Time": 908.379,"Actual Rows": 49096,"Actual Loops": 3,"Inner Unique": false,"Workers": [],"Plans": [{"Node Type": "Nested Loop","Parent Relationship": "Outer","Parallel Aware": false,"Async Capable": false,"Join Type": "Inner","Startup Cost": 1.83,"Total Cost": 12400.01,"Plan Rows": 49000,"Plan Width": 108,"Actual Startup Time": 0.364,"Actual Total Time": 227.782,"Actual Rows": 40239,"Actual Loops": 3,"Inner Unique": false,"Workers": [],"Plans": [{"Node Type": "Hash Join","Parent Relationship": "Outer","Parallel Aware": false,"Async Capable": false,"Join Type": "Inner","Startup Cost": 1.40,"Total Cost": 4403.27,"Plan Rows": 4900,"Plan Width": 108,"Actual Startup Time": 0.219,"Actual Total Time": 47.431,"Actual Rows": 4017,"Actual Loops": 3,"Inner Unique": true,"Hash Cond": "(customer.c_nationkey = n2.n_nationkey)","Workers": [],"Plans": [{"Node Type": "Seq Scan","Parent Relationship": "Outer","Parallel Aware": true,"Async Capable": false,"Relation Name": "customer","Alias": "customer","Startup Cost": 0.00,"Total Cost": 4210.00,"Plan Rows": 62500,"Plan Width": 8,"Actual Startup Time": 0.020,"Actual Total Time": 9.607,"Actual Rows": 50000,"Actual Loops": 3,"Workers": []},{"Node Type": "Hash","Parent Relationship": "Inner","Parallel Aware": false,"Async Capable": false,"Startup Cost": 1.38,"Total Cost": 1.38,"Plan Rows": 2,"Plan Width": 108,"Actual Startup Time": 0.080,"Actual Total Time": 0.085,"Actual Rows": 2,"Actual Loops": 3,"Hash Buckets": 1024,"Original Hash Buckets": 1024,"Hash Batches": 1,"Original Hash Batches": 1,"Peak Memory Usage": 9,"Workers": [],"Plans": [{"Node Type": "Seq Scan","Parent Relationship": "Outer","Parallel Aware": false,"Async Capable": false,"Relation Name": "nation","Alias": "n2","Startup Cost": 0.00,"Total Cost": 1.38,"Plan Rows": 2,"Plan Width": 108,"Actual Startup Time": 0.054,"Actual Total Time": 0.061,"Actual Rows": 2,"Actual Loops": 3,"Filter": "((n_name = 'ROMANIA'::bpchar) OR (n_name = 'ETHIOPIA'::bpchar))","Rows Removed by Filter": 23,"Workers": []}]}]},{"Node Type": "Index Scan","Parent Relationship": "Inner","Parallel Aware": false,"Async Capable": false,"Scan Direction": "Forward","Index Name": "idx_orders_custkey","Relation Name": "orders","Alias": "orders","Startup Cost": 0.43,"Total Cost": 1.46,"Plan Rows": 17,"Plan Width": 8,"Actual Startup Time": 0.007,"Actual Total Time": 0.044,"Actual Rows": 10,"Actual Loops": 12052,"Index Cond": "(o_custkey = customer.c_custkey)","Rows Removed by Index Recheck": 0,"Workers": []}]},{"Node Type": "Index Scan","Parent Relationship": "Inner","Parallel Aware": false,"Async Capable": false,"Scan Direction": "Forward","Index Name": "idx_lineitem_orderkey","Relation Name": "lineitem","Alias": "lineitem","Startup Cost": 0.43,"Total Cost": 1.14,"Plan Rows": 5,"Plan Width": 24,"Actual Startup Time": 0.016,"Actual Total Time": 0.017,"Actual Rows": 1,"Actual Loops": 120718,"Index Cond": "(l_orderkey = orders.o_orderkey)","Rows Removed by Index Recheck": 0,"Filter": "((l_shipdate >= '1995-01-01'::date) AND (l_shipdate <= '1996-12-31'::date))","Rows Removed by Filter": 3,"Workers": []}]},{"Node Type": "Hash","Parent Relationship": "Inner","Parallel Aware": false,"Async Capable": false,"Startup Cost": 354.10,"Total Cost": 354.10,"Plan Rows": 784,"Plan Width": 108,"Actual Startup Time": 7.239,"Actual Total Time": 7.256,"Actual Rows": 778,"Actual Loops": 3,"Hash Buckets": 1024,"Original Hash Buckets": 1024,"Hash Batches": 1,"Original Hash Batches": 1,"Peak Memory Usage": 56,"Workers": [],"Plans": [{"Node Type": "Hash Join","Parent Relationship": "Outer","Parallel Aware": false,"Async Capable": false,"Join Type": "Inner","Startup Cost": 1.40,"Total Cost": 354.10,"Plan Rows": 784,"Plan Width": 108,"Actual Startup Time": 0.075,"Actual Total Time": 7.091,"Actual Rows": 778,"Actual Loops": 3,"Inner Unique": true,"Hash Cond": "(supplier.s_nationkey = n1.n_nationkey)","Workers": [],"Plans": [{"Node Type": "Seq Scan","Parent Relationship": "Outer","Parallel Aware": false,"Async Capable": false,"Relation Name": "supplier","Alias": "supplier","Startup Cost": 0.00,"Total Cost": 322.00,"Plan Rows": 10000,"Plan Width": 8,"Actual Startup Time": 0.031,"Actual Total Time": 3.360,"Actual Rows": 10000,"Actual Loops": 3,"Workers": []},{"Node Type": "Hash","Parent Relationship": "Inner","Parallel Aware": false,"Async Capable": false,"Startup Cost": 1.38,"Total Cost": 1.38,"Plan Rows": 2,"Plan Width": 108,"Actual Startup Time": 0.016,"Actual Total Time": 0.022,"Actual Rows": 2,"Actual Loops": 3,"Hash Buckets": 1024,"Original Hash Buckets": 1024,"Hash Batches": 1,"Original Hash Batches": 1,"Peak Memory Usage": 9,"Workers": [],"Plans": [{"Node Type": "Seq Scan","Parent Relationship": "Outer","Parallel Aware": false,"Async Capable": false,"Relation Name": "nation","Alias": "n1","Startup Cost": 0.00,"Total Cost": 1.38,"Plan Rows": 2,"Plan Width": 108,"Actual Startup Time": 0.005,"Actual Total Time": 0.011,"Actual Rows": 2,"Actual Loops": 3,"Filter": "((n_name = 'ETHIOPIA'::bpchar) OR (n_name = 'ROMANIA'::bpchar))","Rows Removed by Filter": 23,"Workers": []}]}]}]}]}]}]}]}]},"Planning Time": 8.785,"Triggers": [],"Execution Time": 990.437}]
[{"Plan": {"Node Type": "Aggregate","Strategy": "Sorted","Partial Mode": "Finalize","Parallel Aware": false,"Async Capable": false,"Startup Cost": 72556.41,"Total Cost": 73352.71,"Plan Rows": 5893,"Plan Width": 272,"Actual Startup Time": 906.501,"Actual Total Time": 949.392,"Actual Rows": 4,"Actual Loops": 1,"Group Key": ["n1.n_name", "n2.n_name", "(EXTRACT(year FROM lineitem.l_shipdate))"],"Plans": [{"Node Type": "Gather Merge","Parent Relationship": "Outer","Parallel Aware": false,"Async Capable": false,"Startup Cost": 72556.41,"Total Cost": 73202.94,"Plan Rows": 4910,"Plan Width": 272,"Actual Startup Time": 906.186,"Actual Total Time": 949.317,"Actual Rows": 12,"Actual Loops": 1,"Workers Planned": 2,"Workers Launched": 2,"Plans": [{"Node Type": "Aggregate","Strategy": "Sorted","Partial Mode": "Partial","Parent Relationship": "Outer","Parallel Aware": false,"Async Capable": false,"Startup Cost": 71556.39,"Total Cost": 71636.18,"Plan Rows": 2455,"Plan Width": 272,"Actual Startup Time": 898.717,"Actual Total Time": 899.386,"Actual Rows": 4,"Actual Loops": 3,"Group Key": ["n1.n_name", "n2.n_name", "(EXTRACT(year FROM lineitem.l_shipdate))"],"Workers": [],"Plans": [{"Node Type": "Sort","Parent Relationship": "Outer","Parallel Aware": false,"Async Capable": false,"Startup Cost": 71556.39,"Total Cost": 71562.53,"Plan Rows": 2455,"Plan Width": 252,"Actual Startup Time": 898.470,"Actual Total Time": 898.581,"Actual Rows": 1869,"Actual Loops": 3,"Sort Key": ["n1.n_name", "n2.n_name", "(EXTRACT(year FROM lineitem.l_shipdate))"],"Sort Method": "quicksort","Sort Space Used": 264,"Sort Space Type": "Memory","Workers": [{"Worker Number": 0,"Sort Method": "quicksort","Sort Space Used": 243,"Sort Space Type": "Memory"},{"Worker Number": 1,"Sort Method": "quicksort","Sort Space Used": 252,"Sort Space Type": "Memory"}],"Plans": [{"Node Type": "Hash Join","Parent Relationship": "Outer","Parallel Aware": false,"Async Capable": false,"Join Type": "Inner","Startup Cost": 366.16,"Total Cost": 71418.15,"Plan Rows": 2455,"Plan Width": 252,"Actual Startup Time": 14.102,"Actual Total Time": 896.689,"Actual Rows": 1869,"Actual Loops": 3,"Inner Unique": false,"Hash Cond": "(lineitem.l_suppkey = supplier.s_suppkey)","Join Filter": "(((n1.n_name = 'MOROCCO'::bpchar) AND (n2.n_name = 'SAUDI ARABIA'::bpchar)) OR ((n1.n_name = 'SAUDI ARABIA'::bpchar) AND (n2.n_name = 'MOROCCO'::bpchar)))","Rows Removed by Join Filter": 1893,"Workers": [],"Plans": [{"Node Type": "Nested Loop","Parent Relationship": "Outer","Parallel Aware": false,"Async Capable": false,"Join Type": "Inner","Startup Cost": 2.26,"Total Cost": 70727.78,"Plan Rows": 60250,"Plan Width": 124,"Actual Startup Time": 0.617,"Actual Total Time": 878.501,"Actual Rows": 48201,"Actual Loops": 3,"Inner Unique": false,"Workers": [],"Plans": [{"Node Type": "Nested Loop","Parent Relationship": "Outer","Parallel Aware": false,"Async Capable": false,"Join Type": "Inner","Startup Cost": 1.83,"Total Cost": 12400.01,"Plan Rows": 49000,"Plan Width": 108,"Actual Startup Time": 0.291,"Actual Total Time": 217.824,"Actual Rows": 39304,"Actual Loops": 3,"Inner Unique": false,"Workers": [],"Plans": [{"Node Type": "Hash Join","Parent Relationship": "Outer","Parallel Aware": false,"Async Capable": false,"Join Type": "Inner","Startup Cost": 1.40,"Total Cost": 4403.27,"Plan Rows": 4900,"Plan Width": 108,"Actual Startup Time": 0.183,"Actual Total Time": 44.407,"Actual Rows": 3942,"Actual Loops": 3,"Inner Unique": true,"Hash Cond": "(customer.c_nationkey = n2.n_nationkey)","Workers": [],"Plans": [{"Node Type": "Seq Scan","Parent Relationship": "Outer","Parallel Aware": true,"Async Capable": false,"Relation Name": "customer","Alias": "customer","Startup Cost": 0.00,"Total Cost": 4210.00,"Plan Rows": 62500,"Plan Width": 8,"Actual Startup Time": 0.012,"Actual Total Time": 8.972,"Actual Rows": 50000,"Actual Loops": 3,"Workers": []},{"Node Type": "Hash","Parent Relationship": "Inner","Parallel Aware": false,"Async Capable": false,"Startup Cost": 1.38,"Total Cost": 1.38,"Plan Rows": 2,"Plan Width": 108,"Actual Startup Time": 0.084,"Actual Total Time": 0.091,"Actual Rows": 2,"Actual Loops": 3,"Hash Buckets": 1024,"Original Hash Buckets": 1024,"Hash Batches": 1,"Original Hash Batches": 1,"Peak Memory Usage": 9,"Workers": [],"Plans": [{"Node Type": "Seq Scan","Parent Relationship": "Outer","Parallel Aware": false,"Async Capable": false,"Relation Name": "nation","Alias": "n2","Startup Cost": 0.00,"Total Cost": 1.38,"Plan Rows": 2,"Plan Width": 108,"Actual Startup Time": 0.069,"Actual Total Time": 0.073,"Actual Rows": 2,"Actual Loops": 3,"Filter": "((n_name = 'SAUDI ARABIA'::bpchar) OR (n_name = 'MOROCCO'::bpchar))","Rows Removed by Filter": 23,"Workers": []}]}]},{"Node Type": "Index Scan","Parent Relationship": "Inner","Parallel Aware": false,"Async Capable": false,"Scan Direction": "Forward","Index Name": "idx_orders_custkey","Relation Name": "orders","Alias": "orders","Startup Cost": 0.43,"Total Cost": 1.46,"Plan Rows": 17,"Plan Width": 8,"Actual Startup Time": 0.007,"Actual Total Time": 0.043,"Actual Rows": 10,"Actual Loops": 11825,"Index Cond": "(o_custkey = customer.c_custkey)","Rows Removed by Index Recheck": 0,"Workers": []}]},{"Node Type": "Index Scan","Parent Relationship": "Inner","Parallel Aware": false,"Async Capable": false,"Scan Direction": "Forward","Index Name": "idx_lineitem_orderkey","Relation Name": "lineitem","Alias": "lineitem","Startup Cost": 0.43,"Total Cost": 1.14,"Plan Rows": 5,"Plan Width": 24,"Actual Startup Time": 0.016,"Actual Total Time": 0.017,"Actual Rows": 1,"Actual Loops": 117912,"Index Cond": "(l_orderkey = orders.o_orderkey)","Rows Removed by Index Recheck": 0,"Filter": "((l_shipdate >= '1995-01-01'::date) AND (l_shipdate <= '1996-12-31'::date))","Rows Removed by Filter": 3,"Workers": []}]},{"Node Type": "Hash","Parent Relationship": "Inner","Parallel Aware": false,"Async Capable": false,"Startup Cost": 354.10,"Total Cost": 354.10,"Plan Rows": 784,"Plan Width": 108,"Actual Startup Time": 11.374,"Actual Total Time": 11.388,"Actual Rows": 784,"Actual Loops": 3,"Hash Buckets": 1024,"Original Hash Buckets": 1024,"Hash Batches": 1,"Original Hash Batches": 1,"Peak Memory Usage": 56,"Workers": [],"Plans": [{"Node Type": "Hash Join","Parent Relationship": "Outer","Parallel Aware": false,"Async Capable": false,"Join Type": "Inner","Startup Cost": 1.40,"Total Cost": 354.10,"Plan Rows": 784,"Plan Width": 108,"Actual Startup Time": 0.077,"Actual Total Time": 11.183,"Actual Rows": 784,"Actual Loops": 3,"Inner Unique": true,"Hash Cond": "(supplier.s_nationkey = n1.n_nationkey)","Workers": [],"Plans": [{"Node Type": "Seq Scan","Parent Relationship": "Outer","Parallel Aware": false,"Async Capable": false,"Relation Name": "supplier","Alias": "supplier","Startup Cost": 0.00,"Total Cost": 322.00,"Plan Rows": 10000,"Plan Width": 8,"Actual Startup Time": 0.026,"Actual Total Time": 4.474,"Actual Rows": 10000,"Actual Loops": 3,"Workers": []},{"Node Type": "Hash","Parent Relationship": "Inner","Parallel Aware": false,"Async Capable": false,"Startup Cost": 1.38,"Total Cost": 1.38,"Plan Rows": 2,"Plan Width": 108,"Actual Startup Time": 0.015,"Actual Total Time": 0.021,"Actual Rows": 2,"Actual Loops": 3,"Hash Buckets": 1024,"Original Hash Buckets": 1024,"Hash Batches": 1,"Original Hash Batches": 1,"Peak Memory Usage": 9,"Workers": [],"Plans": [{"Node Type": "Seq Scan","Parent Relationship": "Outer","Parallel Aware": false,"Async Capable": false,"Relation Name": "nation","Alias": "n1","Startup Cost": 0.00,"Total Cost": 1.38,"Plan Rows": 2,"Plan Width": 108,"Actual Startup Time": 0.009,"Actual Total Time": 0.012,"Actual Rows": 2,"Actual Loops": 3,"Filter": "((n_name = 'MOROCCO'::bpchar) OR (n_name = 'SAUDI ARABIA'::bpchar))","Rows Removed by Filter": 23,"Workers": []}]}]}]}]}]}]}]}]},"Planning Time": 7.568,"Triggers": [],"Execution Time": 949.807}]
[{"Plan": {"Node Type": "Aggregate","Strategy": "Sorted","Partial Mode": "Finalize","Parallel Aware": false,"Async Capable": false,"Startup Cost": 72556.41,"Total Cost": 73352.71,"Plan Rows": 5893,"Plan Width": 272,"Actual Startup Time": 917.898,"Actual Total Time": 962.142,"Actual Rows": 4,"Actual Loops": 1,"Group Key": ["n1.n_name", "n2.n_name", "(EXTRACT(year FROM lineitem.l_shipdate))"],"Plans": [{"Node Type": "Gather Merge","Parent Relationship": "Outer","Parallel Aware": false,"Async Capable": false,"Startup Cost": 72556.41,"Total Cost": 73202.94,"Plan Rows": 4910,"Plan Width": 272,"Actual Startup Time": 917.093,"Actual Total Time": 962.060,"Actual Rows": 12,"Actual Loops": 1,"Workers Planned": 2,"Workers Launched": 2,"Plans": [{"Node Type": "Aggregate","Strategy": "Sorted","Partial Mode": "Partial","Parent Relationship": "Outer","Parallel Aware": false,"Async Capable": false,"Startup Cost": 71556.39,"Total Cost": 71636.18,"Plan Rows": 2455,"Plan Width": 272,"Actual Startup Time": 909.232,"Actual Total Time": 910.117,"Actual Rows": 4,"Actual Loops": 3,"Group Key": ["n1.n_name", "n2.n_name", "(EXTRACT(year FROM lineitem.l_shipdate))"],"Workers": [],"Plans": [{"Node Type": "Sort","Parent Relationship": "Outer","Parallel Aware": false,"Async Capable": false,"Startup Cost": 71556.39,"Total Cost": 71562.53,"Plan Rows": 2455,"Plan Width": 252,"Actual Startup Time": 908.969,"Actual Total Time": 909.096,"Actual Rows": 1970,"Actual Loops": 3,"Sort Key": ["n1.n_name", "n2.n_name", "(EXTRACT(year FROM lineitem.l_shipdate))"],"Sort Method": "quicksort","Sort Space Used": 271,"Sort Space Type": "Memory","Workers": [{"Worker Number": 0,"Sort Method": "quicksort","Sort Space Used": 261,"Sort Space Type": "Memory"},{"Worker Number": 1,"Sort Method": "quicksort","Sort Space Used": 261,"Sort Space Type": "Memory"}],"Plans": [{"Node Type": "Hash Join","Parent Relationship": "Outer","Parallel Aware": false,"Async Capable": false,"Join Type": "Inner","Startup Cost": 366.16,"Total Cost": 71418.15,"Plan Rows": 2455,"Plan Width": 252,"Actual Startup Time": 13.731,"Actual Total Time": 907.097,"Actual Rows": 1970,"Actual Loops": 3,"Inner Unique": false,"Hash Cond": "(lineitem.l_suppkey = supplier.s_suppkey)","Join Filter": "(((n1.n_name = 'INDIA'::bpchar) AND (n2.n_name = 'SAUDI ARABIA'::bpchar)) OR ((n1.n_name = 'SAUDI ARABIA'::bpchar) AND (n2.n_name = 'INDIA'::bpchar)))","Rows Removed by Join Filter": 1989,"Workers": [],"Plans": [{"Node Type": "Nested Loop","Parent Relationship": "Outer","Parallel Aware": false,"Async Capable": false,"Join Type": "Inner","Startup Cost": 2.26,"Total Cost": 70727.78,"Plan Rows": 60250,"Plan Width": 124,"Actual Startup Time": 0.788,"Actual Total Time": 888.532,"Actual Rows": 48009,"Actual Loops": 3,"Inner Unique": false,"Workers": [],"Plans": [{"Node Type": "Nested Loop","Parent Relationship": "Outer","Parallel Aware": false,"Async Capable": false,"Join Type": "Inner","Startup Cost": 1.83,"Total Cost": 12400.01,"Plan Rows": 49000,"Plan Width": 108,"Actual Startup Time": 0.302,"Actual Total Time": 220.548,"Actual Rows": 39427,"Actual Loops": 3,"Inner Unique": false,"Workers": [],"Plans": [{"Node Type": "Hash Join","Parent Relationship": "Outer","Parallel Aware": false,"Async Capable": false,"Join Type": "Inner","Startup Cost": 1.40,"Total Cost": 4403.27,"Plan Rows": 4900,"Plan Width": 108,"Actual Startup Time": 0.180,"Actual Total Time": 43.400,"Actual Rows": 3982,"Actual Loops": 3,"Inner Unique": true,"Hash Cond": "(customer.c_nationkey = n2.n_nationkey)","Workers": [],"Plans": [{"Node Type": "Seq Scan","Parent Relationship": "Outer","Parallel Aware": true,"Async Capable": false,"Relation Name": "customer","Alias": "customer","Startup Cost": 0.00,"Total Cost": 4210.00,"Plan Rows": 62500,"Plan Width": 8,"Actual Startup Time": 0.011,"Actual Total Time": 9.161,"Actual Rows": 50000,"Actual Loops": 3,"Workers": []},{"Node Type": "Hash","Parent Relationship": "Inner","Parallel Aware": false,"Async Capable": false,"Startup Cost": 1.38,"Total Cost": 1.38,"Plan Rows": 2,"Plan Width": 108,"Actual Startup Time": 0.081,"Actual Total Time": 0.087,"Actual Rows": 2,"Actual Loops": 3,"Hash Buckets": 1024,"Original Hash Buckets": 1024,"Hash Batches": 1,"Original Hash Batches": 1,"Peak Memory Usage": 9,"Workers": [],"Plans": [{"Node Type": "Seq Scan","Parent Relationship": "Outer","Parallel Aware": false,"Async Capable": false,"Relation Name": "nation","Alias": "n2","Startup Cost": 0.00,"Total Cost": 1.38,"Plan Rows": 2,"Plan Width": 108,"Actual Startup Time": 0.067,"Actual Total Time": 0.072,"Actual Rows": 2,"Actual Loops": 3,"Filter": "((n_name = 'SAUDI ARABIA'::bpchar) OR (n_name = 'INDIA'::bpchar))","Rows Removed by Filter": 23,"Workers": []}]}]},{"Node Type": "Index Scan","Parent Relationship": "Inner","Parallel Aware": false,"Async Capable": false,"Scan Direction": "Forward","Index Name": "idx_orders_custkey","Relation Name": "orders","Alias": "orders","Startup Cost": 0.43,"Total Cost": 1.46,"Plan Rows": 17,"Plan Width": 8,"Actual Startup Time": 0.007,"Actual Total Time": 0.043,"Actual Rows": 10,"Actual Loops": 11946,"Index Cond": "(o_custkey = customer.c_custkey)","Rows Removed by Index Recheck": 0,"Workers": []}]},{"Node Type": "Index Scan","Parent Relationship": "Inner","Parallel Aware": false,"Async Capable": false,"Scan Direction": "Forward","Index Name": "idx_lineitem_orderkey","Relation Name": "lineitem","Alias": "lineitem","Startup Cost": 0.43,"Total Cost": 1.14,"Plan Rows": 5,"Plan Width": 24,"Actual Startup Time": 0.016,"Actual Total Time": 0.017,"Actual Rows": 1,"Actual Loops": 118280,"Index Cond": "(l_orderkey = orders.o_orderkey)","Rows Removed by Index Recheck": 0,"Filter": "((l_shipdate >= '1995-01-01'::date) AND (l_shipdate <= '1996-12-31'::date))","Rows Removed by Filter": 3,"Workers": []}]},{"Node Type": "Hash","Parent Relationship": "Inner","Parallel Aware": false,"Async Capable": false,"Startup Cost": 354.10,"Total Cost": 354.10,"Plan Rows": 784,"Plan Width": 108,"Actual Startup Time": 11.520,"Actual Total Time": 11.532,"Actual Rows": 826,"Actual Loops": 3,"Hash Buckets": 1024,"Original Hash Buckets": 1024,"Hash Batches": 1,"Original Hash Batches": 1,"Peak Memory Usage": 59,"Workers": [],"Plans": [{"Node Type": "Hash Join","Parent Relationship": "Outer","Parallel Aware": false,"Async Capable": false,"Join Type": "Inner","Startup Cost": 1.40,"Total Cost": 354.10,"Plan Rows": 784,"Plan Width": 108,"Actual Startup Time": 0.074,"Actual Total Time": 11.324,"Actual Rows": 826,"Actual Loops": 3,"Inner Unique": true,"Hash Cond": "(supplier.s_nationkey = n1.n_nationkey)","Workers": [],"Plans": [{"Node Type": "Seq Scan","Parent Relationship": "Outer","Parallel Aware": false,"Async Capable": false,"Relation Name": "supplier","Alias": "supplier","Startup Cost": 0.00,"Total Cost": 322.00,"Plan Rows": 10000,"Plan Width": 8,"Actual Startup Time": 0.025,"Actual Total Time": 4.438,"Actual Rows": 10000,"Actual Loops": 3,"Workers": []},{"Node Type": "Hash","Parent Relationship": "Inner","Parallel Aware": false,"Async Capable": false,"Startup Cost": 1.38,"Total Cost": 1.38,"Plan Rows": 2,"Plan Width": 108,"Actual Startup Time": 0.014,"Actual Total Time": 0.018,"Actual Rows": 2,"Actual Loops": 3,"Hash Buckets": 1024,"Original Hash Buckets": 1024,"Hash Batches": 1,"Original Hash Batches": 1,"Peak Memory Usage": 9,"Workers": [],"Plans": [{"Node Type": "Seq Scan","Parent Relationship": "Outer","Parallel Aware": false,"Async Capable": false,"Relation Name": "nation","Alias": "n1","Startup Cost": 0.00,"Total Cost": 1.38,"Plan Rows": 2,"Plan Width": 108,"Actual Startup Time": 0.006,"Actual Total Time": 0.009,"Actual Rows": 2,"Actual Loops": 3,"Filter": "((n_name = 'INDIA'::bpchar) OR (n_name = 'SAUDI ARABIA'::bpchar))","Rows Removed by Filter": 23,"Workers": []}]}]}]}]}]}]}]}]},"Planning Time": 7.880,"Triggers": [],"Execution Time": 962.607}]
[{"Plan": {"Node Type": "Aggregate","Strategy": "Sorted","Partial Mode": "Finalize","Parallel Aware": false,"Async Capable": false,"Startup Cost": 72556.41,"Total Cost": 73352.71,"Plan Rows": 5893,"Plan Width": 272,"Actual Startup Time": 912.847,"Actual Total Time": 957.871,"Actual Rows": 4,"Actual Loops": 1,"Group Key": ["n1.n_name", "n2.n_name", "(EXTRACT(year FROM lineitem.l_shipdate))"],"Plans": [{"Node Type": "Gather Merge","Parent Relationship": "Outer","Parallel Aware": false,"Async Capable": false,"Startup Cost": 72556.41,"Total Cost": 73202.94,"Plan Rows": 4910,"Plan Width": 272,"Actual Startup Time": 912.208,"Actual Total Time": 957.806,"Actual Rows": 12,"Actual Loops": 1,"Workers Planned": 2,"Workers Launched": 2,"Plans": [{"Node Type": "Aggregate","Strategy": "Sorted","Partial Mode": "Partial","Parent Relationship": "Outer","Parallel Aware": false,"Async Capable": false,"Startup Cost": 71556.39,"Total Cost": 71636.18,"Plan Rows": 2455,"Plan Width": 272,"Actual Startup Time": 904.197,"Actual Total Time": 904.966,"Actual Rows": 4,"Actual Loops": 3,"Group Key": ["n1.n_name", "n2.n_name", "(EXTRACT(year FROM lineitem.l_shipdate))"],"Workers": [],"Plans": [{"Node Type": "Sort","Parent Relationship": "Outer","Parallel Aware": false,"Async Capable": false,"Startup Cost": 71556.39,"Total Cost": 71562.53,"Plan Rows": 2455,"Plan Width": 252,"Actual Startup Time": 903.934,"Actual Total Time": 904.053,"Actual Rows": 1822,"Actual Loops": 3,"Sort Key": ["n1.n_name", "n2.n_name", "(EXTRACT(year FROM lineitem.l_shipdate))"],"Sort Method": "quicksort","Sort Space Used": 259,"Sort Space Type": "Memory","Workers": [{"Worker Number": 0,"Sort Method": "quicksort","Sort Space Used": 247,"Sort Space Type": "Memory"},{"Worker Number": 1,"Sort Method": "quicksort","Sort Space Used": 238,"Sort Space Type": "Memory"}],"Plans": [{"Node Type": "Hash Join","Parent Relationship": "Outer","Parallel Aware": false,"Async Capable": false,"Join Type": "Inner","Startup Cost": 366.16,"Total Cost": 71418.15,"Plan Rows": 2455,"Plan Width": 252,"Actual Startup Time": 11.633,"Actual Total Time": 902.174,"Actual Rows": 1822,"Actual Loops": 3,"Inner Unique": false,"Hash Cond": "(lineitem.l_suppkey = supplier.s_suppkey)","Join Filter": "(((n1.n_name = 'MOROCCO'::bpchar) AND (n2.n_name = 'ETHIOPIA'::bpchar)) OR ((n1.n_name = 'ETHIOPIA'::bpchar) AND (n2.n_name = 'MOROCCO'::bpchar)))","Rows Removed by Join Filter": 1850,"Workers": [],"Plans": [{"Node Type": "Nested Loop","Parent Relationship": "Outer","Parallel Aware": false,"Async Capable": false,"Join Type": "Inner","Startup Cost": 2.26,"Total Cost": 70727.78,"Plan Rows": 60250,"Plan Width": 124,"Actual Startup Time": 0.555,"Actual Total Time": 884.643,"Actual Rows": 48675,"Actual Loops": 3,"Inner Unique": false,"Workers": [],"Plans": [{"Node Type": "Nested Loop","Parent Relationship": "Outer","Parallel Aware": false,"Async Capable": false,"Join Type": "Inner","Startup Cost": 1.83,"Total Cost": 12400.01,"Plan Rows": 49000,"Plan Width": 108,"Actual Startup Time": 0.327,"Actual Total Time": 219.126,"Actual Rows": 39722,"Actual Loops": 3,"Inner Unique": false,"Workers": [],"Plans": [{"Node Type": "Hash Join","Parent Relationship": "Outer","Parallel Aware": false,"Async Capable": false,"Join Type": "Inner","Startup Cost": 1.40,"Total Cost": 4403.27,"Plan Rows": 4900,"Plan Width": 108,"Actual Startup Time": 0.220,"Actual Total Time": 43.275,"Actual Rows": 3958,"Actual Loops": 3,"Inner Unique": true,"Hash Cond": "(customer.c_nationkey = n2.n_nationkey)","Workers": [],"Plans": [{"Node Type": "Seq Scan","Parent Relationship": "Outer","Parallel Aware": true,"Async Capable": false,"Relation Name": "customer","Alias": "customer","Startup Cost": 0.00,"Total Cost": 4210.00,"Plan Rows": 62500,"Plan Width": 8,"Actual Startup Time": 0.016,"Actual Total Time": 9.029,"Actual Rows": 50000,"Actual Loops": 3,"Workers": []},{"Node Type": "Hash","Parent Relationship": "Inner","Parallel Aware": false,"Async Capable": false,"Startup Cost": 1.38,"Total Cost": 1.38,"Plan Rows": 2,"Plan Width": 108,"Actual Startup Time": 0.085,"Actual Total Time": 0.092,"Actual Rows": 2,"Actual Loops": 3,"Hash Buckets": 1024,"Original Hash Buckets": 1024,"Hash Batches": 1,"Original Hash Batches": 1,"Peak Memory Usage": 9,"Workers": [],"Plans": [{"Node Type": "Seq Scan","Parent Relationship": "Outer","Parallel Aware": false,"Async Capable": false,"Relation Name": "nation","Alias": "n2","Startup Cost": 0.00,"Total Cost": 1.38,"Plan Rows": 2,"Plan Width": 108,"Actual Startup Time": 0.060,"Actual Total Time": 0.069,"Actual Rows": 2,"Actual Loops": 3,"Filter": "((n_name = 'ETHIOPIA'::bpchar) OR (n_name = 'MOROCCO'::bpchar))","Rows Removed by Filter": 23,"Workers": []}]}]},{"Node Type": "Index Scan","Parent Relationship": "Inner","Parallel Aware": false,"Async Capable": false,"Scan Direction": "Forward","Index Name": "idx_orders_custkey","Relation Name": "orders","Alias": "orders","Startup Cost": 0.43,"Total Cost": 1.46,"Plan Rows": 17,"Plan Width": 8,"Actual Startup Time": 0.007,"Actual Total Time": 0.043,"Actual Rows": 10,"Actual Loops": 11873,"Index Cond": "(o_custkey = customer.c_custkey)","Rows Removed by Index Recheck": 0,"Workers": []}]},{"Node Type": "Index Scan","Parent Relationship": "Inner","Parallel Aware": false,"Async Capable": false,"Scan Direction": "Forward","Index Name": "idx_lineitem_orderkey","Relation Name": "lineitem","Alias": "lineitem","Startup Cost": 0.43,"Total Cost": 1.14,"Plan Rows": 5,"Plan Width": 24,"Actual Startup Time": 0.016,"Actual Total Time": 0.016,"Actual Rows": 1,"Actual Loops": 119165,"Index Cond": "(l_orderkey = orders.o_orderkey)","Rows Removed by Index Recheck": 0,"Filter": "((l_shipdate >= '1995-01-01'::date) AND (l_shipdate <= '1996-12-31'::date))","Rows Removed by Filter": 3,"Workers": []}]},{"Node Type": "Hash","Parent Relationship": "Inner","Parallel Aware": false,"Async Capable": false,"Startup Cost": 354.10,"Total Cost": 354.10,"Plan Rows": 784,"Plan Width": 108,"Actual Startup Time": 10.688,"Actual Total Time": 10.703,"Actual Rows": 753,"Actual Loops": 3,"Hash Buckets": 1024,"Original Hash Buckets": 1024,"Hash Batches": 1,"Original Hash Batches": 1,"Peak Memory Usage": 54,"Workers": [],"Plans": [{"Node Type": "Hash Join","Parent Relationship": "Outer","Parallel Aware": false,"Async Capable": false,"Join Type": "Inner","Startup Cost": 1.40,"Total Cost": 354.10,"Plan Rows": 784,"Plan Width": 108,"Actual Startup Time": 0.082,"Actual Total Time": 10.515,"Actual Rows": 753,"Actual Loops": 3,"Inner Unique": true,"Hash Cond": "(supplier.s_nationkey = n1.n_nationkey)","Workers": [],"Plans": [{"Node Type": "Seq Scan","Parent Relationship": "Outer","Parallel Aware": false,"Async Capable": false,"Relation Name": "supplier","Alias": "supplier","Startup Cost": 0.00,"Total Cost": 322.00,"Plan Rows": 10000,"Plan Width": 8,"Actual Startup Time": 0.031,"Actual Total Time": 4.611,"Actual Rows": 10000,"Actual Loops": 3,"Workers": []},{"Node Type": "Hash","Parent Relationship": "Inner","Parallel Aware": false,"Async Capable": false,"Startup Cost": 1.38,"Total Cost": 1.38,"Plan Rows": 2,"Plan Width": 108,"Actual Startup Time": 0.019,"Actual Total Time": 0.024,"Actual Rows": 2,"Actual Loops": 3,"Hash Buckets": 1024,"Original Hash Buckets": 1024,"Hash Batches": 1,"Original Hash Batches": 1,"Peak Memory Usage": 9,"Workers": [],"Plans": [{"Node Type": "Seq Scan","Parent Relationship": "Outer","Parallel Aware": false,"Async Capable": false,"Relation Name": "nation","Alias": "n1","Startup Cost": 0.00,"Total Cost": 1.38,"Plan Rows": 2,"Plan Width": 108,"Actual Startup Time": 0.006,"Actual Total Time": 0.013,"Actual Rows": 2,"Actual Loops": 3,"Filter": "((n_name = 'MOROCCO'::bpchar) OR (n_name = 'ETHIOPIA'::bpchar))","Rows Removed by Filter": 23,"Workers": []}]}]}]}]}]}]}]}]},"Planning Time": 9.120,"Triggers": [],"Execution Time": 958.294}]
[{"Plan": {"Node Type": "Aggregate","Strategy": "Sorted","Partial Mode": "Finalize","Parallel Aware": false,"Async Capable": false,"Startup Cost": 72556.41,"Total Cost": 73352.71,"Plan Rows": 5893,"Plan Width": 272,"Actual Startup Time": 927.073,"Actual Total Time": 981.423,"Actual Rows": 4,"Actual Loops": 1,"Group Key": ["n1.n_name", "n2.n_name", "(EXTRACT(year FROM lineitem.l_shipdate))"],"Plans": [{"Node Type": "Gather Merge","Parent Relationship": "Outer","Parallel Aware": false,"Async Capable": false,"Startup Cost": 72556.41,"Total Cost": 73202.94,"Plan Rows": 4910,"Plan Width": 272,"Actual Startup Time": 926.187,"Actual Total Time": 981.324,"Actual Rows": 12,"Actual Loops": 1,"Workers Planned": 2,"Workers Launched": 2,"Plans": [{"Node Type": "Aggregate","Strategy": "Sorted","Partial Mode": "Partial","Parent Relationship": "Outer","Parallel Aware": false,"Async Capable": false,"Startup Cost": 71556.39,"Total Cost": 71636.18,"Plan Rows": 2455,"Plan Width": 272,"Actual Startup Time": 918.201,"Actual Total Time": 919.120,"Actual Rows": 4,"Actual Loops": 3,"Group Key": ["n1.n_name", "n2.n_name", "(EXTRACT(year FROM lineitem.l_shipdate))"],"Workers": [],"Plans": [{"Node Type": "Sort","Parent Relationship": "Outer","Parallel Aware": false,"Async Capable": false,"Startup Cost": 71556.39,"Total Cost": 71562.53,"Plan Rows": 2455,"Plan Width": 252,"Actual Startup Time": 917.943,"Actual Total Time": 918.070,"Actual Rows": 1914,"Actual Loops": 3,"Sort Key": ["n1.n_name", "n2.n_name", "(EXTRACT(year FROM lineitem.l_shipdate))"],"Sort Method": "quicksort","Sort Space Used": 254,"Sort Space Type": "Memory","Workers": [{"Worker Number": 0,"Sort Method": "quicksort","Sort Space Used": 262,"Sort Space Type": "Memory"},{"Worker Number": 1,"Sort Method": "quicksort","Sort Space Used": 257,"Sort Space Type": "Memory"}],"Plans": [{"Node Type": "Hash Join","Parent Relationship": "Outer","Parallel Aware": false,"Async Capable": false,"Join Type": "Inner","Startup Cost": 366.16,"Total Cost": 71418.15,"Plan Rows": 2455,"Plan Width": 252,"Actual Startup Time": 10.211,"Actual Total Time": 916.153,"Actual Rows": 1914,"Actual Loops": 3,"Inner Unique": false,"Hash Cond": "(lineitem.l_suppkey = supplier.s_suppkey)","Join Filter": "(((n1.n_name = 'ROMANIA'::bpchar) AND (n2.n_name = 'KENYA'::bpchar)) OR ((n1.n_name = 'KENYA'::bpchar) AND (n2.n_name = 'ROMANIA'::bpchar)))","Rows Removed by Join Filter": 1852,"Workers": [],"Plans": [{"Node Type": "Nested Loop","Parent Relationship": "Outer","Parallel Aware": false,"Async Capable": false,"Join Type": "Inner","Startup Cost": 2.26,"Total Cost": 70727.78,"Plan Rows": 60250,"Plan Width": 124,"Actual Startup Time": 1.011,"Actual Total Time": 901.532,"Actual Rows": 48493,"Actual Loops": 3,"Inner Unique": false,"Workers": [],"Plans": [{"Node Type": "Nested Loop","Parent Relationship": "Outer","Parallel Aware": false,"Async Capable": false,"Join Type": "Inner","Startup Cost": 1.83,"Total Cost": 12400.01,"Plan Rows": 49000,"Plan Width": 108,"Actual Startup Time": 0.392,"Actual Total Time": 225.967,"Actual Rows": 39984,"Actual Loops": 3,"Inner Unique": false,"Workers": [],"Plans": [{"Node Type": "Hash Join","Parent Relationship": "Outer","Parallel Aware": false,"Async Capable": false,"Join Type": "Inner","Startup Cost": 1.40,"Total Cost": 4403.27,"Plan Rows": 4900,"Plan Width": 108,"Actual Startup Time": 0.225,"Actual Total Time": 46.554,"Actual Rows": 4031,"Actual Loops": 3,"Inner Unique": true,"Hash Cond": "(customer.c_nationkey = n2.n_nationkey)","Workers": [],"Plans": [{"Node Type": "Seq Scan","Parent Relationship": "Outer","Parallel Aware": true,"Async Capable": false,"Relation Name": "customer","Alias": "customer","Startup Cost": 0.00,"Total Cost": 4210.00,"Plan Rows": 62500,"Plan Width": 8,"Actual Startup Time": 0.020,"Actual Total Time": 9.561,"Actual Rows": 50000,"Actual Loops": 3,"Workers": []},{"Node Type": "Hash","Parent Relationship": "Inner","Parallel Aware": false,"Async Capable": false,"Startup Cost": 1.38,"Total Cost": 1.38,"Plan Rows": 2,"Plan Width": 108,"Actual Startup Time": 0.091,"Actual Total Time": 0.099,"Actual Rows": 2,"Actual Loops": 3,"Hash Buckets": 1024,"Original Hash Buckets": 1024,"Hash Batches": 1,"Original Hash Batches": 1,"Peak Memory Usage": 9,"Workers": [],"Plans": [{"Node Type": "Seq Scan","Parent Relationship": "Outer","Parallel Aware": false,"Async Capable": false,"Relation Name": "nation","Alias": "n2","Startup Cost": 0.00,"Total Cost": 1.38,"Plan Rows": 2,"Plan Width": 108,"Actual Startup Time": 0.072,"Actual Total Time": 0.077,"Actual Rows": 2,"Actual Loops": 3,"Filter": "((n_name = 'KENYA'::bpchar) OR (n_name = 'ROMANIA'::bpchar))","Rows Removed by Filter": 23,"Workers": []}]}]},{"Node Type": "Index Scan","Parent Relationship": "Inner","Parallel Aware": false,"Async Capable": false,"Scan Direction": "Forward","Index Name": "idx_orders_custkey","Relation Name": "orders","Alias": "orders","Startup Cost": 0.43,"Total Cost": 1.46,"Plan Rows": 17,"Plan Width": 8,"Actual Startup Time": 0.007,"Actual Total Time": 0.043,"Actual Rows": 10,"Actual Loops": 12092,"Index Cond": "(o_custkey = customer.c_custkey)","Rows Removed by Index Recheck": 0,"Workers": []}]},{"Node Type": "Index Scan","Parent Relationship": "Inner","Parallel Aware": false,"Async Capable": false,"Scan Direction": "Forward","Index Name": "idx_lineitem_orderkey","Relation Name": "lineitem","Alias": "lineitem","Startup Cost": 0.43,"Total Cost": 1.14,"Plan Rows": 5,"Plan Width": 24,"Actual Startup Time": 0.016,"Actual Total Time": 0.017,"Actual Rows": 1,"Actual Loops": 119952,"Index Cond": "(l_orderkey = orders.o_orderkey)","Rows Removed by Index Recheck": 0,"Filter": "((l_shipdate >= '1995-01-01'::date) AND (l_shipdate <= '1996-12-31'::date))","Rows Removed by Filter": 3,"Workers": []}]},{"Node Type": "Hash","Parent Relationship": "Inner","Parallel Aware": false,"Async Capable": false,"Startup Cost": 354.10,"Total Cost": 354.10,"Plan Rows": 784,"Plan Width": 108,"Actual Startup Time": 7.410,"Actual Total Time": 7.422,"Actual Rows": 774,"Actual Loops": 3,"Hash Buckets": 1024,"Original Hash Buckets": 1024,"Hash Batches": 1,"Original Hash Batches": 1,"Peak Memory Usage": 55,"Workers": [],"Plans": [{"Node Type": "Hash Join","Parent Relationship": "Outer","Parallel Aware": false,"Async Capable": false,"Join Type": "Inner","Startup Cost": 1.40,"Total Cost": 354.10,"Plan Rows": 784,"Plan Width": 108,"Actual Startup Time": 0.096,"Actual Total Time": 7.246,"Actual Rows": 774,"Actual Loops": 3,"Inner Unique": true,"Hash Cond": "(supplier.s_nationkey = n1.n_nationkey)","Workers": [],"Plans": [{"Node Type": "Seq Scan","Parent Relationship": "Outer","Parallel Aware": false,"Async Capable": false,"Relation Name": "supplier","Alias": "supplier","Startup Cost": 0.00,"Total Cost": 322.00,"Plan Rows": 10000,"Plan Width": 8,"Actual Startup Time": 0.038,"Actual Total Time": 3.970,"Actual Rows": 10000,"Actual Loops": 3,"Workers": []},{"Node Type": "Hash","Parent Relationship": "Inner","Parallel Aware": false,"Async Capable": false,"Startup Cost": 1.38,"Total Cost": 1.38,"Plan Rows": 2,"Plan Width": 108,"Actual Startup Time": 0.020,"Actual Total Time": 0.025,"Actual Rows": 2,"Actual Loops": 3,"Hash Buckets": 1024,"Original Hash Buckets": 1024,"Hash Batches": 1,"Original Hash Batches": 1,"Peak Memory Usage": 9,"Workers": [],"Plans": [{"Node Type": "Seq Scan","Parent Relationship": "Outer","Parallel Aware": false,"Async Capable": false,"Relation Name": "nation","Alias": "n1","Startup Cost": 0.00,"Total Cost": 1.38,"Plan Rows": 2,"Plan Width": 108,"Actual Startup Time": 0.010,"Actual Total Time": 0.014,"Actual Rows": 2,"Actual Loops": 3,"Filter": "((n_name = 'ROMANIA'::bpchar) OR (n_name = 'KENYA'::bpchar))","Rows Removed by Filter": 23,"Workers": []}]}]}]}]}]}]}]}]},"Planning Time": 8.278,"Triggers": [],"Execution Time": 981.894}]
[{"Plan": {"Node Type": "Aggregate","Strategy": "Sorted","Partial Mode": "Finalize","Parallel Aware": false,"Async Capable": false,"Startup Cost": 72556.41,"Total Cost": 73352.71,"Plan Rows": 5893,"Plan Width": 272,"Actual Startup Time": 922.683,"Actual Total Time": 966.381,"Actual Rows": 4,"Actual Loops": 1,"Group Key": ["n1.n_name", "n2.n_name", "(EXTRACT(year FROM lineitem.l_shipdate))"],"Plans": [{"Node Type": "Gather Merge","Parent Relationship": "Outer","Parallel Aware": false,"Async Capable": false,"Startup Cost": 72556.41,"Total Cost": 73202.94,"Plan Rows": 4910,"Plan Width": 272,"Actual Startup Time": 922.409,"Actual Total Time": 966.339,"Actual Rows": 12,"Actual Loops": 1,"Workers Planned": 2,"Workers Launched": 2,"Plans": [{"Node Type": "Aggregate","Strategy": "Sorted","Partial Mode": "Partial","Parent Relationship": "Outer","Parallel Aware": false,"Async Capable": false,"Startup Cost": 71556.39,"Total Cost": 71636.18,"Plan Rows": 2455,"Plan Width": 272,"Actual Startup Time": 914.722,"Actual Total Time": 915.403,"Actual Rows": 4,"Actual Loops": 3,"Group Key": ["n1.n_name", "n2.n_name", "(EXTRACT(year FROM lineitem.l_shipdate))"],"Workers": [],"Plans": [{"Node Type": "Sort","Parent Relationship": "Outer","Parallel Aware": false,"Async Capable": false,"Startup Cost": 71556.39,"Total Cost": 71562.53,"Plan Rows": 2455,"Plan Width": 252,"Actual Startup Time": 914.447,"Actual Total Time": 914.559,"Actual Rows": 1869,"Actual Loops": 3,"Sort Key": ["n1.n_name", "n2.n_name", "(EXTRACT(year FROM lineitem.l_shipdate))"],"Sort Method": "quicksort","Sort Space Used": 258,"Sort Space Type": "Memory","Workers": [{"Worker Number": 0,"Sort Method": "quicksort","Sort Space Used": 246,"Sort Space Type": "Memory"},{"Worker Number": 1,"Sort Method": "quicksort","Sort Space Used": 255,"Sort Space Type": "Memory"}],"Plans": [{"Node Type": "Hash Join","Parent Relationship": "Outer","Parallel Aware": false,"Async Capable": false,"Join Type": "Inner","Startup Cost": 366.16,"Total Cost": 71418.15,"Plan Rows": 2455,"Plan Width": 252,"Actual Startup Time": 12.817,"Actual Total Time": 912.671,"Actual Rows": 1869,"Actual Loops": 3,"Inner Unique": false,"Hash Cond": "(lineitem.l_suppkey = supplier.s_suppkey)","Join Filter": "(((n1.n_name = 'IRAN'::bpchar) AND (n2.n_name = 'JORDAN'::bpchar)) OR ((n1.n_name = 'JORDAN'::bpchar) AND (n2.n_name = 'IRAN'::bpchar)))","Rows Removed by Join Filter": 1822,"Workers": [],"Plans": [{"Node Type": "Nested Loop","Parent Relationship": "Outer","Parallel Aware": false,"Async Capable": false,"Join Type": "Inner","Startup Cost": 2.26,"Total Cost": 70727.78,"Plan Rows": 60250,"Plan Width": 124,"Actual Startup Time": 0.677,"Actual Total Time": 894.592,"Actual Rows": 48824,"Actual Loops": 3,"Inner Unique": false,"Workers": [],"Plans": [{"Node Type": "Nested Loop","Parent Relationship": "Outer","Parallel Aware": false,"Async Capable": false,"Join Type": "Inner","Startup Cost": 1.83,"Total Cost": 12400.01,"Plan Rows": 49000,"Plan Width": 108,"Actual Startup Time": 0.347,"Actual Total Time": 221.198,"Actual Rows": 40137,"Actual Loops": 3,"Inner Unique": false,"Workers": [],"Plans": [{"Node Type": "Hash Join","Parent Relationship": "Outer","Parallel Aware": false,"Async Capable": false,"Join Type": "Inner","Startup Cost": 1.40,"Total Cost": 4403.27,"Plan Rows": 4900,"Plan Width": 108,"Actual Startup Time": 0.224,"Actual Total Time": 43.322,"Actual Rows": 4014,"Actual Loops": 3,"Inner Unique": true,"Hash Cond": "(customer.c_nationkey = n2.n_nationkey)","Workers": [],"Plans": [{"Node Type": "Seq Scan","Parent Relationship": "Outer","Parallel Aware": true,"Async Capable": false,"Relation Name": "customer","Alias": "customer","Startup Cost": 0.00,"Total Cost": 4210.00,"Plan Rows": 62500,"Plan Width": 8,"Actual Startup Time": 0.016,"Actual Total Time": 9.007,"Actual Rows": 50000,"Actual Loops": 3,"Workers": []},{"Node Type": "Hash","Parent Relationship": "Inner","Parallel Aware": false,"Async Capable": false,"Startup Cost": 1.38,"Total Cost": 1.38,"Plan Rows": 2,"Plan Width": 108,"Actual Startup Time": 0.094,"Actual Total Time": 0.098,"Actual Rows": 2,"Actual Loops": 3,"Hash Buckets": 1024,"Original Hash Buckets": 1024,"Hash Batches": 1,"Original Hash Batches": 1,"Peak Memory Usage": 9,"Workers": [],"Plans": [{"Node Type": "Seq Scan","Parent Relationship": "Outer","Parallel Aware": false,"Async Capable": false,"Relation Name": "nation","Alias": "n2","Startup Cost": 0.00,"Total Cost": 1.38,"Plan Rows": 2,"Plan Width": 108,"Actual Startup Time": 0.074,"Actual Total Time": 0.081,"Actual Rows": 2,"Actual Loops": 3,"Filter": "((n_name = 'JORDAN'::bpchar) OR (n_name = 'IRAN'::bpchar))","Rows Removed by Filter": 23,"Workers": []}]}]},{"Node Type": "Index Scan","Parent Relationship": "Inner","Parallel Aware": false,"Async Capable": false,"Scan Direction": "Forward","Index Name": "idx_orders_custkey","Relation Name": "orders","Alias": "orders","Startup Cost": 0.43,"Total Cost": 1.46,"Plan Rows": 17,"Plan Width": 8,"Actual Startup Time": 0.007,"Actual Total Time": 0.043,"Actual Rows": 10,"Actual Loops": 12042,"Index Cond": "(o_custkey = customer.c_custkey)","Rows Removed by Index Recheck": 0,"Workers": []}]},{"Node Type": "Index Scan","Parent Relationship": "Inner","Parallel Aware": false,"Async Capable": false,"Scan Direction": "Forward","Index Name": "idx_lineitem_orderkey","Relation Name": "lineitem","Alias": "lineitem","Startup Cost": 0.43,"Total Cost": 1.14,"Plan Rows": 5,"Plan Width": 24,"Actual Startup Time": 0.016,"Actual Total Time": 0.017,"Actual Rows": 1,"Actual Loops": 120411,"Index Cond": "(l_orderkey = orders.o_orderkey)","Rows Removed by Index Recheck": 0,"Filter": "((l_shipdate >= '1995-01-01'::date) AND (l_shipdate <= '1996-12-31'::date))","Rows Removed by Filter": 3,"Workers": []}]},{"Node Type": "Hash","Parent Relationship": "Inner","Parallel Aware": false,"Async Capable": false,"Startup Cost": 354.10,"Total Cost": 354.10,"Plan Rows": 784,"Plan Width": 108,"Actual Startup Time": 11.093,"Actual Total Time": 11.110,"Actual Rows": 755,"Actual Loops": 3,"Hash Buckets": 1024,"Original Hash Buckets": 1024,"Hash Batches": 1,"Original Hash Batches": 1,"Peak Memory Usage": 54,"Workers": [],"Plans": [{"Node Type": "Hash Join","Parent Relationship": "Outer","Parallel Aware": false,"Async Capable": false,"Join Type": "Inner","Startup Cost": 1.40,"Total Cost": 354.10,"Plan Rows": 784,"Plan Width": 108,"Actual Startup Time": 0.114,"Actual Total Time": 10.926,"Actual Rows": 755,"Actual Loops": 3,"Inner Unique": true,"Hash Cond": "(supplier.s_nationkey = n1.n_nationkey)","Workers": [],"Plans": [{"Node Type": "Seq Scan","Parent Relationship": "Outer","Parallel Aware": false,"Async Capable": false,"Relation Name": "supplier","Alias": "supplier","Startup Cost": 0.00,"Total Cost": 322.00,"Plan Rows": 10000,"Plan Width": 8,"Actual Startup Time": 0.052,"Actual Total Time": 4.443,"Actual Rows": 10000,"Actual Loops": 3,"Workers": []},{"Node Type": "Hash","Parent Relationship": "Inner","Parallel Aware": false,"Async Capable": false,"Startup Cost": 1.38,"Total Cost": 1.38,"Plan Rows": 2,"Plan Width": 108,"Actual Startup Time": 0.019,"Actual Total Time": 0.024,"Actual Rows": 2,"Actual Loops": 3,"Hash Buckets": 1024,"Original Hash Buckets": 1024,"Hash Batches": 1,"Original Hash Batches": 1,"Peak Memory Usage": 9,"Workers": [],"Plans": [{"Node Type": "Seq Scan","Parent Relationship": "Outer","Parallel Aware": false,"Async Capable": false,"Relation Name": "nation","Alias": "n1","Startup Cost": 0.00,"Total Cost": 1.38,"Plan Rows": 2,"Plan Width": 108,"Actual Startup Time": 0.007,"Actual Total Time": 0.013,"Actual Rows": 2,"Actual Loops": 3,"Filter": "((n_name = 'IRAN'::bpchar) OR (n_name = 'JORDAN'::bpchar))","Rows Removed by Filter": 23,"Workers": []}]}]}]}]}]}]}]}]},"Planning Time": 9.165,"Triggers": [],"Execution Time": 966.788}]
[{"Plan": {"Node Type": "Aggregate","Strategy": "Sorted","Partial Mode": "Finalize","Parallel Aware": false,"Async Capable": false,"Startup Cost": 72556.41,"Total Cost": 73352.71,"Plan Rows": 5893,"Plan Width": 272,"Actual Startup Time": 924.083,"Actual Total Time": 968.089,"Actual Rows": 4,"Actual Loops": 1,"Group Key": ["n1.n_name", "n2.n_name", "(EXTRACT(year FROM lineitem.l_shipdate))"],"Plans": [{"Node Type": "Gather Merge","Parent Relationship": "Outer","Parallel Aware": false,"Async Capable": false,"Startup Cost": 72556.41,"Total Cost": 73202.94,"Plan Rows": 4910,"Plan Width": 272,"Actual Startup Time": 923.586,"Actual Total Time": 968.019,"Actual Rows": 12,"Actual Loops": 1,"Workers Planned": 2,"Workers Launched": 2,"Plans": [{"Node Type": "Aggregate","Strategy": "Sorted","Partial Mode": "Partial","Parent Relationship": "Outer","Parallel Aware": false,"Async Capable": false,"Startup Cost": 71556.39,"Total Cost": 71636.18,"Plan Rows": 2455,"Plan Width": 272,"Actual Startup Time": 915.944,"Actual Total Time": 916.723,"Actual Rows": 4,"Actual Loops": 3,"Group Key": ["n1.n_name", "n2.n_name", "(EXTRACT(year FROM lineitem.l_shipdate))"],"Workers": [],"Plans": [{"Node Type": "Sort","Parent Relationship": "Outer","Parallel Aware": false,"Async Capable": false,"Startup Cost": 71556.39,"Total Cost": 71562.53,"Plan Rows": 2455,"Plan Width": 252,"Actual Startup Time": 915.655,"Actual Total Time": 915.773,"Actual Rows": 1949,"Actual Loops": 3,"Sort Key": ["n1.n_name", "n2.n_name", "(EXTRACT(year FROM lineitem.l_shipdate))"],"Sort Method": "quicksort","Sort Space Used": 268,"Sort Space Type": "Memory","Workers": [{"Worker Number": 0,"Sort Method": "quicksort","Sort Space Used": 258,"Sort Space Type": "Memory"},{"Worker Number": 1,"Sort Method": "quicksort","Sort Space Used": 258,"Sort Space Type": "Memory"}],"Plans": [{"Node Type": "Hash Join","Parent Relationship": "Outer","Parallel Aware": false,"Async Capable": false,"Join Type": "Inner","Startup Cost": 366.16,"Total Cost": 71418.15,"Plan Rows": 2455,"Plan Width": 252,"Actual Startup Time": 13.114,"Actual Total Time": 913.863,"Actual Rows": 1949,"Actual Loops": 3,"Inner Unique": false,"Hash Cond": "(lineitem.l_suppkey = supplier.s_suppkey)","Join Filter": "(((n1.n_name = 'BRAZIL'::bpchar) AND (n2.n_name = 'GERMANY'::bpchar)) OR ((n1.n_name = 'GERMANY'::bpchar) AND (n2.n_name = 'BRAZIL'::bpchar)))","Rows Removed by Join Filter": 1903,"Workers": [],"Plans": [{"Node Type": "Nested Loop","Parent Relationship": "Outer","Parallel Aware": false,"Async Capable": false,"Join Type": "Inner","Startup Cost": 2.26,"Total Cost": 70727.78,"Plan Rows": 60250,"Plan Width": 124,"Actual Startup Time": 1.065,"Actual Total Time": 895.877,"Actual Rows": 48738,"Actual Loops": 3,"Inner Unique": false,"Workers": [],"Plans": [{"Node Type": "Nested Loop","Parent Relationship": "Outer","Parallel Aware": false,"Async Capable": false,"Join Type": "Inner","Startup Cost": 1.83,"Total Cost": 12400.01,"Plan Rows": 49000,"Plan Width": 108,"Actual Startup Time": 0.351,"Actual Total Time": 222.022,"Actual Rows": 39954,"Actual Loops": 3,"Inner Unique": false,"Workers": [],"Plans": [{"Node Type": "Hash Join","Parent Relationship": "Outer","Parallel Aware": false,"Async Capable": false,"Join Type": "Inner","Startup Cost": 1.40,"Total Cost": 4403.27,"Plan Rows": 4900,"Plan Width": 108,"Actual Startup Time": 0.202,"Actual Total Time": 44.304,"Actual Rows": 3969,"Actual Loops": 3,"Inner Unique": true,"Hash Cond": "(customer.c_nationkey = n2.n_nationkey)","Workers": [],"Plans": [{"Node Type": "Seq Scan","Parent Relationship": "Outer","Parallel Aware": true,"Async Capable": false,"Relation Name": "customer","Alias": "customer","Startup Cost": 0.00,"Total Cost": 4210.00,"Plan Rows": 62500,"Plan Width": 8,"Actual Startup Time": 0.012,"Actual Total Time": 9.052,"Actual Rows": 50000,"Actual Loops": 3,"Workers": []},{"Node Type": "Hash","Parent Relationship": "Inner","Parallel Aware": false,"Async Capable": false,"Startup Cost": 1.38,"Total Cost": 1.38,"Plan Rows": 2,"Plan Width": 108,"Actual Startup Time": 0.083,"Actual Total Time": 0.091,"Actual Rows": 2,"Actual Loops": 3,"Hash Buckets": 1024,"Original Hash Buckets": 1024,"Hash Batches": 1,"Original Hash Batches": 1,"Peak Memory Usage": 9,"Workers": [],"Plans": [{"Node Type": "Seq Scan","Parent Relationship": "Outer","Parallel Aware": false,"Async Capable": false,"Relation Name": "nation","Alias": "n2","Startup Cost": 0.00,"Total Cost": 1.38,"Plan Rows": 2,"Plan Width": 108,"Actual Startup Time": 0.061,"Actual Total Time": 0.070,"Actual Rows": 2,"Actual Loops": 3,"Filter": "((n_name = 'GERMANY'::bpchar) OR (n_name = 'BRAZIL'::bpchar))","Rows Removed by Filter": 23,"Workers": []}]}]},{"Node Type": "Index Scan","Parent Relationship": "Inner","Parallel Aware": false,"Async Capable": false,"Scan Direction": "Forward","Index Name": "idx_orders_custkey","Relation Name": "orders","Alias": "orders","Startup Cost": 0.43,"Total Cost": 1.46,"Plan Rows": 17,"Plan Width": 8,"Actual Startup Time": 0.007,"Actual Total Time": 0.044,"Actual Rows": 10,"Actual Loops": 11907,"Index Cond": "(o_custkey = customer.c_custkey)","Rows Removed by Index Recheck": 0,"Workers": []}]},{"Node Type": "Index Scan","Parent Relationship": "Inner","Parallel Aware": false,"Async Capable": false,"Scan Direction": "Forward","Index Name": "idx_lineitem_orderkey","Relation Name": "lineitem","Alias": "lineitem","Startup Cost": 0.43,"Total Cost": 1.14,"Plan Rows": 5,"Plan Width": 24,"Actual Startup Time": 0.016,"Actual Total Time": 0.017,"Actual Rows": 1,"Actual Loops": 119861,"Index Cond": "(l_orderkey = orders.o_orderkey)","Rows Removed by Index Recheck": 0,"Filter": "((l_shipdate >= '1995-01-01'::date) AND (l_shipdate <= '1996-12-31'::date))","Rows Removed by Filter": 3,"Workers": []}]},{"Node Type": "Hash","Parent Relationship": "Inner","Parallel Aware": false,"Async Capable": false,"Startup Cost": 354.10,"Total Cost": 354.10,"Plan Rows": 784,"Plan Width": 108,"Actual Startup Time": 10.983,"Actual Total Time": 11.001,"Actual Rows": 793,"Actual Loops": 3,"Hash Buckets": 1024,"Original Hash Buckets": 1024,"Hash Batches": 1,"Original Hash Batches": 1,"Peak Memory Usage": 57,"Workers": [],"Plans": [{"Node Type": "Hash Join","Parent Relationship": "Outer","Parallel Aware": false,"Async Capable": false,"Join Type": "Inner","Startup Cost": 1.40,"Total Cost": 354.10,"Plan Rows": 784,"Plan Width": 108,"Actual Startup Time": 0.110,"Actual Total Time": 10.795,"Actual Rows": 793,"Actual Loops": 3,"Inner Unique": true,"Hash Cond": "(supplier.s_nationkey = n1.n_nationkey)","Workers": [],"Plans": [{"Node Type": "Seq Scan","Parent Relationship": "Outer","Parallel Aware": false,"Async Capable": false,"Relation Name": "supplier","Alias": "supplier","Startup Cost": 0.00,"Total Cost": 322.00,"Plan Rows": 10000,"Plan Width": 8,"Actual Startup Time": 0.039,"Actual Total Time": 4.372,"Actual Rows": 10000,"Actual Loops": 3,"Workers": []},{"Node Type": "Hash","Parent Relationship": "Inner","Parallel Aware": false,"Async Capable": false,"Startup Cost": 1.38,"Total Cost": 1.38,"Plan Rows": 2,"Plan Width": 108,"Actual Startup Time": 0.020,"Actual Total Time": 0.025,"Actual Rows": 2,"Actual Loops": 3,"Hash Buckets": 1024,"Original Hash Buckets": 1024,"Hash Batches": 1,"Original Hash Batches": 1,"Peak Memory Usage": 9,"Workers": [],"Plans": [{"Node Type": "Seq Scan","Parent Relationship": "Outer","Parallel Aware": false,"Async Capable": false,"Relation Name": "nation","Alias": "n1","Startup Cost": 0.00,"Total Cost": 1.38,"Plan Rows": 2,"Plan Width": 108,"Actual Startup Time": 0.007,"Actual Total Time": 0.015,"Actual Rows": 2,"Actual Loops": 3,"Filter": "((n_name = 'BRAZIL'::bpchar) OR (n_name = 'GERMANY'::bpchar))","Rows Removed by Filter": 23,"Workers": []}]}]}]}]}]}]}]}]},"Planning Time": 9.018,"Triggers": [],"Execution Time": 968.558}]
[{"Plan": {"Node Type": "Aggregate","Strategy": "Sorted","Partial Mode": "Finalize","Parallel Aware": false,"Async Capable": false,"Startup Cost": 72556.41,"Total Cost": 73352.71,"Plan Rows": 5893,"Plan Width": 272,"Actual Startup Time": 931.499,"Actual Total Time": 986.604,"Actual Rows": 4,"Actual Loops": 1,"Group Key": ["n1.n_name", "n2.n_name", "(EXTRACT(year FROM lineitem.l_shipdate))"],"Plans": [{"Node Type": "Gather Merge","Parent Relationship": "Outer","Parallel Aware": false,"Async Capable": false,"Startup Cost": 72556.41,"Total Cost": 73202.94,"Plan Rows": 4910,"Plan Width": 272,"Actual Startup Time": 931.210,"Actual Total Time": 986.544,"Actual Rows": 12,"Actual Loops": 1,"Workers Planned": 2,"Workers Launched": 2,"Plans": [{"Node Type": "Aggregate","Strategy": "Sorted","Partial Mode": "Partial","Parent Relationship": "Outer","Parallel Aware": false,"Async Capable": false,"Startup Cost": 71556.39,"Total Cost": 71636.18,"Plan Rows": 2455,"Plan Width": 272,"Actual Startup Time": 922.772,"Actual Total Time": 923.439,"Actual Rows": 4,"Actual Loops": 3,"Group Key": ["n1.n_name", "n2.n_name", "(EXTRACT(year FROM lineitem.l_shipdate))"],"Workers": [],"Plans": [{"Node Type": "Sort","Parent Relationship": "Outer","Parallel Aware": false,"Async Capable": false,"Startup Cost": 71556.39,"Total Cost": 71562.53,"Plan Rows": 2455,"Plan Width": 252,"Actual Startup Time": 922.507,"Actual Total Time": 922.612,"Actual Rows": 1932,"Actual Loops": 3,"Sort Key": ["n1.n_name", "n2.n_name", "(EXTRACT(year FROM lineitem.l_shipdate))"],"Sort Method": "quicksort","Sort Space Used": 262,"Sort Space Type": "Memory","Workers": [{"Worker Number": 0,"Sort Method": "quicksort","Sort Space Used": 259,"Sort Space Type": "Memory"},{"Worker Number": 1,"Sort Method": "quicksort","Sort Space Used": 259,"Sort Space Type": "Memory"}],"Plans": [{"Node Type": "Hash Join","Parent Relationship": "Outer","Parallel Aware": false,"Async Capable": false,"Join Type": "Inner","Startup Cost": 366.16,"Total Cost": 71418.15,"Plan Rows": 2455,"Plan Width": 252,"Actual Startup Time": 10.417,"Actual Total Time": 920.638,"Actual Rows": 1932,"Actual Loops": 3,"Inner Unique": false,"Hash Cond": "(lineitem.l_suppkey = supplier.s_suppkey)","Join Filter": "(((n1.n_name = 'ETHIOPIA'::bpchar) AND (n2.n_name = 'CHINA'::bpchar)) OR ((n1.n_name = 'CHINA'::bpchar) AND (n2.n_name = 'ETHIOPIA'::bpchar)))","Rows Removed by Join Filter": 1923,"Workers": [],"Plans": [{"Node Type": "Nested Loop","Parent Relationship": "Outer","Parallel Aware": false,"Async Capable": false,"Join Type": "Inner","Startup Cost": 2.26,"Total Cost": 70727.78,"Plan Rows": 60250,"Plan Width": 124,"Actual Startup Time": 0.664,"Actual Total Time": 905.107,"Actual Rows": 48869,"Actual Loops": 3,"Inner Unique": false,"Workers": [],"Plans": [{"Node Type": "Nested Loop","Parent Relationship": "Outer","Parallel Aware": false,"Async Capable": false,"Join Type": "Inner","Startup Cost": 1.83,"Total Cost": 12400.01,"Plan Rows": 49000,"Plan Width": 108,"Actual Startup Time": 0.328,"Actual Total Time": 227.044,"Actual Rows": 40163,"Actual Loops": 3,"Inner Unique": false,"Workers": [],"Plans": [{"Node Type": "Hash Join","Parent Relationship": "Outer","Parallel Aware": false,"Async Capable": false,"Join Type": "Inner","Startup Cost": 1.40,"Total Cost": 4403.27,"Plan Rows": 4900,"Plan Width": 108,"Actual Startup Time": 0.203,"Actual Total Time": 46.538,"Actual Rows": 3992,"Actual Loops": 3,"Inner Unique": true,"Hash Cond": "(customer.c_nationkey = n2.n_nationkey)","Workers": [],"Plans": [{"Node Type": "Seq Scan","Parent Relationship": "Outer","Parallel Aware": true,"Async Capable": false,"Relation Name": "customer","Alias": "customer","Startup Cost": 0.00,"Total Cost": 4210.00,"Plan Rows": 62500,"Plan Width": 8,"Actual Startup Time": 0.015,"Actual Total Time": 9.574,"Actual Rows": 50000,"Actual Loops": 3,"Workers": []},{"Node Type": "Hash","Parent Relationship": "Inner","Parallel Aware": false,"Async Capable": false,"Startup Cost": 1.38,"Total Cost": 1.38,"Plan Rows": 2,"Plan Width": 108,"Actual Startup Time": 0.084,"Actual Total Time": 0.091,"Actual Rows": 2,"Actual Loops": 3,"Hash Buckets": 1024,"Original Hash Buckets": 1024,"Hash Batches": 1,"Original Hash Batches": 1,"Peak Memory Usage": 9,"Workers": [],"Plans": [{"Node Type": "Seq Scan","Parent Relationship": "Outer","Parallel Aware": false,"Async Capable": false,"Relation Name": "nation","Alias": "n2","Startup Cost": 0.00,"Total Cost": 1.38,"Plan Rows": 2,"Plan Width": 108,"Actual Startup Time": 0.059,"Actual Total Time": 0.068,"Actual Rows": 2,"Actual Loops": 3,"Filter": "((n_name = 'CHINA'::bpchar) OR (n_name = 'ETHIOPIA'::bpchar))","Rows Removed by Filter": 23,"Workers": []}]}]},{"Node Type": "Index Scan","Parent Relationship": "Inner","Parallel Aware": false,"Async Capable": false,"Scan Direction": "Forward","Index Name": "idx_orders_custkey","Relation Name": "orders","Alias": "orders","Startup Cost": 0.43,"Total Cost": 1.46,"Plan Rows": 17,"Plan Width": 8,"Actual Startup Time": 0.007,"Actual Total Time": 0.044,"Actual Rows": 10,"Actual Loops": 11976,"Index Cond": "(o_custkey = customer.c_custkey)","Rows Removed by Index Recheck": 0,"Workers": []}]},{"Node Type": "Index Scan","Parent Relationship": "Inner","Parallel Aware": false,"Async Capable": false,"Scan Direction": "Forward","Index Name": "idx_lineitem_orderkey","Relation Name": "lineitem","Alias": "lineitem","Startup Cost": 0.43,"Total Cost": 1.14,"Plan Rows": 5,"Plan Width": 24,"Actual Startup Time": 0.016,"Actual Total Time": 0.017,"Actual Rows": 1,"Actual Loops": 120490,"Index Cond": "(l_orderkey = orders.o_orderkey)","Rows Removed by Index Recheck": 0,"Filter": "((l_shipdate >= '1995-01-01'::date) AND (l_shipdate <= '1996-12-31'::date))","Rows Removed by Filter": 3,"Workers": []}]},{"Node Type": "Hash","Parent Relationship": "Inner","Parallel Aware": false,"Async Capable": false,"Startup Cost": 354.10,"Total Cost": 354.10,"Plan Rows": 784,"Plan Width": 108,"Actual Startup Time": 7.951,"Actual Total Time": 7.960,"Actual Rows": 787,"Actual Loops": 3,"Hash Buckets": 1024,"Original Hash Buckets": 1024,"Hash Batches": 1,"Original Hash Batches": 1,"Peak Memory Usage": 56,"Workers": [],"Plans": [{"Node Type": "Hash Join","Parent Relationship": "Outer","Parallel Aware": false,"Async Capable": false,"Join Type": "Inner","Startup Cost": 1.40,"Total Cost": 354.10,"Plan Rows": 784,"Plan Width": 108,"Actual Startup Time": 0.090,"Actual Total Time": 7.757,"Actual Rows": 787,"Actual Loops": 3,"Inner Unique": true,"Hash Cond": "(supplier.s_nationkey = n1.n_nationkey)","Workers": [],"Plans": [{"Node Type": "Seq Scan","Parent Relationship": "Outer","Parallel Aware": false,"Async Capable": false,"Relation Name": "supplier","Alias": "supplier","Startup Cost": 0.00,"Total Cost": 322.00,"Plan Rows": 10000,"Plan Width": 8,"Actual Startup Time": 0.034,"Actual Total Time": 4.201,"Actual Rows": 10000,"Actual Loops": 3,"Workers": []},{"Node Type": "Hash","Parent Relationship": "Inner","Parallel Aware": false,"Async Capable": false,"Startup Cost": 1.38,"Total Cost": 1.38,"Plan Rows": 2,"Plan Width": 108,"Actual Startup Time": 0.019,"Actual Total Time": 0.023,"Actual Rows": 2,"Actual Loops": 3,"Hash Buckets": 1024,"Original Hash Buckets": 1024,"Hash Batches": 1,"Original Hash Batches": 1,"Peak Memory Usage": 9,"Workers": [],"Plans": [{"Node Type": "Seq Scan","Parent Relationship": "Outer","Parallel Aware": false,"Async Capable": false,"Relation Name": "nation","Alias": "n1","Startup Cost": 0.00,"Total Cost": 1.38,"Plan Rows": 2,"Plan Width": 108,"Actual Startup Time": 0.007,"Actual Total Time": 0.014,"Actual Rows": 2,"Actual Loops": 3,"Filter": "((n_name = 'ETHIOPIA'::bpchar) OR (n_name = 'CHINA'::bpchar))","Rows Removed by Filter": 23,"Workers": []}]}]}]}]}]}]}]}]},"Planning Time": 9.874,"Triggers": [],"Execution Time": 987.050}]
[{"Plan": {"Node Type": "Aggregate","Strategy": "Sorted","Partial Mode": "Finalize","Parallel Aware": false,"Async Capable": false,"Startup Cost": 72556.41,"Total Cost": 73352.71,"Plan Rows": 5893,"Plan Width": 272,"Actual Startup Time": 941.218,"Actual Total Time": 985.858,"Actual Rows": 4,"Actual Loops": 1,"Group Key": ["n1.n_name", "n2.n_name", "(EXTRACT(year FROM lineitem.l_shipdate))"],"Plans": [{"Node Type": "Gather Merge","Parent Relationship": "Outer","Parallel Aware": false,"Async Capable": false,"Startup Cost": 72556.41,"Total Cost": 73202.94,"Plan Rows": 4910,"Plan Width": 272,"Actual Startup Time": 940.928,"Actual Total Time": 985.789,"Actual Rows": 12,"Actual Loops": 1,"Workers Planned": 2,"Workers Launched": 2,"Plans": [{"Node Type": "Aggregate","Strategy": "Sorted","Partial Mode": "Partial","Parent Relationship": "Outer","Parallel Aware": false,"Async Capable": false,"Startup Cost": 71556.39,"Total Cost": 71636.18,"Plan Rows": 2455,"Plan Width": 272,"Actual Startup Time": 932.256,"Actual Total Time": 932.953,"Actual Rows": 4,"Actual Loops": 3,"Group Key": ["n1.n_name", "n2.n_name", "(EXTRACT(year FROM lineitem.l_shipdate))"],"Workers": [],"Plans": [{"Node Type": "Sort","Parent Relationship": "Outer","Parallel Aware": false,"Async Capable": false,"Startup Cost": 71556.39,"Total Cost": 71562.53,"Plan Rows": 2455,"Plan Width": 252,"Actual Startup Time": 931.986,"Actual Total Time": 932.096,"Actual Rows": 2017,"Actual Loops": 3,"Sort Key": ["n1.n_name", "n2.n_name", "(EXTRACT(year FROM lineitem.l_shipdate))"],"Sort Method": "quicksort","Sort Space Used": 323,"Sort Space Type": "Memory","Workers": [{"Worker Number": 0,"Sort Method": "quicksort","Sort Space Used": 261,"Sort Space Type": "Memory"},{"Worker Number": 1,"Sort Method": "quicksort","Sort Space Used": 271,"Sort Space Type": "Memory"}],"Plans": [{"Node Type": "Hash Join","Parent Relationship": "Outer","Parallel Aware": false,"Async Capable": false,"Join Type": "Inner","Startup Cost": 366.16,"Total Cost": 71418.15,"Plan Rows": 2455,"Plan Width": 252,"Actual Startup Time": 8.320,"Actual Total Time": 930.074,"Actual Rows": 2017,"Actual Loops": 3,"Inner Unique": false,"Hash Cond": "(lineitem.l_suppkey = supplier.s_suppkey)","Join Filter": "(((n1.n_name = 'FRANCE'::bpchar) AND (n2.n_name = 'INDONESIA'::bpchar)) OR ((n1.n_name = 'INDONESIA'::bpchar) AND (n2.n_name = 'FRANCE'::bpchar)))","Rows Removed by Join Filter": 2024,"Workers": [],"Plans": [{"Node Type": "Nested Loop","Parent Relationship": "Outer","Parallel Aware": false,"Async Capable": false,"Join Type": "Inner","Startup Cost": 2.26,"Total Cost": 70727.78,"Plan Rows": 60250,"Plan Width": 124,"Actual Startup Time": 0.571,"Actual Total Time": 915.636,"Actual Rows": 50259,"Actual Loops": 3,"Inner Unique": false,"Workers": [],"Plans": [{"Node Type": "Nested Loop","Parent Relationship": "Outer","Parallel Aware": false,"Async Capable": false,"Join Type": "Inner","Startup Cost": 1.83,"Total Cost": 12400.01,"Plan Rows": 49000,"Plan Width": 108,"Actual Startup Time": 0.328,"Actual Total Time": 225.822,"Actual Rows": 40992,"Actual Loops": 3,"Inner Unique": false,"Workers": [],"Plans": [{"Node Type": "Hash Join","Parent Relationship": "Outer","Parallel Aware": false,"Async Capable": false,"Join Type": "Inner","Startup Cost": 1.40,"Total Cost": 4403.27,"Plan Rows": 4900,"Plan Width": 108,"Actual Startup Time": 0.191,"Actual Total Time": 43.469,"Actual Rows": 4087,"Actual Loops": 3,"Inner Unique": true,"Hash Cond": "(customer.c_nationkey = n2.n_nationkey)","Workers": [],"Plans": [{"Node Type": "Seq Scan","Parent Relationship": "Outer","Parallel Aware": true,"Async Capable": false,"Relation Name": "customer","Alias": "customer","Startup Cost": 0.00,"Total Cost": 4210.00,"Plan Rows": 62500,"Plan Width": 8,"Actual Startup Time": 0.015,"Actual Total Time": 9.111,"Actual Rows": 50000,"Actual Loops": 3,"Workers": []},{"Node Type": "Hash","Parent Relationship": "Inner","Parallel Aware": false,"Async Capable": false,"Startup Cost": 1.38,"Total Cost": 1.38,"Plan Rows": 2,"Plan Width": 108,"Actual Startup Time": 0.079,"Actual Total Time": 0.085,"Actual Rows": 2,"Actual Loops": 3,"Hash Buckets": 1024,"Original Hash Buckets": 1024,"Hash Batches": 1,"Original Hash Batches": 1,"Peak Memory Usage": 9,"Workers": [],"Plans": [{"Node Type": "Seq Scan","Parent Relationship": "Outer","Parallel Aware": false,"Async Capable": false,"Relation Name": "nation","Alias": "n2","Startup Cost": 0.00,"Total Cost": 1.38,"Plan Rows": 2,"Plan Width": 108,"Actual Startup Time": 0.057,"Actual Total Time": 0.066,"Actual Rows": 2,"Actual Loops": 3,"Filter": "((n_name = 'INDONESIA'::bpchar) OR (n_name = 'FRANCE'::bpchar))","Rows Removed by Filter": 23,"Workers": []}]}]},{"Node Type": "Index Scan","Parent Relationship": "Inner","Parallel Aware": false,"Async Capable": false,"Scan Direction": "Forward","Index Name": "idx_orders_custkey","Relation Name": "orders","Alias": "orders","Startup Cost": 0.43,"Total Cost": 1.46,"Plan Rows": 17,"Plan Width": 8,"Actual Startup Time": 0.007,"Actual Total Time": 0.043,"Actual Rows": 10,"Actual Loops": 12261,"Index Cond": "(o_custkey = customer.c_custkey)","Rows Removed by Index Recheck": 0,"Workers": []}]},{"Node Type": "Index Scan","Parent Relationship": "Inner","Parallel Aware": false,"Async Capable": false,"Scan Direction": "Forward","Index Name": "idx_lineitem_orderkey","Relation Name": "lineitem","Alias": "lineitem","Startup Cost": 0.43,"Total Cost": 1.14,"Plan Rows": 5,"Plan Width": 24,"Actual Startup Time": 0.016,"Actual Total Time": 0.017,"Actual Rows": 1,"Actual Loops": 122977,"Index Cond": "(l_orderkey = orders.o_orderkey)","Rows Removed by Index Recheck": 0,"Filter": "((l_shipdate >= '1995-01-01'::date) AND (l_shipdate <= '1996-12-31'::date))","Rows Removed by Filter": 3,"Workers": []}]},{"Node Type": "Hash","Parent Relationship": "Inner","Parallel Aware": false,"Async Capable": false,"Startup Cost": 354.10,"Total Cost": 354.10,"Plan Rows": 784,"Plan Width": 108,"Actual Startup Time": 7.164,"Actual Total Time": 7.175,"Actual Rows": 807,"Actual Loops": 3,"Hash Buckets": 1024,"Original Hash Buckets": 1024,"Hash Batches": 1,"Original Hash Batches": 1,"Peak Memory Usage": 57,"Workers": [],"Plans": [{"Node Type": "Hash Join","Parent Relationship": "Outer","Parallel Aware": false,"Async Capable": false,"Join Type": "Inner","Startup Cost": 1.40,"Total Cost": 354.10,"Plan Rows": 784,"Plan Width": 108,"Actual Startup Time": 0.088,"Actual Total Time": 6.971,"Actual Rows": 807,"Actual Loops": 3,"Inner Unique": true,"Hash Cond": "(supplier.s_nationkey = n1.n_nationkey)","Workers": [],"Plans": [{"Node Type": "Seq Scan","Parent Relationship": "Outer","Parallel Aware": false,"Async Capable": false,"Relation Name": "supplier","Alias": "supplier","Startup Cost": 0.00,"Total Cost": 322.00,"Plan Rows": 10000,"Plan Width": 8,"Actual Startup Time": 0.038,"Actual Total Time": 3.772,"Actual Rows": 10000,"Actual Loops": 3,"Workers": []},{"Node Type": "Hash","Parent Relationship": "Inner","Parallel Aware": false,"Async Capable": false,"Startup Cost": 1.38,"Total Cost": 1.38,"Plan Rows": 2,"Plan Width": 108,"Actual Startup Time": 0.016,"Actual Total Time": 0.020,"Actual Rows": 2,"Actual Loops": 3,"Hash Buckets": 1024,"Original Hash Buckets": 1024,"Hash Batches": 1,"Original Hash Batches": 1,"Peak Memory Usage": 9,"Workers": [],"Plans": [{"Node Type": "Seq Scan","Parent Relationship": "Outer","Parallel Aware": false,"Async Capable": false,"Relation Name": "nation","Alias": "n1","Startup Cost": 0.00,"Total Cost": 1.38,"Plan Rows": 2,"Plan Width": 108,"Actual Startup Time": 0.006,"Actual Total Time": 0.011,"Actual Rows": 2,"Actual Loops": 3,"Filter": "((n_name = 'FRANCE'::bpchar) OR (n_name = 'INDONESIA'::bpchar))","Rows Removed by Filter": 23,"Workers": []}]}]}]}]}]}]}]}]},"Planning Time": 8.549,"Triggers": [],"Execution Time": 986.379}]
[{"Plan": {"Node Type": "Aggregate","Strategy": "Sorted","Partial Mode": "Finalize","Parallel Aware": false,"Async Capable": false,"Startup Cost": 72556.41,"Total Cost": 73352.71,"Plan Rows": 5893,"Plan Width": 272,"Actual Startup Time": 942.203,"Actual Total Time": 997.039,"Actual Rows": 4,"Actual Loops": 1,"Group Key": ["n1.n_name", "n2.n_name", "(EXTRACT(year FROM lineitem.l_shipdate))"],"Plans": [{"Node Type": "Gather Merge","Parent Relationship": "Outer","Parallel Aware": false,"Async Capable": false,"Startup Cost": 72556.41,"Total Cost": 73202.94,"Plan Rows": 4910,"Plan Width": 272,"Actual Startup Time": 941.380,"Actual Total Time": 996.968,"Actual Rows": 12,"Actual Loops": 1,"Workers Planned": 2,"Workers Launched": 2,"Plans": [{"Node Type": "Aggregate","Strategy": "Sorted","Partial Mode": "Partial","Parent Relationship": "Outer","Parallel Aware": false,"Async Capable": false,"Startup Cost": 71556.39,"Total Cost": 71636.18,"Plan Rows": 2455,"Plan Width": 272,"Actual Startup Time": 932.512,"Actual Total Time": 933.402,"Actual Rows": 4,"Actual Loops": 3,"Group Key": ["n1.n_name", "n2.n_name", "(EXTRACT(year FROM lineitem.l_shipdate))"],"Workers": [],"Plans": [{"Node Type": "Sort","Parent Relationship": "Outer","Parallel Aware": false,"Async Capable": false,"Startup Cost": 71556.39,"Total Cost": 71562.53,"Plan Rows": 2455,"Plan Width": 252,"Actual Startup Time": 932.235,"Actual Total Time": 932.360,"Actual Rows": 2004,"Actual Loops": 3,"Sort Key": ["n1.n_name", "n2.n_name", "(EXTRACT(year FROM lineitem.l_shipdate))"],"Sort Method": "quicksort","Sort Space Used": 323,"Sort Space Type": "Memory","Workers": [{"Worker Number": 0,"Sort Method": "quicksort","Sort Space Used": 259,"Sort Space Type": "Memory"},{"Worker Number": 1,"Sort Method": "quicksort","Sort Space Used": 270,"Sort Space Type": "Memory"}],"Plans": [{"Node Type": "Hash Join","Parent Relationship": "Outer","Parallel Aware": false,"Async Capable": false,"Join Type": "Inner","Startup Cost": 366.16,"Total Cost": 71418.15,"Plan Rows": 2455,"Plan Width": 252,"Actual Startup Time": 9.840,"Actual Total Time": 930.310,"Actual Rows": 2004,"Actual Loops": 3,"Inner Unique": false,"Hash Cond": "(lineitem.l_suppkey = supplier.s_suppkey)","Join Filter": "(((n1.n_name = 'FRANCE'::bpchar) AND (n2.n_name = 'ARGENTINA'::bpchar)) OR ((n1.n_name = 'ARGENTINA'::bpchar) AND (n2.n_name = 'FRANCE'::bpchar)))","Rows Removed by Join Filter": 1972,"Workers": [],"Plans": [{"Node Type": "Nested Loop","Parent Relationship": "Outer","Parallel Aware": false,"Async Capable": false,"Join Type": "Inner","Startup Cost": 2.26,"Total Cost": 70727.78,"Plan Rows": 60250,"Plan Width": 124,"Actual Startup Time": 0.898,"Actual Total Time": 915.035,"Actual Rows": 49447,"Actual Loops": 3,"Inner Unique": false,"Workers": [],"Plans": [{"Node Type": "Nested Loop","Parent Relationship": "Outer","Parallel Aware": false,"Async Capable": false,"Join Type": "Inner","Startup Cost": 1.83,"Total Cost": 12400.01,"Plan Rows": 49000,"Plan Width": 108,"Actual Startup Time": 0.351,"Actual Total Time": 231.142,"Actual Rows": 40382,"Actual Loops": 3,"Inner Unique": false,"Workers": [],"Plans": [{"Node Type": "Hash Join","Parent Relationship": "Outer","Parallel Aware": false,"Async Capable": false,"Join Type": "Inner","Startup Cost": 1.40,"Total Cost": 4403.27,"Plan Rows": 4900,"Plan Width": 108,"Actual Startup Time": 0.206,"Actual Total Time": 48.906,"Actual Rows": 4025,"Actual Loops": 3,"Inner Unique": true,"Hash Cond": "(customer.c_nationkey = n2.n_nationkey)","Workers": [],"Plans": [{"Node Type": "Seq Scan","Parent Relationship": "Outer","Parallel Aware": true,"Async Capable": false,"Relation Name": "customer","Alias": "customer","Startup Cost": 0.00,"Total Cost": 4210.00,"Plan Rows": 62500,"Plan Width": 8,"Actual Startup Time": 0.018,"Actual Total Time": 9.636,"Actual Rows": 50000,"Actual Loops": 3,"Workers": []},{"Node Type": "Hash","Parent Relationship": "Inner","Parallel Aware": false,"Async Capable": false,"Startup Cost": 1.38,"Total Cost": 1.38,"Plan Rows": 2,"Plan Width": 108,"Actual Startup Time": 0.098,"Actual Total Time": 0.106,"Actual Rows": 2,"Actual Loops": 3,"Hash Buckets": 1024,"Original Hash Buckets": 1024,"Hash Batches": 1,"Original Hash Batches": 1,"Peak Memory Usage": 9,"Workers": [],"Plans": [{"Node Type": "Seq Scan","Parent Relationship": "Outer","Parallel Aware": false,"Async Capable": false,"Relation Name": "nation","Alias": "n2","Startup Cost": 0.00,"Total Cost": 1.38,"Plan Rows": 2,"Plan Width": 108,"Actual Startup Time": 0.072,"Actual Total Time": 0.083,"Actual Rows": 2,"Actual Loops": 3,"Filter": "((n_name = 'ARGENTINA'::bpchar) OR (n_name = 'FRANCE'::bpchar))","Rows Removed by Filter": 23,"Workers": []}]}]},{"Node Type": "Index Scan","Parent Relationship": "Inner","Parallel Aware": false,"Async Capable": false,"Scan Direction": "Forward","Index Name": "idx_orders_custkey","Relation Name": "orders","Alias": "orders","Startup Cost": 0.43,"Total Cost": 1.46,"Plan Rows": 17,"Plan Width": 8,"Actual Startup Time": 0.007,"Actual Total Time": 0.044,"Actual Rows": 10,"Actual Loops": 12075,"Index Cond": "(o_custkey = customer.c_custkey)","Rows Removed by Index Recheck": 0,"Workers": []}]},{"Node Type": "Index Scan","Parent Relationship": "Inner","Parallel Aware": false,"Async Capable": false,"Scan Direction": "Forward","Index Name": "idx_lineitem_orderkey","Relation Name": "lineitem","Alias": "lineitem","Startup Cost": 0.43,"Total Cost": 1.14,"Plan Rows": 5,"Plan Width": 24,"Actual Startup Time": 0.016,"Actual Total Time": 0.017,"Actual Rows": 1,"Actual Loops": 121147,"Index Cond": "(l_orderkey = orders.o_orderkey)","Rows Removed by Index Recheck": 0,"Filter": "((l_shipdate >= '1995-01-01'::date) AND (l_shipdate <= '1996-12-31'::date))","Rows Removed by Filter": 3,"Workers": []}]},{"Node Type": "Hash","Parent Relationship": "Inner","Parallel Aware": false,"Async Capable": false,"Startup Cost": 354.10,"Total Cost": 354.10,"Plan Rows": 784,"Plan Width": 108,"Actual Startup Time": 7.980,"Actual Total Time": 7.995,"Actual Rows": 815,"Actual Loops": 3,"Hash Buckets": 1024,"Original Hash Buckets": 1024,"Hash Batches": 1,"Original Hash Batches": 1,"Peak Memory Usage": 58,"Workers": [],"Plans": [{"Node Type": "Hash Join","Parent Relationship": "Outer","Parallel Aware": false,"Async Capable": false,"Join Type": "Inner","Startup Cost": 1.40,"Total Cost": 354.10,"Plan Rows": 784,"Plan Width": 108,"Actual Startup Time": 0.093,"Actual Total Time": 7.802,"Actual Rows": 815,"Actual Loops": 3,"Inner Unique": true,"Hash Cond": "(supplier.s_nationkey = n1.n_nationkey)","Workers": [],"Plans": [{"Node Type": "Seq Scan","Parent Relationship": "Outer","Parallel Aware": false,"Async Capable": false,"Relation Name": "supplier","Alias": "supplier","Startup Cost": 0.00,"Total Cost": 322.00,"Plan Rows": 10000,"Plan Width": 8,"Actual Startup Time": 0.039,"Actual Total Time": 3.850,"Actual Rows": 10000,"Actual Loops": 3,"Workers": []},{"Node Type": "Hash","Parent Relationship": "Inner","Parallel Aware": false,"Async Capable": false,"Startup Cost": 1.38,"Total Cost": 1.38,"Plan Rows": 2,"Plan Width": 108,"Actual Startup Time": 0.019,"Actual Total Time": 0.024,"Actual Rows": 2,"Actual Loops": 3,"Hash Buckets": 1024,"Original Hash Buckets": 1024,"Hash Batches": 1,"Original Hash Batches": 1,"Peak Memory Usage": 9,"Workers": [],"Plans": [{"Node Type": "Seq Scan","Parent Relationship": "Outer","Parallel Aware": false,"Async Capable": false,"Relation Name": "nation","Alias": "n1","Startup Cost": 0.00,"Total Cost": 1.38,"Plan Rows": 2,"Plan Width": 108,"Actual Startup Time": 0.005,"Actual Total Time": 0.014,"Actual Rows": 2,"Actual Loops": 3,"Filter": "((n_name = 'FRANCE'::bpchar) OR (n_name = 'ARGENTINA'::bpchar))","Rows Removed by Filter": 23,"Workers": []}]}]}]}]}]}]}]}]},"Planning Time": 8.851,"Triggers": [],"Execution Time": 997.531}]
[{"Plan": {"Node Type": "Aggregate","Strategy": "Sorted","Partial Mode": "Finalize","Parallel Aware": false,"Async Capable": false,"Startup Cost": 72556.41,"Total Cost": 73352.71,"Plan Rows": 5893,"Plan Width": 272,"Actual Startup Time": 934.011,"Actual Total Time": 978.774,"Actual Rows": 4,"Actual Loops": 1,"Group Key": ["n1.n_name", "n2.n_name", "(EXTRACT(year FROM lineitem.l_shipdate))"],"Plans": [{"Node Type": "Gather Merge","Parent Relationship": "Outer","Parallel Aware": false,"Async Capable": false,"Startup Cost": 72556.41,"Total Cost": 73202.94,"Plan Rows": 4910,"Plan Width": 272,"Actual Startup Time": 933.760,"Actual Total Time": 978.707,"Actual Rows": 12,"Actual Loops": 1,"Workers Planned": 2,"Workers Launched": 2,"Plans": [{"Node Type": "Aggregate","Strategy": "Sorted","Partial Mode": "Partial","Parent Relationship": "Outer","Parallel Aware": false,"Async Capable": false,"Startup Cost": 71556.39,"Total Cost": 71636.18,"Plan Rows": 2455,"Plan Width": 272,"Actual Startup Time": 925.979,"Actual Total Time": 926.643,"Actual Rows": 4,"Actual Loops": 3,"Group Key": ["n1.n_name", "n2.n_name", "(EXTRACT(year FROM lineitem.l_shipdate))"],"Workers": [],"Plans": [{"Node Type": "Sort","Parent Relationship": "Outer","Parallel Aware": false,"Async Capable": false,"Startup Cost": 71556.39,"Total Cost": 71562.53,"Plan Rows": 2455,"Plan Width": 252,"Actual Startup Time": 925.732,"Actual Total Time": 925.830,"Actual Rows": 1761,"Actual Loops": 3,"Sort Key": ["n1.n_name", "n2.n_name", "(EXTRACT(year FROM lineitem.l_shipdate))"],"Sort Method": "quicksort","Sort Space Used": 246,"Sort Space Type": "Memory","Workers": [{"Worker Number": 0,"Sort Method": "quicksort","Sort Space Used": 240,"Sort Space Type": "Memory"},{"Worker Number": 1,"Sort Method": "quicksort","Sort Space Used": 238,"Sort Space Type": "Memory"}],"Plans": [{"Node Type": "Hash Join","Parent Relationship": "Outer","Parallel Aware": false,"Async Capable": false,"Join Type": "Inner","Startup Cost": 366.16,"Total Cost": 71418.15,"Plan Rows": 2455,"Plan Width": 252,"Actual Startup Time": 12.922,"Actual Total Time": 924.017,"Actual Rows": 1761,"Actual Loops": 3,"Inner Unique": false,"Hash Cond": "(lineitem.l_suppkey = supplier.s_suppkey)","Join Filter": "(((n1.n_name = 'MOROCCO'::bpchar) AND (n2.n_name = 'JORDAN'::bpchar)) OR ((n1.n_name = 'JORDAN'::bpchar) AND (n2.n_name = 'MOROCCO'::bpchar)))","Rows Removed by Join Filter": 1812,"Workers": [],"Plans": [{"Node Type": "Nested Loop","Parent Relationship": "Outer","Parallel Aware": false,"Async Capable": false,"Join Type": "Inner","Startup Cost": 2.26,"Total Cost": 70727.78,"Plan Rows": 60250,"Plan Width": 124,"Actual Startup Time": 0.532,"Actual Total Time": 907.067,"Actual Rows": 49107,"Actual Loops": 3,"Inner Unique": false,"Workers": [],"Plans": [{"Node Type": "Nested Loop","Parent Relationship": "Outer","Parallel Aware": false,"Async Capable": false,"Join Type": "Inner","Startup Cost": 1.83,"Total Cost": 12400.01,"Plan Rows": 49000,"Plan Width": 108,"Actual Startup Time": 0.242,"Actual Total Time": 228.224,"Actual Rows": 40065,"Actual Loops": 3,"Inner Unique": false,"Workers": [],"Plans": [{"Node Type": "Hash Join","Parent Relationship": "Outer","Parallel Aware": false,"Async Capable": false,"Join Type": "Inner","Startup Cost": 1.40,"Total Cost": 4403.27,"Plan Rows": 4900,"Plan Width": 108,"Actual Startup Time": 0.154,"Actual Total Time": 48.618,"Actual Rows": 3985,"Actual Loops": 3,"Inner Unique": true,"Hash Cond": "(customer.c_nationkey = n2.n_nationkey)","Workers": [],"Plans": [{"Node Type": "Seq Scan","Parent Relationship": "Outer","Parallel Aware": true,"Async Capable": false,"Relation Name": "customer","Alias": "customer","Startup Cost": 0.00,"Total Cost": 4210.00,"Plan Rows": 62500,"Plan Width": 8,"Actual Startup Time": 0.014,"Actual Total Time": 9.537,"Actual Rows": 50000,"Actual Loops": 3,"Workers": []},{"Node Type": "Hash","Parent Relationship": "Inner","Parallel Aware": false,"Async Capable": false,"Startup Cost": 1.38,"Total Cost": 1.38,"Plan Rows": 2,"Plan Width": 108,"Actual Startup Time": 0.059,"Actual Total Time": 0.066,"Actual Rows": 2,"Actual Loops": 3,"Hash Buckets": 1024,"Original Hash Buckets": 1024,"Hash Batches": 1,"Original Hash Batches": 1,"Peak Memory Usage": 9,"Workers": [],"Plans": [{"Node Type": "Seq Scan","Parent Relationship": "Outer","Parallel Aware": false,"Async Capable": false,"Relation Name": "nation","Alias": "n2","Startup Cost": 0.00,"Total Cost": 1.38,"Plan Rows": 2,"Plan Width": 108,"Actual Startup Time": 0.046,"Actual Total Time": 0.050,"Actual Rows": 2,"Actual Loops": 3,"Filter": "((n_name = 'JORDAN'::bpchar) OR (n_name = 'MOROCCO'::bpchar))","Rows Removed by Filter": 23,"Workers": []}]}]},{"Node Type": "Index Scan","Parent Relationship": "Inner","Parallel Aware": false,"Async Capable": false,"Scan Direction": "Forward","Index Name": "idx_orders_custkey","Relation Name": "orders","Alias": "orders","Startup Cost": 0.43,"Total Cost": 1.46,"Plan Rows": 17,"Plan Width": 8,"Actual Startup Time": 0.007,"Actual Total Time": 0.044,"Actual Rows": 10,"Actual Loops": 11954,"Index Cond": "(o_custkey = customer.c_custkey)","Rows Removed by Index Recheck": 0,"Workers": []}]},{"Node Type": "Index Scan","Parent Relationship": "Inner","Parallel Aware": false,"Async Capable": false,"Scan Direction": "Forward","Index Name": "idx_lineitem_orderkey","Relation Name": "lineitem","Alias": "lineitem","Startup Cost": 0.43,"Total Cost": 1.14,"Plan Rows": 5,"Plan Width": 24,"Actual Startup Time": 0.016,"Actual Total Time": 0.017,"Actual Rows": 1,"Actual Loops": 120195,"Index Cond": "(l_orderkey = orders.o_orderkey)","Rows Removed by Index Recheck": 0,"Filter": "((l_shipdate >= '1995-01-01'::date) AND (l_shipdate <= '1996-12-31'::date))","Rows Removed by Filter": 3,"Workers": []}]},{"Node Type": "Hash","Parent Relationship": "Inner","Parallel Aware": false,"Async Capable": false,"Startup Cost": 354.10,"Total Cost": 354.10,"Plan Rows": 784,"Plan Width": 108,"Actual Startup Time": 9.958,"Actual Total Time": 9.972,"Actual Rows": 735,"Actual Loops": 3,"Hash Buckets": 1024,"Original Hash Buckets": 1024,"Hash Batches": 1,"Original Hash Batches": 1,"Peak Memory Usage": 53,"Workers": [],"Plans": [{"Node Type": "Hash Join","Parent Relationship": "Outer","Parallel Aware": false,"Async Capable": false,"Join Type": "Inner","Startup Cost": 1.40,"Total Cost": 354.10,"Plan Rows": 784,"Plan Width": 108,"Actual Startup Time": 0.072,"Actual Total Time": 9.781,"Actual Rows": 735,"Actual Loops": 3,"Inner Unique": true,"Hash Cond": "(supplier.s_nationkey = n1.n_nationkey)","Workers": [],"Plans": [{"Node Type": "Seq Scan","Parent Relationship": "Outer","Parallel Aware": false,"Async Capable": false,"Relation Name": "supplier","Alias": "supplier","Startup Cost": 0.00,"Total Cost": 322.00,"Plan Rows": 10000,"Plan Width": 8,"Actual Startup Time": 0.029,"Actual Total Time": 4.243,"Actual Rows": 10000,"Actual Loops": 3,"Workers": []},{"Node Type": "Hash","Parent Relationship": "Inner","Parallel Aware": false,"Async Capable": false,"Startup Cost": 1.38,"Total Cost": 1.38,"Plan Rows": 2,"Plan Width": 108,"Actual Startup Time": 0.014,"Actual Total Time": 0.018,"Actual Rows": 2,"Actual Loops": 3,"Hash Buckets": 1024,"Original Hash Buckets": 1024,"Hash Batches": 1,"Original Hash Batches": 1,"Peak Memory Usage": 9,"Workers": [],"Plans": [{"Node Type": "Seq Scan","Parent Relationship": "Outer","Parallel Aware": false,"Async Capable": false,"Relation Name": "nation","Alias": "n1","Startup Cost": 0.00,"Total Cost": 1.38,"Plan Rows": 2,"Plan Width": 108,"Actual Startup Time": 0.006,"Actual Total Time": 0.009,"Actual Rows": 2,"Actual Loops": 3,"Filter": "((n_name = 'MOROCCO'::bpchar) OR (n_name = 'JORDAN'::bpchar))","Rows Removed by Filter": 23,"Workers": []}]}]}]}]}]}]}]}]},"Planning Time": 47.795,"Triggers": [],"Execution Time": 979.508}]
[{"Plan": {"Node Type": "Aggregate","Strategy": "Sorted","Partial Mode": "Finalize","Parallel Aware": false,"Async Capable": false,"Startup Cost": 72556.41,"Total Cost": 73352.71,"Plan Rows": 5893,"Plan Width": 272,"Actual Startup Time": 913.741,"Actual Total Time": 968.920,"Actual Rows": 4,"Actual Loops": 1,"Group Key": ["n1.n_name", "n2.n_name", "(EXTRACT(year FROM lineitem.l_shipdate))"],"Plans": [{"Node Type": "Gather Merge","Parent Relationship": "Outer","Parallel Aware": false,"Async Capable": false,"Startup Cost": 72556.41,"Total Cost": 73202.94,"Plan Rows": 4910,"Plan Width": 272,"Actual Startup Time": 912.934,"Actual Total Time": 968.845,"Actual Rows": 12,"Actual Loops": 1,"Workers Planned": 2,"Workers Launched": 2,"Plans": [{"Node Type": "Aggregate","Strategy": "Sorted","Partial Mode": "Partial","Parent Relationship": "Outer","Parallel Aware": false,"Async Capable": false,"Startup Cost": 71556.39,"Total Cost": 71636.18,"Plan Rows": 2455,"Plan Width": 272,"Actual Startup Time": 904.501,"Actual Total Time": 905.327,"Actual Rows": 4,"Actual Loops": 3,"Group Key": ["n1.n_name", "n2.n_name", "(EXTRACT(year FROM lineitem.l_shipdate))"],"Workers": [],"Plans": [{"Node Type": "Sort","Parent Relationship": "Outer","Parallel Aware": false,"Async Capable": false,"Startup Cost": 71556.39,"Total Cost": 71562.53,"Plan Rows": 2455,"Plan Width": 252,"Actual Startup Time": 904.251,"Actual Total Time": 904.366,"Actual Rows": 1812,"Actual Loops": 3,"Sort Key": ["n1.n_name", "n2.n_name", "(EXTRACT(year FROM lineitem.l_shipdate))"],"Sort Method": "quicksort","Sort Space Used": 250,"Sort Space Type": "Memory","Workers": [{"Worker Number": 0,"Sort Method": "quicksort","Sort Space Used": 245,"Sort Space Type": "Memory"},{"Worker Number": 1,"Sort Method": "quicksort","Sort Space Used": 246,"Sort Space Type": "Memory"}],"Plans": [{"Node Type": "Hash Join","Parent Relationship": "Outer","Parallel Aware": false,"Async Capable": false,"Join Type": "Inner","Startup Cost": 366.16,"Total Cost": 71418.15,"Plan Rows": 2455,"Plan Width": 252,"Actual Startup Time": 9.760,"Actual Total Time": 902.517,"Actual Rows": 1812,"Actual Loops": 3,"Inner Unique": false,"Hash Cond": "(lineitem.l_suppkey = supplier.s_suppkey)","Join Filter": "(((n1.n_name = 'JAPAN'::bpchar) AND (n2.n_name = 'MOROCCO'::bpchar)) OR ((n1.n_name = 'MOROCCO'::bpchar) AND (n2.n_name = 'JAPAN'::bpchar)))","Rows Removed by Join Filter": 1806,"Workers": [],"Plans": [{"Node Type": "Nested Loop","Parent Relationship": "Outer","Parallel Aware": false,"Async Capable": false,"Join Type": "Inner","Startup Cost": 2.26,"Total Cost": 70727.78,"Plan Rows": 60250,"Plan Width": 124,"Actual Startup Time": 0.687,"Actual Total Time": 887.610,"Actual Rows": 48466,"Actual Loops": 3,"Inner Unique": false,"Workers": [],"Plans": [{"Node Type": "Nested Loop","Parent Relationship": "Outer","Parallel Aware": false,"Async Capable": false,"Join Type": "Inner","Startup Cost": 1.83,"Total Cost": 12400.01,"Plan Rows": 49000,"Plan Width": 108,"Actual Startup Time": 0.357,"Actual Total Time": 223.098,"Actual Rows": 39621,"Actual Loops": 3,"Inner Unique": false,"Workers": [],"Plans": [{"Node Type": "Hash Join","Parent Relationship": "Outer","Parallel Aware": false,"Async Capable": false,"Join Type": "Inner","Startup Cost": 1.40,"Total Cost": 4403.27,"Plan Rows": 4900,"Plan Width": 108,"Actual Startup Time": 0.223,"Actual Total Time": 46.644,"Actual Rows": 3956,"Actual Loops": 3,"Inner Unique": true,"Hash Cond": "(customer.c_nationkey = n2.n_nationkey)","Workers": [],"Plans": [{"Node Type": "Seq Scan","Parent Relationship": "Outer","Parallel Aware": true,"Async Capable": false,"Relation Name": "customer","Alias": "customer","Startup Cost": 0.00,"Total Cost": 4210.00,"Plan Rows": 62500,"Plan Width": 8,"Actual Startup Time": 0.016,"Actual Total Time": 9.500,"Actual Rows": 50000,"Actual Loops": 3,"Workers": []},{"Node Type": "Hash","Parent Relationship": "Inner","Parallel Aware": false,"Async Capable": false,"Startup Cost": 1.38,"Total Cost": 1.38,"Plan Rows": 2,"Plan Width": 108,"Actual Startup Time": 0.093,"Actual Total Time": 0.100,"Actual Rows": 2,"Actual Loops": 3,"Hash Buckets": 1024,"Original Hash Buckets": 1024,"Hash Batches": 1,"Original Hash Batches": 1,"Peak Memory Usage": 9,"Workers": [],"Plans": [{"Node Type": "Seq Scan","Parent Relationship": "Outer","Parallel Aware": false,"Async Capable": false,"Relation Name": "nation","Alias": "n2","Startup Cost": 0.00,"Total Cost": 1.38,"Plan Rows": 2,"Plan Width": 108,"Actual Startup Time": 0.070,"Actual Total Time": 0.076,"Actual Rows": 2,"Actual Loops": 3,"Filter": "((n_name = 'MOROCCO'::bpchar) OR (n_name = 'JAPAN'::bpchar))","Rows Removed by Filter": 23,"Workers": []}]}]},{"Node Type": "Index Scan","Parent Relationship": "Inner","Parallel Aware": false,"Async Capable": false,"Scan Direction": "Forward","Index Name": "idx_orders_custkey","Relation Name": "orders","Alias": "orders","Startup Cost": 0.43,"Total Cost": 1.46,"Plan Rows": 17,"Plan Width": 8,"Actual Startup Time": 0.007,"Actual Total Time": 0.043,"Actual Rows": 10,"Actual Loops": 11869,"Index Cond": "(o_custkey = customer.c_custkey)","Rows Removed by Index Recheck": 0,"Workers": []}]},{"Node Type": "Index Scan","Parent Relationship": "Inner","Parallel Aware": false,"Async Capable": false,"Scan Direction": "Forward","Index Name": "idx_lineitem_orderkey","Relation Name": "lineitem","Alias": "lineitem","Startup Cost": 0.43,"Total Cost": 1.14,"Plan Rows": 5,"Plan Width": 24,"Actual Startup Time": 0.016,"Actual Total Time": 0.017,"Actual Rows": 1,"Actual Loops": 118864,"Index Cond": "(l_orderkey = orders.o_orderkey)","Rows Removed by Index Recheck": 0,"Filter": "((l_shipdate >= '1995-01-01'::date) AND (l_shipdate <= '1996-12-31'::date))","Rows Removed by Filter": 3,"Workers": []}]},{"Node Type": "Hash","Parent Relationship": "Inner","Parallel Aware": false,"Async Capable": false,"Startup Cost": 354.10,"Total Cost": 354.10,"Plan Rows": 784,"Plan Width": 108,"Actual Startup Time": 7.980,"Actual Total Time": 7.994,"Actual Rows": 750,"Actual Loops": 3,"Hash Buckets": 1024,"Original Hash Buckets": 1024,"Hash Batches": 1,"Original Hash Batches": 1,"Peak Memory Usage": 54,"Workers": [],"Plans": [{"Node Type": "Hash Join","Parent Relationship": "Outer","Parallel Aware": false,"Async Capable": false,"Join Type": "Inner","Startup Cost": 1.40,"Total Cost": 354.10,"Plan Rows": 784,"Plan Width": 108,"Actual Startup Time": 0.086,"Actual Total Time": 7.791,"Actual Rows": 750,"Actual Loops": 3,"Inner Unique": true,"Hash Cond": "(supplier.s_nationkey = n1.n_nationkey)","Workers": [],"Plans": [{"Node Type": "Seq Scan","Parent Relationship": "Outer","Parallel Aware": false,"Async Capable": false,"Relation Name": "supplier","Alias": "supplier","Startup Cost": 0.00,"Total Cost": 322.00,"Plan Rows": 10000,"Plan Width": 8,"Actual Startup Time": 0.029,"Actual Total Time": 4.281,"Actual Rows": 10000,"Actual Loops": 3,"Workers": []},{"Node Type": "Hash","Parent Relationship": "Inner","Parallel Aware": false,"Async Capable": false,"Startup Cost": 1.38,"Total Cost": 1.38,"Plan Rows": 2,"Plan Width": 108,"Actual Startup Time": 0.020,"Actual Total Time": 0.024,"Actual Rows": 2,"Actual Loops": 3,"Hash Buckets": 1024,"Original Hash Buckets": 1024,"Hash Batches": 1,"Original Hash Batches": 1,"Peak Memory Usage": 9,"Workers": [],"Plans": [{"Node Type": "Seq Scan","Parent Relationship": "Outer","Parallel Aware": false,"Async Capable": false,"Relation Name": "nation","Alias": "n1","Startup Cost": 0.00,"Total Cost": 1.38,"Plan Rows": 2,"Plan Width": 108,"Actual Startup Time": 0.009,"Actual Total Time": 0.013,"Actual Rows": 2,"Actual Loops": 3,"Filter": "((n_name = 'JAPAN'::bpchar) OR (n_name = 'MOROCCO'::bpchar))","Rows Removed by Filter": 23,"Workers": []}]}]}]}]}]}]}]}]},"Planning Time": 9.116,"Triggers": [],"Execution Time": 969.439}]
[{"Plan": {"Node Type": "Aggregate","Strategy": "Sorted","Partial Mode": "Finalize","Parallel Aware": false,"Async Capable": false,"Startup Cost": 72556.41,"Total Cost": 73352.71,"Plan Rows": 5893,"Plan Width": 272,"Actual Startup Time": 937.249,"Actual Total Time": 981.648,"Actual Rows": 4,"Actual Loops": 1,"Group Key": ["n1.n_name", "n2.n_name", "(EXTRACT(year FROM lineitem.l_shipdate))"],"Plans": [{"Node Type": "Gather Merge","Parent Relationship": "Outer","Parallel Aware": false,"Async Capable": false,"Startup Cost": 72556.41,"Total Cost": 73202.94,"Plan Rows": 4910,"Plan Width": 272,"Actual Startup Time": 936.907,"Actual Total Time": 981.572,"Actual Rows": 12,"Actual Loops": 1,"Workers Planned": 2,"Workers Launched": 2,"Plans": [{"Node Type": "Aggregate","Strategy": "Sorted","Partial Mode": "Partial","Parent Relationship": "Outer","Parallel Aware": false,"Async Capable": false,"Startup Cost": 71556.39,"Total Cost": 71636.18,"Plan Rows": 2455,"Plan Width": 272,"Actual Startup Time": 928.764,"Actual Total Time": 929.505,"Actual Rows": 4,"Actual Loops": 3,"Group Key": ["n1.n_name", "n2.n_name", "(EXTRACT(year FROM lineitem.l_shipdate))"],"Workers": [],"Plans": [{"Node Type": "Sort","Parent Relationship": "Outer","Parallel Aware": false,"Async Capable": false,"Startup Cost": 71556.39,"Total Cost": 71562.53,"Plan Rows": 2455,"Plan Width": 252,"Actual Startup Time": 928.488,"Actual Total Time": 928.594,"Actual Rows": 2029,"Actual Loops": 3,"Sort Key": ["n1.n_name", "n2.n_name", "(EXTRACT(year FROM lineitem.l_shipdate))"],"Sort Method": "quicksort","Sort Space Used": 323,"Sort Space Type": "Memory","Workers": [{"Worker Number": 0,"Sort Method": "quicksort","Sort Space Used": 265,"Sort Space Type": "Memory"},{"Worker Number": 1,"Sort Method": "quicksort","Sort Space Used": 271,"Sort Space Type": "Memory"}],"Plans": [{"Node Type": "Hash Join","Parent Relationship": "Outer","Parallel Aware": false,"Async Capable": false,"Join Type": "Inner","Startup Cost": 366.16,"Total Cost": 71418.15,"Plan Rows": 2455,"Plan Width": 252,"Actual Startup Time": 12.051,"Actual Total Time": 926.629,"Actual Rows": 2029,"Actual Loops": 3,"Inner Unique": false,"Hash Cond": "(lineitem.l_suppkey = supplier.s_suppkey)","Join Filter": "(((n1.n_name = 'RUSSIA'::bpchar) AND (n2.n_name = 'INDIA'::bpchar)) OR ((n1.n_name = 'INDIA'::bpchar) AND (n2.n_name = 'RUSSIA'::bpchar)))","Rows Removed by Join Filter": 2028,"Workers": [],"Plans": [{"Node Type": "Nested Loop","Parent Relationship": "Outer","Parallel Aware": false,"Async Capable": false,"Join Type": "Inner","Startup Cost": 2.26,"Total Cost": 70727.78,"Plan Rows": 60250,"Plan Width": 124,"Actual Startup Time": 0.730,"Actual Total Time": 908.563,"Actual Rows": 49095,"Actual Loops": 3,"Inner Unique": false,"Workers": [],"Plans": [{"Node Type": "Nested Loop","Parent Relationship": "Outer","Parallel Aware": false,"Async Capable": false,"Join Type": "Inner","Startup Cost": 1.83,"Total Cost": 12400.01,"Plan Rows": 49000,"Plan Width": 108,"Actual Startup Time": 0.403,"Actual Total Time": 225.156,"Actual Rows": 40441,"Actual Loops": 3,"Inner Unique": false,"Workers": [],"Plans": [{"Node Type": "Hash Join","Parent Relationship": "Outer","Parallel Aware": false,"Async Capable": false,"Join Type": "Inner","Startup Cost": 1.40,"Total Cost": 4403.27,"Plan Rows": 4900,"Plan Width": 108,"Actual Startup Time": 0.240,"Actual Total Time": 44.530,"Actual Rows": 4040,"Actual Loops": 3,"Inner Unique": true,"Hash Cond": "(customer.c_nationkey = n2.n_nationkey)","Workers": [],"Plans": [{"Node Type": "Seq Scan","Parent Relationship": "Outer","Parallel Aware": true,"Async Capable": false,"Relation Name": "customer","Alias": "customer","Startup Cost": 0.00,"Total Cost": 4210.00,"Plan Rows": 62500,"Plan Width": 8,"Actual Startup Time": 0.014,"Actual Total Time": 9.099,"Actual Rows": 50000,"Actual Loops": 3,"Workers": []},{"Node Type": "Hash","Parent Relationship": "Inner","Parallel Aware": false,"Async Capable": false,"Startup Cost": 1.38,"Total Cost": 1.38,"Plan Rows": 2,"Plan Width": 108,"Actual Startup Time": 0.108,"Actual Total Time": 0.112,"Actual Rows": 2,"Actual Loops": 3,"Hash Buckets": 1024,"Original Hash Buckets": 1024,"Hash Batches": 1,"Original Hash Batches": 1,"Peak Memory Usage": 9,"Workers": [],"Plans": [{"Node Type": "Seq Scan","Parent Relationship": "Outer","Parallel Aware": false,"Async Capable": false,"Relation Name": "nation","Alias": "n2","Startup Cost": 0.00,"Total Cost": 1.38,"Plan Rows": 2,"Plan Width": 108,"Actual Startup Time": 0.081,"Actual Total Time": 0.088,"Actual Rows": 2,"Actual Loops": 3,"Filter": "((n_name = 'INDIA'::bpchar) OR (n_name = 'RUSSIA'::bpchar))","Rows Removed by Filter": 23,"Workers": []}]}]},{"Node Type": "Index Scan","Parent Relationship": "Inner","Parallel Aware": false,"Async Capable": false,"Scan Direction": "Forward","Index Name": "idx_orders_custkey","Relation Name": "orders","Alias": "orders","Startup Cost": 0.43,"Total Cost": 1.46,"Plan Rows": 17,"Plan Width": 8,"Actual Startup Time": 0.007,"Actual Total Time": 0.043,"Actual Rows": 10,"Actual Loops": 12120,"Index Cond": "(o_custkey = customer.c_custkey)","Rows Removed by Index Recheck": 0,"Workers": []}]},{"Node Type": "Index Scan","Parent Relationship": "Inner","Parallel Aware": false,"Async Capable": false,"Scan Direction": "Forward","Index Name": "idx_lineitem_orderkey","Relation Name": "lineitem","Alias": "lineitem","Startup Cost": 0.43,"Total Cost": 1.14,"Plan Rows": 5,"Plan Width": 24,"Actual Startup Time": 0.016,"Actual Total Time": 0.017,"Actual Rows": 1,"Actual Loops": 121322,"Index Cond": "(l_orderkey = orders.o_orderkey)","Rows Removed by Index Recheck": 0,"Filter": "((l_shipdate >= '1995-01-01'::date) AND (l_shipdate <= '1996-12-31'::date))","Rows Removed by Filter": 3,"Workers": []}]},{"Node Type": "Hash","Parent Relationship": "Inner","Parallel Aware": false,"Async Capable": false,"Startup Cost": 354.10,"Total Cost": 354.10,"Plan Rows": 784,"Plan Width": 108,"Actual Startup Time": 10.696,"Actual Total Time": 10.706,"Actual Rows": 816,"Actual Loops": 3,"Hash Buckets": 1024,"Original Hash Buckets": 1024,"Hash Batches": 1,"Original Hash Batches": 1,"Peak Memory Usage": 58,"Workers": [],"Plans": [{"Node Type": "Hash Join","Parent Relationship": "Outer","Parallel Aware": false,"Async Capable": false,"Join Type": "Inner","Startup Cost": 1.40,"Total Cost": 354.10,"Plan Rows": 784,"Plan Width": 108,"Actual Startup Time": 0.096,"Actual Total Time": 10.504,"Actual Rows": 816,"Actual Loops": 3,"Inner Unique": true,"Hash Cond": "(supplier.s_nationkey = n1.n_nationkey)","Workers": [],"Plans": [{"Node Type": "Seq Scan","Parent Relationship": "Outer","Parallel Aware": false,"Async Capable": false,"Relation Name": "supplier","Alias": "supplier","Startup Cost": 0.00,"Total Cost": 322.00,"Plan Rows": 10000,"Plan Width": 8,"Actual Startup Time": 0.035,"Actual Total Time": 4.144,"Actual Rows": 10000,"Actual Loops": 3,"Workers": []},{"Node Type": "Hash","Parent Relationship": "Inner","Parallel Aware": false,"Async Capable": false,"Startup Cost": 1.38,"Total Cost": 1.38,"Plan Rows": 2,"Plan Width": 108,"Actual Startup Time": 0.021,"Actual Total Time": 0.024,"Actual Rows": 2,"Actual Loops": 3,"Hash Buckets": 1024,"Original Hash Buckets": 1024,"Hash Batches": 1,"Original Hash Batches": 1,"Peak Memory Usage": 9,"Workers": [],"Plans": [{"Node Type": "Seq Scan","Parent Relationship": "Outer","Parallel Aware": false,"Async Capable": false,"Relation Name": "nation","Alias": "n1","Startup Cost": 0.00,"Total Cost": 1.38,"Plan Rows": 2,"Plan Width": 108,"Actual Startup Time": 0.010,"Actual Total Time": 0.015,"Actual Rows": 2,"Actual Loops": 3,"Filter": "((n_name = 'RUSSIA'::bpchar) OR (n_name = 'INDIA'::bpchar))","Rows Removed by Filter": 23,"Workers": []}]}]}]}]}]}]}]}]},"Planning Time": 8.529,"Triggers": [],"Execution Time": 982.051}]
[{"Plan": {"Node Type": "Aggregate","Strategy": "Sorted","Partial Mode": "Finalize","Parallel Aware": false,"Async Capable": false,"Startup Cost": 72556.41,"Total Cost": 73352.71,"Plan Rows": 5893,"Plan Width": 272,"Actual Startup Time": 917.325,"Actual Total Time": 969.816,"Actual Rows": 4,"Actual Loops": 1,"Group Key": ["n1.n_name", "n2.n_name", "(EXTRACT(year FROM lineitem.l_shipdate))"],"Plans": [{"Node Type": "Gather Merge","Parent Relationship": "Outer","Parallel Aware": false,"Async Capable": false,"Startup Cost": 72556.41,"Total Cost": 73202.94,"Plan Rows": 4910,"Plan Width": 272,"Actual Startup Time": 917.071,"Actual Total Time": 969.757,"Actual Rows": 12,"Actual Loops": 1,"Workers Planned": 2,"Workers Launched": 2,"Plans": [{"Node Type": "Aggregate","Strategy": "Sorted","Partial Mode": "Partial","Parent Relationship": "Outer","Parallel Aware": false,"Async Capable": false,"Startup Cost": 71556.39,"Total Cost": 71636.18,"Plan Rows": 2455,"Plan Width": 272,"Actual Startup Time": 909.201,"Actual Total Time": 909.861,"Actual Rows": 4,"Actual Loops": 3,"Group Key": ["n1.n_name", "n2.n_name", "(EXTRACT(year FROM lineitem.l_shipdate))"],"Workers": [],"Plans": [{"Node Type": "Sort","Parent Relationship": "Outer","Parallel Aware": false,"Async Capable": false,"Startup Cost": 71556.39,"Total Cost": 71562.53,"Plan Rows": 2455,"Plan Width": 252,"Actual Startup Time": 908.937,"Actual Total Time": 909.053,"Actual Rows": 1870,"Actual Loops": 3,"Sort Key": ["n1.n_name", "n2.n_name", "(EXTRACT(year FROM lineitem.l_shipdate))"],"Sort Method": "quicksort","Sort Space Used": 256,"Sort Space Type": "Memory","Workers": [{"Worker Number": 0,"Sort Method": "quicksort","Sort Space Used": 248,"Sort Space Type": "Memory"},{"Worker Number": 1,"Sort Method": "quicksort","Sort Space Used": 256,"Sort Space Type": "Memory"}],"Plans": [{"Node Type": "Hash Join","Parent Relationship": "Outer","Parallel Aware": false,"Async Capable": false,"Join Type": "Inner","Startup Cost": 366.16,"Total Cost": 71418.15,"Plan Rows": 2455,"Plan Width": 252,"Actual Startup Time": 11.181,"Actual Total Time": 907.216,"Actual Rows": 1870,"Actual Loops": 3,"Inner Unique": false,"Hash Cond": "(lineitem.l_suppkey = supplier.s_suppkey)","Join Filter": "(((n1.n_name = 'UNITED STATES'::bpchar) AND (n2.n_name = 'KENYA'::bpchar)) OR ((n1.n_name = 'KENYA'::bpchar) AND (n2.n_name = 'UNITED STATES'::bpchar)))","Rows Removed by Join Filter": 1846,"Workers": [],"Plans": [{"Node Type": "Nested Loop","Parent Relationship": "Outer","Parallel Aware": false,"Async Capable": false,"Join Type": "Inner","Startup Cost": 2.26,"Total Cost": 70727.78,"Plan Rows": 60250,"Plan Width": 124,"Actual Startup Time": 0.771,"Actual Total Time": 892.329,"Actual Rows": 48037,"Actual Loops": 3,"Inner Unique": false,"Workers": [],"Plans": [{"Node Type": "Nested Loop","Parent Relationship": "Outer","Parallel Aware": false,"Async Capable": false,"Join Type": "Inner","Startup Cost": 1.83,"Total Cost": 12400.01,"Plan Rows": 49000,"Plan Width": 108,"Actual Startup Time": 0.370,"Actual Total Time": 224.259,"Actual Rows": 39620,"Actual Loops": 3,"Inner Unique": false,"Workers": [],"Plans": [{"Node Type": "Hash Join","Parent Relationship": "Outer","Parallel Aware": false,"Async Capable": false,"Join Type": "Inner","Startup Cost": 1.40,"Total Cost": 4403.27,"Plan Rows": 4900,"Plan Width": 108,"Actual Startup Time": 0.246,"Actual Total Time": 46.722,"Actual Rows": 3992,"Actual Loops": 3,"Inner Unique": true,"Hash Cond": "(customer.c_nationkey = n2.n_nationkey)","Workers": [],"Plans": [{"Node Type": "Seq Scan","Parent Relationship": "Outer","Parallel Aware": true,"Async Capable": false,"Relation Name": "customer","Alias": "customer","Startup Cost": 0.00,"Total Cost": 4210.00,"Plan Rows": 62500,"Plan Width": 8,"Actual Startup Time": 0.018,"Actual Total Time": 9.504,"Actual Rows": 50000,"Actual Loops": 3,"Workers": []},{"Node Type": "Hash","Parent Relationship": "Inner","Parallel Aware": false,"Async Capable": false,"Startup Cost": 1.38,"Total Cost": 1.38,"Plan Rows": 2,"Plan Width": 108,"Actual Startup Time": 0.067,"Actual Total Time": 0.076,"Actual Rows": 2,"Actual Loops": 3,"Hash Buckets": 1024,"Original Hash Buckets": 1024,"Hash Batches": 1,"Original Hash Batches": 1,"Peak Memory Usage": 9,"Workers": [],"Plans": [{"Node Type": "Seq Scan","Parent Relationship": "Outer","Parallel Aware": false,"Async Capable": false,"Relation Name": "nation","Alias": "n2","Startup Cost": 0.00,"Total Cost": 1.38,"Plan Rows": 2,"Plan Width": 108,"Actual Startup Time": 0.048,"Actual Total Time": 0.054,"Actual Rows": 2,"Actual Loops": 3,"Filter": "((n_name = 'KENYA'::bpchar) OR (n_name = 'UNITED STATES'::bpchar))","Rows Removed by Filter": 23,"Workers": []}]}]},{"Node Type": "Index Scan","Parent Relationship": "Inner","Parallel Aware": false,"Async Capable": false,"Scan Direction": "Forward","Index Name": "idx_orders_custkey","Relation Name": "orders","Alias": "orders","Startup Cost": 0.43,"Total Cost": 1.46,"Plan Rows": 17,"Plan Width": 8,"Actual Startup Time": 0.007,"Actual Total Time": 0.043,"Actual Rows": 10,"Actual Loops": 11975,"Index Cond": "(o_custkey = customer.c_custkey)","Rows Removed by Index Recheck": 0,"Workers": []}]},{"Node Type": "Index Scan","Parent Relationship": "Inner","Parallel Aware": false,"Async Capable": false,"Scan Direction": "Forward","Index Name": "idx_lineitem_orderkey","Relation Name": "lineitem","Alias": "lineitem","Startup Cost": 0.43,"Total Cost": 1.14,"Plan Rows": 5,"Plan Width": 24,"Actual Startup Time": 0.016,"Actual Total Time": 0.017,"Actual Rows": 1,"Actual Loops": 118861,"Index Cond": "(l_orderkey = orders.o_orderkey)","Rows Removed by Index Recheck": 0,"Filter": "((l_shipdate >= '1995-01-01'::date) AND (l_shipdate <= '1996-12-31'::date))","Rows Removed by Filter": 3,"Workers": []}]},{"Node Type": "Hash","Parent Relationship": "Inner","Parallel Aware": false,"Async Capable": false,"Startup Cost": 354.10,"Total Cost": 354.10,"Plan Rows": 784,"Plan Width": 108,"Actual Startup Time": 7.878,"Actual Total Time": 7.890,"Actual Rows": 769,"Actual Loops": 3,"Hash Buckets": 1024,"Original Hash Buckets": 1024,"Hash Batches": 1,"Original Hash Batches": 1,"Peak Memory Usage": 55,"Workers": [],"Plans": [{"Node Type": "Hash Join","Parent Relationship": "Outer","Parallel Aware": false,"Async Capable": false,"Join Type": "Inner","Startup Cost": 1.40,"Total Cost": 354.10,"Plan Rows": 784,"Plan Width": 108,"Actual Startup Time": 0.084,"Actual Total Time": 7.666,"Actual Rows": 769,"Actual Loops": 3,"Inner Unique": true,"Hash Cond": "(supplier.s_nationkey = n1.n_nationkey)","Workers": [],"Plans": [{"Node Type": "Seq Scan","Parent Relationship": "Outer","Parallel Aware": false,"Async Capable": false,"Relation Name": "supplier","Alias": "supplier","Startup Cost": 0.00,"Total Cost": 322.00,"Plan Rows": 10000,"Plan Width": 8,"Actual Startup Time": 0.033,"Actual Total Time": 4.081,"Actual Rows": 10000,"Actual Loops": 3,"Workers": []},{"Node Type": "Hash","Parent Relationship": "Inner","Parallel Aware": false,"Async Capable": false,"Startup Cost": 1.38,"Total Cost": 1.38,"Plan Rows": 2,"Plan Width": 108,"Actual Startup Time": 0.018,"Actual Total Time": 0.020,"Actual Rows": 2,"Actual Loops": 3,"Hash Buckets": 1024,"Original Hash Buckets": 1024,"Hash Batches": 1,"Original Hash Batches": 1,"Peak Memory Usage": 9,"Workers": [],"Plans": [{"Node Type": "Seq Scan","Parent Relationship": "Outer","Parallel Aware": false,"Async Capable": false,"Relation Name": "nation","Alias": "n1","Startup Cost": 0.00,"Total Cost": 1.38,"Plan Rows": 2,"Plan Width": 108,"Actual Startup Time": 0.008,"Actual Total Time": 0.012,"Actual Rows": 2,"Actual Loops": 3,"Filter": "((n_name = 'UNITED STATES'::bpchar) OR (n_name = 'KENYA'::bpchar))","Rows Removed by Filter": 23,"Workers": []}]}]}]}]}]}]}]}]},"Planning Time": 9.458,"Triggers": [],"Execution Time": 970.290}]
[{"Plan": {"Node Type": "Aggregate","Strategy": "Sorted","Partial Mode": "Finalize","Parallel Aware": false,"Async Capable": false,"Startup Cost": 72556.41,"Total Cost": 73352.71,"Plan Rows": 5893,"Plan Width": 272,"Actual Startup Time": 934.591,"Actual Total Time": 987.421,"Actual Rows": 4,"Actual Loops": 1,"Group Key": ["n1.n_name", "n2.n_name", "(EXTRACT(year FROM lineitem.l_shipdate))"],"Plans": [{"Node Type": "Gather Merge","Parent Relationship": "Outer","Parallel Aware": false,"Async Capable": false,"Startup Cost": 72556.41,"Total Cost": 73202.94,"Plan Rows": 4910,"Plan Width": 272,"Actual Startup Time": 933.706,"Actual Total Time": 987.324,"Actual Rows": 12,"Actual Loops": 1,"Workers Planned": 2,"Workers Launched": 2,"Plans": [{"Node Type": "Aggregate","Strategy": "Sorted","Partial Mode": "Partial","Parent Relationship": "Outer","Parallel Aware": false,"Async Capable": false,"Startup Cost": 71556.39,"Total Cost": 71636.18,"Plan Rows": 2455,"Plan Width": 272,"Actual Startup Time": 924.846,"Actual Total Time": 925.721,"Actual Rows": 4,"Actual Loops": 3,"Group Key": ["n1.n_name", "n2.n_name", "(EXTRACT(year FROM lineitem.l_shipdate))"],"Workers": [],"Plans": [{"Node Type": "Sort","Parent Relationship": "Outer","Parallel Aware": false,"Async Capable": false,"Startup Cost": 71556.39,"Total Cost": 71562.53,"Plan Rows": 2455,"Plan Width": 252,"Actual Startup Time": 924.590,"Actual Total Time": 924.709,"Actual Rows": 1908,"Actual Loops": 3,"Sort Key": ["n1.n_name", "n2.n_name", "(EXTRACT(year FROM lineitem.l_shipdate))"],"Sort Method": "quicksort","Sort Space Used": 263,"Sort Space Type": "Memory","Workers": [{"Worker Number": 0,"Sort Method": "quicksort","Sort Space Used": 256,"Sort Space Type": "Memory"},{"Worker Number": 1,"Sort Method": "quicksort","Sort Space Used": 252,"Sort Space Type": "Memory"}],"Plans": [{"Node Type": "Hash Join","Parent Relationship": "Outer","Parallel Aware": false,"Async Capable": false,"Join Type": "Inner","Startup Cost": 366.16,"Total Cost": 71418.15,"Plan Rows": 2455,"Plan Width": 252,"Actual Startup Time": 9.287,"Actual Total Time": 922.776,"Actual Rows": 1908,"Actual Loops": 3,"Inner Unique": false,"Hash Cond": "(lineitem.l_suppkey = supplier.s_suppkey)","Join Filter": "(((n1.n_name = 'IRAN'::bpchar) AND (n2.n_name = 'CANADA'::bpchar)) OR ((n1.n_name = 'CANADA'::bpchar) AND (n2.n_name = 'IRAN'::bpchar)))","Rows Removed by Join Filter": 1931,"Workers": [],"Plans": [{"Node Type": "Nested Loop","Parent Relationship": "Outer","Parallel Aware": false,"Async Capable": false,"Join Type": "Inner","Startup Cost": 2.26,"Total Cost": 70727.78,"Plan Rows": 60250,"Plan Width": 124,"Actual Startup Time": 0.691,"Actual Total Time": 906.841,"Actual Rows": 48615,"Actual Loops": 3,"Inner Unique": false,"Workers": [],"Plans": [{"Node Type": "Nested Loop","Parent Relationship": "Outer","Parallel Aware": false,"Async Capable": false,"Join Type": "Inner","Startup Cost": 1.83,"Total Cost": 12400.01,"Plan Rows": 49000,"Plan Width": 108,"Actual Startup Time": 0.371,"Actual Total Time": 228.277,"Actual Rows": 40052,"Actual Loops": 3,"Inner Unique": false,"Workers": [],"Plans": [{"Node Type": "Hash Join","Parent Relationship": "Outer","Parallel Aware": false,"Async Capable": false,"Join Type": "Inner","Startup Cost": 1.40,"Total Cost": 4403.27,"Plan Rows": 4900,"Plan Width": 108,"Actual Startup Time": 0.233,"Actual Total Time": 47.394,"Actual Rows": 4010,"Actual Loops": 3,"Inner Unique": true,"Hash Cond": "(customer.c_nationkey = n2.n_nationkey)","Workers": [],"Plans": [{"Node Type": "Seq Scan","Parent Relationship": "Outer","Parallel Aware": true,"Async Capable": false,"Relation Name": "customer","Alias": "customer","Startup Cost": 0.00,"Total Cost": 4210.00,"Plan Rows": 62500,"Plan Width": 8,"Actual Startup Time": 0.015,"Actual Total Time": 9.438,"Actual Rows": 50000,"Actual Loops": 3,"Workers": []},{"Node Type": "Hash","Parent Relationship": "Inner","Parallel Aware": false,"Async Capable": false,"Startup Cost": 1.38,"Total Cost": 1.38,"Plan Rows": 2,"Plan Width": 108,"Actual Startup Time": 0.095,"Actual Total Time": 0.100,"Actual Rows": 2,"Actual Loops": 3,"Hash Buckets": 1024,"Original Hash Buckets": 1024,"Hash Batches": 1,"Original Hash Batches": 1,"Peak Memory Usage": 9,"Workers": [],"Plans": [{"Node Type": "Seq Scan","Parent Relationship": "Outer","Parallel Aware": false,"Async Capable": false,"Relation Name": "nation","Alias": "n2","Startup Cost": 0.00,"Total Cost": 1.38,"Plan Rows": 2,"Plan Width": 108,"Actual Startup Time": 0.068,"Actual Total Time": 0.077,"Actual Rows": 2,"Actual Loops": 3,"Filter": "((n_name = 'CANADA'::bpchar) OR (n_name = 'IRAN'::bpchar))","Rows Removed by Filter": 23,"Workers": []}]}]},{"Node Type": "Index Scan","Parent Relationship": "Inner","Parallel Aware": false,"Async Capable": false,"Scan Direction": "Forward","Index Name": "idx_orders_custkey","Relation Name": "orders","Alias": "orders","Startup Cost": 0.43,"Total Cost": 1.46,"Plan Rows": 17,"Plan Width": 8,"Actual Startup Time": 0.007,"Actual Total Time": 0.044,"Actual Rows": 10,"Actual Loops": 12029,"Index Cond": "(o_custkey = customer.c_custkey)","Rows Removed by Index Recheck": 0,"Workers": []}]},{"Node Type": "Index Scan","Parent Relationship": "Inner","Parallel Aware": false,"Async Capable": false,"Scan Direction": "Forward","Index Name": "idx_lineitem_orderkey","Relation Name": "lineitem","Alias": "lineitem","Startup Cost": 0.43,"Total Cost": 1.14,"Plan Rows": 5,"Plan Width": 24,"Actual Startup Time": 0.016,"Actual Total Time": 0.017,"Actual Rows": 1,"Actual Loops": 120155,"Index Cond": "(l_orderkey = orders.o_orderkey)","Rows Removed by Index Recheck": 0,"Filter": "((l_shipdate >= '1995-01-01'::date) AND (l_shipdate <= '1996-12-31'::date))","Rows Removed by Filter": 3,"Workers": []}]},{"Node Type": "Hash","Parent Relationship": "Inner","Parallel Aware": false,"Async Capable": false,"Startup Cost": 354.10,"Total Cost": 354.10,"Plan Rows": 784,"Plan Width": 108,"Actual Startup Time": 8.462,"Actual Total Time": 8.475,"Actual Rows": 805,"Actual Loops": 3,"Hash Buckets": 1024,"Original Hash Buckets": 1024,"Hash Batches": 1,"Original Hash Batches": 1,"Peak Memory Usage": 57,"Workers": [],"Plans": [{"Node Type": "Hash Join","Parent Relationship": "Outer","Parallel Aware": false,"Async Capable": false,"Join Type": "Inner","Startup Cost": 1.40,"Total Cost": 354.10,"Plan Rows": 784,"Plan Width": 108,"Actual Startup Time": 0.121,"Actual Total Time": 8.289,"Actual Rows": 805,"Actual Loops": 3,"Inner Unique": true,"Hash Cond": "(supplier.s_nationkey = n1.n_nationkey)","Workers": [],"Plans": [{"Node Type": "Seq Scan","Parent Relationship": "Outer","Parallel Aware": false,"Async Capable": false,"Relation Name": "supplier","Alias": "supplier","Startup Cost": 0.00,"Total Cost": 322.00,"Plan Rows": 10000,"Plan Width": 8,"Actual Startup Time": 0.059,"Actual Total Time": 4.230,"Actual Rows": 10000,"Actual Loops": 3,"Workers": []},{"Node Type": "Hash","Parent Relationship": "Inner","Parallel Aware": false,"Async Capable": false,"Startup Cost": 1.38,"Total Cost": 1.38,"Plan Rows": 2,"Plan Width": 108,"Actual Startup Time": 0.022,"Actual Total Time": 0.025,"Actual Rows": 2,"Actual Loops": 3,"Hash Buckets": 1024,"Original Hash Buckets": 1024,"Hash Batches": 1,"Original Hash Batches": 1,"Peak Memory Usage": 9,"Workers": [],"Plans": [{"Node Type": "Seq Scan","Parent Relationship": "Outer","Parallel Aware": false,"Async Capable": false,"Relation Name": "nation","Alias": "n1","Startup Cost": 0.00,"Total Cost": 1.38,"Plan Rows": 2,"Plan Width": 108,"Actual Startup Time": 0.008,"Actual Total Time": 0.016,"Actual Rows": 2,"Actual Loops": 3,"Filter": "((n_name = 'IRAN'::bpchar) OR (n_name = 'CANADA'::bpchar))","Rows Removed by Filter": 23,"Workers": []}]}]}]}]}]}]}]}]},"Planning Time": 9.610,"Triggers": [],"Execution Time": 987.875}]
[{"Plan": {"Node Type": "Aggregate","Strategy": "Sorted","Partial Mode": "Finalize","Parallel Aware": false,"Async Capable": false,"Startup Cost": 72556.41,"Total Cost": 73352.71,"Plan Rows": 5893,"Plan Width": 272,"Actual Startup Time": 942.315,"Actual Total Time": 997.957,"Actual Rows": 4,"Actual Loops": 1,"Group Key": ["n1.n_name", "n2.n_name", "(EXTRACT(year FROM lineitem.l_shipdate))"],"Plans": [{"Node Type": "Gather Merge","Parent Relationship": "Outer","Parallel Aware": false,"Async Capable": false,"Startup Cost": 72556.41,"Total Cost": 73202.94,"Plan Rows": 4910,"Plan Width": 272,"Actual Startup Time": 941.665,"Actual Total Time": 997.889,"Actual Rows": 12,"Actual Loops": 1,"Workers Planned": 2,"Workers Launched": 2,"Plans": [{"Node Type": "Aggregate","Strategy": "Sorted","Partial Mode": "Partial","Parent Relationship": "Outer","Parallel Aware": false,"Async Capable": false,"Startup Cost": 71556.39,"Total Cost": 71636.18,"Plan Rows": 2455,"Plan Width": 272,"Actual Startup Time": 932.846,"Actual Total Time": 933.647,"Actual Rows": 4,"Actual Loops": 3,"Group Key": ["n1.n_name", "n2.n_name", "(EXTRACT(year FROM lineitem.l_shipdate))"],"Workers": [],"Plans": [{"Node Type": "Sort","Parent Relationship": "Outer","Parallel Aware": false,"Async Capable": false,"Startup Cost": 71556.39,"Total Cost": 71562.53,"Plan Rows": 2455,"Plan Width": 252,"Actual Startup Time": 932.596,"Actual Total Time": 932.713,"Actual Rows": 1910,"Actual Loops": 3,"Sort Key": ["n1.n_name", "n2.n_name", "(EXTRACT(year FROM lineitem.l_shipdate))"],"Sort Method": "quicksort","Sort Space Used": 256,"Sort Space Type": "Memory","Workers": [{"Worker Number": 0,"Sort Method": "quicksort","Sort Space Used": 259,"Sort Space Type": "Memory"},{"Worker Number": 1,"Sort Method": "quicksort","Sort Space Used": 257,"Sort Space Type": "Memory"}],"Plans": [{"Node Type": "Hash Join","Parent Relationship": "Outer","Parallel Aware": false,"Async Capable": false,"Join Type": "Inner","Startup Cost": 366.16,"Total Cost": 71418.15,"Plan Rows": 2455,"Plan Width": 252,"Actual Startup Time": 10.026,"Actual Total Time": 930.713,"Actual Rows": 1910,"Actual Loops": 3,"Inner Unique": false,"Hash Cond": "(lineitem.l_suppkey = supplier.s_suppkey)","Join Filter": "(((n1.n_name = 'INDONESIA'::bpchar) AND (n2.n_name = 'ETHIOPIA'::bpchar)) OR ((n1.n_name = 'ETHIOPIA'::bpchar) AND (n2.n_name = 'INDONESIA'::bpchar)))","Rows Removed by Join Filter": 1969,"Workers": [],"Plans": [{"Node Type": "Nested Loop","Parent Relationship": "Outer","Parallel Aware": false,"Async Capable": false,"Join Type": "Inner","Startup Cost": 2.26,"Total Cost": 70727.78,"Plan Rows": 60250,"Plan Width": 124,"Actual Startup Time": 0.579,"Actual Total Time": 915.397,"Actual Rows": 49440,"Actual Loops": 3,"Inner Unique": false,"Workers": [],"Plans": [{"Node Type": "Nested Loop","Parent Relationship": "Outer","Parallel Aware": false,"Async Capable": false,"Join Type": "Inner","Startup Cost": 1.83,"Total Cost": 12400.01,"Plan Rows": 49000,"Plan Width": 108,"Actual Startup Time": 0.353,"Actual Total Time": 231.131,"Actual Rows": 40361,"Actual Loops": 3,"Inner Unique": false,"Workers": [],"Plans": [{"Node Type": "Hash Join","Parent Relationship": "Outer","Parallel Aware": false,"Async Capable": false,"Join Type": "Inner","Startup Cost": 1.40,"Total Cost": 4403.27,"Plan Rows": 4900,"Plan Width": 108,"Actual Startup Time": 0.196,"Actual Total Time": 48.774,"Actual Rows": 4038,"Actual Loops": 3,"Inner Unique": true,"Hash Cond": "(customer.c_nationkey = n2.n_nationkey)","Workers": [],"Plans": [{"Node Type": "Seq Scan","Parent Relationship": "Outer","Parallel Aware": true,"Async Capable": false,"Relation Name": "customer","Alias": "customer","Startup Cost": 0.00,"Total Cost": 4210.00,"Plan Rows": 62500,"Plan Width": 8,"Actual Startup Time": 0.014,"Actual Total Time": 9.578,"Actual Rows": 50000,"Actual Loops": 3,"Workers": []},{"Node Type": "Hash","Parent Relationship": "Inner","Parallel Aware": false,"Async Capable": false,"Startup Cost": 1.38,"Total Cost": 1.38,"Plan Rows": 2,"Plan Width": 108,"Actual Startup Time": 0.087,"Actual Total Time": 0.093,"Actual Rows": 2,"Actual Loops": 3,"Hash Buckets": 1024,"Original Hash Buckets": 1024,"Hash Batches": 1,"Original Hash Batches": 1,"Peak Memory Usage": 9,"Workers": [],"Plans": [{"Node Type": "Seq Scan","Parent Relationship": "Outer","Parallel Aware": false,"Async Capable": false,"Relation Name": "nation","Alias": "n2","Startup Cost": 0.00,"Total Cost": 1.38,"Plan Rows": 2,"Plan Width": 108,"Actual Startup Time": 0.063,"Actual Total Time": 0.072,"Actual Rows": 2,"Actual Loops": 3,"Filter": "((n_name = 'ETHIOPIA'::bpchar) OR (n_name = 'INDONESIA'::bpchar))","Rows Removed by Filter": 23,"Workers": []}]}]},{"Node Type": "Index Scan","Parent Relationship": "Inner","Parallel Aware": false,"Async Capable": false,"Scan Direction": "Forward","Index Name": "idx_orders_custkey","Relation Name": "orders","Alias": "orders","Startup Cost": 0.43,"Total Cost": 1.46,"Plan Rows": 17,"Plan Width": 8,"Actual Startup Time": 0.007,"Actual Total Time": 0.044,"Actual Rows": 10,"Actual Loops": 12113,"Index Cond": "(o_custkey = customer.c_custkey)","Rows Removed by Index Recheck": 0,"Workers": []}]},{"Node Type": "Index Scan","Parent Relationship": "Inner","Parallel Aware": false,"Async Capable": false,"Scan Direction": "Forward","Index Name": "idx_lineitem_orderkey","Relation Name": "lineitem","Alias": "lineitem","Startup Cost": 0.43,"Total Cost": 1.14,"Plan Rows": 5,"Plan Width": 24,"Actual Startup Time": 0.016,"Actual Total Time": 0.017,"Actual Rows": 1,"Actual Loops": 121083,"Index Cond": "(l_orderkey = orders.o_orderkey)","Rows Removed by Index Recheck": 0,"Filter": "((l_shipdate >= '1995-01-01'::date) AND (l_shipdate <= '1996-12-31'::date))","Rows Removed by Filter": 3,"Workers": []}]},{"Node Type": "Hash","Parent Relationship": "Inner","Parallel Aware": false,"Async Capable": false,"Startup Cost": 354.10,"Total Cost": 354.10,"Plan Rows": 784,"Plan Width": 108,"Actual Startup Time": 8.088,"Actual Total Time": 8.099,"Actual Rows": 785,"Actual Loops": 3,"Hash Buckets": 1024,"Original Hash Buckets": 1024,"Hash Batches": 1,"Original Hash Batches": 1,"Peak Memory Usage": 56,"Workers": [],"Plans": [{"Node Type": "Hash Join","Parent Relationship": "Outer","Parallel Aware": false,"Async Capable": false,"Join Type": "Inner","Startup Cost": 1.40,"Total Cost": 354.10,"Plan Rows": 784,"Plan Width": 108,"Actual Startup Time": 0.102,"Actual Total Time": 7.920,"Actual Rows": 785,"Actual Loops": 3,"Inner Unique": true,"Hash Cond": "(supplier.s_nationkey = n1.n_nationkey)","Workers": [],"Plans": [{"Node Type": "Seq Scan","Parent Relationship": "Outer","Parallel Aware": false,"Async Capable": false,"Relation Name": "supplier","Alias": "supplier","Startup Cost": 0.00,"Total Cost": 322.00,"Plan Rows": 10000,"Plan Width": 8,"Actual Startup Time": 0.041,"Actual Total Time": 3.977,"Actual Rows": 10000,"Actual Loops": 3,"Workers": []},{"Node Type": "Hash","Parent Relationship": "Inner","Parallel Aware": false,"Async Capable": false,"Startup Cost": 1.38,"Total Cost": 1.38,"Plan Rows": 2,"Plan Width": 108,"Actual Startup Time": 0.019,"Actual Total Time": 0.023,"Actual Rows": 2,"Actual Loops": 3,"Hash Buckets": 1024,"Original Hash Buckets": 1024,"Hash Batches": 1,"Original Hash Batches": 1,"Peak Memory Usage": 9,"Workers": [],"Plans": [{"Node Type": "Seq Scan","Parent Relationship": "Outer","Parallel Aware": false,"Async Capable": false,"Relation Name": "nation","Alias": "n1","Startup Cost": 0.00,"Total Cost": 1.38,"Plan Rows": 2,"Plan Width": 108,"Actual Startup Time": 0.006,"Actual Total Time": 0.013,"Actual Rows": 2,"Actual Loops": 3,"Filter": "((n_name = 'INDONESIA'::bpchar) OR (n_name = 'ETHIOPIA'::bpchar))","Rows Removed by Filter": 23,"Workers": []}]}]}]}]}]}]}]}]},"Planning Time": 8.412,"Triggers": [],"Execution Time": 998.418}]
[{"Plan": {"Node Type": "Aggregate","Strategy": "Sorted","Partial Mode": "Finalize","Parallel Aware": false,"Async Capable": false,"Startup Cost": 72556.41,"Total Cost": 73352.71,"Plan Rows": 5893,"Plan Width": 272,"Actual Startup Time": 941.232,"Actual Total Time": 992.314,"Actual Rows": 4,"Actual Loops": 1,"Group Key": ["n1.n_name", "n2.n_name", "(EXTRACT(year FROM lineitem.l_shipdate))"],"Plans": [{"Node Type": "Gather Merge","Parent Relationship": "Outer","Parallel Aware": false,"Async Capable": false,"Startup Cost": 72556.41,"Total Cost": 73202.94,"Plan Rows": 4910,"Plan Width": 272,"Actual Startup Time": 940.519,"Actual Total Time": 992.243,"Actual Rows": 12,"Actual Loops": 1,"Workers Planned": 2,"Workers Launched": 2,"Plans": [{"Node Type": "Aggregate","Strategy": "Sorted","Partial Mode": "Partial","Parent Relationship": "Outer","Parallel Aware": false,"Async Capable": false,"Startup Cost": 71556.39,"Total Cost": 71636.18,"Plan Rows": 2455,"Plan Width": 272,"Actual Startup Time": 932.185,"Actual Total Time": 933.031,"Actual Rows": 4,"Actual Loops": 3,"Group Key": ["n1.n_name", "n2.n_name", "(EXTRACT(year FROM lineitem.l_shipdate))"],"Workers": [],"Plans": [{"Node Type": "Sort","Parent Relationship": "Outer","Parallel Aware": false,"Async Capable": false,"Startup Cost": 71556.39,"Total Cost": 71562.53,"Plan Rows": 2455,"Plan Width": 252,"Actual Startup Time": 931.938,"Actual Total Time": 932.054,"Actual Rows": 1967,"Actual Loops": 3,"Sort Key": ["n1.n_name", "n2.n_name", "(EXTRACT(year FROM lineitem.l_shipdate))"],"Sort Method": "quicksort","Sort Space Used": 264,"Sort Space Type": "Memory","Workers": [{"Worker Number": 0,"Sort Method": "quicksort","Sort Space Used": 256,"Sort Space Type": "Memory"},{"Worker Number": 1,"Sort Method": "quicksort","Sort Space Used": 272,"Sort Space Type": "Memory"}],"Plans": [{"Node Type": "Hash Join","Parent Relationship": "Outer","Parallel Aware": false,"Async Capable": false,"Join Type": "Inner","Startup Cost": 366.16,"Total Cost": 71418.15,"Plan Rows": 2455,"Plan Width": 252,"Actual Startup Time": 9.106,"Actual Total Time": 930.201,"Actual Rows": 1967,"Actual Loops": 3,"Inner Unique": false,"Hash Cond": "(lineitem.l_suppkey = supplier.s_suppkey)","Join Filter": "(((n1.n_name = 'VIETNAM'::bpchar) AND (n2.n_name = 'ROMANIA'::bpchar)) OR ((n1.n_name = 'ROMANIA'::bpchar) AND (n2.n_name = 'VIETNAM'::bpchar)))","Rows Removed by Join Filter": 1961,"Workers": [],"Plans": [{"Node Type": "Nested Loop","Parent Relationship": "Outer","Parallel Aware": false,"Async Capable": false,"Join Type": "Inner","Startup Cost": 2.26,"Total Cost": 70727.78,"Plan Rows": 60250,"Plan Width": 124,"Actual Startup Time": 0.698,"Actual Total Time": 914.849,"Actual Rows": 49382,"Actual Loops": 3,"Inner Unique": false,"Workers": [],"Plans": [{"Node Type": "Nested Loop","Parent Relationship": "Outer","Parallel Aware": false,"Async Capable": false,"Join Type": "Inner","Startup Cost": 1.83,"Total Cost": 12400.01,"Plan Rows": 49000,"Plan Width": 108,"Actual Startup Time": 0.271,"Actual Total Time": 231.049,"Actual Rows": 40453,"Actual Loops": 3,"Inner Unique": false,"Workers": [],"Plans": [{"Node Type": "Hash Join","Parent Relationship": "Outer","Parallel Aware": false,"Async Capable": false,"Join Type": "Inner","Startup Cost": 1.40,"Total Cost": 4403.27,"Plan Rows": 4900,"Plan Width": 108,"Actual Startup Time": 0.162,"Actual Total Time": 47.792,"Actual Rows": 4036,"Actual Loops": 3,"Inner Unique": true,"Hash Cond": "(customer.c_nationkey = n2.n_nationkey)","Workers": [],"Plans": [{"Node Type": "Seq Scan","Parent Relationship": "Outer","Parallel Aware": true,"Async Capable": false,"Relation Name": "customer","Alias": "customer","Startup Cost": 0.00,"Total Cost": 4210.00,"Plan Rows": 62500,"Plan Width": 8,"Actual Startup Time": 0.010,"Actual Total Time": 9.712,"Actual Rows": 50000,"Actual Loops": 3,"Workers": []},{"Node Type": "Hash","Parent Relationship": "Inner","Parallel Aware": false,"Async Capable": false,"Startup Cost": 1.38,"Total Cost": 1.38,"Plan Rows": 2,"Plan Width": 108,"Actual Startup Time": 0.067,"Actual Total Time": 0.075,"Actual Rows": 2,"Actual Loops": 3,"Hash Buckets": 1024,"Original Hash Buckets": 1024,"Hash Batches": 1,"Original Hash Batches": 1,"Peak Memory Usage": 9,"Workers": [],"Plans": [{"Node Type": "Seq Scan","Parent Relationship": "Outer","Parallel Aware": false,"Async Capable": false,"Relation Name": "nation","Alias": "n2","Startup Cost": 0.00,"Total Cost": 1.38,"Plan Rows": 2,"Plan Width": 108,"Actual Startup Time": 0.055,"Actual Total Time": 0.058,"Actual Rows": 2,"Actual Loops": 3,"Filter": "((n_name = 'ROMANIA'::bpchar) OR (n_name = 'VIETNAM'::bpchar))","Rows Removed by Filter": 23,"Workers": []}]}]},{"Node Type": "Index Scan","Parent Relationship": "Inner","Parallel Aware": false,"Async Capable": false,"Scan Direction": "Forward","Index Name": "idx_orders_custkey","Relation Name": "orders","Alias": "orders","Startup Cost": 0.43,"Total Cost": 1.46,"Plan Rows": 17,"Plan Width": 8,"Actual Startup Time": 0.007,"Actual Total Time": 0.044,"Actual Rows": 10,"Actual Loops": 12108,"Index Cond": "(o_custkey = customer.c_custkey)","Rows Removed by Index Recheck": 0,"Workers": []}]},{"Node Type": "Index Scan","Parent Relationship": "Inner","Parallel Aware": false,"Async Capable": false,"Scan Direction": "Forward","Index Name": "idx_lineitem_orderkey","Relation Name": "lineitem","Alias": "lineitem","Startup Cost": 0.43,"Total Cost": 1.14,"Plan Rows": 5,"Plan Width": 24,"Actual Startup Time": 0.016,"Actual Total Time": 0.017,"Actual Rows": 1,"Actual Loops": 121359,"Index Cond": "(l_orderkey = orders.o_orderkey)","Rows Removed by Index Recheck": 0,"Filter": "((l_shipdate >= '1995-01-01'::date) AND (l_shipdate <= '1996-12-31'::date))","Rows Removed by Filter": 3,"Workers": []}]},{"Node Type": "Hash","Parent Relationship": "Inner","Parallel Aware": false,"Async Capable": false,"Startup Cost": 354.10,"Total Cost": 354.10,"Plan Rows": 784,"Plan Width": 108,"Actual Startup Time": 7.840,"Actual Total Time": 7.853,"Actual Rows": 797,"Actual Loops": 3,"Hash Buckets": 1024,"Original Hash Buckets": 1024,"Hash Batches": 1,"Original Hash Batches": 1,"Peak Memory Usage": 57,"Workers": [],"Plans": [{"Node Type": "Hash Join","Parent Relationship": "Outer","Parallel Aware": false,"Async Capable": false,"Join Type": "Inner","Startup Cost": 1.40,"Total Cost": 354.10,"Plan Rows": 784,"Plan Width": 108,"Actual Startup Time": 0.070,"Actual Total Time": 7.662,"Actual Rows": 797,"Actual Loops": 3,"Inner Unique": true,"Hash Cond": "(supplier.s_nationkey = n1.n_nationkey)","Workers": [],"Plans": [{"Node Type": "Seq Scan","Parent Relationship": "Outer","Parallel Aware": false,"Async Capable": false,"Relation Name": "supplier","Alias": "supplier","Startup Cost": 0.00,"Total Cost": 322.00,"Plan Rows": 10000,"Plan Width": 8,"Actual Startup Time": 0.024,"Actual Total Time": 3.968,"Actual Rows": 10000,"Actual Loops": 3,"Workers": []},{"Node Type": "Hash","Parent Relationship": "Inner","Parallel Aware": false,"Async Capable": false,"Startup Cost": 1.38,"Total Cost": 1.38,"Plan Rows": 2,"Plan Width": 108,"Actual Startup Time": 0.013,"Actual Total Time": 0.017,"Actual Rows": 2,"Actual Loops": 3,"Hash Buckets": 1024,"Original Hash Buckets": 1024,"Hash Batches": 1,"Original Hash Batches": 1,"Peak Memory Usage": 9,"Workers": [],"Plans": [{"Node Type": "Seq Scan","Parent Relationship": "Outer","Parallel Aware": false,"Async Capable": false,"Relation Name": "nation","Alias": "n1","Startup Cost": 0.00,"Total Cost": 1.38,"Plan Rows": 2,"Plan Width": 108,"Actual Startup Time": 0.008,"Actual Total Time": 0.010,"Actual Rows": 2,"Actual Loops": 3,"Filter": "((n_name = 'VIETNAM'::bpchar) OR (n_name = 'ROMANIA'::bpchar))","Rows Removed by Filter": 23,"Workers": []}]}]}]}]}]}]}]}]},"Planning Time": 7.789,"Triggers": [],"Execution Time": 992.767}]
[{"Plan": {"Node Type": "Aggregate","Strategy": "Sorted","Partial Mode": "Finalize","Parallel Aware": false,"Async Capable": false,"Startup Cost": 72556.41,"Total Cost": 73352.71,"Plan Rows": 5893,"Plan Width": 272,"Actual Startup Time": 913.454,"Actual Total Time": 956.274,"Actual Rows": 4,"Actual Loops": 1,"Group Key": ["n1.n_name", "n2.n_name", "(EXTRACT(year FROM lineitem.l_shipdate))"],"Plans": [{"Node Type": "Gather Merge","Parent Relationship": "Outer","Parallel Aware": false,"Async Capable": false,"Startup Cost": 72556.41,"Total Cost": 73202.94,"Plan Rows": 4910,"Plan Width": 272,"Actual Startup Time": 913.144,"Actual Total Time": 956.212,"Actual Rows": 12,"Actual Loops": 1,"Workers Planned": 2,"Workers Launched": 2,"Plans": [{"Node Type": "Aggregate","Strategy": "Sorted","Partial Mode": "Partial","Parent Relationship": "Outer","Parallel Aware": false,"Async Capable": false,"Startup Cost": 71556.39,"Total Cost": 71636.18,"Plan Rows": 2455,"Plan Width": 272,"Actual Startup Time": 905.173,"Actual Total Time": 905.876,"Actual Rows": 4,"Actual Loops": 3,"Group Key": ["n1.n_name", "n2.n_name", "(EXTRACT(year FROM lineitem.l_shipdate))"],"Workers": [],"Plans": [{"Node Type": "Sort","Parent Relationship": "Outer","Parallel Aware": false,"Async Capable": false,"Startup Cost": 71556.39,"Total Cost": 71562.53,"Plan Rows": 2455,"Plan Width": 252,"Actual Startup Time": 904.899,"Actual Total Time": 905.005,"Actual Rows": 1967,"Actual Loops": 3,"Sort Key": ["n1.n_name", "n2.n_name", "(EXTRACT(year FROM lineitem.l_shipdate))"],"Sort Method": "quicksort","Sort Space Used": 323,"Sort Space Type": "Memory","Workers": [{"Worker Number": 0,"Sort Method": "quicksort","Sort Space Used": 260,"Sort Space Type": "Memory"},{"Worker Number": 1,"Sort Method": "quicksort","Sort Space Used": 256,"Sort Space Type": "Memory"}],"Plans": [{"Node Type": "Hash Join","Parent Relationship": "Outer","Parallel Aware": false,"Async Capable": false,"Join Type": "Inner","Startup Cost": 366.16,"Total Cost": 71418.15,"Plan Rows": 2455,"Plan Width": 252,"Actual Startup Time": 11.897,"Actual Total Time": 903.069,"Actual Rows": 1967,"Actual Loops": 3,"Inner Unique": false,"Hash Cond": "(lineitem.l_suppkey = supplier.s_suppkey)","Join Filter": "(((n1.n_name = 'GERMANY'::bpchar) AND (n2.n_name = 'EGYPT'::bpchar)) OR ((n1.n_name = 'EGYPT'::bpchar) AND (n2.n_name = 'GERMANY'::bpchar)))","Rows Removed by Join Filter": 1936,"Workers": [],"Plans": [{"Node Type": "Nested Loop","Parent Relationship": "Outer","Parallel Aware": false,"Async Capable": false,"Join Type": "Inner","Startup Cost": 2.26,"Total Cost": 70727.78,"Plan Rows": 60250,"Plan Width": 124,"Actual Startup Time": 0.640,"Actual Total Time": 884.824,"Actual Rows": 48453,"Actual Loops": 3,"Inner Unique": false,"Workers": [],"Plans": [{"Node Type": "Nested Loop","Parent Relationship": "Outer","Parallel Aware": false,"Async Capable": false,"Join Type": "Inner","Startup Cost": 1.83,"Total Cost": 12400.01,"Plan Rows": 49000,"Plan Width": 108,"Actual Startup Time": 0.304,"Actual Total Time": 218.990,"Actual Rows": 39612,"Actual Loops": 3,"Inner Unique": false,"Workers": [],"Plans": [{"Node Type": "Hash Join","Parent Relationship": "Outer","Parallel Aware": false,"Async Capable": false,"Join Type": "Inner","Startup Cost": 1.40,"Total Cost": 4403.27,"Plan Rows": 4900,"Plan Width": 108,"Actual Startup Time": 0.165,"Actual Total Time": 42.939,"Actual Rows": 3968,"Actual Loops": 3,"Inner Unique": true,"Hash Cond": "(customer.c_nationkey = n2.n_nationkey)","Workers": [],"Plans": [{"Node Type": "Seq Scan","Parent Relationship": "Outer","Parallel Aware": true,"Async Capable": false,"Relation Name": "customer","Alias": "customer","Startup Cost": 0.00,"Total Cost": 4210.00,"Plan Rows": 62500,"Plan Width": 8,"Actual Startup Time": 0.017,"Actual Total Time": 9.055,"Actual Rows": 50000,"Actual Loops": 3,"Workers": []},{"Node Type": "Hash","Parent Relationship": "Inner","Parallel Aware": false,"Async Capable": false,"Startup Cost": 1.38,"Total Cost": 1.38,"Plan Rows": 2,"Plan Width": 108,"Actual Startup Time": 0.067,"Actual Total Time": 0.073,"Actual Rows": 2,"Actual Loops": 3,"Hash Buckets": 1024,"Original Hash Buckets": 1024,"Hash Batches": 1,"Original Hash Batches": 1,"Peak Memory Usage": 9,"Workers": [],"Plans": [{"Node Type": "Seq Scan","Parent Relationship": "Outer","Parallel Aware": false,"Async Capable": false,"Relation Name": "nation","Alias": "n2","Startup Cost": 0.00,"Total Cost": 1.38,"Plan Rows": 2,"Plan Width": 108,"Actual Startup Time": 0.045,"Actual Total Time": 0.051,"Actual Rows": 2,"Actual Loops": 3,"Filter": "((n_name = 'EGYPT'::bpchar) OR (n_name = 'GERMANY'::bpchar))","Rows Removed by Filter": 23,"Workers": []}]}]},{"Node Type": "Index Scan","Parent Relationship": "Inner","Parallel Aware": false,"Async Capable": false,"Scan Direction": "Forward","Index Name": "idx_orders_custkey","Relation Name": "orders","Alias": "orders","Startup Cost": 0.43,"Total Cost": 1.46,"Plan Rows": 17,"Plan Width": 8,"Actual Startup Time": 0.007,"Actual Total Time": 0.043,"Actual Rows": 10,"Actual Loops": 11903,"Index Cond": "(o_custkey = customer.c_custkey)","Rows Removed by Index Recheck": 0,"Workers": []}]},{"Node Type": "Index Scan","Parent Relationship": "Inner","Parallel Aware": false,"Async Capable": false,"Scan Direction": "Forward","Index Name": "idx_lineitem_orderkey","Relation Name": "lineitem","Alias": "lineitem","Startup Cost": 0.43,"Total Cost": 1.14,"Plan Rows": 5,"Plan Width": 24,"Actual Startup Time": 0.016,"Actual Total Time": 0.017,"Actual Rows": 1,"Actual Loops": 118835,"Index Cond": "(l_orderkey = orders.o_orderkey)","Rows Removed by Index Recheck": 0,"Filter": "((l_shipdate >= '1995-01-01'::date) AND (l_shipdate <= '1996-12-31'::date))","Rows Removed by Filter": 3,"Workers": []}]},{"Node Type": "Hash","Parent Relationship": "Inner","Parallel Aware": false,"Async Capable": false,"Startup Cost": 354.10,"Total Cost": 354.10,"Plan Rows": 784,"Plan Width": 108,"Actual Startup Time": 10.878,"Actual Total Time": 10.893,"Actual Rows": 811,"Actual Loops": 3,"Hash Buckets": 1024,"Original Hash Buckets": 1024,"Hash Batches": 1,"Original Hash Batches": 1,"Peak Memory Usage": 58,"Workers": [],"Plans": [{"Node Type": "Hash Join","Parent Relationship": "Outer","Parallel Aware": false,"Async Capable": false,"Join Type": "Inner","Startup Cost": 1.40,"Total Cost": 354.10,"Plan Rows": 784,"Plan Width": 108,"Actual Startup Time": 0.081,"Actual Total Time": 10.681,"Actual Rows": 811,"Actual Loops": 3,"Inner Unique": true,"Hash Cond": "(supplier.s_nationkey = n1.n_nationkey)","Workers": [],"Plans": [{"Node Type": "Seq Scan","Parent Relationship": "Outer","Parallel Aware": false,"Async Capable": false,"Relation Name": "supplier","Alias": "supplier","Startup Cost": 0.00,"Total Cost": 322.00,"Plan Rows": 10000,"Plan Width": 8,"Actual Startup Time": 0.025,"Actual Total Time": 4.489,"Actual Rows": 10000,"Actual Loops": 3,"Workers": []},{"Node Type": "Hash","Parent Relationship": "Inner","Parallel Aware": false,"Async Capable": false,"Startup Cost": 1.38,"Total Cost": 1.38,"Plan Rows": 2,"Plan Width": 108,"Actual Startup Time": 0.017,"Actual Total Time": 0.023,"Actual Rows": 2,"Actual Loops": 3,"Hash Buckets": 1024,"Original Hash Buckets": 1024,"Hash Batches": 1,"Original Hash Batches": 1,"Peak Memory Usage": 9,"Workers": [],"Plans": [{"Node Type": "Seq Scan","Parent Relationship": "Outer","Parallel Aware": false,"Async Capable": false,"Relation Name": "nation","Alias": "n1","Startup Cost": 0.00,"Total Cost": 1.38,"Plan Rows": 2,"Plan Width": 108,"Actual Startup Time": 0.006,"Actual Total Time": 0.012,"Actual Rows": 2,"Actual Loops": 3,"Filter": "((n_name = 'GERMANY'::bpchar) OR (n_name = 'EGYPT'::bpchar))","Rows Removed by Filter": 23,"Workers": []}]}]}]}]}]}]}]}]},"Planning Time": 8.096,"Triggers": [],"Execution Time": 956.668}]
[{"Plan": {"Node Type": "Aggregate","Strategy": "Sorted","Partial Mode": "Finalize","Parallel Aware": false,"Async Capable": false,"Startup Cost": 72556.41,"Total Cost": 73352.71,"Plan Rows": 5893,"Plan Width": 272,"Actual Startup Time": 924.623,"Actual Total Time": 982.366,"Actual Rows": 4,"Actual Loops": 1,"Group Key": ["n1.n_name", "n2.n_name", "(EXTRACT(year FROM lineitem.l_shipdate))"],"Plans": [{"Node Type": "Gather Merge","Parent Relationship": "Outer","Parallel Aware": false,"Async Capable": false,"Startup Cost": 72556.41,"Total Cost": 73202.94,"Plan Rows": 4910,"Plan Width": 272,"Actual Startup Time": 924.322,"Actual Total Time": 982.256,"Actual Rows": 12,"Actual Loops": 1,"Workers Planned": 2,"Workers Launched": 2,"Plans": [{"Node Type": "Aggregate","Strategy": "Sorted","Partial Mode": "Partial","Parent Relationship": "Outer","Parallel Aware": false,"Async Capable": false,"Startup Cost": 71556.39,"Total Cost": 71636.18,"Plan Rows": 2455,"Plan Width": 272,"Actual Startup Time": 915.693,"Actual Total Time": 916.425,"Actual Rows": 4,"Actual Loops": 3,"Group Key": ["n1.n_name", "n2.n_name", "(EXTRACT(year FROM lineitem.l_shipdate))"],"Workers": [],"Plans": [{"Node Type": "Sort","Parent Relationship": "Outer","Parallel Aware": false,"Async Capable": false,"Startup Cost": 71556.39,"Total Cost": 71562.53,"Plan Rows": 2455,"Plan Width": 252,"Actual Startup Time": 915.405,"Actual Total Time": 915.505,"Actual Rows": 2016,"Actual Loops": 3,"Sort Key": ["n1.n_name", "n2.n_name", "(EXTRACT(year FROM lineitem.l_shipdate))"],"Sort Method": "quicksort","Sort Space Used": 268,"Sort Space Type": "Memory","Workers": [{"Worker Number": 0,"Sort Method": "quicksort","Sort Space Used": 264,"Sort Space Type": "Memory"},{"Worker Number": 1,"Sort Method": "quicksort","Sort Space Used": 323,"Sort Space Type": "Memory"}],"Plans": [{"Node Type": "Hash Join","Parent Relationship": "Outer","Parallel Aware": false,"Async Capable": false,"Join Type": "Inner","Startup Cost": 366.16,"Total Cost": 71418.15,"Plan Rows": 2455,"Plan Width": 252,"Actual Startup Time": 9.181,"Actual Total Time": 913.504,"Actual Rows": 2016,"Actual Loops": 3,"Inner Unique": false,"Hash Cond": "(lineitem.l_suppkey = supplier.s_suppkey)","Join Filter": "(((n1.n_name = 'CHINA'::bpchar) AND (n2.n_name = 'IRAQ'::bpchar)) OR ((n1.n_name = 'IRAQ'::bpchar) AND (n2.n_name = 'CHINA'::bpchar)))","Rows Removed by Join Filter": 2053,"Workers": [],"Plans": [{"Node Type": "Nested Loop","Parent Relationship": "Outer","Parallel Aware": false,"Async Capable": false,"Join Type": "Inner","Startup Cost": 2.26,"Total Cost": 70727.78,"Plan Rows": 60250,"Plan Width": 124,"Actual Startup Time": 0.506,"Actual Total Time": 899.012,"Actual Rows": 48409,"Actual Loops": 3,"Inner Unique": false,"Workers": [],"Plans": [{"Node Type": "Nested Loop","Parent Relationship": "Outer","Parallel Aware": false,"Async Capable": false,"Join Type": "Inner","Startup Cost": 1.83,"Total Cost": 12400.01,"Plan Rows": 49000,"Plan Width": 108,"Actual Startup Time": 0.312,"Actual Total Time": 225.745,"Actual Rows": 39895,"Actual Loops": 3,"Inner Unique": false,"Workers": [],"Plans": [{"Node Type": "Hash Join","Parent Relationship": "Outer","Parallel Aware": false,"Async Capable": false,"Join Type": "Inner","Startup Cost": 1.40,"Total Cost": 4403.27,"Plan Rows": 4900,"Plan Width": 108,"Actual Startup Time": 0.179,"Actual Total Time": 47.302,"Actual Rows": 3996,"Actual Loops": 3,"Inner Unique": true,"Hash Cond": "(customer.c_nationkey = n2.n_nationkey)","Workers": [],"Plans": [{"Node Type": "Seq Scan","Parent Relationship": "Outer","Parallel Aware": true,"Async Capable": false,"Relation Name": "customer","Alias": "customer","Startup Cost": 0.00,"Total Cost": 4210.00,"Plan Rows": 62500,"Plan Width": 8,"Actual Startup Time": 0.018,"Actual Total Time": 9.574,"Actual Rows": 50000,"Actual Loops": 3,"Workers": []},{"Node Type": "Hash","Parent Relationship": "Inner","Parallel Aware": false,"Async Capable": false,"Startup Cost": 1.38,"Total Cost": 1.38,"Plan Rows": 2,"Plan Width": 108,"Actual Startup Time": 0.079,"Actual Total Time": 0.083,"Actual Rows": 2,"Actual Loops": 3,"Hash Buckets": 1024,"Original Hash Buckets": 1024,"Hash Batches": 1,"Original Hash Batches": 1,"Peak Memory Usage": 9,"Workers": [],"Plans": [{"Node Type": "Seq Scan","Parent Relationship": "Outer","Parallel Aware": false,"Async Capable": false,"Relation Name": "nation","Alias": "n2","Startup Cost": 0.00,"Total Cost": 1.38,"Plan Rows": 2,"Plan Width": 108,"Actual Startup Time": 0.057,"Actual Total Time": 0.063,"Actual Rows": 2,"Actual Loops": 3,"Filter": "((n_name = 'IRAQ'::bpchar) OR (n_name = 'CHINA'::bpchar))","Rows Removed by Filter": 23,"Workers": []}]}]},{"Node Type": "Index Scan","Parent Relationship": "Inner","Parallel Aware": false,"Async Capable": false,"Scan Direction": "Forward","Index Name": "idx_orders_custkey","Relation Name": "orders","Alias": "orders","Startup Cost": 0.43,"Total Cost": 1.46,"Plan Rows": 17,"Plan Width": 8,"Actual Startup Time": 0.007,"Actual Total Time": 0.043,"Actual Rows": 10,"Actual Loops": 11987,"Index Cond": "(o_custkey = customer.c_custkey)","Rows Removed by Index Recheck": 0,"Workers": []}]},{"Node Type": "Index Scan","Parent Relationship": "Inner","Parallel Aware": false,"Async Capable": false,"Scan Direction": "Forward","Index Name": "idx_lineitem_orderkey","Relation Name": "lineitem","Alias": "lineitem","Startup Cost": 0.43,"Total Cost": 1.14,"Plan Rows": 5,"Plan Width": 24,"Actual Startup Time": 0.016,"Actual Total Time": 0.017,"Actual Rows": 1,"Actual Loops": 119686,"Index Cond": "(l_orderkey = orders.o_orderkey)","Rows Removed by Index Recheck": 0,"Filter": "((l_shipdate >= '1995-01-01'::date) AND (l_shipdate <= '1996-12-31'::date))","Rows Removed by Filter": 3,"Workers": []}]},{"Node Type": "Hash","Parent Relationship": "Inner","Parallel Aware": false,"Async Capable": false,"Startup Cost": 354.10,"Total Cost": 354.10,"Plan Rows": 784,"Plan Width": 108,"Actual Startup Time": 7.225,"Actual Total Time": 7.237,"Actual Rows": 845,"Actual Loops": 3,"Hash Buckets": 1024,"Original Hash Buckets": 1024,"Hash Batches": 1,"Original Hash Batches": 1,"Peak Memory Usage": 60,"Workers": [],"Plans": [{"Node Type": "Hash Join","Parent Relationship": "Outer","Parallel Aware": false,"Async Capable": false,"Join Type": "Inner","Startup Cost": 1.40,"Total Cost": 354.10,"Plan Rows": 784,"Plan Width": 108,"Actual Startup Time": 0.095,"Actual Total Time": 7.044,"Actual Rows": 845,"Actual Loops": 3,"Inner Unique": true,"Hash Cond": "(supplier.s_nationkey = n1.n_nationkey)","Workers": [],"Plans": [{"Node Type": "Seq Scan","Parent Relationship": "Outer","Parallel Aware": false,"Async Capable": false,"Relation Name": "supplier","Alias": "supplier","Startup Cost": 0.00,"Total Cost": 322.00,"Plan Rows": 10000,"Plan Width": 8,"Actual Startup Time": 0.034,"Actual Total Time": 3.775,"Actual Rows": 10000,"Actual Loops": 3,"Workers": []},{"Node Type": "Hash","Parent Relationship": "Inner","Parallel Aware": false,"Async Capable": false,"Startup Cost": 1.38,"Total Cost": 1.38,"Plan Rows": 2,"Plan Width": 108,"Actual Startup Time": 0.024,"Actual Total Time": 0.027,"Actual Rows": 2,"Actual Loops": 3,"Hash Buckets": 1024,"Original Hash Buckets": 1024,"Hash Batches": 1,"Original Hash Batches": 1,"Peak Memory Usage": 9,"Workers": [],"Plans": [{"Node Type": "Seq Scan","Parent Relationship": "Outer","Parallel Aware": false,"Async Capable": false,"Relation Name": "nation","Alias": "n1","Startup Cost": 0.00,"Total Cost": 1.38,"Plan Rows": 2,"Plan Width": 108,"Actual Startup Time": 0.014,"Actual Total Time": 0.018,"Actual Rows": 2,"Actual Loops": 3,"Filter": "((n_name = 'CHINA'::bpchar) OR (n_name = 'IRAQ'::bpchar))","Rows Removed by Filter": 23,"Workers": []}]}]}]}]}]}]}]}]},"Planning Time": 9.605,"Triggers": [],"Execution Time": 982.837}]
[{"Plan": {"Node Type": "Aggregate","Strategy": "Sorted","Partial Mode": "Finalize","Parallel Aware": false,"Async Capable": false,"Startup Cost": 72556.41,"Total Cost": 73352.71,"Plan Rows": 5893,"Plan Width": 272,"Actual Startup Time": 927.573,"Actual Total Time": 976.388,"Actual Rows": 4,"Actual Loops": 1,"Group Key": ["n1.n_name", "n2.n_name", "(EXTRACT(year FROM lineitem.l_shipdate))"],"Plans": [{"Node Type": "Gather Merge","Parent Relationship": "Outer","Parallel Aware": false,"Async Capable": false,"Startup Cost": 72556.41,"Total Cost": 73202.94,"Plan Rows": 4910,"Plan Width": 272,"Actual Startup Time": 926.767,"Actual Total Time": 976.308,"Actual Rows": 12,"Actual Loops": 1,"Workers Planned": 2,"Workers Launched": 2,"Plans": [{"Node Type": "Aggregate","Strategy": "Sorted","Partial Mode": "Partial","Parent Relationship": "Outer","Parallel Aware": false,"Async Capable": false,"Startup Cost": 71556.39,"Total Cost": 71636.18,"Plan Rows": 2455,"Plan Width": 272,"Actual Startup Time": 917.200,"Actual Total Time": 918.083,"Actual Rows": 4,"Actual Loops": 3,"Group Key": ["n1.n_name", "n2.n_name", "(EXTRACT(year FROM lineitem.l_shipdate))"],"Workers": [],"Plans": [{"Node Type": "Sort","Parent Relationship": "Outer","Parallel Aware": false,"Async Capable": false,"Startup Cost": 71556.39,"Total Cost": 71562.53,"Plan Rows": 2455,"Plan Width": 252,"Actual Startup Time": 916.936,"Actual Total Time": 917.057,"Actual Rows": 1977,"Actual Loops": 3,"Sort Key": ["n1.n_name", "n2.n_name", "(EXTRACT(year FROM lineitem.l_shipdate))"],"Sort Method": "quicksort","Sort Space Used": 256,"Sort Space Type": "Memory","Workers": [{"Worker Number": 0,"Sort Method": "quicksort","Sort Space Used": 322,"Sort Space Type": "Memory"},{"Worker Number": 1,"Sort Method": "quicksort","Sort Space Used": 264,"Sort Space Type": "Memory"}],"Plans": [{"Node Type": "Hash Join","Parent Relationship": "Outer","Parallel Aware": false,"Async Capable": false,"Join Type": "Inner","Startup Cost": 366.16,"Total Cost": 71418.15,"Plan Rows": 2455,"Plan Width": 252,"Actual Startup Time": 10.085,"Actual Total Time": 915.056,"Actual Rows": 1977,"Actual Loops": 3,"Inner Unique": false,"Hash Cond": "(lineitem.l_suppkey = supplier.s_suppkey)","Join Filter": "(((n1.n_name = 'CHINA'::bpchar) AND (n2.n_name = 'SAUDI ARABIA'::bpchar)) OR ((n1.n_name = 'SAUDI ARABIA'::bpchar) AND (n2.n_name = 'CHINA'::bpchar)))","Rows Removed by Join Filter": 1965,"Workers": [],"Plans": [{"Node Type": "Nested Loop","Parent Relationship": "Outer","Parallel Aware": false,"Async Capable": false,"Join Type": "Inner","Startup Cost": 2.26,"Total Cost": 70727.78,"Plan Rows": 60250,"Plan Width": 124,"Actual Startup Time": 0.854,"Actual Total Time": 899.394,"Actual Rows": 48394,"Actual Loops": 3,"Inner Unique": false,"Workers": [],"Plans": [{"Node Type": "Nested Loop","Parent Relationship": "Outer","Parallel Aware": false,"Async Capable": false,"Join Type": "Inner","Startup Cost": 1.83,"Total Cost": 12400.01,"Plan Rows": 49000,"Plan Width": 108,"Actual Startup Time": 0.361,"Actual Total Time": 227.959,"Actual Rows": 39746,"Actual Loops": 3,"Inner Unique": false,"Workers": [],"Plans": [{"Node Type": "Hash Join","Parent Relationship": "Outer","Parallel Aware": false,"Async Capable": false,"Join Type": "Inner","Startup Cost": 1.40,"Total Cost": 4403.27,"Plan Rows": 4900,"Plan Width": 108,"Actual Startup Time": 0.186,"Actual Total Time": 48.799,"Actual Rows": 3976,"Actual Loops": 3,"Inner Unique": true,"Hash Cond": "(customer.c_nationkey = n2.n_nationkey)","Workers": [],"Plans": [{"Node Type": "Seq Scan","Parent Relationship": "Outer","Parallel Aware": true,"Async Capable": false,"Relation Name": "customer","Alias": "customer","Startup Cost": 0.00,"Total Cost": 4210.00,"Plan Rows": 62500,"Plan Width": 8,"Actual Startup Time": 0.013,"Actual Total Time": 9.548,"Actual Rows": 50000,"Actual Loops": 3,"Workers": []},{"Node Type": "Hash","Parent Relationship": "Inner","Parallel Aware": false,"Async Capable": false,"Startup Cost": 1.38,"Total Cost": 1.38,"Plan Rows": 2,"Plan Width": 108,"Actual Startup Time": 0.075,"Actual Total Time": 0.079,"Actual Rows": 2,"Actual Loops": 3,"Hash Buckets": 1024,"Original Hash Buckets": 1024,"Hash Batches": 1,"Original Hash Batches": 1,"Peak Memory Usage": 9,"Workers": [],"Plans": [{"Node Type": "Seq Scan","Parent Relationship": "Outer","Parallel Aware": false,"Async Capable": false,"Relation Name": "nation","Alias": "n2","Startup Cost": 0.00,"Total Cost": 1.38,"Plan Rows": 2,"Plan Width": 108,"Actual Startup Time": 0.056,"Actual Total Time": 0.059,"Actual Rows": 2,"Actual Loops": 3,"Filter": "((n_name = 'SAUDI ARABIA'::bpchar) OR (n_name = 'CHINA'::bpchar))","Rows Removed by Filter": 23,"Workers": []}]}]},{"Node Type": "Index Scan","Parent Relationship": "Inner","Parallel Aware": false,"Async Capable": false,"Scan Direction": "Forward","Index Name": "idx_orders_custkey","Relation Name": "orders","Alias": "orders","Startup Cost": 0.43,"Total Cost": 1.46,"Plan Rows": 17,"Plan Width": 8,"Actual Startup Time": 0.007,"Actual Total Time": 0.044,"Actual Rows": 10,"Actual Loops": 11928,"Index Cond": "(o_custkey = customer.c_custkey)","Rows Removed by Index Recheck": 0,"Workers": []}]},{"Node Type": "Index Scan","Parent Relationship": "Inner","Parallel Aware": false,"Async Capable": false,"Scan Direction": "Forward","Index Name": "idx_lineitem_orderkey","Relation Name": "lineitem","Alias": "lineitem","Startup Cost": 0.43,"Total Cost": 1.14,"Plan Rows": 5,"Plan Width": 24,"Actual Startup Time": 0.016,"Actual Total Time": 0.017,"Actual Rows": 1,"Actual Loops": 119237,"Index Cond": "(l_orderkey = orders.o_orderkey)","Rows Removed by Index Recheck": 0,"Filter": "((l_shipdate >= '1995-01-01'::date) AND (l_shipdate <= '1996-12-31'::date))","Rows Removed by Filter": 3,"Workers": []}]},{"Node Type": "Hash","Parent Relationship": "Inner","Parallel Aware": false,"Async Capable": false,"Startup Cost": 354.10,"Total Cost": 354.10,"Plan Rows": 784,"Plan Width": 108,"Actual Startup Time": 8.443,"Actual Total Time": 8.457,"Actual Rows": 818,"Actual Loops": 3,"Hash Buckets": 1024,"Original Hash Buckets": 1024,"Hash Batches": 1,"Original Hash Batches": 1,"Peak Memory Usage": 58,"Workers": [],"Plans": [{"Node Type": "Hash Join","Parent Relationship": "Outer","Parallel Aware": false,"Async Capable": false,"Join Type": "Inner","Startup Cost": 1.40,"Total Cost": 354.10,"Plan Rows": 784,"Plan Width": 108,"Actual Startup Time": 0.094,"Actual Total Time": 8.271,"Actual Rows": 818,"Actual Loops": 3,"Inner Unique": true,"Hash Cond": "(supplier.s_nationkey = n1.n_nationkey)","Workers": [],"Plans": [{"Node Type": "Seq Scan","Parent Relationship": "Outer","Parallel Aware": false,"Async Capable": false,"Relation Name": "supplier","Alias": "supplier","Startup Cost": 0.00,"Total Cost": 322.00,"Plan Rows": 10000,"Plan Width": 8,"Actual Startup Time": 0.036,"Actual Total Time": 4.039,"Actual Rows": 10000,"Actual Loops": 3,"Workers": []},{"Node Type": "Hash","Parent Relationship": "Inner","Parallel Aware": false,"Async Capable": false,"Startup Cost": 1.38,"Total Cost": 1.38,"Plan Rows": 2,"Plan Width": 108,"Actual Startup Time": 0.021,"Actual Total Time": 0.027,"Actual Rows": 2,"Actual Loops": 3,"Hash Buckets": 1024,"Original Hash Buckets": 1024,"Hash Batches": 1,"Original Hash Batches": 1,"Peak Memory Usage": 9,"Workers": [],"Plans": [{"Node Type": "Seq Scan","Parent Relationship": "Outer","Parallel Aware": false,"Async Capable": false,"Relation Name": "nation","Alias": "n1","Startup Cost": 0.00,"Total Cost": 1.38,"Plan Rows": 2,"Plan Width": 108,"Actual Startup Time": 0.010,"Actual Total Time": 0.015,"Actual Rows": 2,"Actual Loops": 3,"Filter": "((n_name = 'CHINA'::bpchar) OR (n_name = 'SAUDI ARABIA'::bpchar))","Rows Removed by Filter": 23,"Workers": []}]}]}]}]}]}]}]}]},"Planning Time": 9.178,"Triggers": [],"Execution Time": 976.811}]
[{"Plan": {"Node Type": "Aggregate","Strategy": "Sorted","Partial Mode": "Finalize","Parallel Aware": false,"Async Capable": false,"Startup Cost": 72556.41,"Total Cost": 73352.71,"Plan Rows": 5893,"Plan Width": 272,"Actual Startup Time": 933.605,"Actual Total Time": 983.383,"Actual Rows": 4,"Actual Loops": 1,"Group Key": ["n1.n_name", "n2.n_name", "(EXTRACT(year FROM lineitem.l_shipdate))"],"Plans": [{"Node Type": "Gather Merge","Parent Relationship": "Outer","Parallel Aware": false,"Async Capable": false,"Startup Cost": 72556.41,"Total Cost": 73202.94,"Plan Rows": 4910,"Plan Width": 272,"Actual Startup Time": 933.085,"Actual Total Time": 983.307,"Actual Rows": 12,"Actual Loops": 1,"Workers Planned": 2,"Workers Launched": 2,"Plans": [{"Node Type": "Aggregate","Strategy": "Sorted","Partial Mode": "Partial","Parent Relationship": "Outer","Parallel Aware": false,"Async Capable": false,"Startup Cost": 71556.39,"Total Cost": 71636.18,"Plan Rows": 2455,"Plan Width": 272,"Actual Startup Time": 924.346,"Actual Total Time": 925.128,"Actual Rows": 4,"Actual Loops": 3,"Group Key": ["n1.n_name", "n2.n_name", "(EXTRACT(year FROM lineitem.l_shipdate))"],"Workers": [],"Plans": [{"Node Type": "Sort","Parent Relationship": "Outer","Parallel Aware": false,"Async Capable": false,"Startup Cost": 71556.39,"Total Cost": 71562.53,"Plan Rows": 2455,"Plan Width": 252,"Actual Startup Time": 924.061,"Actual Total Time": 924.172,"Actual Rows": 1981,"Actual Loops": 3,"Sort Key": ["n1.n_name", "n2.n_name", "(EXTRACT(year FROM lineitem.l_shipdate))"],"Sort Method": "quicksort","Sort Space Used": 261,"Sort Space Type": "Memory","Workers": [{"Worker Number": 0,"Sort Method": "quicksort","Sort Space Used": 272,"Sort Space Type": "Memory"},{"Worker Number": 1,"Sort Method": "quicksort","Sort Space Used": 262,"Sort Space Type": "Memory"}],"Plans": [{"Node Type": "Hash Join","Parent Relationship": "Outer","Parallel Aware": false,"Async Capable": false,"Join Type": "Inner","Startup Cost": 366.16,"Total Cost": 71418.15,"Plan Rows": 2455,"Plan Width": 252,"Actual Startup Time": 10.002,"Actual Total Time": 922.198,"Actual Rows": 1981,"Actual Loops": 3,"Inner Unique": false,"Hash Cond": "(lineitem.l_suppkey = supplier.s_suppkey)","Join Filter": "(((n1.n_name = 'EGYPT'::bpchar) AND (n2.n_name = 'RUSSIA'::bpchar)) OR ((n1.n_name = 'RUSSIA'::bpchar) AND (n2.n_name = 'EGYPT'::bpchar)))","Rows Removed by Join Filter": 2015,"Workers": [],"Plans": [{"Node Type": "Nested Loop","Parent Relationship": "Outer","Parallel Aware": false,"Async Capable": false,"Join Type": "Inner","Startup Cost": 2.26,"Total Cost": 70727.78,"Plan Rows": 60250,"Plan Width": 124,"Actual Startup Time": 0.922,"Actual Total Time": 907.026,"Actual Rows": 49078,"Actual Loops": 3,"Inner Unique": false,"Workers": [],"Plans": [{"Node Type": "Nested Loop","Parent Relationship": "Outer","Parallel Aware": false,"Async Capable": false,"Join Type": "Inner","Startup Cost": 1.83,"Total Cost": 12400.01,"Plan Rows": 49000,"Plan Width": 108,"Actual Startup Time": 0.383,"Actual Total Time": 228.186,"Actual Rows": 40202,"Actual Loops": 3,"Inner Unique": false,"Workers": [],"Plans": [{"Node Type": "Hash Join","Parent Relationship": "Outer","Parallel Aware": false,"Async Capable": false,"Join Type": "Inner","Startup Cost": 1.40,"Total Cost": 4403.27,"Plan Rows": 4900,"Plan Width": 108,"Actual Startup Time": 0.219,"Actual Total Time": 48.016,"Actual Rows": 4024,"Actual Loops": 3,"Inner Unique": true,"Hash Cond": "(customer.c_nationkey = n2.n_nationkey)","Workers": [],"Plans": [{"Node Type": "Seq Scan","Parent Relationship": "Outer","Parallel Aware": true,"Async Capable": false,"Relation Name": "customer","Alias": "customer","Startup Cost": 0.00,"Total Cost": 4210.00,"Plan Rows": 62500,"Plan Width": 8,"Actual Startup Time": 0.014,"Actual Total Time": 9.650,"Actual Rows": 50000,"Actual Loops": 3,"Workers": []},{"Node Type": "Hash","Parent Relationship": "Inner","Parallel Aware": false,"Async Capable": false,"Startup Cost": 1.38,"Total Cost": 1.38,"Plan Rows": 2,"Plan Width": 108,"Actual Startup Time": 0.100,"Actual Total Time": 0.106,"Actual Rows": 2,"Actual Loops": 3,"Hash Buckets": 1024,"Original Hash Buckets": 1024,"Hash Batches": 1,"Original Hash Batches": 1,"Peak Memory Usage": 9,"Workers": [],"Plans": [{"Node Type": "Seq Scan","Parent Relationship": "Outer","Parallel Aware": false,"Async Capable": false,"Relation Name": "nation","Alias": "n2","Startup Cost": 0.00,"Total Cost": 1.38,"Plan Rows": 2,"Plan Width": 108,"Actual Startup Time": 0.073,"Actual Total Time": 0.081,"Actual Rows": 2,"Actual Loops": 3,"Filter": "((n_name = 'RUSSIA'::bpchar) OR (n_name = 'EGYPT'::bpchar))","Rows Removed by Filter": 23,"Workers": []}]}]},{"Node Type": "Index Scan","Parent Relationship": "Inner","Parallel Aware": false,"Async Capable": false,"Scan Direction": "Forward","Index Name": "idx_orders_custkey","Relation Name": "orders","Alias": "orders","Startup Cost": 0.43,"Total Cost": 1.46,"Plan Rows": 17,"Plan Width": 8,"Actual Startup Time": 0.007,"Actual Total Time": 0.043,"Actual Rows": 10,"Actual Loops": 12073,"Index Cond": "(o_custkey = customer.c_custkey)","Rows Removed by Index Recheck": 0,"Workers": []}]},{"Node Type": "Index Scan","Parent Relationship": "Inner","Parallel Aware": false,"Async Capable": false,"Scan Direction": "Forward","Index Name": "idx_lineitem_orderkey","Relation Name": "lineitem","Alias": "lineitem","Startup Cost": 0.43,"Total Cost": 1.14,"Plan Rows": 5,"Plan Width": 24,"Actual Startup Time": 0.016,"Actual Total Time": 0.017,"Actual Rows": 1,"Actual Loops": 120606,"Index Cond": "(l_orderkey = orders.o_orderkey)","Rows Removed by Index Recheck": 0,"Filter": "((l_shipdate >= '1995-01-01'::date) AND (l_shipdate <= '1996-12-31'::date))","Rows Removed by Filter": 3,"Workers": []}]},{"Node Type": "Hash","Parent Relationship": "Inner","Parallel Aware": false,"Async Capable": false,"Startup Cost": 354.10,"Total Cost": 354.10,"Plan Rows": 784,"Plan Width": 108,"Actual Startup Time": 7.741,"Actual Total Time": 7.756,"Actual Rows": 816,"Actual Loops": 3,"Hash Buckets": 1024,"Original Hash Buckets": 1024,"Hash Batches": 1,"Original Hash Batches": 1,"Peak Memory Usage": 58,"Workers": [],"Plans": [{"Node Type": "Hash Join","Parent Relationship": "Outer","Parallel Aware": false,"Async Capable": false,"Join Type": "Inner","Startup Cost": 1.40,"Total Cost": 354.10,"Plan Rows": 784,"Plan Width": 108,"Actual Startup Time": 0.106,"Actual Total Time": 7.578,"Actual Rows": 816,"Actual Loops": 3,"Inner Unique": true,"Hash Cond": "(supplier.s_nationkey = n1.n_nationkey)","Workers": [],"Plans": [{"Node Type": "Seq Scan","Parent Relationship": "Outer","Parallel Aware": false,"Async Capable": false,"Relation Name": "supplier","Alias": "supplier","Startup Cost": 0.00,"Total Cost": 322.00,"Plan Rows": 10000,"Plan Width": 8,"Actual Startup Time": 0.031,"Actual Total Time": 3.610,"Actual Rows": 10000,"Actual Loops": 3,"Workers": []},{"Node Type": "Hash","Parent Relationship": "Inner","Parallel Aware": false,"Async Capable": false,"Startup Cost": 1.38,"Total Cost": 1.38,"Plan Rows": 2,"Plan Width": 108,"Actual Startup Time": 0.022,"Actual Total Time": 0.029,"Actual Rows": 2,"Actual Loops": 3,"Hash Buckets": 1024,"Original Hash Buckets": 1024,"Hash Batches": 1,"Original Hash Batches": 1,"Peak Memory Usage": 9,"Workers": [],"Plans": [{"Node Type": "Seq Scan","Parent Relationship": "Outer","Parallel Aware": false,"Async Capable": false,"Relation Name": "nation","Alias": "n1","Startup Cost": 0.00,"Total Cost": 1.38,"Plan Rows": 2,"Plan Width": 108,"Actual Startup Time": 0.007,"Actual Total Time": 0.015,"Actual Rows": 2,"Actual Loops": 3,"Filter": "((n_name = 'EGYPT'::bpchar) OR (n_name = 'RUSSIA'::bpchar))","Rows Removed by Filter": 23,"Workers": []}]}]}]}]}]}]}]}]},"Planning Time": 9.555,"Triggers": [],"Execution Time": 983.815}]
[{"Plan": {"Node Type": "Aggregate","Strategy": "Sorted","Partial Mode": "Finalize","Parallel Aware": false,"Async Capable": false,"Startup Cost": 72556.41,"Total Cost": 73352.71,"Plan Rows": 5893,"Plan Width": 272,"Actual Startup Time": 918.508,"Actual Total Time": 963.345,"Actual Rows": 4,"Actual Loops": 1,"Group Key": ["n1.n_name", "n2.n_name", "(EXTRACT(year FROM lineitem.l_shipdate))"],"Plans": [{"Node Type": "Gather Merge","Parent Relationship": "Outer","Parallel Aware": false,"Async Capable": false,"Startup Cost": 72556.41,"Total Cost": 73202.94,"Plan Rows": 4910,"Plan Width": 272,"Actual Startup Time": 918.197,"Actual Total Time": 963.280,"Actual Rows": 12,"Actual Loops": 1,"Workers Planned": 2,"Workers Launched": 2,"Plans": [{"Node Type": "Aggregate","Strategy": "Sorted","Partial Mode": "Partial","Parent Relationship": "Outer","Parallel Aware": false,"Async Capable": false,"Startup Cost": 71556.39,"Total Cost": 71636.18,"Plan Rows": 2455,"Plan Width": 272,"Actual Startup Time": 910.694,"Actual Total Time": 911.391,"Actual Rows": 4,"Actual Loops": 3,"Group Key": ["n1.n_name", "n2.n_name", "(EXTRACT(year FROM lineitem.l_shipdate))"],"Workers": [],"Plans": [{"Node Type": "Sort","Parent Relationship": "Outer","Parallel Aware": false,"Async Capable": false,"Startup Cost": 71556.39,"Total Cost": 71562.53,"Plan Rows": 2455,"Plan Width": 252,"Actual Startup Time": 910.414,"Actual Total Time": 910.524,"Actual Rows": 1923,"Actual Loops": 3,"Sort Key": ["n1.n_name", "n2.n_name", "(EXTRACT(year FROM lineitem.l_shipdate))"],"Sort Method": "quicksort","Sort Space Used": 255,"Sort Space Type": "Memory","Workers": [{"Worker Number": 0,"Sort Method": "quicksort","Sort Space Used": 253,"Sort Space Type": "Memory"},{"Worker Number": 1,"Sort Method": "quicksort","Sort Space Used": 269,"Sort Space Type": "Memory"}],"Plans": [{"Node Type": "Hash Join","Parent Relationship": "Outer","Parallel Aware": false,"Async Capable": false,"Join Type": "Inner","Startup Cost": 366.16,"Total Cost": 71418.15,"Plan Rows": 2455,"Plan Width": 252,"Actual Startup Time": 8.719,"Actual Total Time": 908.643,"Actual Rows": 1923,"Actual Loops": 3,"Inner Unique": false,"Hash Cond": "(lineitem.l_suppkey = supplier.s_suppkey)","Join Filter": "(((n1.n_name = 'GERMANY'::bpchar) AND (n2.n_name = 'ROMANIA'::bpchar)) OR ((n1.n_name = 'ROMANIA'::bpchar) AND (n2.n_name = 'GERMANY'::bpchar)))","Rows Removed by Join Filter": 1923,"Workers": [],"Plans": [{"Node Type": "Nested Loop","Parent Relationship": "Outer","Parallel Aware": false,"Async Capable": false,"Join Type": "Inner","Startup Cost": 2.26,"Total Cost": 70727.78,"Plan Rows": 60250,"Plan Width": 124,"Actual Startup Time": 0.881,"Actual Total Time": 894.395,"Actual Rows": 49083,"Actual Loops": 3,"Inner Unique": false,"Workers": [],"Plans": [{"Node Type": "Nested Loop","Parent Relationship": "Outer","Parallel Aware": false,"Async Capable": false,"Join Type": "Inner","Startup Cost": 1.83,"Total Cost": 12400.01,"Plan Rows": 49000,"Plan Width": 108,"Actual Startup Time": 0.339,"Actual Total Time": 220.834,"Actual Rows": 40245,"Actual Loops": 3,"Inner Unique": false,"Workers": [],"Plans": [{"Node Type": "Hash Join","Parent Relationship": "Outer","Parallel Aware": false,"Async Capable": false,"Join Type": "Inner","Startup Cost": 1.40,"Total Cost": 4403.27,"Plan Rows": 4900,"Plan Width": 108,"Actual Startup Time": 0.194,"Actual Total Time": 43.567,"Actual Rows": 4003,"Actual Loops": 3,"Inner Unique": true,"Hash Cond": "(customer.c_nationkey = n2.n_nationkey)","Workers": [],"Plans": [{"Node Type": "Seq Scan","Parent Relationship": "Outer","Parallel Aware": true,"Async Capable": false,"Relation Name": "customer","Alias": "customer","Startup Cost": 0.00,"Total Cost": 4210.00,"Plan Rows": 62500,"Plan Width": 8,"Actual Startup Time": 0.017,"Actual Total Time": 9.054,"Actual Rows": 50000,"Actual Loops": 3,"Workers": []},{"Node Type": "Hash","Parent Relationship": "Inner","Parallel Aware": false,"Async Capable": false,"Startup Cost": 1.38,"Total Cost": 1.38,"Plan Rows": 2,"Plan Width": 108,"Actual Startup Time": 0.071,"Actual Total Time": 0.079,"Actual Rows": 2,"Actual Loops": 3,"Hash Buckets": 1024,"Original Hash Buckets": 1024,"Hash Batches": 1,"Original Hash Batches": 1,"Peak Memory Usage": 9,"Workers": [],"Plans": [{"Node Type": "Seq Scan","Parent Relationship": "Outer","Parallel Aware": false,"Async Capable": false,"Relation Name": "nation","Alias": "n2","Startup Cost": 0.00,"Total Cost": 1.38,"Plan Rows": 2,"Plan Width": 108,"Actual Startup Time": 0.049,"Actual Total Time": 0.058,"Actual Rows": 2,"Actual Loops": 3,"Filter": "((n_name = 'ROMANIA'::bpchar) OR (n_name = 'GERMANY'::bpchar))","Rows Removed by Filter": 23,"Workers": []}]}]},{"Node Type": "Index Scan","Parent Relationship": "Inner","Parallel Aware": false,"Async Capable": false,"Scan Direction": "Forward","Index Name": "idx_orders_custkey","Relation Name": "orders","Alias": "orders","Startup Cost": 0.43,"Total Cost": 1.46,"Plan Rows": 17,"Plan Width": 8,"Actual Startup Time": 0.007,"Actual Total Time": 0.043,"Actual Rows": 10,"Actual Loops": 12008,"Index Cond": "(o_custkey = customer.c_custkey)","Rows Removed by Index Recheck": 0,"Workers": []}]},{"Node Type": "Index Scan","Parent Relationship": "Inner","Parallel Aware": false,"Async Capable": false,"Scan Direction": "Forward","Index Name": "idx_lineitem_orderkey","Relation Name": "lineitem","Alias": "lineitem","Startup Cost": 0.43,"Total Cost": 1.14,"Plan Rows": 5,"Plan Width": 24,"Actual Startup Time": 0.016,"Actual Total Time": 0.016,"Actual Rows": 1,"Actual Loops": 120736,"Index Cond": "(l_orderkey = orders.o_orderkey)","Rows Removed by Index Recheck": 0,"Filter": "((l_shipdate >= '1995-01-01'::date) AND (l_shipdate <= '1996-12-31'::date))","Rows Removed by Filter": 3,"Workers": []}]},{"Node Type": "Hash","Parent Relationship": "Inner","Parallel Aware": false,"Async Capable": false,"Startup Cost": 354.10,"Total Cost": 354.10,"Plan Rows": 784,"Plan Width": 108,"Actual Startup Time": 7.120,"Actual Total Time": 7.134,"Actual Rows": 794,"Actual Loops": 3,"Hash Buckets": 1024,"Original Hash Buckets": 1024,"Hash Batches": 1,"Original Hash Batches": 1,"Peak Memory Usage": 57,"Workers": [],"Plans": [{"Node Type": "Hash Join","Parent Relationship": "Outer","Parallel Aware": false,"Async Capable": false,"Join Type": "Inner","Startup Cost": 1.40,"Total Cost": 354.10,"Plan Rows": 784,"Plan Width": 108,"Actual Startup Time": 0.096,"Actual Total Time": 6.923,"Actual Rows": 794,"Actual Loops": 3,"Inner Unique": true,"Hash Cond": "(supplier.s_nationkey = n1.n_nationkey)","Workers": [],"Plans": [{"Node Type": "Seq Scan","Parent Relationship": "Outer","Parallel Aware": false,"Async Capable": false,"Relation Name": "supplier","Alias": "supplier","Startup Cost": 0.00,"Total Cost": 322.00,"Plan Rows": 10000,"Plan Width": 8,"Actual Startup Time": 0.036,"Actual Total Time": 3.695,"Actual Rows": 10000,"Actual Loops": 3,"Workers": []},{"Node Type": "Hash","Parent Relationship": "Inner","Parallel Aware": false,"Async Capable": false,"Startup Cost": 1.38,"Total Cost": 1.38,"Plan Rows": 2,"Plan Width": 108,"Actual Startup Time": 0.021,"Actual Total Time": 0.025,"Actual Rows": 2,"Actual Loops": 3,"Hash Buckets": 1024,"Original Hash Buckets": 1024,"Hash Batches": 1,"Original Hash Batches": 1,"Peak Memory Usage": 9,"Workers": [],"Plans": [{"Node Type": "Seq Scan","Parent Relationship": "Outer","Parallel Aware": false,"Async Capable": false,"Relation Name": "nation","Alias": "n1","Startup Cost": 0.00,"Total Cost": 1.38,"Plan Rows": 2,"Plan Width": 108,"Actual Startup Time": 0.006,"Actual Total Time": 0.013,"Actual Rows": 2,"Actual Loops": 3,"Filter": "((n_name = 'GERMANY'::bpchar) OR (n_name = 'ROMANIA'::bpchar))","Rows Removed by Filter": 23,"Workers": []}]}]}]}]}]}]}]}]},"Planning Time": 9.283,"Triggers": [],"Execution Time": 963.925}]
[{"Plan": {"Node Type": "Aggregate","Strategy": "Sorted","Partial Mode": "Finalize","Parallel Aware": false,"Async Capable": false,"Startup Cost": 72556.41,"Total Cost": 73352.71,"Plan Rows": 5893,"Plan Width": 272,"Actual Startup Time": 921.062,"Actual Total Time": 971.779,"Actual Rows": 4,"Actual Loops": 1,"Group Key": ["n1.n_name", "n2.n_name", "(EXTRACT(year FROM lineitem.l_shipdate))"],"Plans": [{"Node Type": "Gather Merge","Parent Relationship": "Outer","Parallel Aware": false,"Async Capable": false,"Startup Cost": 72556.41,"Total Cost": 73202.94,"Plan Rows": 4910,"Plan Width": 272,"Actual Startup Time": 920.617,"Actual Total Time": 971.710,"Actual Rows": 12,"Actual Loops": 1,"Workers Planned": 2,"Workers Launched": 2,"Plans": [{"Node Type": "Aggregate","Strategy": "Sorted","Partial Mode": "Partial","Parent Relationship": "Outer","Parallel Aware": false,"Async Capable": false,"Startup Cost": 71556.39,"Total Cost": 71636.18,"Plan Rows": 2455,"Plan Width": 272,"Actual Startup Time": 911.241,"Actual Total Time": 911.992,"Actual Rows": 4,"Actual Loops": 3,"Group Key": ["n1.n_name", "n2.n_name", "(EXTRACT(year FROM lineitem.l_shipdate))"],"Workers": [],"Plans": [{"Node Type": "Sort","Parent Relationship": "Outer","Parallel Aware": false,"Async Capable": false,"Startup Cost": 71556.39,"Total Cost": 71562.53,"Plan Rows": 2455,"Plan Width": 252,"Actual Startup Time": 910.972,"Actual Total Time": 911.076,"Actual Rows": 1967,"Actual Loops": 3,"Sort Key": ["n1.n_name", "n2.n_name", "(EXTRACT(year FROM lineitem.l_shipdate))"],"Sort Method": "quicksort","Sort Space Used": 263,"Sort Space Type": "Memory","Workers": [{"Worker Number": 0,"Sort Method": "quicksort","Sort Space Used": 261,"Sort Space Type": "Memory"},{"Worker Number": 1,"Sort Method": "quicksort","Sort Space Used": 267,"Sort Space Type": "Memory"}],"Plans": [{"Node Type": "Hash Join","Parent Relationship": "Outer","Parallel Aware": false,"Async Capable": false,"Join Type": "Inner","Startup Cost": 366.16,"Total Cost": 71418.15,"Plan Rows": 2455,"Plan Width": 252,"Actual Startup Time": 7.781,"Actual Total Time": 909.068,"Actual Rows": 1967,"Actual Loops": 3,"Inner Unique": false,"Hash Cond": "(lineitem.l_suppkey = supplier.s_suppkey)","Join Filter": "(((n1.n_name = 'VIETNAM'::bpchar) AND (n2.n_name = 'PERU'::bpchar)) OR ((n1.n_name = 'PERU'::bpchar) AND (n2.n_name = 'VIETNAM'::bpchar)))","Rows Removed by Join Filter": 2007,"Workers": [],"Plans": [{"Node Type": "Nested Loop","Parent Relationship": "Outer","Parallel Aware": false,"Async Capable": false,"Join Type": "Inner","Startup Cost": 2.26,"Total Cost": 70727.78,"Plan Rows": 60250,"Plan Width": 124,"Actual Startup Time": 1.005,"Actual Total Time": 895.338,"Actual Rows": 48628,"Actual Loops": 3,"Inner Unique": false,"Workers": [],"Plans": [{"Node Type": "Nested Loop","Parent Relationship": "Outer","Parallel Aware": false,"Async Capable": false,"Join Type": "Inner","Startup Cost": 1.83,"Total Cost": 12400.01,"Plan Rows": 49000,"Plan Width": 108,"Actual Startup Time": 0.329,"Actual Total Time": 224.933,"Actual Rows": 39788,"Actual Loops": 3,"Inner Unique": false,"Workers": [],"Plans": [{"Node Type": "Hash Join","Parent Relationship": "Outer","Parallel Aware": false,"Async Capable": false,"Join Type": "Inner","Startup Cost": 1.40,"Total Cost": 4403.27,"Plan Rows": 4900,"Plan Width": 108,"Actual Startup Time": 0.207,"Actual Total Time": 45.547,"Actual Rows": 3994,"Actual Loops": 3,"Inner Unique": true,"Hash Cond": "(customer.c_nationkey = n2.n_nationkey)","Workers": [],"Plans": [{"Node Type": "Seq Scan","Parent Relationship": "Outer","Parallel Aware": true,"Async Capable": false,"Relation Name": "customer","Alias": "customer","Startup Cost": 0.00,"Total Cost": 4210.00,"Plan Rows": 62500,"Plan Width": 8,"Actual Startup Time": 0.017,"Actual Total Time": 9.434,"Actual Rows": 50000,"Actual Loops": 3,"Workers": []},{"Node Type": "Hash","Parent Relationship": "Inner","Parallel Aware": false,"Async Capable": false,"Startup Cost": 1.38,"Total Cost": 1.38,"Plan Rows": 2,"Plan Width": 108,"Actual Startup Time": 0.091,"Actual Total Time": 0.096,"Actual Rows": 2,"Actual Loops": 3,"Hash Buckets": 1024,"Original Hash Buckets": 1024,"Hash Batches": 1,"Original Hash Batches": 1,"Peak Memory Usage": 9,"Workers": [],"Plans": [{"Node Type": "Seq Scan","Parent Relationship": "Outer","Parallel Aware": false,"Async Capable": false,"Relation Name": "nation","Alias": "n2","Startup Cost": 0.00,"Total Cost": 1.38,"Plan Rows": 2,"Plan Width": 108,"Actual Startup Time": 0.073,"Actual Total Time": 0.076,"Actual Rows": 2,"Actual Loops": 3,"Filter": "((n_name = 'PERU'::bpchar) OR (n_name = 'VIETNAM'::bpchar))","Rows Removed by Filter": 23,"Workers": []}]}]},{"Node Type": "Index Scan","Parent Relationship": "Inner","Parallel Aware": false,"Async Capable": false,"Scan Direction": "Forward","Index Name": "idx_orders_custkey","Relation Name": "orders","Alias": "orders","Startup Cost": 0.43,"Total Cost": 1.46,"Plan Rows": 17,"Plan Width": 8,"Actual Startup Time": 0.007,"Actual Total Time": 0.044,"Actual Rows": 10,"Actual Loops": 11983,"Index Cond": "(o_custkey = customer.c_custkey)","Rows Removed by Index Recheck": 0,"Workers": []}]},{"Node Type": "Index Scan","Parent Relationship": "Inner","Parallel Aware": false,"Async Capable": false,"Scan Direction": "Forward","Index Name": "idx_lineitem_orderkey","Relation Name": "lineitem","Alias": "lineitem","Startup Cost": 0.43,"Total Cost": 1.14,"Plan Rows": 5,"Plan Width": 24,"Actual Startup Time": 0.016,"Actual Total Time": 0.017,"Actual Rows": 1,"Actual Loops": 119365,"Index Cond": "(l_orderkey = orders.o_orderkey)","Rows Removed by Index Recheck": 0,"Filter": "((l_shipdate >= '1995-01-01'::date) AND (l_shipdate <= '1996-12-31'::date))","Rows Removed by Filter": 3,"Workers": []}]},{"Node Type": "Hash","Parent Relationship": "Inner","Parallel Aware": false,"Async Capable": false,"Startup Cost": 354.10,"Total Cost": 354.10,"Plan Rows": 784,"Plan Width": 108,"Actual Startup Time": 6.463,"Actual Total Time": 6.476,"Actual Rows": 820,"Actual Loops": 3,"Hash Buckets": 1024,"Original Hash Buckets": 1024,"Hash Batches": 1,"Original Hash Batches": 1,"Peak Memory Usage": 58,"Workers": [],"Plans": [{"Node Type": "Hash Join","Parent Relationship": "Outer","Parallel Aware": false,"Async Capable": false,"Join Type": "Inner","Startup Cost": 1.40,"Total Cost": 354.10,"Plan Rows": 784,"Plan Width": 108,"Actual Startup Time": 0.076,"Actual Total Time": 6.304,"Actual Rows": 820,"Actual Loops": 3,"Inner Unique": true,"Hash Cond": "(supplier.s_nationkey = n1.n_nationkey)","Workers": [],"Plans": [{"Node Type": "Seq Scan","Parent Relationship": "Outer","Parallel Aware": false,"Async Capable": false,"Relation Name": "supplier","Alias": "supplier","Startup Cost": 0.00,"Total Cost": 322.00,"Plan Rows": 10000,"Plan Width": 8,"Actual Startup Time": 0.034,"Actual Total Time": 3.180,"Actual Rows": 10000,"Actual Loops": 3,"Workers": []},{"Node Type": "Hash","Parent Relationship": "Inner","Parallel Aware": false,"Async Capable": false,"Startup Cost": 1.38,"Total Cost": 1.38,"Plan Rows": 2,"Plan Width": 108,"Actual Startup Time": 0.016,"Actual Total Time": 0.021,"Actual Rows": 2,"Actual Loops": 3,"Hash Buckets": 1024,"Original Hash Buckets": 1024,"Hash Batches": 1,"Original Hash Batches": 1,"Peak Memory Usage": 9,"Workers": [],"Plans": [{"Node Type": "Seq Scan","Parent Relationship": "Outer","Parallel Aware": false,"Async Capable": false,"Relation Name": "nation","Alias": "n1","Startup Cost": 0.00,"Total Cost": 1.38,"Plan Rows": 2,"Plan Width": 108,"Actual Startup Time": 0.009,"Actual Total Time": 0.012,"Actual Rows": 2,"Actual Loops": 3,"Filter": "((n_name = 'VIETNAM'::bpchar) OR (n_name = 'PERU'::bpchar))","Rows Removed by Filter": 23,"Workers": []}]}]}]}]}]}]}]}]},"Planning Time": 9.787,"Triggers": [],"Execution Time": 972.195}]
[{"Plan": {"Node Type": "Aggregate","Strategy": "Sorted","Partial Mode": "Finalize","Parallel Aware": false,"Async Capable": false,"Startup Cost": 72556.41,"Total Cost": 73352.71,"Plan Rows": 5893,"Plan Width": 272,"Actual Startup Time": 926.774,"Actual Total Time": 984.418,"Actual Rows": 4,"Actual Loops": 1,"Group Key": ["n1.n_name", "n2.n_name", "(EXTRACT(year FROM lineitem.l_shipdate))"],"Plans": [{"Node Type": "Gather Merge","Parent Relationship": "Outer","Parallel Aware": false,"Async Capable": false,"Startup Cost": 72556.41,"Total Cost": 73202.94,"Plan Rows": 4910,"Plan Width": 272,"Actual Startup Time": 926.354,"Actual Total Time": 984.338,"Actual Rows": 12,"Actual Loops": 1,"Workers Planned": 2,"Workers Launched": 2,"Plans": [{"Node Type": "Aggregate","Strategy": "Sorted","Partial Mode": "Partial","Parent Relationship": "Outer","Parallel Aware": false,"Async Capable": false,"Startup Cost": 71556.39,"Total Cost": 71636.18,"Plan Rows": 2455,"Plan Width": 272,"Actual Startup Time": 918.256,"Actual Total Time": 918.979,"Actual Rows": 4,"Actual Loops": 3,"Group Key": ["n1.n_name", "n2.n_name", "(EXTRACT(year FROM lineitem.l_shipdate))"],"Workers": [],"Plans": [{"Node Type": "Sort","Parent Relationship": "Outer","Parallel Aware": false,"Async Capable": false,"Startup Cost": 71556.39,"Total Cost": 71562.53,"Plan Rows": 2455,"Plan Width": 252,"Actual Startup Time": 918.018,"Actual Total Time": 918.124,"Actual Rows": 1908,"Actual Loops": 3,"Sort Key": ["n1.n_name", "n2.n_name", "(EXTRACT(year FROM lineitem.l_shipdate))"],"Sort Method": "quicksort","Sort Space Used": 258,"Sort Space Type": "Memory","Workers": [{"Worker Number": 0,"Sort Method": "quicksort","Sort Space Used": 255,"Sort Space Type": "Memory"},{"Worker Number": 1,"Sort Method": "quicksort","Sort Space Used": 259,"Sort Space Type": "Memory"}],"Plans": [{"Node Type": "Hash Join","Parent Relationship": "Outer","Parallel Aware": false,"Async Capable": false,"Join Type": "Inner","Startup Cost": 366.16,"Total Cost": 71418.15,"Plan Rows": 2455,"Plan Width": 252,"Actual Startup Time": 9.710,"Actual Total Time": 916.179,"Actual Rows": 1908,"Actual Loops": 3,"Inner Unique": false,"Hash Cond": "(lineitem.l_suppkey = supplier.s_suppkey)","Join Filter": "(((n1.n_name = 'INDIA'::bpchar) AND (n2.n_name = 'ETHIOPIA'::bpchar)) OR ((n1.n_name = 'ETHIOPIA'::bpchar) AND (n2.n_name = 'INDIA'::bpchar)))","Rows Removed by Join Filter": 1947,"Workers": [],"Plans": [{"Node Type": "Nested Loop","Parent Relationship": "Outer","Parallel Aware": false,"Async Capable": false,"Join Type": "Inner","Startup Cost": 2.26,"Total Cost": 70727.78,"Plan Rows": 60250,"Plan Width": 124,"Actual Startup Time": 0.874,"Actual Total Time": 901.354,"Actual Rows": 48483,"Actual Loops": 3,"Inner Unique": false,"Workers": [],"Plans": [{"Node Type": "Nested Loop","Parent Relationship": "Outer","Parallel Aware": false,"Async Capable": false,"Join Type": "Inner","Startup Cost": 1.83,"Total Cost": 12400.01,"Plan Rows": 49000,"Plan Width": 108,"Actual Startup Time": 0.381,"Actual Total Time": 227.274,"Actual Rows": 39844,"Actual Loops": 3,"Inner Unique": false,"Workers": [],"Plans": [{"Node Type": "Hash Join","Parent Relationship": "Outer","Parallel Aware": false,"Async Capable": false,"Join Type": "Inner","Startup Cost": 1.40,"Total Cost": 4403.27,"Plan Rows": 4900,"Plan Width": 108,"Actual Startup Time": 0.240,"Actual Total Time": 47.941,"Actual Rows": 3998,"Actual Loops": 3,"Inner Unique": true,"Hash Cond": "(customer.c_nationkey = n2.n_nationkey)","Workers": [],"Plans": [{"Node Type": "Seq Scan","Parent Relationship": "Outer","Parallel Aware": true,"Async Capable": false,"Relation Name": "customer","Alias": "customer","Startup Cost": 0.00,"Total Cost": 4210.00,"Plan Rows": 62500,"Plan Width": 8,"Actual Startup Time": 0.017,"Actual Total Time": 9.740,"Actual Rows": 50000,"Actual Loops": 3,"Workers": []},{"Node Type": "Hash","Parent Relationship": "Inner","Parallel Aware": false,"Async Capable": false,"Startup Cost": 1.38,"Total Cost": 1.38,"Plan Rows": 2,"Plan Width": 108,"Actual Startup Time": 0.095,"Actual Total Time": 0.099,"Actual Rows": 2,"Actual Loops": 3,"Hash Buckets": 1024,"Original Hash Buckets": 1024,"Hash Batches": 1,"Original Hash Batches": 1,"Peak Memory Usage": 9,"Workers": [],"Plans": [{"Node Type": "Seq Scan","Parent Relationship": "Outer","Parallel Aware": false,"Async Capable": false,"Relation Name": "nation","Alias": "n2","Startup Cost": 0.00,"Total Cost": 1.38,"Plan Rows": 2,"Plan Width": 108,"Actual Startup Time": 0.075,"Actual Total Time": 0.082,"Actual Rows": 2,"Actual Loops": 3,"Filter": "((n_name = 'ETHIOPIA'::bpchar) OR (n_name = 'INDIA'::bpchar))","Rows Removed by Filter": 23,"Workers": []}]}]},{"Node Type": "Index Scan","Parent Relationship": "Inner","Parallel Aware": false,"Async Capable": false,"Scan Direction": "Forward","Index Name": "idx_orders_custkey","Relation Name": "orders","Alias": "orders","Startup Cost": 0.43,"Total Cost": 1.46,"Plan Rows": 17,"Plan Width": 8,"Actual Startup Time": 0.007,"Actual Total Time": 0.044,"Actual Rows": 10,"Actual Loops": 11994,"Index Cond": "(o_custkey = customer.c_custkey)","Rows Removed by Index Recheck": 0,"Workers": []}]},{"Node Type": "Index Scan","Parent Relationship": "Inner","Parallel Aware": false,"Async Capable": false,"Scan Direction": "Forward","Index Name": "idx_lineitem_orderkey","Relation Name": "lineitem","Alias": "lineitem","Startup Cost": 0.43,"Total Cost": 1.14,"Plan Rows": 5,"Plan Width": 24,"Actual Startup Time": 0.016,"Actual Total Time": 0.017,"Actual Rows": 1,"Actual Loops": 119533,"Index Cond": "(l_orderkey = orders.o_orderkey)","Rows Removed by Index Recheck": 0,"Filter": "((l_shipdate >= '1995-01-01'::date) AND (l_shipdate <= '1996-12-31'::date))","Rows Removed by Filter": 3,"Workers": []}]},{"Node Type": "Hash","Parent Relationship": "Inner","Parallel Aware": false,"Async Capable": false,"Startup Cost": 354.10,"Total Cost": 354.10,"Plan Rows": 784,"Plan Width": 108,"Actual Startup Time": 7.694,"Actual Total Time": 7.710,"Actual Rows": 795,"Actual Loops": 3,"Hash Buckets": 1024,"Original Hash Buckets": 1024,"Hash Batches": 1,"Original Hash Batches": 1,"Peak Memory Usage": 57,"Workers": [],"Plans": [{"Node Type": "Hash Join","Parent Relationship": "Outer","Parallel Aware": false,"Async Capable": false,"Join Type": "Inner","Startup Cost": 1.40,"Total Cost": 354.10,"Plan Rows": 784,"Plan Width": 108,"Actual Startup Time": 0.093,"Actual Total Time": 7.479,"Actual Rows": 795,"Actual Loops": 3,"Inner Unique": true,"Hash Cond": "(supplier.s_nationkey = n1.n_nationkey)","Workers": [],"Plans": [{"Node Type": "Seq Scan","Parent Relationship": "Outer","Parallel Aware": false,"Async Capable": false,"Relation Name": "supplier","Alias": "supplier","Startup Cost": 0.00,"Total Cost": 322.00,"Plan Rows": 10000,"Plan Width": 8,"Actual Startup Time": 0.035,"Actual Total Time": 3.985,"Actual Rows": 10000,"Actual Loops": 3,"Workers": []},{"Node Type": "Hash","Parent Relationship": "Inner","Parallel Aware": false,"Async Capable": false,"Startup Cost": 1.38,"Total Cost": 1.38,"Plan Rows": 2,"Plan Width": 108,"Actual Startup Time": 0.024,"Actual Total Time": 0.029,"Actual Rows": 2,"Actual Loops": 3,"Hash Buckets": 1024,"Original Hash Buckets": 1024,"Hash Batches": 1,"Original Hash Batches": 1,"Peak Memory Usage": 9,"Workers": [],"Plans": [{"Node Type": "Seq Scan","Parent Relationship": "Outer","Parallel Aware": false,"Async Capable": false,"Relation Name": "nation","Alias": "n1","Startup Cost": 0.00,"Total Cost": 1.38,"Plan Rows": 2,"Plan Width": 108,"Actual Startup Time": 0.011,"Actual Total Time": 0.018,"Actual Rows": 2,"Actual Loops": 3,"Filter": "((n_name = 'INDIA'::bpchar) OR (n_name = 'ETHIOPIA'::bpchar))","Rows Removed by Filter": 23,"Workers": []}]}]}]}]}]}]}]}]},"Planning Time": 9.204,"Triggers": [],"Execution Time": 984.901}]
[{"Plan": {"Node Type": "Aggregate","Strategy": "Sorted","Partial Mode": "Finalize","Parallel Aware": false,"Async Capable": false,"Startup Cost": 72556.41,"Total Cost": 73352.71,"Plan Rows": 5893,"Plan Width": 272,"Actual Startup Time": 922.969,"Actual Total Time": 965.797,"Actual Rows": 4,"Actual Loops": 1,"Group Key": ["n1.n_name", "n2.n_name", "(EXTRACT(year FROM lineitem.l_shipdate))"],"Plans": [{"Node Type": "Gather Merge","Parent Relationship": "Outer","Parallel Aware": false,"Async Capable": false,"Startup Cost": 72556.41,"Total Cost": 73202.94,"Plan Rows": 4910,"Plan Width": 272,"Actual Startup Time": 922.353,"Actual Total Time": 965.732,"Actual Rows": 12,"Actual Loops": 1,"Workers Planned": 2,"Workers Launched": 2,"Plans": [{"Node Type": "Aggregate","Strategy": "Sorted","Partial Mode": "Partial","Parent Relationship": "Outer","Parallel Aware": false,"Async Capable": false,"Startup Cost": 71556.39,"Total Cost": 71636.18,"Plan Rows": 2455,"Plan Width": 272,"Actual Startup Time": 914.329,"Actual Total Time": 915.103,"Actual Rows": 4,"Actual Loops": 3,"Group Key": ["n1.n_name", "n2.n_name", "(EXTRACT(year FROM lineitem.l_shipdate))"],"Workers": [],"Plans": [{"Node Type": "Sort","Parent Relationship": "Outer","Parallel Aware": false,"Async Capable": false,"Startup Cost": 71556.39,"Total Cost": 71562.53,"Plan Rows": 2455,"Plan Width": 252,"Actual Startup Time": 914.075,"Actual Total Time": 914.190,"Actual Rows": 1896,"Actual Loops": 3,"Sort Key": ["n1.n_name", "n2.n_name", "(EXTRACT(year FROM lineitem.l_shipdate))"],"Sort Method": "quicksort","Sort Space Used": 265,"Sort Space Type": "Memory","Workers": [{"Worker Number": 0,"Sort Method": "quicksort","Sort Space Used": 251,"Sort Space Type": "Memory"},{"Worker Number": 1,"Sort Method": "quicksort","Sort Space Used": 252,"Sort Space Type": "Memory"}],"Plans": [{"Node Type": "Hash Join","Parent Relationship": "Outer","Parallel Aware": false,"Async Capable": false,"Join Type": "Inner","Startup Cost": 366.16,"Total Cost": 71418.15,"Plan Rows": 2455,"Plan Width": 252,"Actual Startup Time": 12.648,"Actual Total Time": 912.398,"Actual Rows": 1896,"Actual Loops": 3,"Inner Unique": false,"Hash Cond": "(lineitem.l_suppkey = supplier.s_suppkey)","Join Filter": "(((n1.n_name = 'KENYA'::bpchar) AND (n2.n_name = 'MOZAMBIQUE'::bpchar)) OR ((n1.n_name = 'MOZAMBIQUE'::bpchar) AND (n2.n_name = 'KENYA'::bpchar)))","Rows Removed by Join Filter": 1890,"Workers": [],"Plans": [{"Node Type": "Nested Loop","Parent Relationship": "Outer","Parallel Aware": false,"Async Capable": false,"Join Type": "Inner","Startup Cost": 2.26,"Total Cost": 70727.78,"Plan Rows": 60250,"Plan Width": 124,"Actual Startup Time": 0.603,"Actual Total Time": 894.504,"Actual Rows": 48417,"Actual Loops": 3,"Inner Unique": false,"Workers": [],"Plans": [{"Node Type": "Nested Loop","Parent Relationship": "Outer","Parallel Aware": false,"Async Capable": false,"Join Type": "Inner","Startup Cost": 1.83,"Total Cost": 12400.01,"Plan Rows": 49000,"Plan Width": 108,"Actual Startup Time": 0.301,"Actual Total Time": 222.050,"Actual Rows": 40069,"Actual Loops": 3,"Inner Unique": false,"Workers": [],"Plans": [{"Node Type": "Hash Join","Parent Relationship": "Outer","Parallel Aware": false,"Async Capable": false,"Join Type": "Inner","Startup Cost": 1.40,"Total Cost": 4403.27,"Plan Rows": 4900,"Plan Width": 108,"Actual Startup Time": 0.175,"Actual Total Time": 44.763,"Actual Rows": 3989,"Actual Loops": 3,"Inner Unique": true,"Hash Cond": "(customer.c_nationkey = n2.n_nationkey)","Workers": [],"Plans": [{"Node Type": "Seq Scan","Parent Relationship": "Outer","Parallel Aware": true,"Async Capable": false,"Relation Name": "customer","Alias": "customer","Startup Cost": 0.00,"Total Cost": 4210.00,"Plan Rows": 62500,"Plan Width": 8,"Actual Startup Time": 0.013,"Actual Total Time": 9.194,"Actual Rows": 50000,"Actual Loops": 3,"Workers": []},{"Node Type": "Hash","Parent Relationship": "Inner","Parallel Aware": false,"Async Capable": false,"Startup Cost": 1.38,"Total Cost": 1.38,"Plan Rows": 2,"Plan Width": 108,"Actual Startup Time": 0.062,"Actual Total Time": 0.068,"Actual Rows": 2,"Actual Loops": 3,"Hash Buckets": 1024,"Original Hash Buckets": 1024,"Hash Batches": 1,"Original Hash Batches": 1,"Peak Memory Usage": 9,"Workers": [],"Plans": [{"Node Type": "Seq Scan","Parent Relationship": "Outer","Parallel Aware": false,"Async Capable": false,"Relation Name": "nation","Alias": "n2","Startup Cost": 0.00,"Total Cost": 1.38,"Plan Rows": 2,"Plan Width": 108,"Actual Startup Time": 0.047,"Actual Total Time": 0.050,"Actual Rows": 2,"Actual Loops": 3,"Filter": "((n_name = 'MOZAMBIQUE'::bpchar) OR (n_name = 'KENYA'::bpchar))","Rows Removed by Filter": 23,"Workers": []}]}]},{"Node Type": "Index Scan","Parent Relationship": "Inner","Parallel Aware": false,"Async Capable": false,"Scan Direction": "Forward","Index Name": "idx_orders_custkey","Relation Name": "orders","Alias": "orders","Startup Cost": 0.43,"Total Cost": 1.46,"Plan Rows": 17,"Plan Width": 8,"Actual Startup Time": 0.007,"Actual Total Time": 0.043,"Actual Rows": 10,"Actual Loops": 11966,"Index Cond": "(o_custkey = customer.c_custkey)","Rows Removed by Index Recheck": 0,"Workers": []}]},{"Node Type": "Index Scan","Parent Relationship": "Inner","Parallel Aware": false,"Async Capable": false,"Scan Direction": "Forward","Index Name": "idx_lineitem_orderkey","Relation Name": "lineitem","Alias": "lineitem","Startup Cost": 0.43,"Total Cost": 1.14,"Plan Rows": 5,"Plan Width": 24,"Actual Startup Time": 0.016,"Actual Total Time": 0.017,"Actual Rows": 1,"Actual Loops": 120207,"Index Cond": "(l_orderkey = orders.o_orderkey)","Rows Removed by Index Recheck": 0,"Filter": "((l_shipdate >= '1995-01-01'::date) AND (l_shipdate <= '1996-12-31'::date))","Rows Removed by Filter": 3,"Workers": []}]},{"Node Type": "Hash","Parent Relationship": "Inner","Parallel Aware": false,"Async Capable": false,"Startup Cost": 354.10,"Total Cost": 354.10,"Plan Rows": 784,"Plan Width": 108,"Actual Startup Time": 11.097,"Actual Total Time": 11.112,"Actual Rows": 782,"Actual Loops": 3,"Hash Buckets": 1024,"Original Hash Buckets": 1024,"Hash Batches": 1,"Original Hash Batches": 1,"Peak Memory Usage": 56,"Workers": [],"Plans": [{"Node Type": "Hash Join","Parent Relationship": "Outer","Parallel Aware": false,"Async Capable": false,"Join Type": "Inner","Startup Cost": 1.40,"Total Cost": 354.10,"Plan Rows": 784,"Plan Width": 108,"Actual Startup Time": 0.075,"Actual Total Time": 10.917,"Actual Rows": 782,"Actual Loops": 3,"Inner Unique": true,"Hash Cond": "(supplier.s_nationkey = n1.n_nationkey)","Workers": [],"Plans": [{"Node Type": "Seq Scan","Parent Relationship": "Outer","Parallel Aware": false,"Async Capable": false,"Relation Name": "supplier","Alias": "supplier","Startup Cost": 0.00,"Total Cost": 322.00,"Plan Rows": 10000,"Plan Width": 8,"Actual Startup Time": 0.029,"Actual Total Time": 4.474,"Actual Rows": 10000,"Actual Loops": 3,"Workers": []},{"Node Type": "Hash","Parent Relationship": "Inner","Parallel Aware": false,"Async Capable": false,"Startup Cost": 1.38,"Total Cost": 1.38,"Plan Rows": 2,"Plan Width": 108,"Actual Startup Time": 0.015,"Actual Total Time": 0.020,"Actual Rows": 2,"Actual Loops": 3,"Hash Buckets": 1024,"Original Hash Buckets": 1024,"Hash Batches": 1,"Original Hash Batches": 1,"Peak Memory Usage": 9,"Workers": [],"Plans": [{"Node Type": "Seq Scan","Parent Relationship": "Outer","Parallel Aware": false,"Async Capable": false,"Relation Name": "nation","Alias": "n1","Startup Cost": 0.00,"Total Cost": 1.38,"Plan Rows": 2,"Plan Width": 108,"Actual Startup Time": 0.007,"Actual Total Time": 0.010,"Actual Rows": 2,"Actual Loops": 3,"Filter": "((n_name = 'KENYA'::bpchar) OR (n_name = 'MOZAMBIQUE'::bpchar))","Rows Removed by Filter": 23,"Workers": []}]}]}]}]}]}]}]}]},"Planning Time": 9.369,"Triggers": [],"Execution Time": 966.234}]
[{"Plan": {"Node Type": "Aggregate","Strategy": "Sorted","Partial Mode": "Finalize","Parallel Aware": false,"Async Capable": false,"Startup Cost": 72556.41,"Total Cost": 73352.71,"Plan Rows": 5893,"Plan Width": 272,"Actual Startup Time": 943.094,"Actual Total Time": 987.130,"Actual Rows": 4,"Actual Loops": 1,"Group Key": ["n1.n_name", "n2.n_name", "(EXTRACT(year FROM lineitem.l_shipdate))"],"Plans": [{"Node Type": "Gather Merge","Parent Relationship": "Outer","Parallel Aware": false,"Async Capable": false,"Startup Cost": 72556.41,"Total Cost": 73202.94,"Plan Rows": 4910,"Plan Width": 272,"Actual Startup Time": 942.628,"Actual Total Time": 987.037,"Actual Rows": 12,"Actual Loops": 1,"Workers Planned": 2,"Workers Launched": 2,"Plans": [{"Node Type": "Aggregate","Strategy": "Sorted","Partial Mode": "Partial","Parent Relationship": "Outer","Parallel Aware": false,"Async Capable": false,"Startup Cost": 71556.39,"Total Cost": 71636.18,"Plan Rows": 2455,"Plan Width": 272,"Actual Startup Time": 933.713,"Actual Total Time": 934.466,"Actual Rows": 4,"Actual Loops": 3,"Group Key": ["n1.n_name", "n2.n_name", "(EXTRACT(year FROM lineitem.l_shipdate))"],"Workers": [],"Plans": [{"Node Type": "Sort","Parent Relationship": "Outer","Parallel Aware": false,"Async Capable": false,"Startup Cost": 71556.39,"Total Cost": 71562.53,"Plan Rows": 2455,"Plan Width": 252,"Actual Startup Time": 933.429,"Actual Total Time": 933.546,"Actual Rows": 2014,"Actual Loops": 3,"Sort Key": ["n1.n_name", "n2.n_name", "(EXTRACT(year FROM lineitem.l_shipdate))"],"Sort Method": "quicksort","Sort Space Used": 328,"Sort Space Type": "Memory","Workers": [{"Worker Number": 0,"Sort Method": "quicksort","Sort Space Used": 258,"Sort Space Type": "Memory"},{"Worker Number": 1,"Sort Method": "quicksort","Sort Space Used": 269,"Sort Space Type": "Memory"}],"Plans": [{"Node Type": "Hash Join","Parent Relationship": "Outer","Parallel Aware": false,"Async Capable": false,"Join Type": "Inner","Startup Cost": 366.16,"Total Cost": 71418.15,"Plan Rows": 2455,"Plan Width": 252,"Actual Startup Time": 12.830,"Actual Total Time": 931.570,"Actual Rows": 2014,"Actual Loops": 3,"Inner Unique": false,"Hash Cond": "(lineitem.l_suppkey = supplier.s_suppkey)","Join Filter": "(((n1.n_name = 'CANADA'::bpchar) AND (n2.n_name = 'FRANCE'::bpchar)) OR ((n1.n_name = 'FRANCE'::bpchar) AND (n2.n_name = 'CANADA'::bpchar)))","Rows Removed by Join Filter": 2002,"Workers": [],"Plans": [{"Node Type": "Nested Loop","Parent Relationship": "Outer","Parallel Aware": false,"Async Capable": false,"Join Type": "Inner","Startup Cost": 2.26,"Total Cost": 70727.78,"Plan Rows": 60250,"Plan Width": 124,"Actual Startup Time": 0.552,"Actual Total Time": 913.144,"Actual Rows": 49693,"Actual Loops": 3,"Inner Unique": false,"Workers": [],"Plans": [{"Node Type": "Nested Loop","Parent Relationship": "Outer","Parallel Aware": false,"Async Capable": false,"Join Type": "Inner","Startup Cost": 1.83,"Total Cost": 12400.01,"Plan Rows": 49000,"Plan Width": 108,"Actual Startup Time": 0.322,"Actual Total Time": 226.435,"Actual Rows": 40693,"Actual Loops": 3,"Inner Unique": false,"Workers": [],"Plans": [{"Node Type": "Hash Join","Parent Relationship": "Outer","Parallel Aware": false,"Async Capable": false,"Join Type": "Inner","Startup Cost": 1.40,"Total Cost": 4403.27,"Plan Rows": 4900,"Plan Width": 108,"Actual Startup Time": 0.210,"Actual Total Time": 45.777,"Actual Rows": 4040,"Actual Loops": 3,"Inner Unique": true,"Hash Cond": "(customer.c_nationkey = n2.n_nationkey)","Workers": [],"Plans": [{"Node Type": "Seq Scan","Parent Relationship": "Outer","Parallel Aware": true,"Async Capable": false,"Relation Name": "customer","Alias": "customer","Startup Cost": 0.00,"Total Cost": 4210.00,"Plan Rows": 62500,"Plan Width": 8,"Actual Startup Time": 0.016,"Actual Total Time": 9.066,"Actual Rows": 50000,"Actual Loops": 3,"Workers": []},{"Node Type": "Hash","Parent Relationship": "Inner","Parallel Aware": false,"Async Capable": false,"Startup Cost": 1.38,"Total Cost": 1.38,"Plan Rows": 2,"Plan Width": 108,"Actual Startup Time": 0.078,"Actual Total Time": 0.084,"Actual Rows": 2,"Actual Loops": 3,"Hash Buckets": 1024,"Original Hash Buckets": 1024,"Hash Batches": 1,"Original Hash Batches": 1,"Peak Memory Usage": 9,"Workers": [],"Plans": [{"Node Type": "Seq Scan","Parent Relationship": "Outer","Parallel Aware": false,"Async Capable": false,"Relation Name": "nation","Alias": "n2","Startup Cost": 0.00,"Total Cost": 1.38,"Plan Rows": 2,"Plan Width": 108,"Actual Startup Time": 0.052,"Actual Total Time": 0.062,"Actual Rows": 2,"Actual Loops": 3,"Filter": "((n_name = 'FRANCE'::bpchar) OR (n_name = 'CANADA'::bpchar))","Rows Removed by Filter": 23,"Workers": []}]}]},{"Node Type": "Index Scan","Parent Relationship": "Inner","Parallel Aware": false,"Async Capable": false,"Scan Direction": "Forward","Index Name": "idx_orders_custkey","Relation Name": "orders","Alias": "orders","Startup Cost": 0.43,"Total Cost": 1.46,"Plan Rows": 17,"Plan Width": 8,"Actual Startup Time": 0.007,"Actual Total Time": 0.043,"Actual Rows": 10,"Actual Loops": 12120,"Index Cond": "(o_custkey = customer.c_custkey)","Rows Removed by Index Recheck": 0,"Workers": []}]},{"Node Type": "Index Scan","Parent Relationship": "Inner","Parallel Aware": false,"Async Capable": false,"Scan Direction": "Forward","Index Name": "idx_lineitem_orderkey","Relation Name": "lineitem","Alias": "lineitem","Startup Cost": 0.43,"Total Cost": 1.14,"Plan Rows": 5,"Plan Width": 24,"Actual Startup Time": 0.016,"Actual Total Time": 0.017,"Actual Rows": 1,"Actual Loops": 122080,"Index Cond": "(l_orderkey = orders.o_orderkey)","Rows Removed by Index Recheck": 0,"Filter": "((l_shipdate >= '1995-01-01'::date) AND (l_shipdate <= '1996-12-31'::date))","Rows Removed by Filter": 3,"Workers": []}]},{"Node Type": "Hash","Parent Relationship": "Inner","Parallel Aware": false,"Async Capable": false,"Startup Cost": 354.10,"Total Cost": 354.10,"Plan Rows": 784,"Plan Width": 108,"Actual Startup Time": 11.281,"Actual Total Time": 11.297,"Actual Rows": 814,"Actual Loops": 3,"Hash Buckets": 1024,"Original Hash Buckets": 1024,"Hash Batches": 1,"Original Hash Batches": 1,"Peak Memory Usage": 58,"Workers": [],"Plans": [{"Node Type": "Hash Join","Parent Relationship": "Outer","Parallel Aware": false,"Async Capable": false,"Join Type": "Inner","Startup Cost": 1.40,"Total Cost": 354.10,"Plan Rows": 784,"Plan Width": 108,"Actual Startup Time": 0.098,"Actual Total Time": 11.093,"Actual Rows": 814,"Actual Loops": 3,"Inner Unique": true,"Hash Cond": "(supplier.s_nationkey = n1.n_nationkey)","Workers": [],"Plans": [{"Node Type": "Seq Scan","Parent Relationship": "Outer","Parallel Aware": false,"Async Capable": false,"Relation Name": "supplier","Alias": "supplier","Startup Cost": 0.00,"Total Cost": 322.00,"Plan Rows": 10000,"Plan Width": 8,"Actual Startup Time": 0.033,"Actual Total Time": 4.469,"Actual Rows": 10000,"Actual Loops": 3,"Workers": []},{"Node Type": "Hash","Parent Relationship": "Inner","Parallel Aware": false,"Async Capable": false,"Startup Cost": 1.38,"Total Cost": 1.38,"Plan Rows": 2,"Plan Width": 108,"Actual Startup Time": 0.019,"Actual Total Time": 0.024,"Actual Rows": 2,"Actual Loops": 3,"Hash Buckets": 1024,"Original Hash Buckets": 1024,"Hash Batches": 1,"Original Hash Batches": 1,"Peak Memory Usage": 9,"Workers": [],"Plans": [{"Node Type": "Seq Scan","Parent Relationship": "Outer","Parallel Aware": false,"Async Capable": false,"Relation Name": "nation","Alias": "n1","Startup Cost": 0.00,"Total Cost": 1.38,"Plan Rows": 2,"Plan Width": 108,"Actual Startup Time": 0.005,"Actual Total Time": 0.014,"Actual Rows": 2,"Actual Loops": 3,"Filter": "((n_name = 'CANADA'::bpchar) OR (n_name = 'FRANCE'::bpchar))","Rows Removed by Filter": 23,"Workers": []}]}]}]}]}]}]}]}]},"Planning Time": 10.548,"Triggers": [],"Execution Time": 987.573}]
[{"Plan": {"Node Type": "Aggregate","Strategy": "Sorted","Partial Mode": "Finalize","Parallel Aware": false,"Async Capable": false,"Startup Cost": 72556.41,"Total Cost": 73352.71,"Plan Rows": 5893,"Plan Width": 272,"Actual Startup Time": 931.045,"Actual Total Time": 973.698,"Actual Rows": 4,"Actual Loops": 1,"Group Key": ["n1.n_name", "n2.n_name", "(EXTRACT(year FROM lineitem.l_shipdate))"],"Plans": [{"Node Type": "Gather Merge","Parent Relationship": "Outer","Parallel Aware": false,"Async Capable": false,"Startup Cost": 72556.41,"Total Cost": 73202.94,"Plan Rows": 4910,"Plan Width": 272,"Actual Startup Time": 930.411,"Actual Total Time": 973.623,"Actual Rows": 12,"Actual Loops": 1,"Workers Planned": 2,"Workers Launched": 2,"Plans": [{"Node Type": "Aggregate","Strategy": "Sorted","Partial Mode": "Partial","Parent Relationship": "Outer","Parallel Aware": false,"Async Capable": false,"Startup Cost": 71556.39,"Total Cost": 71636.18,"Plan Rows": 2455,"Plan Width": 272,"Actual Startup Time": 921.409,"Actual Total Time": 922.269,"Actual Rows": 4,"Actual Loops": 3,"Group Key": ["n1.n_name", "n2.n_name", "(EXTRACT(year FROM lineitem.l_shipdate))"],"Workers": [],"Plans": [{"Node Type": "Sort","Parent Relationship": "Outer","Parallel Aware": false,"Async Capable": false,"Startup Cost": 71556.39,"Total Cost": 71562.53,"Plan Rows": 2455,"Plan Width": 252,"Actual Startup Time": 921.114,"Actual Total Time": 921.228,"Actual Rows": 2023,"Actual Loops": 3,"Sort Key": ["n1.n_name", "n2.n_name", "(EXTRACT(year FROM lineitem.l_shipdate))"],"Sort Method": "quicksort","Sort Space Used": 324,"Sort Space Type": "Memory","Workers": [{"Worker Number": 0,"Sort Method": "quicksort","Sort Space Used": 268,"Sort Space Type": "Memory"},{"Worker Number": 1,"Sort Method": "quicksort","Sort Space Used": 264,"Sort Space Type": "Memory"}],"Plans": [{"Node Type": "Hash Join","Parent Relationship": "Outer","Parallel Aware": false,"Async Capable": false,"Join Type": "Inner","Startup Cost": 366.16,"Total Cost": 71418.15,"Plan Rows": 2455,"Plan Width": 252,"Actual Startup Time": 11.223,"Actual Total Time": 919.064,"Actual Rows": 2023,"Actual Loops": 3,"Inner Unique": false,"Hash Cond": "(lineitem.l_suppkey = supplier.s_suppkey)","Join Filter": "(((n1.n_name = 'ALGERIA'::bpchar) AND (n2.n_name = 'CHINA'::bpchar)) OR ((n1.n_name = 'CHINA'::bpchar) AND (n2.n_name = 'ALGERIA'::bpchar)))","Rows Removed by Join Filter": 2012,"Workers": [],"Plans": [{"Node Type": "Nested Loop","Parent Relationship": "Outer","Parallel Aware": false,"Async Capable": false,"Join Type": "Inner","Startup Cost": 2.26,"Total Cost": 70727.78,"Plan Rows": 60250,"Plan Width": 124,"Actual Startup Time": 0.753,"Actual Total Time": 902.162,"Actual Rows": 48778,"Actual Loops": 3,"Inner Unique": false,"Workers": [],"Plans": [{"Node Type": "Nested Loop","Parent Relationship": "Outer","Parallel Aware": false,"Async Capable": false,"Join Type": "Inner","Startup Cost": 1.83,"Total Cost": 12400.01,"Plan Rows": 49000,"Plan Width": 108,"Actual Startup Time": 0.371,"Actual Total Time": 224.053,"Actual Rows": 40135,"Actual Loops": 3,"Inner Unique": false,"Workers": [],"Plans": [{"Node Type": "Hash Join","Parent Relationship": "Outer","Parallel Aware": false,"Async Capable": false,"Join Type": "Inner","Startup Cost": 1.40,"Total Cost": 4403.27,"Plan Rows": 4900,"Plan Width": 108,"Actual Startup Time": 0.211,"Actual Total Time": 44.825,"Actual Rows": 3983,"Actual Loops": 3,"Inner Unique": true,"Hash Cond": "(customer.c_nationkey = n2.n_nationkey)","Workers": [],"Plans": [{"Node Type": "Seq Scan","Parent Relationship": "Outer","Parallel Aware": true,"Async Capable": false,"Relation Name": "customer","Alias": "customer","Startup Cost": 0.00,"Total Cost": 4210.00,"Plan Rows": 62500,"Plan Width": 8,"Actual Startup Time": 0.013,"Actual Total Time": 9.190,"Actual Rows": 50000,"Actual Loops": 3,"Workers": []},{"Node Type": "Hash","Parent Relationship": "Inner","Parallel Aware": false,"Async Capable": false,"Startup Cost": 1.38,"Total Cost": 1.38,"Plan Rows": 2,"Plan Width": 108,"Actual Startup Time": 0.095,"Actual Total Time": 0.100,"Actual Rows": 2,"Actual Loops": 3,"Hash Buckets": 1024,"Original Hash Buckets": 1024,"Hash Batches": 1,"Original Hash Batches": 1,"Peak Memory Usage": 9,"Workers": [],"Plans": [{"Node Type": "Seq Scan","Parent Relationship": "Outer","Parallel Aware": false,"Async Capable": false,"Relation Name": "nation","Alias": "n2","Startup Cost": 0.00,"Total Cost": 1.38,"Plan Rows": 2,"Plan Width": 108,"Actual Startup Time": 0.072,"Actual Total Time": 0.083,"Actual Rows": 2,"Actual Loops": 3,"Filter": "((n_name = 'CHINA'::bpchar) OR (n_name = 'ALGERIA'::bpchar))","Rows Removed by Filter": 23,"Workers": []}]}]},{"Node Type": "Index Scan","Parent Relationship": "Inner","Parallel Aware": false,"Async Capable": false,"Scan Direction": "Forward","Index Name": "idx_orders_custkey","Relation Name": "orders","Alias": "orders","Startup Cost": 0.43,"Total Cost": 1.46,"Plan Rows": 17,"Plan Width": 8,"Actual Startup Time": 0.007,"Actual Total Time": 0.044,"Actual Rows": 10,"Actual Loops": 11949,"Index Cond": "(o_custkey = customer.c_custkey)","Rows Removed by Index Recheck": 0,"Workers": []}]},{"Node Type": "Index Scan","Parent Relationship": "Inner","Parallel Aware": false,"Async Capable": false,"Scan Direction": "Forward","Index Name": "idx_lineitem_orderkey","Relation Name": "lineitem","Alias": "lineitem","Startup Cost": 0.43,"Total Cost": 1.14,"Plan Rows": 5,"Plan Width": 24,"Actual Startup Time": 0.016,"Actual Total Time": 0.017,"Actual Rows": 1,"Actual Loops": 120406,"Index Cond": "(l_orderkey = orders.o_orderkey)","Rows Removed by Index Recheck": 0,"Filter": "((l_shipdate >= '1995-01-01'::date) AND (l_shipdate <= '1996-12-31'::date))","Rows Removed by Filter": 3,"Workers": []}]},{"Node Type": "Hash","Parent Relationship": "Inner","Parallel Aware": false,"Async Capable": false,"Startup Cost": 354.10,"Total Cost": 354.10,"Plan Rows": 784,"Plan Width": 108,"Actual Startup Time": 9.683,"Actual Total Time": 9.699,"Actual Rows": 827,"Actual Loops": 3,"Hash Buckets": 1024,"Original Hash Buckets": 1024,"Hash Batches": 1,"Original Hash Batches": 1,"Peak Memory Usage": 59,"Workers": [],"Plans": [{"Node Type": "Hash Join","Parent Relationship": "Outer","Parallel Aware": false,"Async Capable": false,"Join Type": "Inner","Startup Cost": 1.40,"Total Cost": 354.10,"Plan Rows": 784,"Plan Width": 108,"Actual Startup Time": 0.081,"Actual Total Time": 9.513,"Actual Rows": 827,"Actual Loops": 3,"Inner Unique": true,"Hash Cond": "(supplier.s_nationkey = n1.n_nationkey)","Workers": [],"Plans": [{"Node Type": "Seq Scan","Parent Relationship": "Outer","Parallel Aware": false,"Async Capable": false,"Relation Name": "supplier","Alias": "supplier","Startup Cost": 0.00,"Total Cost": 322.00,"Plan Rows": 10000,"Plan Width": 8,"Actual Startup Time": 0.030,"Actual Total Time": 3.839,"Actual Rows": 10000,"Actual Loops": 3,"Workers": []},{"Node Type": "Hash","Parent Relationship": "Inner","Parallel Aware": false,"Async Capable": false,"Startup Cost": 1.38,"Total Cost": 1.38,"Plan Rows": 2,"Plan Width": 108,"Actual Startup Time": 0.016,"Actual Total Time": 0.021,"Actual Rows": 2,"Actual Loops": 3,"Hash Buckets": 1024,"Original Hash Buckets": 1024,"Hash Batches": 1,"Original Hash Batches": 1,"Peak Memory Usage": 9,"Workers": [],"Plans": [{"Node Type": "Seq Scan","Parent Relationship": "Outer","Parallel Aware": false,"Async Capable": false,"Relation Name": "nation","Alias": "n1","Startup Cost": 0.00,"Total Cost": 1.38,"Plan Rows": 2,"Plan Width": 108,"Actual Startup Time": 0.004,"Actual Total Time": 0.011,"Actual Rows": 2,"Actual Loops": 3,"Filter": "((n_name = 'ALGERIA'::bpchar) OR (n_name = 'CHINA'::bpchar))","Rows Removed by Filter": 23,"Workers": []}]}]}]}]}]}]}]}]},"Planning Time": 9.389,"Triggers": [],"Execution Time": 974.158}]
[{"Plan": {"Node Type": "Aggregate","Strategy": "Sorted","Partial Mode": "Finalize","Parallel Aware": false,"Async Capable": false,"Startup Cost": 72556.41,"Total Cost": 73352.71,"Plan Rows": 5893,"Plan Width": 272,"Actual Startup Time": 928.537,"Actual Total Time": 980.565,"Actual Rows": 4,"Actual Loops": 1,"Group Key": ["n1.n_name", "n2.n_name", "(EXTRACT(year FROM lineitem.l_shipdate))"],"Plans": [{"Node Type": "Gather Merge","Parent Relationship": "Outer","Parallel Aware": false,"Async Capable": false,"Startup Cost": 72556.41,"Total Cost": 73202.94,"Plan Rows": 4910,"Plan Width": 272,"Actual Startup Time": 928.067,"Actual Total Time": 980.477,"Actual Rows": 12,"Actual Loops": 1,"Workers Planned": 2,"Workers Launched": 2,"Plans": [{"Node Type": "Aggregate","Strategy": "Sorted","Partial Mode": "Partial","Parent Relationship": "Outer","Parallel Aware": false,"Async Capable": false,"Startup Cost": 71556.39,"Total Cost": 71636.18,"Plan Rows": 2455,"Plan Width": 272,"Actual Startup Time": 919.524,"Actual Total Time": 920.273,"Actual Rows": 4,"Actual Loops": 3,"Group Key": ["n1.n_name", "n2.n_name", "(EXTRACT(year FROM lineitem.l_shipdate))"],"Workers": [],"Plans": [{"Node Type": "Sort","Parent Relationship": "Outer","Parallel Aware": false,"Async Capable": false,"Startup Cost": 71556.39,"Total Cost": 71562.53,"Plan Rows": 2455,"Plan Width": 252,"Actual Startup Time": 919.254,"Actual Total Time": 919.359,"Actual Rows": 1961,"Actual Loops": 3,"Sort Key": ["n1.n_name", "n2.n_name", "(EXTRACT(year FROM lineitem.l_shipdate))"],"Sort Method": "quicksort","Sort Space Used": 266,"Sort Space Type": "Memory","Workers": [{"Worker Number": 0,"Sort Method": "quicksort","Sort Space Used": 263,"Sort Space Type": "Memory"},{"Worker Number": 1,"Sort Method": "quicksort","Sort Space Used": 260,"Sort Space Type": "Memory"}],"Plans": [{"Node Type": "Hash Join","Parent Relationship": "Outer","Parallel Aware": false,"Async Capable": false,"Join Type": "Inner","Startup Cost": 366.16,"Total Cost": 71418.15,"Plan Rows": 2455,"Plan Width": 252,"Actual Startup Time": 9.867,"Actual Total Time": 917.307,"Actual Rows": 1961,"Actual Loops": 3,"Inner Unique": false,"Hash Cond": "(lineitem.l_suppkey = supplier.s_suppkey)","Join Filter": "(((n1.n_name = 'INDIA'::bpchar) AND (n2.n_name = 'IRAN'::bpchar)) OR ((n1.n_name = 'IRAN'::bpchar) AND (n2.n_name = 'INDIA'::bpchar)))","Rows Removed by Join Filter": 1932,"Workers": [],"Plans": [{"Node Type": "Nested Loop","Parent Relationship": "Outer","Parallel Aware": false,"Async Capable": false,"Join Type": "Inner","Startup Cost": 2.26,"Total Cost": 70727.78,"Plan Rows": 60250,"Plan Width": 124,"Actual Startup Time": 0.756,"Actual Total Time": 901.459,"Actual Rows": 48225,"Actual Loops": 3,"Inner Unique": false,"Workers": [],"Plans": [{"Node Type": "Nested Loop","Parent Relationship": "Outer","Parallel Aware": false,"Async Capable": false,"Join Type": "Inner","Startup Cost": 1.83,"Total Cost": 12400.01,"Plan Rows": 49000,"Plan Width": 108,"Actual Startup Time": 0.353,"Actual Total Time": 226.255,"Actual Rows": 39834,"Actual Loops": 3,"Inner Unique": false,"Workers": [],"Plans": [{"Node Type": "Hash Join","Parent Relationship": "Outer","Parallel Aware": false,"Async Capable": false,"Join Type": "Inner","Startup Cost": 1.40,"Total Cost": 4403.27,"Plan Rows": 4900,"Plan Width": 108,"Actual Startup Time": 0.211,"Actual Total Time": 46.461,"Actual Rows": 4017,"Actual Loops": 3,"Inner Unique": true,"Hash Cond": "(customer.c_nationkey = n2.n_nationkey)","Workers": [],"Plans": [{"Node Type": "Seq Scan","Parent Relationship": "Outer","Parallel Aware": true,"Async Capable": false,"Relation Name": "customer","Alias": "customer","Startup Cost": 0.00,"Total Cost": 4210.00,"Plan Rows": 62500,"Plan Width": 8,"Actual Startup Time": 0.015,"Actual Total Time": 9.659,"Actual Rows": 50000,"Actual Loops": 3,"Workers": []},{"Node Type": "Hash","Parent Relationship": "Inner","Parallel Aware": false,"Async Capable": false,"Startup Cost": 1.38,"Total Cost": 1.38,"Plan Rows": 2,"Plan Width": 108,"Actual Startup Time": 0.091,"Actual Total Time": 0.095,"Actual Rows": 2,"Actual Loops": 3,"Hash Buckets": 1024,"Original Hash Buckets": 1024,"Hash Batches": 1,"Original Hash Batches": 1,"Peak Memory Usage": 9,"Workers": [],"Plans": [{"Node Type": "Seq Scan","Parent Relationship": "Outer","Parallel Aware": false,"Async Capable": false,"Relation Name": "nation","Alias": "n2","Startup Cost": 0.00,"Total Cost": 1.38,"Plan Rows": 2,"Plan Width": 108,"Actual Startup Time": 0.067,"Actual Total Time": 0.074,"Actual Rows": 2,"Actual Loops": 3,"Filter": "((n_name = 'IRAN'::bpchar) OR (n_name = 'INDIA'::bpchar))","Rows Removed by Filter": 23,"Workers": []}]}]},{"Node Type": "Index Scan","Parent Relationship": "Inner","Parallel Aware": false,"Async Capable": false,"Scan Direction": "Forward","Index Name": "idx_orders_custkey","Relation Name": "orders","Alias": "orders","Startup Cost": 0.43,"Total Cost": 1.46,"Plan Rows": 17,"Plan Width": 8,"Actual Startup Time": 0.007,"Actual Total Time": 0.043,"Actual Rows": 10,"Actual Loops": 12051,"Index Cond": "(o_custkey = customer.c_custkey)","Rows Removed by Index Recheck": 0,"Workers": []}]},{"Node Type": "Index Scan","Parent Relationship": "Inner","Parallel Aware": false,"Async Capable": false,"Scan Direction": "Forward","Index Name": "idx_lineitem_orderkey","Relation Name": "lineitem","Alias": "lineitem","Startup Cost": 0.43,"Total Cost": 1.14,"Plan Rows": 5,"Plan Width": 24,"Actual Startup Time": 0.016,"Actual Total Time": 0.017,"Actual Rows": 1,"Actual Loops": 119502,"Index Cond": "(l_orderkey = orders.o_orderkey)","Rows Removed by Index Recheck": 0,"Filter": "((l_shipdate >= '1995-01-01'::date) AND (l_shipdate <= '1996-12-31'::date))","Rows Removed by Filter": 3,"Workers": []}]},{"Node Type": "Hash","Parent Relationship": "Inner","Parallel Aware": false,"Async Capable": false,"Startup Cost": 354.10,"Total Cost": 354.10,"Plan Rows": 784,"Plan Width": 108,"Actual Startup Time": 8.216,"Actual Total Time": 8.230,"Actual Rows": 808,"Actual Loops": 3,"Hash Buckets": 1024,"Original Hash Buckets": 1024,"Hash Batches": 1,"Original Hash Batches": 1,"Peak Memory Usage": 57,"Workers": [],"Plans": [{"Node Type": "Hash Join","Parent Relationship": "Outer","Parallel Aware": false,"Async Capable": false,"Join Type": "Inner","Startup Cost": 1.40,"Total Cost": 354.10,"Plan Rows": 784,"Plan Width": 108,"Actual Startup Time": 0.091,"Actual Total Time": 8.035,"Actual Rows": 808,"Actual Loops": 3,"Inner Unique": true,"Hash Cond": "(supplier.s_nationkey = n1.n_nationkey)","Workers": [],"Plans": [{"Node Type": "Seq Scan","Parent Relationship": "Outer","Parallel Aware": false,"Async Capable": false,"Relation Name": "supplier","Alias": "supplier","Startup Cost": 0.00,"Total Cost": 322.00,"Plan Rows": 10000,"Plan Width": 8,"Actual Startup Time": 0.034,"Actual Total Time": 4.056,"Actual Rows": 10000,"Actual Loops": 3,"Workers": []},{"Node Type": "Hash","Parent Relationship": "Inner","Parallel Aware": false,"Async Capable": false,"Startup Cost": 1.38,"Total Cost": 1.38,"Plan Rows": 2,"Plan Width": 108,"Actual Startup Time": 0.023,"Actual Total Time": 0.028,"Actual Rows": 2,"Actual Loops": 3,"Hash Buckets": 1024,"Original Hash Buckets": 1024,"Hash Batches": 1,"Original Hash Batches": 1,"Peak Memory Usage": 9,"Workers": [],"Plans": [{"Node Type": "Seq Scan","Parent Relationship": "Outer","Parallel Aware": false,"Async Capable": false,"Relation Name": "nation","Alias": "n1","Startup Cost": 0.00,"Total Cost": 1.38,"Plan Rows": 2,"Plan Width": 108,"Actual Startup Time": 0.008,"Actual Total Time": 0.014,"Actual Rows": 2,"Actual Loops": 3,"Filter": "((n_name = 'INDIA'::bpchar) OR (n_name = 'IRAN'::bpchar))","Rows Removed by Filter": 23,"Workers": []}]}]}]}]}]}]}]}]},"Planning Time": 8.881,"Triggers": [],"Execution Time": 981.021}]
[{"Plan": {"Node Type": "Aggregate","Strategy": "Sorted","Partial Mode": "Finalize","Parallel Aware": false,"Async Capable": false,"Startup Cost": 72556.41,"Total Cost": 73352.71,"Plan Rows": 5893,"Plan Width": 272,"Actual Startup Time": 931.054,"Actual Total Time": 985.847,"Actual Rows": 4,"Actual Loops": 1,"Group Key": ["n1.n_name", "n2.n_name", "(EXTRACT(year FROM lineitem.l_shipdate))"],"Plans": [{"Node Type": "Gather Merge","Parent Relationship": "Outer","Parallel Aware": false,"Async Capable": false,"Startup Cost": 72556.41,"Total Cost": 73202.94,"Plan Rows": 4910,"Plan Width": 272,"Actual Startup Time": 930.753,"Actual Total Time": 985.786,"Actual Rows": 12,"Actual Loops": 1,"Workers Planned": 2,"Workers Launched": 2,"Plans": [{"Node Type": "Aggregate","Strategy": "Sorted","Partial Mode": "Partial","Parent Relationship": "Outer","Parallel Aware": false,"Async Capable": false,"Startup Cost": 71556.39,"Total Cost": 71636.18,"Plan Rows": 2455,"Plan Width": 272,"Actual Startup Time": 922.322,"Actual Total Time": 923.066,"Actual Rows": 4,"Actual Loops": 3,"Group Key": ["n1.n_name", "n2.n_name", "(EXTRACT(year FROM lineitem.l_shipdate))"],"Workers": [],"Plans": [{"Node Type": "Sort","Parent Relationship": "Outer","Parallel Aware": false,"Async Capable": false,"Startup Cost": 71556.39,"Total Cost": 71562.53,"Plan Rows": 2455,"Plan Width": 252,"Actual Startup Time": 922.048,"Actual Total Time": 922.161,"Actual Rows": 2020,"Actual Loops": 3,"Sort Key": ["n1.n_name", "n2.n_name", "(EXTRACT(year FROM lineitem.l_shipdate))"],"Sort Method": "quicksort","Sort Space Used": 271,"Sort Space Type": "Memory","Workers": [{"Worker Number": 0,"Sort Method": "quicksort","Sort Space Used": 268,"Sort Space Type": "Memory"},{"Worker Number": 1,"Sort Method": "quicksort","Sort Space Used": 270,"Sort Space Type": "Memory"}],"Plans": [{"Node Type": "Hash Join","Parent Relationship": "Outer","Parallel Aware": false,"Async Capable": false,"Join Type": "Inner","Startup Cost": 366.16,"Total Cost": 71418.15,"Plan Rows": 2455,"Plan Width": 252,"Actual Startup Time": 9.632,"Actual Total Time": 920.224,"Actual Rows": 2020,"Actual Loops": 3,"Inner Unique": false,"Hash Cond": "(lineitem.l_suppkey = supplier.s_suppkey)","Join Filter": "(((n1.n_name = 'CANADA'::bpchar) AND (n2.n_name = 'EGYPT'::bpchar)) OR ((n1.n_name = 'EGYPT'::bpchar) AND (n2.n_name = 'CANADA'::bpchar)))","Rows Removed by Join Filter": 2005,"Workers": [],"Plans": [{"Node Type": "Nested Loop","Parent Relationship": "Outer","Parallel Aware": false,"Async Capable": false,"Join Type": "Inner","Startup Cost": 2.26,"Total Cost": 70727.78,"Plan Rows": 60250,"Plan Width": 124,"Actual Startup Time": 0.616,"Actual Total Time": 904.734,"Actual Rows": 48689,"Actual Loops": 3,"Inner Unique": false,"Workers": [],"Plans": [{"Node Type": "Nested Loop","Parent Relationship": "Outer","Parallel Aware": false,"Async Capable": false,"Join Type": "Inner","Startup Cost": 1.83,"Total Cost": 12400.01,"Plan Rows": 49000,"Plan Width": 108,"Actual Startup Time": 0.258,"Actual Total Time": 228.013,"Actual Rows": 39864,"Actual Loops": 3,"Inner Unique": false,"Workers": [],"Plans": [{"Node Type": "Hash Join","Parent Relationship": "Outer","Parallel Aware": false,"Async Capable": false,"Join Type": "Inner","Startup Cost": 1.40,"Total Cost": 4403.27,"Plan Rows": 4900,"Plan Width": 108,"Actual Startup Time": 0.140,"Actual Total Time": 48.371,"Actual Rows": 4005,"Actual Loops": 3,"Inner Unique": true,"Hash Cond": "(customer.c_nationkey = n2.n_nationkey)","Workers": [],"Plans": [{"Node Type": "Seq Scan","Parent Relationship": "Outer","Parallel Aware": true,"Async Capable": false,"Relation Name": "customer","Alias": "customer","Startup Cost": 0.00,"Total Cost": 4210.00,"Plan Rows": 62500,"Plan Width": 8,"Actual Startup Time": 0.012,"Actual Total Time": 9.531,"Actual Rows": 50000,"Actual Loops": 3,"Workers": []},{"Node Type": "Hash","Parent Relationship": "Inner","Parallel Aware": false,"Async Capable": false,"Startup Cost": 1.38,"Total Cost": 1.38,"Plan Rows": 2,"Plan Width": 108,"Actual Startup Time": 0.055,"Actual Total Time": 0.064,"Actual Rows": 2,"Actual Loops": 3,"Hash Buckets": 1024,"Original Hash Buckets": 1024,"Hash Batches": 1,"Original Hash Batches": 1,"Peak Memory Usage": 9,"Workers": [],"Plans": [{"Node Type": "Seq Scan","Parent Relationship": "Outer","Parallel Aware": false,"Async Capable": false,"Relation Name": "nation","Alias": "n2","Startup Cost": 0.00,"Total Cost": 1.38,"Plan Rows": 2,"Plan Width": 108,"Actual Startup Time": 0.042,"Actual Total Time": 0.048,"Actual Rows": 2,"Actual Loops": 3,"Filter": "((n_name = 'EGYPT'::bpchar) OR (n_name = 'CANADA'::bpchar))","Rows Removed by Filter": 23,"Workers": []}]}]},{"Node Type": "Index Scan","Parent Relationship": "Inner","Parallel Aware": false,"Async Capable": false,"Scan Direction": "Forward","Index Name": "idx_orders_custkey","Relation Name": "orders","Alias": "orders","Startup Cost": 0.43,"Total Cost": 1.46,"Plan Rows": 17,"Plan Width": 8,"Actual Startup Time": 0.007,"Actual Total Time": 0.044,"Actual Rows": 10,"Actual Loops": 12015,"Index Cond": "(o_custkey = customer.c_custkey)","Rows Removed by Index Recheck": 0,"Workers": []}]},{"Node Type": "Index Scan","Parent Relationship": "Inner","Parallel Aware": false,"Async Capable": false,"Scan Direction": "Forward","Index Name": "idx_lineitem_orderkey","Relation Name": "lineitem","Alias": "lineitem","Startup Cost": 0.43,"Total Cost": 1.14,"Plan Rows": 5,"Plan Width": 24,"Actual Startup Time": 0.016,"Actual Total Time": 0.017,"Actual Rows": 1,"Actual Loops": 119591,"Index Cond": "(l_orderkey = orders.o_orderkey)","Rows Removed by Index Recheck": 0,"Filter": "((l_shipdate >= '1995-01-01'::date) AND (l_shipdate <= '1996-12-31'::date))","Rows Removed by Filter": 3,"Workers": []}]},{"Node Type": "Hash","Parent Relationship": "Inner","Parallel Aware": false,"Async Capable": false,"Startup Cost": 354.10,"Total Cost": 354.10,"Plan Rows": 784,"Plan Width": 108,"Actual Startup Time": 8.253,"Actual Total Time": 8.266,"Actual Rows": 827,"Actual Loops": 3,"Hash Buckets": 1024,"Original Hash Buckets": 1024,"Hash Batches": 1,"Original Hash Batches": 1,"Peak Memory Usage": 59,"Workers": [],"Plans": [{"Node Type": "Hash Join","Parent Relationship": "Outer","Parallel Aware": false,"Async Capable": false,"Join Type": "Inner","Startup Cost": 1.40,"Total Cost": 354.10,"Plan Rows": 784,"Plan Width": 108,"Actual Startup Time": 0.065,"Actual Total Time": 8.066,"Actual Rows": 827,"Actual Loops": 3,"Inner Unique": true,"Hash Cond": "(supplier.s_nationkey = n1.n_nationkey)","Workers": [],"Plans": [{"Node Type": "Seq Scan","Parent Relationship": "Outer","Parallel Aware": false,"Async Capable": false,"Relation Name": "supplier","Alias": "supplier","Startup Cost": 0.00,"Total Cost": 322.00,"Plan Rows": 10000,"Plan Width": 8,"Actual Startup Time": 0.022,"Actual Total Time": 4.101,"Actual Rows": 10000,"Actual Loops": 3,"Workers": []},{"Node Type": "Hash","Parent Relationship": "Inner","Parallel Aware": false,"Async Capable": false,"Startup Cost": 1.38,"Total Cost": 1.38,"Plan Rows": 2,"Plan Width": 108,"Actual Startup Time": 0.014,"Actual Total Time": 0.019,"Actual Rows": 2,"Actual Loops": 3,"Hash Buckets": 1024,"Original Hash Buckets": 1024,"Hash Batches": 1,"Original Hash Batches": 1,"Peak Memory Usage": 9,"Workers": [],"Plans": [{"Node Type": "Seq Scan","Parent Relationship": "Outer","Parallel Aware": false,"Async Capable": false,"Relation Name": "nation","Alias": "n1","Startup Cost": 0.00,"Total Cost": 1.38,"Plan Rows": 2,"Plan Width": 108,"Actual Startup Time": 0.004,"Actual Total Time": 0.009,"Actual Rows": 2,"Actual Loops": 3,"Filter": "((n_name = 'CANADA'::bpchar) OR (n_name = 'EGYPT'::bpchar))","Rows Removed by Filter": 23,"Workers": []}]}]}]}]}]}]}]}]},"Planning Time": 9.259,"Triggers": [],"Execution Time": 986.295}]
[{"Plan": {"Node Type": "Aggregate","Strategy": "Sorted","Partial Mode": "Finalize","Parallel Aware": false,"Async Capable": false,"Startup Cost": 72556.41,"Total Cost": 73352.71,"Plan Rows": 5893,"Plan Width": 272,"Actual Startup Time": 927.811,"Actual Total Time": 982.655,"Actual Rows": 4,"Actual Loops": 1,"Group Key": ["n1.n_name", "n2.n_name", "(EXTRACT(year FROM lineitem.l_shipdate))"],"Plans": [{"Node Type": "Gather Merge","Parent Relationship": "Outer","Parallel Aware": false,"Async Capable": false,"Startup Cost": 72556.41,"Total Cost": 73202.94,"Plan Rows": 4910,"Plan Width": 272,"Actual Startup Time": 927.514,"Actual Total Time": 982.597,"Actual Rows": 12,"Actual Loops": 1,"Workers Planned": 2,"Workers Launched": 2,"Plans": [{"Node Type": "Aggregate","Strategy": "Sorted","Partial Mode": "Partial","Parent Relationship": "Outer","Parallel Aware": false,"Async Capable": false,"Startup Cost": 71556.39,"Total Cost": 71636.18,"Plan Rows": 2455,"Plan Width": 272,"Actual Startup Time": 919.299,"Actual Total Time": 919.979,"Actual Rows": 4,"Actual Loops": 3,"Group Key": ["n1.n_name", "n2.n_name", "(EXTRACT(year FROM lineitem.l_shipdate))"],"Workers": [],"Plans": [{"Node Type": "Sort","Parent Relationship": "Outer","Parallel Aware": false,"Async Capable": false,"Startup Cost": 71556.39,"Total Cost": 71562.53,"Plan Rows": 2455,"Plan Width": 252,"Actual Startup Time": 919.047,"Actual Total Time": 919.153,"Actual Rows": 1939,"Actual Loops": 3,"Sort Key": ["n1.n_name", "n2.n_name", "(EXTRACT(year FROM lineitem.l_shipdate))"],"Sort Method": "quicksort","Sort Space Used": 258,"Sort Space Type": "Memory","Workers": [{"Worker Number": 0,"Sort Method": "quicksort","Sort Space Used": 258,"Sort Space Type": "Memory"},{"Worker Number": 1,"Sort Method": "quicksort","Sort Space Used": 265,"Sort Space Type": "Memory"}],"Plans": [{"Node Type": "Hash Join","Parent Relationship": "Outer","Parallel Aware": false,"Async Capable": false,"Join Type": "Inner","Startup Cost": 366.16,"Total Cost": 71418.15,"Plan Rows": 2455,"Plan Width": 252,"Actual Startup Time": 10.705,"Actual Total Time": 917.312,"Actual Rows": 1939,"Actual Loops": 3,"Inner Unique": false,"Hash Cond": "(lineitem.l_suppkey = supplier.s_suppkey)","Join Filter": "(((n1.n_name = 'ETHIOPIA'::bpchar) AND (n2.n_name = 'GERMANY'::bpchar)) OR ((n1.n_name = 'GERMANY'::bpchar) AND (n2.n_name = 'ETHIOPIA'::bpchar)))","Rows Removed by Join Filter": 1877,"Workers": [],"Plans": [{"Node Type": "Nested Loop","Parent Relationship": "Outer","Parallel Aware": false,"Async Capable": false,"Join Type": "Inner","Startup Cost": 2.26,"Total Cost": 70727.78,"Plan Rows": 60250,"Plan Width": 124,"Actual Startup Time": 0.484,"Actual Total Time": 901.132,"Actual Rows": 48637,"Actual Loops": 3,"Inner Unique": false,"Workers": [],"Plans": [{"Node Type": "Nested Loop","Parent Relationship": "Outer","Parallel Aware": false,"Async Capable": false,"Join Type": "Inner","Startup Cost": 1.83,"Total Cost": 12400.01,"Plan Rows": 49000,"Plan Width": 108,"Actual Startup Time": 0.303,"Actual Total Time": 227.279,"Actual Rows": 39810,"Actual Loops": 3,"Inner Unique": false,"Workers": [],"Plans": [{"Node Type": "Hash Join","Parent Relationship": "Outer","Parallel Aware": false,"Async Capable": false,"Join Type": "Inner","Startup Cost": 1.40,"Total Cost": 4403.27,"Plan Rows": 4900,"Plan Width": 108,"Actual Startup Time": 0.195,"Actual Total Time": 47.591,"Actual Rows": 3953,"Actual Loops": 3,"Inner Unique": true,"Hash Cond": "(customer.c_nationkey = n2.n_nationkey)","Workers": [],"Plans": [{"Node Type": "Seq Scan","Parent Relationship": "Outer","Parallel Aware": true,"Async Capable": false,"Relation Name": "customer","Alias": "customer","Startup Cost": 0.00,"Total Cost": 4210.00,"Plan Rows": 62500,"Plan Width": 8,"Actual Startup Time": 0.013,"Actual Total Time": 9.612,"Actual Rows": 50000,"Actual Loops": 3,"Workers": []},{"Node Type": "Hash","Parent Relationship": "Inner","Parallel Aware": false,"Async Capable": false,"Startup Cost": 1.38,"Total Cost": 1.38,"Plan Rows": 2,"Plan Width": 108,"Actual Startup Time": 0.071,"Actual Total Time": 0.076,"Actual Rows": 2,"Actual Loops": 3,"Hash Buckets": 1024,"Original Hash Buckets": 1024,"Hash Batches": 1,"Original Hash Batches": 1,"Peak Memory Usage": 9,"Workers": [],"Plans": [{"Node Type": "Seq Scan","Parent Relationship": "Outer","Parallel Aware": false,"Async Capable": false,"Relation Name": "nation","Alias": "n2","Startup Cost": 0.00,"Total Cost": 1.38,"Plan Rows": 2,"Plan Width": 108,"Actual Startup Time": 0.045,"Actual Total Time": 0.052,"Actual Rows": 2,"Actual Loops": 3,"Filter": "((n_name = 'GERMANY'::bpchar) OR (n_name = 'ETHIOPIA'::bpchar))","Rows Removed by Filter": 23,"Workers": []}]}]},{"Node Type": "Index Scan","Parent Relationship": "Inner","Parallel Aware": false,"Async Capable": false,"Scan Direction": "Forward","Index Name": "idx_orders_custkey","Relation Name": "orders","Alias": "orders","Startup Cost": 0.43,"Total Cost": 1.46,"Plan Rows": 17,"Plan Width": 8,"Actual Startup Time": 0.007,"Actual Total Time": 0.044,"Actual Rows": 10,"Actual Loops": 11860,"Index Cond": "(o_custkey = customer.c_custkey)","Rows Removed by Index Recheck": 0,"Workers": []}]},{"Node Type": "Index Scan","Parent Relationship": "Inner","Parallel Aware": false,"Async Capable": false,"Scan Direction": "Forward","Index Name": "idx_lineitem_orderkey","Relation Name": "lineitem","Alias": "lineitem","Startup Cost": 0.43,"Total Cost": 1.14,"Plan Rows": 5,"Plan Width": 24,"Actual Startup Time": 0.016,"Actual Total Time": 0.017,"Actual Rows": 1,"Actual Loops": 119430,"Index Cond": "(l_orderkey = orders.o_orderkey)","Rows Removed by Index Recheck": 0,"Filter": "((l_shipdate >= '1995-01-01'::date) AND (l_shipdate <= '1996-12-31'::date))","Rows Removed by Filter": 3,"Workers": []}]},{"Node Type": "Hash","Parent Relationship": "Inner","Parallel Aware": false,"Async Capable": false,"Startup Cost": 354.10,"Total Cost": 354.10,"Plan Rows": 784,"Plan Width": 108,"Actual Startup Time": 8.980,"Actual Total Time": 8.991,"Actual Rows": 776,"Actual Loops": 3,"Hash Buckets": 1024,"Original Hash Buckets": 1024,"Hash Batches": 1,"Original Hash Batches": 1,"Peak Memory Usage": 55,"Workers": [],"Plans": [{"Node Type": "Hash Join","Parent Relationship": "Outer","Parallel Aware": false,"Async Capable": false,"Join Type": "Inner","Startup Cost": 1.40,"Total Cost": 354.10,"Plan Rows": 784,"Plan Width": 108,"Actual Startup Time": 0.087,"Actual Total Time": 8.786,"Actual Rows": 776,"Actual Loops": 3,"Inner Unique": true,"Hash Cond": "(supplier.s_nationkey = n1.n_nationkey)","Workers": [],"Plans": [{"Node Type": "Seq Scan","Parent Relationship": "Outer","Parallel Aware": false,"Async Capable": false,"Relation Name": "supplier","Alias": "supplier","Startup Cost": 0.00,"Total Cost": 322.00,"Plan Rows": 10000,"Plan Width": 8,"Actual Startup Time": 0.033,"Actual Total Time": 4.589,"Actual Rows": 10000,"Actual Loops": 3,"Workers": []},{"Node Type": "Hash","Parent Relationship": "Inner","Parallel Aware": false,"Async Capable": false,"Startup Cost": 1.38,"Total Cost": 1.38,"Plan Rows": 2,"Plan Width": 108,"Actual Startup Time": 0.023,"Actual Total Time": 0.027,"Actual Rows": 2,"Actual Loops": 3,"Hash Buckets": 1024,"Original Hash Buckets": 1024,"Hash Batches": 1,"Original Hash Batches": 1,"Peak Memory Usage": 9,"Workers": [],"Plans": [{"Node Type": "Seq Scan","Parent Relationship": "Outer","Parallel Aware": false,"Async Capable": false,"Relation Name": "nation","Alias": "n1","Startup Cost": 0.00,"Total Cost": 1.38,"Plan Rows": 2,"Plan Width": 108,"Actual Startup Time": 0.006,"Actual Total Time": 0.013,"Actual Rows": 2,"Actual Loops": 3,"Filter": "((n_name = 'ETHIOPIA'::bpchar) OR (n_name = 'GERMANY'::bpchar))","Rows Removed by Filter": 23,"Workers": []}]}]}]}]}]}]}]}]},"Planning Time": 8.762,"Triggers": [],"Execution Time": 983.116}]
[{"Plan": {"Node Type": "Aggregate","Strategy": "Sorted","Partial Mode": "Finalize","Parallel Aware": false,"Async Capable": false,"Startup Cost": 72556.41,"Total Cost": 73352.71,"Plan Rows": 5893,"Plan Width": 272,"Actual Startup Time": 939.422,"Actual Total Time": 983.641,"Actual Rows": 4,"Actual Loops": 1,"Group Key": ["n1.n_name", "n2.n_name", "(EXTRACT(year FROM lineitem.l_shipdate))"],"Plans": [{"Node Type": "Gather Merge","Parent Relationship": "Outer","Parallel Aware": false,"Async Capable": false,"Startup Cost": 72556.41,"Total Cost": 73202.94,"Plan Rows": 4910,"Plan Width": 272,"Actual Startup Time": 938.846,"Actual Total Time": 983.502,"Actual Rows": 12,"Actual Loops": 1,"Workers Planned": 2,"Workers Launched": 2,"Plans": [{"Node Type": "Aggregate","Strategy": "Sorted","Partial Mode": "Partial","Parent Relationship": "Outer","Parallel Aware": false,"Async Capable": false,"Startup Cost": 71556.39,"Total Cost": 71636.18,"Plan Rows": 2455,"Plan Width": 272,"Actual Startup Time": 930.408,"Actual Total Time": 931.158,"Actual Rows": 4,"Actual Loops": 3,"Group Key": ["n1.n_name", "n2.n_name", "(EXTRACT(year FROM lineitem.l_shipdate))"],"Workers": [],"Plans": [{"Node Type": "Sort","Parent Relationship": "Outer","Parallel Aware": false,"Async Capable": false,"Startup Cost": 71556.39,"Total Cost": 71562.53,"Plan Rows": 2455,"Plan Width": 252,"Actual Startup Time": 930.140,"Actual Total Time": 930.253,"Actual Rows": 2005,"Actual Loops": 3,"Sort Key": ["n1.n_name", "n2.n_name", "(EXTRACT(year FROM lineitem.l_shipdate))"],"Sort Method": "quicksort","Sort Space Used": 332,"Sort Space Type": "Memory","Workers": [{"Worker Number": 0,"Sort Method": "quicksort","Sort Space Used": 258,"Sort Space Type": "Memory"},{"Worker Number": 1,"Sort Method": "quicksort","Sort Space Used": 261,"Sort Space Type": "Memory"}],"Plans": [{"Node Type": "Hash Join","Parent Relationship": "Outer","Parallel Aware": false,"Async Capable": false,"Join Type": "Inner","Startup Cost": 366.16,"Total Cost": 71418.15,"Plan Rows": 2455,"Plan Width": 252,"Actual Startup Time": 13.208,"Actual Total Time": 928.242,"Actual Rows": 2005,"Actual Loops": 3,"Inner Unique": false,"Hash Cond": "(lineitem.l_suppkey = supplier.s_suppkey)","Join Filter": "(((n1.n_name = 'INDONESIA'::bpchar) AND (n2.n_name = 'CHINA'::bpchar)) OR ((n1.n_name = 'CHINA'::bpchar) AND (n2.n_name = 'INDONESIA'::bpchar)))","Rows Removed by Join Filter": 2016,"Workers": [],"Plans": [{"Node Type": "Nested Loop","Parent Relationship": "Outer","Parallel Aware": false,"Async Capable": false,"Join Type": "Inner","Startup Cost": 2.26,"Total Cost": 70727.78,"Plan Rows": 60250,"Plan Width": 124,"Actual Startup Time": 0.628,"Actual Total Time": 909.752,"Actual Rows": 49658,"Actual Loops": 3,"Inner Unique": false,"Workers": [],"Plans": [{"Node Type": "Nested Loop","Parent Relationship": "Outer","Parallel Aware": false,"Async Capable": false,"Join Type": "Inner","Startup Cost": 1.83,"Total Cost": 12400.01,"Plan Rows": 49000,"Plan Width": 108,"Actual Startup Time": 0.297,"Actual Total Time": 225.124,"Actual Rows": 40720,"Actual Loops": 3,"Inner Unique": false,"Workers": [],"Plans": [{"Node Type": "Hash Join","Parent Relationship": "Outer","Parallel Aware": false,"Async Capable": false,"Join Type": "Inner","Startup Cost": 1.40,"Total Cost": 4403.27,"Plan Rows": 4900,"Plan Width": 108,"Actual Startup Time": 0.183,"Actual Total Time": 44.579,"Actual Rows": 4062,"Actual Loops": 3,"Inner Unique": true,"Hash Cond": "(customer.c_nationkey = n2.n_nationkey)","Workers": [],"Plans": [{"Node Type": "Seq Scan","Parent Relationship": "Outer","Parallel Aware": true,"Async Capable": false,"Relation Name": "customer","Alias": "customer","Startup Cost": 0.00,"Total Cost": 4210.00,"Plan Rows": 62500,"Plan Width": 8,"Actual Startup Time": 0.015,"Actual Total Time": 9.024,"Actual Rows": 50000,"Actual Loops": 3,"Workers": []},{"Node Type": "Hash","Parent Relationship": "Inner","Parallel Aware": false,"Async Capable": false,"Startup Cost": 1.38,"Total Cost": 1.38,"Plan Rows": 2,"Plan Width": 108,"Actual Startup Time": 0.077,"Actual Total Time": 0.083,"Actual Rows": 2,"Actual Loops": 3,"Hash Buckets": 1024,"Original Hash Buckets": 1024,"Hash Batches": 1,"Original Hash Batches": 1,"Peak Memory Usage": 9,"Workers": [],"Plans": [{"Node Type": "Seq Scan","Parent Relationship": "Outer","Parallel Aware": false,"Async Capable": false,"Relation Name": "nation","Alias": "n2","Startup Cost": 0.00,"Total Cost": 1.38,"Plan Rows": 2,"Plan Width": 108,"Actual Startup Time": 0.060,"Actual Total Time": 0.066,"Actual Rows": 2,"Actual Loops": 3,"Filter": "((n_name = 'CHINA'::bpchar) OR (n_name = 'INDONESIA'::bpchar))","Rows Removed by Filter": 23,"Workers": []}]}]},{"Node Type": "Index Scan","Parent Relationship": "Inner","Parallel Aware": false,"Async Capable": false,"Scan Direction": "Forward","Index Name": "idx_orders_custkey","Relation Name": "orders","Alias": "orders","Startup Cost": 0.43,"Total Cost": 1.46,"Plan Rows": 17,"Plan Width": 8,"Actual Startup Time": 0.007,"Actual Total Time": 0.043,"Actual Rows": 10,"Actual Loops": 12185,"Index Cond": "(o_custkey = customer.c_custkey)","Rows Removed by Index Recheck": 0,"Workers": []}]},{"Node Type": "Index Scan","Parent Relationship": "Inner","Parallel Aware": false,"Async Capable": false,"Scan Direction": "Forward","Index Name": "idx_lineitem_orderkey","Relation Name": "lineitem","Alias": "lineitem","Startup Cost": 0.43,"Total Cost": 1.14,"Plan Rows": 5,"Plan Width": 24,"Actual Startup Time": 0.016,"Actual Total Time": 0.017,"Actual Rows": 1,"Actual Loops": 122161,"Index Cond": "(l_orderkey = orders.o_orderkey)","Rows Removed by Index Recheck": 0,"Filter": "((l_shipdate >= '1995-01-01'::date) AND (l_shipdate <= '1996-12-31'::date))","Rows Removed by Filter": 3,"Workers": []}]},{"Node Type": "Hash","Parent Relationship": "Inner","Parallel Aware": false,"Async Capable": false,"Startup Cost": 354.10,"Total Cost": 354.10,"Plan Rows": 784,"Plan Width": 108,"Actual Startup Time": 11.202,"Actual Total Time": 11.216,"Actual Rows": 812,"Actual Loops": 3,"Hash Buckets": 1024,"Original Hash Buckets": 1024,"Hash Batches": 1,"Original Hash Batches": 1,"Peak Memory Usage": 58,"Workers": [],"Plans": [{"Node Type": "Hash Join","Parent Relationship": "Outer","Parallel Aware": false,"Async Capable": false,"Join Type": "Inner","Startup Cost": 1.40,"Total Cost": 354.10,"Plan Rows": 784,"Plan Width": 108,"Actual Startup Time": 0.104,"Actual Total Time": 11.006,"Actual Rows": 812,"Actual Loops": 3,"Inner Unique": true,"Hash Cond": "(supplier.s_nationkey = n1.n_nationkey)","Workers": [],"Plans": [{"Node Type": "Seq Scan","Parent Relationship": "Outer","Parallel Aware": false,"Async Capable": false,"Relation Name": "supplier","Alias": "supplier","Startup Cost": 0.00,"Total Cost": 322.00,"Plan Rows": 10000,"Plan Width": 8,"Actual Startup Time": 0.032,"Actual Total Time": 4.502,"Actual Rows": 10000,"Actual Loops": 3,"Workers": []},{"Node Type": "Hash","Parent Relationship": "Inner","Parallel Aware": false,"Async Capable": false,"Startup Cost": 1.38,"Total Cost": 1.38,"Plan Rows": 2,"Plan Width": 108,"Actual Startup Time": 0.019,"Actual Total Time": 0.023,"Actual Rows": 2,"Actual Loops": 3,"Hash Buckets": 1024,"Original Hash Buckets": 1024,"Hash Batches": 1,"Original Hash Batches": 1,"Peak Memory Usage": 9,"Workers": [],"Plans": [{"Node Type": "Seq Scan","Parent Relationship": "Outer","Parallel Aware": false,"Async Capable": false,"Relation Name": "nation","Alias": "n1","Startup Cost": 0.00,"Total Cost": 1.38,"Plan Rows": 2,"Plan Width": 108,"Actual Startup Time": 0.008,"Actual Total Time": 0.013,"Actual Rows": 2,"Actual Loops": 3,"Filter": "((n_name = 'INDONESIA'::bpchar) OR (n_name = 'CHINA'::bpchar))","Rows Removed by Filter": 23,"Workers": []}]}]}]}]}]}]}]}]},"Planning Time": 9.420,"Triggers": [],"Execution Time": 984.077}]
[{"Plan": {"Node Type": "Aggregate","Strategy": "Sorted","Partial Mode": "Finalize","Parallel Aware": false,"Async Capable": false,"Startup Cost": 72556.41,"Total Cost": 73352.71,"Plan Rows": 5893,"Plan Width": 272,"Actual Startup Time": 911.304,"Actual Total Time": 956.372,"Actual Rows": 4,"Actual Loops": 1,"Group Key": ["n1.n_name", "n2.n_name", "(EXTRACT(year FROM lineitem.l_shipdate))"],"Plans": [{"Node Type": "Gather Merge","Parent Relationship": "Outer","Parallel Aware": false,"Async Capable": false,"Startup Cost": 72556.41,"Total Cost": 73202.94,"Plan Rows": 4910,"Plan Width": 272,"Actual Startup Time": 911.026,"Actual Total Time": 956.312,"Actual Rows": 12,"Actual Loops": 1,"Workers Planned": 2,"Workers Launched": 2,"Plans": [{"Node Type": "Aggregate","Strategy": "Sorted","Partial Mode": "Partial","Parent Relationship": "Outer","Parallel Aware": false,"Async Capable": false,"Startup Cost": 71556.39,"Total Cost": 71636.18,"Plan Rows": 2455,"Plan Width": 272,"Actual Startup Time": 903.420,"Actual Total Time": 904.150,"Actual Rows": 4,"Actual Loops": 3,"Group Key": ["n1.n_name", "n2.n_name", "(EXTRACT(year FROM lineitem.l_shipdate))"],"Workers": [],"Plans": [{"Node Type": "Sort","Parent Relationship": "Outer","Parallel Aware": false,"Async Capable": false,"Startup Cost": 71556.39,"Total Cost": 71562.53,"Plan Rows": 2455,"Plan Width": 252,"Actual Startup Time": 903.132,"Actual Total Time": 903.246,"Actual Rows": 2005,"Actual Loops": 3,"Sort Key": ["n1.n_name", "n2.n_name", "(EXTRACT(year FROM lineitem.l_shipdate))"],"Sort Method": "quicksort","Sort Space Used": 262,"Sort Space Type": "Memory","Workers": [{"Worker Number": 0,"Sort Method": "quicksort","Sort Space Used": 266,"Sort Space Type": "Memory"},{"Worker Number": 1,"Sort Method": "quicksort","Sort Space Used": 323,"Sort Space Type": "Memory"}],"Plans": [{"Node Type": "Hash Join","Parent Relationship": "Outer","Parallel Aware": false,"Async Capable": false,"Join Type": "Inner","Startup Cost": 366.16,"Total Cost": 71418.15,"Plan Rows": 2455,"Plan Width": 252,"Actual Startup Time": 10.013,"Actual Total Time": 901.236,"Actual Rows": 2005,"Actual Loops": 3,"Inner Unique": false,"Hash Cond": "(lineitem.l_suppkey = supplier.s_suppkey)","Join Filter": "(((n1.n_name = 'ALGERIA'::bpchar) AND (n2.n_name = 'IRAN'::bpchar)) OR ((n1.n_name = 'IRAN'::bpchar) AND (n2.n_name = 'ALGERIA'::bpchar)))","Rows Removed by Join Filter": 1950,"Workers": [],"Plans": [{"Node Type": "Nested Loop","Parent Relationship": "Outer","Parallel Aware": false,"Async Capable": false,"Join Type": "Inner","Startup Cost": 2.26,"Total Cost": 70727.78,"Plan Rows": 60250,"Plan Width": 124,"Actual Startup Time": 0.608,"Actual Total Time": 886.659,"Actual Rows": 48301,"Actual Loops": 3,"Inner Unique": false,"Workers": [],"Plans": [{"Node Type": "Nested Loop","Parent Relationship": "Outer","Parallel Aware": false,"Async Capable": false,"Join Type": "Inner","Startup Cost": 1.83,"Total Cost": 12400.01,"Plan Rows": 49000,"Plan Width": 108,"Actual Startup Time": 0.281,"Actual Total Time": 218.966,"Actual Rows": 39766,"Actual Loops": 3,"Inner Unique": false,"Workers": [],"Plans": [{"Node Type": "Hash Join","Parent Relationship": "Outer","Parallel Aware": false,"Async Capable": false,"Join Type": "Inner","Startup Cost": 1.40,"Total Cost": 4403.27,"Plan Rows": 4900,"Plan Width": 108,"Actual Startup Time": 0.174,"Actual Total Time": 42.635,"Actual Rows": 3978,"Actual Loops": 3,"Inner Unique": true,"Hash Cond": "(customer.c_nationkey = n2.n_nationkey)","Workers": [],"Plans": [{"Node Type": "Seq Scan","Parent Relationship": "Outer","Parallel Aware": true,"Async Capable": false,"Relation Name": "customer","Alias": "customer","Startup Cost": 0.00,"Total Cost": 4210.00,"Plan Rows": 62500,"Plan Width": 8,"Actual Startup Time": 0.013,"Actual Total Time": 8.890,"Actual Rows": 50000,"Actual Loops": 3,"Workers": []},{"Node Type": "Hash","Parent Relationship": "Inner","Parallel Aware": false,"Async Capable": false,"Startup Cost": 1.38,"Total Cost": 1.38,"Plan Rows": 2,"Plan Width": 108,"Actual Startup Time": 0.075,"Actual Total Time": 0.081,"Actual Rows": 2,"Actual Loops": 3,"Hash Buckets": 1024,"Original Hash Buckets": 1024,"Hash Batches": 1,"Original Hash Batches": 1,"Peak Memory Usage": 9,"Workers": [],"Plans": [{"Node Type": "Seq Scan","Parent Relationship": "Outer","Parallel Aware": false,"Async Capable": false,"Relation Name": "nation","Alias": "n2","Startup Cost": 0.00,"Total Cost": 1.38,"Plan Rows": 2,"Plan Width": 108,"Actual Startup Time": 0.053,"Actual Total Time": 0.063,"Actual Rows": 2,"Actual Loops": 3,"Filter": "((n_name = 'IRAN'::bpchar) OR (n_name = 'ALGERIA'::bpchar))","Rows Removed by Filter": 23,"Workers": []}]}]},{"Node Type": "Index Scan","Parent Relationship": "Inner","Parallel Aware": false,"Async Capable": false,"Scan Direction": "Forward","Index Name": "idx_orders_custkey","Relation Name": "orders","Alias": "orders","Startup Cost": 0.43,"Total Cost": 1.46,"Plan Rows": 17,"Plan Width": 8,"Actual Startup Time": 0.007,"Actual Total Time": 0.043,"Actual Rows": 10,"Actual Loops": 11934,"Index Cond": "(o_custkey = customer.c_custkey)","Rows Removed by Index Recheck": 0,"Workers": []}]},{"Node Type": "Index Scan","Parent Relationship": "Inner","Parallel Aware": false,"Async Capable": false,"Scan Direction": "Forward","Index Name": "idx_lineitem_orderkey","Relation Name": "lineitem","Alias": "lineitem","Startup Cost": 0.43,"Total Cost": 1.14,"Plan Rows": 5,"Plan Width": 24,"Actual Startup Time": 0.016,"Actual Total Time": 0.017,"Actual Rows": 1,"Actual Loops": 119297,"Index Cond": "(l_orderkey = orders.o_orderkey)","Rows Removed by Index Recheck": 0,"Filter": "((l_shipdate >= '1995-01-01'::date) AND (l_shipdate <= '1996-12-31'::date))","Rows Removed by Filter": 3,"Workers": []}]},{"Node Type": "Hash","Parent Relationship": "Inner","Parallel Aware": false,"Async Capable": false,"Startup Cost": 354.10,"Total Cost": 354.10,"Plan Rows": 784,"Plan Width": 108,"Actual Startup Time": 7.509,"Actual Total Time": 7.527,"Actual Rows": 813,"Actual Loops": 3,"Hash Buckets": 1024,"Original Hash Buckets": 1024,"Hash Batches": 1,"Original Hash Batches": 1,"Peak Memory Usage": 58,"Workers": [],"Plans": [{"Node Type": "Hash Join","Parent Relationship": "Outer","Parallel Aware": false,"Async Capable": false,"Join Type": "Inner","Startup Cost": 1.40,"Total Cost": 354.10,"Plan Rows": 784,"Plan Width": 108,"Actual Startup Time": 0.099,"Actual Total Time": 7.298,"Actual Rows": 813,"Actual Loops": 3,"Inner Unique": true,"Hash Cond": "(supplier.s_nationkey = n1.n_nationkey)","Workers": [],"Plans": [{"Node Type": "Seq Scan","Parent Relationship": "Outer","Parallel Aware": false,"Async Capable": false,"Relation Name": "supplier","Alias": "supplier","Startup Cost": 0.00,"Total Cost": 322.00,"Plan Rows": 10000,"Plan Width": 8,"Actual Startup Time": 0.041,"Actual Total Time": 3.982,"Actual Rows": 10000,"Actual Loops": 3,"Workers": []},{"Node Type": "Hash","Parent Relationship": "Inner","Parallel Aware": false,"Async Capable": false,"Startup Cost": 1.38,"Total Cost": 1.38,"Plan Rows": 2,"Plan Width": 108,"Actual Startup Time": 0.019,"Actual Total Time": 0.025,"Actual Rows": 2,"Actual Loops": 3,"Hash Buckets": 1024,"Original Hash Buckets": 1024,"Hash Batches": 1,"Original Hash Batches": 1,"Peak Memory Usage": 9,"Workers": [],"Plans": [{"Node Type": "Seq Scan","Parent Relationship": "Outer","Parallel Aware": false,"Async Capable": false,"Relation Name": "nation","Alias": "n1","Startup Cost": 0.00,"Total Cost": 1.38,"Plan Rows": 2,"Plan Width": 108,"Actual Startup Time": 0.005,"Actual Total Time": 0.013,"Actual Rows": 2,"Actual Loops": 3,"Filter": "((n_name = 'ALGERIA'::bpchar) OR (n_name = 'IRAN'::bpchar))","Rows Removed by Filter": 23,"Workers": []}]}]}]}]}]}]}]}]},"Planning Time": 9.822,"Triggers": [],"Execution Time": 956.998}]
[{"Plan": {"Node Type": "Aggregate","Strategy": "Sorted","Partial Mode": "Finalize","Parallel Aware": false,"Async Capable": false,"Startup Cost": 72556.41,"Total Cost": 73352.71,"Plan Rows": 5893,"Plan Width": 272,"Actual Startup Time": 934.425,"Actual Total Time": 987.519,"Actual Rows": 4,"Actual Loops": 1,"Group Key": ["n1.n_name", "n2.n_name", "(EXTRACT(year FROM lineitem.l_shipdate))"],"Plans": [{"Node Type": "Gather Merge","Parent Relationship": "Outer","Parallel Aware": false,"Async Capable": false,"Startup Cost": 72556.41,"Total Cost": 73202.94,"Plan Rows": 4910,"Plan Width": 272,"Actual Startup Time": 934.016,"Actual Total Time": 987.441,"Actual Rows": 12,"Actual Loops": 1,"Workers Planned": 2,"Workers Launched": 2,"Plans": [{"Node Type": "Aggregate","Strategy": "Sorted","Partial Mode": "Partial","Parent Relationship": "Outer","Parallel Aware": false,"Async Capable": false,"Startup Cost": 71556.39,"Total Cost": 71636.18,"Plan Rows": 2455,"Plan Width": 272,"Actual Startup Time": 925.318,"Actual Total Time": 926.082,"Actual Rows": 4,"Actual Loops": 3,"Group Key": ["n1.n_name", "n2.n_name", "(EXTRACT(year FROM lineitem.l_shipdate))"],"Workers": [],"Plans": [{"Node Type": "Sort","Parent Relationship": "Outer","Parallel Aware": false,"Async Capable": false,"Startup Cost": 71556.39,"Total Cost": 71562.53,"Plan Rows": 2455,"Plan Width": 252,"Actual Startup Time": 925.044,"Actual Total Time": 925.169,"Actual Rows": 1965,"Actual Loops": 3,"Sort Key": ["n1.n_name", "n2.n_name", "(EXTRACT(year FROM lineitem.l_shipdate))"],"Sort Method": "quicksort","Sort Space Used": 255,"Sort Space Type": "Memory","Workers": [{"Worker Number": 0,"Sort Method": "quicksort","Sort Space Used": 263,"Sort Space Type": "Memory"},{"Worker Number": 1,"Sort Method": "quicksort","Sort Space Used": 272,"Sort Space Type": "Memory"}],"Plans": [{"Node Type": "Hash Join","Parent Relationship": "Outer","Parallel Aware": false,"Async Capable": false,"Join Type": "Inner","Startup Cost": 366.16,"Total Cost": 71418.15,"Plan Rows": 2455,"Plan Width": 252,"Actual Startup Time": 10.653,"Actual Total Time": 923.200,"Actual Rows": 1965,"Actual Loops": 3,"Inner Unique": false,"Hash Cond": "(lineitem.l_suppkey = supplier.s_suppkey)","Join Filter": "(((n1.n_name = 'VIETNAM'::bpchar) AND (n2.n_name = 'BRAZIL'::bpchar)) OR ((n1.n_name = 'BRAZIL'::bpchar) AND (n2.n_name = 'VIETNAM'::bpchar)))","Rows Removed by Join Filter": 1941,"Workers": [],"Plans": [{"Node Type": "Nested Loop","Parent Relationship": "Outer","Parallel Aware": false,"Async Capable": false,"Join Type": "Inner","Startup Cost": 2.26,"Total Cost": 70727.78,"Plan Rows": 60250,"Plan Width": 124,"Actual Startup Time": 0.969,"Actual Total Time": 908.516,"Actual Rows": 49037,"Actual Loops": 3,"Inner Unique": false,"Workers": [],"Plans": [{"Node Type": "Nested Loop","Parent Relationship": "Outer","Parallel Aware": false,"Async Capable": false,"Join Type": "Inner","Startup Cost": 1.83,"Total Cost": 12400.01,"Plan Rows": 49000,"Plan Width": 108,"Actual Startup Time": 0.360,"Actual Total Time": 229.036,"Actual Rows": 40161,"Actual Loops": 3,"Inner Unique": false,"Workers": [],"Plans": [{"Node Type": "Hash Join","Parent Relationship": "Outer","Parallel Aware": false,"Async Capable": false,"Join Type": "Inner","Startup Cost": 1.40,"Total Cost": 4403.27,"Plan Rows": 4900,"Plan Width": 108,"Actual Startup Time": 0.222,"Actual Total Time": 48.446,"Actual Rows": 4002,"Actual Loops": 3,"Inner Unique": true,"Hash Cond": "(customer.c_nationkey = n2.n_nationkey)","Workers": [],"Plans": [{"Node Type": "Seq Scan","Parent Relationship": "Outer","Parallel Aware": true,"Async Capable": false,"Relation Name": "customer","Alias": "customer","Startup Cost": 0.00,"Total Cost": 4210.00,"Plan Rows": 62500,"Plan Width": 8,"Actual Startup Time": 0.013,"Actual Total Time": 9.589,"Actual Rows": 50000,"Actual Loops": 3,"Workers": []},{"Node Type": "Hash","Parent Relationship": "Inner","Parallel Aware": false,"Async Capable": false,"Startup Cost": 1.38,"Total Cost": 1.38,"Plan Rows": 2,"Plan Width": 108,"Actual Startup Time": 0.094,"Actual Total Time": 0.100,"Actual Rows": 2,"Actual Loops": 3,"Hash Buckets": 1024,"Original Hash Buckets": 1024,"Hash Batches": 1,"Original Hash Batches": 1,"Peak Memory Usage": 9,"Workers": [],"Plans": [{"Node Type": "Seq Scan","Parent Relationship": "Outer","Parallel Aware": false,"Async Capable": false,"Relation Name": "nation","Alias": "n2","Startup Cost": 0.00,"Total Cost": 1.38,"Plan Rows": 2,"Plan Width": 108,"Actual Startup Time": 0.064,"Actual Total Time": 0.073,"Actual Rows": 2,"Actual Loops": 3,"Filter": "((n_name = 'BRAZIL'::bpchar) OR (n_name = 'VIETNAM'::bpchar))","Rows Removed by Filter": 23,"Workers": []}]}]},{"Node Type": "Index Scan","Parent Relationship": "Inner","Parallel Aware": false,"Async Capable": false,"Scan Direction": "Forward","Index Name": "idx_orders_custkey","Relation Name": "orders","Alias": "orders","Startup Cost": 0.43,"Total Cost": 1.46,"Plan Rows": 17,"Plan Width": 8,"Actual Startup Time": 0.007,"Actual Total Time": 0.044,"Actual Rows": 10,"Actual Loops": 12007,"Index Cond": "(o_custkey = customer.c_custkey)","Rows Removed by Index Recheck": 0,"Workers": []}]},{"Node Type": "Index Scan","Parent Relationship": "Inner","Parallel Aware": false,"Async Capable": false,"Scan Direction": "Forward","Index Name": "idx_lineitem_orderkey","Relation Name": "lineitem","Alias": "lineitem","Startup Cost": 0.43,"Total Cost": 1.14,"Plan Rows": 5,"Plan Width": 24,"Actual Startup Time": 0.016,"Actual Total Time": 0.017,"Actual Rows": 1,"Actual Loops": 120484,"Index Cond": "(l_orderkey = orders.o_orderkey)","Rows Removed by Index Recheck": 0,"Filter": "((l_shipdate >= '1995-01-01'::date) AND (l_shipdate <= '1996-12-31'::date))","Rows Removed by Filter": 3,"Workers": []}]},{"Node Type": "Hash","Parent Relationship": "Inner","Parallel Aware": false,"Async Capable": false,"Startup Cost": 354.10,"Total Cost": 354.10,"Plan Rows": 784,"Plan Width": 108,"Actual Startup Time": 7.453,"Actual Total Time": 7.470,"Actual Rows": 796,"Actual Loops": 3,"Hash Buckets": 1024,"Original Hash Buckets": 1024,"Hash Batches": 1,"Original Hash Batches": 1,"Peak Memory Usage": 57,"Workers": [],"Plans": [{"Node Type": "Hash Join","Parent Relationship": "Outer","Parallel Aware": false,"Async Capable": false,"Join Type": "Inner","Startup Cost": 1.40,"Total Cost": 354.10,"Plan Rows": 784,"Plan Width": 108,"Actual Startup Time": 0.068,"Actual Total Time": 7.305,"Actual Rows": 796,"Actual Loops": 3,"Inner Unique": true,"Hash Cond": "(supplier.s_nationkey = n1.n_nationkey)","Workers": [],"Plans": [{"Node Type": "Seq Scan","Parent Relationship": "Outer","Parallel Aware": false,"Async Capable": false,"Relation Name": "supplier","Alias": "supplier","Startup Cost": 0.00,"Total Cost": 322.00,"Plan Rows": 10000,"Plan Width": 8,"Actual Startup Time": 0.023,"Actual Total Time": 3.428,"Actual Rows": 10000,"Actual Loops": 3,"Workers": []},{"Node Type": "Hash","Parent Relationship": "Inner","Parallel Aware": false,"Async Capable": false,"Startup Cost": 1.38,"Total Cost": 1.38,"Plan Rows": 2,"Plan Width": 108,"Actual Startup Time": 0.011,"Actual Total Time": 0.016,"Actual Rows": 2,"Actual Loops": 3,"Hash Buckets": 1024,"Original Hash Buckets": 1024,"Hash Batches": 1,"Original Hash Batches": 1,"Peak Memory Usage": 9,"Workers": [],"Plans": [{"Node Type": "Seq Scan","Parent Relationship": "Outer","Parallel Aware": false,"Async Capable": false,"Relation Name": "nation","Alias": "n1","Startup Cost": 0.00,"Total Cost": 1.38,"Plan Rows": 2,"Plan Width": 108,"Actual Startup Time": 0.003,"Actual Total Time": 0.008,"Actual Rows": 2,"Actual Loops": 3,"Filter": "((n_name = 'VIETNAM'::bpchar) OR (n_name = 'BRAZIL'::bpchar))","Rows Removed by Filter": 23,"Workers": []}]}]}]}]}]}]}]}]},"Planning Time": 9.421,"Triggers": [],"Execution Time": 987.982}]
[{"Plan": {"Node Type": "Aggregate","Strategy": "Sorted","Partial Mode": "Finalize","Parallel Aware": false,"Async Capable": false,"Startup Cost": 72556.41,"Total Cost": 73352.71,"Plan Rows": 5893,"Plan Width": 272,"Actual Startup Time": 929.399,"Actual Total Time": 986.502,"Actual Rows": 4,"Actual Loops": 1,"Group Key": ["n1.n_name", "n2.n_name", "(EXTRACT(year FROM lineitem.l_shipdate))"],"Plans": [{"Node Type": "Gather Merge","Parent Relationship": "Outer","Parallel Aware": false,"Async Capable": false,"Startup Cost": 72556.41,"Total Cost": 73202.94,"Plan Rows": 4910,"Plan Width": 272,"Actual Startup Time": 928.519,"Actual Total Time": 986.430,"Actual Rows": 12,"Actual Loops": 1,"Workers Planned": 2,"Workers Launched": 2,"Plans": [{"Node Type": "Aggregate","Strategy": "Sorted","Partial Mode": "Partial","Parent Relationship": "Outer","Parallel Aware": false,"Async Capable": false,"Startup Cost": 71556.39,"Total Cost": 71636.18,"Plan Rows": 2455,"Plan Width": 272,"Actual Startup Time": 920.471,"Actual Total Time": 921.427,"Actual Rows": 4,"Actual Loops": 3,"Group Key": ["n1.n_name", "n2.n_name", "(EXTRACT(year FROM lineitem.l_shipdate))"],"Workers": [],"Plans": [{"Node Type": "Sort","Parent Relationship": "Outer","Parallel Aware": false,"Async Capable": false,"Startup Cost": 71556.39,"Total Cost": 71562.53,"Plan Rows": 2455,"Plan Width": 252,"Actual Startup Time": 920.193,"Actual Total Time": 920.322,"Actual Rows": 2053,"Actual Loops": 3,"Sort Key": ["n1.n_name", "n2.n_name", "(EXTRACT(year FROM lineitem.l_shipdate))"],"Sort Method": "quicksort","Sort Space Used": 271,"Sort Space Type": "Memory","Workers": [{"Worker Number": 0,"Sort Method": "quicksort","Sort Space Used": 271,"Sort Space Type": "Memory"},{"Worker Number": 1,"Sort Method": "quicksort","Sort Space Used": 325,"Sort Space Type": "Memory"}],"Plans": [{"Node Type": "Hash Join","Parent Relationship": "Outer","Parallel Aware": false,"Async Capable": false,"Join Type": "Inner","Startup Cost": 366.16,"Total Cost": 71418.15,"Plan Rows": 2455,"Plan Width": 252,"Actual Startup Time": 9.826,"Actual Total Time": 918.307,"Actual Rows": 2053,"Actual Loops": 3,"Inner Unique": false,"Hash Cond": "(lineitem.l_suppkey = supplier.s_suppkey)","Join Filter": "(((n1.n_name = 'INDIA'::bpchar) AND (n2.n_name = 'ALGERIA'::bpchar)) OR ((n1.n_name = 'ALGERIA'::bpchar) AND (n2.n_name = 'INDIA'::bpchar)))","Rows Removed by Join Filter": 2036,"Workers": [],"Plans": [{"Node Type": "Nested Loop","Parent Relationship": "Outer","Parallel Aware": false,"Async Capable": false,"Join Type": "Inner","Startup Cost": 2.26,"Total Cost": 70727.78,"Plan Rows": 60250,"Plan Width": 124,"Actual Startup Time": 0.508,"Actual Total Time": 902.392,"Actual Rows": 48392,"Actual Loops": 3,"Inner Unique": false,"Workers": [],"Plans": [{"Node Type": "Nested Loop","Parent Relationship": "Outer","Parallel Aware": false,"Async Capable": false,"Join Type": "Inner","Startup Cost": 1.83,"Total Cost": 12400.01,"Plan Rows": 49000,"Plan Width": 108,"Actual Startup Time": 0.272,"Actual Total Time": 227.725,"Actual Rows": 39816,"Actual Loops": 3,"Inner Unique": false,"Workers": [],"Plans": [{"Node Type": "Hash Join","Parent Relationship": "Outer","Parallel Aware": false,"Async Capable": false,"Join Type": "Inner","Startup Cost": 1.40,"Total Cost": 4403.27,"Plan Rows": 4900,"Plan Width": 108,"Actual Startup Time": 0.153,"Actual Total Time": 47.422,"Actual Rows": 3989,"Actual Loops": 3,"Inner Unique": true,"Hash Cond": "(customer.c_nationkey = n2.n_nationkey)","Workers": [],"Plans": [{"Node Type": "Seq Scan","Parent Relationship": "Outer","Parallel Aware": true,"Async Capable": false,"Relation Name": "customer","Alias": "customer","Startup Cost": 0.00,"Total Cost": 4210.00,"Plan Rows": 62500,"Plan Width": 8,"Actual Startup Time": 0.011,"Actual Total Time": 9.524,"Actual Rows": 50000,"Actual Loops": 3,"Workers": []},{"Node Type": "Hash","Parent Relationship": "Inner","Parallel Aware": false,"Async Capable": false,"Startup Cost": 1.38,"Total Cost": 1.38,"Plan Rows": 2,"Plan Width": 108,"Actual Startup Time": 0.060,"Actual Total Time": 0.064,"Actual Rows": 2,"Actual Loops": 3,"Hash Buckets": 1024,"Original Hash Buckets": 1024,"Hash Batches": 1,"Original Hash Batches": 1,"Peak Memory Usage": 9,"Workers": [],"Plans": [{"Node Type": "Seq Scan","Parent Relationship": "Outer","Parallel Aware": false,"Async Capable": false,"Relation Name": "nation","Alias": "n2","Startup Cost": 0.00,"Total Cost": 1.38,"Plan Rows": 2,"Plan Width": 108,"Actual Startup Time": 0.046,"Actual Total Time": 0.053,"Actual Rows": 2,"Actual Loops": 3,"Filter": "((n_name = 'ALGERIA'::bpchar) OR (n_name = 'INDIA'::bpchar))","Rows Removed by Filter": 23,"Workers": []}]}]},{"Node Type": "Index Scan","Parent Relationship": "Inner","Parallel Aware": false,"Async Capable": false,"Scan Direction": "Forward","Index Name": "idx_orders_custkey","Relation Name": "orders","Alias": "orders","Startup Cost": 0.43,"Total Cost": 1.46,"Plan Rows": 17,"Plan Width": 8,"Actual Startup Time": 0.007,"Actual Total Time": 0.044,"Actual Rows": 10,"Actual Loops": 11967,"Index Cond": "(o_custkey = customer.c_custkey)","Rows Removed by Index Recheck": 0,"Workers": []}]},{"Node Type": "Index Scan","Parent Relationship": "Inner","Parallel Aware": false,"Async Capable": false,"Scan Direction": "Forward","Index Name": "idx_lineitem_orderkey","Relation Name": "lineitem","Alias": "lineitem","Startup Cost": 0.43,"Total Cost": 1.14,"Plan Rows": 5,"Plan Width": 24,"Actual Startup Time": 0.016,"Actual Total Time": 0.017,"Actual Rows": 1,"Actual Loops": 119449,"Index Cond": "(l_orderkey = orders.o_orderkey)","Rows Removed by Index Recheck": 0,"Filter": "((l_shipdate >= '1995-01-01'::date) AND (l_shipdate <= '1996-12-31'::date))","Rows Removed by Filter": 3,"Workers": []}]},{"Node Type": "Hash","Parent Relationship": "Inner","Parallel Aware": false,"Async Capable": false,"Startup Cost": 354.10,"Total Cost": 354.10,"Plan Rows": 784,"Plan Width": 108,"Actual Startup Time": 8.395,"Actual Total Time": 8.413,"Actual Rows": 835,"Actual Loops": 3,"Hash Buckets": 1024,"Original Hash Buckets": 1024,"Hash Batches": 1,"Original Hash Batches": 1,"Peak Memory Usage": 59,"Workers": [],"Plans": [{"Node Type": "Hash Join","Parent Relationship": "Outer","Parallel Aware": false,"Async Capable": false,"Join Type": "Inner","Startup Cost": 1.40,"Total Cost": 354.10,"Plan Rows": 784,"Plan Width": 108,"Actual Startup Time": 0.079,"Actual Total Time": 8.194,"Actual Rows": 835,"Actual Loops": 3,"Inner Unique": true,"Hash Cond": "(supplier.s_nationkey = n1.n_nationkey)","Workers": [],"Plans": [{"Node Type": "Seq Scan","Parent Relationship": "Outer","Parallel Aware": false,"Async Capable": false,"Relation Name": "supplier","Alias": "supplier","Startup Cost": 0.00,"Total Cost": 322.00,"Plan Rows": 10000,"Plan Width": 8,"Actual Startup Time": 0.025,"Actual Total Time": 4.202,"Actual Rows": 10000,"Actual Loops": 3,"Workers": []},{"Node Type": "Hash","Parent Relationship": "Inner","Parallel Aware": false,"Async Capable": false,"Startup Cost": 1.38,"Total Cost": 1.38,"Plan Rows": 2,"Plan Width": 108,"Actual Startup Time": 0.017,"Actual Total Time": 0.023,"Actual Rows": 2,"Actual Loops": 3,"Hash Buckets": 1024,"Original Hash Buckets": 1024,"Hash Batches": 1,"Original Hash Batches": 1,"Peak Memory Usage": 9,"Workers": [],"Plans": [{"Node Type": "Seq Scan","Parent Relationship": "Outer","Parallel Aware": false,"Async Capable": false,"Relation Name": "nation","Alias": "n1","Startup Cost": 0.00,"Total Cost": 1.38,"Plan Rows": 2,"Plan Width": 108,"Actual Startup Time": 0.003,"Actual Total Time": 0.010,"Actual Rows": 2,"Actual Loops": 3,"Filter": "((n_name = 'INDIA'::bpchar) OR (n_name = 'ALGERIA'::bpchar))","Rows Removed by Filter": 23,"Workers": []}]}]}]}]}]}]}]}]},"Planning Time": 9.320,"Triggers": [],"Execution Time": 986.941}]
[{"Plan": {"Node Type": "Aggregate","Strategy": "Sorted","Partial Mode": "Finalize","Parallel Aware": false,"Async Capable": false,"Startup Cost": 72556.41,"Total Cost": 73352.71,"Plan Rows": 5893,"Plan Width": 272,"Actual Startup Time": 946.042,"Actual Total Time": 1001.372,"Actual Rows": 4,"Actual Loops": 1,"Group Key": ["n1.n_name", "n2.n_name", "(EXTRACT(year FROM lineitem.l_shipdate))"],"Plans": [{"Node Type": "Gather Merge","Parent Relationship": "Outer","Parallel Aware": false,"Async Capable": false,"Startup Cost": 72556.41,"Total Cost": 73202.94,"Plan Rows": 4910,"Plan Width": 272,"Actual Startup Time": 945.720,"Actual Total Time": 1001.303,"Actual Rows": 12,"Actual Loops": 1,"Workers Planned": 2,"Workers Launched": 2,"Plans": [{"Node Type": "Aggregate","Strategy": "Sorted","Partial Mode": "Partial","Parent Relationship": "Outer","Parallel Aware": false,"Async Capable": false,"Startup Cost": 71556.39,"Total Cost": 71636.18,"Plan Rows": 2455,"Plan Width": 272,"Actual Startup Time": 937.695,"Actual Total Time": 938.410,"Actual Rows": 4,"Actual Loops": 3,"Group Key": ["n1.n_name", "n2.n_name", "(EXTRACT(year FROM lineitem.l_shipdate))"],"Workers": [],"Plans": [{"Node Type": "Sort","Parent Relationship": "Outer","Parallel Aware": false,"Async Capable": false,"Startup Cost": 71556.39,"Total Cost": 71562.53,"Plan Rows": 2455,"Plan Width": 252,"Actual Startup Time": 937.432,"Actual Total Time": 937.536,"Actual Rows": 2021,"Actual Loops": 3,"Sort Key": ["n1.n_name", "n2.n_name", "(EXTRACT(year FROM lineitem.l_shipdate))"],"Sort Method": "quicksort","Sort Space Used": 262,"Sort Space Type": "Memory","Workers": [{"Worker Number": 0,"Sort Method": "quicksort","Sort Space Used": 272,"Sort Space Type": "Memory"},{"Worker Number": 1,"Sort Method": "quicksort","Sort Space Used": 322,"Sort Space Type": "Memory"}],"Plans": [{"Node Type": "Hash Join","Parent Relationship": "Outer","Parallel Aware": false,"Async Capable": false,"Join Type": "Inner","Startup Cost": 366.16,"Total Cost": 71418.15,"Plan Rows": 2455,"Plan Width": 252,"Actual Startup Time": 10.926,"Actual Total Time": 935.616,"Actual Rows": 2021,"Actual Loops": 3,"Inner Unique": false,"Hash Cond": "(lineitem.l_suppkey = supplier.s_suppkey)","Join Filter": "(((n1.n_name = 'MOZAMBIQUE'::bpchar) AND (n2.n_name = 'ARGENTINA'::bpchar)) OR ((n1.n_name = 'ARGENTINA'::bpchar) AND (n2.n_name = 'MOZAMBIQUE'::bpchar)))","Rows Removed by Join Filter": 2000,"Workers": [],"Plans": [{"Node Type": "Nested Loop","Parent Relationship": "Outer","Parallel Aware": false,"Async Capable": false,"Join Type": "Inner","Startup Cost": 2.26,"Total Cost": 70727.78,"Plan Rows": 60250,"Plan Width": 124,"Actual Startup Time": 0.710,"Actual Total Time": 919.780,"Actual Rows": 48998,"Actual Loops": 3,"Inner Unique": false,"Workers": [],"Plans": [{"Node Type": "Nested Loop","Parent Relationship": "Outer","Parallel Aware": false,"Async Capable": false,"Join Type": "Inner","Startup Cost": 1.83,"Total Cost": 12400.01,"Plan Rows": 49000,"Plan Width": 108,"Actual Startup Time": 0.282,"Actual Total Time": 237.193,"Actual Rows": 40271,"Actual Loops": 3,"Inner Unique": false,"Workers": [],"Plans": [{"Node Type": "Hash Join","Parent Relationship": "Outer","Parallel Aware": false,"Async Capable": false,"Join Type": "Inner","Startup Cost": 1.40,"Total Cost": 4403.27,"Plan Rows": 4900,"Plan Width": 108,"Actual Startup Time": 0.175,"Actual Total Time": 49.002,"Actual Rows": 3983,"Actual Loops": 3,"Inner Unique": true,"Hash Cond": "(customer.c_nationkey = n2.n_nationkey)","Workers": [],"Plans": [{"Node Type": "Seq Scan","Parent Relationship": "Outer","Parallel Aware": true,"Async Capable": false,"Relation Name": "customer","Alias": "customer","Startup Cost": 0.00,"Total Cost": 4210.00,"Plan Rows": 62500,"Plan Width": 8,"Actual Startup Time": 0.013,"Actual Total Time": 9.663,"Actual Rows": 50000,"Actual Loops": 3,"Workers": []},{"Node Type": "Hash","Parent Relationship": "Inner","Parallel Aware": false,"Async Capable": false,"Startup Cost": 1.38,"Total Cost": 1.38,"Plan Rows": 2,"Plan Width": 108,"Actual Startup Time": 0.071,"Actual Total Time": 0.074,"Actual Rows": 2,"Actual Loops": 3,"Hash Buckets": 1024,"Original Hash Buckets": 1024,"Hash Batches": 1,"Original Hash Batches": 1,"Peak Memory Usage": 9,"Workers": [],"Plans": [{"Node Type": "Seq Scan","Parent Relationship": "Outer","Parallel Aware": false,"Async Capable": false,"Relation Name": "nation","Alias": "n2","Startup Cost": 0.00,"Total Cost": 1.38,"Plan Rows": 2,"Plan Width": 108,"Actual Startup Time": 0.049,"Actual Total Time": 0.057,"Actual Rows": 2,"Actual Loops": 3,"Filter": "((n_name = 'ARGENTINA'::bpchar) OR (n_name = 'MOZAMBIQUE'::bpchar))","Rows Removed by Filter": 23,"Workers": []}]}]},{"Node Type": "Index Scan","Parent Relationship": "Inner","Parallel Aware": false,"Async Capable": false,"Scan Direction": "Forward","Index Name": "idx_orders_custkey","Relation Name": "orders","Alias": "orders","Startup Cost": 0.43,"Total Cost": 1.46,"Plan Rows": 17,"Plan Width": 8,"Actual Startup Time": 0.007,"Actual Total Time": 0.046,"Actual Rows": 10,"Actual Loops": 11949,"Index Cond": "(o_custkey = customer.c_custkey)","Rows Removed by Index Recheck": 0,"Workers": []}]},{"Node Type": "Index Scan","Parent Relationship": "Inner","Parallel Aware": false,"Async Capable": false,"Scan Direction": "Forward","Index Name": "idx_lineitem_orderkey","Relation Name": "lineitem","Alias": "lineitem","Startup Cost": 0.43,"Total Cost": 1.14,"Plan Rows": 5,"Plan Width": 24,"Actual Startup Time": 0.016,"Actual Total Time": 0.017,"Actual Rows": 1,"Actual Loops": 120814,"Index Cond": "(l_orderkey = orders.o_orderkey)","Rows Removed by Index Recheck": 0,"Filter": "((l_shipdate >= '1995-01-01'::date) AND (l_shipdate <= '1996-12-31'::date))","Rows Removed by Filter": 3,"Workers": []}]},{"Node Type": "Hash","Parent Relationship": "Inner","Parallel Aware": false,"Async Capable": false,"Startup Cost": 354.10,"Total Cost": 354.10,"Plan Rows": 784,"Plan Width": 108,"Actual Startup Time": 8.751,"Actual Total Time": 8.763,"Actual Rows": 819,"Actual Loops": 3,"Hash Buckets": 1024,"Original Hash Buckets": 1024,"Hash Batches": 1,"Original Hash Batches": 1,"Peak Memory Usage": 58,"Workers": [],"Plans": [{"Node Type": "Hash Join","Parent Relationship": "Outer","Parallel Aware": false,"Async Capable": false,"Join Type": "Inner","Startup Cost": 1.40,"Total Cost": 354.10,"Plan Rows": 784,"Plan Width": 108,"Actual Startup Time": 0.071,"Actual Total Time": 8.541,"Actual Rows": 819,"Actual Loops": 3,"Inner Unique": true,"Hash Cond": "(supplier.s_nationkey = n1.n_nationkey)","Workers": [],"Plans": [{"Node Type": "Seq Scan","Parent Relationship": "Outer","Parallel Aware": false,"Async Capable": false,"Relation Name": "supplier","Alias": "supplier","Startup Cost": 0.00,"Total Cost": 322.00,"Plan Rows": 10000,"Plan Width": 8,"Actual Startup Time": 0.028,"Actual Total Time": 4.522,"Actual Rows": 10000,"Actual Loops": 3,"Workers": []},{"Node Type": "Hash","Parent Relationship": "Inner","Parallel Aware": false,"Async Capable": false,"Startup Cost": 1.38,"Total Cost": 1.38,"Plan Rows": 2,"Plan Width": 108,"Actual Startup Time": 0.016,"Actual Total Time": 0.020,"Actual Rows": 2,"Actual Loops": 3,"Hash Buckets": 1024,"Original Hash Buckets": 1024,"Hash Batches": 1,"Original Hash Batches": 1,"Peak Memory Usage": 9,"Workers": [],"Plans": [{"Node Type": "Seq Scan","Parent Relationship": "Outer","Parallel Aware": false,"Async Capable": false,"Relation Name": "nation","Alias": "n1","Startup Cost": 0.00,"Total Cost": 1.38,"Plan Rows": 2,"Plan Width": 108,"Actual Startup Time": 0.004,"Actual Total Time": 0.010,"Actual Rows": 2,"Actual Loops": 3,"Filter": "((n_name = 'MOZAMBIQUE'::bpchar) OR (n_name = 'ARGENTINA'::bpchar))","Rows Removed by Filter": 23,"Workers": []}]}]}]}]}]}]}]}]},"Planning Time": 8.567,"Triggers": [],"Execution Time": 1001.834}]
[{"Plan": {"Node Type": "Aggregate","Strategy": "Sorted","Partial Mode": "Finalize","Parallel Aware": false,"Async Capable": false,"Startup Cost": 72556.41,"Total Cost": 73352.71,"Plan Rows": 5893,"Plan Width": 272,"Actual Startup Time": 911.622,"Actual Total Time": 966.008,"Actual Rows": 4,"Actual Loops": 1,"Group Key": ["n1.n_name", "n2.n_name", "(EXTRACT(year FROM lineitem.l_shipdate))"],"Plans": [{"Node Type": "Gather Merge","Parent Relationship": "Outer","Parallel Aware": false,"Async Capable": false,"Startup Cost": 72556.41,"Total Cost": 73202.94,"Plan Rows": 4910,"Plan Width": 272,"Actual Startup Time": 910.932,"Actual Total Time": 965.930,"Actual Rows": 12,"Actual Loops": 1,"Workers Planned": 2,"Workers Launched": 2,"Plans": [{"Node Type": "Aggregate","Strategy": "Sorted","Partial Mode": "Partial","Parent Relationship": "Outer","Parallel Aware": false,"Async Capable": false,"Startup Cost": 71556.39,"Total Cost": 71636.18,"Plan Rows": 2455,"Plan Width": 272,"Actual Startup Time": 902.544,"Actual Total Time": 903.399,"Actual Rows": 4,"Actual Loops": 3,"Group Key": ["n1.n_name", "n2.n_name", "(EXTRACT(year FROM lineitem.l_shipdate))"],"Workers": [],"Plans": [{"Node Type": "Sort","Parent Relationship": "Outer","Parallel Aware": false,"Async Capable": false,"Startup Cost": 71556.39,"Total Cost": 71562.53,"Plan Rows": 2455,"Plan Width": 252,"Actual Startup Time": 902.294,"Actual Total Time": 902.405,"Actual Rows": 1790,"Actual Loops": 3,"Sort Key": ["n1.n_name", "n2.n_name", "(EXTRACT(year FROM lineitem.l_shipdate))"],"Sort Method": "quicksort","Sort Space Used": 246,"Sort Space Type": "Memory","Workers": [{"Worker Number": 0,"Sort Method": "quicksort","Sort Space Used": 242,"Sort Space Type": "Memory"},{"Worker Number": 1,"Sort Method": "quicksort","Sort Space Used": 245,"Sort Space Type": "Memory"}],"Plans": [{"Node Type": "Hash Join","Parent Relationship": "Outer","Parallel Aware": false,"Async Capable": false,"Join Type": "Inner","Startup Cost": 366.16,"Total Cost": 71418.15,"Plan Rows": 2455,"Plan Width": 252,"Actual Startup Time": 8.783,"Actual Total Time": 900.503,"Actual Rows": 1790,"Actual Loops": 3,"Inner Unique": false,"Hash Cond": "(lineitem.l_suppkey = supplier.s_suppkey)","Join Filter": "(((n1.n_name = 'KENYA'::bpchar) AND (n2.n_name = 'JAPAN'::bpchar)) OR ((n1.n_name = 'JAPAN'::bpchar) AND (n2.n_name = 'KENYA'::bpchar)))","Rows Removed by Join Filter": 1762,"Workers": [],"Plans": [{"Node Type": "Nested Loop","Parent Relationship": "Outer","Parallel Aware": false,"Async Capable": false,"Join Type": "Inner","Startup Cost": 2.26,"Total Cost": 70727.78,"Plan Rows": 60250,"Plan Width": 124,"Actual Startup Time": 0.706,"Actual Total Time": 886.049,"Actual Rows": 47837,"Actual Loops": 3,"Inner Unique": false,"Workers": [],"Plans": [{"Node Type": "Nested Loop","Parent Relationship": "Outer","Parallel Aware": false,"Async Capable": false,"Join Type": "Inner","Startup Cost": 1.83,"Total Cost": 12400.01,"Plan Rows": 49000,"Plan Width": 108,"Actual Startup Time": 0.365,"Actual Total Time": 221.675,"Actual Rows": 39448,"Actual Loops": 3,"Inner Unique": false,"Workers": [],"Plans": [{"Node Type": "Hash Join","Parent Relationship": "Outer","Parallel Aware": false,"Async Capable": false,"Join Type": "Inner","Startup Cost": 1.40,"Total Cost": 4403.27,"Plan Rows": 4900,"Plan Width": 108,"Actual Startup Time": 0.221,"Actual Total Time": 45.527,"Actual Rows": 3980,"Actual Loops": 3,"Inner Unique": true,"Hash Cond": "(customer.c_nationkey = n2.n_nationkey)","Workers": [],"Plans": [{"Node Type": "Seq Scan","Parent Relationship": "Outer","Parallel Aware": true,"Async Capable": false,"Relation Name": "customer","Alias": "customer","Startup Cost": 0.00,"Total Cost": 4210.00,"Plan Rows": 62500,"Plan Width": 8,"Actual Startup Time": 0.025,"Actual Total Time": 9.595,"Actual Rows": 50000,"Actual Loops": 3,"Workers": []},{"Node Type": "Hash","Parent Relationship": "Inner","Parallel Aware": false,"Async Capable": false,"Startup Cost": 1.38,"Total Cost": 1.38,"Plan Rows": 2,"Plan Width": 108,"Actual Startup Time": 0.085,"Actual Total Time": 0.090,"Actual Rows": 2,"Actual Loops": 3,"Hash Buckets": 1024,"Original Hash Buckets": 1024,"Hash Batches": 1,"Original Hash Batches": 1,"Peak Memory Usage": 9,"Workers": [],"Plans": [{"Node Type": "Seq Scan","Parent Relationship": "Outer","Parallel Aware": false,"Async Capable": false,"Relation Name": "nation","Alias": "n2","Startup Cost": 0.00,"Total Cost": 1.38,"Plan Rows": 2,"Plan Width": 108,"Actual Startup Time": 0.063,"Actual Total Time": 0.068,"Actual Rows": 2,"Actual Loops": 3,"Filter": "((n_name = 'JAPAN'::bpchar) OR (n_name = 'KENYA'::bpchar))","Rows Removed by Filter": 23,"Workers": []}]}]},{"Node Type": "Index Scan","Parent Relationship": "Inner","Parallel Aware": false,"Async Capable": false,"Scan Direction": "Forward","Index Name": "idx_orders_custkey","Relation Name": "orders","Alias": "orders","Startup Cost": 0.43,"Total Cost": 1.46,"Plan Rows": 17,"Plan Width": 8,"Actual Startup Time": 0.007,"Actual Total Time": 0.043,"Actual Rows": 10,"Actual Loops": 11940,"Index Cond": "(o_custkey = customer.c_custkey)","Rows Removed by Index Recheck": 0,"Workers": []}]},{"Node Type": "Index Scan","Parent Relationship": "Inner","Parallel Aware": false,"Async Capable": false,"Scan Direction": "Forward","Index Name": "idx_lineitem_orderkey","Relation Name": "lineitem","Alias": "lineitem","Startup Cost": 0.43,"Total Cost": 1.14,"Plan Rows": 5,"Plan Width": 24,"Actual Startup Time": 0.016,"Actual Total Time": 0.017,"Actual Rows": 1,"Actual Loops": 118345,"Index Cond": "(l_orderkey = orders.o_orderkey)","Rows Removed by Index Recheck": 0,"Filter": "((l_shipdate >= '1995-01-01'::date) AND (l_shipdate <= '1996-12-31'::date))","Rows Removed by Filter": 3,"Workers": []}]},{"Node Type": "Hash","Parent Relationship": "Inner","Parallel Aware": false,"Async Capable": false,"Startup Cost": 354.10,"Total Cost": 354.10,"Plan Rows": 784,"Plan Width": 108,"Actual Startup Time": 7.304,"Actual Total Time": 7.319,"Actual Rows": 753,"Actual Loops": 3,"Hash Buckets": 1024,"Original Hash Buckets": 1024,"Hash Batches": 1,"Original Hash Batches": 1,"Peak Memory Usage": 54,"Workers": [],"Plans": [{"Node Type": "Hash Join","Parent Relationship": "Outer","Parallel Aware": false,"Async Capable": false,"Join Type": "Inner","Startup Cost": 1.40,"Total Cost": 354.10,"Plan Rows": 784,"Plan Width": 108,"Actual Startup Time": 0.103,"Actual Total Time": 7.144,"Actual Rows": 753,"Actual Loops": 3,"Inner Unique": true,"Hash Cond": "(supplier.s_nationkey = n1.n_nationkey)","Workers": [],"Plans": [{"Node Type": "Seq Scan","Parent Relationship": "Outer","Parallel Aware": false,"Async Capable": false,"Relation Name": "supplier","Alias": "supplier","Startup Cost": 0.00,"Total Cost": 322.00,"Plan Rows": 10000,"Plan Width": 8,"Actual Startup Time": 0.042,"Actual Total Time": 3.761,"Actual Rows": 10000,"Actual Loops": 3,"Workers": []},{"Node Type": "Hash","Parent Relationship": "Inner","Parallel Aware": false,"Async Capable": false,"Startup Cost": 1.38,"Total Cost": 1.38,"Plan Rows": 2,"Plan Width": 108,"Actual Startup Time": 0.027,"Actual Total Time": 0.034,"Actual Rows": 2,"Actual Loops": 3,"Hash Buckets": 1024,"Original Hash Buckets": 1024,"Hash Batches": 1,"Original Hash Batches": 1,"Peak Memory Usage": 9,"Workers": [],"Plans": [{"Node Type": "Seq Scan","Parent Relationship": "Outer","Parallel Aware": false,"Async Capable": false,"Relation Name": "nation","Alias": "n1","Startup Cost": 0.00,"Total Cost": 1.38,"Plan Rows": 2,"Plan Width": 108,"Actual Startup Time": 0.008,"Actual Total Time": 0.012,"Actual Rows": 2,"Actual Loops": 3,"Filter": "((n_name = 'KENYA'::bpchar) OR (n_name = 'JAPAN'::bpchar))","Rows Removed by Filter": 23,"Workers": []}]}]}]}]}]}]}]}]},"Planning Time": 9.439,"Triggers": [],"Execution Time": 966.427}]
[{"Plan": {"Node Type": "Aggregate","Strategy": "Sorted","Partial Mode": "Finalize","Parallel Aware": false,"Async Capable": false,"Startup Cost": 72556.41,"Total Cost": 73352.71,"Plan Rows": 5893,"Plan Width": 272,"Actual Startup Time": 942.484,"Actual Total Time": 987.442,"Actual Rows": 4,"Actual Loops": 1,"Group Key": ["n1.n_name", "n2.n_name", "(EXTRACT(year FROM lineitem.l_shipdate))"],"Plans": [{"Node Type": "Gather Merge","Parent Relationship": "Outer","Parallel Aware": false,"Async Capable": false,"Startup Cost": 72556.41,"Total Cost": 73202.94,"Plan Rows": 4910,"Plan Width": 272,"Actual Startup Time": 941.937,"Actual Total Time": 987.343,"Actual Rows": 12,"Actual Loops": 1,"Workers Planned": 2,"Workers Launched": 2,"Plans": [{"Node Type": "Aggregate","Strategy": "Sorted","Partial Mode": "Partial","Parent Relationship": "Outer","Parallel Aware": false,"Async Capable": false,"Startup Cost": 71556.39,"Total Cost": 71636.18,"Plan Rows": 2455,"Plan Width": 272,"Actual Startup Time": 933.614,"Actual Total Time": 934.377,"Actual Rows": 4,"Actual Loops": 3,"Group Key": ["n1.n_name", "n2.n_name", "(EXTRACT(year FROM lineitem.l_shipdate))"],"Workers": [],"Plans": [{"Node Type": "Sort","Parent Relationship": "Outer","Parallel Aware": false,"Async Capable": false,"Startup Cost": 71556.39,"Total Cost": 71562.53,"Plan Rows": 2455,"Plan Width": 252,"Actual Startup Time": 933.346,"Actual Total Time": 933.470,"Actual Rows": 2005,"Actual Loops": 3,"Sort Key": ["n1.n_name", "n2.n_name", "(EXTRACT(year FROM lineitem.l_shipdate))"],"Sort Method": "quicksort","Sort Space Used": 331,"Sort Space Type": "Memory","Workers": [{"Worker Number": 0,"Sort Method": "quicksort","Sort Space Used": 262,"Sort Space Type": "Memory"},{"Worker Number": 1,"Sort Method": "quicksort","Sort Space Used": 259,"Sort Space Type": "Memory"}],"Plans": [{"Node Type": "Hash Join","Parent Relationship": "Outer","Parallel Aware": false,"Async Capable": false,"Join Type": "Inner","Startup Cost": 366.16,"Total Cost": 71418.15,"Plan Rows": 2455,"Plan Width": 252,"Actual Startup Time": 13.365,"Actual Total Time": 931.463,"Actual Rows": 2005,"Actual Loops": 3,"Inner Unique": false,"Hash Cond": "(lineitem.l_suppkey = supplier.s_suppkey)","Join Filter": "(((n1.n_name = 'CHINA'::bpchar) AND (n2.n_name = 'INDONESIA'::bpchar)) OR ((n1.n_name = 'INDONESIA'::bpchar) AND (n2.n_name = 'CHINA'::bpchar)))","Rows Removed by Join Filter": 2016,"Workers": [],"Plans": [{"Node Type": "Nested Loop","Parent Relationship": "Outer","Parallel Aware": false,"Async Capable": false,"Join Type": "Inner","Startup Cost": 2.26,"Total Cost": 70727.78,"Plan Rows": 60250,"Plan Width": 124,"Actual Startup Time": 0.680,"Actual Total Time": 912.757,"Actual Rows": 49658,"Actual Loops": 3,"Inner Unique": false,"Workers": [],"Plans": [{"Node Type": "Nested Loop","Parent Relationship": "Outer","Parallel Aware": false,"Async Capable": false,"Join Type": "Inner","Startup Cost": 1.83,"Total Cost": 12400.01,"Plan Rows": 49000,"Plan Width": 108,"Actual Startup Time": 0.365,"Actual Total Time": 226.296,"Actual Rows": 40720,"Actual Loops": 3,"Inner Unique": false,"Workers": [],"Plans": [{"Node Type": "Hash Join","Parent Relationship": "Outer","Parallel Aware": false,"Async Capable": false,"Join Type": "Inner","Startup Cost": 1.40,"Total Cost": 4403.27,"Plan Rows": 4900,"Plan Width": 108,"Actual Startup Time": 0.209,"Actual Total Time": 45.496,"Actual Rows": 4062,"Actual Loops": 3,"Inner Unique": true,"Hash Cond": "(customer.c_nationkey = n2.n_nationkey)","Workers": [],"Plans": [{"Node Type": "Seq Scan","Parent Relationship": "Outer","Parallel Aware": true,"Async Capable": false,"Relation Name": "customer","Alias": "customer","Startup Cost": 0.00,"Total Cost": 4210.00,"Plan Rows": 62500,"Plan Width": 8,"Actual Startup Time": 0.015,"Actual Total Time": 9.184,"Actual Rows": 50000,"Actual Loops": 3,"Workers": []},{"Node Type": "Hash","Parent Relationship": "Inner","Parallel Aware": false,"Async Capable": false,"Startup Cost": 1.38,"Total Cost": 1.38,"Plan Rows": 2,"Plan Width": 108,"Actual Startup Time": 0.086,"Actual Total Time": 0.091,"Actual Rows": 2,"Actual Loops": 3,"Hash Buckets": 1024,"Original Hash Buckets": 1024,"Hash Batches": 1,"Original Hash Batches": 1,"Peak Memory Usage": 9,"Workers": [],"Plans": [{"Node Type": "Seq Scan","Parent Relationship": "Outer","Parallel Aware": false,"Async Capable": false,"Relation Name": "nation","Alias": "n2","Startup Cost": 0.00,"Total Cost": 1.38,"Plan Rows": 2,"Plan Width": 108,"Actual Startup Time": 0.060,"Actual Total Time": 0.066,"Actual Rows": 2,"Actual Loops": 3,"Filter": "((n_name = 'INDONESIA'::bpchar) OR (n_name = 'CHINA'::bpchar))","Rows Removed by Filter": 23,"Workers": []}]}]},{"Node Type": "Index Scan","Parent Relationship": "Inner","Parallel Aware": false,"Async Capable": false,"Scan Direction": "Forward","Index Name": "idx_orders_custkey","Relation Name": "orders","Alias": "orders","Startup Cost": 0.43,"Total Cost": 1.46,"Plan Rows": 17,"Plan Width": 8,"Actual Startup Time": 0.007,"Actual Total Time": 0.043,"Actual Rows": 10,"Actual Loops": 12185,"Index Cond": "(o_custkey = customer.c_custkey)","Rows Removed by Index Recheck": 0,"Workers": []}]},{"Node Type": "Index Scan","Parent Relationship": "Inner","Parallel Aware": false,"Async Capable": false,"Scan Direction": "Forward","Index Name": "idx_lineitem_orderkey","Relation Name": "lineitem","Alias": "lineitem","Startup Cost": 0.43,"Total Cost": 1.14,"Plan Rows": 5,"Plan Width": 24,"Actual Startup Time": 0.016,"Actual Total Time": 0.017,"Actual Rows": 1,"Actual Loops": 122161,"Index Cond": "(l_orderkey = orders.o_orderkey)","Rows Removed by Index Recheck": 0,"Filter": "((l_shipdate >= '1995-01-01'::date) AND (l_shipdate <= '1996-12-31'::date))","Rows Removed by Filter": 3,"Workers": []}]},{"Node Type": "Hash","Parent Relationship": "Inner","Parallel Aware": false,"Async Capable": false,"Startup Cost": 354.10,"Total Cost": 354.10,"Plan Rows": 784,"Plan Width": 108,"Actual Startup Time": 11.401,"Actual Total Time": 11.414,"Actual Rows": 812,"Actual Loops": 3,"Hash Buckets": 1024,"Original Hash Buckets": 1024,"Hash Batches": 1,"Original Hash Batches": 1,"Peak Memory Usage": 58,"Workers": [],"Plans": [{"Node Type": "Hash Join","Parent Relationship": "Outer","Parallel Aware": false,"Async Capable": false,"Join Type": "Inner","Startup Cost": 1.40,"Total Cost": 354.10,"Plan Rows": 784,"Plan Width": 108,"Actual Startup Time": 0.088,"Actual Total Time": 11.201,"Actual Rows": 812,"Actual Loops": 3,"Inner Unique": true,"Hash Cond": "(supplier.s_nationkey = n1.n_nationkey)","Workers": [],"Plans": [{"Node Type": "Seq Scan","Parent Relationship": "Outer","Parallel Aware": false,"Async Capable": false,"Relation Name": "supplier","Alias": "supplier","Startup Cost": 0.00,"Total Cost": 322.00,"Plan Rows": 10000,"Plan Width": 8,"Actual Startup Time": 0.032,"Actual Total Time": 4.611,"Actual Rows": 10000,"Actual Loops": 3,"Workers": []},{"Node Type": "Hash","Parent Relationship": "Inner","Parallel Aware": false,"Async Capable": false,"Startup Cost": 1.38,"Total Cost": 1.38,"Plan Rows": 2,"Plan Width": 108,"Actual Startup Time": 0.018,"Actual Total Time": 0.021,"Actual Rows": 2,"Actual Loops": 3,"Hash Buckets": 1024,"Original Hash Buckets": 1024,"Hash Batches": 1,"Original Hash Batches": 1,"Peak Memory Usage": 9,"Workers": [],"Plans": [{"Node Type": "Seq Scan","Parent Relationship": "Outer","Parallel Aware": false,"Async Capable": false,"Relation Name": "nation","Alias": "n1","Startup Cost": 0.00,"Total Cost": 1.38,"Plan Rows": 2,"Plan Width": 108,"Actual Startup Time": 0.007,"Actual Total Time": 0.012,"Actual Rows": 2,"Actual Loops": 3,"Filter": "((n_name = 'CHINA'::bpchar) OR (n_name = 'INDONESIA'::bpchar))","Rows Removed by Filter": 23,"Workers": []}]}]}]}]}]}]}]}]},"Planning Time": 8.828,"Triggers": [],"Execution Time": 987.878}]
[{"Plan": {"Node Type": "Aggregate","Strategy": "Sorted","Partial Mode": "Finalize","Parallel Aware": false,"Async Capable": false,"Startup Cost": 72556.41,"Total Cost": 73352.71,"Plan Rows": 5893,"Plan Width": 272,"Actual Startup Time": 938.945,"Actual Total Time": 987.346,"Actual Rows": 4,"Actual Loops": 1,"Group Key": ["n1.n_name", "n2.n_name", "(EXTRACT(year FROM lineitem.l_shipdate))"],"Plans": [{"Node Type": "Gather Merge","Parent Relationship": "Outer","Parallel Aware": false,"Async Capable": false,"Startup Cost": 72556.41,"Total Cost": 73202.94,"Plan Rows": 4910,"Plan Width": 272,"Actual Startup Time": 938.524,"Actual Total Time": 987.244,"Actual Rows": 12,"Actual Loops": 1,"Workers Planned": 2,"Workers Launched": 2,"Plans": [{"Node Type": "Aggregate","Strategy": "Sorted","Partial Mode": "Partial","Parent Relationship": "Outer","Parallel Aware": false,"Async Capable": false,"Startup Cost": 71556.39,"Total Cost": 71636.18,"Plan Rows": 2455,"Plan Width": 272,"Actual Startup Time": 929.985,"Actual Total Time": 930.766,"Actual Rows": 4,"Actual Loops": 3,"Group Key": ["n1.n_name", "n2.n_name", "(EXTRACT(year FROM lineitem.l_shipdate))"],"Workers": [],"Plans": [{"Node Type": "Sort","Parent Relationship": "Outer","Parallel Aware": false,"Async Capable": false,"Startup Cost": 71556.39,"Total Cost": 71562.53,"Plan Rows": 2455,"Plan Width": 252,"Actual Startup Time": 929.726,"Actual Total Time": 929.847,"Actual Rows": 2004,"Actual Loops": 3,"Sort Key": ["n1.n_name", "n2.n_name", "(EXTRACT(year FROM lineitem.l_shipdate))"],"Sort Method": "quicksort","Sort Space Used": 265,"Sort Space Type": "Memory","Workers": [{"Worker Number": 0,"Sort Method": "quicksort","Sort Space Used": 322,"Sort Space Type": "Memory"},{"Worker Number": 1,"Sort Method": "quicksort","Sort Space Used": 264,"Sort Space Type": "Memory"}],"Plans": [{"Node Type": "Hash Join","Parent Relationship": "Outer","Parallel Aware": false,"Async Capable": false,"Join Type": "Inner","Startup Cost": 366.16,"Total Cost": 71418.15,"Plan Rows": 2455,"Plan Width": 252,"Actual Startup Time": 9.602,"Actual Total Time": 927.838,"Actual Rows": 2004,"Actual Loops": 3,"Inner Unique": false,"Hash Cond": "(lineitem.l_suppkey = supplier.s_suppkey)","Join Filter": "(((n1.n_name = 'INDONESIA'::bpchar) AND (n2.n_name = 'VIETNAM'::bpchar)) OR ((n1.n_name = 'VIETNAM'::bpchar) AND (n2.n_name = 'INDONESIA'::bpchar)))","Rows Removed by Join Filter": 2009,"Workers": [],"Plans": [{"Node Type": "Nested Loop","Parent Relationship": "Outer","Parallel Aware": false,"Async Capable": false,"Join Type": "Inner","Startup Cost": 2.26,"Total Cost": 70727.78,"Plan Rows": 60250,"Plan Width": 124,"Actual Startup Time": 0.594,"Actual Total Time": 912.149,"Actual Rows": 49725,"Actual Loops": 3,"Inner Unique": false,"Workers": [],"Plans": [{"Node Type": "Nested Loop","Parent Relationship": "Outer","Parallel Aware": false,"Async Capable": false,"Join Type": "Inner","Startup Cost": 1.83,"Total Cost": 12400.01,"Plan Rows": 49000,"Plan Width": 108,"Actual Startup Time": 0.352,"Actual Total Time": 229.802,"Actual Rows": 40575,"Actual Loops": 3,"Inner Unique": false,"Workers": [],"Plans": [{"Node Type": "Hash Join","Parent Relationship": "Outer","Parallel Aware": false,"Async Capable": false,"Join Type": "Inner","Startup Cost": 1.40,"Total Cost": 4403.27,"Plan Rows": 4900,"Plan Width": 108,"Actual Startup Time": 0.222,"Actual Total Time": 47.525,"Actual Rows": 4056,"Actual Loops": 3,"Inner Unique": true,"Hash Cond": "(customer.c_nationkey = n2.n_nationkey)","Workers": [],"Plans": [{"Node Type": "Seq Scan","Parent Relationship": "Outer","Parallel Aware": true,"Async Capable": false,"Relation Name": "customer","Alias": "customer","Startup Cost": 0.00,"Total Cost": 4210.00,"Plan Rows": 62500,"Plan Width": 8,"Actual Startup Time": 0.015,"Actual Total Time": 9.559,"Actual Rows": 50000,"Actual Loops": 3,"Workers": []},{"Node Type": "Hash","Parent Relationship": "Inner","Parallel Aware": false,"Async Capable": false,"Startup Cost": 1.38,"Total Cost": 1.38,"Plan Rows": 2,"Plan Width": 108,"Actual Startup Time": 0.092,"Actual Total Time": 0.096,"Actual Rows": 2,"Actual Loops": 3,"Hash Buckets": 1024,"Original Hash Buckets": 1024,"Hash Batches": 1,"Original Hash Batches": 1,"Peak Memory Usage": 9,"Workers": [],"Plans": [{"Node Type": "Seq Scan","Parent Relationship": "Outer","Parallel Aware": false,"Async Capable": false,"Relation Name": "nation","Alias": "n2","Startup Cost": 0.00,"Total Cost": 1.38,"Plan Rows": 2,"Plan Width": 108,"Actual Startup Time": 0.065,"Actual Total Time": 0.070,"Actual Rows": 2,"Actual Loops": 3,"Filter": "((n_name = 'VIETNAM'::bpchar) OR (n_name = 'INDONESIA'::bpchar))","Rows Removed by Filter": 23,"Workers": []}]}]},{"Node Type": "Index Scan","Parent Relationship": "Inner","Parallel Aware": false,"Async Capable": false,"Scan Direction": "Forward","Index Name": "idx_orders_custkey","Relation Name": "orders","Alias": "orders","Startup Cost": 0.43,"Total Cost": 1.46,"Plan Rows": 17,"Plan Width": 8,"Actual Startup Time": 0.007,"Actual Total Time": 0.044,"Actual Rows": 10,"Actual Loops": 12169,"Index Cond": "(o_custkey = customer.c_custkey)","Rows Removed by Index Recheck": 0,"Workers": []}]},{"Node Type": "Index Scan","Parent Relationship": "Inner","Parallel Aware": false,"Async Capable": false,"Scan Direction": "Forward","Index Name": "idx_lineitem_orderkey","Relation Name": "lineitem","Alias": "lineitem","Startup Cost": 0.43,"Total Cost": 1.14,"Plan Rows": 5,"Plan Width": 24,"Actual Startup Time": 0.016,"Actual Total Time": 0.017,"Actual Rows": 1,"Actual Loops": 121724,"Index Cond": "(l_orderkey = orders.o_orderkey)","Rows Removed by Index Recheck": 0,"Filter": "((l_shipdate >= '1995-01-01'::date) AND (l_shipdate <= '1996-12-31'::date))","Rows Removed by Filter": 3,"Workers": []}]},{"Node Type": "Hash","Parent Relationship": "Inner","Parallel Aware": false,"Async Capable": false,"Startup Cost": 354.10,"Total Cost": 354.10,"Plan Rows": 784,"Plan Width": 108,"Actual Startup Time": 8.244,"Actual Total Time": 8.260,"Actual Rows": 804,"Actual Loops": 3,"Hash Buckets": 1024,"Original Hash Buckets": 1024,"Hash Batches": 1,"Original Hash Batches": 1,"Peak Memory Usage": 57,"Workers": [],"Plans": [{"Node Type": "Hash Join","Parent Relationship": "Outer","Parallel Aware": false,"Async Capable": false,"Join Type": "Inner","Startup Cost": 1.40,"Total Cost": 354.10,"Plan Rows": 784,"Plan Width": 108,"Actual Startup Time": 0.107,"Actual Total Time": 8.069,"Actual Rows": 804,"Actual Loops": 3,"Inner Unique": true,"Hash Cond": "(supplier.s_nationkey = n1.n_nationkey)","Workers": [],"Plans": [{"Node Type": "Seq Scan","Parent Relationship": "Outer","Parallel Aware": false,"Async Capable": false,"Relation Name": "supplier","Alias": "supplier","Startup Cost": 0.00,"Total Cost": 322.00,"Plan Rows": 10000,"Plan Width": 8,"Actual Startup Time": 0.035,"Actual Total Time": 4.122,"Actual Rows": 10000,"Actual Loops": 3,"Workers": []},{"Node Type": "Hash","Parent Relationship": "Inner","Parallel Aware": false,"Async Capable": false,"Startup Cost": 1.38,"Total Cost": 1.38,"Plan Rows": 2,"Plan Width": 108,"Actual Startup Time": 0.021,"Actual Total Time": 0.027,"Actual Rows": 2,"Actual Loops": 3,"Hash Buckets": 1024,"Original Hash Buckets": 1024,"Hash Batches": 1,"Original Hash Batches": 1,"Peak Memory Usage": 9,"Workers": [],"Plans": [{"Node Type": "Seq Scan","Parent Relationship": "Outer","Parallel Aware": false,"Async Capable": false,"Relation Name": "nation","Alias": "n1","Startup Cost": 0.00,"Total Cost": 1.38,"Plan Rows": 2,"Plan Width": 108,"Actual Startup Time": 0.008,"Actual Total Time": 0.014,"Actual Rows": 2,"Actual Loops": 3,"Filter": "((n_name = 'INDONESIA'::bpchar) OR (n_name = 'VIETNAM'::bpchar))","Rows Removed by Filter": 23,"Workers": []}]}]}]}]}]}]}]}]},"Planning Time": 8.138,"Triggers": [],"Execution Time": 987.775}]
[{"Plan": {"Node Type": "Aggregate","Strategy": "Sorted","Partial Mode": "Finalize","Parallel Aware": false,"Async Capable": false,"Startup Cost": 72556.41,"Total Cost": 73352.71,"Plan Rows": 5893,"Plan Width": 272,"Actual Startup Time": 927.566,"Actual Total Time": 972.086,"Actual Rows": 4,"Actual Loops": 1,"Group Key": ["n1.n_name", "n2.n_name", "(EXTRACT(year FROM lineitem.l_shipdate))"],"Plans": [{"Node Type": "Gather Merge","Parent Relationship": "Outer","Parallel Aware": false,"Async Capable": false,"Startup Cost": 72556.41,"Total Cost": 73202.94,"Plan Rows": 4910,"Plan Width": 272,"Actual Startup Time": 927.283,"Actual Total Time": 972.025,"Actual Rows": 12,"Actual Loops": 1,"Workers Planned": 2,"Workers Launched": 2,"Plans": [{"Node Type": "Aggregate","Strategy": "Sorted","Partial Mode": "Partial","Parent Relationship": "Outer","Parallel Aware": false,"Async Capable": false,"Startup Cost": 71556.39,"Total Cost": 71636.18,"Plan Rows": 2455,"Plan Width": 272,"Actual Startup Time": 919.968,"Actual Total Time": 920.654,"Actual Rows": 4,"Actual Loops": 3,"Group Key": ["n1.n_name", "n2.n_name", "(EXTRACT(year FROM lineitem.l_shipdate))"],"Workers": [],"Plans": [{"Node Type": "Sort","Parent Relationship": "Outer","Parallel Aware": false,"Async Capable": false,"Startup Cost": 71556.39,"Total Cost": 71562.53,"Plan Rows": 2455,"Plan Width": 252,"Actual Startup Time": 919.687,"Actual Total Time": 919.802,"Actual Rows": 1994,"Actual Loops": 3,"Sort Key": ["n1.n_name", "n2.n_name", "(EXTRACT(year FROM lineitem.l_shipdate))"],"Sort Method": "quicksort","Sort Space Used": 269,"Sort Space Type": "Memory","Workers": [{"Worker Number": 0,"Sort Method": "quicksort","Sort Space Used": 267,"Sort Space Type": "Memory"},{"Worker Number": 1,"Sort Method": "quicksort","Sort Space Used": 264,"Sort Space Type": "Memory"}],"Plans": [{"Node Type": "Hash Join","Parent Relationship": "Outer","Parallel Aware": false,"Async Capable": false,"Join Type": "Inner","Startup Cost": 366.16,"Total Cost": 71418.15,"Plan Rows": 2455,"Plan Width": 252,"Actual Startup Time": 12.908,"Actual Total Time": 917.880,"Actual Rows": 1994,"Actual Loops": 3,"Inner Unique": false,"Hash Cond": "(lineitem.l_suppkey = supplier.s_suppkey)","Join Filter": "(((n1.n_name = 'ROMANIA'::bpchar) AND (n2.n_name = 'ARGENTINA'::bpchar)) OR ((n1.n_name = 'ARGENTINA'::bpchar) AND (n2.n_name = 'ROMANIA'::bpchar)))","Rows Removed by Join Filter": 1962,"Workers": [],"Plans": [{"Node Type": "Nested Loop","Parent Relationship": "Outer","Parallel Aware": false,"Async Capable": false,"Join Type": "Inner","Startup Cost": 2.26,"Total Cost": 70727.78,"Plan Rows": 60250,"Plan Width": 124,"Actual Startup Time": 1.033,"Actual Total Time": 899.991,"Actual Rows": 49074,"Actual Loops": 3,"Inner Unique": false,"Workers": [],"Plans": [{"Node Type": "Nested Loop","Parent Relationship": "Outer","Parallel Aware": false,"Async Capable": false,"Join Type": "Inner","Startup Cost": 1.83,"Total Cost": 12400.01,"Plan Rows": 49000,"Plan Width": 108,"Actual Startup Time": 0.271,"Actual Total Time": 223.151,"Actual Rows": 40186,"Actual Loops": 3,"Inner Unique": false,"Workers": [],"Plans": [{"Node Type": "Hash Join","Parent Relationship": "Outer","Parallel Aware": false,"Async Capable": false,"Join Type": "Inner","Startup Cost": 1.40,"Total Cost": 4403.27,"Plan Rows": 4900,"Plan Width": 108,"Actual Startup Time": 0.151,"Actual Total Time": 45.006,"Actual Rows": 4025,"Actual Loops": 3,"Inner Unique": true,"Hash Cond": "(customer.c_nationkey = n2.n_nationkey)","Workers": [],"Plans": [{"Node Type": "Seq Scan","Parent Relationship": "Outer","Parallel Aware": true,"Async Capable": false,"Relation Name": "customer","Alias": "customer","Startup Cost": 0.00,"Total Cost": 4210.00,"Plan Rows": 62500,"Plan Width": 8,"Actual Startup Time": 0.016,"Actual Total Time": 9.164,"Actual Rows": 50000,"Actual Loops": 3,"Workers": []},{"Node Type": "Hash","Parent Relationship": "Inner","Parallel Aware": false,"Async Capable": false,"Startup Cost": 1.38,"Total Cost": 1.38,"Plan Rows": 2,"Plan Width": 108,"Actual Startup Time": 0.068,"Actual Total Time": 0.076,"Actual Rows": 2,"Actual Loops": 3,"Hash Buckets": 1024,"Original Hash Buckets": 1024,"Hash Batches": 1,"Original Hash Batches": 1,"Peak Memory Usage": 9,"Workers": [],"Plans": [{"Node Type": "Seq Scan","Parent Relationship": "Outer","Parallel Aware": false,"Async Capable": false,"Relation Name": "nation","Alias": "n2","Startup Cost": 0.00,"Total Cost": 1.38,"Plan Rows": 2,"Plan Width": 108,"Actual Startup Time": 0.047,"Actual Total Time": 0.056,"Actual Rows": 2,"Actual Loops": 3,"Filter": "((n_name = 'ARGENTINA'::bpchar) OR (n_name = 'ROMANIA'::bpchar))","Rows Removed by Filter": 23,"Workers": []}]}]},{"Node Type": "Index Scan","Parent Relationship": "Inner","Parallel Aware": false,"Async Capable": false,"Scan Direction": "Forward","Index Name": "idx_orders_custkey","Relation Name": "orders","Alias": "orders","Startup Cost": 0.43,"Total Cost": 1.46,"Plan Rows": 17,"Plan Width": 8,"Actual Startup Time": 0.007,"Actual Total Time": 0.043,"Actual Rows": 10,"Actual Loops": 12075,"Index Cond": "(o_custkey = customer.c_custkey)","Rows Removed by Index Recheck": 0,"Workers": []}]},{"Node Type": "Index Scan","Parent Relationship": "Inner","Parallel Aware": false,"Async Capable": false,"Scan Direction": "Forward","Index Name": "idx_lineitem_orderkey","Relation Name": "lineitem","Alias": "lineitem","Startup Cost": 0.43,"Total Cost": 1.14,"Plan Rows": 5,"Plan Width": 24,"Actual Startup Time": 0.016,"Actual Total Time": 0.017,"Actual Rows": 1,"Actual Loops": 120559,"Index Cond": "(l_orderkey = orders.o_orderkey)","Rows Removed by Index Recheck": 0,"Filter": "((l_shipdate >= '1995-01-01'::date) AND (l_shipdate <= '1996-12-31'::date))","Rows Removed by Filter": 3,"Workers": []}]},{"Node Type": "Hash","Parent Relationship": "Inner","Parallel Aware": false,"Async Capable": false,"Startup Cost": 354.10,"Total Cost": 354.10,"Plan Rows": 784,"Plan Width": 108,"Actual Startup Time": 10.934,"Actual Total Time": 10.948,"Actual Rows": 811,"Actual Loops": 3,"Hash Buckets": 1024,"Original Hash Buckets": 1024,"Hash Batches": 1,"Original Hash Batches": 1,"Peak Memory Usage": 58,"Workers": [],"Plans": [{"Node Type": "Hash Join","Parent Relationship": "Outer","Parallel Aware": false,"Async Capable": false,"Join Type": "Inner","Startup Cost": 1.40,"Total Cost": 354.10,"Plan Rows": 784,"Plan Width": 108,"Actual Startup Time": 0.070,"Actual Total Time": 10.744,"Actual Rows": 811,"Actual Loops": 3,"Inner Unique": true,"Hash Cond": "(supplier.s_nationkey = n1.n_nationkey)","Workers": [],"Plans": [{"Node Type": "Seq Scan","Parent Relationship": "Outer","Parallel Aware": false,"Async Capable": false,"Relation Name": "supplier","Alias": "supplier","Startup Cost": 0.00,"Total Cost": 322.00,"Plan Rows": 10000,"Plan Width": 8,"Actual Startup Time": 0.024,"Actual Total Time": 4.360,"Actual Rows": 10000,"Actual Loops": 3,"Workers": []},{"Node Type": "Hash","Parent Relationship": "Inner","Parallel Aware": false,"Async Capable": false,"Startup Cost": 1.38,"Total Cost": 1.38,"Plan Rows": 2,"Plan Width": 108,"Actual Startup Time": 0.014,"Actual Total Time": 0.019,"Actual Rows": 2,"Actual Loops": 3,"Hash Buckets": 1024,"Original Hash Buckets": 1024,"Hash Batches": 1,"Original Hash Batches": 1,"Peak Memory Usage": 9,"Workers": [],"Plans": [{"Node Type": "Seq Scan","Parent Relationship": "Outer","Parallel Aware": false,"Async Capable": false,"Relation Name": "nation","Alias": "n1","Startup Cost": 0.00,"Total Cost": 1.38,"Plan Rows": 2,"Plan Width": 108,"Actual Startup Time": 0.004,"Actual Total Time": 0.011,"Actual Rows": 2,"Actual Loops": 3,"Filter": "((n_name = 'ROMANIA'::bpchar) OR (n_name = 'ARGENTINA'::bpchar))","Rows Removed by Filter": 23,"Workers": []}]}]}]}]}]}]}]}]},"Planning Time": 8.737,"Triggers": [],"Execution Time": 972.497}]
[{"Plan": {"Node Type": "Aggregate","Strategy": "Sorted","Partial Mode": "Finalize","Parallel Aware": false,"Async Capable": false,"Startup Cost": 72556.41,"Total Cost": 73352.71,"Plan Rows": 5893,"Plan Width": 272,"Actual Startup Time": 922.901,"Actual Total Time": 966.892,"Actual Rows": 4,"Actual Loops": 1,"Group Key": ["n1.n_name", "n2.n_name", "(EXTRACT(year FROM lineitem.l_shipdate))"],"Plans": [{"Node Type": "Gather Merge","Parent Relationship": "Outer","Parallel Aware": false,"Async Capable": false,"Startup Cost": 72556.41,"Total Cost": 73202.94,"Plan Rows": 4910,"Plan Width": 272,"Actual Startup Time": 922.635,"Actual Total Time": 966.827,"Actual Rows": 12,"Actual Loops": 1,"Workers Planned": 2,"Workers Launched": 2,"Plans": [{"Node Type": "Aggregate","Strategy": "Sorted","Partial Mode": "Partial","Parent Relationship": "Outer","Parallel Aware": false,"Async Capable": false,"Startup Cost": 71556.39,"Total Cost": 71636.18,"Plan Rows": 2455,"Plan Width": 272,"Actual Startup Time": 914.570,"Actual Total Time": 915.188,"Actual Rows": 4,"Actual Loops": 3,"Group Key": ["n1.n_name", "n2.n_name", "(EXTRACT(year FROM lineitem.l_shipdate))"],"Workers": [],"Plans": [{"Node Type": "Sort","Parent Relationship": "Outer","Parallel Aware": false,"Async Capable": false,"Startup Cost": 71556.39,"Total Cost": 71562.53,"Plan Rows": 2455,"Plan Width": 252,"Actual Startup Time": 914.337,"Actual Total Time": 914.432,"Actual Rows": 1814,"Actual Loops": 3,"Sort Key": ["n1.n_name", "n2.n_name", "(EXTRACT(year FROM lineitem.l_shipdate))"],"Sort Method": "quicksort","Sort Space Used": 253,"Sort Space Type": "Memory","Workers": [{"Worker Number": 0,"Sort Method": "quicksort","Sort Space Used": 245,"Sort Space Type": "Memory"},{"Worker Number": 1,"Sort Method": "quicksort","Sort Space Used": 243,"Sort Space Type": "Memory"}],"Plans": [{"Node Type": "Hash Join","Parent Relationship": "Outer","Parallel Aware": false,"Async Capable": false,"Join Type": "Inner","Startup Cost": 366.16,"Total Cost": 71418.15,"Plan Rows": 2455,"Plan Width": 252,"Actual Startup Time": 11.454,"Actual Total Time": 912.585,"Actual Rows": 1814,"Actual Loops": 3,"Inner Unique": false,"Hash Cond": "(lineitem.l_suppkey = supplier.s_suppkey)","Join Filter": "(((n1.n_name = 'UNITED KINGDOM'::bpchar) AND (n2.n_name = 'KENYA'::bpchar)) OR ((n1.n_name = 'KENYA'::bpchar) AND (n2.n_name = 'UNITED KINGDOM'::bpchar)))","Rows Removed by Join Filter": 1854,"Workers": [],"Plans": [{"Node Type": "Nested Loop","Parent Relationship": "Outer","Parallel Aware": false,"Async Capable": false,"Join Type": "Inner","Startup Cost": 2.26,"Total Cost": 70727.78,"Plan Rows": 60250,"Plan Width": 124,"Actual Startup Time": 0.601,"Actual Total Time": 895.930,"Actual Rows": 47880,"Actual Loops": 3,"Inner Unique": false,"Workers": [],"Plans": [{"Node Type": "Nested Loop","Parent Relationship": "Outer","Parallel Aware": false,"Async Capable": false,"Join Type": "Inner","Startup Cost": 1.83,"Total Cost": 12400.01,"Plan Rows": 49000,"Plan Width": 108,"Actual Startup Time": 0.313,"Actual Total Time": 226.359,"Actual Rows": 39465,"Actual Loops": 3,"Inner Unique": false,"Workers": [],"Plans": [{"Node Type": "Hash Join","Parent Relationship": "Outer","Parallel Aware": false,"Async Capable": false,"Join Type": "Inner","Startup Cost": 1.40,"Total Cost": 4403.27,"Plan Rows": 4900,"Plan Width": 108,"Actual Startup Time": 0.177,"Actual Total Time": 46.677,"Actual Rows": 4001,"Actual Loops": 3,"Inner Unique": true,"Hash Cond": "(customer.c_nationkey = n2.n_nationkey)","Workers": [],"Plans": [{"Node Type": "Seq Scan","Parent Relationship": "Outer","Parallel Aware": true,"Async Capable": false,"Relation Name": "customer","Alias": "customer","Startup Cost": 0.00,"Total Cost": 4210.00,"Plan Rows": 62500,"Plan Width": 8,"Actual Startup Time": 0.015,"Actual Total Time": 9.565,"Actual Rows": 50000,"Actual Loops": 3,"Workers": []},{"Node Type": "Hash","Parent Relationship": "Inner","Parallel Aware": false,"Async Capable": false,"Startup Cost": 1.38,"Total Cost": 1.38,"Plan Rows": 2,"Plan Width": 108,"Actual Startup Time": 0.075,"Actual Total Time": 0.079,"Actual Rows": 2,"Actual Loops": 3,"Hash Buckets": 1024,"Original Hash Buckets": 1024,"Hash Batches": 1,"Original Hash Batches": 1,"Peak Memory Usage": 9,"Workers": [],"Plans": [{"Node Type": "Seq Scan","Parent Relationship": "Outer","Parallel Aware": false,"Async Capable": false,"Relation Name": "nation","Alias": "n2","Startup Cost": 0.00,"Total Cost": 1.38,"Plan Rows": 2,"Plan Width": 108,"Actual Startup Time": 0.058,"Actual Total Time": 0.062,"Actual Rows": 2,"Actual Loops": 3,"Filter": "((n_name = 'KENYA'::bpchar) OR (n_name = 'UNITED KINGDOM'::bpchar))","Rows Removed by Filter": 23,"Workers": []}]}]},{"Node Type": "Index Scan","Parent Relationship": "Inner","Parallel Aware": false,"Async Capable": false,"Scan Direction": "Forward","Index Name": "idx_orders_custkey","Relation Name": "orders","Alias": "orders","Startup Cost": 0.43,"Total Cost": 1.46,"Plan Rows": 17,"Plan Width": 8,"Actual Startup Time": 0.007,"Actual Total Time": 0.044,"Actual Rows": 10,"Actual Loops": 12003,"Index Cond": "(o_custkey = customer.c_custkey)","Rows Removed by Index Recheck": 0,"Workers": []}]},{"Node Type": "Index Scan","Parent Relationship": "Inner","Parallel Aware": false,"Async Capable": false,"Scan Direction": "Forward","Index Name": "idx_lineitem_orderkey","Relation Name": "lineitem","Alias": "lineitem","Startup Cost": 0.43,"Total Cost": 1.14,"Plan Rows": 5,"Plan Width": 24,"Actual Startup Time": 0.016,"Actual Total Time": 0.017,"Actual Rows": 1,"Actual Loops": 118395,"Index Cond": "(l_orderkey = orders.o_orderkey)","Rows Removed by Index Recheck": 0,"Filter": "((l_shipdate >= '1995-01-01'::date) AND (l_shipdate <= '1996-12-31'::date))","Rows Removed by Filter": 3,"Workers": []}]},{"Node Type": "Hash","Parent Relationship": "Inner","Parallel Aware": false,"Async Capable": false,"Startup Cost": 354.10,"Total Cost": 354.10,"Plan Rows": 784,"Plan Width": 108,"Actual Startup Time": 9.558,"Actual Total Time": 9.569,"Actual Rows": 766,"Actual Loops": 3,"Hash Buckets": 1024,"Original Hash Buckets": 1024,"Hash Batches": 1,"Original Hash Batches": 1,"Peak Memory Usage": 55,"Workers": [],"Plans": [{"Node Type": "Hash Join","Parent Relationship": "Outer","Parallel Aware": false,"Async Capable": false,"Join Type": "Inner","Startup Cost": 1.40,"Total Cost": 354.10,"Plan Rows": 784,"Plan Width": 108,"Actual Startup Time": 0.099,"Actual Total Time": 9.356,"Actual Rows": 766,"Actual Loops": 3,"Inner Unique": true,"Hash Cond": "(supplier.s_nationkey = n1.n_nationkey)","Workers": [],"Plans": [{"Node Type": "Seq Scan","Parent Relationship": "Outer","Parallel Aware": false,"Async Capable": false,"Relation Name": "supplier","Alias": "supplier","Startup Cost": 0.00,"Total Cost": 322.00,"Plan Rows": 10000,"Plan Width": 8,"Actual Startup Time": 0.038,"Actual Total Time": 4.125,"Actual Rows": 10000,"Actual Loops": 3,"Workers": []},{"Node Type": "Hash","Parent Relationship": "Inner","Parallel Aware": false,"Async Capable": false,"Startup Cost": 1.38,"Total Cost": 1.38,"Plan Rows": 2,"Plan Width": 108,"Actual Startup Time": 0.021,"Actual Total Time": 0.025,"Actual Rows": 2,"Actual Loops": 3,"Hash Buckets": 1024,"Original Hash Buckets": 1024,"Hash Batches": 1,"Original Hash Batches": 1,"Peak Memory Usage": 9,"Workers": [],"Plans": [{"Node Type": "Seq Scan","Parent Relationship": "Outer","Parallel Aware": false,"Async Capable": false,"Relation Name": "nation","Alias": "n1","Startup Cost": 0.00,"Total Cost": 1.38,"Plan Rows": 2,"Plan Width": 108,"Actual Startup Time": 0.010,"Actual Total Time": 0.015,"Actual Rows": 2,"Actual Loops": 3,"Filter": "((n_name = 'UNITED KINGDOM'::bpchar) OR (n_name = 'KENYA'::bpchar))","Rows Removed by Filter": 23,"Workers": []}]}]}]}]}]}]}]}]},"Planning Time": 9.213,"Triggers": [],"Execution Time": 967.366}]
[{"Plan": {"Node Type": "Aggregate","Strategy": "Sorted","Partial Mode": "Finalize","Parallel Aware": false,"Async Capable": false,"Startup Cost": 72556.41,"Total Cost": 73352.71,"Plan Rows": 5893,"Plan Width": 272,"Actual Startup Time": 919.089,"Actual Total Time": 971.474,"Actual Rows": 4,"Actual Loops": 1,"Group Key": ["n1.n_name", "n2.n_name", "(EXTRACT(year FROM lineitem.l_shipdate))"],"Plans": [{"Node Type": "Gather Merge","Parent Relationship": "Outer","Parallel Aware": false,"Async Capable": false,"Startup Cost": 72556.41,"Total Cost": 73202.94,"Plan Rows": 4910,"Plan Width": 272,"Actual Startup Time": 918.442,"Actual Total Time": 971.401,"Actual Rows": 12,"Actual Loops": 1,"Workers Planned": 2,"Workers Launched": 2,"Plans": [{"Node Type": "Aggregate","Strategy": "Sorted","Partial Mode": "Partial","Parent Relationship": "Outer","Parallel Aware": false,"Async Capable": false,"Startup Cost": 71556.39,"Total Cost": 71636.18,"Plan Rows": 2455,"Plan Width": 272,"Actual Startup Time": 910.588,"Actual Total Time": 911.393,"Actual Rows": 4,"Actual Loops": 3,"Group Key": ["n1.n_name", "n2.n_name", "(EXTRACT(year FROM lineitem.l_shipdate))"],"Workers": [],"Plans": [{"Node Type": "Sort","Parent Relationship": "Outer","Parallel Aware": false,"Async Capable": false,"Startup Cost": 71556.39,"Total Cost": 71562.53,"Plan Rows": 2455,"Plan Width": 252,"Actual Startup Time": 910.340,"Actual Total Time": 910.457,"Actual Rows": 1850,"Actual Loops": 3,"Sort Key": ["n1.n_name", "n2.n_name", "(EXTRACT(year FROM lineitem.l_shipdate))"],"Sort Method": "quicksort","Sort Space Used": 254,"Sort Space Type": "Memory","Workers": [{"Worker Number": 0,"Sort Method": "quicksort","Sort Space Used": 244,"Sort Space Type": "Memory"},{"Worker Number": 1,"Sort Method": "quicksort","Sort Space Used": 255,"Sort Space Type": "Memory"}],"Plans": [{"Node Type": "Hash Join","Parent Relationship": "Outer","Parallel Aware": false,"Async Capable": false,"Join Type": "Inner","Startup Cost": 366.16,"Total Cost": 71418.15,"Plan Rows": 2455,"Plan Width": 252,"Actual Startup Time": 10.361,"Actual Total Time": 908.582,"Actual Rows": 1850,"Actual Loops": 3,"Inner Unique": false,"Hash Cond": "(lineitem.l_suppkey = supplier.s_suppkey)","Join Filter": "(((n1.n_name = 'MOROCCO'::bpchar) AND (n2.n_name = 'UNITED KINGDOM'::bpchar)) OR ((n1.n_name = 'UNITED KINGDOM'::bpchar) AND (n2.n_name = 'MOROCCO'::bpchar)))","Rows Removed by Join Filter": 1898,"Workers": [],"Plans": [{"Node Type": "Nested Loop","Parent Relationship": "Outer","Parallel Aware": false,"Async Capable": false,"Join Type": "Inner","Startup Cost": 2.26,"Total Cost": 70727.78,"Plan Rows": 60250,"Plan Width": 124,"Actual Startup Time": 0.552,"Actual Total Time": 893.076,"Actual Rows": 48509,"Actual Loops": 3,"Inner Unique": false,"Workers": [],"Plans": [{"Node Type": "Nested Loop","Parent Relationship": "Outer","Parallel Aware": false,"Async Capable": false,"Join Type": "Inner","Startup Cost": 1.83,"Total Cost": 12400.01,"Plan Rows": 49000,"Plan Width": 108,"Actual Startup Time": 0.287,"Actual Total Time": 224.040,"Actual Rows": 39638,"Actual Loops": 3,"Inner Unique": false,"Workers": [],"Plans": [{"Node Type": "Hash Join","Parent Relationship": "Outer","Parallel Aware": false,"Async Capable": false,"Join Type": "Inner","Startup Cost": 1.40,"Total Cost": 4403.27,"Plan Rows": 4900,"Plan Width": 108,"Actual Startup Time": 0.206,"Actual Total Time": 46.699,"Actual Rows": 3977,"Actual Loops": 3,"Inner Unique": true,"Hash Cond": "(customer.c_nationkey = n2.n_nationkey)","Workers": [],"Plans": [{"Node Type": "Seq Scan","Parent Relationship": "Outer","Parallel Aware": true,"Async Capable": false,"Relation Name": "customer","Alias": "customer","Startup Cost": 0.00,"Total Cost": 4210.00,"Plan Rows": 62500,"Plan Width": 8,"Actual Startup Time": 0.019,"Actual Total Time": 9.568,"Actual Rows": 50000,"Actual Loops": 3,"Workers": []},{"Node Type": "Hash","Parent Relationship": "Inner","Parallel Aware": false,"Async Capable": false,"Startup Cost": 1.38,"Total Cost": 1.38,"Plan Rows": 2,"Plan Width": 108,"Actual Startup Time": 0.076,"Actual Total Time": 0.080,"Actual Rows": 2,"Actual Loops": 3,"Hash Buckets": 1024,"Original Hash Buckets": 1024,"Hash Batches": 1,"Original Hash Batches": 1,"Peak Memory Usage": 9,"Workers": [],"Plans": [{"Node Type": "Seq Scan","Parent Relationship": "Outer","Parallel Aware": false,"Async Capable": false,"Relation Name": "nation","Alias": "n2","Startup Cost": 0.00,"Total Cost": 1.38,"Plan Rows": 2,"Plan Width": 108,"Actual Startup Time": 0.060,"Actual Total Time": 0.064,"Actual Rows": 2,"Actual Loops": 3,"Filter": "((n_name = 'UNITED KINGDOM'::bpchar) OR (n_name = 'MOROCCO'::bpchar))","Rows Removed by Filter": 23,"Workers": []}]}]},{"Node Type": "Index Scan","Parent Relationship": "Inner","Parallel Aware": false,"Async Capable": false,"Scan Direction": "Forward","Index Name": "idx_orders_custkey","Relation Name": "orders","Alias": "orders","Startup Cost": 0.43,"Total Cost": 1.46,"Plan Rows": 17,"Plan Width": 8,"Actual Startup Time": 0.007,"Actual Total Time": 0.043,"Actual Rows": 10,"Actual Loops": 11932,"Index Cond": "(o_custkey = customer.c_custkey)","Rows Removed by Index Recheck": 0,"Workers": []}]},{"Node Type": "Index Scan","Parent Relationship": "Inner","Parallel Aware": false,"Async Capable": false,"Scan Direction": "Forward","Index Name": "idx_lineitem_orderkey","Relation Name": "lineitem","Alias": "lineitem","Startup Cost": 0.43,"Total Cost": 1.14,"Plan Rows": 5,"Plan Width": 24,"Actual Startup Time": 0.016,"Actual Total Time": 0.017,"Actual Rows": 1,"Actual Loops": 118914,"Index Cond": "(l_orderkey = orders.o_orderkey)","Rows Removed by Index Recheck": 0,"Filter": "((l_shipdate >= '1995-01-01'::date) AND (l_shipdate <= '1996-12-31'::date))","Rows Removed by Filter": 3,"Workers": []}]},{"Node Type": "Hash","Parent Relationship": "Inner","Parallel Aware": false,"Async Capable": false,"Startup Cost": 354.10,"Total Cost": 354.10,"Plan Rows": 784,"Plan Width": 108,"Actual Startup Time": 8.510,"Actual Total Time": 8.525,"Actual Rows": 763,"Actual Loops": 3,"Hash Buckets": 1024,"Original Hash Buckets": 1024,"Hash Batches": 1,"Original Hash Batches": 1,"Peak Memory Usage": 55,"Workers": [],"Plans": [{"Node Type": "Hash Join","Parent Relationship": "Outer","Parallel Aware": false,"Async Capable": false,"Join Type": "Inner","Startup Cost": 1.40,"Total Cost": 354.10,"Plan Rows": 784,"Plan Width": 108,"Actual Startup Time": 0.076,"Actual Total Time": 8.302,"Actual Rows": 763,"Actual Loops": 3,"Inner Unique": true,"Hash Cond": "(supplier.s_nationkey = n1.n_nationkey)","Workers": [],"Plans": [{"Node Type": "Seq Scan","Parent Relationship": "Outer","Parallel Aware": false,"Async Capable": false,"Relation Name": "supplier","Alias": "supplier","Startup Cost": 0.00,"Total Cost": 322.00,"Plan Rows": 10000,"Plan Width": 8,"Actual Startup Time": 0.027,"Actual Total Time": 4.669,"Actual Rows": 10000,"Actual Loops": 3,"Workers": []},{"Node Type": "Hash","Parent Relationship": "Inner","Parallel Aware": false,"Async Capable": false,"Startup Cost": 1.38,"Total Cost": 1.38,"Plan Rows": 2,"Plan Width": 108,"Actual Startup Time": 0.016,"Actual Total Time": 0.021,"Actual Rows": 2,"Actual Loops": 3,"Hash Buckets": 1024,"Original Hash Buckets": 1024,"Hash Batches": 1,"Original Hash Batches": 1,"Peak Memory Usage": 9,"Workers": [],"Plans": [{"Node Type": "Seq Scan","Parent Relationship": "Outer","Parallel Aware": false,"Async Capable": false,"Relation Name": "nation","Alias": "n1","Startup Cost": 0.00,"Total Cost": 1.38,"Plan Rows": 2,"Plan Width": 108,"Actual Startup Time": 0.007,"Actual Total Time": 0.012,"Actual Rows": 2,"Actual Loops": 3,"Filter": "((n_name = 'MOROCCO'::bpchar) OR (n_name = 'UNITED KINGDOM'::bpchar))","Rows Removed by Filter": 23,"Workers": []}]}]}]}]}]}]}]}]},"Planning Time": 8.832,"Triggers": [],"Execution Time": 971.964}]
[{"Plan": {"Node Type": "Aggregate","Strategy": "Sorted","Partial Mode": "Finalize","Parallel Aware": false,"Async Capable": false,"Startup Cost": 72556.41,"Total Cost": 73352.71,"Plan Rows": 5893,"Plan Width": 272,"Actual Startup Time": 917.248,"Actual Total Time": 961.412,"Actual Rows": 4,"Actual Loops": 1,"Group Key": ["n1.n_name", "n2.n_name", "(EXTRACT(year FROM lineitem.l_shipdate))"],"Plans": [{"Node Type": "Gather Merge","Parent Relationship": "Outer","Parallel Aware": false,"Async Capable": false,"Startup Cost": 72556.41,"Total Cost": 73202.94,"Plan Rows": 4910,"Plan Width": 272,"Actual Startup Time": 916.863,"Actual Total Time": 961.337,"Actual Rows": 12,"Actual Loops": 1,"Workers Planned": 2,"Workers Launched": 2,"Plans": [{"Node Type": "Aggregate","Strategy": "Sorted","Partial Mode": "Partial","Parent Relationship": "Outer","Parallel Aware": false,"Async Capable": false,"Startup Cost": 71556.39,"Total Cost": 71636.18,"Plan Rows": 2455,"Plan Width": 272,"Actual Startup Time": 909.267,"Actual Total Time": 910.017,"Actual Rows": 4,"Actual Loops": 3,"Group Key": ["n1.n_name", "n2.n_name", "(EXTRACT(year FROM lineitem.l_shipdate))"],"Workers": [],"Plans": [{"Node Type": "Sort","Parent Relationship": "Outer","Parallel Aware": false,"Async Capable": false,"Startup Cost": 71556.39,"Total Cost": 71562.53,"Plan Rows": 2455,"Plan Width": 252,"Actual Startup Time": 908.966,"Actual Total Time": 909.083,"Actual Rows": 2029,"Actual Loops": 3,"Sort Key": ["n1.n_name", "n2.n_name", "(EXTRACT(year FROM lineitem.l_shipdate))"],"Sort Method": "quicksort","Sort Space Used": 325,"Sort Space Type": "Memory","Workers": [{"Worker Number": 0,"Sort Method": "quicksort","Sort Space Used": 264,"Sort Space Type": "Memory"},{"Worker Number": 1,"Sort Method": "quicksort","Sort Space Used": 270,"Sort Space Type": "Memory"}],"Plans": [{"Node Type": "Hash Join","Parent Relationship": "Outer","Parallel Aware": false,"Async Capable": false,"Join Type": "Inner","Startup Cost": 366.16,"Total Cost": 71418.15,"Plan Rows": 2455,"Plan Width": 252,"Actual Startup Time": 9.606,"Actual Total Time": 907.128,"Actual Rows": 2029,"Actual Loops": 3,"Inner Unique": false,"Hash Cond": "(lineitem.l_suppkey = supplier.s_suppkey)","Join Filter": "(((n1.n_name = 'ALGERIA'::bpchar) AND (n2.n_name = 'CANADA'::bpchar)) OR ((n1.n_name = 'CANADA'::bpchar) AND (n2.n_name = 'ALGERIA'::bpchar)))","Rows Removed by Join Filter": 2035,"Workers": [],"Plans": [{"Node Type": "Nested Loop","Parent Relationship": "Outer","Parallel Aware": false,"Async Capable": false,"Join Type": "Inner","Startup Cost": 2.26,"Total Cost": 70727.78,"Plan Rows": 60250,"Plan Width": 124,"Actual Startup Time": 0.641,"Actual Total Time": 892.728,"Actual Rows": 48782,"Actual Loops": 3,"Inner Unique": false,"Workers": [],"Plans": [{"Node Type": "Nested Loop","Parent Relationship": "Outer","Parallel Aware": false,"Async Capable": false,"Join Type": "Inner","Startup Cost": 1.83,"Total Cost": 12400.01,"Plan Rows": 49000,"Plan Width": 108,"Actual Startup Time": 0.228,"Actual Total Time": 219.980,"Actual Rows": 40034,"Actual Loops": 3,"Inner Unique": false,"Workers": [],"Plans": [{"Node Type": "Hash Join","Parent Relationship": "Outer","Parallel Aware": false,"Async Capable": false,"Join Type": "Inner","Startup Cost": 1.40,"Total Cost": 4403.27,"Plan Rows": 4900,"Plan Width": 108,"Actual Startup Time": 0.148,"Actual Total Time": 43.023,"Actual Rows": 3982,"Actual Loops": 3,"Inner Unique": true,"Hash Cond": "(customer.c_nationkey = n2.n_nationkey)","Workers": [],"Plans": [{"Node Type": "Seq Scan","Parent Relationship": "Outer","Parallel Aware": true,"Async Capable": false,"Relation Name": "customer","Alias": "customer","Startup Cost": 0.00,"Total Cost": 4210.00,"Plan Rows": 62500,"Plan Width": 8,"Actual Startup Time": 0.015,"Actual Total Time": 9.014,"Actual Rows": 50000,"Actual Loops": 3,"Workers": []},{"Node Type": "Hash","Parent Relationship": "Inner","Parallel Aware": false,"Async Capable": false,"Startup Cost": 1.38,"Total Cost": 1.38,"Plan Rows": 2,"Plan Width": 108,"Actual Startup Time": 0.063,"Actual Total Time": 0.068,"Actual Rows": 2,"Actual Loops": 3,"Hash Buckets": 1024,"Original Hash Buckets": 1024,"Hash Batches": 1,"Original Hash Batches": 1,"Peak Memory Usage": 9,"Workers": [],"Plans": [{"Node Type": "Seq Scan","Parent Relationship": "Outer","Parallel Aware": false,"Async Capable": false,"Relation Name": "nation","Alias": "n2","Startup Cost": 0.00,"Total Cost": 1.38,"Plan Rows": 2,"Plan Width": 108,"Actual Startup Time": 0.047,"Actual Total Time": 0.053,"Actual Rows": 2,"Actual Loops": 3,"Filter": "((n_name = 'CANADA'::bpchar) OR (n_name = 'ALGERIA'::bpchar))","Rows Removed by Filter": 23,"Workers": []}]}]},{"Node Type": "Index Scan","Parent Relationship": "Inner","Parallel Aware": false,"Async Capable": false,"Scan Direction": "Forward","Index Name": "idx_orders_custkey","Relation Name": "orders","Alias": "orders","Startup Cost": 0.43,"Total Cost": 1.46,"Plan Rows": 17,"Plan Width": 8,"Actual Startup Time": 0.007,"Actual Total Time": 0.043,"Actual Rows": 10,"Actual Loops": 11945,"Index Cond": "(o_custkey = customer.c_custkey)","Rows Removed by Index Recheck": 0,"Workers": []}]},{"Node Type": "Index Scan","Parent Relationship": "Inner","Parallel Aware": false,"Async Capable": false,"Scan Direction": "Forward","Index Name": "idx_lineitem_orderkey","Relation Name": "lineitem","Alias": "lineitem","Startup Cost": 0.43,"Total Cost": 1.14,"Plan Rows": 5,"Plan Width": 24,"Actual Startup Time": 0.016,"Actual Total Time": 0.017,"Actual Rows": 1,"Actual Loops": 120102,"Index Cond": "(l_orderkey = orders.o_orderkey)","Rows Removed by Index Recheck": 0,"Filter": "((l_shipdate >= '1995-01-01'::date) AND (l_shipdate <= '1996-12-31'::date))","Rows Removed by Filter": 3,"Workers": []}]},{"Node Type": "Hash","Parent Relationship": "Inner","Parallel Aware": false,"Async Capable": false,"Startup Cost": 354.10,"Total Cost": 354.10,"Plan Rows": 784,"Plan Width": 108,"Actual Startup Time": 6.996,"Actual Total Time": 7.012,"Actual Rows": 832,"Actual Loops": 3,"Hash Buckets": 1024,"Original Hash Buckets": 1024,"Hash Batches": 1,"Original Hash Batches": 1,"Peak Memory Usage": 59,"Workers": [],"Plans": [{"Node Type": "Hash Join","Parent Relationship": "Outer","Parallel Aware": false,"Async Capable": false,"Join Type": "Inner","Startup Cost": 1.40,"Total Cost": 354.10,"Plan Rows": 784,"Plan Width": 108,"Actual Startup Time": 0.070,"Actual Total Time": 6.788,"Actual Rows": 832,"Actual Loops": 3,"Inner Unique": true,"Hash Cond": "(supplier.s_nationkey = n1.n_nationkey)","Workers": [],"Plans": [{"Node Type": "Seq Scan","Parent Relationship": "Outer","Parallel Aware": false,"Async Capable": false,"Relation Name": "supplier","Alias": "supplier","Startup Cost": 0.00,"Total Cost": 322.00,"Plan Rows": 10000,"Plan Width": 8,"Actual Startup Time": 0.025,"Actual Total Time": 3.515,"Actual Rows": 10000,"Actual Loops": 3,"Workers": []},{"Node Type": "Hash","Parent Relationship": "Inner","Parallel Aware": false,"Async Capable": false,"Startup Cost": 1.38,"Total Cost": 1.38,"Plan Rows": 2,"Plan Width": 108,"Actual Startup Time": 0.012,"Actual Total Time": 0.017,"Actual Rows": 2,"Actual Loops": 3,"Hash Buckets": 1024,"Original Hash Buckets": 1024,"Hash Batches": 1,"Original Hash Batches": 1,"Peak Memory Usage": 9,"Workers": [],"Plans": [{"Node Type": "Seq Scan","Parent Relationship": "Outer","Parallel Aware": false,"Async Capable": false,"Relation Name": "nation","Alias": "n1","Startup Cost": 0.00,"Total Cost": 1.38,"Plan Rows": 2,"Plan Width": 108,"Actual Startup Time": 0.003,"Actual Total Time": 0.009,"Actual Rows": 2,"Actual Loops": 3,"Filter": "((n_name = 'ALGERIA'::bpchar) OR (n_name = 'CANADA'::bpchar))","Rows Removed by Filter": 23,"Workers": []}]}]}]}]}]}]}]}]},"Planning Time": 8.922,"Triggers": [],"Execution Time": 962.034}]
[{"Plan": {"Node Type": "Aggregate","Strategy": "Sorted","Partial Mode": "Finalize","Parallel Aware": false,"Async Capable": false,"Startup Cost": 72556.41,"Total Cost": 73352.71,"Plan Rows": 5893,"Plan Width": 272,"Actual Startup Time": 923.584,"Actual Total Time": 981.020,"Actual Rows": 4,"Actual Loops": 1,"Group Key": ["n1.n_name", "n2.n_name", "(EXTRACT(year FROM lineitem.l_shipdate))"],"Plans": [{"Node Type": "Gather Merge","Parent Relationship": "Outer","Parallel Aware": false,"Async Capable": false,"Startup Cost": 72556.41,"Total Cost": 73202.94,"Plan Rows": 4910,"Plan Width": 272,"Actual Startup Time": 922.748,"Actual Total Time": 980.953,"Actual Rows": 12,"Actual Loops": 1,"Workers Planned": 2,"Workers Launched": 2,"Plans": [{"Node Type": "Aggregate","Strategy": "Sorted","Partial Mode": "Partial","Parent Relationship": "Outer","Parallel Aware": false,"Async Capable": false,"Startup Cost": 71556.39,"Total Cost": 71636.18,"Plan Rows": 2455,"Plan Width": 272,"Actual Startup Time": 914.362,"Actual Total Time": 915.309,"Actual Rows": 4,"Actual Loops": 3,"Group Key": ["n1.n_name", "n2.n_name", "(EXTRACT(year FROM lineitem.l_shipdate))"],"Workers": [],"Plans": [{"Node Type": "Sort","Parent Relationship": "Outer","Parallel Aware": false,"Async Capable": false,"Startup Cost": 71556.39,"Total Cost": 71562.53,"Plan Rows": 2455,"Plan Width": 252,"Actual Startup Time": 914.107,"Actual Total Time": 914.229,"Actual Rows": 1948,"Actual Loops": 3,"Sort Key": ["n1.n_name", "n2.n_name", "(EXTRACT(year FROM lineitem.l_shipdate))"],"Sort Method": "quicksort","Sort Space Used": 257,"Sort Space Type": "Memory","Workers": [{"Worker Number": 0,"Sort Method": "quicksort","Sort Space Used": 271,"Sort Space Type": "Memory"},{"Worker Number": 1,"Sort Method": "quicksort","Sort Space Used": 257,"Sort Space Type": "Memory"}],"Plans": [{"Node Type": "Hash Join","Parent Relationship": "Outer","Parallel Aware": false,"Async Capable": false,"Join Type": "Inner","Startup Cost": 366.16,"Total Cost": 71418.15,"Plan Rows": 2455,"Plan Width": 252,"Actual Startup Time": 9.495,"Actual Total Time": 912.275,"Actual Rows": 1948,"Actual Loops": 3,"Inner Unique": false,"Hash Cond": "(lineitem.l_suppkey = supplier.s_suppkey)","Join Filter": "(((n1.n_name = 'IRAN'::bpchar) AND (n2.n_name = 'BRAZIL'::bpchar)) OR ((n1.n_name = 'BRAZIL'::bpchar) AND (n2.n_name = 'IRAN'::bpchar)))","Rows Removed by Join Filter": 1887,"Workers": [],"Plans": [{"Node Type": "Nested Loop","Parent Relationship": "Outer","Parallel Aware": false,"Async Capable": false,"Join Type": "Inner","Startup Cost": 2.26,"Total Cost": 70727.78,"Plan Rows": 60250,"Plan Width": 124,"Actual Startup Time": 1.067,"Actual Total Time": 898.191,"Actual Rows": 48493,"Actual Loops": 3,"Inner Unique": false,"Workers": [],"Plans": [{"Node Type": "Nested Loop","Parent Relationship": "Outer","Parallel Aware": false,"Async Capable": false,"Join Type": "Inner","Startup Cost": 1.83,"Total Cost": 12400.01,"Plan Rows": 49000,"Plan Width": 108,"Actual Startup Time": 0.317,"Actual Total Time": 225.340,"Actual Rows": 39937,"Actual Loops": 3,"Inner Unique": false,"Workers": [],"Plans": [{"Node Type": "Hash Join","Parent Relationship": "Outer","Parallel Aware": false,"Async Capable": false,"Join Type": "Inner","Startup Cost": 1.40,"Total Cost": 4403.27,"Plan Rows": 4900,"Plan Width": 108,"Actual Startup Time": 0.205,"Actual Total Time": 46.672,"Actual Rows": 4003,"Actual Loops": 3,"Inner Unique": true,"Hash Cond": "(customer.c_nationkey = n2.n_nationkey)","Workers": [],"Plans": [{"Node Type": "Seq Scan","Parent Relationship": "Outer","Parallel Aware": true,"Async Capable": false,"Relation Name": "customer","Alias": "customer","Startup Cost": 0.00,"Total Cost": 4210.00,"Plan Rows": 62500,"Plan Width": 8,"Actual Startup Time": 0.012,"Actual Total Time": 9.635,"Actual Rows": 50000,"Actual Loops": 3,"Workers": []},{"Node Type": "Hash","Parent Relationship": "Inner","Parallel Aware": false,"Async Capable": false,"Startup Cost": 1.38,"Total Cost": 1.38,"Plan Rows": 2,"Plan Width": 108,"Actual Startup Time": 0.090,"Actual Total Time": 0.096,"Actual Rows": 2,"Actual Loops": 3,"Hash Buckets": 1024,"Original Hash Buckets": 1024,"Hash Batches": 1,"Original Hash Batches": 1,"Peak Memory Usage": 9,"Workers": [],"Plans": [{"Node Type": "Seq Scan","Parent Relationship": "Outer","Parallel Aware": false,"Async Capable": false,"Relation Name": "nation","Alias": "n2","Startup Cost": 0.00,"Total Cost": 1.38,"Plan Rows": 2,"Plan Width": 108,"Actual Startup Time": 0.063,"Actual Total Time": 0.072,"Actual Rows": 2,"Actual Loops": 3,"Filter": "((n_name = 'BRAZIL'::bpchar) OR (n_name = 'IRAN'::bpchar))","Rows Removed by Filter": 23,"Workers": []}]}]},{"Node Type": "Index Scan","Parent Relationship": "Inner","Parallel Aware": false,"Async Capable": false,"Scan Direction": "Forward","Index Name": "idx_orders_custkey","Relation Name": "orders","Alias": "orders","Startup Cost": 0.43,"Total Cost": 1.46,"Plan Rows": 17,"Plan Width": 8,"Actual Startup Time": 0.007,"Actual Total Time": 0.043,"Actual Rows": 10,"Actual Loops": 12008,"Index Cond": "(o_custkey = customer.c_custkey)","Rows Removed by Index Recheck": 0,"Workers": []}]},{"Node Type": "Index Scan","Parent Relationship": "Inner","Parallel Aware": false,"Async Capable": false,"Scan Direction": "Forward","Index Name": "idx_lineitem_orderkey","Relation Name": "lineitem","Alias": "lineitem","Startup Cost": 0.43,"Total Cost": 1.14,"Plan Rows": 5,"Plan Width": 24,"Actual Startup Time": 0.016,"Actual Total Time": 0.017,"Actual Rows": 1,"Actual Loops": 119812,"Index Cond": "(l_orderkey = orders.o_orderkey)","Rows Removed by Index Recheck": 0,"Filter": "((l_shipdate >= '1995-01-01'::date) AND (l_shipdate <= '1996-12-31'::date))","Rows Removed by Filter": 3,"Workers": []}]},{"Node Type": "Hash","Parent Relationship": "Inner","Parallel Aware": false,"Async Capable": false,"Startup Cost": 354.10,"Total Cost": 354.10,"Plan Rows": 784,"Plan Width": 108,"Actual Startup Time": 6.696,"Actual Total Time": 6.710,"Actual Rows": 790,"Actual Loops": 3,"Hash Buckets": 1024,"Original Hash Buckets": 1024,"Hash Batches": 1,"Original Hash Batches": 1,"Peak Memory Usage": 56,"Workers": [],"Plans": [{"Node Type": "Hash Join","Parent Relationship": "Outer","Parallel Aware": false,"Async Capable": false,"Join Type": "Inner","Startup Cost": 1.40,"Total Cost": 354.10,"Plan Rows": 784,"Plan Width": 108,"Actual Startup Time": 0.093,"Actual Total Time": 6.530,"Actual Rows": 790,"Actual Loops": 3,"Inner Unique": true,"Hash Cond": "(supplier.s_nationkey = n1.n_nationkey)","Workers": [],"Plans": [{"Node Type": "Seq Scan","Parent Relationship": "Outer","Parallel Aware": false,"Async Capable": false,"Relation Name": "supplier","Alias": "supplier","Startup Cost": 0.00,"Total Cost": 322.00,"Plan Rows": 10000,"Plan Width": 8,"Actual Startup Time": 0.032,"Actual Total Time": 3.453,"Actual Rows": 10000,"Actual Loops": 3,"Workers": []},{"Node Type": "Hash","Parent Relationship": "Inner","Parallel Aware": false,"Async Capable": false,"Startup Cost": 1.38,"Total Cost": 1.38,"Plan Rows": 2,"Plan Width": 108,"Actual Startup Time": 0.020,"Actual Total Time": 0.026,"Actual Rows": 2,"Actual Loops": 3,"Hash Buckets": 1024,"Original Hash Buckets": 1024,"Hash Batches": 1,"Original Hash Batches": 1,"Peak Memory Usage": 9,"Workers": [],"Plans": [{"Node Type": "Seq Scan","Parent Relationship": "Outer","Parallel Aware": false,"Async Capable": false,"Relation Name": "nation","Alias": "n1","Startup Cost": 0.00,"Total Cost": 1.38,"Plan Rows": 2,"Plan Width": 108,"Actual Startup Time": 0.006,"Actual Total Time": 0.014,"Actual Rows": 2,"Actual Loops": 3,"Filter": "((n_name = 'IRAN'::bpchar) OR (n_name = 'BRAZIL'::bpchar))","Rows Removed by Filter": 23,"Workers": []}]}]}]}]}]}]}]}]},"Planning Time": 8.834,"Triggers": [],"Execution Time": 981.519}]
[{"Plan": {"Node Type": "Aggregate","Strategy": "Sorted","Partial Mode": "Finalize","Parallel Aware": false,"Async Capable": false,"Startup Cost": 72556.41,"Total Cost": 73352.71,"Plan Rows": 5893,"Plan Width": 272,"Actual Startup Time": 919.612,"Actual Total Time": 962.509,"Actual Rows": 4,"Actual Loops": 1,"Group Key": ["n1.n_name", "n2.n_name", "(EXTRACT(year FROM lineitem.l_shipdate))"],"Plans": [{"Node Type": "Gather Merge","Parent Relationship": "Outer","Parallel Aware": false,"Async Capable": false,"Startup Cost": 72556.41,"Total Cost": 73202.94,"Plan Rows": 4910,"Plan Width": 272,"Actual Startup Time": 918.869,"Actual Total Time": 962.424,"Actual Rows": 12,"Actual Loops": 1,"Workers Planned": 2,"Workers Launched": 2,"Plans": [{"Node Type": "Aggregate","Strategy": "Sorted","Partial Mode": "Partial","Parent Relationship": "Outer","Parallel Aware": false,"Async Capable": false,"Startup Cost": 71556.39,"Total Cost": 71636.18,"Plan Rows": 2455,"Plan Width": 272,"Actual Startup Time": 910.859,"Actual Total Time": 911.760,"Actual Rows": 4,"Actual Loops": 3,"Group Key": ["n1.n_name", "n2.n_name", "(EXTRACT(year FROM lineitem.l_shipdate))"],"Workers": [],"Plans": [{"Node Type": "Sort","Parent Relationship": "Outer","Parallel Aware": false,"Async Capable": false,"Startup Cost": 71556.39,"Total Cost": 71562.53,"Plan Rows": 2455,"Plan Width": 252,"Actual Startup Time": 910.586,"Actual Total Time": 910.716,"Actual Rows": 2034,"Actual Loops": 3,"Sort Key": ["n1.n_name", "n2.n_name", "(EXTRACT(year FROM lineitem.l_shipdate))"],"Sort Method": "quicksort","Sort Space Used": 323,"Sort Space Type": "Memory","Workers": [{"Worker Number": 0,"Sort Method": "quicksort","Sort Space Used": 267,"Sort Space Type": "Memory"},{"Worker Number": 1,"Sort Method": "quicksort","Sort Space Used": 271,"Sort Space Type": "Memory"}],"Plans": [{"Node Type": "Hash Join","Parent Relationship": "Outer","Parallel Aware": false,"Async Capable": false,"Join Type": "Inner","Startup Cost": 366.16,"Total Cost": 71418.15,"Plan Rows": 2455,"Plan Width": 252,"Actual Startup Time": 13.538,"Actual Total Time": 908.594,"Actual Rows": 2034,"Actual Loops": 3,"Inner Unique": false,"Hash Cond": "(lineitem.l_suppkey = supplier.s_suppkey)","Join Filter": "(((n1.n_name = 'IRAQ'::bpchar) AND (n2.n_name = 'BRAZIL'::bpchar)) OR ((n1.n_name = 'BRAZIL'::bpchar) AND (n2.n_name = 'IRAQ'::bpchar)))","Rows Removed by Join Filter": 2032,"Workers": [],"Plans": [{"Node Type": "Nested Loop","Parent Relationship": "Outer","Parallel Aware": false,"Async Capable": false,"Join Type": "Inner","Startup Cost": 2.26,"Total Cost": 70727.78,"Plan Rows": 60250,"Plan Width": 124,"Actual Startup Time": 1.133,"Actual Total Time": 890.339,"Actual Rows": 48292,"Actual Loops": 3,"Inner Unique": false,"Workers": [],"Plans": [{"Node Type": "Nested Loop","Parent Relationship": "Outer","Parallel Aware": false,"Async Capable": false,"Join Type": "Inner","Startup Cost": 1.83,"Total Cost": 12400.01,"Plan Rows": 49000,"Plan Width": 108,"Actual Startup Time": 0.351,"Actual Total Time": 220.958,"Actual Rows": 39680,"Actual Loops": 3,"Inner Unique": false,"Workers": [],"Plans": [{"Node Type": "Hash Join","Parent Relationship": "Outer","Parallel Aware": false,"Async Capable": false,"Join Type": "Inner","Startup Cost": 1.40,"Total Cost": 4403.27,"Plan Rows": 4900,"Plan Width": 108,"Actual Startup Time": 0.214,"Actual Total Time": 43.655,"Actual Rows": 3987,"Actual Loops": 3,"Inner Unique": true,"Hash Cond": "(customer.c_nationkey = n2.n_nationkey)","Workers": [],"Plans": [{"Node Type": "Seq Scan","Parent Relationship": "Outer","Parallel Aware": true,"Async Capable": false,"Relation Name": "customer","Alias": "customer","Startup Cost": 0.00,"Total Cost": 4210.00,"Plan Rows": 62500,"Plan Width": 8,"Actual Startup Time": 0.015,"Actual Total Time": 9.084,"Actual Rows": 50000,"Actual Loops": 3,"Workers": []},{"Node Type": "Hash","Parent Relationship": "Inner","Parallel Aware": false,"Async Capable": false,"Startup Cost": 1.38,"Total Cost": 1.38,"Plan Rows": 2,"Plan Width": 108,"Actual Startup Time": 0.094,"Actual Total Time": 0.101,"Actual Rows": 2,"Actual Loops": 3,"Hash Buckets": 1024,"Original Hash Buckets": 1024,"Hash Batches": 1,"Original Hash Batches": 1,"Peak Memory Usage": 9,"Workers": [],"Plans": [{"Node Type": "Seq Scan","Parent Relationship": "Outer","Parallel Aware": false,"Async Capable": false,"Relation Name": "nation","Alias": "n2","Startup Cost": 0.00,"Total Cost": 1.38,"Plan Rows": 2,"Plan Width": 108,"Actual Startup Time": 0.072,"Actual Total Time": 0.082,"Actual Rows": 2,"Actual Loops": 3,"Filter": "((n_name = 'BRAZIL'::bpchar) OR (n_name = 'IRAQ'::bpchar))","Rows Removed by Filter": 23,"Workers": []}]}]},{"Node Type": "Index Scan","Parent Relationship": "Inner","Parallel Aware": false,"Async Capable": false,"Scan Direction": "Forward","Index Name": "idx_orders_custkey","Relation Name": "orders","Alias": "orders","Startup Cost": 0.43,"Total Cost": 1.46,"Plan Rows": 17,"Plan Width": 8,"Actual Startup Time": 0.007,"Actual Total Time": 0.043,"Actual Rows": 10,"Actual Loops": 11962,"Index Cond": "(o_custkey = customer.c_custkey)","Rows Removed by Index Recheck": 0,"Workers": []}]},{"Node Type": "Index Scan","Parent Relationship": "Inner","Parallel Aware": false,"Async Capable": false,"Scan Direction": "Forward","Index Name": "idx_lineitem_orderkey","Relation Name": "lineitem","Alias": "lineitem","Startup Cost": 0.43,"Total Cost": 1.14,"Plan Rows": 5,"Plan Width": 24,"Actual Startup Time": 0.016,"Actual Total Time": 0.017,"Actual Rows": 1,"Actual Loops": 119039,"Index Cond": "(l_orderkey = orders.o_orderkey)","Rows Removed by Index Recheck": 0,"Filter": "((l_shipdate >= '1995-01-01'::date) AND (l_shipdate <= '1996-12-31'::date))","Rows Removed by Filter": 3,"Workers": []}]},{"Node Type": "Hash","Parent Relationship": "Inner","Parallel Aware": false,"Async Capable": false,"Startup Cost": 354.10,"Total Cost": 354.10,"Plan Rows": 784,"Plan Width": 108,"Actual Startup Time": 10.969,"Actual Total Time": 10.982,"Actual Rows": 835,"Actual Loops": 3,"Hash Buckets": 1024,"Original Hash Buckets": 1024,"Hash Batches": 1,"Original Hash Batches": 1,"Peak Memory Usage": 59,"Workers": [],"Plans": [{"Node Type": "Hash Join","Parent Relationship": "Outer","Parallel Aware": false,"Async Capable": false,"Join Type": "Inner","Startup Cost": 1.40,"Total Cost": 354.10,"Plan Rows": 784,"Plan Width": 108,"Actual Startup Time": 0.100,"Actual Total Time": 10.775,"Actual Rows": 835,"Actual Loops": 3,"Inner Unique": true,"Hash Cond": "(supplier.s_nationkey = n1.n_nationkey)","Workers": [],"Plans": [{"Node Type": "Seq Scan","Parent Relationship": "Outer","Parallel Aware": false,"Async Capable": false,"Relation Name": "supplier","Alias": "supplier","Startup Cost": 0.00,"Total Cost": 322.00,"Plan Rows": 10000,"Plan Width": 8,"Actual Startup Time": 0.037,"Actual Total Time": 4.489,"Actual Rows": 10000,"Actual Loops": 3,"Workers": []},{"Node Type": "Hash","Parent Relationship": "Inner","Parallel Aware": false,"Async Capable": false,"Startup Cost": 1.38,"Total Cost": 1.38,"Plan Rows": 2,"Plan Width": 108,"Actual Startup Time": 0.020,"Actual Total Time": 0.025,"Actual Rows": 2,"Actual Loops": 3,"Hash Buckets": 1024,"Original Hash Buckets": 1024,"Hash Batches": 1,"Original Hash Batches": 1,"Peak Memory Usage": 9,"Workers": [],"Plans": [{"Node Type": "Seq Scan","Parent Relationship": "Outer","Parallel Aware": false,"Async Capable": false,"Relation Name": "nation","Alias": "n1","Startup Cost": 0.00,"Total Cost": 1.38,"Plan Rows": 2,"Plan Width": 108,"Actual Startup Time": 0.007,"Actual Total Time": 0.014,"Actual Rows": 2,"Actual Loops": 3,"Filter": "((n_name = 'IRAQ'::bpchar) OR (n_name = 'BRAZIL'::bpchar))","Rows Removed by Filter": 23,"Workers": []}]}]}]}]}]}]}]}]},"Planning Time": 8.725,"Triggers": [],"Execution Time": 963.008}]
[{"Plan": {"Node Type": "Aggregate","Strategy": "Sorted","Partial Mode": "Finalize","Parallel Aware": false,"Async Capable": false,"Startup Cost": 72556.41,"Total Cost": 73352.71,"Plan Rows": 5893,"Plan Width": 272,"Actual Startup Time": 932.008,"Actual Total Time": 986.557,"Actual Rows": 4,"Actual Loops": 1,"Group Key": ["n1.n_name", "n2.n_name", "(EXTRACT(year FROM lineitem.l_shipdate))"],"Plans": [{"Node Type": "Gather Merge","Parent Relationship": "Outer","Parallel Aware": false,"Async Capable": false,"Startup Cost": 72556.41,"Total Cost": 73202.94,"Plan Rows": 4910,"Plan Width": 272,"Actual Startup Time": 931.422,"Actual Total Time": 986.482,"Actual Rows": 12,"Actual Loops": 1,"Workers Planned": 2,"Workers Launched": 2,"Plans": [{"Node Type": "Aggregate","Strategy": "Sorted","Partial Mode": "Partial","Parent Relationship": "Outer","Parallel Aware": false,"Async Capable": false,"Startup Cost": 71556.39,"Total Cost": 71636.18,"Plan Rows": 2455,"Plan Width": 272,"Actual Startup Time": 922.824,"Actual Total Time": 923.607,"Actual Rows": 4,"Actual Loops": 3,"Group Key": ["n1.n_name", "n2.n_name", "(EXTRACT(year FROM lineitem.l_shipdate))"],"Workers": [],"Plans": [{"Node Type": "Sort","Parent Relationship": "Outer","Parallel Aware": false,"Async Capable": false,"Startup Cost": 71556.39,"Total Cost": 71562.53,"Plan Rows": 2455,"Plan Width": 252,"Actual Startup Time": 922.558,"Actual Total Time": 922.672,"Actual Rows": 1965,"Actual Loops": 3,"Sort Key": ["n1.n_name", "n2.n_name", "(EXTRACT(year FROM lineitem.l_shipdate))"],"Sort Method": "quicksort","Sort Space Used": 260,"Sort Space Type": "Memory","Workers": [{"Worker Number": 0,"Sort Method": "quicksort","Sort Space Used": 261,"Sort Space Type": "Memory"},{"Worker Number": 1,"Sort Method": "quicksort","Sort Space Used": 269,"Sort Space Type": "Memory"}],"Plans": [{"Node Type": "Hash Join","Parent Relationship": "Outer","Parallel Aware": false,"Async Capable": false,"Join Type": "Inner","Startup Cost": 366.16,"Total Cost": 71418.15,"Plan Rows": 2455,"Plan Width": 252,"Actual Startup Time": 10.923,"Actual Total Time": 920.757,"Actual Rows": 1965,"Actual Loops": 3,"Inner Unique": false,"Hash Cond": "(lineitem.l_suppkey = supplier.s_suppkey)","Join Filter": "(((n1.n_name = 'UNITED STATES'::bpchar) AND (n2.n_name = 'CHINA'::bpchar)) OR ((n1.n_name = 'CHINA'::bpchar) AND (n2.n_name = 'UNITED STATES'::bpchar)))","Rows Removed by Join Filter": 1963,"Workers": [],"Plans": [{"Node Type": "Nested Loop","Parent Relationship": "Outer","Parallel Aware": false,"Async Capable": false,"Join Type": "Inner","Startup Cost": 2.26,"Total Cost": 70727.78,"Plan Rows": 60250,"Plan Width": 124,"Actual Startup Time": 0.515,"Actual Total Time": 905.345,"Actual Rows": 48859,"Actual Loops": 3,"Inner Unique": false,"Workers": [],"Plans": [{"Node Type": "Nested Loop","Parent Relationship": "Outer","Parallel Aware": false,"Async Capable": false,"Join Type": "Inner","Startup Cost": 1.83,"Total Cost": 12400.01,"Plan Rows": 49000,"Plan Width": 108,"Actual Startup Time": 0.260,"Actual Total Time": 226.245,"Actual Rows": 40235,"Actual Loops": 3,"Inner Unique": false,"Workers": [],"Plans": [{"Node Type": "Hash Join","Parent Relationship": "Outer","Parallel Aware": false,"Async Capable": false,"Join Type": "Inner","Startup Cost": 1.40,"Total Cost": 4403.27,"Plan Rows": 4900,"Plan Width": 108,"Actual Startup Time": 0.167,"Actual Total Time": 46.810,"Actual Rows": 4002,"Actual Loops": 3,"Inner Unique": true,"Hash Cond": "(customer.c_nationkey = n2.n_nationkey)","Workers": [],"Plans": [{"Node Type": "Seq Scan","Parent Relationship": "Outer","Parallel Aware": true,"Async Capable": false,"Relation Name": "customer","Alias": "customer","Startup Cost": 0.00,"Total Cost": 4210.00,"Plan Rows": 62500,"Plan Width": 8,"Actual Startup Time": 0.010,"Actual Total Time": 9.594,"Actual Rows": 50000,"Actual Loops": 3,"Workers": []},{"Node Type": "Hash","Parent Relationship": "Inner","Parallel Aware": false,"Async Capable": false,"Startup Cost": 1.38,"Total Cost": 1.38,"Plan Rows": 2,"Plan Width": 108,"Actual Startup Time": 0.076,"Actual Total Time": 0.084,"Actual Rows": 2,"Actual Loops": 3,"Hash Buckets": 1024,"Original Hash Buckets": 1024,"Hash Batches": 1,"Original Hash Batches": 1,"Peak Memory Usage": 9,"Workers": [],"Plans": [{"Node Type": "Seq Scan","Parent Relationship": "Outer","Parallel Aware": false,"Async Capable": false,"Relation Name": "nation","Alias": "n2","Startup Cost": 0.00,"Total Cost": 1.38,"Plan Rows": 2,"Plan Width": 108,"Actual Startup Time": 0.056,"Actual Total Time": 0.059,"Actual Rows": 2,"Actual Loops": 3,"Filter": "((n_name = 'CHINA'::bpchar) OR (n_name = 'UNITED STATES'::bpchar))","Rows Removed by Filter": 23,"Workers": []}]}]},{"Node Type": "Index Scan","Parent Relationship": "Inner","Parallel Aware": false,"Async Capable": false,"Scan Direction": "Forward","Index Name": "idx_orders_custkey","Relation Name": "orders","Alias": "orders","Startup Cost": 0.43,"Total Cost": 1.46,"Plan Rows": 17,"Plan Width": 8,"Actual Startup Time": 0.007,"Actual Total Time": 0.044,"Actual Rows": 10,"Actual Loops": 12007,"Index Cond": "(o_custkey = customer.c_custkey)","Rows Removed by Index Recheck": 0,"Workers": []}]},{"Node Type": "Index Scan","Parent Relationship": "Inner","Parallel Aware": false,"Async Capable": false,"Scan Direction": "Forward","Index Name": "idx_lineitem_orderkey","Relation Name": "lineitem","Alias": "lineitem","Startup Cost": 0.43,"Total Cost": 1.14,"Plan Rows": 5,"Plan Width": 24,"Actual Startup Time": 0.016,"Actual Total Time": 0.017,"Actual Rows": 1,"Actual Loops": 120705,"Index Cond": "(l_orderkey = orders.o_orderkey)","Rows Removed by Index Recheck": 0,"Filter": "((l_shipdate >= '1995-01-01'::date) AND (l_shipdate <= '1996-12-31'::date))","Rows Removed by Filter": 3,"Workers": []}]},{"Node Type": "Hash","Parent Relationship": "Inner","Parallel Aware": false,"Async Capable": false,"Startup Cost": 354.10,"Total Cost": 354.10,"Plan Rows": 784,"Plan Width": 108,"Actual Startup Time": 8.106,"Actual Total Time": 8.121,"Actual Rows": 800,"Actual Loops": 3,"Hash Buckets": 1024,"Original Hash Buckets": 1024,"Hash Batches": 1,"Original Hash Batches": 1,"Peak Memory Usage": 57,"Workers": [],"Plans": [{"Node Type": "Hash Join","Parent Relationship": "Outer","Parallel Aware": false,"Async Capable": false,"Join Type": "Inner","Startup Cost": 1.40,"Total Cost": 354.10,"Plan Rows": 784,"Plan Width": 108,"Actual Startup Time": 0.072,"Actual Total Time": 7.881,"Actual Rows": 800,"Actual Loops": 3,"Inner Unique": true,"Hash Cond": "(supplier.s_nationkey = n1.n_nationkey)","Workers": [],"Plans": [{"Node Type": "Seq Scan","Parent Relationship": "Outer","Parallel Aware": false,"Async Capable": false,"Relation Name": "supplier","Alias": "supplier","Startup Cost": 0.00,"Total Cost": 322.00,"Plan Rows": 10000,"Plan Width": 8,"Actual Startup Time": 0.024,"Actual Total Time": 4.387,"Actual Rows": 10000,"Actual Loops": 3,"Workers": []},{"Node Type": "Hash","Parent Relationship": "Inner","Parallel Aware": false,"Async Capable": false,"Startup Cost": 1.38,"Total Cost": 1.38,"Plan Rows": 2,"Plan Width": 108,"Actual Startup Time": 0.015,"Actual Total Time": 0.020,"Actual Rows": 2,"Actual Loops": 3,"Hash Buckets": 1024,"Original Hash Buckets": 1024,"Hash Batches": 1,"Original Hash Batches": 1,"Peak Memory Usage": 9,"Workers": [],"Plans": [{"Node Type": "Seq Scan","Parent Relationship": "Outer","Parallel Aware": false,"Async Capable": false,"Relation Name": "nation","Alias": "n1","Startup Cost": 0.00,"Total Cost": 1.38,"Plan Rows": 2,"Plan Width": 108,"Actual Startup Time": 0.008,"Actual Total Time": 0.011,"Actual Rows": 2,"Actual Loops": 3,"Filter": "((n_name = 'UNITED STATES'::bpchar) OR (n_name = 'CHINA'::bpchar))","Rows Removed by Filter": 23,"Workers": []}]}]}]}]}]}]}]}]},"Planning Time": 9.980,"Triggers": [],"Execution Time": 986.997}]
[{"Plan": {"Node Type": "Aggregate","Strategy": "Sorted","Partial Mode": "Finalize","Parallel Aware": false,"Async Capable": false,"Startup Cost": 72556.41,"Total Cost": 73352.71,"Plan Rows": 5893,"Plan Width": 272,"Actual Startup Time": 913.440,"Actual Total Time": 957.051,"Actual Rows": 4,"Actual Loops": 1,"Group Key": ["n1.n_name", "n2.n_name", "(EXTRACT(year FROM lineitem.l_shipdate))"],"Plans": [{"Node Type": "Gather Merge","Parent Relationship": "Outer","Parallel Aware": false,"Async Capable": false,"Startup Cost": 72556.41,"Total Cost": 73202.94,"Plan Rows": 4910,"Plan Width": 272,"Actual Startup Time": 912.494,"Actual Total Time": 956.969,"Actual Rows": 12,"Actual Loops": 1,"Workers Planned": 2,"Workers Launched": 2,"Plans": [{"Node Type": "Aggregate","Strategy": "Sorted","Partial Mode": "Partial","Parent Relationship": "Outer","Parallel Aware": false,"Async Capable": false,"Startup Cost": 71556.39,"Total Cost": 71636.18,"Plan Rows": 2455,"Plan Width": 272,"Actual Startup Time": 904.868,"Actual Total Time": 905.850,"Actual Rows": 4,"Actual Loops": 3,"Group Key": ["n1.n_name", "n2.n_name", "(EXTRACT(year FROM lineitem.l_shipdate))"],"Workers": [],"Plans": [{"Node Type": "Sort","Parent Relationship": "Outer","Parallel Aware": false,"Async Capable": false,"Startup Cost": 71556.39,"Total Cost": 71562.53,"Plan Rows": 2455,"Plan Width": 252,"Actual Startup Time": 904.602,"Actual Total Time": 904.736,"Actual Rows": 2052,"Actual Loops": 3,"Sort Key": ["n1.n_name", "n2.n_name", "(EXTRACT(year FROM lineitem.l_shipdate))"],"Sort Method": "quicksort","Sort Space Used": 331,"Sort Space Type": "Memory","Workers": [{"Worker Number": 0,"Sort Method": "quicksort","Sort Space Used": 322,"Sort Space Type": "Memory"},{"Worker Number": 1,"Sort Method": "quicksort","Sort Space Used": 262,"Sort Space Type": "Memory"}],"Plans": [{"Node Type": "Hash Join","Parent Relationship": "Outer","Parallel Aware": false,"Async Capable": false,"Join Type": "Inner","Startup Cost": 366.16,"Total Cost": 71418.15,"Plan Rows": 2455,"Plan Width": 252,"Actual Startup Time": 13.142,"Actual Total Time": 902.639,"Actual Rows": 2052,"Actual Loops": 3,"Inner Unique": false,"Hash Cond": "(lineitem.l_suppkey = supplier.s_suppkey)","Join Filter": "(((n1.n_name = 'IRAQ'::bpchar) AND (n2.n_name = 'ALGERIA'::bpchar)) OR ((n1.n_name = 'ALGERIA'::bpchar) AND (n2.n_name = 'IRAQ'::bpchar)))","Rows Removed by Join Filter": 2095,"Workers": [],"Plans": [{"Node Type": "Nested Loop","Parent Relationship": "Outer","Parallel Aware": false,"Async Capable": false,"Join Type": "Inner","Startup Cost": 2.26,"Total Cost": 70727.78,"Plan Rows": 60250,"Plan Width": 124,"Actual Startup Time": 0.715,"Actual Total Time": 883.850,"Actual Rows": 48100,"Actual Loops": 3,"Inner Unique": false,"Workers": [],"Plans": [{"Node Type": "Nested Loop","Parent Relationship": "Outer","Parallel Aware": false,"Async Capable": false,"Join Type": "Inner","Startup Cost": 1.83,"Total Cost": 12400.01,"Plan Rows": 49000,"Plan Width": 108,"Actual Startup Time": 0.341,"Actual Total Time": 219.444,"Actual Rows": 39508,"Actual Loops": 3,"Inner Unique": false,"Workers": [],"Plans": [{"Node Type": "Hash Join","Parent Relationship": "Outer","Parallel Aware": false,"Async Capable": false,"Join Type": "Inner","Startup Cost": 1.40,"Total Cost": 4403.27,"Plan Rows": 4900,"Plan Width": 108,"Actual Startup Time": 0.195,"Actual Total Time": 44.135,"Actual Rows": 3963,"Actual Loops": 3,"Inner Unique": true,"Hash Cond": "(customer.c_nationkey = n2.n_nationkey)","Workers": [],"Plans": [{"Node Type": "Seq Scan","Parent Relationship": "Outer","Parallel Aware": true,"Async Capable": false,"Relation Name": "customer","Alias": "customer","Startup Cost": 0.00,"Total Cost": 4210.00,"Plan Rows": 62500,"Plan Width": 8,"Actual Startup Time": 0.017,"Actual Total Time": 9.097,"Actual Rows": 50000,"Actual Loops": 3,"Workers": []},{"Node Type": "Hash","Parent Relationship": "Inner","Parallel Aware": false,"Async Capable": false,"Startup Cost": 1.38,"Total Cost": 1.38,"Plan Rows": 2,"Plan Width": 108,"Actual Startup Time": 0.086,"Actual Total Time": 0.090,"Actual Rows": 2,"Actual Loops": 3,"Hash Buckets": 1024,"Original Hash Buckets": 1024,"Hash Batches": 1,"Original Hash Batches": 1,"Peak Memory Usage": 9,"Workers": [],"Plans": [{"Node Type": "Seq Scan","Parent Relationship": "Outer","Parallel Aware": false,"Async Capable": false,"Relation Name": "nation","Alias": "n2","Startup Cost": 0.00,"Total Cost": 1.38,"Plan Rows": 2,"Plan Width": 108,"Actual Startup Time": 0.057,"Actual Total Time": 0.068,"Actual Rows": 2,"Actual Loops": 3,"Filter": "((n_name = 'ALGERIA'::bpchar) OR (n_name = 'IRAQ'::bpchar))","Rows Removed by Filter": 23,"Workers": []}]}]},{"Node Type": "Index Scan","Parent Relationship": "Inner","Parallel Aware": false,"Async Capable": false,"Scan Direction": "Forward","Index Name": "idx_orders_custkey","Relation Name": "orders","Alias": "orders","Startup Cost": 0.43,"Total Cost": 1.46,"Plan Rows": 17,"Plan Width": 8,"Actual Startup Time": 0.007,"Actual Total Time": 0.043,"Actual Rows": 10,"Actual Loops": 11888,"Index Cond": "(o_custkey = customer.c_custkey)","Rows Removed by Index Recheck": 0,"Workers": []}]},{"Node Type": "Index Scan","Parent Relationship": "Inner","Parallel Aware": false,"Async Capable": false,"Scan Direction": "Forward","Index Name": "idx_lineitem_orderkey","Relation Name": "lineitem","Alias": "lineitem","Startup Cost": 0.43,"Total Cost": 1.14,"Plan Rows": 5,"Plan Width": 24,"Actual Startup Time": 0.016,"Actual Total Time": 0.017,"Actual Rows": 1,"Actual Loops": 118524,"Index Cond": "(l_orderkey = orders.o_orderkey)","Rows Removed by Index Recheck": 0,"Filter": "((l_shipdate >= '1995-01-01'::date) AND (l_shipdate <= '1996-12-31'::date))","Rows Removed by Filter": 3,"Workers": []}]},{"Node Type": "Hash","Parent Relationship": "Inner","Parallel Aware": false,"Async Capable": false,"Startup Cost": 354.10,"Total Cost": 354.10,"Plan Rows": 784,"Plan Width": 108,"Actual Startup Time": 11.466,"Actual Total Time": 11.481,"Actual Rows": 858,"Actual Loops": 3,"Hash Buckets": 1024,"Original Hash Buckets": 1024,"Hash Batches": 1,"Original Hash Batches": 1,"Peak Memory Usage": 60,"Workers": [],"Plans": [{"Node Type": "Hash Join","Parent Relationship": "Outer","Parallel Aware": false,"Async Capable": false,"Join Type": "Inner","Startup Cost": 1.40,"Total Cost": 354.10,"Plan Rows": 784,"Plan Width": 108,"Actual Startup Time": 0.084,"Actual Total Time": 11.261,"Actual Rows": 858,"Actual Loops": 3,"Inner Unique": true,"Hash Cond": "(supplier.s_nationkey = n1.n_nationkey)","Workers": [],"Plans": [{"Node Type": "Seq Scan","Parent Relationship": "Outer","Parallel Aware": false,"Async Capable": false,"Relation Name": "supplier","Alias": "supplier","Startup Cost": 0.00,"Total Cost": 322.00,"Plan Rows": 10000,"Plan Width": 8,"Actual Startup Time": 0.030,"Actual Total Time": 4.743,"Actual Rows": 10000,"Actual Loops": 3,"Workers": []},{"Node Type": "Hash","Parent Relationship": "Inner","Parallel Aware": false,"Async Capable": false,"Startup Cost": 1.38,"Total Cost": 1.38,"Plan Rows": 2,"Plan Width": 108,"Actual Startup Time": 0.019,"Actual Total Time": 0.024,"Actual Rows": 2,"Actual Loops": 3,"Hash Buckets": 1024,"Original Hash Buckets": 1024,"Hash Batches": 1,"Original Hash Batches": 1,"Peak Memory Usage": 9,"Workers": [],"Plans": [{"Node Type": "Seq Scan","Parent Relationship": "Outer","Parallel Aware": false,"Async Capable": false,"Relation Name": "nation","Alias": "n1","Startup Cost": 0.00,"Total Cost": 1.38,"Plan Rows": 2,"Plan Width": 108,"Actual Startup Time": 0.005,"Actual Total Time": 0.013,"Actual Rows": 2,"Actual Loops": 3,"Filter": "((n_name = 'IRAQ'::bpchar) OR (n_name = 'ALGERIA'::bpchar))","Rows Removed by Filter": 23,"Workers": []}]}]}]}]}]}]}]}]},"Planning Time": 8.794,"Triggers": [],"Execution Time": 957.449}]
[{"Plan": {"Node Type": "Aggregate","Strategy": "Sorted","Partial Mode": "Finalize","Parallel Aware": false,"Async Capable": false,"Startup Cost": 72556.41,"Total Cost": 73352.71,"Plan Rows": 5893,"Plan Width": 272,"Actual Startup Time": 935.475,"Actual Total Time": 980.603,"Actual Rows": 4,"Actual Loops": 1,"Group Key": ["n1.n_name", "n2.n_name", "(EXTRACT(year FROM lineitem.l_shipdate))"],"Plans": [{"Node Type": "Gather Merge","Parent Relationship": "Outer","Parallel Aware": false,"Async Capable": false,"Startup Cost": 72556.41,"Total Cost": 73202.94,"Plan Rows": 4910,"Plan Width": 272,"Actual Startup Time": 934.851,"Actual Total Time": 980.520,"Actual Rows": 12,"Actual Loops": 1,"Workers Planned": 2,"Workers Launched": 2,"Plans": [{"Node Type": "Aggregate","Strategy": "Sorted","Partial Mode": "Partial","Parent Relationship": "Outer","Parallel Aware": false,"Async Capable": false,"Startup Cost": 71556.39,"Total Cost": 71636.18,"Plan Rows": 2455,"Plan Width": 272,"Actual Startup Time": 925.889,"Actual Total Time": 926.708,"Actual Rows": 4,"Actual Loops": 3,"Group Key": ["n1.n_name", "n2.n_name", "(EXTRACT(year FROM lineitem.l_shipdate))"],"Workers": [],"Plans": [{"Node Type": "Sort","Parent Relationship": "Outer","Parallel Aware": false,"Async Capable": false,"Startup Cost": 71556.39,"Total Cost": 71562.53,"Plan Rows": 2455,"Plan Width": 252,"Actual Startup Time": 925.644,"Actual Total Time": 925.760,"Actual Rows": 1815,"Actual Loops": 3,"Sort Key": ["n1.n_name", "n2.n_name", "(EXTRACT(year FROM lineitem.l_shipdate))"],"Sort Method": "quicksort","Sort Space Used": 243,"Sort Space Type": "Memory","Workers": [{"Worker Number": 0,"Sort Method": "quicksort","Sort Space Used": 253,"Sort Space Type": "Memory"},{"Worker Number": 1,"Sort Method": "quicksort","Sort Space Used": 245,"Sort Space Type": "Memory"}],"Plans": [{"Node Type": "Hash Join","Parent Relationship": "Outer","Parallel Aware": false,"Async Capable": false,"Join Type": "Inner","Startup Cost": 366.16,"Total Cost": 71418.15,"Plan Rows": 2455,"Plan Width": 252,"Actual Startup Time": 9.542,"Actual Total Time": 923.844,"Actual Rows": 1815,"Actual Loops": 3,"Inner Unique": false,"Hash Cond": "(lineitem.l_suppkey = supplier.s_suppkey)","Join Filter": "(((n1.n_name = 'JORDAN'::bpchar) AND (n2.n_name = 'UNITED STATES'::bpchar)) OR ((n1.n_name = 'UNITED STATES'::bpchar) AND (n2.n_name = 'JORDAN'::bpchar)))","Rows Removed by Join Filter": 1877,"Workers": [],"Plans": [{"Node Type": "Nested Loop","Parent Relationship": "Outer","Parallel Aware": false,"Async Capable": false,"Join Type": "Inner","Startup Cost": 2.26,"Total Cost": 70727.78,"Plan Rows": 60250,"Plan Width": 124,"Actual Startup Time": 0.551,"Actual Total Time": 908.766,"Actual Rows": 49072,"Actual Loops": 3,"Inner Unique": false,"Workers": [],"Plans": [{"Node Type": "Nested Loop","Parent Relationship": "Outer","Parallel Aware": false,"Async Capable": false,"Join Type": "Inner","Startup Cost": 1.83,"Total Cost": 12400.01,"Plan Rows": 49000,"Plan Width": 108,"Actual Startup Time": 0.359,"Actual Total Time": 227.716,"Actual Rows": 40219,"Actual Loops": 3,"Inner Unique": false,"Workers": [],"Plans": [{"Node Type": "Hash Join","Parent Relationship": "Outer","Parallel Aware": false,"Async Capable": false,"Join Type": "Inner","Startup Cost": 1.40,"Total Cost": 4403.27,"Plan Rows": 4900,"Plan Width": 108,"Actual Startup Time": 0.231,"Actual Total Time": 47.093,"Actual Rows": 4005,"Actual Loops": 3,"Inner Unique": true,"Hash Cond": "(customer.c_nationkey = n2.n_nationkey)","Workers": [],"Plans": [{"Node Type": "Seq Scan","Parent Relationship": "Outer","Parallel Aware": true,"Async Capable": false,"Relation Name": "customer","Alias": "customer","Startup Cost": 0.00,"Total Cost": 4210.00,"Plan Rows": 62500,"Plan Width": 8,"Actual Startup Time": 0.020,"Actual Total Time": 9.605,"Actual Rows": 50000,"Actual Loops": 3,"Workers": []},{"Node Type": "Hash","Parent Relationship": "Inner","Parallel Aware": false,"Async Capable": false,"Startup Cost": 1.38,"Total Cost": 1.38,"Plan Rows": 2,"Plan Width": 108,"Actual Startup Time": 0.104,"Actual Total Time": 0.110,"Actual Rows": 2,"Actual Loops": 3,"Hash Buckets": 1024,"Original Hash Buckets": 1024,"Hash Batches": 1,"Original Hash Batches": 1,"Peak Memory Usage": 9,"Workers": [],"Plans": [{"Node Type": "Seq Scan","Parent Relationship": "Outer","Parallel Aware": false,"Async Capable": false,"Relation Name": "nation","Alias": "n2","Startup Cost": 0.00,"Total Cost": 1.38,"Plan Rows": 2,"Plan Width": 108,"Actual Startup Time": 0.079,"Actual Total Time": 0.085,"Actual Rows": 2,"Actual Loops": 3,"Filter": "((n_name = 'UNITED STATES'::bpchar) OR (n_name = 'JORDAN'::bpchar))","Rows Removed by Filter": 23,"Workers": []}]}]},{"Node Type": "Index Scan","Parent Relationship": "Inner","Parallel Aware": false,"Async Capable": false,"Scan Direction": "Forward","Index Name": "idx_orders_custkey","Relation Name": "orders","Alias": "orders","Startup Cost": 0.43,"Total Cost": 1.46,"Plan Rows": 17,"Plan Width": 8,"Actual Startup Time": 0.007,"Actual Total Time": 0.044,"Actual Rows": 10,"Actual Loops": 12016,"Index Cond": "(o_custkey = customer.c_custkey)","Rows Removed by Index Recheck": 0,"Workers": []}]},{"Node Type": "Index Scan","Parent Relationship": "Inner","Parallel Aware": false,"Async Capable": false,"Scan Direction": "Forward","Index Name": "idx_lineitem_orderkey","Relation Name": "lineitem","Alias": "lineitem","Startup Cost": 0.43,"Total Cost": 1.14,"Plan Rows": 5,"Plan Width": 24,"Actual Startup Time": 0.016,"Actual Total Time": 0.017,"Actual Rows": 1,"Actual Loops": 120657,"Index Cond": "(l_orderkey = orders.o_orderkey)","Rows Removed by Index Recheck": 0,"Filter": "((l_shipdate >= '1995-01-01'::date) AND (l_shipdate <= '1996-12-31'::date))","Rows Removed by Filter": 3,"Workers": []}]},{"Node Type": "Hash","Parent Relationship": "Inner","Parallel Aware": false,"Async Capable": false,"Startup Cost": 354.10,"Total Cost": 354.10,"Plan Rows": 784,"Plan Width": 108,"Actual Startup Time": 8.145,"Actual Total Time": 8.161,"Actual Rows": 755,"Actual Loops": 3,"Hash Buckets": 1024,"Original Hash Buckets": 1024,"Hash Batches": 1,"Original Hash Batches": 1,"Peak Memory Usage": 54,"Workers": [],"Plans": [{"Node Type": "Hash Join","Parent Relationship": "Outer","Parallel Aware": false,"Async Capable": false,"Join Type": "Inner","Startup Cost": 1.40,"Total Cost": 354.10,"Plan Rows": 784,"Plan Width": 108,"Actual Startup Time": 0.092,"Actual Total Time": 7.975,"Actual Rows": 755,"Actual Loops": 3,"Inner Unique": true,"Hash Cond": "(supplier.s_nationkey = n1.n_nationkey)","Workers": [],"Plans": [{"Node Type": "Seq Scan","Parent Relationship": "Outer","Parallel Aware": false,"Async Capable": false,"Relation Name": "supplier","Alias": "supplier","Startup Cost": 0.00,"Total Cost": 322.00,"Plan Rows": 10000,"Plan Width": 8,"Actual Startup Time": 0.034,"Actual Total Time": 4.105,"Actual Rows": 10000,"Actual Loops": 3,"Workers": []},{"Node Type": "Hash","Parent Relationship": "Inner","Parallel Aware": false,"Async Capable": false,"Startup Cost": 1.38,"Total Cost": 1.38,"Plan Rows": 2,"Plan Width": 108,"Actual Startup Time": 0.019,"Actual Total Time": 0.024,"Actual Rows": 2,"Actual Loops": 3,"Hash Buckets": 1024,"Original Hash Buckets": 1024,"Hash Batches": 1,"Original Hash Batches": 1,"Peak Memory Usage": 9,"Workers": [],"Plans": [{"Node Type": "Seq Scan","Parent Relationship": "Outer","Parallel Aware": false,"Async Capable": false,"Relation Name": "nation","Alias": "n1","Startup Cost": 0.00,"Total Cost": 1.38,"Plan Rows": 2,"Plan Width": 108,"Actual Startup Time": 0.008,"Actual Total Time": 0.013,"Actual Rows": 2,"Actual Loops": 3,"Filter": "((n_name = 'JORDAN'::bpchar) OR (n_name = 'UNITED STATES'::bpchar))","Rows Removed by Filter": 23,"Workers": []}]}]}]}]}]}]}]}]},"Planning Time": 7.896,"Triggers": [],"Execution Time": 981.067}]
[{"Plan": {"Node Type": "Aggregate","Strategy": "Sorted","Partial Mode": "Finalize","Parallel Aware": false,"Async Capable": false,"Startup Cost": 72556.41,"Total Cost": 73352.71,"Plan Rows": 5893,"Plan Width": 272,"Actual Startup Time": 931.387,"Actual Total Time": 988.183,"Actual Rows": 4,"Actual Loops": 1,"Group Key": ["n1.n_name", "n2.n_name", "(EXTRACT(year FROM lineitem.l_shipdate))"],"Plans": [{"Node Type": "Gather Merge","Parent Relationship": "Outer","Parallel Aware": false,"Async Capable": false,"Startup Cost": 72556.41,"Total Cost": 73202.94,"Plan Rows": 4910,"Plan Width": 272,"Actual Startup Time": 930.606,"Actual Total Time": 988.074,"Actual Rows": 12,"Actual Loops": 1,"Workers Planned": 2,"Workers Launched": 2,"Plans": [{"Node Type": "Aggregate","Strategy": "Sorted","Partial Mode": "Partial","Parent Relationship": "Outer","Parallel Aware": false,"Async Capable": false,"Startup Cost": 71556.39,"Total Cost": 71636.18,"Plan Rows": 2455,"Plan Width": 272,"Actual Startup Time": 921.729,"Actual Total Time": 922.644,"Actual Rows": 4,"Actual Loops": 3,"Group Key": ["n1.n_name", "n2.n_name", "(EXTRACT(year FROM lineitem.l_shipdate))"],"Workers": [],"Plans": [{"Node Type": "Sort","Parent Relationship": "Outer","Parallel Aware": false,"Async Capable": false,"Startup Cost": 71556.39,"Total Cost": 71562.53,"Plan Rows": 2455,"Plan Width": 252,"Actual Startup Time": 921.471,"Actual Total Time": 921.593,"Actual Rows": 1886,"Actual Loops": 3,"Sort Key": ["n1.n_name", "n2.n_name", "(EXTRACT(year FROM lineitem.l_shipdate))"],"Sort Method": "quicksort","Sort Space Used": 248,"Sort Space Type": "Memory","Workers": [{"Worker Number": 0,"Sort Method": "quicksort","Sort Space Used": 257,"Sort Space Type": "Memory"},{"Worker Number": 1,"Sort Method": "quicksort","Sort Space Used": 259,"Sort Space Type": "Memory"}],"Plans": [{"Node Type": "Hash Join","Parent Relationship": "Outer","Parallel Aware": false,"Async Capable": false,"Join Type": "Inner","Startup Cost": 366.16,"Total Cost": 71418.15,"Plan Rows": 2455,"Plan Width": 252,"Actual Startup Time": 9.121,"Actual Total Time": 919.666,"Actual Rows": 1886,"Actual Loops": 3,"Inner Unique": false,"Hash Cond": "(lineitem.l_suppkey = supplier.s_suppkey)","Join Filter": "(((n1.n_name = 'VIETNAM'::bpchar) AND (n2.n_name = 'JAPAN'::bpchar)) OR ((n1.n_name = 'JAPAN'::bpchar) AND (n2.n_name = 'VIETNAM'::bpchar)))","Rows Removed by Join Filter": 1871,"Workers": [],"Plans": [{"Node Type": "Nested Loop","Parent Relationship": "Outer","Parallel Aware": false,"Async Capable": false,"Join Type": "Inner","Startup Cost": 2.26,"Total Cost": 70727.78,"Plan Rows": 60250,"Plan Width": 124,"Actual Startup Time": 0.406,"Actual Total Time": 904.676,"Actual Rows": 48726,"Actual Loops": 3,"Inner Unique": false,"Workers": [],"Plans": [{"Node Type": "Nested Loop","Parent Relationship": "Outer","Parallel Aware": false,"Async Capable": false,"Join Type": "Inner","Startup Cost": 1.83,"Total Cost": 12400.01,"Plan Rows": 49000,"Plan Width": 108,"Actual Startup Time": 0.244,"Actual Total Time": 228.847,"Actual Rows": 39917,"Actual Loops": 3,"Inner Unique": false,"Workers": [],"Plans": [{"Node Type": "Hash Join","Parent Relationship": "Outer","Parallel Aware": false,"Async Capable": false,"Join Type": "Inner","Startup Cost": 1.40,"Total Cost": 4403.27,"Plan Rows": 4900,"Plan Width": 108,"Actual Startup Time": 0.142,"Actual Total Time": 48.084,"Actual Rows": 3985,"Actual Loops": 3,"Inner Unique": true,"Hash Cond": "(customer.c_nationkey = n2.n_nationkey)","Workers": [],"Plans": [{"Node Type": "Seq Scan","Parent Relationship": "Outer","Parallel Aware": true,"Async Capable": false,"Relation Name": "customer","Alias": "customer","Startup Cost": 0.00,"Total Cost": 4210.00,"Plan Rows": 62500,"Plan Width": 8,"Actual Startup Time": 0.011,"Actual Total Time": 9.633,"Actual Rows": 50000,"Actual Loops": 3,"Workers": []},{"Node Type": "Hash","Parent Relationship": "Inner","Parallel Aware": false,"Async Capable": false,"Startup Cost": 1.38,"Total Cost": 1.38,"Plan Rows": 2,"Plan Width": 108,"Actual Startup Time": 0.068,"Actual Total Time": 0.073,"Actual Rows": 2,"Actual Loops": 3,"Hash Buckets": 1024,"Original Hash Buckets": 1024,"Hash Batches": 1,"Original Hash Batches": 1,"Peak Memory Usage": 9,"Workers": [],"Plans": [{"Node Type": "Seq Scan","Parent Relationship": "Outer","Parallel Aware": false,"Async Capable": false,"Relation Name": "nation","Alias": "n2","Startup Cost": 0.00,"Total Cost": 1.38,"Plan Rows": 2,"Plan Width": 108,"Actual Startup Time": 0.053,"Actual Total Time": 0.057,"Actual Rows": 2,"Actual Loops": 3,"Filter": "((n_name = 'JAPAN'::bpchar) OR (n_name = 'VIETNAM'::bpchar))","Rows Removed by Filter": 23,"Workers": []}]}]},{"Node Type": "Index Scan","Parent Relationship": "Inner","Parallel Aware": false,"Async Capable": false,"Scan Direction": "Forward","Index Name": "idx_orders_custkey","Relation Name": "orders","Alias": "orders","Startup Cost": 0.43,"Total Cost": 1.46,"Plan Rows": 17,"Plan Width": 8,"Actual Startup Time": 0.007,"Actual Total Time": 0.044,"Actual Rows": 10,"Actual Loops": 11956,"Index Cond": "(o_custkey = customer.c_custkey)","Rows Removed by Index Recheck": 0,"Workers": []}]},{"Node Type": "Index Scan","Parent Relationship": "Inner","Parallel Aware": false,"Async Capable": false,"Scan Direction": "Forward","Index Name": "idx_lineitem_orderkey","Relation Name": "lineitem","Alias": "lineitem","Startup Cost": 0.43,"Total Cost": 1.14,"Plan Rows": 5,"Plan Width": 24,"Actual Startup Time": 0.016,"Actual Total Time": 0.017,"Actual Rows": 1,"Actual Loops": 119752,"Index Cond": "(l_orderkey = orders.o_orderkey)","Rows Removed by Index Recheck": 0,"Filter": "((l_shipdate >= '1995-01-01'::date) AND (l_shipdate <= '1996-12-31'::date))","Rows Removed by Filter": 3,"Workers": []}]},{"Node Type": "Hash","Parent Relationship": "Inner","Parallel Aware": false,"Async Capable": false,"Startup Cost": 354.10,"Total Cost": 354.10,"Plan Rows": 784,"Plan Width": 108,"Actual Startup Time": 7.580,"Actual Total Time": 7.592,"Actual Rows": 776,"Actual Loops": 3,"Hash Buckets": 1024,"Original Hash Buckets": 1024,"Hash Batches": 1,"Original Hash Batches": 1,"Peak Memory Usage": 55,"Workers": [],"Plans": [{"Node Type": "Hash Join","Parent Relationship": "Outer","Parallel Aware": false,"Async Capable": false,"Join Type": "Inner","Startup Cost": 1.40,"Total Cost": 354.10,"Plan Rows": 784,"Plan Width": 108,"Actual Startup Time": 0.073,"Actual Total Time": 7.419,"Actual Rows": 776,"Actual Loops": 3,"Inner Unique": true,"Hash Cond": "(supplier.s_nationkey = n1.n_nationkey)","Workers": [],"Plans": [{"Node Type": "Seq Scan","Parent Relationship": "Outer","Parallel Aware": false,"Async Capable": false,"Relation Name": "supplier","Alias": "supplier","Startup Cost": 0.00,"Total Cost": 322.00,"Plan Rows": 10000,"Plan Width": 8,"Actual Startup Time": 0.023,"Actual Total Time": 3.638,"Actual Rows": 10000,"Actual Loops": 3,"Workers": []},{"Node Type": "Hash","Parent Relationship": "Inner","Parallel Aware": false,"Async Capable": false,"Startup Cost": 1.38,"Total Cost": 1.38,"Plan Rows": 2,"Plan Width": 108,"Actual Startup Time": 0.012,"Actual Total Time": 0.016,"Actual Rows": 2,"Actual Loops": 3,"Hash Buckets": 1024,"Original Hash Buckets": 1024,"Hash Batches": 1,"Original Hash Batches": 1,"Peak Memory Usage": 9,"Workers": [],"Plans": [{"Node Type": "Seq Scan","Parent Relationship": "Outer","Parallel Aware": false,"Async Capable": false,"Relation Name": "nation","Alias": "n1","Startup Cost": 0.00,"Total Cost": 1.38,"Plan Rows": 2,"Plan Width": 108,"Actual Startup Time": 0.006,"Actual Total Time": 0.008,"Actual Rows": 2,"Actual Loops": 3,"Filter": "((n_name = 'VIETNAM'::bpchar) OR (n_name = 'JAPAN'::bpchar))","Rows Removed by Filter": 23,"Workers": []}]}]}]}]}]}]}]}]},"Planning Time": 9.667,"Triggers": [],"Execution Time": 988.650}]
[{"Plan": {"Node Type": "Aggregate","Strategy": "Sorted","Partial Mode": "Finalize","Parallel Aware": false,"Async Capable": false,"Startup Cost": 72556.41,"Total Cost": 73352.71,"Plan Rows": 5893,"Plan Width": 272,"Actual Startup Time": 924.170,"Actual Total Time": 969.244,"Actual Rows": 4,"Actual Loops": 1,"Group Key": ["n1.n_name", "n2.n_name", "(EXTRACT(year FROM lineitem.l_shipdate))"],"Plans": [{"Node Type": "Gather Merge","Parent Relationship": "Outer","Parallel Aware": false,"Async Capable": false,"Startup Cost": 72556.41,"Total Cost": 73202.94,"Plan Rows": 4910,"Plan Width": 272,"Actual Startup Time": 923.399,"Actual Total Time": 969.176,"Actual Rows": 12,"Actual Loops": 1,"Workers Planned": 2,"Workers Launched": 2,"Plans": [{"Node Type": "Aggregate","Strategy": "Sorted","Partial Mode": "Partial","Parent Relationship": "Outer","Parallel Aware": false,"Async Capable": false,"Startup Cost": 71556.39,"Total Cost": 71636.18,"Plan Rows": 2455,"Plan Width": 272,"Actual Startup Time": 915.297,"Actual Total Time": 916.196,"Actual Rows": 4,"Actual Loops": 3,"Group Key": ["n1.n_name", "n2.n_name", "(EXTRACT(year FROM lineitem.l_shipdate))"],"Workers": [],"Plans": [{"Node Type": "Sort","Parent Relationship": "Outer","Parallel Aware": false,"Async Capable": false,"Startup Cost": 71556.39,"Total Cost": 71562.53,"Plan Rows": 2455,"Plan Width": 252,"Actual Startup Time": 915.009,"Actual Total Time": 915.122,"Actual Rows": 2023,"Actual Loops": 3,"Sort Key": ["n1.n_name", "n2.n_name", "(EXTRACT(year FROM lineitem.l_shipdate))"],"Sort Method": "quicksort","Sort Space Used": 332,"Sort Space Type": "Memory","Workers": [{"Worker Number": 0,"Sort Method": "quicksort","Sort Space Used": 269,"Sort Space Type": "Memory"},{"Worker Number": 1,"Sort Method": "quicksort","Sort Space Used": 256,"Sort Space Type": "Memory"}],"Plans": [{"Node Type": "Hash Join","Parent Relationship": "Outer","Parallel Aware": false,"Async Capable": false,"Join Type": "Inner","Startup Cost": 366.16,"Total Cost": 71418.15,"Plan Rows": 2455,"Plan Width": 252,"Actual Startup Time": 12.370,"Actual Total Time": 913.126,"Actual Rows": 2023,"Actual Loops": 3,"Inner Unique": false,"Hash Cond": "(lineitem.l_suppkey = supplier.s_suppkey)","Join Filter": "(((n1.n_name = 'CHINA'::bpchar) AND (n2.n_name = 'ALGERIA'::bpchar)) OR ((n1.n_name = 'ALGERIA'::bpchar) AND (n2.n_name = 'CHINA'::bpchar)))","Rows Removed by Join Filter": 2012,"Workers": [],"Plans": [{"Node Type": "Nested Loop","Parent Relationship": "Outer","Parallel Aware": false,"Async Capable": false,"Join Type": "Inner","Startup Cost": 2.26,"Total Cost": 70727.78,"Plan Rows": 60250,"Plan Width": 124,"Actual Startup Time": 0.655,"Actual Total Time": 894.807,"Actual Rows": 48778,"Actual Loops": 3,"Inner Unique": false,"Workers": [],"Plans": [{"Node Type": "Nested Loop","Parent Relationship": "Outer","Parallel Aware": false,"Async Capable": false,"Join Type": "Inner","Startup Cost": 1.83,"Total Cost": 12400.01,"Plan Rows": 49000,"Plan Width": 108,"Actual Startup Time": 0.280,"Actual Total Time": 221.521,"Actual Rows": 40135,"Actual Loops": 3,"Inner Unique": false,"Workers": [],"Plans": [{"Node Type": "Hash Join","Parent Relationship": "Outer","Parallel Aware": false,"Async Capable": false,"Join Type": "Inner","Startup Cost": 1.40,"Total Cost": 4403.27,"Plan Rows": 4900,"Plan Width": 108,"Actual Startup Time": 0.166,"Actual Total Time": 43.950,"Actual Rows": 3983,"Actual Loops": 3,"Inner Unique": true,"Hash Cond": "(customer.c_nationkey = n2.n_nationkey)","Workers": [],"Plans": [{"Node Type": "Seq Scan","Parent Relationship": "Outer","Parallel Aware": true,"Async Capable": false,"Relation Name": "customer","Alias": "customer","Startup Cost": 0.00,"Total Cost": 4210.00,"Plan Rows": 62500,"Plan Width": 8,"Actual Startup Time": 0.008,"Actual Total Time": 9.045,"Actual Rows": 50000,"Actual Loops": 3,"Workers": []},{"Node Type": "Hash","Parent Relationship": "Inner","Parallel Aware": false,"Async Capable": false,"Startup Cost": 1.38,"Total Cost": 1.38,"Plan Rows": 2,"Plan Width": 108,"Actual Startup Time": 0.076,"Actual Total Time": 0.080,"Actual Rows": 2,"Actual Loops": 3,"Hash Buckets": 1024,"Original Hash Buckets": 1024,"Hash Batches": 1,"Original Hash Batches": 1,"Peak Memory Usage": 9,"Workers": [],"Plans": [{"Node Type": "Seq Scan","Parent Relationship": "Outer","Parallel Aware": false,"Async Capable": false,"Relation Name": "nation","Alias": "n2","Startup Cost": 0.00,"Total Cost": 1.38,"Plan Rows": 2,"Plan Width": 108,"Actual Startup Time": 0.058,"Actual Total Time": 0.067,"Actual Rows": 2,"Actual Loops": 3,"Filter": "((n_name = 'ALGERIA'::bpchar) OR (n_name = 'CHINA'::bpchar))","Rows Removed by Filter": 23,"Workers": []}]}]},{"Node Type": "Index Scan","Parent Relationship": "Inner","Parallel Aware": false,"Async Capable": false,"Scan Direction": "Forward","Index Name": "idx_orders_custkey","Relation Name": "orders","Alias": "orders","Startup Cost": 0.43,"Total Cost": 1.46,"Plan Rows": 17,"Plan Width": 8,"Actual Startup Time": 0.007,"Actual Total Time": 0.043,"Actual Rows": 10,"Actual Loops": 11949,"Index Cond": "(o_custkey = customer.c_custkey)","Rows Removed by Index Recheck": 0,"Workers": []}]},{"Node Type": "Index Scan","Parent Relationship": "Inner","Parallel Aware": false,"Async Capable": false,"Scan Direction": "Forward","Index Name": "idx_lineitem_orderkey","Relation Name": "lineitem","Alias": "lineitem","Startup Cost": 0.43,"Total Cost": 1.14,"Plan Rows": 5,"Plan Width": 24,"Actual Startup Time": 0.016,"Actual Total Time": 0.017,"Actual Rows": 1,"Actual Loops": 120406,"Index Cond": "(l_orderkey = orders.o_orderkey)","Rows Removed by Index Recheck": 0,"Filter": "((l_shipdate >= '1995-01-01'::date) AND (l_shipdate <= '1996-12-31'::date))","Rows Removed by Filter": 3,"Workers": []}]},{"Node Type": "Hash","Parent Relationship": "Inner","Parallel Aware": false,"Async Capable": false,"Startup Cost": 354.10,"Total Cost": 354.10,"Plan Rows": 784,"Plan Width": 108,"Actual Startup Time": 10.934,"Actual Total Time": 10.943,"Actual Rows": 827,"Actual Loops": 3,"Hash Buckets": 1024,"Original Hash Buckets": 1024,"Hash Batches": 1,"Original Hash Batches": 1,"Peak Memory Usage": 59,"Workers": [],"Plans": [{"Node Type": "Hash Join","Parent Relationship": "Outer","Parallel Aware": false,"Async Capable": false,"Join Type": "Inner","Startup Cost": 1.40,"Total Cost": 354.10,"Plan Rows": 784,"Plan Width": 108,"Actual Startup Time": 0.076,"Actual Total Time": 10.712,"Actual Rows": 827,"Actual Loops": 3,"Inner Unique": true,"Hash Cond": "(supplier.s_nationkey = n1.n_nationkey)","Workers": [],"Plans": [{"Node Type": "Seq Scan","Parent Relationship": "Outer","Parallel Aware": false,"Async Capable": false,"Relation Name": "supplier","Alias": "supplier","Startup Cost": 0.00,"Total Cost": 322.00,"Plan Rows": 10000,"Plan Width": 8,"Actual Startup Time": 0.028,"Actual Total Time": 4.301,"Actual Rows": 10000,"Actual Loops": 3,"Workers": []},{"Node Type": "Hash","Parent Relationship": "Inner","Parallel Aware": false,"Async Capable": false,"Startup Cost": 1.38,"Total Cost": 1.38,"Plan Rows": 2,"Plan Width": 108,"Actual Startup Time": 0.014,"Actual Total Time": 0.018,"Actual Rows": 2,"Actual Loops": 3,"Hash Buckets": 1024,"Original Hash Buckets": 1024,"Hash Batches": 1,"Original Hash Batches": 1,"Peak Memory Usage": 9,"Workers": [],"Plans": [{"Node Type": "Seq Scan","Parent Relationship": "Outer","Parallel Aware": false,"Async Capable": false,"Relation Name": "nation","Alias": "n1","Startup Cost": 0.00,"Total Cost": 1.38,"Plan Rows": 2,"Plan Width": 108,"Actual Startup Time": 0.004,"Actual Total Time": 0.010,"Actual Rows": 2,"Actual Loops": 3,"Filter": "((n_name = 'CHINA'::bpchar) OR (n_name = 'ALGERIA'::bpchar))","Rows Removed by Filter": 23,"Workers": []}]}]}]}]}]}]}]}]},"Planning Time": 9.582,"Triggers": [],"Execution Time": 969.614}]
[{"Plan": {"Node Type": "Aggregate","Strategy": "Sorted","Partial Mode": "Finalize","Parallel Aware": false,"Async Capable": false,"Startup Cost": 72556.41,"Total Cost": 73352.71,"Plan Rows": 5893,"Plan Width": 272,"Actual Startup Time": 939.205,"Actual Total Time": 993.360,"Actual Rows": 4,"Actual Loops": 1,"Group Key": ["n1.n_name", "n2.n_name", "(EXTRACT(year FROM lineitem.l_shipdate))"],"Plans": [{"Node Type": "Gather Merge","Parent Relationship": "Outer","Parallel Aware": false,"Async Capable": false,"Startup Cost": 72556.41,"Total Cost": 73202.94,"Plan Rows": 4910,"Plan Width": 272,"Actual Startup Time": 938.667,"Actual Total Time": 993.292,"Actual Rows": 12,"Actual Loops": 1,"Workers Planned": 2,"Workers Launched": 2,"Plans": [{"Node Type": "Aggregate","Strategy": "Sorted","Partial Mode": "Partial","Parent Relationship": "Outer","Parallel Aware": false,"Async Capable": false,"Startup Cost": 71556.39,"Total Cost": 71636.18,"Plan Rows": 2455,"Plan Width": 272,"Actual Startup Time": 929.134,"Actual Total Time": 929.934,"Actual Rows": 4,"Actual Loops": 3,"Group Key": ["n1.n_name", "n2.n_name", "(EXTRACT(year FROM lineitem.l_shipdate))"],"Workers": [],"Plans": [{"Node Type": "Sort","Parent Relationship": "Outer","Parallel Aware": false,"Async Capable": false,"Startup Cost": 71556.39,"Total Cost": 71562.53,"Plan Rows": 2455,"Plan Width": 252,"Actual Startup Time": 928.876,"Actual Total Time": 928.983,"Actual Rows": 1998,"Actual Loops": 3,"Sort Key": ["n1.n_name", "n2.n_name", "(EXTRACT(year FROM lineitem.l_shipdate))"],"Sort Method": "quicksort","Sort Space Used": 262,"Sort Space Type": "Memory","Workers": [{"Worker Number": 0,"Sort Method": "quicksort","Sort Space Used": 271,"Sort Space Type": "Memory"},{"Worker Number": 1,"Sort Method": "quicksort","Sort Space Used": 268,"Sort Space Type": "Memory"}],"Plans": [{"Node Type": "Hash Join","Parent Relationship": "Outer","Parallel Aware": false,"Async Capable": false,"Join Type": "Inner","Startup Cost": 366.16,"Total Cost": 71418.15,"Plan Rows": 2455,"Plan Width": 252,"Actual Startup Time": 11.424,"Actual Total Time": 926.897,"Actual Rows": 1998,"Actual Loops": 3,"Inner Unique": false,"Hash Cond": "(lineitem.l_suppkey = supplier.s_suppkey)","Join Filter": "(((n1.n_name = 'FRANCE'::bpchar) AND (n2.n_name = 'IRAN'::bpchar)) OR ((n1.n_name = 'IRAN'::bpchar) AND (n2.n_name = 'FRANCE'::bpchar)))","Rows Removed by Join Filter": 1916,"Workers": [],"Plans": [{"Node Type": "Nested Loop","Parent Relationship": "Outer","Parallel Aware": false,"Async Capable": false,"Join Type": "Inner","Startup Cost": 2.26,"Total Cost": 70727.78,"Plan Rows": 60250,"Plan Width": 124,"Actual Startup Time": 0.620,"Actual Total Time": 910.991,"Actual Rows": 49212,"Actual Loops": 3,"Inner Unique": false,"Workers": [],"Plans": [{"Node Type": "Nested Loop","Parent Relationship": "Outer","Parallel Aware": false,"Async Capable": false,"Join Type": "Inner","Startup Cost": 1.83,"Total Cost": 12400.01,"Plan Rows": 49000,"Plan Width": 108,"Actual Startup Time": 0.340,"Actual Total Time": 228.490,"Actual Rows": 40425,"Actual Loops": 3,"Inner Unique": false,"Workers": [],"Plans": [{"Node Type": "Hash Join","Parent Relationship": "Outer","Parallel Aware": false,"Async Capable": false,"Join Type": "Inner","Startup Cost": 1.40,"Total Cost": 4403.27,"Plan Rows": 4900,"Plan Width": 108,"Actual Startup Time": 0.211,"Actual Total Time": 46.609,"Actual Rows": 4036,"Actual Loops": 3,"Inner Unique": true,"Hash Cond": "(customer.c_nationkey = n2.n_nationkey)","Workers": [],"Plans": [{"Node Type": "Seq Scan","Parent Relationship": "Outer","Parallel Aware": true,"Async Capable": false,"Relation Name": "customer","Alias": "customer","Startup Cost": 0.00,"Total Cost": 4210.00,"Plan Rows": 62500,"Plan Width": 8,"Actual Startup Time": 0.021,"Actual Total Time": 9.637,"Actual Rows": 50000,"Actual Loops": 3,"Workers": []},{"Node Type": "Hash","Parent Relationship": "Inner","Parallel Aware": false,"Async Capable": false,"Startup Cost": 1.38,"Total Cost": 1.38,"Plan Rows": 2,"Plan Width": 108,"Actual Startup Time": 0.084,"Actual Total Time": 0.087,"Actual Rows": 2,"Actual Loops": 3,"Hash Buckets": 1024,"Original Hash Buckets": 1024,"Hash Batches": 1,"Original Hash Batches": 1,"Peak Memory Usage": 9,"Workers": [],"Plans": [{"Node Type": "Seq Scan","Parent Relationship": "Outer","Parallel Aware": false,"Async Capable": false,"Relation Name": "nation","Alias": "n2","Startup Cost": 0.00,"Total Cost": 1.38,"Plan Rows": 2,"Plan Width": 108,"Actual Startup Time": 0.062,"Actual Total Time": 0.069,"Actual Rows": 2,"Actual Loops": 3,"Filter": "((n_name = 'IRAN'::bpchar) OR (n_name = 'FRANCE'::bpchar))","Rows Removed by Filter": 23,"Workers": []}]}]},{"Node Type": "Index Scan","Parent Relationship": "Inner","Parallel Aware": false,"Async Capable": false,"Scan Direction": "Forward","Index Name": "idx_orders_custkey","Relation Name": "orders","Alias": "orders","Startup Cost": 0.43,"Total Cost": 1.46,"Plan Rows": 17,"Plan Width": 8,"Actual Startup Time": 0.007,"Actual Total Time": 0.044,"Actual Rows": 10,"Actual Loops": 12109,"Index Cond": "(o_custkey = customer.c_custkey)","Rows Removed by Index Recheck": 0,"Workers": []}]},{"Node Type": "Index Scan","Parent Relationship": "Inner","Parallel Aware": false,"Async Capable": false,"Scan Direction": "Forward","Index Name": "idx_lineitem_orderkey","Relation Name": "lineitem","Alias": "lineitem","Startup Cost": 0.43,"Total Cost": 1.14,"Plan Rows": 5,"Plan Width": 24,"Actual Startup Time": 0.016,"Actual Total Time": 0.017,"Actual Rows": 1,"Actual Loops": 121275,"Index Cond": "(l_orderkey = orders.o_orderkey)","Rows Removed by Index Recheck": 0,"Filter": "((l_shipdate >= '1995-01-01'::date) AND (l_shipdate <= '1996-12-31'::date))","Rows Removed by Filter": 3,"Workers": []}]},{"Node Type": "Hash","Parent Relationship": "Inner","Parallel Aware": false,"Async Capable": false,"Startup Cost": 354.10,"Total Cost": 354.10,"Plan Rows": 784,"Plan Width": 108,"Actual Startup Time": 8.287,"Actual Total Time": 8.297,"Actual Rows": 795,"Actual Loops": 3,"Hash Buckets": 1024,"Original Hash Buckets": 1024,"Hash Batches": 1,"Original Hash Batches": 1,"Peak Memory Usage": 57,"Workers": [],"Plans": [{"Node Type": "Hash Join","Parent Relationship": "Outer","Parallel Aware": false,"Async Capable": false,"Join Type": "Inner","Startup Cost": 1.40,"Total Cost": 354.10,"Plan Rows": 784,"Plan Width": 108,"Actual Startup Time": 0.088,"Actual Total Time": 8.075,"Actual Rows": 795,"Actual Loops": 3,"Inner Unique": true,"Hash Cond": "(supplier.s_nationkey = n1.n_nationkey)","Workers": [],"Plans": [{"Node Type": "Seq Scan","Parent Relationship": "Outer","Parallel Aware": false,"Async Capable": false,"Relation Name": "supplier","Alias": "supplier","Startup Cost": 0.00,"Total Cost": 322.00,"Plan Rows": 10000,"Plan Width": 8,"Actual Startup Time": 0.026,"Actual Total Time": 4.317,"Actual Rows": 10000,"Actual Loops": 3,"Workers": []},{"Node Type": "Hash","Parent Relationship": "Inner","Parallel Aware": false,"Async Capable": false,"Startup Cost": 1.38,"Total Cost": 1.38,"Plan Rows": 2,"Plan Width": 108,"Actual Startup Time": 0.020,"Actual Total Time": 0.023,"Actual Rows": 2,"Actual Loops": 3,"Hash Buckets": 1024,"Original Hash Buckets": 1024,"Hash Batches": 1,"Original Hash Batches": 1,"Peak Memory Usage": 9,"Workers": [],"Plans": [{"Node Type": "Seq Scan","Parent Relationship": "Outer","Parallel Aware": false,"Async Capable": false,"Relation Name": "nation","Alias": "n1","Startup Cost": 0.00,"Total Cost": 1.38,"Plan Rows": 2,"Plan Width": 108,"Actual Startup Time": 0.007,"Actual Total Time": 0.013,"Actual Rows": 2,"Actual Loops": 3,"Filter": "((n_name = 'FRANCE'::bpchar) OR (n_name = 'IRAN'::bpchar))","Rows Removed by Filter": 23,"Workers": []}]}]}]}]}]}]}]}]},"Planning Time": 8.816,"Triggers": [],"Execution Time": 993.852}]
[{"Plan": {"Node Type": "Aggregate","Strategy": "Sorted","Partial Mode": "Finalize","Parallel Aware": false,"Async Capable": false,"Startup Cost": 72556.41,"Total Cost": 73352.71,"Plan Rows": 5893,"Plan Width": 272,"Actual Startup Time": 943.173,"Actual Total Time": 987.203,"Actual Rows": 4,"Actual Loops": 1,"Group Key": ["n1.n_name", "n2.n_name", "(EXTRACT(year FROM lineitem.l_shipdate))"],"Plans": [{"Node Type": "Gather Merge","Parent Relationship": "Outer","Parallel Aware": false,"Async Capable": false,"Startup Cost": 72556.41,"Total Cost": 73202.94,"Plan Rows": 4910,"Plan Width": 272,"Actual Startup Time": 942.797,"Actual Total Time": 987.132,"Actual Rows": 12,"Actual Loops": 1,"Workers Planned": 2,"Workers Launched": 2,"Plans": [{"Node Type": "Aggregate","Strategy": "Sorted","Partial Mode": "Partial","Parent Relationship": "Outer","Parallel Aware": false,"Async Capable": false,"Startup Cost": 71556.39,"Total Cost": 71636.18,"Plan Rows": 2455,"Plan Width": 272,"Actual Startup Time": 933.264,"Actual Total Time": 933.998,"Actual Rows": 4,"Actual Loops": 3,"Group Key": ["n1.n_name", "n2.n_name", "(EXTRACT(year FROM lineitem.l_shipdate))"],"Workers": [],"Plans": [{"Node Type": "Sort","Parent Relationship": "Outer","Parallel Aware": false,"Async Capable": false,"Startup Cost": 71556.39,"Total Cost": 71562.53,"Plan Rows": 2455,"Plan Width": 252,"Actual Startup Time": 933.018,"Actual Total Time": 933.133,"Actual Rows": 1917,"Actual Loops": 3,"Sort Key": ["n1.n_name", "n2.n_name", "(EXTRACT(year FROM lineitem.l_shipdate))"],"Sort Method": "quicksort","Sort Space Used": 258,"Sort Space Type": "Memory","Workers": [{"Worker Number": 0,"Sort Method": "quicksort","Sort Space Used": 260,"Sort Space Type": "Memory"},{"Worker Number": 1,"Sort Method": "quicksort","Sort Space Used": 257,"Sort Space Type": "Memory"}],"Plans": [{"Node Type": "Hash Join","Parent Relationship": "Outer","Parallel Aware": false,"Async Capable": false,"Join Type": "Inner","Startup Cost": 366.16,"Total Cost": 71418.15,"Plan Rows": 2455,"Plan Width": 252,"Actual Startup Time": 9.066,"Actual Total Time": 931.313,"Actual Rows": 1917,"Actual Loops": 3,"Inner Unique": false,"Hash Cond": "(lineitem.l_suppkey = supplier.s_suppkey)","Join Filter": "(((n1.n_name = 'FRANCE'::bpchar) AND (n2.n_name = 'UNITED STATES'::bpchar)) OR ((n1.n_name = 'UNITED STATES'::bpchar) AND (n2.n_name = 'FRANCE'::bpchar)))","Rows Removed by Join Filter": 1971,"Workers": [],"Plans": [{"Node Type": "Nested Loop","Parent Relationship": "Outer","Parallel Aware": false,"Async Capable": false,"Join Type": "Inner","Startup Cost": 2.26,"Total Cost": 70727.78,"Plan Rows": 60250,"Plan Width": 124,"Actual Startup Time": 0.753,"Actual Total Time": 916.537,"Actual Rows": 49460,"Actual Loops": 3,"Inner Unique": false,"Workers": [],"Plans": [{"Node Type": "Nested Loop","Parent Relationship": "Outer","Parallel Aware": false,"Async Capable": false,"Join Type": "Inner","Startup Cost": 1.83,"Total Cost": 12400.01,"Plan Rows": 49000,"Plan Width": 108,"Actual Startup Time": 0.361,"Actual Total Time": 230.933,"Actual Rows": 40507,"Actual Loops": 3,"Inner Unique": false,"Workers": [],"Plans": [{"Node Type": "Hash Join","Parent Relationship": "Outer","Parallel Aware": false,"Async Capable": false,"Join Type": "Inner","Startup Cost": 1.40,"Total Cost": 4403.27,"Plan Rows": 4900,"Plan Width": 108,"Actual Startup Time": 0.152,"Actual Total Time": 48.757,"Actual Rows": 4028,"Actual Loops": 3,"Inner Unique": true,"Hash Cond": "(customer.c_nationkey = n2.n_nationkey)","Workers": [],"Plans": [{"Node Type": "Seq Scan","Parent Relationship": "Outer","Parallel Aware": true,"Async Capable": false,"Relation Name": "customer","Alias": "customer","Startup Cost": 0.00,"Total Cost": 4210.00,"Plan Rows": 62500,"Plan Width": 8,"Actual Startup Time": 0.009,"Actual Total Time": 9.608,"Actual Rows": 50000,"Actual Loops": 3,"Workers": []},{"Node Type": "Hash","Parent Relationship": "Inner","Parallel Aware": false,"Async Capable": false,"Startup Cost": 1.38,"Total Cost": 1.38,"Plan Rows": 2,"Plan Width": 108,"Actual Startup Time": 0.060,"Actual Total Time": 0.066,"Actual Rows": 2,"Actual Loops": 3,"Hash Buckets": 1024,"Original Hash Buckets": 1024,"Hash Batches": 1,"Original Hash Batches": 1,"Peak Memory Usage": 9,"Workers": [],"Plans": [{"Node Type": "Seq Scan","Parent Relationship": "Outer","Parallel Aware": false,"Async Capable": false,"Relation Name": "nation","Alias": "n2","Startup Cost": 0.00,"Total Cost": 1.38,"Plan Rows": 2,"Plan Width": 108,"Actual Startup Time": 0.045,"Actual Total Time": 0.049,"Actual Rows": 2,"Actual Loops": 3,"Filter": "((n_name = 'UNITED STATES'::bpchar) OR (n_name = 'FRANCE'::bpchar))","Rows Removed by Filter": 23,"Workers": []}]}]},{"Node Type": "Index Scan","Parent Relationship": "Inner","Parallel Aware": false,"Async Capable": false,"Scan Direction": "Forward","Index Name": "idx_orders_custkey","Relation Name": "orders","Alias": "orders","Startup Cost": 0.43,"Total Cost": 1.46,"Plan Rows": 17,"Plan Width": 8,"Actual Startup Time": 0.007,"Actual Total Time": 0.044,"Actual Rows": 10,"Actual Loops": 12083,"Index Cond": "(o_custkey = customer.c_custkey)","Rows Removed by Index Recheck": 0,"Workers": []}]},{"Node Type": "Index Scan","Parent Relationship": "Inner","Parallel Aware": false,"Async Capable": false,"Scan Direction": "Forward","Index Name": "idx_lineitem_orderkey","Relation Name": "lineitem","Alias": "lineitem","Startup Cost": 0.43,"Total Cost": 1.14,"Plan Rows": 5,"Plan Width": 24,"Actual Startup Time": 0.016,"Actual Total Time": 0.017,"Actual Rows": 1,"Actual Loops": 121521,"Index Cond": "(l_orderkey = orders.o_orderkey)","Rows Removed by Index Recheck": 0,"Filter": "((l_shipdate >= '1995-01-01'::date) AND (l_shipdate <= '1996-12-31'::date))","Rows Removed by Filter": 3,"Workers": []}]},{"Node Type": "Hash","Parent Relationship": "Inner","Parallel Aware": false,"Async Capable": false,"Startup Cost": 354.10,"Total Cost": 354.10,"Plan Rows": 784,"Plan Width": 108,"Actual Startup Time": 7.727,"Actual Total Time": 7.738,"Actual Rows": 795,"Actual Loops": 3,"Hash Buckets": 1024,"Original Hash Buckets": 1024,"Hash Batches": 1,"Original Hash Batches": 1,"Peak Memory Usage": 57,"Workers": [],"Plans": [{"Node Type": "Hash Join","Parent Relationship": "Outer","Parallel Aware": false,"Async Capable": false,"Join Type": "Inner","Startup Cost": 1.40,"Total Cost": 354.10,"Plan Rows": 784,"Plan Width": 108,"Actual Startup Time": 0.066,"Actual Total Time": 7.551,"Actual Rows": 795,"Actual Loops": 3,"Inner Unique": true,"Hash Cond": "(supplier.s_nationkey = n1.n_nationkey)","Workers": [],"Plans": [{"Node Type": "Seq Scan","Parent Relationship": "Outer","Parallel Aware": false,"Async Capable": false,"Relation Name": "supplier","Alias": "supplier","Startup Cost": 0.00,"Total Cost": 322.00,"Plan Rows": 10000,"Plan Width": 8,"Actual Startup Time": 0.024,"Actual Total Time": 3.781,"Actual Rows": 10000,"Actual Loops": 3,"Workers": []},{"Node Type": "Hash","Parent Relationship": "Inner","Parallel Aware": false,"Async Capable": false,"Startup Cost": 1.38,"Total Cost": 1.38,"Plan Rows": 2,"Plan Width": 108,"Actual Startup Time": 0.012,"Actual Total Time": 0.014,"Actual Rows": 2,"Actual Loops": 3,"Hash Buckets": 1024,"Original Hash Buckets": 1024,"Hash Batches": 1,"Original Hash Batches": 1,"Peak Memory Usage": 9,"Workers": [],"Plans": [{"Node Type": "Seq Scan","Parent Relationship": "Outer","Parallel Aware": false,"Async Capable": false,"Relation Name": "nation","Alias": "n1","Startup Cost": 0.00,"Total Cost": 1.38,"Plan Rows": 2,"Plan Width": 108,"Actual Startup Time": 0.004,"Actual Total Time": 0.008,"Actual Rows": 2,"Actual Loops": 3,"Filter": "((n_name = 'FRANCE'::bpchar) OR (n_name = 'UNITED STATES'::bpchar))","Rows Removed by Filter": 23,"Workers": []}]}]}]}]}]}]}]}]},"Planning Time": 9.602,"Triggers": [],"Execution Time": 987.723}]
[{"Plan": {"Node Type": "Aggregate","Strategy": "Sorted","Partial Mode": "Finalize","Parallel Aware": false,"Async Capable": false,"Startup Cost": 72556.41,"Total Cost": 73352.71,"Plan Rows": 5893,"Plan Width": 272,"Actual Startup Time": 936.419,"Actual Total Time": 979.170,"Actual Rows": 4,"Actual Loops": 1,"Group Key": ["n1.n_name", "n2.n_name", "(EXTRACT(year FROM lineitem.l_shipdate))"],"Plans": [{"Node Type": "Gather Merge","Parent Relationship": "Outer","Parallel Aware": false,"Async Capable": false,"Startup Cost": 72556.41,"Total Cost": 73202.94,"Plan Rows": 4910,"Plan Width": 272,"Actual Startup Time": 936.082,"Actual Total Time": 979.073,"Actual Rows": 12,"Actual Loops": 1,"Workers Planned": 2,"Workers Launched": 2,"Plans": [{"Node Type": "Aggregate","Strategy": "Sorted","Partial Mode": "Partial","Parent Relationship": "Outer","Parallel Aware": false,"Async Capable": false,"Startup Cost": 71556.39,"Total Cost": 71636.18,"Plan Rows": 2455,"Plan Width": 272,"Actual Startup Time": 928.594,"Actual Total Time": 929.298,"Actual Rows": 4,"Actual Loops": 3,"Group Key": ["n1.n_name", "n2.n_name", "(EXTRACT(year FROM lineitem.l_shipdate))"],"Workers": [],"Plans": [{"Node Type": "Sort","Parent Relationship": "Outer","Parallel Aware": false,"Async Capable": false,"Startup Cost": 71556.39,"Total Cost": 71562.53,"Plan Rows": 2455,"Plan Width": 252,"Actual Startup Time": 928.314,"Actual Total Time": 928.418,"Actual Rows": 1963,"Actual Loops": 3,"Sort Key": ["n1.n_name", "n2.n_name", "(EXTRACT(year FROM lineitem.l_shipdate))"],"Sort Method": "quicksort","Sort Space Used": 321,"Sort Space Type": "Memory","Workers": [{"Worker Number": 0,"Sort Method": "quicksort","Sort Space Used": 260,"Sort Space Type": "Memory"},{"Worker Number": 1,"Sort Method": "quicksort","Sort Space Used": 257,"Sort Space Type": "Memory"}],"Plans": [{"Node Type": "Hash Join","Parent Relationship": "Outer","Parallel Aware": false,"Async Capable": false,"Join Type": "Inner","Startup Cost": 366.16,"Total Cost": 71418.15,"Plan Rows": 2455,"Plan Width": 252,"Actual Startup Time": 13.152,"Actual Total Time": 926.305,"Actual Rows": 1963,"Actual Loops": 3,"Inner Unique": false,"Hash Cond": "(lineitem.l_suppkey = supplier.s_suppkey)","Join Filter": "(((n1.n_name = 'VIETNAM'::bpchar) AND (n2.n_name = 'CHINA'::bpchar)) OR ((n1.n_name = 'CHINA'::bpchar) AND (n2.n_name = 'VIETNAM'::bpchar)))","Rows Removed by Join Filter": 1963,"Workers": [],"Plans": [{"Node Type": "Nested Loop","Parent Relationship": "Outer","Parallel Aware": false,"Async Capable": false,"Join Type": "Inner","Startup Cost": 2.26,"Total Cost": 70727.78,"Plan Rows": 60250,"Plan Width": 124,"Actual Startup Time": 0.620,"Actual Total Time": 907.377,"Actual Rows": 49154,"Actual Loops": 3,"Inner Unique": false,"Workers": [],"Plans": [{"Node Type": "Nested Loop","Parent Relationship": "Outer","Parallel Aware": false,"Async Capable": false,"Join Type": "Inner","Startup Cost": 1.83,"Total Cost": 12400.01,"Plan Rows": 49000,"Plan Width": 108,"Actual Startup Time": 0.347,"Actual Total Time": 225.277,"Actual Rows": 40377,"Actual Loops": 3,"Inner Unique": false,"Workers": [],"Plans": [{"Node Type": "Hash Join","Parent Relationship": "Outer","Parallel Aware": false,"Async Capable": false,"Join Type": "Inner","Startup Cost": 1.40,"Total Cost": 4403.27,"Plan Rows": 4900,"Plan Width": 108,"Actual Startup Time": 0.195,"Actual Total Time": 44.172,"Actual Rows": 4011,"Actual Loops": 3,"Inner Unique": true,"Hash Cond": "(customer.c_nationkey = n2.n_nationkey)","Workers": [],"Plans": [{"Node Type": "Seq Scan","Parent Relationship": "Outer","Parallel Aware": true,"Async Capable": false,"Relation Name": "customer","Alias": "customer","Startup Cost": 0.00,"Total Cost": 4210.00,"Plan Rows": 62500,"Plan Width": 8,"Actual Startup Time": 0.018,"Actual Total Time": 9.228,"Actual Rows": 50000,"Actual Loops": 3,"Workers": []},{"Node Type": "Hash","Parent Relationship": "Inner","Parallel Aware": false,"Async Capable": false,"Startup Cost": 1.38,"Total Cost": 1.38,"Plan Rows": 2,"Plan Width": 108,"Actual Startup Time": 0.074,"Actual Total Time": 0.079,"Actual Rows": 2,"Actual Loops": 3,"Hash Buckets": 1024,"Original Hash Buckets": 1024,"Hash Batches": 1,"Original Hash Batches": 1,"Peak Memory Usage": 9,"Workers": [],"Plans": [{"Node Type": "Seq Scan","Parent Relationship": "Outer","Parallel Aware": false,"Async Capable": false,"Relation Name": "nation","Alias": "n2","Startup Cost": 0.00,"Total Cost": 1.38,"Plan Rows": 2,"Plan Width": 108,"Actual Startup Time": 0.055,"Actual Total Time": 0.060,"Actual Rows": 2,"Actual Loops": 3,"Filter": "((n_name = 'CHINA'::bpchar) OR (n_name = 'VIETNAM'::bpchar))","Rows Removed by Filter": 23,"Workers": []}]}]},{"Node Type": "Index Scan","Parent Relationship": "Inner","Parallel Aware": false,"Async Capable": false,"Scan Direction": "Forward","Index Name": "idx_orders_custkey","Relation Name": "orders","Alias": "orders","Startup Cost": 0.43,"Total Cost": 1.46,"Plan Rows": 17,"Plan Width": 8,"Actual Startup Time": 0.007,"Actual Total Time": 0.044,"Actual Rows": 10,"Actual Loops": 12032,"Index Cond": "(o_custkey = customer.c_custkey)","Rows Removed by Index Recheck": 0,"Workers": []}]},{"Node Type": "Index Scan","Parent Relationship": "Inner","Parallel Aware": false,"Async Capable": false,"Scan Direction": "Forward","Index Name": "idx_lineitem_orderkey","Relation Name": "lineitem","Alias": "lineitem","Startup Cost": 0.43,"Total Cost": 1.14,"Plan Rows": 5,"Plan Width": 24,"Actual Startup Time": 0.016,"Actual Total Time": 0.017,"Actual Rows": 1,"Actual Loops": 121131,"Index Cond": "(l_orderkey = orders.o_orderkey)","Rows Removed by Index Recheck": 0,"Filter": "((l_shipdate >= '1995-01-01'::date) AND (l_shipdate <= '1996-12-31'::date))","Rows Removed by Filter": 3,"Workers": []}]},{"Node Type": "Hash","Parent Relationship": "Inner","Parallel Aware": false,"Async Capable": false,"Startup Cost": 354.10,"Total Cost": 354.10,"Plan Rows": 784,"Plan Width": 108,"Actual Startup Time": 11.664,"Actual Total Time": 11.676,"Actual Rows": 806,"Actual Loops": 3,"Hash Buckets": 1024,"Original Hash Buckets": 1024,"Hash Batches": 1,"Original Hash Batches": 1,"Peak Memory Usage": 57,"Workers": [],"Plans": [{"Node Type": "Hash Join","Parent Relationship": "Outer","Parallel Aware": false,"Async Capable": false,"Join Type": "Inner","Startup Cost": 1.40,"Total Cost": 354.10,"Plan Rows": 784,"Plan Width": 108,"Actual Startup Time": 0.092,"Actual Total Time": 11.453,"Actual Rows": 806,"Actual Loops": 3,"Inner Unique": true,"Hash Cond": "(supplier.s_nationkey = n1.n_nationkey)","Workers": [],"Plans": [{"Node Type": "Seq Scan","Parent Relationship": "Outer","Parallel Aware": false,"Async Capable": false,"Relation Name": "supplier","Alias": "supplier","Startup Cost": 0.00,"Total Cost": 322.00,"Plan Rows": 10000,"Plan Width": 8,"Actual Startup Time": 0.034,"Actual Total Time": 4.751,"Actual Rows": 10000,"Actual Loops": 3,"Workers": []},{"Node Type": "Hash","Parent Relationship": "Inner","Parallel Aware": false,"Async Capable": false,"Startup Cost": 1.38,"Total Cost": 1.38,"Plan Rows": 2,"Plan Width": 108,"Actual Startup Time": 0.019,"Actual Total Time": 0.023,"Actual Rows": 2,"Actual Loops": 3,"Hash Buckets": 1024,"Original Hash Buckets": 1024,"Hash Batches": 1,"Original Hash Batches": 1,"Peak Memory Usage": 9,"Workers": [],"Plans": [{"Node Type": "Seq Scan","Parent Relationship": "Outer","Parallel Aware": false,"Async Capable": false,"Relation Name": "nation","Alias": "n1","Startup Cost": 0.00,"Total Cost": 1.38,"Plan Rows": 2,"Plan Width": 108,"Actual Startup Time": 0.009,"Actual Total Time": 0.012,"Actual Rows": 2,"Actual Loops": 3,"Filter": "((n_name = 'VIETNAM'::bpchar) OR (n_name = 'CHINA'::bpchar))","Rows Removed by Filter": 23,"Workers": []}]}]}]}]}]}]}]}]},"Planning Time": 9.048,"Triggers": [],"Execution Time": 979.600}]
[{"Plan": {"Node Type": "Aggregate","Strategy": "Sorted","Partial Mode": "Finalize","Parallel Aware": false,"Async Capable": false,"Startup Cost": 72556.41,"Total Cost": 73352.71,"Plan Rows": 5893,"Plan Width": 272,"Actual Startup Time": 935.475,"Actual Total Time": 980.603,"Actual Rows": 4,"Actual Loops": 1,"Group Key": ["n1.n_name", "n2.n_name", "(EXTRACT(year FROM lineitem.l_shipdate))"],"Plans": [{"Node Type": "Gather Merge","Parent Relationship": "Outer","Parallel Aware": false,"Async Capable": false,"Startup Cost": 72556.41,"Total Cost": 73202.94,"Plan Rows": 4910,"Plan Width": 272,"Actual Startup Time": 934.851,"Actual Total Time": 980.520,"Actual Rows": 12,"Actual Loops": 1,"Workers Planned": 2,"Workers Launched": 2,"Plans": [{"Node Type": "Aggregate","Strategy": "Sorted","Partial Mode": "Partial","Parent Relationship": "Outer","Parallel Aware": false,"Async Capable": false,"Startup Cost": 71556.39,"Total Cost": 71636.18,"Plan Rows": 2455,"Plan Width": 272,"Actual Startup Time": 925.889,"Actual Total Time": 926.708,"Actual Rows": 4,"Actual Loops": 3,"Group Key": ["n1.n_name", "n2.n_name", "(EXTRACT(year FROM lineitem.l_shipdate))"],"Workers": [],"Plans": [{"Node Type": "Sort","Parent Relationship": "Outer","Parallel Aware": false,"Async Capable": false,"Startup Cost": 71556.39,"Total Cost": 71562.53,"Plan Rows": 2455,"Plan Width": 252,"Actual Startup Time": 925.644,"Actual Total Time": 925.760,"Actual Rows": 1815,"Actual Loops": 3,"Sort Key": ["n1.n_name", "n2.n_name", "(EXTRACT(year FROM lineitem.l_shipdate))"],"Sort Method": "quicksort","Sort Space Used": 243,"Sort Space Type": "Memory","Workers": [{"Worker Number": 0,"Sort Method": "quicksort","Sort Space Used": 253,"Sort Space Type": "Memory"},{"Worker Number": 1,"Sort Method": "quicksort","Sort Space Used": 245,"Sort Space Type": "Memory"}],"Plans": [{"Node Type": "Hash Join","Parent Relationship": "Outer","Parallel Aware": false,"Async Capable": false,"Join Type": "Inner","Startup Cost": 366.16,"Total Cost": 71418.15,"Plan Rows": 2455,"Plan Width": 252,"Actual Startup Time": 9.542,"Actual Total Time": 923.844,"Actual Rows": 1815,"Actual Loops": 3,"Inner Unique": false,"Hash Cond": "(lineitem.l_suppkey = supplier.s_suppkey)","Join Filter": "(((n1.n_name = 'JORDAN'::bpchar) AND (n2.n_name = 'UNITED STATES'::bpchar)) OR ((n1.n_name = 'UNITED STATES'::bpchar) AND (n2.n_name = 'JORDAN'::bpchar)))","Rows Removed by Join Filter": 1877,"Workers": [],"Plans": [{"Node Type": "Nested Loop","Parent Relationship": "Outer","Parallel Aware": false,"Async Capable": false,"Join Type": "Inner","Startup Cost": 2.26,"Total Cost": 70727.78,"Plan Rows": 60250,"Plan Width": 124,"Actual Startup Time": 0.551,"Actual Total Time": 908.766,"Actual Rows": 49072,"Actual Loops": 3,"Inner Unique": false,"Workers": [],"Plans": [{"Node Type": "Nested Loop","Parent Relationship": "Outer","Parallel Aware": false,"Async Capable": false,"Join Type": "Inner","Startup Cost": 1.83,"Total Cost": 12400.01,"Plan Rows": 49000,"Plan Width": 108,"Actual Startup Time": 0.359,"Actual Total Time": 227.716,"Actual Rows": 40219,"Actual Loops": 3,"Inner Unique": false,"Workers": [],"Plans": [{"Node Type": "Hash Join","Parent Relationship": "Outer","Parallel Aware": false,"Async Capable": false,"Join Type": "Inner","Startup Cost": 1.40,"Total Cost": 4403.27,"Plan Rows": 4900,"Plan Width": 108,"Actual Startup Time": 0.231,"Actual Total Time": 47.093,"Actual Rows": 4005,"Actual Loops": 3,"Inner Unique": true,"Hash Cond": "(customer.c_nationkey = n2.n_nationkey)","Workers": [],"Plans": [{"Node Type": "Seq Scan","Parent Relationship": "Outer","Parallel Aware": true,"Async Capable": false,"Relation Name": "customer","Alias": "customer","Startup Cost": 0.00,"Total Cost": 4210.00,"Plan Rows": 62500,"Plan Width": 8,"Actual Startup Time": 0.020,"Actual Total Time": 9.605,"Actual Rows": 50000,"Actual Loops": 3,"Workers": []},{"Node Type": "Hash","Parent Relationship": "Inner","Parallel Aware": false,"Async Capable": false,"Startup Cost": 1.38,"Total Cost": 1.38,"Plan Rows": 2,"Plan Width": 108,"Actual Startup Time": 0.104,"Actual Total Time": 0.110,"Actual Rows": 2,"Actual Loops": 3,"Hash Buckets": 1024,"Original Hash Buckets": 1024,"Hash Batches": 1,"Original Hash Batches": 1,"Peak Memory Usage": 9,"Workers": [],"Plans": [{"Node Type": "Seq Scan","Parent Relationship": "Outer","Parallel Aware": false,"Async Capable": false,"Relation Name": "nation","Alias": "n2","Startup Cost": 0.00,"Total Cost": 1.38,"Plan Rows": 2,"Plan Width": 108,"Actual Startup Time": 0.079,"Actual Total Time": 0.085,"Actual Rows": 2,"Actual Loops": 3,"Filter": "((n_name = 'UNITED STATES'::bpchar) OR (n_name = 'JORDAN'::bpchar))","Rows Removed by Filter": 23,"Workers": []}]}]},{"Node Type": "Index Scan","Parent Relationship": "Inner","Parallel Aware": false,"Async Capable": false,"Scan Direction": "Forward","Index Name": "idx_orders_custkey","Relation Name": "orders","Alias": "orders","Startup Cost": 0.43,"Total Cost": 1.46,"Plan Rows": 17,"Plan Width": 8,"Actual Startup Time": 0.007,"Actual Total Time": 0.044,"Actual Rows": 10,"Actual Loops": 12016,"Index Cond": "(o_custkey = customer.c_custkey)","Rows Removed by Index Recheck": 0,"Workers": []}]},{"Node Type": "Index Scan","Parent Relationship": "Inner","Parallel Aware": false,"Async Capable": false,"Scan Direction": "Forward","Index Name": "idx_lineitem_orderkey","Relation Name": "lineitem","Alias": "lineitem","Startup Cost": 0.43,"Total Cost": 1.14,"Plan Rows": 5,"Plan Width": 24,"Actual Startup Time": 0.016,"Actual Total Time": 0.017,"Actual Rows": 1,"Actual Loops": 120657,"Index Cond": "(l_orderkey = orders.o_orderkey)","Rows Removed by Index Recheck": 0,"Filter": "((l_shipdate >= '1995-01-01'::date) AND (l_shipdate <= '1996-12-31'::date))","Rows Removed by Filter": 3,"Workers": []}]},{"Node Type": "Hash","Parent Relationship": "Inner","Parallel Aware": false,"Async Capable": false,"Startup Cost": 354.10,"Total Cost": 354.10,"Plan Rows": 784,"Plan Width": 108,"Actual Startup Time": 8.145,"Actual Total Time": 8.161,"Actual Rows": 755,"Actual Loops": 3,"Hash Buckets": 1024,"Original Hash Buckets": 1024,"Hash Batches": 1,"Original Hash Batches": 1,"Peak Memory Usage": 54,"Workers": [],"Plans": [{"Node Type": "Hash Join","Parent Relationship": "Outer","Parallel Aware": false,"Async Capable": false,"Join Type": "Inner","Startup Cost": 1.40,"Total Cost": 354.10,"Plan Rows": 784,"Plan Width": 108,"Actual Startup Time": 0.092,"Actual Total Time": 7.975,"Actual Rows": 755,"Actual Loops": 3,"Inner Unique": true,"Hash Cond": "(supplier.s_nationkey = n1.n_nationkey)","Workers": [],"Plans": [{"Node Type": "Seq Scan","Parent Relationship": "Outer","Parallel Aware": false,"Async Capable": false,"Relation Name": "supplier","Alias": "supplier","Startup Cost": 0.00,"Total Cost": 322.00,"Plan Rows": 10000,"Plan Width": 8,"Actual Startup Time": 0.034,"Actual Total Time": 4.105,"Actual Rows": 10000,"Actual Loops": 3,"Workers": []},{"Node Type": "Hash","Parent Relationship": "Inner","Parallel Aware": false,"Async Capable": false,"Startup Cost": 1.38,"Total Cost": 1.38,"Plan Rows": 2,"Plan Width": 108,"Actual Startup Time": 0.019,"Actual Total Time": 0.024,"Actual Rows": 2,"Actual Loops": 3,"Hash Buckets": 1024,"Original Hash Buckets": 1024,"Hash Batches": 1,"Original Hash Batches": 1,"Peak Memory Usage": 9,"Workers": [],"Plans": [{"Node Type": "Seq Scan","Parent Relationship": "Outer","Parallel Aware": false,"Async Capable": false,"Relation Name": "nation","Alias": "n1","Startup Cost": 0.00,"Total Cost": 1.38,"Plan Rows": 2,"Plan Width": 108,"Actual Startup Time": 0.008,"Actual Total Time": 0.013,"Actual Rows": 2,"Actual Loops": 3,"Filter": "((n_name = 'JORDAN'::bpchar) OR (n_name = 'UNITED STATES'::bpchar))","Rows Removed by Filter": 23,"Workers": []}]}]}]}]}]}]}]}]},"Planning Time": 7.896,"Triggers": [],"Execution Time": 981.067}]
[{"Plan": {"Node Type": "Aggregate","Strategy": "Sorted","Partial Mode": "Finalize","Parallel Aware": false,"Async Capable": false,"Startup Cost": 72556.41,"Total Cost": 73352.71,"Plan Rows": 5893,"Plan Width": 272,"Actual Startup Time": 916.692,"Actual Total Time": 960.465,"Actual Rows": 4,"Actual Loops": 1,"Group Key": ["n1.n_name", "n2.n_name", "(EXTRACT(year FROM lineitem.l_shipdate))"],"Plans": [{"Node Type": "Gather Merge","Parent Relationship": "Outer","Parallel Aware": false,"Async Capable": false,"Startup Cost": 72556.41,"Total Cost": 73202.94,"Plan Rows": 4910,"Plan Width": 272,"Actual Startup Time": 915.912,"Actual Total Time": 960.379,"Actual Rows": 12,"Actual Loops": 1,"Workers Planned": 2,"Workers Launched": 2,"Plans": [{"Node Type": "Aggregate","Strategy": "Sorted","Partial Mode": "Partial","Parent Relationship": "Outer","Parallel Aware": false,"Async Capable": false,"Startup Cost": 71556.39,"Total Cost": 71636.18,"Plan Rows": 2455,"Plan Width": 272,"Actual Startup Time": 908.169,"Actual Total Time": 909.069,"Actual Rows": 4,"Actual Loops": 3,"Group Key": ["n1.n_name", "n2.n_name", "(EXTRACT(year FROM lineitem.l_shipdate))"],"Workers": [],"Plans": [{"Node Type": "Sort","Parent Relationship": "Outer","Parallel Aware": false,"Async Capable": false,"Startup Cost": 71556.39,"Total Cost": 71562.53,"Plan Rows": 2455,"Plan Width": 252,"Actual Startup Time": 907.878,"Actual Total Time": 908.003,"Actual Rows": 1908,"Actual Loops": 3,"Sort Key": ["n1.n_name", "n2.n_name", "(EXTRACT(year FROM lineitem.l_shipdate))"],"Sort Method": "quicksort","Sort Space Used": 263,"Sort Space Type": "Memory","Workers": [{"Worker Number": 0,"Sort Method": "quicksort","Sort Space Used": 260,"Sort Space Type": "Memory"},{"Worker Number": 1,"Sort Method": "quicksort","Sort Space Used": 249,"Sort Space Type": "Memory"}],"Plans": [{"Node Type": "Hash Join","Parent Relationship": "Outer","Parallel Aware": false,"Async Capable": false,"Join Type": "Inner","Startup Cost": 366.16,"Total Cost": 71418.15,"Plan Rows": 2455,"Plan Width": 252,"Actual Startup Time": 12.729,"Actual Total Time": 906.091,"Actual Rows": 1908,"Actual Loops": 3,"Inner Unique": false,"Hash Cond": "(lineitem.l_suppkey = supplier.s_suppkey)","Join Filter": "(((n1.n_name = 'BRAZIL'::bpchar) AND (n2.n_name = 'JAPAN'::bpchar)) OR ((n1.n_name = 'JAPAN'::bpchar) AND (n2.n_name = 'BRAZIL'::bpchar)))","Rows Removed by Join Filter": 1857,"Workers": [],"Plans": [{"Node Type": "Nested Loop","Parent Relationship": "Outer","Parallel Aware": false,"Async Capable": false,"Join Type": "Inner","Startup Cost": 2.26,"Total Cost": 70727.78,"Plan Rows": 60250,"Plan Width": 124,"Actual Startup Time": 0.916,"Actual Total Time": 888.306,"Actual Rows": 48542,"Actual Loops": 3,"Inner Unique": false,"Workers": [],"Plans": [{"Node Type": "Nested Loop","Parent Relationship": "Outer","Parallel Aware": false,"Async Capable": false,"Join Type": "Inner","Startup Cost": 1.83,"Total Cost": 12400.01,"Plan Rows": 49000,"Plan Width": 108,"Actual Startup Time": 0.251,"Actual Total Time": 220.549,"Actual Rows": 39847,"Actual Loops": 3,"Inner Unique": false,"Workers": [],"Plans": [{"Node Type": "Hash Join","Parent Relationship": "Outer","Parallel Aware": false,"Async Capable": false,"Join Type": "Inner","Startup Cost": 1.40,"Total Cost": 4403.27,"Plan Rows": 4900,"Plan Width": 108,"Actual Startup Time": 0.168,"Actual Total Time": 43.674,"Actual Rows": 3982,"Actual Loops": 3,"Inner Unique": true,"Hash Cond": "(customer.c_nationkey = n2.n_nationkey)","Workers": [],"Plans": [{"Node Type": "Seq Scan","Parent Relationship": "Outer","Parallel Aware": true,"Async Capable": false,"Relation Name": "customer","Alias": "customer","Startup Cost": 0.00,"Total Cost": 4210.00,"Plan Rows": 62500,"Plan Width": 8,"Actual Startup Time": 0.016,"Actual Total Time": 9.070,"Actual Rows": 50000,"Actual Loops": 3,"Workers": []},{"Node Type": "Hash","Parent Relationship": "Inner","Parallel Aware": false,"Async Capable": false,"Startup Cost": 1.38,"Total Cost": 1.38,"Plan Rows": 2,"Plan Width": 108,"Actual Startup Time": 0.063,"Actual Total Time": 0.071,"Actual Rows": 2,"Actual Loops": 3,"Hash Buckets": 1024,"Original Hash Buckets": 1024,"Hash Batches": 1,"Original Hash Batches": 1,"Peak Memory Usage": 9,"Workers": [],"Plans": [{"Node Type": "Seq Scan","Parent Relationship": "Outer","Parallel Aware": false,"Async Capable": false,"Relation Name": "nation","Alias": "n2","Startup Cost": 0.00,"Total Cost": 1.38,"Plan Rows": 2,"Plan Width": 108,"Actual Startup Time": 0.048,"Actual Total Time": 0.056,"Actual Rows": 2,"Actual Loops": 3,"Filter": "((n_name = 'JAPAN'::bpchar) OR (n_name = 'BRAZIL'::bpchar))","Rows Removed by Filter": 23,"Workers": []}]}]},{"Node Type": "Index Scan","Parent Relationship": "Inner","Parallel Aware": false,"Async Capable": false,"Scan Direction": "Forward","Index Name": "idx_orders_custkey","Relation Name": "orders","Alias": "orders","Startup Cost": 0.43,"Total Cost": 1.46,"Plan Rows": 17,"Plan Width": 8,"Actual Startup Time": 0.007,"Actual Total Time": 0.043,"Actual Rows": 10,"Actual Loops": 11947,"Index Cond": "(o_custkey = customer.c_custkey)","Rows Removed by Index Recheck": 0,"Workers": []}]},{"Node Type": "Index Scan","Parent Relationship": "Inner","Parallel Aware": false,"Async Capable": false,"Scan Direction": "Forward","Index Name": "idx_lineitem_orderkey","Relation Name": "lineitem","Alias": "lineitem","Startup Cost": 0.43,"Total Cost": 1.14,"Plan Rows": 5,"Plan Width": 24,"Actual Startup Time": 0.016,"Actual Total Time": 0.016,"Actual Rows": 1,"Actual Loops": 119542,"Index Cond": "(l_orderkey = orders.o_orderkey)","Rows Removed by Index Recheck": 0,"Filter": "((l_shipdate >= '1995-01-01'::date) AND (l_shipdate <= '1996-12-31'::date))","Rows Removed by Filter": 3,"Workers": []}]},{"Node Type": "Hash","Parent Relationship": "Inner","Parallel Aware": false,"Async Capable": false,"Startup Cost": 354.10,"Total Cost": 354.10,"Plan Rows": 784,"Plan Width": 108,"Actual Startup Time": 10.941,"Actual Total Time": 10.954,"Actual Rows": 774,"Actual Loops": 3,"Hash Buckets": 1024,"Original Hash Buckets": 1024,"Hash Batches": 1,"Original Hash Batches": 1,"Peak Memory Usage": 55,"Workers": [],"Plans": [{"Node Type": "Hash Join","Parent Relationship": "Outer","Parallel Aware": false,"Async Capable": false,"Join Type": "Inner","Startup Cost": 1.40,"Total Cost": 354.10,"Plan Rows": 784,"Plan Width": 108,"Actual Startup Time": 0.081,"Actual Total Time": 10.767,"Actual Rows": 774,"Actual Loops": 3,"Inner Unique": true,"Hash Cond": "(supplier.s_nationkey = n1.n_nationkey)","Workers": [],"Plans": [{"Node Type": "Seq Scan","Parent Relationship": "Outer","Parallel Aware": false,"Async Capable": false,"Relation Name": "supplier","Alias": "supplier","Startup Cost": 0.00,"Total Cost": 322.00,"Plan Rows": 10000,"Plan Width": 8,"Actual Startup Time": 0.025,"Actual Total Time": 4.284,"Actual Rows": 10000,"Actual Loops": 3,"Workers": []},{"Node Type": "Hash","Parent Relationship": "Inner","Parallel Aware": false,"Async Capable": false,"Startup Cost": 1.38,"Total Cost": 1.38,"Plan Rows": 2,"Plan Width": 108,"Actual Startup Time": 0.015,"Actual Total Time": 0.021,"Actual Rows": 2,"Actual Loops": 3,"Hash Buckets": 1024,"Original Hash Buckets": 1024,"Hash Batches": 1,"Original Hash Batches": 1,"Peak Memory Usage": 9,"Workers": [],"Plans": [{"Node Type": "Seq Scan","Parent Relationship": "Outer","Parallel Aware": false,"Async Capable": false,"Relation Name": "nation","Alias": "n1","Startup Cost": 0.00,"Total Cost": 1.38,"Plan Rows": 2,"Plan Width": 108,"Actual Startup Time": 0.004,"Actual Total Time": 0.010,"Actual Rows": 2,"Actual Loops": 3,"Filter": "((n_name = 'BRAZIL'::bpchar) OR (n_name = 'JAPAN'::bpchar))","Rows Removed by Filter": 23,"Workers": []}]}]}]}]}]}]}]}]},"Planning Time": 8.604,"Triggers": [],"Execution Time": 960.953}]
[{"Plan": {"Node Type": "Aggregate","Strategy": "Sorted","Partial Mode": "Finalize","Parallel Aware": false,"Async Capable": false,"Startup Cost": 72556.41,"Total Cost": 73352.71,"Plan Rows": 5893,"Plan Width": 272,"Actual Startup Time": 917.544,"Actual Total Time": 962.444,"Actual Rows": 4,"Actual Loops": 1,"Group Key": ["n1.n_name", "n2.n_name", "(EXTRACT(year FROM lineitem.l_shipdate))"],"Plans": [{"Node Type": "Gather Merge","Parent Relationship": "Outer","Parallel Aware": false,"Async Capable": false,"Startup Cost": 72556.41,"Total Cost": 73202.94,"Plan Rows": 4910,"Plan Width": 272,"Actual Startup Time": 917.162,"Actual Total Time": 962.367,"Actual Rows": 12,"Actual Loops": 1,"Workers Planned": 2,"Workers Launched": 2,"Plans": [{"Node Type": "Aggregate","Strategy": "Sorted","Partial Mode": "Partial","Parent Relationship": "Outer","Parallel Aware": false,"Async Capable": false,"Startup Cost": 71556.39,"Total Cost": 71636.18,"Plan Rows": 2455,"Plan Width": 272,"Actual Startup Time": 908.429,"Actual Total Time": 909.102,"Actual Rows": 4,"Actual Loops": 3,"Group Key": ["n1.n_name", "n2.n_name", "(EXTRACT(year FROM lineitem.l_shipdate))"],"Workers": [],"Plans": [{"Node Type": "Sort","Parent Relationship": "Outer","Parallel Aware": false,"Async Capable": false,"Startup Cost": 71556.39,"Total Cost": 71562.53,"Plan Rows": 2455,"Plan Width": 252,"Actual Startup Time": 908.165,"Actual Total Time": 908.273,"Actual Rows": 1915,"Actual Loops": 3,"Sort Key": ["n1.n_name", "n2.n_name", "(EXTRACT(year FROM lineitem.l_shipdate))"],"Sort Method": "quicksort","Sort Space Used": 271,"Sort Space Type": "Memory","Workers": [{"Worker Number": 0,"Sort Method": "quicksort","Sort Space Used": 254,"Sort Space Type": "Memory"},{"Worker Number": 1,"Sort Method": "quicksort","Sort Space Used": 249,"Sort Space Type": "Memory"}],"Plans": [{"Node Type": "Hash Join","Parent Relationship": "Outer","Parallel Aware": false,"Async Capable": false,"Join Type": "Inner","Startup Cost": 366.16,"Total Cost": 71418.15,"Plan Rows": 2455,"Plan Width": 252,"Actual Startup Time": 11.547,"Actual Total Time": 906.249,"Actual Rows": 1915,"Actual Loops": 3,"Inner Unique": false,"Hash Cond": "(lineitem.l_suppkey = supplier.s_suppkey)","Join Filter": "(((n1.n_name = 'EGYPT'::bpchar) AND (n2.n_name = 'UNITED KINGDOM'::bpchar)) OR ((n1.n_name = 'UNITED KINGDOM'::bpchar) AND (n2.n_name = 'EGYPT'::bpchar)))","Rows Removed by Join Filter": 1982,"Workers": [],"Plans": [{"Node Type": "Nested Loop","Parent Relationship": "Outer","Parallel Aware": false,"Async Capable": false,"Join Type": "Inner","Startup Cost": 2.26,"Total Cost": 70727.78,"Plan Rows": 60250,"Plan Width": 124,"Actual Startup Time": 0.766,"Actual Total Time": 888.901,"Actual Rows": 48300,"Actual Loops": 3,"Inner Unique": false,"Workers": [],"Plans": [{"Node Type": "Nested Loop","Parent Relationship": "Outer","Parallel Aware": false,"Async Capable": false,"Join Type": "Inner","Startup Cost": 1.83,"Total Cost": 12400.01,"Plan Rows": 49000,"Plan Width": 108,"Actual Startup Time": 0.363,"Actual Total Time": 221.077,"Actual Rows": 39522,"Actual Loops": 3,"Inner Unique": false,"Workers": [],"Plans": [{"Node Type": "Hash Join","Parent Relationship": "Outer","Parallel Aware": false,"Async Capable": false,"Join Type": "Inner","Startup Cost": 1.40,"Total Cost": 4403.27,"Plan Rows": 4900,"Plan Width": 108,"Actual Startup Time": 0.189,"Actual Total Time": 44.347,"Actual Rows": 4002,"Actual Loops": 3,"Inner Unique": true,"Hash Cond": "(customer.c_nationkey = n2.n_nationkey)","Workers": [],"Plans": [{"Node Type": "Seq Scan","Parent Relationship": "Outer","Parallel Aware": true,"Async Capable": false,"Relation Name": "customer","Alias": "customer","Startup Cost": 0.00,"Total Cost": 4210.00,"Plan Rows": 62500,"Plan Width": 8,"Actual Startup Time": 0.013,"Actual Total Time": 9.091,"Actual Rows": 50000,"Actual Loops": 3,"Workers": []},{"Node Type": "Hash","Parent Relationship": "Inner","Parallel Aware": false,"Async Capable": false,"Startup Cost": 1.38,"Total Cost": 1.38,"Plan Rows": 2,"Plan Width": 108,"Actual Startup Time": 0.081,"Actual Total Time": 0.085,"Actual Rows": 2,"Actual Loops": 3,"Hash Buckets": 1024,"Original Hash Buckets": 1024,"Hash Batches": 1,"Original Hash Batches": 1,"Peak Memory Usage": 9,"Workers": [],"Plans": [{"Node Type": "Seq Scan","Parent Relationship": "Outer","Parallel Aware": false,"Async Capable": false,"Relation Name": "nation","Alias": "n2","Startup Cost": 0.00,"Total Cost": 1.38,"Plan Rows": 2,"Plan Width": 108,"Actual Startup Time": 0.058,"Actual Total Time": 0.066,"Actual Rows": 2,"Actual Loops": 3,"Filter": "((n_name = 'UNITED KINGDOM'::bpchar) OR (n_name = 'EGYPT'::bpchar))","Rows Removed by Filter": 23,"Workers": []}]}]},{"Node Type": "Index Scan","Parent Relationship": "Inner","Parallel Aware": false,"Async Capable": false,"Scan Direction": "Forward","Index Name": "idx_orders_custkey","Relation Name": "orders","Alias": "orders","Startup Cost": 0.43,"Total Cost": 1.46,"Plan Rows": 17,"Plan Width": 8,"Actual Startup Time": 0.007,"Actual Total Time": 0.043,"Actual Rows": 10,"Actual Loops": 12006,"Index Cond": "(o_custkey = customer.c_custkey)","Rows Removed by Index Recheck": 0,"Workers": []}]},{"Node Type": "Index Scan","Parent Relationship": "Inner","Parallel Aware": false,"Async Capable": false,"Scan Direction": "Forward","Index Name": "idx_lineitem_orderkey","Relation Name": "lineitem","Alias": "lineitem","Startup Cost": 0.43,"Total Cost": 1.14,"Plan Rows": 5,"Plan Width": 24,"Actual Startup Time": 0.016,"Actual Total Time": 0.017,"Actual Rows": 1,"Actual Loops": 118566,"Index Cond": "(l_orderkey = orders.o_orderkey)","Rows Removed by Index Recheck": 0,"Filter": "((l_shipdate >= '1995-01-01'::date) AND (l_shipdate <= '1996-12-31'::date))","Rows Removed by Filter": 3,"Workers": []}]},{"Node Type": "Hash","Parent Relationship": "Inner","Parallel Aware": false,"Async Capable": false,"Startup Cost": 354.10,"Total Cost": 354.10,"Plan Rows": 784,"Plan Width": 108,"Actual Startup Time": 10.176,"Actual Total Time": 10.191,"Actual Rows": 805,"Actual Loops": 3,"Hash Buckets": 1024,"Original Hash Buckets": 1024,"Hash Batches": 1,"Original Hash Batches": 1,"Peak Memory Usage": 57,"Workers": [],"Plans": [{"Node Type": "Hash Join","Parent Relationship": "Outer","Parallel Aware": false,"Async Capable": false,"Join Type": "Inner","Startup Cost": 1.40,"Total Cost": 354.10,"Plan Rows": 784,"Plan Width": 108,"Actual Startup Time": 0.076,"Actual Total Time": 9.993,"Actual Rows": 805,"Actual Loops": 3,"Inner Unique": true,"Hash Cond": "(supplier.s_nationkey = n1.n_nationkey)","Workers": [],"Plans": [{"Node Type": "Seq Scan","Parent Relationship": "Outer","Parallel Aware": false,"Async Capable": false,"Relation Name": "supplier","Alias": "supplier","Startup Cost": 0.00,"Total Cost": 322.00,"Plan Rows": 10000,"Plan Width": 8,"Actual Startup Time": 0.035,"Actual Total Time": 3.991,"Actual Rows": 10000,"Actual Loops": 3,"Workers": []},{"Node Type": "Hash","Parent Relationship": "Inner","Parallel Aware": false,"Async Capable": false,"Startup Cost": 1.38,"Total Cost": 1.38,"Plan Rows": 2,"Plan Width": 108,"Actual Startup Time": 0.012,"Actual Total Time": 0.016,"Actual Rows": 2,"Actual Loops": 3,"Hash Buckets": 1024,"Original Hash Buckets": 1024,"Hash Batches": 1,"Original Hash Batches": 1,"Peak Memory Usage": 9,"Workers": [],"Plans": [{"Node Type": "Seq Scan","Parent Relationship": "Outer","Parallel Aware": false,"Async Capable": false,"Relation Name": "nation","Alias": "n1","Startup Cost": 0.00,"Total Cost": 1.38,"Plan Rows": 2,"Plan Width": 108,"Actual Startup Time": 0.004,"Actual Total Time": 0.009,"Actual Rows": 2,"Actual Loops": 3,"Filter": "((n_name = 'EGYPT'::bpchar) OR (n_name = 'UNITED KINGDOM'::bpchar))","Rows Removed by Filter": 23,"Workers": []}]}]}]}]}]}]}]}]},"Planning Time": 9.120,"Triggers": [],"Execution Time": 962.886}]
[{"Plan": {"Node Type": "Aggregate","Strategy": "Sorted","Partial Mode": "Finalize","Parallel Aware": false,"Async Capable": false,"Startup Cost": 72556.41,"Total Cost": 73352.71,"Plan Rows": 5893,"Plan Width": 272,"Actual Startup Time": 929.251,"Actual Total Time": 981.669,"Actual Rows": 4,"Actual Loops": 1,"Group Key": ["n1.n_name", "n2.n_name", "(EXTRACT(year FROM lineitem.l_shipdate))"],"Plans": [{"Node Type": "Gather Merge","Parent Relationship": "Outer","Parallel Aware": false,"Async Capable": false,"Startup Cost": 72556.41,"Total Cost": 73202.94,"Plan Rows": 4910,"Plan Width": 272,"Actual Startup Time": 928.750,"Actual Total Time": 981.602,"Actual Rows": 12,"Actual Loops": 1,"Workers Planned": 2,"Workers Launched": 2,"Plans": [{"Node Type": "Aggregate","Strategy": "Sorted","Partial Mode": "Partial","Parent Relationship": "Outer","Parallel Aware": false,"Async Capable": false,"Startup Cost": 71556.39,"Total Cost": 71636.18,"Plan Rows": 2455,"Plan Width": 272,"Actual Startup Time": 920.014,"Actual Total Time": 920.796,"Actual Rows": 4,"Actual Loops": 3,"Group Key": ["n1.n_name", "n2.n_name", "(EXTRACT(year FROM lineitem.l_shipdate))"],"Workers": [],"Plans": [{"Node Type": "Sort","Parent Relationship": "Outer","Parallel Aware": false,"Async Capable": false,"Startup Cost": 71556.39,"Total Cost": 71562.53,"Plan Rows": 2455,"Plan Width": 252,"Actual Startup Time": 919.747,"Actual Total Time": 919.862,"Actual Rows": 2001,"Actual Loops": 3,"Sort Key": ["n1.n_name", "n2.n_name", "(EXTRACT(year FROM lineitem.l_shipdate))"],"Sort Method": "quicksort","Sort Space Used": 272,"Sort Space Type": "Memory","Workers": [{"Worker Number": 0,"Sort Method": "quicksort","Sort Space Used": 266,"Sort Space Type": "Memory"},{"Worker Number": 1,"Sort Method": "quicksort","Sort Space Used": 264,"Sort Space Type": "Memory"}],"Plans": [{"Node Type": "Hash Join","Parent Relationship": "Outer","Parallel Aware": false,"Async Capable": false,"Join Type": "Inner","Startup Cost": 366.16,"Total Cost": 71418.15,"Plan Rows": 2455,"Plan Width": 252,"Actual Startup Time": 8.507,"Actual Total Time": 917.865,"Actual Rows": 2001,"Actual Loops": 3,"Inner Unique": false,"Hash Cond": "(lineitem.l_suppkey = supplier.s_suppkey)","Join Filter": "(((n1.n_name = 'CHINA'::bpchar) AND (n2.n_name = 'CANADA'::bpchar)) OR ((n1.n_name = 'CANADA'::bpchar) AND (n2.n_name = 'CHINA'::bpchar)))","Rows Removed by Join Filter": 1993,"Workers": [],"Plans": [{"Node Type": "Nested Loop","Parent Relationship": "Outer","Parallel Aware": false,"Async Capable": false,"Join Type": "Inner","Startup Cost": 2.26,"Total Cost": 70727.78,"Plan Rows": 60250,"Plan Width": 124,"Actual Startup Time": 0.475,"Actual Total Time": 903.301,"Actual Rows": 49092,"Actual Loops": 3,"Inner Unique": false,"Workers": [],"Plans": [{"Node Type": "Nested Loop","Parent Relationship": "Outer","Parallel Aware": false,"Async Capable": false,"Join Type": "Inner","Startup Cost": 1.83,"Total Cost": 12400.01,"Plan Rows": 49000,"Plan Width": 108,"Actual Startup Time": 0.269,"Actual Total Time": 226.862,"Actual Rows": 40421,"Actual Loops": 3,"Inner Unique": false,"Workers": [],"Plans": [{"Node Type": "Hash Join","Parent Relationship": "Outer","Parallel Aware": false,"Async Capable": false,"Join Type": "Inner","Startup Cost": 1.40,"Total Cost": 4403.27,"Plan Rows": 4900,"Plan Width": 108,"Actual Startup Time": 0.197,"Actual Total Time": 46.221,"Actual Rows": 4015,"Actual Loops": 3,"Inner Unique": true,"Hash Cond": "(customer.c_nationkey = n2.n_nationkey)","Workers": [],"Plans": [{"Node Type": "Seq Scan","Parent Relationship": "Outer","Parallel Aware": true,"Async Capable": false,"Relation Name": "customer","Alias": "customer","Startup Cost": 0.00,"Total Cost": 4210.00,"Plan Rows": 62500,"Plan Width": 8,"Actual Startup Time": 0.012,"Actual Total Time": 9.648,"Actual Rows": 50000,"Actual Loops": 3,"Workers": []},{"Node Type": "Hash","Parent Relationship": "Inner","Parallel Aware": false,"Async Capable": false,"Startup Cost": 1.38,"Total Cost": 1.38,"Plan Rows": 2,"Plan Width": 108,"Actual Startup Time": 0.080,"Actual Total Time": 0.084,"Actual Rows": 2,"Actual Loops": 3,"Hash Buckets": 1024,"Original Hash Buckets": 1024,"Hash Batches": 1,"Original Hash Batches": 1,"Peak Memory Usage": 9,"Workers": [],"Plans": [{"Node Type": "Seq Scan","Parent Relationship": "Outer","Parallel Aware": false,"Async Capable": false,"Relation Name": "nation","Alias": "n2","Startup Cost": 0.00,"Total Cost": 1.38,"Plan Rows": 2,"Plan Width": 108,"Actual Startup Time": 0.067,"Actual Total Time": 0.072,"Actual Rows": 2,"Actual Loops": 3,"Filter": "((n_name = 'CANADA'::bpchar) OR (n_name = 'CHINA'::bpchar))","Rows Removed by Filter": 23,"Workers": []}]}]},{"Node Type": "Index Scan","Parent Relationship": "Inner","Parallel Aware": false,"Async Capable": false,"Scan Direction": "Forward","Index Name": "idx_orders_custkey","Relation Name": "orders","Alias": "orders","Startup Cost": 0.43,"Total Cost": 1.46,"Plan Rows": 17,"Plan Width": 8,"Actual Startup Time": 0.007,"Actual Total Time": 0.044,"Actual Rows": 10,"Actual Loops": 12044,"Index Cond": "(o_custkey = customer.c_custkey)","Rows Removed by Index Recheck": 0,"Workers": []}]},{"Node Type": "Index Scan","Parent Relationship": "Inner","Parallel Aware": false,"Async Capable": false,"Scan Direction": "Forward","Index Name": "idx_lineitem_orderkey","Relation Name": "lineitem","Alias": "lineitem","Startup Cost": 0.43,"Total Cost": 1.14,"Plan Rows": 5,"Plan Width": 24,"Actual Startup Time": 0.016,"Actual Total Time": 0.016,"Actual Rows": 1,"Actual Loops": 121264,"Index Cond": "(l_orderkey = orders.o_orderkey)","Rows Removed by Index Recheck": 0,"Filter": "((l_shipdate >= '1995-01-01'::date) AND (l_shipdate <= '1996-12-31'::date))","Rows Removed by Filter": 3,"Workers": []}]},{"Node Type": "Hash","Parent Relationship": "Inner","Parallel Aware": false,"Async Capable": false,"Startup Cost": 354.10,"Total Cost": 354.10,"Plan Rows": 784,"Plan Width": 108,"Actual Startup Time": 7.181,"Actual Total Time": 7.195,"Actual Rows": 819,"Actual Loops": 3,"Hash Buckets": 1024,"Original Hash Buckets": 1024,"Hash Batches": 1,"Original Hash Batches": 1,"Peak Memory Usage": 58,"Workers": [],"Plans": [{"Node Type": "Hash Join","Parent Relationship": "Outer","Parallel Aware": false,"Async Capable": false,"Join Type": "Inner","Startup Cost": 1.40,"Total Cost": 354.10,"Plan Rows": 784,"Plan Width": 108,"Actual Startup Time": 0.070,"Actual Total Time": 7.010,"Actual Rows": 819,"Actual Loops": 3,"Inner Unique": true,"Hash Cond": "(supplier.s_nationkey = n1.n_nationkey)","Workers": [],"Plans": [{"Node Type": "Seq Scan","Parent Relationship": "Outer","Parallel Aware": false,"Async Capable": false,"Relation Name": "supplier","Alias": "supplier","Startup Cost": 0.00,"Total Cost": 322.00,"Plan Rows": 10000,"Plan Width": 8,"Actual Startup Time": 0.023,"Actual Total Time": 3.652,"Actual Rows": 10000,"Actual Loops": 3,"Workers": []},{"Node Type": "Hash","Parent Relationship": "Inner","Parallel Aware": false,"Async Capable": false,"Startup Cost": 1.38,"Total Cost": 1.38,"Plan Rows": 2,"Plan Width": 108,"Actual Startup Time": 0.014,"Actual Total Time": 0.019,"Actual Rows": 2,"Actual Loops": 3,"Hash Buckets": 1024,"Original Hash Buckets": 1024,"Hash Batches": 1,"Original Hash Batches": 1,"Peak Memory Usage": 9,"Workers": [],"Plans": [{"Node Type": "Seq Scan","Parent Relationship": "Outer","Parallel Aware": false,"Async Capable": false,"Relation Name": "nation","Alias": "n1","Startup Cost": 0.00,"Total Cost": 1.38,"Plan Rows": 2,"Plan Width": 108,"Actual Startup Time": 0.003,"Actual Total Time": 0.008,"Actual Rows": 2,"Actual Loops": 3,"Filter": "((n_name = 'CHINA'::bpchar) OR (n_name = 'CANADA'::bpchar))","Rows Removed by Filter": 23,"Workers": []}]}]}]}]}]}]}]}]},"Planning Time": 8.685,"Triggers": [],"Execution Time": 982.152}]
[{"Plan": {"Node Type": "Aggregate","Strategy": "Sorted","Partial Mode": "Finalize","Parallel Aware": false,"Async Capable": false,"Startup Cost": 72556.41,"Total Cost": 73352.71,"Plan Rows": 5893,"Plan Width": 272,"Actual Startup Time": 933.945,"Actual Total Time": 990.014,"Actual Rows": 4,"Actual Loops": 1,"Group Key": ["n1.n_name", "n2.n_name", "(EXTRACT(year FROM lineitem.l_shipdate))"],"Plans": [{"Node Type": "Gather Merge","Parent Relationship": "Outer","Parallel Aware": false,"Async Capable": false,"Startup Cost": 72556.41,"Total Cost": 73202.94,"Plan Rows": 4910,"Plan Width": 272,"Actual Startup Time": 933.284,"Actual Total Time": 989.944,"Actual Rows": 12,"Actual Loops": 1,"Workers Planned": 2,"Workers Launched": 2,"Plans": [{"Node Type": "Aggregate","Strategy": "Sorted","Partial Mode": "Partial","Parent Relationship": "Outer","Parallel Aware": false,"Async Capable": false,"Startup Cost": 71556.39,"Total Cost": 71636.18,"Plan Rows": 2455,"Plan Width": 272,"Actual Startup Time": 924.922,"Actual Total Time": 925.725,"Actual Rows": 4,"Actual Loops": 3,"Group Key": ["n1.n_name", "n2.n_name", "(EXTRACT(year FROM lineitem.l_shipdate))"],"Workers": [],"Plans": [{"Node Type": "Sort","Parent Relationship": "Outer","Parallel Aware": false,"Async Capable": false,"Startup Cost": 71556.39,"Total Cost": 71562.53,"Plan Rows": 2455,"Plan Width": 252,"Actual Startup Time": 924.674,"Actual Total Time": 924.794,"Actual Rows": 1925,"Actual Loops": 3,"Sort Key": ["n1.n_name", "n2.n_name", "(EXTRACT(year FROM lineitem.l_shipdate))"],"Sort Method": "quicksort","Sort Space Used": 254,"Sort Space Type": "Memory","Workers": [{"Worker Number": 0,"Sort Method": "quicksort","Sort Space Used": 255,"Sort Space Type": "Memory"},{"Worker Number": 1,"Sort Method": "quicksort","Sort Space Used": 267,"Sort Space Type": "Memory"}],"Plans": [{"Node Type": "Hash Join","Parent Relationship": "Outer","Parallel Aware": false,"Async Capable": false,"Join Type": "Inner","Startup Cost": 366.16,"Total Cost": 71418.15,"Plan Rows": 2455,"Plan Width": 252,"Actual Startup Time": 9.561,"Actual Total Time": 922.878,"Actual Rows": 1925,"Actual Loops": 3,"Inner Unique": false,"Hash Cond": "(lineitem.l_suppkey = supplier.s_suppkey)","Join Filter": "(((n1.n_name = 'ETHIOPIA'::bpchar) AND (n2.n_name = 'ROMANIA'::bpchar)) OR ((n1.n_name = 'ROMANIA'::bpchar) AND (n2.n_name = 'ETHIOPIA'::bpchar)))","Rows Removed by Join Filter": 1921,"Workers": [],"Plans": [{"Node Type": "Nested Loop","Parent Relationship": "Outer","Parallel Aware": false,"Async Capable": false,"Join Type": "Inner","Startup Cost": 2.26,"Total Cost": 70727.78,"Plan Rows": 60250,"Plan Width": 124,"Actual Startup Time": 0.827,"Actual Total Time": 908.379,"Actual Rows": 49096,"Actual Loops": 3,"Inner Unique": false,"Workers": [],"Plans": [{"Node Type": "Nested Loop","Parent Relationship": "Outer","Parallel Aware": false,"Async Capable": false,"Join Type": "Inner","Startup Cost": 1.83,"Total Cost": 12400.01,"Plan Rows": 49000,"Plan Width": 108,"Actual Startup Time": 0.364,"Actual Total Time": 227.782,"Actual Rows": 40239,"Actual Loops": 3,"Inner Unique": false,"Workers": [],"Plans": [{"Node Type": "Hash Join","Parent Relationship": "Outer","Parallel Aware": false,"Async Capable": false,"Join Type": "Inner","Startup Cost": 1.40,"Total Cost": 4403.27,"Plan Rows": 4900,"Plan Width": 108,"Actual Startup Time": 0.219,"Actual Total Time": 47.431,"Actual Rows": 4017,"Actual Loops": 3,"Inner Unique": true,"Hash Cond": "(customer.c_nationkey = n2.n_nationkey)","Workers": [],"Plans": [{"Node Type": "Seq Scan","Parent Relationship": "Outer","Parallel Aware": true,"Async Capable": false,"Relation Name": "customer","Alias": "customer","Startup Cost": 0.00,"Total Cost": 4210.00,"Plan Rows": 62500,"Plan Width": 8,"Actual Startup Time": 0.020,"Actual Total Time": 9.607,"Actual Rows": 50000,"Actual Loops": 3,"Workers": []},{"Node Type": "Hash","Parent Relationship": "Inner","Parallel Aware": false,"Async Capable": false,"Startup Cost": 1.38,"Total Cost": 1.38,"Plan Rows": 2,"Plan Width": 108,"Actual Startup Time": 0.080,"Actual Total Time": 0.085,"Actual Rows": 2,"Actual Loops": 3,"Hash Buckets": 1024,"Original Hash Buckets": 1024,"Hash Batches": 1,"Original Hash Batches": 1,"Peak Memory Usage": 9,"Workers": [],"Plans": [{"Node Type": "Seq Scan","Parent Relationship": "Outer","Parallel Aware": false,"Async Capable": false,"Relation Name": "nation","Alias": "n2","Startup Cost": 0.00,"Total Cost": 1.38,"Plan Rows": 2,"Plan Width": 108,"Actual Startup Time": 0.054,"Actual Total Time": 0.061,"Actual Rows": 2,"Actual Loops": 3,"Filter": "((n_name = 'ROMANIA'::bpchar) OR (n_name = 'ETHIOPIA'::bpchar))","Rows Removed by Filter": 23,"Workers": []}]}]},{"Node Type": "Index Scan","Parent Relationship": "Inner","Parallel Aware": false,"Async Capable": false,"Scan Direction": "Forward","Index Name": "idx_orders_custkey","Relation Name": "orders","Alias": "orders","Startup Cost": 0.43,"Total Cost": 1.46,"Plan Rows": 17,"Plan Width": 8,"Actual Startup Time": 0.007,"Actual Total Time": 0.044,"Actual Rows": 10,"Actual Loops": 12052,"Index Cond": "(o_custkey = customer.c_custkey)","Rows Removed by Index Recheck": 0,"Workers": []}]},{"Node Type": "Index Scan","Parent Relationship": "Inner","Parallel Aware": false,"Async Capable": false,"Scan Direction": "Forward","Index Name": "idx_lineitem_orderkey","Relation Name": "lineitem","Alias": "lineitem","Startup Cost": 0.43,"Total Cost": 1.14,"Plan Rows": 5,"Plan Width": 24,"Actual Startup Time": 0.016,"Actual Total Time": 0.017,"Actual Rows": 1,"Actual Loops": 120718,"Index Cond": "(l_orderkey = orders.o_orderkey)","Rows Removed by Index Recheck": 0,"Filter": "((l_shipdate >= '1995-01-01'::date) AND (l_shipdate <= '1996-12-31'::date))","Rows Removed by Filter": 3,"Workers": []}]},{"Node Type": "Hash","Parent Relationship": "Inner","Parallel Aware": false,"Async Capable": false,"Startup Cost": 354.10,"Total Cost": 354.10,"Plan Rows": 784,"Plan Width": 108,"Actual Startup Time": 7.239,"Actual Total Time": 7.256,"Actual Rows": 778,"Actual Loops": 3,"Hash Buckets": 1024,"Original Hash Buckets": 1024,"Hash Batches": 1,"Original Hash Batches": 1,"Peak Memory Usage": 56,"Workers": [],"Plans": [{"Node Type": "Hash Join","Parent Relationship": "Outer","Parallel Aware": false,"Async Capable": false,"Join Type": "Inner","Startup Cost": 1.40,"Total Cost": 354.10,"Plan Rows": 784,"Plan Width": 108,"Actual Startup Time": 0.075,"Actual Total Time": 7.091,"Actual Rows": 778,"Actual Loops": 3,"Inner Unique": true,"Hash Cond": "(supplier.s_nationkey = n1.n_nationkey)","Workers": [],"Plans": [{"Node Type": "Seq Scan","Parent Relationship": "Outer","Parallel Aware": false,"Async Capable": false,"Relation Name": "supplier","Alias": "supplier","Startup Cost": 0.00,"Total Cost": 322.00,"Plan Rows": 10000,"Plan Width": 8,"Actual Startup Time": 0.031,"Actual Total Time": 3.360,"Actual Rows": 10000,"Actual Loops": 3,"Workers": []},{"Node Type": "Hash","Parent Relationship": "Inner","Parallel Aware": false,"Async Capable": false,"Startup Cost": 1.38,"Total Cost": 1.38,"Plan Rows": 2,"Plan Width": 108,"Actual Startup Time": 0.016,"Actual Total Time": 0.022,"Actual Rows": 2,"Actual Loops": 3,"Hash Buckets": 1024,"Original Hash Buckets": 1024,"Hash Batches": 1,"Original Hash Batches": 1,"Peak Memory Usage": 9,"Workers": [],"Plans": [{"Node Type": "Seq Scan","Parent Relationship": "Outer","Parallel Aware": false,"Async Capable": false,"Relation Name": "nation","Alias": "n1","Startup Cost": 0.00,"Total Cost": 1.38,"Plan Rows": 2,"Plan Width": 108,"Actual Startup Time": 0.005,"Actual Total Time": 0.011,"Actual Rows": 2,"Actual Loops": 3,"Filter": "((n_name = 'ETHIOPIA'::bpchar) OR (n_name = 'ROMANIA'::bpchar))","Rows Removed by Filter": 23,"Workers": []}]}]}]}]}]}]}]}]},"Planning Time": 8.785,"Triggers": [],"Execution Time": 990.437}]
[{"Plan": {"Node Type": "Aggregate","Strategy": "Sorted","Partial Mode": "Finalize","Parallel Aware": false,"Async Capable": false,"Startup Cost": 72556.41,"Total Cost": 73352.71,"Plan Rows": 5893,"Plan Width": 272,"Actual Startup Time": 918.870,"Actual Total Time": 974.828,"Actual Rows": 4,"Actual Loops": 1,"Group Key": ["n1.n_name", "n2.n_name", "(EXTRACT(year FROM lineitem.l_shipdate))"],"Plans": [{"Node Type": "Gather Merge","Parent Relationship": "Outer","Parallel Aware": false,"Async Capable": false,"Startup Cost": 72556.41,"Total Cost": 73202.94,"Plan Rows": 4910,"Plan Width": 272,"Actual Startup Time": 918.567,"Actual Total Time": 974.752,"Actual Rows": 12,"Actual Loops": 1,"Workers Planned": 2,"Workers Launched": 2,"Plans": [{"Node Type": "Aggregate","Strategy": "Sorted","Partial Mode": "Partial","Parent Relationship": "Outer","Parallel Aware": false,"Async Capable": false,"Startup Cost": 71556.39,"Total Cost": 71636.18,"Plan Rows": 2455,"Plan Width": 272,"Actual Startup Time": 909.299,"Actual Total Time": 910.036,"Actual Rows": 4,"Actual Loops": 3,"Group Key": ["n1.n_name", "n2.n_name", "(EXTRACT(year FROM lineitem.l_shipdate))"],"Workers": [],"Plans": [{"Node Type": "Sort","Parent Relationship": "Outer","Parallel Aware": false,"Async Capable": false,"Startup Cost": 71556.39,"Total Cost": 71562.53,"Plan Rows": 2455,"Plan Width": 252,"Actual Startup Time": 909.060,"Actual Total Time": 909.168,"Actual Rows": 1890,"Actual Loops": 3,"Sort Key": ["n1.n_name", "n2.n_name", "(EXTRACT(year FROM lineitem.l_shipdate))"],"Sort Method": "quicksort","Sort Space Used": 248,"Sort Space Type": "Memory","Workers": [{"Worker Number": 0,"Sort Method": "quicksort","Sort Space Used": 263,"Sort Space Type": "Memory"},{"Worker Number": 1,"Sort Method": "quicksort","Sort Space Used": 254,"Sort Space Type": "Memory"}],"Plans": [{"Node Type": "Hash Join","Parent Relationship": "Outer","Parallel Aware": false,"Async Capable": false,"Join Type": "Inner","Startup Cost": 366.16,"Total Cost": 71418.15,"Plan Rows": 2455,"Plan Width": 252,"Actual Startup Time": 11.001,"Actual Total Time": 907.190,"Actual Rows": 1890,"Actual Loops": 3,"Inner Unique": false,"Hash Cond": "(lineitem.l_suppkey = supplier.s_suppkey)","Join Filter": "(((n1.n_name = 'ETHIOPIA'::bpchar) AND (n2.n_name = 'PERU'::bpchar)) OR ((n1.n_name = 'PERU'::bpchar) AND (n2.n_name = 'ETHIOPIA'::bpchar)))","Rows Removed by Join Filter": 1967,"Workers": [],"Plans": [{"Node Type": "Nested Loop","Parent Relationship": "Outer","Parallel Aware": false,"Async Capable": false,"Join Type": "Inner","Startup Cost": 2.26,"Total Cost": 70727.78,"Plan Rows": 60250,"Plan Width": 124,"Actual Startup Time": 0.643,"Actual Total Time": 892.235,"Actual Rows": 48342,"Actual Loops": 3,"Inner Unique": false,"Workers": [],"Plans": [{"Node Type": "Nested Loop","Parent Relationship": "Outer","Parallel Aware": false,"Async Capable": false,"Join Type": "Inner","Startup Cost": 1.83,"Total Cost": 12400.01,"Plan Rows": 49000,"Plan Width": 108,"Actual Startup Time": 0.378,"Actual Total Time": 225.559,"Actual Rows": 39575,"Actual Loops": 3,"Inner Unique": false,"Workers": [],"Plans": [{"Node Type": "Hash Join","Parent Relationship": "Outer","Parallel Aware": false,"Async Capable": false,"Join Type": "Inner","Startup Cost": 1.40,"Total Cost": 4403.27,"Plan Rows": 4900,"Plan Width": 108,"Actual Startup Time": 0.229,"Actual Total Time": 48.170,"Actual Rows": 3976,"Actual Loops": 3,"Inner Unique": true,"Hash Cond": "(customer.c_nationkey = n2.n_nationkey)","Workers": [],"Plans": [{"Node Type": "Seq Scan","Parent Relationship": "Outer","Parallel Aware": true,"Async Capable": false,"Relation Name": "customer","Alias": "customer","Startup Cost": 0.00,"Total Cost": 4210.00,"Plan Rows": 62500,"Plan Width": 8,"Actual Startup Time": 0.019,"Actual Total Time": 9.605,"Actual Rows": 50000,"Actual Loops": 3,"Workers": []},{"Node Type": "Hash","Parent Relationship": "Inner","Parallel Aware": false,"Async Capable": false,"Startup Cost": 1.38,"Total Cost": 1.38,"Plan Rows": 2,"Plan Width": 108,"Actual Startup Time": 0.090,"Actual Total Time": 0.096,"Actual Rows": 2,"Actual Loops": 3,"Hash Buckets": 1024,"Original Hash Buckets": 1024,"Hash Batches": 1,"Original Hash Batches": 1,"Peak Memory Usage": 9,"Workers": [],"Plans": [{"Node Type": "Seq Scan","Parent Relationship": "Outer","Parallel Aware": false,"Async Capable": false,"Relation Name": "nation","Alias": "n2","Startup Cost": 0.00,"Total Cost": 1.38,"Plan Rows": 2,"Plan Width": 108,"Actual Startup Time": 0.062,"Actual Total Time": 0.071,"Actual Rows": 2,"Actual Loops": 3,"Filter": "((n_name = 'PERU'::bpchar) OR (n_name = 'ETHIOPIA'::bpchar))","Rows Removed by Filter": 23,"Workers": []}]}]},{"Node Type": "Index Scan","Parent Relationship": "Inner","Parallel Aware": false,"Async Capable": false,"Scan Direction": "Forward","Index Name": "idx_orders_custkey","Relation Name": "orders","Alias": "orders","Startup Cost": 0.43,"Total Cost": 1.46,"Plan Rows": 17,"Plan Width": 8,"Actual Startup Time": 0.007,"Actual Total Time": 0.043,"Actual Rows": 10,"Actual Loops": 11927,"Index Cond": "(o_custkey = customer.c_custkey)","Rows Removed by Index Recheck": 0,"Workers": []}]},{"Node Type": "Index Scan","Parent Relationship": "Inner","Parallel Aware": false,"Async Capable": false,"Scan Direction": "Forward","Index Name": "idx_lineitem_orderkey","Relation Name": "lineitem","Alias": "lineitem","Startup Cost": 0.43,"Total Cost": 1.14,"Plan Rows": 5,"Plan Width": 24,"Actual Startup Time": 0.016,"Actual Total Time": 0.017,"Actual Rows": 1,"Actual Loops": 118724,"Index Cond": "(l_orderkey = orders.o_orderkey)","Rows Removed by Index Recheck": 0,"Filter": "((l_shipdate >= '1995-01-01'::date) AND (l_shipdate <= '1996-12-31'::date))","Rows Removed by Filter": 3,"Workers": []}]},{"Node Type": "Hash","Parent Relationship": "Inner","Parallel Aware": false,"Async Capable": false,"Startup Cost": 354.10,"Total Cost": 354.10,"Plan Rows": 784,"Plan Width": 108,"Actual Startup Time": 7.781,"Actual Total Time": 7.796,"Actual Rows": 801,"Actual Loops": 3,"Hash Buckets": 1024,"Original Hash Buckets": 1024,"Hash Batches": 1,"Original Hash Batches": 1,"Peak Memory Usage": 57,"Workers": [],"Plans": [{"Node Type": "Hash Join","Parent Relationship": "Outer","Parallel Aware": false,"Async Capable": false,"Join Type": "Inner","Startup Cost": 1.40,"Total Cost": 354.10,"Plan Rows": 784,"Plan Width": 108,"Actual Startup Time": 0.060,"Actual Total Time": 7.624,"Actual Rows": 801,"Actual Loops": 3,"Inner Unique": true,"Hash Cond": "(supplier.s_nationkey = n1.n_nationkey)","Workers": [],"Plans": [{"Node Type": "Seq Scan","Parent Relationship": "Outer","Parallel Aware": false,"Async Capable": false,"Relation Name": "supplier","Alias": "supplier","Startup Cost": 0.00,"Total Cost": 322.00,"Plan Rows": 10000,"Plan Width": 8,"Actual Startup Time": 0.024,"Actual Total Time": 3.605,"Actual Rows": 10000,"Actual Loops": 3,"Workers": []},{"Node Type": "Hash","Parent Relationship": "Inner","Parallel Aware": false,"Async Capable": false,"Startup Cost": 1.38,"Total Cost": 1.38,"Plan Rows": 2,"Plan Width": 108,"Actual Startup Time": 0.012,"Actual Total Time": 0.017,"Actual Rows": 2,"Actual Loops": 3,"Hash Buckets": 1024,"Original Hash Buckets": 1024,"Hash Batches": 1,"Original Hash Batches": 1,"Peak Memory Usage": 9,"Workers": [],"Plans": [{"Node Type": "Seq Scan","Parent Relationship": "Outer","Parallel Aware": false,"Async Capable": false,"Relation Name": "nation","Alias": "n1","Startup Cost": 0.00,"Total Cost": 1.38,"Plan Rows": 2,"Plan Width": 108,"Actual Startup Time": 0.004,"Actual Total Time": 0.009,"Actual Rows": 2,"Actual Loops": 3,"Filter": "((n_name = 'ETHIOPIA'::bpchar) OR (n_name = 'PERU'::bpchar))","Rows Removed by Filter": 23,"Workers": []}]}]}]}]}]}]}]}]},"Planning Time": 8.694,"Triggers": [],"Execution Time": 975.321}]
[{"Plan": {"Node Type": "Aggregate","Strategy": "Sorted","Partial Mode": "Finalize","Parallel Aware": false,"Async Capable": false,"Startup Cost": 72556.41,"Total Cost": 73352.71,"Plan Rows": 5893,"Plan Width": 272,"Actual Startup Time": 931.924,"Actual Total Time": 976.742,"Actual Rows": 4,"Actual Loops": 1,"Group Key": ["n1.n_name", "n2.n_name", "(EXTRACT(year FROM lineitem.l_shipdate))"],"Plans": [{"Node Type": "Gather Merge","Parent Relationship": "Outer","Parallel Aware": false,"Async Capable": false,"Startup Cost": 72556.41,"Total Cost": 73202.94,"Plan Rows": 4910,"Plan Width": 272,"Actual Startup Time": 931.568,"Actual Total Time": 976.669,"Actual Rows": 12,"Actual Loops": 1,"Workers Planned": 2,"Workers Launched": 2,"Plans": [{"Node Type": "Aggregate","Strategy": "Sorted","Partial Mode": "Partial","Parent Relationship": "Outer","Parallel Aware": false,"Async Capable": false,"Startup Cost": 71556.39,"Total Cost": 71636.18,"Plan Rows": 2455,"Plan Width": 272,"Actual Startup Time": 924.001,"Actual Total Time": 924.721,"Actual Rows": 4,"Actual Loops": 3,"Group Key": ["n1.n_name", "n2.n_name", "(EXTRACT(year FROM lineitem.l_shipdate))"],"Workers": [],"Plans": [{"Node Type": "Sort","Parent Relationship": "Outer","Parallel Aware": false,"Async Capable": false,"Startup Cost": 71556.39,"Total Cost": 71562.53,"Plan Rows": 2455,"Plan Width": 252,"Actual Startup Time": 923.732,"Actual Total Time": 923.838,"Actual Rows": 1995,"Actual Loops": 3,"Sort Key": ["n1.n_name", "n2.n_name", "(EXTRACT(year FROM lineitem.l_shipdate))"],"Sort Method": "quicksort","Sort Space Used": 262,"Sort Space Type": "Memory","Workers": [{"Worker Number": 0,"Sort Method": "quicksort","Sort Space Used": 268,"Sort Space Type": "Memory"},{"Worker Number": 1,"Sort Method": "quicksort","Sort Space Used": 270,"Sort Space Type": "Memory"}],"Plans": [{"Node Type": "Hash Join","Parent Relationship": "Outer","Parallel Aware": false,"Async Capable": false,"Join Type": "Inner","Startup Cost": 366.16,"Total Cost": 71418.15,"Plan Rows": 2455,"Plan Width": 252,"Actual Startup Time": 10.289,"Actual Total Time": 921.980,"Actual Rows": 1995,"Actual Loops": 3,"Inner Unique": false,"Hash Cond": "(lineitem.l_suppkey = supplier.s_suppkey)","Join Filter": "(((n1.n_name = 'ARGENTINA'::bpchar) AND (n2.n_name = 'INDONESIA'::bpchar)) OR ((n1.n_name = 'INDONESIA'::bpchar) AND (n2.n_name = 'ARGENTINA'::bpchar)))","Rows Removed by Join Filter": 2009,"Workers": [],"Plans": [{"Node Type": "Nested Loop","Parent Relationship": "Outer","Parallel Aware": false,"Async Capable": false,"Join Type": "Inner","Startup Cost": 2.26,"Total Cost": 70727.78,"Plan Rows": 60250,"Plan Width": 124,"Actual Startup Time": 0.678,"Actual Total Time": 905.758,"Actual Rows": 49417,"Actual Loops": 3,"Inner Unique": false,"Workers": [],"Plans": [{"Node Type": "Nested Loop","Parent Relationship": "Outer","Parallel Aware": false,"Async Capable": false,"Join Type": "Inner","Startup Cost": 1.83,"Total Cost": 12400.01,"Plan Rows": 49000,"Plan Width": 108,"Actual Startup Time": 0.303,"Actual Total Time": 227.033,"Actual Rows": 40308,"Actual Loops": 3,"Inner Unique": false,"Workers": [],"Plans": [{"Node Type": "Hash Join","Parent Relationship": "Outer","Parallel Aware": false,"Async Capable": false,"Join Type": "Inner","Startup Cost": 1.40,"Total Cost": 4403.27,"Plan Rows": 4900,"Plan Width": 108,"Actual Startup Time": 0.188,"Actual Total Time": 46.460,"Actual Rows": 4045,"Actual Loops": 3,"Inner Unique": true,"Hash Cond": "(customer.c_nationkey = n2.n_nationkey)","Workers": [],"Plans": [{"Node Type": "Seq Scan","Parent Relationship": "Outer","Parallel Aware": true,"Async Capable": false,"Relation Name": "customer","Alias": "customer","Startup Cost": 0.00,"Total Cost": 4210.00,"Plan Rows": 62500,"Plan Width": 8,"Actual Startup Time": 0.022,"Actual Total Time": 9.619,"Actual Rows": 50000,"Actual Loops": 3,"Workers": []},{"Node Type": "Hash","Parent Relationship": "Inner","Parallel Aware": false,"Async Capable": false,"Startup Cost": 1.38,"Total Cost": 1.38,"Plan Rows": 2,"Plan Width": 108,"Actual Startup Time": 0.079,"Actual Total Time": 0.085,"Actual Rows": 2,"Actual Loops": 3,"Hash Buckets": 1024,"Original Hash Buckets": 1024,"Hash Batches": 1,"Original Hash Batches": 1,"Peak Memory Usage": 9,"Workers": [],"Plans": [{"Node Type": "Seq Scan","Parent Relationship": "Outer","Parallel Aware": false,"Async Capable": false,"Relation Name": "nation","Alias": "n2","Startup Cost": 0.00,"Total Cost": 1.38,"Plan Rows": 2,"Plan Width": 108,"Actual Startup Time": 0.057,"Actual Total Time": 0.067,"Actual Rows": 2,"Actual Loops": 3,"Filter": "((n_name = 'INDONESIA'::bpchar) OR (n_name = 'ARGENTINA'::bpchar))","Rows Removed by Filter": 23,"Workers": []}]}]},{"Node Type": "Index Scan","Parent Relationship": "Inner","Parallel Aware": false,"Async Capable": false,"Scan Direction": "Forward","Index Name": "idx_orders_custkey","Relation Name": "orders","Alias": "orders","Startup Cost": 0.43,"Total Cost": 1.46,"Plan Rows": 17,"Plan Width": 8,"Actual Startup Time": 0.007,"Actual Total Time": 0.043,"Actual Rows": 10,"Actual Loops": 12136,"Index Cond": "(o_custkey = customer.c_custkey)","Rows Removed by Index Recheck": 0,"Workers": []}]},{"Node Type": "Index Scan","Parent Relationship": "Inner","Parallel Aware": false,"Async Capable": false,"Scan Direction": "Forward","Index Name": "idx_lineitem_orderkey","Relation Name": "lineitem","Alias": "lineitem","Startup Cost": 0.43,"Total Cost": 1.14,"Plan Rows": 5,"Plan Width": 24,"Actual Startup Time": 0.016,"Actual Total Time": 0.017,"Actual Rows": 1,"Actual Loops": 120924,"Index Cond": "(l_orderkey = orders.o_orderkey)","Rows Removed by Index Recheck": 0,"Filter": "((l_shipdate >= '1995-01-01'::date) AND (l_shipdate <= '1996-12-31'::date))","Rows Removed by Filter": 3,"Workers": []}]},{"Node Type": "Hash","Parent Relationship": "Inner","Parallel Aware": false,"Async Capable": false,"Startup Cost": 354.10,"Total Cost": 354.10,"Plan Rows": 784,"Plan Width": 108,"Actual Startup Time": 8.921,"Actual Total Time": 8.936,"Actual Rows": 818,"Actual Loops": 3,"Hash Buckets": 1024,"Original Hash Buckets": 1024,"Hash Batches": 1,"Original Hash Batches": 1,"Peak Memory Usage": 58,"Workers": [],"Plans": [{"Node Type": "Hash Join","Parent Relationship": "Outer","Parallel Aware": false,"Async Capable": false,"Join Type": "Inner","Startup Cost": 1.40,"Total Cost": 354.10,"Plan Rows": 784,"Plan Width": 108,"Actual Startup Time": 0.090,"Actual Total Time": 8.741,"Actual Rows": 818,"Actual Loops": 3,"Inner Unique": true,"Hash Cond": "(supplier.s_nationkey = n1.n_nationkey)","Workers": [],"Plans": [{"Node Type": "Seq Scan","Parent Relationship": "Outer","Parallel Aware": false,"Async Capable": false,"Relation Name": "supplier","Alias": "supplier","Startup Cost": 0.00,"Total Cost": 322.00,"Plan Rows": 10000,"Plan Width": 8,"Actual Startup Time": 0.037,"Actual Total Time": 3.951,"Actual Rows": 10000,"Actual Loops": 3,"Workers": []},{"Node Type": "Hash","Parent Relationship": "Inner","Parallel Aware": false,"Async Capable": false,"Startup Cost": 1.38,"Total Cost": 1.38,"Plan Rows": 2,"Plan Width": 108,"Actual Startup Time": 0.020,"Actual Total Time": 0.025,"Actual Rows": 2,"Actual Loops": 3,"Hash Buckets": 1024,"Original Hash Buckets": 1024,"Hash Batches": 1,"Original Hash Batches": 1,"Peak Memory Usage": 9,"Workers": [],"Plans": [{"Node Type": "Seq Scan","Parent Relationship": "Outer","Parallel Aware": false,"Async Capable": false,"Relation Name": "nation","Alias": "n1","Startup Cost": 0.00,"Total Cost": 1.38,"Plan Rows": 2,"Plan Width": 108,"Actual Startup Time": 0.006,"Actual Total Time": 0.013,"Actual Rows": 2,"Actual Loops": 3,"Filter": "((n_name = 'ARGENTINA'::bpchar) OR (n_name = 'INDONESIA'::bpchar))","Rows Removed by Filter": 23,"Workers": []}]}]}]}]}]}]}]}]},"Planning Time": 8.095,"Triggers": [],"Execution Time": 977.279}]
[{"Plan": {"Node Type": "Aggregate","Strategy": "Sorted","Partial Mode": "Finalize","Parallel Aware": false,"Async Capable": false,"Startup Cost": 72556.41,"Total Cost": 73352.71,"Plan Rows": 5893,"Plan Width": 272,"Actual Startup Time": 911.304,"Actual Total Time": 956.372,"Actual Rows": 4,"Actual Loops": 1,"Group Key": ["n1.n_name", "n2.n_name", "(EXTRACT(year FROM lineitem.l_shipdate))"],"Plans": [{"Node Type": "Gather Merge","Parent Relationship": "Outer","Parallel Aware": false,"Async Capable": false,"Startup Cost": 72556.41,"Total Cost": 73202.94,"Plan Rows": 4910,"Plan Width": 272,"Actual Startup Time": 911.026,"Actual Total Time": 956.312,"Actual Rows": 12,"Actual Loops": 1,"Workers Planned": 2,"Workers Launched": 2,"Plans": [{"Node Type": "Aggregate","Strategy": "Sorted","Partial Mode": "Partial","Parent Relationship": "Outer","Parallel Aware": false,"Async Capable": false,"Startup Cost": 71556.39,"Total Cost": 71636.18,"Plan Rows": 2455,"Plan Width": 272,"Actual Startup Time": 903.420,"Actual Total Time": 904.150,"Actual Rows": 4,"Actual Loops": 3,"Group Key": ["n1.n_name", "n2.n_name", "(EXTRACT(year FROM lineitem.l_shipdate))"],"Workers": [],"Plans": [{"Node Type": "Sort","Parent Relationship": "Outer","Parallel Aware": false,"Async Capable": false,"Startup Cost": 71556.39,"Total Cost": 71562.53,"Plan Rows": 2455,"Plan Width": 252,"Actual Startup Time": 903.132,"Actual Total Time": 903.246,"Actual Rows": 2005,"Actual Loops": 3,"Sort Key": ["n1.n_name", "n2.n_name", "(EXTRACT(year FROM lineitem.l_shipdate))"],"Sort Method": "quicksort","Sort Space Used": 262,"Sort Space Type": "Memory","Workers": [{"Worker Number": 0,"Sort Method": "quicksort","Sort Space Used": 266,"Sort Space Type": "Memory"},{"Worker Number": 1,"Sort Method": "quicksort","Sort Space Used": 323,"Sort Space Type": "Memory"}],"Plans": [{"Node Type": "Hash Join","Parent Relationship": "Outer","Parallel Aware": false,"Async Capable": false,"Join Type": "Inner","Startup Cost": 366.16,"Total Cost": 71418.15,"Plan Rows": 2455,"Plan Width": 252,"Actual Startup Time": 10.013,"Actual Total Time": 901.236,"Actual Rows": 2005,"Actual Loops": 3,"Inner Unique": false,"Hash Cond": "(lineitem.l_suppkey = supplier.s_suppkey)","Join Filter": "(((n1.n_name = 'ALGERIA'::bpchar) AND (n2.n_name = 'IRAN'::bpchar)) OR ((n1.n_name = 'IRAN'::bpchar) AND (n2.n_name = 'ALGERIA'::bpchar)))","Rows Removed by Join Filter": 1950,"Workers": [],"Plans": [{"Node Type": "Nested Loop","Parent Relationship": "Outer","Parallel Aware": false,"Async Capable": false,"Join Type": "Inner","Startup Cost": 2.26,"Total Cost": 70727.78,"Plan Rows": 60250,"Plan Width": 124,"Actual Startup Time": 0.608,"Actual Total Time": 886.659,"Actual Rows": 48301,"Actual Loops": 3,"Inner Unique": false,"Workers": [],"Plans": [{"Node Type": "Nested Loop","Parent Relationship": "Outer","Parallel Aware": false,"Async Capable": false,"Join Type": "Inner","Startup Cost": 1.83,"Total Cost": 12400.01,"Plan Rows": 49000,"Plan Width": 108,"Actual Startup Time": 0.281,"Actual Total Time": 218.966,"Actual Rows": 39766,"Actual Loops": 3,"Inner Unique": false,"Workers": [],"Plans": [{"Node Type": "Hash Join","Parent Relationship": "Outer","Parallel Aware": false,"Async Capable": false,"Join Type": "Inner","Startup Cost": 1.40,"Total Cost": 4403.27,"Plan Rows": 4900,"Plan Width": 108,"Actual Startup Time": 0.174,"Actual Total Time": 42.635,"Actual Rows": 3978,"Actual Loops": 3,"Inner Unique": true,"Hash Cond": "(customer.c_nationkey = n2.n_nationkey)","Workers": [],"Plans": [{"Node Type": "Seq Scan","Parent Relationship": "Outer","Parallel Aware": true,"Async Capable": false,"Relation Name": "customer","Alias": "customer","Startup Cost": 0.00,"Total Cost": 4210.00,"Plan Rows": 62500,"Plan Width": 8,"Actual Startup Time": 0.013,"Actual Total Time": 8.890,"Actual Rows": 50000,"Actual Loops": 3,"Workers": []},{"Node Type": "Hash","Parent Relationship": "Inner","Parallel Aware": false,"Async Capable": false,"Startup Cost": 1.38,"Total Cost": 1.38,"Plan Rows": 2,"Plan Width": 108,"Actual Startup Time": 0.075,"Actual Total Time": 0.081,"Actual Rows": 2,"Actual Loops": 3,"Hash Buckets": 1024,"Original Hash Buckets": 1024,"Hash Batches": 1,"Original Hash Batches": 1,"Peak Memory Usage": 9,"Workers": [],"Plans": [{"Node Type": "Seq Scan","Parent Relationship": "Outer","Parallel Aware": false,"Async Capable": false,"Relation Name": "nation","Alias": "n2","Startup Cost": 0.00,"Total Cost": 1.38,"Plan Rows": 2,"Plan Width": 108,"Actual Startup Time": 0.053,"Actual Total Time": 0.063,"Actual Rows": 2,"Actual Loops": 3,"Filter": "((n_name = 'IRAN'::bpchar) OR (n_name = 'ALGERIA'::bpchar))","Rows Removed by Filter": 23,"Workers": []}]}]},{"Node Type": "Index Scan","Parent Relationship": "Inner","Parallel Aware": false,"Async Capable": false,"Scan Direction": "Forward","Index Name": "idx_orders_custkey","Relation Name": "orders","Alias": "orders","Startup Cost": 0.43,"Total Cost": 1.46,"Plan Rows": 17,"Plan Width": 8,"Actual Startup Time": 0.007,"Actual Total Time": 0.043,"Actual Rows": 10,"Actual Loops": 11934,"Index Cond": "(o_custkey = customer.c_custkey)","Rows Removed by Index Recheck": 0,"Workers": []}]},{"Node Type": "Index Scan","Parent Relationship": "Inner","Parallel Aware": false,"Async Capable": false,"Scan Direction": "Forward","Index Name": "idx_lineitem_orderkey","Relation Name": "lineitem","Alias": "lineitem","Startup Cost": 0.43,"Total Cost": 1.14,"Plan Rows": 5,"Plan Width": 24,"Actual Startup Time": 0.016,"Actual Total Time": 0.017,"Actual Rows": 1,"Actual Loops": 119297,"Index Cond": "(l_orderkey = orders.o_orderkey)","Rows Removed by Index Recheck": 0,"Filter": "((l_shipdate >= '1995-01-01'::date) AND (l_shipdate <= '1996-12-31'::date))","Rows Removed by Filter": 3,"Workers": []}]},{"Node Type": "Hash","Parent Relationship": "Inner","Parallel Aware": false,"Async Capable": false,"Startup Cost": 354.10,"Total Cost": 354.10,"Plan Rows": 784,"Plan Width": 108,"Actual Startup Time": 7.509,"Actual Total Time": 7.527,"Actual Rows": 813,"Actual Loops": 3,"Hash Buckets": 1024,"Original Hash Buckets": 1024,"Hash Batches": 1,"Original Hash Batches": 1,"Peak Memory Usage": 58,"Workers": [],"Plans": [{"Node Type": "Hash Join","Parent Relationship": "Outer","Parallel Aware": false,"Async Capable": false,"Join Type": "Inner","Startup Cost": 1.40,"Total Cost": 354.10,"Plan Rows": 784,"Plan Width": 108,"Actual Startup Time": 0.099,"Actual Total Time": 7.298,"Actual Rows": 813,"Actual Loops": 3,"Inner Unique": true,"Hash Cond": "(supplier.s_nationkey = n1.n_nationkey)","Workers": [],"Plans": [{"Node Type": "Seq Scan","Parent Relationship": "Outer","Parallel Aware": false,"Async Capable": false,"Relation Name": "supplier","Alias": "supplier","Startup Cost": 0.00,"Total Cost": 322.00,"Plan Rows": 10000,"Plan Width": 8,"Actual Startup Time": 0.041,"Actual Total Time": 3.982,"Actual Rows": 10000,"Actual Loops": 3,"Workers": []},{"Node Type": "Hash","Parent Relationship": "Inner","Parallel Aware": false,"Async Capable": false,"Startup Cost": 1.38,"Total Cost": 1.38,"Plan Rows": 2,"Plan Width": 108,"Actual Startup Time": 0.019,"Actual Total Time": 0.025,"Actual Rows": 2,"Actual Loops": 3,"Hash Buckets": 1024,"Original Hash Buckets": 1024,"Hash Batches": 1,"Original Hash Batches": 1,"Peak Memory Usage": 9,"Workers": [],"Plans": [{"Node Type": "Seq Scan","Parent Relationship": "Outer","Parallel Aware": false,"Async Capable": false,"Relation Name": "nation","Alias": "n1","Startup Cost": 0.00,"Total Cost": 1.38,"Plan Rows": 2,"Plan Width": 108,"Actual Startup Time": 0.005,"Actual Total Time": 0.013,"Actual Rows": 2,"Actual Loops": 3,"Filter": "((n_name = 'ALGERIA'::bpchar) OR (n_name = 'IRAN'::bpchar))","Rows Removed by Filter": 23,"Workers": []}]}]}]}]}]}]}]}]},"Planning Time": 9.822,"Triggers": [],"Execution Time": 956.998}]
[{"Plan": {"Node Type": "Aggregate","Strategy": "Sorted","Partial Mode": "Finalize","Parallel Aware": false,"Async Capable": false,"Startup Cost": 72556.41,"Total Cost": 73352.71,"Plan Rows": 5893,"Plan Width": 272,"Actual Startup Time": 944.963,"Actual Total Time": 1001.039,"Actual Rows": 4,"Actual Loops": 1,"Group Key": ["n1.n_name", "n2.n_name", "(EXTRACT(year FROM lineitem.l_shipdate))"],"Plans": [{"Node Type": "Gather Merge","Parent Relationship": "Outer","Parallel Aware": false,"Async Capable": false,"Startup Cost": 72556.41,"Total Cost": 73202.94,"Plan Rows": 4910,"Plan Width": 272,"Actual Startup Time": 944.661,"Actual Total Time": 1000.938,"Actual Rows": 12,"Actual Loops": 1,"Workers Planned": 2,"Workers Launched": 2,"Plans": [{"Node Type": "Aggregate","Strategy": "Sorted","Partial Mode": "Partial","Parent Relationship": "Outer","Parallel Aware": false,"Async Capable": false,"Startup Cost": 71556.39,"Total Cost": 71636.18,"Plan Rows": 2455,"Plan Width": 272,"Actual Startup Time": 936.315,"Actual Total Time": 936.983,"Actual Rows": 4,"Actual Loops": 3,"Group Key": ["n1.n_name", "n2.n_name", "(EXTRACT(year FROM lineitem.l_shipdate))"],"Workers": [],"Plans": [{"Node Type": "Sort","Parent Relationship": "Outer","Parallel Aware": false,"Async Capable": false,"Startup Cost": 71556.39,"Total Cost": 71562.53,"Plan Rows": 2455,"Plan Width": 252,"Actual Startup Time": 936.058,"Actual Total Time": 936.158,"Actual Rows": 1954,"Actual Loops": 3,"Sort Key": ["n1.n_name", "n2.n_name", "(EXTRACT(year FROM lineitem.l_shipdate))"],"Sort Method": "quicksort","Sort Space Used": 260,"Sort Space Type": "Memory","Workers": [{"Worker Number": 0,"Sort Method": "quicksort","Sort Space Used": 259,"Sort Space Type": "Memory"},{"Worker Number": 1,"Sort Method": "quicksort","Sort Space Used": 267,"Sort Space Type": "Memory"}],"Plans": [{"Node Type": "Hash Join","Parent Relationship": "Outer","Parallel Aware": false,"Async Capable": false,"Join Type": "Inner","Startup Cost": 366.16,"Total Cost": 71418.15,"Plan Rows": 2455,"Plan Width": 252,"Actual Startup Time": 10.115,"Actual Total Time": 934.261,"Actual Rows": 1954,"Actual Loops": 3,"Inner Unique": false,"Hash Cond": "(lineitem.l_suppkey = supplier.s_suppkey)","Join Filter": "(((n1.n_name = 'INDONESIA'::bpchar) AND (n2.n_name = 'ROMANIA'::bpchar)) OR ((n1.n_name = 'ROMANIA'::bpchar) AND (n2.n_name = 'INDONESIA'::bpchar)))","Rows Removed by Join Filter": 2015,"Workers": [],"Plans": [{"Node Type": "Nested Loop","Parent Relationship": "Outer","Parallel Aware": false,"Async Capable": false,"Join Type": "Inner","Startup Cost": 2.26,"Total Cost": 70727.78,"Plan Rows": 60250,"Plan Width": 124,"Actual Startup Time": 0.745,"Actual Total Time": 918.959,"Actual Rows": 49886,"Actual Loops": 3,"Inner Unique": false,"Workers": [],"Plans": [{"Node Type": "Nested Loop","Parent Relationship": "Outer","Parallel Aware": false,"Async Capable": false,"Join Type": "Inner","Startup Cost": 1.83,"Total Cost": 12400.01,"Plan Rows": 49000,"Plan Width": 108,"Actual Startup Time": 0.317,"Actual Total Time": 231.078,"Actual Rows": 40796,"Actual Loops": 3,"Inner Unique": false,"Workers": [],"Plans": [{"Node Type": "Hash Join","Parent Relationship": "Outer","Parallel Aware": false,"Async Capable": false,"Join Type": "Inner","Startup Cost": 1.40,"Total Cost": 4403.27,"Plan Rows": 4900,"Plan Width": 108,"Actual Startup Time": 0.183,"Actual Total Time": 47.496,"Actual Rows": 4087,"Actual Loops": 3,"Inner Unique": true,"Hash Cond": "(customer.c_nationkey = n2.n_nationkey)","Workers": [],"Plans": [{"Node Type": "Seq Scan","Parent Relationship": "Outer","Parallel Aware": true,"Async Capable": false,"Relation Name": "customer","Alias": "customer","Startup Cost": 0.00,"Total Cost": 4210.00,"Plan Rows": 62500,"Plan Width": 8,"Actual Startup Time": 0.013,"Actual Total Time": 9.597,"Actual Rows": 50000,"Actual Loops": 3,"Workers": []},{"Node Type": "Hash","Parent Relationship": "Inner","Parallel Aware": false,"Async Capable": false,"Startup Cost": 1.38,"Total Cost": 1.38,"Plan Rows": 2,"Plan Width": 108,"Actual Startup Time": 0.073,"Actual Total Time": 0.078,"Actual Rows": 2,"Actual Loops": 3,"Hash Buckets": 1024,"Original Hash Buckets": 1024,"Hash Batches": 1,"Original Hash Batches": 1,"Peak Memory Usage": 9,"Workers": [],"Plans": [{"Node Type": "Seq Scan","Parent Relationship": "Outer","Parallel Aware": false,"Async Capable": false,"Relation Name": "nation","Alias": "n2","Startup Cost": 0.00,"Total Cost": 1.38,"Plan Rows": 2,"Plan Width": 108,"Actual Startup Time": 0.052,"Actual Total Time": 0.058,"Actual Rows": 2,"Actual Loops": 3,"Filter": "((n_name = 'ROMANIA'::bpchar) OR (n_name = 'INDONESIA'::bpchar))","Rows Removed by Filter": 23,"Workers": []}]}]},{"Node Type": "Index Scan","Parent Relationship": "Inner","Parallel Aware": false,"Async Capable": false,"Scan Direction": "Forward","Index Name": "idx_orders_custkey","Relation Name": "orders","Alias": "orders","Startup Cost": 0.43,"Total Cost": 1.46,"Plan Rows": 17,"Plan Width": 8,"Actual Startup Time": 0.007,"Actual Total Time": 0.044,"Actual Rows": 10,"Actual Loops": 12261,"Index Cond": "(o_custkey = customer.c_custkey)","Rows Removed by Index Recheck": 0,"Workers": []}]},{"Node Type": "Index Scan","Parent Relationship": "Inner","Parallel Aware": false,"Async Capable": false,"Scan Direction": "Forward","Index Name": "idx_lineitem_orderkey","Relation Name": "lineitem","Alias": "lineitem","Startup Cost": 0.43,"Total Cost": 1.14,"Plan Rows": 5,"Plan Width": 24,"Actual Startup Time": 0.016,"Actual Total Time": 0.017,"Actual Rows": 1,"Actual Loops": 122389,"Index Cond": "(l_orderkey = orders.o_orderkey)","Rows Removed by Index Recheck": 0,"Filter": "((l_shipdate >= '1995-01-01'::date) AND (l_shipdate <= '1996-12-31'::date))","Rows Removed by Filter": 3,"Workers": []}]},{"Node Type": "Hash","Parent Relationship": "Inner","Parallel Aware": false,"Async Capable": false,"Startup Cost": 354.10,"Total Cost": 354.10,"Plan Rows": 784,"Plan Width": 108,"Actual Startup Time": 7.995,"Actual Total Time": 8.009,"Actual Rows": 803,"Actual Loops": 3,"Hash Buckets": 1024,"Original Hash Buckets": 1024,"Hash Batches": 1,"Original Hash Batches": 1,"Peak Memory Usage": 57,"Workers": [],"Plans": [{"Node Type": "Hash Join","Parent Relationship": "Outer","Parallel Aware": false,"Async Capable": false,"Join Type": "Inner","Startup Cost": 1.40,"Total Cost": 354.10,"Plan Rows": 784,"Plan Width": 108,"Actual Startup Time": 0.092,"Actual Total Time": 7.791,"Actual Rows": 803,"Actual Loops": 3,"Inner Unique": true,"Hash Cond": "(supplier.s_nationkey = n1.n_nationkey)","Workers": [],"Plans": [{"Node Type": "Seq Scan","Parent Relationship": "Outer","Parallel Aware": false,"Async Capable": false,"Relation Name": "supplier","Alias": "supplier","Startup Cost": 0.00,"Total Cost": 322.00,"Plan Rows": 10000,"Plan Width": 8,"Actual Startup Time": 0.035,"Actual Total Time": 4.282,"Actual Rows": 10000,"Actual Loops": 3,"Workers": []},{"Node Type": "Hash","Parent Relationship": "Inner","Parallel Aware": false,"Async Capable": false,"Startup Cost": 1.38,"Total Cost": 1.38,"Plan Rows": 2,"Plan Width": 108,"Actual Startup Time": 0.021,"Actual Total Time": 0.027,"Actual Rows": 2,"Actual Loops": 3,"Hash Buckets": 1024,"Original Hash Buckets": 1024,"Hash Batches": 1,"Original Hash Batches": 1,"Peak Memory Usage": 9,"Workers": [],"Plans": [{"Node Type": "Seq Scan","Parent Relationship": "Outer","Parallel Aware": false,"Async Capable": false,"Relation Name": "nation","Alias": "n1","Startup Cost": 0.00,"Total Cost": 1.38,"Plan Rows": 2,"Plan Width": 108,"Actual Startup Time": 0.008,"Actual Total Time": 0.015,"Actual Rows": 2,"Actual Loops": 3,"Filter": "((n_name = 'INDONESIA'::bpchar) OR (n_name = 'ROMANIA'::bpchar))","Rows Removed by Filter": 23,"Workers": []}]}]}]}]}]}]}]}]},"Planning Time": 9.879,"Triggers": [],"Execution Time": 1001.489}]
[{"Plan": {"Node Type": "Aggregate","Strategy": "Sorted","Partial Mode": "Finalize","Parallel Aware": false,"Async Capable": false,"Startup Cost": 72556.41,"Total Cost": 73352.71,"Plan Rows": 5893,"Plan Width": 272,"Actual Startup Time": 923.584,"Actual Total Time": 981.020,"Actual Rows": 4,"Actual Loops": 1,"Group Key": ["n1.n_name", "n2.n_name", "(EXTRACT(year FROM lineitem.l_shipdate))"],"Plans": [{"Node Type": "Gather Merge","Parent Relationship": "Outer","Parallel Aware": false,"Async Capable": false,"Startup Cost": 72556.41,"Total Cost": 73202.94,"Plan Rows": 4910,"Plan Width": 272,"Actual Startup Time": 922.748,"Actual Total Time": 980.953,"Actual Rows": 12,"Actual Loops": 1,"Workers Planned": 2,"Workers Launched": 2,"Plans": [{"Node Type": "Aggregate","Strategy": "Sorted","Partial Mode": "Partial","Parent Relationship": "Outer","Parallel Aware": false,"Async Capable": false,"Startup Cost": 71556.39,"Total Cost": 71636.18,"Plan Rows": 2455,"Plan Width": 272,"Actual Startup Time": 914.362,"Actual Total Time": 915.309,"Actual Rows": 4,"Actual Loops": 3,"Group Key": ["n1.n_name", "n2.n_name", "(EXTRACT(year FROM lineitem.l_shipdate))"],"Workers": [],"Plans": [{"Node Type": "Sort","Parent Relationship": "Outer","Parallel Aware": false,"Async Capable": false,"Startup Cost": 71556.39,"Total Cost": 71562.53,"Plan Rows": 2455,"Plan Width": 252,"Actual Startup Time": 914.107,"Actual Total Time": 914.229,"Actual Rows": 1948,"Actual Loops": 3,"Sort Key": ["n1.n_name", "n2.n_name", "(EXTRACT(year FROM lineitem.l_shipdate))"],"Sort Method": "quicksort","Sort Space Used": 257,"Sort Space Type": "Memory","Workers": [{"Worker Number": 0,"Sort Method": "quicksort","Sort Space Used": 271,"Sort Space Type": "Memory"},{"Worker Number": 1,"Sort Method": "quicksort","Sort Space Used": 257,"Sort Space Type": "Memory"}],"Plans": [{"Node Type": "Hash Join","Parent Relationship": "Outer","Parallel Aware": false,"Async Capable": false,"Join Type": "Inner","Startup Cost": 366.16,"Total Cost": 71418.15,"Plan Rows": 2455,"Plan Width": 252,"Actual Startup Time": 9.495,"Actual Total Time": 912.275,"Actual Rows": 1948,"Actual Loops": 3,"Inner Unique": false,"Hash Cond": "(lineitem.l_suppkey = supplier.s_suppkey)","Join Filter": "(((n1.n_name = 'IRAN'::bpchar) AND (n2.n_name = 'BRAZIL'::bpchar)) OR ((n1.n_name = 'BRAZIL'::bpchar) AND (n2.n_name = 'IRAN'::bpchar)))","Rows Removed by Join Filter": 1887,"Workers": [],"Plans": [{"Node Type": "Nested Loop","Parent Relationship": "Outer","Parallel Aware": false,"Async Capable": false,"Join Type": "Inner","Startup Cost": 2.26,"Total Cost": 70727.78,"Plan Rows": 60250,"Plan Width": 124,"Actual Startup Time": 1.067,"Actual Total Time": 898.191,"Actual Rows": 48493,"Actual Loops": 3,"Inner Unique": false,"Workers": [],"Plans": [{"Node Type": "Nested Loop","Parent Relationship": "Outer","Parallel Aware": false,"Async Capable": false,"Join Type": "Inner","Startup Cost": 1.83,"Total Cost": 12400.01,"Plan Rows": 49000,"Plan Width": 108,"Actual Startup Time": 0.317,"Actual Total Time": 225.340,"Actual Rows": 39937,"Actual Loops": 3,"Inner Unique": false,"Workers": [],"Plans": [{"Node Type": "Hash Join","Parent Relationship": "Outer","Parallel Aware": false,"Async Capable": false,"Join Type": "Inner","Startup Cost": 1.40,"Total Cost": 4403.27,"Plan Rows": 4900,"Plan Width": 108,"Actual Startup Time": 0.205,"Actual Total Time": 46.672,"Actual Rows": 4003,"Actual Loops": 3,"Inner Unique": true,"Hash Cond": "(customer.c_nationkey = n2.n_nationkey)","Workers": [],"Plans": [{"Node Type": "Seq Scan","Parent Relationship": "Outer","Parallel Aware": true,"Async Capable": false,"Relation Name": "customer","Alias": "customer","Startup Cost": 0.00,"Total Cost": 4210.00,"Plan Rows": 62500,"Plan Width": 8,"Actual Startup Time": 0.012,"Actual Total Time": 9.635,"Actual Rows": 50000,"Actual Loops": 3,"Workers": []},{"Node Type": "Hash","Parent Relationship": "Inner","Parallel Aware": false,"Async Capable": false,"Startup Cost": 1.38,"Total Cost": 1.38,"Plan Rows": 2,"Plan Width": 108,"Actual Startup Time": 0.090,"Actual Total Time": 0.096,"Actual Rows": 2,"Actual Loops": 3,"Hash Buckets": 1024,"Original Hash Buckets": 1024,"Hash Batches": 1,"Original Hash Batches": 1,"Peak Memory Usage": 9,"Workers": [],"Plans": [{"Node Type": "Seq Scan","Parent Relationship": "Outer","Parallel Aware": false,"Async Capable": false,"Relation Name": "nation","Alias": "n2","Startup Cost": 0.00,"Total Cost": 1.38,"Plan Rows": 2,"Plan Width": 108,"Actual Startup Time": 0.063,"Actual Total Time": 0.072,"Actual Rows": 2,"Actual Loops": 3,"Filter": "((n_name = 'BRAZIL'::bpchar) OR (n_name = 'IRAN'::bpchar))","Rows Removed by Filter": 23,"Workers": []}]}]},{"Node Type": "Index Scan","Parent Relationship": "Inner","Parallel Aware": false,"Async Capable": false,"Scan Direction": "Forward","Index Name": "idx_orders_custkey","Relation Name": "orders","Alias": "orders","Startup Cost": 0.43,"Total Cost": 1.46,"Plan Rows": 17,"Plan Width": 8,"Actual Startup Time": 0.007,"Actual Total Time": 0.043,"Actual Rows": 10,"Actual Loops": 12008,"Index Cond": "(o_custkey = customer.c_custkey)","Rows Removed by Index Recheck": 0,"Workers": []}]},{"Node Type": "Index Scan","Parent Relationship": "Inner","Parallel Aware": false,"Async Capable": false,"Scan Direction": "Forward","Index Name": "idx_lineitem_orderkey","Relation Name": "lineitem","Alias": "lineitem","Startup Cost": 0.43,"Total Cost": 1.14,"Plan Rows": 5,"Plan Width": 24,"Actual Startup Time": 0.016,"Actual Total Time": 0.017,"Actual Rows": 1,"Actual Loops": 119812,"Index Cond": "(l_orderkey = orders.o_orderkey)","Rows Removed by Index Recheck": 0,"Filter": "((l_shipdate >= '1995-01-01'::date) AND (l_shipdate <= '1996-12-31'::date))","Rows Removed by Filter": 3,"Workers": []}]},{"Node Type": "Hash","Parent Relationship": "Inner","Parallel Aware": false,"Async Capable": false,"Startup Cost": 354.10,"Total Cost": 354.10,"Plan Rows": 784,"Plan Width": 108,"Actual Startup Time": 6.696,"Actual Total Time": 6.710,"Actual Rows": 790,"Actual Loops": 3,"Hash Buckets": 1024,"Original Hash Buckets": 1024,"Hash Batches": 1,"Original Hash Batches": 1,"Peak Memory Usage": 56,"Workers": [],"Plans": [{"Node Type": "Hash Join","Parent Relationship": "Outer","Parallel Aware": false,"Async Capable": false,"Join Type": "Inner","Startup Cost": 1.40,"Total Cost": 354.10,"Plan Rows": 784,"Plan Width": 108,"Actual Startup Time": 0.093,"Actual Total Time": 6.530,"Actual Rows": 790,"Actual Loops": 3,"Inner Unique": true,"Hash Cond": "(supplier.s_nationkey = n1.n_nationkey)","Workers": [],"Plans": [{"Node Type": "Seq Scan","Parent Relationship": "Outer","Parallel Aware": false,"Async Capable": false,"Relation Name": "supplier","Alias": "supplier","Startup Cost": 0.00,"Total Cost": 322.00,"Plan Rows": 10000,"Plan Width": 8,"Actual Startup Time": 0.032,"Actual Total Time": 3.453,"Actual Rows": 10000,"Actual Loops": 3,"Workers": []},{"Node Type": "Hash","Parent Relationship": "Inner","Parallel Aware": false,"Async Capable": false,"Startup Cost": 1.38,"Total Cost": 1.38,"Plan Rows": 2,"Plan Width": 108,"Actual Startup Time": 0.020,"Actual Total Time": 0.026,"Actual Rows": 2,"Actual Loops": 3,"Hash Buckets": 1024,"Original Hash Buckets": 1024,"Hash Batches": 1,"Original Hash Batches": 1,"Peak Memory Usage": 9,"Workers": [],"Plans": [{"Node Type": "Seq Scan","Parent Relationship": "Outer","Parallel Aware": false,"Async Capable": false,"Relation Name": "nation","Alias": "n1","Startup Cost": 0.00,"Total Cost": 1.38,"Plan Rows": 2,"Plan Width": 108,"Actual Startup Time": 0.006,"Actual Total Time": 0.014,"Actual Rows": 2,"Actual Loops": 3,"Filter": "((n_name = 'IRAN'::bpchar) OR (n_name = 'BRAZIL'::bpchar))","Rows Removed by Filter": 23,"Workers": []}]}]}]}]}]}]}]}]},"Planning Time": 8.834,"Triggers": [],"Execution Time": 981.519}]
[{"Plan": {"Node Type": "Aggregate","Strategy": "Sorted","Partial Mode": "Finalize","Parallel Aware": false,"Async Capable": false,"Startup Cost": 72556.41,"Total Cost": 73352.71,"Plan Rows": 5893,"Plan Width": 272,"Actual Startup Time": 918.057,"Actual Total Time": 961.715,"Actual Rows": 4,"Actual Loops": 1,"Group Key": ["n1.n_name", "n2.n_name", "(EXTRACT(year FROM lineitem.l_shipdate))"],"Plans": [{"Node Type": "Gather Merge","Parent Relationship": "Outer","Parallel Aware": false,"Async Capable": false,"Startup Cost": 72556.41,"Total Cost": 73202.94,"Plan Rows": 4910,"Plan Width": 272,"Actual Startup Time": 917.068,"Actual Total Time": 961.620,"Actual Rows": 12,"Actual Loops": 1,"Workers Planned": 2,"Workers Launched": 2,"Plans": [{"Node Type": "Aggregate","Strategy": "Sorted","Partial Mode": "Partial","Parent Relationship": "Outer","Parallel Aware": false,"Async Capable": false,"Startup Cost": 71556.39,"Total Cost": 71636.18,"Plan Rows": 2455,"Plan Width": 272,"Actual Startup Time": 908.586,"Actual Total Time": 909.554,"Actual Rows": 4,"Actual Loops": 3,"Group Key": ["n1.n_name", "n2.n_name", "(EXTRACT(year FROM lineitem.l_shipdate))"],"Workers": [],"Plans": [{"Node Type": "Sort","Parent Relationship": "Outer","Parallel Aware": false,"Async Capable": false,"Startup Cost": 71556.39,"Total Cost": 71562.53,"Plan Rows": 2455,"Plan Width": 252,"Actual Startup Time": 908.319,"Actual Total Time": 908.466,"Actual Rows": 2026,"Actual Loops": 3,"Sort Key": ["n1.n_name", "n2.n_name", "(EXTRACT(year FROM lineitem.l_shipdate))"],"Sort Method": "quicksort","Sort Space Used": 328,"Sort Space Type": "Memory","Workers": [{"Worker Number": 0,"Sort Method": "quicksort","Sort Space Used": 271,"Sort Space Type": "Memory"},{"Worker Number": 1,"Sort Method": "quicksort","Sort Space Used": 259,"Sort Space Type": "Memory"}],"Plans": [{"Node Type": "Hash Join","Parent Relationship": "Outer","Parallel Aware": false,"Async Capable": false,"Join Type": "Inner","Startup Cost": 366.16,"Total Cost": 71418.15,"Plan Rows": 2455,"Plan Width": 252,"Actual Startup Time": 12.066,"Actual Total Time": 906.441,"Actual Rows": 2026,"Actual Loops": 3,"Inner Unique": false,"Hash Cond": "(lineitem.l_suppkey = supplier.s_suppkey)","Join Filter": "(((n1.n_name = 'ALGERIA'::bpchar) AND (n2.n_name = 'PERU'::bpchar)) OR ((n1.n_name = 'PERU'::bpchar) AND (n2.n_name = 'ALGERIA'::bpchar)))","Rows Removed by Join Filter": 2057,"Workers": [],"Plans": [{"Node Type": "Nested Loop","Parent Relationship": "Outer","Parallel Aware": false,"Async Capable": false,"Join Type": "Inner","Startup Cost": 2.26,"Total Cost": 70727.78,"Plan Rows": 60250,"Plan Width": 124,"Actual Startup Time": 0.652,"Actual Total Time": 888.664,"Actual Rows": 48251,"Actual Loops": 3,"Inner Unique": false,"Workers": [],"Plans": [{"Node Type": "Nested Loop","Parent Relationship": "Outer","Parallel Aware": false,"Async Capable": false,"Join Type": "Inner","Startup Cost": 1.83,"Total Cost": 12400.01,"Plan Rows": 49000,"Plan Width": 108,"Actual Startup Time": 0.259,"Actual Total Time": 220.488,"Actual Rows": 39547,"Actual Loops": 3,"Inner Unique": false,"Workers": [],"Plans": [{"Node Type": "Hash Join","Parent Relationship": "Outer","Parallel Aware": false,"Async Capable": false,"Join Type": "Inner","Startup Cost": 1.40,"Total Cost": 4403.27,"Plan Rows": 4900,"Plan Width": 108,"Actual Startup Time": 0.170,"Actual Total Time": 44.010,"Actual Rows": 3967,"Actual Loops": 3,"Inner Unique": true,"Hash Cond": "(customer.c_nationkey = n2.n_nationkey)","Workers": [],"Plans": [{"Node Type": "Seq Scan","Parent Relationship": "Outer","Parallel Aware": true,"Async Capable": false,"Relation Name": "customer","Alias": "customer","Startup Cost": 0.00,"Total Cost": 4210.00,"Plan Rows": 62500,"Plan Width": 8,"Actual Startup Time": 0.012,"Actual Total Time": 9.092,"Actual Rows": 50000,"Actual Loops": 3,"Workers": []},{"Node Type": "Hash","Parent Relationship": "Inner","Parallel Aware": false,"Async Capable": false,"Startup Cost": 1.38,"Total Cost": 1.38,"Plan Rows": 2,"Plan Width": 108,"Actual Startup Time": 0.083,"Actual Total Time": 0.089,"Actual Rows": 2,"Actual Loops": 3,"Hash Buckets": 1024,"Original Hash Buckets": 1024,"Hash Batches": 1,"Original Hash Batches": 1,"Peak Memory Usage": 9,"Workers": [],"Plans": [{"Node Type": "Seq Scan","Parent Relationship": "Outer","Parallel Aware": false,"Async Capable": false,"Relation Name": "nation","Alias": "n2","Startup Cost": 0.00,"Total Cost": 1.38,"Plan Rows": 2,"Plan Width": 108,"Actual Startup Time": 0.067,"Actual Total Time": 0.075,"Actual Rows": 2,"Actual Loops": 3,"Filter": "((n_name = 'PERU'::bpchar) OR (n_name = 'ALGERIA'::bpchar))","Rows Removed by Filter": 23,"Workers": []}]}]},{"Node Type": "Index Scan","Parent Relationship": "Inner","Parallel Aware": false,"Async Capable": false,"Scan Direction": "Forward","Index Name": "idx_orders_custkey","Relation Name": "orders","Alias": "orders","Startup Cost": 0.43,"Total Cost": 1.46,"Plan Rows": 17,"Plan Width": 8,"Actual Startup Time": 0.007,"Actual Total Time": 0.043,"Actual Rows": 10,"Actual Loops": 11900,"Index Cond": "(o_custkey = customer.c_custkey)","Rows Removed by Index Recheck": 0,"Workers": []}]},{"Node Type": "Index Scan","Parent Relationship": "Inner","Parallel Aware": false,"Async Capable": false,"Scan Direction": "Forward","Index Name": "idx_lineitem_orderkey","Relation Name": "lineitem","Alias": "lineitem","Startup Cost": 0.43,"Total Cost": 1.14,"Plan Rows": 5,"Plan Width": 24,"Actual Startup Time": 0.016,"Actual Total Time": 0.017,"Actual Rows": 1,"Actual Loops": 118640,"Index Cond": "(l_orderkey = orders.o_orderkey)","Rows Removed by Index Recheck": 0,"Filter": "((l_shipdate >= '1995-01-01'::date) AND (l_shipdate <= '1996-12-31'::date))","Rows Removed by Filter": 3,"Workers": []}]},{"Node Type": "Hash","Parent Relationship": "Inner","Parallel Aware": false,"Async Capable": false,"Startup Cost": 354.10,"Total Cost": 354.10,"Plan Rows": 784,"Plan Width": 108,"Actual Startup Time": 10.552,"Actual Total Time": 10.569,"Actual Rows": 841,"Actual Loops": 3,"Hash Buckets": 1024,"Original Hash Buckets": 1024,"Hash Batches": 1,"Original Hash Batches": 1,"Peak Memory Usage": 59,"Workers": [],"Plans": [{"Node Type": "Hash Join","Parent Relationship": "Outer","Parallel Aware": false,"Async Capable": false,"Join Type": "Inner","Startup Cost": 1.40,"Total Cost": 354.10,"Plan Rows": 784,"Plan Width": 108,"Actual Startup Time": 0.062,"Actual Total Time": 10.374,"Actual Rows": 841,"Actual Loops": 3,"Inner Unique": true,"Hash Cond": "(supplier.s_nationkey = n1.n_nationkey)","Workers": [],"Plans": [{"Node Type": "Seq Scan","Parent Relationship": "Outer","Parallel Aware": false,"Async Capable": false,"Relation Name": "supplier","Alias": "supplier","Startup Cost": 0.00,"Total Cost": 322.00,"Plan Rows": 10000,"Plan Width": 8,"Actual Startup Time": 0.023,"Actual Total Time": 4.252,"Actual Rows": 10000,"Actual Loops": 3,"Workers": []},{"Node Type": "Hash","Parent Relationship": "Inner","Parallel Aware": false,"Async Capable": false,"Startup Cost": 1.38,"Total Cost": 1.38,"Plan Rows": 2,"Plan Width": 108,"Actual Startup Time": 0.014,"Actual Total Time": 0.020,"Actual Rows": 2,"Actual Loops": 3,"Hash Buckets": 1024,"Original Hash Buckets": 1024,"Hash Batches": 1,"Original Hash Batches": 1,"Peak Memory Usage": 9,"Workers": [],"Plans": [{"Node Type": "Seq Scan","Parent Relationship": "Outer","Parallel Aware": false,"Async Capable": false,"Relation Name": "nation","Alias": "n1","Startup Cost": 0.00,"Total Cost": 1.38,"Plan Rows": 2,"Plan Width": 108,"Actual Startup Time": 0.003,"Actual Total Time": 0.009,"Actual Rows": 2,"Actual Loops": 3,"Filter": "((n_name = 'ALGERIA'::bpchar) OR (n_name = 'PERU'::bpchar))","Rows Removed by Filter": 23,"Workers": []}]}]}]}]}]}]}]}]},"Planning Time": 9.312,"Triggers": [],"Execution Time": 962.091}]
[{"Plan": {"Node Type": "Aggregate","Strategy": "Sorted","Partial Mode": "Finalize","Parallel Aware": false,"Async Capable": false,"Startup Cost": 72556.41,"Total Cost": 73352.71,"Plan Rows": 5893,"Plan Width": 272,"Actual Startup Time": 923.792,"Actual Total Time": 968.561,"Actual Rows": 4,"Actual Loops": 1,"Group Key": ["n1.n_name", "n2.n_name", "(EXTRACT(year FROM lineitem.l_shipdate))"],"Plans": [{"Node Type": "Gather Merge","Parent Relationship": "Outer","Parallel Aware": false,"Async Capable": false,"Startup Cost": 72556.41,"Total Cost": 73202.94,"Plan Rows": 4910,"Plan Width": 272,"Actual Startup Time": 923.161,"Actual Total Time": 968.466,"Actual Rows": 12,"Actual Loops": 1,"Workers Planned": 2,"Workers Launched": 2,"Plans": [{"Node Type": "Aggregate","Strategy": "Sorted","Partial Mode": "Partial","Parent Relationship": "Outer","Parallel Aware": false,"Async Capable": false,"Startup Cost": 71556.39,"Total Cost": 71636.18,"Plan Rows": 2455,"Plan Width": 272,"Actual Startup Time": 915.146,"Actual Total Time": 915.945,"Actual Rows": 4,"Actual Loops": 3,"Group Key": ["n1.n_name", "n2.n_name", "(EXTRACT(year FROM lineitem.l_shipdate))"],"Workers": [],"Plans": [{"Node Type": "Sort","Parent Relationship": "Outer","Parallel Aware": false,"Async Capable": false,"Startup Cost": 71556.39,"Total Cost": 71562.53,"Plan Rows": 2455,"Plan Width": 252,"Actual Startup Time": 914.851,"Actual Total Time": 914.967,"Actual Rows": 1944,"Actual Loops": 3,"Sort Key": ["n1.n_name", "n2.n_name", "(EXTRACT(year FROM lineitem.l_shipdate))"],"Sort Method": "quicksort","Sort Space Used": 321,"Sort Space Type": "Memory","Workers": [{"Worker Number": 0,"Sort Method": "quicksort","Sort Space Used": 255,"Sort Space Type": "Memory"},{"Worker Number": 1,"Sort Method": "quicksort","Sort Space Used": 255,"Sort Space Type": "Memory"}],"Plans": [{"Node Type": "Hash Join","Parent Relationship": "Outer","Parallel Aware": false,"Async Capable": false,"Join Type": "Inner","Startup Cost": 366.16,"Total Cost": 71418.15,"Plan Rows": 2455,"Plan Width": 252,"Actual Startup Time": 13.306,"Actual Total Time": 913.041,"Actual Rows": 1944,"Actual Loops": 3,"Inner Unique": false,"Hash Cond": "(lineitem.l_suppkey = supplier.s_suppkey)","Join Filter": "(((n1.n_name = 'VIETNAM'::bpchar) AND (n2.n_name = 'IRAN'::bpchar)) OR ((n1.n_name = 'IRAN'::bpchar) AND (n2.n_name = 'VIETNAM'::bpchar)))","Rows Removed by Join Filter": 1901,"Workers": [],"Plans": [{"Node Type": "Nested Loop","Parent Relationship": "Outer","Parallel Aware": false,"Async Capable": false,"Join Type": "Inner","Startup Cost": 2.26,"Total Cost": 70727.78,"Plan Rows": 60250,"Plan Width": 124,"Actual Startup Time": 0.631,"Actual Total Time": 894.607,"Actual Rows": 48678,"Actual Loops": 3,"Inner Unique": false,"Workers": [],"Plans": [{"Node Type": "Nested Loop","Parent Relationship": "Outer","Parallel Aware": false,"Async Capable": false,"Join Type": "Inner","Startup Cost": 1.83,"Total Cost": 12400.01,"Plan Rows": 49000,"Plan Width": 108,"Actual Startup Time": 0.346,"Actual Total Time": 220.979,"Actual Rows": 40007,"Actual Loops": 3,"Inner Unique": false,"Workers": [],"Plans": [{"Node Type": "Hash Join","Parent Relationship": "Outer","Parallel Aware": false,"Async Capable": false,"Join Type": "Inner","Startup Cost": 1.40,"Total Cost": 4403.27,"Plan Rows": 4900,"Plan Width": 108,"Actual Startup Time": 0.212,"Actual Total Time": 43.768,"Actual Rows": 4006,"Actual Loops": 3,"Inner Unique": true,"Hash Cond": "(customer.c_nationkey = n2.n_nationkey)","Workers": [],"Plans": [{"Node Type": "Seq Scan","Parent Relationship": "Outer","Parallel Aware": true,"Async Capable": false,"Relation Name": "customer","Alias": "customer","Startup Cost": 0.00,"Total Cost": 4210.00,"Plan Rows": 62500,"Plan Width": 8,"Actual Startup Time": 0.014,"Actual Total Time": 9.001,"Actual Rows": 50000,"Actual Loops": 3,"Workers": []},{"Node Type": "Hash","Parent Relationship": "Inner","Parallel Aware": false,"Async Capable": false,"Startup Cost": 1.38,"Total Cost": 1.38,"Plan Rows": 2,"Plan Width": 108,"Actual Startup Time": 0.079,"Actual Total Time": 0.085,"Actual Rows": 2,"Actual Loops": 3,"Hash Buckets": 1024,"Original Hash Buckets": 1024,"Hash Batches": 1,"Original Hash Batches": 1,"Peak Memory Usage": 9,"Workers": [],"Plans": [{"Node Type": "Seq Scan","Parent Relationship": "Outer","Parallel Aware": false,"Async Capable": false,"Relation Name": "nation","Alias": "n2","Startup Cost": 0.00,"Total Cost": 1.38,"Plan Rows": 2,"Plan Width": 108,"Actual Startup Time": 0.060,"Actual Total Time": 0.066,"Actual Rows": 2,"Actual Loops": 3,"Filter": "((n_name = 'IRAN'::bpchar) OR (n_name = 'VIETNAM'::bpchar))","Rows Removed by Filter": 23,"Workers": []}]}]},{"Node Type": "Index Scan","Parent Relationship": "Inner","Parallel Aware": false,"Async Capable": false,"Scan Direction": "Forward","Index Name": "idx_orders_custkey","Relation Name": "orders","Alias": "orders","Startup Cost": 0.43,"Total Cost": 1.46,"Plan Rows": 17,"Plan Width": 8,"Actual Startup Time": 0.007,"Actual Total Time": 0.043,"Actual Rows": 10,"Actual Loops": 12017,"Index Cond": "(o_custkey = customer.c_custkey)","Rows Removed by Index Recheck": 0,"Workers": []}]},{"Node Type": "Index Scan","Parent Relationship": "Inner","Parallel Aware": false,"Async Capable": false,"Scan Direction": "Forward","Index Name": "idx_lineitem_orderkey","Relation Name": "lineitem","Alias": "lineitem","Startup Cost": 0.43,"Total Cost": 1.14,"Plan Rows": 5,"Plan Width": 24,"Actual Startup Time": 0.016,"Actual Total Time": 0.017,"Actual Rows": 1,"Actual Loops": 120022,"Index Cond": "(l_orderkey = orders.o_orderkey)","Rows Removed by Index Recheck": 0,"Filter": "((l_shipdate >= '1995-01-01'::date) AND (l_shipdate <= '1996-12-31'::date))","Rows Removed by Filter": 3,"Workers": []}]},{"Node Type": "Hash","Parent Relationship": "Inner","Parallel Aware": false,"Async Capable": false,"Startup Cost": 354.10,"Total Cost": 354.10,"Plan Rows": 784,"Plan Width": 108,"Actual Startup Time": 11.400,"Actual Total Time": 11.413,"Actual Rows": 792,"Actual Loops": 3,"Hash Buckets": 1024,"Original Hash Buckets": 1024,"Hash Batches": 1,"Original Hash Batches": 1,"Peak Memory Usage": 56,"Workers": [],"Plans": [{"Node Type": "Hash Join","Parent Relationship": "Outer","Parallel Aware": false,"Async Capable": false,"Join Type": "Inner","Startup Cost": 1.40,"Total Cost": 354.10,"Plan Rows": 784,"Plan Width": 108,"Actual Startup Time": 0.098,"Actual Total Time": 11.211,"Actual Rows": 792,"Actual Loops": 3,"Inner Unique": true,"Hash Cond": "(supplier.s_nationkey = n1.n_nationkey)","Workers": [],"Plans": [{"Node Type": "Seq Scan","Parent Relationship": "Outer","Parallel Aware": false,"Async Capable": false,"Relation Name": "supplier","Alias": "supplier","Startup Cost": 0.00,"Total Cost": 322.00,"Plan Rows": 10000,"Plan Width": 8,"Actual Startup Time": 0.036,"Actual Total Time": 4.732,"Actual Rows": 10000,"Actual Loops": 3,"Workers": []},{"Node Type": "Hash","Parent Relationship": "Inner","Parallel Aware": false,"Async Capable": false,"Startup Cost": 1.38,"Total Cost": 1.38,"Plan Rows": 2,"Plan Width": 108,"Actual Startup Time": 0.018,"Actual Total Time": 0.023,"Actual Rows": 2,"Actual Loops": 3,"Hash Buckets": 1024,"Original Hash Buckets": 1024,"Hash Batches": 1,"Original Hash Batches": 1,"Peak Memory Usage": 9,"Workers": [],"Plans": [{"Node Type": "Seq Scan","Parent Relationship": "Outer","Parallel Aware": false,"Async Capable": false,"Relation Name": "nation","Alias": "n1","Startup Cost": 0.00,"Total Cost": 1.38,"Plan Rows": 2,"Plan Width": 108,"Actual Startup Time": 0.008,"Actual Total Time": 0.013,"Actual Rows": 2,"Actual Loops": 3,"Filter": "((n_name = 'VIETNAM'::bpchar) OR (n_name = 'IRAN'::bpchar))","Rows Removed by Filter": 23,"Workers": []}]}]}]}]}]}]}]}]},"Planning Time": 8.578,"Triggers": [],"Execution Time": 968.992}]
[{"Plan": {"Node Type": "Aggregate","Strategy": "Sorted","Partial Mode": "Finalize","Parallel Aware": false,"Async Capable": false,"Startup Cost": 72556.41,"Total Cost": 73352.71,"Plan Rows": 5893,"Plan Width": 272,"Actual Startup Time": 925.033,"Actual Total Time": 978.903,"Actual Rows": 4,"Actual Loops": 1,"Group Key": ["n1.n_name", "n2.n_name", "(EXTRACT(year FROM lineitem.l_shipdate))"],"Plans": [{"Node Type": "Gather Merge","Parent Relationship": "Outer","Parallel Aware": false,"Async Capable": false,"Startup Cost": 72556.41,"Total Cost": 73202.94,"Plan Rows": 4910,"Plan Width": 272,"Actual Startup Time": 924.484,"Actual Total Time": 978.804,"Actual Rows": 12,"Actual Loops": 1,"Workers Planned": 2,"Workers Launched": 2,"Plans": [{"Node Type": "Aggregate","Strategy": "Sorted","Partial Mode": "Partial","Parent Relationship": "Outer","Parallel Aware": false,"Async Capable": false,"Startup Cost": 71556.39,"Total Cost": 71636.18,"Plan Rows": 2455,"Plan Width": 272,"Actual Startup Time": 915.882,"Actual Total Time": 916.612,"Actual Rows": 4,"Actual Loops": 3,"Group Key": ["n1.n_name", "n2.n_name", "(EXTRACT(year FROM lineitem.l_shipdate))"],"Workers": [],"Plans": [{"Node Type": "Sort","Parent Relationship": "Outer","Parallel Aware": false,"Async Capable": false,"Startup Cost": 71556.39,"Total Cost": 71562.53,"Plan Rows": 2455,"Plan Width": 252,"Actual Startup Time": 915.640,"Actual Total Time": 915.743,"Actual Rows": 1947,"Actual Loops": 3,"Sort Key": ["n1.n_name", "n2.n_name", "(EXTRACT(year FROM lineitem.l_shipdate))"],"Sort Method": "quicksort","Sort Space Used": 264,"Sort Space Type": "Memory","Workers": [{"Worker Number": 0,"Sort Method": "quicksort","Sort Space Used": 258,"Sort Space Type": "Memory"},{"Worker Number": 1,"Sort Method": "quicksort","Sort Space Used": 263,"Sort Space Type": "Memory"}],"Plans": [{"Node Type": "Hash Join","Parent Relationship": "Outer","Parallel Aware": false,"Async Capable": false,"Join Type": "Inner","Startup Cost": 366.16,"Total Cost": 71418.15,"Plan Rows": 2455,"Plan Width": 252,"Actual Startup Time": 7.818,"Actual Total Time": 913.766,"Actual Rows": 1947,"Actual Loops": 3,"Inner Unique": false,"Hash Cond": "(lineitem.l_suppkey = supplier.s_suppkey)","Join Filter": "(((n1.n_name = 'CHINA'::bpchar) AND (n2.n_name = 'UNITED KINGDOM'::bpchar)) OR ((n1.n_name = 'UNITED KINGDOM'::bpchar) AND (n2.n_name = 'CHINA'::bpchar)))","Rows Removed by Join Filter": 1971,"Workers": [],"Plans": [{"Node Type": "Nested Loop","Parent Relationship": "Outer","Parallel Aware": false,"Async Capable": false,"Join Type": "Inner","Startup Cost": 2.26,"Total Cost": 70727.78,"Plan Rows": 60250,"Plan Width": 124,"Actual Startup Time": 0.503,"Actual Total Time": 899.346,"Actual Rows": 48702,"Actual Loops": 3,"Inner Unique": false,"Workers": [],"Plans": [{"Node Type": "Nested Loop","Parent Relationship": "Outer","Parallel Aware": false,"Async Capable": false,"Join Type": "Inner","Startup Cost": 1.83,"Total Cost": 12400.01,"Plan Rows": 49000,"Plan Width": 108,"Actual Startup Time": 0.303,"Actual Total Time": 225.406,"Actual Rows": 40080,"Actual Loops": 3,"Inner Unique": false,"Workers": [],"Plans": [{"Node Type": "Hash Join","Parent Relationship": "Outer","Parallel Aware": false,"Async Capable": false,"Join Type": "Inner","Startup Cost": 1.40,"Total Cost": 4403.27,"Plan Rows": 4900,"Plan Width": 108,"Actual Startup Time": 0.170,"Actual Total Time": 45.937,"Actual Rows": 4012,"Actual Loops": 3,"Inner Unique": true,"Hash Cond": "(customer.c_nationkey = n2.n_nationkey)","Workers": [],"Plans": [{"Node Type": "Seq Scan","Parent Relationship": "Outer","Parallel Aware": true,"Async Capable": false,"Relation Name": "customer","Alias": "customer","Startup Cost": 0.00,"Total Cost": 4210.00,"Plan Rows": 62500,"Plan Width": 8,"Actual Startup Time": 0.015,"Actual Total Time": 9.578,"Actual Rows": 50000,"Actual Loops": 3,"Workers": []},{"Node Type": "Hash","Parent Relationship": "Inner","Parallel Aware": false,"Async Capable": false,"Startup Cost": 1.38,"Total Cost": 1.38,"Plan Rows": 2,"Plan Width": 108,"Actual Startup Time": 0.071,"Actual Total Time": 0.074,"Actual Rows": 2,"Actual Loops": 3,"Hash Buckets": 1024,"Original Hash Buckets": 1024,"Hash Batches": 1,"Original Hash Batches": 1,"Peak Memory Usage": 9,"Workers": [],"Plans": [{"Node Type": "Seq Scan","Parent Relationship": "Outer","Parallel Aware": false,"Async Capable": false,"Relation Name": "nation","Alias": "n2","Startup Cost": 0.00,"Total Cost": 1.38,"Plan Rows": 2,"Plan Width": 108,"Actual Startup Time": 0.053,"Actual Total Time": 0.057,"Actual Rows": 2,"Actual Loops": 3,"Filter": "((n_name = 'UNITED KINGDOM'::bpchar) OR (n_name = 'CHINA'::bpchar))","Rows Removed by Filter": 23,"Workers": []}]}]},{"Node Type": "Index Scan","Parent Relationship": "Inner","Parallel Aware": false,"Async Capable": false,"Scan Direction": "Forward","Index Name": "idx_orders_custkey","Relation Name": "orders","Alias": "orders","Startup Cost": 0.43,"Total Cost": 1.46,"Plan Rows": 17,"Plan Width": 8,"Actual Startup Time": 0.007,"Actual Total Time": 0.043,"Actual Rows": 10,"Actual Loops": 12035,"Index Cond": "(o_custkey = customer.c_custkey)","Rows Removed by Index Recheck": 0,"Workers": []}]},{"Node Type": "Index Scan","Parent Relationship": "Inner","Parallel Aware": false,"Async Capable": false,"Scan Direction": "Forward","Index Name": "idx_lineitem_orderkey","Relation Name": "lineitem","Alias": "lineitem","Startup Cost": 0.43,"Total Cost": 1.14,"Plan Rows": 5,"Plan Width": 24,"Actual Startup Time": 0.016,"Actual Total Time": 0.017,"Actual Rows": 1,"Actual Loops": 120239,"Index Cond": "(l_orderkey = orders.o_orderkey)","Rows Removed by Index Recheck": 0,"Filter": "((l_shipdate >= '1995-01-01'::date) AND (l_shipdate <= '1996-12-31'::date))","Rows Removed by Filter": 3,"Workers": []}]},{"Node Type": "Hash","Parent Relationship": "Inner","Parallel Aware": false,"Async Capable": false,"Startup Cost": 354.10,"Total Cost": 354.10,"Plan Rows": 784,"Plan Width": 108,"Actual Startup Time": 6.807,"Actual Total Time": 6.814,"Actual Rows": 797,"Actual Loops": 3,"Hash Buckets": 1024,"Original Hash Buckets": 1024,"Hash Batches": 1,"Original Hash Batches": 1,"Peak Memory Usage": 57,"Workers": [],"Plans": [{"Node Type": "Hash Join","Parent Relationship": "Outer","Parallel Aware": false,"Async Capable": false,"Join Type": "Inner","Startup Cost": 1.40,"Total Cost": 354.10,"Plan Rows": 784,"Plan Width": 108,"Actual Startup Time": 0.062,"Actual Total Time": 6.644,"Actual Rows": 797,"Actual Loops": 3,"Inner Unique": true,"Hash Cond": "(supplier.s_nationkey = n1.n_nationkey)","Workers": [],"Plans": [{"Node Type": "Seq Scan","Parent Relationship": "Outer","Parallel Aware": false,"Async Capable": false,"Relation Name": "supplier","Alias": "supplier","Startup Cost": 0.00,"Total Cost": 322.00,"Plan Rows": 10000,"Plan Width": 8,"Actual Startup Time": 0.026,"Actual Total Time": 3.397,"Actual Rows": 10000,"Actual Loops": 3,"Workers": []},{"Node Type": "Hash","Parent Relationship": "Inner","Parallel Aware": false,"Async Capable": false,"Startup Cost": 1.38,"Total Cost": 1.38,"Plan Rows": 2,"Plan Width": 108,"Actual Startup Time": 0.012,"Actual Total Time": 0.014,"Actual Rows": 2,"Actual Loops": 3,"Hash Buckets": 1024,"Original Hash Buckets": 1024,"Hash Batches": 1,"Original Hash Batches": 1,"Peak Memory Usage": 9,"Workers": [],"Plans": [{"Node Type": "Seq Scan","Parent Relationship": "Outer","Parallel Aware": false,"Async Capable": false,"Relation Name": "nation","Alias": "n1","Startup Cost": 0.00,"Total Cost": 1.38,"Plan Rows": 2,"Plan Width": 108,"Actual Startup Time": 0.005,"Actual Total Time": 0.007,"Actual Rows": 2,"Actual Loops": 3,"Filter": "((n_name = 'CHINA'::bpchar) OR (n_name = 'UNITED KINGDOM'::bpchar))","Rows Removed by Filter": 23,"Workers": []}]}]}]}]}]}]}]}]},"Planning Time": 9.420,"Triggers": [],"Execution Time": 979.366}]
[{"Plan": {"Node Type": "Aggregate","Strategy": "Sorted","Partial Mode": "Finalize","Parallel Aware": false,"Async Capable": false,"Startup Cost": 72556.41,"Total Cost": 73352.71,"Plan Rows": 5893,"Plan Width": 272,"Actual Startup Time": 929.801,"Actual Total Time": 986.450,"Actual Rows": 4,"Actual Loops": 1,"Group Key": ["n1.n_name", "n2.n_name", "(EXTRACT(year FROM lineitem.l_shipdate))"],"Plans": [{"Node Type": "Gather Merge","Parent Relationship": "Outer","Parallel Aware": false,"Async Capable": false,"Startup Cost": 72556.41,"Total Cost": 73202.94,"Plan Rows": 4910,"Plan Width": 272,"Actual Startup Time": 929.500,"Actual Total Time": 986.397,"Actual Rows": 12,"Actual Loops": 1,"Workers Planned": 2,"Workers Launched": 2,"Plans": [{"Node Type": "Aggregate","Strategy": "Sorted","Partial Mode": "Partial","Parent Relationship": "Outer","Parallel Aware": false,"Async Capable": false,"Startup Cost": 71556.39,"Total Cost": 71636.18,"Plan Rows": 2455,"Plan Width": 272,"Actual Startup Time": 921.057,"Actual Total Time": 921.763,"Actual Rows": 4,"Actual Loops": 3,"Group Key": ["n1.n_name", "n2.n_name", "(EXTRACT(year FROM lineitem.l_shipdate))"],"Workers": [],"Plans": [{"Node Type": "Sort","Parent Relationship": "Outer","Parallel Aware": false,"Async Capable": false,"Startup Cost": 71556.39,"Total Cost": 71562.53,"Plan Rows": 2455,"Plan Width": 252,"Actual Startup Time": 920.779,"Actual Total Time": 920.891,"Actual Rows": 2030,"Actual Loops": 3,"Sort Key": ["n1.n_name", "n2.n_name", "(EXTRACT(year FROM lineitem.l_shipdate))"],"Sort Method": "quicksort","Sort Space Used": 270,"Sort Space Type": "Memory","Workers": [{"Worker Number": 0,"Sort Method": "quicksort","Sort Space Used": 264,"Sort Space Type": "Memory"},{"Worker Number": 1,"Sort Method": "quicksort","Sort Space Used": 325,"Sort Space Type": "Memory"}],"Plans": [{"Node Type": "Hash Join","Parent Relationship": "Outer","Parallel Aware": false,"Async Capable": false,"Join Type": "Inner","Startup Cost": 366.16,"Total Cost": 71418.15,"Plan Rows": 2455,"Plan Width": 252,"Actual Startup Time": 8.172,"Actual Total Time": 918.890,"Actual Rows": 2030,"Actual Loops": 3,"Inner Unique": false,"Hash Cond": "(lineitem.l_suppkey = supplier.s_suppkey)","Join Filter": "(((n1.n_name = 'MOZAMBIQUE'::bpchar) AND (n2.n_name = 'CHINA'::bpchar)) OR ((n1.n_name = 'CHINA'::bpchar) AND (n2.n_name = 'MOZAMBIQUE'::bpchar)))","Rows Removed by Join Filter": 2007,"Workers": [],"Plans": [{"Node Type": "Nested Loop","Parent Relationship": "Outer","Parallel Aware": false,"Async Capable": false,"Join Type": "Inner","Startup Cost": 2.26,"Total Cost": 70727.78,"Plan Rows": 60250,"Plan Width": 124,"Actual Startup Time": 0.526,"Actual Total Time": 904.134,"Actual Rows": 49239,"Actual Loops": 3,"Inner Unique": false,"Workers": [],"Plans": [{"Node Type": "Nested Loop","Parent Relationship": "Outer","Parallel Aware": false,"Async Capable": false,"Join Type": "Inner","Startup Cost": 1.83,"Total Cost": 12400.01,"Plan Rows": 49000,"Plan Width": 108,"Actual Startup Time": 0.210,"Actual Total Time": 225.680,"Actual Rows": 40684,"Actual Loops": 3,"Inner Unique": false,"Workers": [],"Plans": [{"Node Type": "Hash Join","Parent Relationship": "Outer","Parallel Aware": false,"Async Capable": false,"Join Type": "Inner","Startup Cost": 1.40,"Total Cost": 4403.27,"Plan Rows": 4900,"Plan Width": 108,"Actual Startup Time": 0.142,"Actual Total Time": 46.412,"Actual Rows": 3999,"Actual Loops": 3,"Inner Unique": true,"Hash Cond": "(customer.c_nationkey = n2.n_nationkey)","Workers": [],"Plans": [{"Node Type": "Seq Scan","Parent Relationship": "Outer","Parallel Aware": true,"Async Capable": false,"Relation Name": "customer","Alias": "customer","Startup Cost": 0.00,"Total Cost": 4210.00,"Plan Rows": 62500,"Plan Width": 8,"Actual Startup Time": 0.011,"Actual Total Time": 9.441,"Actual Rows": 50000,"Actual Loops": 3,"Workers": []},{"Node Type": "Hash","Parent Relationship": "Inner","Parallel Aware": false,"Async Capable": false,"Startup Cost": 1.38,"Total Cost": 1.38,"Plan Rows": 2,"Plan Width": 108,"Actual Startup Time": 0.060,"Actual Total Time": 0.066,"Actual Rows": 2,"Actual Loops": 3,"Hash Buckets": 1024,"Original Hash Buckets": 1024,"Hash Batches": 1,"Original Hash Batches": 1,"Peak Memory Usage": 9,"Workers": [],"Plans": [{"Node Type": "Seq Scan","Parent Relationship": "Outer","Parallel Aware": false,"Async Capable": false,"Relation Name": "nation","Alias": "n2","Startup Cost": 0.00,"Total Cost": 1.38,"Plan Rows": 2,"Plan Width": 108,"Actual Startup Time": 0.048,"Actual Total Time": 0.052,"Actual Rows": 2,"Actual Loops": 3,"Filter": "((n_name = 'CHINA'::bpchar) OR (n_name = 'MOZAMBIQUE'::bpchar))","Rows Removed by Filter": 23,"Workers": []}]}]},{"Node Type": "Index Scan","Parent Relationship": "Inner","Parallel Aware": false,"Async Capable": false,"Scan Direction": "Forward","Index Name": "idx_orders_custkey","Relation Name": "orders","Alias": "orders","Startup Cost": 0.43,"Total Cost": 1.46,"Plan Rows": 17,"Plan Width": 8,"Actual Startup Time": 0.007,"Actual Total Time": 0.044,"Actual Rows": 10,"Actual Loops": 11998,"Index Cond": "(o_custkey = customer.c_custkey)","Rows Removed by Index Recheck": 0,"Workers": []}]},{"Node Type": "Index Scan","Parent Relationship": "Inner","Parallel Aware": false,"Async Capable": false,"Scan Direction": "Forward","Index Name": "idx_lineitem_orderkey","Relation Name": "lineitem","Alias": "lineitem","Startup Cost": 0.43,"Total Cost": 1.14,"Plan Rows": 5,"Plan Width": 24,"Actual Startup Time": 0.016,"Actual Total Time": 0.016,"Actual Rows": 1,"Actual Loops": 122051,"Index Cond": "(l_orderkey = orders.o_orderkey)","Rows Removed by Index Recheck": 0,"Filter": "((l_shipdate >= '1995-01-01'::date) AND (l_shipdate <= '1996-12-31'::date))","Rows Removed by Filter": 3,"Workers": []}]},{"Node Type": "Hash","Parent Relationship": "Inner","Parallel Aware": false,"Async Capable": false,"Startup Cost": 354.10,"Total Cost": 354.10,"Plan Rows": 784,"Plan Width": 108,"Actual Startup Time": 7.405,"Actual Total Time": 7.418,"Actual Rows": 813,"Actual Loops": 3,"Hash Buckets": 1024,"Original Hash Buckets": 1024,"Hash Batches": 1,"Original Hash Batches": 1,"Peak Memory Usage": 58,"Workers": [],"Plans": [{"Node Type": "Hash Join","Parent Relationship": "Outer","Parallel Aware": false,"Async Capable": false,"Join Type": "Inner","Startup Cost": 1.40,"Total Cost": 354.10,"Plan Rows": 784,"Plan Width": 108,"Actual Startup Time": 0.057,"Actual Total Time": 7.217,"Actual Rows": 813,"Actual Loops": 3,"Inner Unique": true,"Hash Cond": "(supplier.s_nationkey = n1.n_nationkey)","Workers": [],"Plans": [{"Node Type": "Seq Scan","Parent Relationship": "Outer","Parallel Aware": false,"Async Capable": false,"Relation Name": "supplier","Alias": "supplier","Startup Cost": 0.00,"Total Cost": 322.00,"Plan Rows": 10000,"Plan Width": 8,"Actual Startup Time": 0.021,"Actual Total Time": 3.955,"Actual Rows": 10000,"Actual Loops": 3,"Workers": []},{"Node Type": "Hash","Parent Relationship": "Inner","Parallel Aware": false,"Async Capable": false,"Startup Cost": 1.38,"Total Cost": 1.38,"Plan Rows": 2,"Plan Width": 108,"Actual Startup Time": 0.012,"Actual Total Time": 0.016,"Actual Rows": 2,"Actual Loops": 3,"Hash Buckets": 1024,"Original Hash Buckets": 1024,"Hash Batches": 1,"Original Hash Batches": 1,"Peak Memory Usage": 9,"Workers": [],"Plans": [{"Node Type": "Seq Scan","Parent Relationship": "Outer","Parallel Aware": false,"Async Capable": false,"Relation Name": "nation","Alias": "n1","Startup Cost": 0.00,"Total Cost": 1.38,"Plan Rows": 2,"Plan Width": 108,"Actual Startup Time": 0.006,"Actual Total Time": 0.008,"Actual Rows": 2,"Actual Loops": 3,"Filter": "((n_name = 'MOZAMBIQUE'::bpchar) OR (n_name = 'CHINA'::bpchar))","Rows Removed by Filter": 23,"Workers": []}]}]}]}]}]}]}]}]},"Planning Time": 9.057,"Triggers": [],"Execution Time": 986.934}]
[{"Plan": {"Node Type": "Aggregate","Strategy": "Sorted","Partial Mode": "Finalize","Parallel Aware": false,"Async Capable": false,"Startup Cost": 72556.41,"Total Cost": 73352.71,"Plan Rows": 5893,"Plan Width": 272,"Actual Startup Time": 931.920,"Actual Total Time": 984.997,"Actual Rows": 4,"Actual Loops": 1,"Group Key": ["n1.n_name", "n2.n_name", "(EXTRACT(year FROM lineitem.l_shipdate))"],"Plans": [{"Node Type": "Gather Merge","Parent Relationship": "Outer","Parallel Aware": false,"Async Capable": false,"Startup Cost": 72556.41,"Total Cost": 73202.94,"Plan Rows": 4910,"Plan Width": 272,"Actual Startup Time": 931.218,"Actual Total Time": 984.929,"Actual Rows": 12,"Actual Loops": 1,"Workers Planned": 2,"Workers Launched": 2,"Plans": [{"Node Type": "Aggregate","Strategy": "Sorted","Partial Mode": "Partial","Parent Relationship": "Outer","Parallel Aware": false,"Async Capable": false,"Startup Cost": 71556.39,"Total Cost": 71636.18,"Plan Rows": 2455,"Plan Width": 272,"Actual Startup Time": 922.606,"Actual Total Time": 923.432,"Actual Rows": 4,"Actual Loops": 3,"Group Key": ["n1.n_name", "n2.n_name", "(EXTRACT(year FROM lineitem.l_shipdate))"],"Workers": [],"Plans": [{"Node Type": "Sort","Parent Relationship": "Outer","Parallel Aware": false,"Async Capable": false,"Startup Cost": 71556.39,"Total Cost": 71562.53,"Plan Rows": 2455,"Plan Width": 252,"Actual Startup Time": 922.339,"Actual Total Time": 922.448,"Actual Rows": 1926,"Actual Loops": 3,"Sort Key": ["n1.n_name", "n2.n_name", "(EXTRACT(year FROM lineitem.l_shipdate))"],"Sort Method": "quicksort","Sort Space Used": 263,"Sort Space Type": "Memory","Workers": [{"Worker Number": 0,"Sort Method": "quicksort","Sort Space Used": 252,"Sort Space Type": "Memory"},{"Worker Number": 1,"Sort Method": "quicksort","Sort Space Used": 263,"Sort Space Type": "Memory"}],"Plans": [{"Node Type": "Hash Join","Parent Relationship": "Outer","Parallel Aware": false,"Async Capable": false,"Join Type": "Inner","Startup Cost": 366.16,"Total Cost": 71418.15,"Plan Rows": 2455,"Plan Width": 252,"Actual Startup Time": 10.050,"Actual Total Time": 920.438,"Actual Rows": 1926,"Actual Loops": 3,"Inner Unique": false,"Hash Cond": "(lineitem.l_suppkey = supplier.s_suppkey)","Join Filter": "(((n1.n_name = 'IRAN'::bpchar) AND (n2.n_name = 'CHINA'::bpchar)) OR ((n1.n_name = 'CHINA'::bpchar) AND (n2.n_name = 'IRAN'::bpchar)))","Rows Removed by Join Filter": 1908,"Workers": [],"Plans": [{"Node Type": "Nested Loop","Parent Relationship": "Outer","Parallel Aware": false,"Async Capable": false,"Join Type": "Inner","Startup Cost": 2.26,"Total Cost": 70727.78,"Plan Rows": 60250,"Plan Width": 124,"Actual Startup Time": 0.677,"Actual Total Time": 904.405,"Actual Rows": 48611,"Actual Loops": 3,"Inner Unique": false,"Workers": [],"Plans": [{"Node Type": "Nested Loop","Parent Relationship": "Outer","Parallel Aware": false,"Async Capable": false,"Join Type": "Inner","Startup Cost": 1.83,"Total Cost": 12400.01,"Plan Rows": 49000,"Plan Width": 108,"Actual Startup Time": 0.306,"Actual Total Time": 226.254,"Actual Rows": 40153,"Actual Loops": 3,"Inner Unique": false,"Workers": [],"Plans": [{"Node Type": "Hash Join","Parent Relationship": "Outer","Parallel Aware": false,"Async Capable": false,"Join Type": "Inner","Startup Cost": 1.40,"Total Cost": 4403.27,"Plan Rows": 4900,"Plan Width": 108,"Actual Startup Time": 0.198,"Actual Total Time": 46.381,"Actual Rows": 4011,"Actual Loops": 3,"Inner Unique": true,"Hash Cond": "(customer.c_nationkey = n2.n_nationkey)","Workers": [],"Plans": [{"Node Type": "Seq Scan","Parent Relationship": "Outer","Parallel Aware": true,"Async Capable": false,"Relation Name": "customer","Alias": "customer","Startup Cost": 0.00,"Total Cost": 4210.00,"Plan Rows": 62500,"Plan Width": 8,"Actual Startup Time": 0.017,"Actual Total Time": 9.539,"Actual Rows": 50000,"Actual Loops": 3,"Workers": []},{"Node Type": "Hash","Parent Relationship": "Inner","Parallel Aware": false,"Async Capable": false,"Startup Cost": 1.38,"Total Cost": 1.38,"Plan Rows": 2,"Plan Width": 108,"Actual Startup Time": 0.077,"Actual Total Time": 0.083,"Actual Rows": 2,"Actual Loops": 3,"Hash Buckets": 1024,"Original Hash Buckets": 1024,"Hash Batches": 1,"Original Hash Batches": 1,"Peak Memory Usage": 9,"Workers": [],"Plans": [{"Node Type": "Seq Scan","Parent Relationship": "Outer","Parallel Aware": false,"Async Capable": false,"Relation Name": "nation","Alias": "n2","Startup Cost": 0.00,"Total Cost": 1.38,"Plan Rows": 2,"Plan Width": 108,"Actual Startup Time": 0.054,"Actual Total Time": 0.061,"Actual Rows": 2,"Actual Loops": 3,"Filter": "((n_name = 'CHINA'::bpchar) OR (n_name = 'IRAN'::bpchar))","Rows Removed by Filter": 23,"Workers": []}]}]},{"Node Type": "Index Scan","Parent Relationship": "Inner","Parallel Aware": false,"Async Capable": false,"Scan Direction": "Forward","Index Name": "idx_orders_custkey","Relation Name": "orders","Alias": "orders","Startup Cost": 0.43,"Total Cost": 1.46,"Plan Rows": 17,"Plan Width": 8,"Actual Startup Time": 0.007,"Actual Total Time": 0.044,"Actual Rows": 10,"Actual Loops": 12033,"Index Cond": "(o_custkey = customer.c_custkey)","Rows Removed by Index Recheck": 0,"Workers": []}]},{"Node Type": "Index Scan","Parent Relationship": "Inner","Parallel Aware": false,"Async Capable": false,"Scan Direction": "Forward","Index Name": "idx_lineitem_orderkey","Relation Name": "lineitem","Alias": "lineitem","Startup Cost": 0.43,"Total Cost": 1.14,"Plan Rows": 5,"Plan Width": 24,"Actual Startup Time": 0.016,"Actual Total Time": 0.017,"Actual Rows": 1,"Actual Loops": 120459,"Index Cond": "(l_orderkey = orders.o_orderkey)","Rows Removed by Index Recheck": 0,"Filter": "((l_shipdate >= '1995-01-01'::date) AND (l_shipdate <= '1996-12-31'::date))","Rows Removed by Filter": 3,"Workers": []}]},{"Node Type": "Hash","Parent Relationship": "Inner","Parallel Aware": false,"Async Capable": false,"Startup Cost": 354.10,"Total Cost": 354.10,"Plan Rows": 784,"Plan Width": 108,"Actual Startup Time": 8.515,"Actual Total Time": 8.526,"Actual Rows": 800,"Actual Loops": 3,"Hash Buckets": 1024,"Original Hash Buckets": 1024,"Hash Batches": 1,"Original Hash Batches": 1,"Peak Memory Usage": 57,"Workers": [],"Plans": [{"Node Type": "Hash Join","Parent Relationship": "Outer","Parallel Aware": false,"Async Capable": false,"Join Type": "Inner","Startup Cost": 1.40,"Total Cost": 354.10,"Plan Rows": 784,"Plan Width": 108,"Actual Startup Time": 0.092,"Actual Total Time": 8.300,"Actual Rows": 800,"Actual Loops": 3,"Inner Unique": true,"Hash Cond": "(supplier.s_nationkey = n1.n_nationkey)","Workers": [],"Plans": [{"Node Type": "Seq Scan","Parent Relationship": "Outer","Parallel Aware": false,"Async Capable": false,"Relation Name": "supplier","Alias": "supplier","Startup Cost": 0.00,"Total Cost": 322.00,"Plan Rows": 10000,"Plan Width": 8,"Actual Startup Time": 0.036,"Actual Total Time": 4.620,"Actual Rows": 10000,"Actual Loops": 3,"Workers": []},{"Node Type": "Hash","Parent Relationship": "Inner","Parallel Aware": false,"Async Capable": false,"Startup Cost": 1.38,"Total Cost": 1.38,"Plan Rows": 2,"Plan Width": 108,"Actual Startup Time": 0.018,"Actual Total Time": 0.022,"Actual Rows": 2,"Actual Loops": 3,"Hash Buckets": 1024,"Original Hash Buckets": 1024,"Hash Batches": 1,"Original Hash Batches": 1,"Peak Memory Usage": 9,"Workers": [],"Plans": [{"Node Type": "Seq Scan","Parent Relationship": "Outer","Parallel Aware": false,"Async Capable": false,"Relation Name": "nation","Alias": "n1","Startup Cost": 0.00,"Total Cost": 1.38,"Plan Rows": 2,"Plan Width": 108,"Actual Startup Time": 0.008,"Actual Total Time": 0.013,"Actual Rows": 2,"Actual Loops": 3,"Filter": "((n_name = 'IRAN'::bpchar) OR (n_name = 'CHINA'::bpchar))","Rows Removed by Filter": 23,"Workers": []}]}]}]}]}]}]}]}]},"Planning Time": 8.784,"Triggers": [],"Execution Time": 985.420}]
[{"Plan": {"Node Type": "Aggregate","Strategy": "Sorted","Partial Mode": "Finalize","Parallel Aware": false,"Async Capable": false,"Startup Cost": 72556.41,"Total Cost": 73352.71,"Plan Rows": 5893,"Plan Width": 272,"Actual Startup Time": 934.591,"Actual Total Time": 987.421,"Actual Rows": 4,"Actual Loops": 1,"Group Key": ["n1.n_name", "n2.n_name", "(EXTRACT(year FROM lineitem.l_shipdate))"],"Plans": [{"Node Type": "Gather Merge","Parent Relationship": "Outer","Parallel Aware": false,"Async Capable": false,"Startup Cost": 72556.41,"Total Cost": 73202.94,"Plan Rows": 4910,"Plan Width": 272,"Actual Startup Time": 933.706,"Actual Total Time": 987.324,"Actual Rows": 12,"Actual Loops": 1,"Workers Planned": 2,"Workers Launched": 2,"Plans": [{"Node Type": "Aggregate","Strategy": "Sorted","Partial Mode": "Partial","Parent Relationship": "Outer","Parallel Aware": false,"Async Capable": false,"Startup Cost": 71556.39,"Total Cost": 71636.18,"Plan Rows": 2455,"Plan Width": 272,"Actual Startup Time": 924.846,"Actual Total Time": 925.721,"Actual Rows": 4,"Actual Loops": 3,"Group Key": ["n1.n_name", "n2.n_name", "(EXTRACT(year FROM lineitem.l_shipdate))"],"Workers": [],"Plans": [{"Node Type": "Sort","Parent Relationship": "Outer","Parallel Aware": false,"Async Capable": false,"Startup Cost": 71556.39,"Total Cost": 71562.53,"Plan Rows": 2455,"Plan Width": 252,"Actual Startup Time": 924.590,"Actual Total Time": 924.709,"Actual Rows": 1908,"Actual Loops": 3,"Sort Key": ["n1.n_name", "n2.n_name", "(EXTRACT(year FROM lineitem.l_shipdate))"],"Sort Method": "quicksort","Sort Space Used": 263,"Sort Space Type": "Memory","Workers": [{"Worker Number": 0,"Sort Method": "quicksort","Sort Space Used": 256,"Sort Space Type": "Memory"},{"Worker Number": 1,"Sort Method": "quicksort","Sort Space Used": 252,"Sort Space Type": "Memory"}],"Plans": [{"Node Type": "Hash Join","Parent Relationship": "Outer","Parallel Aware": false,"Async Capable": false,"Join Type": "Inner","Startup Cost": 366.16,"Total Cost": 71418.15,"Plan Rows": 2455,"Plan Width": 252,"Actual Startup Time": 9.287,"Actual Total Time": 922.776,"Actual Rows": 1908,"Actual Loops": 3,"Inner Unique": false,"Hash Cond": "(lineitem.l_suppkey = supplier.s_suppkey)","Join Filter": "(((n1.n_name = 'IRAN'::bpchar) AND (n2.n_name = 'CANADA'::bpchar)) OR ((n1.n_name = 'CANADA'::bpchar) AND (n2.n_name = 'IRAN'::bpchar)))","Rows Removed by Join Filter": 1931,"Workers": [],"Plans": [{"Node Type": "Nested Loop","Parent Relationship": "Outer","Parallel Aware": false,"Async Capable": false,"Join Type": "Inner","Startup Cost": 2.26,"Total Cost": 70727.78,"Plan Rows": 60250,"Plan Width": 124,"Actual Startup Time": 0.691,"Actual Total Time": 906.841,"Actual Rows": 48615,"Actual Loops": 3,"Inner Unique": false,"Workers": [],"Plans": [{"Node Type": "Nested Loop","Parent Relationship": "Outer","Parallel Aware": false,"Async Capable": false,"Join Type": "Inner","Startup Cost": 1.83,"Total Cost": 12400.01,"Plan Rows": 49000,"Plan Width": 108,"Actual Startup Time": 0.371,"Actual Total Time": 228.277,"Actual Rows": 40052,"Actual Loops": 3,"Inner Unique": false,"Workers": [],"Plans": [{"Node Type": "Hash Join","Parent Relationship": "Outer","Parallel Aware": false,"Async Capable": false,"Join Type": "Inner","Startup Cost": 1.40,"Total Cost": 4403.27,"Plan Rows": 4900,"Plan Width": 108,"Actual Startup Time": 0.233,"Actual Total Time": 47.394,"Actual Rows": 4010,"Actual Loops": 3,"Inner Unique": true,"Hash Cond": "(customer.c_nationkey = n2.n_nationkey)","Workers": [],"Plans": [{"Node Type": "Seq Scan","Parent Relationship": "Outer","Parallel Aware": true,"Async Capable": false,"Relation Name": "customer","Alias": "customer","Startup Cost": 0.00,"Total Cost": 4210.00,"Plan Rows": 62500,"Plan Width": 8,"Actual Startup Time": 0.015,"Actual Total Time": 9.438,"Actual Rows": 50000,"Actual Loops": 3,"Workers": []},{"Node Type": "Hash","Parent Relationship": "Inner","Parallel Aware": false,"Async Capable": false,"Startup Cost": 1.38,"Total Cost": 1.38,"Plan Rows": 2,"Plan Width": 108,"Actual Startup Time": 0.095,"Actual Total Time": 0.100,"Actual Rows": 2,"Actual Loops": 3,"Hash Buckets": 1024,"Original Hash Buckets": 1024,"Hash Batches": 1,"Original Hash Batches": 1,"Peak Memory Usage": 9,"Workers": [],"Plans": [{"Node Type": "Seq Scan","Parent Relationship": "Outer","Parallel Aware": false,"Async Capable": false,"Relation Name": "nation","Alias": "n2","Startup Cost": 0.00,"Total Cost": 1.38,"Plan Rows": 2,"Plan Width": 108,"Actual Startup Time": 0.068,"Actual Total Time": 0.077,"Actual Rows": 2,"Actual Loops": 3,"Filter": "((n_name = 'CANADA'::bpchar) OR (n_name = 'IRAN'::bpchar))","Rows Removed by Filter": 23,"Workers": []}]}]},{"Node Type": "Index Scan","Parent Relationship": "Inner","Parallel Aware": false,"Async Capable": false,"Scan Direction": "Forward","Index Name": "idx_orders_custkey","Relation Name": "orders","Alias": "orders","Startup Cost": 0.43,"Total Cost": 1.46,"Plan Rows": 17,"Plan Width": 8,"Actual Startup Time": 0.007,"Actual Total Time": 0.044,"Actual Rows": 10,"Actual Loops": 12029,"Index Cond": "(o_custkey = customer.c_custkey)","Rows Removed by Index Recheck": 0,"Workers": []}]},{"Node Type": "Index Scan","Parent Relationship": "Inner","Parallel Aware": false,"Async Capable": false,"Scan Direction": "Forward","Index Name": "idx_lineitem_orderkey","Relation Name": "lineitem","Alias": "lineitem","Startup Cost": 0.43,"Total Cost": 1.14,"Plan Rows": 5,"Plan Width": 24,"Actual Startup Time": 0.016,"Actual Total Time": 0.017,"Actual Rows": 1,"Actual Loops": 120155,"Index Cond": "(l_orderkey = orders.o_orderkey)","Rows Removed by Index Recheck": 0,"Filter": "((l_shipdate >= '1995-01-01'::date) AND (l_shipdate <= '1996-12-31'::date))","Rows Removed by Filter": 3,"Workers": []}]},{"Node Type": "Hash","Parent Relationship": "Inner","Parallel Aware": false,"Async Capable": false,"Startup Cost": 354.10,"Total Cost": 354.10,"Plan Rows": 784,"Plan Width": 108,"Actual Startup Time": 8.462,"Actual Total Time": 8.475,"Actual Rows": 805,"Actual Loops": 3,"Hash Buckets": 1024,"Original Hash Buckets": 1024,"Hash Batches": 1,"Original Hash Batches": 1,"Peak Memory Usage": 57,"Workers": [],"Plans": [{"Node Type": "Hash Join","Parent Relationship": "Outer","Parallel Aware": false,"Async Capable": false,"Join Type": "Inner","Startup Cost": 1.40,"Total Cost": 354.10,"Plan Rows": 784,"Plan Width": 108,"Actual Startup Time": 0.121,"Actual Total Time": 8.289,"Actual Rows": 805,"Actual Loops": 3,"Inner Unique": true,"Hash Cond": "(supplier.s_nationkey = n1.n_nationkey)","Workers": [],"Plans": [{"Node Type": "Seq Scan","Parent Relationship": "Outer","Parallel Aware": false,"Async Capable": false,"Relation Name": "supplier","Alias": "supplier","Startup Cost": 0.00,"Total Cost": 322.00,"Plan Rows": 10000,"Plan Width": 8,"Actual Startup Time": 0.059,"Actual Total Time": 4.230,"Actual Rows": 10000,"Actual Loops": 3,"Workers": []},{"Node Type": "Hash","Parent Relationship": "Inner","Parallel Aware": false,"Async Capable": false,"Startup Cost": 1.38,"Total Cost": 1.38,"Plan Rows": 2,"Plan Width": 108,"Actual Startup Time": 0.022,"Actual Total Time": 0.025,"Actual Rows": 2,"Actual Loops": 3,"Hash Buckets": 1024,"Original Hash Buckets": 1024,"Hash Batches": 1,"Original Hash Batches": 1,"Peak Memory Usage": 9,"Workers": [],"Plans": [{"Node Type": "Seq Scan","Parent Relationship": "Outer","Parallel Aware": false,"Async Capable": false,"Relation Name": "nation","Alias": "n1","Startup Cost": 0.00,"Total Cost": 1.38,"Plan Rows": 2,"Plan Width": 108,"Actual Startup Time": 0.008,"Actual Total Time": 0.016,"Actual Rows": 2,"Actual Loops": 3,"Filter": "((n_name = 'IRAN'::bpchar) OR (n_name = 'CANADA'::bpchar))","Rows Removed by Filter": 23,"Workers": []}]}]}]}]}]}]}]}]},"Planning Time": 9.610,"Triggers": [],"Execution Time": 987.875}]
[{"Plan": {"Node Type": "Aggregate","Strategy": "Sorted","Partial Mode": "Finalize","Parallel Aware": false,"Async Capable": false,"Startup Cost": 72556.41,"Total Cost": 73352.71,"Plan Rows": 5893,"Plan Width": 272,"Actual Startup Time": 911.304,"Actual Total Time": 956.372,"Actual Rows": 4,"Actual Loops": 1,"Group Key": ["n1.n_name", "n2.n_name", "(EXTRACT(year FROM lineitem.l_shipdate))"],"Plans": [{"Node Type": "Gather Merge","Parent Relationship": "Outer","Parallel Aware": false,"Async Capable": false,"Startup Cost": 72556.41,"Total Cost": 73202.94,"Plan Rows": 4910,"Plan Width": 272,"Actual Startup Time": 911.026,"Actual Total Time": 956.312,"Actual Rows": 12,"Actual Loops": 1,"Workers Planned": 2,"Workers Launched": 2,"Plans": [{"Node Type": "Aggregate","Strategy": "Sorted","Partial Mode": "Partial","Parent Relationship": "Outer","Parallel Aware": false,"Async Capable": false,"Startup Cost": 71556.39,"Total Cost": 71636.18,"Plan Rows": 2455,"Plan Width": 272,"Actual Startup Time": 903.420,"Actual Total Time": 904.150,"Actual Rows": 4,"Actual Loops": 3,"Group Key": ["n1.n_name", "n2.n_name", "(EXTRACT(year FROM lineitem.l_shipdate))"],"Workers": [],"Plans": [{"Node Type": "Sort","Parent Relationship": "Outer","Parallel Aware": false,"Async Capable": false,"Startup Cost": 71556.39,"Total Cost": 71562.53,"Plan Rows": 2455,"Plan Width": 252,"Actual Startup Time": 903.132,"Actual Total Time": 903.246,"Actual Rows": 2005,"Actual Loops": 3,"Sort Key": ["n1.n_name", "n2.n_name", "(EXTRACT(year FROM lineitem.l_shipdate))"],"Sort Method": "quicksort","Sort Space Used": 262,"Sort Space Type": "Memory","Workers": [{"Worker Number": 0,"Sort Method": "quicksort","Sort Space Used": 266,"Sort Space Type": "Memory"},{"Worker Number": 1,"Sort Method": "quicksort","Sort Space Used": 323,"Sort Space Type": "Memory"}],"Plans": [{"Node Type": "Hash Join","Parent Relationship": "Outer","Parallel Aware": false,"Async Capable": false,"Join Type": "Inner","Startup Cost": 366.16,"Total Cost": 71418.15,"Plan Rows": 2455,"Plan Width": 252,"Actual Startup Time": 10.013,"Actual Total Time": 901.236,"Actual Rows": 2005,"Actual Loops": 3,"Inner Unique": false,"Hash Cond": "(lineitem.l_suppkey = supplier.s_suppkey)","Join Filter": "(((n1.n_name = 'ALGERIA'::bpchar) AND (n2.n_name = 'IRAN'::bpchar)) OR ((n1.n_name = 'IRAN'::bpchar) AND (n2.n_name = 'ALGERIA'::bpchar)))","Rows Removed by Join Filter": 1950,"Workers": [],"Plans": [{"Node Type": "Nested Loop","Parent Relationship": "Outer","Parallel Aware": false,"Async Capable": false,"Join Type": "Inner","Startup Cost": 2.26,"Total Cost": 70727.78,"Plan Rows": 60250,"Plan Width": 124,"Actual Startup Time": 0.608,"Actual Total Time": 886.659,"Actual Rows": 48301,"Actual Loops": 3,"Inner Unique": false,"Workers": [],"Plans": [{"Node Type": "Nested Loop","Parent Relationship": "Outer","Parallel Aware": false,"Async Capable": false,"Join Type": "Inner","Startup Cost": 1.83,"Total Cost": 12400.01,"Plan Rows": 49000,"Plan Width": 108,"Actual Startup Time": 0.281,"Actual Total Time": 218.966,"Actual Rows": 39766,"Actual Loops": 3,"Inner Unique": false,"Workers": [],"Plans": [{"Node Type": "Hash Join","Parent Relationship": "Outer","Parallel Aware": false,"Async Capable": false,"Join Type": "Inner","Startup Cost": 1.40,"Total Cost": 4403.27,"Plan Rows": 4900,"Plan Width": 108,"Actual Startup Time": 0.174,"Actual Total Time": 42.635,"Actual Rows": 3978,"Actual Loops": 3,"Inner Unique": true,"Hash Cond": "(customer.c_nationkey = n2.n_nationkey)","Workers": [],"Plans": [{"Node Type": "Seq Scan","Parent Relationship": "Outer","Parallel Aware": true,"Async Capable": false,"Relation Name": "customer","Alias": "customer","Startup Cost": 0.00,"Total Cost": 4210.00,"Plan Rows": 62500,"Plan Width": 8,"Actual Startup Time": 0.013,"Actual Total Time": 8.890,"Actual Rows": 50000,"Actual Loops": 3,"Workers": []},{"Node Type": "Hash","Parent Relationship": "Inner","Parallel Aware": false,"Async Capable": false,"Startup Cost": 1.38,"Total Cost": 1.38,"Plan Rows": 2,"Plan Width": 108,"Actual Startup Time": 0.075,"Actual Total Time": 0.081,"Actual Rows": 2,"Actual Loops": 3,"Hash Buckets": 1024,"Original Hash Buckets": 1024,"Hash Batches": 1,"Original Hash Batches": 1,"Peak Memory Usage": 9,"Workers": [],"Plans": [{"Node Type": "Seq Scan","Parent Relationship": "Outer","Parallel Aware": false,"Async Capable": false,"Relation Name": "nation","Alias": "n2","Startup Cost": 0.00,"Total Cost": 1.38,"Plan Rows": 2,"Plan Width": 108,"Actual Startup Time": 0.053,"Actual Total Time": 0.063,"Actual Rows": 2,"Actual Loops": 3,"Filter": "((n_name = 'IRAN'::bpchar) OR (n_name = 'ALGERIA'::bpchar))","Rows Removed by Filter": 23,"Workers": []}]}]},{"Node Type": "Index Scan","Parent Relationship": "Inner","Parallel Aware": false,"Async Capable": false,"Scan Direction": "Forward","Index Name": "idx_orders_custkey","Relation Name": "orders","Alias": "orders","Startup Cost": 0.43,"Total Cost": 1.46,"Plan Rows": 17,"Plan Width": 8,"Actual Startup Time": 0.007,"Actual Total Time": 0.043,"Actual Rows": 10,"Actual Loops": 11934,"Index Cond": "(o_custkey = customer.c_custkey)","Rows Removed by Index Recheck": 0,"Workers": []}]},{"Node Type": "Index Scan","Parent Relationship": "Inner","Parallel Aware": false,"Async Capable": false,"Scan Direction": "Forward","Index Name": "idx_lineitem_orderkey","Relation Name": "lineitem","Alias": "lineitem","Startup Cost": 0.43,"Total Cost": 1.14,"Plan Rows": 5,"Plan Width": 24,"Actual Startup Time": 0.016,"Actual Total Time": 0.017,"Actual Rows": 1,"Actual Loops": 119297,"Index Cond": "(l_orderkey = orders.o_orderkey)","Rows Removed by Index Recheck": 0,"Filter": "((l_shipdate >= '1995-01-01'::date) AND (l_shipdate <= '1996-12-31'::date))","Rows Removed by Filter": 3,"Workers": []}]},{"Node Type": "Hash","Parent Relationship": "Inner","Parallel Aware": false,"Async Capable": false,"Startup Cost": 354.10,"Total Cost": 354.10,"Plan Rows": 784,"Plan Width": 108,"Actual Startup Time": 7.509,"Actual Total Time": 7.527,"Actual Rows": 813,"Actual Loops": 3,"Hash Buckets": 1024,"Original Hash Buckets": 1024,"Hash Batches": 1,"Original Hash Batches": 1,"Peak Memory Usage": 58,"Workers": [],"Plans": [{"Node Type": "Hash Join","Parent Relationship": "Outer","Parallel Aware": false,"Async Capable": false,"Join Type": "Inner","Startup Cost": 1.40,"Total Cost": 354.10,"Plan Rows": 784,"Plan Width": 108,"Actual Startup Time": 0.099,"Actual Total Time": 7.298,"Actual Rows": 813,"Actual Loops": 3,"Inner Unique": true,"Hash Cond": "(supplier.s_nationkey = n1.n_nationkey)","Workers": [],"Plans": [{"Node Type": "Seq Scan","Parent Relationship": "Outer","Parallel Aware": false,"Async Capable": false,"Relation Name": "supplier","Alias": "supplier","Startup Cost": 0.00,"Total Cost": 322.00,"Plan Rows": 10000,"Plan Width": 8,"Actual Startup Time": 0.041,"Actual Total Time": 3.982,"Actual Rows": 10000,"Actual Loops": 3,"Workers": []},{"Node Type": "Hash","Parent Relationship": "Inner","Parallel Aware": false,"Async Capable": false,"Startup Cost": 1.38,"Total Cost": 1.38,"Plan Rows": 2,"Plan Width": 108,"Actual Startup Time": 0.019,"Actual Total Time": 0.025,"Actual Rows": 2,"Actual Loops": 3,"Hash Buckets": 1024,"Original Hash Buckets": 1024,"Hash Batches": 1,"Original Hash Batches": 1,"Peak Memory Usage": 9,"Workers": [],"Plans": [{"Node Type": "Seq Scan","Parent Relationship": "Outer","Parallel Aware": false,"Async Capable": false,"Relation Name": "nation","Alias": "n1","Startup Cost": 0.00,"Total Cost": 1.38,"Plan Rows": 2,"Plan Width": 108,"Actual Startup Time": 0.005,"Actual Total Time": 0.013,"Actual Rows": 2,"Actual Loops": 3,"Filter": "((n_name = 'ALGERIA'::bpchar) OR (n_name = 'IRAN'::bpchar))","Rows Removed by Filter": 23,"Workers": []}]}]}]}]}]}]}]}]},"Planning Time": 9.822,"Triggers": [],"Execution Time": 956.998}]
[{"Plan": {"Node Type": "Aggregate","Strategy": "Sorted","Partial Mode": "Finalize","Parallel Aware": false,"Async Capable": false,"Startup Cost": 72556.41,"Total Cost": 73352.71,"Plan Rows": 5893,"Plan Width": 272,"Actual Startup Time": 922.317,"Actual Total Time": 967.794,"Actual Rows": 4,"Actual Loops": 1,"Group Key": ["n1.n_name", "n2.n_name", "(EXTRACT(year FROM lineitem.l_shipdate))"],"Plans": [{"Node Type": "Gather Merge","Parent Relationship": "Outer","Parallel Aware": false,"Async Capable": false,"Startup Cost": 72556.41,"Total Cost": 73202.94,"Plan Rows": 4910,"Plan Width": 272,"Actual Startup Time": 921.778,"Actual Total Time": 967.716,"Actual Rows": 12,"Actual Loops": 1,"Workers Planned": 2,"Workers Launched": 2,"Plans": [{"Node Type": "Aggregate","Strategy": "Sorted","Partial Mode": "Partial","Parent Relationship": "Outer","Parallel Aware": false,"Async Capable": false,"Startup Cost": 71556.39,"Total Cost": 71636.18,"Plan Rows": 2455,"Plan Width": 272,"Actual Startup Time": 913.958,"Actual Total Time": 914.730,"Actual Rows": 4,"Actual Loops": 3,"Group Key": ["n1.n_name", "n2.n_name", "(EXTRACT(year FROM lineitem.l_shipdate))"],"Workers": [],"Plans": [{"Node Type": "Sort","Parent Relationship": "Outer","Parallel Aware": false,"Async Capable": false,"Startup Cost": 71556.39,"Total Cost": 71562.53,"Plan Rows": 2455,"Plan Width": 252,"Actual Startup Time": 913.683,"Actual Total Time": 913.793,"Actual Rows": 1944,"Actual Loops": 3,"Sort Key": ["n1.n_name", "n2.n_name", "(EXTRACT(year FROM lineitem.l_shipdate))"],"Sort Method": "quicksort","Sort Space Used": 324,"Sort Space Type": "Memory","Workers": [{"Worker Number": 0,"Sort Method": "quicksort","Sort Space Used": 251,"Sort Space Type": "Memory"},{"Worker Number": 1,"Sort Method": "quicksort","Sort Space Used": 257,"Sort Space Type": "Memory"}],"Plans": [{"Node Type": "Hash Join","Parent Relationship": "Outer","Parallel Aware": false,"Async Capable": false,"Join Type": "Inner","Startup Cost": 366.16,"Total Cost": 71418.15,"Plan Rows": 2455,"Plan Width": 252,"Actual Startup Time": 11.927,"Actual Total Time": 911.841,"Actual Rows": 1944,"Actual Loops": 3,"Inner Unique": false,"Hash Cond": "(lineitem.l_suppkey = supplier.s_suppkey)","Join Filter": "(((n1.n_name = 'VIETNAM'::bpchar) AND (n2.n_name = 'GERMANY'::bpchar)) OR ((n1.n_name = 'GERMANY'::bpchar) AND (n2.n_name = 'VIETNAM'::bpchar)))","Rows Removed by Join Filter": 1917,"Workers": [],"Plans": [{"Node Type": "Nested Loop","Parent Relationship": "Outer","Parallel Aware": false,"Async Capable": false,"Join Type": "Inner","Startup Cost": 2.26,"Total Cost": 70727.78,"Plan Rows": 60250,"Plan Width": 124,"Actual Startup Time": 0.726,"Actual Total Time": 893.954,"Actual Rows": 48923,"Actual Loops": 3,"Inner Unique": false,"Workers": [],"Plans": [{"Node Type": "Nested Loop","Parent Relationship": "Outer","Parallel Aware": false,"Async Capable": false,"Join Type": "Inner","Startup Cost": 1.83,"Total Cost": 12400.01,"Plan Rows": 49000,"Plan Width": 108,"Actual Startup Time": 0.392,"Actual Total Time": 221.950,"Actual Rows": 40024,"Actual Loops": 3,"Inner Unique": false,"Workers": [],"Plans": [{"Node Type": "Hash Join","Parent Relationship": "Outer","Parallel Aware": false,"Async Capable": false,"Join Type": "Inner","Startup Cost": 1.40,"Total Cost": 4403.27,"Plan Rows": 4900,"Plan Width": 108,"Actual Startup Time": 0.227,"Actual Total Time": 44.678,"Actual Rows": 3972,"Actual Loops": 3,"Inner Unique": true,"Hash Cond": "(customer.c_nationkey = n2.n_nationkey)","Workers": [],"Plans": [{"Node Type": "Seq Scan","Parent Relationship": "Outer","Parallel Aware": true,"Async Capable": false,"Relation Name": "customer","Alias": "customer","Startup Cost": 0.00,"Total Cost": 4210.00,"Plan Rows": 62500,"Plan Width": 8,"Actual Startup Time": 0.016,"Actual Total Time": 9.091,"Actual Rows": 50000,"Actual Loops": 3,"Workers": []},{"Node Type": "Hash","Parent Relationship": "Inner","Parallel Aware": false,"Async Capable": false,"Startup Cost": 1.38,"Total Cost": 1.38,"Plan Rows": 2,"Plan Width": 108,"Actual Startup Time": 0.098,"Actual Total Time": 0.104,"Actual Rows": 2,"Actual Loops": 3,"Hash Buckets": 1024,"Original Hash Buckets": 1024,"Hash Batches": 1,"Original Hash Batches": 1,"Peak Memory Usage": 9,"Workers": [],"Plans": [{"Node Type": "Seq Scan","Parent Relationship": "Outer","Parallel Aware": false,"Async Capable": false,"Relation Name": "nation","Alias": "n2","Startup Cost": 0.00,"Total Cost": 1.38,"Plan Rows": 2,"Plan Width": 108,"Actual Startup Time": 0.073,"Actual Total Time": 0.081,"Actual Rows": 2,"Actual Loops": 3,"Filter": "((n_name = 'GERMANY'::bpchar) OR (n_name = 'VIETNAM'::bpchar))","Rows Removed by Filter": 23,"Workers": []}]}]},{"Node Type": "Index Scan","Parent Relationship": "Inner","Parallel Aware": false,"Async Capable": false,"Scan Direction": "Forward","Index Name": "idx_orders_custkey","Relation Name": "orders","Alias": "orders","Startup Cost": 0.43,"Total Cost": 1.46,"Plan Rows": 17,"Plan Width": 8,"Actual Startup Time": 0.007,"Actual Total Time": 0.043,"Actual Rows": 10,"Actual Loops": 11916,"Index Cond": "(o_custkey = customer.c_custkey)","Rows Removed by Index Recheck": 0,"Workers": []}]},{"Node Type": "Index Scan","Parent Relationship": "Inner","Parallel Aware": false,"Async Capable": false,"Scan Direction": "Forward","Index Name": "idx_lineitem_orderkey","Relation Name": "lineitem","Alias": "lineitem","Startup Cost": 0.43,"Total Cost": 1.14,"Plan Rows": 5,"Plan Width": 24,"Actual Startup Time": 0.016,"Actual Total Time": 0.017,"Actual Rows": 1,"Actual Loops": 120071,"Index Cond": "(l_orderkey = orders.o_orderkey)","Rows Removed by Index Recheck": 0,"Filter": "((l_shipdate >= '1995-01-01'::date) AND (l_shipdate <= '1996-12-31'::date))","Rows Removed by Filter": 3,"Workers": []}]},{"Node Type": "Hash","Parent Relationship": "Inner","Parallel Aware": false,"Async Capable": false,"Startup Cost": 354.10,"Total Cost": 354.10,"Plan Rows": 784,"Plan Width": 108,"Actual Startup Time": 10.828,"Actual Total Time": 10.840,"Actual Rows": 795,"Actual Loops": 3,"Hash Buckets": 1024,"Original Hash Buckets": 1024,"Hash Batches": 1,"Original Hash Batches": 1,"Peak Memory Usage": 57,"Workers": [],"Plans": [{"Node Type": "Hash Join","Parent Relationship": "Outer","Parallel Aware": false,"Async Capable": false,"Join Type": "Inner","Startup Cost": 1.40,"Total Cost": 354.10,"Plan Rows": 784,"Plan Width": 108,"Actual Startup Time": 0.102,"Actual Total Time": 10.648,"Actual Rows": 795,"Actual Loops": 3,"Inner Unique": true,"Hash Cond": "(supplier.s_nationkey = n1.n_nationkey)","Workers": [],"Plans": [{"Node Type": "Seq Scan","Parent Relationship": "Outer","Parallel Aware": false,"Async Capable": false,"Relation Name": "supplier","Alias": "supplier","Startup Cost": 0.00,"Total Cost": 322.00,"Plan Rows": 10000,"Plan Width": 8,"Actual Startup Time": 0.038,"Actual Total Time": 4.425,"Actual Rows": 10000,"Actual Loops": 3,"Workers": []},{"Node Type": "Hash","Parent Relationship": "Inner","Parallel Aware": false,"Async Capable": false,"Startup Cost": 1.38,"Total Cost": 1.38,"Plan Rows": 2,"Plan Width": 108,"Actual Startup Time": 0.019,"Actual Total Time": 0.024,"Actual Rows": 2,"Actual Loops": 3,"Hash Buckets": 1024,"Original Hash Buckets": 1024,"Hash Batches": 1,"Original Hash Batches": 1,"Peak Memory Usage": 9,"Workers": [],"Plans": [{"Node Type": "Seq Scan","Parent Relationship": "Outer","Parallel Aware": false,"Async Capable": false,"Relation Name": "nation","Alias": "n1","Startup Cost": 0.00,"Total Cost": 1.38,"Plan Rows": 2,"Plan Width": 108,"Actual Startup Time": 0.007,"Actual Total Time": 0.014,"Actual Rows": 2,"Actual Loops": 3,"Filter": "((n_name = 'VIETNAM'::bpchar) OR (n_name = 'GERMANY'::bpchar))","Rows Removed by Filter": 23,"Workers": []}]}]}]}]}]}]}]}]},"Planning Time": 9.266,"Triggers": [],"Execution Time": 968.236}]
[{"Plan": {"Node Type": "Aggregate","Strategy": "Sorted","Partial Mode": "Finalize","Parallel Aware": false,"Async Capable": false,"Startup Cost": 72556.41,"Total Cost": 73352.71,"Plan Rows": 5893,"Plan Width": 272,"Actual Startup Time": 927.064,"Actual Total Time": 981.787,"Actual Rows": 4,"Actual Loops": 1,"Group Key": ["n1.n_name", "n2.n_name", "(EXTRACT(year FROM lineitem.l_shipdate))"],"Plans": [{"Node Type": "Gather Merge","Parent Relationship": "Outer","Parallel Aware": false,"Async Capable": false,"Startup Cost": 72556.41,"Total Cost": 73202.94,"Plan Rows": 4910,"Plan Width": 272,"Actual Startup Time": 926.606,"Actual Total Time": 981.671,"Actual Rows": 12,"Actual Loops": 1,"Workers Planned": 2,"Workers Launched": 2,"Plans": [{"Node Type": "Aggregate","Strategy": "Sorted","Partial Mode": "Partial","Parent Relationship": "Outer","Parallel Aware": false,"Async Capable": false,"Startup Cost": 71556.39,"Total Cost": 71636.18,"Plan Rows": 2455,"Plan Width": 272,"Actual Startup Time": 917.956,"Actual Total Time": 918.709,"Actual Rows": 4,"Actual Loops": 3,"Group Key": ["n1.n_name", "n2.n_name", "(EXTRACT(year FROM lineitem.l_shipdate))"],"Workers": [],"Plans": [{"Node Type": "Sort","Parent Relationship": "Outer","Parallel Aware": false,"Async Capable": false,"Startup Cost": 71556.39,"Total Cost": 71562.53,"Plan Rows": 2455,"Plan Width": 252,"Actual Startup Time": 917.687,"Actual Total Time": 917.798,"Actual Rows": 1978,"Actual Loops": 3,"Sort Key": ["n1.n_name", "n2.n_name", "(EXTRACT(year FROM lineitem.l_shipdate))"],"Sort Method": "quicksort","Sort Space Used": 259,"Sort Space Type": "Memory","Workers": [{"Worker Number": 0,"Sort Method": "quicksort","Sort Space Used": 262,"Sort Space Type": "Memory"},{"Worker Number": 1,"Sort Method": "quicksort","Sort Space Used": 322,"Sort Space Type": "Memory"}],"Plans": [{"Node Type": "Hash Join","Parent Relationship": "Outer","Parallel Aware": false,"Async Capable": false,"Join Type": "Inner","Startup Cost": 366.16,"Total Cost": 71418.15,"Plan Rows": 2455,"Plan Width": 252,"Actual Startup Time": 9.870,"Actual Total Time": 915.773,"Actual Rows": 1978,"Actual Loops": 3,"Inner Unique": false,"Hash Cond": "(lineitem.l_suppkey = supplier.s_suppkey)","Join Filter": "(((n1.n_name = 'INDIA'::bpchar) AND (n2.n_name = 'JAPAN'::bpchar)) OR ((n1.n_name = 'JAPAN'::bpchar) AND (n2.n_name = 'INDIA'::bpchar)))","Rows Removed by Join Filter": 1903,"Workers": [],"Plans": [{"Node Type": "Nested Loop","Parent Relationship": "Outer","Parallel Aware": false,"Async Capable": false,"Join Type": "Inner","Startup Cost": 2.26,"Total Cost": 70727.78,"Plan Rows": 60250,"Plan Width": 124,"Actual Startup Time": 0.729,"Actual Total Time": 900.712,"Actual Rows": 48274,"Actual Loops": 3,"Inner Unique": false,"Workers": [],"Plans": [{"Node Type": "Nested Loop","Parent Relationship": "Outer","Parallel Aware": false,"Async Capable": false,"Join Type": "Inner","Startup Cost": 1.83,"Total Cost": 12400.01,"Plan Rows": 49000,"Plan Width": 108,"Actual Startup Time": 0.357,"Actual Total Time": 227.394,"Actual Rows": 39744,"Actual Loops": 3,"Inner Unique": false,"Workers": [],"Plans": [{"Node Type": "Hash Join","Parent Relationship": "Outer","Parallel Aware": false,"Async Capable": false,"Join Type": "Inner","Startup Cost": 1.40,"Total Cost": 4403.27,"Plan Rows": 4900,"Plan Width": 108,"Actual Startup Time": 0.218,"Actual Total Time": 48.900,"Actual Rows": 3997,"Actual Loops": 3,"Inner Unique": true,"Hash Cond": "(customer.c_nationkey = n2.n_nationkey)","Workers": [],"Plans": [{"Node Type": "Seq Scan","Parent Relationship": "Outer","Parallel Aware": true,"Async Capable": false,"Relation Name": "customer","Alias": "customer","Startup Cost": 0.00,"Total Cost": 4210.00,"Plan Rows": 62500,"Plan Width": 8,"Actual Startup Time": 0.016,"Actual Total Time": 9.542,"Actual Rows": 50000,"Actual Loops": 3,"Workers": []},{"Node Type": "Hash","Parent Relationship": "Inner","Parallel Aware": false,"Async Capable": false,"Startup Cost": 1.38,"Total Cost": 1.38,"Plan Rows": 2,"Plan Width": 108,"Actual Startup Time": 0.091,"Actual Total Time": 0.095,"Actual Rows": 2,"Actual Loops": 3,"Hash Buckets": 1024,"Original Hash Buckets": 1024,"Hash Batches": 1,"Original Hash Batches": 1,"Peak Memory Usage": 9,"Workers": [],"Plans": [{"Node Type": "Seq Scan","Parent Relationship": "Outer","Parallel Aware": false,"Async Capable": false,"Relation Name": "nation","Alias": "n2","Startup Cost": 0.00,"Total Cost": 1.38,"Plan Rows": 2,"Plan Width": 108,"Actual Startup Time": 0.072,"Actual Total Time": 0.078,"Actual Rows": 2,"Actual Loops": 3,"Filter": "((n_name = 'JAPAN'::bpchar) OR (n_name = 'INDIA'::bpchar))","Rows Removed by Filter": 23,"Workers": []}]}]},{"Node Type": "Index Scan","Parent Relationship": "Inner","Parallel Aware": false,"Async Capable": false,"Scan Direction": "Forward","Index Name": "idx_orders_custkey","Relation Name": "orders","Alias": "orders","Startup Cost": 0.43,"Total Cost": 1.46,"Plan Rows": 17,"Plan Width": 8,"Actual Startup Time": 0.007,"Actual Total Time": 0.043,"Actual Rows": 10,"Actual Loops": 11990,"Index Cond": "(o_custkey = customer.c_custkey)","Rows Removed by Index Recheck": 0,"Workers": []}]},{"Node Type": "Index Scan","Parent Relationship": "Inner","Parallel Aware": false,"Async Capable": false,"Scan Direction": "Forward","Index Name": "idx_lineitem_orderkey","Relation Name": "lineitem","Alias": "lineitem","Startup Cost": 0.43,"Total Cost": 1.14,"Plan Rows": 5,"Plan Width": 24,"Actual Startup Time": 0.016,"Actual Total Time": 0.017,"Actual Rows": 1,"Actual Loops": 119232,"Index Cond": "(l_orderkey = orders.o_orderkey)","Rows Removed by Index Recheck": 0,"Filter": "((l_shipdate >= '1995-01-01'::date) AND (l_shipdate <= '1996-12-31'::date))","Rows Removed by Filter": 3,"Workers": []}]},{"Node Type": "Hash","Parent Relationship": "Inner","Parallel Aware": false,"Async Capable": false,"Startup Cost": 354.10,"Total Cost": 354.10,"Plan Rows": 784,"Plan Width": 108,"Actual Startup Time": 7.816,"Actual Total Time": 7.834,"Actual Rows": 792,"Actual Loops": 3,"Hash Buckets": 1024,"Original Hash Buckets": 1024,"Hash Batches": 1,"Original Hash Batches": 1,"Peak Memory Usage": 56,"Workers": [],"Plans": [{"Node Type": "Hash Join","Parent Relationship": "Outer","Parallel Aware": false,"Async Capable": false,"Join Type": "Inner","Startup Cost": 1.40,"Total Cost": 354.10,"Plan Rows": 784,"Plan Width": 108,"Actual Startup Time": 0.095,"Actual Total Time": 7.650,"Actual Rows": 792,"Actual Loops": 3,"Inner Unique": true,"Hash Cond": "(supplier.s_nationkey = n1.n_nationkey)","Workers": [],"Plans": [{"Node Type": "Seq Scan","Parent Relationship": "Outer","Parallel Aware": false,"Async Capable": false,"Relation Name": "supplier","Alias": "supplier","Startup Cost": 0.00,"Total Cost": 322.00,"Plan Rows": 10000,"Plan Width": 8,"Actual Startup Time": 0.033,"Actual Total Time": 3.792,"Actual Rows": 10000,"Actual Loops": 3,"Workers": []},{"Node Type": "Hash","Parent Relationship": "Inner","Parallel Aware": false,"Async Capable": false,"Startup Cost": 1.38,"Total Cost": 1.38,"Plan Rows": 2,"Plan Width": 108,"Actual Startup Time": 0.019,"Actual Total Time": 0.025,"Actual Rows": 2,"Actual Loops": 3,"Hash Buckets": 1024,"Original Hash Buckets": 1024,"Hash Batches": 1,"Original Hash Batches": 1,"Peak Memory Usage": 9,"Workers": [],"Plans": [{"Node Type": "Seq Scan","Parent Relationship": "Outer","Parallel Aware": false,"Async Capable": false,"Relation Name": "nation","Alias": "n1","Startup Cost": 0.00,"Total Cost": 1.38,"Plan Rows": 2,"Plan Width": 108,"Actual Startup Time": 0.007,"Actual Total Time": 0.014,"Actual Rows": 2,"Actual Loops": 3,"Filter": "((n_name = 'INDIA'::bpchar) OR (n_name = 'JAPAN'::bpchar))","Rows Removed by Filter": 23,"Workers": []}]}]}]}]}]}]}]}]},"Planning Time": 9.454,"Triggers": [],"Execution Time": 982.225}]
[{"Plan": {"Node Type": "Aggregate","Strategy": "Sorted","Partial Mode": "Finalize","Parallel Aware": false,"Async Capable": false,"Startup Cost": 72556.41,"Total Cost": 73352.71,"Plan Rows": 5893,"Plan Width": 272,"Actual Startup Time": 916.758,"Actual Total Time": 960.727,"Actual Rows": 4,"Actual Loops": 1,"Group Key": ["n1.n_name", "n2.n_name", "(EXTRACT(year FROM lineitem.l_shipdate))"],"Plans": [{"Node Type": "Gather Merge","Parent Relationship": "Outer","Parallel Aware": false,"Async Capable": false,"Startup Cost": 72556.41,"Total Cost": 73202.94,"Plan Rows": 4910,"Plan Width": 272,"Actual Startup Time": 916.399,"Actual Total Time": 960.642,"Actual Rows": 12,"Actual Loops": 1,"Workers Planned": 2,"Workers Launched": 2,"Plans": [{"Node Type": "Aggregate","Strategy": "Sorted","Partial Mode": "Partial","Parent Relationship": "Outer","Parallel Aware": false,"Async Capable": false,"Startup Cost": 71556.39,"Total Cost": 71636.18,"Plan Rows": 2455,"Plan Width": 272,"Actual Startup Time": 908.210,"Actual Total Time": 908.911,"Actual Rows": 4,"Actual Loops": 3,"Group Key": ["n1.n_name", "n2.n_name", "(EXTRACT(year FROM lineitem.l_shipdate))"],"Workers": [],"Plans": [{"Node Type": "Sort","Parent Relationship": "Outer","Parallel Aware": false,"Async Capable": false,"Startup Cost": 71556.39,"Total Cost": 71562.53,"Plan Rows": 2455,"Plan Width": 252,"Actual Startup Time": 907.952,"Actual Total Time": 908.064,"Actual Rows": 1980,"Actual Loops": 3,"Sort Key": ["n1.n_name", "n2.n_name", "(EXTRACT(year FROM lineitem.l_shipdate))"],"Sort Method": "quicksort","Sort Space Used": 268,"Sort Space Type": "Memory","Workers": [{"Worker Number": 0,"Sort Method": "quicksort","Sort Space Used": 261,"Sort Space Type": "Memory"},{"Worker Number": 1,"Sort Method": "quicksort","Sort Space Used": 266,"Sort Space Type": "Memory"}],"Plans": [{"Node Type": "Hash Join","Parent Relationship": "Outer","Parallel Aware": false,"Async Capable": false,"Join Type": "Inner","Startup Cost": 366.16,"Total Cost": 71418.15,"Plan Rows": 2455,"Plan Width": 252,"Actual Startup Time": 12.688,"Actual Total Time": 906.120,"Actual Rows": 1980,"Actual Loops": 3,"Inner Unique": false,"Hash Cond": "(lineitem.l_suppkey = supplier.s_suppkey)","Join Filter": "(((n1.n_name = 'GERMANY'::bpchar) AND (n2.n_name = 'ARGENTINA'::bpchar)) OR ((n1.n_name = 'ARGENTINA'::bpchar) AND (n2.n_name = 'GERMANY'::bpchar)))","Rows Removed by Join Filter": 1918,"Workers": [],"Plans": [{"Node Type": "Nested Loop","Parent Relationship": "Outer","Parallel Aware": false,"Async Capable": false,"Join Type": "Inner","Startup Cost": 2.26,"Total Cost": 70727.78,"Plan Rows": 60250,"Plan Width": 124,"Actual Startup Time": 0.697,"Actual Total Time": 888.678,"Actual Rows": 48614,"Actual Loops": 3,"Inner Unique": false,"Workers": [],"Plans": [{"Node Type": "Nested Loop","Parent Relationship": "Outer","Parallel Aware": false,"Async Capable": false,"Join Type": "Inner","Startup Cost": 1.83,"Total Cost": 12400.01,"Plan Rows": 49000,"Plan Width": 108,"Actual Startup Time": 0.275,"Actual Total Time": 219.703,"Actual Rows": 39757,"Actual Loops": 3,"Inner Unique": false,"Workers": [],"Plans": [{"Node Type": "Hash Join","Parent Relationship": "Outer","Parallel Aware": false,"Async Capable": false,"Join Type": "Inner","Startup Cost": 1.40,"Total Cost": 4403.27,"Plan Rows": 4900,"Plan Width": 108,"Actual Startup Time": 0.166,"Actual Total Time": 42.990,"Actual Rows": 3961,"Actual Loops": 3,"Inner Unique": true,"Hash Cond": "(customer.c_nationkey = n2.n_nationkey)","Workers": [],"Plans": [{"Node Type": "Seq Scan","Parent Relationship": "Outer","Parallel Aware": true,"Async Capable": false,"Relation Name": "customer","Alias": "customer","Startup Cost": 0.00,"Total Cost": 4210.00,"Plan Rows": 62500,"Plan Width": 8,"Actual Startup Time": 0.019,"Actual Total Time": 9.087,"Actual Rows": 50000,"Actual Loops": 3,"Workers": []},{"Node Type": "Hash","Parent Relationship": "Inner","Parallel Aware": false,"Async Capable": false,"Startup Cost": 1.38,"Total Cost": 1.38,"Plan Rows": 2,"Plan Width": 108,"Actual Startup Time": 0.068,"Actual Total Time": 0.076,"Actual Rows": 2,"Actual Loops": 3,"Hash Buckets": 1024,"Original Hash Buckets": 1024,"Hash Batches": 1,"Original Hash Batches": 1,"Peak Memory Usage": 9,"Workers": [],"Plans": [{"Node Type": "Seq Scan","Parent Relationship": "Outer","Parallel Aware": false,"Async Capable": false,"Relation Name": "nation","Alias": "n2","Startup Cost": 0.00,"Total Cost": 1.38,"Plan Rows": 2,"Plan Width": 108,"Actual Startup Time": 0.051,"Actual Total Time": 0.059,"Actual Rows": 2,"Actual Loops": 3,"Filter": "((n_name = 'ARGENTINA'::bpchar) OR (n_name = 'GERMANY'::bpchar))","Rows Removed by Filter": 23,"Workers": []}]}]},{"Node Type": "Index Scan","Parent Relationship": "Inner","Parallel Aware": false,"Async Capable": false,"Scan Direction": "Forward","Index Name": "idx_orders_custkey","Relation Name": "orders","Alias": "orders","Startup Cost": 0.43,"Total Cost": 1.46,"Plan Rows": 17,"Plan Width": 8,"Actual Startup Time": 0.007,"Actual Total Time": 0.043,"Actual Rows": 10,"Actual Loops": 11883,"Index Cond": "(o_custkey = customer.c_custkey)","Rows Removed by Index Recheck": 0,"Workers": []}]},{"Node Type": "Index Scan","Parent Relationship": "Inner","Parallel Aware": false,"Async Capable": false,"Scan Direction": "Forward","Index Name": "idx_lineitem_orderkey","Relation Name": "lineitem","Alias": "lineitem","Startup Cost": 0.43,"Total Cost": 1.14,"Plan Rows": 5,"Plan Width": 24,"Actual Startup Time": 0.016,"Actual Total Time": 0.017,"Actual Rows": 1,"Actual Loops": 119271,"Index Cond": "(l_orderkey = orders.o_orderkey)","Rows Removed by Index Recheck": 0,"Filter": "((l_shipdate >= '1995-01-01'::date) AND (l_shipdate <= '1996-12-31'::date))","Rows Removed by Filter": 3,"Workers": []}]},{"Node Type": "Hash","Parent Relationship": "Inner","Parallel Aware": false,"Async Capable": false,"Startup Cost": 354.10,"Total Cost": 354.10,"Plan Rows": 784,"Plan Width": 108,"Actual Startup Time": 10.372,"Actual Total Time": 10.386,"Actual Rows": 809,"Actual Loops": 3,"Hash Buckets": 1024,"Original Hash Buckets": 1024,"Hash Batches": 1,"Original Hash Batches": 1,"Peak Memory Usage": 57,"Workers": [],"Plans": [{"Node Type": "Hash Join","Parent Relationship": "Outer","Parallel Aware": false,"Async Capable": false,"Join Type": "Inner","Startup Cost": 1.40,"Total Cost": 354.10,"Plan Rows": 784,"Plan Width": 108,"Actual Startup Time": 0.066,"Actual Total Time": 10.188,"Actual Rows": 809,"Actual Loops": 3,"Inner Unique": true,"Hash Cond": "(supplier.s_nationkey = n1.n_nationkey)","Workers": [],"Plans": [{"Node Type": "Seq Scan","Parent Relationship": "Outer","Parallel Aware": false,"Async Capable": false,"Relation Name": "supplier","Alias": "supplier","Startup Cost": 0.00,"Total Cost": 322.00,"Plan Rows": 10000,"Plan Width": 8,"Actual Startup Time": 0.030,"Actual Total Time": 4.200,"Actual Rows": 10000,"Actual Loops": 3,"Workers": []},{"Node Type": "Hash","Parent Relationship": "Inner","Parallel Aware": false,"Async Capable": false,"Startup Cost": 1.38,"Total Cost": 1.38,"Plan Rows": 2,"Plan Width": 108,"Actual Startup Time": 0.011,"Actual Total Time": 0.016,"Actual Rows": 2,"Actual Loops": 3,"Hash Buckets": 1024,"Original Hash Buckets": 1024,"Hash Batches": 1,"Original Hash Batches": 1,"Peak Memory Usage": 9,"Workers": [],"Plans": [{"Node Type": "Seq Scan","Parent Relationship": "Outer","Parallel Aware": false,"Async Capable": false,"Relation Name": "nation","Alias": "n1","Startup Cost": 0.00,"Total Cost": 1.38,"Plan Rows": 2,"Plan Width": 108,"Actual Startup Time": 0.003,"Actual Total Time": 0.008,"Actual Rows": 2,"Actual Loops": 3,"Filter": "((n_name = 'GERMANY'::bpchar) OR (n_name = 'ARGENTINA'::bpchar))","Rows Removed by Filter": 23,"Workers": []}]}]}]}]}]}]}]}]},"Planning Time": 9.896,"Triggers": [],"Execution Time": 961.143}]
[{"Plan": {"Node Type": "Aggregate","Strategy": "Sorted","Partial Mode": "Finalize","Parallel Aware": false,"Async Capable": false,"Startup Cost": 72556.41,"Total Cost": 73352.71,"Plan Rows": 5893,"Plan Width": 272,"Actual Startup Time": 923.792,"Actual Total Time": 968.561,"Actual Rows": 4,"Actual Loops": 1,"Group Key": ["n1.n_name", "n2.n_name", "(EXTRACT(year FROM lineitem.l_shipdate))"],"Plans": [{"Node Type": "Gather Merge","Parent Relationship": "Outer","Parallel Aware": false,"Async Capable": false,"Startup Cost": 72556.41,"Total Cost": 73202.94,"Plan Rows": 4910,"Plan Width": 272,"Actual Startup Time": 923.161,"Actual Total Time": 968.466,"Actual Rows": 12,"Actual Loops": 1,"Workers Planned": 2,"Workers Launched": 2,"Plans": [{"Node Type": "Aggregate","Strategy": "Sorted","Partial Mode": "Partial","Parent Relationship": "Outer","Parallel Aware": false,"Async Capable": false,"Startup Cost": 71556.39,"Total Cost": 71636.18,"Plan Rows": 2455,"Plan Width": 272,"Actual Startup Time": 915.146,"Actual Total Time": 915.945,"Actual Rows": 4,"Actual Loops": 3,"Group Key": ["n1.n_name", "n2.n_name", "(EXTRACT(year FROM lineitem.l_shipdate))"],"Workers": [],"Plans": [{"Node Type": "Sort","Parent Relationship": "Outer","Parallel Aware": false,"Async Capable": false,"Startup Cost": 71556.39,"Total Cost": 71562.53,"Plan Rows": 2455,"Plan Width": 252,"Actual Startup Time": 914.851,"Actual Total Time": 914.967,"Actual Rows": 1944,"Actual Loops": 3,"Sort Key": ["n1.n_name", "n2.n_name", "(EXTRACT(year FROM lineitem.l_shipdate))"],"Sort Method": "quicksort","Sort Space Used": 321,"Sort Space Type": "Memory","Workers": [{"Worker Number": 0,"Sort Method": "quicksort","Sort Space Used": 255,"Sort Space Type": "Memory"},{"Worker Number": 1,"Sort Method": "quicksort","Sort Space Used": 255,"Sort Space Type": "Memory"}],"Plans": [{"Node Type": "Hash Join","Parent Relationship": "Outer","Parallel Aware": false,"Async Capable": false,"Join Type": "Inner","Startup Cost": 366.16,"Total Cost": 71418.15,"Plan Rows": 2455,"Plan Width": 252,"Actual Startup Time": 13.306,"Actual Total Time": 913.041,"Actual Rows": 1944,"Actual Loops": 3,"Inner Unique": false,"Hash Cond": "(lineitem.l_suppkey = supplier.s_suppkey)","Join Filter": "(((n1.n_name = 'VIETNAM'::bpchar) AND (n2.n_name = 'IRAN'::bpchar)) OR ((n1.n_name = 'IRAN'::bpchar) AND (n2.n_name = 'VIETNAM'::bpchar)))","Rows Removed by Join Filter": 1901,"Workers": [],"Plans": [{"Node Type": "Nested Loop","Parent Relationship": "Outer","Parallel Aware": false,"Async Capable": false,"Join Type": "Inner","Startup Cost": 2.26,"Total Cost": 70727.78,"Plan Rows": 60250,"Plan Width": 124,"Actual Startup Time": 0.631,"Actual Total Time": 894.607,"Actual Rows": 48678,"Actual Loops": 3,"Inner Unique": false,"Workers": [],"Plans": [{"Node Type": "Nested Loop","Parent Relationship": "Outer","Parallel Aware": false,"Async Capable": false,"Join Type": "Inner","Startup Cost": 1.83,"Total Cost": 12400.01,"Plan Rows": 49000,"Plan Width": 108,"Actual Startup Time": 0.346,"Actual Total Time": 220.979,"Actual Rows": 40007,"Actual Loops": 3,"Inner Unique": false,"Workers": [],"Plans": [{"Node Type": "Hash Join","Parent Relationship": "Outer","Parallel Aware": false,"Async Capable": false,"Join Type": "Inner","Startup Cost": 1.40,"Total Cost": 4403.27,"Plan Rows": 4900,"Plan Width": 108,"Actual Startup Time": 0.212,"Actual Total Time": 43.768,"Actual Rows": 4006,"Actual Loops": 3,"Inner Unique": true,"Hash Cond": "(customer.c_nationkey = n2.n_nationkey)","Workers": [],"Plans": [{"Node Type": "Seq Scan","Parent Relationship": "Outer","Parallel Aware": true,"Async Capable": false,"Relation Name": "customer","Alias": "customer","Startup Cost": 0.00,"Total Cost": 4210.00,"Plan Rows": 62500,"Plan Width": 8,"Actual Startup Time": 0.014,"Actual Total Time": 9.001,"Actual Rows": 50000,"Actual Loops": 3,"Workers": []},{"Node Type": "Hash","Parent Relationship": "Inner","Parallel Aware": false,"Async Capable": false,"Startup Cost": 1.38,"Total Cost": 1.38,"Plan Rows": 2,"Plan Width": 108,"Actual Startup Time": 0.079,"Actual Total Time": 0.085,"Actual Rows": 2,"Actual Loops": 3,"Hash Buckets": 1024,"Original Hash Buckets": 1024,"Hash Batches": 1,"Original Hash Batches": 1,"Peak Memory Usage": 9,"Workers": [],"Plans": [{"Node Type": "Seq Scan","Parent Relationship": "Outer","Parallel Aware": false,"Async Capable": false,"Relation Name": "nation","Alias": "n2","Startup Cost": 0.00,"Total Cost": 1.38,"Plan Rows": 2,"Plan Width": 108,"Actual Startup Time": 0.060,"Actual Total Time": 0.066,"Actual Rows": 2,"Actual Loops": 3,"Filter": "((n_name = 'IRAN'::bpchar) OR (n_name = 'VIETNAM'::bpchar))","Rows Removed by Filter": 23,"Workers": []}]}]},{"Node Type": "Index Scan","Parent Relationship": "Inner","Parallel Aware": false,"Async Capable": false,"Scan Direction": "Forward","Index Name": "idx_orders_custkey","Relation Name": "orders","Alias": "orders","Startup Cost": 0.43,"Total Cost": 1.46,"Plan Rows": 17,"Plan Width": 8,"Actual Startup Time": 0.007,"Actual Total Time": 0.043,"Actual Rows": 10,"Actual Loops": 12017,"Index Cond": "(o_custkey = customer.c_custkey)","Rows Removed by Index Recheck": 0,"Workers": []}]},{"Node Type": "Index Scan","Parent Relationship": "Inner","Parallel Aware": false,"Async Capable": false,"Scan Direction": "Forward","Index Name": "idx_lineitem_orderkey","Relation Name": "lineitem","Alias": "lineitem","Startup Cost": 0.43,"Total Cost": 1.14,"Plan Rows": 5,"Plan Width": 24,"Actual Startup Time": 0.016,"Actual Total Time": 0.017,"Actual Rows": 1,"Actual Loops": 120022,"Index Cond": "(l_orderkey = orders.o_orderkey)","Rows Removed by Index Recheck": 0,"Filter": "((l_shipdate >= '1995-01-01'::date) AND (l_shipdate <= '1996-12-31'::date))","Rows Removed by Filter": 3,"Workers": []}]},{"Node Type": "Hash","Parent Relationship": "Inner","Parallel Aware": false,"Async Capable": false,"Startup Cost": 354.10,"Total Cost": 354.10,"Plan Rows": 784,"Plan Width": 108,"Actual Startup Time": 11.400,"Actual Total Time": 11.413,"Actual Rows": 792,"Actual Loops": 3,"Hash Buckets": 1024,"Original Hash Buckets": 1024,"Hash Batches": 1,"Original Hash Batches": 1,"Peak Memory Usage": 56,"Workers": [],"Plans": [{"Node Type": "Hash Join","Parent Relationship": "Outer","Parallel Aware": false,"Async Capable": false,"Join Type": "Inner","Startup Cost": 1.40,"Total Cost": 354.10,"Plan Rows": 784,"Plan Width": 108,"Actual Startup Time": 0.098,"Actual Total Time": 11.211,"Actual Rows": 792,"Actual Loops": 3,"Inner Unique": true,"Hash Cond": "(supplier.s_nationkey = n1.n_nationkey)","Workers": [],"Plans": [{"Node Type": "Seq Scan","Parent Relationship": "Outer","Parallel Aware": false,"Async Capable": false,"Relation Name": "supplier","Alias": "supplier","Startup Cost": 0.00,"Total Cost": 322.00,"Plan Rows": 10000,"Plan Width": 8,"Actual Startup Time": 0.036,"Actual Total Time": 4.732,"Actual Rows": 10000,"Actual Loops": 3,"Workers": []},{"Node Type": "Hash","Parent Relationship": "Inner","Parallel Aware": false,"Async Capable": false,"Startup Cost": 1.38,"Total Cost": 1.38,"Plan Rows": 2,"Plan Width": 108,"Actual Startup Time": 0.018,"Actual Total Time": 0.023,"Actual Rows": 2,"Actual Loops": 3,"Hash Buckets": 1024,"Original Hash Buckets": 1024,"Hash Batches": 1,"Original Hash Batches": 1,"Peak Memory Usage": 9,"Workers": [],"Plans": [{"Node Type": "Seq Scan","Parent Relationship": "Outer","Parallel Aware": false,"Async Capable": false,"Relation Name": "nation","Alias": "n1","Startup Cost": 0.00,"Total Cost": 1.38,"Plan Rows": 2,"Plan Width": 108,"Actual Startup Time": 0.008,"Actual Total Time": 0.013,"Actual Rows": 2,"Actual Loops": 3,"Filter": "((n_name = 'VIETNAM'::bpchar) OR (n_name = 'IRAN'::bpchar))","Rows Removed by Filter": 23,"Workers": []}]}]}]}]}]}]}]}]},"Planning Time": 8.578,"Triggers": [],"Execution Time": 968.992}]
[{"Plan": {"Node Type": "Aggregate","Strategy": "Sorted","Partial Mode": "Finalize","Parallel Aware": false,"Async Capable": false,"Startup Cost": 72556.41,"Total Cost": 73352.71,"Plan Rows": 5893,"Plan Width": 272,"Actual Startup Time": 924.220,"Actual Total Time": 967.751,"Actual Rows": 4,"Actual Loops": 1,"Group Key": ["n1.n_name", "n2.n_name", "(EXTRACT(year FROM lineitem.l_shipdate))"],"Plans": [{"Node Type": "Gather Merge","Parent Relationship": "Outer","Parallel Aware": false,"Async Capable": false,"Startup Cost": 72556.41,"Total Cost": 73202.94,"Plan Rows": 4910,"Plan Width": 272,"Actual Startup Time": 923.698,"Actual Total Time": 967.689,"Actual Rows": 12,"Actual Loops": 1,"Workers Planned": 2,"Workers Launched": 2,"Plans": [{"Node Type": "Aggregate","Strategy": "Sorted","Partial Mode": "Partial","Parent Relationship": "Outer","Parallel Aware": false,"Async Capable": false,"Startup Cost": 71556.39,"Total Cost": 71636.18,"Plan Rows": 2455,"Plan Width": 272,"Actual Startup Time": 915.581,"Actual Total Time": 916.352,"Actual Rows": 4,"Actual Loops": 3,"Group Key": ["n1.n_name", "n2.n_name", "(EXTRACT(year FROM lineitem.l_shipdate))"],"Workers": [],"Plans": [{"Node Type": "Sort","Parent Relationship": "Outer","Parallel Aware": false,"Async Capable": false,"Startup Cost": 71556.39,"Total Cost": 71562.53,"Plan Rows": 2455,"Plan Width": 252,"Actual Startup Time": 915.305,"Actual Total Time": 915.419,"Actual Rows": 1917,"Actual Loops": 3,"Sort Key": ["n1.n_name", "n2.n_name", "(EXTRACT(year FROM lineitem.l_shipdate))"],"Sort Method": "quicksort","Sort Space Used": 272,"Sort Space Type": "Memory","Workers": [{"Worker Number": 0,"Sort Method": "quicksort","Sort Space Used": 248,"Sort Space Type": "Memory"},{"Worker Number": 1,"Sort Method": "quicksort","Sort Space Used": 255,"Sort Space Type": "Memory"}],"Plans": [{"Node Type": "Hash Join","Parent Relationship": "Outer","Parallel Aware": false,"Async Capable": false,"Join Type": "Inner","Startup Cost": 366.16,"Total Cost": 71418.15,"Plan Rows": 2455,"Plan Width": 252,"Actual Startup Time": 13.701,"Actual Total Time": 913.484,"Actual Rows": 1917,"Actual Loops": 3,"Inner Unique": false,"Hash Cond": "(lineitem.l_suppkey = supplier.s_suppkey)","Join Filter": "(((n1.n_name = 'IRAN'::bpchar) AND (n2.n_name = 'GERMANY'::bpchar)) OR ((n1.n_name = 'GERMANY'::bpchar) AND (n2.n_name = 'IRAN'::bpchar)))","Rows Removed by Join Filter": 1863,"Workers": [],"Plans": [{"Node Type": "Nested Loop","Parent Relationship": "Outer","Parallel Aware": false,"Async Capable": false,"Join Type": "Inner","Startup Cost": 2.26,"Total Cost": 70727.78,"Plan Rows": 60250,"Plan Width": 124,"Actual Startup Time": 0.663,"Actual Total Time": 894.841,"Actual Rows": 48379,"Actual Loops": 3,"Inner Unique": false,"Workers": [],"Plans": [{"Node Type": "Nested Loop","Parent Relationship": "Outer","Parallel Aware": false,"Async Capable": false,"Join Type": "Inner","Startup Cost": 1.83,"Total Cost": 12400.01,"Plan Rows": 49000,"Plan Width": 108,"Actual Startup Time": 0.389,"Actual Total Time": 221.654,"Actual Rows": 39800,"Actual Loops": 3,"Inner Unique": false,"Workers": [],"Plans": [{"Node Type": "Hash Join","Parent Relationship": "Outer","Parallel Aware": false,"Async Capable": false,"Join Type": "Inner","Startup Cost": 1.40,"Total Cost": 4403.27,"Plan Rows": 4900,"Plan Width": 108,"Actual Startup Time": 0.238,"Actual Total Time": 44.651,"Actual Rows": 3972,"Actual Loops": 3,"Inner Unique": true,"Hash Cond": "(customer.c_nationkey = n2.n_nationkey)","Workers": [],"Plans": [{"Node Type": "Seq Scan","Parent Relationship": "Outer","Parallel Aware": true,"Async Capable": false,"Relation Name": "customer","Alias": "customer","Startup Cost": 0.00,"Total Cost": 4210.00,"Plan Rows": 62500,"Plan Width": 8,"Actual Startup Time": 0.016,"Actual Total Time": 9.118,"Actual Rows": 50000,"Actual Loops": 3,"Workers": []},{"Node Type": "Hash","Parent Relationship": "Inner","Parallel Aware": false,"Async Capable": false,"Startup Cost": 1.38,"Total Cost": 1.38,"Plan Rows": 2,"Plan Width": 108,"Actual Startup Time": 0.104,"Actual Total Time": 0.111,"Actual Rows": 2,"Actual Loops": 3,"Hash Buckets": 1024,"Original Hash Buckets": 1024,"Hash Batches": 1,"Original Hash Batches": 1,"Peak Memory Usage": 9,"Workers": [],"Plans": [{"Node Type": "Seq Scan","Parent Relationship": "Outer","Parallel Aware": false,"Async Capable": false,"Relation Name": "nation","Alias": "n2","Startup Cost": 0.00,"Total Cost": 1.38,"Plan Rows": 2,"Plan Width": 108,"Actual Startup Time": 0.079,"Actual Total Time": 0.086,"Actual Rows": 2,"Actual Loops": 3,"Filter": "((n_name = 'GERMANY'::bpchar) OR (n_name = 'IRAN'::bpchar))","Rows Removed by Filter": 23,"Workers": []}]}]},{"Node Type": "Index Scan","Parent Relationship": "Inner","Parallel Aware": false,"Async Capable": false,"Scan Direction": "Forward","Index Name": "idx_orders_custkey","Relation Name": "orders","Alias": "orders","Startup Cost": 0.43,"Total Cost": 1.46,"Plan Rows": 17,"Plan Width": 8,"Actual Startup Time": 0.007,"Actual Total Time": 0.043,"Actual Rows": 10,"Actual Loops": 11917,"Index Cond": "(o_custkey = customer.c_custkey)","Rows Removed by Index Recheck": 0,"Workers": []}]},{"Node Type": "Index Scan","Parent Relationship": "Inner","Parallel Aware": false,"Async Capable": false,"Scan Direction": "Forward","Index Name": "idx_lineitem_orderkey","Relation Name": "lineitem","Alias": "lineitem","Startup Cost": 0.43,"Total Cost": 1.14,"Plan Rows": 5,"Plan Width": 24,"Actual Startup Time": 0.016,"Actual Total Time": 0.017,"Actual Rows": 1,"Actual Loops": 119399,"Index Cond": "(l_orderkey = orders.o_orderkey)","Rows Removed by Index Recheck": 0,"Filter": "((l_shipdate >= '1995-01-01'::date) AND (l_shipdate <= '1996-12-31'::date))","Rows Removed by Filter": 3,"Workers": []}]},{"Node Type": "Hash","Parent Relationship": "Inner","Parallel Aware": false,"Async Capable": false,"Startup Cost": 354.10,"Total Cost": 354.10,"Plan Rows": 784,"Plan Width": 108,"Actual Startup Time": 11.683,"Actual Total Time": 11.696,"Actual Rows": 789,"Actual Loops": 3,"Hash Buckets": 1024,"Original Hash Buckets": 1024,"Hash Batches": 1,"Original Hash Batches": 1,"Peak Memory Usage": 56,"Workers": [],"Plans": [{"Node Type": "Hash Join","Parent Relationship": "Outer","Parallel Aware": false,"Async Capable": false,"Join Type": "Inner","Startup Cost": 1.40,"Total Cost": 354.10,"Plan Rows": 784,"Plan Width": 108,"Actual Startup Time": 0.099,"Actual Total Time": 11.490,"Actual Rows": 789,"Actual Loops": 3,"Inner Unique": true,"Hash Cond": "(supplier.s_nationkey = n1.n_nationkey)","Workers": [],"Plans": [{"Node Type": "Seq Scan","Parent Relationship": "Outer","Parallel Aware": false,"Async Capable": false,"Relation Name": "supplier","Alias": "supplier","Startup Cost": 0.00,"Total Cost": 322.00,"Plan Rows": 10000,"Plan Width": 8,"Actual Startup Time": 0.038,"Actual Total Time": 4.746,"Actual Rows": 10000,"Actual Loops": 3,"Workers": []},{"Node Type": "Hash","Parent Relationship": "Inner","Parallel Aware": false,"Async Capable": false,"Startup Cost": 1.38,"Total Cost": 1.38,"Plan Rows": 2,"Plan Width": 108,"Actual Startup Time": 0.022,"Actual Total Time": 0.026,"Actual Rows": 2,"Actual Loops": 3,"Hash Buckets": 1024,"Original Hash Buckets": 1024,"Hash Batches": 1,"Original Hash Batches": 1,"Peak Memory Usage": 9,"Workers": [],"Plans": [{"Node Type": "Seq Scan","Parent Relationship": "Outer","Parallel Aware": false,"Async Capable": false,"Relation Name": "nation","Alias": "n1","Startup Cost": 0.00,"Total Cost": 1.38,"Plan Rows": 2,"Plan Width": 108,"Actual Startup Time": 0.007,"Actual Total Time": 0.015,"Actual Rows": 2,"Actual Loops": 3,"Filter": "((n_name = 'IRAN'::bpchar) OR (n_name = 'GERMANY'::bpchar))","Rows Removed by Filter": 23,"Workers": []}]}]}]}]}]}]}]}]},"Planning Time": 8.527,"Triggers": [],"Execution Time": 968.191}]
[{"Plan": {"Node Type": "Aggregate","Strategy": "Sorted","Partial Mode": "Finalize","Parallel Aware": false,"Async Capable": false,"Startup Cost": 72556.41,"Total Cost": 73352.71,"Plan Rows": 5893,"Plan Width": 272,"Actual Startup Time": 925.033,"Actual Total Time": 978.903,"Actual Rows": 4,"Actual Loops": 1,"Group Key": ["n1.n_name", "n2.n_name", "(EXTRACT(year FROM lineitem.l_shipdate))"],"Plans": [{"Node Type": "Gather Merge","Parent Relationship": "Outer","Parallel Aware": false,"Async Capable": false,"Startup Cost": 72556.41,"Total Cost": 73202.94,"Plan Rows": 4910,"Plan Width": 272,"Actual Startup Time": 924.484,"Actual Total Time": 978.804,"Actual Rows": 12,"Actual Loops": 1,"Workers Planned": 2,"Workers Launched": 2,"Plans": [{"Node Type": "Aggregate","Strategy": "Sorted","Partial Mode": "Partial","Parent Relationship": "Outer","Parallel Aware": false,"Async Capable": false,"Startup Cost": 71556.39,"Total Cost": 71636.18,"Plan Rows": 2455,"Plan Width": 272,"Actual Startup Time": 915.882,"Actual Total Time": 916.612,"Actual Rows": 4,"Actual Loops": 3,"Group Key": ["n1.n_name", "n2.n_name", "(EXTRACT(year FROM lineitem.l_shipdate))"],"Workers": [],"Plans": [{"Node Type": "Sort","Parent Relationship": "Outer","Parallel Aware": false,"Async Capable": false,"Startup Cost": 71556.39,"Total Cost": 71562.53,"Plan Rows": 2455,"Plan Width": 252,"Actual Startup Time": 915.640,"Actual Total Time": 915.743,"Actual Rows": 1947,"Actual Loops": 3,"Sort Key": ["n1.n_name", "n2.n_name", "(EXTRACT(year FROM lineitem.l_shipdate))"],"Sort Method": "quicksort","Sort Space Used": 264,"Sort Space Type": "Memory","Workers": [{"Worker Number": 0,"Sort Method": "quicksort","Sort Space Used": 258,"Sort Space Type": "Memory"},{"Worker Number": 1,"Sort Method": "quicksort","Sort Space Used": 263,"Sort Space Type": "Memory"}],"Plans": [{"Node Type": "Hash Join","Parent Relationship": "Outer","Parallel Aware": false,"Async Capable": false,"Join Type": "Inner","Startup Cost": 366.16,"Total Cost": 71418.15,"Plan Rows": 2455,"Plan Width": 252,"Actual Startup Time": 7.818,"Actual Total Time": 913.766,"Actual Rows": 1947,"Actual Loops": 3,"Inner Unique": false,"Hash Cond": "(lineitem.l_suppkey = supplier.s_suppkey)","Join Filter": "(((n1.n_name = 'CHINA'::bpchar) AND (n2.n_name = 'UNITED KINGDOM'::bpchar)) OR ((n1.n_name = 'UNITED KINGDOM'::bpchar) AND (n2.n_name = 'CHINA'::bpchar)))","Rows Removed by Join Filter": 1971,"Workers": [],"Plans": [{"Node Type": "Nested Loop","Parent Relationship": "Outer","Parallel Aware": false,"Async Capable": false,"Join Type": "Inner","Startup Cost": 2.26,"Total Cost": 70727.78,"Plan Rows": 60250,"Plan Width": 124,"Actual Startup Time": 0.503,"Actual Total Time": 899.346,"Actual Rows": 48702,"Actual Loops": 3,"Inner Unique": false,"Workers": [],"Plans": [{"Node Type": "Nested Loop","Parent Relationship": "Outer","Parallel Aware": false,"Async Capable": false,"Join Type": "Inner","Startup Cost": 1.83,"Total Cost": 12400.01,"Plan Rows": 49000,"Plan Width": 108,"Actual Startup Time": 0.303,"Actual Total Time": 225.406,"Actual Rows": 40080,"Actual Loops": 3,"Inner Unique": false,"Workers": [],"Plans": [{"Node Type": "Hash Join","Parent Relationship": "Outer","Parallel Aware": false,"Async Capable": false,"Join Type": "Inner","Startup Cost": 1.40,"Total Cost": 4403.27,"Plan Rows": 4900,"Plan Width": 108,"Actual Startup Time": 0.170,"Actual Total Time": 45.937,"Actual Rows": 4012,"Actual Loops": 3,"Inner Unique": true,"Hash Cond": "(customer.c_nationkey = n2.n_nationkey)","Workers": [],"Plans": [{"Node Type": "Seq Scan","Parent Relationship": "Outer","Parallel Aware": true,"Async Capable": false,"Relation Name": "customer","Alias": "customer","Startup Cost": 0.00,"Total Cost": 4210.00,"Plan Rows": 62500,"Plan Width": 8,"Actual Startup Time": 0.015,"Actual Total Time": 9.578,"Actual Rows": 50000,"Actual Loops": 3,"Workers": []},{"Node Type": "Hash","Parent Relationship": "Inner","Parallel Aware": false,"Async Capable": false,"Startup Cost": 1.38,"Total Cost": 1.38,"Plan Rows": 2,"Plan Width": 108,"Actual Startup Time": 0.071,"Actual Total Time": 0.074,"Actual Rows": 2,"Actual Loops": 3,"Hash Buckets": 1024,"Original Hash Buckets": 1024,"Hash Batches": 1,"Original Hash Batches": 1,"Peak Memory Usage": 9,"Workers": [],"Plans": [{"Node Type": "Seq Scan","Parent Relationship": "Outer","Parallel Aware": false,"Async Capable": false,"Relation Name": "nation","Alias": "n2","Startup Cost": 0.00,"Total Cost": 1.38,"Plan Rows": 2,"Plan Width": 108,"Actual Startup Time": 0.053,"Actual Total Time": 0.057,"Actual Rows": 2,"Actual Loops": 3,"Filter": "((n_name = 'UNITED KINGDOM'::bpchar) OR (n_name = 'CHINA'::bpchar))","Rows Removed by Filter": 23,"Workers": []}]}]},{"Node Type": "Index Scan","Parent Relationship": "Inner","Parallel Aware": false,"Async Capable": false,"Scan Direction": "Forward","Index Name": "idx_orders_custkey","Relation Name": "orders","Alias": "orders","Startup Cost": 0.43,"Total Cost": 1.46,"Plan Rows": 17,"Plan Width": 8,"Actual Startup Time": 0.007,"Actual Total Time": 0.043,"Actual Rows": 10,"Actual Loops": 12035,"Index Cond": "(o_custkey = customer.c_custkey)","Rows Removed by Index Recheck": 0,"Workers": []}]},{"Node Type": "Index Scan","Parent Relationship": "Inner","Parallel Aware": false,"Async Capable": false,"Scan Direction": "Forward","Index Name": "idx_lineitem_orderkey","Relation Name": "lineitem","Alias": "lineitem","Startup Cost": 0.43,"Total Cost": 1.14,"Plan Rows": 5,"Plan Width": 24,"Actual Startup Time": 0.016,"Actual Total Time": 0.017,"Actual Rows": 1,"Actual Loops": 120239,"Index Cond": "(l_orderkey = orders.o_orderkey)","Rows Removed by Index Recheck": 0,"Filter": "((l_shipdate >= '1995-01-01'::date) AND (l_shipdate <= '1996-12-31'::date))","Rows Removed by Filter": 3,"Workers": []}]},{"Node Type": "Hash","Parent Relationship": "Inner","Parallel Aware": false,"Async Capable": false,"Startup Cost": 354.10,"Total Cost": 354.10,"Plan Rows": 784,"Plan Width": 108,"Actual Startup Time": 6.807,"Actual Total Time": 6.814,"Actual Rows": 797,"Actual Loops": 3,"Hash Buckets": 1024,"Original Hash Buckets": 1024,"Hash Batches": 1,"Original Hash Batches": 1,"Peak Memory Usage": 57,"Workers": [],"Plans": [{"Node Type": "Hash Join","Parent Relationship": "Outer","Parallel Aware": false,"Async Capable": false,"Join Type": "Inner","Startup Cost": 1.40,"Total Cost": 354.10,"Plan Rows": 784,"Plan Width": 108,"Actual Startup Time": 0.062,"Actual Total Time": 6.644,"Actual Rows": 797,"Actual Loops": 3,"Inner Unique": true,"Hash Cond": "(supplier.s_nationkey = n1.n_nationkey)","Workers": [],"Plans": [{"Node Type": "Seq Scan","Parent Relationship": "Outer","Parallel Aware": false,"Async Capable": false,"Relation Name": "supplier","Alias": "supplier","Startup Cost": 0.00,"Total Cost": 322.00,"Plan Rows": 10000,"Plan Width": 8,"Actual Startup Time": 0.026,"Actual Total Time": 3.397,"Actual Rows": 10000,"Actual Loops": 3,"Workers": []},{"Node Type": "Hash","Parent Relationship": "Inner","Parallel Aware": false,"Async Capable": false,"Startup Cost": 1.38,"Total Cost": 1.38,"Plan Rows": 2,"Plan Width": 108,"Actual Startup Time": 0.012,"Actual Total Time": 0.014,"Actual Rows": 2,"Actual Loops": 3,"Hash Buckets": 1024,"Original Hash Buckets": 1024,"Hash Batches": 1,"Original Hash Batches": 1,"Peak Memory Usage": 9,"Workers": [],"Plans": [{"Node Type": "Seq Scan","Parent Relationship": "Outer","Parallel Aware": false,"Async Capable": false,"Relation Name": "nation","Alias": "n1","Startup Cost": 0.00,"Total Cost": 1.38,"Plan Rows": 2,"Plan Width": 108,"Actual Startup Time": 0.005,"Actual Total Time": 0.007,"Actual Rows": 2,"Actual Loops": 3,"Filter": "((n_name = 'CHINA'::bpchar) OR (n_name = 'UNITED KINGDOM'::bpchar))","Rows Removed by Filter": 23,"Workers": []}]}]}]}]}]}]}]}]},"Planning Time": 9.420,"Triggers": [],"Execution Time": 979.366}]
[{"Plan": {"Node Type": "Aggregate","Strategy": "Sorted","Partial Mode": "Finalize","Parallel Aware": false,"Async Capable": false,"Startup Cost": 72556.41,"Total Cost": 73352.71,"Plan Rows": 5893,"Plan Width": 272,"Actual Startup Time": 927.242,"Actual Total Time": 984.162,"Actual Rows": 4,"Actual Loops": 1,"Group Key": ["n1.n_name", "n2.n_name", "(EXTRACT(year FROM lineitem.l_shipdate))"],"Plans": [{"Node Type": "Gather Merge","Parent Relationship": "Outer","Parallel Aware": false,"Async Capable": false,"Startup Cost": 72556.41,"Total Cost": 73202.94,"Plan Rows": 4910,"Plan Width": 272,"Actual Startup Time": 926.657,"Actual Total Time": 984.080,"Actual Rows": 12,"Actual Loops": 1,"Workers Planned": 2,"Workers Launched": 2,"Plans": [{"Node Type": "Aggregate","Strategy": "Sorted","Partial Mode": "Partial","Parent Relationship": "Outer","Parallel Aware": false,"Async Capable": false,"Startup Cost": 71556.39,"Total Cost": 71636.18,"Plan Rows": 2455,"Plan Width": 272,"Actual Startup Time": 918.037,"Actual Total Time": 918.839,"Actual Rows": 4,"Actual Loops": 3,"Group Key": ["n1.n_name", "n2.n_name", "(EXTRACT(year FROM lineitem.l_shipdate))"],"Workers": [],"Plans": [{"Node Type": "Sort","Parent Relationship": "Outer","Parallel Aware": false,"Async Capable": false,"Startup Cost": 71556.39,"Total Cost": 71562.53,"Plan Rows": 2455,"Plan Width": 252,"Actual Startup Time": 917.762,"Actual Total Time": 917.875,"Actual Rows": 1967,"Actual Loops": 3,"Sort Key": ["n1.n_name", "n2.n_name", "(EXTRACT(year FROM lineitem.l_shipdate))"],"Sort Method": "quicksort","Sort Space Used": 270,"Sort Space Type": "Memory","Workers": [{"Worker Number": 0,"Sort Method": "quicksort","Sort Space Used": 256,"Sort Space Type": "Memory"},{"Worker Number": 1,"Sort Method": "quicksort","Sort Space Used": 265,"Sort Space Type": "Memory"}],"Plans": [{"Node Type": "Hash Join","Parent Relationship": "Outer","Parallel Aware": false,"Async Capable": false,"Join Type": "Inner","Startup Cost": 366.16,"Total Cost": 71418.15,"Plan Rows": 2455,"Plan Width": 252,"Actual Startup Time": 9.432,"Actual Total Time": 915.996,"Actual Rows": 1967,"Actual Loops": 3,"Inner Unique": false,"Hash Cond": "(lineitem.l_suppkey = supplier.s_suppkey)","Join Filter": "(((n1.n_name = 'VIETNAM'::bpchar) AND (n2.n_name = 'CANADA'::bpchar)) OR ((n1.n_name = 'CANADA'::bpchar) AND (n2.n_name = 'VIETNAM'::bpchar)))","Rows Removed by Join Filter": 1986,"Workers": [],"Plans": [{"Node Type": "Nested Loop","Parent Relationship": "Outer","Parallel Aware": false,"Async Capable": false,"Join Type": "Inner","Startup Cost": 2.26,"Total Cost": 70727.78,"Plan Rows": 60250,"Plan Width": 124,"Actual Startup Time": 0.629,"Actual Total Time": 900.670,"Actual Rows": 49159,"Actual Loops": 3,"Inner Unique": false,"Workers": [],"Plans": [{"Node Type": "Nested Loop","Parent Relationship": "Outer","Parallel Aware": false,"Async Capable": false,"Join Type": "Inner","Startup Cost": 1.83,"Total Cost": 12400.01,"Plan Rows": 49000,"Plan Width": 108,"Actual Startup Time": 0.293,"Actual Total Time": 227.022,"Actual Rows": 40276,"Actual Loops": 3,"Inner Unique": false,"Workers": [],"Plans": [{"Node Type": "Hash Join","Parent Relationship": "Outer","Parallel Aware": false,"Async Capable": false,"Join Type": "Inner","Startup Cost": 1.40,"Total Cost": 4403.27,"Plan Rows": 4900,"Plan Width": 108,"Actual Startup Time": 0.190,"Actual Total Time": 46.943,"Actual Rows": 4009,"Actual Loops": 3,"Inner Unique": true,"Hash Cond": "(customer.c_nationkey = n2.n_nationkey)","Workers": [],"Plans": [{"Node Type": "Seq Scan","Parent Relationship": "Outer","Parallel Aware": true,"Async Capable": false,"Relation Name": "customer","Alias": "customer","Startup Cost": 0.00,"Total Cost": 4210.00,"Plan Rows": 62500,"Plan Width": 8,"Actual Startup Time": 0.015,"Actual Total Time": 9.490,"Actual Rows": 50000,"Actual Loops": 3,"Workers": []},{"Node Type": "Hash","Parent Relationship": "Inner","Parallel Aware": false,"Async Capable": false,"Startup Cost": 1.38,"Total Cost": 1.38,"Plan Rows": 2,"Plan Width": 108,"Actual Startup Time": 0.073,"Actual Total Time": 0.079,"Actual Rows": 2,"Actual Loops": 3,"Hash Buckets": 1024,"Original Hash Buckets": 1024,"Hash Batches": 1,"Original Hash Batches": 1,"Peak Memory Usage": 9,"Workers": [],"Plans": [{"Node Type": "Seq Scan","Parent Relationship": "Outer","Parallel Aware": false,"Async Capable": false,"Relation Name": "nation","Alias": "n2","Startup Cost": 0.00,"Total Cost": 1.38,"Plan Rows": 2,"Plan Width": 108,"Actual Startup Time": 0.050,"Actual Total Time": 0.059,"Actual Rows": 2,"Actual Loops": 3,"Filter": "((n_name = 'CANADA'::bpchar) OR (n_name = 'VIETNAM'::bpchar))","Rows Removed by Filter": 23,"Workers": []}]}]},{"Node Type": "Index Scan","Parent Relationship": "Inner","Parallel Aware": false,"Async Capable": false,"Scan Direction": "Forward","Index Name": "idx_orders_custkey","Relation Name": "orders","Alias": "orders","Startup Cost": 0.43,"Total Cost": 1.46,"Plan Rows": 17,"Plan Width": 8,"Actual Startup Time": 0.007,"Actual Total Time": 0.044,"Actual Rows": 10,"Actual Loops": 12028,"Index Cond": "(o_custkey = customer.c_custkey)","Rows Removed by Index Recheck": 0,"Workers": []}]},{"Node Type": "Index Scan","Parent Relationship": "Inner","Parallel Aware": false,"Async Capable": false,"Scan Direction": "Forward","Index Name": "idx_lineitem_orderkey","Relation Name": "lineitem","Alias": "lineitem","Startup Cost": 0.43,"Total Cost": 1.14,"Plan Rows": 5,"Plan Width": 24,"Actual Startup Time": 0.016,"Actual Total Time": 0.016,"Actual Rows": 1,"Actual Loops": 120827,"Index Cond": "(l_orderkey = orders.o_orderkey)","Rows Removed by Index Recheck": 0,"Filter": "((l_shipdate >= '1995-01-01'::date) AND (l_shipdate <= '1996-12-31'::date))","Rows Removed by Filter": 3,"Workers": []}]},{"Node Type": "Hash","Parent Relationship": "Inner","Parallel Aware": false,"Async Capable": false,"Startup Cost": 354.10,"Total Cost": 354.10,"Plan Rows": 784,"Plan Width": 108,"Actual Startup Time": 8.099,"Actual Total Time": 8.116,"Actual Rows": 811,"Actual Loops": 3,"Hash Buckets": 1024,"Original Hash Buckets": 1024,"Hash Batches": 1,"Original Hash Batches": 1,"Peak Memory Usage": 58,"Workers": [],"Plans": [{"Node Type": "Hash Join","Parent Relationship": "Outer","Parallel Aware": false,"Async Capable": false,"Join Type": "Inner","Startup Cost": 1.40,"Total Cost": 354.10,"Plan Rows": 784,"Plan Width": 108,"Actual Startup Time": 0.097,"Actual Total Time": 7.884,"Actual Rows": 811,"Actual Loops": 3,"Inner Unique": true,"Hash Cond": "(supplier.s_nationkey = n1.n_nationkey)","Workers": [],"Plans": [{"Node Type": "Seq Scan","Parent Relationship": "Outer","Parallel Aware": false,"Async Capable": false,"Relation Name": "supplier","Alias": "supplier","Startup Cost": 0.00,"Total Cost": 322.00,"Plan Rows": 10000,"Plan Width": 8,"Actual Startup Time": 0.031,"Actual Total Time": 4.258,"Actual Rows": 10000,"Actual Loops": 3,"Workers": []},{"Node Type": "Hash","Parent Relationship": "Inner","Parallel Aware": false,"Async Capable": false,"Startup Cost": 1.38,"Total Cost": 1.38,"Plan Rows": 2,"Plan Width": 108,"Actual Startup Time": 0.016,"Actual Total Time": 0.021,"Actual Rows": 2,"Actual Loops": 3,"Hash Buckets": 1024,"Original Hash Buckets": 1024,"Hash Batches": 1,"Original Hash Batches": 1,"Peak Memory Usage": 9,"Workers": [],"Plans": [{"Node Type": "Seq Scan","Parent Relationship": "Outer","Parallel Aware": false,"Async Capable": false,"Relation Name": "nation","Alias": "n1","Startup Cost": 0.00,"Total Cost": 1.38,"Plan Rows": 2,"Plan Width": 108,"Actual Startup Time": 0.005,"Actual Total Time": 0.010,"Actual Rows": 2,"Actual Loops": 3,"Filter": "((n_name = 'VIETNAM'::bpchar) OR (n_name = 'CANADA'::bpchar))","Rows Removed by Filter": 23,"Workers": []}]}]}]}]}]}]}]}]},"Planning Time": 8.171,"Triggers": [],"Execution Time": 984.644}]
[{"Plan": {"Node Type": "Aggregate","Strategy": "Sorted","Partial Mode": "Finalize","Parallel Aware": false,"Async Capable": false,"Startup Cost": 72556.41,"Total Cost": 73352.71,"Plan Rows": 5893,"Plan Width": 272,"Actual Startup Time": 934.425,"Actual Total Time": 987.519,"Actual Rows": 4,"Actual Loops": 1,"Group Key": ["n1.n_name", "n2.n_name", "(EXTRACT(year FROM lineitem.l_shipdate))"],"Plans": [{"Node Type": "Gather Merge","Parent Relationship": "Outer","Parallel Aware": false,"Async Capable": false,"Startup Cost": 72556.41,"Total Cost": 73202.94,"Plan Rows": 4910,"Plan Width": 272,"Actual Startup Time": 934.016,"Actual Total Time": 987.441,"Actual Rows": 12,"Actual Loops": 1,"Workers Planned": 2,"Workers Launched": 2,"Plans": [{"Node Type": "Aggregate","Strategy": "Sorted","Partial Mode": "Partial","Parent Relationship": "Outer","Parallel Aware": false,"Async Capable": false,"Startup Cost": 71556.39,"Total Cost": 71636.18,"Plan Rows": 2455,"Plan Width": 272,"Actual Startup Time": 925.318,"Actual Total Time": 926.082,"Actual Rows": 4,"Actual Loops": 3,"Group Key": ["n1.n_name", "n2.n_name", "(EXTRACT(year FROM lineitem.l_shipdate))"],"Workers": [],"Plans": [{"Node Type": "Sort","Parent Relationship": "Outer","Parallel Aware": false,"Async Capable": false,"Startup Cost": 71556.39,"Total Cost": 71562.53,"Plan Rows": 2455,"Plan Width": 252,"Actual Startup Time": 925.044,"Actual Total Time": 925.169,"Actual Rows": 1965,"Actual Loops": 3,"Sort Key": ["n1.n_name", "n2.n_name", "(EXTRACT(year FROM lineitem.l_shipdate))"],"Sort Method": "quicksort","Sort Space Used": 255,"Sort Space Type": "Memory","Workers": [{"Worker Number": 0,"Sort Method": "quicksort","Sort Space Used": 263,"Sort Space Type": "Memory"},{"Worker Number": 1,"Sort Method": "quicksort","Sort Space Used": 272,"Sort Space Type": "Memory"}],"Plans": [{"Node Type": "Hash Join","Parent Relationship": "Outer","Parallel Aware": false,"Async Capable": false,"Join Type": "Inner","Startup Cost": 366.16,"Total Cost": 71418.15,"Plan Rows": 2455,"Plan Width": 252,"Actual Startup Time": 10.653,"Actual Total Time": 923.200,"Actual Rows": 1965,"Actual Loops": 3,"Inner Unique": false,"Hash Cond": "(lineitem.l_suppkey = supplier.s_suppkey)","Join Filter": "(((n1.n_name = 'VIETNAM'::bpchar) AND (n2.n_name = 'BRAZIL'::bpchar)) OR ((n1.n_name = 'BRAZIL'::bpchar) AND (n2.n_name = 'VIETNAM'::bpchar)))","Rows Removed by Join Filter": 1941,"Workers": [],"Plans": [{"Node Type": "Nested Loop","Parent Relationship": "Outer","Parallel Aware": false,"Async Capable": false,"Join Type": "Inner","Startup Cost": 2.26,"Total Cost": 70727.78,"Plan Rows": 60250,"Plan Width": 124,"Actual Startup Time": 0.969,"Actual Total Time": 908.516,"Actual Rows": 49037,"Actual Loops": 3,"Inner Unique": false,"Workers": [],"Plans": [{"Node Type": "Nested Loop","Parent Relationship": "Outer","Parallel Aware": false,"Async Capable": false,"Join Type": "Inner","Startup Cost": 1.83,"Total Cost": 12400.01,"Plan Rows": 49000,"Plan Width": 108,"Actual Startup Time": 0.360,"Actual Total Time": 229.036,"Actual Rows": 40161,"Actual Loops": 3,"Inner Unique": false,"Workers": [],"Plans": [{"Node Type": "Hash Join","Parent Relationship": "Outer","Parallel Aware": false,"Async Capable": false,"Join Type": "Inner","Startup Cost": 1.40,"Total Cost": 4403.27,"Plan Rows": 4900,"Plan Width": 108,"Actual Startup Time": 0.222,"Actual Total Time": 48.446,"Actual Rows": 4002,"Actual Loops": 3,"Inner Unique": true,"Hash Cond": "(customer.c_nationkey = n2.n_nationkey)","Workers": [],"Plans": [{"Node Type": "Seq Scan","Parent Relationship": "Outer","Parallel Aware": true,"Async Capable": false,"Relation Name": "customer","Alias": "customer","Startup Cost": 0.00,"Total Cost": 4210.00,"Plan Rows": 62500,"Plan Width": 8,"Actual Startup Time": 0.013,"Actual Total Time": 9.589,"Actual Rows": 50000,"Actual Loops": 3,"Workers": []},{"Node Type": "Hash","Parent Relationship": "Inner","Parallel Aware": false,"Async Capable": false,"Startup Cost": 1.38,"Total Cost": 1.38,"Plan Rows": 2,"Plan Width": 108,"Actual Startup Time": 0.094,"Actual Total Time": 0.100,"Actual Rows": 2,"Actual Loops": 3,"Hash Buckets": 1024,"Original Hash Buckets": 1024,"Hash Batches": 1,"Original Hash Batches": 1,"Peak Memory Usage": 9,"Workers": [],"Plans": [{"Node Type": "Seq Scan","Parent Relationship": "Outer","Parallel Aware": false,"Async Capable": false,"Relation Name": "nation","Alias": "n2","Startup Cost": 0.00,"Total Cost": 1.38,"Plan Rows": 2,"Plan Width": 108,"Actual Startup Time": 0.064,"Actual Total Time": 0.073,"Actual Rows": 2,"Actual Loops": 3,"Filter": "((n_name = 'BRAZIL'::bpchar) OR (n_name = 'VIETNAM'::bpchar))","Rows Removed by Filter": 23,"Workers": []}]}]},{"Node Type": "Index Scan","Parent Relationship": "Inner","Parallel Aware": false,"Async Capable": false,"Scan Direction": "Forward","Index Name": "idx_orders_custkey","Relation Name": "orders","Alias": "orders","Startup Cost": 0.43,"Total Cost": 1.46,"Plan Rows": 17,"Plan Width": 8,"Actual Startup Time": 0.007,"Actual Total Time": 0.044,"Actual Rows": 10,"Actual Loops": 12007,"Index Cond": "(o_custkey = customer.c_custkey)","Rows Removed by Index Recheck": 0,"Workers": []}]},{"Node Type": "Index Scan","Parent Relationship": "Inner","Parallel Aware": false,"Async Capable": false,"Scan Direction": "Forward","Index Name": "idx_lineitem_orderkey","Relation Name": "lineitem","Alias": "lineitem","Startup Cost": 0.43,"Total Cost": 1.14,"Plan Rows": 5,"Plan Width": 24,"Actual Startup Time": 0.016,"Actual Total Time": 0.017,"Actual Rows": 1,"Actual Loops": 120484,"Index Cond": "(l_orderkey = orders.o_orderkey)","Rows Removed by Index Recheck": 0,"Filter": "((l_shipdate >= '1995-01-01'::date) AND (l_shipdate <= '1996-12-31'::date))","Rows Removed by Filter": 3,"Workers": []}]},{"Node Type": "Hash","Parent Relationship": "Inner","Parallel Aware": false,"Async Capable": false,"Startup Cost": 354.10,"Total Cost": 354.10,"Plan Rows": 784,"Plan Width": 108,"Actual Startup Time": 7.453,"Actual Total Time": 7.470,"Actual Rows": 796,"Actual Loops": 3,"Hash Buckets": 1024,"Original Hash Buckets": 1024,"Hash Batches": 1,"Original Hash Batches": 1,"Peak Memory Usage": 57,"Workers": [],"Plans": [{"Node Type": "Hash Join","Parent Relationship": "Outer","Parallel Aware": false,"Async Capable": false,"Join Type": "Inner","Startup Cost": 1.40,"Total Cost": 354.10,"Plan Rows": 784,"Plan Width": 108,"Actual Startup Time": 0.068,"Actual Total Time": 7.305,"Actual Rows": 796,"Actual Loops": 3,"Inner Unique": true,"Hash Cond": "(supplier.s_nationkey = n1.n_nationkey)","Workers": [],"Plans": [{"Node Type": "Seq Scan","Parent Relationship": "Outer","Parallel Aware": false,"Async Capable": false,"Relation Name": "supplier","Alias": "supplier","Startup Cost": 0.00,"Total Cost": 322.00,"Plan Rows": 10000,"Plan Width": 8,"Actual Startup Time": 0.023,"Actual Total Time": 3.428,"Actual Rows": 10000,"Actual Loops": 3,"Workers": []},{"Node Type": "Hash","Parent Relationship": "Inner","Parallel Aware": false,"Async Capable": false,"Startup Cost": 1.38,"Total Cost": 1.38,"Plan Rows": 2,"Plan Width": 108,"Actual Startup Time": 0.011,"Actual Total Time": 0.016,"Actual Rows": 2,"Actual Loops": 3,"Hash Buckets": 1024,"Original Hash Buckets": 1024,"Hash Batches": 1,"Original Hash Batches": 1,"Peak Memory Usage": 9,"Workers": [],"Plans": [{"Node Type": "Seq Scan","Parent Relationship": "Outer","Parallel Aware": false,"Async Capable": false,"Relation Name": "nation","Alias": "n1","Startup Cost": 0.00,"Total Cost": 1.38,"Plan Rows": 2,"Plan Width": 108,"Actual Startup Time": 0.003,"Actual Total Time": 0.008,"Actual Rows": 2,"Actual Loops": 3,"Filter": "((n_name = 'VIETNAM'::bpchar) OR (n_name = 'BRAZIL'::bpchar))","Rows Removed by Filter": 23,"Workers": []}]}]}]}]}]}]}]}]},"Planning Time": 9.421,"Triggers": [],"Execution Time": 987.982}]
[{"Plan": {"Node Type": "Aggregate","Strategy": "Sorted","Partial Mode": "Finalize","Parallel Aware": false,"Async Capable": false,"Startup Cost": 72556.41,"Total Cost": 73352.71,"Plan Rows": 5893,"Plan Width": 272,"Actual Startup Time": 931.499,"Actual Total Time": 986.604,"Actual Rows": 4,"Actual Loops": 1,"Group Key": ["n1.n_name", "n2.n_name", "(EXTRACT(year FROM lineitem.l_shipdate))"],"Plans": [{"Node Type": "Gather Merge","Parent Relationship": "Outer","Parallel Aware": false,"Async Capable": false,"Startup Cost": 72556.41,"Total Cost": 73202.94,"Plan Rows": 4910,"Plan Width": 272,"Actual Startup Time": 931.210,"Actual Total Time": 986.544,"Actual Rows": 12,"Actual Loops": 1,"Workers Planned": 2,"Workers Launched": 2,"Plans": [{"Node Type": "Aggregate","Strategy": "Sorted","Partial Mode": "Partial","Parent Relationship": "Outer","Parallel Aware": false,"Async Capable": false,"Startup Cost": 71556.39,"Total Cost": 71636.18,"Plan Rows": 2455,"Plan Width": 272,"Actual Startup Time": 922.772,"Actual Total Time": 923.439,"Actual Rows": 4,"Actual Loops": 3,"Group Key": ["n1.n_name", "n2.n_name", "(EXTRACT(year FROM lineitem.l_shipdate))"],"Workers": [],"Plans": [{"Node Type": "Sort","Parent Relationship": "Outer","Parallel Aware": false,"Async Capable": false,"Startup Cost": 71556.39,"Total Cost": 71562.53,"Plan Rows": 2455,"Plan Width": 252,"Actual Startup Time": 922.507,"Actual Total Time": 922.612,"Actual Rows": 1932,"Actual Loops": 3,"Sort Key": ["n1.n_name", "n2.n_name", "(EXTRACT(year FROM lineitem.l_shipdate))"],"Sort Method": "quicksort","Sort Space Used": 262,"Sort Space Type": "Memory","Workers": [{"Worker Number": 0,"Sort Method": "quicksort","Sort Space Used": 259,"Sort Space Type": "Memory"},{"Worker Number": 1,"Sort Method": "quicksort","Sort Space Used": 259,"Sort Space Type": "Memory"}],"Plans": [{"Node Type": "Hash Join","Parent Relationship": "Outer","Parallel Aware": false,"Async Capable": false,"Join Type": "Inner","Startup Cost": 366.16,"Total Cost": 71418.15,"Plan Rows": 2455,"Plan Width": 252,"Actual Startup Time": 10.417,"Actual Total Time": 920.638,"Actual Rows": 1932,"Actual Loops": 3,"Inner Unique": false,"Hash Cond": "(lineitem.l_suppkey = supplier.s_suppkey)","Join Filter": "(((n1.n_name = 'ETHIOPIA'::bpchar) AND (n2.n_name = 'CHINA'::bpchar)) OR ((n1.n_name = 'CHINA'::bpchar) AND (n2.n_name = 'ETHIOPIA'::bpchar)))","Rows Removed by Join Filter": 1923,"Workers": [],"Plans": [{"Node Type": "Nested Loop","Parent Relationship": "Outer","Parallel Aware": false,"Async Capable": false,"Join Type": "Inner","Startup Cost": 2.26,"Total Cost": 70727.78,"Plan Rows": 60250,"Plan Width": 124,"Actual Startup Time": 0.664,"Actual Total Time": 905.107,"Actual Rows": 48869,"Actual Loops": 3,"Inner Unique": false,"Workers": [],"Plans": [{"Node Type": "Nested Loop","Parent Relationship": "Outer","Parallel Aware": false,"Async Capable": false,"Join Type": "Inner","Startup Cost": 1.83,"Total Cost": 12400.01,"Plan Rows": 49000,"Plan Width": 108,"Actual Startup Time": 0.328,"Actual Total Time": 227.044,"Actual Rows": 40163,"Actual Loops": 3,"Inner Unique": false,"Workers": [],"Plans": [{"Node Type": "Hash Join","Parent Relationship": "Outer","Parallel Aware": false,"Async Capable": false,"Join Type": "Inner","Startup Cost": 1.40,"Total Cost": 4403.27,"Plan Rows": 4900,"Plan Width": 108,"Actual Startup Time": 0.203,"Actual Total Time": 46.538,"Actual Rows": 3992,"Actual Loops": 3,"Inner Unique": true,"Hash Cond": "(customer.c_nationkey = n2.n_nationkey)","Workers": [],"Plans": [{"Node Type": "Seq Scan","Parent Relationship": "Outer","Parallel Aware": true,"Async Capable": false,"Relation Name": "customer","Alias": "customer","Startup Cost": 0.00,"Total Cost": 4210.00,"Plan Rows": 62500,"Plan Width": 8,"Actual Startup Time": 0.015,"Actual Total Time": 9.574,"Actual Rows": 50000,"Actual Loops": 3,"Workers": []},{"Node Type": "Hash","Parent Relationship": "Inner","Parallel Aware": false,"Async Capable": false,"Startup Cost": 1.38,"Total Cost": 1.38,"Plan Rows": 2,"Plan Width": 108,"Actual Startup Time": 0.084,"Actual Total Time": 0.091,"Actual Rows": 2,"Actual Loops": 3,"Hash Buckets": 1024,"Original Hash Buckets": 1024,"Hash Batches": 1,"Original Hash Batches": 1,"Peak Memory Usage": 9,"Workers": [],"Plans": [{"Node Type": "Seq Scan","Parent Relationship": "Outer","Parallel Aware": false,"Async Capable": false,"Relation Name": "nation","Alias": "n2","Startup Cost": 0.00,"Total Cost": 1.38,"Plan Rows": 2,"Plan Width": 108,"Actual Startup Time": 0.059,"Actual Total Time": 0.068,"Actual Rows": 2,"Actual Loops": 3,"Filter": "((n_name = 'CHINA'::bpchar) OR (n_name = 'ETHIOPIA'::bpchar))","Rows Removed by Filter": 23,"Workers": []}]}]},{"Node Type": "Index Scan","Parent Relationship": "Inner","Parallel Aware": false,"Async Capable": false,"Scan Direction": "Forward","Index Name": "idx_orders_custkey","Relation Name": "orders","Alias": "orders","Startup Cost": 0.43,"Total Cost": 1.46,"Plan Rows": 17,"Plan Width": 8,"Actual Startup Time": 0.007,"Actual Total Time": 0.044,"Actual Rows": 10,"Actual Loops": 11976,"Index Cond": "(o_custkey = customer.c_custkey)","Rows Removed by Index Recheck": 0,"Workers": []}]},{"Node Type": "Index Scan","Parent Relationship": "Inner","Parallel Aware": false,"Async Capable": false,"Scan Direction": "Forward","Index Name": "idx_lineitem_orderkey","Relation Name": "lineitem","Alias": "lineitem","Startup Cost": 0.43,"Total Cost": 1.14,"Plan Rows": 5,"Plan Width": 24,"Actual Startup Time": 0.016,"Actual Total Time": 0.017,"Actual Rows": 1,"Actual Loops": 120490,"Index Cond": "(l_orderkey = orders.o_orderkey)","Rows Removed by Index Recheck": 0,"Filter": "((l_shipdate >= '1995-01-01'::date) AND (l_shipdate <= '1996-12-31'::date))","Rows Removed by Filter": 3,"Workers": []}]},{"Node Type": "Hash","Parent Relationship": "Inner","Parallel Aware": false,"Async Capable": false,"Startup Cost": 354.10,"Total Cost": 354.10,"Plan Rows": 784,"Plan Width": 108,"Actual Startup Time": 7.951,"Actual Total Time": 7.960,"Actual Rows": 787,"Actual Loops": 3,"Hash Buckets": 1024,"Original Hash Buckets": 1024,"Hash Batches": 1,"Original Hash Batches": 1,"Peak Memory Usage": 56,"Workers": [],"Plans": [{"Node Type": "Hash Join","Parent Relationship": "Outer","Parallel Aware": false,"Async Capable": false,"Join Type": "Inner","Startup Cost": 1.40,"Total Cost": 354.10,"Plan Rows": 784,"Plan Width": 108,"Actual Startup Time": 0.090,"Actual Total Time": 7.757,"Actual Rows": 787,"Actual Loops": 3,"Inner Unique": true,"Hash Cond": "(supplier.s_nationkey = n1.n_nationkey)","Workers": [],"Plans": [{"Node Type": "Seq Scan","Parent Relationship": "Outer","Parallel Aware": false,"Async Capable": false,"Relation Name": "supplier","Alias": "supplier","Startup Cost": 0.00,"Total Cost": 322.00,"Plan Rows": 10000,"Plan Width": 8,"Actual Startup Time": 0.034,"Actual Total Time": 4.201,"Actual Rows": 10000,"Actual Loops": 3,"Workers": []},{"Node Type": "Hash","Parent Relationship": "Inner","Parallel Aware": false,"Async Capable": false,"Startup Cost": 1.38,"Total Cost": 1.38,"Plan Rows": 2,"Plan Width": 108,"Actual Startup Time": 0.019,"Actual Total Time": 0.023,"Actual Rows": 2,"Actual Loops": 3,"Hash Buckets": 1024,"Original Hash Buckets": 1024,"Hash Batches": 1,"Original Hash Batches": 1,"Peak Memory Usage": 9,"Workers": [],"Plans": [{"Node Type": "Seq Scan","Parent Relationship": "Outer","Parallel Aware": false,"Async Capable": false,"Relation Name": "nation","Alias": "n1","Startup Cost": 0.00,"Total Cost": 1.38,"Plan Rows": 2,"Plan Width": 108,"Actual Startup Time": 0.007,"Actual Total Time": 0.014,"Actual Rows": 2,"Actual Loops": 3,"Filter": "((n_name = 'ETHIOPIA'::bpchar) OR (n_name = 'CHINA'::bpchar))","Rows Removed by Filter": 23,"Workers": []}]}]}]}]}]}]}]}]},"Planning Time": 9.874,"Triggers": [],"Execution Time": 987.050}]
[{"Plan": {"Node Type": "Aggregate","Strategy": "Sorted","Partial Mode": "Finalize","Parallel Aware": false,"Async Capable": false,"Startup Cost": 72556.41,"Total Cost": 73352.71,"Plan Rows": 5893,"Plan Width": 272,"Actual Startup Time": 910.065,"Actual Total Time": 953.642,"Actual Rows": 4,"Actual Loops": 1,"Group Key": ["n1.n_name", "n2.n_name", "(EXTRACT(year FROM lineitem.l_shipdate))"],"Plans": [{"Node Type": "Gather Merge","Parent Relationship": "Outer","Parallel Aware": false,"Async Capable": false,"Startup Cost": 72556.41,"Total Cost": 73202.94,"Plan Rows": 4910,"Plan Width": 272,"Actual Startup Time": 909.119,"Actual Total Time": 953.552,"Actual Rows": 12,"Actual Loops": 1,"Workers Planned": 2,"Workers Launched": 2,"Plans": [{"Node Type": "Aggregate","Strategy": "Sorted","Partial Mode": "Partial","Parent Relationship": "Outer","Parallel Aware": false,"Async Capable": false,"Startup Cost": 71556.39,"Total Cost": 71636.18,"Plan Rows": 2455,"Plan Width": 272,"Actual Startup Time": 901.074,"Actual Total Time": 902.085,"Actual Rows": 4,"Actual Loops": 3,"Group Key": ["n1.n_name", "n2.n_name", "(EXTRACT(year FROM lineitem.l_shipdate))"],"Workers": [],"Plans": [{"Node Type": "Sort","Parent Relationship": "Outer","Parallel Aware": false,"Async Capable": false,"Startup Cost": 71556.39,"Total Cost": 71562.53,"Plan Rows": 2455,"Plan Width": 252,"Actual Startup Time": 900.791,"Actual Total Time": 900.927,"Actual Rows": 2048,"Actual Loops": 3,"Sort Key": ["n1.n_name", "n2.n_name", "(EXTRACT(year FROM lineitem.l_shipdate))"],"Sort Method": "quicksort","Sort Space Used": 328,"Sort Space Type": "Memory","Workers": [{"Worker Number": 0,"Sort Method": "quicksort","Sort Space Used": 264,"Sort Space Type": "Memory"},{"Worker Number": 1,"Sort Method": "quicksort","Sort Space Used": 322,"Sort Space Type": "Memory"}],"Plans": [{"Node Type": "Hash Join","Parent Relationship": "Outer","Parallel Aware": false,"Async Capable": false,"Join Type": "Inner","Startup Cost": 366.16,"Total Cost": 71418.15,"Plan Rows": 2455,"Plan Width": 252,"Actual Startup Time": 14.020,"Actual Total Time": 898.809,"Actual Rows": 2048,"Actual Loops": 3,"Inner Unique": false,"Hash Cond": "(lineitem.l_suppkey = supplier.s_suppkey)","Join Filter": "(((n1.n_name = 'PERU'::bpchar) AND (n2.n_name = 'IRAQ'::bpchar)) OR ((n1.n_name = 'IRAQ'::bpchar) AND (n2.n_name = 'PERU'::bpchar)))","Rows Removed by Join Filter": 2098,"Workers": [],"Plans": [{"Node Type": "Nested Loop","Parent Relationship": "Outer","Parallel Aware": false,"Async Capable": false,"Join Type": "Inner","Startup Cost": 2.26,"Total Cost": 70727.78,"Plan Rows": 60250,"Plan Width": 124,"Actual Startup Time": 0.830,"Actual Total Time": 880.658,"Actual Rows": 47883,"Actual Loops": 3,"Inner Unique": false,"Workers": [],"Plans": [{"Node Type": "Nested Loop","Parent Relationship": "Outer","Parallel Aware": false,"Async Capable": false,"Join Type": "Inner","Startup Cost": 1.83,"Total Cost": 12400.01,"Plan Rows": 49000,"Plan Width": 108,"Actual Startup Time": 0.294,"Actual Total Time": 219.660,"Actual Rows": 39307,"Actual Loops": 3,"Inner Unique": false,"Workers": [],"Plans": [{"Node Type": "Hash Join","Parent Relationship": "Outer","Parallel Aware": false,"Async Capable": false,"Join Type": "Inner","Startup Cost": 1.40,"Total Cost": 4403.27,"Plan Rows": 4900,"Plan Width": 108,"Actual Startup Time": 0.188,"Actual Total Time": 44.408,"Actual Rows": 3979,"Actual Loops": 3,"Inner Unique": true,"Hash Cond": "(customer.c_nationkey = n2.n_nationkey)","Workers": [],"Plans": [{"Node Type": "Seq Scan","Parent Relationship": "Outer","Parallel Aware": true,"Async Capable": false,"Relation Name": "customer","Alias": "customer","Startup Cost": 0.00,"Total Cost": 4210.00,"Plan Rows": 62500,"Plan Width": 8,"Actual Startup Time": 0.013,"Actual Total Time": 9.000,"Actual Rows": 50000,"Actual Loops": 3,"Workers": []},{"Node Type": "Hash","Parent Relationship": "Inner","Parallel Aware": false,"Async Capable": false,"Startup Cost": 1.38,"Total Cost": 1.38,"Plan Rows": 2,"Plan Width": 108,"Actual Startup Time": 0.084,"Actual Total Time": 0.090,"Actual Rows": 2,"Actual Loops": 3,"Hash Buckets": 1024,"Original Hash Buckets": 1024,"Hash Batches": 1,"Original Hash Batches": 1,"Peak Memory Usage": 9,"Workers": [],"Plans": [{"Node Type": "Seq Scan","Parent Relationship": "Outer","Parallel Aware": false,"Async Capable": false,"Relation Name": "nation","Alias": "n2","Startup Cost": 0.00,"Total Cost": 1.38,"Plan Rows": 2,"Plan Width": 108,"Actual Startup Time": 0.067,"Actual Total Time": 0.073,"Actual Rows": 2,"Actual Loops": 3,"Filter": "((n_name = 'IRAQ'::bpchar) OR (n_name = 'PERU'::bpchar))","Rows Removed by Filter": 23,"Workers": []}]}]},{"Node Type": "Index Scan","Parent Relationship": "Inner","Parallel Aware": false,"Async Capable": false,"Scan Direction": "Forward","Index Name": "idx_orders_custkey","Relation Name": "orders","Alias": "orders","Startup Cost": 0.43,"Total Cost": 1.46,"Plan Rows": 17,"Plan Width": 8,"Actual Startup Time": 0.007,"Actual Total Time": 0.043,"Actual Rows": 10,"Actual Loops": 11938,"Index Cond": "(o_custkey = customer.c_custkey)","Rows Removed by Index Recheck": 0,"Workers": []}]},{"Node Type": "Index Scan","Parent Relationship": "Inner","Parallel Aware": false,"Async Capable": false,"Scan Direction": "Forward","Index Name": "idx_lineitem_orderkey","Relation Name": "lineitem","Alias": "lineitem","Startup Cost": 0.43,"Total Cost": 1.14,"Plan Rows": 5,"Plan Width": 24,"Actual Startup Time": 0.016,"Actual Total Time": 0.017,"Actual Rows": 1,"Actual Loops": 117920,"Index Cond": "(l_orderkey = orders.o_orderkey)","Rows Removed by Index Recheck": 0,"Filter": "((l_shipdate >= '1995-01-01'::date) AND (l_shipdate <= '1996-12-31'::date))","Rows Removed by Filter": 3,"Workers": []}]},{"Node Type": "Hash","Parent Relationship": "Inner","Parallel Aware": false,"Async Capable": false,"Startup Cost": 354.10,"Total Cost": 354.10,"Plan Rows": 784,"Plan Width": 108,"Actual Startup Time": 11.126,"Actual Total Time": 11.142,"Actual Rows": 859,"Actual Loops": 3,"Hash Buckets": 1024,"Original Hash Buckets": 1024,"Hash Batches": 1,"Original Hash Batches": 1,"Peak Memory Usage": 61,"Workers": [],"Plans": [{"Node Type": "Hash Join","Parent Relationship": "Outer","Parallel Aware": false,"Async Capable": false,"Join Type": "Inner","Startup Cost": 1.40,"Total Cost": 354.10,"Plan Rows": 784,"Plan Width": 108,"Actual Startup Time": 0.079,"Actual Total Time": 10.908,"Actual Rows": 859,"Actual Loops": 3,"Inner Unique": true,"Hash Cond": "(supplier.s_nationkey = n1.n_nationkey)","Workers": [],"Plans": [{"Node Type": "Seq Scan","Parent Relationship": "Outer","Parallel Aware": false,"Async Capable": false,"Relation Name": "supplier","Alias": "supplier","Startup Cost": 0.00,"Total Cost": 322.00,"Plan Rows": 10000,"Plan Width": 8,"Actual Startup Time": 0.032,"Actual Total Time": 4.425,"Actual Rows": 10000,"Actual Loops": 3,"Workers": []},{"Node Type": "Hash","Parent Relationship": "Inner","Parallel Aware": false,"Async Capable": false,"Startup Cost": 1.38,"Total Cost": 1.38,"Plan Rows": 2,"Plan Width": 108,"Actual Startup Time": 0.019,"Actual Total Time": 0.024,"Actual Rows": 2,"Actual Loops": 3,"Hash Buckets": 1024,"Original Hash Buckets": 1024,"Hash Batches": 1,"Original Hash Batches": 1,"Peak Memory Usage": 9,"Workers": [],"Plans": [{"Node Type": "Seq Scan","Parent Relationship": "Outer","Parallel Aware": false,"Async Capable": false,"Relation Name": "nation","Alias": "n1","Startup Cost": 0.00,"Total Cost": 1.38,"Plan Rows": 2,"Plan Width": 108,"Actual Startup Time": 0.008,"Actual Total Time": 0.014,"Actual Rows": 2,"Actual Loops": 3,"Filter": "((n_name = 'PERU'::bpchar) OR (n_name = 'IRAQ'::bpchar))","Rows Removed by Filter": 23,"Workers": []}]}]}]}]}]}]}]}]},"Planning Time": 7.632,"Triggers": [],"Execution Time": 954.075}]
[{"Plan": {"Node Type": "Aggregate","Strategy": "Sorted","Partial Mode": "Finalize","Parallel Aware": false,"Async Capable": false,"Startup Cost": 72556.41,"Total Cost": 73352.71,"Plan Rows": 5893,"Plan Width": 272,"Actual Startup Time": 914.508,"Actual Total Time": 967.286,"Actual Rows": 4,"Actual Loops": 1,"Group Key": ["n1.n_name", "n2.n_name", "(EXTRACT(year FROM lineitem.l_shipdate))"],"Plans": [{"Node Type": "Gather Merge","Parent Relationship": "Outer","Parallel Aware": false,"Async Capable": false,"Startup Cost": 72556.41,"Total Cost": 73202.94,"Plan Rows": 4910,"Plan Width": 272,"Actual Startup Time": 913.993,"Actual Total Time": 967.220,"Actual Rows": 12,"Actual Loops": 1,"Workers Planned": 2,"Workers Launched": 2,"Plans": [{"Node Type": "Aggregate","Strategy": "Sorted","Partial Mode": "Partial","Parent Relationship": "Outer","Parallel Aware": false,"Async Capable": false,"Startup Cost": 71556.39,"Total Cost": 71636.18,"Plan Rows": 2455,"Plan Width": 272,"Actual Startup Time": 905.958,"Actual Total Time": 906.728,"Actual Rows": 4,"Actual Loops": 3,"Group Key": ["n1.n_name", "n2.n_name", "(EXTRACT(year FROM lineitem.l_shipdate))"],"Workers": [],"Plans": [{"Node Type": "Sort","Parent Relationship": "Outer","Parallel Aware": false,"Async Capable": false,"Startup Cost": 71556.39,"Total Cost": 71562.53,"Plan Rows": 2455,"Plan Width": 252,"Actual Startup Time": 905.694,"Actual Total Time": 905.813,"Actual Rows": 1915,"Actual Loops": 3,"Sort Key": ["n1.n_name", "n2.n_name", "(EXTRACT(year FROM lineitem.l_shipdate))"],"Sort Method": "quicksort","Sort Space Used": 259,"Sort Space Type": "Memory","Workers": [{"Worker Number": 0,"Sort Method": "quicksort","Sort Space Used": 269,"Sort Space Type": "Memory"},{"Worker Number": 1,"Sort Method": "quicksort","Sort Space Used": 246,"Sort Space Type": "Memory"}],"Plans": [{"Node Type": "Hash Join","Parent Relationship": "Outer","Parallel Aware": false,"Async Capable": false,"Join Type": "Inner","Startup Cost": 366.16,"Total Cost": 71418.15,"Plan Rows": 2455,"Plan Width": 252,"Actual Startup Time": 9.135,"Actual Total Time": 903.938,"Actual Rows": 1915,"Actual Loops": 3,"Inner Unique": false,"Hash Cond": "(lineitem.l_suppkey = supplier.s_suppkey)","Join Filter": "(((n1.n_name = 'KENYA'::bpchar) AND (n2.n_name = 'BRAZIL'::bpchar)) OR ((n1.n_name = 'BRAZIL'::bpchar) AND (n2.n_name = 'KENYA'::bpchar)))","Rows Removed by Join Filter": 1832,"Workers": [],"Plans": [{"Node Type": "Nested Loop","Parent Relationship": "Outer","Parallel Aware": false,"Async Capable": false,"Join Type": "Inner","Startup Cost": 2.26,"Total Cost": 70727.78,"Plan Rows": 60250,"Plan Width": 124,"Actual Startup Time": 0.624,"Actual Total Time": 890.294,"Actual Rows": 48148,"Actual Loops": 3,"Inner Unique": false,"Workers": [],"Plans": [{"Node Type": "Nested Loop","Parent Relationship": "Outer","Parallel Aware": false,"Async Capable": false,"Join Type": "Inner","Startup Cost": 1.83,"Total Cost": 12400.01,"Plan Rows": 49000,"Plan Width": 108,"Actual Startup Time": 0.202,"Actual Total Time": 223.980,"Actual Rows": 39692,"Actual Loops": 3,"Inner Unique": false,"Workers": [],"Plans": [{"Node Type": "Hash Join","Parent Relationship": "Outer","Parallel Aware": false,"Async Capable": false,"Join Type": "Inner","Startup Cost": 1.40,"Total Cost": 4403.27,"Plan Rows": 4900,"Plan Width": 108,"Actual Startup Time": 0.131,"Actual Total Time": 46.920,"Actual Rows": 3997,"Actual Loops": 3,"Inner Unique": true,"Hash Cond": "(customer.c_nationkey = n2.n_nationkey)","Workers": [],"Plans": [{"Node Type": "Seq Scan","Parent Relationship": "Outer","Parallel Aware": true,"Async Capable": false,"Relation Name": "customer","Alias": "customer","Startup Cost": 0.00,"Total Cost": 4210.00,"Plan Rows": 62500,"Plan Width": 8,"Actual Startup Time": 0.008,"Actual Total Time": 9.462,"Actual Rows": 50000,"Actual Loops": 3,"Workers": []},{"Node Type": "Hash","Parent Relationship": "Inner","Parallel Aware": false,"Async Capable": false,"Startup Cost": 1.38,"Total Cost": 1.38,"Plan Rows": 2,"Plan Width": 108,"Actual Startup Time": 0.058,"Actual Total Time": 0.062,"Actual Rows": 2,"Actual Loops": 3,"Hash Buckets": 1024,"Original Hash Buckets": 1024,"Hash Batches": 1,"Original Hash Batches": 1,"Peak Memory Usage": 9,"Workers": [],"Plans": [{"Node Type": "Seq Scan","Parent Relationship": "Outer","Parallel Aware": false,"Async Capable": false,"Relation Name": "nation","Alias": "n2","Startup Cost": 0.00,"Total Cost": 1.38,"Plan Rows": 2,"Plan Width": 108,"Actual Startup Time": 0.042,"Actual Total Time": 0.047,"Actual Rows": 2,"Actual Loops": 3,"Filter": "((n_name = 'BRAZIL'::bpchar) OR (n_name = 'KENYA'::bpchar))","Rows Removed by Filter": 23,"Workers": []}]}]},{"Node Type": "Index Scan","Parent Relationship": "Inner","Parallel Aware": false,"Async Capable": false,"Scan Direction": "Forward","Index Name": "idx_orders_custkey","Relation Name": "orders","Alias": "orders","Startup Cost": 0.43,"Total Cost": 1.46,"Plan Rows": 17,"Plan Width": 8,"Actual Startup Time": 0.007,"Actual Total Time": 0.043,"Actual Rows": 10,"Actual Loops": 11991,"Index Cond": "(o_custkey = customer.c_custkey)","Rows Removed by Index Recheck": 0,"Workers": []}]},{"Node Type": "Index Scan","Parent Relationship": "Inner","Parallel Aware": false,"Async Capable": false,"Scan Direction": "Forward","Index Name": "idx_lineitem_orderkey","Relation Name": "lineitem","Alias": "lineitem","Startup Cost": 0.43,"Total Cost": 1.14,"Plan Rows": 5,"Plan Width": 24,"Actual Startup Time": 0.016,"Actual Total Time": 0.017,"Actual Rows": 1,"Actual Loops": 119077,"Index Cond": "(l_orderkey = orders.o_orderkey)","Rows Removed by Index Recheck": 0,"Filter": "((l_shipdate >= '1995-01-01'::date) AND (l_shipdate <= '1996-12-31'::date))","Rows Removed by Filter": 3,"Workers": []}]},{"Node Type": "Hash","Parent Relationship": "Inner","Parallel Aware": false,"Async Capable": false,"Startup Cost": 354.10,"Total Cost": 354.10,"Plan Rows": 784,"Plan Width": 108,"Actual Startup Time": 6.670,"Actual Total Time": 6.687,"Actual Rows": 773,"Actual Loops": 3,"Hash Buckets": 1024,"Original Hash Buckets": 1024,"Hash Batches": 1,"Original Hash Batches": 1,"Peak Memory Usage": 55,"Workers": [],"Plans": [{"Node Type": "Hash Join","Parent Relationship": "Outer","Parallel Aware": false,"Async Capable": false,"Join Type": "Inner","Startup Cost": 1.40,"Total Cost": 354.10,"Plan Rows": 784,"Plan Width": 108,"Actual Startup Time": 0.064,"Actual Total Time": 6.521,"Actual Rows": 773,"Actual Loops": 3,"Inner Unique": true,"Hash Cond": "(supplier.s_nationkey = n1.n_nationkey)","Workers": [],"Plans": [{"Node Type": "Seq Scan","Parent Relationship": "Outer","Parallel Aware": false,"Async Capable": false,"Relation Name": "supplier","Alias": "supplier","Startup Cost": 0.00,"Total Cost": 322.00,"Plan Rows": 10000,"Plan Width": 8,"Actual Startup Time": 0.023,"Actual Total Time": 3.257,"Actual Rows": 10000,"Actual Loops": 3,"Workers": []},{"Node Type": "Hash","Parent Relationship": "Inner","Parallel Aware": false,"Async Capable": false,"Startup Cost": 1.38,"Total Cost": 1.38,"Plan Rows": 2,"Plan Width": 108,"Actual Startup Time": 0.012,"Actual Total Time": 0.019,"Actual Rows": 2,"Actual Loops": 3,"Hash Buckets": 1024,"Original Hash Buckets": 1024,"Hash Batches": 1,"Original Hash Batches": 1,"Peak Memory Usage": 9,"Workers": [],"Plans": [{"Node Type": "Seq Scan","Parent Relationship": "Outer","Parallel Aware": false,"Async Capable": false,"Relation Name": "nation","Alias": "n1","Startup Cost": 0.00,"Total Cost": 1.38,"Plan Rows": 2,"Plan Width": 108,"Actual Startup Time": 0.004,"Actual Total Time": 0.010,"Actual Rows": 2,"Actual Loops": 3,"Filter": "((n_name = 'KENYA'::bpchar) OR (n_name = 'BRAZIL'::bpchar))","Rows Removed by Filter": 23,"Workers": []}]}]}]}]}]}]}]}]},"Planning Time": 9.185,"Triggers": [],"Execution Time": 967.777}]
[{"Plan": {"Node Type": "Aggregate","Strategy": "Sorted","Partial Mode": "Finalize","Parallel Aware": false,"Async Capable": false,"Startup Cost": 72556.41,"Total Cost": 73352.71,"Plan Rows": 5893,"Plan Width": 272,"Actual Startup Time": 927.563,"Actual Total Time": 981.803,"Actual Rows": 4,"Actual Loops": 1,"Group Key": ["n1.n_name", "n2.n_name", "(EXTRACT(year FROM lineitem.l_shipdate))"],"Plans": [{"Node Type": "Gather Merge","Parent Relationship": "Outer","Parallel Aware": false,"Async Capable": false,"Startup Cost": 72556.41,"Total Cost": 73202.94,"Plan Rows": 4910,"Plan Width": 272,"Actual Startup Time": 926.705,"Actual Total Time": 981.723,"Actual Rows": 12,"Actual Loops": 1,"Workers Planned": 2,"Workers Launched": 2,"Plans": [{"Node Type": "Aggregate","Strategy": "Sorted","Partial Mode": "Partial","Parent Relationship": "Outer","Parallel Aware": false,"Async Capable": false,"Startup Cost": 71556.39,"Total Cost": 71636.18,"Plan Rows": 2455,"Plan Width": 272,"Actual Startup Time": 918.318,"Actual Total Time": 919.257,"Actual Rows": 4,"Actual Loops": 3,"Group Key": ["n1.n_name", "n2.n_name", "(EXTRACT(year FROM lineitem.l_shipdate))"],"Workers": [],"Plans": [{"Node Type": "Sort","Parent Relationship": "Outer","Parallel Aware": false,"Async Capable": false,"Startup Cost": 71556.39,"Total Cost": 71562.53,"Plan Rows": 2455,"Plan Width": 252,"Actual Startup Time": 918.048,"Actual Total Time": 918.167,"Actual Rows": 2080,"Actual Loops": 3,"Sort Key": ["n1.n_name", "n2.n_name", "(EXTRACT(year FROM lineitem.l_shipdate))"],"Sort Method": "quicksort","Sort Space Used": 324,"Sort Space Type": "Memory","Workers": [{"Worker Number": 0,"Sort Method": "quicksort","Sort Space Used": 326,"Sort Space Type": "Memory"},{"Worker Number": 1,"Sort Method": "quicksort","Sort Space Used": 322,"Sort Space Type": "Memory"}],"Plans": [{"Node Type": "Hash Join","Parent Relationship": "Outer","Parallel Aware": false,"Async Capable": false,"Join Type": "Inner","Startup Cost": 366.16,"Total Cost": 71418.15,"Plan Rows": 2455,"Plan Width": 252,"Actual Startup Time": 9.417,"Actual Total Time": 916.044,"Actual Rows": 2080,"Actual Loops": 3,"Inner Unique": false,"Hash Cond": "(lineitem.l_suppkey = supplier.s_suppkey)","Join Filter": "(((n1.n_name = 'IRAQ'::bpchar) AND (n2.n_name = 'CANADA'::bpchar)) OR ((n1.n_name = 'CANADA'::bpchar) AND (n2.n_name = 'IRAQ'::bpchar)))","Rows Removed by Join Filter": 2076,"Workers": [],"Plans": [{"Node Type": "Nested Loop","Parent Relationship": "Outer","Parallel Aware": false,"Async Capable": false,"Join Type": "Inner","Startup Cost": 2.26,"Total Cost": 70727.78,"Plan Rows": 60250,"Plan Width": 124,"Actual Startup Time": 0.500,"Actual Total Time": 900.794,"Actual Rows": 48414,"Actual Loops": 3,"Inner Unique": false,"Workers": [],"Plans": [{"Node Type": "Nested Loop","Parent Relationship": "Outer","Parallel Aware": false,"Async Capable": false,"Join Type": "Inner","Startup Cost": 1.83,"Total Cost": 12400.01,"Plan Rows": 49000,"Plan Width": 108,"Actual Startup Time": 0.335,"Actual Total Time": 227.043,"Actual Rows": 39794,"Actual Loops": 3,"Inner Unique": false,"Workers": [],"Plans": [{"Node Type": "Hash Join","Parent Relationship": "Outer","Parallel Aware": false,"Async Capable": false,"Join Type": "Inner","Startup Cost": 1.40,"Total Cost": 4403.27,"Plan Rows": 4900,"Plan Width": 108,"Actual Startup Time": 0.189,"Actual Total Time": 47.307,"Actual Rows": 3994,"Actual Loops": 3,"Inner Unique": true,"Hash Cond": "(customer.c_nationkey = n2.n_nationkey)","Workers": [],"Plans": [{"Node Type": "Seq Scan","Parent Relationship": "Outer","Parallel Aware": true,"Async Capable": false,"Relation Name": "customer","Alias": "customer","Startup Cost": 0.00,"Total Cost": 4210.00,"Plan Rows": 62500,"Plan Width": 8,"Actual Startup Time": 0.014,"Actual Total Time": 9.654,"Actual Rows": 50000,"Actual Loops": 3,"Workers": []},{"Node Type": "Hash","Parent Relationship": "Inner","Parallel Aware": false,"Async Capable": false,"Startup Cost": 1.38,"Total Cost": 1.38,"Plan Rows": 2,"Plan Width": 108,"Actual Startup Time": 0.078,"Actual Total Time": 0.081,"Actual Rows": 2,"Actual Loops": 3,"Hash Buckets": 1024,"Original Hash Buckets": 1024,"Hash Batches": 1,"Original Hash Batches": 1,"Peak Memory Usage": 9,"Workers": [],"Plans": [{"Node Type": "Seq Scan","Parent Relationship": "Outer","Parallel Aware": false,"Async Capable": false,"Relation Name": "nation","Alias": "n2","Startup Cost": 0.00,"Total Cost": 1.38,"Plan Rows": 2,"Plan Width": 108,"Actual Startup Time": 0.056,"Actual Total Time": 0.065,"Actual Rows": 2,"Actual Loops": 3,"Filter": "((n_name = 'CANADA'::bpchar) OR (n_name = 'IRAQ'::bpchar))","Rows Removed by Filter": 23,"Workers": []}]}]},{"Node Type": "Index Scan","Parent Relationship": "Inner","Parallel Aware": false,"Async Capable": false,"Scan Direction": "Forward","Index Name": "idx_orders_custkey","Relation Name": "orders","Alias": "orders","Startup Cost": 0.43,"Total Cost": 1.46,"Plan Rows": 17,"Plan Width": 8,"Actual Startup Time": 0.007,"Actual Total Time": 0.044,"Actual Rows": 10,"Actual Loops": 11983,"Index Cond": "(o_custkey = customer.c_custkey)","Rows Removed by Index Recheck": 0,"Workers": []}]},{"Node Type": "Index Scan","Parent Relationship": "Inner","Parallel Aware": false,"Async Capable": false,"Scan Direction": "Forward","Index Name": "idx_lineitem_orderkey","Relation Name": "lineitem","Alias": "lineitem","Startup Cost": 0.43,"Total Cost": 1.14,"Plan Rows": 5,"Plan Width": 24,"Actual Startup Time": 0.016,"Actual Total Time": 0.017,"Actual Rows": 1,"Actual Loops": 119382,"Index Cond": "(l_orderkey = orders.o_orderkey)","Rows Removed by Index Recheck": 0,"Filter": "((l_shipdate >= '1995-01-01'::date) AND (l_shipdate <= '1996-12-31'::date))","Rows Removed by Filter": 3,"Workers": []}]},{"Node Type": "Hash","Parent Relationship": "Inner","Parallel Aware": false,"Async Capable": false,"Startup Cost": 354.10,"Total Cost": 354.10,"Plan Rows": 784,"Plan Width": 108,"Actual Startup Time": 7.655,"Actual Total Time": 7.665,"Actual Rows": 850,"Actual Loops": 3,"Hash Buckets": 1024,"Original Hash Buckets": 1024,"Hash Batches": 1,"Original Hash Batches": 1,"Peak Memory Usage": 60,"Workers": [],"Plans": [{"Node Type": "Hash Join","Parent Relationship": "Outer","Parallel Aware": false,"Async Capable": false,"Join Type": "Inner","Startup Cost": 1.40,"Total Cost": 354.10,"Plan Rows": 784,"Plan Width": 108,"Actual Startup Time": 0.085,"Actual Total Time": 7.479,"Actual Rows": 850,"Actual Loops": 3,"Inner Unique": true,"Hash Cond": "(supplier.s_nationkey = n1.n_nationkey)","Workers": [],"Plans": [{"Node Type": "Seq Scan","Parent Relationship": "Outer","Parallel Aware": false,"Async Capable": false,"Relation Name": "supplier","Alias": "supplier","Startup Cost": 0.00,"Total Cost": 322.00,"Plan Rows": 10000,"Plan Width": 8,"Actual Startup Time": 0.033,"Actual Total Time": 3.676,"Actual Rows": 10000,"Actual Loops": 3,"Workers": []},{"Node Type": "Hash","Parent Relationship": "Inner","Parallel Aware": false,"Async Capable": false,"Startup Cost": 1.38,"Total Cost": 1.38,"Plan Rows": 2,"Plan Width": 108,"Actual Startup Time": 0.019,"Actual Total Time": 0.023,"Actual Rows": 2,"Actual Loops": 3,"Hash Buckets": 1024,"Original Hash Buckets": 1024,"Hash Batches": 1,"Original Hash Batches": 1,"Peak Memory Usage": 9,"Workers": [],"Plans": [{"Node Type": "Seq Scan","Parent Relationship": "Outer","Parallel Aware": false,"Async Capable": false,"Relation Name": "nation","Alias": "n1","Startup Cost": 0.00,"Total Cost": 1.38,"Plan Rows": 2,"Plan Width": 108,"Actual Startup Time": 0.006,"Actual Total Time": 0.013,"Actual Rows": 2,"Actual Loops": 3,"Filter": "((n_name = 'IRAQ'::bpchar) OR (n_name = 'CANADA'::bpchar))","Rows Removed by Filter": 23,"Workers": []}]}]}]}]}]}]}]}]},"Planning Time": 9.163,"Triggers": [],"Execution Time": 982.219}]
[{"Plan": {"Node Type": "Aggregate","Strategy": "Sorted","Partial Mode": "Finalize","Parallel Aware": false,"Async Capable": false,"Startup Cost": 72556.41,"Total Cost": 73352.71,"Plan Rows": 5893,"Plan Width": 272,"Actual Startup Time": 940.757,"Actual Total Time": 992.781,"Actual Rows": 4,"Actual Loops": 1,"Group Key": ["n1.n_name", "n2.n_name", "(EXTRACT(year FROM lineitem.l_shipdate))"],"Plans": [{"Node Type": "Gather Merge","Parent Relationship": "Outer","Parallel Aware": false,"Async Capable": false,"Startup Cost": 72556.41,"Total Cost": 73202.94,"Plan Rows": 4910,"Plan Width": 272,"Actual Startup Time": 940.488,"Actual Total Time": 992.717,"Actual Rows": 12,"Actual Loops": 1,"Workers Planned": 2,"Workers Launched": 2,"Plans": [{"Node Type": "Aggregate","Strategy": "Sorted","Partial Mode": "Partial","Parent Relationship": "Outer","Parallel Aware": false,"Async Capable": false,"Startup Cost": 71556.39,"Total Cost": 71636.18,"Plan Rows": 2455,"Plan Width": 272,"Actual Startup Time": 930.851,"Actual Total Time": 931.500,"Actual Rows": 4,"Actual Loops": 3,"Group Key": ["n1.n_name", "n2.n_name", "(EXTRACT(year FROM lineitem.l_shipdate))"],"Workers": [],"Plans": [{"Node Type": "Sort","Parent Relationship": "Outer","Parallel Aware": false,"Async Capable": false,"Startup Cost": 71556.39,"Total Cost": 71562.53,"Plan Rows": 2455,"Plan Width": 252,"Actual Startup Time": 930.605,"Actual Total Time": 930.702,"Actual Rows": 1936,"Actual Loops": 3,"Sort Key": ["n1.n_name", "n2.n_name", "(EXTRACT(year FROM lineitem.l_shipdate))"],"Sort Method": "quicksort","Sort Space Used": 266,"Sort Space Type": "Memory","Workers": [{"Worker Number": 0,"Sort Method": "quicksort","Sort Space Used": 256,"Sort Space Type": "Memory"},{"Worker Number": 1,"Sort Method": "quicksort","Sort Space Used": 259,"Sort Space Type": "Memory"}],"Plans": [{"Node Type": "Hash Join","Parent Relationship": "Outer","Parallel Aware": false,"Async Capable": false,"Join Type": "Inner","Startup Cost": 366.16,"Total Cost": 71418.15,"Plan Rows": 2455,"Plan Width": 252,"Actual Startup Time": 9.875,"Actual Total Time": 928.819,"Actual Rows": 1936,"Actual Loops": 3,"Inner Unique": false,"Hash Cond": "(lineitem.l_suppkey = supplier.s_suppkey)","Join Filter": "(((n1.n_name = 'UNITED KINGDOM'::bpchar) AND (n2.n_name = 'FRANCE'::bpchar)) OR ((n1.n_name = 'FRANCE'::bpchar) AND (n2.n_name = 'UNITED KINGDOM'::bpchar)))","Rows Removed by Join Filter": 1979,"Workers": [],"Plans": [{"Node Type": "Nested Loop","Parent Relationship": "Outer","Parallel Aware": false,"Async Capable": false,"Join Type": "Inner","Startup Cost": 2.26,"Total Cost": 70727.78,"Plan Rows": 60250,"Plan Width": 124,"Actual Startup Time": 0.538,"Actual Total Time": 913.371,"Actual Rows": 49303,"Actual Loops": 3,"Inner Unique": false,"Workers": [],"Plans": [{"Node Type": "Nested Loop","Parent Relationship": "Outer","Parallel Aware": false,"Async Capable": false,"Join Type": "Inner","Startup Cost": 1.83,"Total Cost": 12400.01,"Plan Rows": 49000,"Plan Width": 108,"Actual Startup Time": 0.301,"Actual Total Time": 228.230,"Actual Rows": 40352,"Actual Loops": 3,"Inner Unique": false,"Workers": [],"Plans": [{"Node Type": "Hash Join","Parent Relationship": "Outer","Parallel Aware": false,"Async Capable": false,"Join Type": "Inner","Startup Cost": 1.40,"Total Cost": 4403.27,"Plan Rows": 4900,"Plan Width": 108,"Actual Startup Time": 0.150,"Actual Total Time": 46.785,"Actual Rows": 4037,"Actual Loops": 3,"Inner Unique": true,"Hash Cond": "(customer.c_nationkey = n2.n_nationkey)","Workers": [],"Plans": [{"Node Type": "Seq Scan","Parent Relationship": "Outer","Parallel Aware": true,"Async Capable": false,"Relation Name": "customer","Alias": "customer","Startup Cost": 0.00,"Total Cost": 4210.00,"Plan Rows": 62500,"Plan Width": 8,"Actual Startup Time": 0.011,"Actual Total Time": 9.688,"Actual Rows": 50000,"Actual Loops": 3,"Workers": []},{"Node Type": "Hash","Parent Relationship": "Inner","Parallel Aware": false,"Async Capable": false,"Startup Cost": 1.38,"Total Cost": 1.38,"Plan Rows": 2,"Plan Width": 108,"Actual Startup Time": 0.065,"Actual Total Time": 0.069,"Actual Rows": 2,"Actual Loops": 3,"Hash Buckets": 1024,"Original Hash Buckets": 1024,"Hash Batches": 1,"Original Hash Batches": 1,"Peak Memory Usage": 9,"Workers": [],"Plans": [{"Node Type": "Seq Scan","Parent Relationship": "Outer","Parallel Aware": false,"Async Capable": false,"Relation Name": "nation","Alias": "n2","Startup Cost": 0.00,"Total Cost": 1.38,"Plan Rows": 2,"Plan Width": 108,"Actual Startup Time": 0.049,"Actual Total Time": 0.054,"Actual Rows": 2,"Actual Loops": 3,"Filter": "((n_name = 'FRANCE'::bpchar) OR (n_name = 'UNITED KINGDOM'::bpchar))","Rows Removed by Filter": 23,"Workers": []}]}]},{"Node Type": "Index Scan","Parent Relationship": "Inner","Parallel Aware": false,"Async Capable": false,"Scan Direction": "Forward","Index Name": "idx_orders_custkey","Relation Name": "orders","Alias": "orders","Startup Cost": 0.43,"Total Cost": 1.46,"Plan Rows": 17,"Plan Width": 8,"Actual Startup Time": 0.007,"Actual Total Time": 0.044,"Actual Rows": 10,"Actual Loops": 12111,"Index Cond": "(o_custkey = customer.c_custkey)","Rows Removed by Index Recheck": 0,"Workers": []}]},{"Node Type": "Index Scan","Parent Relationship": "Inner","Parallel Aware": false,"Async Capable": false,"Scan Direction": "Forward","Index Name": "idx_lineitem_orderkey","Relation Name": "lineitem","Alias": "lineitem","Startup Cost": 0.43,"Total Cost": 1.14,"Plan Rows": 5,"Plan Width": 24,"Actual Startup Time": 0.016,"Actual Total Time": 0.017,"Actual Rows": 1,"Actual Loops": 121055,"Index Cond": "(l_orderkey = orders.o_orderkey)","Rows Removed by Index Recheck": 0,"Filter": "((l_shipdate >= '1995-01-01'::date) AND (l_shipdate <= '1996-12-31'::date))","Rows Removed by Filter": 3,"Workers": []}]},{"Node Type": "Hash","Parent Relationship": "Inner","Parallel Aware": false,"Async Capable": false,"Startup Cost": 354.10,"Total Cost": 354.10,"Plan Rows": 784,"Plan Width": 108,"Actual Startup Time": 7.950,"Actual Total Time": 7.963,"Actual Rows": 792,"Actual Loops": 3,"Hash Buckets": 1024,"Original Hash Buckets": 1024,"Hash Batches": 1,"Original Hash Batches": 1,"Peak Memory Usage": 56,"Workers": [],"Plans": [{"Node Type": "Hash Join","Parent Relationship": "Outer","Parallel Aware": false,"Async Capable": false,"Join Type": "Inner","Startup Cost": 1.40,"Total Cost": 354.10,"Plan Rows": 784,"Plan Width": 108,"Actual Startup Time": 0.064,"Actual Total Time": 7.771,"Actual Rows": 792,"Actual Loops": 3,"Inner Unique": true,"Hash Cond": "(supplier.s_nationkey = n1.n_nationkey)","Workers": [],"Plans": [{"Node Type": "Seq Scan","Parent Relationship": "Outer","Parallel Aware": false,"Async Capable": false,"Relation Name": "supplier","Alias": "supplier","Startup Cost": 0.00,"Total Cost": 322.00,"Plan Rows": 10000,"Plan Width": 8,"Actual Startup Time": 0.026,"Actual Total Time": 3.935,"Actual Rows": 10000,"Actual Loops": 3,"Workers": []},{"Node Type": "Hash","Parent Relationship": "Inner","Parallel Aware": false,"Async Capable": false,"Startup Cost": 1.38,"Total Cost": 1.38,"Plan Rows": 2,"Plan Width": 108,"Actual Startup Time": 0.012,"Actual Total Time": 0.018,"Actual Rows": 2,"Actual Loops": 3,"Hash Buckets": 1024,"Original Hash Buckets": 1024,"Hash Batches": 1,"Original Hash Batches": 1,"Peak Memory Usage": 9,"Workers": [],"Plans": [{"Node Type": "Seq Scan","Parent Relationship": "Outer","Parallel Aware": false,"Async Capable": false,"Relation Name": "nation","Alias": "n1","Startup Cost": 0.00,"Total Cost": 1.38,"Plan Rows": 2,"Plan Width": 108,"Actual Startup Time": 0.005,"Actual Total Time": 0.009,"Actual Rows": 2,"Actual Loops": 3,"Filter": "((n_name = 'UNITED KINGDOM'::bpchar) OR (n_name = 'FRANCE'::bpchar))","Rows Removed by Filter": 23,"Workers": []}]}]}]}]}]}]}]}]},"Planning Time": 9.157,"Triggers": [],"Execution Time": 993.256}]
[{"Plan": {"Node Type": "Aggregate","Strategy": "Sorted","Partial Mode": "Finalize","Parallel Aware": false,"Async Capable": false,"Startup Cost": 72556.41,"Total Cost": 73352.71,"Plan Rows": 5893,"Plan Width": 272,"Actual Startup Time": 911.114,"Actual Total Time": 954.085,"Actual Rows": 4,"Actual Loops": 1,"Group Key": ["n1.n_name", "n2.n_name", "(EXTRACT(year FROM lineitem.l_shipdate))"],"Plans": [{"Node Type": "Gather Merge","Parent Relationship": "Outer","Parallel Aware": false,"Async Capable": false,"Startup Cost": 72556.41,"Total Cost": 73202.94,"Plan Rows": 4910,"Plan Width": 272,"Actual Startup Time": 910.605,"Actual Total Time": 954.001,"Actual Rows": 12,"Actual Loops": 1,"Workers Planned": 2,"Workers Launched": 2,"Plans": [{"Node Type": "Aggregate","Strategy": "Sorted","Partial Mode": "Partial","Parent Relationship": "Outer","Parallel Aware": false,"Async Capable": false,"Startup Cost": 71556.39,"Total Cost": 71636.18,"Plan Rows": 2455,"Plan Width": 272,"Actual Startup Time": 902.336,"Actual Total Time": 903.109,"Actual Rows": 4,"Actual Loops": 3,"Group Key": ["n1.n_name", "n2.n_name", "(EXTRACT(year FROM lineitem.l_shipdate))"],"Workers": [],"Plans": [{"Node Type": "Sort","Parent Relationship": "Outer","Parallel Aware": false,"Async Capable": false,"Startup Cost": 71556.39,"Total Cost": 71562.53,"Plan Rows": 2455,"Plan Width": 252,"Actual Startup Time": 902.055,"Actual Total Time": 902.171,"Actual Rows": 2083,"Actual Loops": 3,"Sort Key": ["n1.n_name", "n2.n_name", "(EXTRACT(year FROM lineitem.l_shipdate))"],"Sort Method": "quicksort","Sort Space Used": 340,"Sort Space Type": "Memory","Workers": [{"Worker Number": 0,"Sort Method": "quicksort","Sort Space Used": 266,"Sort Space Type": "Memory"},{"Worker Number": 1,"Sort Method": "quicksort","Sort Space Used": 271,"Sort Space Type": "Memory"}],"Plans": [{"Node Type": "Hash Join","Parent Relationship": "Outer","Parallel Aware": false,"Async Capable": false,"Join Type": "Inner","Startup Cost": 366.16,"Total Cost": 71418.15,"Plan Rows": 2455,"Plan Width": 252,"Actual Startup Time": 13.145,"Actual Total Time": 900.149,"Actual Rows": 2083,"Actual Loops": 3,"Inner Unique": false,"Hash Cond": "(lineitem.l_suppkey = supplier.s_suppkey)","Join Filter": "(((n1.n_name = 'IRAQ'::bpchar) AND (n2.n_name = 'SAUDI ARABIA'::bpchar)) OR ((n1.n_name = 'SAUDI ARABIA'::bpchar) AND (n2.n_name = 'IRAQ'::bpchar)))","Rows Removed by Join Filter": 2048,"Workers": [],"Plans": [{"Node Type": "Nested Loop","Parent Relationship": "Outer","Parallel Aware": false,"Async Capable": false,"Join Type": "Inner","Startup Cost": 2.26,"Total Cost": 70727.78,"Plan Rows": 60250,"Plan Width": 124,"Actual Startup Time": 0.566,"Actual Total Time": 881.350,"Actual Rows": 47716,"Actual Loops": 3,"Inner Unique": false,"Workers": [],"Plans": [{"Node Type": "Nested Loop","Parent Relationship": "Outer","Parallel Aware": false,"Async Capable": false,"Join Type": "Inner","Startup Cost": 1.83,"Total Cost": 12400.01,"Plan Rows": 49000,"Plan Width": 108,"Actual Startup Time": 0.355,"Actual Total Time": 220.174,"Actual Rows": 39118,"Actual Loops": 3,"Inner Unique": false,"Workers": [],"Plans": [{"Node Type": "Hash Join","Parent Relationship": "Outer","Parallel Aware": false,"Async Capable": false,"Join Type": "Inner","Startup Cost": 1.40,"Total Cost": 4403.27,"Plan Rows": 4900,"Plan Width": 108,"Actual Startup Time": 0.178,"Actual Total Time": 44.873,"Actual Rows": 3956,"Actual Loops": 3,"Inner Unique": true,"Hash Cond": "(customer.c_nationkey = n2.n_nationkey)","Workers": [],"Plans": [{"Node Type": "Seq Scan","Parent Relationship": "Outer","Parallel Aware": true,"Async Capable": false,"Relation Name": "customer","Alias": "customer","Startup Cost": 0.00,"Total Cost": 4210.00,"Plan Rows": 62500,"Plan Width": 8,"Actual Startup Time": 0.016,"Actual Total Time": 9.090,"Actual Rows": 50000,"Actual Loops": 3,"Workers": []},{"Node Type": "Hash","Parent Relationship": "Inner","Parallel Aware": false,"Async Capable": false,"Startup Cost": 1.38,"Total Cost": 1.38,"Plan Rows": 2,"Plan Width": 108,"Actual Startup Time": 0.089,"Actual Total Time": 0.095,"Actual Rows": 2,"Actual Loops": 3,"Hash Buckets": 1024,"Original Hash Buckets": 1024,"Hash Batches": 1,"Original Hash Batches": 1,"Peak Memory Usage": 9,"Workers": [],"Plans": [{"Node Type": "Seq Scan","Parent Relationship": "Outer","Parallel Aware": false,"Async Capable": false,"Relation Name": "nation","Alias": "n2","Startup Cost": 0.00,"Total Cost": 1.38,"Plan Rows": 2,"Plan Width": 108,"Actual Startup Time": 0.069,"Actual Total Time": 0.075,"Actual Rows": 2,"Actual Loops": 3,"Filter": "((n_name = 'SAUDI ARABIA'::bpchar) OR (n_name = 'IRAQ'::bpchar))","Rows Removed by Filter": 23,"Workers": []}]}]},{"Node Type": "Index Scan","Parent Relationship": "Inner","Parallel Aware": false,"Async Capable": false,"Scan Direction": "Forward","Index Name": "idx_orders_custkey","Relation Name": "orders","Alias": "orders","Startup Cost": 0.43,"Total Cost": 1.46,"Plan Rows": 17,"Plan Width": 8,"Actual Startup Time": 0.007,"Actual Total Time": 0.043,"Actual Rows": 10,"Actual Loops": 11867,"Index Cond": "(o_custkey = customer.c_custkey)","Rows Removed by Index Recheck": 0,"Workers": []}]},{"Node Type": "Index Scan","Parent Relationship": "Inner","Parallel Aware": false,"Async Capable": false,"Scan Direction": "Forward","Index Name": "idx_lineitem_orderkey","Relation Name": "lineitem","Alias": "lineitem","Startup Cost": 0.43,"Total Cost": 1.14,"Plan Rows": 5,"Plan Width": 24,"Actual Startup Time": 0.016,"Actual Total Time": 0.017,"Actual Rows": 1,"Actual Loops": 117355,"Index Cond": "(l_orderkey = orders.o_orderkey)","Rows Removed by Index Recheck": 0,"Filter": "((l_shipdate >= '1995-01-01'::date) AND (l_shipdate <= '1996-12-31'::date))","Rows Removed by Filter": 3,"Workers": []}]},{"Node Type": "Hash","Parent Relationship": "Inner","Parallel Aware": false,"Async Capable": false,"Startup Cost": 354.10,"Total Cost": 354.10,"Plan Rows": 784,"Plan Width": 108,"Actual Startup Time": 11.666,"Actual Total Time": 11.681,"Actual Rows": 849,"Actual Loops": 3,"Hash Buckets": 1024,"Original Hash Buckets": 1024,"Hash Batches": 1,"Original Hash Batches": 1,"Peak Memory Usage": 60,"Workers": [],"Plans": [{"Node Type": "Hash Join","Parent Relationship": "Outer","Parallel Aware": false,"Async Capable": false,"Join Type": "Inner","Startup Cost": 1.40,"Total Cost": 354.10,"Plan Rows": 784,"Plan Width": 108,"Actual Startup Time": 0.084,"Actual Total Time": 11.466,"Actual Rows": 849,"Actual Loops": 3,"Inner Unique": true,"Hash Cond": "(supplier.s_nationkey = n1.n_nationkey)","Workers": [],"Plans": [{"Node Type": "Seq Scan","Parent Relationship": "Outer","Parallel Aware": false,"Async Capable": false,"Relation Name": "supplier","Alias": "supplier","Startup Cost": 0.00,"Total Cost": 322.00,"Plan Rows": 10000,"Plan Width": 8,"Actual Startup Time": 0.037,"Actual Total Time": 4.628,"Actual Rows": 10000,"Actual Loops": 3,"Workers": []},{"Node Type": "Hash","Parent Relationship": "Inner","Parallel Aware": false,"Async Capable": false,"Startup Cost": 1.38,"Total Cost": 1.38,"Plan Rows": 2,"Plan Width": 108,"Actual Startup Time": 0.017,"Actual Total Time": 0.023,"Actual Rows": 2,"Actual Loops": 3,"Hash Buckets": 1024,"Original Hash Buckets": 1024,"Hash Batches": 1,"Original Hash Batches": 1,"Peak Memory Usage": 9,"Workers": [],"Plans": [{"Node Type": "Seq Scan","Parent Relationship": "Outer","Parallel Aware": false,"Async Capable": false,"Relation Name": "nation","Alias": "n1","Startup Cost": 0.00,"Total Cost": 1.38,"Plan Rows": 2,"Plan Width": 108,"Actual Startup Time": 0.008,"Actual Total Time": 0.013,"Actual Rows": 2,"Actual Loops": 3,"Filter": "((n_name = 'IRAQ'::bpchar) OR (n_name = 'SAUDI ARABIA'::bpchar))","Rows Removed by Filter": 23,"Workers": []}]}]}]}]}]}]}]}]},"Planning Time": 8.715,"Triggers": [],"Execution Time": 954.536}]
[{"Plan": {"Node Type": "Aggregate","Strategy": "Sorted","Partial Mode": "Finalize","Parallel Aware": false,"Async Capable": false,"Startup Cost": 72556.41,"Total Cost": 73352.71,"Plan Rows": 5893,"Plan Width": 272,"Actual Startup Time": 938.330,"Actual Total Time": 995.178,"Actual Rows": 4,"Actual Loops": 1,"Group Key": ["n1.n_name", "n2.n_name", "(EXTRACT(year FROM lineitem.l_shipdate))"],"Plans": [{"Node Type": "Gather Merge","Parent Relationship": "Outer","Parallel Aware": false,"Async Capable": false,"Startup Cost": 72556.41,"Total Cost": 73202.94,"Plan Rows": 4910,"Plan Width": 272,"Actual Startup Time": 937.797,"Actual Total Time": 995.103,"Actual Rows": 12,"Actual Loops": 1,"Workers Planned": 2,"Workers Launched": 2,"Plans": [{"Node Type": "Aggregate","Strategy": "Sorted","Partial Mode": "Partial","Parent Relationship": "Outer","Parallel Aware": false,"Async Capable": false,"Startup Cost": 71556.39,"Total Cost": 71636.18,"Plan Rows": 2455,"Plan Width": 272,"Actual Startup Time": 929.767,"Actual Total Time": 930.552,"Actual Rows": 4,"Actual Loops": 3,"Group Key": ["n1.n_name", "n2.n_name", "(EXTRACT(year FROM lineitem.l_shipdate))"],"Workers": [],"Plans": [{"Node Type": "Sort","Parent Relationship": "Outer","Parallel Aware": false,"Async Capable": false,"Startup Cost": 71556.39,"Total Cost": 71562.53,"Plan Rows": 2455,"Plan Width": 252,"Actual Startup Time": 929.483,"Actual Total Time": 929.601,"Actual Rows": 2035,"Actual Loops": 3,"Sort Key": ["n1.n_name", "n2.n_name", "(EXTRACT(year FROM lineitem.l_shipdate))"],"Sort Method": "quicksort","Sort Space Used": 269,"Sort Space Type": "Memory","Workers": [{"Worker Number": 0,"Sort Method": "quicksort","Sort Space Used": 270,"Sort Space Type": "Memory"},{"Worker Number": 1,"Sort Method": "quicksort","Sort Space Used": 323,"Sort Space Type": "Memory"}],"Plans": [{"Node Type": "Hash Join","Parent Relationship": "Outer","Parallel Aware": false,"Async Capable": false,"Join Type": "Inner","Startup Cost": 366.16,"Total Cost": 71418.15,"Plan Rows": 2455,"Plan Width": 252,"Actual Startup Time": 9.557,"Actual Total Time": 927.686,"Actual Rows": 2035,"Actual Loops": 3,"Inner Unique": false,"Hash Cond": "(lineitem.l_suppkey = supplier.s_suppkey)","Join Filter": "(((n1.n_name = 'MOZAMBIQUE'::bpchar) AND (n2.n_name = 'CANADA'::bpchar)) OR ((n1.n_name = 'CANADA'::bpchar) AND (n2.n_name = 'MOZAMBIQUE'::bpchar)))","Rows Removed by Join Filter": 2030,"Workers": [],"Plans": [{"Node Type": "Nested Loop","Parent Relationship": "Outer","Parallel Aware": false,"Async Capable": false,"Join Type": "Inner","Startup Cost": 2.26,"Total Cost": 70727.78,"Plan Rows": 60250,"Plan Width": 124,"Actual Startup Time": 0.611,"Actual Total Time": 911.972,"Actual Rows": 49243,"Actual Loops": 3,"Inner Unique": false,"Workers": [],"Plans": [{"Node Type": "Nested Loop","Parent Relationship": "Outer","Parallel Aware": false,"Async Capable": false,"Join Type": "Inner","Startup Cost": 1.83,"Total Cost": 12400.01,"Plan Rows": 49000,"Plan Width": 108,"Actual Startup Time": 0.306,"Actual Total Time": 228.298,"Actual Rows": 40582,"Actual Loops": 3,"Inner Unique": false,"Workers": [],"Plans": [{"Node Type": "Hash Join","Parent Relationship": "Outer","Parallel Aware": false,"Async Capable": false,"Join Type": "Inner","Startup Cost": 1.40,"Total Cost": 4403.27,"Plan Rows": 4900,"Plan Width": 108,"Actual Startup Time": 0.178,"Actual Total Time": 45.872,"Actual Rows": 3998,"Actual Loops": 3,"Inner Unique": true,"Hash Cond": "(customer.c_nationkey = n2.n_nationkey)","Workers": [],"Plans": [{"Node Type": "Seq Scan","Parent Relationship": "Outer","Parallel Aware": true,"Async Capable": false,"Relation Name": "customer","Alias": "customer","Startup Cost": 0.00,"Total Cost": 4210.00,"Plan Rows": 62500,"Plan Width": 8,"Actual Startup Time": 0.012,"Actual Total Time": 9.579,"Actual Rows": 50000,"Actual Loops": 3,"Workers": []},{"Node Type": "Hash","Parent Relationship": "Inner","Parallel Aware": false,"Async Capable": false,"Startup Cost": 1.38,"Total Cost": 1.38,"Plan Rows": 2,"Plan Width": 108,"Actual Startup Time": 0.078,"Actual Total Time": 0.084,"Actual Rows": 2,"Actual Loops": 3,"Hash Buckets": 1024,"Original Hash Buckets": 1024,"Hash Batches": 1,"Original Hash Batches": 1,"Peak Memory Usage": 9,"Workers": [],"Plans": [{"Node Type": "Seq Scan","Parent Relationship": "Outer","Parallel Aware": false,"Async Capable": false,"Relation Name": "nation","Alias": "n2","Startup Cost": 0.00,"Total Cost": 1.38,"Plan Rows": 2,"Plan Width": 108,"Actual Startup Time": 0.055,"Actual Total Time": 0.064,"Actual Rows": 2,"Actual Loops": 3,"Filter": "((n_name = 'CANADA'::bpchar) OR (n_name = 'MOZAMBIQUE'::bpchar))","Rows Removed by Filter": 23,"Workers": []}]}]},{"Node Type": "Index Scan","Parent Relationship": "Inner","Parallel Aware": false,"Async Capable": false,"Scan Direction": "Forward","Index Name": "idx_orders_custkey","Relation Name": "orders","Alias": "orders","Startup Cost": 0.43,"Total Cost": 1.46,"Plan Rows": 17,"Plan Width": 8,"Actual Startup Time": 0.007,"Actual Total Time": 0.044,"Actual Rows": 10,"Actual Loops": 11994,"Index Cond": "(o_custkey = customer.c_custkey)","Rows Removed by Index Recheck": 0,"Workers": []}]},{"Node Type": "Index Scan","Parent Relationship": "Inner","Parallel Aware": false,"Async Capable": false,"Scan Direction": "Forward","Index Name": "idx_lineitem_orderkey","Relation Name": "lineitem","Alias": "lineitem","Startup Cost": 0.43,"Total Cost": 1.14,"Plan Rows": 5,"Plan Width": 24,"Actual Startup Time": 0.016,"Actual Total Time": 0.017,"Actual Rows": 1,"Actual Loops": 121747,"Index Cond": "(l_orderkey = orders.o_orderkey)","Rows Removed by Index Recheck": 0,"Filter": "((l_shipdate >= '1995-01-01'::date) AND (l_shipdate <= '1996-12-31'::date))","Rows Removed by Filter": 3,"Workers": []}]},{"Node Type": "Hash","Parent Relationship": "Inner","Parallel Aware": false,"Async Capable": false,"Startup Cost": 354.10,"Total Cost": 354.10,"Plan Rows": 784,"Plan Width": 108,"Actual Startup Time": 8.112,"Actual Total Time": 8.128,"Actual Rows": 818,"Actual Loops": 3,"Hash Buckets": 1024,"Original Hash Buckets": 1024,"Hash Batches": 1,"Original Hash Batches": 1,"Peak Memory Usage": 58,"Workers": [],"Plans": [{"Node Type": "Hash Join","Parent Relationship": "Outer","Parallel Aware": false,"Async Capable": false,"Join Type": "Inner","Startup Cost": 1.40,"Total Cost": 354.10,"Plan Rows": 784,"Plan Width": 108,"Actual Startup Time": 0.080,"Actual Total Time": 7.893,"Actual Rows": 818,"Actual Loops": 3,"Inner Unique": true,"Hash Cond": "(supplier.s_nationkey = n1.n_nationkey)","Workers": [],"Plans": [{"Node Type": "Seq Scan","Parent Relationship": "Outer","Parallel Aware": false,"Async Capable": false,"Relation Name": "supplier","Alias": "supplier","Startup Cost": 0.00,"Total Cost": 322.00,"Plan Rows": 10000,"Plan Width": 8,"Actual Startup Time": 0.031,"Actual Total Time": 4.361,"Actual Rows": 10000,"Actual Loops": 3,"Workers": []},{"Node Type": "Hash","Parent Relationship": "Inner","Parallel Aware": false,"Async Capable": false,"Startup Cost": 1.38,"Total Cost": 1.38,"Plan Rows": 2,"Plan Width": 108,"Actual Startup Time": 0.019,"Actual Total Time": 0.024,"Actual Rows": 2,"Actual Loops": 3,"Hash Buckets": 1024,"Original Hash Buckets": 1024,"Hash Batches": 1,"Original Hash Batches": 1,"Peak Memory Usage": 9,"Workers": [],"Plans": [{"Node Type": "Seq Scan","Parent Relationship": "Outer","Parallel Aware": false,"Async Capable": false,"Relation Name": "nation","Alias": "n1","Startup Cost": 0.00,"Total Cost": 1.38,"Plan Rows": 2,"Plan Width": 108,"Actual Startup Time": 0.006,"Actual Total Time": 0.013,"Actual Rows": 2,"Actual Loops": 3,"Filter": "((n_name = 'MOZAMBIQUE'::bpchar) OR (n_name = 'CANADA'::bpchar))","Rows Removed by Filter": 23,"Workers": []}]}]}]}]}]}]}]}]},"Planning Time": 8.335,"Triggers": [],"Execution Time": 995.624}]
[{"Plan": {"Node Type": "Aggregate","Strategy": "Sorted","Partial Mode": "Finalize","Parallel Aware": false,"Async Capable": false,"Startup Cost": 72556.41,"Total Cost": 73352.71,"Plan Rows": 5893,"Plan Width": 272,"Actual Startup Time": 932.612,"Actual Total Time": 976.437,"Actual Rows": 4,"Actual Loops": 1,"Group Key": ["n1.n_name", "n2.n_name", "(EXTRACT(year FROM lineitem.l_shipdate))"],"Plans": [{"Node Type": "Gather Merge","Parent Relationship": "Outer","Parallel Aware": false,"Async Capable": false,"Startup Cost": 72556.41,"Total Cost": 73202.94,"Plan Rows": 4910,"Plan Width": 272,"Actual Startup Time": 931.937,"Actual Total Time": 976.360,"Actual Rows": 12,"Actual Loops": 1,"Workers Planned": 2,"Workers Launched": 2,"Plans": [{"Node Type": "Aggregate","Strategy": "Sorted","Partial Mode": "Partial","Parent Relationship": "Outer","Parallel Aware": false,"Async Capable": false,"Startup Cost": 71556.39,"Total Cost": 71636.18,"Plan Rows": 2455,"Plan Width": 272,"Actual Startup Time": 924.188,"Actual Total Time": 925.021,"Actual Rows": 4,"Actual Loops": 3,"Group Key": ["n1.n_name", "n2.n_name", "(EXTRACT(year FROM lineitem.l_shipdate))"],"Workers": [],"Plans": [{"Node Type": "Sort","Parent Relationship": "Outer","Parallel Aware": false,"Async Capable": false,"Startup Cost": 71556.39,"Total Cost": 71562.53,"Plan Rows": 2455,"Plan Width": 252,"Actual Startup Time": 923.893,"Actual Total Time": 924.029,"Actual Rows": 2030,"Actual Loops": 3,"Sort Key": ["n1.n_name", "n2.n_name", "(EXTRACT(year FROM lineitem.l_shipdate))"],"Sort Method": "quicksort","Sort Space Used": 325,"Sort Space Type": "Memory","Workers": [{"Worker Number": 0,"Sort Method": "quicksort","Sort Space Used": 264,"Sort Space Type": "Memory"},{"Worker Number": 1,"Sort Method": "quicksort","Sort Space Used": 271,"Sort Space Type": "Memory"}],"Plans": [{"Node Type": "Hash Join","Parent Relationship": "Outer","Parallel Aware": false,"Async Capable": false,"Join Type": "Inner","Startup Cost": 366.16,"Total Cost": 71418.15,"Plan Rows": 2455,"Plan Width": 252,"Actual Startup Time": 14.269,"Actual Total Time": 921.967,"Actual Rows": 2030,"Actual Loops": 3,"Inner Unique": false,"Hash Cond": "(lineitem.l_suppkey = supplier.s_suppkey)","Join Filter": "(((n1.n_name = 'ALGERIA'::bpchar) AND (n2.n_name = 'ROMANIA'::bpchar)) OR ((n1.n_name = 'ROMANIA'::bpchar) AND (n2.n_name = 'ALGERIA'::bpchar)))","Rows Removed by Join Filter": 2011,"Workers": [],"Plans": [{"Node Type": "Nested Loop","Parent Relationship": "Outer","Parallel Aware": false,"Async Capable": false,"Join Type": "Inner","Startup Cost": 2.26,"Total Cost": 70727.78,"Plan Rows": 60250,"Plan Width": 124,"Actual Startup Time": 1.135,"Actual Total Time": 903.916,"Actual Rows": 49005,"Actual Loops": 3,"Inner Unique": false,"Workers": [],"Plans": [{"Node Type": "Nested Loop","Parent Relationship": "Outer","Parallel Aware": false,"Async Capable": false,"Join Type": "Inner","Startup Cost": 1.83,"Total Cost": 12400.01,"Plan Rows": 49000,"Plan Width": 108,"Actual Startup Time": 0.340,"Actual Total Time": 224.224,"Actual Rows": 40211,"Actual Loops": 3,"Inner Unique": false,"Workers": [],"Plans": [{"Node Type": "Hash Join","Parent Relationship": "Outer","Parallel Aware": false,"Async Capable": false,"Join Type": "Inner","Startup Cost": 1.40,"Total Cost": 4403.27,"Plan Rows": 4900,"Plan Width": 108,"Actual Startup Time": 0.217,"Actual Total Time": 44.459,"Actual Rows": 4008,"Actual Loops": 3,"Inner Unique": true,"Hash Cond": "(customer.c_nationkey = n2.n_nationkey)","Workers": [],"Plans": [{"Node Type": "Seq Scan","Parent Relationship": "Outer","Parallel Aware": true,"Async Capable": false,"Relation Name": "customer","Alias": "customer","Startup Cost": 0.00,"Total Cost": 4210.00,"Plan Rows": 62500,"Plan Width": 8,"Actual Startup Time": 0.015,"Actual Total Time": 9.110,"Actual Rows": 50000,"Actual Loops": 3,"Workers": []},{"Node Type": "Hash","Parent Relationship": "Inner","Parallel Aware": false,"Async Capable": false,"Startup Cost": 1.38,"Total Cost": 1.38,"Plan Rows": 2,"Plan Width": 108,"Actual Startup Time": 0.089,"Actual Total Time": 0.095,"Actual Rows": 2,"Actual Loops": 3,"Hash Buckets": 1024,"Original Hash Buckets": 1024,"Hash Batches": 1,"Original Hash Batches": 1,"Peak Memory Usage": 9,"Workers": [],"Plans": [{"Node Type": "Seq Scan","Parent Relationship": "Outer","Parallel Aware": false,"Async Capable": false,"Relation Name": "nation","Alias": "n2","Startup Cost": 0.00,"Total Cost": 1.38,"Plan Rows": 2,"Plan Width": 108,"Actual Startup Time": 0.065,"Actual Total Time": 0.075,"Actual Rows": 2,"Actual Loops": 3,"Filter": "((n_name = 'ROMANIA'::bpchar) OR (n_name = 'ALGERIA'::bpchar))","Rows Removed by Filter": 23,"Workers": []}]}]},{"Node Type": "Index Scan","Parent Relationship": "Inner","Parallel Aware": false,"Async Capable": false,"Scan Direction": "Forward","Index Name": "idx_orders_custkey","Relation Name": "orders","Alias": "orders","Startup Cost": 0.43,"Total Cost": 1.46,"Plan Rows": 17,"Plan Width": 8,"Actual Startup Time": 0.007,"Actual Total Time": 0.044,"Actual Rows": 10,"Actual Loops": 12025,"Index Cond": "(o_custkey = customer.c_custkey)","Rows Removed by Index Recheck": 0,"Workers": []}]},{"Node Type": "Index Scan","Parent Relationship": "Inner","Parallel Aware": false,"Async Capable": false,"Scan Direction": "Forward","Index Name": "idx_lineitem_orderkey","Relation Name": "lineitem","Alias": "lineitem","Startup Cost": 0.43,"Total Cost": 1.14,"Plan Rows": 5,"Plan Width": 24,"Actual Startup Time": 0.016,"Actual Total Time": 0.017,"Actual Rows": 1,"Actual Loops": 120634,"Index Cond": "(l_orderkey = orders.o_orderkey)","Rows Removed by Index Recheck": 0,"Filter": "((l_shipdate >= '1995-01-01'::date) AND (l_shipdate <= '1996-12-31'::date))","Rows Removed by Filter": 3,"Workers": []}]},{"Node Type": "Hash","Parent Relationship": "Inner","Parallel Aware": false,"Async Capable": false,"Startup Cost": 354.10,"Total Cost": 354.10,"Plan Rows": 784,"Plan Width": 108,"Actual Startup Time": 10.948,"Actual Total Time": 10.964,"Actual Rows": 818,"Actual Loops": 3,"Hash Buckets": 1024,"Original Hash Buckets": 1024,"Hash Batches": 1,"Original Hash Batches": 1,"Peak Memory Usage": 58,"Workers": [],"Plans": [{"Node Type": "Hash Join","Parent Relationship": "Outer","Parallel Aware": false,"Async Capable": false,"Join Type": "Inner","Startup Cost": 1.40,"Total Cost": 354.10,"Plan Rows": 784,"Plan Width": 108,"Actual Startup Time": 0.092,"Actual Total Time": 10.763,"Actual Rows": 818,"Actual Loops": 3,"Inner Unique": true,"Hash Cond": "(supplier.s_nationkey = n1.n_nationkey)","Workers": [],"Plans": [{"Node Type": "Seq Scan","Parent Relationship": "Outer","Parallel Aware": false,"Async Capable": false,"Relation Name": "supplier","Alias": "supplier","Startup Cost": 0.00,"Total Cost": 322.00,"Plan Rows": 10000,"Plan Width": 8,"Actual Startup Time": 0.032,"Actual Total Time": 4.244,"Actual Rows": 10000,"Actual Loops": 3,"Workers": []},{"Node Type": "Hash","Parent Relationship": "Inner","Parallel Aware": false,"Async Capable": false,"Startup Cost": 1.38,"Total Cost": 1.38,"Plan Rows": 2,"Plan Width": 108,"Actual Startup Time": 0.019,"Actual Total Time": 0.024,"Actual Rows": 2,"Actual Loops": 3,"Hash Buckets": 1024,"Original Hash Buckets": 1024,"Hash Batches": 1,"Original Hash Batches": 1,"Peak Memory Usage": 9,"Workers": [],"Plans": [{"Node Type": "Seq Scan","Parent Relationship": "Outer","Parallel Aware": false,"Async Capable": false,"Relation Name": "nation","Alias": "n1","Startup Cost": 0.00,"Total Cost": 1.38,"Plan Rows": 2,"Plan Width": 108,"Actual Startup Time": 0.004,"Actual Total Time": 0.013,"Actual Rows": 2,"Actual Loops": 3,"Filter": "((n_name = 'ALGERIA'::bpchar) OR (n_name = 'ROMANIA'::bpchar))","Rows Removed by Filter": 23,"Workers": []}]}]}]}]}]}]}]}]},"Planning Time": 8.801,"Triggers": [],"Execution Time": 976.878}]
[{"Plan": {"Node Type": "Aggregate","Strategy": "Sorted","Partial Mode": "Finalize","Parallel Aware": false,"Async Capable": false,"Startup Cost": 72556.41,"Total Cost": 73352.71,"Plan Rows": 5893,"Plan Width": 272,"Actual Startup Time": 944.109,"Actual Total Time": 990.868,"Actual Rows": 4,"Actual Loops": 1,"Group Key": ["n1.n_name", "n2.n_name", "(EXTRACT(year FROM lineitem.l_shipdate))"],"Plans": [{"Node Type": "Gather Merge","Parent Relationship": "Outer","Parallel Aware": false,"Async Capable": false,"Startup Cost": 72556.41,"Total Cost": 73202.94,"Plan Rows": 4910,"Plan Width": 272,"Actual Startup Time": 943.782,"Actual Total Time": 990.765,"Actual Rows": 12,"Actual Loops": 1,"Workers Planned": 2,"Workers Launched": 2,"Plans": [{"Node Type": "Aggregate","Strategy": "Sorted","Partial Mode": "Partial","Parent Relationship": "Outer","Parallel Aware": false,"Async Capable": false,"Startup Cost": 71556.39,"Total Cost": 71636.18,"Plan Rows": 2455,"Plan Width": 272,"Actual Startup Time": 935.262,"Actual Total Time": 935.943,"Actual Rows": 4,"Actual Loops": 3,"Group Key": ["n1.n_name", "n2.n_name", "(EXTRACT(year FROM lineitem.l_shipdate))"],"Workers": [],"Plans": [{"Node Type": "Sort","Parent Relationship": "Outer","Parallel Aware": false,"Async Capable": false,"Startup Cost": 71556.39,"Total Cost": 71562.53,"Plan Rows": 2455,"Plan Width": 252,"Actual Startup Time": 934.996,"Actual Total Time": 935.102,"Actual Rows": 1981,"Actual Loops": 3,"Sort Key": ["n1.n_name", "n2.n_name", "(EXTRACT(year FROM lineitem.l_shipdate))"],"Sort Method": "quicksort","Sort Space Used": 260,"Sort Space Type": "Memory","Workers": [{"Worker Number": 0,"Sort Method": "quicksort","Sort Space Used": 267,"Sort Space Type": "Memory"},{"Worker Number": 1,"Sort Method": "quicksort","Sort Space Used": 268,"Sort Space Type": "Memory"}],"Plans": [{"Node Type": "Hash Join","Parent Relationship": "Outer","Parallel Aware": false,"Async Capable": false,"Join Type": "Inner","Startup Cost": 366.16,"Total Cost": 71418.15,"Plan Rows": 2455,"Plan Width": 252,"Actual Startup Time": 10.270,"Actual Total Time": 933.204,"Actual Rows": 1981,"Actual Loops": 3,"Inner Unique": false,"Hash Cond": "(lineitem.l_suppkey = supplier.s_suppkey)","Join Filter": "(((n1.n_name = 'MOZAMBIQUE'::bpchar) AND (n2.n_name = 'ROMANIA'::bpchar)) OR ((n1.n_name = 'ROMANIA'::bpchar) AND (n2.n_name = 'MOZAMBIQUE'::bpchar)))","Rows Removed by Join Filter": 2006,"Workers": [],"Plans": [{"Node Type": "Nested Loop","Parent Relationship": "Outer","Parallel Aware": false,"Async Capable": false,"Join Type": "Inner","Startup Cost": 2.26,"Total Cost": 70727.78,"Plan Rows": 60250,"Plan Width": 124,"Actual Startup Time": 0.793,"Actual Total Time": 917.401,"Actual Rows": 49467,"Actual Loops": 3,"Inner Unique": false,"Workers": [],"Plans": [{"Node Type": "Nested Loop","Parent Relationship": "Outer","Parallel Aware": false,"Async Capable": false,"Join Type": "Inner","Startup Cost": 1.83,"Total Cost": 12400.01,"Plan Rows": 49000,"Plan Width": 108,"Actual Startup Time": 0.304,"Actual Total Time": 230.066,"Actual Rows": 40760,"Actual Loops": 3,"Inner Unique": false,"Workers": [],"Plans": [{"Node Type": "Hash Join","Parent Relationship": "Outer","Parallel Aware": false,"Async Capable": false,"Join Type": "Inner","Startup Cost": 1.40,"Total Cost": 4403.27,"Plan Rows": 4900,"Plan Width": 108,"Actual Startup Time": 0.189,"Actual Total Time": 46.413,"Actual Rows": 4025,"Actual Loops": 3,"Inner Unique": true,"Hash Cond": "(customer.c_nationkey = n2.n_nationkey)","Workers": [],"Plans": [{"Node Type": "Seq Scan","Parent Relationship": "Outer","Parallel Aware": true,"Async Capable": false,"Relation Name": "customer","Alias": "customer","Startup Cost": 0.00,"Total Cost": 4210.00,"Plan Rows": 62500,"Plan Width": 8,"Actual Startup Time": 0.015,"Actual Total Time": 9.642,"Actual Rows": 50000,"Actual Loops": 3,"Workers": []},{"Node Type": "Hash","Parent Relationship": "Inner","Parallel Aware": false,"Async Capable": false,"Startup Cost": 1.38,"Total Cost": 1.38,"Plan Rows": 2,"Plan Width": 108,"Actual Startup Time": 0.073,"Actual Total Time": 0.077,"Actual Rows": 2,"Actual Loops": 3,"Hash Buckets": 1024,"Original Hash Buckets": 1024,"Hash Batches": 1,"Original Hash Batches": 1,"Peak Memory Usage": 9,"Workers": [],"Plans": [{"Node Type": "Seq Scan","Parent Relationship": "Outer","Parallel Aware": false,"Async Capable": false,"Relation Name": "nation","Alias": "n2","Startup Cost": 0.00,"Total Cost": 1.38,"Plan Rows": 2,"Plan Width": 108,"Actual Startup Time": 0.058,"Actual Total Time": 0.061,"Actual Rows": 2,"Actual Loops": 3,"Filter": "((n_name = 'ROMANIA'::bpchar) OR (n_name = 'MOZAMBIQUE'::bpchar))","Rows Removed by Filter": 23,"Workers": []}]}]},{"Node Type": "Index Scan","Parent Relationship": "Inner","Parallel Aware": false,"Async Capable": false,"Scan Direction": "Forward","Index Name": "idx_orders_custkey","Relation Name": "orders","Alias": "orders","Startup Cost": 0.43,"Total Cost": 1.46,"Plan Rows": 17,"Plan Width": 8,"Actual Startup Time": 0.007,"Actual Total Time": 0.044,"Actual Rows": 10,"Actual Loops": 12074,"Index Cond": "(o_custkey = customer.c_custkey)","Rows Removed by Index Recheck": 0,"Workers": []}]},{"Node Type": "Index Scan","Parent Relationship": "Inner","Parallel Aware": false,"Async Capable": false,"Scan Direction": "Forward","Index Name": "idx_lineitem_orderkey","Relation Name": "lineitem","Alias": "lineitem","Startup Cost": 0.43,"Total Cost": 1.14,"Plan Rows": 5,"Plan Width": 24,"Actual Startup Time": 0.016,"Actual Total Time": 0.017,"Actual Rows": 1,"Actual Loops": 122279,"Index Cond": "(l_orderkey = orders.o_orderkey)","Rows Removed by Index Recheck": 0,"Filter": "((l_shipdate >= '1995-01-01'::date) AND (l_shipdate <= '1996-12-31'::date))","Rows Removed by Filter": 3,"Workers": []}]},{"Node Type": "Hash","Parent Relationship": "Inner","Parallel Aware": false,"Async Capable": false,"Startup Cost": 354.10,"Total Cost": 354.10,"Plan Rows": 784,"Plan Width": 108,"Actual Startup Time": 8.343,"Actual Total Time": 8.359,"Actual Rows": 804,"Actual Loops": 3,"Hash Buckets": 1024,"Original Hash Buckets": 1024,"Hash Batches": 1,"Original Hash Batches": 1,"Peak Memory Usage": 57,"Workers": [],"Plans": [{"Node Type": "Hash Join","Parent Relationship": "Outer","Parallel Aware": false,"Async Capable": false,"Join Type": "Inner","Startup Cost": 1.40,"Total Cost": 354.10,"Plan Rows": 784,"Plan Width": 108,"Actual Startup Time": 0.085,"Actual Total Time": 8.126,"Actual Rows": 804,"Actual Loops": 3,"Inner Unique": true,"Hash Cond": "(supplier.s_nationkey = n1.n_nationkey)","Workers": [],"Plans": [{"Node Type": "Seq Scan","Parent Relationship": "Outer","Parallel Aware": false,"Async Capable": false,"Relation Name": "supplier","Alias": "supplier","Startup Cost": 0.00,"Total Cost": 322.00,"Plan Rows": 10000,"Plan Width": 8,"Actual Startup Time": 0.031,"Actual Total Time": 4.541,"Actual Rows": 10000,"Actual Loops": 3,"Workers": []},{"Node Type": "Hash","Parent Relationship": "Inner","Parallel Aware": false,"Async Capable": false,"Startup Cost": 1.38,"Total Cost": 1.38,"Plan Rows": 2,"Plan Width": 108,"Actual Startup Time": 0.018,"Actual Total Time": 0.023,"Actual Rows": 2,"Actual Loops": 3,"Hash Buckets": 1024,"Original Hash Buckets": 1024,"Hash Batches": 1,"Original Hash Batches": 1,"Peak Memory Usage": 9,"Workers": [],"Plans": [{"Node Type": "Seq Scan","Parent Relationship": "Outer","Parallel Aware": false,"Async Capable": false,"Relation Name": "nation","Alias": "n1","Startup Cost": 0.00,"Total Cost": 1.38,"Plan Rows": 2,"Plan Width": 108,"Actual Startup Time": 0.009,"Actual Total Time": 0.012,"Actual Rows": 2,"Actual Loops": 3,"Filter": "((n_name = 'MOZAMBIQUE'::bpchar) OR (n_name = 'ROMANIA'::bpchar))","Rows Removed by Filter": 23,"Workers": []}]}]}]}]}]}]}]}]},"Planning Time": 8.936,"Triggers": [],"Execution Time": 991.301}]
[{"Plan": {"Node Type": "Aggregate","Strategy": "Sorted","Partial Mode": "Finalize","Parallel Aware": false,"Async Capable": false,"Startup Cost": 72556.41,"Total Cost": 73352.71,"Plan Rows": 5893,"Plan Width": 272,"Actual Startup Time": 916.918,"Actual Total Time": 961.672,"Actual Rows": 4,"Actual Loops": 1,"Group Key": ["n1.n_name", "n2.n_name", "(EXTRACT(year FROM lineitem.l_shipdate))"],"Plans": [{"Node Type": "Gather Merge","Parent Relationship": "Outer","Parallel Aware": false,"Async Capable": false,"Startup Cost": 72556.41,"Total Cost": 73202.94,"Plan Rows": 4910,"Plan Width": 272,"Actual Startup Time": 916.353,"Actual Total Time": 961.609,"Actual Rows": 12,"Actual Loops": 1,"Workers Planned": 2,"Workers Launched": 2,"Plans": [{"Node Type": "Aggregate","Strategy": "Sorted","Partial Mode": "Partial","Parent Relationship": "Outer","Parallel Aware": false,"Async Capable": false,"Startup Cost": 71556.39,"Total Cost": 71636.18,"Plan Rows": 2455,"Plan Width": 272,"Actual Startup Time": 908.734,"Actual Total Time": 909.497,"Actual Rows": 4,"Actual Loops": 3,"Group Key": ["n1.n_name", "n2.n_name", "(EXTRACT(year FROM lineitem.l_shipdate))"],"Workers": [],"Plans": [{"Node Type": "Sort","Parent Relationship": "Outer","Parallel Aware": false,"Async Capable": false,"Startup Cost": 71556.39,"Total Cost": 71562.53,"Plan Rows": 2455,"Plan Width": 252,"Actual Startup Time": 908.442,"Actual Total Time": 908.557,"Actual Rows": 1888,"Actual Loops": 3,"Sort Key": ["n1.n_name", "n2.n_name", "(EXTRACT(year FROM lineitem.l_shipdate))"],"Sort Method": "quicksort","Sort Space Used": 261,"Sort Space Type": "Memory","Workers": [{"Worker Number": 0,"Sort Method": "quicksort","Sort Space Used": 252,"Sort Space Type": "Memory"},{"Worker Number": 1,"Sort Method": "quicksort","Sort Space Used": 252,"Sort Space Type": "Memory"}],"Plans": [{"Node Type": "Hash Join","Parent Relationship": "Outer","Parallel Aware": false,"Async Capable": false,"Join Type": "Inner","Startup Cost": 366.16,"Total Cost": 71418.15,"Plan Rows": 2455,"Plan Width": 252,"Actual Startup Time": 12.002,"Actual Total Time": 906.700,"Actual Rows": 1888,"Actual Loops": 3,"Inner Unique": false,"Hash Cond": "(lineitem.l_suppkey = supplier.s_suppkey)","Join Filter": "(((n1.n_name = 'INDIA'::bpchar) AND (n2.n_name = 'MOROCCO'::bpchar)) OR ((n1.n_name = 'MOROCCO'::bpchar) AND (n2.n_name = 'INDIA'::bpchar)))","Rows Removed by Join Filter": 1922,"Workers": [],"Plans": [{"Node Type": "Nested Loop","Parent Relationship": "Outer","Parallel Aware": false,"Async Capable": false,"Join Type": "Inner","Startup Cost": 2.26,"Total Cost": 70727.78,"Plan Rows": 60250,"Plan Width": 124,"Actual Startup Time": 0.737,"Actual Total Time": 889.409,"Actual Rows": 48509,"Actual Loops": 3,"Inner Unique": false,"Workers": [],"Plans": [{"Node Type": "Nested Loop","Parent Relationship": "Outer","Parallel Aware": false,"Async Capable": false,"Join Type": "Inner","Startup Cost": 1.83,"Total Cost": 12400.01,"Plan Rows": 49000,"Plan Width": 108,"Actual Startup Time": 0.327,"Actual Total Time": 220.912,"Actual Rows": 39762,"Actual Loops": 3,"Inner Unique": false,"Workers": [],"Plans": [{"Node Type": "Hash Join","Parent Relationship": "Outer","Parallel Aware": false,"Async Capable": false,"Join Type": "Inner","Startup Cost": 1.40,"Total Cost": 4403.27,"Plan Rows": 4900,"Plan Width": 108,"Actual Startup Time": 0.196,"Actual Total Time": 44.878,"Actual Rows": 3988,"Actual Loops": 3,"Inner Unique": true,"Hash Cond": "(customer.c_nationkey = n2.n_nationkey)","Workers": [],"Plans": [{"Node Type": "Seq Scan","Parent Relationship": "Outer","Parallel Aware": true,"Async Capable": false,"Relation Name": "customer","Alias": "customer","Startup Cost": 0.00,"Total Cost": 4210.00,"Plan Rows": 62500,"Plan Width": 8,"Actual Startup Time": 0.013,"Actual Total Time": 9.031,"Actual Rows": 50000,"Actual Loops": 3,"Workers": []},{"Node Type": "Hash","Parent Relationship": "Inner","Parallel Aware": false,"Async Capable": false,"Startup Cost": 1.38,"Total Cost": 1.38,"Plan Rows": 2,"Plan Width": 108,"Actual Startup Time": 0.093,"Actual Total Time": 0.102,"Actual Rows": 2,"Actual Loops": 3,"Hash Buckets": 1024,"Original Hash Buckets": 1024,"Hash Batches": 1,"Original Hash Batches": 1,"Peak Memory Usage": 9,"Workers": [],"Plans": [{"Node Type": "Seq Scan","Parent Relationship": "Outer","Parallel Aware": false,"Async Capable": false,"Relation Name": "nation","Alias": "n2","Startup Cost": 0.00,"Total Cost": 1.38,"Plan Rows": 2,"Plan Width": 108,"Actual Startup Time": 0.072,"Actual Total Time": 0.080,"Actual Rows": 2,"Actual Loops": 3,"Filter": "((n_name = 'MOROCCO'::bpchar) OR (n_name = 'INDIA'::bpchar))","Rows Removed by Filter": 23,"Workers": []}]}]},{"Node Type": "Index Scan","Parent Relationship": "Inner","Parallel Aware": false,"Async Capable": false,"Scan Direction": "Forward","Index Name": "idx_orders_custkey","Relation Name": "orders","Alias": "orders","Startup Cost": 0.43,"Total Cost": 1.46,"Plan Rows": 17,"Plan Width": 8,"Actual Startup Time": 0.007,"Actual Total Time": 0.043,"Actual Rows": 10,"Actual Loops": 11963,"Index Cond": "(o_custkey = customer.c_custkey)","Rows Removed by Index Recheck": 0,"Workers": []}]},{"Node Type": "Index Scan","Parent Relationship": "Inner","Parallel Aware": false,"Async Capable": false,"Scan Direction": "Forward","Index Name": "idx_lineitem_orderkey","Relation Name": "lineitem","Alias": "lineitem","Startup Cost": 0.43,"Total Cost": 1.14,"Plan Rows": 5,"Plan Width": 24,"Actual Startup Time": 0.016,"Actual Total Time": 0.017,"Actual Rows": 1,"Actual Loops": 119286,"Index Cond": "(l_orderkey = orders.o_orderkey)","Rows Removed by Index Recheck": 0,"Filter": "((l_shipdate >= '1995-01-01'::date) AND (l_shipdate <= '1996-12-31'::date))","Rows Removed by Filter": 3,"Workers": []}]},{"Node Type": "Hash","Parent Relationship": "Inner","Parallel Aware": false,"Async Capable": false,"Startup Cost": 354.10,"Total Cost": 354.10,"Plan Rows": 784,"Plan Width": 108,"Actual Startup Time": 10.486,"Actual Total Time": 10.497,"Actual Rows": 788,"Actual Loops": 3,"Hash Buckets": 1024,"Original Hash Buckets": 1024,"Hash Batches": 1,"Original Hash Batches": 1,"Peak Memory Usage": 56,"Workers": [],"Plans": [{"Node Type": "Hash Join","Parent Relationship": "Outer","Parallel Aware": false,"Async Capable": false,"Join Type": "Inner","Startup Cost": 1.40,"Total Cost": 354.10,"Plan Rows": 784,"Plan Width": 108,"Actual Startup Time": 0.078,"Actual Total Time": 10.310,"Actual Rows": 788,"Actual Loops": 3,"Inner Unique": true,"Hash Cond": "(supplier.s_nationkey = n1.n_nationkey)","Workers": [],"Plans": [{"Node Type": "Seq Scan","Parent Relationship": "Outer","Parallel Aware": false,"Async Capable": false,"Relation Name": "supplier","Alias": "supplier","Startup Cost": 0.00,"Total Cost": 322.00,"Plan Rows": 10000,"Plan Width": 8,"Actual Startup Time": 0.029,"Actual Total Time": 4.180,"Actual Rows": 10000,"Actual Loops": 3,"Workers": []},{"Node Type": "Hash","Parent Relationship": "Inner","Parallel Aware": false,"Async Capable": false,"Startup Cost": 1.38,"Total Cost": 1.38,"Plan Rows": 2,"Plan Width": 108,"Actual Startup Time": 0.019,"Actual Total Time": 0.022,"Actual Rows": 2,"Actual Loops": 3,"Hash Buckets": 1024,"Original Hash Buckets": 1024,"Hash Batches": 1,"Original Hash Batches": 1,"Peak Memory Usage": 9,"Workers": [],"Plans": [{"Node Type": "Seq Scan","Parent Relationship": "Outer","Parallel Aware": false,"Async Capable": false,"Relation Name": "nation","Alias": "n1","Startup Cost": 0.00,"Total Cost": 1.38,"Plan Rows": 2,"Plan Width": 108,"Actual Startup Time": 0.009,"Actual Total Time": 0.013,"Actual Rows": 2,"Actual Loops": 3,"Filter": "((n_name = 'INDIA'::bpchar) OR (n_name = 'MOROCCO'::bpchar))","Rows Removed by Filter": 23,"Workers": []}]}]}]}]}]}]}]}]},"Planning Time": 9.096,"Triggers": [],"Execution Time": 962.098}]
[{"Plan": {"Node Type": "Aggregate","Strategy": "Sorted","Partial Mode": "Finalize","Parallel Aware": false,"Async Capable": false,"Startup Cost": 72556.41,"Total Cost": 73352.71,"Plan Rows": 5893,"Plan Width": 272,"Actual Startup Time": 926.549,"Actual Total Time": 970.801,"Actual Rows": 4,"Actual Loops": 1,"Group Key": ["n1.n_name", "n2.n_name", "(EXTRACT(year FROM lineitem.l_shipdate))"],"Plans": [{"Node Type": "Gather Merge","Parent Relationship": "Outer","Parallel Aware": false,"Async Capable": false,"Startup Cost": 72556.41,"Total Cost": 73202.94,"Plan Rows": 4910,"Plan Width": 272,"Actual Startup Time": 926.252,"Actual Total Time": 970.739,"Actual Rows": 12,"Actual Loops": 1,"Workers Planned": 2,"Workers Launched": 2,"Plans": [{"Node Type": "Aggregate","Strategy": "Sorted","Partial Mode": "Partial","Parent Relationship": "Outer","Parallel Aware": false,"Async Capable": false,"Startup Cost": 71556.39,"Total Cost": 71636.18,"Plan Rows": 2455,"Plan Width": 272,"Actual Startup Time": 918.495,"Actual Total Time": 919.242,"Actual Rows": 4,"Actual Loops": 3,"Group Key": ["n1.n_name", "n2.n_name", "(EXTRACT(year FROM lineitem.l_shipdate))"],"Workers": [],"Plans": [{"Node Type": "Sort","Parent Relationship": "Outer","Parallel Aware": false,"Async Capable": false,"Startup Cost": 71556.39,"Total Cost": 71562.53,"Plan Rows": 2455,"Plan Width": 252,"Actual Startup Time": 918.217,"Actual Total Time": 918.329,"Actual Rows": 2034,"Actual Loops": 3,"Sort Key": ["n1.n_name", "n2.n_name", "(EXTRACT(year FROM lineitem.l_shipdate))"],"Sort Method": "quicksort","Sort Space Used": 265,"Sort Space Type": "Memory","Workers": [{"Worker Number": 0,"Sort Method": "quicksort","Sort Space Used": 269,"Sort Space Type": "Memory"},{"Worker Number": 1,"Sort Method": "quicksort","Sort Space Used": 328,"Sort Space Type": "Memory"}],"Plans": [{"Node Type": "Hash Join","Parent Relationship": "Outer","Parallel Aware": false,"Async Capable": false,"Join Type": "Inner","Startup Cost": 366.16,"Total Cost": 71418.15,"Plan Rows": 2455,"Plan Width": 252,"Actual Startup Time": 8.814,"Actual Total Time": 916.290,"Actual Rows": 2034,"Actual Loops": 3,"Inner Unique": false,"Hash Cond": "(lineitem.l_suppkey = supplier.s_suppkey)","Join Filter": "(((n1.n_name = 'RUSSIA'::bpchar) AND (n2.n_name = 'ALGERIA'::bpchar)) OR ((n1.n_name = 'ALGERIA'::bpchar) AND (n2.n_name = 'RUSSIA'::bpchar)))","Rows Removed by Join Filter": 2046,"Workers": [],"Plans": [{"Node Type": "Nested Loop","Parent Relationship": "Outer","Parallel Aware": false,"Async Capable": false,"Join Type": "Inner","Startup Cost": 2.26,"Total Cost": 70727.78,"Plan Rows": 60250,"Plan Width": 124,"Actual Startup Time": 0.572,"Actual Total Time": 901.968,"Actual Rows": 49171,"Actual Loops": 3,"Inner Unique": false,"Workers": [],"Plans": [{"Node Type": "Nested Loop","Parent Relationship": "Outer","Parallel Aware": false,"Async Capable": false,"Join Type": "Inner","Startup Cost": 1.83,"Total Cost": 12400.01,"Plan Rows": 49000,"Plan Width": 108,"Actual Startup Time": 0.291,"Actual Total Time": 221.379,"Actual Rows": 40372,"Actual Loops": 3,"Inner Unique": false,"Workers": [],"Plans": [{"Node Type": "Hash Join","Parent Relationship": "Outer","Parallel Aware": false,"Async Capable": false,"Join Type": "Inner","Startup Cost": 1.40,"Total Cost": 4403.27,"Plan Rows": 4900,"Plan Width": 108,"Actual Startup Time": 0.190,"Actual Total Time": 42.479,"Actual Rows": 4001,"Actual Loops": 3,"Inner Unique": true,"Hash Cond": "(customer.c_nationkey = n2.n_nationkey)","Workers": [],"Plans": [{"Node Type": "Seq Scan","Parent Relationship": "Outer","Parallel Aware": true,"Async Capable": false,"Relation Name": "customer","Alias": "customer","Startup Cost": 0.00,"Total Cost": 4210.00,"Plan Rows": 62500,"Plan Width": 8,"Actual Startup Time": 0.018,"Actual Total Time": 8.958,"Actual Rows": 50000,"Actual Loops": 3,"Workers": []},{"Node Type": "Hash","Parent Relationship": "Inner","Parallel Aware": false,"Async Capable": false,"Startup Cost": 1.38,"Total Cost": 1.38,"Plan Rows": 2,"Plan Width": 108,"Actual Startup Time": 0.079,"Actual Total Time": 0.084,"Actual Rows": 2,"Actual Loops": 3,"Hash Buckets": 1024,"Original Hash Buckets": 1024,"Hash Batches": 1,"Original Hash Batches": 1,"Peak Memory Usage": 9,"Workers": [],"Plans": [{"Node Type": "Seq Scan","Parent Relationship": "Outer","Parallel Aware": false,"Async Capable": false,"Relation Name": "nation","Alias": "n2","Startup Cost": 0.00,"Total Cost": 1.38,"Plan Rows": 2,"Plan Width": 108,"Actual Startup Time": 0.058,"Actual Total Time": 0.067,"Actual Rows": 2,"Actual Loops": 3,"Filter": "((n_name = 'ALGERIA'::bpchar) OR (n_name = 'RUSSIA'::bpchar))","Rows Removed by Filter": 23,"Workers": []}]}]},{"Node Type": "Index Scan","Parent Relationship": "Inner","Parallel Aware": false,"Async Capable": false,"Scan Direction": "Forward","Index Name": "idx_orders_custkey","Relation Name": "orders","Alias": "orders","Startup Cost": 0.43,"Total Cost": 1.46,"Plan Rows": 17,"Plan Width": 8,"Actual Startup Time": 0.007,"Actual Total Time": 0.043,"Actual Rows": 10,"Actual Loops": 12003,"Index Cond": "(o_custkey = customer.c_custkey)","Rows Removed by Index Recheck": 0,"Workers": []}]},{"Node Type": "Index Scan","Parent Relationship": "Inner","Parallel Aware": false,"Async Capable": false,"Scan Direction": "Forward","Index Name": "idx_lineitem_orderkey","Relation Name": "lineitem","Alias": "lineitem","Startup Cost": 0.43,"Total Cost": 1.14,"Plan Rows": 5,"Plan Width": 24,"Actual Startup Time": 0.016,"Actual Total Time": 0.017,"Actual Rows": 1,"Actual Loops": 121117,"Index Cond": "(l_orderkey = orders.o_orderkey)","Rows Removed by Index Recheck": 0,"Filter": "((l_shipdate >= '1995-01-01'::date) AND (l_shipdate <= '1996-12-31'::date))","Rows Removed by Filter": 3,"Workers": []}]},{"Node Type": "Hash","Parent Relationship": "Inner","Parallel Aware": false,"Async Capable": false,"Startup Cost": 354.10,"Total Cost": 354.10,"Plan Rows": 784,"Plan Width": 108,"Actual Startup Time": 6.961,"Actual Total Time": 6.976,"Actual Rows": 821,"Actual Loops": 3,"Hash Buckets": 1024,"Original Hash Buckets": 1024,"Hash Batches": 1,"Original Hash Batches": 1,"Peak Memory Usage": 58,"Workers": [],"Plans": [{"Node Type": "Hash Join","Parent Relationship": "Outer","Parallel Aware": false,"Async Capable": false,"Join Type": "Inner","Startup Cost": 1.40,"Total Cost": 354.10,"Plan Rows": 784,"Plan Width": 108,"Actual Startup Time": 0.086,"Actual Total Time": 6.766,"Actual Rows": 821,"Actual Loops": 3,"Inner Unique": true,"Hash Cond": "(supplier.s_nationkey = n1.n_nationkey)","Workers": [],"Plans": [{"Node Type": "Seq Scan","Parent Relationship": "Outer","Parallel Aware": false,"Async Capable": false,"Relation Name": "supplier","Alias": "supplier","Startup Cost": 0.00,"Total Cost": 322.00,"Plan Rows": 10000,"Plan Width": 8,"Actual Startup Time": 0.033,"Actual Total Time": 3.619,"Actual Rows": 10000,"Actual Loops": 3,"Workers": []},{"Node Type": "Hash","Parent Relationship": "Inner","Parallel Aware": false,"Async Capable": false,"Startup Cost": 1.38,"Total Cost": 1.38,"Plan Rows": 2,"Plan Width": 108,"Actual Startup Time": 0.016,"Actual Total Time": 0.021,"Actual Rows": 2,"Actual Loops": 3,"Hash Buckets": 1024,"Original Hash Buckets": 1024,"Hash Batches": 1,"Original Hash Batches": 1,"Peak Memory Usage": 9,"Workers": [],"Plans": [{"Node Type": "Seq Scan","Parent Relationship": "Outer","Parallel Aware": false,"Async Capable": false,"Relation Name": "nation","Alias": "n1","Startup Cost": 0.00,"Total Cost": 1.38,"Plan Rows": 2,"Plan Width": 108,"Actual Startup Time": 0.005,"Actual Total Time": 0.012,"Actual Rows": 2,"Actual Loops": 3,"Filter": "((n_name = 'RUSSIA'::bpchar) OR (n_name = 'ALGERIA'::bpchar))","Rows Removed by Filter": 23,"Workers": []}]}]}]}]}]}]}]}]},"Planning Time": 8.593,"Triggers": [],"Execution Time": 971.423}]
[{"Plan": {"Node Type": "Aggregate","Strategy": "Sorted","Partial Mode": "Finalize","Parallel Aware": false,"Async Capable": false,"Startup Cost": 72556.41,"Total Cost": 73352.71,"Plan Rows": 5893,"Plan Width": 272,"Actual Startup Time": 933.873,"Actual Total Time": 989.180,"Actual Rows": 4,"Actual Loops": 1,"Group Key": ["n1.n_name", "n2.n_name", "(EXTRACT(year FROM lineitem.l_shipdate))"],"Plans": [{"Node Type": "Gather Merge","Parent Relationship": "Outer","Parallel Aware": false,"Async Capable": false,"Startup Cost": 72556.41,"Total Cost": 73202.94,"Plan Rows": 4910,"Plan Width": 272,"Actual Startup Time": 933.152,"Actual Total Time": 989.099,"Actual Rows": 12,"Actual Loops": 1,"Workers Planned": 2,"Workers Launched": 2,"Plans": [{"Node Type": "Aggregate","Strategy": "Sorted","Partial Mode": "Partial","Parent Relationship": "Outer","Parallel Aware": false,"Async Capable": false,"Startup Cost": 71556.39,"Total Cost": 71636.18,"Plan Rows": 2455,"Plan Width": 272,"Actual Startup Time": 924.793,"Actual Total Time": 925.652,"Actual Rows": 4,"Actual Loops": 3,"Group Key": ["n1.n_name", "n2.n_name", "(EXTRACT(year FROM lineitem.l_shipdate))"],"Workers": [],"Plans": [{"Node Type": "Sort","Parent Relationship": "Outer","Parallel Aware": false,"Async Capable": false,"Startup Cost": 71556.39,"Total Cost": 71562.53,"Plan Rows": 2455,"Plan Width": 252,"Actual Startup Time": 924.546,"Actual Total Time": 924.657,"Actual Rows": 1960,"Actual Loops": 3,"Sort Key": ["n1.n_name", "n2.n_name", "(EXTRACT(year FROM lineitem.l_shipdate))"],"Sort Method": "quicksort","Sort Space Used": 260,"Sort Space Type": "Memory","Workers": [{"Worker Number": 0,"Sort Method": "quicksort","Sort Space Used": 268,"Sort Space Type": "Memory"},{"Worker Number": 1,"Sort Method": "quicksort","Sort Space Used": 261,"Sort Space Type": "Memory"}],"Plans": [{"Node Type": "Hash Join","Parent Relationship": "Outer","Parallel Aware": false,"Async Capable": false,"Join Type": "Inner","Startup Cost": 366.16,"Total Cost": 71418.15,"Plan Rows": 2455,"Plan Width": 252,"Actual Startup Time": 9.905,"Actual Total Time": 922.622,"Actual Rows": 1960,"Actual Loops": 3,"Inner Unique": false,"Hash Cond": "(lineitem.l_suppkey = supplier.s_suppkey)","Join Filter": "(((n1.n_name = 'SAUDI ARABIA'::bpchar) AND (n2.n_name = 'FRANCE'::bpchar)) OR ((n1.n_name = 'FRANCE'::bpchar) AND (n2.n_name = 'SAUDI ARABIA'::bpchar)))","Rows Removed by Join Filter": 1973,"Workers": [],"Plans": [{"Node Type": "Nested Loop","Parent Relationship": "Outer","Parallel Aware": false,"Async Capable": false,"Join Type": "Inner","Startup Cost": 2.26,"Total Cost": 70727.78,"Plan Rows": 60250,"Plan Width": 124,"Actual Startup Time": 0.775,"Actual Total Time": 906.757,"Actual Rows": 48995,"Actual Loops": 3,"Inner Unique": false,"Workers": [],"Plans": [{"Node Type": "Nested Loop","Parent Relationship": "Outer","Parallel Aware": false,"Async Capable": false,"Join Type": "Inner","Startup Cost": 1.83,"Total Cost": 12400.01,"Plan Rows": 49000,"Plan Width": 108,"Actual Startup Time": 0.458,"Actual Total Time": 229.533,"Actual Rows": 40018,"Actual Loops": 3,"Inner Unique": false,"Workers": [],"Plans": [{"Node Type": "Hash Join","Parent Relationship": "Outer","Parallel Aware": false,"Async Capable": false,"Join Type": "Inner","Startup Cost": 1.40,"Total Cost": 4403.27,"Plan Rows": 4900,"Plan Width": 108,"Actual Startup Time": 0.208,"Actual Total Time": 48.220,"Actual Rows": 4001,"Actual Loops": 3,"Inner Unique": true,"Hash Cond": "(customer.c_nationkey = n2.n_nationkey)","Workers": [],"Plans": [{"Node Type": "Seq Scan","Parent Relationship": "Outer","Parallel Aware": true,"Async Capable": false,"Relation Name": "customer","Alias": "customer","Startup Cost": 0.00,"Total Cost": 4210.00,"Plan Rows": 62500,"Plan Width": 8,"Actual Startup Time": 0.014,"Actual Total Time": 9.549,"Actual Rows": 50000,"Actual Loops": 3,"Workers": []},{"Node Type": "Hash","Parent Relationship": "Inner","Parallel Aware": false,"Async Capable": false,"Startup Cost": 1.38,"Total Cost": 1.38,"Plan Rows": 2,"Plan Width": 108,"Actual Startup Time": 0.079,"Actual Total Time": 0.085,"Actual Rows": 2,"Actual Loops": 3,"Hash Buckets": 1024,"Original Hash Buckets": 1024,"Hash Batches": 1,"Original Hash Batches": 1,"Peak Memory Usage": 9,"Workers": [],"Plans": [{"Node Type": "Seq Scan","Parent Relationship": "Outer","Parallel Aware": false,"Async Capable": false,"Relation Name": "nation","Alias": "n2","Startup Cost": 0.00,"Total Cost": 1.38,"Plan Rows": 2,"Plan Width": 108,"Actual Startup Time": 0.051,"Actual Total Time": 0.059,"Actual Rows": 2,"Actual Loops": 3,"Filter": "((n_name = 'FRANCE'::bpchar) OR (n_name = 'SAUDI ARABIA'::bpchar))","Rows Removed by Filter": 23,"Workers": []}]}]},{"Node Type": "Index Scan","Parent Relationship": "Inner","Parallel Aware": false,"Async Capable": false,"Scan Direction": "Forward","Index Name": "idx_orders_custkey","Relation Name": "orders","Alias": "orders","Startup Cost": 0.43,"Total Cost": 1.46,"Plan Rows": 17,"Plan Width": 8,"Actual Startup Time": 0.007,"Actual Total Time": 0.044,"Actual Rows": 10,"Actual Loops": 12004,"Index Cond": "(o_custkey = customer.c_custkey)","Rows Removed by Index Recheck": 0,"Workers": []}]},{"Node Type": "Index Scan","Parent Relationship": "Inner","Parallel Aware": false,"Async Capable": false,"Scan Direction": "Forward","Index Name": "idx_lineitem_orderkey","Relation Name": "lineitem","Alias": "lineitem","Startup Cost": 0.43,"Total Cost": 1.14,"Plan Rows": 5,"Plan Width": 24,"Actual Startup Time": 0.016,"Actual Total Time": 0.017,"Actual Rows": 1,"Actual Loops": 120053,"Index Cond": "(l_orderkey = orders.o_orderkey)","Rows Removed by Index Recheck": 0,"Filter": "((l_shipdate >= '1995-01-01'::date) AND (l_shipdate <= '1996-12-31'::date))","Rows Removed by Filter": 3,"Workers": []}]},{"Node Type": "Hash","Parent Relationship": "Inner","Parallel Aware": false,"Async Capable": false,"Startup Cost": 354.10,"Total Cost": 354.10,"Plan Rows": 784,"Plan Width": 108,"Actual Startup Time": 8.762,"Actual Total Time": 8.769,"Actual Rows": 813,"Actual Loops": 3,"Hash Buckets": 1024,"Original Hash Buckets": 1024,"Hash Batches": 1,"Original Hash Batches": 1,"Peak Memory Usage": 58,"Workers": [],"Plans": [{"Node Type": "Hash Join","Parent Relationship": "Outer","Parallel Aware": false,"Async Capable": false,"Join Type": "Inner","Startup Cost": 1.40,"Total Cost": 354.10,"Plan Rows": 784,"Plan Width": 108,"Actual Startup Time": 0.154,"Actual Total Time": 8.549,"Actual Rows": 813,"Actual Loops": 3,"Inner Unique": true,"Hash Cond": "(supplier.s_nationkey = n1.n_nationkey)","Workers": [],"Plans": [{"Node Type": "Seq Scan","Parent Relationship": "Outer","Parallel Aware": false,"Async Capable": false,"Relation Name": "supplier","Alias": "supplier","Startup Cost": 0.00,"Total Cost": 322.00,"Plan Rows": 10000,"Plan Width": 8,"Actual Startup Time": 0.036,"Actual Total Time": 4.434,"Actual Rows": 10000,"Actual Loops": 3,"Workers": []},{"Node Type": "Hash","Parent Relationship": "Inner","Parallel Aware": false,"Async Capable": false,"Startup Cost": 1.38,"Total Cost": 1.38,"Plan Rows": 2,"Plan Width": 108,"Actual Startup Time": 0.020,"Actual Total Time": 0.022,"Actual Rows": 2,"Actual Loops": 3,"Hash Buckets": 1024,"Original Hash Buckets": 1024,"Hash Batches": 1,"Original Hash Batches": 1,"Peak Memory Usage": 9,"Workers": [],"Plans": [{"Node Type": "Seq Scan","Parent Relationship": "Outer","Parallel Aware": false,"Async Capable": false,"Relation Name": "nation","Alias": "n1","Startup Cost": 0.00,"Total Cost": 1.38,"Plan Rows": 2,"Plan Width": 108,"Actual Startup Time": 0.008,"Actual Total Time": 0.014,"Actual Rows": 2,"Actual Loops": 3,"Filter": "((n_name = 'SAUDI ARABIA'::bpchar) OR (n_name = 'FRANCE'::bpchar))","Rows Removed by Filter": 23,"Workers": []}]}]}]}]}]}]}]}]},"Planning Time": 8.281,"Triggers": [],"Execution Time": 989.654}]
[{"Plan": {"Node Type": "Aggregate","Strategy": "Sorted","Partial Mode": "Finalize","Parallel Aware": false,"Async Capable": false,"Startup Cost": 72556.41,"Total Cost": 73352.71,"Plan Rows": 5893,"Plan Width": 272,"Actual Startup Time": 929.407,"Actual Total Time": 974.706,"Actual Rows": 4,"Actual Loops": 1,"Group Key": ["n1.n_name", "n2.n_name", "(EXTRACT(year FROM lineitem.l_shipdate))"],"Plans": [{"Node Type": "Gather Merge","Parent Relationship": "Outer","Parallel Aware": false,"Async Capable": false,"Startup Cost": 72556.41,"Total Cost": 73202.94,"Plan Rows": 4910,"Plan Width": 272,"Actual Startup Time": 929.128,"Actual Total Time": 974.642,"Actual Rows": 12,"Actual Loops": 1,"Workers Planned": 2,"Workers Launched": 2,"Plans": [{"Node Type": "Aggregate","Strategy": "Sorted","Partial Mode": "Partial","Parent Relationship": "Outer","Parallel Aware": false,"Async Capable": false,"Startup Cost": 71556.39,"Total Cost": 71636.18,"Plan Rows": 2455,"Plan Width": 272,"Actual Startup Time": 920.985,"Actual Total Time": 921.669,"Actual Rows": 4,"Actual Loops": 3,"Group Key": ["n1.n_name", "n2.n_name", "(EXTRACT(year FROM lineitem.l_shipdate))"],"Workers": [],"Plans": [{"Node Type": "Sort","Parent Relationship": "Outer","Parallel Aware": false,"Async Capable": false,"Startup Cost": 71556.39,"Total Cost": 71562.53,"Plan Rows": 2455,"Plan Width": 252,"Actual Startup Time": 920.699,"Actual Total Time": 920.797,"Actual Rows": 1975,"Actual Loops": 3,"Sort Key": ["n1.n_name", "n2.n_name", "(EXTRACT(year FROM lineitem.l_shipdate))"],"Sort Method": "quicksort","Sort Space Used": 325,"Sort Space Type": "Memory","Workers": [{"Worker Number": 0,"Sort Method": "quicksort","Sort Space Used": 256,"Sort Space Type": "Memory"},{"Worker Number": 1,"Sort Method": "quicksort","Sort Space Used": 261,"Sort Space Type": "Memory"}],"Plans": [{"Node Type": "Hash Join","Parent Relationship": "Outer","Parallel Aware": false,"Async Capable": false,"Join Type": "Inner","Startup Cost": 366.16,"Total Cost": 71418.15,"Plan Rows": 2455,"Plan Width": 252,"Actual Startup Time": 11.881,"Actual Total Time": 918.844,"Actual Rows": 1975,"Actual Loops": 3,"Inner Unique": false,"Hash Cond": "(lineitem.l_suppkey = supplier.s_suppkey)","Join Filter": "(((n1.n_name = 'INDONESIA'::bpchar) AND (n2.n_name = 'UNITED STATES'::bpchar)) OR ((n1.n_name = 'UNITED STATES'::bpchar) AND (n2.n_name = 'INDONESIA'::bpchar)))","Rows Removed by Join Filter": 2009,"Workers": [],"Plans": [{"Node Type": "Nested Loop","Parent Relationship": "Outer","Parallel Aware": false,"Async Capable": false,"Join Type": "Inner","Startup Cost": 2.26,"Total Cost": 70727.78,"Plan Rows": 60250,"Plan Width": 124,"Actual Startup Time": 0.539,"Actual Total Time": 901.149,"Actual Rows": 49430,"Actual Loops": 3,"Inner Unique": false,"Workers": [],"Plans": [{"Node Type": "Nested Loop","Parent Relationship": "Outer","Parallel Aware": false,"Async Capable": false,"Join Type": "Inner","Startup Cost": 1.83,"Total Cost": 12400.01,"Plan Rows": 49000,"Plan Width": 108,"Actual Startup Time": 0.335,"Actual Total Time": 222.194,"Actual Rows": 40433,"Actual Loops": 3,"Inner Unique": false,"Workers": [],"Plans": [{"Node Type": "Hash Join","Parent Relationship": "Outer","Parallel Aware": false,"Async Capable": false,"Join Type": "Inner","Startup Cost": 1.40,"Total Cost": 4403.27,"Plan Rows": 4900,"Plan Width": 108,"Actual Startup Time": 0.200,"Actual Total Time": 44.122,"Actual Rows": 4048,"Actual Loops": 3,"Inner Unique": true,"Hash Cond": "(customer.c_nationkey = n2.n_nationkey)","Workers": [],"Plans": [{"Node Type": "Seq Scan","Parent Relationship": "Outer","Parallel Aware": true,"Async Capable": false,"Relation Name": "customer","Alias": "customer","Startup Cost": 0.00,"Total Cost": 4210.00,"Plan Rows": 62500,"Plan Width": 8,"Actual Startup Time": 0.020,"Actual Total Time": 9.026,"Actual Rows": 50000,"Actual Loops": 3,"Workers": []},{"Node Type": "Hash","Parent Relationship": "Inner","Parallel Aware": false,"Async Capable": false,"Startup Cost": 1.38,"Total Cost": 1.38,"Plan Rows": 2,"Plan Width": 108,"Actual Startup Time": 0.084,"Actual Total Time": 0.087,"Actual Rows": 2,"Actual Loops": 3,"Hash Buckets": 1024,"Original Hash Buckets": 1024,"Hash Batches": 1,"Original Hash Batches": 1,"Peak Memory Usage": 9,"Workers": [],"Plans": [{"Node Type": "Seq Scan","Parent Relationship": "Outer","Parallel Aware": false,"Async Capable": false,"Relation Name": "nation","Alias": "n2","Startup Cost": 0.00,"Total Cost": 1.38,"Plan Rows": 2,"Plan Width": 108,"Actual Startup Time": 0.062,"Actual Total Time": 0.068,"Actual Rows": 2,"Actual Loops": 3,"Filter": "((n_name = 'UNITED STATES'::bpchar) OR (n_name = 'INDONESIA'::bpchar))","Rows Removed by Filter": 23,"Workers": []}]}]},{"Node Type": "Index Scan","Parent Relationship": "Inner","Parallel Aware": false,"Async Capable": false,"Scan Direction": "Forward","Index Name": "idx_orders_custkey","Relation Name": "orders","Alias": "orders","Startup Cost": 0.43,"Total Cost": 1.46,"Plan Rows": 17,"Plan Width": 8,"Actual Startup Time": 0.007,"Actual Total Time": 0.043,"Actual Rows": 10,"Actual Loops": 12144,"Index Cond": "(o_custkey = customer.c_custkey)","Rows Removed by Index Recheck": 0,"Workers": []}]},{"Node Type": "Index Scan","Parent Relationship": "Inner","Parallel Aware": false,"Async Capable": false,"Scan Direction": "Forward","Index Name": "idx_lineitem_orderkey","Relation Name": "lineitem","Alias": "lineitem","Startup Cost": 0.43,"Total Cost": 1.14,"Plan Rows": 5,"Plan Width": 24,"Actual Startup Time": 0.016,"Actual Total Time": 0.017,"Actual Rows": 1,"Actual Loops": 121298,"Index Cond": "(l_orderkey = orders.o_orderkey)","Rows Removed by Index Recheck": 0,"Filter": "((l_shipdate >= '1995-01-01'::date) AND (l_shipdate <= '1996-12-31'::date))","Rows Removed by Filter": 3,"Workers": []}]},{"Node Type": "Hash","Parent Relationship": "Inner","Parallel Aware": false,"Async Capable": false,"Startup Cost": 354.10,"Total Cost": 354.10,"Plan Rows": 784,"Plan Width": 108,"Actual Startup Time": 10.517,"Actual Total Time": 10.525,"Actual Rows": 798,"Actual Loops": 3,"Hash Buckets": 1024,"Original Hash Buckets": 1024,"Hash Batches": 1,"Original Hash Batches": 1,"Peak Memory Usage": 57,"Workers": [],"Plans": [{"Node Type": "Hash Join","Parent Relationship": "Outer","Parallel Aware": false,"Async Capable": false,"Join Type": "Inner","Startup Cost": 1.40,"Total Cost": 354.10,"Plan Rows": 784,"Plan Width": 108,"Actual Startup Time": 0.070,"Actual Total Time": 10.343,"Actual Rows": 798,"Actual Loops": 3,"Inner Unique": true,"Hash Cond": "(supplier.s_nationkey = n1.n_nationkey)","Workers": [],"Plans": [{"Node Type": "Seq Scan","Parent Relationship": "Outer","Parallel Aware": false,"Async Capable": false,"Relation Name": "supplier","Alias": "supplier","Startup Cost": 0.00,"Total Cost": 322.00,"Plan Rows": 10000,"Plan Width": 8,"Actual Startup Time": 0.029,"Actual Total Time": 4.110,"Actual Rows": 10000,"Actual Loops": 3,"Workers": []},{"Node Type": "Hash","Parent Relationship": "Inner","Parallel Aware": false,"Async Capable": false,"Startup Cost": 1.38,"Total Cost": 1.38,"Plan Rows": 2,"Plan Width": 108,"Actual Startup Time": 0.011,"Actual Total Time": 0.016,"Actual Rows": 2,"Actual Loops": 3,"Hash Buckets": 1024,"Original Hash Buckets": 1024,"Hash Batches": 1,"Original Hash Batches": 1,"Peak Memory Usage": 9,"Workers": [],"Plans": [{"Node Type": "Seq Scan","Parent Relationship": "Outer","Parallel Aware": false,"Async Capable": false,"Relation Name": "nation","Alias": "n1","Startup Cost": 0.00,"Total Cost": 1.38,"Plan Rows": 2,"Plan Width": 108,"Actual Startup Time": 0.005,"Actual Total Time": 0.009,"Actual Rows": 2,"Actual Loops": 3,"Filter": "((n_name = 'INDONESIA'::bpchar) OR (n_name = 'UNITED STATES'::bpchar))","Rows Removed by Filter": 23,"Workers": []}]}]}]}]}]}]}]}]},"Planning Time": 9.200,"Triggers": [],"Execution Time": 975.147}]
[{"Plan": {"Node Type": "Aggregate","Strategy": "Sorted","Partial Mode": "Finalize","Parallel Aware": false,"Async Capable": false,"Startup Cost": 72556.41,"Total Cost": 73352.71,"Plan Rows": 5893,"Plan Width": 272,"Actual Startup Time": 930.695,"Actual Total Time": 988.092,"Actual Rows": 4,"Actual Loops": 1,"Group Key": ["n1.n_name", "n2.n_name", "(EXTRACT(year FROM lineitem.l_shipdate))"],"Plans": [{"Node Type": "Gather Merge","Parent Relationship": "Outer","Parallel Aware": false,"Async Capable": false,"Startup Cost": 72556.41,"Total Cost": 73202.94,"Plan Rows": 4910,"Plan Width": 272,"Actual Startup Time": 929.827,"Actual Total Time": 987.971,"Actual Rows": 12,"Actual Loops": 1,"Workers Planned": 2,"Workers Launched": 2,"Plans": [{"Node Type": "Aggregate","Strategy": "Sorted","Partial Mode": "Partial","Parent Relationship": "Outer","Parallel Aware": false,"Async Capable": false,"Startup Cost": 71556.39,"Total Cost": 71636.18,"Plan Rows": 2455,"Plan Width": 272,"Actual Startup Time": 921.793,"Actual Total Time": 922.721,"Actual Rows": 4,"Actual Loops": 3,"Group Key": ["n1.n_name", "n2.n_name", "(EXTRACT(year FROM lineitem.l_shipdate))"],"Workers": [],"Plans": [{"Node Type": "Sort","Parent Relationship": "Outer","Parallel Aware": false,"Async Capable": false,"Startup Cost": 71556.39,"Total Cost": 71562.53,"Plan Rows": 2455,"Plan Width": 252,"Actual Startup Time": 921.481,"Actual Total Time": 921.602,"Actual Rows": 2039,"Actual Loops": 3,"Sort Key": ["n1.n_name", "n2.n_name", "(EXTRACT(year FROM lineitem.l_shipdate))"],"Sort Method": "quicksort","Sort Space Used": 267,"Sort Space Type": "Memory","Workers": [{"Worker Number": 0,"Sort Method": "quicksort","Sort Space Used": 324,"Sort Space Type": "Memory"},{"Worker Number": 1,"Sort Method": "quicksort","Sort Space Used": 272,"Sort Space Type": "Memory"}],"Plans": [{"Node Type": "Hash Join","Parent Relationship": "Outer","Parallel Aware": false,"Async Capable": false,"Join Type": "Inner","Startup Cost": 366.16,"Total Cost": 71418.15,"Plan Rows": 2455,"Plan Width": 252,"Actual Startup Time": 10.407,"Actual Total Time": 919.600,"Actual Rows": 2039,"Actual Loops": 3,"Inner Unique": false,"Hash Cond": "(lineitem.l_suppkey = supplier.s_suppkey)","Join Filter": "(((n1.n_name = 'RUSSIA'::bpchar) AND (n2.n_name = 'IRAQ'::bpchar)) OR ((n1.n_name = 'IRAQ'::bpchar) AND (n2.n_name = 'RUSSIA'::bpchar)))","Rows Removed by Join Filter": 2087,"Workers": [],"Plans": [{"Node Type": "Nested Loop","Parent Relationship": "Outer","Parallel Aware": false,"Async Capable": false,"Join Type": "Inner","Startup Cost": 2.26,"Total Cost": 70727.78,"Plan Rows": 60250,"Plan Width": 124,"Actual Startup Time": 0.426,"Actual Total Time": 903.677,"Actual Rows": 48803,"Actual Loops": 3,"Inner Unique": false,"Workers": [],"Plans": [{"Node Type": "Nested Loop","Parent Relationship": "Outer","Parallel Aware": false,"Async Capable": false,"Join Type": "Inner","Startup Cost": 1.83,"Total Cost": 12400.01,"Plan Rows": 49000,"Plan Width": 108,"Actual Startup Time": 0.317,"Actual Total Time": 227.906,"Actual Rows": 40132,"Actual Loops": 3,"Inner Unique": false,"Workers": [],"Plans": [{"Node Type": "Hash Join","Parent Relationship": "Outer","Parallel Aware": false,"Async Capable": false,"Join Type": "Inner","Startup Cost": 1.40,"Total Cost": 4403.27,"Plan Rows": 4900,"Plan Width": 108,"Actual Startup Time": 0.165,"Actual Total Time": 47.036,"Actual Rows": 4014,"Actual Loops": 3,"Inner Unique": true,"Hash Cond": "(customer.c_nationkey = n2.n_nationkey)","Workers": [],"Plans": [{"Node Type": "Seq Scan","Parent Relationship": "Outer","Parallel Aware": true,"Async Capable": false,"Relation Name": "customer","Alias": "customer","Startup Cost": 0.00,"Total Cost": 4210.00,"Plan Rows": 62500,"Plan Width": 8,"Actual Startup Time": 0.014,"Actual Total Time": 9.551,"Actual Rows": 50000,"Actual Loops": 3,"Workers": []},{"Node Type": "Hash","Parent Relationship": "Inner","Parallel Aware": false,"Async Capable": false,"Startup Cost": 1.38,"Total Cost": 1.38,"Plan Rows": 2,"Plan Width": 108,"Actual Startup Time": 0.073,"Actual Total Time": 0.081,"Actual Rows": 2,"Actual Loops": 3,"Hash Buckets": 1024,"Original Hash Buckets": 1024,"Hash Batches": 1,"Original Hash Batches": 1,"Peak Memory Usage": 9,"Workers": [],"Plans": [{"Node Type": "Seq Scan","Parent Relationship": "Outer","Parallel Aware": false,"Async Capable": false,"Relation Name": "nation","Alias": "n2","Startup Cost": 0.00,"Total Cost": 1.38,"Plan Rows": 2,"Plan Width": 108,"Actual Startup Time": 0.049,"Actual Total Time": 0.055,"Actual Rows": 2,"Actual Loops": 3,"Filter": "((n_name = 'IRAQ'::bpchar) OR (n_name = 'RUSSIA'::bpchar))","Rows Removed by Filter": 23,"Workers": []}]}]},{"Node Type": "Index Scan","Parent Relationship": "Inner","Parallel Aware": false,"Async Capable": false,"Scan Direction": "Forward","Index Name": "idx_orders_custkey","Relation Name": "orders","Alias": "orders","Startup Cost": 0.43,"Total Cost": 1.46,"Plan Rows": 17,"Plan Width": 8,"Actual Startup Time": 0.007,"Actual Total Time": 0.044,"Actual Rows": 10,"Actual Loops": 12041,"Index Cond": "(o_custkey = customer.c_custkey)","Rows Removed by Index Recheck": 0,"Workers": []}]},{"Node Type": "Index Scan","Parent Relationship": "Inner","Parallel Aware": false,"Async Capable": false,"Scan Direction": "Forward","Index Name": "idx_lineitem_orderkey","Relation Name": "lineitem","Alias": "lineitem","Startup Cost": 0.43,"Total Cost": 1.14,"Plan Rows": 5,"Plan Width": 24,"Actual Startup Time": 0.016,"Actual Total Time": 0.017,"Actual Rows": 1,"Actual Loops": 120397,"Index Cond": "(l_orderkey = orders.o_orderkey)","Rows Removed by Index Recheck": 0,"Filter": "((l_shipdate >= '1995-01-01'::date) AND (l_shipdate <= '1996-12-31'::date))","Rows Removed by Filter": 3,"Workers": []}]},{"Node Type": "Hash","Parent Relationship": "Inner","Parallel Aware": false,"Async Capable": false,"Startup Cost": 354.10,"Total Cost": 354.10,"Plan Rows": 784,"Plan Width": 108,"Actual Startup Time": 8.302,"Actual Total Time": 8.315,"Actual Rows": 839,"Actual Loops": 3,"Hash Buckets": 1024,"Original Hash Buckets": 1024,"Hash Batches": 1,"Original Hash Batches": 1,"Peak Memory Usage": 59,"Workers": [],"Plans": [{"Node Type": "Hash Join","Parent Relationship": "Outer","Parallel Aware": false,"Async Capable": false,"Join Type": "Inner","Startup Cost": 1.40,"Total Cost": 354.10,"Plan Rows": 784,"Plan Width": 108,"Actual Startup Time": 0.080,"Actual Total Time": 8.091,"Actual Rows": 839,"Actual Loops": 3,"Inner Unique": true,"Hash Cond": "(supplier.s_nationkey = n1.n_nationkey)","Workers": [],"Plans": [{"Node Type": "Seq Scan","Parent Relationship": "Outer","Parallel Aware": false,"Async Capable": false,"Relation Name": "supplier","Alias": "supplier","Startup Cost": 0.00,"Total Cost": 322.00,"Plan Rows": 10000,"Plan Width": 8,"Actual Startup Time": 0.030,"Actual Total Time": 4.487,"Actual Rows": 10000,"Actual Loops": 3,"Workers": []},{"Node Type": "Hash","Parent Relationship": "Inner","Parallel Aware": false,"Async Capable": false,"Startup Cost": 1.38,"Total Cost": 1.38,"Plan Rows": 2,"Plan Width": 108,"Actual Startup Time": 0.017,"Actual Total Time": 0.022,"Actual Rows": 2,"Actual Loops": 3,"Hash Buckets": 1024,"Original Hash Buckets": 1024,"Hash Batches": 1,"Original Hash Batches": 1,"Peak Memory Usage": 9,"Workers": [],"Plans": [{"Node Type": "Seq Scan","Parent Relationship": "Outer","Parallel Aware": false,"Async Capable": false,"Relation Name": "nation","Alias": "n1","Startup Cost": 0.00,"Total Cost": 1.38,"Plan Rows": 2,"Plan Width": 108,"Actual Startup Time": 0.008,"Actual Total Time": 0.013,"Actual Rows": 2,"Actual Loops": 3,"Filter": "((n_name = 'RUSSIA'::bpchar) OR (n_name = 'IRAQ'::bpchar))","Rows Removed by Filter": 23,"Workers": []}]}]}]}]}]}]}]}]},"Planning Time": 7.884,"Triggers": [],"Execution Time": 988.527}]
[{"Plan": {"Node Type": "Aggregate","Strategy": "Sorted","Partial Mode": "Finalize","Parallel Aware": false,"Async Capable": false,"Startup Cost": 72556.41,"Total Cost": 73352.71,"Plan Rows": 5893,"Plan Width": 272,"Actual Startup Time": 922.369,"Actual Total Time": 966.229,"Actual Rows": 4,"Actual Loops": 1,"Group Key": ["n1.n_name", "n2.n_name", "(EXTRACT(year FROM lineitem.l_shipdate))"],"Plans": [{"Node Type": "Gather Merge","Parent Relationship": "Outer","Parallel Aware": false,"Async Capable": false,"Startup Cost": 72556.41,"Total Cost": 73202.94,"Plan Rows": 4910,"Plan Width": 272,"Actual Startup Time": 922.093,"Actual Total Time": 966.123,"Actual Rows": 12,"Actual Loops": 1,"Workers Planned": 2,"Workers Launched": 2,"Plans": [{"Node Type": "Aggregate","Strategy": "Sorted","Partial Mode": "Partial","Parent Relationship": "Outer","Parallel Aware": false,"Async Capable": false,"Startup Cost": 71556.39,"Total Cost": 71636.18,"Plan Rows": 2455,"Plan Width": 272,"Actual Startup Time": 914.576,"Actual Total Time": 915.274,"Actual Rows": 4,"Actual Loops": 3,"Group Key": ["n1.n_name", "n2.n_name", "(EXTRACT(year FROM lineitem.l_shipdate))"],"Workers": [],"Plans": [{"Node Type": "Sort","Parent Relationship": "Outer","Parallel Aware": false,"Async Capable": false,"Startup Cost": 71556.39,"Total Cost": 71562.53,"Plan Rows": 2455,"Plan Width": 252,"Actual Startup Time": 914.310,"Actual Total Time": 914.413,"Actual Rows": 1895,"Actual Loops": 3,"Sort Key": ["n1.n_name", "n2.n_name", "(EXTRACT(year FROM lineitem.l_shipdate))"],"Sort Method": "quicksort","Sort Space Used": 248,"Sort Space Type": "Memory","Workers": [{"Worker Number": 0,"Sort Method": "quicksort","Sort Space Used": 253,"Sort Space Type": "Memory"},{"Worker Number": 1,"Sort Method": "quicksort","Sort Space Used": 266,"Sort Space Type": "Memory"}],"Plans": [{"Node Type": "Hash Join","Parent Relationship": "Outer","Parallel Aware": false,"Async Capable": false,"Join Type": "Inner","Startup Cost": 366.16,"Total Cost": 71418.15,"Plan Rows": 2455,"Plan Width": 252,"Actual Startup Time": 9.596,"Actual Total Time": 912.543,"Actual Rows": 1895,"Actual Loops": 3,"Inner Unique": false,"Hash Cond": "(lineitem.l_suppkey = supplier.s_suppkey)","Join Filter": "(((n1.n_name = 'VIETNAM'::bpchar) AND (n2.n_name = 'JORDAN'::bpchar)) OR ((n1.n_name = 'JORDAN'::bpchar) AND (n2.n_name = 'VIETNAM'::bpchar)))","Rows Removed by Join Filter": 1877,"Workers": [],"Plans": [{"Node Type": "Nested Loop","Parent Relationship": "Outer","Parallel Aware": false,"Async Capable": false,"Join Type": "Inner","Startup Cost": 2.26,"Total Cost": 70727.78,"Plan Rows": 60250,"Plan Width": 124,"Actual Startup Time": 0.455,"Actual Total Time": 897.806,"Actual Rows": 49368,"Actual Loops": 3,"Inner Unique": false,"Workers": [],"Plans": [{"Node Type": "Nested Loop","Parent Relationship": "Outer","Parallel Aware": false,"Async Capable": false,"Join Type": "Inner","Startup Cost": 1.83,"Total Cost": 12400.01,"Plan Rows": 49000,"Plan Width": 108,"Actual Startup Time": 0.284,"Actual Total Time": 221.744,"Actual Rows": 40361,"Actual Loops": 3,"Inner Unique": false,"Workers": [],"Plans": [{"Node Type": "Hash Join","Parent Relationship": "Outer","Parallel Aware": false,"Async Capable": false,"Join Type": "Inner","Startup Cost": 1.40,"Total Cost": 4403.27,"Plan Rows": 4900,"Plan Width": 108,"Actual Startup Time": 0.177,"Actual Total Time": 43.443,"Actual Rows": 4014,"Actual Loops": 3,"Inner Unique": true,"Hash Cond": "(customer.c_nationkey = n2.n_nationkey)","Workers": [],"Plans": [{"Node Type": "Seq Scan","Parent Relationship": "Outer","Parallel Aware": true,"Async Capable": false,"Relation Name": "customer","Alias": "customer","Startup Cost": 0.00,"Total Cost": 4210.00,"Plan Rows": 62500,"Plan Width": 8,"Actual Startup Time": 0.013,"Actual Total Time": 9.069,"Actual Rows": 50000,"Actual Loops": 3,"Workers": []},{"Node Type": "Hash","Parent Relationship": "Inner","Parallel Aware": false,"Async Capable": false,"Startup Cost": 1.38,"Total Cost": 1.38,"Plan Rows": 2,"Plan Width": 108,"Actual Startup Time": 0.069,"Actual Total Time": 0.076,"Actual Rows": 2,"Actual Loops": 3,"Hash Buckets": 1024,"Original Hash Buckets": 1024,"Hash Batches": 1,"Original Hash Batches": 1,"Peak Memory Usage": 9,"Workers": [],"Plans": [{"Node Type": "Seq Scan","Parent Relationship": "Outer","Parallel Aware": false,"Async Capable": false,"Relation Name": "nation","Alias": "n2","Startup Cost": 0.00,"Total Cost": 1.38,"Plan Rows": 2,"Plan Width": 108,"Actual Startup Time": 0.052,"Actual Total Time": 0.058,"Actual Rows": 2,"Actual Loops": 3,"Filter": "((n_name = 'JORDAN'::bpchar) OR (n_name = 'VIETNAM'::bpchar))","Rows Removed by Filter": 23,"Workers": []}]}]},{"Node Type": "Index Scan","Parent Relationship": "Inner","Parallel Aware": false,"Async Capable": false,"Scan Direction": "Forward","Index Name": "idx_orders_custkey","Relation Name": "orders","Alias": "orders","Startup Cost": 0.43,"Total Cost": 1.46,"Plan Rows": 17,"Plan Width": 8,"Actual Startup Time": 0.007,"Actual Total Time": 0.043,"Actual Rows": 10,"Actual Loops": 12041,"Index Cond": "(o_custkey = customer.c_custkey)","Rows Removed by Index Recheck": 0,"Workers": []}]},{"Node Type": "Index Scan","Parent Relationship": "Inner","Parallel Aware": false,"Async Capable": false,"Scan Direction": "Forward","Index Name": "idx_lineitem_orderkey","Relation Name": "lineitem","Alias": "lineitem","Startup Cost": 0.43,"Total Cost": 1.14,"Plan Rows": 5,"Plan Width": 24,"Actual Startup Time": 0.016,"Actual Total Time": 0.016,"Actual Rows": 1,"Actual Loops": 121083,"Index Cond": "(l_orderkey = orders.o_orderkey)","Rows Removed by Index Recheck": 0,"Filter": "((l_shipdate >= '1995-01-01'::date) AND (l_shipdate <= '1996-12-31'::date))","Rows Removed by Filter": 3,"Workers": []}]},{"Node Type": "Hash","Parent Relationship": "Inner","Parallel Aware": false,"Async Capable": false,"Startup Cost": 354.10,"Total Cost": 354.10,"Plan Rows": 784,"Plan Width": 108,"Actual Startup Time": 7.824,"Actual Total Time": 7.837,"Actual Rows": 761,"Actual Loops": 3,"Hash Buckets": 1024,"Original Hash Buckets": 1024,"Hash Batches": 1,"Original Hash Batches": 1,"Peak Memory Usage": 55,"Workers": [],"Plans": [{"Node Type": "Hash Join","Parent Relationship": "Outer","Parallel Aware": false,"Async Capable": false,"Join Type": "Inner","Startup Cost": 1.40,"Total Cost": 354.10,"Plan Rows": 784,"Plan Width": 108,"Actual Startup Time": 0.086,"Actual Total Time": 7.614,"Actual Rows": 761,"Actual Loops": 3,"Inner Unique": true,"Hash Cond": "(supplier.s_nationkey = n1.n_nationkey)","Workers": [],"Plans": [{"Node Type": "Seq Scan","Parent Relationship": "Outer","Parallel Aware": false,"Async Capable": false,"Relation Name": "supplier","Alias": "supplier","Startup Cost": 0.00,"Total Cost": 322.00,"Plan Rows": 10000,"Plan Width": 8,"Actual Startup Time": 0.031,"Actual Total Time": 4.021,"Actual Rows": 10000,"Actual Loops": 3,"Workers": []},{"Node Type": "Hash","Parent Relationship": "Inner","Parallel Aware": false,"Async Capable": false,"Startup Cost": 1.38,"Total Cost": 1.38,"Plan Rows": 2,"Plan Width": 108,"Actual Startup Time": 0.020,"Actual Total Time": 0.024,"Actual Rows": 2,"Actual Loops": 3,"Hash Buckets": 1024,"Original Hash Buckets": 1024,"Hash Batches": 1,"Original Hash Batches": 1,"Peak Memory Usage": 9,"Workers": [],"Plans": [{"Node Type": "Seq Scan","Parent Relationship": "Outer","Parallel Aware": false,"Async Capable": false,"Relation Name": "nation","Alias": "n1","Startup Cost": 0.00,"Total Cost": 1.38,"Plan Rows": 2,"Plan Width": 108,"Actual Startup Time": 0.008,"Actual Total Time": 0.013,"Actual Rows": 2,"Actual Loops": 3,"Filter": "((n_name = 'VIETNAM'::bpchar) OR (n_name = 'JORDAN'::bpchar))","Rows Removed by Filter": 23,"Workers": []}]}]}]}]}]}]}]}]},"Planning Time": 9.347,"Triggers": [],"Execution Time": 966.793}]
[{"Plan": {"Node Type": "Aggregate","Strategy": "Sorted","Partial Mode": "Finalize","Parallel Aware": false,"Async Capable": false,"Startup Cost": 72556.41,"Total Cost": 73352.71,"Plan Rows": 5893,"Plan Width": 272,"Actual Startup Time": 929.873,"Actual Total Time": 975.189,"Actual Rows": 4,"Actual Loops": 1,"Group Key": ["n1.n_name", "n2.n_name", "(EXTRACT(year FROM lineitem.l_shipdate))"],"Plans": [{"Node Type": "Gather Merge","Parent Relationship": "Outer","Parallel Aware": false,"Async Capable": false,"Startup Cost": 72556.41,"Total Cost": 73202.94,"Plan Rows": 4910,"Plan Width": 272,"Actual Startup Time": 929.063,"Actual Total Time": 975.099,"Actual Rows": 12,"Actual Loops": 1,"Workers Planned": 2,"Workers Launched": 2,"Plans": [{"Node Type": "Aggregate","Strategy": "Sorted","Partial Mode": "Partial","Parent Relationship": "Outer","Parallel Aware": false,"Async Capable": false,"Startup Cost": 71556.39,"Total Cost": 71636.18,"Plan Rows": 2455,"Plan Width": 272,"Actual Startup Time": 921.139,"Actual Total Time": 922.021,"Actual Rows": 4,"Actual Loops": 3,"Group Key": ["n1.n_name", "n2.n_name", "(EXTRACT(year FROM lineitem.l_shipdate))"],"Workers": [],"Plans": [{"Node Type": "Sort","Parent Relationship": "Outer","Parallel Aware": false,"Async Capable": false,"Startup Cost": 71556.39,"Total Cost": 71562.53,"Plan Rows": 2455,"Plan Width": 252,"Actual Startup Time": 920.872,"Actual Total Time": 920.996,"Actual Rows": 1967,"Actual Loops": 3,"Sort Key": ["n1.n_name", "n2.n_name", "(EXTRACT(year FROM lineitem.l_shipdate))"],"Sort Method": "quicksort","Sort Space Used": 268,"Sort Space Type": "Memory","Workers": [{"Worker Number": 0,"Sort Method": "quicksort","Sort Space Used": 262,"Sort Space Type": "Memory"},{"Worker Number": 1,"Sort Method": "quicksort","Sort Space Used": 261,"Sort Space Type": "Memory"}],"Plans": [{"Node Type": "Hash Join","Parent Relationship": "Outer","Parallel Aware": false,"Async Capable": false,"Join Type": "Inner","Startup Cost": 366.16,"Total Cost": 71418.15,"Plan Rows": 2455,"Plan Width": 252,"Actual Startup Time": 11.762,"Actual Total Time": 919.140,"Actual Rows": 1967,"Actual Loops": 3,"Inner Unique": false,"Hash Cond": "(lineitem.l_suppkey = supplier.s_suppkey)","Join Filter": "(((n1.n_name = 'ROMANIA'::bpchar) AND (n2.n_name = 'VIETNAM'::bpchar)) OR ((n1.n_name = 'VIETNAM'::bpchar) AND (n2.n_name = 'ROMANIA'::bpchar)))","Rows Removed by Join Filter": 1961,"Workers": [],"Plans": [{"Node Type": "Nested Loop","Parent Relationship": "Outer","Parallel Aware": false,"Async Capable": false,"Join Type": "Inner","Startup Cost": 2.26,"Total Cost": 70727.78,"Plan Rows": 60250,"Plan Width": 124,"Actual Startup Time": 0.655,"Actual Total Time": 901.472,"Actual Rows": 49382,"Actual Loops": 3,"Inner Unique": false,"Workers": [],"Plans": [{"Node Type": "Nested Loop","Parent Relationship": "Outer","Parallel Aware": false,"Async Capable": false,"Join Type": "Inner","Startup Cost": 1.83,"Total Cost": 12400.01,"Plan Rows": 49000,"Plan Width": 108,"Actual Startup Time": 0.281,"Actual Total Time": 223.538,"Actual Rows": 40453,"Actual Loops": 3,"Inner Unique": false,"Workers": [],"Plans": [{"Node Type": "Hash Join","Parent Relationship": "Outer","Parallel Aware": false,"Async Capable": false,"Join Type": "Inner","Startup Cost": 1.40,"Total Cost": 4403.27,"Plan Rows": 4900,"Plan Width": 108,"Actual Startup Time": 0.155,"Actual Total Time": 44.418,"Actual Rows": 4036,"Actual Loops": 3,"Inner Unique": true,"Hash Cond": "(customer.c_nationkey = n2.n_nationkey)","Workers": [],"Plans": [{"Node Type": "Seq Scan","Parent Relationship": "Outer","Parallel Aware": true,"Async Capable": false,"Relation Name": "customer","Alias": "customer","Startup Cost": 0.00,"Total Cost": 4210.00,"Plan Rows": 62500,"Plan Width": 8,"Actual Startup Time": 0.011,"Actual Total Time": 9.104,"Actual Rows": 50000,"Actual Loops": 3,"Workers": []},{"Node Type": "Hash","Parent Relationship": "Inner","Parallel Aware": false,"Async Capable": false,"Startup Cost": 1.38,"Total Cost": 1.38,"Plan Rows": 2,"Plan Width": 108,"Actual Startup Time": 0.058,"Actual Total Time": 0.066,"Actual Rows": 2,"Actual Loops": 3,"Hash Buckets": 1024,"Original Hash Buckets": 1024,"Hash Batches": 1,"Original Hash Batches": 1,"Peak Memory Usage": 9,"Workers": [],"Plans": [{"Node Type": "Seq Scan","Parent Relationship": "Outer","Parallel Aware": false,"Async Capable": false,"Relation Name": "nation","Alias": "n2","Startup Cost": 0.00,"Total Cost": 1.38,"Plan Rows": 2,"Plan Width": 108,"Actual Startup Time": 0.044,"Actual Total Time": 0.047,"Actual Rows": 2,"Actual Loops": 3,"Filter": "((n_name = 'VIETNAM'::bpchar) OR (n_name = 'ROMANIA'::bpchar))","Rows Removed by Filter": 23,"Workers": []}]}]},{"Node Type": "Index Scan","Parent Relationship": "Inner","Parallel Aware": false,"Async Capable": false,"Scan Direction": "Forward","Index Name": "idx_orders_custkey","Relation Name": "orders","Alias": "orders","Startup Cost": 0.43,"Total Cost": 1.46,"Plan Rows": 17,"Plan Width": 8,"Actual Startup Time": 0.007,"Actual Total Time": 0.043,"Actual Rows": 10,"Actual Loops": 12108,"Index Cond": "(o_custkey = customer.c_custkey)","Rows Removed by Index Recheck": 0,"Workers": []}]},{"Node Type": "Index Scan","Parent Relationship": "Inner","Parallel Aware": false,"Async Capable": false,"Scan Direction": "Forward","Index Name": "idx_lineitem_orderkey","Relation Name": "lineitem","Alias": "lineitem","Startup Cost": 0.43,"Total Cost": 1.14,"Plan Rows": 5,"Plan Width": 24,"Actual Startup Time": 0.016,"Actual Total Time": 0.016,"Actual Rows": 1,"Actual Loops": 121359,"Index Cond": "(l_orderkey = orders.o_orderkey)","Rows Removed by Index Recheck": 0,"Filter": "((l_shipdate >= '1995-01-01'::date) AND (l_shipdate <= '1996-12-31'::date))","Rows Removed by Filter": 3,"Workers": []}]},{"Node Type": "Hash","Parent Relationship": "Inner","Parallel Aware": false,"Async Capable": false,"Startup Cost": 354.10,"Total Cost": 354.10,"Plan Rows": 784,"Plan Width": 108,"Actual Startup Time": 10.584,"Actual Total Time": 10.597,"Actual Rows": 797,"Actual Loops": 3,"Hash Buckets": 1024,"Original Hash Buckets": 1024,"Hash Batches": 1,"Original Hash Batches": 1,"Peak Memory Usage": 57,"Workers": [],"Plans": [{"Node Type": "Hash Join","Parent Relationship": "Outer","Parallel Aware": false,"Async Capable": false,"Join Type": "Inner","Startup Cost": 1.40,"Total Cost": 354.10,"Plan Rows": 784,"Plan Width": 108,"Actual Startup Time": 0.073,"Actual Total Time": 10.404,"Actual Rows": 797,"Actual Loops": 3,"Inner Unique": true,"Hash Cond": "(supplier.s_nationkey = n1.n_nationkey)","Workers": [],"Plans": [{"Node Type": "Seq Scan","Parent Relationship": "Outer","Parallel Aware": false,"Async Capable": false,"Relation Name": "supplier","Alias": "supplier","Startup Cost": 0.00,"Total Cost": 322.00,"Plan Rows": 10000,"Plan Width": 8,"Actual Startup Time": 0.028,"Actual Total Time": 4.251,"Actual Rows": 10000,"Actual Loops": 3,"Workers": []},{"Node Type": "Hash","Parent Relationship": "Inner","Parallel Aware": false,"Async Capable": false,"Startup Cost": 1.38,"Total Cost": 1.38,"Plan Rows": 2,"Plan Width": 108,"Actual Startup Time": 0.013,"Actual Total Time": 0.019,"Actual Rows": 2,"Actual Loops": 3,"Hash Buckets": 1024,"Original Hash Buckets": 1024,"Hash Batches": 1,"Original Hash Batches": 1,"Peak Memory Usage": 9,"Workers": [],"Plans": [{"Node Type": "Seq Scan","Parent Relationship": "Outer","Parallel Aware": false,"Async Capable": false,"Relation Name": "nation","Alias": "n1","Startup Cost": 0.00,"Total Cost": 1.38,"Plan Rows": 2,"Plan Width": 108,"Actual Startup Time": 0.007,"Actual Total Time": 0.011,"Actual Rows": 2,"Actual Loops": 3,"Filter": "((n_name = 'ROMANIA'::bpchar) OR (n_name = 'VIETNAM'::bpchar))","Rows Removed by Filter": 23,"Workers": []}]}]}]}]}]}]}]}]},"Planning Time": 7.616,"Triggers": [],"Execution Time": 975.616}]
[{"Plan": {"Node Type": "Aggregate","Strategy": "Sorted","Partial Mode": "Finalize","Parallel Aware": false,"Async Capable": false,"Startup Cost": 72556.41,"Total Cost": 73352.71,"Plan Rows": 5893,"Plan Width": 272,"Actual Startup Time": 921.574,"Actual Total Time": 965.927,"Actual Rows": 4,"Actual Loops": 1,"Group Key": ["n1.n_name", "n2.n_name", "(EXTRACT(year FROM lineitem.l_shipdate))"],"Plans": [{"Node Type": "Gather Merge","Parent Relationship": "Outer","Parallel Aware": false,"Async Capable": false,"Startup Cost": 72556.41,"Total Cost": 73202.94,"Plan Rows": 4910,"Plan Width": 272,"Actual Startup Time": 921.280,"Actual Total Time": 965.864,"Actual Rows": 12,"Actual Loops": 1,"Workers Planned": 2,"Workers Launched": 2,"Plans": [{"Node Type": "Aggregate","Strategy": "Sorted","Partial Mode": "Partial","Parent Relationship": "Outer","Parallel Aware": false,"Async Capable": false,"Startup Cost": 71556.39,"Total Cost": 71636.18,"Plan Rows": 2455,"Plan Width": 272,"Actual Startup Time": 913.425,"Actual Total Time": 914.087,"Actual Rows": 4,"Actual Loops": 3,"Group Key": ["n1.n_name", "n2.n_name", "(EXTRACT(year FROM lineitem.l_shipdate))"],"Workers": [],"Plans": [{"Node Type": "Sort","Parent Relationship": "Outer","Parallel Aware": false,"Async Capable": false,"Startup Cost": 71556.39,"Total Cost": 71562.53,"Plan Rows": 2455,"Plan Width": 252,"Actual Startup Time": 913.163,"Actual Total Time": 913.269,"Actual Rows": 1959,"Actual Loops": 3,"Sort Key": ["n1.n_name", "n2.n_name", "(EXTRACT(year FROM lineitem.l_shipdate))"],"Sort Method": "quicksort","Sort Space Used": 260,"Sort Space Type": "Memory","Workers": [{"Worker Number": 0,"Sort Method": "quicksort","Sort Space Used": 257,"Sort Space Type": "Memory"},{"Worker Number": 1,"Sort Method": "quicksort","Sort Space Used": 271,"Sort Space Type": "Memory"}],"Plans": [{"Node Type": "Hash Join","Parent Relationship": "Outer","Parallel Aware": false,"Async Capable": false,"Join Type": "Inner","Startup Cost": 366.16,"Total Cost": 71418.15,"Plan Rows": 2455,"Plan Width": 252,"Actual Startup Time": 9.024,"Actual Total Time": 911.403,"Actual Rows": 1959,"Actual Loops": 3,"Inner Unique": false,"Hash Cond": "(lineitem.l_suppkey = supplier.s_suppkey)","Join Filter": "(((n1.n_name = 'UNITED KINGDOM'::bpchar) AND (n2.n_name = 'CANADA'::bpchar)) OR ((n1.n_name = 'CANADA'::bpchar) AND (n2.n_name = 'UNITED KINGDOM'::bpchar)))","Rows Removed by Join Filter": 1994,"Workers": [],"Plans": [{"Node Type": "Nested Loop","Parent Relationship": "Outer","Parallel Aware": false,"Async Capable": false,"Join Type": "Inner","Startup Cost": 2.26,"Total Cost": 70727.78,"Plan Rows": 60250,"Plan Width": 124,"Actual Startup Time": 0.677,"Actual Total Time": 897.030,"Actual Rows": 48706,"Actual Loops": 3,"Inner Unique": false,"Workers": [],"Plans": [{"Node Type": "Nested Loop","Parent Relationship": "Outer","Parallel Aware": false,"Async Capable": false,"Join Type": "Inner","Startup Cost": 1.83,"Total Cost": 12400.01,"Plan Rows": 49000,"Plan Width": 108,"Actual Startup Time": 0.287,"Actual Total Time": 221.812,"Actual Rows": 39978,"Actual Loops": 3,"Inner Unique": false,"Workers": [],"Plans": [{"Node Type": "Hash Join","Parent Relationship": "Outer","Parallel Aware": false,"Async Capable": false,"Join Type": "Inner","Startup Cost": 1.40,"Total Cost": 4403.27,"Plan Rows": 4900,"Plan Width": 108,"Actual Startup Time": 0.167,"Actual Total Time": 43.072,"Actual Rows": 4010,"Actual Loops": 3,"Inner Unique": true,"Hash Cond": "(customer.c_nationkey = n2.n_nationkey)","Workers": [],"Plans": [{"Node Type": "Seq Scan","Parent Relationship": "Outer","Parallel Aware": true,"Async Capable": false,"Relation Name": "customer","Alias": "customer","Startup Cost": 0.00,"Total Cost": 4210.00,"Plan Rows": 62500,"Plan Width": 8,"Actual Startup Time": 0.014,"Actual Total Time": 9.027,"Actual Rows": 50000,"Actual Loops": 3,"Workers": []},{"Node Type": "Hash","Parent Relationship": "Inner","Parallel Aware": false,"Async Capable": false,"Startup Cost": 1.38,"Total Cost": 1.38,"Plan Rows": 2,"Plan Width": 108,"Actual Startup Time": 0.071,"Actual Total Time": 0.076,"Actual Rows": 2,"Actual Loops": 3,"Hash Buckets": 1024,"Original Hash Buckets": 1024,"Hash Batches": 1,"Original Hash Batches": 1,"Peak Memory Usage": 9,"Workers": [],"Plans": [{"Node Type": "Seq Scan","Parent Relationship": "Outer","Parallel Aware": false,"Async Capable": false,"Relation Name": "nation","Alias": "n2","Startup Cost": 0.00,"Total Cost": 1.38,"Plan Rows": 2,"Plan Width": 108,"Actual Startup Time": 0.049,"Actual Total Time": 0.057,"Actual Rows": 2,"Actual Loops": 3,"Filter": "((n_name = 'CANADA'::bpchar) OR (n_name = 'UNITED KINGDOM'::bpchar))","Rows Removed by Filter": 23,"Workers": []}]}]},{"Node Type": "Index Scan","Parent Relationship": "Inner","Parallel Aware": false,"Async Capable": false,"Scan Direction": "Forward","Index Name": "idx_orders_custkey","Relation Name": "orders","Alias": "orders","Startup Cost": 0.43,"Total Cost": 1.46,"Plan Rows": 17,"Plan Width": 8,"Actual Startup Time": 0.007,"Actual Total Time": 0.043,"Actual Rows": 10,"Actual Loops": 12031,"Index Cond": "(o_custkey = customer.c_custkey)","Rows Removed by Index Recheck": 0,"Workers": []}]},{"Node Type": "Index Scan","Parent Relationship": "Inner","Parallel Aware": false,"Async Capable": false,"Scan Direction": "Forward","Index Name": "idx_lineitem_orderkey","Relation Name": "lineitem","Alias": "lineitem","Startup Cost": 0.43,"Total Cost": 1.14,"Plan Rows": 5,"Plan Width": 24,"Actual Startup Time": 0.016,"Actual Total Time": 0.017,"Actual Rows": 1,"Actual Loops": 119935,"Index Cond": "(l_orderkey = orders.o_orderkey)","Rows Removed by Index Recheck": 0,"Filter": "((l_shipdate >= '1995-01-01'::date) AND (l_shipdate <= '1996-12-31'::date))","Rows Removed by Filter": 3,"Workers": []}]},{"Node Type": "Hash","Parent Relationship": "Inner","Parallel Aware": false,"Async Capable": false,"Startup Cost": 354.10,"Total Cost": 354.10,"Plan Rows": 784,"Plan Width": 108,"Actual Startup Time": 7.305,"Actual Total Time": 7.321,"Actual Rows": 802,"Actual Loops": 3,"Hash Buckets": 1024,"Original Hash Buckets": 1024,"Hash Batches": 1,"Original Hash Batches": 1,"Peak Memory Usage": 57,"Workers": [],"Plans": [{"Node Type": "Hash Join","Parent Relationship": "Outer","Parallel Aware": false,"Async Capable": false,"Join Type": "Inner","Startup Cost": 1.40,"Total Cost": 354.10,"Plan Rows": 784,"Plan Width": 108,"Actual Startup Time": 0.090,"Actual Total Time": 7.120,"Actual Rows": 802,"Actual Loops": 3,"Inner Unique": true,"Hash Cond": "(supplier.s_nationkey = n1.n_nationkey)","Workers": [],"Plans": [{"Node Type": "Seq Scan","Parent Relationship": "Outer","Parallel Aware": false,"Async Capable": false,"Relation Name": "supplier","Alias": "supplier","Startup Cost": 0.00,"Total Cost": 322.00,"Plan Rows": 10000,"Plan Width": 8,"Actual Startup Time": 0.037,"Actual Total Time": 3.802,"Actual Rows": 10000,"Actual Loops": 3,"Workers": []},{"Node Type": "Hash","Parent Relationship": "Inner","Parallel Aware": false,"Async Capable": false,"Startup Cost": 1.38,"Total Cost": 1.38,"Plan Rows": 2,"Plan Width": 108,"Actual Startup Time": 0.019,"Actual Total Time": 0.025,"Actual Rows": 2,"Actual Loops": 3,"Hash Buckets": 1024,"Original Hash Buckets": 1024,"Hash Batches": 1,"Original Hash Batches": 1,"Peak Memory Usage": 9,"Workers": [],"Plans": [{"Node Type": "Seq Scan","Parent Relationship": "Outer","Parallel Aware": false,"Async Capable": false,"Relation Name": "nation","Alias": "n1","Startup Cost": 0.00,"Total Cost": 1.38,"Plan Rows": 2,"Plan Width": 108,"Actual Startup Time": 0.007,"Actual Total Time": 0.015,"Actual Rows": 2,"Actual Loops": 3,"Filter": "((n_name = 'UNITED KINGDOM'::bpchar) OR (n_name = 'CANADA'::bpchar))","Rows Removed by Filter": 23,"Workers": []}]}]}]}]}]}]}]}]},"Planning Time": 8.389,"Triggers": [],"Execution Time": 966.489}]
[{"Plan": {"Node Type": "Aggregate","Strategy": "Sorted","Partial Mode": "Finalize","Parallel Aware": false,"Async Capable": false,"Startup Cost": 72556.41,"Total Cost": 73352.71,"Plan Rows": 5893,"Plan Width": 272,"Actual Startup Time": 927.306,"Actual Total Time": 970.845,"Actual Rows": 4,"Actual Loops": 1,"Group Key": ["n1.n_name", "n2.n_name", "(EXTRACT(year FROM lineitem.l_shipdate))"],"Plans": [{"Node Type": "Gather Merge","Parent Relationship": "Outer","Parallel Aware": false,"Async Capable": false,"Startup Cost": 72556.41,"Total Cost": 73202.94,"Plan Rows": 4910,"Plan Width": 272,"Actual Startup Time": 927.043,"Actual Total Time": 970.774,"Actual Rows": 12,"Actual Loops": 1,"Workers Planned": 2,"Workers Launched": 2,"Plans": [{"Node Type": "Aggregate","Strategy": "Sorted","Partial Mode": "Partial","Parent Relationship": "Outer","Parallel Aware": false,"Async Capable": false,"Startup Cost": 71556.39,"Total Cost": 71636.18,"Plan Rows": 2455,"Plan Width": 272,"Actual Startup Time": 918.745,"Actual Total Time": 919.416,"Actual Rows": 4,"Actual Loops": 3,"Group Key": ["n1.n_name", "n2.n_name", "(EXTRACT(year FROM lineitem.l_shipdate))"],"Workers": [],"Plans": [{"Node Type": "Sort","Parent Relationship": "Outer","Parallel Aware": false,"Async Capable": false,"Startup Cost": 71556.39,"Total Cost": 71562.53,"Plan Rows": 2455,"Plan Width": 252,"Actual Startup Time": 918.485,"Actual Total Time": 918.586,"Actual Rows": 1965,"Actual Loops": 3,"Sort Key": ["n1.n_name", "n2.n_name", "(EXTRACT(year FROM lineitem.l_shipdate))"],"Sort Method": "quicksort","Sort Space Used": 259,"Sort Space Type": "Memory","Workers": [{"Worker Number": 0,"Sort Method": "quicksort","Sort Space Used": 264,"Sort Space Type": "Memory"},{"Worker Number": 1,"Sort Method": "quicksort","Sort Space Used": 268,"Sort Space Type": "Memory"}],"Plans": [{"Node Type": "Hash Join","Parent Relationship": "Outer","Parallel Aware": false,"Async Capable": false,"Join Type": "Inner","Startup Cost": 366.16,"Total Cost": 71418.15,"Plan Rows": 2455,"Plan Width": 252,"Actual Startup Time": 9.999,"Actual Total Time": 916.685,"Actual Rows": 1965,"Actual Loops": 3,"Inner Unique": false,"Hash Cond": "(lineitem.l_suppkey = supplier.s_suppkey)","Join Filter": "(((n1.n_name = 'CHINA'::bpchar) AND (n2.n_name = 'UNITED STATES'::bpchar)) OR ((n1.n_name = 'UNITED STATES'::bpchar) AND (n2.n_name = 'CHINA'::bpchar)))","Rows Removed by Join Filter": 1963,"Workers": [],"Plans": [{"Node Type": "Nested Loop","Parent Relationship": "Outer","Parallel Aware": false,"Async Capable": false,"Join Type": "Inner","Startup Cost": 2.26,"Total Cost": 70727.78,"Plan Rows": 60250,"Plan Width": 124,"Actual Startup Time": 0.604,"Actual Total Time": 902.207,"Actual Rows": 48859,"Actual Loops": 3,"Inner Unique": false,"Workers": [],"Plans": [{"Node Type": "Nested Loop","Parent Relationship": "Outer","Parallel Aware": false,"Async Capable": false,"Join Type": "Inner","Startup Cost": 1.83,"Total Cost": 12400.01,"Plan Rows": 49000,"Plan Width": 108,"Actual Startup Time": 0.320,"Actual Total Time": 223.739,"Actual Rows": 40235,"Actual Loops": 3,"Inner Unique": false,"Workers": [],"Plans": [{"Node Type": "Hash Join","Parent Relationship": "Outer","Parallel Aware": false,"Async Capable": false,"Join Type": "Inner","Startup Cost": 1.40,"Total Cost": 4403.27,"Plan Rows": 4900,"Plan Width": 108,"Actual Startup Time": 0.194,"Actual Total Time": 44.715,"Actual Rows": 4002,"Actual Loops": 3,"Inner Unique": true,"Hash Cond": "(customer.c_nationkey = n2.n_nationkey)","Workers": [],"Plans": [{"Node Type": "Seq Scan","Parent Relationship": "Outer","Parallel Aware": true,"Async Capable": false,"Relation Name": "customer","Alias": "customer","Startup Cost": 0.00,"Total Cost": 4210.00,"Plan Rows": 62500,"Plan Width": 8,"Actual Startup Time": 0.015,"Actual Total Time": 9.078,"Actual Rows": 50000,"Actual Loops": 3,"Workers": []},{"Node Type": "Hash","Parent Relationship": "Inner","Parallel Aware": false,"Async Capable": false,"Startup Cost": 1.38,"Total Cost": 1.38,"Plan Rows": 2,"Plan Width": 108,"Actual Startup Time": 0.073,"Actual Total Time": 0.077,"Actual Rows": 2,"Actual Loops": 3,"Hash Buckets": 1024,"Original Hash Buckets": 1024,"Hash Batches": 1,"Original Hash Batches": 1,"Peak Memory Usage": 9,"Workers": [],"Plans": [{"Node Type": "Seq Scan","Parent Relationship": "Outer","Parallel Aware": false,"Async Capable": false,"Relation Name": "nation","Alias": "n2","Startup Cost": 0.00,"Total Cost": 1.38,"Plan Rows": 2,"Plan Width": 108,"Actual Startup Time": 0.056,"Actual Total Time": 0.060,"Actual Rows": 2,"Actual Loops": 3,"Filter": "((n_name = 'UNITED STATES'::bpchar) OR (n_name = 'CHINA'::bpchar))","Rows Removed by Filter": 23,"Workers": []}]}]},{"Node Type": "Index Scan","Parent Relationship": "Inner","Parallel Aware": false,"Async Capable": false,"Scan Direction": "Forward","Index Name": "idx_orders_custkey","Relation Name": "orders","Alias": "orders","Startup Cost": 0.43,"Total Cost": 1.46,"Plan Rows": 17,"Plan Width": 8,"Actual Startup Time": 0.007,"Actual Total Time": 0.043,"Actual Rows": 10,"Actual Loops": 12007,"Index Cond": "(o_custkey = customer.c_custkey)","Rows Removed by Index Recheck": 0,"Workers": []}]},{"Node Type": "Index Scan","Parent Relationship": "Inner","Parallel Aware": false,"Async Capable": false,"Scan Direction": "Forward","Index Name": "idx_lineitem_orderkey","Relation Name": "lineitem","Alias": "lineitem","Startup Cost": 0.43,"Total Cost": 1.14,"Plan Rows": 5,"Plan Width": 24,"Actual Startup Time": 0.016,"Actual Total Time": 0.017,"Actual Rows": 1,"Actual Loops": 120705,"Index Cond": "(l_orderkey = orders.o_orderkey)","Rows Removed by Index Recheck": 0,"Filter": "((l_shipdate >= '1995-01-01'::date) AND (l_shipdate <= '1996-12-31'::date))","Rows Removed by Filter": 3,"Workers": []}]},{"Node Type": "Hash","Parent Relationship": "Inner","Parallel Aware": false,"Async Capable": false,"Startup Cost": 354.10,"Total Cost": 354.10,"Plan Rows": 784,"Plan Width": 108,"Actual Startup Time": 7.447,"Actual Total Time": 7.459,"Actual Rows": 800,"Actual Loops": 3,"Hash Buckets": 1024,"Original Hash Buckets": 1024,"Hash Batches": 1,"Original Hash Batches": 1,"Peak Memory Usage": 57,"Workers": [],"Plans": [{"Node Type": "Hash Join","Parent Relationship": "Outer","Parallel Aware": false,"Async Capable": false,"Join Type": "Inner","Startup Cost": 1.40,"Total Cost": 354.10,"Plan Rows": 784,"Plan Width": 108,"Actual Startup Time": 0.081,"Actual Total Time": 7.227,"Actual Rows": 800,"Actual Loops": 3,"Inner Unique": true,"Hash Cond": "(supplier.s_nationkey = n1.n_nationkey)","Workers": [],"Plans": [{"Node Type": "Seq Scan","Parent Relationship": "Outer","Parallel Aware": false,"Async Capable": false,"Relation Name": "supplier","Alias": "supplier","Startup Cost": 0.00,"Total Cost": 322.00,"Plan Rows": 10000,"Plan Width": 8,"Actual Startup Time": 0.031,"Actual Total Time": 3.807,"Actual Rows": 10000,"Actual Loops": 3,"Workers": []},{"Node Type": "Hash","Parent Relationship": "Inner","Parallel Aware": false,"Async Capable": false,"Startup Cost": 1.38,"Total Cost": 1.38,"Plan Rows": 2,"Plan Width": 108,"Actual Startup Time": 0.019,"Actual Total Time": 0.023,"Actual Rows": 2,"Actual Loops": 3,"Hash Buckets": 1024,"Original Hash Buckets": 1024,"Hash Batches": 1,"Original Hash Batches": 1,"Peak Memory Usage": 9,"Workers": [],"Plans": [{"Node Type": "Seq Scan","Parent Relationship": "Outer","Parallel Aware": false,"Async Capable": false,"Relation Name": "nation","Alias": "n1","Startup Cost": 0.00,"Total Cost": 1.38,"Plan Rows": 2,"Plan Width": 108,"Actual Startup Time": 0.010,"Actual Total Time": 0.015,"Actual Rows": 2,"Actual Loops": 3,"Filter": "((n_name = 'CHINA'::bpchar) OR (n_name = 'UNITED STATES'::bpchar))","Rows Removed by Filter": 23,"Workers": []}]}]}]}]}]}]}]}]},"Planning Time": 7.566,"Triggers": [],"Execution Time": 971.448}]
[{"Plan": {"Node Type": "Aggregate","Strategy": "Sorted","Partial Mode": "Finalize","Parallel Aware": false,"Async Capable": false,"Startup Cost": 72556.41,"Total Cost": 73352.71,"Plan Rows": 5893,"Plan Width": 272,"Actual Startup Time": 909.984,"Actual Total Time": 952.871,"Actual Rows": 4,"Actual Loops": 1,"Group Key": ["n1.n_name", "n2.n_name", "(EXTRACT(year FROM lineitem.l_shipdate))"],"Plans": [{"Node Type": "Gather Merge","Parent Relationship": "Outer","Parallel Aware": false,"Async Capable": false,"Startup Cost": 72556.41,"Total Cost": 73202.94,"Plan Rows": 4910,"Plan Width": 272,"Actual Startup Time": 909.267,"Actual Total Time": 952.811,"Actual Rows": 12,"Actual Loops": 1,"Workers Planned": 2,"Workers Launched": 2,"Plans": [{"Node Type": "Aggregate","Strategy": "Sorted","Partial Mode": "Partial","Parent Relationship": "Outer","Parallel Aware": false,"Async Capable": false,"Startup Cost": 71556.39,"Total Cost": 71636.18,"Plan Rows": 2455,"Plan Width": 272,"Actual Startup Time": 901.542,"Actual Total Time": 902.408,"Actual Rows": 4,"Actual Loops": 3,"Group Key": ["n1.n_name", "n2.n_name", "(EXTRACT(year FROM lineitem.l_shipdate))"],"Workers": [],"Plans": [{"Node Type": "Sort","Parent Relationship": "Outer","Parallel Aware": false,"Async Capable": false,"Startup Cost": 71556.39,"Total Cost": 71562.53,"Plan Rows": 2455,"Plan Width": 252,"Actual Startup Time": 901.270,"Actual Total Time": 901.383,"Actual Rows": 2012,"Actual Loops": 3,"Sort Key": ["n1.n_name", "n2.n_name", "(EXTRACT(year FROM lineitem.l_shipdate))"],"Sort Method": "quicksort","Sort Space Used": 325,"Sort Space Type": "Memory","Workers": [{"Worker Number": 0,"Sort Method": "quicksort","Sort Space Used": 260,"Sort Space Type": "Memory"},{"Worker Number": 1,"Sort Method": "quicksort","Sort Space Used": 268,"Sort Space Type": "Memory"}],"Plans": [{"Node Type": "Hash Join","Parent Relationship": "Outer","Parallel Aware": false,"Async Capable": false,"Join Type": "Inner","Startup Cost": 366.16,"Total Cost": 71418.15,"Plan Rows": 2455,"Plan Width": 252,"Actual Startup Time": 13.099,"Actual Total Time": 899.396,"Actual Rows": 2012,"Actual Loops": 3,"Inner Unique": false,"Hash Cond": "(lineitem.l_suppkey = supplier.s_suppkey)","Join Filter": "(((n1.n_name = 'EGYPT'::bpchar) AND (n2.n_name = 'IRAQ'::bpchar)) OR ((n1.n_name = 'IRAQ'::bpchar) AND (n2.n_name = 'EGYPT'::bpchar)))","Rows Removed by Join Filter": 2065,"Workers": [],"Plans": [{"Node Type": "Nested Loop","Parent Relationship": "Outer","Parallel Aware": false,"Async Capable": false,"Join Type": "Inner","Startup Cost": 2.26,"Total Cost": 70727.78,"Plan Rows": 60250,"Plan Width": 124,"Actual Startup Time": 0.706,"Actual Total Time": 881.653,"Actual Rows": 48007,"Actual Loops": 3,"Inner Unique": false,"Workers": [],"Plans": [{"Node Type": "Nested Loop","Parent Relationship": "Outer","Parallel Aware": false,"Async Capable": false,"Join Type": "Inner","Startup Cost": 1.83,"Total Cost": 12400.01,"Plan Rows": 49000,"Plan Width": 108,"Actual Startup Time": 0.296,"Actual Total Time": 219.545,"Actual Rows": 39338,"Actual Loops": 3,"Inner Unique": false,"Workers": [],"Plans": [{"Node Type": "Hash Join","Parent Relationship": "Outer","Parallel Aware": false,"Async Capable": false,"Join Type": "Inner","Startup Cost": 1.40,"Total Cost": 4403.27,"Plan Rows": 4900,"Plan Width": 108,"Actual Startup Time": 0.175,"Actual Total Time": 44.109,"Actual Rows": 3986,"Actual Loops": 3,"Inner Unique": true,"Hash Cond": "(customer.c_nationkey = n2.n_nationkey)","Workers": [],"Plans": [{"Node Type": "Seq Scan","Parent Relationship": "Outer","Parallel Aware": true,"Async Capable": false,"Relation Name": "customer","Alias": "customer","Startup Cost": 0.00,"Total Cost": 4210.00,"Plan Rows": 62500,"Plan Width": 8,"Actual Startup Time": 0.016,"Actual Total Time": 9.026,"Actual Rows": 50000,"Actual Loops": 3,"Workers": []},{"Node Type": "Hash","Parent Relationship": "Inner","Parallel Aware": false,"Async Capable": false,"Startup Cost": 1.38,"Total Cost": 1.38,"Plan Rows": 2,"Plan Width": 108,"Actual Startup Time": 0.082,"Actual Total Time": 0.087,"Actual Rows": 2,"Actual Loops": 3,"Hash Buckets": 1024,"Original Hash Buckets": 1024,"Hash Batches": 1,"Original Hash Batches": 1,"Peak Memory Usage": 9,"Workers": [],"Plans": [{"Node Type": "Seq Scan","Parent Relationship": "Outer","Parallel Aware": false,"Async Capable": false,"Relation Name": "nation","Alias": "n2","Startup Cost": 0.00,"Total Cost": 1.38,"Plan Rows": 2,"Plan Width": 108,"Actual Startup Time": 0.066,"Actual Total Time": 0.073,"Actual Rows": 2,"Actual Loops": 3,"Filter": "((n_name = 'IRAQ'::bpchar) OR (n_name = 'EGYPT'::bpchar))","Rows Removed by Filter": 23,"Workers": []}]}]},{"Node Type": "Index Scan","Parent Relationship": "Inner","Parallel Aware": false,"Async Capable": false,"Scan Direction": "Forward","Index Name": "idx_orders_custkey","Relation Name": "orders","Alias": "orders","Startup Cost": 0.43,"Total Cost": 1.46,"Plan Rows": 17,"Plan Width": 8,"Actual Startup Time": 0.007,"Actual Total Time": 0.043,"Actual Rows": 10,"Actual Loops": 11958,"Index Cond": "(o_custkey = customer.c_custkey)","Rows Removed by Index Recheck": 0,"Workers": []}]},{"Node Type": "Index Scan","Parent Relationship": "Inner","Parallel Aware": false,"Async Capable": false,"Scan Direction": "Forward","Index Name": "idx_lineitem_orderkey","Relation Name": "lineitem","Alias": "lineitem","Startup Cost": 0.43,"Total Cost": 1.14,"Plan Rows": 5,"Plan Width": 24,"Actual Startup Time": 0.016,"Actual Total Time": 0.017,"Actual Rows": 1,"Actual Loops": 118013,"Index Cond": "(l_orderkey = orders.o_orderkey)","Rows Removed by Index Recheck": 0,"Filter": "((l_shipdate >= '1995-01-01'::date) AND (l_shipdate <= '1996-12-31'::date))","Rows Removed by Filter": 3,"Workers": []}]},{"Node Type": "Hash","Parent Relationship": "Inner","Parallel Aware": false,"Async Capable": false,"Startup Cost": 354.10,"Total Cost": 354.10,"Plan Rows": 784,"Plan Width": 108,"Actual Startup Time": 10.392,"Actual Total Time": 10.398,"Actual Rows": 853,"Actual Loops": 3,"Hash Buckets": 1024,"Original Hash Buckets": 1024,"Hash Batches": 1,"Original Hash Batches": 1,"Peak Memory Usage": 60,"Workers": [],"Plans": [{"Node Type": "Hash Join","Parent Relationship": "Outer","Parallel Aware": false,"Async Capable": false,"Join Type": "Inner","Startup Cost": 1.40,"Total Cost": 354.10,"Plan Rows": 784,"Plan Width": 108,"Actual Startup Time": 0.077,"Actual Total Time": 10.193,"Actual Rows": 853,"Actual Loops": 3,"Inner Unique": true,"Hash Cond": "(supplier.s_nationkey = n1.n_nationkey)","Workers": [],"Plans": [{"Node Type": "Seq Scan","Parent Relationship": "Outer","Parallel Aware": false,"Async Capable": false,"Relation Name": "supplier","Alias": "supplier","Startup Cost": 0.00,"Total Cost": 322.00,"Plan Rows": 10000,"Plan Width": 8,"Actual Startup Time": 0.034,"Actual Total Time": 4.086,"Actual Rows": 10000,"Actual Loops": 3,"Workers": []},{"Node Type": "Hash","Parent Relationship": "Inner","Parallel Aware": false,"Async Capable": false,"Startup Cost": 1.38,"Total Cost": 1.38,"Plan Rows": 2,"Plan Width": 108,"Actual Startup Time": 0.013,"Actual Total Time": 0.015,"Actual Rows": 2,"Actual Loops": 3,"Hash Buckets": 1024,"Original Hash Buckets": 1024,"Hash Batches": 1,"Original Hash Batches": 1,"Peak Memory Usage": 9,"Workers": [],"Plans": [{"Node Type": "Seq Scan","Parent Relationship": "Outer","Parallel Aware": false,"Async Capable": false,"Relation Name": "nation","Alias": "n1","Startup Cost": 0.00,"Total Cost": 1.38,"Plan Rows": 2,"Plan Width": 108,"Actual Startup Time": 0.005,"Actual Total Time": 0.009,"Actual Rows": 2,"Actual Loops": 3,"Filter": "((n_name = 'EGYPT'::bpchar) OR (n_name = 'IRAQ'::bpchar))","Rows Removed by Filter": 23,"Workers": []}]}]}]}]}]}]}]}]},"Planning Time": 8.497,"Triggers": [],"Execution Time": 953.316}]
[{"Plan": {"Node Type": "Aggregate","Strategy": "Sorted","Partial Mode": "Finalize","Parallel Aware": false,"Async Capable": false,"Startup Cost": 72556.41,"Total Cost": 73352.71,"Plan Rows": 5893,"Plan Width": 272,"Actual Startup Time": 910.225,"Actual Total Time": 952.753,"Actual Rows": 4,"Actual Loops": 1,"Group Key": ["n1.n_name", "n2.n_name", "(EXTRACT(year FROM lineitem.l_shipdate))"],"Plans": [{"Node Type": "Gather Merge","Parent Relationship": "Outer","Parallel Aware": false,"Async Capable": false,"Startup Cost": 72556.41,"Total Cost": 73202.94,"Plan Rows": 4910,"Plan Width": 272,"Actual Startup Time": 909.479,"Actual Total Time": 952.674,"Actual Rows": 12,"Actual Loops": 1,"Workers Planned": 2,"Workers Launched": 2,"Plans": [{"Node Type": "Aggregate","Strategy": "Sorted","Partial Mode": "Partial","Parent Relationship": "Outer","Parallel Aware": false,"Async Capable": false,"Startup Cost": 71556.39,"Total Cost": 71636.18,"Plan Rows": 2455,"Plan Width": 272,"Actual Startup Time": 900.539,"Actual Total Time": 901.428,"Actual Rows": 4,"Actual Loops": 3,"Group Key": ["n1.n_name", "n2.n_name", "(EXTRACT(year FROM lineitem.l_shipdate))"],"Workers": [],"Plans": [{"Node Type": "Sort","Parent Relationship": "Outer","Parallel Aware": false,"Async Capable": false,"Startup Cost": 71556.39,"Total Cost": 71562.53,"Plan Rows": 2455,"Plan Width": 252,"Actual Startup Time": 900.288,"Actual Total Time": 900.412,"Actual Rows": 1899,"Actual Loops": 3,"Sort Key": ["n1.n_name", "n2.n_name", "(EXTRACT(year FROM lineitem.l_shipdate))"],"Sort Method": "quicksort","Sort Space Used": 265,"Sort Space Type": "Memory","Workers": [{"Worker Number": 0,"Sort Method": "quicksort","Sort Space Used": 263,"Sort Space Type": "Memory"},{"Worker Number": 1,"Sort Method": "quicksort","Sort Space Used": 241,"Sort Space Type": "Memory"}],"Plans": [{"Node Type": "Hash Join","Parent Relationship": "Outer","Parallel Aware": false,"Async Capable": false,"Join Type": "Inner","Startup Cost": 366.16,"Total Cost": 71418.15,"Plan Rows": 2455,"Plan Width": 252,"Actual Startup Time": 13.471,"Actual Total Time": 898.476,"Actual Rows": 1899,"Actual Loops": 3,"Inner Unique": false,"Hash Cond": "(lineitem.l_suppkey = supplier.s_suppkey)","Join Filter": "(((n1.n_name = 'KENYA'::bpchar) AND (n2.n_name = 'PERU'::bpchar)) OR ((n1.n_name = 'PERU'::bpchar) AND (n2.n_name = 'KENYA'::bpchar)))","Rows Removed by Join Filter": 1898,"Workers": [],"Plans": [{"Node Type": "Nested Loop","Parent Relationship": "Outer","Parallel Aware": false,"Async Capable": false,"Join Type": "Inner","Startup Cost": 2.26,"Total Cost": 70727.78,"Plan Rows": 60250,"Plan Width": 124,"Actual Startup Time": 0.579,"Actual Total Time": 879.862,"Actual Rows": 47739,"Actual Loops": 3,"Inner Unique": false,"Workers": [],"Plans": [{"Node Type": "Nested Loop","Parent Relationship": "Outer","Parallel Aware": false,"Async Capable": false,"Join Type": "Inner","Startup Cost": 1.83,"Total Cost": 12400.01,"Plan Rows": 49000,"Plan Width": 108,"Actual Startup Time": 0.297,"Actual Total Time": 217.794,"Actual Rows": 39319,"Actual Loops": 3,"Inner Unique": false,"Workers": [],"Plans": [{"Node Type": "Hash Join","Parent Relationship": "Outer","Parallel Aware": false,"Async Capable": false,"Join Type": "Inner","Startup Cost": 1.40,"Total Cost": 4403.27,"Plan Rows": 4900,"Plan Width": 108,"Actual Startup Time": 0.203,"Actual Total Time": 42.988,"Actual Rows": 3989,"Actual Loops": 3,"Inner Unique": true,"Hash Cond": "(customer.c_nationkey = n2.n_nationkey)","Workers": [],"Plans": [{"Node Type": "Seq Scan","Parent Relationship": "Outer","Parallel Aware": true,"Async Capable": false,"Relation Name": "customer","Alias": "customer","Startup Cost": 0.00,"Total Cost": 4210.00,"Plan Rows": 62500,"Plan Width": 8,"Actual Startup Time": 0.023,"Actual Total Time": 8.900,"Actual Rows": 50000,"Actual Loops": 3,"Workers": []},{"Node Type": "Hash","Parent Relationship": "Inner","Parallel Aware": false,"Async Capable": false,"Startup Cost": 1.38,"Total Cost": 1.38,"Plan Rows": 2,"Plan Width": 108,"Actual Startup Time": 0.075,"Actual Total Time": 0.081,"Actual Rows": 2,"Actual Loops": 3,"Hash Buckets": 1024,"Original Hash Buckets": 1024,"Hash Batches": 1,"Original Hash Batches": 1,"Peak Memory Usage": 9,"Workers": [],"Plans": [{"Node Type": "Seq Scan","Parent Relationship": "Outer","Parallel Aware": false,"Async Capable": false,"Relation Name": "nation","Alias": "n2","Startup Cost": 0.00,"Total Cost": 1.38,"Plan Rows": 2,"Plan Width": 108,"Actual Startup Time": 0.061,"Actual Total Time": 0.065,"Actual Rows": 2,"Actual Loops": 3,"Filter": "((n_name = 'PERU'::bpchar) OR (n_name = 'KENYA'::bpchar))","Rows Removed by Filter": 23,"Workers": []}]}]},{"Node Type": "Index Scan","Parent Relationship": "Inner","Parallel Aware": false,"Async Capable": false,"Scan Direction": "Forward","Index Name": "idx_orders_custkey","Relation Name": "orders","Alias": "orders","Startup Cost": 0.43,"Total Cost": 1.46,"Plan Rows": 17,"Plan Width": 8,"Actual Startup Time": 0.007,"Actual Total Time": 0.043,"Actual Rows": 10,"Actual Loops": 11967,"Index Cond": "(o_custkey = customer.c_custkey)","Rows Removed by Index Recheck": 0,"Workers": []}]},{"Node Type": "Index Scan","Parent Relationship": "Inner","Parallel Aware": false,"Async Capable": false,"Scan Direction": "Forward","Index Name": "idx_lineitem_orderkey","Relation Name": "lineitem","Alias": "lineitem","Startup Cost": 0.43,"Total Cost": 1.14,"Plan Rows": 5,"Plan Width": 24,"Actual Startup Time": 0.016,"Actual Total Time": 0.017,"Actual Rows": 1,"Actual Loops": 117958,"Index Cond": "(l_orderkey = orders.o_orderkey)","Rows Removed by Index Recheck": 0,"Filter": "((l_shipdate >= '1995-01-01'::date) AND (l_shipdate <= '1996-12-31'::date))","Rows Removed by Filter": 3,"Workers": []}]},{"Node Type": "Hash","Parent Relationship": "Inner","Parallel Aware": false,"Async Capable": false,"Startup Cost": 354.10,"Total Cost": 354.10,"Plan Rows": 784,"Plan Width": 108,"Actual Startup Time": 11.666,"Actual Total Time": 11.681,"Actual Rows": 797,"Actual Loops": 3,"Hash Buckets": 1024,"Original Hash Buckets": 1024,"Hash Batches": 1,"Original Hash Batches": 1,"Peak Memory Usage": 57,"Workers": [],"Plans": [{"Node Type": "Hash Join","Parent Relationship": "Outer","Parallel Aware": false,"Async Capable": false,"Join Type": "Inner","Startup Cost": 1.40,"Total Cost": 354.10,"Plan Rows": 784,"Plan Width": 108,"Actual Startup Time": 0.068,"Actual Total Time": 11.483,"Actual Rows": 797,"Actual Loops": 3,"Inner Unique": true,"Hash Cond": "(supplier.s_nationkey = n1.n_nationkey)","Workers": [],"Plans": [{"Node Type": "Seq Scan","Parent Relationship": "Outer","Parallel Aware": false,"Async Capable": false,"Relation Name": "supplier","Alias": "supplier","Startup Cost": 0.00,"Total Cost": 322.00,"Plan Rows": 10000,"Plan Width": 8,"Actual Startup Time": 0.032,"Actual Total Time": 4.438,"Actual Rows": 10000,"Actual Loops": 3,"Workers": []},{"Node Type": "Hash","Parent Relationship": "Inner","Parallel Aware": false,"Async Capable": false,"Startup Cost": 1.38,"Total Cost": 1.38,"Plan Rows": 2,"Plan Width": 108,"Actual Startup Time": 0.012,"Actual Total Time": 0.017,"Actual Rows": 2,"Actual Loops": 3,"Hash Buckets": 1024,"Original Hash Buckets": 1024,"Hash Batches": 1,"Original Hash Batches": 1,"Peak Memory Usage": 9,"Workers": [],"Plans": [{"Node Type": "Seq Scan","Parent Relationship": "Outer","Parallel Aware": false,"Async Capable": false,"Relation Name": "nation","Alias": "n1","Startup Cost": 0.00,"Total Cost": 1.38,"Plan Rows": 2,"Plan Width": 108,"Actual Startup Time": 0.005,"Actual Total Time": 0.009,"Actual Rows": 2,"Actual Loops": 3,"Filter": "((n_name = 'KENYA'::bpchar) OR (n_name = 'PERU'::bpchar))","Rows Removed by Filter": 23,"Workers": []}]}]}]}]}]}]}]}]},"Planning Time": 8.166,"Triggers": [],"Execution Time": 953.210}]
[{"Plan": {"Node Type": "Aggregate","Strategy": "Sorted","Partial Mode": "Finalize","Parallel Aware": false,"Async Capable": false,"Startup Cost": 72556.41,"Total Cost": 73352.71,"Plan Rows": 5893,"Plan Width": 272,"Actual Startup Time": 937.958,"Actual Total Time": 992.218,"Actual Rows": 4,"Actual Loops": 1,"Group Key": ["n1.n_name", "n2.n_name", "(EXTRACT(year FROM lineitem.l_shipdate))"],"Plans": [{"Node Type": "Gather Merge","Parent Relationship": "Outer","Parallel Aware": false,"Async Capable": false,"Startup Cost": 72556.41,"Total Cost": 73202.94,"Plan Rows": 4910,"Plan Width": 272,"Actual Startup Time": 937.201,"Actual Total Time": 992.150,"Actual Rows": 12,"Actual Loops": 1,"Workers Planned": 2,"Workers Launched": 2,"Plans": [{"Node Type": "Aggregate","Strategy": "Sorted","Partial Mode": "Partial","Parent Relationship": "Outer","Parallel Aware": false,"Async Capable": false,"Startup Cost": 71556.39,"Total Cost": 71636.18,"Plan Rows": 2455,"Plan Width": 272,"Actual Startup Time": 928.544,"Actual Total Time": 929.513,"Actual Rows": 4,"Actual Loops": 3,"Group Key": ["n1.n_name", "n2.n_name", "(EXTRACT(year FROM lineitem.l_shipdate))"],"Workers": [],"Plans": [{"Node Type": "Sort","Parent Relationship": "Outer","Parallel Aware": false,"Async Capable": false,"Startup Cost": 71556.39,"Total Cost": 71562.53,"Plan Rows": 2455,"Plan Width": 252,"Actual Startup Time": 928.278,"Actual Total Time": 928.406,"Actual Rows": 2032,"Actual Loops": 3,"Sort Key": ["n1.n_name", "n2.n_name", "(EXTRACT(year FROM lineitem.l_shipdate))"],"Sort Method": "quicksort","Sort Space Used": 268,"Sort Space Type": "Memory","Workers": [{"Worker Number": 0,"Sort Method": "quicksort","Sort Space Used": 272,"Sort Space Type": "Memory"},{"Worker Number": 1,"Sort Method": "quicksort","Sort Space Used": 272,"Sort Space Type": "Memory"}],"Plans": [{"Node Type": "Hash Join","Parent Relationship": "Outer","Parallel Aware": false,"Async Capable": false,"Join Type": "Inner","Startup Cost": 366.16,"Total Cost": 71418.15,"Plan Rows": 2455,"Plan Width": 252,"Actual Startup Time": 8.565,"Actual Total Time": 926.284,"Actual Rows": 2032,"Actual Loops": 3,"Inner Unique": false,"Hash Cond": "(lineitem.l_suppkey = supplier.s_suppkey)","Join Filter": "(((n1.n_name = 'CANADA'::bpchar) AND (n2.n_name = 'PERU'::bpchar)) OR ((n1.n_name = 'PERU'::bpchar) AND (n2.n_name = 'CANADA'::bpchar)))","Rows Removed by Join Filter": 2038,"Workers": [],"Plans": [{"Node Type": "Nested Loop","Parent Relationship": "Outer","Parallel Aware": false,"Async Capable": false,"Join Type": "Inner","Startup Cost": 2.26,"Total Cost": 70727.78,"Plan Rows": 60250,"Plan Width": 124,"Actual Startup Time": 0.969,"Actual Total Time": 910.095,"Actual Rows": 48565,"Actual Loops": 3,"Inner Unique": false,"Workers": [],"Plans": [{"Node Type": "Nested Loop","Parent Relationship": "Outer","Parallel Aware": false,"Async Capable": false,"Join Type": "Inner","Startup Cost": 1.83,"Total Cost": 12400.01,"Plan Rows": 49000,"Plan Width": 108,"Actual Startup Time": 0.327,"Actual Total Time": 227.985,"Actual Rows": 39833,"Actual Loops": 3,"Inner Unique": false,"Workers": [],"Plans": [{"Node Type": "Hash Join","Parent Relationship": "Outer","Parallel Aware": false,"Async Capable": false,"Join Type": "Inner","Startup Cost": 1.40,"Total Cost": 4403.27,"Plan Rows": 4900,"Plan Width": 108,"Actual Startup Time": 0.201,"Actual Total Time": 46.567,"Actual Rows": 3998,"Actual Loops": 3,"Inner Unique": true,"Hash Cond": "(customer.c_nationkey = n2.n_nationkey)","Workers": [],"Plans": [{"Node Type": "Seq Scan","Parent Relationship": "Outer","Parallel Aware": true,"Async Capable": false,"Relation Name": "customer","Alias": "customer","Startup Cost": 0.00,"Total Cost": 4210.00,"Plan Rows": 62500,"Plan Width": 8,"Actual Startup Time": 0.011,"Actual Total Time": 9.484,"Actual Rows": 50000,"Actual Loops": 3,"Workers": []},{"Node Type": "Hash","Parent Relationship": "Inner","Parallel Aware": false,"Async Capable": false,"Startup Cost": 1.38,"Total Cost": 1.38,"Plan Rows": 2,"Plan Width": 108,"Actual Startup Time": 0.080,"Actual Total Time": 0.087,"Actual Rows": 2,"Actual Loops": 3,"Hash Buckets": 1024,"Original Hash Buckets": 1024,"Hash Batches": 1,"Original Hash Batches": 1,"Peak Memory Usage": 9,"Workers": [],"Plans": [{"Node Type": "Seq Scan","Parent Relationship": "Outer","Parallel Aware": false,"Async Capable": false,"Relation Name": "nation","Alias": "n2","Startup Cost": 0.00,"Total Cost": 1.38,"Plan Rows": 2,"Plan Width": 108,"Actual Startup Time": 0.056,"Actual Total Time": 0.065,"Actual Rows": 2,"Actual Loops": 3,"Filter": "((n_name = 'PERU'::bpchar) OR (n_name = 'CANADA'::bpchar))","Rows Removed by Filter": 23,"Workers": []}]}]},{"Node Type": "Index Scan","Parent Relationship": "Inner","Parallel Aware": false,"Async Capable": false,"Scan Direction": "Forward","Index Name": "idx_orders_custkey","Relation Name": "orders","Alias": "orders","Startup Cost": 0.43,"Total Cost": 1.46,"Plan Rows": 17,"Plan Width": 8,"Actual Startup Time": 0.007,"Actual Total Time": 0.044,"Actual Rows": 10,"Actual Loops": 11995,"Index Cond": "(o_custkey = customer.c_custkey)","Rows Removed by Index Recheck": 0,"Workers": []}]},{"Node Type": "Index Scan","Parent Relationship": "Inner","Parallel Aware": false,"Async Capable": false,"Scan Direction": "Forward","Index Name": "idx_lineitem_orderkey","Relation Name": "lineitem","Alias": "lineitem","Startup Cost": 0.43,"Total Cost": 1.14,"Plan Rows": 5,"Plan Width": 24,"Actual Startup Time": 0.016,"Actual Total Time": 0.017,"Actual Rows": 1,"Actual Loops": 119498,"Index Cond": "(l_orderkey = orders.o_orderkey)","Rows Removed by Index Recheck": 0,"Filter": "((l_shipdate >= '1995-01-01'::date) AND (l_shipdate <= '1996-12-31'::date))","Rows Removed by Filter": 3,"Workers": []}]},{"Node Type": "Hash","Parent Relationship": "Inner","Parallel Aware": false,"Async Capable": false,"Startup Cost": 354.10,"Total Cost": 354.10,"Plan Rows": 784,"Plan Width": 108,"Actual Startup Time": 6.908,"Actual Total Time": 6.922,"Actual Rows": 833,"Actual Loops": 3,"Hash Buckets": 1024,"Original Hash Buckets": 1024,"Hash Batches": 1,"Original Hash Batches": 1,"Peak Memory Usage": 59,"Workers": [],"Plans": [{"Node Type": "Hash Join","Parent Relationship": "Outer","Parallel Aware": false,"Async Capable": false,"Join Type": "Inner","Startup Cost": 1.40,"Total Cost": 354.10,"Plan Rows": 784,"Plan Width": 108,"Actual Startup Time": 0.091,"Actual Total Time": 6.736,"Actual Rows": 833,"Actual Loops": 3,"Inner Unique": true,"Hash Cond": "(supplier.s_nationkey = n1.n_nationkey)","Workers": [],"Plans": [{"Node Type": "Seq Scan","Parent Relationship": "Outer","Parallel Aware": false,"Async Capable": false,"Relation Name": "supplier","Alias": "supplier","Startup Cost": 0.00,"Total Cost": 322.00,"Plan Rows": 10000,"Plan Width": 8,"Actual Startup Time": 0.039,"Actual Total Time": 3.544,"Actual Rows": 10000,"Actual Loops": 3,"Workers": []},{"Node Type": "Hash","Parent Relationship": "Inner","Parallel Aware": false,"Async Capable": false,"Startup Cost": 1.38,"Total Cost": 1.38,"Plan Rows": 2,"Plan Width": 108,"Actual Startup Time": 0.020,"Actual Total Time": 0.026,"Actual Rows": 2,"Actual Loops": 3,"Hash Buckets": 1024,"Original Hash Buckets": 1024,"Hash Batches": 1,"Original Hash Batches": 1,"Peak Memory Usage": 9,"Workers": [],"Plans": [{"Node Type": "Seq Scan","Parent Relationship": "Outer","Parallel Aware": false,"Async Capable": false,"Relation Name": "nation","Alias": "n1","Startup Cost": 0.00,"Total Cost": 1.38,"Plan Rows": 2,"Plan Width": 108,"Actual Startup Time": 0.005,"Actual Total Time": 0.014,"Actual Rows": 2,"Actual Loops": 3,"Filter": "((n_name = 'CANADA'::bpchar) OR (n_name = 'PERU'::bpchar))","Rows Removed by Filter": 23,"Workers": []}]}]}]}]}]}]}]}]},"Planning Time": 8.839,"Triggers": [],"Execution Time": 992.704}]
[{"Plan": {"Node Type": "Aggregate","Strategy": "Sorted","Partial Mode": "Finalize","Parallel Aware": false,"Async Capable": false,"Startup Cost": 72556.41,"Total Cost": 73352.71,"Plan Rows": 5893,"Plan Width": 272,"Actual Startup Time": 915.998,"Actual Total Time": 959.762,"Actual Rows": 4,"Actual Loops": 1,"Group Key": ["n1.n_name", "n2.n_name", "(EXTRACT(year FROM lineitem.l_shipdate))"],"Plans": [{"Node Type": "Gather Merge","Parent Relationship": "Outer","Parallel Aware": false,"Async Capable": false,"Startup Cost": 72556.41,"Total Cost": 73202.94,"Plan Rows": 4910,"Plan Width": 272,"Actual Startup Time": 915.635,"Actual Total Time": 959.679,"Actual Rows": 12,"Actual Loops": 1,"Workers Planned": 2,"Workers Launched": 2,"Plans": [{"Node Type": "Aggregate","Strategy": "Sorted","Partial Mode": "Partial","Parent Relationship": "Outer","Parallel Aware": false,"Async Capable": false,"Startup Cost": 71556.39,"Total Cost": 71636.18,"Plan Rows": 2455,"Plan Width": 272,"Actual Startup Time": 907.365,"Actual Total Time": 908.041,"Actual Rows": 4,"Actual Loops": 3,"Group Key": ["n1.n_name", "n2.n_name", "(EXTRACT(year FROM lineitem.l_shipdate))"],"Workers": [],"Plans": [{"Node Type": "Sort","Parent Relationship": "Outer","Parallel Aware": false,"Async Capable": false,"Startup Cost": 71556.39,"Total Cost": 71562.53,"Plan Rows": 2455,"Plan Width": 252,"Actual Startup Time": 907.104,"Actual Total Time": 907.209,"Actual Rows": 1820,"Actual Loops": 3,"Sort Key": ["n1.n_name", "n2.n_name", "(EXTRACT(year FROM lineitem.l_shipdate))"],"Sort Method": "quicksort","Sort Space Used": 261,"Sort Space Type": "Memory","Workers": [{"Worker Number": 0,"Sort Method": "quicksort","Sort Space Used": 244,"Sort Space Type": "Memory"},{"Worker Number": 1,"Sort Method": "quicksort","Sort Space Used": 238,"Sort Space Type": "Memory"}],"Plans": [{"Node Type": "Hash Join","Parent Relationship": "Outer","Parallel Aware": false,"Async Capable": false,"Join Type": "Inner","Startup Cost": 366.16,"Total Cost": 71418.15,"Plan Rows": 2455,"Plan Width": 252,"Actual Startup Time": 12.660,"Actual Total Time": 905.416,"Actual Rows": 1820,"Actual Loops": 3,"Inner Unique": false,"Hash Cond": "(lineitem.l_suppkey = supplier.s_suppkey)","Join Filter": "(((n1.n_name = 'KENYA'::bpchar) AND (n2.n_name = 'IRAN'::bpchar)) OR ((n1.n_name = 'IRAN'::bpchar) AND (n2.n_name = 'KENYA'::bpchar)))","Rows Removed by Join Filter": 1791,"Workers": [],"Plans": [{"Node Type": "Nested Loop","Parent Relationship": "Outer","Parallel Aware": false,"Async Capable": false,"Join Type": "Inner","Startup Cost": 2.26,"Total Cost": 70727.78,"Plan Rows": 60250,"Plan Width": 124,"Actual Startup Time": 0.671,"Actual Total Time": 888.533,"Actual Rows": 47789,"Actual Loops": 3,"Inner Unique": false,"Workers": [],"Plans": [{"Node Type": "Nested Loop","Parent Relationship": "Outer","Parallel Aware": false,"Async Capable": false,"Join Type": "Inner","Startup Cost": 1.83,"Total Cost": 12400.01,"Plan Rows": 49000,"Plan Width": 108,"Actual Startup Time": 0.323,"Actual Total Time": 221.510,"Actual Rows": 39538,"Actual Loops": 3,"Inner Unique": false,"Workers": [],"Plans": [{"Node Type": "Hash Join","Parent Relationship": "Outer","Parallel Aware": false,"Async Capable": false,"Join Type": "Inner","Startup Cost": 1.40,"Total Cost": 4403.27,"Plan Rows": 4900,"Plan Width": 108,"Actual Startup Time": 0.196,"Actual Total Time": 45.278,"Actual Rows": 4000,"Actual Loops": 3,"Inner Unique": true,"Hash Cond": "(customer.c_nationkey = n2.n_nationkey)","Workers": [],"Plans": [{"Node Type": "Seq Scan","Parent Relationship": "Outer","Parallel Aware": true,"Async Capable": false,"Relation Name": "customer","Alias": "customer","Startup Cost": 0.00,"Total Cost": 4210.00,"Plan Rows": 62500,"Plan Width": 8,"Actual Startup Time": 0.015,"Actual Total Time": 9.159,"Actual Rows": 50000,"Actual Loops": 3,"Workers": []},{"Node Type": "Hash","Parent Relationship": "Inner","Parallel Aware": false,"Async Capable": false,"Startup Cost": 1.38,"Total Cost": 1.38,"Plan Rows": 2,"Plan Width": 108,"Actual Startup Time": 0.084,"Actual Total Time": 0.091,"Actual Rows": 2,"Actual Loops": 3,"Hash Buckets": 1024,"Original Hash Buckets": 1024,"Hash Batches": 1,"Original Hash Batches": 1,"Peak Memory Usage": 9,"Workers": [],"Plans": [{"Node Type": "Seq Scan","Parent Relationship": "Outer","Parallel Aware": false,"Async Capable": false,"Relation Name": "nation","Alias": "n2","Startup Cost": 0.00,"Total Cost": 1.38,"Plan Rows": 2,"Plan Width": 108,"Actual Startup Time": 0.067,"Actual Total Time": 0.074,"Actual Rows": 2,"Actual Loops": 3,"Filter": "((n_name = 'IRAN'::bpchar) OR (n_name = 'KENYA'::bpchar))","Rows Removed by Filter": 23,"Workers": []}]}]},{"Node Type": "Index Scan","Parent Relationship": "Inner","Parallel Aware": false,"Async Capable": false,"Scan Direction": "Forward","Index Name": "idx_orders_custkey","Relation Name": "orders","Alias": "orders","Startup Cost": 0.43,"Total Cost": 1.46,"Plan Rows": 17,"Plan Width": 8,"Actual Startup Time": 0.007,"Actual Total Time": 0.043,"Actual Rows": 10,"Actual Loops": 12001,"Index Cond": "(o_custkey = customer.c_custkey)","Rows Removed by Index Recheck": 0,"Workers": []}]},{"Node Type": "Index Scan","Parent Relationship": "Inner","Parallel Aware": false,"Async Capable": false,"Scan Direction": "Forward","Index Name": "idx_lineitem_orderkey","Relation Name": "lineitem","Alias": "lineitem","Startup Cost": 0.43,"Total Cost": 1.14,"Plan Rows": 5,"Plan Width": 24,"Actual Startup Time": 0.016,"Actual Total Time": 0.017,"Actual Rows": 1,"Actual Loops": 118615,"Index Cond": "(l_orderkey = orders.o_orderkey)","Rows Removed by Index Recheck": 0,"Filter": "((l_shipdate >= '1995-01-01'::date) AND (l_shipdate <= '1996-12-31'::date))","Rows Removed by Filter": 3,"Workers": []}]},{"Node Type": "Hash","Parent Relationship": "Inner","Parallel Aware": false,"Async Capable": false,"Startup Cost": 354.10,"Total Cost": 354.10,"Plan Rows": 784,"Plan Width": 108,"Actual Startup Time": 10.055,"Actual Total Time": 10.070,"Actual Rows": 769,"Actual Loops": 3,"Hash Buckets": 1024,"Original Hash Buckets": 1024,"Hash Batches": 1,"Original Hash Batches": 1,"Peak Memory Usage": 55,"Workers": [],"Plans": [{"Node Type": "Hash Join","Parent Relationship": "Outer","Parallel Aware": false,"Async Capable": false,"Join Type": "Inner","Startup Cost": 1.40,"Total Cost": 354.10,"Plan Rows": 784,"Plan Width": 108,"Actual Startup Time": 0.087,"Actual Total Time": 9.900,"Actual Rows": 769,"Actual Loops": 3,"Inner Unique": true,"Hash Cond": "(supplier.s_nationkey = n1.n_nationkey)","Workers": [],"Plans": [{"Node Type": "Seq Scan","Parent Relationship": "Outer","Parallel Aware": false,"Async Capable": false,"Relation Name": "supplier","Alias": "supplier","Startup Cost": 0.00,"Total Cost": 322.00,"Plan Rows": 10000,"Plan Width": 8,"Actual Startup Time": 0.031,"Actual Total Time": 3.998,"Actual Rows": 10000,"Actual Loops": 3,"Workers": []},{"Node Type": "Hash","Parent Relationship": "Inner","Parallel Aware": false,"Async Capable": false,"Startup Cost": 1.38,"Total Cost": 1.38,"Plan Rows": 2,"Plan Width": 108,"Actual Startup Time": 0.020,"Actual Total Time": 0.025,"Actual Rows": 2,"Actual Loops": 3,"Hash Buckets": 1024,"Original Hash Buckets": 1024,"Hash Batches": 1,"Original Hash Batches": 1,"Peak Memory Usage": 9,"Workers": [],"Plans": [{"Node Type": "Seq Scan","Parent Relationship": "Outer","Parallel Aware": false,"Async Capable": false,"Relation Name": "nation","Alias": "n1","Startup Cost": 0.00,"Total Cost": 1.38,"Plan Rows": 2,"Plan Width": 108,"Actual Startup Time": 0.009,"Actual Total Time": 0.015,"Actual Rows": 2,"Actual Loops": 3,"Filter": "((n_name = 'KENYA'::bpchar) OR (n_name = 'IRAN'::bpchar))","Rows Removed by Filter": 23,"Workers": []}]}]}]}]}]}]}]}]},"Planning Time": 8.654,"Triggers": [],"Execution Time": 960.205}]
[{"Plan": {"Node Type": "Aggregate","Strategy": "Sorted","Partial Mode": "Finalize","Parallel Aware": false,"Async Capable": false,"Startup Cost": 72556.41,"Total Cost": 73352.71,"Plan Rows": 5893,"Plan Width": 272,"Actual Startup Time": 926.722,"Actual Total Time": 968.468,"Actual Rows": 4,"Actual Loops": 1,"Group Key": ["n1.n_name", "n2.n_name", "(EXTRACT(year FROM lineitem.l_shipdate))"],"Plans": [{"Node Type": "Gather Merge","Parent Relationship": "Outer","Parallel Aware": false,"Async Capable": false,"Startup Cost": 72556.41,"Total Cost": 73202.94,"Plan Rows": 4910,"Plan Width": 272,"Actual Startup Time": 926.381,"Actual Total Time": 968.379,"Actual Rows": 12,"Actual Loops": 1,"Workers Planned": 2,"Workers Launched": 2,"Plans": [{"Node Type": "Aggregate","Strategy": "Sorted","Partial Mode": "Partial","Parent Relationship": "Outer","Parallel Aware": false,"Async Capable": false,"Startup Cost": 71556.39,"Total Cost": 71636.18,"Plan Rows": 2455,"Plan Width": 272,"Actual Startup Time": 917.646,"Actual Total Time": 918.340,"Actual Rows": 4,"Actual Loops": 3,"Group Key": ["n1.n_name", "n2.n_name", "(EXTRACT(year FROM lineitem.l_shipdate))"],"Workers": [],"Plans": [{"Node Type": "Sort","Parent Relationship": "Outer","Parallel Aware": false,"Async Capable": false,"Startup Cost": 71556.39,"Total Cost": 71562.53,"Plan Rows": 2455,"Plan Width": 252,"Actual Startup Time": 917.389,"Actual Total Time": 917.501,"Actual Rows": 1960,"Actual Loops": 3,"Sort Key": ["n1.n_name", "n2.n_name", "(EXTRACT(year FROM lineitem.l_shipdate))"],"Sort Method": "quicksort","Sort Space Used": 321,"Sort Space Type": "Memory","Workers": [{"Worker Number": 0,"Sort Method": "quicksort","Sort Space Used": 257,"Sort Space Type": "Memory"},{"Worker Number": 1,"Sort Method": "quicksort","Sort Space Used": 259,"Sort Space Type": "Memory"}],"Plans": [{"Node Type": "Hash Join","Parent Relationship": "Outer","Parallel Aware": false,"Async Capable": false,"Join Type": "Inner","Startup Cost": 366.16,"Total Cost": 71418.15,"Plan Rows": 2455,"Plan Width": 252,"Actual Startup Time": 12.344,"Actual Total Time": 915.591,"Actual Rows": 1960,"Actual Loops": 3,"Inner Unique": false,"Hash Cond": "(lineitem.l_suppkey = supplier.s_suppkey)","Join Filter": "(((n1.n_name = 'FRANCE'::bpchar) AND (n2.n_name = 'SAUDI ARABIA'::bpchar)) OR ((n1.n_name = 'SAUDI ARABIA'::bpchar) AND (n2.n_name = 'FRANCE'::bpchar)))","Rows Removed by Join Filter": 1973,"Workers": [],"Plans": [{"Node Type": "Nested Loop","Parent Relationship": "Outer","Parallel Aware": false,"Async Capable": false,"Join Type": "Inner","Startup Cost": 2.26,"Total Cost": 70727.78,"Plan Rows": 60250,"Plan Width": 124,"Actual Startup Time": 0.778,"Actual Total Time": 897.136,"Actual Rows": 48995,"Actual Loops": 3,"Inner Unique": false,"Workers": [],"Plans": [{"Node Type": "Nested Loop","Parent Relationship": "Outer","Parallel Aware": false,"Async Capable": false,"Join Type": "Inner","Startup Cost": 1.83,"Total Cost": 12400.01,"Plan Rows": 49000,"Plan Width": 108,"Actual Startup Time": 0.479,"Actual Total Time": 222.127,"Actual Rows": 40018,"Actual Loops": 3,"Inner Unique": false,"Workers": [],"Plans": [{"Node Type": "Hash Join","Parent Relationship": "Outer","Parallel Aware": false,"Async Capable": false,"Join Type": "Inner","Startup Cost": 1.40,"Total Cost": 4403.27,"Plan Rows": 4900,"Plan Width": 108,"Actual Startup Time": 0.230,"Actual Total Time": 43.455,"Actual Rows": 4001,"Actual Loops": 3,"Inner Unique": true,"Hash Cond": "(customer.c_nationkey = n2.n_nationkey)","Workers": [],"Plans": [{"Node Type": "Seq Scan","Parent Relationship": "Outer","Parallel Aware": true,"Async Capable": false,"Relation Name": "customer","Alias": "customer","Startup Cost": 0.00,"Total Cost": 4210.00,"Plan Rows": 62500,"Plan Width": 8,"Actual Startup Time": 0.016,"Actual Total Time": 9.129,"Actual Rows": 50000,"Actual Loops": 3,"Workers": []},{"Node Type": "Hash","Parent Relationship": "Inner","Parallel Aware": false,"Async Capable": false,"Startup Cost": 1.38,"Total Cost": 1.38,"Plan Rows": 2,"Plan Width": 108,"Actual Startup Time": 0.104,"Actual Total Time": 0.110,"Actual Rows": 2,"Actual Loops": 3,"Hash Buckets": 1024,"Original Hash Buckets": 1024,"Hash Batches": 1,"Original Hash Batches": 1,"Peak Memory Usage": 9,"Workers": [],"Plans": [{"Node Type": "Seq Scan","Parent Relationship": "Outer","Parallel Aware": false,"Async Capable": false,"Relation Name": "nation","Alias": "n2","Startup Cost": 0.00,"Total Cost": 1.38,"Plan Rows": 2,"Plan Width": 108,"Actual Startup Time": 0.079,"Actual Total Time": 0.086,"Actual Rows": 2,"Actual Loops": 3,"Filter": "((n_name = 'SAUDI ARABIA'::bpchar) OR (n_name = 'FRANCE'::bpchar))","Rows Removed by Filter": 23,"Workers": []}]}]},{"Node Type": "Index Scan","Parent Relationship": "Inner","Parallel Aware": false,"Async Capable": false,"Scan Direction": "Forward","Index Name": "idx_orders_custkey","Relation Name": "orders","Alias": "orders","Startup Cost": 0.43,"Total Cost": 1.46,"Plan Rows": 17,"Plan Width": 8,"Actual Startup Time": 0.007,"Actual Total Time": 0.043,"Actual Rows": 10,"Actual Loops": 12004,"Index Cond": "(o_custkey = customer.c_custkey)","Rows Removed by Index Recheck": 0,"Workers": []}]},{"Node Type": "Index Scan","Parent Relationship": "Inner","Parallel Aware": false,"Async Capable": false,"Scan Direction": "Forward","Index Name": "idx_lineitem_orderkey","Relation Name": "lineitem","Alias": "lineitem","Startup Cost": 0.43,"Total Cost": 1.14,"Plan Rows": 5,"Plan Width": 24,"Actual Startup Time": 0.016,"Actual Total Time": 0.017,"Actual Rows": 1,"Actual Loops": 120053,"Index Cond": "(l_orderkey = orders.o_orderkey)","Rows Removed by Index Recheck": 0,"Filter": "((l_shipdate >= '1995-01-01'::date) AND (l_shipdate <= '1996-12-31'::date))","Rows Removed by Filter": 3,"Workers": []}]},{"Node Type": "Hash","Parent Relationship": "Inner","Parallel Aware": false,"Async Capable": false,"Startup Cost": 354.10,"Total Cost": 354.10,"Plan Rows": 784,"Plan Width": 108,"Actual Startup Time": 11.199,"Actual Total Time": 11.215,"Actual Rows": 813,"Actual Loops": 3,"Hash Buckets": 1024,"Original Hash Buckets": 1024,"Hash Batches": 1,"Original Hash Batches": 1,"Peak Memory Usage": 58,"Workers": [],"Plans": [{"Node Type": "Hash Join","Parent Relationship": "Outer","Parallel Aware": false,"Async Capable": false,"Join Type": "Inner","Startup Cost": 1.40,"Total Cost": 354.10,"Plan Rows": 784,"Plan Width": 108,"Actual Startup Time": 0.157,"Actual Total Time": 11.023,"Actual Rows": 813,"Actual Loops": 3,"Inner Unique": true,"Hash Cond": "(supplier.s_nationkey = n1.n_nationkey)","Workers": [],"Plans": [{"Node Type": "Seq Scan","Parent Relationship": "Outer","Parallel Aware": false,"Async Capable": false,"Relation Name": "supplier","Alias": "supplier","Startup Cost": 0.00,"Total Cost": 322.00,"Plan Rows": 10000,"Plan Width": 8,"Actual Startup Time": 0.039,"Actual Total Time": 4.494,"Actual Rows": 10000,"Actual Loops": 3,"Workers": []},{"Node Type": "Hash","Parent Relationship": "Inner","Parallel Aware": false,"Async Capable": false,"Startup Cost": 1.38,"Total Cost": 1.38,"Plan Rows": 2,"Plan Width": 108,"Actual Startup Time": 0.018,"Actual Total Time": 0.024,"Actual Rows": 2,"Actual Loops": 3,"Hash Buckets": 1024,"Original Hash Buckets": 1024,"Hash Batches": 1,"Original Hash Batches": 1,"Peak Memory Usage": 9,"Workers": [],"Plans": [{"Node Type": "Seq Scan","Parent Relationship": "Outer","Parallel Aware": false,"Async Capable": false,"Relation Name": "nation","Alias": "n1","Startup Cost": 0.00,"Total Cost": 1.38,"Plan Rows": 2,"Plan Width": 108,"Actual Startup Time": 0.006,"Actual Total Time": 0.013,"Actual Rows": 2,"Actual Loops": 3,"Filter": "((n_name = 'FRANCE'::bpchar) OR (n_name = 'SAUDI ARABIA'::bpchar))","Rows Removed by Filter": 23,"Workers": []}]}]}]}]}]}]}]}]},"Planning Time": 9.450,"Triggers": [],"Execution Time": 968.859}]
[{"Plan": {"Node Type": "Aggregate","Strategy": "Sorted","Partial Mode": "Finalize","Parallel Aware": false,"Async Capable": false,"Startup Cost": 72556.41,"Total Cost": 73352.71,"Plan Rows": 5893,"Plan Width": 272,"Actual Startup Time": 922.025,"Actual Total Time": 967.242,"Actual Rows": 4,"Actual Loops": 1,"Group Key": ["n1.n_name", "n2.n_name", "(EXTRACT(year FROM lineitem.l_shipdate))"],"Plans": [{"Node Type": "Gather Merge","Parent Relationship": "Outer","Parallel Aware": false,"Async Capable": false,"Startup Cost": 72556.41,"Total Cost": 73202.94,"Plan Rows": 4910,"Plan Width": 272,"Actual Startup Time": 921.755,"Actual Total Time": 967.174,"Actual Rows": 12,"Actual Loops": 1,"Workers Planned": 2,"Workers Launched": 2,"Plans": [{"Node Type": "Aggregate","Strategy": "Sorted","Partial Mode": "Partial","Parent Relationship": "Outer","Parallel Aware": false,"Async Capable": false,"Startup Cost": 71556.39,"Total Cost": 71636.18,"Plan Rows": 2455,"Plan Width": 272,"Actual Startup Time": 914.163,"Actual Total Time": 914.835,"Actual Rows": 4,"Actual Loops": 3,"Group Key": ["n1.n_name", "n2.n_name", "(EXTRACT(year FROM lineitem.l_shipdate))"],"Workers": [],"Plans": [{"Node Type": "Sort","Parent Relationship": "Outer","Parallel Aware": false,"Async Capable": false,"Startup Cost": 71556.39,"Total Cost": 71562.53,"Plan Rows": 2455,"Plan Width": 252,"Actual Startup Time": 913.898,"Actual Total Time": 914.003,"Actual Rows": 1996,"Actual Loops": 3,"Sort Key": ["n1.n_name", "n2.n_name", "(EXTRACT(year FROM lineitem.l_shipdate))"],"Sort Method": "quicksort","Sort Space Used": 263,"Sort Space Type": "Memory","Workers": [{"Worker Number": 0,"Sort Method": "quicksort","Sort Space Used": 264,"Sort Space Type": "Memory"},{"Worker Number": 1,"Sort Method": "quicksort","Sort Space Used": 321,"Sort Space Type": "Memory"}],"Plans": [{"Node Type": "Hash Join","Parent Relationship": "Outer","Parallel Aware": false,"Async Capable": false,"Join Type": "Inner","Startup Cost": 366.16,"Total Cost": 71418.15,"Plan Rows": 2455,"Plan Width": 252,"Actual Startup Time": 8.943,"Actual Total Time": 911.975,"Actual Rows": 1996,"Actual Loops": 3,"Inner Unique": false,"Hash Cond": "(lineitem.l_suppkey = supplier.s_suppkey)","Join Filter": "(((n1.n_name = 'ALGERIA'::bpchar) AND (n2.n_name = 'UNITED STATES'::bpchar)) OR ((n1.n_name = 'UNITED STATES'::bpchar) AND (n2.n_name = 'ALGERIA'::bpchar)))","Rows Removed by Join Filter": 2005,"Workers": [],"Plans": [{"Node Type": "Nested Loop","Parent Relationship": "Outer","Parallel Aware": false,"Async Capable": false,"Join Type": "Inner","Startup Cost": 2.26,"Total Cost": 70727.78,"Plan Rows": 60250,"Plan Width": 124,"Actual Startup Time": 0.525,"Actual Total Time": 897.388,"Actual Rows": 48549,"Actual Loops": 3,"Inner Unique": false,"Workers": [],"Plans": [{"Node Type": "Nested Loop","Parent Relationship": "Outer","Parallel Aware": false,"Async Capable": false,"Join Type": "Inner","Startup Cost": 1.83,"Total Cost": 12400.01,"Plan Rows": 49000,"Plan Width": 108,"Actual Startup Time": 0.248,"Actual Total Time": 222.216,"Actual Rows": 39848,"Actual Loops": 3,"Inner Unique": false,"Workers": [],"Plans": [{"Node Type": "Hash Join","Parent Relationship": "Outer","Parallel Aware": false,"Async Capable": false,"Join Type": "Inner","Startup Cost": 1.40,"Total Cost": 4403.27,"Plan Rows": 4900,"Plan Width": 108,"Actual Startup Time": 0.143,"Actual Total Time": 43.878,"Actual Rows": 3969,"Actual Loops": 3,"Inner Unique": true,"Hash Cond": "(customer.c_nationkey = n2.n_nationkey)","Workers": [],"Plans": [{"Node Type": "Seq Scan","Parent Relationship": "Outer","Parallel Aware": true,"Async Capable": false,"Relation Name": "customer","Alias": "customer","Startup Cost": 0.00,"Total Cost": 4210.00,"Plan Rows": 62500,"Plan Width": 8,"Actual Startup Time": 0.013,"Actual Total Time": 9.192,"Actual Rows": 50000,"Actual Loops": 3,"Workers": []},{"Node Type": "Hash","Parent Relationship": "Inner","Parallel Aware": false,"Async Capable": false,"Startup Cost": 1.38,"Total Cost": 1.38,"Plan Rows": 2,"Plan Width": 108,"Actual Startup Time": 0.055,"Actual Total Time": 0.061,"Actual Rows": 2,"Actual Loops": 3,"Hash Buckets": 1024,"Original Hash Buckets": 1024,"Hash Batches": 1,"Original Hash Batches": 1,"Peak Memory Usage": 9,"Workers": [],"Plans": [{"Node Type": "Seq Scan","Parent Relationship": "Outer","Parallel Aware": false,"Async Capable": false,"Relation Name": "nation","Alias": "n2","Startup Cost": 0.00,"Total Cost": 1.38,"Plan Rows": 2,"Plan Width": 108,"Actual Startup Time": 0.039,"Actual Total Time": 0.047,"Actual Rows": 2,"Actual Loops": 3,"Filter": "((n_name = 'UNITED STATES'::bpchar) OR (n_name = 'ALGERIA'::bpchar))","Rows Removed by Filter": 23,"Workers": []}]}]},{"Node Type": "Index Scan","Parent Relationship": "Inner","Parallel Aware": false,"Async Capable": false,"Scan Direction": "Forward","Index Name": "idx_orders_custkey","Relation Name": "orders","Alias": "orders","Startup Cost": 0.43,"Total Cost": 1.46,"Plan Rows": 17,"Plan Width": 8,"Actual Startup Time": 0.007,"Actual Total Time": 0.044,"Actual Rows": 10,"Actual Loops": 11908,"Index Cond": "(o_custkey = customer.c_custkey)","Rows Removed by Index Recheck": 0,"Workers": []}]},{"Node Type": "Index Scan","Parent Relationship": "Inner","Parallel Aware": false,"Async Capable": false,"Scan Direction": "Forward","Index Name": "idx_lineitem_orderkey","Relation Name": "lineitem","Alias": "lineitem","Startup Cost": 0.43,"Total Cost": 1.14,"Plan Rows": 5,"Plan Width": 24,"Actual Startup Time": 0.016,"Actual Total Time": 0.017,"Actual Rows": 1,"Actual Loops": 119543,"Index Cond": "(l_orderkey = orders.o_orderkey)","Rows Removed by Index Recheck": 0,"Filter": "((l_shipdate >= '1995-01-01'::date) AND (l_shipdate <= '1996-12-31'::date))","Rows Removed by Filter": 3,"Workers": []}]},{"Node Type": "Hash","Parent Relationship": "Inner","Parallel Aware": false,"Async Capable": false,"Startup Cost": 354.10,"Total Cost": 354.10,"Plan Rows": 784,"Plan Width": 108,"Actual Startup Time": 7.503,"Actual Total Time": 7.517,"Actual Rows": 813,"Actual Loops": 3,"Hash Buckets": 1024,"Original Hash Buckets": 1024,"Hash Batches": 1,"Original Hash Batches": 1,"Peak Memory Usage": 58,"Workers": [],"Plans": [{"Node Type": "Hash Join","Parent Relationship": "Outer","Parallel Aware": false,"Async Capable": false,"Join Type": "Inner","Startup Cost": 1.40,"Total Cost": 354.10,"Plan Rows": 784,"Plan Width": 108,"Actual Startup Time": 0.105,"Actual Total Time": 7.297,"Actual Rows": 813,"Actual Loops": 3,"Inner Unique": true,"Hash Cond": "(supplier.s_nationkey = n1.n_nationkey)","Workers": [],"Plans": [{"Node Type": "Seq Scan","Parent Relationship": "Outer","Parallel Aware": false,"Async Capable": false,"Relation Name": "supplier","Alias": "supplier","Startup Cost": 0.00,"Total Cost": 322.00,"Plan Rows": 10000,"Plan Width": 8,"Actual Startup Time": 0.035,"Actual Total Time": 3.830,"Actual Rows": 10000,"Actual Loops": 3,"Workers": []},{"Node Type": "Hash","Parent Relationship": "Inner","Parallel Aware": false,"Async Capable": false,"Startup Cost": 1.38,"Total Cost": 1.38,"Plan Rows": 2,"Plan Width": 108,"Actual Startup Time": 0.019,"Actual Total Time": 0.024,"Actual Rows": 2,"Actual Loops": 3,"Hash Buckets": 1024,"Original Hash Buckets": 1024,"Hash Batches": 1,"Original Hash Batches": 1,"Peak Memory Usage": 9,"Workers": [],"Plans": [{"Node Type": "Seq Scan","Parent Relationship": "Outer","Parallel Aware": false,"Async Capable": false,"Relation Name": "nation","Alias": "n1","Startup Cost": 0.00,"Total Cost": 1.38,"Plan Rows": 2,"Plan Width": 108,"Actual Startup Time": 0.005,"Actual Total Time": 0.013,"Actual Rows": 2,"Actual Loops": 3,"Filter": "((n_name = 'ALGERIA'::bpchar) OR (n_name = 'UNITED STATES'::bpchar))","Rows Removed by Filter": 23,"Workers": []}]}]}]}]}]}]}]}]},"Planning Time": 7.801,"Triggers": [],"Execution Time": 967.850}]
[{"Plan": {"Node Type": "Aggregate","Strategy": "Sorted","Partial Mode": "Finalize","Parallel Aware": false,"Async Capable": false,"Startup Cost": 72556.41,"Total Cost": 73352.71,"Plan Rows": 5893,"Plan Width": 272,"Actual Startup Time": 926.298,"Actual Total Time": 970.760,"Actual Rows": 4,"Actual Loops": 1,"Group Key": ["n1.n_name", "n2.n_name", "(EXTRACT(year FROM lineitem.l_shipdate))"],"Plans": [{"Node Type": "Gather Merge","Parent Relationship": "Outer","Parallel Aware": false,"Async Capable": false,"Startup Cost": 72556.41,"Total Cost": 73202.94,"Plan Rows": 4910,"Plan Width": 272,"Actual Startup Time": 925.748,"Actual Total Time": 970.682,"Actual Rows": 12,"Actual Loops": 1,"Workers Planned": 2,"Workers Launched": 2,"Plans": [{"Node Type": "Aggregate","Strategy": "Sorted","Partial Mode": "Partial","Parent Relationship": "Outer","Parallel Aware": false,"Async Capable": false,"Startup Cost": 71556.39,"Total Cost": 71636.18,"Plan Rows": 2455,"Plan Width": 272,"Actual Startup Time": 917.234,"Actual Total Time": 917.979,"Actual Rows": 4,"Actual Loops": 3,"Group Key": ["n1.n_name", "n2.n_name", "(EXTRACT(year FROM lineitem.l_shipdate))"],"Workers": [],"Plans": [{"Node Type": "Sort","Parent Relationship": "Outer","Parallel Aware": false,"Async Capable": false,"Startup Cost": 71556.39,"Total Cost": 71562.53,"Plan Rows": 2455,"Plan Width": 252,"Actual Startup Time": 916.932,"Actual Total Time": 917.052,"Actual Rows": 1862,"Actual Loops": 3,"Sort Key": ["n1.n_name", "n2.n_name", "(EXTRACT(year FROM lineitem.l_shipdate))"],"Sort Method": "quicksort","Sort Space Used": 262,"Sort Space Type": "Memory","Workers": [{"Worker Number": 0,"Sort Method": "quicksort","Sort Space Used": 251,"Sort Space Type": "Memory"},{"Worker Number": 1,"Sort Method": "quicksort","Sort Space Used": 243,"Sort Space Type": "Memory"}],"Plans": [{"Node Type": "Hash Join","Parent Relationship": "Outer","Parallel Aware": false,"Async Capable": false,"Join Type": "Inner","Startup Cost": 366.16,"Total Cost": 71418.15,"Plan Rows": 2455,"Plan Width": 252,"Actual Startup Time": 12.669,"Actual Total Time": 915.164,"Actual Rows": 1862,"Actual Loops": 3,"Inner Unique": false,"Hash Cond": "(lineitem.l_suppkey = supplier.s_suppkey)","Join Filter": "(((n1.n_name = 'MOROCCO'::bpchar) AND (n2.n_name = 'GERMANY'::bpchar)) OR ((n1.n_name = 'GERMANY'::bpchar) AND (n2.n_name = 'MOROCCO'::bpchar)))","Rows Removed by Join Filter": 1852,"Workers": [],"Plans": [{"Node Type": "Nested Loop","Parent Relationship": "Outer","Parallel Aware": false,"Async Capable": false,"Join Type": "Inner","Startup Cost": 2.26,"Total Cost": 70727.78,"Plan Rows": 60250,"Plan Width": 124,"Actual Startup Time": 0.692,"Actual Total Time": 897.880,"Actual Rows": 48662,"Actual Loops": 3,"Inner Unique": false,"Workers": [],"Plans": [{"Node Type": "Nested Loop","Parent Relationship": "Outer","Parallel Aware": false,"Async Capable": false,"Join Type": "Inner","Startup Cost": 1.83,"Total Cost": 12400.01,"Plan Rows": 49000,"Plan Width": 108,"Actual Startup Time": 0.335,"Actual Total Time": 221.334,"Actual Rows": 39728,"Actual Loops": 3,"Inner Unique": false,"Workers": [],"Plans": [{"Node Type": "Hash Join","Parent Relationship": "Outer","Parallel Aware": false,"Async Capable": false,"Join Type": "Inner","Startup Cost": 1.40,"Total Cost": 4403.27,"Plan Rows": 4900,"Plan Width": 108,"Actual Startup Time": 0.207,"Actual Total Time": 43.646,"Actual Rows": 3943,"Actual Loops": 3,"Inner Unique": true,"Hash Cond": "(customer.c_nationkey = n2.n_nationkey)","Workers": [],"Plans": [{"Node Type": "Seq Scan","Parent Relationship": "Outer","Parallel Aware": true,"Async Capable": false,"Relation Name": "customer","Alias": "customer","Startup Cost": 0.00,"Total Cost": 4210.00,"Plan Rows": 62500,"Plan Width": 8,"Actual Startup Time": 0.016,"Actual Total Time": 9.026,"Actual Rows": 50000,"Actual Loops": 3,"Workers": []},{"Node Type": "Hash","Parent Relationship": "Inner","Parallel Aware": false,"Async Capable": false,"Startup Cost": 1.38,"Total Cost": 1.38,"Plan Rows": 2,"Plan Width": 108,"Actual Startup Time": 0.081,"Actual Total Time": 0.088,"Actual Rows": 2,"Actual Loops": 3,"Hash Buckets": 1024,"Original Hash Buckets": 1024,"Hash Batches": 1,"Original Hash Batches": 1,"Peak Memory Usage": 9,"Workers": [],"Plans": [{"Node Type": "Seq Scan","Parent Relationship": "Outer","Parallel Aware": false,"Async Capable": false,"Relation Name": "nation","Alias": "n2","Startup Cost": 0.00,"Total Cost": 1.38,"Plan Rows": 2,"Plan Width": 108,"Actual Startup Time": 0.060,"Actual Total Time": 0.070,"Actual Rows": 2,"Actual Loops": 3,"Filter": "((n_name = 'GERMANY'::bpchar) OR (n_name = 'MOROCCO'::bpchar))","Rows Removed by Filter": 23,"Workers": []}]}]},{"Node Type": "Index Scan","Parent Relationship": "Inner","Parallel Aware": false,"Async Capable": false,"Scan Direction": "Forward","Index Name": "idx_orders_custkey","Relation Name": "orders","Alias": "orders","Startup Cost": 0.43,"Total Cost": 1.46,"Plan Rows": 17,"Plan Width": 8,"Actual Startup Time": 0.007,"Actual Total Time": 0.044,"Actual Rows": 10,"Actual Loops": 11829,"Index Cond": "(o_custkey = customer.c_custkey)","Rows Removed by Index Recheck": 0,"Workers": []}]},{"Node Type": "Index Scan","Parent Relationship": "Inner","Parallel Aware": false,"Async Capable": false,"Scan Direction": "Forward","Index Name": "idx_lineitem_orderkey","Relation Name": "lineitem","Alias": "lineitem","Startup Cost": 0.43,"Total Cost": 1.14,"Plan Rows": 5,"Plan Width": 24,"Actual Startup Time": 0.016,"Actual Total Time": 0.017,"Actual Rows": 1,"Actual Loops": 119183,"Index Cond": "(l_orderkey = orders.o_orderkey)","Rows Removed by Index Recheck": 0,"Filter": "((l_shipdate >= '1995-01-01'::date) AND (l_shipdate <= '1996-12-31'::date))","Rows Removed by Filter": 3,"Workers": []}]},{"Node Type": "Hash","Parent Relationship": "Inner","Parallel Aware": false,"Async Capable": false,"Startup Cost": 354.10,"Total Cost": 354.10,"Plan Rows": 784,"Plan Width": 108,"Actual Startup Time": 10.511,"Actual Total Time": 10.526,"Actual Rows": 769,"Actual Loops": 3,"Hash Buckets": 1024,"Original Hash Buckets": 1024,"Hash Batches": 1,"Original Hash Batches": 1,"Peak Memory Usage": 55,"Workers": [],"Plans": [{"Node Type": "Hash Join","Parent Relationship": "Outer","Parallel Aware": false,"Async Capable": false,"Join Type": "Inner","Startup Cost": 1.40,"Total Cost": 354.10,"Plan Rows": 784,"Plan Width": 108,"Actual Startup Time": 0.092,"Actual Total Time": 10.352,"Actual Rows": 769,"Actual Loops": 3,"Inner Unique": true,"Hash Cond": "(supplier.s_nationkey = n1.n_nationkey)","Workers": [],"Plans": [{"Node Type": "Seq Scan","Parent Relationship": "Outer","Parallel Aware": false,"Async Capable": false,"Relation Name": "supplier","Alias": "supplier","Startup Cost": 0.00,"Total Cost": 322.00,"Plan Rows": 10000,"Plan Width": 8,"Actual Startup Time": 0.038,"Actual Total Time": 3.971,"Actual Rows": 10000,"Actual Loops": 3,"Workers": []},{"Node Type": "Hash","Parent Relationship": "Inner","Parallel Aware": false,"Async Capable": false,"Startup Cost": 1.38,"Total Cost": 1.38,"Plan Rows": 2,"Plan Width": 108,"Actual Startup Time": 0.019,"Actual Total Time": 0.024,"Actual Rows": 2,"Actual Loops": 3,"Hash Buckets": 1024,"Original Hash Buckets": 1024,"Hash Batches": 1,"Original Hash Batches": 1,"Peak Memory Usage": 9,"Workers": [],"Plans": [{"Node Type": "Seq Scan","Parent Relationship": "Outer","Parallel Aware": false,"Async Capable": false,"Relation Name": "nation","Alias": "n1","Startup Cost": 0.00,"Total Cost": 1.38,"Plan Rows": 2,"Plan Width": 108,"Actual Startup Time": 0.007,"Actual Total Time": 0.014,"Actual Rows": 2,"Actual Loops": 3,"Filter": "((n_name = 'MOROCCO'::bpchar) OR (n_name = 'GERMANY'::bpchar))","Rows Removed by Filter": 23,"Workers": []}]}]}]}]}]}]}]}]},"Planning Time": 8.305,"Triggers": [],"Execution Time": 971.209}]
[{"Plan": {"Node Type": "Aggregate","Strategy": "Sorted","Partial Mode": "Finalize","Parallel Aware": false,"Async Capable": false,"Startup Cost": 72556.41,"Total Cost": 73352.71,"Plan Rows": 5893,"Plan Width": 272,"Actual Startup Time": 918.947,"Actual Total Time": 962.695,"Actual Rows": 4,"Actual Loops": 1,"Group Key": ["n1.n_name", "n2.n_name", "(EXTRACT(year FROM lineitem.l_shipdate))"],"Plans": [{"Node Type": "Gather Merge","Parent Relationship": "Outer","Parallel Aware": false,"Async Capable": false,"Startup Cost": 72556.41,"Total Cost": 73202.94,"Plan Rows": 4910,"Plan Width": 272,"Actual Startup Time": 918.641,"Actual Total Time": 962.626,"Actual Rows": 12,"Actual Loops": 1,"Workers Planned": 2,"Workers Launched": 2,"Plans": [{"Node Type": "Aggregate","Strategy": "Sorted","Partial Mode": "Partial","Parent Relationship": "Outer","Parallel Aware": false,"Async Capable": false,"Startup Cost": 71556.39,"Total Cost": 71636.18,"Plan Rows": 2455,"Plan Width": 272,"Actual Startup Time": 910.398,"Actual Total Time": 911.108,"Actual Rows": 4,"Actual Loops": 3,"Group Key": ["n1.n_name", "n2.n_name", "(EXTRACT(year FROM lineitem.l_shipdate))"],"Workers": [],"Plans": [{"Node Type": "Sort","Parent Relationship": "Outer","Parallel Aware": false,"Async Capable": false,"Startup Cost": 71556.39,"Total Cost": 71562.53,"Plan Rows": 2455,"Plan Width": 252,"Actual Startup Time": 910.149,"Actual Total Time": 910.249,"Actual Rows": 1892,"Actual Loops": 3,"Sort Key": ["n1.n_name", "n2.n_name", "(EXTRACT(year FROM lineitem.l_shipdate))"],"Sort Method": "quicksort","Sort Space Used": 265,"Sort Space Type": "Memory","Workers": [{"Worker Number": 0,"Sort Method": "quicksort","Sort Space Used": 251,"Sort Space Type": "Memory"},{"Worker Number": 1,"Sort Method": "quicksort","Sort Space Used": 251,"Sort Space Type": "Memory"}],"Plans": [{"Node Type": "Hash Join","Parent Relationship": "Outer","Parallel Aware": false,"Async Capable": false,"Join Type": "Inner","Startup Cost": 366.16,"Total Cost": 71418.15,"Plan Rows": 2455,"Plan Width": 252,"Actual Startup Time": 11.896,"Actual Total Time": 908.369,"Actual Rows": 1892,"Actual Loops": 3,"Inner Unique": false,"Hash Cond": "(lineitem.l_suppkey = supplier.s_suppkey)","Join Filter": "(((n1.n_name = 'JAPAN'::bpchar) AND (n2.n_name = 'PERU'::bpchar)) OR ((n1.n_name = 'PERU'::bpchar) AND (n2.n_name = 'JAPAN'::bpchar)))","Rows Removed by Join Filter": 1923,"Workers": [],"Plans": [{"Node Type": "Nested Loop","Parent Relationship": "Outer","Parallel Aware": false,"Async Capable": false,"Join Type": "Inner","Startup Cost": 2.26,"Total Cost": 70727.78,"Plan Rows": 60250,"Plan Width": 124,"Actual Startup Time": 0.993,"Actual Total Time": 891.191,"Actual Rows": 48133,"Actual Loops": 3,"Inner Unique": false,"Workers": [],"Plans": [{"Node Type": "Nested Loop","Parent Relationship": "Outer","Parallel Aware": false,"Async Capable": false,"Join Type": "Inner","Startup Cost": 1.83,"Total Cost": 12400.01,"Plan Rows": 49000,"Plan Width": 108,"Actual Startup Time": 0.325,"Actual Total Time": 220.564,"Actual Rows": 39474,"Actual Loops": 3,"Inner Unique": false,"Workers": [],"Plans": [{"Node Type": "Hash Join","Parent Relationship": "Outer","Parallel Aware": false,"Async Capable": false,"Join Type": "Inner","Startup Cost": 1.40,"Total Cost": 4403.27,"Plan Rows": 4900,"Plan Width": 108,"Actual Startup Time": 0.189,"Actual Total Time": 43.399,"Actual Rows": 3974,"Actual Loops": 3,"Inner Unique": true,"Hash Cond": "(customer.c_nationkey = n2.n_nationkey)","Workers": [],"Plans": [{"Node Type": "Seq Scan","Parent Relationship": "Outer","Parallel Aware": true,"Async Capable": false,"Relation Name": "customer","Alias": "customer","Startup Cost": 0.00,"Total Cost": 4210.00,"Plan Rows": 62500,"Plan Width": 8,"Actual Startup Time": 0.015,"Actual Total Time": 9.199,"Actual Rows": 50000,"Actual Loops": 3,"Workers": []},{"Node Type": "Hash","Parent Relationship": "Inner","Parallel Aware": false,"Async Capable": false,"Startup Cost": 1.38,"Total Cost": 1.38,"Plan Rows": 2,"Plan Width": 108,"Actual Startup Time": 0.080,"Actual Total Time": 0.085,"Actual Rows": 2,"Actual Loops": 3,"Hash Buckets": 1024,"Original Hash Buckets": 1024,"Hash Batches": 1,"Original Hash Batches": 1,"Peak Memory Usage": 9,"Workers": [],"Plans": [{"Node Type": "Seq Scan","Parent Relationship": "Outer","Parallel Aware": false,"Async Capable": false,"Relation Name": "nation","Alias": "n2","Startup Cost": 0.00,"Total Cost": 1.38,"Plan Rows": 2,"Plan Width": 108,"Actual Startup Time": 0.059,"Actual Total Time": 0.064,"Actual Rows": 2,"Actual Loops": 3,"Filter": "((n_name = 'PERU'::bpchar) OR (n_name = 'JAPAN'::bpchar))","Rows Removed by Filter": 23,"Workers": []}]}]},{"Node Type": "Index Scan","Parent Relationship": "Inner","Parallel Aware": false,"Async Capable": false,"Scan Direction": "Forward","Index Name": "idx_orders_custkey","Relation Name": "orders","Alias": "orders","Startup Cost": 0.43,"Total Cost": 1.46,"Plan Rows": 17,"Plan Width": 8,"Actual Startup Time": 0.007,"Actual Total Time": 0.043,"Actual Rows": 10,"Actual Loops": 11923,"Index Cond": "(o_custkey = customer.c_custkey)","Rows Removed by Index Recheck": 0,"Workers": []}]},{"Node Type": "Index Scan","Parent Relationship": "Inner","Parallel Aware": false,"Async Capable": false,"Scan Direction": "Forward","Index Name": "idx_lineitem_orderkey","Relation Name": "lineitem","Alias": "lineitem","Startup Cost": 0.43,"Total Cost": 1.14,"Plan Rows": 5,"Plan Width": 24,"Actual Startup Time": 0.016,"Actual Total Time": 0.017,"Actual Rows": 1,"Actual Loops": 118423,"Index Cond": "(l_orderkey = orders.o_orderkey)","Rows Removed by Index Recheck": 0,"Filter": "((l_shipdate >= '1995-01-01'::date) AND (l_shipdate <= '1996-12-31'::date))","Rows Removed by Filter": 3,"Workers": []}]},{"Node Type": "Hash","Parent Relationship": "Inner","Parallel Aware": false,"Async Capable": false,"Startup Cost": 354.10,"Total Cost": 354.10,"Plan Rows": 784,"Plan Width": 108,"Actual Startup Time": 10.043,"Actual Total Time": 10.058,"Actual Rows": 798,"Actual Loops": 3,"Hash Buckets": 1024,"Original Hash Buckets": 1024,"Hash Batches": 1,"Original Hash Batches": 1,"Peak Memory Usage": 57,"Workers": [],"Plans": [{"Node Type": "Hash Join","Parent Relationship": "Outer","Parallel Aware": false,"Async Capable": false,"Join Type": "Inner","Startup Cost": 1.40,"Total Cost": 354.10,"Plan Rows": 784,"Plan Width": 108,"Actual Startup Time": 0.069,"Actual Total Time": 9.870,"Actual Rows": 798,"Actual Loops": 3,"Inner Unique": true,"Hash Cond": "(supplier.s_nationkey = n1.n_nationkey)","Workers": [],"Plans": [{"Node Type": "Seq Scan","Parent Relationship": "Outer","Parallel Aware": false,"Async Capable": false,"Relation Name": "supplier","Alias": "supplier","Startup Cost": 0.00,"Total Cost": 322.00,"Plan Rows": 10000,"Plan Width": 8,"Actual Startup Time": 0.034,"Actual Total Time": 4.012,"Actual Rows": 10000,"Actual Loops": 3,"Workers": []},{"Node Type": "Hash","Parent Relationship": "Inner","Parallel Aware": false,"Async Capable": false,"Startup Cost": 1.38,"Total Cost": 1.38,"Plan Rows": 2,"Plan Width": 108,"Actual Startup Time": 0.012,"Actual Total Time": 0.016,"Actual Rows": 2,"Actual Loops": 3,"Hash Buckets": 1024,"Original Hash Buckets": 1024,"Hash Batches": 1,"Original Hash Batches": 1,"Peak Memory Usage": 9,"Workers": [],"Plans": [{"Node Type": "Seq Scan","Parent Relationship": "Outer","Parallel Aware": false,"Async Capable": false,"Relation Name": "nation","Alias": "n1","Startup Cost": 0.00,"Total Cost": 1.38,"Plan Rows": 2,"Plan Width": 108,"Actual Startup Time": 0.005,"Actual Total Time": 0.009,"Actual Rows": 2,"Actual Loops": 3,"Filter": "((n_name = 'JAPAN'::bpchar) OR (n_name = 'PERU'::bpchar))","Rows Removed by Filter": 23,"Workers": []}]}]}]}]}]}]}]}]},"Planning Time": 7.809,"Triggers": [],"Execution Time": 963.102}]
[{"Plan": {"Node Type": "Aggregate","Strategy": "Sorted","Partial Mode": "Finalize","Parallel Aware": false,"Async Capable": false,"Startup Cost": 72556.41,"Total Cost": 73352.71,"Plan Rows": 5893,"Plan Width": 272,"Actual Startup Time": 923.792,"Actual Total Time": 968.561,"Actual Rows": 4,"Actual Loops": 1,"Group Key": ["n1.n_name", "n2.n_name", "(EXTRACT(year FROM lineitem.l_shipdate))"],"Plans": [{"Node Type": "Gather Merge","Parent Relationship": "Outer","Parallel Aware": false,"Async Capable": false,"Startup Cost": 72556.41,"Total Cost": 73202.94,"Plan Rows": 4910,"Plan Width": 272,"Actual Startup Time": 923.161,"Actual Total Time": 968.466,"Actual Rows": 12,"Actual Loops": 1,"Workers Planned": 2,"Workers Launched": 2,"Plans": [{"Node Type": "Aggregate","Strategy": "Sorted","Partial Mode": "Partial","Parent Relationship": "Outer","Parallel Aware": false,"Async Capable": false,"Startup Cost": 71556.39,"Total Cost": 71636.18,"Plan Rows": 2455,"Plan Width": 272,"Actual Startup Time": 915.146,"Actual Total Time": 915.945,"Actual Rows": 4,"Actual Loops": 3,"Group Key": ["n1.n_name", "n2.n_name", "(EXTRACT(year FROM lineitem.l_shipdate))"],"Workers": [],"Plans": [{"Node Type": "Sort","Parent Relationship": "Outer","Parallel Aware": false,"Async Capable": false,"Startup Cost": 71556.39,"Total Cost": 71562.53,"Plan Rows": 2455,"Plan Width": 252,"Actual Startup Time": 914.851,"Actual Total Time": 914.967,"Actual Rows": 1944,"Actual Loops": 3,"Sort Key": ["n1.n_name", "n2.n_name", "(EXTRACT(year FROM lineitem.l_shipdate))"],"Sort Method": "quicksort","Sort Space Used": 321,"Sort Space Type": "Memory","Workers": [{"Worker Number": 0,"Sort Method": "quicksort","Sort Space Used": 255,"Sort Space Type": "Memory"},{"Worker Number": 1,"Sort Method": "quicksort","Sort Space Used": 255,"Sort Space Type": "Memory"}],"Plans": [{"Node Type": "Hash Join","Parent Relationship": "Outer","Parallel Aware": false,"Async Capable": false,"Join Type": "Inner","Startup Cost": 366.16,"Total Cost": 71418.15,"Plan Rows": 2455,"Plan Width": 252,"Actual Startup Time": 13.306,"Actual Total Time": 913.041,"Actual Rows": 1944,"Actual Loops": 3,"Inner Unique": false,"Hash Cond": "(lineitem.l_suppkey = supplier.s_suppkey)","Join Filter": "(((n1.n_name = 'VIETNAM'::bpchar) AND (n2.n_name = 'IRAN'::bpchar)) OR ((n1.n_name = 'IRAN'::bpchar) AND (n2.n_name = 'VIETNAM'::bpchar)))","Rows Removed by Join Filter": 1901,"Workers": [],"Plans": [{"Node Type": "Nested Loop","Parent Relationship": "Outer","Parallel Aware": false,"Async Capable": false,"Join Type": "Inner","Startup Cost": 2.26,"Total Cost": 70727.78,"Plan Rows": 60250,"Plan Width": 124,"Actual Startup Time": 0.631,"Actual Total Time": 894.607,"Actual Rows": 48678,"Actual Loops": 3,"Inner Unique": false,"Workers": [],"Plans": [{"Node Type": "Nested Loop","Parent Relationship": "Outer","Parallel Aware": false,"Async Capable": false,"Join Type": "Inner","Startup Cost": 1.83,"Total Cost": 12400.01,"Plan Rows": 49000,"Plan Width": 108,"Actual Startup Time": 0.346,"Actual Total Time": 220.979,"Actual Rows": 40007,"Actual Loops": 3,"Inner Unique": false,"Workers": [],"Plans": [{"Node Type": "Hash Join","Parent Relationship": "Outer","Parallel Aware": false,"Async Capable": false,"Join Type": "Inner","Startup Cost": 1.40,"Total Cost": 4403.27,"Plan Rows": 4900,"Plan Width": 108,"Actual Startup Time": 0.212,"Actual Total Time": 43.768,"Actual Rows": 4006,"Actual Loops": 3,"Inner Unique": true,"Hash Cond": "(customer.c_nationkey = n2.n_nationkey)","Workers": [],"Plans": [{"Node Type": "Seq Scan","Parent Relationship": "Outer","Parallel Aware": true,"Async Capable": false,"Relation Name": "customer","Alias": "customer","Startup Cost": 0.00,"Total Cost": 4210.00,"Plan Rows": 62500,"Plan Width": 8,"Actual Startup Time": 0.014,"Actual Total Time": 9.001,"Actual Rows": 50000,"Actual Loops": 3,"Workers": []},{"Node Type": "Hash","Parent Relationship": "Inner","Parallel Aware": false,"Async Capable": false,"Startup Cost": 1.38,"Total Cost": 1.38,"Plan Rows": 2,"Plan Width": 108,"Actual Startup Time": 0.079,"Actual Total Time": 0.085,"Actual Rows": 2,"Actual Loops": 3,"Hash Buckets": 1024,"Original Hash Buckets": 1024,"Hash Batches": 1,"Original Hash Batches": 1,"Peak Memory Usage": 9,"Workers": [],"Plans": [{"Node Type": "Seq Scan","Parent Relationship": "Outer","Parallel Aware": false,"Async Capable": false,"Relation Name": "nation","Alias": "n2","Startup Cost": 0.00,"Total Cost": 1.38,"Plan Rows": 2,"Plan Width": 108,"Actual Startup Time": 0.060,"Actual Total Time": 0.066,"Actual Rows": 2,"Actual Loops": 3,"Filter": "((n_name = 'IRAN'::bpchar) OR (n_name = 'VIETNAM'::bpchar))","Rows Removed by Filter": 23,"Workers": []}]}]},{"Node Type": "Index Scan","Parent Relationship": "Inner","Parallel Aware": false,"Async Capable": false,"Scan Direction": "Forward","Index Name": "idx_orders_custkey","Relation Name": "orders","Alias": "orders","Startup Cost": 0.43,"Total Cost": 1.46,"Plan Rows": 17,"Plan Width": 8,"Actual Startup Time": 0.007,"Actual Total Time": 0.043,"Actual Rows": 10,"Actual Loops": 12017,"Index Cond": "(o_custkey = customer.c_custkey)","Rows Removed by Index Recheck": 0,"Workers": []}]},{"Node Type": "Index Scan","Parent Relationship": "Inner","Parallel Aware": false,"Async Capable": false,"Scan Direction": "Forward","Index Name": "idx_lineitem_orderkey","Relation Name": "lineitem","Alias": "lineitem","Startup Cost": 0.43,"Total Cost": 1.14,"Plan Rows": 5,"Plan Width": 24,"Actual Startup Time": 0.016,"Actual Total Time": 0.017,"Actual Rows": 1,"Actual Loops": 120022,"Index Cond": "(l_orderkey = orders.o_orderkey)","Rows Removed by Index Recheck": 0,"Filter": "((l_shipdate >= '1995-01-01'::date) AND (l_shipdate <= '1996-12-31'::date))","Rows Removed by Filter": 3,"Workers": []}]},{"Node Type": "Hash","Parent Relationship": "Inner","Parallel Aware": false,"Async Capable": false,"Startup Cost": 354.10,"Total Cost": 354.10,"Plan Rows": 784,"Plan Width": 108,"Actual Startup Time": 11.400,"Actual Total Time": 11.413,"Actual Rows": 792,"Actual Loops": 3,"Hash Buckets": 1024,"Original Hash Buckets": 1024,"Hash Batches": 1,"Original Hash Batches": 1,"Peak Memory Usage": 56,"Workers": [],"Plans": [{"Node Type": "Hash Join","Parent Relationship": "Outer","Parallel Aware": false,"Async Capable": false,"Join Type": "Inner","Startup Cost": 1.40,"Total Cost": 354.10,"Plan Rows": 784,"Plan Width": 108,"Actual Startup Time": 0.098,"Actual Total Time": 11.211,"Actual Rows": 792,"Actual Loops": 3,"Inner Unique": true,"Hash Cond": "(supplier.s_nationkey = n1.n_nationkey)","Workers": [],"Plans": [{"Node Type": "Seq Scan","Parent Relationship": "Outer","Parallel Aware": false,"Async Capable": false,"Relation Name": "supplier","Alias": "supplier","Startup Cost": 0.00,"Total Cost": 322.00,"Plan Rows": 10000,"Plan Width": 8,"Actual Startup Time": 0.036,"Actual Total Time": 4.732,"Actual Rows": 10000,"Actual Loops": 3,"Workers": []},{"Node Type": "Hash","Parent Relationship": "Inner","Parallel Aware": false,"Async Capable": false,"Startup Cost": 1.38,"Total Cost": 1.38,"Plan Rows": 2,"Plan Width": 108,"Actual Startup Time": 0.018,"Actual Total Time": 0.023,"Actual Rows": 2,"Actual Loops": 3,"Hash Buckets": 1024,"Original Hash Buckets": 1024,"Hash Batches": 1,"Original Hash Batches": 1,"Peak Memory Usage": 9,"Workers": [],"Plans": [{"Node Type": "Seq Scan","Parent Relationship": "Outer","Parallel Aware": false,"Async Capable": false,"Relation Name": "nation","Alias": "n1","Startup Cost": 0.00,"Total Cost": 1.38,"Plan Rows": 2,"Plan Width": 108,"Actual Startup Time": 0.008,"Actual Total Time": 0.013,"Actual Rows": 2,"Actual Loops": 3,"Filter": "((n_name = 'VIETNAM'::bpchar) OR (n_name = 'IRAN'::bpchar))","Rows Removed by Filter": 23,"Workers": []}]}]}]}]}]}]}]}]},"Planning Time": 8.578,"Triggers": [],"Execution Time": 968.992}]
[{"Plan": {"Node Type": "Aggregate","Strategy": "Sorted","Partial Mode": "Finalize","Parallel Aware": false,"Async Capable": false,"Startup Cost": 72556.41,"Total Cost": 73352.71,"Plan Rows": 5893,"Plan Width": 272,"Actual Startup Time": 918.057,"Actual Total Time": 961.715,"Actual Rows": 4,"Actual Loops": 1,"Group Key": ["n1.n_name", "n2.n_name", "(EXTRACT(year FROM lineitem.l_shipdate))"],"Plans": [{"Node Type": "Gather Merge","Parent Relationship": "Outer","Parallel Aware": false,"Async Capable": false,"Startup Cost": 72556.41,"Total Cost": 73202.94,"Plan Rows": 4910,"Plan Width": 272,"Actual Startup Time": 917.068,"Actual Total Time": 961.620,"Actual Rows": 12,"Actual Loops": 1,"Workers Planned": 2,"Workers Launched": 2,"Plans": [{"Node Type": "Aggregate","Strategy": "Sorted","Partial Mode": "Partial","Parent Relationship": "Outer","Parallel Aware": false,"Async Capable": false,"Startup Cost": 71556.39,"Total Cost": 71636.18,"Plan Rows": 2455,"Plan Width": 272,"Actual Startup Time": 908.586,"Actual Total Time": 909.554,"Actual Rows": 4,"Actual Loops": 3,"Group Key": ["n1.n_name", "n2.n_name", "(EXTRACT(year FROM lineitem.l_shipdate))"],"Workers": [],"Plans": [{"Node Type": "Sort","Parent Relationship": "Outer","Parallel Aware": false,"Async Capable": false,"Startup Cost": 71556.39,"Total Cost": 71562.53,"Plan Rows": 2455,"Plan Width": 252,"Actual Startup Time": 908.319,"Actual Total Time": 908.466,"Actual Rows": 2026,"Actual Loops": 3,"Sort Key": ["n1.n_name", "n2.n_name", "(EXTRACT(year FROM lineitem.l_shipdate))"],"Sort Method": "quicksort","Sort Space Used": 328,"Sort Space Type": "Memory","Workers": [{"Worker Number": 0,"Sort Method": "quicksort","Sort Space Used": 271,"Sort Space Type": "Memory"},{"Worker Number": 1,"Sort Method": "quicksort","Sort Space Used": 259,"Sort Space Type": "Memory"}],"Plans": [{"Node Type": "Hash Join","Parent Relationship": "Outer","Parallel Aware": false,"Async Capable": false,"Join Type": "Inner","Startup Cost": 366.16,"Total Cost": 71418.15,"Plan Rows": 2455,"Plan Width": 252,"Actual Startup Time": 12.066,"Actual Total Time": 906.441,"Actual Rows": 2026,"Actual Loops": 3,"Inner Unique": false,"Hash Cond": "(lineitem.l_suppkey = supplier.s_suppkey)","Join Filter": "(((n1.n_name = 'ALGERIA'::bpchar) AND (n2.n_name = 'PERU'::bpchar)) OR ((n1.n_name = 'PERU'::bpchar) AND (n2.n_name = 'ALGERIA'::bpchar)))","Rows Removed by Join Filter": 2057,"Workers": [],"Plans": [{"Node Type": "Nested Loop","Parent Relationship": "Outer","Parallel Aware": false,"Async Capable": false,"Join Type": "Inner","Startup Cost": 2.26,"Total Cost": 70727.78,"Plan Rows": 60250,"Plan Width": 124,"Actual Startup Time": 0.652,"Actual Total Time": 888.664,"Actual Rows": 48251,"Actual Loops": 3,"Inner Unique": false,"Workers": [],"Plans": [{"Node Type": "Nested Loop","Parent Relationship": "Outer","Parallel Aware": false,"Async Capable": false,"Join Type": "Inner","Startup Cost": 1.83,"Total Cost": 12400.01,"Plan Rows": 49000,"Plan Width": 108,"Actual Startup Time": 0.259,"Actual Total Time": 220.488,"Actual Rows": 39547,"Actual Loops": 3,"Inner Unique": false,"Workers": [],"Plans": [{"Node Type": "Hash Join","Parent Relationship": "Outer","Parallel Aware": false,"Async Capable": false,"Join Type": "Inner","Startup Cost": 1.40,"Total Cost": 4403.27,"Plan Rows": 4900,"Plan Width": 108,"Actual Startup Time": 0.170,"Actual Total Time": 44.010,"Actual Rows": 3967,"Actual Loops": 3,"Inner Unique": true,"Hash Cond": "(customer.c_nationkey = n2.n_nationkey)","Workers": [],"Plans": [{"Node Type": "Seq Scan","Parent Relationship": "Outer","Parallel Aware": true,"Async Capable": false,"Relation Name": "customer","Alias": "customer","Startup Cost": 0.00,"Total Cost": 4210.00,"Plan Rows": 62500,"Plan Width": 8,"Actual Startup Time": 0.012,"Actual Total Time": 9.092,"Actual Rows": 50000,"Actual Loops": 3,"Workers": []},{"Node Type": "Hash","Parent Relationship": "Inner","Parallel Aware": false,"Async Capable": false,"Startup Cost": 1.38,"Total Cost": 1.38,"Plan Rows": 2,"Plan Width": 108,"Actual Startup Time": 0.083,"Actual Total Time": 0.089,"Actual Rows": 2,"Actual Loops": 3,"Hash Buckets": 1024,"Original Hash Buckets": 1024,"Hash Batches": 1,"Original Hash Batches": 1,"Peak Memory Usage": 9,"Workers": [],"Plans": [{"Node Type": "Seq Scan","Parent Relationship": "Outer","Parallel Aware": false,"Async Capable": false,"Relation Name": "nation","Alias": "n2","Startup Cost": 0.00,"Total Cost": 1.38,"Plan Rows": 2,"Plan Width": 108,"Actual Startup Time": 0.067,"Actual Total Time": 0.075,"Actual Rows": 2,"Actual Loops": 3,"Filter": "((n_name = 'PERU'::bpchar) OR (n_name = 'ALGERIA'::bpchar))","Rows Removed by Filter": 23,"Workers": []}]}]},{"Node Type": "Index Scan","Parent Relationship": "Inner","Parallel Aware": false,"Async Capable": false,"Scan Direction": "Forward","Index Name": "idx_orders_custkey","Relation Name": "orders","Alias": "orders","Startup Cost": 0.43,"Total Cost": 1.46,"Plan Rows": 17,"Plan Width": 8,"Actual Startup Time": 0.007,"Actual Total Time": 0.043,"Actual Rows": 10,"Actual Loops": 11900,"Index Cond": "(o_custkey = customer.c_custkey)","Rows Removed by Index Recheck": 0,"Workers": []}]},{"Node Type": "Index Scan","Parent Relationship": "Inner","Parallel Aware": false,"Async Capable": false,"Scan Direction": "Forward","Index Name": "idx_lineitem_orderkey","Relation Name": "lineitem","Alias": "lineitem","Startup Cost": 0.43,"Total Cost": 1.14,"Plan Rows": 5,"Plan Width": 24,"Actual Startup Time": 0.016,"Actual Total Time": 0.017,"Actual Rows": 1,"Actual Loops": 118640,"Index Cond": "(l_orderkey = orders.o_orderkey)","Rows Removed by Index Recheck": 0,"Filter": "((l_shipdate >= '1995-01-01'::date) AND (l_shipdate <= '1996-12-31'::date))","Rows Removed by Filter": 3,"Workers": []}]},{"Node Type": "Hash","Parent Relationship": "Inner","Parallel Aware": false,"Async Capable": false,"Startup Cost": 354.10,"Total Cost": 354.10,"Plan Rows": 784,"Plan Width": 108,"Actual Startup Time": 10.552,"Actual Total Time": 10.569,"Actual Rows": 841,"Actual Loops": 3,"Hash Buckets": 1024,"Original Hash Buckets": 1024,"Hash Batches": 1,"Original Hash Batches": 1,"Peak Memory Usage": 59,"Workers": [],"Plans": [{"Node Type": "Hash Join","Parent Relationship": "Outer","Parallel Aware": false,"Async Capable": false,"Join Type": "Inner","Startup Cost": 1.40,"Total Cost": 354.10,"Plan Rows": 784,"Plan Width": 108,"Actual Startup Time": 0.062,"Actual Total Time": 10.374,"Actual Rows": 841,"Actual Loops": 3,"Inner Unique": true,"Hash Cond": "(supplier.s_nationkey = n1.n_nationkey)","Workers": [],"Plans": [{"Node Type": "Seq Scan","Parent Relationship": "Outer","Parallel Aware": false,"Async Capable": false,"Relation Name": "supplier","Alias": "supplier","Startup Cost": 0.00,"Total Cost": 322.00,"Plan Rows": 10000,"Plan Width": 8,"Actual Startup Time": 0.023,"Actual Total Time": 4.252,"Actual Rows": 10000,"Actual Loops": 3,"Workers": []},{"Node Type": "Hash","Parent Relationship": "Inner","Parallel Aware": false,"Async Capable": false,"Startup Cost": 1.38,"Total Cost": 1.38,"Plan Rows": 2,"Plan Width": 108,"Actual Startup Time": 0.014,"Actual Total Time": 0.020,"Actual Rows": 2,"Actual Loops": 3,"Hash Buckets": 1024,"Original Hash Buckets": 1024,"Hash Batches": 1,"Original Hash Batches": 1,"Peak Memory Usage": 9,"Workers": [],"Plans": [{"Node Type": "Seq Scan","Parent Relationship": "Outer","Parallel Aware": false,"Async Capable": false,"Relation Name": "nation","Alias": "n1","Startup Cost": 0.00,"Total Cost": 1.38,"Plan Rows": 2,"Plan Width": 108,"Actual Startup Time": 0.003,"Actual Total Time": 0.009,"Actual Rows": 2,"Actual Loops": 3,"Filter": "((n_name = 'ALGERIA'::bpchar) OR (n_name = 'PERU'::bpchar))","Rows Removed by Filter": 23,"Workers": []}]}]}]}]}]}]}]}]},"Planning Time": 9.312,"Triggers": [],"Execution Time": 962.091}]
[{"Plan": {"Node Type": "Aggregate","Strategy": "Sorted","Partial Mode": "Finalize","Parallel Aware": false,"Async Capable": false,"Startup Cost": 72556.41,"Total Cost": 73352.71,"Plan Rows": 5893,"Plan Width": 272,"Actual Startup Time": 955.940,"Actual Total Time": 1001.061,"Actual Rows": 4,"Actual Loops": 1,"Group Key": ["n1.n_name", "n2.n_name", "(EXTRACT(year FROM lineitem.l_shipdate))"],"Plans": [{"Node Type": "Gather Merge","Parent Relationship": "Outer","Parallel Aware": false,"Async Capable": false,"Startup Cost": 72556.41,"Total Cost": 73202.94,"Plan Rows": 4910,"Plan Width": 272,"Actual Startup Time": 955.616,"Actual Total Time": 1000.999,"Actual Rows": 12,"Actual Loops": 1,"Workers Planned": 2,"Workers Launched": 2,"Plans": [{"Node Type": "Aggregate","Strategy": "Sorted","Partial Mode": "Partial","Parent Relationship": "Outer","Parallel Aware": false,"Async Capable": false,"Startup Cost": 71556.39,"Total Cost": 71636.18,"Plan Rows": 2455,"Plan Width": 272,"Actual Startup Time": 948.100,"Actual Total Time": 948.823,"Actual Rows": 4,"Actual Loops": 3,"Group Key": ["n1.n_name", "n2.n_name", "(EXTRACT(year FROM lineitem.l_shipdate))"],"Workers": [],"Plans": [{"Node Type": "Sort","Parent Relationship": "Outer","Parallel Aware": false,"Async Capable": false,"Startup Cost": 71556.39,"Total Cost": 71562.53,"Plan Rows": 2455,"Plan Width": 252,"Actual Startup Time": 947.832,"Actual Total Time": 947.938,"Actual Rows": 2070,"Actual Loops": 3,"Sort Key": ["n1.n_name", "n2.n_name", "(EXTRACT(year FROM lineitem.l_shipdate))"],"Sort Method": "quicksort","Sort Space Used": 332,"Sort Space Type": "Memory","Workers": [{"Worker Number": 0,"Sort Method": "quicksort","Sort Space Used": 268,"Sort Space Type": "Memory"},{"Worker Number": 1,"Sort Method": "quicksort","Sort Space Used": 321,"Sort Space Type": "Memory"}],"Plans": [{"Node Type": "Hash Join","Parent Relationship": "Outer","Parallel Aware": false,"Async Capable": false,"Join Type": "Inner","Startup Cost": 366.16,"Total Cost": 71418.15,"Plan Rows": 2455,"Plan Width": 252,"Actual Startup Time": 11.862,"Actual Total Time": 945.744,"Actual Rows": 2070,"Actual Loops": 3,"Inner Unique": false,"Hash Cond": "(lineitem.l_suppkey = supplier.s_suppkey)","Join Filter": "(((n1.n_name = 'FRANCE'::bpchar) AND (n2.n_name = 'MOZAMBIQUE'::bpchar)) OR ((n1.n_name = 'MOZAMBIQUE'::bpchar) AND (n2.n_name = 'FRANCE'::bpchar)))","Rows Removed by Join Filter": 2015,"Workers": [],"Plans": [{"Node Type": "Nested Loop","Parent Relationship": "Outer","Parallel Aware": false,"Async Capable": false,"Join Type": "Inner","Startup Cost": 2.26,"Total Cost": 70727.78,"Plan Rows": 60250,"Plan Width": 124,"Actual Startup Time": 0.682,"Actual Total Time": 927.769,"Actual Rows": 49840,"Actual Loops": 3,"Inner Unique": false,"Workers": [],"Plans": [{"Node Type": "Nested Loop","Parent Relationship": "Outer","Parallel Aware": false,"Async Capable": false,"Join Type": "Inner","Startup Cost": 1.83,"Total Cost": 12400.01,"Plan Rows": 49000,"Plan Width": 108,"Actual Startup Time": 0.337,"Actual Total Time": 233.649,"Actual Rows": 40956,"Actual Loops": 3,"Inner Unique": false,"Workers": [],"Plans": [{"Node Type": "Hash Join","Parent Relationship": "Outer","Parallel Aware": false,"Async Capable": false,"Join Type": "Inner","Startup Cost": 1.40,"Total Cost": 4403.27,"Plan Rows": 4900,"Plan Width": 108,"Actual Startup Time": 0.196,"Actual Total Time": 49.031,"Actual Rows": 4025,"Actual Loops": 3,"Inner Unique": true,"Hash Cond": "(customer.c_nationkey = n2.n_nationkey)","Workers": [],"Plans": [{"Node Type": "Seq Scan","Parent Relationship": "Outer","Parallel Aware": true,"Async Capable": false,"Relation Name": "customer","Alias": "customer","Startup Cost": 0.00,"Total Cost": 4210.00,"Plan Rows": 62500,"Plan Width": 8,"Actual Startup Time": 0.018,"Actual Total Time": 9.569,"Actual Rows": 50000,"Actual Loops": 3,"Workers": []},{"Node Type": "Hash","Parent Relationship": "Inner","Parallel Aware": false,"Async Capable": false,"Startup Cost": 1.38,"Total Cost": 1.38,"Plan Rows": 2,"Plan Width": 108,"Actual Startup Time": 0.080,"Actual Total Time": 0.085,"Actual Rows": 2,"Actual Loops": 3,"Hash Buckets": 1024,"Original Hash Buckets": 1024,"Hash Batches": 1,"Original Hash Batches": 1,"Peak Memory Usage": 9,"Workers": [],"Plans": [{"Node Type": "Seq Scan","Parent Relationship": "Outer","Parallel Aware": false,"Async Capable": false,"Relation Name": "nation","Alias": "n2","Startup Cost": 0.00,"Total Cost": 1.38,"Plan Rows": 2,"Plan Width": 108,"Actual Startup Time": 0.058,"Actual Total Time": 0.067,"Actual Rows": 2,"Actual Loops": 3,"Filter": "((n_name = 'MOZAMBIQUE'::bpchar) OR (n_name = 'FRANCE'::bpchar))","Rows Removed by Filter": 23,"Workers": []}]}]},{"Node Type": "Index Scan","Parent Relationship": "Inner","Parallel Aware": false,"Async Capable": false,"Scan Direction": "Forward","Index Name": "idx_orders_custkey","Relation Name": "orders","Alias": "orders","Startup Cost": 0.43,"Total Cost": 1.46,"Plan Rows": 17,"Plan Width": 8,"Actual Startup Time": 0.007,"Actual Total Time": 0.045,"Actual Rows": 10,"Actual Loops": 12074,"Index Cond": "(o_custkey = customer.c_custkey)","Rows Removed by Index Recheck": 0,"Workers": []}]},{"Node Type": "Index Scan","Parent Relationship": "Inner","Parallel Aware": false,"Async Capable": false,"Scan Direction": "Forward","Index Name": "idx_lineitem_orderkey","Relation Name": "lineitem","Alias": "lineitem","Startup Cost": 0.43,"Total Cost": 1.14,"Plan Rows": 5,"Plan Width": 24,"Actual Startup Time": 0.016,"Actual Total Time": 0.017,"Actual Rows": 1,"Actual Loops": 122867,"Index Cond": "(l_orderkey = orders.o_orderkey)","Rows Removed by Index Recheck": 0,"Filter": "((l_shipdate >= '1995-01-01'::date) AND (l_shipdate <= '1996-12-31'::date))","Rows Removed by Filter": 3,"Workers": []}]},{"Node Type": "Hash","Parent Relationship": "Inner","Parallel Aware": false,"Async Capable": false,"Startup Cost": 354.10,"Total Cost": 354.10,"Plan Rows": 784,"Plan Width": 108,"Actual Startup Time": 10.367,"Actual Total Time": 10.381,"Actual Rows": 808,"Actual Loops": 3,"Hash Buckets": 1024,"Original Hash Buckets": 1024,"Hash Batches": 1,"Original Hash Batches": 1,"Peak Memory Usage": 57,"Workers": [],"Plans": [{"Node Type": "Hash Join","Parent Relationship": "Outer","Parallel Aware": false,"Async Capable": false,"Join Type": "Inner","Startup Cost": 1.40,"Total Cost": 354.10,"Plan Rows": 784,"Plan Width": 108,"Actual Startup Time": 0.106,"Actual Total Time": 10.163,"Actual Rows": 808,"Actual Loops": 3,"Inner Unique": true,"Hash Cond": "(supplier.s_nationkey = n1.n_nationkey)","Workers": [],"Plans": [{"Node Type": "Seq Scan","Parent Relationship": "Outer","Parallel Aware": false,"Async Capable": false,"Relation Name": "supplier","Alias": "supplier","Startup Cost": 0.00,"Total Cost": 322.00,"Plan Rows": 10000,"Plan Width": 8,"Actual Startup Time": 0.041,"Actual Total Time": 4.430,"Actual Rows": 10000,"Actual Loops": 3,"Workers": []},{"Node Type": "Hash","Parent Relationship": "Inner","Parallel Aware": false,"Async Capable": false,"Startup Cost": 1.38,"Total Cost": 1.38,"Plan Rows": 2,"Plan Width": 108,"Actual Startup Time": 0.019,"Actual Total Time": 0.025,"Actual Rows": 2,"Actual Loops": 3,"Hash Buckets": 1024,"Original Hash Buckets": 1024,"Hash Batches": 1,"Original Hash Batches": 1,"Peak Memory Usage": 9,"Workers": [],"Plans": [{"Node Type": "Seq Scan","Parent Relationship": "Outer","Parallel Aware": false,"Async Capable": false,"Relation Name": "nation","Alias": "n1","Startup Cost": 0.00,"Total Cost": 1.38,"Plan Rows": 2,"Plan Width": 108,"Actual Startup Time": 0.006,"Actual Total Time": 0.013,"Actual Rows": 2,"Actual Loops": 3,"Filter": "((n_name = 'FRANCE'::bpchar) OR (n_name = 'MOZAMBIQUE'::bpchar))","Rows Removed by Filter": 23,"Workers": []}]}]}]}]}]}]}]}]},"Planning Time": 9.070,"Triggers": [],"Execution Time": 1001.636}]
[{"Plan": {"Node Type": "Aggregate","Strategy": "Sorted","Partial Mode": "Finalize","Parallel Aware": false,"Async Capable": false,"Startup Cost": 72556.41,"Total Cost": 73352.71,"Plan Rows": 5893,"Plan Width": 272,"Actual Startup Time": 933.911,"Actual Total Time": 987.097,"Actual Rows": 4,"Actual Loops": 1,"Group Key": ["n1.n_name", "n2.n_name", "(EXTRACT(year FROM lineitem.l_shipdate))"],"Plans": [{"Node Type": "Gather Merge","Parent Relationship": "Outer","Parallel Aware": false,"Async Capable": false,"Startup Cost": 72556.41,"Total Cost": 73202.94,"Plan Rows": 4910,"Plan Width": 272,"Actual Startup Time": 933.166,"Actual Total Time": 987.026,"Actual Rows": 12,"Actual Loops": 1,"Workers Planned": 2,"Workers Launched": 2,"Plans": [{"Node Type": "Aggregate","Strategy": "Sorted","Partial Mode": "Partial","Parent Relationship": "Outer","Parallel Aware": false,"Async Capable": false,"Startup Cost": 71556.39,"Total Cost": 71636.18,"Plan Rows": 2455,"Plan Width": 272,"Actual Startup Time": 924.201,"Actual Total Time": 925.135,"Actual Rows": 4,"Actual Loops": 3,"Group Key": ["n1.n_name", "n2.n_name", "(EXTRACT(year FROM lineitem.l_shipdate))"],"Workers": [],"Plans": [{"Node Type": "Sort","Parent Relationship": "Outer","Parallel Aware": false,"Async Capable": false,"Startup Cost": 71556.39,"Total Cost": 71562.53,"Plan Rows": 2455,"Plan Width": 252,"Actual Startup Time": 923.939,"Actual Total Time": 924.061,"Actual Rows": 2027,"Actual Loops": 3,"Sort Key": ["n1.n_name", "n2.n_name", "(EXTRACT(year FROM lineitem.l_shipdate))"],"Sort Method": "quicksort","Sort Space Used": 265,"Sort Space Type": "Memory","Workers": [{"Worker Number": 0,"Sort Method": "quicksort","Sort Space Used": 322,"Sort Space Type": "Memory"},{"Worker Number": 1,"Sort Method": "quicksort","Sort Space Used": 272,"Sort Space Type": "Memory"}],"Plans": [{"Node Type": "Hash Join","Parent Relationship": "Outer","Parallel Aware": false,"Async Capable": false,"Join Type": "Inner","Startup Cost": 366.16,"Total Cost": 71418.15,"Plan Rows": 2455,"Plan Width": 252,"Actual Startup Time": 8.194,"Actual Total Time": 922.052,"Actual Rows": 2027,"Actual Loops": 3,"Inner Unique": false,"Hash Cond": "(lineitem.l_suppkey = supplier.s_suppkey)","Join Filter": "(((n1.n_name = 'PERU'::bpchar) AND (n2.n_name = 'INDONESIA'::bpchar)) OR ((n1.n_name = 'INDONESIA'::bpchar) AND (n2.n_name = 'PERU'::bpchar)))","Rows Removed by Join Filter": 2061,"Workers": [],"Plans": [{"Node Type": "Nested Loop","Parent Relationship": "Outer","Parallel Aware": false,"Async Capable": false,"Join Type": "Inner","Startup Cost": 2.26,"Total Cost": 70727.78,"Plan Rows": 60250,"Plan Width": 124,"Actual Startup Time": 0.661,"Actual Total Time": 907.580,"Actual Rows": 49132,"Actual Loops": 3,"Inner Unique": false,"Workers": [],"Plans": [{"Node Type": "Nested Loop","Parent Relationship": "Outer","Parallel Aware": false,"Async Capable": false,"Join Type": "Inner","Startup Cost": 1.83,"Total Cost": 12400.01,"Plan Rows": 49000,"Plan Width": 108,"Actual Startup Time": 0.345,"Actual Total Time": 228.368,"Actual Rows": 40132,"Actual Loops": 3,"Inner Unique": false,"Workers": [],"Plans": [{"Node Type": "Hash Join","Parent Relationship": "Outer","Parallel Aware": false,"Async Capable": false,"Join Type": "Inner","Startup Cost": 1.40,"Total Cost": 4403.27,"Plan Rows": 4900,"Plan Width": 108,"Actual Startup Time": 0.207,"Actual Total Time": 47.885,"Actual Rows": 4045,"Actual Loops": 3,"Inner Unique": true,"Hash Cond": "(customer.c_nationkey = n2.n_nationkey)","Workers": [],"Plans": [{"Node Type": "Seq Scan","Parent Relationship": "Outer","Parallel Aware": true,"Async Capable": false,"Relation Name": "customer","Alias": "customer","Startup Cost": 0.00,"Total Cost": 4210.00,"Plan Rows": 62500,"Plan Width": 8,"Actual Startup Time": 0.012,"Actual Total Time": 9.580,"Actual Rows": 50000,"Actual Loops": 3,"Workers": []},{"Node Type": "Hash","Parent Relationship": "Inner","Parallel Aware": false,"Async Capable": false,"Startup Cost": 1.38,"Total Cost": 1.38,"Plan Rows": 2,"Plan Width": 108,"Actual Startup Time": 0.109,"Actual Total Time": 0.117,"Actual Rows": 2,"Actual Loops": 3,"Hash Buckets": 1024,"Original Hash Buckets": 1024,"Hash Batches": 1,"Original Hash Batches": 1,"Peak Memory Usage": 9,"Workers": [],"Plans": [{"Node Type": "Seq Scan","Parent Relationship": "Outer","Parallel Aware": false,"Async Capable": false,"Relation Name": "nation","Alias": "n2","Startup Cost": 0.00,"Total Cost": 1.38,"Plan Rows": 2,"Plan Width": 108,"Actual Startup Time": 0.085,"Actual Total Time": 0.092,"Actual Rows": 2,"Actual Loops": 3,"Filter": "((n_name = 'INDONESIA'::bpchar) OR (n_name = 'PERU'::bpchar))","Rows Removed by Filter": 23,"Workers": []}]}]},{"Node Type": "Index Scan","Parent Relationship": "Inner","Parallel Aware": false,"Async Capable": false,"Scan Direction": "Forward","Index Name": "idx_orders_custkey","Relation Name": "orders","Alias": "orders","Startup Cost": 0.43,"Total Cost": 1.46,"Plan Rows": 17,"Plan Width": 8,"Actual Startup Time": 0.007,"Actual Total Time": 0.043,"Actual Rows": 10,"Actual Loops": 12136,"Index Cond": "(o_custkey = customer.c_custkey)","Rows Removed by Index Recheck": 0,"Workers": []}]},{"Node Type": "Index Scan","Parent Relationship": "Inner","Parallel Aware": false,"Async Capable": false,"Scan Direction": "Forward","Index Name": "idx_lineitem_orderkey","Relation Name": "lineitem","Alias": "lineitem","Startup Cost": 0.43,"Total Cost": 1.14,"Plan Rows": 5,"Plan Width": 24,"Actual Startup Time": 0.016,"Actual Total Time": 0.017,"Actual Rows": 1,"Actual Loops": 120395,"Index Cond": "(l_orderkey = orders.o_orderkey)","Rows Removed by Index Recheck": 0,"Filter": "((l_shipdate >= '1995-01-01'::date) AND (l_shipdate <= '1996-12-31'::date))","Rows Removed by Filter": 3,"Workers": []}]},{"Node Type": "Hash","Parent Relationship": "Inner","Parallel Aware": false,"Async Capable": false,"Startup Cost": 354.10,"Total Cost": 354.10,"Plan Rows": 784,"Plan Width": 108,"Actual Startup Time": 7.215,"Actual Total Time": 7.228,"Actual Rows": 826,"Actual Loops": 3,"Hash Buckets": 1024,"Original Hash Buckets": 1024,"Hash Batches": 1,"Original Hash Batches": 1,"Peak Memory Usage": 59,"Workers": [],"Plans": [{"Node Type": "Hash Join","Parent Relationship": "Outer","Parallel Aware": false,"Async Capable": false,"Join Type": "Inner","Startup Cost": 1.40,"Total Cost": 354.10,"Plan Rows": 784,"Plan Width": 108,"Actual Startup Time": 0.057,"Actual Total Time": 7.056,"Actual Rows": 826,"Actual Loops": 3,"Inner Unique": true,"Hash Cond": "(supplier.s_nationkey = n1.n_nationkey)","Workers": [],"Plans": [{"Node Type": "Seq Scan","Parent Relationship": "Outer","Parallel Aware": false,"Async Capable": false,"Relation Name": "supplier","Alias": "supplier","Startup Cost": 0.00,"Total Cost": 322.00,"Plan Rows": 10000,"Plan Width": 8,"Actual Startup Time": 0.023,"Actual Total Time": 3.704,"Actual Rows": 10000,"Actual Loops": 3,"Workers": []},{"Node Type": "Hash","Parent Relationship": "Inner","Parallel Aware": false,"Async Capable": false,"Startup Cost": 1.38,"Total Cost": 1.38,"Plan Rows": 2,"Plan Width": 108,"Actual Startup Time": 0.013,"Actual Total Time": 0.016,"Actual Rows": 2,"Actual Loops": 3,"Hash Buckets": 1024,"Original Hash Buckets": 1024,"Hash Batches": 1,"Original Hash Batches": 1,"Peak Memory Usage": 9,"Workers": [],"Plans": [{"Node Type": "Seq Scan","Parent Relationship": "Outer","Parallel Aware": false,"Async Capable": false,"Relation Name": "nation","Alias": "n1","Startup Cost": 0.00,"Total Cost": 1.38,"Plan Rows": 2,"Plan Width": 108,"Actual Startup Time": 0.006,"Actual Total Time": 0.009,"Actual Rows": 2,"Actual Loops": 3,"Filter": "((n_name = 'PERU'::bpchar) OR (n_name = 'INDONESIA'::bpchar))","Rows Removed by Filter": 23,"Workers": []}]}]}]}]}]}]}]}]},"Planning Time": 8.107,"Triggers": [],"Execution Time": 987.548}]
[{"Plan": {"Node Type": "Aggregate","Strategy": "Sorted","Partial Mode": "Finalize","Parallel Aware": false,"Async Capable": false,"Startup Cost": 72556.41,"Total Cost": 73352.71,"Plan Rows": 5893,"Plan Width": 272,"Actual Startup Time": 925.892,"Actual Total Time": 970.290,"Actual Rows": 4,"Actual Loops": 1,"Group Key": ["n1.n_name", "n2.n_name", "(EXTRACT(year FROM lineitem.l_shipdate))"],"Plans": [{"Node Type": "Gather Merge","Parent Relationship": "Outer","Parallel Aware": false,"Async Capable": false,"Startup Cost": 72556.41,"Total Cost": 73202.94,"Plan Rows": 4910,"Plan Width": 272,"Actual Startup Time": 925.275,"Actual Total Time": 970.201,"Actual Rows": 12,"Actual Loops": 1,"Workers Planned": 2,"Workers Launched": 2,"Plans": [{"Node Type": "Aggregate","Strategy": "Sorted","Partial Mode": "Partial","Parent Relationship": "Outer","Parallel Aware": false,"Async Capable": false,"Startup Cost": 71556.39,"Total Cost": 71636.18,"Plan Rows": 2455,"Plan Width": 272,"Actual Startup Time": 917.629,"Actual Total Time": 918.437,"Actual Rows": 4,"Actual Loops": 3,"Group Key": ["n1.n_name", "n2.n_name", "(EXTRACT(year FROM lineitem.l_shipdate))"],"Workers": [],"Plans": [{"Node Type": "Sort","Parent Relationship": "Outer","Parallel Aware": false,"Async Capable": false,"Startup Cost": 71556.39,"Total Cost": 71562.53,"Plan Rows": 2455,"Plan Width": 252,"Actual Startup Time": 917.380,"Actual Total Time": 917.517,"Actual Rows": 1992,"Actual Loops": 3,"Sort Key": ["n1.n_name", "n2.n_name", "(EXTRACT(year FROM lineitem.l_shipdate))"],"Sort Method": "quicksort","Sort Space Used": 271,"Sort Space Type": "Memory","Workers": [{"Worker Number": 0,"Sort Method": "quicksort","Sort Space Used": 268,"Sort Space Type": "Memory"},{"Worker Number": 1,"Sort Method": "quicksort","Sort Space Used": 260,"Sort Space Type": "Memory"}],"Plans": [{"Node Type": "Hash Join","Parent Relationship": "Outer","Parallel Aware": false,"Async Capable": false,"Join Type": "Inner","Startup Cost": 366.16,"Total Cost": 71418.15,"Plan Rows": 2455,"Plan Width": 252,"Actual Startup Time": 13.740,"Actual Total Time": 915.585,"Actual Rows": 1992,"Actual Loops": 3,"Inner Unique": false,"Hash Cond": "(lineitem.l_suppkey = supplier.s_suppkey)","Join Filter": "(((n1.n_name = 'RUSSIA'::bpchar) AND (n2.n_name = 'SAUDI ARABIA'::bpchar)) OR ((n1.n_name = 'SAUDI ARABIA'::bpchar) AND (n2.n_name = 'RUSSIA'::bpchar)))","Rows Removed by Join Filter": 1999,"Workers": [],"Plans": [{"Node Type": "Nested Loop","Parent Relationship": "Outer","Parallel Aware": false,"Async Capable": false,"Join Type": "Inner","Startup Cost": 2.26,"Total Cost": 70727.78,"Plan Rows": 60250,"Plan Width": 124,"Actual Startup Time": 0.569,"Actual Total Time": 896.857,"Actual Rows": 48787,"Actual Loops": 3,"Inner Unique": false,"Workers": [],"Plans": [{"Node Type": "Nested Loop","Parent Relationship": "Outer","Parallel Aware": false,"Async Capable": false,"Join Type": "Inner","Startup Cost": 1.83,"Total Cost": 12400.01,"Plan Rows": 49000,"Plan Width": 108,"Actual Startup Time": 0.325,"Actual Total Time": 221.885,"Actual Rows": 39983,"Actual Loops": 3,"Inner Unique": false,"Workers": [],"Plans": [{"Node Type": "Hash Join","Parent Relationship": "Outer","Parallel Aware": false,"Async Capable": false,"Join Type": "Inner","Startup Cost": 1.40,"Total Cost": 4403.27,"Plan Rows": 4900,"Plan Width": 108,"Actual Startup Time": 0.194,"Actual Total Time": 42.844,"Actual Rows": 3994,"Actual Loops": 3,"Inner Unique": true,"Hash Cond": "(customer.c_nationkey = n2.n_nationkey)","Workers": [],"Plans": [{"Node Type": "Seq Scan","Parent Relationship": "Outer","Parallel Aware": true,"Async Capable": false,"Relation Name": "customer","Alias": "customer","Startup Cost": 0.00,"Total Cost": 4210.00,"Plan Rows": 62500,"Plan Width": 8,"Actual Startup Time": 0.016,"Actual Total Time": 9.032,"Actual Rows": 50000,"Actual Loops": 3,"Workers": []},{"Node Type": "Hash","Parent Relationship": "Inner","Parallel Aware": false,"Async Capable": false,"Startup Cost": 1.38,"Total Cost": 1.38,"Plan Rows": 2,"Plan Width": 108,"Actual Startup Time": 0.079,"Actual Total Time": 0.084,"Actual Rows": 2,"Actual Loops": 3,"Hash Buckets": 1024,"Original Hash Buckets": 1024,"Hash Batches": 1,"Original Hash Batches": 1,"Peak Memory Usage": 9,"Workers": [],"Plans": [{"Node Type": "Seq Scan","Parent Relationship": "Outer","Parallel Aware": false,"Async Capable": false,"Relation Name": "nation","Alias": "n2","Startup Cost": 0.00,"Total Cost": 1.38,"Plan Rows": 2,"Plan Width": 108,"Actual Startup Time": 0.064,"Actual Total Time": 0.067,"Actual Rows": 2,"Actual Loops": 3,"Filter": "((n_name = 'SAUDI ARABIA'::bpchar) OR (n_name = 'RUSSIA'::bpchar))","Rows Removed by Filter": 23,"Workers": []}]}]},{"Node Type": "Index Scan","Parent Relationship": "Inner","Parallel Aware": false,"Async Capable": false,"Scan Direction": "Forward","Index Name": "idx_orders_custkey","Relation Name": "orders","Alias": "orders","Startup Cost": 0.43,"Total Cost": 1.46,"Plan Rows": 17,"Plan Width": 8,"Actual Startup Time": 0.007,"Actual Total Time": 0.044,"Actual Rows": 10,"Actual Loops": 11982,"Index Cond": "(o_custkey = customer.c_custkey)","Rows Removed by Index Recheck": 0,"Workers": []}]},{"Node Type": "Index Scan","Parent Relationship": "Inner","Parallel Aware": false,"Async Capable": false,"Scan Direction": "Forward","Index Name": "idx_lineitem_orderkey","Relation Name": "lineitem","Alias": "lineitem","Startup Cost": 0.43,"Total Cost": 1.14,"Plan Rows": 5,"Plan Width": 24,"Actual Startup Time": 0.016,"Actual Total Time": 0.017,"Actual Rows": 1,"Actual Loops": 119948,"Index Cond": "(l_orderkey = orders.o_orderkey)","Rows Removed by Index Recheck": 0,"Filter": "((l_shipdate >= '1995-01-01'::date) AND (l_shipdate <= '1996-12-31'::date))","Rows Removed by Filter": 3,"Workers": []}]},{"Node Type": "Hash","Parent Relationship": "Inner","Parallel Aware": false,"Async Capable": false,"Startup Cost": 354.10,"Total Cost": 354.10,"Plan Rows": 784,"Plan Width": 108,"Actual Startup Time": 11.499,"Actual Total Time": 11.514,"Actual Rows": 812,"Actual Loops": 3,"Hash Buckets": 1024,"Original Hash Buckets": 1024,"Hash Batches": 1,"Original Hash Batches": 1,"Peak Memory Usage": 58,"Workers": [],"Plans": [{"Node Type": "Hash Join","Parent Relationship": "Outer","Parallel Aware": false,"Async Capable": false,"Join Type": "Inner","Startup Cost": 1.40,"Total Cost": 354.10,"Plan Rows": 784,"Plan Width": 108,"Actual Startup Time": 0.097,"Actual Total Time": 11.306,"Actual Rows": 812,"Actual Loops": 3,"Inner Unique": true,"Hash Cond": "(supplier.s_nationkey = n1.n_nationkey)","Workers": [],"Plans": [{"Node Type": "Seq Scan","Parent Relationship": "Outer","Parallel Aware": false,"Async Capable": false,"Relation Name": "supplier","Alias": "supplier","Startup Cost": 0.00,"Total Cost": 322.00,"Plan Rows": 10000,"Plan Width": 8,"Actual Startup Time": 0.029,"Actual Total Time": 4.499,"Actual Rows": 10000,"Actual Loops": 3,"Workers": []},{"Node Type": "Hash","Parent Relationship": "Inner","Parallel Aware": false,"Async Capable": false,"Startup Cost": 1.38,"Total Cost": 1.38,"Plan Rows": 2,"Plan Width": 108,"Actual Startup Time": 0.016,"Actual Total Time": 0.022,"Actual Rows": 2,"Actual Loops": 3,"Hash Buckets": 1024,"Original Hash Buckets": 1024,"Hash Batches": 1,"Original Hash Batches": 1,"Peak Memory Usage": 9,"Workers": [],"Plans": [{"Node Type": "Seq Scan","Parent Relationship": "Outer","Parallel Aware": false,"Async Capable": false,"Relation Name": "nation","Alias": "n1","Startup Cost": 0.00,"Total Cost": 1.38,"Plan Rows": 2,"Plan Width": 108,"Actual Startup Time": 0.009,"Actual Total Time": 0.012,"Actual Rows": 2,"Actual Loops": 3,"Filter": "((n_name = 'RUSSIA'::bpchar) OR (n_name = 'SAUDI ARABIA'::bpchar))","Rows Removed by Filter": 23,"Workers": []}]}]}]}]}]}]}]}]},"Planning Time": 9.438,"Triggers": [],"Execution Time": 970.867}]
[{"Plan": {"Node Type": "Aggregate","Strategy": "Sorted","Partial Mode": "Finalize","Parallel Aware": false,"Async Capable": false,"Startup Cost": 72556.41,"Total Cost": 73352.71,"Plan Rows": 5893,"Plan Width": 272,"Actual Startup Time": 922.946,"Actual Total Time": 967.409,"Actual Rows": 4,"Actual Loops": 1,"Group Key": ["n1.n_name", "n2.n_name", "(EXTRACT(year FROM lineitem.l_shipdate))"],"Plans": [{"Node Type": "Gather Merge","Parent Relationship": "Outer","Parallel Aware": false,"Async Capable": false,"Startup Cost": 72556.41,"Total Cost": 73202.94,"Plan Rows": 4910,"Plan Width": 272,"Actual Startup Time": 922.351,"Actual Total Time": 967.329,"Actual Rows": 12,"Actual Loops": 1,"Workers Planned": 2,"Workers Launched": 2,"Plans": [{"Node Type": "Aggregate","Strategy": "Sorted","Partial Mode": "Partial","Parent Relationship": "Outer","Parallel Aware": false,"Async Capable": false,"Startup Cost": 71556.39,"Total Cost": 71636.18,"Plan Rows": 2455,"Plan Width": 272,"Actual Startup Time": 914.558,"Actual Total Time": 915.348,"Actual Rows": 4,"Actual Loops": 3,"Group Key": ["n1.n_name", "n2.n_name", "(EXTRACT(year FROM lineitem.l_shipdate))"],"Workers": [],"Plans": [{"Node Type": "Sort","Parent Relationship": "Outer","Parallel Aware": false,"Async Capable": false,"Startup Cost": 71556.39,"Total Cost": 71562.53,"Plan Rows": 2455,"Plan Width": 252,"Actual Startup Time": 914.290,"Actual Total Time": 914.410,"Actual Rows": 2012,"Actual Loops": 3,"Sort Key": ["n1.n_name", "n2.n_name", "(EXTRACT(year FROM lineitem.l_shipdate))"],"Sort Method": "quicksort","Sort Space Used": 326,"Sort Space Type": "Memory","Workers": [{"Worker Number": 0,"Sort Method": "quicksort","Sort Space Used": 260,"Sort Space Type": "Memory"},{"Worker Number": 1,"Sort Method": "quicksort","Sort Space Used": 268,"Sort Space Type": "Memory"}],"Plans": [{"Node Type": "Hash Join","Parent Relationship": "Outer","Parallel Aware": false,"Async Capable": false,"Join Type": "Inner","Startup Cost": 366.16,"Total Cost": 71418.15,"Plan Rows": 2455,"Plan Width": 252,"Actual Startup Time": 11.861,"Actual Total Time": 912.302,"Actual Rows": 2012,"Actual Loops": 3,"Inner Unique": false,"Hash Cond": "(lineitem.l_suppkey = supplier.s_suppkey)","Join Filter": "(((n1.n_name = 'CANADA'::bpchar) AND (n2.n_name = 'ARGENTINA'::bpchar)) OR ((n1.n_name = 'ARGENTINA'::bpchar) AND (n2.n_name = 'CANADA'::bpchar)))","Rows Removed by Join Filter": 1987,"Workers": [],"Plans": [{"Node Type": "Nested Loop","Parent Relationship": "Outer","Parallel Aware": false,"Async Capable": false,"Join Type": "Inner","Startup Cost": 2.26,"Total Cost": 70727.78,"Plan Rows": 60250,"Plan Width": 124,"Actual Startup Time": 0.765,"Actual Total Time": 895.247,"Actual Rows": 48850,"Actual Loops": 3,"Inner Unique": false,"Workers": [],"Plans": [{"Node Type": "Nested Loop","Parent Relationship": "Outer","Parallel Aware": false,"Async Capable": false,"Join Type": "Inner","Startup Cost": 1.83,"Total Cost": 12400.01,"Plan Rows": 49000,"Plan Width": 108,"Actual Startup Time": 0.334,"Actual Total Time": 221.290,"Actual Rows": 40009,"Actual Loops": 3,"Inner Unique": false,"Workers": [],"Plans": [{"Node Type": "Hash Join","Parent Relationship": "Outer","Parallel Aware": false,"Async Capable": false,"Join Type": "Inner","Startup Cost": 1.40,"Total Cost": 4403.27,"Plan Rows": 4900,"Plan Width": 108,"Actual Startup Time": 0.198,"Actual Total Time": 43.547,"Actual Rows": 3998,"Actual Loops": 3,"Inner Unique": true,"Hash Cond": "(customer.c_nationkey = n2.n_nationkey)","Workers": [],"Plans": [{"Node Type": "Seq Scan","Parent Relationship": "Outer","Parallel Aware": true,"Async Capable": false,"Relation Name": "customer","Alias": "customer","Startup Cost": 0.00,"Total Cost": 4210.00,"Plan Rows": 62500,"Plan Width": 8,"Actual Startup Time": 0.014,"Actual Total Time": 9.055,"Actual Rows": 50000,"Actual Loops": 3,"Workers": []},{"Node Type": "Hash","Parent Relationship": "Inner","Parallel Aware": false,"Async Capable": false,"Startup Cost": 1.38,"Total Cost": 1.38,"Plan Rows": 2,"Plan Width": 108,"Actual Startup Time": 0.081,"Actual Total Time": 0.087,"Actual Rows": 2,"Actual Loops": 3,"Hash Buckets": 1024,"Original Hash Buckets": 1024,"Hash Batches": 1,"Original Hash Batches": 1,"Peak Memory Usage": 9,"Workers": [],"Plans": [{"Node Type": "Seq Scan","Parent Relationship": "Outer","Parallel Aware": false,"Async Capable": false,"Relation Name": "nation","Alias": "n2","Startup Cost": 0.00,"Total Cost": 1.38,"Plan Rows": 2,"Plan Width": 108,"Actual Startup Time": 0.058,"Actual Total Time": 0.069,"Actual Rows": 2,"Actual Loops": 3,"Filter": "((n_name = 'ARGENTINA'::bpchar) OR (n_name = 'CANADA'::bpchar))","Rows Removed by Filter": 23,"Workers": []}]}]},{"Node Type": "Index Scan","Parent Relationship": "Inner","Parallel Aware": false,"Async Capable": false,"Scan Direction": "Forward","Index Name": "idx_orders_custkey","Relation Name": "orders","Alias": "orders","Startup Cost": 0.43,"Total Cost": 1.46,"Plan Rows": 17,"Plan Width": 8,"Actual Startup Time": 0.007,"Actual Total Time": 0.043,"Actual Rows": 10,"Actual Loops": 11995,"Index Cond": "(o_custkey = customer.c_custkey)","Rows Removed by Index Recheck": 0,"Workers": []}]},{"Node Type": "Index Scan","Parent Relationship": "Inner","Parallel Aware": false,"Async Capable": false,"Scan Direction": "Forward","Index Name": "idx_lineitem_orderkey","Relation Name": "lineitem","Alias": "lineitem","Startup Cost": 0.43,"Total Cost": 1.14,"Plan Rows": 5,"Plan Width": 24,"Actual Startup Time": 0.016,"Actual Total Time": 0.017,"Actual Rows": 1,"Actual Loops": 120027,"Index Cond": "(l_orderkey = orders.o_orderkey)","Rows Removed by Index Recheck": 0,"Filter": "((l_shipdate >= '1995-01-01'::date) AND (l_shipdate <= '1996-12-31'::date))","Rows Removed by Filter": 3,"Workers": []}]},{"Node Type": "Hash","Parent Relationship": "Inner","Parallel Aware": false,"Async Capable": false,"Startup Cost": 354.10,"Total Cost": 354.10,"Plan Rows": 784,"Plan Width": 108,"Actual Startup Time": 9.706,"Actual Total Time": 9.719,"Actual Rows": 825,"Actual Loops": 3,"Hash Buckets": 1024,"Original Hash Buckets": 1024,"Hash Batches": 1,"Original Hash Batches": 1,"Peak Memory Usage": 58,"Workers": [],"Plans": [{"Node Type": "Hash Join","Parent Relationship": "Outer","Parallel Aware": false,"Async Capable": false,"Join Type": "Inner","Startup Cost": 1.40,"Total Cost": 354.10,"Plan Rows": 784,"Plan Width": 108,"Actual Startup Time": 0.069,"Actual Total Time": 9.536,"Actual Rows": 825,"Actual Loops": 3,"Inner Unique": true,"Hash Cond": "(supplier.s_nationkey = n1.n_nationkey)","Workers": [],"Plans": [{"Node Type": "Seq Scan","Parent Relationship": "Outer","Parallel Aware": false,"Async Capable": false,"Relation Name": "supplier","Alias": "supplier","Startup Cost": 0.00,"Total Cost": 322.00,"Plan Rows": 10000,"Plan Width": 8,"Actual Startup Time": 0.026,"Actual Total Time": 3.815,"Actual Rows": 10000,"Actual Loops": 3,"Workers": []},{"Node Type": "Hash","Parent Relationship": "Inner","Parallel Aware": false,"Async Capable": false,"Startup Cost": 1.38,"Total Cost": 1.38,"Plan Rows": 2,"Plan Width": 108,"Actual Startup Time": 0.016,"Actual Total Time": 0.021,"Actual Rows": 2,"Actual Loops": 3,"Hash Buckets": 1024,"Original Hash Buckets": 1024,"Hash Batches": 1,"Original Hash Batches": 1,"Peak Memory Usage": 9,"Workers": [],"Plans": [{"Node Type": "Seq Scan","Parent Relationship": "Outer","Parallel Aware": false,"Async Capable": false,"Relation Name": "nation","Alias": "n1","Startup Cost": 0.00,"Total Cost": 1.38,"Plan Rows": 2,"Plan Width": 108,"Actual Startup Time": 0.009,"Actual Total Time": 0.013,"Actual Rows": 2,"Actual Loops": 3,"Filter": "((n_name = 'CANADA'::bpchar) OR (n_name = 'ARGENTINA'::bpchar))","Rows Removed by Filter": 23,"Workers": []}]}]}]}]}]}]}]}]},"Planning Time": 9.329,"Triggers": [],"Execution Time": 967.782}]
[{"Plan": {"Node Type": "Aggregate","Strategy": "Sorted","Partial Mode": "Finalize","Parallel Aware": false,"Async Capable": false,"Startup Cost": 72556.41,"Total Cost": 73352.71,"Plan Rows": 5893,"Plan Width": 272,"Actual Startup Time": 916.692,"Actual Total Time": 960.465,"Actual Rows": 4,"Actual Loops": 1,"Group Key": ["n1.n_name", "n2.n_name", "(EXTRACT(year FROM lineitem.l_shipdate))"],"Plans": [{"Node Type": "Gather Merge","Parent Relationship": "Outer","Parallel Aware": false,"Async Capable": false,"Startup Cost": 72556.41,"Total Cost": 73202.94,"Plan Rows": 4910,"Plan Width": 272,"Actual Startup Time": 915.912,"Actual Total Time": 960.379,"Actual Rows": 12,"Actual Loops": 1,"Workers Planned": 2,"Workers Launched": 2,"Plans": [{"Node Type": "Aggregate","Strategy": "Sorted","Partial Mode": "Partial","Parent Relationship": "Outer","Parallel Aware": false,"Async Capable": false,"Startup Cost": 71556.39,"Total Cost": 71636.18,"Plan Rows": 2455,"Plan Width": 272,"Actual Startup Time": 908.169,"Actual Total Time": 909.069,"Actual Rows": 4,"Actual Loops": 3,"Group Key": ["n1.n_name", "n2.n_name", "(EXTRACT(year FROM lineitem.l_shipdate))"],"Workers": [],"Plans": [{"Node Type": "Sort","Parent Relationship": "Outer","Parallel Aware": false,"Async Capable": false,"Startup Cost": 71556.39,"Total Cost": 71562.53,"Plan Rows": 2455,"Plan Width": 252,"Actual Startup Time": 907.878,"Actual Total Time": 908.003,"Actual Rows": 1908,"Actual Loops": 3,"Sort Key": ["n1.n_name", "n2.n_name", "(EXTRACT(year FROM lineitem.l_shipdate))"],"Sort Method": "quicksort","Sort Space Used": 263,"Sort Space Type": "Memory","Workers": [{"Worker Number": 0,"Sort Method": "quicksort","Sort Space Used": 260,"Sort Space Type": "Memory"},{"Worker Number": 1,"Sort Method": "quicksort","Sort Space Used": 249,"Sort Space Type": "Memory"}],"Plans": [{"Node Type": "Hash Join","Parent Relationship": "Outer","Parallel Aware": false,"Async Capable": false,"Join Type": "Inner","Startup Cost": 366.16,"Total Cost": 71418.15,"Plan Rows": 2455,"Plan Width": 252,"Actual Startup Time": 12.729,"Actual Total Time": 906.091,"Actual Rows": 1908,"Actual Loops": 3,"Inner Unique": false,"Hash Cond": "(lineitem.l_suppkey = supplier.s_suppkey)","Join Filter": "(((n1.n_name = 'BRAZIL'::bpchar) AND (n2.n_name = 'JAPAN'::bpchar)) OR ((n1.n_name = 'JAPAN'::bpchar) AND (n2.n_name = 'BRAZIL'::bpchar)))","Rows Removed by Join Filter": 1857,"Workers": [],"Plans": [{"Node Type": "Nested Loop","Parent Relationship": "Outer","Parallel Aware": false,"Async Capable": false,"Join Type": "Inner","Startup Cost": 2.26,"Total Cost": 70727.78,"Plan Rows": 60250,"Plan Width": 124,"Actual Startup Time": 0.916,"Actual Total Time": 888.306,"Actual Rows": 48542,"Actual Loops": 3,"Inner Unique": false,"Workers": [],"Plans": [{"Node Type": "Nested Loop","Parent Relationship": "Outer","Parallel Aware": false,"Async Capable": false,"Join Type": "Inner","Startup Cost": 1.83,"Total Cost": 12400.01,"Plan Rows": 49000,"Plan Width": 108,"Actual Startup Time": 0.251,"Actual Total Time": 220.549,"Actual Rows": 39847,"Actual Loops": 3,"Inner Unique": false,"Workers": [],"Plans": [{"Node Type": "Hash Join","Parent Relationship": "Outer","Parallel Aware": false,"Async Capable": false,"Join Type": "Inner","Startup Cost": 1.40,"Total Cost": 4403.27,"Plan Rows": 4900,"Plan Width": 108,"Actual Startup Time": 0.168,"Actual Total Time": 43.674,"Actual Rows": 3982,"Actual Loops": 3,"Inner Unique": true,"Hash Cond": "(customer.c_nationkey = n2.n_nationkey)","Workers": [],"Plans": [{"Node Type": "Seq Scan","Parent Relationship": "Outer","Parallel Aware": true,"Async Capable": false,"Relation Name": "customer","Alias": "customer","Startup Cost": 0.00,"Total Cost": 4210.00,"Plan Rows": 62500,"Plan Width": 8,"Actual Startup Time": 0.016,"Actual Total Time": 9.070,"Actual Rows": 50000,"Actual Loops": 3,"Workers": []},{"Node Type": "Hash","Parent Relationship": "Inner","Parallel Aware": false,"Async Capable": false,"Startup Cost": 1.38,"Total Cost": 1.38,"Plan Rows": 2,"Plan Width": 108,"Actual Startup Time": 0.063,"Actual Total Time": 0.071,"Actual Rows": 2,"Actual Loops": 3,"Hash Buckets": 1024,"Original Hash Buckets": 1024,"Hash Batches": 1,"Original Hash Batches": 1,"Peak Memory Usage": 9,"Workers": [],"Plans": [{"Node Type": "Seq Scan","Parent Relationship": "Outer","Parallel Aware": false,"Async Capable": false,"Relation Name": "nation","Alias": "n2","Startup Cost": 0.00,"Total Cost": 1.38,"Plan Rows": 2,"Plan Width": 108,"Actual Startup Time": 0.048,"Actual Total Time": 0.056,"Actual Rows": 2,"Actual Loops": 3,"Filter": "((n_name = 'JAPAN'::bpchar) OR (n_name = 'BRAZIL'::bpchar))","Rows Removed by Filter": 23,"Workers": []}]}]},{"Node Type": "Index Scan","Parent Relationship": "Inner","Parallel Aware": false,"Async Capable": false,"Scan Direction": "Forward","Index Name": "idx_orders_custkey","Relation Name": "orders","Alias": "orders","Startup Cost": 0.43,"Total Cost": 1.46,"Plan Rows": 17,"Plan Width": 8,"Actual Startup Time": 0.007,"Actual Total Time": 0.043,"Actual Rows": 10,"Actual Loops": 11947,"Index Cond": "(o_custkey = customer.c_custkey)","Rows Removed by Index Recheck": 0,"Workers": []}]},{"Node Type": "Index Scan","Parent Relationship": "Inner","Parallel Aware": false,"Async Capable": false,"Scan Direction": "Forward","Index Name": "idx_lineitem_orderkey","Relation Name": "lineitem","Alias": "lineitem","Startup Cost": 0.43,"Total Cost": 1.14,"Plan Rows": 5,"Plan Width": 24,"Actual Startup Time": 0.016,"Actual Total Time": 0.016,"Actual Rows": 1,"Actual Loops": 119542,"Index Cond": "(l_orderkey = orders.o_orderkey)","Rows Removed by Index Recheck": 0,"Filter": "((l_shipdate >= '1995-01-01'::date) AND (l_shipdate <= '1996-12-31'::date))","Rows Removed by Filter": 3,"Workers": []}]},{"Node Type": "Hash","Parent Relationship": "Inner","Parallel Aware": false,"Async Capable": false,"Startup Cost": 354.10,"Total Cost": 354.10,"Plan Rows": 784,"Plan Width": 108,"Actual Startup Time": 10.941,"Actual Total Time": 10.954,"Actual Rows": 774,"Actual Loops": 3,"Hash Buckets": 1024,"Original Hash Buckets": 1024,"Hash Batches": 1,"Original Hash Batches": 1,"Peak Memory Usage": 55,"Workers": [],"Plans": [{"Node Type": "Hash Join","Parent Relationship": "Outer","Parallel Aware": false,"Async Capable": false,"Join Type": "Inner","Startup Cost": 1.40,"Total Cost": 354.10,"Plan Rows": 784,"Plan Width": 108,"Actual Startup Time": 0.081,"Actual Total Time": 10.767,"Actual Rows": 774,"Actual Loops": 3,"Inner Unique": true,"Hash Cond": "(supplier.s_nationkey = n1.n_nationkey)","Workers": [],"Plans": [{"Node Type": "Seq Scan","Parent Relationship": "Outer","Parallel Aware": false,"Async Capable": false,"Relation Name": "supplier","Alias": "supplier","Startup Cost": 0.00,"Total Cost": 322.00,"Plan Rows": 10000,"Plan Width": 8,"Actual Startup Time": 0.025,"Actual Total Time": 4.284,"Actual Rows": 10000,"Actual Loops": 3,"Workers": []},{"Node Type": "Hash","Parent Relationship": "Inner","Parallel Aware": false,"Async Capable": false,"Startup Cost": 1.38,"Total Cost": 1.38,"Plan Rows": 2,"Plan Width": 108,"Actual Startup Time": 0.015,"Actual Total Time": 0.021,"Actual Rows": 2,"Actual Loops": 3,"Hash Buckets": 1024,"Original Hash Buckets": 1024,"Hash Batches": 1,"Original Hash Batches": 1,"Peak Memory Usage": 9,"Workers": [],"Plans": [{"Node Type": "Seq Scan","Parent Relationship": "Outer","Parallel Aware": false,"Async Capable": false,"Relation Name": "nation","Alias": "n1","Startup Cost": 0.00,"Total Cost": 1.38,"Plan Rows": 2,"Plan Width": 108,"Actual Startup Time": 0.004,"Actual Total Time": 0.010,"Actual Rows": 2,"Actual Loops": 3,"Filter": "((n_name = 'BRAZIL'::bpchar) OR (n_name = 'JAPAN'::bpchar))","Rows Removed by Filter": 23,"Workers": []}]}]}]}]}]}]}]}]},"Planning Time": 8.604,"Triggers": [],"Execution Time": 960.953}]
[{"Plan": {"Node Type": "Aggregate","Strategy": "Sorted","Partial Mode": "Finalize","Parallel Aware": false,"Async Capable": false,"Startup Cost": 72556.41,"Total Cost": 73352.71,"Plan Rows": 5893,"Plan Width": 272,"Actual Startup Time": 922.593,"Actual Total Time": 966.388,"Actual Rows": 4,"Actual Loops": 1,"Group Key": ["n1.n_name", "n2.n_name", "(EXTRACT(year FROM lineitem.l_shipdate))"],"Plans": [{"Node Type": "Gather Merge","Parent Relationship": "Outer","Parallel Aware": false,"Async Capable": false,"Startup Cost": 72556.41,"Total Cost": 73202.94,"Plan Rows": 4910,"Plan Width": 272,"Actual Startup Time": 922.175,"Actual Total Time": 966.279,"Actual Rows": 12,"Actual Loops": 1,"Workers Planned": 2,"Workers Launched": 2,"Plans": [{"Node Type": "Aggregate","Strategy": "Sorted","Partial Mode": "Partial","Parent Relationship": "Outer","Parallel Aware": false,"Async Capable": false,"Startup Cost": 71556.39,"Total Cost": 71636.18,"Plan Rows": 2455,"Plan Width": 272,"Actual Startup Time": 914.115,"Actual Total Time": 914.887,"Actual Rows": 4,"Actual Loops": 3,"Group Key": ["n1.n_name", "n2.n_name", "(EXTRACT(year FROM lineitem.l_shipdate))"],"Workers": [],"Plans": [{"Node Type": "Sort","Parent Relationship": "Outer","Parallel Aware": false,"Async Capable": false,"Startup Cost": 71556.39,"Total Cost": 71562.53,"Plan Rows": 2455,"Plan Width": 252,"Actual Startup Time": 913.832,"Actual Total Time": 913.949,"Actual Rows": 2016,"Actual Loops": 3,"Sort Key": ["n1.n_name", "n2.n_name", "(EXTRACT(year FROM lineitem.l_shipdate))"],"Sort Method": "quicksort","Sort Space Used": 327,"Sort Space Type": "Memory","Workers": [{"Worker Number": 0,"Sort Method": "quicksort","Sort Space Used": 269,"Sort Space Type": "Memory"},{"Worker Number": 1,"Sort Method": "quicksort","Sort Space Used": 258,"Sort Space Type": "Memory"}],"Plans": [{"Node Type": "Hash Join","Parent Relationship": "Outer","Parallel Aware": false,"Async Capable": false,"Join Type": "Inner","Startup Cost": 366.16,"Total Cost": 71418.15,"Plan Rows": 2455,"Plan Width": 252,"Actual Startup Time": 13.900,"Actual Total Time": 911.943,"Actual Rows": 2016,"Actual Loops": 3,"Inner Unique": false,"Hash Cond": "(lineitem.l_suppkey = supplier.s_suppkey)","Join Filter": "(((n1.n_name = 'IRAQ'::bpchar) AND (n2.n_name = 'CHINA'::bpchar)) OR ((n1.n_name = 'CHINA'::bpchar) AND (n2.n_name = 'IRAQ'::bpchar)))","Rows Removed by Join Filter": 2053,"Workers": [],"Plans": [{"Node Type": "Nested Loop","Parent Relationship": "Outer","Parallel Aware": false,"Async Capable": false,"Join Type": "Inner","Startup Cost": 2.26,"Total Cost": 70727.78,"Plan Rows": 60250,"Plan Width": 124,"Actual Startup Time": 0.560,"Actual Total Time": 892.726,"Actual Rows": 48409,"Actual Loops": 3,"Inner Unique": false,"Workers": [],"Plans": [{"Node Type": "Nested Loop","Parent Relationship": "Outer","Parallel Aware": false,"Async Capable": false,"Join Type": "Inner","Startup Cost": 1.83,"Total Cost": 12400.01,"Plan Rows": 49000,"Plan Width": 108,"Actual Startup Time": 0.372,"Actual Total Time": 221.074,"Actual Rows": 39895,"Actual Loops": 3,"Inner Unique": false,"Workers": [],"Plans": [{"Node Type": "Hash Join","Parent Relationship": "Outer","Parallel Aware": false,"Async Capable": false,"Join Type": "Inner","Startup Cost": 1.40,"Total Cost": 4403.27,"Plan Rows": 4900,"Plan Width": 108,"Actual Startup Time": 0.205,"Actual Total Time": 43.504,"Actual Rows": 3996,"Actual Loops": 3,"Inner Unique": true,"Hash Cond": "(customer.c_nationkey = n2.n_nationkey)","Workers": [],"Plans": [{"Node Type": "Seq Scan","Parent Relationship": "Outer","Parallel Aware": true,"Async Capable": false,"Relation Name": "customer","Alias": "customer","Startup Cost": 0.00,"Total Cost": 4210.00,"Plan Rows": 62500,"Plan Width": 8,"Actual Startup Time": 0.011,"Actual Total Time": 9.016,"Actual Rows": 50000,"Actual Loops": 3,"Workers": []},{"Node Type": "Hash","Parent Relationship": "Inner","Parallel Aware": false,"Async Capable": false,"Startup Cost": 1.38,"Total Cost": 1.38,"Plan Rows": 2,"Plan Width": 108,"Actual Startup Time": 0.095,"Actual Total Time": 0.105,"Actual Rows": 2,"Actual Loops": 3,"Hash Buckets": 1024,"Original Hash Buckets": 1024,"Hash Batches": 1,"Original Hash Batches": 1,"Peak Memory Usage": 9,"Workers": [],"Plans": [{"Node Type": "Seq Scan","Parent Relationship": "Outer","Parallel Aware": false,"Async Capable": false,"Relation Name": "nation","Alias": "n2","Startup Cost": 0.00,"Total Cost": 1.38,"Plan Rows": 2,"Plan Width": 108,"Actual Startup Time": 0.073,"Actual Total Time": 0.079,"Actual Rows": 2,"Actual Loops": 3,"Filter": "((n_name = 'CHINA'::bpchar) OR (n_name = 'IRAQ'::bpchar))","Rows Removed by Filter": 23,"Workers": []}]}]},{"Node Type": "Index Scan","Parent Relationship": "Inner","Parallel Aware": false,"Async Capable": false,"Scan Direction": "Forward","Index Name": "idx_orders_custkey","Relation Name": "orders","Alias": "orders","Startup Cost": 0.43,"Total Cost": 1.46,"Plan Rows": 17,"Plan Width": 8,"Actual Startup Time": 0.007,"Actual Total Time": 0.043,"Actual Rows": 10,"Actual Loops": 11987,"Index Cond": "(o_custkey = customer.c_custkey)","Rows Removed by Index Recheck": 0,"Workers": []}]},{"Node Type": "Index Scan","Parent Relationship": "Inner","Parallel Aware": false,"Async Capable": false,"Scan Direction": "Forward","Index Name": "idx_lineitem_orderkey","Relation Name": "lineitem","Alias": "lineitem","Startup Cost": 0.43,"Total Cost": 1.14,"Plan Rows": 5,"Plan Width": 24,"Actual Startup Time": 0.016,"Actual Total Time": 0.017,"Actual Rows": 1,"Actual Loops": 119686,"Index Cond": "(l_orderkey = orders.o_orderkey)","Rows Removed by Index Recheck": 0,"Filter": "((l_shipdate >= '1995-01-01'::date) AND (l_shipdate <= '1996-12-31'::date))","Rows Removed by Filter": 3,"Workers": []}]},{"Node Type": "Hash","Parent Relationship": "Inner","Parallel Aware": false,"Async Capable": false,"Startup Cost": 354.10,"Total Cost": 354.10,"Plan Rows": 784,"Plan Width": 108,"Actual Startup Time": 11.893,"Actual Total Time": 11.909,"Actual Rows": 845,"Actual Loops": 3,"Hash Buckets": 1024,"Original Hash Buckets": 1024,"Hash Batches": 1,"Original Hash Batches": 1,"Peak Memory Usage": 60,"Workers": [],"Plans": [{"Node Type": "Hash Join","Parent Relationship": "Outer","Parallel Aware": false,"Async Capable": false,"Join Type": "Inner","Startup Cost": 1.40,"Total Cost": 354.10,"Plan Rows": 784,"Plan Width": 108,"Actual Startup Time": 0.094,"Actual Total Time": 11.688,"Actual Rows": 845,"Actual Loops": 3,"Inner Unique": true,"Hash Cond": "(supplier.s_nationkey = n1.n_nationkey)","Workers": [],"Plans": [{"Node Type": "Seq Scan","Parent Relationship": "Outer","Parallel Aware": false,"Async Capable": false,"Relation Name": "supplier","Alias": "supplier","Startup Cost": 0.00,"Total Cost": 322.00,"Plan Rows": 10000,"Plan Width": 8,"Actual Startup Time": 0.039,"Actual Total Time": 4.673,"Actual Rows": 10000,"Actual Loops": 3,"Workers": []},{"Node Type": "Hash","Parent Relationship": "Inner","Parallel Aware": false,"Async Capable": false,"Startup Cost": 1.38,"Total Cost": 1.38,"Plan Rows": 2,"Plan Width": 108,"Actual Startup Time": 0.019,"Actual Total Time": 0.025,"Actual Rows": 2,"Actual Loops": 3,"Hash Buckets": 1024,"Original Hash Buckets": 1024,"Hash Batches": 1,"Original Hash Batches": 1,"Peak Memory Usage": 9,"Workers": [],"Plans": [{"Node Type": "Seq Scan","Parent Relationship": "Outer","Parallel Aware": false,"Async Capable": false,"Relation Name": "nation","Alias": "n1","Startup Cost": 0.00,"Total Cost": 1.38,"Plan Rows": 2,"Plan Width": 108,"Actual Startup Time": 0.009,"Actual Total Time": 0.015,"Actual Rows": 2,"Actual Loops": 3,"Filter": "((n_name = 'IRAQ'::bpchar) OR (n_name = 'CHINA'::bpchar))","Rows Removed by Filter": 23,"Workers": []}]}]}]}]}]}]}]}]},"Planning Time": 8.893,"Triggers": [],"Execution Time": 966.791}]
[{"Plan": {"Node Type": "Aggregate","Strategy": "Sorted","Partial Mode": "Finalize","Parallel Aware": false,"Async Capable": false,"Startup Cost": 72556.41,"Total Cost": 73352.71,"Plan Rows": 5893,"Plan Width": 272,"Actual Startup Time": 919.778,"Actual Total Time": 964.853,"Actual Rows": 4,"Actual Loops": 1,"Group Key": ["n1.n_name", "n2.n_name", "(EXTRACT(year FROM lineitem.l_shipdate))"],"Plans": [{"Node Type": "Gather Merge","Parent Relationship": "Outer","Parallel Aware": false,"Async Capable": false,"Startup Cost": 72556.41,"Total Cost": 73202.94,"Plan Rows": 4910,"Plan Width": 272,"Actual Startup Time": 919.467,"Actual Total Time": 964.759,"Actual Rows": 12,"Actual Loops": 1,"Workers Planned": 2,"Workers Launched": 2,"Plans": [{"Node Type": "Aggregate","Strategy": "Sorted","Partial Mode": "Partial","Parent Relationship": "Outer","Parallel Aware": false,"Async Capable": false,"Startup Cost": 71556.39,"Total Cost": 71636.18,"Plan Rows": 2455,"Plan Width": 272,"Actual Startup Time": 911.950,"Actual Total Time": 912.602,"Actual Rows": 4,"Actual Loops": 3,"Group Key": ["n1.n_name", "n2.n_name", "(EXTRACT(year FROM lineitem.l_shipdate))"],"Workers": [],"Plans": [{"Node Type": "Sort","Parent Relationship": "Outer","Parallel Aware": false,"Async Capable": false,"Startup Cost": 71556.39,"Total Cost": 71562.53,"Plan Rows": 2455,"Plan Width": 252,"Actual Startup Time": 911.706,"Actual Total Time": 911.800,"Actual Rows": 1910,"Actual Loops": 3,"Sort Key": ["n1.n_name", "n2.n_name", "(EXTRACT(year FROM lineitem.l_shipdate))"],"Sort Method": "quicksort","Sort Space Used": 260,"Sort Space Type": "Memory","Workers": [{"Worker Number": 0,"Sort Method": "quicksort","Sort Space Used": 262,"Sort Space Type": "Memory"},{"Worker Number": 1,"Sort Method": "quicksort","Sort Space Used": 250,"Sort Space Type": "Memory"}],"Plans": [{"Node Type": "Hash Join","Parent Relationship": "Outer","Parallel Aware": false,"Async Capable": false,"Join Type": "Inner","Startup Cost": 366.16,"Total Cost": 71418.15,"Plan Rows": 2455,"Plan Width": 252,"Actual Startup Time": 10.909,"Actual Total Time": 909.911,"Actual Rows": 1910,"Actual Loops": 3,"Inner Unique": false,"Hash Cond": "(lineitem.l_suppkey = supplier.s_suppkey)","Join Filter": "(((n1.n_name = 'KENYA'::bpchar) AND (n2.n_name = 'ARGENTINA'::bpchar)) OR ((n1.n_name = 'ARGENTINA'::bpchar) AND (n2.n_name = 'KENYA'::bpchar)))","Rows Removed by Join Filter": 1847,"Workers": [],"Plans": [{"Node Type": "Nested Loop","Parent Relationship": "Outer","Parallel Aware": false,"Async Capable": false,"Join Type": "Inner","Startup Cost": 2.26,"Total Cost": 70727.78,"Plan Rows": 60250,"Plan Width": 124,"Actual Startup Time": 0.761,"Actual Total Time": 894.005,"Actual Rows": 48024,"Actual Loops": 3,"Inner Unique": false,"Workers": [],"Plans": [{"Node Type": "Nested Loop","Parent Relationship": "Outer","Parallel Aware": false,"Async Capable": false,"Join Type": "Inner","Startup Cost": 1.83,"Total Cost": 12400.01,"Plan Rows": 49000,"Plan Width": 108,"Actual Startup Time": 0.310,"Actual Total Time": 225.574,"Actual Rows": 39496,"Actual Loops": 3,"Inner Unique": false,"Workers": [],"Plans": [{"Node Type": "Hash Join","Parent Relationship": "Outer","Parallel Aware": false,"Async Capable": false,"Join Type": "Inner","Startup Cost": 1.40,"Total Cost": 4403.27,"Plan Rows": 4900,"Plan Width": 108,"Actual Startup Time": 0.191,"Actual Total Time": 47.485,"Actual Rows": 3989,"Actual Loops": 3,"Inner Unique": true,"Hash Cond": "(customer.c_nationkey = n2.n_nationkey)","Workers": [],"Plans": [{"Node Type": "Seq Scan","Parent Relationship": "Outer","Parallel Aware": true,"Async Capable": false,"Relation Name": "customer","Alias": "customer","Startup Cost": 0.00,"Total Cost": 4210.00,"Plan Rows": 62500,"Plan Width": 8,"Actual Startup Time": 0.018,"Actual Total Time": 9.563,"Actual Rows": 50000,"Actual Loops": 3,"Workers": []},{"Node Type": "Hash","Parent Relationship": "Inner","Parallel Aware": false,"Async Capable": false,"Startup Cost": 1.38,"Total Cost": 1.38,"Plan Rows": 2,"Plan Width": 108,"Actual Startup Time": 0.076,"Actual Total Time": 0.081,"Actual Rows": 2,"Actual Loops": 3,"Hash Buckets": 1024,"Original Hash Buckets": 1024,"Hash Batches": 1,"Original Hash Batches": 1,"Peak Memory Usage": 9,"Workers": [],"Plans": [{"Node Type": "Seq Scan","Parent Relationship": "Outer","Parallel Aware": false,"Async Capable": false,"Relation Name": "nation","Alias": "n2","Startup Cost": 0.00,"Total Cost": 1.38,"Plan Rows": 2,"Plan Width": 108,"Actual Startup Time": 0.054,"Actual Total Time": 0.064,"Actual Rows": 2,"Actual Loops": 3,"Filter": "((n_name = 'ARGENTINA'::bpchar) OR (n_name = 'KENYA'::bpchar))","Rows Removed by Filter": 23,"Workers": []}]}]},{"Node Type": "Index Scan","Parent Relationship": "Inner","Parallel Aware": false,"Async Capable": false,"Scan Direction": "Forward","Index Name": "idx_orders_custkey","Relation Name": "orders","Alias": "orders","Startup Cost": 0.43,"Total Cost": 1.46,"Plan Rows": 17,"Plan Width": 8,"Actual Startup Time": 0.007,"Actual Total Time": 0.043,"Actual Rows": 10,"Actual Loops": 11967,"Index Cond": "(o_custkey = customer.c_custkey)","Rows Removed by Index Recheck": 0,"Workers": []}]},{"Node Type": "Index Scan","Parent Relationship": "Inner","Parallel Aware": false,"Async Capable": false,"Scan Direction": "Forward","Index Name": "idx_lineitem_orderkey","Relation Name": "lineitem","Alias": "lineitem","Startup Cost": 0.43,"Total Cost": 1.14,"Plan Rows": 5,"Plan Width": 24,"Actual Startup Time": 0.016,"Actual Total Time": 0.017,"Actual Rows": 1,"Actual Loops": 118487,"Index Cond": "(l_orderkey = orders.o_orderkey)","Rows Removed by Index Recheck": 0,"Filter": "((l_shipdate >= '1995-01-01'::date) AND (l_shipdate <= '1996-12-31'::date))","Rows Removed by Filter": 3,"Workers": []}]},{"Node Type": "Hash","Parent Relationship": "Inner","Parallel Aware": false,"Async Capable": false,"Startup Cost": 354.10,"Total Cost": 354.10,"Plan Rows": 784,"Plan Width": 108,"Actual Startup Time": 8.875,"Actual Total Time": 8.883,"Actual Rows": 789,"Actual Loops": 3,"Hash Buckets": 1024,"Original Hash Buckets": 1024,"Hash Batches": 1,"Original Hash Batches": 1,"Peak Memory Usage": 56,"Workers": [],"Plans": [{"Node Type": "Hash Join","Parent Relationship": "Outer","Parallel Aware": false,"Async Capable": false,"Join Type": "Inner","Startup Cost": 1.40,"Total Cost": 354.10,"Plan Rows": 784,"Plan Width": 108,"Actual Startup Time": 0.098,"Actual Total Time": 8.705,"Actual Rows": 789,"Actual Loops": 3,"Inner Unique": true,"Hash Cond": "(supplier.s_nationkey = n1.n_nationkey)","Workers": [],"Plans": [{"Node Type": "Seq Scan","Parent Relationship": "Outer","Parallel Aware": false,"Async Capable": false,"Relation Name": "supplier","Alias": "supplier","Startup Cost": 0.00,"Total Cost": 322.00,"Plan Rows": 10000,"Plan Width": 8,"Actual Startup Time": 0.038,"Actual Total Time": 3.787,"Actual Rows": 10000,"Actual Loops": 3,"Workers": []},{"Node Type": "Hash","Parent Relationship": "Inner","Parallel Aware": false,"Async Capable": false,"Startup Cost": 1.38,"Total Cost": 1.38,"Plan Rows": 2,"Plan Width": 108,"Actual Startup Time": 0.019,"Actual Total Time": 0.021,"Actual Rows": 2,"Actual Loops": 3,"Hash Buckets": 1024,"Original Hash Buckets": 1024,"Hash Batches": 1,"Original Hash Batches": 1,"Peak Memory Usage": 9,"Workers": [],"Plans": [{"Node Type": "Seq Scan","Parent Relationship": "Outer","Parallel Aware": false,"Async Capable": false,"Relation Name": "nation","Alias": "n1","Startup Cost": 0.00,"Total Cost": 1.38,"Plan Rows": 2,"Plan Width": 108,"Actual Startup Time": 0.005,"Actual Total Time": 0.013,"Actual Rows": 2,"Actual Loops": 3,"Filter": "((n_name = 'KENYA'::bpchar) OR (n_name = 'ARGENTINA'::bpchar))","Rows Removed by Filter": 23,"Workers": []}]}]}]}]}]}]}]}]},"Planning Time": 8.235,"Triggers": [],"Execution Time": 965.333}]
[{"Plan": {"Node Type": "Aggregate","Strategy": "Sorted","Partial Mode": "Finalize","Parallel Aware": false,"Async Capable": false,"Startup Cost": 72556.41,"Total Cost": 73352.71,"Plan Rows": 5893,"Plan Width": 272,"Actual Startup Time": 932.612,"Actual Total Time": 976.437,"Actual Rows": 4,"Actual Loops": 1,"Group Key": ["n1.n_name", "n2.n_name", "(EXTRACT(year FROM lineitem.l_shipdate))"],"Plans": [{"Node Type": "Gather Merge","Parent Relationship": "Outer","Parallel Aware": false,"Async Capable": false,"Startup Cost": 72556.41,"Total Cost": 73202.94,"Plan Rows": 4910,"Plan Width": 272,"Actual Startup Time": 931.937,"Actual Total Time": 976.360,"Actual Rows": 12,"Actual Loops": 1,"Workers Planned": 2,"Workers Launched": 2,"Plans": [{"Node Type": "Aggregate","Strategy": "Sorted","Partial Mode": "Partial","Parent Relationship": "Outer","Parallel Aware": false,"Async Capable": false,"Startup Cost": 71556.39,"Total Cost": 71636.18,"Plan Rows": 2455,"Plan Width": 272,"Actual Startup Time": 924.188,"Actual Total Time": 925.021,"Actual Rows": 4,"Actual Loops": 3,"Group Key": ["n1.n_name", "n2.n_name", "(EXTRACT(year FROM lineitem.l_shipdate))"],"Workers": [],"Plans": [{"Node Type": "Sort","Parent Relationship": "Outer","Parallel Aware": false,"Async Capable": false,"Startup Cost": 71556.39,"Total Cost": 71562.53,"Plan Rows": 2455,"Plan Width": 252,"Actual Startup Time": 923.893,"Actual Total Time": 924.029,"Actual Rows": 2030,"Actual Loops": 3,"Sort Key": ["n1.n_name", "n2.n_name", "(EXTRACT(year FROM lineitem.l_shipdate))"],"Sort Method": "quicksort","Sort Space Used": 325,"Sort Space Type": "Memory","Workers": [{"Worker Number": 0,"Sort Method": "quicksort","Sort Space Used": 264,"Sort Space Type": "Memory"},{"Worker Number": 1,"Sort Method": "quicksort","Sort Space Used": 271,"Sort Space Type": "Memory"}],"Plans": [{"Node Type": "Hash Join","Parent Relationship": "Outer","Parallel Aware": false,"Async Capable": false,"Join Type": "Inner","Startup Cost": 366.16,"Total Cost": 71418.15,"Plan Rows": 2455,"Plan Width": 252,"Actual Startup Time": 14.269,"Actual Total Time": 921.967,"Actual Rows": 2030,"Actual Loops": 3,"Inner Unique": false,"Hash Cond": "(lineitem.l_suppkey = supplier.s_suppkey)","Join Filter": "(((n1.n_name = 'ALGERIA'::bpchar) AND (n2.n_name = 'ROMANIA'::bpchar)) OR ((n1.n_name = 'ROMANIA'::bpchar) AND (n2.n_name = 'ALGERIA'::bpchar)))","Rows Removed by Join Filter": 2011,"Workers": [],"Plans": [{"Node Type": "Nested Loop","Parent Relationship": "Outer","Parallel Aware": false,"Async Capable": false,"Join Type": "Inner","Startup Cost": 2.26,"Total Cost": 70727.78,"Plan Rows": 60250,"Plan Width": 124,"Actual Startup Time": 1.135,"Actual Total Time": 903.916,"Actual Rows": 49005,"Actual Loops": 3,"Inner Unique": false,"Workers": [],"Plans": [{"Node Type": "Nested Loop","Parent Relationship": "Outer","Parallel Aware": false,"Async Capable": false,"Join Type": "Inner","Startup Cost": 1.83,"Total Cost": 12400.01,"Plan Rows": 49000,"Plan Width": 108,"Actual Startup Time": 0.340,"Actual Total Time": 224.224,"Actual Rows": 40211,"Actual Loops": 3,"Inner Unique": false,"Workers": [],"Plans": [{"Node Type": "Hash Join","Parent Relationship": "Outer","Parallel Aware": false,"Async Capable": false,"Join Type": "Inner","Startup Cost": 1.40,"Total Cost": 4403.27,"Plan Rows": 4900,"Plan Width": 108,"Actual Startup Time": 0.217,"Actual Total Time": 44.459,"Actual Rows": 4008,"Actual Loops": 3,"Inner Unique": true,"Hash Cond": "(customer.c_nationkey = n2.n_nationkey)","Workers": [],"Plans": [{"Node Type": "Seq Scan","Parent Relationship": "Outer","Parallel Aware": true,"Async Capable": false,"Relation Name": "customer","Alias": "customer","Startup Cost": 0.00,"Total Cost": 4210.00,"Plan Rows": 62500,"Plan Width": 8,"Actual Startup Time": 0.015,"Actual Total Time": 9.110,"Actual Rows": 50000,"Actual Loops": 3,"Workers": []},{"Node Type": "Hash","Parent Relationship": "Inner","Parallel Aware": false,"Async Capable": false,"Startup Cost": 1.38,"Total Cost": 1.38,"Plan Rows": 2,"Plan Width": 108,"Actual Startup Time": 0.089,"Actual Total Time": 0.095,"Actual Rows": 2,"Actual Loops": 3,"Hash Buckets": 1024,"Original Hash Buckets": 1024,"Hash Batches": 1,"Original Hash Batches": 1,"Peak Memory Usage": 9,"Workers": [],"Plans": [{"Node Type": "Seq Scan","Parent Relationship": "Outer","Parallel Aware": false,"Async Capable": false,"Relation Name": "nation","Alias": "n2","Startup Cost": 0.00,"Total Cost": 1.38,"Plan Rows": 2,"Plan Width": 108,"Actual Startup Time": 0.065,"Actual Total Time": 0.075,"Actual Rows": 2,"Actual Loops": 3,"Filter": "((n_name = 'ROMANIA'::bpchar) OR (n_name = 'ALGERIA'::bpchar))","Rows Removed by Filter": 23,"Workers": []}]}]},{"Node Type": "Index Scan","Parent Relationship": "Inner","Parallel Aware": false,"Async Capable": false,"Scan Direction": "Forward","Index Name": "idx_orders_custkey","Relation Name": "orders","Alias": "orders","Startup Cost": 0.43,"Total Cost": 1.46,"Plan Rows": 17,"Plan Width": 8,"Actual Startup Time": 0.007,"Actual Total Time": 0.044,"Actual Rows": 10,"Actual Loops": 12025,"Index Cond": "(o_custkey = customer.c_custkey)","Rows Removed by Index Recheck": 0,"Workers": []}]},{"Node Type": "Index Scan","Parent Relationship": "Inner","Parallel Aware": false,"Async Capable": false,"Scan Direction": "Forward","Index Name": "idx_lineitem_orderkey","Relation Name": "lineitem","Alias": "lineitem","Startup Cost": 0.43,"Total Cost": 1.14,"Plan Rows": 5,"Plan Width": 24,"Actual Startup Time": 0.016,"Actual Total Time": 0.017,"Actual Rows": 1,"Actual Loops": 120634,"Index Cond": "(l_orderkey = orders.o_orderkey)","Rows Removed by Index Recheck": 0,"Filter": "((l_shipdate >= '1995-01-01'::date) AND (l_shipdate <= '1996-12-31'::date))","Rows Removed by Filter": 3,"Workers": []}]},{"Node Type": "Hash","Parent Relationship": "Inner","Parallel Aware": false,"Async Capable": false,"Startup Cost": 354.10,"Total Cost": 354.10,"Plan Rows": 784,"Plan Width": 108,"Actual Startup Time": 10.948,"Actual Total Time": 10.964,"Actual Rows": 818,"Actual Loops": 3,"Hash Buckets": 1024,"Original Hash Buckets": 1024,"Hash Batches": 1,"Original Hash Batches": 1,"Peak Memory Usage": 58,"Workers": [],"Plans": [{"Node Type": "Hash Join","Parent Relationship": "Outer","Parallel Aware": false,"Async Capable": false,"Join Type": "Inner","Startup Cost": 1.40,"Total Cost": 354.10,"Plan Rows": 784,"Plan Width": 108,"Actual Startup Time": 0.092,"Actual Total Time": 10.763,"Actual Rows": 818,"Actual Loops": 3,"Inner Unique": true,"Hash Cond": "(supplier.s_nationkey = n1.n_nationkey)","Workers": [],"Plans": [{"Node Type": "Seq Scan","Parent Relationship": "Outer","Parallel Aware": false,"Async Capable": false,"Relation Name": "supplier","Alias": "supplier","Startup Cost": 0.00,"Total Cost": 322.00,"Plan Rows": 10000,"Plan Width": 8,"Actual Startup Time": 0.032,"Actual Total Time": 4.244,"Actual Rows": 10000,"Actual Loops": 3,"Workers": []},{"Node Type": "Hash","Parent Relationship": "Inner","Parallel Aware": false,"Async Capable": false,"Startup Cost": 1.38,"Total Cost": 1.38,"Plan Rows": 2,"Plan Width": 108,"Actual Startup Time": 0.019,"Actual Total Time": 0.024,"Actual Rows": 2,"Actual Loops": 3,"Hash Buckets": 1024,"Original Hash Buckets": 1024,"Hash Batches": 1,"Original Hash Batches": 1,"Peak Memory Usage": 9,"Workers": [],"Plans": [{"Node Type": "Seq Scan","Parent Relationship": "Outer","Parallel Aware": false,"Async Capable": false,"Relation Name": "nation","Alias": "n1","Startup Cost": 0.00,"Total Cost": 1.38,"Plan Rows": 2,"Plan Width": 108,"Actual Startup Time": 0.004,"Actual Total Time": 0.013,"Actual Rows": 2,"Actual Loops": 3,"Filter": "((n_name = 'ALGERIA'::bpchar) OR (n_name = 'ROMANIA'::bpchar))","Rows Removed by Filter": 23,"Workers": []}]}]}]}]}]}]}]}]},"Planning Time": 8.801,"Triggers": [],"Execution Time": 976.878}]
[{"Plan": {"Node Type": "Aggregate","Strategy": "Sorted","Partial Mode": "Finalize","Parallel Aware": false,"Async Capable": false,"Startup Cost": 72556.41,"Total Cost": 73352.71,"Plan Rows": 5893,"Plan Width": 272,"Actual Startup Time": 943.163,"Actual Total Time": 1002.519,"Actual Rows": 4,"Actual Loops": 1,"Group Key": ["n1.n_name", "n2.n_name", "(EXTRACT(year FROM lineitem.l_shipdate))"],"Plans": [{"Node Type": "Gather Merge","Parent Relationship": "Outer","Parallel Aware": false,"Async Capable": false,"Startup Cost": 72556.41,"Total Cost": 73202.94,"Plan Rows": 4910,"Plan Width": 272,"Actual Startup Time": 942.835,"Actual Total Time": 1002.454,"Actual Rows": 12,"Actual Loops": 1,"Workers Planned": 2,"Workers Launched": 2,"Plans": [{"Node Type": "Aggregate","Strategy": "Sorted","Partial Mode": "Partial","Parent Relationship": "Outer","Parallel Aware": false,"Async Capable": false,"Startup Cost": 71556.39,"Total Cost": 71636.18,"Plan Rows": 2455,"Plan Width": 272,"Actual Startup Time": 934.683,"Actual Total Time": 935.392,"Actual Rows": 4,"Actual Loops": 3,"Group Key": ["n1.n_name", "n2.n_name", "(EXTRACT(year FROM lineitem.l_shipdate))"],"Workers": [],"Plans": [{"Node Type": "Sort","Parent Relationship": "Outer","Parallel Aware": false,"Async Capable": false,"Startup Cost": 71556.39,"Total Cost": 71562.53,"Plan Rows": 2455,"Plan Width": 252,"Actual Startup Time": 934.437,"Actual Total Time": 934.549,"Actual Rows": 1852,"Actual Loops": 3,"Sort Key": ["n1.n_name", "n2.n_name", "(EXTRACT(year FROM lineitem.l_shipdate))"],"Sort Method": "quicksort","Sort Space Used": 255,"Sort Space Type": "Memory","Workers": [{"Worker Number": 0,"Sort Method": "quicksort","Sort Space Used": 247,"Sort Space Type": "Memory"},{"Worker Number": 1,"Sort Method": "quicksort","Sort Space Used": 251,"Sort Space Type": "Memory"}],"Plans": [{"Node Type": "Hash Join","Parent Relationship": "Outer","Parallel Aware": false,"Async Capable": false,"Join Type": "Inner","Startup Cost": 366.16,"Total Cost": 71418.15,"Plan Rows": 2455,"Plan Width": 252,"Actual Startup Time": 9.808,"Actual Total Time": 932.644,"Actual Rows": 1852,"Actual Loops": 3,"Inner Unique": false,"Hash Cond": "(lineitem.l_suppkey = supplier.s_suppkey)","Join Filter": "(((n1.n_name = 'RUSSIA'::bpchar) AND (n2.n_name = 'JORDAN'::bpchar)) OR ((n1.n_name = 'JORDAN'::bpchar) AND (n2.n_name = 'RUSSIA'::bpchar)))","Rows Removed by Join Filter": 1918,"Workers": [],"Plans": [{"Node Type": "Nested Loop","Parent Relationship": "Outer","Parallel Aware": false,"Async Capable": false,"Join Type": "Inner","Startup Cost": 2.26,"Total Cost": 70727.78,"Plan Rows": 60250,"Plan Width": 124,"Actual Startup Time": 0.434,"Actual Total Time": 918.166,"Actual Rows": 49694,"Actual Loops": 3,"Inner Unique": false,"Workers": [],"Plans": [{"Node Type": "Nested Loop","Parent Relationship": "Outer","Parallel Aware": false,"Async Capable": false,"Join Type": "Inner","Startup Cost": 1.83,"Total Cost": 12400.01,"Plan Rows": 49000,"Plan Width": 108,"Actual Startup Time": 0.301,"Actual Total Time": 229.282,"Actual Rows": 40744,"Actual Loops": 3,"Inner Unique": false,"Workers": [],"Plans": [{"Node Type": "Hash Join","Parent Relationship": "Outer","Parallel Aware": false,"Async Capable": false,"Join Type": "Inner","Startup Cost": 1.40,"Total Cost": 4403.27,"Plan Rows": 4900,"Plan Width": 108,"Actual Startup Time": 0.214,"Actual Total Time": 47.077,"Actual Rows": 4037,"Actual Loops": 3,"Inner Unique": true,"Hash Cond": "(customer.c_nationkey = n2.n_nationkey)","Workers": [],"Plans": [{"Node Type": "Seq Scan","Parent Relationship": "Outer","Parallel Aware": true,"Async Capable": false,"Relation Name": "customer","Alias": "customer","Startup Cost": 0.00,"Total Cost": 4210.00,"Plan Rows": 62500,"Plan Width": 8,"Actual Startup Time": 0.014,"Actual Total Time": 9.518,"Actual Rows": 50000,"Actual Loops": 3,"Workers": []},{"Node Type": "Hash","Parent Relationship": "Inner","Parallel Aware": false,"Async Capable": false,"Startup Cost": 1.38,"Total Cost": 1.38,"Plan Rows": 2,"Plan Width": 108,"Actual Startup Time": 0.089,"Actual Total Time": 0.096,"Actual Rows": 2,"Actual Loops": 3,"Hash Buckets": 1024,"Original Hash Buckets": 1024,"Hash Batches": 1,"Original Hash Batches": 1,"Peak Memory Usage": 9,"Workers": [],"Plans": [{"Node Type": "Seq Scan","Parent Relationship": "Outer","Parallel Aware": false,"Async Capable": false,"Relation Name": "nation","Alias": "n2","Startup Cost": 0.00,"Total Cost": 1.38,"Plan Rows": 2,"Plan Width": 108,"Actual Startup Time": 0.070,"Actual Total Time": 0.077,"Actual Rows": 2,"Actual Loops": 3,"Filter": "((n_name = 'JORDAN'::bpchar) OR (n_name = 'RUSSIA'::bpchar))","Rows Removed by Filter": 23,"Workers": []}]}]},{"Node Type": "Index Scan","Parent Relationship": "Inner","Parallel Aware": false,"Async Capable": false,"Scan Direction": "Forward","Index Name": "idx_orders_custkey","Relation Name": "orders","Alias": "orders","Startup Cost": 0.43,"Total Cost": 1.46,"Plan Rows": 17,"Plan Width": 8,"Actual Startup Time": 0.007,"Actual Total Time": 0.044,"Actual Rows": 10,"Actual Loops": 12111,"Index Cond": "(o_custkey = customer.c_custkey)","Rows Removed by Index Recheck": 0,"Workers": []}]},{"Node Type": "Index Scan","Parent Relationship": "Inner","Parallel Aware": false,"Async Capable": false,"Scan Direction": "Forward","Index Name": "idx_lineitem_orderkey","Relation Name": "lineitem","Alias": "lineitem","Startup Cost": 0.43,"Total Cost": 1.14,"Plan Rows": 5,"Plan Width": 24,"Actual Startup Time": 0.016,"Actual Total Time": 0.017,"Actual Rows": 1,"Actual Loops": 122231,"Index Cond": "(l_orderkey = orders.o_orderkey)","Rows Removed by Index Recheck": 0,"Filter": "((l_shipdate >= '1995-01-01'::date) AND (l_shipdate <= '1996-12-31'::date))","Rows Removed by Filter": 3,"Workers": []}]},{"Node Type": "Hash","Parent Relationship": "Inner","Parallel Aware": false,"Async Capable": false,"Startup Cost": 354.10,"Total Cost": 354.10,"Plan Rows": 784,"Plan Width": 108,"Actual Startup Time": 7.382,"Actual Total Time": 7.401,"Actual Rows": 763,"Actual Loops": 3,"Hash Buckets": 1024,"Original Hash Buckets": 1024,"Hash Batches": 1,"Original Hash Batches": 1,"Peak Memory Usage": 55,"Workers": [],"Plans": [{"Node Type": "Hash Join","Parent Relationship": "Outer","Parallel Aware": false,"Async Capable": false,"Join Type": "Inner","Startup Cost": 1.40,"Total Cost": 354.10,"Plan Rows": 784,"Plan Width": 108,"Actual Startup Time": 0.072,"Actual Total Time": 7.228,"Actual Rows": 763,"Actual Loops": 3,"Inner Unique": true,"Hash Cond": "(supplier.s_nationkey = n1.n_nationkey)","Workers": [],"Plans": [{"Node Type": "Seq Scan","Parent Relationship": "Outer","Parallel Aware": false,"Async Capable": false,"Relation Name": "supplier","Alias": "supplier","Startup Cost": 0.00,"Total Cost": 322.00,"Plan Rows": 10000,"Plan Width": 8,"Actual Startup Time": 0.025,"Actual Total Time": 3.827,"Actual Rows": 10000,"Actual Loops": 3,"Workers": []},{"Node Type": "Hash","Parent Relationship": "Inner","Parallel Aware": false,"Async Capable": false,"Startup Cost": 1.38,"Total Cost": 1.38,"Plan Rows": 2,"Plan Width": 108,"Actual Startup Time": 0.012,"Actual Total Time": 0.018,"Actual Rows": 2,"Actual Loops": 3,"Hash Buckets": 1024,"Original Hash Buckets": 1024,"Hash Batches": 1,"Original Hash Batches": 1,"Peak Memory Usage": 9,"Workers": [],"Plans": [{"Node Type": "Seq Scan","Parent Relationship": "Outer","Parallel Aware": false,"Async Capable": false,"Relation Name": "nation","Alias": "n1","Startup Cost": 0.00,"Total Cost": 1.38,"Plan Rows": 2,"Plan Width": 108,"Actual Startup Time": 0.005,"Actual Total Time": 0.010,"Actual Rows": 2,"Actual Loops": 3,"Filter": "((n_name = 'RUSSIA'::bpchar) OR (n_name = 'JORDAN'::bpchar))","Rows Removed by Filter": 23,"Workers": []}]}]}]}]}]}]}]}]},"Planning Time": 7.983,"Triggers": [],"Execution Time": 1002.987}]
[{"Plan": {"Node Type": "Aggregate","Strategy": "Sorted","Partial Mode": "Finalize","Parallel Aware": false,"Async Capable": false,"Startup Cost": 72556.41,"Total Cost": 73352.71,"Plan Rows": 5893,"Plan Width": 272,"Actual Startup Time": 923.433,"Actual Total Time": 978.855,"Actual Rows": 4,"Actual Loops": 1,"Group Key": ["n1.n_name", "n2.n_name", "(EXTRACT(year FROM lineitem.l_shipdate))"],"Plans": [{"Node Type": "Gather Merge","Parent Relationship": "Outer","Parallel Aware": false,"Async Capable": false,"Startup Cost": 72556.41,"Total Cost": 73202.94,"Plan Rows": 4910,"Plan Width": 272,"Actual Startup Time": 922.807,"Actual Total Time": 978.763,"Actual Rows": 12,"Actual Loops": 1,"Workers Planned": 2,"Workers Launched": 2,"Plans": [{"Node Type": "Aggregate","Strategy": "Sorted","Partial Mode": "Partial","Parent Relationship": "Outer","Parallel Aware": false,"Async Capable": false,"Startup Cost": 71556.39,"Total Cost": 71636.18,"Plan Rows": 2455,"Plan Width": 272,"Actual Startup Time": 914.589,"Actual Total Time": 915.364,"Actual Rows": 4,"Actual Loops": 3,"Group Key": ["n1.n_name", "n2.n_name", "(EXTRACT(year FROM lineitem.l_shipdate))"],"Workers": [],"Plans": [{"Node Type": "Sort","Parent Relationship": "Outer","Parallel Aware": false,"Async Capable": false,"Startup Cost": 71556.39,"Total Cost": 71562.53,"Plan Rows": 2455,"Plan Width": 252,"Actual Startup Time": 914.311,"Actual Total Time": 914.420,"Actual Rows": 1918,"Actual Loops": 3,"Sort Key": ["n1.n_name", "n2.n_name", "(EXTRACT(year FROM lineitem.l_shipdate))"],"Sort Method": "quicksort","Sort Space Used": 259,"Sort Space Type": "Memory","Workers": [{"Worker Number": 0,"Sort Method": "quicksort","Sort Space Used": 252,"Sort Space Type": "Memory"},{"Worker Number": 1,"Sort Method": "quicksort","Sort Space Used": 265,"Sort Space Type": "Memory"}],"Plans": [{"Node Type": "Hash Join","Parent Relationship": "Outer","Parallel Aware": false,"Async Capable": false,"Join Type": "Inner","Startup Cost": 366.16,"Total Cost": 71418.15,"Plan Rows": 2455,"Plan Width": 252,"Actual Startup Time": 10.675,"Actual Total Time": 912.567,"Actual Rows": 1918,"Actual Loops": 3,"Inner Unique": false,"Hash Cond": "(lineitem.l_suppkey = supplier.s_suppkey)","Join Filter": "(((n1.n_name = 'EGYPT'::bpchar) AND (n2.n_name = 'JAPAN'::bpchar)) OR ((n1.n_name = 'JAPAN'::bpchar) AND (n2.n_name = 'EGYPT'::bpchar)))","Rows Removed by Join Filter": 1890,"Workers": [],"Plans": [{"Node Type": "Nested Loop","Parent Relationship": "Outer","Parallel Aware": false,"Async Capable": false,"Join Type": "Inner","Startup Cost": 2.26,"Total Cost": 70727.78,"Plan Rows": 60250,"Plan Width": 124,"Actual Startup Time": 0.473,"Actual Total Time": 896.982,"Actual Rows": 48257,"Actual Loops": 3,"Inner Unique": false,"Workers": [],"Plans": [{"Node Type": "Nested Loop","Parent Relationship": "Outer","Parallel Aware": false,"Async Capable": false,"Join Type": "Inner","Startup Cost": 1.83,"Total Cost": 12400.01,"Plan Rows": 49000,"Plan Width": 108,"Actual Startup Time": 0.267,"Actual Total Time": 227.317,"Actual Rows": 39505,"Actual Loops": 3,"Inner Unique": false,"Workers": [],"Plans": [{"Node Type": "Hash Join","Parent Relationship": "Outer","Parallel Aware": false,"Async Capable": false,"Join Type": "Inner","Startup Cost": 1.40,"Total Cost": 4403.27,"Plan Rows": 4900,"Plan Width": 108,"Actual Startup Time": 0.161,"Actual Total Time": 48.505,"Actual Rows": 3981,"Actual Loops": 3,"Inner Unique": true,"Hash Cond": "(customer.c_nationkey = n2.n_nationkey)","Workers": [],"Plans": [{"Node Type": "Seq Scan","Parent Relationship": "Outer","Parallel Aware": true,"Async Capable": false,"Relation Name": "customer","Alias": "customer","Startup Cost": 0.00,"Total Cost": 4210.00,"Plan Rows": 62500,"Plan Width": 8,"Actual Startup Time": 0.013,"Actual Total Time": 9.635,"Actual Rows": 50000,"Actual Loops": 3,"Workers": []},{"Node Type": "Hash","Parent Relationship": "Inner","Parallel Aware": false,"Async Capable": false,"Startup Cost": 1.38,"Total Cost": 1.38,"Plan Rows": 2,"Plan Width": 108,"Actual Startup Time": 0.063,"Actual Total Time": 0.067,"Actual Rows": 2,"Actual Loops": 3,"Hash Buckets": 1024,"Original Hash Buckets": 1024,"Hash Batches": 1,"Original Hash Batches": 1,"Peak Memory Usage": 9,"Workers": [],"Plans": [{"Node Type": "Seq Scan","Parent Relationship": "Outer","Parallel Aware": false,"Async Capable": false,"Relation Name": "nation","Alias": "n2","Startup Cost": 0.00,"Total Cost": 1.38,"Plan Rows": 2,"Plan Width": 108,"Actual Startup Time": 0.047,"Actual Total Time": 0.051,"Actual Rows": 2,"Actual Loops": 3,"Filter": "((n_name = 'JAPAN'::bpchar) OR (n_name = 'EGYPT'::bpchar))","Rows Removed by Filter": 23,"Workers": []}]}]},{"Node Type": "Index Scan","Parent Relationship": "Inner","Parallel Aware": false,"Async Capable": false,"Scan Direction": "Forward","Index Name": "idx_orders_custkey","Relation Name": "orders","Alias": "orders","Startup Cost": 0.43,"Total Cost": 1.46,"Plan Rows": 17,"Plan Width": 8,"Actual Startup Time": 0.007,"Actual Total Time": 0.044,"Actual Rows": 10,"Actual Loops": 11943,"Index Cond": "(o_custkey = customer.c_custkey)","Rows Removed by Index Recheck": 0,"Workers": []}]},{"Node Type": "Index Scan","Parent Relationship": "Inner","Parallel Aware": false,"Async Capable": false,"Scan Direction": "Forward","Index Name": "idx_lineitem_orderkey","Relation Name": "lineitem","Alias": "lineitem","Startup Cost": 0.43,"Total Cost": 1.14,"Plan Rows": 5,"Plan Width": 24,"Actual Startup Time": 0.016,"Actual Total Time": 0.017,"Actual Rows": 1,"Actual Loops": 118516,"Index Cond": "(l_orderkey = orders.o_orderkey)","Rows Removed by Index Recheck": 0,"Filter": "((l_shipdate >= '1995-01-01'::date) AND (l_shipdate <= '1996-12-31'::date))","Rows Removed by Filter": 3,"Workers": []}]},{"Node Type": "Hash","Parent Relationship": "Inner","Parallel Aware": false,"Async Capable": false,"Startup Cost": 354.10,"Total Cost": 354.10,"Plan Rows": 784,"Plan Width": 108,"Actual Startup Time": 8.447,"Actual Total Time": 8.459,"Actual Rows": 792,"Actual Loops": 3,"Hash Buckets": 1024,"Original Hash Buckets": 1024,"Hash Batches": 1,"Original Hash Batches": 1,"Peak Memory Usage": 56,"Workers": [],"Plans": [{"Node Type": "Hash Join","Parent Relationship": "Outer","Parallel Aware": false,"Async Capable": false,"Join Type": "Inner","Startup Cost": 1.40,"Total Cost": 354.10,"Plan Rows": 784,"Plan Width": 108,"Actual Startup Time": 0.078,"Actual Total Time": 8.260,"Actual Rows": 792,"Actual Loops": 3,"Inner Unique": true,"Hash Cond": "(supplier.s_nationkey = n1.n_nationkey)","Workers": [],"Plans": [{"Node Type": "Seq Scan","Parent Relationship": "Outer","Parallel Aware": false,"Async Capable": false,"Relation Name": "supplier","Alias": "supplier","Startup Cost": 0.00,"Total Cost": 322.00,"Plan Rows": 10000,"Plan Width": 8,"Actual Startup Time": 0.027,"Actual Total Time": 4.213,"Actual Rows": 10000,"Actual Loops": 3,"Workers": []},{"Node Type": "Hash","Parent Relationship": "Inner","Parallel Aware": false,"Async Capable": false,"Startup Cost": 1.38,"Total Cost": 1.38,"Plan Rows": 2,"Plan Width": 108,"Actual Startup Time": 0.013,"Actual Total Time": 0.017,"Actual Rows": 2,"Actual Loops": 3,"Hash Buckets": 1024,"Original Hash Buckets": 1024,"Hash Batches": 1,"Original Hash Batches": 1,"Peak Memory Usage": 9,"Workers": [],"Plans": [{"Node Type": "Seq Scan","Parent Relationship": "Outer","Parallel Aware": false,"Async Capable": false,"Relation Name": "nation","Alias": "n1","Startup Cost": 0.00,"Total Cost": 1.38,"Plan Rows": 2,"Plan Width": 108,"Actual Startup Time": 0.004,"Actual Total Time": 0.009,"Actual Rows": 2,"Actual Loops": 3,"Filter": "((n_name = 'EGYPT'::bpchar) OR (n_name = 'JAPAN'::bpchar))","Rows Removed by Filter": 23,"Workers": []}]}]}]}]}]}]}]}]},"Planning Time": 9.708,"Triggers": [],"Execution Time": 979.291}]
[{"Plan": {"Node Type": "Aggregate","Strategy": "Sorted","Partial Mode": "Finalize","Parallel Aware": false,"Async Capable": false,"Startup Cost": 72556.41,"Total Cost": 73352.71,"Plan Rows": 5893,"Plan Width": 272,"Actual Startup Time": 910.963,"Actual Total Time": 954.617,"Actual Rows": 4,"Actual Loops": 1,"Group Key": ["n1.n_name", "n2.n_name", "(EXTRACT(year FROM lineitem.l_shipdate))"],"Plans": [{"Node Type": "Gather Merge","Parent Relationship": "Outer","Parallel Aware": false,"Async Capable": false,"Startup Cost": 72556.41,"Total Cost": 73202.94,"Plan Rows": 4910,"Plan Width": 272,"Actual Startup Time": 910.381,"Actual Total Time": 954.534,"Actual Rows": 12,"Actual Loops": 1,"Workers Planned": 2,"Workers Launched": 2,"Plans": [{"Node Type": "Aggregate","Strategy": "Sorted","Partial Mode": "Partial","Parent Relationship": "Outer","Parallel Aware": false,"Async Capable": false,"Startup Cost": 71556.39,"Total Cost": 71636.18,"Plan Rows": 2455,"Plan Width": 272,"Actual Startup Time": 902.235,"Actual Total Time": 903.008,"Actual Rows": 4,"Actual Loops": 3,"Group Key": ["n1.n_name", "n2.n_name", "(EXTRACT(year FROM lineitem.l_shipdate))"],"Workers": [],"Plans": [{"Node Type": "Sort","Parent Relationship": "Outer","Parallel Aware": false,"Async Capable": false,"Startup Cost": 71556.39,"Total Cost": 71562.53,"Plan Rows": 2455,"Plan Width": 252,"Actual Startup Time": 901.996,"Actual Total Time": 902.116,"Actual Rows": 1890,"Actual Loops": 3,"Sort Key": ["n1.n_name", "n2.n_name", "(EXTRACT(year FROM lineitem.l_shipdate))"],"Sort Method": "quicksort","Sort Space Used": 264,"Sort Space Type": "Memory","Workers": [{"Worker Number": 0,"Sort Method": "quicksort","Sort Space Used": 249,"Sort Space Type": "Memory"},{"Worker Number": 1,"Sort Method": "quicksort","Sort Space Used": 253,"Sort Space Type": "Memory"}],"Plans": [{"Node Type": "Hash Join","Parent Relationship": "Outer","Parallel Aware": false,"Async Capable": false,"Join Type": "Inner","Startup Cost": 366.16,"Total Cost": 71418.15,"Plan Rows": 2455,"Plan Width": 252,"Actual Startup Time": 14.130,"Actual Total Time": 900.278,"Actual Rows": 1890,"Actual Loops": 3,"Inner Unique": false,"Hash Cond": "(lineitem.l_suppkey = supplier.s_suppkey)","Join Filter": "(((n1.n_name = 'PERU'::bpchar) AND (n2.n_name = 'ETHIOPIA'::bpchar)) OR ((n1.n_name = 'ETHIOPIA'::bpchar) AND (n2.n_name = 'PERU'::bpchar)))","Rows Removed by Join Filter": 1967,"Workers": [],"Plans": [{"Node Type": "Nested Loop","Parent Relationship": "Outer","Parallel Aware": false,"Async Capable": false,"Join Type": "Inner","Startup Cost": 2.26,"Total Cost": 70727.78,"Plan Rows": 60250,"Plan Width": 124,"Actual Startup Time": 0.481,"Actual Total Time": 882.233,"Actual Rows": 48342,"Actual Loops": 3,"Inner Unique": false,"Workers": [],"Plans": [{"Node Type": "Nested Loop","Parent Relationship": "Outer","Parallel Aware": false,"Async Capable": false,"Join Type": "Inner","Startup Cost": 1.83,"Total Cost": 12400.01,"Plan Rows": 49000,"Plan Width": 108,"Actual Startup Time": 0.252,"Actual Total Time": 217.684,"Actual Rows": 39575,"Actual Loops": 3,"Inner Unique": false,"Workers": [],"Plans": [{"Node Type": "Hash Join","Parent Relationship": "Outer","Parallel Aware": false,"Async Capable": false,"Join Type": "Inner","Startup Cost": 1.40,"Total Cost": 4403.27,"Plan Rows": 4900,"Plan Width": 108,"Actual Startup Time": 0.155,"Actual Total Time": 42.556,"Actual Rows": 3976,"Actual Loops": 3,"Inner Unique": true,"Hash Cond": "(customer.c_nationkey = n2.n_nationkey)","Workers": [],"Plans": [{"Node Type": "Seq Scan","Parent Relationship": "Outer","Parallel Aware": true,"Async Capable": false,"Relation Name": "customer","Alias": "customer","Startup Cost": 0.00,"Total Cost": 4210.00,"Plan Rows": 62500,"Plan Width": 8,"Actual Startup Time": 0.013,"Actual Total Time": 8.965,"Actual Rows": 50000,"Actual Loops": 3,"Workers": []},{"Node Type": "Hash","Parent Relationship": "Inner","Parallel Aware": false,"Async Capable": false,"Startup Cost": 1.38,"Total Cost": 1.38,"Plan Rows": 2,"Plan Width": 108,"Actual Startup Time": 0.057,"Actual Total Time": 0.064,"Actual Rows": 2,"Actual Loops": 3,"Hash Buckets": 1024,"Original Hash Buckets": 1024,"Hash Batches": 1,"Original Hash Batches": 1,"Peak Memory Usage": 9,"Workers": [],"Plans": [{"Node Type": "Seq Scan","Parent Relationship": "Outer","Parallel Aware": false,"Async Capable": false,"Relation Name": "nation","Alias": "n2","Startup Cost": 0.00,"Total Cost": 1.38,"Plan Rows": 2,"Plan Width": 108,"Actual Startup Time": 0.041,"Actual Total Time": 0.047,"Actual Rows": 2,"Actual Loops": 3,"Filter": "((n_name = 'ETHIOPIA'::bpchar) OR (n_name = 'PERU'::bpchar))","Rows Removed by Filter": 23,"Workers": []}]}]},{"Node Type": "Index Scan","Parent Relationship": "Inner","Parallel Aware": false,"Async Capable": false,"Scan Direction": "Forward","Index Name": "idx_orders_custkey","Relation Name": "orders","Alias": "orders","Startup Cost": 0.43,"Total Cost": 1.46,"Plan Rows": 17,"Plan Width": 8,"Actual Startup Time": 0.007,"Actual Total Time": 0.043,"Actual Rows": 10,"Actual Loops": 11927,"Index Cond": "(o_custkey = customer.c_custkey)","Rows Removed by Index Recheck": 0,"Workers": []}]},{"Node Type": "Index Scan","Parent Relationship": "Inner","Parallel Aware": false,"Async Capable": false,"Scan Direction": "Forward","Index Name": "idx_lineitem_orderkey","Relation Name": "lineitem","Alias": "lineitem","Startup Cost": 0.43,"Total Cost": 1.14,"Plan Rows": 5,"Plan Width": 24,"Actual Startup Time": 0.016,"Actual Total Time": 0.017,"Actual Rows": 1,"Actual Loops": 118724,"Index Cond": "(l_orderkey = orders.o_orderkey)","Rows Removed by Index Recheck": 0,"Filter": "((l_shipdate >= '1995-01-01'::date) AND (l_shipdate <= '1996-12-31'::date))","Rows Removed by Filter": 3,"Workers": []}]},{"Node Type": "Hash","Parent Relationship": "Inner","Parallel Aware": false,"Async Capable": false,"Startup Cost": 354.10,"Total Cost": 354.10,"Plan Rows": 784,"Plan Width": 108,"Actual Startup Time": 10.955,"Actual Total Time": 10.972,"Actual Rows": 801,"Actual Loops": 3,"Hash Buckets": 1024,"Original Hash Buckets": 1024,"Hash Batches": 1,"Original Hash Batches": 1,"Peak Memory Usage": 57,"Workers": [],"Plans": [{"Node Type": "Hash Join","Parent Relationship": "Outer","Parallel Aware": false,"Async Capable": false,"Join Type": "Inner","Startup Cost": 1.40,"Total Cost": 354.10,"Plan Rows": 784,"Plan Width": 108,"Actual Startup Time": 0.071,"Actual Total Time": 10.768,"Actual Rows": 801,"Actual Loops": 3,"Inner Unique": true,"Hash Cond": "(supplier.s_nationkey = n1.n_nationkey)","Workers": [],"Plans": [{"Node Type": "Seq Scan","Parent Relationship": "Outer","Parallel Aware": false,"Async Capable": false,"Relation Name": "supplier","Alias": "supplier","Startup Cost": 0.00,"Total Cost": 322.00,"Plan Rows": 10000,"Plan Width": 8,"Actual Startup Time": 0.026,"Actual Total Time": 4.343,"Actual Rows": 10000,"Actual Loops": 3,"Workers": []},{"Node Type": "Hash","Parent Relationship": "Inner","Parallel Aware": false,"Async Capable": false,"Startup Cost": 1.38,"Total Cost": 1.38,"Plan Rows": 2,"Plan Width": 108,"Actual Startup Time": 0.017,"Actual Total Time": 0.023,"Actual Rows": 2,"Actual Loops": 3,"Hash Buckets": 1024,"Original Hash Buckets": 1024,"Hash Batches": 1,"Original Hash Batches": 1,"Peak Memory Usage": 9,"Workers": [],"Plans": [{"Node Type": "Seq Scan","Parent Relationship": "Outer","Parallel Aware": false,"Async Capable": false,"Relation Name": "nation","Alias": "n1","Startup Cost": 0.00,"Total Cost": 1.38,"Plan Rows": 2,"Plan Width": 108,"Actual Startup Time": 0.006,"Actual Total Time": 0.011,"Actual Rows": 2,"Actual Loops": 3,"Filter": "((n_name = 'PERU'::bpchar) OR (n_name = 'ETHIOPIA'::bpchar))","Rows Removed by Filter": 23,"Workers": []}]}]}]}]}]}]}]}]},"Planning Time": 9.374,"Triggers": [],"Execution Time": 954.997}]
[{"Plan": {"Node Type": "Aggregate","Strategy": "Sorted","Partial Mode": "Finalize","Parallel Aware": false,"Async Capable": false,"Startup Cost": 72556.41,"Total Cost": 73352.71,"Plan Rows": 5893,"Plan Width": 272,"Actual Startup Time": 934.278,"Actual Total Time": 979.211,"Actual Rows": 4,"Actual Loops": 1,"Group Key": ["n1.n_name", "n2.n_name", "(EXTRACT(year FROM lineitem.l_shipdate))"],"Plans": [{"Node Type": "Gather Merge","Parent Relationship": "Outer","Parallel Aware": false,"Async Capable": false,"Startup Cost": 72556.41,"Total Cost": 73202.94,"Plan Rows": 4910,"Plan Width": 272,"Actual Startup Time": 933.619,"Actual Total Time": 979.128,"Actual Rows": 12,"Actual Loops": 1,"Workers Planned": 2,"Workers Launched": 2,"Plans": [{"Node Type": "Aggregate","Strategy": "Sorted","Partial Mode": "Partial","Parent Relationship": "Outer","Parallel Aware": false,"Async Capable": false,"Startup Cost": 71556.39,"Total Cost": 71636.18,"Plan Rows": 2455,"Plan Width": 272,"Actual Startup Time": 925.688,"Actual Total Time": 926.482,"Actual Rows": 4,"Actual Loops": 3,"Group Key": ["n1.n_name", "n2.n_name", "(EXTRACT(year FROM lineitem.l_shipdate))"],"Workers": [],"Plans": [{"Node Type": "Sort","Parent Relationship": "Outer","Parallel Aware": false,"Async Capable": false,"Startup Cost": 71556.39,"Total Cost": 71562.53,"Plan Rows": 2455,"Plan Width": 252,"Actual Startup Time": 925.400,"Actual Total Time": 925.512,"Actual Rows": 1944,"Actual Loops": 3,"Sort Key": ["n1.n_name", "n2.n_name", "(EXTRACT(year FROM lineitem.l_shipdate))"],"Sort Method": "quicksort","Sort Space Used": 261,"Sort Space Type": "Memory","Workers": [{"Worker Number": 0,"Sort Method": "quicksort","Sort Space Used": 259,"Sort Space Type": "Memory"},{"Worker Number": 1,"Sort Method": "quicksort","Sort Space Used": 264,"Sort Space Type": "Memory"}],"Plans": [{"Node Type": "Hash Join","Parent Relationship": "Outer","Parallel Aware": false,"Async Capable": false,"Join Type": "Inner","Startup Cost": 366.16,"Total Cost": 71418.15,"Plan Rows": 2455,"Plan Width": 252,"Actual Startup Time": 12.970,"Actual Total Time": 923.501,"Actual Rows": 1944,"Actual Loops": 3,"Inner Unique": false,"Hash Cond": "(lineitem.l_suppkey = supplier.s_suppkey)","Join Filter": "(((n1.n_name = 'JORDAN'::bpchar) AND (n2.n_name = 'CANADA'::bpchar)) OR ((n1.n_name = 'CANADA'::bpchar) AND (n2.n_name = 'JORDAN'::bpchar)))","Rows Removed by Join Filter": 1908,"Workers": [],"Plans": [{"Node Type": "Nested Loop","Parent Relationship": "Outer","Parallel Aware": false,"Async Capable": false,"Join Type": "Inner","Startup Cost": 2.26,"Total Cost": 70727.78,"Plan Rows": 60250,"Plan Width": 124,"Actual Startup Time": 0.566,"Actual Total Time": 905.028,"Actual Rows": 49305,"Actual Loops": 3,"Inner Unique": false,"Workers": [],"Plans": [{"Node Type": "Nested Loop","Parent Relationship": "Outer","Parallel Aware": false,"Async Capable": false,"Join Type": "Inner","Startup Cost": 1.83,"Total Cost": 12400.01,"Plan Rows": 49000,"Plan Width": 108,"Actual Startup Time": 0.346,"Actual Total Time": 223.573,"Actual Rows": 40405,"Actual Loops": 3,"Inner Unique": false,"Workers": [],"Plans": [{"Node Type": "Hash Join","Parent Relationship": "Outer","Parallel Aware": false,"Async Capable": false,"Join Type": "Inner","Startup Cost": 1.40,"Total Cost": 4403.27,"Plan Rows": 4900,"Plan Width": 108,"Actual Startup Time": 0.222,"Actual Total Time": 43.837,"Actual Rows": 4018,"Actual Loops": 3,"Inner Unique": true,"Hash Cond": "(customer.c_nationkey = n2.n_nationkey)","Workers": [],"Plans": [{"Node Type": "Seq Scan","Parent Relationship": "Outer","Parallel Aware": true,"Async Capable": false,"Relation Name": "customer","Alias": "customer","Startup Cost": 0.00,"Total Cost": 4210.00,"Plan Rows": 62500,"Plan Width": 8,"Actual Startup Time": 0.020,"Actual Total Time": 8.921,"Actual Rows": 50000,"Actual Loops": 3,"Workers": []},{"Node Type": "Hash","Parent Relationship": "Inner","Parallel Aware": false,"Async Capable": false,"Startup Cost": 1.38,"Total Cost": 1.38,"Plan Rows": 2,"Plan Width": 108,"Actual Startup Time": 0.082,"Actual Total Time": 0.087,"Actual Rows": 2,"Actual Loops": 3,"Hash Buckets": 1024,"Original Hash Buckets": 1024,"Hash Batches": 1,"Original Hash Batches": 1,"Peak Memory Usage": 9,"Workers": [],"Plans": [{"Node Type": "Seq Scan","Parent Relationship": "Outer","Parallel Aware": false,"Async Capable": false,"Relation Name": "nation","Alias": "n2","Startup Cost": 0.00,"Total Cost": 1.38,"Plan Rows": 2,"Plan Width": 108,"Actual Startup Time": 0.060,"Actual Total Time": 0.070,"Actual Rows": 2,"Actual Loops": 3,"Filter": "((n_name = 'CANADA'::bpchar) OR (n_name = 'JORDAN'::bpchar))","Rows Removed by Filter": 23,"Workers": []}]}]},{"Node Type": "Index Scan","Parent Relationship": "Inner","Parallel Aware": false,"Async Capable": false,"Scan Direction": "Forward","Index Name": "idx_orders_custkey","Relation Name": "orders","Alias": "orders","Startup Cost": 0.43,"Total Cost": 1.46,"Plan Rows": 17,"Plan Width": 8,"Actual Startup Time": 0.007,"Actual Total Time": 0.043,"Actual Rows": 10,"Actual Loops": 12053,"Index Cond": "(o_custkey = customer.c_custkey)","Rows Removed by Index Recheck": 0,"Workers": []}]},{"Node Type": "Index Scan","Parent Relationship": "Inner","Parallel Aware": false,"Async Capable": false,"Scan Direction": "Forward","Index Name": "idx_lineitem_orderkey","Relation Name": "lineitem","Alias": "lineitem","Startup Cost": 0.43,"Total Cost": 1.14,"Plan Rows": 5,"Plan Width": 24,"Actual Startup Time": 0.016,"Actual Total Time": 0.017,"Actual Rows": 1,"Actual Loops": 121216,"Index Cond": "(l_orderkey = orders.o_orderkey)","Rows Removed by Index Recheck": 0,"Filter": "((l_shipdate >= '1995-01-01'::date) AND (l_shipdate <= '1996-12-31'::date))","Rows Removed by Filter": 3,"Workers": []}]},{"Node Type": "Hash","Parent Relationship": "Inner","Parallel Aware": false,"Async Capable": false,"Startup Cost": 354.10,"Total Cost": 354.10,"Plan Rows": 784,"Plan Width": 108,"Actual Startup Time": 11.333,"Actual Total Time": 11.348,"Actual Rows": 774,"Actual Loops": 3,"Hash Buckets": 1024,"Original Hash Buckets": 1024,"Hash Batches": 1,"Original Hash Batches": 1,"Peak Memory Usage": 55,"Workers": [],"Plans": [{"Node Type": "Hash Join","Parent Relationship": "Outer","Parallel Aware": false,"Async Capable": false,"Join Type": "Inner","Startup Cost": 1.40,"Total Cost": 354.10,"Plan Rows": 784,"Plan Width": 108,"Actual Startup Time": 0.103,"Actual Total Time": 11.156,"Actual Rows": 774,"Actual Loops": 3,"Inner Unique": true,"Hash Cond": "(supplier.s_nationkey = n1.n_nationkey)","Workers": [],"Plans": [{"Node Type": "Seq Scan","Parent Relationship": "Outer","Parallel Aware": false,"Async Capable": false,"Relation Name": "supplier","Alias": "supplier","Startup Cost": 0.00,"Total Cost": 322.00,"Plan Rows": 10000,"Plan Width": 8,"Actual Startup Time": 0.041,"Actual Total Time": 4.724,"Actual Rows": 10000,"Actual Loops": 3,"Workers": []},{"Node Type": "Hash","Parent Relationship": "Inner","Parallel Aware": false,"Async Capable": false,"Startup Cost": 1.38,"Total Cost": 1.38,"Plan Rows": 2,"Plan Width": 108,"Actual Startup Time": 0.021,"Actual Total Time": 0.025,"Actual Rows": 2,"Actual Loops": 3,"Hash Buckets": 1024,"Original Hash Buckets": 1024,"Hash Batches": 1,"Original Hash Batches": 1,"Peak Memory Usage": 9,"Workers": [],"Plans": [{"Node Type": "Seq Scan","Parent Relationship": "Outer","Parallel Aware": false,"Async Capable": false,"Relation Name": "nation","Alias": "n1","Startup Cost": 0.00,"Total Cost": 1.38,"Plan Rows": 2,"Plan Width": 108,"Actual Startup Time": 0.006,"Actual Total Time": 0.013,"Actual Rows": 2,"Actual Loops": 3,"Filter": "((n_name = 'JORDAN'::bpchar) OR (n_name = 'CANADA'::bpchar))","Rows Removed by Filter": 23,"Workers": []}]}]}]}]}]}]}]}]},"Planning Time": 9.273,"Triggers": [],"Execution Time": 979.637}]
[{"Plan": {"Node Type": "Aggregate","Strategy": "Sorted","Partial Mode": "Finalize","Parallel Aware": false,"Async Capable": false,"Startup Cost": 72556.41,"Total Cost": 73352.71,"Plan Rows": 5893,"Plan Width": 272,"Actual Startup Time": 930.721,"Actual Total Time": 976.230,"Actual Rows": 4,"Actual Loops": 1,"Group Key": ["n1.n_name", "n2.n_name", "(EXTRACT(year FROM lineitem.l_shipdate))"],"Plans": [{"Node Type": "Gather Merge","Parent Relationship": "Outer","Parallel Aware": false,"Async Capable": false,"Startup Cost": 72556.41,"Total Cost": 73202.94,"Plan Rows": 4910,"Plan Width": 272,"Actual Startup Time": 930.420,"Actual Total Time": 976.163,"Actual Rows": 12,"Actual Loops": 1,"Workers Planned": 2,"Workers Launched": 2,"Plans": [{"Node Type": "Aggregate","Strategy": "Sorted","Partial Mode": "Partial","Parent Relationship": "Outer","Parallel Aware": false,"Async Capable": false,"Startup Cost": 71556.39,"Total Cost": 71636.18,"Plan Rows": 2455,"Plan Width": 272,"Actual Startup Time": 922.578,"Actual Total Time": 923.243,"Actual Rows": 4,"Actual Loops": 3,"Group Key": ["n1.n_name", "n2.n_name", "(EXTRACT(year FROM lineitem.l_shipdate))"],"Workers": [],"Plans": [{"Node Type": "Sort","Parent Relationship": "Outer","Parallel Aware": false,"Async Capable": false,"Startup Cost": 71556.39,"Total Cost": 71562.53,"Plan Rows": 2455,"Plan Width": 252,"Actual Startup Time": 922.305,"Actual Total Time": 922.410,"Actual Rows": 1859,"Actual Loops": 3,"Sort Key": ["n1.n_name", "n2.n_name", "(EXTRACT(year FROM lineitem.l_shipdate))"],"Sort Method": "quicksort","Sort Space Used": 262,"Sort Space Type": "Memory","Workers": [{"Worker Number": 0,"Sort Method": "quicksort","Sort Space Used": 247,"Sort Space Type": "Memory"},{"Worker Number": 1,"Sort Method": "quicksort","Sort Space Used": 246,"Sort Space Type": "Memory"}],"Plans": [{"Node Type": "Hash Join","Parent Relationship": "Outer","Parallel Aware": false,"Async Capable": false,"Join Type": "Inner","Startup Cost": 366.16,"Total Cost": 71418.15,"Plan Rows": 2455,"Plan Width": 252,"Actual Startup Time": 12.321,"Actual Total Time": 920.546,"Actual Rows": 1859,"Actual Loops": 3,"Inner Unique": false,"Hash Cond": "(lineitem.l_suppkey = supplier.s_suppkey)","Join Filter": "(((n1.n_name = 'JORDAN'::bpchar) AND (n2.n_name = 'BRAZIL'::bpchar)) OR ((n1.n_name = 'BRAZIL'::bpchar) AND (n2.n_name = 'JORDAN'::bpchar)))","Rows Removed by Join Filter": 1863,"Workers": [],"Plans": [{"Node Type": "Nested Loop","Parent Relationship": "Outer","Parallel Aware": false,"Async Capable": false,"Join Type": "Inner","Startup Cost": 2.26,"Total Cost": 70727.78,"Plan Rows": 60250,"Plan Width": 124,"Actual Startup Time": 0.899,"Actual Total Time": 903.201,"Actual Rows": 49183,"Actual Loops": 3,"Inner Unique": false,"Workers": [],"Plans": [{"Node Type": "Nested Loop","Parent Relationship": "Outer","Parallel Aware": false,"Async Capable": false,"Join Type": "Inner","Startup Cost": 1.83,"Total Cost": 12400.01,"Plan Rows": 49000,"Plan Width": 108,"Actual Startup Time": 0.273,"Actual Total Time": 223.975,"Actual Rows": 40291,"Actual Loops": 3,"Inner Unique": false,"Workers": [],"Plans": [{"Node Type": "Hash Join","Parent Relationship": "Outer","Parallel Aware": false,"Async Capable": false,"Join Type": "Inner","Startup Cost": 1.40,"Total Cost": 4403.27,"Plan Rows": 4900,"Plan Width": 108,"Actual Startup Time": 0.168,"Actual Total Time": 44.655,"Actual Rows": 4011,"Actual Loops": 3,"Inner Unique": true,"Hash Cond": "(customer.c_nationkey = n2.n_nationkey)","Workers": [],"Plans": [{"Node Type": "Seq Scan","Parent Relationship": "Outer","Parallel Aware": true,"Async Capable": false,"Relation Name": "customer","Alias": "customer","Startup Cost": 0.00,"Total Cost": 4210.00,"Plan Rows": 62500,"Plan Width": 8,"Actual Startup Time": 0.019,"Actual Total Time": 9.104,"Actual Rows": 50000,"Actual Loops": 3,"Workers": []},{"Node Type": "Hash","Parent Relationship": "Inner","Parallel Aware": false,"Async Capable": false,"Startup Cost": 1.38,"Total Cost": 1.38,"Plan Rows": 2,"Plan Width": 108,"Actual Startup Time": 0.062,"Actual Total Time": 0.069,"Actual Rows": 2,"Actual Loops": 3,"Hash Buckets": 1024,"Original Hash Buckets": 1024,"Hash Batches": 1,"Original Hash Batches": 1,"Peak Memory Usage": 9,"Workers": [],"Plans": [{"Node Type": "Seq Scan","Parent Relationship": "Outer","Parallel Aware": false,"Async Capable": false,"Relation Name": "nation","Alias": "n2","Startup Cost": 0.00,"Total Cost": 1.38,"Plan Rows": 2,"Plan Width": 108,"Actual Startup Time": 0.042,"Actual Total Time": 0.049,"Actual Rows": 2,"Actual Loops": 3,"Filter": "((n_name = 'BRAZIL'::bpchar) OR (n_name = 'JORDAN'::bpchar))","Rows Removed by Filter": 23,"Workers": []}]}]},{"Node Type": "Index Scan","Parent Relationship": "Inner","Parallel Aware": false,"Async Capable": false,"Scan Direction": "Forward","Index Name": "idx_orders_custkey","Relation Name": "orders","Alias": "orders","Startup Cost": 0.43,"Total Cost": 1.46,"Plan Rows": 17,"Plan Width": 8,"Actual Startup Time": 0.007,"Actual Total Time": 0.043,"Actual Rows": 10,"Actual Loops": 12032,"Index Cond": "(o_custkey = customer.c_custkey)","Rows Removed by Index Recheck": 0,"Workers": []}]},{"Node Type": "Index Scan","Parent Relationship": "Inner","Parallel Aware": false,"Async Capable": false,"Scan Direction": "Forward","Index Name": "idx_lineitem_orderkey","Relation Name": "lineitem","Alias": "lineitem","Startup Cost": 0.43,"Total Cost": 1.14,"Plan Rows": 5,"Plan Width": 24,"Actual Startup Time": 0.016,"Actual Total Time": 0.017,"Actual Rows": 1,"Actual Loops": 120873,"Index Cond": "(l_orderkey = orders.o_orderkey)","Rows Removed by Index Recheck": 0,"Filter": "((l_shipdate >= '1995-01-01'::date) AND (l_shipdate <= '1996-12-31'::date))","Rows Removed by Filter": 3,"Workers": []}]},{"Node Type": "Hash","Parent Relationship": "Inner","Parallel Aware": false,"Async Capable": false,"Startup Cost": 354.10,"Total Cost": 354.10,"Plan Rows": 784,"Plan Width": 108,"Actual Startup Time": 10.488,"Actual Total Time": 10.503,"Actual Rows": 759,"Actual Loops": 3,"Hash Buckets": 1024,"Original Hash Buckets": 1024,"Hash Batches": 1,"Original Hash Batches": 1,"Peak Memory Usage": 54,"Workers": [],"Plans": [{"Node Type": "Hash Join","Parent Relationship": "Outer","Parallel Aware": false,"Async Capable": false,"Join Type": "Inner","Startup Cost": 1.40,"Total Cost": 354.10,"Plan Rows": 784,"Plan Width": 108,"Actual Startup Time": 0.088,"Actual Total Time": 10.315,"Actual Rows": 759,"Actual Loops": 3,"Inner Unique": true,"Hash Cond": "(supplier.s_nationkey = n1.n_nationkey)","Workers": [],"Plans": [{"Node Type": "Seq Scan","Parent Relationship": "Outer","Parallel Aware": false,"Async Capable": false,"Relation Name": "supplier","Alias": "supplier","Startup Cost": 0.00,"Total Cost": 322.00,"Plan Rows": 10000,"Plan Width": 8,"Actual Startup Time": 0.034,"Actual Total Time": 4.195,"Actual Rows": 10000,"Actual Loops": 3,"Workers": []},{"Node Type": "Hash","Parent Relationship": "Inner","Parallel Aware": false,"Async Capable": false,"Startup Cost": 1.38,"Total Cost": 1.38,"Plan Rows": 2,"Plan Width": 108,"Actual Startup Time": 0.013,"Actual Total Time": 0.017,"Actual Rows": 2,"Actual Loops": 3,"Hash Buckets": 1024,"Original Hash Buckets": 1024,"Hash Batches": 1,"Original Hash Batches": 1,"Peak Memory Usage": 9,"Workers": [],"Plans": [{"Node Type": "Seq Scan","Parent Relationship": "Outer","Parallel Aware": false,"Async Capable": false,"Relation Name": "nation","Alias": "n1","Startup Cost": 0.00,"Total Cost": 1.38,"Plan Rows": 2,"Plan Width": 108,"Actual Startup Time": 0.004,"Actual Total Time": 0.010,"Actual Rows": 2,"Actual Loops": 3,"Filter": "((n_name = 'JORDAN'::bpchar) OR (n_name = 'BRAZIL'::bpchar))","Rows Removed by Filter": 23,"Workers": []}]}]}]}]}]}]}]}]},"Planning Time": 9.338,"Triggers": [],"Execution Time": 976.606}]
[{"Plan": {"Node Type": "Aggregate","Strategy": "Sorted","Partial Mode": "Finalize","Parallel Aware": false,"Async Capable": false,"Startup Cost": 72556.41,"Total Cost": 73352.71,"Plan Rows": 5893,"Plan Width": 272,"Actual Startup Time": 928.810,"Actual Total Time": 983.304,"Actual Rows": 4,"Actual Loops": 1,"Group Key": ["n1.n_name", "n2.n_name", "(EXTRACT(year FROM lineitem.l_shipdate))"],"Plans": [{"Node Type": "Gather Merge","Parent Relationship": "Outer","Parallel Aware": false,"Async Capable": false,"Startup Cost": 72556.41,"Total Cost": 73202.94,"Plan Rows": 4910,"Plan Width": 272,"Actual Startup Time": 927.998,"Actual Total Time": 983.218,"Actual Rows": 12,"Actual Loops": 1,"Workers Planned": 2,"Workers Launched": 2,"Plans": [{"Node Type": "Aggregate","Strategy": "Sorted","Partial Mode": "Partial","Parent Relationship": "Outer","Parallel Aware": false,"Async Capable": false,"Startup Cost": 71556.39,"Total Cost": 71636.18,"Plan Rows": 2455,"Plan Width": 272,"Actual Startup Time": 918.683,"Actual Total Time": 919.542,"Actual Rows": 4,"Actual Loops": 3,"Group Key": ["n1.n_name", "n2.n_name", "(EXTRACT(year FROM lineitem.l_shipdate))"],"Workers": [],"Plans": [{"Node Type": "Sort","Parent Relationship": "Outer","Parallel Aware": false,"Async Capable": false,"Startup Cost": 71556.39,"Total Cost": 71562.53,"Plan Rows": 2455,"Plan Width": 252,"Actual Startup Time": 918.400,"Actual Total Time": 918.516,"Actual Rows": 1902,"Actual Loops": 3,"Sort Key": ["n1.n_name", "n2.n_name", "(EXTRACT(year FROM lineitem.l_shipdate))"],"Sort Method": "quicksort","Sort Space Used": 255,"Sort Space Type": "Memory","Workers": [{"Worker Number": 0,"Sort Method": "quicksort","Sort Space Used": 261,"Sort Space Type": "Memory"},{"Worker Number": 1,"Sort Method": "quicksort","Sort Space Used": 253,"Sort Space Type": "Memory"}],"Plans": [{"Node Type": "Hash Join","Parent Relationship": "Outer","Parallel Aware": false,"Async Capable": false,"Join Type": "Inner","Startup Cost": 366.16,"Total Cost": 71418.15,"Plan Rows": 2455,"Plan Width": 252,"Actual Startup Time": 8.220,"Actual Total Time": 916.582,"Actual Rows": 1902,"Actual Loops": 3,"Inner Unique": false,"Hash Cond": "(lineitem.l_suppkey = supplier.s_suppkey)","Join Filter": "(((n1.n_name = 'KENYA'::bpchar) AND (n2.n_name = 'FRANCE'::bpchar)) OR ((n1.n_name = 'FRANCE'::bpchar) AND (n2.n_name = 'KENYA'::bpchar)))","Rows Removed by Join Filter": 1862,"Workers": [],"Plans": [{"Node Type": "Nested Loop","Parent Relationship": "Outer","Parallel Aware": false,"Async Capable": false,"Join Type": "Inner","Startup Cost": 2.26,"Total Cost": 70727.78,"Plan Rows": 60250,"Plan Width": 124,"Actual Startup Time": 0.765,"Actual Total Time": 902.388,"Actual Rows": 48866,"Actual Loops": 3,"Inner Unique": false,"Workers": [],"Plans": [{"Node Type": "Nested Loop","Parent Relationship": "Outer","Parallel Aware": false,"Async Capable": false,"Join Type": "Inner","Startup Cost": 1.83,"Total Cost": 12400.01,"Plan Rows": 49000,"Plan Width": 108,"Actual Startup Time": 0.392,"Actual Total Time": 226.434,"Actual Rows": 40180,"Actual Loops": 3,"Inner Unique": false,"Workers": [],"Plans": [{"Node Type": "Hash Join","Parent Relationship": "Outer","Parallel Aware": false,"Async Capable": false,"Join Type": "Inner","Startup Cost": 1.40,"Total Cost": 4403.27,"Plan Rows": 4900,"Plan Width": 108,"Actual Startup Time": 0.210,"Actual Total Time": 46.216,"Actual Rows": 4031,"Actual Loops": 3,"Inner Unique": true,"Hash Cond": "(customer.c_nationkey = n2.n_nationkey)","Workers": [],"Plans": [{"Node Type": "Seq Scan","Parent Relationship": "Outer","Parallel Aware": true,"Async Capable": false,"Relation Name": "customer","Alias": "customer","Startup Cost": 0.00,"Total Cost": 4210.00,"Plan Rows": 62500,"Plan Width": 8,"Actual Startup Time": 0.017,"Actual Total Time": 9.469,"Actual Rows": 50000,"Actual Loops": 3,"Workers": []},{"Node Type": "Hash","Parent Relationship": "Inner","Parallel Aware": false,"Async Capable": false,"Startup Cost": 1.38,"Total Cost": 1.38,"Plan Rows": 2,"Plan Width": 108,"Actual Startup Time": 0.097,"Actual Total Time": 0.100,"Actual Rows": 2,"Actual Loops": 3,"Hash Buckets": 1024,"Original Hash Buckets": 1024,"Hash Batches": 1,"Original Hash Batches": 1,"Peak Memory Usage": 9,"Workers": [],"Plans": [{"Node Type": "Seq Scan","Parent Relationship": "Outer","Parallel Aware": false,"Async Capable": false,"Relation Name": "nation","Alias": "n2","Startup Cost": 0.00,"Total Cost": 1.38,"Plan Rows": 2,"Plan Width": 108,"Actual Startup Time": 0.067,"Actual Total Time": 0.073,"Actual Rows": 2,"Actual Loops": 3,"Filter": "((n_name = 'FRANCE'::bpchar) OR (n_name = 'KENYA'::bpchar))","Rows Removed by Filter": 23,"Workers": []}]}]},{"Node Type": "Index Scan","Parent Relationship": "Inner","Parallel Aware": false,"Async Capable": false,"Scan Direction": "Forward","Index Name": "idx_orders_custkey","Relation Name": "orders","Alias": "orders","Startup Cost": 0.43,"Total Cost": 1.46,"Plan Rows": 17,"Plan Width": 8,"Actual Startup Time": 0.007,"Actual Total Time": 0.043,"Actual Rows": 10,"Actual Loops": 12092,"Index Cond": "(o_custkey = customer.c_custkey)","Rows Removed by Index Recheck": 0,"Workers": []}]},{"Node Type": "Index Scan","Parent Relationship": "Inner","Parallel Aware": false,"Async Capable": false,"Scan Direction": "Forward","Index Name": "idx_lineitem_orderkey","Relation Name": "lineitem","Alias": "lineitem","Startup Cost": 0.43,"Total Cost": 1.14,"Plan Rows": 5,"Plan Width": 24,"Actual Startup Time": 0.016,"Actual Total Time": 0.017,"Actual Rows": 1,"Actual Loops": 120540,"Index Cond": "(l_orderkey = orders.o_orderkey)","Rows Removed by Index Recheck": 0,"Filter": "((l_shipdate >= '1995-01-01'::date) AND (l_shipdate <= '1996-12-31'::date))","Rows Removed by Filter": 3,"Workers": []}]},{"Node Type": "Hash","Parent Relationship": "Inner","Parallel Aware": false,"Async Capable": false,"Startup Cost": 354.10,"Total Cost": 354.10,"Plan Rows": 784,"Plan Width": 108,"Actual Startup Time": 6.834,"Actual Total Time": 6.845,"Actual Rows": 778,"Actual Loops": 3,"Hash Buckets": 1024,"Original Hash Buckets": 1024,"Hash Batches": 1,"Original Hash Batches": 1,"Peak Memory Usage": 56,"Workers": [],"Plans": [{"Node Type": "Hash Join","Parent Relationship": "Outer","Parallel Aware": false,"Async Capable": false,"Join Type": "Inner","Startup Cost": 1.40,"Total Cost": 354.10,"Plan Rows": 784,"Plan Width": 108,"Actual Startup Time": 0.088,"Actual Total Time": 6.674,"Actual Rows": 778,"Actual Loops": 3,"Inner Unique": true,"Hash Cond": "(supplier.s_nationkey = n1.n_nationkey)","Workers": [],"Plans": [{"Node Type": "Seq Scan","Parent Relationship": "Outer","Parallel Aware": false,"Async Capable": false,"Relation Name": "supplier","Alias": "supplier","Startup Cost": 0.00,"Total Cost": 322.00,"Plan Rows": 10000,"Plan Width": 8,"Actual Startup Time": 0.030,"Actual Total Time": 3.533,"Actual Rows": 10000,"Actual Loops": 3,"Workers": []},{"Node Type": "Hash","Parent Relationship": "Inner","Parallel Aware": false,"Async Capable": false,"Startup Cost": 1.38,"Total Cost": 1.38,"Plan Rows": 2,"Plan Width": 108,"Actual Startup Time": 0.019,"Actual Total Time": 0.024,"Actual Rows": 2,"Actual Loops": 3,"Hash Buckets": 1024,"Original Hash Buckets": 1024,"Hash Batches": 1,"Original Hash Batches": 1,"Peak Memory Usage": 9,"Workers": [],"Plans": [{"Node Type": "Seq Scan","Parent Relationship": "Outer","Parallel Aware": false,"Async Capable": false,"Relation Name": "nation","Alias": "n1","Startup Cost": 0.00,"Total Cost": 1.38,"Plan Rows": 2,"Plan Width": 108,"Actual Startup Time": 0.007,"Actual Total Time": 0.013,"Actual Rows": 2,"Actual Loops": 3,"Filter": "((n_name = 'KENYA'::bpchar) OR (n_name = 'FRANCE'::bpchar))","Rows Removed by Filter": 23,"Workers": []}]}]}]}]}]}]}]}]},"Planning Time": 9.143,"Triggers": [],"Execution Time": 983.737}]
[{"Plan": {"Node Type": "Aggregate","Strategy": "Sorted","Partial Mode": "Finalize","Parallel Aware": false,"Async Capable": false,"Startup Cost": 72556.41,"Total Cost": 73352.71,"Plan Rows": 5893,"Plan Width": 272,"Actual Startup Time": 926.774,"Actual Total Time": 984.418,"Actual Rows": 4,"Actual Loops": 1,"Group Key": ["n1.n_name", "n2.n_name", "(EXTRACT(year FROM lineitem.l_shipdate))"],"Plans": [{"Node Type": "Gather Merge","Parent Relationship": "Outer","Parallel Aware": false,"Async Capable": false,"Startup Cost": 72556.41,"Total Cost": 73202.94,"Plan Rows": 4910,"Plan Width": 272,"Actual Startup Time": 926.354,"Actual Total Time": 984.338,"Actual Rows": 12,"Actual Loops": 1,"Workers Planned": 2,"Workers Launched": 2,"Plans": [{"Node Type": "Aggregate","Strategy": "Sorted","Partial Mode": "Partial","Parent Relationship": "Outer","Parallel Aware": false,"Async Capable": false,"Startup Cost": 71556.39,"Total Cost": 71636.18,"Plan Rows": 2455,"Plan Width": 272,"Actual Startup Time": 918.256,"Actual Total Time": 918.979,"Actual Rows": 4,"Actual Loops": 3,"Group Key": ["n1.n_name", "n2.n_name", "(EXTRACT(year FROM lineitem.l_shipdate))"],"Workers": [],"Plans": [{"Node Type": "Sort","Parent Relationship": "Outer","Parallel Aware": false,"Async Capable": false,"Startup Cost": 71556.39,"Total Cost": 71562.53,"Plan Rows": 2455,"Plan Width": 252,"Actual Startup Time": 918.018,"Actual Total Time": 918.124,"Actual Rows": 1908,"Actual Loops": 3,"Sort Key": ["n1.n_name", "n2.n_name", "(EXTRACT(year FROM lineitem.l_shipdate))"],"Sort Method": "quicksort","Sort Space Used": 258,"Sort Space Type": "Memory","Workers": [{"Worker Number": 0,"Sort Method": "quicksort","Sort Space Used": 255,"Sort Space Type": "Memory"},{"Worker Number": 1,"Sort Method": "quicksort","Sort Space Used": 259,"Sort Space Type": "Memory"}],"Plans": [{"Node Type": "Hash Join","Parent Relationship": "Outer","Parallel Aware": false,"Async Capable": false,"Join Type": "Inner","Startup Cost": 366.16,"Total Cost": 71418.15,"Plan Rows": 2455,"Plan Width": 252,"Actual Startup Time": 9.710,"Actual Total Time": 916.179,"Actual Rows": 1908,"Actual Loops": 3,"Inner Unique": false,"Hash Cond": "(lineitem.l_suppkey = supplier.s_suppkey)","Join Filter": "(((n1.n_name = 'INDIA'::bpchar) AND (n2.n_name = 'ETHIOPIA'::bpchar)) OR ((n1.n_name = 'ETHIOPIA'::bpchar) AND (n2.n_name = 'INDIA'::bpchar)))","Rows Removed by Join Filter": 1947,"Workers": [],"Plans": [{"Node Type": "Nested Loop","Parent Relationship": "Outer","Parallel Aware": false,"Async Capable": false,"Join Type": "Inner","Startup Cost": 2.26,"Total Cost": 70727.78,"Plan Rows": 60250,"Plan Width": 124,"Actual Startup Time": 0.874,"Actual Total Time": 901.354,"Actual Rows": 48483,"Actual Loops": 3,"Inner Unique": false,"Workers": [],"Plans": [{"Node Type": "Nested Loop","Parent Relationship": "Outer","Parallel Aware": false,"Async Capable": false,"Join Type": "Inner","Startup Cost": 1.83,"Total Cost": 12400.01,"Plan Rows": 49000,"Plan Width": 108,"Actual Startup Time": 0.381,"Actual Total Time": 227.274,"Actual Rows": 39844,"Actual Loops": 3,"Inner Unique": false,"Workers": [],"Plans": [{"Node Type": "Hash Join","Parent Relationship": "Outer","Parallel Aware": false,"Async Capable": false,"Join Type": "Inner","Startup Cost": 1.40,"Total Cost": 4403.27,"Plan Rows": 4900,"Plan Width": 108,"Actual Startup Time": 0.240,"Actual Total Time": 47.941,"Actual Rows": 3998,"Actual Loops": 3,"Inner Unique": true,"Hash Cond": "(customer.c_nationkey = n2.n_nationkey)","Workers": [],"Plans": [{"Node Type": "Seq Scan","Parent Relationship": "Outer","Parallel Aware": true,"Async Capable": false,"Relation Name": "customer","Alias": "customer","Startup Cost": 0.00,"Total Cost": 4210.00,"Plan Rows": 62500,"Plan Width": 8,"Actual Startup Time": 0.017,"Actual Total Time": 9.740,"Actual Rows": 50000,"Actual Loops": 3,"Workers": []},{"Node Type": "Hash","Parent Relationship": "Inner","Parallel Aware": false,"Async Capable": false,"Startup Cost": 1.38,"Total Cost": 1.38,"Plan Rows": 2,"Plan Width": 108,"Actual Startup Time": 0.095,"Actual Total Time": 0.099,"Actual Rows": 2,"Actual Loops": 3,"Hash Buckets": 1024,"Original Hash Buckets": 1024,"Hash Batches": 1,"Original Hash Batches": 1,"Peak Memory Usage": 9,"Workers": [],"Plans": [{"Node Type": "Seq Scan","Parent Relationship": "Outer","Parallel Aware": false,"Async Capable": false,"Relation Name": "nation","Alias": "n2","Startup Cost": 0.00,"Total Cost": 1.38,"Plan Rows": 2,"Plan Width": 108,"Actual Startup Time": 0.075,"Actual Total Time": 0.082,"Actual Rows": 2,"Actual Loops": 3,"Filter": "((n_name = 'ETHIOPIA'::bpchar) OR (n_name = 'INDIA'::bpchar))","Rows Removed by Filter": 23,"Workers": []}]}]},{"Node Type": "Index Scan","Parent Relationship": "Inner","Parallel Aware": false,"Async Capable": false,"Scan Direction": "Forward","Index Name": "idx_orders_custkey","Relation Name": "orders","Alias": "orders","Startup Cost": 0.43,"Total Cost": 1.46,"Plan Rows": 17,"Plan Width": 8,"Actual Startup Time": 0.007,"Actual Total Time": 0.044,"Actual Rows": 10,"Actual Loops": 11994,"Index Cond": "(o_custkey = customer.c_custkey)","Rows Removed by Index Recheck": 0,"Workers": []}]},{"Node Type": "Index Scan","Parent Relationship": "Inner","Parallel Aware": false,"Async Capable": false,"Scan Direction": "Forward","Index Name": "idx_lineitem_orderkey","Relation Name": "lineitem","Alias": "lineitem","Startup Cost": 0.43,"Total Cost": 1.14,"Plan Rows": 5,"Plan Width": 24,"Actual Startup Time": 0.016,"Actual Total Time": 0.017,"Actual Rows": 1,"Actual Loops": 119533,"Index Cond": "(l_orderkey = orders.o_orderkey)","Rows Removed by Index Recheck": 0,"Filter": "((l_shipdate >= '1995-01-01'::date) AND (l_shipdate <= '1996-12-31'::date))","Rows Removed by Filter": 3,"Workers": []}]},{"Node Type": "Hash","Parent Relationship": "Inner","Parallel Aware": false,"Async Capable": false,"Startup Cost": 354.10,"Total Cost": 354.10,"Plan Rows": 784,"Plan Width": 108,"Actual Startup Time": 7.694,"Actual Total Time": 7.710,"Actual Rows": 795,"Actual Loops": 3,"Hash Buckets": 1024,"Original Hash Buckets": 1024,"Hash Batches": 1,"Original Hash Batches": 1,"Peak Memory Usage": 57,"Workers": [],"Plans": [{"Node Type": "Hash Join","Parent Relationship": "Outer","Parallel Aware": false,"Async Capable": false,"Join Type": "Inner","Startup Cost": 1.40,"Total Cost": 354.10,"Plan Rows": 784,"Plan Width": 108,"Actual Startup Time": 0.093,"Actual Total Time": 7.479,"Actual Rows": 795,"Actual Loops": 3,"Inner Unique": true,"Hash Cond": "(supplier.s_nationkey = n1.n_nationkey)","Workers": [],"Plans": [{"Node Type": "Seq Scan","Parent Relationship": "Outer","Parallel Aware": false,"Async Capable": false,"Relation Name": "supplier","Alias": "supplier","Startup Cost": 0.00,"Total Cost": 322.00,"Plan Rows": 10000,"Plan Width": 8,"Actual Startup Time": 0.035,"Actual Total Time": 3.985,"Actual Rows": 10000,"Actual Loops": 3,"Workers": []},{"Node Type": "Hash","Parent Relationship": "Inner","Parallel Aware": false,"Async Capable": false,"Startup Cost": 1.38,"Total Cost": 1.38,"Plan Rows": 2,"Plan Width": 108,"Actual Startup Time": 0.024,"Actual Total Time": 0.029,"Actual Rows": 2,"Actual Loops": 3,"Hash Buckets": 1024,"Original Hash Buckets": 1024,"Hash Batches": 1,"Original Hash Batches": 1,"Peak Memory Usage": 9,"Workers": [],"Plans": [{"Node Type": "Seq Scan","Parent Relationship": "Outer","Parallel Aware": false,"Async Capable": false,"Relation Name": "nation","Alias": "n1","Startup Cost": 0.00,"Total Cost": 1.38,"Plan Rows": 2,"Plan Width": 108,"Actual Startup Time": 0.011,"Actual Total Time": 0.018,"Actual Rows": 2,"Actual Loops": 3,"Filter": "((n_name = 'INDIA'::bpchar) OR (n_name = 'ETHIOPIA'::bpchar))","Rows Removed by Filter": 23,"Workers": []}]}]}]}]}]}]}]}]},"Planning Time": 9.204,"Triggers": [],"Execution Time": 984.901}]
[{"Plan": {"Node Type": "Aggregate","Strategy": "Sorted","Partial Mode": "Finalize","Parallel Aware": false,"Async Capable": false,"Startup Cost": 72556.41,"Total Cost": 73352.71,"Plan Rows": 5893,"Plan Width": 272,"Actual Startup Time": 914.101,"Actual Total Time": 958.175,"Actual Rows": 4,"Actual Loops": 1,"Group Key": ["n1.n_name", "n2.n_name", "(EXTRACT(year FROM lineitem.l_shipdate))"],"Plans": [{"Node Type": "Gather Merge","Parent Relationship": "Outer","Parallel Aware": false,"Async Capable": false,"Startup Cost": 72556.41,"Total Cost": 73202.94,"Plan Rows": 4910,"Plan Width": 272,"Actual Startup Time": 913.744,"Actual Total Time": 958.104,"Actual Rows": 12,"Actual Loops": 1,"Workers Planned": 2,"Workers Launched": 2,"Plans": [{"Node Type": "Aggregate","Strategy": "Sorted","Partial Mode": "Partial","Parent Relationship": "Outer","Parallel Aware": false,"Async Capable": false,"Startup Cost": 71556.39,"Total Cost": 71636.18,"Plan Rows": 2455,"Plan Width": 272,"Actual Startup Time": 905.459,"Actual Total Time": 906.152,"Actual Rows": 4,"Actual Loops": 3,"Group Key": ["n1.n_name", "n2.n_name", "(EXTRACT(year FROM lineitem.l_shipdate))"],"Workers": [],"Plans": [{"Node Type": "Sort","Parent Relationship": "Outer","Parallel Aware": false,"Async Capable": false,"Startup Cost": 71556.39,"Total Cost": 71562.53,"Plan Rows": 2455,"Plan Width": 252,"Actual Startup Time": 905.174,"Actual Total Time": 905.283,"Actual Rows": 1959,"Actual Loops": 3,"Sort Key": ["n1.n_name", "n2.n_name", "(EXTRACT(year FROM lineitem.l_shipdate))"],"Sort Method": "quicksort","Sort Space Used": 327,"Sort Space Type": "Memory","Workers": [{"Worker Number": 0,"Sort Method": "quicksort","Sort Space Used": 254,"Sort Space Type": "Memory"},{"Worker Number": 1,"Sort Method": "quicksort","Sort Space Used": 255,"Sort Space Type": "Memory"}],"Plans": [{"Node Type": "Hash Join","Parent Relationship": "Outer","Parallel Aware": false,"Async Capable": false,"Join Type": "Inner","Startup Cost": 366.16,"Total Cost": 71418.15,"Plan Rows": 2455,"Plan Width": 252,"Actual Startup Time": 12.958,"Actual Total Time": 903.336,"Actual Rows": 1959,"Actual Loops": 3,"Inner Unique": false,"Hash Cond": "(lineitem.l_suppkey = supplier.s_suppkey)","Join Filter": "(((n1.n_name = 'UNITED KINGDOM'::bpchar) AND (n2.n_name = 'ARGENTINA'::bpchar)) OR ((n1.n_name = 'ARGENTINA'::bpchar) AND (n2.n_name = 'UNITED KINGDOM'::bpchar)))","Rows Removed by Join Filter": 1964,"Workers": [],"Plans": [{"Node Type": "Nested Loop","Parent Relationship": "Outer","Parallel Aware": false,"Async Capable": false,"Join Type": "Inner","Startup Cost": 2.26,"Total Cost": 70727.78,"Plan Rows": 60250,"Plan Width": 124,"Actual Startup Time": 0.842,"Actual Total Time": 884.705,"Actual Rows": 48461,"Actual Loops": 3,"Inner Unique": false,"Workers": [],"Plans": [{"Node Type": "Nested Loop","Parent Relationship": "Outer","Parallel Aware": false,"Async Capable": false,"Join Type": "Inner","Startup Cost": 1.83,"Total Cost": 12400.01,"Plan Rows": 49000,"Plan Width": 108,"Actual Startup Time": 0.360,"Actual Total Time": 219.171,"Actual Rows": 39667,"Actual Loops": 3,"Inner Unique": false,"Workers": [],"Plans": [{"Node Type": "Hash Join","Parent Relationship": "Outer","Parallel Aware": false,"Async Capable": false,"Join Type": "Inner","Startup Cost": 1.40,"Total Cost": 4403.27,"Plan Rows": 4900,"Plan Width": 108,"Actual Startup Time": 0.205,"Actual Total Time": 43.824,"Actual Rows": 3995,"Actual Loops": 3,"Inner Unique": true,"Hash Cond": "(customer.c_nationkey = n2.n_nationkey)","Workers": [],"Plans": [{"Node Type": "Seq Scan","Parent Relationship": "Outer","Parallel Aware": true,"Async Capable": false,"Relation Name": "customer","Alias": "customer","Startup Cost": 0.00,"Total Cost": 4210.00,"Plan Rows": 62500,"Plan Width": 8,"Actual Startup Time": 0.017,"Actual Total Time": 9.077,"Actual Rows": 50000,"Actual Loops": 3,"Workers": []},{"Node Type": "Hash","Parent Relationship": "Inner","Parallel Aware": false,"Async Capable": false,"Startup Cost": 1.38,"Total Cost": 1.38,"Plan Rows": 2,"Plan Width": 108,"Actual Startup Time": 0.082,"Actual Total Time": 0.088,"Actual Rows": 2,"Actual Loops": 3,"Hash Buckets": 1024,"Original Hash Buckets": 1024,"Hash Batches": 1,"Original Hash Batches": 1,"Peak Memory Usage": 9,"Workers": [],"Plans": [{"Node Type": "Seq Scan","Parent Relationship": "Outer","Parallel Aware": false,"Async Capable": false,"Relation Name": "nation","Alias": "n2","Startup Cost": 0.00,"Total Cost": 1.38,"Plan Rows": 2,"Plan Width": 108,"Actual Startup Time": 0.058,"Actual Total Time": 0.068,"Actual Rows": 2,"Actual Loops": 3,"Filter": "((n_name = 'ARGENTINA'::bpchar) OR (n_name = 'UNITED KINGDOM'::bpchar))","Rows Removed by Filter": 23,"Workers": []}]}]},{"Node Type": "Index Scan","Parent Relationship": "Inner","Parallel Aware": false,"Async Capable": false,"Scan Direction": "Forward","Index Name": "idx_orders_custkey","Relation Name": "orders","Alias": "orders","Startup Cost": 0.43,"Total Cost": 1.46,"Plan Rows": 17,"Plan Width": 8,"Actual Startup Time": 0.007,"Actual Total Time": 0.043,"Actual Rows": 10,"Actual Loops": 11986,"Index Cond": "(o_custkey = customer.c_custkey)","Rows Removed by Index Recheck": 0,"Workers": []}]},{"Node Type": "Index Scan","Parent Relationship": "Inner","Parallel Aware": false,"Async Capable": false,"Scan Direction": "Forward","Index Name": "idx_lineitem_orderkey","Relation Name": "lineitem","Alias": "lineitem","Startup Cost": 0.43,"Total Cost": 1.14,"Plan Rows": 5,"Plan Width": 24,"Actual Startup Time": 0.016,"Actual Total Time": 0.017,"Actual Rows": 1,"Actual Loops": 119002,"Index Cond": "(l_orderkey = orders.o_orderkey)","Rows Removed by Index Recheck": 0,"Filter": "((l_shipdate >= '1995-01-01'::date) AND (l_shipdate <= '1996-12-31'::date))","Rows Removed by Filter": 3,"Workers": []}]},{"Node Type": "Hash","Parent Relationship": "Inner","Parallel Aware": false,"Async Capable": false,"Startup Cost": 354.10,"Total Cost": 354.10,"Plan Rows": 784,"Plan Width": 108,"Actual Startup Time": 11.653,"Actual Total Time": 11.669,"Actual Rows": 803,"Actual Loops": 3,"Hash Buckets": 1024,"Original Hash Buckets": 1024,"Hash Batches": 1,"Original Hash Batches": 1,"Peak Memory Usage": 57,"Workers": [],"Plans": [{"Node Type": "Hash Join","Parent Relationship": "Outer","Parallel Aware": false,"Async Capable": false,"Join Type": "Inner","Startup Cost": 1.40,"Total Cost": 354.10,"Plan Rows": 784,"Plan Width": 108,"Actual Startup Time": 0.091,"Actual Total Time": 11.468,"Actual Rows": 803,"Actual Loops": 3,"Inner Unique": true,"Hash Cond": "(supplier.s_nationkey = n1.n_nationkey)","Workers": [],"Plans": [{"Node Type": "Seq Scan","Parent Relationship": "Outer","Parallel Aware": false,"Async Capable": false,"Relation Name": "supplier","Alias": "supplier","Startup Cost": 0.00,"Total Cost": 322.00,"Plan Rows": 10000,"Plan Width": 8,"Actual Startup Time": 0.037,"Actual Total Time": 4.559,"Actual Rows": 10000,"Actual Loops": 3,"Workers": []},{"Node Type": "Hash","Parent Relationship": "Inner","Parallel Aware": false,"Async Capable": false,"Startup Cost": 1.38,"Total Cost": 1.38,"Plan Rows": 2,"Plan Width": 108,"Actual Startup Time": 0.020,"Actual Total Time": 0.025,"Actual Rows": 2,"Actual Loops": 3,"Hash Buckets": 1024,"Original Hash Buckets": 1024,"Hash Batches": 1,"Original Hash Batches": 1,"Peak Memory Usage": 9,"Workers": [],"Plans": [{"Node Type": "Seq Scan","Parent Relationship": "Outer","Parallel Aware": false,"Async Capable": false,"Relation Name": "nation","Alias": "n1","Startup Cost": 0.00,"Total Cost": 1.38,"Plan Rows": 2,"Plan Width": 108,"Actual Startup Time": 0.005,"Actual Total Time": 0.014,"Actual Rows": 2,"Actual Loops": 3,"Filter": "((n_name = 'UNITED KINGDOM'::bpchar) OR (n_name = 'ARGENTINA'::bpchar))","Rows Removed by Filter": 23,"Workers": []}]}]}]}]}]}]}]}]},"Planning Time": 8.321,"Triggers": [],"Execution Time": 958.628}]
[{"Plan": {"Node Type": "Aggregate","Strategy": "Sorted","Partial Mode": "Finalize","Parallel Aware": false,"Async Capable": false,"Startup Cost": 72556.41,"Total Cost": 73352.71,"Plan Rows": 5893,"Plan Width": 272,"Actual Startup Time": 923.051,"Actual Total Time": 979.245,"Actual Rows": 4,"Actual Loops": 1,"Group Key": ["n1.n_name", "n2.n_name", "(EXTRACT(year FROM lineitem.l_shipdate))"],"Plans": [{"Node Type": "Gather Merge","Parent Relationship": "Outer","Parallel Aware": false,"Async Capable": false,"Startup Cost": 72556.41,"Total Cost": 73202.94,"Plan Rows": 4910,"Plan Width": 272,"Actual Startup Time": 922.127,"Actual Total Time": 979.175,"Actual Rows": 12,"Actual Loops": 1,"Workers Planned": 2,"Workers Launched": 2,"Plans": [{"Node Type": "Aggregate","Strategy": "Sorted","Partial Mode": "Partial","Parent Relationship": "Outer","Parallel Aware": false,"Async Capable": false,"Startup Cost": 71556.39,"Total Cost": 71636.18,"Plan Rows": 2455,"Plan Width": 272,"Actual Startup Time": 914.544,"Actual Total Time": 915.468,"Actual Rows": 4,"Actual Loops": 3,"Group Key": ["n1.n_name", "n2.n_name", "(EXTRACT(year FROM lineitem.l_shipdate))"],"Workers": [],"Plans": [{"Node Type": "Sort","Parent Relationship": "Outer","Parallel Aware": false,"Async Capable": false,"Startup Cost": 71556.39,"Total Cost": 71562.53,"Plan Rows": 2455,"Plan Width": 252,"Actual Startup Time": 914.250,"Actual Total Time": 914.375,"Actual Rows": 1971,"Actual Loops": 3,"Sort Key": ["n1.n_name", "n2.n_name", "(EXTRACT(year FROM lineitem.l_shipdate))"],"Sort Method": "quicksort","Sort Space Used": 258,"Sort Space Type": "Memory","Workers": [{"Worker Number": 0,"Sort Method": "quicksort","Sort Space Used": 267,"Sort Space Type": "Memory"},{"Worker Number": 1,"Sort Method": "quicksort","Sort Space Used": 267,"Sort Space Type": "Memory"}],"Plans": [{"Node Type": "Hash Join","Parent Relationship": "Outer","Parallel Aware": false,"Async Capable": false,"Join Type": "Inner","Startup Cost": 366.16,"Total Cost": 71418.15,"Plan Rows": 2455,"Plan Width": 252,"Actual Startup Time": 8.991,"Actual Total Time": 912.466,"Actual Rows": 1971,"Actual Loops": 3,"Inner Unique": false,"Hash Cond": "(lineitem.l_suppkey = supplier.s_suppkey)","Join Filter": "(((n1.n_name = 'IRAQ'::bpchar) AND (n2.n_name = 'JORDAN'::bpchar)) OR ((n1.n_name = 'JORDAN'::bpchar) AND (n2.n_name = 'IRAQ'::bpchar)))","Rows Removed by Join Filter": 1967,"Workers": [],"Plans": [{"Node Type": "Nested Loop","Parent Relationship": "Outer","Parallel Aware": false,"Async Capable": false,"Join Type": "Inner","Startup Cost": 2.26,"Total Cost": 70727.78,"Plan Rows": 60250,"Plan Width": 124,"Actual Startup Time": 0.430,"Actual Total Time": 896.847,"Actual Rows": 48623,"Actual Loops": 3,"Inner Unique": false,"Workers": [],"Plans": [{"Node Type": "Nested Loop","Parent Relationship": "Outer","Parallel Aware": false,"Async Capable": false,"Join Type": "Inner","Startup Cost": 1.83,"Total Cost": 12400.01,"Plan Rows": 49000,"Plan Width": 108,"Actual Startup Time": 0.304,"Actual Total Time": 224.729,"Actual Rows": 39879,"Actual Loops": 3,"Inner Unique": false,"Workers": [],"Plans": [{"Node Type": "Hash Join","Parent Relationship": "Outer","Parallel Aware": false,"Async Capable": false,"Join Type": "Inner","Startup Cost": 1.40,"Total Cost": 4403.27,"Plan Rows": 4900,"Plan Width": 108,"Actual Startup Time": 0.152,"Actual Total Time": 46.833,"Actual Rows": 3999,"Actual Loops": 3,"Inner Unique": true,"Hash Cond": "(customer.c_nationkey = n2.n_nationkey)","Workers": [],"Plans": [{"Node Type": "Seq Scan","Parent Relationship": "Outer","Parallel Aware": true,"Async Capable": false,"Relation Name": "customer","Alias": "customer","Startup Cost": 0.00,"Total Cost": 4210.00,"Plan Rows": 62500,"Plan Width": 8,"Actual Startup Time": 0.014,"Actual Total Time": 9.475,"Actual Rows": 50000,"Actual Loops": 3,"Workers": []},{"Node Type": "Hash","Parent Relationship": "Inner","Parallel Aware": false,"Async Capable": false,"Startup Cost": 1.38,"Total Cost": 1.38,"Plan Rows": 2,"Plan Width": 108,"Actual Startup Time": 0.063,"Actual Total Time": 0.070,"Actual Rows": 2,"Actual Loops": 3,"Hash Buckets": 1024,"Original Hash Buckets": 1024,"Hash Batches": 1,"Original Hash Batches": 1,"Peak Memory Usage": 9,"Workers": [],"Plans": [{"Node Type": "Seq Scan","Parent Relationship": "Outer","Parallel Aware": false,"Async Capable": false,"Relation Name": "nation","Alias": "n2","Startup Cost": 0.00,"Total Cost": 1.38,"Plan Rows": 2,"Plan Width": 108,"Actual Startup Time": 0.045,"Actual Total Time": 0.050,"Actual Rows": 2,"Actual Loops": 3,"Filter": "((n_name = 'JORDAN'::bpchar) OR (n_name = 'IRAQ'::bpchar))","Rows Removed by Filter": 23,"Workers": []}]}]},{"Node Type": "Index Scan","Parent Relationship": "Inner","Parallel Aware": false,"Async Capable": false,"Scan Direction": "Forward","Index Name": "idx_orders_custkey","Relation Name": "orders","Alias": "orders","Startup Cost": 0.43,"Total Cost": 1.46,"Plan Rows": 17,"Plan Width": 8,"Actual Startup Time": 0.007,"Actual Total Time": 0.043,"Actual Rows": 10,"Actual Loops": 11996,"Index Cond": "(o_custkey = customer.c_custkey)","Rows Removed by Index Recheck": 0,"Workers": []}]},{"Node Type": "Index Scan","Parent Relationship": "Inner","Parallel Aware": false,"Async Capable": false,"Scan Direction": "Forward","Index Name": "idx_lineitem_orderkey","Relation Name": "lineitem","Alias": "lineitem","Startup Cost": 0.43,"Total Cost": 1.14,"Plan Rows": 5,"Plan Width": 24,"Actual Startup Time": 0.016,"Actual Total Time": 0.017,"Actual Rows": 1,"Actual Loops": 119638,"Index Cond": "(l_orderkey = orders.o_orderkey)","Rows Removed by Index Recheck": 0,"Filter": "((l_shipdate >= '1995-01-01'::date) AND (l_shipdate <= '1996-12-31'::date))","Rows Removed by Filter": 3,"Workers": []}]},{"Node Type": "Hash","Parent Relationship": "Inner","Parallel Aware": false,"Async Capable": false,"Startup Cost": 354.10,"Total Cost": 354.10,"Plan Rows": 784,"Plan Width": 108,"Actual Startup Time": 8.375,"Actual Total Time": 8.388,"Actual Rows": 800,"Actual Loops": 3,"Hash Buckets": 1024,"Original Hash Buckets": 1024,"Hash Batches": 1,"Original Hash Batches": 1,"Peak Memory Usage": 57,"Workers": [],"Plans": [{"Node Type": "Hash Join","Parent Relationship": "Outer","Parallel Aware": false,"Async Capable": false,"Join Type": "Inner","Startup Cost": 1.40,"Total Cost": 354.10,"Plan Rows": 784,"Plan Width": 108,"Actual Startup Time": 0.081,"Actual Total Time": 8.158,"Actual Rows": 800,"Actual Loops": 3,"Inner Unique": true,"Hash Cond": "(supplier.s_nationkey = n1.n_nationkey)","Workers": [],"Plans": [{"Node Type": "Seq Scan","Parent Relationship": "Outer","Parallel Aware": false,"Async Capable": false,"Relation Name": "supplier","Alias": "supplier","Startup Cost": 0.00,"Total Cost": 322.00,"Plan Rows": 10000,"Plan Width": 8,"Actual Startup Time": 0.040,"Actual Total Time": 4.475,"Actual Rows": 10000,"Actual Loops": 3,"Workers": []},{"Node Type": "Hash","Parent Relationship": "Inner","Parallel Aware": false,"Async Capable": false,"Startup Cost": 1.38,"Total Cost": 1.38,"Plan Rows": 2,"Plan Width": 108,"Actual Startup Time": 0.014,"Actual Total Time": 0.018,"Actual Rows": 2,"Actual Loops": 3,"Hash Buckets": 1024,"Original Hash Buckets": 1024,"Hash Batches": 1,"Original Hash Batches": 1,"Peak Memory Usage": 9,"Workers": [],"Plans": [{"Node Type": "Seq Scan","Parent Relationship": "Outer","Parallel Aware": false,"Async Capable": false,"Relation Name": "nation","Alias": "n1","Startup Cost": 0.00,"Total Cost": 1.38,"Plan Rows": 2,"Plan Width": 108,"Actual Startup Time": 0.007,"Actual Total Time": 0.011,"Actual Rows": 2,"Actual Loops": 3,"Filter": "((n_name = 'IRAQ'::bpchar) OR (n_name = 'JORDAN'::bpchar))","Rows Removed by Filter": 23,"Workers": []}]}]}]}]}]}]}]}]},"Planning Time": 9.255,"Triggers": [],"Execution Time": 979.691}]
[{"Plan": {"Node Type": "Aggregate","Strategy": "Sorted","Partial Mode": "Finalize","Parallel Aware": false,"Async Capable": false,"Startup Cost": 72556.41,"Total Cost": 73352.71,"Plan Rows": 5893,"Plan Width": 272,"Actual Startup Time": 923.908,"Actual Total Time": 967.855,"Actual Rows": 4,"Actual Loops": 1,"Group Key": ["n1.n_name", "n2.n_name", "(EXTRACT(year FROM lineitem.l_shipdate))"],"Plans": [{"Node Type": "Gather Merge","Parent Relationship": "Outer","Parallel Aware": false,"Async Capable": false,"Startup Cost": 72556.41,"Total Cost": 73202.94,"Plan Rows": 4910,"Plan Width": 272,"Actual Startup Time": 923.330,"Actual Total Time": 967.782,"Actual Rows": 12,"Actual Loops": 1,"Workers Planned": 2,"Workers Launched": 2,"Plans": [{"Node Type": "Aggregate","Strategy": "Sorted","Partial Mode": "Partial","Parent Relationship": "Outer","Parallel Aware": false,"Async Capable": false,"Startup Cost": 71556.39,"Total Cost": 71636.18,"Plan Rows": 2455,"Plan Width": 272,"Actual Startup Time": 914.633,"Actual Total Time": 915.441,"Actual Rows": 4,"Actual Loops": 3,"Group Key": ["n1.n_name", "n2.n_name", "(EXTRACT(year FROM lineitem.l_shipdate))"],"Workers": [],"Plans": [{"Node Type": "Sort","Parent Relationship": "Outer","Parallel Aware": false,"Async Capable": false,"Startup Cost": 71556.39,"Total Cost": 71562.53,"Plan Rows": 2455,"Plan Width": 252,"Actual Startup Time": 914.349,"Actual Total Time": 914.467,"Actual Rows": 1997,"Actual Loops": 3,"Sort Key": ["n1.n_name", "n2.n_name", "(EXTRACT(year FROM lineitem.l_shipdate))"],"Sort Method": "quicksort","Sort Space Used": 272,"Sort Space Type": "Memory","Workers": [{"Worker Number": 0,"Sort Method": "quicksort","Sort Space Used": 265,"Sort Space Type": "Memory"},{"Worker Number": 1,"Sort Method": "quicksort","Sort Space Used": 264,"Sort Space Type": "Memory"}],"Plans": [{"Node Type": "Hash Join","Parent Relationship": "Outer","Parallel Aware": false,"Async Capable": false,"Join Type": "Inner","Startup Cost": 366.16,"Total Cost": 71418.15,"Plan Rows": 2455,"Plan Width": 252,"Actual Startup Time": 13.087,"Actual Total Time": 912.522,"Actual Rows": 1997,"Actual Loops": 3,"Inner Unique": false,"Hash Cond": "(lineitem.l_suppkey = supplier.s_suppkey)","Join Filter": "(((n1.n_name = 'EGYPT'::bpchar) AND (n2.n_name = 'ROMANIA'::bpchar)) OR ((n1.n_name = 'ROMANIA'::bpchar) AND (n2.n_name = 'EGYPT'::bpchar)))","Rows Removed by Join Filter": 1980,"Workers": [],"Plans": [{"Node Type": "Nested Loop","Parent Relationship": "Outer","Parallel Aware": false,"Async Capable": false,"Join Type": "Inner","Startup Cost": 2.26,"Total Cost": 70727.78,"Plan Rows": 60250,"Plan Width": 124,"Actual Startup Time": 0.953,"Actual Total Time": 894.341,"Actual Rows": 48913,"Actual Loops": 3,"Inner Unique": false,"Workers": [],"Plans": [{"Node Type": "Nested Loop","Parent Relationship": "Outer","Parallel Aware": false,"Async Capable": false,"Join Type": "Inner","Startup Cost": 1.83,"Total Cost": 12400.01,"Plan Rows": 49000,"Plan Width": 108,"Actual Startup Time": 0.337,"Actual Total Time": 221.040,"Actual Rows": 40041,"Actual Loops": 3,"Inner Unique": false,"Workers": [],"Plans": [{"Node Type": "Hash Join","Parent Relationship": "Outer","Parallel Aware": false,"Async Capable": false,"Join Type": "Inner","Startup Cost": 1.40,"Total Cost": 4403.27,"Plan Rows": 4900,"Plan Width": 108,"Actual Startup Time": 0.205,"Actual Total Time": 43.100,"Actual Rows": 4032,"Actual Loops": 3,"Inner Unique": true,"Hash Cond": "(customer.c_nationkey = n2.n_nationkey)","Workers": [],"Plans": [{"Node Type": "Seq Scan","Parent Relationship": "Outer","Parallel Aware": true,"Async Capable": false,"Relation Name": "customer","Alias": "customer","Startup Cost": 0.00,"Total Cost": 4210.00,"Plan Rows": 62500,"Plan Width": 8,"Actual Startup Time": 0.017,"Actual Total Time": 9.115,"Actual Rows": 50000,"Actual Loops": 3,"Workers": []},{"Node Type": "Hash","Parent Relationship": "Inner","Parallel Aware": false,"Async Capable": false,"Startup Cost": 1.38,"Total Cost": 1.38,"Plan Rows": 2,"Plan Width": 108,"Actual Startup Time": 0.099,"Actual Total Time": 0.106,"Actual Rows": 2,"Actual Loops": 3,"Hash Buckets": 1024,"Original Hash Buckets": 1024,"Hash Batches": 1,"Original Hash Batches": 1,"Peak Memory Usage": 9,"Workers": [],"Plans": [{"Node Type": "Seq Scan","Parent Relationship": "Outer","Parallel Aware": false,"Async Capable": false,"Relation Name": "nation","Alias": "n2","Startup Cost": 0.00,"Total Cost": 1.38,"Plan Rows": 2,"Plan Width": 108,"Actual Startup Time": 0.071,"Actual Total Time": 0.081,"Actual Rows": 2,"Actual Loops": 3,"Filter": "((n_name = 'ROMANIA'::bpchar) OR (n_name = 'EGYPT'::bpchar))","Rows Removed by Filter": 23,"Workers": []}]}]},{"Node Type": "Index Scan","Parent Relationship": "Inner","Parallel Aware": false,"Async Capable": false,"Scan Direction": "Forward","Index Name": "idx_orders_custkey","Relation Name": "orders","Alias": "orders","Startup Cost": 0.43,"Total Cost": 1.46,"Plan Rows": 17,"Plan Width": 8,"Actual Startup Time": 0.007,"Actual Total Time": 0.043,"Actual Rows": 10,"Actual Loops": 12095,"Index Cond": "(o_custkey = customer.c_custkey)","Rows Removed by Index Recheck": 0,"Workers": []}]},{"Node Type": "Index Scan","Parent Relationship": "Inner","Parallel Aware": false,"Async Capable": false,"Scan Direction": "Forward","Index Name": "idx_lineitem_orderkey","Relation Name": "lineitem","Alias": "lineitem","Startup Cost": 0.43,"Total Cost": 1.14,"Plan Rows": 5,"Plan Width": 24,"Actual Startup Time": 0.016,"Actual Total Time": 0.017,"Actual Rows": 1,"Actual Loops": 120123,"Index Cond": "(l_orderkey = orders.o_orderkey)","Rows Removed by Index Recheck": 0,"Filter": "((l_shipdate >= '1995-01-01'::date) AND (l_shipdate <= '1996-12-31'::date))","Rows Removed by Filter": 3,"Workers": []}]},{"Node Type": "Hash","Parent Relationship": "Inner","Parallel Aware": false,"Async Capable": false,"Startup Cost": 354.10,"Total Cost": 354.10,"Plan Rows": 784,"Plan Width": 108,"Actual Startup Time": 10.997,"Actual Total Time": 11.017,"Actual Rows": 813,"Actual Loops": 3,"Hash Buckets": 1024,"Original Hash Buckets": 1024,"Hash Batches": 1,"Original Hash Batches": 1,"Peak Memory Usage": 58,"Workers": [],"Plans": [{"Node Type": "Hash Join","Parent Relationship": "Outer","Parallel Aware": false,"Async Capable": false,"Join Type": "Inner","Startup Cost": 1.40,"Total Cost": 354.10,"Plan Rows": 784,"Plan Width": 108,"Actual Startup Time": 0.104,"Actual Total Time": 10.821,"Actual Rows": 813,"Actual Loops": 3,"Inner Unique": true,"Hash Cond": "(supplier.s_nationkey = n1.n_nationkey)","Workers": [],"Plans": [{"Node Type": "Seq Scan","Parent Relationship": "Outer","Parallel Aware": false,"Async Capable": false,"Relation Name": "supplier","Alias": "supplier","Startup Cost": 0.00,"Total Cost": 322.00,"Plan Rows": 10000,"Plan Width": 8,"Actual Startup Time": 0.038,"Actual Total Time": 4.345,"Actual Rows": 10000,"Actual Loops": 3,"Workers": []},{"Node Type": "Hash","Parent Relationship": "Inner","Parallel Aware": false,"Async Capable": false,"Startup Cost": 1.38,"Total Cost": 1.38,"Plan Rows": 2,"Plan Width": 108,"Actual Startup Time": 0.019,"Actual Total Time": 0.026,"Actual Rows": 2,"Actual Loops": 3,"Hash Buckets": 1024,"Original Hash Buckets": 1024,"Hash Batches": 1,"Original Hash Batches": 1,"Peak Memory Usage": 9,"Workers": [],"Plans": [{"Node Type": "Seq Scan","Parent Relationship": "Outer","Parallel Aware": false,"Async Capable": false,"Relation Name": "nation","Alias": "n1","Startup Cost": 0.00,"Total Cost": 1.38,"Plan Rows": 2,"Plan Width": 108,"Actual Startup Time": 0.006,"Actual Total Time": 0.013,"Actual Rows": 2,"Actual Loops": 3,"Filter": "((n_name = 'EGYPT'::bpchar) OR (n_name = 'ROMANIA'::bpchar))","Rows Removed by Filter": 23,"Workers": []}]}]}]}]}]}]}]}]},"Planning Time": 7.601,"Triggers": [],"Execution Time": 968.240}]
[{"Plan": {"Node Type": "Aggregate","Strategy": "Sorted","Partial Mode": "Finalize","Parallel Aware": false,"Async Capable": false,"Startup Cost": 72556.41,"Total Cost": 73352.71,"Plan Rows": 5893,"Plan Width": 272,"Actual Startup Time": 929.587,"Actual Total Time": 973.497,"Actual Rows": 4,"Actual Loops": 1,"Group Key": ["n1.n_name", "n2.n_name", "(EXTRACT(year FROM lineitem.l_shipdate))"],"Plans": [{"Node Type": "Gather Merge","Parent Relationship": "Outer","Parallel Aware": false,"Async Capable": false,"Startup Cost": 72556.41,"Total Cost": 73202.94,"Plan Rows": 4910,"Plan Width": 272,"Actual Startup Time": 928.965,"Actual Total Time": 973.431,"Actual Rows": 12,"Actual Loops": 1,"Workers Planned": 2,"Workers Launched": 2,"Plans": [{"Node Type": "Aggregate","Strategy": "Sorted","Partial Mode": "Partial","Parent Relationship": "Outer","Parallel Aware": false,"Async Capable": false,"Startup Cost": 71556.39,"Total Cost": 71636.18,"Plan Rows": 2455,"Plan Width": 272,"Actual Startup Time": 921.068,"Actual Total Time": 921.850,"Actual Rows": 4,"Actual Loops": 3,"Group Key": ["n1.n_name", "n2.n_name", "(EXTRACT(year FROM lineitem.l_shipdate))"],"Workers": [],"Plans": [{"Node Type": "Sort","Parent Relationship": "Outer","Parallel Aware": false,"Async Capable": false,"Startup Cost": 71556.39,"Total Cost": 71562.53,"Plan Rows": 2455,"Plan Width": 252,"Actual Startup Time": 920.813,"Actual Total Time": 920.926,"Actual Rows": 1934,"Actual Loops": 3,"Sort Key": ["n1.n_name", "n2.n_name", "(EXTRACT(year FROM lineitem.l_shipdate))"],"Sort Method": "quicksort","Sort Space Used": 322,"Sort Space Type": "Memory","Workers": [{"Worker Number": 0,"Sort Method": "quicksort","Sort Space Used": 256,"Sort Space Type": "Memory"},{"Worker Number": 1,"Sort Method": "quicksort","Sort Space Used": 250,"Sort Space Type": "Memory"}],"Plans": [{"Node Type": "Hash Join","Parent Relationship": "Outer","Parallel Aware": false,"Async Capable": false,"Join Type": "Inner","Startup Cost": 366.16,"Total Cost": 71418.15,"Plan Rows": 2455,"Plan Width": 252,"Actual Startup Time": 11.583,"Actual Total Time": 919.038,"Actual Rows": 1934,"Actual Loops": 3,"Inner Unique": false,"Hash Cond": "(lineitem.l_suppkey = supplier.s_suppkey)","Join Filter": "(((n1.n_name = 'INDONESIA'::bpchar) AND (n2.n_name = 'MOROCCO'::bpchar)) OR ((n1.n_name = 'MOROCCO'::bpchar) AND (n2.n_name = 'INDONESIA'::bpchar)))","Rows Removed by Join Filter": 1944,"Workers": [],"Plans": [{"Node Type": "Nested Loop","Parent Relationship": "Outer","Parallel Aware": false,"Async Capable": false,"Join Type": "Inner","Startup Cost": 2.26,"Total Cost": 70727.78,"Plan Rows": 60250,"Plan Width": 124,"Actual Startup Time": 0.528,"Actual Total Time": 901.423,"Actual Rows": 49465,"Actual Loops": 3,"Inner Unique": false,"Workers": [],"Plans": [{"Node Type": "Nested Loop","Parent Relationship": "Outer","Parallel Aware": false,"Async Capable": false,"Join Type": "Inner","Startup Cost": 1.83,"Total Cost": 12400.01,"Plan Rows": 49000,"Plan Width": 108,"Actual Startup Time": 0.257,"Actual Total Time": 223.441,"Actual Rows": 40279,"Actual Loops": 3,"Inner Unique": false,"Workers": [],"Plans": [{"Node Type": "Hash Join","Parent Relationship": "Outer","Parallel Aware": false,"Async Capable": false,"Join Type": "Inner","Startup Cost": 1.40,"Total Cost": 4403.27,"Plan Rows": 4900,"Plan Width": 108,"Actual Startup Time": 0.142,"Actual Total Time": 45.221,"Actual Rows": 4027,"Actual Loops": 3,"Inner Unique": true,"Hash Cond": "(customer.c_nationkey = n2.n_nationkey)","Workers": [],"Plans": [{"Node Type": "Seq Scan","Parent Relationship": "Outer","Parallel Aware": true,"Async Capable": false,"Relation Name": "customer","Alias": "customer","Startup Cost": 0.00,"Total Cost": 4210.00,"Plan Rows": 62500,"Plan Width": 8,"Actual Startup Time": 0.011,"Actual Total Time": 9.020,"Actual Rows": 50000,"Actual Loops": 3,"Workers": []},{"Node Type": "Hash","Parent Relationship": "Inner","Parallel Aware": false,"Async Capable": false,"Startup Cost": 1.38,"Total Cost": 1.38,"Plan Rows": 2,"Plan Width": 108,"Actual Startup Time": 0.066,"Actual Total Time": 0.070,"Actual Rows": 2,"Actual Loops": 3,"Hash Buckets": 1024,"Original Hash Buckets": 1024,"Hash Batches": 1,"Original Hash Batches": 1,"Peak Memory Usage": 9,"Workers": [],"Plans": [{"Node Type": "Seq Scan","Parent Relationship": "Outer","Parallel Aware": false,"Async Capable": false,"Relation Name": "nation","Alias": "n2","Startup Cost": 0.00,"Total Cost": 1.38,"Plan Rows": 2,"Plan Width": 108,"Actual Startup Time": 0.052,"Actual Total Time": 0.057,"Actual Rows": 2,"Actual Loops": 3,"Filter": "((n_name = 'MOROCCO'::bpchar) OR (n_name = 'INDONESIA'::bpchar))","Rows Removed by Filter": 23,"Workers": []}]}]},{"Node Type": "Index Scan","Parent Relationship": "Inner","Parallel Aware": false,"Async Capable": false,"Scan Direction": "Forward","Index Name": "idx_orders_custkey","Relation Name": "orders","Alias": "orders","Startup Cost": 0.43,"Total Cost": 1.46,"Plan Rows": 17,"Plan Width": 8,"Actual Startup Time": 0.007,"Actual Total Time": 0.043,"Actual Rows": 10,"Actual Loops": 12082,"Index Cond": "(o_custkey = customer.c_custkey)","Rows Removed by Index Recheck": 0,"Workers": []}]},{"Node Type": "Index Scan","Parent Relationship": "Inner","Parallel Aware": false,"Async Capable": false,"Scan Direction": "Forward","Index Name": "idx_lineitem_orderkey","Relation Name": "lineitem","Alias": "lineitem","Startup Cost": 0.43,"Total Cost": 1.14,"Plan Rows": 5,"Plan Width": 24,"Actual Startup Time": 0.016,"Actual Total Time": 0.017,"Actual Rows": 1,"Actual Loops": 120836,"Index Cond": "(l_orderkey = orders.o_orderkey)","Rows Removed by Index Recheck": 0,"Filter": "((l_shipdate >= '1995-01-01'::date) AND (l_shipdate <= '1996-12-31'::date))","Rows Removed by Filter": 3,"Workers": []}]},{"Node Type": "Hash","Parent Relationship": "Inner","Parallel Aware": false,"Async Capable": false,"Startup Cost": 354.10,"Total Cost": 354.10,"Plan Rows": 784,"Plan Width": 108,"Actual Startup Time": 10.760,"Actual Total Time": 10.773,"Actual Rows": 778,"Actual Loops": 3,"Hash Buckets": 1024,"Original Hash Buckets": 1024,"Hash Batches": 1,"Original Hash Batches": 1,"Peak Memory Usage": 56,"Workers": [],"Plans": [{"Node Type": "Hash Join","Parent Relationship": "Outer","Parallel Aware": false,"Async Capable": false,"Join Type": "Inner","Startup Cost": 1.40,"Total Cost": 354.10,"Plan Rows": 784,"Plan Width": 108,"Actual Startup Time": 0.074,"Actual Total Time": 10.586,"Actual Rows": 778,"Actual Loops": 3,"Inner Unique": true,"Hash Cond": "(supplier.s_nationkey = n1.n_nationkey)","Workers": [],"Plans": [{"Node Type": "Seq Scan","Parent Relationship": "Outer","Parallel Aware": false,"Async Capable": false,"Relation Name": "supplier","Alias": "supplier","Startup Cost": 0.00,"Total Cost": 322.00,"Plan Rows": 10000,"Plan Width": 8,"Actual Startup Time": 0.026,"Actual Total Time": 4.433,"Actual Rows": 10000,"Actual Loops": 3,"Workers": []},{"Node Type": "Hash","Parent Relationship": "Inner","Parallel Aware": false,"Async Capable": false,"Startup Cost": 1.38,"Total Cost": 1.38,"Plan Rows": 2,"Plan Width": 108,"Actual Startup Time": 0.014,"Actual Total Time": 0.019,"Actual Rows": 2,"Actual Loops": 3,"Hash Buckets": 1024,"Original Hash Buckets": 1024,"Hash Batches": 1,"Original Hash Batches": 1,"Peak Memory Usage": 9,"Workers": [],"Plans": [{"Node Type": "Seq Scan","Parent Relationship": "Outer","Parallel Aware": false,"Async Capable": false,"Relation Name": "nation","Alias": "n1","Startup Cost": 0.00,"Total Cost": 1.38,"Plan Rows": 2,"Plan Width": 108,"Actual Startup Time": 0.007,"Actual Total Time": 0.011,"Actual Rows": 2,"Actual Loops": 3,"Filter": "((n_name = 'INDONESIA'::bpchar) OR (n_name = 'MOROCCO'::bpchar))","Rows Removed by Filter": 23,"Workers": []}]}]}]}]}]}]}]}]},"Planning Time": 9.229,"Triggers": [],"Execution Time": 973.939}]
[{"Plan": {"Node Type": "Aggregate","Strategy": "Sorted","Partial Mode": "Finalize","Parallel Aware": false,"Async Capable": false,"Startup Cost": 72556.41,"Total Cost": 73352.71,"Plan Rows": 5893,"Plan Width": 272,"Actual Startup Time": 931.883,"Actual Total Time": 977.796,"Actual Rows": 4,"Actual Loops": 1,"Group Key": ["n1.n_name", "n2.n_name", "(EXTRACT(year FROM lineitem.l_shipdate))"],"Plans": [{"Node Type": "Gather Merge","Parent Relationship": "Outer","Parallel Aware": false,"Async Capable": false,"Startup Cost": 72556.41,"Total Cost": 73202.94,"Plan Rows": 4910,"Plan Width": 272,"Actual Startup Time": 931.304,"Actual Total Time": 977.732,"Actual Rows": 12,"Actual Loops": 1,"Workers Planned": 2,"Workers Launched": 2,"Plans": [{"Node Type": "Aggregate","Strategy": "Sorted","Partial Mode": "Partial","Parent Relationship": "Outer","Parallel Aware": false,"Async Capable": false,"Startup Cost": 71556.39,"Total Cost": 71636.18,"Plan Rows": 2455,"Plan Width": 272,"Actual Startup Time": 923.456,"Actual Total Time": 924.256,"Actual Rows": 4,"Actual Loops": 3,"Group Key": ["n1.n_name", "n2.n_name", "(EXTRACT(year FROM lineitem.l_shipdate))"],"Workers": [],"Plans": [{"Node Type": "Sort","Parent Relationship": "Outer","Parallel Aware": false,"Async Capable": false,"Startup Cost": 71556.39,"Total Cost": 71562.53,"Plan Rows": 2455,"Plan Width": 252,"Actual Startup Time": 923.203,"Actual Total Time": 923.316,"Actual Rows": 1929,"Actual Loops": 3,"Sort Key": ["n1.n_name", "n2.n_name", "(EXTRACT(year FROM lineitem.l_shipdate))"],"Sort Method": "quicksort","Sort Space Used": 272,"Sort Space Type": "Memory","Workers": [{"Worker Number": 0,"Sort Method": "quicksort","Sort Space Used": 261,"Sort Space Type": "Memory"},{"Worker Number": 1,"Sort Method": "quicksort","Sort Space Used": 246,"Sort Space Type": "Memory"}],"Plans": [{"Node Type": "Hash Join","Parent Relationship": "Outer","Parallel Aware": false,"Async Capable": false,"Join Type": "Inner","Startup Cost": 366.16,"Total Cost": 71418.15,"Plan Rows": 2455,"Plan Width": 252,"Actual Startup Time": 14.069,"Actual Total Time": 921.477,"Actual Rows": 1929,"Actual Loops": 3,"Inner Unique": false,"Hash Cond": "(lineitem.l_suppkey = supplier.s_suppkey)","Join Filter": "(((n1.n_name = 'INDONESIA'::bpchar) AND (n2.n_name = 'JAPAN'::bpchar)) OR ((n1.n_name = 'JAPAN'::bpchar) AND (n2.n_name = 'INDONESIA'::bpchar)))","Rows Removed by Join Filter": 1925,"Workers": [],"Plans": [{"Node Type": "Nested Loop","Parent Relationship": "Outer","Parallel Aware": false,"Async Capable": false,"Join Type": "Inner","Startup Cost": 2.26,"Total Cost": 70727.78,"Plan Rows": 60250,"Plan Width": 124,"Actual Startup Time": 0.463,"Actual Total Time": 902.557,"Actual Rows": 49230,"Actual Loops": 3,"Inner Unique": false,"Workers": [],"Plans": [{"Node Type": "Nested Loop","Parent Relationship": "Outer","Parallel Aware": false,"Async Capable": false,"Join Type": "Inner","Startup Cost": 1.83,"Total Cost": 12400.01,"Plan Rows": 49000,"Plan Width": 108,"Actual Startup Time": 0.260,"Actual Total Time": 223.973,"Actual Rows": 40261,"Actual Loops": 3,"Inner Unique": false,"Workers": [],"Plans": [{"Node Type": "Hash Join","Parent Relationship": "Outer","Parallel Aware": false,"Async Capable": false,"Join Type": "Inner","Startup Cost": 1.40,"Total Cost": 4403.27,"Plan Rows": 4900,"Plan Width": 108,"Actual Startup Time": 0.151,"Actual Total Time": 44.033,"Actual Rows": 4036,"Actual Loops": 3,"Inner Unique": true,"Hash Cond": "(customer.c_nationkey = n2.n_nationkey)","Workers": [],"Plans": [{"Node Type": "Seq Scan","Parent Relationship": "Outer","Parallel Aware": true,"Async Capable": false,"Relation Name": "customer","Alias": "customer","Startup Cost": 0.00,"Total Cost": 4210.00,"Plan Rows": 62500,"Plan Width": 8,"Actual Startup Time": 0.011,"Actual Total Time": 9.210,"Actual Rows": 50000,"Actual Loops": 3,"Workers": []},{"Node Type": "Hash","Parent Relationship": "Inner","Parallel Aware": false,"Async Capable": false,"Startup Cost": 1.38,"Total Cost": 1.38,"Plan Rows": 2,"Plan Width": 108,"Actual Startup Time": 0.072,"Actual Total Time": 0.077,"Actual Rows": 2,"Actual Loops": 3,"Hash Buckets": 1024,"Original Hash Buckets": 1024,"Hash Batches": 1,"Original Hash Batches": 1,"Peak Memory Usage": 9,"Workers": [],"Plans": [{"Node Type": "Seq Scan","Parent Relationship": "Outer","Parallel Aware": false,"Async Capable": false,"Relation Name": "nation","Alias": "n2","Startup Cost": 0.00,"Total Cost": 1.38,"Plan Rows": 2,"Plan Width": 108,"Actual Startup Time": 0.054,"Actual Total Time": 0.058,"Actual Rows": 2,"Actual Loops": 3,"Filter": "((n_name = 'JAPAN'::bpchar) OR (n_name = 'INDONESIA'::bpchar))","Rows Removed by Filter": 23,"Workers": []}]}]},{"Node Type": "Index Scan","Parent Relationship": "Inner","Parallel Aware": false,"Async Capable": false,"Scan Direction": "Forward","Index Name": "idx_orders_custkey","Relation Name": "orders","Alias": "orders","Startup Cost": 0.43,"Total Cost": 1.46,"Plan Rows": 17,"Plan Width": 8,"Actual Startup Time": 0.007,"Actual Total Time": 0.043,"Actual Rows": 10,"Actual Loops": 12109,"Index Cond": "(o_custkey = customer.c_custkey)","Rows Removed by Index Recheck": 0,"Workers": []}]},{"Node Type": "Index Scan","Parent Relationship": "Inner","Parallel Aware": false,"Async Capable": false,"Scan Direction": "Forward","Index Name": "idx_lineitem_orderkey","Relation Name": "lineitem","Alias": "lineitem","Startup Cost": 0.43,"Total Cost": 1.14,"Plan Rows": 5,"Plan Width": 24,"Actual Startup Time": 0.016,"Actual Total Time": 0.017,"Actual Rows": 1,"Actual Loops": 120782,"Index Cond": "(l_orderkey = orders.o_orderkey)","Rows Removed by Index Recheck": 0,"Filter": "((l_shipdate >= '1995-01-01'::date) AND (l_shipdate <= '1996-12-31'::date))","Rows Removed by Filter": 3,"Workers": []}]},{"Node Type": "Hash","Parent Relationship": "Inner","Parallel Aware": false,"Async Capable": false,"Startup Cost": 354.10,"Total Cost": 354.10,"Plan Rows": 784,"Plan Width": 108,"Actual Startup Time": 11.861,"Actual Total Time": 11.868,"Actual Rows": 782,"Actual Loops": 3,"Hash Buckets": 1024,"Original Hash Buckets": 1024,"Hash Batches": 1,"Original Hash Batches": 1,"Peak Memory Usage": 56,"Workers": [],"Plans": [{"Node Type": "Hash Join","Parent Relationship": "Outer","Parallel Aware": false,"Async Capable": false,"Join Type": "Inner","Startup Cost": 1.40,"Total Cost": 354.10,"Plan Rows": 784,"Plan Width": 108,"Actual Startup Time": 0.084,"Actual Total Time": 11.671,"Actual Rows": 782,"Actual Loops": 3,"Inner Unique": true,"Hash Cond": "(supplier.s_nationkey = n1.n_nationkey)","Workers": [],"Plans": [{"Node Type": "Seq Scan","Parent Relationship": "Outer","Parallel Aware": false,"Async Capable": false,"Relation Name": "supplier","Alias": "supplier","Startup Cost": 0.00,"Total Cost": 322.00,"Plan Rows": 10000,"Plan Width": 8,"Actual Startup Time": 0.032,"Actual Total Time": 4.825,"Actual Rows": 10000,"Actual Loops": 3,"Workers": []},{"Node Type": "Hash","Parent Relationship": "Inner","Parallel Aware": false,"Async Capable": false,"Startup Cost": 1.38,"Total Cost": 1.38,"Plan Rows": 2,"Plan Width": 108,"Actual Startup Time": 0.014,"Actual Total Time": 0.018,"Actual Rows": 2,"Actual Loops": 3,"Hash Buckets": 1024,"Original Hash Buckets": 1024,"Hash Batches": 1,"Original Hash Batches": 1,"Peak Memory Usage": 9,"Workers": [],"Plans": [{"Node Type": "Seq Scan","Parent Relationship": "Outer","Parallel Aware": false,"Async Capable": false,"Relation Name": "nation","Alias": "n1","Startup Cost": 0.00,"Total Cost": 1.38,"Plan Rows": 2,"Plan Width": 108,"Actual Startup Time": 0.006,"Actual Total Time": 0.010,"Actual Rows": 2,"Actual Loops": 3,"Filter": "((n_name = 'INDONESIA'::bpchar) OR (n_name = 'JAPAN'::bpchar))","Rows Removed by Filter": 23,"Workers": []}]}]}]}]}]}]}]}]},"Planning Time": 8.848,"Triggers": [],"Execution Time": 978.201}]
[{"Plan": {"Node Type": "Aggregate","Strategy": "Sorted","Partial Mode": "Finalize","Parallel Aware": false,"Async Capable": false,"Startup Cost": 72556.41,"Total Cost": 73352.71,"Plan Rows": 5893,"Plan Width": 272,"Actual Startup Time": 929.511,"Actual Total Time": 974.206,"Actual Rows": 4,"Actual Loops": 1,"Group Key": ["n1.n_name", "n2.n_name", "(EXTRACT(year FROM lineitem.l_shipdate))"],"Plans": [{"Node Type": "Gather Merge","Parent Relationship": "Outer","Parallel Aware": false,"Async Capable": false,"Startup Cost": 72556.41,"Total Cost": 73202.94,"Plan Rows": 4910,"Plan Width": 272,"Actual Startup Time": 929.162,"Actual Total Time": 974.128,"Actual Rows": 12,"Actual Loops": 1,"Workers Planned": 2,"Workers Launched": 2,"Plans": [{"Node Type": "Aggregate","Strategy": "Sorted","Partial Mode": "Partial","Parent Relationship": "Outer","Parallel Aware": false,"Async Capable": false,"Startup Cost": 71556.39,"Total Cost": 71636.18,"Plan Rows": 2455,"Plan Width": 272,"Actual Startup Time": 921.422,"Actual Total Time": 922.119,"Actual Rows": 4,"Actual Loops": 3,"Group Key": ["n1.n_name", "n2.n_name", "(EXTRACT(year FROM lineitem.l_shipdate))"],"Workers": [],"Plans": [{"Node Type": "Sort","Parent Relationship": "Outer","Parallel Aware": false,"Async Capable": false,"Startup Cost": 71556.39,"Total Cost": 71562.53,"Plan Rows": 2455,"Plan Width": 252,"Actual Startup Time": 921.166,"Actual Total Time": 921.285,"Actual Rows": 1947,"Actual Loops": 3,"Sort Key": ["n1.n_name", "n2.n_name", "(EXTRACT(year FROM lineitem.l_shipdate))"],"Sort Method": "quicksort","Sort Space Used": 254,"Sort Space Type": "Memory","Workers": [{"Worker Number": 0,"Sort Method": "quicksort","Sort Space Used": 267,"Sort Space Type": "Memory"},{"Worker Number": 1,"Sort Method": "quicksort","Sort Space Used": 264,"Sort Space Type": "Memory"}],"Plans": [{"Node Type": "Hash Join","Parent Relationship": "Outer","Parallel Aware": false,"Async Capable": false,"Join Type": "Inner","Startup Cost": 366.16,"Total Cost": 71418.15,"Plan Rows": 2455,"Plan Width": 252,"Actual Startup Time": 11.078,"Actual Total Time": 919.337,"Actual Rows": 1947,"Actual Loops": 3,"Inner Unique": false,"Hash Cond": "(lineitem.l_suppkey = supplier.s_suppkey)","Join Filter": "(((n1.n_name = 'UNITED KINGDOM'::bpchar) AND (n2.n_name = 'CHINA'::bpchar)) OR ((n1.n_name = 'CHINA'::bpchar) AND (n2.n_name = 'UNITED KINGDOM'::bpchar)))","Rows Removed by Join Filter": 1971,"Workers": [],"Plans": [{"Node Type": "Nested Loop","Parent Relationship": "Outer","Parallel Aware": false,"Async Capable": false,"Join Type": "Inner","Startup Cost": 2.26,"Total Cost": 70727.78,"Plan Rows": 60250,"Plan Width": 124,"Actual Startup Time": 0.608,"Actual Total Time": 901.903,"Actual Rows": 48702,"Actual Loops": 3,"Inner Unique": false,"Workers": [],"Plans": [{"Node Type": "Nested Loop","Parent Relationship": "Outer","Parallel Aware": false,"Async Capable": false,"Join Type": "Inner","Startup Cost": 1.83,"Total Cost": 12400.01,"Plan Rows": 49000,"Plan Width": 108,"Actual Startup Time": 0.325,"Actual Total Time": 227.105,"Actual Rows": 40080,"Actual Loops": 3,"Inner Unique": false,"Workers": [],"Plans": [{"Node Type": "Hash Join","Parent Relationship": "Outer","Parallel Aware": false,"Async Capable": false,"Join Type": "Inner","Startup Cost": 1.40,"Total Cost": 4403.27,"Plan Rows": 4900,"Plan Width": 108,"Actual Startup Time": 0.178,"Actual Total Time": 46.762,"Actual Rows": 4012,"Actual Loops": 3,"Inner Unique": true,"Hash Cond": "(customer.c_nationkey = n2.n_nationkey)","Workers": [],"Plans": [{"Node Type": "Seq Scan","Parent Relationship": "Outer","Parallel Aware": true,"Async Capable": false,"Relation Name": "customer","Alias": "customer","Startup Cost": 0.00,"Total Cost": 4210.00,"Plan Rows": 62500,"Plan Width": 8,"Actual Startup Time": 0.016,"Actual Total Time": 9.494,"Actual Rows": 50000,"Actual Loops": 3,"Workers": []},{"Node Type": "Hash","Parent Relationship": "Inner","Parallel Aware": false,"Async Capable": false,"Startup Cost": 1.38,"Total Cost": 1.38,"Plan Rows": 2,"Plan Width": 108,"Actual Startup Time": 0.075,"Actual Total Time": 0.081,"Actual Rows": 2,"Actual Loops": 3,"Hash Buckets": 1024,"Original Hash Buckets": 1024,"Hash Batches": 1,"Original Hash Batches": 1,"Peak Memory Usage": 9,"Workers": [],"Plans": [{"Node Type": "Seq Scan","Parent Relationship": "Outer","Parallel Aware": false,"Async Capable": false,"Relation Name": "nation","Alias": "n2","Startup Cost": 0.00,"Total Cost": 1.38,"Plan Rows": 2,"Plan Width": 108,"Actual Startup Time": 0.059,"Actual Total Time": 0.063,"Actual Rows": 2,"Actual Loops": 3,"Filter": "((n_name = 'CHINA'::bpchar) OR (n_name = 'UNITED KINGDOM'::bpchar))","Rows Removed by Filter": 23,"Workers": []}]}]},{"Node Type": "Index Scan","Parent Relationship": "Inner","Parallel Aware": false,"Async Capable": false,"Scan Direction": "Forward","Index Name": "idx_orders_custkey","Relation Name": "orders","Alias": "orders","Startup Cost": 0.43,"Total Cost": 1.46,"Plan Rows": 17,"Plan Width": 8,"Actual Startup Time": 0.007,"Actual Total Time": 0.044,"Actual Rows": 10,"Actual Loops": 12035,"Index Cond": "(o_custkey = customer.c_custkey)","Rows Removed by Index Recheck": 0,"Workers": []}]},{"Node Type": "Index Scan","Parent Relationship": "Inner","Parallel Aware": false,"Async Capable": false,"Scan Direction": "Forward","Index Name": "idx_lineitem_orderkey","Relation Name": "lineitem","Alias": "lineitem","Startup Cost": 0.43,"Total Cost": 1.14,"Plan Rows": 5,"Plan Width": 24,"Actual Startup Time": 0.016,"Actual Total Time": 0.017,"Actual Rows": 1,"Actual Loops": 120239,"Index Cond": "(l_orderkey = orders.o_orderkey)","Rows Removed by Index Recheck": 0,"Filter": "((l_shipdate >= '1995-01-01'::date) AND (l_shipdate <= '1996-12-31'::date))","Rows Removed by Filter": 3,"Workers": []}]},{"Node Type": "Hash","Parent Relationship": "Inner","Parallel Aware": false,"Async Capable": false,"Startup Cost": 354.10,"Total Cost": 354.10,"Plan Rows": 784,"Plan Width": 108,"Actual Startup Time": 10.030,"Actual Total Time": 10.049,"Actual Rows": 797,"Actual Loops": 3,"Hash Buckets": 1024,"Original Hash Buckets": 1024,"Hash Batches": 1,"Original Hash Batches": 1,"Peak Memory Usage": 57,"Workers": [],"Plans": [{"Node Type": "Hash Join","Parent Relationship": "Outer","Parallel Aware": false,"Async Capable": false,"Join Type": "Inner","Startup Cost": 1.40,"Total Cost": 354.10,"Plan Rows": 784,"Plan Width": 108,"Actual Startup Time": 0.083,"Actual Total Time": 9.830,"Actual Rows": 797,"Actual Loops": 3,"Inner Unique": true,"Hash Cond": "(supplier.s_nationkey = n1.n_nationkey)","Workers": [],"Plans": [{"Node Type": "Seq Scan","Parent Relationship": "Outer","Parallel Aware": false,"Async Capable": false,"Relation Name": "supplier","Alias": "supplier","Startup Cost": 0.00,"Total Cost": 322.00,"Plan Rows": 10000,"Plan Width": 8,"Actual Startup Time": 0.034,"Actual Total Time": 4.339,"Actual Rows": 10000,"Actual Loops": 3,"Workers": []},{"Node Type": "Hash","Parent Relationship": "Inner","Parallel Aware": false,"Async Capable": false,"Startup Cost": 1.38,"Total Cost": 1.38,"Plan Rows": 2,"Plan Width": 108,"Actual Startup Time": 0.018,"Actual Total Time": 0.025,"Actual Rows": 2,"Actual Loops": 3,"Hash Buckets": 1024,"Original Hash Buckets": 1024,"Hash Batches": 1,"Original Hash Batches": 1,"Peak Memory Usage": 9,"Workers": [],"Plans": [{"Node Type": "Seq Scan","Parent Relationship": "Outer","Parallel Aware": false,"Async Capable": false,"Relation Name": "nation","Alias": "n1","Startup Cost": 0.00,"Total Cost": 1.38,"Plan Rows": 2,"Plan Width": 108,"Actual Startup Time": 0.010,"Actual Total Time": 0.014,"Actual Rows": 2,"Actual Loops": 3,"Filter": "((n_name = 'UNITED KINGDOM'::bpchar) OR (n_name = 'CHINA'::bpchar))","Rows Removed by Filter": 23,"Workers": []}]}]}]}]}]}]}]}]},"Planning Time": 9.597,"Triggers": [],"Execution Time": 974.727}]
[{"Plan": {"Node Type": "Aggregate","Strategy": "Sorted","Partial Mode": "Finalize","Parallel Aware": false,"Async Capable": false,"Startup Cost": 72556.41,"Total Cost": 73352.71,"Plan Rows": 5893,"Plan Width": 272,"Actual Startup Time": 943.288,"Actual Total Time": 1001.168,"Actual Rows": 4,"Actual Loops": 1,"Group Key": ["n1.n_name", "n2.n_name", "(EXTRACT(year FROM lineitem.l_shipdate))"],"Plans": [{"Node Type": "Gather Merge","Parent Relationship": "Outer","Parallel Aware": false,"Async Capable": false,"Startup Cost": 72556.41,"Total Cost": 73202.94,"Plan Rows": 4910,"Plan Width": 272,"Actual Startup Time": 943.018,"Actual Total Time": 1001.113,"Actual Rows": 12,"Actual Loops": 1,"Workers Planned": 2,"Workers Launched": 2,"Plans": [{"Node Type": "Aggregate","Strategy": "Sorted","Partial Mode": "Partial","Parent Relationship": "Outer","Parallel Aware": false,"Async Capable": false,"Startup Cost": 71556.39,"Total Cost": 71636.18,"Plan Rows": 2455,"Plan Width": 272,"Actual Startup Time": 935.402,"Actual Total Time": 936.100,"Actual Rows": 4,"Actual Loops": 3,"Group Key": ["n1.n_name", "n2.n_name", "(EXTRACT(year FROM lineitem.l_shipdate))"],"Workers": [],"Plans": [{"Node Type": "Sort","Parent Relationship": "Outer","Parallel Aware": false,"Async Capable": false,"Startup Cost": 71556.39,"Total Cost": 71562.53,"Plan Rows": 2455,"Plan Width": 252,"Actual Startup Time": 935.153,"Actual Total Time": 935.259,"Actual Rows": 1852,"Actual Loops": 3,"Sort Key": ["n1.n_name", "n2.n_name", "(EXTRACT(year FROM lineitem.l_shipdate))"],"Sort Method": "quicksort","Sort Space Used": 261,"Sort Space Type": "Memory","Workers": [{"Worker Number": 0,"Sort Method": "quicksort","Sort Space Used": 247,"Sort Space Type": "Memory"},{"Worker Number": 1,"Sort Method": "quicksort","Sort Space Used": 245,"Sort Space Type": "Memory"}],"Plans": [{"Node Type": "Hash Join","Parent Relationship": "Outer","Parallel Aware": false,"Async Capable": false,"Join Type": "Inner","Startup Cost": 366.16,"Total Cost": 71418.15,"Plan Rows": 2455,"Plan Width": 252,"Actual Startup Time": 10.572,"Actual Total Time": 933.350,"Actual Rows": 1852,"Actual Loops": 3,"Inner Unique": false,"Hash Cond": "(lineitem.l_suppkey = supplier.s_suppkey)","Join Filter": "(((n1.n_name = 'JORDAN'::bpchar) AND (n2.n_name = 'RUSSIA'::bpchar)) OR ((n1.n_name = 'RUSSIA'::bpchar) AND (n2.n_name = 'JORDAN'::bpchar)))","Rows Removed by Join Filter": 1918,"Workers": [],"Plans": [{"Node Type": "Nested Loop","Parent Relationship": "Outer","Parallel Aware": false,"Async Capable": false,"Join Type": "Inner","Startup Cost": 2.26,"Total Cost": 70727.78,"Plan Rows": 60250,"Plan Width": 124,"Actual Startup Time": 0.566,"Actual Total Time": 917.879,"Actual Rows": 49694,"Actual Loops": 3,"Inner Unique": false,"Workers": [],"Plans": [{"Node Type": "Nested Loop","Parent Relationship": "Outer","Parallel Aware": false,"Async Capable": false,"Join Type": "Inner","Startup Cost": 1.83,"Total Cost": 12400.01,"Plan Rows": 49000,"Plan Width": 108,"Actual Startup Time": 0.378,"Actual Total Time": 229.764,"Actual Rows": 40744,"Actual Loops": 3,"Inner Unique": false,"Workers": [],"Plans": [{"Node Type": "Hash Join","Parent Relationship": "Outer","Parallel Aware": false,"Async Capable": false,"Join Type": "Inner","Startup Cost": 1.40,"Total Cost": 4403.27,"Plan Rows": 4900,"Plan Width": 108,"Actual Startup Time": 0.220,"Actual Total Time": 46.627,"Actual Rows": 4037,"Actual Loops": 3,"Inner Unique": true,"Hash Cond": "(customer.c_nationkey = n2.n_nationkey)","Workers": [],"Plans": [{"Node Type": "Seq Scan","Parent Relationship": "Outer","Parallel Aware": true,"Async Capable": false,"Relation Name": "customer","Alias": "customer","Startup Cost": 0.00,"Total Cost": 4210.00,"Plan Rows": 62500,"Plan Width": 8,"Actual Startup Time": 0.015,"Actual Total Time": 9.614,"Actual Rows": 50000,"Actual Loops": 3,"Workers": []},{"Node Type": "Hash","Parent Relationship": "Inner","Parallel Aware": false,"Async Capable": false,"Startup Cost": 1.38,"Total Cost": 1.38,"Plan Rows": 2,"Plan Width": 108,"Actual Startup Time": 0.103,"Actual Total Time": 0.109,"Actual Rows": 2,"Actual Loops": 3,"Hash Buckets": 1024,"Original Hash Buckets": 1024,"Hash Batches": 1,"Original Hash Batches": 1,"Peak Memory Usage": 9,"Workers": [],"Plans": [{"Node Type": "Seq Scan","Parent Relationship": "Outer","Parallel Aware": false,"Async Capable": false,"Relation Name": "nation","Alias": "n2","Startup Cost": 0.00,"Total Cost": 1.38,"Plan Rows": 2,"Plan Width": 108,"Actual Startup Time": 0.083,"Actual Total Time": 0.089,"Actual Rows": 2,"Actual Loops": 3,"Filter": "((n_name = 'RUSSIA'::bpchar) OR (n_name = 'JORDAN'::bpchar))","Rows Removed by Filter": 23,"Workers": []}]}]},{"Node Type": "Index Scan","Parent Relationship": "Inner","Parallel Aware": false,"Async Capable": false,"Scan Direction": "Forward","Index Name": "idx_orders_custkey","Relation Name": "orders","Alias": "orders","Startup Cost": 0.43,"Total Cost": 1.46,"Plan Rows": 17,"Plan Width": 8,"Actual Startup Time": 0.007,"Actual Total Time": 0.044,"Actual Rows": 10,"Actual Loops": 12111,"Index Cond": "(o_custkey = customer.c_custkey)","Rows Removed by Index Recheck": 0,"Workers": []}]},{"Node Type": "Index Scan","Parent Relationship": "Inner","Parallel Aware": false,"Async Capable": false,"Scan Direction": "Forward","Index Name": "idx_lineitem_orderkey","Relation Name": "lineitem","Alias": "lineitem","Startup Cost": 0.43,"Total Cost": 1.14,"Plan Rows": 5,"Plan Width": 24,"Actual Startup Time": 0.016,"Actual Total Time": 0.017,"Actual Rows": 1,"Actual Loops": 122231,"Index Cond": "(l_orderkey = orders.o_orderkey)","Rows Removed by Index Recheck": 0,"Filter": "((l_shipdate >= '1995-01-01'::date) AND (l_shipdate <= '1996-12-31'::date))","Rows Removed by Filter": 3,"Workers": []}]},{"Node Type": "Hash","Parent Relationship": "Inner","Parallel Aware": false,"Async Capable": false,"Startup Cost": 354.10,"Total Cost": 354.10,"Plan Rows": 784,"Plan Width": 108,"Actual Startup Time": 7.982,"Actual Total Time": 7.998,"Actual Rows": 763,"Actual Loops": 3,"Hash Buckets": 1024,"Original Hash Buckets": 1024,"Hash Batches": 1,"Original Hash Batches": 1,"Peak Memory Usage": 55,"Workers": [],"Plans": [{"Node Type": "Hash Join","Parent Relationship": "Outer","Parallel Aware": false,"Async Capable": false,"Join Type": "Inner","Startup Cost": 1.40,"Total Cost": 354.10,"Plan Rows": 784,"Plan Width": 108,"Actual Startup Time": 0.092,"Actual Total Time": 7.805,"Actual Rows": 763,"Actual Loops": 3,"Inner Unique": true,"Hash Cond": "(supplier.s_nationkey = n1.n_nationkey)","Workers": [],"Plans": [{"Node Type": "Seq Scan","Parent Relationship": "Outer","Parallel Aware": false,"Async Capable": false,"Relation Name": "supplier","Alias": "supplier","Startup Cost": 0.00,"Total Cost": 322.00,"Plan Rows": 10000,"Plan Width": 8,"Actual Startup Time": 0.036,"Actual Total Time": 4.289,"Actual Rows": 10000,"Actual Loops": 3,"Workers": []},{"Node Type": "Hash","Parent Relationship": "Inner","Parallel Aware": false,"Async Capable": false,"Startup Cost": 1.38,"Total Cost": 1.38,"Plan Rows": 2,"Plan Width": 108,"Actual Startup Time": 0.020,"Actual Total Time": 0.025,"Actual Rows": 2,"Actual Loops": 3,"Hash Buckets": 1024,"Original Hash Buckets": 1024,"Hash Batches": 1,"Original Hash Batches": 1,"Peak Memory Usage": 9,"Workers": [],"Plans": [{"Node Type": "Seq Scan","Parent Relationship": "Outer","Parallel Aware": false,"Async Capable": false,"Relation Name": "nation","Alias": "n1","Startup Cost": 0.00,"Total Cost": 1.38,"Plan Rows": 2,"Plan Width": 108,"Actual Startup Time": 0.010,"Actual Total Time": 0.015,"Actual Rows": 2,"Actual Loops": 3,"Filter": "((n_name = 'JORDAN'::bpchar) OR (n_name = 'RUSSIA'::bpchar))","Rows Removed by Filter": 23,"Workers": []}]}]}]}]}]}]}]}]},"Planning Time": 9.463,"Triggers": [],"Execution Time": 1001.606}]
[{"Plan": {"Node Type": "Aggregate","Strategy": "Sorted","Partial Mode": "Finalize","Parallel Aware": false,"Async Capable": false,"Startup Cost": 72556.41,"Total Cost": 73352.71,"Plan Rows": 5893,"Plan Width": 272,"Actual Startup Time": 916.207,"Actual Total Time": 961.694,"Actual Rows": 4,"Actual Loops": 1,"Group Key": ["n1.n_name", "n2.n_name", "(EXTRACT(year FROM lineitem.l_shipdate))"],"Plans": [{"Node Type": "Gather Merge","Parent Relationship": "Outer","Parallel Aware": false,"Async Capable": false,"Startup Cost": 72556.41,"Total Cost": 73202.94,"Plan Rows": 4910,"Plan Width": 272,"Actual Startup Time": 915.417,"Actual Total Time": 961.599,"Actual Rows": 12,"Actual Loops": 1,"Workers Planned": 2,"Workers Launched": 2,"Plans": [{"Node Type": "Aggregate","Strategy": "Sorted","Partial Mode": "Partial","Parent Relationship": "Outer","Parallel Aware": false,"Async Capable": false,"Startup Cost": 71556.39,"Total Cost": 71636.18,"Plan Rows": 2455,"Plan Width": 272,"Actual Startup Time": 907.071,"Actual Total Time": 907.933,"Actual Rows": 4,"Actual Loops": 3,"Group Key": ["n1.n_name", "n2.n_name", "(EXTRACT(year FROM lineitem.l_shipdate))"],"Workers": [],"Plans": [{"Node Type": "Sort","Parent Relationship": "Outer","Parallel Aware": false,"Async Capable": false,"Startup Cost": 71556.39,"Total Cost": 71562.53,"Plan Rows": 2455,"Plan Width": 252,"Actual Startup Time": 906.810,"Actual Total Time": 906.945,"Actual Rows": 1910,"Actual Loops": 3,"Sort Key": ["n1.n_name", "n2.n_name", "(EXTRACT(year FROM lineitem.l_shipdate))"],"Sort Method": "quicksort","Sort Space Used": 264,"Sort Space Type": "Memory","Workers": [{"Worker Number": 0,"Sort Method": "quicksort","Sort Space Used": 250,"Sort Space Type": "Memory"},{"Worker Number": 1,"Sort Method": "quicksort","Sort Space Used": 258,"Sort Space Type": "Memory"}],"Plans": [{"Node Type": "Hash Join","Parent Relationship": "Outer","Parallel Aware": false,"Async Capable": false,"Join Type": "Inner","Startup Cost": 366.16,"Total Cost": 71418.15,"Plan Rows": 2455,"Plan Width": 252,"Actual Startup Time": 12.756,"Actual Total Time": 905.121,"Actual Rows": 1910,"Actual Loops": 3,"Inner Unique": false,"Hash Cond": "(lineitem.l_suppkey = supplier.s_suppkey)","Join Filter": "(((n1.n_name = 'UNITED KINGDOM'::bpchar) AND (n2.n_name = 'ETHIOPIA'::bpchar)) OR ((n1.n_name = 'ETHIOPIA'::bpchar) AND (n2.n_name = 'UNITED KINGDOM'::bpchar)))","Rows Removed by Join Filter": 1923,"Workers": [],"Plans": [{"Node Type": "Nested Loop","Parent Relationship": "Outer","Parallel Aware": false,"Async Capable": false,"Join Type": "Inner","Startup Cost": 2.26,"Total Cost": 70727.78,"Plan Rows": 60250,"Plan Width": 124,"Actual Startup Time": 0.458,"Actual Total Time": 887.011,"Actual Rows": 48483,"Actual Loops": 3,"Inner Unique": false,"Workers": [],"Plans": [{"Node Type": "Nested Loop","Parent Relationship": "Outer","Parallel Aware": false,"Async Capable": false,"Join Type": "Inner","Startup Cost": 1.83,"Total Cost": 12400.01,"Plan Rows": 49000,"Plan Width": 108,"Actual Startup Time": 0.277,"Actual Total Time": 219.752,"Actual Rows": 39720,"Actual Loops": 3,"Inner Unique": false,"Workers": [],"Plans": [{"Node Type": "Hash Join","Parent Relationship": "Outer","Parallel Aware": false,"Async Capable": false,"Join Type": "Inner","Startup Cost": 1.40,"Total Cost": 4403.27,"Plan Rows": 4900,"Plan Width": 108,"Actual Startup Time": 0.160,"Actual Total Time": 44.103,"Actual Rows": 3988,"Actual Loops": 3,"Inner Unique": true,"Hash Cond": "(customer.c_nationkey = n2.n_nationkey)","Workers": [],"Plans": [{"Node Type": "Seq Scan","Parent Relationship": "Outer","Parallel Aware": true,"Async Capable": false,"Relation Name": "customer","Alias": "customer","Startup Cost": 0.00,"Total Cost": 4210.00,"Plan Rows": 62500,"Plan Width": 8,"Actual Startup Time": 0.008,"Actual Total Time": 9.002,"Actual Rows": 50000,"Actual Loops": 3,"Workers": []},{"Node Type": "Hash","Parent Relationship": "Inner","Parallel Aware": false,"Async Capable": false,"Startup Cost": 1.38,"Total Cost": 1.38,"Plan Rows": 2,"Plan Width": 108,"Actual Startup Time": 0.068,"Actual Total Time": 0.075,"Actual Rows": 2,"Actual Loops": 3,"Hash Buckets": 1024,"Original Hash Buckets": 1024,"Hash Batches": 1,"Original Hash Batches": 1,"Peak Memory Usage": 9,"Workers": [],"Plans": [{"Node Type": "Seq Scan","Parent Relationship": "Outer","Parallel Aware": false,"Async Capable": false,"Relation Name": "nation","Alias": "n2","Startup Cost": 0.00,"Total Cost": 1.38,"Plan Rows": 2,"Plan Width": 108,"Actual Startup Time": 0.053,"Actual Total Time": 0.060,"Actual Rows": 2,"Actual Loops": 3,"Filter": "((n_name = 'ETHIOPIA'::bpchar) OR (n_name = 'UNITED KINGDOM'::bpchar))","Rows Removed by Filter": 23,"Workers": []}]}]},{"Node Type": "Index Scan","Parent Relationship": "Inner","Parallel Aware": false,"Async Capable": false,"Scan Direction": "Forward","Index Name": "idx_orders_custkey","Relation Name": "orders","Alias": "orders","Startup Cost": 0.43,"Total Cost": 1.46,"Plan Rows": 17,"Plan Width": 8,"Actual Startup Time": 0.007,"Actual Total Time": 0.043,"Actual Rows": 10,"Actual Loops": 11963,"Index Cond": "(o_custkey = customer.c_custkey)","Rows Removed by Index Recheck": 0,"Workers": []}]},{"Node Type": "Index Scan","Parent Relationship": "Inner","Parallel Aware": false,"Async Capable": false,"Scan Direction": "Forward","Index Name": "idx_lineitem_orderkey","Relation Name": "lineitem","Alias": "lineitem","Startup Cost": 0.43,"Total Cost": 1.14,"Plan Rows": 5,"Plan Width": 24,"Actual Startup Time": 0.016,"Actual Total Time": 0.017,"Actual Rows": 1,"Actual Loops": 119161,"Index Cond": "(l_orderkey = orders.o_orderkey)","Rows Removed by Index Recheck": 0,"Filter": "((l_shipdate >= '1995-01-01'::date) AND (l_shipdate <= '1996-12-31'::date))","Rows Removed by Filter": 3,"Workers": []}]},{"Node Type": "Hash","Parent Relationship": "Inner","Parallel Aware": false,"Async Capable": false,"Startup Cost": 354.10,"Total Cost": 354.10,"Plan Rows": 784,"Plan Width": 108,"Actual Startup Time": 11.191,"Actual Total Time": 11.207,"Actual Rows": 770,"Actual Loops": 3,"Hash Buckets": 1024,"Original Hash Buckets": 1024,"Hash Batches": 1,"Original Hash Batches": 1,"Peak Memory Usage": 55,"Workers": [],"Plans": [{"Node Type": "Hash Join","Parent Relationship": "Outer","Parallel Aware": false,"Async Capable": false,"Join Type": "Inner","Startup Cost": 1.40,"Total Cost": 354.10,"Plan Rows": 784,"Plan Width": 108,"Actual Startup Time": 0.064,"Actual Total Time": 11.027,"Actual Rows": 770,"Actual Loops": 3,"Inner Unique": true,"Hash Cond": "(supplier.s_nationkey = n1.n_nationkey)","Workers": [],"Plans": [{"Node Type": "Seq Scan","Parent Relationship": "Outer","Parallel Aware": false,"Async Capable": false,"Relation Name": "supplier","Alias": "supplier","Startup Cost": 0.00,"Total Cost": 322.00,"Plan Rows": 10000,"Plan Width": 8,"Actual Startup Time": 0.025,"Actual Total Time": 4.404,"Actual Rows": 10000,"Actual Loops": 3,"Workers": []},{"Node Type": "Hash","Parent Relationship": "Inner","Parallel Aware": false,"Async Capable": false,"Startup Cost": 1.38,"Total Cost": 1.38,"Plan Rows": 2,"Plan Width": 108,"Actual Startup Time": 0.012,"Actual Total Time": 0.018,"Actual Rows": 2,"Actual Loops": 3,"Hash Buckets": 1024,"Original Hash Buckets": 1024,"Hash Batches": 1,"Original Hash Batches": 1,"Peak Memory Usage": 9,"Workers": [],"Plans": [{"Node Type": "Seq Scan","Parent Relationship": "Outer","Parallel Aware": false,"Async Capable": false,"Relation Name": "nation","Alias": "n1","Startup Cost": 0.00,"Total Cost": 1.38,"Plan Rows": 2,"Plan Width": 108,"Actual Startup Time": 0.004,"Actual Total Time": 0.009,"Actual Rows": 2,"Actual Loops": 3,"Filter": "((n_name = 'UNITED KINGDOM'::bpchar) OR (n_name = 'ETHIOPIA'::bpchar))","Rows Removed by Filter": 23,"Workers": []}]}]}]}]}]}]}]}]},"Planning Time": 9.277,"Triggers": [],"Execution Time": 962.113}]
[{"Plan": {"Node Type": "Aggregate","Strategy": "Sorted","Partial Mode": "Finalize","Parallel Aware": false,"Async Capable": false,"Startup Cost": 72556.41,"Total Cost": 73352.71,"Plan Rows": 5893,"Plan Width": 272,"Actual Startup Time": 925.033,"Actual Total Time": 978.903,"Actual Rows": 4,"Actual Loops": 1,"Group Key": ["n1.n_name", "n2.n_name", "(EXTRACT(year FROM lineitem.l_shipdate))"],"Plans": [{"Node Type": "Gather Merge","Parent Relationship": "Outer","Parallel Aware": false,"Async Capable": false,"Startup Cost": 72556.41,"Total Cost": 73202.94,"Plan Rows": 4910,"Plan Width": 272,"Actual Startup Time": 924.484,"Actual Total Time": 978.804,"Actual Rows": 12,"Actual Loops": 1,"Workers Planned": 2,"Workers Launched": 2,"Plans": [{"Node Type": "Aggregate","Strategy": "Sorted","Partial Mode": "Partial","Parent Relationship": "Outer","Parallel Aware": false,"Async Capable": false,"Startup Cost": 71556.39,"Total Cost": 71636.18,"Plan Rows": 2455,"Plan Width": 272,"Actual Startup Time": 915.882,"Actual Total Time": 916.612,"Actual Rows": 4,"Actual Loops": 3,"Group Key": ["n1.n_name", "n2.n_name", "(EXTRACT(year FROM lineitem.l_shipdate))"],"Workers": [],"Plans": [{"Node Type": "Sort","Parent Relationship": "Outer","Parallel Aware": false,"Async Capable": false,"Startup Cost": 71556.39,"Total Cost": 71562.53,"Plan Rows": 2455,"Plan Width": 252,"Actual Startup Time": 915.640,"Actual Total Time": 915.743,"Actual Rows": 1947,"Actual Loops": 3,"Sort Key": ["n1.n_name", "n2.n_name", "(EXTRACT(year FROM lineitem.l_shipdate))"],"Sort Method": "quicksort","Sort Space Used": 264,"Sort Space Type": "Memory","Workers": [{"Worker Number": 0,"Sort Method": "quicksort","Sort Space Used": 258,"Sort Space Type": "Memory"},{"Worker Number": 1,"Sort Method": "quicksort","Sort Space Used": 263,"Sort Space Type": "Memory"}],"Plans": [{"Node Type": "Hash Join","Parent Relationship": "Outer","Parallel Aware": false,"Async Capable": false,"Join Type": "Inner","Startup Cost": 366.16,"Total Cost": 71418.15,"Plan Rows": 2455,"Plan Width": 252,"Actual Startup Time": 7.818,"Actual Total Time": 913.766,"Actual Rows": 1947,"Actual Loops": 3,"Inner Unique": false,"Hash Cond": "(lineitem.l_suppkey = supplier.s_suppkey)","Join Filter": "(((n1.n_name = 'CHINA'::bpchar) AND (n2.n_name = 'UNITED KINGDOM'::bpchar)) OR ((n1.n_name = 'UNITED KINGDOM'::bpchar) AND (n2.n_name = 'CHINA'::bpchar)))","Rows Removed by Join Filter": 1971,"Workers": [],"Plans": [{"Node Type": "Nested Loop","Parent Relationship": "Outer","Parallel Aware": false,"Async Capable": false,"Join Type": "Inner","Startup Cost": 2.26,"Total Cost": 70727.78,"Plan Rows": 60250,"Plan Width": 124,"Actual Startup Time": 0.503,"Actual Total Time": 899.346,"Actual Rows": 48702,"Actual Loops": 3,"Inner Unique": false,"Workers": [],"Plans": [{"Node Type": "Nested Loop","Parent Relationship": "Outer","Parallel Aware": false,"Async Capable": false,"Join Type": "Inner","Startup Cost": 1.83,"Total Cost": 12400.01,"Plan Rows": 49000,"Plan Width": 108,"Actual Startup Time": 0.303,"Actual Total Time": 225.406,"Actual Rows": 40080,"Actual Loops": 3,"Inner Unique": false,"Workers": [],"Plans": [{"Node Type": "Hash Join","Parent Relationship": "Outer","Parallel Aware": false,"Async Capable": false,"Join Type": "Inner","Startup Cost": 1.40,"Total Cost": 4403.27,"Plan Rows": 4900,"Plan Width": 108,"Actual Startup Time": 0.170,"Actual Total Time": 45.937,"Actual Rows": 4012,"Actual Loops": 3,"Inner Unique": true,"Hash Cond": "(customer.c_nationkey = n2.n_nationkey)","Workers": [],"Plans": [{"Node Type": "Seq Scan","Parent Relationship": "Outer","Parallel Aware": true,"Async Capable": false,"Relation Name": "customer","Alias": "customer","Startup Cost": 0.00,"Total Cost": 4210.00,"Plan Rows": 62500,"Plan Width": 8,"Actual Startup Time": 0.015,"Actual Total Time": 9.578,"Actual Rows": 50000,"Actual Loops": 3,"Workers": []},{"Node Type": "Hash","Parent Relationship": "Inner","Parallel Aware": false,"Async Capable": false,"Startup Cost": 1.38,"Total Cost": 1.38,"Plan Rows": 2,"Plan Width": 108,"Actual Startup Time": 0.071,"Actual Total Time": 0.074,"Actual Rows": 2,"Actual Loops": 3,"Hash Buckets": 1024,"Original Hash Buckets": 1024,"Hash Batches": 1,"Original Hash Batches": 1,"Peak Memory Usage": 9,"Workers": [],"Plans": [{"Node Type": "Seq Scan","Parent Relationship": "Outer","Parallel Aware": false,"Async Capable": false,"Relation Name": "nation","Alias": "n2","Startup Cost": 0.00,"Total Cost": 1.38,"Plan Rows": 2,"Plan Width": 108,"Actual Startup Time": 0.053,"Actual Total Time": 0.057,"Actual Rows": 2,"Actual Loops": 3,"Filter": "((n_name = 'UNITED KINGDOM'::bpchar) OR (n_name = 'CHINA'::bpchar))","Rows Removed by Filter": 23,"Workers": []}]}]},{"Node Type": "Index Scan","Parent Relationship": "Inner","Parallel Aware": false,"Async Capable": false,"Scan Direction": "Forward","Index Name": "idx_orders_custkey","Relation Name": "orders","Alias": "orders","Startup Cost": 0.43,"Total Cost": 1.46,"Plan Rows": 17,"Plan Width": 8,"Actual Startup Time": 0.007,"Actual Total Time": 0.043,"Actual Rows": 10,"Actual Loops": 12035,"Index Cond": "(o_custkey = customer.c_custkey)","Rows Removed by Index Recheck": 0,"Workers": []}]},{"Node Type": "Index Scan","Parent Relationship": "Inner","Parallel Aware": false,"Async Capable": false,"Scan Direction": "Forward","Index Name": "idx_lineitem_orderkey","Relation Name": "lineitem","Alias": "lineitem","Startup Cost": 0.43,"Total Cost": 1.14,"Plan Rows": 5,"Plan Width": 24,"Actual Startup Time": 0.016,"Actual Total Time": 0.017,"Actual Rows": 1,"Actual Loops": 120239,"Index Cond": "(l_orderkey = orders.o_orderkey)","Rows Removed by Index Recheck": 0,"Filter": "((l_shipdate >= '1995-01-01'::date) AND (l_shipdate <= '1996-12-31'::date))","Rows Removed by Filter": 3,"Workers": []}]},{"Node Type": "Hash","Parent Relationship": "Inner","Parallel Aware": false,"Async Capable": false,"Startup Cost": 354.10,"Total Cost": 354.10,"Plan Rows": 784,"Plan Width": 108,"Actual Startup Time": 6.807,"Actual Total Time": 6.814,"Actual Rows": 797,"Actual Loops": 3,"Hash Buckets": 1024,"Original Hash Buckets": 1024,"Hash Batches": 1,"Original Hash Batches": 1,"Peak Memory Usage": 57,"Workers": [],"Plans": [{"Node Type": "Hash Join","Parent Relationship": "Outer","Parallel Aware": false,"Async Capable": false,"Join Type": "Inner","Startup Cost": 1.40,"Total Cost": 354.10,"Plan Rows": 784,"Plan Width": 108,"Actual Startup Time": 0.062,"Actual Total Time": 6.644,"Actual Rows": 797,"Actual Loops": 3,"Inner Unique": true,"Hash Cond": "(supplier.s_nationkey = n1.n_nationkey)","Workers": [],"Plans": [{"Node Type": "Seq Scan","Parent Relationship": "Outer","Parallel Aware": false,"Async Capable": false,"Relation Name": "supplier","Alias": "supplier","Startup Cost": 0.00,"Total Cost": 322.00,"Plan Rows": 10000,"Plan Width": 8,"Actual Startup Time": 0.026,"Actual Total Time": 3.397,"Actual Rows": 10000,"Actual Loops": 3,"Workers": []},{"Node Type": "Hash","Parent Relationship": "Inner","Parallel Aware": false,"Async Capable": false,"Startup Cost": 1.38,"Total Cost": 1.38,"Plan Rows": 2,"Plan Width": 108,"Actual Startup Time": 0.012,"Actual Total Time": 0.014,"Actual Rows": 2,"Actual Loops": 3,"Hash Buckets": 1024,"Original Hash Buckets": 1024,"Hash Batches": 1,"Original Hash Batches": 1,"Peak Memory Usage": 9,"Workers": [],"Plans": [{"Node Type": "Seq Scan","Parent Relationship": "Outer","Parallel Aware": false,"Async Capable": false,"Relation Name": "nation","Alias": "n1","Startup Cost": 0.00,"Total Cost": 1.38,"Plan Rows": 2,"Plan Width": 108,"Actual Startup Time": 0.005,"Actual Total Time": 0.007,"Actual Rows": 2,"Actual Loops": 3,"Filter": "((n_name = 'CHINA'::bpchar) OR (n_name = 'UNITED KINGDOM'::bpchar))","Rows Removed by Filter": 23,"Workers": []}]}]}]}]}]}]}]}]},"Planning Time": 9.420,"Triggers": [],"Execution Time": 979.366}]
[{"Plan": {"Node Type": "Aggregate","Strategy": "Sorted","Partial Mode": "Finalize","Parallel Aware": false,"Async Capable": false,"Startup Cost": 72556.41,"Total Cost": 73352.71,"Plan Rows": 5893,"Plan Width": 272,"Actual Startup Time": 932.569,"Actual Total Time": 988.526,"Actual Rows": 4,"Actual Loops": 1,"Group Key": ["n1.n_name", "n2.n_name", "(EXTRACT(year FROM lineitem.l_shipdate))"],"Plans": [{"Node Type": "Gather Merge","Parent Relationship": "Outer","Parallel Aware": false,"Async Capable": false,"Startup Cost": 72556.41,"Total Cost": 73202.94,"Plan Rows": 4910,"Plan Width": 272,"Actual Startup Time": 931.826,"Actual Total Time": 988.456,"Actual Rows": 12,"Actual Loops": 1,"Workers Planned": 2,"Workers Launched": 2,"Plans": [{"Node Type": "Aggregate","Strategy": "Sorted","Partial Mode": "Partial","Parent Relationship": "Outer","Parallel Aware": false,"Async Capable": false,"Startup Cost": 71556.39,"Total Cost": 71636.18,"Plan Rows": 2455,"Plan Width": 272,"Actual Startup Time": 923.726,"Actual Total Time": 924.645,"Actual Rows": 4,"Actual Loops": 3,"Group Key": ["n1.n_name", "n2.n_name", "(EXTRACT(year FROM lineitem.l_shipdate))"],"Workers": [],"Plans": [{"Node Type": "Sort","Parent Relationship": "Outer","Parallel Aware": false,"Async Capable": false,"Startup Cost": 71556.39,"Total Cost": 71562.53,"Plan Rows": 2455,"Plan Width": 252,"Actual Startup Time": 923.452,"Actual Total Time": 923.579,"Actual Rows": 2004,"Actual Loops": 3,"Sort Key": ["n1.n_name", "n2.n_name", "(EXTRACT(year FROM lineitem.l_shipdate))"],"Sort Method": "quicksort","Sort Space Used": 264,"Sort Space Type": "Memory","Workers": [{"Worker Number": 0,"Sort Method": "quicksort","Sort Space Used": 322,"Sort Space Type": "Memory"},{"Worker Number": 1,"Sort Method": "quicksort","Sort Space Used": 266,"Sort Space Type": "Memory"}],"Plans": [{"Node Type": "Hash Join","Parent Relationship": "Outer","Parallel Aware": false,"Async Capable": false,"Join Type": "Inner","Startup Cost": 366.16,"Total Cost": 71418.15,"Plan Rows": 2455,"Plan Width": 252,"Actual Startup Time": 8.928,"Actual Total Time": 921.639,"Actual Rows": 2004,"Actual Loops": 3,"Inner Unique": false,"Hash Cond": "(lineitem.l_suppkey = supplier.s_suppkey)","Join Filter": "(((n1.n_name = 'BRAZIL'::bpchar) AND (n2.n_name = 'CANADA'::bpchar)) OR ((n1.n_name = 'CANADA'::bpchar) AND (n2.n_name = 'BRAZIL'::bpchar)))","Rows Removed by Join Filter": 1972,"Workers": [],"Plans": [{"Node Type": "Nested Loop","Parent Relationship": "Outer","Parallel Aware": false,"Async Capable": false,"Join Type": "Inner","Startup Cost": 2.26,"Total Cost": 70727.78,"Plan Rows": 60250,"Plan Width": 124,"Actual Startup Time": 0.916,"Actual Total Time": 906.916,"Actual Rows": 48974,"Actual Loops": 3,"Inner Unique": false,"Workers": [],"Plans": [{"Node Type": "Nested Loop","Parent Relationship": "Outer","Parallel Aware": false,"Async Capable": false,"Join Type": "Inner","Startup Cost": 1.83,"Total Cost": 12400.01,"Plan Rows": 49000,"Plan Width": 108,"Actual Startup Time": 0.219,"Actual Total Time": 228.006,"Actual Rows": 40206,"Actual Loops": 3,"Inner Unique": false,"Workers": [],"Plans": [{"Node Type": "Hash Join","Parent Relationship": "Outer","Parallel Aware": false,"Async Capable": false,"Join Type": "Inner","Startup Cost": 1.40,"Total Cost": 4403.27,"Plan Rows": 4900,"Plan Width": 108,"Actual Startup Time": 0.149,"Actual Total Time": 47.592,"Actual Rows": 4006,"Actual Loops": 3,"Inner Unique": true,"Hash Cond": "(customer.c_nationkey = n2.n_nationkey)","Workers": [],"Plans": [{"Node Type": "Seq Scan","Parent Relationship": "Outer","Parallel Aware": true,"Async Capable": false,"Relation Name": "customer","Alias": "customer","Startup Cost": 0.00,"Total Cost": 4210.00,"Plan Rows": 62500,"Plan Width": 8,"Actual Startup Time": 0.012,"Actual Total Time": 9.700,"Actual Rows": 50000,"Actual Loops": 3,"Workers": []},{"Node Type": "Hash","Parent Relationship": "Inner","Parallel Aware": false,"Async Capable": false,"Startup Cost": 1.38,"Total Cost": 1.38,"Plan Rows": 2,"Plan Width": 108,"Actual Startup Time": 0.064,"Actual Total Time": 0.070,"Actual Rows": 2,"Actual Loops": 3,"Hash Buckets": 1024,"Original Hash Buckets": 1024,"Hash Batches": 1,"Original Hash Batches": 1,"Peak Memory Usage": 9,"Workers": [],"Plans": [{"Node Type": "Seq Scan","Parent Relationship": "Outer","Parallel Aware": false,"Async Capable": false,"Relation Name": "nation","Alias": "n2","Startup Cost": 0.00,"Total Cost": 1.38,"Plan Rows": 2,"Plan Width": 108,"Actual Startup Time": 0.045,"Actual Total Time": 0.051,"Actual Rows": 2,"Actual Loops": 3,"Filter": "((n_name = 'CANADA'::bpchar) OR (n_name = 'BRAZIL'::bpchar))","Rows Removed by Filter": 23,"Workers": []}]}]},{"Node Type": "Index Scan","Parent Relationship": "Inner","Parallel Aware": false,"Async Capable": false,"Scan Direction": "Forward","Index Name": "idx_orders_custkey","Relation Name": "orders","Alias": "orders","Startup Cost": 0.43,"Total Cost": 1.46,"Plan Rows": 17,"Plan Width": 8,"Actual Startup Time": 0.007,"Actual Total Time": 0.044,"Actual Rows": 10,"Actual Loops": 12019,"Index Cond": "(o_custkey = customer.c_custkey)","Rows Removed by Index Recheck": 0,"Workers": []}]},{"Node Type": "Index Scan","Parent Relationship": "Inner","Parallel Aware": false,"Async Capable": false,"Scan Direction": "Forward","Index Name": "idx_lineitem_orderkey","Relation Name": "lineitem","Alias": "lineitem","Startup Cost": 0.43,"Total Cost": 1.14,"Plan Rows": 5,"Plan Width": 24,"Actual Startup Time": 0.016,"Actual Total Time": 0.017,"Actual Rows": 1,"Actual Loops": 120617,"Index Cond": "(l_orderkey = orders.o_orderkey)","Rows Removed by Index Recheck": 0,"Filter": "((l_shipdate >= '1995-01-01'::date) AND (l_shipdate <= '1996-12-31'::date))","Rows Removed by Filter": 3,"Workers": []}]},{"Node Type": "Hash","Parent Relationship": "Inner","Parallel Aware": false,"Async Capable": false,"Startup Cost": 354.10,"Total Cost": 354.10,"Plan Rows": 784,"Plan Width": 108,"Actual Startup Time": 7.368,"Actual Total Time": 7.379,"Actual Rows": 809,"Actual Loops": 3,"Hash Buckets": 1024,"Original Hash Buckets": 1024,"Hash Batches": 1,"Original Hash Batches": 1,"Peak Memory Usage": 57,"Workers": [],"Plans": [{"Node Type": "Hash Join","Parent Relationship": "Outer","Parallel Aware": false,"Async Capable": false,"Join Type": "Inner","Startup Cost": 1.40,"Total Cost": 354.10,"Plan Rows": 784,"Plan Width": 108,"Actual Startup Time": 0.064,"Actual Total Time": 7.187,"Actual Rows": 809,"Actual Loops": 3,"Inner Unique": true,"Hash Cond": "(supplier.s_nationkey = n1.n_nationkey)","Workers": [],"Plans": [{"Node Type": "Seq Scan","Parent Relationship": "Outer","Parallel Aware": false,"Async Capable": false,"Relation Name": "supplier","Alias": "supplier","Startup Cost": 0.00,"Total Cost": 322.00,"Plan Rows": 10000,"Plan Width": 8,"Actual Startup Time": 0.022,"Actual Total Time": 3.466,"Actual Rows": 10000,"Actual Loops": 3,"Workers": []},{"Node Type": "Hash","Parent Relationship": "Inner","Parallel Aware": false,"Async Capable": false,"Startup Cost": 1.38,"Total Cost": 1.38,"Plan Rows": 2,"Plan Width": 108,"Actual Startup Time": 0.013,"Actual Total Time": 0.019,"Actual Rows": 2,"Actual Loops": 3,"Hash Buckets": 1024,"Original Hash Buckets": 1024,"Hash Batches": 1,"Original Hash Batches": 1,"Peak Memory Usage": 9,"Workers": [],"Plans": [{"Node Type": "Seq Scan","Parent Relationship": "Outer","Parallel Aware": false,"Async Capable": false,"Relation Name": "nation","Alias": "n1","Startup Cost": 0.00,"Total Cost": 1.38,"Plan Rows": 2,"Plan Width": 108,"Actual Startup Time": 0.003,"Actual Total Time": 0.009,"Actual Rows": 2,"Actual Loops": 3,"Filter": "((n_name = 'BRAZIL'::bpchar) OR (n_name = 'CANADA'::bpchar))","Rows Removed by Filter": 23,"Workers": []}]}]}]}]}]}]}]}]},"Planning Time": 9.091,"Triggers": [],"Execution Time": 988.949}]
[{"Plan": {"Node Type": "Aggregate","Strategy": "Sorted","Partial Mode": "Finalize","Parallel Aware": false,"Async Capable": false,"Startup Cost": 72556.41,"Total Cost": 73352.71,"Plan Rows": 5893,"Plan Width": 272,"Actual Startup Time": 923.936,"Actual Total Time": 979.527,"Actual Rows": 4,"Actual Loops": 1,"Group Key": ["n1.n_name", "n2.n_name", "(EXTRACT(year FROM lineitem.l_shipdate))"],"Plans": [{"Node Type": "Gather Merge","Parent Relationship": "Outer","Parallel Aware": false,"Async Capable": false,"Startup Cost": 72556.41,"Total Cost": 73202.94,"Plan Rows": 4910,"Plan Width": 272,"Actual Startup Time": 923.615,"Actual Total Time": 979.455,"Actual Rows": 12,"Actual Loops": 1,"Workers Planned": 2,"Workers Launched": 2,"Plans": [{"Node Type": "Aggregate","Strategy": "Sorted","Partial Mode": "Partial","Parent Relationship": "Outer","Parallel Aware": false,"Async Capable": false,"Startup Cost": 71556.39,"Total Cost": 71636.18,"Plan Rows": 2455,"Plan Width": 272,"Actual Startup Time": 915.299,"Actual Total Time": 916.025,"Actual Rows": 4,"Actual Loops": 3,"Group Key": ["n1.n_name", "n2.n_name", "(EXTRACT(year FROM lineitem.l_shipdate))"],"Workers": [],"Plans": [{"Node Type": "Sort","Parent Relationship": "Outer","Parallel Aware": false,"Async Capable": false,"Startup Cost": 71556.39,"Total Cost": 71562.53,"Plan Rows": 2455,"Plan Width": 252,"Actual Startup Time": 915.027,"Actual Total Time": 915.141,"Actual Rows": 1980,"Actual Loops": 3,"Sort Key": ["n1.n_name", "n2.n_name", "(EXTRACT(year FROM lineitem.l_shipdate))"],"Sort Method": "quicksort","Sort Space Used": 269,"Sort Space Type": "Memory","Workers": [{"Worker Number": 0,"Sort Method": "quicksort","Sort Space Used": 267,"Sort Space Type": "Memory"},{"Worker Number": 1,"Sort Method": "quicksort","Sort Space Used": 259,"Sort Space Type": "Memory"}],"Plans": [{"Node Type": "Hash Join","Parent Relationship": "Outer","Parallel Aware": false,"Async Capable": false,"Join Type": "Inner","Startup Cost": 366.16,"Total Cost": 71418.15,"Plan Rows": 2455,"Plan Width": 252,"Actual Startup Time": 10.021,"Actual Total Time": 913.230,"Actual Rows": 1980,"Actual Loops": 3,"Inner Unique": false,"Hash Cond": "(lineitem.l_suppkey = supplier.s_suppkey)","Join Filter": "(((n1.n_name = 'EGYPT'::bpchar) AND (n2.n_name = 'VIETNAM'::bpchar)) OR ((n1.n_name = 'VIETNAM'::bpchar) AND (n2.n_name = 'EGYPT'::bpchar)))","Rows Removed by Join Filter": 1974,"Workers": [],"Plans": [{"Node Type": "Nested Loop","Parent Relationship": "Outer","Parallel Aware": false,"Async Capable": false,"Join Type": "Inner","Startup Cost": 2.26,"Total Cost": 70727.78,"Plan Rows": 60250,"Plan Width": 124,"Actual Startup Time": 0.516,"Actual Total Time": 898.559,"Actual Rows": 48752,"Actual Loops": 3,"Inner Unique": false,"Workers": [],"Plans": [{"Node Type": "Nested Loop","Parent Relationship": "Outer","Parallel Aware": false,"Async Capable": false,"Join Type": "Inner","Startup Cost": 1.83,"Total Cost": 12400.01,"Plan Rows": 49000,"Plan Width": 108,"Actual Startup Time": 0.267,"Actual Total Time": 225.700,"Actual Rows": 39819,"Actual Loops": 3,"Inner Unique": false,"Workers": [],"Plans": [{"Node Type": "Hash Join","Parent Relationship": "Outer","Parallel Aware": false,"Async Capable": false,"Join Type": "Inner","Startup Cost": 1.40,"Total Cost": 4403.27,"Plan Rows": 4900,"Plan Width": 108,"Actual Startup Time": 0.184,"Actual Total Time": 47.077,"Actual Rows": 4001,"Actual Loops": 3,"Inner Unique": true,"Hash Cond": "(customer.c_nationkey = n2.n_nationkey)","Workers": [],"Plans": [{"Node Type": "Seq Scan","Parent Relationship": "Outer","Parallel Aware": true,"Async Capable": false,"Relation Name": "customer","Alias": "customer","Startup Cost": 0.00,"Total Cost": 4210.00,"Plan Rows": 62500,"Plan Width": 8,"Actual Startup Time": 0.014,"Actual Total Time": 9.549,"Actual Rows": 50000,"Actual Loops": 3,"Workers": []},{"Node Type": "Hash","Parent Relationship": "Inner","Parallel Aware": false,"Async Capable": false,"Startup Cost": 1.38,"Total Cost": 1.38,"Plan Rows": 2,"Plan Width": 108,"Actual Startup Time": 0.065,"Actual Total Time": 0.072,"Actual Rows": 2,"Actual Loops": 3,"Hash Buckets": 1024,"Original Hash Buckets": 1024,"Hash Batches": 1,"Original Hash Batches": 1,"Peak Memory Usage": 9,"Workers": [],"Plans": [{"Node Type": "Seq Scan","Parent Relationship": "Outer","Parallel Aware": false,"Async Capable": false,"Relation Name": "nation","Alias": "n2","Startup Cost": 0.00,"Total Cost": 1.38,"Plan Rows": 2,"Plan Width": 108,"Actual Startup Time": 0.046,"Actual Total Time": 0.053,"Actual Rows": 2,"Actual Loops": 3,"Filter": "((n_name = 'VIETNAM'::bpchar) OR (n_name = 'EGYPT'::bpchar))","Rows Removed by Filter": 23,"Workers": []}]}]},{"Node Type": "Index Scan","Parent Relationship": "Inner","Parallel Aware": false,"Async Capable": false,"Scan Direction": "Forward","Index Name": "idx_orders_custkey","Relation Name": "orders","Alias": "orders","Startup Cost": 0.43,"Total Cost": 1.46,"Plan Rows": 17,"Plan Width": 8,"Actual Startup Time": 0.007,"Actual Total Time": 0.043,"Actual Rows": 10,"Actual Loops": 12003,"Index Cond": "(o_custkey = customer.c_custkey)","Rows Removed by Index Recheck": 0,"Workers": []}]},{"Node Type": "Index Scan","Parent Relationship": "Inner","Parallel Aware": false,"Async Capable": false,"Scan Direction": "Forward","Index Name": "idx_lineitem_orderkey","Relation Name": "lineitem","Alias": "lineitem","Startup Cost": 0.43,"Total Cost": 1.14,"Plan Rows": 5,"Plan Width": 24,"Actual Startup Time": 0.016,"Actual Total Time": 0.017,"Actual Rows": 1,"Actual Loops": 119458,"Index Cond": "(l_orderkey = orders.o_orderkey)","Rows Removed by Index Recheck": 0,"Filter": "((l_shipdate >= '1995-01-01'::date) AND (l_shipdate <= '1996-12-31'::date))","Rows Removed by Filter": 3,"Workers": []}]},{"Node Type": "Hash","Parent Relationship": "Inner","Parallel Aware": false,"Async Capable": false,"Startup Cost": 354.10,"Total Cost": 354.10,"Plan Rows": 784,"Plan Width": 108,"Actual Startup Time": 7.312,"Actual Total Time": 7.330,"Actual Rows": 814,"Actual Loops": 3,"Hash Buckets": 1024,"Original Hash Buckets": 1024,"Hash Batches": 1,"Original Hash Batches": 1,"Peak Memory Usage": 58,"Workers": [],"Plans": [{"Node Type": "Hash Join","Parent Relationship": "Outer","Parallel Aware": false,"Async Capable": false,"Join Type": "Inner","Startup Cost": 1.40,"Total Cost": 354.10,"Plan Rows": 784,"Plan Width": 108,"Actual Startup Time": 0.068,"Actual Total Time": 7.148,"Actual Rows": 814,"Actual Loops": 3,"Inner Unique": true,"Hash Cond": "(supplier.s_nationkey = n1.n_nationkey)","Workers": [],"Plans": [{"Node Type": "Seq Scan","Parent Relationship": "Outer","Parallel Aware": false,"Async Capable": false,"Relation Name": "supplier","Alias": "supplier","Startup Cost": 0.00,"Total Cost": 322.00,"Plan Rows": 10000,"Plan Width": 8,"Actual Startup Time": 0.023,"Actual Total Time": 3.685,"Actual Rows": 10000,"Actual Loops": 3,"Workers": []},{"Node Type": "Hash","Parent Relationship": "Inner","Parallel Aware": false,"Async Capable": false,"Startup Cost": 1.38,"Total Cost": 1.38,"Plan Rows": 2,"Plan Width": 108,"Actual Startup Time": 0.011,"Actual Total Time": 0.016,"Actual Rows": 2,"Actual Loops": 3,"Hash Buckets": 1024,"Original Hash Buckets": 1024,"Hash Batches": 1,"Original Hash Batches": 1,"Peak Memory Usage": 9,"Workers": [],"Plans": [{"Node Type": "Seq Scan","Parent Relationship": "Outer","Parallel Aware": false,"Async Capable": false,"Relation Name": "nation","Alias": "n1","Startup Cost": 0.00,"Total Cost": 1.38,"Plan Rows": 2,"Plan Width": 108,"Actual Startup Time": 0.004,"Actual Total Time": 0.009,"Actual Rows": 2,"Actual Loops": 3,"Filter": "((n_name = 'EGYPT'::bpchar) OR (n_name = 'VIETNAM'::bpchar))","Rows Removed by Filter": 23,"Workers": []}]}]}]}]}]}]}]}]},"Planning Time": 9.640,"Triggers": [],"Execution Time": 979.951}]
[{"Plan": {"Node Type": "Aggregate","Strategy": "Sorted","Partial Mode": "Finalize","Parallel Aware": false,"Async Capable": false,"Startup Cost": 72556.41,"Total Cost": 73352.71,"Plan Rows": 5893,"Plan Width": 272,"Actual Startup Time": 913.507,"Actual Total Time": 961.363,"Actual Rows": 4,"Actual Loops": 1,"Group Key": ["n1.n_name", "n2.n_name", "(EXTRACT(year FROM lineitem.l_shipdate))"],"Plans": [{"Node Type": "Gather Merge","Parent Relationship": "Outer","Parallel Aware": false,"Async Capable": false,"Startup Cost": 72556.41,"Total Cost": 73202.94,"Plan Rows": 4910,"Plan Width": 272,"Actual Startup Time": 913.231,"Actual Total Time": 961.295,"Actual Rows": 12,"Actual Loops": 1,"Workers Planned": 2,"Workers Launched": 2,"Plans": [{"Node Type": "Aggregate","Strategy": "Sorted","Partial Mode": "Partial","Parent Relationship": "Outer","Parallel Aware": false,"Async Capable": false,"Startup Cost": 71556.39,"Total Cost": 71636.18,"Plan Rows": 2455,"Plan Width": 272,"Actual Startup Time": 904.830,"Actual Total Time": 905.575,"Actual Rows": 4,"Actual Loops": 3,"Group Key": ["n1.n_name", "n2.n_name", "(EXTRACT(year FROM lineitem.l_shipdate))"],"Workers": [],"Plans": [{"Node Type": "Sort","Parent Relationship": "Outer","Parallel Aware": false,"Async Capable": false,"Startup Cost": 71556.39,"Total Cost": 71562.53,"Plan Rows": 2455,"Plan Width": 252,"Actual Startup Time": 904.552,"Actual Total Time": 904.657,"Actual Rows": 2018,"Actual Loops": 3,"Sort Key": ["n1.n_name", "n2.n_name", "(EXTRACT(year FROM lineitem.l_shipdate))"],"Sort Method": "quicksort","Sort Space Used": 264,"Sort Space Type": "Memory","Workers": [{"Worker Number": 0,"Sort Method": "quicksort","Sort Space Used": 265,"Sort Space Type": "Memory"},{"Worker Number": 1,"Sort Method": "quicksort","Sort Space Used": 327,"Sort Space Type": "Memory"}],"Plans": [{"Node Type": "Hash Join","Parent Relationship": "Outer","Parallel Aware": false,"Async Capable": false,"Join Type": "Inner","Startup Cost": 366.16,"Total Cost": 71418.15,"Plan Rows": 2455,"Plan Width": 252,"Actual Startup Time": 8.403,"Actual Total Time": 902.656,"Actual Rows": 2018,"Actual Loops": 3,"Inner Unique": false,"Hash Cond": "(lineitem.l_suppkey = supplier.s_suppkey)","Join Filter": "(((n1.n_name = 'PERU'::bpchar) AND (n2.n_name = 'CHINA'::bpchar)) OR ((n1.n_name = 'CHINA'::bpchar) AND (n2.n_name = 'PERU'::bpchar)))","Rows Removed by Join Filter": 2015,"Workers": [],"Plans": [{"Node Type": "Nested Loop","Parent Relationship": "Outer","Parallel Aware": false,"Async Capable": false,"Join Type": "Inner","Startup Cost": 2.26,"Total Cost": 70727.78,"Plan Rows": 60250,"Plan Width": 124,"Actual Startup Time": 0.918,"Actual Total Time": 888.175,"Actual Rows": 48561,"Actual Loops": 3,"Inner Unique": false,"Workers": [],"Plans": [{"Node Type": "Nested Loop","Parent Relationship": "Outer","Parallel Aware": false,"Async Capable": false,"Join Type": "Inner","Startup Cost": 1.83,"Total Cost": 12400.01,"Plan Rows": 49000,"Plan Width": 108,"Actual Startup Time": 0.287,"Actual Total Time": 219.498,"Actual Rows": 39934,"Actual Loops": 3,"Inner Unique": false,"Workers": [],"Plans": [{"Node Type": "Hash Join","Parent Relationship": "Outer","Parallel Aware": false,"Async Capable": false,"Join Type": "Inner","Startup Cost": 1.40,"Total Cost": 4403.27,"Plan Rows": 4900,"Plan Width": 108,"Actual Startup Time": 0.183,"Actual Total Time": 42.592,"Actual Rows": 4000,"Actual Loops": 3,"Inner Unique": true,"Hash Cond": "(customer.c_nationkey = n2.n_nationkey)","Workers": [],"Plans": [{"Node Type": "Seq Scan","Parent Relationship": "Outer","Parallel Aware": true,"Async Capable": false,"Relation Name": "customer","Alias": "customer","Startup Cost": 0.00,"Total Cost": 4210.00,"Plan Rows": 62500,"Plan Width": 8,"Actual Startup Time": 0.020,"Actual Total Time": 9.090,"Actual Rows": 50000,"Actual Loops": 3,"Workers": []},{"Node Type": "Hash","Parent Relationship": "Inner","Parallel Aware": false,"Async Capable": false,"Startup Cost": 1.38,"Total Cost": 1.38,"Plan Rows": 2,"Plan Width": 108,"Actual Startup Time": 0.073,"Actual Total Time": 0.079,"Actual Rows": 2,"Actual Loops": 3,"Hash Buckets": 1024,"Original Hash Buckets": 1024,"Hash Batches": 1,"Original Hash Batches": 1,"Peak Memory Usage": 9,"Workers": [],"Plans": [{"Node Type": "Seq Scan","Parent Relationship": "Outer","Parallel Aware": false,"Async Capable": false,"Relation Name": "nation","Alias": "n2","Startup Cost": 0.00,"Total Cost": 1.38,"Plan Rows": 2,"Plan Width": 108,"Actual Startup Time": 0.055,"Actual Total Time": 0.059,"Actual Rows": 2,"Actual Loops": 3,"Filter": "((n_name = 'CHINA'::bpchar) OR (n_name = 'PERU'::bpchar))","Rows Removed by Filter": 23,"Workers": []}]}]},{"Node Type": "Index Scan","Parent Relationship": "Inner","Parallel Aware": false,"Async Capable": false,"Scan Direction": "Forward","Index Name": "idx_orders_custkey","Relation Name": "orders","Alias": "orders","Startup Cost": 0.43,"Total Cost": 1.46,"Plan Rows": 17,"Plan Width": 8,"Actual Startup Time": 0.007,"Actual Total Time": 0.043,"Actual Rows": 10,"Actual Loops": 11999,"Index Cond": "(o_custkey = customer.c_custkey)","Rows Removed by Index Recheck": 0,"Workers": []}]},{"Node Type": "Index Scan","Parent Relationship": "Inner","Parallel Aware": false,"Async Capable": false,"Scan Direction": "Forward","Index Name": "idx_lineitem_orderkey","Relation Name": "lineitem","Alias": "lineitem","Startup Cost": 0.43,"Total Cost": 1.14,"Plan Rows": 5,"Plan Width": 24,"Actual Startup Time": 0.016,"Actual Total Time": 0.016,"Actual Rows": 1,"Actual Loops": 119802,"Index Cond": "(l_orderkey = orders.o_orderkey)","Rows Removed by Index Recheck": 0,"Filter": "((l_shipdate >= '1995-01-01'::date) AND (l_shipdate <= '1996-12-31'::date))","Rows Removed by Filter": 3,"Workers": []}]},{"Node Type": "Hash","Parent Relationship": "Inner","Parallel Aware": false,"Async Capable": false,"Startup Cost": 354.10,"Total Cost": 354.10,"Plan Rows": 784,"Plan Width": 108,"Actual Startup Time": 7.386,"Actual Total Time": 7.399,"Actual Rows": 828,"Actual Loops": 3,"Hash Buckets": 1024,"Original Hash Buckets": 1024,"Hash Batches": 1,"Original Hash Batches": 1,"Peak Memory Usage": 59,"Workers": [],"Plans": [{"Node Type": "Hash Join","Parent Relationship": "Outer","Parallel Aware": false,"Async Capable": false,"Join Type": "Inner","Startup Cost": 1.40,"Total Cost": 354.10,"Plan Rows": 784,"Plan Width": 108,"Actual Startup Time": 0.073,"Actual Total Time": 7.167,"Actual Rows": 828,"Actual Loops": 3,"Inner Unique": true,"Hash Cond": "(supplier.s_nationkey = n1.n_nationkey)","Workers": [],"Plans": [{"Node Type": "Seq Scan","Parent Relationship": "Outer","Parallel Aware": false,"Async Capable": false,"Relation Name": "supplier","Alias": "supplier","Startup Cost": 0.00,"Total Cost": 322.00,"Plan Rows": 10000,"Plan Width": 8,"Actual Startup Time": 0.029,"Actual Total Time": 3.808,"Actual Rows": 10000,"Actual Loops": 3,"Workers": []},{"Node Type": "Hash","Parent Relationship": "Inner","Parallel Aware": false,"Async Capable": false,"Startup Cost": 1.38,"Total Cost": 1.38,"Plan Rows": 2,"Plan Width": 108,"Actual Startup Time": 0.015,"Actual Total Time": 0.020,"Actual Rows": 2,"Actual Loops": 3,"Hash Buckets": 1024,"Original Hash Buckets": 1024,"Hash Batches": 1,"Original Hash Batches": 1,"Peak Memory Usage": 9,"Workers": [],"Plans": [{"Node Type": "Seq Scan","Parent Relationship": "Outer","Parallel Aware": false,"Async Capable": false,"Relation Name": "nation","Alias": "n1","Startup Cost": 0.00,"Total Cost": 1.38,"Plan Rows": 2,"Plan Width": 108,"Actual Startup Time": 0.007,"Actual Total Time": 0.011,"Actual Rows": 2,"Actual Loops": 3,"Filter": "((n_name = 'PERU'::bpchar) OR (n_name = 'CHINA'::bpchar))","Rows Removed by Filter": 23,"Workers": []}]}]}]}]}]}]}]}]},"Planning Time": 9.571,"Triggers": [],"Execution Time": 961.944}]
[{"Plan": {"Node Type": "Aggregate","Strategy": "Sorted","Partial Mode": "Finalize","Parallel Aware": false,"Async Capable": false,"Startup Cost": 72556.41,"Total Cost": 73352.71,"Plan Rows": 5893,"Plan Width": 272,"Actual Startup Time": 913.507,"Actual Total Time": 961.363,"Actual Rows": 4,"Actual Loops": 1,"Group Key": ["n1.n_name", "n2.n_name", "(EXTRACT(year FROM lineitem.l_shipdate))"],"Plans": [{"Node Type": "Gather Merge","Parent Relationship": "Outer","Parallel Aware": false,"Async Capable": false,"Startup Cost": 72556.41,"Total Cost": 73202.94,"Plan Rows": 4910,"Plan Width": 272,"Actual Startup Time": 913.231,"Actual Total Time": 961.295,"Actual Rows": 12,"Actual Loops": 1,"Workers Planned": 2,"Workers Launched": 2,"Plans": [{"Node Type": "Aggregate","Strategy": "Sorted","Partial Mode": "Partial","Parent Relationship": "Outer","Parallel Aware": false,"Async Capable": false,"Startup Cost": 71556.39,"Total Cost": 71636.18,"Plan Rows": 2455,"Plan Width": 272,"Actual Startup Time": 904.830,"Actual Total Time": 905.575,"Actual Rows": 4,"Actual Loops": 3,"Group Key": ["n1.n_name", "n2.n_name", "(EXTRACT(year FROM lineitem.l_shipdate))"],"Workers": [],"Plans": [{"Node Type": "Sort","Parent Relationship": "Outer","Parallel Aware": false,"Async Capable": false,"Startup Cost": 71556.39,"Total Cost": 71562.53,"Plan Rows": 2455,"Plan Width": 252,"Actual Startup Time": 904.552,"Actual Total Time": 904.657,"Actual Rows": 2018,"Actual Loops": 3,"Sort Key": ["n1.n_name", "n2.n_name", "(EXTRACT(year FROM lineitem.l_shipdate))"],"Sort Method": "quicksort","Sort Space Used": 264,"Sort Space Type": "Memory","Workers": [{"Worker Number": 0,"Sort Method": "quicksort","Sort Space Used": 265,"Sort Space Type": "Memory"},{"Worker Number": 1,"Sort Method": "quicksort","Sort Space Used": 327,"Sort Space Type": "Memory"}],"Plans": [{"Node Type": "Hash Join","Parent Relationship": "Outer","Parallel Aware": false,"Async Capable": false,"Join Type": "Inner","Startup Cost": 366.16,"Total Cost": 71418.15,"Plan Rows": 2455,"Plan Width": 252,"Actual Startup Time": 8.403,"Actual Total Time": 902.656,"Actual Rows": 2018,"Actual Loops": 3,"Inner Unique": false,"Hash Cond": "(lineitem.l_suppkey = supplier.s_suppkey)","Join Filter": "(((n1.n_name = 'PERU'::bpchar) AND (n2.n_name = 'CHINA'::bpchar)) OR ((n1.n_name = 'CHINA'::bpchar) AND (n2.n_name = 'PERU'::bpchar)))","Rows Removed by Join Filter": 2015,"Workers": [],"Plans": [{"Node Type": "Nested Loop","Parent Relationship": "Outer","Parallel Aware": false,"Async Capable": false,"Join Type": "Inner","Startup Cost": 2.26,"Total Cost": 70727.78,"Plan Rows": 60250,"Plan Width": 124,"Actual Startup Time": 0.918,"Actual Total Time": 888.175,"Actual Rows": 48561,"Actual Loops": 3,"Inner Unique": false,"Workers": [],"Plans": [{"Node Type": "Nested Loop","Parent Relationship": "Outer","Parallel Aware": false,"Async Capable": false,"Join Type": "Inner","Startup Cost": 1.83,"Total Cost": 12400.01,"Plan Rows": 49000,"Plan Width": 108,"Actual Startup Time": 0.287,"Actual Total Time": 219.498,"Actual Rows": 39934,"Actual Loops": 3,"Inner Unique": false,"Workers": [],"Plans": [{"Node Type": "Hash Join","Parent Relationship": "Outer","Parallel Aware": false,"Async Capable": false,"Join Type": "Inner","Startup Cost": 1.40,"Total Cost": 4403.27,"Plan Rows": 4900,"Plan Width": 108,"Actual Startup Time": 0.183,"Actual Total Time": 42.592,"Actual Rows": 4000,"Actual Loops": 3,"Inner Unique": true,"Hash Cond": "(customer.c_nationkey = n2.n_nationkey)","Workers": [],"Plans": [{"Node Type": "Seq Scan","Parent Relationship": "Outer","Parallel Aware": true,"Async Capable": false,"Relation Name": "customer","Alias": "customer","Startup Cost": 0.00,"Total Cost": 4210.00,"Plan Rows": 62500,"Plan Width": 8,"Actual Startup Time": 0.020,"Actual Total Time": 9.090,"Actual Rows": 50000,"Actual Loops": 3,"Workers": []},{"Node Type": "Hash","Parent Relationship": "Inner","Parallel Aware": false,"Async Capable": false,"Startup Cost": 1.38,"Total Cost": 1.38,"Plan Rows": 2,"Plan Width": 108,"Actual Startup Time": 0.073,"Actual Total Time": 0.079,"Actual Rows": 2,"Actual Loops": 3,"Hash Buckets": 1024,"Original Hash Buckets": 1024,"Hash Batches": 1,"Original Hash Batches": 1,"Peak Memory Usage": 9,"Workers": [],"Plans": [{"Node Type": "Seq Scan","Parent Relationship": "Outer","Parallel Aware": false,"Async Capable": false,"Relation Name": "nation","Alias": "n2","Startup Cost": 0.00,"Total Cost": 1.38,"Plan Rows": 2,"Plan Width": 108,"Actual Startup Time": 0.055,"Actual Total Time": 0.059,"Actual Rows": 2,"Actual Loops": 3,"Filter": "((n_name = 'CHINA'::bpchar) OR (n_name = 'PERU'::bpchar))","Rows Removed by Filter": 23,"Workers": []}]}]},{"Node Type": "Index Scan","Parent Relationship": "Inner","Parallel Aware": false,"Async Capable": false,"Scan Direction": "Forward","Index Name": "idx_orders_custkey","Relation Name": "orders","Alias": "orders","Startup Cost": 0.43,"Total Cost": 1.46,"Plan Rows": 17,"Plan Width": 8,"Actual Startup Time": 0.007,"Actual Total Time": 0.043,"Actual Rows": 10,"Actual Loops": 11999,"Index Cond": "(o_custkey = customer.c_custkey)","Rows Removed by Index Recheck": 0,"Workers": []}]},{"Node Type": "Index Scan","Parent Relationship": "Inner","Parallel Aware": false,"Async Capable": false,"Scan Direction": "Forward","Index Name": "idx_lineitem_orderkey","Relation Name": "lineitem","Alias": "lineitem","Startup Cost": 0.43,"Total Cost": 1.14,"Plan Rows": 5,"Plan Width": 24,"Actual Startup Time": 0.016,"Actual Total Time": 0.016,"Actual Rows": 1,"Actual Loops": 119802,"Index Cond": "(l_orderkey = orders.o_orderkey)","Rows Removed by Index Recheck": 0,"Filter": "((l_shipdate >= '1995-01-01'::date) AND (l_shipdate <= '1996-12-31'::date))","Rows Removed by Filter": 3,"Workers": []}]},{"Node Type": "Hash","Parent Relationship": "Inner","Parallel Aware": false,"Async Capable": false,"Startup Cost": 354.10,"Total Cost": 354.10,"Plan Rows": 784,"Plan Width": 108,"Actual Startup Time": 7.386,"Actual Total Time": 7.399,"Actual Rows": 828,"Actual Loops": 3,"Hash Buckets": 1024,"Original Hash Buckets": 1024,"Hash Batches": 1,"Original Hash Batches": 1,"Peak Memory Usage": 59,"Workers": [],"Plans": [{"Node Type": "Hash Join","Parent Relationship": "Outer","Parallel Aware": false,"Async Capable": false,"Join Type": "Inner","Startup Cost": 1.40,"Total Cost": 354.10,"Plan Rows": 784,"Plan Width": 108,"Actual Startup Time": 0.073,"Actual Total Time": 7.167,"Actual Rows": 828,"Actual Loops": 3,"Inner Unique": true,"Hash Cond": "(supplier.s_nationkey = n1.n_nationkey)","Workers": [],"Plans": [{"Node Type": "Seq Scan","Parent Relationship": "Outer","Parallel Aware": false,"Async Capable": false,"Relation Name": "supplier","Alias": "supplier","Startup Cost": 0.00,"Total Cost": 322.00,"Plan Rows": 10000,"Plan Width": 8,"Actual Startup Time": 0.029,"Actual Total Time": 3.808,"Actual Rows": 10000,"Actual Loops": 3,"Workers": []},{"Node Type": "Hash","Parent Relationship": "Inner","Parallel Aware": false,"Async Capable": false,"Startup Cost": 1.38,"Total Cost": 1.38,"Plan Rows": 2,"Plan Width": 108,"Actual Startup Time": 0.015,"Actual Total Time": 0.020,"Actual Rows": 2,"Actual Loops": 3,"Hash Buckets": 1024,"Original Hash Buckets": 1024,"Hash Batches": 1,"Original Hash Batches": 1,"Peak Memory Usage": 9,"Workers": [],"Plans": [{"Node Type": "Seq Scan","Parent Relationship": "Outer","Parallel Aware": false,"Async Capable": false,"Relation Name": "nation","Alias": "n1","Startup Cost": 0.00,"Total Cost": 1.38,"Plan Rows": 2,"Plan Width": 108,"Actual Startup Time": 0.007,"Actual Total Time": 0.011,"Actual Rows": 2,"Actual Loops": 3,"Filter": "((n_name = 'PERU'::bpchar) OR (n_name = 'CHINA'::bpchar))","Rows Removed by Filter": 23,"Workers": []}]}]}]}]}]}]}]}]},"Planning Time": 9.571,"Triggers": [],"Execution Time": 961.944}]
[{"Plan": {"Node Type": "Aggregate","Strategy": "Sorted","Partial Mode": "Finalize","Parallel Aware": false,"Async Capable": false,"Startup Cost": 72556.41,"Total Cost": 73352.71,"Plan Rows": 5893,"Plan Width": 272,"Actual Startup Time": 912.865,"Actual Total Time": 963.185,"Actual Rows": 4,"Actual Loops": 1,"Group Key": ["n1.n_name", "n2.n_name", "(EXTRACT(year FROM lineitem.l_shipdate))"],"Plans": [{"Node Type": "Gather Merge","Parent Relationship": "Outer","Parallel Aware": false,"Async Capable": false,"Startup Cost": 72556.41,"Total Cost": 73202.94,"Plan Rows": 4910,"Plan Width": 272,"Actual Startup Time": 912.545,"Actual Total Time": 963.094,"Actual Rows": 12,"Actual Loops": 1,"Workers Planned": 2,"Workers Launched": 2,"Plans": [{"Node Type": "Aggregate","Strategy": "Sorted","Partial Mode": "Partial","Parent Relationship": "Outer","Parallel Aware": false,"Async Capable": false,"Startup Cost": 71556.39,"Total Cost": 71636.18,"Plan Rows": 2455,"Plan Width": 272,"Actual Startup Time": 904.420,"Actual Total Time": 905.131,"Actual Rows": 4,"Actual Loops": 3,"Group Key": ["n1.n_name", "n2.n_name", "(EXTRACT(year FROM lineitem.l_shipdate))"],"Workers": [],"Plans": [{"Node Type": "Sort","Parent Relationship": "Outer","Parallel Aware": false,"Async Capable": false,"Startup Cost": 71556.39,"Total Cost": 71562.53,"Plan Rows": 2455,"Plan Width": 252,"Actual Startup Time": 904.188,"Actual Total Time": 904.287,"Actual Rows": 1899,"Actual Loops": 3,"Sort Key": ["n1.n_name", "n2.n_name", "(EXTRACT(year FROM lineitem.l_shipdate))"],"Sort Method": "quicksort","Sort Space Used": 252,"Sort Space Type": "Memory","Workers": [{"Worker Number": 0,"Sort Method": "quicksort","Sort Space Used": 254,"Sort Space Type": "Memory"},{"Worker Number": 1,"Sort Method": "quicksort","Sort Space Used": 263,"Sort Space Type": "Memory"}],"Plans": [{"Node Type": "Hash Join","Parent Relationship": "Outer","Parallel Aware": false,"Async Capable": false,"Join Type": "Inner","Startup Cost": 366.16,"Total Cost": 71418.15,"Plan Rows": 2455,"Plan Width": 252,"Actual Startup Time": 10.475,"Actual Total Time": 902.408,"Actual Rows": 1899,"Actual Loops": 3,"Inner Unique": false,"Hash Cond": "(lineitem.l_suppkey = supplier.s_suppkey)","Join Filter": "(((n1.n_name = 'PERU'::bpchar) AND (n2.n_name = 'KENYA'::bpchar)) OR ((n1.n_name = 'KENYA'::bpchar) AND (n2.n_name = 'PERU'::bpchar)))","Rows Removed by Join Filter": 1898,"Workers": [],"Plans": [{"Node Type": "Nested Loop","Parent Relationship": "Outer","Parallel Aware": false,"Async Capable": false,"Join Type": "Inner","Startup Cost": 2.26,"Total Cost": 70727.78,"Plan Rows": 60250,"Plan Width": 124,"Actual Startup Time": 0.717,"Actual Total Time": 886.585,"Actual Rows": 47739,"Actual Loops": 3,"Inner Unique": false,"Workers": [],"Plans": [{"Node Type": "Nested Loop","Parent Relationship": "Outer","Parallel Aware": false,"Async Capable": false,"Join Type": "Inner","Startup Cost": 1.83,"Total Cost": 12400.01,"Plan Rows": 49000,"Plan Width": 108,"Actual Startup Time": 0.310,"Actual Total Time": 223.758,"Actual Rows": 39319,"Actual Loops": 3,"Inner Unique": false,"Workers": [],"Plans": [{"Node Type": "Hash Join","Parent Relationship": "Outer","Parallel Aware": false,"Async Capable": false,"Join Type": "Inner","Startup Cost": 1.40,"Total Cost": 4403.27,"Plan Rows": 4900,"Plan Width": 108,"Actual Startup Time": 0.192,"Actual Total Time": 47.112,"Actual Rows": 3989,"Actual Loops": 3,"Inner Unique": true,"Hash Cond": "(customer.c_nationkey = n2.n_nationkey)","Workers": [],"Plans": [{"Node Type": "Seq Scan","Parent Relationship": "Outer","Parallel Aware": true,"Async Capable": false,"Relation Name": "customer","Alias": "customer","Startup Cost": 0.00,"Total Cost": 4210.00,"Plan Rows": 62500,"Plan Width": 8,"Actual Startup Time": 0.013,"Actual Total Time": 9.476,"Actual Rows": 50000,"Actual Loops": 3,"Workers": []},{"Node Type": "Hash","Parent Relationship": "Inner","Parallel Aware": false,"Async Capable": false,"Startup Cost": 1.38,"Total Cost": 1.38,"Plan Rows": 2,"Plan Width": 108,"Actual Startup Time": 0.084,"Actual Total Time": 0.089,"Actual Rows": 2,"Actual Loops": 3,"Hash Buckets": 1024,"Original Hash Buckets": 1024,"Hash Batches": 1,"Original Hash Batches": 1,"Peak Memory Usage": 9,"Workers": [],"Plans": [{"Node Type": "Seq Scan","Parent Relationship": "Outer","Parallel Aware": false,"Async Capable": false,"Relation Name": "nation","Alias": "n2","Startup Cost": 0.00,"Total Cost": 1.38,"Plan Rows": 2,"Plan Width": 108,"Actual Startup Time": 0.056,"Actual Total Time": 0.063,"Actual Rows": 2,"Actual Loops": 3,"Filter": "((n_name = 'KENYA'::bpchar) OR (n_name = 'PERU'::bpchar))","Rows Removed by Filter": 23,"Workers": []}]}]},{"Node Type": "Index Scan","Parent Relationship": "Inner","Parallel Aware": false,"Async Capable": false,"Scan Direction": "Forward","Index Name": "idx_orders_custkey","Relation Name": "orders","Alias": "orders","Startup Cost": 0.43,"Total Cost": 1.46,"Plan Rows": 17,"Plan Width": 8,"Actual Startup Time": 0.007,"Actual Total Time": 0.043,"Actual Rows": 10,"Actual Loops": 11967,"Index Cond": "(o_custkey = customer.c_custkey)","Rows Removed by Index Recheck": 0,"Workers": []}]},{"Node Type": "Index Scan","Parent Relationship": "Inner","Parallel Aware": false,"Async Capable": false,"Scan Direction": "Forward","Index Name": "idx_lineitem_orderkey","Relation Name": "lineitem","Alias": "lineitem","Startup Cost": 0.43,"Total Cost": 1.14,"Plan Rows": 5,"Plan Width": 24,"Actual Startup Time": 0.016,"Actual Total Time": 0.017,"Actual Rows": 1,"Actual Loops": 117958,"Index Cond": "(l_orderkey = orders.o_orderkey)","Rows Removed by Index Recheck": 0,"Filter": "((l_shipdate >= '1995-01-01'::date) AND (l_shipdate <= '1996-12-31'::date))","Rows Removed by Filter": 3,"Workers": []}]},{"Node Type": "Hash","Parent Relationship": "Inner","Parallel Aware": false,"Async Capable": false,"Startup Cost": 354.10,"Total Cost": 354.10,"Plan Rows": 784,"Plan Width": 108,"Actual Startup Time": 8.674,"Actual Total Time": 8.685,"Actual Rows": 797,"Actual Loops": 3,"Hash Buckets": 1024,"Original Hash Buckets": 1024,"Hash Batches": 1,"Original Hash Batches": 1,"Peak Memory Usage": 57,"Workers": [],"Plans": [{"Node Type": "Hash Join","Parent Relationship": "Outer","Parallel Aware": false,"Async Capable": false,"Join Type": "Inner","Startup Cost": 1.40,"Total Cost": 354.10,"Plan Rows": 784,"Plan Width": 108,"Actual Startup Time": 0.082,"Actual Total Time": 8.484,"Actual Rows": 797,"Actual Loops": 3,"Inner Unique": true,"Hash Cond": "(supplier.s_nationkey = n1.n_nationkey)","Workers": [],"Plans": [{"Node Type": "Seq Scan","Parent Relationship": "Outer","Parallel Aware": false,"Async Capable": false,"Relation Name": "supplier","Alias": "supplier","Startup Cost": 0.00,"Total Cost": 322.00,"Plan Rows": 10000,"Plan Width": 8,"Actual Startup Time": 0.033,"Actual Total Time": 4.279,"Actual Rows": 10000,"Actual Loops": 3,"Workers": []},{"Node Type": "Hash","Parent Relationship": "Inner","Parallel Aware": false,"Async Capable": false,"Startup Cost": 1.38,"Total Cost": 1.38,"Plan Rows": 2,"Plan Width": 108,"Actual Startup Time": 0.020,"Actual Total Time": 0.025,"Actual Rows": 2,"Actual Loops": 3,"Hash Buckets": 1024,"Original Hash Buckets": 1024,"Hash Batches": 1,"Original Hash Batches": 1,"Peak Memory Usage": 9,"Workers": [],"Plans": [{"Node Type": "Seq Scan","Parent Relationship": "Outer","Parallel Aware": false,"Async Capable": false,"Relation Name": "nation","Alias": "n1","Startup Cost": 0.00,"Total Cost": 1.38,"Plan Rows": 2,"Plan Width": 108,"Actual Startup Time": 0.010,"Actual Total Time": 0.014,"Actual Rows": 2,"Actual Loops": 3,"Filter": "((n_name = 'PERU'::bpchar) OR (n_name = 'KENYA'::bpchar))","Rows Removed by Filter": 23,"Workers": []}]}]}]}]}]}]}]}]},"Planning Time": 8.998,"Triggers": [],"Execution Time": 963.616}]
[{"Plan": {"Node Type": "Aggregate","Strategy": "Sorted","Partial Mode": "Finalize","Parallel Aware": false,"Async Capable": false,"Startup Cost": 72556.41,"Total Cost": 73352.71,"Plan Rows": 5893,"Plan Width": 272,"Actual Startup Time": 928.118,"Actual Total Time": 973.240,"Actual Rows": 4,"Actual Loops": 1,"Group Key": ["n1.n_name", "n2.n_name", "(EXTRACT(year FROM lineitem.l_shipdate))"],"Plans": [{"Node Type": "Gather Merge","Parent Relationship": "Outer","Parallel Aware": false,"Async Capable": false,"Startup Cost": 72556.41,"Total Cost": 73202.94,"Plan Rows": 4910,"Plan Width": 272,"Actual Startup Time": 927.330,"Actual Total Time": 973.144,"Actual Rows": 12,"Actual Loops": 1,"Workers Planned": 2,"Workers Launched": 2,"Plans": [{"Node Type": "Aggregate","Strategy": "Sorted","Partial Mode": "Partial","Parent Relationship": "Outer","Parallel Aware": false,"Async Capable": false,"Startup Cost": 71556.39,"Total Cost": 71636.18,"Plan Rows": 2455,"Plan Width": 272,"Actual Startup Time": 919.135,"Actual Total Time": 919.970,"Actual Rows": 4,"Actual Loops": 3,"Group Key": ["n1.n_name", "n2.n_name", "(EXTRACT(year FROM lineitem.l_shipdate))"],"Workers": [],"Plans": [{"Node Type": "Sort","Parent Relationship": "Outer","Parallel Aware": false,"Async Capable": false,"Startup Cost": 71556.39,"Total Cost": 71562.53,"Plan Rows": 2455,"Plan Width": 252,"Actual Startup Time": 918.894,"Actual Total Time": 919.011,"Actual Rows": 1859,"Actual Loops": 3,"Sort Key": ["n1.n_name", "n2.n_name", "(EXTRACT(year FROM lineitem.l_shipdate))"],"Sort Method": "quicksort","Sort Space Used": 272,"Sort Space Type": "Memory","Workers": [{"Worker Number": 0,"Sort Method": "quicksort","Sort Space Used": 243,"Sort Space Type": "Memory"},{"Worker Number": 1,"Sort Method": "quicksort","Sort Space Used": 241,"Sort Space Type": "Memory"}],"Plans": [{"Node Type": "Hash Join","Parent Relationship": "Outer","Parallel Aware": false,"Async Capable": false,"Join Type": "Inner","Startup Cost": 366.16,"Total Cost": 71418.15,"Plan Rows": 2455,"Plan Width": 252,"Actual Startup Time": 11.494,"Actual Total Time": 917.123,"Actual Rows": 1859,"Actual Loops": 3,"Inner Unique": false,"Hash Cond": "(lineitem.l_suppkey = supplier.s_suppkey)","Join Filter": "(((n1.n_name = 'ETHIOPIA'::bpchar) AND (n2.n_name = 'MOZAMBIQUE'::bpchar)) OR ((n1.n_name = 'MOZAMBIQUE'::bpchar) AND (n2.n_name = 'ETHIOPIA'::bpchar)))","Rows Removed by Join Filter": 1960,"Workers": [],"Plans": [{"Node Type": "Nested Loop","Parent Relationship": "Outer","Parallel Aware": false,"Async Capable": false,"Join Type": "Inner","Startup Cost": 2.26,"Total Cost": 70727.78,"Plan Rows": 60250,"Plan Width": 124,"Actual Startup Time": 0.442,"Actual Total Time": 899.992,"Actual Rows": 49020,"Actual Loops": 3,"Inner Unique": false,"Workers": [],"Plans": [{"Node Type": "Nested Loop","Parent Relationship": "Outer","Parallel Aware": false,"Async Capable": false,"Join Type": "Inner","Startup Cost": 1.83,"Total Cost": 12400.01,"Plan Rows": 49000,"Plan Width": 108,"Actual Startup Time": 0.226,"Actual Total Time": 222.511,"Actual Rows": 40324,"Actual Loops": 3,"Inner Unique": false,"Workers": [],"Plans": [{"Node Type": "Hash Join","Parent Relationship": "Outer","Parallel Aware": false,"Async Capable": false,"Join Type": "Inner","Startup Cost": 1.40,"Total Cost": 4403.27,"Plan Rows": 4900,"Plan Width": 108,"Actual Startup Time": 0.149,"Actual Total Time": 44.563,"Actual Rows": 3975,"Actual Loops": 3,"Inner Unique": true,"Hash Cond": "(customer.c_nationkey = n2.n_nationkey)","Workers": [],"Plans": [{"Node Type": "Seq Scan","Parent Relationship": "Outer","Parallel Aware": true,"Async Capable": false,"Relation Name": "customer","Alias": "customer","Startup Cost": 0.00,"Total Cost": 4210.00,"Plan Rows": 62500,"Plan Width": 8,"Actual Startup Time": 0.016,"Actual Total Time": 9.122,"Actual Rows": 50000,"Actual Loops": 3,"Workers": []},{"Node Type": "Hash","Parent Relationship": "Inner","Parallel Aware": false,"Async Capable": false,"Startup Cost": 1.38,"Total Cost": 1.38,"Plan Rows": 2,"Plan Width": 108,"Actual Startup Time": 0.051,"Actual Total Time": 0.057,"Actual Rows": 2,"Actual Loops": 3,"Hash Buckets": 1024,"Original Hash Buckets": 1024,"Hash Batches": 1,"Original Hash Batches": 1,"Peak Memory Usage": 9,"Workers": [],"Plans": [{"Node Type": "Seq Scan","Parent Relationship": "Outer","Parallel Aware": false,"Async Capable": false,"Relation Name": "nation","Alias": "n2","Startup Cost": 0.00,"Total Cost": 1.38,"Plan Rows": 2,"Plan Width": 108,"Actual Startup Time": 0.039,"Actual Total Time": 0.044,"Actual Rows": 2,"Actual Loops": 3,"Filter": "((n_name = 'MOZAMBIQUE'::bpchar) OR (n_name = 'ETHIOPIA'::bpchar))","Rows Removed by Filter": 23,"Workers": []}]}]},{"Node Type": "Index Scan","Parent Relationship": "Inner","Parallel Aware": false,"Async Capable": false,"Scan Direction": "Forward","Index Name": "idx_orders_custkey","Relation Name": "orders","Alias": "orders","Startup Cost": 0.43,"Total Cost": 1.46,"Plan Rows": 17,"Plan Width": 8,"Actual Startup Time": 0.007,"Actual Total Time": 0.043,"Actual Rows": 10,"Actual Loops": 11926,"Index Cond": "(o_custkey = customer.c_custkey)","Rows Removed by Index Recheck": 0,"Workers": []}]},{"Node Type": "Index Scan","Parent Relationship": "Inner","Parallel Aware": false,"Async Capable": false,"Scan Direction": "Forward","Index Name": "idx_lineitem_orderkey","Relation Name": "lineitem","Alias": "lineitem","Startup Cost": 0.43,"Total Cost": 1.14,"Plan Rows": 5,"Plan Width": 24,"Actual Startup Time": 0.016,"Actual Total Time": 0.017,"Actual Rows": 1,"Actual Loops": 120973,"Index Cond": "(l_orderkey = orders.o_orderkey)","Rows Removed by Index Recheck": 0,"Filter": "((l_shipdate >= '1995-01-01'::date) AND (l_shipdate <= '1996-12-31'::date))","Rows Removed by Filter": 3,"Workers": []}]},{"Node Type": "Hash","Parent Relationship": "Inner","Parallel Aware": false,"Async Capable": false,"Startup Cost": 354.10,"Total Cost": 354.10,"Plan Rows": 784,"Plan Width": 108,"Actual Startup Time": 10.260,"Actual Total Time": 10.277,"Actual Rows": 786,"Actual Loops": 3,"Hash Buckets": 1024,"Original Hash Buckets": 1024,"Hash Batches": 1,"Original Hash Batches": 1,"Peak Memory Usage": 56,"Workers": [],"Plans": [{"Node Type": "Hash Join","Parent Relationship": "Outer","Parallel Aware": false,"Async Capable": false,"Join Type": "Inner","Startup Cost": 1.40,"Total Cost": 354.10,"Plan Rows": 784,"Plan Width": 108,"Actual Startup Time": 0.061,"Actual Total Time": 10.095,"Actual Rows": 786,"Actual Loops": 3,"Inner Unique": true,"Hash Cond": "(supplier.s_nationkey = n1.n_nationkey)","Workers": [],"Plans": [{"Node Type": "Seq Scan","Parent Relationship": "Outer","Parallel Aware": false,"Async Capable": false,"Relation Name": "supplier","Alias": "supplier","Startup Cost": 0.00,"Total Cost": 322.00,"Plan Rows": 10000,"Plan Width": 8,"Actual Startup Time": 0.026,"Actual Total Time": 4.096,"Actual Rows": 10000,"Actual Loops": 3,"Workers": []},{"Node Type": "Hash","Parent Relationship": "Inner","Parallel Aware": false,"Async Capable": false,"Startup Cost": 1.38,"Total Cost": 1.38,"Plan Rows": 2,"Plan Width": 108,"Actual Startup Time": 0.012,"Actual Total Time": 0.018,"Actual Rows": 2,"Actual Loops": 3,"Hash Buckets": 1024,"Original Hash Buckets": 1024,"Hash Batches": 1,"Original Hash Batches": 1,"Peak Memory Usage": 9,"Workers": [],"Plans": [{"Node Type": "Seq Scan","Parent Relationship": "Outer","Parallel Aware": false,"Async Capable": false,"Relation Name": "nation","Alias": "n1","Startup Cost": 0.00,"Total Cost": 1.38,"Plan Rows": 2,"Plan Width": 108,"Actual Startup Time": 0.004,"Actual Total Time": 0.009,"Actual Rows": 2,"Actual Loops": 3,"Filter": "((n_name = 'ETHIOPIA'::bpchar) OR (n_name = 'MOZAMBIQUE'::bpchar))","Rows Removed by Filter": 23,"Workers": []}]}]}]}]}]}]}]}]},"Planning Time": 9.200,"Triggers": [],"Execution Time": 973.664}]
[{"Plan": {"Node Type": "Aggregate","Strategy": "Sorted","Partial Mode": "Finalize","Parallel Aware": false,"Async Capable": false,"Startup Cost": 72556.41,"Total Cost": 73352.71,"Plan Rows": 5893,"Plan Width": 272,"Actual Startup Time": 923.355,"Actual Total Time": 968.189,"Actual Rows": 4,"Actual Loops": 1,"Group Key": ["n1.n_name", "n2.n_name", "(EXTRACT(year FROM lineitem.l_shipdate))"],"Plans": [{"Node Type": "Gather Merge","Parent Relationship": "Outer","Parallel Aware": false,"Async Capable": false,"Startup Cost": 72556.41,"Total Cost": 73202.94,"Plan Rows": 4910,"Plan Width": 272,"Actual Startup Time": 922.846,"Actual Total Time": 968.105,"Actual Rows": 12,"Actual Loops": 1,"Workers Planned": 2,"Workers Launched": 2,"Plans": [{"Node Type": "Aggregate","Strategy": "Sorted","Partial Mode": "Partial","Parent Relationship": "Outer","Parallel Aware": false,"Async Capable": false,"Startup Cost": 71556.39,"Total Cost": 71636.18,"Plan Rows": 2455,"Plan Width": 272,"Actual Startup Time": 914.940,"Actual Total Time": 915.751,"Actual Rows": 4,"Actual Loops": 3,"Group Key": ["n1.n_name", "n2.n_name", "(EXTRACT(year FROM lineitem.l_shipdate))"],"Workers": [],"Plans": [{"Node Type": "Sort","Parent Relationship": "Outer","Parallel Aware": false,"Async Capable": false,"Startup Cost": 71556.39,"Total Cost": 71562.53,"Plan Rows": 2455,"Plan Width": 252,"Actual Startup Time": 914.664,"Actual Total Time": 914.785,"Actual Rows": 2049,"Actual Loops": 3,"Sort Key": ["n1.n_name", "n2.n_name", "(EXTRACT(year FROM lineitem.l_shipdate))"],"Sort Method": "quicksort","Sort Space Used": 332,"Sort Space Type": "Memory","Workers": [{"Worker Number": 0,"Sort Method": "quicksort","Sort Space Used": 270,"Sort Space Type": "Memory"},{"Worker Number": 1,"Sort Method": "quicksort","Sort Space Used": 265,"Sort Space Type": "Memory"}],"Plans": [{"Node Type": "Hash Join","Parent Relationship": "Outer","Parallel Aware": false,"Async Capable": false,"Join Type": "Inner","Startup Cost": 366.16,"Total Cost": 71418.15,"Plan Rows": 2455,"Plan Width": 252,"Actual Startup Time": 13.010,"Actual Total Time": 912.784,"Actual Rows": 2049,"Actual Loops": 3,"Inner Unique": false,"Hash Cond": "(lineitem.l_suppkey = supplier.s_suppkey)","Join Filter": "(((n1.n_name = 'PERU'::bpchar) AND (n2.n_name = 'FRANCE'::bpchar)) OR ((n1.n_name = 'FRANCE'::bpchar) AND (n2.n_name = 'PERU'::bpchar)))","Rows Removed by Join Filter": 2023,"Workers": [],"Plans": [{"Node Type": "Nested Loop","Parent Relationship": "Outer","Parallel Aware": false,"Async Capable": false,"Join Type": "Inner","Startup Cost": 2.26,"Total Cost": 70727.78,"Plan Rows": 60250,"Plan Width": 124,"Actual Startup Time": 0.833,"Actual Total Time": 894.547,"Actual Rows": 49162,"Actual Loops": 3,"Inner Unique": false,"Workers": [],"Plans": [{"Node Type": "Nested Loop","Parent Relationship": "Outer","Parallel Aware": false,"Async Capable": false,"Join Type": "Inner","Startup Cost": 1.83,"Total Cost": 12400.01,"Plan Rows": 49000,"Plan Width": 108,"Actual Startup Time": 0.258,"Actual Total Time": 220.478,"Actual Rows": 40206,"Actual Loops": 3,"Inner Unique": false,"Workers": [],"Plans": [{"Node Type": "Hash Join","Parent Relationship": "Outer","Parallel Aware": false,"Async Capable": false,"Join Type": "Inner","Startup Cost": 1.40,"Total Cost": 4403.27,"Plan Rows": 4900,"Plan Width": 108,"Actual Startup Time": 0.155,"Actual Total Time": 42.500,"Actual Rows": 4025,"Actual Loops": 3,"Inner Unique": true,"Hash Cond": "(customer.c_nationkey = n2.n_nationkey)","Workers": [],"Plans": [{"Node Type": "Seq Scan","Parent Relationship": "Outer","Parallel Aware": true,"Async Capable": false,"Relation Name": "customer","Alias": "customer","Startup Cost": 0.00,"Total Cost": 4210.00,"Plan Rows": 62500,"Plan Width": 8,"Actual Startup Time": 0.011,"Actual Total Time": 8.984,"Actual Rows": 50000,"Actual Loops": 3,"Workers": []},{"Node Type": "Hash","Parent Relationship": "Inner","Parallel Aware": false,"Async Capable": false,"Startup Cost": 1.38,"Total Cost": 1.38,"Plan Rows": 2,"Plan Width": 108,"Actual Startup Time": 0.065,"Actual Total Time": 0.071,"Actual Rows": 2,"Actual Loops": 3,"Hash Buckets": 1024,"Original Hash Buckets": 1024,"Hash Batches": 1,"Original Hash Batches": 1,"Peak Memory Usage": 9,"Workers": [],"Plans": [{"Node Type": "Seq Scan","Parent Relationship": "Outer","Parallel Aware": false,"Async Capable": false,"Relation Name": "nation","Alias": "n2","Startup Cost": 0.00,"Total Cost": 1.38,"Plan Rows": 2,"Plan Width": 108,"Actual Startup Time": 0.047,"Actual Total Time": 0.053,"Actual Rows": 2,"Actual Loops": 3,"Filter": "((n_name = 'FRANCE'::bpchar) OR (n_name = 'PERU'::bpchar))","Rows Removed by Filter": 23,"Workers": []}]}]},{"Node Type": "Index Scan","Parent Relationship": "Inner","Parallel Aware": false,"Async Capable": false,"Scan Direction": "Forward","Index Name": "idx_orders_custkey","Relation Name": "orders","Alias": "orders","Startup Cost": 0.43,"Total Cost": 1.46,"Plan Rows": 17,"Plan Width": 8,"Actual Startup Time": 0.007,"Actual Total Time": 0.043,"Actual Rows": 10,"Actual Loops": 12075,"Index Cond": "(o_custkey = customer.c_custkey)","Rows Removed by Index Recheck": 0,"Workers": []}]},{"Node Type": "Index Scan","Parent Relationship": "Inner","Parallel Aware": false,"Async Capable": false,"Scan Direction": "Forward","Index Name": "idx_lineitem_orderkey","Relation Name": "lineitem","Alias": "lineitem","Startup Cost": 0.43,"Total Cost": 1.14,"Plan Rows": 5,"Plan Width": 24,"Actual Startup Time": 0.016,"Actual Total Time": 0.017,"Actual Rows": 1,"Actual Loops": 120618,"Index Cond": "(l_orderkey = orders.o_orderkey)","Rows Removed by Index Recheck": 0,"Filter": "((l_shipdate >= '1995-01-01'::date) AND (l_shipdate <= '1996-12-31'::date))","Rows Removed by Filter": 3,"Workers": []}]},{"Node Type": "Hash","Parent Relationship": "Inner","Parallel Aware": false,"Async Capable": false,"Startup Cost": 354.10,"Total Cost": 354.10,"Plan Rows": 784,"Plan Width": 108,"Actual Startup Time": 11.050,"Actual Total Time": 11.061,"Actual Rows": 823,"Actual Loops": 3,"Hash Buckets": 1024,"Original Hash Buckets": 1024,"Hash Batches": 1,"Original Hash Batches": 1,"Peak Memory Usage": 58,"Workers": [],"Plans": [{"Node Type": "Hash Join","Parent Relationship": "Outer","Parallel Aware": false,"Async Capable": false,"Join Type": "Inner","Startup Cost": 1.40,"Total Cost": 354.10,"Plan Rows": 784,"Plan Width": 108,"Actual Startup Time": 0.072,"Actual Total Time": 10.858,"Actual Rows": 823,"Actual Loops": 3,"Inner Unique": true,"Hash Cond": "(supplier.s_nationkey = n1.n_nationkey)","Workers": [],"Plans": [{"Node Type": "Seq Scan","Parent Relationship": "Outer","Parallel Aware": false,"Async Capable": false,"Relation Name": "supplier","Alias": "supplier","Startup Cost": 0.00,"Total Cost": 322.00,"Plan Rows": 10000,"Plan Width": 8,"Actual Startup Time": 0.029,"Actual Total Time": 4.340,"Actual Rows": 10000,"Actual Loops": 3,"Workers": []},{"Node Type": "Hash","Parent Relationship": "Inner","Parallel Aware": false,"Async Capable": false,"Startup Cost": 1.38,"Total Cost": 1.38,"Plan Rows": 2,"Plan Width": 108,"Actual Startup Time": 0.015,"Actual Total Time": 0.019,"Actual Rows": 2,"Actual Loops": 3,"Hash Buckets": 1024,"Original Hash Buckets": 1024,"Hash Batches": 1,"Original Hash Batches": 1,"Peak Memory Usage": 9,"Workers": [],"Plans": [{"Node Type": "Seq Scan","Parent Relationship": "Outer","Parallel Aware": false,"Async Capable": false,"Relation Name": "nation","Alias": "n1","Startup Cost": 0.00,"Total Cost": 1.38,"Plan Rows": 2,"Plan Width": 108,"Actual Startup Time": 0.006,"Actual Total Time": 0.011,"Actual Rows": 2,"Actual Loops": 3,"Filter": "((n_name = 'PERU'::bpchar) OR (n_name = 'FRANCE'::bpchar))","Rows Removed by Filter": 23,"Workers": []}]}]}]}]}]}]}]}]},"Planning Time": 8.167,"Triggers": [],"Execution Time": 968.632}]
[{"Plan": {"Node Type": "Aggregate","Strategy": "Sorted","Partial Mode": "Finalize","Parallel Aware": false,"Async Capable": false,"Startup Cost": 72556.41,"Total Cost": 73352.71,"Plan Rows": 5893,"Plan Width": 272,"Actual Startup Time": 910.225,"Actual Total Time": 952.753,"Actual Rows": 4,"Actual Loops": 1,"Group Key": ["n1.n_name", "n2.n_name", "(EXTRACT(year FROM lineitem.l_shipdate))"],"Plans": [{"Node Type": "Gather Merge","Parent Relationship": "Outer","Parallel Aware": false,"Async Capable": false,"Startup Cost": 72556.41,"Total Cost": 73202.94,"Plan Rows": 4910,"Plan Width": 272,"Actual Startup Time": 909.479,"Actual Total Time": 952.674,"Actual Rows": 12,"Actual Loops": 1,"Workers Planned": 2,"Workers Launched": 2,"Plans": [{"Node Type": "Aggregate","Strategy": "Sorted","Partial Mode": "Partial","Parent Relationship": "Outer","Parallel Aware": false,"Async Capable": false,"Startup Cost": 71556.39,"Total Cost": 71636.18,"Plan Rows": 2455,"Plan Width": 272,"Actual Startup Time": 900.539,"Actual Total Time": 901.428,"Actual Rows": 4,"Actual Loops": 3,"Group Key": ["n1.n_name", "n2.n_name", "(EXTRACT(year FROM lineitem.l_shipdate))"],"Workers": [],"Plans": [{"Node Type": "Sort","Parent Relationship": "Outer","Parallel Aware": false,"Async Capable": false,"Startup Cost": 71556.39,"Total Cost": 71562.53,"Plan Rows": 2455,"Plan Width": 252,"Actual Startup Time": 900.288,"Actual Total Time": 900.412,"Actual Rows": 1899,"Actual Loops": 3,"Sort Key": ["n1.n_name", "n2.n_name", "(EXTRACT(year FROM lineitem.l_shipdate))"],"Sort Method": "quicksort","Sort Space Used": 265,"Sort Space Type": "Memory","Workers": [{"Worker Number": 0,"Sort Method": "quicksort","Sort Space Used": 263,"Sort Space Type": "Memory"},{"Worker Number": 1,"Sort Method": "quicksort","Sort Space Used": 241,"Sort Space Type": "Memory"}],"Plans": [{"Node Type": "Hash Join","Parent Relationship": "Outer","Parallel Aware": false,"Async Capable": false,"Join Type": "Inner","Startup Cost": 366.16,"Total Cost": 71418.15,"Plan Rows": 2455,"Plan Width": 252,"Actual Startup Time": 13.471,"Actual Total Time": 898.476,"Actual Rows": 1899,"Actual Loops": 3,"Inner Unique": false,"Hash Cond": "(lineitem.l_suppkey = supplier.s_suppkey)","Join Filter": "(((n1.n_name = 'KENYA'::bpchar) AND (n2.n_name = 'PERU'::bpchar)) OR ((n1.n_name = 'PERU'::bpchar) AND (n2.n_name = 'KENYA'::bpchar)))","Rows Removed by Join Filter": 1898,"Workers": [],"Plans": [{"Node Type": "Nested Loop","Parent Relationship": "Outer","Parallel Aware": false,"Async Capable": false,"Join Type": "Inner","Startup Cost": 2.26,"Total Cost": 70727.78,"Plan Rows": 60250,"Plan Width": 124,"Actual Startup Time": 0.579,"Actual Total Time": 879.862,"Actual Rows": 47739,"Actual Loops": 3,"Inner Unique": false,"Workers": [],"Plans": [{"Node Type": "Nested Loop","Parent Relationship": "Outer","Parallel Aware": false,"Async Capable": false,"Join Type": "Inner","Startup Cost": 1.83,"Total Cost": 12400.01,"Plan Rows": 49000,"Plan Width": 108,"Actual Startup Time": 0.297,"Actual Total Time": 217.794,"Actual Rows": 39319,"Actual Loops": 3,"Inner Unique": false,"Workers": [],"Plans": [{"Node Type": "Hash Join","Parent Relationship": "Outer","Parallel Aware": false,"Async Capable": false,"Join Type": "Inner","Startup Cost": 1.40,"Total Cost": 4403.27,"Plan Rows": 4900,"Plan Width": 108,"Actual Startup Time": 0.203,"Actual Total Time": 42.988,"Actual Rows": 3989,"Actual Loops": 3,"Inner Unique": true,"Hash Cond": "(customer.c_nationkey = n2.n_nationkey)","Workers": [],"Plans": [{"Node Type": "Seq Scan","Parent Relationship": "Outer","Parallel Aware": true,"Async Capable": false,"Relation Name": "customer","Alias": "customer","Startup Cost": 0.00,"Total Cost": 4210.00,"Plan Rows": 62500,"Plan Width": 8,"Actual Startup Time": 0.023,"Actual Total Time": 8.900,"Actual Rows": 50000,"Actual Loops": 3,"Workers": []},{"Node Type": "Hash","Parent Relationship": "Inner","Parallel Aware": false,"Async Capable": false,"Startup Cost": 1.38,"Total Cost": 1.38,"Plan Rows": 2,"Plan Width": 108,"Actual Startup Time": 0.075,"Actual Total Time": 0.081,"Actual Rows": 2,"Actual Loops": 3,"Hash Buckets": 1024,"Original Hash Buckets": 1024,"Hash Batches": 1,"Original Hash Batches": 1,"Peak Memory Usage": 9,"Workers": [],"Plans": [{"Node Type": "Seq Scan","Parent Relationship": "Outer","Parallel Aware": false,"Async Capable": false,"Relation Name": "nation","Alias": "n2","Startup Cost": 0.00,"Total Cost": 1.38,"Plan Rows": 2,"Plan Width": 108,"Actual Startup Time": 0.061,"Actual Total Time": 0.065,"Actual Rows": 2,"Actual Loops": 3,"Filter": "((n_name = 'PERU'::bpchar) OR (n_name = 'KENYA'::bpchar))","Rows Removed by Filter": 23,"Workers": []}]}]},{"Node Type": "Index Scan","Parent Relationship": "Inner","Parallel Aware": false,"Async Capable": false,"Scan Direction": "Forward","Index Name": "idx_orders_custkey","Relation Name": "orders","Alias": "orders","Startup Cost": 0.43,"Total Cost": 1.46,"Plan Rows": 17,"Plan Width": 8,"Actual Startup Time": 0.007,"Actual Total Time": 0.043,"Actual Rows": 10,"Actual Loops": 11967,"Index Cond": "(o_custkey = customer.c_custkey)","Rows Removed by Index Recheck": 0,"Workers": []}]},{"Node Type": "Index Scan","Parent Relationship": "Inner","Parallel Aware": false,"Async Capable": false,"Scan Direction": "Forward","Index Name": "idx_lineitem_orderkey","Relation Name": "lineitem","Alias": "lineitem","Startup Cost": 0.43,"Total Cost": 1.14,"Plan Rows": 5,"Plan Width": 24,"Actual Startup Time": 0.016,"Actual Total Time": 0.017,"Actual Rows": 1,"Actual Loops": 117958,"Index Cond": "(l_orderkey = orders.o_orderkey)","Rows Removed by Index Recheck": 0,"Filter": "((l_shipdate >= '1995-01-01'::date) AND (l_shipdate <= '1996-12-31'::date))","Rows Removed by Filter": 3,"Workers": []}]},{"Node Type": "Hash","Parent Relationship": "Inner","Parallel Aware": false,"Async Capable": false,"Startup Cost": 354.10,"Total Cost": 354.10,"Plan Rows": 784,"Plan Width": 108,"Actual Startup Time": 11.666,"Actual Total Time": 11.681,"Actual Rows": 797,"Actual Loops": 3,"Hash Buckets": 1024,"Original Hash Buckets": 1024,"Hash Batches": 1,"Original Hash Batches": 1,"Peak Memory Usage": 57,"Workers": [],"Plans": [{"Node Type": "Hash Join","Parent Relationship": "Outer","Parallel Aware": false,"Async Capable": false,"Join Type": "Inner","Startup Cost": 1.40,"Total Cost": 354.10,"Plan Rows": 784,"Plan Width": 108,"Actual Startup Time": 0.068,"Actual Total Time": 11.483,"Actual Rows": 797,"Actual Loops": 3,"Inner Unique": true,"Hash Cond": "(supplier.s_nationkey = n1.n_nationkey)","Workers": [],"Plans": [{"Node Type": "Seq Scan","Parent Relationship": "Outer","Parallel Aware": false,"Async Capable": false,"Relation Name": "supplier","Alias": "supplier","Startup Cost": 0.00,"Total Cost": 322.00,"Plan Rows": 10000,"Plan Width": 8,"Actual Startup Time": 0.032,"Actual Total Time": 4.438,"Actual Rows": 10000,"Actual Loops": 3,"Workers": []},{"Node Type": "Hash","Parent Relationship": "Inner","Parallel Aware": false,"Async Capable": false,"Startup Cost": 1.38,"Total Cost": 1.38,"Plan Rows": 2,"Plan Width": 108,"Actual Startup Time": 0.012,"Actual Total Time": 0.017,"Actual Rows": 2,"Actual Loops": 3,"Hash Buckets": 1024,"Original Hash Buckets": 1024,"Hash Batches": 1,"Original Hash Batches": 1,"Peak Memory Usage": 9,"Workers": [],"Plans": [{"Node Type": "Seq Scan","Parent Relationship": "Outer","Parallel Aware": false,"Async Capable": false,"Relation Name": "nation","Alias": "n1","Startup Cost": 0.00,"Total Cost": 1.38,"Plan Rows": 2,"Plan Width": 108,"Actual Startup Time": 0.005,"Actual Total Time": 0.009,"Actual Rows": 2,"Actual Loops": 3,"Filter": "((n_name = 'KENYA'::bpchar) OR (n_name = 'PERU'::bpchar))","Rows Removed by Filter": 23,"Workers": []}]}]}]}]}]}]}]}]},"Planning Time": 8.166,"Triggers": [],"Execution Time": 953.210}]
[{"Plan": {"Node Type": "Aggregate","Strategy": "Sorted","Partial Mode": "Finalize","Parallel Aware": false,"Async Capable": false,"Startup Cost": 72556.41,"Total Cost": 73352.71,"Plan Rows": 5893,"Plan Width": 272,"Actual Startup Time": 923.937,"Actual Total Time": 970.083,"Actual Rows": 4,"Actual Loops": 1,"Group Key": ["n1.n_name", "n2.n_name", "(EXTRACT(year FROM lineitem.l_shipdate))"],"Plans": [{"Node Type": "Gather Merge","Parent Relationship": "Outer","Parallel Aware": false,"Async Capable": false,"Startup Cost": 72556.41,"Total Cost": 73202.94,"Plan Rows": 4910,"Plan Width": 272,"Actual Startup Time": 923.625,"Actual Total Time": 970.018,"Actual Rows": 12,"Actual Loops": 1,"Workers Planned": 2,"Workers Launched": 2,"Plans": [{"Node Type": "Aggregate","Strategy": "Sorted","Partial Mode": "Partial","Parent Relationship": "Outer","Parallel Aware": false,"Async Capable": false,"Startup Cost": 71556.39,"Total Cost": 71636.18,"Plan Rows": 2455,"Plan Width": 272,"Actual Startup Time": 915.735,"Actual Total Time": 916.444,"Actual Rows": 4,"Actual Loops": 3,"Group Key": ["n1.n_name", "n2.n_name", "(EXTRACT(year FROM lineitem.l_shipdate))"],"Workers": [],"Plans": [{"Node Type": "Sort","Parent Relationship": "Outer","Parallel Aware": false,"Async Capable": false,"Startup Cost": 71556.39,"Total Cost": 71562.53,"Plan Rows": 2455,"Plan Width": 252,"Actual Startup Time": 915.439,"Actual Total Time": 915.551,"Actual Rows": 2041,"Actual Loops": 3,"Sort Key": ["n1.n_name", "n2.n_name", "(EXTRACT(year FROM lineitem.l_shipdate))"],"Sort Method": "quicksort","Sort Space Used": 271,"Sort Space Type": "Memory","Workers": [{"Worker Number": 0,"Sort Method": "quicksort","Sort Space Used": 259,"Sort Space Type": "Memory"},{"Worker Number": 1,"Sort Method": "quicksort","Sort Space Used": 333,"Sort Space Type": "Memory"}],"Plans": [{"Node Type": "Hash Join","Parent Relationship": "Outer","Parallel Aware": false,"Async Capable": false,"Join Type": "Inner","Startup Cost": 366.16,"Total Cost": 71418.15,"Plan Rows": 2455,"Plan Width": 252,"Actual Startup Time": 9.009,"Actual Total Time": 913.448,"Actual Rows": 2041,"Actual Loops": 3,"Inner Unique": false,"Hash Cond": "(lineitem.l_suppkey = supplier.s_suppkey)","Join Filter": "(((n1.n_name = 'RUSSIA'::bpchar) AND (n2.n_name = 'ARGENTINA'::bpchar)) OR ((n1.n_name = 'ARGENTINA'::bpchar) AND (n2.n_name = 'RUSSIA'::bpchar)))","Rows Removed by Join Filter": 1997,"Workers": [],"Plans": [{"Node Type": "Nested Loop","Parent Relationship": "Outer","Parallel Aware": false,"Async Capable": false,"Join Type": "Inner","Startup Cost": 2.26,"Total Cost": 70727.78,"Plan Rows": 60250,"Plan Width": 124,"Actual Startup Time": 0.788,"Actual Total Time": 899.437,"Actual Rows": 49239,"Actual Loops": 3,"Inner Unique": false,"Workers": [],"Plans": [{"Node Type": "Nested Loop","Parent Relationship": "Outer","Parallel Aware": false,"Async Capable": false,"Join Type": "Inner","Startup Cost": 1.83,"Total Cost": 12400.01,"Plan Rows": 49000,"Plan Width": 108,"Actual Startup Time": 0.289,"Actual Total Time": 222.770,"Actual Rows": 40347,"Actual Loops": 3,"Inner Unique": false,"Workers": [],"Plans": [{"Node Type": "Hash Join","Parent Relationship": "Outer","Parallel Aware": false,"Async Capable": false,"Join Type": "Inner","Startup Cost": 1.40,"Total Cost": 4403.27,"Plan Rows": 4900,"Plan Width": 108,"Actual Startup Time": 0.167,"Actual Total Time": 43.985,"Actual Rows": 4018,"Actual Loops": 3,"Inner Unique": true,"Hash Cond": "(customer.c_nationkey = n2.n_nationkey)","Workers": [],"Plans": [{"Node Type": "Seq Scan","Parent Relationship": "Outer","Parallel Aware": true,"Async Capable": false,"Relation Name": "customer","Alias": "customer","Startup Cost": 0.00,"Total Cost": 4210.00,"Plan Rows": 62500,"Plan Width": 8,"Actual Startup Time": 0.012,"Actual Total Time": 9.003,"Actual Rows": 50000,"Actual Loops": 3,"Workers": []},{"Node Type": "Hash","Parent Relationship": "Inner","Parallel Aware": false,"Async Capable": false,"Startup Cost": 1.38,"Total Cost": 1.38,"Plan Rows": 2,"Plan Width": 108,"Actual Startup Time": 0.066,"Actual Total Time": 0.073,"Actual Rows": 2,"Actual Loops": 3,"Hash Buckets": 1024,"Original Hash Buckets": 1024,"Hash Batches": 1,"Original Hash Batches": 1,"Peak Memory Usage": 9,"Workers": [],"Plans": [{"Node Type": "Seq Scan","Parent Relationship": "Outer","Parallel Aware": false,"Async Capable": false,"Relation Name": "nation","Alias": "n2","Startup Cost": 0.00,"Total Cost": 1.38,"Plan Rows": 2,"Plan Width": 108,"Actual Startup Time": 0.048,"Actual Total Time": 0.057,"Actual Rows": 2,"Actual Loops": 3,"Filter": "((n_name = 'ARGENTINA'::bpchar) OR (n_name = 'RUSSIA'::bpchar))","Rows Removed by Filter": 23,"Workers": []}]}]},{"Node Type": "Index Scan","Parent Relationship": "Inner","Parallel Aware": false,"Async Capable": false,"Scan Direction": "Forward","Index Name": "idx_orders_custkey","Relation Name": "orders","Alias": "orders","Startup Cost": 0.43,"Total Cost": 1.46,"Plan Rows": 17,"Plan Width": 8,"Actual Startup Time": 0.007,"Actual Total Time": 0.043,"Actual Rows": 10,"Actual Loops": 12053,"Index Cond": "(o_custkey = customer.c_custkey)","Rows Removed by Index Recheck": 0,"Workers": []}]},{"Node Type": "Index Scan","Parent Relationship": "Inner","Parallel Aware": false,"Async Capable": false,"Scan Direction": "Forward","Index Name": "idx_lineitem_orderkey","Relation Name": "lineitem","Alias": "lineitem","Startup Cost": 0.43,"Total Cost": 1.14,"Plan Rows": 5,"Plan Width": 24,"Actual Startup Time": 0.016,"Actual Total Time": 0.017,"Actual Rows": 1,"Actual Loops": 121042,"Index Cond": "(l_orderkey = orders.o_orderkey)","Rows Removed by Index Recheck": 0,"Filter": "((l_shipdate >= '1995-01-01'::date) AND (l_shipdate <= '1996-12-31'::date))","Rows Removed by Filter": 3,"Workers": []}]},{"Node Type": "Hash","Parent Relationship": "Inner","Parallel Aware": false,"Async Capable": false,"Startup Cost": 354.10,"Total Cost": 354.10,"Plan Rows": 784,"Plan Width": 108,"Actual Startup Time": 6.781,"Actual Total Time": 6.794,"Actual Rows": 814,"Actual Loops": 3,"Hash Buckets": 1024,"Original Hash Buckets": 1024,"Hash Batches": 1,"Original Hash Batches": 1,"Peak Memory Usage": 58,"Workers": [],"Plans": [{"Node Type": "Hash Join","Parent Relationship": "Outer","Parallel Aware": false,"Async Capable": false,"Join Type": "Inner","Startup Cost": 1.40,"Total Cost": 354.10,"Plan Rows": 784,"Plan Width": 108,"Actual Startup Time": 0.075,"Actual Total Time": 6.587,"Actual Rows": 814,"Actual Loops": 3,"Inner Unique": true,"Hash Cond": "(supplier.s_nationkey = n1.n_nationkey)","Workers": [],"Plans": [{"Node Type": "Seq Scan","Parent Relationship": "Outer","Parallel Aware": false,"Async Capable": false,"Relation Name": "supplier","Alias": "supplier","Startup Cost": 0.00,"Total Cost": 322.00,"Plan Rows": 10000,"Plan Width": 8,"Actual Startup Time": 0.026,"Actual Total Time": 3.426,"Actual Rows": 10000,"Actual Loops": 3,"Workers": []},{"Node Type": "Hash","Parent Relationship": "Inner","Parallel Aware": false,"Async Capable": false,"Startup Cost": 1.38,"Total Cost": 1.38,"Plan Rows": 2,"Plan Width": 108,"Actual Startup Time": 0.017,"Actual Total Time": 0.022,"Actual Rows": 2,"Actual Loops": 3,"Hash Buckets": 1024,"Original Hash Buckets": 1024,"Hash Batches": 1,"Original Hash Batches": 1,"Peak Memory Usage": 9,"Workers": [],"Plans": [{"Node Type": "Seq Scan","Parent Relationship": "Outer","Parallel Aware": false,"Async Capable": false,"Relation Name": "nation","Alias": "n1","Startup Cost": 0.00,"Total Cost": 1.38,"Plan Rows": 2,"Plan Width": 108,"Actual Startup Time": 0.006,"Actual Total Time": 0.012,"Actual Rows": 2,"Actual Loops": 3,"Filter": "((n_name = 'RUSSIA'::bpchar) OR (n_name = 'ARGENTINA'::bpchar))","Rows Removed by Filter": 23,"Workers": []}]}]}]}]}]}]}]}]},"Planning Time": 8.015,"Triggers": [],"Execution Time": 970.725}]
[{"Plan": {"Node Type": "Aggregate","Strategy": "Sorted","Partial Mode": "Finalize","Parallel Aware": false,"Async Capable": false,"Startup Cost": 72556.41,"Total Cost": 73352.71,"Plan Rows": 5893,"Plan Width": 272,"Actual Startup Time": 943.288,"Actual Total Time": 1001.168,"Actual Rows": 4,"Actual Loops": 1,"Group Key": ["n1.n_name", "n2.n_name", "(EXTRACT(year FROM lineitem.l_shipdate))"],"Plans": [{"Node Type": "Gather Merge","Parent Relationship": "Outer","Parallel Aware": false,"Async Capable": false,"Startup Cost": 72556.41,"Total Cost": 73202.94,"Plan Rows": 4910,"Plan Width": 272,"Actual Startup Time": 943.018,"Actual Total Time": 1001.113,"Actual Rows": 12,"Actual Loops": 1,"Workers Planned": 2,"Workers Launched": 2,"Plans": [{"Node Type": "Aggregate","Strategy": "Sorted","Partial Mode": "Partial","Parent Relationship": "Outer","Parallel Aware": false,"Async Capable": false,"Startup Cost": 71556.39,"Total Cost": 71636.18,"Plan Rows": 2455,"Plan Width": 272,"Actual Startup Time": 935.402,"Actual Total Time": 936.100,"Actual Rows": 4,"Actual Loops": 3,"Group Key": ["n1.n_name", "n2.n_name", "(EXTRACT(year FROM lineitem.l_shipdate))"],"Workers": [],"Plans": [{"Node Type": "Sort","Parent Relationship": "Outer","Parallel Aware": false,"Async Capable": false,"Startup Cost": 71556.39,"Total Cost": 71562.53,"Plan Rows": 2455,"Plan Width": 252,"Actual Startup Time": 935.153,"Actual Total Time": 935.259,"Actual Rows": 1852,"Actual Loops": 3,"Sort Key": ["n1.n_name", "n2.n_name", "(EXTRACT(year FROM lineitem.l_shipdate))"],"Sort Method": "quicksort","Sort Space Used": 261,"Sort Space Type": "Memory","Workers": [{"Worker Number": 0,"Sort Method": "quicksort","Sort Space Used": 247,"Sort Space Type": "Memory"},{"Worker Number": 1,"Sort Method": "quicksort","Sort Space Used": 245,"Sort Space Type": "Memory"}],"Plans": [{"Node Type": "Hash Join","Parent Relationship": "Outer","Parallel Aware": false,"Async Capable": false,"Join Type": "Inner","Startup Cost": 366.16,"Total Cost": 71418.15,"Plan Rows": 2455,"Plan Width": 252,"Actual Startup Time": 10.572,"Actual Total Time": 933.350,"Actual Rows": 1852,"Actual Loops": 3,"Inner Unique": false,"Hash Cond": "(lineitem.l_suppkey = supplier.s_suppkey)","Join Filter": "(((n1.n_name = 'JORDAN'::bpchar) AND (n2.n_name = 'RUSSIA'::bpchar)) OR ((n1.n_name = 'RUSSIA'::bpchar) AND (n2.n_name = 'JORDAN'::bpchar)))","Rows Removed by Join Filter": 1918,"Workers": [],"Plans": [{"Node Type": "Nested Loop","Parent Relationship": "Outer","Parallel Aware": false,"Async Capable": false,"Join Type": "Inner","Startup Cost": 2.26,"Total Cost": 70727.78,"Plan Rows": 60250,"Plan Width": 124,"Actual Startup Time": 0.566,"Actual Total Time": 917.879,"Actual Rows": 49694,"Actual Loops": 3,"Inner Unique": false,"Workers": [],"Plans": [{"Node Type": "Nested Loop","Parent Relationship": "Outer","Parallel Aware": false,"Async Capable": false,"Join Type": "Inner","Startup Cost": 1.83,"Total Cost": 12400.01,"Plan Rows": 49000,"Plan Width": 108,"Actual Startup Time": 0.378,"Actual Total Time": 229.764,"Actual Rows": 40744,"Actual Loops": 3,"Inner Unique": false,"Workers": [],"Plans": [{"Node Type": "Hash Join","Parent Relationship": "Outer","Parallel Aware": false,"Async Capable": false,"Join Type": "Inner","Startup Cost": 1.40,"Total Cost": 4403.27,"Plan Rows": 4900,"Plan Width": 108,"Actual Startup Time": 0.220,"Actual Total Time": 46.627,"Actual Rows": 4037,"Actual Loops": 3,"Inner Unique": true,"Hash Cond": "(customer.c_nationkey = n2.n_nationkey)","Workers": [],"Plans": [{"Node Type": "Seq Scan","Parent Relationship": "Outer","Parallel Aware": true,"Async Capable": false,"Relation Name": "customer","Alias": "customer","Startup Cost": 0.00,"Total Cost": 4210.00,"Plan Rows": 62500,"Plan Width": 8,"Actual Startup Time": 0.015,"Actual Total Time": 9.614,"Actual Rows": 50000,"Actual Loops": 3,"Workers": []},{"Node Type": "Hash","Parent Relationship": "Inner","Parallel Aware": false,"Async Capable": false,"Startup Cost": 1.38,"Total Cost": 1.38,"Plan Rows": 2,"Plan Width": 108,"Actual Startup Time": 0.103,"Actual Total Time": 0.109,"Actual Rows": 2,"Actual Loops": 3,"Hash Buckets": 1024,"Original Hash Buckets": 1024,"Hash Batches": 1,"Original Hash Batches": 1,"Peak Memory Usage": 9,"Workers": [],"Plans": [{"Node Type": "Seq Scan","Parent Relationship": "Outer","Parallel Aware": false,"Async Capable": false,"Relation Name": "nation","Alias": "n2","Startup Cost": 0.00,"Total Cost": 1.38,"Plan Rows": 2,"Plan Width": 108,"Actual Startup Time": 0.083,"Actual Total Time": 0.089,"Actual Rows": 2,"Actual Loops": 3,"Filter": "((n_name = 'RUSSIA'::bpchar) OR (n_name = 'JORDAN'::bpchar))","Rows Removed by Filter": 23,"Workers": []}]}]},{"Node Type": "Index Scan","Parent Relationship": "Inner","Parallel Aware": false,"Async Capable": false,"Scan Direction": "Forward","Index Name": "idx_orders_custkey","Relation Name": "orders","Alias": "orders","Startup Cost": 0.43,"Total Cost": 1.46,"Plan Rows": 17,"Plan Width": 8,"Actual Startup Time": 0.007,"Actual Total Time": 0.044,"Actual Rows": 10,"Actual Loops": 12111,"Index Cond": "(o_custkey = customer.c_custkey)","Rows Removed by Index Recheck": 0,"Workers": []}]},{"Node Type": "Index Scan","Parent Relationship": "Inner","Parallel Aware": false,"Async Capable": false,"Scan Direction": "Forward","Index Name": "idx_lineitem_orderkey","Relation Name": "lineitem","Alias": "lineitem","Startup Cost": 0.43,"Total Cost": 1.14,"Plan Rows": 5,"Plan Width": 24,"Actual Startup Time": 0.016,"Actual Total Time": 0.017,"Actual Rows": 1,"Actual Loops": 122231,"Index Cond": "(l_orderkey = orders.o_orderkey)","Rows Removed by Index Recheck": 0,"Filter": "((l_shipdate >= '1995-01-01'::date) AND (l_shipdate <= '1996-12-31'::date))","Rows Removed by Filter": 3,"Workers": []}]},{"Node Type": "Hash","Parent Relationship": "Inner","Parallel Aware": false,"Async Capable": false,"Startup Cost": 354.10,"Total Cost": 354.10,"Plan Rows": 784,"Plan Width": 108,"Actual Startup Time": 7.982,"Actual Total Time": 7.998,"Actual Rows": 763,"Actual Loops": 3,"Hash Buckets": 1024,"Original Hash Buckets": 1024,"Hash Batches": 1,"Original Hash Batches": 1,"Peak Memory Usage": 55,"Workers": [],"Plans": [{"Node Type": "Hash Join","Parent Relationship": "Outer","Parallel Aware": false,"Async Capable": false,"Join Type": "Inner","Startup Cost": 1.40,"Total Cost": 354.10,"Plan Rows": 784,"Plan Width": 108,"Actual Startup Time": 0.092,"Actual Total Time": 7.805,"Actual Rows": 763,"Actual Loops": 3,"Inner Unique": true,"Hash Cond": "(supplier.s_nationkey = n1.n_nationkey)","Workers": [],"Plans": [{"Node Type": "Seq Scan","Parent Relationship": "Outer","Parallel Aware": false,"Async Capable": false,"Relation Name": "supplier","Alias": "supplier","Startup Cost": 0.00,"Total Cost": 322.00,"Plan Rows": 10000,"Plan Width": 8,"Actual Startup Time": 0.036,"Actual Total Time": 4.289,"Actual Rows": 10000,"Actual Loops": 3,"Workers": []},{"Node Type": "Hash","Parent Relationship": "Inner","Parallel Aware": false,"Async Capable": false,"Startup Cost": 1.38,"Total Cost": 1.38,"Plan Rows": 2,"Plan Width": 108,"Actual Startup Time": 0.020,"Actual Total Time": 0.025,"Actual Rows": 2,"Actual Loops": 3,"Hash Buckets": 1024,"Original Hash Buckets": 1024,"Hash Batches": 1,"Original Hash Batches": 1,"Peak Memory Usage": 9,"Workers": [],"Plans": [{"Node Type": "Seq Scan","Parent Relationship": "Outer","Parallel Aware": false,"Async Capable": false,"Relation Name": "nation","Alias": "n1","Startup Cost": 0.00,"Total Cost": 1.38,"Plan Rows": 2,"Plan Width": 108,"Actual Startup Time": 0.010,"Actual Total Time": 0.015,"Actual Rows": 2,"Actual Loops": 3,"Filter": "((n_name = 'JORDAN'::bpchar) OR (n_name = 'RUSSIA'::bpchar))","Rows Removed by Filter": 23,"Workers": []}]}]}]}]}]}]}]}]},"Planning Time": 9.463,"Triggers": [],"Execution Time": 1001.606}]
[{"Plan": {"Node Type": "Aggregate","Strategy": "Sorted","Partial Mode": "Finalize","Parallel Aware": false,"Async Capable": false,"Startup Cost": 72556.41,"Total Cost": 73352.71,"Plan Rows": 5893,"Plan Width": 272,"Actual Startup Time": 919.831,"Actual Total Time": 964.799,"Actual Rows": 4,"Actual Loops": 1,"Group Key": ["n1.n_name", "n2.n_name", "(EXTRACT(year FROM lineitem.l_shipdate))"],"Plans": [{"Node Type": "Gather Merge","Parent Relationship": "Outer","Parallel Aware": false,"Async Capable": false,"Startup Cost": 72556.41,"Total Cost": 73202.94,"Plan Rows": 4910,"Plan Width": 272,"Actual Startup Time": 919.563,"Actual Total Time": 964.722,"Actual Rows": 12,"Actual Loops": 1,"Workers Planned": 2,"Workers Launched": 2,"Plans": [{"Node Type": "Aggregate","Strategy": "Sorted","Partial Mode": "Partial","Parent Relationship": "Outer","Parallel Aware": false,"Async Capable": false,"Startup Cost": 71556.39,"Total Cost": 71636.18,"Plan Rows": 2455,"Plan Width": 272,"Actual Startup Time": 911.895,"Actual Total Time": 912.567,"Actual Rows": 4,"Actual Loops": 3,"Group Key": ["n1.n_name", "n2.n_name", "(EXTRACT(year FROM lineitem.l_shipdate))"],"Workers": [],"Plans": [{"Node Type": "Sort","Parent Relationship": "Outer","Parallel Aware": false,"Async Capable": false,"Startup Cost": 71556.39,"Total Cost": 71562.53,"Plan Rows": 2455,"Plan Width": 252,"Actual Startup Time": 911.634,"Actual Total Time": 911.744,"Actual Rows": 1896,"Actual Loops": 3,"Sort Key": ["n1.n_name", "n2.n_name", "(EXTRACT(year FROM lineitem.l_shipdate))"],"Sort Method": "quicksort","Sort Space Used": 253,"Sort Space Type": "Memory","Workers": [{"Worker Number": 0,"Sort Method": "quicksort","Sort Space Used": 256,"Sort Space Type": "Memory"},{"Worker Number": 1,"Sort Method": "quicksort","Sort Space Used": 258,"Sort Space Type": "Memory"}],"Plans": [{"Node Type": "Hash Join","Parent Relationship": "Outer","Parallel Aware": false,"Async Capable": false,"Join Type": "Inner","Startup Cost": 366.16,"Total Cost": 71418.15,"Plan Rows": 2455,"Plan Width": 252,"Actual Startup Time": 8.863,"Actual Total Time": 909.911,"Actual Rows": 1896,"Actual Loops": 3,"Inner Unique": false,"Hash Cond": "(lineitem.l_suppkey = supplier.s_suppkey)","Join Filter": "(((n1.n_name = 'MOZAMBIQUE'::bpchar) AND (n2.n_name = 'KENYA'::bpchar)) OR ((n1.n_name = 'KENYA'::bpchar) AND (n2.n_name = 'MOZAMBIQUE'::bpchar)))","Rows Removed by Join Filter": 1890,"Workers": [],"Plans": [{"Node Type": "Nested Loop","Parent Relationship": "Outer","Parallel Aware": false,"Async Capable": false,"Join Type": "Inner","Startup Cost": 2.26,"Total Cost": 70727.78,"Plan Rows": 60250,"Plan Width": 124,"Actual Startup Time": 0.581,"Actual Total Time": 895.714,"Actual Rows": 48417,"Actual Loops": 3,"Inner Unique": false,"Workers": [],"Plans": [{"Node Type": "Nested Loop","Parent Relationship": "Outer","Parallel Aware": false,"Async Capable": false,"Join Type": "Inner","Startup Cost": 1.83,"Total Cost": 12400.01,"Plan Rows": 49000,"Plan Width": 108,"Actual Startup Time": 0.290,"Actual Total Time": 221.215,"Actual Rows": 40069,"Actual Loops": 3,"Inner Unique": false,"Workers": [],"Plans": [{"Node Type": "Hash Join","Parent Relationship": "Outer","Parallel Aware": false,"Async Capable": false,"Join Type": "Inner","Startup Cost": 1.40,"Total Cost": 4403.27,"Plan Rows": 4900,"Plan Width": 108,"Actual Startup Time": 0.180,"Actual Total Time": 43.892,"Actual Rows": 3989,"Actual Loops": 3,"Inner Unique": true,"Hash Cond": "(customer.c_nationkey = n2.n_nationkey)","Workers": [],"Plans": [{"Node Type": "Seq Scan","Parent Relationship": "Outer","Parallel Aware": true,"Async Capable": false,"Relation Name": "customer","Alias": "customer","Startup Cost": 0.00,"Total Cost": 4210.00,"Plan Rows": 62500,"Plan Width": 8,"Actual Startup Time": 0.016,"Actual Total Time": 9.115,"Actual Rows": 50000,"Actual Loops": 3,"Workers": []},{"Node Type": "Hash","Parent Relationship": "Inner","Parallel Aware": false,"Async Capable": false,"Startup Cost": 1.38,"Total Cost": 1.38,"Plan Rows": 2,"Plan Width": 108,"Actual Startup Time": 0.075,"Actual Total Time": 0.084,"Actual Rows": 2,"Actual Loops": 3,"Hash Buckets": 1024,"Original Hash Buckets": 1024,"Hash Batches": 1,"Original Hash Batches": 1,"Peak Memory Usage": 9,"Workers": [],"Plans": [{"Node Type": "Seq Scan","Parent Relationship": "Outer","Parallel Aware": false,"Async Capable": false,"Relation Name": "nation","Alias": "n2","Startup Cost": 0.00,"Total Cost": 1.38,"Plan Rows": 2,"Plan Width": 108,"Actual Startup Time": 0.059,"Actual Total Time": 0.064,"Actual Rows": 2,"Actual Loops": 3,"Filter": "((n_name = 'KENYA'::bpchar) OR (n_name = 'MOZAMBIQUE'::bpchar))","Rows Removed by Filter": 23,"Workers": []}]}]},{"Node Type": "Index Scan","Parent Relationship": "Inner","Parallel Aware": false,"Async Capable": false,"Scan Direction": "Forward","Index Name": "idx_orders_custkey","Relation Name": "orders","Alias": "orders","Startup Cost": 0.43,"Total Cost": 1.46,"Plan Rows": 17,"Plan Width": 8,"Actual Startup Time": 0.007,"Actual Total Time": 0.043,"Actual Rows": 10,"Actual Loops": 11966,"Index Cond": "(o_custkey = customer.c_custkey)","Rows Removed by Index Recheck": 0,"Workers": []}]},{"Node Type": "Index Scan","Parent Relationship": "Inner","Parallel Aware": false,"Async Capable": false,"Scan Direction": "Forward","Index Name": "idx_lineitem_orderkey","Relation Name": "lineitem","Alias": "lineitem","Startup Cost": 0.43,"Total Cost": 1.14,"Plan Rows": 5,"Plan Width": 24,"Actual Startup Time": 0.016,"Actual Total Time": 0.017,"Actual Rows": 1,"Actual Loops": 120207,"Index Cond": "(l_orderkey = orders.o_orderkey)","Rows Removed by Index Recheck": 0,"Filter": "((l_shipdate >= '1995-01-01'::date) AND (l_shipdate <= '1996-12-31'::date))","Rows Removed by Filter": 3,"Workers": []}]},{"Node Type": "Hash","Parent Relationship": "Inner","Parallel Aware": false,"Async Capable": false,"Startup Cost": 354.10,"Total Cost": 354.10,"Plan Rows": 784,"Plan Width": 108,"Actual Startup Time": 7.195,"Actual Total Time": 7.212,"Actual Rows": 782,"Actual Loops": 3,"Hash Buckets": 1024,"Original Hash Buckets": 1024,"Hash Batches": 1,"Original Hash Batches": 1,"Peak Memory Usage": 56,"Workers": [],"Plans": [{"Node Type": "Hash Join","Parent Relationship": "Outer","Parallel Aware": false,"Async Capable": false,"Join Type": "Inner","Startup Cost": 1.40,"Total Cost": 354.10,"Plan Rows": 784,"Plan Width": 108,"Actual Startup Time": 0.081,"Actual Total Time": 7.004,"Actual Rows": 782,"Actual Loops": 3,"Inner Unique": true,"Hash Cond": "(supplier.s_nationkey = n1.n_nationkey)","Workers": [],"Plans": [{"Node Type": "Seq Scan","Parent Relationship": "Outer","Parallel Aware": false,"Async Capable": false,"Relation Name": "supplier","Alias": "supplier","Startup Cost": 0.00,"Total Cost": 322.00,"Plan Rows": 10000,"Plan Width": 8,"Actual Startup Time": 0.028,"Actual Total Time": 3.750,"Actual Rows": 10000,"Actual Loops": 3,"Workers": []},{"Node Type": "Hash","Parent Relationship": "Inner","Parallel Aware": false,"Async Capable": false,"Startup Cost": 1.38,"Total Cost": 1.38,"Plan Rows": 2,"Plan Width": 108,"Actual Startup Time": 0.017,"Actual Total Time": 0.023,"Actual Rows": 2,"Actual Loops": 3,"Hash Buckets": 1024,"Original Hash Buckets": 1024,"Hash Batches": 1,"Original Hash Batches": 1,"Peak Memory Usage": 9,"Workers": [],"Plans": [{"Node Type": "Seq Scan","Parent Relationship": "Outer","Parallel Aware": false,"Async Capable": false,"Relation Name": "nation","Alias": "n1","Startup Cost": 0.00,"Total Cost": 1.38,"Plan Rows": 2,"Plan Width": 108,"Actual Startup Time": 0.008,"Actual Total Time": 0.012,"Actual Rows": 2,"Actual Loops": 3,"Filter": "((n_name = 'MOZAMBIQUE'::bpchar) OR (n_name = 'KENYA'::bpchar))","Rows Removed by Filter": 23,"Workers": []}]}]}]}]}]}]}]}]},"Planning Time": 8.849,"Triggers": [],"Execution Time": 965.394}]
[{"Plan": {"Node Type": "Aggregate","Strategy": "Sorted","Partial Mode": "Finalize","Parallel Aware": false,"Async Capable": false,"Startup Cost": 72556.41,"Total Cost": 73352.71,"Plan Rows": 5893,"Plan Width": 272,"Actual Startup Time": 926.783,"Actual Total Time": 982.393,"Actual Rows": 4,"Actual Loops": 1,"Group Key": ["n1.n_name", "n2.n_name", "(EXTRACT(year FROM lineitem.l_shipdate))"],"Plans": [{"Node Type": "Gather Merge","Parent Relationship": "Outer","Parallel Aware": false,"Async Capable": false,"Startup Cost": 72556.41,"Total Cost": 73202.94,"Plan Rows": 4910,"Plan Width": 272,"Actual Startup Time": 926.084,"Actual Total Time": 982.312,"Actual Rows": 12,"Actual Loops": 1,"Workers Planned": 2,"Workers Launched": 2,"Plans": [{"Node Type": "Aggregate","Strategy": "Sorted","Partial Mode": "Partial","Parent Relationship": "Outer","Parallel Aware": false,"Async Capable": false,"Startup Cost": 71556.39,"Total Cost": 71636.18,"Plan Rows": 2455,"Plan Width": 272,"Actual Startup Time": 917.748,"Actual Total Time": 918.543,"Actual Rows": 4,"Actual Loops": 3,"Group Key": ["n1.n_name", "n2.n_name", "(EXTRACT(year FROM lineitem.l_shipdate))"],"Workers": [],"Plans": [{"Node Type": "Sort","Parent Relationship": "Outer","Parallel Aware": false,"Async Capable": false,"Startup Cost": 71556.39,"Total Cost": 71562.53,"Plan Rows": 2455,"Plan Width": 252,"Actual Startup Time": 917.501,"Actual Total Time": 917.610,"Actual Rows": 1815,"Actual Loops": 3,"Sort Key": ["n1.n_name", "n2.n_name", "(EXTRACT(year FROM lineitem.l_shipdate))"],"Sort Method": "quicksort","Sort Space Used": 249,"Sort Space Type": "Memory","Workers": [{"Worker Number": 0,"Sort Method": "quicksort","Sort Space Used": 246,"Sort Space Type": "Memory"},{"Worker Number": 1,"Sort Method": "quicksort","Sort Space Used": 246,"Sort Space Type": "Memory"}],"Plans": [{"Node Type": "Hash Join","Parent Relationship": "Outer","Parallel Aware": false,"Async Capable": false,"Join Type": "Inner","Startup Cost": 366.16,"Total Cost": 71418.15,"Plan Rows": 2455,"Plan Width": 252,"Actual Startup Time": 9.433,"Actual Total Time": 915.775,"Actual Rows": 1815,"Actual Loops": 3,"Inner Unique": false,"Hash Cond": "(lineitem.l_suppkey = supplier.s_suppkey)","Join Filter": "(((n1.n_name = 'UNITED STATES'::bpchar) AND (n2.n_name = 'JORDAN'::bpchar)) OR ((n1.n_name = 'JORDAN'::bpchar) AND (n2.n_name = 'UNITED STATES'::bpchar)))","Rows Removed by Join Filter": 1877,"Workers": [],"Plans": [{"Node Type": "Nested Loop","Parent Relationship": "Outer","Parallel Aware": false,"Async Capable": false,"Join Type": "Inner","Startup Cost": 2.26,"Total Cost": 70727.78,"Plan Rows": 60250,"Plan Width": 124,"Actual Startup Time": 0.463,"Actual Total Time": 900.639,"Actual Rows": 49072,"Actual Loops": 3,"Inner Unique": false,"Workers": [],"Plans": [{"Node Type": "Nested Loop","Parent Relationship": "Outer","Parallel Aware": false,"Async Capable": false,"Join Type": "Inner","Startup Cost": 1.83,"Total Cost": 12400.01,"Plan Rows": 49000,"Plan Width": 108,"Actual Startup Time": 0.296,"Actual Total Time": 225.685,"Actual Rows": 40219,"Actual Loops": 3,"Inner Unique": false,"Workers": [],"Plans": [{"Node Type": "Hash Join","Parent Relationship": "Outer","Parallel Aware": false,"Async Capable": false,"Join Type": "Inner","Startup Cost": 1.40,"Total Cost": 4403.27,"Plan Rows": 4900,"Plan Width": 108,"Actual Startup Time": 0.169,"Actual Total Time": 46.692,"Actual Rows": 4005,"Actual Loops": 3,"Inner Unique": true,"Hash Cond": "(customer.c_nationkey = n2.n_nationkey)","Workers": [],"Plans": [{"Node Type": "Seq Scan","Parent Relationship": "Outer","Parallel Aware": true,"Async Capable": false,"Relation Name": "customer","Alias": "customer","Startup Cost": 0.00,"Total Cost": 4210.00,"Plan Rows": 62500,"Plan Width": 8,"Actual Startup Time": 0.011,"Actual Total Time": 9.481,"Actual Rows": 50000,"Actual Loops": 3,"Workers": []},{"Node Type": "Hash","Parent Relationship": "Inner","Parallel Aware": false,"Async Capable": false,"Startup Cost": 1.38,"Total Cost": 1.38,"Plan Rows": 2,"Plan Width": 108,"Actual Startup Time": 0.076,"Actual Total Time": 0.082,"Actual Rows": 2,"Actual Loops": 3,"Hash Buckets": 1024,"Original Hash Buckets": 1024,"Hash Batches": 1,"Original Hash Batches": 1,"Peak Memory Usage": 9,"Workers": [],"Plans": [{"Node Type": "Seq Scan","Parent Relationship": "Outer","Parallel Aware": false,"Async Capable": false,"Relation Name": "nation","Alias": "n2","Startup Cost": 0.00,"Total Cost": 1.38,"Plan Rows": 2,"Plan Width": 108,"Actual Startup Time": 0.058,"Actual Total Time": 0.063,"Actual Rows": 2,"Actual Loops": 3,"Filter": "((n_name = 'JORDAN'::bpchar) OR (n_name = 'UNITED STATES'::bpchar))","Rows Removed by Filter": 23,"Workers": []}]}]},{"Node Type": "Index Scan","Parent Relationship": "Inner","Parallel Aware": false,"Async Capable": false,"Scan Direction": "Forward","Index Name": "idx_orders_custkey","Relation Name": "orders","Alias": "orders","Startup Cost": 0.43,"Total Cost": 1.46,"Plan Rows": 17,"Plan Width": 8,"Actual Startup Time": 0.007,"Actual Total Time": 0.043,"Actual Rows": 10,"Actual Loops": 12016,"Index Cond": "(o_custkey = customer.c_custkey)","Rows Removed by Index Recheck": 0,"Workers": []}]},{"Node Type": "Index Scan","Parent Relationship": "Inner","Parallel Aware": false,"Async Capable": false,"Scan Direction": "Forward","Index Name": "idx_lineitem_orderkey","Relation Name": "lineitem","Alias": "lineitem","Startup Cost": 0.43,"Total Cost": 1.14,"Plan Rows": 5,"Plan Width": 24,"Actual Startup Time": 0.016,"Actual Total Time": 0.017,"Actual Rows": 1,"Actual Loops": 120657,"Index Cond": "(l_orderkey = orders.o_orderkey)","Rows Removed by Index Recheck": 0,"Filter": "((l_shipdate >= '1995-01-01'::date) AND (l_shipdate <= '1996-12-31'::date))","Rows Removed by Filter": 3,"Workers": []}]},{"Node Type": "Hash","Parent Relationship": "Inner","Parallel Aware": false,"Async Capable": false,"Startup Cost": 354.10,"Total Cost": 354.10,"Plan Rows": 784,"Plan Width": 108,"Actual Startup Time": 8.304,"Actual Total Time": 8.317,"Actual Rows": 755,"Actual Loops": 3,"Hash Buckets": 1024,"Original Hash Buckets": 1024,"Hash Batches": 1,"Original Hash Batches": 1,"Peak Memory Usage": 54,"Workers": [],"Plans": [{"Node Type": "Hash Join","Parent Relationship": "Outer","Parallel Aware": false,"Async Capable": false,"Join Type": "Inner","Startup Cost": 1.40,"Total Cost": 354.10,"Plan Rows": 784,"Plan Width": 108,"Actual Startup Time": 0.077,"Actual Total Time": 8.106,"Actual Rows": 755,"Actual Loops": 3,"Inner Unique": true,"Hash Cond": "(supplier.s_nationkey = n1.n_nationkey)","Workers": [],"Plans": [{"Node Type": "Seq Scan","Parent Relationship": "Outer","Parallel Aware": false,"Async Capable": false,"Relation Name": "supplier","Alias": "supplier","Startup Cost": 0.00,"Total Cost": 322.00,"Plan Rows": 10000,"Plan Width": 8,"Actual Startup Time": 0.032,"Actual Total Time": 4.479,"Actual Rows": 10000,"Actual Loops": 3,"Workers": []},{"Node Type": "Hash","Parent Relationship": "Inner","Parallel Aware": false,"Async Capable": false,"Startup Cost": 1.38,"Total Cost": 1.38,"Plan Rows": 2,"Plan Width": 108,"Actual Startup Time": 0.016,"Actual Total Time": 0.019,"Actual Rows": 2,"Actual Loops": 3,"Hash Buckets": 1024,"Original Hash Buckets": 1024,"Hash Batches": 1,"Original Hash Batches": 1,"Peak Memory Usage": 9,"Workers": [],"Plans": [{"Node Type": "Seq Scan","Parent Relationship": "Outer","Parallel Aware": false,"Async Capable": false,"Relation Name": "nation","Alias": "n1","Startup Cost": 0.00,"Total Cost": 1.38,"Plan Rows": 2,"Plan Width": 108,"Actual Startup Time": 0.008,"Actual Total Time": 0.011,"Actual Rows": 2,"Actual Loops": 3,"Filter": "((n_name = 'UNITED STATES'::bpchar) OR (n_name = 'JORDAN'::bpchar))","Rows Removed by Filter": 23,"Workers": []}]}]}]}]}]}]}]}]},"Planning Time": 8.515,"Triggers": [],"Execution Time": 982.861}]
[{"Plan": {"Node Type": "Aggregate","Strategy": "Sorted","Partial Mode": "Finalize","Parallel Aware": false,"Async Capable": false,"Startup Cost": 72556.41,"Total Cost": 73352.71,"Plan Rows": 5893,"Plan Width": 272,"Actual Startup Time": 926.354,"Actual Total Time": 983.902,"Actual Rows": 4,"Actual Loops": 1,"Group Key": ["n1.n_name", "n2.n_name", "(EXTRACT(year FROM lineitem.l_shipdate))"],"Plans": [{"Node Type": "Gather Merge","Parent Relationship": "Outer","Parallel Aware": false,"Async Capable": false,"Startup Cost": 72556.41,"Total Cost": 73202.94,"Plan Rows": 4910,"Plan Width": 272,"Actual Startup Time": 926.043,"Actual Total Time": 983.830,"Actual Rows": 12,"Actual Loops": 1,"Workers Planned": 2,"Workers Launched": 2,"Plans": [{"Node Type": "Aggregate","Strategy": "Sorted","Partial Mode": "Partial","Parent Relationship": "Outer","Parallel Aware": false,"Async Capable": false,"Startup Cost": 71556.39,"Total Cost": 71636.18,"Plan Rows": 2455,"Plan Width": 272,"Actual Startup Time": 918.144,"Actual Total Time": 918.800,"Actual Rows": 4,"Actual Loops": 3,"Group Key": ["n1.n_name", "n2.n_name", "(EXTRACT(year FROM lineitem.l_shipdate))"],"Workers": [],"Plans": [{"Node Type": "Sort","Parent Relationship": "Outer","Parallel Aware": false,"Async Capable": false,"Startup Cost": 71556.39,"Total Cost": 71562.53,"Plan Rows": 2455,"Plan Width": 252,"Actual Startup Time": 917.905,"Actual Total Time": 918.015,"Actual Rows": 1830,"Actual Loops": 3,"Sort Key": ["n1.n_name", "n2.n_name", "(EXTRACT(year FROM lineitem.l_shipdate))"],"Sort Method": "quicksort","Sort Space Used": 248,"Sort Space Type": "Memory","Workers": [{"Worker Number": 0,"Sort Method": "quicksort","Sort Space Used": 246,"Sort Space Type": "Memory"},{"Worker Number": 1,"Sort Method": "quicksort","Sort Space Used": 252,"Sort Space Type": "Memory"}],"Plans": [{"Node Type": "Hash Join","Parent Relationship": "Outer","Parallel Aware": false,"Async Capable": false,"Join Type": "Inner","Startup Cost": 366.16,"Total Cost": 71418.15,"Plan Rows": 2455,"Plan Width": 252,"Actual Startup Time": 10.624,"Actual Total Time": 916.165,"Actual Rows": 1830,"Actual Loops": 3,"Inner Unique": false,"Hash Cond": "(lineitem.l_suppkey = supplier.s_suppkey)","Join Filter": "(((n1.n_name = 'UNITED STATES'::bpchar) AND (n2.n_name = 'MOROCCO'::bpchar)) OR ((n1.n_name = 'MOROCCO'::bpchar) AND (n2.n_name = 'UNITED STATES'::bpchar)))","Rows Removed by Join Filter": 1891,"Workers": [],"Plans": [{"Node Type": "Nested Loop","Parent Relationship": "Outer","Parallel Aware": false,"Async Capable": false,"Join Type": "Inner","Startup Cost": 2.26,"Total Cost": 70727.78,"Plan Rows": 60250,"Plan Width": 124,"Actual Startup Time": 0.689,"Actual Total Time": 901.301,"Actual Rows": 48666,"Actual Loops": 3,"Inner Unique": false,"Workers": [],"Plans": [{"Node Type": "Nested Loop","Parent Relationship": "Outer","Parallel Aware": false,"Async Capable": false,"Join Type": "Inner","Startup Cost": 1.83,"Total Cost": 12400.01,"Plan Rows": 49000,"Plan Width": 108,"Actual Startup Time": 0.333,"Actual Total Time": 226.384,"Actual Rows": 39793,"Actual Loops": 3,"Inner Unique": false,"Workers": [],"Plans": [{"Node Type": "Hash Join","Parent Relationship": "Outer","Parallel Aware": false,"Async Capable": false,"Join Type": "Inner","Startup Cost": 1.40,"Total Cost": 4403.27,"Plan Rows": 4900,"Plan Width": 108,"Actual Startup Time": 0.207,"Actual Total Time": 47.985,"Actual Rows": 3968,"Actual Loops": 3,"Inner Unique": true,"Hash Cond": "(customer.c_nationkey = n2.n_nationkey)","Workers": [],"Plans": [{"Node Type": "Seq Scan","Parent Relationship": "Outer","Parallel Aware": true,"Async Capable": false,"Relation Name": "customer","Alias": "customer","Startup Cost": 0.00,"Total Cost": 4210.00,"Plan Rows": 62500,"Plan Width": 8,"Actual Startup Time": 0.012,"Actual Total Time": 9.560,"Actual Rows": 50000,"Actual Loops": 3,"Workers": []},{"Node Type": "Hash","Parent Relationship": "Inner","Parallel Aware": false,"Async Capable": false,"Startup Cost": 1.38,"Total Cost": 1.38,"Plan Rows": 2,"Plan Width": 108,"Actual Startup Time": 0.081,"Actual Total Time": 0.089,"Actual Rows": 2,"Actual Loops": 3,"Hash Buckets": 1024,"Original Hash Buckets": 1024,"Hash Batches": 1,"Original Hash Batches": 1,"Peak Memory Usage": 9,"Workers": [],"Plans": [{"Node Type": "Seq Scan","Parent Relationship": "Outer","Parallel Aware": false,"Async Capable": false,"Relation Name": "nation","Alias": "n2","Startup Cost": 0.00,"Total Cost": 1.38,"Plan Rows": 2,"Plan Width": 108,"Actual Startup Time": 0.058,"Actual Total Time": 0.063,"Actual Rows": 2,"Actual Loops": 3,"Filter": "((n_name = 'MOROCCO'::bpchar) OR (n_name = 'UNITED STATES'::bpchar))","Rows Removed by Filter": 23,"Workers": []}]}]},{"Node Type": "Index Scan","Parent Relationship": "Inner","Parallel Aware": false,"Async Capable": false,"Scan Direction": "Forward","Index Name": "idx_orders_custkey","Relation Name": "orders","Alias": "orders","Startup Cost": 0.43,"Total Cost": 1.46,"Plan Rows": 17,"Plan Width": 8,"Actual Startup Time": 0.007,"Actual Total Time": 0.044,"Actual Rows": 10,"Actual Loops": 11904,"Index Cond": "(o_custkey = customer.c_custkey)","Rows Removed by Index Recheck": 0,"Workers": []}]},{"Node Type": "Index Scan","Parent Relationship": "Inner","Parallel Aware": false,"Async Capable": false,"Scan Direction": "Forward","Index Name": "idx_lineitem_orderkey","Relation Name": "lineitem","Alias": "lineitem","Startup Cost": 0.43,"Total Cost": 1.14,"Plan Rows": 5,"Plan Width": 24,"Actual Startup Time": 0.016,"Actual Total Time": 0.017,"Actual Rows": 1,"Actual Loops": 119380,"Index Cond": "(l_orderkey = orders.o_orderkey)","Rows Removed by Index Recheck": 0,"Filter": "((l_shipdate >= '1995-01-01'::date) AND (l_shipdate <= '1996-12-31'::date))","Rows Removed by Filter": 3,"Workers": []}]},{"Node Type": "Hash","Parent Relationship": "Inner","Parallel Aware": false,"Async Capable": false,"Startup Cost": 354.10,"Total Cost": 354.10,"Plan Rows": 784,"Plan Width": 108,"Actual Startup Time": 7.888,"Actual Total Time": 7.899,"Actual Rows": 766,"Actual Loops": 3,"Hash Buckets": 1024,"Original Hash Buckets": 1024,"Hash Batches": 1,"Original Hash Batches": 1,"Peak Memory Usage": 55,"Workers": [],"Plans": [{"Node Type": "Hash Join","Parent Relationship": "Outer","Parallel Aware": false,"Async Capable": false,"Join Type": "Inner","Startup Cost": 1.40,"Total Cost": 354.10,"Plan Rows": 784,"Plan Width": 108,"Actual Startup Time": 0.095,"Actual Total Time": 7.729,"Actual Rows": 766,"Actual Loops": 3,"Inner Unique": true,"Hash Cond": "(supplier.s_nationkey = n1.n_nationkey)","Workers": [],"Plans": [{"Node Type": "Seq Scan","Parent Relationship": "Outer","Parallel Aware": false,"Async Capable": false,"Relation Name": "supplier","Alias": "supplier","Startup Cost": 0.00,"Total Cost": 322.00,"Plan Rows": 10000,"Plan Width": 8,"Actual Startup Time": 0.040,"Actual Total Time": 3.807,"Actual Rows": 10000,"Actual Loops": 3,"Workers": []},{"Node Type": "Hash","Parent Relationship": "Inner","Parallel Aware": false,"Async Capable": false,"Startup Cost": 1.38,"Total Cost": 1.38,"Plan Rows": 2,"Plan Width": 108,"Actual Startup Time": 0.020,"Actual Total Time": 0.023,"Actual Rows": 2,"Actual Loops": 3,"Hash Buckets": 1024,"Original Hash Buckets": 1024,"Hash Batches": 1,"Original Hash Batches": 1,"Peak Memory Usage": 9,"Workers": [],"Plans": [{"Node Type": "Seq Scan","Parent Relationship": "Outer","Parallel Aware": false,"Async Capable": false,"Relation Name": "nation","Alias": "n1","Startup Cost": 0.00,"Total Cost": 1.38,"Plan Rows": 2,"Plan Width": 108,"Actual Startup Time": 0.010,"Actual Total Time": 0.014,"Actual Rows": 2,"Actual Loops": 3,"Filter": "((n_name = 'UNITED STATES'::bpchar) OR (n_name = 'MOROCCO'::bpchar))","Rows Removed by Filter": 23,"Workers": []}]}]}]}]}]}]}]}]},"Planning Time": 9.021,"Triggers": [],"Execution Time": 984.348}]
[{"Plan": {"Node Type": "Aggregate","Strategy": "Sorted","Partial Mode": "Finalize","Parallel Aware": false,"Async Capable": false,"Startup Cost": 72556.41,"Total Cost": 73352.71,"Plan Rows": 5893,"Plan Width": 272,"Actual Startup Time": 922.120,"Actual Total Time": 979.255,"Actual Rows": 4,"Actual Loops": 1,"Group Key": ["n1.n_name", "n2.n_name", "(EXTRACT(year FROM lineitem.l_shipdate))"],"Plans": [{"Node Type": "Gather Merge","Parent Relationship": "Outer","Parallel Aware": false,"Async Capable": false,"Startup Cost": 72556.41,"Total Cost": 73202.94,"Plan Rows": 4910,"Plan Width": 272,"Actual Startup Time": 921.813,"Actual Total Time": 979.194,"Actual Rows": 12,"Actual Loops": 1,"Workers Planned": 2,"Workers Launched": 2,"Plans": [{"Node Type": "Aggregate","Strategy": "Sorted","Partial Mode": "Partial","Parent Relationship": "Outer","Parallel Aware": false,"Async Capable": false,"Startup Cost": 71556.39,"Total Cost": 71636.18,"Plan Rows": 2455,"Plan Width": 272,"Actual Startup Time": 913.470,"Actual Total Time": 914.108,"Actual Rows": 4,"Actual Loops": 3,"Group Key": ["n1.n_name", "n2.n_name", "(EXTRACT(year FROM lineitem.l_shipdate))"],"Workers": [],"Plans": [{"Node Type": "Sort","Parent Relationship": "Outer","Parallel Aware": false,"Async Capable": false,"Startup Cost": 71556.39,"Total Cost": 71562.53,"Plan Rows": 2455,"Plan Width": 252,"Actual Startup Time": 913.217,"Actual Total Time": 913.324,"Actual Rows": 1822,"Actual Loops": 3,"Sort Key": ["n1.n_name", "n2.n_name", "(EXTRACT(year FROM lineitem.l_shipdate))"],"Sort Method": "quicksort","Sort Space Used": 254,"Sort Space Type": "Memory","Workers": [{"Worker Number": 0,"Sort Method": "quicksort","Sort Space Used": 246,"Sort Space Type": "Memory"},{"Worker Number": 1,"Sort Method": "quicksort","Sort Space Used": 243,"Sort Space Type": "Memory"}],"Plans": [{"Node Type": "Hash Join","Parent Relationship": "Outer","Parallel Aware": false,"Async Capable": false,"Join Type": "Inner","Startup Cost": 366.16,"Total Cost": 71418.15,"Plan Rows": 2455,"Plan Width": 252,"Actual Startup Time": 9.522,"Actual Total Time": 911.466,"Actual Rows": 1822,"Actual Loops": 3,"Inner Unique": false,"Hash Cond": "(lineitem.l_suppkey = supplier.s_suppkey)","Join Filter": "(((n1.n_name = 'ETHIOPIA'::bpchar) AND (n2.n_name = 'MOROCCO'::bpchar)) OR ((n1.n_name = 'MOROCCO'::bpchar) AND (n2.n_name = 'ETHIOPIA'::bpchar)))","Rows Removed by Join Filter": 1850,"Workers": [],"Plans": [{"Node Type": "Nested Loop","Parent Relationship": "Outer","Parallel Aware": false,"Async Capable": false,"Join Type": "Inner","Startup Cost": 2.26,"Total Cost": 70727.78,"Plan Rows": 60250,"Plan Width": 124,"Actual Startup Time": 0.606,"Actual Total Time": 895.826,"Actual Rows": 48675,"Actual Loops": 3,"Inner Unique": false,"Workers": [],"Plans": [{"Node Type": "Nested Loop","Parent Relationship": "Outer","Parallel Aware": false,"Async Capable": false,"Join Type": "Inner","Startup Cost": 1.83,"Total Cost": 12400.01,"Plan Rows": 49000,"Plan Width": 108,"Actual Startup Time": 0.326,"Actual Total Time": 225.535,"Actual Rows": 39722,"Actual Loops": 3,"Inner Unique": false,"Workers": [],"Plans": [{"Node Type": "Hash Join","Parent Relationship": "Outer","Parallel Aware": false,"Async Capable": false,"Join Type": "Inner","Startup Cost": 1.40,"Total Cost": 4403.27,"Plan Rows": 4900,"Plan Width": 108,"Actual Startup Time": 0.193,"Actual Total Time": 46.941,"Actual Rows": 3958,"Actual Loops": 3,"Inner Unique": true,"Hash Cond": "(customer.c_nationkey = n2.n_nationkey)","Workers": [],"Plans": [{"Node Type": "Seq Scan","Parent Relationship": "Outer","Parallel Aware": true,"Async Capable": false,"Relation Name": "customer","Alias": "customer","Startup Cost": 0.00,"Total Cost": 4210.00,"Plan Rows": 62500,"Plan Width": 8,"Actual Startup Time": 0.014,"Actual Total Time": 9.592,"Actual Rows": 50000,"Actual Loops": 3,"Workers": []},{"Node Type": "Hash","Parent Relationship": "Inner","Parallel Aware": false,"Async Capable": false,"Startup Cost": 1.38,"Total Cost": 1.38,"Plan Rows": 2,"Plan Width": 108,"Actual Startup Time": 0.078,"Actual Total Time": 0.084,"Actual Rows": 2,"Actual Loops": 3,"Hash Buckets": 1024,"Original Hash Buckets": 1024,"Hash Batches": 1,"Original Hash Batches": 1,"Peak Memory Usage": 9,"Workers": [],"Plans": [{"Node Type": "Seq Scan","Parent Relationship": "Outer","Parallel Aware": false,"Async Capable": false,"Relation Name": "nation","Alias": "n2","Startup Cost": 0.00,"Total Cost": 1.38,"Plan Rows": 2,"Plan Width": 108,"Actual Startup Time": 0.057,"Actual Total Time": 0.066,"Actual Rows": 2,"Actual Loops": 3,"Filter": "((n_name = 'MOROCCO'::bpchar) OR (n_name = 'ETHIOPIA'::bpchar))","Rows Removed by Filter": 23,"Workers": []}]}]},{"Node Type": "Index Scan","Parent Relationship": "Inner","Parallel Aware": false,"Async Capable": false,"Scan Direction": "Forward","Index Name": "idx_orders_custkey","Relation Name": "orders","Alias": "orders","Startup Cost": 0.43,"Total Cost": 1.46,"Plan Rows": 17,"Plan Width": 8,"Actual Startup Time": 0.007,"Actual Total Time": 0.044,"Actual Rows": 10,"Actual Loops": 11873,"Index Cond": "(o_custkey = customer.c_custkey)","Rows Removed by Index Recheck": 0,"Workers": []}]},{"Node Type": "Index Scan","Parent Relationship": "Inner","Parallel Aware": false,"Async Capable": false,"Scan Direction": "Forward","Index Name": "idx_lineitem_orderkey","Relation Name": "lineitem","Alias": "lineitem","Startup Cost": 0.43,"Total Cost": 1.14,"Plan Rows": 5,"Plan Width": 24,"Actual Startup Time": 0.016,"Actual Total Time": 0.017,"Actual Rows": 1,"Actual Loops": 119165,"Index Cond": "(l_orderkey = orders.o_orderkey)","Rows Removed by Index Recheck": 0,"Filter": "((l_shipdate >= '1995-01-01'::date) AND (l_shipdate <= '1996-12-31'::date))","Rows Removed by Filter": 3,"Workers": []}]},{"Node Type": "Hash","Parent Relationship": "Inner","Parallel Aware": false,"Async Capable": false,"Startup Cost": 354.10,"Total Cost": 354.10,"Plan Rows": 784,"Plan Width": 108,"Actual Startup Time": 8.501,"Actual Total Time": 8.512,"Actual Rows": 753,"Actual Loops": 3,"Hash Buckets": 1024,"Original Hash Buckets": 1024,"Hash Batches": 1,"Original Hash Batches": 1,"Peak Memory Usage": 54,"Workers": [],"Plans": [{"Node Type": "Hash Join","Parent Relationship": "Outer","Parallel Aware": false,"Async Capable": false,"Join Type": "Inner","Startup Cost": 1.40,"Total Cost": 354.10,"Plan Rows": 784,"Plan Width": 108,"Actual Startup Time": 0.087,"Actual Total Time": 8.337,"Actual Rows": 753,"Actual Loops": 3,"Inner Unique": true,"Hash Cond": "(supplier.s_nationkey = n1.n_nationkey)","Workers": [],"Plans": [{"Node Type": "Seq Scan","Parent Relationship": "Outer","Parallel Aware": false,"Async Capable": false,"Relation Name": "supplier","Alias": "supplier","Startup Cost": 0.00,"Total Cost": 322.00,"Plan Rows": 10000,"Plan Width": 8,"Actual Startup Time": 0.036,"Actual Total Time": 4.320,"Actual Rows": 10000,"Actual Loops": 3,"Workers": []},{"Node Type": "Hash","Parent Relationship": "Inner","Parallel Aware": false,"Async Capable": false,"Startup Cost": 1.38,"Total Cost": 1.38,"Plan Rows": 2,"Plan Width": 108,"Actual Startup Time": 0.019,"Actual Total Time": 0.023,"Actual Rows": 2,"Actual Loops": 3,"Hash Buckets": 1024,"Original Hash Buckets": 1024,"Hash Batches": 1,"Original Hash Batches": 1,"Peak Memory Usage": 9,"Workers": [],"Plans": [{"Node Type": "Seq Scan","Parent Relationship": "Outer","Parallel Aware": false,"Async Capable": false,"Relation Name": "nation","Alias": "n1","Startup Cost": 0.00,"Total Cost": 1.38,"Plan Rows": 2,"Plan Width": 108,"Actual Startup Time": 0.006,"Actual Total Time": 0.013,"Actual Rows": 2,"Actual Loops": 3,"Filter": "((n_name = 'ETHIOPIA'::bpchar) OR (n_name = 'MOROCCO'::bpchar))","Rows Removed by Filter": 23,"Workers": []}]}]}]}]}]}]}]}]},"Planning Time": 8.517,"Triggers": [],"Execution Time": 979.735}]
[{"Plan": {"Node Type": "Aggregate","Strategy": "Sorted","Partial Mode": "Finalize","Parallel Aware": false,"Async Capable": false,"Startup Cost": 72556.41,"Total Cost": 73352.71,"Plan Rows": 5893,"Plan Width": 272,"Actual Startup Time": 918.148,"Actual Total Time": 974.293,"Actual Rows": 4,"Actual Loops": 1,"Group Key": ["n1.n_name", "n2.n_name", "(EXTRACT(year FROM lineitem.l_shipdate))"],"Plans": [{"Node Type": "Gather Merge","Parent Relationship": "Outer","Parallel Aware": false,"Async Capable": false,"Startup Cost": 72556.41,"Total Cost": 73202.94,"Plan Rows": 4910,"Plan Width": 272,"Actual Startup Time": 917.674,"Actual Total Time": 974.214,"Actual Rows": 12,"Actual Loops": 1,"Workers Planned": 2,"Workers Launched": 2,"Plans": [{"Node Type": "Aggregate","Strategy": "Sorted","Partial Mode": "Partial","Parent Relationship": "Outer","Parallel Aware": false,"Async Capable": false,"Startup Cost": 71556.39,"Total Cost": 71636.18,"Plan Rows": 2455,"Plan Width": 272,"Actual Startup Time": 909.065,"Actual Total Time": 909.919,"Actual Rows": 4,"Actual Loops": 3,"Group Key": ["n1.n_name", "n2.n_name", "(EXTRACT(year FROM lineitem.l_shipdate))"],"Workers": [],"Plans": [{"Node Type": "Sort","Parent Relationship": "Outer","Parallel Aware": false,"Async Capable": false,"Startup Cost": 71556.39,"Total Cost": 71562.53,"Plan Rows": 2455,"Plan Width": 252,"Actual Startup Time": 908.794,"Actual Total Time": 908.924,"Actual Rows": 2026,"Actual Loops": 3,"Sort Key": ["n1.n_name", "n2.n_name", "(EXTRACT(year FROM lineitem.l_shipdate))"],"Sort Method": "quicksort","Sort Space Used": 271,"Sort Space Type": "Memory","Workers": [{"Worker Number": 0,"Sort Method": "quicksort","Sort Space Used": 271,"Sort Space Type": "Memory"},{"Worker Number": 1,"Sort Method": "quicksort","Sort Space Used": 269,"Sort Space Type": "Memory"}],"Plans": [{"Node Type": "Hash Join","Parent Relationship": "Outer","Parallel Aware": false,"Async Capable": false,"Join Type": "Inner","Startup Cost": 366.16,"Total Cost": 71418.15,"Plan Rows": 2455,"Plan Width": 252,"Actual Startup Time": 9.130,"Actual Total Time": 906.961,"Actual Rows": 2026,"Actual Loops": 3,"Inner Unique": false,"Hash Cond": "(lineitem.l_suppkey = supplier.s_suppkey)","Join Filter": "(((n1.n_name = 'PERU'::bpchar) AND (n2.n_name = 'ALGERIA'::bpchar)) OR ((n1.n_name = 'ALGERIA'::bpchar) AND (n2.n_name = 'PERU'::bpchar)))","Rows Removed by Join Filter": 2057,"Workers": [],"Plans": [{"Node Type": "Nested Loop","Parent Relationship": "Outer","Parallel Aware": false,"Async Capable": false,"Join Type": "Inner","Startup Cost": 2.26,"Total Cost": 70727.78,"Plan Rows": 60250,"Plan Width": 124,"Actual Startup Time": 0.842,"Actual Total Time": 892.529,"Actual Rows": 48251,"Actual Loops": 3,"Inner Unique": false,"Workers": [],"Plans": [{"Node Type": "Nested Loop","Parent Relationship": "Outer","Parallel Aware": false,"Async Capable": false,"Join Type": "Inner","Startup Cost": 1.83,"Total Cost": 12400.01,"Plan Rows": 49000,"Plan Width": 108,"Actual Startup Time": 0.374,"Actual Total Time": 224.587,"Actual Rows": 39547,"Actual Loops": 3,"Inner Unique": false,"Workers": [],"Plans": [{"Node Type": "Hash Join","Parent Relationship": "Outer","Parallel Aware": false,"Async Capable": false,"Join Type": "Inner","Startup Cost": 1.40,"Total Cost": 4403.27,"Plan Rows": 4900,"Plan Width": 108,"Actual Startup Time": 0.211,"Actual Total Time": 47.092,"Actual Rows": 3967,"Actual Loops": 3,"Inner Unique": true,"Hash Cond": "(customer.c_nationkey = n2.n_nationkey)","Workers": [],"Plans": [{"Node Type": "Seq Scan","Parent Relationship": "Outer","Parallel Aware": true,"Async Capable": false,"Relation Name": "customer","Alias": "customer","Startup Cost": 0.00,"Total Cost": 4210.00,"Plan Rows": 62500,"Plan Width": 8,"Actual Startup Time": 0.023,"Actual Total Time": 9.464,"Actual Rows": 50000,"Actual Loops": 3,"Workers": []},{"Node Type": "Hash","Parent Relationship": "Inner","Parallel Aware": false,"Async Capable": false,"Startup Cost": 1.38,"Total Cost": 1.38,"Plan Rows": 2,"Plan Width": 108,"Actual Startup Time": 0.079,"Actual Total Time": 0.086,"Actual Rows": 2,"Actual Loops": 3,"Hash Buckets": 1024,"Original Hash Buckets": 1024,"Hash Batches": 1,"Original Hash Batches": 1,"Peak Memory Usage": 9,"Workers": [],"Plans": [{"Node Type": "Seq Scan","Parent Relationship": "Outer","Parallel Aware": false,"Async Capable": false,"Relation Name": "nation","Alias": "n2","Startup Cost": 0.00,"Total Cost": 1.38,"Plan Rows": 2,"Plan Width": 108,"Actual Startup Time": 0.057,"Actual Total Time": 0.068,"Actual Rows": 2,"Actual Loops": 3,"Filter": "((n_name = 'ALGERIA'::bpchar) OR (n_name = 'PERU'::bpchar))","Rows Removed by Filter": 23,"Workers": []}]}]},{"Node Type": "Index Scan","Parent Relationship": "Inner","Parallel Aware": false,"Async Capable": false,"Scan Direction": "Forward","Index Name": "idx_orders_custkey","Relation Name": "orders","Alias": "orders","Startup Cost": 0.43,"Total Cost": 1.46,"Plan Rows": 17,"Plan Width": 8,"Actual Startup Time": 0.007,"Actual Total Time": 0.043,"Actual Rows": 10,"Actual Loops": 11900,"Index Cond": "(o_custkey = customer.c_custkey)","Rows Removed by Index Recheck": 0,"Workers": []}]},{"Node Type": "Index Scan","Parent Relationship": "Inner","Parallel Aware": false,"Async Capable": false,"Scan Direction": "Forward","Index Name": "idx_lineitem_orderkey","Relation Name": "lineitem","Alias": "lineitem","Startup Cost": 0.43,"Total Cost": 1.14,"Plan Rows": 5,"Plan Width": 24,"Actual Startup Time": 0.016,"Actual Total Time": 0.017,"Actual Rows": 1,"Actual Loops": 118640,"Index Cond": "(l_orderkey = orders.o_orderkey)","Rows Removed by Index Recheck": 0,"Filter": "((l_shipdate >= '1995-01-01'::date) AND (l_shipdate <= '1996-12-31'::date))","Rows Removed by Filter": 3,"Workers": []}]},{"Node Type": "Hash","Parent Relationship": "Inner","Parallel Aware": false,"Async Capable": false,"Startup Cost": 354.10,"Total Cost": 354.10,"Plan Rows": 784,"Plan Width": 108,"Actual Startup Time": 7.371,"Actual Total Time": 7.392,"Actual Rows": 841,"Actual Loops": 3,"Hash Buckets": 1024,"Original Hash Buckets": 1024,"Hash Batches": 1,"Original Hash Batches": 1,"Peak Memory Usage": 59,"Workers": [],"Plans": [{"Node Type": "Hash Join","Parent Relationship": "Outer","Parallel Aware": false,"Async Capable": false,"Join Type": "Inner","Startup Cost": 1.40,"Total Cost": 354.10,"Plan Rows": 784,"Plan Width": 108,"Actual Startup Time": 0.083,"Actual Total Time": 7.197,"Actual Rows": 841,"Actual Loops": 3,"Inner Unique": true,"Hash Cond": "(supplier.s_nationkey = n1.n_nationkey)","Workers": [],"Plans": [{"Node Type": "Seq Scan","Parent Relationship": "Outer","Parallel Aware": false,"Async Capable": false,"Relation Name": "supplier","Alias": "supplier","Startup Cost": 0.00,"Total Cost": 322.00,"Plan Rows": 10000,"Plan Width": 8,"Actual Startup Time": 0.033,"Actual Total Time": 3.740,"Actual Rows": 10000,"Actual Loops": 3,"Workers": []},{"Node Type": "Hash","Parent Relationship": "Inner","Parallel Aware": false,"Async Capable": false,"Startup Cost": 1.38,"Total Cost": 1.38,"Plan Rows": 2,"Plan Width": 108,"Actual Startup Time": 0.019,"Actual Total Time": 0.026,"Actual Rows": 2,"Actual Loops": 3,"Hash Buckets": 1024,"Original Hash Buckets": 1024,"Hash Batches": 1,"Original Hash Batches": 1,"Peak Memory Usage": 9,"Workers": [],"Plans": [{"Node Type": "Seq Scan","Parent Relationship": "Outer","Parallel Aware": false,"Async Capable": false,"Relation Name": "nation","Alias": "n1","Startup Cost": 0.00,"Total Cost": 1.38,"Plan Rows": 2,"Plan Width": 108,"Actual Startup Time": 0.005,"Actual Total Time": 0.014,"Actual Rows": 2,"Actual Loops": 3,"Filter": "((n_name = 'PERU'::bpchar) OR (n_name = 'ALGERIA'::bpchar))","Rows Removed by Filter": 23,"Workers": []}]}]}]}]}]}]}]}]},"Planning Time": 8.190,"Triggers": [],"Execution Time": 974.755}]
[{"Plan": {"Node Type": "Aggregate","Strategy": "Sorted","Partial Mode": "Finalize","Parallel Aware": false,"Async Capable": false,"Startup Cost": 72556.41,"Total Cost": 73352.71,"Plan Rows": 5893,"Plan Width": 272,"Actual Startup Time": 934.282,"Actual Total Time": 991.032,"Actual Rows": 4,"Actual Loops": 1,"Group Key": ["n1.n_name", "n2.n_name", "(EXTRACT(year FROM lineitem.l_shipdate))"],"Plans": [{"Node Type": "Gather Merge","Parent Relationship": "Outer","Parallel Aware": false,"Async Capable": false,"Startup Cost": 72556.41,"Total Cost": 73202.94,"Plan Rows": 4910,"Plan Width": 272,"Actual Startup Time": 933.477,"Actual Total Time": 990.952,"Actual Rows": 12,"Actual Loops": 1,"Workers Planned": 2,"Workers Launched": 2,"Plans": [{"Node Type": "Aggregate","Strategy": "Sorted","Partial Mode": "Partial","Parent Relationship": "Outer","Parallel Aware": false,"Async Capable": false,"Startup Cost": 71556.39,"Total Cost": 71636.18,"Plan Rows": 2455,"Plan Width": 272,"Actual Startup Time": 925.105,"Actual Total Time": 925.992,"Actual Rows": 4,"Actual Loops": 3,"Group Key": ["n1.n_name", "n2.n_name", "(EXTRACT(year FROM lineitem.l_shipdate))"],"Workers": [],"Plans": [{"Node Type": "Sort","Parent Relationship": "Outer","Parallel Aware": false,"Async Capable": false,"Startup Cost": 71556.39,"Total Cost": 71562.53,"Plan Rows": 2455,"Plan Width": 252,"Actual Startup Time": 924.827,"Actual Total Time": 924.949,"Actual Rows": 1981,"Actual Loops": 3,"Sort Key": ["n1.n_name", "n2.n_name", "(EXTRACT(year FROM lineitem.l_shipdate))"],"Sort Method": "quicksort","Sort Space Used": 258,"Sort Space Type": "Memory","Workers": [{"Worker Number": 0,"Sort Method": "quicksort","Sort Space Used": 272,"Sort Space Type": "Memory"},{"Worker Number": 1,"Sort Method": "quicksort","Sort Space Used": 266,"Sort Space Type": "Memory"}],"Plans": [{"Node Type": "Hash Join","Parent Relationship": "Outer","Parallel Aware": false,"Async Capable": false,"Join Type": "Inner","Startup Cost": 366.16,"Total Cost": 71418.15,"Plan Rows": 2455,"Plan Width": 252,"Actual Startup Time": 11.087,"Actual Total Time": 922.960,"Actual Rows": 1981,"Actual Loops": 3,"Inner Unique": false,"Hash Cond": "(lineitem.l_suppkey = supplier.s_suppkey)","Join Filter": "(((n1.n_name = 'RUSSIA'::bpchar) AND (n2.n_name = 'EGYPT'::bpchar)) OR ((n1.n_name = 'EGYPT'::bpchar) AND (n2.n_name = 'RUSSIA'::bpchar)))","Rows Removed by Join Filter": 2015,"Workers": [],"Plans": [{"Node Type": "Nested Loop","Parent Relationship": "Outer","Parallel Aware": false,"Async Capable": false,"Join Type": "Inner","Startup Cost": 2.26,"Total Cost": 70727.78,"Plan Rows": 60250,"Plan Width": 124,"Actual Startup Time": 0.914,"Actual Total Time": 907.509,"Actual Rows": 49078,"Actual Loops": 3,"Inner Unique": false,"Workers": [],"Plans": [{"Node Type": "Nested Loop","Parent Relationship": "Outer","Parallel Aware": false,"Async Capable": false,"Join Type": "Inner","Startup Cost": 1.83,"Total Cost": 12400.01,"Plan Rows": 49000,"Plan Width": 108,"Actual Startup Time": 0.364,"Actual Total Time": 228.603,"Actual Rows": 40202,"Actual Loops": 3,"Inner Unique": false,"Workers": [],"Plans": [{"Node Type": "Hash Join","Parent Relationship": "Outer","Parallel Aware": false,"Async Capable": false,"Join Type": "Inner","Startup Cost": 1.40,"Total Cost": 4403.27,"Plan Rows": 4900,"Plan Width": 108,"Actual Startup Time": 0.195,"Actual Total Time": 48.466,"Actual Rows": 4024,"Actual Loops": 3,"Inner Unique": true,"Hash Cond": "(customer.c_nationkey = n2.n_nationkey)","Workers": [],"Plans": [{"Node Type": "Seq Scan","Parent Relationship": "Outer","Parallel Aware": true,"Async Capable": false,"Relation Name": "customer","Alias": "customer","Startup Cost": 0.00,"Total Cost": 4210.00,"Plan Rows": 62500,"Plan Width": 8,"Actual Startup Time": 0.012,"Actual Total Time": 9.586,"Actual Rows": 50000,"Actual Loops": 3,"Workers": []},{"Node Type": "Hash","Parent Relationship": "Inner","Parallel Aware": false,"Async Capable": false,"Startup Cost": 1.38,"Total Cost": 1.38,"Plan Rows": 2,"Plan Width": 108,"Actual Startup Time": 0.084,"Actual Total Time": 0.091,"Actual Rows": 2,"Actual Loops": 3,"Hash Buckets": 1024,"Original Hash Buckets": 1024,"Hash Batches": 1,"Original Hash Batches": 1,"Peak Memory Usage": 9,"Workers": [],"Plans": [{"Node Type": "Seq Scan","Parent Relationship": "Outer","Parallel Aware": false,"Async Capable": false,"Relation Name": "nation","Alias": "n2","Startup Cost": 0.00,"Total Cost": 1.38,"Plan Rows": 2,"Plan Width": 108,"Actual Startup Time": 0.062,"Actual Total Time": 0.071,"Actual Rows": 2,"Actual Loops": 3,"Filter": "((n_name = 'EGYPT'::bpchar) OR (n_name = 'RUSSIA'::bpchar))","Rows Removed by Filter": 23,"Workers": []}]}]},{"Node Type": "Index Scan","Parent Relationship": "Inner","Parallel Aware": false,"Async Capable": false,"Scan Direction": "Forward","Index Name": "idx_orders_custkey","Relation Name": "orders","Alias": "orders","Startup Cost": 0.43,"Total Cost": 1.46,"Plan Rows": 17,"Plan Width": 8,"Actual Startup Time": 0.007,"Actual Total Time": 0.044,"Actual Rows": 10,"Actual Loops": 12073,"Index Cond": "(o_custkey = customer.c_custkey)","Rows Removed by Index Recheck": 0,"Workers": []}]},{"Node Type": "Index Scan","Parent Relationship": "Inner","Parallel Aware": false,"Async Capable": false,"Scan Direction": "Forward","Index Name": "idx_lineitem_orderkey","Relation Name": "lineitem","Alias": "lineitem","Startup Cost": 0.43,"Total Cost": 1.14,"Plan Rows": 5,"Plan Width": 24,"Actual Startup Time": 0.016,"Actual Total Time": 0.017,"Actual Rows": 1,"Actual Loops": 120606,"Index Cond": "(l_orderkey = orders.o_orderkey)","Rows Removed by Index Recheck": 0,"Filter": "((l_shipdate >= '1995-01-01'::date) AND (l_shipdate <= '1996-12-31'::date))","Rows Removed by Filter": 3,"Workers": []}]},{"Node Type": "Hash","Parent Relationship": "Inner","Parallel Aware": false,"Async Capable": false,"Startup Cost": 354.10,"Total Cost": 354.10,"Plan Rows": 784,"Plan Width": 108,"Actual Startup Time": 8.372,"Actual Total Time": 8.385,"Actual Rows": 816,"Actual Loops": 3,"Hash Buckets": 1024,"Original Hash Buckets": 1024,"Hash Batches": 1,"Original Hash Batches": 1,"Peak Memory Usage": 58,"Workers": [],"Plans": [{"Node Type": "Hash Join","Parent Relationship": "Outer","Parallel Aware": false,"Async Capable": false,"Join Type": "Inner","Startup Cost": 1.40,"Total Cost": 354.10,"Plan Rows": 784,"Plan Width": 108,"Actual Startup Time": 0.100,"Actual Total Time": 8.162,"Actual Rows": 816,"Actual Loops": 3,"Inner Unique": true,"Hash Cond": "(supplier.s_nationkey = n1.n_nationkey)","Workers": [],"Plans": [{"Node Type": "Seq Scan","Parent Relationship": "Outer","Parallel Aware": false,"Async Capable": false,"Relation Name": "supplier","Alias": "supplier","Startup Cost": 0.00,"Total Cost": 322.00,"Plan Rows": 10000,"Plan Width": 8,"Actual Startup Time": 0.035,"Actual Total Time": 4.032,"Actual Rows": 10000,"Actual Loops": 3,"Workers": []},{"Node Type": "Hash","Parent Relationship": "Inner","Parallel Aware": false,"Async Capable": false,"Startup Cost": 1.38,"Total Cost": 1.38,"Plan Rows": 2,"Plan Width": 108,"Actual Startup Time": 0.020,"Actual Total Time": 0.024,"Actual Rows": 2,"Actual Loops": 3,"Hash Buckets": 1024,"Original Hash Buckets": 1024,"Hash Batches": 1,"Original Hash Batches": 1,"Peak Memory Usage": 9,"Workers": [],"Plans": [{"Node Type": "Seq Scan","Parent Relationship": "Outer","Parallel Aware": false,"Async Capable": false,"Relation Name": "nation","Alias": "n1","Startup Cost": 0.00,"Total Cost": 1.38,"Plan Rows": 2,"Plan Width": 108,"Actual Startup Time": 0.007,"Actual Total Time": 0.014,"Actual Rows": 2,"Actual Loops": 3,"Filter": "((n_name = 'RUSSIA'::bpchar) OR (n_name = 'EGYPT'::bpchar))","Rows Removed by Filter": 23,"Workers": []}]}]}]}]}]}]}]}]},"Planning Time": 8.609,"Triggers": [],"Execution Time": 991.501}]
[{"Plan": {"Node Type": "Aggregate","Strategy": "Sorted","Partial Mode": "Finalize","Parallel Aware": false,"Async Capable": false,"Startup Cost": 72556.41,"Total Cost": 73352.71,"Plan Rows": 5893,"Plan Width": 272,"Actual Startup Time": 913.023,"Actual Total Time": 956.231,"Actual Rows": 4,"Actual Loops": 1,"Group Key": ["n1.n_name", "n2.n_name", "(EXTRACT(year FROM lineitem.l_shipdate))"],"Plans": [{"Node Type": "Gather Merge","Parent Relationship": "Outer","Parallel Aware": false,"Async Capable": false,"Startup Cost": 72556.41,"Total Cost": 73202.94,"Plan Rows": 4910,"Plan Width": 272,"Actual Startup Time": 912.702,"Actual Total Time": 956.137,"Actual Rows": 12,"Actual Loops": 1,"Workers Planned": 2,"Workers Launched": 2,"Plans": [{"Node Type": "Aggregate","Strategy": "Sorted","Partial Mode": "Partial","Parent Relationship": "Outer","Parallel Aware": false,"Async Capable": false,"Startup Cost": 71556.39,"Total Cost": 71636.18,"Plan Rows": 2455,"Plan Width": 272,"Actual Startup Time": 905.077,"Actual Total Time": 905.755,"Actual Rows": 4,"Actual Loops": 3,"Group Key": ["n1.n_name", "n2.n_name", "(EXTRACT(year FROM lineitem.l_shipdate))"],"Workers": [],"Plans": [{"Node Type": "Sort","Parent Relationship": "Outer","Parallel Aware": false,"Async Capable": false,"Startup Cost": 71556.39,"Total Cost": 71562.53,"Plan Rows": 2455,"Plan Width": 252,"Actual Startup Time": 904.841,"Actual Total Time": 904.937,"Actual Rows": 1970,"Actual Loops": 3,"Sort Key": ["n1.n_name", "n2.n_name", "(EXTRACT(year FROM lineitem.l_shipdate))"],"Sort Method": "quicksort","Sort Space Used": 264,"Sort Space Type": "Memory","Workers": [{"Worker Number": 0,"Sort Method": "quicksort","Sort Space Used": 260,"Sort Space Type": "Memory"},{"Worker Number": 1,"Sort Method": "quicksort","Sort Space Used": 268,"Sort Space Type": "Memory"}],"Plans": [{"Node Type": "Hash Join","Parent Relationship": "Outer","Parallel Aware": false,"Async Capable": false,"Join Type": "Inner","Startup Cost": 366.16,"Total Cost": 71418.15,"Plan Rows": 2455,"Plan Width": 252,"Actual Startup Time": 9.631,"Actual Total Time": 902.986,"Actual Rows": 1970,"Actual Loops": 3,"Inner Unique": false,"Hash Cond": "(lineitem.l_suppkey = supplier.s_suppkey)","Join Filter": "(((n1.n_name = 'BRAZIL'::bpchar) AND (n2.n_name = 'SAUDI ARABIA'::bpchar)) OR ((n1.n_name = 'SAUDI ARABIA'::bpchar) AND (n2.n_name = 'BRAZIL'::bpchar)))","Rows Removed by Join Filter": 1944,"Workers": [],"Plans": [{"Node Type": "Nested Loop","Parent Relationship": "Outer","Parallel Aware": false,"Async Capable": false,"Join Type": "Inner","Startup Cost": 2.26,"Total Cost": 70727.78,"Plan Rows": 60250,"Plan Width": 124,"Actual Startup Time": 1.076,"Actual Total Time": 889.362,"Actual Rows": 48277,"Actual Loops": 3,"Inner Unique": false,"Workers": [],"Plans": [{"Node Type": "Nested Loop","Parent Relationship": "Outer","Parallel Aware": false,"Async Capable": false,"Join Type": "Inner","Startup Cost": 1.83,"Total Cost": 12400.01,"Plan Rows": 49000,"Plan Width": 108,"Actual Startup Time": 0.288,"Actual Total Time": 220.208,"Actual Rows": 39530,"Actual Loops": 3,"Inner Unique": false,"Workers": [],"Plans": [{"Node Type": "Hash Join","Parent Relationship": "Outer","Parallel Aware": false,"Async Capable": false,"Join Type": "Inner","Startup Cost": 1.40,"Total Cost": 4403.27,"Plan Rows": 4900,"Plan Width": 108,"Actual Startup Time": 0.179,"Actual Total Time": 43.590,"Actual Rows": 3968,"Actual Loops": 3,"Inner Unique": true,"Hash Cond": "(customer.c_nationkey = n2.n_nationkey)","Workers": [],"Plans": [{"Node Type": "Seq Scan","Parent Relationship": "Outer","Parallel Aware": true,"Async Capable": false,"Relation Name": "customer","Alias": "customer","Startup Cost": 0.00,"Total Cost": 4210.00,"Plan Rows": 62500,"Plan Width": 8,"Actual Startup Time": 0.014,"Actual Total Time": 8.976,"Actual Rows": 50000,"Actual Loops": 3,"Workers": []},{"Node Type": "Hash","Parent Relationship": "Inner","Parallel Aware": false,"Async Capable": false,"Startup Cost": 1.38,"Total Cost": 1.38,"Plan Rows": 2,"Plan Width": 108,"Actual Startup Time": 0.082,"Actual Total Time": 0.086,"Actual Rows": 2,"Actual Loops": 3,"Hash Buckets": 1024,"Original Hash Buckets": 1024,"Hash Batches": 1,"Original Hash Batches": 1,"Peak Memory Usage": 9,"Workers": [],"Plans": [{"Node Type": "Seq Scan","Parent Relationship": "Outer","Parallel Aware": false,"Async Capable": false,"Relation Name": "nation","Alias": "n2","Startup Cost": 0.00,"Total Cost": 1.38,"Plan Rows": 2,"Plan Width": 108,"Actual Startup Time": 0.058,"Actual Total Time": 0.066,"Actual Rows": 2,"Actual Loops": 3,"Filter": "((n_name = 'SAUDI ARABIA'::bpchar) OR (n_name = 'BRAZIL'::bpchar))","Rows Removed by Filter": 23,"Workers": []}]}]},{"Node Type": "Index Scan","Parent Relationship": "Inner","Parallel Aware": false,"Async Capable": false,"Scan Direction": "Forward","Index Name": "idx_orders_custkey","Relation Name": "orders","Alias": "orders","Startup Cost": 0.43,"Total Cost": 1.46,"Plan Rows": 17,"Plan Width": 8,"Actual Startup Time": 0.007,"Actual Total Time": 0.043,"Actual Rows": 10,"Actual Loops": 11903,"Index Cond": "(o_custkey = customer.c_custkey)","Rows Removed by Index Recheck": 0,"Workers": []}]},{"Node Type": "Index Scan","Parent Relationship": "Inner","Parallel Aware": false,"Async Capable": false,"Scan Direction": "Forward","Index Name": "idx_lineitem_orderkey","Relation Name": "lineitem","Alias": "lineitem","Startup Cost": 0.43,"Total Cost": 1.14,"Plan Rows": 5,"Plan Width": 24,"Actual Startup Time": 0.016,"Actual Total Time": 0.017,"Actual Rows": 1,"Actual Loops": 118590,"Index Cond": "(l_orderkey = orders.o_orderkey)","Rows Removed by Index Recheck": 0,"Filter": "((l_shipdate >= '1995-01-01'::date) AND (l_shipdate <= '1996-12-31'::date))","Rows Removed by Filter": 3,"Workers": []}]},{"Node Type": "Hash","Parent Relationship": "Inner","Parallel Aware": false,"Async Capable": false,"Startup Cost": 354.10,"Total Cost": 354.10,"Plan Rows": 784,"Plan Width": 108,"Actual Startup Time": 6.617,"Actual Total Time": 6.627,"Actual Rows": 808,"Actual Loops": 3,"Hash Buckets": 1024,"Original Hash Buckets": 1024,"Hash Batches": 1,"Original Hash Batches": 1,"Peak Memory Usage": 57,"Workers": [],"Plans": [{"Node Type": "Hash Join","Parent Relationship": "Outer","Parallel Aware": false,"Async Capable": false,"Join Type": "Inner","Startup Cost": 1.40,"Total Cost": 354.10,"Plan Rows": 784,"Plan Width": 108,"Actual Startup Time": 0.087,"Actual Total Time": 6.445,"Actual Rows": 808,"Actual Loops": 3,"Inner Unique": true,"Hash Cond": "(supplier.s_nationkey = n1.n_nationkey)","Workers": [],"Plans": [{"Node Type": "Seq Scan","Parent Relationship": "Outer","Parallel Aware": false,"Async Capable": false,"Relation Name": "supplier","Alias": "supplier","Startup Cost": 0.00,"Total Cost": 322.00,"Plan Rows": 10000,"Plan Width": 8,"Actual Startup Time": 0.029,"Actual Total Time": 3.233,"Actual Rows": 10000,"Actual Loops": 3,"Workers": []},{"Node Type": "Hash","Parent Relationship": "Inner","Parallel Aware": false,"Async Capable": false,"Startup Cost": 1.38,"Total Cost": 1.38,"Plan Rows": 2,"Plan Width": 108,"Actual Startup Time": 0.020,"Actual Total Time": 0.024,"Actual Rows": 2,"Actual Loops": 3,"Hash Buckets": 1024,"Original Hash Buckets": 1024,"Hash Batches": 1,"Original Hash Batches": 1,"Peak Memory Usage": 9,"Workers": [],"Plans": [{"Node Type": "Seq Scan","Parent Relationship": "Outer","Parallel Aware": false,"Async Capable": false,"Relation Name": "nation","Alias": "n1","Startup Cost": 0.00,"Total Cost": 1.38,"Plan Rows": 2,"Plan Width": 108,"Actual Startup Time": 0.006,"Actual Total Time": 0.012,"Actual Rows": 2,"Actual Loops": 3,"Filter": "((n_name = 'BRAZIL'::bpchar) OR (n_name = 'SAUDI ARABIA'::bpchar))","Rows Removed by Filter": 23,"Workers": []}]}]}]}]}]}]}]}]},"Planning Time": 8.381,"Triggers": [],"Execution Time": 956.773}]
[{"Plan": {"Node Type": "Aggregate","Strategy": "Sorted","Partial Mode": "Finalize","Parallel Aware": false,"Async Capable": false,"Startup Cost": 72556.41,"Total Cost": 73352.71,"Plan Rows": 5893,"Plan Width": 272,"Actual Startup Time": 929.399,"Actual Total Time": 986.502,"Actual Rows": 4,"Actual Loops": 1,"Group Key": ["n1.n_name", "n2.n_name", "(EXTRACT(year FROM lineitem.l_shipdate))"],"Plans": [{"Node Type": "Gather Merge","Parent Relationship": "Outer","Parallel Aware": false,"Async Capable": false,"Startup Cost": 72556.41,"Total Cost": 73202.94,"Plan Rows": 4910,"Plan Width": 272,"Actual Startup Time": 928.519,"Actual Total Time": 986.430,"Actual Rows": 12,"Actual Loops": 1,"Workers Planned": 2,"Workers Launched": 2,"Plans": [{"Node Type": "Aggregate","Strategy": "Sorted","Partial Mode": "Partial","Parent Relationship": "Outer","Parallel Aware": false,"Async Capable": false,"Startup Cost": 71556.39,"Total Cost": 71636.18,"Plan Rows": 2455,"Plan Width": 272,"Actual Startup Time": 920.471,"Actual Total Time": 921.427,"Actual Rows": 4,"Actual Loops": 3,"Group Key": ["n1.n_name", "n2.n_name", "(EXTRACT(year FROM lineitem.l_shipdate))"],"Workers": [],"Plans": [{"Node Type": "Sort","Parent Relationship": "Outer","Parallel Aware": false,"Async Capable": false,"Startup Cost": 71556.39,"Total Cost": 71562.53,"Plan Rows": 2455,"Plan Width": 252,"Actual Startup Time": 920.193,"Actual Total Time": 920.322,"Actual Rows": 2053,"Actual Loops": 3,"Sort Key": ["n1.n_name", "n2.n_name", "(EXTRACT(year FROM lineitem.l_shipdate))"],"Sort Method": "quicksort","Sort Space Used": 271,"Sort Space Type": "Memory","Workers": [{"Worker Number": 0,"Sort Method": "quicksort","Sort Space Used": 271,"Sort Space Type": "Memory"},{"Worker Number": 1,"Sort Method": "quicksort","Sort Space Used": 325,"Sort Space Type": "Memory"}],"Plans": [{"Node Type": "Hash Join","Parent Relationship": "Outer","Parallel Aware": false,"Async Capable": false,"Join Type": "Inner","Startup Cost": 366.16,"Total Cost": 71418.15,"Plan Rows": 2455,"Plan Width": 252,"Actual Startup Time": 9.826,"Actual Total Time": 918.307,"Actual Rows": 2053,"Actual Loops": 3,"Inner Unique": false,"Hash Cond": "(lineitem.l_suppkey = supplier.s_suppkey)","Join Filter": "(((n1.n_name = 'INDIA'::bpchar) AND (n2.n_name = 'ALGERIA'::bpchar)) OR ((n1.n_name = 'ALGERIA'::bpchar) AND (n2.n_name = 'INDIA'::bpchar)))","Rows Removed by Join Filter": 2036,"Workers": [],"Plans": [{"Node Type": "Nested Loop","Parent Relationship": "Outer","Parallel Aware": false,"Async Capable": false,"Join Type": "Inner","Startup Cost": 2.26,"Total Cost": 70727.78,"Plan Rows": 60250,"Plan Width": 124,"Actual Startup Time": 0.508,"Actual Total Time": 902.392,"Actual Rows": 48392,"Actual Loops": 3,"Inner Unique": false,"Workers": [],"Plans": [{"Node Type": "Nested Loop","Parent Relationship": "Outer","Parallel Aware": false,"Async Capable": false,"Join Type": "Inner","Startup Cost": 1.83,"Total Cost": 12400.01,"Plan Rows": 49000,"Plan Width": 108,"Actual Startup Time": 0.272,"Actual Total Time": 227.725,"Actual Rows": 39816,"Actual Loops": 3,"Inner Unique": false,"Workers": [],"Plans": [{"Node Type": "Hash Join","Parent Relationship": "Outer","Parallel Aware": false,"Async Capable": false,"Join Type": "Inner","Startup Cost": 1.40,"Total Cost": 4403.27,"Plan Rows": 4900,"Plan Width": 108,"Actual Startup Time": 0.153,"Actual Total Time": 47.422,"Actual Rows": 3989,"Actual Loops": 3,"Inner Unique": true,"Hash Cond": "(customer.c_nationkey = n2.n_nationkey)","Workers": [],"Plans": [{"Node Type": "Seq Scan","Parent Relationship": "Outer","Parallel Aware": true,"Async Capable": false,"Relation Name": "customer","Alias": "customer","Startup Cost": 0.00,"Total Cost": 4210.00,"Plan Rows": 62500,"Plan Width": 8,"Actual Startup Time": 0.011,"Actual Total Time": 9.524,"Actual Rows": 50000,"Actual Loops": 3,"Workers": []},{"Node Type": "Hash","Parent Relationship": "Inner","Parallel Aware": false,"Async Capable": false,"Startup Cost": 1.38,"Total Cost": 1.38,"Plan Rows": 2,"Plan Width": 108,"Actual Startup Time": 0.060,"Actual Total Time": 0.064,"Actual Rows": 2,"Actual Loops": 3,"Hash Buckets": 1024,"Original Hash Buckets": 1024,"Hash Batches": 1,"Original Hash Batches": 1,"Peak Memory Usage": 9,"Workers": [],"Plans": [{"Node Type": "Seq Scan","Parent Relationship": "Outer","Parallel Aware": false,"Async Capable": false,"Relation Name": "nation","Alias": "n2","Startup Cost": 0.00,"Total Cost": 1.38,"Plan Rows": 2,"Plan Width": 108,"Actual Startup Time": 0.046,"Actual Total Time": 0.053,"Actual Rows": 2,"Actual Loops": 3,"Filter": "((n_name = 'ALGERIA'::bpchar) OR (n_name = 'INDIA'::bpchar))","Rows Removed by Filter": 23,"Workers": []}]}]},{"Node Type": "Index Scan","Parent Relationship": "Inner","Parallel Aware": false,"Async Capable": false,"Scan Direction": "Forward","Index Name": "idx_orders_custkey","Relation Name": "orders","Alias": "orders","Startup Cost": 0.43,"Total Cost": 1.46,"Plan Rows": 17,"Plan Width": 8,"Actual Startup Time": 0.007,"Actual Total Time": 0.044,"Actual Rows": 10,"Actual Loops": 11967,"Index Cond": "(o_custkey = customer.c_custkey)","Rows Removed by Index Recheck": 0,"Workers": []}]},{"Node Type": "Index Scan","Parent Relationship": "Inner","Parallel Aware": false,"Async Capable": false,"Scan Direction": "Forward","Index Name": "idx_lineitem_orderkey","Relation Name": "lineitem","Alias": "lineitem","Startup Cost": 0.43,"Total Cost": 1.14,"Plan Rows": 5,"Plan Width": 24,"Actual Startup Time": 0.016,"Actual Total Time": 0.017,"Actual Rows": 1,"Actual Loops": 119449,"Index Cond": "(l_orderkey = orders.o_orderkey)","Rows Removed by Index Recheck": 0,"Filter": "((l_shipdate >= '1995-01-01'::date) AND (l_shipdate <= '1996-12-31'::date))","Rows Removed by Filter": 3,"Workers": []}]},{"Node Type": "Hash","Parent Relationship": "Inner","Parallel Aware": false,"Async Capable": false,"Startup Cost": 354.10,"Total Cost": 354.10,"Plan Rows": 784,"Plan Width": 108,"Actual Startup Time": 8.395,"Actual Total Time": 8.413,"Actual Rows": 835,"Actual Loops": 3,"Hash Buckets": 1024,"Original Hash Buckets": 1024,"Hash Batches": 1,"Original Hash Batches": 1,"Peak Memory Usage": 59,"Workers": [],"Plans": [{"Node Type": "Hash Join","Parent Relationship": "Outer","Parallel Aware": false,"Async Capable": false,"Join Type": "Inner","Startup Cost": 1.40,"Total Cost": 354.10,"Plan Rows": 784,"Plan Width": 108,"Actual Startup Time": 0.079,"Actual Total Time": 8.194,"Actual Rows": 835,"Actual Loops": 3,"Inner Unique": true,"Hash Cond": "(supplier.s_nationkey = n1.n_nationkey)","Workers": [],"Plans": [{"Node Type": "Seq Scan","Parent Relationship": "Outer","Parallel Aware": false,"Async Capable": false,"Relation Name": "supplier","Alias": "supplier","Startup Cost": 0.00,"Total Cost": 322.00,"Plan Rows": 10000,"Plan Width": 8,"Actual Startup Time": 0.025,"Actual Total Time": 4.202,"Actual Rows": 10000,"Actual Loops": 3,"Workers": []},{"Node Type": "Hash","Parent Relationship": "Inner","Parallel Aware": false,"Async Capable": false,"Startup Cost": 1.38,"Total Cost": 1.38,"Plan Rows": 2,"Plan Width": 108,"Actual Startup Time": 0.017,"Actual Total Time": 0.023,"Actual Rows": 2,"Actual Loops": 3,"Hash Buckets": 1024,"Original Hash Buckets": 1024,"Hash Batches": 1,"Original Hash Batches": 1,"Peak Memory Usage": 9,"Workers": [],"Plans": [{"Node Type": "Seq Scan","Parent Relationship": "Outer","Parallel Aware": false,"Async Capable": false,"Relation Name": "nation","Alias": "n1","Startup Cost": 0.00,"Total Cost": 1.38,"Plan Rows": 2,"Plan Width": 108,"Actual Startup Time": 0.003,"Actual Total Time": 0.010,"Actual Rows": 2,"Actual Loops": 3,"Filter": "((n_name = 'INDIA'::bpchar) OR (n_name = 'ALGERIA'::bpchar))","Rows Removed by Filter": 23,"Workers": []}]}]}]}]}]}]}]}]},"Planning Time": 9.320,"Triggers": [],"Execution Time": 986.941}]
[{"Plan": {"Node Type": "Aggregate","Strategy": "Sorted","Partial Mode": "Finalize","Parallel Aware": false,"Async Capable": false,"Startup Cost": 72556.41,"Total Cost": 73352.71,"Plan Rows": 5893,"Plan Width": 272,"Actual Startup Time": 940.030,"Actual Total Time": 985.012,"Actual Rows": 4,"Actual Loops": 1,"Group Key": ["n1.n_name", "n2.n_name", "(EXTRACT(year FROM lineitem.l_shipdate))"],"Plans": [{"Node Type": "Gather Merge","Parent Relationship": "Outer","Parallel Aware": false,"Async Capable": false,"Startup Cost": 72556.41,"Total Cost": 73202.94,"Plan Rows": 4910,"Plan Width": 272,"Actual Startup Time": 939.468,"Actual Total Time": 984.926,"Actual Rows": 12,"Actual Loops": 1,"Workers Planned": 2,"Workers Launched": 2,"Plans": [{"Node Type": "Aggregate","Strategy": "Sorted","Partial Mode": "Partial","Parent Relationship": "Outer","Parallel Aware": false,"Async Capable": false,"Startup Cost": 71556.39,"Total Cost": 71636.18,"Plan Rows": 2455,"Plan Width": 272,"Actual Startup Time": 931.178,"Actual Total Time": 931.951,"Actual Rows": 4,"Actual Loops": 3,"Group Key": ["n1.n_name", "n2.n_name", "(EXTRACT(year FROM lineitem.l_shipdate))"],"Workers": [],"Plans": [{"Node Type": "Sort","Parent Relationship": "Outer","Parallel Aware": false,"Async Capable": false,"Startup Cost": 71556.39,"Total Cost": 71562.53,"Plan Rows": 2455,"Plan Width": 252,"Actual Startup Time": 930.886,"Actual Total Time": 931.009,"Actual Rows": 1998,"Actual Loops": 3,"Sort Key": ["n1.n_name", "n2.n_name", "(EXTRACT(year FROM lineitem.l_shipdate))"],"Sort Method": "quicksort","Sort Space Used": 322,"Sort Space Type": "Memory","Workers": [{"Worker Number": 0,"Sort Method": "quicksort","Sort Space Used": 259,"Sort Space Type": "Memory"},{"Worker Number": 1,"Sort Method": "quicksort","Sort Space Used": 268,"Sort Space Type": "Memory"}],"Plans": [{"Node Type": "Hash Join","Parent Relationship": "Outer","Parallel Aware": false,"Async Capable": false,"Join Type": "Inner","Startup Cost": 366.16,"Total Cost": 71418.15,"Plan Rows": 2455,"Plan Width": 252,"Actual Startup Time": 13.961,"Actual Total Time": 929.037,"Actual Rows": 1998,"Actual Loops": 3,"Inner Unique": false,"Hash Cond": "(lineitem.l_suppkey = supplier.s_suppkey)","Join Filter": "(((n1.n_name = 'INDONESIA'::bpchar) AND (n2.n_name = 'CANADA'::bpchar)) OR ((n1.n_name = 'CANADA'::bpchar) AND (n2.n_name = 'INDONESIA'::bpchar)))","Rows Removed by Join Filter": 2039,"Workers": [],"Plans": [{"Node Type": "Nested Loop","Parent Relationship": "Outer","Parallel Aware": false,"Async Capable": false,"Join Type": "Inner","Startup Cost": 2.26,"Total Cost": 70727.78,"Plan Rows": 60250,"Plan Width": 124,"Actual Startup Time": 0.784,"Actual Total Time": 911.095,"Actual Rows": 49663,"Actual Loops": 3,"Inner Unique": false,"Workers": [],"Plans": [{"Node Type": "Nested Loop","Parent Relationship": "Outer","Parallel Aware": false,"Async Capable": false,"Join Type": "Inner","Startup Cost": 1.83,"Total Cost": 12400.01,"Plan Rows": 49000,"Plan Width": 108,"Actual Startup Time": 0.350,"Actual Total Time": 225.529,"Actual Rows": 40619,"Actual Loops": 3,"Inner Unique": false,"Workers": [],"Plans": [{"Node Type": "Hash Join","Parent Relationship": "Outer","Parallel Aware": false,"Async Capable": false,"Join Type": "Inner","Startup Cost": 1.40,"Total Cost": 4403.27,"Plan Rows": 4900,"Plan Width": 108,"Actual Startup Time": 0.227,"Actual Total Time": 45.074,"Actual Rows": 4060,"Actual Loops": 3,"Inner Unique": true,"Hash Cond": "(customer.c_nationkey = n2.n_nationkey)","Workers": [],"Plans": [{"Node Type": "Seq Scan","Parent Relationship": "Outer","Parallel Aware": true,"Async Capable": false,"Relation Name": "customer","Alias": "customer","Startup Cost": 0.00,"Total Cost": 4210.00,"Plan Rows": 62500,"Plan Width": 8,"Actual Startup Time": 0.022,"Actual Total Time": 9.046,"Actual Rows": 50000,"Actual Loops": 3,"Workers": []},{"Node Type": "Hash","Parent Relationship": "Inner","Parallel Aware": false,"Async Capable": false,"Startup Cost": 1.38,"Total Cost": 1.38,"Plan Rows": 2,"Plan Width": 108,"Actual Startup Time": 0.073,"Actual Total Time": 0.081,"Actual Rows": 2,"Actual Loops": 3,"Hash Buckets": 1024,"Original Hash Buckets": 1024,"Hash Batches": 1,"Original Hash Batches": 1,"Peak Memory Usage": 9,"Workers": [],"Plans": [{"Node Type": "Seq Scan","Parent Relationship": "Outer","Parallel Aware": false,"Async Capable": false,"Relation Name": "nation","Alias": "n2","Startup Cost": 0.00,"Total Cost": 1.38,"Plan Rows": 2,"Plan Width": 108,"Actual Startup Time": 0.052,"Actual Total Time": 0.061,"Actual Rows": 2,"Actual Loops": 3,"Filter": "((n_name = 'CANADA'::bpchar) OR (n_name = 'INDONESIA'::bpchar))","Rows Removed by Filter": 23,"Workers": []}]}]},{"Node Type": "Index Scan","Parent Relationship": "Inner","Parallel Aware": false,"Async Capable": false,"Scan Direction": "Forward","Index Name": "idx_orders_custkey","Relation Name": "orders","Alias": "orders","Startup Cost": 0.43,"Total Cost": 1.46,"Plan Rows": 17,"Plan Width": 8,"Actual Startup Time": 0.007,"Actual Total Time": 0.043,"Actual Rows": 10,"Actual Loops": 12181,"Index Cond": "(o_custkey = customer.c_custkey)","Rows Removed by Index Recheck": 0,"Workers": []}]},{"Node Type": "Index Scan","Parent Relationship": "Inner","Parallel Aware": false,"Async Capable": false,"Scan Direction": "Forward","Index Name": "idx_lineitem_orderkey","Relation Name": "lineitem","Alias": "lineitem","Startup Cost": 0.43,"Total Cost": 1.14,"Plan Rows": 5,"Plan Width": 24,"Actual Startup Time": 0.016,"Actual Total Time": 0.017,"Actual Rows": 1,"Actual Loops": 121857,"Index Cond": "(l_orderkey = orders.o_orderkey)","Rows Removed by Index Recheck": 0,"Filter": "((l_shipdate >= '1995-01-01'::date) AND (l_shipdate <= '1996-12-31'::date))","Rows Removed by Filter": 3,"Workers": []}]},{"Node Type": "Hash","Parent Relationship": "Inner","Parallel Aware": false,"Async Capable": false,"Startup Cost": 354.10,"Total Cost": 354.10,"Plan Rows": 784,"Plan Width": 108,"Actual Startup Time": 10.642,"Actual Total Time": 10.659,"Actual Rows": 817,"Actual Loops": 3,"Hash Buckets": 1024,"Original Hash Buckets": 1024,"Hash Batches": 1,"Original Hash Batches": 1,"Peak Memory Usage": 58,"Workers": [],"Plans": [{"Node Type": "Hash Join","Parent Relationship": "Outer","Parallel Aware": false,"Async Capable": false,"Join Type": "Inner","Startup Cost": 1.40,"Total Cost": 354.10,"Plan Rows": 784,"Plan Width": 108,"Actual Startup Time": 0.092,"Actual Total Time": 10.479,"Actual Rows": 817,"Actual Loops": 3,"Inner Unique": true,"Hash Cond": "(supplier.s_nationkey = n1.n_nationkey)","Workers": [],"Plans": [{"Node Type": "Seq Scan","Parent Relationship": "Outer","Parallel Aware": false,"Async Capable": false,"Relation Name": "supplier","Alias": "supplier","Startup Cost": 0.00,"Total Cost": 322.00,"Plan Rows": 10000,"Plan Width": 8,"Actual Startup Time": 0.033,"Actual Total Time": 3.993,"Actual Rows": 10000,"Actual Loops": 3,"Workers": []},{"Node Type": "Hash","Parent Relationship": "Inner","Parallel Aware": false,"Async Capable": false,"Startup Cost": 1.38,"Total Cost": 1.38,"Plan Rows": 2,"Plan Width": 108,"Actual Startup Time": 0.016,"Actual Total Time": 0.022,"Actual Rows": 2,"Actual Loops": 3,"Hash Buckets": 1024,"Original Hash Buckets": 1024,"Hash Batches": 1,"Original Hash Batches": 1,"Peak Memory Usage": 9,"Workers": [],"Plans": [{"Node Type": "Seq Scan","Parent Relationship": "Outer","Parallel Aware": false,"Async Capable": false,"Relation Name": "nation","Alias": "n1","Startup Cost": 0.00,"Total Cost": 1.38,"Plan Rows": 2,"Plan Width": 108,"Actual Startup Time": 0.005,"Actual Total Time": 0.012,"Actual Rows": 2,"Actual Loops": 3,"Filter": "((n_name = 'INDONESIA'::bpchar) OR (n_name = 'CANADA'::bpchar))","Rows Removed by Filter": 23,"Workers": []}]}]}]}]}]}]}]}]},"Planning Time": 9.887,"Triggers": [],"Execution Time": 985.490}]
[{"Plan": {"Node Type": "Aggregate","Strategy": "Sorted","Partial Mode": "Finalize","Parallel Aware": false,"Async Capable": false,"Startup Cost": 72556.41,"Total Cost": 73352.71,"Plan Rows": 5893,"Plan Width": 272,"Actual Startup Time": 921.609,"Actual Total Time": 976.809,"Actual Rows": 4,"Actual Loops": 1,"Group Key": ["n1.n_name", "n2.n_name", "(EXTRACT(year FROM lineitem.l_shipdate))"],"Plans": [{"Node Type": "Gather Merge","Parent Relationship": "Outer","Parallel Aware": false,"Async Capable": false,"Startup Cost": 72556.41,"Total Cost": 73202.94,"Plan Rows": 4910,"Plan Width": 272,"Actual Startup Time": 920.987,"Actual Total Time": 976.715,"Actual Rows": 12,"Actual Loops": 1,"Workers Planned": 2,"Workers Launched": 2,"Plans": [{"Node Type": "Aggregate","Strategy": "Sorted","Partial Mode": "Partial","Parent Relationship": "Outer","Parallel Aware": false,"Async Capable": false,"Startup Cost": 71556.39,"Total Cost": 71636.18,"Plan Rows": 2455,"Plan Width": 272,"Actual Startup Time": 912.304,"Actual Total Time": 913.090,"Actual Rows": 4,"Actual Loops": 3,"Group Key": ["n1.n_name", "n2.n_name", "(EXTRACT(year FROM lineitem.l_shipdate))"],"Workers": [],"Plans": [{"Node Type": "Sort","Parent Relationship": "Outer","Parallel Aware": false,"Async Capable": false,"Startup Cost": 71556.39,"Total Cost": 71562.53,"Plan Rows": 2455,"Plan Width": 252,"Actual Startup Time": 912.019,"Actual Total Time": 912.133,"Actual Rows": 1903,"Actual Loops": 3,"Sort Key": ["n1.n_name", "n2.n_name", "(EXTRACT(year FROM lineitem.l_shipdate))"],"Sort Method": "quicksort","Sort Space Used": 258,"Sort Space Type": "Memory","Workers": [{"Worker Number": 0,"Sort Method": "quicksort","Sort Space Used": 256,"Sort Space Type": "Memory"},{"Worker Number": 1,"Sort Method": "quicksort","Sort Space Used": 256,"Sort Space Type": "Memory"}],"Plans": [{"Node Type": "Hash Join","Parent Relationship": "Outer","Parallel Aware": false,"Async Capable": false,"Join Type": "Inner","Startup Cost": 366.16,"Total Cost": 71418.15,"Plan Rows": 2455,"Plan Width": 252,"Actual Startup Time": 8.971,"Actual Total Time": 910.285,"Actual Rows": 1903,"Actual Loops": 3,"Inner Unique": false,"Hash Cond": "(lineitem.l_suppkey = supplier.s_suppkey)","Join Filter": "(((n1.n_name = 'KENYA'::bpchar) AND (n2.n_name = 'CHINA'::bpchar)) OR ((n1.n_name = 'CHINA'::bpchar) AND (n2.n_name = 'KENYA'::bpchar)))","Rows Removed by Join Filter": 1853,"Workers": [],"Plans": [{"Node Type": "Nested Loop","Parent Relationship": "Outer","Parallel Aware": false,"Async Capable": false,"Join Type": "Inner","Startup Cost": 2.26,"Total Cost": 70727.78,"Plan Rows": 60250,"Plan Width": 124,"Actual Startup Time": 0.803,"Actual Total Time": 895.766,"Actual Rows": 48265,"Actual Loops": 3,"Inner Unique": false,"Workers": [],"Plans": [{"Node Type": "Nested Loop","Parent Relationship": "Outer","Parallel Aware": false,"Async Capable": false,"Join Type": "Inner","Startup Cost": 1.83,"Total Cost": 12400.01,"Plan Rows": 49000,"Plan Width": 108,"Actual Startup Time": 0.373,"Actual Total Time": 224.460,"Actual Rows": 39908,"Actual Loops": 3,"Inner Unique": false,"Workers": [],"Plans": [{"Node Type": "Hash Join","Parent Relationship": "Outer","Parallel Aware": false,"Async Capable": false,"Join Type": "Inner","Startup Cost": 1.40,"Total Cost": 4403.27,"Plan Rows": 4900,"Plan Width": 108,"Actual Startup Time": 0.216,"Actual Total Time": 45.964,"Actual Rows": 4005,"Actual Loops": 3,"Inner Unique": true,"Hash Cond": "(customer.c_nationkey = n2.n_nationkey)","Workers": [],"Plans": [{"Node Type": "Seq Scan","Parent Relationship": "Outer","Parallel Aware": true,"Async Capable": false,"Relation Name": "customer","Alias": "customer","Startup Cost": 0.00,"Total Cost": 4210.00,"Plan Rows": 62500,"Plan Width": 8,"Actual Startup Time": 0.015,"Actual Total Time": 9.523,"Actual Rows": 50000,"Actual Loops": 3,"Workers": []},{"Node Type": "Hash","Parent Relationship": "Inner","Parallel Aware": false,"Async Capable": false,"Startup Cost": 1.38,"Total Cost": 1.38,"Plan Rows": 2,"Plan Width": 108,"Actual Startup Time": 0.082,"Actual Total Time": 0.089,"Actual Rows": 2,"Actual Loops": 3,"Hash Buckets": 1024,"Original Hash Buckets": 1024,"Hash Batches": 1,"Original Hash Batches": 1,"Peak Memory Usage": 9,"Workers": [],"Plans": [{"Node Type": "Seq Scan","Parent Relationship": "Outer","Parallel Aware": false,"Async Capable": false,"Relation Name": "nation","Alias": "n2","Startup Cost": 0.00,"Total Cost": 1.38,"Plan Rows": 2,"Plan Width": 108,"Actual Startup Time": 0.062,"Actual Total Time": 0.067,"Actual Rows": 2,"Actual Loops": 3,"Filter": "((n_name = 'CHINA'::bpchar) OR (n_name = 'KENYA'::bpchar))","Rows Removed by Filter": 23,"Workers": []}]}]},{"Node Type": "Index Scan","Parent Relationship": "Inner","Parallel Aware": false,"Async Capable": false,"Scan Direction": "Forward","Index Name": "idx_orders_custkey","Relation Name": "orders","Alias": "orders","Startup Cost": 0.43,"Total Cost": 1.46,"Plan Rows": 17,"Plan Width": 8,"Actual Startup Time": 0.007,"Actual Total Time": 0.043,"Actual Rows": 10,"Actual Loops": 12016,"Index Cond": "(o_custkey = customer.c_custkey)","Rows Removed by Index Recheck": 0,"Workers": []}]},{"Node Type": "Index Scan","Parent Relationship": "Inner","Parallel Aware": false,"Async Capable": false,"Scan Direction": "Forward","Index Name": "idx_lineitem_orderkey","Relation Name": "lineitem","Alias": "lineitem","Startup Cost": 0.43,"Total Cost": 1.14,"Plan Rows": 5,"Plan Width": 24,"Actual Startup Time": 0.016,"Actual Total Time": 0.017,"Actual Rows": 1,"Actual Loops": 119724,"Index Cond": "(l_orderkey = orders.o_orderkey)","Rows Removed by Index Recheck": 0,"Filter": "((l_shipdate >= '1995-01-01'::date) AND (l_shipdate <= '1996-12-31'::date))","Rows Removed by Filter": 3,"Workers": []}]},{"Node Type": "Hash","Parent Relationship": "Inner","Parallel Aware": false,"Async Capable": false,"Startup Cost": 354.10,"Total Cost": 354.10,"Plan Rows": 784,"Plan Width": 108,"Actual Startup Time": 7.094,"Actual Total Time": 7.106,"Actual Rows": 783,"Actual Loops": 3,"Hash Buckets": 1024,"Original Hash Buckets": 1024,"Hash Batches": 1,"Original Hash Batches": 1,"Peak Memory Usage": 56,"Workers": [],"Plans": [{"Node Type": "Hash Join","Parent Relationship": "Outer","Parallel Aware": false,"Async Capable": false,"Join Type": "Inner","Startup Cost": 1.40,"Total Cost": 354.10,"Plan Rows": 784,"Plan Width": 108,"Actual Startup Time": 0.066,"Actual Total Time": 6.935,"Actual Rows": 783,"Actual Loops": 3,"Inner Unique": true,"Hash Cond": "(supplier.s_nationkey = n1.n_nationkey)","Workers": [],"Plans": [{"Node Type": "Seq Scan","Parent Relationship": "Outer","Parallel Aware": false,"Async Capable": false,"Relation Name": "supplier","Alias": "supplier","Startup Cost": 0.00,"Total Cost": 322.00,"Plan Rows": 10000,"Plan Width": 8,"Actual Startup Time": 0.029,"Actual Total Time": 3.559,"Actual Rows": 10000,"Actual Loops": 3,"Workers": []},{"Node Type": "Hash","Parent Relationship": "Inner","Parallel Aware": false,"Async Capable": false,"Startup Cost": 1.38,"Total Cost": 1.38,"Plan Rows": 2,"Plan Width": 108,"Actual Startup Time": 0.013,"Actual Total Time": 0.018,"Actual Rows": 2,"Actual Loops": 3,"Hash Buckets": 1024,"Original Hash Buckets": 1024,"Hash Batches": 1,"Original Hash Batches": 1,"Peak Memory Usage": 9,"Workers": [],"Plans": [{"Node Type": "Seq Scan","Parent Relationship": "Outer","Parallel Aware": false,"Async Capable": false,"Relation Name": "nation","Alias": "n1","Startup Cost": 0.00,"Total Cost": 1.38,"Plan Rows": 2,"Plan Width": 108,"Actual Startup Time": 0.007,"Actual Total Time": 0.009,"Actual Rows": 2,"Actual Loops": 3,"Filter": "((n_name = 'KENYA'::bpchar) OR (n_name = 'CHINA'::bpchar))","Rows Removed by Filter": 23,"Workers": []}]}]}]}]}]}]}]}]},"Planning Time": 8.678,"Triggers": [],"Execution Time": 977.291}]
[{"Plan": {"Node Type": "Aggregate","Strategy": "Sorted","Partial Mode": "Finalize","Parallel Aware": false,"Async Capable": false,"Startup Cost": 72556.41,"Total Cost": 73352.71,"Plan Rows": 5893,"Plan Width": 272,"Actual Startup Time": 940.757,"Actual Total Time": 992.781,"Actual Rows": 4,"Actual Loops": 1,"Group Key": ["n1.n_name", "n2.n_name", "(EXTRACT(year FROM lineitem.l_shipdate))"],"Plans": [{"Node Type": "Gather Merge","Parent Relationship": "Outer","Parallel Aware": false,"Async Capable": false,"Startup Cost": 72556.41,"Total Cost": 73202.94,"Plan Rows": 4910,"Plan Width": 272,"Actual Startup Time": 940.488,"Actual Total Time": 992.717,"Actual Rows": 12,"Actual Loops": 1,"Workers Planned": 2,"Workers Launched": 2,"Plans": [{"Node Type": "Aggregate","Strategy": "Sorted","Partial Mode": "Partial","Parent Relationship": "Outer","Parallel Aware": false,"Async Capable": false,"Startup Cost": 71556.39,"Total Cost": 71636.18,"Plan Rows": 2455,"Plan Width": 272,"Actual Startup Time": 930.851,"Actual Total Time": 931.500,"Actual Rows": 4,"Actual Loops": 3,"Group Key": ["n1.n_name", "n2.n_name", "(EXTRACT(year FROM lineitem.l_shipdate))"],"Workers": [],"Plans": [{"Node Type": "Sort","Parent Relationship": "Outer","Parallel Aware": false,"Async Capable": false,"Startup Cost": 71556.39,"Total Cost": 71562.53,"Plan Rows": 2455,"Plan Width": 252,"Actual Startup Time": 930.605,"Actual Total Time": 930.702,"Actual Rows": 1936,"Actual Loops": 3,"Sort Key": ["n1.n_name", "n2.n_name", "(EXTRACT(year FROM lineitem.l_shipdate))"],"Sort Method": "quicksort","Sort Space Used": 266,"Sort Space Type": "Memory","Workers": [{"Worker Number": 0,"Sort Method": "quicksort","Sort Space Used": 256,"Sort Space Type": "Memory"},{"Worker Number": 1,"Sort Method": "quicksort","Sort Space Used": 259,"Sort Space Type": "Memory"}],"Plans": [{"Node Type": "Hash Join","Parent Relationship": "Outer","Parallel Aware": false,"Async Capable": false,"Join Type": "Inner","Startup Cost": 366.16,"Total Cost": 71418.15,"Plan Rows": 2455,"Plan Width": 252,"Actual Startup Time": 9.875,"Actual Total Time": 928.819,"Actual Rows": 1936,"Actual Loops": 3,"Inner Unique": false,"Hash Cond": "(lineitem.l_suppkey = supplier.s_suppkey)","Join Filter": "(((n1.n_name = 'UNITED KINGDOM'::bpchar) AND (n2.n_name = 'FRANCE'::bpchar)) OR ((n1.n_name = 'FRANCE'::bpchar) AND (n2.n_name = 'UNITED KINGDOM'::bpchar)))","Rows Removed by Join Filter": 1979,"Workers": [],"Plans": [{"Node Type": "Nested Loop","Parent Relationship": "Outer","Parallel Aware": false,"Async Capable": false,"Join Type": "Inner","Startup Cost": 2.26,"Total Cost": 70727.78,"Plan Rows": 60250,"Plan Width": 124,"Actual Startup Time": 0.538,"Actual Total Time": 913.371,"Actual Rows": 49303,"Actual Loops": 3,"Inner Unique": false,"Workers": [],"Plans": [{"Node Type": "Nested Loop","Parent Relationship": "Outer","Parallel Aware": false,"Async Capable": false,"Join Type": "Inner","Startup Cost": 1.83,"Total Cost": 12400.01,"Plan Rows": 49000,"Plan Width": 108,"Actual Startup Time": 0.301,"Actual Total Time": 228.230,"Actual Rows": 40352,"Actual Loops": 3,"Inner Unique": false,"Workers": [],"Plans": [{"Node Type": "Hash Join","Parent Relationship": "Outer","Parallel Aware": false,"Async Capable": false,"Join Type": "Inner","Startup Cost": 1.40,"Total Cost": 4403.27,"Plan Rows": 4900,"Plan Width": 108,"Actual Startup Time": 0.150,"Actual Total Time": 46.785,"Actual Rows": 4037,"Actual Loops": 3,"Inner Unique": true,"Hash Cond": "(customer.c_nationkey = n2.n_nationkey)","Workers": [],"Plans": [{"Node Type": "Seq Scan","Parent Relationship": "Outer","Parallel Aware": true,"Async Capable": false,"Relation Name": "customer","Alias": "customer","Startup Cost": 0.00,"Total Cost": 4210.00,"Plan Rows": 62500,"Plan Width": 8,"Actual Startup Time": 0.011,"Actual Total Time": 9.688,"Actual Rows": 50000,"Actual Loops": 3,"Workers": []},{"Node Type": "Hash","Parent Relationship": "Inner","Parallel Aware": false,"Async Capable": false,"Startup Cost": 1.38,"Total Cost": 1.38,"Plan Rows": 2,"Plan Width": 108,"Actual Startup Time": 0.065,"Actual Total Time": 0.069,"Actual Rows": 2,"Actual Loops": 3,"Hash Buckets": 1024,"Original Hash Buckets": 1024,"Hash Batches": 1,"Original Hash Batches": 1,"Peak Memory Usage": 9,"Workers": [],"Plans": [{"Node Type": "Seq Scan","Parent Relationship": "Outer","Parallel Aware": false,"Async Capable": false,"Relation Name": "nation","Alias": "n2","Startup Cost": 0.00,"Total Cost": 1.38,"Plan Rows": 2,"Plan Width": 108,"Actual Startup Time": 0.049,"Actual Total Time": 0.054,"Actual Rows": 2,"Actual Loops": 3,"Filter": "((n_name = 'FRANCE'::bpchar) OR (n_name = 'UNITED KINGDOM'::bpchar))","Rows Removed by Filter": 23,"Workers": []}]}]},{"Node Type": "Index Scan","Parent Relationship": "Inner","Parallel Aware": false,"Async Capable": false,"Scan Direction": "Forward","Index Name": "idx_orders_custkey","Relation Name": "orders","Alias": "orders","Startup Cost": 0.43,"Total Cost": 1.46,"Plan Rows": 17,"Plan Width": 8,"Actual Startup Time": 0.007,"Actual Total Time": 0.044,"Actual Rows": 10,"Actual Loops": 12111,"Index Cond": "(o_custkey = customer.c_custkey)","Rows Removed by Index Recheck": 0,"Workers": []}]},{"Node Type": "Index Scan","Parent Relationship": "Inner","Parallel Aware": false,"Async Capable": false,"Scan Direction": "Forward","Index Name": "idx_lineitem_orderkey","Relation Name": "lineitem","Alias": "lineitem","Startup Cost": 0.43,"Total Cost": 1.14,"Plan Rows": 5,"Plan Width": 24,"Actual Startup Time": 0.016,"Actual Total Time": 0.017,"Actual Rows": 1,"Actual Loops": 121055,"Index Cond": "(l_orderkey = orders.o_orderkey)","Rows Removed by Index Recheck": 0,"Filter": "((l_shipdate >= '1995-01-01'::date) AND (l_shipdate <= '1996-12-31'::date))","Rows Removed by Filter": 3,"Workers": []}]},{"Node Type": "Hash","Parent Relationship": "Inner","Parallel Aware": false,"Async Capable": false,"Startup Cost": 354.10,"Total Cost": 354.10,"Plan Rows": 784,"Plan Width": 108,"Actual Startup Time": 7.950,"Actual Total Time": 7.963,"Actual Rows": 792,"Actual Loops": 3,"Hash Buckets": 1024,"Original Hash Buckets": 1024,"Hash Batches": 1,"Original Hash Batches": 1,"Peak Memory Usage": 56,"Workers": [],"Plans": [{"Node Type": "Hash Join","Parent Relationship": "Outer","Parallel Aware": false,"Async Capable": false,"Join Type": "Inner","Startup Cost": 1.40,"Total Cost": 354.10,"Plan Rows": 784,"Plan Width": 108,"Actual Startup Time": 0.064,"Actual Total Time": 7.771,"Actual Rows": 792,"Actual Loops": 3,"Inner Unique": true,"Hash Cond": "(supplier.s_nationkey = n1.n_nationkey)","Workers": [],"Plans": [{"Node Type": "Seq Scan","Parent Relationship": "Outer","Parallel Aware": false,"Async Capable": false,"Relation Name": "supplier","Alias": "supplier","Startup Cost": 0.00,"Total Cost": 322.00,"Plan Rows": 10000,"Plan Width": 8,"Actual Startup Time": 0.026,"Actual Total Time": 3.935,"Actual Rows": 10000,"Actual Loops": 3,"Workers": []},{"Node Type": "Hash","Parent Relationship": "Inner","Parallel Aware": false,"Async Capable": false,"Startup Cost": 1.38,"Total Cost": 1.38,"Plan Rows": 2,"Plan Width": 108,"Actual Startup Time": 0.012,"Actual Total Time": 0.018,"Actual Rows": 2,"Actual Loops": 3,"Hash Buckets": 1024,"Original Hash Buckets": 1024,"Hash Batches": 1,"Original Hash Batches": 1,"Peak Memory Usage": 9,"Workers": [],"Plans": [{"Node Type": "Seq Scan","Parent Relationship": "Outer","Parallel Aware": false,"Async Capable": false,"Relation Name": "nation","Alias": "n1","Startup Cost": 0.00,"Total Cost": 1.38,"Plan Rows": 2,"Plan Width": 108,"Actual Startup Time": 0.005,"Actual Total Time": 0.009,"Actual Rows": 2,"Actual Loops": 3,"Filter": "((n_name = 'UNITED KINGDOM'::bpchar) OR (n_name = 'FRANCE'::bpchar))","Rows Removed by Filter": 23,"Workers": []}]}]}]}]}]}]}]}]},"Planning Time": 9.157,"Triggers": [],"Execution Time": 993.256}]
[{"Plan": {"Node Type": "Aggregate","Strategy": "Sorted","Partial Mode": "Finalize","Parallel Aware": false,"Async Capable": false,"Startup Cost": 72556.41,"Total Cost": 73352.71,"Plan Rows": 5893,"Plan Width": 272,"Actual Startup Time": 927.276,"Actual Total Time": 972.846,"Actual Rows": 4,"Actual Loops": 1,"Group Key": ["n1.n_name", "n2.n_name", "(EXTRACT(year FROM lineitem.l_shipdate))"],"Plans": [{"Node Type": "Gather Merge","Parent Relationship": "Outer","Parallel Aware": false,"Async Capable": false,"Startup Cost": 72556.41,"Total Cost": 73202.94,"Plan Rows": 4910,"Plan Width": 272,"Actual Startup Time": 926.790,"Actual Total Time": 972.773,"Actual Rows": 12,"Actual Loops": 1,"Workers Planned": 2,"Workers Launched": 2,"Plans": [{"Node Type": "Aggregate","Strategy": "Sorted","Partial Mode": "Partial","Parent Relationship": "Outer","Parallel Aware": false,"Async Capable": false,"Startup Cost": 71556.39,"Total Cost": 71636.18,"Plan Rows": 2455,"Plan Width": 272,"Actual Startup Time": 918.702,"Actual Total Time": 919.482,"Actual Rows": 4,"Actual Loops": 3,"Group Key": ["n1.n_name", "n2.n_name", "(EXTRACT(year FROM lineitem.l_shipdate))"],"Workers": [],"Plans": [{"Node Type": "Sort","Parent Relationship": "Outer","Parallel Aware": false,"Async Capable": false,"Startup Cost": 71556.39,"Total Cost": 71562.53,"Plan Rows": 2455,"Plan Width": 252,"Actual Startup Time": 918.412,"Actual Total Time": 918.534,"Actual Rows": 2001,"Actual Loops": 3,"Sort Key": ["n1.n_name", "n2.n_name", "(EXTRACT(year FROM lineitem.l_shipdate))"],"Sort Method": "quicksort","Sort Space Used": 270,"Sort Space Type": "Memory","Workers": [{"Worker Number": 0,"Sort Method": "quicksort","Sort Space Used": 270,"Sort Space Type": "Memory"},{"Worker Number": 1,"Sort Method": "quicksort","Sort Space Used": 262,"Sort Space Type": "Memory"}],"Plans": [{"Node Type": "Hash Join","Parent Relationship": "Outer","Parallel Aware": false,"Async Capable": false,"Join Type": "Inner","Startup Cost": 366.16,"Total Cost": 71418.15,"Plan Rows": 2455,"Plan Width": 252,"Actual Startup Time": 12.317,"Actual Total Time": 916.579,"Actual Rows": 2001,"Actual Loops": 3,"Inner Unique": false,"Hash Cond": "(lineitem.l_suppkey = supplier.s_suppkey)","Join Filter": "(((n1.n_name = 'INDIA'::bpchar) AND (n2.n_name = 'VIETNAM'::bpchar)) OR ((n1.n_name = 'VIETNAM'::bpchar) AND (n2.n_name = 'INDIA'::bpchar)))","Rows Removed by Join Filter": 1987,"Workers": [],"Plans": [{"Node Type": "Nested Loop","Parent Relationship": "Outer","Parallel Aware": false,"Async Capable": false,"Join Type": "Inner","Startup Cost": 2.26,"Total Cost": 70727.78,"Plan Rows": 60250,"Plan Width": 124,"Actual Startup Time": 0.526,"Actual Total Time": 899.103,"Actual Rows": 48769,"Actual Loops": 3,"Inner Unique": false,"Workers": [],"Plans": [{"Node Type": "Nested Loop","Parent Relationship": "Outer","Parallel Aware": false,"Async Capable": false,"Join Type": "Inner","Startup Cost": 1.83,"Total Cost": 12400.01,"Plan Rows": 49000,"Plan Width": 108,"Actual Startup Time": 0.314,"Actual Total Time": 223.290,"Actual Rows": 40058,"Actual Loops": 3,"Inner Unique": false,"Workers": [],"Plans": [{"Node Type": "Hash Join","Parent Relationship": "Outer","Parallel Aware": false,"Async Capable": false,"Join Type": "Inner","Startup Cost": 1.40,"Total Cost": 4403.27,"Plan Rows": 4900,"Plan Width": 108,"Actual Startup Time": 0.183,"Actual Total Time": 44.945,"Actual Rows": 4017,"Actual Loops": 3,"Inner Unique": true,"Hash Cond": "(customer.c_nationkey = n2.n_nationkey)","Workers": [],"Plans": [{"Node Type": "Seq Scan","Parent Relationship": "Outer","Parallel Aware": true,"Async Capable": false,"Relation Name": "customer","Alias": "customer","Startup Cost": 0.00,"Total Cost": 4210.00,"Plan Rows": 62500,"Plan Width": 8,"Actual Startup Time": 0.015,"Actual Total Time": 9.026,"Actual Rows": 50000,"Actual Loops": 3,"Workers": []},{"Node Type": "Hash","Parent Relationship": "Inner","Parallel Aware": false,"Async Capable": false,"Startup Cost": 1.38,"Total Cost": 1.38,"Plan Rows": 2,"Plan Width": 108,"Actual Startup Time": 0.066,"Actual Total Time": 0.073,"Actual Rows": 2,"Actual Loops": 3,"Hash Buckets": 1024,"Original Hash Buckets": 1024,"Hash Batches": 1,"Original Hash Batches": 1,"Peak Memory Usage": 9,"Workers": [],"Plans": [{"Node Type": "Seq Scan","Parent Relationship": "Outer","Parallel Aware": false,"Async Capable": false,"Relation Name": "nation","Alias": "n2","Startup Cost": 0.00,"Total Cost": 1.38,"Plan Rows": 2,"Plan Width": 108,"Actual Startup Time": 0.052,"Actual Total Time": 0.057,"Actual Rows": 2,"Actual Loops": 3,"Filter": "((n_name = 'VIETNAM'::bpchar) OR (n_name = 'INDIA'::bpchar))","Rows Removed by Filter": 23,"Workers": []}]}]},{"Node Type": "Index Scan","Parent Relationship": "Inner","Parallel Aware": false,"Async Capable": false,"Scan Direction": "Forward","Index Name": "idx_orders_custkey","Relation Name": "orders","Alias": "orders","Startup Cost": 0.43,"Total Cost": 1.46,"Plan Rows": 17,"Plan Width": 8,"Actual Startup Time": 0.007,"Actual Total Time": 0.043,"Actual Rows": 10,"Actual Loops": 12050,"Index Cond": "(o_custkey = customer.c_custkey)","Rows Removed by Index Recheck": 0,"Workers": []}]},{"Node Type": "Index Scan","Parent Relationship": "Inner","Parallel Aware": false,"Async Capable": false,"Scan Direction": "Forward","Index Name": "idx_lineitem_orderkey","Relation Name": "lineitem","Alias": "lineitem","Startup Cost": 0.43,"Total Cost": 1.14,"Plan Rows": 5,"Plan Width": 24,"Actual Startup Time": 0.016,"Actual Total Time": 0.017,"Actual Rows": 1,"Actual Loops": 120174,"Index Cond": "(l_orderkey = orders.o_orderkey)","Rows Removed by Index Recheck": 0,"Filter": "((l_shipdate >= '1995-01-01'::date) AND (l_shipdate <= '1996-12-31'::date))","Rows Removed by Filter": 3,"Workers": []}]},{"Node Type": "Hash","Parent Relationship": "Inner","Parallel Aware": false,"Async Capable": false,"Startup Cost": 354.10,"Total Cost": 354.10,"Plan Rows": 784,"Plan Width": 108,"Actual Startup Time": 10.416,"Actual Total Time": 10.432,"Actual Rows": 814,"Actual Loops": 3,"Hash Buckets": 1024,"Original Hash Buckets": 1024,"Hash Batches": 1,"Original Hash Batches": 1,"Peak Memory Usage": 58,"Workers": [],"Plans": [{"Node Type": "Hash Join","Parent Relationship": "Outer","Parallel Aware": false,"Async Capable": false,"Join Type": "Inner","Startup Cost": 1.40,"Total Cost": 354.10,"Plan Rows": 784,"Plan Width": 108,"Actual Startup Time": 0.079,"Actual Total Time": 10.246,"Actual Rows": 814,"Actual Loops": 3,"Inner Unique": true,"Hash Cond": "(supplier.s_nationkey = n1.n_nationkey)","Workers": [],"Plans": [{"Node Type": "Seq Scan","Parent Relationship": "Outer","Parallel Aware": false,"Async Capable": false,"Relation Name": "supplier","Alias": "supplier","Startup Cost": 0.00,"Total Cost": 322.00,"Plan Rows": 10000,"Plan Width": 8,"Actual Startup Time": 0.029,"Actual Total Time": 4.108,"Actual Rows": 10000,"Actual Loops": 3,"Workers": []},{"Node Type": "Hash","Parent Relationship": "Inner","Parallel Aware": false,"Async Capable": false,"Startup Cost": 1.38,"Total Cost": 1.38,"Plan Rows": 2,"Plan Width": 108,"Actual Startup Time": 0.012,"Actual Total Time": 0.018,"Actual Rows": 2,"Actual Loops": 3,"Hash Buckets": 1024,"Original Hash Buckets": 1024,"Hash Batches": 1,"Original Hash Batches": 1,"Peak Memory Usage": 9,"Workers": [],"Plans": [{"Node Type": "Seq Scan","Parent Relationship": "Outer","Parallel Aware": false,"Async Capable": false,"Relation Name": "nation","Alias": "n1","Startup Cost": 0.00,"Total Cost": 1.38,"Plan Rows": 2,"Plan Width": 108,"Actual Startup Time": 0.005,"Actual Total Time": 0.009,"Actual Rows": 2,"Actual Loops": 3,"Filter": "((n_name = 'INDIA'::bpchar) OR (n_name = 'VIETNAM'::bpchar))","Rows Removed by Filter": 23,"Workers": []}]}]}]}]}]}]}]}]},"Planning Time": 7.453,"Triggers": [],"Execution Time": 973.292}]
[{"Plan": {"Node Type": "Aggregate","Strategy": "Sorted","Partial Mode": "Finalize","Parallel Aware": false,"Async Capable": false,"Startup Cost": 72556.41,"Total Cost": 73352.71,"Plan Rows": 5893,"Plan Width": 272,"Actual Startup Time": 909.984,"Actual Total Time": 952.871,"Actual Rows": 4,"Actual Loops": 1,"Group Key": ["n1.n_name", "n2.n_name", "(EXTRACT(year FROM lineitem.l_shipdate))"],"Plans": [{"Node Type": "Gather Merge","Parent Relationship": "Outer","Parallel Aware": false,"Async Capable": false,"Startup Cost": 72556.41,"Total Cost": 73202.94,"Plan Rows": 4910,"Plan Width": 272,"Actual Startup Time": 909.267,"Actual Total Time": 952.811,"Actual Rows": 12,"Actual Loops": 1,"Workers Planned": 2,"Workers Launched": 2,"Plans": [{"Node Type": "Aggregate","Strategy": "Sorted","Partial Mode": "Partial","Parent Relationship": "Outer","Parallel Aware": false,"Async Capable": false,"Startup Cost": 71556.39,"Total Cost": 71636.18,"Plan Rows": 2455,"Plan Width": 272,"Actual Startup Time": 901.542,"Actual Total Time": 902.408,"Actual Rows": 4,"Actual Loops": 3,"Group Key": ["n1.n_name", "n2.n_name", "(EXTRACT(year FROM lineitem.l_shipdate))"],"Workers": [],"Plans": [{"Node Type": "Sort","Parent Relationship": "Outer","Parallel Aware": false,"Async Capable": false,"Startup Cost": 71556.39,"Total Cost": 71562.53,"Plan Rows": 2455,"Plan Width": 252,"Actual Startup Time": 901.270,"Actual Total Time": 901.383,"Actual Rows": 2012,"Actual Loops": 3,"Sort Key": ["n1.n_name", "n2.n_name", "(EXTRACT(year FROM lineitem.l_shipdate))"],"Sort Method": "quicksort","Sort Space Used": 325,"Sort Space Type": "Memory","Workers": [{"Worker Number": 0,"Sort Method": "quicksort","Sort Space Used": 260,"Sort Space Type": "Memory"},{"Worker Number": 1,"Sort Method": "quicksort","Sort Space Used": 268,"Sort Space Type": "Memory"}],"Plans": [{"Node Type": "Hash Join","Parent Relationship": "Outer","Parallel Aware": false,"Async Capable": false,"Join Type": "Inner","Startup Cost": 366.16,"Total Cost": 71418.15,"Plan Rows": 2455,"Plan Width": 252,"Actual Startup Time": 13.099,"Actual Total Time": 899.396,"Actual Rows": 2012,"Actual Loops": 3,"Inner Unique": false,"Hash Cond": "(lineitem.l_suppkey = supplier.s_suppkey)","Join Filter": "(((n1.n_name = 'EGYPT'::bpchar) AND (n2.n_name = 'IRAQ'::bpchar)) OR ((n1.n_name = 'IRAQ'::bpchar) AND (n2.n_name = 'EGYPT'::bpchar)))","Rows Removed by Join Filter": 2065,"Workers": [],"Plans": [{"Node Type": "Nested Loop","Parent Relationship": "Outer","Parallel Aware": false,"Async Capable": false,"Join Type": "Inner","Startup Cost": 2.26,"Total Cost": 70727.78,"Plan Rows": 60250,"Plan Width": 124,"Actual Startup Time": 0.706,"Actual Total Time": 881.653,"Actual Rows": 48007,"Actual Loops": 3,"Inner Unique": false,"Workers": [],"Plans": [{"Node Type": "Nested Loop","Parent Relationship": "Outer","Parallel Aware": false,"Async Capable": false,"Join Type": "Inner","Startup Cost": 1.83,"Total Cost": 12400.01,"Plan Rows": 49000,"Plan Width": 108,"Actual Startup Time": 0.296,"Actual Total Time": 219.545,"Actual Rows": 39338,"Actual Loops": 3,"Inner Unique": false,"Workers": [],"Plans": [{"Node Type": "Hash Join","Parent Relationship": "Outer","Parallel Aware": false,"Async Capable": false,"Join Type": "Inner","Startup Cost": 1.40,"Total Cost": 4403.27,"Plan Rows": 4900,"Plan Width": 108,"Actual Startup Time": 0.175,"Actual Total Time": 44.109,"Actual Rows": 3986,"Actual Loops": 3,"Inner Unique": true,"Hash Cond": "(customer.c_nationkey = n2.n_nationkey)","Workers": [],"Plans": [{"Node Type": "Seq Scan","Parent Relationship": "Outer","Parallel Aware": true,"Async Capable": false,"Relation Name": "customer","Alias": "customer","Startup Cost": 0.00,"Total Cost": 4210.00,"Plan Rows": 62500,"Plan Width": 8,"Actual Startup Time": 0.016,"Actual Total Time": 9.026,"Actual Rows": 50000,"Actual Loops": 3,"Workers": []},{"Node Type": "Hash","Parent Relationship": "Inner","Parallel Aware": false,"Async Capable": false,"Startup Cost": 1.38,"Total Cost": 1.38,"Plan Rows": 2,"Plan Width": 108,"Actual Startup Time": 0.082,"Actual Total Time": 0.087,"Actual Rows": 2,"Actual Loops": 3,"Hash Buckets": 1024,"Original Hash Buckets": 1024,"Hash Batches": 1,"Original Hash Batches": 1,"Peak Memory Usage": 9,"Workers": [],"Plans": [{"Node Type": "Seq Scan","Parent Relationship": "Outer","Parallel Aware": false,"Async Capable": false,"Relation Name": "nation","Alias": "n2","Startup Cost": 0.00,"Total Cost": 1.38,"Plan Rows": 2,"Plan Width": 108,"Actual Startup Time": 0.066,"Actual Total Time": 0.073,"Actual Rows": 2,"Actual Loops": 3,"Filter": "((n_name = 'IRAQ'::bpchar) OR (n_name = 'EGYPT'::bpchar))","Rows Removed by Filter": 23,"Workers": []}]}]},{"Node Type": "Index Scan","Parent Relationship": "Inner","Parallel Aware": false,"Async Capable": false,"Scan Direction": "Forward","Index Name": "idx_orders_custkey","Relation Name": "orders","Alias": "orders","Startup Cost": 0.43,"Total Cost": 1.46,"Plan Rows": 17,"Plan Width": 8,"Actual Startup Time": 0.007,"Actual Total Time": 0.043,"Actual Rows": 10,"Actual Loops": 11958,"Index Cond": "(o_custkey = customer.c_custkey)","Rows Removed by Index Recheck": 0,"Workers": []}]},{"Node Type": "Index Scan","Parent Relationship": "Inner","Parallel Aware": false,"Async Capable": false,"Scan Direction": "Forward","Index Name": "idx_lineitem_orderkey","Relation Name": "lineitem","Alias": "lineitem","Startup Cost": 0.43,"Total Cost": 1.14,"Plan Rows": 5,"Plan Width": 24,"Actual Startup Time": 0.016,"Actual Total Time": 0.017,"Actual Rows": 1,"Actual Loops": 118013,"Index Cond": "(l_orderkey = orders.o_orderkey)","Rows Removed by Index Recheck": 0,"Filter": "((l_shipdate >= '1995-01-01'::date) AND (l_shipdate <= '1996-12-31'::date))","Rows Removed by Filter": 3,"Workers": []}]},{"Node Type": "Hash","Parent Relationship": "Inner","Parallel Aware": false,"Async Capable": false,"Startup Cost": 354.10,"Total Cost": 354.10,"Plan Rows": 784,"Plan Width": 108,"Actual Startup Time": 10.392,"Actual Total Time": 10.398,"Actual Rows": 853,"Actual Loops": 3,"Hash Buckets": 1024,"Original Hash Buckets": 1024,"Hash Batches": 1,"Original Hash Batches": 1,"Peak Memory Usage": 60,"Workers": [],"Plans": [{"Node Type": "Hash Join","Parent Relationship": "Outer","Parallel Aware": false,"Async Capable": false,"Join Type": "Inner","Startup Cost": 1.40,"Total Cost": 354.10,"Plan Rows": 784,"Plan Width": 108,"Actual Startup Time": 0.077,"Actual Total Time": 10.193,"Actual Rows": 853,"Actual Loops": 3,"Inner Unique": true,"Hash Cond": "(supplier.s_nationkey = n1.n_nationkey)","Workers": [],"Plans": [{"Node Type": "Seq Scan","Parent Relationship": "Outer","Parallel Aware": false,"Async Capable": false,"Relation Name": "supplier","Alias": "supplier","Startup Cost": 0.00,"Total Cost": 322.00,"Plan Rows": 10000,"Plan Width": 8,"Actual Startup Time": 0.034,"Actual Total Time": 4.086,"Actual Rows": 10000,"Actual Loops": 3,"Workers": []},{"Node Type": "Hash","Parent Relationship": "Inner","Parallel Aware": false,"Async Capable": false,"Startup Cost": 1.38,"Total Cost": 1.38,"Plan Rows": 2,"Plan Width": 108,"Actual Startup Time": 0.013,"Actual Total Time": 0.015,"Actual Rows": 2,"Actual Loops": 3,"Hash Buckets": 1024,"Original Hash Buckets": 1024,"Hash Batches": 1,"Original Hash Batches": 1,"Peak Memory Usage": 9,"Workers": [],"Plans": [{"Node Type": "Seq Scan","Parent Relationship": "Outer","Parallel Aware": false,"Async Capable": false,"Relation Name": "nation","Alias": "n1","Startup Cost": 0.00,"Total Cost": 1.38,"Plan Rows": 2,"Plan Width": 108,"Actual Startup Time": 0.005,"Actual Total Time": 0.009,"Actual Rows": 2,"Actual Loops": 3,"Filter": "((n_name = 'EGYPT'::bpchar) OR (n_name = 'IRAQ'::bpchar))","Rows Removed by Filter": 23,"Workers": []}]}]}]}]}]}]}]}]},"Planning Time": 8.497,"Triggers": [],"Execution Time": 953.316}]
[{"Plan": {"Node Type": "Aggregate","Strategy": "Sorted","Partial Mode": "Finalize","Parallel Aware": false,"Async Capable": false,"Startup Cost": 72556.41,"Total Cost": 73352.71,"Plan Rows": 5893,"Plan Width": 272,"Actual Startup Time": 914.387,"Actual Total Time": 965.959,"Actual Rows": 4,"Actual Loops": 1,"Group Key": ["n1.n_name", "n2.n_name", "(EXTRACT(year FROM lineitem.l_shipdate))"],"Plans": [{"Node Type": "Gather Merge","Parent Relationship": "Outer","Parallel Aware": false,"Async Capable": false,"Startup Cost": 72556.41,"Total Cost": 73202.94,"Plan Rows": 4910,"Plan Width": 272,"Actual Startup Time": 913.920,"Actual Total Time": 965.889,"Actual Rows": 12,"Actual Loops": 1,"Workers Planned": 2,"Workers Launched": 2,"Plans": [{"Node Type": "Aggregate","Strategy": "Sorted","Partial Mode": "Partial","Parent Relationship": "Outer","Parallel Aware": false,"Async Capable": false,"Startup Cost": 71556.39,"Total Cost": 71636.18,"Plan Rows": 2455,"Plan Width": 272,"Actual Startup Time": 906.098,"Actual Total Time": 906.831,"Actual Rows": 4,"Actual Loops": 3,"Group Key": ["n1.n_name", "n2.n_name", "(EXTRACT(year FROM lineitem.l_shipdate))"],"Workers": [],"Plans": [{"Node Type": "Sort","Parent Relationship": "Outer","Parallel Aware": false,"Async Capable": false,"Startup Cost": 71556.39,"Total Cost": 71562.53,"Plan Rows": 2455,"Plan Width": 252,"Actual Startup Time": 905.841,"Actual Total Time": 905.963,"Actual Rows": 1917,"Actual Loops": 3,"Sort Key": ["n1.n_name", "n2.n_name", "(EXTRACT(year FROM lineitem.l_shipdate))"],"Sort Method": "quicksort","Sort Space Used": 252,"Sort Space Type": "Memory","Workers": [{"Worker Number": 0,"Sort Method": "quicksort","Sort Space Used": 267,"Sort Space Type": "Memory"},{"Worker Number": 1,"Sort Method": "quicksort","Sort Space Used": 255,"Sort Space Type": "Memory"}],"Plans": [{"Node Type": "Hash Join","Parent Relationship": "Outer","Parallel Aware": false,"Async Capable": false,"Join Type": "Inner","Startup Cost": 366.16,"Total Cost": 71418.15,"Plan Rows": 2455,"Plan Width": 252,"Actual Startup Time": 9.191,"Actual Total Time": 904.070,"Actual Rows": 1917,"Actual Loops": 3,"Inner Unique": false,"Hash Cond": "(lineitem.l_suppkey = supplier.s_suppkey)","Join Filter": "(((n1.n_name = 'IRAN'::bpchar) AND (n2.n_name = 'SAUDI ARABIA'::bpchar)) OR ((n1.n_name = 'SAUDI ARABIA'::bpchar) AND (n2.n_name = 'IRAN'::bpchar)))","Rows Removed by Join Filter": 1903,"Workers": [],"Plans": [{"Node Type": "Nested Loop","Parent Relationship": "Outer","Parallel Aware": false,"Async Capable": false,"Join Type": "Inner","Startup Cost": 2.26,"Total Cost": 70727.78,"Plan Rows": 60250,"Plan Width": 124,"Actual Startup Time": 0.519,"Actual Total Time": 888.836,"Actual Rows": 47917,"Actual Loops": 3,"Inner Unique": false,"Workers": [],"Plans": [{"Node Type": "Nested Loop","Parent Relationship": "Outer","Parallel Aware": false,"Async Capable": false,"Join Type": "Inner","Startup Cost": 1.83,"Total Cost": 12400.01,"Plan Rows": 49000,"Plan Width": 108,"Actual Startup Time": 0.261,"Actual Total Time": 223.588,"Actual Rows": 39376,"Actual Loops": 3,"Inner Unique": false,"Workers": [],"Plans": [{"Node Type": "Hash Join","Parent Relationship": "Outer","Parallel Aware": false,"Async Capable": false,"Join Type": "Inner","Startup Cost": 1.40,"Total Cost": 4403.27,"Plan Rows": 4900,"Plan Width": 108,"Actual Startup Time": 0.153,"Actual Total Time": 45.941,"Actual Rows": 3971,"Actual Loops": 3,"Inner Unique": true,"Hash Cond": "(customer.c_nationkey = n2.n_nationkey)","Workers": [],"Plans": [{"Node Type": "Seq Scan","Parent Relationship": "Outer","Parallel Aware": true,"Async Capable": false,"Relation Name": "customer","Alias": "customer","Startup Cost": 0.00,"Total Cost": 4210.00,"Plan Rows": 62500,"Plan Width": 8,"Actual Startup Time": 0.014,"Actual Total Time": 9.426,"Actual Rows": 50000,"Actual Loops": 3,"Workers": []},{"Node Type": "Hash","Parent Relationship": "Inner","Parallel Aware": false,"Async Capable": false,"Startup Cost": 1.38,"Total Cost": 1.38,"Plan Rows": 2,"Plan Width": 108,"Actual Startup Time": 0.068,"Actual Total Time": 0.073,"Actual Rows": 2,"Actual Loops": 3,"Hash Buckets": 1024,"Original Hash Buckets": 1024,"Hash Batches": 1,"Original Hash Batches": 1,"Peak Memory Usage": 9,"Workers": [],"Plans": [{"Node Type": "Seq Scan","Parent Relationship": "Outer","Parallel Aware": false,"Async Capable": false,"Relation Name": "nation","Alias": "n2","Startup Cost": 0.00,"Total Cost": 1.38,"Plan Rows": 2,"Plan Width": 108,"Actual Startup Time": 0.051,"Actual Total Time": 0.055,"Actual Rows": 2,"Actual Loops": 3,"Filter": "((n_name = 'SAUDI ARABIA'::bpchar) OR (n_name = 'IRAN'::bpchar))","Rows Removed by Filter": 23,"Workers": []}]}]},{"Node Type": "Index Scan","Parent Relationship": "Inner","Parallel Aware": false,"Async Capable": false,"Scan Direction": "Forward","Index Name": "idx_orders_custkey","Relation Name": "orders","Alias": "orders","Startup Cost": 0.43,"Total Cost": 1.46,"Plan Rows": 17,"Plan Width": 8,"Actual Startup Time": 0.007,"Actual Total Time": 0.043,"Actual Rows": 10,"Actual Loops": 11913,"Index Cond": "(o_custkey = customer.c_custkey)","Rows Removed by Index Recheck": 0,"Workers": []}]},{"Node Type": "Index Scan","Parent Relationship": "Inner","Parallel Aware": false,"Async Capable": false,"Scan Direction": "Forward","Index Name": "idx_lineitem_orderkey","Relation Name": "lineitem","Alias": "lineitem","Startup Cost": 0.43,"Total Cost": 1.14,"Plan Rows": 5,"Plan Width": 24,"Actual Startup Time": 0.016,"Actual Total Time": 0.017,"Actual Rows": 1,"Actual Loops": 118128,"Index Cond": "(l_orderkey = orders.o_orderkey)","Rows Removed by Index Recheck": 0,"Filter": "((l_shipdate >= '1995-01-01'::date) AND (l_shipdate <= '1996-12-31'::date))","Rows Removed by Filter": 3,"Workers": []}]},{"Node Type": "Hash","Parent Relationship": "Inner","Parallel Aware": false,"Async Capable": false,"Startup Cost": 354.10,"Total Cost": 354.10,"Plan Rows": 784,"Plan Width": 108,"Actual Startup Time": 7.908,"Actual Total Time": 7.925,"Actual Rows": 804,"Actual Loops": 3,"Hash Buckets": 1024,"Original Hash Buckets": 1024,"Hash Batches": 1,"Original Hash Batches": 1,"Peak Memory Usage": 57,"Workers": [],"Plans": [{"Node Type": "Hash Join","Parent Relationship": "Outer","Parallel Aware": false,"Async Capable": false,"Join Type": "Inner","Startup Cost": 1.40,"Total Cost": 354.10,"Plan Rows": 784,"Plan Width": 108,"Actual Startup Time": 0.068,"Actual Total Time": 7.714,"Actual Rows": 804,"Actual Loops": 3,"Inner Unique": true,"Hash Cond": "(supplier.s_nationkey = n1.n_nationkey)","Workers": [],"Plans": [{"Node Type": "Seq Scan","Parent Relationship": "Outer","Parallel Aware": false,"Async Capable": false,"Relation Name": "supplier","Alias": "supplier","Startup Cost": 0.00,"Total Cost": 322.00,"Plan Rows": 10000,"Plan Width": 8,"Actual Startup Time": 0.027,"Actual Total Time": 4.228,"Actual Rows": 10000,"Actual Loops": 3,"Workers": []},{"Node Type": "Hash","Parent Relationship": "Inner","Parallel Aware": false,"Async Capable": false,"Startup Cost": 1.38,"Total Cost": 1.38,"Plan Rows": 2,"Plan Width": 108,"Actual Startup Time": 0.014,"Actual Total Time": 0.019,"Actual Rows": 2,"Actual Loops": 3,"Hash Buckets": 1024,"Original Hash Buckets": 1024,"Hash Batches": 1,"Original Hash Batches": 1,"Peak Memory Usage": 9,"Workers": [],"Plans": [{"Node Type": "Seq Scan","Parent Relationship": "Outer","Parallel Aware": false,"Async Capable": false,"Relation Name": "nation","Alias": "n1","Startup Cost": 0.00,"Total Cost": 1.38,"Plan Rows": 2,"Plan Width": 108,"Actual Startup Time": 0.005,"Actual Total Time": 0.010,"Actual Rows": 2,"Actual Loops": 3,"Filter": "((n_name = 'IRAN'::bpchar) OR (n_name = 'SAUDI ARABIA'::bpchar))","Rows Removed by Filter": 23,"Workers": []}]}]}]}]}]}]}]}]},"Planning Time": 9.280,"Triggers": [],"Execution Time": 966.423}]
[{"Plan": {"Node Type": "Aggregate","Strategy": "Sorted","Partial Mode": "Finalize","Parallel Aware": false,"Async Capable": false,"Startup Cost": 72556.41,"Total Cost": 73352.71,"Plan Rows": 5893,"Plan Width": 272,"Actual Startup Time": 930.980,"Actual Total Time": 976.714,"Actual Rows": 4,"Actual Loops": 1,"Group Key": ["n1.n_name", "n2.n_name", "(EXTRACT(year FROM lineitem.l_shipdate))"],"Plans": [{"Node Type": "Gather Merge","Parent Relationship": "Outer","Parallel Aware": false,"Async Capable": false,"Startup Cost": 72556.41,"Total Cost": 73202.94,"Plan Rows": 4910,"Plan Width": 272,"Actual Startup Time": 930.304,"Actual Total Time": 976.634,"Actual Rows": 12,"Actual Loops": 1,"Workers Planned": 2,"Workers Launched": 2,"Plans": [{"Node Type": "Aggregate","Strategy": "Sorted","Partial Mode": "Partial","Parent Relationship": "Outer","Parallel Aware": false,"Async Capable": false,"Startup Cost": 71556.39,"Total Cost": 71636.18,"Plan Rows": 2455,"Plan Width": 272,"Actual Startup Time": 922.397,"Actual Total Time": 923.182,"Actual Rows": 4,"Actual Loops": 3,"Group Key": ["n1.n_name", "n2.n_name", "(EXTRACT(year FROM lineitem.l_shipdate))"],"Workers": [],"Plans": [{"Node Type": "Sort","Parent Relationship": "Outer","Parallel Aware": false,"Async Capable": false,"Startup Cost": 71556.39,"Total Cost": 71562.53,"Plan Rows": 2455,"Plan Width": 252,"Actual Startup Time": 922.146,"Actual Total Time": 922.258,"Actual Rows": 1761,"Actual Loops": 3,"Sort Key": ["n1.n_name", "n2.n_name", "(EXTRACT(year FROM lineitem.l_shipdate))"],"Sort Method": "quicksort","Sort Space Used": 245,"Sort Space Type": "Memory","Workers": [{"Worker Number": 0,"Sort Method": "quicksort","Sort Space Used": 235,"Sort Space Type": "Memory"},{"Worker Number": 1,"Sort Method": "quicksort","Sort Space Used": 244,"Sort Space Type": "Memory"}],"Plans": [{"Node Type": "Hash Join","Parent Relationship": "Outer","Parallel Aware": false,"Async Capable": false,"Join Type": "Inner","Startup Cost": 366.16,"Total Cost": 71418.15,"Plan Rows": 2455,"Plan Width": 252,"Actual Startup Time": 13.641,"Actual Total Time": 920.443,"Actual Rows": 1761,"Actual Loops": 3,"Inner Unique": false,"Hash Cond": "(lineitem.l_suppkey = supplier.s_suppkey)","Join Filter": "(((n1.n_name = 'JORDAN'::bpchar) AND (n2.n_name = 'MOROCCO'::bpchar)) OR ((n1.n_name = 'MOROCCO'::bpchar) AND (n2.n_name = 'JORDAN'::bpchar)))","Rows Removed by Join Filter": 1812,"Workers": [],"Plans": [{"Node Type": "Nested Loop","Parent Relationship": "Outer","Parallel Aware": false,"Async Capable": false,"Join Type": "Inner","Startup Cost": 2.26,"Total Cost": 70727.78,"Plan Rows": 60250,"Plan Width": 124,"Actual Startup Time": 0.691,"Actual Total Time": 902.914,"Actual Rows": 49107,"Actual Loops": 3,"Inner Unique": false,"Workers": [],"Plans": [{"Node Type": "Nested Loop","Parent Relationship": "Outer","Parallel Aware": false,"Async Capable": false,"Join Type": "Inner","Startup Cost": 1.83,"Total Cost": 12400.01,"Plan Rows": 49000,"Plan Width": 108,"Actual Startup Time": 0.355,"Actual Total Time": 222.786,"Actual Rows": 40065,"Actual Loops": 3,"Inner Unique": false,"Workers": [],"Plans": [{"Node Type": "Hash Join","Parent Relationship": "Outer","Parallel Aware": false,"Async Capable": false,"Join Type": "Inner","Startup Cost": 1.40,"Total Cost": 4403.27,"Plan Rows": 4900,"Plan Width": 108,"Actual Startup Time": 0.229,"Actual Total Time": 44.358,"Actual Rows": 3985,"Actual Loops": 3,"Inner Unique": true,"Hash Cond": "(customer.c_nationkey = n2.n_nationkey)","Workers": [],"Plans": [{"Node Type": "Seq Scan","Parent Relationship": "Outer","Parallel Aware": true,"Async Capable": false,"Relation Name": "customer","Alias": "customer","Startup Cost": 0.00,"Total Cost": 4210.00,"Plan Rows": 62500,"Plan Width": 8,"Actual Startup Time": 0.012,"Actual Total Time": 9.046,"Actual Rows": 50000,"Actual Loops": 3,"Workers": []},{"Node Type": "Hash","Parent Relationship": "Inner","Parallel Aware": false,"Async Capable": false,"Startup Cost": 1.38,"Total Cost": 1.38,"Plan Rows": 2,"Plan Width": 108,"Actual Startup Time": 0.098,"Actual Total Time": 0.105,"Actual Rows": 2,"Actual Loops": 3,"Hash Buckets": 1024,"Original Hash Buckets": 1024,"Hash Batches": 1,"Original Hash Batches": 1,"Peak Memory Usage": 9,"Workers": [],"Plans": [{"Node Type": "Seq Scan","Parent Relationship": "Outer","Parallel Aware": false,"Async Capable": false,"Relation Name": "nation","Alias": "n2","Startup Cost": 0.00,"Total Cost": 1.38,"Plan Rows": 2,"Plan Width": 108,"Actual Startup Time": 0.076,"Actual Total Time": 0.083,"Actual Rows": 2,"Actual Loops": 3,"Filter": "((n_name = 'MOROCCO'::bpchar) OR (n_name = 'JORDAN'::bpchar))","Rows Removed by Filter": 23,"Workers": []}]}]},{"Node Type": "Index Scan","Parent Relationship": "Inner","Parallel Aware": false,"Async Capable": false,"Scan Direction": "Forward","Index Name": "idx_orders_custkey","Relation Name": "orders","Alias": "orders","Startup Cost": 0.43,"Total Cost": 1.46,"Plan Rows": 17,"Plan Width": 8,"Actual Startup Time": 0.007,"Actual Total Time": 0.044,"Actual Rows": 10,"Actual Loops": 11954,"Index Cond": "(o_custkey = customer.c_custkey)","Rows Removed by Index Recheck": 0,"Workers": []}]},{"Node Type": "Index Scan","Parent Relationship": "Inner","Parallel Aware": false,"Async Capable": false,"Scan Direction": "Forward","Index Name": "idx_lineitem_orderkey","Relation Name": "lineitem","Alias": "lineitem","Startup Cost": 0.43,"Total Cost": 1.14,"Plan Rows": 5,"Plan Width": 24,"Actual Startup Time": 0.016,"Actual Total Time": 0.017,"Actual Rows": 1,"Actual Loops": 120195,"Index Cond": "(l_orderkey = orders.o_orderkey)","Rows Removed by Index Recheck": 0,"Filter": "((l_shipdate >= '1995-01-01'::date) AND (l_shipdate <= '1996-12-31'::date))","Rows Removed by Filter": 3,"Workers": []}]},{"Node Type": "Hash","Parent Relationship": "Inner","Parallel Aware": false,"Async Capable": false,"Startup Cost": 354.10,"Total Cost": 354.10,"Plan Rows": 784,"Plan Width": 108,"Actual Startup Time": 10.760,"Actual Total Time": 10.775,"Actual Rows": 735,"Actual Loops": 3,"Hash Buckets": 1024,"Original Hash Buckets": 1024,"Hash Batches": 1,"Original Hash Batches": 1,"Peak Memory Usage": 53,"Workers": [],"Plans": [{"Node Type": "Hash Join","Parent Relationship": "Outer","Parallel Aware": false,"Async Capable": false,"Join Type": "Inner","Startup Cost": 1.40,"Total Cost": 354.10,"Plan Rows": 784,"Plan Width": 108,"Actual Startup Time": 0.086,"Actual Total Time": 10.606,"Actual Rows": 735,"Actual Loops": 3,"Inner Unique": true,"Hash Cond": "(supplier.s_nationkey = n1.n_nationkey)","Workers": [],"Plans": [{"Node Type": "Seq Scan","Parent Relationship": "Outer","Parallel Aware": false,"Async Capable": false,"Relation Name": "supplier","Alias": "supplier","Startup Cost": 0.00,"Total Cost": 322.00,"Plan Rows": 10000,"Plan Width": 8,"Actual Startup Time": 0.033,"Actual Total Time": 4.215,"Actual Rows": 10000,"Actual Loops": 3,"Workers": []},{"Node Type": "Hash","Parent Relationship": "Inner","Parallel Aware": false,"Async Capable": false,"Startup Cost": 1.38,"Total Cost": 1.38,"Plan Rows": 2,"Plan Width": 108,"Actual Startup Time": 0.018,"Actual Total Time": 0.023,"Actual Rows": 2,"Actual Loops": 3,"Hash Buckets": 1024,"Original Hash Buckets": 1024,"Hash Batches": 1,"Original Hash Batches": 1,"Peak Memory Usage": 9,"Workers": [],"Plans": [{"Node Type": "Seq Scan","Parent Relationship": "Outer","Parallel Aware": false,"Async Capable": false,"Relation Name": "nation","Alias": "n1","Startup Cost": 0.00,"Total Cost": 1.38,"Plan Rows": 2,"Plan Width": 108,"Actual Startup Time": 0.008,"Actual Total Time": 0.014,"Actual Rows": 2,"Actual Loops": 3,"Filter": "((n_name = 'JORDAN'::bpchar) OR (n_name = 'MOROCCO'::bpchar))","Rows Removed by Filter": 23,"Workers": []}]}]}]}]}]}]}]}]},"Planning Time": 8.514,"Triggers": [],"Execution Time": 977.180}]
[{"Plan": {"Node Type": "Aggregate","Strategy": "Sorted","Partial Mode": "Finalize","Parallel Aware": false,"Async Capable": false,"Startup Cost": 72556.41,"Total Cost": 73352.71,"Plan Rows": 5893,"Plan Width": 272,"Actual Startup Time": 943.288,"Actual Total Time": 1001.168,"Actual Rows": 4,"Actual Loops": 1,"Group Key": ["n1.n_name", "n2.n_name", "(EXTRACT(year FROM lineitem.l_shipdate))"],"Plans": [{"Node Type": "Gather Merge","Parent Relationship": "Outer","Parallel Aware": false,"Async Capable": false,"Startup Cost": 72556.41,"Total Cost": 73202.94,"Plan Rows": 4910,"Plan Width": 272,"Actual Startup Time": 943.018,"Actual Total Time": 1001.113,"Actual Rows": 12,"Actual Loops": 1,"Workers Planned": 2,"Workers Launched": 2,"Plans": [{"Node Type": "Aggregate","Strategy": "Sorted","Partial Mode": "Partial","Parent Relationship": "Outer","Parallel Aware": false,"Async Capable": false,"Startup Cost": 71556.39,"Total Cost": 71636.18,"Plan Rows": 2455,"Plan Width": 272,"Actual Startup Time": 935.402,"Actual Total Time": 936.100,"Actual Rows": 4,"Actual Loops": 3,"Group Key": ["n1.n_name", "n2.n_name", "(EXTRACT(year FROM lineitem.l_shipdate))"],"Workers": [],"Plans": [{"Node Type": "Sort","Parent Relationship": "Outer","Parallel Aware": false,"Async Capable": false,"Startup Cost": 71556.39,"Total Cost": 71562.53,"Plan Rows": 2455,"Plan Width": 252,"Actual Startup Time": 935.153,"Actual Total Time": 935.259,"Actual Rows": 1852,"Actual Loops": 3,"Sort Key": ["n1.n_name", "n2.n_name", "(EXTRACT(year FROM lineitem.l_shipdate))"],"Sort Method": "quicksort","Sort Space Used": 261,"Sort Space Type": "Memory","Workers": [{"Worker Number": 0,"Sort Method": "quicksort","Sort Space Used": 247,"Sort Space Type": "Memory"},{"Worker Number": 1,"Sort Method": "quicksort","Sort Space Used": 245,"Sort Space Type": "Memory"}],"Plans": [{"Node Type": "Hash Join","Parent Relationship": "Outer","Parallel Aware": false,"Async Capable": false,"Join Type": "Inner","Startup Cost": 366.16,"Total Cost": 71418.15,"Plan Rows": 2455,"Plan Width": 252,"Actual Startup Time": 10.572,"Actual Total Time": 933.350,"Actual Rows": 1852,"Actual Loops": 3,"Inner Unique": false,"Hash Cond": "(lineitem.l_suppkey = supplier.s_suppkey)","Join Filter": "(((n1.n_name = 'JORDAN'::bpchar) AND (n2.n_name = 'RUSSIA'::bpchar)) OR ((n1.n_name = 'RUSSIA'::bpchar) AND (n2.n_name = 'JORDAN'::bpchar)))","Rows Removed by Join Filter": 1918,"Workers": [],"Plans": [{"Node Type": "Nested Loop","Parent Relationship": "Outer","Parallel Aware": false,"Async Capable": false,"Join Type": "Inner","Startup Cost": 2.26,"Total Cost": 70727.78,"Plan Rows": 60250,"Plan Width": 124,"Actual Startup Time": 0.566,"Actual Total Time": 917.879,"Actual Rows": 49694,"Actual Loops": 3,"Inner Unique": false,"Workers": [],"Plans": [{"Node Type": "Nested Loop","Parent Relationship": "Outer","Parallel Aware": false,"Async Capable": false,"Join Type": "Inner","Startup Cost": 1.83,"Total Cost": 12400.01,"Plan Rows": 49000,"Plan Width": 108,"Actual Startup Time": 0.378,"Actual Total Time": 229.764,"Actual Rows": 40744,"Actual Loops": 3,"Inner Unique": false,"Workers": [],"Plans": [{"Node Type": "Hash Join","Parent Relationship": "Outer","Parallel Aware": false,"Async Capable": false,"Join Type": "Inner","Startup Cost": 1.40,"Total Cost": 4403.27,"Plan Rows": 4900,"Plan Width": 108,"Actual Startup Time": 0.220,"Actual Total Time": 46.627,"Actual Rows": 4037,"Actual Loops": 3,"Inner Unique": true,"Hash Cond": "(customer.c_nationkey = n2.n_nationkey)","Workers": [],"Plans": [{"Node Type": "Seq Scan","Parent Relationship": "Outer","Parallel Aware": true,"Async Capable": false,"Relation Name": "customer","Alias": "customer","Startup Cost": 0.00,"Total Cost": 4210.00,"Plan Rows": 62500,"Plan Width": 8,"Actual Startup Time": 0.015,"Actual Total Time": 9.614,"Actual Rows": 50000,"Actual Loops": 3,"Workers": []},{"Node Type": "Hash","Parent Relationship": "Inner","Parallel Aware": false,"Async Capable": false,"Startup Cost": 1.38,"Total Cost": 1.38,"Plan Rows": 2,"Plan Width": 108,"Actual Startup Time": 0.103,"Actual Total Time": 0.109,"Actual Rows": 2,"Actual Loops": 3,"Hash Buckets": 1024,"Original Hash Buckets": 1024,"Hash Batches": 1,"Original Hash Batches": 1,"Peak Memory Usage": 9,"Workers": [],"Plans": [{"Node Type": "Seq Scan","Parent Relationship": "Outer","Parallel Aware": false,"Async Capable": false,"Relation Name": "nation","Alias": "n2","Startup Cost": 0.00,"Total Cost": 1.38,"Plan Rows": 2,"Plan Width": 108,"Actual Startup Time": 0.083,"Actual Total Time": 0.089,"Actual Rows": 2,"Actual Loops": 3,"Filter": "((n_name = 'RUSSIA'::bpchar) OR (n_name = 'JORDAN'::bpchar))","Rows Removed by Filter": 23,"Workers": []}]}]},{"Node Type": "Index Scan","Parent Relationship": "Inner","Parallel Aware": false,"Async Capable": false,"Scan Direction": "Forward","Index Name": "idx_orders_custkey","Relation Name": "orders","Alias": "orders","Startup Cost": 0.43,"Total Cost": 1.46,"Plan Rows": 17,"Plan Width": 8,"Actual Startup Time": 0.007,"Actual Total Time": 0.044,"Actual Rows": 10,"Actual Loops": 12111,"Index Cond": "(o_custkey = customer.c_custkey)","Rows Removed by Index Recheck": 0,"Workers": []}]},{"Node Type": "Index Scan","Parent Relationship": "Inner","Parallel Aware": false,"Async Capable": false,"Scan Direction": "Forward","Index Name": "idx_lineitem_orderkey","Relation Name": "lineitem","Alias": "lineitem","Startup Cost": 0.43,"Total Cost": 1.14,"Plan Rows": 5,"Plan Width": 24,"Actual Startup Time": 0.016,"Actual Total Time": 0.017,"Actual Rows": 1,"Actual Loops": 122231,"Index Cond": "(l_orderkey = orders.o_orderkey)","Rows Removed by Index Recheck": 0,"Filter": "((l_shipdate >= '1995-01-01'::date) AND (l_shipdate <= '1996-12-31'::date))","Rows Removed by Filter": 3,"Workers": []}]},{"Node Type": "Hash","Parent Relationship": "Inner","Parallel Aware": false,"Async Capable": false,"Startup Cost": 354.10,"Total Cost": 354.10,"Plan Rows": 784,"Plan Width": 108,"Actual Startup Time": 7.982,"Actual Total Time": 7.998,"Actual Rows": 763,"Actual Loops": 3,"Hash Buckets": 1024,"Original Hash Buckets": 1024,"Hash Batches": 1,"Original Hash Batches": 1,"Peak Memory Usage": 55,"Workers": [],"Plans": [{"Node Type": "Hash Join","Parent Relationship": "Outer","Parallel Aware": false,"Async Capable": false,"Join Type": "Inner","Startup Cost": 1.40,"Total Cost": 354.10,"Plan Rows": 784,"Plan Width": 108,"Actual Startup Time": 0.092,"Actual Total Time": 7.805,"Actual Rows": 763,"Actual Loops": 3,"Inner Unique": true,"Hash Cond": "(supplier.s_nationkey = n1.n_nationkey)","Workers": [],"Plans": [{"Node Type": "Seq Scan","Parent Relationship": "Outer","Parallel Aware": false,"Async Capable": false,"Relation Name": "supplier","Alias": "supplier","Startup Cost": 0.00,"Total Cost": 322.00,"Plan Rows": 10000,"Plan Width": 8,"Actual Startup Time": 0.036,"Actual Total Time": 4.289,"Actual Rows": 10000,"Actual Loops": 3,"Workers": []},{"Node Type": "Hash","Parent Relationship": "Inner","Parallel Aware": false,"Async Capable": false,"Startup Cost": 1.38,"Total Cost": 1.38,"Plan Rows": 2,"Plan Width": 108,"Actual Startup Time": 0.020,"Actual Total Time": 0.025,"Actual Rows": 2,"Actual Loops": 3,"Hash Buckets": 1024,"Original Hash Buckets": 1024,"Hash Batches": 1,"Original Hash Batches": 1,"Peak Memory Usage": 9,"Workers": [],"Plans": [{"Node Type": "Seq Scan","Parent Relationship": "Outer","Parallel Aware": false,"Async Capable": false,"Relation Name": "nation","Alias": "n1","Startup Cost": 0.00,"Total Cost": 1.38,"Plan Rows": 2,"Plan Width": 108,"Actual Startup Time": 0.010,"Actual Total Time": 0.015,"Actual Rows": 2,"Actual Loops": 3,"Filter": "((n_name = 'JORDAN'::bpchar) OR (n_name = 'RUSSIA'::bpchar))","Rows Removed by Filter": 23,"Workers": []}]}]}]}]}]}]}]}]},"Planning Time": 9.463,"Triggers": [],"Execution Time": 1001.606}]
[{"Plan": {"Node Type": "Aggregate","Strategy": "Sorted","Partial Mode": "Finalize","Parallel Aware": false,"Async Capable": false,"Startup Cost": 72556.41,"Total Cost": 73352.71,"Plan Rows": 5893,"Plan Width": 272,"Actual Startup Time": 935.220,"Actual Total Time": 979.667,"Actual Rows": 4,"Actual Loops": 1,"Group Key": ["n1.n_name", "n2.n_name", "(EXTRACT(year FROM lineitem.l_shipdate))"],"Plans": [{"Node Type": "Gather Merge","Parent Relationship": "Outer","Parallel Aware": false,"Async Capable": false,"Startup Cost": 72556.41,"Total Cost": 73202.94,"Plan Rows": 4910,"Plan Width": 272,"Actual Startup Time": 934.551,"Actual Total Time": 979.584,"Actual Rows": 12,"Actual Loops": 1,"Workers Planned": 2,"Workers Launched": 2,"Plans": [{"Node Type": "Aggregate","Strategy": "Sorted","Partial Mode": "Partial","Parent Relationship": "Outer","Parallel Aware": false,"Async Capable": false,"Startup Cost": 71556.39,"Total Cost": 71636.18,"Plan Rows": 2455,"Plan Width": 272,"Actual Startup Time": 926.239,"Actual Total Time": 927.050,"Actual Rows": 4,"Actual Loops": 3,"Group Key": ["n1.n_name", "n2.n_name", "(EXTRACT(year FROM lineitem.l_shipdate))"],"Workers": [],"Plans": [{"Node Type": "Sort","Parent Relationship": "Outer","Parallel Aware": false,"Async Capable": false,"Startup Cost": 71556.39,"Total Cost": 71562.53,"Plan Rows": 2455,"Plan Width": 252,"Actual Startup Time": 925.968,"Actual Total Time": 926.090,"Actual Rows": 1923,"Actual Loops": 3,"Sort Key": ["n1.n_name", "n2.n_name", "(EXTRACT(year FROM lineitem.l_shipdate))"],"Sort Method": "quicksort","Sort Space Used": 322,"Sort Space Type": "Memory","Workers": [{"Worker Number": 0,"Sort Method": "quicksort","Sort Space Used": 250,"Sort Space Type": "Memory"},{"Worker Number": 1,"Sort Method": "quicksort","Sort Space Used": 252,"Sort Space Type": "Memory"}],"Plans": [{"Node Type": "Hash Join","Parent Relationship": "Outer","Parallel Aware": false,"Async Capable": false,"Join Type": "Inner","Startup Cost": 366.16,"Total Cost": 71418.15,"Plan Rows": 2455,"Plan Width": 252,"Actual Startup Time": 12.840,"Actual Total Time": 924.130,"Actual Rows": 1923,"Actual Loops": 3,"Inner Unique": false,"Hash Cond": "(lineitem.l_suppkey = supplier.s_suppkey)","Join Filter": "(((n1.n_name = 'ROMANIA'::bpchar) AND (n2.n_name = 'GERMANY'::bpchar)) OR ((n1.n_name = 'GERMANY'::bpchar) AND (n2.n_name = 'ROMANIA'::bpchar)))","Rows Removed by Join Filter": 1923,"Workers": [],"Plans": [{"Node Type": "Nested Loop","Parent Relationship": "Outer","Parallel Aware": false,"Async Capable": false,"Join Type": "Inner","Startup Cost": 2.26,"Total Cost": 70727.78,"Plan Rows": 60250,"Plan Width": 124,"Actual Startup Time": 0.774,"Actual Total Time": 905.786,"Actual Rows": 49083,"Actual Loops": 3,"Inner Unique": false,"Workers": [],"Plans": [{"Node Type": "Nested Loop","Parent Relationship": "Outer","Parallel Aware": false,"Async Capable": false,"Join Type": "Inner","Startup Cost": 1.83,"Total Cost": 12400.01,"Plan Rows": 49000,"Plan Width": 108,"Actual Startup Time": 0.256,"Actual Total Time": 224.121,"Actual Rows": 40245,"Actual Loops": 3,"Inner Unique": false,"Workers": [],"Plans": [{"Node Type": "Hash Join","Parent Relationship": "Outer","Parallel Aware": false,"Async Capable": false,"Join Type": "Inner","Startup Cost": 1.40,"Total Cost": 4403.27,"Plan Rows": 4900,"Plan Width": 108,"Actual Startup Time": 0.158,"Actual Total Time": 44.070,"Actual Rows": 4003,"Actual Loops": 3,"Inner Unique": true,"Hash Cond": "(customer.c_nationkey = n2.n_nationkey)","Workers": [],"Plans": [{"Node Type": "Seq Scan","Parent Relationship": "Outer","Parallel Aware": true,"Async Capable": false,"Relation Name": "customer","Alias": "customer","Startup Cost": 0.00,"Total Cost": 4210.00,"Plan Rows": 62500,"Plan Width": 8,"Actual Startup Time": 0.013,"Actual Total Time": 9.101,"Actual Rows": 50000,"Actual Loops": 3,"Workers": []},{"Node Type": "Hash","Parent Relationship": "Inner","Parallel Aware": false,"Async Capable": false,"Startup Cost": 1.38,"Total Cost": 1.38,"Plan Rows": 2,"Plan Width": 108,"Actual Startup Time": 0.073,"Actual Total Time": 0.079,"Actual Rows": 2,"Actual Loops": 3,"Hash Buckets": 1024,"Original Hash Buckets": 1024,"Hash Batches": 1,"Original Hash Batches": 1,"Peak Memory Usage": 9,"Workers": [],"Plans": [{"Node Type": "Seq Scan","Parent Relationship": "Outer","Parallel Aware": false,"Async Capable": false,"Relation Name": "nation","Alias": "n2","Startup Cost": 0.00,"Total Cost": 1.38,"Plan Rows": 2,"Plan Width": 108,"Actual Startup Time": 0.059,"Actual Total Time": 0.066,"Actual Rows": 2,"Actual Loops": 3,"Filter": "((n_name = 'GERMANY'::bpchar) OR (n_name = 'ROMANIA'::bpchar))","Rows Removed by Filter": 23,"Workers": []}]}]},{"Node Type": "Index Scan","Parent Relationship": "Inner","Parallel Aware": false,"Async Capable": false,"Scan Direction": "Forward","Index Name": "idx_orders_custkey","Relation Name": "orders","Alias": "orders","Startup Cost": 0.43,"Total Cost": 1.46,"Plan Rows": 17,"Plan Width": 8,"Actual Startup Time": 0.007,"Actual Total Time": 0.044,"Actual Rows": 10,"Actual Loops": 12008,"Index Cond": "(o_custkey = customer.c_custkey)","Rows Removed by Index Recheck": 0,"Workers": []}]},{"Node Type": "Index Scan","Parent Relationship": "Inner","Parallel Aware": false,"Async Capable": false,"Scan Direction": "Forward","Index Name": "idx_lineitem_orderkey","Relation Name": "lineitem","Alias": "lineitem","Startup Cost": 0.43,"Total Cost": 1.14,"Plan Rows": 5,"Plan Width": 24,"Actual Startup Time": 0.016,"Actual Total Time": 0.017,"Actual Rows": 1,"Actual Loops": 120736,"Index Cond": "(l_orderkey = orders.o_orderkey)","Rows Removed by Index Recheck": 0,"Filter": "((l_shipdate >= '1995-01-01'::date) AND (l_shipdate <= '1996-12-31'::date))","Rows Removed by Filter": 3,"Workers": []}]},{"Node Type": "Hash","Parent Relationship": "Inner","Parallel Aware": false,"Async Capable": false,"Startup Cost": 354.10,"Total Cost": 354.10,"Plan Rows": 784,"Plan Width": 108,"Actual Startup Time": 11.264,"Actual Total Time": 11.280,"Actual Rows": 794,"Actual Loops": 3,"Hash Buckets": 1024,"Original Hash Buckets": 1024,"Hash Batches": 1,"Original Hash Batches": 1,"Peak Memory Usage": 57,"Workers": [],"Plans": [{"Node Type": "Hash Join","Parent Relationship": "Outer","Parallel Aware": false,"Async Capable": false,"Join Type": "Inner","Startup Cost": 1.40,"Total Cost": 354.10,"Plan Rows": 784,"Plan Width": 108,"Actual Startup Time": 0.089,"Actual Total Time": 11.089,"Actual Rows": 794,"Actual Loops": 3,"Inner Unique": true,"Hash Cond": "(supplier.s_nationkey = n1.n_nationkey)","Workers": [],"Plans": [{"Node Type": "Seq Scan","Parent Relationship": "Outer","Parallel Aware": false,"Async Capable": false,"Relation Name": "supplier","Alias": "supplier","Startup Cost": 0.00,"Total Cost": 322.00,"Plan Rows": 10000,"Plan Width": 8,"Actual Startup Time": 0.028,"Actual Total Time": 4.370,"Actual Rows": 10000,"Actual Loops": 3,"Workers": []},{"Node Type": "Hash","Parent Relationship": "Inner","Parallel Aware": false,"Async Capable": false,"Startup Cost": 1.38,"Total Cost": 1.38,"Plan Rows": 2,"Plan Width": 108,"Actual Startup Time": 0.019,"Actual Total Time": 0.025,"Actual Rows": 2,"Actual Loops": 3,"Hash Buckets": 1024,"Original Hash Buckets": 1024,"Hash Batches": 1,"Original Hash Batches": 1,"Peak Memory Usage": 9,"Workers": [],"Plans": [{"Node Type": "Seq Scan","Parent Relationship": "Outer","Parallel Aware": false,"Async Capable": false,"Relation Name": "nation","Alias": "n1","Startup Cost": 0.00,"Total Cost": 1.38,"Plan Rows": 2,"Plan Width": 108,"Actual Startup Time": 0.005,"Actual Total Time": 0.010,"Actual Rows": 2,"Actual Loops": 3,"Filter": "((n_name = 'ROMANIA'::bpchar) OR (n_name = 'GERMANY'::bpchar))","Rows Removed by Filter": 23,"Workers": []}]}]}]}]}]}]}]}]},"Planning Time": 9.225,"Triggers": [],"Execution Time": 980.150}]
[{"Plan": {"Node Type": "Aggregate","Strategy": "Sorted","Partial Mode": "Finalize","Parallel Aware": false,"Async Capable": false,"Startup Cost": 72556.41,"Total Cost": 73352.71,"Plan Rows": 5893,"Plan Width": 272,"Actual Startup Time": 939.625,"Actual Total Time": 998.427,"Actual Rows": 4,"Actual Loops": 1,"Group Key": ["n1.n_name", "n2.n_name", "(EXTRACT(year FROM lineitem.l_shipdate))"],"Plans": [{"Node Type": "Gather Merge","Parent Relationship": "Outer","Parallel Aware": false,"Async Capable": false,"Startup Cost": 72556.41,"Total Cost": 73202.94,"Plan Rows": 4910,"Plan Width": 272,"Actual Startup Time": 939.172,"Actual Total Time": 998.347,"Actual Rows": 12,"Actual Loops": 1,"Workers Planned": 2,"Workers Launched": 2,"Plans": [{"Node Type": "Aggregate","Strategy": "Sorted","Partial Mode": "Partial","Parent Relationship": "Outer","Parallel Aware": false,"Async Capable": false,"Startup Cost": 71556.39,"Total Cost": 71636.18,"Plan Rows": 2455,"Plan Width": 272,"Actual Startup Time": 930.503,"Actual Total Time": 931.252,"Actual Rows": 4,"Actual Loops": 3,"Group Key": ["n1.n_name", "n2.n_name", "(EXTRACT(year FROM lineitem.l_shipdate))"],"Workers": [],"Plans": [{"Node Type": "Sort","Parent Relationship": "Outer","Parallel Aware": false,"Async Capable": false,"Startup Cost": 71556.39,"Total Cost": 71562.53,"Plan Rows": 2455,"Plan Width": 252,"Actual Startup Time": 930.220,"Actual Total Time": 930.332,"Actual Rows": 1962,"Actual Loops": 3,"Sort Key": ["n1.n_name", "n2.n_name", "(EXTRACT(year FROM lineitem.l_shipdate))"],"Sort Method": "quicksort","Sort Space Used": 261,"Sort Space Type": "Memory","Workers": [{"Worker Number": 0,"Sort Method": "quicksort","Sort Space Used": 266,"Sort Space Type": "Memory"},{"Worker Number": 1,"Sort Method": "quicksort","Sort Space Used": 263,"Sort Space Type": "Memory"}],"Plans": [{"Node Type": "Hash Join","Parent Relationship": "Outer","Parallel Aware": false,"Async Capable": false,"Join Type": "Inner","Startup Cost": 366.16,"Total Cost": 71418.15,"Plan Rows": 2455,"Plan Width": 252,"Actual Startup Time": 9.451,"Actual Total Time": 928.367,"Actual Rows": 1962,"Actual Loops": 3,"Inner Unique": false,"Hash Cond": "(lineitem.l_suppkey = supplier.s_suppkey)","Join Filter": "(((n1.n_name = 'BRAZIL'::bpchar) AND (n2.n_name = 'RUSSIA'::bpchar)) OR ((n1.n_name = 'RUSSIA'::bpchar) AND (n2.n_name = 'BRAZIL'::bpchar)))","Rows Removed by Join Filter": 1982,"Workers": [],"Plans": [{"Node Type": "Nested Loop","Parent Relationship": "Outer","Parallel Aware": false,"Async Capable": false,"Join Type": "Inner","Startup Cost": 2.26,"Total Cost": 70727.78,"Plan Rows": 60250,"Plan Width": 124,"Actual Startup Time": 0.985,"Actual Total Time": 912.729,"Actual Rows": 49363,"Actual Loops": 3,"Inner Unique": false,"Workers": [],"Plans": [{"Node Type": "Nested Loop","Parent Relationship": "Outer","Parallel Aware": false,"Async Capable": false,"Join Type": "Inner","Startup Cost": 1.83,"Total Cost": 12400.01,"Plan Rows": 49000,"Plan Width": 108,"Actual Startup Time": 0.282,"Actual Total Time": 229.106,"Actual Rows": 40544,"Actual Loops": 3,"Inner Unique": false,"Workers": [],"Plans": [{"Node Type": "Hash Join","Parent Relationship": "Outer","Parallel Aware": false,"Async Capable": false,"Join Type": "Inner","Startup Cost": 1.40,"Total Cost": 4403.27,"Plan Rows": 4900,"Plan Width": 108,"Actual Startup Time": 0.182,"Actual Total Time": 46.222,"Actual Rows": 4026,"Actual Loops": 3,"Inner Unique": true,"Hash Cond": "(customer.c_nationkey = n2.n_nationkey)","Workers": [],"Plans": [{"Node Type": "Seq Scan","Parent Relationship": "Outer","Parallel Aware": true,"Async Capable": false,"Relation Name": "customer","Alias": "customer","Startup Cost": 0.00,"Total Cost": 4210.00,"Plan Rows": 62500,"Plan Width": 8,"Actual Startup Time": 0.014,"Actual Total Time": 9.640,"Actual Rows": 50000,"Actual Loops": 3,"Workers": []},{"Node Type": "Hash","Parent Relationship": "Inner","Parallel Aware": false,"Async Capable": false,"Startup Cost": 1.38,"Total Cost": 1.38,"Plan Rows": 2,"Plan Width": 108,"Actual Startup Time": 0.072,"Actual Total Time": 0.076,"Actual Rows": 2,"Actual Loops": 3,"Hash Buckets": 1024,"Original Hash Buckets": 1024,"Hash Batches": 1,"Original Hash Batches": 1,"Peak Memory Usage": 9,"Workers": [],"Plans": [{"Node Type": "Seq Scan","Parent Relationship": "Outer","Parallel Aware": false,"Async Capable": false,"Relation Name": "nation","Alias": "n2","Startup Cost": 0.00,"Total Cost": 1.38,"Plan Rows": 2,"Plan Width": 108,"Actual Startup Time": 0.043,"Actual Total Time": 0.052,"Actual Rows": 2,"Actual Loops": 3,"Filter": "((n_name = 'RUSSIA'::bpchar) OR (n_name = 'BRAZIL'::bpchar))","Rows Removed by Filter": 23,"Workers": []}]}]},{"Node Type": "Index Scan","Parent Relationship": "Inner","Parallel Aware": false,"Async Capable": false,"Scan Direction": "Forward","Index Name": "idx_orders_custkey","Relation Name": "orders","Alias": "orders","Startup Cost": 0.43,"Total Cost": 1.46,"Plan Rows": 17,"Plan Width": 8,"Actual Startup Time": 0.007,"Actual Total Time": 0.044,"Actual Rows": 10,"Actual Loops": 12077,"Index Cond": "(o_custkey = customer.c_custkey)","Rows Removed by Index Recheck": 0,"Workers": []}]},{"Node Type": "Index Scan","Parent Relationship": "Inner","Parallel Aware": false,"Async Capable": false,"Scan Direction": "Forward","Index Name": "idx_lineitem_orderkey","Relation Name": "lineitem","Alias": "lineitem","Startup Cost": 0.43,"Total Cost": 1.14,"Plan Rows": 5,"Plan Width": 24,"Actual Startup Time": 0.016,"Actual Total Time": 0.017,"Actual Rows": 1,"Actual Loops": 121632,"Index Cond": "(l_orderkey = orders.o_orderkey)","Rows Removed by Index Recheck": 0,"Filter": "((l_shipdate >= '1995-01-01'::date) AND (l_shipdate <= '1996-12-31'::date))","Rows Removed by Filter": 3,"Workers": []}]},{"Node Type": "Hash","Parent Relationship": "Inner","Parallel Aware": false,"Async Capable": false,"Startup Cost": 354.10,"Total Cost": 354.10,"Plan Rows": 784,"Plan Width": 108,"Actual Startup Time": 8.083,"Actual Total Time": 8.100,"Actual Rows": 798,"Actual Loops": 3,"Hash Buckets": 1024,"Original Hash Buckets": 1024,"Hash Batches": 1,"Original Hash Batches": 1,"Peak Memory Usage": 57,"Workers": [],"Plans": [{"Node Type": "Hash Join","Parent Relationship": "Outer","Parallel Aware": false,"Async Capable": false,"Join Type": "Inner","Startup Cost": 1.40,"Total Cost": 354.10,"Plan Rows": 784,"Plan Width": 108,"Actual Startup Time": 0.106,"Actual Total Time": 7.885,"Actual Rows": 798,"Actual Loops": 3,"Inner Unique": true,"Hash Cond": "(supplier.s_nationkey = n1.n_nationkey)","Workers": [],"Plans": [{"Node Type": "Seq Scan","Parent Relationship": "Outer","Parallel Aware": false,"Async Capable": false,"Relation Name": "supplier","Alias": "supplier","Startup Cost": 0.00,"Total Cost": 322.00,"Plan Rows": 10000,"Plan Width": 8,"Actual Startup Time": 0.039,"Actual Total Time": 4.214,"Actual Rows": 10000,"Actual Loops": 3,"Workers": []},{"Node Type": "Hash","Parent Relationship": "Inner","Parallel Aware": false,"Async Capable": false,"Startup Cost": 1.38,"Total Cost": 1.38,"Plan Rows": 2,"Plan Width": 108,"Actual Startup Time": 0.018,"Actual Total Time": 0.023,"Actual Rows": 2,"Actual Loops": 3,"Hash Buckets": 1024,"Original Hash Buckets": 1024,"Hash Batches": 1,"Original Hash Batches": 1,"Peak Memory Usage": 9,"Workers": [],"Plans": [{"Node Type": "Seq Scan","Parent Relationship": "Outer","Parallel Aware": false,"Async Capable": false,"Relation Name": "nation","Alias": "n1","Startup Cost": 0.00,"Total Cost": 1.38,"Plan Rows": 2,"Plan Width": 108,"Actual Startup Time": 0.005,"Actual Total Time": 0.013,"Actual Rows": 2,"Actual Loops": 3,"Filter": "((n_name = 'BRAZIL'::bpchar) OR (n_name = 'RUSSIA'::bpchar))","Rows Removed by Filter": 23,"Workers": []}]}]}]}]}]}]}]}]},"Planning Time": 9.540,"Triggers": [],"Execution Time": 998.898}]
[{"Plan": {"Node Type": "Aggregate","Strategy": "Sorted","Partial Mode": "Finalize","Parallel Aware": false,"Async Capable": false,"Startup Cost": 72556.41,"Total Cost": 73352.71,"Plan Rows": 5893,"Plan Width": 272,"Actual Startup Time": 913.023,"Actual Total Time": 956.231,"Actual Rows": 4,"Actual Loops": 1,"Group Key": ["n1.n_name", "n2.n_name", "(EXTRACT(year FROM lineitem.l_shipdate))"],"Plans": [{"Node Type": "Gather Merge","Parent Relationship": "Outer","Parallel Aware": false,"Async Capable": false,"Startup Cost": 72556.41,"Total Cost": 73202.94,"Plan Rows": 4910,"Plan Width": 272,"Actual Startup Time": 912.702,"Actual Total Time": 956.137,"Actual Rows": 12,"Actual Loops": 1,"Workers Planned": 2,"Workers Launched": 2,"Plans": [{"Node Type": "Aggregate","Strategy": "Sorted","Partial Mode": "Partial","Parent Relationship": "Outer","Parallel Aware": false,"Async Capable": false,"Startup Cost": 71556.39,"Total Cost": 71636.18,"Plan Rows": 2455,"Plan Width": 272,"Actual Startup Time": 905.077,"Actual Total Time": 905.755,"Actual Rows": 4,"Actual Loops": 3,"Group Key": ["n1.n_name", "n2.n_name", "(EXTRACT(year FROM lineitem.l_shipdate))"],"Workers": [],"Plans": [{"Node Type": "Sort","Parent Relationship": "Outer","Parallel Aware": false,"Async Capable": false,"Startup Cost": 71556.39,"Total Cost": 71562.53,"Plan Rows": 2455,"Plan Width": 252,"Actual Startup Time": 904.841,"Actual Total Time": 904.937,"Actual Rows": 1970,"Actual Loops": 3,"Sort Key": ["n1.n_name", "n2.n_name", "(EXTRACT(year FROM lineitem.l_shipdate))"],"Sort Method": "quicksort","Sort Space Used": 264,"Sort Space Type": "Memory","Workers": [{"Worker Number": 0,"Sort Method": "quicksort","Sort Space Used": 260,"Sort Space Type": "Memory"},{"Worker Number": 1,"Sort Method": "quicksort","Sort Space Used": 268,"Sort Space Type": "Memory"}],"Plans": [{"Node Type": "Hash Join","Parent Relationship": "Outer","Parallel Aware": false,"Async Capable": false,"Join Type": "Inner","Startup Cost": 366.16,"Total Cost": 71418.15,"Plan Rows": 2455,"Plan Width": 252,"Actual Startup Time": 9.631,"Actual Total Time": 902.986,"Actual Rows": 1970,"Actual Loops": 3,"Inner Unique": false,"Hash Cond": "(lineitem.l_suppkey = supplier.s_suppkey)","Join Filter": "(((n1.n_name = 'BRAZIL'::bpchar) AND (n2.n_name = 'SAUDI ARABIA'::bpchar)) OR ((n1.n_name = 'SAUDI ARABIA'::bpchar) AND (n2.n_name = 'BRAZIL'::bpchar)))","Rows Removed by Join Filter": 1944,"Workers": [],"Plans": [{"Node Type": "Nested Loop","Parent Relationship": "Outer","Parallel Aware": false,"Async Capable": false,"Join Type": "Inner","Startup Cost": 2.26,"Total Cost": 70727.78,"Plan Rows": 60250,"Plan Width": 124,"Actual Startup Time": 1.076,"Actual Total Time": 889.362,"Actual Rows": 48277,"Actual Loops": 3,"Inner Unique": false,"Workers": [],"Plans": [{"Node Type": "Nested Loop","Parent Relationship": "Outer","Parallel Aware": false,"Async Capable": false,"Join Type": "Inner","Startup Cost": 1.83,"Total Cost": 12400.01,"Plan Rows": 49000,"Plan Width": 108,"Actual Startup Time": 0.288,"Actual Total Time": 220.208,"Actual Rows": 39530,"Actual Loops": 3,"Inner Unique": false,"Workers": [],"Plans": [{"Node Type": "Hash Join","Parent Relationship": "Outer","Parallel Aware": false,"Async Capable": false,"Join Type": "Inner","Startup Cost": 1.40,"Total Cost": 4403.27,"Plan Rows": 4900,"Plan Width": 108,"Actual Startup Time": 0.179,"Actual Total Time": 43.590,"Actual Rows": 3968,"Actual Loops": 3,"Inner Unique": true,"Hash Cond": "(customer.c_nationkey = n2.n_nationkey)","Workers": [],"Plans": [{"Node Type": "Seq Scan","Parent Relationship": "Outer","Parallel Aware": true,"Async Capable": false,"Relation Name": "customer","Alias": "customer","Startup Cost": 0.00,"Total Cost": 4210.00,"Plan Rows": 62500,"Plan Width": 8,"Actual Startup Time": 0.014,"Actual Total Time": 8.976,"Actual Rows": 50000,"Actual Loops": 3,"Workers": []},{"Node Type": "Hash","Parent Relationship": "Inner","Parallel Aware": false,"Async Capable": false,"Startup Cost": 1.38,"Total Cost": 1.38,"Plan Rows": 2,"Plan Width": 108,"Actual Startup Time": 0.082,"Actual Total Time": 0.086,"Actual Rows": 2,"Actual Loops": 3,"Hash Buckets": 1024,"Original Hash Buckets": 1024,"Hash Batches": 1,"Original Hash Batches": 1,"Peak Memory Usage": 9,"Workers": [],"Plans": [{"Node Type": "Seq Scan","Parent Relationship": "Outer","Parallel Aware": false,"Async Capable": false,"Relation Name": "nation","Alias": "n2","Startup Cost": 0.00,"Total Cost": 1.38,"Plan Rows": 2,"Plan Width": 108,"Actual Startup Time": 0.058,"Actual Total Time": 0.066,"Actual Rows": 2,"Actual Loops": 3,"Filter": "((n_name = 'SAUDI ARABIA'::bpchar) OR (n_name = 'BRAZIL'::bpchar))","Rows Removed by Filter": 23,"Workers": []}]}]},{"Node Type": "Index Scan","Parent Relationship": "Inner","Parallel Aware": false,"Async Capable": false,"Scan Direction": "Forward","Index Name": "idx_orders_custkey","Relation Name": "orders","Alias": "orders","Startup Cost": 0.43,"Total Cost": 1.46,"Plan Rows": 17,"Plan Width": 8,"Actual Startup Time": 0.007,"Actual Total Time": 0.043,"Actual Rows": 10,"Actual Loops": 11903,"Index Cond": "(o_custkey = customer.c_custkey)","Rows Removed by Index Recheck": 0,"Workers": []}]},{"Node Type": "Index Scan","Parent Relationship": "Inner","Parallel Aware": false,"Async Capable": false,"Scan Direction": "Forward","Index Name": "idx_lineitem_orderkey","Relation Name": "lineitem","Alias": "lineitem","Startup Cost": 0.43,"Total Cost": 1.14,"Plan Rows": 5,"Plan Width": 24,"Actual Startup Time": 0.016,"Actual Total Time": 0.017,"Actual Rows": 1,"Actual Loops": 118590,"Index Cond": "(l_orderkey = orders.o_orderkey)","Rows Removed by Index Recheck": 0,"Filter": "((l_shipdate >= '1995-01-01'::date) AND (l_shipdate <= '1996-12-31'::date))","Rows Removed by Filter": 3,"Workers": []}]},{"Node Type": "Hash","Parent Relationship": "Inner","Parallel Aware": false,"Async Capable": false,"Startup Cost": 354.10,"Total Cost": 354.10,"Plan Rows": 784,"Plan Width": 108,"Actual Startup Time": 6.617,"Actual Total Time": 6.627,"Actual Rows": 808,"Actual Loops": 3,"Hash Buckets": 1024,"Original Hash Buckets": 1024,"Hash Batches": 1,"Original Hash Batches": 1,"Peak Memory Usage": 57,"Workers": [],"Plans": [{"Node Type": "Hash Join","Parent Relationship": "Outer","Parallel Aware": false,"Async Capable": false,"Join Type": "Inner","Startup Cost": 1.40,"Total Cost": 354.10,"Plan Rows": 784,"Plan Width": 108,"Actual Startup Time": 0.087,"Actual Total Time": 6.445,"Actual Rows": 808,"Actual Loops": 3,"Inner Unique": true,"Hash Cond": "(supplier.s_nationkey = n1.n_nationkey)","Workers": [],"Plans": [{"Node Type": "Seq Scan","Parent Relationship": "Outer","Parallel Aware": false,"Async Capable": false,"Relation Name": "supplier","Alias": "supplier","Startup Cost": 0.00,"Total Cost": 322.00,"Plan Rows": 10000,"Plan Width": 8,"Actual Startup Time": 0.029,"Actual Total Time": 3.233,"Actual Rows": 10000,"Actual Loops": 3,"Workers": []},{"Node Type": "Hash","Parent Relationship": "Inner","Parallel Aware": false,"Async Capable": false,"Startup Cost": 1.38,"Total Cost": 1.38,"Plan Rows": 2,"Plan Width": 108,"Actual Startup Time": 0.020,"Actual Total Time": 0.024,"Actual Rows": 2,"Actual Loops": 3,"Hash Buckets": 1024,"Original Hash Buckets": 1024,"Hash Batches": 1,"Original Hash Batches": 1,"Peak Memory Usage": 9,"Workers": [],"Plans": [{"Node Type": "Seq Scan","Parent Relationship": "Outer","Parallel Aware": false,"Async Capable": false,"Relation Name": "nation","Alias": "n1","Startup Cost": 0.00,"Total Cost": 1.38,"Plan Rows": 2,"Plan Width": 108,"Actual Startup Time": 0.006,"Actual Total Time": 0.012,"Actual Rows": 2,"Actual Loops": 3,"Filter": "((n_name = 'BRAZIL'::bpchar) OR (n_name = 'SAUDI ARABIA'::bpchar))","Rows Removed by Filter": 23,"Workers": []}]}]}]}]}]}]}]}]},"Planning Time": 8.381,"Triggers": [],"Execution Time": 956.773}]
[{"Plan": {"Node Type": "Aggregate","Strategy": "Sorted","Partial Mode": "Finalize","Parallel Aware": false,"Async Capable": false,"Startup Cost": 72556.41,"Total Cost": 73352.71,"Plan Rows": 5893,"Plan Width": 272,"Actual Startup Time": 921.841,"Actual Total Time": 966.683,"Actual Rows": 4,"Actual Loops": 1,"Group Key": ["n1.n_name", "n2.n_name", "(EXTRACT(year FROM lineitem.l_shipdate))"],"Plans": [{"Node Type": "Gather Merge","Parent Relationship": "Outer","Parallel Aware": false,"Async Capable": false,"Startup Cost": 72556.41,"Total Cost": 73202.94,"Plan Rows": 4910,"Plan Width": 272,"Actual Startup Time": 921.499,"Actual Total Time": 966.590,"Actual Rows": 12,"Actual Loops": 1,"Workers Planned": 2,"Workers Launched": 2,"Plans": [{"Node Type": "Aggregate","Strategy": "Sorted","Partial Mode": "Partial","Parent Relationship": "Outer","Parallel Aware": false,"Async Capable": false,"Startup Cost": 71556.39,"Total Cost": 71636.18,"Plan Rows": 2455,"Plan Width": 272,"Actual Startup Time": 913.401,"Actual Total Time": 914.143,"Actual Rows": 4,"Actual Loops": 3,"Group Key": ["n1.n_name", "n2.n_name", "(EXTRACT(year FROM lineitem.l_shipdate))"],"Workers": [],"Plans": [{"Node Type": "Sort","Parent Relationship": "Outer","Parallel Aware": false,"Async Capable": false,"Startup Cost": 71556.39,"Total Cost": 71562.53,"Plan Rows": 2455,"Plan Width": 252,"Actual Startup Time": 913.102,"Actual Total Time": 913.216,"Actual Rows": 2043,"Actual Loops": 3,"Sort Key": ["n1.n_name", "n2.n_name", "(EXTRACT(year FROM lineitem.l_shipdate))"],"Sort Method": "quicksort","Sort Space Used": 329,"Sort Space Type": "Memory","Workers": [{"Worker Number": 0,"Sort Method": "quicksort","Sort Space Used": 272,"Sort Space Type": "Memory"},{"Worker Number": 1,"Sort Method": "quicksort","Sort Space Used": 263,"Sort Space Type": "Memory"}],"Plans": [{"Node Type": "Hash Join","Parent Relationship": "Outer","Parallel Aware": false,"Async Capable": false,"Join Type": "Inner","Startup Cost": 366.16,"Total Cost": 71418.15,"Plan Rows": 2455,"Plan Width": 252,"Actual Startup Time": 12.204,"Actual Total Time": 911.063,"Actual Rows": 2043,"Actual Loops": 3,"Inner Unique": false,"Hash Cond": "(lineitem.l_suppkey = supplier.s_suppkey)","Join Filter": "(((n1.n_name = 'PERU'::bpchar) AND (n2.n_name = 'INDIA'::bpchar)) OR ((n1.n_name = 'INDIA'::bpchar) AND (n2.n_name = 'PERU'::bpchar)))","Rows Removed by Join Filter": 2039,"Workers": [],"Plans": [{"Node Type": "Nested Loop","Parent Relationship": "Outer","Parallel Aware": false,"Async Capable": false,"Join Type": "Inner","Startup Cost": 2.26,"Total Cost": 70727.78,"Plan Rows": 60250,"Plan Width": 124,"Actual Startup Time": 0.758,"Actual Total Time": 893.321,"Actual Rows": 48176,"Actual Loops": 3,"Inner Unique": false,"Workers": [],"Plans": [{"Node Type": "Nested Loop","Parent Relationship": "Outer","Parallel Aware": false,"Async Capable": false,"Join Type": "Inner","Startup Cost": 1.83,"Total Cost": 12400.01,"Plan Rows": 49000,"Plan Width": 108,"Actual Startup Time": 0.321,"Actual Total Time": 222.793,"Actual Rows": 39615,"Actual Loops": 3,"Inner Unique": false,"Workers": [],"Plans": [{"Node Type": "Hash Join","Parent Relationship": "Outer","Parallel Aware": false,"Async Capable": false,"Join Type": "Inner","Startup Cost": 1.40,"Total Cost": 4403.27,"Plan Rows": 4900,"Plan Width": 108,"Actual Startup Time": 0.202,"Actual Total Time": 45.375,"Actual Rows": 4006,"Actual Loops": 3,"Inner Unique": true,"Hash Cond": "(customer.c_nationkey = n2.n_nationkey)","Workers": [],"Plans": [{"Node Type": "Seq Scan","Parent Relationship": "Outer","Parallel Aware": true,"Async Capable": false,"Relation Name": "customer","Alias": "customer","Startup Cost": 0.00,"Total Cost": 4210.00,"Plan Rows": 62500,"Plan Width": 8,"Actual Startup Time": 0.016,"Actual Total Time": 9.208,"Actual Rows": 50000,"Actual Loops": 3,"Workers": []},{"Node Type": "Hash","Parent Relationship": "Inner","Parallel Aware": false,"Async Capable": false,"Startup Cost": 1.38,"Total Cost": 1.38,"Plan Rows": 2,"Plan Width": 108,"Actual Startup Time": 0.095,"Actual Total Time": 0.103,"Actual Rows": 2,"Actual Loops": 3,"Hash Buckets": 1024,"Original Hash Buckets": 1024,"Hash Batches": 1,"Original Hash Batches": 1,"Peak Memory Usage": 9,"Workers": [],"Plans": [{"Node Type": "Seq Scan","Parent Relationship": "Outer","Parallel Aware": false,"Async Capable": false,"Relation Name": "nation","Alias": "n2","Startup Cost": 0.00,"Total Cost": 1.38,"Plan Rows": 2,"Plan Width": 108,"Actual Startup Time": 0.075,"Actual Total Time": 0.083,"Actual Rows": 2,"Actual Loops": 3,"Filter": "((n_name = 'INDIA'::bpchar) OR (n_name = 'PERU'::bpchar))","Rows Removed by Filter": 23,"Workers": []}]}]},{"Node Type": "Index Scan","Parent Relationship": "Inner","Parallel Aware": false,"Async Capable": false,"Scan Direction": "Forward","Index Name": "idx_orders_custkey","Relation Name": "orders","Alias": "orders","Startup Cost": 0.43,"Total Cost": 1.46,"Plan Rows": 17,"Plan Width": 8,"Actual Startup Time": 0.007,"Actual Total Time": 0.043,"Actual Rows": 10,"Actual Loops": 12017,"Index Cond": "(o_custkey = customer.c_custkey)","Rows Removed by Index Recheck": 0,"Workers": []}]},{"Node Type": "Index Scan","Parent Relationship": "Inner","Parallel Aware": false,"Async Capable": false,"Scan Direction": "Forward","Index Name": "idx_lineitem_orderkey","Relation Name": "lineitem","Alias": "lineitem","Startup Cost": 0.43,"Total Cost": 1.14,"Plan Rows": 5,"Plan Width": 24,"Actual Startup Time": 0.016,"Actual Total Time": 0.017,"Actual Rows": 1,"Actual Loops": 118845,"Index Cond": "(l_orderkey = orders.o_orderkey)","Rows Removed by Index Recheck": 0,"Filter": "((l_shipdate >= '1995-01-01'::date) AND (l_shipdate <= '1996-12-31'::date))","Rows Removed by Filter": 3,"Workers": []}]},{"Node Type": "Hash","Parent Relationship": "Inner","Parallel Aware": false,"Async Capable": false,"Startup Cost": 354.10,"Total Cost": 354.10,"Plan Rows": 784,"Plan Width": 108,"Actual Startup Time": 10.674,"Actual Total Time": 10.689,"Actual Rows": 836,"Actual Loops": 3,"Hash Buckets": 1024,"Original Hash Buckets": 1024,"Hash Batches": 1,"Original Hash Batches": 1,"Peak Memory Usage": 59,"Workers": [],"Plans": [{"Node Type": "Hash Join","Parent Relationship": "Outer","Parallel Aware": false,"Async Capable": false,"Join Type": "Inner","Startup Cost": 1.40,"Total Cost": 354.10,"Plan Rows": 784,"Plan Width": 108,"Actual Startup Time": 0.078,"Actual Total Time": 10.485,"Actual Rows": 836,"Actual Loops": 3,"Inner Unique": true,"Hash Cond": "(supplier.s_nationkey = n1.n_nationkey)","Workers": [],"Plans": [{"Node Type": "Seq Scan","Parent Relationship": "Outer","Parallel Aware": false,"Async Capable": false,"Relation Name": "supplier","Alias": "supplier","Startup Cost": 0.00,"Total Cost": 322.00,"Plan Rows": 10000,"Plan Width": 8,"Actual Startup Time": 0.030,"Actual Total Time": 4.141,"Actual Rows": 10000,"Actual Loops": 3,"Workers": []},{"Node Type": "Hash","Parent Relationship": "Inner","Parallel Aware": false,"Async Capable": false,"Startup Cost": 1.38,"Total Cost": 1.38,"Plan Rows": 2,"Plan Width": 108,"Actual Startup Time": 0.018,"Actual Total Time": 0.025,"Actual Rows": 2,"Actual Loops": 3,"Hash Buckets": 1024,"Original Hash Buckets": 1024,"Hash Batches": 1,"Original Hash Batches": 1,"Peak Memory Usage": 9,"Workers": [],"Plans": [{"Node Type": "Seq Scan","Parent Relationship": "Outer","Parallel Aware": false,"Async Capable": false,"Relation Name": "nation","Alias": "n1","Startup Cost": 0.00,"Total Cost": 1.38,"Plan Rows": 2,"Plan Width": 108,"Actual Startup Time": 0.006,"Actual Total Time": 0.015,"Actual Rows": 2,"Actual Loops": 3,"Filter": "((n_name = 'PERU'::bpchar) OR (n_name = 'INDIA'::bpchar))","Rows Removed by Filter": 23,"Workers": []}]}]}]}]}]}]}]}]},"Planning Time": 8.741,"Triggers": [],"Execution Time": 967.159}]
[{"Plan": {"Node Type": "Aggregate","Strategy": "Sorted","Partial Mode": "Finalize","Parallel Aware": false,"Async Capable": false,"Startup Cost": 72556.41,"Total Cost": 73352.71,"Plan Rows": 5893,"Plan Width": 272,"Actual Startup Time": 928.019,"Actual Total Time": 973.158,"Actual Rows": 4,"Actual Loops": 1,"Group Key": ["n1.n_name", "n2.n_name", "(EXTRACT(year FROM lineitem.l_shipdate))"],"Plans": [{"Node Type": "Gather Merge","Parent Relationship": "Outer","Parallel Aware": false,"Async Capable": false,"Startup Cost": 72556.41,"Total Cost": 73202.94,"Plan Rows": 4910,"Plan Width": 272,"Actual Startup Time": 927.743,"Actual Total Time": 973.091,"Actual Rows": 12,"Actual Loops": 1,"Workers Planned": 2,"Workers Launched": 2,"Plans": [{"Node Type": "Aggregate","Strategy": "Sorted","Partial Mode": "Partial","Parent Relationship": "Outer","Parallel Aware": false,"Async Capable": false,"Startup Cost": 71556.39,"Total Cost": 71636.18,"Plan Rows": 2455,"Plan Width": 272,"Actual Startup Time": 919.599,"Actual Total Time": 920.264,"Actual Rows": 4,"Actual Loops": 3,"Group Key": ["n1.n_name", "n2.n_name", "(EXTRACT(year FROM lineitem.l_shipdate))"],"Workers": [],"Plans": [{"Node Type": "Sort","Parent Relationship": "Outer","Parallel Aware": false,"Async Capable": false,"Startup Cost": 71556.39,"Total Cost": 71562.53,"Plan Rows": 2455,"Plan Width": 252,"Actual Startup Time": 919.326,"Actual Total Time": 919.430,"Actual Rows": 1840,"Actual Loops": 3,"Sort Key": ["n1.n_name", "n2.n_name", "(EXTRACT(year FROM lineitem.l_shipdate))"],"Sort Method": "quicksort","Sort Space Used": 263,"Sort Space Type": "Memory","Workers": [{"Worker Number": 0,"Sort Method": "quicksort","Sort Space Used": 246,"Sort Space Type": "Memory"},{"Worker Number": 1,"Sort Method": "quicksort","Sort Space Used": 240,"Sort Space Type": "Memory"}],"Plans": [{"Node Type": "Hash Join","Parent Relationship": "Outer","Parallel Aware": false,"Async Capable": false,"Join Type": "Inner","Startup Cost": 366.16,"Total Cost": 71418.15,"Plan Rows": 2455,"Plan Width": 252,"Actual Startup Time": 12.262,"Actual Total Time": 917.671,"Actual Rows": 1840,"Actual Loops": 3,"Inner Unique": false,"Hash Cond": "(lineitem.l_suppkey = supplier.s_suppkey)","Join Filter": "(((n1.n_name = 'ROMANIA'::bpchar) AND (n2.n_name = 'MOROCCO'::bpchar)) OR ((n1.n_name = 'MOROCCO'::bpchar) AND (n2.n_name = 'ROMANIA'::bpchar)))","Rows Removed by Join Filter": 1896,"Workers": [],"Plans": [{"Node Type": "Nested Loop","Parent Relationship": "Outer","Parallel Aware": false,"Async Capable": false,"Join Type": "Inner","Startup Cost": 2.26,"Total Cost": 70727.78,"Plan Rows": 60250,"Plan Width": 124,"Actual Startup Time": 1.102,"Actual Total Time": 900.795,"Actual Rows": 49122,"Actual Loops": 3,"Inner Unique": false,"Workers": [],"Plans": [{"Node Type": "Nested Loop","Parent Relationship": "Outer","Parallel Aware": false,"Async Capable": false,"Join Type": "Inner","Startup Cost": 1.83,"Total Cost": 12400.01,"Plan Rows": 49000,"Plan Width": 108,"Actual Startup Time": 0.337,"Actual Total Time": 223.295,"Actual Rows": 40157,"Actual Loops": 3,"Inner Unique": false,"Workers": [],"Plans": [{"Node Type": "Hash Join","Parent Relationship": "Outer","Parallel Aware": false,"Async Capable": false,"Join Type": "Inner","Startup Cost": 1.40,"Total Cost": 4403.27,"Plan Rows": 4900,"Plan Width": 108,"Actual Startup Time": 0.206,"Actual Total Time": 45.146,"Actual Rows": 4007,"Actual Loops": 3,"Inner Unique": true,"Hash Cond": "(customer.c_nationkey = n2.n_nationkey)","Workers": [],"Plans": [{"Node Type": "Seq Scan","Parent Relationship": "Outer","Parallel Aware": true,"Async Capable": false,"Relation Name": "customer","Alias": "customer","Startup Cost": 0.00,"Total Cost": 4210.00,"Plan Rows": 62500,"Plan Width": 8,"Actual Startup Time": 0.022,"Actual Total Time": 9.118,"Actual Rows": 50000,"Actual Loops": 3,"Workers": []},{"Node Type": "Hash","Parent Relationship": "Inner","Parallel Aware": false,"Async Capable": false,"Startup Cost": 1.38,"Total Cost": 1.38,"Plan Rows": 2,"Plan Width": 108,"Actual Startup Time": 0.078,"Actual Total Time": 0.086,"Actual Rows": 2,"Actual Loops": 3,"Hash Buckets": 1024,"Original Hash Buckets": 1024,"Hash Batches": 1,"Original Hash Batches": 1,"Peak Memory Usage": 9,"Workers": [],"Plans": [{"Node Type": "Seq Scan","Parent Relationship": "Outer","Parallel Aware": false,"Async Capable": false,"Relation Name": "nation","Alias": "n2","Startup Cost": 0.00,"Total Cost": 1.38,"Plan Rows": 2,"Plan Width": 108,"Actual Startup Time": 0.058,"Actual Total Time": 0.064,"Actual Rows": 2,"Actual Loops": 3,"Filter": "((n_name = 'MOROCCO'::bpchar) OR (n_name = 'ROMANIA'::bpchar))","Rows Removed by Filter": 23,"Workers": []}]}]},{"Node Type": "Index Scan","Parent Relationship": "Inner","Parallel Aware": false,"Async Capable": false,"Scan Direction": "Forward","Index Name": "idx_orders_custkey","Relation Name": "orders","Alias": "orders","Startup Cost": 0.43,"Total Cost": 1.46,"Plan Rows": 17,"Plan Width": 8,"Actual Startup Time": 0.007,"Actual Total Time": 0.043,"Actual Rows": 10,"Actual Loops": 12021,"Index Cond": "(o_custkey = customer.c_custkey)","Rows Removed by Index Recheck": 0,"Workers": []}]},{"Node Type": "Index Scan","Parent Relationship": "Inner","Parallel Aware": false,"Async Capable": false,"Scan Direction": "Forward","Index Name": "idx_lineitem_orderkey","Relation Name": "lineitem","Alias": "lineitem","Startup Cost": 0.43,"Total Cost": 1.14,"Plan Rows": 5,"Plan Width": 24,"Actual Startup Time": 0.016,"Actual Total Time": 0.017,"Actual Rows": 1,"Actual Loops": 120471,"Index Cond": "(l_orderkey = orders.o_orderkey)","Rows Removed by Index Recheck": 0,"Filter": "((l_shipdate >= '1995-01-01'::date) AND (l_shipdate <= '1996-12-31'::date))","Rows Removed by Filter": 3,"Workers": []}]},{"Node Type": "Hash","Parent Relationship": "Inner","Parallel Aware": false,"Async Capable": false,"Startup Cost": 354.10,"Total Cost": 354.10,"Plan Rows": 784,"Plan Width": 108,"Actual Startup Time": 9.888,"Actual Total Time": 9.900,"Actual Rows": 771,"Actual Loops": 3,"Hash Buckets": 1024,"Original Hash Buckets": 1024,"Hash Batches": 1,"Original Hash Batches": 1,"Peak Memory Usage": 55,"Workers": [],"Plans": [{"Node Type": "Hash Join","Parent Relationship": "Outer","Parallel Aware": false,"Async Capable": false,"Join Type": "Inner","Startup Cost": 1.40,"Total Cost": 354.10,"Plan Rows": 784,"Plan Width": 108,"Actual Startup Time": 0.092,"Actual Total Time": 9.717,"Actual Rows": 771,"Actual Loops": 3,"Inner Unique": true,"Hash Cond": "(supplier.s_nationkey = n1.n_nationkey)","Workers": [],"Plans": [{"Node Type": "Seq Scan","Parent Relationship": "Outer","Parallel Aware": false,"Async Capable": false,"Relation Name": "supplier","Alias": "supplier","Startup Cost": 0.00,"Total Cost": 322.00,"Plan Rows": 10000,"Plan Width": 8,"Actual Startup Time": 0.034,"Actual Total Time": 3.954,"Actual Rows": 10000,"Actual Loops": 3,"Workers": []},{"Node Type": "Hash","Parent Relationship": "Inner","Parallel Aware": false,"Async Capable": false,"Startup Cost": 1.38,"Total Cost": 1.38,"Plan Rows": 2,"Plan Width": 108,"Actual Startup Time": 0.021,"Actual Total Time": 0.025,"Actual Rows": 2,"Actual Loops": 3,"Hash Buckets": 1024,"Original Hash Buckets": 1024,"Hash Batches": 1,"Original Hash Batches": 1,"Peak Memory Usage": 9,"Workers": [],"Plans": [{"Node Type": "Seq Scan","Parent Relationship": "Outer","Parallel Aware": false,"Async Capable": false,"Relation Name": "nation","Alias": "n1","Startup Cost": 0.00,"Total Cost": 1.38,"Plan Rows": 2,"Plan Width": 108,"Actual Startup Time": 0.011,"Actual Total Time": 0.016,"Actual Rows": 2,"Actual Loops": 3,"Filter": "((n_name = 'ROMANIA'::bpchar) OR (n_name = 'MOROCCO'::bpchar))","Rows Removed by Filter": 23,"Workers": []}]}]}]}]}]}]}]}]},"Planning Time": 8.263,"Triggers": [],"Execution Time": 973.591}]
[{"Plan": {"Node Type": "Aggregate","Strategy": "Sorted","Partial Mode": "Finalize","Parallel Aware": false,"Async Capable": false,"Startup Cost": 72556.41,"Total Cost": 73352.71,"Plan Rows": 5893,"Plan Width": 272,"Actual Startup Time": 929.838,"Actual Total Time": 980.237,"Actual Rows": 4,"Actual Loops": 1,"Group Key": ["n1.n_name", "n2.n_name", "(EXTRACT(year FROM lineitem.l_shipdate))"],"Plans": [{"Node Type": "Gather Merge","Parent Relationship": "Outer","Parallel Aware": false,"Async Capable": false,"Startup Cost": 72556.41,"Total Cost": 73202.94,"Plan Rows": 4910,"Plan Width": 272,"Actual Startup Time": 929.353,"Actual Total Time": 980.170,"Actual Rows": 12,"Actual Loops": 1,"Workers Planned": 2,"Workers Launched": 2,"Plans": [{"Node Type": "Aggregate","Strategy": "Sorted","Partial Mode": "Partial","Parent Relationship": "Outer","Parallel Aware": false,"Async Capable": false,"Startup Cost": 71556.39,"Total Cost": 71636.18,"Plan Rows": 2455,"Plan Width": 272,"Actual Startup Time": 920.722,"Actual Total Time": 921.487,"Actual Rows": 4,"Actual Loops": 3,"Group Key": ["n1.n_name", "n2.n_name", "(EXTRACT(year FROM lineitem.l_shipdate))"],"Workers": [],"Plans": [{"Node Type": "Sort","Parent Relationship": "Outer","Parallel Aware": false,"Async Capable": false,"Startup Cost": 71556.39,"Total Cost": 71562.53,"Plan Rows": 2455,"Plan Width": 252,"Actual Startup Time": 920.458,"Actual Total Time": 920.582,"Actual Rows": 1990,"Actual Loops": 3,"Sort Key": ["n1.n_name", "n2.n_name", "(EXTRACT(year FROM lineitem.l_shipdate))"],"Sort Method": "quicksort","Sort Space Used": 322,"Sort Space Type": "Memory","Workers": [{"Worker Number": 0,"Sort Method": "quicksort","Sort Space Used": 264,"Sort Space Type": "Memory"},{"Worker Number": 1,"Sort Method": "quicksort","Sort Space Used": 260,"Sort Space Type": "Memory"}],"Plans": [{"Node Type": "Hash Join","Parent Relationship": "Outer","Parallel Aware": false,"Async Capable": false,"Join Type": "Inner","Startup Cost": 366.16,"Total Cost": 71418.15,"Plan Rows": 2455,"Plan Width": 252,"Actual Startup Time": 9.647,"Actual Total Time": 918.615,"Actual Rows": 1990,"Actual Loops": 3,"Inner Unique": false,"Hash Cond": "(lineitem.l_suppkey = supplier.s_suppkey)","Join Filter": "(((n1.n_name = 'EGYPT'::bpchar) AND (n2.n_name = 'UNITED STATES'::bpchar)) OR ((n1.n_name = 'UNITED STATES'::bpchar) AND (n2.n_name = 'EGYPT'::bpchar)))","Rows Removed by Join Filter": 1975,"Workers": [],"Plans": [{"Node Type": "Nested Loop","Parent Relationship": "Outer","Parallel Aware": false,"Async Capable": false,"Join Type": "Inner","Startup Cost": 2.26,"Total Cost": 70727.78,"Plan Rows": 60250,"Plan Width": 124,"Actual Startup Time": 0.760,"Actual Total Time": 903.514,"Actual Rows": 48457,"Actual Loops": 3,"Inner Unique": false,"Workers": [],"Plans": [{"Node Type": "Nested Loop","Parent Relationship": "Outer","Parallel Aware": false,"Async Capable": false,"Join Type": "Inner","Startup Cost": 1.83,"Total Cost": 12400.01,"Plan Rows": 49000,"Plan Width": 108,"Actual Startup Time": 0.265,"Actual Total Time": 229.050,"Actual Rows": 39677,"Actual Loops": 3,"Inner Unique": false,"Workers": [],"Plans": [{"Node Type": "Hash Join","Parent Relationship": "Outer","Parallel Aware": false,"Async Capable": false,"Join Type": "Inner","Startup Cost": 1.40,"Total Cost": 4403.27,"Plan Rows": 4900,"Plan Width": 108,"Actual Startup Time": 0.159,"Actual Total Time": 49.360,"Actual Rows": 3993,"Actual Loops": 3,"Inner Unique": true,"Hash Cond": "(customer.c_nationkey = n2.n_nationkey)","Workers": [],"Plans": [{"Node Type": "Seq Scan","Parent Relationship": "Outer","Parallel Aware": true,"Async Capable": false,"Relation Name": "customer","Alias": "customer","Startup Cost": 0.00,"Total Cost": 4210.00,"Plan Rows": 62500,"Plan Width": 8,"Actual Startup Time": 0.009,"Actual Total Time": 9.747,"Actual Rows": 50000,"Actual Loops": 3,"Workers": []},{"Node Type": "Hash","Parent Relationship": "Inner","Parallel Aware": false,"Async Capable": false,"Startup Cost": 1.38,"Total Cost": 1.38,"Plan Rows": 2,"Plan Width": 108,"Actual Startup Time": 0.067,"Actual Total Time": 0.073,"Actual Rows": 2,"Actual Loops": 3,"Hash Buckets": 1024,"Original Hash Buckets": 1024,"Hash Batches": 1,"Original Hash Batches": 1,"Peak Memory Usage": 9,"Workers": [],"Plans": [{"Node Type": "Seq Scan","Parent Relationship": "Outer","Parallel Aware": false,"Async Capable": false,"Relation Name": "nation","Alias": "n2","Startup Cost": 0.00,"Total Cost": 1.38,"Plan Rows": 2,"Plan Width": 108,"Actual Startup Time": 0.048,"Actual Total Time": 0.054,"Actual Rows": 2,"Actual Loops": 3,"Filter": "((n_name = 'UNITED STATES'::bpchar) OR (n_name = 'EGYPT'::bpchar))","Rows Removed by Filter": 23,"Workers": []}]}]},{"Node Type": "Index Scan","Parent Relationship": "Inner","Parallel Aware": false,"Async Capable": false,"Scan Direction": "Forward","Index Name": "idx_orders_custkey","Relation Name": "orders","Alias": "orders","Startup Cost": 0.43,"Total Cost": 1.46,"Plan Rows": 17,"Plan Width": 8,"Actual Startup Time": 0.007,"Actual Total Time": 0.044,"Actual Rows": 10,"Actual Loops": 11978,"Index Cond": "(o_custkey = customer.c_custkey)","Rows Removed by Index Recheck": 0,"Workers": []}]},{"Node Type": "Index Scan","Parent Relationship": "Inner","Parallel Aware": false,"Async Capable": false,"Scan Direction": "Forward","Index Name": "idx_lineitem_orderkey","Relation Name": "lineitem","Alias": "lineitem","Startup Cost": 0.43,"Total Cost": 1.14,"Plan Rows": 5,"Plan Width": 24,"Actual Startup Time": 0.016,"Actual Total Time": 0.017,"Actual Rows": 1,"Actual Loops": 119032,"Index Cond": "(l_orderkey = orders.o_orderkey)","Rows Removed by Index Recheck": 0,"Filter": "((l_shipdate >= '1995-01-01'::date) AND (l_shipdate <= '1996-12-31'::date))","Rows Removed by Filter": 3,"Workers": []}]},{"Node Type": "Hash","Parent Relationship": "Inner","Parallel Aware": false,"Async Capable": false,"Startup Cost": 354.10,"Total Cost": 354.10,"Plan Rows": 784,"Plan Width": 108,"Actual Startup Time": 8.135,"Actual Total Time": 8.152,"Actual Rows": 808,"Actual Loops": 3,"Hash Buckets": 1024,"Original Hash Buckets": 1024,"Hash Batches": 1,"Original Hash Batches": 1,"Peak Memory Usage": 57,"Workers": [],"Plans": [{"Node Type": "Hash Join","Parent Relationship": "Outer","Parallel Aware": false,"Async Capable": false,"Join Type": "Inner","Startup Cost": 1.40,"Total Cost": 354.10,"Plan Rows": 784,"Plan Width": 108,"Actual Startup Time": 0.082,"Actual Total Time": 7.948,"Actual Rows": 808,"Actual Loops": 3,"Inner Unique": true,"Hash Cond": "(supplier.s_nationkey = n1.n_nationkey)","Workers": [],"Plans": [{"Node Type": "Seq Scan","Parent Relationship": "Outer","Parallel Aware": false,"Async Capable": false,"Relation Name": "supplier","Alias": "supplier","Startup Cost": 0.00,"Total Cost": 322.00,"Plan Rows": 10000,"Plan Width": 8,"Actual Startup Time": 0.030,"Actual Total Time": 3.983,"Actual Rows": 10000,"Actual Loops": 3,"Workers": []},{"Node Type": "Hash","Parent Relationship": "Inner","Parallel Aware": false,"Async Capable": false,"Startup Cost": 1.38,"Total Cost": 1.38,"Plan Rows": 2,"Plan Width": 108,"Actual Startup Time": 0.013,"Actual Total Time": 0.018,"Actual Rows": 2,"Actual Loops": 3,"Hash Buckets": 1024,"Original Hash Buckets": 1024,"Hash Batches": 1,"Original Hash Batches": 1,"Peak Memory Usage": 9,"Workers": [],"Plans": [{"Node Type": "Seq Scan","Parent Relationship": "Outer","Parallel Aware": false,"Async Capable": false,"Relation Name": "nation","Alias": "n1","Startup Cost": 0.00,"Total Cost": 1.38,"Plan Rows": 2,"Plan Width": 108,"Actual Startup Time": 0.004,"Actual Total Time": 0.010,"Actual Rows": 2,"Actual Loops": 3,"Filter": "((n_name = 'EGYPT'::bpchar) OR (n_name = 'UNITED STATES'::bpchar))","Rows Removed by Filter": 23,"Workers": []}]}]}]}]}]}]}]}]},"Planning Time": 9.466,"Triggers": [],"Execution Time": 980.669}]
[{"Plan": {"Node Type": "Aggregate","Strategy": "Sorted","Partial Mode": "Finalize","Parallel Aware": false,"Async Capable": false,"Startup Cost": 72556.41,"Total Cost": 73352.71,"Plan Rows": 5893,"Plan Width": 272,"Actual Startup Time": 943.288,"Actual Total Time": 1001.168,"Actual Rows": 4,"Actual Loops": 1,"Group Key": ["n1.n_name", "n2.n_name", "(EXTRACT(year FROM lineitem.l_shipdate))"],"Plans": [{"Node Type": "Gather Merge","Parent Relationship": "Outer","Parallel Aware": false,"Async Capable": false,"Startup Cost": 72556.41,"Total Cost": 73202.94,"Plan Rows": 4910,"Plan Width": 272,"Actual Startup Time": 943.018,"Actual Total Time": 1001.113,"Actual Rows": 12,"Actual Loops": 1,"Workers Planned": 2,"Workers Launched": 2,"Plans": [{"Node Type": "Aggregate","Strategy": "Sorted","Partial Mode": "Partial","Parent Relationship": "Outer","Parallel Aware": false,"Async Capable": false,"Startup Cost": 71556.39,"Total Cost": 71636.18,"Plan Rows": 2455,"Plan Width": 272,"Actual Startup Time": 935.402,"Actual Total Time": 936.100,"Actual Rows": 4,"Actual Loops": 3,"Group Key": ["n1.n_name", "n2.n_name", "(EXTRACT(year FROM lineitem.l_shipdate))"],"Workers": [],"Plans": [{"Node Type": "Sort","Parent Relationship": "Outer","Parallel Aware": false,"Async Capable": false,"Startup Cost": 71556.39,"Total Cost": 71562.53,"Plan Rows": 2455,"Plan Width": 252,"Actual Startup Time": 935.153,"Actual Total Time": 935.259,"Actual Rows": 1852,"Actual Loops": 3,"Sort Key": ["n1.n_name", "n2.n_name", "(EXTRACT(year FROM lineitem.l_shipdate))"],"Sort Method": "quicksort","Sort Space Used": 261,"Sort Space Type": "Memory","Workers": [{"Worker Number": 0,"Sort Method": "quicksort","Sort Space Used": 247,"Sort Space Type": "Memory"},{"Worker Number": 1,"Sort Method": "quicksort","Sort Space Used": 245,"Sort Space Type": "Memory"}],"Plans": [{"Node Type": "Hash Join","Parent Relationship": "Outer","Parallel Aware": false,"Async Capable": false,"Join Type": "Inner","Startup Cost": 366.16,"Total Cost": 71418.15,"Plan Rows": 2455,"Plan Width": 252,"Actual Startup Time": 10.572,"Actual Total Time": 933.350,"Actual Rows": 1852,"Actual Loops": 3,"Inner Unique": false,"Hash Cond": "(lineitem.l_suppkey = supplier.s_suppkey)","Join Filter": "(((n1.n_name = 'JORDAN'::bpchar) AND (n2.n_name = 'RUSSIA'::bpchar)) OR ((n1.n_name = 'RUSSIA'::bpchar) AND (n2.n_name = 'JORDAN'::bpchar)))","Rows Removed by Join Filter": 1918,"Workers": [],"Plans": [{"Node Type": "Nested Loop","Parent Relationship": "Outer","Parallel Aware": false,"Async Capable": false,"Join Type": "Inner","Startup Cost": 2.26,"Total Cost": 70727.78,"Plan Rows": 60250,"Plan Width": 124,"Actual Startup Time": 0.566,"Actual Total Time": 917.879,"Actual Rows": 49694,"Actual Loops": 3,"Inner Unique": false,"Workers": [],"Plans": [{"Node Type": "Nested Loop","Parent Relationship": "Outer","Parallel Aware": false,"Async Capable": false,"Join Type": "Inner","Startup Cost": 1.83,"Total Cost": 12400.01,"Plan Rows": 49000,"Plan Width": 108,"Actual Startup Time": 0.378,"Actual Total Time": 229.764,"Actual Rows": 40744,"Actual Loops": 3,"Inner Unique": false,"Workers": [],"Plans": [{"Node Type": "Hash Join","Parent Relationship": "Outer","Parallel Aware": false,"Async Capable": false,"Join Type": "Inner","Startup Cost": 1.40,"Total Cost": 4403.27,"Plan Rows": 4900,"Plan Width": 108,"Actual Startup Time": 0.220,"Actual Total Time": 46.627,"Actual Rows": 4037,"Actual Loops": 3,"Inner Unique": true,"Hash Cond": "(customer.c_nationkey = n2.n_nationkey)","Workers": [],"Plans": [{"Node Type": "Seq Scan","Parent Relationship": "Outer","Parallel Aware": true,"Async Capable": false,"Relation Name": "customer","Alias": "customer","Startup Cost": 0.00,"Total Cost": 4210.00,"Plan Rows": 62500,"Plan Width": 8,"Actual Startup Time": 0.015,"Actual Total Time": 9.614,"Actual Rows": 50000,"Actual Loops": 3,"Workers": []},{"Node Type": "Hash","Parent Relationship": "Inner","Parallel Aware": false,"Async Capable": false,"Startup Cost": 1.38,"Total Cost": 1.38,"Plan Rows": 2,"Plan Width": 108,"Actual Startup Time": 0.103,"Actual Total Time": 0.109,"Actual Rows": 2,"Actual Loops": 3,"Hash Buckets": 1024,"Original Hash Buckets": 1024,"Hash Batches": 1,"Original Hash Batches": 1,"Peak Memory Usage": 9,"Workers": [],"Plans": [{"Node Type": "Seq Scan","Parent Relationship": "Outer","Parallel Aware": false,"Async Capable": false,"Relation Name": "nation","Alias": "n2","Startup Cost": 0.00,"Total Cost": 1.38,"Plan Rows": 2,"Plan Width": 108,"Actual Startup Time": 0.083,"Actual Total Time": 0.089,"Actual Rows": 2,"Actual Loops": 3,"Filter": "((n_name = 'RUSSIA'::bpchar) OR (n_name = 'JORDAN'::bpchar))","Rows Removed by Filter": 23,"Workers": []}]}]},{"Node Type": "Index Scan","Parent Relationship": "Inner","Parallel Aware": false,"Async Capable": false,"Scan Direction": "Forward","Index Name": "idx_orders_custkey","Relation Name": "orders","Alias": "orders","Startup Cost": 0.43,"Total Cost": 1.46,"Plan Rows": 17,"Plan Width": 8,"Actual Startup Time": 0.007,"Actual Total Time": 0.044,"Actual Rows": 10,"Actual Loops": 12111,"Index Cond": "(o_custkey = customer.c_custkey)","Rows Removed by Index Recheck": 0,"Workers": []}]},{"Node Type": "Index Scan","Parent Relationship": "Inner","Parallel Aware": false,"Async Capable": false,"Scan Direction": "Forward","Index Name": "idx_lineitem_orderkey","Relation Name": "lineitem","Alias": "lineitem","Startup Cost": 0.43,"Total Cost": 1.14,"Plan Rows": 5,"Plan Width": 24,"Actual Startup Time": 0.016,"Actual Total Time": 0.017,"Actual Rows": 1,"Actual Loops": 122231,"Index Cond": "(l_orderkey = orders.o_orderkey)","Rows Removed by Index Recheck": 0,"Filter": "((l_shipdate >= '1995-01-01'::date) AND (l_shipdate <= '1996-12-31'::date))","Rows Removed by Filter": 3,"Workers": []}]},{"Node Type": "Hash","Parent Relationship": "Inner","Parallel Aware": false,"Async Capable": false,"Startup Cost": 354.10,"Total Cost": 354.10,"Plan Rows": 784,"Plan Width": 108,"Actual Startup Time": 7.982,"Actual Total Time": 7.998,"Actual Rows": 763,"Actual Loops": 3,"Hash Buckets": 1024,"Original Hash Buckets": 1024,"Hash Batches": 1,"Original Hash Batches": 1,"Peak Memory Usage": 55,"Workers": [],"Plans": [{"Node Type": "Hash Join","Parent Relationship": "Outer","Parallel Aware": false,"Async Capable": false,"Join Type": "Inner","Startup Cost": 1.40,"Total Cost": 354.10,"Plan Rows": 784,"Plan Width": 108,"Actual Startup Time": 0.092,"Actual Total Time": 7.805,"Actual Rows": 763,"Actual Loops": 3,"Inner Unique": true,"Hash Cond": "(supplier.s_nationkey = n1.n_nationkey)","Workers": [],"Plans": [{"Node Type": "Seq Scan","Parent Relationship": "Outer","Parallel Aware": false,"Async Capable": false,"Relation Name": "supplier","Alias": "supplier","Startup Cost": 0.00,"Total Cost": 322.00,"Plan Rows": 10000,"Plan Width": 8,"Actual Startup Time": 0.036,"Actual Total Time": 4.289,"Actual Rows": 10000,"Actual Loops": 3,"Workers": []},{"Node Type": "Hash","Parent Relationship": "Inner","Parallel Aware": false,"Async Capable": false,"Startup Cost": 1.38,"Total Cost": 1.38,"Plan Rows": 2,"Plan Width": 108,"Actual Startup Time": 0.020,"Actual Total Time": 0.025,"Actual Rows": 2,"Actual Loops": 3,"Hash Buckets": 1024,"Original Hash Buckets": 1024,"Hash Batches": 1,"Original Hash Batches": 1,"Peak Memory Usage": 9,"Workers": [],"Plans": [{"Node Type": "Seq Scan","Parent Relationship": "Outer","Parallel Aware": false,"Async Capable": false,"Relation Name": "nation","Alias": "n1","Startup Cost": 0.00,"Total Cost": 1.38,"Plan Rows": 2,"Plan Width": 108,"Actual Startup Time": 0.010,"Actual Total Time": 0.015,"Actual Rows": 2,"Actual Loops": 3,"Filter": "((n_name = 'JORDAN'::bpchar) OR (n_name = 'RUSSIA'::bpchar))","Rows Removed by Filter": 23,"Workers": []}]}]}]}]}]}]}]}]},"Planning Time": 9.463,"Triggers": [],"Execution Time": 1001.606}]
[{"Plan": {"Node Type": "Aggregate","Strategy": "Sorted","Partial Mode": "Finalize","Parallel Aware": false,"Async Capable": false,"Startup Cost": 72556.41,"Total Cost": 73352.71,"Plan Rows": 5893,"Plan Width": 272,"Actual Startup Time": 930.994,"Actual Total Time": 976.715,"Actual Rows": 4,"Actual Loops": 1,"Group Key": ["n1.n_name", "n2.n_name", "(EXTRACT(year FROM lineitem.l_shipdate))"],"Plans": [{"Node Type": "Gather Merge","Parent Relationship": "Outer","Parallel Aware": false,"Async Capable": false,"Startup Cost": 72556.41,"Total Cost": 73202.94,"Plan Rows": 4910,"Plan Width": 272,"Actual Startup Time": 930.647,"Actual Total Time": 976.600,"Actual Rows": 12,"Actual Loops": 1,"Workers Planned": 2,"Workers Launched": 2,"Plans": [{"Node Type": "Aggregate","Strategy": "Sorted","Partial Mode": "Partial","Parent Relationship": "Outer","Parallel Aware": false,"Async Capable": false,"Startup Cost": 71556.39,"Total Cost": 71636.18,"Plan Rows": 2455,"Plan Width": 272,"Actual Startup Time": 923.020,"Actual Total Time": 923.688,"Actual Rows": 4,"Actual Loops": 3,"Group Key": ["n1.n_name", "n2.n_name", "(EXTRACT(year FROM lineitem.l_shipdate))"],"Workers": [],"Plans": [{"Node Type": "Sort","Parent Relationship": "Outer","Parallel Aware": false,"Async Capable": false,"Startup Cost": 71556.39,"Total Cost": 71562.53,"Plan Rows": 2455,"Plan Width": 252,"Actual Startup Time": 922.758,"Actual Total Time": 922.868,"Actual Rows": 1929,"Actual Loops": 3,"Sort Key": ["n1.n_name", "n2.n_name", "(EXTRACT(year FROM lineitem.l_shipdate))"],"Sort Method": "quicksort","Sort Space Used": 264,"Sort Space Type": "Memory","Workers": [{"Worker Number": 0,"Sort Method": "quicksort","Sort Space Used": 256,"Sort Space Type": "Memory"},{"Worker Number": 1,"Sort Method": "quicksort","Sort Space Used": 258,"Sort Space Type": "Memory"}],"Plans": [{"Node Type": "Hash Join","Parent Relationship": "Outer","Parallel Aware": false,"Async Capable": false,"Join Type": "Inner","Startup Cost": 366.16,"Total Cost": 71418.15,"Plan Rows": 2455,"Plan Width": 252,"Actual Startup Time": 11.694,"Actual Total Time": 921.005,"Actual Rows": 1929,"Actual Loops": 3,"Inner Unique": false,"Hash Cond": "(lineitem.l_suppkey = supplier.s_suppkey)","Join Filter": "(((n1.n_name = 'JAPAN'::bpchar) AND (n2.n_name = 'INDONESIA'::bpchar)) OR ((n1.n_name = 'INDONESIA'::bpchar) AND (n2.n_name = 'JAPAN'::bpchar)))","Rows Removed by Join Filter": 1925,"Workers": [],"Plans": [{"Node Type": "Nested Loop","Parent Relationship": "Outer","Parallel Aware": false,"Async Capable": false,"Join Type": "Inner","Startup Cost": 2.26,"Total Cost": 70727.78,"Plan Rows": 60250,"Plan Width": 124,"Actual Startup Time": 0.496,"Actual Total Time": 904.172,"Actual Rows": 49230,"Actual Loops": 3,"Inner Unique": false,"Workers": [],"Plans": [{"Node Type": "Nested Loop","Parent Relationship": "Outer","Parallel Aware": false,"Async Capable": false,"Join Type": "Inner","Startup Cost": 1.83,"Total Cost": 12400.01,"Plan Rows": 49000,"Plan Width": 108,"Actual Startup Time": 0.277,"Actual Total Time": 226.501,"Actual Rows": 40261,"Actual Loops": 3,"Inner Unique": false,"Workers": [],"Plans": [{"Node Type": "Hash Join","Parent Relationship": "Outer","Parallel Aware": false,"Async Capable": false,"Join Type": "Inner","Startup Cost": 1.40,"Total Cost": 4403.27,"Plan Rows": 4900,"Plan Width": 108,"Actual Startup Time": 0.181,"Actual Total Time": 46.841,"Actual Rows": 4036,"Actual Loops": 3,"Inner Unique": true,"Hash Cond": "(customer.c_nationkey = n2.n_nationkey)","Workers": [],"Plans": [{"Node Type": "Seq Scan","Parent Relationship": "Outer","Parallel Aware": true,"Async Capable": false,"Relation Name": "customer","Alias": "customer","Startup Cost": 0.00,"Total Cost": 4210.00,"Plan Rows": 62500,"Plan Width": 8,"Actual Startup Time": 0.019,"Actual Total Time": 9.527,"Actual Rows": 50000,"Actual Loops": 3,"Workers": []},{"Node Type": "Hash","Parent Relationship": "Inner","Parallel Aware": false,"Async Capable": false,"Startup Cost": 1.38,"Total Cost": 1.38,"Plan Rows": 2,"Plan Width": 108,"Actual Startup Time": 0.072,"Actual Total Time": 0.078,"Actual Rows": 2,"Actual Loops": 3,"Hash Buckets": 1024,"Original Hash Buckets": 1024,"Hash Batches": 1,"Original Hash Batches": 1,"Peak Memory Usage": 9,"Workers": [],"Plans": [{"Node Type": "Seq Scan","Parent Relationship": "Outer","Parallel Aware": false,"Async Capable": false,"Relation Name": "nation","Alias": "n2","Startup Cost": 0.00,"Total Cost": 1.38,"Plan Rows": 2,"Plan Width": 108,"Actual Startup Time": 0.054,"Actual Total Time": 0.060,"Actual Rows": 2,"Actual Loops": 3,"Filter": "((n_name = 'INDONESIA'::bpchar) OR (n_name = 'JAPAN'::bpchar))","Rows Removed by Filter": 23,"Workers": []}]}]},{"Node Type": "Index Scan","Parent Relationship": "Inner","Parallel Aware": false,"Async Capable": false,"Scan Direction": "Forward","Index Name": "idx_orders_custkey","Relation Name": "orders","Alias": "orders","Startup Cost": 0.43,"Total Cost": 1.46,"Plan Rows": 17,"Plan Width": 8,"Actual Startup Time": 0.007,"Actual Total Time": 0.043,"Actual Rows": 10,"Actual Loops": 12109,"Index Cond": "(o_custkey = customer.c_custkey)","Rows Removed by Index Recheck": 0,"Workers": []}]},{"Node Type": "Index Scan","Parent Relationship": "Inner","Parallel Aware": false,"Async Capable": false,"Scan Direction": "Forward","Index Name": "idx_lineitem_orderkey","Relation Name": "lineitem","Alias": "lineitem","Startup Cost": 0.43,"Total Cost": 1.14,"Plan Rows": 5,"Plan Width": 24,"Actual Startup Time": 0.016,"Actual Total Time": 0.017,"Actual Rows": 1,"Actual Loops": 120782,"Index Cond": "(l_orderkey = orders.o_orderkey)","Rows Removed by Index Recheck": 0,"Filter": "((l_shipdate >= '1995-01-01'::date) AND (l_shipdate <= '1996-12-31'::date))","Rows Removed by Filter": 3,"Workers": []}]},{"Node Type": "Hash","Parent Relationship": "Inner","Parallel Aware": false,"Async Capable": false,"Startup Cost": 354.10,"Total Cost": 354.10,"Plan Rows": 784,"Plan Width": 108,"Actual Startup Time": 9.411,"Actual Total Time": 9.427,"Actual Rows": 782,"Actual Loops": 3,"Hash Buckets": 1024,"Original Hash Buckets": 1024,"Hash Batches": 1,"Original Hash Batches": 1,"Peak Memory Usage": 56,"Workers": [],"Plans": [{"Node Type": "Hash Join","Parent Relationship": "Outer","Parallel Aware": false,"Async Capable": false,"Join Type": "Inner","Startup Cost": 1.40,"Total Cost": 354.10,"Plan Rows": 784,"Plan Width": 108,"Actual Startup Time": 0.080,"Actual Total Time": 9.233,"Actual Rows": 782,"Actual Loops": 3,"Inner Unique": true,"Hash Cond": "(supplier.s_nationkey = n1.n_nationkey)","Workers": [],"Plans": [{"Node Type": "Seq Scan","Parent Relationship": "Outer","Parallel Aware": false,"Async Capable": false,"Relation Name": "supplier","Alias": "supplier","Startup Cost": 0.00,"Total Cost": 322.00,"Plan Rows": 10000,"Plan Width": 8,"Actual Startup Time": 0.027,"Actual Total Time": 4.073,"Actual Rows": 10000,"Actual Loops": 3,"Workers": []},{"Node Type": "Hash","Parent Relationship": "Inner","Parallel Aware": false,"Async Capable": false,"Startup Cost": 1.38,"Total Cost": 1.38,"Plan Rows": 2,"Plan Width": 108,"Actual Startup Time": 0.015,"Actual Total Time": 0.022,"Actual Rows": 2,"Actual Loops": 3,"Hash Buckets": 1024,"Original Hash Buckets": 1024,"Hash Batches": 1,"Original Hash Batches": 1,"Peak Memory Usage": 9,"Workers": [],"Plans": [{"Node Type": "Seq Scan","Parent Relationship": "Outer","Parallel Aware": false,"Async Capable": false,"Relation Name": "nation","Alias": "n1","Startup Cost": 0.00,"Total Cost": 1.38,"Plan Rows": 2,"Plan Width": 108,"Actual Startup Time": 0.006,"Actual Total Time": 0.010,"Actual Rows": 2,"Actual Loops": 3,"Filter": "((n_name = 'JAPAN'::bpchar) OR (n_name = 'INDONESIA'::bpchar))","Rows Removed by Filter": 23,"Workers": []}]}]}]}]}]}]}]}]},"Planning Time": 9.091,"Triggers": [],"Execution Time": 977.199}]
[{"Plan": {"Node Type": "Aggregate","Strategy": "Sorted","Partial Mode": "Finalize","Parallel Aware": false,"Async Capable": false,"Startup Cost": 72556.41,"Total Cost": 73352.71,"Plan Rows": 5893,"Plan Width": 272,"Actual Startup Time": 921.479,"Actual Total Time": 965.899,"Actual Rows": 4,"Actual Loops": 1,"Group Key": ["n1.n_name", "n2.n_name", "(EXTRACT(year FROM lineitem.l_shipdate))"],"Plans": [{"Node Type": "Gather Merge","Parent Relationship": "Outer","Parallel Aware": false,"Async Capable": false,"Startup Cost": 72556.41,"Total Cost": 73202.94,"Plan Rows": 4910,"Plan Width": 272,"Actual Startup Time": 921.158,"Actual Total Time": 965.779,"Actual Rows": 12,"Actual Loops": 1,"Workers Planned": 2,"Workers Launched": 2,"Plans": [{"Node Type": "Aggregate","Strategy": "Sorted","Partial Mode": "Partial","Parent Relationship": "Outer","Parallel Aware": false,"Async Capable": false,"Startup Cost": 71556.39,"Total Cost": 71636.18,"Plan Rows": 2455,"Plan Width": 272,"Actual Startup Time": 913.479,"Actual Total Time": 914.090,"Actual Rows": 4,"Actual Loops": 3,"Group Key": ["n1.n_name", "n2.n_name", "(EXTRACT(year FROM lineitem.l_shipdate))"],"Workers": [],"Plans": [{"Node Type": "Sort","Parent Relationship": "Outer","Parallel Aware": false,"Async Capable": false,"Startup Cost": 71556.39,"Total Cost": 71562.53,"Plan Rows": 2455,"Plan Width": 252,"Actual Startup Time": 913.211,"Actual Total Time": 913.308,"Actual Rows": 1822,"Actual Loops": 3,"Sort Key": ["n1.n_name", "n2.n_name", "(EXTRACT(year FROM lineitem.l_shipdate))"],"Sort Method": "quicksort","Sort Space Used": 243,"Sort Space Type": "Memory","Workers": [{"Worker Number": 0,"Sort Method": "quicksort","Sort Space Used": 240,"Sort Space Type": "Memory"},{"Worker Number": 1,"Sort Method": "quicksort","Sort Space Used": 260,"Sort Space Type": "Memory"}],"Plans": [{"Node Type": "Hash Join","Parent Relationship": "Outer","Parallel Aware": false,"Async Capable": false,"Join Type": "Inner","Startup Cost": 366.16,"Total Cost": 71418.15,"Plan Rows": 2455,"Plan Width": 252,"Actual Startup Time": 8.915,"Actual Total Time": 911.442,"Actual Rows": 1822,"Actual Loops": 3,"Inner Unique": false,"Hash Cond": "(lineitem.l_suppkey = supplier.s_suppkey)","Join Filter": "(((n1.n_name = 'JORDAN'::bpchar) AND (n2.n_name = 'ETHIOPIA'::bpchar)) OR ((n1.n_name = 'ETHIOPIA'::bpchar) AND (n2.n_name = 'JORDAN'::bpchar)))","Rows Removed by Join Filter": 1837,"Workers": [],"Plans": [{"Node Type": "Nested Loop","Parent Relationship": "Outer","Parallel Aware": false,"Async Capable": false,"Join Type": "Inner","Startup Cost": 2.26,"Total Cost": 70727.78,"Plan Rows": 60250,"Plan Width": 124,"Actual Startup Time": 0.490,"Actual Total Time": 897.190,"Actual Rows": 49082,"Actual Loops": 3,"Inner Unique": false,"Workers": [],"Plans": [{"Node Type": "Nested Loop","Parent Relationship": "Outer","Parallel Aware": false,"Async Capable": false,"Join Type": "Inner","Startup Cost": 1.83,"Total Cost": 12400.01,"Plan Rows": 49000,"Plan Width": 108,"Actual Startup Time": 0.289,"Actual Total Time": 222.717,"Actual Rows": 40147,"Actual Loops": 3,"Inner Unique": false,"Workers": [],"Plans": [{"Node Type": "Hash Join","Parent Relationship": "Outer","Parallel Aware": false,"Async Capable": false,"Join Type": "Inner","Startup Cost": 1.40,"Total Cost": 4403.27,"Plan Rows": 4900,"Plan Width": 108,"Actual Startup Time": 0.173,"Actual Total Time": 44.347,"Actual Rows": 3995,"Actual Loops": 3,"Inner Unique": true,"Hash Cond": "(customer.c_nationkey = n2.n_nationkey)","Workers": [],"Plans": [{"Node Type": "Seq Scan","Parent Relationship": "Outer","Parallel Aware": true,"Async Capable": false,"Relation Name": "customer","Alias": "customer","Startup Cost": 0.00,"Total Cost": 4210.00,"Plan Rows": 62500,"Plan Width": 8,"Actual Startup Time": 0.016,"Actual Total Time": 9.139,"Actual Rows": 50000,"Actual Loops": 3,"Workers": []},{"Node Type": "Hash","Parent Relationship": "Inner","Parallel Aware": false,"Async Capable": false,"Startup Cost": 1.38,"Total Cost": 1.38,"Plan Rows": 2,"Plan Width": 108,"Actual Startup Time": 0.075,"Actual Total Time": 0.081,"Actual Rows": 2,"Actual Loops": 3,"Hash Buckets": 1024,"Original Hash Buckets": 1024,"Hash Batches": 1,"Original Hash Batches": 1,"Peak Memory Usage": 9,"Workers": [],"Plans": [{"Node Type": "Seq Scan","Parent Relationship": "Outer","Parallel Aware": false,"Async Capable": false,"Relation Name": "nation","Alias": "n2","Startup Cost": 0.00,"Total Cost": 1.38,"Plan Rows": 2,"Plan Width": 108,"Actual Startup Time": 0.054,"Actual Total Time": 0.062,"Actual Rows": 2,"Actual Loops": 3,"Filter": "((n_name = 'ETHIOPIA'::bpchar) OR (n_name = 'JORDAN'::bpchar))","Rows Removed by Filter": 23,"Workers": []}]}]},{"Node Type": "Index Scan","Parent Relationship": "Inner","Parallel Aware": false,"Async Capable": false,"Scan Direction": "Forward","Index Name": "idx_orders_custkey","Relation Name": "orders","Alias": "orders","Startup Cost": 0.43,"Total Cost": 1.46,"Plan Rows": 17,"Plan Width": 8,"Actual Startup Time": 0.007,"Actual Total Time": 0.043,"Actual Rows": 10,"Actual Loops": 11985,"Index Cond": "(o_custkey = customer.c_custkey)","Rows Removed by Index Recheck": 0,"Workers": []}]},{"Node Type": "Index Scan","Parent Relationship": "Inner","Parallel Aware": false,"Async Capable": false,"Scan Direction": "Forward","Index Name": "idx_lineitem_orderkey","Relation Name": "lineitem","Alias": "lineitem","Startup Cost": 0.43,"Total Cost": 1.14,"Plan Rows": 5,"Plan Width": 24,"Actual Startup Time": 0.016,"Actual Total Time": 0.017,"Actual Rows": 1,"Actual Loops": 120442,"Index Cond": "(l_orderkey = orders.o_orderkey)","Rows Removed by Index Recheck": 0,"Filter": "((l_shipdate >= '1995-01-01'::date) AND (l_shipdate <= '1996-12-31'::date))","Rows Removed by Filter": 3,"Workers": []}]},{"Node Type": "Hash","Parent Relationship": "Inner","Parallel Aware": false,"Async Capable": false,"Startup Cost": 354.10,"Total Cost": 354.10,"Plan Rows": 784,"Plan Width": 108,"Actual Startup Time": 7.441,"Actual Total Time": 7.454,"Actual Rows": 742,"Actual Loops": 3,"Hash Buckets": 1024,"Original Hash Buckets": 1024,"Hash Batches": 1,"Original Hash Batches": 1,"Peak Memory Usage": 53,"Workers": [],"Plans": [{"Node Type": "Hash Join","Parent Relationship": "Outer","Parallel Aware": false,"Async Capable": false,"Join Type": "Inner","Startup Cost": 1.40,"Total Cost": 354.10,"Plan Rows": 784,"Plan Width": 108,"Actual Startup Time": 0.096,"Actual Total Time": 7.261,"Actual Rows": 742,"Actual Loops": 3,"Inner Unique": true,"Hash Cond": "(supplier.s_nationkey = n1.n_nationkey)","Workers": [],"Plans": [{"Node Type": "Seq Scan","Parent Relationship": "Outer","Parallel Aware": false,"Async Capable": false,"Relation Name": "supplier","Alias": "supplier","Startup Cost": 0.00,"Total Cost": 322.00,"Plan Rows": 10000,"Plan Width": 8,"Actual Startup Time": 0.039,"Actual Total Time": 3.859,"Actual Rows": 10000,"Actual Loops": 3,"Workers": []},{"Node Type": "Hash","Parent Relationship": "Inner","Parallel Aware": false,"Async Capable": false,"Startup Cost": 1.38,"Total Cost": 1.38,"Plan Rows": 2,"Plan Width": 108,"Actual Startup Time": 0.020,"Actual Total Time": 0.023,"Actual Rows": 2,"Actual Loops": 3,"Hash Buckets": 1024,"Original Hash Buckets": 1024,"Hash Batches": 1,"Original Hash Batches": 1,"Peak Memory Usage": 9,"Workers": [],"Plans": [{"Node Type": "Seq Scan","Parent Relationship": "Outer","Parallel Aware": false,"Async Capable": false,"Relation Name": "nation","Alias": "n1","Startup Cost": 0.00,"Total Cost": 1.38,"Plan Rows": 2,"Plan Width": 108,"Actual Startup Time": 0.006,"Actual Total Time": 0.013,"Actual Rows": 2,"Actual Loops": 3,"Filter": "((n_name = 'JORDAN'::bpchar) OR (n_name = 'ETHIOPIA'::bpchar))","Rows Removed by Filter": 23,"Workers": []}]}]}]}]}]}]}]}]},"Planning Time": 8.281,"Triggers": [],"Execution Time": 966.557}]
[{"Plan": {"Node Type": "Aggregate","Strategy": "Sorted","Partial Mode": "Finalize","Parallel Aware": false,"Async Capable": false,"Startup Cost": 72556.41,"Total Cost": 73352.71,"Plan Rows": 5893,"Plan Width": 272,"Actual Startup Time": 912.526,"Actual Total Time": 955.024,"Actual Rows": 4,"Actual Loops": 1,"Group Key": ["n1.n_name", "n2.n_name", "(EXTRACT(year FROM lineitem.l_shipdate))"],"Plans": [{"Node Type": "Gather Merge","Parent Relationship": "Outer","Parallel Aware": false,"Async Capable": false,"Startup Cost": 72556.41,"Total Cost": 73202.94,"Plan Rows": 4910,"Plan Width": 272,"Actual Startup Time": 911.821,"Actual Total Time": 954.929,"Actual Rows": 12,"Actual Loops": 1,"Workers Planned": 2,"Workers Launched": 2,"Plans": [{"Node Type": "Aggregate","Strategy": "Sorted","Partial Mode": "Partial","Parent Relationship": "Outer","Parallel Aware": false,"Async Capable": false,"Startup Cost": 71556.39,"Total Cost": 71636.18,"Plan Rows": 2455,"Plan Width": 272,"Actual Startup Time": 903.172,"Actual Total Time": 904.003,"Actual Rows": 4,"Actual Loops": 3,"Group Key": ["n1.n_name", "n2.n_name", "(EXTRACT(year FROM lineitem.l_shipdate))"],"Workers": [],"Plans": [{"Node Type": "Sort","Parent Relationship": "Outer","Parallel Aware": false,"Async Capable": false,"Startup Cost": 71556.39,"Total Cost": 71562.53,"Plan Rows": 2455,"Plan Width": 252,"Actual Startup Time": 902.878,"Actual Total Time": 902.997,"Actual Rows": 1967,"Actual Loops": 3,"Sort Key": ["n1.n_name", "n2.n_name", "(EXTRACT(year FROM lineitem.l_shipdate))"],"Sort Method": "quicksort","Sort Space Used": 272,"Sort Space Type": "Memory","Workers": [{"Worker Number": 0,"Sort Method": "quicksort","Sort Space Used": 263,"Sort Space Type": "Memory"},{"Worker Number": 1,"Sort Method": "quicksort","Sort Space Used": 256,"Sort Space Type": "Memory"}],"Plans": [{"Node Type": "Hash Join","Parent Relationship": "Outer","Parallel Aware": false,"Async Capable": false,"Join Type": "Inner","Startup Cost": 366.16,"Total Cost": 71418.15,"Plan Rows": 2455,"Plan Width": 252,"Actual Startup Time": 12.376,"Actual Total Time": 901.021,"Actual Rows": 1967,"Actual Loops": 3,"Inner Unique": false,"Hash Cond": "(lineitem.l_suppkey = supplier.s_suppkey)","Join Filter": "(((n1.n_name = 'EGYPT'::bpchar) AND (n2.n_name = 'GERMANY'::bpchar)) OR ((n1.n_name = 'GERMANY'::bpchar) AND (n2.n_name = 'EGYPT'::bpchar)))","Rows Removed by Join Filter": 1936,"Workers": [],"Plans": [{"Node Type": "Nested Loop","Parent Relationship": "Outer","Parallel Aware": false,"Async Capable": false,"Join Type": "Inner","Startup Cost": 2.26,"Total Cost": 70727.78,"Plan Rows": 60250,"Plan Width": 124,"Actual Startup Time": 0.755,"Actual Total Time": 882.918,"Actual Rows": 48453,"Actual Loops": 3,"Inner Unique": false,"Workers": [],"Plans": [{"Node Type": "Nested Loop","Parent Relationship": "Outer","Parallel Aware": false,"Async Capable": false,"Join Type": "Inner","Startup Cost": 1.83,"Total Cost": 12400.01,"Plan Rows": 49000,"Plan Width": 108,"Actual Startup Time": 0.365,"Actual Total Time": 218.735,"Actual Rows": 39612,"Actual Loops": 3,"Inner Unique": false,"Workers": [],"Plans": [{"Node Type": "Hash Join","Parent Relationship": "Outer","Parallel Aware": false,"Async Capable": false,"Join Type": "Inner","Startup Cost": 1.40,"Total Cost": 4403.27,"Plan Rows": 4900,"Plan Width": 108,"Actual Startup Time": 0.219,"Actual Total Time": 43.433,"Actual Rows": 3968,"Actual Loops": 3,"Inner Unique": true,"Hash Cond": "(customer.c_nationkey = n2.n_nationkey)","Workers": [],"Plans": [{"Node Type": "Seq Scan","Parent Relationship": "Outer","Parallel Aware": true,"Async Capable": false,"Relation Name": "customer","Alias": "customer","Startup Cost": 0.00,"Total Cost": 4210.00,"Plan Rows": 62500,"Plan Width": 8,"Actual Startup Time": 0.016,"Actual Total Time": 9.074,"Actual Rows": 50000,"Actual Loops": 3,"Workers": []},{"Node Type": "Hash","Parent Relationship": "Inner","Parallel Aware": false,"Async Capable": false,"Startup Cost": 1.38,"Total Cost": 1.38,"Plan Rows": 2,"Plan Width": 108,"Actual Startup Time": 0.100,"Actual Total Time": 0.105,"Actual Rows": 2,"Actual Loops": 3,"Hash Buckets": 1024,"Original Hash Buckets": 1024,"Hash Batches": 1,"Original Hash Batches": 1,"Peak Memory Usage": 9,"Workers": [],"Plans": [{"Node Type": "Seq Scan","Parent Relationship": "Outer","Parallel Aware": false,"Async Capable": false,"Relation Name": "nation","Alias": "n2","Startup Cost": 0.00,"Total Cost": 1.38,"Plan Rows": 2,"Plan Width": 108,"Actual Startup Time": 0.075,"Actual Total Time": 0.085,"Actual Rows": 2,"Actual Loops": 3,"Filter": "((n_name = 'GERMANY'::bpchar) OR (n_name = 'EGYPT'::bpchar))","Rows Removed by Filter": 23,"Workers": []}]}]},{"Node Type": "Index Scan","Parent Relationship": "Inner","Parallel Aware": false,"Async Capable": false,"Scan Direction": "Forward","Index Name": "idx_orders_custkey","Relation Name": "orders","Alias": "orders","Startup Cost": 0.43,"Total Cost": 1.46,"Plan Rows": 17,"Plan Width": 8,"Actual Startup Time": 0.007,"Actual Total Time": 0.043,"Actual Rows": 10,"Actual Loops": 11903,"Index Cond": "(o_custkey = customer.c_custkey)","Rows Removed by Index Recheck": 0,"Workers": []}]},{"Node Type": "Index Scan","Parent Relationship": "Inner","Parallel Aware": false,"Async Capable": false,"Scan Direction": "Forward","Index Name": "idx_lineitem_orderkey","Relation Name": "lineitem","Alias": "lineitem","Startup Cost": 0.43,"Total Cost": 1.14,"Plan Rows": 5,"Plan Width": 24,"Actual Startup Time": 0.016,"Actual Total Time": 0.017,"Actual Rows": 1,"Actual Loops": 118835,"Index Cond": "(l_orderkey = orders.o_orderkey)","Rows Removed by Index Recheck": 0,"Filter": "((l_shipdate >= '1995-01-01'::date) AND (l_shipdate <= '1996-12-31'::date))","Rows Removed by Filter": 3,"Workers": []}]},{"Node Type": "Hash","Parent Relationship": "Inner","Parallel Aware": false,"Async Capable": false,"Startup Cost": 354.10,"Total Cost": 354.10,"Plan Rows": 784,"Plan Width": 108,"Actual Startup Time": 11.153,"Actual Total Time": 11.166,"Actual Rows": 811,"Actual Loops": 3,"Hash Buckets": 1024,"Original Hash Buckets": 1024,"Hash Batches": 1,"Original Hash Batches": 1,"Peak Memory Usage": 58,"Workers": [],"Plans": [{"Node Type": "Hash Join","Parent Relationship": "Outer","Parallel Aware": false,"Async Capable": false,"Join Type": "Inner","Startup Cost": 1.40,"Total Cost": 354.10,"Plan Rows": 784,"Plan Width": 108,"Actual Startup Time": 0.110,"Actual Total Time": 10.963,"Actual Rows": 811,"Actual Loops": 3,"Inner Unique": true,"Hash Cond": "(supplier.s_nationkey = n1.n_nationkey)","Workers": [],"Plans": [{"Node Type": "Seq Scan","Parent Relationship": "Outer","Parallel Aware": false,"Async Capable": false,"Relation Name": "supplier","Alias": "supplier","Startup Cost": 0.00,"Total Cost": 322.00,"Plan Rows": 10000,"Plan Width": 8,"Actual Startup Time": 0.039,"Actual Total Time": 4.570,"Actual Rows": 10000,"Actual Loops": 3,"Workers": []},{"Node Type": "Hash","Parent Relationship": "Inner","Parallel Aware": false,"Async Capable": false,"Startup Cost": 1.38,"Total Cost": 1.38,"Plan Rows": 2,"Plan Width": 108,"Actual Startup Time": 0.019,"Actual Total Time": 0.025,"Actual Rows": 2,"Actual Loops": 3,"Hash Buckets": 1024,"Original Hash Buckets": 1024,"Hash Batches": 1,"Original Hash Batches": 1,"Peak Memory Usage": 9,"Workers": [],"Plans": [{"Node Type": "Seq Scan","Parent Relationship": "Outer","Parallel Aware": false,"Async Capable": false,"Relation Name": "nation","Alias": "n1","Startup Cost": 0.00,"Total Cost": 1.38,"Plan Rows": 2,"Plan Width": 108,"Actual Startup Time": 0.006,"Actual Total Time": 0.015,"Actual Rows": 2,"Actual Loops": 3,"Filter": "((n_name = 'EGYPT'::bpchar) OR (n_name = 'GERMANY'::bpchar))","Rows Removed by Filter": 23,"Workers": []}]}]}]}]}]}]}]}]},"Planning Time": 7.621,"Triggers": [],"Execution Time": 955.449}]
[{"Plan": {"Node Type": "Aggregate","Strategy": "Sorted","Partial Mode": "Finalize","Parallel Aware": false,"Async Capable": false,"Startup Cost": 72556.41,"Total Cost": 73352.71,"Plan Rows": 5893,"Plan Width": 272,"Actual Startup Time": 910.626,"Actual Total Time": 967.579,"Actual Rows": 4,"Actual Loops": 1,"Group Key": ["n1.n_name", "n2.n_name", "(EXTRACT(year FROM lineitem.l_shipdate))"],"Plans": [{"Node Type": "Gather Merge","Parent Relationship": "Outer","Parallel Aware": false,"Async Capable": false,"Startup Cost": 72556.41,"Total Cost": 73202.94,"Plan Rows": 4910,"Plan Width": 272,"Actual Startup Time": 910.231,"Actual Total Time": 967.464,"Actual Rows": 12,"Actual Loops": 1,"Workers Planned": 2,"Workers Launched": 2,"Plans": [{"Node Type": "Aggregate","Strategy": "Sorted","Partial Mode": "Partial","Parent Relationship": "Outer","Parallel Aware": false,"Async Capable": false,"Startup Cost": 71556.39,"Total Cost": 71636.18,"Plan Rows": 2455,"Plan Width": 272,"Actual Startup Time": 902.601,"Actual Total Time": 903.318,"Actual Rows": 4,"Actual Loops": 3,"Group Key": ["n1.n_name", "n2.n_name", "(EXTRACT(year FROM lineitem.l_shipdate))"],"Workers": [],"Plans": [{"Node Type": "Sort","Parent Relationship": "Outer","Parallel Aware": false,"Async Capable": false,"Startup Cost": 71556.39,"Total Cost": 71562.53,"Plan Rows": 2455,"Plan Width": 252,"Actual Startup Time": 902.349,"Actual Total Time": 902.455,"Actual Rows": 2010,"Actual Loops": 3,"Sort Key": ["n1.n_name", "n2.n_name", "(EXTRACT(year FROM lineitem.l_shipdate))"],"Sort Method": "quicksort","Sort Space Used": 267,"Sort Space Type": "Memory","Workers": [{"Worker Number": 0,"Sort Method": "quicksort","Sort Space Used": 272,"Sort Space Type": "Memory"},{"Worker Number": 1,"Sort Method": "quicksort","Sort Space Used": 266,"Sort Space Type": "Memory"}],"Plans": [{"Node Type": "Hash Join","Parent Relationship": "Outer","Parallel Aware": false,"Async Capable": false,"Join Type": "Inner","Startup Cost": 366.16,"Total Cost": 71418.15,"Plan Rows": 2455,"Plan Width": 252,"Actual Startup Time": 9.598,"Actual Total Time": 900.536,"Actual Rows": 2010,"Actual Loops": 3,"Inner Unique": false,"Hash Cond": "(lineitem.l_suppkey = supplier.s_suppkey)","Join Filter": "(((n1.n_name = 'PERU'::bpchar) AND (n2.n_name = 'ARGENTINA'::bpchar)) OR ((n1.n_name = 'ARGENTINA'::bpchar) AND (n2.n_name = 'PERU'::bpchar)))","Rows Removed by Join Filter": 2008,"Workers": [],"Plans": [{"Node Type": "Nested Loop","Parent Relationship": "Outer","Parallel Aware": false,"Async Capable": false,"Join Type": "Inner","Startup Cost": 2.26,"Total Cost": 70727.78,"Plan Rows": 60250,"Plan Width": 124,"Actual Startup Time": 0.981,"Actual Total Time": 885.272,"Actual Rows": 48320,"Actual Loops": 3,"Inner Unique": false,"Workers": [],"Plans": [{"Node Type": "Nested Loop","Parent Relationship": "Outer","Parallel Aware": false,"Async Capable": false,"Join Type": "Inner","Startup Cost": 1.83,"Total Cost": 12400.01,"Plan Rows": 49000,"Plan Width": 108,"Actual Startup Time": 0.340,"Actual Total Time": 221.765,"Actual Rows": 39522,"Actual Loops": 3,"Inner Unique": false,"Workers": [],"Plans": [{"Node Type": "Hash Join","Parent Relationship": "Outer","Parallel Aware": false,"Async Capable": false,"Join Type": "Inner","Startup Cost": 1.40,"Total Cost": 4403.27,"Plan Rows": 4900,"Plan Width": 108,"Actual Startup Time": 0.203,"Actual Total Time": 45.720,"Actual Rows": 3983,"Actual Loops": 3,"Inner Unique": true,"Hash Cond": "(customer.c_nationkey = n2.n_nationkey)","Workers": [],"Plans": [{"Node Type": "Seq Scan","Parent Relationship": "Outer","Parallel Aware": true,"Async Capable": false,"Relation Name": "customer","Alias": "customer","Startup Cost": 0.00,"Total Cost": 4210.00,"Plan Rows": 62500,"Plan Width": 8,"Actual Startup Time": 0.019,"Actual Total Time": 9.634,"Actual Rows": 50000,"Actual Loops": 3,"Workers": []},{"Node Type": "Hash","Parent Relationship": "Inner","Parallel Aware": false,"Async Capable": false,"Startup Cost": 1.38,"Total Cost": 1.38,"Plan Rows": 2,"Plan Width": 108,"Actual Startup Time": 0.086,"Actual Total Time": 0.091,"Actual Rows": 2,"Actual Loops": 3,"Hash Buckets": 1024,"Original Hash Buckets": 1024,"Hash Batches": 1,"Original Hash Batches": 1,"Peak Memory Usage": 9,"Workers": [],"Plans": [{"Node Type": "Seq Scan","Parent Relationship": "Outer","Parallel Aware": false,"Async Capable": false,"Relation Name": "nation","Alias": "n2","Startup Cost": 0.00,"Total Cost": 1.38,"Plan Rows": 2,"Plan Width": 108,"Actual Startup Time": 0.065,"Actual Total Time": 0.074,"Actual Rows": 2,"Actual Loops": 3,"Filter": "((n_name = 'ARGENTINA'::bpchar) OR (n_name = 'PERU'::bpchar))","Rows Removed by Filter": 23,"Workers": []}]}]},{"Node Type": "Index Scan","Parent Relationship": "Inner","Parallel Aware": false,"Async Capable": false,"Scan Direction": "Forward","Index Name": "idx_orders_custkey","Relation Name": "orders","Alias": "orders","Startup Cost": 0.43,"Total Cost": 1.46,"Plan Rows": 17,"Plan Width": 8,"Actual Startup Time": 0.007,"Actual Total Time": 0.043,"Actual Rows": 10,"Actual Loops": 11950,"Index Cond": "(o_custkey = customer.c_custkey)","Rows Removed by Index Recheck": 0,"Workers": []}]},{"Node Type": "Index Scan","Parent Relationship": "Inner","Parallel Aware": false,"Async Capable": false,"Scan Direction": "Forward","Index Name": "idx_lineitem_orderkey","Relation Name": "lineitem","Alias": "lineitem","Startup Cost": 0.43,"Total Cost": 1.14,"Plan Rows": 5,"Plan Width": 24,"Actual Startup Time": 0.016,"Actual Total Time": 0.017,"Actual Rows": 1,"Actual Loops": 118565,"Index Cond": "(l_orderkey = orders.o_orderkey)","Rows Removed by Index Recheck": 0,"Filter": "((l_shipdate >= '1995-01-01'::date) AND (l_shipdate <= '1996-12-31'::date))","Rows Removed by Filter": 3,"Workers": []}]},{"Node Type": "Hash","Parent Relationship": "Inner","Parallel Aware": false,"Async Capable": false,"Startup Cost": 354.10,"Total Cost": 354.10,"Plan Rows": 784,"Plan Width": 108,"Actual Startup Time": 8.003,"Actual Total Time": 8.018,"Actual Rows": 834,"Actual Loops": 3,"Hash Buckets": 1024,"Original Hash Buckets": 1024,"Hash Batches": 1,"Original Hash Batches": 1,"Peak Memory Usage": 59,"Workers": [],"Plans": [{"Node Type": "Hash Join","Parent Relationship": "Outer","Parallel Aware": false,"Async Capable": false,"Join Type": "Inner","Startup Cost": 1.40,"Total Cost": 354.10,"Plan Rows": 784,"Plan Width": 108,"Actual Startup Time": 0.092,"Actual Total Time": 7.776,"Actual Rows": 834,"Actual Loops": 3,"Inner Unique": true,"Hash Cond": "(supplier.s_nationkey = n1.n_nationkey)","Workers": [],"Plans": [{"Node Type": "Seq Scan","Parent Relationship": "Outer","Parallel Aware": false,"Async Capable": false,"Relation Name": "supplier","Alias": "supplier","Startup Cost": 0.00,"Total Cost": 322.00,"Plan Rows": 10000,"Plan Width": 8,"Actual Startup Time": 0.033,"Actual Total Time": 4.118,"Actual Rows": 10000,"Actual Loops": 3,"Workers": []},{"Node Type": "Hash","Parent Relationship": "Inner","Parallel Aware": false,"Async Capable": false,"Startup Cost": 1.38,"Total Cost": 1.38,"Plan Rows": 2,"Plan Width": 108,"Actual Startup Time": 0.024,"Actual Total Time": 0.030,"Actual Rows": 2,"Actual Loops": 3,"Hash Buckets": 1024,"Original Hash Buckets": 1024,"Hash Batches": 1,"Original Hash Batches": 1,"Peak Memory Usage": 9,"Workers": [],"Plans": [{"Node Type": "Seq Scan","Parent Relationship": "Outer","Parallel Aware": false,"Async Capable": false,"Relation Name": "nation","Alias": "n1","Startup Cost": 0.00,"Total Cost": 1.38,"Plan Rows": 2,"Plan Width": 108,"Actual Startup Time": 0.005,"Actual Total Time": 0.017,"Actual Rows": 2,"Actual Loops": 3,"Filter": "((n_name = 'PERU'::bpchar) OR (n_name = 'ARGENTINA'::bpchar))","Rows Removed by Filter": 23,"Workers": []}]}]}]}]}]}]}]}]},"Planning Time": 8.970,"Triggers": [],"Execution Time": 968.026}]
[{"Plan": {"Node Type": "Aggregate","Strategy": "Sorted","Partial Mode": "Finalize","Parallel Aware": false,"Async Capable": false,"Startup Cost": 72556.41,"Total Cost": 73352.71,"Plan Rows": 5893,"Plan Width": 272,"Actual Startup Time": 914.752,"Actual Total Time": 958.068,"Actual Rows": 4,"Actual Loops": 1,"Group Key": ["n1.n_name", "n2.n_name", "(EXTRACT(year FROM lineitem.l_shipdate))"],"Plans": [{"Node Type": "Gather Merge","Parent Relationship": "Outer","Parallel Aware": false,"Async Capable": false,"Startup Cost": 72556.41,"Total Cost": 73202.94,"Plan Rows": 4910,"Plan Width": 272,"Actual Startup Time": 914.329,"Actual Total Time": 957.988,"Actual Rows": 12,"Actual Loops": 1,"Workers Planned": 2,"Workers Launched": 2,"Plans": [{"Node Type": "Aggregate","Strategy": "Sorted","Partial Mode": "Partial","Parent Relationship": "Outer","Parallel Aware": false,"Async Capable": false,"Startup Cost": 71556.39,"Total Cost": 71636.18,"Plan Rows": 2455,"Plan Width": 272,"Actual Startup Time": 905.992,"Actual Total Time": 906.776,"Actual Rows": 4,"Actual Loops": 3,"Group Key": ["n1.n_name", "n2.n_name", "(EXTRACT(year FROM lineitem.l_shipdate))"],"Workers": [],"Plans": [{"Node Type": "Sort","Parent Relationship": "Outer","Parallel Aware": false,"Async Capable": false,"Startup Cost": 71556.39,"Total Cost": 71562.53,"Plan Rows": 2455,"Plan Width": 252,"Actual Startup Time": 905.736,"Actual Total Time": 905.862,"Actual Rows": 1931,"Actual Loops": 3,"Sort Key": ["n1.n_name", "n2.n_name", "(EXTRACT(year FROM lineitem.l_shipdate))"],"Sort Method": "quicksort","Sort Space Used": 268,"Sort Space Type": "Memory","Workers": [{"Worker Number": 0,"Sort Method": "quicksort","Sort Space Used": 261,"Sort Space Type": "Memory"},{"Worker Number": 1,"Sort Method": "quicksort","Sort Space Used": 250,"Sort Space Type": "Memory"}],"Plans": [{"Node Type": "Hash Join","Parent Relationship": "Outer","Parallel Aware": false,"Async Capable": false,"Join Type": "Inner","Startup Cost": 366.16,"Total Cost": 71418.15,"Plan Rows": 2455,"Plan Width": 252,"Actual Startup Time": 13.138,"Actual Total Time": 903.871,"Actual Rows": 1931,"Actual Loops": 3,"Inner Unique": false,"Hash Cond": "(lineitem.l_suppkey = supplier.s_suppkey)","Join Filter": "(((n1.n_name = 'ETHIOPIA'::bpchar) AND (n2.n_name = 'IRAQ'::bpchar)) OR ((n1.n_name = 'IRAQ'::bpchar) AND (n2.n_name = 'ETHIOPIA'::bpchar)))","Rows Removed by Join Filter": 2006,"Workers": [],"Plans": [{"Node Type": "Nested Loop","Parent Relationship": "Outer","Parallel Aware": false,"Async Capable": false,"Join Type": "Inner","Startup Cost": 2.26,"Total Cost": 70727.78,"Plan Rows": 60250,"Plan Width": 124,"Actual Startup Time": 0.511,"Actual Total Time": 885.952,"Actual Rows": 48191,"Actual Loops": 3,"Inner Unique": false,"Workers": [],"Plans": [{"Node Type": "Nested Loop","Parent Relationship": "Outer","Parallel Aware": false,"Async Capable": false,"Join Type": "Inner","Startup Cost": 1.83,"Total Cost": 12400.01,"Plan Rows": 49000,"Plan Width": 108,"Actual Startup Time": 0.306,"Actual Total Time": 219.617,"Actual Rows": 39536,"Actual Loops": 3,"Inner Unique": false,"Workers": [],"Plans": [{"Node Type": "Hash Join","Parent Relationship": "Outer","Parallel Aware": false,"Async Capable": false,"Join Type": "Inner","Startup Cost": 1.40,"Total Cost": 4403.27,"Plan Rows": 4900,"Plan Width": 108,"Actual Startup Time": 0.184,"Actual Total Time": 44.402,"Actual Rows": 3972,"Actual Loops": 3,"Inner Unique": true,"Hash Cond": "(customer.c_nationkey = n2.n_nationkey)","Workers": [],"Plans": [{"Node Type": "Seq Scan","Parent Relationship": "Outer","Parallel Aware": true,"Async Capable": false,"Relation Name": "customer","Alias": "customer","Startup Cost": 0.00,"Total Cost": 4210.00,"Plan Rows": 62500,"Plan Width": 8,"Actual Startup Time": 0.018,"Actual Total Time": 9.027,"Actual Rows": 50000,"Actual Loops": 3,"Workers": []},{"Node Type": "Hash","Parent Relationship": "Inner","Parallel Aware": false,"Async Capable": false,"Startup Cost": 1.38,"Total Cost": 1.38,"Plan Rows": 2,"Plan Width": 108,"Actual Startup Time": 0.067,"Actual Total Time": 0.073,"Actual Rows": 2,"Actual Loops": 3,"Hash Buckets": 1024,"Original Hash Buckets": 1024,"Hash Batches": 1,"Original Hash Batches": 1,"Peak Memory Usage": 9,"Workers": [],"Plans": [{"Node Type": "Seq Scan","Parent Relationship": "Outer","Parallel Aware": false,"Async Capable": false,"Relation Name": "nation","Alias": "n2","Startup Cost": 0.00,"Total Cost": 1.38,"Plan Rows": 2,"Plan Width": 108,"Actual Startup Time": 0.048,"Actual Total Time": 0.056,"Actual Rows": 2,"Actual Loops": 3,"Filter": "((n_name = 'IRAQ'::bpchar) OR (n_name = 'ETHIOPIA'::bpchar))","Rows Removed by Filter": 23,"Workers": []}]}]},{"Node Type": "Index Scan","Parent Relationship": "Inner","Parallel Aware": false,"Async Capable": false,"Scan Direction": "Forward","Index Name": "idx_orders_custkey","Relation Name": "orders","Alias": "orders","Startup Cost": 0.43,"Total Cost": 1.46,"Plan Rows": 17,"Plan Width": 8,"Actual Startup Time": 0.007,"Actual Total Time": 0.043,"Actual Rows": 10,"Actual Loops": 11915,"Index Cond": "(o_custkey = customer.c_custkey)","Rows Removed by Index Recheck": 0,"Workers": []}]},{"Node Type": "Index Scan","Parent Relationship": "Inner","Parallel Aware": false,"Async Capable": false,"Scan Direction": "Forward","Index Name": "idx_lineitem_orderkey","Relation Name": "lineitem","Alias": "lineitem","Startup Cost": 0.43,"Total Cost": 1.14,"Plan Rows": 5,"Plan Width": 24,"Actual Startup Time": 0.016,"Actual Total Time": 0.017,"Actual Rows": 1,"Actual Loops": 118608,"Index Cond": "(l_orderkey = orders.o_orderkey)","Rows Removed by Index Recheck": 0,"Filter": "((l_shipdate >= '1995-01-01'::date) AND (l_shipdate <= '1996-12-31'::date))","Rows Removed by Filter": 3,"Workers": []}]},{"Node Type": "Hash","Parent Relationship": "Inner","Parallel Aware": false,"Async Capable": false,"Startup Cost": 354.10,"Total Cost": 354.10,"Plan Rows": 784,"Plan Width": 108,"Actual Startup Time": 10.950,"Actual Total Time": 10.969,"Actual Rows": 818,"Actual Loops": 3,"Hash Buckets": 1024,"Original Hash Buckets": 1024,"Hash Batches": 1,"Original Hash Batches": 1,"Peak Memory Usage": 58,"Workers": [],"Plans": [{"Node Type": "Hash Join","Parent Relationship": "Outer","Parallel Aware": false,"Async Capable": false,"Join Type": "Inner","Startup Cost": 1.40,"Total Cost": 354.10,"Plan Rows": 784,"Plan Width": 108,"Actual Startup Time": 0.085,"Actual Total Time": 10.767,"Actual Rows": 818,"Actual Loops": 3,"Inner Unique": true,"Hash Cond": "(supplier.s_nationkey = n1.n_nationkey)","Workers": [],"Plans": [{"Node Type": "Seq Scan","Parent Relationship": "Outer","Parallel Aware": false,"Async Capable": false,"Relation Name": "supplier","Alias": "supplier","Startup Cost": 0.00,"Total Cost": 322.00,"Plan Rows": 10000,"Plan Width": 8,"Actual Startup Time": 0.034,"Actual Total Time": 4.330,"Actual Rows": 10000,"Actual Loops": 3,"Workers": []},{"Node Type": "Hash","Parent Relationship": "Inner","Parallel Aware": false,"Async Capable": false,"Startup Cost": 1.38,"Total Cost": 1.38,"Plan Rows": 2,"Plan Width": 108,"Actual Startup Time": 0.018,"Actual Total Time": 0.024,"Actual Rows": 2,"Actual Loops": 3,"Hash Buckets": 1024,"Original Hash Buckets": 1024,"Hash Batches": 1,"Original Hash Batches": 1,"Peak Memory Usage": 9,"Workers": [],"Plans": [{"Node Type": "Seq Scan","Parent Relationship": "Outer","Parallel Aware": false,"Async Capable": false,"Relation Name": "nation","Alias": "n1","Startup Cost": 0.00,"Total Cost": 1.38,"Plan Rows": 2,"Plan Width": 108,"Actual Startup Time": 0.006,"Actual Total Time": 0.013,"Actual Rows": 2,"Actual Loops": 3,"Filter": "((n_name = 'ETHIOPIA'::bpchar) OR (n_name = 'IRAQ'::bpchar))","Rows Removed by Filter": 23,"Workers": []}]}]}]}]}]}]}]}]},"Planning Time": 9.713,"Triggers": [],"Execution Time": 958.470}]
[{"Plan": {"Node Type": "Aggregate","Strategy": "Sorted","Partial Mode": "Finalize","Parallel Aware": false,"Async Capable": false,"Startup Cost": 72556.41,"Total Cost": 73352.71,"Plan Rows": 5893,"Plan Width": 272,"Actual Startup Time": 927.306,"Actual Total Time": 970.845,"Actual Rows": 4,"Actual Loops": 1,"Group Key": ["n1.n_name", "n2.n_name", "(EXTRACT(year FROM lineitem.l_shipdate))"],"Plans": [{"Node Type": "Gather Merge","Parent Relationship": "Outer","Parallel Aware": false,"Async Capable": false,"Startup Cost": 72556.41,"Total Cost": 73202.94,"Plan Rows": 4910,"Plan Width": 272,"Actual Startup Time": 927.043,"Actual Total Time": 970.774,"Actual Rows": 12,"Actual Loops": 1,"Workers Planned": 2,"Workers Launched": 2,"Plans": [{"Node Type": "Aggregate","Strategy": "Sorted","Partial Mode": "Partial","Parent Relationship": "Outer","Parallel Aware": false,"Async Capable": false,"Startup Cost": 71556.39,"Total Cost": 71636.18,"Plan Rows": 2455,"Plan Width": 272,"Actual Startup Time": 918.745,"Actual Total Time": 919.416,"Actual Rows": 4,"Actual Loops": 3,"Group Key": ["n1.n_name", "n2.n_name", "(EXTRACT(year FROM lineitem.l_shipdate))"],"Workers": [],"Plans": [{"Node Type": "Sort","Parent Relationship": "Outer","Parallel Aware": false,"Async Capable": false,"Startup Cost": 71556.39,"Total Cost": 71562.53,"Plan Rows": 2455,"Plan Width": 252,"Actual Startup Time": 918.485,"Actual Total Time": 918.586,"Actual Rows": 1965,"Actual Loops": 3,"Sort Key": ["n1.n_name", "n2.n_name", "(EXTRACT(year FROM lineitem.l_shipdate))"],"Sort Method": "quicksort","Sort Space Used": 259,"Sort Space Type": "Memory","Workers": [{"Worker Number": 0,"Sort Method": "quicksort","Sort Space Used": 264,"Sort Space Type": "Memory"},{"Worker Number": 1,"Sort Method": "quicksort","Sort Space Used": 268,"Sort Space Type": "Memory"}],"Plans": [{"Node Type": "Hash Join","Parent Relationship": "Outer","Parallel Aware": false,"Async Capable": false,"Join Type": "Inner","Startup Cost": 366.16,"Total Cost": 71418.15,"Plan Rows": 2455,"Plan Width": 252,"Actual Startup Time": 9.999,"Actual Total Time": 916.685,"Actual Rows": 1965,"Actual Loops": 3,"Inner Unique": false,"Hash Cond": "(lineitem.l_suppkey = supplier.s_suppkey)","Join Filter": "(((n1.n_name = 'CHINA'::bpchar) AND (n2.n_name = 'UNITED STATES'::bpchar)) OR ((n1.n_name = 'UNITED STATES'::bpchar) AND (n2.n_name = 'CHINA'::bpchar)))","Rows Removed by Join Filter": 1963,"Workers": [],"Plans": [{"Node Type": "Nested Loop","Parent Relationship": "Outer","Parallel Aware": false,"Async Capable": false,"Join Type": "Inner","Startup Cost": 2.26,"Total Cost": 70727.78,"Plan Rows": 60250,"Plan Width": 124,"Actual Startup Time": 0.604,"Actual Total Time": 902.207,"Actual Rows": 48859,"Actual Loops": 3,"Inner Unique": false,"Workers": [],"Plans": [{"Node Type": "Nested Loop","Parent Relationship": "Outer","Parallel Aware": false,"Async Capable": false,"Join Type": "Inner","Startup Cost": 1.83,"Total Cost": 12400.01,"Plan Rows": 49000,"Plan Width": 108,"Actual Startup Time": 0.320,"Actual Total Time": 223.739,"Actual Rows": 40235,"Actual Loops": 3,"Inner Unique": false,"Workers": [],"Plans": [{"Node Type": "Hash Join","Parent Relationship": "Outer","Parallel Aware": false,"Async Capable": false,"Join Type": "Inner","Startup Cost": 1.40,"Total Cost": 4403.27,"Plan Rows": 4900,"Plan Width": 108,"Actual Startup Time": 0.194,"Actual Total Time": 44.715,"Actual Rows": 4002,"Actual Loops": 3,"Inner Unique": true,"Hash Cond": "(customer.c_nationkey = n2.n_nationkey)","Workers": [],"Plans": [{"Node Type": "Seq Scan","Parent Relationship": "Outer","Parallel Aware": true,"Async Capable": false,"Relation Name": "customer","Alias": "customer","Startup Cost": 0.00,"Total Cost": 4210.00,"Plan Rows": 62500,"Plan Width": 8,"Actual Startup Time": 0.015,"Actual Total Time": 9.078,"Actual Rows": 50000,"Actual Loops": 3,"Workers": []},{"Node Type": "Hash","Parent Relationship": "Inner","Parallel Aware": false,"Async Capable": false,"Startup Cost": 1.38,"Total Cost": 1.38,"Plan Rows": 2,"Plan Width": 108,"Actual Startup Time": 0.073,"Actual Total Time": 0.077,"Actual Rows": 2,"Actual Loops": 3,"Hash Buckets": 1024,"Original Hash Buckets": 1024,"Hash Batches": 1,"Original Hash Batches": 1,"Peak Memory Usage": 9,"Workers": [],"Plans": [{"Node Type": "Seq Scan","Parent Relationship": "Outer","Parallel Aware": false,"Async Capable": false,"Relation Name": "nation","Alias": "n2","Startup Cost": 0.00,"Total Cost": 1.38,"Plan Rows": 2,"Plan Width": 108,"Actual Startup Time": 0.056,"Actual Total Time": 0.060,"Actual Rows": 2,"Actual Loops": 3,"Filter": "((n_name = 'UNITED STATES'::bpchar) OR (n_name = 'CHINA'::bpchar))","Rows Removed by Filter": 23,"Workers": []}]}]},{"Node Type": "Index Scan","Parent Relationship": "Inner","Parallel Aware": false,"Async Capable": false,"Scan Direction": "Forward","Index Name": "idx_orders_custkey","Relation Name": "orders","Alias": "orders","Startup Cost": 0.43,"Total Cost": 1.46,"Plan Rows": 17,"Plan Width": 8,"Actual Startup Time": 0.007,"Actual Total Time": 0.043,"Actual Rows": 10,"Actual Loops": 12007,"Index Cond": "(o_custkey = customer.c_custkey)","Rows Removed by Index Recheck": 0,"Workers": []}]},{"Node Type": "Index Scan","Parent Relationship": "Inner","Parallel Aware": false,"Async Capable": false,"Scan Direction": "Forward","Index Name": "idx_lineitem_orderkey","Relation Name": "lineitem","Alias": "lineitem","Startup Cost": 0.43,"Total Cost": 1.14,"Plan Rows": 5,"Plan Width": 24,"Actual Startup Time": 0.016,"Actual Total Time": 0.017,"Actual Rows": 1,"Actual Loops": 120705,"Index Cond": "(l_orderkey = orders.o_orderkey)","Rows Removed by Index Recheck": 0,"Filter": "((l_shipdate >= '1995-01-01'::date) AND (l_shipdate <= '1996-12-31'::date))","Rows Removed by Filter": 3,"Workers": []}]},{"Node Type": "Hash","Parent Relationship": "Inner","Parallel Aware": false,"Async Capable": false,"Startup Cost": 354.10,"Total Cost": 354.10,"Plan Rows": 784,"Plan Width": 108,"Actual Startup Time": 7.447,"Actual Total Time": 7.459,"Actual Rows": 800,"Actual Loops": 3,"Hash Buckets": 1024,"Original Hash Buckets": 1024,"Hash Batches": 1,"Original Hash Batches": 1,"Peak Memory Usage": 57,"Workers": [],"Plans": [{"Node Type": "Hash Join","Parent Relationship": "Outer","Parallel Aware": false,"Async Capable": false,"Join Type": "Inner","Startup Cost": 1.40,"Total Cost": 354.10,"Plan Rows": 784,"Plan Width": 108,"Actual Startup Time": 0.081,"Actual Total Time": 7.227,"Actual Rows": 800,"Actual Loops": 3,"Inner Unique": true,"Hash Cond": "(supplier.s_nationkey = n1.n_nationkey)","Workers": [],"Plans": [{"Node Type": "Seq Scan","Parent Relationship": "Outer","Parallel Aware": false,"Async Capable": false,"Relation Name": "supplier","Alias": "supplier","Startup Cost": 0.00,"Total Cost": 322.00,"Plan Rows": 10000,"Plan Width": 8,"Actual Startup Time": 0.031,"Actual Total Time": 3.807,"Actual Rows": 10000,"Actual Loops": 3,"Workers": []},{"Node Type": "Hash","Parent Relationship": "Inner","Parallel Aware": false,"Async Capable": false,"Startup Cost": 1.38,"Total Cost": 1.38,"Plan Rows": 2,"Plan Width": 108,"Actual Startup Time": 0.019,"Actual Total Time": 0.023,"Actual Rows": 2,"Actual Loops": 3,"Hash Buckets": 1024,"Original Hash Buckets": 1024,"Hash Batches": 1,"Original Hash Batches": 1,"Peak Memory Usage": 9,"Workers": [],"Plans": [{"Node Type": "Seq Scan","Parent Relationship": "Outer","Parallel Aware": false,"Async Capable": false,"Relation Name": "nation","Alias": "n1","Startup Cost": 0.00,"Total Cost": 1.38,"Plan Rows": 2,"Plan Width": 108,"Actual Startup Time": 0.010,"Actual Total Time": 0.015,"Actual Rows": 2,"Actual Loops": 3,"Filter": "((n_name = 'CHINA'::bpchar) OR (n_name = 'UNITED STATES'::bpchar))","Rows Removed by Filter": 23,"Workers": []}]}]}]}]}]}]}]}]},"Planning Time": 7.566,"Triggers": [],"Execution Time": 971.448}]
[{"Plan": {"Node Type": "Aggregate","Strategy": "Sorted","Partial Mode": "Finalize","Parallel Aware": false,"Async Capable": false,"Startup Cost": 72556.41,"Total Cost": 73352.71,"Plan Rows": 5893,"Plan Width": 272,"Actual Startup Time": 954.255,"Actual Total Time": 1003.318,"Actual Rows": 4,"Actual Loops": 1,"Group Key": ["n1.n_name", "n2.n_name", "(EXTRACT(year FROM lineitem.l_shipdate))"],"Plans": [{"Node Type": "Gather Merge","Parent Relationship": "Outer","Parallel Aware": false,"Async Capable": false,"Startup Cost": 72556.41,"Total Cost": 73202.94,"Plan Rows": 4910,"Plan Width": 272,"Actual Startup Time": 953.923,"Actual Total Time": 1003.257,"Actual Rows": 12,"Actual Loops": 1,"Workers Planned": 2,"Workers Launched": 2,"Plans": [{"Node Type": "Aggregate","Strategy": "Sorted","Partial Mode": "Partial","Parent Relationship": "Outer","Parallel Aware": false,"Async Capable": false,"Startup Cost": 71556.39,"Total Cost": 71636.18,"Plan Rows": 2455,"Plan Width": 272,"Actual Startup Time": 945.932,"Actual Total Time": 946.661,"Actual Rows": 4,"Actual Loops": 3,"Group Key": ["n1.n_name", "n2.n_name", "(EXTRACT(year FROM lineitem.l_shipdate))"],"Workers": [],"Plans": [{"Node Type": "Sort","Parent Relationship": "Outer","Parallel Aware": false,"Async Capable": false,"Startup Cost": 71556.39,"Total Cost": 71562.53,"Plan Rows": 2455,"Plan Width": 252,"Actual Startup Time": 945.665,"Actual Total Time": 945.771,"Actual Rows": 1999,"Actual Loops": 3,"Sort Key": ["n1.n_name", "n2.n_name", "(EXTRACT(year FROM lineitem.l_shipdate))"],"Sort Method": "quicksort","Sort Space Used": 267,"Sort Space Type": "Memory","Workers": [{"Worker Number": 0,"Sort Method": "quicksort","Sort Space Used": 265,"Sort Space Type": "Memory"},{"Worker Number": 1,"Sort Method": "quicksort","Sort Space Used": 269,"Sort Space Type": "Memory"}],"Plans": [{"Node Type": "Hash Join","Parent Relationship": "Outer","Parallel Aware": false,"Async Capable": false,"Join Type": "Inner","Startup Cost": 366.16,"Total Cost": 71418.15,"Plan Rows": 2455,"Plan Width": 252,"Actual Startup Time": 11.187,"Actual Total Time": 943.772,"Actual Rows": 1999,"Actual Loops": 3,"Inner Unique": false,"Hash Cond": "(lineitem.l_suppkey = supplier.s_suppkey)","Join Filter": "(((n1.n_name = 'FRANCE'::bpchar) AND (n2.n_name = 'ROMANIA'::bpchar)) OR ((n1.n_name = 'ROMANIA'::bpchar) AND (n2.n_name = 'FRANCE'::bpchar)))","Rows Removed by Join Filter": 1977,"Workers": [],"Plans": [{"Node Type": "Nested Loop","Parent Relationship": "Outer","Parallel Aware": false,"Async Capable": false,"Join Type": "Inner","Startup Cost": 2.26,"Total Cost": 70727.78,"Plan Rows": 60250,"Plan Width": 124,"Actual Startup Time": 0.939,"Actual Total Time": 926.005,"Actual Rows": 49916,"Actual Loops": 3,"Inner Unique": false,"Workers": [],"Plans": [{"Node Type": "Nested Loop","Parent Relationship": "Outer","Parallel Aware": false,"Async Capable": false,"Join Type": "Inner","Startup Cost": 1.83,"Total Cost": 12400.01,"Plan Rows": 49000,"Plan Width": 108,"Actual Startup Time": 0.371,"Actual Total Time": 231.842,"Actual Rows": 40871,"Actual Loops": 3,"Inner Unique": false,"Workers": [],"Plans": [{"Node Type": "Hash Join","Parent Relationship": "Outer","Parallel Aware": false,"Async Capable": false,"Join Type": "Inner","Startup Cost": 1.40,"Total Cost": 4403.27,"Plan Rows": 4900,"Plan Width": 108,"Actual Startup Time": 0.210,"Actual Total Time": 46.565,"Actual Rows": 4067,"Actual Loops": 3,"Inner Unique": true,"Hash Cond": "(customer.c_nationkey = n2.n_nationkey)","Workers": [],"Plans": [{"Node Type": "Seq Scan","Parent Relationship": "Outer","Parallel Aware": true,"Async Capable": false,"Relation Name": "customer","Alias": "customer","Startup Cost": 0.00,"Total Cost": 4210.00,"Plan Rows": 62500,"Plan Width": 8,"Actual Startup Time": 0.017,"Actual Total Time": 9.523,"Actual Rows": 50000,"Actual Loops": 3,"Workers": []},{"Node Type": "Hash","Parent Relationship": "Inner","Parallel Aware": false,"Async Capable": false,"Startup Cost": 1.38,"Total Cost": 1.38,"Plan Rows": 2,"Plan Width": 108,"Actual Startup Time": 0.082,"Actual Total Time": 0.088,"Actual Rows": 2,"Actual Loops": 3,"Hash Buckets": 1024,"Original Hash Buckets": 1024,"Hash Batches": 1,"Original Hash Batches": 1,"Peak Memory Usage": 9,"Workers": [],"Plans": [{"Node Type": "Seq Scan","Parent Relationship": "Outer","Parallel Aware": false,"Async Capable": false,"Relation Name": "nation","Alias": "n2","Startup Cost": 0.00,"Total Cost": 1.38,"Plan Rows": 2,"Plan Width": 108,"Actual Startup Time": 0.061,"Actual Total Time": 0.069,"Actual Rows": 2,"Actual Loops": 3,"Filter": "((n_name = 'ROMANIA'::bpchar) OR (n_name = 'FRANCE'::bpchar))","Rows Removed by Filter": 23,"Workers": []}]}]},{"Node Type": "Index Scan","Parent Relationship": "Inner","Parallel Aware": false,"Async Capable": false,"Scan Direction": "Forward","Index Name": "idx_orders_custkey","Relation Name": "orders","Alias": "orders","Startup Cost": 0.43,"Total Cost": 1.46,"Plan Rows": 17,"Plan Width": 8,"Actual Startup Time": 0.007,"Actual Total Time": 0.044,"Actual Rows": 10,"Actual Loops": 12200,"Index Cond": "(o_custkey = customer.c_custkey)","Rows Removed by Index Recheck": 0,"Workers": []}]},{"Node Type": "Index Scan","Parent Relationship": "Inner","Parallel Aware": false,"Async Capable": false,"Scan Direction": "Forward","Index Name": "idx_lineitem_orderkey","Relation Name": "lineitem","Alias": "lineitem","Startup Cost": 0.43,"Total Cost": 1.14,"Plan Rows": 5,"Plan Width": 24,"Actual Startup Time": 0.016,"Actual Total Time": 0.017,"Actual Rows": 1,"Actual Loops": 122612,"Index Cond": "(l_orderkey = orders.o_orderkey)","Rows Removed by Index Recheck": 0,"Filter": "((l_shipdate >= '1995-01-01'::date) AND (l_shipdate <= '1996-12-31'::date))","Rows Removed by Filter": 3,"Workers": []}]},{"Node Type": "Hash","Parent Relationship": "Inner","Parallel Aware": false,"Async Capable": false,"Startup Cost": 354.10,"Total Cost": 354.10,"Plan Rows": 784,"Plan Width": 108,"Actual Startup Time": 9.442,"Actual Total Time": 9.454,"Actual Rows": 800,"Actual Loops": 3,"Hash Buckets": 1024,"Original Hash Buckets": 1024,"Hash Batches": 1,"Original Hash Batches": 1,"Peak Memory Usage": 57,"Workers": [],"Plans": [{"Node Type": "Hash Join","Parent Relationship": "Outer","Parallel Aware": false,"Async Capable": false,"Join Type": "Inner","Startup Cost": 1.40,"Total Cost": 354.10,"Plan Rows": 784,"Plan Width": 108,"Actual Startup Time": 0.103,"Actual Total Time": 9.260,"Actual Rows": 800,"Actual Loops": 3,"Inner Unique": true,"Hash Cond": "(supplier.s_nationkey = n1.n_nationkey)","Workers": [],"Plans": [{"Node Type": "Seq Scan","Parent Relationship": "Outer","Parallel Aware": false,"Async Capable": false,"Relation Name": "supplier","Alias": "supplier","Startup Cost": 0.00,"Total Cost": 322.00,"Plan Rows": 10000,"Plan Width": 8,"Actual Startup Time": 0.035,"Actual Total Time": 4.091,"Actual Rows": 10000,"Actual Loops": 3,"Workers": []},{"Node Type": "Hash","Parent Relationship": "Inner","Parallel Aware": false,"Async Capable": false,"Startup Cost": 1.38,"Total Cost": 1.38,"Plan Rows": 2,"Plan Width": 108,"Actual Startup Time": 0.021,"Actual Total Time": 0.023,"Actual Rows": 2,"Actual Loops": 3,"Hash Buckets": 1024,"Original Hash Buckets": 1024,"Hash Batches": 1,"Original Hash Batches": 1,"Peak Memory Usage": 9,"Workers": [],"Plans": [{"Node Type": "Seq Scan","Parent Relationship": "Outer","Parallel Aware": false,"Async Capable": false,"Relation Name": "nation","Alias": "n1","Startup Cost": 0.00,"Total Cost": 1.38,"Plan Rows": 2,"Plan Width": 108,"Actual Startup Time": 0.006,"Actual Total Time": 0.012,"Actual Rows": 2,"Actual Loops": 3,"Filter": "((n_name = 'FRANCE'::bpchar) OR (n_name = 'ROMANIA'::bpchar))","Rows Removed by Filter": 23,"Workers": []}]}]}]}]}]}]}]}]},"Planning Time": 8.633,"Triggers": [],"Execution Time": 1003.804}]
[{"Plan": {"Node Type": "Aggregate","Strategy": "Sorted","Partial Mode": "Finalize","Parallel Aware": false,"Async Capable": false,"Startup Cost": 72556.41,"Total Cost": 73352.71,"Plan Rows": 5893,"Plan Width": 272,"Actual Startup Time": 928.103,"Actual Total Time": 985.842,"Actual Rows": 4,"Actual Loops": 1,"Group Key": ["n1.n_name", "n2.n_name", "(EXTRACT(year FROM lineitem.l_shipdate))"],"Plans": [{"Node Type": "Gather Merge","Parent Relationship": "Outer","Parallel Aware": false,"Async Capable": false,"Startup Cost": 72556.41,"Total Cost": 73202.94,"Plan Rows": 4910,"Plan Width": 272,"Actual Startup Time": 927.586,"Actual Total Time": 985.770,"Actual Rows": 12,"Actual Loops": 1,"Workers Planned": 2,"Workers Launched": 2,"Plans": [{"Node Type": "Aggregate","Strategy": "Sorted","Partial Mode": "Partial","Parent Relationship": "Outer","Parallel Aware": false,"Async Capable": false,"Startup Cost": 71556.39,"Total Cost": 71636.18,"Plan Rows": 2455,"Plan Width": 272,"Actual Startup Time": 919.414,"Actual Total Time": 920.158,"Actual Rows": 4,"Actual Loops": 3,"Group Key": ["n1.n_name", "n2.n_name", "(EXTRACT(year FROM lineitem.l_shipdate))"],"Workers": [],"Plans": [{"Node Type": "Sort","Parent Relationship": "Outer","Parallel Aware": false,"Async Capable": false,"Startup Cost": 71556.39,"Total Cost": 71562.53,"Plan Rows": 2455,"Plan Width": 252,"Actual Startup Time": 919.154,"Actual Total Time": 919.275,"Actual Rows": 1921,"Actual Loops": 3,"Sort Key": ["n1.n_name", "n2.n_name", "(EXTRACT(year FROM lineitem.l_shipdate))"],"Sort Method": "quicksort","Sort Space Used": 260,"Sort Space Type": "Memory","Workers": [{"Worker Number": 0,"Sort Method": "quicksort","Sort Space Used": 251,"Sort Space Type": "Memory"},{"Worker Number": 1,"Sort Method": "quicksort","Sort Space Used": 265,"Sort Space Type": "Memory"}],"Plans": [{"Node Type": "Hash Join","Parent Relationship": "Outer","Parallel Aware": false,"Async Capable": false,"Join Type": "Inner","Startup Cost": 366.16,"Total Cost": 71418.15,"Plan Rows": 2455,"Plan Width": 252,"Actual Startup Time": 10.161,"Actual Total Time": 917.389,"Actual Rows": 1921,"Actual Loops": 3,"Inner Unique": false,"Hash Cond": "(lineitem.l_suppkey = supplier.s_suppkey)","Join Filter": "(((n1.n_name = 'IRAN'::bpchar) AND (n2.n_name = 'ARGENTINA'::bpchar)) OR ((n1.n_name = 'ARGENTINA'::bpchar) AND (n2.n_name = 'IRAN'::bpchar)))","Rows Removed by Join Filter": 1901,"Workers": [],"Plans": [{"Node Type": "Nested Loop","Parent Relationship": "Outer","Parallel Aware": false,"Async Capable": false,"Join Type": "Inner","Startup Cost": 2.26,"Total Cost": 70727.78,"Plan Rows": 60250,"Plan Width": 124,"Actual Startup Time": 0.771,"Actual Total Time": 901.371,"Actual Rows": 48369,"Actual Loops": 3,"Inner Unique": false,"Workers": [],"Plans": [{"Node Type": "Nested Loop","Parent Relationship": "Outer","Parallel Aware": false,"Async Capable": false,"Join Type": "Inner","Startup Cost": 1.83,"Total Cost": 12400.01,"Plan Rows": 49000,"Plan Width": 108,"Actual Startup Time": 0.344,"Actual Total Time": 227.980,"Actual Rows": 39741,"Actual Loops": 3,"Inner Unique": false,"Workers": [],"Plans": [{"Node Type": "Hash Join","Parent Relationship": "Outer","Parallel Aware": false,"Async Capable": false,"Join Type": "Inner","Startup Cost": 1.40,"Total Cost": 4403.27,"Plan Rows": 4900,"Plan Width": 108,"Actual Startup Time": 0.226,"Actual Total Time": 49.054,"Actual Rows": 3995,"Actual Loops": 3,"Inner Unique": true,"Hash Cond": "(customer.c_nationkey = n2.n_nationkey)","Workers": [],"Plans": [{"Node Type": "Seq Scan","Parent Relationship": "Outer","Parallel Aware": true,"Async Capable": false,"Relation Name": "customer","Alias": "customer","Startup Cost": 0.00,"Total Cost": 4210.00,"Plan Rows": 62500,"Plan Width": 8,"Actual Startup Time": 0.012,"Actual Total Time": 9.618,"Actual Rows": 50000,"Actual Loops": 3,"Workers": []},{"Node Type": "Hash","Parent Relationship": "Inner","Parallel Aware": false,"Async Capable": false,"Startup Cost": 1.38,"Total Cost": 1.38,"Plan Rows": 2,"Plan Width": 108,"Actual Startup Time": 0.100,"Actual Total Time": 0.108,"Actual Rows": 2,"Actual Loops": 3,"Hash Buckets": 1024,"Original Hash Buckets": 1024,"Hash Batches": 1,"Original Hash Batches": 1,"Peak Memory Usage": 9,"Workers": [],"Plans": [{"Node Type": "Seq Scan","Parent Relationship": "Outer","Parallel Aware": false,"Async Capable": false,"Relation Name": "nation","Alias": "n2","Startup Cost": 0.00,"Total Cost": 1.38,"Plan Rows": 2,"Plan Width": 108,"Actual Startup Time": 0.074,"Actual Total Time": 0.083,"Actual Rows": 2,"Actual Loops": 3,"Filter": "((n_name = 'ARGENTINA'::bpchar) OR (n_name = 'IRAN'::bpchar))","Rows Removed by Filter": 23,"Workers": []}]}]},{"Node Type": "Index Scan","Parent Relationship": "Inner","Parallel Aware": false,"Async Capable": false,"Scan Direction": "Forward","Index Name": "idx_orders_custkey","Relation Name": "orders","Alias": "orders","Startup Cost": 0.43,"Total Cost": 1.46,"Plan Rows": 17,"Plan Width": 8,"Actual Startup Time": 0.007,"Actual Total Time": 0.044,"Actual Rows": 10,"Actual Loops": 11984,"Index Cond": "(o_custkey = customer.c_custkey)","Rows Removed by Index Recheck": 0,"Workers": []}]},{"Node Type": "Index Scan","Parent Relationship": "Inner","Parallel Aware": false,"Async Capable": false,"Scan Direction": "Forward","Index Name": "idx_lineitem_orderkey","Relation Name": "lineitem","Alias": "lineitem","Startup Cost": 0.43,"Total Cost": 1.14,"Plan Rows": 5,"Plan Width": 24,"Actual Startup Time": 0.016,"Actual Total Time": 0.017,"Actual Rows": 1,"Actual Loops": 119222,"Index Cond": "(l_orderkey = orders.o_orderkey)","Rows Removed by Index Recheck": 0,"Filter": "((l_shipdate >= '1995-01-01'::date) AND (l_shipdate <= '1996-12-31'::date))","Rows Removed by Filter": 3,"Workers": []}]},{"Node Type": "Hash","Parent Relationship": "Inner","Parallel Aware": false,"Async Capable": false,"Startup Cost": 354.10,"Total Cost": 354.10,"Plan Rows": 784,"Plan Width": 108,"Actual Startup Time": 8.685,"Actual Total Time": 8.701,"Actual Rows": 806,"Actual Loops": 3,"Hash Buckets": 1024,"Original Hash Buckets": 1024,"Hash Batches": 1,"Original Hash Batches": 1,"Peak Memory Usage": 57,"Workers": [],"Plans": [{"Node Type": "Hash Join","Parent Relationship": "Outer","Parallel Aware": false,"Async Capable": false,"Join Type": "Inner","Startup Cost": 1.40,"Total Cost": 354.10,"Plan Rows": 784,"Plan Width": 108,"Actual Startup Time": 0.081,"Actual Total Time": 8.482,"Actual Rows": 806,"Actual Loops": 3,"Inner Unique": true,"Hash Cond": "(supplier.s_nationkey = n1.n_nationkey)","Workers": [],"Plans": [{"Node Type": "Seq Scan","Parent Relationship": "Outer","Parallel Aware": false,"Async Capable": false,"Relation Name": "supplier","Alias": "supplier","Startup Cost": 0.00,"Total Cost": 322.00,"Plan Rows": 10000,"Plan Width": 8,"Actual Startup Time": 0.031,"Actual Total Time": 4.366,"Actual Rows": 10000,"Actual Loops": 3,"Workers": []},{"Node Type": "Hash","Parent Relationship": "Inner","Parallel Aware": false,"Async Capable": false,"Startup Cost": 1.38,"Total Cost": 1.38,"Plan Rows": 2,"Plan Width": 108,"Actual Startup Time": 0.020,"Actual Total Time": 0.023,"Actual Rows": 2,"Actual Loops": 3,"Hash Buckets": 1024,"Original Hash Buckets": 1024,"Hash Batches": 1,"Original Hash Batches": 1,"Peak Memory Usage": 9,"Workers": [],"Plans": [{"Node Type": "Seq Scan","Parent Relationship": "Outer","Parallel Aware": false,"Async Capable": false,"Relation Name": "nation","Alias": "n1","Startup Cost": 0.00,"Total Cost": 1.38,"Plan Rows": 2,"Plan Width": 108,"Actual Startup Time": 0.007,"Actual Total Time": 0.014,"Actual Rows": 2,"Actual Loops": 3,"Filter": "((n_name = 'IRAN'::bpchar) OR (n_name = 'ARGENTINA'::bpchar))","Rows Removed by Filter": 23,"Workers": []}]}]}]}]}]}]}]}]},"Planning Time": 8.001,"Triggers": [],"Execution Time": 986.297}]
[{"Plan": {"Node Type": "Aggregate","Strategy": "Sorted","Partial Mode": "Finalize","Parallel Aware": false,"Async Capable": false,"Startup Cost": 72556.41,"Total Cost": 73352.71,"Plan Rows": 5893,"Plan Width": 272,"Actual Startup Time": 930.130,"Actual Total Time": 974.555,"Actual Rows": 4,"Actual Loops": 1,"Group Key": ["n1.n_name", "n2.n_name", "(EXTRACT(year FROM lineitem.l_shipdate))"],"Plans": [{"Node Type": "Gather Merge","Parent Relationship": "Outer","Parallel Aware": false,"Async Capable": false,"Startup Cost": 72556.41,"Total Cost": 73202.94,"Plan Rows": 4910,"Plan Width": 272,"Actual Startup Time": 929.432,"Actual Total Time": 974.461,"Actual Rows": 12,"Actual Loops": 1,"Workers Planned": 2,"Workers Launched": 2,"Plans": [{"Node Type": "Aggregate","Strategy": "Sorted","Partial Mode": "Partial","Parent Relationship": "Outer","Parallel Aware": false,"Async Capable": false,"Startup Cost": 71556.39,"Total Cost": 71636.18,"Plan Rows": 2455,"Plan Width": 272,"Actual Startup Time": 920.918,"Actual Total Time": 921.714,"Actual Rows": 4,"Actual Loops": 3,"Group Key": ["n1.n_name", "n2.n_name", "(EXTRACT(year FROM lineitem.l_shipdate))"],"Workers": [],"Plans": [{"Node Type": "Sort","Parent Relationship": "Outer","Parallel Aware": false,"Async Capable": false,"Startup Cost": 71556.39,"Total Cost": 71562.53,"Plan Rows": 2455,"Plan Width": 252,"Actual Startup Time": 920.657,"Actual Total Time": 920.775,"Actual Rows": 1928,"Actual Loops": 3,"Sort Key": ["n1.n_name", "n2.n_name", "(EXTRACT(year FROM lineitem.l_shipdate))"],"Sort Method": "quicksort","Sort Space Used": 321,"Sort Space Type": "Memory","Workers": [{"Worker Number": 0,"Sort Method": "quicksort","Sort Space Used": 255,"Sort Space Type": "Memory"},{"Worker Number": 1,"Sort Method": "quicksort","Sort Space Used": 250,"Sort Space Type": "Memory"}],"Plans": [{"Node Type": "Hash Join","Parent Relationship": "Outer","Parallel Aware": false,"Async Capable": false,"Join Type": "Inner","Startup Cost": 366.16,"Total Cost": 71418.15,"Plan Rows": 2455,"Plan Width": 252,"Actual Startup Time": 14.055,"Actual Total Time": 918.807,"Actual Rows": 1928,"Actual Loops": 3,"Inner Unique": false,"Hash Cond": "(lineitem.l_suppkey = supplier.s_suppkey)","Join Filter": "(((n1.n_name = 'INDONESIA'::bpchar) AND (n2.n_name = 'IRAN'::bpchar)) OR ((n1.n_name = 'IRAN'::bpchar) AND (n2.n_name = 'INDONESIA'::bpchar)))","Rows Removed by Join Filter": 1954,"Workers": [],"Plans": [{"Node Type": "Nested Loop","Parent Relationship": "Outer","Parallel Aware": false,"Async Capable": false,"Join Type": "Inner","Startup Cost": 2.26,"Total Cost": 70727.78,"Plan Rows": 60250,"Plan Width": 124,"Actual Startup Time": 0.457,"Actual Total Time": 899.984,"Actual Rows": 49182,"Actual Loops": 3,"Inner Unique": false,"Workers": [],"Plans": [{"Node Type": "Nested Loop","Parent Relationship": "Outer","Parallel Aware": false,"Async Capable": false,"Join Type": "Inner","Startup Cost": 1.83,"Total Cost": 12400.01,"Plan Rows": 49000,"Plan Width": 108,"Actual Startup Time": 0.271,"Actual Total Time": 221.938,"Actual Rows": 40351,"Actual Loops": 3,"Inner Unique": false,"Workers": [],"Plans": [{"Node Type": "Hash Join","Parent Relationship": "Outer","Parallel Aware": false,"Async Capable": false,"Join Type": "Inner","Startup Cost": 1.40,"Total Cost": 4403.27,"Plan Rows": 4900,"Plan Width": 108,"Actual Startup Time": 0.163,"Actual Total Time": 42.981,"Actual Rows": 4057,"Actual Loops": 3,"Inner Unique": true,"Hash Cond": "(customer.c_nationkey = n2.n_nationkey)","Workers": [],"Plans": [{"Node Type": "Seq Scan","Parent Relationship": "Outer","Parallel Aware": true,"Async Capable": false,"Relation Name": "customer","Alias": "customer","Startup Cost": 0.00,"Total Cost": 4210.00,"Plan Rows": 62500,"Plan Width": 8,"Actual Startup Time": 0.014,"Actual Total Time": 9.134,"Actual Rows": 50000,"Actual Loops": 3,"Workers": []},{"Node Type": "Hash","Parent Relationship": "Inner","Parallel Aware": false,"Async Capable": false,"Startup Cost": 1.38,"Total Cost": 1.38,"Plan Rows": 2,"Plan Width": 108,"Actual Startup Time": 0.071,"Actual Total Time": 0.076,"Actual Rows": 2,"Actual Loops": 3,"Hash Buckets": 1024,"Original Hash Buckets": 1024,"Hash Batches": 1,"Original Hash Batches": 1,"Peak Memory Usage": 9,"Workers": [],"Plans": [{"Node Type": "Seq Scan","Parent Relationship": "Outer","Parallel Aware": false,"Async Capable": false,"Relation Name": "nation","Alias": "n2","Startup Cost": 0.00,"Total Cost": 1.38,"Plan Rows": 2,"Plan Width": 108,"Actual Startup Time": 0.054,"Actual Total Time": 0.058,"Actual Rows": 2,"Actual Loops": 3,"Filter": "((n_name = 'IRAN'::bpchar) OR (n_name = 'INDONESIA'::bpchar))","Rows Removed by Filter": 23,"Workers": []}]}]},{"Node Type": "Index Scan","Parent Relationship": "Inner","Parallel Aware": false,"Async Capable": false,"Scan Direction": "Forward","Index Name": "idx_orders_custkey","Relation Name": "orders","Alias": "orders","Startup Cost": 0.43,"Total Cost": 1.46,"Plan Rows": 17,"Plan Width": 8,"Actual Startup Time": 0.007,"Actual Total Time": 0.043,"Actual Rows": 10,"Actual Loops": 12170,"Index Cond": "(o_custkey = customer.c_custkey)","Rows Removed by Index Recheck": 0,"Workers": []}]},{"Node Type": "Index Scan","Parent Relationship": "Inner","Parallel Aware": false,"Async Capable": false,"Scan Direction": "Forward","Index Name": "idx_lineitem_orderkey","Relation Name": "lineitem","Alias": "lineitem","Startup Cost": 0.43,"Total Cost": 1.14,"Plan Rows": 5,"Plan Width": 24,"Actual Startup Time": 0.016,"Actual Total Time": 0.017,"Actual Rows": 1,"Actual Loops": 121052,"Index Cond": "(l_orderkey = orders.o_orderkey)","Rows Removed by Index Recheck": 0,"Filter": "((l_shipdate >= '1995-01-01'::date) AND (l_shipdate <= '1996-12-31'::date))","Rows Removed by Filter": 3,"Workers": []}]},{"Node Type": "Hash","Parent Relationship": "Inner","Parallel Aware": false,"Async Capable": false,"Startup Cost": 354.10,"Total Cost": 354.10,"Plan Rows": 784,"Plan Width": 108,"Actual Startup Time": 11.607,"Actual Total Time": 11.622,"Actual Rows": 798,"Actual Loops": 3,"Hash Buckets": 1024,"Original Hash Buckets": 1024,"Hash Batches": 1,"Original Hash Batches": 1,"Peak Memory Usage": 57,"Workers": [],"Plans": [{"Node Type": "Hash Join","Parent Relationship": "Outer","Parallel Aware": false,"Async Capable": false,"Join Type": "Inner","Startup Cost": 1.40,"Total Cost": 354.10,"Plan Rows": 784,"Plan Width": 108,"Actual Startup Time": 0.078,"Actual Total Time": 11.428,"Actual Rows": 798,"Actual Loops": 3,"Inner Unique": true,"Hash Cond": "(supplier.s_nationkey = n1.n_nationkey)","Workers": [],"Plans": [{"Node Type": "Seq Scan","Parent Relationship": "Outer","Parallel Aware": false,"Async Capable": false,"Relation Name": "supplier","Alias": "supplier","Startup Cost": 0.00,"Total Cost": 322.00,"Plan Rows": 10000,"Plan Width": 8,"Actual Startup Time": 0.028,"Actual Total Time": 4.571,"Actual Rows": 10000,"Actual Loops": 3,"Workers": []},{"Node Type": "Hash","Parent Relationship": "Inner","Parallel Aware": false,"Async Capable": false,"Startup Cost": 1.38,"Total Cost": 1.38,"Plan Rows": 2,"Plan Width": 108,"Actual Startup Time": 0.014,"Actual Total Time": 0.019,"Actual Rows": 2,"Actual Loops": 3,"Hash Buckets": 1024,"Original Hash Buckets": 1024,"Hash Batches": 1,"Original Hash Batches": 1,"Peak Memory Usage": 9,"Workers": [],"Plans": [{"Node Type": "Seq Scan","Parent Relationship": "Outer","Parallel Aware": false,"Async Capable": false,"Relation Name": "nation","Alias": "n1","Startup Cost": 0.00,"Total Cost": 1.38,"Plan Rows": 2,"Plan Width": 108,"Actual Startup Time": 0.005,"Actual Total Time": 0.009,"Actual Rows": 2,"Actual Loops": 3,"Filter": "((n_name = 'INDONESIA'::bpchar) OR (n_name = 'IRAN'::bpchar))","Rows Removed by Filter": 23,"Workers": []}]}]}]}]}]}]}]}]},"Planning Time": 8.710,"Triggers": [],"Execution Time": 974.978}]
[{"Plan": {"Node Type": "Aggregate","Strategy": "Sorted","Partial Mode": "Finalize","Parallel Aware": false,"Async Capable": false,"Startup Cost": 72556.41,"Total Cost": 73352.71,"Plan Rows": 5893,"Plan Width": 272,"Actual Startup Time": 927.723,"Actual Total Time": 984.370,"Actual Rows": 4,"Actual Loops": 1,"Group Key": ["n1.n_name", "n2.n_name", "(EXTRACT(year FROM lineitem.l_shipdate))"],"Plans": [{"Node Type": "Gather Merge","Parent Relationship": "Outer","Parallel Aware": false,"Async Capable": false,"Startup Cost": 72556.41,"Total Cost": 73202.94,"Plan Rows": 4910,"Plan Width": 272,"Actual Startup Time": 927.467,"Actual Total Time": 984.323,"Actual Rows": 12,"Actual Loops": 1,"Workers Planned": 2,"Workers Launched": 2,"Plans": [{"Node Type": "Aggregate","Strategy": "Sorted","Partial Mode": "Partial","Parent Relationship": "Outer","Parallel Aware": false,"Async Capable": false,"Startup Cost": 71556.39,"Total Cost": 71636.18,"Plan Rows": 2455,"Plan Width": 272,"Actual Startup Time": 920.028,"Actual Total Time": 920.702,"Actual Rows": 4,"Actual Loops": 3,"Group Key": ["n1.n_name", "n2.n_name", "(EXTRACT(year FROM lineitem.l_shipdate))"],"Workers": [],"Plans": [{"Node Type": "Sort","Parent Relationship": "Outer","Parallel Aware": false,"Async Capable": false,"Startup Cost": 71556.39,"Total Cost": 71562.53,"Plan Rows": 2455,"Plan Width": 252,"Actual Startup Time": 919.746,"Actual Total Time": 919.858,"Actual Rows": 1940,"Actual Loops": 3,"Sort Key": ["n1.n_name", "n2.n_name", "(EXTRACT(year FROM lineitem.l_shipdate))"],"Sort Method": "quicksort","Sort Space Used": 254,"Sort Space Type": "Memory","Workers": [{"Worker Number": 0,"Sort Method": "quicksort","Sort Space Used": 259,"Sort Space Type": "Memory"},{"Worker Number": 1,"Sort Method": "quicksort","Sort Space Used": 269,"Sort Space Type": "Memory"}],"Plans": [{"Node Type": "Hash Join","Parent Relationship": "Outer","Parallel Aware": false,"Async Capable": false,"Join Type": "Inner","Startup Cost": 366.16,"Total Cost": 71418.15,"Plan Rows": 2455,"Plan Width": 252,"Actual Startup Time": 9.159,"Actual Total Time": 917.862,"Actual Rows": 1940,"Actual Loops": 3,"Inner Unique": false,"Hash Cond": "(lineitem.l_suppkey = supplier.s_suppkey)","Join Filter": "(((n1.n_name = 'ETHIOPIA'::bpchar) AND (n2.n_name = 'CANADA'::bpchar)) OR ((n1.n_name = 'CANADA'::bpchar) AND (n2.n_name = 'ETHIOPIA'::bpchar)))","Rows Removed by Join Filter": 1946,"Workers": [],"Plans": [{"Node Type": "Nested Loop","Parent Relationship": "Outer","Parallel Aware": false,"Async Capable": false,"Join Type": "Inner","Startup Cost": 2.26,"Total Cost": 70727.78,"Plan Rows": 60250,"Plan Width": 124,"Actual Startup Time": 0.570,"Actual Total Time": 902.507,"Actual Rows": 48873,"Actual Loops": 3,"Inner Unique": false,"Workers": [],"Plans": [{"Node Type": "Nested Loop","Parent Relationship": "Outer","Parallel Aware": false,"Async Capable": false,"Join Type": "Inner","Startup Cost": 1.83,"Total Cost": 12400.01,"Plan Rows": 49000,"Plan Width": 108,"Actual Startup Time": 0.271,"Actual Total Time": 226.983,"Actual Rows": 40062,"Actual Loops": 3,"Inner Unique": false,"Workers": [],"Plans": [{"Node Type": "Hash Join","Parent Relationship": "Outer","Parallel Aware": false,"Async Capable": false,"Join Type": "Inner","Startup Cost": 1.40,"Total Cost": 4403.27,"Plan Rows": 4900,"Plan Width": 108,"Actual Startup Time": 0.165,"Actual Total Time": 47.151,"Actual Rows": 3991,"Actual Loops": 3,"Inner Unique": true,"Hash Cond": "(customer.c_nationkey = n2.n_nationkey)","Workers": [],"Plans": [{"Node Type": "Seq Scan","Parent Relationship": "Outer","Parallel Aware": true,"Async Capable": false,"Relation Name": "customer","Alias": "customer","Startup Cost": 0.00,"Total Cost": 4210.00,"Plan Rows": 62500,"Plan Width": 8,"Actual Startup Time": 0.013,"Actual Total Time": 9.475,"Actual Rows": 50000,"Actual Loops": 3,"Workers": []},{"Node Type": "Hash","Parent Relationship": "Inner","Parallel Aware": false,"Async Capable": false,"Startup Cost": 1.38,"Total Cost": 1.38,"Plan Rows": 2,"Plan Width": 108,"Actual Startup Time": 0.077,"Actual Total Time": 0.083,"Actual Rows": 2,"Actual Loops": 3,"Hash Buckets": 1024,"Original Hash Buckets": 1024,"Hash Batches": 1,"Original Hash Batches": 1,"Peak Memory Usage": 9,"Workers": [],"Plans": [{"Node Type": "Seq Scan","Parent Relationship": "Outer","Parallel Aware": false,"Async Capable": false,"Relation Name": "nation","Alias": "n2","Startup Cost": 0.00,"Total Cost": 1.38,"Plan Rows": 2,"Plan Width": 108,"Actual Startup Time": 0.052,"Actual Total Time": 0.060,"Actual Rows": 2,"Actual Loops": 3,"Filter": "((n_name = 'CANADA'::bpchar) OR (n_name = 'ETHIOPIA'::bpchar))","Rows Removed by Filter": 23,"Workers": []}]}]},{"Node Type": "Index Scan","Parent Relationship": "Inner","Parallel Aware": false,"Async Capable": false,"Scan Direction": "Forward","Index Name": "idx_orders_custkey","Relation Name": "orders","Alias": "orders","Startup Cost": 0.43,"Total Cost": 1.46,"Plan Rows": 17,"Plan Width": 8,"Actual Startup Time": 0.007,"Actual Total Time": 0.044,"Actual Rows": 10,"Actual Loops": 11972,"Index Cond": "(o_custkey = customer.c_custkey)","Rows Removed by Index Recheck": 0,"Workers": []}]},{"Node Type": "Index Scan","Parent Relationship": "Inner","Parallel Aware": false,"Async Capable": false,"Scan Direction": "Forward","Index Name": "idx_lineitem_orderkey","Relation Name": "lineitem","Alias": "lineitem","Startup Cost": 0.43,"Total Cost": 1.14,"Plan Rows": 5,"Plan Width": 24,"Actual Startup Time": 0.016,"Actual Total Time": 0.017,"Actual Rows": 1,"Actual Loops": 120186,"Index Cond": "(l_orderkey = orders.o_orderkey)","Rows Removed by Index Recheck": 0,"Filter": "((l_shipdate >= '1995-01-01'::date) AND (l_shipdate <= '1996-12-31'::date))","Rows Removed by Filter": 3,"Workers": []}]},{"Node Type": "Hash","Parent Relationship": "Inner","Parallel Aware": false,"Async Capable": false,"Startup Cost": 354.10,"Total Cost": 354.10,"Plan Rows": 784,"Plan Width": 108,"Actual Startup Time": 8.107,"Actual Total Time": 8.125,"Actual Rows": 792,"Actual Loops": 3,"Hash Buckets": 1024,"Original Hash Buckets": 1024,"Hash Batches": 1,"Original Hash Batches": 1,"Peak Memory Usage": 56,"Workers": [],"Plans": [{"Node Type": "Hash Join","Parent Relationship": "Outer","Parallel Aware": false,"Async Capable": false,"Join Type": "Inner","Startup Cost": 1.40,"Total Cost": 354.10,"Plan Rows": 784,"Plan Width": 108,"Actual Startup Time": 0.076,"Actual Total Time": 7.895,"Actual Rows": 792,"Actual Loops": 3,"Inner Unique": true,"Hash Cond": "(supplier.s_nationkey = n1.n_nationkey)","Workers": [],"Plans": [{"Node Type": "Seq Scan","Parent Relationship": "Outer","Parallel Aware": false,"Async Capable": false,"Relation Name": "supplier","Alias": "supplier","Startup Cost": 0.00,"Total Cost": 322.00,"Plan Rows": 10000,"Plan Width": 8,"Actual Startup Time": 0.032,"Actual Total Time": 4.290,"Actual Rows": 10000,"Actual Loops": 3,"Workers": []},{"Node Type": "Hash","Parent Relationship": "Inner","Parallel Aware": false,"Async Capable": false,"Startup Cost": 1.38,"Total Cost": 1.38,"Plan Rows": 2,"Plan Width": 108,"Actual Startup Time": 0.015,"Actual Total Time": 0.021,"Actual Rows": 2,"Actual Loops": 3,"Hash Buckets": 1024,"Original Hash Buckets": 1024,"Hash Batches": 1,"Original Hash Batches": 1,"Peak Memory Usage": 9,"Workers": [],"Plans": [{"Node Type": "Seq Scan","Parent Relationship": "Outer","Parallel Aware": false,"Async Capable": false,"Relation Name": "nation","Alias": "n1","Startup Cost": 0.00,"Total Cost": 1.38,"Plan Rows": 2,"Plan Width": 108,"Actual Startup Time": 0.006,"Actual Total Time": 0.012,"Actual Rows": 2,"Actual Loops": 3,"Filter": "((n_name = 'ETHIOPIA'::bpchar) OR (n_name = 'CANADA'::bpchar))","Rows Removed by Filter": 23,"Workers": []}]}]}]}]}]}]}]}]},"Planning Time": 8.583,"Triggers": [],"Execution Time": 984.819}]
[{"Plan": {"Node Type": "Aggregate","Strategy": "Sorted","Partial Mode": "Finalize","Parallel Aware": false,"Async Capable": false,"Startup Cost": 72556.41,"Total Cost": 73352.71,"Plan Rows": 5893,"Plan Width": 272,"Actual Startup Time": 931.099,"Actual Total Time": 973.898,"Actual Rows": 4,"Actual Loops": 1,"Group Key": ["n1.n_name", "n2.n_name", "(EXTRACT(year FROM lineitem.l_shipdate))"],"Plans": [{"Node Type": "Gather Merge","Parent Relationship": "Outer","Parallel Aware": false,"Async Capable": false,"Startup Cost": 72556.41,"Total Cost": 73202.94,"Plan Rows": 4910,"Plan Width": 272,"Actual Startup Time": 930.590,"Actual Total Time": 973.841,"Actual Rows": 12,"Actual Loops": 1,"Workers Planned": 2,"Workers Launched": 2,"Plans": [{"Node Type": "Aggregate","Strategy": "Sorted","Partial Mode": "Partial","Parent Relationship": "Outer","Parallel Aware": false,"Async Capable": false,"Startup Cost": 71556.39,"Total Cost": 71636.18,"Plan Rows": 2455,"Plan Width": 272,"Actual Startup Time": 922.009,"Actual Total Time": 922.778,"Actual Rows": 4,"Actual Loops": 3,"Group Key": ["n1.n_name", "n2.n_name", "(EXTRACT(year FROM lineitem.l_shipdate))"],"Workers": [],"Plans": [{"Node Type": "Sort","Parent Relationship": "Outer","Parallel Aware": false,"Async Capable": false,"Startup Cost": 71556.39,"Total Cost": 71562.53,"Plan Rows": 2455,"Plan Width": 252,"Actual Startup Time": 921.751,"Actual Total Time": 921.862,"Actual Rows": 1936,"Actual Loops": 3,"Sort Key": ["n1.n_name", "n2.n_name", "(EXTRACT(year FROM lineitem.l_shipdate))"],"Sort Method": "quicksort","Sort Space Used": 270,"Sort Space Type": "Memory","Workers": [{"Worker Number": 0,"Sort Method": "quicksort","Sort Space Used": 259,"Sort Space Type": "Memory"},{"Worker Number": 1,"Sort Method": "quicksort","Sort Space Used": 252,"Sort Space Type": "Memory"}],"Plans": [{"Node Type": "Hash Join","Parent Relationship": "Outer","Parallel Aware": false,"Async Capable": false,"Join Type": "Inner","Startup Cost": 366.16,"Total Cost": 71418.15,"Plan Rows": 2455,"Plan Width": 252,"Actual Startup Time": 14.408,"Actual Total Time": 919.961,"Actual Rows": 1936,"Actual Loops": 3,"Inner Unique": false,"Hash Cond": "(lineitem.l_suppkey = supplier.s_suppkey)","Join Filter": "(((n1.n_name = 'IRAN'::bpchar) AND (n2.n_name = 'MOZAMBIQUE'::bpchar)) OR ((n1.n_name = 'MOZAMBIQUE'::bpchar) AND (n2.n_name = 'IRAN'::bpchar)))","Rows Removed by Join Filter": 1945,"Workers": [],"Plans": [{"Node Type": "Nested Loop","Parent Relationship": "Outer","Parallel Aware": false,"Async Capable": false,"Join Type": "Inner","Startup Cost": 2.26,"Total Cost": 70727.78,"Plan Rows": 60250,"Plan Width": 124,"Actual Startup Time": 0.567,"Actual Total Time": 902.066,"Actual Rows": 48762,"Actual Loops": 3,"Inner Unique": false,"Workers": [],"Plans": [{"Node Type": "Nested Loop","Parent Relationship": "Outer","Parallel Aware": false,"Async Capable": false,"Join Type": "Inner","Startup Cost": 1.83,"Total Cost": 12400.01,"Plan Rows": 49000,"Plan Width": 108,"Actual Startup Time": 0.293,"Actual Total Time": 222.864,"Actual Rows": 40314,"Actual Loops": 3,"Inner Unique": false,"Workers": [],"Plans": [{"Node Type": "Hash Join","Parent Relationship": "Outer","Parallel Aware": false,"Async Capable": false,"Join Type": "Inner","Startup Cost": 1.40,"Total Cost": 4403.27,"Plan Rows": 4900,"Plan Width": 108,"Actual Startup Time": 0.180,"Actual Total Time": 43.881,"Actual Rows": 3994,"Actual Loops": 3,"Inner Unique": true,"Hash Cond": "(customer.c_nationkey = n2.n_nationkey)","Workers": [],"Plans": [{"Node Type": "Seq Scan","Parent Relationship": "Outer","Parallel Aware": true,"Async Capable": false,"Relation Name": "customer","Alias": "customer","Startup Cost": 0.00,"Total Cost": 4210.00,"Plan Rows": 62500,"Plan Width": 8,"Actual Startup Time": 0.013,"Actual Total Time": 8.991,"Actual Rows": 50000,"Actual Loops": 3,"Workers": []},{"Node Type": "Hash","Parent Relationship": "Inner","Parallel Aware": false,"Async Capable": false,"Startup Cost": 1.38,"Total Cost": 1.38,"Plan Rows": 2,"Plan Width": 108,"Actual Startup Time": 0.079,"Actual Total Time": 0.085,"Actual Rows": 2,"Actual Loops": 3,"Hash Buckets": 1024,"Original Hash Buckets": 1024,"Hash Batches": 1,"Original Hash Batches": 1,"Peak Memory Usage": 9,"Workers": [],"Plans": [{"Node Type": "Seq Scan","Parent Relationship": "Outer","Parallel Aware": false,"Async Capable": false,"Relation Name": "nation","Alias": "n2","Startup Cost": 0.00,"Total Cost": 1.38,"Plan Rows": 2,"Plan Width": 108,"Actual Startup Time": 0.065,"Actual Total Time": 0.070,"Actual Rows": 2,"Actual Loops": 3,"Filter": "((n_name = 'MOZAMBIQUE'::bpchar) OR (n_name = 'IRAN'::bpchar))","Rows Removed by Filter": 23,"Workers": []}]}]},{"Node Type": "Index Scan","Parent Relationship": "Inner","Parallel Aware": false,"Async Capable": false,"Scan Direction": "Forward","Index Name": "idx_orders_custkey","Relation Name": "orders","Alias": "orders","Startup Cost": 0.43,"Total Cost": 1.46,"Plan Rows": 17,"Plan Width": 8,"Actual Startup Time": 0.007,"Actual Total Time": 0.044,"Actual Rows": 10,"Actual Loops": 11983,"Index Cond": "(o_custkey = customer.c_custkey)","Rows Removed by Index Recheck": 0,"Workers": []}]},{"Node Type": "Index Scan","Parent Relationship": "Inner","Parallel Aware": false,"Async Capable": false,"Scan Direction": "Forward","Index Name": "idx_lineitem_orderkey","Relation Name": "lineitem","Alias": "lineitem","Startup Cost": 0.43,"Total Cost": 1.14,"Plan Rows": 5,"Plan Width": 24,"Actual Startup Time": 0.016,"Actual Total Time": 0.017,"Actual Rows": 1,"Actual Loops": 120942,"Index Cond": "(l_orderkey = orders.o_orderkey)","Rows Removed by Index Recheck": 0,"Filter": "((l_shipdate >= '1995-01-01'::date) AND (l_shipdate <= '1996-12-31'::date))","Rows Removed by Filter": 3,"Workers": []}]},{"Node Type": "Hash","Parent Relationship": "Inner","Parallel Aware": false,"Async Capable": false,"Startup Cost": 354.10,"Total Cost": 354.10,"Plan Rows": 784,"Plan Width": 108,"Actual Startup Time": 10.829,"Actual Total Time": 10.844,"Actual Rows": 799,"Actual Loops": 3,"Hash Buckets": 1024,"Original Hash Buckets": 1024,"Hash Batches": 1,"Original Hash Batches": 1,"Peak Memory Usage": 57,"Workers": [],"Plans": [{"Node Type": "Hash Join","Parent Relationship": "Outer","Parallel Aware": false,"Async Capable": false,"Join Type": "Inner","Startup Cost": 1.40,"Total Cost": 354.10,"Plan Rows": 784,"Plan Width": 108,"Actual Startup Time": 0.090,"Actual Total Time": 10.650,"Actual Rows": 799,"Actual Loops": 3,"Inner Unique": true,"Hash Cond": "(supplier.s_nationkey = n1.n_nationkey)","Workers": [],"Plans": [{"Node Type": "Seq Scan","Parent Relationship": "Outer","Parallel Aware": false,"Async Capable": false,"Relation Name": "supplier","Alias": "supplier","Startup Cost": 0.00,"Total Cost": 322.00,"Plan Rows": 10000,"Plan Width": 8,"Actual Startup Time": 0.032,"Actual Total Time": 4.393,"Actual Rows": 10000,"Actual Loops": 3,"Workers": []},{"Node Type": "Hash","Parent Relationship": "Inner","Parallel Aware": false,"Async Capable": false,"Startup Cost": 1.38,"Total Cost": 1.38,"Plan Rows": 2,"Plan Width": 108,"Actual Startup Time": 0.016,"Actual Total Time": 0.020,"Actual Rows": 2,"Actual Loops": 3,"Hash Buckets": 1024,"Original Hash Buckets": 1024,"Hash Batches": 1,"Original Hash Batches": 1,"Peak Memory Usage": 9,"Workers": [],"Plans": [{"Node Type": "Seq Scan","Parent Relationship": "Outer","Parallel Aware": false,"Async Capable": false,"Relation Name": "nation","Alias": "n1","Startup Cost": 0.00,"Total Cost": 1.38,"Plan Rows": 2,"Plan Width": 108,"Actual Startup Time": 0.007,"Actual Total Time": 0.011,"Actual Rows": 2,"Actual Loops": 3,"Filter": "((n_name = 'IRAN'::bpchar) OR (n_name = 'MOZAMBIQUE'::bpchar))","Rows Removed by Filter": 23,"Workers": []}]}]}]}]}]}]}]}]},"Planning Time": 7.851,"Triggers": [],"Execution Time": 974.320}]
[{"Plan": {"Node Type": "Aggregate","Strategy": "Sorted","Partial Mode": "Finalize","Parallel Aware": false,"Async Capable": false,"Startup Cost": 72556.41,"Total Cost": 73352.71,"Plan Rows": 5893,"Plan Width": 272,"Actual Startup Time": 919.861,"Actual Total Time": 971.965,"Actual Rows": 4,"Actual Loops": 1,"Group Key": ["n1.n_name", "n2.n_name", "(EXTRACT(year FROM lineitem.l_shipdate))"],"Plans": [{"Node Type": "Gather Merge","Parent Relationship": "Outer","Parallel Aware": false,"Async Capable": false,"Startup Cost": 72556.41,"Total Cost": 73202.94,"Plan Rows": 4910,"Plan Width": 272,"Actual Startup Time": 918.997,"Actual Total Time": 971.892,"Actual Rows": 12,"Actual Loops": 1,"Workers Planned": 2,"Workers Launched": 2,"Plans": [{"Node Type": "Aggregate","Strategy": "Sorted","Partial Mode": "Partial","Parent Relationship": "Outer","Parallel Aware": false,"Async Capable": false,"Startup Cost": 71556.39,"Total Cost": 71636.18,"Plan Rows": 2455,"Plan Width": 272,"Actual Startup Time": 910.681,"Actual Total Time": 911.612,"Actual Rows": 4,"Actual Loops": 3,"Group Key": ["n1.n_name", "n2.n_name", "(EXTRACT(year FROM lineitem.l_shipdate))"],"Workers": [],"Plans": [{"Node Type": "Sort","Parent Relationship": "Outer","Parallel Aware": false,"Async Capable": false,"Startup Cost": 71556.39,"Total Cost": 71562.53,"Plan Rows": 2455,"Plan Width": 252,"Actual Startup Time": 910.422,"Actual Total Time": 910.547,"Actual Rows": 1987,"Actual Loops": 3,"Sort Key": ["n1.n_name", "n2.n_name", "(EXTRACT(year FROM lineitem.l_shipdate))"],"Sort Method": "quicksort","Sort Space Used": 270,"Sort Space Type": "Memory","Workers": [{"Worker Number": 0,"Sort Method": "quicksort","Sort Space Used": 270,"Sort Space Type": "Memory"},{"Worker Number": 1,"Sort Method": "quicksort","Sort Space Used": 258,"Sort Space Type": "Memory"}],"Plans": [{"Node Type": "Hash Join","Parent Relationship": "Outer","Parallel Aware": false,"Async Capable": false,"Join Type": "Inner","Startup Cost": 366.16,"Total Cost": 71418.15,"Plan Rows": 2455,"Plan Width": 252,"Actual Startup Time": 10.380,"Actual Total Time": 908.520,"Actual Rows": 1987,"Actual Loops": 3,"Inner Unique": false,"Hash Cond": "(lineitem.l_suppkey = supplier.s_suppkey)","Join Filter": "(((n1.n_name = 'GERMANY'::bpchar) AND (n2.n_name = 'PERU'::bpchar)) OR ((n1.n_name = 'PERU'::bpchar) AND (n2.n_name = 'GERMANY'::bpchar)))","Rows Removed by Join Filter": 1969,"Workers": [],"Plans": [{"Node Type": "Nested Loop","Parent Relationship": "Outer","Parallel Aware": false,"Async Capable": false,"Join Type": "Inner","Startup Cost": 2.26,"Total Cost": 70727.78,"Plan Rows": 60250,"Plan Width": 124,"Actual Startup Time": 1.075,"Actual Total Time": 893.167,"Actual Rows": 48329,"Actual Loops": 3,"Inner Unique": false,"Workers": [],"Plans": [{"Node Type": "Nested Loop","Parent Relationship": "Outer","Parallel Aware": false,"Async Capable": false,"Join Type": "Inner","Startup Cost": 1.83,"Total Cost": 12400.01,"Plan Rows": 49000,"Plan Width": 108,"Actual Startup Time": 0.351,"Actual Total Time": 225.643,"Actual Rows": 39581,"Actual Loops": 3,"Inner Unique": false,"Workers": [],"Plans": [{"Node Type": "Hash Join","Parent Relationship": "Outer","Parallel Aware": false,"Async Capable": false,"Join Type": "Inner","Startup Cost": 1.40,"Total Cost": 4403.27,"Plan Rows": 4900,"Plan Width": 108,"Actual Startup Time": 0.220,"Actual Total Time": 47.212,"Actual Rows": 3961,"Actual Loops": 3,"Inner Unique": true,"Hash Cond": "(customer.c_nationkey = n2.n_nationkey)","Workers": [],"Plans": [{"Node Type": "Seq Scan","Parent Relationship": "Outer","Parallel Aware": true,"Async Capable": false,"Relation Name": "customer","Alias": "customer","Startup Cost": 0.00,"Total Cost": 4210.00,"Plan Rows": 62500,"Plan Width": 8,"Actual Startup Time": 0.015,"Actual Total Time": 9.543,"Actual Rows": 50000,"Actual Loops": 3,"Workers": []},{"Node Type": "Hash","Parent Relationship": "Inner","Parallel Aware": false,"Async Capable": false,"Startup Cost": 1.38,"Total Cost": 1.38,"Plan Rows": 2,"Plan Width": 108,"Actual Startup Time": 0.086,"Actual Total Time": 0.090,"Actual Rows": 2,"Actual Loops": 3,"Hash Buckets": 1024,"Original Hash Buckets": 1024,"Hash Batches": 1,"Original Hash Batches": 1,"Peak Memory Usage": 9,"Workers": [],"Plans": [{"Node Type": "Seq Scan","Parent Relationship": "Outer","Parallel Aware": false,"Async Capable": false,"Relation Name": "nation","Alias": "n2","Startup Cost": 0.00,"Total Cost": 1.38,"Plan Rows": 2,"Plan Width": 108,"Actual Startup Time": 0.059,"Actual Total Time": 0.066,"Actual Rows": 2,"Actual Loops": 3,"Filter": "((n_name = 'PERU'::bpchar) OR (n_name = 'GERMANY'::bpchar))","Rows Removed by Filter": 23,"Workers": []}]}]},{"Node Type": "Index Scan","Parent Relationship": "Inner","Parallel Aware": false,"Async Capable": false,"Scan Direction": "Forward","Index Name": "idx_orders_custkey","Relation Name": "orders","Alias": "orders","Startup Cost": 0.43,"Total Cost": 1.46,"Plan Rows": 17,"Plan Width": 8,"Actual Startup Time": 0.007,"Actual Total Time": 0.044,"Actual Rows": 10,"Actual Loops": 11883,"Index Cond": "(o_custkey = customer.c_custkey)","Rows Removed by Index Recheck": 0,"Workers": []}]},{"Node Type": "Index Scan","Parent Relationship": "Inner","Parallel Aware": false,"Async Capable": false,"Scan Direction": "Forward","Index Name": "idx_lineitem_orderkey","Relation Name": "lineitem","Alias": "lineitem","Startup Cost": 0.43,"Total Cost": 1.14,"Plan Rows": 5,"Plan Width": 24,"Actual Startup Time": 0.016,"Actual Total Time": 0.017,"Actual Rows": 1,"Actual Loops": 118742,"Index Cond": "(l_orderkey = orders.o_orderkey)","Rows Removed by Index Recheck": 0,"Filter": "((l_shipdate >= '1995-01-01'::date) AND (l_shipdate <= '1996-12-31'::date))","Rows Removed by Filter": 3,"Workers": []}]},{"Node Type": "Hash","Parent Relationship": "Inner","Parallel Aware": false,"Async Capable": false,"Startup Cost": 354.10,"Total Cost": 354.10,"Plan Rows": 784,"Plan Width": 108,"Actual Startup Time": 7.990,"Actual Total Time": 8.003,"Actual Rows": 817,"Actual Loops": 3,"Hash Buckets": 1024,"Original Hash Buckets": 1024,"Hash Batches": 1,"Original Hash Batches": 1,"Peak Memory Usage": 58,"Workers": [],"Plans": [{"Node Type": "Hash Join","Parent Relationship": "Outer","Parallel Aware": false,"Async Capable": false,"Join Type": "Inner","Startup Cost": 1.40,"Total Cost": 354.10,"Plan Rows": 784,"Plan Width": 108,"Actual Startup Time": 0.092,"Actual Total Time": 7.804,"Actual Rows": 817,"Actual Loops": 3,"Inner Unique": true,"Hash Cond": "(supplier.s_nationkey = n1.n_nationkey)","Workers": [],"Plans": [{"Node Type": "Seq Scan","Parent Relationship": "Outer","Parallel Aware": false,"Async Capable": false,"Relation Name": "supplier","Alias": "supplier","Startup Cost": 0.00,"Total Cost": 322.00,"Plan Rows": 10000,"Plan Width": 8,"Actual Startup Time": 0.039,"Actual Total Time": 3.803,"Actual Rows": 10000,"Actual Loops": 3,"Workers": []},{"Node Type": "Hash","Parent Relationship": "Inner","Parallel Aware": false,"Async Capable": false,"Startup Cost": 1.38,"Total Cost": 1.38,"Plan Rows": 2,"Plan Width": 108,"Actual Startup Time": 0.019,"Actual Total Time": 0.024,"Actual Rows": 2,"Actual Loops": 3,"Hash Buckets": 1024,"Original Hash Buckets": 1024,"Hash Batches": 1,"Original Hash Batches": 1,"Peak Memory Usage": 9,"Workers": [],"Plans": [{"Node Type": "Seq Scan","Parent Relationship": "Outer","Parallel Aware": false,"Async Capable": false,"Relation Name": "nation","Alias": "n1","Startup Cost": 0.00,"Total Cost": 1.38,"Plan Rows": 2,"Plan Width": 108,"Actual Startup Time": 0.007,"Actual Total Time": 0.014,"Actual Rows": 2,"Actual Loops": 3,"Filter": "((n_name = 'GERMANY'::bpchar) OR (n_name = 'PERU'::bpchar))","Rows Removed by Filter": 23,"Workers": []}]}]}]}]}]}]}]}]},"Planning Time": 9.153,"Triggers": [],"Execution Time": 972.382}]
[{"Plan": {"Node Type": "Aggregate","Strategy": "Sorted","Partial Mode": "Finalize","Parallel Aware": false,"Async Capable": false,"Startup Cost": 72556.41,"Total Cost": 73352.71,"Plan Rows": 5893,"Plan Width": 272,"Actual Startup Time": 940.109,"Actual Total Time": 984.150,"Actual Rows": 4,"Actual Loops": 1,"Group Key": ["n1.n_name", "n2.n_name", "(EXTRACT(year FROM lineitem.l_shipdate))"],"Plans": [{"Node Type": "Gather Merge","Parent Relationship": "Outer","Parallel Aware": false,"Async Capable": false,"Startup Cost": 72556.41,"Total Cost": 73202.94,"Plan Rows": 4910,"Plan Width": 272,"Actual Startup Time": 939.450,"Actual Total Time": 984.076,"Actual Rows": 12,"Actual Loops": 1,"Workers Planned": 2,"Workers Launched": 2,"Plans": [{"Node Type": "Aggregate","Strategy": "Sorted","Partial Mode": "Partial","Parent Relationship": "Outer","Parallel Aware": false,"Async Capable": false,"Startup Cost": 71556.39,"Total Cost": 71636.18,"Plan Rows": 2455,"Plan Width": 272,"Actual Startup Time": 931.023,"Actual Total Time": 931.876,"Actual Rows": 4,"Actual Loops": 3,"Group Key": ["n1.n_name", "n2.n_name", "(EXTRACT(year FROM lineitem.l_shipdate))"],"Workers": [],"Plans": [{"Node Type": "Sort","Parent Relationship": "Outer","Parallel Aware": false,"Async Capable": false,"Startup Cost": 71556.39,"Total Cost": 71562.53,"Plan Rows": 2455,"Plan Width": 252,"Actual Startup Time": 930.741,"Actual Total Time": 930.868,"Actual Rows": 2026,"Actual Loops": 3,"Sort Key": ["n1.n_name", "n2.n_name", "(EXTRACT(year FROM lineitem.l_shipdate))"],"Sort Method": "quicksort","Sort Space Used": 323,"Sort Space Type": "Memory","Workers": [{"Worker Number": 0,"Sort Method": "quicksort","Sort Space Used": 267,"Sort Space Type": "Memory"},{"Worker Number": 1,"Sort Method": "quicksort","Sort Space Used": 268,"Sort Space Type": "Memory"}],"Plans": [{"Node Type": "Hash Join","Parent Relationship": "Outer","Parallel Aware": false,"Async Capable": false,"Join Type": "Inner","Startup Cost": 366.16,"Total Cost": 71418.15,"Plan Rows": 2455,"Plan Width": 252,"Actual Startup Time": 11.992,"Actual Total Time": 928.784,"Actual Rows": 2026,"Actual Loops": 3,"Inner Unique": false,"Hash Cond": "(lineitem.l_suppkey = supplier.s_suppkey)","Join Filter": "(((n1.n_name = 'RUSSIA'::bpchar) AND (n2.n_name = 'CANADA'::bpchar)) OR ((n1.n_name = 'CANADA'::bpchar) AND (n2.n_name = 'RUSSIA'::bpchar)))","Rows Removed by Join Filter": 2027,"Workers": [],"Plans": [{"Node Type": "Nested Loop","Parent Relationship": "Outer","Parallel Aware": false,"Async Capable": false,"Join Type": "Inner","Startup Cost": 2.26,"Total Cost": 70727.78,"Plan Rows": 60250,"Plan Width": 124,"Actual Startup Time": 0.771,"Actual Total Time": 910.511,"Actual Rows": 49485,"Actual Loops": 3,"Inner Unique": false,"Workers": [],"Plans": [{"Node Type": "Nested Loop","Parent Relationship": "Outer","Parallel Aware": false,"Async Capable": false,"Join Type": "Inner","Startup Cost": 1.83,"Total Cost": 12400.01,"Plan Rows": 49000,"Plan Width": 108,"Actual Startup Time": 0.378,"Actual Total Time": 225.417,"Actual Rows": 40658,"Actual Loops": 3,"Inner Unique": false,"Workers": [],"Plans": [{"Node Type": "Hash Join","Parent Relationship": "Outer","Parallel Aware": false,"Async Capable": false,"Join Type": "Inner","Startup Cost": 1.40,"Total Cost": 4403.27,"Plan Rows": 4900,"Plan Width": 108,"Actual Startup Time": 0.240,"Actual Total Time": 44.504,"Actual Rows": 4033,"Actual Loops": 3,"Inner Unique": true,"Hash Cond": "(customer.c_nationkey = n2.n_nationkey)","Workers": [],"Plans": [{"Node Type": "Seq Scan","Parent Relationship": "Outer","Parallel Aware": true,"Async Capable": false,"Relation Name": "customer","Alias": "customer","Startup Cost": 0.00,"Total Cost": 4210.00,"Plan Rows": 62500,"Plan Width": 8,"Actual Startup Time": 0.018,"Actual Total Time": 9.198,"Actual Rows": 50000,"Actual Loops": 3,"Workers": []},{"Node Type": "Hash","Parent Relationship": "Inner","Parallel Aware": false,"Async Capable": false,"Startup Cost": 1.38,"Total Cost": 1.38,"Plan Rows": 2,"Plan Width": 108,"Actual Startup Time": 0.097,"Actual Total Time": 0.102,"Actual Rows": 2,"Actual Loops": 3,"Hash Buckets": 1024,"Original Hash Buckets": 1024,"Hash Batches": 1,"Original Hash Batches": 1,"Peak Memory Usage": 9,"Workers": [],"Plans": [{"Node Type": "Seq Scan","Parent Relationship": "Outer","Parallel Aware": false,"Async Capable": false,"Relation Name": "nation","Alias": "n2","Startup Cost": 0.00,"Total Cost": 1.38,"Plan Rows": 2,"Plan Width": 108,"Actual Startup Time": 0.072,"Actual Total Time": 0.082,"Actual Rows": 2,"Actual Loops": 3,"Filter": "((n_name = 'CANADA'::bpchar) OR (n_name = 'RUSSIA'::bpchar))","Rows Removed by Filter": 23,"Workers": []}]}]},{"Node Type": "Index Scan","Parent Relationship": "Inner","Parallel Aware": false,"Async Capable": false,"Scan Direction": "Forward","Index Name": "idx_orders_custkey","Relation Name": "orders","Alias": "orders","Startup Cost": 0.43,"Total Cost": 1.46,"Plan Rows": 17,"Plan Width": 8,"Actual Startup Time": 0.007,"Actual Total Time": 0.044,"Actual Rows": 10,"Actual Loops": 12098,"Index Cond": "(o_custkey = customer.c_custkey)","Rows Removed by Index Recheck": 0,"Workers": []}]},{"Node Type": "Index Scan","Parent Relationship": "Inner","Parallel Aware": false,"Async Capable": false,"Scan Direction": "Forward","Index Name": "idx_lineitem_orderkey","Relation Name": "lineitem","Alias": "lineitem","Startup Cost": 0.43,"Total Cost": 1.14,"Plan Rows": 5,"Plan Width": 24,"Actual Startup Time": 0.016,"Actual Total Time": 0.017,"Actual Rows": 1,"Actual Loops": 121975,"Index Cond": "(l_orderkey = orders.o_orderkey)","Rows Removed by Index Recheck": 0,"Filter": "((l_shipdate >= '1995-01-01'::date) AND (l_shipdate <= '1996-12-31'::date))","Rows Removed by Filter": 3,"Workers": []}]},{"Node Type": "Hash","Parent Relationship": "Inner","Parallel Aware": false,"Async Capable": false,"Startup Cost": 354.10,"Total Cost": 354.10,"Plan Rows": 784,"Plan Width": 108,"Actual Startup Time": 10.902,"Actual Total Time": 10.921,"Actual Rows": 813,"Actual Loops": 3,"Hash Buckets": 1024,"Original Hash Buckets": 1024,"Hash Batches": 1,"Original Hash Batches": 1,"Peak Memory Usage": 58,"Workers": [],"Plans": [{"Node Type": "Hash Join","Parent Relationship": "Outer","Parallel Aware": false,"Async Capable": false,"Join Type": "Inner","Startup Cost": 1.40,"Total Cost": 354.10,"Plan Rows": 784,"Plan Width": 108,"Actual Startup Time": 0.101,"Actual Total Time": 10.710,"Actual Rows": 813,"Actual Loops": 3,"Inner Unique": true,"Hash Cond": "(supplier.s_nationkey = n1.n_nationkey)","Workers": [],"Plans": [{"Node Type": "Seq Scan","Parent Relationship": "Outer","Parallel Aware": false,"Async Capable": false,"Relation Name": "supplier","Alias": "supplier","Startup Cost": 0.00,"Total Cost": 322.00,"Plan Rows": 10000,"Plan Width": 8,"Actual Startup Time": 0.034,"Actual Total Time": 4.439,"Actual Rows": 10000,"Actual Loops": 3,"Workers": []},{"Node Type": "Hash","Parent Relationship": "Inner","Parallel Aware": false,"Async Capable": false,"Startup Cost": 1.38,"Total Cost": 1.38,"Plan Rows": 2,"Plan Width": 108,"Actual Startup Time": 0.024,"Actual Total Time": 0.030,"Actual Rows": 2,"Actual Loops": 3,"Hash Buckets": 1024,"Original Hash Buckets": 1024,"Hash Batches": 1,"Original Hash Batches": 1,"Peak Memory Usage": 9,"Workers": [],"Plans": [{"Node Type": "Seq Scan","Parent Relationship": "Outer","Parallel Aware": false,"Async Capable": false,"Relation Name": "nation","Alias": "n1","Startup Cost": 0.00,"Total Cost": 1.38,"Plan Rows": 2,"Plan Width": 108,"Actual Startup Time": 0.006,"Actual Total Time": 0.020,"Actual Rows": 2,"Actual Loops": 3,"Filter": "((n_name = 'RUSSIA'::bpchar) OR (n_name = 'CANADA'::bpchar))","Rows Removed by Filter": 23,"Workers": []}]}]}]}]}]}]}]}]},"Planning Time": 9.390,"Triggers": [],"Execution Time": 984.588}]
[{"Plan": {"Node Type": "Aggregate","Strategy": "Sorted","Partial Mode": "Finalize","Parallel Aware": false,"Async Capable": false,"Startup Cost": 72556.41,"Total Cost": 73352.71,"Plan Rows": 5893,"Plan Width": 272,"Actual Startup Time": 918.867,"Actual Total Time": 975.427,"Actual Rows": 4,"Actual Loops": 1,"Group Key": ["n1.n_name", "n2.n_name", "(EXTRACT(year FROM lineitem.l_shipdate))"],"Plans": [{"Node Type": "Gather Merge","Parent Relationship": "Outer","Parallel Aware": false,"Async Capable": false,"Startup Cost": 72556.41,"Total Cost": 73202.94,"Plan Rows": 4910,"Plan Width": 272,"Actual Startup Time": 918.145,"Actual Total Time": 975.340,"Actual Rows": 12,"Actual Loops": 1,"Workers Planned": 2,"Workers Launched": 2,"Plans": [{"Node Type": "Aggregate","Strategy": "Sorted","Partial Mode": "Partial","Parent Relationship": "Outer","Parallel Aware": false,"Async Capable": false,"Startup Cost": 71556.39,"Total Cost": 71636.18,"Plan Rows": 2455,"Plan Width": 272,"Actual Startup Time": 909.989,"Actual Total Time": 910.905,"Actual Rows": 4,"Actual Loops": 3,"Group Key": ["n1.n_name", "n2.n_name", "(EXTRACT(year FROM lineitem.l_shipdate))"],"Workers": [],"Plans": [{"Node Type": "Sort","Parent Relationship": "Outer","Parallel Aware": false,"Async Capable": false,"Startup Cost": 71556.39,"Total Cost": 71562.53,"Plan Rows": 2455,"Plan Width": 252,"Actual Startup Time": 909.720,"Actual Total Time": 909.850,"Actual Rows": 1946,"Actual Loops": 3,"Sort Key": ["n1.n_name", "n2.n_name", "(EXTRACT(year FROM lineitem.l_shipdate))"],"Sort Method": "quicksort","Sort Space Used": 258,"Sort Space Type": "Memory","Workers": [{"Worker Number": 0,"Sort Method": "quicksort","Sort Space Used": 261,"Sort Space Type": "Memory"},{"Worker Number": 1,"Sort Method": "quicksort","Sort Space Used": 265,"Sort Space Type": "Memory"}],"Plans": [{"Node Type": "Hash Join","Parent Relationship": "Outer","Parallel Aware": false,"Async Capable": false,"Join Type": "Inner","Startup Cost": 366.16,"Total Cost": 71418.15,"Plan Rows": 2455,"Plan Width": 252,"Actual Startup Time": 8.994,"Actual Total Time": 907.896,"Actual Rows": 1946,"Actual Loops": 3,"Inner Unique": false,"Hash Cond": "(lineitem.l_suppkey = supplier.s_suppkey)","Join Filter": "(((n1.n_name = 'UNITED KINGDOM'::bpchar) AND (n2.n_name = 'INDIA'::bpchar)) OR ((n1.n_name = 'INDIA'::bpchar) AND (n2.n_name = 'UNITED KINGDOM'::bpchar)))","Rows Removed by Join Filter": 1995,"Workers": [],"Plans": [{"Node Type": "Nested Loop","Parent Relationship": "Outer","Parallel Aware": false,"Async Capable": false,"Join Type": "Inner","Startup Cost": 2.26,"Total Cost": 70727.78,"Plan Rows": 60250,"Plan Width": 124,"Actual Startup Time": 0.743,"Actual Total Time": 892.850,"Actual Rows": 48317,"Actual Loops": 3,"Inner Unique": false,"Workers": [],"Plans": [{"Node Type": "Nested Loop","Parent Relationship": "Outer","Parallel Aware": false,"Async Capable": false,"Join Type": "Inner","Startup Cost": 1.83,"Total Cost": 12400.01,"Plan Rows": 49000,"Plan Width": 108,"Actual Startup Time": 0.342,"Actual Total Time": 224.320,"Actual Rows": 39761,"Actual Loops": 3,"Inner Unique": false,"Workers": [],"Plans": [{"Node Type": "Hash Join","Parent Relationship": "Outer","Parallel Aware": false,"Async Capable": false,"Join Type": "Inner","Startup Cost": 1.40,"Total Cost": 4403.27,"Plan Rows": 4900,"Plan Width": 108,"Actual Startup Time": 0.204,"Actual Total Time": 46.048,"Actual Rows": 4018,"Actual Loops": 3,"Inner Unique": true,"Hash Cond": "(customer.c_nationkey = n2.n_nationkey)","Workers": [],"Plans": [{"Node Type": "Seq Scan","Parent Relationship": "Outer","Parallel Aware": true,"Async Capable": false,"Relation Name": "customer","Alias": "customer","Startup Cost": 0.00,"Total Cost": 4210.00,"Plan Rows": 62500,"Plan Width": 8,"Actual Startup Time": 0.017,"Actual Total Time": 9.552,"Actual Rows": 50000,"Actual Loops": 3,"Workers": []},{"Node Type": "Hash","Parent Relationship": "Inner","Parallel Aware": false,"Async Capable": false,"Startup Cost": 1.38,"Total Cost": 1.38,"Plan Rows": 2,"Plan Width": 108,"Actual Startup Time": 0.074,"Actual Total Time": 0.080,"Actual Rows": 2,"Actual Loops": 3,"Hash Buckets": 1024,"Original Hash Buckets": 1024,"Hash Batches": 1,"Original Hash Batches": 1,"Peak Memory Usage": 9,"Workers": [],"Plans": [{"Node Type": "Seq Scan","Parent Relationship": "Outer","Parallel Aware": false,"Async Capable": false,"Relation Name": "nation","Alias": "n2","Startup Cost": 0.00,"Total Cost": 1.38,"Plan Rows": 2,"Plan Width": 108,"Actual Startup Time": 0.055,"Actual Total Time": 0.062,"Actual Rows": 2,"Actual Loops": 3,"Filter": "((n_name = 'INDIA'::bpchar) OR (n_name = 'UNITED KINGDOM'::bpchar))","Rows Removed by Filter": 23,"Workers": []}]}]},{"Node Type": "Index Scan","Parent Relationship": "Inner","Parallel Aware": false,"Async Capable": false,"Scan Direction": "Forward","Index Name": "idx_orders_custkey","Relation Name": "orders","Alias": "orders","Startup Cost": 0.43,"Total Cost": 1.46,"Plan Rows": 17,"Plan Width": 8,"Actual Startup Time": 0.007,"Actual Total Time": 0.043,"Actual Rows": 10,"Actual Loops": 12053,"Index Cond": "(o_custkey = customer.c_custkey)","Rows Removed by Index Recheck": 0,"Workers": []}]},{"Node Type": "Index Scan","Parent Relationship": "Inner","Parallel Aware": false,"Async Capable": false,"Scan Direction": "Forward","Index Name": "idx_lineitem_orderkey","Relation Name": "lineitem","Alias": "lineitem","Startup Cost": 0.43,"Total Cost": 1.14,"Plan Rows": 5,"Plan Width": 24,"Actual Startup Time": 0.016,"Actual Total Time": 0.017,"Actual Rows": 1,"Actual Loops": 119282,"Index Cond": "(l_orderkey = orders.o_orderkey)","Rows Removed by Index Recheck": 0,"Filter": "((l_shipdate >= '1995-01-01'::date) AND (l_shipdate <= '1996-12-31'::date))","Rows Removed by Filter": 3,"Workers": []}]},{"Node Type": "Hash","Parent Relationship": "Inner","Parallel Aware": false,"Async Capable": false,"Startup Cost": 354.10,"Total Cost": 354.10,"Plan Rows": 784,"Plan Width": 108,"Actual Startup Time": 7.623,"Actual Total Time": 7.635,"Actual Rows": 805,"Actual Loops": 3,"Hash Buckets": 1024,"Original Hash Buckets": 1024,"Hash Batches": 1,"Original Hash Batches": 1,"Peak Memory Usage": 57,"Workers": [],"Plans": [{"Node Type": "Hash Join","Parent Relationship": "Outer","Parallel Aware": false,"Async Capable": false,"Join Type": "Inner","Startup Cost": 1.40,"Total Cost": 354.10,"Plan Rows": 784,"Plan Width": 108,"Actual Startup Time": 0.098,"Actual Total Time": 7.432,"Actual Rows": 805,"Actual Loops": 3,"Inner Unique": true,"Hash Cond": "(supplier.s_nationkey = n1.n_nationkey)","Workers": [],"Plans": [{"Node Type": "Seq Scan","Parent Relationship": "Outer","Parallel Aware": false,"Async Capable": false,"Relation Name": "supplier","Alias": "supplier","Startup Cost": 0.00,"Total Cost": 322.00,"Plan Rows": 10000,"Plan Width": 8,"Actual Startup Time": 0.039,"Actual Total Time": 3.937,"Actual Rows": 10000,"Actual Loops": 3,"Workers": []},{"Node Type": "Hash","Parent Relationship": "Inner","Parallel Aware": false,"Async Capable": false,"Startup Cost": 1.38,"Total Cost": 1.38,"Plan Rows": 2,"Plan Width": 108,"Actual Startup Time": 0.021,"Actual Total Time": 0.026,"Actual Rows": 2,"Actual Loops": 3,"Hash Buckets": 1024,"Original Hash Buckets": 1024,"Hash Batches": 1,"Original Hash Batches": 1,"Peak Memory Usage": 9,"Workers": [],"Plans": [{"Node Type": "Seq Scan","Parent Relationship": "Outer","Parallel Aware": false,"Async Capable": false,"Relation Name": "nation","Alias": "n1","Startup Cost": 0.00,"Total Cost": 1.38,"Plan Rows": 2,"Plan Width": 108,"Actual Startup Time": 0.007,"Actual Total Time": 0.013,"Actual Rows": 2,"Actual Loops": 3,"Filter": "((n_name = 'UNITED KINGDOM'::bpchar) OR (n_name = 'INDIA'::bpchar))","Rows Removed by Filter": 23,"Workers": []}]}]}]}]}]}]}]}]},"Planning Time": 8.819,"Triggers": [],"Execution Time": 975.871}]
[{"Plan": {"Node Type": "Aggregate","Strategy": "Sorted","Partial Mode": "Finalize","Parallel Aware": false,"Async Capable": false,"Startup Cost": 72556.41,"Total Cost": 73352.71,"Plan Rows": 5893,"Plan Width": 272,"Actual Startup Time": 921.847,"Actual Total Time": 978.499,"Actual Rows": 4,"Actual Loops": 1,"Group Key": ["n1.n_name", "n2.n_name", "(EXTRACT(year FROM lineitem.l_shipdate))"],"Plans": [{"Node Type": "Gather Merge","Parent Relationship": "Outer","Parallel Aware": false,"Async Capable": false,"Startup Cost": 72556.41,"Total Cost": 73202.94,"Plan Rows": 4910,"Plan Width": 272,"Actual Startup Time": 921.209,"Actual Total Time": 978.435,"Actual Rows": 12,"Actual Loops": 1,"Workers Planned": 2,"Workers Launched": 2,"Plans": [{"Node Type": "Aggregate","Strategy": "Sorted","Partial Mode": "Partial","Parent Relationship": "Outer","Parallel Aware": false,"Async Capable": false,"Startup Cost": 71556.39,"Total Cost": 71636.18,"Plan Rows": 2455,"Plan Width": 272,"Actual Startup Time": 913.309,"Actual Total Time": 914.165,"Actual Rows": 4,"Actual Loops": 3,"Group Key": ["n1.n_name", "n2.n_name", "(EXTRACT(year FROM lineitem.l_shipdate))"],"Workers": [],"Plans": [{"Node Type": "Sort","Parent Relationship": "Outer","Parallel Aware": false,"Async Capable": false,"Startup Cost": 71556.39,"Total Cost": 71562.53,"Plan Rows": 2455,"Plan Width": 252,"Actual Startup Time": 913.017,"Actual Total Time": 913.135,"Actual Rows": 2043,"Actual Loops": 3,"Sort Key": ["n1.n_name", "n2.n_name", "(EXTRACT(year FROM lineitem.l_shipdate))"],"Sort Method": "quicksort","Sort Space Used": 272,"Sort Space Type": "Memory","Workers": [{"Worker Number": 0,"Sort Method": "quicksort","Sort Space Used": 322,"Sort Space Type": "Memory"},{"Worker Number": 1,"Sort Method": "quicksort","Sort Space Used": 270,"Sort Space Type": "Memory"}],"Plans": [{"Node Type": "Hash Join","Parent Relationship": "Outer","Parallel Aware": false,"Async Capable": false,"Join Type": "Inner","Startup Cost": 366.16,"Total Cost": 71418.15,"Plan Rows": 2455,"Plan Width": 252,"Actual Startup Time": 9.779,"Actual Total Time": 911.064,"Actual Rows": 2043,"Actual Loops": 3,"Inner Unique": false,"Hash Cond": "(lineitem.l_suppkey = supplier.s_suppkey)","Join Filter": "(((n1.n_name = 'INDIA'::bpchar) AND (n2.n_name = 'PERU'::bpchar)) OR ((n1.n_name = 'PERU'::bpchar) AND (n2.n_name = 'INDIA'::bpchar)))","Rows Removed by Join Filter": 2039,"Workers": [],"Plans": [{"Node Type": "Nested Loop","Parent Relationship": "Outer","Parallel Aware": false,"Async Capable": false,"Join Type": "Inner","Startup Cost": 2.26,"Total Cost": 70727.78,"Plan Rows": 60250,"Plan Width": 124,"Actual Startup Time": 0.653,"Actual Total Time": 895.101,"Actual Rows": 48176,"Actual Loops": 3,"Inner Unique": false,"Workers": [],"Plans": [{"Node Type": "Nested Loop","Parent Relationship": "Outer","Parallel Aware": false,"Async Capable": false,"Join Type": "Inner","Startup Cost": 1.83,"Total Cost": 12400.01,"Plan Rows": 49000,"Plan Width": 108,"Actual Startup Time": 0.295,"Actual Total Time": 225.308,"Actual Rows": 39615,"Actual Loops": 3,"Inner Unique": false,"Workers": [],"Plans": [{"Node Type": "Hash Join","Parent Relationship": "Outer","Parallel Aware": false,"Async Capable": false,"Join Type": "Inner","Startup Cost": 1.40,"Total Cost": 4403.27,"Plan Rows": 4900,"Plan Width": 108,"Actual Startup Time": 0.184,"Actual Total Time": 47.204,"Actual Rows": 4006,"Actual Loops": 3,"Inner Unique": true,"Hash Cond": "(customer.c_nationkey = n2.n_nationkey)","Workers": [],"Plans": [{"Node Type": "Seq Scan","Parent Relationship": "Outer","Parallel Aware": true,"Async Capable": false,"Relation Name": "customer","Alias": "customer","Startup Cost": 0.00,"Total Cost": 4210.00,"Plan Rows": 62500,"Plan Width": 8,"Actual Startup Time": 0.022,"Actual Total Time": 9.614,"Actual Rows": 50000,"Actual Loops": 3,"Workers": []},{"Node Type": "Hash","Parent Relationship": "Inner","Parallel Aware": false,"Async Capable": false,"Startup Cost": 1.38,"Total Cost": 1.38,"Plan Rows": 2,"Plan Width": 108,"Actual Startup Time": 0.078,"Actual Total Time": 0.083,"Actual Rows": 2,"Actual Loops": 3,"Hash Buckets": 1024,"Original Hash Buckets": 1024,"Hash Batches": 1,"Original Hash Batches": 1,"Peak Memory Usage": 9,"Workers": [],"Plans": [{"Node Type": "Seq Scan","Parent Relationship": "Outer","Parallel Aware": false,"Async Capable": false,"Relation Name": "nation","Alias": "n2","Startup Cost": 0.00,"Total Cost": 1.38,"Plan Rows": 2,"Plan Width": 108,"Actual Startup Time": 0.060,"Actual Total Time": 0.066,"Actual Rows": 2,"Actual Loops": 3,"Filter": "((n_name = 'PERU'::bpchar) OR (n_name = 'INDIA'::bpchar))","Rows Removed by Filter": 23,"Workers": []}]}]},{"Node Type": "Index Scan","Parent Relationship": "Inner","Parallel Aware": false,"Async Capable": false,"Scan Direction": "Forward","Index Name": "idx_orders_custkey","Relation Name": "orders","Alias": "orders","Startup Cost": 0.43,"Total Cost": 1.46,"Plan Rows": 17,"Plan Width": 8,"Actual Startup Time": 0.007,"Actual Total Time": 0.043,"Actual Rows": 10,"Actual Loops": 12017,"Index Cond": "(o_custkey = customer.c_custkey)","Rows Removed by Index Recheck": 0,"Workers": []}]},{"Node Type": "Index Scan","Parent Relationship": "Inner","Parallel Aware": false,"Async Capable": false,"Scan Direction": "Forward","Index Name": "idx_lineitem_orderkey","Relation Name": "lineitem","Alias": "lineitem","Startup Cost": 0.43,"Total Cost": 1.14,"Plan Rows": 5,"Plan Width": 24,"Actual Startup Time": 0.016,"Actual Total Time": 0.017,"Actual Rows": 1,"Actual Loops": 118845,"Index Cond": "(l_orderkey = orders.o_orderkey)","Rows Removed by Index Recheck": 0,"Filter": "((l_shipdate >= '1995-01-01'::date) AND (l_shipdate <= '1996-12-31'::date))","Rows Removed by Filter": 3,"Workers": []}]},{"Node Type": "Hash","Parent Relationship": "Inner","Parallel Aware": false,"Async Capable": false,"Startup Cost": 354.10,"Total Cost": 354.10,"Plan Rows": 784,"Plan Width": 108,"Actual Startup Time": 8.456,"Actual Total Time": 8.474,"Actual Rows": 836,"Actual Loops": 3,"Hash Buckets": 1024,"Original Hash Buckets": 1024,"Hash Batches": 1,"Original Hash Batches": 1,"Peak Memory Usage": 59,"Workers": [],"Plans": [{"Node Type": "Hash Join","Parent Relationship": "Outer","Parallel Aware": false,"Async Capable": false,"Join Type": "Inner","Startup Cost": 1.40,"Total Cost": 354.10,"Plan Rows": 784,"Plan Width": 108,"Actual Startup Time": 0.087,"Actual Total Time": 8.228,"Actual Rows": 836,"Actual Loops": 3,"Inner Unique": true,"Hash Cond": "(supplier.s_nationkey = n1.n_nationkey)","Workers": [],"Plans": [{"Node Type": "Seq Scan","Parent Relationship": "Outer","Parallel Aware": false,"Async Capable": false,"Relation Name": "supplier","Alias": "supplier","Startup Cost": 0.00,"Total Cost": 322.00,"Plan Rows": 10000,"Plan Width": 8,"Actual Startup Time": 0.038,"Actual Total Time": 4.543,"Actual Rows": 10000,"Actual Loops": 3,"Workers": []},{"Node Type": "Hash","Parent Relationship": "Inner","Parallel Aware": false,"Async Capable": false,"Startup Cost": 1.38,"Total Cost": 1.38,"Plan Rows": 2,"Plan Width": 108,"Actual Startup Time": 0.017,"Actual Total Time": 0.023,"Actual Rows": 2,"Actual Loops": 3,"Hash Buckets": 1024,"Original Hash Buckets": 1024,"Hash Batches": 1,"Original Hash Batches": 1,"Peak Memory Usage": 9,"Workers": [],"Plans": [{"Node Type": "Seq Scan","Parent Relationship": "Outer","Parallel Aware": false,"Async Capable": false,"Relation Name": "nation","Alias": "n1","Startup Cost": 0.00,"Total Cost": 1.38,"Plan Rows": 2,"Plan Width": 108,"Actual Startup Time": 0.007,"Actual Total Time": 0.013,"Actual Rows": 2,"Actual Loops": 3,"Filter": "((n_name = 'INDIA'::bpchar) OR (n_name = 'PERU'::bpchar))","Rows Removed by Filter": 23,"Workers": []}]}]}]}]}]}]}]}]},"Planning Time": 9.421,"Triggers": [],"Execution Time": 978.917}]
[{"Plan": {"Node Type": "Aggregate","Strategy": "Sorted","Partial Mode": "Finalize","Parallel Aware": false,"Async Capable": false,"Startup Cost": 72556.41,"Total Cost": 73352.71,"Plan Rows": 5893,"Plan Width": 272,"Actual Startup Time": 931.389,"Actual Total Time": 975.617,"Actual Rows": 4,"Actual Loops": 1,"Group Key": ["n1.n_name", "n2.n_name", "(EXTRACT(year FROM lineitem.l_shipdate))"],"Plans": [{"Node Type": "Gather Merge","Parent Relationship": "Outer","Parallel Aware": false,"Async Capable": false,"Startup Cost": 72556.41,"Total Cost": 73202.94,"Plan Rows": 4910,"Plan Width": 272,"Actual Startup Time": 931.077,"Actual Total Time": 975.559,"Actual Rows": 12,"Actual Loops": 1,"Workers Planned": 2,"Workers Launched": 2,"Plans": [{"Node Type": "Aggregate","Strategy": "Sorted","Partial Mode": "Partial","Parent Relationship": "Outer","Parallel Aware": false,"Async Capable": false,"Startup Cost": 71556.39,"Total Cost": 71636.18,"Plan Rows": 2455,"Plan Width": 272,"Actual Startup Time": 923.306,"Actual Total Time": 924.026,"Actual Rows": 4,"Actual Loops": 3,"Group Key": ["n1.n_name", "n2.n_name", "(EXTRACT(year FROM lineitem.l_shipdate))"],"Workers": [],"Plans": [{"Node Type": "Sort","Parent Relationship": "Outer","Parallel Aware": false,"Async Capable": false,"Startup Cost": 71556.39,"Total Cost": 71562.53,"Plan Rows": 2455,"Plan Width": 252,"Actual Startup Time": 923.015,"Actual Total Time": 923.121,"Actual Rows": 2006,"Actual Loops": 3,"Sort Key": ["n1.n_name", "n2.n_name", "(EXTRACT(year FROM lineitem.l_shipdate))"],"Sort Method": "quicksort","Sort Space Used": 326,"Sort Space Type": "Memory","Workers": [{"Worker Number": 0,"Sort Method": "quicksort","Sort Space Used": 264,"Sort Space Type": "Memory"},{"Worker Number": 1,"Sort Method": "quicksort","Sort Space Used": 262,"Sort Space Type": "Memory"}],"Plans": [{"Node Type": "Hash Join","Parent Relationship": "Outer","Parallel Aware": false,"Async Capable": false,"Join Type": "Inner","Startup Cost": 366.16,"Total Cost": 71418.15,"Plan Rows": 2455,"Plan Width": 252,"Actual Startup Time": 11.416,"Actual Total Time": 921.148,"Actual Rows": 2006,"Actual Loops": 3,"Inner Unique": false,"Hash Cond": "(lineitem.l_suppkey = supplier.s_suppkey)","Join Filter": "(((n1.n_name = 'FRANCE'::bpchar) AND (n2.n_name = 'EGYPT'::bpchar)) OR ((n1.n_name = 'EGYPT'::bpchar) AND (n2.n_name = 'FRANCE'::bpchar)))","Rows Removed by Join Filter": 1990,"Workers": [],"Plans": [{"Node Type": "Nested Loop","Parent Relationship": "Outer","Parallel Aware": false,"Async Capable": false,"Join Type": "Inner","Startup Cost": 2.26,"Total Cost": 70727.78,"Plan Rows": 60250,"Plan Width": 124,"Actual Startup Time": 0.774,"Actual Total Time": 903.374,"Actual Rows": 49286,"Actual Loops": 3,"Inner Unique": false,"Workers": [],"Plans": [{"Node Type": "Nested Loop","Parent Relationship": "Outer","Parallel Aware": false,"Async Capable": false,"Join Type": "Inner","Startup Cost": 1.83,"Total Cost": 12400.01,"Plan Rows": 49000,"Plan Width": 108,"Actual Startup Time": 0.287,"Actual Total Time": 223.897,"Actual Rows": 40237,"Actual Loops": 3,"Inner Unique": false,"Workers": [],"Plans": [{"Node Type": "Hash Join","Parent Relationship": "Outer","Parallel Aware": false,"Async Capable": false,"Join Type": "Inner","Startup Cost": 1.40,"Total Cost": 4403.27,"Plan Rows": 4900,"Plan Width": 108,"Actual Startup Time": 0.190,"Actual Total Time": 44.992,"Actual Rows": 4032,"Actual Loops": 3,"Inner Unique": true,"Hash Cond": "(customer.c_nationkey = n2.n_nationkey)","Workers": [],"Plans": [{"Node Type": "Seq Scan","Parent Relationship": "Outer","Parallel Aware": true,"Async Capable": false,"Relation Name": "customer","Alias": "customer","Startup Cost": 0.00,"Total Cost": 4210.00,"Plan Rows": 62500,"Plan Width": 8,"Actual Startup Time": 0.013,"Actual Total Time": 9.154,"Actual Rows": 50000,"Actual Loops": 3,"Workers": []},{"Node Type": "Hash","Parent Relationship": "Inner","Parallel Aware": false,"Async Capable": false,"Startup Cost": 1.38,"Total Cost": 1.38,"Plan Rows": 2,"Plan Width": 108,"Actual Startup Time": 0.068,"Actual Total Time": 0.074,"Actual Rows": 2,"Actual Loops": 3,"Hash Buckets": 1024,"Original Hash Buckets": 1024,"Hash Batches": 1,"Original Hash Batches": 1,"Peak Memory Usage": 9,"Workers": [],"Plans": [{"Node Type": "Seq Scan","Parent Relationship": "Outer","Parallel Aware": false,"Async Capable": false,"Relation Name": "nation","Alias": "n2","Startup Cost": 0.00,"Total Cost": 1.38,"Plan Rows": 2,"Plan Width": 108,"Actual Startup Time": 0.049,"Actual Total Time": 0.056,"Actual Rows": 2,"Actual Loops": 3,"Filter": "((n_name = 'EGYPT'::bpchar) OR (n_name = 'FRANCE'::bpchar))","Rows Removed by Filter": 23,"Workers": []}]}]},{"Node Type": "Index Scan","Parent Relationship": "Inner","Parallel Aware": false,"Async Capable": false,"Scan Direction": "Forward","Index Name": "idx_orders_custkey","Relation Name": "orders","Alias": "orders","Startup Cost": 0.43,"Total Cost": 1.46,"Plan Rows": 17,"Plan Width": 8,"Actual Startup Time": 0.007,"Actual Total Time": 0.043,"Actual Rows": 10,"Actual Loops": 12095,"Index Cond": "(o_custkey = customer.c_custkey)","Rows Removed by Index Recheck": 0,"Workers": []}]},{"Node Type": "Index Scan","Parent Relationship": "Inner","Parallel Aware": false,"Async Capable": false,"Scan Direction": "Forward","Index Name": "idx_lineitem_orderkey","Relation Name": "lineitem","Alias": "lineitem","Startup Cost": 0.43,"Total Cost": 1.14,"Plan Rows": 5,"Plan Width": 24,"Actual Startup Time": 0.016,"Actual Total Time": 0.017,"Actual Rows": 1,"Actual Loops": 120711,"Index Cond": "(l_orderkey = orders.o_orderkey)","Rows Removed by Index Recheck": 0,"Filter": "((l_shipdate >= '1995-01-01'::date) AND (l_shipdate <= '1996-12-31'::date))","Rows Removed by Filter": 3,"Workers": []}]},{"Node Type": "Hash","Parent Relationship": "Inner","Parallel Aware": false,"Async Capable": false,"Startup Cost": 354.10,"Total Cost": 354.10,"Plan Rows": 784,"Plan Width": 108,"Actual Startup Time": 10.312,"Actual Total Time": 10.326,"Actual Rows": 817,"Actual Loops": 3,"Hash Buckets": 1024,"Original Hash Buckets": 1024,"Hash Batches": 1,"Original Hash Batches": 1,"Peak Memory Usage": 58,"Workers": [],"Plans": [{"Node Type": "Hash Join","Parent Relationship": "Outer","Parallel Aware": false,"Async Capable": false,"Join Type": "Inner","Startup Cost": 1.40,"Total Cost": 354.10,"Plan Rows": 784,"Plan Width": 108,"Actual Startup Time": 0.091,"Actual Total Time": 10.122,"Actual Rows": 817,"Actual Loops": 3,"Inner Unique": true,"Hash Cond": "(supplier.s_nationkey = n1.n_nationkey)","Workers": [],"Plans": [{"Node Type": "Seq Scan","Parent Relationship": "Outer","Parallel Aware": false,"Async Capable": false,"Relation Name": "supplier","Alias": "supplier","Startup Cost": 0.00,"Total Cost": 322.00,"Plan Rows": 10000,"Plan Width": 8,"Actual Startup Time": 0.030,"Actual Total Time": 4.284,"Actual Rows": 10000,"Actual Loops": 3,"Workers": []},{"Node Type": "Hash","Parent Relationship": "Inner","Parallel Aware": false,"Async Capable": false,"Startup Cost": 1.38,"Total Cost": 1.38,"Plan Rows": 2,"Plan Width": 108,"Actual Startup Time": 0.016,"Actual Total Time": 0.020,"Actual Rows": 2,"Actual Loops": 3,"Hash Buckets": 1024,"Original Hash Buckets": 1024,"Hash Batches": 1,"Original Hash Batches": 1,"Peak Memory Usage": 9,"Workers": [],"Plans": [{"Node Type": "Seq Scan","Parent Relationship": "Outer","Parallel Aware": false,"Async Capable": false,"Relation Name": "nation","Alias": "n1","Startup Cost": 0.00,"Total Cost": 1.38,"Plan Rows": 2,"Plan Width": 108,"Actual Startup Time": 0.005,"Actual Total Time": 0.011,"Actual Rows": 2,"Actual Loops": 3,"Filter": "((n_name = 'FRANCE'::bpchar) OR (n_name = 'EGYPT'::bpchar))","Rows Removed by Filter": 23,"Workers": []}]}]}]}]}]}]}]}]},"Planning Time": 9.520,"Triggers": [],"Execution Time": 976.040}]
[{"Plan": {"Node Type": "Aggregate","Strategy": "Sorted","Partial Mode": "Finalize","Parallel Aware": false,"Async Capable": false,"Startup Cost": 72556.41,"Total Cost": 73352.71,"Plan Rows": 5893,"Plan Width": 272,"Actual Startup Time": 935.321,"Actual Total Time": 981.252,"Actual Rows": 4,"Actual Loops": 1,"Group Key": ["n1.n_name", "n2.n_name", "(EXTRACT(year FROM lineitem.l_shipdate))"],"Plans": [{"Node Type": "Gather Merge","Parent Relationship": "Outer","Parallel Aware": false,"Async Capable": false,"Startup Cost": 72556.41,"Total Cost": 73202.94,"Plan Rows": 4910,"Plan Width": 272,"Actual Startup Time": 935.051,"Actual Total Time": 981.194,"Actual Rows": 12,"Actual Loops": 1,"Workers Planned": 2,"Workers Launched": 2,"Plans": [{"Node Type": "Aggregate","Strategy": "Sorted","Partial Mode": "Partial","Parent Relationship": "Outer","Parallel Aware": false,"Async Capable": false,"Startup Cost": 71556.39,"Total Cost": 71636.18,"Plan Rows": 2455,"Plan Width": 272,"Actual Startup Time": 926.285,"Actual Total Time": 926.987,"Actual Rows": 4,"Actual Loops": 3,"Group Key": ["n1.n_name", "n2.n_name", "(EXTRACT(year FROM lineitem.l_shipdate))"],"Workers": [],"Plans": [{"Node Type": "Sort","Parent Relationship": "Outer","Parallel Aware": false,"Async Capable": false,"Startup Cost": 71556.39,"Total Cost": 71562.53,"Plan Rows": 2455,"Plan Width": 252,"Actual Startup Time": 926.013,"Actual Total Time": 926.118,"Actual Rows": 1975,"Actual Loops": 3,"Sort Key": ["n1.n_name", "n2.n_name", "(EXTRACT(year FROM lineitem.l_shipdate))"],"Sort Method": "quicksort","Sort Space Used": 263,"Sort Space Type": "Memory","Workers": [{"Worker Number": 0,"Sort Method": "quicksort","Sort Space Used": 264,"Sort Space Type": "Memory"},{"Worker Number": 1,"Sort Method": "quicksort","Sort Space Used": 266,"Sort Space Type": "Memory"}],"Plans": [{"Node Type": "Hash Join","Parent Relationship": "Outer","Parallel Aware": false,"Async Capable": false,"Join Type": "Inner","Startup Cost": 366.16,"Total Cost": 71418.15,"Plan Rows": 2455,"Plan Width": 252,"Actual Startup Time": 9.226,"Actual Total Time": 924.213,"Actual Rows": 1975,"Actual Loops": 3,"Inner Unique": false,"Hash Cond": "(lineitem.l_suppkey = supplier.s_suppkey)","Join Filter": "(((n1.n_name = 'FRANCE'::bpchar) AND (n2.n_name = 'GERMANY'::bpchar)) OR ((n1.n_name = 'GERMANY'::bpchar) AND (n2.n_name = 'FRANCE'::bpchar)))","Rows Removed by Join Filter": 1933,"Workers": [],"Plans": [{"Node Type": "Nested Loop","Parent Relationship": "Outer","Parallel Aware": false,"Async Capable": false,"Join Type": "Inner","Startup Cost": 2.26,"Total Cost": 70727.78,"Plan Rows": 60250,"Plan Width": 124,"Actual Startup Time": 0.945,"Actual Total Time": 909.448,"Actual Rows": 49457,"Actual Loops": 3,"Inner Unique": false,"Workers": [],"Plans": [{"Node Type": "Nested Loop","Parent Relationship": "Outer","Parallel Aware": false,"Async Capable": false,"Join Type": "Inner","Startup Cost": 1.83,"Total Cost": 12400.01,"Plan Rows": 49000,"Plan Width": 108,"Actual Startup Time": 0.381,"Actual Total Time": 228.559,"Actual Rows": 40441,"Actual Loops": 3,"Inner Unique": false,"Workers": [],"Plans": [{"Node Type": "Hash Join","Parent Relationship": "Outer","Parallel Aware": false,"Async Capable": false,"Join Type": "Inner","Startup Cost": 1.40,"Total Cost": 4403.27,"Plan Rows": 4900,"Plan Width": 108,"Actual Startup Time": 0.214,"Actual Total Time": 47.086,"Actual Rows": 4003,"Actual Loops": 3,"Inner Unique": true,"Hash Cond": "(customer.c_nationkey = n2.n_nationkey)","Workers": [],"Plans": [{"Node Type": "Seq Scan","Parent Relationship": "Outer","Parallel Aware": true,"Async Capable": false,"Relation Name": "customer","Alias": "customer","Startup Cost": 0.00,"Total Cost": 4210.00,"Plan Rows": 62500,"Plan Width": 8,"Actual Startup Time": 0.018,"Actual Total Time": 9.549,"Actual Rows": 50000,"Actual Loops": 3,"Workers": []},{"Node Type": "Hash","Parent Relationship": "Inner","Parallel Aware": false,"Async Capable": false,"Startup Cost": 1.38,"Total Cost": 1.38,"Plan Rows": 2,"Plan Width": 108,"Actual Startup Time": 0.087,"Actual Total Time": 0.092,"Actual Rows": 2,"Actual Loops": 3,"Hash Buckets": 1024,"Original Hash Buckets": 1024,"Hash Batches": 1,"Original Hash Batches": 1,"Peak Memory Usage": 9,"Workers": [],"Plans": [{"Node Type": "Seq Scan","Parent Relationship": "Outer","Parallel Aware": false,"Async Capable": false,"Relation Name": "nation","Alias": "n2","Startup Cost": 0.00,"Total Cost": 1.38,"Plan Rows": 2,"Plan Width": 108,"Actual Startup Time": 0.060,"Actual Total Time": 0.067,"Actual Rows": 2,"Actual Loops": 3,"Filter": "((n_name = 'GERMANY'::bpchar) OR (n_name = 'FRANCE'::bpchar))","Rows Removed by Filter": 23,"Workers": []}]}]},{"Node Type": "Index Scan","Parent Relationship": "Inner","Parallel Aware": false,"Async Capable": false,"Scan Direction": "Forward","Index Name": "idx_orders_custkey","Relation Name": "orders","Alias": "orders","Startup Cost": 0.43,"Total Cost": 1.46,"Plan Rows": 17,"Plan Width": 8,"Actual Startup Time": 0.007,"Actual Total Time": 0.044,"Actual Rows": 10,"Actual Loops": 12008,"Index Cond": "(o_custkey = customer.c_custkey)","Rows Removed by Index Recheck": 0,"Workers": []}]},{"Node Type": "Index Scan","Parent Relationship": "Inner","Parallel Aware": false,"Async Capable": false,"Scan Direction": "Forward","Index Name": "idx_lineitem_orderkey","Relation Name": "lineitem","Alias": "lineitem","Startup Cost": 0.43,"Total Cost": 1.14,"Plan Rows": 5,"Plan Width": 24,"Actual Startup Time": 0.016,"Actual Total Time": 0.017,"Actual Rows": 1,"Actual Loops": 121324,"Index Cond": "(l_orderkey = orders.o_orderkey)","Rows Removed by Index Recheck": 0,"Filter": "((l_shipdate >= '1995-01-01'::date) AND (l_shipdate <= '1996-12-31'::date))","Rows Removed by Filter": 3,"Workers": []}]},{"Node Type": "Hash","Parent Relationship": "Inner","Parallel Aware": false,"Async Capable": false,"Startup Cost": 354.10,"Total Cost": 354.10,"Plan Rows": 784,"Plan Width": 108,"Actual Startup Time": 7.364,"Actual Total Time": 7.382,"Actual Rows": 798,"Actual Loops": 3,"Hash Buckets": 1024,"Original Hash Buckets": 1024,"Hash Batches": 1,"Original Hash Batches": 1,"Peak Memory Usage": 57,"Workers": [],"Plans": [{"Node Type": "Hash Join","Parent Relationship": "Outer","Parallel Aware": false,"Async Capable": false,"Join Type": "Inner","Startup Cost": 1.40,"Total Cost": 354.10,"Plan Rows": 784,"Plan Width": 108,"Actual Startup Time": 0.110,"Actual Total Time": 7.193,"Actual Rows": 798,"Actual Loops": 3,"Inner Unique": true,"Hash Cond": "(supplier.s_nationkey = n1.n_nationkey)","Workers": [],"Plans": [{"Node Type": "Seq Scan","Parent Relationship": "Outer","Parallel Aware": false,"Async Capable": false,"Relation Name": "supplier","Alias": "supplier","Startup Cost": 0.00,"Total Cost": 322.00,"Plan Rows": 10000,"Plan Width": 8,"Actual Startup Time": 0.034,"Actual Total Time": 3.799,"Actual Rows": 10000,"Actual Loops": 3,"Workers": []},{"Node Type": "Hash","Parent Relationship": "Inner","Parallel Aware": false,"Async Capable": false,"Startup Cost": 1.38,"Total Cost": 1.38,"Plan Rows": 2,"Plan Width": 108,"Actual Startup Time": 0.027,"Actual Total Time": 0.032,"Actual Rows": 2,"Actual Loops": 3,"Hash Buckets": 1024,"Original Hash Buckets": 1024,"Hash Batches": 1,"Original Hash Batches": 1,"Peak Memory Usage": 9,"Workers": [],"Plans": [{"Node Type": "Seq Scan","Parent Relationship": "Outer","Parallel Aware": false,"Async Capable": false,"Relation Name": "nation","Alias": "n1","Startup Cost": 0.00,"Total Cost": 1.38,"Plan Rows": 2,"Plan Width": 108,"Actual Startup Time": 0.007,"Actual Total Time": 0.014,"Actual Rows": 2,"Actual Loops": 3,"Filter": "((n_name = 'FRANCE'::bpchar) OR (n_name = 'GERMANY'::bpchar))","Rows Removed by Filter": 23,"Workers": []}]}]}]}]}]}]}]}]},"Planning Time": 7.888,"Triggers": [],"Execution Time": 981.691}]
[{"Plan": {"Node Type": "Aggregate","Strategy": "Sorted","Partial Mode": "Finalize","Parallel Aware": false,"Async Capable": false,"Startup Cost": 72556.41,"Total Cost": 73352.71,"Plan Rows": 5893,"Plan Width": 272,"Actual Startup Time": 937.249,"Actual Total Time": 981.648,"Actual Rows": 4,"Actual Loops": 1,"Group Key": ["n1.n_name", "n2.n_name", "(EXTRACT(year FROM lineitem.l_shipdate))"],"Plans": [{"Node Type": "Gather Merge","Parent Relationship": "Outer","Parallel Aware": false,"Async Capable": false,"Startup Cost": 72556.41,"Total Cost": 73202.94,"Plan Rows": 4910,"Plan Width": 272,"Actual Startup Time": 936.907,"Actual Total Time": 981.572,"Actual Rows": 12,"Actual Loops": 1,"Workers Planned": 2,"Workers Launched": 2,"Plans": [{"Node Type": "Aggregate","Strategy": "Sorted","Partial Mode": "Partial","Parent Relationship": "Outer","Parallel Aware": false,"Async Capable": false,"Startup Cost": 71556.39,"Total Cost": 71636.18,"Plan Rows": 2455,"Plan Width": 272,"Actual Startup Time": 928.764,"Actual Total Time": 929.505,"Actual Rows": 4,"Actual Loops": 3,"Group Key": ["n1.n_name", "n2.n_name", "(EXTRACT(year FROM lineitem.l_shipdate))"],"Workers": [],"Plans": [{"Node Type": "Sort","Parent Relationship": "Outer","Parallel Aware": false,"Async Capable": false,"Startup Cost": 71556.39,"Total Cost": 71562.53,"Plan Rows": 2455,"Plan Width": 252,"Actual Startup Time": 928.488,"Actual Total Time": 928.594,"Actual Rows": 2029,"Actual Loops": 3,"Sort Key": ["n1.n_name", "n2.n_name", "(EXTRACT(year FROM lineitem.l_shipdate))"],"Sort Method": "quicksort","Sort Space Used": 323,"Sort Space Type": "Memory","Workers": [{"Worker Number": 0,"Sort Method": "quicksort","Sort Space Used": 265,"Sort Space Type": "Memory"},{"Worker Number": 1,"Sort Method": "quicksort","Sort Space Used": 271,"Sort Space Type": "Memory"}],"Plans": [{"Node Type": "Hash Join","Parent Relationship": "Outer","Parallel Aware": false,"Async Capable": false,"Join Type": "Inner","Startup Cost": 366.16,"Total Cost": 71418.15,"Plan Rows": 2455,"Plan Width": 252,"Actual Startup Time": 12.051,"Actual Total Time": 926.629,"Actual Rows": 2029,"Actual Loops": 3,"Inner Unique": false,"Hash Cond": "(lineitem.l_suppkey = supplier.s_suppkey)","Join Filter": "(((n1.n_name = 'RUSSIA'::bpchar) AND (n2.n_name = 'INDIA'::bpchar)) OR ((n1.n_name = 'INDIA'::bpchar) AND (n2.n_name = 'RUSSIA'::bpchar)))","Rows Removed by Join Filter": 2028,"Workers": [],"Plans": [{"Node Type": "Nested Loop","Parent Relationship": "Outer","Parallel Aware": false,"Async Capable": false,"Join Type": "Inner","Startup Cost": 2.26,"Total Cost": 70727.78,"Plan Rows": 60250,"Plan Width": 124,"Actual Startup Time": 0.730,"Actual Total Time": 908.563,"Actual Rows": 49095,"Actual Loops": 3,"Inner Unique": false,"Workers": [],"Plans": [{"Node Type": "Nested Loop","Parent Relationship": "Outer","Parallel Aware": false,"Async Capable": false,"Join Type": "Inner","Startup Cost": 1.83,"Total Cost": 12400.01,"Plan Rows": 49000,"Plan Width": 108,"Actual Startup Time": 0.403,"Actual Total Time": 225.156,"Actual Rows": 40441,"Actual Loops": 3,"Inner Unique": false,"Workers": [],"Plans": [{"Node Type": "Hash Join","Parent Relationship": "Outer","Parallel Aware": false,"Async Capable": false,"Join Type": "Inner","Startup Cost": 1.40,"Total Cost": 4403.27,"Plan Rows": 4900,"Plan Width": 108,"Actual Startup Time": 0.240,"Actual Total Time": 44.530,"Actual Rows": 4040,"Actual Loops": 3,"Inner Unique": true,"Hash Cond": "(customer.c_nationkey = n2.n_nationkey)","Workers": [],"Plans": [{"Node Type": "Seq Scan","Parent Relationship": "Outer","Parallel Aware": true,"Async Capable": false,"Relation Name": "customer","Alias": "customer","Startup Cost": 0.00,"Total Cost": 4210.00,"Plan Rows": 62500,"Plan Width": 8,"Actual Startup Time": 0.014,"Actual Total Time": 9.099,"Actual Rows": 50000,"Actual Loops": 3,"Workers": []},{"Node Type": "Hash","Parent Relationship": "Inner","Parallel Aware": false,"Async Capable": false,"Startup Cost": 1.38,"Total Cost": 1.38,"Plan Rows": 2,"Plan Width": 108,"Actual Startup Time": 0.108,"Actual Total Time": 0.112,"Actual Rows": 2,"Actual Loops": 3,"Hash Buckets": 1024,"Original Hash Buckets": 1024,"Hash Batches": 1,"Original Hash Batches": 1,"Peak Memory Usage": 9,"Workers": [],"Plans": [{"Node Type": "Seq Scan","Parent Relationship": "Outer","Parallel Aware": false,"Async Capable": false,"Relation Name": "nation","Alias": "n2","Startup Cost": 0.00,"Total Cost": 1.38,"Plan Rows": 2,"Plan Width": 108,"Actual Startup Time": 0.081,"Actual Total Time": 0.088,"Actual Rows": 2,"Actual Loops": 3,"Filter": "((n_name = 'INDIA'::bpchar) OR (n_name = 'RUSSIA'::bpchar))","Rows Removed by Filter": 23,"Workers": []}]}]},{"Node Type": "Index Scan","Parent Relationship": "Inner","Parallel Aware": false,"Async Capable": false,"Scan Direction": "Forward","Index Name": "idx_orders_custkey","Relation Name": "orders","Alias": "orders","Startup Cost": 0.43,"Total Cost": 1.46,"Plan Rows": 17,"Plan Width": 8,"Actual Startup Time": 0.007,"Actual Total Time": 0.043,"Actual Rows": 10,"Actual Loops": 12120,"Index Cond": "(o_custkey = customer.c_custkey)","Rows Removed by Index Recheck": 0,"Workers": []}]},{"Node Type": "Index Scan","Parent Relationship": "Inner","Parallel Aware": false,"Async Capable": false,"Scan Direction": "Forward","Index Name": "idx_lineitem_orderkey","Relation Name": "lineitem","Alias": "lineitem","Startup Cost": 0.43,"Total Cost": 1.14,"Plan Rows": 5,"Plan Width": 24,"Actual Startup Time": 0.016,"Actual Total Time": 0.017,"Actual Rows": 1,"Actual Loops": 121322,"Index Cond": "(l_orderkey = orders.o_orderkey)","Rows Removed by Index Recheck": 0,"Filter": "((l_shipdate >= '1995-01-01'::date) AND (l_shipdate <= '1996-12-31'::date))","Rows Removed by Filter": 3,"Workers": []}]},{"Node Type": "Hash","Parent Relationship": "Inner","Parallel Aware": false,"Async Capable": false,"Startup Cost": 354.10,"Total Cost": 354.10,"Plan Rows": 784,"Plan Width": 108,"Actual Startup Time": 10.696,"Actual Total Time": 10.706,"Actual Rows": 816,"Actual Loops": 3,"Hash Buckets": 1024,"Original Hash Buckets": 1024,"Hash Batches": 1,"Original Hash Batches": 1,"Peak Memory Usage": 58,"Workers": [],"Plans": [{"Node Type": "Hash Join","Parent Relationship": "Outer","Parallel Aware": false,"Async Capable": false,"Join Type": "Inner","Startup Cost": 1.40,"Total Cost": 354.10,"Plan Rows": 784,"Plan Width": 108,"Actual Startup Time": 0.096,"Actual Total Time": 10.504,"Actual Rows": 816,"Actual Loops": 3,"Inner Unique": true,"Hash Cond": "(supplier.s_nationkey = n1.n_nationkey)","Workers": [],"Plans": [{"Node Type": "Seq Scan","Parent Relationship": "Outer","Parallel Aware": false,"Async Capable": false,"Relation Name": "supplier","Alias": "supplier","Startup Cost": 0.00,"Total Cost": 322.00,"Plan Rows": 10000,"Plan Width": 8,"Actual Startup Time": 0.035,"Actual Total Time": 4.144,"Actual Rows": 10000,"Actual Loops": 3,"Workers": []},{"Node Type": "Hash","Parent Relationship": "Inner","Parallel Aware": false,"Async Capable": false,"Startup Cost": 1.38,"Total Cost": 1.38,"Plan Rows": 2,"Plan Width": 108,"Actual Startup Time": 0.021,"Actual Total Time": 0.024,"Actual Rows": 2,"Actual Loops": 3,"Hash Buckets": 1024,"Original Hash Buckets": 1024,"Hash Batches": 1,"Original Hash Batches": 1,"Peak Memory Usage": 9,"Workers": [],"Plans": [{"Node Type": "Seq Scan","Parent Relationship": "Outer","Parallel Aware": false,"Async Capable": false,"Relation Name": "nation","Alias": "n1","Startup Cost": 0.00,"Total Cost": 1.38,"Plan Rows": 2,"Plan Width": 108,"Actual Startup Time": 0.010,"Actual Total Time": 0.015,"Actual Rows": 2,"Actual Loops": 3,"Filter": "((n_name = 'RUSSIA'::bpchar) OR (n_name = 'INDIA'::bpchar))","Rows Removed by Filter": 23,"Workers": []}]}]}]}]}]}]}]}]},"Planning Time": 8.529,"Triggers": [],"Execution Time": 982.051}]
[{"Plan": {"Node Type": "Aggregate","Strategy": "Sorted","Partial Mode": "Finalize","Parallel Aware": false,"Async Capable": false,"Startup Cost": 72556.41,"Total Cost": 73352.71,"Plan Rows": 5893,"Plan Width": 272,"Actual Startup Time": 940.920,"Actual Total Time": 984.649,"Actual Rows": 4,"Actual Loops": 1,"Group Key": ["n1.n_name", "n2.n_name", "(EXTRACT(year FROM lineitem.l_shipdate))"],"Plans": [{"Node Type": "Gather Merge","Parent Relationship": "Outer","Parallel Aware": false,"Async Capable": false,"Startup Cost": 72556.41,"Total Cost": 73202.94,"Plan Rows": 4910,"Plan Width": 272,"Actual Startup Time": 940.600,"Actual Total Time": 984.582,"Actual Rows": 12,"Actual Loops": 1,"Workers Planned": 2,"Workers Launched": 2,"Plans": [{"Node Type": "Aggregate","Strategy": "Sorted","Partial Mode": "Partial","Parent Relationship": "Outer","Parallel Aware": false,"Async Capable": false,"Startup Cost": 71556.39,"Total Cost": 71636.18,"Plan Rows": 2455,"Plan Width": 272,"Actual Startup Time": 931.778,"Actual Total Time": 932.501,"Actual Rows": 4,"Actual Loops": 3,"Group Key": ["n1.n_name", "n2.n_name", "(EXTRACT(year FROM lineitem.l_shipdate))"],"Workers": [],"Plans": [{"Node Type": "Sort","Parent Relationship": "Outer","Parallel Aware": false,"Async Capable": false,"Startup Cost": 71556.39,"Total Cost": 71562.53,"Plan Rows": 2455,"Plan Width": 252,"Actual Startup Time": 931.491,"Actual Total Time": 931.602,"Actual Rows": 2006,"Actual Loops": 3,"Sort Key": ["n1.n_name", "n2.n_name", "(EXTRACT(year FROM lineitem.l_shipdate))"],"Sort Method": "quicksort","Sort Space Used": 323,"Sort Space Type": "Memory","Workers": [{"Worker Number": 0,"Sort Method": "quicksort","Sort Space Used": 262,"Sort Space Type": "Memory"},{"Worker Number": 1,"Sort Method": "quicksort","Sort Space Used": 266,"Sort Space Type": "Memory"}],"Plans": [{"Node Type": "Hash Join","Parent Relationship": "Outer","Parallel Aware": false,"Async Capable": false,"Join Type": "Inner","Startup Cost": 366.16,"Total Cost": 71418.15,"Plan Rows": 2455,"Plan Width": 252,"Actual Startup Time": 10.374,"Actual Total Time": 929.636,"Actual Rows": 2006,"Actual Loops": 3,"Inner Unique": false,"Hash Cond": "(lineitem.l_suppkey = supplier.s_suppkey)","Join Filter": "(((n1.n_name = 'EGYPT'::bpchar) AND (n2.n_name = 'FRANCE'::bpchar)) OR ((n1.n_name = 'FRANCE'::bpchar) AND (n2.n_name = 'EGYPT'::bpchar)))","Rows Removed by Join Filter": 1990,"Workers": [],"Plans": [{"Node Type": "Nested Loop","Parent Relationship": "Outer","Parallel Aware": false,"Async Capable": false,"Join Type": "Inner","Startup Cost": 2.26,"Total Cost": 70727.78,"Plan Rows": 60250,"Plan Width": 124,"Actual Startup Time": 0.742,"Actual Total Time": 913.136,"Actual Rows": 49286,"Actual Loops": 3,"Inner Unique": false,"Workers": [],"Plans": [{"Node Type": "Nested Loop","Parent Relationship": "Outer","Parallel Aware": false,"Async Capable": false,"Join Type": "Inner","Startup Cost": 1.83,"Total Cost": 12400.01,"Plan Rows": 49000,"Plan Width": 108,"Actual Startup Time": 0.276,"Actual Total Time": 230.835,"Actual Rows": 40237,"Actual Loops": 3,"Inner Unique": false,"Workers": [],"Plans": [{"Node Type": "Hash Join","Parent Relationship": "Outer","Parallel Aware": false,"Async Capable": false,"Join Type": "Inner","Startup Cost": 1.40,"Total Cost": 4403.27,"Plan Rows": 4900,"Plan Width": 108,"Actual Startup Time": 0.169,"Actual Total Time": 48.443,"Actual Rows": 4032,"Actual Loops": 3,"Inner Unique": true,"Hash Cond": "(customer.c_nationkey = n2.n_nationkey)","Workers": [],"Plans": [{"Node Type": "Seq Scan","Parent Relationship": "Outer","Parallel Aware": true,"Async Capable": false,"Relation Name": "customer","Alias": "customer","Startup Cost": 0.00,"Total Cost": 4210.00,"Plan Rows": 62500,"Plan Width": 8,"Actual Startup Time": 0.014,"Actual Total Time": 9.664,"Actual Rows": 50000,"Actual Loops": 3,"Workers": []},{"Node Type": "Hash","Parent Relationship": "Inner","Parallel Aware": false,"Async Capable": false,"Startup Cost": 1.38,"Total Cost": 1.38,"Plan Rows": 2,"Plan Width": 108,"Actual Startup Time": 0.072,"Actual Total Time": 0.076,"Actual Rows": 2,"Actual Loops": 3,"Hash Buckets": 1024,"Original Hash Buckets": 1024,"Hash Batches": 1,"Original Hash Batches": 1,"Peak Memory Usage": 9,"Workers": [],"Plans": [{"Node Type": "Seq Scan","Parent Relationship": "Outer","Parallel Aware": false,"Async Capable": false,"Relation Name": "nation","Alias": "n2","Startup Cost": 0.00,"Total Cost": 1.38,"Plan Rows": 2,"Plan Width": 108,"Actual Startup Time": 0.055,"Actual Total Time": 0.062,"Actual Rows": 2,"Actual Loops": 3,"Filter": "((n_name = 'FRANCE'::bpchar) OR (n_name = 'EGYPT'::bpchar))","Rows Removed by Filter": 23,"Workers": []}]}]},{"Node Type": "Index Scan","Parent Relationship": "Inner","Parallel Aware": false,"Async Capable": false,"Scan Direction": "Forward","Index Name": "idx_orders_custkey","Relation Name": "orders","Alias": "orders","Startup Cost": 0.43,"Total Cost": 1.46,"Plan Rows": 17,"Plan Width": 8,"Actual Startup Time": 0.007,"Actual Total Time": 0.044,"Actual Rows": 10,"Actual Loops": 12095,"Index Cond": "(o_custkey = customer.c_custkey)","Rows Removed by Index Recheck": 0,"Workers": []}]},{"Node Type": "Index Scan","Parent Relationship": "Inner","Parallel Aware": false,"Async Capable": false,"Scan Direction": "Forward","Index Name": "idx_lineitem_orderkey","Relation Name": "lineitem","Alias": "lineitem","Startup Cost": 0.43,"Total Cost": 1.14,"Plan Rows": 5,"Plan Width": 24,"Actual Startup Time": 0.016,"Actual Total Time": 0.017,"Actual Rows": 1,"Actual Loops": 120711,"Index Cond": "(l_orderkey = orders.o_orderkey)","Rows Removed by Index Recheck": 0,"Filter": "((l_shipdate >= '1995-01-01'::date) AND (l_shipdate <= '1996-12-31'::date))","Rows Removed by Filter": 3,"Workers": []}]},{"Node Type": "Hash","Parent Relationship": "Inner","Parallel Aware": false,"Async Capable": false,"Startup Cost": 354.10,"Total Cost": 354.10,"Plan Rows": 784,"Plan Width": 108,"Actual Startup Time": 9.238,"Actual Total Time": 9.254,"Actual Rows": 817,"Actual Loops": 3,"Hash Buckets": 1024,"Original Hash Buckets": 1024,"Hash Batches": 1,"Original Hash Batches": 1,"Peak Memory Usage": 58,"Workers": [],"Plans": [{"Node Type": "Hash Join","Parent Relationship": "Outer","Parallel Aware": false,"Async Capable": false,"Join Type": "Inner","Startup Cost": 1.40,"Total Cost": 354.10,"Plan Rows": 784,"Plan Width": 108,"Actual Startup Time": 0.093,"Actual Total Time": 9.053,"Actual Rows": 817,"Actual Loops": 3,"Inner Unique": true,"Hash Cond": "(supplier.s_nationkey = n1.n_nationkey)","Workers": [],"Plans": [{"Node Type": "Seq Scan","Parent Relationship": "Outer","Parallel Aware": false,"Async Capable": false,"Relation Name": "supplier","Alias": "supplier","Startup Cost": 0.00,"Total Cost": 322.00,"Plan Rows": 10000,"Plan Width": 8,"Actual Startup Time": 0.032,"Actual Total Time": 3.962,"Actual Rows": 10000,"Actual Loops": 3,"Workers": []},{"Node Type": "Hash","Parent Relationship": "Inner","Parallel Aware": false,"Async Capable": false,"Startup Cost": 1.38,"Total Cost": 1.38,"Plan Rows": 2,"Plan Width": 108,"Actual Startup Time": 0.017,"Actual Total Time": 0.022,"Actual Rows": 2,"Actual Loops": 3,"Hash Buckets": 1024,"Original Hash Buckets": 1024,"Hash Batches": 1,"Original Hash Batches": 1,"Peak Memory Usage": 9,"Workers": [],"Plans": [{"Node Type": "Seq Scan","Parent Relationship": "Outer","Parallel Aware": false,"Async Capable": false,"Relation Name": "nation","Alias": "n1","Startup Cost": 0.00,"Total Cost": 1.38,"Plan Rows": 2,"Plan Width": 108,"Actual Startup Time": 0.006,"Actual Total Time": 0.012,"Actual Rows": 2,"Actual Loops": 3,"Filter": "((n_name = 'EGYPT'::bpchar) OR (n_name = 'FRANCE'::bpchar))","Rows Removed by Filter": 23,"Workers": []}]}]}]}]}]}]}]}]},"Planning Time": 8.579,"Triggers": [],"Execution Time": 985.229}]
[{"Plan": {"Node Type": "Aggregate","Strategy": "Sorted","Partial Mode": "Finalize","Parallel Aware": false,"Async Capable": false,"Startup Cost": 72556.41,"Total Cost": 73352.71,"Plan Rows": 5893,"Plan Width": 272,"Actual Startup Time": 930.111,"Actual Total Time": 979.686,"Actual Rows": 4,"Actual Loops": 1,"Group Key": ["n1.n_name", "n2.n_name", "(EXTRACT(year FROM lineitem.l_shipdate))"],"Plans": [{"Node Type": "Gather Merge","Parent Relationship": "Outer","Parallel Aware": false,"Async Capable": false,"Startup Cost": 72556.41,"Total Cost": 73202.94,"Plan Rows": 4910,"Plan Width": 272,"Actual Startup Time": 929.250,"Actual Total Time": 979.584,"Actual Rows": 12,"Actual Loops": 1,"Workers Planned": 2,"Workers Launched": 2,"Plans": [{"Node Type": "Aggregate","Strategy": "Sorted","Partial Mode": "Partial","Parent Relationship": "Outer","Parallel Aware": false,"Async Capable": false,"Startup Cost": 71556.39,"Total Cost": 71636.18,"Plan Rows": 2455,"Plan Width": 272,"Actual Startup Time": 921.824,"Actual Total Time": 922.680,"Actual Rows": 4,"Actual Loops": 3,"Group Key": ["n1.n_name", "n2.n_name", "(EXTRACT(year FROM lineitem.l_shipdate))"],"Workers": [],"Plans": [{"Node Type": "Sort","Parent Relationship": "Outer","Parallel Aware": false,"Async Capable": false,"Startup Cost": 71556.39,"Total Cost": 71562.53,"Plan Rows": 2455,"Plan Width": 252,"Actual Startup Time": 921.552,"Actual Total Time": 921.671,"Actual Rows": 1938,"Actual Loops": 3,"Sort Key": ["n1.n_name", "n2.n_name", "(EXTRACT(year FROM lineitem.l_shipdate))"],"Sort Method": "quicksort","Sort Space Used": 262,"Sort Space Type": "Memory","Workers": [{"Worker Number": 0,"Sort Method": "quicksort","Sort Space Used": 256,"Sort Space Type": "Memory"},{"Worker Number": 1,"Sort Method": "quicksort","Sort Space Used": 264,"Sort Space Type": "Memory"}],"Plans": [{"Node Type": "Hash Join","Parent Relationship": "Outer","Parallel Aware": false,"Async Capable": false,"Join Type": "Inner","Startup Cost": 366.16,"Total Cost": 71418.15,"Plan Rows": 2455,"Plan Width": 252,"Actual Startup Time": 10.496,"Actual Total Time": 919.783,"Actual Rows": 1938,"Actual Loops": 3,"Inner Unique": false,"Hash Cond": "(lineitem.l_suppkey = supplier.s_suppkey)","Join Filter": "(((n1.n_name = 'MOROCCO'::bpchar) AND (n2.n_name = 'CANADA'::bpchar)) OR ((n1.n_name = 'CANADA'::bpchar) AND (n2.n_name = 'MOROCCO'::bpchar)))","Rows Removed by Join Filter": 1921,"Workers": [],"Plans": [{"Node Type": "Nested Loop","Parent Relationship": "Outer","Parallel Aware": false,"Async Capable": false,"Join Type": "Inner","Startup Cost": 2.26,"Total Cost": 70727.78,"Plan Rows": 60250,"Plan Width": 124,"Actual Startup Time": 0.578,"Actual Total Time": 903.887,"Actual Rows": 48898,"Actual Loops": 3,"Inner Unique": false,"Workers": [],"Plans": [{"Node Type": "Nested Loop","Parent Relationship": "Outer","Parallel Aware": false,"Async Capable": false,"Join Type": "Inner","Startup Cost": 1.83,"Total Cost": 12400.01,"Plan Rows": 49000,"Plan Width": 108,"Actual Startup Time": 0.301,"Actual Total Time": 226.018,"Actual Rows": 39980,"Actual Loops": 3,"Inner Unique": false,"Workers": [],"Plans": [{"Node Type": "Hash Join","Parent Relationship": "Outer","Parallel Aware": false,"Async Capable": false,"Join Type": "Inner","Startup Cost": 1.40,"Total Cost": 4403.27,"Plan Rows": 4900,"Plan Width": 108,"Actual Startup Time": 0.178,"Actual Total Time": 46.835,"Actual Rows": 3980,"Actual Loops": 3,"Inner Unique": true,"Hash Cond": "(customer.c_nationkey = n2.n_nationkey)","Workers": [],"Plans": [{"Node Type": "Seq Scan","Parent Relationship": "Outer","Parallel Aware": true,"Async Capable": false,"Relation Name": "customer","Alias": "customer","Startup Cost": 0.00,"Total Cost": 4210.00,"Plan Rows": 62500,"Plan Width": 8,"Actual Startup Time": 0.010,"Actual Total Time": 9.460,"Actual Rows": 50000,"Actual Loops": 3,"Workers": []},{"Node Type": "Hash","Parent Relationship": "Inner","Parallel Aware": false,"Async Capable": false,"Startup Cost": 1.38,"Total Cost": 1.38,"Plan Rows": 2,"Plan Width": 108,"Actual Startup Time": 0.085,"Actual Total Time": 0.091,"Actual Rows": 2,"Actual Loops": 3,"Hash Buckets": 1024,"Original Hash Buckets": 1024,"Hash Batches": 1,"Original Hash Batches": 1,"Peak Memory Usage": 9,"Workers": [],"Plans": [{"Node Type": "Seq Scan","Parent Relationship": "Outer","Parallel Aware": false,"Async Capable": false,"Relation Name": "nation","Alias": "n2","Startup Cost": 0.00,"Total Cost": 1.38,"Plan Rows": 2,"Plan Width": 108,"Actual Startup Time": 0.065,"Actual Total Time": 0.073,"Actual Rows": 2,"Actual Loops": 3,"Filter": "((n_name = 'CANADA'::bpchar) OR (n_name = 'MOROCCO'::bpchar))","Rows Removed by Filter": 23,"Workers": []}]}]},{"Node Type": "Index Scan","Parent Relationship": "Inner","Parallel Aware": false,"Async Capable": false,"Scan Direction": "Forward","Index Name": "idx_orders_custkey","Relation Name": "orders","Alias": "orders","Startup Cost": 0.43,"Total Cost": 1.46,"Plan Rows": 17,"Plan Width": 8,"Actual Startup Time": 0.007,"Actual Total Time": 0.044,"Actual Rows": 10,"Actual Loops": 11941,"Index Cond": "(o_custkey = customer.c_custkey)","Rows Removed by Index Recheck": 0,"Workers": []}]},{"Node Type": "Index Scan","Parent Relationship": "Inner","Parallel Aware": false,"Async Capable": false,"Scan Direction": "Forward","Index Name": "idx_lineitem_orderkey","Relation Name": "lineitem","Alias": "lineitem","Startup Cost": 0.43,"Total Cost": 1.14,"Plan Rows": 5,"Plan Width": 24,"Actual Startup Time": 0.016,"Actual Total Time": 0.017,"Actual Rows": 1,"Actual Loops": 119939,"Index Cond": "(l_orderkey = orders.o_orderkey)","Rows Removed by Index Recheck": 0,"Filter": "((l_shipdate >= '1995-01-01'::date) AND (l_shipdate <= '1996-12-31'::date))","Rows Removed by Filter": 3,"Workers": []}]},{"Node Type": "Hash","Parent Relationship": "Inner","Parallel Aware": false,"Async Capable": false,"Startup Cost": 354.10,"Total Cost": 354.10,"Plan Rows": 784,"Plan Width": 108,"Actual Startup Time": 8.551,"Actual Total Time": 8.565,"Actual Rows": 785,"Actual Loops": 3,"Hash Buckets": 1024,"Original Hash Buckets": 1024,"Hash Batches": 1,"Original Hash Batches": 1,"Peak Memory Usage": 56,"Workers": [],"Plans": [{"Node Type": "Hash Join","Parent Relationship": "Outer","Parallel Aware": false,"Async Capable": false,"Join Type": "Inner","Startup Cost": 1.40,"Total Cost": 354.10,"Plan Rows": 784,"Plan Width": 108,"Actual Startup Time": 0.072,"Actual Total Time": 8.328,"Actual Rows": 785,"Actual Loops": 3,"Inner Unique": true,"Hash Cond": "(supplier.s_nationkey = n1.n_nationkey)","Workers": [],"Plans": [{"Node Type": "Seq Scan","Parent Relationship": "Outer","Parallel Aware": false,"Async Capable": false,"Relation Name": "supplier","Alias": "supplier","Startup Cost": 0.00,"Total Cost": 322.00,"Plan Rows": 10000,"Plan Width": 8,"Actual Startup Time": 0.027,"Actual Total Time": 4.596,"Actual Rows": 10000,"Actual Loops": 3,"Workers": []},{"Node Type": "Hash","Parent Relationship": "Inner","Parallel Aware": false,"Async Capable": false,"Startup Cost": 1.38,"Total Cost": 1.38,"Plan Rows": 2,"Plan Width": 108,"Actual Startup Time": 0.016,"Actual Total Time": 0.023,"Actual Rows": 2,"Actual Loops": 3,"Hash Buckets": 1024,"Original Hash Buckets": 1024,"Hash Batches": 1,"Original Hash Batches": 1,"Peak Memory Usage": 9,"Workers": [],"Plans": [{"Node Type": "Seq Scan","Parent Relationship": "Outer","Parallel Aware": false,"Async Capable": false,"Relation Name": "nation","Alias": "n1","Startup Cost": 0.00,"Total Cost": 1.38,"Plan Rows": 2,"Plan Width": 108,"Actual Startup Time": 0.005,"Actual Total Time": 0.013,"Actual Rows": 2,"Actual Loops": 3,"Filter": "((n_name = 'MOROCCO'::bpchar) OR (n_name = 'CANADA'::bpchar))","Rows Removed by Filter": 23,"Workers": []}]}]}]}]}]}]}]}]},"Planning Time": 8.927,"Triggers": [],"Execution Time": 980.147}]
[{"Plan": {"Node Type": "Aggregate","Strategy": "Sorted","Partial Mode": "Finalize","Parallel Aware": false,"Async Capable": false,"Startup Cost": 72556.41,"Total Cost": 73352.71,"Plan Rows": 5893,"Plan Width": 272,"Actual Startup Time": 937.568,"Actual Total Time": 983.316,"Actual Rows": 4,"Actual Loops": 1,"Group Key": ["n1.n_name", "n2.n_name", "(EXTRACT(year FROM lineitem.l_shipdate))"],"Plans": [{"Node Type": "Gather Merge","Parent Relationship": "Outer","Parallel Aware": false,"Async Capable": false,"Startup Cost": 72556.41,"Total Cost": 73202.94,"Plan Rows": 4910,"Plan Width": 272,"Actual Startup Time": 937.311,"Actual Total Time": 983.267,"Actual Rows": 12,"Actual Loops": 1,"Workers Planned": 2,"Workers Launched": 2,"Plans": [{"Node Type": "Aggregate","Strategy": "Sorted","Partial Mode": "Partial","Parent Relationship": "Outer","Parallel Aware": false,"Async Capable": false,"Startup Cost": 71556.39,"Total Cost": 71636.18,"Plan Rows": 2455,"Plan Width": 272,"Actual Startup Time": 930.097,"Actual Total Time": 930.800,"Actual Rows": 4,"Actual Loops": 3,"Group Key": ["n1.n_name", "n2.n_name", "(EXTRACT(year FROM lineitem.l_shipdate))"],"Workers": [],"Plans": [{"Node Type": "Sort","Parent Relationship": "Outer","Parallel Aware": false,"Async Capable": false,"Startup Cost": 71556.39,"Total Cost": 71562.53,"Plan Rows": 2455,"Plan Width": 252,"Actual Startup Time": 929.830,"Actual Total Time": 929.940,"Actual Rows": 1997,"Actual Loops": 3,"Sort Key": ["n1.n_name", "n2.n_name", "(EXTRACT(year FROM lineitem.l_shipdate))"],"Sort Method": "quicksort","Sort Space Used": 271,"Sort Space Type": "Memory","Workers": [{"Worker Number": 0,"Sort Method": "quicksort","Sort Space Used": 271,"Sort Space Type": "Memory"},{"Worker Number": 1,"Sort Method": "quicksort","Sort Space Used": 259,"Sort Space Type": "Memory"}],"Plans": [{"Node Type": "Hash Join","Parent Relationship": "Outer","Parallel Aware": false,"Async Capable": false,"Join Type": "Inner","Startup Cost": 366.16,"Total Cost": 71418.15,"Plan Rows": 2455,"Plan Width": 252,"Actual Startup Time": 11.879,"Actual Total Time": 927.912,"Actual Rows": 1997,"Actual Loops": 3,"Inner Unique": false,"Hash Cond": "(lineitem.l_suppkey = supplier.s_suppkey)","Join Filter": "(((n1.n_name = 'BRAZIL'::bpchar) AND (n2.n_name = 'INDONESIA'::bpchar)) OR ((n1.n_name = 'INDONESIA'::bpchar) AND (n2.n_name = 'BRAZIL'::bpchar)))","Rows Removed by Join Filter": 1995,"Workers": [],"Plans": [{"Node Type": "Nested Loop","Parent Relationship": "Outer","Parallel Aware": false,"Async Capable": false,"Join Type": "Inner","Startup Cost": 2.26,"Total Cost": 70727.78,"Plan Rows": 60250,"Plan Width": 124,"Actual Startup Time": 0.919,"Actual Total Time": 909.691,"Actual Rows": 49541,"Actual Loops": 3,"Inner Unique": false,"Workers": [],"Plans": [{"Node Type": "Nested Loop","Parent Relationship": "Outer","Parallel Aware": false,"Async Capable": false,"Join Type": "Inner","Startup Cost": 1.83,"Total Cost": 12400.01,"Plan Rows": 49000,"Plan Width": 108,"Actual Startup Time": 0.292,"Actual Total Time": 224.696,"Actual Rows": 40505,"Actual Loops": 3,"Inner Unique": false,"Workers": [],"Plans": [{"Node Type": "Hash Join","Parent Relationship": "Outer","Parallel Aware": false,"Async Capable": false,"Join Type": "Inner","Startup Cost": 1.40,"Total Cost": 4403.27,"Plan Rows": 4900,"Plan Width": 108,"Actual Startup Time": 0.193,"Actual Total Time": 44.571,"Actual Rows": 4053,"Actual Loops": 3,"Inner Unique": true,"Hash Cond": "(customer.c_nationkey = n2.n_nationkey)","Workers": [],"Plans": [{"Node Type": "Seq Scan","Parent Relationship": "Outer","Parallel Aware": true,"Async Capable": false,"Relation Name": "customer","Alias": "customer","Startup Cost": 0.00,"Total Cost": 4210.00,"Plan Rows": 62500,"Plan Width": 8,"Actual Startup Time": 0.018,"Actual Total Time": 9.071,"Actual Rows": 50000,"Actual Loops": 3,"Workers": []},{"Node Type": "Hash","Parent Relationship": "Inner","Parallel Aware": false,"Async Capable": false,"Startup Cost": 1.38,"Total Cost": 1.38,"Plan Rows": 2,"Plan Width": 108,"Actual Startup Time": 0.074,"Actual Total Time": 0.079,"Actual Rows": 2,"Actual Loops": 3,"Hash Buckets": 1024,"Original Hash Buckets": 1024,"Hash Batches": 1,"Original Hash Batches": 1,"Peak Memory Usage": 9,"Workers": [],"Plans": [{"Node Type": "Seq Scan","Parent Relationship": "Outer","Parallel Aware": false,"Async Capable": false,"Relation Name": "nation","Alias": "n2","Startup Cost": 0.00,"Total Cost": 1.38,"Plan Rows": 2,"Plan Width": 108,"Actual Startup Time": 0.053,"Actual Total Time": 0.061,"Actual Rows": 2,"Actual Loops": 3,"Filter": "((n_name = 'INDONESIA'::bpchar) OR (n_name = 'BRAZIL'::bpchar))","Rows Removed by Filter": 23,"Workers": []}]}]},{"Node Type": "Index Scan","Parent Relationship": "Inner","Parallel Aware": false,"Async Capable": false,"Scan Direction": "Forward","Index Name": "idx_orders_custkey","Relation Name": "orders","Alias": "orders","Startup Cost": 0.43,"Total Cost": 1.46,"Plan Rows": 17,"Plan Width": 8,"Actual Startup Time": 0.007,"Actual Total Time": 0.043,"Actual Rows": 10,"Actual Loops": 12160,"Index Cond": "(o_custkey = customer.c_custkey)","Rows Removed by Index Recheck": 0,"Workers": []}]},{"Node Type": "Index Scan","Parent Relationship": "Inner","Parallel Aware": false,"Async Capable": false,"Scan Direction": "Forward","Index Name": "idx_lineitem_orderkey","Relation Name": "lineitem","Alias": "lineitem","Startup Cost": 0.43,"Total Cost": 1.14,"Plan Rows": 5,"Plan Width": 24,"Actual Startup Time": 0.016,"Actual Total Time": 0.017,"Actual Rows": 1,"Actual Loops": 121514,"Index Cond": "(l_orderkey = orders.o_orderkey)","Rows Removed by Index Recheck": 0,"Filter": "((l_shipdate >= '1995-01-01'::date) AND (l_shipdate <= '1996-12-31'::date))","Rows Removed by Filter": 3,"Workers": []}]},{"Node Type": "Hash","Parent Relationship": "Inner","Parallel Aware": false,"Async Capable": false,"Startup Cost": 354.10,"Total Cost": 354.10,"Plan Rows": 784,"Plan Width": 108,"Actual Startup Time": 10.832,"Actual Total Time": 10.848,"Actual Rows": 802,"Actual Loops": 3,"Hash Buckets": 1024,"Original Hash Buckets": 1024,"Hash Batches": 1,"Original Hash Batches": 1,"Peak Memory Usage": 57,"Workers": [],"Plans": [{"Node Type": "Hash Join","Parent Relationship": "Outer","Parallel Aware": false,"Async Capable": false,"Join Type": "Inner","Startup Cost": 1.40,"Total Cost": 354.10,"Plan Rows": 784,"Plan Width": 108,"Actual Startup Time": 0.087,"Actual Total Time": 10.652,"Actual Rows": 802,"Actual Loops": 3,"Inner Unique": true,"Hash Cond": "(supplier.s_nationkey = n1.n_nationkey)","Workers": [],"Plans": [{"Node Type": "Seq Scan","Parent Relationship": "Outer","Parallel Aware": false,"Async Capable": false,"Relation Name": "supplier","Alias": "supplier","Startup Cost": 0.00,"Total Cost": 322.00,"Plan Rows": 10000,"Plan Width": 8,"Actual Startup Time": 0.028,"Actual Total Time": 4.281,"Actual Rows": 10000,"Actual Loops": 3,"Workers": []},{"Node Type": "Hash","Parent Relationship": "Inner","Parallel Aware": false,"Async Capable": false,"Startup Cost": 1.38,"Total Cost": 1.38,"Plan Rows": 2,"Plan Width": 108,"Actual Startup Time": 0.015,"Actual Total Time": 0.021,"Actual Rows": 2,"Actual Loops": 3,"Hash Buckets": 1024,"Original Hash Buckets": 1024,"Hash Batches": 1,"Original Hash Batches": 1,"Peak Memory Usage": 9,"Workers": [],"Plans": [{"Node Type": "Seq Scan","Parent Relationship": "Outer","Parallel Aware": false,"Async Capable": false,"Relation Name": "nation","Alias": "n1","Startup Cost": 0.00,"Total Cost": 1.38,"Plan Rows": 2,"Plan Width": 108,"Actual Startup Time": 0.005,"Actual Total Time": 0.011,"Actual Rows": 2,"Actual Loops": 3,"Filter": "((n_name = 'BRAZIL'::bpchar) OR (n_name = 'INDONESIA'::bpchar))","Rows Removed by Filter": 23,"Workers": []}]}]}]}]}]}]}]}]},"Planning Time": 9.367,"Triggers": [],"Execution Time": 983.695}]
[{"Plan": {"Node Type": "Aggregate","Strategy": "Sorted","Partial Mode": "Finalize","Parallel Aware": false,"Async Capable": false,"Startup Cost": 72556.41,"Total Cost": 73352.71,"Plan Rows": 5893,"Plan Width": 272,"Actual Startup Time": 943.288,"Actual Total Time": 1001.168,"Actual Rows": 4,"Actual Loops": 1,"Group Key": ["n1.n_name", "n2.n_name", "(EXTRACT(year FROM lineitem.l_shipdate))"],"Plans": [{"Node Type": "Gather Merge","Parent Relationship": "Outer","Parallel Aware": false,"Async Capable": false,"Startup Cost": 72556.41,"Total Cost": 73202.94,"Plan Rows": 4910,"Plan Width": 272,"Actual Startup Time": 943.018,"Actual Total Time": 1001.113,"Actual Rows": 12,"Actual Loops": 1,"Workers Planned": 2,"Workers Launched": 2,"Plans": [{"Node Type": "Aggregate","Strategy": "Sorted","Partial Mode": "Partial","Parent Relationship": "Outer","Parallel Aware": false,"Async Capable": false,"Startup Cost": 71556.39,"Total Cost": 71636.18,"Plan Rows": 2455,"Plan Width": 272,"Actual Startup Time": 935.402,"Actual Total Time": 936.100,"Actual Rows": 4,"Actual Loops": 3,"Group Key": ["n1.n_name", "n2.n_name", "(EXTRACT(year FROM lineitem.l_shipdate))"],"Workers": [],"Plans": [{"Node Type": "Sort","Parent Relationship": "Outer","Parallel Aware": false,"Async Capable": false,"Startup Cost": 71556.39,"Total Cost": 71562.53,"Plan Rows": 2455,"Plan Width": 252,"Actual Startup Time": 935.153,"Actual Total Time": 935.259,"Actual Rows": 1852,"Actual Loops": 3,"Sort Key": ["n1.n_name", "n2.n_name", "(EXTRACT(year FROM lineitem.l_shipdate))"],"Sort Method": "quicksort","Sort Space Used": 261,"Sort Space Type": "Memory","Workers": [{"Worker Number": 0,"Sort Method": "quicksort","Sort Space Used": 247,"Sort Space Type": "Memory"},{"Worker Number": 1,"Sort Method": "quicksort","Sort Space Used": 245,"Sort Space Type": "Memory"}],"Plans": [{"Node Type": "Hash Join","Parent Relationship": "Outer","Parallel Aware": false,"Async Capable": false,"Join Type": "Inner","Startup Cost": 366.16,"Total Cost": 71418.15,"Plan Rows": 2455,"Plan Width": 252,"Actual Startup Time": 10.572,"Actual Total Time": 933.350,"Actual Rows": 1852,"Actual Loops": 3,"Inner Unique": false,"Hash Cond": "(lineitem.l_suppkey = supplier.s_suppkey)","Join Filter": "(((n1.n_name = 'JORDAN'::bpchar) AND (n2.n_name = 'RUSSIA'::bpchar)) OR ((n1.n_name = 'RUSSIA'::bpchar) AND (n2.n_name = 'JORDAN'::bpchar)))","Rows Removed by Join Filter": 1918,"Workers": [],"Plans": [{"Node Type": "Nested Loop","Parent Relationship": "Outer","Parallel Aware": false,"Async Capable": false,"Join Type": "Inner","Startup Cost": 2.26,"Total Cost": 70727.78,"Plan Rows": 60250,"Plan Width": 124,"Actual Startup Time": 0.566,"Actual Total Time": 917.879,"Actual Rows": 49694,"Actual Loops": 3,"Inner Unique": false,"Workers": [],"Plans": [{"Node Type": "Nested Loop","Parent Relationship": "Outer","Parallel Aware": false,"Async Capable": false,"Join Type": "Inner","Startup Cost": 1.83,"Total Cost": 12400.01,"Plan Rows": 49000,"Plan Width": 108,"Actual Startup Time": 0.378,"Actual Total Time": 229.764,"Actual Rows": 40744,"Actual Loops": 3,"Inner Unique": false,"Workers": [],"Plans": [{"Node Type": "Hash Join","Parent Relationship": "Outer","Parallel Aware": false,"Async Capable": false,"Join Type": "Inner","Startup Cost": 1.40,"Total Cost": 4403.27,"Plan Rows": 4900,"Plan Width": 108,"Actual Startup Time": 0.220,"Actual Total Time": 46.627,"Actual Rows": 4037,"Actual Loops": 3,"Inner Unique": true,"Hash Cond": "(customer.c_nationkey = n2.n_nationkey)","Workers": [],"Plans": [{"Node Type": "Seq Scan","Parent Relationship": "Outer","Parallel Aware": true,"Async Capable": false,"Relation Name": "customer","Alias": "customer","Startup Cost": 0.00,"Total Cost": 4210.00,"Plan Rows": 62500,"Plan Width": 8,"Actual Startup Time": 0.015,"Actual Total Time": 9.614,"Actual Rows": 50000,"Actual Loops": 3,"Workers": []},{"Node Type": "Hash","Parent Relationship": "Inner","Parallel Aware": false,"Async Capable": false,"Startup Cost": 1.38,"Total Cost": 1.38,"Plan Rows": 2,"Plan Width": 108,"Actual Startup Time": 0.103,"Actual Total Time": 0.109,"Actual Rows": 2,"Actual Loops": 3,"Hash Buckets": 1024,"Original Hash Buckets": 1024,"Hash Batches": 1,"Original Hash Batches": 1,"Peak Memory Usage": 9,"Workers": [],"Plans": [{"Node Type": "Seq Scan","Parent Relationship": "Outer","Parallel Aware": false,"Async Capable": false,"Relation Name": "nation","Alias": "n2","Startup Cost": 0.00,"Total Cost": 1.38,"Plan Rows": 2,"Plan Width": 108,"Actual Startup Time": 0.083,"Actual Total Time": 0.089,"Actual Rows": 2,"Actual Loops": 3,"Filter": "((n_name = 'RUSSIA'::bpchar) OR (n_name = 'JORDAN'::bpchar))","Rows Removed by Filter": 23,"Workers": []}]}]},{"Node Type": "Index Scan","Parent Relationship": "Inner","Parallel Aware": false,"Async Capable": false,"Scan Direction": "Forward","Index Name": "idx_orders_custkey","Relation Name": "orders","Alias": "orders","Startup Cost": 0.43,"Total Cost": 1.46,"Plan Rows": 17,"Plan Width": 8,"Actual Startup Time": 0.007,"Actual Total Time": 0.044,"Actual Rows": 10,"Actual Loops": 12111,"Index Cond": "(o_custkey = customer.c_custkey)","Rows Removed by Index Recheck": 0,"Workers": []}]},{"Node Type": "Index Scan","Parent Relationship": "Inner","Parallel Aware": false,"Async Capable": false,"Scan Direction": "Forward","Index Name": "idx_lineitem_orderkey","Relation Name": "lineitem","Alias": "lineitem","Startup Cost": 0.43,"Total Cost": 1.14,"Plan Rows": 5,"Plan Width": 24,"Actual Startup Time": 0.016,"Actual Total Time": 0.017,"Actual Rows": 1,"Actual Loops": 122231,"Index Cond": "(l_orderkey = orders.o_orderkey)","Rows Removed by Index Recheck": 0,"Filter": "((l_shipdate >= '1995-01-01'::date) AND (l_shipdate <= '1996-12-31'::date))","Rows Removed by Filter": 3,"Workers": []}]},{"Node Type": "Hash","Parent Relationship": "Inner","Parallel Aware": false,"Async Capable": false,"Startup Cost": 354.10,"Total Cost": 354.10,"Plan Rows": 784,"Plan Width": 108,"Actual Startup Time": 7.982,"Actual Total Time": 7.998,"Actual Rows": 763,"Actual Loops": 3,"Hash Buckets": 1024,"Original Hash Buckets": 1024,"Hash Batches": 1,"Original Hash Batches": 1,"Peak Memory Usage": 55,"Workers": [],"Plans": [{"Node Type": "Hash Join","Parent Relationship": "Outer","Parallel Aware": false,"Async Capable": false,"Join Type": "Inner","Startup Cost": 1.40,"Total Cost": 354.10,"Plan Rows": 784,"Plan Width": 108,"Actual Startup Time": 0.092,"Actual Total Time": 7.805,"Actual Rows": 763,"Actual Loops": 3,"Inner Unique": true,"Hash Cond": "(supplier.s_nationkey = n1.n_nationkey)","Workers": [],"Plans": [{"Node Type": "Seq Scan","Parent Relationship": "Outer","Parallel Aware": false,"Async Capable": false,"Relation Name": "supplier","Alias": "supplier","Startup Cost": 0.00,"Total Cost": 322.00,"Plan Rows": 10000,"Plan Width": 8,"Actual Startup Time": 0.036,"Actual Total Time": 4.289,"Actual Rows": 10000,"Actual Loops": 3,"Workers": []},{"Node Type": "Hash","Parent Relationship": "Inner","Parallel Aware": false,"Async Capable": false,"Startup Cost": 1.38,"Total Cost": 1.38,"Plan Rows": 2,"Plan Width": 108,"Actual Startup Time": 0.020,"Actual Total Time": 0.025,"Actual Rows": 2,"Actual Loops": 3,"Hash Buckets": 1024,"Original Hash Buckets": 1024,"Hash Batches": 1,"Original Hash Batches": 1,"Peak Memory Usage": 9,"Workers": [],"Plans": [{"Node Type": "Seq Scan","Parent Relationship": "Outer","Parallel Aware": false,"Async Capable": false,"Relation Name": "nation","Alias": "n1","Startup Cost": 0.00,"Total Cost": 1.38,"Plan Rows": 2,"Plan Width": 108,"Actual Startup Time": 0.010,"Actual Total Time": 0.015,"Actual Rows": 2,"Actual Loops": 3,"Filter": "((n_name = 'JORDAN'::bpchar) OR (n_name = 'RUSSIA'::bpchar))","Rows Removed by Filter": 23,"Workers": []}]}]}]}]}]}]}]}]},"Planning Time": 9.463,"Triggers": [],"Execution Time": 1001.606}]
[{"Plan": {"Node Type": "Aggregate","Strategy": "Sorted","Partial Mode": "Finalize","Parallel Aware": false,"Async Capable": false,"Startup Cost": 72556.41,"Total Cost": 73352.71,"Plan Rows": 5893,"Plan Width": 272,"Actual Startup Time": 940.216,"Actual Total Time": 984.993,"Actual Rows": 4,"Actual Loops": 1,"Group Key": ["n1.n_name", "n2.n_name", "(EXTRACT(year FROM lineitem.l_shipdate))"],"Plans": [{"Node Type": "Gather Merge","Parent Relationship": "Outer","Parallel Aware": false,"Async Capable": false,"Startup Cost": 72556.41,"Total Cost": 73202.94,"Plan Rows": 4910,"Plan Width": 272,"Actual Startup Time": 939.338,"Actual Total Time": 984.902,"Actual Rows": 12,"Actual Loops": 1,"Workers Planned": 2,"Workers Launched": 2,"Plans": [{"Node Type": "Aggregate","Strategy": "Sorted","Partial Mode": "Partial","Parent Relationship": "Outer","Parallel Aware": false,"Async Capable": false,"Startup Cost": 71556.39,"Total Cost": 71636.18,"Plan Rows": 2455,"Plan Width": 272,"Actual Startup Time": 931.101,"Actual Total Time": 932.002,"Actual Rows": 4,"Actual Loops": 3,"Group Key": ["n1.n_name", "n2.n_name", "(EXTRACT(year FROM lineitem.l_shipdate))"],"Workers": [],"Plans": [{"Node Type": "Sort","Parent Relationship": "Outer","Parallel Aware": false,"Async Capable": false,"Startup Cost": 71556.39,"Total Cost": 71562.53,"Plan Rows": 2455,"Plan Width": 252,"Actual Startup Time": 930.825,"Actual Total Time": 930.951,"Actual Rows": 1999,"Actual Loops": 3,"Sort Key": ["n1.n_name", "n2.n_name", "(EXTRACT(year FROM lineitem.l_shipdate))"],"Sort Method": "quicksort","Sort Space Used": 327,"Sort Space Type": "Memory","Workers": [{"Worker Number": 0,"Sort Method": "quicksort","Sort Space Used": 258,"Sort Space Type": "Memory"},{"Worker Number": 1,"Sort Method": "quicksort","Sort Space Used": 265,"Sort Space Type": "Memory"}],"Plans": [{"Node Type": "Hash Join","Parent Relationship": "Outer","Parallel Aware": false,"Async Capable": false,"Join Type": "Inner","Startup Cost": 366.16,"Total Cost": 71418.15,"Plan Rows": 2455,"Plan Width": 252,"Actual Startup Time": 13.337,"Actual Total Time": 928.949,"Actual Rows": 1999,"Actual Loops": 3,"Inner Unique": false,"Hash Cond": "(lineitem.l_suppkey = supplier.s_suppkey)","Join Filter": "(((n1.n_name = 'ROMANIA'::bpchar) AND (n2.n_name = 'FRANCE'::bpchar)) OR ((n1.n_name = 'FRANCE'::bpchar) AND (n2.n_name = 'ROMANIA'::bpchar)))","Rows Removed by Join Filter": 1977,"Workers": [],"Plans": [{"Node Type": "Nested Loop","Parent Relationship": "Outer","Parallel Aware": false,"Async Capable": false,"Join Type": "Inner","Startup Cost": 2.26,"Total Cost": 70727.78,"Plan Rows": 60250,"Plan Width": 124,"Actual Startup Time": 0.988,"Actual Total Time": 910.345,"Actual Rows": 49916,"Actual Loops": 3,"Inner Unique": false,"Workers": [],"Plans": [{"Node Type": "Nested Loop","Parent Relationship": "Outer","Parallel Aware": false,"Async Capable": false,"Join Type": "Inner","Startup Cost": 1.83,"Total Cost": 12400.01,"Plan Rows": 49000,"Plan Width": 108,"Actual Startup Time": 0.409,"Actual Total Time": 224.821,"Actual Rows": 40871,"Actual Loops": 3,"Inner Unique": false,"Workers": [],"Plans": [{"Node Type": "Hash Join","Parent Relationship": "Outer","Parallel Aware": false,"Async Capable": false,"Join Type": "Inner","Startup Cost": 1.40,"Total Cost": 4403.27,"Plan Rows": 4900,"Plan Width": 108,"Actual Startup Time": 0.223,"Actual Total Time": 44.239,"Actual Rows": 4067,"Actual Loops": 3,"Inner Unique": true,"Hash Cond": "(customer.c_nationkey = n2.n_nationkey)","Workers": [],"Plans": [{"Node Type": "Seq Scan","Parent Relationship": "Outer","Parallel Aware": true,"Async Capable": false,"Relation Name": "customer","Alias": "customer","Startup Cost": 0.00,"Total Cost": 4210.00,"Plan Rows": 62500,"Plan Width": 8,"Actual Startup Time": 0.018,"Actual Total Time": 9.020,"Actual Rows": 50000,"Actual Loops": 3,"Workers": []},{"Node Type": "Hash","Parent Relationship": "Inner","Parallel Aware": false,"Async Capable": false,"Startup Cost": 1.38,"Total Cost": 1.38,"Plan Rows": 2,"Plan Width": 108,"Actual Startup Time": 0.082,"Actual Total Time": 0.087,"Actual Rows": 2,"Actual Loops": 3,"Hash Buckets": 1024,"Original Hash Buckets": 1024,"Hash Batches": 1,"Original Hash Batches": 1,"Peak Memory Usage": 9,"Workers": [],"Plans": [{"Node Type": "Seq Scan","Parent Relationship": "Outer","Parallel Aware": false,"Async Capable": false,"Relation Name": "nation","Alias": "n2","Startup Cost": 0.00,"Total Cost": 1.38,"Plan Rows": 2,"Plan Width": 108,"Actual Startup Time": 0.063,"Actual Total Time": 0.071,"Actual Rows": 2,"Actual Loops": 3,"Filter": "((n_name = 'FRANCE'::bpchar) OR (n_name = 'ROMANIA'::bpchar))","Rows Removed by Filter": 23,"Workers": []}]}]},{"Node Type": "Index Scan","Parent Relationship": "Inner","Parallel Aware": false,"Async Capable": false,"Scan Direction": "Forward","Index Name": "idx_orders_custkey","Relation Name": "orders","Alias": "orders","Startup Cost": 0.43,"Total Cost": 1.46,"Plan Rows": 17,"Plan Width": 8,"Actual Startup Time": 0.007,"Actual Total Time": 0.043,"Actual Rows": 10,"Actual Loops": 12200,"Index Cond": "(o_custkey = customer.c_custkey)","Rows Removed by Index Recheck": 0,"Workers": []}]},{"Node Type": "Index Scan","Parent Relationship": "Inner","Parallel Aware": false,"Async Capable": false,"Scan Direction": "Forward","Index Name": "idx_lineitem_orderkey","Relation Name": "lineitem","Alias": "lineitem","Startup Cost": 0.43,"Total Cost": 1.14,"Plan Rows": 5,"Plan Width": 24,"Actual Startup Time": 0.016,"Actual Total Time": 0.017,"Actual Rows": 1,"Actual Loops": 122612,"Index Cond": "(l_orderkey = orders.o_orderkey)","Rows Removed by Index Recheck": 0,"Filter": "((l_shipdate >= '1995-01-01'::date) AND (l_shipdate <= '1996-12-31'::date))","Rows Removed by Filter": 3,"Workers": []}]},{"Node Type": "Hash","Parent Relationship": "Inner","Parallel Aware": false,"Async Capable": false,"Startup Cost": 354.10,"Total Cost": 354.10,"Plan Rows": 784,"Plan Width": 108,"Actual Startup Time": 11.446,"Actual Total Time": 11.463,"Actual Rows": 800,"Actual Loops": 3,"Hash Buckets": 1024,"Original Hash Buckets": 1024,"Hash Batches": 1,"Original Hash Batches": 1,"Peak Memory Usage": 57,"Workers": [],"Plans": [{"Node Type": "Hash Join","Parent Relationship": "Outer","Parallel Aware": false,"Async Capable": false,"Join Type": "Inner","Startup Cost": 1.40,"Total Cost": 354.10,"Plan Rows": 784,"Plan Width": 108,"Actual Startup Time": 0.096,"Actual Total Time": 11.259,"Actual Rows": 800,"Actual Loops": 3,"Inner Unique": true,"Hash Cond": "(supplier.s_nationkey = n1.n_nationkey)","Workers": [],"Plans": [{"Node Type": "Seq Scan","Parent Relationship": "Outer","Parallel Aware": false,"Async Capable": false,"Relation Name": "supplier","Alias": "supplier","Startup Cost": 0.00,"Total Cost": 322.00,"Plan Rows": 10000,"Plan Width": 8,"Actual Startup Time": 0.030,"Actual Total Time": 4.583,"Actual Rows": 10000,"Actual Loops": 3,"Workers": []},{"Node Type": "Hash","Parent Relationship": "Inner","Parallel Aware": false,"Async Capable": false,"Startup Cost": 1.38,"Total Cost": 1.38,"Plan Rows": 2,"Plan Width": 108,"Actual Startup Time": 0.018,"Actual Total Time": 0.026,"Actual Rows": 2,"Actual Loops": 3,"Hash Buckets": 1024,"Original Hash Buckets": 1024,"Hash Batches": 1,"Original Hash Batches": 1,"Peak Memory Usage": 9,"Workers": [],"Plans": [{"Node Type": "Seq Scan","Parent Relationship": "Outer","Parallel Aware": false,"Async Capable": false,"Relation Name": "nation","Alias": "n1","Startup Cost": 0.00,"Total Cost": 1.38,"Plan Rows": 2,"Plan Width": 108,"Actual Startup Time": 0.007,"Actual Total Time": 0.014,"Actual Rows": 2,"Actual Loops": 3,"Filter": "((n_name = 'ROMANIA'::bpchar) OR (n_name = 'FRANCE'::bpchar))","Rows Removed by Filter": 23,"Workers": []}]}]}]}]}]}]}]}]},"Planning Time": 9.414,"Triggers": [],"Execution Time": 985.429}]
[{"Plan": {"Node Type": "Aggregate","Strategy": "Sorted","Partial Mode": "Finalize","Parallel Aware": false,"Async Capable": false,"Startup Cost": 72556.41,"Total Cost": 73352.71,"Plan Rows": 5893,"Plan Width": 272,"Actual Startup Time": 949.076,"Actual Total Time": 993.496,"Actual Rows": 4,"Actual Loops": 1,"Group Key": ["n1.n_name", "n2.n_name", "(EXTRACT(year FROM lineitem.l_shipdate))"],"Plans": [{"Node Type": "Gather Merge","Parent Relationship": "Outer","Parallel Aware": false,"Async Capable": false,"Startup Cost": 72556.41,"Total Cost": 73202.94,"Plan Rows": 4910,"Plan Width": 272,"Actual Startup Time": 948.377,"Actual Total Time": 993.421,"Actual Rows": 12,"Actual Loops": 1,"Workers Planned": 2,"Workers Launched": 2,"Plans": [{"Node Type": "Aggregate","Strategy": "Sorted","Partial Mode": "Partial","Parent Relationship": "Outer","Parallel Aware": false,"Async Capable": false,"Startup Cost": 71556.39,"Total Cost": 71636.18,"Plan Rows": 2455,"Plan Width": 272,"Actual Startup Time": 939.985,"Actual Total Time": 940.827,"Actual Rows": 4,"Actual Loops": 3,"Group Key": ["n1.n_name", "n2.n_name", "(EXTRACT(year FROM lineitem.l_shipdate))"],"Workers": [],"Plans": [{"Node Type": "Sort","Parent Relationship": "Outer","Parallel Aware": false,"Async Capable": false,"Startup Cost": 71556.39,"Total Cost": 71562.53,"Plan Rows": 2455,"Plan Width": 252,"Actual Startup Time": 939.718,"Actual Total Time": 939.834,"Actual Rows": 2070,"Actual Loops": 3,"Sort Key": ["n1.n_name", "n2.n_name", "(EXTRACT(year FROM lineitem.l_shipdate))"],"Sort Method": "quicksort","Sort Space Used": 337,"Sort Space Type": "Memory","Workers": [{"Worker Number": 0,"Sort Method": "quicksort","Sort Space Used": 265,"Sort Space Type": "Memory"},{"Worker Number": 1,"Sort Method": "quicksort","Sort Space Used": 270,"Sort Space Type": "Memory"}],"Plans": [{"Node Type": "Hash Join","Parent Relationship": "Outer","Parallel Aware": false,"Async Capable": false,"Join Type": "Inner","Startup Cost": 366.16,"Total Cost": 71418.15,"Plan Rows": 2455,"Plan Width": 252,"Actual Startup Time": 12.994,"Actual Total Time": 937.782,"Actual Rows": 2070,"Actual Loops": 3,"Inner Unique": false,"Hash Cond": "(lineitem.l_suppkey = supplier.s_suppkey)","Join Filter": "(((n1.n_name = 'MOZAMBIQUE'::bpchar) AND (n2.n_name = 'FRANCE'::bpchar)) OR ((n1.n_name = 'FRANCE'::bpchar) AND (n2.n_name = 'MOZAMBIQUE'::bpchar)))","Rows Removed by Join Filter": 2015,"Workers": [],"Plans": [{"Node Type": "Nested Loop","Parent Relationship": "Outer","Parallel Aware": false,"Async Capable": false,"Join Type": "Inner","Startup Cost": 2.26,"Total Cost": 70727.78,"Plan Rows": 60250,"Plan Width": 124,"Actual Startup Time": 0.663,"Actual Total Time": 918.877,"Actual Rows": 49840,"Actual Loops": 3,"Inner Unique": false,"Workers": [],"Plans": [{"Node Type": "Nested Loop","Parent Relationship": "Outer","Parallel Aware": false,"Async Capable": false,"Join Type": "Inner","Startup Cost": 1.83,"Total Cost": 12400.01,"Plan Rows": 49000,"Plan Width": 108,"Actual Startup Time": 0.363,"Actual Total Time": 227.145,"Actual Rows": 40956,"Actual Loops": 3,"Inner Unique": false,"Workers": [],"Plans": [{"Node Type": "Hash Join","Parent Relationship": "Outer","Parallel Aware": false,"Async Capable": false,"Join Type": "Inner","Startup Cost": 1.40,"Total Cost": 4403.27,"Plan Rows": 4900,"Plan Width": 108,"Actual Startup Time": 0.221,"Actual Total Time": 44.699,"Actual Rows": 4025,"Actual Loops": 3,"Inner Unique": true,"Hash Cond": "(customer.c_nationkey = n2.n_nationkey)","Workers": [],"Plans": [{"Node Type": "Seq Scan","Parent Relationship": "Outer","Parallel Aware": true,"Async Capable": false,"Relation Name": "customer","Alias": "customer","Startup Cost": 0.00,"Total Cost": 4210.00,"Plan Rows": 62500,"Plan Width": 8,"Actual Startup Time": 0.016,"Actual Total Time": 9.046,"Actual Rows": 50000,"Actual Loops": 3,"Workers": []},{"Node Type": "Hash","Parent Relationship": "Inner","Parallel Aware": false,"Async Capable": false,"Startup Cost": 1.38,"Total Cost": 1.38,"Plan Rows": 2,"Plan Width": 108,"Actual Startup Time": 0.106,"Actual Total Time": 0.110,"Actual Rows": 2,"Actual Loops": 3,"Hash Buckets": 1024,"Original Hash Buckets": 1024,"Hash Batches": 1,"Original Hash Batches": 1,"Peak Memory Usage": 9,"Workers": [],"Plans": [{"Node Type": "Seq Scan","Parent Relationship": "Outer","Parallel Aware": false,"Async Capable": false,"Relation Name": "nation","Alias": "n2","Startup Cost": 0.00,"Total Cost": 1.38,"Plan Rows": 2,"Plan Width": 108,"Actual Startup Time": 0.079,"Actual Total Time": 0.087,"Actual Rows": 2,"Actual Loops": 3,"Filter": "((n_name = 'FRANCE'::bpchar) OR (n_name = 'MOZAMBIQUE'::bpchar))","Rows Removed by Filter": 23,"Workers": []}]}]},{"Node Type": "Index Scan","Parent Relationship": "Inner","Parallel Aware": false,"Async Capable": false,"Scan Direction": "Forward","Index Name": "idx_orders_custkey","Relation Name": "orders","Alias": "orders","Startup Cost": 0.43,"Total Cost": 1.46,"Plan Rows": 17,"Plan Width": 8,"Actual Startup Time": 0.007,"Actual Total Time": 0.044,"Actual Rows": 10,"Actual Loops": 12074,"Index Cond": "(o_custkey = customer.c_custkey)","Rows Removed by Index Recheck": 0,"Workers": []}]},{"Node Type": "Index Scan","Parent Relationship": "Inner","Parallel Aware": false,"Async Capable": false,"Scan Direction": "Forward","Index Name": "idx_lineitem_orderkey","Relation Name": "lineitem","Alias": "lineitem","Startup Cost": 0.43,"Total Cost": 1.14,"Plan Rows": 5,"Plan Width": 24,"Actual Startup Time": 0.016,"Actual Total Time": 0.017,"Actual Rows": 1,"Actual Loops": 122867,"Index Cond": "(l_orderkey = orders.o_orderkey)","Rows Removed by Index Recheck": 0,"Filter": "((l_shipdate >= '1995-01-01'::date) AND (l_shipdate <= '1996-12-31'::date))","Rows Removed by Filter": 3,"Workers": []}]},{"Node Type": "Hash","Parent Relationship": "Inner","Parallel Aware": false,"Async Capable": false,"Startup Cost": 354.10,"Total Cost": 354.10,"Plan Rows": 784,"Plan Width": 108,"Actual Startup Time": 11.509,"Actual Total Time": 11.522,"Actual Rows": 808,"Actual Loops": 3,"Hash Buckets": 1024,"Original Hash Buckets": 1024,"Hash Batches": 1,"Original Hash Batches": 1,"Peak Memory Usage": 57,"Workers": [],"Plans": [{"Node Type": "Hash Join","Parent Relationship": "Outer","Parallel Aware": false,"Async Capable": false,"Join Type": "Inner","Startup Cost": 1.40,"Total Cost": 354.10,"Plan Rows": 784,"Plan Width": 108,"Actual Startup Time": 0.103,"Actual Total Time": 11.309,"Actual Rows": 808,"Actual Loops": 3,"Inner Unique": true,"Hash Cond": "(supplier.s_nationkey = n1.n_nationkey)","Workers": [],"Plans": [{"Node Type": "Seq Scan","Parent Relationship": "Outer","Parallel Aware": false,"Async Capable": false,"Relation Name": "supplier","Alias": "supplier","Startup Cost": 0.00,"Total Cost": 322.00,"Plan Rows": 10000,"Plan Width": 8,"Actual Startup Time": 0.034,"Actual Total Time": 4.698,"Actual Rows": 10000,"Actual Loops": 3,"Workers": []},{"Node Type": "Hash","Parent Relationship": "Inner","Parallel Aware": false,"Async Capable": false,"Startup Cost": 1.38,"Total Cost": 1.38,"Plan Rows": 2,"Plan Width": 108,"Actual Startup Time": 0.019,"Actual Total Time": 0.023,"Actual Rows": 2,"Actual Loops": 3,"Hash Buckets": 1024,"Original Hash Buckets": 1024,"Hash Batches": 1,"Original Hash Batches": 1,"Peak Memory Usage": 9,"Workers": [],"Plans": [{"Node Type": "Seq Scan","Parent Relationship": "Outer","Parallel Aware": false,"Async Capable": false,"Relation Name": "nation","Alias": "n1","Startup Cost": 0.00,"Total Cost": 1.38,"Plan Rows": 2,"Plan Width": 108,"Actual Startup Time": 0.007,"Actual Total Time": 0.014,"Actual Rows": 2,"Actual Loops": 3,"Filter": "((n_name = 'MOZAMBIQUE'::bpchar) OR (n_name = 'FRANCE'::bpchar))","Rows Removed by Filter": 23,"Workers": []}]}]}]}]}]}]}]}]},"Planning Time": 8.247,"Triggers": [],"Execution Time": 993.894}]
[{"Plan": {"Node Type": "Aggregate","Strategy": "Sorted","Partial Mode": "Finalize","Parallel Aware": false,"Async Capable": false,"Startup Cost": 72556.41,"Total Cost": 73352.71,"Plan Rows": 5893,"Plan Width": 272,"Actual Startup Time": 919.637,"Actual Total Time": 964.078,"Actual Rows": 4,"Actual Loops": 1,"Group Key": ["n1.n_name", "n2.n_name", "(EXTRACT(year FROM lineitem.l_shipdate))"],"Plans": [{"Node Type": "Gather Merge","Parent Relationship": "Outer","Parallel Aware": false,"Async Capable": false,"Startup Cost": 72556.41,"Total Cost": 73202.94,"Plan Rows": 4910,"Plan Width": 272,"Actual Startup Time": 919.216,"Actual Total Time": 963.999,"Actual Rows": 12,"Actual Loops": 1,"Workers Planned": 2,"Workers Launched": 2,"Plans": [{"Node Type": "Aggregate","Strategy": "Sorted","Partial Mode": "Partial","Parent Relationship": "Outer","Parallel Aware": false,"Async Capable": false,"Startup Cost": 71556.39,"Total Cost": 71636.18,"Plan Rows": 2455,"Plan Width": 272,"Actual Startup Time": 911.011,"Actual Total Time": 911.757,"Actual Rows": 4,"Actual Loops": 3,"Group Key": ["n1.n_name", "n2.n_name", "(EXTRACT(year FROM lineitem.l_shipdate))"],"Workers": [],"Plans": [{"Node Type": "Sort","Parent Relationship": "Outer","Parallel Aware": false,"Async Capable": false,"Startup Cost": 71556.39,"Total Cost": 71562.53,"Plan Rows": 2455,"Plan Width": 252,"Actual Startup Time": 910.727,"Actual Total Time": 910.845,"Actual Rows": 1975,"Actual Loops": 3,"Sort Key": ["n1.n_name", "n2.n_name", "(EXTRACT(year FROM lineitem.l_shipdate))"],"Sort Method": "quicksort","Sort Space Used": 272,"Sort Space Type": "Memory","Workers": [{"Worker Number": 0,"Sort Method": "quicksort","Sort Space Used": 261,"Sort Space Type": "Memory"},{"Worker Number": 1,"Sort Method": "quicksort","Sort Space Used": 261,"Sort Space Type": "Memory"}],"Plans": [{"Node Type": "Hash Join","Parent Relationship": "Outer","Parallel Aware": false,"Async Capable": false,"Join Type": "Inner","Startup Cost": 366.16,"Total Cost": 71418.15,"Plan Rows": 2455,"Plan Width": 252,"Actual Startup Time": 14.830,"Actual Total Time": 908.903,"Actual Rows": 1975,"Actual Loops": 3,"Inner Unique": false,"Hash Cond": "(lineitem.l_suppkey = supplier.s_suppkey)","Join Filter": "(((n1.n_name = 'GERMANY'::bpchar) AND (n2.n_name = 'ALGERIA'::bpchar)) OR ((n1.n_name = 'ALGERIA'::bpchar) AND (n2.n_name = 'GERMANY'::bpchar)))","Rows Removed by Join Filter": 1967,"Workers": [],"Plans": [{"Node Type": "Nested Loop","Parent Relationship": "Outer","Parallel Aware": false,"Async Capable": false,"Join Type": "Inner","Startup Cost": 2.26,"Total Cost": 70727.78,"Plan Rows": 60250,"Plan Width": 124,"Actual Startup Time": 0.607,"Actual Total Time": 890.422,"Actual Rows": 48546,"Actual Loops": 3,"Inner Unique": false,"Workers": [],"Plans": [{"Node Type": "Nested Loop","Parent Relationship": "Outer","Parallel Aware": false,"Async Capable": false,"Join Type": "Inner","Startup Cost": 1.83,"Total Cost": 12400.01,"Plan Rows": 49000,"Plan Width": 108,"Actual Startup Time": 0.315,"Actual Total Time": 219.616,"Actual Rows": 39782,"Actual Loops": 3,"Inner Unique": false,"Workers": [],"Plans": [{"Node Type": "Hash Join","Parent Relationship": "Outer","Parallel Aware": false,"Async Capable": false,"Join Type": "Inner","Startup Cost": 1.40,"Total Cost": 4403.27,"Plan Rows": 4900,"Plan Width": 108,"Actual Startup Time": 0.201,"Actual Total Time": 43.272,"Actual Rows": 3944,"Actual Loops": 3,"Inner Unique": true,"Hash Cond": "(customer.c_nationkey = n2.n_nationkey)","Workers": [],"Plans": [{"Node Type": "Seq Scan","Parent Relationship": "Outer","Parallel Aware": true,"Async Capable": false,"Relation Name": "customer","Alias": "customer","Startup Cost": 0.00,"Total Cost": 4210.00,"Plan Rows": 62500,"Plan Width": 8,"Actual Startup Time": 0.015,"Actual Total Time": 9.059,"Actual Rows": 50000,"Actual Loops": 3,"Workers": []},{"Node Type": "Hash","Parent Relationship": "Inner","Parallel Aware": false,"Async Capable": false,"Startup Cost": 1.38,"Total Cost": 1.38,"Plan Rows": 2,"Plan Width": 108,"Actual Startup Time": 0.076,"Actual Total Time": 0.084,"Actual Rows": 2,"Actual Loops": 3,"Hash Buckets": 1024,"Original Hash Buckets": 1024,"Hash Batches": 1,"Original Hash Batches": 1,"Peak Memory Usage": 9,"Workers": [],"Plans": [{"Node Type": "Seq Scan","Parent Relationship": "Outer","Parallel Aware": false,"Async Capable": false,"Relation Name": "nation","Alias": "n2","Startup Cost": 0.00,"Total Cost": 1.38,"Plan Rows": 2,"Plan Width": 108,"Actual Startup Time": 0.060,"Actual Total Time": 0.068,"Actual Rows": 2,"Actual Loops": 3,"Filter": "((n_name = 'ALGERIA'::bpchar) OR (n_name = 'GERMANY'::bpchar))","Rows Removed by Filter": 23,"Workers": []}]}]},{"Node Type": "Index Scan","Parent Relationship": "Inner","Parallel Aware": false,"Async Capable": false,"Scan Direction": "Forward","Index Name": "idx_orders_custkey","Relation Name": "orders","Alias": "orders","Startup Cost": 0.43,"Total Cost": 1.46,"Plan Rows": 17,"Plan Width": 8,"Actual Startup Time": 0.007,"Actual Total Time": 0.043,"Actual Rows": 10,"Actual Loops": 11833,"Index Cond": "(o_custkey = customer.c_custkey)","Rows Removed by Index Recheck": 0,"Workers": []}]},{"Node Type": "Index Scan","Parent Relationship": "Inner","Parallel Aware": false,"Async Capable": false,"Scan Direction": "Forward","Index Name": "idx_lineitem_orderkey","Relation Name": "lineitem","Alias": "lineitem","Startup Cost": 0.43,"Total Cost": 1.14,"Plan Rows": 5,"Plan Width": 24,"Actual Startup Time": 0.016,"Actual Total Time": 0.017,"Actual Rows": 1,"Actual Loops": 119346,"Index Cond": "(l_orderkey = orders.o_orderkey)","Rows Removed by Index Recheck": 0,"Filter": "((l_shipdate >= '1995-01-01'::date) AND (l_shipdate <= '1996-12-31'::date))","Rows Removed by Filter": 3,"Workers": []}]},{"Node Type": "Hash","Parent Relationship": "Inner","Parallel Aware": false,"Async Capable": false,"Startup Cost": 354.10,"Total Cost": 354.10,"Plan Rows": 784,"Plan Width": 108,"Actual Startup Time": 11.118,"Actual Total Time": 11.136,"Actual Rows": 816,"Actual Loops": 3,"Hash Buckets": 1024,"Original Hash Buckets": 1024,"Hash Batches": 1,"Original Hash Batches": 1,"Peak Memory Usage": 58,"Workers": [],"Plans": [{"Node Type": "Hash Join","Parent Relationship": "Outer","Parallel Aware": false,"Async Capable": false,"Join Type": "Inner","Startup Cost": 1.40,"Total Cost": 354.10,"Plan Rows": 784,"Plan Width": 108,"Actual Startup Time": 0.070,"Actual Total Time": 10.939,"Actual Rows": 816,"Actual Loops": 3,"Inner Unique": true,"Hash Cond": "(supplier.s_nationkey = n1.n_nationkey)","Workers": [],"Plans": [{"Node Type": "Seq Scan","Parent Relationship": "Outer","Parallel Aware": false,"Async Capable": false,"Relation Name": "supplier","Alias": "supplier","Startup Cost": 0.00,"Total Cost": 322.00,"Plan Rows": 10000,"Plan Width": 8,"Actual Startup Time": 0.028,"Actual Total Time": 4.360,"Actual Rows": 10000,"Actual Loops": 3,"Workers": []},{"Node Type": "Hash","Parent Relationship": "Inner","Parallel Aware": false,"Async Capable": false,"Startup Cost": 1.38,"Total Cost": 1.38,"Plan Rows": 2,"Plan Width": 108,"Actual Startup Time": 0.011,"Actual Total Time": 0.018,"Actual Rows": 2,"Actual Loops": 3,"Hash Buckets": 1024,"Original Hash Buckets": 1024,"Hash Batches": 1,"Original Hash Batches": 1,"Peak Memory Usage": 9,"Workers": [],"Plans": [{"Node Type": "Seq Scan","Parent Relationship": "Outer","Parallel Aware": false,"Async Capable": false,"Relation Name": "nation","Alias": "n1","Startup Cost": 0.00,"Total Cost": 1.38,"Plan Rows": 2,"Plan Width": 108,"Actual Startup Time": 0.003,"Actual Total Time": 0.009,"Actual Rows": 2,"Actual Loops": 3,"Filter": "((n_name = 'GERMANY'::bpchar) OR (n_name = 'ALGERIA'::bpchar))","Rows Removed by Filter": 23,"Workers": []}]}]}]}]}]}]}]}]},"Planning Time": 9.106,"Triggers": [],"Execution Time": 964.507}]
[{"Plan": {"Node Type": "Aggregate","Strategy": "Sorted","Partial Mode": "Finalize","Parallel Aware": false,"Async Capable": false,"Startup Cost": 72556.41,"Total Cost": 73352.71,"Plan Rows": 5893,"Plan Width": 272,"Actual Startup Time": 940.109,"Actual Total Time": 984.150,"Actual Rows": 4,"Actual Loops": 1,"Group Key": ["n1.n_name", "n2.n_name", "(EXTRACT(year FROM lineitem.l_shipdate))"],"Plans": [{"Node Type": "Gather Merge","Parent Relationship": "Outer","Parallel Aware": false,"Async Capable": false,"Startup Cost": 72556.41,"Total Cost": 73202.94,"Plan Rows": 4910,"Plan Width": 272,"Actual Startup Time": 939.450,"Actual Total Time": 984.076,"Actual Rows": 12,"Actual Loops": 1,"Workers Planned": 2,"Workers Launched": 2,"Plans": [{"Node Type": "Aggregate","Strategy": "Sorted","Partial Mode": "Partial","Parent Relationship": "Outer","Parallel Aware": false,"Async Capable": false,"Startup Cost": 71556.39,"Total Cost": 71636.18,"Plan Rows": 2455,"Plan Width": 272,"Actual Startup Time": 931.023,"Actual Total Time": 931.876,"Actual Rows": 4,"Actual Loops": 3,"Group Key": ["n1.n_name", "n2.n_name", "(EXTRACT(year FROM lineitem.l_shipdate))"],"Workers": [],"Plans": [{"Node Type": "Sort","Parent Relationship": "Outer","Parallel Aware": false,"Async Capable": false,"Startup Cost": 71556.39,"Total Cost": 71562.53,"Plan Rows": 2455,"Plan Width": 252,"Actual Startup Time": 930.741,"Actual Total Time": 930.868,"Actual Rows": 2026,"Actual Loops": 3,"Sort Key": ["n1.n_name", "n2.n_name", "(EXTRACT(year FROM lineitem.l_shipdate))"],"Sort Method": "quicksort","Sort Space Used": 323,"Sort Space Type": "Memory","Workers": [{"Worker Number": 0,"Sort Method": "quicksort","Sort Space Used": 267,"Sort Space Type": "Memory"},{"Worker Number": 1,"Sort Method": "quicksort","Sort Space Used": 268,"Sort Space Type": "Memory"}],"Plans": [{"Node Type": "Hash Join","Parent Relationship": "Outer","Parallel Aware": false,"Async Capable": false,"Join Type": "Inner","Startup Cost": 366.16,"Total Cost": 71418.15,"Plan Rows": 2455,"Plan Width": 252,"Actual Startup Time": 11.992,"Actual Total Time": 928.784,"Actual Rows": 2026,"Actual Loops": 3,"Inner Unique": false,"Hash Cond": "(lineitem.l_suppkey = supplier.s_suppkey)","Join Filter": "(((n1.n_name = 'RUSSIA'::bpchar) AND (n2.n_name = 'CANADA'::bpchar)) OR ((n1.n_name = 'CANADA'::bpchar) AND (n2.n_name = 'RUSSIA'::bpchar)))","Rows Removed by Join Filter": 2027,"Workers": [],"Plans": [{"Node Type": "Nested Loop","Parent Relationship": "Outer","Parallel Aware": false,"Async Capable": false,"Join Type": "Inner","Startup Cost": 2.26,"Total Cost": 70727.78,"Plan Rows": 60250,"Plan Width": 124,"Actual Startup Time": 0.771,"Actual Total Time": 910.511,"Actual Rows": 49485,"Actual Loops": 3,"Inner Unique": false,"Workers": [],"Plans": [{"Node Type": "Nested Loop","Parent Relationship": "Outer","Parallel Aware": false,"Async Capable": false,"Join Type": "Inner","Startup Cost": 1.83,"Total Cost": 12400.01,"Plan Rows": 49000,"Plan Width": 108,"Actual Startup Time": 0.378,"Actual Total Time": 225.417,"Actual Rows": 40658,"Actual Loops": 3,"Inner Unique": false,"Workers": [],"Plans": [{"Node Type": "Hash Join","Parent Relationship": "Outer","Parallel Aware": false,"Async Capable": false,"Join Type": "Inner","Startup Cost": 1.40,"Total Cost": 4403.27,"Plan Rows": 4900,"Plan Width": 108,"Actual Startup Time": 0.240,"Actual Total Time": 44.504,"Actual Rows": 4033,"Actual Loops": 3,"Inner Unique": true,"Hash Cond": "(customer.c_nationkey = n2.n_nationkey)","Workers": [],"Plans": [{"Node Type": "Seq Scan","Parent Relationship": "Outer","Parallel Aware": true,"Async Capable": false,"Relation Name": "customer","Alias": "customer","Startup Cost": 0.00,"Total Cost": 4210.00,"Plan Rows": 62500,"Plan Width": 8,"Actual Startup Time": 0.018,"Actual Total Time": 9.198,"Actual Rows": 50000,"Actual Loops": 3,"Workers": []},{"Node Type": "Hash","Parent Relationship": "Inner","Parallel Aware": false,"Async Capable": false,"Startup Cost": 1.38,"Total Cost": 1.38,"Plan Rows": 2,"Plan Width": 108,"Actual Startup Time": 0.097,"Actual Total Time": 0.102,"Actual Rows": 2,"Actual Loops": 3,"Hash Buckets": 1024,"Original Hash Buckets": 1024,"Hash Batches": 1,"Original Hash Batches": 1,"Peak Memory Usage": 9,"Workers": [],"Plans": [{"Node Type": "Seq Scan","Parent Relationship": "Outer","Parallel Aware": false,"Async Capable": false,"Relation Name": "nation","Alias": "n2","Startup Cost": 0.00,"Total Cost": 1.38,"Plan Rows": 2,"Plan Width": 108,"Actual Startup Time": 0.072,"Actual Total Time": 0.082,"Actual Rows": 2,"Actual Loops": 3,"Filter": "((n_name = 'CANADA'::bpchar) OR (n_name = 'RUSSIA'::bpchar))","Rows Removed by Filter": 23,"Workers": []}]}]},{"Node Type": "Index Scan","Parent Relationship": "Inner","Parallel Aware": false,"Async Capable": false,"Scan Direction": "Forward","Index Name": "idx_orders_custkey","Relation Name": "orders","Alias": "orders","Startup Cost": 0.43,"Total Cost": 1.46,"Plan Rows": 17,"Plan Width": 8,"Actual Startup Time": 0.007,"Actual Total Time": 0.044,"Actual Rows": 10,"Actual Loops": 12098,"Index Cond": "(o_custkey = customer.c_custkey)","Rows Removed by Index Recheck": 0,"Workers": []}]},{"Node Type": "Index Scan","Parent Relationship": "Inner","Parallel Aware": false,"Async Capable": false,"Scan Direction": "Forward","Index Name": "idx_lineitem_orderkey","Relation Name": "lineitem","Alias": "lineitem","Startup Cost": 0.43,"Total Cost": 1.14,"Plan Rows": 5,"Plan Width": 24,"Actual Startup Time": 0.016,"Actual Total Time": 0.017,"Actual Rows": 1,"Actual Loops": 121975,"Index Cond": "(l_orderkey = orders.o_orderkey)","Rows Removed by Index Recheck": 0,"Filter": "((l_shipdate >= '1995-01-01'::date) AND (l_shipdate <= '1996-12-31'::date))","Rows Removed by Filter": 3,"Workers": []}]},{"Node Type": "Hash","Parent Relationship": "Inner","Parallel Aware": false,"Async Capable": false,"Startup Cost": 354.10,"Total Cost": 354.10,"Plan Rows": 784,"Plan Width": 108,"Actual Startup Time": 10.902,"Actual Total Time": 10.921,"Actual Rows": 813,"Actual Loops": 3,"Hash Buckets": 1024,"Original Hash Buckets": 1024,"Hash Batches": 1,"Original Hash Batches": 1,"Peak Memory Usage": 58,"Workers": [],"Plans": [{"Node Type": "Hash Join","Parent Relationship": "Outer","Parallel Aware": false,"Async Capable": false,"Join Type": "Inner","Startup Cost": 1.40,"Total Cost": 354.10,"Plan Rows": 784,"Plan Width": 108,"Actual Startup Time": 0.101,"Actual Total Time": 10.710,"Actual Rows": 813,"Actual Loops": 3,"Inner Unique": true,"Hash Cond": "(supplier.s_nationkey = n1.n_nationkey)","Workers": [],"Plans": [{"Node Type": "Seq Scan","Parent Relationship": "Outer","Parallel Aware": false,"Async Capable": false,"Relation Name": "supplier","Alias": "supplier","Startup Cost": 0.00,"Total Cost": 322.00,"Plan Rows": 10000,"Plan Width": 8,"Actual Startup Time": 0.034,"Actual Total Time": 4.439,"Actual Rows": 10000,"Actual Loops": 3,"Workers": []},{"Node Type": "Hash","Parent Relationship": "Inner","Parallel Aware": false,"Async Capable": false,"Startup Cost": 1.38,"Total Cost": 1.38,"Plan Rows": 2,"Plan Width": 108,"Actual Startup Time": 0.024,"Actual Total Time": 0.030,"Actual Rows": 2,"Actual Loops": 3,"Hash Buckets": 1024,"Original Hash Buckets": 1024,"Hash Batches": 1,"Original Hash Batches": 1,"Peak Memory Usage": 9,"Workers": [],"Plans": [{"Node Type": "Seq Scan","Parent Relationship": "Outer","Parallel Aware": false,"Async Capable": false,"Relation Name": "nation","Alias": "n1","Startup Cost": 0.00,"Total Cost": 1.38,"Plan Rows": 2,"Plan Width": 108,"Actual Startup Time": 0.006,"Actual Total Time": 0.020,"Actual Rows": 2,"Actual Loops": 3,"Filter": "((n_name = 'RUSSIA'::bpchar) OR (n_name = 'CANADA'::bpchar))","Rows Removed by Filter": 23,"Workers": []}]}]}]}]}]}]}]}]},"Planning Time": 9.390,"Triggers": [],"Execution Time": 984.588}]
[{"Plan": {"Node Type": "Aggregate","Strategy": "Sorted","Partial Mode": "Finalize","Parallel Aware": false,"Async Capable": false,"Startup Cost": 72556.41,"Total Cost": 73352.71,"Plan Rows": 5893,"Plan Width": 272,"Actual Startup Time": 934.427,"Actual Total Time": 991.482,"Actual Rows": 4,"Actual Loops": 1,"Group Key": ["n1.n_name", "n2.n_name", "(EXTRACT(year FROM lineitem.l_shipdate))"],"Plans": [{"Node Type": "Gather Merge","Parent Relationship": "Outer","Parallel Aware": false,"Async Capable": false,"Startup Cost": 72556.41,"Total Cost": 73202.94,"Plan Rows": 4910,"Plan Width": 272,"Actual Startup Time": 933.838,"Actual Total Time": 991.406,"Actual Rows": 12,"Actual Loops": 1,"Workers Planned": 2,"Workers Launched": 2,"Plans": [{"Node Type": "Aggregate","Strategy": "Sorted","Partial Mode": "Partial","Parent Relationship": "Outer","Parallel Aware": false,"Async Capable": false,"Startup Cost": 71556.39,"Total Cost": 71636.18,"Plan Rows": 2455,"Plan Width": 272,"Actual Startup Time": 925.984,"Actual Total Time": 926.787,"Actual Rows": 4,"Actual Loops": 3,"Group Key": ["n1.n_name", "n2.n_name", "(EXTRACT(year FROM lineitem.l_shipdate))"],"Workers": [],"Plans": [{"Node Type": "Sort","Parent Relationship": "Outer","Parallel Aware": false,"Async Capable": false,"Startup Cost": 71556.39,"Total Cost": 71562.53,"Plan Rows": 2455,"Plan Width": 252,"Actual Startup Time": 925.704,"Actual Total Time": 925.820,"Actual Rows": 2015,"Actual Loops": 3,"Sort Key": ["n1.n_name", "n2.n_name", "(EXTRACT(year FROM lineitem.l_shipdate))"],"Sort Method": "quicksort","Sort Space Used": 269,"Sort Space Type": "Memory","Workers": [{"Worker Number": 0,"Sort Method": "quicksort","Sort Space Used": 321,"Sort Space Type": "Memory"},{"Worker Number": 1,"Sort Method": "quicksort","Sort Space Used": 265,"Sort Space Type": "Memory"}],"Plans": [{"Node Type": "Hash Join","Parent Relationship": "Outer","Parallel Aware": false,"Async Capable": false,"Join Type": "Inner","Startup Cost": 366.16,"Total Cost": 71418.15,"Plan Rows": 2455,"Plan Width": 252,"Actual Startup Time": 9.281,"Actual Total Time": 923.784,"Actual Rows": 2015,"Actual Loops": 3,"Inner Unique": false,"Hash Cond": "(lineitem.l_suppkey = supplier.s_suppkey)","Join Filter": "(((n1.n_name = 'PERU'::bpchar) AND (n2.n_name = 'RUSSIA'::bpchar)) OR ((n1.n_name = 'RUSSIA'::bpchar) AND (n2.n_name = 'PERU'::bpchar)))","Rows Removed by Join Filter": 2048,"Workers": [],"Plans": [{"Node Type": "Nested Loop","Parent Relationship": "Outer","Parallel Aware": false,"Async Capable": false,"Join Type": "Inner","Startup Cost": 2.26,"Total Cost": 70727.78,"Plan Rows": 60250,"Plan Width": 124,"Actual Startup Time": 0.841,"Actual Total Time": 908.055,"Actual Rows": 48954,"Actual Loops": 3,"Inner Unique": false,"Workers": [],"Plans": [{"Node Type": "Nested Loop","Parent Relationship": "Outer","Parallel Aware": false,"Async Capable": false,"Join Type": "Inner","Startup Cost": 1.83,"Total Cost": 12400.01,"Plan Rows": 49000,"Plan Width": 108,"Actual Startup Time": 0.261,"Actual Total Time": 227.447,"Actual Rows": 40171,"Actual Loops": 3,"Inner Unique": false,"Workers": [],"Plans": [{"Node Type": "Hash Join","Parent Relationship": "Outer","Parallel Aware": false,"Async Capable": false,"Join Type": "Inner","Startup Cost": 1.40,"Total Cost": 4403.27,"Plan Rows": 4900,"Plan Width": 108,"Actual Startup Time": 0.162,"Actual Total Time": 46.193,"Actual Rows": 4018,"Actual Loops": 3,"Inner Unique": true,"Hash Cond": "(customer.c_nationkey = n2.n_nationkey)","Workers": [],"Plans": [{"Node Type": "Seq Scan","Parent Relationship": "Outer","Parallel Aware": true,"Async Capable": false,"Relation Name": "customer","Alias": "customer","Startup Cost": 0.00,"Total Cost": 4210.00,"Plan Rows": 62500,"Plan Width": 8,"Actual Startup Time": 0.012,"Actual Total Time": 9.569,"Actual Rows": 50000,"Actual Loops": 3,"Workers": []},{"Node Type": "Hash","Parent Relationship": "Inner","Parallel Aware": false,"Async Capable": false,"Startup Cost": 1.38,"Total Cost": 1.38,"Plan Rows": 2,"Plan Width": 108,"Actual Startup Time": 0.067,"Actual Total Time": 0.071,"Actual Rows": 2,"Actual Loops": 3,"Hash Buckets": 1024,"Original Hash Buckets": 1024,"Hash Batches": 1,"Original Hash Batches": 1,"Peak Memory Usage": 9,"Workers": [],"Plans": [{"Node Type": "Seq Scan","Parent Relationship": "Outer","Parallel Aware": false,"Async Capable": false,"Relation Name": "nation","Alias": "n2","Startup Cost": 0.00,"Total Cost": 1.38,"Plan Rows": 2,"Plan Width": 108,"Actual Startup Time": 0.053,"Actual Total Time": 0.056,"Actual Rows": 2,"Actual Loops": 3,"Filter": "((n_name = 'RUSSIA'::bpchar) OR (n_name = 'PERU'::bpchar))","Rows Removed by Filter": 23,"Workers": []}]}]},{"Node Type": "Index Scan","Parent Relationship": "Inner","Parallel Aware": false,"Async Capable": false,"Scan Direction": "Forward","Index Name": "idx_orders_custkey","Relation Name": "orders","Alias": "orders","Startup Cost": 0.43,"Total Cost": 1.46,"Plan Rows": 17,"Plan Width": 8,"Actual Startup Time": 0.007,"Actual Total Time": 0.044,"Actual Rows": 10,"Actual Loops": 12053,"Index Cond": "(o_custkey = customer.c_custkey)","Rows Removed by Index Recheck": 0,"Workers": []}]},{"Node Type": "Index Scan","Parent Relationship": "Inner","Parallel Aware": false,"Async Capable": false,"Scan Direction": "Forward","Index Name": "idx_lineitem_orderkey","Relation Name": "lineitem","Alias": "lineitem","Startup Cost": 0.43,"Total Cost": 1.14,"Plan Rows": 5,"Plan Width": 24,"Actual Startup Time": 0.016,"Actual Total Time": 0.017,"Actual Rows": 1,"Actual Loops": 120513,"Index Cond": "(l_orderkey = orders.o_orderkey)","Rows Removed by Index Recheck": 0,"Filter": "((l_shipdate >= '1995-01-01'::date) AND (l_shipdate <= '1996-12-31'::date))","Rows Removed by Filter": 3,"Workers": []}]},{"Node Type": "Hash","Parent Relationship": "Inner","Parallel Aware": false,"Async Capable": false,"Startup Cost": 354.10,"Total Cost": 354.10,"Plan Rows": 784,"Plan Width": 108,"Actual Startup Time": 8.155,"Actual Total Time": 8.168,"Actual Rows": 822,"Actual Loops": 3,"Hash Buckets": 1024,"Original Hash Buckets": 1024,"Hash Batches": 1,"Original Hash Batches": 1,"Peak Memory Usage": 58,"Workers": [],"Plans": [{"Node Type": "Hash Join","Parent Relationship": "Outer","Parallel Aware": false,"Async Capable": false,"Join Type": "Inner","Startup Cost": 1.40,"Total Cost": 354.10,"Plan Rows": 784,"Plan Width": 108,"Actual Startup Time": 0.075,"Actual Total Time": 7.926,"Actual Rows": 822,"Actual Loops": 3,"Inner Unique": true,"Hash Cond": "(supplier.s_nationkey = n1.n_nationkey)","Workers": [],"Plans": [{"Node Type": "Seq Scan","Parent Relationship": "Outer","Parallel Aware": false,"Async Capable": false,"Relation Name": "supplier","Alias": "supplier","Startup Cost": 0.00,"Total Cost": 322.00,"Plan Rows": 10000,"Plan Width": 8,"Actual Startup Time": 0.029,"Actual Total Time": 4.237,"Actual Rows": 10000,"Actual Loops": 3,"Workers": []},{"Node Type": "Hash","Parent Relationship": "Inner","Parallel Aware": false,"Async Capable": false,"Startup Cost": 1.38,"Total Cost": 1.38,"Plan Rows": 2,"Plan Width": 108,"Actual Startup Time": 0.018,"Actual Total Time": 0.023,"Actual Rows": 2,"Actual Loops": 3,"Hash Buckets": 1024,"Original Hash Buckets": 1024,"Hash Batches": 1,"Original Hash Batches": 1,"Peak Memory Usage": 9,"Workers": [],"Plans": [{"Node Type": "Seq Scan","Parent Relationship": "Outer","Parallel Aware": false,"Async Capable": false,"Relation Name": "nation","Alias": "n1","Startup Cost": 0.00,"Total Cost": 1.38,"Plan Rows": 2,"Plan Width": 108,"Actual Startup Time": 0.010,"Actual Total Time": 0.013,"Actual Rows": 2,"Actual Loops": 3,"Filter": "((n_name = 'PERU'::bpchar) OR (n_name = 'RUSSIA'::bpchar))","Rows Removed by Filter": 23,"Workers": []}]}]}]}]}]}]}]}]},"Planning Time": 8.866,"Triggers": [],"Execution Time": 991.919}]
[{"Plan": {"Node Type": "Aggregate","Strategy": "Sorted","Partial Mode": "Finalize","Parallel Aware": false,"Async Capable": false,"Startup Cost": 72556.41,"Total Cost": 73352.71,"Plan Rows": 5893,"Plan Width": 272,"Actual Startup Time": 910.626,"Actual Total Time": 967.579,"Actual Rows": 4,"Actual Loops": 1,"Group Key": ["n1.n_name", "n2.n_name", "(EXTRACT(year FROM lineitem.l_shipdate))"],"Plans": [{"Node Type": "Gather Merge","Parent Relationship": "Outer","Parallel Aware": false,"Async Capable": false,"Startup Cost": 72556.41,"Total Cost": 73202.94,"Plan Rows": 4910,"Plan Width": 272,"Actual Startup Time": 910.231,"Actual Total Time": 967.464,"Actual Rows": 12,"Actual Loops": 1,"Workers Planned": 2,"Workers Launched": 2,"Plans": [{"Node Type": "Aggregate","Strategy": "Sorted","Partial Mode": "Partial","Parent Relationship": "Outer","Parallel Aware": false,"Async Capable": false,"Startup Cost": 71556.39,"Total Cost": 71636.18,"Plan Rows": 2455,"Plan Width": 272,"Actual Startup Time": 902.601,"Actual Total Time": 903.318,"Actual Rows": 4,"Actual Loops": 3,"Group Key": ["n1.n_name", "n2.n_name", "(EXTRACT(year FROM lineitem.l_shipdate))"],"Workers": [],"Plans": [{"Node Type": "Sort","Parent Relationship": "Outer","Parallel Aware": false,"Async Capable": false,"Startup Cost": 71556.39,"Total Cost": 71562.53,"Plan Rows": 2455,"Plan Width": 252,"Actual Startup Time": 902.349,"Actual Total Time": 902.455,"Actual Rows": 2010,"Actual Loops": 3,"Sort Key": ["n1.n_name", "n2.n_name", "(EXTRACT(year FROM lineitem.l_shipdate))"],"Sort Method": "quicksort","Sort Space Used": 267,"Sort Space Type": "Memory","Workers": [{"Worker Number": 0,"Sort Method": "quicksort","Sort Space Used": 272,"Sort Space Type": "Memory"},{"Worker Number": 1,"Sort Method": "quicksort","Sort Space Used": 266,"Sort Space Type": "Memory"}],"Plans": [{"Node Type": "Hash Join","Parent Relationship": "Outer","Parallel Aware": false,"Async Capable": false,"Join Type": "Inner","Startup Cost": 366.16,"Total Cost": 71418.15,"Plan Rows": 2455,"Plan Width": 252,"Actual Startup Time": 9.598,"Actual Total Time": 900.536,"Actual Rows": 2010,"Actual Loops": 3,"Inner Unique": false,"Hash Cond": "(lineitem.l_suppkey = supplier.s_suppkey)","Join Filter": "(((n1.n_name = 'PERU'::bpchar) AND (n2.n_name = 'ARGENTINA'::bpchar)) OR ((n1.n_name = 'ARGENTINA'::bpchar) AND (n2.n_name = 'PERU'::bpchar)))","Rows Removed by Join Filter": 2008,"Workers": [],"Plans": [{"Node Type": "Nested Loop","Parent Relationship": "Outer","Parallel Aware": false,"Async Capable": false,"Join Type": "Inner","Startup Cost": 2.26,"Total Cost": 70727.78,"Plan Rows": 60250,"Plan Width": 124,"Actual Startup Time": 0.981,"Actual Total Time": 885.272,"Actual Rows": 48320,"Actual Loops": 3,"Inner Unique": false,"Workers": [],"Plans": [{"Node Type": "Nested Loop","Parent Relationship": "Outer","Parallel Aware": false,"Async Capable": false,"Join Type": "Inner","Startup Cost": 1.83,"Total Cost": 12400.01,"Plan Rows": 49000,"Plan Width": 108,"Actual Startup Time": 0.340,"Actual Total Time": 221.765,"Actual Rows": 39522,"Actual Loops": 3,"Inner Unique": false,"Workers": [],"Plans": [{"Node Type": "Hash Join","Parent Relationship": "Outer","Parallel Aware": false,"Async Capable": false,"Join Type": "Inner","Startup Cost": 1.40,"Total Cost": 4403.27,"Plan Rows": 4900,"Plan Width": 108,"Actual Startup Time": 0.203,"Actual Total Time": 45.720,"Actual Rows": 3983,"Actual Loops": 3,"Inner Unique": true,"Hash Cond": "(customer.c_nationkey = n2.n_nationkey)","Workers": [],"Plans": [{"Node Type": "Seq Scan","Parent Relationship": "Outer","Parallel Aware": true,"Async Capable": false,"Relation Name": "customer","Alias": "customer","Startup Cost": 0.00,"Total Cost": 4210.00,"Plan Rows": 62500,"Plan Width": 8,"Actual Startup Time": 0.019,"Actual Total Time": 9.634,"Actual Rows": 50000,"Actual Loops": 3,"Workers": []},{"Node Type": "Hash","Parent Relationship": "Inner","Parallel Aware": false,"Async Capable": false,"Startup Cost": 1.38,"Total Cost": 1.38,"Plan Rows": 2,"Plan Width": 108,"Actual Startup Time": 0.086,"Actual Total Time": 0.091,"Actual Rows": 2,"Actual Loops": 3,"Hash Buckets": 1024,"Original Hash Buckets": 1024,"Hash Batches": 1,"Original Hash Batches": 1,"Peak Memory Usage": 9,"Workers": [],"Plans": [{"Node Type": "Seq Scan","Parent Relationship": "Outer","Parallel Aware": false,"Async Capable": false,"Relation Name": "nation","Alias": "n2","Startup Cost": 0.00,"Total Cost": 1.38,"Plan Rows": 2,"Plan Width": 108,"Actual Startup Time": 0.065,"Actual Total Time": 0.074,"Actual Rows": 2,"Actual Loops": 3,"Filter": "((n_name = 'ARGENTINA'::bpchar) OR (n_name = 'PERU'::bpchar))","Rows Removed by Filter": 23,"Workers": []}]}]},{"Node Type": "Index Scan","Parent Relationship": "Inner","Parallel Aware": false,"Async Capable": false,"Scan Direction": "Forward","Index Name": "idx_orders_custkey","Relation Name": "orders","Alias": "orders","Startup Cost": 0.43,"Total Cost": 1.46,"Plan Rows": 17,"Plan Width": 8,"Actual Startup Time": 0.007,"Actual Total Time": 0.043,"Actual Rows": 10,"Actual Loops": 11950,"Index Cond": "(o_custkey = customer.c_custkey)","Rows Removed by Index Recheck": 0,"Workers": []}]},{"Node Type": "Index Scan","Parent Relationship": "Inner","Parallel Aware": false,"Async Capable": false,"Scan Direction": "Forward","Index Name": "idx_lineitem_orderkey","Relation Name": "lineitem","Alias": "lineitem","Startup Cost": 0.43,"Total Cost": 1.14,"Plan Rows": 5,"Plan Width": 24,"Actual Startup Time": 0.016,"Actual Total Time": 0.017,"Actual Rows": 1,"Actual Loops": 118565,"Index Cond": "(l_orderkey = orders.o_orderkey)","Rows Removed by Index Recheck": 0,"Filter": "((l_shipdate >= '1995-01-01'::date) AND (l_shipdate <= '1996-12-31'::date))","Rows Removed by Filter": 3,"Workers": []}]},{"Node Type": "Hash","Parent Relationship": "Inner","Parallel Aware": false,"Async Capable": false,"Startup Cost": 354.10,"Total Cost": 354.10,"Plan Rows": 784,"Plan Width": 108,"Actual Startup Time": 8.003,"Actual Total Time": 8.018,"Actual Rows": 834,"Actual Loops": 3,"Hash Buckets": 1024,"Original Hash Buckets": 1024,"Hash Batches": 1,"Original Hash Batches": 1,"Peak Memory Usage": 59,"Workers": [],"Plans": [{"Node Type": "Hash Join","Parent Relationship": "Outer","Parallel Aware": false,"Async Capable": false,"Join Type": "Inner","Startup Cost": 1.40,"Total Cost": 354.10,"Plan Rows": 784,"Plan Width": 108,"Actual Startup Time": 0.092,"Actual Total Time": 7.776,"Actual Rows": 834,"Actual Loops": 3,"Inner Unique": true,"Hash Cond": "(supplier.s_nationkey = n1.n_nationkey)","Workers": [],"Plans": [{"Node Type": "Seq Scan","Parent Relationship": "Outer","Parallel Aware": false,"Async Capable": false,"Relation Name": "supplier","Alias": "supplier","Startup Cost": 0.00,"Total Cost": 322.00,"Plan Rows": 10000,"Plan Width": 8,"Actual Startup Time": 0.033,"Actual Total Time": 4.118,"Actual Rows": 10000,"Actual Loops": 3,"Workers": []},{"Node Type": "Hash","Parent Relationship": "Inner","Parallel Aware": false,"Async Capable": false,"Startup Cost": 1.38,"Total Cost": 1.38,"Plan Rows": 2,"Plan Width": 108,"Actual Startup Time": 0.024,"Actual Total Time": 0.030,"Actual Rows": 2,"Actual Loops": 3,"Hash Buckets": 1024,"Original Hash Buckets": 1024,"Hash Batches": 1,"Original Hash Batches": 1,"Peak Memory Usage": 9,"Workers": [],"Plans": [{"Node Type": "Seq Scan","Parent Relationship": "Outer","Parallel Aware": false,"Async Capable": false,"Relation Name": "nation","Alias": "n1","Startup Cost": 0.00,"Total Cost": 1.38,"Plan Rows": 2,"Plan Width": 108,"Actual Startup Time": 0.005,"Actual Total Time": 0.017,"Actual Rows": 2,"Actual Loops": 3,"Filter": "((n_name = 'PERU'::bpchar) OR (n_name = 'ARGENTINA'::bpchar))","Rows Removed by Filter": 23,"Workers": []}]}]}]}]}]}]}]}]},"Planning Time": 8.970,"Triggers": [],"Execution Time": 968.026}]
[{"Plan": {"Node Type": "Aggregate","Strategy": "Sorted","Partial Mode": "Finalize","Parallel Aware": false,"Async Capable": false,"Startup Cost": 72556.41,"Total Cost": 73352.71,"Plan Rows": 5893,"Plan Width": 272,"Actual Startup Time": 938.403,"Actual Total Time": 987.199,"Actual Rows": 4,"Actual Loops": 1,"Group Key": ["n1.n_name", "n2.n_name", "(EXTRACT(year FROM lineitem.l_shipdate))"],"Plans": [{"Node Type": "Gather Merge","Parent Relationship": "Outer","Parallel Aware": false,"Async Capable": false,"Startup Cost": 72556.41,"Total Cost": 73202.94,"Plan Rows": 4910,"Plan Width": 272,"Actual Startup Time": 938.070,"Actual Total Time": 987.126,"Actual Rows": 12,"Actual Loops": 1,"Workers Planned": 2,"Workers Launched": 2,"Plans": [{"Node Type": "Aggregate","Strategy": "Sorted","Partial Mode": "Partial","Parent Relationship": "Outer","Parallel Aware": false,"Async Capable": false,"Startup Cost": 71556.39,"Total Cost": 71636.18,"Plan Rows": 2455,"Plan Width": 272,"Actual Startup Time": 929.643,"Actual Total Time": 930.381,"Actual Rows": 4,"Actual Loops": 3,"Group Key": ["n1.n_name", "n2.n_name", "(EXTRACT(year FROM lineitem.l_shipdate))"],"Workers": [],"Plans": [{"Node Type": "Sort","Parent Relationship": "Outer","Parallel Aware": false,"Async Capable": false,"Startup Cost": 71556.39,"Total Cost": 71562.53,"Plan Rows": 2455,"Plan Width": 252,"Actual Startup Time": 929.354,"Actual Total Time": 929.466,"Actual Rows": 2047,"Actual Loops": 3,"Sort Key": ["n1.n_name", "n2.n_name", "(EXTRACT(year FROM lineitem.l_shipdate))"],"Sort Method": "quicksort","Sort Space Used": 328,"Sort Space Type": "Memory","Workers": [{"Worker Number": 0,"Sort Method": "quicksort","Sort Space Used": 268,"Sort Space Type": "Memory"},{"Worker Number": 1,"Sort Method": "quicksort","Sort Space Used": 269,"Sort Space Type": "Memory"}],"Plans": [{"Node Type": "Hash Join","Parent Relationship": "Outer","Parallel Aware": false,"Async Capable": false,"Join Type": "Inner","Startup Cost": 366.16,"Total Cost": 71418.15,"Plan Rows": 2455,"Plan Width": 252,"Actual Startup Time": 11.335,"Actual Total Time": 927.440,"Actual Rows": 2047,"Actual Loops": 3,"Inner Unique": false,"Hash Cond": "(lineitem.l_suppkey = supplier.s_suppkey)","Join Filter": "(((n1.n_name = 'PERU'::bpchar) AND (n2.n_name = 'ROMANIA'::bpchar)) OR ((n1.n_name = 'ROMANIA'::bpchar) AND (n2.n_name = 'PERU'::bpchar)))","Rows Removed by Join Filter": 2013,"Workers": [],"Plans": [{"Node Type": "Nested Loop","Parent Relationship": "Outer","Parallel Aware": false,"Async Capable": false,"Join Type": "Inner","Startup Cost": 2.26,"Total Cost": 70727.78,"Plan Rows": 60250,"Plan Width": 124,"Actual Startup Time": 1.376,"Actual Total Time": 911.666,"Actual Rows": 48789,"Actual Loops": 3,"Inner Unique": false,"Workers": [],"Plans": [{"Node Type": "Nested Loop","Parent Relationship": "Outer","Parallel Aware": false,"Async Capable": false,"Join Type": "Inner","Startup Cost": 1.83,"Total Cost": 12400.01,"Plan Rows": 49000,"Plan Width": 108,"Actual Startup Time": 0.309,"Actual Total Time": 231.278,"Actual Rows": 40010,"Actual Loops": 3,"Inner Unique": false,"Workers": [],"Plans": [{"Node Type": "Hash Join","Parent Relationship": "Outer","Parallel Aware": false,"Async Capable": false,"Join Type": "Inner","Startup Cost": 1.40,"Total Cost": 4403.27,"Plan Rows": 4900,"Plan Width": 108,"Actual Startup Time": 0.195,"Actual Total Time": 48.831,"Actual Rows": 4025,"Actual Loops": 3,"Inner Unique": true,"Hash Cond": "(customer.c_nationkey = n2.n_nationkey)","Workers": [],"Plans": [{"Node Type": "Seq Scan","Parent Relationship": "Outer","Parallel Aware": true,"Async Capable": false,"Relation Name": "customer","Alias": "customer","Startup Cost": 0.00,"Total Cost": 4210.00,"Plan Rows": 62500,"Plan Width": 8,"Actual Startup Time": 0.022,"Actual Total Time": 9.580,"Actual Rows": 50000,"Actual Loops": 3,"Workers": []},{"Node Type": "Hash","Parent Relationship": "Inner","Parallel Aware": false,"Async Capable": false,"Startup Cost": 1.38,"Total Cost": 1.38,"Plan Rows": 2,"Plan Width": 108,"Actual Startup Time": 0.073,"Actual Total Time": 0.081,"Actual Rows": 2,"Actual Loops": 3,"Hash Buckets": 1024,"Original Hash Buckets": 1024,"Hash Batches": 1,"Original Hash Batches": 1,"Peak Memory Usage": 9,"Workers": [],"Plans": [{"Node Type": "Seq Scan","Parent Relationship": "Outer","Parallel Aware": false,"Async Capable": false,"Relation Name": "nation","Alias": "n2","Startup Cost": 0.00,"Total Cost": 1.38,"Plan Rows": 2,"Plan Width": 108,"Actual Startup Time": 0.056,"Actual Total Time": 0.061,"Actual Rows": 2,"Actual Loops": 3,"Filter": "((n_name = 'ROMANIA'::bpchar) OR (n_name = 'PERU'::bpchar))","Rows Removed by Filter": 23,"Workers": []}]}]},{"Node Type": "Index Scan","Parent Relationship": "Inner","Parallel Aware": false,"Async Capable": false,"Scan Direction": "Forward","Index Name": "idx_orders_custkey","Relation Name": "orders","Alias": "orders","Startup Cost": 0.43,"Total Cost": 1.46,"Plan Rows": 17,"Plan Width": 8,"Actual Startup Time": 0.007,"Actual Total Time": 0.044,"Actual Rows": 10,"Actual Loops": 12075,"Index Cond": "(o_custkey = customer.c_custkey)","Rows Removed by Index Recheck": 0,"Workers": []}]},{"Node Type": "Index Scan","Parent Relationship": "Inner","Parallel Aware": false,"Async Capable": false,"Scan Direction": "Forward","Index Name": "idx_lineitem_orderkey","Relation Name": "lineitem","Alias": "lineitem","Startup Cost": 0.43,"Total Cost": 1.14,"Plan Rows": 5,"Plan Width": 24,"Actual Startup Time": 0.016,"Actual Total Time": 0.017,"Actual Rows": 1,"Actual Loops": 120030,"Index Cond": "(l_orderkey = orders.o_orderkey)","Rows Removed by Index Recheck": 0,"Filter": "((l_shipdate >= '1995-01-01'::date) AND (l_shipdate <= '1996-12-31'::date))","Rows Removed by Filter": 3,"Workers": []}]},{"Node Type": "Hash","Parent Relationship": "Inner","Parallel Aware": false,"Async Capable": false,"Startup Cost": 354.10,"Total Cost": 354.10,"Plan Rows": 784,"Plan Width": 108,"Actual Startup Time": 8.472,"Actual Total Time": 8.487,"Actual Rows": 819,"Actual Loops": 3,"Hash Buckets": 1024,"Original Hash Buckets": 1024,"Hash Batches": 1,"Original Hash Batches": 1,"Peak Memory Usage": 58,"Workers": [],"Plans": [{"Node Type": "Hash Join","Parent Relationship": "Outer","Parallel Aware": false,"Async Capable": false,"Join Type": "Inner","Startup Cost": 1.40,"Total Cost": 354.10,"Plan Rows": 784,"Plan Width": 108,"Actual Startup Time": 0.094,"Actual Total Time": 8.316,"Actual Rows": 819,"Actual Loops": 3,"Inner Unique": true,"Hash Cond": "(supplier.s_nationkey = n1.n_nationkey)","Workers": [],"Plans": [{"Node Type": "Seq Scan","Parent Relationship": "Outer","Parallel Aware": false,"Async Capable": false,"Relation Name": "supplier","Alias": "supplier","Startup Cost": 0.00,"Total Cost": 322.00,"Plan Rows": 10000,"Plan Width": 8,"Actual Startup Time": 0.037,"Actual Total Time": 3.484,"Actual Rows": 10000,"Actual Loops": 3,"Workers": []},{"Node Type": "Hash","Parent Relationship": "Inner","Parallel Aware": false,"Async Capable": false,"Startup Cost": 1.38,"Total Cost": 1.38,"Plan Rows": 2,"Plan Width": 108,"Actual Startup Time": 0.021,"Actual Total Time": 0.025,"Actual Rows": 2,"Actual Loops": 3,"Hash Buckets": 1024,"Original Hash Buckets": 1024,"Hash Batches": 1,"Original Hash Batches": 1,"Peak Memory Usage": 9,"Workers": [],"Plans": [{"Node Type": "Seq Scan","Parent Relationship": "Outer","Parallel Aware": false,"Async Capable": false,"Relation Name": "nation","Alias": "n1","Startup Cost": 0.00,"Total Cost": 1.38,"Plan Rows": 2,"Plan Width": 108,"Actual Startup Time": 0.011,"Actual Total Time": 0.015,"Actual Rows": 2,"Actual Loops": 3,"Filter": "((n_name = 'PERU'::bpchar) OR (n_name = 'ROMANIA'::bpchar))","Rows Removed by Filter": 23,"Workers": []}]}]}]}]}]}]}]}]},"Planning Time": 8.510,"Triggers": [],"Execution Time": 987.782}]
[{"Plan": {"Node Type": "Aggregate","Strategy": "Sorted","Partial Mode": "Finalize","Parallel Aware": false,"Async Capable": false,"Startup Cost": 72556.41,"Total Cost": 73352.71,"Plan Rows": 5893,"Plan Width": 272,"Actual Startup Time": 930.994,"Actual Total Time": 976.715,"Actual Rows": 4,"Actual Loops": 1,"Group Key": ["n1.n_name", "n2.n_name", "(EXTRACT(year FROM lineitem.l_shipdate))"],"Plans": [{"Node Type": "Gather Merge","Parent Relationship": "Outer","Parallel Aware": false,"Async Capable": false,"Startup Cost": 72556.41,"Total Cost": 73202.94,"Plan Rows": 4910,"Plan Width": 272,"Actual Startup Time": 930.647,"Actual Total Time": 976.600,"Actual Rows": 12,"Actual Loops": 1,"Workers Planned": 2,"Workers Launched": 2,"Plans": [{"Node Type": "Aggregate","Strategy": "Sorted","Partial Mode": "Partial","Parent Relationship": "Outer","Parallel Aware": false,"Async Capable": false,"Startup Cost": 71556.39,"Total Cost": 71636.18,"Plan Rows": 2455,"Plan Width": 272,"Actual Startup Time": 923.020,"Actual Total Time": 923.688,"Actual Rows": 4,"Actual Loops": 3,"Group Key": ["n1.n_name", "n2.n_name", "(EXTRACT(year FROM lineitem.l_shipdate))"],"Workers": [],"Plans": [{"Node Type": "Sort","Parent Relationship": "Outer","Parallel Aware": false,"Async Capable": false,"Startup Cost": 71556.39,"Total Cost": 71562.53,"Plan Rows": 2455,"Plan Width": 252,"Actual Startup Time": 922.758,"Actual Total Time": 922.868,"Actual Rows": 1929,"Actual Loops": 3,"Sort Key": ["n1.n_name", "n2.n_name", "(EXTRACT(year FROM lineitem.l_shipdate))"],"Sort Method": "quicksort","Sort Space Used": 264,"Sort Space Type": "Memory","Workers": [{"Worker Number": 0,"Sort Method": "quicksort","Sort Space Used": 256,"Sort Space Type": "Memory"},{"Worker Number": 1,"Sort Method": "quicksort","Sort Space Used": 258,"Sort Space Type": "Memory"}],"Plans": [{"Node Type": "Hash Join","Parent Relationship": "Outer","Parallel Aware": false,"Async Capable": false,"Join Type": "Inner","Startup Cost": 366.16,"Total Cost": 71418.15,"Plan Rows": 2455,"Plan Width": 252,"Actual Startup Time": 11.694,"Actual Total Time": 921.005,"Actual Rows": 1929,"Actual Loops": 3,"Inner Unique": false,"Hash Cond": "(lineitem.l_suppkey = supplier.s_suppkey)","Join Filter": "(((n1.n_name = 'JAPAN'::bpchar) AND (n2.n_name = 'INDONESIA'::bpchar)) OR ((n1.n_name = 'INDONESIA'::bpchar) AND (n2.n_name = 'JAPAN'::bpchar)))","Rows Removed by Join Filter": 1925,"Workers": [],"Plans": [{"Node Type": "Nested Loop","Parent Relationship": "Outer","Parallel Aware": false,"Async Capable": false,"Join Type": "Inner","Startup Cost": 2.26,"Total Cost": 70727.78,"Plan Rows": 60250,"Plan Width": 124,"Actual Startup Time": 0.496,"Actual Total Time": 904.172,"Actual Rows": 49230,"Actual Loops": 3,"Inner Unique": false,"Workers": [],"Plans": [{"Node Type": "Nested Loop","Parent Relationship": "Outer","Parallel Aware": false,"Async Capable": false,"Join Type": "Inner","Startup Cost": 1.83,"Total Cost": 12400.01,"Plan Rows": 49000,"Plan Width": 108,"Actual Startup Time": 0.277,"Actual Total Time": 226.501,"Actual Rows": 40261,"Actual Loops": 3,"Inner Unique": false,"Workers": [],"Plans": [{"Node Type": "Hash Join","Parent Relationship": "Outer","Parallel Aware": false,"Async Capable": false,"Join Type": "Inner","Startup Cost": 1.40,"Total Cost": 4403.27,"Plan Rows": 4900,"Plan Width": 108,"Actual Startup Time": 0.181,"Actual Total Time": 46.841,"Actual Rows": 4036,"Actual Loops": 3,"Inner Unique": true,"Hash Cond": "(customer.c_nationkey = n2.n_nationkey)","Workers": [],"Plans": [{"Node Type": "Seq Scan","Parent Relationship": "Outer","Parallel Aware": true,"Async Capable": false,"Relation Name": "customer","Alias": "customer","Startup Cost": 0.00,"Total Cost": 4210.00,"Plan Rows": 62500,"Plan Width": 8,"Actual Startup Time": 0.019,"Actual Total Time": 9.527,"Actual Rows": 50000,"Actual Loops": 3,"Workers": []},{"Node Type": "Hash","Parent Relationship": "Inner","Parallel Aware": false,"Async Capable": false,"Startup Cost": 1.38,"Total Cost": 1.38,"Plan Rows": 2,"Plan Width": 108,"Actual Startup Time": 0.072,"Actual Total Time": 0.078,"Actual Rows": 2,"Actual Loops": 3,"Hash Buckets": 1024,"Original Hash Buckets": 1024,"Hash Batches": 1,"Original Hash Batches": 1,"Peak Memory Usage": 9,"Workers": [],"Plans": [{"Node Type": "Seq Scan","Parent Relationship": "Outer","Parallel Aware": false,"Async Capable": false,"Relation Name": "nation","Alias": "n2","Startup Cost": 0.00,"Total Cost": 1.38,"Plan Rows": 2,"Plan Width": 108,"Actual Startup Time": 0.054,"Actual Total Time": 0.060,"Actual Rows": 2,"Actual Loops": 3,"Filter": "((n_name = 'INDONESIA'::bpchar) OR (n_name = 'JAPAN'::bpchar))","Rows Removed by Filter": 23,"Workers": []}]}]},{"Node Type": "Index Scan","Parent Relationship": "Inner","Parallel Aware": false,"Async Capable": false,"Scan Direction": "Forward","Index Name": "idx_orders_custkey","Relation Name": "orders","Alias": "orders","Startup Cost": 0.43,"Total Cost": 1.46,"Plan Rows": 17,"Plan Width": 8,"Actual Startup Time": 0.007,"Actual Total Time": 0.043,"Actual Rows": 10,"Actual Loops": 12109,"Index Cond": "(o_custkey = customer.c_custkey)","Rows Removed by Index Recheck": 0,"Workers": []}]},{"Node Type": "Index Scan","Parent Relationship": "Inner","Parallel Aware": false,"Async Capable": false,"Scan Direction": "Forward","Index Name": "idx_lineitem_orderkey","Relation Name": "lineitem","Alias": "lineitem","Startup Cost": 0.43,"Total Cost": 1.14,"Plan Rows": 5,"Plan Width": 24,"Actual Startup Time": 0.016,"Actual Total Time": 0.017,"Actual Rows": 1,"Actual Loops": 120782,"Index Cond": "(l_orderkey = orders.o_orderkey)","Rows Removed by Index Recheck": 0,"Filter": "((l_shipdate >= '1995-01-01'::date) AND (l_shipdate <= '1996-12-31'::date))","Rows Removed by Filter": 3,"Workers": []}]},{"Node Type": "Hash","Parent Relationship": "Inner","Parallel Aware": false,"Async Capable": false,"Startup Cost": 354.10,"Total Cost": 354.10,"Plan Rows": 784,"Plan Width": 108,"Actual Startup Time": 9.411,"Actual Total Time": 9.427,"Actual Rows": 782,"Actual Loops": 3,"Hash Buckets": 1024,"Original Hash Buckets": 1024,"Hash Batches": 1,"Original Hash Batches": 1,"Peak Memory Usage": 56,"Workers": [],"Plans": [{"Node Type": "Hash Join","Parent Relationship": "Outer","Parallel Aware": false,"Async Capable": false,"Join Type": "Inner","Startup Cost": 1.40,"Total Cost": 354.10,"Plan Rows": 784,"Plan Width": 108,"Actual Startup Time": 0.080,"Actual Total Time": 9.233,"Actual Rows": 782,"Actual Loops": 3,"Inner Unique": true,"Hash Cond": "(supplier.s_nationkey = n1.n_nationkey)","Workers": [],"Plans": [{"Node Type": "Seq Scan","Parent Relationship": "Outer","Parallel Aware": false,"Async Capable": false,"Relation Name": "supplier","Alias": "supplier","Startup Cost": 0.00,"Total Cost": 322.00,"Plan Rows": 10000,"Plan Width": 8,"Actual Startup Time": 0.027,"Actual Total Time": 4.073,"Actual Rows": 10000,"Actual Loops": 3,"Workers": []},{"Node Type": "Hash","Parent Relationship": "Inner","Parallel Aware": false,"Async Capable": false,"Startup Cost": 1.38,"Total Cost": 1.38,"Plan Rows": 2,"Plan Width": 108,"Actual Startup Time": 0.015,"Actual Total Time": 0.022,"Actual Rows": 2,"Actual Loops": 3,"Hash Buckets": 1024,"Original Hash Buckets": 1024,"Hash Batches": 1,"Original Hash Batches": 1,"Peak Memory Usage": 9,"Workers": [],"Plans": [{"Node Type": "Seq Scan","Parent Relationship": "Outer","Parallel Aware": false,"Async Capable": false,"Relation Name": "nation","Alias": "n1","Startup Cost": 0.00,"Total Cost": 1.38,"Plan Rows": 2,"Plan Width": 108,"Actual Startup Time": 0.006,"Actual Total Time": 0.010,"Actual Rows": 2,"Actual Loops": 3,"Filter": "((n_name = 'JAPAN'::bpchar) OR (n_name = 'INDONESIA'::bpchar))","Rows Removed by Filter": 23,"Workers": []}]}]}]}]}]}]}]}]},"Planning Time": 9.091,"Triggers": [],"Execution Time": 977.199}]
[{"Plan": {"Node Type": "Aggregate","Strategy": "Sorted","Partial Mode": "Finalize","Parallel Aware": false,"Async Capable": false,"Startup Cost": 72556.41,"Total Cost": 73352.71,"Plan Rows": 5893,"Plan Width": 272,"Actual Startup Time": 923.908,"Actual Total Time": 967.855,"Actual Rows": 4,"Actual Loops": 1,"Group Key": ["n1.n_name", "n2.n_name", "(EXTRACT(year FROM lineitem.l_shipdate))"],"Plans": [{"Node Type": "Gather Merge","Parent Relationship": "Outer","Parallel Aware": false,"Async Capable": false,"Startup Cost": 72556.41,"Total Cost": 73202.94,"Plan Rows": 4910,"Plan Width": 272,"Actual Startup Time": 923.330,"Actual Total Time": 967.782,"Actual Rows": 12,"Actual Loops": 1,"Workers Planned": 2,"Workers Launched": 2,"Plans": [{"Node Type": "Aggregate","Strategy": "Sorted","Partial Mode": "Partial","Parent Relationship": "Outer","Parallel Aware": false,"Async Capable": false,"Startup Cost": 71556.39,"Total Cost": 71636.18,"Plan Rows": 2455,"Plan Width": 272,"Actual Startup Time": 914.633,"Actual Total Time": 915.441,"Actual Rows": 4,"Actual Loops": 3,"Group Key": ["n1.n_name", "n2.n_name", "(EXTRACT(year FROM lineitem.l_shipdate))"],"Workers": [],"Plans": [{"Node Type": "Sort","Parent Relationship": "Outer","Parallel Aware": false,"Async Capable": false,"Startup Cost": 71556.39,"Total Cost": 71562.53,"Plan Rows": 2455,"Plan Width": 252,"Actual Startup Time": 914.349,"Actual Total Time": 914.467,"Actual Rows": 1997,"Actual Loops": 3,"Sort Key": ["n1.n_name", "n2.n_name", "(EXTRACT(year FROM lineitem.l_shipdate))"],"Sort Method": "quicksort","Sort Space Used": 272,"Sort Space Type": "Memory","Workers": [{"Worker Number": 0,"Sort Method": "quicksort","Sort Space Used": 265,"Sort Space Type": "Memory"},{"Worker Number": 1,"Sort Method": "quicksort","Sort Space Used": 264,"Sort Space Type": "Memory"}],"Plans": [{"Node Type": "Hash Join","Parent Relationship": "Outer","Parallel Aware": false,"Async Capable": false,"Join Type": "Inner","Startup Cost": 366.16,"Total Cost": 71418.15,"Plan Rows": 2455,"Plan Width": 252,"Actual Startup Time": 13.087,"Actual Total Time": 912.522,"Actual Rows": 1997,"Actual Loops": 3,"Inner Unique": false,"Hash Cond": "(lineitem.l_suppkey = supplier.s_suppkey)","Join Filter": "(((n1.n_name = 'EGYPT'::bpchar) AND (n2.n_name = 'ROMANIA'::bpchar)) OR ((n1.n_name = 'ROMANIA'::bpchar) AND (n2.n_name = 'EGYPT'::bpchar)))","Rows Removed by Join Filter": 1980,"Workers": [],"Plans": [{"Node Type": "Nested Loop","Parent Relationship": "Outer","Parallel Aware": false,"Async Capable": false,"Join Type": "Inner","Startup Cost": 2.26,"Total Cost": 70727.78,"Plan Rows": 60250,"Plan Width": 124,"Actual Startup Time": 0.953,"Actual Total Time": 894.341,"Actual Rows": 48913,"Actual Loops": 3,"Inner Unique": false,"Workers": [],"Plans": [{"Node Type": "Nested Loop","Parent Relationship": "Outer","Parallel Aware": false,"Async Capable": false,"Join Type": "Inner","Startup Cost": 1.83,"Total Cost": 12400.01,"Plan Rows": 49000,"Plan Width": 108,"Actual Startup Time": 0.337,"Actual Total Time": 221.040,"Actual Rows": 40041,"Actual Loops": 3,"Inner Unique": false,"Workers": [],"Plans": [{"Node Type": "Hash Join","Parent Relationship": "Outer","Parallel Aware": false,"Async Capable": false,"Join Type": "Inner","Startup Cost": 1.40,"Total Cost": 4403.27,"Plan Rows": 4900,"Plan Width": 108,"Actual Startup Time": 0.205,"Actual Total Time": 43.100,"Actual Rows": 4032,"Actual Loops": 3,"Inner Unique": true,"Hash Cond": "(customer.c_nationkey = n2.n_nationkey)","Workers": [],"Plans": [{"Node Type": "Seq Scan","Parent Relationship": "Outer","Parallel Aware": true,"Async Capable": false,"Relation Name": "customer","Alias": "customer","Startup Cost": 0.00,"Total Cost": 4210.00,"Plan Rows": 62500,"Plan Width": 8,"Actual Startup Time": 0.017,"Actual Total Time": 9.115,"Actual Rows": 50000,"Actual Loops": 3,"Workers": []},{"Node Type": "Hash","Parent Relationship": "Inner","Parallel Aware": false,"Async Capable": false,"Startup Cost": 1.38,"Total Cost": 1.38,"Plan Rows": 2,"Plan Width": 108,"Actual Startup Time": 0.099,"Actual Total Time": 0.106,"Actual Rows": 2,"Actual Loops": 3,"Hash Buckets": 1024,"Original Hash Buckets": 1024,"Hash Batches": 1,"Original Hash Batches": 1,"Peak Memory Usage": 9,"Workers": [],"Plans": [{"Node Type": "Seq Scan","Parent Relationship": "Outer","Parallel Aware": false,"Async Capable": false,"Relation Name": "nation","Alias": "n2","Startup Cost": 0.00,"Total Cost": 1.38,"Plan Rows": 2,"Plan Width": 108,"Actual Startup Time": 0.071,"Actual Total Time": 0.081,"Actual Rows": 2,"Actual Loops": 3,"Filter": "((n_name = 'ROMANIA'::bpchar) OR (n_name = 'EGYPT'::bpchar))","Rows Removed by Filter": 23,"Workers": []}]}]},{"Node Type": "Index Scan","Parent Relationship": "Inner","Parallel Aware": false,"Async Capable": false,"Scan Direction": "Forward","Index Name": "idx_orders_custkey","Relation Name": "orders","Alias": "orders","Startup Cost": 0.43,"Total Cost": 1.46,"Plan Rows": 17,"Plan Width": 8,"Actual Startup Time": 0.007,"Actual Total Time": 0.043,"Actual Rows": 10,"Actual Loops": 12095,"Index Cond": "(o_custkey = customer.c_custkey)","Rows Removed by Index Recheck": 0,"Workers": []}]},{"Node Type": "Index Scan","Parent Relationship": "Inner","Parallel Aware": false,"Async Capable": false,"Scan Direction": "Forward","Index Name": "idx_lineitem_orderkey","Relation Name": "lineitem","Alias": "lineitem","Startup Cost": 0.43,"Total Cost": 1.14,"Plan Rows": 5,"Plan Width": 24,"Actual Startup Time": 0.016,"Actual Total Time": 0.017,"Actual Rows": 1,"Actual Loops": 120123,"Index Cond": "(l_orderkey = orders.o_orderkey)","Rows Removed by Index Recheck": 0,"Filter": "((l_shipdate >= '1995-01-01'::date) AND (l_shipdate <= '1996-12-31'::date))","Rows Removed by Filter": 3,"Workers": []}]},{"Node Type": "Hash","Parent Relationship": "Inner","Parallel Aware": false,"Async Capable": false,"Startup Cost": 354.10,"Total Cost": 354.10,"Plan Rows": 784,"Plan Width": 108,"Actual Startup Time": 10.997,"Actual Total Time": 11.017,"Actual Rows": 813,"Actual Loops": 3,"Hash Buckets": 1024,"Original Hash Buckets": 1024,"Hash Batches": 1,"Original Hash Batches": 1,"Peak Memory Usage": 58,"Workers": [],"Plans": [{"Node Type": "Hash Join","Parent Relationship": "Outer","Parallel Aware": false,"Async Capable": false,"Join Type": "Inner","Startup Cost": 1.40,"Total Cost": 354.10,"Plan Rows": 784,"Plan Width": 108,"Actual Startup Time": 0.104,"Actual Total Time": 10.821,"Actual Rows": 813,"Actual Loops": 3,"Inner Unique": true,"Hash Cond": "(supplier.s_nationkey = n1.n_nationkey)","Workers": [],"Plans": [{"Node Type": "Seq Scan","Parent Relationship": "Outer","Parallel Aware": false,"Async Capable": false,"Relation Name": "supplier","Alias": "supplier","Startup Cost": 0.00,"Total Cost": 322.00,"Plan Rows": 10000,"Plan Width": 8,"Actual Startup Time": 0.038,"Actual Total Time": 4.345,"Actual Rows": 10000,"Actual Loops": 3,"Workers": []},{"Node Type": "Hash","Parent Relationship": "Inner","Parallel Aware": false,"Async Capable": false,"Startup Cost": 1.38,"Total Cost": 1.38,"Plan Rows": 2,"Plan Width": 108,"Actual Startup Time": 0.019,"Actual Total Time": 0.026,"Actual Rows": 2,"Actual Loops": 3,"Hash Buckets": 1024,"Original Hash Buckets": 1024,"Hash Batches": 1,"Original Hash Batches": 1,"Peak Memory Usage": 9,"Workers": [],"Plans": [{"Node Type": "Seq Scan","Parent Relationship": "Outer","Parallel Aware": false,"Async Capable": false,"Relation Name": "nation","Alias": "n1","Startup Cost": 0.00,"Total Cost": 1.38,"Plan Rows": 2,"Plan Width": 108,"Actual Startup Time": 0.006,"Actual Total Time": 0.013,"Actual Rows": 2,"Actual Loops": 3,"Filter": "((n_name = 'EGYPT'::bpchar) OR (n_name = 'ROMANIA'::bpchar))","Rows Removed by Filter": 23,"Workers": []}]}]}]}]}]}]}]}]},"Planning Time": 7.601,"Triggers": [],"Execution Time": 968.240}]
[{"Plan": {"Node Type": "Aggregate","Strategy": "Sorted","Partial Mode": "Finalize","Parallel Aware": false,"Async Capable": false,"Startup Cost": 72556.41,"Total Cost": 73352.71,"Plan Rows": 5893,"Plan Width": 272,"Actual Startup Time": 945.335,"Actual Total Time": 990.135,"Actual Rows": 4,"Actual Loops": 1,"Group Key": ["n1.n_name", "n2.n_name", "(EXTRACT(year FROM lineitem.l_shipdate))"],"Plans": [{"Node Type": "Gather Merge","Parent Relationship": "Outer","Parallel Aware": false,"Async Capable": false,"Startup Cost": 72556.41,"Total Cost": 73202.94,"Plan Rows": 4910,"Plan Width": 272,"Actual Startup Time": 945.054,"Actual Total Time": 990.074,"Actual Rows": 12,"Actual Loops": 1,"Workers Planned": 2,"Workers Launched": 2,"Plans": [{"Node Type": "Aggregate","Strategy": "Sorted","Partial Mode": "Partial","Parent Relationship": "Outer","Parallel Aware": false,"Async Capable": false,"Startup Cost": 71556.39,"Total Cost": 71636.18,"Plan Rows": 2455,"Plan Width": 272,"Actual Startup Time": 937.309,"Actual Total Time": 937.965,"Actual Rows": 4,"Actual Loops": 3,"Group Key": ["n1.n_name", "n2.n_name", "(EXTRACT(year FROM lineitem.l_shipdate))"],"Workers": [],"Plans": [{"Node Type": "Sort","Parent Relationship": "Outer","Parallel Aware": false,"Async Capable": false,"Startup Cost": 71556.39,"Total Cost": 71562.53,"Plan Rows": 2455,"Plan Width": 252,"Actual Startup Time": 937.029,"Actual Total Time": 937.131,"Actual Rows": 1951,"Actual Loops": 3,"Sort Key": ["n1.n_name", "n2.n_name", "(EXTRACT(year FROM lineitem.l_shipdate))"],"Sort Method": "quicksort","Sort Space Used": 321,"Sort Space Type": "Memory","Workers": [{"Worker Number": 0,"Sort Method": "quicksort","Sort Space Used": 258,"Sort Space Type": "Memory"},{"Worker Number": 1,"Sort Method": "quicksort","Sort Space Used": 255,"Sort Space Type": "Memory"}],"Plans": [{"Node Type": "Hash Join","Parent Relationship": "Outer","Parallel Aware": false,"Async Capable": false,"Join Type": "Inner","Startup Cost": 366.16,"Total Cost": 71418.15,"Plan Rows": 2455,"Plan Width": 252,"Actual Startup Time": 11.180,"Actual Total Time": 935.219,"Actual Rows": 1951,"Actual Loops": 3,"Inner Unique": false,"Hash Cond": "(lineitem.l_suppkey = supplier.s_suppkey)","Join Filter": "(((n1.n_name = 'CANADA'::bpchar) AND (n2.n_name = 'UNITED STATES'::bpchar)) OR ((n1.n_name = 'UNITED STATES'::bpchar) AND (n2.n_name = 'CANADA'::bpchar)))","Rows Removed by Join Filter": 1986,"Workers": [],"Plans": [{"Node Type": "Nested Loop","Parent Relationship": "Outer","Parallel Aware": false,"Async Capable": false,"Join Type": "Inner","Startup Cost": 2.26,"Total Cost": 70727.78,"Plan Rows": 60250,"Plan Width": 124,"Actual Startup Time": 0.710,"Actual Total Time": 918.102,"Actual Rows": 48863,"Actual Loops": 3,"Inner Unique": false,"Workers": [],"Plans": [{"Node Type": "Nested Loop","Parent Relationship": "Outer","Parallel Aware": false,"Async Capable": false,"Join Type": "Inner","Startup Cost": 1.83,"Total Cost": 12400.01,"Plan Rows": 49000,"Plan Width": 108,"Actual Startup Time": 0.312,"Actual Total Time": 237.424,"Actual Rows": 40134,"Actual Loops": 3,"Inner Unique": false,"Workers": [],"Plans": [{"Node Type": "Hash Join","Parent Relationship": "Outer","Parallel Aware": false,"Async Capable": false,"Join Type": "Inner","Startup Cost": 1.40,"Total Cost": 4403.27,"Plan Rows": 4900,"Plan Width": 108,"Actual Startup Time": 0.197,"Actual Total Time": 48.226,"Actual Rows": 4001,"Actual Loops": 3,"Inner Unique": true,"Hash Cond": "(customer.c_nationkey = n2.n_nationkey)","Workers": [],"Plans": [{"Node Type": "Seq Scan","Parent Relationship": "Outer","Parallel Aware": true,"Async Capable": false,"Relation Name": "customer","Alias": "customer","Startup Cost": 0.00,"Total Cost": 4210.00,"Plan Rows": 62500,"Plan Width": 8,"Actual Startup Time": 0.016,"Actual Total Time": 9.710,"Actual Rows": 50000,"Actual Loops": 3,"Workers": []},{"Node Type": "Hash","Parent Relationship": "Inner","Parallel Aware": false,"Async Capable": false,"Startup Cost": 1.38,"Total Cost": 1.38,"Plan Rows": 2,"Plan Width": 108,"Actual Startup Time": 0.076,"Actual Total Time": 0.080,"Actual Rows": 2,"Actual Loops": 3,"Hash Buckets": 1024,"Original Hash Buckets": 1024,"Hash Batches": 1,"Original Hash Batches": 1,"Peak Memory Usage": 9,"Workers": [],"Plans": [{"Node Type": "Seq Scan","Parent Relationship": "Outer","Parallel Aware": false,"Async Capable": false,"Relation Name": "nation","Alias": "n2","Startup Cost": 0.00,"Total Cost": 1.38,"Plan Rows": 2,"Plan Width": 108,"Actual Startup Time": 0.056,"Actual Total Time": 0.064,"Actual Rows": 2,"Actual Loops": 3,"Filter": "((n_name = 'UNITED STATES'::bpchar) OR (n_name = 'CANADA'::bpchar))","Rows Removed by Filter": 23,"Workers": []}]}]},{"Node Type": "Index Scan","Parent Relationship": "Inner","Parallel Aware": false,"Async Capable": false,"Scan Direction": "Forward","Index Name": "idx_orders_custkey","Relation Name": "orders","Alias": "orders","Startup Cost": 0.43,"Total Cost": 1.46,"Plan Rows": 17,"Plan Width": 8,"Actual Startup Time": 0.007,"Actual Total Time": 0.046,"Actual Rows": 10,"Actual Loops": 12003,"Index Cond": "(o_custkey = customer.c_custkey)","Rows Removed by Index Recheck": 0,"Workers": []}]},{"Node Type": "Index Scan","Parent Relationship": "Inner","Parallel Aware": false,"Async Capable": false,"Scan Direction": "Forward","Index Name": "idx_lineitem_orderkey","Relation Name": "lineitem","Alias": "lineitem","Startup Cost": 0.43,"Total Cost": 1.14,"Plan Rows": 5,"Plan Width": 24,"Actual Startup Time": 0.016,"Actual Total Time": 0.017,"Actual Rows": 1,"Actual Loops": 120401,"Index Cond": "(l_orderkey = orders.o_orderkey)","Rows Removed by Index Recheck": 0,"Filter": "((l_shipdate >= '1995-01-01'::date) AND (l_shipdate <= '1996-12-31'::date))","Rows Removed by Filter": 3,"Workers": []}]},{"Node Type": "Hash","Parent Relationship": "Inner","Parallel Aware": false,"Async Capable": false,"Startup Cost": 354.10,"Total Cost": 354.10,"Plan Rows": 784,"Plan Width": 108,"Actual Startup Time": 9.643,"Actual Total Time": 9.656,"Actual Rows": 805,"Actual Loops": 3,"Hash Buckets": 1024,"Original Hash Buckets": 1024,"Hash Batches": 1,"Original Hash Batches": 1,"Peak Memory Usage": 57,"Workers": [],"Plans": [{"Node Type": "Hash Join","Parent Relationship": "Outer","Parallel Aware": false,"Async Capable": false,"Join Type": "Inner","Startup Cost": 1.40,"Total Cost": 354.10,"Plan Rows": 784,"Plan Width": 108,"Actual Startup Time": 0.112,"Actual Total Time": 9.447,"Actual Rows": 805,"Actual Loops": 3,"Inner Unique": true,"Hash Cond": "(supplier.s_nationkey = n1.n_nationkey)","Workers": [],"Plans": [{"Node Type": "Seq Scan","Parent Relationship": "Outer","Parallel Aware": false,"Async Capable": false,"Relation Name": "supplier","Alias": "supplier","Startup Cost": 0.00,"Total Cost": 322.00,"Plan Rows": 10000,"Plan Width": 8,"Actual Startup Time": 0.037,"Actual Total Time": 4.057,"Actual Rows": 10000,"Actual Loops": 3,"Workers": []},{"Node Type": "Hash","Parent Relationship": "Inner","Parallel Aware": false,"Async Capable": false,"Startup Cost": 1.38,"Total Cost": 1.38,"Plan Rows": 2,"Plan Width": 108,"Actual Startup Time": 0.027,"Actual Total Time": 0.032,"Actual Rows": 2,"Actual Loops": 3,"Hash Buckets": 1024,"Original Hash Buckets": 1024,"Hash Batches": 1,"Original Hash Batches": 1,"Peak Memory Usage": 9,"Workers": [],"Plans": [{"Node Type": "Seq Scan","Parent Relationship": "Outer","Parallel Aware": false,"Async Capable": false,"Relation Name": "nation","Alias": "n1","Startup Cost": 0.00,"Total Cost": 1.38,"Plan Rows": 2,"Plan Width": 108,"Actual Startup Time": 0.007,"Actual Total Time": 0.014,"Actual Rows": 2,"Actual Loops": 3,"Filter": "((n_name = 'CANADA'::bpchar) OR (n_name = 'UNITED STATES'::bpchar))","Rows Removed by Filter": 23,"Workers": []}]}]}]}]}]}]}]}]},"Planning Time": 9.773,"Triggers": [],"Execution Time": 990.662}]
[{"Plan": {"Node Type": "Aggregate","Strategy": "Sorted","Partial Mode": "Finalize","Parallel Aware": false,"Async Capable": false,"Startup Cost": 72556.41,"Total Cost": 73352.71,"Plan Rows": 5893,"Plan Width": 272,"Actual Startup Time": 930.520,"Actual Total Time": 973.317,"Actual Rows": 4,"Actual Loops": 1,"Group Key": ["n1.n_name", "n2.n_name", "(EXTRACT(year FROM lineitem.l_shipdate))"],"Plans": [{"Node Type": "Gather Merge","Parent Relationship": "Outer","Parallel Aware": false,"Async Capable": false,"Startup Cost": 72556.41,"Total Cost": 73202.94,"Plan Rows": 4910,"Plan Width": 272,"Actual Startup Time": 930.104,"Actual Total Time": 973.246,"Actual Rows": 12,"Actual Loops": 1,"Workers Planned": 2,"Workers Launched": 2,"Plans": [{"Node Type": "Aggregate","Strategy": "Sorted","Partial Mode": "Partial","Parent Relationship": "Outer","Parallel Aware": false,"Async Capable": false,"Startup Cost": 71556.39,"Total Cost": 71636.18,"Plan Rows": 2455,"Plan Width": 272,"Actual Startup Time": 922.303,"Actual Total Time": 923.041,"Actual Rows": 4,"Actual Loops": 3,"Group Key": ["n1.n_name", "n2.n_name", "(EXTRACT(year FROM lineitem.l_shipdate))"],"Workers": [],"Plans": [{"Node Type": "Sort","Parent Relationship": "Outer","Parallel Aware": false,"Async Capable": false,"Startup Cost": 71556.39,"Total Cost": 71562.53,"Plan Rows": 2455,"Plan Width": 252,"Actual Startup Time": 922.022,"Actual Total Time": 922.144,"Actual Rows": 2033,"Actual Loops": 3,"Sort Key": ["n1.n_name", "n2.n_name", "(EXTRACT(year FROM lineitem.l_shipdate))"],"Sort Method": "quicksort","Sort Space Used": 330,"Sort Space Type": "Memory","Workers": [{"Worker Number": 0,"Sort Method": "quicksort","Sort Space Used": 266,"Sort Space Type": "Memory"},{"Worker Number": 1,"Sort Method": "quicksort","Sort Space Used": 265,"Sort Space Type": "Memory"}],"Plans": [{"Node Type": "Hash Join","Parent Relationship": "Outer","Parallel Aware": false,"Async Capable": false,"Join Type": "Inner","Startup Cost": 366.16,"Total Cost": 71418.15,"Plan Rows": 2455,"Plan Width": 252,"Actual Startup Time": 13.643,"Actual Total Time": 920.124,"Actual Rows": 2033,"Actual Loops": 3,"Inner Unique": false,"Hash Cond": "(lineitem.l_suppkey = supplier.s_suppkey)","Join Filter": "(((n1.n_name = 'ALGERIA'::bpchar) AND (n2.n_name = 'INDONESIA'::bpchar)) OR ((n1.n_name = 'INDONESIA'::bpchar) AND (n2.n_name = 'ALGERIA'::bpchar)))","Rows Removed by Join Filter": 2058,"Workers": [],"Plans": [{"Node Type": "Nested Loop","Parent Relationship": "Outer","Parallel Aware": false,"Async Capable": false,"Join Type": "Inner","Startup Cost": 2.26,"Total Cost": 70727.78,"Plan Rows": 60250,"Plan Width": 124,"Actual Startup Time": 0.756,"Actual Total Time": 900.961,"Actual Rows": 49349,"Actual Loops": 3,"Inner Unique": false,"Workers": [],"Plans": [{"Node Type": "Nested Loop","Parent Relationship": "Outer","Parallel Aware": false,"Async Capable": false,"Join Type": "Inner","Startup Cost": 1.83,"Total Cost": 12400.01,"Plan Rows": 49000,"Plan Width": 108,"Actual Startup Time": 0.350,"Actual Total Time": 221.594,"Actual Rows": 40333,"Actual Loops": 3,"Inner Unique": false,"Workers": [],"Plans": [{"Node Type": "Hash Join","Parent Relationship": "Outer","Parallel Aware": false,"Async Capable": false,"Join Type": "Inner","Startup Cost": 1.40,"Total Cost": 4403.27,"Plan Rows": 4900,"Plan Width": 108,"Actual Startup Time": 0.205,"Actual Total Time": 42.658,"Actual Rows": 4029,"Actual Loops": 3,"Inner Unique": true,"Hash Cond": "(customer.c_nationkey = n2.n_nationkey)","Workers": [],"Plans": [{"Node Type": "Seq Scan","Parent Relationship": "Outer","Parallel Aware": true,"Async Capable": false,"Relation Name": "customer","Alias": "customer","Startup Cost": 0.00,"Total Cost": 4210.00,"Plan Rows": 62500,"Plan Width": 8,"Actual Startup Time": 0.017,"Actual Total Time": 8.980,"Actual Rows": 50000,"Actual Loops": 3,"Workers": []},{"Node Type": "Hash","Parent Relationship": "Inner","Parallel Aware": false,"Async Capable": false,"Startup Cost": 1.38,"Total Cost": 1.38,"Plan Rows": 2,"Plan Width": 108,"Actual Startup Time": 0.090,"Actual Total Time": 0.096,"Actual Rows": 2,"Actual Loops": 3,"Hash Buckets": 1024,"Original Hash Buckets": 1024,"Hash Batches": 1,"Original Hash Batches": 1,"Peak Memory Usage": 9,"Workers": [],"Plans": [{"Node Type": "Seq Scan","Parent Relationship": "Outer","Parallel Aware": false,"Async Capable": false,"Relation Name": "nation","Alias": "n2","Startup Cost": 0.00,"Total Cost": 1.38,"Plan Rows": 2,"Plan Width": 108,"Actual Startup Time": 0.066,"Actual Total Time": 0.075,"Actual Rows": 2,"Actual Loops": 3,"Filter": "((n_name = 'INDONESIA'::bpchar) OR (n_name = 'ALGERIA'::bpchar))","Rows Removed by Filter": 23,"Workers": []}]}]},{"Node Type": "Index Scan","Parent Relationship": "Inner","Parallel Aware": false,"Async Capable": false,"Scan Direction": "Forward","Index Name": "idx_orders_custkey","Relation Name": "orders","Alias": "orders","Startup Cost": 0.43,"Total Cost": 1.46,"Plan Rows": 17,"Plan Width": 8,"Actual Startup Time": 0.007,"Actual Total Time": 0.043,"Actual Rows": 10,"Actual Loops": 12086,"Index Cond": "(o_custkey = customer.c_custkey)","Rows Removed by Index Recheck": 0,"Workers": []}]},{"Node Type": "Index Scan","Parent Relationship": "Inner","Parallel Aware": false,"Async Capable": false,"Scan Direction": "Forward","Index Name": "idx_lineitem_orderkey","Relation Name": "lineitem","Alias": "lineitem","Startup Cost": 0.43,"Total Cost": 1.14,"Plan Rows": 5,"Plan Width": 24,"Actual Startup Time": 0.016,"Actual Total Time": 0.017,"Actual Rows": 1,"Actual Loops": 120999,"Index Cond": "(l_orderkey = orders.o_orderkey)","Rows Removed by Index Recheck": 0,"Filter": "((l_shipdate >= '1995-01-01'::date) AND (l_shipdate <= '1996-12-31'::date))","Rows Removed by Filter": 3,"Workers": []}]},{"Node Type": "Hash","Parent Relationship": "Inner","Parallel Aware": false,"Async Capable": false,"Startup Cost": 354.10,"Total Cost": 354.10,"Plan Rows": 784,"Plan Width": 108,"Actual Startup Time": 11.916,"Actual Total Time": 11.930,"Actual Rows": 825,"Actual Loops": 3,"Hash Buckets": 1024,"Original Hash Buckets": 1024,"Hash Batches": 1,"Original Hash Batches": 1,"Peak Memory Usage": 58,"Workers": [],"Plans": [{"Node Type": "Hash Join","Parent Relationship": "Outer","Parallel Aware": false,"Async Capable": false,"Join Type": "Inner","Startup Cost": 1.40,"Total Cost": 354.10,"Plan Rows": 784,"Plan Width": 108,"Actual Startup Time": 0.098,"Actual Total Time": 11.733,"Actual Rows": 825,"Actual Loops": 3,"Inner Unique": true,"Hash Cond": "(supplier.s_nationkey = n1.n_nationkey)","Workers": [],"Plans": [{"Node Type": "Seq Scan","Parent Relationship": "Outer","Parallel Aware": false,"Async Capable": false,"Relation Name": "supplier","Alias": "supplier","Startup Cost": 0.00,"Total Cost": 322.00,"Plan Rows": 10000,"Plan Width": 8,"Actual Startup Time": 0.036,"Actual Total Time": 4.664,"Actual Rows": 10000,"Actual Loops": 3,"Workers": []},{"Node Type": "Hash","Parent Relationship": "Inner","Parallel Aware": false,"Async Capable": false,"Startup Cost": 1.38,"Total Cost": 1.38,"Plan Rows": 2,"Plan Width": 108,"Actual Startup Time": 0.015,"Actual Total Time": 0.019,"Actual Rows": 2,"Actual Loops": 3,"Hash Buckets": 1024,"Original Hash Buckets": 1024,"Hash Batches": 1,"Original Hash Batches": 1,"Peak Memory Usage": 9,"Workers": [],"Plans": [{"Node Type": "Seq Scan","Parent Relationship": "Outer","Parallel Aware": false,"Async Capable": false,"Relation Name": "nation","Alias": "n1","Startup Cost": 0.00,"Total Cost": 1.38,"Plan Rows": 2,"Plan Width": 108,"Actual Startup Time": 0.004,"Actual Total Time": 0.011,"Actual Rows": 2,"Actual Loops": 3,"Filter": "((n_name = 'ALGERIA'::bpchar) OR (n_name = 'INDONESIA'::bpchar))","Rows Removed by Filter": 23,"Workers": []}]}]}]}]}]}]}]}]},"Planning Time": 9.334,"Triggers": [],"Execution Time": 973.746}]
[{"Plan": {"Node Type": "Aggregate","Strategy": "Sorted","Partial Mode": "Finalize","Parallel Aware": false,"Async Capable": false,"Startup Cost": 72556.41,"Total Cost": 73352.71,"Plan Rows": 5893,"Plan Width": 272,"Actual Startup Time": 935.267,"Actual Total Time": 979.225,"Actual Rows": 4,"Actual Loops": 1,"Group Key": ["n1.n_name", "n2.n_name", "(EXTRACT(year FROM lineitem.l_shipdate))"],"Plans": [{"Node Type": "Gather Merge","Parent Relationship": "Outer","Parallel Aware": false,"Async Capable": false,"Startup Cost": 72556.41,"Total Cost": 73202.94,"Plan Rows": 4910,"Plan Width": 272,"Actual Startup Time": 934.608,"Actual Total Time": 979.144,"Actual Rows": 12,"Actual Loops": 1,"Workers Planned": 2,"Workers Launched": 2,"Plans": [{"Node Type": "Aggregate","Strategy": "Sorted","Partial Mode": "Partial","Parent Relationship": "Outer","Parallel Aware": false,"Async Capable": false,"Startup Cost": 71556.39,"Total Cost": 71636.18,"Plan Rows": 2455,"Plan Width": 272,"Actual Startup Time": 926.389,"Actual Total Time": 927.211,"Actual Rows": 4,"Actual Loops": 3,"Group Key": ["n1.n_name", "n2.n_name", "(EXTRACT(year FROM lineitem.l_shipdate))"],"Workers": [],"Plans": [{"Node Type": "Sort","Parent Relationship": "Outer","Parallel Aware": false,"Async Capable": false,"Startup Cost": 71556.39,"Total Cost": 71562.53,"Plan Rows": 2455,"Plan Width": 252,"Actual Startup Time": 926.106,"Actual Total Time": 926.228,"Actual Rows": 1995,"Actual Loops": 3,"Sort Key": ["n1.n_name", "n2.n_name", "(EXTRACT(year FROM lineitem.l_shipdate))"],"Sort Method": "quicksort","Sort Space Used": 327,"Sort Space Type": "Memory","Workers": [{"Worker Number": 0,"Sort Method": "quicksort","Sort Space Used": 264,"Sort Space Type": "Memory"},{"Worker Number": 1,"Sort Method": "quicksort","Sort Space Used": 258,"Sort Space Type": "Memory"}],"Plans": [{"Node Type": "Hash Join","Parent Relationship": "Outer","Parallel Aware": false,"Async Capable": false,"Join Type": "Inner","Startup Cost": 366.16,"Total Cost": 71418.15,"Plan Rows": 2455,"Plan Width": 252,"Actual Startup Time": 12.801,"Actual Total Time": 924.241,"Actual Rows": 1995,"Actual Loops": 3,"Inner Unique": false,"Hash Cond": "(lineitem.l_suppkey = supplier.s_suppkey)","Join Filter": "(((n1.n_name = 'INDONESIA'::bpchar) AND (n2.n_name = 'ARGENTINA'::bpchar)) OR ((n1.n_name = 'ARGENTINA'::bpchar) AND (n2.n_name = 'INDONESIA'::bpchar)))","Rows Removed by Join Filter": 2009,"Workers": [],"Plans": [{"Node Type": "Nested Loop","Parent Relationship": "Outer","Parallel Aware": false,"Async Capable": false,"Join Type": "Inner","Startup Cost": 2.26,"Total Cost": 70727.78,"Plan Rows": 60250,"Plan Width": 124,"Actual Startup Time": 0.606,"Actual Total Time": 905.596,"Actual Rows": 49417,"Actual Loops": 3,"Inner Unique": false,"Workers": [],"Plans": [{"Node Type": "Nested Loop","Parent Relationship": "Outer","Parallel Aware": false,"Async Capable": false,"Join Type": "Inner","Startup Cost": 1.83,"Total Cost": 12400.01,"Plan Rows": 49000,"Plan Width": 108,"Actual Startup Time": 0.274,"Actual Total Time": 224.309,"Actual Rows": 40308,"Actual Loops": 3,"Inner Unique": false,"Workers": [],"Plans": [{"Node Type": "Hash Join","Parent Relationship": "Outer","Parallel Aware": false,"Async Capable": false,"Join Type": "Inner","Startup Cost": 1.40,"Total Cost": 4403.27,"Plan Rows": 4900,"Plan Width": 108,"Actual Startup Time": 0.158,"Actual Total Time": 44.212,"Actual Rows": 4045,"Actual Loops": 3,"Inner Unique": true,"Hash Cond": "(customer.c_nationkey = n2.n_nationkey)","Workers": [],"Plans": [{"Node Type": "Seq Scan","Parent Relationship": "Outer","Parallel Aware": true,"Async Capable": false,"Relation Name": "customer","Alias": "customer","Startup Cost": 0.00,"Total Cost": 4210.00,"Plan Rows": 62500,"Plan Width": 8,"Actual Startup Time": 0.016,"Actual Total Time": 9.030,"Actual Rows": 50000,"Actual Loops": 3,"Workers": []},{"Node Type": "Hash","Parent Relationship": "Inner","Parallel Aware": false,"Async Capable": false,"Startup Cost": 1.38,"Total Cost": 1.38,"Plan Rows": 2,"Plan Width": 108,"Actual Startup Time": 0.064,"Actual Total Time": 0.070,"Actual Rows": 2,"Actual Loops": 3,"Hash Buckets": 1024,"Original Hash Buckets": 1024,"Hash Batches": 1,"Original Hash Batches": 1,"Peak Memory Usage": 9,"Workers": [],"Plans": [{"Node Type": "Seq Scan","Parent Relationship": "Outer","Parallel Aware": false,"Async Capable": false,"Relation Name": "nation","Alias": "n2","Startup Cost": 0.00,"Total Cost": 1.38,"Plan Rows": 2,"Plan Width": 108,"Actual Startup Time": 0.051,"Actual Total Time": 0.057,"Actual Rows": 2,"Actual Loops": 3,"Filter": "((n_name = 'ARGENTINA'::bpchar) OR (n_name = 'INDONESIA'::bpchar))","Rows Removed by Filter": 23,"Workers": []}]}]},{"Node Type": "Index Scan","Parent Relationship": "Inner","Parallel Aware": false,"Async Capable": false,"Scan Direction": "Forward","Index Name": "idx_orders_custkey","Relation Name": "orders","Alias": "orders","Startup Cost": 0.43,"Total Cost": 1.46,"Plan Rows": 17,"Plan Width": 8,"Actual Startup Time": 0.007,"Actual Total Time": 0.043,"Actual Rows": 10,"Actual Loops": 12136,"Index Cond": "(o_custkey = customer.c_custkey)","Rows Removed by Index Recheck": 0,"Workers": []}]},{"Node Type": "Index Scan","Parent Relationship": "Inner","Parallel Aware": false,"Async Capable": false,"Scan Direction": "Forward","Index Name": "idx_lineitem_orderkey","Relation Name": "lineitem","Alias": "lineitem","Startup Cost": 0.43,"Total Cost": 1.14,"Plan Rows": 5,"Plan Width": 24,"Actual Startup Time": 0.016,"Actual Total Time": 0.017,"Actual Rows": 1,"Actual Loops": 120924,"Index Cond": "(l_orderkey = orders.o_orderkey)","Rows Removed by Index Recheck": 0,"Filter": "((l_shipdate >= '1995-01-01'::date) AND (l_shipdate <= '1996-12-31'::date))","Rows Removed by Filter": 3,"Workers": []}]},{"Node Type": "Hash","Parent Relationship": "Inner","Parallel Aware": false,"Async Capable": false,"Startup Cost": 354.10,"Total Cost": 354.10,"Plan Rows": 784,"Plan Width": 108,"Actual Startup Time": 11.465,"Actual Total Time": 11.480,"Actual Rows": 818,"Actual Loops": 3,"Hash Buckets": 1024,"Original Hash Buckets": 1024,"Hash Batches": 1,"Original Hash Batches": 1,"Peak Memory Usage": 58,"Workers": [],"Plans": [{"Node Type": "Hash Join","Parent Relationship": "Outer","Parallel Aware": false,"Async Capable": false,"Join Type": "Inner","Startup Cost": 1.40,"Total Cost": 354.10,"Plan Rows": 784,"Plan Width": 108,"Actual Startup Time": 0.068,"Actual Total Time": 11.280,"Actual Rows": 818,"Actual Loops": 3,"Inner Unique": true,"Hash Cond": "(supplier.s_nationkey = n1.n_nationkey)","Workers": [],"Plans": [{"Node Type": "Seq Scan","Parent Relationship": "Outer","Parallel Aware": false,"Async Capable": false,"Relation Name": "supplier","Alias": "supplier","Startup Cost": 0.00,"Total Cost": 322.00,"Plan Rows": 10000,"Plan Width": 8,"Actual Startup Time": 0.026,"Actual Total Time": 4.525,"Actual Rows": 10000,"Actual Loops": 3,"Workers": []},{"Node Type": "Hash","Parent Relationship": "Inner","Parallel Aware": false,"Async Capable": false,"Startup Cost": 1.38,"Total Cost": 1.38,"Plan Rows": 2,"Plan Width": 108,"Actual Startup Time": 0.012,"Actual Total Time": 0.019,"Actual Rows": 2,"Actual Loops": 3,"Hash Buckets": 1024,"Original Hash Buckets": 1024,"Hash Batches": 1,"Original Hash Batches": 1,"Peak Memory Usage": 9,"Workers": [],"Plans": [{"Node Type": "Seq Scan","Parent Relationship": "Outer","Parallel Aware": false,"Async Capable": false,"Relation Name": "nation","Alias": "n1","Startup Cost": 0.00,"Total Cost": 1.38,"Plan Rows": 2,"Plan Width": 108,"Actual Startup Time": 0.003,"Actual Total Time": 0.010,"Actual Rows": 2,"Actual Loops": 3,"Filter": "((n_name = 'INDONESIA'::bpchar) OR (n_name = 'ARGENTINA'::bpchar))","Rows Removed by Filter": 23,"Workers": []}]}]}]}]}]}]}]}]},"Planning Time": 9.593,"Triggers": [],"Execution Time": 979.669}]
[{"Plan": {"Node Type": "Aggregate","Strategy": "Sorted","Partial Mode": "Finalize","Parallel Aware": false,"Async Capable": false,"Startup Cost": 72556.41,"Total Cost": 73352.71,"Plan Rows": 5893,"Plan Width": 272,"Actual Startup Time": 923.051,"Actual Total Time": 979.245,"Actual Rows": 4,"Actual Loops": 1,"Group Key": ["n1.n_name", "n2.n_name", "(EXTRACT(year FROM lineitem.l_shipdate))"],"Plans": [{"Node Type": "Gather Merge","Parent Relationship": "Outer","Parallel Aware": false,"Async Capable": false,"Startup Cost": 72556.41,"Total Cost": 73202.94,"Plan Rows": 4910,"Plan Width": 272,"Actual Startup Time": 922.127,"Actual Total Time": 979.175,"Actual Rows": 12,"Actual Loops": 1,"Workers Planned": 2,"Workers Launched": 2,"Plans": [{"Node Type": "Aggregate","Strategy": "Sorted","Partial Mode": "Partial","Parent Relationship": "Outer","Parallel Aware": false,"Async Capable": false,"Startup Cost": 71556.39,"Total Cost": 71636.18,"Plan Rows": 2455,"Plan Width": 272,"Actual Startup Time": 914.544,"Actual Total Time": 915.468,"Actual Rows": 4,"Actual Loops": 3,"Group Key": ["n1.n_name", "n2.n_name", "(EXTRACT(year FROM lineitem.l_shipdate))"],"Workers": [],"Plans": [{"Node Type": "Sort","Parent Relationship": "Outer","Parallel Aware": false,"Async Capable": false,"Startup Cost": 71556.39,"Total Cost": 71562.53,"Plan Rows": 2455,"Plan Width": 252,"Actual Startup Time": 914.250,"Actual Total Time": 914.375,"Actual Rows": 1971,"Actual Loops": 3,"Sort Key": ["n1.n_name", "n2.n_name", "(EXTRACT(year FROM lineitem.l_shipdate))"],"Sort Method": "quicksort","Sort Space Used": 258,"Sort Space Type": "Memory","Workers": [{"Worker Number": 0,"Sort Method": "quicksort","Sort Space Used": 267,"Sort Space Type": "Memory"},{"Worker Number": 1,"Sort Method": "quicksort","Sort Space Used": 267,"Sort Space Type": "Memory"}],"Plans": [{"Node Type": "Hash Join","Parent Relationship": "Outer","Parallel Aware": false,"Async Capable": false,"Join Type": "Inner","Startup Cost": 366.16,"Total Cost": 71418.15,"Plan Rows": 2455,"Plan Width": 252,"Actual Startup Time": 8.991,"Actual Total Time": 912.466,"Actual Rows": 1971,"Actual Loops": 3,"Inner Unique": false,"Hash Cond": "(lineitem.l_suppkey = supplier.s_suppkey)","Join Filter": "(((n1.n_name = 'IRAQ'::bpchar) AND (n2.n_name = 'JORDAN'::bpchar)) OR ((n1.n_name = 'JORDAN'::bpchar) AND (n2.n_name = 'IRAQ'::bpchar)))","Rows Removed by Join Filter": 1967,"Workers": [],"Plans": [{"Node Type": "Nested Loop","Parent Relationship": "Outer","Parallel Aware": false,"Async Capable": false,"Join Type": "Inner","Startup Cost": 2.26,"Total Cost": 70727.78,"Plan Rows": 60250,"Plan Width": 124,"Actual Startup Time": 0.430,"Actual Total Time": 896.847,"Actual Rows": 48623,"Actual Loops": 3,"Inner Unique": false,"Workers": [],"Plans": [{"Node Type": "Nested Loop","Parent Relationship": "Outer","Parallel Aware": false,"Async Capable": false,"Join Type": "Inner","Startup Cost": 1.83,"Total Cost": 12400.01,"Plan Rows": 49000,"Plan Width": 108,"Actual Startup Time": 0.304,"Actual Total Time": 224.729,"Actual Rows": 39879,"Actual Loops": 3,"Inner Unique": false,"Workers": [],"Plans": [{"Node Type": "Hash Join","Parent Relationship": "Outer","Parallel Aware": false,"Async Capable": false,"Join Type": "Inner","Startup Cost": 1.40,"Total Cost": 4403.27,"Plan Rows": 4900,"Plan Width": 108,"Actual Startup Time": 0.152,"Actual Total Time": 46.833,"Actual Rows": 3999,"Actual Loops": 3,"Inner Unique": true,"Hash Cond": "(customer.c_nationkey = n2.n_nationkey)","Workers": [],"Plans": [{"Node Type": "Seq Scan","Parent Relationship": "Outer","Parallel Aware": true,"Async Capable": false,"Relation Name": "customer","Alias": "customer","Startup Cost": 0.00,"Total Cost": 4210.00,"Plan Rows": 62500,"Plan Width": 8,"Actual Startup Time": 0.014,"Actual Total Time": 9.475,"Actual Rows": 50000,"Actual Loops": 3,"Workers": []},{"Node Type": "Hash","Parent Relationship": "Inner","Parallel Aware": false,"Async Capable": false,"Startup Cost": 1.38,"Total Cost": 1.38,"Plan Rows": 2,"Plan Width": 108,"Actual Startup Time": 0.063,"Actual Total Time": 0.070,"Actual Rows": 2,"Actual Loops": 3,"Hash Buckets": 1024,"Original Hash Buckets": 1024,"Hash Batches": 1,"Original Hash Batches": 1,"Peak Memory Usage": 9,"Workers": [],"Plans": [{"Node Type": "Seq Scan","Parent Relationship": "Outer","Parallel Aware": false,"Async Capable": false,"Relation Name": "nation","Alias": "n2","Startup Cost": 0.00,"Total Cost": 1.38,"Plan Rows": 2,"Plan Width": 108,"Actual Startup Time": 0.045,"Actual Total Time": 0.050,"Actual Rows": 2,"Actual Loops": 3,"Filter": "((n_name = 'JORDAN'::bpchar) OR (n_name = 'IRAQ'::bpchar))","Rows Removed by Filter": 23,"Workers": []}]}]},{"Node Type": "Index Scan","Parent Relationship": "Inner","Parallel Aware": false,"Async Capable": false,"Scan Direction": "Forward","Index Name": "idx_orders_custkey","Relation Name": "orders","Alias": "orders","Startup Cost": 0.43,"Total Cost": 1.46,"Plan Rows": 17,"Plan Width": 8,"Actual Startup Time": 0.007,"Actual Total Time": 0.043,"Actual Rows": 10,"Actual Loops": 11996,"Index Cond": "(o_custkey = customer.c_custkey)","Rows Removed by Index Recheck": 0,"Workers": []}]},{"Node Type": "Index Scan","Parent Relationship": "Inner","Parallel Aware": false,"Async Capable": false,"Scan Direction": "Forward","Index Name": "idx_lineitem_orderkey","Relation Name": "lineitem","Alias": "lineitem","Startup Cost": 0.43,"Total Cost": 1.14,"Plan Rows": 5,"Plan Width": 24,"Actual Startup Time": 0.016,"Actual Total Time": 0.017,"Actual Rows": 1,"Actual Loops": 119638,"Index Cond": "(l_orderkey = orders.o_orderkey)","Rows Removed by Index Recheck": 0,"Filter": "((l_shipdate >= '1995-01-01'::date) AND (l_shipdate <= '1996-12-31'::date))","Rows Removed by Filter": 3,"Workers": []}]},{"Node Type": "Hash","Parent Relationship": "Inner","Parallel Aware": false,"Async Capable": false,"Startup Cost": 354.10,"Total Cost": 354.10,"Plan Rows": 784,"Plan Width": 108,"Actual Startup Time": 8.375,"Actual Total Time": 8.388,"Actual Rows": 800,"Actual Loops": 3,"Hash Buckets": 1024,"Original Hash Buckets": 1024,"Hash Batches": 1,"Original Hash Batches": 1,"Peak Memory Usage": 57,"Workers": [],"Plans": [{"Node Type": "Hash Join","Parent Relationship": "Outer","Parallel Aware": false,"Async Capable": false,"Join Type": "Inner","Startup Cost": 1.40,"Total Cost": 354.10,"Plan Rows": 784,"Plan Width": 108,"Actual Startup Time": 0.081,"Actual Total Time": 8.158,"Actual Rows": 800,"Actual Loops": 3,"Inner Unique": true,"Hash Cond": "(supplier.s_nationkey = n1.n_nationkey)","Workers": [],"Plans": [{"Node Type": "Seq Scan","Parent Relationship": "Outer","Parallel Aware": false,"Async Capable": false,"Relation Name": "supplier","Alias": "supplier","Startup Cost": 0.00,"Total Cost": 322.00,"Plan Rows": 10000,"Plan Width": 8,"Actual Startup Time": 0.040,"Actual Total Time": 4.475,"Actual Rows": 10000,"Actual Loops": 3,"Workers": []},{"Node Type": "Hash","Parent Relationship": "Inner","Parallel Aware": false,"Async Capable": false,"Startup Cost": 1.38,"Total Cost": 1.38,"Plan Rows": 2,"Plan Width": 108,"Actual Startup Time": 0.014,"Actual Total Time": 0.018,"Actual Rows": 2,"Actual Loops": 3,"Hash Buckets": 1024,"Original Hash Buckets": 1024,"Hash Batches": 1,"Original Hash Batches": 1,"Peak Memory Usage": 9,"Workers": [],"Plans": [{"Node Type": "Seq Scan","Parent Relationship": "Outer","Parallel Aware": false,"Async Capable": false,"Relation Name": "nation","Alias": "n1","Startup Cost": 0.00,"Total Cost": 1.38,"Plan Rows": 2,"Plan Width": 108,"Actual Startup Time": 0.007,"Actual Total Time": 0.011,"Actual Rows": 2,"Actual Loops": 3,"Filter": "((n_name = 'IRAQ'::bpchar) OR (n_name = 'JORDAN'::bpchar))","Rows Removed by Filter": 23,"Workers": []}]}]}]}]}]}]}]}]},"Planning Time": 9.255,"Triggers": [],"Execution Time": 979.691}]
[{"Plan": {"Node Type": "Aggregate","Strategy": "Sorted","Partial Mode": "Finalize","Parallel Aware": false,"Async Capable": false,"Startup Cost": 72556.41,"Total Cost": 73352.71,"Plan Rows": 5893,"Plan Width": 272,"Actual Startup Time": 924.201,"Actual Total Time": 977.216,"Actual Rows": 4,"Actual Loops": 1,"Group Key": ["n1.n_name", "n2.n_name", "(EXTRACT(year FROM lineitem.l_shipdate))"],"Plans": [{"Node Type": "Gather Merge","Parent Relationship": "Outer","Parallel Aware": false,"Async Capable": false,"Startup Cost": 72556.41,"Total Cost": 73202.94,"Plan Rows": 4910,"Plan Width": 272,"Actual Startup Time": 923.654,"Actual Total Time": 977.107,"Actual Rows": 12,"Actual Loops": 1,"Workers Planned": 2,"Workers Launched": 2,"Plans": [{"Node Type": "Aggregate","Strategy": "Sorted","Partial Mode": "Partial","Parent Relationship": "Outer","Parallel Aware": false,"Async Capable": false,"Startup Cost": 71556.39,"Total Cost": 71636.18,"Plan Rows": 2455,"Plan Width": 272,"Actual Startup Time": 915.103,"Actual Total Time": 915.839,"Actual Rows": 4,"Actual Loops": 3,"Group Key": ["n1.n_name", "n2.n_name", "(EXTRACT(year FROM lineitem.l_shipdate))"],"Workers": [],"Plans": [{"Node Type": "Sort","Parent Relationship": "Outer","Parallel Aware": false,"Async Capable": false,"Startup Cost": 71556.39,"Total Cost": 71562.53,"Plan Rows": 2455,"Plan Width": 252,"Actual Startup Time": 914.853,"Actual Total Time": 914.966,"Actual Rows": 1899,"Actual Loops": 3,"Sort Key": ["n1.n_name", "n2.n_name", "(EXTRACT(year FROM lineitem.l_shipdate))"],"Sort Method": "quicksort","Sort Space Used": 259,"Sort Space Type": "Memory","Workers": [{"Worker Number": 0,"Sort Method": "quicksort","Sort Space Used": 259,"Sort Space Type": "Memory"},{"Worker Number": 1,"Sort Method": "quicksort","Sort Space Used": 251,"Sort Space Type": "Memory"}],"Plans": [{"Node Type": "Hash Join","Parent Relationship": "Outer","Parallel Aware": false,"Async Capable": false,"Join Type": "Inner","Startup Cost": 366.16,"Total Cost": 71418.15,"Plan Rows": 2455,"Plan Width": 252,"Actual Startup Time": 9.239,"Actual Total Time": 913.034,"Actual Rows": 1899,"Actual Loops": 3,"Inner Unique": false,"Hash Cond": "(lineitem.l_suppkey = supplier.s_suppkey)","Join Filter": "(((n1.n_name = 'ETHIOPIA'::bpchar) AND (n2.n_name = 'VIETNAM'::bpchar)) OR ((n1.n_name = 'VIETNAM'::bpchar) AND (n2.n_name = 'ETHIOPIA'::bpchar)))","Rows Removed by Join Filter": 1915,"Workers": [],"Plans": [{"Node Type": "Nested Loop","Parent Relationship": "Outer","Parallel Aware": false,"Async Capable": false,"Join Type": "Inner","Startup Cost": 2.26,"Total Cost": 70727.78,"Plan Rows": 60250,"Plan Width": 124,"Actual Startup Time": 0.503,"Actual Total Time": 897.921,"Actual Rows": 48936,"Actual Loops": 3,"Inner Unique": false,"Workers": [],"Plans": [{"Node Type": "Nested Loop","Parent Relationship": "Outer","Parallel Aware": false,"Async Capable": false,"Join Type": "Inner","Startup Cost": 1.83,"Total Cost": 12400.01,"Plan Rows": 49000,"Plan Width": 108,"Actual Startup Time": 0.336,"Actual Total Time": 225.979,"Actual Rows": 40018,"Actual Loops": 3,"Inner Unique": false,"Workers": [],"Plans": [{"Node Type": "Hash Join","Parent Relationship": "Outer","Parallel Aware": false,"Async Capable": false,"Join Type": "Inner","Startup Cost": 1.40,"Total Cost": 4403.27,"Plan Rows": 4900,"Plan Width": 108,"Actual Startup Time": 0.192,"Actual Total Time": 46.735,"Actual Rows": 3987,"Actual Loops": 3,"Inner Unique": true,"Hash Cond": "(customer.c_nationkey = n2.n_nationkey)","Workers": [],"Plans": [{"Node Type": "Seq Scan","Parent Relationship": "Outer","Parallel Aware": true,"Async Capable": false,"Relation Name": "customer","Alias": "customer","Startup Cost": 0.00,"Total Cost": 4210.00,"Plan Rows": 62500,"Plan Width": 8,"Actual Startup Time": 0.012,"Actual Total Time": 9.628,"Actual Rows": 50000,"Actual Loops": 3,"Workers": []},{"Node Type": "Hash","Parent Relationship": "Inner","Parallel Aware": false,"Async Capable": false,"Startup Cost": 1.38,"Total Cost": 1.38,"Plan Rows": 2,"Plan Width": 108,"Actual Startup Time": 0.081,"Actual Total Time": 0.086,"Actual Rows": 2,"Actual Loops": 3,"Hash Buckets": 1024,"Original Hash Buckets": 1024,"Hash Batches": 1,"Original Hash Batches": 1,"Peak Memory Usage": 9,"Workers": [],"Plans": [{"Node Type": "Seq Scan","Parent Relationship": "Outer","Parallel Aware": false,"Async Capable": false,"Relation Name": "nation","Alias": "n2","Startup Cost": 0.00,"Total Cost": 1.38,"Plan Rows": 2,"Plan Width": 108,"Actual Startup Time": 0.056,"Actual Total Time": 0.063,"Actual Rows": 2,"Actual Loops": 3,"Filter": "((n_name = 'VIETNAM'::bpchar) OR (n_name = 'ETHIOPIA'::bpchar))","Rows Removed by Filter": 23,"Workers": []}]}]},{"Node Type": "Index Scan","Parent Relationship": "Inner","Parallel Aware": false,"Async Capable": false,"Scan Direction": "Forward","Index Name": "idx_orders_custkey","Relation Name": "orders","Alias": "orders","Startup Cost": 0.43,"Total Cost": 1.46,"Plan Rows": 17,"Plan Width": 8,"Actual Startup Time": 0.007,"Actual Total Time": 0.044,"Actual Rows": 10,"Actual Loops": 11960,"Index Cond": "(o_custkey = customer.c_custkey)","Rows Removed by Index Recheck": 0,"Workers": []}]},{"Node Type": "Index Scan","Parent Relationship": "Inner","Parallel Aware": false,"Async Capable": false,"Scan Direction": "Forward","Index Name": "idx_lineitem_orderkey","Relation Name": "lineitem","Alias": "lineitem","Startup Cost": 0.43,"Total Cost": 1.14,"Plan Rows": 5,"Plan Width": 24,"Actual Startup Time": 0.016,"Actual Total Time": 0.017,"Actual Rows": 1,"Actual Loops": 120053,"Index Cond": "(l_orderkey = orders.o_orderkey)","Rows Removed by Index Recheck": 0,"Filter": "((l_shipdate >= '1995-01-01'::date) AND (l_shipdate <= '1996-12-31'::date))","Rows Removed by Filter": 3,"Workers": []}]},{"Node Type": "Hash","Parent Relationship": "Inner","Parallel Aware": false,"Async Capable": false,"Startup Cost": 354.10,"Total Cost": 354.10,"Plan Rows": 784,"Plan Width": 108,"Actual Startup Time": 7.907,"Actual Total Time": 7.922,"Actual Rows": 779,"Actual Loops": 3,"Hash Buckets": 1024,"Original Hash Buckets": 1024,"Hash Batches": 1,"Original Hash Batches": 1,"Peak Memory Usage": 56,"Workers": [],"Plans": [{"Node Type": "Hash Join","Parent Relationship": "Outer","Parallel Aware": false,"Async Capable": false,"Join Type": "Inner","Startup Cost": 1.40,"Total Cost": 354.10,"Plan Rows": 784,"Plan Width": 108,"Actual Startup Time": 0.089,"Actual Total Time": 7.717,"Actual Rows": 779,"Actual Loops": 3,"Inner Unique": true,"Hash Cond": "(supplier.s_nationkey = n1.n_nationkey)","Workers": [],"Plans": [{"Node Type": "Seq Scan","Parent Relationship": "Outer","Parallel Aware": false,"Async Capable": false,"Relation Name": "supplier","Alias": "supplier","Startup Cost": 0.00,"Total Cost": 322.00,"Plan Rows": 10000,"Plan Width": 8,"Actual Startup Time": 0.033,"Actual Total Time": 4.382,"Actual Rows": 10000,"Actual Loops": 3,"Workers": []},{"Node Type": "Hash","Parent Relationship": "Inner","Parallel Aware": false,"Async Capable": false,"Startup Cost": 1.38,"Total Cost": 1.38,"Plan Rows": 2,"Plan Width": 108,"Actual Startup Time": 0.024,"Actual Total Time": 0.030,"Actual Rows": 2,"Actual Loops": 3,"Hash Buckets": 1024,"Original Hash Buckets": 1024,"Hash Batches": 1,"Original Hash Batches": 1,"Peak Memory Usage": 9,"Workers": [],"Plans": [{"Node Type": "Seq Scan","Parent Relationship": "Outer","Parallel Aware": false,"Async Capable": false,"Relation Name": "nation","Alias": "n1","Startup Cost": 0.00,"Total Cost": 1.38,"Plan Rows": 2,"Plan Width": 108,"Actual Startup Time": 0.006,"Actual Total Time": 0.014,"Actual Rows": 2,"Actual Loops": 3,"Filter": "((n_name = 'ETHIOPIA'::bpchar) OR (n_name = 'VIETNAM'::bpchar))","Rows Removed by Filter": 23,"Workers": []}]}]}]}]}]}]}]}]},"Planning Time": 8.698,"Triggers": [],"Execution Time": 977.692}]
[{"Plan": {"Node Type": "Aggregate","Strategy": "Sorted","Partial Mode": "Finalize","Parallel Aware": false,"Async Capable": false,"Startup Cost": 72556.41,"Total Cost": 73352.71,"Plan Rows": 5893,"Plan Width": 272,"Actual Startup Time": 927.073,"Actual Total Time": 981.423,"Actual Rows": 4,"Actual Loops": 1,"Group Key": ["n1.n_name", "n2.n_name", "(EXTRACT(year FROM lineitem.l_shipdate))"],"Plans": [{"Node Type": "Gather Merge","Parent Relationship": "Outer","Parallel Aware": false,"Async Capable": false,"Startup Cost": 72556.41,"Total Cost": 73202.94,"Plan Rows": 4910,"Plan Width": 272,"Actual Startup Time": 926.187,"Actual Total Time": 981.324,"Actual Rows": 12,"Actual Loops": 1,"Workers Planned": 2,"Workers Launched": 2,"Plans": [{"Node Type": "Aggregate","Strategy": "Sorted","Partial Mode": "Partial","Parent Relationship": "Outer","Parallel Aware": false,"Async Capable": false,"Startup Cost": 71556.39,"Total Cost": 71636.18,"Plan Rows": 2455,"Plan Width": 272,"Actual Startup Time": 918.201,"Actual Total Time": 919.120,"Actual Rows": 4,"Actual Loops": 3,"Group Key": ["n1.n_name", "n2.n_name", "(EXTRACT(year FROM lineitem.l_shipdate))"],"Workers": [],"Plans": [{"Node Type": "Sort","Parent Relationship": "Outer","Parallel Aware": false,"Async Capable": false,"Startup Cost": 71556.39,"Total Cost": 71562.53,"Plan Rows": 2455,"Plan Width": 252,"Actual Startup Time": 917.943,"Actual Total Time": 918.070,"Actual Rows": 1914,"Actual Loops": 3,"Sort Key": ["n1.n_name", "n2.n_name", "(EXTRACT(year FROM lineitem.l_shipdate))"],"Sort Method": "quicksort","Sort Space Used": 254,"Sort Space Type": "Memory","Workers": [{"Worker Number": 0,"Sort Method": "quicksort","Sort Space Used": 262,"Sort Space Type": "Memory"},{"Worker Number": 1,"Sort Method": "quicksort","Sort Space Used": 257,"Sort Space Type": "Memory"}],"Plans": [{"Node Type": "Hash Join","Parent Relationship": "Outer","Parallel Aware": false,"Async Capable": false,"Join Type": "Inner","Startup Cost": 366.16,"Total Cost": 71418.15,"Plan Rows": 2455,"Plan Width": 252,"Actual Startup Time": 10.211,"Actual Total Time": 916.153,"Actual Rows": 1914,"Actual Loops": 3,"Inner Unique": false,"Hash Cond": "(lineitem.l_suppkey = supplier.s_suppkey)","Join Filter": "(((n1.n_name = 'ROMANIA'::bpchar) AND (n2.n_name = 'KENYA'::bpchar)) OR ((n1.n_name = 'KENYA'::bpchar) AND (n2.n_name = 'ROMANIA'::bpchar)))","Rows Removed by Join Filter": 1852,"Workers": [],"Plans": [{"Node Type": "Nested Loop","Parent Relationship": "Outer","Parallel Aware": false,"Async Capable": false,"Join Type": "Inner","Startup Cost": 2.26,"Total Cost": 70727.78,"Plan Rows": 60250,"Plan Width": 124,"Actual Startup Time": 1.011,"Actual Total Time": 901.532,"Actual Rows": 48493,"Actual Loops": 3,"Inner Unique": false,"Workers": [],"Plans": [{"Node Type": "Nested Loop","Parent Relationship": "Outer","Parallel Aware": false,"Async Capable": false,"Join Type": "Inner","Startup Cost": 1.83,"Total Cost": 12400.01,"Plan Rows": 49000,"Plan Width": 108,"Actual Startup Time": 0.392,"Actual Total Time": 225.967,"Actual Rows": 39984,"Actual Loops": 3,"Inner Unique": false,"Workers": [],"Plans": [{"Node Type": "Hash Join","Parent Relationship": "Outer","Parallel Aware": false,"Async Capable": false,"Join Type": "Inner","Startup Cost": 1.40,"Total Cost": 4403.27,"Plan Rows": 4900,"Plan Width": 108,"Actual Startup Time": 0.225,"Actual Total Time": 46.554,"Actual Rows": 4031,"Actual Loops": 3,"Inner Unique": true,"Hash Cond": "(customer.c_nationkey = n2.n_nationkey)","Workers": [],"Plans": [{"Node Type": "Seq Scan","Parent Relationship": "Outer","Parallel Aware": true,"Async Capable": false,"Relation Name": "customer","Alias": "customer","Startup Cost": 0.00,"Total Cost": 4210.00,"Plan Rows": 62500,"Plan Width": 8,"Actual Startup Time": 0.020,"Actual Total Time": 9.561,"Actual Rows": 50000,"Actual Loops": 3,"Workers": []},{"Node Type": "Hash","Parent Relationship": "Inner","Parallel Aware": false,"Async Capable": false,"Startup Cost": 1.38,"Total Cost": 1.38,"Plan Rows": 2,"Plan Width": 108,"Actual Startup Time": 0.091,"Actual Total Time": 0.099,"Actual Rows": 2,"Actual Loops": 3,"Hash Buckets": 1024,"Original Hash Buckets": 1024,"Hash Batches": 1,"Original Hash Batches": 1,"Peak Memory Usage": 9,"Workers": [],"Plans": [{"Node Type": "Seq Scan","Parent Relationship": "Outer","Parallel Aware": false,"Async Capable": false,"Relation Name": "nation","Alias": "n2","Startup Cost": 0.00,"Total Cost": 1.38,"Plan Rows": 2,"Plan Width": 108,"Actual Startup Time": 0.072,"Actual Total Time": 0.077,"Actual Rows": 2,"Actual Loops": 3,"Filter": "((n_name = 'KENYA'::bpchar) OR (n_name = 'ROMANIA'::bpchar))","Rows Removed by Filter": 23,"Workers": []}]}]},{"Node Type": "Index Scan","Parent Relationship": "Inner","Parallel Aware": false,"Async Capable": false,"Scan Direction": "Forward","Index Name": "idx_orders_custkey","Relation Name": "orders","Alias": "orders","Startup Cost": 0.43,"Total Cost": 1.46,"Plan Rows": 17,"Plan Width": 8,"Actual Startup Time": 0.007,"Actual Total Time": 0.043,"Actual Rows": 10,"Actual Loops": 12092,"Index Cond": "(o_custkey = customer.c_custkey)","Rows Removed by Index Recheck": 0,"Workers": []}]},{"Node Type": "Index Scan","Parent Relationship": "Inner","Parallel Aware": false,"Async Capable": false,"Scan Direction": "Forward","Index Name": "idx_lineitem_orderkey","Relation Name": "lineitem","Alias": "lineitem","Startup Cost": 0.43,"Total Cost": 1.14,"Plan Rows": 5,"Plan Width": 24,"Actual Startup Time": 0.016,"Actual Total Time": 0.017,"Actual Rows": 1,"Actual Loops": 119952,"Index Cond": "(l_orderkey = orders.o_orderkey)","Rows Removed by Index Recheck": 0,"Filter": "((l_shipdate >= '1995-01-01'::date) AND (l_shipdate <= '1996-12-31'::date))","Rows Removed by Filter": 3,"Workers": []}]},{"Node Type": "Hash","Parent Relationship": "Inner","Parallel Aware": false,"Async Capable": false,"Startup Cost": 354.10,"Total Cost": 354.10,"Plan Rows": 784,"Plan Width": 108,"Actual Startup Time": 7.410,"Actual Total Time": 7.422,"Actual Rows": 774,"Actual Loops": 3,"Hash Buckets": 1024,"Original Hash Buckets": 1024,"Hash Batches": 1,"Original Hash Batches": 1,"Peak Memory Usage": 55,"Workers": [],"Plans": [{"Node Type": "Hash Join","Parent Relationship": "Outer","Parallel Aware": false,"Async Capable": false,"Join Type": "Inner","Startup Cost": 1.40,"Total Cost": 354.10,"Plan Rows": 784,"Plan Width": 108,"Actual Startup Time": 0.096,"Actual Total Time": 7.246,"Actual Rows": 774,"Actual Loops": 3,"Inner Unique": true,"Hash Cond": "(supplier.s_nationkey = n1.n_nationkey)","Workers": [],"Plans": [{"Node Type": "Seq Scan","Parent Relationship": "Outer","Parallel Aware": false,"Async Capable": false,"Relation Name": "supplier","Alias": "supplier","Startup Cost": 0.00,"Total Cost": 322.00,"Plan Rows": 10000,"Plan Width": 8,"Actual Startup Time": 0.038,"Actual Total Time": 3.970,"Actual Rows": 10000,"Actual Loops": 3,"Workers": []},{"Node Type": "Hash","Parent Relationship": "Inner","Parallel Aware": false,"Async Capable": false,"Startup Cost": 1.38,"Total Cost": 1.38,"Plan Rows": 2,"Plan Width": 108,"Actual Startup Time": 0.020,"Actual Total Time": 0.025,"Actual Rows": 2,"Actual Loops": 3,"Hash Buckets": 1024,"Original Hash Buckets": 1024,"Hash Batches": 1,"Original Hash Batches": 1,"Peak Memory Usage": 9,"Workers": [],"Plans": [{"Node Type": "Seq Scan","Parent Relationship": "Outer","Parallel Aware": false,"Async Capable": false,"Relation Name": "nation","Alias": "n1","Startup Cost": 0.00,"Total Cost": 1.38,"Plan Rows": 2,"Plan Width": 108,"Actual Startup Time": 0.010,"Actual Total Time": 0.014,"Actual Rows": 2,"Actual Loops": 3,"Filter": "((n_name = 'ROMANIA'::bpchar) OR (n_name = 'KENYA'::bpchar))","Rows Removed by Filter": 23,"Workers": []}]}]}]}]}]}]}]}]},"Planning Time": 8.278,"Triggers": [],"Execution Time": 981.894}]
[{"Plan": {"Node Type": "Aggregate","Strategy": "Sorted","Partial Mode": "Finalize","Parallel Aware": false,"Async Capable": false,"Startup Cost": 72556.41,"Total Cost": 73352.71,"Plan Rows": 5893,"Plan Width": 272,"Actual Startup Time": 927.515,"Actual Total Time": 971.955,"Actual Rows": 4,"Actual Loops": 1,"Group Key": ["n1.n_name", "n2.n_name", "(EXTRACT(year FROM lineitem.l_shipdate))"],"Plans": [{"Node Type": "Gather Merge","Parent Relationship": "Outer","Parallel Aware": false,"Async Capable": false,"Startup Cost": 72556.41,"Total Cost": 73202.94,"Plan Rows": 4910,"Plan Width": 272,"Actual Startup Time": 926.752,"Actual Total Time": 971.870,"Actual Rows": 12,"Actual Loops": 1,"Workers Planned": 2,"Workers Launched": 2,"Plans": [{"Node Type": "Aggregate","Strategy": "Sorted","Partial Mode": "Partial","Parent Relationship": "Outer","Parallel Aware": false,"Async Capable": false,"Startup Cost": 71556.39,"Total Cost": 71636.18,"Plan Rows": 2455,"Plan Width": 272,"Actual Startup Time": 919.023,"Actual Total Time": 919.904,"Actual Rows": 4,"Actual Loops": 3,"Group Key": ["n1.n_name", "n2.n_name", "(EXTRACT(year FROM lineitem.l_shipdate))"],"Workers": [],"Plans": [{"Node Type": "Sort","Parent Relationship": "Outer","Parallel Aware": false,"Async Capable": false,"Startup Cost": 71556.39,"Total Cost": 71562.53,"Plan Rows": 2455,"Plan Width": 252,"Actual Startup Time": 918.738,"Actual Total Time": 918.851,"Actual Rows": 2033,"Actual Loops": 3,"Sort Key": ["n1.n_name", "n2.n_name", "(EXTRACT(year FROM lineitem.l_shipdate))"],"Sort Method": "quicksort","Sort Space Used": 329,"Sort Space Type": "Memory","Workers": [{"Worker Number": 0,"Sort Method": "quicksort","Sort Space Used": 260,"Sort Space Type": "Memory"},{"Worker Number": 1,"Sort Method": "quicksort","Sort Space Used": 271,"Sort Space Type": "Memory"}],"Plans": [{"Node Type": "Hash Join","Parent Relationship": "Outer","Parallel Aware": false,"Async Capable": false,"Join Type": "Inner","Startup Cost": 366.16,"Total Cost": 71418.15,"Plan Rows": 2455,"Plan Width": 252,"Actual Startup Time": 12.729,"Actual Total Time": 916.758,"Actual Rows": 2033,"Actual Loops": 3,"Inner Unique": false,"Hash Cond": "(lineitem.l_suppkey = supplier.s_suppkey)","Join Filter": "(((n1.n_name = 'CHINA'::bpchar) AND (n2.n_name = 'INDIA'::bpchar)) OR ((n1.n_name = 'INDIA'::bpchar) AND (n2.n_name = 'CHINA'::bpchar)))","Rows Removed by Join Filter": 1994,"Workers": [],"Plans": [{"Node Type": "Nested Loop","Parent Relationship": "Outer","Parallel Aware": false,"Async Capable": false,"Join Type": "Inner","Startup Cost": 2.26,"Total Cost": 70727.78,"Plan Rows": 60250,"Plan Width": 124,"Actual Startup Time": 0.819,"Actual Total Time": 898.241,"Actual Rows": 48702,"Actual Loops": 3,"Inner Unique": false,"Workers": [],"Plans": [{"Node Type": "Nested Loop","Parent Relationship": "Outer","Parallel Aware": false,"Async Capable": false,"Join Type": "Inner","Startup Cost": 1.83,"Total Cost": 12400.01,"Plan Rows": 49000,"Plan Width": 108,"Actual Startup Time": 0.357,"Actual Total Time": 222.894,"Actual Rows": 40204,"Actual Loops": 3,"Inner Unique": false,"Workers": [],"Plans": [{"Node Type": "Hash Join","Parent Relationship": "Outer","Parallel Aware": false,"Async Capable": false,"Join Type": "Inner","Startup Cost": 1.40,"Total Cost": 4403.27,"Plan Rows": 4900,"Plan Width": 108,"Actual Startup Time": 0.234,"Actual Total Time": 43.811,"Actual Rows": 4022,"Actual Loops": 3,"Inner Unique": true,"Hash Cond": "(customer.c_nationkey = n2.n_nationkey)","Workers": [],"Plans": [{"Node Type": "Seq Scan","Parent Relationship": "Outer","Parallel Aware": true,"Async Capable": false,"Relation Name": "customer","Alias": "customer","Startup Cost": 0.00,"Total Cost": 4210.00,"Plan Rows": 62500,"Plan Width": 8,"Actual Startup Time": 0.018,"Actual Total Time": 9.026,"Actual Rows": 50000,"Actual Loops": 3,"Workers": []},{"Node Type": "Hash","Parent Relationship": "Inner","Parallel Aware": false,"Async Capable": false,"Startup Cost": 1.38,"Total Cost": 1.38,"Plan Rows": 2,"Plan Width": 108,"Actual Startup Time": 0.099,"Actual Total Time": 0.104,"Actual Rows": 2,"Actual Loops": 3,"Hash Buckets": 1024,"Original Hash Buckets": 1024,"Hash Batches": 1,"Original Hash Batches": 1,"Peak Memory Usage": 9,"Workers": [],"Plans": [{"Node Type": "Seq Scan","Parent Relationship": "Outer","Parallel Aware": false,"Async Capable": false,"Relation Name": "nation","Alias": "n2","Startup Cost": 0.00,"Total Cost": 1.38,"Plan Rows": 2,"Plan Width": 108,"Actual Startup Time": 0.076,"Actual Total Time": 0.083,"Actual Rows": 2,"Actual Loops": 3,"Filter": "((n_name = 'INDIA'::bpchar) OR (n_name = 'CHINA'::bpchar))","Rows Removed by Filter": 23,"Workers": []}]}]},{"Node Type": "Index Scan","Parent Relationship": "Inner","Parallel Aware": false,"Async Capable": false,"Scan Direction": "Forward","Index Name": "idx_orders_custkey","Relation Name": "orders","Alias": "orders","Startup Cost": 0.43,"Total Cost": 1.46,"Plan Rows": 17,"Plan Width": 8,"Actual Startup Time": 0.007,"Actual Total Time": 0.043,"Actual Rows": 10,"Actual Loops": 12066,"Index Cond": "(o_custkey = customer.c_custkey)","Rows Removed by Index Recheck": 0,"Workers": []}]},{"Node Type": "Index Scan","Parent Relationship": "Inner","Parallel Aware": false,"Async Capable": false,"Scan Direction": "Forward","Index Name": "idx_lineitem_orderkey","Relation Name": "lineitem","Alias": "lineitem","Startup Cost": 0.43,"Total Cost": 1.14,"Plan Rows": 5,"Plan Width": 24,"Actual Startup Time": 0.016,"Actual Total Time": 0.017,"Actual Rows": 1,"Actual Loops": 120611,"Index Cond": "(l_orderkey = orders.o_orderkey)","Rows Removed by Index Recheck": 0,"Filter": "((l_shipdate >= '1995-01-01'::date) AND (l_shipdate <= '1996-12-31'::date))","Rows Removed by Filter": 3,"Workers": []}]},{"Node Type": "Hash","Parent Relationship": "Inner","Parallel Aware": false,"Async Capable": false,"Startup Cost": 354.10,"Total Cost": 354.10,"Plan Rows": 784,"Plan Width": 108,"Actual Startup Time": 11.309,"Actual Total Time": 11.322,"Actual Rows": 822,"Actual Loops": 3,"Hash Buckets": 1024,"Original Hash Buckets": 1024,"Hash Batches": 1,"Original Hash Batches": 1,"Peak Memory Usage": 58,"Workers": [],"Plans": [{"Node Type": "Hash Join","Parent Relationship": "Outer","Parallel Aware": false,"Async Capable": false,"Join Type": "Inner","Startup Cost": 1.40,"Total Cost": 354.10,"Plan Rows": 784,"Plan Width": 108,"Actual Startup Time": 0.104,"Actual Total Time": 11.104,"Actual Rows": 822,"Actual Loops": 3,"Inner Unique": true,"Hash Cond": "(supplier.s_nationkey = n1.n_nationkey)","Workers": [],"Plans": [{"Node Type": "Seq Scan","Parent Relationship": "Outer","Parallel Aware": false,"Async Capable": false,"Relation Name": "supplier","Alias": "supplier","Startup Cost": 0.00,"Total Cost": 322.00,"Plan Rows": 10000,"Plan Width": 8,"Actual Startup Time": 0.031,"Actual Total Time": 4.627,"Actual Rows": 10000,"Actual Loops": 3,"Workers": []},{"Node Type": "Hash","Parent Relationship": "Inner","Parallel Aware": false,"Async Capable": false,"Startup Cost": 1.38,"Total Cost": 1.38,"Plan Rows": 2,"Plan Width": 108,"Actual Startup Time": 0.019,"Actual Total Time": 0.024,"Actual Rows": 2,"Actual Loops": 3,"Hash Buckets": 1024,"Original Hash Buckets": 1024,"Hash Batches": 1,"Original Hash Batches": 1,"Peak Memory Usage": 9,"Workers": [],"Plans": [{"Node Type": "Seq Scan","Parent Relationship": "Outer","Parallel Aware": false,"Async Capable": false,"Relation Name": "nation","Alias": "n1","Startup Cost": 0.00,"Total Cost": 1.38,"Plan Rows": 2,"Plan Width": 108,"Actual Startup Time": 0.008,"Actual Total Time": 0.014,"Actual Rows": 2,"Actual Loops": 3,"Filter": "((n_name = 'CHINA'::bpchar) OR (n_name = 'INDIA'::bpchar))","Rows Removed by Filter": 23,"Workers": []}]}]}]}]}]}]}]}]},"Planning Time": 9.100,"Triggers": [],"Execution Time": 972.419}]
[{"Plan": {"Node Type": "Aggregate","Strategy": "Sorted","Partial Mode": "Finalize","Parallel Aware": false,"Async Capable": false,"Startup Cost": 72556.41,"Total Cost": 73352.71,"Plan Rows": 5893,"Plan Width": 272,"Actual Startup Time": 914.341,"Actual Total Time": 958.842,"Actual Rows": 4,"Actual Loops": 1,"Group Key": ["n1.n_name", "n2.n_name", "(EXTRACT(year FROM lineitem.l_shipdate))"],"Plans": [{"Node Type": "Gather Merge","Parent Relationship": "Outer","Parallel Aware": false,"Async Capable": false,"Startup Cost": 72556.41,"Total Cost": 73202.94,"Plan Rows": 4910,"Plan Width": 272,"Actual Startup Time": 914.047,"Actual Total Time": 958.773,"Actual Rows": 12,"Actual Loops": 1,"Workers Planned": 2,"Workers Launched": 2,"Plans": [{"Node Type": "Aggregate","Strategy": "Sorted","Partial Mode": "Partial","Parent Relationship": "Outer","Parallel Aware": false,"Async Capable": false,"Startup Cost": 71556.39,"Total Cost": 71636.18,"Plan Rows": 2455,"Plan Width": 272,"Actual Startup Time": 906.400,"Actual Total Time": 907.124,"Actual Rows": 4,"Actual Loops": 3,"Group Key": ["n1.n_name", "n2.n_name", "(EXTRACT(year FROM lineitem.l_shipdate))"],"Workers": [],"Plans": [{"Node Type": "Sort","Parent Relationship": "Outer","Parallel Aware": false,"Async Capable": false,"Startup Cost": 71556.39,"Total Cost": 71562.53,"Plan Rows": 2455,"Plan Width": 252,"Actual Startup Time": 906.149,"Actual Total Time": 906.260,"Actual Rows": 1910,"Actual Loops": 3,"Sort Key": ["n1.n_name", "n2.n_name", "(EXTRACT(year FROM lineitem.l_shipdate))"],"Sort Method": "quicksort","Sort Space Used": 257,"Sort Space Type": "Memory","Workers": [{"Worker Number": 0,"Sort Method": "quicksort","Sort Space Used": 256,"Sort Space Type": "Memory"},{"Worker Number": 1,"Sort Method": "quicksort","Sort Space Used": 259,"Sort Space Type": "Memory"}],"Plans": [{"Node Type": "Hash Join","Parent Relationship": "Outer","Parallel Aware": false,"Async Capable": false,"Join Type": "Inner","Startup Cost": 366.16,"Total Cost": 71418.15,"Plan Rows": 2455,"Plan Width": 252,"Actual Startup Time": 10.360,"Actual Total Time": 904.408,"Actual Rows": 1910,"Actual Loops": 3,"Inner Unique": false,"Hash Cond": "(lineitem.l_suppkey = supplier.s_suppkey)","Join Filter": "(((n1.n_name = 'MOROCCO'::bpchar) AND (n2.n_name = 'PERU'::bpchar)) OR ((n1.n_name = 'PERU'::bpchar) AND (n2.n_name = 'MOROCCO'::bpchar)))","Rows Removed by Join Filter": 1942,"Workers": [],"Plans": [{"Node Type": "Nested Loop","Parent Relationship": "Outer","Parallel Aware": false,"Async Capable": false,"Join Type": "Inner","Startup Cost": 2.26,"Total Cost": 70727.78,"Plan Rows": 60250,"Plan Width": 124,"Actual Startup Time": 0.511,"Actual Total Time": 888.027,"Actual Rows": 48368,"Actual Loops": 3,"Inner Unique": false,"Workers": [],"Plans": [{"Node Type": "Nested Loop","Parent Relationship": "Outer","Parallel Aware": false,"Async Capable": false,"Join Type": "Inner","Startup Cost": 1.83,"Total Cost": 12400.01,"Plan Rows": 49000,"Plan Width": 108,"Actual Startup Time": 0.238,"Actual Total Time": 223.310,"Actual Rows": 39492,"Actual Loops": 3,"Inner Unique": false,"Workers": [],"Plans": [{"Node Type": "Hash Join","Parent Relationship": "Outer","Parallel Aware": false,"Async Capable": false,"Join Type": "Inner","Startup Cost": 1.40,"Total Cost": 4403.27,"Plan Rows": 4900,"Plan Width": 108,"Actual Startup Time": 0.157,"Actual Total Time": 46.377,"Actual Rows": 3965,"Actual Loops": 3,"Inner Unique": true,"Hash Cond": "(customer.c_nationkey = n2.n_nationkey)","Workers": [],"Plans": [{"Node Type": "Seq Scan","Parent Relationship": "Outer","Parallel Aware": true,"Async Capable": false,"Relation Name": "customer","Alias": "customer","Startup Cost": 0.00,"Total Cost": 4210.00,"Plan Rows": 62500,"Plan Width": 8,"Actual Startup Time": 0.012,"Actual Total Time": 9.488,"Actual Rows": 50000,"Actual Loops": 3,"Workers": []},{"Node Type": "Hash","Parent Relationship": "Inner","Parallel Aware": false,"Async Capable": false,"Startup Cost": 1.38,"Total Cost": 1.38,"Plan Rows": 2,"Plan Width": 108,"Actual Startup Time": 0.069,"Actual Total Time": 0.077,"Actual Rows": 2,"Actual Loops": 3,"Hash Buckets": 1024,"Original Hash Buckets": 1024,"Hash Batches": 1,"Original Hash Batches": 1,"Peak Memory Usage": 9,"Workers": [],"Plans": [{"Node Type": "Seq Scan","Parent Relationship": "Outer","Parallel Aware": false,"Async Capable": false,"Relation Name": "nation","Alias": "n2","Startup Cost": 0.00,"Total Cost": 1.38,"Plan Rows": 2,"Plan Width": 108,"Actual Startup Time": 0.055,"Actual Total Time": 0.060,"Actual Rows": 2,"Actual Loops": 3,"Filter": "((n_name = 'PERU'::bpchar) OR (n_name = 'MOROCCO'::bpchar))","Rows Removed by Filter": 23,"Workers": []}]}]},{"Node Type": "Index Scan","Parent Relationship": "Inner","Parallel Aware": false,"Async Capable": false,"Scan Direction": "Forward","Index Name": "idx_orders_custkey","Relation Name": "orders","Alias": "orders","Startup Cost": 0.43,"Total Cost": 1.46,"Plan Rows": 17,"Plan Width": 8,"Actual Startup Time": 0.007,"Actual Total Time": 0.043,"Actual Rows": 10,"Actual Loops": 11896,"Index Cond": "(o_custkey = customer.c_custkey)","Rows Removed by Index Recheck": 0,"Workers": []}]},{"Node Type": "Index Scan","Parent Relationship": "Inner","Parallel Aware": false,"Async Capable": false,"Scan Direction": "Forward","Index Name": "idx_lineitem_orderkey","Relation Name": "lineitem","Alias": "lineitem","Startup Cost": 0.43,"Total Cost": 1.14,"Plan Rows": 5,"Plan Width": 24,"Actual Startup Time": 0.016,"Actual Total Time": 0.017,"Actual Rows": 1,"Actual Loops": 118477,"Index Cond": "(l_orderkey = orders.o_orderkey)","Rows Removed by Index Recheck": 0,"Filter": "((l_shipdate >= '1995-01-01'::date) AND (l_shipdate <= '1996-12-31'::date))","Rows Removed by Filter": 3,"Workers": []}]},{"Node Type": "Hash","Parent Relationship": "Inner","Parallel Aware": false,"Async Capable": false,"Startup Cost": 354.10,"Total Cost": 354.10,"Plan Rows": 784,"Plan Width": 108,"Actual Startup Time": 9.307,"Actual Total Time": 9.321,"Actual Rows": 794,"Actual Loops": 3,"Hash Buckets": 1024,"Original Hash Buckets": 1024,"Hash Batches": 1,"Original Hash Batches": 1,"Peak Memory Usage": 57,"Workers": [],"Plans": [{"Node Type": "Hash Join","Parent Relationship": "Outer","Parallel Aware": false,"Async Capable": false,"Join Type": "Inner","Startup Cost": 1.40,"Total Cost": 354.10,"Plan Rows": 784,"Plan Width": 108,"Actual Startup Time": 0.080,"Actual Total Time": 9.118,"Actual Rows": 794,"Actual Loops": 3,"Inner Unique": true,"Hash Cond": "(supplier.s_nationkey = n1.n_nationkey)","Workers": [],"Plans": [{"Node Type": "Seq Scan","Parent Relationship": "Outer","Parallel Aware": false,"Async Capable": false,"Relation Name": "supplier","Alias": "supplier","Startup Cost": 0.00,"Total Cost": 322.00,"Plan Rows": 10000,"Plan Width": 8,"Actual Startup Time": 0.030,"Actual Total Time": 4.042,"Actual Rows": 10000,"Actual Loops": 3,"Workers": []},{"Node Type": "Hash","Parent Relationship": "Inner","Parallel Aware": false,"Async Capable": false,"Startup Cost": 1.38,"Total Cost": 1.38,"Plan Rows": 2,"Plan Width": 108,"Actual Startup Time": 0.018,"Actual Total Time": 0.024,"Actual Rows": 2,"Actual Loops": 3,"Hash Buckets": 1024,"Original Hash Buckets": 1024,"Hash Batches": 1,"Original Hash Batches": 1,"Peak Memory Usage": 9,"Workers": [],"Plans": [{"Node Type": "Seq Scan","Parent Relationship": "Outer","Parallel Aware": false,"Async Capable": false,"Relation Name": "nation","Alias": "n1","Startup Cost": 0.00,"Total Cost": 1.38,"Plan Rows": 2,"Plan Width": 108,"Actual Startup Time": 0.010,"Actual Total Time": 0.014,"Actual Rows": 2,"Actual Loops": 3,"Filter": "((n_name = 'MOROCCO'::bpchar) OR (n_name = 'PERU'::bpchar))","Rows Removed by Filter": 23,"Workers": []}]}]}]}]}]}]}]}]},"Planning Time": 8.900,"Triggers": [],"Execution Time": 959.344}]
[{"Plan": {"Node Type": "Aggregate","Strategy": "Sorted","Partial Mode": "Finalize","Parallel Aware": false,"Async Capable": false,"Startup Cost": 72556.41,"Total Cost": 73352.71,"Plan Rows": 5893,"Plan Width": 272,"Actual Startup Time": 945.335,"Actual Total Time": 990.135,"Actual Rows": 4,"Actual Loops": 1,"Group Key": ["n1.n_name", "n2.n_name", "(EXTRACT(year FROM lineitem.l_shipdate))"],"Plans": [{"Node Type": "Gather Merge","Parent Relationship": "Outer","Parallel Aware": false,"Async Capable": false,"Startup Cost": 72556.41,"Total Cost": 73202.94,"Plan Rows": 4910,"Plan Width": 272,"Actual Startup Time": 945.054,"Actual Total Time": 990.074,"Actual Rows": 12,"Actual Loops": 1,"Workers Planned": 2,"Workers Launched": 2,"Plans": [{"Node Type": "Aggregate","Strategy": "Sorted","Partial Mode": "Partial","Parent Relationship": "Outer","Parallel Aware": false,"Async Capable": false,"Startup Cost": 71556.39,"Total Cost": 71636.18,"Plan Rows": 2455,"Plan Width": 272,"Actual Startup Time": 937.309,"Actual Total Time": 937.965,"Actual Rows": 4,"Actual Loops": 3,"Group Key": ["n1.n_name", "n2.n_name", "(EXTRACT(year FROM lineitem.l_shipdate))"],"Workers": [],"Plans": [{"Node Type": "Sort","Parent Relationship": "Outer","Parallel Aware": false,"Async Capable": false,"Startup Cost": 71556.39,"Total Cost": 71562.53,"Plan Rows": 2455,"Plan Width": 252,"Actual Startup Time": 937.029,"Actual Total Time": 937.131,"Actual Rows": 1951,"Actual Loops": 3,"Sort Key": ["n1.n_name", "n2.n_name", "(EXTRACT(year FROM lineitem.l_shipdate))"],"Sort Method": "quicksort","Sort Space Used": 321,"Sort Space Type": "Memory","Workers": [{"Worker Number": 0,"Sort Method": "quicksort","Sort Space Used": 258,"Sort Space Type": "Memory"},{"Worker Number": 1,"Sort Method": "quicksort","Sort Space Used": 255,"Sort Space Type": "Memory"}],"Plans": [{"Node Type": "Hash Join","Parent Relationship": "Outer","Parallel Aware": false,"Async Capable": false,"Join Type": "Inner","Startup Cost": 366.16,"Total Cost": 71418.15,"Plan Rows": 2455,"Plan Width": 252,"Actual Startup Time": 11.180,"Actual Total Time": 935.219,"Actual Rows": 1951,"Actual Loops": 3,"Inner Unique": false,"Hash Cond": "(lineitem.l_suppkey = supplier.s_suppkey)","Join Filter": "(((n1.n_name = 'CANADA'::bpchar) AND (n2.n_name = 'UNITED STATES'::bpchar)) OR ((n1.n_name = 'UNITED STATES'::bpchar) AND (n2.n_name = 'CANADA'::bpchar)))","Rows Removed by Join Filter": 1986,"Workers": [],"Plans": [{"Node Type": "Nested Loop","Parent Relationship": "Outer","Parallel Aware": false,"Async Capable": false,"Join Type": "Inner","Startup Cost": 2.26,"Total Cost": 70727.78,"Plan Rows": 60250,"Plan Width": 124,"Actual Startup Time": 0.710,"Actual Total Time": 918.102,"Actual Rows": 48863,"Actual Loops": 3,"Inner Unique": false,"Workers": [],"Plans": [{"Node Type": "Nested Loop","Parent Relationship": "Outer","Parallel Aware": false,"Async Capable": false,"Join Type": "Inner","Startup Cost": 1.83,"Total Cost": 12400.01,"Plan Rows": 49000,"Plan Width": 108,"Actual Startup Time": 0.312,"Actual Total Time": 237.424,"Actual Rows": 40134,"Actual Loops": 3,"Inner Unique": false,"Workers": [],"Plans": [{"Node Type": "Hash Join","Parent Relationship": "Outer","Parallel Aware": false,"Async Capable": false,"Join Type": "Inner","Startup Cost": 1.40,"Total Cost": 4403.27,"Plan Rows": 4900,"Plan Width": 108,"Actual Startup Time": 0.197,"Actual Total Time": 48.226,"Actual Rows": 4001,"Actual Loops": 3,"Inner Unique": true,"Hash Cond": "(customer.c_nationkey = n2.n_nationkey)","Workers": [],"Plans": [{"Node Type": "Seq Scan","Parent Relationship": "Outer","Parallel Aware": true,"Async Capable": false,"Relation Name": "customer","Alias": "customer","Startup Cost": 0.00,"Total Cost": 4210.00,"Plan Rows": 62500,"Plan Width": 8,"Actual Startup Time": 0.016,"Actual Total Time": 9.710,"Actual Rows": 50000,"Actual Loops": 3,"Workers": []},{"Node Type": "Hash","Parent Relationship": "Inner","Parallel Aware": false,"Async Capable": false,"Startup Cost": 1.38,"Total Cost": 1.38,"Plan Rows": 2,"Plan Width": 108,"Actual Startup Time": 0.076,"Actual Total Time": 0.080,"Actual Rows": 2,"Actual Loops": 3,"Hash Buckets": 1024,"Original Hash Buckets": 1024,"Hash Batches": 1,"Original Hash Batches": 1,"Peak Memory Usage": 9,"Workers": [],"Plans": [{"Node Type": "Seq Scan","Parent Relationship": "Outer","Parallel Aware": false,"Async Capable": false,"Relation Name": "nation","Alias": "n2","Startup Cost": 0.00,"Total Cost": 1.38,"Plan Rows": 2,"Plan Width": 108,"Actual Startup Time": 0.056,"Actual Total Time": 0.064,"Actual Rows": 2,"Actual Loops": 3,"Filter": "((n_name = 'UNITED STATES'::bpchar) OR (n_name = 'CANADA'::bpchar))","Rows Removed by Filter": 23,"Workers": []}]}]},{"Node Type": "Index Scan","Parent Relationship": "Inner","Parallel Aware": false,"Async Capable": false,"Scan Direction": "Forward","Index Name": "idx_orders_custkey","Relation Name": "orders","Alias": "orders","Startup Cost": 0.43,"Total Cost": 1.46,"Plan Rows": 17,"Plan Width": 8,"Actual Startup Time": 0.007,"Actual Total Time": 0.046,"Actual Rows": 10,"Actual Loops": 12003,"Index Cond": "(o_custkey = customer.c_custkey)","Rows Removed by Index Recheck": 0,"Workers": []}]},{"Node Type": "Index Scan","Parent Relationship": "Inner","Parallel Aware": false,"Async Capable": false,"Scan Direction": "Forward","Index Name": "idx_lineitem_orderkey","Relation Name": "lineitem","Alias": "lineitem","Startup Cost": 0.43,"Total Cost": 1.14,"Plan Rows": 5,"Plan Width": 24,"Actual Startup Time": 0.016,"Actual Total Time": 0.017,"Actual Rows": 1,"Actual Loops": 120401,"Index Cond": "(l_orderkey = orders.o_orderkey)","Rows Removed by Index Recheck": 0,"Filter": "((l_shipdate >= '1995-01-01'::date) AND (l_shipdate <= '1996-12-31'::date))","Rows Removed by Filter": 3,"Workers": []}]},{"Node Type": "Hash","Parent Relationship": "Inner","Parallel Aware": false,"Async Capable": false,"Startup Cost": 354.10,"Total Cost": 354.10,"Plan Rows": 784,"Plan Width": 108,"Actual Startup Time": 9.643,"Actual Total Time": 9.656,"Actual Rows": 805,"Actual Loops": 3,"Hash Buckets": 1024,"Original Hash Buckets": 1024,"Hash Batches": 1,"Original Hash Batches": 1,"Peak Memory Usage": 57,"Workers": [],"Plans": [{"Node Type": "Hash Join","Parent Relationship": "Outer","Parallel Aware": false,"Async Capable": false,"Join Type": "Inner","Startup Cost": 1.40,"Total Cost": 354.10,"Plan Rows": 784,"Plan Width": 108,"Actual Startup Time": 0.112,"Actual Total Time": 9.447,"Actual Rows": 805,"Actual Loops": 3,"Inner Unique": true,"Hash Cond": "(supplier.s_nationkey = n1.n_nationkey)","Workers": [],"Plans": [{"Node Type": "Seq Scan","Parent Relationship": "Outer","Parallel Aware": false,"Async Capable": false,"Relation Name": "supplier","Alias": "supplier","Startup Cost": 0.00,"Total Cost": 322.00,"Plan Rows": 10000,"Plan Width": 8,"Actual Startup Time": 0.037,"Actual Total Time": 4.057,"Actual Rows": 10000,"Actual Loops": 3,"Workers": []},{"Node Type": "Hash","Parent Relationship": "Inner","Parallel Aware": false,"Async Capable": false,"Startup Cost": 1.38,"Total Cost": 1.38,"Plan Rows": 2,"Plan Width": 108,"Actual Startup Time": 0.027,"Actual Total Time": 0.032,"Actual Rows": 2,"Actual Loops": 3,"Hash Buckets": 1024,"Original Hash Buckets": 1024,"Hash Batches": 1,"Original Hash Batches": 1,"Peak Memory Usage": 9,"Workers": [],"Plans": [{"Node Type": "Seq Scan","Parent Relationship": "Outer","Parallel Aware": false,"Async Capable": false,"Relation Name": "nation","Alias": "n1","Startup Cost": 0.00,"Total Cost": 1.38,"Plan Rows": 2,"Plan Width": 108,"Actual Startup Time": 0.007,"Actual Total Time": 0.014,"Actual Rows": 2,"Actual Loops": 3,"Filter": "((n_name = 'CANADA'::bpchar) OR (n_name = 'UNITED STATES'::bpchar))","Rows Removed by Filter": 23,"Workers": []}]}]}]}]}]}]}]}]},"Planning Time": 9.773,"Triggers": [],"Execution Time": 990.662}]
[{"Plan": {"Node Type": "Aggregate","Strategy": "Sorted","Partial Mode": "Finalize","Parallel Aware": false,"Async Capable": false,"Startup Cost": 72556.41,"Total Cost": 73352.71,"Plan Rows": 5893,"Plan Width": 272,"Actual Startup Time": 907.506,"Actual Total Time": 951.213,"Actual Rows": 4,"Actual Loops": 1,"Group Key": ["n1.n_name", "n2.n_name", "(EXTRACT(year FROM lineitem.l_shipdate))"],"Plans": [{"Node Type": "Gather Merge","Parent Relationship": "Outer","Parallel Aware": false,"Async Capable": false,"Startup Cost": 72556.41,"Total Cost": 73202.94,"Plan Rows": 4910,"Plan Width": 272,"Actual Startup Time": 907.244,"Actual Total Time": 951.146,"Actual Rows": 12,"Actual Loops": 1,"Workers Planned": 2,"Workers Launched": 2,"Plans": [{"Node Type": "Aggregate","Strategy": "Sorted","Partial Mode": "Partial","Parent Relationship": "Outer","Parallel Aware": false,"Async Capable": false,"Startup Cost": 71556.39,"Total Cost": 71636.18,"Plan Rows": 2455,"Plan Width": 272,"Actual Startup Time": 899.520,"Actual Total Time": 900.170,"Actual Rows": 4,"Actual Loops": 3,"Group Key": ["n1.n_name", "n2.n_name", "(EXTRACT(year FROM lineitem.l_shipdate))"],"Workers": [],"Plans": [{"Node Type": "Sort","Parent Relationship": "Outer","Parallel Aware": false,"Async Capable": false,"Startup Cost": 71556.39,"Total Cost": 71562.53,"Plan Rows": 2455,"Plan Width": 252,"Actual Startup Time": 899.263,"Actual Total Time": 899.364,"Actual Rows": 1912,"Actual Loops": 3,"Sort Key": ["n1.n_name", "n2.n_name", "(EXTRACT(year FROM lineitem.l_shipdate))"],"Sort Method": "quicksort","Sort Space Used": 261,"Sort Space Type": "Memory","Workers": [{"Worker Number": 0,"Sort Method": "quicksort","Sort Space Used": 244,"Sort Space Type": "Memory"},{"Worker Number": 1,"Sort Method": "quicksort","Sort Space Used": 268,"Sort Space Type": "Memory"}],"Plans": [{"Node Type": "Hash Join","Parent Relationship": "Outer","Parallel Aware": false,"Async Capable": false,"Join Type": "Inner","Startup Cost": 366.16,"Total Cost": 71418.15,"Plan Rows": 2455,"Plan Width": 252,"Actual Startup Time": 9.407,"Actual Total Time": 897.514,"Actual Rows": 1912,"Actual Loops": 3,"Inner Unique": false,"Hash Cond": "(lineitem.l_suppkey = supplier.s_suppkey)","Join Filter": "(((n1.n_name = 'UNITED KINGDOM'::bpchar) AND (n2.n_name = 'GERMANY'::bpchar)) OR ((n1.n_name = 'GERMANY'::bpchar) AND (n2.n_name = 'UNITED KINGDOM'::bpchar)))","Rows Removed by Join Filter": 1925,"Workers": [],"Plans": [{"Node Type": "Nested Loop","Parent Relationship": "Outer","Parallel Aware": false,"Async Capable": false,"Join Type": "Inner","Startup Cost": 2.26,"Total Cost": 70727.78,"Plan Rows": 60250,"Plan Width": 124,"Actual Startup Time": 0.550,"Actual Total Time": 883.303,"Actual Rows": 48470,"Actual Loops": 3,"Inner Unique": false,"Workers": [],"Plans": [{"Node Type": "Nested Loop","Parent Relationship": "Outer","Parallel Aware": false,"Async Capable": false,"Join Type": "Inner","Startup Cost": 1.83,"Total Cost": 12400.01,"Plan Rows": 49000,"Plan Width": 108,"Actual Startup Time": 0.272,"Actual Total Time": 218.106,"Actual Rows": 39726,"Actual Loops": 3,"Inner Unique": false,"Workers": [],"Plans": [{"Node Type": "Hash Join","Parent Relationship": "Outer","Parallel Aware": false,"Async Capable": false,"Join Type": "Inner","Startup Cost": 1.40,"Total Cost": 4403.27,"Plan Rows": 4900,"Plan Width": 108,"Actual Startup Time": 0.161,"Actual Total Time": 42.298,"Actual Rows": 3973,"Actual Loops": 3,"Inner Unique": true,"Hash Cond": "(customer.c_nationkey = n2.n_nationkey)","Workers": [],"Plans": [{"Node Type": "Seq Scan","Parent Relationship": "Outer","Parallel Aware": true,"Async Capable": false,"Relation Name": "customer","Alias": "customer","Startup Cost": 0.00,"Total Cost": 4210.00,"Plan Rows": 62500,"Plan Width": 8,"Actual Startup Time": 0.015,"Actual Total Time": 8.861,"Actual Rows": 50000,"Actual Loops": 3,"Workers": []},{"Node Type": "Hash","Parent Relationship": "Inner","Parallel Aware": false,"Async Capable": false,"Startup Cost": 1.38,"Total Cost": 1.38,"Plan Rows": 2,"Plan Width": 108,"Actual Startup Time": 0.060,"Actual Total Time": 0.064,"Actual Rows": 2,"Actual Loops": 3,"Hash Buckets": 1024,"Original Hash Buckets": 1024,"Hash Batches": 1,"Original Hash Batches": 1,"Peak Memory Usage": 9,"Workers": [],"Plans": [{"Node Type": "Seq Scan","Parent Relationship": "Outer","Parallel Aware": false,"Async Capable": false,"Relation Name": "nation","Alias": "n2","Startup Cost": 0.00,"Total Cost": 1.38,"Plan Rows": 2,"Plan Width": 108,"Actual Startup Time": 0.039,"Actual Total Time": 0.045,"Actual Rows": 2,"Actual Loops": 3,"Filter": "((n_name = 'GERMANY'::bpchar) OR (n_name = 'UNITED KINGDOM'::bpchar))","Rows Removed by Filter": 23,"Workers": []}]}]},{"Node Type": "Index Scan","Parent Relationship": "Inner","Parallel Aware": false,"Async Capable": false,"Scan Direction": "Forward","Index Name": "idx_orders_custkey","Relation Name": "orders","Alias": "orders","Startup Cost": 0.43,"Total Cost": 1.46,"Plan Rows": 17,"Plan Width": 8,"Actual Startup Time": 0.007,"Actual Total Time": 0.043,"Actual Rows": 10,"Actual Loops": 11919,"Index Cond": "(o_custkey = customer.c_custkey)","Rows Removed by Index Recheck": 0,"Workers": []}]},{"Node Type": "Index Scan","Parent Relationship": "Inner","Parallel Aware": false,"Async Capable": false,"Scan Direction": "Forward","Index Name": "idx_lineitem_orderkey","Relation Name": "lineitem","Alias": "lineitem","Startup Cost": 0.43,"Total Cost": 1.14,"Plan Rows": 5,"Plan Width": 24,"Actual Startup Time": 0.016,"Actual Total Time": 0.016,"Actual Rows": 1,"Actual Loops": 119179,"Index Cond": "(l_orderkey = orders.o_orderkey)","Rows Removed by Index Recheck": 0,"Filter": "((l_shipdate >= '1995-01-01'::date) AND (l_shipdate <= '1996-12-31'::date))","Rows Removed by Filter": 3,"Workers": []}]},{"Node Type": "Hash","Parent Relationship": "Inner","Parallel Aware": false,"Async Capable": false,"Startup Cost": 354.10,"Total Cost": 354.10,"Plan Rows": 784,"Plan Width": 108,"Actual Startup Time": 7.252,"Actual Total Time": 7.268,"Actual Rows": 786,"Actual Loops": 3,"Hash Buckets": 1024,"Original Hash Buckets": 1024,"Hash Batches": 1,"Original Hash Batches": 1,"Peak Memory Usage": 56,"Workers": [],"Plans": [{"Node Type": "Hash Join","Parent Relationship": "Outer","Parallel Aware": false,"Async Capable": false,"Join Type": "Inner","Startup Cost": 1.40,"Total Cost": 354.10,"Plan Rows": 784,"Plan Width": 108,"Actual Startup Time": 0.086,"Actual Total Time": 7.069,"Actual Rows": 786,"Actual Loops": 3,"Inner Unique": true,"Hash Cond": "(supplier.s_nationkey = n1.n_nationkey)","Workers": [],"Plans": [{"Node Type": "Seq Scan","Parent Relationship": "Outer","Parallel Aware": false,"Async Capable": false,"Relation Name": "supplier","Alias": "supplier","Startup Cost": 0.00,"Total Cost": 322.00,"Plan Rows": 10000,"Plan Width": 8,"Actual Startup Time": 0.034,"Actual Total Time": 3.796,"Actual Rows": 10000,"Actual Loops": 3,"Workers": []},{"Node Type": "Hash","Parent Relationship": "Inner","Parallel Aware": false,"Async Capable": false,"Startup Cost": 1.38,"Total Cost": 1.38,"Plan Rows": 2,"Plan Width": 108,"Actual Startup Time": 0.017,"Actual Total Time": 0.022,"Actual Rows": 2,"Actual Loops": 3,"Hash Buckets": 1024,"Original Hash Buckets": 1024,"Hash Batches": 1,"Original Hash Batches": 1,"Peak Memory Usage": 9,"Workers": [],"Plans": [{"Node Type": "Seq Scan","Parent Relationship": "Outer","Parallel Aware": false,"Async Capable": false,"Relation Name": "nation","Alias": "n1","Startup Cost": 0.00,"Total Cost": 1.38,"Plan Rows": 2,"Plan Width": 108,"Actual Startup Time": 0.006,"Actual Total Time": 0.012,"Actual Rows": 2,"Actual Loops": 3,"Filter": "((n_name = 'UNITED KINGDOM'::bpchar) OR (n_name = 'GERMANY'::bpchar))","Rows Removed by Filter": 23,"Workers": []}]}]}]}]}]}]}]}]},"Planning Time": 8.982,"Triggers": [],"Execution Time": 951.831}]
[{"Plan": {"Node Type": "Aggregate","Strategy": "Sorted","Partial Mode": "Finalize","Parallel Aware": false,"Async Capable": false,"Startup Cost": 72556.41,"Total Cost": 73352.71,"Plan Rows": 5893,"Plan Width": 272,"Actual Startup Time": 941.340,"Actual Total Time": 999.641,"Actual Rows": 4,"Actual Loops": 1,"Group Key": ["n1.n_name", "n2.n_name", "(EXTRACT(year FROM lineitem.l_shipdate))"],"Plans": [{"Node Type": "Gather Merge","Parent Relationship": "Outer","Parallel Aware": false,"Async Capable": false,"Startup Cost": 72556.41,"Total Cost": 73202.94,"Plan Rows": 4910,"Plan Width": 272,"Actual Startup Time": 940.690,"Actual Total Time": 999.570,"Actual Rows": 12,"Actual Loops": 1,"Workers Planned": 2,"Workers Launched": 2,"Plans": [{"Node Type": "Aggregate","Strategy": "Sorted","Partial Mode": "Partial","Parent Relationship": "Outer","Parallel Aware": false,"Async Capable": false,"Startup Cost": 71556.39,"Total Cost": 71636.18,"Plan Rows": 2455,"Plan Width": 272,"Actual Startup Time": 932.137,"Actual Total Time": 932.952,"Actual Rows": 4,"Actual Loops": 3,"Group Key": ["n1.n_name", "n2.n_name", "(EXTRACT(year FROM lineitem.l_shipdate))"],"Workers": [],"Plans": [{"Node Type": "Sort","Parent Relationship": "Outer","Parallel Aware": false,"Async Capable": false,"Startup Cost": 71556.39,"Total Cost": 71562.53,"Plan Rows": 2455,"Plan Width": 252,"Actual Startup Time": 931.880,"Actual Total Time": 932.010,"Actual Rows": 2015,"Actual Loops": 3,"Sort Key": ["n1.n_name", "n2.n_name", "(EXTRACT(year FROM lineitem.l_shipdate))"],"Sort Method": "quicksort","Sort Space Used": 268,"Sort Space Type": "Memory","Workers": [{"Worker Number": 0,"Sort Method": "quicksort","Sort Space Used": 266,"Sort Space Type": "Memory"},{"Worker Number": 1,"Sort Method": "quicksort","Sort Space Used": 272,"Sort Space Type": "Memory"}],"Plans": [{"Node Type": "Hash Join","Parent Relationship": "Outer","Parallel Aware": false,"Async Capable": false,"Join Type": "Inner","Startup Cost": 366.16,"Total Cost": 71418.15,"Plan Rows": 2455,"Plan Width": 252,"Actual Startup Time": 10.410,"Actual Total Time": 930.098,"Actual Rows": 2015,"Actual Loops": 3,"Inner Unique": false,"Hash Cond": "(lineitem.l_suppkey = supplier.s_suppkey)","Join Filter": "(((n1.n_name = 'MOZAMBIQUE'::bpchar) AND (n2.n_name = 'VIETNAM'::bpchar)) OR ((n1.n_name = 'VIETNAM'::bpchar) AND (n2.n_name = 'MOZAMBIQUE'::bpchar)))","Rows Removed by Join Filter": 2000,"Workers": [],"Plans": [{"Node Type": "Nested Loop","Parent Relationship": "Outer","Parallel Aware": false,"Async Capable": false,"Join Type": "Inner","Startup Cost": 2.26,"Total Cost": 70727.78,"Plan Rows": 60250,"Plan Width": 124,"Actual Startup Time": 0.570,"Actual Total Time": 914.419,"Actual Rows": 49306,"Actual Loops": 3,"Inner Unique": false,"Workers": [],"Plans": [{"Node Type": "Nested Loop","Parent Relationship": "Outer","Parallel Aware": false,"Async Capable": false,"Join Type": "Inner","Startup Cost": 1.83,"Total Cost": 12400.01,"Plan Rows": 49000,"Plan Width": 108,"Actual Startup Time": 0.278,"Actual Total Time": 229.744,"Actual Rows": 40538,"Actual Loops": 3,"Inner Unique": false,"Workers": [],"Plans": [{"Node Type": "Hash Join","Parent Relationship": "Outer","Parallel Aware": false,"Async Capable": false,"Join Type": "Inner","Startup Cost": 1.40,"Total Cost": 4403.27,"Plan Rows": 4900,"Plan Width": 108,"Actual Startup Time": 0.169,"Actual Total Time": 47.304,"Actual Rows": 3994,"Actual Loops": 3,"Inner Unique": true,"Hash Cond": "(customer.c_nationkey = n2.n_nationkey)","Workers": [],"Plans": [{"Node Type": "Seq Scan","Parent Relationship": "Outer","Parallel Aware": true,"Async Capable": false,"Relation Name": "customer","Alias": "customer","Startup Cost": 0.00,"Total Cost": 4210.00,"Plan Rows": 62500,"Plan Width": 8,"Actual Startup Time": 0.016,"Actual Total Time": 9.575,"Actual Rows": 50000,"Actual Loops": 3,"Workers": []},{"Node Type": "Hash","Parent Relationship": "Inner","Parallel Aware": false,"Async Capable": false,"Startup Cost": 1.38,"Total Cost": 1.38,"Plan Rows": 2,"Plan Width": 108,"Actual Startup Time": 0.076,"Actual Total Time": 0.083,"Actual Rows": 2,"Actual Loops": 3,"Hash Buckets": 1024,"Original Hash Buckets": 1024,"Hash Batches": 1,"Original Hash Batches": 1,"Peak Memory Usage": 9,"Workers": [],"Plans": [{"Node Type": "Seq Scan","Parent Relationship": "Outer","Parallel Aware": false,"Async Capable": false,"Relation Name": "nation","Alias": "n2","Startup Cost": 0.00,"Total Cost": 1.38,"Plan Rows": 2,"Plan Width": 108,"Actual Startup Time": 0.059,"Actual Total Time": 0.063,"Actual Rows": 2,"Actual Loops": 3,"Filter": "((n_name = 'VIETNAM'::bpchar) OR (n_name = 'MOZAMBIQUE'::bpchar))","Rows Removed by Filter": 23,"Workers": []}]}]},{"Node Type": "Index Scan","Parent Relationship": "Inner","Parallel Aware": false,"Async Capable": false,"Scan Direction": "Forward","Index Name": "idx_orders_custkey","Relation Name": "orders","Alias": "orders","Startup Cost": 0.43,"Total Cost": 1.46,"Plan Rows": 17,"Plan Width": 8,"Actual Startup Time": 0.007,"Actual Total Time": 0.044,"Actual Rows": 10,"Actual Loops": 11982,"Index Cond": "(o_custkey = customer.c_custkey)","Rows Removed by Index Recheck": 0,"Workers": []}]},{"Node Type": "Index Scan","Parent Relationship": "Inner","Parallel Aware": false,"Async Capable": false,"Scan Direction": "Forward","Index Name": "idx_lineitem_orderkey","Relation Name": "lineitem","Alias": "lineitem","Startup Cost": 0.43,"Total Cost": 1.14,"Plan Rows": 5,"Plan Width": 24,"Actual Startup Time": 0.016,"Actual Total Time": 0.017,"Actual Rows": 1,"Actual Loops": 121614,"Index Cond": "(l_orderkey = orders.o_orderkey)","Rows Removed by Index Recheck": 0,"Filter": "((l_shipdate >= '1995-01-01'::date) AND (l_shipdate <= '1996-12-31'::date))","Rows Removed by Filter": 3,"Workers": []}]},{"Node Type": "Hash","Parent Relationship": "Inner","Parallel Aware": false,"Async Capable": false,"Startup Cost": 354.10,"Total Cost": 354.10,"Plan Rows": 784,"Plan Width": 108,"Actual Startup Time": 8.466,"Actual Total Time": 8.482,"Actual Rows": 805,"Actual Loops": 3,"Hash Buckets": 1024,"Original Hash Buckets": 1024,"Hash Batches": 1,"Original Hash Batches": 1,"Peak Memory Usage": 57,"Workers": [],"Plans": [{"Node Type": "Hash Join","Parent Relationship": "Outer","Parallel Aware": false,"Async Capable": false,"Join Type": "Inner","Startup Cost": 1.40,"Total Cost": 354.10,"Plan Rows": 784,"Plan Width": 108,"Actual Startup Time": 0.073,"Actual Total Time": 8.258,"Actual Rows": 805,"Actual Loops": 3,"Inner Unique": true,"Hash Cond": "(supplier.s_nationkey = n1.n_nationkey)","Workers": [],"Plans": [{"Node Type": "Seq Scan","Parent Relationship": "Outer","Parallel Aware": false,"Async Capable": false,"Relation Name": "supplier","Alias": "supplier","Startup Cost": 0.00,"Total Cost": 322.00,"Plan Rows": 10000,"Plan Width": 8,"Actual Startup Time": 0.024,"Actual Total Time": 4.448,"Actual Rows": 10000,"Actual Loops": 3,"Workers": []},{"Node Type": "Hash","Parent Relationship": "Inner","Parallel Aware": false,"Async Capable": false,"Startup Cost": 1.38,"Total Cost": 1.38,"Plan Rows": 2,"Plan Width": 108,"Actual Startup Time": 0.015,"Actual Total Time": 0.021,"Actual Rows": 2,"Actual Loops": 3,"Hash Buckets": 1024,"Original Hash Buckets": 1024,"Hash Batches": 1,"Original Hash Batches": 1,"Peak Memory Usage": 9,"Workers": [],"Plans": [{"Node Type": "Seq Scan","Parent Relationship": "Outer","Parallel Aware": false,"Async Capable": false,"Relation Name": "nation","Alias": "n1","Startup Cost": 0.00,"Total Cost": 1.38,"Plan Rows": 2,"Plan Width": 108,"Actual Startup Time": 0.007,"Actual Total Time": 0.011,"Actual Rows": 2,"Actual Loops": 3,"Filter": "((n_name = 'MOZAMBIQUE'::bpchar) OR (n_name = 'VIETNAM'::bpchar))","Rows Removed by Filter": 23,"Workers": []}]}]}]}]}]}]}]}]},"Planning Time": 8.707,"Triggers": [],"Execution Time": 1000.153}]
[{"Plan": {"Node Type": "Aggregate","Strategy": "Sorted","Partial Mode": "Finalize","Parallel Aware": false,"Async Capable": false,"Startup Cost": 72556.41,"Total Cost": 73352.71,"Plan Rows": 5893,"Plan Width": 272,"Actual Startup Time": 931.883,"Actual Total Time": 977.796,"Actual Rows": 4,"Actual Loops": 1,"Group Key": ["n1.n_name", "n2.n_name", "(EXTRACT(year FROM lineitem.l_shipdate))"],"Plans": [{"Node Type": "Gather Merge","Parent Relationship": "Outer","Parallel Aware": false,"Async Capable": false,"Startup Cost": 72556.41,"Total Cost": 73202.94,"Plan Rows": 4910,"Plan Width": 272,"Actual Startup Time": 931.304,"Actual Total Time": 977.732,"Actual Rows": 12,"Actual Loops": 1,"Workers Planned": 2,"Workers Launched": 2,"Plans": [{"Node Type": "Aggregate","Strategy": "Sorted","Partial Mode": "Partial","Parent Relationship": "Outer","Parallel Aware": false,"Async Capable": false,"Startup Cost": 71556.39,"Total Cost": 71636.18,"Plan Rows": 2455,"Plan Width": 272,"Actual Startup Time": 923.456,"Actual Total Time": 924.256,"Actual Rows": 4,"Actual Loops": 3,"Group Key": ["n1.n_name", "n2.n_name", "(EXTRACT(year FROM lineitem.l_shipdate))"],"Workers": [],"Plans": [{"Node Type": "Sort","Parent Relationship": "Outer","Parallel Aware": false,"Async Capable": false,"Startup Cost": 71556.39,"Total Cost": 71562.53,"Plan Rows": 2455,"Plan Width": 252,"Actual Startup Time": 923.203,"Actual Total Time": 923.316,"Actual Rows": 1929,"Actual Loops": 3,"Sort Key": ["n1.n_name", "n2.n_name", "(EXTRACT(year FROM lineitem.l_shipdate))"],"Sort Method": "quicksort","Sort Space Used": 272,"Sort Space Type": "Memory","Workers": [{"Worker Number": 0,"Sort Method": "quicksort","Sort Space Used": 261,"Sort Space Type": "Memory"},{"Worker Number": 1,"Sort Method": "quicksort","Sort Space Used": 246,"Sort Space Type": "Memory"}],"Plans": [{"Node Type": "Hash Join","Parent Relationship": "Outer","Parallel Aware": false,"Async Capable": false,"Join Type": "Inner","Startup Cost": 366.16,"Total Cost": 71418.15,"Plan Rows": 2455,"Plan Width": 252,"Actual Startup Time": 14.069,"Actual Total Time": 921.477,"Actual Rows": 1929,"Actual Loops": 3,"Inner Unique": false,"Hash Cond": "(lineitem.l_suppkey = supplier.s_suppkey)","Join Filter": "(((n1.n_name = 'INDONESIA'::bpchar) AND (n2.n_name = 'JAPAN'::bpchar)) OR ((n1.n_name = 'JAPAN'::bpchar) AND (n2.n_name = 'INDONESIA'::bpchar)))","Rows Removed by Join Filter": 1925,"Workers": [],"Plans": [{"Node Type": "Nested Loop","Parent Relationship": "Outer","Parallel Aware": false,"Async Capable": false,"Join Type": "Inner","Startup Cost": 2.26,"Total Cost": 70727.78,"Plan Rows": 60250,"Plan Width": 124,"Actual Startup Time": 0.463,"Actual Total Time": 902.557,"Actual Rows": 49230,"Actual Loops": 3,"Inner Unique": false,"Workers": [],"Plans": [{"Node Type": "Nested Loop","Parent Relationship": "Outer","Parallel Aware": false,"Async Capable": false,"Join Type": "Inner","Startup Cost": 1.83,"Total Cost": 12400.01,"Plan Rows": 49000,"Plan Width": 108,"Actual Startup Time": 0.260,"Actual Total Time": 223.973,"Actual Rows": 40261,"Actual Loops": 3,"Inner Unique": false,"Workers": [],"Plans": [{"Node Type": "Hash Join","Parent Relationship": "Outer","Parallel Aware": false,"Async Capable": false,"Join Type": "Inner","Startup Cost": 1.40,"Total Cost": 4403.27,"Plan Rows": 4900,"Plan Width": 108,"Actual Startup Time": 0.151,"Actual Total Time": 44.033,"Actual Rows": 4036,"Actual Loops": 3,"Inner Unique": true,"Hash Cond": "(customer.c_nationkey = n2.n_nationkey)","Workers": [],"Plans": [{"Node Type": "Seq Scan","Parent Relationship": "Outer","Parallel Aware": true,"Async Capable": false,"Relation Name": "customer","Alias": "customer","Startup Cost": 0.00,"Total Cost": 4210.00,"Plan Rows": 62500,"Plan Width": 8,"Actual Startup Time": 0.011,"Actual Total Time": 9.210,"Actual Rows": 50000,"Actual Loops": 3,"Workers": []},{"Node Type": "Hash","Parent Relationship": "Inner","Parallel Aware": false,"Async Capable": false,"Startup Cost": 1.38,"Total Cost": 1.38,"Plan Rows": 2,"Plan Width": 108,"Actual Startup Time": 0.072,"Actual Total Time": 0.077,"Actual Rows": 2,"Actual Loops": 3,"Hash Buckets": 1024,"Original Hash Buckets": 1024,"Hash Batches": 1,"Original Hash Batches": 1,"Peak Memory Usage": 9,"Workers": [],"Plans": [{"Node Type": "Seq Scan","Parent Relationship": "Outer","Parallel Aware": false,"Async Capable": false,"Relation Name": "nation","Alias": "n2","Startup Cost": 0.00,"Total Cost": 1.38,"Plan Rows": 2,"Plan Width": 108,"Actual Startup Time": 0.054,"Actual Total Time": 0.058,"Actual Rows": 2,"Actual Loops": 3,"Filter": "((n_name = 'JAPAN'::bpchar) OR (n_name = 'INDONESIA'::bpchar))","Rows Removed by Filter": 23,"Workers": []}]}]},{"Node Type": "Index Scan","Parent Relationship": "Inner","Parallel Aware": false,"Async Capable": false,"Scan Direction": "Forward","Index Name": "idx_orders_custkey","Relation Name": "orders","Alias": "orders","Startup Cost": 0.43,"Total Cost": 1.46,"Plan Rows": 17,"Plan Width": 8,"Actual Startup Time": 0.007,"Actual Total Time": 0.043,"Actual Rows": 10,"Actual Loops": 12109,"Index Cond": "(o_custkey = customer.c_custkey)","Rows Removed by Index Recheck": 0,"Workers": []}]},{"Node Type": "Index Scan","Parent Relationship": "Inner","Parallel Aware": false,"Async Capable": false,"Scan Direction": "Forward","Index Name": "idx_lineitem_orderkey","Relation Name": "lineitem","Alias": "lineitem","Startup Cost": 0.43,"Total Cost": 1.14,"Plan Rows": 5,"Plan Width": 24,"Actual Startup Time": 0.016,"Actual Total Time": 0.017,"Actual Rows": 1,"Actual Loops": 120782,"Index Cond": "(l_orderkey = orders.o_orderkey)","Rows Removed by Index Recheck": 0,"Filter": "((l_shipdate >= '1995-01-01'::date) AND (l_shipdate <= '1996-12-31'::date))","Rows Removed by Filter": 3,"Workers": []}]},{"Node Type": "Hash","Parent Relationship": "Inner","Parallel Aware": false,"Async Capable": false,"Startup Cost": 354.10,"Total Cost": 354.10,"Plan Rows": 784,"Plan Width": 108,"Actual Startup Time": 11.861,"Actual Total Time": 11.868,"Actual Rows": 782,"Actual Loops": 3,"Hash Buckets": 1024,"Original Hash Buckets": 1024,"Hash Batches": 1,"Original Hash Batches": 1,"Peak Memory Usage": 56,"Workers": [],"Plans": [{"Node Type": "Hash Join","Parent Relationship": "Outer","Parallel Aware": false,"Async Capable": false,"Join Type": "Inner","Startup Cost": 1.40,"Total Cost": 354.10,"Plan Rows": 784,"Plan Width": 108,"Actual Startup Time": 0.084,"Actual Total Time": 11.671,"Actual Rows": 782,"Actual Loops": 3,"Inner Unique": true,"Hash Cond": "(supplier.s_nationkey = n1.n_nationkey)","Workers": [],"Plans": [{"Node Type": "Seq Scan","Parent Relationship": "Outer","Parallel Aware": false,"Async Capable": false,"Relation Name": "supplier","Alias": "supplier","Startup Cost": 0.00,"Total Cost": 322.00,"Plan Rows": 10000,"Plan Width": 8,"Actual Startup Time": 0.032,"Actual Total Time": 4.825,"Actual Rows": 10000,"Actual Loops": 3,"Workers": []},{"Node Type": "Hash","Parent Relationship": "Inner","Parallel Aware": false,"Async Capable": false,"Startup Cost": 1.38,"Total Cost": 1.38,"Plan Rows": 2,"Plan Width": 108,"Actual Startup Time": 0.014,"Actual Total Time": 0.018,"Actual Rows": 2,"Actual Loops": 3,"Hash Buckets": 1024,"Original Hash Buckets": 1024,"Hash Batches": 1,"Original Hash Batches": 1,"Peak Memory Usage": 9,"Workers": [],"Plans": [{"Node Type": "Seq Scan","Parent Relationship": "Outer","Parallel Aware": false,"Async Capable": false,"Relation Name": "nation","Alias": "n1","Startup Cost": 0.00,"Total Cost": 1.38,"Plan Rows": 2,"Plan Width": 108,"Actual Startup Time": 0.006,"Actual Total Time": 0.010,"Actual Rows": 2,"Actual Loops": 3,"Filter": "((n_name = 'INDONESIA'::bpchar) OR (n_name = 'JAPAN'::bpchar))","Rows Removed by Filter": 23,"Workers": []}]}]}]}]}]}]}]}]},"Planning Time": 8.848,"Triggers": [],"Execution Time": 978.201}]
[{"Plan": {"Node Type": "Aggregate","Strategy": "Sorted","Partial Mode": "Finalize","Parallel Aware": false,"Async Capable": false,"Startup Cost": 72556.41,"Total Cost": 73352.71,"Plan Rows": 5893,"Plan Width": 272,"Actual Startup Time": 934.278,"Actual Total Time": 979.211,"Actual Rows": 4,"Actual Loops": 1,"Group Key": ["n1.n_name", "n2.n_name", "(EXTRACT(year FROM lineitem.l_shipdate))"],"Plans": [{"Node Type": "Gather Merge","Parent Relationship": "Outer","Parallel Aware": false,"Async Capable": false,"Startup Cost": 72556.41,"Total Cost": 73202.94,"Plan Rows": 4910,"Plan Width": 272,"Actual Startup Time": 933.619,"Actual Total Time": 979.128,"Actual Rows": 12,"Actual Loops": 1,"Workers Planned": 2,"Workers Launched": 2,"Plans": [{"Node Type": "Aggregate","Strategy": "Sorted","Partial Mode": "Partial","Parent Relationship": "Outer","Parallel Aware": false,"Async Capable": false,"Startup Cost": 71556.39,"Total Cost": 71636.18,"Plan Rows": 2455,"Plan Width": 272,"Actual Startup Time": 925.688,"Actual Total Time": 926.482,"Actual Rows": 4,"Actual Loops": 3,"Group Key": ["n1.n_name", "n2.n_name", "(EXTRACT(year FROM lineitem.l_shipdate))"],"Workers": [],"Plans": [{"Node Type": "Sort","Parent Relationship": "Outer","Parallel Aware": false,"Async Capable": false,"Startup Cost": 71556.39,"Total Cost": 71562.53,"Plan Rows": 2455,"Plan Width": 252,"Actual Startup Time": 925.400,"Actual Total Time": 925.512,"Actual Rows": 1944,"Actual Loops": 3,"Sort Key": ["n1.n_name", "n2.n_name", "(EXTRACT(year FROM lineitem.l_shipdate))"],"Sort Method": "quicksort","Sort Space Used": 261,"Sort Space Type": "Memory","Workers": [{"Worker Number": 0,"Sort Method": "quicksort","Sort Space Used": 259,"Sort Space Type": "Memory"},{"Worker Number": 1,"Sort Method": "quicksort","Sort Space Used": 264,"Sort Space Type": "Memory"}],"Plans": [{"Node Type": "Hash Join","Parent Relationship": "Outer","Parallel Aware": false,"Async Capable": false,"Join Type": "Inner","Startup Cost": 366.16,"Total Cost": 71418.15,"Plan Rows": 2455,"Plan Width": 252,"Actual Startup Time": 12.970,"Actual Total Time": 923.501,"Actual Rows": 1944,"Actual Loops": 3,"Inner Unique": false,"Hash Cond": "(lineitem.l_suppkey = supplier.s_suppkey)","Join Filter": "(((n1.n_name = 'JORDAN'::bpchar) AND (n2.n_name = 'CANADA'::bpchar)) OR ((n1.n_name = 'CANADA'::bpchar) AND (n2.n_name = 'JORDAN'::bpchar)))","Rows Removed by Join Filter": 1908,"Workers": [],"Plans": [{"Node Type": "Nested Loop","Parent Relationship": "Outer","Parallel Aware": false,"Async Capable": false,"Join Type": "Inner","Startup Cost": 2.26,"Total Cost": 70727.78,"Plan Rows": 60250,"Plan Width": 124,"Actual Startup Time": 0.566,"Actual Total Time": 905.028,"Actual Rows": 49305,"Actual Loops": 3,"Inner Unique": false,"Workers": [],"Plans": [{"Node Type": "Nested Loop","Parent Relationship": "Outer","Parallel Aware": false,"Async Capable": false,"Join Type": "Inner","Startup Cost": 1.83,"Total Cost": 12400.01,"Plan Rows": 49000,"Plan Width": 108,"Actual Startup Time": 0.346,"Actual Total Time": 223.573,"Actual Rows": 40405,"Actual Loops": 3,"Inner Unique": false,"Workers": [],"Plans": [{"Node Type": "Hash Join","Parent Relationship": "Outer","Parallel Aware": false,"Async Capable": false,"Join Type": "Inner","Startup Cost": 1.40,"Total Cost": 4403.27,"Plan Rows": 4900,"Plan Width": 108,"Actual Startup Time": 0.222,"Actual Total Time": 43.837,"Actual Rows": 4018,"Actual Loops": 3,"Inner Unique": true,"Hash Cond": "(customer.c_nationkey = n2.n_nationkey)","Workers": [],"Plans": [{"Node Type": "Seq Scan","Parent Relationship": "Outer","Parallel Aware": true,"Async Capable": false,"Relation Name": "customer","Alias": "customer","Startup Cost": 0.00,"Total Cost": 4210.00,"Plan Rows": 62500,"Plan Width": 8,"Actual Startup Time": 0.020,"Actual Total Time": 8.921,"Actual Rows": 50000,"Actual Loops": 3,"Workers": []},{"Node Type": "Hash","Parent Relationship": "Inner","Parallel Aware": false,"Async Capable": false,"Startup Cost": 1.38,"Total Cost": 1.38,"Plan Rows": 2,"Plan Width": 108,"Actual Startup Time": 0.082,"Actual Total Time": 0.087,"Actual Rows": 2,"Actual Loops": 3,"Hash Buckets": 1024,"Original Hash Buckets": 1024,"Hash Batches": 1,"Original Hash Batches": 1,"Peak Memory Usage": 9,"Workers": [],"Plans": [{"Node Type": "Seq Scan","Parent Relationship": "Outer","Parallel Aware": false,"Async Capable": false,"Relation Name": "nation","Alias": "n2","Startup Cost": 0.00,"Total Cost": 1.38,"Plan Rows": 2,"Plan Width": 108,"Actual Startup Time": 0.060,"Actual Total Time": 0.070,"Actual Rows": 2,"Actual Loops": 3,"Filter": "((n_name = 'CANADA'::bpchar) OR (n_name = 'JORDAN'::bpchar))","Rows Removed by Filter": 23,"Workers": []}]}]},{"Node Type": "Index Scan","Parent Relationship": "Inner","Parallel Aware": false,"Async Capable": false,"Scan Direction": "Forward","Index Name": "idx_orders_custkey","Relation Name": "orders","Alias": "orders","Startup Cost": 0.43,"Total Cost": 1.46,"Plan Rows": 17,"Plan Width": 8,"Actual Startup Time": 0.007,"Actual Total Time": 0.043,"Actual Rows": 10,"Actual Loops": 12053,"Index Cond": "(o_custkey = customer.c_custkey)","Rows Removed by Index Recheck": 0,"Workers": []}]},{"Node Type": "Index Scan","Parent Relationship": "Inner","Parallel Aware": false,"Async Capable": false,"Scan Direction": "Forward","Index Name": "idx_lineitem_orderkey","Relation Name": "lineitem","Alias": "lineitem","Startup Cost": 0.43,"Total Cost": 1.14,"Plan Rows": 5,"Plan Width": 24,"Actual Startup Time": 0.016,"Actual Total Time": 0.017,"Actual Rows": 1,"Actual Loops": 121216,"Index Cond": "(l_orderkey = orders.o_orderkey)","Rows Removed by Index Recheck": 0,"Filter": "((l_shipdate >= '1995-01-01'::date) AND (l_shipdate <= '1996-12-31'::date))","Rows Removed by Filter": 3,"Workers": []}]},{"Node Type": "Hash","Parent Relationship": "Inner","Parallel Aware": false,"Async Capable": false,"Startup Cost": 354.10,"Total Cost": 354.10,"Plan Rows": 784,"Plan Width": 108,"Actual Startup Time": 11.333,"Actual Total Time": 11.348,"Actual Rows": 774,"Actual Loops": 3,"Hash Buckets": 1024,"Original Hash Buckets": 1024,"Hash Batches": 1,"Original Hash Batches": 1,"Peak Memory Usage": 55,"Workers": [],"Plans": [{"Node Type": "Hash Join","Parent Relationship": "Outer","Parallel Aware": false,"Async Capable": false,"Join Type": "Inner","Startup Cost": 1.40,"Total Cost": 354.10,"Plan Rows": 784,"Plan Width": 108,"Actual Startup Time": 0.103,"Actual Total Time": 11.156,"Actual Rows": 774,"Actual Loops": 3,"Inner Unique": true,"Hash Cond": "(supplier.s_nationkey = n1.n_nationkey)","Workers": [],"Plans": [{"Node Type": "Seq Scan","Parent Relationship": "Outer","Parallel Aware": false,"Async Capable": false,"Relation Name": "supplier","Alias": "supplier","Startup Cost": 0.00,"Total Cost": 322.00,"Plan Rows": 10000,"Plan Width": 8,"Actual Startup Time": 0.041,"Actual Total Time": 4.724,"Actual Rows": 10000,"Actual Loops": 3,"Workers": []},{"Node Type": "Hash","Parent Relationship": "Inner","Parallel Aware": false,"Async Capable": false,"Startup Cost": 1.38,"Total Cost": 1.38,"Plan Rows": 2,"Plan Width": 108,"Actual Startup Time": 0.021,"Actual Total Time": 0.025,"Actual Rows": 2,"Actual Loops": 3,"Hash Buckets": 1024,"Original Hash Buckets": 1024,"Hash Batches": 1,"Original Hash Batches": 1,"Peak Memory Usage": 9,"Workers": [],"Plans": [{"Node Type": "Seq Scan","Parent Relationship": "Outer","Parallel Aware": false,"Async Capable": false,"Relation Name": "nation","Alias": "n1","Startup Cost": 0.00,"Total Cost": 1.38,"Plan Rows": 2,"Plan Width": 108,"Actual Startup Time": 0.006,"Actual Total Time": 0.013,"Actual Rows": 2,"Actual Loops": 3,"Filter": "((n_name = 'JORDAN'::bpchar) OR (n_name = 'CANADA'::bpchar))","Rows Removed by Filter": 23,"Workers": []}]}]}]}]}]}]}]}]},"Planning Time": 9.273,"Triggers": [],"Execution Time": 979.637}]
[{"Plan": {"Node Type": "Aggregate","Strategy": "Sorted","Partial Mode": "Finalize","Parallel Aware": false,"Async Capable": false,"Startup Cost": 72556.41,"Total Cost": 73352.71,"Plan Rows": 5893,"Plan Width": 272,"Actual Startup Time": 914.728,"Actual Total Time": 959.734,"Actual Rows": 4,"Actual Loops": 1,"Group Key": ["n1.n_name", "n2.n_name", "(EXTRACT(year FROM lineitem.l_shipdate))"],"Plans": [{"Node Type": "Gather Merge","Parent Relationship": "Outer","Parallel Aware": false,"Async Capable": false,"Startup Cost": 72556.41,"Total Cost": 73202.94,"Plan Rows": 4910,"Plan Width": 272,"Actual Startup Time": 914.433,"Actual Total Time": 959.669,"Actual Rows": 12,"Actual Loops": 1,"Workers Planned": 2,"Workers Launched": 2,"Plans": [{"Node Type": "Aggregate","Strategy": "Sorted","Partial Mode": "Partial","Parent Relationship": "Outer","Parallel Aware": false,"Async Capable": false,"Startup Cost": 71556.39,"Total Cost": 71636.18,"Plan Rows": 2455,"Plan Width": 272,"Actual Startup Time": 906.345,"Actual Total Time": 907.030,"Actual Rows": 4,"Actual Loops": 3,"Group Key": ["n1.n_name", "n2.n_name", "(EXTRACT(year FROM lineitem.l_shipdate))"],"Workers": [],"Plans": [{"Node Type": "Sort","Parent Relationship": "Outer","Parallel Aware": false,"Async Capable": false,"Startup Cost": 71556.39,"Total Cost": 71562.53,"Plan Rows": 2455,"Plan Width": 252,"Actual Startup Time": 906.046,"Actual Total Time": 906.154,"Actual Rows": 1880,"Actual Loops": 3,"Sort Key": ["n1.n_name", "n2.n_name", "(EXTRACT(year FROM lineitem.l_shipdate))"],"Sort Method": "quicksort","Sort Space Used": 268,"Sort Space Type": "Memory","Workers": [{"Worker Number": 0,"Sort Method": "quicksort","Sort Space Used": 250,"Sort Space Type": "Memory"},{"Worker Number": 1,"Sort Method": "quicksort","Sort Space Used": 244,"Sort Space Type": "Memory"}],"Plans": [{"Node Type": "Hash Join","Parent Relationship": "Outer","Parallel Aware": false,"Async Capable": false,"Join Type": "Inner","Startup Cost": 366.16,"Total Cost": 71418.15,"Plan Rows": 2455,"Plan Width": 252,"Actual Startup Time": 13.031,"Actual Total Time": 904.294,"Actual Rows": 1880,"Actual Loops": 3,"Inner Unique": false,"Hash Cond": "(lineitem.l_suppkey = supplier.s_suppkey)","Join Filter": "(((n1.n_name = 'JORDAN'::bpchar) AND (n2.n_name = 'ALGERIA'::bpchar)) OR ((n1.n_name = 'ALGERIA'::bpchar) AND (n2.n_name = 'JORDAN'::bpchar)))","Rows Removed by Join Filter": 1926,"Workers": [],"Plans": [{"Node Type": "Nested Loop","Parent Relationship": "Outer","Parallel Aware": false,"Async Capable": false,"Join Type": "Inner","Startup Cost": 2.26,"Total Cost": 70727.78,"Plan Rows": 60250,"Plan Width": 124,"Actual Startup Time": 0.563,"Actual Total Time": 884.906,"Actual Rows": 48991,"Actual Loops": 3,"Inner Unique": false,"Workers": [],"Plans": [{"Node Type": "Nested Loop","Parent Relationship": "Outer","Parallel Aware": false,"Async Capable": false,"Join Type": "Inner","Startup Cost": 1.83,"Total Cost": 12400.01,"Plan Rows": 49000,"Plan Width": 108,"Actual Startup Time": 0.250,"Actual Total Time": 218.740,"Actual Rows": 40119,"Actual Loops": 3,"Inner Unique": false,"Workers": [],"Plans": [{"Node Type": "Hash Join","Parent Relationship": "Outer","Parallel Aware": false,"Async Capable": false,"Join Type": "Inner","Startup Cost": 1.40,"Total Cost": 4403.27,"Plan Rows": 4900,"Plan Width": 108,"Actual Startup Time": 0.152,"Actual Total Time": 42.812,"Actual Rows": 3986,"Actual Loops": 3,"Inner Unique": true,"Hash Cond": "(customer.c_nationkey = n2.n_nationkey)","Workers": [],"Plans": [{"Node Type": "Seq Scan","Parent Relationship": "Outer","Parallel Aware": true,"Async Capable": false,"Relation Name": "customer","Alias": "customer","Startup Cost": 0.00,"Total Cost": 4210.00,"Plan Rows": 62500,"Plan Width": 8,"Actual Startup Time": 0.017,"Actual Total Time": 9.155,"Actual Rows": 50000,"Actual Loops": 3,"Workers": []},{"Node Type": "Hash","Parent Relationship": "Inner","Parallel Aware": false,"Async Capable": false,"Startup Cost": 1.38,"Total Cost": 1.38,"Plan Rows": 2,"Plan Width": 108,"Actual Startup Time": 0.065,"Actual Total Time": 0.072,"Actual Rows": 2,"Actual Loops": 3,"Hash Buckets": 1024,"Original Hash Buckets": 1024,"Hash Batches": 1,"Original Hash Batches": 1,"Peak Memory Usage": 9,"Workers": [],"Plans": [{"Node Type": "Seq Scan","Parent Relationship": "Outer","Parallel Aware": false,"Async Capable": false,"Relation Name": "nation","Alias": "n2","Startup Cost": 0.00,"Total Cost": 1.38,"Plan Rows": 2,"Plan Width": 108,"Actual Startup Time": 0.046,"Actual Total Time": 0.056,"Actual Rows": 2,"Actual Loops": 3,"Filter": "((n_name = 'ALGERIA'::bpchar) OR (n_name = 'JORDAN'::bpchar))","Rows Removed by Filter": 23,"Workers": []}]}]},{"Node Type": "Index Scan","Parent Relationship": "Inner","Parallel Aware": false,"Async Capable": false,"Scan Direction": "Forward","Index Name": "idx_orders_custkey","Relation Name": "orders","Alias": "orders","Startup Cost": 0.43,"Total Cost": 1.46,"Plan Rows": 17,"Plan Width": 8,"Actual Startup Time": 0.007,"Actual Total Time": 0.043,"Actual Rows": 10,"Actual Loops": 11958,"Index Cond": "(o_custkey = customer.c_custkey)","Rows Removed by Index Recheck": 0,"Workers": []}]},{"Node Type": "Index Scan","Parent Relationship": "Inner","Parallel Aware": false,"Async Capable": false,"Scan Direction": "Forward","Index Name": "idx_lineitem_orderkey","Relation Name": "lineitem","Alias": "lineitem","Startup Cost": 0.43,"Total Cost": 1.14,"Plan Rows": 5,"Plan Width": 24,"Actual Startup Time": 0.016,"Actual Total Time": 0.016,"Actual Rows": 1,"Actual Loops": 120358,"Index Cond": "(l_orderkey = orders.o_orderkey)","Rows Removed by Index Recheck": 0,"Filter": "((l_shipdate >= '1995-01-01'::date) AND (l_shipdate <= '1996-12-31'::date))","Rows Removed by Filter": 3,"Workers": []}]},{"Node Type": "Hash","Parent Relationship": "Inner","Parallel Aware": false,"Async Capable": false,"Startup Cost": 354.10,"Total Cost": 354.10,"Plan Rows": 784,"Plan Width": 108,"Actual Startup Time": 11.302,"Actual Total Time": 11.314,"Actual Rows": 782,"Actual Loops": 3,"Hash Buckets": 1024,"Original Hash Buckets": 1024,"Hash Batches": 1,"Original Hash Batches": 1,"Peak Memory Usage": 56,"Workers": [],"Plans": [{"Node Type": "Hash Join","Parent Relationship": "Outer","Parallel Aware": false,"Async Capable": false,"Join Type": "Inner","Startup Cost": 1.40,"Total Cost": 354.10,"Plan Rows": 784,"Plan Width": 108,"Actual Startup Time": 0.086,"Actual Total Time": 11.108,"Actual Rows": 782,"Actual Loops": 3,"Inner Unique": true,"Hash Cond": "(supplier.s_nationkey = n1.n_nationkey)","Workers": [],"Plans": [{"Node Type": "Seq Scan","Parent Relationship": "Outer","Parallel Aware": false,"Async Capable": false,"Relation Name": "supplier","Alias": "supplier","Startup Cost": 0.00,"Total Cost": 322.00,"Plan Rows": 10000,"Plan Width": 8,"Actual Startup Time": 0.026,"Actual Total Time": 4.421,"Actual Rows": 10000,"Actual Loops": 3,"Workers": []},{"Node Type": "Hash","Parent Relationship": "Inner","Parallel Aware": false,"Async Capable": false,"Startup Cost": 1.38,"Total Cost": 1.38,"Plan Rows": 2,"Plan Width": 108,"Actual Startup Time": 0.014,"Actual Total Time": 0.019,"Actual Rows": 2,"Actual Loops": 3,"Hash Buckets": 1024,"Original Hash Buckets": 1024,"Hash Batches": 1,"Original Hash Batches": 1,"Peak Memory Usage": 9,"Workers": [],"Plans": [{"Node Type": "Seq Scan","Parent Relationship": "Outer","Parallel Aware": false,"Async Capable": false,"Relation Name": "nation","Alias": "n1","Startup Cost": 0.00,"Total Cost": 1.38,"Plan Rows": 2,"Plan Width": 108,"Actual Startup Time": 0.005,"Actual Total Time": 0.011,"Actual Rows": 2,"Actual Loops": 3,"Filter": "((n_name = 'JORDAN'::bpchar) OR (n_name = 'ALGERIA'::bpchar))","Rows Removed by Filter": 23,"Workers": []}]}]}]}]}]}]}]}]},"Planning Time": 8.839,"Triggers": [],"Execution Time": 960.280}]
[{"Plan": {"Node Type": "Aggregate","Strategy": "Sorted","Partial Mode": "Finalize","Parallel Aware": false,"Async Capable": false,"Startup Cost": 72556.41,"Total Cost": 73352.71,"Plan Rows": 5893,"Plan Width": 272,"Actual Startup Time": 927.924,"Actual Total Time": 972.168,"Actual Rows": 4,"Actual Loops": 1,"Group Key": ["n1.n_name", "n2.n_name", "(EXTRACT(year FROM lineitem.l_shipdate))"],"Plans": [{"Node Type": "Gather Merge","Parent Relationship": "Outer","Parallel Aware": false,"Async Capable": false,"Startup Cost": 72556.41,"Total Cost": 73202.94,"Plan Rows": 4910,"Plan Width": 272,"Actual Startup Time": 927.592,"Actual Total Time": 972.093,"Actual Rows": 12,"Actual Loops": 1,"Workers Planned": 2,"Workers Launched": 2,"Plans": [{"Node Type": "Aggregate","Strategy": "Sorted","Partial Mode": "Partial","Parent Relationship": "Outer","Parallel Aware": false,"Async Capable": false,"Startup Cost": 71556.39,"Total Cost": 71636.18,"Plan Rows": 2455,"Plan Width": 272,"Actual Startup Time": 919.586,"Actual Total Time": 920.293,"Actual Rows": 4,"Actual Loops": 3,"Group Key": ["n1.n_name", "n2.n_name", "(EXTRACT(year FROM lineitem.l_shipdate))"],"Workers": [],"Plans": [{"Node Type": "Sort","Parent Relationship": "Outer","Parallel Aware": false,"Async Capable": false,"Startup Cost": 71556.39,"Total Cost": 71562.53,"Plan Rows": 2455,"Plan Width": 252,"Actual Startup Time": 919.313,"Actual Total Time": 919.419,"Actual Rows": 2028,"Actual Loops": 3,"Sort Key": ["n1.n_name", "n2.n_name", "(EXTRACT(year FROM lineitem.l_shipdate))"],"Sort Method": "quicksort","Sort Space Used": 331,"Sort Space Type": "Memory","Workers": [{"Worker Number": 0,"Sort Method": "quicksort","Sort Space Used": 265,"Sort Space Type": "Memory"},{"Worker Number": 1,"Sort Method": "quicksort","Sort Space Used": 263,"Sort Space Type": "Memory"}],"Plans": [{"Node Type": "Hash Join","Parent Relationship": "Outer","Parallel Aware": false,"Async Capable": false,"Join Type": "Inner","Startup Cost": 366.16,"Total Cost": 71418.15,"Plan Rows": 2455,"Plan Width": 252,"Actual Startup Time": 12.231,"Actual Total Time": 917.432,"Actual Rows": 2028,"Actual Loops": 3,"Inner Unique": false,"Hash Cond": "(lineitem.l_suppkey = supplier.s_suppkey)","Join Filter": "(((n1.n_name = 'PERU'::bpchar) AND (n2.n_name = 'MOZAMBIQUE'::bpchar)) OR ((n1.n_name = 'MOZAMBIQUE'::bpchar) AND (n2.n_name = 'PERU'::bpchar)))","Rows Removed by Join Filter": 2052,"Workers": [],"Plans": [{"Node Type": "Nested Loop","Parent Relationship": "Outer","Parallel Aware": false,"Async Capable": false,"Join Type": "Inner","Startup Cost": 2.26,"Total Cost": 70727.78,"Plan Rows": 60250,"Plan Width": 124,"Actual Startup Time": 0.571,"Actual Total Time": 898.966,"Actual Rows": 48713,"Actual Loops": 3,"Inner Unique": false,"Workers": [],"Plans": [{"Node Type": "Nested Loop","Parent Relationship": "Outer","Parallel Aware": false,"Async Capable": false,"Join Type": "Inner","Startup Cost": 1.83,"Total Cost": 12400.01,"Plan Rows": 49000,"Plan Width": 108,"Actual Startup Time": 0.270,"Actual Total Time": 223.197,"Actual Rows": 40095,"Actual Loops": 3,"Inner Unique": false,"Workers": [],"Plans": [{"Node Type": "Hash Join","Parent Relationship": "Outer","Parallel Aware": false,"Async Capable": false,"Join Type": "Inner","Startup Cost": 1.40,"Total Cost": 4403.27,"Plan Rows": 4900,"Plan Width": 108,"Actual Startup Time": 0.180,"Actual Total Time": 45.150,"Actual Rows": 3983,"Actual Loops": 3,"Inner Unique": true,"Hash Cond": "(customer.c_nationkey = n2.n_nationkey)","Workers": [],"Plans": [{"Node Type": "Seq Scan","Parent Relationship": "Outer","Parallel Aware": true,"Async Capable": false,"Relation Name": "customer","Alias": "customer","Startup Cost": 0.00,"Total Cost": 4210.00,"Plan Rows": 62500,"Plan Width": 8,"Actual Startup Time": 0.016,"Actual Total Time": 9.023,"Actual Rows": 50000,"Actual Loops": 3,"Workers": []},{"Node Type": "Hash","Parent Relationship": "Inner","Parallel Aware": false,"Async Capable": false,"Startup Cost": 1.38,"Total Cost": 1.38,"Plan Rows": 2,"Plan Width": 108,"Actual Startup Time": 0.079,"Actual Total Time": 0.084,"Actual Rows": 2,"Actual Loops": 3,"Hash Buckets": 1024,"Original Hash Buckets": 1024,"Hash Batches": 1,"Original Hash Batches": 1,"Peak Memory Usage": 9,"Workers": [],"Plans": [{"Node Type": "Seq Scan","Parent Relationship": "Outer","Parallel Aware": false,"Async Capable": false,"Relation Name": "nation","Alias": "n2","Startup Cost": 0.00,"Total Cost": 1.38,"Plan Rows": 2,"Plan Width": 108,"Actual Startup Time": 0.064,"Actual Total Time": 0.067,"Actual Rows": 2,"Actual Loops": 3,"Filter": "((n_name = 'MOZAMBIQUE'::bpchar) OR (n_name = 'PERU'::bpchar))","Rows Removed by Filter": 23,"Workers": []}]}]},{"Node Type": "Index Scan","Parent Relationship": "Inner","Parallel Aware": false,"Async Capable": false,"Scan Direction": "Forward","Index Name": "idx_orders_custkey","Relation Name": "orders","Alias": "orders","Startup Cost": 0.43,"Total Cost": 1.46,"Plan Rows": 17,"Plan Width": 8,"Actual Startup Time": 0.007,"Actual Total Time": 0.043,"Actual Rows": 10,"Actual Loops": 11949,"Index Cond": "(o_custkey = customer.c_custkey)","Rows Removed by Index Recheck": 0,"Workers": []}]},{"Node Type": "Index Scan","Parent Relationship": "Inner","Parallel Aware": false,"Async Capable": false,"Scan Direction": "Forward","Index Name": "idx_lineitem_orderkey","Relation Name": "lineitem","Alias": "lineitem","Startup Cost": 0.43,"Total Cost": 1.14,"Plan Rows": 5,"Plan Width": 24,"Actual Startup Time": 0.016,"Actual Total Time": 0.017,"Actual Rows": 1,"Actual Loops": 120285,"Index Cond": "(l_orderkey = orders.o_orderkey)","Rows Removed by Index Recheck": 0,"Filter": "((l_shipdate >= '1995-01-01'::date) AND (l_shipdate <= '1996-12-31'::date))","Rows Removed by Filter": 3,"Workers": []}]},{"Node Type": "Hash","Parent Relationship": "Inner","Parallel Aware": false,"Async Capable": false,"Startup Cost": 354.10,"Total Cost": 354.10,"Plan Rows": 784,"Plan Width": 108,"Actual Startup Time": 11.257,"Actual Total Time": 11.271,"Actual Rows": 827,"Actual Loops": 3,"Hash Buckets": 1024,"Original Hash Buckets": 1024,"Hash Batches": 1,"Original Hash Batches": 1,"Peak Memory Usage": 59,"Workers": [],"Plans": [{"Node Type": "Hash Join","Parent Relationship": "Outer","Parallel Aware": false,"Async Capable": false,"Join Type": "Inner","Startup Cost": 1.40,"Total Cost": 354.10,"Plan Rows": 784,"Plan Width": 108,"Actual Startup Time": 0.073,"Actual Total Time": 11.083,"Actual Rows": 827,"Actual Loops": 3,"Inner Unique": true,"Hash Cond": "(supplier.s_nationkey = n1.n_nationkey)","Workers": [],"Plans": [{"Node Type": "Seq Scan","Parent Relationship": "Outer","Parallel Aware": false,"Async Capable": false,"Relation Name": "supplier","Alias": "supplier","Startup Cost": 0.00,"Total Cost": 322.00,"Plan Rows": 10000,"Plan Width": 8,"Actual Startup Time": 0.037,"Actual Total Time": 4.289,"Actual Rows": 10000,"Actual Loops": 3,"Workers": []},{"Node Type": "Hash","Parent Relationship": "Inner","Parallel Aware": false,"Async Capable": false,"Startup Cost": 1.38,"Total Cost": 1.38,"Plan Rows": 2,"Plan Width": 108,"Actual Startup Time": 0.011,"Actual Total Time": 0.017,"Actual Rows": 2,"Actual Loops": 3,"Hash Buckets": 1024,"Original Hash Buckets": 1024,"Hash Batches": 1,"Original Hash Batches": 1,"Peak Memory Usage": 9,"Workers": [],"Plans": [{"Node Type": "Seq Scan","Parent Relationship": "Outer","Parallel Aware": false,"Async Capable": false,"Relation Name": "nation","Alias": "n1","Startup Cost": 0.00,"Total Cost": 1.38,"Plan Rows": 2,"Plan Width": 108,"Actual Startup Time": 0.006,"Actual Total Time": 0.009,"Actual Rows": 2,"Actual Loops": 3,"Filter": "((n_name = 'PERU'::bpchar) OR (n_name = 'MOZAMBIQUE'::bpchar))","Rows Removed by Filter": 23,"Workers": []}]}]}]}]}]}]}]}]},"Planning Time": 9.857,"Triggers": [],"Execution Time": 972.637}]
[{"Plan": {"Node Type": "Aggregate","Strategy": "Sorted","Partial Mode": "Finalize","Parallel Aware": false,"Async Capable": false,"Startup Cost": 72556.41,"Total Cost": 73352.71,"Plan Rows": 5893,"Plan Width": 272,"Actual Startup Time": 929.251,"Actual Total Time": 981.669,"Actual Rows": 4,"Actual Loops": 1,"Group Key": ["n1.n_name", "n2.n_name", "(EXTRACT(year FROM lineitem.l_shipdate))"],"Plans": [{"Node Type": "Gather Merge","Parent Relationship": "Outer","Parallel Aware": false,"Async Capable": false,"Startup Cost": 72556.41,"Total Cost": 73202.94,"Plan Rows": 4910,"Plan Width": 272,"Actual Startup Time": 928.750,"Actual Total Time": 981.602,"Actual Rows": 12,"Actual Loops": 1,"Workers Planned": 2,"Workers Launched": 2,"Plans": [{"Node Type": "Aggregate","Strategy": "Sorted","Partial Mode": "Partial","Parent Relationship": "Outer","Parallel Aware": false,"Async Capable": false,"Startup Cost": 71556.39,"Total Cost": 71636.18,"Plan Rows": 2455,"Plan Width": 272,"Actual Startup Time": 920.014,"Actual Total Time": 920.796,"Actual Rows": 4,"Actual Loops": 3,"Group Key": ["n1.n_name", "n2.n_name", "(EXTRACT(year FROM lineitem.l_shipdate))"],"Workers": [],"Plans": [{"Node Type": "Sort","Parent Relationship": "Outer","Parallel Aware": false,"Async Capable": false,"Startup Cost": 71556.39,"Total Cost": 71562.53,"Plan Rows": 2455,"Plan Width": 252,"Actual Startup Time": 919.747,"Actual Total Time": 919.862,"Actual Rows": 2001,"Actual Loops": 3,"Sort Key": ["n1.n_name", "n2.n_name", "(EXTRACT(year FROM lineitem.l_shipdate))"],"Sort Method": "quicksort","Sort Space Used": 272,"Sort Space Type": "Memory","Workers": [{"Worker Number": 0,"Sort Method": "quicksort","Sort Space Used": 266,"Sort Space Type": "Memory"},{"Worker Number": 1,"Sort Method": "quicksort","Sort Space Used": 264,"Sort Space Type": "Memory"}],"Plans": [{"Node Type": "Hash Join","Parent Relationship": "Outer","Parallel Aware": false,"Async Capable": false,"Join Type": "Inner","Startup Cost": 366.16,"Total Cost": 71418.15,"Plan Rows": 2455,"Plan Width": 252,"Actual Startup Time": 8.507,"Actual Total Time": 917.865,"Actual Rows": 2001,"Actual Loops": 3,"Inner Unique": false,"Hash Cond": "(lineitem.l_suppkey = supplier.s_suppkey)","Join Filter": "(((n1.n_name = 'CHINA'::bpchar) AND (n2.n_name = 'CANADA'::bpchar)) OR ((n1.n_name = 'CANADA'::bpchar) AND (n2.n_name = 'CHINA'::bpchar)))","Rows Removed by Join Filter": 1993,"Workers": [],"Plans": [{"Node Type": "Nested Loop","Parent Relationship": "Outer","Parallel Aware": false,"Async Capable": false,"Join Type": "Inner","Startup Cost": 2.26,"Total Cost": 70727.78,"Plan Rows": 60250,"Plan Width": 124,"Actual Startup Time": 0.475,"Actual Total Time": 903.301,"Actual Rows": 49092,"Actual Loops": 3,"Inner Unique": false,"Workers": [],"Plans": [{"Node Type": "Nested Loop","Parent Relationship": "Outer","Parallel Aware": false,"Async Capable": false,"Join Type": "Inner","Startup Cost": 1.83,"Total Cost": 12400.01,"Plan Rows": 49000,"Plan Width": 108,"Actual Startup Time": 0.269,"Actual Total Time": 226.862,"Actual Rows": 40421,"Actual Loops": 3,"Inner Unique": false,"Workers": [],"Plans": [{"Node Type": "Hash Join","Parent Relationship": "Outer","Parallel Aware": false,"Async Capable": false,"Join Type": "Inner","Startup Cost": 1.40,"Total Cost": 4403.27,"Plan Rows": 4900,"Plan Width": 108,"Actual Startup Time": 0.197,"Actual Total Time": 46.221,"Actual Rows": 4015,"Actual Loops": 3,"Inner Unique": true,"Hash Cond": "(customer.c_nationkey = n2.n_nationkey)","Workers": [],"Plans": [{"Node Type": "Seq Scan","Parent Relationship": "Outer","Parallel Aware": true,"Async Capable": false,"Relation Name": "customer","Alias": "customer","Startup Cost": 0.00,"Total Cost": 4210.00,"Plan Rows": 62500,"Plan Width": 8,"Actual Startup Time": 0.012,"Actual Total Time": 9.648,"Actual Rows": 50000,"Actual Loops": 3,"Workers": []},{"Node Type": "Hash","Parent Relationship": "Inner","Parallel Aware": false,"Async Capable": false,"Startup Cost": 1.38,"Total Cost": 1.38,"Plan Rows": 2,"Plan Width": 108,"Actual Startup Time": 0.080,"Actual Total Time": 0.084,"Actual Rows": 2,"Actual Loops": 3,"Hash Buckets": 1024,"Original Hash Buckets": 1024,"Hash Batches": 1,"Original Hash Batches": 1,"Peak Memory Usage": 9,"Workers": [],"Plans": [{"Node Type": "Seq Scan","Parent Relationship": "Outer","Parallel Aware": false,"Async Capable": false,"Relation Name": "nation","Alias": "n2","Startup Cost": 0.00,"Total Cost": 1.38,"Plan Rows": 2,"Plan Width": 108,"Actual Startup Time": 0.067,"Actual Total Time": 0.072,"Actual Rows": 2,"Actual Loops": 3,"Filter": "((n_name = 'CANADA'::bpchar) OR (n_name = 'CHINA'::bpchar))","Rows Removed by Filter": 23,"Workers": []}]}]},{"Node Type": "Index Scan","Parent Relationship": "Inner","Parallel Aware": false,"Async Capable": false,"Scan Direction": "Forward","Index Name": "idx_orders_custkey","Relation Name": "orders","Alias": "orders","Startup Cost": 0.43,"Total Cost": 1.46,"Plan Rows": 17,"Plan Width": 8,"Actual Startup Time": 0.007,"Actual Total Time": 0.044,"Actual Rows": 10,"Actual Loops": 12044,"Index Cond": "(o_custkey = customer.c_custkey)","Rows Removed by Index Recheck": 0,"Workers": []}]},{"Node Type": "Index Scan","Parent Relationship": "Inner","Parallel Aware": false,"Async Capable": false,"Scan Direction": "Forward","Index Name": "idx_lineitem_orderkey","Relation Name": "lineitem","Alias": "lineitem","Startup Cost": 0.43,"Total Cost": 1.14,"Plan Rows": 5,"Plan Width": 24,"Actual Startup Time": 0.016,"Actual Total Time": 0.016,"Actual Rows": 1,"Actual Loops": 121264,"Index Cond": "(l_orderkey = orders.o_orderkey)","Rows Removed by Index Recheck": 0,"Filter": "((l_shipdate >= '1995-01-01'::date) AND (l_shipdate <= '1996-12-31'::date))","Rows Removed by Filter": 3,"Workers": []}]},{"Node Type": "Hash","Parent Relationship": "Inner","Parallel Aware": false,"Async Capable": false,"Startup Cost": 354.10,"Total Cost": 354.10,"Plan Rows": 784,"Plan Width": 108,"Actual Startup Time": 7.181,"Actual Total Time": 7.195,"Actual Rows": 819,"Actual Loops": 3,"Hash Buckets": 1024,"Original Hash Buckets": 1024,"Hash Batches": 1,"Original Hash Batches": 1,"Peak Memory Usage": 58,"Workers": [],"Plans": [{"Node Type": "Hash Join","Parent Relationship": "Outer","Parallel Aware": false,"Async Capable": false,"Join Type": "Inner","Startup Cost": 1.40,"Total Cost": 354.10,"Plan Rows": 784,"Plan Width": 108,"Actual Startup Time": 0.070,"Actual Total Time": 7.010,"Actual Rows": 819,"Actual Loops": 3,"Inner Unique": true,"Hash Cond": "(supplier.s_nationkey = n1.n_nationkey)","Workers": [],"Plans": [{"Node Type": "Seq Scan","Parent Relationship": "Outer","Parallel Aware": false,"Async Capable": false,"Relation Name": "supplier","Alias": "supplier","Startup Cost": 0.00,"Total Cost": 322.00,"Plan Rows": 10000,"Plan Width": 8,"Actual Startup Time": 0.023,"Actual Total Time": 3.652,"Actual Rows": 10000,"Actual Loops": 3,"Workers": []},{"Node Type": "Hash","Parent Relationship": "Inner","Parallel Aware": false,"Async Capable": false,"Startup Cost": 1.38,"Total Cost": 1.38,"Plan Rows": 2,"Plan Width": 108,"Actual Startup Time": 0.014,"Actual Total Time": 0.019,"Actual Rows": 2,"Actual Loops": 3,"Hash Buckets": 1024,"Original Hash Buckets": 1024,"Hash Batches": 1,"Original Hash Batches": 1,"Peak Memory Usage": 9,"Workers": [],"Plans": [{"Node Type": "Seq Scan","Parent Relationship": "Outer","Parallel Aware": false,"Async Capable": false,"Relation Name": "nation","Alias": "n1","Startup Cost": 0.00,"Total Cost": 1.38,"Plan Rows": 2,"Plan Width": 108,"Actual Startup Time": 0.003,"Actual Total Time": 0.008,"Actual Rows": 2,"Actual Loops": 3,"Filter": "((n_name = 'CHINA'::bpchar) OR (n_name = 'CANADA'::bpchar))","Rows Removed by Filter": 23,"Workers": []}]}]}]}]}]}]}]}]},"Planning Time": 8.685,"Triggers": [],"Execution Time": 982.152}]
[{"Plan": {"Node Type": "Aggregate","Strategy": "Sorted","Partial Mode": "Finalize","Parallel Aware": false,"Async Capable": false,"Startup Cost": 72556.41,"Total Cost": 73352.71,"Plan Rows": 5893,"Plan Width": 272,"Actual Startup Time": 915.900,"Actual Total Time": 959.021,"Actual Rows": 4,"Actual Loops": 1,"Group Key": ["n1.n_name", "n2.n_name", "(EXTRACT(year FROM lineitem.l_shipdate))"],"Plans": [{"Node Type": "Gather Merge","Parent Relationship": "Outer","Parallel Aware": false,"Async Capable": false,"Startup Cost": 72556.41,"Total Cost": 73202.94,"Plan Rows": 4910,"Plan Width": 272,"Actual Startup Time": 915.170,"Actual Total Time": 958.937,"Actual Rows": 12,"Actual Loops": 1,"Workers Planned": 2,"Workers Launched": 2,"Plans": [{"Node Type": "Aggregate","Strategy": "Sorted","Partial Mode": "Partial","Parent Relationship": "Outer","Parallel Aware": false,"Async Capable": false,"Startup Cost": 71556.39,"Total Cost": 71636.18,"Plan Rows": 2455,"Plan Width": 272,"Actual Startup Time": 907.053,"Actual Total Time": 907.923,"Actual Rows": 4,"Actual Loops": 3,"Group Key": ["n1.n_name", "n2.n_name", "(EXTRACT(year FROM lineitem.l_shipdate))"],"Workers": [],"Plans": [{"Node Type": "Sort","Parent Relationship": "Outer","Parallel Aware": false,"Async Capable": false,"Startup Cost": 71556.39,"Total Cost": 71562.53,"Plan Rows": 2455,"Plan Width": 252,"Actual Startup Time": 906.770,"Actual Total Time": 906.912,"Actual Rows": 1979,"Actual Loops": 3,"Sort Key": ["n1.n_name", "n2.n_name", "(EXTRACT(year FROM lineitem.l_shipdate))"],"Sort Method": "quicksort","Sort Space Used": 326,"Sort Space Type": "Memory","Workers": [{"Worker Number": 0,"Sort Method": "quicksort","Sort Space Used": 254,"Sort Space Type": "Memory"},{"Worker Number": 1,"Sort Method": "quicksort","Sort Space Used": 264,"Sort Space Type": "Memory"}],"Plans": [{"Node Type": "Hash Join","Parent Relationship": "Outer","Parallel Aware": false,"Async Capable": false,"Join Type": "Inner","Startup Cost": 366.16,"Total Cost": 71418.15,"Plan Rows": 2455,"Plan Width": 252,"Actual Startup Time": 13.678,"Actual Total Time": 904.874,"Actual Rows": 1979,"Actual Loops": 3,"Inner Unique": false,"Hash Cond": "(lineitem.l_suppkey = supplier.s_suppkey)","Join Filter": "(((n1.n_name = 'SAUDI ARABIA'::bpchar) AND (n2.n_name = 'GERMANY'::bpchar)) OR ((n1.n_name = 'GERMANY'::bpchar) AND (n2.n_name = 'SAUDI ARABIA'::bpchar)))","Rows Removed by Join Filter": 1920,"Workers": [],"Plans": [{"Node Type": "Nested Loop","Parent Relationship": "Outer","Parallel Aware": false,"Async Capable": false,"Join Type": "Inner","Startup Cost": 2.26,"Total Cost": 70727.78,"Plan Rows": 60250,"Plan Width": 124,"Actual Startup Time": 0.887,"Actual Total Time": 885.575,"Actual Rows": 48162,"Actual Loops": 3,"Inner Unique": false,"Workers": [],"Plans": [{"Node Type": "Nested Loop","Parent Relationship": "Outer","Parallel Aware": false,"Async Capable": false,"Join Type": "Inner","Startup Cost": 1.83,"Total Cost": 12400.01,"Plan Rows": 49000,"Plan Width": 108,"Actual Startup Time": 0.395,"Actual Total Time": 219.507,"Actual Rows": 39392,"Actual Loops": 3,"Inner Unique": false,"Workers": [],"Plans": [{"Node Type": "Hash Join","Parent Relationship": "Outer","Parallel Aware": false,"Async Capable": false,"Join Type": "Inner","Startup Cost": 1.40,"Total Cost": 4403.27,"Plan Rows": 4900,"Plan Width": 108,"Actual Startup Time": 0.221,"Actual Total Time": 43.592,"Actual Rows": 3937,"Actual Loops": 3,"Inner Unique": true,"Hash Cond": "(customer.c_nationkey = n2.n_nationkey)","Workers": [],"Plans": [{"Node Type": "Seq Scan","Parent Relationship": "Outer","Parallel Aware": true,"Async Capable": false,"Relation Name": "customer","Alias": "customer","Startup Cost": 0.00,"Total Cost": 4210.00,"Plan Rows": 62500,"Plan Width": 8,"Actual Startup Time": 0.014,"Actual Total Time": 9.127,"Actual Rows": 50000,"Actual Loops": 3,"Workers": []},{"Node Type": "Hash","Parent Relationship": "Inner","Parallel Aware": false,"Async Capable": false,"Startup Cost": 1.38,"Total Cost": 1.38,"Plan Rows": 2,"Plan Width": 108,"Actual Startup Time": 0.092,"Actual Total Time": 0.099,"Actual Rows": 2,"Actual Loops": 3,"Hash Buckets": 1024,"Original Hash Buckets": 1024,"Hash Batches": 1,"Original Hash Batches": 1,"Peak Memory Usage": 9,"Workers": [],"Plans": [{"Node Type": "Seq Scan","Parent Relationship": "Outer","Parallel Aware": false,"Async Capable": false,"Relation Name": "nation","Alias": "n2","Startup Cost": 0.00,"Total Cost": 1.38,"Plan Rows": 2,"Plan Width": 108,"Actual Startup Time": 0.068,"Actual Total Time": 0.075,"Actual Rows": 2,"Actual Loops": 3,"Filter": "((n_name = 'GERMANY'::bpchar) OR (n_name = 'SAUDI ARABIA'::bpchar))","Rows Removed by Filter": 23,"Workers": []}]}]},{"Node Type": "Index Scan","Parent Relationship": "Inner","Parallel Aware": false,"Async Capable": false,"Scan Direction": "Forward","Index Name": "idx_orders_custkey","Relation Name": "orders","Alias": "orders","Startup Cost": 0.43,"Total Cost": 1.46,"Plan Rows": 17,"Plan Width": 8,"Actual Startup Time": 0.007,"Actual Total Time": 0.043,"Actual Rows": 10,"Actual Loops": 11812,"Index Cond": "(o_custkey = customer.c_custkey)","Rows Removed by Index Recheck": 0,"Workers": []}]},{"Node Type": "Index Scan","Parent Relationship": "Inner","Parallel Aware": false,"Async Capable": false,"Scan Direction": "Forward","Index Name": "idx_lineitem_orderkey","Relation Name": "lineitem","Alias": "lineitem","Startup Cost": 0.43,"Total Cost": 1.14,"Plan Rows": 5,"Plan Width": 24,"Actual Startup Time": 0.016,"Actual Total Time": 0.017,"Actual Rows": 1,"Actual Loops": 118177,"Index Cond": "(l_orderkey = orders.o_orderkey)","Rows Removed by Index Recheck": 0,"Filter": "((l_shipdate >= '1995-01-01'::date) AND (l_shipdate <= '1996-12-31'::date))","Rows Removed by Filter": 3,"Workers": []}]},{"Node Type": "Hash","Parent Relationship": "Inner","Parallel Aware": false,"Async Capable": false,"Startup Cost": 354.10,"Total Cost": 354.10,"Plan Rows": 784,"Plan Width": 108,"Actual Startup Time": 12.149,"Actual Total Time": 12.166,"Actual Rows": 807,"Actual Loops": 3,"Hash Buckets": 1024,"Original Hash Buckets": 1024,"Hash Batches": 1,"Original Hash Batches": 1,"Peak Memory Usage": 57,"Workers": [],"Plans": [{"Node Type": "Hash Join","Parent Relationship": "Outer","Parallel Aware": false,"Async Capable": false,"Join Type": "Inner","Startup Cost": 1.40,"Total Cost": 354.10,"Plan Rows": 784,"Plan Width": 108,"Actual Startup Time": 0.109,"Actual Total Time": 11.958,"Actual Rows": 807,"Actual Loops": 3,"Inner Unique": true,"Hash Cond": "(supplier.s_nationkey = n1.n_nationkey)","Workers": [],"Plans": [{"Node Type": "Seq Scan","Parent Relationship": "Outer","Parallel Aware": false,"Async Capable": false,"Relation Name": "supplier","Alias": "supplier","Startup Cost": 0.00,"Total Cost": 322.00,"Plan Rows": 10000,"Plan Width": 8,"Actual Startup Time": 0.034,"Actual Total Time": 4.638,"Actual Rows": 10000,"Actual Loops": 3,"Workers": []},{"Node Type": "Hash","Parent Relationship": "Inner","Parallel Aware": false,"Async Capable": false,"Startup Cost": 1.38,"Total Cost": 1.38,"Plan Rows": 2,"Plan Width": 108,"Actual Startup Time": 0.019,"Actual Total Time": 0.023,"Actual Rows": 2,"Actual Loops": 3,"Hash Buckets": 1024,"Original Hash Buckets": 1024,"Hash Batches": 1,"Original Hash Batches": 1,"Peak Memory Usage": 9,"Workers": [],"Plans": [{"Node Type": "Seq Scan","Parent Relationship": "Outer","Parallel Aware": false,"Async Capable": false,"Relation Name": "nation","Alias": "n1","Startup Cost": 0.00,"Total Cost": 1.38,"Plan Rows": 2,"Plan Width": 108,"Actual Startup Time": 0.007,"Actual Total Time": 0.013,"Actual Rows": 2,"Actual Loops": 3,"Filter": "((n_name = 'SAUDI ARABIA'::bpchar) OR (n_name = 'GERMANY'::bpchar))","Rows Removed by Filter": 23,"Workers": []}]}]}]}]}]}]}]}]},"Planning Time": 9.004,"Triggers": [],"Execution Time": 959.453}]
[{"Plan": {"Node Type": "Aggregate","Strategy": "Sorted","Partial Mode": "Finalize","Parallel Aware": false,"Async Capable": false,"Startup Cost": 72556.41,"Total Cost": 73352.71,"Plan Rows": 5893,"Plan Width": 272,"Actual Startup Time": 924.114,"Actual Total Time": 979.756,"Actual Rows": 4,"Actual Loops": 1,"Group Key": ["n1.n_name", "n2.n_name", "(EXTRACT(year FROM lineitem.l_shipdate))"],"Plans": [{"Node Type": "Gather Merge","Parent Relationship": "Outer","Parallel Aware": false,"Async Capable": false,"Startup Cost": 72556.41,"Total Cost": 73202.94,"Plan Rows": 4910,"Plan Width": 272,"Actual Startup Time": 923.618,"Actual Total Time": 979.684,"Actual Rows": 12,"Actual Loops": 1,"Workers Planned": 2,"Workers Launched": 2,"Plans": [{"Node Type": "Aggregate","Strategy": "Sorted","Partial Mode": "Partial","Parent Relationship": "Outer","Parallel Aware": false,"Async Capable": false,"Startup Cost": 71556.39,"Total Cost": 71636.18,"Plan Rows": 2455,"Plan Width": 272,"Actual Startup Time": 915.396,"Actual Total Time": 916.148,"Actual Rows": 4,"Actual Loops": 3,"Group Key": ["n1.n_name", "n2.n_name", "(EXTRACT(year FROM lineitem.l_shipdate))"],"Workers": [],"Plans": [{"Node Type": "Sort","Parent Relationship": "Outer","Parallel Aware": false,"Async Capable": false,"Startup Cost": 71556.39,"Total Cost": 71562.53,"Plan Rows": 2455,"Plan Width": 252,"Actual Startup Time": 915.131,"Actual Total Time": 915.244,"Actual Rows": 1939,"Actual Loops": 3,"Sort Key": ["n1.n_name", "n2.n_name", "(EXTRACT(year FROM lineitem.l_shipdate))"],"Sort Method": "quicksort","Sort Space Used": 266,"Sort Space Type": "Memory","Workers": [{"Worker Number": 0,"Sort Method": "quicksort","Sort Space Used": 256,"Sort Space Type": "Memory"},{"Worker Number": 1,"Sort Method": "quicksort","Sort Space Used": 260,"Sort Space Type": "Memory"}],"Plans": [{"Node Type": "Hash Join","Parent Relationship": "Outer","Parallel Aware": false,"Async Capable": false,"Join Type": "Inner","Startup Cost": 366.16,"Total Cost": 71418.15,"Plan Rows": 2455,"Plan Width": 252,"Actual Startup Time": 10.709,"Actual Total Time": 913.255,"Actual Rows": 1939,"Actual Loops": 3,"Inner Unique": false,"Hash Cond": "(lineitem.l_suppkey = supplier.s_suppkey)","Join Filter": "(((n1.n_name = 'GERMANY'::bpchar) AND (n2.n_name = 'ETHIOPIA'::bpchar)) OR ((n1.n_name = 'ETHIOPIA'::bpchar) AND (n2.n_name = 'GERMANY'::bpchar)))","Rows Removed by Join Filter": 1877,"Workers": [],"Plans": [{"Node Type": "Nested Loop","Parent Relationship": "Outer","Parallel Aware": false,"Async Capable": false,"Join Type": "Inner","Startup Cost": 2.26,"Total Cost": 70727.78,"Plan Rows": 60250,"Plan Width": 124,"Actual Startup Time": 0.507,"Actual Total Time": 897.195,"Actual Rows": 48637,"Actual Loops": 3,"Inner Unique": false,"Workers": [],"Plans": [{"Node Type": "Nested Loop","Parent Relationship": "Outer","Parallel Aware": false,"Async Capable": false,"Join Type": "Inner","Startup Cost": 1.83,"Total Cost": 12400.01,"Plan Rows": 49000,"Plan Width": 108,"Actual Startup Time": 0.324,"Actual Total Time": 225.619,"Actual Rows": 39810,"Actual Loops": 3,"Inner Unique": false,"Workers": [],"Plans": [{"Node Type": "Hash Join","Parent Relationship": "Outer","Parallel Aware": false,"Async Capable": false,"Join Type": "Inner","Startup Cost": 1.40,"Total Cost": 4403.27,"Plan Rows": 4900,"Plan Width": 108,"Actual Startup Time": 0.206,"Actual Total Time": 47.234,"Actual Rows": 3953,"Actual Loops": 3,"Inner Unique": true,"Hash Cond": "(customer.c_nationkey = n2.n_nationkey)","Workers": [],"Plans": [{"Node Type": "Seq Scan","Parent Relationship": "Outer","Parallel Aware": true,"Async Capable": false,"Relation Name": "customer","Alias": "customer","Startup Cost": 0.00,"Total Cost": 4210.00,"Plan Rows": 62500,"Plan Width": 8,"Actual Startup Time": 0.013,"Actual Total Time": 9.475,"Actual Rows": 50000,"Actual Loops": 3,"Workers": []},{"Node Type": "Hash","Parent Relationship": "Inner","Parallel Aware": false,"Async Capable": false,"Startup Cost": 1.38,"Total Cost": 1.38,"Plan Rows": 2,"Plan Width": 108,"Actual Startup Time": 0.087,"Actual Total Time": 0.092,"Actual Rows": 2,"Actual Loops": 3,"Hash Buckets": 1024,"Original Hash Buckets": 1024,"Hash Batches": 1,"Original Hash Batches": 1,"Peak Memory Usage": 9,"Workers": [],"Plans": [{"Node Type": "Seq Scan","Parent Relationship": "Outer","Parallel Aware": false,"Async Capable": false,"Relation Name": "nation","Alias": "n2","Startup Cost": 0.00,"Total Cost": 1.38,"Plan Rows": 2,"Plan Width": 108,"Actual Startup Time": 0.061,"Actual Total Time": 0.070,"Actual Rows": 2,"Actual Loops": 3,"Filter": "((n_name = 'ETHIOPIA'::bpchar) OR (n_name = 'GERMANY'::bpchar))","Rows Removed by Filter": 23,"Workers": []}]}]},{"Node Type": "Index Scan","Parent Relationship": "Inner","Parallel Aware": false,"Async Capable": false,"Scan Direction": "Forward","Index Name": "idx_orders_custkey","Relation Name": "orders","Alias": "orders","Startup Cost": 0.43,"Total Cost": 1.46,"Plan Rows": 17,"Plan Width": 8,"Actual Startup Time": 0.007,"Actual Total Time": 0.044,"Actual Rows": 10,"Actual Loops": 11860,"Index Cond": "(o_custkey = customer.c_custkey)","Rows Removed by Index Recheck": 0,"Workers": []}]},{"Node Type": "Index Scan","Parent Relationship": "Inner","Parallel Aware": false,"Async Capable": false,"Scan Direction": "Forward","Index Name": "idx_lineitem_orderkey","Relation Name": "lineitem","Alias": "lineitem","Startup Cost": 0.43,"Total Cost": 1.14,"Plan Rows": 5,"Plan Width": 24,"Actual Startup Time": 0.016,"Actual Total Time": 0.017,"Actual Rows": 1,"Actual Loops": 119430,"Index Cond": "(l_orderkey = orders.o_orderkey)","Rows Removed by Index Recheck": 0,"Filter": "((l_shipdate >= '1995-01-01'::date) AND (l_shipdate <= '1996-12-31'::date))","Rows Removed by Filter": 3,"Workers": []}]},{"Node Type": "Hash","Parent Relationship": "Inner","Parallel Aware": false,"Async Capable": false,"Startup Cost": 354.10,"Total Cost": 354.10,"Plan Rows": 784,"Plan Width": 108,"Actual Startup Time": 8.841,"Actual Total Time": 8.857,"Actual Rows": 776,"Actual Loops": 3,"Hash Buckets": 1024,"Original Hash Buckets": 1024,"Hash Batches": 1,"Original Hash Batches": 1,"Peak Memory Usage": 55,"Workers": [],"Plans": [{"Node Type": "Hash Join","Parent Relationship": "Outer","Parallel Aware": false,"Async Capable": false,"Join Type": "Inner","Startup Cost": 1.40,"Total Cost": 354.10,"Plan Rows": 784,"Plan Width": 108,"Actual Startup Time": 0.094,"Actual Total Time": 8.626,"Actual Rows": 776,"Actual Loops": 3,"Inner Unique": true,"Hash Cond": "(supplier.s_nationkey = n1.n_nationkey)","Workers": [],"Plans": [{"Node Type": "Seq Scan","Parent Relationship": "Outer","Parallel Aware": false,"Async Capable": false,"Relation Name": "supplier","Alias": "supplier","Startup Cost": 0.00,"Total Cost": 322.00,"Plan Rows": 10000,"Plan Width": 8,"Actual Startup Time": 0.039,"Actual Total Time": 4.873,"Actual Rows": 10000,"Actual Loops": 3,"Workers": []},{"Node Type": "Hash","Parent Relationship": "Inner","Parallel Aware": false,"Async Capable": false,"Startup Cost": 1.38,"Total Cost": 1.38,"Plan Rows": 2,"Plan Width": 108,"Actual Startup Time": 0.020,"Actual Total Time": 0.026,"Actual Rows": 2,"Actual Loops": 3,"Hash Buckets": 1024,"Original Hash Buckets": 1024,"Hash Batches": 1,"Original Hash Batches": 1,"Peak Memory Usage": 9,"Workers": [],"Plans": [{"Node Type": "Seq Scan","Parent Relationship": "Outer","Parallel Aware": false,"Async Capable": false,"Relation Name": "nation","Alias": "n1","Startup Cost": 0.00,"Total Cost": 1.38,"Plan Rows": 2,"Plan Width": 108,"Actual Startup Time": 0.007,"Actual Total Time": 0.015,"Actual Rows": 2,"Actual Loops": 3,"Filter": "((n_name = 'GERMANY'::bpchar) OR (n_name = 'ETHIOPIA'::bpchar))","Rows Removed by Filter": 23,"Workers": []}]}]}]}]}]}]}]}]},"Planning Time": 8.826,"Triggers": [],"Execution Time": 980.310}]
[{"Plan": {"Node Type": "Aggregate","Strategy": "Sorted","Partial Mode": "Finalize","Parallel Aware": false,"Async Capable": false,"Startup Cost": 72556.41,"Total Cost": 73352.71,"Plan Rows": 5893,"Plan Width": 272,"Actual Startup Time": 919.180,"Actual Total Time": 962.148,"Actual Rows": 4,"Actual Loops": 1,"Group Key": ["n1.n_name", "n2.n_name", "(EXTRACT(year FROM lineitem.l_shipdate))"],"Plans": [{"Node Type": "Gather Merge","Parent Relationship": "Outer","Parallel Aware": false,"Async Capable": false,"Startup Cost": 72556.41,"Total Cost": 73202.94,"Plan Rows": 4910,"Plan Width": 272,"Actual Startup Time": 918.338,"Actual Total Time": 962.042,"Actual Rows": 12,"Actual Loops": 1,"Workers Planned": 2,"Workers Launched": 2,"Plans": [{"Node Type": "Aggregate","Strategy": "Sorted","Partial Mode": "Partial","Parent Relationship": "Outer","Parallel Aware": false,"Async Capable": false,"Startup Cost": 71556.39,"Total Cost": 71636.18,"Plan Rows": 2455,"Plan Width": 272,"Actual Startup Time": 910.267,"Actual Total Time": 911.141,"Actual Rows": 4,"Actual Loops": 3,"Group Key": ["n1.n_name", "n2.n_name", "(EXTRACT(year FROM lineitem.l_shipdate))"],"Workers": [],"Plans": [{"Node Type": "Sort","Parent Relationship": "Outer","Parallel Aware": false,"Async Capable": false,"Startup Cost": 71556.39,"Total Cost": 71562.53,"Plan Rows": 2455,"Plan Width": 252,"Actual Startup Time": 910.007,"Actual Total Time": 910.127,"Actual Rows": 1892,"Actual Loops": 3,"Sort Key": ["n1.n_name", "n2.n_name", "(EXTRACT(year FROM lineitem.l_shipdate))"],"Sort Method": "quicksort","Sort Space Used": 254,"Sort Space Type": "Memory","Workers": [{"Worker Number": 0,"Sort Method": "quicksort","Sort Space Used": 255,"Sort Space Type": "Memory"},{"Worker Number": 1,"Sort Method": "quicksort","Sort Space Used": 257,"Sort Space Type": "Memory"}],"Plans": [{"Node Type": "Hash Join","Parent Relationship": "Outer","Parallel Aware": false,"Async Capable": false,"Join Type": "Inner","Startup Cost": 366.16,"Total Cost": 71418.15,"Plan Rows": 2455,"Plan Width": 252,"Actual Startup Time": 11.448,"Actual Total Time": 908.208,"Actual Rows": 1892,"Actual Loops": 3,"Inner Unique": false,"Hash Cond": "(lineitem.l_suppkey = supplier.s_suppkey)","Join Filter": "(((n1.n_name = 'KENYA'::bpchar) AND (n2.n_name = 'RUSSIA'::bpchar)) OR ((n1.n_name = 'RUSSIA'::bpchar) AND (n2.n_name = 'KENYA'::bpchar)))","Rows Removed by Join Filter": 1887,"Workers": [],"Plans": [{"Node Type": "Nested Loop","Parent Relationship": "Outer","Parallel Aware": false,"Async Capable": false,"Join Type": "Inner","Startup Cost": 2.26,"Total Cost": 70727.78,"Plan Rows": 60250,"Plan Width": 124,"Actual Startup Time": 0.605,"Actual Total Time": 890.734,"Actual Rows": 48659,"Actual Loops": 3,"Inner Unique": false,"Workers": [],"Plans": [{"Node Type": "Nested Loop","Parent Relationship": "Outer","Parallel Aware": false,"Async Capable": false,"Join Type": "Inner","Startup Cost": 1.83,"Total Cost": 12400.01,"Plan Rows": 49000,"Plan Width": 108,"Actual Startup Time": 0.326,"Actual Total Time": 219.068,"Actual Rows": 40145,"Actual Loops": 3,"Inner Unique": false,"Workers": [],"Plans": [{"Node Type": "Hash Join","Parent Relationship": "Outer","Parallel Aware": false,"Async Capable": false,"Join Type": "Inner","Startup Cost": 1.40,"Total Cost": 4403.27,"Plan Rows": 4900,"Plan Width": 108,"Actual Startup Time": 0.208,"Actual Total Time": 42.557,"Actual Rows": 4023,"Actual Loops": 3,"Inner Unique": true,"Hash Cond": "(customer.c_nationkey = n2.n_nationkey)","Workers": [],"Plans": [{"Node Type": "Seq Scan","Parent Relationship": "Outer","Parallel Aware": true,"Async Capable": false,"Relation Name": "customer","Alias": "customer","Startup Cost": 0.00,"Total Cost": 4210.00,"Plan Rows": 62500,"Plan Width": 8,"Actual Startup Time": 0.014,"Actual Total Time": 8.978,"Actual Rows": 50000,"Actual Loops": 3,"Workers": []},{"Node Type": "Hash","Parent Relationship": "Inner","Parallel Aware": false,"Async Capable": false,"Startup Cost": 1.38,"Total Cost": 1.38,"Plan Rows": 2,"Plan Width": 108,"Actual Startup Time": 0.078,"Actual Total Time": 0.084,"Actual Rows": 2,"Actual Loops": 3,"Hash Buckets": 1024,"Original Hash Buckets": 1024,"Hash Batches": 1,"Original Hash Batches": 1,"Peak Memory Usage": 9,"Workers": [],"Plans": [{"Node Type": "Seq Scan","Parent Relationship": "Outer","Parallel Aware": false,"Async Capable": false,"Relation Name": "nation","Alias": "n2","Startup Cost": 0.00,"Total Cost": 1.38,"Plan Rows": 2,"Plan Width": 108,"Actual Startup Time": 0.056,"Actual Total Time": 0.061,"Actual Rows": 2,"Actual Loops": 3,"Filter": "((n_name = 'RUSSIA'::bpchar) OR (n_name = 'KENYA'::bpchar))","Rows Removed by Filter": 23,"Workers": []}]}]},{"Node Type": "Index Scan","Parent Relationship": "Inner","Parallel Aware": false,"Async Capable": false,"Scan Direction": "Forward","Index Name": "idx_orders_custkey","Relation Name": "orders","Alias": "orders","Startup Cost": 0.43,"Total Cost": 1.46,"Plan Rows": 17,"Plan Width": 8,"Actual Startup Time": 0.007,"Actual Total Time": 0.043,"Actual Rows": 10,"Actual Loops": 12070,"Index Cond": "(o_custkey = customer.c_custkey)","Rows Removed by Index Recheck": 0,"Workers": []}]},{"Node Type": "Index Scan","Parent Relationship": "Inner","Parallel Aware": false,"Async Capable": false,"Scan Direction": "Forward","Index Name": "idx_lineitem_orderkey","Relation Name": "lineitem","Alias": "lineitem","Startup Cost": 0.43,"Total Cost": 1.14,"Plan Rows": 5,"Plan Width": 24,"Actual Startup Time": 0.016,"Actual Total Time": 0.016,"Actual Rows": 1,"Actual Loops": 120435,"Index Cond": "(l_orderkey = orders.o_orderkey)","Rows Removed by Index Recheck": 0,"Filter": "((l_shipdate >= '1995-01-01'::date) AND (l_shipdate <= '1996-12-31'::date))","Rows Removed by Filter": 3,"Workers": []}]},{"Node Type": "Hash","Parent Relationship": "Inner","Parallel Aware": false,"Async Capable": false,"Startup Cost": 354.10,"Total Cost": 354.10,"Plan Rows": 784,"Plan Width": 108,"Actual Startup Time": 10.272,"Actual Total Time": 10.286,"Actual Rows": 777,"Actual Loops": 3,"Hash Buckets": 1024,"Original Hash Buckets": 1024,"Hash Batches": 1,"Original Hash Batches": 1,"Peak Memory Usage": 56,"Workers": [],"Plans": [{"Node Type": "Hash Join","Parent Relationship": "Outer","Parallel Aware": false,"Async Capable": false,"Join Type": "Inner","Startup Cost": 1.40,"Total Cost": 354.10,"Plan Rows": 784,"Plan Width": 108,"Actual Startup Time": 0.093,"Actual Total Time": 10.108,"Actual Rows": 777,"Actual Loops": 3,"Inner Unique": true,"Hash Cond": "(supplier.s_nationkey = n1.n_nationkey)","Workers": [],"Plans": [{"Node Type": "Seq Scan","Parent Relationship": "Outer","Parallel Aware": false,"Async Capable": false,"Relation Name": "supplier","Alias": "supplier","Startup Cost": 0.00,"Total Cost": 322.00,"Plan Rows": 10000,"Plan Width": 8,"Actual Startup Time": 0.036,"Actual Total Time": 4.082,"Actual Rows": 10000,"Actual Loops": 3,"Workers": []},{"Node Type": "Hash","Parent Relationship": "Inner","Parallel Aware": false,"Async Capable": false,"Startup Cost": 1.38,"Total Cost": 1.38,"Plan Rows": 2,"Plan Width": 108,"Actual Startup Time": 0.020,"Actual Total Time": 0.024,"Actual Rows": 2,"Actual Loops": 3,"Hash Buckets": 1024,"Original Hash Buckets": 1024,"Hash Batches": 1,"Original Hash Batches": 1,"Peak Memory Usage": 9,"Workers": [],"Plans": [{"Node Type": "Seq Scan","Parent Relationship": "Outer","Parallel Aware": false,"Async Capable": false,"Relation Name": "nation","Alias": "n1","Startup Cost": 0.00,"Total Cost": 1.38,"Plan Rows": 2,"Plan Width": 108,"Actual Startup Time": 0.010,"Actual Total Time": 0.014,"Actual Rows": 2,"Actual Loops": 3,"Filter": "((n_name = 'KENYA'::bpchar) OR (n_name = 'RUSSIA'::bpchar))","Rows Removed by Filter": 23,"Workers": []}]}]}]}]}]}]}]}]},"Planning Time": 8.308,"Triggers": [],"Execution Time": 962.555}]
[{"Plan": {"Node Type": "Aggregate","Strategy": "Sorted","Partial Mode": "Finalize","Parallel Aware": false,"Async Capable": false,"Startup Cost": 72556.41,"Total Cost": 73352.71,"Plan Rows": 5893,"Plan Width": 272,"Actual Startup Time": 922.642,"Actual Total Time": 965.219,"Actual Rows": 4,"Actual Loops": 1,"Group Key": ["n1.n_name", "n2.n_name", "(EXTRACT(year FROM lineitem.l_shipdate))"],"Plans": [{"Node Type": "Gather Merge","Parent Relationship": "Outer","Parallel Aware": false,"Async Capable": false,"Startup Cost": 72556.41,"Total Cost": 73202.94,"Plan Rows": 4910,"Plan Width": 272,"Actual Startup Time": 922.190,"Actual Total Time": 965.153,"Actual Rows": 12,"Actual Loops": 1,"Workers Planned": 2,"Workers Launched": 2,"Plans": [{"Node Type": "Aggregate","Strategy": "Sorted","Partial Mode": "Partial","Parent Relationship": "Outer","Parallel Aware": false,"Async Capable": false,"Startup Cost": 71556.39,"Total Cost": 71636.18,"Plan Rows": 2455,"Plan Width": 272,"Actual Startup Time": 914.035,"Actual Total Time": 914.765,"Actual Rows": 4,"Actual Loops": 3,"Group Key": ["n1.n_name", "n2.n_name", "(EXTRACT(year FROM lineitem.l_shipdate))"],"Workers": [],"Plans": [{"Node Type": "Sort","Parent Relationship": "Outer","Parallel Aware": false,"Async Capable": false,"Startup Cost": 71556.39,"Total Cost": 71562.53,"Plan Rows": 2455,"Plan Width": 252,"Actual Startup Time": 913.755,"Actual Total Time": 913.873,"Actual Rows": 1959,"Actual Loops": 3,"Sort Key": ["n1.n_name", "n2.n_name", "(EXTRACT(year FROM lineitem.l_shipdate))"],"Sort Method": "quicksort","Sort Space Used": 268,"Sort Space Type": "Memory","Workers": [{"Worker Number": 0,"Sort Method": "quicksort","Sort Space Used": 263,"Sort Space Type": "Memory"},{"Worker Number": 1,"Sort Method": "quicksort","Sort Space Used": 258,"Sort Space Type": "Memory"}],"Plans": [{"Node Type": "Hash Join","Parent Relationship": "Outer","Parallel Aware": false,"Async Capable": false,"Join Type": "Inner","Startup Cost": 366.16,"Total Cost": 71418.15,"Plan Rows": 2455,"Plan Width": 252,"Actual Startup Time": 11.697,"Actual Total Time": 911.914,"Actual Rows": 1959,"Actual Loops": 3,"Inner Unique": false,"Hash Cond": "(lineitem.l_suppkey = supplier.s_suppkey)","Join Filter": "(((n1.n_name = 'ARGENTINA'::bpchar) AND (n2.n_name = 'UNITED KINGDOM'::bpchar)) OR ((n1.n_name = 'UNITED KINGDOM'::bpchar) AND (n2.n_name = 'ARGENTINA'::bpchar)))","Rows Removed by Join Filter": 1964,"Workers": [],"Plans": [{"Node Type": "Nested Loop","Parent Relationship": "Outer","Parallel Aware": false,"Async Capable": false,"Join Type": "Inner","Startup Cost": 2.26,"Total Cost": 70727.78,"Plan Rows": 60250,"Plan Width": 124,"Actual Startup Time": 0.923,"Actual Total Time": 894.592,"Actual Rows": 48461,"Actual Loops": 3,"Inner Unique": false,"Workers": [],"Plans": [{"Node Type": "Nested Loop","Parent Relationship": "Outer","Parallel Aware": false,"Async Capable": false,"Join Type": "Inner","Startup Cost": 1.83,"Total Cost": 12400.01,"Plan Rows": 49000,"Plan Width": 108,"Actual Startup Time": 0.410,"Actual Total Time": 221.709,"Actual Rows": 39667,"Actual Loops": 3,"Inner Unique": false,"Workers": [],"Plans": [{"Node Type": "Hash Join","Parent Relationship": "Outer","Parallel Aware": false,"Async Capable": false,"Join Type": "Inner","Startup Cost": 1.40,"Total Cost": 4403.27,"Plan Rows": 4900,"Plan Width": 108,"Actual Startup Time": 0.232,"Actual Total Time": 44.265,"Actual Rows": 3995,"Actual Loops": 3,"Inner Unique": true,"Hash Cond": "(customer.c_nationkey = n2.n_nationkey)","Workers": [],"Plans": [{"Node Type": "Seq Scan","Parent Relationship": "Outer","Parallel Aware": true,"Async Capable": false,"Relation Name": "customer","Alias": "customer","Startup Cost": 0.00,"Total Cost": 4210.00,"Plan Rows": 62500,"Plan Width": 8,"Actual Startup Time": 0.017,"Actual Total Time": 9.112,"Actual Rows": 50000,"Actual Loops": 3,"Workers": []},{"Node Type": "Hash","Parent Relationship": "Inner","Parallel Aware": false,"Async Capable": false,"Startup Cost": 1.38,"Total Cost": 1.38,"Plan Rows": 2,"Plan Width": 108,"Actual Startup Time": 0.100,"Actual Total Time": 0.106,"Actual Rows": 2,"Actual Loops": 3,"Hash Buckets": 1024,"Original Hash Buckets": 1024,"Hash Batches": 1,"Original Hash Batches": 1,"Peak Memory Usage": 9,"Workers": [],"Plans": [{"Node Type": "Seq Scan","Parent Relationship": "Outer","Parallel Aware": false,"Async Capable": false,"Relation Name": "nation","Alias": "n2","Startup Cost": 0.00,"Total Cost": 1.38,"Plan Rows": 2,"Plan Width": 108,"Actual Startup Time": 0.069,"Actual Total Time": 0.080,"Actual Rows": 2,"Actual Loops": 3,"Filter": "((n_name = 'UNITED KINGDOM'::bpchar) OR (n_name = 'ARGENTINA'::bpchar))","Rows Removed by Filter": 23,"Workers": []}]}]},{"Node Type": "Index Scan","Parent Relationship": "Inner","Parallel Aware": false,"Async Capable": false,"Scan Direction": "Forward","Index Name": "idx_orders_custkey","Relation Name": "orders","Alias": "orders","Startup Cost": 0.43,"Total Cost": 1.46,"Plan Rows": 17,"Plan Width": 8,"Actual Startup Time": 0.007,"Actual Total Time": 0.043,"Actual Rows": 10,"Actual Loops": 11986,"Index Cond": "(o_custkey = customer.c_custkey)","Rows Removed by Index Recheck": 0,"Workers": []}]},{"Node Type": "Index Scan","Parent Relationship": "Inner","Parallel Aware": false,"Async Capable": false,"Scan Direction": "Forward","Index Name": "idx_lineitem_orderkey","Relation Name": "lineitem","Alias": "lineitem","Startup Cost": 0.43,"Total Cost": 1.14,"Plan Rows": 5,"Plan Width": 24,"Actual Startup Time": 0.016,"Actual Total Time": 0.017,"Actual Rows": 1,"Actual Loops": 119002,"Index Cond": "(l_orderkey = orders.o_orderkey)","Rows Removed by Index Recheck": 0,"Filter": "((l_shipdate >= '1995-01-01'::date) AND (l_shipdate <= '1996-12-31'::date))","Rows Removed by Filter": 3,"Workers": []}]},{"Node Type": "Hash","Parent Relationship": "Inner","Parallel Aware": false,"Async Capable": false,"Startup Cost": 354.10,"Total Cost": 354.10,"Plan Rows": 784,"Plan Width": 108,"Actual Startup Time": 10.311,"Actual Total Time": 10.327,"Actual Rows": 803,"Actual Loops": 3,"Hash Buckets": 1024,"Original Hash Buckets": 1024,"Hash Batches": 1,"Original Hash Batches": 1,"Peak Memory Usage": 57,"Workers": [],"Plans": [{"Node Type": "Hash Join","Parent Relationship": "Outer","Parallel Aware": false,"Async Capable": false,"Join Type": "Inner","Startup Cost": 1.40,"Total Cost": 354.10,"Plan Rows": 784,"Plan Width": 108,"Actual Startup Time": 0.107,"Actual Total Time": 10.150,"Actual Rows": 803,"Actual Loops": 3,"Inner Unique": true,"Hash Cond": "(supplier.s_nationkey = n1.n_nationkey)","Workers": [],"Plans": [{"Node Type": "Seq Scan","Parent Relationship": "Outer","Parallel Aware": false,"Async Capable": false,"Relation Name": "supplier","Alias": "supplier","Startup Cost": 0.00,"Total Cost": 322.00,"Plan Rows": 10000,"Plan Width": 8,"Actual Startup Time": 0.037,"Actual Total Time": 3.943,"Actual Rows": 10000,"Actual Loops": 3,"Workers": []},{"Node Type": "Hash","Parent Relationship": "Inner","Parallel Aware": false,"Async Capable": false,"Startup Cost": 1.38,"Total Cost": 1.38,"Plan Rows": 2,"Plan Width": 108,"Actual Startup Time": 0.028,"Actual Total Time": 0.034,"Actual Rows": 2,"Actual Loops": 3,"Hash Buckets": 1024,"Original Hash Buckets": 1024,"Hash Batches": 1,"Original Hash Batches": 1,"Peak Memory Usage": 9,"Workers": [],"Plans": [{"Node Type": "Seq Scan","Parent Relationship": "Outer","Parallel Aware": false,"Async Capable": false,"Relation Name": "nation","Alias": "n1","Startup Cost": 0.00,"Total Cost": 1.38,"Plan Rows": 2,"Plan Width": 108,"Actual Startup Time": 0.015,"Actual Total Time": 0.022,"Actual Rows": 2,"Actual Loops": 3,"Filter": "((n_name = 'ARGENTINA'::bpchar) OR (n_name = 'UNITED KINGDOM'::bpchar))","Rows Removed by Filter": 23,"Workers": []}]}]}]}]}]}]}]}]},"Planning Time": 9.007,"Triggers": [],"Execution Time": 965.646}]
[{"Plan": {"Node Type": "Aggregate","Strategy": "Sorted","Partial Mode": "Finalize","Parallel Aware": false,"Async Capable": false,"Startup Cost": 72556.41,"Total Cost": 73352.71,"Plan Rows": 5893,"Plan Width": 272,"Actual Startup Time": 930.130,"Actual Total Time": 974.555,"Actual Rows": 4,"Actual Loops": 1,"Group Key": ["n1.n_name", "n2.n_name", "(EXTRACT(year FROM lineitem.l_shipdate))"],"Plans": [{"Node Type": "Gather Merge","Parent Relationship": "Outer","Parallel Aware": false,"Async Capable": false,"Startup Cost": 72556.41,"Total Cost": 73202.94,"Plan Rows": 4910,"Plan Width": 272,"Actual Startup Time": 929.432,"Actual Total Time": 974.461,"Actual Rows": 12,"Actual Loops": 1,"Workers Planned": 2,"Workers Launched": 2,"Plans": [{"Node Type": "Aggregate","Strategy": "Sorted","Partial Mode": "Partial","Parent Relationship": "Outer","Parallel Aware": false,"Async Capable": false,"Startup Cost": 71556.39,"Total Cost": 71636.18,"Plan Rows": 2455,"Plan Width": 272,"Actual Startup Time": 920.918,"Actual Total Time": 921.714,"Actual Rows": 4,"Actual Loops": 3,"Group Key": ["n1.n_name", "n2.n_name", "(EXTRACT(year FROM lineitem.l_shipdate))"],"Workers": [],"Plans": [{"Node Type": "Sort","Parent Relationship": "Outer","Parallel Aware": false,"Async Capable": false,"Startup Cost": 71556.39,"Total Cost": 71562.53,"Plan Rows": 2455,"Plan Width": 252,"Actual Startup Time": 920.657,"Actual Total Time": 920.775,"Actual Rows": 1928,"Actual Loops": 3,"Sort Key": ["n1.n_name", "n2.n_name", "(EXTRACT(year FROM lineitem.l_shipdate))"],"Sort Method": "quicksort","Sort Space Used": 321,"Sort Space Type": "Memory","Workers": [{"Worker Number": 0,"Sort Method": "quicksort","Sort Space Used": 255,"Sort Space Type": "Memory"},{"Worker Number": 1,"Sort Method": "quicksort","Sort Space Used": 250,"Sort Space Type": "Memory"}],"Plans": [{"Node Type": "Hash Join","Parent Relationship": "Outer","Parallel Aware": false,"Async Capable": false,"Join Type": "Inner","Startup Cost": 366.16,"Total Cost": 71418.15,"Plan Rows": 2455,"Plan Width": 252,"Actual Startup Time": 14.055,"Actual Total Time": 918.807,"Actual Rows": 1928,"Actual Loops": 3,"Inner Unique": false,"Hash Cond": "(lineitem.l_suppkey = supplier.s_suppkey)","Join Filter": "(((n1.n_name = 'INDONESIA'::bpchar) AND (n2.n_name = 'IRAN'::bpchar)) OR ((n1.n_name = 'IRAN'::bpchar) AND (n2.n_name = 'INDONESIA'::bpchar)))","Rows Removed by Join Filter": 1954,"Workers": [],"Plans": [{"Node Type": "Nested Loop","Parent Relationship": "Outer","Parallel Aware": false,"Async Capable": false,"Join Type": "Inner","Startup Cost": 2.26,"Total Cost": 70727.78,"Plan Rows": 60250,"Plan Width": 124,"Actual Startup Time": 0.457,"Actual Total Time": 899.984,"Actual Rows": 49182,"Actual Loops": 3,"Inner Unique": false,"Workers": [],"Plans": [{"Node Type": "Nested Loop","Parent Relationship": "Outer","Parallel Aware": false,"Async Capable": false,"Join Type": "Inner","Startup Cost": 1.83,"Total Cost": 12400.01,"Plan Rows": 49000,"Plan Width": 108,"Actual Startup Time": 0.271,"Actual Total Time": 221.938,"Actual Rows": 40351,"Actual Loops": 3,"Inner Unique": false,"Workers": [],"Plans": [{"Node Type": "Hash Join","Parent Relationship": "Outer","Parallel Aware": false,"Async Capable": false,"Join Type": "Inner","Startup Cost": 1.40,"Total Cost": 4403.27,"Plan Rows": 4900,"Plan Width": 108,"Actual Startup Time": 0.163,"Actual Total Time": 42.981,"Actual Rows": 4057,"Actual Loops": 3,"Inner Unique": true,"Hash Cond": "(customer.c_nationkey = n2.n_nationkey)","Workers": [],"Plans": [{"Node Type": "Seq Scan","Parent Relationship": "Outer","Parallel Aware": true,"Async Capable": false,"Relation Name": "customer","Alias": "customer","Startup Cost": 0.00,"Total Cost": 4210.00,"Plan Rows": 62500,"Plan Width": 8,"Actual Startup Time": 0.014,"Actual Total Time": 9.134,"Actual Rows": 50000,"Actual Loops": 3,"Workers": []},{"Node Type": "Hash","Parent Relationship": "Inner","Parallel Aware": false,"Async Capable": false,"Startup Cost": 1.38,"Total Cost": 1.38,"Plan Rows": 2,"Plan Width": 108,"Actual Startup Time": 0.071,"Actual Total Time": 0.076,"Actual Rows": 2,"Actual Loops": 3,"Hash Buckets": 1024,"Original Hash Buckets": 1024,"Hash Batches": 1,"Original Hash Batches": 1,"Peak Memory Usage": 9,"Workers": [],"Plans": [{"Node Type": "Seq Scan","Parent Relationship": "Outer","Parallel Aware": false,"Async Capable": false,"Relation Name": "nation","Alias": "n2","Startup Cost": 0.00,"Total Cost": 1.38,"Plan Rows": 2,"Plan Width": 108,"Actual Startup Time": 0.054,"Actual Total Time": 0.058,"Actual Rows": 2,"Actual Loops": 3,"Filter": "((n_name = 'IRAN'::bpchar) OR (n_name = 'INDONESIA'::bpchar))","Rows Removed by Filter": 23,"Workers": []}]}]},{"Node Type": "Index Scan","Parent Relationship": "Inner","Parallel Aware": false,"Async Capable": false,"Scan Direction": "Forward","Index Name": "idx_orders_custkey","Relation Name": "orders","Alias": "orders","Startup Cost": 0.43,"Total Cost": 1.46,"Plan Rows": 17,"Plan Width": 8,"Actual Startup Time": 0.007,"Actual Total Time": 0.043,"Actual Rows": 10,"Actual Loops": 12170,"Index Cond": "(o_custkey = customer.c_custkey)","Rows Removed by Index Recheck": 0,"Workers": []}]},{"Node Type": "Index Scan","Parent Relationship": "Inner","Parallel Aware": false,"Async Capable": false,"Scan Direction": "Forward","Index Name": "idx_lineitem_orderkey","Relation Name": "lineitem","Alias": "lineitem","Startup Cost": 0.43,"Total Cost": 1.14,"Plan Rows": 5,"Plan Width": 24,"Actual Startup Time": 0.016,"Actual Total Time": 0.017,"Actual Rows": 1,"Actual Loops": 121052,"Index Cond": "(l_orderkey = orders.o_orderkey)","Rows Removed by Index Recheck": 0,"Filter": "((l_shipdate >= '1995-01-01'::date) AND (l_shipdate <= '1996-12-31'::date))","Rows Removed by Filter": 3,"Workers": []}]},{"Node Type": "Hash","Parent Relationship": "Inner","Parallel Aware": false,"Async Capable": false,"Startup Cost": 354.10,"Total Cost": 354.10,"Plan Rows": 784,"Plan Width": 108,"Actual Startup Time": 11.607,"Actual Total Time": 11.622,"Actual Rows": 798,"Actual Loops": 3,"Hash Buckets": 1024,"Original Hash Buckets": 1024,"Hash Batches": 1,"Original Hash Batches": 1,"Peak Memory Usage": 57,"Workers": [],"Plans": [{"Node Type": "Hash Join","Parent Relationship": "Outer","Parallel Aware": false,"Async Capable": false,"Join Type": "Inner","Startup Cost": 1.40,"Total Cost": 354.10,"Plan Rows": 784,"Plan Width": 108,"Actual Startup Time": 0.078,"Actual Total Time": 11.428,"Actual Rows": 798,"Actual Loops": 3,"Inner Unique": true,"Hash Cond": "(supplier.s_nationkey = n1.n_nationkey)","Workers": [],"Plans": [{"Node Type": "Seq Scan","Parent Relationship": "Outer","Parallel Aware": false,"Async Capable": false,"Relation Name": "supplier","Alias": "supplier","Startup Cost": 0.00,"Total Cost": 322.00,"Plan Rows": 10000,"Plan Width": 8,"Actual Startup Time": 0.028,"Actual Total Time": 4.571,"Actual Rows": 10000,"Actual Loops": 3,"Workers": []},{"Node Type": "Hash","Parent Relationship": "Inner","Parallel Aware": false,"Async Capable": false,"Startup Cost": 1.38,"Total Cost": 1.38,"Plan Rows": 2,"Plan Width": 108,"Actual Startup Time": 0.014,"Actual Total Time": 0.019,"Actual Rows": 2,"Actual Loops": 3,"Hash Buckets": 1024,"Original Hash Buckets": 1024,"Hash Batches": 1,"Original Hash Batches": 1,"Peak Memory Usage": 9,"Workers": [],"Plans": [{"Node Type": "Seq Scan","Parent Relationship": "Outer","Parallel Aware": false,"Async Capable": false,"Relation Name": "nation","Alias": "n1","Startup Cost": 0.00,"Total Cost": 1.38,"Plan Rows": 2,"Plan Width": 108,"Actual Startup Time": 0.005,"Actual Total Time": 0.009,"Actual Rows": 2,"Actual Loops": 3,"Filter": "((n_name = 'INDONESIA'::bpchar) OR (n_name = 'IRAN'::bpchar))","Rows Removed by Filter": 23,"Workers": []}]}]}]}]}]}]}]}]},"Planning Time": 8.710,"Triggers": [],"Execution Time": 974.978}]
[{"Plan": {"Node Type": "Aggregate","Strategy": "Sorted","Partial Mode": "Finalize","Parallel Aware": false,"Async Capable": false,"Startup Cost": 72556.41,"Total Cost": 73352.71,"Plan Rows": 5893,"Plan Width": 272,"Actual Startup Time": 932.550,"Actual Total Time": 976.754,"Actual Rows": 4,"Actual Loops": 1,"Group Key": ["n1.n_name", "n2.n_name", "(EXTRACT(year FROM lineitem.l_shipdate))"],"Plans": [{"Node Type": "Gather Merge","Parent Relationship": "Outer","Parallel Aware": false,"Async Capable": false,"Startup Cost": 72556.41,"Total Cost": 73202.94,"Plan Rows": 4910,"Plan Width": 272,"Actual Startup Time": 932.067,"Actual Total Time": 976.676,"Actual Rows": 12,"Actual Loops": 1,"Workers Planned": 2,"Workers Launched": 2,"Plans": [{"Node Type": "Aggregate","Strategy": "Sorted","Partial Mode": "Partial","Parent Relationship": "Outer","Parallel Aware": false,"Async Capable": false,"Startup Cost": 71556.39,"Total Cost": 71636.18,"Plan Rows": 2455,"Plan Width": 272,"Actual Startup Time": 923.987,"Actual Total Time": 924.760,"Actual Rows": 4,"Actual Loops": 3,"Group Key": ["n1.n_name", "n2.n_name", "(EXTRACT(year FROM lineitem.l_shipdate))"],"Workers": [],"Plans": [{"Node Type": "Sort","Parent Relationship": "Outer","Parallel Aware": false,"Async Capable": false,"Startup Cost": 71556.39,"Total Cost": 71562.53,"Plan Rows": 2455,"Plan Width": 252,"Actual Startup Time": 923.715,"Actual Total Time": 923.832,"Actual Rows": 1993,"Actual Loops": 3,"Sort Key": ["n1.n_name", "n2.n_name", "(EXTRACT(year FROM lineitem.l_shipdate))"],"Sort Method": "quicksort","Sort Space Used": 272,"Sort Space Type": "Memory","Workers": [{"Worker Number": 0,"Sort Method": "quicksort","Sort Space Used": 261,"Sort Space Type": "Memory"},{"Worker Number": 1,"Sort Method": "quicksort","Sort Space Used": 267,"Sort Space Type": "Memory"}],"Plans": [{"Node Type": "Hash Join","Parent Relationship": "Outer","Parallel Aware": false,"Async Capable": false,"Join Type": "Inner","Startup Cost": 366.16,"Total Cost": 71418.15,"Plan Rows": 2455,"Plan Width": 252,"Actual Startup Time": 11.327,"Actual Total Time": 921.857,"Actual Rows": 1993,"Actual Loops": 3,"Inner Unique": false,"Hash Cond": "(lineitem.l_suppkey = supplier.s_suppkey)","Join Filter": "(((n1.n_name = 'CANADA'::bpchar) AND (n2.n_name = 'ROMANIA'::bpchar)) OR ((n1.n_name = 'ROMANIA'::bpchar) AND (n2.n_name = 'CANADA'::bpchar)))","Rows Removed by Join Filter": 1992,"Workers": [],"Plans": [{"Node Type": "Nested Loop","Parent Relationship": "Outer","Parallel Aware": false,"Async Capable": false,"Join Type": "Inner","Startup Cost": 2.26,"Total Cost": 70727.78,"Plan Rows": 60250,"Plan Width": 124,"Actual Startup Time": 0.785,"Actual Total Time": 904.817,"Actual Rows": 49319,"Actual Loops": 3,"Inner Unique": false,"Workers": [],"Plans": [{"Node Type": "Nested Loop","Parent Relationship": "Outer","Parallel Aware": false,"Async Capable": false,"Join Type": "Inner","Startup Cost": 1.83,"Total Cost": 12400.01,"Plan Rows": 49000,"Plan Width": 108,"Actual Startup Time": 0.335,"Actual Total Time": 222.964,"Actual Rows": 40497,"Actual Loops": 3,"Inner Unique": false,"Workers": [],"Plans": [{"Node Type": "Hash Join","Parent Relationship": "Outer","Parallel Aware": false,"Async Capable": false,"Join Type": "Inner","Startup Cost": 1.40,"Total Cost": 4403.27,"Plan Rows": 4900,"Plan Width": 108,"Actual Startup Time": 0.212,"Actual Total Time": 43.020,"Actual Rows": 4040,"Actual Loops": 3,"Inner Unique": true,"Hash Cond": "(customer.c_nationkey = n2.n_nationkey)","Workers": [],"Plans": [{"Node Type": "Seq Scan","Parent Relationship": "Outer","Parallel Aware": true,"Async Capable": false,"Relation Name": "customer","Alias": "customer","Startup Cost": 0.00,"Total Cost": 4210.00,"Plan Rows": 62500,"Plan Width": 8,"Actual Startup Time": 0.023,"Actual Total Time": 9.114,"Actual Rows": 50000,"Actual Loops": 3,"Workers": []},{"Node Type": "Hash","Parent Relationship": "Inner","Parallel Aware": false,"Async Capable": false,"Startup Cost": 1.38,"Total Cost": 1.38,"Plan Rows": 2,"Plan Width": 108,"Actual Startup Time": 0.078,"Actual Total Time": 0.085,"Actual Rows": 2,"Actual Loops": 3,"Hash Buckets": 1024,"Original Hash Buckets": 1024,"Hash Batches": 1,"Original Hash Batches": 1,"Peak Memory Usage": 9,"Workers": [],"Plans": [{"Node Type": "Seq Scan","Parent Relationship": "Outer","Parallel Aware": false,"Async Capable": false,"Relation Name": "nation","Alias": "n2","Startup Cost": 0.00,"Total Cost": 1.38,"Plan Rows": 2,"Plan Width": 108,"Actual Startup Time": 0.054,"Actual Total Time": 0.065,"Actual Rows": 2,"Actual Loops": 3,"Filter": "((n_name = 'ROMANIA'::bpchar) OR (n_name = 'CANADA'::bpchar))","Rows Removed by Filter": 23,"Workers": []}]}]},{"Node Type": "Index Scan","Parent Relationship": "Inner","Parallel Aware": false,"Async Capable": false,"Scan Direction": "Forward","Index Name": "idx_orders_custkey","Relation Name": "orders","Alias": "orders","Startup Cost": 0.43,"Total Cost": 1.46,"Plan Rows": 17,"Plan Width": 8,"Actual Startup Time": 0.007,"Actual Total Time": 0.043,"Actual Rows": 10,"Actual Loops": 12120,"Index Cond": "(o_custkey = customer.c_custkey)","Rows Removed by Index Recheck": 0,"Workers": []}]},{"Node Type": "Index Scan","Parent Relationship": "Inner","Parallel Aware": false,"Async Capable": false,"Scan Direction": "Forward","Index Name": "idx_lineitem_orderkey","Relation Name": "lineitem","Alias": "lineitem","Startup Cost": 0.43,"Total Cost": 1.14,"Plan Rows": 5,"Plan Width": 24,"Actual Startup Time": 0.016,"Actual Total Time": 0.017,"Actual Rows": 1,"Actual Loops": 121492,"Index Cond": "(l_orderkey = orders.o_orderkey)","Rows Removed by Index Recheck": 0,"Filter": "((l_shipdate >= '1995-01-01'::date) AND (l_shipdate <= '1996-12-31'::date))","Rows Removed by Filter": 3,"Workers": []}]},{"Node Type": "Hash","Parent Relationship": "Inner","Parallel Aware": false,"Async Capable": false,"Startup Cost": 354.10,"Total Cost": 354.10,"Plan Rows": 784,"Plan Width": 108,"Actual Startup Time": 9.665,"Actual Total Time": 9.679,"Actual Rows": 810,"Actual Loops": 3,"Hash Buckets": 1024,"Original Hash Buckets": 1024,"Hash Batches": 1,"Original Hash Batches": 1,"Peak Memory Usage": 58,"Workers": [],"Plans": [{"Node Type": "Hash Join","Parent Relationship": "Outer","Parallel Aware": false,"Async Capable": false,"Join Type": "Inner","Startup Cost": 1.40,"Total Cost": 354.10,"Plan Rows": 784,"Plan Width": 108,"Actual Startup Time": 0.085,"Actual Total Time": 9.496,"Actual Rows": 810,"Actual Loops": 3,"Inner Unique": true,"Hash Cond": "(supplier.s_nationkey = n1.n_nationkey)","Workers": [],"Plans": [{"Node Type": "Seq Scan","Parent Relationship": "Outer","Parallel Aware": false,"Async Capable": false,"Relation Name": "supplier","Alias": "supplier","Startup Cost": 0.00,"Total Cost": 322.00,"Plan Rows": 10000,"Plan Width": 8,"Actual Startup Time": 0.032,"Actual Total Time": 3.796,"Actual Rows": 10000,"Actual Loops": 3,"Workers": []},{"Node Type": "Hash","Parent Relationship": "Inner","Parallel Aware": false,"Async Capable": false,"Startup Cost": 1.38,"Total Cost": 1.38,"Plan Rows": 2,"Plan Width": 108,"Actual Startup Time": 0.015,"Actual Total Time": 0.020,"Actual Rows": 2,"Actual Loops": 3,"Hash Buckets": 1024,"Original Hash Buckets": 1024,"Hash Batches": 1,"Original Hash Batches": 1,"Peak Memory Usage": 9,"Workers": [],"Plans": [{"Node Type": "Seq Scan","Parent Relationship": "Outer","Parallel Aware": false,"Async Capable": false,"Relation Name": "nation","Alias": "n1","Startup Cost": 0.00,"Total Cost": 1.38,"Plan Rows": 2,"Plan Width": 108,"Actual Startup Time": 0.005,"Actual Total Time": 0.011,"Actual Rows": 2,"Actual Loops": 3,"Filter": "((n_name = 'CANADA'::bpchar) OR (n_name = 'ROMANIA'::bpchar))","Rows Removed by Filter": 23,"Workers": []}]}]}]}]}]}]}]}]},"Planning Time": 8.956,"Triggers": [],"Execution Time": 977.198}]
[{"Plan": {"Node Type": "Aggregate","Strategy": "Sorted","Partial Mode": "Finalize","Parallel Aware": false,"Async Capable": false,"Startup Cost": 72556.41,"Total Cost": 73352.71,"Plan Rows": 5893,"Plan Width": 272,"Actual Startup Time": 922.365,"Actual Total Time": 978.176,"Actual Rows": 4,"Actual Loops": 1,"Group Key": ["n1.n_name", "n2.n_name", "(EXTRACT(year FROM lineitem.l_shipdate))"],"Plans": [{"Node Type": "Gather Merge","Parent Relationship": "Outer","Parallel Aware": false,"Async Capable": false,"Startup Cost": 72556.41,"Total Cost": 73202.94,"Plan Rows": 4910,"Plan Width": 272,"Actual Startup Time": 921.936,"Actual Total Time": 978.104,"Actual Rows": 12,"Actual Loops": 1,"Workers Planned": 2,"Workers Launched": 2,"Plans": [{"Node Type": "Aggregate","Strategy": "Sorted","Partial Mode": "Partial","Parent Relationship": "Outer","Parallel Aware": false,"Async Capable": false,"Startup Cost": 71556.39,"Total Cost": 71636.18,"Plan Rows": 2455,"Plan Width": 272,"Actual Startup Time": 913.838,"Actual Total Time": 914.553,"Actual Rows": 4,"Actual Loops": 3,"Group Key": ["n1.n_name", "n2.n_name", "(EXTRACT(year FROM lineitem.l_shipdate))"],"Workers": [],"Plans": [{"Node Type": "Sort","Parent Relationship": "Outer","Parallel Aware": false,"Async Capable": false,"Startup Cost": 71556.39,"Total Cost": 71562.53,"Plan Rows": 2455,"Plan Width": 252,"Actual Startup Time": 913.580,"Actual Total Time": 913.691,"Actual Rows": 1899,"Actual Loops": 3,"Sort Key": ["n1.n_name", "n2.n_name", "(EXTRACT(year FROM lineitem.l_shipdate))"],"Sort Method": "quicksort","Sort Space Used": 258,"Sort Space Type": "Memory","Workers": [{"Worker Number": 0,"Sort Method": "quicksort","Sort Space Used": 257,"Sort Space Type": "Memory"},{"Worker Number": 1,"Sort Method": "quicksort","Sort Space Used": 253,"Sort Space Type": "Memory"}],"Plans": [{"Node Type": "Hash Join","Parent Relationship": "Outer","Parallel Aware": false,"Async Capable": false,"Join Type": "Inner","Startup Cost": 366.16,"Total Cost": 71418.15,"Plan Rows": 2455,"Plan Width": 252,"Actual Startup Time": 9.567,"Actual Total Time": 911.825,"Actual Rows": 1899,"Actual Loops": 3,"Inner Unique": false,"Hash Cond": "(lineitem.l_suppkey = supplier.s_suppkey)","Join Filter": "(((n1.n_name = 'VIETNAM'::bpchar) AND (n2.n_name = 'ETHIOPIA'::bpchar)) OR ((n1.n_name = 'ETHIOPIA'::bpchar) AND (n2.n_name = 'VIETNAM'::bpchar)))","Rows Removed by Join Filter": 1915,"Workers": [],"Plans": [{"Node Type": "Nested Loop","Parent Relationship": "Outer","Parallel Aware": false,"Async Capable": false,"Join Type": "Inner","Startup Cost": 2.26,"Total Cost": 70727.78,"Plan Rows": 60250,"Plan Width": 124,"Actual Startup Time": 0.499,"Actual Total Time": 896.573,"Actual Rows": 48936,"Actual Loops": 3,"Inner Unique": false,"Workers": [],"Plans": [{"Node Type": "Nested Loop","Parent Relationship": "Outer","Parallel Aware": false,"Async Capable": false,"Join Type": "Inner","Startup Cost": 1.83,"Total Cost": 12400.01,"Plan Rows": 49000,"Plan Width": 108,"Actual Startup Time": 0.326,"Actual Total Time": 224.561,"Actual Rows": 40018,"Actual Loops": 3,"Inner Unique": false,"Workers": [],"Plans": [{"Node Type": "Hash Join","Parent Relationship": "Outer","Parallel Aware": false,"Async Capable": false,"Join Type": "Inner","Startup Cost": 1.40,"Total Cost": 4403.27,"Plan Rows": 4900,"Plan Width": 108,"Actual Startup Time": 0.163,"Actual Total Time": 47.017,"Actual Rows": 3987,"Actual Loops": 3,"Inner Unique": true,"Hash Cond": "(customer.c_nationkey = n2.n_nationkey)","Workers": [],"Plans": [{"Node Type": "Seq Scan","Parent Relationship": "Outer","Parallel Aware": true,"Async Capable": false,"Relation Name": "customer","Alias": "customer","Startup Cost": 0.00,"Total Cost": 4210.00,"Plan Rows": 62500,"Plan Width": 8,"Actual Startup Time": 0.013,"Actual Total Time": 9.465,"Actual Rows": 50000,"Actual Loops": 3,"Workers": []},{"Node Type": "Hash","Parent Relationship": "Inner","Parallel Aware": false,"Async Capable": false,"Startup Cost": 1.38,"Total Cost": 1.38,"Plan Rows": 2,"Plan Width": 108,"Actual Startup Time": 0.071,"Actual Total Time": 0.079,"Actual Rows": 2,"Actual Loops": 3,"Hash Buckets": 1024,"Original Hash Buckets": 1024,"Hash Batches": 1,"Original Hash Batches": 1,"Peak Memory Usage": 9,"Workers": [],"Plans": [{"Node Type": "Seq Scan","Parent Relationship": "Outer","Parallel Aware": false,"Async Capable": false,"Relation Name": "nation","Alias": "n2","Startup Cost": 0.00,"Total Cost": 1.38,"Plan Rows": 2,"Plan Width": 108,"Actual Startup Time": 0.051,"Actual Total Time": 0.059,"Actual Rows": 2,"Actual Loops": 3,"Filter": "((n_name = 'ETHIOPIA'::bpchar) OR (n_name = 'VIETNAM'::bpchar))","Rows Removed by Filter": 23,"Workers": []}]}]},{"Node Type": "Index Scan","Parent Relationship": "Inner","Parallel Aware": false,"Async Capable": false,"Scan Direction": "Forward","Index Name": "idx_orders_custkey","Relation Name": "orders","Alias": "orders","Startup Cost": 0.43,"Total Cost": 1.46,"Plan Rows": 17,"Plan Width": 8,"Actual Startup Time": 0.007,"Actual Total Time": 0.043,"Actual Rows": 10,"Actual Loops": 11960,"Index Cond": "(o_custkey = customer.c_custkey)","Rows Removed by Index Recheck": 0,"Workers": []}]},{"Node Type": "Index Scan","Parent Relationship": "Inner","Parallel Aware": false,"Async Capable": false,"Scan Direction": "Forward","Index Name": "idx_lineitem_orderkey","Relation Name": "lineitem","Alias": "lineitem","Startup Cost": 0.43,"Total Cost": 1.14,"Plan Rows": 5,"Plan Width": 24,"Actual Startup Time": 0.016,"Actual Total Time": 0.017,"Actual Rows": 1,"Actual Loops": 120053,"Index Cond": "(l_orderkey = orders.o_orderkey)","Rows Removed by Index Recheck": 0,"Filter": "((l_shipdate >= '1995-01-01'::date) AND (l_shipdate <= '1996-12-31'::date))","Rows Removed by Filter": 3,"Workers": []}]},{"Node Type": "Hash","Parent Relationship": "Inner","Parallel Aware": false,"Async Capable": false,"Startup Cost": 354.10,"Total Cost": 354.10,"Plan Rows": 784,"Plan Width": 108,"Actual Startup Time": 8.348,"Actual Total Time": 8.366,"Actual Rows": 779,"Actual Loops": 3,"Hash Buckets": 1024,"Original Hash Buckets": 1024,"Hash Batches": 1,"Original Hash Batches": 1,"Peak Memory Usage": 56,"Workers": [],"Plans": [{"Node Type": "Hash Join","Parent Relationship": "Outer","Parallel Aware": false,"Async Capable": false,"Join Type": "Inner","Startup Cost": 1.40,"Total Cost": 354.10,"Plan Rows": 784,"Plan Width": 108,"Actual Startup Time": 0.079,"Actual Total Time": 8.151,"Actual Rows": 779,"Actual Loops": 3,"Inner Unique": true,"Hash Cond": "(supplier.s_nationkey = n1.n_nationkey)","Workers": [],"Plans": [{"Node Type": "Seq Scan","Parent Relationship": "Outer","Parallel Aware": false,"Async Capable": false,"Relation Name": "supplier","Alias": "supplier","Startup Cost": 0.00,"Total Cost": 322.00,"Plan Rows": 10000,"Plan Width": 8,"Actual Startup Time": 0.031,"Actual Total Time": 4.456,"Actual Rows": 10000,"Actual Loops": 3,"Workers": []},{"Node Type": "Hash","Parent Relationship": "Inner","Parallel Aware": false,"Async Capable": false,"Startup Cost": 1.38,"Total Cost": 1.38,"Plan Rows": 2,"Plan Width": 108,"Actual Startup Time": 0.019,"Actual Total Time": 0.025,"Actual Rows": 2,"Actual Loops": 3,"Hash Buckets": 1024,"Original Hash Buckets": 1024,"Hash Batches": 1,"Original Hash Batches": 1,"Peak Memory Usage": 9,"Workers": [],"Plans": [{"Node Type": "Seq Scan","Parent Relationship": "Outer","Parallel Aware": false,"Async Capable": false,"Relation Name": "nation","Alias": "n1","Startup Cost": 0.00,"Total Cost": 1.38,"Plan Rows": 2,"Plan Width": 108,"Actual Startup Time": 0.007,"Actual Total Time": 0.014,"Actual Rows": 2,"Actual Loops": 3,"Filter": "((n_name = 'VIETNAM'::bpchar) OR (n_name = 'ETHIOPIA'::bpchar))","Rows Removed by Filter": 23,"Workers": []}]}]}]}]}]}]}]}]},"Planning Time": 9.188,"Triggers": [],"Execution Time": 978.665}]
[{"Plan": {"Node Type": "Aggregate","Strategy": "Sorted","Partial Mode": "Finalize","Parallel Aware": false,"Async Capable": false,"Startup Cost": 72556.41,"Total Cost": 73352.71,"Plan Rows": 5893,"Plan Width": 272,"Actual Startup Time": 929.678,"Actual Total Time": 974.387,"Actual Rows": 4,"Actual Loops": 1,"Group Key": ["n1.n_name", "n2.n_name", "(EXTRACT(year FROM lineitem.l_shipdate))"],"Plans": [{"Node Type": "Gather Merge","Parent Relationship": "Outer","Parallel Aware": false,"Async Capable": false,"Startup Cost": 72556.41,"Total Cost": 73202.94,"Plan Rows": 4910,"Plan Width": 272,"Actual Startup Time": 929.369,"Actual Total Time": 974.312,"Actual Rows": 12,"Actual Loops": 1,"Workers Planned": 2,"Workers Launched": 2,"Plans": [{"Node Type": "Aggregate","Strategy": "Sorted","Partial Mode": "Partial","Parent Relationship": "Outer","Parallel Aware": false,"Async Capable": false,"Startup Cost": 71556.39,"Total Cost": 71636.18,"Plan Rows": 2455,"Plan Width": 272,"Actual Startup Time": 921.473,"Actual Total Time": 922.181,"Actual Rows": 4,"Actual Loops": 3,"Group Key": ["n1.n_name", "n2.n_name", "(EXTRACT(year FROM lineitem.l_shipdate))"],"Workers": [],"Plans": [{"Node Type": "Sort","Parent Relationship": "Outer","Parallel Aware": false,"Async Capable": false,"Startup Cost": 71556.39,"Total Cost": 71562.53,"Plan Rows": 2455,"Plan Width": 252,"Actual Startup Time": 921.194,"Actual Total Time": 921.301,"Actual Rows": 2061,"Actual Loops": 3,"Sort Key": ["n1.n_name", "n2.n_name", "(EXTRACT(year FROM lineitem.l_shipdate))"],"Sort Method": "quicksort","Sort Space Used": 330,"Sort Space Type": "Memory","Workers": [{"Worker Number": 0,"Sort Method": "quicksort","Sort Space Used": 263,"Sort Space Type": "Memory"},{"Worker Number": 1,"Sort Method": "quicksort","Sort Space Used": 325,"Sort Space Type": "Memory"}],"Plans": [{"Node Type": "Hash Join","Parent Relationship": "Outer","Parallel Aware": false,"Async Capable": false,"Join Type": "Inner","Startup Cost": 366.16,"Total Cost": 71418.15,"Plan Rows": 2455,"Plan Width": 252,"Actual Startup Time": 14.321,"Actual Total Time": 919.215,"Actual Rows": 2061,"Actual Loops": 3,"Inner Unique": false,"Hash Cond": "(lineitem.l_suppkey = supplier.s_suppkey)","Join Filter": "(((n1.n_name = 'MOZAMBIQUE'::bpchar) AND (n2.n_name = 'EGYPT'::bpchar)) OR ((n1.n_name = 'EGYPT'::bpchar) AND (n2.n_name = 'MOZAMBIQUE'::bpchar)))","Rows Removed by Join Filter": 2019,"Workers": [],"Plans": [{"Node Type": "Nested Loop","Parent Relationship": "Outer","Parallel Aware": false,"Async Capable": false,"Join Type": "Inner","Startup Cost": 2.26,"Total Cost": 70727.78,"Plan Rows": 60250,"Plan Width": 124,"Actual Startup Time": 0.797,"Actual Total Time": 901.298,"Actual Rows": 48837,"Actual Loops": 3,"Inner Unique": false,"Workers": [],"Plans": [{"Node Type": "Nested Loop","Parent Relationship": "Outer","Parallel Aware": false,"Async Capable": false,"Join Type": "Inner","Startup Cost": 1.83,"Total Cost": 12400.01,"Plan Rows": 49000,"Plan Width": 108,"Actual Startup Time": 0.364,"Actual Total Time": 224.020,"Actual Rows": 40126,"Actual Loops": 3,"Inner Unique": false,"Workers": [],"Plans": [{"Node Type": "Hash Join","Parent Relationship": "Outer","Parallel Aware": false,"Async Capable": false,"Join Type": "Inner","Startup Cost": 1.40,"Total Cost": 4403.27,"Plan Rows": 4900,"Plan Width": 108,"Actual Startup Time": 0.222,"Actual Total Time": 44.852,"Actual Rows": 3990,"Actual Loops": 3,"Inner Unique": true,"Hash Cond": "(customer.c_nationkey = n2.n_nationkey)","Workers": [],"Plans": [{"Node Type": "Seq Scan","Parent Relationship": "Outer","Parallel Aware": true,"Async Capable": false,"Relation Name": "customer","Alias": "customer","Startup Cost": 0.00,"Total Cost": 4210.00,"Plan Rows": 62500,"Plan Width": 8,"Actual Startup Time": 0.014,"Actual Total Time": 9.073,"Actual Rows": 50000,"Actual Loops": 3,"Workers": []},{"Node Type": "Hash","Parent Relationship": "Inner","Parallel Aware": false,"Async Capable": false,"Startup Cost": 1.38,"Total Cost": 1.38,"Plan Rows": 2,"Plan Width": 108,"Actual Startup Time": 0.088,"Actual Total Time": 0.093,"Actual Rows": 2,"Actual Loops": 3,"Hash Buckets": 1024,"Original Hash Buckets": 1024,"Hash Batches": 1,"Original Hash Batches": 1,"Peak Memory Usage": 9,"Workers": [],"Plans": [{"Node Type": "Seq Scan","Parent Relationship": "Outer","Parallel Aware": false,"Async Capable": false,"Relation Name": "nation","Alias": "n2","Startup Cost": 0.00,"Total Cost": 1.38,"Plan Rows": 2,"Plan Width": 108,"Actual Startup Time": 0.059,"Actual Total Time": 0.067,"Actual Rows": 2,"Actual Loops": 3,"Filter": "((n_name = 'EGYPT'::bpchar) OR (n_name = 'MOZAMBIQUE'::bpchar))","Rows Removed by Filter": 23,"Workers": []}]}]},{"Node Type": "Index Scan","Parent Relationship": "Inner","Parallel Aware": false,"Async Capable": false,"Scan Direction": "Forward","Index Name": "idx_orders_custkey","Relation Name": "orders","Alias": "orders","Startup Cost": 0.43,"Total Cost": 1.46,"Plan Rows": 17,"Plan Width": 8,"Actual Startup Time": 0.007,"Actual Total Time": 0.044,"Actual Rows": 10,"Actual Loops": 11969,"Index Cond": "(o_custkey = customer.c_custkey)","Rows Removed by Index Recheck": 0,"Workers": []}]},{"Node Type": "Index Scan","Parent Relationship": "Inner","Parallel Aware": false,"Async Capable": false,"Scan Direction": "Forward","Index Name": "idx_lineitem_orderkey","Relation Name": "lineitem","Alias": "lineitem","Startup Cost": 0.43,"Total Cost": 1.14,"Plan Rows": 5,"Plan Width": 24,"Actual Startup Time": 0.016,"Actual Total Time": 0.017,"Actual Rows": 1,"Actual Loops": 120378,"Index Cond": "(l_orderkey = orders.o_orderkey)","Rows Removed by Index Recheck": 0,"Filter": "((l_shipdate >= '1995-01-01'::date) AND (l_shipdate <= '1996-12-31'::date))","Rows Removed by Filter": 3,"Workers": []}]},{"Node Type": "Hash","Parent Relationship": "Inner","Parallel Aware": false,"Async Capable": false,"Startup Cost": 354.10,"Total Cost": 354.10,"Plan Rows": 784,"Plan Width": 108,"Actual Startup Time": 10.752,"Actual Total Time": 10.765,"Actual Rows": 821,"Actual Loops": 3,"Hash Buckets": 1024,"Original Hash Buckets": 1024,"Hash Batches": 1,"Original Hash Batches": 1,"Peak Memory Usage": 58,"Workers": [],"Plans": [{"Node Type": "Hash Join","Parent Relationship": "Outer","Parallel Aware": false,"Async Capable": false,"Join Type": "Inner","Startup Cost": 1.40,"Total Cost": 354.10,"Plan Rows": 784,"Plan Width": 108,"Actual Startup Time": 0.118,"Actual Total Time": 10.581,"Actual Rows": 821,"Actual Loops": 3,"Inner Unique": true,"Hash Cond": "(supplier.s_nationkey = n1.n_nationkey)","Workers": [],"Plans": [{"Node Type": "Seq Scan","Parent Relationship": "Outer","Parallel Aware": false,"Async Capable": false,"Relation Name": "supplier","Alias": "supplier","Startup Cost": 0.00,"Total Cost": 322.00,"Plan Rows": 10000,"Plan Width": 8,"Actual Startup Time": 0.039,"Actual Total Time": 4.012,"Actual Rows": 10000,"Actual Loops": 3,"Workers": []},{"Node Type": "Hash","Parent Relationship": "Inner","Parallel Aware": false,"Async Capable": false,"Startup Cost": 1.38,"Total Cost": 1.38,"Plan Rows": 2,"Plan Width": 108,"Actual Startup Time": 0.020,"Actual Total Time": 0.024,"Actual Rows": 2,"Actual Loops": 3,"Hash Buckets": 1024,"Original Hash Buckets": 1024,"Hash Batches": 1,"Original Hash Batches": 1,"Peak Memory Usage": 9,"Workers": [],"Plans": [{"Node Type": "Seq Scan","Parent Relationship": "Outer","Parallel Aware": false,"Async Capable": false,"Relation Name": "nation","Alias": "n1","Startup Cost": 0.00,"Total Cost": 1.38,"Plan Rows": 2,"Plan Width": 108,"Actual Startup Time": 0.007,"Actual Total Time": 0.014,"Actual Rows": 2,"Actual Loops": 3,"Filter": "((n_name = 'MOZAMBIQUE'::bpchar) OR (n_name = 'EGYPT'::bpchar))","Rows Removed by Filter": 23,"Workers": []}]}]}]}]}]}]}]}]},"Planning Time": 8.760,"Triggers": [],"Execution Time": 974.797}]
[{"Plan": {"Node Type": "Aggregate","Strategy": "Sorted","Partial Mode": "Finalize","Parallel Aware": false,"Async Capable": false,"Startup Cost": 72556.41,"Total Cost": 73352.71,"Plan Rows": 5893,"Plan Width": 272,"Actual Startup Time": 916.692,"Actual Total Time": 960.465,"Actual Rows": 4,"Actual Loops": 1,"Group Key": ["n1.n_name", "n2.n_name", "(EXTRACT(year FROM lineitem.l_shipdate))"],"Plans": [{"Node Type": "Gather Merge","Parent Relationship": "Outer","Parallel Aware": false,"Async Capable": false,"Startup Cost": 72556.41,"Total Cost": 73202.94,"Plan Rows": 4910,"Plan Width": 272,"Actual Startup Time": 915.912,"Actual Total Time": 960.379,"Actual Rows": 12,"Actual Loops": 1,"Workers Planned": 2,"Workers Launched": 2,"Plans": [{"Node Type": "Aggregate","Strategy": "Sorted","Partial Mode": "Partial","Parent Relationship": "Outer","Parallel Aware": false,"Async Capable": false,"Startup Cost": 71556.39,"Total Cost": 71636.18,"Plan Rows": 2455,"Plan Width": 272,"Actual Startup Time": 908.169,"Actual Total Time": 909.069,"Actual Rows": 4,"Actual Loops": 3,"Group Key": ["n1.n_name", "n2.n_name", "(EXTRACT(year FROM lineitem.l_shipdate))"],"Workers": [],"Plans": [{"Node Type": "Sort","Parent Relationship": "Outer","Parallel Aware": false,"Async Capable": false,"Startup Cost": 71556.39,"Total Cost": 71562.53,"Plan Rows": 2455,"Plan Width": 252,"Actual Startup Time": 907.878,"Actual Total Time": 908.003,"Actual Rows": 1908,"Actual Loops": 3,"Sort Key": ["n1.n_name", "n2.n_name", "(EXTRACT(year FROM lineitem.l_shipdate))"],"Sort Method": "quicksort","Sort Space Used": 263,"Sort Space Type": "Memory","Workers": [{"Worker Number": 0,"Sort Method": "quicksort","Sort Space Used": 260,"Sort Space Type": "Memory"},{"Worker Number": 1,"Sort Method": "quicksort","Sort Space Used": 249,"Sort Space Type": "Memory"}],"Plans": [{"Node Type": "Hash Join","Parent Relationship": "Outer","Parallel Aware": false,"Async Capable": false,"Join Type": "Inner","Startup Cost": 366.16,"Total Cost": 71418.15,"Plan Rows": 2455,"Plan Width": 252,"Actual Startup Time": 12.729,"Actual Total Time": 906.091,"Actual Rows": 1908,"Actual Loops": 3,"Inner Unique": false,"Hash Cond": "(lineitem.l_suppkey = supplier.s_suppkey)","Join Filter": "(((n1.n_name = 'BRAZIL'::bpchar) AND (n2.n_name = 'JAPAN'::bpchar)) OR ((n1.n_name = 'JAPAN'::bpchar) AND (n2.n_name = 'BRAZIL'::bpchar)))","Rows Removed by Join Filter": 1857,"Workers": [],"Plans": [{"Node Type": "Nested Loop","Parent Relationship": "Outer","Parallel Aware": false,"Async Capable": false,"Join Type": "Inner","Startup Cost": 2.26,"Total Cost": 70727.78,"Plan Rows": 60250,"Plan Width": 124,"Actual Startup Time": 0.916,"Actual Total Time": 888.306,"Actual Rows": 48542,"Actual Loops": 3,"Inner Unique": false,"Workers": [],"Plans": [{"Node Type": "Nested Loop","Parent Relationship": "Outer","Parallel Aware": false,"Async Capable": false,"Join Type": "Inner","Startup Cost": 1.83,"Total Cost": 12400.01,"Plan Rows": 49000,"Plan Width": 108,"Actual Startup Time": 0.251,"Actual Total Time": 220.549,"Actual Rows": 39847,"Actual Loops": 3,"Inner Unique": false,"Workers": [],"Plans": [{"Node Type": "Hash Join","Parent Relationship": "Outer","Parallel Aware": false,"Async Capable": false,"Join Type": "Inner","Startup Cost": 1.40,"Total Cost": 4403.27,"Plan Rows": 4900,"Plan Width": 108,"Actual Startup Time": 0.168,"Actual Total Time": 43.674,"Actual Rows": 3982,"Actual Loops": 3,"Inner Unique": true,"Hash Cond": "(customer.c_nationkey = n2.n_nationkey)","Workers": [],"Plans": [{"Node Type": "Seq Scan","Parent Relationship": "Outer","Parallel Aware": true,"Async Capable": false,"Relation Name": "customer","Alias": "customer","Startup Cost": 0.00,"Total Cost": 4210.00,"Plan Rows": 62500,"Plan Width": 8,"Actual Startup Time": 0.016,"Actual Total Time": 9.070,"Actual Rows": 50000,"Actual Loops": 3,"Workers": []},{"Node Type": "Hash","Parent Relationship": "Inner","Parallel Aware": false,"Async Capable": false,"Startup Cost": 1.38,"Total Cost": 1.38,"Plan Rows": 2,"Plan Width": 108,"Actual Startup Time": 0.063,"Actual Total Time": 0.071,"Actual Rows": 2,"Actual Loops": 3,"Hash Buckets": 1024,"Original Hash Buckets": 1024,"Hash Batches": 1,"Original Hash Batches": 1,"Peak Memory Usage": 9,"Workers": [],"Plans": [{"Node Type": "Seq Scan","Parent Relationship": "Outer","Parallel Aware": false,"Async Capable": false,"Relation Name": "nation","Alias": "n2","Startup Cost": 0.00,"Total Cost": 1.38,"Plan Rows": 2,"Plan Width": 108,"Actual Startup Time": 0.048,"Actual Total Time": 0.056,"Actual Rows": 2,"Actual Loops": 3,"Filter": "((n_name = 'JAPAN'::bpchar) OR (n_name = 'BRAZIL'::bpchar))","Rows Removed by Filter": 23,"Workers": []}]}]},{"Node Type": "Index Scan","Parent Relationship": "Inner","Parallel Aware": false,"Async Capable": false,"Scan Direction": "Forward","Index Name": "idx_orders_custkey","Relation Name": "orders","Alias": "orders","Startup Cost": 0.43,"Total Cost": 1.46,"Plan Rows": 17,"Plan Width": 8,"Actual Startup Time": 0.007,"Actual Total Time": 0.043,"Actual Rows": 10,"Actual Loops": 11947,"Index Cond": "(o_custkey = customer.c_custkey)","Rows Removed by Index Recheck": 0,"Workers": []}]},{"Node Type": "Index Scan","Parent Relationship": "Inner","Parallel Aware": false,"Async Capable": false,"Scan Direction": "Forward","Index Name": "idx_lineitem_orderkey","Relation Name": "lineitem","Alias": "lineitem","Startup Cost": 0.43,"Total Cost": 1.14,"Plan Rows": 5,"Plan Width": 24,"Actual Startup Time": 0.016,"Actual Total Time": 0.016,"Actual Rows": 1,"Actual Loops": 119542,"Index Cond": "(l_orderkey = orders.o_orderkey)","Rows Removed by Index Recheck": 0,"Filter": "((l_shipdate >= '1995-01-01'::date) AND (l_shipdate <= '1996-12-31'::date))","Rows Removed by Filter": 3,"Workers": []}]},{"Node Type": "Hash","Parent Relationship": "Inner","Parallel Aware": false,"Async Capable": false,"Startup Cost": 354.10,"Total Cost": 354.10,"Plan Rows": 784,"Plan Width": 108,"Actual Startup Time": 10.941,"Actual Total Time": 10.954,"Actual Rows": 774,"Actual Loops": 3,"Hash Buckets": 1024,"Original Hash Buckets": 1024,"Hash Batches": 1,"Original Hash Batches": 1,"Peak Memory Usage": 55,"Workers": [],"Plans": [{"Node Type": "Hash Join","Parent Relationship": "Outer","Parallel Aware": false,"Async Capable": false,"Join Type": "Inner","Startup Cost": 1.40,"Total Cost": 354.10,"Plan Rows": 784,"Plan Width": 108,"Actual Startup Time": 0.081,"Actual Total Time": 10.767,"Actual Rows": 774,"Actual Loops": 3,"Inner Unique": true,"Hash Cond": "(supplier.s_nationkey = n1.n_nationkey)","Workers": [],"Plans": [{"Node Type": "Seq Scan","Parent Relationship": "Outer","Parallel Aware": false,"Async Capable": false,"Relation Name": "supplier","Alias": "supplier","Startup Cost": 0.00,"Total Cost": 322.00,"Plan Rows": 10000,"Plan Width": 8,"Actual Startup Time": 0.025,"Actual Total Time": 4.284,"Actual Rows": 10000,"Actual Loops": 3,"Workers": []},{"Node Type": "Hash","Parent Relationship": "Inner","Parallel Aware": false,"Async Capable": false,"Startup Cost": 1.38,"Total Cost": 1.38,"Plan Rows": 2,"Plan Width": 108,"Actual Startup Time": 0.015,"Actual Total Time": 0.021,"Actual Rows": 2,"Actual Loops": 3,"Hash Buckets": 1024,"Original Hash Buckets": 1024,"Hash Batches": 1,"Original Hash Batches": 1,"Peak Memory Usage": 9,"Workers": [],"Plans": [{"Node Type": "Seq Scan","Parent Relationship": "Outer","Parallel Aware": false,"Async Capable": false,"Relation Name": "nation","Alias": "n1","Startup Cost": 0.00,"Total Cost": 1.38,"Plan Rows": 2,"Plan Width": 108,"Actual Startup Time": 0.004,"Actual Total Time": 0.010,"Actual Rows": 2,"Actual Loops": 3,"Filter": "((n_name = 'BRAZIL'::bpchar) OR (n_name = 'JAPAN'::bpchar))","Rows Removed by Filter": 23,"Workers": []}]}]}]}]}]}]}]}]},"Planning Time": 8.604,"Triggers": [],"Execution Time": 960.953}]
[{"Plan": {"Node Type": "Aggregate","Strategy": "Sorted","Partial Mode": "Finalize","Parallel Aware": false,"Async Capable": false,"Startup Cost": 72556.41,"Total Cost": 73352.71,"Plan Rows": 5893,"Plan Width": 272,"Actual Startup Time": 942.484,"Actual Total Time": 987.442,"Actual Rows": 4,"Actual Loops": 1,"Group Key": ["n1.n_name", "n2.n_name", "(EXTRACT(year FROM lineitem.l_shipdate))"],"Plans": [{"Node Type": "Gather Merge","Parent Relationship": "Outer","Parallel Aware": false,"Async Capable": false,"Startup Cost": 72556.41,"Total Cost": 73202.94,"Plan Rows": 4910,"Plan Width": 272,"Actual Startup Time": 941.937,"Actual Total Time": 987.343,"Actual Rows": 12,"Actual Loops": 1,"Workers Planned": 2,"Workers Launched": 2,"Plans": [{"Node Type": "Aggregate","Strategy": "Sorted","Partial Mode": "Partial","Parent Relationship": "Outer","Parallel Aware": false,"Async Capable": false,"Startup Cost": 71556.39,"Total Cost": 71636.18,"Plan Rows": 2455,"Plan Width": 272,"Actual Startup Time": 933.614,"Actual Total Time": 934.377,"Actual Rows": 4,"Actual Loops": 3,"Group Key": ["n1.n_name", "n2.n_name", "(EXTRACT(year FROM lineitem.l_shipdate))"],"Workers": [],"Plans": [{"Node Type": "Sort","Parent Relationship": "Outer","Parallel Aware": false,"Async Capable": false,"Startup Cost": 71556.39,"Total Cost": 71562.53,"Plan Rows": 2455,"Plan Width": 252,"Actual Startup Time": 933.346,"Actual Total Time": 933.470,"Actual Rows": 2005,"Actual Loops": 3,"Sort Key": ["n1.n_name", "n2.n_name", "(EXTRACT(year FROM lineitem.l_shipdate))"],"Sort Method": "quicksort","Sort Space Used": 331,"Sort Space Type": "Memory","Workers": [{"Worker Number": 0,"Sort Method": "quicksort","Sort Space Used": 262,"Sort Space Type": "Memory"},{"Worker Number": 1,"Sort Method": "quicksort","Sort Space Used": 259,"Sort Space Type": "Memory"}],"Plans": [{"Node Type": "Hash Join","Parent Relationship": "Outer","Parallel Aware": false,"Async Capable": false,"Join Type": "Inner","Startup Cost": 366.16,"Total Cost": 71418.15,"Plan Rows": 2455,"Plan Width": 252,"Actual Startup Time": 13.365,"Actual Total Time": 931.463,"Actual Rows": 2005,"Actual Loops": 3,"Inner Unique": false,"Hash Cond": "(lineitem.l_suppkey = supplier.s_suppkey)","Join Filter": "(((n1.n_name = 'CHINA'::bpchar) AND (n2.n_name = 'INDONESIA'::bpchar)) OR ((n1.n_name = 'INDONESIA'::bpchar) AND (n2.n_name = 'CHINA'::bpchar)))","Rows Removed by Join Filter": 2016,"Workers": [],"Plans": [{"Node Type": "Nested Loop","Parent Relationship": "Outer","Parallel Aware": false,"Async Capable": false,"Join Type": "Inner","Startup Cost": 2.26,"Total Cost": 70727.78,"Plan Rows": 60250,"Plan Width": 124,"Actual Startup Time": 0.680,"Actual Total Time": 912.757,"Actual Rows": 49658,"Actual Loops": 3,"Inner Unique": false,"Workers": [],"Plans": [{"Node Type": "Nested Loop","Parent Relationship": "Outer","Parallel Aware": false,"Async Capable": false,"Join Type": "Inner","Startup Cost": 1.83,"Total Cost": 12400.01,"Plan Rows": 49000,"Plan Width": 108,"Actual Startup Time": 0.365,"Actual Total Time": 226.296,"Actual Rows": 40720,"Actual Loops": 3,"Inner Unique": false,"Workers": [],"Plans": [{"Node Type": "Hash Join","Parent Relationship": "Outer","Parallel Aware": false,"Async Capable": false,"Join Type": "Inner","Startup Cost": 1.40,"Total Cost": 4403.27,"Plan Rows": 4900,"Plan Width": 108,"Actual Startup Time": 0.209,"Actual Total Time": 45.496,"Actual Rows": 4062,"Actual Loops": 3,"Inner Unique": true,"Hash Cond": "(customer.c_nationkey = n2.n_nationkey)","Workers": [],"Plans": [{"Node Type": "Seq Scan","Parent Relationship": "Outer","Parallel Aware": true,"Async Capable": false,"Relation Name": "customer","Alias": "customer","Startup Cost": 0.00,"Total Cost": 4210.00,"Plan Rows": 62500,"Plan Width": 8,"Actual Startup Time": 0.015,"Actual Total Time": 9.184,"Actual Rows": 50000,"Actual Loops": 3,"Workers": []},{"Node Type": "Hash","Parent Relationship": "Inner","Parallel Aware": false,"Async Capable": false,"Startup Cost": 1.38,"Total Cost": 1.38,"Plan Rows": 2,"Plan Width": 108,"Actual Startup Time": 0.086,"Actual Total Time": 0.091,"Actual Rows": 2,"Actual Loops": 3,"Hash Buckets": 1024,"Original Hash Buckets": 1024,"Hash Batches": 1,"Original Hash Batches": 1,"Peak Memory Usage": 9,"Workers": [],"Plans": [{"Node Type": "Seq Scan","Parent Relationship": "Outer","Parallel Aware": false,"Async Capable": false,"Relation Name": "nation","Alias": "n2","Startup Cost": 0.00,"Total Cost": 1.38,"Plan Rows": 2,"Plan Width": 108,"Actual Startup Time": 0.060,"Actual Total Time": 0.066,"Actual Rows": 2,"Actual Loops": 3,"Filter": "((n_name = 'INDONESIA'::bpchar) OR (n_name = 'CHINA'::bpchar))","Rows Removed by Filter": 23,"Workers": []}]}]},{"Node Type": "Index Scan","Parent Relationship": "Inner","Parallel Aware": false,"Async Capable": false,"Scan Direction": "Forward","Index Name": "idx_orders_custkey","Relation Name": "orders","Alias": "orders","Startup Cost": 0.43,"Total Cost": 1.46,"Plan Rows": 17,"Plan Width": 8,"Actual Startup Time": 0.007,"Actual Total Time": 0.043,"Actual Rows": 10,"Actual Loops": 12185,"Index Cond": "(o_custkey = customer.c_custkey)","Rows Removed by Index Recheck": 0,"Workers": []}]},{"Node Type": "Index Scan","Parent Relationship": "Inner","Parallel Aware": false,"Async Capable": false,"Scan Direction": "Forward","Index Name": "idx_lineitem_orderkey","Relation Name": "lineitem","Alias": "lineitem","Startup Cost": 0.43,"Total Cost": 1.14,"Plan Rows": 5,"Plan Width": 24,"Actual Startup Time": 0.016,"Actual Total Time": 0.017,"Actual Rows": 1,"Actual Loops": 122161,"Index Cond": "(l_orderkey = orders.o_orderkey)","Rows Removed by Index Recheck": 0,"Filter": "((l_shipdate >= '1995-01-01'::date) AND (l_shipdate <= '1996-12-31'::date))","Rows Removed by Filter": 3,"Workers": []}]},{"Node Type": "Hash","Parent Relationship": "Inner","Parallel Aware": false,"Async Capable": false,"Startup Cost": 354.10,"Total Cost": 354.10,"Plan Rows": 784,"Plan Width": 108,"Actual Startup Time": 11.401,"Actual Total Time": 11.414,"Actual Rows": 812,"Actual Loops": 3,"Hash Buckets": 1024,"Original Hash Buckets": 1024,"Hash Batches": 1,"Original Hash Batches": 1,"Peak Memory Usage": 58,"Workers": [],"Plans": [{"Node Type": "Hash Join","Parent Relationship": "Outer","Parallel Aware": false,"Async Capable": false,"Join Type": "Inner","Startup Cost": 1.40,"Total Cost": 354.10,"Plan Rows": 784,"Plan Width": 108,"Actual Startup Time": 0.088,"Actual Total Time": 11.201,"Actual Rows": 812,"Actual Loops": 3,"Inner Unique": true,"Hash Cond": "(supplier.s_nationkey = n1.n_nationkey)","Workers": [],"Plans": [{"Node Type": "Seq Scan","Parent Relationship": "Outer","Parallel Aware": false,"Async Capable": false,"Relation Name": "supplier","Alias": "supplier","Startup Cost": 0.00,"Total Cost": 322.00,"Plan Rows": 10000,"Plan Width": 8,"Actual Startup Time": 0.032,"Actual Total Time": 4.611,"Actual Rows": 10000,"Actual Loops": 3,"Workers": []},{"Node Type": "Hash","Parent Relationship": "Inner","Parallel Aware": false,"Async Capable": false,"Startup Cost": 1.38,"Total Cost": 1.38,"Plan Rows": 2,"Plan Width": 108,"Actual Startup Time": 0.018,"Actual Total Time": 0.021,"Actual Rows": 2,"Actual Loops": 3,"Hash Buckets": 1024,"Original Hash Buckets": 1024,"Hash Batches": 1,"Original Hash Batches": 1,"Peak Memory Usage": 9,"Workers": [],"Plans": [{"Node Type": "Seq Scan","Parent Relationship": "Outer","Parallel Aware": false,"Async Capable": false,"Relation Name": "nation","Alias": "n1","Startup Cost": 0.00,"Total Cost": 1.38,"Plan Rows": 2,"Plan Width": 108,"Actual Startup Time": 0.007,"Actual Total Time": 0.012,"Actual Rows": 2,"Actual Loops": 3,"Filter": "((n_name = 'CHINA'::bpchar) OR (n_name = 'INDONESIA'::bpchar))","Rows Removed by Filter": 23,"Workers": []}]}]}]}]}]}]}]}]},"Planning Time": 8.828,"Triggers": [],"Execution Time": 987.878}]
[{"Plan": {"Node Type": "Aggregate","Strategy": "Sorted","Partial Mode": "Finalize","Parallel Aware": false,"Async Capable": false,"Startup Cost": 72556.41,"Total Cost": 73352.71,"Plan Rows": 5893,"Plan Width": 272,"Actual Startup Time": 928.452,"Actual Total Time": 972.882,"Actual Rows": 4,"Actual Loops": 1,"Group Key": ["n1.n_name", "n2.n_name", "(EXTRACT(year FROM lineitem.l_shipdate))"],"Plans": [{"Node Type": "Gather Merge","Parent Relationship": "Outer","Parallel Aware": false,"Async Capable": false,"Startup Cost": 72556.41,"Total Cost": 73202.94,"Plan Rows": 4910,"Plan Width": 272,"Actual Startup Time": 927.565,"Actual Total Time": 972.762,"Actual Rows": 12,"Actual Loops": 1,"Workers Planned": 2,"Workers Launched": 2,"Plans": [{"Node Type": "Aggregate","Strategy": "Sorted","Partial Mode": "Partial","Parent Relationship": "Outer","Parallel Aware": false,"Async Capable": false,"Startup Cost": 71556.39,"Total Cost": 71636.18,"Plan Rows": 2455,"Plan Width": 272,"Actual Startup Time": 919.607,"Actual Total Time": 920.512,"Actual Rows": 4,"Actual Loops": 3,"Group Key": ["n1.n_name", "n2.n_name", "(EXTRACT(year FROM lineitem.l_shipdate))"],"Workers": [],"Plans": [{"Node Type": "Sort","Parent Relationship": "Outer","Parallel Aware": false,"Async Capable": false,"Startup Cost": 71556.39,"Total Cost": 71562.53,"Plan Rows": 2455,"Plan Width": 252,"Actual Startup Time": 919.319,"Actual Total Time": 919.446,"Actual Rows": 2029,"Actual Loops": 3,"Sort Key": ["n1.n_name", "n2.n_name", "(EXTRACT(year FROM lineitem.l_shipdate))"],"Sort Method": "quicksort","Sort Space Used": 331,"Sort Space Type": "Memory","Workers": [{"Worker Number": 0,"Sort Method": "quicksort","Sort Space Used": 269,"Sort Space Type": "Memory"},{"Worker Number": 1,"Sort Method": "quicksort","Sort Space Used": 260,"Sort Space Type": "Memory"}],"Plans": [{"Node Type": "Hash Join","Parent Relationship": "Outer","Parallel Aware": false,"Async Capable": false,"Join Type": "Inner","Startup Cost": 366.16,"Total Cost": 71418.15,"Plan Rows": 2455,"Plan Width": 252,"Actual Startup Time": 12.181,"Actual Total Time": 917.467,"Actual Rows": 2029,"Actual Loops": 3,"Inner Unique": false,"Hash Cond": "(lineitem.l_suppkey = supplier.s_suppkey)","Join Filter": "(((n1.n_name = 'INDIA'::bpchar) AND (n2.n_name = 'RUSSIA'::bpchar)) OR ((n1.n_name = 'RUSSIA'::bpchar) AND (n2.n_name = 'INDIA'::bpchar)))","Rows Removed by Join Filter": 2028,"Workers": [],"Plans": [{"Node Type": "Nested Loop","Parent Relationship": "Outer","Parallel Aware": false,"Async Capable": false,"Join Type": "Inner","Startup Cost": 2.26,"Total Cost": 70727.78,"Plan Rows": 60250,"Plan Width": 124,"Actual Startup Time": 0.544,"Actual Total Time": 899.262,"Actual Rows": 49095,"Actual Loops": 3,"Inner Unique": false,"Workers": [],"Plans": [{"Node Type": "Nested Loop","Parent Relationship": "Outer","Parallel Aware": false,"Async Capable": false,"Join Type": "Inner","Startup Cost": 1.83,"Total Cost": 12400.01,"Plan Rows": 49000,"Plan Width": 108,"Actual Startup Time": 0.289,"Actual Total Time": 221.763,"Actual Rows": 40441,"Actual Loops": 3,"Inner Unique": false,"Workers": [],"Plans": [{"Node Type": "Hash Join","Parent Relationship": "Outer","Parallel Aware": false,"Async Capable": false,"Join Type": "Inner","Startup Cost": 1.40,"Total Cost": 4403.27,"Plan Rows": 4900,"Plan Width": 108,"Actual Startup Time": 0.170,"Actual Total Time": 43.875,"Actual Rows": 4040,"Actual Loops": 3,"Inner Unique": true,"Hash Cond": "(customer.c_nationkey = n2.n_nationkey)","Workers": [],"Plans": [{"Node Type": "Seq Scan","Parent Relationship": "Outer","Parallel Aware": true,"Async Capable": false,"Relation Name": "customer","Alias": "customer","Startup Cost": 0.00,"Total Cost": 4210.00,"Plan Rows": 62500,"Plan Width": 8,"Actual Startup Time": 0.014,"Actual Total Time": 9.063,"Actual Rows": 50000,"Actual Loops": 3,"Workers": []},{"Node Type": "Hash","Parent Relationship": "Inner","Parallel Aware": false,"Async Capable": false,"Startup Cost": 1.38,"Total Cost": 1.38,"Plan Rows": 2,"Plan Width": 108,"Actual Startup Time": 0.074,"Actual Total Time": 0.079,"Actual Rows": 2,"Actual Loops": 3,"Hash Buckets": 1024,"Original Hash Buckets": 1024,"Hash Batches": 1,"Original Hash Batches": 1,"Peak Memory Usage": 9,"Workers": [],"Plans": [{"Node Type": "Seq Scan","Parent Relationship": "Outer","Parallel Aware": false,"Async Capable": false,"Relation Name": "nation","Alias": "n2","Startup Cost": 0.00,"Total Cost": 1.38,"Plan Rows": 2,"Plan Width": 108,"Actual Startup Time": 0.058,"Actual Total Time": 0.063,"Actual Rows": 2,"Actual Loops": 3,"Filter": "((n_name = 'RUSSIA'::bpchar) OR (n_name = 'INDIA'::bpchar))","Rows Removed by Filter": 23,"Workers": []}]}]},{"Node Type": "Index Scan","Parent Relationship": "Inner","Parallel Aware": false,"Async Capable": false,"Scan Direction": "Forward","Index Name": "idx_orders_custkey","Relation Name": "orders","Alias": "orders","Startup Cost": 0.43,"Total Cost": 1.46,"Plan Rows": 17,"Plan Width": 8,"Actual Startup Time": 0.007,"Actual Total Time": 0.043,"Actual Rows": 10,"Actual Loops": 12120,"Index Cond": "(o_custkey = customer.c_custkey)","Rows Removed by Index Recheck": 0,"Workers": []}]},{"Node Type": "Index Scan","Parent Relationship": "Inner","Parallel Aware": false,"Async Capable": false,"Scan Direction": "Forward","Index Name": "idx_lineitem_orderkey","Relation Name": "lineitem","Alias": "lineitem","Startup Cost": 0.43,"Total Cost": 1.14,"Plan Rows": 5,"Plan Width": 24,"Actual Startup Time": 0.016,"Actual Total Time": 0.016,"Actual Rows": 1,"Actual Loops": 121322,"Index Cond": "(l_orderkey = orders.o_orderkey)","Rows Removed by Index Recheck": 0,"Filter": "((l_shipdate >= '1995-01-01'::date) AND (l_shipdate <= '1996-12-31'::date))","Rows Removed by Filter": 3,"Workers": []}]},{"Node Type": "Hash","Parent Relationship": "Inner","Parallel Aware": false,"Async Capable": false,"Startup Cost": 354.10,"Total Cost": 354.10,"Plan Rows": 784,"Plan Width": 108,"Actual Startup Time": 11.096,"Actual Total Time": 11.112,"Actual Rows": 816,"Actual Loops": 3,"Hash Buckets": 1024,"Original Hash Buckets": 1024,"Hash Batches": 1,"Original Hash Batches": 1,"Peak Memory Usage": 58,"Workers": [],"Plans": [{"Node Type": "Hash Join","Parent Relationship": "Outer","Parallel Aware": false,"Async Capable": false,"Join Type": "Inner","Startup Cost": 1.40,"Total Cost": 354.10,"Plan Rows": 784,"Plan Width": 108,"Actual Startup Time": 0.079,"Actual Total Time": 10.915,"Actual Rows": 816,"Actual Loops": 3,"Inner Unique": true,"Hash Cond": "(supplier.s_nationkey = n1.n_nationkey)","Workers": [],"Plans": [{"Node Type": "Seq Scan","Parent Relationship": "Outer","Parallel Aware": false,"Async Capable": false,"Relation Name": "supplier","Alias": "supplier","Startup Cost": 0.00,"Total Cost": 322.00,"Plan Rows": 10000,"Plan Width": 8,"Actual Startup Time": 0.025,"Actual Total Time": 4.381,"Actual Rows": 10000,"Actual Loops": 3,"Workers": []},{"Node Type": "Hash","Parent Relationship": "Inner","Parallel Aware": false,"Async Capable": false,"Startup Cost": 1.38,"Total Cost": 1.38,"Plan Rows": 2,"Plan Width": 108,"Actual Startup Time": 0.013,"Actual Total Time": 0.019,"Actual Rows": 2,"Actual Loops": 3,"Hash Buckets": 1024,"Original Hash Buckets": 1024,"Hash Batches": 1,"Original Hash Batches": 1,"Peak Memory Usage": 9,"Workers": [],"Plans": [{"Node Type": "Seq Scan","Parent Relationship": "Outer","Parallel Aware": false,"Async Capable": false,"Relation Name": "nation","Alias": "n1","Startup Cost": 0.00,"Total Cost": 1.38,"Plan Rows": 2,"Plan Width": 108,"Actual Startup Time": 0.005,"Actual Total Time": 0.011,"Actual Rows": 2,"Actual Loops": 3,"Filter": "((n_name = 'INDIA'::bpchar) OR (n_name = 'RUSSIA'::bpchar))","Rows Removed by Filter": 23,"Workers": []}]}]}]}]}]}]}]}]},"Planning Time": 8.588,"Triggers": [],"Execution Time": 973.354}]
[{"Plan": {"Node Type": "Aggregate","Strategy": "Sorted","Partial Mode": "Finalize","Parallel Aware": false,"Async Capable": false,"Startup Cost": 72556.41,"Total Cost": 73352.71,"Plan Rows": 5893,"Plan Width": 272,"Actual Startup Time": 930.291,"Actual Total Time": 975.197,"Actual Rows": 4,"Actual Loops": 1,"Group Key": ["n1.n_name", "n2.n_name", "(EXTRACT(year FROM lineitem.l_shipdate))"],"Plans": [{"Node Type": "Gather Merge","Parent Relationship": "Outer","Parallel Aware": false,"Async Capable": false,"Startup Cost": 72556.41,"Total Cost": 73202.94,"Plan Rows": 4910,"Plan Width": 272,"Actual Startup Time": 930.025,"Actual Total Time": 975.132,"Actual Rows": 12,"Actual Loops": 1,"Workers Planned": 2,"Workers Launched": 2,"Plans": [{"Node Type": "Aggregate","Strategy": "Sorted","Partial Mode": "Partial","Parent Relationship": "Outer","Parallel Aware": false,"Async Capable": false,"Startup Cost": 71556.39,"Total Cost": 71636.18,"Plan Rows": 2455,"Plan Width": 272,"Actual Startup Time": 922.407,"Actual Total Time": 923.081,"Actual Rows": 4,"Actual Loops": 3,"Group Key": ["n1.n_name", "n2.n_name", "(EXTRACT(year FROM lineitem.l_shipdate))"],"Workers": [],"Plans": [{"Node Type": "Sort","Parent Relationship": "Outer","Parallel Aware": false,"Async Capable": false,"Startup Cost": 71556.39,"Total Cost": 71562.53,"Plan Rows": 2455,"Plan Width": 252,"Actual Startup Time": 922.143,"Actual Total Time": 922.249,"Actual Rows": 1954,"Actual Loops": 3,"Sort Key": ["n1.n_name", "n2.n_name", "(EXTRACT(year FROM lineitem.l_shipdate))"],"Sort Method": "quicksort","Sort Space Used": 263,"Sort Space Type": "Memory","Workers": [{"Worker Number": 0,"Sort Method": "quicksort","Sort Space Used": 255,"Sort Space Type": "Memory"},{"Worker Number": 1,"Sort Method": "quicksort","Sort Space Used": 269,"Sort Space Type": "Memory"}],"Plans": [{"Node Type": "Hash Join","Parent Relationship": "Outer","Parallel Aware": false,"Async Capable": false,"Join Type": "Inner","Startup Cost": 366.16,"Total Cost": 71418.15,"Plan Rows": 2455,"Plan Width": 252,"Actual Startup Time": 9.131,"Actual Total Time": 920.358,"Actual Rows": 1954,"Actual Loops": 3,"Inner Unique": false,"Hash Cond": "(lineitem.l_suppkey = supplier.s_suppkey)","Join Filter": "(((n1.n_name = 'ROMANIA'::bpchar) AND (n2.n_name = 'INDONESIA'::bpchar)) OR ((n1.n_name = 'INDONESIA'::bpchar) AND (n2.n_name = 'ROMANIA'::bpchar)))","Rows Removed by Join Filter": 2015,"Workers": [],"Plans": [{"Node Type": "Nested Loop","Parent Relationship": "Outer","Parallel Aware": false,"Async Capable": false,"Join Type": "Inner","Startup Cost": 2.26,"Total Cost": 70727.78,"Plan Rows": 60250,"Plan Width": 124,"Actual Startup Time": 0.671,"Actual Total Time": 905.976,"Actual Rows": 49886,"Actual Loops": 3,"Inner Unique": false,"Workers": [],"Plans": [{"Node Type": "Nested Loop","Parent Relationship": "Outer","Parallel Aware": false,"Async Capable": false,"Join Type": "Inner","Startup Cost": 1.83,"Total Cost": 12400.01,"Plan Rows": 49000,"Plan Width": 108,"Actual Startup Time": 0.283,"Actual Total Time": 223.269,"Actual Rows": 40796,"Actual Loops": 3,"Inner Unique": false,"Workers": [],"Plans": [{"Node Type": "Hash Join","Parent Relationship": "Outer","Parallel Aware": false,"Async Capable": false,"Join Type": "Inner","Startup Cost": 1.40,"Total Cost": 4403.27,"Plan Rows": 4900,"Plan Width": 108,"Actual Startup Time": 0.181,"Actual Total Time": 43.451,"Actual Rows": 4087,"Actual Loops": 3,"Inner Unique": true,"Hash Cond": "(customer.c_nationkey = n2.n_nationkey)","Workers": [],"Plans": [{"Node Type": "Seq Scan","Parent Relationship": "Outer","Parallel Aware": true,"Async Capable": false,"Relation Name": "customer","Alias": "customer","Startup Cost": 0.00,"Total Cost": 4210.00,"Plan Rows": 62500,"Plan Width": 8,"Actual Startup Time": 0.014,"Actual Total Time": 9.122,"Actual Rows": 50000,"Actual Loops": 3,"Workers": []},{"Node Type": "Hash","Parent Relationship": "Inner","Parallel Aware": false,"Async Capable": false,"Startup Cost": 1.38,"Total Cost": 1.38,"Plan Rows": 2,"Plan Width": 108,"Actual Startup Time": 0.078,"Actual Total Time": 0.084,"Actual Rows": 2,"Actual Loops": 3,"Hash Buckets": 1024,"Original Hash Buckets": 1024,"Hash Batches": 1,"Original Hash Batches": 1,"Peak Memory Usage": 9,"Workers": [],"Plans": [{"Node Type": "Seq Scan","Parent Relationship": "Outer","Parallel Aware": false,"Async Capable": false,"Relation Name": "nation","Alias": "n2","Startup Cost": 0.00,"Total Cost": 1.38,"Plan Rows": 2,"Plan Width": 108,"Actual Startup Time": 0.059,"Actual Total Time": 0.065,"Actual Rows": 2,"Actual Loops": 3,"Filter": "((n_name = 'INDONESIA'::bpchar) OR (n_name = 'ROMANIA'::bpchar))","Rows Removed by Filter": 23,"Workers": []}]}]},{"Node Type": "Index Scan","Parent Relationship": "Inner","Parallel Aware": false,"Async Capable": false,"Scan Direction": "Forward","Index Name": "idx_orders_custkey","Relation Name": "orders","Alias": "orders","Startup Cost": 0.43,"Total Cost": 1.46,"Plan Rows": 17,"Plan Width": 8,"Actual Startup Time": 0.007,"Actual Total Time": 0.043,"Actual Rows": 10,"Actual Loops": 12261,"Index Cond": "(o_custkey = customer.c_custkey)","Rows Removed by Index Recheck": 0,"Workers": []}]},{"Node Type": "Index Scan","Parent Relationship": "Inner","Parallel Aware": false,"Async Capable": false,"Scan Direction": "Forward","Index Name": "idx_lineitem_orderkey","Relation Name": "lineitem","Alias": "lineitem","Startup Cost": 0.43,"Total Cost": 1.14,"Plan Rows": 5,"Plan Width": 24,"Actual Startup Time": 0.016,"Actual Total Time": 0.016,"Actual Rows": 1,"Actual Loops": 122389,"Index Cond": "(l_orderkey = orders.o_orderkey)","Rows Removed by Index Recheck": 0,"Filter": "((l_shipdate >= '1995-01-01'::date) AND (l_shipdate <= '1996-12-31'::date))","Rows Removed by Filter": 3,"Workers": []}]},{"Node Type": "Hash","Parent Relationship": "Inner","Parallel Aware": false,"Async Capable": false,"Startup Cost": 354.10,"Total Cost": 354.10,"Plan Rows": 784,"Plan Width": 108,"Actual Startup Time": 7.192,"Actual Total Time": 7.207,"Actual Rows": 803,"Actual Loops": 3,"Hash Buckets": 1024,"Original Hash Buckets": 1024,"Hash Batches": 1,"Original Hash Batches": 1,"Peak Memory Usage": 57,"Workers": [],"Plans": [{"Node Type": "Hash Join","Parent Relationship": "Outer","Parallel Aware": false,"Async Capable": false,"Join Type": "Inner","Startup Cost": 1.40,"Total Cost": 354.10,"Plan Rows": 784,"Plan Width": 108,"Actual Startup Time": 0.085,"Actual Total Time": 6.992,"Actual Rows": 803,"Actual Loops": 3,"Inner Unique": true,"Hash Cond": "(supplier.s_nationkey = n1.n_nationkey)","Workers": [],"Plans": [{"Node Type": "Seq Scan","Parent Relationship": "Outer","Parallel Aware": false,"Async Capable": false,"Relation Name": "supplier","Alias": "supplier","Startup Cost": 0.00,"Total Cost": 322.00,"Plan Rows": 10000,"Plan Width": 8,"Actual Startup Time": 0.028,"Actual Total Time": 3.767,"Actual Rows": 10000,"Actual Loops": 3,"Workers": []},{"Node Type": "Hash","Parent Relationship": "Inner","Parallel Aware": false,"Async Capable": false,"Startup Cost": 1.38,"Total Cost": 1.38,"Plan Rows": 2,"Plan Width": 108,"Actual Startup Time": 0.014,"Actual Total Time": 0.019,"Actual Rows": 2,"Actual Loops": 3,"Hash Buckets": 1024,"Original Hash Buckets": 1024,"Hash Batches": 1,"Original Hash Batches": 1,"Peak Memory Usage": 9,"Workers": [],"Plans": [{"Node Type": "Seq Scan","Parent Relationship": "Outer","Parallel Aware": false,"Async Capable": false,"Relation Name": "nation","Alias": "n1","Startup Cost": 0.00,"Total Cost": 1.38,"Plan Rows": 2,"Plan Width": 108,"Actual Startup Time": 0.006,"Actual Total Time": 0.011,"Actual Rows": 2,"Actual Loops": 3,"Filter": "((n_name = 'ROMANIA'::bpchar) OR (n_name = 'INDONESIA'::bpchar))","Rows Removed by Filter": 23,"Workers": []}]}]}]}]}]}]}]}]},"Planning Time": 9.087,"Triggers": [],"Execution Time": 975.859}]
[{"Plan": {"Node Type": "Aggregate","Strategy": "Sorted","Partial Mode": "Finalize","Parallel Aware": false,"Async Capable": false,"Startup Cost": 72556.41,"Total Cost": 73352.71,"Plan Rows": 5893,"Plan Width": 272,"Actual Startup Time": 929.407,"Actual Total Time": 974.706,"Actual Rows": 4,"Actual Loops": 1,"Group Key": ["n1.n_name", "n2.n_name", "(EXTRACT(year FROM lineitem.l_shipdate))"],"Plans": [{"Node Type": "Gather Merge","Parent Relationship": "Outer","Parallel Aware": false,"Async Capable": false,"Startup Cost": 72556.41,"Total Cost": 73202.94,"Plan Rows": 4910,"Plan Width": 272,"Actual Startup Time": 929.128,"Actual Total Time": 974.642,"Actual Rows": 12,"Actual Loops": 1,"Workers Planned": 2,"Workers Launched": 2,"Plans": [{"Node Type": "Aggregate","Strategy": "Sorted","Partial Mode": "Partial","Parent Relationship": "Outer","Parallel Aware": false,"Async Capable": false,"Startup Cost": 71556.39,"Total Cost": 71636.18,"Plan Rows": 2455,"Plan Width": 272,"Actual Startup Time": 920.985,"Actual Total Time": 921.669,"Actual Rows": 4,"Actual Loops": 3,"Group Key": ["n1.n_name", "n2.n_name", "(EXTRACT(year FROM lineitem.l_shipdate))"],"Workers": [],"Plans": [{"Node Type": "Sort","Parent Relationship": "Outer","Parallel Aware": false,"Async Capable": false,"Startup Cost": 71556.39,"Total Cost": 71562.53,"Plan Rows": 2455,"Plan Width": 252,"Actual Startup Time": 920.699,"Actual Total Time": 920.797,"Actual Rows": 1975,"Actual Loops": 3,"Sort Key": ["n1.n_name", "n2.n_name", "(EXTRACT(year FROM lineitem.l_shipdate))"],"Sort Method": "quicksort","Sort Space Used": 325,"Sort Space Type": "Memory","Workers": [{"Worker Number": 0,"Sort Method": "quicksort","Sort Space Used": 256,"Sort Space Type": "Memory"},{"Worker Number": 1,"Sort Method": "quicksort","Sort Space Used": 261,"Sort Space Type": "Memory"}],"Plans": [{"Node Type": "Hash Join","Parent Relationship": "Outer","Parallel Aware": false,"Async Capable": false,"Join Type": "Inner","Startup Cost": 366.16,"Total Cost": 71418.15,"Plan Rows": 2455,"Plan Width": 252,"Actual Startup Time": 11.881,"Actual Total Time": 918.844,"Actual Rows": 1975,"Actual Loops": 3,"Inner Unique": false,"Hash Cond": "(lineitem.l_suppkey = supplier.s_suppkey)","Join Filter": "(((n1.n_name = 'INDONESIA'::bpchar) AND (n2.n_name = 'UNITED STATES'::bpchar)) OR ((n1.n_name = 'UNITED STATES'::bpchar) AND (n2.n_name = 'INDONESIA'::bpchar)))","Rows Removed by Join Filter": 2009,"Workers": [],"Plans": [{"Node Type": "Nested Loop","Parent Relationship": "Outer","Parallel Aware": false,"Async Capable": false,"Join Type": "Inner","Startup Cost": 2.26,"Total Cost": 70727.78,"Plan Rows": 60250,"Plan Width": 124,"Actual Startup Time": 0.539,"Actual Total Time": 901.149,"Actual Rows": 49430,"Actual Loops": 3,"Inner Unique": false,"Workers": [],"Plans": [{"Node Type": "Nested Loop","Parent Relationship": "Outer","Parallel Aware": false,"Async Capable": false,"Join Type": "Inner","Startup Cost": 1.83,"Total Cost": 12400.01,"Plan Rows": 49000,"Plan Width": 108,"Actual Startup Time": 0.335,"Actual Total Time": 222.194,"Actual Rows": 40433,"Actual Loops": 3,"Inner Unique": false,"Workers": [],"Plans": [{"Node Type": "Hash Join","Parent Relationship": "Outer","Parallel Aware": false,"Async Capable": false,"Join Type": "Inner","Startup Cost": 1.40,"Total Cost": 4403.27,"Plan Rows": 4900,"Plan Width": 108,"Actual Startup Time": 0.200,"Actual Total Time": 44.122,"Actual Rows": 4048,"Actual Loops": 3,"Inner Unique": true,"Hash Cond": "(customer.c_nationkey = n2.n_nationkey)","Workers": [],"Plans": [{"Node Type": "Seq Scan","Parent Relationship": "Outer","Parallel Aware": true,"Async Capable": false,"Relation Name": "customer","Alias": "customer","Startup Cost": 0.00,"Total Cost": 4210.00,"Plan Rows": 62500,"Plan Width": 8,"Actual Startup Time": 0.020,"Actual Total Time": 9.026,"Actual Rows": 50000,"Actual Loops": 3,"Workers": []},{"Node Type": "Hash","Parent Relationship": "Inner","Parallel Aware": false,"Async Capable": false,"Startup Cost": 1.38,"Total Cost": 1.38,"Plan Rows": 2,"Plan Width": 108,"Actual Startup Time": 0.084,"Actual Total Time": 0.087,"Actual Rows": 2,"Actual Loops": 3,"Hash Buckets": 1024,"Original Hash Buckets": 1024,"Hash Batches": 1,"Original Hash Batches": 1,"Peak Memory Usage": 9,"Workers": [],"Plans": [{"Node Type": "Seq Scan","Parent Relationship": "Outer","Parallel Aware": false,"Async Capable": false,"Relation Name": "nation","Alias": "n2","Startup Cost": 0.00,"Total Cost": 1.38,"Plan Rows": 2,"Plan Width": 108,"Actual Startup Time": 0.062,"Actual Total Time": 0.068,"Actual Rows": 2,"Actual Loops": 3,"Filter": "((n_name = 'UNITED STATES'::bpchar) OR (n_name = 'INDONESIA'::bpchar))","Rows Removed by Filter": 23,"Workers": []}]}]},{"Node Type": "Index Scan","Parent Relationship": "Inner","Parallel Aware": false,"Async Capable": false,"Scan Direction": "Forward","Index Name": "idx_orders_custkey","Relation Name": "orders","Alias": "orders","Startup Cost": 0.43,"Total Cost": 1.46,"Plan Rows": 17,"Plan Width": 8,"Actual Startup Time": 0.007,"Actual Total Time": 0.043,"Actual Rows": 10,"Actual Loops": 12144,"Index Cond": "(o_custkey = customer.c_custkey)","Rows Removed by Index Recheck": 0,"Workers": []}]},{"Node Type": "Index Scan","Parent Relationship": "Inner","Parallel Aware": false,"Async Capable": false,"Scan Direction": "Forward","Index Name": "idx_lineitem_orderkey","Relation Name": "lineitem","Alias": "lineitem","Startup Cost": 0.43,"Total Cost": 1.14,"Plan Rows": 5,"Plan Width": 24,"Actual Startup Time": 0.016,"Actual Total Time": 0.017,"Actual Rows": 1,"Actual Loops": 121298,"Index Cond": "(l_orderkey = orders.o_orderkey)","Rows Removed by Index Recheck": 0,"Filter": "((l_shipdate >= '1995-01-01'::date) AND (l_shipdate <= '1996-12-31'::date))","Rows Removed by Filter": 3,"Workers": []}]},{"Node Type": "Hash","Parent Relationship": "Inner","Parallel Aware": false,"Async Capable": false,"Startup Cost": 354.10,"Total Cost": 354.10,"Plan Rows": 784,"Plan Width": 108,"Actual Startup Time": 10.517,"Actual Total Time": 10.525,"Actual Rows": 798,"Actual Loops": 3,"Hash Buckets": 1024,"Original Hash Buckets": 1024,"Hash Batches": 1,"Original Hash Batches": 1,"Peak Memory Usage": 57,"Workers": [],"Plans": [{"Node Type": "Hash Join","Parent Relationship": "Outer","Parallel Aware": false,"Async Capable": false,"Join Type": "Inner","Startup Cost": 1.40,"Total Cost": 354.10,"Plan Rows": 784,"Plan Width": 108,"Actual Startup Time": 0.070,"Actual Total Time": 10.343,"Actual Rows": 798,"Actual Loops": 3,"Inner Unique": true,"Hash Cond": "(supplier.s_nationkey = n1.n_nationkey)","Workers": [],"Plans": [{"Node Type": "Seq Scan","Parent Relationship": "Outer","Parallel Aware": false,"Async Capable": false,"Relation Name": "supplier","Alias": "supplier","Startup Cost": 0.00,"Total Cost": 322.00,"Plan Rows": 10000,"Plan Width": 8,"Actual Startup Time": 0.029,"Actual Total Time": 4.110,"Actual Rows": 10000,"Actual Loops": 3,"Workers": []},{"Node Type": "Hash","Parent Relationship": "Inner","Parallel Aware": false,"Async Capable": false,"Startup Cost": 1.38,"Total Cost": 1.38,"Plan Rows": 2,"Plan Width": 108,"Actual Startup Time": 0.011,"Actual Total Time": 0.016,"Actual Rows": 2,"Actual Loops": 3,"Hash Buckets": 1024,"Original Hash Buckets": 1024,"Hash Batches": 1,"Original Hash Batches": 1,"Peak Memory Usage": 9,"Workers": [],"Plans": [{"Node Type": "Seq Scan","Parent Relationship": "Outer","Parallel Aware": false,"Async Capable": false,"Relation Name": "nation","Alias": "n1","Startup Cost": 0.00,"Total Cost": 1.38,"Plan Rows": 2,"Plan Width": 108,"Actual Startup Time": 0.005,"Actual Total Time": 0.009,"Actual Rows": 2,"Actual Loops": 3,"Filter": "((n_name = 'INDONESIA'::bpchar) OR (n_name = 'UNITED STATES'::bpchar))","Rows Removed by Filter": 23,"Workers": []}]}]}]}]}]}]}]}]},"Planning Time": 9.200,"Triggers": [],"Execution Time": 975.147}]
[{"Plan": {"Node Type": "Aggregate","Strategy": "Sorted","Partial Mode": "Finalize","Parallel Aware": false,"Async Capable": false,"Startup Cost": 72556.41,"Total Cost": 73352.71,"Plan Rows": 5893,"Plan Width": 272,"Actual Startup Time": 933.873,"Actual Total Time": 989.180,"Actual Rows": 4,"Actual Loops": 1,"Group Key": ["n1.n_name", "n2.n_name", "(EXTRACT(year FROM lineitem.l_shipdate))"],"Plans": [{"Node Type": "Gather Merge","Parent Relationship": "Outer","Parallel Aware": false,"Async Capable": false,"Startup Cost": 72556.41,"Total Cost": 73202.94,"Plan Rows": 4910,"Plan Width": 272,"Actual Startup Time": 933.152,"Actual Total Time": 989.099,"Actual Rows": 12,"Actual Loops": 1,"Workers Planned": 2,"Workers Launched": 2,"Plans": [{"Node Type": "Aggregate","Strategy": "Sorted","Partial Mode": "Partial","Parent Relationship": "Outer","Parallel Aware": false,"Async Capable": false,"Startup Cost": 71556.39,"Total Cost": 71636.18,"Plan Rows": 2455,"Plan Width": 272,"Actual Startup Time": 924.793,"Actual Total Time": 925.652,"Actual Rows": 4,"Actual Loops": 3,"Group Key": ["n1.n_name", "n2.n_name", "(EXTRACT(year FROM lineitem.l_shipdate))"],"Workers": [],"Plans": [{"Node Type": "Sort","Parent Relationship": "Outer","Parallel Aware": false,"Async Capable": false,"Startup Cost": 71556.39,"Total Cost": 71562.53,"Plan Rows": 2455,"Plan Width": 252,"Actual Startup Time": 924.546,"Actual Total Time": 924.657,"Actual Rows": 1960,"Actual Loops": 3,"Sort Key": ["n1.n_name", "n2.n_name", "(EXTRACT(year FROM lineitem.l_shipdate))"],"Sort Method": "quicksort","Sort Space Used": 260,"Sort Space Type": "Memory","Workers": [{"Worker Number": 0,"Sort Method": "quicksort","Sort Space Used": 268,"Sort Space Type": "Memory"},{"Worker Number": 1,"Sort Method": "quicksort","Sort Space Used": 261,"Sort Space Type": "Memory"}],"Plans": [{"Node Type": "Hash Join","Parent Relationship": "Outer","Parallel Aware": false,"Async Capable": false,"Join Type": "Inner","Startup Cost": 366.16,"Total Cost": 71418.15,"Plan Rows": 2455,"Plan Width": 252,"Actual Startup Time": 9.905,"Actual Total Time": 922.622,"Actual Rows": 1960,"Actual Loops": 3,"Inner Unique": false,"Hash Cond": "(lineitem.l_suppkey = supplier.s_suppkey)","Join Filter": "(((n1.n_name = 'SAUDI ARABIA'::bpchar) AND (n2.n_name = 'FRANCE'::bpchar)) OR ((n1.n_name = 'FRANCE'::bpchar) AND (n2.n_name = 'SAUDI ARABIA'::bpchar)))","Rows Removed by Join Filter": 1973,"Workers": [],"Plans": [{"Node Type": "Nested Loop","Parent Relationship": "Outer","Parallel Aware": false,"Async Capable": false,"Join Type": "Inner","Startup Cost": 2.26,"Total Cost": 70727.78,"Plan Rows": 60250,"Plan Width": 124,"Actual Startup Time": 0.775,"Actual Total Time": 906.757,"Actual Rows": 48995,"Actual Loops": 3,"Inner Unique": false,"Workers": [],"Plans": [{"Node Type": "Nested Loop","Parent Relationship": "Outer","Parallel Aware": false,"Async Capable": false,"Join Type": "Inner","Startup Cost": 1.83,"Total Cost": 12400.01,"Plan Rows": 49000,"Plan Width": 108,"Actual Startup Time": 0.458,"Actual Total Time": 229.533,"Actual Rows": 40018,"Actual Loops": 3,"Inner Unique": false,"Workers": [],"Plans": [{"Node Type": "Hash Join","Parent Relationship": "Outer","Parallel Aware": false,"Async Capable": false,"Join Type": "Inner","Startup Cost": 1.40,"Total Cost": 4403.27,"Plan Rows": 4900,"Plan Width": 108,"Actual Startup Time": 0.208,"Actual Total Time": 48.220,"Actual Rows": 4001,"Actual Loops": 3,"Inner Unique": true,"Hash Cond": "(customer.c_nationkey = n2.n_nationkey)","Workers": [],"Plans": [{"Node Type": "Seq Scan","Parent Relationship": "Outer","Parallel Aware": true,"Async Capable": false,"Relation Name": "customer","Alias": "customer","Startup Cost": 0.00,"Total Cost": 4210.00,"Plan Rows": 62500,"Plan Width": 8,"Actual Startup Time": 0.014,"Actual Total Time": 9.549,"Actual Rows": 50000,"Actual Loops": 3,"Workers": []},{"Node Type": "Hash","Parent Relationship": "Inner","Parallel Aware": false,"Async Capable": false,"Startup Cost": 1.38,"Total Cost": 1.38,"Plan Rows": 2,"Plan Width": 108,"Actual Startup Time": 0.079,"Actual Total Time": 0.085,"Actual Rows": 2,"Actual Loops": 3,"Hash Buckets": 1024,"Original Hash Buckets": 1024,"Hash Batches": 1,"Original Hash Batches": 1,"Peak Memory Usage": 9,"Workers": [],"Plans": [{"Node Type": "Seq Scan","Parent Relationship": "Outer","Parallel Aware": false,"Async Capable": false,"Relation Name": "nation","Alias": "n2","Startup Cost": 0.00,"Total Cost": 1.38,"Plan Rows": 2,"Plan Width": 108,"Actual Startup Time": 0.051,"Actual Total Time": 0.059,"Actual Rows": 2,"Actual Loops": 3,"Filter": "((n_name = 'FRANCE'::bpchar) OR (n_name = 'SAUDI ARABIA'::bpchar))","Rows Removed by Filter": 23,"Workers": []}]}]},{"Node Type": "Index Scan","Parent Relationship": "Inner","Parallel Aware": false,"Async Capable": false,"Scan Direction": "Forward","Index Name": "idx_orders_custkey","Relation Name": "orders","Alias": "orders","Startup Cost": 0.43,"Total Cost": 1.46,"Plan Rows": 17,"Plan Width": 8,"Actual Startup Time": 0.007,"Actual Total Time": 0.044,"Actual Rows": 10,"Actual Loops": 12004,"Index Cond": "(o_custkey = customer.c_custkey)","Rows Removed by Index Recheck": 0,"Workers": []}]},{"Node Type": "Index Scan","Parent Relationship": "Inner","Parallel Aware": false,"Async Capable": false,"Scan Direction": "Forward","Index Name": "idx_lineitem_orderkey","Relation Name": "lineitem","Alias": "lineitem","Startup Cost": 0.43,"Total Cost": 1.14,"Plan Rows": 5,"Plan Width": 24,"Actual Startup Time": 0.016,"Actual Total Time": 0.017,"Actual Rows": 1,"Actual Loops": 120053,"Index Cond": "(l_orderkey = orders.o_orderkey)","Rows Removed by Index Recheck": 0,"Filter": "((l_shipdate >= '1995-01-01'::date) AND (l_shipdate <= '1996-12-31'::date))","Rows Removed by Filter": 3,"Workers": []}]},{"Node Type": "Hash","Parent Relationship": "Inner","Parallel Aware": false,"Async Capable": false,"Startup Cost": 354.10,"Total Cost": 354.10,"Plan Rows": 784,"Plan Width": 108,"Actual Startup Time": 8.762,"Actual Total Time": 8.769,"Actual Rows": 813,"Actual Loops": 3,"Hash Buckets": 1024,"Original Hash Buckets": 1024,"Hash Batches": 1,"Original Hash Batches": 1,"Peak Memory Usage": 58,"Workers": [],"Plans": [{"Node Type": "Hash Join","Parent Relationship": "Outer","Parallel Aware": false,"Async Capable": false,"Join Type": "Inner","Startup Cost": 1.40,"Total Cost": 354.10,"Plan Rows": 784,"Plan Width": 108,"Actual Startup Time": 0.154,"Actual Total Time": 8.549,"Actual Rows": 813,"Actual Loops": 3,"Inner Unique": true,"Hash Cond": "(supplier.s_nationkey = n1.n_nationkey)","Workers": [],"Plans": [{"Node Type": "Seq Scan","Parent Relationship": "Outer","Parallel Aware": false,"Async Capable": false,"Relation Name": "supplier","Alias": "supplier","Startup Cost": 0.00,"Total Cost": 322.00,"Plan Rows": 10000,"Plan Width": 8,"Actual Startup Time": 0.036,"Actual Total Time": 4.434,"Actual Rows": 10000,"Actual Loops": 3,"Workers": []},{"Node Type": "Hash","Parent Relationship": "Inner","Parallel Aware": false,"Async Capable": false,"Startup Cost": 1.38,"Total Cost": 1.38,"Plan Rows": 2,"Plan Width": 108,"Actual Startup Time": 0.020,"Actual Total Time": 0.022,"Actual Rows": 2,"Actual Loops": 3,"Hash Buckets": 1024,"Original Hash Buckets": 1024,"Hash Batches": 1,"Original Hash Batches": 1,"Peak Memory Usage": 9,"Workers": [],"Plans": [{"Node Type": "Seq Scan","Parent Relationship": "Outer","Parallel Aware": false,"Async Capable": false,"Relation Name": "nation","Alias": "n1","Startup Cost": 0.00,"Total Cost": 1.38,"Plan Rows": 2,"Plan Width": 108,"Actual Startup Time": 0.008,"Actual Total Time": 0.014,"Actual Rows": 2,"Actual Loops": 3,"Filter": "((n_name = 'SAUDI ARABIA'::bpchar) OR (n_name = 'FRANCE'::bpchar))","Rows Removed by Filter": 23,"Workers": []}]}]}]}]}]}]}]}]},"Planning Time": 8.281,"Triggers": [],"Execution Time": 989.654}]
[{"Plan": {"Node Type": "Aggregate","Strategy": "Sorted","Partial Mode": "Finalize","Parallel Aware": false,"Async Capable": false,"Startup Cost": 72556.41,"Total Cost": 73352.71,"Plan Rows": 5893,"Plan Width": 272,"Actual Startup Time": 921.574,"Actual Total Time": 965.927,"Actual Rows": 4,"Actual Loops": 1,"Group Key": ["n1.n_name", "n2.n_name", "(EXTRACT(year FROM lineitem.l_shipdate))"],"Plans": [{"Node Type": "Gather Merge","Parent Relationship": "Outer","Parallel Aware": false,"Async Capable": false,"Startup Cost": 72556.41,"Total Cost": 73202.94,"Plan Rows": 4910,"Plan Width": 272,"Actual Startup Time": 921.280,"Actual Total Time": 965.864,"Actual Rows": 12,"Actual Loops": 1,"Workers Planned": 2,"Workers Launched": 2,"Plans": [{"Node Type": "Aggregate","Strategy": "Sorted","Partial Mode": "Partial","Parent Relationship": "Outer","Parallel Aware": false,"Async Capable": false,"Startup Cost": 71556.39,"Total Cost": 71636.18,"Plan Rows": 2455,"Plan Width": 272,"Actual Startup Time": 913.425,"Actual Total Time": 914.087,"Actual Rows": 4,"Actual Loops": 3,"Group Key": ["n1.n_name", "n2.n_name", "(EXTRACT(year FROM lineitem.l_shipdate))"],"Workers": [],"Plans": [{"Node Type": "Sort","Parent Relationship": "Outer","Parallel Aware": false,"Async Capable": false,"Startup Cost": 71556.39,"Total Cost": 71562.53,"Plan Rows": 2455,"Plan Width": 252,"Actual Startup Time": 913.163,"Actual Total Time": 913.269,"Actual Rows": 1959,"Actual Loops": 3,"Sort Key": ["n1.n_name", "n2.n_name", "(EXTRACT(year FROM lineitem.l_shipdate))"],"Sort Method": "quicksort","Sort Space Used": 260,"Sort Space Type": "Memory","Workers": [{"Worker Number": 0,"Sort Method": "quicksort","Sort Space Used": 257,"Sort Space Type": "Memory"},{"Worker Number": 1,"Sort Method": "quicksort","Sort Space Used": 271,"Sort Space Type": "Memory"}],"Plans": [{"Node Type": "Hash Join","Parent Relationship": "Outer","Parallel Aware": false,"Async Capable": false,"Join Type": "Inner","Startup Cost": 366.16,"Total Cost": 71418.15,"Plan Rows": 2455,"Plan Width": 252,"Actual Startup Time": 9.024,"Actual Total Time": 911.403,"Actual Rows": 1959,"Actual Loops": 3,"Inner Unique": false,"Hash Cond": "(lineitem.l_suppkey = supplier.s_suppkey)","Join Filter": "(((n1.n_name = 'UNITED KINGDOM'::bpchar) AND (n2.n_name = 'CANADA'::bpchar)) OR ((n1.n_name = 'CANADA'::bpchar) AND (n2.n_name = 'UNITED KINGDOM'::bpchar)))","Rows Removed by Join Filter": 1994,"Workers": [],"Plans": [{"Node Type": "Nested Loop","Parent Relationship": "Outer","Parallel Aware": false,"Async Capable": false,"Join Type": "Inner","Startup Cost": 2.26,"Total Cost": 70727.78,"Plan Rows": 60250,"Plan Width": 124,"Actual Startup Time": 0.677,"Actual Total Time": 897.030,"Actual Rows": 48706,"Actual Loops": 3,"Inner Unique": false,"Workers": [],"Plans": [{"Node Type": "Nested Loop","Parent Relationship": "Outer","Parallel Aware": false,"Async Capable": false,"Join Type": "Inner","Startup Cost": 1.83,"Total Cost": 12400.01,"Plan Rows": 49000,"Plan Width": 108,"Actual Startup Time": 0.287,"Actual Total Time": 221.812,"Actual Rows": 39978,"Actual Loops": 3,"Inner Unique": false,"Workers": [],"Plans": [{"Node Type": "Hash Join","Parent Relationship": "Outer","Parallel Aware": false,"Async Capable": false,"Join Type": "Inner","Startup Cost": 1.40,"Total Cost": 4403.27,"Plan Rows": 4900,"Plan Width": 108,"Actual Startup Time": 0.167,"Actual Total Time": 43.072,"Actual Rows": 4010,"Actual Loops": 3,"Inner Unique": true,"Hash Cond": "(customer.c_nationkey = n2.n_nationkey)","Workers": [],"Plans": [{"Node Type": "Seq Scan","Parent Relationship": "Outer","Parallel Aware": true,"Async Capable": false,"Relation Name": "customer","Alias": "customer","Startup Cost": 0.00,"Total Cost": 4210.00,"Plan Rows": 62500,"Plan Width": 8,"Actual Startup Time": 0.014,"Actual Total Time": 9.027,"Actual Rows": 50000,"Actual Loops": 3,"Workers": []},{"Node Type": "Hash","Parent Relationship": "Inner","Parallel Aware": false,"Async Capable": false,"Startup Cost": 1.38,"Total Cost": 1.38,"Plan Rows": 2,"Plan Width": 108,"Actual Startup Time": 0.071,"Actual Total Time": 0.076,"Actual Rows": 2,"Actual Loops": 3,"Hash Buckets": 1024,"Original Hash Buckets": 1024,"Hash Batches": 1,"Original Hash Batches": 1,"Peak Memory Usage": 9,"Workers": [],"Plans": [{"Node Type": "Seq Scan","Parent Relationship": "Outer","Parallel Aware": false,"Async Capable": false,"Relation Name": "nation","Alias": "n2","Startup Cost": 0.00,"Total Cost": 1.38,"Plan Rows": 2,"Plan Width": 108,"Actual Startup Time": 0.049,"Actual Total Time": 0.057,"Actual Rows": 2,"Actual Loops": 3,"Filter": "((n_name = 'CANADA'::bpchar) OR (n_name = 'UNITED KINGDOM'::bpchar))","Rows Removed by Filter": 23,"Workers": []}]}]},{"Node Type": "Index Scan","Parent Relationship": "Inner","Parallel Aware": false,"Async Capable": false,"Scan Direction": "Forward","Index Name": "idx_orders_custkey","Relation Name": "orders","Alias": "orders","Startup Cost": 0.43,"Total Cost": 1.46,"Plan Rows": 17,"Plan Width": 8,"Actual Startup Time": 0.007,"Actual Total Time": 0.043,"Actual Rows": 10,"Actual Loops": 12031,"Index Cond": "(o_custkey = customer.c_custkey)","Rows Removed by Index Recheck": 0,"Workers": []}]},{"Node Type": "Index Scan","Parent Relationship": "Inner","Parallel Aware": false,"Async Capable": false,"Scan Direction": "Forward","Index Name": "idx_lineitem_orderkey","Relation Name": "lineitem","Alias": "lineitem","Startup Cost": 0.43,"Total Cost": 1.14,"Plan Rows": 5,"Plan Width": 24,"Actual Startup Time": 0.016,"Actual Total Time": 0.017,"Actual Rows": 1,"Actual Loops": 119935,"Index Cond": "(l_orderkey = orders.o_orderkey)","Rows Removed by Index Recheck": 0,"Filter": "((l_shipdate >= '1995-01-01'::date) AND (l_shipdate <= '1996-12-31'::date))","Rows Removed by Filter": 3,"Workers": []}]},{"Node Type": "Hash","Parent Relationship": "Inner","Parallel Aware": false,"Async Capable": false,"Startup Cost": 354.10,"Total Cost": 354.10,"Plan Rows": 784,"Plan Width": 108,"Actual Startup Time": 7.305,"Actual Total Time": 7.321,"Actual Rows": 802,"Actual Loops": 3,"Hash Buckets": 1024,"Original Hash Buckets": 1024,"Hash Batches": 1,"Original Hash Batches": 1,"Peak Memory Usage": 57,"Workers": [],"Plans": [{"Node Type": "Hash Join","Parent Relationship": "Outer","Parallel Aware": false,"Async Capable": false,"Join Type": "Inner","Startup Cost": 1.40,"Total Cost": 354.10,"Plan Rows": 784,"Plan Width": 108,"Actual Startup Time": 0.090,"Actual Total Time": 7.120,"Actual Rows": 802,"Actual Loops": 3,"Inner Unique": true,"Hash Cond": "(supplier.s_nationkey = n1.n_nationkey)","Workers": [],"Plans": [{"Node Type": "Seq Scan","Parent Relationship": "Outer","Parallel Aware": false,"Async Capable": false,"Relation Name": "supplier","Alias": "supplier","Startup Cost": 0.00,"Total Cost": 322.00,"Plan Rows": 10000,"Plan Width": 8,"Actual Startup Time": 0.037,"Actual Total Time": 3.802,"Actual Rows": 10000,"Actual Loops": 3,"Workers": []},{"Node Type": "Hash","Parent Relationship": "Inner","Parallel Aware": false,"Async Capable": false,"Startup Cost": 1.38,"Total Cost": 1.38,"Plan Rows": 2,"Plan Width": 108,"Actual Startup Time": 0.019,"Actual Total Time": 0.025,"Actual Rows": 2,"Actual Loops": 3,"Hash Buckets": 1024,"Original Hash Buckets": 1024,"Hash Batches": 1,"Original Hash Batches": 1,"Peak Memory Usage": 9,"Workers": [],"Plans": [{"Node Type": "Seq Scan","Parent Relationship": "Outer","Parallel Aware": false,"Async Capable": false,"Relation Name": "nation","Alias": "n1","Startup Cost": 0.00,"Total Cost": 1.38,"Plan Rows": 2,"Plan Width": 108,"Actual Startup Time": 0.007,"Actual Total Time": 0.015,"Actual Rows": 2,"Actual Loops": 3,"Filter": "((n_name = 'UNITED KINGDOM'::bpchar) OR (n_name = 'CANADA'::bpchar))","Rows Removed by Filter": 23,"Workers": []}]}]}]}]}]}]}]}]},"Planning Time": 8.389,"Triggers": [],"Execution Time": 966.489}]
[{"Plan": {"Node Type": "Aggregate","Strategy": "Sorted","Partial Mode": "Finalize","Parallel Aware": false,"Async Capable": false,"Startup Cost": 72556.41,"Total Cost": 73352.71,"Plan Rows": 5893,"Plan Width": 272,"Actual Startup Time": 934.747,"Actual Total Time": 989.668,"Actual Rows": 4,"Actual Loops": 1,"Group Key": ["n1.n_name", "n2.n_name", "(EXTRACT(year FROM lineitem.l_shipdate))"],"Plans": [{"Node Type": "Gather Merge","Parent Relationship": "Outer","Parallel Aware": false,"Async Capable": false,"Startup Cost": 72556.41,"Total Cost": 73202.94,"Plan Rows": 4910,"Plan Width": 272,"Actual Startup Time": 934.496,"Actual Total Time": 989.616,"Actual Rows": 12,"Actual Loops": 1,"Workers Planned": 2,"Workers Launched": 2,"Plans": [{"Node Type": "Aggregate","Strategy": "Sorted","Partial Mode": "Partial","Parent Relationship": "Outer","Parallel Aware": false,"Async Capable": false,"Startup Cost": 71556.39,"Total Cost": 71636.18,"Plan Rows": 2455,"Plan Width": 272,"Actual Startup Time": 926.116,"Actual Total Time": 926.817,"Actual Rows": 4,"Actual Loops": 3,"Group Key": ["n1.n_name", "n2.n_name", "(EXTRACT(year FROM lineitem.l_shipdate))"],"Workers": [],"Plans": [{"Node Type": "Sort","Parent Relationship": "Outer","Parallel Aware": false,"Async Capable": false,"Startup Cost": 71556.39,"Total Cost": 71562.53,"Plan Rows": 2455,"Plan Width": 252,"Actual Startup Time": 925.851,"Actual Total Time": 925.957,"Actual Rows": 1891,"Actual Loops": 3,"Sort Key": ["n1.n_name", "n2.n_name", "(EXTRACT(year FROM lineitem.l_shipdate))"],"Sort Method": "quicksort","Sort Space Used": 251,"Sort Space Type": "Memory","Workers": [{"Worker Number": 0,"Sort Method": "quicksort","Sort Space Used": 258,"Sort Space Type": "Memory"},{"Worker Number": 1,"Sort Method": "quicksort","Sort Space Used": 257,"Sort Space Type": "Memory"}],"Plans": [{"Node Type": "Hash Join","Parent Relationship": "Outer","Parallel Aware": false,"Async Capable": false,"Join Type": "Inner","Startup Cost": 366.16,"Total Cost": 71418.15,"Plan Rows": 2455,"Plan Width": 252,"Actual Startup Time": 9.105,"Actual Total Time": 924.053,"Actual Rows": 1891,"Actual Loops": 3,"Inner Unique": false,"Hash Cond": "(lineitem.l_suppkey = supplier.s_suppkey)","Join Filter": "(((n1.n_name = 'JAPAN'::bpchar) AND (n2.n_name = 'ROMANIA'::bpchar)) OR ((n1.n_name = 'ROMANIA'::bpchar) AND (n2.n_name = 'JAPAN'::bpchar)))","Rows Removed by Join Filter": 1877,"Workers": [],"Plans": [{"Node Type": "Nested Loop","Parent Relationship": "Outer","Parallel Aware": false,"Async Capable": false,"Join Type": "Inner","Startup Cost": 2.26,"Total Cost": 70727.78,"Plan Rows": 60250,"Plan Width": 124,"Actual Startup Time": 0.785,"Actual Total Time": 909.575,"Actual Rows": 48887,"Actual Loops": 3,"Inner Unique": false,"Workers": [],"Plans": [{"Node Type": "Nested Loop","Parent Relationship": "Outer","Parallel Aware": false,"Async Capable": false,"Join Type": "Inner","Startup Cost": 1.83,"Total Cost": 12400.01,"Plan Rows": 49000,"Plan Width": 108,"Actual Startup Time": 0.352,"Actual Total Time": 229.738,"Actual Rows": 40139,"Actual Loops": 3,"Inner Unique": false,"Workers": [],"Plans": [{"Node Type": "Hash Join","Parent Relationship": "Outer","Parallel Aware": false,"Async Capable": false,"Join Type": "Inner","Startup Cost": 1.40,"Total Cost": 4403.27,"Plan Rows": 4900,"Plan Width": 108,"Actual Startup Time": 0.209,"Actual Total Time": 48.773,"Actual Rows": 4016,"Actual Loops": 3,"Inner Unique": true,"Hash Cond": "(customer.c_nationkey = n2.n_nationkey)","Workers": [],"Plans": [{"Node Type": "Seq Scan","Parent Relationship": "Outer","Parallel Aware": true,"Async Capable": false,"Relation Name": "customer","Alias": "customer","Startup Cost": 0.00,"Total Cost": 4210.00,"Plan Rows": 62500,"Plan Width": 8,"Actual Startup Time": 0.013,"Actual Total Time": 9.651,"Actual Rows": 50000,"Actual Loops": 3,"Workers": []},{"Node Type": "Hash","Parent Relationship": "Inner","Parallel Aware": false,"Async Capable": false,"Startup Cost": 1.38,"Total Cost": 1.38,"Plan Rows": 2,"Plan Width": 108,"Actual Startup Time": 0.102,"Actual Total Time": 0.108,"Actual Rows": 2,"Actual Loops": 3,"Hash Buckets": 1024,"Original Hash Buckets": 1024,"Hash Batches": 1,"Original Hash Batches": 1,"Peak Memory Usage": 9,"Workers": [],"Plans": [{"Node Type": "Seq Scan","Parent Relationship": "Outer","Parallel Aware": false,"Async Capable": false,"Relation Name": "nation","Alias": "n2","Startup Cost": 0.00,"Total Cost": 1.38,"Plan Rows": 2,"Plan Width": 108,"Actual Startup Time": 0.075,"Actual Total Time": 0.081,"Actual Rows": 2,"Actual Loops": 3,"Filter": "((n_name = 'ROMANIA'::bpchar) OR (n_name = 'JAPAN'::bpchar))","Rows Removed by Filter": 23,"Workers": []}]}]},{"Node Type": "Index Scan","Parent Relationship": "Inner","Parallel Aware": false,"Async Capable": false,"Scan Direction": "Forward","Index Name": "idx_orders_custkey","Relation Name": "orders","Alias": "orders","Startup Cost": 0.43,"Total Cost": 1.46,"Plan Rows": 17,"Plan Width": 8,"Actual Startup Time": 0.007,"Actual Total Time": 0.044,"Actual Rows": 10,"Actual Loops": 12048,"Index Cond": "(o_custkey = customer.c_custkey)","Rows Removed by Index Recheck": 0,"Workers": []}]},{"Node Type": "Index Scan","Parent Relationship": "Inner","Parallel Aware": false,"Async Capable": false,"Scan Direction": "Forward","Index Name": "idx_lineitem_orderkey","Relation Name": "lineitem","Alias": "lineitem","Startup Cost": 0.43,"Total Cost": 1.14,"Plan Rows": 5,"Plan Width": 24,"Actual Startup Time": 0.016,"Actual Total Time": 0.017,"Actual Rows": 1,"Actual Loops": 120417,"Index Cond": "(l_orderkey = orders.o_orderkey)","Rows Removed by Index Recheck": 0,"Filter": "((l_shipdate >= '1995-01-01'::date) AND (l_shipdate <= '1996-12-31'::date))","Rows Removed by Filter": 3,"Workers": []}]},{"Node Type": "Hash","Parent Relationship": "Inner","Parallel Aware": false,"Async Capable": false,"Startup Cost": 354.10,"Total Cost": 354.10,"Plan Rows": 784,"Plan Width": 108,"Actual Startup Time": 7.317,"Actual Total Time": 7.333,"Actual Rows": 775,"Actual Loops": 3,"Hash Buckets": 1024,"Original Hash Buckets": 1024,"Hash Batches": 1,"Original Hash Batches": 1,"Peak Memory Usage": 55,"Workers": [],"Plans": [{"Node Type": "Hash Join","Parent Relationship": "Outer","Parallel Aware": false,"Async Capable": false,"Join Type": "Inner","Startup Cost": 1.40,"Total Cost": 354.10,"Plan Rows": 784,"Plan Width": 108,"Actual Startup Time": 0.082,"Actual Total Time": 7.157,"Actual Rows": 775,"Actual Loops": 3,"Inner Unique": true,"Hash Cond": "(supplier.s_nationkey = n1.n_nationkey)","Workers": [],"Plans": [{"Node Type": "Seq Scan","Parent Relationship": "Outer","Parallel Aware": false,"Async Capable": false,"Relation Name": "supplier","Alias": "supplier","Startup Cost": 0.00,"Total Cost": 322.00,"Plan Rows": 10000,"Plan Width": 8,"Actual Startup Time": 0.035,"Actual Total Time": 3.583,"Actual Rows": 10000,"Actual Loops": 3,"Workers": []},{"Node Type": "Hash","Parent Relationship": "Inner","Parallel Aware": false,"Async Capable": false,"Startup Cost": 1.38,"Total Cost": 1.38,"Plan Rows": 2,"Plan Width": 108,"Actual Startup Time": 0.015,"Actual Total Time": 0.020,"Actual Rows": 2,"Actual Loops": 3,"Hash Buckets": 1024,"Original Hash Buckets": 1024,"Hash Batches": 1,"Original Hash Batches": 1,"Peak Memory Usage": 9,"Workers": [],"Plans": [{"Node Type": "Seq Scan","Parent Relationship": "Outer","Parallel Aware": false,"Async Capable": false,"Relation Name": "nation","Alias": "n1","Startup Cost": 0.00,"Total Cost": 1.38,"Plan Rows": 2,"Plan Width": 108,"Actual Startup Time": 0.007,"Actual Total Time": 0.011,"Actual Rows": 2,"Actual Loops": 3,"Filter": "((n_name = 'JAPAN'::bpchar) OR (n_name = 'ROMANIA'::bpchar))","Rows Removed by Filter": 23,"Workers": []}]}]}]}]}]}]}]}]},"Planning Time": 8.985,"Triggers": [],"Execution Time": 990.198}]
[{"Plan": {"Node Type": "Aggregate","Strategy": "Sorted","Partial Mode": "Finalize","Parallel Aware": false,"Async Capable": false,"Startup Cost": 72556.41,"Total Cost": 73352.71,"Plan Rows": 5893,"Plan Width": 272,"Actual Startup Time": 935.843,"Actual Total Time": 980.458,"Actual Rows": 4,"Actual Loops": 1,"Group Key": ["n1.n_name", "n2.n_name", "(EXTRACT(year FROM lineitem.l_shipdate))"],"Plans": [{"Node Type": "Gather Merge","Parent Relationship": "Outer","Parallel Aware": false,"Async Capable": false,"Startup Cost": 72556.41,"Total Cost": 73202.94,"Plan Rows": 4910,"Plan Width": 272,"Actual Startup Time": 935.162,"Actual Total Time": 980.348,"Actual Rows": 12,"Actual Loops": 1,"Workers Planned": 2,"Workers Launched": 2,"Plans": [{"Node Type": "Aggregate","Strategy": "Sorted","Partial Mode": "Partial","Parent Relationship": "Outer","Parallel Aware": false,"Async Capable": false,"Startup Cost": 71556.39,"Total Cost": 71636.18,"Plan Rows": 2455,"Plan Width": 272,"Actual Startup Time": 926.962,"Actual Total Time": 927.771,"Actual Rows": 4,"Actual Loops": 3,"Group Key": ["n1.n_name", "n2.n_name", "(EXTRACT(year FROM lineitem.l_shipdate))"],"Workers": [],"Plans": [{"Node Type": "Sort","Parent Relationship": "Outer","Parallel Aware": false,"Async Capable": false,"Startup Cost": 71556.39,"Total Cost": 71562.53,"Plan Rows": 2455,"Plan Width": 252,"Actual Startup Time": 926.700,"Actual Total Time": 926.837,"Actual Rows": 2015,"Actual Loops": 3,"Sort Key": ["n1.n_name", "n2.n_name", "(EXTRACT(year FROM lineitem.l_shipdate))"],"Sort Method": "quicksort","Sort Space Used": 272,"Sort Space Type": "Memory","Workers": [{"Worker Number": 0,"Sort Method": "quicksort","Sort Space Used": 263,"Sort Space Type": "Memory"},{"Worker Number": 1,"Sort Method": "quicksort","Sort Space Used": 272,"Sort Space Type": "Memory"}],"Plans": [{"Node Type": "Hash Join","Parent Relationship": "Outer","Parallel Aware": false,"Async Capable": false,"Join Type": "Inner","Startup Cost": 366.16,"Total Cost": 71418.15,"Plan Rows": 2455,"Plan Width": 252,"Actual Startup Time": 12.876,"Actual Total Time": 924.791,"Actual Rows": 2015,"Actual Loops": 3,"Inner Unique": false,"Hash Cond": "(lineitem.l_suppkey = supplier.s_suppkey)","Join Filter": "(((n1.n_name = 'VIETNAM'::bpchar) AND (n2.n_name = 'MOZAMBIQUE'::bpchar)) OR ((n1.n_name = 'MOZAMBIQUE'::bpchar) AND (n2.n_name = 'VIETNAM'::bpchar)))","Rows Removed by Join Filter": 2000,"Workers": [],"Plans": [{"Node Type": "Nested Loop","Parent Relationship": "Outer","Parallel Aware": false,"Async Capable": false,"Join Type": "Inner","Startup Cost": 2.26,"Total Cost": 70727.78,"Plan Rows": 60250,"Plan Width": 124,"Actual Startup Time": 0.630,"Actual Total Time": 906.794,"Actual Rows": 49306,"Actual Loops": 3,"Inner Unique": false,"Workers": [],"Plans": [{"Node Type": "Nested Loop","Parent Relationship": "Outer","Parallel Aware": false,"Async Capable": false,"Join Type": "Inner","Startup Cost": 1.83,"Total Cost": 12400.01,"Plan Rows": 49000,"Plan Width": 108,"Actual Startup Time": 0.334,"Actual Total Time": 223.721,"Actual Rows": 40538,"Actual Loops": 3,"Inner Unique": false,"Workers": [],"Plans": [{"Node Type": "Hash Join","Parent Relationship": "Outer","Parallel Aware": false,"Async Capable": false,"Join Type": "Inner","Startup Cost": 1.40,"Total Cost": 4403.27,"Plan Rows": 4900,"Plan Width": 108,"Actual Startup Time": 0.205,"Actual Total Time": 44.451,"Actual Rows": 3994,"Actual Loops": 3,"Inner Unique": true,"Hash Cond": "(customer.c_nationkey = n2.n_nationkey)","Workers": [],"Plans": [{"Node Type": "Seq Scan","Parent Relationship": "Outer","Parallel Aware": true,"Async Capable": false,"Relation Name": "customer","Alias": "customer","Startup Cost": 0.00,"Total Cost": 4210.00,"Plan Rows": 62500,"Plan Width": 8,"Actual Startup Time": 0.019,"Actual Total Time": 9.085,"Actual Rows": 50000,"Actual Loops": 3,"Workers": []},{"Node Type": "Hash","Parent Relationship": "Inner","Parallel Aware": false,"Async Capable": false,"Startup Cost": 1.38,"Total Cost": 1.38,"Plan Rows": 2,"Plan Width": 108,"Actual Startup Time": 0.079,"Actual Total Time": 0.086,"Actual Rows": 2,"Actual Loops": 3,"Hash Buckets": 1024,"Original Hash Buckets": 1024,"Hash Batches": 1,"Original Hash Batches": 1,"Peak Memory Usage": 9,"Workers": [],"Plans": [{"Node Type": "Seq Scan","Parent Relationship": "Outer","Parallel Aware": false,"Async Capable": false,"Relation Name": "nation","Alias": "n2","Startup Cost": 0.00,"Total Cost": 1.38,"Plan Rows": 2,"Plan Width": 108,"Actual Startup Time": 0.061,"Actual Total Time": 0.066,"Actual Rows": 2,"Actual Loops": 3,"Filter": "((n_name = 'MOZAMBIQUE'::bpchar) OR (n_name = 'VIETNAM'::bpchar))","Rows Removed by Filter": 23,"Workers": []}]}]},{"Node Type": "Index Scan","Parent Relationship": "Inner","Parallel Aware": false,"Async Capable": false,"Scan Direction": "Forward","Index Name": "idx_orders_custkey","Relation Name": "orders","Alias": "orders","Startup Cost": 0.43,"Total Cost": 1.46,"Plan Rows": 17,"Plan Width": 8,"Actual Startup Time": 0.007,"Actual Total Time": 0.044,"Actual Rows": 10,"Actual Loops": 11982,"Index Cond": "(o_custkey = customer.c_custkey)","Rows Removed by Index Recheck": 0,"Workers": []}]},{"Node Type": "Index Scan","Parent Relationship": "Inner","Parallel Aware": false,"Async Capable": false,"Scan Direction": "Forward","Index Name": "idx_lineitem_orderkey","Relation Name": "lineitem","Alias": "lineitem","Startup Cost": 0.43,"Total Cost": 1.14,"Plan Rows": 5,"Plan Width": 24,"Actual Startup Time": 0.016,"Actual Total Time": 0.017,"Actual Rows": 1,"Actual Loops": 121614,"Index Cond": "(l_orderkey = orders.o_orderkey)","Rows Removed by Index Recheck": 0,"Filter": "((l_shipdate >= '1995-01-01'::date) AND (l_shipdate <= '1996-12-31'::date))","Rows Removed by Filter": 3,"Workers": []}]},{"Node Type": "Hash","Parent Relationship": "Inner","Parallel Aware": false,"Async Capable": false,"Startup Cost": 354.10,"Total Cost": 354.10,"Plan Rows": 784,"Plan Width": 108,"Actual Startup Time": 10.673,"Actual Total Time": 10.691,"Actual Rows": 805,"Actual Loops": 3,"Hash Buckets": 1024,"Original Hash Buckets": 1024,"Hash Batches": 1,"Original Hash Batches": 1,"Peak Memory Usage": 57,"Workers": [],"Plans": [{"Node Type": "Hash Join","Parent Relationship": "Outer","Parallel Aware": false,"Async Capable": false,"Join Type": "Inner","Startup Cost": 1.40,"Total Cost": 354.10,"Plan Rows": 784,"Plan Width": 108,"Actual Startup Time": 0.091,"Actual Total Time": 10.478,"Actual Rows": 805,"Actual Loops": 3,"Inner Unique": true,"Hash Cond": "(supplier.s_nationkey = n1.n_nationkey)","Workers": [],"Plans": [{"Node Type": "Seq Scan","Parent Relationship": "Outer","Parallel Aware": false,"Async Capable": false,"Relation Name": "supplier","Alias": "supplier","Startup Cost": 0.00,"Total Cost": 322.00,"Plan Rows": 10000,"Plan Width": 8,"Actual Startup Time": 0.034,"Actual Total Time": 4.417,"Actual Rows": 10000,"Actual Loops": 3,"Workers": []},{"Node Type": "Hash","Parent Relationship": "Inner","Parallel Aware": false,"Async Capable": false,"Startup Cost": 1.38,"Total Cost": 1.38,"Plan Rows": 2,"Plan Width": 108,"Actual Startup Time": 0.018,"Actual Total Time": 0.023,"Actual Rows": 2,"Actual Loops": 3,"Hash Buckets": 1024,"Original Hash Buckets": 1024,"Hash Batches": 1,"Original Hash Batches": 1,"Peak Memory Usage": 9,"Workers": [],"Plans": [{"Node Type": "Seq Scan","Parent Relationship": "Outer","Parallel Aware": false,"Async Capable": false,"Relation Name": "nation","Alias": "n1","Startup Cost": 0.00,"Total Cost": 1.38,"Plan Rows": 2,"Plan Width": 108,"Actual Startup Time": 0.008,"Actual Total Time": 0.011,"Actual Rows": 2,"Actual Loops": 3,"Filter": "((n_name = 'VIETNAM'::bpchar) OR (n_name = 'MOZAMBIQUE'::bpchar))","Rows Removed by Filter": 23,"Workers": []}]}]}]}]}]}]}]}]},"Planning Time": 9.271,"Triggers": [],"Execution Time": 980.850}]
[{"Plan": {"Node Type": "Aggregate","Strategy": "Sorted","Partial Mode": "Finalize","Parallel Aware": false,"Async Capable": false,"Startup Cost": 72556.41,"Total Cost": 73352.71,"Plan Rows": 5893,"Plan Width": 272,"Actual Startup Time": 919.637,"Actual Total Time": 964.078,"Actual Rows": 4,"Actual Loops": 1,"Group Key": ["n1.n_name", "n2.n_name", "(EXTRACT(year FROM lineitem.l_shipdate))"],"Plans": [{"Node Type": "Gather Merge","Parent Relationship": "Outer","Parallel Aware": false,"Async Capable": false,"Startup Cost": 72556.41,"Total Cost": 73202.94,"Plan Rows": 4910,"Plan Width": 272,"Actual Startup Time": 919.216,"Actual Total Time": 963.999,"Actual Rows": 12,"Actual Loops": 1,"Workers Planned": 2,"Workers Launched": 2,"Plans": [{"Node Type": "Aggregate","Strategy": "Sorted","Partial Mode": "Partial","Parent Relationship": "Outer","Parallel Aware": false,"Async Capable": false,"Startup Cost": 71556.39,"Total Cost": 71636.18,"Plan Rows": 2455,"Plan Width": 272,"Actual Startup Time": 911.011,"Actual Total Time": 911.757,"Actual Rows": 4,"Actual Loops": 3,"Group Key": ["n1.n_name", "n2.n_name", "(EXTRACT(year FROM lineitem.l_shipdate))"],"Workers": [],"Plans": [{"Node Type": "Sort","Parent Relationship": "Outer","Parallel Aware": false,"Async Capable": false,"Startup Cost": 71556.39,"Total Cost": 71562.53,"Plan Rows": 2455,"Plan Width": 252,"Actual Startup Time": 910.727,"Actual Total Time": 910.845,"Actual Rows": 1975,"Actual Loops": 3,"Sort Key": ["n1.n_name", "n2.n_name", "(EXTRACT(year FROM lineitem.l_shipdate))"],"Sort Method": "quicksort","Sort Space Used": 272,"Sort Space Type": "Memory","Workers": [{"Worker Number": 0,"Sort Method": "quicksort","Sort Space Used": 261,"Sort Space Type": "Memory"},{"Worker Number": 1,"Sort Method": "quicksort","Sort Space Used": 261,"Sort Space Type": "Memory"}],"Plans": [{"Node Type": "Hash Join","Parent Relationship": "Outer","Parallel Aware": false,"Async Capable": false,"Join Type": "Inner","Startup Cost": 366.16,"Total Cost": 71418.15,"Plan Rows": 2455,"Plan Width": 252,"Actual Startup Time": 14.830,"Actual Total Time": 908.903,"Actual Rows": 1975,"Actual Loops": 3,"Inner Unique": false,"Hash Cond": "(lineitem.l_suppkey = supplier.s_suppkey)","Join Filter": "(((n1.n_name = 'GERMANY'::bpchar) AND (n2.n_name = 'ALGERIA'::bpchar)) OR ((n1.n_name = 'ALGERIA'::bpchar) AND (n2.n_name = 'GERMANY'::bpchar)))","Rows Removed by Join Filter": 1967,"Workers": [],"Plans": [{"Node Type": "Nested Loop","Parent Relationship": "Outer","Parallel Aware": false,"Async Capable": false,"Join Type": "Inner","Startup Cost": 2.26,"Total Cost": 70727.78,"Plan Rows": 60250,"Plan Width": 124,"Actual Startup Time": 0.607,"Actual Total Time": 890.422,"Actual Rows": 48546,"Actual Loops": 3,"Inner Unique": false,"Workers": [],"Plans": [{"Node Type": "Nested Loop","Parent Relationship": "Outer","Parallel Aware": false,"Async Capable": false,"Join Type": "Inner","Startup Cost": 1.83,"Total Cost": 12400.01,"Plan Rows": 49000,"Plan Width": 108,"Actual Startup Time": 0.315,"Actual Total Time": 219.616,"Actual Rows": 39782,"Actual Loops": 3,"Inner Unique": false,"Workers": [],"Plans": [{"Node Type": "Hash Join","Parent Relationship": "Outer","Parallel Aware": false,"Async Capable": false,"Join Type": "Inner","Startup Cost": 1.40,"Total Cost": 4403.27,"Plan Rows": 4900,"Plan Width": 108,"Actual Startup Time": 0.201,"Actual Total Time": 43.272,"Actual Rows": 3944,"Actual Loops": 3,"Inner Unique": true,"Hash Cond": "(customer.c_nationkey = n2.n_nationkey)","Workers": [],"Plans": [{"Node Type": "Seq Scan","Parent Relationship": "Outer","Parallel Aware": true,"Async Capable": false,"Relation Name": "customer","Alias": "customer","Startup Cost": 0.00,"Total Cost": 4210.00,"Plan Rows": 62500,"Plan Width": 8,"Actual Startup Time": 0.015,"Actual Total Time": 9.059,"Actual Rows": 50000,"Actual Loops": 3,"Workers": []},{"Node Type": "Hash","Parent Relationship": "Inner","Parallel Aware": false,"Async Capable": false,"Startup Cost": 1.38,"Total Cost": 1.38,"Plan Rows": 2,"Plan Width": 108,"Actual Startup Time": 0.076,"Actual Total Time": 0.084,"Actual Rows": 2,"Actual Loops": 3,"Hash Buckets": 1024,"Original Hash Buckets": 1024,"Hash Batches": 1,"Original Hash Batches": 1,"Peak Memory Usage": 9,"Workers": [],"Plans": [{"Node Type": "Seq Scan","Parent Relationship": "Outer","Parallel Aware": false,"Async Capable": false,"Relation Name": "nation","Alias": "n2","Startup Cost": 0.00,"Total Cost": 1.38,"Plan Rows": 2,"Plan Width": 108,"Actual Startup Time": 0.060,"Actual Total Time": 0.068,"Actual Rows": 2,"Actual Loops": 3,"Filter": "((n_name = 'ALGERIA'::bpchar) OR (n_name = 'GERMANY'::bpchar))","Rows Removed by Filter": 23,"Workers": []}]}]},{"Node Type": "Index Scan","Parent Relationship": "Inner","Parallel Aware": false,"Async Capable": false,"Scan Direction": "Forward","Index Name": "idx_orders_custkey","Relation Name": "orders","Alias": "orders","Startup Cost": 0.43,"Total Cost": 1.46,"Plan Rows": 17,"Plan Width": 8,"Actual Startup Time": 0.007,"Actual Total Time": 0.043,"Actual Rows": 10,"Actual Loops": 11833,"Index Cond": "(o_custkey = customer.c_custkey)","Rows Removed by Index Recheck": 0,"Workers": []}]},{"Node Type": "Index Scan","Parent Relationship": "Inner","Parallel Aware": false,"Async Capable": false,"Scan Direction": "Forward","Index Name": "idx_lineitem_orderkey","Relation Name": "lineitem","Alias": "lineitem","Startup Cost": 0.43,"Total Cost": 1.14,"Plan Rows": 5,"Plan Width": 24,"Actual Startup Time": 0.016,"Actual Total Time": 0.017,"Actual Rows": 1,"Actual Loops": 119346,"Index Cond": "(l_orderkey = orders.o_orderkey)","Rows Removed by Index Recheck": 0,"Filter": "((l_shipdate >= '1995-01-01'::date) AND (l_shipdate <= '1996-12-31'::date))","Rows Removed by Filter": 3,"Workers": []}]},{"Node Type": "Hash","Parent Relationship": "Inner","Parallel Aware": false,"Async Capable": false,"Startup Cost": 354.10,"Total Cost": 354.10,"Plan Rows": 784,"Plan Width": 108,"Actual Startup Time": 11.118,"Actual Total Time": 11.136,"Actual Rows": 816,"Actual Loops": 3,"Hash Buckets": 1024,"Original Hash Buckets": 1024,"Hash Batches": 1,"Original Hash Batches": 1,"Peak Memory Usage": 58,"Workers": [],"Plans": [{"Node Type": "Hash Join","Parent Relationship": "Outer","Parallel Aware": false,"Async Capable": false,"Join Type": "Inner","Startup Cost": 1.40,"Total Cost": 354.10,"Plan Rows": 784,"Plan Width": 108,"Actual Startup Time": 0.070,"Actual Total Time": 10.939,"Actual Rows": 816,"Actual Loops": 3,"Inner Unique": true,"Hash Cond": "(supplier.s_nationkey = n1.n_nationkey)","Workers": [],"Plans": [{"Node Type": "Seq Scan","Parent Relationship": "Outer","Parallel Aware": false,"Async Capable": false,"Relation Name": "supplier","Alias": "supplier","Startup Cost": 0.00,"Total Cost": 322.00,"Plan Rows": 10000,"Plan Width": 8,"Actual Startup Time": 0.028,"Actual Total Time": 4.360,"Actual Rows": 10000,"Actual Loops": 3,"Workers": []},{"Node Type": "Hash","Parent Relationship": "Inner","Parallel Aware": false,"Async Capable": false,"Startup Cost": 1.38,"Total Cost": 1.38,"Plan Rows": 2,"Plan Width": 108,"Actual Startup Time": 0.011,"Actual Total Time": 0.018,"Actual Rows": 2,"Actual Loops": 3,"Hash Buckets": 1024,"Original Hash Buckets": 1024,"Hash Batches": 1,"Original Hash Batches": 1,"Peak Memory Usage": 9,"Workers": [],"Plans": [{"Node Type": "Seq Scan","Parent Relationship": "Outer","Parallel Aware": false,"Async Capable": false,"Relation Name": "nation","Alias": "n1","Startup Cost": 0.00,"Total Cost": 1.38,"Plan Rows": 2,"Plan Width": 108,"Actual Startup Time": 0.003,"Actual Total Time": 0.009,"Actual Rows": 2,"Actual Loops": 3,"Filter": "((n_name = 'GERMANY'::bpchar) OR (n_name = 'ALGERIA'::bpchar))","Rows Removed by Filter": 23,"Workers": []}]}]}]}]}]}]}]}]},"Planning Time": 9.106,"Triggers": [],"Execution Time": 964.507}]
[{"Plan": {"Node Type": "Aggregate","Strategy": "Sorted","Partial Mode": "Finalize","Parallel Aware": false,"Async Capable": false,"Startup Cost": 72556.41,"Total Cost": 73352.71,"Plan Rows": 5893,"Plan Width": 272,"Actual Startup Time": 918.867,"Actual Total Time": 975.427,"Actual Rows": 4,"Actual Loops": 1,"Group Key": ["n1.n_name", "n2.n_name", "(EXTRACT(year FROM lineitem.l_shipdate))"],"Plans": [{"Node Type": "Gather Merge","Parent Relationship": "Outer","Parallel Aware": false,"Async Capable": false,"Startup Cost": 72556.41,"Total Cost": 73202.94,"Plan Rows": 4910,"Plan Width": 272,"Actual Startup Time": 918.145,"Actual Total Time": 975.340,"Actual Rows": 12,"Actual Loops": 1,"Workers Planned": 2,"Workers Launched": 2,"Plans": [{"Node Type": "Aggregate","Strategy": "Sorted","Partial Mode": "Partial","Parent Relationship": "Outer","Parallel Aware": false,"Async Capable": false,"Startup Cost": 71556.39,"Total Cost": 71636.18,"Plan Rows": 2455,"Plan Width": 272,"Actual Startup Time": 909.989,"Actual Total Time": 910.905,"Actual Rows": 4,"Actual Loops": 3,"Group Key": ["n1.n_name", "n2.n_name", "(EXTRACT(year FROM lineitem.l_shipdate))"],"Workers": [],"Plans": [{"Node Type": "Sort","Parent Relationship": "Outer","Parallel Aware": false,"Async Capable": false,"Startup Cost": 71556.39,"Total Cost": 71562.53,"Plan Rows": 2455,"Plan Width": 252,"Actual Startup Time": 909.720,"Actual Total Time": 909.850,"Actual Rows": 1946,"Actual Loops": 3,"Sort Key": ["n1.n_name", "n2.n_name", "(EXTRACT(year FROM lineitem.l_shipdate))"],"Sort Method": "quicksort","Sort Space Used": 258,"Sort Space Type": "Memory","Workers": [{"Worker Number": 0,"Sort Method": "quicksort","Sort Space Used": 261,"Sort Space Type": "Memory"},{"Worker Number": 1,"Sort Method": "quicksort","Sort Space Used": 265,"Sort Space Type": "Memory"}],"Plans": [{"Node Type": "Hash Join","Parent Relationship": "Outer","Parallel Aware": false,"Async Capable": false,"Join Type": "Inner","Startup Cost": 366.16,"Total Cost": 71418.15,"Plan Rows": 2455,"Plan Width": 252,"Actual Startup Time": 8.994,"Actual Total Time": 907.896,"Actual Rows": 1946,"Actual Loops": 3,"Inner Unique": false,"Hash Cond": "(lineitem.l_suppkey = supplier.s_suppkey)","Join Filter": "(((n1.n_name = 'UNITED KINGDOM'::bpchar) AND (n2.n_name = 'INDIA'::bpchar)) OR ((n1.n_name = 'INDIA'::bpchar) AND (n2.n_name = 'UNITED KINGDOM'::bpchar)))","Rows Removed by Join Filter": 1995,"Workers": [],"Plans": [{"Node Type": "Nested Loop","Parent Relationship": "Outer","Parallel Aware": false,"Async Capable": false,"Join Type": "Inner","Startup Cost": 2.26,"Total Cost": 70727.78,"Plan Rows": 60250,"Plan Width": 124,"Actual Startup Time": 0.743,"Actual Total Time": 892.850,"Actual Rows": 48317,"Actual Loops": 3,"Inner Unique": false,"Workers": [],"Plans": [{"Node Type": "Nested Loop","Parent Relationship": "Outer","Parallel Aware": false,"Async Capable": false,"Join Type": "Inner","Startup Cost": 1.83,"Total Cost": 12400.01,"Plan Rows": 49000,"Plan Width": 108,"Actual Startup Time": 0.342,"Actual Total Time": 224.320,"Actual Rows": 39761,"Actual Loops": 3,"Inner Unique": false,"Workers": [],"Plans": [{"Node Type": "Hash Join","Parent Relationship": "Outer","Parallel Aware": false,"Async Capable": false,"Join Type": "Inner","Startup Cost": 1.40,"Total Cost": 4403.27,"Plan Rows": 4900,"Plan Width": 108,"Actual Startup Time": 0.204,"Actual Total Time": 46.048,"Actual Rows": 4018,"Actual Loops": 3,"Inner Unique": true,"Hash Cond": "(customer.c_nationkey = n2.n_nationkey)","Workers": [],"Plans": [{"Node Type": "Seq Scan","Parent Relationship": "Outer","Parallel Aware": true,"Async Capable": false,"Relation Name": "customer","Alias": "customer","Startup Cost": 0.00,"Total Cost": 4210.00,"Plan Rows": 62500,"Plan Width": 8,"Actual Startup Time": 0.017,"Actual Total Time": 9.552,"Actual Rows": 50000,"Actual Loops": 3,"Workers": []},{"Node Type": "Hash","Parent Relationship": "Inner","Parallel Aware": false,"Async Capable": false,"Startup Cost": 1.38,"Total Cost": 1.38,"Plan Rows": 2,"Plan Width": 108,"Actual Startup Time": 0.074,"Actual Total Time": 0.080,"Actual Rows": 2,"Actual Loops": 3,"Hash Buckets": 1024,"Original Hash Buckets": 1024,"Hash Batches": 1,"Original Hash Batches": 1,"Peak Memory Usage": 9,"Workers": [],"Plans": [{"Node Type": "Seq Scan","Parent Relationship": "Outer","Parallel Aware": false,"Async Capable": false,"Relation Name": "nation","Alias": "n2","Startup Cost": 0.00,"Total Cost": 1.38,"Plan Rows": 2,"Plan Width": 108,"Actual Startup Time": 0.055,"Actual Total Time": 0.062,"Actual Rows": 2,"Actual Loops": 3,"Filter": "((n_name = 'INDIA'::bpchar) OR (n_name = 'UNITED KINGDOM'::bpchar))","Rows Removed by Filter": 23,"Workers": []}]}]},{"Node Type": "Index Scan","Parent Relationship": "Inner","Parallel Aware": false,"Async Capable": false,"Scan Direction": "Forward","Index Name": "idx_orders_custkey","Relation Name": "orders","Alias": "orders","Startup Cost": 0.43,"Total Cost": 1.46,"Plan Rows": 17,"Plan Width": 8,"Actual Startup Time": 0.007,"Actual Total Time": 0.043,"Actual Rows": 10,"Actual Loops": 12053,"Index Cond": "(o_custkey = customer.c_custkey)","Rows Removed by Index Recheck": 0,"Workers": []}]},{"Node Type": "Index Scan","Parent Relationship": "Inner","Parallel Aware": false,"Async Capable": false,"Scan Direction": "Forward","Index Name": "idx_lineitem_orderkey","Relation Name": "lineitem","Alias": "lineitem","Startup Cost": 0.43,"Total Cost": 1.14,"Plan Rows": 5,"Plan Width": 24,"Actual Startup Time": 0.016,"Actual Total Time": 0.017,"Actual Rows": 1,"Actual Loops": 119282,"Index Cond": "(l_orderkey = orders.o_orderkey)","Rows Removed by Index Recheck": 0,"Filter": "((l_shipdate >= '1995-01-01'::date) AND (l_shipdate <= '1996-12-31'::date))","Rows Removed by Filter": 3,"Workers": []}]},{"Node Type": "Hash","Parent Relationship": "Inner","Parallel Aware": false,"Async Capable": false,"Startup Cost": 354.10,"Total Cost": 354.10,"Plan Rows": 784,"Plan Width": 108,"Actual Startup Time": 7.623,"Actual Total Time": 7.635,"Actual Rows": 805,"Actual Loops": 3,"Hash Buckets": 1024,"Original Hash Buckets": 1024,"Hash Batches": 1,"Original Hash Batches": 1,"Peak Memory Usage": 57,"Workers": [],"Plans": [{"Node Type": "Hash Join","Parent Relationship": "Outer","Parallel Aware": false,"Async Capable": false,"Join Type": "Inner","Startup Cost": 1.40,"Total Cost": 354.10,"Plan Rows": 784,"Plan Width": 108,"Actual Startup Time": 0.098,"Actual Total Time": 7.432,"Actual Rows": 805,"Actual Loops": 3,"Inner Unique": true,"Hash Cond": "(supplier.s_nationkey = n1.n_nationkey)","Workers": [],"Plans": [{"Node Type": "Seq Scan","Parent Relationship": "Outer","Parallel Aware": false,"Async Capable": false,"Relation Name": "supplier","Alias": "supplier","Startup Cost": 0.00,"Total Cost": 322.00,"Plan Rows": 10000,"Plan Width": 8,"Actual Startup Time": 0.039,"Actual Total Time": 3.937,"Actual Rows": 10000,"Actual Loops": 3,"Workers": []},{"Node Type": "Hash","Parent Relationship": "Inner","Parallel Aware": false,"Async Capable": false,"Startup Cost": 1.38,"Total Cost": 1.38,"Plan Rows": 2,"Plan Width": 108,"Actual Startup Time": 0.021,"Actual Total Time": 0.026,"Actual Rows": 2,"Actual Loops": 3,"Hash Buckets": 1024,"Original Hash Buckets": 1024,"Hash Batches": 1,"Original Hash Batches": 1,"Peak Memory Usage": 9,"Workers": [],"Plans": [{"Node Type": "Seq Scan","Parent Relationship": "Outer","Parallel Aware": false,"Async Capable": false,"Relation Name": "nation","Alias": "n1","Startup Cost": 0.00,"Total Cost": 1.38,"Plan Rows": 2,"Plan Width": 108,"Actual Startup Time": 0.007,"Actual Total Time": 0.013,"Actual Rows": 2,"Actual Loops": 3,"Filter": "((n_name = 'UNITED KINGDOM'::bpchar) OR (n_name = 'INDIA'::bpchar))","Rows Removed by Filter": 23,"Workers": []}]}]}]}]}]}]}]}]},"Planning Time": 8.819,"Triggers": [],"Execution Time": 975.871}]
[{"Plan": {"Node Type": "Aggregate","Strategy": "Sorted","Partial Mode": "Finalize","Parallel Aware": false,"Async Capable": false,"Startup Cost": 72556.41,"Total Cost": 73352.71,"Plan Rows": 5893,"Plan Width": 272,"Actual Startup Time": 912.638,"Actual Total Time": 957.509,"Actual Rows": 4,"Actual Loops": 1,"Group Key": ["n1.n_name", "n2.n_name", "(EXTRACT(year FROM lineitem.l_shipdate))"],"Plans": [{"Node Type": "Gather Merge","Parent Relationship": "Outer","Parallel Aware": false,"Async Capable": false,"Startup Cost": 72556.41,"Total Cost": 73202.94,"Plan Rows": 4910,"Plan Width": 272,"Actual Startup Time": 912.020,"Actual Total Time": 957.447,"Actual Rows": 12,"Actual Loops": 1,"Workers Planned": 2,"Workers Launched": 2,"Plans": [{"Node Type": "Aggregate","Strategy": "Sorted","Partial Mode": "Partial","Parent Relationship": "Outer","Parallel Aware": false,"Async Capable": false,"Startup Cost": 71556.39,"Total Cost": 71636.18,"Plan Rows": 2455,"Plan Width": 272,"Actual Startup Time": 904.308,"Actual Total Time": 905.081,"Actual Rows": 4,"Actual Loops": 3,"Group Key": ["n1.n_name", "n2.n_name", "(EXTRACT(year FROM lineitem.l_shipdate))"],"Workers": [],"Plans": [{"Node Type": "Sort","Parent Relationship": "Outer","Parallel Aware": false,"Async Capable": false,"Startup Cost": 71556.39,"Total Cost": 71562.53,"Plan Rows": 2455,"Plan Width": 252,"Actual Startup Time": 904.030,"Actual Total Time": 904.149,"Actual Rows": 1923,"Actual Loops": 3,"Sort Key": ["n1.n_name", "n2.n_name", "(EXTRACT(year FROM lineitem.l_shipdate))"],"Sort Method": "quicksort","Sort Space Used": 266,"Sort Space Type": "Memory","Workers": [{"Worker Number": 0,"Sort Method": "quicksort","Sort Space Used": 251,"Sort Space Type": "Memory"},{"Worker Number": 1,"Sort Method": "quicksort","Sort Space Used": 260,"Sort Space Type": "Memory"}],"Plans": [{"Node Type": "Hash Join","Parent Relationship": "Outer","Parallel Aware": false,"Async Capable": false,"Join Type": "Inner","Startup Cost": 366.16,"Total Cost": 71418.15,"Plan Rows": 2455,"Plan Width": 252,"Actual Startup Time": 11.147,"Actual Total Time": 902.195,"Actual Rows": 1923,"Actual Loops": 3,"Inner Unique": false,"Hash Cond": "(lineitem.l_suppkey = supplier.s_suppkey)","Join Filter": "(((n1.n_name = 'PERU'::bpchar) AND (n2.n_name = 'UNITED STATES'::bpchar)) OR ((n1.n_name = 'UNITED STATES'::bpchar) AND (n2.n_name = 'PERU'::bpchar)))","Rows Removed by Join Filter": 2008,"Workers": [],"Plans": [{"Node Type": "Nested Loop","Parent Relationship": "Outer","Parallel Aware": false,"Async Capable": false,"Join Type": "Inner","Startup Cost": 2.26,"Total Cost": 70727.78,"Plan Rows": 60250,"Plan Width": 124,"Actual Startup Time": 1.016,"Actual Total Time": 885.055,"Actual Rows": 48333,"Actual Loops": 3,"Inner Unique": false,"Workers": [],"Plans": [{"Node Type": "Nested Loop","Parent Relationship": "Outer","Parallel Aware": false,"Async Capable": false,"Join Type": "Inner","Startup Cost": 1.83,"Total Cost": 12400.01,"Plan Rows": 49000,"Plan Width": 108,"Actual Startup Time": 0.324,"Actual Total Time": 219.105,"Actual Rows": 39646,"Actual Loops": 3,"Inner Unique": false,"Workers": [],"Plans": [{"Node Type": "Hash Join","Parent Relationship": "Outer","Parallel Aware": false,"Async Capable": false,"Join Type": "Inner","Startup Cost": 1.40,"Total Cost": 4403.27,"Plan Rows": 4900,"Plan Width": 108,"Actual Startup Time": 0.219,"Actual Total Time": 43.902,"Actual Rows": 3986,"Actual Loops": 3,"Inner Unique": true,"Hash Cond": "(customer.c_nationkey = n2.n_nationkey)","Workers": [],"Plans": [{"Node Type": "Seq Scan","Parent Relationship": "Outer","Parallel Aware": true,"Async Capable": false,"Relation Name": "customer","Alias": "customer","Startup Cost": 0.00,"Total Cost": 4210.00,"Plan Rows": 62500,"Plan Width": 8,"Actual Startup Time": 0.013,"Actual Total Time": 8.995,"Actual Rows": 50000,"Actual Loops": 3,"Workers": []},{"Node Type": "Hash","Parent Relationship": "Inner","Parallel Aware": false,"Async Capable": false,"Startup Cost": 1.38,"Total Cost": 1.38,"Plan Rows": 2,"Plan Width": 108,"Actual Startup Time": 0.098,"Actual Total Time": 0.105,"Actual Rows": 2,"Actual Loops": 3,"Hash Buckets": 1024,"Original Hash Buckets": 1024,"Hash Batches": 1,"Original Hash Batches": 1,"Peak Memory Usage": 9,"Workers": [],"Plans": [{"Node Type": "Seq Scan","Parent Relationship": "Outer","Parallel Aware": false,"Async Capable": false,"Relation Name": "nation","Alias": "n2","Startup Cost": 0.00,"Total Cost": 1.38,"Plan Rows": 2,"Plan Width": 108,"Actual Startup Time": 0.080,"Actual Total Time": 0.085,"Actual Rows": 2,"Actual Loops": 3,"Filter": "((n_name = 'UNITED STATES'::bpchar) OR (n_name = 'PERU'::bpchar))","Rows Removed by Filter": 23,"Workers": []}]}]},{"Node Type": "Index Scan","Parent Relationship": "Inner","Parallel Aware": false,"Async Capable": false,"Scan Direction": "Forward","Index Name": "idx_orders_custkey","Relation Name": "orders","Alias": "orders","Startup Cost": 0.43,"Total Cost": 1.46,"Plan Rows": 17,"Plan Width": 8,"Actual Startup Time": 0.007,"Actual Total Time": 0.043,"Actual Rows": 10,"Actual Loops": 11958,"Index Cond": "(o_custkey = customer.c_custkey)","Rows Removed by Index Recheck": 0,"Workers": []}]},{"Node Type": "Index Scan","Parent Relationship": "Inner","Parallel Aware": false,"Async Capable": false,"Scan Direction": "Forward","Index Name": "idx_lineitem_orderkey","Relation Name": "lineitem","Alias": "lineitem","Startup Cost": 0.43,"Total Cost": 1.14,"Plan Rows": 5,"Plan Width": 24,"Actual Startup Time": 0.016,"Actual Total Time": 0.017,"Actual Rows": 1,"Actual Loops": 118939,"Index Cond": "(l_orderkey = orders.o_orderkey)","Rows Removed by Index Recheck": 0,"Filter": "((l_shipdate >= '1995-01-01'::date) AND (l_shipdate <= '1996-12-31'::date))","Rows Removed by Filter": 3,"Workers": []}]},{"Node Type": "Hash","Parent Relationship": "Inner","Parallel Aware": false,"Async Capable": false,"Startup Cost": 354.10,"Total Cost": 354.10,"Plan Rows": 784,"Plan Width": 108,"Actual Startup Time": 10.050,"Actual Total Time": 10.068,"Actual Rows": 814,"Actual Loops": 3,"Hash Buckets": 1024,"Original Hash Buckets": 1024,"Hash Batches": 1,"Original Hash Batches": 1,"Peak Memory Usage": 58,"Workers": [],"Plans": [{"Node Type": "Hash Join","Parent Relationship": "Outer","Parallel Aware": false,"Async Capable": false,"Join Type": "Inner","Startup Cost": 1.40,"Total Cost": 354.10,"Plan Rows": 784,"Plan Width": 108,"Actual Startup Time": 0.070,"Actual Total Time": 9.880,"Actual Rows": 814,"Actual Loops": 3,"Inner Unique": true,"Hash Cond": "(supplier.s_nationkey = n1.n_nationkey)","Workers": [],"Plans": [{"Node Type": "Seq Scan","Parent Relationship": "Outer","Parallel Aware": false,"Async Capable": false,"Relation Name": "supplier","Alias": "supplier","Startup Cost": 0.00,"Total Cost": 322.00,"Plan Rows": 10000,"Plan Width": 8,"Actual Startup Time": 0.026,"Actual Total Time": 3.836,"Actual Rows": 10000,"Actual Loops": 3,"Workers": []},{"Node Type": "Hash","Parent Relationship": "Inner","Parallel Aware": false,"Async Capable": false,"Startup Cost": 1.38,"Total Cost": 1.38,"Plan Rows": 2,"Plan Width": 108,"Actual Startup Time": 0.016,"Actual Total Time": 0.022,"Actual Rows": 2,"Actual Loops": 3,"Hash Buckets": 1024,"Original Hash Buckets": 1024,"Hash Batches": 1,"Original Hash Batches": 1,"Peak Memory Usage": 9,"Workers": [],"Plans": [{"Node Type": "Seq Scan","Parent Relationship": "Outer","Parallel Aware": false,"Async Capable": false,"Relation Name": "nation","Alias": "n1","Startup Cost": 0.00,"Total Cost": 1.38,"Plan Rows": 2,"Plan Width": 108,"Actual Startup Time": 0.008,"Actual Total Time": 0.012,"Actual Rows": 2,"Actual Loops": 3,"Filter": "((n_name = 'PERU'::bpchar) OR (n_name = 'UNITED STATES'::bpchar))","Rows Removed by Filter": 23,"Workers": []}]}]}]}]}]}]}]}]},"Planning Time": 8.592,"Triggers": [],"Execution Time": 958.000}]
[{"Plan": {"Node Type": "Aggregate","Strategy": "Sorted","Partial Mode": "Finalize","Parallel Aware": false,"Async Capable": false,"Startup Cost": 72556.41,"Total Cost": 73352.71,"Plan Rows": 5893,"Plan Width": 272,"Actual Startup Time": 911.304,"Actual Total Time": 956.372,"Actual Rows": 4,"Actual Loops": 1,"Group Key": ["n1.n_name", "n2.n_name", "(EXTRACT(year FROM lineitem.l_shipdate))"],"Plans": [{"Node Type": "Gather Merge","Parent Relationship": "Outer","Parallel Aware": false,"Async Capable": false,"Startup Cost": 72556.41,"Total Cost": 73202.94,"Plan Rows": 4910,"Plan Width": 272,"Actual Startup Time": 911.026,"Actual Total Time": 956.312,"Actual Rows": 12,"Actual Loops": 1,"Workers Planned": 2,"Workers Launched": 2,"Plans": [{"Node Type": "Aggregate","Strategy": "Sorted","Partial Mode": "Partial","Parent Relationship": "Outer","Parallel Aware": false,"Async Capable": false,"Startup Cost": 71556.39,"Total Cost": 71636.18,"Plan Rows": 2455,"Plan Width": 272,"Actual Startup Time": 903.420,"Actual Total Time": 904.150,"Actual Rows": 4,"Actual Loops": 3,"Group Key": ["n1.n_name", "n2.n_name", "(EXTRACT(year FROM lineitem.l_shipdate))"],"Workers": [],"Plans": [{"Node Type": "Sort","Parent Relationship": "Outer","Parallel Aware": false,"Async Capable": false,"Startup Cost": 71556.39,"Total Cost": 71562.53,"Plan Rows": 2455,"Plan Width": 252,"Actual Startup Time": 903.132,"Actual Total Time": 903.246,"Actual Rows": 2005,"Actual Loops": 3,"Sort Key": ["n1.n_name", "n2.n_name", "(EXTRACT(year FROM lineitem.l_shipdate))"],"Sort Method": "quicksort","Sort Space Used": 262,"Sort Space Type": "Memory","Workers": [{"Worker Number": 0,"Sort Method": "quicksort","Sort Space Used": 266,"Sort Space Type": "Memory"},{"Worker Number": 1,"Sort Method": "quicksort","Sort Space Used": 323,"Sort Space Type": "Memory"}],"Plans": [{"Node Type": "Hash Join","Parent Relationship": "Outer","Parallel Aware": false,"Async Capable": false,"Join Type": "Inner","Startup Cost": 366.16,"Total Cost": 71418.15,"Plan Rows": 2455,"Plan Width": 252,"Actual Startup Time": 10.013,"Actual Total Time": 901.236,"Actual Rows": 2005,"Actual Loops": 3,"Inner Unique": false,"Hash Cond": "(lineitem.l_suppkey = supplier.s_suppkey)","Join Filter": "(((n1.n_name = 'ALGERIA'::bpchar) AND (n2.n_name = 'IRAN'::bpchar)) OR ((n1.n_name = 'IRAN'::bpchar) AND (n2.n_name = 'ALGERIA'::bpchar)))","Rows Removed by Join Filter": 1950,"Workers": [],"Plans": [{"Node Type": "Nested Loop","Parent Relationship": "Outer","Parallel Aware": false,"Async Capable": false,"Join Type": "Inner","Startup Cost": 2.26,"Total Cost": 70727.78,"Plan Rows": 60250,"Plan Width": 124,"Actual Startup Time": 0.608,"Actual Total Time": 886.659,"Actual Rows": 48301,"Actual Loops": 3,"Inner Unique": false,"Workers": [],"Plans": [{"Node Type": "Nested Loop","Parent Relationship": "Outer","Parallel Aware": false,"Async Capable": false,"Join Type": "Inner","Startup Cost": 1.83,"Total Cost": 12400.01,"Plan Rows": 49000,"Plan Width": 108,"Actual Startup Time": 0.281,"Actual Total Time": 218.966,"Actual Rows": 39766,"Actual Loops": 3,"Inner Unique": false,"Workers": [],"Plans": [{"Node Type": "Hash Join","Parent Relationship": "Outer","Parallel Aware": false,"Async Capable": false,"Join Type": "Inner","Startup Cost": 1.40,"Total Cost": 4403.27,"Plan Rows": 4900,"Plan Width": 108,"Actual Startup Time": 0.174,"Actual Total Time": 42.635,"Actual Rows": 3978,"Actual Loops": 3,"Inner Unique": true,"Hash Cond": "(customer.c_nationkey = n2.n_nationkey)","Workers": [],"Plans": [{"Node Type": "Seq Scan","Parent Relationship": "Outer","Parallel Aware": true,"Async Capable": false,"Relation Name": "customer","Alias": "customer","Startup Cost": 0.00,"Total Cost": 4210.00,"Plan Rows": 62500,"Plan Width": 8,"Actual Startup Time": 0.013,"Actual Total Time": 8.890,"Actual Rows": 50000,"Actual Loops": 3,"Workers": []},{"Node Type": "Hash","Parent Relationship": "Inner","Parallel Aware": false,"Async Capable": false,"Startup Cost": 1.38,"Total Cost": 1.38,"Plan Rows": 2,"Plan Width": 108,"Actual Startup Time": 0.075,"Actual Total Time": 0.081,"Actual Rows": 2,"Actual Loops": 3,"Hash Buckets": 1024,"Original Hash Buckets": 1024,"Hash Batches": 1,"Original Hash Batches": 1,"Peak Memory Usage": 9,"Workers": [],"Plans": [{"Node Type": "Seq Scan","Parent Relationship": "Outer","Parallel Aware": false,"Async Capable": false,"Relation Name": "nation","Alias": "n2","Startup Cost": 0.00,"Total Cost": 1.38,"Plan Rows": 2,"Plan Width": 108,"Actual Startup Time": 0.053,"Actual Total Time": 0.063,"Actual Rows": 2,"Actual Loops": 3,"Filter": "((n_name = 'IRAN'::bpchar) OR (n_name = 'ALGERIA'::bpchar))","Rows Removed by Filter": 23,"Workers": []}]}]},{"Node Type": "Index Scan","Parent Relationship": "Inner","Parallel Aware": false,"Async Capable": false,"Scan Direction": "Forward","Index Name": "idx_orders_custkey","Relation Name": "orders","Alias": "orders","Startup Cost": 0.43,"Total Cost": 1.46,"Plan Rows": 17,"Plan Width": 8,"Actual Startup Time": 0.007,"Actual Total Time": 0.043,"Actual Rows": 10,"Actual Loops": 11934,"Index Cond": "(o_custkey = customer.c_custkey)","Rows Removed by Index Recheck": 0,"Workers": []}]},{"Node Type": "Index Scan","Parent Relationship": "Inner","Parallel Aware": false,"Async Capable": false,"Scan Direction": "Forward","Index Name": "idx_lineitem_orderkey","Relation Name": "lineitem","Alias": "lineitem","Startup Cost": 0.43,"Total Cost": 1.14,"Plan Rows": 5,"Plan Width": 24,"Actual Startup Time": 0.016,"Actual Total Time": 0.017,"Actual Rows": 1,"Actual Loops": 119297,"Index Cond": "(l_orderkey = orders.o_orderkey)","Rows Removed by Index Recheck": 0,"Filter": "((l_shipdate >= '1995-01-01'::date) AND (l_shipdate <= '1996-12-31'::date))","Rows Removed by Filter": 3,"Workers": []}]},{"Node Type": "Hash","Parent Relationship": "Inner","Parallel Aware": false,"Async Capable": false,"Startup Cost": 354.10,"Total Cost": 354.10,"Plan Rows": 784,"Plan Width": 108,"Actual Startup Time": 7.509,"Actual Total Time": 7.527,"Actual Rows": 813,"Actual Loops": 3,"Hash Buckets": 1024,"Original Hash Buckets": 1024,"Hash Batches": 1,"Original Hash Batches": 1,"Peak Memory Usage": 58,"Workers": [],"Plans": [{"Node Type": "Hash Join","Parent Relationship": "Outer","Parallel Aware": false,"Async Capable": false,"Join Type": "Inner","Startup Cost": 1.40,"Total Cost": 354.10,"Plan Rows": 784,"Plan Width": 108,"Actual Startup Time": 0.099,"Actual Total Time": 7.298,"Actual Rows": 813,"Actual Loops": 3,"Inner Unique": true,"Hash Cond": "(supplier.s_nationkey = n1.n_nationkey)","Workers": [],"Plans": [{"Node Type": "Seq Scan","Parent Relationship": "Outer","Parallel Aware": false,"Async Capable": false,"Relation Name": "supplier","Alias": "supplier","Startup Cost": 0.00,"Total Cost": 322.00,"Plan Rows": 10000,"Plan Width": 8,"Actual Startup Time": 0.041,"Actual Total Time": 3.982,"Actual Rows": 10000,"Actual Loops": 3,"Workers": []},{"Node Type": "Hash","Parent Relationship": "Inner","Parallel Aware": false,"Async Capable": false,"Startup Cost": 1.38,"Total Cost": 1.38,"Plan Rows": 2,"Plan Width": 108,"Actual Startup Time": 0.019,"Actual Total Time": 0.025,"Actual Rows": 2,"Actual Loops": 3,"Hash Buckets": 1024,"Original Hash Buckets": 1024,"Hash Batches": 1,"Original Hash Batches": 1,"Peak Memory Usage": 9,"Workers": [],"Plans": [{"Node Type": "Seq Scan","Parent Relationship": "Outer","Parallel Aware": false,"Async Capable": false,"Relation Name": "nation","Alias": "n1","Startup Cost": 0.00,"Total Cost": 1.38,"Plan Rows": 2,"Plan Width": 108,"Actual Startup Time": 0.005,"Actual Total Time": 0.013,"Actual Rows": 2,"Actual Loops": 3,"Filter": "((n_name = 'ALGERIA'::bpchar) OR (n_name = 'IRAN'::bpchar))","Rows Removed by Filter": 23,"Workers": []}]}]}]}]}]}]}]}]},"Planning Time": 9.822,"Triggers": [],"Execution Time": 956.998}]
[{"Plan": {"Node Type": "Aggregate","Strategy": "Sorted","Partial Mode": "Finalize","Parallel Aware": false,"Async Capable": false,"Startup Cost": 72556.41,"Total Cost": 73352.71,"Plan Rows": 5893,"Plan Width": 272,"Actual Startup Time": 917.788,"Actual Total Time": 973.546,"Actual Rows": 4,"Actual Loops": 1,"Group Key": ["n1.n_name", "n2.n_name", "(EXTRACT(year FROM lineitem.l_shipdate))"],"Plans": [{"Node Type": "Gather Merge","Parent Relationship": "Outer","Parallel Aware": false,"Async Capable": false,"Startup Cost": 72556.41,"Total Cost": 73202.94,"Plan Rows": 4910,"Plan Width": 272,"Actual Startup Time": 917.437,"Actual Total Time": 973.485,"Actual Rows": 12,"Actual Loops": 1,"Workers Planned": 2,"Workers Launched": 2,"Plans": [{"Node Type": "Aggregate","Strategy": "Sorted","Partial Mode": "Partial","Parent Relationship": "Outer","Parallel Aware": false,"Async Capable": false,"Startup Cost": 71556.39,"Total Cost": 71636.18,"Plan Rows": 2455,"Plan Width": 272,"Actual Startup Time": 909.489,"Actual Total Time": 910.190,"Actual Rows": 4,"Actual Loops": 3,"Group Key": ["n1.n_name", "n2.n_name", "(EXTRACT(year FROM lineitem.l_shipdate))"],"Workers": [],"Plans": [{"Node Type": "Sort","Parent Relationship": "Outer","Parallel Aware": false,"Async Capable": false,"Startup Cost": 71556.39,"Total Cost": 71562.53,"Plan Rows": 2455,"Plan Width": 252,"Actual Startup Time": 909.201,"Actual Total Time": 909.310,"Actual Rows": 1960,"Actual Loops": 3,"Sort Key": ["n1.n_name", "n2.n_name", "(EXTRACT(year FROM lineitem.l_shipdate))"],"Sort Method": "quicksort","Sort Space Used": 259,"Sort Space Type": "Memory","Workers": [{"Worker Number": 0,"Sort Method": "quicksort","Sort Space Used": 264,"Sort Space Type": "Memory"},{"Worker Number": 1,"Sort Method": "quicksort","Sort Space Used": 266,"Sort Space Type": "Memory"}],"Plans": [{"Node Type": "Hash Join","Parent Relationship": "Outer","Parallel Aware": false,"Async Capable": false,"Join Type": "Inner","Startup Cost": 366.16,"Total Cost": 71418.15,"Plan Rows": 2455,"Plan Width": 252,"Actual Startup Time": 8.970,"Actual Total Time": 907.380,"Actual Rows": 1960,"Actual Loops": 3,"Inner Unique": false,"Hash Cond": "(lineitem.l_suppkey = supplier.s_suppkey)","Join Filter": "(((n1.n_name = 'MOROCCO'::bpchar) AND (n2.n_name = 'IRAQ'::bpchar)) OR ((n1.n_name = 'IRAQ'::bpchar) AND (n2.n_name = 'MOROCCO'::bpchar)))","Rows Removed by Join Filter": 1981,"Workers": [],"Plans": [{"Node Type": "Nested Loop","Parent Relationship": "Outer","Parallel Aware": false,"Async Capable": false,"Join Type": "Inner","Startup Cost": 2.26,"Total Cost": 70727.78,"Plan Rows": 60250,"Plan Width": 124,"Actual Startup Time": 0.695,"Actual Total Time": 892.298,"Actual Rows": 48216,"Actual Loops": 3,"Inner Unique": false,"Workers": [],"Plans": [{"Node Type": "Nested Loop","Parent Relationship": "Outer","Parallel Aware": false,"Async Capable": false,"Join Type": "Inner","Startup Cost": 1.83,"Total Cost": 12400.01,"Plan Rows": 49000,"Plan Width": 108,"Actual Startup Time": 0.348,"Actual Total Time": 223.936,"Actual Rows": 39454,"Actual Loops": 3,"Inner Unique": false,"Workers": [],"Plans": [{"Node Type": "Hash Join","Parent Relationship": "Outer","Parallel Aware": false,"Async Capable": false,"Join Type": "Inner","Startup Cost": 1.40,"Total Cost": 4403.27,"Plan Rows": 4900,"Plan Width": 108,"Actual Startup Time": 0.223,"Actual Total Time": 46.738,"Actual Rows": 3961,"Actual Loops": 3,"Inner Unique": true,"Hash Cond": "(customer.c_nationkey = n2.n_nationkey)","Workers": [],"Plans": [{"Node Type": "Seq Scan","Parent Relationship": "Outer","Parallel Aware": true,"Async Capable": false,"Relation Name": "customer","Alias": "customer","Startup Cost": 0.00,"Total Cost": 4210.00,"Plan Rows": 62500,"Plan Width": 8,"Actual Startup Time": 0.015,"Actual Total Time": 9.627,"Actual Rows": 50000,"Actual Loops": 3,"Workers": []},{"Node Type": "Hash","Parent Relationship": "Inner","Parallel Aware": false,"Async Capable": false,"Startup Cost": 1.38,"Total Cost": 1.38,"Plan Rows": 2,"Plan Width": 108,"Actual Startup Time": 0.103,"Actual Total Time": 0.108,"Actual Rows": 2,"Actual Loops": 3,"Hash Buckets": 1024,"Original Hash Buckets": 1024,"Hash Batches": 1,"Original Hash Batches": 1,"Peak Memory Usage": 9,"Workers": [],"Plans": [{"Node Type": "Seq Scan","Parent Relationship": "Outer","Parallel Aware": false,"Async Capable": false,"Relation Name": "nation","Alias": "n2","Startup Cost": 0.00,"Total Cost": 1.38,"Plan Rows": 2,"Plan Width": 108,"Actual Startup Time": 0.076,"Actual Total Time": 0.082,"Actual Rows": 2,"Actual Loops": 3,"Filter": "((n_name = 'IRAQ'::bpchar) OR (n_name = 'MOROCCO'::bpchar))","Rows Removed by Filter": 23,"Workers": []}]}]},{"Node Type": "Index Scan","Parent Relationship": "Inner","Parallel Aware": false,"Async Capable": false,"Scan Direction": "Forward","Index Name": "idx_orders_custkey","Relation Name": "orders","Alias": "orders","Startup Cost": 0.43,"Total Cost": 1.46,"Plan Rows": 17,"Plan Width": 8,"Actual Startup Time": 0.007,"Actual Total Time": 0.043,"Actual Rows": 10,"Actual Loops": 11884,"Index Cond": "(o_custkey = customer.c_custkey)","Rows Removed by Index Recheck": 0,"Workers": []}]},{"Node Type": "Index Scan","Parent Relationship": "Inner","Parallel Aware": false,"Async Capable": false,"Scan Direction": "Forward","Index Name": "idx_lineitem_orderkey","Relation Name": "lineitem","Alias": "lineitem","Startup Cost": 0.43,"Total Cost": 1.14,"Plan Rows": 5,"Plan Width": 24,"Actual Startup Time": 0.016,"Actual Total Time": 0.017,"Actual Rows": 1,"Actual Loops": 118361,"Index Cond": "(l_orderkey = orders.o_orderkey)","Rows Removed by Index Recheck": 0,"Filter": "((l_shipdate >= '1995-01-01'::date) AND (l_shipdate <= '1996-12-31'::date))","Rows Removed by Filter": 3,"Workers": []}]},{"Node Type": "Hash","Parent Relationship": "Inner","Parallel Aware": false,"Async Capable": false,"Startup Cost": 354.10,"Total Cost": 354.10,"Plan Rows": 784,"Plan Width": 108,"Actual Startup Time": 7.621,"Actual Total Time": 7.637,"Actual Rows": 811,"Actual Loops": 3,"Hash Buckets": 1024,"Original Hash Buckets": 1024,"Hash Batches": 1,"Original Hash Batches": 1,"Peak Memory Usage": 58,"Workers": [],"Plans": [{"Node Type": "Hash Join","Parent Relationship": "Outer","Parallel Aware": false,"Async Capable": false,"Join Type": "Inner","Startup Cost": 1.40,"Total Cost": 354.10,"Plan Rows": 784,"Plan Width": 108,"Actual Startup Time": 0.091,"Actual Total Time": 7.435,"Actual Rows": 811,"Actual Loops": 3,"Inner Unique": true,"Hash Cond": "(supplier.s_nationkey = n1.n_nationkey)","Workers": [],"Plans": [{"Node Type": "Seq Scan","Parent Relationship": "Outer","Parallel Aware": false,"Async Capable": false,"Relation Name": "supplier","Alias": "supplier","Startup Cost": 0.00,"Total Cost": 322.00,"Plan Rows": 10000,"Plan Width": 8,"Actual Startup Time": 0.035,"Actual Total Time": 3.966,"Actual Rows": 10000,"Actual Loops": 3,"Workers": []},{"Node Type": "Hash","Parent Relationship": "Inner","Parallel Aware": false,"Async Capable": false,"Startup Cost": 1.38,"Total Cost": 1.38,"Plan Rows": 2,"Plan Width": 108,"Actual Startup Time": 0.021,"Actual Total Time": 0.027,"Actual Rows": 2,"Actual Loops": 3,"Hash Buckets": 1024,"Original Hash Buckets": 1024,"Hash Batches": 1,"Original Hash Batches": 1,"Peak Memory Usage": 9,"Workers": [],"Plans": [{"Node Type": "Seq Scan","Parent Relationship": "Outer","Parallel Aware": false,"Async Capable": false,"Relation Name": "nation","Alias": "n1","Startup Cost": 0.00,"Total Cost": 1.38,"Plan Rows": 2,"Plan Width": 108,"Actual Startup Time": 0.010,"Actual Total Time": 0.015,"Actual Rows": 2,"Actual Loops": 3,"Filter": "((n_name = 'MOROCCO'::bpchar) OR (n_name = 'IRAQ'::bpchar))","Rows Removed by Filter": 23,"Workers": []}]}]}]}]}]}]}]}]},"Planning Time": 8.902,"Triggers": [],"Execution Time": 974.005}]
[{"Plan": {"Node Type": "Aggregate","Strategy": "Sorted","Partial Mode": "Finalize","Parallel Aware": false,"Async Capable": false,"Startup Cost": 72556.41,"Total Cost": 73352.71,"Plan Rows": 5893,"Plan Width": 272,"Actual Startup Time": 919.861,"Actual Total Time": 971.965,"Actual Rows": 4,"Actual Loops": 1,"Group Key": ["n1.n_name", "n2.n_name", "(EXTRACT(year FROM lineitem.l_shipdate))"],"Plans": [{"Node Type": "Gather Merge","Parent Relationship": "Outer","Parallel Aware": false,"Async Capable": false,"Startup Cost": 72556.41,"Total Cost": 73202.94,"Plan Rows": 4910,"Plan Width": 272,"Actual Startup Time": 918.997,"Actual Total Time": 971.892,"Actual Rows": 12,"Actual Loops": 1,"Workers Planned": 2,"Workers Launched": 2,"Plans": [{"Node Type": "Aggregate","Strategy": "Sorted","Partial Mode": "Partial","Parent Relationship": "Outer","Parallel Aware": false,"Async Capable": false,"Startup Cost": 71556.39,"Total Cost": 71636.18,"Plan Rows": 2455,"Plan Width": 272,"Actual Startup Time": 910.681,"Actual Total Time": 911.612,"Actual Rows": 4,"Actual Loops": 3,"Group Key": ["n1.n_name", "n2.n_name", "(EXTRACT(year FROM lineitem.l_shipdate))"],"Workers": [],"Plans": [{"Node Type": "Sort","Parent Relationship": "Outer","Parallel Aware": false,"Async Capable": false,"Startup Cost": 71556.39,"Total Cost": 71562.53,"Plan Rows": 2455,"Plan Width": 252,"Actual Startup Time": 910.422,"Actual Total Time": 910.547,"Actual Rows": 1987,"Actual Loops": 3,"Sort Key": ["n1.n_name", "n2.n_name", "(EXTRACT(year FROM lineitem.l_shipdate))"],"Sort Method": "quicksort","Sort Space Used": 270,"Sort Space Type": "Memory","Workers": [{"Worker Number": 0,"Sort Method": "quicksort","Sort Space Used": 270,"Sort Space Type": "Memory"},{"Worker Number": 1,"Sort Method": "quicksort","Sort Space Used": 258,"Sort Space Type": "Memory"}],"Plans": [{"Node Type": "Hash Join","Parent Relationship": "Outer","Parallel Aware": false,"Async Capable": false,"Join Type": "Inner","Startup Cost": 366.16,"Total Cost": 71418.15,"Plan Rows": 2455,"Plan Width": 252,"Actual Startup Time": 10.380,"Actual Total Time": 908.520,"Actual Rows": 1987,"Actual Loops": 3,"Inner Unique": false,"Hash Cond": "(lineitem.l_suppkey = supplier.s_suppkey)","Join Filter": "(((n1.n_name = 'GERMANY'::bpchar) AND (n2.n_name = 'PERU'::bpchar)) OR ((n1.n_name = 'PERU'::bpchar) AND (n2.n_name = 'GERMANY'::bpchar)))","Rows Removed by Join Filter": 1969,"Workers": [],"Plans": [{"Node Type": "Nested Loop","Parent Relationship": "Outer","Parallel Aware": false,"Async Capable": false,"Join Type": "Inner","Startup Cost": 2.26,"Total Cost": 70727.78,"Plan Rows": 60250,"Plan Width": 124,"Actual Startup Time": 1.075,"Actual Total Time": 893.167,"Actual Rows": 48329,"Actual Loops": 3,"Inner Unique": false,"Workers": [],"Plans": [{"Node Type": "Nested Loop","Parent Relationship": "Outer","Parallel Aware": false,"Async Capable": false,"Join Type": "Inner","Startup Cost": 1.83,"Total Cost": 12400.01,"Plan Rows": 49000,"Plan Width": 108,"Actual Startup Time": 0.351,"Actual Total Time": 225.643,"Actual Rows": 39581,"Actual Loops": 3,"Inner Unique": false,"Workers": [],"Plans": [{"Node Type": "Hash Join","Parent Relationship": "Outer","Parallel Aware": false,"Async Capable": false,"Join Type": "Inner","Startup Cost": 1.40,"Total Cost": 4403.27,"Plan Rows": 4900,"Plan Width": 108,"Actual Startup Time": 0.220,"Actual Total Time": 47.212,"Actual Rows": 3961,"Actual Loops": 3,"Inner Unique": true,"Hash Cond": "(customer.c_nationkey = n2.n_nationkey)","Workers": [],"Plans": [{"Node Type": "Seq Scan","Parent Relationship": "Outer","Parallel Aware": true,"Async Capable": false,"Relation Name": "customer","Alias": "customer","Startup Cost": 0.00,"Total Cost": 4210.00,"Plan Rows": 62500,"Plan Width": 8,"Actual Startup Time": 0.015,"Actual Total Time": 9.543,"Actual Rows": 50000,"Actual Loops": 3,"Workers": []},{"Node Type": "Hash","Parent Relationship": "Inner","Parallel Aware": false,"Async Capable": false,"Startup Cost": 1.38,"Total Cost": 1.38,"Plan Rows": 2,"Plan Width": 108,"Actual Startup Time": 0.086,"Actual Total Time": 0.090,"Actual Rows": 2,"Actual Loops": 3,"Hash Buckets": 1024,"Original Hash Buckets": 1024,"Hash Batches": 1,"Original Hash Batches": 1,"Peak Memory Usage": 9,"Workers": [],"Plans": [{"Node Type": "Seq Scan","Parent Relationship": "Outer","Parallel Aware": false,"Async Capable": false,"Relation Name": "nation","Alias": "n2","Startup Cost": 0.00,"Total Cost": 1.38,"Plan Rows": 2,"Plan Width": 108,"Actual Startup Time": 0.059,"Actual Total Time": 0.066,"Actual Rows": 2,"Actual Loops": 3,"Filter": "((n_name = 'PERU'::bpchar) OR (n_name = 'GERMANY'::bpchar))","Rows Removed by Filter": 23,"Workers": []}]}]},{"Node Type": "Index Scan","Parent Relationship": "Inner","Parallel Aware": false,"Async Capable": false,"Scan Direction": "Forward","Index Name": "idx_orders_custkey","Relation Name": "orders","Alias": "orders","Startup Cost": 0.43,"Total Cost": 1.46,"Plan Rows": 17,"Plan Width": 8,"Actual Startup Time": 0.007,"Actual Total Time": 0.044,"Actual Rows": 10,"Actual Loops": 11883,"Index Cond": "(o_custkey = customer.c_custkey)","Rows Removed by Index Recheck": 0,"Workers": []}]},{"Node Type": "Index Scan","Parent Relationship": "Inner","Parallel Aware": false,"Async Capable": false,"Scan Direction": "Forward","Index Name": "idx_lineitem_orderkey","Relation Name": "lineitem","Alias": "lineitem","Startup Cost": 0.43,"Total Cost": 1.14,"Plan Rows": 5,"Plan Width": 24,"Actual Startup Time": 0.016,"Actual Total Time": 0.017,"Actual Rows": 1,"Actual Loops": 118742,"Index Cond": "(l_orderkey = orders.o_orderkey)","Rows Removed by Index Recheck": 0,"Filter": "((l_shipdate >= '1995-01-01'::date) AND (l_shipdate <= '1996-12-31'::date))","Rows Removed by Filter": 3,"Workers": []}]},{"Node Type": "Hash","Parent Relationship": "Inner","Parallel Aware": false,"Async Capable": false,"Startup Cost": 354.10,"Total Cost": 354.10,"Plan Rows": 784,"Plan Width": 108,"Actual Startup Time": 7.990,"Actual Total Time": 8.003,"Actual Rows": 817,"Actual Loops": 3,"Hash Buckets": 1024,"Original Hash Buckets": 1024,"Hash Batches": 1,"Original Hash Batches": 1,"Peak Memory Usage": 58,"Workers": [],"Plans": [{"Node Type": "Hash Join","Parent Relationship": "Outer","Parallel Aware": false,"Async Capable": false,"Join Type": "Inner","Startup Cost": 1.40,"Total Cost": 354.10,"Plan Rows": 784,"Plan Width": 108,"Actual Startup Time": 0.092,"Actual Total Time": 7.804,"Actual Rows": 817,"Actual Loops": 3,"Inner Unique": true,"Hash Cond": "(supplier.s_nationkey = n1.n_nationkey)","Workers": [],"Plans": [{"Node Type": "Seq Scan","Parent Relationship": "Outer","Parallel Aware": false,"Async Capable": false,"Relation Name": "supplier","Alias": "supplier","Startup Cost": 0.00,"Total Cost": 322.00,"Plan Rows": 10000,"Plan Width": 8,"Actual Startup Time": 0.039,"Actual Total Time": 3.803,"Actual Rows": 10000,"Actual Loops": 3,"Workers": []},{"Node Type": "Hash","Parent Relationship": "Inner","Parallel Aware": false,"Async Capable": false,"Startup Cost": 1.38,"Total Cost": 1.38,"Plan Rows": 2,"Plan Width": 108,"Actual Startup Time": 0.019,"Actual Total Time": 0.024,"Actual Rows": 2,"Actual Loops": 3,"Hash Buckets": 1024,"Original Hash Buckets": 1024,"Hash Batches": 1,"Original Hash Batches": 1,"Peak Memory Usage": 9,"Workers": [],"Plans": [{"Node Type": "Seq Scan","Parent Relationship": "Outer","Parallel Aware": false,"Async Capable": false,"Relation Name": "nation","Alias": "n1","Startup Cost": 0.00,"Total Cost": 1.38,"Plan Rows": 2,"Plan Width": 108,"Actual Startup Time": 0.007,"Actual Total Time": 0.014,"Actual Rows": 2,"Actual Loops": 3,"Filter": "((n_name = 'GERMANY'::bpchar) OR (n_name = 'PERU'::bpchar))","Rows Removed by Filter": 23,"Workers": []}]}]}]}]}]}]}]}]},"Planning Time": 9.153,"Triggers": [],"Execution Time": 972.382}]
[{"Plan": {"Node Type": "Aggregate","Strategy": "Sorted","Partial Mode": "Finalize","Parallel Aware": false,"Async Capable": false,"Startup Cost": 72556.41,"Total Cost": 73352.71,"Plan Rows": 5893,"Plan Width": 272,"Actual Startup Time": 917.283,"Actual Total Time": 960.258,"Actual Rows": 4,"Actual Loops": 1,"Group Key": ["n1.n_name", "n2.n_name", "(EXTRACT(year FROM lineitem.l_shipdate))"],"Plans": [{"Node Type": "Gather Merge","Parent Relationship": "Outer","Parallel Aware": false,"Async Capable": false,"Startup Cost": 72556.41,"Total Cost": 73202.94,"Plan Rows": 4910,"Plan Width": 272,"Actual Startup Time": 916.470,"Actual Total Time": 960.177,"Actual Rows": 12,"Actual Loops": 1,"Workers Planned": 2,"Workers Launched": 2,"Plans": [{"Node Type": "Aggregate","Strategy": "Sorted","Partial Mode": "Partial","Parent Relationship": "Outer","Parallel Aware": false,"Async Capable": false,"Startup Cost": 71556.39,"Total Cost": 71636.18,"Plan Rows": 2455,"Plan Width": 272,"Actual Startup Time": 907.962,"Actual Total Time": 908.838,"Actual Rows": 4,"Actual Loops": 3,"Group Key": ["n1.n_name", "n2.n_name", "(EXTRACT(year FROM lineitem.l_shipdate))"],"Workers": [],"Plans": [{"Node Type": "Sort","Parent Relationship": "Outer","Parallel Aware": false,"Async Capable": false,"Startup Cost": 71556.39,"Total Cost": 71562.53,"Plan Rows": 2455,"Plan Width": 252,"Actual Startup Time": 907.701,"Actual Total Time": 907.831,"Actual Rows": 1986,"Actual Loops": 3,"Sort Key": ["n1.n_name", "n2.n_name", "(EXTRACT(year FROM lineitem.l_shipdate))"],"Sort Method": "quicksort","Sort Space Used": 270,"Sort Space Type": "Memory","Workers": [{"Worker Number": 0,"Sort Method": "quicksort","Sort Space Used": 263,"Sort Space Type": "Memory"},{"Worker Number": 1,"Sort Method": "quicksort","Sort Space Used": 264,"Sort Space Type": "Memory"}],"Plans": [{"Node Type": "Hash Join","Parent Relationship": "Outer","Parallel Aware": false,"Async Capable": false,"Join Type": "Inner","Startup Cost": 366.16,"Total Cost": 71418.15,"Plan Rows": 2455,"Plan Width": 252,"Actual Startup Time": 13.056,"Actual Total Time": 905.769,"Actual Rows": 1986,"Actual Loops": 3,"Inner Unique": false,"Hash Cond": "(lineitem.l_suppkey = supplier.s_suppkey)","Join Filter": "(((n1.n_name = 'SAUDI ARABIA'::bpchar) AND (n2.n_name = 'VIETNAM'::bpchar)) OR ((n1.n_name = 'VIETNAM'::bpchar) AND (n2.n_name = 'SAUDI ARABIA'::bpchar)))","Rows Removed by Join Filter": 1958,"Workers": [],"Plans": [{"Node Type": "Nested Loop","Parent Relationship": "Outer","Parallel Aware": false,"Async Capable": false,"Join Type": "Inner","Startup Cost": 2.26,"Total Cost": 70727.78,"Plan Rows": 60250,"Plan Width": 124,"Actual Startup Time": 0.637,"Actual Total Time": 887.426,"Actual Rows": 48461,"Actual Loops": 3,"Inner Unique": false,"Workers": [],"Plans": [{"Node Type": "Nested Loop","Parent Relationship": "Outer","Parallel Aware": false,"Async Capable": false,"Join Type": "Inner","Startup Cost": 1.83,"Total Cost": 12400.01,"Plan Rows": 49000,"Plan Width": 108,"Actual Startup Time": 0.419,"Actual Total Time": 220.624,"Actual Rows": 39600,"Actual Loops": 3,"Inner Unique": false,"Workers": [],"Plans": [{"Node Type": "Hash Join","Parent Relationship": "Outer","Parallel Aware": false,"Async Capable": false,"Join Type": "Inner","Startup Cost": 1.40,"Total Cost": 4403.27,"Plan Rows": 4900,"Plan Width": 108,"Actual Startup Time": 0.198,"Actual Total Time": 44.662,"Actual Rows": 3971,"Actual Loops": 3,"Inner Unique": true,"Hash Cond": "(customer.c_nationkey = n2.n_nationkey)","Workers": [],"Plans": [{"Node Type": "Seq Scan","Parent Relationship": "Outer","Parallel Aware": true,"Async Capable": false,"Relation Name": "customer","Alias": "customer","Startup Cost": 0.00,"Total Cost": 4210.00,"Plan Rows": 62500,"Plan Width": 8,"Actual Startup Time": 0.016,"Actual Total Time": 8.949,"Actual Rows": 50000,"Actual Loops": 3,"Workers": []},{"Node Type": "Hash","Parent Relationship": "Inner","Parallel Aware": false,"Async Capable": false,"Startup Cost": 1.38,"Total Cost": 1.38,"Plan Rows": 2,"Plan Width": 108,"Actual Startup Time": 0.073,"Actual Total Time": 0.080,"Actual Rows": 2,"Actual Loops": 3,"Hash Buckets": 1024,"Original Hash Buckets": 1024,"Hash Batches": 1,"Original Hash Batches": 1,"Peak Memory Usage": 9,"Workers": [],"Plans": [{"Node Type": "Seq Scan","Parent Relationship": "Outer","Parallel Aware": false,"Async Capable": false,"Relation Name": "nation","Alias": "n2","Startup Cost": 0.00,"Total Cost": 1.38,"Plan Rows": 2,"Plan Width": 108,"Actual Startup Time": 0.058,"Actual Total Time": 0.062,"Actual Rows": 2,"Actual Loops": 3,"Filter": "((n_name = 'VIETNAM'::bpchar) OR (n_name = 'SAUDI ARABIA'::bpchar))","Rows Removed by Filter": 23,"Workers": []}]}]},{"Node Type": "Index Scan","Parent Relationship": "Inner","Parallel Aware": false,"Async Capable": false,"Scan Direction": "Forward","Index Name": "idx_orders_custkey","Relation Name": "orders","Alias": "orders","Startup Cost": 0.43,"Total Cost": 1.46,"Plan Rows": 17,"Plan Width": 8,"Actual Startup Time": 0.007,"Actual Total Time": 0.043,"Actual Rows": 10,"Actual Loops": 11912,"Index Cond": "(o_custkey = customer.c_custkey)","Rows Removed by Index Recheck": 0,"Workers": []}]},{"Node Type": "Index Scan","Parent Relationship": "Inner","Parallel Aware": false,"Async Capable": false,"Scan Direction": "Forward","Index Name": "idx_lineitem_orderkey","Relation Name": "lineitem","Alias": "lineitem","Startup Cost": 0.43,"Total Cost": 1.14,"Plan Rows": 5,"Plan Width": 24,"Actual Startup Time": 0.016,"Actual Total Time": 0.017,"Actual Rows": 1,"Actual Loops": 118800,"Index Cond": "(l_orderkey = orders.o_orderkey)","Rows Removed by Index Recheck": 0,"Filter": "((l_shipdate >= '1995-01-01'::date) AND (l_shipdate <= '1996-12-31'::date))","Rows Removed by Filter": 3,"Workers": []}]},{"Node Type": "Hash","Parent Relationship": "Inner","Parallel Aware": false,"Async Capable": false,"Startup Cost": 354.10,"Total Cost": 354.10,"Plan Rows": 784,"Plan Width": 108,"Actual Startup Time": 11.337,"Actual Total Time": 11.353,"Actual Rows": 810,"Actual Loops": 3,"Hash Buckets": 1024,"Original Hash Buckets": 1024,"Hash Batches": 1,"Original Hash Batches": 1,"Peak Memory Usage": 58,"Workers": [],"Plans": [{"Node Type": "Hash Join","Parent Relationship": "Outer","Parallel Aware": false,"Async Capable": false,"Join Type": "Inner","Startup Cost": 1.40,"Total Cost": 354.10,"Plan Rows": 784,"Plan Width": 108,"Actual Startup Time": 0.104,"Actual Total Time": 11.136,"Actual Rows": 810,"Actual Loops": 3,"Inner Unique": true,"Hash Cond": "(supplier.s_nationkey = n1.n_nationkey)","Workers": [],"Plans": [{"Node Type": "Seq Scan","Parent Relationship": "Outer","Parallel Aware": false,"Async Capable": false,"Relation Name": "supplier","Alias": "supplier","Startup Cost": 0.00,"Total Cost": 322.00,"Plan Rows": 10000,"Plan Width": 8,"Actual Startup Time": 0.034,"Actual Total Time": 4.477,"Actual Rows": 10000,"Actual Loops": 3,"Workers": []},{"Node Type": "Hash","Parent Relationship": "Inner","Parallel Aware": false,"Async Capable": false,"Startup Cost": 1.38,"Total Cost": 1.38,"Plan Rows": 2,"Plan Width": 108,"Actual Startup Time": 0.019,"Actual Total Time": 0.025,"Actual Rows": 2,"Actual Loops": 3,"Hash Buckets": 1024,"Original Hash Buckets": 1024,"Hash Batches": 1,"Original Hash Batches": 1,"Peak Memory Usage": 9,"Workers": [],"Plans": [{"Node Type": "Seq Scan","Parent Relationship": "Outer","Parallel Aware": false,"Async Capable": false,"Relation Name": "nation","Alias": "n1","Startup Cost": 0.00,"Total Cost": 1.38,"Plan Rows": 2,"Plan Width": 108,"Actual Startup Time": 0.010,"Actual Total Time": 0.015,"Actual Rows": 2,"Actual Loops": 3,"Filter": "((n_name = 'SAUDI ARABIA'::bpchar) OR (n_name = 'VIETNAM'::bpchar))","Rows Removed by Filter": 23,"Workers": []}]}]}]}]}]}]}]}]},"Planning Time": 9.833,"Triggers": [],"Execution Time": 960.690}]
[{"Plan": {"Node Type": "Aggregate","Strategy": "Sorted","Partial Mode": "Finalize","Parallel Aware": false,"Async Capable": false,"Startup Cost": 72556.41,"Total Cost": 73352.71,"Plan Rows": 5893,"Plan Width": 272,"Actual Startup Time": 939.205,"Actual Total Time": 993.360,"Actual Rows": 4,"Actual Loops": 1,"Group Key": ["n1.n_name", "n2.n_name", "(EXTRACT(year FROM lineitem.l_shipdate))"],"Plans": [{"Node Type": "Gather Merge","Parent Relationship": "Outer","Parallel Aware": false,"Async Capable": false,"Startup Cost": 72556.41,"Total Cost": 73202.94,"Plan Rows": 4910,"Plan Width": 272,"Actual Startup Time": 938.667,"Actual Total Time": 993.292,"Actual Rows": 12,"Actual Loops": 1,"Workers Planned": 2,"Workers Launched": 2,"Plans": [{"Node Type": "Aggregate","Strategy": "Sorted","Partial Mode": "Partial","Parent Relationship": "Outer","Parallel Aware": false,"Async Capable": false,"Startup Cost": 71556.39,"Total Cost": 71636.18,"Plan Rows": 2455,"Plan Width": 272,"Actual Startup Time": 929.134,"Actual Total Time": 929.934,"Actual Rows": 4,"Actual Loops": 3,"Group Key": ["n1.n_name", "n2.n_name", "(EXTRACT(year FROM lineitem.l_shipdate))"],"Workers": [],"Plans": [{"Node Type": "Sort","Parent Relationship": "Outer","Parallel Aware": false,"Async Capable": false,"Startup Cost": 71556.39,"Total Cost": 71562.53,"Plan Rows": 2455,"Plan Width": 252,"Actual Startup Time": 928.876,"Actual Total Time": 928.983,"Actual Rows": 1998,"Actual Loops": 3,"Sort Key": ["n1.n_name", "n2.n_name", "(EXTRACT(year FROM lineitem.l_shipdate))"],"Sort Method": "quicksort","Sort Space Used": 262,"Sort Space Type": "Memory","Workers": [{"Worker Number": 0,"Sort Method": "quicksort","Sort Space Used": 271,"Sort Space Type": "Memory"},{"Worker Number": 1,"Sort Method": "quicksort","Sort Space Used": 268,"Sort Space Type": "Memory"}],"Plans": [{"Node Type": "Hash Join","Parent Relationship": "Outer","Parallel Aware": false,"Async Capable": false,"Join Type": "Inner","Startup Cost": 366.16,"Total Cost": 71418.15,"Plan Rows": 2455,"Plan Width": 252,"Actual Startup Time": 11.424,"Actual Total Time": 926.897,"Actual Rows": 1998,"Actual Loops": 3,"Inner Unique": false,"Hash Cond": "(lineitem.l_suppkey = supplier.s_suppkey)","Join Filter": "(((n1.n_name = 'FRANCE'::bpchar) AND (n2.n_name = 'IRAN'::bpchar)) OR ((n1.n_name = 'IRAN'::bpchar) AND (n2.n_name = 'FRANCE'::bpchar)))","Rows Removed by Join Filter": 1916,"Workers": [],"Plans": [{"Node Type": "Nested Loop","Parent Relationship": "Outer","Parallel Aware": false,"Async Capable": false,"Join Type": "Inner","Startup Cost": 2.26,"Total Cost": 70727.78,"Plan Rows": 60250,"Plan Width": 124,"Actual Startup Time": 0.620,"Actual Total Time": 910.991,"Actual Rows": 49212,"Actual Loops": 3,"Inner Unique": false,"Workers": [],"Plans": [{"Node Type": "Nested Loop","Parent Relationship": "Outer","Parallel Aware": false,"Async Capable": false,"Join Type": "Inner","Startup Cost": 1.83,"Total Cost": 12400.01,"Plan Rows": 49000,"Plan Width": 108,"Actual Startup Time": 0.340,"Actual Total Time": 228.490,"Actual Rows": 40425,"Actual Loops": 3,"Inner Unique": false,"Workers": [],"Plans": [{"Node Type": "Hash Join","Parent Relationship": "Outer","Parallel Aware": false,"Async Capable": false,"Join Type": "Inner","Startup Cost": 1.40,"Total Cost": 4403.27,"Plan Rows": 4900,"Plan Width": 108,"Actual Startup Time": 0.211,"Actual Total Time": 46.609,"Actual Rows": 4036,"Actual Loops": 3,"Inner Unique": true,"Hash Cond": "(customer.c_nationkey = n2.n_nationkey)","Workers": [],"Plans": [{"Node Type": "Seq Scan","Parent Relationship": "Outer","Parallel Aware": true,"Async Capable": false,"Relation Name": "customer","Alias": "customer","Startup Cost": 0.00,"Total Cost": 4210.00,"Plan Rows": 62500,"Plan Width": 8,"Actual Startup Time": 0.021,"Actual Total Time": 9.637,"Actual Rows": 50000,"Actual Loops": 3,"Workers": []},{"Node Type": "Hash","Parent Relationship": "Inner","Parallel Aware": false,"Async Capable": false,"Startup Cost": 1.38,"Total Cost": 1.38,"Plan Rows": 2,"Plan Width": 108,"Actual Startup Time": 0.084,"Actual Total Time": 0.087,"Actual Rows": 2,"Actual Loops": 3,"Hash Buckets": 1024,"Original Hash Buckets": 1024,"Hash Batches": 1,"Original Hash Batches": 1,"Peak Memory Usage": 9,"Workers": [],"Plans": [{"Node Type": "Seq Scan","Parent Relationship": "Outer","Parallel Aware": false,"Async Capable": false,"Relation Name": "nation","Alias": "n2","Startup Cost": 0.00,"Total Cost": 1.38,"Plan Rows": 2,"Plan Width": 108,"Actual Startup Time": 0.062,"Actual Total Time": 0.069,"Actual Rows": 2,"Actual Loops": 3,"Filter": "((n_name = 'IRAN'::bpchar) OR (n_name = 'FRANCE'::bpchar))","Rows Removed by Filter": 23,"Workers": []}]}]},{"Node Type": "Index Scan","Parent Relationship": "Inner","Parallel Aware": false,"Async Capable": false,"Scan Direction": "Forward","Index Name": "idx_orders_custkey","Relation Name": "orders","Alias": "orders","Startup Cost": 0.43,"Total Cost": 1.46,"Plan Rows": 17,"Plan Width": 8,"Actual Startup Time": 0.007,"Actual Total Time": 0.044,"Actual Rows": 10,"Actual Loops": 12109,"Index Cond": "(o_custkey = customer.c_custkey)","Rows Removed by Index Recheck": 0,"Workers": []}]},{"Node Type": "Index Scan","Parent Relationship": "Inner","Parallel Aware": false,"Async Capable": false,"Scan Direction": "Forward","Index Name": "idx_lineitem_orderkey","Relation Name": "lineitem","Alias": "lineitem","Startup Cost": 0.43,"Total Cost": 1.14,"Plan Rows": 5,"Plan Width": 24,"Actual Startup Time": 0.016,"Actual Total Time": 0.017,"Actual Rows": 1,"Actual Loops": 121275,"Index Cond": "(l_orderkey = orders.o_orderkey)","Rows Removed by Index Recheck": 0,"Filter": "((l_shipdate >= '1995-01-01'::date) AND (l_shipdate <= '1996-12-31'::date))","Rows Removed by Filter": 3,"Workers": []}]},{"Node Type": "Hash","Parent Relationship": "Inner","Parallel Aware": false,"Async Capable": false,"Startup Cost": 354.10,"Total Cost": 354.10,"Plan Rows": 784,"Plan Width": 108,"Actual Startup Time": 8.287,"Actual Total Time": 8.297,"Actual Rows": 795,"Actual Loops": 3,"Hash Buckets": 1024,"Original Hash Buckets": 1024,"Hash Batches": 1,"Original Hash Batches": 1,"Peak Memory Usage": 57,"Workers": [],"Plans": [{"Node Type": "Hash Join","Parent Relationship": "Outer","Parallel Aware": false,"Async Capable": false,"Join Type": "Inner","Startup Cost": 1.40,"Total Cost": 354.10,"Plan Rows": 784,"Plan Width": 108,"Actual Startup Time": 0.088,"Actual Total Time": 8.075,"Actual Rows": 795,"Actual Loops": 3,"Inner Unique": true,"Hash Cond": "(supplier.s_nationkey = n1.n_nationkey)","Workers": [],"Plans": [{"Node Type": "Seq Scan","Parent Relationship": "Outer","Parallel Aware": false,"Async Capable": false,"Relation Name": "supplier","Alias": "supplier","Startup Cost": 0.00,"Total Cost": 322.00,"Plan Rows": 10000,"Plan Width": 8,"Actual Startup Time": 0.026,"Actual Total Time": 4.317,"Actual Rows": 10000,"Actual Loops": 3,"Workers": []},{"Node Type": "Hash","Parent Relationship": "Inner","Parallel Aware": false,"Async Capable": false,"Startup Cost": 1.38,"Total Cost": 1.38,"Plan Rows": 2,"Plan Width": 108,"Actual Startup Time": 0.020,"Actual Total Time": 0.023,"Actual Rows": 2,"Actual Loops": 3,"Hash Buckets": 1024,"Original Hash Buckets": 1024,"Hash Batches": 1,"Original Hash Batches": 1,"Peak Memory Usage": 9,"Workers": [],"Plans": [{"Node Type": "Seq Scan","Parent Relationship": "Outer","Parallel Aware": false,"Async Capable": false,"Relation Name": "nation","Alias": "n1","Startup Cost": 0.00,"Total Cost": 1.38,"Plan Rows": 2,"Plan Width": 108,"Actual Startup Time": 0.007,"Actual Total Time": 0.013,"Actual Rows": 2,"Actual Loops": 3,"Filter": "((n_name = 'FRANCE'::bpchar) OR (n_name = 'IRAN'::bpchar))","Rows Removed by Filter": 23,"Workers": []}]}]}]}]}]}]}]}]},"Planning Time": 8.816,"Triggers": [],"Execution Time": 993.852}]
[{"Plan": {"Node Type": "Aggregate","Strategy": "Sorted","Partial Mode": "Finalize","Parallel Aware": false,"Async Capable": false,"Startup Cost": 72556.41,"Total Cost": 73352.71,"Plan Rows": 5893,"Plan Width": 272,"Actual Startup Time": 917.325,"Actual Total Time": 969.816,"Actual Rows": 4,"Actual Loops": 1,"Group Key": ["n1.n_name", "n2.n_name", "(EXTRACT(year FROM lineitem.l_shipdate))"],"Plans": [{"Node Type": "Gather Merge","Parent Relationship": "Outer","Parallel Aware": false,"Async Capable": false,"Startup Cost": 72556.41,"Total Cost": 73202.94,"Plan Rows": 4910,"Plan Width": 272,"Actual Startup Time": 917.071,"Actual Total Time": 969.757,"Actual Rows": 12,"Actual Loops": 1,"Workers Planned": 2,"Workers Launched": 2,"Plans": [{"Node Type": "Aggregate","Strategy": "Sorted","Partial Mode": "Partial","Parent Relationship": "Outer","Parallel Aware": false,"Async Capable": false,"Startup Cost": 71556.39,"Total Cost": 71636.18,"Plan Rows": 2455,"Plan Width": 272,"Actual Startup Time": 909.201,"Actual Total Time": 909.861,"Actual Rows": 4,"Actual Loops": 3,"Group Key": ["n1.n_name", "n2.n_name", "(EXTRACT(year FROM lineitem.l_shipdate))"],"Workers": [],"Plans": [{"Node Type": "Sort","Parent Relationship": "Outer","Parallel Aware": false,"Async Capable": false,"Startup Cost": 71556.39,"Total Cost": 71562.53,"Plan Rows": 2455,"Plan Width": 252,"Actual Startup Time": 908.937,"Actual Total Time": 909.053,"Actual Rows": 1870,"Actual Loops": 3,"Sort Key": ["n1.n_name", "n2.n_name", "(EXTRACT(year FROM lineitem.l_shipdate))"],"Sort Method": "quicksort","Sort Space Used": 256,"Sort Space Type": "Memory","Workers": [{"Worker Number": 0,"Sort Method": "quicksort","Sort Space Used": 248,"Sort Space Type": "Memory"},{"Worker Number": 1,"Sort Method": "quicksort","Sort Space Used": 256,"Sort Space Type": "Memory"}],"Plans": [{"Node Type": "Hash Join","Parent Relationship": "Outer","Parallel Aware": false,"Async Capable": false,"Join Type": "Inner","Startup Cost": 366.16,"Total Cost": 71418.15,"Plan Rows": 2455,"Plan Width": 252,"Actual Startup Time": 11.181,"Actual Total Time": 907.216,"Actual Rows": 1870,"Actual Loops": 3,"Inner Unique": false,"Hash Cond": "(lineitem.l_suppkey = supplier.s_suppkey)","Join Filter": "(((n1.n_name = 'UNITED STATES'::bpchar) AND (n2.n_name = 'KENYA'::bpchar)) OR ((n1.n_name = 'KENYA'::bpchar) AND (n2.n_name = 'UNITED STATES'::bpchar)))","Rows Removed by Join Filter": 1846,"Workers": [],"Plans": [{"Node Type": "Nested Loop","Parent Relationship": "Outer","Parallel Aware": false,"Async Capable": false,"Join Type": "Inner","Startup Cost": 2.26,"Total Cost": 70727.78,"Plan Rows": 60250,"Plan Width": 124,"Actual Startup Time": 0.771,"Actual Total Time": 892.329,"Actual Rows": 48037,"Actual Loops": 3,"Inner Unique": false,"Workers": [],"Plans": [{"Node Type": "Nested Loop","Parent Relationship": "Outer","Parallel Aware": false,"Async Capable": false,"Join Type": "Inner","Startup Cost": 1.83,"Total Cost": 12400.01,"Plan Rows": 49000,"Plan Width": 108,"Actual Startup Time": 0.370,"Actual Total Time": 224.259,"Actual Rows": 39620,"Actual Loops": 3,"Inner Unique": false,"Workers": [],"Plans": [{"Node Type": "Hash Join","Parent Relationship": "Outer","Parallel Aware": false,"Async Capable": false,"Join Type": "Inner","Startup Cost": 1.40,"Total Cost": 4403.27,"Plan Rows": 4900,"Plan Width": 108,"Actual Startup Time": 0.246,"Actual Total Time": 46.722,"Actual Rows": 3992,"Actual Loops": 3,"Inner Unique": true,"Hash Cond": "(customer.c_nationkey = n2.n_nationkey)","Workers": [],"Plans": [{"Node Type": "Seq Scan","Parent Relationship": "Outer","Parallel Aware": true,"Async Capable": false,"Relation Name": "customer","Alias": "customer","Startup Cost": 0.00,"Total Cost": 4210.00,"Plan Rows": 62500,"Plan Width": 8,"Actual Startup Time": 0.018,"Actual Total Time": 9.504,"Actual Rows": 50000,"Actual Loops": 3,"Workers": []},{"Node Type": "Hash","Parent Relationship": "Inner","Parallel Aware": false,"Async Capable": false,"Startup Cost": 1.38,"Total Cost": 1.38,"Plan Rows": 2,"Plan Width": 108,"Actual Startup Time": 0.067,"Actual Total Time": 0.076,"Actual Rows": 2,"Actual Loops": 3,"Hash Buckets": 1024,"Original Hash Buckets": 1024,"Hash Batches": 1,"Original Hash Batches": 1,"Peak Memory Usage": 9,"Workers": [],"Plans": [{"Node Type": "Seq Scan","Parent Relationship": "Outer","Parallel Aware": false,"Async Capable": false,"Relation Name": "nation","Alias": "n2","Startup Cost": 0.00,"Total Cost": 1.38,"Plan Rows": 2,"Plan Width": 108,"Actual Startup Time": 0.048,"Actual Total Time": 0.054,"Actual Rows": 2,"Actual Loops": 3,"Filter": "((n_name = 'KENYA'::bpchar) OR (n_name = 'UNITED STATES'::bpchar))","Rows Removed by Filter": 23,"Workers": []}]}]},{"Node Type": "Index Scan","Parent Relationship": "Inner","Parallel Aware": false,"Async Capable": false,"Scan Direction": "Forward","Index Name": "idx_orders_custkey","Relation Name": "orders","Alias": "orders","Startup Cost": 0.43,"Total Cost": 1.46,"Plan Rows": 17,"Plan Width": 8,"Actual Startup Time": 0.007,"Actual Total Time": 0.043,"Actual Rows": 10,"Actual Loops": 11975,"Index Cond": "(o_custkey = customer.c_custkey)","Rows Removed by Index Recheck": 0,"Workers": []}]},{"Node Type": "Index Scan","Parent Relationship": "Inner","Parallel Aware": false,"Async Capable": false,"Scan Direction": "Forward","Index Name": "idx_lineitem_orderkey","Relation Name": "lineitem","Alias": "lineitem","Startup Cost": 0.43,"Total Cost": 1.14,"Plan Rows": 5,"Plan Width": 24,"Actual Startup Time": 0.016,"Actual Total Time": 0.017,"Actual Rows": 1,"Actual Loops": 118861,"Index Cond": "(l_orderkey = orders.o_orderkey)","Rows Removed by Index Recheck": 0,"Filter": "((l_shipdate >= '1995-01-01'::date) AND (l_shipdate <= '1996-12-31'::date))","Rows Removed by Filter": 3,"Workers": []}]},{"Node Type": "Hash","Parent Relationship": "Inner","Parallel Aware": false,"Async Capable": false,"Startup Cost": 354.10,"Total Cost": 354.10,"Plan Rows": 784,"Plan Width": 108,"Actual Startup Time": 7.878,"Actual Total Time": 7.890,"Actual Rows": 769,"Actual Loops": 3,"Hash Buckets": 1024,"Original Hash Buckets": 1024,"Hash Batches": 1,"Original Hash Batches": 1,"Peak Memory Usage": 55,"Workers": [],"Plans": [{"Node Type": "Hash Join","Parent Relationship": "Outer","Parallel Aware": false,"Async Capable": false,"Join Type": "Inner","Startup Cost": 1.40,"Total Cost": 354.10,"Plan Rows": 784,"Plan Width": 108,"Actual Startup Time": 0.084,"Actual Total Time": 7.666,"Actual Rows": 769,"Actual Loops": 3,"Inner Unique": true,"Hash Cond": "(supplier.s_nationkey = n1.n_nationkey)","Workers": [],"Plans": [{"Node Type": "Seq Scan","Parent Relationship": "Outer","Parallel Aware": false,"Async Capable": false,"Relation Name": "supplier","Alias": "supplier","Startup Cost": 0.00,"Total Cost": 322.00,"Plan Rows": 10000,"Plan Width": 8,"Actual Startup Time": 0.033,"Actual Total Time": 4.081,"Actual Rows": 10000,"Actual Loops": 3,"Workers": []},{"Node Type": "Hash","Parent Relationship": "Inner","Parallel Aware": false,"Async Capable": false,"Startup Cost": 1.38,"Total Cost": 1.38,"Plan Rows": 2,"Plan Width": 108,"Actual Startup Time": 0.018,"Actual Total Time": 0.020,"Actual Rows": 2,"Actual Loops": 3,"Hash Buckets": 1024,"Original Hash Buckets": 1024,"Hash Batches": 1,"Original Hash Batches": 1,"Peak Memory Usage": 9,"Workers": [],"Plans": [{"Node Type": "Seq Scan","Parent Relationship": "Outer","Parallel Aware": false,"Async Capable": false,"Relation Name": "nation","Alias": "n1","Startup Cost": 0.00,"Total Cost": 1.38,"Plan Rows": 2,"Plan Width": 108,"Actual Startup Time": 0.008,"Actual Total Time": 0.012,"Actual Rows": 2,"Actual Loops": 3,"Filter": "((n_name = 'UNITED STATES'::bpchar) OR (n_name = 'KENYA'::bpchar))","Rows Removed by Filter": 23,"Workers": []}]}]}]}]}]}]}]}]},"Planning Time": 9.458,"Triggers": [],"Execution Time": 970.290}]
[{"Plan": {"Node Type": "Aggregate","Strategy": "Sorted","Partial Mode": "Finalize","Parallel Aware": false,"Async Capable": false,"Startup Cost": 72556.41,"Total Cost": 73352.71,"Plan Rows": 5893,"Plan Width": 272,"Actual Startup Time": 929.838,"Actual Total Time": 980.237,"Actual Rows": 4,"Actual Loops": 1,"Group Key": ["n1.n_name", "n2.n_name", "(EXTRACT(year FROM lineitem.l_shipdate))"],"Plans": [{"Node Type": "Gather Merge","Parent Relationship": "Outer","Parallel Aware": false,"Async Capable": false,"Startup Cost": 72556.41,"Total Cost": 73202.94,"Plan Rows": 4910,"Plan Width": 272,"Actual Startup Time": 929.353,"Actual Total Time": 980.170,"Actual Rows": 12,"Actual Loops": 1,"Workers Planned": 2,"Workers Launched": 2,"Plans": [{"Node Type": "Aggregate","Strategy": "Sorted","Partial Mode": "Partial","Parent Relationship": "Outer","Parallel Aware": false,"Async Capable": false,"Startup Cost": 71556.39,"Total Cost": 71636.18,"Plan Rows": 2455,"Plan Width": 272,"Actual Startup Time": 920.722,"Actual Total Time": 921.487,"Actual Rows": 4,"Actual Loops": 3,"Group Key": ["n1.n_name", "n2.n_name", "(EXTRACT(year FROM lineitem.l_shipdate))"],"Workers": [],"Plans": [{"Node Type": "Sort","Parent Relationship": "Outer","Parallel Aware": false,"Async Capable": false,"Startup Cost": 71556.39,"Total Cost": 71562.53,"Plan Rows": 2455,"Plan Width": 252,"Actual Startup Time": 920.458,"Actual Total Time": 920.582,"Actual Rows": 1990,"Actual Loops": 3,"Sort Key": ["n1.n_name", "n2.n_name", "(EXTRACT(year FROM lineitem.l_shipdate))"],"Sort Method": "quicksort","Sort Space Used": 322,"Sort Space Type": "Memory","Workers": [{"Worker Number": 0,"Sort Method": "quicksort","Sort Space Used": 264,"Sort Space Type": "Memory"},{"Worker Number": 1,"Sort Method": "quicksort","Sort Space Used": 260,"Sort Space Type": "Memory"}],"Plans": [{"Node Type": "Hash Join","Parent Relationship": "Outer","Parallel Aware": false,"Async Capable": false,"Join Type": "Inner","Startup Cost": 366.16,"Total Cost": 71418.15,"Plan Rows": 2455,"Plan Width": 252,"Actual Startup Time": 9.647,"Actual Total Time": 918.615,"Actual Rows": 1990,"Actual Loops": 3,"Inner Unique": false,"Hash Cond": "(lineitem.l_suppkey = supplier.s_suppkey)","Join Filter": "(((n1.n_name = 'EGYPT'::bpchar) AND (n2.n_name = 'UNITED STATES'::bpchar)) OR ((n1.n_name = 'UNITED STATES'::bpchar) AND (n2.n_name = 'EGYPT'::bpchar)))","Rows Removed by Join Filter": 1975,"Workers": [],"Plans": [{"Node Type": "Nested Loop","Parent Relationship": "Outer","Parallel Aware": false,"Async Capable": false,"Join Type": "Inner","Startup Cost": 2.26,"Total Cost": 70727.78,"Plan Rows": 60250,"Plan Width": 124,"Actual Startup Time": 0.760,"Actual Total Time": 903.514,"Actual Rows": 48457,"Actual Loops": 3,"Inner Unique": false,"Workers": [],"Plans": [{"Node Type": "Nested Loop","Parent Relationship": "Outer","Parallel Aware": false,"Async Capable": false,"Join Type": "Inner","Startup Cost": 1.83,"Total Cost": 12400.01,"Plan Rows": 49000,"Plan Width": 108,"Actual Startup Time": 0.265,"Actual Total Time": 229.050,"Actual Rows": 39677,"Actual Loops": 3,"Inner Unique": false,"Workers": [],"Plans": [{"Node Type": "Hash Join","Parent Relationship": "Outer","Parallel Aware": false,"Async Capable": false,"Join Type": "Inner","Startup Cost": 1.40,"Total Cost": 4403.27,"Plan Rows": 4900,"Plan Width": 108,"Actual Startup Time": 0.159,"Actual Total Time": 49.360,"Actual Rows": 3993,"Actual Loops": 3,"Inner Unique": true,"Hash Cond": "(customer.c_nationkey = n2.n_nationkey)","Workers": [],"Plans": [{"Node Type": "Seq Scan","Parent Relationship": "Outer","Parallel Aware": true,"Async Capable": false,"Relation Name": "customer","Alias": "customer","Startup Cost": 0.00,"Total Cost": 4210.00,"Plan Rows": 62500,"Plan Width": 8,"Actual Startup Time": 0.009,"Actual Total Time": 9.747,"Actual Rows": 50000,"Actual Loops": 3,"Workers": []},{"Node Type": "Hash","Parent Relationship": "Inner","Parallel Aware": false,"Async Capable": false,"Startup Cost": 1.38,"Total Cost": 1.38,"Plan Rows": 2,"Plan Width": 108,"Actual Startup Time": 0.067,"Actual Total Time": 0.073,"Actual Rows": 2,"Actual Loops": 3,"Hash Buckets": 1024,"Original Hash Buckets": 1024,"Hash Batches": 1,"Original Hash Batches": 1,"Peak Memory Usage": 9,"Workers": [],"Plans": [{"Node Type": "Seq Scan","Parent Relationship": "Outer","Parallel Aware": false,"Async Capable": false,"Relation Name": "nation","Alias": "n2","Startup Cost": 0.00,"Total Cost": 1.38,"Plan Rows": 2,"Plan Width": 108,"Actual Startup Time": 0.048,"Actual Total Time": 0.054,"Actual Rows": 2,"Actual Loops": 3,"Filter": "((n_name = 'UNITED STATES'::bpchar) OR (n_name = 'EGYPT'::bpchar))","Rows Removed by Filter": 23,"Workers": []}]}]},{"Node Type": "Index Scan","Parent Relationship": "Inner","Parallel Aware": false,"Async Capable": false,"Scan Direction": "Forward","Index Name": "idx_orders_custkey","Relation Name": "orders","Alias": "orders","Startup Cost": 0.43,"Total Cost": 1.46,"Plan Rows": 17,"Plan Width": 8,"Actual Startup Time": 0.007,"Actual Total Time": 0.044,"Actual Rows": 10,"Actual Loops": 11978,"Index Cond": "(o_custkey = customer.c_custkey)","Rows Removed by Index Recheck": 0,"Workers": []}]},{"Node Type": "Index Scan","Parent Relationship": "Inner","Parallel Aware": false,"Async Capable": false,"Scan Direction": "Forward","Index Name": "idx_lineitem_orderkey","Relation Name": "lineitem","Alias": "lineitem","Startup Cost": 0.43,"Total Cost": 1.14,"Plan Rows": 5,"Plan Width": 24,"Actual Startup Time": 0.016,"Actual Total Time": 0.017,"Actual Rows": 1,"Actual Loops": 119032,"Index Cond": "(l_orderkey = orders.o_orderkey)","Rows Removed by Index Recheck": 0,"Filter": "((l_shipdate >= '1995-01-01'::date) AND (l_shipdate <= '1996-12-31'::date))","Rows Removed by Filter": 3,"Workers": []}]},{"Node Type": "Hash","Parent Relationship": "Inner","Parallel Aware": false,"Async Capable": false,"Startup Cost": 354.10,"Total Cost": 354.10,"Plan Rows": 784,"Plan Width": 108,"Actual Startup Time": 8.135,"Actual Total Time": 8.152,"Actual Rows": 808,"Actual Loops": 3,"Hash Buckets": 1024,"Original Hash Buckets": 1024,"Hash Batches": 1,"Original Hash Batches": 1,"Peak Memory Usage": 57,"Workers": [],"Plans": [{"Node Type": "Hash Join","Parent Relationship": "Outer","Parallel Aware": false,"Async Capable": false,"Join Type": "Inner","Startup Cost": 1.40,"Total Cost": 354.10,"Plan Rows": 784,"Plan Width": 108,"Actual Startup Time": 0.082,"Actual Total Time": 7.948,"Actual Rows": 808,"Actual Loops": 3,"Inner Unique": true,"Hash Cond": "(supplier.s_nationkey = n1.n_nationkey)","Workers": [],"Plans": [{"Node Type": "Seq Scan","Parent Relationship": "Outer","Parallel Aware": false,"Async Capable": false,"Relation Name": "supplier","Alias": "supplier","Startup Cost": 0.00,"Total Cost": 322.00,"Plan Rows": 10000,"Plan Width": 8,"Actual Startup Time": 0.030,"Actual Total Time": 3.983,"Actual Rows": 10000,"Actual Loops": 3,"Workers": []},{"Node Type": "Hash","Parent Relationship": "Inner","Parallel Aware": false,"Async Capable": false,"Startup Cost": 1.38,"Total Cost": 1.38,"Plan Rows": 2,"Plan Width": 108,"Actual Startup Time": 0.013,"Actual Total Time": 0.018,"Actual Rows": 2,"Actual Loops": 3,"Hash Buckets": 1024,"Original Hash Buckets": 1024,"Hash Batches": 1,"Original Hash Batches": 1,"Peak Memory Usage": 9,"Workers": [],"Plans": [{"Node Type": "Seq Scan","Parent Relationship": "Outer","Parallel Aware": false,"Async Capable": false,"Relation Name": "nation","Alias": "n1","Startup Cost": 0.00,"Total Cost": 1.38,"Plan Rows": 2,"Plan Width": 108,"Actual Startup Time": 0.004,"Actual Total Time": 0.010,"Actual Rows": 2,"Actual Loops": 3,"Filter": "((n_name = 'EGYPT'::bpchar) OR (n_name = 'UNITED STATES'::bpchar))","Rows Removed by Filter": 23,"Workers": []}]}]}]}]}]}]}]}]},"Planning Time": 9.466,"Triggers": [],"Execution Time": 980.669}]
[{"Plan": {"Node Type": "Aggregate","Strategy": "Sorted","Partial Mode": "Finalize","Parallel Aware": false,"Async Capable": false,"Startup Cost": 72556.41,"Total Cost": 73352.71,"Plan Rows": 5893,"Plan Width": 272,"Actual Startup Time": 932.884,"Actual Total Time": 975.319,"Actual Rows": 4,"Actual Loops": 1,"Group Key": ["n1.n_name", "n2.n_name", "(EXTRACT(year FROM lineitem.l_shipdate))"],"Plans": [{"Node Type": "Gather Merge","Parent Relationship": "Outer","Parallel Aware": false,"Async Capable": false,"Startup Cost": 72556.41,"Total Cost": 73202.94,"Plan Rows": 4910,"Plan Width": 272,"Actual Startup Time": 932.100,"Actual Total Time": 975.223,"Actual Rows": 12,"Actual Loops": 1,"Workers Planned": 2,"Workers Launched": 2,"Plans": [{"Node Type": "Aggregate","Strategy": "Sorted","Partial Mode": "Partial","Parent Relationship": "Outer","Parallel Aware": false,"Async Capable": false,"Startup Cost": 71556.39,"Total Cost": 71636.18,"Plan Rows": 2455,"Plan Width": 272,"Actual Startup Time": 924.173,"Actual Total Time": 925.069,"Actual Rows": 4,"Actual Loops": 3,"Group Key": ["n1.n_name", "n2.n_name", "(EXTRACT(year FROM lineitem.l_shipdate))"],"Workers": [],"Plans": [{"Node Type": "Sort","Parent Relationship": "Outer","Parallel Aware": false,"Async Capable": false,"Startup Cost": 71556.39,"Total Cost": 71562.53,"Plan Rows": 2455,"Plan Width": 252,"Actual Startup Time": 923.923,"Actual Total Time": 924.055,"Actual Rows": 1875,"Actual Loops": 3,"Sort Key": ["n1.n_name", "n2.n_name", "(EXTRACT(year FROM lineitem.l_shipdate))"],"Sort Method": "quicksort","Sort Space Used": 262,"Sort Space Type": "Memory","Workers": [{"Worker Number": 0,"Sort Method": "quicksort","Sort Space Used": 253,"Sort Space Type": "Memory"},{"Worker Number": 1,"Sort Method": "quicksort","Sort Space Used": 245,"Sort Space Type": "Memory"}],"Plans": [{"Node Type": "Hash Join","Parent Relationship": "Outer","Parallel Aware": false,"Async Capable": false,"Join Type": "Inner","Startup Cost": 366.16,"Total Cost": 71418.15,"Plan Rows": 2455,"Plan Width": 252,"Actual Startup Time": 11.233,"Actual Total Time": 922.066,"Actual Rows": 1875,"Actual Loops": 3,"Inner Unique": false,"Hash Cond": "(lineitem.l_suppkey = supplier.s_suppkey)","Join Filter": "(((n1.n_name = 'ROMANIA'::bpchar) AND (n2.n_name = 'JORDAN'::bpchar)) OR ((n1.n_name = 'JORDAN'::bpchar) AND (n2.n_name = 'ROMANIA'::bpchar)))","Rows Removed by Join Filter": 1883,"Workers": [],"Plans": [{"Node Type": "Nested Loop","Parent Relationship": "Outer","Parallel Aware": false,"Async Capable": false,"Join Type": "Inner","Startup Cost": 2.26,"Total Cost": 70727.78,"Plan Rows": 60250,"Plan Width": 124,"Actual Startup Time": 0.914,"Actual Total Time": 905.192,"Actual Rows": 49528,"Actual Loops": 3,"Inner Unique": false,"Workers": [],"Plans": [{"Node Type": "Nested Loop","Parent Relationship": "Outer","Parallel Aware": false,"Async Capable": false,"Join Type": "Inner","Startup Cost": 1.83,"Total Cost": 12400.01,"Plan Rows": 49000,"Plan Width": 108,"Actual Startup Time": 0.322,"Actual Total Time": 223.368,"Actual Rows": 40583,"Actual Loops": 3,"Inner Unique": false,"Workers": [],"Plans": [{"Node Type": "Hash Join","Parent Relationship": "Outer","Parallel Aware": false,"Async Capable": false,"Join Type": "Inner","Startup Cost": 1.40,"Total Cost": 4403.27,"Plan Rows": 4900,"Plan Width": 108,"Actual Startup Time": 0.200,"Actual Total Time": 43.836,"Actual Rows": 4044,"Actual Loops": 3,"Inner Unique": true,"Hash Cond": "(customer.c_nationkey = n2.n_nationkey)","Workers": [],"Plans": [{"Node Type": "Seq Scan","Parent Relationship": "Outer","Parallel Aware": true,"Async Capable": false,"Relation Name": "customer","Alias": "customer","Startup Cost": 0.00,"Total Cost": 4210.00,"Plan Rows": 62500,"Plan Width": 8,"Actual Startup Time": 0.016,"Actual Total Time": 9.054,"Actual Rows": 50000,"Actual Loops": 3,"Workers": []},{"Node Type": "Hash","Parent Relationship": "Inner","Parallel Aware": false,"Async Capable": false,"Startup Cost": 1.38,"Total Cost": 1.38,"Plan Rows": 2,"Plan Width": 108,"Actual Startup Time": 0.076,"Actual Total Time": 0.084,"Actual Rows": 2,"Actual Loops": 3,"Hash Buckets": 1024,"Original Hash Buckets": 1024,"Hash Batches": 1,"Original Hash Batches": 1,"Peak Memory Usage": 9,"Workers": [],"Plans": [{"Node Type": "Seq Scan","Parent Relationship": "Outer","Parallel Aware": false,"Async Capable": false,"Relation Name": "nation","Alias": "n2","Startup Cost": 0.00,"Total Cost": 1.38,"Plan Rows": 2,"Plan Width": 108,"Actual Startup Time": 0.058,"Actual Total Time": 0.063,"Actual Rows": 2,"Actual Loops": 3,"Filter": "((n_name = 'JORDAN'::bpchar) OR (n_name = 'ROMANIA'::bpchar))","Rows Removed by Filter": 23,"Workers": []}]}]},{"Node Type": "Index Scan","Parent Relationship": "Inner","Parallel Aware": false,"Async Capable": false,"Scan Direction": "Forward","Index Name": "idx_orders_custkey","Relation Name": "orders","Alias": "orders","Startup Cost": 0.43,"Total Cost": 1.46,"Plan Rows": 17,"Plan Width": 8,"Actual Startup Time": 0.007,"Actual Total Time": 0.043,"Actual Rows": 10,"Actual Loops": 12133,"Index Cond": "(o_custkey = customer.c_custkey)","Rows Removed by Index Recheck": 0,"Workers": []}]},{"Node Type": "Index Scan","Parent Relationship": "Inner","Parallel Aware": false,"Async Capable": false,"Scan Direction": "Forward","Index Name": "idx_lineitem_orderkey","Relation Name": "lineitem","Alias": "lineitem","Startup Cost": 0.43,"Total Cost": 1.14,"Plan Rows": 5,"Plan Width": 24,"Actual Startup Time": 0.016,"Actual Total Time": 0.017,"Actual Rows": 1,"Actual Loops": 121748,"Index Cond": "(l_orderkey = orders.o_orderkey)","Rows Removed by Index Recheck": 0,"Filter": "((l_shipdate >= '1995-01-01'::date) AND (l_shipdate <= '1996-12-31'::date))","Rows Removed by Filter": 3,"Workers": []}]},{"Node Type": "Hash","Parent Relationship": "Inner","Parallel Aware": false,"Async Capable": false,"Startup Cost": 354.10,"Total Cost": 354.10,"Plan Rows": 784,"Plan Width": 108,"Actual Startup Time": 9.777,"Actual Total Time": 9.791,"Actual Rows": 760,"Actual Loops": 3,"Hash Buckets": 1024,"Original Hash Buckets": 1024,"Hash Batches": 1,"Original Hash Batches": 1,"Peak Memory Usage": 55,"Workers": [],"Plans": [{"Node Type": "Hash Join","Parent Relationship": "Outer","Parallel Aware": false,"Async Capable": false,"Join Type": "Inner","Startup Cost": 1.40,"Total Cost": 354.10,"Plan Rows": 784,"Plan Width": 108,"Actual Startup Time": 0.096,"Actual Total Time": 9.622,"Actual Rows": 760,"Actual Loops": 3,"Inner Unique": true,"Hash Cond": "(supplier.s_nationkey = n1.n_nationkey)","Workers": [],"Plans": [{"Node Type": "Seq Scan","Parent Relationship": "Outer","Parallel Aware": false,"Async Capable": false,"Relation Name": "supplier","Alias": "supplier","Startup Cost": 0.00,"Total Cost": 322.00,"Plan Rows": 10000,"Plan Width": 8,"Actual Startup Time": 0.034,"Actual Total Time": 3.753,"Actual Rows": 10000,"Actual Loops": 3,"Workers": []},{"Node Type": "Hash","Parent Relationship": "Inner","Parallel Aware": false,"Async Capable": false,"Startup Cost": 1.38,"Total Cost": 1.38,"Plan Rows": 2,"Plan Width": 108,"Actual Startup Time": 0.019,"Actual Total Time": 0.024,"Actual Rows": 2,"Actual Loops": 3,"Hash Buckets": 1024,"Original Hash Buckets": 1024,"Hash Batches": 1,"Original Hash Batches": 1,"Peak Memory Usage": 9,"Workers": [],"Plans": [{"Node Type": "Seq Scan","Parent Relationship": "Outer","Parallel Aware": false,"Async Capable": false,"Relation Name": "nation","Alias": "n1","Startup Cost": 0.00,"Total Cost": 1.38,"Plan Rows": 2,"Plan Width": 108,"Actual Startup Time": 0.009,"Actual Total Time": 0.014,"Actual Rows": 2,"Actual Loops": 3,"Filter": "((n_name = 'ROMANIA'::bpchar) OR (n_name = 'JORDAN'::bpchar))","Rows Removed by Filter": 23,"Workers": []}]}]}]}]}]}]}]}]},"Planning Time": 9.149,"Triggers": [],"Execution Time": 975.749}]
[{"Plan": {"Node Type": "Aggregate","Strategy": "Sorted","Partial Mode": "Finalize","Parallel Aware": false,"Async Capable": false,"Startup Cost": 72556.41,"Total Cost": 73352.71,"Plan Rows": 5893,"Plan Width": 272,"Actual Startup Time": 916.637,"Actual Total Time": 960.801,"Actual Rows": 4,"Actual Loops": 1,"Group Key": ["n1.n_name", "n2.n_name", "(EXTRACT(year FROM lineitem.l_shipdate))"],"Plans": [{"Node Type": "Gather Merge","Parent Relationship": "Outer","Parallel Aware": false,"Async Capable": false,"Startup Cost": 72556.41,"Total Cost": 73202.94,"Plan Rows": 4910,"Plan Width": 272,"Actual Startup Time": 916.354,"Actual Total Time": 960.742,"Actual Rows": 12,"Actual Loops": 1,"Workers Planned": 2,"Workers Launched": 2,"Plans": [{"Node Type": "Aggregate","Strategy": "Sorted","Partial Mode": "Partial","Parent Relationship": "Outer","Parallel Aware": false,"Async Capable": false,"Startup Cost": 71556.39,"Total Cost": 71636.18,"Plan Rows": 2455,"Plan Width": 272,"Actual Startup Time": 908.362,"Actual Total Time": 909.052,"Actual Rows": 4,"Actual Loops": 3,"Group Key": ["n1.n_name", "n2.n_name", "(EXTRACT(year FROM lineitem.l_shipdate))"],"Workers": [],"Plans": [{"Node Type": "Sort","Parent Relationship": "Outer","Parallel Aware": false,"Async Capable": false,"Startup Cost": 71556.39,"Total Cost": 71562.53,"Plan Rows": 2455,"Plan Width": 252,"Actual Startup Time": 908.074,"Actual Total Time": 908.188,"Actual Rows": 2024,"Actual Loops": 3,"Sort Key": ["n1.n_name", "n2.n_name", "(EXTRACT(year FROM lineitem.l_shipdate))"],"Sort Method": "quicksort","Sort Space Used": 327,"Sort Space Type": "Memory","Workers": [{"Worker Number": 0,"Sort Method": "quicksort","Sort Space Used": 271,"Sort Space Type": "Memory"},{"Worker Number": 1,"Sort Method": "quicksort","Sort Space Used": 259,"Sort Space Type": "Memory"}],"Plans": [{"Node Type": "Hash Join","Parent Relationship": "Outer","Parallel Aware": false,"Async Capable": false,"Join Type": "Inner","Startup Cost": 366.16,"Total Cost": 71418.15,"Plan Rows": 2455,"Plan Width": 252,"Actual Startup Time": 12.950,"Actual Total Time": 906.172,"Actual Rows": 2024,"Actual Loops": 3,"Inner Unique": false,"Hash Cond": "(lineitem.l_suppkey = supplier.s_suppkey)","Join Filter": "(((n1.n_name = 'IRAQ'::bpchar) AND (n2.n_name = 'UNITED STATES'::bpchar)) OR ((n1.n_name = 'UNITED STATES'::bpchar) AND (n2.n_name = 'IRAQ'::bpchar)))","Rows Removed by Join Filter": 2046,"Workers": [],"Plans": [{"Node Type": "Nested Loop","Parent Relationship": "Outer","Parallel Aware": false,"Async Capable": false,"Join Type": "Inner","Startup Cost": 2.26,"Total Cost": 70727.78,"Plan Rows": 60250,"Plan Width": 124,"Actual Startup Time": 0.701,"Actual Total Time": 888.459,"Actual Rows": 48181,"Actual Loops": 3,"Inner Unique": false,"Workers": [],"Plans": [{"Node Type": "Nested Loop","Parent Relationship": "Outer","Parallel Aware": false,"Async Capable": false,"Join Type": "Inner","Startup Cost": 1.83,"Total Cost": 12400.01,"Plan Rows": 49000,"Plan Width": 108,"Actual Startup Time": 0.357,"Actual Total Time": 219.997,"Actual Rows": 39608,"Actual Loops": 3,"Inner Unique": false,"Workers": [],"Plans": [{"Node Type": "Hash Join","Parent Relationship": "Outer","Parallel Aware": false,"Async Capable": false,"Join Type": "Inner","Startup Cost": 1.40,"Total Cost": 4403.27,"Plan Rows": 4900,"Plan Width": 108,"Actual Startup Time": 0.201,"Actual Total Time": 43.805,"Actual Rows": 3982,"Actual Loops": 3,"Inner Unique": true,"Hash Cond": "(customer.c_nationkey = n2.n_nationkey)","Workers": [],"Plans": [{"Node Type": "Seq Scan","Parent Relationship": "Outer","Parallel Aware": true,"Async Capable": false,"Relation Name": "customer","Alias": "customer","Startup Cost": 0.00,"Total Cost": 4210.00,"Plan Rows": 62500,"Plan Width": 8,"Actual Startup Time": 0.012,"Actual Total Time": 9.120,"Actual Rows": 50000,"Actual Loops": 3,"Workers": []},{"Node Type": "Hash","Parent Relationship": "Inner","Parallel Aware": false,"Async Capable": false,"Startup Cost": 1.38,"Total Cost": 1.38,"Plan Rows": 2,"Plan Width": 108,"Actual Startup Time": 0.067,"Actual Total Time": 0.075,"Actual Rows": 2,"Actual Loops": 3,"Hash Buckets": 1024,"Original Hash Buckets": 1024,"Hash Batches": 1,"Original Hash Batches": 1,"Peak Memory Usage": 9,"Workers": [],"Plans": [{"Node Type": "Seq Scan","Parent Relationship": "Outer","Parallel Aware": false,"Async Capable": false,"Relation Name": "nation","Alias": "n2","Startup Cost": 0.00,"Total Cost": 1.38,"Plan Rows": 2,"Plan Width": 108,"Actual Startup Time": 0.053,"Actual Total Time": 0.059,"Actual Rows": 2,"Actual Loops": 3,"Filter": "((n_name = 'UNITED STATES'::bpchar) OR (n_name = 'IRAQ'::bpchar))","Rows Removed by Filter": 23,"Workers": []}]}]},{"Node Type": "Index Scan","Parent Relationship": "Inner","Parallel Aware": false,"Async Capable": false,"Scan Direction": "Forward","Index Name": "idx_orders_custkey","Relation Name": "orders","Alias": "orders","Startup Cost": 0.43,"Total Cost": 1.46,"Plan Rows": 17,"Plan Width": 8,"Actual Startup Time": 0.007,"Actual Total Time": 0.043,"Actual Rows": 10,"Actual Loops": 11946,"Index Cond": "(o_custkey = customer.c_custkey)","Rows Removed by Index Recheck": 0,"Workers": []}]},{"Node Type": "Index Scan","Parent Relationship": "Inner","Parallel Aware": false,"Async Capable": false,"Scan Direction": "Forward","Index Name": "idx_lineitem_orderkey","Relation Name": "lineitem","Alias": "lineitem","Startup Cost": 0.43,"Total Cost": 1.14,"Plan Rows": 5,"Plan Width": 24,"Actual Startup Time": 0.016,"Actual Total Time": 0.017,"Actual Rows": 1,"Actual Loops": 118823,"Index Cond": "(l_orderkey = orders.o_orderkey)","Rows Removed by Index Recheck": 0,"Filter": "((l_shipdate >= '1995-01-01'::date) AND (l_shipdate <= '1996-12-31'::date))","Rows Removed by Filter": 3,"Workers": []}]},{"Node Type": "Hash","Parent Relationship": "Inner","Parallel Aware": false,"Async Capable": false,"Startup Cost": 354.10,"Total Cost": 354.10,"Plan Rows": 784,"Plan Width": 108,"Actual Startup Time": 10.641,"Actual Total Time": 10.659,"Actual Rows": 831,"Actual Loops": 3,"Hash Buckets": 1024,"Original Hash Buckets": 1024,"Hash Batches": 1,"Original Hash Batches": 1,"Peak Memory Usage": 59,"Workers": [],"Plans": [{"Node Type": "Hash Join","Parent Relationship": "Outer","Parallel Aware": false,"Async Capable": false,"Join Type": "Inner","Startup Cost": 1.40,"Total Cost": 354.10,"Plan Rows": 784,"Plan Width": 108,"Actual Startup Time": 0.074,"Actual Total Time": 10.430,"Actual Rows": 831,"Actual Loops": 3,"Inner Unique": true,"Hash Cond": "(supplier.s_nationkey = n1.n_nationkey)","Workers": [],"Plans": [{"Node Type": "Seq Scan","Parent Relationship": "Outer","Parallel Aware": false,"Async Capable": false,"Relation Name": "supplier","Alias": "supplier","Startup Cost": 0.00,"Total Cost": 322.00,"Plan Rows": 10000,"Plan Width": 8,"Actual Startup Time": 0.029,"Actual Total Time": 4.390,"Actual Rows": 10000,"Actual Loops": 3,"Workers": []},{"Node Type": "Hash","Parent Relationship": "Inner","Parallel Aware": false,"Async Capable": false,"Startup Cost": 1.38,"Total Cost": 1.38,"Plan Rows": 2,"Plan Width": 108,"Actual Startup Time": 0.016,"Actual Total Time": 0.024,"Actual Rows": 2,"Actual Loops": 3,"Hash Buckets": 1024,"Original Hash Buckets": 1024,"Hash Batches": 1,"Original Hash Batches": 1,"Peak Memory Usage": 9,"Workers": [],"Plans": [{"Node Type": "Seq Scan","Parent Relationship": "Outer","Parallel Aware": false,"Async Capable": false,"Relation Name": "nation","Alias": "n1","Startup Cost": 0.00,"Total Cost": 1.38,"Plan Rows": 2,"Plan Width": 108,"Actual Startup Time": 0.006,"Actual Total Time": 0.012,"Actual Rows": 2,"Actual Loops": 3,"Filter": "((n_name = 'IRAQ'::bpchar) OR (n_name = 'UNITED STATES'::bpchar))","Rows Removed by Filter": 23,"Workers": []}]}]}]}]}]}]}]}]},"Planning Time": 8.552,"Triggers": [],"Execution Time": 961.264}]
[{"Plan": {"Node Type": "Aggregate","Strategy": "Sorted","Partial Mode": "Finalize","Parallel Aware": false,"Async Capable": false,"Startup Cost": 72556.41,"Total Cost": 73352.71,"Plan Rows": 5893,"Plan Width": 272,"Actual Startup Time": 969.247,"Actual Total Time": 1018.303,"Actual Rows": 4,"Actual Loops": 1,"Group Key": ["n1.n_name", "n2.n_name", "(EXTRACT(year FROM lineitem.l_shipdate))"],"Plans": [{"Node Type": "Gather Merge","Parent Relationship": "Outer","Parallel Aware": false,"Async Capable": false,"Startup Cost": 72556.41,"Total Cost": 73202.94,"Plan Rows": 4910,"Plan Width": 272,"Actual Startup Time": 968.837,"Actual Total Time": 1018.245,"Actual Rows": 12,"Actual Loops": 1,"Workers Planned": 2,"Workers Launched": 2,"Plans": [{"Node Type": "Aggregate","Strategy": "Sorted","Partial Mode": "Partial","Parent Relationship": "Outer","Parallel Aware": false,"Async Capable": false,"Startup Cost": 71556.39,"Total Cost": 71636.18,"Plan Rows": 2455,"Plan Width": 272,"Actual Startup Time": 960.267,"Actual Total Time": 960.986,"Actual Rows": 4,"Actual Loops": 3,"Group Key": ["n1.n_name", "n2.n_name", "(EXTRACT(year FROM lineitem.l_shipdate))"],"Workers": [],"Plans": [{"Node Type": "Sort","Parent Relationship": "Outer","Parallel Aware": false,"Async Capable": false,"Startup Cost": 71556.39,"Total Cost": 71562.53,"Plan Rows": 2455,"Plan Width": 252,"Actual Startup Time": 960.004,"Actual Total Time": 960.111,"Actual Rows": 1811,"Actual Loops": 3,"Sort Key": ["n1.n_name", "n2.n_name", "(EXTRACT(year FROM lineitem.l_shipdate))"],"Sort Method": "quicksort","Sort Space Used": 245,"Sort Space Type": "Memory","Workers": [{"Worker Number": 0,"Sort Method": "quicksort","Sort Space Used": 254,"Sort Space Type": "Memory"},{"Worker Number": 1,"Sort Method": "quicksort","Sort Space Used": 241,"Sort Space Type": "Memory"}],"Plans": [{"Node Type": "Hash Join","Parent Relationship": "Outer","Parallel Aware": false,"Async Capable": false,"Join Type": "Inner","Startup Cost": 366.16,"Total Cost": 71418.15,"Plan Rows": 2455,"Plan Width": 252,"Actual Startup Time": 8.938,"Actual Total Time": 957.972,"Actual Rows": 1811,"Actual Loops": 3,"Inner Unique": false,"Hash Cond": "(lineitem.l_suppkey = supplier.s_suppkey)","Join Filter": "(((n1.n_name = 'JORDAN'::bpchar) AND (n2.n_name = 'JAPAN'::bpchar)) OR ((n1.n_name = 'JAPAN'::bpchar) AND (n2.n_name = 'JORDAN'::bpchar)))","Rows Removed by Join Filter": 1793,"Workers": [],"Plans": [{"Node Type": "Nested Loop","Parent Relationship": "Outer","Parallel Aware": false,"Async Capable": false,"Join Type": "Inner","Startup Cost": 2.26,"Total Cost": 70727.78,"Plan Rows": 60250,"Plan Width": 124,"Actual Startup Time": 0.560,"Actual Total Time": 939.258,"Actual Rows": 48873,"Actual Loops": 3,"Inner Unique": false,"Workers": [],"Plans": [{"Node Type": "Nested Loop","Parent Relationship": "Outer","Parallel Aware": false,"Async Capable": false,"Join Type": "Inner","Startup Cost": 1.83,"Total Cost": 12400.01,"Plan Rows": 49000,"Plan Width": 108,"Actual Startup Time": 0.373,"Actual Total Time": 237.376,"Actual Rows": 40047,"Actual Loops": 3,"Inner Unique": false,"Workers": [],"Plans": [{"Node Type": "Hash Join","Parent Relationship": "Outer","Parallel Aware": false,"Async Capable": false,"Join Type": "Inner","Startup Cost": 1.40,"Total Cost": 4403.27,"Plan Rows": 4900,"Plan Width": 108,"Actual Startup Time": 0.207,"Actual Total Time": 49.334,"Actual Rows": 3994,"Actual Loops": 3,"Inner Unique": true,"Hash Cond": "(customer.c_nationkey = n2.n_nationkey)","Workers": [],"Plans": [{"Node Type": "Seq Scan","Parent Relationship": "Outer","Parallel Aware": true,"Async Capable": false,"Relation Name": "customer","Alias": "customer","Startup Cost": 0.00,"Total Cost": 4210.00,"Plan Rows": 62500,"Plan Width": 8,"Actual Startup Time": 0.017,"Actual Total Time": 9.673,"Actual Rows": 50000,"Actual Loops": 3,"Workers": []},{"Node Type": "Hash","Parent Relationship": "Inner","Parallel Aware": false,"Async Capable": false,"Startup Cost": 1.38,"Total Cost": 1.38,"Plan Rows": 2,"Plan Width": 108,"Actual Startup Time": 0.077,"Actual Total Time": 0.084,"Actual Rows": 2,"Actual Loops": 3,"Hash Buckets": 1024,"Original Hash Buckets": 1024,"Hash Batches": 1,"Original Hash Batches": 1,"Peak Memory Usage": 9,"Workers": [],"Plans": [{"Node Type": "Seq Scan","Parent Relationship": "Outer","Parallel Aware": false,"Async Capable": false,"Relation Name": "nation","Alias": "n2","Startup Cost": 0.00,"Total Cost": 1.38,"Plan Rows": 2,"Plan Width": 108,"Actual Startup Time": 0.058,"Actual Total Time": 0.064,"Actual Rows": 2,"Actual Loops": 3,"Filter": "((n_name = 'JAPAN'::bpchar) OR (n_name = 'JORDAN'::bpchar))","Rows Removed by Filter": 23,"Workers": []}]}]},{"Node Type": "Index Scan","Parent Relationship": "Inner","Parallel Aware": false,"Async Capable": false,"Scan Direction": "Forward","Index Name": "idx_orders_custkey","Relation Name": "orders","Alias": "orders","Startup Cost": 0.43,"Total Cost": 1.46,"Plan Rows": 17,"Plan Width": 8,"Actual Startup Time": 0.007,"Actual Total Time": 0.046,"Actual Rows": 10,"Actual Loops": 11981,"Index Cond": "(o_custkey = customer.c_custkey)","Rows Removed by Index Recheck": 0,"Workers": []}]},{"Node Type": "Index Scan","Parent Relationship": "Inner","Parallel Aware": false,"Async Capable": false,"Scan Direction": "Forward","Index Name": "idx_lineitem_orderkey","Relation Name": "lineitem","Alias": "lineitem","Startup Cost": 0.43,"Total Cost": 1.14,"Plan Rows": 5,"Plan Width": 24,"Actual Startup Time": 0.016,"Actual Total Time": 0.017,"Actual Rows": 1,"Actual Loops": 120141,"Index Cond": "(l_orderkey = orders.o_orderkey)","Rows Removed by Index Recheck": 0,"Filter": "((l_shipdate >= '1995-01-01'::date) AND (l_shipdate <= '1996-12-31'::date))","Rows Removed by Filter": 3,"Workers": []}]},{"Node Type": "Hash","Parent Relationship": "Inner","Parallel Aware": false,"Async Capable": false,"Startup Cost": 354.10,"Total Cost": 354.10,"Plan Rows": 784,"Plan Width": 108,"Actual Startup Time": 7.630,"Actual Total Time": 7.646,"Actual Rows": 739,"Actual Loops": 3,"Hash Buckets": 1024,"Original Hash Buckets": 1024,"Hash Batches": 1,"Original Hash Batches": 1,"Peak Memory Usage": 53,"Workers": [],"Plans": [{"Node Type": "Hash Join","Parent Relationship": "Outer","Parallel Aware": false,"Async Capable": false,"Join Type": "Inner","Startup Cost": 1.40,"Total Cost": 354.10,"Plan Rows": 784,"Plan Width": 108,"Actual Startup Time": 0.111,"Actual Total Time": 7.457,"Actual Rows": 739,"Actual Loops": 3,"Inner Unique": true,"Hash Cond": "(supplier.s_nationkey = n1.n_nationkey)","Workers": [],"Plans": [{"Node Type": "Seq Scan","Parent Relationship": "Outer","Parallel Aware": false,"Async Capable": false,"Relation Name": "supplier","Alias": "supplier","Startup Cost": 0.00,"Total Cost": 322.00,"Plan Rows": 10000,"Plan Width": 8,"Actual Startup Time": 0.040,"Actual Total Time": 3.882,"Actual Rows": 10000,"Actual Loops": 3,"Workers": []},{"Node Type": "Hash","Parent Relationship": "Inner","Parallel Aware": false,"Async Capable": false,"Startup Cost": 1.38,"Total Cost": 1.38,"Plan Rows": 2,"Plan Width": 108,"Actual Startup Time": 0.019,"Actual Total Time": 0.024,"Actual Rows": 2,"Actual Loops": 3,"Hash Buckets": 1024,"Original Hash Buckets": 1024,"Hash Batches": 1,"Original Hash Batches": 1,"Peak Memory Usage": 9,"Workers": [],"Plans": [{"Node Type": "Seq Scan","Parent Relationship": "Outer","Parallel Aware": false,"Async Capable": false,"Relation Name": "nation","Alias": "n1","Startup Cost": 0.00,"Total Cost": 1.38,"Plan Rows": 2,"Plan Width": 108,"Actual Startup Time": 0.009,"Actual Total Time": 0.014,"Actual Rows": 2,"Actual Loops": 3,"Filter": "((n_name = 'JORDAN'::bpchar) OR (n_name = 'JAPAN'::bpchar))","Rows Removed by Filter": 23,"Workers": []}]}]}]}]}]}]}]}]},"Planning Time": 9.075,"Triggers": [],"Execution Time": 1018.808}]
[{"Plan": {"Node Type": "Aggregate","Strategy": "Sorted","Partial Mode": "Finalize","Parallel Aware": false,"Async Capable": false,"Startup Cost": 72556.41,"Total Cost": 73352.71,"Plan Rows": 5893,"Plan Width": 272,"Actual Startup Time": 912.840,"Actual Total Time": 956.495,"Actual Rows": 4,"Actual Loops": 1,"Group Key": ["n1.n_name", "n2.n_name", "(EXTRACT(year FROM lineitem.l_shipdate))"],"Plans": [{"Node Type": "Gather Merge","Parent Relationship": "Outer","Parallel Aware": false,"Async Capable": false,"Startup Cost": 72556.41,"Total Cost": 73202.94,"Plan Rows": 4910,"Plan Width": 272,"Actual Startup Time": 911.869,"Actual Total Time": 956.423,"Actual Rows": 12,"Actual Loops": 1,"Workers Planned": 2,"Workers Launched": 2,"Plans": [{"Node Type": "Aggregate","Strategy": "Sorted","Partial Mode": "Partial","Parent Relationship": "Outer","Parallel Aware": false,"Async Capable": false,"Startup Cost": 71556.39,"Total Cost": 71636.18,"Plan Rows": 2455,"Plan Width": 272,"Actual Startup Time": 904.052,"Actual Total Time": 904.960,"Actual Rows": 4,"Actual Loops": 3,"Group Key": ["n1.n_name", "n2.n_name", "(EXTRACT(year FROM lineitem.l_shipdate))"],"Workers": [],"Plans": [{"Node Type": "Sort","Parent Relationship": "Outer","Parallel Aware": false,"Async Capable": false,"Startup Cost": 71556.39,"Total Cost": 71562.53,"Plan Rows": 2455,"Plan Width": 252,"Actual Startup Time": 903.766,"Actual Total Time": 903.915,"Actual Rows": 1961,"Actual Loops": 3,"Sort Key": ["n1.n_name", "n2.n_name", "(EXTRACT(year FROM lineitem.l_shipdate))"],"Sort Method": "quicksort","Sort Space Used": 325,"Sort Space Type": "Memory","Workers": [{"Worker Number": 0,"Sort Method": "quicksort","Sort Space Used": 256,"Sort Space Type": "Memory"},{"Worker Number": 1,"Sort Method": "quicksort","Sort Space Used": 256,"Sort Space Type": "Memory"}],"Plans": [{"Node Type": "Hash Join","Parent Relationship": "Outer","Parallel Aware": false,"Async Capable": false,"Join Type": "Inner","Startup Cost": 366.16,"Total Cost": 71418.15,"Plan Rows": 2455,"Plan Width": 252,"Actual Startup Time": 12.690,"Actual Total Time": 901.905,"Actual Rows": 1961,"Actual Loops": 3,"Inner Unique": false,"Hash Cond": "(lineitem.l_suppkey = supplier.s_suppkey)","Join Filter": "(((n1.n_name = 'JAPAN'::bpchar) AND (n2.n_name = 'IRAQ'::bpchar)) OR ((n1.n_name = 'IRAQ'::bpchar) AND (n2.n_name = 'JAPAN'::bpchar)))","Rows Removed by Join Filter": 1962,"Workers": [],"Plans": [{"Node Type": "Nested Loop","Parent Relationship": "Outer","Parallel Aware": false,"Async Capable": false,"Join Type": "Inner","Startup Cost": 2.26,"Total Cost": 70727.78,"Plan Rows": 60250,"Plan Width": 124,"Actual Startup Time": 0.509,"Actual Total Time": 884.293,"Actual Rows": 47981,"Actual Loops": 3,"Inner Unique": false,"Workers": [],"Plans": [{"Node Type": "Nested Loop","Parent Relationship": "Outer","Parallel Aware": false,"Async Capable": false,"Join Type": "Inner","Startup Cost": 1.83,"Total Cost": 12400.01,"Plan Rows": 49000,"Plan Width": 108,"Actual Startup Time": 0.385,"Actual Total Time": 218.741,"Actual Rows": 39436,"Actual Loops": 3,"Inner Unique": false,"Workers": [],"Plans": [{"Node Type": "Hash Join","Parent Relationship": "Outer","Parallel Aware": false,"Async Capable": false,"Join Type": "Inner","Startup Cost": 1.40,"Total Cost": 4403.27,"Plan Rows": 4900,"Plan Width": 108,"Actual Startup Time": 0.198,"Actual Total Time": 42.457,"Actual Rows": 3970,"Actual Loops": 3,"Inner Unique": true,"Hash Cond": "(customer.c_nationkey = n2.n_nationkey)","Workers": [],"Plans": [{"Node Type": "Seq Scan","Parent Relationship": "Outer","Parallel Aware": true,"Async Capable": false,"Relation Name": "customer","Alias": "customer","Startup Cost": 0.00,"Total Cost": 4210.00,"Plan Rows": 62500,"Plan Width": 8,"Actual Startup Time": 0.019,"Actual Total Time": 8.993,"Actual Rows": 50000,"Actual Loops": 3,"Workers": []},{"Node Type": "Hash","Parent Relationship": "Inner","Parallel Aware": false,"Async Capable": false,"Startup Cost": 1.38,"Total Cost": 1.38,"Plan Rows": 2,"Plan Width": 108,"Actual Startup Time": 0.090,"Actual Total Time": 0.096,"Actual Rows": 2,"Actual Loops": 3,"Hash Buckets": 1024,"Original Hash Buckets": 1024,"Hash Batches": 1,"Original Hash Batches": 1,"Peak Memory Usage": 9,"Workers": [],"Plans": [{"Node Type": "Seq Scan","Parent Relationship": "Outer","Parallel Aware": false,"Async Capable": false,"Relation Name": "nation","Alias": "n2","Startup Cost": 0.00,"Total Cost": 1.38,"Plan Rows": 2,"Plan Width": 108,"Actual Startup Time": 0.067,"Actual Total Time": 0.073,"Actual Rows": 2,"Actual Loops": 3,"Filter": "((n_name = 'IRAQ'::bpchar) OR (n_name = 'JAPAN'::bpchar))","Rows Removed by Filter": 23,"Workers": []}]}]},{"Node Type": "Index Scan","Parent Relationship": "Inner","Parallel Aware": false,"Async Capable": false,"Scan Direction": "Forward","Index Name": "idx_orders_custkey","Relation Name": "orders","Alias": "orders","Startup Cost": 0.43,"Total Cost": 1.46,"Plan Rows": 17,"Plan Width": 8,"Actual Startup Time": 0.007,"Actual Total Time": 0.043,"Actual Rows": 10,"Actual Loops": 11911,"Index Cond": "(o_custkey = customer.c_custkey)","Rows Removed by Index Recheck": 0,"Workers": []}]},{"Node Type": "Index Scan","Parent Relationship": "Inner","Parallel Aware": false,"Async Capable": false,"Scan Direction": "Forward","Index Name": "idx_lineitem_orderkey","Relation Name": "lineitem","Alias": "lineitem","Startup Cost": 0.43,"Total Cost": 1.14,"Plan Rows": 5,"Plan Width": 24,"Actual Startup Time": 0.016,"Actual Total Time": 0.017,"Actual Rows": 1,"Actual Loops": 118307,"Index Cond": "(l_orderkey = orders.o_orderkey)","Rows Removed by Index Recheck": 0,"Filter": "((l_shipdate >= '1995-01-01'::date) AND (l_shipdate <= '1996-12-31'::date))","Rows Removed by Filter": 3,"Workers": []}]},{"Node Type": "Hash","Parent Relationship": "Inner","Parallel Aware": false,"Async Capable": false,"Startup Cost": 354.10,"Total Cost": 354.10,"Plan Rows": 784,"Plan Width": 108,"Actual Startup Time": 10.298,"Actual Total Time": 10.314,"Actual Rows": 815,"Actual Loops": 3,"Hash Buckets": 1024,"Original Hash Buckets": 1024,"Hash Batches": 1,"Original Hash Batches": 1,"Peak Memory Usage": 58,"Workers": [],"Plans": [{"Node Type": "Hash Join","Parent Relationship": "Outer","Parallel Aware": false,"Async Capable": false,"Join Type": "Inner","Startup Cost": 1.40,"Total Cost": 354.10,"Plan Rows": 784,"Plan Width": 108,"Actual Startup Time": 0.102,"Actual Total Time": 10.121,"Actual Rows": 815,"Actual Loops": 3,"Inner Unique": true,"Hash Cond": "(supplier.s_nationkey = n1.n_nationkey)","Workers": [],"Plans": [{"Node Type": "Seq Scan","Parent Relationship": "Outer","Parallel Aware": false,"Async Capable": false,"Relation Name": "supplier","Alias": "supplier","Startup Cost": 0.00,"Total Cost": 322.00,"Plan Rows": 10000,"Plan Width": 8,"Actual Startup Time": 0.038,"Actual Total Time": 4.127,"Actual Rows": 10000,"Actual Loops": 3,"Workers": []},{"Node Type": "Hash","Parent Relationship": "Inner","Parallel Aware": false,"Async Capable": false,"Startup Cost": 1.38,"Total Cost": 1.38,"Plan Rows": 2,"Plan Width": 108,"Actual Startup Time": 0.021,"Actual Total Time": 0.027,"Actual Rows": 2,"Actual Loops": 3,"Hash Buckets": 1024,"Original Hash Buckets": 1024,"Hash Batches": 1,"Original Hash Batches": 1,"Peak Memory Usage": 9,"Workers": [],"Plans": [{"Node Type": "Seq Scan","Parent Relationship": "Outer","Parallel Aware": false,"Async Capable": false,"Relation Name": "nation","Alias": "n1","Startup Cost": 0.00,"Total Cost": 1.38,"Plan Rows": 2,"Plan Width": 108,"Actual Startup Time": 0.008,"Actual Total Time": 0.014,"Actual Rows": 2,"Actual Loops": 3,"Filter": "((n_name = 'JAPAN'::bpchar) OR (n_name = 'IRAQ'::bpchar))","Rows Removed by Filter": 23,"Workers": []}]}]}]}]}]}]}]}]},"Planning Time": 7.520,"Triggers": [],"Execution Time": 956.930}]
[{"Plan": {"Node Type": "Aggregate","Strategy": "Sorted","Partial Mode": "Finalize","Parallel Aware": false,"Async Capable": false,"Startup Cost": 72556.41,"Total Cost": 73352.71,"Plan Rows": 5893,"Plan Width": 272,"Actual Startup Time": 923.470,"Actual Total Time": 979.322,"Actual Rows": 4,"Actual Loops": 1,"Group Key": ["n1.n_name", "n2.n_name", "(EXTRACT(year FROM lineitem.l_shipdate))"],"Plans": [{"Node Type": "Gather Merge","Parent Relationship": "Outer","Parallel Aware": false,"Async Capable": false,"Startup Cost": 72556.41,"Total Cost": 73202.94,"Plan Rows": 4910,"Plan Width": 272,"Actual Startup Time": 923.162,"Actual Total Time": 979.261,"Actual Rows": 12,"Actual Loops": 1,"Workers Planned": 2,"Workers Launched": 2,"Plans": [{"Node Type": "Aggregate","Strategy": "Sorted","Partial Mode": "Partial","Parent Relationship": "Outer","Parallel Aware": false,"Async Capable": false,"Startup Cost": 71556.39,"Total Cost": 71636.18,"Plan Rows": 2455,"Plan Width": 272,"Actual Startup Time": 915.613,"Actual Total Time": 916.274,"Actual Rows": 4,"Actual Loops": 3,"Group Key": ["n1.n_name", "n2.n_name", "(EXTRACT(year FROM lineitem.l_shipdate))"],"Workers": [],"Plans": [{"Node Type": "Sort","Parent Relationship": "Outer","Parallel Aware": false,"Async Capable": false,"Startup Cost": 71556.39,"Total Cost": 71562.53,"Plan Rows": 2455,"Plan Width": 252,"Actual Startup Time": 915.366,"Actual Total Time": 915.469,"Actual Rows": 1915,"Actual Loops": 3,"Sort Key": ["n1.n_name", "n2.n_name", "(EXTRACT(year FROM lineitem.l_shipdate))"],"Sort Method": "quicksort","Sort Space Used": 260,"Sort Space Type": "Memory","Workers": [{"Worker Number": 0,"Sort Method": "quicksort","Sort Space Used": 252,"Sort Space Type": "Memory"},{"Worker Number": 1,"Sort Method": "quicksort","Sort Space Used": 262,"Sort Space Type": "Memory"}],"Plans": [{"Node Type": "Hash Join","Parent Relationship": "Outer","Parallel Aware": false,"Async Capable": false,"Join Type": "Inner","Startup Cost": 366.16,"Total Cost": 71418.15,"Plan Rows": 2455,"Plan Width": 252,"Actual Startup Time": 9.699,"Actual Total Time": 913.607,"Actual Rows": 1915,"Actual Loops": 3,"Inner Unique": false,"Hash Cond": "(lineitem.l_suppkey = supplier.s_suppkey)","Join Filter": "(((n1.n_name = 'UNITED STATES'::bpchar) AND (n2.n_name = 'IRAN'::bpchar)) OR ((n1.n_name = 'IRAN'::bpchar) AND (n2.n_name = 'UNITED STATES'::bpchar)))","Rows Removed by Join Filter": 1901,"Workers": [],"Plans": [{"Node Type": "Nested Loop","Parent Relationship": "Outer","Parallel Aware": false,"Async Capable": false,"Join Type": "Inner","Startup Cost": 2.26,"Total Cost": 70727.78,"Plan Rows": 60250,"Plan Width": 124,"Actual Startup Time": 0.629,"Actual Total Time": 898.686,"Actual Rows": 48382,"Actual Loops": 3,"Inner Unique": false,"Workers": [],"Plans": [{"Node Type": "Nested Loop","Parent Relationship": "Outer","Parallel Aware": false,"Async Capable": false,"Join Type": "Inner","Startup Cost": 1.83,"Total Cost": 12400.01,"Plan Rows": 49000,"Plan Width": 108,"Actual Startup Time": 0.338,"Actual Total Time": 226.201,"Actual Rows": 39865,"Actual Loops": 3,"Inner Unique": false,"Workers": [],"Plans": [{"Node Type": "Hash Join","Parent Relationship": "Outer","Parallel Aware": false,"Async Capable": false,"Join Type": "Inner","Startup Cost": 1.40,"Total Cost": 4403.27,"Plan Rows": 4900,"Plan Width": 108,"Actual Startup Time": 0.194,"Actual Total Time": 46.268,"Actual Rows": 3997,"Actual Loops": 3,"Inner Unique": true,"Hash Cond": "(customer.c_nationkey = n2.n_nationkey)","Workers": [],"Plans": [{"Node Type": "Seq Scan","Parent Relationship": "Outer","Parallel Aware": true,"Async Capable": false,"Relation Name": "customer","Alias": "customer","Startup Cost": 0.00,"Total Cost": 4210.00,"Plan Rows": 62500,"Plan Width": 8,"Actual Startup Time": 0.014,"Actual Total Time": 9.580,"Actual Rows": 50000,"Actual Loops": 3,"Workers": []},{"Node Type": "Hash","Parent Relationship": "Inner","Parallel Aware": false,"Async Capable": false,"Startup Cost": 1.38,"Total Cost": 1.38,"Plan Rows": 2,"Plan Width": 108,"Actual Startup Time": 0.082,"Actual Total Time": 0.088,"Actual Rows": 2,"Actual Loops": 3,"Hash Buckets": 1024,"Original Hash Buckets": 1024,"Hash Batches": 1,"Original Hash Batches": 1,"Peak Memory Usage": 9,"Workers": [],"Plans": [{"Node Type": "Seq Scan","Parent Relationship": "Outer","Parallel Aware": false,"Async Capable": false,"Relation Name": "nation","Alias": "n2","Startup Cost": 0.00,"Total Cost": 1.38,"Plan Rows": 2,"Plan Width": 108,"Actual Startup Time": 0.060,"Actual Total Time": 0.066,"Actual Rows": 2,"Actual Loops": 3,"Filter": "((n_name = 'IRAN'::bpchar) OR (n_name = 'UNITED STATES'::bpchar))","Rows Removed by Filter": 23,"Workers": []}]}]},{"Node Type": "Index Scan","Parent Relationship": "Inner","Parallel Aware": false,"Async Capable": false,"Scan Direction": "Forward","Index Name": "idx_orders_custkey","Relation Name": "orders","Alias": "orders","Startup Cost": 0.43,"Total Cost": 1.46,"Plan Rows": 17,"Plan Width": 8,"Actual Startup Time": 0.007,"Actual Total Time": 0.044,"Actual Rows": 10,"Actual Loops": 11992,"Index Cond": "(o_custkey = customer.c_custkey)","Rows Removed by Index Recheck": 0,"Workers": []}]},{"Node Type": "Index Scan","Parent Relationship": "Inner","Parallel Aware": false,"Async Capable": false,"Scan Direction": "Forward","Index Name": "idx_lineitem_orderkey","Relation Name": "lineitem","Alias": "lineitem","Startup Cost": 0.43,"Total Cost": 1.14,"Plan Rows": 5,"Plan Width": 24,"Actual Startup Time": 0.016,"Actual Total Time": 0.017,"Actual Rows": 1,"Actual Loops": 119596,"Index Cond": "(l_orderkey = orders.o_orderkey)","Rows Removed by Index Recheck": 0,"Filter": "((l_shipdate >= '1995-01-01'::date) AND (l_shipdate <= '1996-12-31'::date))","Rows Removed by Filter": 3,"Workers": []}]},{"Node Type": "Hash","Parent Relationship": "Inner","Parallel Aware": false,"Async Capable": false,"Startup Cost": 354.10,"Total Cost": 354.10,"Plan Rows": 784,"Plan Width": 108,"Actual Startup Time": 7.920,"Actual Total Time": 7.933,"Actual Rows": 786,"Actual Loops": 3,"Hash Buckets": 1024,"Original Hash Buckets": 1024,"Hash Batches": 1,"Original Hash Batches": 1,"Peak Memory Usage": 56,"Workers": [],"Plans": [{"Node Type": "Hash Join","Parent Relationship": "Outer","Parallel Aware": false,"Async Capable": false,"Join Type": "Inner","Startup Cost": 1.40,"Total Cost": 354.10,"Plan Rows": 784,"Plan Width": 108,"Actual Startup Time": 0.098,"Actual Total Time": 7.730,"Actual Rows": 786,"Actual Loops": 3,"Inner Unique": true,"Hash Cond": "(supplier.s_nationkey = n1.n_nationkey)","Workers": [],"Plans": [{"Node Type": "Seq Scan","Parent Relationship": "Outer","Parallel Aware": false,"Async Capable": false,"Relation Name": "supplier","Alias": "supplier","Startup Cost": 0.00,"Total Cost": 322.00,"Plan Rows": 10000,"Plan Width": 8,"Actual Startup Time": 0.042,"Actual Total Time": 4.213,"Actual Rows": 10000,"Actual Loops": 3,"Workers": []},{"Node Type": "Hash","Parent Relationship": "Inner","Parallel Aware": false,"Async Capable": false,"Startup Cost": 1.38,"Total Cost": 1.38,"Plan Rows": 2,"Plan Width": 108,"Actual Startup Time": 0.019,"Actual Total Time": 0.024,"Actual Rows": 2,"Actual Loops": 3,"Hash Buckets": 1024,"Original Hash Buckets": 1024,"Hash Batches": 1,"Original Hash Batches": 1,"Peak Memory Usage": 9,"Workers": [],"Plans": [{"Node Type": "Seq Scan","Parent Relationship": "Outer","Parallel Aware": false,"Async Capable": false,"Relation Name": "nation","Alias": "n1","Startup Cost": 0.00,"Total Cost": 1.38,"Plan Rows": 2,"Plan Width": 108,"Actual Startup Time": 0.007,"Actual Total Time": 0.013,"Actual Rows": 2,"Actual Loops": 3,"Filter": "((n_name = 'UNITED STATES'::bpchar) OR (n_name = 'IRAN'::bpchar))","Rows Removed by Filter": 23,"Workers": []}]}]}]}]}]}]}]}]},"Planning Time": 8.704,"Triggers": [],"Execution Time": 979.755}]
[{"Plan": {"Node Type": "Aggregate","Strategy": "Sorted","Partial Mode": "Finalize","Parallel Aware": false,"Async Capable": false,"Startup Cost": 72556.41,"Total Cost": 73352.71,"Plan Rows": 5893,"Plan Width": 272,"Actual Startup Time": 909.701,"Actual Total Time": 953.432,"Actual Rows": 4,"Actual Loops": 1,"Group Key": ["n1.n_name", "n2.n_name", "(EXTRACT(year FROM lineitem.l_shipdate))"],"Plans": [{"Node Type": "Gather Merge","Parent Relationship": "Outer","Parallel Aware": false,"Async Capable": false,"Startup Cost": 72556.41,"Total Cost": 73202.94,"Plan Rows": 4910,"Plan Width": 272,"Actual Startup Time": 909.411,"Actual Total Time": 953.336,"Actual Rows": 12,"Actual Loops": 1,"Workers Planned": 2,"Workers Launched": 2,"Plans": [{"Node Type": "Aggregate","Strategy": "Sorted","Partial Mode": "Partial","Parent Relationship": "Outer","Parallel Aware": false,"Async Capable": false,"Startup Cost": 71556.39,"Total Cost": 71636.18,"Plan Rows": 2455,"Plan Width": 272,"Actual Startup Time": 901.669,"Actual Total Time": 902.330,"Actual Rows": 4,"Actual Loops": 3,"Group Key": ["n1.n_name", "n2.n_name", "(EXTRACT(year FROM lineitem.l_shipdate))"],"Workers": [],"Plans": [{"Node Type": "Sort","Parent Relationship": "Outer","Parallel Aware": false,"Async Capable": false,"Startup Cost": 71556.39,"Total Cost": 71562.53,"Plan Rows": 2455,"Plan Width": 252,"Actual Startup Time": 901.415,"Actual Total Time": 901.521,"Actual Rows": 1868,"Actual Loops": 3,"Sort Key": ["n1.n_name", "n2.n_name", "(EXTRACT(year FROM lineitem.l_shipdate))"],"Sort Method": "quicksort","Sort Space Used": 263,"Sort Space Type": "Memory","Workers": [{"Worker Number": 0,"Sort Method": "quicksort","Sort Space Used": 245,"Sort Space Type": "Memory"},{"Worker Number": 1,"Sort Method": "quicksort","Sort Space Used": 251,"Sort Space Type": "Memory"}],"Plans": [{"Node Type": "Hash Join","Parent Relationship": "Outer","Parallel Aware": false,"Async Capable": false,"Join Type": "Inner","Startup Cost": 366.16,"Total Cost": 71418.15,"Plan Rows": 2455,"Plan Width": 252,"Actual Startup Time": 11.728,"Actual Total Time": 899.670,"Actual Rows": 1868,"Actual Loops": 3,"Inner Unique": false,"Hash Cond": "(lineitem.l_suppkey = supplier.s_suppkey)","Join Filter": "(((n1.n_name = 'SAUDI ARABIA'::bpchar) AND (n2.n_name = 'KENYA'::bpchar)) OR ((n1.n_name = 'KENYA'::bpchar) AND (n2.n_name = 'SAUDI ARABIA'::bpchar)))","Rows Removed by Join Filter": 1848,"Workers": [],"Plans": [{"Node Type": "Nested Loop","Parent Relationship": "Outer","Parallel Aware": false,"Async Capable": false,"Join Type": "Inner","Startup Cost": 2.26,"Total Cost": 70727.78,"Plan Rows": 60250,"Plan Width": 124,"Actual Startup Time": 0.684,"Actual Total Time": 882.556,"Actual Rows": 47572,"Actual Loops": 3,"Inner Unique": false,"Workers": [],"Plans": [{"Node Type": "Nested Loop","Parent Relationship": "Outer","Parallel Aware": false,"Async Capable": false,"Join Type": "Inner","Startup Cost": 1.83,"Total Cost": 12400.01,"Plan Rows": 49000,"Plan Width": 108,"Actual Startup Time": 0.351,"Actual Total Time": 220.325,"Actual Rows": 39131,"Actual Loops": 3,"Inner Unique": false,"Workers": [],"Plans": [{"Node Type": "Hash Join","Parent Relationship": "Outer","Parallel Aware": false,"Async Capable": false,"Join Type": "Inner","Startup Cost": 1.40,"Total Cost": 4403.27,"Plan Rows": 4900,"Plan Width": 108,"Actual Startup Time": 0.186,"Actual Total Time": 45.579,"Actual Rows": 3965,"Actual Loops": 3,"Inner Unique": true,"Hash Cond": "(customer.c_nationkey = n2.n_nationkey)","Workers": [],"Plans": [{"Node Type": "Seq Scan","Parent Relationship": "Outer","Parallel Aware": true,"Async Capable": false,"Relation Name": "customer","Alias": "customer","Startup Cost": 0.00,"Total Cost": 4210.00,"Plan Rows": 62500,"Plan Width": 8,"Actual Startup Time": 0.015,"Actual Total Time": 9.172,"Actual Rows": 50000,"Actual Loops": 3,"Workers": []},{"Node Type": "Hash","Parent Relationship": "Inner","Parallel Aware": false,"Async Capable": false,"Startup Cost": 1.38,"Total Cost": 1.38,"Plan Rows": 2,"Plan Width": 108,"Actual Startup Time": 0.067,"Actual Total Time": 0.075,"Actual Rows": 2,"Actual Loops": 3,"Hash Buckets": 1024,"Original Hash Buckets": 1024,"Hash Batches": 1,"Original Hash Batches": 1,"Peak Memory Usage": 9,"Workers": [],"Plans": [{"Node Type": "Seq Scan","Parent Relationship": "Outer","Parallel Aware": false,"Async Capable": false,"Relation Name": "nation","Alias": "n2","Startup Cost": 0.00,"Total Cost": 1.38,"Plan Rows": 2,"Plan Width": 108,"Actual Startup Time": 0.050,"Actual Total Time": 0.056,"Actual Rows": 2,"Actual Loops": 3,"Filter": "((n_name = 'KENYA'::bpchar) OR (n_name = 'SAUDI ARABIA'::bpchar))","Rows Removed by Filter": 23,"Workers": []}]}]},{"Node Type": "Index Scan","Parent Relationship": "Inner","Parallel Aware": false,"Async Capable": false,"Scan Direction": "Forward","Index Name": "idx_orders_custkey","Relation Name": "orders","Alias": "orders","Startup Cost": 0.43,"Total Cost": 1.46,"Plan Rows": 17,"Plan Width": 8,"Actual Startup Time": 0.007,"Actual Total Time": 0.043,"Actual Rows": 10,"Actual Loops": 11896,"Index Cond": "(o_custkey = customer.c_custkey)","Rows Removed by Index Recheck": 0,"Workers": []}]},{"Node Type": "Index Scan","Parent Relationship": "Inner","Parallel Aware": false,"Async Capable": false,"Scan Direction": "Forward","Index Name": "idx_lineitem_orderkey","Relation Name": "lineitem","Alias": "lineitem","Startup Cost": 0.43,"Total Cost": 1.14,"Plan Rows": 5,"Plan Width": 24,"Actual Startup Time": 0.016,"Actual Total Time": 0.017,"Actual Rows": 1,"Actual Loops": 117393,"Index Cond": "(l_orderkey = orders.o_orderkey)","Rows Removed by Index Recheck": 0,"Filter": "((l_shipdate >= '1995-01-01'::date) AND (l_shipdate <= '1996-12-31'::date))","Rows Removed by Filter": 3,"Workers": []}]},{"Node Type": "Hash","Parent Relationship": "Inner","Parallel Aware": false,"Async Capable": false,"Startup Cost": 354.10,"Total Cost": 354.10,"Plan Rows": 784,"Plan Width": 108,"Actual Startup Time": 10.285,"Actual Total Time": 10.300,"Actual Rows": 787,"Actual Loops": 3,"Hash Buckets": 1024,"Original Hash Buckets": 1024,"Hash Batches": 1,"Original Hash Batches": 1,"Peak Memory Usage": 56,"Workers": [],"Plans": [{"Node Type": "Hash Join","Parent Relationship": "Outer","Parallel Aware": false,"Async Capable": false,"Join Type": "Inner","Startup Cost": 1.40,"Total Cost": 354.10,"Plan Rows": 784,"Plan Width": 108,"Actual Startup Time": 0.093,"Actual Total Time": 10.097,"Actual Rows": 787,"Actual Loops": 3,"Inner Unique": true,"Hash Cond": "(supplier.s_nationkey = n1.n_nationkey)","Workers": [],"Plans": [{"Node Type": "Seq Scan","Parent Relationship": "Outer","Parallel Aware": false,"Async Capable": false,"Relation Name": "supplier","Alias": "supplier","Startup Cost": 0.00,"Total Cost": 322.00,"Plan Rows": 10000,"Plan Width": 8,"Actual Startup Time": 0.027,"Actual Total Time": 4.267,"Actual Rows": 10000,"Actual Loops": 3,"Workers": []},{"Node Type": "Hash","Parent Relationship": "Inner","Parallel Aware": false,"Async Capable": false,"Startup Cost": 1.38,"Total Cost": 1.38,"Plan Rows": 2,"Plan Width": 108,"Actual Startup Time": 0.015,"Actual Total Time": 0.020,"Actual Rows": 2,"Actual Loops": 3,"Hash Buckets": 1024,"Original Hash Buckets": 1024,"Hash Batches": 1,"Original Hash Batches": 1,"Peak Memory Usage": 9,"Workers": [],"Plans": [{"Node Type": "Seq Scan","Parent Relationship": "Outer","Parallel Aware": false,"Async Capable": false,"Relation Name": "nation","Alias": "n1","Startup Cost": 0.00,"Total Cost": 1.38,"Plan Rows": 2,"Plan Width": 108,"Actual Startup Time": 0.007,"Actual Total Time": 0.011,"Actual Rows": 2,"Actual Loops": 3,"Filter": "((n_name = 'SAUDI ARABIA'::bpchar) OR (n_name = 'KENYA'::bpchar))","Rows Removed by Filter": 23,"Workers": []}]}]}]}]}]}]}]}]},"Planning Time": 9.628,"Triggers": [],"Execution Time": 953.874}]
[{"Plan": {"Node Type": "Aggregate","Strategy": "Sorted","Partial Mode": "Finalize","Parallel Aware": false,"Async Capable": false,"Startup Cost": 72556.41,"Total Cost": 73352.71,"Plan Rows": 5893,"Plan Width": 272,"Actual Startup Time": 931.924,"Actual Total Time": 976.742,"Actual Rows": 4,"Actual Loops": 1,"Group Key": ["n1.n_name", "n2.n_name", "(EXTRACT(year FROM lineitem.l_shipdate))"],"Plans": [{"Node Type": "Gather Merge","Parent Relationship": "Outer","Parallel Aware": false,"Async Capable": false,"Startup Cost": 72556.41,"Total Cost": 73202.94,"Plan Rows": 4910,"Plan Width": 272,"Actual Startup Time": 931.568,"Actual Total Time": 976.669,"Actual Rows": 12,"Actual Loops": 1,"Workers Planned": 2,"Workers Launched": 2,"Plans": [{"Node Type": "Aggregate","Strategy": "Sorted","Partial Mode": "Partial","Parent Relationship": "Outer","Parallel Aware": false,"Async Capable": false,"Startup Cost": 71556.39,"Total Cost": 71636.18,"Plan Rows": 2455,"Plan Width": 272,"Actual Startup Time": 924.001,"Actual Total Time": 924.721,"Actual Rows": 4,"Actual Loops": 3,"Group Key": ["n1.n_name", "n2.n_name", "(EXTRACT(year FROM lineitem.l_shipdate))"],"Workers": [],"Plans": [{"Node Type": "Sort","Parent Relationship": "Outer","Parallel Aware": false,"Async Capable": false,"Startup Cost": 71556.39,"Total Cost": 71562.53,"Plan Rows": 2455,"Plan Width": 252,"Actual Startup Time": 923.732,"Actual Total Time": 923.838,"Actual Rows": 1995,"Actual Loops": 3,"Sort Key": ["n1.n_name", "n2.n_name", "(EXTRACT(year FROM lineitem.l_shipdate))"],"Sort Method": "quicksort","Sort Space Used": 262,"Sort Space Type": "Memory","Workers": [{"Worker Number": 0,"Sort Method": "quicksort","Sort Space Used": 268,"Sort Space Type": "Memory"},{"Worker Number": 1,"Sort Method": "quicksort","Sort Space Used": 270,"Sort Space Type": "Memory"}],"Plans": [{"Node Type": "Hash Join","Parent Relationship": "Outer","Parallel Aware": false,"Async Capable": false,"Join Type": "Inner","Startup Cost": 366.16,"Total Cost": 71418.15,"Plan Rows": 2455,"Plan Width": 252,"Actual Startup Time": 10.289,"Actual Total Time": 921.980,"Actual Rows": 1995,"Actual Loops": 3,"Inner Unique": false,"Hash Cond": "(lineitem.l_suppkey = supplier.s_suppkey)","Join Filter": "(((n1.n_name = 'ARGENTINA'::bpchar) AND (n2.n_name = 'INDONESIA'::bpchar)) OR ((n1.n_name = 'INDONESIA'::bpchar) AND (n2.n_name = 'ARGENTINA'::bpchar)))","Rows Removed by Join Filter": 2009,"Workers": [],"Plans": [{"Node Type": "Nested Loop","Parent Relationship": "Outer","Parallel Aware": false,"Async Capable": false,"Join Type": "Inner","Startup Cost": 2.26,"Total Cost": 70727.78,"Plan Rows": 60250,"Plan Width": 124,"Actual Startup Time": 0.678,"Actual Total Time": 905.758,"Actual Rows": 49417,"Actual Loops": 3,"Inner Unique": false,"Workers": [],"Plans": [{"Node Type": "Nested Loop","Parent Relationship": "Outer","Parallel Aware": false,"Async Capable": false,"Join Type": "Inner","Startup Cost": 1.83,"Total Cost": 12400.01,"Plan Rows": 49000,"Plan Width": 108,"Actual Startup Time": 0.303,"Actual Total Time": 227.033,"Actual Rows": 40308,"Actual Loops": 3,"Inner Unique": false,"Workers": [],"Plans": [{"Node Type": "Hash Join","Parent Relationship": "Outer","Parallel Aware": false,"Async Capable": false,"Join Type": "Inner","Startup Cost": 1.40,"Total Cost": 4403.27,"Plan Rows": 4900,"Plan Width": 108,"Actual Startup Time": 0.188,"Actual Total Time": 46.460,"Actual Rows": 4045,"Actual Loops": 3,"Inner Unique": true,"Hash Cond": "(customer.c_nationkey = n2.n_nationkey)","Workers": [],"Plans": [{"Node Type": "Seq Scan","Parent Relationship": "Outer","Parallel Aware": true,"Async Capable": false,"Relation Name": "customer","Alias": "customer","Startup Cost": 0.00,"Total Cost": 4210.00,"Plan Rows": 62500,"Plan Width": 8,"Actual Startup Time": 0.022,"Actual Total Time": 9.619,"Actual Rows": 50000,"Actual Loops": 3,"Workers": []},{"Node Type": "Hash","Parent Relationship": "Inner","Parallel Aware": false,"Async Capable": false,"Startup Cost": 1.38,"Total Cost": 1.38,"Plan Rows": 2,"Plan Width": 108,"Actual Startup Time": 0.079,"Actual Total Time": 0.085,"Actual Rows": 2,"Actual Loops": 3,"Hash Buckets": 1024,"Original Hash Buckets": 1024,"Hash Batches": 1,"Original Hash Batches": 1,"Peak Memory Usage": 9,"Workers": [],"Plans": [{"Node Type": "Seq Scan","Parent Relationship": "Outer","Parallel Aware": false,"Async Capable": false,"Relation Name": "nation","Alias": "n2","Startup Cost": 0.00,"Total Cost": 1.38,"Plan Rows": 2,"Plan Width": 108,"Actual Startup Time": 0.057,"Actual Total Time": 0.067,"Actual Rows": 2,"Actual Loops": 3,"Filter": "((n_name = 'INDONESIA'::bpchar) OR (n_name = 'ARGENTINA'::bpchar))","Rows Removed by Filter": 23,"Workers": []}]}]},{"Node Type": "Index Scan","Parent Relationship": "Inner","Parallel Aware": false,"Async Capable": false,"Scan Direction": "Forward","Index Name": "idx_orders_custkey","Relation Name": "orders","Alias": "orders","Startup Cost": 0.43,"Total Cost": 1.46,"Plan Rows": 17,"Plan Width": 8,"Actual Startup Time": 0.007,"Actual Total Time": 0.043,"Actual Rows": 10,"Actual Loops": 12136,"Index Cond": "(o_custkey = customer.c_custkey)","Rows Removed by Index Recheck": 0,"Workers": []}]},{"Node Type": "Index Scan","Parent Relationship": "Inner","Parallel Aware": false,"Async Capable": false,"Scan Direction": "Forward","Index Name": "idx_lineitem_orderkey","Relation Name": "lineitem","Alias": "lineitem","Startup Cost": 0.43,"Total Cost": 1.14,"Plan Rows": 5,"Plan Width": 24,"Actual Startup Time": 0.016,"Actual Total Time": 0.017,"Actual Rows": 1,"Actual Loops": 120924,"Index Cond": "(l_orderkey = orders.o_orderkey)","Rows Removed by Index Recheck": 0,"Filter": "((l_shipdate >= '1995-01-01'::date) AND (l_shipdate <= '1996-12-31'::date))","Rows Removed by Filter": 3,"Workers": []}]},{"Node Type": "Hash","Parent Relationship": "Inner","Parallel Aware": false,"Async Capable": false,"Startup Cost": 354.10,"Total Cost": 354.10,"Plan Rows": 784,"Plan Width": 108,"Actual Startup Time": 8.921,"Actual Total Time": 8.936,"Actual Rows": 818,"Actual Loops": 3,"Hash Buckets": 1024,"Original Hash Buckets": 1024,"Hash Batches": 1,"Original Hash Batches": 1,"Peak Memory Usage": 58,"Workers": [],"Plans": [{"Node Type": "Hash Join","Parent Relationship": "Outer","Parallel Aware": false,"Async Capable": false,"Join Type": "Inner","Startup Cost": 1.40,"Total Cost": 354.10,"Plan Rows": 784,"Plan Width": 108,"Actual Startup Time": 0.090,"Actual Total Time": 8.741,"Actual Rows": 818,"Actual Loops": 3,"Inner Unique": true,"Hash Cond": "(supplier.s_nationkey = n1.n_nationkey)","Workers": [],"Plans": [{"Node Type": "Seq Scan","Parent Relationship": "Outer","Parallel Aware": false,"Async Capable": false,"Relation Name": "supplier","Alias": "supplier","Startup Cost": 0.00,"Total Cost": 322.00,"Plan Rows": 10000,"Plan Width": 8,"Actual Startup Time": 0.037,"Actual Total Time": 3.951,"Actual Rows": 10000,"Actual Loops": 3,"Workers": []},{"Node Type": "Hash","Parent Relationship": "Inner","Parallel Aware": false,"Async Capable": false,"Startup Cost": 1.38,"Total Cost": 1.38,"Plan Rows": 2,"Plan Width": 108,"Actual Startup Time": 0.020,"Actual Total Time": 0.025,"Actual Rows": 2,"Actual Loops": 3,"Hash Buckets": 1024,"Original Hash Buckets": 1024,"Hash Batches": 1,"Original Hash Batches": 1,"Peak Memory Usage": 9,"Workers": [],"Plans": [{"Node Type": "Seq Scan","Parent Relationship": "Outer","Parallel Aware": false,"Async Capable": false,"Relation Name": "nation","Alias": "n1","Startup Cost": 0.00,"Total Cost": 1.38,"Plan Rows": 2,"Plan Width": 108,"Actual Startup Time": 0.006,"Actual Total Time": 0.013,"Actual Rows": 2,"Actual Loops": 3,"Filter": "((n_name = 'ARGENTINA'::bpchar) OR (n_name = 'INDONESIA'::bpchar))","Rows Removed by Filter": 23,"Workers": []}]}]}]}]}]}]}]}]},"Planning Time": 8.095,"Triggers": [],"Execution Time": 977.279}]
[{"Plan": {"Node Type": "Aggregate","Strategy": "Sorted","Partial Mode": "Finalize","Parallel Aware": false,"Async Capable": false,"Startup Cost": 72556.41,"Total Cost": 73352.71,"Plan Rows": 5893,"Plan Width": 272,"Actual Startup Time": 921.606,"Actual Total Time": 974.153,"Actual Rows": 4,"Actual Loops": 1,"Group Key": ["n1.n_name", "n2.n_name", "(EXTRACT(year FROM lineitem.l_shipdate))"],"Plans": [{"Node Type": "Gather Merge","Parent Relationship": "Outer","Parallel Aware": false,"Async Capable": false,"Startup Cost": 72556.41,"Total Cost": 73202.94,"Plan Rows": 4910,"Plan Width": 272,"Actual Startup Time": 920.955,"Actual Total Time": 974.092,"Actual Rows": 12,"Actual Loops": 1,"Workers Planned": 2,"Workers Launched": 2,"Plans": [{"Node Type": "Aggregate","Strategy": "Sorted","Partial Mode": "Partial","Parent Relationship": "Outer","Parallel Aware": false,"Async Capable": false,"Startup Cost": 71556.39,"Total Cost": 71636.18,"Plan Rows": 2455,"Plan Width": 272,"Actual Startup Time": 912.579,"Actual Total Time": 913.380,"Actual Rows": 4,"Actual Loops": 3,"Group Key": ["n1.n_name", "n2.n_name", "(EXTRACT(year FROM lineitem.l_shipdate))"],"Workers": [],"Plans": [{"Node Type": "Sort","Parent Relationship": "Outer","Parallel Aware": false,"Async Capable": false,"Startup Cost": 71556.39,"Total Cost": 71562.53,"Plan Rows": 2455,"Plan Width": 252,"Actual Startup Time": 912.320,"Actual Total Time": 912.442,"Actual Rows": 1990,"Actual Loops": 3,"Sort Key": ["n1.n_name", "n2.n_name", "(EXTRACT(year FROM lineitem.l_shipdate))"],"Sort Method": "quicksort","Sort Space Used": 322,"Sort Space Type": "Memory","Workers": [{"Worker Number": 0,"Sort Method": "quicksort","Sort Space Used": 259,"Sort Space Type": "Memory"},{"Worker Number": 1,"Sort Method": "quicksort","Sort Space Used": 265,"Sort Space Type": "Memory"}],"Plans": [{"Node Type": "Hash Join","Parent Relationship": "Outer","Parallel Aware": false,"Async Capable": false,"Join Type": "Inner","Startup Cost": 366.16,"Total Cost": 71418.15,"Plan Rows": 2455,"Plan Width": 252,"Actual Startup Time": 9.810,"Actual Total Time": 910.387,"Actual Rows": 1990,"Actual Loops": 3,"Inner Unique": false,"Hash Cond": "(lineitem.l_suppkey = supplier.s_suppkey)","Join Filter": "(((n1.n_name = 'UNITED STATES'::bpchar) AND (n2.n_name = 'EGYPT'::bpchar)) OR ((n1.n_name = 'EGYPT'::bpchar) AND (n2.n_name = 'UNITED STATES'::bpchar)))","Rows Removed by Join Filter": 1975,"Workers": [],"Plans": [{"Node Type": "Nested Loop","Parent Relationship": "Outer","Parallel Aware": false,"Async Capable": false,"Join Type": "Inner","Startup Cost": 2.26,"Total Cost": 70727.78,"Plan Rows": 60250,"Plan Width": 124,"Actual Startup Time": 1.011,"Actual Total Time": 895.269,"Actual Rows": 48457,"Actual Loops": 3,"Inner Unique": false,"Workers": [],"Plans": [{"Node Type": "Nested Loop","Parent Relationship": "Outer","Parallel Aware": false,"Async Capable": false,"Join Type": "Inner","Startup Cost": 1.83,"Total Cost": 12400.01,"Plan Rows": 49000,"Plan Width": 108,"Actual Startup Time": 0.359,"Actual Total Time": 224.915,"Actual Rows": 39677,"Actual Loops": 3,"Inner Unique": false,"Workers": [],"Plans": [{"Node Type": "Hash Join","Parent Relationship": "Outer","Parallel Aware": false,"Async Capable": false,"Join Type": "Inner","Startup Cost": 1.40,"Total Cost": 4403.27,"Plan Rows": 4900,"Plan Width": 108,"Actual Startup Time": 0.203,"Actual Total Time": 46.097,"Actual Rows": 3993,"Actual Loops": 3,"Inner Unique": true,"Hash Cond": "(customer.c_nationkey = n2.n_nationkey)","Workers": [],"Plans": [{"Node Type": "Seq Scan","Parent Relationship": "Outer","Parallel Aware": true,"Async Capable": false,"Relation Name": "customer","Alias": "customer","Startup Cost": 0.00,"Total Cost": 4210.00,"Plan Rows": 62500,"Plan Width": 8,"Actual Startup Time": 0.015,"Actual Total Time": 9.523,"Actual Rows": 50000,"Actual Loops": 3,"Workers": []},{"Node Type": "Hash","Parent Relationship": "Inner","Parallel Aware": false,"Async Capable": false,"Startup Cost": 1.38,"Total Cost": 1.38,"Plan Rows": 2,"Plan Width": 108,"Actual Startup Time": 0.091,"Actual Total Time": 0.096,"Actual Rows": 2,"Actual Loops": 3,"Hash Buckets": 1024,"Original Hash Buckets": 1024,"Hash Batches": 1,"Original Hash Batches": 1,"Peak Memory Usage": 9,"Workers": [],"Plans": [{"Node Type": "Seq Scan","Parent Relationship": "Outer","Parallel Aware": false,"Async Capable": false,"Relation Name": "nation","Alias": "n2","Startup Cost": 0.00,"Total Cost": 1.38,"Plan Rows": 2,"Plan Width": 108,"Actual Startup Time": 0.070,"Actual Total Time": 0.078,"Actual Rows": 2,"Actual Loops": 3,"Filter": "((n_name = 'EGYPT'::bpchar) OR (n_name = 'UNITED STATES'::bpchar))","Rows Removed by Filter": 23,"Workers": []}]}]},{"Node Type": "Index Scan","Parent Relationship": "Inner","Parallel Aware": false,"Async Capable": false,"Scan Direction": "Forward","Index Name": "idx_orders_custkey","Relation Name": "orders","Alias": "orders","Startup Cost": 0.43,"Total Cost": 1.46,"Plan Rows": 17,"Plan Width": 8,"Actual Startup Time": 0.007,"Actual Total Time": 0.044,"Actual Rows": 10,"Actual Loops": 11978,"Index Cond": "(o_custkey = customer.c_custkey)","Rows Removed by Index Recheck": 0,"Workers": []}]},{"Node Type": "Index Scan","Parent Relationship": "Inner","Parallel Aware": false,"Async Capable": false,"Scan Direction": "Forward","Index Name": "idx_lineitem_orderkey","Relation Name": "lineitem","Alias": "lineitem","Startup Cost": 0.43,"Total Cost": 1.14,"Plan Rows": 5,"Plan Width": 24,"Actual Startup Time": 0.016,"Actual Total Time": 0.017,"Actual Rows": 1,"Actual Loops": 119032,"Index Cond": "(l_orderkey = orders.o_orderkey)","Rows Removed by Index Recheck": 0,"Filter": "((l_shipdate >= '1995-01-01'::date) AND (l_shipdate <= '1996-12-31'::date))","Rows Removed by Filter": 3,"Workers": []}]},{"Node Type": "Hash","Parent Relationship": "Inner","Parallel Aware": false,"Async Capable": false,"Startup Cost": 354.10,"Total Cost": 354.10,"Plan Rows": 784,"Plan Width": 108,"Actual Startup Time": 7.545,"Actual Total Time": 7.560,"Actual Rows": 808,"Actual Loops": 3,"Hash Buckets": 1024,"Original Hash Buckets": 1024,"Hash Batches": 1,"Original Hash Batches": 1,"Peak Memory Usage": 57,"Workers": [],"Plans": [{"Node Type": "Hash Join","Parent Relationship": "Outer","Parallel Aware": false,"Async Capable": false,"Join Type": "Inner","Startup Cost": 1.40,"Total Cost": 354.10,"Plan Rows": 784,"Plan Width": 108,"Actual Startup Time": 0.098,"Actual Total Time": 7.351,"Actual Rows": 808,"Actual Loops": 3,"Inner Unique": true,"Hash Cond": "(supplier.s_nationkey = n1.n_nationkey)","Workers": [],"Plans": [{"Node Type": "Seq Scan","Parent Relationship": "Outer","Parallel Aware": false,"Async Capable": false,"Relation Name": "supplier","Alias": "supplier","Startup Cost": 0.00,"Total Cost": 322.00,"Plan Rows": 10000,"Plan Width": 8,"Actual Startup Time": 0.039,"Actual Total Time": 3.882,"Actual Rows": 10000,"Actual Loops": 3,"Workers": []},{"Node Type": "Hash","Parent Relationship": "Inner","Parallel Aware": false,"Async Capable": false,"Startup Cost": 1.38,"Total Cost": 1.38,"Plan Rows": 2,"Plan Width": 108,"Actual Startup Time": 0.019,"Actual Total Time": 0.026,"Actual Rows": 2,"Actual Loops": 3,"Hash Buckets": 1024,"Original Hash Buckets": 1024,"Hash Batches": 1,"Original Hash Batches": 1,"Peak Memory Usage": 9,"Workers": [],"Plans": [{"Node Type": "Seq Scan","Parent Relationship": "Outer","Parallel Aware": false,"Async Capable": false,"Relation Name": "nation","Alias": "n1","Startup Cost": 0.00,"Total Cost": 1.38,"Plan Rows": 2,"Plan Width": 108,"Actual Startup Time": 0.006,"Actual Total Time": 0.013,"Actual Rows": 2,"Actual Loops": 3,"Filter": "((n_name = 'UNITED STATES'::bpchar) OR (n_name = 'EGYPT'::bpchar))","Rows Removed by Filter": 23,"Workers": []}]}]}]}]}]}]}]}]},"Planning Time": 9.585,"Triggers": [],"Execution Time": 974.632}]
[{"Plan": {"Node Type": "Aggregate","Strategy": "Sorted","Partial Mode": "Finalize","Parallel Aware": false,"Async Capable": false,"Startup Cost": 72556.41,"Total Cost": 73352.71,"Plan Rows": 5893,"Plan Width": 272,"Actual Startup Time": 924.208,"Actual Total Time": 969.150,"Actual Rows": 4,"Actual Loops": 1,"Group Key": ["n1.n_name", "n2.n_name", "(EXTRACT(year FROM lineitem.l_shipdate))"],"Plans": [{"Node Type": "Gather Merge","Parent Relationship": "Outer","Parallel Aware": false,"Async Capable": false,"Startup Cost": 72556.41,"Total Cost": 73202.94,"Plan Rows": 4910,"Plan Width": 272,"Actual Startup Time": 923.944,"Actual Total Time": 969.075,"Actual Rows": 12,"Actual Loops": 1,"Workers Planned": 2,"Workers Launched": 2,"Plans": [{"Node Type": "Aggregate","Strategy": "Sorted","Partial Mode": "Partial","Parent Relationship": "Outer","Parallel Aware": false,"Async Capable": false,"Startup Cost": 71556.39,"Total Cost": 71636.18,"Plan Rows": 2455,"Plan Width": 272,"Actual Startup Time": 915.787,"Actual Total Time": 916.453,"Actual Rows": 4,"Actual Loops": 3,"Group Key": ["n1.n_name", "n2.n_name", "(EXTRACT(year FROM lineitem.l_shipdate))"],"Workers": [],"Plans": [{"Node Type": "Sort","Parent Relationship": "Outer","Parallel Aware": false,"Async Capable": false,"Startup Cost": 71556.39,"Total Cost": 71562.53,"Plan Rows": 2455,"Plan Width": 252,"Actual Startup Time": 915.521,"Actual Total Time": 915.623,"Actual Rows": 1907,"Actual Loops": 3,"Sort Key": ["n1.n_name", "n2.n_name", "(EXTRACT(year FROM lineitem.l_shipdate))"],"Sort Method": "quicksort","Sort Space Used": 258,"Sort Space Type": "Memory","Workers": [{"Worker Number": 0,"Sort Method": "quicksort","Sort Space Used": 258,"Sort Space Type": "Memory"},{"Worker Number": 1,"Sort Method": "quicksort","Sort Space Used": 255,"Sort Space Type": "Memory"}],"Plans": [{"Node Type": "Hash Join","Parent Relationship": "Outer","Parallel Aware": false,"Async Capable": false,"Join Type": "Inner","Startup Cost": 366.16,"Total Cost": 71418.15,"Plan Rows": 2455,"Plan Width": 252,"Actual Startup Time": 10.701,"Actual Total Time": 913.731,"Actual Rows": 1907,"Actual Loops": 3,"Inner Unique": false,"Hash Cond": "(lineitem.l_suppkey = supplier.s_suppkey)","Join Filter": "(((n1.n_name = 'ETHIOPIA'::bpchar) AND (n2.n_name = 'UNITED STATES'::bpchar)) OR ((n1.n_name = 'UNITED STATES'::bpchar) AND (n2.n_name = 'ETHIOPIA'::bpchar)))","Rows Removed by Join Filter": 1916,"Workers": [],"Plans": [{"Node Type": "Nested Loop","Parent Relationship": "Outer","Parallel Aware": false,"Async Capable": false,"Join Type": "Inner","Startup Cost": 2.26,"Total Cost": 70727.78,"Plan Rows": 60250,"Plan Width": 124,"Actual Startup Time": 0.537,"Actual Total Time": 897.610,"Actual Rows": 48640,"Actual Loops": 3,"Inner Unique": false,"Workers": [],"Plans": [{"Node Type": "Nested Loop","Parent Relationship": "Outer","Parallel Aware": false,"Async Capable": false,"Join Type": "Inner","Startup Cost": 1.83,"Total Cost": 12400.01,"Plan Rows": 49000,"Plan Width": 108,"Actual Startup Time": 0.297,"Actual Total Time": 225.611,"Actual Rows": 39876,"Actual Loops": 3,"Inner Unique": false,"Workers": [],"Plans": [{"Node Type": "Hash Join","Parent Relationship": "Outer","Parallel Aware": false,"Async Capable": false,"Join Type": "Inner","Startup Cost": 1.40,"Total Cost": 4403.27,"Plan Rows": 4900,"Plan Width": 108,"Actual Startup Time": 0.174,"Actual Total Time": 46.988,"Actual Rows": 3978,"Actual Loops": 3,"Inner Unique": true,"Hash Cond": "(customer.c_nationkey = n2.n_nationkey)","Workers": [],"Plans": [{"Node Type": "Seq Scan","Parent Relationship": "Outer","Parallel Aware": true,"Async Capable": false,"Relation Name": "customer","Alias": "customer","Startup Cost": 0.00,"Total Cost": 4210.00,"Plan Rows": 62500,"Plan Width": 8,"Actual Startup Time": 0.012,"Actual Total Time": 9.617,"Actual Rows": 50000,"Actual Loops": 3,"Workers": []},{"Node Type": "Hash","Parent Relationship": "Inner","Parallel Aware": false,"Async Capable": false,"Startup Cost": 1.38,"Total Cost": 1.38,"Plan Rows": 2,"Plan Width": 108,"Actual Startup Time": 0.065,"Actual Total Time": 0.071,"Actual Rows": 2,"Actual Loops": 3,"Hash Buckets": 1024,"Original Hash Buckets": 1024,"Hash Batches": 1,"Original Hash Batches": 1,"Peak Memory Usage": 9,"Workers": [],"Plans": [{"Node Type": "Seq Scan","Parent Relationship": "Outer","Parallel Aware": false,"Async Capable": false,"Relation Name": "nation","Alias": "n2","Startup Cost": 0.00,"Total Cost": 1.38,"Plan Rows": 2,"Plan Width": 108,"Actual Startup Time": 0.048,"Actual Total Time": 0.055,"Actual Rows": 2,"Actual Loops": 3,"Filter": "((n_name = 'UNITED STATES'::bpchar) OR (n_name = 'ETHIOPIA'::bpchar))","Rows Removed by Filter": 23,"Workers": []}]}]},{"Node Type": "Index Scan","Parent Relationship": "Inner","Parallel Aware": false,"Async Capable": false,"Scan Direction": "Forward","Index Name": "idx_orders_custkey","Relation Name": "orders","Alias": "orders","Startup Cost": 0.43,"Total Cost": 1.46,"Plan Rows": 17,"Plan Width": 8,"Actual Startup Time": 0.007,"Actual Total Time": 0.044,"Actual Rows": 10,"Actual Loops": 11935,"Index Cond": "(o_custkey = customer.c_custkey)","Rows Removed by Index Recheck": 0,"Workers": []}]},{"Node Type": "Index Scan","Parent Relationship": "Inner","Parallel Aware": false,"Async Capable": false,"Scan Direction": "Forward","Index Name": "idx_lineitem_orderkey","Relation Name": "lineitem","Alias": "lineitem","Startup Cost": 0.43,"Total Cost": 1.14,"Plan Rows": 5,"Plan Width": 24,"Actual Startup Time": 0.016,"Actual Total Time": 0.017,"Actual Rows": 1,"Actual Loops": 119627,"Index Cond": "(l_orderkey = orders.o_orderkey)","Rows Removed by Index Recheck": 0,"Filter": "((l_shipdate >= '1995-01-01'::date) AND (l_shipdate <= '1996-12-31'::date))","Rows Removed by Filter": 3,"Workers": []}]},{"Node Type": "Hash","Parent Relationship": "Inner","Parallel Aware": false,"Async Capable": false,"Startup Cost": 354.10,"Total Cost": 354.10,"Plan Rows": 784,"Plan Width": 108,"Actual Startup Time": 9.140,"Actual Total Time": 9.153,"Actual Rows": 773,"Actual Loops": 3,"Hash Buckets": 1024,"Original Hash Buckets": 1024,"Hash Batches": 1,"Original Hash Batches": 1,"Peak Memory Usage": 55,"Workers": [],"Plans": [{"Node Type": "Hash Join","Parent Relationship": "Outer","Parallel Aware": false,"Async Capable": false,"Join Type": "Inner","Startup Cost": 1.40,"Total Cost": 354.10,"Plan Rows": 784,"Plan Width": 108,"Actual Startup Time": 0.078,"Actual Total Time": 8.947,"Actual Rows": 773,"Actual Loops": 3,"Inner Unique": true,"Hash Cond": "(supplier.s_nationkey = n1.n_nationkey)","Workers": [],"Plans": [{"Node Type": "Seq Scan","Parent Relationship": "Outer","Parallel Aware": false,"Async Capable": false,"Relation Name": "supplier","Alias": "supplier","Startup Cost": 0.00,"Total Cost": 322.00,"Plan Rows": 10000,"Plan Width": 8,"Actual Startup Time": 0.029,"Actual Total Time": 3.943,"Actual Rows": 10000,"Actual Loops": 3,"Workers": []},{"Node Type": "Hash","Parent Relationship": "Inner","Parallel Aware": false,"Async Capable": false,"Startup Cost": 1.38,"Total Cost": 1.38,"Plan Rows": 2,"Plan Width": 108,"Actual Startup Time": 0.015,"Actual Total Time": 0.019,"Actual Rows": 2,"Actual Loops": 3,"Hash Buckets": 1024,"Original Hash Buckets": 1024,"Hash Batches": 1,"Original Hash Batches": 1,"Peak Memory Usage": 9,"Workers": [],"Plans": [{"Node Type": "Seq Scan","Parent Relationship": "Outer","Parallel Aware": false,"Async Capable": false,"Relation Name": "nation","Alias": "n1","Startup Cost": 0.00,"Total Cost": 1.38,"Plan Rows": 2,"Plan Width": 108,"Actual Startup Time": 0.005,"Actual Total Time": 0.010,"Actual Rows": 2,"Actual Loops": 3,"Filter": "((n_name = 'ETHIOPIA'::bpchar) OR (n_name = 'UNITED STATES'::bpchar))","Rows Removed by Filter": 23,"Workers": []}]}]}]}]}]}]}]}]},"Planning Time": 9.391,"Triggers": [],"Execution Time": 969.719}]
[{"Plan": {"Node Type": "Aggregate","Strategy": "Sorted","Partial Mode": "Finalize","Parallel Aware": false,"Async Capable": false,"Startup Cost": 72556.41,"Total Cost": 73352.71,"Plan Rows": 5893,"Plan Width": 272,"Actual Startup Time": 929.728,"Actual Total Time": 983.355,"Actual Rows": 4,"Actual Loops": 1,"Group Key": ["n1.n_name", "n2.n_name", "(EXTRACT(year FROM lineitem.l_shipdate))"],"Plans": [{"Node Type": "Gather Merge","Parent Relationship": "Outer","Parallel Aware": false,"Async Capable": false,"Startup Cost": 72556.41,"Total Cost": 73202.94,"Plan Rows": 4910,"Plan Width": 272,"Actual Startup Time": 929.116,"Actual Total Time": 983.268,"Actual Rows": 12,"Actual Loops": 1,"Workers Planned": 2,"Workers Launched": 2,"Plans": [{"Node Type": "Aggregate","Strategy": "Sorted","Partial Mode": "Partial","Parent Relationship": "Outer","Parallel Aware": false,"Async Capable": false,"Startup Cost": 71556.39,"Total Cost": 71636.18,"Plan Rows": 2455,"Plan Width": 272,"Actual Startup Time": 920.539,"Actual Total Time": 921.361,"Actual Rows": 4,"Actual Loops": 3,"Group Key": ["n1.n_name", "n2.n_name", "(EXTRACT(year FROM lineitem.l_shipdate))"],"Workers": [],"Plans": [{"Node Type": "Sort","Parent Relationship": "Outer","Parallel Aware": false,"Async Capable": false,"Startup Cost": 71556.39,"Total Cost": 71562.53,"Plan Rows": 2455,"Plan Width": 252,"Actual Startup Time": 920.271,"Actual Total Time": 920.397,"Actual Rows": 2025,"Actual Loops": 3,"Sort Key": ["n1.n_name", "n2.n_name", "(EXTRACT(year FROM lineitem.l_shipdate))"],"Sort Method": "quicksort","Sort Space Used": 265,"Sort Space Type": "Memory","Workers": [{"Worker Number": 0,"Sort Method": "quicksort","Sort Space Used": 271,"Sort Space Type": "Memory"},{"Worker Number": 1,"Sort Method": "quicksort","Sort Space Used": 322,"Sort Space Type": "Memory"}],"Plans": [{"Node Type": "Hash Join","Parent Relationship": "Outer","Parallel Aware": false,"Async Capable": false,"Join Type": "Inner","Startup Cost": 366.16,"Total Cost": 71418.15,"Plan Rows": 2455,"Plan Width": 252,"Actual Startup Time": 9.535,"Actual Total Time": 918.491,"Actual Rows": 2025,"Actual Loops": 3,"Inner Unique": false,"Hash Cond": "(lineitem.l_suppkey = supplier.s_suppkey)","Join Filter": "(((n1.n_name = 'SAUDI ARABIA'::bpchar) AND (n2.n_name = 'MOZAMBIQUE'::bpchar)) OR ((n1.n_name = 'MOZAMBIQUE'::bpchar) AND (n2.n_name = 'SAUDI ARABIA'::bpchar)))","Rows Removed by Join Filter": 2002,"Workers": [],"Plans": [{"Node Type": "Nested Loop","Parent Relationship": "Outer","Parallel Aware": false,"Async Capable": false,"Join Type": "Inner","Startup Cost": 2.26,"Total Cost": 70727.78,"Plan Rows": 60250,"Plan Width": 124,"Actual Startup Time": 0.505,"Actual Total Time": 903.473,"Actual Rows": 48546,"Actual Loops": 3,"Inner Unique": false,"Workers": [],"Plans": [{"Node Type": "Nested Loop","Parent Relationship": "Outer","Parallel Aware": false,"Async Capable": false,"Join Type": "Inner","Startup Cost": 1.83,"Total Cost": 12400.01,"Plan Rows": 49000,"Plan Width": 108,"Actual Startup Time": 0.284,"Actual Total Time": 228.474,"Actual Rows": 39907,"Actual Loops": 3,"Inner Unique": false,"Workers": [],"Plans": [{"Node Type": "Hash Join","Parent Relationship": "Outer","Parallel Aware": false,"Async Capable": false,"Join Type": "Inner","Startup Cost": 1.40,"Total Cost": 4403.27,"Plan Rows": 4900,"Plan Width": 108,"Actual Startup Time": 0.156,"Actual Total Time": 48.481,"Actual Rows": 3959,"Actual Loops": 3,"Inner Unique": true,"Hash Cond": "(customer.c_nationkey = n2.n_nationkey)","Workers": [],"Plans": [{"Node Type": "Seq Scan","Parent Relationship": "Outer","Parallel Aware": true,"Async Capable": false,"Relation Name": "customer","Alias": "customer","Startup Cost": 0.00,"Total Cost": 4210.00,"Plan Rows": 62500,"Plan Width": 8,"Actual Startup Time": 0.012,"Actual Total Time": 9.503,"Actual Rows": 50000,"Actual Loops": 3,"Workers": []},{"Node Type": "Hash","Parent Relationship": "Inner","Parallel Aware": false,"Async Capable": false,"Startup Cost": 1.38,"Total Cost": 1.38,"Plan Rows": 2,"Plan Width": 108,"Actual Startup Time": 0.060,"Actual Total Time": 0.066,"Actual Rows": 2,"Actual Loops": 3,"Hash Buckets": 1024,"Original Hash Buckets": 1024,"Hash Batches": 1,"Original Hash Batches": 1,"Peak Memory Usage": 9,"Workers": [],"Plans": [{"Node Type": "Seq Scan","Parent Relationship": "Outer","Parallel Aware": false,"Async Capable": false,"Relation Name": "nation","Alias": "n2","Startup Cost": 0.00,"Total Cost": 1.38,"Plan Rows": 2,"Plan Width": 108,"Actual Startup Time": 0.043,"Actual Total Time": 0.046,"Actual Rows": 2,"Actual Loops": 3,"Filter": "((n_name = 'MOZAMBIQUE'::bpchar) OR (n_name = 'SAUDI ARABIA'::bpchar))","Rows Removed by Filter": 23,"Workers": []}]}]},{"Node Type": "Index Scan","Parent Relationship": "Inner","Parallel Aware": false,"Async Capable": false,"Scan Direction": "Forward","Index Name": "idx_orders_custkey","Relation Name": "orders","Alias": "orders","Startup Cost": 0.43,"Total Cost": 1.46,"Plan Rows": 17,"Plan Width": 8,"Actual Startup Time": 0.007,"Actual Total Time": 0.044,"Actual Rows": 10,"Actual Loops": 11878,"Index Cond": "(o_custkey = customer.c_custkey)","Rows Removed by Index Recheck": 0,"Workers": []}]},{"Node Type": "Index Scan","Parent Relationship": "Inner","Parallel Aware": false,"Async Capable": false,"Scan Direction": "Forward","Index Name": "idx_lineitem_orderkey","Relation Name": "lineitem","Alias": "lineitem","Startup Cost": 0.43,"Total Cost": 1.14,"Plan Rows": 5,"Plan Width": 24,"Actual Startup Time": 0.016,"Actual Total Time": 0.017,"Actual Rows": 1,"Actual Loops": 119720,"Index Cond": "(l_orderkey = orders.o_orderkey)","Rows Removed by Index Recheck": 0,"Filter": "((l_shipdate >= '1995-01-01'::date) AND (l_shipdate <= '1996-12-31'::date))","Rows Removed by Filter": 3,"Workers": []}]},{"Node Type": "Hash","Parent Relationship": "Inner","Parallel Aware": false,"Async Capable": false,"Startup Cost": 354.10,"Total Cost": 354.10,"Plan Rows": 784,"Plan Width": 108,"Actual Startup Time": 7.761,"Actual Total Time": 7.776,"Actual Rows": 817,"Actual Loops": 3,"Hash Buckets": 1024,"Original Hash Buckets": 1024,"Hash Batches": 1,"Original Hash Batches": 1,"Peak Memory Usage": 58,"Workers": [],"Plans": [{"Node Type": "Hash Join","Parent Relationship": "Outer","Parallel Aware": false,"Async Capable": false,"Join Type": "Inner","Startup Cost": 1.40,"Total Cost": 354.10,"Plan Rows": 784,"Plan Width": 108,"Actual Startup Time": 0.072,"Actual Total Time": 7.571,"Actual Rows": 817,"Actual Loops": 3,"Inner Unique": true,"Hash Cond": "(supplier.s_nationkey = n1.n_nationkey)","Workers": [],"Plans": [{"Node Type": "Seq Scan","Parent Relationship": "Outer","Parallel Aware": false,"Async Capable": false,"Relation Name": "supplier","Alias": "supplier","Startup Cost": 0.00,"Total Cost": 322.00,"Plan Rows": 10000,"Plan Width": 8,"Actual Startup Time": 0.020,"Actual Total Time": 3.829,"Actual Rows": 10000,"Actual Loops": 3,"Workers": []},{"Node Type": "Hash","Parent Relationship": "Inner","Parallel Aware": false,"Async Capable": false,"Startup Cost": 1.38,"Total Cost": 1.38,"Plan Rows": 2,"Plan Width": 108,"Actual Startup Time": 0.012,"Actual Total Time": 0.018,"Actual Rows": 2,"Actual Loops": 3,"Hash Buckets": 1024,"Original Hash Buckets": 1024,"Hash Batches": 1,"Original Hash Batches": 1,"Peak Memory Usage": 9,"Workers": [],"Plans": [{"Node Type": "Seq Scan","Parent Relationship": "Outer","Parallel Aware": false,"Async Capable": false,"Relation Name": "nation","Alias": "n1","Startup Cost": 0.00,"Total Cost": 1.38,"Plan Rows": 2,"Plan Width": 108,"Actual Startup Time": 0.006,"Actual Total Time": 0.010,"Actual Rows": 2,"Actual Loops": 3,"Filter": "((n_name = 'SAUDI ARABIA'::bpchar) OR (n_name = 'MOZAMBIQUE'::bpchar))","Rows Removed by Filter": 23,"Workers": []}]}]}]}]}]}]}]}]},"Planning Time": 8.371,"Triggers": [],"Execution Time": 983.876}]
[{"Plan": {"Node Type": "Aggregate","Strategy": "Sorted","Partial Mode": "Finalize","Parallel Aware": false,"Async Capable": false,"Startup Cost": 72556.41,"Total Cost": 73352.71,"Plan Rows": 5893,"Plan Width": 272,"Actual Startup Time": 923.792,"Actual Total Time": 968.561,"Actual Rows": 4,"Actual Loops": 1,"Group Key": ["n1.n_name", "n2.n_name", "(EXTRACT(year FROM lineitem.l_shipdate))"],"Plans": [{"Node Type": "Gather Merge","Parent Relationship": "Outer","Parallel Aware": false,"Async Capable": false,"Startup Cost": 72556.41,"Total Cost": 73202.94,"Plan Rows": 4910,"Plan Width": 272,"Actual Startup Time": 923.161,"Actual Total Time": 968.466,"Actual Rows": 12,"Actual Loops": 1,"Workers Planned": 2,"Workers Launched": 2,"Plans": [{"Node Type": "Aggregate","Strategy": "Sorted","Partial Mode": "Partial","Parent Relationship": "Outer","Parallel Aware": false,"Async Capable": false,"Startup Cost": 71556.39,"Total Cost": 71636.18,"Plan Rows": 2455,"Plan Width": 272,"Actual Startup Time": 915.146,"Actual Total Time": 915.945,"Actual Rows": 4,"Actual Loops": 3,"Group Key": ["n1.n_name", "n2.n_name", "(EXTRACT(year FROM lineitem.l_shipdate))"],"Workers": [],"Plans": [{"Node Type": "Sort","Parent Relationship": "Outer","Parallel Aware": false,"Async Capable": false,"Startup Cost": 71556.39,"Total Cost": 71562.53,"Plan Rows": 2455,"Plan Width": 252,"Actual Startup Time": 914.851,"Actual Total Time": 914.967,"Actual Rows": 1944,"Actual Loops": 3,"Sort Key": ["n1.n_name", "n2.n_name", "(EXTRACT(year FROM lineitem.l_shipdate))"],"Sort Method": "quicksort","Sort Space Used": 321,"Sort Space Type": "Memory","Workers": [{"Worker Number": 0,"Sort Method": "quicksort","Sort Space Used": 255,"Sort Space Type": "Memory"},{"Worker Number": 1,"Sort Method": "quicksort","Sort Space Used": 255,"Sort Space Type": "Memory"}],"Plans": [{"Node Type": "Hash Join","Parent Relationship": "Outer","Parallel Aware": false,"Async Capable": false,"Join Type": "Inner","Startup Cost": 366.16,"Total Cost": 71418.15,"Plan Rows": 2455,"Plan Width": 252,"Actual Startup Time": 13.306,"Actual Total Time": 913.041,"Actual Rows": 1944,"Actual Loops": 3,"Inner Unique": false,"Hash Cond": "(lineitem.l_suppkey = supplier.s_suppkey)","Join Filter": "(((n1.n_name = 'VIETNAM'::bpchar) AND (n2.n_name = 'IRAN'::bpchar)) OR ((n1.n_name = 'IRAN'::bpchar) AND (n2.n_name = 'VIETNAM'::bpchar)))","Rows Removed by Join Filter": 1901,"Workers": [],"Plans": [{"Node Type": "Nested Loop","Parent Relationship": "Outer","Parallel Aware": false,"Async Capable": false,"Join Type": "Inner","Startup Cost": 2.26,"Total Cost": 70727.78,"Plan Rows": 60250,"Plan Width": 124,"Actual Startup Time": 0.631,"Actual Total Time": 894.607,"Actual Rows": 48678,"Actual Loops": 3,"Inner Unique": false,"Workers": [],"Plans": [{"Node Type": "Nested Loop","Parent Relationship": "Outer","Parallel Aware": false,"Async Capable": false,"Join Type": "Inner","Startup Cost": 1.83,"Total Cost": 12400.01,"Plan Rows": 49000,"Plan Width": 108,"Actual Startup Time": 0.346,"Actual Total Time": 220.979,"Actual Rows": 40007,"Actual Loops": 3,"Inner Unique": false,"Workers": [],"Plans": [{"Node Type": "Hash Join","Parent Relationship": "Outer","Parallel Aware": false,"Async Capable": false,"Join Type": "Inner","Startup Cost": 1.40,"Total Cost": 4403.27,"Plan Rows": 4900,"Plan Width": 108,"Actual Startup Time": 0.212,"Actual Total Time": 43.768,"Actual Rows": 4006,"Actual Loops": 3,"Inner Unique": true,"Hash Cond": "(customer.c_nationkey = n2.n_nationkey)","Workers": [],"Plans": [{"Node Type": "Seq Scan","Parent Relationship": "Outer","Parallel Aware": true,"Async Capable": false,"Relation Name": "customer","Alias": "customer","Startup Cost": 0.00,"Total Cost": 4210.00,"Plan Rows": 62500,"Plan Width": 8,"Actual Startup Time": 0.014,"Actual Total Time": 9.001,"Actual Rows": 50000,"Actual Loops": 3,"Workers": []},{"Node Type": "Hash","Parent Relationship": "Inner","Parallel Aware": false,"Async Capable": false,"Startup Cost": 1.38,"Total Cost": 1.38,"Plan Rows": 2,"Plan Width": 108,"Actual Startup Time": 0.079,"Actual Total Time": 0.085,"Actual Rows": 2,"Actual Loops": 3,"Hash Buckets": 1024,"Original Hash Buckets": 1024,"Hash Batches": 1,"Original Hash Batches": 1,"Peak Memory Usage": 9,"Workers": [],"Plans": [{"Node Type": "Seq Scan","Parent Relationship": "Outer","Parallel Aware": false,"Async Capable": false,"Relation Name": "nation","Alias": "n2","Startup Cost": 0.00,"Total Cost": 1.38,"Plan Rows": 2,"Plan Width": 108,"Actual Startup Time": 0.060,"Actual Total Time": 0.066,"Actual Rows": 2,"Actual Loops": 3,"Filter": "((n_name = 'IRAN'::bpchar) OR (n_name = 'VIETNAM'::bpchar))","Rows Removed by Filter": 23,"Workers": []}]}]},{"Node Type": "Index Scan","Parent Relationship": "Inner","Parallel Aware": false,"Async Capable": false,"Scan Direction": "Forward","Index Name": "idx_orders_custkey","Relation Name": "orders","Alias": "orders","Startup Cost": 0.43,"Total Cost": 1.46,"Plan Rows": 17,"Plan Width": 8,"Actual Startup Time": 0.007,"Actual Total Time": 0.043,"Actual Rows": 10,"Actual Loops": 12017,"Index Cond": "(o_custkey = customer.c_custkey)","Rows Removed by Index Recheck": 0,"Workers": []}]},{"Node Type": "Index Scan","Parent Relationship": "Inner","Parallel Aware": false,"Async Capable": false,"Scan Direction": "Forward","Index Name": "idx_lineitem_orderkey","Relation Name": "lineitem","Alias": "lineitem","Startup Cost": 0.43,"Total Cost": 1.14,"Plan Rows": 5,"Plan Width": 24,"Actual Startup Time": 0.016,"Actual Total Time": 0.017,"Actual Rows": 1,"Actual Loops": 120022,"Index Cond": "(l_orderkey = orders.o_orderkey)","Rows Removed by Index Recheck": 0,"Filter": "((l_shipdate >= '1995-01-01'::date) AND (l_shipdate <= '1996-12-31'::date))","Rows Removed by Filter": 3,"Workers": []}]},{"Node Type": "Hash","Parent Relationship": "Inner","Parallel Aware": false,"Async Capable": false,"Startup Cost": 354.10,"Total Cost": 354.10,"Plan Rows": 784,"Plan Width": 108,"Actual Startup Time": 11.400,"Actual Total Time": 11.413,"Actual Rows": 792,"Actual Loops": 3,"Hash Buckets": 1024,"Original Hash Buckets": 1024,"Hash Batches": 1,"Original Hash Batches": 1,"Peak Memory Usage": 56,"Workers": [],"Plans": [{"Node Type": "Hash Join","Parent Relationship": "Outer","Parallel Aware": false,"Async Capable": false,"Join Type": "Inner","Startup Cost": 1.40,"Total Cost": 354.10,"Plan Rows": 784,"Plan Width": 108,"Actual Startup Time": 0.098,"Actual Total Time": 11.211,"Actual Rows": 792,"Actual Loops": 3,"Inner Unique": true,"Hash Cond": "(supplier.s_nationkey = n1.n_nationkey)","Workers": [],"Plans": [{"Node Type": "Seq Scan","Parent Relationship": "Outer","Parallel Aware": false,"Async Capable": false,"Relation Name": "supplier","Alias": "supplier","Startup Cost": 0.00,"Total Cost": 322.00,"Plan Rows": 10000,"Plan Width": 8,"Actual Startup Time": 0.036,"Actual Total Time": 4.732,"Actual Rows": 10000,"Actual Loops": 3,"Workers": []},{"Node Type": "Hash","Parent Relationship": "Inner","Parallel Aware": false,"Async Capable": false,"Startup Cost": 1.38,"Total Cost": 1.38,"Plan Rows": 2,"Plan Width": 108,"Actual Startup Time": 0.018,"Actual Total Time": 0.023,"Actual Rows": 2,"Actual Loops": 3,"Hash Buckets": 1024,"Original Hash Buckets": 1024,"Hash Batches": 1,"Original Hash Batches": 1,"Peak Memory Usage": 9,"Workers": [],"Plans": [{"Node Type": "Seq Scan","Parent Relationship": "Outer","Parallel Aware": false,"Async Capable": false,"Relation Name": "nation","Alias": "n1","Startup Cost": 0.00,"Total Cost": 1.38,"Plan Rows": 2,"Plan Width": 108,"Actual Startup Time": 0.008,"Actual Total Time": 0.013,"Actual Rows": 2,"Actual Loops": 3,"Filter": "((n_name = 'VIETNAM'::bpchar) OR (n_name = 'IRAN'::bpchar))","Rows Removed by Filter": 23,"Workers": []}]}]}]}]}]}]}]}]},"Planning Time": 8.578,"Triggers": [],"Execution Time": 968.992}]
[{"Plan": {"Node Type": "Aggregate","Strategy": "Sorted","Partial Mode": "Finalize","Parallel Aware": false,"Async Capable": false,"Startup Cost": 72556.41,"Total Cost": 73352.71,"Plan Rows": 5893,"Plan Width": 272,"Actual Startup Time": 917.428,"Actual Total Time": 961.572,"Actual Rows": 4,"Actual Loops": 1,"Group Key": ["n1.n_name", "n2.n_name", "(EXTRACT(year FROM lineitem.l_shipdate))"],"Plans": [{"Node Type": "Gather Merge","Parent Relationship": "Outer","Parallel Aware": false,"Async Capable": false,"Startup Cost": 72556.41,"Total Cost": 73202.94,"Plan Rows": 4910,"Plan Width": 272,"Actual Startup Time": 917.116,"Actual Total Time": 961.510,"Actual Rows": 12,"Actual Loops": 1,"Workers Planned": 2,"Workers Launched": 2,"Plans": [{"Node Type": "Aggregate","Strategy": "Sorted","Partial Mode": "Partial","Parent Relationship": "Outer","Parallel Aware": false,"Async Capable": false,"Startup Cost": 71556.39,"Total Cost": 71636.18,"Plan Rows": 2455,"Plan Width": 272,"Actual Startup Time": 909.228,"Actual Total Time": 909.895,"Actual Rows": 4,"Actual Loops": 3,"Group Key": ["n1.n_name", "n2.n_name", "(EXTRACT(year FROM lineitem.l_shipdate))"],"Workers": [],"Plans": [{"Node Type": "Sort","Parent Relationship": "Outer","Parallel Aware": false,"Async Capable": false,"Startup Cost": 71556.39,"Total Cost": 71562.53,"Plan Rows": 2455,"Plan Width": 252,"Actual Startup Time": 908.967,"Actual Total Time": 909.072,"Actual Rows": 1906,"Actual Loops": 3,"Sort Key": ["n1.n_name", "n2.n_name", "(EXTRACT(year FROM lineitem.l_shipdate))"],"Sort Method": "quicksort","Sort Space Used": 251,"Sort Space Type": "Memory","Workers": [{"Worker Number": 0,"Sort Method": "quicksort","Sort Space Used": 263,"Sort Space Type": "Memory"},{"Worker Number": 1,"Sort Method": "quicksort","Sort Space Used": 256,"Sort Space Type": "Memory"}],"Plans": [{"Node Type": "Hash Join","Parent Relationship": "Outer","Parallel Aware": false,"Async Capable": false,"Join Type": "Inner","Startup Cost": 366.16,"Total Cost": 71418.15,"Plan Rows": 2455,"Plan Width": 252,"Actual Startup Time": 10.564,"Actual Total Time": 907.279,"Actual Rows": 1906,"Actual Loops": 3,"Inner Unique": false,"Hash Cond": "(lineitem.l_suppkey = supplier.s_suppkey)","Join Filter": "(((n1.n_name = 'SAUDI ARABIA'::bpchar) AND (n2.n_name = 'UNITED KINGDOM'::bpchar)) OR ((n1.n_name = 'UNITED KINGDOM'::bpchar) AND (n2.n_name = 'SAUDI ARABIA'::bpchar)))","Rows Removed by Join Filter": 1966,"Workers": [],"Plans": [{"Node Type": "Nested Loop","Parent Relationship": "Outer","Parallel Aware": false,"Async Capable": false,"Join Type": "Inner","Startup Cost": 2.26,"Total Cost": 70727.78,"Plan Rows": 60250,"Plan Width": 124,"Actual Startup Time": 0.624,"Actual Total Time": 891.631,"Actual Rows": 48009,"Actual Loops": 3,"Inner Unique": false,"Workers": [],"Plans": [{"Node Type": "Nested Loop","Parent Relationship": "Outer","Parallel Aware": false,"Async Capable": false,"Join Type": "Inner","Startup Cost": 1.83,"Total Cost": 12400.01,"Plan Rows": 49000,"Plan Width": 108,"Actual Startup Time": 0.316,"Actual Total Time": 225.136,"Actual Rows": 39303,"Actual Loops": 3,"Inner Unique": false,"Workers": [],"Plans": [{"Node Type": "Hash Join","Parent Relationship": "Outer","Parallel Aware": false,"Async Capable": false,"Join Type": "Inner","Startup Cost": 1.40,"Total Cost": 4403.27,"Plan Rows": 4900,"Plan Width": 108,"Actual Startup Time": 0.183,"Actual Total Time": 47.766,"Actual Rows": 3972,"Actual Loops": 3,"Inner Unique": true,"Hash Cond": "(customer.c_nationkey = n2.n_nationkey)","Workers": [],"Plans": [{"Node Type": "Seq Scan","Parent Relationship": "Outer","Parallel Aware": true,"Async Capable": false,"Relation Name": "customer","Alias": "customer","Startup Cost": 0.00,"Total Cost": 4210.00,"Plan Rows": 62500,"Plan Width": 8,"Actual Startup Time": 0.012,"Actual Total Time": 9.599,"Actual Rows": 50000,"Actual Loops": 3,"Workers": []},{"Node Type": "Hash","Parent Relationship": "Inner","Parallel Aware": false,"Async Capable": false,"Startup Cost": 1.38,"Total Cost": 1.38,"Plan Rows": 2,"Plan Width": 108,"Actual Startup Time": 0.073,"Actual Total Time": 0.079,"Actual Rows": 2,"Actual Loops": 3,"Hash Buckets": 1024,"Original Hash Buckets": 1024,"Hash Batches": 1,"Original Hash Batches": 1,"Peak Memory Usage": 9,"Workers": [],"Plans": [{"Node Type": "Seq Scan","Parent Relationship": "Outer","Parallel Aware": false,"Async Capable": false,"Relation Name": "nation","Alias": "n2","Startup Cost": 0.00,"Total Cost": 1.38,"Plan Rows": 2,"Plan Width": 108,"Actual Startup Time": 0.058,"Actual Total Time": 0.061,"Actual Rows": 2,"Actual Loops": 3,"Filter": "((n_name = 'UNITED KINGDOM'::bpchar) OR (n_name = 'SAUDI ARABIA'::bpchar))","Rows Removed by Filter": 23,"Workers": []}]}]},{"Node Type": "Index Scan","Parent Relationship": "Inner","Parallel Aware": false,"Async Capable": false,"Scan Direction": "Forward","Index Name": "idx_orders_custkey","Relation Name": "orders","Alias": "orders","Startup Cost": 0.43,"Total Cost": 1.46,"Plan Rows": 17,"Plan Width": 8,"Actual Startup Time": 0.007,"Actual Total Time": 0.043,"Actual Rows": 10,"Actual Loops": 11915,"Index Cond": "(o_custkey = customer.c_custkey)","Rows Removed by Index Recheck": 0,"Workers": []}]},{"Node Type": "Index Scan","Parent Relationship": "Inner","Parallel Aware": false,"Async Capable": false,"Scan Direction": "Forward","Index Name": "idx_lineitem_orderkey","Relation Name": "lineitem","Alias": "lineitem","Startup Cost": 0.43,"Total Cost": 1.14,"Plan Rows": 5,"Plan Width": 24,"Actual Startup Time": 0.016,"Actual Total Time": 0.017,"Actual Rows": 1,"Actual Loops": 117908,"Index Cond": "(l_orderkey = orders.o_orderkey)","Rows Removed by Index Recheck": 0,"Filter": "((l_shipdate >= '1995-01-01'::date) AND (l_shipdate <= '1996-12-31'::date))","Rows Removed by Filter": 3,"Workers": []}]},{"Node Type": "Hash","Parent Relationship": "Inner","Parallel Aware": false,"Async Capable": false,"Startup Cost": 354.10,"Total Cost": 354.10,"Plan Rows": 784,"Plan Width": 108,"Actual Startup Time": 8.639,"Actual Total Time": 8.654,"Actual Rows": 801,"Actual Loops": 3,"Hash Buckets": 1024,"Original Hash Buckets": 1024,"Hash Batches": 1,"Original Hash Batches": 1,"Peak Memory Usage": 57,"Workers": [],"Plans": [{"Node Type": "Hash Join","Parent Relationship": "Outer","Parallel Aware": false,"Async Capable": false,"Join Type": "Inner","Startup Cost": 1.40,"Total Cost": 354.10,"Plan Rows": 784,"Plan Width": 108,"Actual Startup Time": 0.101,"Actual Total Time": 8.474,"Actual Rows": 801,"Actual Loops": 3,"Inner Unique": true,"Hash Cond": "(supplier.s_nationkey = n1.n_nationkey)","Workers": [],"Plans": [{"Node Type": "Seq Scan","Parent Relationship": "Outer","Parallel Aware": false,"Async Capable": false,"Relation Name": "supplier","Alias": "supplier","Startup Cost": 0.00,"Total Cost": 322.00,"Plan Rows": 10000,"Plan Width": 8,"Actual Startup Time": 0.039,"Actual Total Time": 3.693,"Actual Rows": 10000,"Actual Loops": 3,"Workers": []},{"Node Type": "Hash","Parent Relationship": "Inner","Parallel Aware": false,"Async Capable": false,"Startup Cost": 1.38,"Total Cost": 1.38,"Plan Rows": 2,"Plan Width": 108,"Actual Startup Time": 0.024,"Actual Total Time": 0.029,"Actual Rows": 2,"Actual Loops": 3,"Hash Buckets": 1024,"Original Hash Buckets": 1024,"Hash Batches": 1,"Original Hash Batches": 1,"Peak Memory Usage": 9,"Workers": [],"Plans": [{"Node Type": "Seq Scan","Parent Relationship": "Outer","Parallel Aware": false,"Async Capable": false,"Relation Name": "nation","Alias": "n1","Startup Cost": 0.00,"Total Cost": 1.38,"Plan Rows": 2,"Plan Width": 108,"Actual Startup Time": 0.018,"Actual Total Time": 0.020,"Actual Rows": 2,"Actual Loops": 3,"Filter": "((n_name = 'SAUDI ARABIA'::bpchar) OR (n_name = 'UNITED KINGDOM'::bpchar))","Rows Removed by Filter": 23,"Workers": []}]}]}]}]}]}]}]}]},"Planning Time": 8.844,"Triggers": [],"Execution Time": 962.124}]
[{"Plan": {"Node Type": "Aggregate","Strategy": "Sorted","Partial Mode": "Finalize","Parallel Aware": false,"Async Capable": false,"Startup Cost": 72556.41,"Total Cost": 73352.71,"Plan Rows": 5893,"Plan Width": 272,"Actual Startup Time": 910.456,"Actual Total Time": 953.359,"Actual Rows": 4,"Actual Loops": 1,"Group Key": ["n1.n_name", "n2.n_name", "(EXTRACT(year FROM lineitem.l_shipdate))"],"Plans": [{"Node Type": "Gather Merge","Parent Relationship": "Outer","Parallel Aware": false,"Async Capable": false,"Startup Cost": 72556.41,"Total Cost": 73202.94,"Plan Rows": 4910,"Plan Width": 272,"Actual Startup Time": 910.124,"Actual Total Time": 953.291,"Actual Rows": 12,"Actual Loops": 1,"Workers Planned": 2,"Workers Launched": 2,"Plans": [{"Node Type": "Aggregate","Strategy": "Sorted","Partial Mode": "Partial","Parent Relationship": "Outer","Parallel Aware": false,"Async Capable": false,"Startup Cost": 71556.39,"Total Cost": 71636.18,"Plan Rows": 2455,"Plan Width": 272,"Actual Startup Time": 902.273,"Actual Total Time": 902.931,"Actual Rows": 4,"Actual Loops": 3,"Group Key": ["n1.n_name", "n2.n_name", "(EXTRACT(year FROM lineitem.l_shipdate))"],"Workers": [],"Plans": [{"Node Type": "Sort","Parent Relationship": "Outer","Parallel Aware": false,"Async Capable": false,"Startup Cost": 71556.39,"Total Cost": 71562.53,"Plan Rows": 2455,"Plan Width": 252,"Actual Startup Time": 902.017,"Actual Total Time": 902.124,"Actual Rows": 1915,"Actual Loops": 3,"Sort Key": ["n1.n_name", "n2.n_name", "(EXTRACT(year FROM lineitem.l_shipdate))"],"Sort Method": "quicksort","Sort Space Used": 268,"Sort Space Type": "Memory","Workers": [{"Worker Number": 0,"Sort Method": "quicksort","Sort Space Used": 251,"Sort Space Type": "Memory"},{"Worker Number": 1,"Sort Method": "quicksort","Sort Space Used": 255,"Sort Space Type": "Memory"}],"Plans": [{"Node Type": "Hash Join","Parent Relationship": "Outer","Parallel Aware": false,"Async Capable": false,"Join Type": "Inner","Startup Cost": 366.16,"Total Cost": 71418.15,"Plan Rows": 2455,"Plan Width": 252,"Actual Startup Time": 11.670,"Actual Total Time": 900.219,"Actual Rows": 1915,"Actual Loops": 3,"Inner Unique": false,"Hash Cond": "(lineitem.l_suppkey = supplier.s_suppkey)","Join Filter": "(((n1.n_name = 'UNITED KINGDOM'::bpchar) AND (n2.n_name = 'EGYPT'::bpchar)) OR ((n1.n_name = 'EGYPT'::bpchar) AND (n2.n_name = 'UNITED KINGDOM'::bpchar)))","Rows Removed by Join Filter": 1982,"Workers": [],"Plans": [{"Node Type": "Nested Loop","Parent Relationship": "Outer","Parallel Aware": false,"Async Capable": false,"Join Type": "Inner","Startup Cost": 2.26,"Total Cost": 70727.78,"Plan Rows": 60250,"Plan Width": 124,"Actual Startup Time": 0.669,"Actual Total Time": 882.746,"Actual Rows": 48300,"Actual Loops": 3,"Inner Unique": false,"Workers": [],"Plans": [{"Node Type": "Nested Loop","Parent Relationship": "Outer","Parallel Aware": false,"Async Capable": false,"Join Type": "Inner","Startup Cost": 1.83,"Total Cost": 12400.01,"Plan Rows": 49000,"Plan Width": 108,"Actual Startup Time": 0.302,"Actual Total Time": 218.468,"Actual Rows": 39522,"Actual Loops": 3,"Inner Unique": false,"Workers": [],"Plans": [{"Node Type": "Hash Join","Parent Relationship": "Outer","Parallel Aware": false,"Async Capable": false,"Join Type": "Inner","Startup Cost": 1.40,"Total Cost": 4403.27,"Plan Rows": 4900,"Plan Width": 108,"Actual Startup Time": 0.198,"Actual Total Time": 42.886,"Actual Rows": 4002,"Actual Loops": 3,"Inner Unique": true,"Hash Cond": "(customer.c_nationkey = n2.n_nationkey)","Workers": [],"Plans": [{"Node Type": "Seq Scan","Parent Relationship": "Outer","Parallel Aware": true,"Async Capable": false,"Relation Name": "customer","Alias": "customer","Startup Cost": 0.00,"Total Cost": 4210.00,"Plan Rows": 62500,"Plan Width": 8,"Actual Startup Time": 0.021,"Actual Total Time": 8.952,"Actual Rows": 50000,"Actual Loops": 3,"Workers": []},{"Node Type": "Hash","Parent Relationship": "Inner","Parallel Aware": false,"Async Capable": false,"Startup Cost": 1.38,"Total Cost": 1.38,"Plan Rows": 2,"Plan Width": 108,"Actual Startup Time": 0.066,"Actual Total Time": 0.071,"Actual Rows": 2,"Actual Loops": 3,"Hash Buckets": 1024,"Original Hash Buckets": 1024,"Hash Batches": 1,"Original Hash Batches": 1,"Peak Memory Usage": 9,"Workers": [],"Plans": [{"Node Type": "Seq Scan","Parent Relationship": "Outer","Parallel Aware": false,"Async Capable": false,"Relation Name": "nation","Alias": "n2","Startup Cost": 0.00,"Total Cost": 1.38,"Plan Rows": 2,"Plan Width": 108,"Actual Startup Time": 0.050,"Actual Total Time": 0.056,"Actual Rows": 2,"Actual Loops": 3,"Filter": "((n_name = 'EGYPT'::bpchar) OR (n_name = 'UNITED KINGDOM'::bpchar))","Rows Removed by Filter": 23,"Workers": []}]}]},{"Node Type": "Index Scan","Parent Relationship": "Inner","Parallel Aware": false,"Async Capable": false,"Scan Direction": "Forward","Index Name": "idx_orders_custkey","Relation Name": "orders","Alias": "orders","Startup Cost": 0.43,"Total Cost": 1.46,"Plan Rows": 17,"Plan Width": 8,"Actual Startup Time": 0.007,"Actual Total Time": 0.043,"Actual Rows": 10,"Actual Loops": 12006,"Index Cond": "(o_custkey = customer.c_custkey)","Rows Removed by Index Recheck": 0,"Workers": []}]},{"Node Type": "Index Scan","Parent Relationship": "Inner","Parallel Aware": false,"Async Capable": false,"Scan Direction": "Forward","Index Name": "idx_lineitem_orderkey","Relation Name": "lineitem","Alias": "lineitem","Startup Cost": 0.43,"Total Cost": 1.14,"Plan Rows": 5,"Plan Width": 24,"Actual Startup Time": 0.016,"Actual Total Time": 0.017,"Actual Rows": 1,"Actual Loops": 118566,"Index Cond": "(l_orderkey = orders.o_orderkey)","Rows Removed by Index Recheck": 0,"Filter": "((l_shipdate >= '1995-01-01'::date) AND (l_shipdate <= '1996-12-31'::date))","Rows Removed by Filter": 3,"Workers": []}]},{"Node Type": "Hash","Parent Relationship": "Inner","Parallel Aware": false,"Async Capable": false,"Startup Cost": 354.10,"Total Cost": 354.10,"Plan Rows": 784,"Plan Width": 108,"Actual Startup Time": 10.373,"Actual Total Time": 10.390,"Actual Rows": 805,"Actual Loops": 3,"Hash Buckets": 1024,"Original Hash Buckets": 1024,"Hash Batches": 1,"Original Hash Batches": 1,"Peak Memory Usage": 57,"Workers": [],"Plans": [{"Node Type": "Hash Join","Parent Relationship": "Outer","Parallel Aware": false,"Async Capable": false,"Join Type": "Inner","Startup Cost": 1.40,"Total Cost": 354.10,"Plan Rows": 784,"Plan Width": 108,"Actual Startup Time": 0.066,"Actual Total Time": 10.186,"Actual Rows": 805,"Actual Loops": 3,"Inner Unique": true,"Hash Cond": "(supplier.s_nationkey = n1.n_nationkey)","Workers": [],"Plans": [{"Node Type": "Seq Scan","Parent Relationship": "Outer","Parallel Aware": false,"Async Capable": false,"Relation Name": "supplier","Alias": "supplier","Startup Cost": 0.00,"Total Cost": 322.00,"Plan Rows": 10000,"Plan Width": 8,"Actual Startup Time": 0.025,"Actual Total Time": 4.179,"Actual Rows": 10000,"Actual Loops": 3,"Workers": []},{"Node Type": "Hash","Parent Relationship": "Inner","Parallel Aware": false,"Async Capable": false,"Startup Cost": 1.38,"Total Cost": 1.38,"Plan Rows": 2,"Plan Width": 108,"Actual Startup Time": 0.017,"Actual Total Time": 0.024,"Actual Rows": 2,"Actual Loops": 3,"Hash Buckets": 1024,"Original Hash Buckets": 1024,"Hash Batches": 1,"Original Hash Batches": 1,"Peak Memory Usage": 9,"Workers": [],"Plans": [{"Node Type": "Seq Scan","Parent Relationship": "Outer","Parallel Aware": false,"Async Capable": false,"Relation Name": "nation","Alias": "n1","Startup Cost": 0.00,"Total Cost": 1.38,"Plan Rows": 2,"Plan Width": 108,"Actual Startup Time": 0.006,"Actual Total Time": 0.011,"Actual Rows": 2,"Actual Loops": 3,"Filter": "((n_name = 'UNITED KINGDOM'::bpchar) OR (n_name = 'EGYPT'::bpchar))","Rows Removed by Filter": 23,"Workers": []}]}]}]}]}]}]}]}]},"Planning Time": 8.540,"Triggers": [],"Execution Time": 953.803}]
[{"Plan": {"Node Type": "Aggregate","Strategy": "Sorted","Partial Mode": "Finalize","Parallel Aware": false,"Async Capable": false,"Startup Cost": 72556.41,"Total Cost": 73352.71,"Plan Rows": 5893,"Plan Width": 272,"Actual Startup Time": 924.526,"Actual Total Time": 968.587,"Actual Rows": 4,"Actual Loops": 1,"Group Key": ["n1.n_name", "n2.n_name", "(EXTRACT(year FROM lineitem.l_shipdate))"],"Plans": [{"Node Type": "Gather Merge","Parent Relationship": "Outer","Parallel Aware": false,"Async Capable": false,"Startup Cost": 72556.41,"Total Cost": 73202.94,"Plan Rows": 4910,"Plan Width": 272,"Actual Startup Time": 923.849,"Actual Total Time": 968.505,"Actual Rows": 12,"Actual Loops": 1,"Workers Planned": 2,"Workers Launched": 2,"Plans": [{"Node Type": "Aggregate","Strategy": "Sorted","Partial Mode": "Partial","Parent Relationship": "Outer","Parallel Aware": false,"Async Capable": false,"Startup Cost": 71556.39,"Total Cost": 71636.18,"Plan Rows": 2455,"Plan Width": 272,"Actual Startup Time": 915.509,"Actual Total Time": 916.295,"Actual Rows": 4,"Actual Loops": 3,"Group Key": ["n1.n_name", "n2.n_name", "(EXTRACT(year FROM lineitem.l_shipdate))"],"Workers": [],"Plans": [{"Node Type": "Sort","Parent Relationship": "Outer","Parallel Aware": false,"Async Capable": false,"Startup Cost": 71556.39,"Total Cost": 71562.53,"Plan Rows": 2455,"Plan Width": 252,"Actual Startup Time": 915.269,"Actual Total Time": 915.381,"Actual Rows": 1761,"Actual Loops": 3,"Sort Key": ["n1.n_name", "n2.n_name", "(EXTRACT(year FROM lineitem.l_shipdate))"],"Sort Method": "quicksort","Sort Space Used": 249,"Sort Space Type": "Memory","Workers": [{"Worker Number": 0,"Sort Method": "quicksort","Sort Space Used": 235,"Sort Space Type": "Memory"},{"Worker Number": 1,"Sort Method": "quicksort","Sort Space Used": 240,"Sort Space Type": "Memory"}],"Plans": [{"Node Type": "Hash Join","Parent Relationship": "Outer","Parallel Aware": false,"Async Capable": false,"Join Type": "Inner","Startup Cost": 366.16,"Total Cost": 71418.15,"Plan Rows": 2455,"Plan Width": 252,"Actual Startup Time": 15.827,"Actual Total Time": 913.611,"Actual Rows": 1761,"Actual Loops": 3,"Inner Unique": false,"Hash Cond": "(lineitem.l_suppkey = supplier.s_suppkey)","Join Filter": "(((n1.n_name = 'JORDAN'::bpchar) AND (n2.n_name = 'KENYA'::bpchar)) OR ((n1.n_name = 'KENYA'::bpchar) AND (n2.n_name = 'JORDAN'::bpchar)))","Rows Removed by Join Filter": 1768,"Workers": [],"Plans": [{"Node Type": "Nested Loop","Parent Relationship": "Outer","Parallel Aware": false,"Async Capable": false,"Join Type": "Inner","Startup Cost": 2.26,"Total Cost": 70727.78,"Plan Rows": 60250,"Plan Width": 124,"Actual Startup Time": 0.509,"Actual Total Time": 895.084,"Actual Rows": 48479,"Actual Loops": 3,"Inner Unique": false,"Workers": [],"Plans": [{"Node Type": "Nested Loop","Parent Relationship": "Outer","Parallel Aware": false,"Async Capable": false,"Join Type": "Inner","Startup Cost": 1.83,"Total Cost": 12400.01,"Plan Rows": 49000,"Plan Width": 108,"Actual Startup Time": 0.263,"Actual Total Time": 220.679,"Actual Rows": 39892,"Actual Loops": 3,"Inner Unique": false,"Workers": [],"Plans": [{"Node Type": "Hash Join","Parent Relationship": "Outer","Parallel Aware": false,"Async Capable": false,"Join Type": "Inner","Startup Cost": 1.40,"Total Cost": 4403.27,"Plan Rows": 4900,"Plan Width": 108,"Actual Startup Time": 0.151,"Actual Total Time": 43.720,"Actual Rows": 4008,"Actual Loops": 3,"Inner Unique": true,"Hash Cond": "(customer.c_nationkey = n2.n_nationkey)","Workers": [],"Plans": [{"Node Type": "Seq Scan","Parent Relationship": "Outer","Parallel Aware": true,"Async Capable": false,"Relation Name": "customer","Alias": "customer","Startup Cost": 0.00,"Total Cost": 4210.00,"Plan Rows": 62500,"Plan Width": 8,"Actual Startup Time": 0.012,"Actual Total Time": 9.065,"Actual Rows": 50000,"Actual Loops": 3,"Workers": []},{"Node Type": "Hash","Parent Relationship": "Inner","Parallel Aware": false,"Async Capable": false,"Startup Cost": 1.38,"Total Cost": 1.38,"Plan Rows": 2,"Plan Width": 108,"Actual Startup Time": 0.067,"Actual Total Time": 0.074,"Actual Rows": 2,"Actual Loops": 3,"Hash Buckets": 1024,"Original Hash Buckets": 1024,"Hash Batches": 1,"Original Hash Batches": 1,"Peak Memory Usage": 9,"Workers": [],"Plans": [{"Node Type": "Seq Scan","Parent Relationship": "Outer","Parallel Aware": false,"Async Capable": false,"Relation Name": "nation","Alias": "n2","Startup Cost": 0.00,"Total Cost": 1.38,"Plan Rows": 2,"Plan Width": 108,"Actual Startup Time": 0.054,"Actual Total Time": 0.059,"Actual Rows": 2,"Actual Loops": 3,"Filter": "((n_name = 'KENYA'::bpchar) OR (n_name = 'JORDAN'::bpchar))","Rows Removed by Filter": 23,"Workers": []}]}]},{"Node Type": "Index Scan","Parent Relationship": "Inner","Parallel Aware": false,"Async Capable": false,"Scan Direction": "Forward","Index Name": "idx_orders_custkey","Relation Name": "orders","Alias": "orders","Startup Cost": 0.43,"Total Cost": 1.46,"Plan Rows": 17,"Plan Width": 8,"Actual Startup Time": 0.007,"Actual Total Time": 0.043,"Actual Rows": 10,"Actual Loops": 12025,"Index Cond": "(o_custkey = customer.c_custkey)","Rows Removed by Index Recheck": 0,"Workers": []}]},{"Node Type": "Index Scan","Parent Relationship": "Inner","Parallel Aware": false,"Async Capable": false,"Scan Direction": "Forward","Index Name": "idx_lineitem_orderkey","Relation Name": "lineitem","Alias": "lineitem","Startup Cost": 0.43,"Total Cost": 1.14,"Plan Rows": 5,"Plan Width": 24,"Actual Startup Time": 0.016,"Actual Total Time": 0.017,"Actual Rows": 1,"Actual Loops": 119676,"Index Cond": "(l_orderkey = orders.o_orderkey)","Rows Removed by Index Recheck": 0,"Filter": "((l_shipdate >= '1995-01-01'::date) AND (l_shipdate <= '1996-12-31'::date))","Rows Removed by Filter": 3,"Workers": []}]},{"Node Type": "Hash","Parent Relationship": "Inner","Parallel Aware": false,"Async Capable": false,"Startup Cost": 354.10,"Total Cost": 354.10,"Plan Rows": 784,"Plan Width": 108,"Actual Startup Time": 11.762,"Actual Total Time": 11.778,"Actual Rows": 738,"Actual Loops": 3,"Hash Buckets": 1024,"Original Hash Buckets": 1024,"Hash Batches": 1,"Original Hash Batches": 1,"Peak Memory Usage": 53,"Workers": [],"Plans": [{"Node Type": "Hash Join","Parent Relationship": "Outer","Parallel Aware": false,"Async Capable": false,"Join Type": "Inner","Startup Cost": 1.40,"Total Cost": 354.10,"Plan Rows": 784,"Plan Width": 108,"Actual Startup Time": 0.085,"Actual Total Time": 11.596,"Actual Rows": 738,"Actual Loops": 3,"Inner Unique": true,"Hash Cond": "(supplier.s_nationkey = n1.n_nationkey)","Workers": [],"Plans": [{"Node Type": "Seq Scan","Parent Relationship": "Outer","Parallel Aware": false,"Async Capable": false,"Relation Name": "supplier","Alias": "supplier","Startup Cost": 0.00,"Total Cost": 322.00,"Plan Rows": 10000,"Plan Width": 8,"Actual Startup Time": 0.033,"Actual Total Time": 4.656,"Actual Rows": 10000,"Actual Loops": 3,"Workers": []},{"Node Type": "Hash","Parent Relationship": "Inner","Parallel Aware": false,"Async Capable": false,"Startup Cost": 1.38,"Total Cost": 1.38,"Plan Rows": 2,"Plan Width": 108,"Actual Startup Time": 0.013,"Actual Total Time": 0.018,"Actual Rows": 2,"Actual Loops": 3,"Hash Buckets": 1024,"Original Hash Buckets": 1024,"Hash Batches": 1,"Original Hash Batches": 1,"Peak Memory Usage": 9,"Workers": [],"Plans": [{"Node Type": "Seq Scan","Parent Relationship": "Outer","Parallel Aware": false,"Async Capable": false,"Relation Name": "nation","Alias": "n1","Startup Cost": 0.00,"Total Cost": 1.38,"Plan Rows": 2,"Plan Width": 108,"Actual Startup Time": 0.006,"Actual Total Time": 0.010,"Actual Rows": 2,"Actual Loops": 3,"Filter": "((n_name = 'JORDAN'::bpchar) OR (n_name = 'KENYA'::bpchar))","Rows Removed by Filter": 23,"Workers": []}]}]}]}]}]}]}]}]},"Planning Time": 9.445,"Triggers": [],"Execution Time": 968.994}]
[{"Plan": {"Node Type": "Aggregate","Strategy": "Sorted","Partial Mode": "Finalize","Parallel Aware": false,"Async Capable": false,"Startup Cost": 72556.41,"Total Cost": 73352.71,"Plan Rows": 5893,"Plan Width": 272,"Actual Startup Time": 920.646,"Actual Total Time": 965.923,"Actual Rows": 4,"Actual Loops": 1,"Group Key": ["n1.n_name", "n2.n_name", "(EXTRACT(year FROM lineitem.l_shipdate))"],"Plans": [{"Node Type": "Gather Merge","Parent Relationship": "Outer","Parallel Aware": false,"Async Capable": false,"Startup Cost": 72556.41,"Total Cost": 73202.94,"Plan Rows": 4910,"Plan Width": 272,"Actual Startup Time": 920.330,"Actual Total Time": 965.839,"Actual Rows": 12,"Actual Loops": 1,"Workers Planned": 2,"Workers Launched": 2,"Plans": [{"Node Type": "Aggregate","Strategy": "Sorted","Partial Mode": "Partial","Parent Relationship": "Outer","Parallel Aware": false,"Async Capable": false,"Startup Cost": 71556.39,"Total Cost": 71636.18,"Plan Rows": 2455,"Plan Width": 272,"Actual Startup Time": 912.107,"Actual Total Time": 912.791,"Actual Rows": 4,"Actual Loops": 3,"Group Key": ["n1.n_name", "n2.n_name", "(EXTRACT(year FROM lineitem.l_shipdate))"],"Workers": [],"Plans": [{"Node Type": "Sort","Parent Relationship": "Outer","Parallel Aware": false,"Async Capable": false,"Startup Cost": 71556.39,"Total Cost": 71562.53,"Plan Rows": 2455,"Plan Width": 252,"Actual Startup Time": 911.865,"Actual Total Time": 911.969,"Actual Rows": 1902,"Actual Loops": 3,"Sort Key": ["n1.n_name", "n2.n_name", "(EXTRACT(year FROM lineitem.l_shipdate))"],"Sort Method": "quicksort","Sort Space Used": 258,"Sort Space Type": "Memory","Workers": [{"Worker Number": 0,"Sort Method": "quicksort","Sort Space Used": 261,"Sort Space Type": "Memory"},{"Worker Number": 1,"Sort Method": "quicksort","Sort Space Used": 251,"Sort Space Type": "Memory"}],"Plans": [{"Node Type": "Hash Join","Parent Relationship": "Outer","Parallel Aware": false,"Async Capable": false,"Join Type": "Inner","Startup Cost": 366.16,"Total Cost": 71418.15,"Plan Rows": 2455,"Plan Width": 252,"Actual Startup Time": 14.179,"Actual Total Time": 910.148,"Actual Rows": 1902,"Actual Loops": 3,"Inner Unique": false,"Hash Cond": "(lineitem.l_suppkey = supplier.s_suppkey)","Join Filter": "(((n1.n_name = 'SAUDI ARABIA'::bpchar) AND (n2.n_name = 'JORDAN'::bpchar)) OR ((n1.n_name = 'JORDAN'::bpchar) AND (n2.n_name = 'SAUDI ARABIA'::bpchar)))","Rows Removed by Join Filter": 1879,"Workers": [],"Plans": [{"Node Type": "Nested Loop","Parent Relationship": "Outer","Parallel Aware": false,"Async Capable": false,"Join Type": "Inner","Startup Cost": 2.26,"Total Cost": 70727.78,"Plan Rows": 60250,"Plan Width": 124,"Actual Startup Time": 0.670,"Actual Total Time": 891.592,"Actual Rows": 48607,"Actual Loops": 3,"Inner Unique": false,"Workers": [],"Plans": [{"Node Type": "Nested Loop","Parent Relationship": "Outer","Parallel Aware": false,"Async Capable": false,"Join Type": "Inner","Startup Cost": 1.83,"Total Cost": 12400.01,"Plan Rows": 49000,"Plan Width": 108,"Actual Startup Time": 0.364,"Actual Total Time": 220.749,"Actual Rows": 39730,"Actual Loops": 3,"Inner Unique": false,"Workers": [],"Plans": [{"Node Type": "Hash Join","Parent Relationship": "Outer","Parallel Aware": false,"Async Capable": false,"Join Type": "Inner","Startup Cost": 1.40,"Total Cost": 4403.27,"Plan Rows": 4900,"Plan Width": 108,"Actual Startup Time": 0.235,"Actual Total Time": 42.988,"Actual Rows": 3979,"Actual Loops": 3,"Inner Unique": true,"Hash Cond": "(customer.c_nationkey = n2.n_nationkey)","Workers": [],"Plans": [{"Node Type": "Seq Scan","Parent Relationship": "Outer","Parallel Aware": true,"Async Capable": false,"Relation Name": "customer","Alias": "customer","Startup Cost": 0.00,"Total Cost": 4210.00,"Plan Rows": 62500,"Plan Width": 8,"Actual Startup Time": 0.018,"Actual Total Time": 9.061,"Actual Rows": 50000,"Actual Loops": 3,"Workers": []},{"Node Type": "Hash","Parent Relationship": "Inner","Parallel Aware": false,"Async Capable": false,"Startup Cost": 1.38,"Total Cost": 1.38,"Plan Rows": 2,"Plan Width": 108,"Actual Startup Time": 0.104,"Actual Total Time": 0.112,"Actual Rows": 2,"Actual Loops": 3,"Hash Buckets": 1024,"Original Hash Buckets": 1024,"Hash Batches": 1,"Original Hash Batches": 1,"Peak Memory Usage": 9,"Workers": [],"Plans": [{"Node Type": "Seq Scan","Parent Relationship": "Outer","Parallel Aware": false,"Async Capable": false,"Relation Name": "nation","Alias": "n2","Startup Cost": 0.00,"Total Cost": 1.38,"Plan Rows": 2,"Plan Width": 108,"Actual Startup Time": 0.087,"Actual Total Time": 0.092,"Actual Rows": 2,"Actual Loops": 3,"Filter": "((n_name = 'JORDAN'::bpchar) OR (n_name = 'SAUDI ARABIA'::bpchar))","Rows Removed by Filter": 23,"Workers": []}]}]},{"Node Type": "Index Scan","Parent Relationship": "Inner","Parallel Aware": false,"Async Capable": false,"Scan Direction": "Forward","Index Name": "idx_orders_custkey","Relation Name": "orders","Alias": "orders","Startup Cost": 0.43,"Total Cost": 1.46,"Plan Rows": 17,"Plan Width": 8,"Actual Startup Time": 0.007,"Actual Total Time": 0.043,"Actual Rows": 10,"Actual Loops": 11937,"Index Cond": "(o_custkey = customer.c_custkey)","Rows Removed by Index Recheck": 0,"Workers": []}]},{"Node Type": "Index Scan","Parent Relationship": "Inner","Parallel Aware": false,"Async Capable": false,"Scan Direction": "Forward","Index Name": "idx_lineitem_orderkey","Relation Name": "lineitem","Alias": "lineitem","Startup Cost": 0.43,"Total Cost": 1.14,"Plan Rows": 5,"Plan Width": 24,"Actual Startup Time": 0.016,"Actual Total Time": 0.017,"Actual Rows": 1,"Actual Loops": 119189,"Index Cond": "(l_orderkey = orders.o_orderkey)","Rows Removed by Index Recheck": 0,"Filter": "((l_shipdate >= '1995-01-01'::date) AND (l_shipdate <= '1996-12-31'::date))","Rows Removed by Filter": 3,"Workers": []}]},{"Node Type": "Hash","Parent Relationship": "Inner","Parallel Aware": false,"Async Capable": false,"Startup Cost": 354.10,"Total Cost": 354.10,"Plan Rows": 784,"Plan Width": 108,"Actual Startup Time": 11.525,"Actual Total Time": 11.541,"Actual Rows": 773,"Actual Loops": 3,"Hash Buckets": 1024,"Original Hash Buckets": 1024,"Hash Batches": 1,"Original Hash Batches": 1,"Peak Memory Usage": 55,"Workers": [],"Plans": [{"Node Type": "Hash Join","Parent Relationship": "Outer","Parallel Aware": false,"Async Capable": false,"Join Type": "Inner","Startup Cost": 1.40,"Total Cost": 354.10,"Plan Rows": 784,"Plan Width": 108,"Actual Startup Time": 0.112,"Actual Total Time": 11.343,"Actual Rows": 773,"Actual Loops": 3,"Inner Unique": true,"Hash Cond": "(supplier.s_nationkey = n1.n_nationkey)","Workers": [],"Plans": [{"Node Type": "Seq Scan","Parent Relationship": "Outer","Parallel Aware": false,"Async Capable": false,"Relation Name": "supplier","Alias": "supplier","Startup Cost": 0.00,"Total Cost": 322.00,"Plan Rows": 10000,"Plan Width": 8,"Actual Startup Time": 0.038,"Actual Total Time": 4.611,"Actual Rows": 10000,"Actual Loops": 3,"Workers": []},{"Node Type": "Hash","Parent Relationship": "Inner","Parallel Aware": false,"Async Capable": false,"Startup Cost": 1.38,"Total Cost": 1.38,"Plan Rows": 2,"Plan Width": 108,"Actual Startup Time": 0.019,"Actual Total Time": 0.025,"Actual Rows": 2,"Actual Loops": 3,"Hash Buckets": 1024,"Original Hash Buckets": 1024,"Hash Batches": 1,"Original Hash Batches": 1,"Peak Memory Usage": 9,"Workers": [],"Plans": [{"Node Type": "Seq Scan","Parent Relationship": "Outer","Parallel Aware": false,"Async Capable": false,"Relation Name": "nation","Alias": "n1","Startup Cost": 0.00,"Total Cost": 1.38,"Plan Rows": 2,"Plan Width": 108,"Actual Startup Time": 0.009,"Actual Total Time": 0.014,"Actual Rows": 2,"Actual Loops": 3,"Filter": "((n_name = 'SAUDI ARABIA'::bpchar) OR (n_name = 'JORDAN'::bpchar))","Rows Removed by Filter": 23,"Workers": []}]}]}]}]}]}]}]}]},"Planning Time": 8.739,"Triggers": [],"Execution Time": 966.386}]
[{"Plan": {"Node Type": "Aggregate","Strategy": "Sorted","Partial Mode": "Finalize","Parallel Aware": false,"Async Capable": false,"Startup Cost": 72556.41,"Total Cost": 73352.71,"Plan Rows": 5893,"Plan Width": 272,"Actual Startup Time": 938.444,"Actual Total Time": 982.849,"Actual Rows": 4,"Actual Loops": 1,"Group Key": ["n1.n_name", "n2.n_name", "(EXTRACT(year FROM lineitem.l_shipdate))"],"Plans": [{"Node Type": "Gather Merge","Parent Relationship": "Outer","Parallel Aware": false,"Async Capable": false,"Startup Cost": 72556.41,"Total Cost": 73202.94,"Plan Rows": 4910,"Plan Width": 272,"Actual Startup Time": 938.168,"Actual Total Time": 982.797,"Actual Rows": 12,"Actual Loops": 1,"Workers Planned": 2,"Workers Launched": 2,"Plans": [{"Node Type": "Aggregate","Strategy": "Sorted","Partial Mode": "Partial","Parent Relationship": "Outer","Parallel Aware": false,"Async Capable": false,"Startup Cost": 71556.39,"Total Cost": 71636.18,"Plan Rows": 2455,"Plan Width": 272,"Actual Startup Time": 930.490,"Actual Total Time": 931.165,"Actual Rows": 4,"Actual Loops": 3,"Group Key": ["n1.n_name", "n2.n_name", "(EXTRACT(year FROM lineitem.l_shipdate))"],"Workers": [],"Plans": [{"Node Type": "Sort","Parent Relationship": "Outer","Parallel Aware": false,"Async Capable": false,"Startup Cost": 71556.39,"Total Cost": 71562.53,"Plan Rows": 2455,"Plan Width": 252,"Actual Startup Time": 930.213,"Actual Total Time": 930.318,"Actual Rows": 1967,"Actual Loops": 3,"Sort Key": ["n1.n_name", "n2.n_name", "(EXTRACT(year FROM lineitem.l_shipdate))"],"Sort Method": "quicksort","Sort Space Used": 265,"Sort Space Type": "Memory","Workers": [{"Worker Number": 0,"Sort Method": "quicksort","Sort Space Used": 266,"Sort Space Type": "Memory"},{"Worker Number": 1,"Sort Method": "quicksort","Sort Space Used": 259,"Sort Space Type": "Memory"}],"Plans": [{"Node Type": "Hash Join","Parent Relationship": "Outer","Parallel Aware": false,"Async Capable": false,"Join Type": "Inner","Startup Cost": 366.16,"Total Cost": 71418.15,"Plan Rows": 2455,"Plan Width": 252,"Actual Startup Time": 13.437,"Actual Total Time": 928.311,"Actual Rows": 1967,"Actual Loops": 3,"Inner Unique": false,"Hash Cond": "(lineitem.l_suppkey = supplier.s_suppkey)","Join Filter": "(((n1.n_name = 'MOZAMBIQUE'::bpchar) AND (n2.n_name = 'INDIA'::bpchar)) OR ((n1.n_name = 'INDIA'::bpchar) AND (n2.n_name = 'MOZAMBIQUE'::bpchar)))","Rows Removed by Join Filter": 2031,"Workers": [],"Plans": [{"Node Type": "Nested Loop","Parent Relationship": "Outer","Parallel Aware": false,"Async Capable": false,"Join Type": "Inner","Startup Cost": 2.26,"Total Cost": 70727.78,"Plan Rows": 60250,"Plan Width": 124,"Actual Startup Time": 0.714,"Actual Total Time": 909.235,"Actual Rows": 48854,"Actual Loops": 3,"Inner Unique": false,"Workers": [],"Plans": [{"Node Type": "Nested Loop","Parent Relationship": "Outer","Parallel Aware": false,"Async Capable": false,"Join Type": "Inner","Startup Cost": 1.83,"Total Cost": 12400.01,"Plan Rows": 49000,"Plan Width": 108,"Actual Startup Time": 0.352,"Actual Total Time": 224.938,"Actual Rows": 40365,"Actual Loops": 3,"Inner Unique": false,"Workers": [],"Plans": [{"Node Type": "Hash Join","Parent Relationship": "Outer","Parallel Aware": false,"Async Capable": false,"Join Type": "Inner","Startup Cost": 1.40,"Total Cost": 4403.27,"Plan Rows": 4900,"Plan Width": 108,"Actual Startup Time": 0.204,"Actual Total Time": 43.665,"Actual Rows": 4005,"Actual Loops": 3,"Inner Unique": true,"Hash Cond": "(customer.c_nationkey = n2.n_nationkey)","Workers": [],"Plans": [{"Node Type": "Seq Scan","Parent Relationship": "Outer","Parallel Aware": true,"Async Capable": false,"Relation Name": "customer","Alias": "customer","Startup Cost": 0.00,"Total Cost": 4210.00,"Plan Rows": 62500,"Plan Width": 8,"Actual Startup Time": 0.014,"Actual Total Time": 9.115,"Actual Rows": 50000,"Actual Loops": 3,"Workers": []},{"Node Type": "Hash","Parent Relationship": "Inner","Parallel Aware": false,"Async Capable": false,"Startup Cost": 1.38,"Total Cost": 1.38,"Plan Rows": 2,"Plan Width": 108,"Actual Startup Time": 0.079,"Actual Total Time": 0.085,"Actual Rows": 2,"Actual Loops": 3,"Hash Buckets": 1024,"Original Hash Buckets": 1024,"Hash Batches": 1,"Original Hash Batches": 1,"Peak Memory Usage": 9,"Workers": [],"Plans": [{"Node Type": "Seq Scan","Parent Relationship": "Outer","Parallel Aware": false,"Async Capable": false,"Relation Name": "nation","Alias": "n2","Startup Cost": 0.00,"Total Cost": 1.38,"Plan Rows": 2,"Plan Width": 108,"Actual Startup Time": 0.057,"Actual Total Time": 0.064,"Actual Rows": 2,"Actual Loops": 3,"Filter": "((n_name = 'INDIA'::bpchar) OR (n_name = 'MOZAMBIQUE'::bpchar))","Rows Removed by Filter": 23,"Workers": []}]}]},{"Node Type": "Index Scan","Parent Relationship": "Inner","Parallel Aware": false,"Async Capable": false,"Scan Direction": "Forward","Index Name": "idx_orders_custkey","Relation Name": "orders","Alias": "orders","Startup Cost": 0.43,"Total Cost": 1.46,"Plan Rows": 17,"Plan Width": 8,"Actual Startup Time": 0.007,"Actual Total Time": 0.044,"Actual Rows": 10,"Actual Loops": 12016,"Index Cond": "(o_custkey = customer.c_custkey)","Rows Removed by Index Recheck": 0,"Workers": []}]},{"Node Type": "Index Scan","Parent Relationship": "Inner","Parallel Aware": false,"Async Capable": false,"Scan Direction": "Forward","Index Name": "idx_lineitem_orderkey","Relation Name": "lineitem","Alias": "lineitem","Startup Cost": 0.43,"Total Cost": 1.14,"Plan Rows": 5,"Plan Width": 24,"Actual Startup Time": 0.016,"Actual Total Time": 0.017,"Actual Rows": 1,"Actual Loops": 121094,"Index Cond": "(l_orderkey = orders.o_orderkey)","Rows Removed by Index Recheck": 0,"Filter": "((l_shipdate >= '1995-01-01'::date) AND (l_shipdate <= '1996-12-31'::date))","Rows Removed by Filter": 3,"Workers": []}]},{"Node Type": "Hash","Parent Relationship": "Inner","Parallel Aware": false,"Async Capable": false,"Startup Cost": 354.10,"Total Cost": 354.10,"Plan Rows": 784,"Plan Width": 108,"Actual Startup Time": 11.741,"Actual Total Time": 11.751,"Actual Rows": 821,"Actual Loops": 3,"Hash Buckets": 1024,"Original Hash Buckets": 1024,"Hash Batches": 1,"Original Hash Batches": 1,"Peak Memory Usage": 58,"Workers": [],"Plans": [{"Node Type": "Hash Join","Parent Relationship": "Outer","Parallel Aware": false,"Async Capable": false,"Join Type": "Inner","Startup Cost": 1.40,"Total Cost": 354.10,"Plan Rows": 784,"Plan Width": 108,"Actual Startup Time": 0.122,"Actual Total Time": 11.545,"Actual Rows": 821,"Actual Loops": 3,"Inner Unique": true,"Hash Cond": "(supplier.s_nationkey = n1.n_nationkey)","Workers": [],"Plans": [{"Node Type": "Seq Scan","Parent Relationship": "Outer","Parallel Aware": false,"Async Capable": false,"Relation Name": "supplier","Alias": "supplier","Startup Cost": 0.00,"Total Cost": 322.00,"Plan Rows": 10000,"Plan Width": 8,"Actual Startup Time": 0.059,"Actual Total Time": 4.765,"Actual Rows": 10000,"Actual Loops": 3,"Workers": []},{"Node Type": "Hash","Parent Relationship": "Inner","Parallel Aware": false,"Async Capable": false,"Startup Cost": 1.38,"Total Cost": 1.38,"Plan Rows": 2,"Plan Width": 108,"Actual Startup Time": 0.020,"Actual Total Time": 0.025,"Actual Rows": 2,"Actual Loops": 3,"Hash Buckets": 1024,"Original Hash Buckets": 1024,"Hash Batches": 1,"Original Hash Batches": 1,"Peak Memory Usage": 9,"Workers": [],"Plans": [{"Node Type": "Seq Scan","Parent Relationship": "Outer","Parallel Aware": false,"Async Capable": false,"Relation Name": "nation","Alias": "n1","Startup Cost": 0.00,"Total Cost": 1.38,"Plan Rows": 2,"Plan Width": 108,"Actual Startup Time": 0.009,"Actual Total Time": 0.015,"Actual Rows": 2,"Actual Loops": 3,"Filter": "((n_name = 'MOZAMBIQUE'::bpchar) OR (n_name = 'INDIA'::bpchar))","Rows Removed by Filter": 23,"Workers": []}]}]}]}]}]}]}]}]},"Planning Time": 9.238,"Triggers": [],"Execution Time": 983.269}]
[{"Plan": {"Node Type": "Aggregate","Strategy": "Sorted","Partial Mode": "Finalize","Parallel Aware": false,"Async Capable": false,"Startup Cost": 72556.41,"Total Cost": 73352.71,"Plan Rows": 5893,"Plan Width": 272,"Actual Startup Time": 909.826,"Actual Total Time": 953.599,"Actual Rows": 4,"Actual Loops": 1,"Group Key": ["n1.n_name", "n2.n_name", "(EXTRACT(year FROM lineitem.l_shipdate))"],"Plans": [{"Node Type": "Gather Merge","Parent Relationship": "Outer","Parallel Aware": false,"Async Capable": false,"Startup Cost": 72556.41,"Total Cost": 73202.94,"Plan Rows": 4910,"Plan Width": 272,"Actual Startup Time": 909.560,"Actual Total Time": 953.539,"Actual Rows": 12,"Actual Loops": 1,"Workers Planned": 2,"Workers Launched": 2,"Plans": [{"Node Type": "Aggregate","Strategy": "Sorted","Partial Mode": "Partial","Parent Relationship": "Outer","Parallel Aware": false,"Async Capable": false,"Startup Cost": 71556.39,"Total Cost": 71636.18,"Plan Rows": 2455,"Plan Width": 272,"Actual Startup Time": 901.050,"Actual Total Time": 901.737,"Actual Rows": 4,"Actual Loops": 3,"Group Key": ["n1.n_name", "n2.n_name", "(EXTRACT(year FROM lineitem.l_shipdate))"],"Workers": [],"Plans": [{"Node Type": "Sort","Parent Relationship": "Outer","Parallel Aware": false,"Async Capable": false,"Startup Cost": 71556.39,"Total Cost": 71562.53,"Plan Rows": 2455,"Plan Width": 252,"Actual Startup Time": 900.780,"Actual Total Time": 900.885,"Actual Rows": 1956,"Actual Loops": 3,"Sort Key": ["n1.n_name", "n2.n_name", "(EXTRACT(year FROM lineitem.l_shipdate))"],"Sort Method": "quicksort","Sort Space Used": 271,"Sort Space Type": "Memory","Workers": [{"Worker Number": 0,"Sort Method": "quicksort","Sort Space Used": 258,"Sort Space Type": "Memory"},{"Worker Number": 1,"Sort Method": "quicksort","Sort Space Used": 258,"Sort Space Type": "Memory"}],"Plans": [{"Node Type": "Hash Join","Parent Relationship": "Outer","Parallel Aware": false,"Async Capable": false,"Join Type": "Inner","Startup Cost": 366.16,"Total Cost": 71418.15,"Plan Rows": 2455,"Plan Width": 252,"Actual Startup Time": 12.438,"Actual Total Time": 898.828,"Actual Rows": 1956,"Actual Loops": 3,"Inner Unique": false,"Hash Cond": "(lineitem.l_suppkey = supplier.s_suppkey)","Join Filter": "(((n1.n_name = 'UNITED KINGDOM'::bpchar) AND (n2.n_name = 'INDONESIA'::bpchar)) OR ((n1.n_name = 'INDONESIA'::bpchar) AND (n2.n_name = 'UNITED KINGDOM'::bpchar)))","Rows Removed by Join Filter": 2017,"Workers": [],"Plans": [{"Node Type": "Nested Loop","Parent Relationship": "Outer","Parallel Aware": false,"Async Capable": false,"Join Type": "Inner","Startup Cost": 2.26,"Total Cost": 70727.78,"Plan Rows": 60250,"Plan Width": 124,"Actual Startup Time": 0.593,"Actual Total Time": 880.233,"Actual Rows": 49273,"Actual Loops": 3,"Inner Unique": false,"Workers": [],"Plans": [{"Node Type": "Nested Loop","Parent Relationship": "Outer","Parallel Aware": false,"Async Capable": false,"Join Type": "Inner","Startup Cost": 1.83,"Total Cost": 12400.01,"Plan Rows": 49000,"Plan Width": 108,"Actual Startup Time": 0.373,"Actual Total Time": 217.910,"Actual Rows": 40277,"Actual Loops": 3,"Inner Unique": false,"Workers": [],"Plans": [{"Node Type": "Hash Join","Parent Relationship": "Outer","Parallel Aware": false,"Async Capable": false,"Join Type": "Inner","Startup Cost": 1.40,"Total Cost": 4403.27,"Plan Rows": 4900,"Plan Width": 108,"Actual Startup Time": 0.230,"Actual Total Time": 41.497,"Actual Rows": 4057,"Actual Loops": 3,"Inner Unique": true,"Hash Cond": "(customer.c_nationkey = n2.n_nationkey)","Workers": [],"Plans": [{"Node Type": "Seq Scan","Parent Relationship": "Outer","Parallel Aware": true,"Async Capable": false,"Relation Name": "customer","Alias": "customer","Startup Cost": 0.00,"Total Cost": 4210.00,"Plan Rows": 62500,"Plan Width": 8,"Actual Startup Time": 0.017,"Actual Total Time": 9.046,"Actual Rows": 50000,"Actual Loops": 3,"Workers": []},{"Node Type": "Hash","Parent Relationship": "Inner","Parallel Aware": false,"Async Capable": false,"Startup Cost": 1.38,"Total Cost": 1.38,"Plan Rows": 2,"Plan Width": 108,"Actual Startup Time": 0.090,"Actual Total Time": 0.097,"Actual Rows": 2,"Actual Loops": 3,"Hash Buckets": 1024,"Original Hash Buckets": 1024,"Hash Batches": 1,"Original Hash Batches": 1,"Peak Memory Usage": 9,"Workers": [],"Plans": [{"Node Type": "Seq Scan","Parent Relationship": "Outer","Parallel Aware": false,"Async Capable": false,"Relation Name": "nation","Alias": "n2","Startup Cost": 0.00,"Total Cost": 1.38,"Plan Rows": 2,"Plan Width": 108,"Actual Startup Time": 0.069,"Actual Total Time": 0.076,"Actual Rows": 2,"Actual Loops": 3,"Filter": "((n_name = 'INDONESIA'::bpchar) OR (n_name = 'UNITED KINGDOM'::bpchar))","Rows Removed by Filter": 23,"Workers": []}]}]},{"Node Type": "Index Scan","Parent Relationship": "Inner","Parallel Aware": false,"Async Capable": false,"Scan Direction": "Forward","Index Name": "idx_orders_custkey","Relation Name": "orders","Alias": "orders","Startup Cost": 0.43,"Total Cost": 1.46,"Plan Rows": 17,"Plan Width": 8,"Actual Startup Time": 0.007,"Actual Total Time": 0.042,"Actual Rows": 10,"Actual Loops": 12172,"Index Cond": "(o_custkey = customer.c_custkey)","Rows Removed by Index Recheck": 0,"Workers": []}]},{"Node Type": "Index Scan","Parent Relationship": "Inner","Parallel Aware": false,"Async Capable": false,"Scan Direction": "Forward","Index Name": "idx_lineitem_orderkey","Relation Name": "lineitem","Alias": "lineitem","Startup Cost": 0.43,"Total Cost": 1.14,"Plan Rows": 5,"Plan Width": 24,"Actual Startup Time": 0.015,"Actual Total Time": 0.016,"Actual Rows": 1,"Actual Loops": 120832,"Index Cond": "(l_orderkey = orders.o_orderkey)","Rows Removed by Index Recheck": 0,"Filter": "((l_shipdate >= '1995-01-01'::date) AND (l_shipdate <= '1996-12-31'::date))","Rows Removed by Filter": 3,"Workers": []}]},{"Node Type": "Hash","Parent Relationship": "Inner","Parallel Aware": false,"Async Capable": false,"Startup Cost": 354.10,"Total Cost": 354.10,"Plan Rows": 784,"Plan Width": 108,"Actual Startup Time": 10.385,"Actual Total Time": 10.398,"Actual Rows": 795,"Actual Loops": 3,"Hash Buckets": 1024,"Original Hash Buckets": 1024,"Hash Batches": 1,"Original Hash Batches": 1,"Peak Memory Usage": 57,"Workers": [],"Plans": [{"Node Type": "Hash Join","Parent Relationship": "Outer","Parallel Aware": false,"Async Capable": false,"Join Type": "Inner","Startup Cost": 1.40,"Total Cost": 354.10,"Plan Rows": 784,"Plan Width": 108,"Actual Startup Time": 0.060,"Actual Total Time": 10.208,"Actual Rows": 795,"Actual Loops": 3,"Inner Unique": true,"Hash Cond": "(supplier.s_nationkey = n1.n_nationkey)","Workers": [],"Plans": [{"Node Type": "Seq Scan","Parent Relationship": "Outer","Parallel Aware": false,"Async Capable": false,"Relation Name": "supplier","Alias": "supplier","Startup Cost": 0.00,"Total Cost": 322.00,"Plan Rows": 10000,"Plan Width": 8,"Actual Startup Time": 0.020,"Actual Total Time": 4.100,"Actual Rows": 10000,"Actual Loops": 3,"Workers": []},{"Node Type": "Hash","Parent Relationship": "Inner","Parallel Aware": false,"Async Capable": false,"Startup Cost": 1.38,"Total Cost": 1.38,"Plan Rows": 2,"Plan Width": 108,"Actual Startup Time": 0.012,"Actual Total Time": 0.016,"Actual Rows": 2,"Actual Loops": 3,"Hash Buckets": 1024,"Original Hash Buckets": 1024,"Hash Batches": 1,"Original Hash Batches": 1,"Peak Memory Usage": 9,"Workers": [],"Plans": [{"Node Type": "Seq Scan","Parent Relationship": "Outer","Parallel Aware": false,"Async Capable": false,"Relation Name": "nation","Alias": "n1","Startup Cost": 0.00,"Total Cost": 1.38,"Plan Rows": 2,"Plan Width": 108,"Actual Startup Time": 0.006,"Actual Total Time": 0.010,"Actual Rows": 2,"Actual Loops": 3,"Filter": "((n_name = 'UNITED KINGDOM'::bpchar) OR (n_name = 'INDONESIA'::bpchar))","Rows Removed by Filter": 23,"Workers": []}]}]}]}]}]}]}]}]},"Planning Time": 8.626,"Triggers": [],"Execution Time": 954.185}]
[{"Plan": {"Node Type": "Aggregate","Strategy": "Sorted","Partial Mode": "Finalize","Parallel Aware": false,"Async Capable": false,"Startup Cost": 72556.41,"Total Cost": 73352.71,"Plan Rows": 5893,"Plan Width": 272,"Actual Startup Time": 944.109,"Actual Total Time": 990.868,"Actual Rows": 4,"Actual Loops": 1,"Group Key": ["n1.n_name", "n2.n_name", "(EXTRACT(year FROM lineitem.l_shipdate))"],"Plans": [{"Node Type": "Gather Merge","Parent Relationship": "Outer","Parallel Aware": false,"Async Capable": false,"Startup Cost": 72556.41,"Total Cost": 73202.94,"Plan Rows": 4910,"Plan Width": 272,"Actual Startup Time": 943.782,"Actual Total Time": 990.765,"Actual Rows": 12,"Actual Loops": 1,"Workers Planned": 2,"Workers Launched": 2,"Plans": [{"Node Type": "Aggregate","Strategy": "Sorted","Partial Mode": "Partial","Parent Relationship": "Outer","Parallel Aware": false,"Async Capable": false,"Startup Cost": 71556.39,"Total Cost": 71636.18,"Plan Rows": 2455,"Plan Width": 272,"Actual Startup Time": 935.262,"Actual Total Time": 935.943,"Actual Rows": 4,"Actual Loops": 3,"Group Key": ["n1.n_name", "n2.n_name", "(EXTRACT(year FROM lineitem.l_shipdate))"],"Workers": [],"Plans": [{"Node Type": "Sort","Parent Relationship": "Outer","Parallel Aware": false,"Async Capable": false,"Startup Cost": 71556.39,"Total Cost": 71562.53,"Plan Rows": 2455,"Plan Width": 252,"Actual Startup Time": 934.996,"Actual Total Time": 935.102,"Actual Rows": 1981,"Actual Loops": 3,"Sort Key": ["n1.n_name", "n2.n_name", "(EXTRACT(year FROM lineitem.l_shipdate))"],"Sort Method": "quicksort","Sort Space Used": 260,"Sort Space Type": "Memory","Workers": [{"Worker Number": 0,"Sort Method": "quicksort","Sort Space Used": 267,"Sort Space Type": "Memory"},{"Worker Number": 1,"Sort Method": "quicksort","Sort Space Used": 268,"Sort Space Type": "Memory"}],"Plans": [{"Node Type": "Hash Join","Parent Relationship": "Outer","Parallel Aware": false,"Async Capable": false,"Join Type": "Inner","Startup Cost": 366.16,"Total Cost": 71418.15,"Plan Rows": 2455,"Plan Width": 252,"Actual Startup Time": 10.270,"Actual Total Time": 933.204,"Actual Rows": 1981,"Actual Loops": 3,"Inner Unique": false,"Hash Cond": "(lineitem.l_suppkey = supplier.s_suppkey)","Join Filter": "(((n1.n_name = 'MOZAMBIQUE'::bpchar) AND (n2.n_name = 'ROMANIA'::bpchar)) OR ((n1.n_name = 'ROMANIA'::bpchar) AND (n2.n_name = 'MOZAMBIQUE'::bpchar)))","Rows Removed by Join Filter": 2006,"Workers": [],"Plans": [{"Node Type": "Nested Loop","Parent Relationship": "Outer","Parallel Aware": false,"Async Capable": false,"Join Type": "Inner","Startup Cost": 2.26,"Total Cost": 70727.78,"Plan Rows": 60250,"Plan Width": 124,"Actual Startup Time": 0.793,"Actual Total Time": 917.401,"Actual Rows": 49467,"Actual Loops": 3,"Inner Unique": false,"Workers": [],"Plans": [{"Node Type": "Nested Loop","Parent Relationship": "Outer","Parallel Aware": false,"Async Capable": false,"Join Type": "Inner","Startup Cost": 1.83,"Total Cost": 12400.01,"Plan Rows": 49000,"Plan Width": 108,"Actual Startup Time": 0.304,"Actual Total Time": 230.066,"Actual Rows": 40760,"Actual Loops": 3,"Inner Unique": false,"Workers": [],"Plans": [{"Node Type": "Hash Join","Parent Relationship": "Outer","Parallel Aware": false,"Async Capable": false,"Join Type": "Inner","Startup Cost": 1.40,"Total Cost": 4403.27,"Plan Rows": 4900,"Plan Width": 108,"Actual Startup Time": 0.189,"Actual Total Time": 46.413,"Actual Rows": 4025,"Actual Loops": 3,"Inner Unique": true,"Hash Cond": "(customer.c_nationkey = n2.n_nationkey)","Workers": [],"Plans": [{"Node Type": "Seq Scan","Parent Relationship": "Outer","Parallel Aware": true,"Async Capable": false,"Relation Name": "customer","Alias": "customer","Startup Cost": 0.00,"Total Cost": 4210.00,"Plan Rows": 62500,"Plan Width": 8,"Actual Startup Time": 0.015,"Actual Total Time": 9.642,"Actual Rows": 50000,"Actual Loops": 3,"Workers": []},{"Node Type": "Hash","Parent Relationship": "Inner","Parallel Aware": false,"Async Capable": false,"Startup Cost": 1.38,"Total Cost": 1.38,"Plan Rows": 2,"Plan Width": 108,"Actual Startup Time": 0.073,"Actual Total Time": 0.077,"Actual Rows": 2,"Actual Loops": 3,"Hash Buckets": 1024,"Original Hash Buckets": 1024,"Hash Batches": 1,"Original Hash Batches": 1,"Peak Memory Usage": 9,"Workers": [],"Plans": [{"Node Type": "Seq Scan","Parent Relationship": "Outer","Parallel Aware": false,"Async Capable": false,"Relation Name": "nation","Alias": "n2","Startup Cost": 0.00,"Total Cost": 1.38,"Plan Rows": 2,"Plan Width": 108,"Actual Startup Time": 0.058,"Actual Total Time": 0.061,"Actual Rows": 2,"Actual Loops": 3,"Filter": "((n_name = 'ROMANIA'::bpchar) OR (n_name = 'MOZAMBIQUE'::bpchar))","Rows Removed by Filter": 23,"Workers": []}]}]},{"Node Type": "Index Scan","Parent Relationship": "Inner","Parallel Aware": false,"Async Capable": false,"Scan Direction": "Forward","Index Name": "idx_orders_custkey","Relation Name": "orders","Alias": "orders","Startup Cost": 0.43,"Total Cost": 1.46,"Plan Rows": 17,"Plan Width": 8,"Actual Startup Time": 0.007,"Actual Total Time": 0.044,"Actual Rows": 10,"Actual Loops": 12074,"Index Cond": "(o_custkey = customer.c_custkey)","Rows Removed by Index Recheck": 0,"Workers": []}]},{"Node Type": "Index Scan","Parent Relationship": "Inner","Parallel Aware": false,"Async Capable": false,"Scan Direction": "Forward","Index Name": "idx_lineitem_orderkey","Relation Name": "lineitem","Alias": "lineitem","Startup Cost": 0.43,"Total Cost": 1.14,"Plan Rows": 5,"Plan Width": 24,"Actual Startup Time": 0.016,"Actual Total Time": 0.017,"Actual Rows": 1,"Actual Loops": 122279,"Index Cond": "(l_orderkey = orders.o_orderkey)","Rows Removed by Index Recheck": 0,"Filter": "((l_shipdate >= '1995-01-01'::date) AND (l_shipdate <= '1996-12-31'::date))","Rows Removed by Filter": 3,"Workers": []}]},{"Node Type": "Hash","Parent Relationship": "Inner","Parallel Aware": false,"Async Capable": false,"Startup Cost": 354.10,"Total Cost": 354.10,"Plan Rows": 784,"Plan Width": 108,"Actual Startup Time": 8.343,"Actual Total Time": 8.359,"Actual Rows": 804,"Actual Loops": 3,"Hash Buckets": 1024,"Original Hash Buckets": 1024,"Hash Batches": 1,"Original Hash Batches": 1,"Peak Memory Usage": 57,"Workers": [],"Plans": [{"Node Type": "Hash Join","Parent Relationship": "Outer","Parallel Aware": false,"Async Capable": false,"Join Type": "Inner","Startup Cost": 1.40,"Total Cost": 354.10,"Plan Rows": 784,"Plan Width": 108,"Actual Startup Time": 0.085,"Actual Total Time": 8.126,"Actual Rows": 804,"Actual Loops": 3,"Inner Unique": true,"Hash Cond": "(supplier.s_nationkey = n1.n_nationkey)","Workers": [],"Plans": [{"Node Type": "Seq Scan","Parent Relationship": "Outer","Parallel Aware": false,"Async Capable": false,"Relation Name": "supplier","Alias": "supplier","Startup Cost": 0.00,"Total Cost": 322.00,"Plan Rows": 10000,"Plan Width": 8,"Actual Startup Time": 0.031,"Actual Total Time": 4.541,"Actual Rows": 10000,"Actual Loops": 3,"Workers": []},{"Node Type": "Hash","Parent Relationship": "Inner","Parallel Aware": false,"Async Capable": false,"Startup Cost": 1.38,"Total Cost": 1.38,"Plan Rows": 2,"Plan Width": 108,"Actual Startup Time": 0.018,"Actual Total Time": 0.023,"Actual Rows": 2,"Actual Loops": 3,"Hash Buckets": 1024,"Original Hash Buckets": 1024,"Hash Batches": 1,"Original Hash Batches": 1,"Peak Memory Usage": 9,"Workers": [],"Plans": [{"Node Type": "Seq Scan","Parent Relationship": "Outer","Parallel Aware": false,"Async Capable": false,"Relation Name": "nation","Alias": "n1","Startup Cost": 0.00,"Total Cost": 1.38,"Plan Rows": 2,"Plan Width": 108,"Actual Startup Time": 0.009,"Actual Total Time": 0.012,"Actual Rows": 2,"Actual Loops": 3,"Filter": "((n_name = 'MOZAMBIQUE'::bpchar) OR (n_name = 'ROMANIA'::bpchar))","Rows Removed by Filter": 23,"Workers": []}]}]}]}]}]}]}]}]},"Planning Time": 8.936,"Triggers": [],"Execution Time": 991.301}]
[{"Plan": {"Node Type": "Aggregate","Strategy": "Sorted","Partial Mode": "Finalize","Parallel Aware": false,"Async Capable": false,"Startup Cost": 72556.41,"Total Cost": 73352.71,"Plan Rows": 5893,"Plan Width": 272,"Actual Startup Time": 917.310,"Actual Total Time": 974.247,"Actual Rows": 4,"Actual Loops": 1,"Group Key": ["n1.n_name", "n2.n_name", "(EXTRACT(year FROM lineitem.l_shipdate))"],"Plans": [{"Node Type": "Gather Merge","Parent Relationship": "Outer","Parallel Aware": false,"Async Capable": false,"Startup Cost": 72556.41,"Total Cost": 73202.94,"Plan Rows": 4910,"Plan Width": 272,"Actual Startup Time": 916.842,"Actual Total Time": 974.167,"Actual Rows": 12,"Actual Loops": 1,"Workers Planned": 2,"Workers Launched": 2,"Plans": [{"Node Type": "Aggregate","Strategy": "Sorted","Partial Mode": "Partial","Parent Relationship": "Outer","Parallel Aware": false,"Async Capable": false,"Startup Cost": 71556.39,"Total Cost": 71636.18,"Plan Rows": 2455,"Plan Width": 272,"Actual Startup Time": 908.298,"Actual Total Time": 909.027,"Actual Rows": 4,"Actual Loops": 3,"Group Key": ["n1.n_name", "n2.n_name", "(EXTRACT(year FROM lineitem.l_shipdate))"],"Workers": [],"Plans": [{"Node Type": "Sort","Parent Relationship": "Outer","Parallel Aware": false,"Async Capable": false,"Startup Cost": 71556.39,"Total Cost": 71562.53,"Plan Rows": 2455,"Plan Width": 252,"Actual Startup Time": 908.026,"Actual Total Time": 908.136,"Actual Rows": 1864,"Actual Loops": 3,"Sort Key": ["n1.n_name", "n2.n_name", "(EXTRACT(year FROM lineitem.l_shipdate))"],"Sort Method": "quicksort","Sort Space Used": 258,"Sort Space Type": "Memory","Workers": [{"Worker Number": 0,"Sort Method": "quicksort","Sort Space Used": 252,"Sort Space Type": "Memory"},{"Worker Number": 1,"Sort Method": "quicksort","Sort Space Used": 247,"Sort Space Type": "Memory"}],"Plans": [{"Node Type": "Hash Join","Parent Relationship": "Outer","Parallel Aware": false,"Async Capable": false,"Join Type": "Inner","Startup Cost": 366.16,"Total Cost": 71418.15,"Plan Rows": 2455,"Plan Width": 252,"Actual Startup Time": 10.556,"Actual Total Time": 906.237,"Actual Rows": 1864,"Actual Loops": 3,"Inner Unique": false,"Hash Cond": "(lineitem.l_suppkey = supplier.s_suppkey)","Join Filter": "(((n1.n_name = 'KENYA'::bpchar) AND (n2.n_name = 'GERMANY'::bpchar)) OR ((n1.n_name = 'GERMANY'::bpchar) AND (n2.n_name = 'KENYA'::bpchar)))","Rows Removed by Join Filter": 1808,"Workers": [],"Plans": [{"Node Type": "Nested Loop","Parent Relationship": "Outer","Parallel Aware": false,"Async Capable": false,"Join Type": "Inner","Startup Cost": 2.26,"Total Cost": 70727.78,"Plan Rows": 60250,"Plan Width": 124,"Actual Startup Time": 0.716,"Actual Total Time": 890.172,"Actual Rows": 48034,"Actual Loops": 3,"Inner Unique": false,"Workers": [],"Plans": [{"Node Type": "Nested Loop","Parent Relationship": "Outer","Parallel Aware": false,"Async Capable": false,"Join Type": "Inner","Startup Cost": 1.83,"Total Cost": 12400.01,"Plan Rows": 49000,"Plan Width": 108,"Actual Startup Time": 0.335,"Actual Total Time": 224.576,"Actual Rows": 39555,"Actual Loops": 3,"Inner Unique": false,"Workers": [],"Plans": [{"Node Type": "Hash Join","Parent Relationship": "Outer","Parallel Aware": false,"Async Capable": false,"Join Type": "Inner","Startup Cost": 1.40,"Total Cost": 4403.27,"Plan Rows": 4900,"Plan Width": 108,"Actual Startup Time": 0.196,"Actual Total Time": 48.094,"Actual Rows": 3967,"Actual Loops": 3,"Inner Unique": true,"Hash Cond": "(customer.c_nationkey = n2.n_nationkey)","Workers": [],"Plans": [{"Node Type": "Seq Scan","Parent Relationship": "Outer","Parallel Aware": true,"Async Capable": false,"Relation Name": "customer","Alias": "customer","Startup Cost": 0.00,"Total Cost": 4210.00,"Plan Rows": 62500,"Plan Width": 8,"Actual Startup Time": 0.013,"Actual Total Time": 9.600,"Actual Rows": 50000,"Actual Loops": 3,"Workers": []},{"Node Type": "Hash","Parent Relationship": "Inner","Parallel Aware": false,"Async Capable": false,"Startup Cost": 1.38,"Total Cost": 1.38,"Plan Rows": 2,"Plan Width": 108,"Actual Startup Time": 0.083,"Actual Total Time": 0.090,"Actual Rows": 2,"Actual Loops": 3,"Hash Buckets": 1024,"Original Hash Buckets": 1024,"Hash Batches": 1,"Original Hash Batches": 1,"Peak Memory Usage": 9,"Workers": [],"Plans": [{"Node Type": "Seq Scan","Parent Relationship": "Outer","Parallel Aware": false,"Async Capable": false,"Relation Name": "nation","Alias": "n2","Startup Cost": 0.00,"Total Cost": 1.38,"Plan Rows": 2,"Plan Width": 108,"Actual Startup Time": 0.058,"Actual Total Time": 0.065,"Actual Rows": 2,"Actual Loops": 3,"Filter": "((n_name = 'GERMANY'::bpchar) OR (n_name = 'KENYA'::bpchar))","Rows Removed by Filter": 23,"Workers": []}]}]},{"Node Type": "Index Scan","Parent Relationship": "Inner","Parallel Aware": false,"Async Capable": false,"Scan Direction": "Forward","Index Name": "idx_orders_custkey","Relation Name": "orders","Alias": "orders","Startup Cost": 0.43,"Total Cost": 1.46,"Plan Rows": 17,"Plan Width": 8,"Actual Startup Time": 0.007,"Actual Total Time": 0.043,"Actual Rows": 10,"Actual Loops": 11900,"Index Cond": "(o_custkey = customer.c_custkey)","Rows Removed by Index Recheck": 0,"Workers": []}]},{"Node Type": "Index Scan","Parent Relationship": "Inner","Parallel Aware": false,"Async Capable": false,"Scan Direction": "Forward","Index Name": "idx_lineitem_orderkey","Relation Name": "lineitem","Alias": "lineitem","Startup Cost": 0.43,"Total Cost": 1.14,"Plan Rows": 5,"Plan Width": 24,"Actual Startup Time": 0.016,"Actual Total Time": 0.017,"Actual Rows": 1,"Actual Loops": 118664,"Index Cond": "(l_orderkey = orders.o_orderkey)","Rows Removed by Index Recheck": 0,"Filter": "((l_shipdate >= '1995-01-01'::date) AND (l_shipdate <= '1996-12-31'::date))","Rows Removed by Filter": 3,"Workers": []}]},{"Node Type": "Hash","Parent Relationship": "Inner","Parallel Aware": false,"Async Capable": false,"Startup Cost": 354.10,"Total Cost": 354.10,"Plan Rows": 784,"Plan Width": 108,"Actual Startup Time": 9.131,"Actual Total Time": 9.148,"Actual Rows": 772,"Actual Loops": 3,"Hash Buckets": 1024,"Original Hash Buckets": 1024,"Hash Batches": 1,"Original Hash Batches": 1,"Peak Memory Usage": 55,"Workers": [],"Plans": [{"Node Type": "Hash Join","Parent Relationship": "Outer","Parallel Aware": false,"Async Capable": false,"Join Type": "Inner","Startup Cost": 1.40,"Total Cost": 354.10,"Plan Rows": 784,"Plan Width": 108,"Actual Startup Time": 0.086,"Actual Total Time": 8.929,"Actual Rows": 772,"Actual Loops": 3,"Inner Unique": true,"Hash Cond": "(supplier.s_nationkey = n1.n_nationkey)","Workers": [],"Plans": [{"Node Type": "Seq Scan","Parent Relationship": "Outer","Parallel Aware": false,"Async Capable": false,"Relation Name": "supplier","Alias": "supplier","Startup Cost": 0.00,"Total Cost": 322.00,"Plan Rows": 10000,"Plan Width": 8,"Actual Startup Time": 0.034,"Actual Total Time": 4.646,"Actual Rows": 10000,"Actual Loops": 3,"Workers": []},{"Node Type": "Hash","Parent Relationship": "Inner","Parallel Aware": false,"Async Capable": false,"Startup Cost": 1.38,"Total Cost": 1.38,"Plan Rows": 2,"Plan Width": 108,"Actual Startup Time": 0.019,"Actual Total Time": 0.025,"Actual Rows": 2,"Actual Loops": 3,"Hash Buckets": 1024,"Original Hash Buckets": 1024,"Hash Batches": 1,"Original Hash Batches": 1,"Peak Memory Usage": 9,"Workers": [],"Plans": [{"Node Type": "Seq Scan","Parent Relationship": "Outer","Parallel Aware": false,"Async Capable": false,"Relation Name": "nation","Alias": "n1","Startup Cost": 0.00,"Total Cost": 1.38,"Plan Rows": 2,"Plan Width": 108,"Actual Startup Time": 0.007,"Actual Total Time": 0.012,"Actual Rows": 2,"Actual Loops": 3,"Filter": "((n_name = 'KENYA'::bpchar) OR (n_name = 'GERMANY'::bpchar))","Rows Removed by Filter": 23,"Workers": []}]}]}]}]}]}]}]}]},"Planning Time": 9.273,"Triggers": [],"Execution Time": 974.690}]
[{"Plan": {"Node Type": "Aggregate","Strategy": "Sorted","Partial Mode": "Finalize","Parallel Aware": false,"Async Capable": false,"Startup Cost": 72556.41,"Total Cost": 73352.71,"Plan Rows": 5893,"Plan Width": 272,"Actual Startup Time": 916.737,"Actual Total Time": 960.419,"Actual Rows": 4,"Actual Loops": 1,"Group Key": ["n1.n_name", "n2.n_name", "(EXTRACT(year FROM lineitem.l_shipdate))"],"Plans": [{"Node Type": "Gather Merge","Parent Relationship": "Outer","Parallel Aware": false,"Async Capable": false,"Startup Cost": 72556.41,"Total Cost": 73202.94,"Plan Rows": 4910,"Plan Width": 272,"Actual Startup Time": 915.897,"Actual Total Time": 960.317,"Actual Rows": 12,"Actual Loops": 1,"Workers Planned": 2,"Workers Launched": 2,"Plans": [{"Node Type": "Aggregate","Strategy": "Sorted","Partial Mode": "Partial","Parent Relationship": "Outer","Parallel Aware": false,"Async Capable": false,"Startup Cost": 71556.39,"Total Cost": 71636.18,"Plan Rows": 2455,"Plan Width": 272,"Actual Startup Time": 907.574,"Actual Total Time": 908.436,"Actual Rows": 4,"Actual Loops": 3,"Group Key": ["n1.n_name", "n2.n_name", "(EXTRACT(year FROM lineitem.l_shipdate))"],"Workers": [],"Plans": [{"Node Type": "Sort","Parent Relationship": "Outer","Parallel Aware": false,"Async Capable": false,"Startup Cost": 71556.39,"Total Cost": 71562.53,"Plan Rows": 2455,"Plan Width": 252,"Actual Startup Time": 907.289,"Actual Total Time": 907.418,"Actual Rows": 1945,"Actual Loops": 3,"Sort Key": ["n1.n_name", "n2.n_name", "(EXTRACT(year FROM lineitem.l_shipdate))"],"Sort Method": "quicksort","Sort Space Used": 269,"Sort Space Type": "Memory","Workers": [{"Worker Number": 0,"Sort Method": "quicksort","Sort Space Used": 256,"Sort Space Type": "Memory"},{"Worker Number": 1,"Sort Method": "quicksort","Sort Space Used": 258,"Sort Space Type": "Memory"}],"Plans": [{"Node Type": "Hash Join","Parent Relationship": "Outer","Parallel Aware": false,"Async Capable": false,"Join Type": "Inner","Startup Cost": 366.16,"Total Cost": 71418.15,"Plan Rows": 2455,"Plan Width": 252,"Actual Startup Time": 12.137,"Actual Total Time": 905.479,"Actual Rows": 1945,"Actual Loops": 3,"Inner Unique": false,"Hash Cond": "(lineitem.l_suppkey = supplier.s_suppkey)","Join Filter": "(((n1.n_name = 'IRAN'::bpchar) AND (n2.n_name = 'EGYPT'::bpchar)) OR ((n1.n_name = 'EGYPT'::bpchar) AND (n2.n_name = 'IRAN'::bpchar)))","Rows Removed by Join Filter": 1920,"Workers": [],"Plans": [{"Node Type": "Nested Loop","Parent Relationship": "Outer","Parallel Aware": false,"Async Capable": false,"Join Type": "Inner","Startup Cost": 2.26,"Total Cost": 70727.78,"Plan Rows": 60250,"Plan Width": 124,"Actual Startup Time": 0.712,"Actual Total Time": 887.165,"Actual Rows": 48208,"Actual Loops": 3,"Inner Unique": false,"Workers": [],"Plans": [{"Node Type": "Nested Loop","Parent Relationship": "Outer","Parallel Aware": false,"Async Capable": false,"Join Type": "Inner","Startup Cost": 1.83,"Total Cost": 12400.01,"Plan Rows": 49000,"Plan Width": 108,"Actual Startup Time": 0.349,"Actual Total Time": 219.518,"Actual Rows": 39595,"Actual Loops": 3,"Inner Unique": false,"Workers": [],"Plans": [{"Node Type": "Hash Join","Parent Relationship": "Outer","Parallel Aware": false,"Async Capable": false,"Join Type": "Inner","Startup Cost": 1.40,"Total Cost": 4403.27,"Plan Rows": 4900,"Plan Width": 108,"Actual Startup Time": 0.214,"Actual Total Time": 43.427,"Actual Rows": 4001,"Actual Loops": 3,"Inner Unique": true,"Hash Cond": "(customer.c_nationkey = n2.n_nationkey)","Workers": [],"Plans": [{"Node Type": "Seq Scan","Parent Relationship": "Outer","Parallel Aware": true,"Async Capable": false,"Relation Name": "customer","Alias": "customer","Startup Cost": 0.00,"Total Cost": 4210.00,"Plan Rows": 62500,"Plan Width": 8,"Actual Startup Time": 0.014,"Actual Total Time": 8.990,"Actual Rows": 50000,"Actual Loops": 3,"Workers": []},{"Node Type": "Hash","Parent Relationship": "Inner","Parallel Aware": false,"Async Capable": false,"Startup Cost": 1.38,"Total Cost": 1.38,"Plan Rows": 2,"Plan Width": 108,"Actual Startup Time": 0.102,"Actual Total Time": 0.110,"Actual Rows": 2,"Actual Loops": 3,"Hash Buckets": 1024,"Original Hash Buckets": 1024,"Hash Batches": 1,"Original Hash Batches": 1,"Peak Memory Usage": 9,"Workers": [],"Plans": [{"Node Type": "Seq Scan","Parent Relationship": "Outer","Parallel Aware": false,"Async Capable": false,"Relation Name": "nation","Alias": "n2","Startup Cost": 0.00,"Total Cost": 1.38,"Plan Rows": 2,"Plan Width": 108,"Actual Startup Time": 0.078,"Actual Total Time": 0.088,"Actual Rows": 2,"Actual Loops": 3,"Filter": "((n_name = 'EGYPT'::bpchar) OR (n_name = 'IRAN'::bpchar))","Rows Removed by Filter": 23,"Workers": []}]}]},{"Node Type": "Index Scan","Parent Relationship": "Inner","Parallel Aware": false,"Async Capable": false,"Scan Direction": "Forward","Index Name": "idx_orders_custkey","Relation Name": "orders","Alias": "orders","Startup Cost": 0.43,"Total Cost": 1.46,"Plan Rows": 17,"Plan Width": 8,"Actual Startup Time": 0.007,"Actual Total Time": 0.043,"Actual Rows": 10,"Actual Loops": 12004,"Index Cond": "(o_custkey = customer.c_custkey)","Rows Removed by Index Recheck": 0,"Workers": []}]},{"Node Type": "Index Scan","Parent Relationship": "Inner","Parallel Aware": false,"Async Capable": false,"Scan Direction": "Forward","Index Name": "idx_lineitem_orderkey","Relation Name": "lineitem","Alias": "lineitem","Startup Cost": 0.43,"Total Cost": 1.14,"Plan Rows": 5,"Plan Width": 24,"Actual Startup Time": 0.016,"Actual Total Time": 0.017,"Actual Rows": 1,"Actual Loops": 118786,"Index Cond": "(l_orderkey = orders.o_orderkey)","Rows Removed by Index Recheck": 0,"Filter": "((l_shipdate >= '1995-01-01'::date) AND (l_shipdate <= '1996-12-31'::date))","Rows Removed by Filter": 3,"Workers": []}]},{"Node Type": "Hash","Parent Relationship": "Inner","Parallel Aware": false,"Async Capable": false,"Startup Cost": 354.10,"Total Cost": 354.10,"Plan Rows": 784,"Plan Width": 108,"Actual Startup Time": 11.161,"Actual Total Time": 11.176,"Actual Rows": 808,"Actual Loops": 3,"Hash Buckets": 1024,"Original Hash Buckets": 1024,"Hash Batches": 1,"Original Hash Batches": 1,"Peak Memory Usage": 57,"Workers": [],"Plans": [{"Node Type": "Hash Join","Parent Relationship": "Outer","Parallel Aware": false,"Async Capable": false,"Join Type": "Inner","Startup Cost": 1.40,"Total Cost": 354.10,"Plan Rows": 784,"Plan Width": 108,"Actual Startup Time": 0.098,"Actual Total Time": 10.981,"Actual Rows": 808,"Actual Loops": 3,"Inner Unique": true,"Hash Cond": "(supplier.s_nationkey = n1.n_nationkey)","Workers": [],"Plans": [{"Node Type": "Seq Scan","Parent Relationship": "Outer","Parallel Aware": false,"Async Capable": false,"Relation Name": "supplier","Alias": "supplier","Startup Cost": 0.00,"Total Cost": 322.00,"Plan Rows": 10000,"Plan Width": 8,"Actual Startup Time": 0.032,"Actual Total Time": 4.493,"Actual Rows": 10000,"Actual Loops": 3,"Workers": []},{"Node Type": "Hash","Parent Relationship": "Inner","Parallel Aware": false,"Async Capable": false,"Startup Cost": 1.38,"Total Cost": 1.38,"Plan Rows": 2,"Plan Width": 108,"Actual Startup Time": 0.019,"Actual Total Time": 0.024,"Actual Rows": 2,"Actual Loops": 3,"Hash Buckets": 1024,"Original Hash Buckets": 1024,"Hash Batches": 1,"Original Hash Batches": 1,"Peak Memory Usage": 9,"Workers": [],"Plans": [{"Node Type": "Seq Scan","Parent Relationship": "Outer","Parallel Aware": false,"Async Capable": false,"Relation Name": "nation","Alias": "n1","Startup Cost": 0.00,"Total Cost": 1.38,"Plan Rows": 2,"Plan Width": 108,"Actual Startup Time": 0.006,"Actual Total Time": 0.013,"Actual Rows": 2,"Actual Loops": 3,"Filter": "((n_name = 'IRAN'::bpchar) OR (n_name = 'EGYPT'::bpchar))","Rows Removed by Filter": 23,"Workers": []}]}]}]}]}]}]}]}]},"Planning Time": 8.721,"Triggers": [],"Execution Time": 960.845}]
[{"Plan": {"Node Type": "Aggregate","Strategy": "Sorted","Partial Mode": "Finalize","Parallel Aware": false,"Async Capable": false,"Startup Cost": 72556.41,"Total Cost": 73352.71,"Plan Rows": 5893,"Plan Width": 272,"Actual Startup Time": 930.482,"Actual Total Time": 974.303,"Actual Rows": 4,"Actual Loops": 1,"Group Key": ["n1.n_name", "n2.n_name", "(EXTRACT(year FROM lineitem.l_shipdate))"],"Plans": [{"Node Type": "Gather Merge","Parent Relationship": "Outer","Parallel Aware": false,"Async Capable": false,"Startup Cost": 72556.41,"Total Cost": 73202.94,"Plan Rows": 4910,"Plan Width": 272,"Actual Startup Time": 929.699,"Actual Total Time": 974.217,"Actual Rows": 12,"Actual Loops": 1,"Workers Planned": 2,"Workers Launched": 2,"Plans": [{"Node Type": "Aggregate","Strategy": "Sorted","Partial Mode": "Partial","Parent Relationship": "Outer","Parallel Aware": false,"Async Capable": false,"Startup Cost": 71556.39,"Total Cost": 71636.18,"Plan Rows": 2455,"Plan Width": 272,"Actual Startup Time": 921.969,"Actual Total Time": 922.850,"Actual Rows": 4,"Actual Loops": 3,"Group Key": ["n1.n_name", "n2.n_name", "(EXTRACT(year FROM lineitem.l_shipdate))"],"Workers": [],"Plans": [{"Node Type": "Sort","Parent Relationship": "Outer","Parallel Aware": false,"Async Capable": false,"Startup Cost": 71556.39,"Total Cost": 71562.53,"Plan Rows": 2455,"Plan Width": 252,"Actual Startup Time": 921.698,"Actual Total Time": 921.832,"Actual Rows": 1959,"Actual Loops": 3,"Sort Key": ["n1.n_name", "n2.n_name", "(EXTRACT(year FROM lineitem.l_shipdate))"],"Sort Method": "quicksort","Sort Space Used": 264,"Sort Space Type": "Memory","Workers": [{"Worker Number": 0,"Sort Method": "quicksort","Sort Space Used": 257,"Sort Space Type": "Memory"},{"Worker Number": 1,"Sort Method": "quicksort","Sort Space Used": 268,"Sort Space Type": "Memory"}],"Plans": [{"Node Type": "Hash Join","Parent Relationship": "Outer","Parallel Aware": false,"Async Capable": false,"Join Type": "Inner","Startup Cost": 366.16,"Total Cost": 71418.15,"Plan Rows": 2455,"Plan Width": 252,"Actual Startup Time": 12.325,"Actual Total Time": 919.851,"Actual Rows": 1959,"Actual Loops": 3,"Inner Unique": false,"Hash Cond": "(lineitem.l_suppkey = supplier.s_suppkey)","Join Filter": "(((n1.n_name = 'CANADA'::bpchar) AND (n2.n_name = 'UNITED KINGDOM'::bpchar)) OR ((n1.n_name = 'UNITED KINGDOM'::bpchar) AND (n2.n_name = 'CANADA'::bpchar)))","Rows Removed by Join Filter": 1994,"Workers": [],"Plans": [{"Node Type": "Nested Loop","Parent Relationship": "Outer","Parallel Aware": false,"Async Capable": false,"Join Type": "Inner","Startup Cost": 2.26,"Total Cost": 70727.78,"Plan Rows": 60250,"Plan Width": 124,"Actual Startup Time": 0.628,"Actual Total Time": 901.911,"Actual Rows": 48706,"Actual Loops": 3,"Inner Unique": false,"Workers": [],"Plans": [{"Node Type": "Nested Loop","Parent Relationship": "Outer","Parallel Aware": false,"Async Capable": false,"Join Type": "Inner","Startup Cost": 1.83,"Total Cost": 12400.01,"Plan Rows": 49000,"Plan Width": 108,"Actual Startup Time": 0.290,"Actual Total Time": 224.213,"Actual Rows": 39978,"Actual Loops": 3,"Inner Unique": false,"Workers": [],"Plans": [{"Node Type": "Hash Join","Parent Relationship": "Outer","Parallel Aware": false,"Async Capable": false,"Join Type": "Inner","Startup Cost": 1.40,"Total Cost": 4403.27,"Plan Rows": 4900,"Plan Width": 108,"Actual Startup Time": 0.155,"Actual Total Time": 44.640,"Actual Rows": 4010,"Actual Loops": 3,"Inner Unique": true,"Hash Cond": "(customer.c_nationkey = n2.n_nationkey)","Workers": [],"Plans": [{"Node Type": "Seq Scan","Parent Relationship": "Outer","Parallel Aware": true,"Async Capable": false,"Relation Name": "customer","Alias": "customer","Startup Cost": 0.00,"Total Cost": 4210.00,"Plan Rows": 62500,"Plan Width": 8,"Actual Startup Time": 0.011,"Actual Total Time": 9.148,"Actual Rows": 50000,"Actual Loops": 3,"Workers": []},{"Node Type": "Hash","Parent Relationship": "Inner","Parallel Aware": false,"Async Capable": false,"Startup Cost": 1.38,"Total Cost": 1.38,"Plan Rows": 2,"Plan Width": 108,"Actual Startup Time": 0.063,"Actual Total Time": 0.067,"Actual Rows": 2,"Actual Loops": 3,"Hash Buckets": 1024,"Original Hash Buckets": 1024,"Hash Batches": 1,"Original Hash Batches": 1,"Peak Memory Usage": 9,"Workers": [],"Plans": [{"Node Type": "Seq Scan","Parent Relationship": "Outer","Parallel Aware": false,"Async Capable": false,"Relation Name": "nation","Alias": "n2","Startup Cost": 0.00,"Total Cost": 1.38,"Plan Rows": 2,"Plan Width": 108,"Actual Startup Time": 0.045,"Actual Total Time": 0.051,"Actual Rows": 2,"Actual Loops": 3,"Filter": "((n_name = 'UNITED KINGDOM'::bpchar) OR (n_name = 'CANADA'::bpchar))","Rows Removed by Filter": 23,"Workers": []}]}]},{"Node Type": "Index Scan","Parent Relationship": "Inner","Parallel Aware": false,"Async Capable": false,"Scan Direction": "Forward","Index Name": "idx_orders_custkey","Relation Name": "orders","Alias": "orders","Startup Cost": 0.43,"Total Cost": 1.46,"Plan Rows": 17,"Plan Width": 8,"Actual Startup Time": 0.007,"Actual Total Time": 0.044,"Actual Rows": 10,"Actual Loops": 12031,"Index Cond": "(o_custkey = customer.c_custkey)","Rows Removed by Index Recheck": 0,"Workers": []}]},{"Node Type": "Index Scan","Parent Relationship": "Inner","Parallel Aware": false,"Async Capable": false,"Scan Direction": "Forward","Index Name": "idx_lineitem_orderkey","Relation Name": "lineitem","Alias": "lineitem","Startup Cost": 0.43,"Total Cost": 1.14,"Plan Rows": 5,"Plan Width": 24,"Actual Startup Time": 0.016,"Actual Total Time": 0.017,"Actual Rows": 1,"Actual Loops": 119935,"Index Cond": "(l_orderkey = orders.o_orderkey)","Rows Removed by Index Recheck": 0,"Filter": "((l_shipdate >= '1995-01-01'::date) AND (l_shipdate <= '1996-12-31'::date))","Rows Removed by Filter": 3,"Workers": []}]},{"Node Type": "Hash","Parent Relationship": "Inner","Parallel Aware": false,"Async Capable": false,"Startup Cost": 354.10,"Total Cost": 354.10,"Plan Rows": 784,"Plan Width": 108,"Actual Startup Time": 10.567,"Actual Total Time": 10.585,"Actual Rows": 802,"Actual Loops": 3,"Hash Buckets": 1024,"Original Hash Buckets": 1024,"Hash Batches": 1,"Original Hash Batches": 1,"Peak Memory Usage": 57,"Workers": [],"Plans": [{"Node Type": "Hash Join","Parent Relationship": "Outer","Parallel Aware": false,"Async Capable": false,"Join Type": "Inner","Startup Cost": 1.40,"Total Cost": 354.10,"Plan Rows": 784,"Plan Width": 108,"Actual Startup Time": 0.084,"Actual Total Time": 10.380,"Actual Rows": 802,"Actual Loops": 3,"Inner Unique": true,"Hash Cond": "(supplier.s_nationkey = n1.n_nationkey)","Workers": [],"Plans": [{"Node Type": "Seq Scan","Parent Relationship": "Outer","Parallel Aware": false,"Async Capable": false,"Relation Name": "supplier","Alias": "supplier","Startup Cost": 0.00,"Total Cost": 322.00,"Plan Rows": 10000,"Plan Width": 8,"Actual Startup Time": 0.035,"Actual Total Time": 4.285,"Actual Rows": 10000,"Actual Loops": 3,"Workers": []},{"Node Type": "Hash","Parent Relationship": "Inner","Parallel Aware": false,"Async Capable": false,"Startup Cost": 1.38,"Total Cost": 1.38,"Plan Rows": 2,"Plan Width": 108,"Actual Startup Time": 0.015,"Actual Total Time": 0.021,"Actual Rows": 2,"Actual Loops": 3,"Hash Buckets": 1024,"Original Hash Buckets": 1024,"Hash Batches": 1,"Original Hash Batches": 1,"Peak Memory Usage": 9,"Workers": [],"Plans": [{"Node Type": "Seq Scan","Parent Relationship": "Outer","Parallel Aware": false,"Async Capable": false,"Relation Name": "nation","Alias": "n1","Startup Cost": 0.00,"Total Cost": 1.38,"Plan Rows": 2,"Plan Width": 108,"Actual Startup Time": 0.004,"Actual Total Time": 0.010,"Actual Rows": 2,"Actual Loops": 3,"Filter": "((n_name = 'CANADA'::bpchar) OR (n_name = 'UNITED KINGDOM'::bpchar))","Rows Removed by Filter": 23,"Workers": []}]}]}]}]}]}]}]}]},"Planning Time": 9.503,"Triggers": [],"Execution Time": 974.738}]
[{"Plan": {"Node Type": "Aggregate","Strategy": "Sorted","Partial Mode": "Finalize","Parallel Aware": false,"Async Capable": false,"Startup Cost": 72556.41,"Total Cost": 73352.71,"Plan Rows": 5893,"Plan Width": 272,"Actual Startup Time": 927.242,"Actual Total Time": 984.162,"Actual Rows": 4,"Actual Loops": 1,"Group Key": ["n1.n_name", "n2.n_name", "(EXTRACT(year FROM lineitem.l_shipdate))"],"Plans": [{"Node Type": "Gather Merge","Parent Relationship": "Outer","Parallel Aware": false,"Async Capable": false,"Startup Cost": 72556.41,"Total Cost": 73202.94,"Plan Rows": 4910,"Plan Width": 272,"Actual Startup Time": 926.657,"Actual Total Time": 984.080,"Actual Rows": 12,"Actual Loops": 1,"Workers Planned": 2,"Workers Launched": 2,"Plans": [{"Node Type": "Aggregate","Strategy": "Sorted","Partial Mode": "Partial","Parent Relationship": "Outer","Parallel Aware": false,"Async Capable": false,"Startup Cost": 71556.39,"Total Cost": 71636.18,"Plan Rows": 2455,"Plan Width": 272,"Actual Startup Time": 918.037,"Actual Total Time": 918.839,"Actual Rows": 4,"Actual Loops": 3,"Group Key": ["n1.n_name", "n2.n_name", "(EXTRACT(year FROM lineitem.l_shipdate))"],"Workers": [],"Plans": [{"Node Type": "Sort","Parent Relationship": "Outer","Parallel Aware": false,"Async Capable": false,"Startup Cost": 71556.39,"Total Cost": 71562.53,"Plan Rows": 2455,"Plan Width": 252,"Actual Startup Time": 917.762,"Actual Total Time": 917.875,"Actual Rows": 1967,"Actual Loops": 3,"Sort Key": ["n1.n_name", "n2.n_name", "(EXTRACT(year FROM lineitem.l_shipdate))"],"Sort Method": "quicksort","Sort Space Used": 270,"Sort Space Type": "Memory","Workers": [{"Worker Number": 0,"Sort Method": "quicksort","Sort Space Used": 256,"Sort Space Type": "Memory"},{"Worker Number": 1,"Sort Method": "quicksort","Sort Space Used": 265,"Sort Space Type": "Memory"}],"Plans": [{"Node Type": "Hash Join","Parent Relationship": "Outer","Parallel Aware": false,"Async Capable": false,"Join Type": "Inner","Startup Cost": 366.16,"Total Cost": 71418.15,"Plan Rows": 2455,"Plan Width": 252,"Actual Startup Time": 9.432,"Actual Total Time": 915.996,"Actual Rows": 1967,"Actual Loops": 3,"Inner Unique": false,"Hash Cond": "(lineitem.l_suppkey = supplier.s_suppkey)","Join Filter": "(((n1.n_name = 'VIETNAM'::bpchar) AND (n2.n_name = 'CANADA'::bpchar)) OR ((n1.n_name = 'CANADA'::bpchar) AND (n2.n_name = 'VIETNAM'::bpchar)))","Rows Removed by Join Filter": 1986,"Workers": [],"Plans": [{"Node Type": "Nested Loop","Parent Relationship": "Outer","Parallel Aware": false,"Async Capable": false,"Join Type": "Inner","Startup Cost": 2.26,"Total Cost": 70727.78,"Plan Rows": 60250,"Plan Width": 124,"Actual Startup Time": 0.629,"Actual Total Time": 900.670,"Actual Rows": 49159,"Actual Loops": 3,"Inner Unique": false,"Workers": [],"Plans": [{"Node Type": "Nested Loop","Parent Relationship": "Outer","Parallel Aware": false,"Async Capable": false,"Join Type": "Inner","Startup Cost": 1.83,"Total Cost": 12400.01,"Plan Rows": 49000,"Plan Width": 108,"Actual Startup Time": 0.293,"Actual Total Time": 227.022,"Actual Rows": 40276,"Actual Loops": 3,"Inner Unique": false,"Workers": [],"Plans": [{"Node Type": "Hash Join","Parent Relationship": "Outer","Parallel Aware": false,"Async Capable": false,"Join Type": "Inner","Startup Cost": 1.40,"Total Cost": 4403.27,"Plan Rows": 4900,"Plan Width": 108,"Actual Startup Time": 0.190,"Actual Total Time": 46.943,"Actual Rows": 4009,"Actual Loops": 3,"Inner Unique": true,"Hash Cond": "(customer.c_nationkey = n2.n_nationkey)","Workers": [],"Plans": [{"Node Type": "Seq Scan","Parent Relationship": "Outer","Parallel Aware": true,"Async Capable": false,"Relation Name": "customer","Alias": "customer","Startup Cost": 0.00,"Total Cost": 4210.00,"Plan Rows": 62500,"Plan Width": 8,"Actual Startup Time": 0.015,"Actual Total Time": 9.490,"Actual Rows": 50000,"Actual Loops": 3,"Workers": []},{"Node Type": "Hash","Parent Relationship": "Inner","Parallel Aware": false,"Async Capable": false,"Startup Cost": 1.38,"Total Cost": 1.38,"Plan Rows": 2,"Plan Width": 108,"Actual Startup Time": 0.073,"Actual Total Time": 0.079,"Actual Rows": 2,"Actual Loops": 3,"Hash Buckets": 1024,"Original Hash Buckets": 1024,"Hash Batches": 1,"Original Hash Batches": 1,"Peak Memory Usage": 9,"Workers": [],"Plans": [{"Node Type": "Seq Scan","Parent Relationship": "Outer","Parallel Aware": false,"Async Capable": false,"Relation Name": "nation","Alias": "n2","Startup Cost": 0.00,"Total Cost": 1.38,"Plan Rows": 2,"Plan Width": 108,"Actual Startup Time": 0.050,"Actual Total Time": 0.059,"Actual Rows": 2,"Actual Loops": 3,"Filter": "((n_name = 'CANADA'::bpchar) OR (n_name = 'VIETNAM'::bpchar))","Rows Removed by Filter": 23,"Workers": []}]}]},{"Node Type": "Index Scan","Parent Relationship": "Inner","Parallel Aware": false,"Async Capable": false,"Scan Direction": "Forward","Index Name": "idx_orders_custkey","Relation Name": "orders","Alias": "orders","Startup Cost": 0.43,"Total Cost": 1.46,"Plan Rows": 17,"Plan Width": 8,"Actual Startup Time": 0.007,"Actual Total Time": 0.044,"Actual Rows": 10,"Actual Loops": 12028,"Index Cond": "(o_custkey = customer.c_custkey)","Rows Removed by Index Recheck": 0,"Workers": []}]},{"Node Type": "Index Scan","Parent Relationship": "Inner","Parallel Aware": false,"Async Capable": false,"Scan Direction": "Forward","Index Name": "idx_lineitem_orderkey","Relation Name": "lineitem","Alias": "lineitem","Startup Cost": 0.43,"Total Cost": 1.14,"Plan Rows": 5,"Plan Width": 24,"Actual Startup Time": 0.016,"Actual Total Time": 0.016,"Actual Rows": 1,"Actual Loops": 120827,"Index Cond": "(l_orderkey = orders.o_orderkey)","Rows Removed by Index Recheck": 0,"Filter": "((l_shipdate >= '1995-01-01'::date) AND (l_shipdate <= '1996-12-31'::date))","Rows Removed by Filter": 3,"Workers": []}]},{"Node Type": "Hash","Parent Relationship": "Inner","Parallel Aware": false,"Async Capable": false,"Startup Cost": 354.10,"Total Cost": 354.10,"Plan Rows": 784,"Plan Width": 108,"Actual Startup Time": 8.099,"Actual Total Time": 8.116,"Actual Rows": 811,"Actual Loops": 3,"Hash Buckets": 1024,"Original Hash Buckets": 1024,"Hash Batches": 1,"Original Hash Batches": 1,"Peak Memory Usage": 58,"Workers": [],"Plans": [{"Node Type": "Hash Join","Parent Relationship": "Outer","Parallel Aware": false,"Async Capable": false,"Join Type": "Inner","Startup Cost": 1.40,"Total Cost": 354.10,"Plan Rows": 784,"Plan Width": 108,"Actual Startup Time": 0.097,"Actual Total Time": 7.884,"Actual Rows": 811,"Actual Loops": 3,"Inner Unique": true,"Hash Cond": "(supplier.s_nationkey = n1.n_nationkey)","Workers": [],"Plans": [{"Node Type": "Seq Scan","Parent Relationship": "Outer","Parallel Aware": false,"Async Capable": false,"Relation Name": "supplier","Alias": "supplier","Startup Cost": 0.00,"Total Cost": 322.00,"Plan Rows": 10000,"Plan Width": 8,"Actual Startup Time": 0.031,"Actual Total Time": 4.258,"Actual Rows": 10000,"Actual Loops": 3,"Workers": []},{"Node Type": "Hash","Parent Relationship": "Inner","Parallel Aware": false,"Async Capable": false,"Startup Cost": 1.38,"Total Cost": 1.38,"Plan Rows": 2,"Plan Width": 108,"Actual Startup Time": 0.016,"Actual Total Time": 0.021,"Actual Rows": 2,"Actual Loops": 3,"Hash Buckets": 1024,"Original Hash Buckets": 1024,"Hash Batches": 1,"Original Hash Batches": 1,"Peak Memory Usage": 9,"Workers": [],"Plans": [{"Node Type": "Seq Scan","Parent Relationship": "Outer","Parallel Aware": false,"Async Capable": false,"Relation Name": "nation","Alias": "n1","Startup Cost": 0.00,"Total Cost": 1.38,"Plan Rows": 2,"Plan Width": 108,"Actual Startup Time": 0.005,"Actual Total Time": 0.010,"Actual Rows": 2,"Actual Loops": 3,"Filter": "((n_name = 'VIETNAM'::bpchar) OR (n_name = 'CANADA'::bpchar))","Rows Removed by Filter": 23,"Workers": []}]}]}]}]}]}]}]}]},"Planning Time": 8.171,"Triggers": [],"Execution Time": 984.644}]
[{"Plan": {"Node Type": "Aggregate","Strategy": "Sorted","Partial Mode": "Finalize","Parallel Aware": false,"Async Capable": false,"Startup Cost": 72556.41,"Total Cost": 73352.71,"Plan Rows": 5893,"Plan Width": 272,"Actual Startup Time": 916.036,"Actual Total Time": 958.864,"Actual Rows": 4,"Actual Loops": 1,"Group Key": ["n1.n_name", "n2.n_name", "(EXTRACT(year FROM lineitem.l_shipdate))"],"Plans": [{"Node Type": "Gather Merge","Parent Relationship": "Outer","Parallel Aware": false,"Async Capable": false,"Startup Cost": 72556.41,"Total Cost": 73202.94,"Plan Rows": 4910,"Plan Width": 272,"Actual Startup Time": 915.505,"Actual Total Time": 958.797,"Actual Rows": 12,"Actual Loops": 1,"Workers Planned": 2,"Workers Launched": 2,"Plans": [{"Node Type": "Aggregate","Strategy": "Sorted","Partial Mode": "Partial","Parent Relationship": "Outer","Parallel Aware": false,"Async Capable": false,"Startup Cost": 71556.39,"Total Cost": 71636.18,"Plan Rows": 2455,"Plan Width": 272,"Actual Startup Time": 907.266,"Actual Total Time": 908.067,"Actual Rows": 4,"Actual Loops": 3,"Group Key": ["n1.n_name", "n2.n_name", "(EXTRACT(year FROM lineitem.l_shipdate))"],"Workers": [],"Plans": [{"Node Type": "Sort","Parent Relationship": "Outer","Parallel Aware": false,"Async Capable": false,"Startup Cost": 71556.39,"Total Cost": 71562.53,"Plan Rows": 2455,"Plan Width": 252,"Actual Startup Time": 906.992,"Actual Total Time": 907.114,"Actual Rows": 2011,"Actual Loops": 3,"Sort Key": ["n1.n_name", "n2.n_name", "(EXTRACT(year FROM lineitem.l_shipdate))"],"Sort Method": "quicksort","Sort Space Used": 323,"Sort Space Type": "Memory","Workers": [{"Worker Number": 0,"Sort Method": "quicksort","Sort Space Used": 262,"Sort Space Type": "Memory"},{"Worker Number": 1,"Sort Method": "quicksort","Sort Space Used": 269,"Sort Space Type": "Memory"}],"Plans": [{"Node Type": "Hash Join","Parent Relationship": "Outer","Parallel Aware": false,"Async Capable": false,"Join Type": "Inner","Startup Cost": 366.16,"Total Cost": 71418.15,"Plan Rows": 2455,"Plan Width": 252,"Actual Startup Time": 12.427,"Actual Total Time": 905.169,"Actual Rows": 2011,"Actual Loops": 3,"Inner Unique": false,"Hash Cond": "(lineitem.l_suppkey = supplier.s_suppkey)","Join Filter": "(((n1.n_name = 'ALGERIA'::bpchar) AND (n2.n_name = 'EGYPT'::bpchar)) OR ((n1.n_name = 'EGYPT'::bpchar) AND (n2.n_name = 'ALGERIA'::bpchar)))","Rows Removed by Join Filter": 2024,"Workers": [],"Plans": [{"Node Type": "Nested Loop","Parent Relationship": "Outer","Parallel Aware": false,"Async Capable": false,"Join Type": "Inner","Startup Cost": 2.26,"Total Cost": 70727.78,"Plan Rows": 60250,"Plan Width": 124,"Actual Startup Time": 0.557,"Actual Total Time": 886.669,"Actual Rows": 48375,"Actual Loops": 3,"Inner Unique": false,"Workers": [],"Plans": [{"Node Type": "Nested Loop","Parent Relationship": "Outer","Parallel Aware": false,"Async Capable": false,"Join Type": "Inner","Startup Cost": 1.83,"Total Cost": 12400.01,"Plan Rows": 49000,"Plan Width": 108,"Actual Startup Time": 0.268,"Actual Total Time": 219.799,"Actual Rows": 39578,"Actual Loops": 3,"Inner Unique": false,"Workers": [],"Plans": [{"Node Type": "Hash Join","Parent Relationship": "Outer","Parallel Aware": false,"Async Capable": false,"Join Type": "Inner","Startup Cost": 1.40,"Total Cost": 4403.27,"Plan Rows": 4900,"Plan Width": 108,"Actual Startup Time": 0.168,"Actual Total Time": 43.881,"Actual Rows": 3973,"Actual Loops": 3,"Inner Unique": true,"Hash Cond": "(customer.c_nationkey = n2.n_nationkey)","Workers": [],"Plans": [{"Node Type": "Seq Scan","Parent Relationship": "Outer","Parallel Aware": true,"Async Capable": false,"Relation Name": "customer","Alias": "customer","Startup Cost": 0.00,"Total Cost": 4210.00,"Plan Rows": 62500,"Plan Width": 8,"Actual Startup Time": 0.013,"Actual Total Time": 9.019,"Actual Rows": 50000,"Actual Loops": 3,"Workers": []},{"Node Type": "Hash","Parent Relationship": "Inner","Parallel Aware": false,"Async Capable": false,"Startup Cost": 1.38,"Total Cost": 1.38,"Plan Rows": 2,"Plan Width": 108,"Actual Startup Time": 0.070,"Actual Total Time": 0.079,"Actual Rows": 2,"Actual Loops": 3,"Hash Buckets": 1024,"Original Hash Buckets": 1024,"Hash Batches": 1,"Original Hash Batches": 1,"Peak Memory Usage": 9,"Workers": [],"Plans": [{"Node Type": "Seq Scan","Parent Relationship": "Outer","Parallel Aware": false,"Async Capable": false,"Relation Name": "nation","Alias": "n2","Startup Cost": 0.00,"Total Cost": 1.38,"Plan Rows": 2,"Plan Width": 108,"Actual Startup Time": 0.049,"Actual Total Time": 0.058,"Actual Rows": 2,"Actual Loops": 3,"Filter": "((n_name = 'EGYPT'::bpchar) OR (n_name = 'ALGERIA'::bpchar))","Rows Removed by Filter": 23,"Workers": []}]}]},{"Node Type": "Index Scan","Parent Relationship": "Inner","Parallel Aware": false,"Async Capable": false,"Scan Direction": "Forward","Index Name": "idx_orders_custkey","Relation Name": "orders","Alias": "orders","Startup Cost": 0.43,"Total Cost": 1.46,"Plan Rows": 17,"Plan Width": 8,"Actual Startup Time": 0.007,"Actual Total Time": 0.043,"Actual Rows": 10,"Actual Loops": 11920,"Index Cond": "(o_custkey = customer.c_custkey)","Rows Removed by Index Recheck": 0,"Workers": []}]},{"Node Type": "Index Scan","Parent Relationship": "Inner","Parallel Aware": false,"Async Capable": false,"Scan Direction": "Forward","Index Name": "idx_lineitem_orderkey","Relation Name": "lineitem","Alias": "lineitem","Startup Cost": 0.43,"Total Cost": 1.14,"Plan Rows": 5,"Plan Width": 24,"Actual Startup Time": 0.016,"Actual Total Time": 0.017,"Actual Rows": 1,"Actual Loops": 118733,"Index Cond": "(l_orderkey = orders.o_orderkey)","Rows Removed by Index Recheck": 0,"Filter": "((l_shipdate >= '1995-01-01'::date) AND (l_shipdate <= '1996-12-31'::date))","Rows Removed by Filter": 3,"Workers": []}]},{"Node Type": "Hash","Parent Relationship": "Inner","Parallel Aware": false,"Async Capable": false,"Startup Cost": 354.10,"Total Cost": 354.10,"Plan Rows": 784,"Plan Width": 108,"Actual Startup Time": 11.276,"Actual Total Time": 11.291,"Actual Rows": 835,"Actual Loops": 3,"Hash Buckets": 1024,"Original Hash Buckets": 1024,"Hash Batches": 1,"Original Hash Batches": 1,"Peak Memory Usage": 59,"Workers": [],"Plans": [{"Node Type": "Hash Join","Parent Relationship": "Outer","Parallel Aware": false,"Async Capable": false,"Join Type": "Inner","Startup Cost": 1.40,"Total Cost": 354.10,"Plan Rows": 784,"Plan Width": 108,"Actual Startup Time": 0.089,"Actual Total Time": 11.090,"Actual Rows": 835,"Actual Loops": 3,"Inner Unique": true,"Hash Cond": "(supplier.s_nationkey = n1.n_nationkey)","Workers": [],"Plans": [{"Node Type": "Seq Scan","Parent Relationship": "Outer","Parallel Aware": false,"Async Capable": false,"Relation Name": "supplier","Alias": "supplier","Startup Cost": 0.00,"Total Cost": 322.00,"Plan Rows": 10000,"Plan Width": 8,"Actual Startup Time": 0.033,"Actual Total Time": 4.494,"Actual Rows": 10000,"Actual Loops": 3,"Workers": []},{"Node Type": "Hash","Parent Relationship": "Inner","Parallel Aware": false,"Async Capable": false,"Startup Cost": 1.38,"Total Cost": 1.38,"Plan Rows": 2,"Plan Width": 108,"Actual Startup Time": 0.014,"Actual Total Time": 0.020,"Actual Rows": 2,"Actual Loops": 3,"Hash Buckets": 1024,"Original Hash Buckets": 1024,"Hash Batches": 1,"Original Hash Batches": 1,"Peak Memory Usage": 9,"Workers": [],"Plans": [{"Node Type": "Seq Scan","Parent Relationship": "Outer","Parallel Aware": false,"Async Capable": false,"Relation Name": "nation","Alias": "n1","Startup Cost": 0.00,"Total Cost": 1.38,"Plan Rows": 2,"Plan Width": 108,"Actual Startup Time": 0.003,"Actual Total Time": 0.010,"Actual Rows": 2,"Actual Loops": 3,"Filter": "((n_name = 'ALGERIA'::bpchar) OR (n_name = 'EGYPT'::bpchar))","Rows Removed by Filter": 23,"Workers": []}]}]}]}]}]}]}]}]},"Planning Time": 8.599,"Triggers": [],"Execution Time": 959.286}]
[{"Plan": {"Node Type": "Aggregate","Strategy": "Sorted","Partial Mode": "Finalize","Parallel Aware": false,"Async Capable": false,"Startup Cost": 72556.41,"Total Cost": 73352.71,"Plan Rows": 5893,"Plan Width": 272,"Actual Startup Time": 922.116,"Actual Total Time": 966.272,"Actual Rows": 4,"Actual Loops": 1,"Group Key": ["n1.n_name", "n2.n_name", "(EXTRACT(year FROM lineitem.l_shipdate))"],"Plans": [{"Node Type": "Gather Merge","Parent Relationship": "Outer","Parallel Aware": false,"Async Capable": false,"Startup Cost": 72556.41,"Total Cost": 73202.94,"Plan Rows": 4910,"Plan Width": 272,"Actual Startup Time": 921.268,"Actual Total Time": 966.170,"Actual Rows": 12,"Actual Loops": 1,"Workers Planned": 2,"Workers Launched": 2,"Plans": [{"Node Type": "Aggregate","Strategy": "Sorted","Partial Mode": "Partial","Parent Relationship": "Outer","Parallel Aware": false,"Async Capable": false,"Startup Cost": 71556.39,"Total Cost": 71636.18,"Plan Rows": 2455,"Plan Width": 272,"Actual Startup Time": 913.286,"Actual Total Time": 914.141,"Actual Rows": 4,"Actual Loops": 3,"Group Key": ["n1.n_name", "n2.n_name", "(EXTRACT(year FROM lineitem.l_shipdate))"],"Workers": [],"Plans": [{"Node Type": "Sort","Parent Relationship": "Outer","Parallel Aware": false,"Async Capable": false,"Startup Cost": 71556.39,"Total Cost": 71562.53,"Plan Rows": 2455,"Plan Width": 252,"Actual Startup Time": 913.046,"Actual Total Time": 913.162,"Actual Rows": 1969,"Actual Loops": 3,"Sort Key": ["n1.n_name", "n2.n_name", "(EXTRACT(year FROM lineitem.l_shipdate))"],"Sort Method": "quicksort","Sort Space Used": 330,"Sort Space Type": "Memory","Workers": [{"Worker Number": 0,"Sort Method": "quicksort","Sort Space Used": 255,"Sort Space Type": "Memory"},{"Worker Number": 1,"Sort Method": "quicksort","Sort Space Used": 255,"Sort Space Type": "Memory"}],"Plans": [{"Node Type": "Hash Join","Parent Relationship": "Outer","Parallel Aware": false,"Async Capable": false,"Join Type": "Inner","Startup Cost": 366.16,"Total Cost": 71418.15,"Plan Rows": 2455,"Plan Width": 252,"Actual Startup Time": 13.198,"Actual Total Time": 911.166,"Actual Rows": 1969,"Actual Loops": 3,"Inner Unique": false,"Hash Cond": "(lineitem.l_suppkey = supplier.s_suppkey)","Join Filter": "(((n1.n_name = 'VIETNAM'::bpchar) AND (n2.n_name = 'UNITED KINGDOM'::bpchar)) OR ((n1.n_name = 'UNITED KINGDOM'::bpchar) AND (n2.n_name = 'VIETNAM'::bpchar)))","Rows Removed by Join Filter": 1963,"Workers": [],"Plans": [{"Node Type": "Nested Loop","Parent Relationship": "Outer","Parallel Aware": false,"Async Capable": false,"Join Type": "Inner","Startup Cost": 2.26,"Total Cost": 70727.78,"Plan Rows": 60250,"Plan Width": 124,"Actual Startup Time": 0.578,"Actual Total Time": 892.365,"Actual Rows": 48769,"Actual Loops": 3,"Inner Unique": false,"Workers": [],"Plans": [{"Node Type": "Nested Loop","Parent Relationship": "Outer","Parallel Aware": false,"Async Capable": false,"Join Type": "Inner","Startup Cost": 1.83,"Total Cost": 12400.01,"Plan Rows": 49000,"Plan Width": 108,"Actual Startup Time": 0.389,"Actual Total Time": 220.794,"Actual Rows": 39934,"Actual Loops": 3,"Inner Unique": false,"Workers": [],"Plans": [{"Node Type": "Hash Join","Parent Relationship": "Outer","Parallel Aware": false,"Async Capable": false,"Join Type": "Inner","Startup Cost": 1.40,"Total Cost": 4403.27,"Plan Rows": 4900,"Plan Width": 108,"Actual Startup Time": 0.206,"Actual Total Time": 42.947,"Actual Rows": 4006,"Actual Loops": 3,"Inner Unique": true,"Hash Cond": "(customer.c_nationkey = n2.n_nationkey)","Workers": [],"Plans": [{"Node Type": "Seq Scan","Parent Relationship": "Outer","Parallel Aware": true,"Async Capable": false,"Relation Name": "customer","Alias": "customer","Startup Cost": 0.00,"Total Cost": 4210.00,"Plan Rows": 62500,"Plan Width": 8,"Actual Startup Time": 0.013,"Actual Total Time": 9.037,"Actual Rows": 50000,"Actual Loops": 3,"Workers": []},{"Node Type": "Hash","Parent Relationship": "Inner","Parallel Aware": false,"Async Capable": false,"Startup Cost": 1.38,"Total Cost": 1.38,"Plan Rows": 2,"Plan Width": 108,"Actual Startup Time": 0.085,"Actual Total Time": 0.090,"Actual Rows": 2,"Actual Loops": 3,"Hash Buckets": 1024,"Original Hash Buckets": 1024,"Hash Batches": 1,"Original Hash Batches": 1,"Peak Memory Usage": 9,"Workers": [],"Plans": [{"Node Type": "Seq Scan","Parent Relationship": "Outer","Parallel Aware": false,"Async Capable": false,"Relation Name": "nation","Alias": "n2","Startup Cost": 0.00,"Total Cost": 1.38,"Plan Rows": 2,"Plan Width": 108,"Actual Startup Time": 0.068,"Actual Total Time": 0.070,"Actual Rows": 2,"Actual Loops": 3,"Filter": "((n_name = 'UNITED KINGDOM'::bpchar) OR (n_name = 'VIETNAM'::bpchar))","Rows Removed by Filter": 23,"Workers": []}]}]},{"Node Type": "Index Scan","Parent Relationship": "Inner","Parallel Aware": false,"Async Capable": false,"Scan Direction": "Forward","Index Name": "idx_orders_custkey","Relation Name": "orders","Alias": "orders","Startup Cost": 0.43,"Total Cost": 1.46,"Plan Rows": 17,"Plan Width": 8,"Actual Startup Time": 0.007,"Actual Total Time": 0.043,"Actual Rows": 10,"Actual Loops": 12019,"Index Cond": "(o_custkey = customer.c_custkey)","Rows Removed by Index Recheck": 0,"Workers": []}]},{"Node Type": "Index Scan","Parent Relationship": "Inner","Parallel Aware": false,"Async Capable": false,"Scan Direction": "Forward","Index Name": "idx_lineitem_orderkey","Relation Name": "lineitem","Alias": "lineitem","Startup Cost": 0.43,"Total Cost": 1.14,"Plan Rows": 5,"Plan Width": 24,"Actual Startup Time": 0.016,"Actual Total Time": 0.017,"Actual Rows": 1,"Actual Loops": 119802,"Index Cond": "(l_orderkey = orders.o_orderkey)","Rows Removed by Index Recheck": 0,"Filter": "((l_shipdate >= '1995-01-01'::date) AND (l_shipdate <= '1996-12-31'::date))","Rows Removed by Filter": 3,"Workers": []}]},{"Node Type": "Hash","Parent Relationship": "Inner","Parallel Aware": false,"Async Capable": false,"Startup Cost": 354.10,"Total Cost": 354.10,"Plan Rows": 784,"Plan Width": 108,"Actual Startup Time": 11.539,"Actual Total Time": 11.551,"Actual Rows": 789,"Actual Loops": 3,"Hash Buckets": 1024,"Original Hash Buckets": 1024,"Hash Batches": 1,"Original Hash Batches": 1,"Peak Memory Usage": 56,"Workers": [],"Plans": [{"Node Type": "Hash Join","Parent Relationship": "Outer","Parallel Aware": false,"Async Capable": false,"Join Type": "Inner","Startup Cost": 1.40,"Total Cost": 354.10,"Plan Rows": 784,"Plan Width": 108,"Actual Startup Time": 0.096,"Actual Total Time": 11.344,"Actual Rows": 789,"Actual Loops": 3,"Inner Unique": true,"Hash Cond": "(supplier.s_nationkey = n1.n_nationkey)","Workers": [],"Plans": [{"Node Type": "Seq Scan","Parent Relationship": "Outer","Parallel Aware": false,"Async Capable": false,"Relation Name": "supplier","Alias": "supplier","Startup Cost": 0.00,"Total Cost": 322.00,"Plan Rows": 10000,"Plan Width": 8,"Actual Startup Time": 0.034,"Actual Total Time": 4.790,"Actual Rows": 10000,"Actual Loops": 3,"Workers": []},{"Node Type": "Hash","Parent Relationship": "Inner","Parallel Aware": false,"Async Capable": false,"Startup Cost": 1.38,"Total Cost": 1.38,"Plan Rows": 2,"Plan Width": 108,"Actual Startup Time": 0.021,"Actual Total Time": 0.025,"Actual Rows": 2,"Actual Loops": 3,"Hash Buckets": 1024,"Original Hash Buckets": 1024,"Hash Batches": 1,"Original Hash Batches": 1,"Peak Memory Usage": 9,"Workers": [],"Plans": [{"Node Type": "Seq Scan","Parent Relationship": "Outer","Parallel Aware": false,"Async Capable": false,"Relation Name": "nation","Alias": "n1","Startup Cost": 0.00,"Total Cost": 1.38,"Plan Rows": 2,"Plan Width": 108,"Actual Startup Time": 0.013,"Actual Total Time": 0.015,"Actual Rows": 2,"Actual Loops": 3,"Filter": "((n_name = 'VIETNAM'::bpchar) OR (n_name = 'UNITED KINGDOM'::bpchar))","Rows Removed by Filter": 23,"Workers": []}]}]}]}]}]}]}]}]},"Planning Time": 9.160,"Triggers": [],"Execution Time": 966.649}]
[{"Plan": {"Node Type": "Aggregate","Strategy": "Sorted","Partial Mode": "Finalize","Parallel Aware": false,"Async Capable": false,"Startup Cost": 72556.41,"Total Cost": 73352.71,"Plan Rows": 5893,"Plan Width": 272,"Actual Startup Time": 939.102,"Actual Total Time": 982.558,"Actual Rows": 4,"Actual Loops": 1,"Group Key": ["n1.n_name", "n2.n_name", "(EXTRACT(year FROM lineitem.l_shipdate))"],"Plans": [{"Node Type": "Gather Merge","Parent Relationship": "Outer","Parallel Aware": false,"Async Capable": false,"Startup Cost": 72556.41,"Total Cost": 73202.94,"Plan Rows": 4910,"Plan Width": 272,"Actual Startup Time": 938.389,"Actual Total Time": 982.496,"Actual Rows": 12,"Actual Loops": 1,"Workers Planned": 2,"Workers Launched": 2,"Plans": [{"Node Type": "Aggregate","Strategy": "Sorted","Partial Mode": "Partial","Parent Relationship": "Outer","Parallel Aware": false,"Async Capable": false,"Startup Cost": 71556.39,"Total Cost": 71636.18,"Plan Rows": 2455,"Plan Width": 272,"Actual Startup Time": 929.605,"Actual Total Time": 930.501,"Actual Rows": 4,"Actual Loops": 3,"Group Key": ["n1.n_name", "n2.n_name", "(EXTRACT(year FROM lineitem.l_shipdate))"],"Workers": [],"Plans": [{"Node Type": "Sort","Parent Relationship": "Outer","Parallel Aware": false,"Async Capable": false,"Startup Cost": 71556.39,"Total Cost": 71562.53,"Plan Rows": 2455,"Plan Width": 252,"Actual Startup Time": 929.315,"Actual Total Time": 929.436,"Actual Rows": 1941,"Actual Loops": 3,"Sort Key": ["n1.n_name", "n2.n_name", "(EXTRACT(year FROM lineitem.l_shipdate))"],"Sort Method": "quicksort","Sort Space Used": 325,"Sort Space Type": "Memory","Workers": [{"Worker Number": 0,"Sort Method": "quicksort","Sort Space Used": 252,"Sort Space Type": "Memory"},{"Worker Number": 1,"Sort Method": "quicksort","Sort Space Used": 253,"Sort Space Type": "Memory"}],"Plans": [{"Node Type": "Hash Join","Parent Relationship": "Outer","Parallel Aware": false,"Async Capable": false,"Join Type": "Inner","Startup Cost": 366.16,"Total Cost": 71418.15,"Plan Rows": 2455,"Plan Width": 252,"Actual Startup Time": 12.820,"Actual Total Time": 927.545,"Actual Rows": 1941,"Actual Loops": 3,"Inner Unique": false,"Hash Cond": "(lineitem.l_suppkey = supplier.s_suppkey)","Join Filter": "(((n1.n_name = 'JORDAN'::bpchar) AND (n2.n_name = 'FRANCE'::bpchar)) OR ((n1.n_name = 'FRANCE'::bpchar) AND (n2.n_name = 'JORDAN'::bpchar)))","Rows Removed by Join Filter": 1893,"Workers": [],"Plans": [{"Node Type": "Nested Loop","Parent Relationship": "Outer","Parallel Aware": false,"Async Capable": false,"Join Type": "Inner","Startup Cost": 2.26,"Total Cost": 70727.78,"Plan Rows": 60250,"Plan Width": 124,"Actual Startup Time": 0.431,"Actual Total Time": 909.183,"Actual Rows": 49902,"Actual Loops": 3,"Inner Unique": false,"Workers": [],"Plans": [{"Node Type": "Nested Loop","Parent Relationship": "Outer","Parallel Aware": false,"Async Capable": false,"Join Type": "Inner","Startup Cost": 1.83,"Total Cost": 12400.01,"Plan Rows": 49000,"Plan Width": 108,"Actual Startup Time": 0.275,"Actual Total Time": 223.710,"Actual Rows": 40779,"Actual Loops": 3,"Inner Unique": false,"Workers": [],"Plans": [{"Node Type": "Hash Join","Parent Relationship": "Outer","Parallel Aware": false,"Async Capable": false,"Join Type": "Inner","Startup Cost": 1.40,"Total Cost": 4403.27,"Plan Rows": 4900,"Plan Width": 108,"Actual Startup Time": 0.183,"Actual Total Time": 43.522,"Actual Rows": 4044,"Actual Loops": 3,"Inner Unique": true,"Hash Cond": "(customer.c_nationkey = n2.n_nationkey)","Workers": [],"Plans": [{"Node Type": "Seq Scan","Parent Relationship": "Outer","Parallel Aware": true,"Async Capable": false,"Relation Name": "customer","Alias": "customer","Startup Cost": 0.00,"Total Cost": 4210.00,"Plan Rows": 62500,"Plan Width": 8,"Actual Startup Time": 0.014,"Actual Total Time": 9.096,"Actual Rows": 50000,"Actual Loops": 3,"Workers": []},{"Node Type": "Hash","Parent Relationship": "Inner","Parallel Aware": false,"Async Capable": false,"Startup Cost": 1.38,"Total Cost": 1.38,"Plan Rows": 2,"Plan Width": 108,"Actual Startup Time": 0.075,"Actual Total Time": 0.079,"Actual Rows": 2,"Actual Loops": 3,"Hash Buckets": 1024,"Original Hash Buckets": 1024,"Hash Batches": 1,"Original Hash Batches": 1,"Peak Memory Usage": 9,"Workers": [],"Plans": [{"Node Type": "Seq Scan","Parent Relationship": "Outer","Parallel Aware": false,"Async Capable": false,"Relation Name": "nation","Alias": "n2","Startup Cost": 0.00,"Total Cost": 1.38,"Plan Rows": 2,"Plan Width": 108,"Actual Startup Time": 0.057,"Actual Total Time": 0.063,"Actual Rows": 2,"Actual Loops": 3,"Filter": "((n_name = 'FRANCE'::bpchar) OR (n_name = 'JORDAN'::bpchar))","Rows Removed by Filter": 23,"Workers": []}]}]},{"Node Type": "Index Scan","Parent Relationship": "Inner","Parallel Aware": false,"Async Capable": false,"Scan Direction": "Forward","Index Name": "idx_orders_custkey","Relation Name": "orders","Alias": "orders","Startup Cost": 0.43,"Total Cost": 1.46,"Plan Rows": 17,"Plan Width": 8,"Actual Startup Time": 0.007,"Actual Total Time": 0.043,"Actual Rows": 10,"Actual Loops": 12133,"Index Cond": "(o_custkey = customer.c_custkey)","Rows Removed by Index Recheck": 0,"Workers": []}]},{"Node Type": "Index Scan","Parent Relationship": "Inner","Parallel Aware": false,"Async Capable": false,"Scan Direction": "Forward","Index Name": "idx_lineitem_orderkey","Relation Name": "lineitem","Alias": "lineitem","Startup Cost": 0.43,"Total Cost": 1.14,"Plan Rows": 5,"Plan Width": 24,"Actual Startup Time": 0.016,"Actual Total Time": 0.017,"Actual Rows": 1,"Actual Loops": 122336,"Index Cond": "(l_orderkey = orders.o_orderkey)","Rows Removed by Index Recheck": 0,"Filter": "((l_shipdate >= '1995-01-01'::date) AND (l_shipdate <= '1996-12-31'::date))","Rows Removed by Filter": 3,"Workers": []}]},{"Node Type": "Hash","Parent Relationship": "Inner","Parallel Aware": false,"Async Capable": false,"Startup Cost": 354.10,"Total Cost": 354.10,"Plan Rows": 784,"Plan Width": 108,"Actual Startup Time": 11.244,"Actual Total Time": 11.257,"Actual Rows": 764,"Actual Loops": 3,"Hash Buckets": 1024,"Original Hash Buckets": 1024,"Hash Batches": 1,"Original Hash Batches": 1,"Peak Memory Usage": 55,"Workers": [],"Plans": [{"Node Type": "Hash Join","Parent Relationship": "Outer","Parallel Aware": false,"Async Capable": false,"Join Type": "Inner","Startup Cost": 1.40,"Total Cost": 354.10,"Plan Rows": 784,"Plan Width": 108,"Actual Startup Time": 0.085,"Actual Total Time": 11.062,"Actual Rows": 764,"Actual Loops": 3,"Inner Unique": true,"Hash Cond": "(supplier.s_nationkey = n1.n_nationkey)","Workers": [],"Plans": [{"Node Type": "Seq Scan","Parent Relationship": "Outer","Parallel Aware": false,"Async Capable": false,"Relation Name": "supplier","Alias": "supplier","Startup Cost": 0.00,"Total Cost": 322.00,"Plan Rows": 10000,"Plan Width": 8,"Actual Startup Time": 0.025,"Actual Total Time": 4.590,"Actual Rows": 10000,"Actual Loops": 3,"Workers": []},{"Node Type": "Hash","Parent Relationship": "Inner","Parallel Aware": false,"Async Capable": false,"Startup Cost": 1.38,"Total Cost": 1.38,"Plan Rows": 2,"Plan Width": 108,"Actual Startup Time": 0.012,"Actual Total Time": 0.016,"Actual Rows": 2,"Actual Loops": 3,"Hash Buckets": 1024,"Original Hash Buckets": 1024,"Hash Batches": 1,"Original Hash Batches": 1,"Peak Memory Usage": 9,"Workers": [],"Plans": [{"Node Type": "Seq Scan","Parent Relationship": "Outer","Parallel Aware": false,"Async Capable": false,"Relation Name": "nation","Alias": "n1","Startup Cost": 0.00,"Total Cost": 1.38,"Plan Rows": 2,"Plan Width": 108,"Actual Startup Time": 0.005,"Actual Total Time": 0.010,"Actual Rows": 2,"Actual Loops": 3,"Filter": "((n_name = 'JORDAN'::bpchar) OR (n_name = 'FRANCE'::bpchar))","Rows Removed by Filter": 23,"Workers": []}]}]}]}]}]}]}]}]},"Planning Time": 7.981,"Triggers": [],"Execution Time": 982.984}]
[{"Plan": {"Node Type": "Aggregate","Strategy": "Sorted","Partial Mode": "Finalize","Parallel Aware": false,"Async Capable": false,"Startup Cost": 72556.41,"Total Cost": 73352.71,"Plan Rows": 5893,"Plan Width": 272,"Actual Startup Time": 919.831,"Actual Total Time": 964.799,"Actual Rows": 4,"Actual Loops": 1,"Group Key": ["n1.n_name", "n2.n_name", "(EXTRACT(year FROM lineitem.l_shipdate))"],"Plans": [{"Node Type": "Gather Merge","Parent Relationship": "Outer","Parallel Aware": false,"Async Capable": false,"Startup Cost": 72556.41,"Total Cost": 73202.94,"Plan Rows": 4910,"Plan Width": 272,"Actual Startup Time": 919.563,"Actual Total Time": 964.722,"Actual Rows": 12,"Actual Loops": 1,"Workers Planned": 2,"Workers Launched": 2,"Plans": [{"Node Type": "Aggregate","Strategy": "Sorted","Partial Mode": "Partial","Parent Relationship": "Outer","Parallel Aware": false,"Async Capable": false,"Startup Cost": 71556.39,"Total Cost": 71636.18,"Plan Rows": 2455,"Plan Width": 272,"Actual Startup Time": 911.895,"Actual Total Time": 912.567,"Actual Rows": 4,"Actual Loops": 3,"Group Key": ["n1.n_name", "n2.n_name", "(EXTRACT(year FROM lineitem.l_shipdate))"],"Workers": [],"Plans": [{"Node Type": "Sort","Parent Relationship": "Outer","Parallel Aware": false,"Async Capable": false,"Startup Cost": 71556.39,"Total Cost": 71562.53,"Plan Rows": 2455,"Plan Width": 252,"Actual Startup Time": 911.634,"Actual Total Time": 911.744,"Actual Rows": 1896,"Actual Loops": 3,"Sort Key": ["n1.n_name", "n2.n_name", "(EXTRACT(year FROM lineitem.l_shipdate))"],"Sort Method": "quicksort","Sort Space Used": 253,"Sort Space Type": "Memory","Workers": [{"Worker Number": 0,"Sort Method": "quicksort","Sort Space Used": 256,"Sort Space Type": "Memory"},{"Worker Number": 1,"Sort Method": "quicksort","Sort Space Used": 258,"Sort Space Type": "Memory"}],"Plans": [{"Node Type": "Hash Join","Parent Relationship": "Outer","Parallel Aware": false,"Async Capable": false,"Join Type": "Inner","Startup Cost": 366.16,"Total Cost": 71418.15,"Plan Rows": 2455,"Plan Width": 252,"Actual Startup Time": 8.863,"Actual Total Time": 909.911,"Actual Rows": 1896,"Actual Loops": 3,"Inner Unique": false,"Hash Cond": "(lineitem.l_suppkey = supplier.s_suppkey)","Join Filter": "(((n1.n_name = 'MOZAMBIQUE'::bpchar) AND (n2.n_name = 'KENYA'::bpchar)) OR ((n1.n_name = 'KENYA'::bpchar) AND (n2.n_name = 'MOZAMBIQUE'::bpchar)))","Rows Removed by Join Filter": 1890,"Workers": [],"Plans": [{"Node Type": "Nested Loop","Parent Relationship": "Outer","Parallel Aware": false,"Async Capable": false,"Join Type": "Inner","Startup Cost": 2.26,"Total Cost": 70727.78,"Plan Rows": 60250,"Plan Width": 124,"Actual Startup Time": 0.581,"Actual Total Time": 895.714,"Actual Rows": 48417,"Actual Loops": 3,"Inner Unique": false,"Workers": [],"Plans": [{"Node Type": "Nested Loop","Parent Relationship": "Outer","Parallel Aware": false,"Async Capable": false,"Join Type": "Inner","Startup Cost": 1.83,"Total Cost": 12400.01,"Plan Rows": 49000,"Plan Width": 108,"Actual Startup Time": 0.290,"Actual Total Time": 221.215,"Actual Rows": 40069,"Actual Loops": 3,"Inner Unique": false,"Workers": [],"Plans": [{"Node Type": "Hash Join","Parent Relationship": "Outer","Parallel Aware": false,"Async Capable": false,"Join Type": "Inner","Startup Cost": 1.40,"Total Cost": 4403.27,"Plan Rows": 4900,"Plan Width": 108,"Actual Startup Time": 0.180,"Actual Total Time": 43.892,"Actual Rows": 3989,"Actual Loops": 3,"Inner Unique": true,"Hash Cond": "(customer.c_nationkey = n2.n_nationkey)","Workers": [],"Plans": [{"Node Type": "Seq Scan","Parent Relationship": "Outer","Parallel Aware": true,"Async Capable": false,"Relation Name": "customer","Alias": "customer","Startup Cost": 0.00,"Total Cost": 4210.00,"Plan Rows": 62500,"Plan Width": 8,"Actual Startup Time": 0.016,"Actual Total Time": 9.115,"Actual Rows": 50000,"Actual Loops": 3,"Workers": []},{"Node Type": "Hash","Parent Relationship": "Inner","Parallel Aware": false,"Async Capable": false,"Startup Cost": 1.38,"Total Cost": 1.38,"Plan Rows": 2,"Plan Width": 108,"Actual Startup Time": 0.075,"Actual Total Time": 0.084,"Actual Rows": 2,"Actual Loops": 3,"Hash Buckets": 1024,"Original Hash Buckets": 1024,"Hash Batches": 1,"Original Hash Batches": 1,"Peak Memory Usage": 9,"Workers": [],"Plans": [{"Node Type": "Seq Scan","Parent Relationship": "Outer","Parallel Aware": false,"Async Capable": false,"Relation Name": "nation","Alias": "n2","Startup Cost": 0.00,"Total Cost": 1.38,"Plan Rows": 2,"Plan Width": 108,"Actual Startup Time": 0.059,"Actual Total Time": 0.064,"Actual Rows": 2,"Actual Loops": 3,"Filter": "((n_name = 'KENYA'::bpchar) OR (n_name = 'MOZAMBIQUE'::bpchar))","Rows Removed by Filter": 23,"Workers": []}]}]},{"Node Type": "Index Scan","Parent Relationship": "Inner","Parallel Aware": false,"Async Capable": false,"Scan Direction": "Forward","Index Name": "idx_orders_custkey","Relation Name": "orders","Alias": "orders","Startup Cost": 0.43,"Total Cost": 1.46,"Plan Rows": 17,"Plan Width": 8,"Actual Startup Time": 0.007,"Actual Total Time": 0.043,"Actual Rows": 10,"Actual Loops": 11966,"Index Cond": "(o_custkey = customer.c_custkey)","Rows Removed by Index Recheck": 0,"Workers": []}]},{"Node Type": "Index Scan","Parent Relationship": "Inner","Parallel Aware": false,"Async Capable": false,"Scan Direction": "Forward","Index Name": "idx_lineitem_orderkey","Relation Name": "lineitem","Alias": "lineitem","Startup Cost": 0.43,"Total Cost": 1.14,"Plan Rows": 5,"Plan Width": 24,"Actual Startup Time": 0.016,"Actual Total Time": 0.017,"Actual Rows": 1,"Actual Loops": 120207,"Index Cond": "(l_orderkey = orders.o_orderkey)","Rows Removed by Index Recheck": 0,"Filter": "((l_shipdate >= '1995-01-01'::date) AND (l_shipdate <= '1996-12-31'::date))","Rows Removed by Filter": 3,"Workers": []}]},{"Node Type": "Hash","Parent Relationship": "Inner","Parallel Aware": false,"Async Capable": false,"Startup Cost": 354.10,"Total Cost": 354.10,"Plan Rows": 784,"Plan Width": 108,"Actual Startup Time": 7.195,"Actual Total Time": 7.212,"Actual Rows": 782,"Actual Loops": 3,"Hash Buckets": 1024,"Original Hash Buckets": 1024,"Hash Batches": 1,"Original Hash Batches": 1,"Peak Memory Usage": 56,"Workers": [],"Plans": [{"Node Type": "Hash Join","Parent Relationship": "Outer","Parallel Aware": false,"Async Capable": false,"Join Type": "Inner","Startup Cost": 1.40,"Total Cost": 354.10,"Plan Rows": 784,"Plan Width": 108,"Actual Startup Time": 0.081,"Actual Total Time": 7.004,"Actual Rows": 782,"Actual Loops": 3,"Inner Unique": true,"Hash Cond": "(supplier.s_nationkey = n1.n_nationkey)","Workers": [],"Plans": [{"Node Type": "Seq Scan","Parent Relationship": "Outer","Parallel Aware": false,"Async Capable": false,"Relation Name": "supplier","Alias": "supplier","Startup Cost": 0.00,"Total Cost": 322.00,"Plan Rows": 10000,"Plan Width": 8,"Actual Startup Time": 0.028,"Actual Total Time": 3.750,"Actual Rows": 10000,"Actual Loops": 3,"Workers": []},{"Node Type": "Hash","Parent Relationship": "Inner","Parallel Aware": false,"Async Capable": false,"Startup Cost": 1.38,"Total Cost": 1.38,"Plan Rows": 2,"Plan Width": 108,"Actual Startup Time": 0.017,"Actual Total Time": 0.023,"Actual Rows": 2,"Actual Loops": 3,"Hash Buckets": 1024,"Original Hash Buckets": 1024,"Hash Batches": 1,"Original Hash Batches": 1,"Peak Memory Usage": 9,"Workers": [],"Plans": [{"Node Type": "Seq Scan","Parent Relationship": "Outer","Parallel Aware": false,"Async Capable": false,"Relation Name": "nation","Alias": "n1","Startup Cost": 0.00,"Total Cost": 1.38,"Plan Rows": 2,"Plan Width": 108,"Actual Startup Time": 0.008,"Actual Total Time": 0.012,"Actual Rows": 2,"Actual Loops": 3,"Filter": "((n_name = 'MOZAMBIQUE'::bpchar) OR (n_name = 'KENYA'::bpchar))","Rows Removed by Filter": 23,"Workers": []}]}]}]}]}]}]}]}]},"Planning Time": 8.849,"Triggers": [],"Execution Time": 965.394}]
[{"Plan": {"Node Type": "Aggregate","Strategy": "Sorted","Partial Mode": "Finalize","Parallel Aware": false,"Async Capable": false,"Startup Cost": 72556.41,"Total Cost": 73352.71,"Plan Rows": 5893,"Plan Width": 272,"Actual Startup Time": 919.934,"Actual Total Time": 964.047,"Actual Rows": 4,"Actual Loops": 1,"Group Key": ["n1.n_name", "n2.n_name", "(EXTRACT(year FROM lineitem.l_shipdate))"],"Plans": [{"Node Type": "Gather Merge","Parent Relationship": "Outer","Parallel Aware": false,"Async Capable": false,"Startup Cost": 72556.41,"Total Cost": 73202.94,"Plan Rows": 4910,"Plan Width": 272,"Actual Startup Time": 919.391,"Actual Total Time": 963.965,"Actual Rows": 12,"Actual Loops": 1,"Workers Planned": 2,"Workers Launched": 2,"Plans": [{"Node Type": "Aggregate","Strategy": "Sorted","Partial Mode": "Partial","Parent Relationship": "Outer","Parallel Aware": false,"Async Capable": false,"Startup Cost": 71556.39,"Total Cost": 71636.18,"Plan Rows": 2455,"Plan Width": 272,"Actual Startup Time": 911.430,"Actual Total Time": 912.282,"Actual Rows": 4,"Actual Loops": 3,"Group Key": ["n1.n_name", "n2.n_name", "(EXTRACT(year FROM lineitem.l_shipdate))"],"Workers": [],"Plans": [{"Node Type": "Sort","Parent Relationship": "Outer","Parallel Aware": false,"Async Capable": false,"Startup Cost": 71556.39,"Total Cost": 71562.53,"Plan Rows": 2455,"Plan Width": 252,"Actual Startup Time": 911.149,"Actual Total Time": 911.274,"Actual Rows": 2080,"Actual Loops": 3,"Sort Key": ["n1.n_name", "n2.n_name", "(EXTRACT(year FROM lineitem.l_shipdate))"],"Sort Method": "quicksort","Sort Space Used": 331,"Sort Space Type": "Memory","Workers": [{"Worker Number": 0,"Sort Method": "quicksort","Sort Space Used": 326,"Sort Space Type": "Memory"},{"Worker Number": 1,"Sort Method": "quicksort","Sort Space Used": 267,"Sort Space Type": "Memory"}],"Plans": [{"Node Type": "Hash Join","Parent Relationship": "Outer","Parallel Aware": false,"Async Capable": false,"Join Type": "Inner","Startup Cost": 366.16,"Total Cost": 71418.15,"Plan Rows": 2455,"Plan Width": 252,"Actual Startup Time": 12.212,"Actual Total Time": 909.184,"Actual Rows": 2080,"Actual Loops": 3,"Inner Unique": false,"Hash Cond": "(lineitem.l_suppkey = supplier.s_suppkey)","Join Filter": "(((n1.n_name = 'CANADA'::bpchar) AND (n2.n_name = 'IRAQ'::bpchar)) OR ((n1.n_name = 'IRAQ'::bpchar) AND (n2.n_name = 'CANADA'::bpchar)))","Rows Removed by Join Filter": 2076,"Workers": [],"Plans": [{"Node Type": "Nested Loop","Parent Relationship": "Outer","Parallel Aware": false,"Async Capable": false,"Join Type": "Inner","Startup Cost": 2.26,"Total Cost": 70727.78,"Plan Rows": 60250,"Plan Width": 124,"Actual Startup Time": 0.519,"Actual Total Time": 891.253,"Actual Rows": 48414,"Actual Loops": 3,"Inner Unique": false,"Workers": [],"Plans": [{"Node Type": "Nested Loop","Parent Relationship": "Outer","Parallel Aware": false,"Async Capable": false,"Join Type": "Inner","Startup Cost": 1.83,"Total Cost": 12400.01,"Plan Rows": 49000,"Plan Width": 108,"Actual Startup Time": 0.378,"Actual Total Time": 221.463,"Actual Rows": 39794,"Actual Loops": 3,"Inner Unique": false,"Workers": [],"Plans": [{"Node Type": "Hash Join","Parent Relationship": "Outer","Parallel Aware": false,"Async Capable": false,"Join Type": "Inner","Startup Cost": 1.40,"Total Cost": 4403.27,"Plan Rows": 4900,"Plan Width": 108,"Actual Startup Time": 0.207,"Actual Total Time": 43.601,"Actual Rows": 3994,"Actual Loops": 3,"Inner Unique": true,"Hash Cond": "(customer.c_nationkey = n2.n_nationkey)","Workers": [],"Plans": [{"Node Type": "Seq Scan","Parent Relationship": "Outer","Parallel Aware": true,"Async Capable": false,"Relation Name": "customer","Alias": "customer","Startup Cost": 0.00,"Total Cost": 4210.00,"Plan Rows": 62500,"Plan Width": 8,"Actual Startup Time": 0.017,"Actual Total Time": 9.161,"Actual Rows": 50000,"Actual Loops": 3,"Workers": []},{"Node Type": "Hash","Parent Relationship": "Inner","Parallel Aware": false,"Async Capable": false,"Startup Cost": 1.38,"Total Cost": 1.38,"Plan Rows": 2,"Plan Width": 108,"Actual Startup Time": 0.085,"Actual Total Time": 0.093,"Actual Rows": 2,"Actual Loops": 3,"Hash Buckets": 1024,"Original Hash Buckets": 1024,"Hash Batches": 1,"Original Hash Batches": 1,"Peak Memory Usage": 9,"Workers": [],"Plans": [{"Node Type": "Seq Scan","Parent Relationship": "Outer","Parallel Aware": false,"Async Capable": false,"Relation Name": "nation","Alias": "n2","Startup Cost": 0.00,"Total Cost": 1.38,"Plan Rows": 2,"Plan Width": 108,"Actual Startup Time": 0.063,"Actual Total Time": 0.073,"Actual Rows": 2,"Actual Loops": 3,"Filter": "((n_name = 'IRAQ'::bpchar) OR (n_name = 'CANADA'::bpchar))","Rows Removed by Filter": 23,"Workers": []}]}]},{"Node Type": "Index Scan","Parent Relationship": "Inner","Parallel Aware": false,"Async Capable": false,"Scan Direction": "Forward","Index Name": "idx_orders_custkey","Relation Name": "orders","Alias": "orders","Startup Cost": 0.43,"Total Cost": 1.46,"Plan Rows": 17,"Plan Width": 8,"Actual Startup Time": 0.007,"Actual Total Time": 0.043,"Actual Rows": 10,"Actual Loops": 11983,"Index Cond": "(o_custkey = customer.c_custkey)","Rows Removed by Index Recheck": 0,"Workers": []}]},{"Node Type": "Index Scan","Parent Relationship": "Inner","Parallel Aware": false,"Async Capable": false,"Scan Direction": "Forward","Index Name": "idx_lineitem_orderkey","Relation Name": "lineitem","Alias": "lineitem","Startup Cost": 0.43,"Total Cost": 1.14,"Plan Rows": 5,"Plan Width": 24,"Actual Startup Time": 0.016,"Actual Total Time": 0.017,"Actual Rows": 1,"Actual Loops": 119382,"Index Cond": "(l_orderkey = orders.o_orderkey)","Rows Removed by Index Recheck": 0,"Filter": "((l_shipdate >= '1995-01-01'::date) AND (l_shipdate <= '1996-12-31'::date))","Rows Removed by Filter": 3,"Workers": []}]},{"Node Type": "Hash","Parent Relationship": "Inner","Parallel Aware": false,"Async Capable": false,"Startup Cost": 354.10,"Total Cost": 354.10,"Plan Rows": 784,"Plan Width": 108,"Actual Startup Time": 10.510,"Actual Total Time": 10.528,"Actual Rows": 850,"Actual Loops": 3,"Hash Buckets": 1024,"Original Hash Buckets": 1024,"Hash Batches": 1,"Original Hash Batches": 1,"Peak Memory Usage": 60,"Workers": [],"Plans": [{"Node Type": "Hash Join","Parent Relationship": "Outer","Parallel Aware": false,"Async Capable": false,"Join Type": "Inner","Startup Cost": 1.40,"Total Cost": 354.10,"Plan Rows": 784,"Plan Width": 108,"Actual Startup Time": 0.090,"Actual Total Time": 10.322,"Actual Rows": 850,"Actual Loops": 3,"Inner Unique": true,"Hash Cond": "(supplier.s_nationkey = n1.n_nationkey)","Workers": [],"Plans": [{"Node Type": "Seq Scan","Parent Relationship": "Outer","Parallel Aware": false,"Async Capable": false,"Relation Name": "supplier","Alias": "supplier","Startup Cost": 0.00,"Total Cost": 322.00,"Plan Rows": 10000,"Plan Width": 8,"Actual Startup Time": 0.037,"Actual Total Time": 4.451,"Actual Rows": 10000,"Actual Loops": 3,"Workers": []},{"Node Type": "Hash","Parent Relationship": "Inner","Parallel Aware": false,"Async Capable": false,"Startup Cost": 1.38,"Total Cost": 1.38,"Plan Rows": 2,"Plan Width": 108,"Actual Startup Time": 0.020,"Actual Total Time": 0.025,"Actual Rows": 2,"Actual Loops": 3,"Hash Buckets": 1024,"Original Hash Buckets": 1024,"Hash Batches": 1,"Original Hash Batches": 1,"Peak Memory Usage": 9,"Workers": [],"Plans": [{"Node Type": "Seq Scan","Parent Relationship": "Outer","Parallel Aware": false,"Async Capable": false,"Relation Name": "nation","Alias": "n1","Startup Cost": 0.00,"Total Cost": 1.38,"Plan Rows": 2,"Plan Width": 108,"Actual Startup Time": 0.007,"Actual Total Time": 0.014,"Actual Rows": 2,"Actual Loops": 3,"Filter": "((n_name = 'CANADA'::bpchar) OR (n_name = 'IRAQ'::bpchar))","Rows Removed by Filter": 23,"Workers": []}]}]}]}]}]}]}]}]},"Planning Time": 9.276,"Triggers": [],"Execution Time": 964.441}]
[{"Plan": {"Node Type": "Aggregate","Strategy": "Sorted","Partial Mode": "Finalize","Parallel Aware": false,"Async Capable": false,"Startup Cost": 72556.41,"Total Cost": 73352.71,"Plan Rows": 5893,"Plan Width": 272,"Actual Startup Time": 920.183,"Actual Total Time": 962.158,"Actual Rows": 4,"Actual Loops": 1,"Group Key": ["n1.n_name", "n2.n_name", "(EXTRACT(year FROM lineitem.l_shipdate))"],"Plans": [{"Node Type": "Gather Merge","Parent Relationship": "Outer","Parallel Aware": false,"Async Capable": false,"Startup Cost": 72556.41,"Total Cost": 73202.94,"Plan Rows": 4910,"Plan Width": 272,"Actual Startup Time": 919.517,"Actual Total Time": 962.087,"Actual Rows": 12,"Actual Loops": 1,"Workers Planned": 2,"Workers Launched": 2,"Plans": [{"Node Type": "Aggregate","Strategy": "Sorted","Partial Mode": "Partial","Parent Relationship": "Outer","Parallel Aware": false,"Async Capable": false,"Startup Cost": 71556.39,"Total Cost": 71636.18,"Plan Rows": 2455,"Plan Width": 272,"Actual Startup Time": 910.937,"Actual Total Time": 911.715,"Actual Rows": 4,"Actual Loops": 3,"Group Key": ["n1.n_name", "n2.n_name", "(EXTRACT(year FROM lineitem.l_shipdate))"],"Workers": [],"Plans": [{"Node Type": "Sort","Parent Relationship": "Outer","Parallel Aware": false,"Async Capable": false,"Startup Cost": 71556.39,"Total Cost": 71562.53,"Plan Rows": 2455,"Plan Width": 252,"Actual Startup Time": 910.680,"Actual Total Time": 910.802,"Actual Rows": 1912,"Actual Loops": 3,"Sort Key": ["n1.n_name", "n2.n_name", "(EXTRACT(year FROM lineitem.l_shipdate))"],"Sort Method": "quicksort","Sort Space Used": 268,"Sort Space Type": "Memory","Workers": [{"Worker Number": 0,"Sort Method": "quicksort","Sort Space Used": 259,"Sort Space Type": "Memory"},{"Worker Number": 1,"Sort Method": "quicksort","Sort Space Used": 246,"Sort Space Type": "Memory"}],"Plans": [{"Node Type": "Hash Join","Parent Relationship": "Outer","Parallel Aware": false,"Async Capable": false,"Join Type": "Inner","Startup Cost": 366.16,"Total Cost": 71418.15,"Plan Rows": 2455,"Plan Width": 252,"Actual Startup Time": 12.760,"Actual Total Time": 908.833,"Actual Rows": 1912,"Actual Loops": 3,"Inner Unique": false,"Hash Cond": "(lineitem.l_suppkey = supplier.s_suppkey)","Join Filter": "(((n1.n_name = 'GERMANY'::bpchar) AND (n2.n_name = 'UNITED KINGDOM'::bpchar)) OR ((n1.n_name = 'UNITED KINGDOM'::bpchar) AND (n2.n_name = 'GERMANY'::bpchar)))","Rows Removed by Join Filter": 1925,"Workers": [],"Plans": [{"Node Type": "Nested Loop","Parent Relationship": "Outer","Parallel Aware": false,"Async Capable": false,"Join Type": "Inner","Startup Cost": 2.26,"Total Cost": 70727.78,"Plan Rows": 60250,"Plan Width": 124,"Actual Startup Time": 0.754,"Actual Total Time": 890.637,"Actual Rows": 48470,"Actual Loops": 3,"Inner Unique": false,"Workers": [],"Plans": [{"Node Type": "Nested Loop","Parent Relationship": "Outer","Parallel Aware": false,"Async Capable": false,"Join Type": "Inner","Startup Cost": 1.83,"Total Cost": 12400.01,"Plan Rows": 49000,"Plan Width": 108,"Actual Startup Time": 0.403,"Actual Total Time": 220.345,"Actual Rows": 39726,"Actual Loops": 3,"Inner Unique": false,"Workers": [],"Plans": [{"Node Type": "Hash Join","Parent Relationship": "Outer","Parallel Aware": false,"Async Capable": false,"Join Type": "Inner","Startup Cost": 1.40,"Total Cost": 4403.27,"Plan Rows": 4900,"Plan Width": 108,"Actual Startup Time": 0.230,"Actual Total Time": 43.606,"Actual Rows": 3973,"Actual Loops": 3,"Inner Unique": true,"Hash Cond": "(customer.c_nationkey = n2.n_nationkey)","Workers": [],"Plans": [{"Node Type": "Seq Scan","Parent Relationship": "Outer","Parallel Aware": true,"Async Capable": false,"Relation Name": "customer","Alias": "customer","Startup Cost": 0.00,"Total Cost": 4210.00,"Plan Rows": 62500,"Plan Width": 8,"Actual Startup Time": 0.018,"Actual Total Time": 9.057,"Actual Rows": 50000,"Actual Loops": 3,"Workers": []},{"Node Type": "Hash","Parent Relationship": "Inner","Parallel Aware": false,"Async Capable": false,"Startup Cost": 1.38,"Total Cost": 1.38,"Plan Rows": 2,"Plan Width": 108,"Actual Startup Time": 0.102,"Actual Total Time": 0.112,"Actual Rows": 2,"Actual Loops": 3,"Hash Buckets": 1024,"Original Hash Buckets": 1024,"Hash Batches": 1,"Original Hash Batches": 1,"Peak Memory Usage": 9,"Workers": [],"Plans": [{"Node Type": "Seq Scan","Parent Relationship": "Outer","Parallel Aware": false,"Async Capable": false,"Relation Name": "nation","Alias": "n2","Startup Cost": 0.00,"Total Cost": 1.38,"Plan Rows": 2,"Plan Width": 108,"Actual Startup Time": 0.080,"Actual Total Time": 0.087,"Actual Rows": 2,"Actual Loops": 3,"Filter": "((n_name = 'UNITED KINGDOM'::bpchar) OR (n_name = 'GERMANY'::bpchar))","Rows Removed by Filter": 23,"Workers": []}]}]},{"Node Type": "Index Scan","Parent Relationship": "Inner","Parallel Aware": false,"Async Capable": false,"Scan Direction": "Forward","Index Name": "idx_orders_custkey","Relation Name": "orders","Alias": "orders","Startup Cost": 0.43,"Total Cost": 1.46,"Plan Rows": 17,"Plan Width": 8,"Actual Startup Time": 0.007,"Actual Total Time": 0.043,"Actual Rows": 10,"Actual Loops": 11919,"Index Cond": "(o_custkey = customer.c_custkey)","Rows Removed by Index Recheck": 0,"Workers": []}]},{"Node Type": "Index Scan","Parent Relationship": "Inner","Parallel Aware": false,"Async Capable": false,"Scan Direction": "Forward","Index Name": "idx_lineitem_orderkey","Relation Name": "lineitem","Alias": "lineitem","Startup Cost": 0.43,"Total Cost": 1.14,"Plan Rows": 5,"Plan Width": 24,"Actual Startup Time": 0.016,"Actual Total Time": 0.017,"Actual Rows": 1,"Actual Loops": 119179,"Index Cond": "(l_orderkey = orders.o_orderkey)","Rows Removed by Index Recheck": 0,"Filter": "((l_shipdate >= '1995-01-01'::date) AND (l_shipdate <= '1996-12-31'::date))","Rows Removed by Filter": 3,"Workers": []}]},{"Node Type": "Hash","Parent Relationship": "Inner","Parallel Aware": false,"Async Capable": false,"Startup Cost": 354.10,"Total Cost": 354.10,"Plan Rows": 784,"Plan Width": 108,"Actual Startup Time": 11.223,"Actual Total Time": 11.238,"Actual Rows": 786,"Actual Loops": 3,"Hash Buckets": 1024,"Original Hash Buckets": 1024,"Hash Batches": 1,"Original Hash Batches": 1,"Peak Memory Usage": 56,"Workers": [],"Plans": [{"Node Type": "Hash Join","Parent Relationship": "Outer","Parallel Aware": false,"Async Capable": false,"Join Type": "Inner","Startup Cost": 1.40,"Total Cost": 354.10,"Plan Rows": 784,"Plan Width": 108,"Actual Startup Time": 0.099,"Actual Total Time": 11.037,"Actual Rows": 786,"Actual Loops": 3,"Inner Unique": true,"Hash Cond": "(supplier.s_nationkey = n1.n_nationkey)","Workers": [],"Plans": [{"Node Type": "Seq Scan","Parent Relationship": "Outer","Parallel Aware": false,"Async Capable": false,"Relation Name": "supplier","Alias": "supplier","Startup Cost": 0.00,"Total Cost": 322.00,"Plan Rows": 10000,"Plan Width": 8,"Actual Startup Time": 0.036,"Actual Total Time": 4.531,"Actual Rows": 10000,"Actual Loops": 3,"Workers": []},{"Node Type": "Hash","Parent Relationship": "Inner","Parallel Aware": false,"Async Capable": false,"Startup Cost": 1.38,"Total Cost": 1.38,"Plan Rows": 2,"Plan Width": 108,"Actual Startup Time": 0.025,"Actual Total Time": 0.030,"Actual Rows": 2,"Actual Loops": 3,"Hash Buckets": 1024,"Original Hash Buckets": 1024,"Hash Batches": 1,"Original Hash Batches": 1,"Peak Memory Usage": 9,"Workers": [],"Plans": [{"Node Type": "Seq Scan","Parent Relationship": "Outer","Parallel Aware": false,"Async Capable": false,"Relation Name": "nation","Alias": "n1","Startup Cost": 0.00,"Total Cost": 1.38,"Plan Rows": 2,"Plan Width": 108,"Actual Startup Time": 0.007,"Actual Total Time": 0.020,"Actual Rows": 2,"Actual Loops": 3,"Filter": "((n_name = 'GERMANY'::bpchar) OR (n_name = 'UNITED KINGDOM'::bpchar))","Rows Removed by Filter": 23,"Workers": []}]}]}]}]}]}]}]}]},"Planning Time": 8.981,"Triggers": [],"Execution Time": 962.545}]
[{"Plan": {"Node Type": "Aggregate","Strategy": "Sorted","Partial Mode": "Finalize","Parallel Aware": false,"Async Capable": false,"Startup Cost": 72556.41,"Total Cost": 73352.71,"Plan Rows": 5893,"Plan Width": 272,"Actual Startup Time": 937.055,"Actual Total Time": 980.757,"Actual Rows": 4,"Actual Loops": 1,"Group Key": ["n1.n_name", "n2.n_name", "(EXTRACT(year FROM lineitem.l_shipdate))"],"Plans": [{"Node Type": "Gather Merge","Parent Relationship": "Outer","Parallel Aware": false,"Async Capable": false,"Startup Cost": 72556.41,"Total Cost": 73202.94,"Plan Rows": 4910,"Plan Width": 272,"Actual Startup Time": 936.181,"Actual Total Time": 980.681,"Actual Rows": 12,"Actual Loops": 1,"Workers Planned": 2,"Workers Launched": 2,"Plans": [{"Node Type": "Aggregate","Strategy": "Sorted","Partial Mode": "Partial","Parent Relationship": "Outer","Parallel Aware": false,"Async Capable": false,"Startup Cost": 71556.39,"Total Cost": 71636.18,"Plan Rows": 2455,"Plan Width": 272,"Actual Startup Time": 927.871,"Actual Total Time": 928.802,"Actual Rows": 4,"Actual Loops": 3,"Group Key": ["n1.n_name", "n2.n_name", "(EXTRACT(year FROM lineitem.l_shipdate))"],"Workers": [],"Plans": [{"Node Type": "Sort","Parent Relationship": "Outer","Parallel Aware": false,"Async Capable": false,"Startup Cost": 71556.39,"Total Cost": 71562.53,"Plan Rows": 2455,"Plan Width": 252,"Actual Startup Time": 927.599,"Actual Total Time": 927.730,"Actual Rows": 2006,"Actual Loops": 3,"Sort Key": ["n1.n_name", "n2.n_name", "(EXTRACT(year FROM lineitem.l_shipdate))"],"Sort Method": "quicksort","Sort Space Used": 325,"Sort Space Type": "Memory","Workers": [{"Worker Number": 0,"Sort Method": "quicksort","Sort Space Used": 262,"Sort Space Type": "Memory"},{"Worker Number": 1,"Sort Method": "quicksort","Sort Space Used": 265,"Sort Space Type": "Memory"}],"Plans": [{"Node Type": "Hash Join","Parent Relationship": "Outer","Parallel Aware": false,"Async Capable": false,"Join Type": "Inner","Startup Cost": 366.16,"Total Cost": 71418.15,"Plan Rows": 2455,"Plan Width": 252,"Actual Startup Time": 13.447,"Actual Total Time": 925.646,"Actual Rows": 2006,"Actual Loops": 3,"Inner Unique": false,"Hash Cond": "(lineitem.l_suppkey = supplier.s_suppkey)","Join Filter": "(((n1.n_name = 'VIETNAM'::bpchar) AND (n2.n_name = 'RUSSIA'::bpchar)) OR ((n1.n_name = 'RUSSIA'::bpchar) AND (n2.n_name = 'VIETNAM'::bpchar)))","Rows Removed by Join Filter": 1996,"Workers": [],"Plans": [{"Node Type": "Nested Loop","Parent Relationship": "Outer","Parallel Aware": false,"Async Capable": false,"Join Type": "Inner","Startup Cost": 2.26,"Total Cost": 70727.78,"Plan Rows": 60250,"Plan Width": 124,"Actual Startup Time": 0.523,"Actual Total Time": 906.641,"Actual Rows": 49548,"Actual Loops": 3,"Inner Unique": false,"Workers": [],"Plans": [{"Node Type": "Nested Loop","Parent Relationship": "Outer","Parallel Aware": false,"Async Capable": false,"Join Type": "Inner","Startup Cost": 1.83,"Total Cost": 12400.01,"Plan Rows": 49000,"Plan Width": 108,"Actual Startup Time": 0.354,"Actual Total Time": 223.315,"Actual Rows": 40614,"Actual Loops": 3,"Inner Unique": false,"Workers": [],"Plans": [{"Node Type": "Hash Join","Parent Relationship": "Outer","Parallel Aware": false,"Async Capable": false,"Join Type": "Inner","Startup Cost": 1.40,"Total Cost": 4403.27,"Plan Rows": 4900,"Plan Width": 108,"Actual Startup Time": 0.191,"Actual Total Time": 42.660,"Actual Rows": 4029,"Actual Loops": 3,"Inner Unique": true,"Hash Cond": "(customer.c_nationkey = n2.n_nationkey)","Workers": [],"Plans": [{"Node Type": "Seq Scan","Parent Relationship": "Outer","Parallel Aware": true,"Async Capable": false,"Relation Name": "customer","Alias": "customer","Startup Cost": 0.00,"Total Cost": 4210.00,"Plan Rows": 62500,"Plan Width": 8,"Actual Startup Time": 0.015,"Actual Total Time": 9.067,"Actual Rows": 50000,"Actual Loops": 3,"Workers": []},{"Node Type": "Hash","Parent Relationship": "Inner","Parallel Aware": false,"Async Capable": false,"Startup Cost": 1.38,"Total Cost": 1.38,"Plan Rows": 2,"Plan Width": 108,"Actual Startup Time": 0.074,"Actual Total Time": 0.079,"Actual Rows": 2,"Actual Loops": 3,"Hash Buckets": 1024,"Original Hash Buckets": 1024,"Hash Batches": 1,"Original Hash Batches": 1,"Peak Memory Usage": 9,"Workers": [],"Plans": [{"Node Type": "Seq Scan","Parent Relationship": "Outer","Parallel Aware": false,"Async Capable": false,"Relation Name": "nation","Alias": "n2","Startup Cost": 0.00,"Total Cost": 1.38,"Plan Rows": 2,"Plan Width": 108,"Actual Startup Time": 0.060,"Actual Total Time": 0.063,"Actual Rows": 2,"Actual Loops": 3,"Filter": "((n_name = 'RUSSIA'::bpchar) OR (n_name = 'VIETNAM'::bpchar))","Rows Removed by Filter": 23,"Workers": []}]}]},{"Node Type": "Index Scan","Parent Relationship": "Inner","Parallel Aware": false,"Async Capable": false,"Scan Direction": "Forward","Index Name": "idx_orders_custkey","Relation Name": "orders","Alias": "orders","Startup Cost": 0.43,"Total Cost": 1.46,"Plan Rows": 17,"Plan Width": 8,"Actual Startup Time": 0.007,"Actual Total Time": 0.044,"Actual Rows": 10,"Actual Loops": 12086,"Index Cond": "(o_custkey = customer.c_custkey)","Rows Removed by Index Recheck": 0,"Workers": []}]},{"Node Type": "Index Scan","Parent Relationship": "Inner","Parallel Aware": false,"Async Capable": false,"Scan Direction": "Forward","Index Name": "idx_lineitem_orderkey","Relation Name": "lineitem","Alias": "lineitem","Startup Cost": 0.43,"Total Cost": 1.14,"Plan Rows": 5,"Plan Width": 24,"Actual Startup Time": 0.016,"Actual Total Time": 0.017,"Actual Rows": 1,"Actual Loops": 121842,"Index Cond": "(l_orderkey = orders.o_orderkey)","Rows Removed by Index Recheck": 0,"Filter": "((l_shipdate >= '1995-01-01'::date) AND (l_shipdate <= '1996-12-31'::date))","Rows Removed by Filter": 3,"Workers": []}]},{"Node Type": "Hash","Parent Relationship": "Inner","Parallel Aware": false,"Async Capable": false,"Startup Cost": 354.10,"Total Cost": 354.10,"Plan Rows": 784,"Plan Width": 108,"Actual Startup Time": 11.829,"Actual Total Time": 11.844,"Actual Rows": 800,"Actual Loops": 3,"Hash Buckets": 1024,"Original Hash Buckets": 1024,"Hash Batches": 1,"Original Hash Batches": 1,"Peak Memory Usage": 57,"Workers": [],"Plans": [{"Node Type": "Hash Join","Parent Relationship": "Outer","Parallel Aware": false,"Async Capable": false,"Join Type": "Inner","Startup Cost": 1.40,"Total Cost": 354.10,"Plan Rows": 784,"Plan Width": 108,"Actual Startup Time": 0.105,"Actual Total Time": 11.626,"Actual Rows": 800,"Actual Loops": 3,"Inner Unique": true,"Hash Cond": "(supplier.s_nationkey = n1.n_nationkey)","Workers": [],"Plans": [{"Node Type": "Seq Scan","Parent Relationship": "Outer","Parallel Aware": false,"Async Capable": false,"Relation Name": "supplier","Alias": "supplier","Startup Cost": 0.00,"Total Cost": 322.00,"Plan Rows": 10000,"Plan Width": 8,"Actual Startup Time": 0.041,"Actual Total Time": 4.753,"Actual Rows": 10000,"Actual Loops": 3,"Workers": []},{"Node Type": "Hash","Parent Relationship": "Inner","Parallel Aware": false,"Async Capable": false,"Startup Cost": 1.38,"Total Cost": 1.38,"Plan Rows": 2,"Plan Width": 108,"Actual Startup Time": 0.018,"Actual Total Time": 0.023,"Actual Rows": 2,"Actual Loops": 3,"Hash Buckets": 1024,"Original Hash Buckets": 1024,"Hash Batches": 1,"Original Hash Batches": 1,"Peak Memory Usage": 9,"Workers": [],"Plans": [{"Node Type": "Seq Scan","Parent Relationship": "Outer","Parallel Aware": false,"Async Capable": false,"Relation Name": "nation","Alias": "n1","Startup Cost": 0.00,"Total Cost": 1.38,"Plan Rows": 2,"Plan Width": 108,"Actual Startup Time": 0.010,"Actual Total Time": 0.013,"Actual Rows": 2,"Actual Loops": 3,"Filter": "((n_name = 'VIETNAM'::bpchar) OR (n_name = 'RUSSIA'::bpchar))","Rows Removed by Filter": 23,"Workers": []}]}]}]}]}]}]}]}]},"Planning Time": 9.712,"Triggers": [],"Execution Time": 981.129}]
[{"Plan": {"Node Type": "Aggregate","Strategy": "Sorted","Partial Mode": "Finalize","Parallel Aware": false,"Async Capable": false,"Startup Cost": 72556.41,"Total Cost": 73352.71,"Plan Rows": 5893,"Plan Width": 272,"Actual Startup Time": 920.424,"Actual Total Time": 965.054,"Actual Rows": 4,"Actual Loops": 1,"Group Key": ["n1.n_name", "n2.n_name", "(EXTRACT(year FROM lineitem.l_shipdate))"],"Plans": [{"Node Type": "Gather Merge","Parent Relationship": "Outer","Parallel Aware": false,"Async Capable": false,"Startup Cost": 72556.41,"Total Cost": 73202.94,"Plan Rows": 4910,"Plan Width": 272,"Actual Startup Time": 919.962,"Actual Total Time": 964.996,"Actual Rows": 12,"Actual Loops": 1,"Workers Planned": 2,"Workers Launched": 2,"Plans": [{"Node Type": "Aggregate","Strategy": "Sorted","Partial Mode": "Partial","Parent Relationship": "Outer","Parallel Aware": false,"Async Capable": false,"Startup Cost": 71556.39,"Total Cost": 71636.18,"Plan Rows": 2455,"Plan Width": 272,"Actual Startup Time": 911.582,"Actual Total Time": 912.371,"Actual Rows": 4,"Actual Loops": 3,"Group Key": ["n1.n_name", "n2.n_name", "(EXTRACT(year FROM lineitem.l_shipdate))"],"Workers": [],"Plans": [{"Node Type": "Sort","Parent Relationship": "Outer","Parallel Aware": false,"Async Capable": false,"Startup Cost": 71556.39,"Total Cost": 71562.53,"Plan Rows": 2455,"Plan Width": 252,"Actual Startup Time": 911.305,"Actual Total Time": 911.427,"Actual Rows": 1903,"Actual Loops": 3,"Sort Key": ["n1.n_name", "n2.n_name", "(EXTRACT(year FROM lineitem.l_shipdate))"],"Sort Method": "quicksort","Sort Space Used": 262,"Sort Space Type": "Memory","Workers": [{"Worker Number": 0,"Sort Method": "quicksort","Sort Space Used": 251,"Sort Space Type": "Memory"},{"Worker Number": 1,"Sort Method": "quicksort","Sort Space Used": 257,"Sort Space Type": "Memory"}],"Plans": [{"Node Type": "Hash Join","Parent Relationship": "Outer","Parallel Aware": false,"Async Capable": false,"Join Type": "Inner","Startup Cost": 366.16,"Total Cost": 71418.15,"Plan Rows": 2455,"Plan Width": 252,"Actual Startup Time": 12.290,"Actual Total Time": 909.383,"Actual Rows": 1903,"Actual Loops": 3,"Inner Unique": false,"Hash Cond": "(lineitem.l_suppkey = supplier.s_suppkey)","Join Filter": "(((n1.n_name = 'CHINA'::bpchar) AND (n2.n_name = 'KENYA'::bpchar)) OR ((n1.n_name = 'KENYA'::bpchar) AND (n2.n_name = 'CHINA'::bpchar)))","Rows Removed by Join Filter": 1853,"Workers": [],"Plans": [{"Node Type": "Nested Loop","Parent Relationship": "Outer","Parallel Aware": false,"Async Capable": false,"Join Type": "Inner","Startup Cost": 2.26,"Total Cost": 70727.78,"Plan Rows": 60250,"Plan Width": 124,"Actual Startup Time": 0.775,"Actual Total Time": 892.264,"Actual Rows": 48265,"Actual Loops": 3,"Inner Unique": false,"Workers": [],"Plans": [{"Node Type": "Nested Loop","Parent Relationship": "Outer","Parallel Aware": false,"Async Capable": false,"Join Type": "Inner","Startup Cost": 1.83,"Total Cost": 12400.01,"Plan Rows": 49000,"Plan Width": 108,"Actual Startup Time": 0.340,"Actual Total Time": 221.229,"Actual Rows": 39908,"Actual Loops": 3,"Inner Unique": false,"Workers": [],"Plans": [{"Node Type": "Hash Join","Parent Relationship": "Outer","Parallel Aware": false,"Async Capable": false,"Join Type": "Inner","Startup Cost": 1.40,"Total Cost": 4403.27,"Plan Rows": 4900,"Plan Width": 108,"Actual Startup Time": 0.226,"Actual Total Time": 44.609,"Actual Rows": 4005,"Actual Loops": 3,"Inner Unique": true,"Hash Cond": "(customer.c_nationkey = n2.n_nationkey)","Workers": [],"Plans": [{"Node Type": "Seq Scan","Parent Relationship": "Outer","Parallel Aware": true,"Async Capable": false,"Relation Name": "customer","Alias": "customer","Startup Cost": 0.00,"Total Cost": 4210.00,"Plan Rows": 62500,"Plan Width": 8,"Actual Startup Time": 0.014,"Actual Total Time": 9.136,"Actual Rows": 50000,"Actual Loops": 3,"Workers": []},{"Node Type": "Hash","Parent Relationship": "Inner","Parallel Aware": false,"Async Capable": false,"Startup Cost": 1.38,"Total Cost": 1.38,"Plan Rows": 2,"Plan Width": 108,"Actual Startup Time": 0.088,"Actual Total Time": 0.094,"Actual Rows": 2,"Actual Loops": 3,"Hash Buckets": 1024,"Original Hash Buckets": 1024,"Hash Batches": 1,"Original Hash Batches": 1,"Peak Memory Usage": 9,"Workers": [],"Plans": [{"Node Type": "Seq Scan","Parent Relationship": "Outer","Parallel Aware": false,"Async Capable": false,"Relation Name": "nation","Alias": "n2","Startup Cost": 0.00,"Total Cost": 1.38,"Plan Rows": 2,"Plan Width": 108,"Actual Startup Time": 0.072,"Actual Total Time": 0.077,"Actual Rows": 2,"Actual Loops": 3,"Filter": "((n_name = 'KENYA'::bpchar) OR (n_name = 'CHINA'::bpchar))","Rows Removed by Filter": 23,"Workers": []}]}]},{"Node Type": "Index Scan","Parent Relationship": "Inner","Parallel Aware": false,"Async Capable": false,"Scan Direction": "Forward","Index Name": "idx_orders_custkey","Relation Name": "orders","Alias": "orders","Startup Cost": 0.43,"Total Cost": 1.46,"Plan Rows": 17,"Plan Width": 8,"Actual Startup Time": 0.007,"Actual Total Time": 0.043,"Actual Rows": 10,"Actual Loops": 12016,"Index Cond": "(o_custkey = customer.c_custkey)","Rows Removed by Index Recheck": 0,"Workers": []}]},{"Node Type": "Index Scan","Parent Relationship": "Inner","Parallel Aware": false,"Async Capable": false,"Scan Direction": "Forward","Index Name": "idx_lineitem_orderkey","Relation Name": "lineitem","Alias": "lineitem","Startup Cost": 0.43,"Total Cost": 1.14,"Plan Rows": 5,"Plan Width": 24,"Actual Startup Time": 0.016,"Actual Total Time": 0.017,"Actual Rows": 1,"Actual Loops": 119724,"Index Cond": "(l_orderkey = orders.o_orderkey)","Rows Removed by Index Recheck": 0,"Filter": "((l_shipdate >= '1995-01-01'::date) AND (l_shipdate <= '1996-12-31'::date))","Rows Removed by Filter": 3,"Workers": []}]},{"Node Type": "Hash","Parent Relationship": "Inner","Parallel Aware": false,"Async Capable": false,"Startup Cost": 354.10,"Total Cost": 354.10,"Plan Rows": 784,"Plan Width": 108,"Actual Startup Time": 10.173,"Actual Total Time": 10.188,"Actual Rows": 783,"Actual Loops": 3,"Hash Buckets": 1024,"Original Hash Buckets": 1024,"Hash Batches": 1,"Original Hash Batches": 1,"Peak Memory Usage": 56,"Workers": [],"Plans": [{"Node Type": "Hash Join","Parent Relationship": "Outer","Parallel Aware": false,"Async Capable": false,"Join Type": "Inner","Startup Cost": 1.40,"Total Cost": 354.10,"Plan Rows": 784,"Plan Width": 108,"Actual Startup Time": 0.104,"Actual Total Time": 9.998,"Actual Rows": 783,"Actual Loops": 3,"Inner Unique": true,"Hash Cond": "(supplier.s_nationkey = n1.n_nationkey)","Workers": [],"Plans": [{"Node Type": "Seq Scan","Parent Relationship": "Outer","Parallel Aware": false,"Async Capable": false,"Relation Name": "supplier","Alias": "supplier","Startup Cost": 0.00,"Total Cost": 322.00,"Plan Rows": 10000,"Plan Width": 8,"Actual Startup Time": 0.048,"Actual Total Time": 4.113,"Actual Rows": 10000,"Actual Loops": 3,"Workers": []},{"Node Type": "Hash","Parent Relationship": "Inner","Parallel Aware": false,"Async Capable": false,"Startup Cost": 1.38,"Total Cost": 1.38,"Plan Rows": 2,"Plan Width": 108,"Actual Startup Time": 0.020,"Actual Total Time": 0.026,"Actual Rows": 2,"Actual Loops": 3,"Hash Buckets": 1024,"Original Hash Buckets": 1024,"Hash Batches": 1,"Original Hash Batches": 1,"Peak Memory Usage": 9,"Workers": [],"Plans": [{"Node Type": "Seq Scan","Parent Relationship": "Outer","Parallel Aware": false,"Async Capable": false,"Relation Name": "nation","Alias": "n1","Startup Cost": 0.00,"Total Cost": 1.38,"Plan Rows": 2,"Plan Width": 108,"Actual Startup Time": 0.010,"Actual Total Time": 0.015,"Actual Rows": 2,"Actual Loops": 3,"Filter": "((n_name = 'CHINA'::bpchar) OR (n_name = 'KENYA'::bpchar))","Rows Removed by Filter": 23,"Workers": []}]}]}]}]}]}]}]}]},"Planning Time": 8.970,"Triggers": [],"Execution Time": 965.502}]
[{"Plan": {"Node Type": "Aggregate","Strategy": "Sorted","Partial Mode": "Finalize","Parallel Aware": false,"Async Capable": false,"Startup Cost": 72556.41,"Total Cost": 73352.71,"Plan Rows": 5893,"Plan Width": 272,"Actual Startup Time": 919.612,"Actual Total Time": 962.509,"Actual Rows": 4,"Actual Loops": 1,"Group Key": ["n1.n_name", "n2.n_name", "(EXTRACT(year FROM lineitem.l_shipdate))"],"Plans": [{"Node Type": "Gather Merge","Parent Relationship": "Outer","Parallel Aware": false,"Async Capable": false,"Startup Cost": 72556.41,"Total Cost": 73202.94,"Plan Rows": 4910,"Plan Width": 272,"Actual Startup Time": 918.869,"Actual Total Time": 962.424,"Actual Rows": 12,"Actual Loops": 1,"Workers Planned": 2,"Workers Launched": 2,"Plans": [{"Node Type": "Aggregate","Strategy": "Sorted","Partial Mode": "Partial","Parent Relationship": "Outer","Parallel Aware": false,"Async Capable": false,"Startup Cost": 71556.39,"Total Cost": 71636.18,"Plan Rows": 2455,"Plan Width": 272,"Actual Startup Time": 910.859,"Actual Total Time": 911.760,"Actual Rows": 4,"Actual Loops": 3,"Group Key": ["n1.n_name", "n2.n_name", "(EXTRACT(year FROM lineitem.l_shipdate))"],"Workers": [],"Plans": [{"Node Type": "Sort","Parent Relationship": "Outer","Parallel Aware": false,"Async Capable": false,"Startup Cost": 71556.39,"Total Cost": 71562.53,"Plan Rows": 2455,"Plan Width": 252,"Actual Startup Time": 910.586,"Actual Total Time": 910.716,"Actual Rows": 2034,"Actual Loops": 3,"Sort Key": ["n1.n_name", "n2.n_name", "(EXTRACT(year FROM lineitem.l_shipdate))"],"Sort Method": "quicksort","Sort Space Used": 323,"Sort Space Type": "Memory","Workers": [{"Worker Number": 0,"Sort Method": "quicksort","Sort Space Used": 267,"Sort Space Type": "Memory"},{"Worker Number": 1,"Sort Method": "quicksort","Sort Space Used": 271,"Sort Space Type": "Memory"}],"Plans": [{"Node Type": "Hash Join","Parent Relationship": "Outer","Parallel Aware": false,"Async Capable": false,"Join Type": "Inner","Startup Cost": 366.16,"Total Cost": 71418.15,"Plan Rows": 2455,"Plan Width": 252,"Actual Startup Time": 13.538,"Actual Total Time": 908.594,"Actual Rows": 2034,"Actual Loops": 3,"Inner Unique": false,"Hash Cond": "(lineitem.l_suppkey = supplier.s_suppkey)","Join Filter": "(((n1.n_name = 'IRAQ'::bpchar) AND (n2.n_name = 'BRAZIL'::bpchar)) OR ((n1.n_name = 'BRAZIL'::bpchar) AND (n2.n_name = 'IRAQ'::bpchar)))","Rows Removed by Join Filter": 2032,"Workers": [],"Plans": [{"Node Type": "Nested Loop","Parent Relationship": "Outer","Parallel Aware": false,"Async Capable": false,"Join Type": "Inner","Startup Cost": 2.26,"Total Cost": 70727.78,"Plan Rows": 60250,"Plan Width": 124,"Actual Startup Time": 1.133,"Actual Total Time": 890.339,"Actual Rows": 48292,"Actual Loops": 3,"Inner Unique": false,"Workers": [],"Plans": [{"Node Type": "Nested Loop","Parent Relationship": "Outer","Parallel Aware": false,"Async Capable": false,"Join Type": "Inner","Startup Cost": 1.83,"Total Cost": 12400.01,"Plan Rows": 49000,"Plan Width": 108,"Actual Startup Time": 0.351,"Actual Total Time": 220.958,"Actual Rows": 39680,"Actual Loops": 3,"Inner Unique": false,"Workers": [],"Plans": [{"Node Type": "Hash Join","Parent Relationship": "Outer","Parallel Aware": false,"Async Capable": false,"Join Type": "Inner","Startup Cost": 1.40,"Total Cost": 4403.27,"Plan Rows": 4900,"Plan Width": 108,"Actual Startup Time": 0.214,"Actual Total Time": 43.655,"Actual Rows": 3987,"Actual Loops": 3,"Inner Unique": true,"Hash Cond": "(customer.c_nationkey = n2.n_nationkey)","Workers": [],"Plans": [{"Node Type": "Seq Scan","Parent Relationship": "Outer","Parallel Aware": true,"Async Capable": false,"Relation Name": "customer","Alias": "customer","Startup Cost": 0.00,"Total Cost": 4210.00,"Plan Rows": 62500,"Plan Width": 8,"Actual Startup Time": 0.015,"Actual Total Time": 9.084,"Actual Rows": 50000,"Actual Loops": 3,"Workers": []},{"Node Type": "Hash","Parent Relationship": "Inner","Parallel Aware": false,"Async Capable": false,"Startup Cost": 1.38,"Total Cost": 1.38,"Plan Rows": 2,"Plan Width": 108,"Actual Startup Time": 0.094,"Actual Total Time": 0.101,"Actual Rows": 2,"Actual Loops": 3,"Hash Buckets": 1024,"Original Hash Buckets": 1024,"Hash Batches": 1,"Original Hash Batches": 1,"Peak Memory Usage": 9,"Workers": [],"Plans": [{"Node Type": "Seq Scan","Parent Relationship": "Outer","Parallel Aware": false,"Async Capable": false,"Relation Name": "nation","Alias": "n2","Startup Cost": 0.00,"Total Cost": 1.38,"Plan Rows": 2,"Plan Width": 108,"Actual Startup Time": 0.072,"Actual Total Time": 0.082,"Actual Rows": 2,"Actual Loops": 3,"Filter": "((n_name = 'BRAZIL'::bpchar) OR (n_name = 'IRAQ'::bpchar))","Rows Removed by Filter": 23,"Workers": []}]}]},{"Node Type": "Index Scan","Parent Relationship": "Inner","Parallel Aware": false,"Async Capable": false,"Scan Direction": "Forward","Index Name": "idx_orders_custkey","Relation Name": "orders","Alias": "orders","Startup Cost": 0.43,"Total Cost": 1.46,"Plan Rows": 17,"Plan Width": 8,"Actual Startup Time": 0.007,"Actual Total Time": 0.043,"Actual Rows": 10,"Actual Loops": 11962,"Index Cond": "(o_custkey = customer.c_custkey)","Rows Removed by Index Recheck": 0,"Workers": []}]},{"Node Type": "Index Scan","Parent Relationship": "Inner","Parallel Aware": false,"Async Capable": false,"Scan Direction": "Forward","Index Name": "idx_lineitem_orderkey","Relation Name": "lineitem","Alias": "lineitem","Startup Cost": 0.43,"Total Cost": 1.14,"Plan Rows": 5,"Plan Width": 24,"Actual Startup Time": 0.016,"Actual Total Time": 0.017,"Actual Rows": 1,"Actual Loops": 119039,"Index Cond": "(l_orderkey = orders.o_orderkey)","Rows Removed by Index Recheck": 0,"Filter": "((l_shipdate >= '1995-01-01'::date) AND (l_shipdate <= '1996-12-31'::date))","Rows Removed by Filter": 3,"Workers": []}]},{"Node Type": "Hash","Parent Relationship": "Inner","Parallel Aware": false,"Async Capable": false,"Startup Cost": 354.10,"Total Cost": 354.10,"Plan Rows": 784,"Plan Width": 108,"Actual Startup Time": 10.969,"Actual Total Time": 10.982,"Actual Rows": 835,"Actual Loops": 3,"Hash Buckets": 1024,"Original Hash Buckets": 1024,"Hash Batches": 1,"Original Hash Batches": 1,"Peak Memory Usage": 59,"Workers": [],"Plans": [{"Node Type": "Hash Join","Parent Relationship": "Outer","Parallel Aware": false,"Async Capable": false,"Join Type": "Inner","Startup Cost": 1.40,"Total Cost": 354.10,"Plan Rows": 784,"Plan Width": 108,"Actual Startup Time": 0.100,"Actual Total Time": 10.775,"Actual Rows": 835,"Actual Loops": 3,"Inner Unique": true,"Hash Cond": "(supplier.s_nationkey = n1.n_nationkey)","Workers": [],"Plans": [{"Node Type": "Seq Scan","Parent Relationship": "Outer","Parallel Aware": false,"Async Capable": false,"Relation Name": "supplier","Alias": "supplier","Startup Cost": 0.00,"Total Cost": 322.00,"Plan Rows": 10000,"Plan Width": 8,"Actual Startup Time": 0.037,"Actual Total Time": 4.489,"Actual Rows": 10000,"Actual Loops": 3,"Workers": []},{"Node Type": "Hash","Parent Relationship": "Inner","Parallel Aware": false,"Async Capable": false,"Startup Cost": 1.38,"Total Cost": 1.38,"Plan Rows": 2,"Plan Width": 108,"Actual Startup Time": 0.020,"Actual Total Time": 0.025,"Actual Rows": 2,"Actual Loops": 3,"Hash Buckets": 1024,"Original Hash Buckets": 1024,"Hash Batches": 1,"Original Hash Batches": 1,"Peak Memory Usage": 9,"Workers": [],"Plans": [{"Node Type": "Seq Scan","Parent Relationship": "Outer","Parallel Aware": false,"Async Capable": false,"Relation Name": "nation","Alias": "n1","Startup Cost": 0.00,"Total Cost": 1.38,"Plan Rows": 2,"Plan Width": 108,"Actual Startup Time": 0.007,"Actual Total Time": 0.014,"Actual Rows": 2,"Actual Loops": 3,"Filter": "((n_name = 'IRAQ'::bpchar) OR (n_name = 'BRAZIL'::bpchar))","Rows Removed by Filter": 23,"Workers": []}]}]}]}]}]}]}]}]},"Planning Time": 8.725,"Triggers": [],"Execution Time": 963.008}]
[{"Plan": {"Node Type": "Aggregate","Strategy": "Sorted","Partial Mode": "Finalize","Parallel Aware": false,"Async Capable": false,"Startup Cost": 72556.41,"Total Cost": 73352.71,"Plan Rows": 5893,"Plan Width": 272,"Actual Startup Time": 928.810,"Actual Total Time": 983.304,"Actual Rows": 4,"Actual Loops": 1,"Group Key": ["n1.n_name", "n2.n_name", "(EXTRACT(year FROM lineitem.l_shipdate))"],"Plans": [{"Node Type": "Gather Merge","Parent Relationship": "Outer","Parallel Aware": false,"Async Capable": false,"Startup Cost": 72556.41,"Total Cost": 73202.94,"Plan Rows": 4910,"Plan Width": 272,"Actual Startup Time": 927.998,"Actual Total Time": 983.218,"Actual Rows": 12,"Actual Loops": 1,"Workers Planned": 2,"Workers Launched": 2,"Plans": [{"Node Type": "Aggregate","Strategy": "Sorted","Partial Mode": "Partial","Parent Relationship": "Outer","Parallel Aware": false,"Async Capable": false,"Startup Cost": 71556.39,"Total Cost": 71636.18,"Plan Rows": 2455,"Plan Width": 272,"Actual Startup Time": 918.683,"Actual Total Time": 919.542,"Actual Rows": 4,"Actual Loops": 3,"Group Key": ["n1.n_name", "n2.n_name", "(EXTRACT(year FROM lineitem.l_shipdate))"],"Workers": [],"Plans": [{"Node Type": "Sort","Parent Relationship": "Outer","Parallel Aware": false,"Async Capable": false,"Startup Cost": 71556.39,"Total Cost": 71562.53,"Plan Rows": 2455,"Plan Width": 252,"Actual Startup Time": 918.400,"Actual Total Time": 918.516,"Actual Rows": 1902,"Actual Loops": 3,"Sort Key": ["n1.n_name", "n2.n_name", "(EXTRACT(year FROM lineitem.l_shipdate))"],"Sort Method": "quicksort","Sort Space Used": 255,"Sort Space Type": "Memory","Workers": [{"Worker Number": 0,"Sort Method": "quicksort","Sort Space Used": 261,"Sort Space Type": "Memory"},{"Worker Number": 1,"Sort Method": "quicksort","Sort Space Used": 253,"Sort Space Type": "Memory"}],"Plans": [{"Node Type": "Hash Join","Parent Relationship": "Outer","Parallel Aware": false,"Async Capable": false,"Join Type": "Inner","Startup Cost": 366.16,"Total Cost": 71418.15,"Plan Rows": 2455,"Plan Width": 252,"Actual Startup Time": 8.220,"Actual Total Time": 916.582,"Actual Rows": 1902,"Actual Loops": 3,"Inner Unique": false,"Hash Cond": "(lineitem.l_suppkey = supplier.s_suppkey)","Join Filter": "(((n1.n_name = 'KENYA'::bpchar) AND (n2.n_name = 'FRANCE'::bpchar)) OR ((n1.n_name = 'FRANCE'::bpchar) AND (n2.n_name = 'KENYA'::bpchar)))","Rows Removed by Join Filter": 1862,"Workers": [],"Plans": [{"Node Type": "Nested Loop","Parent Relationship": "Outer","Parallel Aware": false,"Async Capable": false,"Join Type": "Inner","Startup Cost": 2.26,"Total Cost": 70727.78,"Plan Rows": 60250,"Plan Width": 124,"Actual Startup Time": 0.765,"Actual Total Time": 902.388,"Actual Rows": 48866,"Actual Loops": 3,"Inner Unique": false,"Workers": [],"Plans": [{"Node Type": "Nested Loop","Parent Relationship": "Outer","Parallel Aware": false,"Async Capable": false,"Join Type": "Inner","Startup Cost": 1.83,"Total Cost": 12400.01,"Plan Rows": 49000,"Plan Width": 108,"Actual Startup Time": 0.392,"Actual Total Time": 226.434,"Actual Rows": 40180,"Actual Loops": 3,"Inner Unique": false,"Workers": [],"Plans": [{"Node Type": "Hash Join","Parent Relationship": "Outer","Parallel Aware": false,"Async Capable": false,"Join Type": "Inner","Startup Cost": 1.40,"Total Cost": 4403.27,"Plan Rows": 4900,"Plan Width": 108,"Actual Startup Time": 0.210,"Actual Total Time": 46.216,"Actual Rows": 4031,"Actual Loops": 3,"Inner Unique": true,"Hash Cond": "(customer.c_nationkey = n2.n_nationkey)","Workers": [],"Plans": [{"Node Type": "Seq Scan","Parent Relationship": "Outer","Parallel Aware": true,"Async Capable": false,"Relation Name": "customer","Alias": "customer","Startup Cost": 0.00,"Total Cost": 4210.00,"Plan Rows": 62500,"Plan Width": 8,"Actual Startup Time": 0.017,"Actual Total Time": 9.469,"Actual Rows": 50000,"Actual Loops": 3,"Workers": []},{"Node Type": "Hash","Parent Relationship": "Inner","Parallel Aware": false,"Async Capable": false,"Startup Cost": 1.38,"Total Cost": 1.38,"Plan Rows": 2,"Plan Width": 108,"Actual Startup Time": 0.097,"Actual Total Time": 0.100,"Actual Rows": 2,"Actual Loops": 3,"Hash Buckets": 1024,"Original Hash Buckets": 1024,"Hash Batches": 1,"Original Hash Batches": 1,"Peak Memory Usage": 9,"Workers": [],"Plans": [{"Node Type": "Seq Scan","Parent Relationship": "Outer","Parallel Aware": false,"Async Capable": false,"Relation Name": "nation","Alias": "n2","Startup Cost": 0.00,"Total Cost": 1.38,"Plan Rows": 2,"Plan Width": 108,"Actual Startup Time": 0.067,"Actual Total Time": 0.073,"Actual Rows": 2,"Actual Loops": 3,"Filter": "((n_name = 'FRANCE'::bpchar) OR (n_name = 'KENYA'::bpchar))","Rows Removed by Filter": 23,"Workers": []}]}]},{"Node Type": "Index Scan","Parent Relationship": "Inner","Parallel Aware": false,"Async Capable": false,"Scan Direction": "Forward","Index Name": "idx_orders_custkey","Relation Name": "orders","Alias": "orders","Startup Cost": 0.43,"Total Cost": 1.46,"Plan Rows": 17,"Plan Width": 8,"Actual Startup Time": 0.007,"Actual Total Time": 0.043,"Actual Rows": 10,"Actual Loops": 12092,"Index Cond": "(o_custkey = customer.c_custkey)","Rows Removed by Index Recheck": 0,"Workers": []}]},{"Node Type": "Index Scan","Parent Relationship": "Inner","Parallel Aware": false,"Async Capable": false,"Scan Direction": "Forward","Index Name": "idx_lineitem_orderkey","Relation Name": "lineitem","Alias": "lineitem","Startup Cost": 0.43,"Total Cost": 1.14,"Plan Rows": 5,"Plan Width": 24,"Actual Startup Time": 0.016,"Actual Total Time": 0.017,"Actual Rows": 1,"Actual Loops": 120540,"Index Cond": "(l_orderkey = orders.o_orderkey)","Rows Removed by Index Recheck": 0,"Filter": "((l_shipdate >= '1995-01-01'::date) AND (l_shipdate <= '1996-12-31'::date))","Rows Removed by Filter": 3,"Workers": []}]},{"Node Type": "Hash","Parent Relationship": "Inner","Parallel Aware": false,"Async Capable": false,"Startup Cost": 354.10,"Total Cost": 354.10,"Plan Rows": 784,"Plan Width": 108,"Actual Startup Time": 6.834,"Actual Total Time": 6.845,"Actual Rows": 778,"Actual Loops": 3,"Hash Buckets": 1024,"Original Hash Buckets": 1024,"Hash Batches": 1,"Original Hash Batches": 1,"Peak Memory Usage": 56,"Workers": [],"Plans": [{"Node Type": "Hash Join","Parent Relationship": "Outer","Parallel Aware": false,"Async Capable": false,"Join Type": "Inner","Startup Cost": 1.40,"Total Cost": 354.10,"Plan Rows": 784,"Plan Width": 108,"Actual Startup Time": 0.088,"Actual Total Time": 6.674,"Actual Rows": 778,"Actual Loops": 3,"Inner Unique": true,"Hash Cond": "(supplier.s_nationkey = n1.n_nationkey)","Workers": [],"Plans": [{"Node Type": "Seq Scan","Parent Relationship": "Outer","Parallel Aware": false,"Async Capable": false,"Relation Name": "supplier","Alias": "supplier","Startup Cost": 0.00,"Total Cost": 322.00,"Plan Rows": 10000,"Plan Width": 8,"Actual Startup Time": 0.030,"Actual Total Time": 3.533,"Actual Rows": 10000,"Actual Loops": 3,"Workers": []},{"Node Type": "Hash","Parent Relationship": "Inner","Parallel Aware": false,"Async Capable": false,"Startup Cost": 1.38,"Total Cost": 1.38,"Plan Rows": 2,"Plan Width": 108,"Actual Startup Time": 0.019,"Actual Total Time": 0.024,"Actual Rows": 2,"Actual Loops": 3,"Hash Buckets": 1024,"Original Hash Buckets": 1024,"Hash Batches": 1,"Original Hash Batches": 1,"Peak Memory Usage": 9,"Workers": [],"Plans": [{"Node Type": "Seq Scan","Parent Relationship": "Outer","Parallel Aware": false,"Async Capable": false,"Relation Name": "nation","Alias": "n1","Startup Cost": 0.00,"Total Cost": 1.38,"Plan Rows": 2,"Plan Width": 108,"Actual Startup Time": 0.007,"Actual Total Time": 0.013,"Actual Rows": 2,"Actual Loops": 3,"Filter": "((n_name = 'KENYA'::bpchar) OR (n_name = 'FRANCE'::bpchar))","Rows Removed by Filter": 23,"Workers": []}]}]}]}]}]}]}]}]},"Planning Time": 9.143,"Triggers": [],"Execution Time": 983.737}]
[{"Plan": {"Node Type": "Aggregate","Strategy": "Sorted","Partial Mode": "Finalize","Parallel Aware": false,"Async Capable": false,"Startup Cost": 72556.41,"Total Cost": 73352.71,"Plan Rows": 5893,"Plan Width": 272,"Actual Startup Time": 923.022,"Actual Total Time": 981.364,"Actual Rows": 4,"Actual Loops": 1,"Group Key": ["n1.n_name", "n2.n_name", "(EXTRACT(year FROM lineitem.l_shipdate))"],"Plans": [{"Node Type": "Gather Merge","Parent Relationship": "Outer","Parallel Aware": false,"Async Capable": false,"Startup Cost": 72556.41,"Total Cost": 73202.94,"Plan Rows": 4910,"Plan Width": 272,"Actual Startup Time": 922.638,"Actual Total Time": 981.293,"Actual Rows": 12,"Actual Loops": 1,"Workers Planned": 2,"Workers Launched": 2,"Plans": [{"Node Type": "Aggregate","Strategy": "Sorted","Partial Mode": "Partial","Parent Relationship": "Outer","Parallel Aware": false,"Async Capable": false,"Startup Cost": 71556.39,"Total Cost": 71636.18,"Plan Rows": 2455,"Plan Width": 272,"Actual Startup Time": 914.978,"Actual Total Time": 915.651,"Actual Rows": 4,"Actual Loops": 3,"Group Key": ["n1.n_name", "n2.n_name", "(EXTRACT(year FROM lineitem.l_shipdate))"],"Workers": [],"Plans": [{"Node Type": "Sort","Parent Relationship": "Outer","Parallel Aware": false,"Async Capable": false,"Startup Cost": 71556.39,"Total Cost": 71562.53,"Plan Rows": 2455,"Plan Width": 252,"Actual Startup Time": 914.694,"Actual Total Time": 914.802,"Actual Rows": 1918,"Actual Loops": 3,"Sort Key": ["n1.n_name", "n2.n_name", "(EXTRACT(year FROM lineitem.l_shipdate))"],"Sort Method": "quicksort","Sort Space Used": 262,"Sort Space Type": "Memory","Workers": [{"Worker Number": 0,"Sort Method": "quicksort","Sort Space Used": 258,"Sort Space Type": "Memory"},{"Worker Number": 1,"Sort Method": "quicksort","Sort Space Used": 255,"Sort Space Type": "Memory"}],"Plans": [{"Node Type": "Hash Join","Parent Relationship": "Outer","Parallel Aware": false,"Async Capable": false,"Join Type": "Inner","Startup Cost": 366.16,"Total Cost": 71418.15,"Plan Rows": 2455,"Plan Width": 252,"Actual Startup Time": 9.434,"Actual Total Time": 912.855,"Actual Rows": 1918,"Actual Loops": 3,"Inner Unique": false,"Hash Cond": "(lineitem.l_suppkey = supplier.s_suppkey)","Join Filter": "(((n1.n_name = 'ETHIOPIA'::bpchar) AND (n2.n_name = 'ALGERIA'::bpchar)) OR ((n1.n_name = 'ALGERIA'::bpchar) AND (n2.n_name = 'ETHIOPIA'::bpchar)))","Rows Removed by Join Filter": 1965,"Workers": [],"Plans": [{"Node Type": "Nested Loop","Parent Relationship": "Outer","Parallel Aware": false,"Async Capable": false,"Join Type": "Inner","Startup Cost": 2.26,"Total Cost": 70727.78,"Plan Rows": 60250,"Plan Width": 124,"Actual Startup Time": 0.444,"Actual Total Time": 896.973,"Actual Rows": 48559,"Actual Loops": 3,"Inner Unique": false,"Workers": [],"Plans": [{"Node Type": "Nested Loop","Parent Relationship": "Outer","Parallel Aware": false,"Async Capable": false,"Join Type": "Inner","Startup Cost": 1.83,"Total Cost": 12400.01,"Plan Rows": 49000,"Plan Width": 108,"Actual Startup Time": 0.276,"Actual Total Time": 225.003,"Actual Rows": 39776,"Actual Loops": 3,"Inner Unique": false,"Workers": [],"Plans": [{"Node Type": "Hash Join","Parent Relationship": "Outer","Parallel Aware": false,"Async Capable": false,"Join Type": "Inner","Startup Cost": 1.40,"Total Cost": 4403.27,"Plan Rows": 4900,"Plan Width": 108,"Actual Startup Time": 0.165,"Actual Total Time": 46.780,"Actual Rows": 3959,"Actual Loops": 3,"Inner Unique": true,"Hash Cond": "(customer.c_nationkey = n2.n_nationkey)","Workers": [],"Plans": [{"Node Type": "Seq Scan","Parent Relationship": "Outer","Parallel Aware": true,"Async Capable": false,"Relation Name": "customer","Alias": "customer","Startup Cost": 0.00,"Total Cost": 4210.00,"Plan Rows": 62500,"Plan Width": 8,"Actual Startup Time": 0.012,"Actual Total Time": 9.541,"Actual Rows": 50000,"Actual Loops": 3,"Workers": []},{"Node Type": "Hash","Parent Relationship": "Inner","Parallel Aware": false,"Async Capable": false,"Startup Cost": 1.38,"Total Cost": 1.38,"Plan Rows": 2,"Plan Width": 108,"Actual Startup Time": 0.075,"Actual Total Time": 0.081,"Actual Rows": 2,"Actual Loops": 3,"Hash Buckets": 1024,"Original Hash Buckets": 1024,"Hash Batches": 1,"Original Hash Batches": 1,"Peak Memory Usage": 9,"Workers": [],"Plans": [{"Node Type": "Seq Scan","Parent Relationship": "Outer","Parallel Aware": false,"Async Capable": false,"Relation Name": "nation","Alias": "n2","Startup Cost": 0.00,"Total Cost": 1.38,"Plan Rows": 2,"Plan Width": 108,"Actual Startup Time": 0.054,"Actual Total Time": 0.062,"Actual Rows": 2,"Actual Loops": 3,"Filter": "((n_name = 'ALGERIA'::bpchar) OR (n_name = 'ETHIOPIA'::bpchar))","Rows Removed by Filter": 23,"Workers": []}]}]},{"Node Type": "Index Scan","Parent Relationship": "Inner","Parallel Aware": false,"Async Capable": false,"Scan Direction": "Forward","Index Name": "idx_orders_custkey","Relation Name": "orders","Alias": "orders","Startup Cost": 0.43,"Total Cost": 1.46,"Plan Rows": 17,"Plan Width": 8,"Actual Startup Time": 0.007,"Actual Total Time": 0.044,"Actual Rows": 10,"Actual Loops": 11877,"Index Cond": "(o_custkey = customer.c_custkey)","Rows Removed by Index Recheck": 0,"Workers": []}]},{"Node Type": "Index Scan","Parent Relationship": "Inner","Parallel Aware": false,"Async Capable": false,"Scan Direction": "Forward","Index Name": "idx_lineitem_orderkey","Relation Name": "lineitem","Alias": "lineitem","Startup Cost": 0.43,"Total Cost": 1.14,"Plan Rows": 5,"Plan Width": 24,"Actual Startup Time": 0.016,"Actual Total Time": 0.017,"Actual Rows": 1,"Actual Loops": 119328,"Index Cond": "(l_orderkey = orders.o_orderkey)","Rows Removed by Index Recheck": 0,"Filter": "((l_shipdate >= '1995-01-01'::date) AND (l_shipdate <= '1996-12-31'::date))","Rows Removed by Filter": 3,"Workers": []}]},{"Node Type": "Hash","Parent Relationship": "Inner","Parallel Aware": false,"Async Capable": false,"Startup Cost": 354.10,"Total Cost": 354.10,"Plan Rows": 784,"Plan Width": 108,"Actual Startup Time": 8.523,"Actual Total Time": 8.536,"Actual Rows": 800,"Actual Loops": 3,"Hash Buckets": 1024,"Original Hash Buckets": 1024,"Hash Batches": 1,"Original Hash Batches": 1,"Peak Memory Usage": 57,"Workers": [],"Plans": [{"Node Type": "Hash Join","Parent Relationship": "Outer","Parallel Aware": false,"Async Capable": false,"Join Type": "Inner","Startup Cost": 1.40,"Total Cost": 354.10,"Plan Rows": 784,"Plan Width": 108,"Actual Startup Time": 0.075,"Actual Total Time": 8.293,"Actual Rows": 800,"Actual Loops": 3,"Inner Unique": true,"Hash Cond": "(supplier.s_nationkey = n1.n_nationkey)","Workers": [],"Plans": [{"Node Type": "Seq Scan","Parent Relationship": "Outer","Parallel Aware": false,"Async Capable": false,"Relation Name": "supplier","Alias": "supplier","Startup Cost": 0.00,"Total Cost": 322.00,"Plan Rows": 10000,"Plan Width": 8,"Actual Startup Time": 0.030,"Actual Total Time": 4.597,"Actual Rows": 10000,"Actual Loops": 3,"Workers": []},{"Node Type": "Hash","Parent Relationship": "Inner","Parallel Aware": false,"Async Capable": false,"Startup Cost": 1.38,"Total Cost": 1.38,"Plan Rows": 2,"Plan Width": 108,"Actual Startup Time": 0.015,"Actual Total Time": 0.019,"Actual Rows": 2,"Actual Loops": 3,"Hash Buckets": 1024,"Original Hash Buckets": 1024,"Hash Batches": 1,"Original Hash Batches": 1,"Peak Memory Usage": 9,"Workers": [],"Plans": [{"Node Type": "Seq Scan","Parent Relationship": "Outer","Parallel Aware": false,"Async Capable": false,"Relation Name": "nation","Alias": "n1","Startup Cost": 0.00,"Total Cost": 1.38,"Plan Rows": 2,"Plan Width": 108,"Actual Startup Time": 0.005,"Actual Total Time": 0.011,"Actual Rows": 2,"Actual Loops": 3,"Filter": "((n_name = 'ETHIOPIA'::bpchar) OR (n_name = 'ALGERIA'::bpchar))","Rows Removed by Filter": 23,"Workers": []}]}]}]}]}]}]}]}]},"Planning Time": 8.631,"Triggers": [],"Execution Time": 981.866}]
[{"Plan": {"Node Type": "Aggregate","Strategy": "Sorted","Partial Mode": "Finalize","Parallel Aware": false,"Async Capable": false,"Startup Cost": 72556.41,"Total Cost": 73352.71,"Plan Rows": 5893,"Plan Width": 272,"Actual Startup Time": 918.226,"Actual Total Time": 961.304,"Actual Rows": 4,"Actual Loops": 1,"Group Key": ["n1.n_name", "n2.n_name", "(EXTRACT(year FROM lineitem.l_shipdate))"],"Plans": [{"Node Type": "Gather Merge","Parent Relationship": "Outer","Parallel Aware": false,"Async Capable": false,"Startup Cost": 72556.41,"Total Cost": 73202.94,"Plan Rows": 4910,"Plan Width": 272,"Actual Startup Time": 917.309,"Actual Total Time": 961.218,"Actual Rows": 12,"Actual Loops": 1,"Workers Planned": 2,"Workers Launched": 2,"Plans": [{"Node Type": "Aggregate","Strategy": "Sorted","Partial Mode": "Partial","Parent Relationship": "Outer","Parallel Aware": false,"Async Capable": false,"Startup Cost": 71556.39,"Total Cost": 71636.18,"Plan Rows": 2455,"Plan Width": 272,"Actual Startup Time": 909.115,"Actual Total Time": 909.995,"Actual Rows": 4,"Actual Loops": 3,"Group Key": ["n1.n_name", "n2.n_name", "(EXTRACT(year FROM lineitem.l_shipdate))"],"Workers": [],"Plans": [{"Node Type": "Sort","Parent Relationship": "Outer","Parallel Aware": false,"Async Capable": false,"Startup Cost": 71556.39,"Total Cost": 71562.53,"Plan Rows": 2455,"Plan Width": 252,"Actual Startup Time": 908.831,"Actual Total Time": 908.949,"Actual Rows": 1973,"Actual Loops": 3,"Sort Key": ["n1.n_name", "n2.n_name", "(EXTRACT(year FROM lineitem.l_shipdate))"],"Sort Method": "quicksort","Sort Space Used": 321,"Sort Space Type": "Memory","Workers": [{"Worker Number": 0,"Sort Method": "quicksort","Sort Space Used": 266,"Sort Space Type": "Memory"},{"Worker Number": 1,"Sort Method": "quicksort","Sort Space Used": 254,"Sort Space Type": "Memory"}],"Plans": [{"Node Type": "Hash Join","Parent Relationship": "Outer","Parallel Aware": false,"Async Capable": false,"Join Type": "Inner","Startup Cost": 366.16,"Total Cost": 71418.15,"Plan Rows": 2455,"Plan Width": 252,"Actual Startup Time": 12.759,"Actual Total Time": 906.898,"Actual Rows": 1973,"Actual Loops": 3,"Inner Unique": false,"Hash Cond": "(lineitem.l_suppkey = supplier.s_suppkey)","Join Filter": "(((n1.n_name = 'ALGERIA'::bpchar) AND (n2.n_name = 'MOROCCO'::bpchar)) OR ((n1.n_name = 'MOROCCO'::bpchar) AND (n2.n_name = 'ALGERIA'::bpchar)))","Rows Removed by Join Filter": 1940,"Workers": [],"Plans": [{"Node Type": "Nested Loop","Parent Relationship": "Outer","Parallel Aware": false,"Async Capable": false,"Join Type": "Inner","Startup Cost": 2.26,"Total Cost": 70727.78,"Plan Rows": 60250,"Plan Width": 124,"Actual Startup Time": 0.779,"Actual Total Time": 888.686,"Actual Rows": 48584,"Actual Loops": 3,"Inner Unique": false,"Workers": [],"Plans": [{"Node Type": "Nested Loop","Parent Relationship": "Outer","Parallel Aware": false,"Async Capable": false,"Join Type": "Inner","Startup Cost": 1.83,"Total Cost": 12400.01,"Plan Rows": 49000,"Plan Width": 108,"Actual Startup Time": 0.343,"Actual Total Time": 219.952,"Actual Rows": 39694,"Actual Loops": 3,"Inner Unique": false,"Workers": [],"Plans": [{"Node Type": "Hash Join","Parent Relationship": "Outer","Parallel Aware": false,"Async Capable": false,"Join Type": "Inner","Startup Cost": 1.40,"Total Cost": 4403.27,"Plan Rows": 4900,"Plan Width": 108,"Actual Startup Time": 0.208,"Actual Total Time": 43.861,"Actual Rows": 3949,"Actual Loops": 3,"Inner Unique": true,"Hash Cond": "(customer.c_nationkey = n2.n_nationkey)","Workers": [],"Plans": [{"Node Type": "Seq Scan","Parent Relationship": "Outer","Parallel Aware": true,"Async Capable": false,"Relation Name": "customer","Alias": "customer","Startup Cost": 0.00,"Total Cost": 4210.00,"Plan Rows": 62500,"Plan Width": 8,"Actual Startup Time": 0.015,"Actual Total Time": 9.121,"Actual Rows": 50000,"Actual Loops": 3,"Workers": []},{"Node Type": "Hash","Parent Relationship": "Inner","Parallel Aware": false,"Async Capable": false,"Startup Cost": 1.38,"Total Cost": 1.38,"Plan Rows": 2,"Plan Width": 108,"Actual Startup Time": 0.092,"Actual Total Time": 0.099,"Actual Rows": 2,"Actual Loops": 3,"Hash Buckets": 1024,"Original Hash Buckets": 1024,"Hash Batches": 1,"Original Hash Batches": 1,"Peak Memory Usage": 9,"Workers": [],"Plans": [{"Node Type": "Seq Scan","Parent Relationship": "Outer","Parallel Aware": false,"Async Capable": false,"Relation Name": "nation","Alias": "n2","Startup Cost": 0.00,"Total Cost": 1.38,"Plan Rows": 2,"Plan Width": 108,"Actual Startup Time": 0.065,"Actual Total Time": 0.076,"Actual Rows": 2,"Actual Loops": 3,"Filter": "((n_name = 'MOROCCO'::bpchar) OR (n_name = 'ALGERIA'::bpchar))","Rows Removed by Filter": 23,"Workers": []}]}]},{"Node Type": "Index Scan","Parent Relationship": "Inner","Parallel Aware": false,"Async Capable": false,"Scan Direction": "Forward","Index Name": "idx_orders_custkey","Relation Name": "orders","Alias": "orders","Startup Cost": 0.43,"Total Cost": 1.46,"Plan Rows": 17,"Plan Width": 8,"Actual Startup Time": 0.007,"Actual Total Time": 0.043,"Actual Rows": 10,"Actual Loops": 11846,"Index Cond": "(o_custkey = customer.c_custkey)","Rows Removed by Index Recheck": 0,"Workers": []}]},{"Node Type": "Index Scan","Parent Relationship": "Inner","Parallel Aware": false,"Async Capable": false,"Scan Direction": "Forward","Index Name": "idx_lineitem_orderkey","Relation Name": "lineitem","Alias": "lineitem","Startup Cost": 0.43,"Total Cost": 1.14,"Plan Rows": 5,"Plan Width": 24,"Actual Startup Time": 0.016,"Actual Total Time": 0.017,"Actual Rows": 1,"Actual Loops": 119081,"Index Cond": "(l_orderkey = orders.o_orderkey)","Rows Removed by Index Recheck": 0,"Filter": "((l_shipdate >= '1995-01-01'::date) AND (l_shipdate <= '1996-12-31'::date))","Rows Removed by Filter": 3,"Workers": []}]},{"Node Type": "Hash","Parent Relationship": "Inner","Parallel Aware": false,"Async Capable": false,"Startup Cost": 354.10,"Total Cost": 354.10,"Plan Rows": 784,"Plan Width": 108,"Actual Startup Time": 11.140,"Actual Total Time": 11.152,"Actual Rows": 793,"Actual Loops": 3,"Hash Buckets": 1024,"Original Hash Buckets": 1024,"Hash Batches": 1,"Original Hash Batches": 1,"Peak Memory Usage": 57,"Workers": [],"Plans": [{"Node Type": "Hash Join","Parent Relationship": "Outer","Parallel Aware": false,"Async Capable": false,"Join Type": "Inner","Startup Cost": 1.40,"Total Cost": 354.10,"Plan Rows": 784,"Plan Width": 108,"Actual Startup Time": 0.092,"Actual Total Time": 10.938,"Actual Rows": 793,"Actual Loops": 3,"Inner Unique": true,"Hash Cond": "(supplier.s_nationkey = n1.n_nationkey)","Workers": [],"Plans": [{"Node Type": "Seq Scan","Parent Relationship": "Outer","Parallel Aware": false,"Async Capable": false,"Relation Name": "supplier","Alias": "supplier","Startup Cost": 0.00,"Total Cost": 322.00,"Plan Rows": 10000,"Plan Width": 8,"Actual Startup Time": 0.039,"Actual Total Time": 4.481,"Actual Rows": 10000,"Actual Loops": 3,"Workers": []},{"Node Type": "Hash","Parent Relationship": "Inner","Parallel Aware": false,"Async Capable": false,"Startup Cost": 1.38,"Total Cost": 1.38,"Plan Rows": 2,"Plan Width": 108,"Actual Startup Time": 0.019,"Actual Total Time": 0.023,"Actual Rows": 2,"Actual Loops": 3,"Hash Buckets": 1024,"Original Hash Buckets": 1024,"Hash Batches": 1,"Original Hash Batches": 1,"Peak Memory Usage": 9,"Workers": [],"Plans": [{"Node Type": "Seq Scan","Parent Relationship": "Outer","Parallel Aware": false,"Async Capable": false,"Relation Name": "nation","Alias": "n1","Startup Cost": 0.00,"Total Cost": 1.38,"Plan Rows": 2,"Plan Width": 108,"Actual Startup Time": 0.004,"Actual Total Time": 0.014,"Actual Rows": 2,"Actual Loops": 3,"Filter": "((n_name = 'ALGERIA'::bpchar) OR (n_name = 'MOROCCO'::bpchar))","Rows Removed by Filter": 23,"Workers": []}]}]}]}]}]}]}]}]},"Planning Time": 9.304,"Triggers": [],"Execution Time": 961.704}]
[{"Plan": {"Node Type": "Aggregate","Strategy": "Sorted","Partial Mode": "Finalize","Parallel Aware": false,"Async Capable": false,"Startup Cost": 72556.41,"Total Cost": 73352.71,"Plan Rows": 5893,"Plan Width": 272,"Actual Startup Time": 924.623,"Actual Total Time": 982.366,"Actual Rows": 4,"Actual Loops": 1,"Group Key": ["n1.n_name", "n2.n_name", "(EXTRACT(year FROM lineitem.l_shipdate))"],"Plans": [{"Node Type": "Gather Merge","Parent Relationship": "Outer","Parallel Aware": false,"Async Capable": false,"Startup Cost": 72556.41,"Total Cost": 73202.94,"Plan Rows": 4910,"Plan Width": 272,"Actual Startup Time": 924.322,"Actual Total Time": 982.256,"Actual Rows": 12,"Actual Loops": 1,"Workers Planned": 2,"Workers Launched": 2,"Plans": [{"Node Type": "Aggregate","Strategy": "Sorted","Partial Mode": "Partial","Parent Relationship": "Outer","Parallel Aware": false,"Async Capable": false,"Startup Cost": 71556.39,"Total Cost": 71636.18,"Plan Rows": 2455,"Plan Width": 272,"Actual Startup Time": 915.693,"Actual Total Time": 916.425,"Actual Rows": 4,"Actual Loops": 3,"Group Key": ["n1.n_name", "n2.n_name", "(EXTRACT(year FROM lineitem.l_shipdate))"],"Workers": [],"Plans": [{"Node Type": "Sort","Parent Relationship": "Outer","Parallel Aware": false,"Async Capable": false,"Startup Cost": 71556.39,"Total Cost": 71562.53,"Plan Rows": 2455,"Plan Width": 252,"Actual Startup Time": 915.405,"Actual Total Time": 915.505,"Actual Rows": 2016,"Actual Loops": 3,"Sort Key": ["n1.n_name", "n2.n_name", "(EXTRACT(year FROM lineitem.l_shipdate))"],"Sort Method": "quicksort","Sort Space Used": 268,"Sort Space Type": "Memory","Workers": [{"Worker Number": 0,"Sort Method": "quicksort","Sort Space Used": 264,"Sort Space Type": "Memory"},{"Worker Number": 1,"Sort Method": "quicksort","Sort Space Used": 323,"Sort Space Type": "Memory"}],"Plans": [{"Node Type": "Hash Join","Parent Relationship": "Outer","Parallel Aware": false,"Async Capable": false,"Join Type": "Inner","Startup Cost": 366.16,"Total Cost": 71418.15,"Plan Rows": 2455,"Plan Width": 252,"Actual Startup Time": 9.181,"Actual Total Time": 913.504,"Actual Rows": 2016,"Actual Loops": 3,"Inner Unique": false,"Hash Cond": "(lineitem.l_suppkey = supplier.s_suppkey)","Join Filter": "(((n1.n_name = 'CHINA'::bpchar) AND (n2.n_name = 'IRAQ'::bpchar)) OR ((n1.n_name = 'IRAQ'::bpchar) AND (n2.n_name = 'CHINA'::bpchar)))","Rows Removed by Join Filter": 2053,"Workers": [],"Plans": [{"Node Type": "Nested Loop","Parent Relationship": "Outer","Parallel Aware": false,"Async Capable": false,"Join Type": "Inner","Startup Cost": 2.26,"Total Cost": 70727.78,"Plan Rows": 60250,"Plan Width": 124,"Actual Startup Time": 0.506,"Actual Total Time": 899.012,"Actual Rows": 48409,"Actual Loops": 3,"Inner Unique": false,"Workers": [],"Plans": [{"Node Type": "Nested Loop","Parent Relationship": "Outer","Parallel Aware": false,"Async Capable": false,"Join Type": "Inner","Startup Cost": 1.83,"Total Cost": 12400.01,"Plan Rows": 49000,"Plan Width": 108,"Actual Startup Time": 0.312,"Actual Total Time": 225.745,"Actual Rows": 39895,"Actual Loops": 3,"Inner Unique": false,"Workers": [],"Plans": [{"Node Type": "Hash Join","Parent Relationship": "Outer","Parallel Aware": false,"Async Capable": false,"Join Type": "Inner","Startup Cost": 1.40,"Total Cost": 4403.27,"Plan Rows": 4900,"Plan Width": 108,"Actual Startup Time": 0.179,"Actual Total Time": 47.302,"Actual Rows": 3996,"Actual Loops": 3,"Inner Unique": true,"Hash Cond": "(customer.c_nationkey = n2.n_nationkey)","Workers": [],"Plans": [{"Node Type": "Seq Scan","Parent Relationship": "Outer","Parallel Aware": true,"Async Capable": false,"Relation Name": "customer","Alias": "customer","Startup Cost": 0.00,"Total Cost": 4210.00,"Plan Rows": 62500,"Plan Width": 8,"Actual Startup Time": 0.018,"Actual Total Time": 9.574,"Actual Rows": 50000,"Actual Loops": 3,"Workers": []},{"Node Type": "Hash","Parent Relationship": "Inner","Parallel Aware": false,"Async Capable": false,"Startup Cost": 1.38,"Total Cost": 1.38,"Plan Rows": 2,"Plan Width": 108,"Actual Startup Time": 0.079,"Actual Total Time": 0.083,"Actual Rows": 2,"Actual Loops": 3,"Hash Buckets": 1024,"Original Hash Buckets": 1024,"Hash Batches": 1,"Original Hash Batches": 1,"Peak Memory Usage": 9,"Workers": [],"Plans": [{"Node Type": "Seq Scan","Parent Relationship": "Outer","Parallel Aware": false,"Async Capable": false,"Relation Name": "nation","Alias": "n2","Startup Cost": 0.00,"Total Cost": 1.38,"Plan Rows": 2,"Plan Width": 108,"Actual Startup Time": 0.057,"Actual Total Time": 0.063,"Actual Rows": 2,"Actual Loops": 3,"Filter": "((n_name = 'IRAQ'::bpchar) OR (n_name = 'CHINA'::bpchar))","Rows Removed by Filter": 23,"Workers": []}]}]},{"Node Type": "Index Scan","Parent Relationship": "Inner","Parallel Aware": false,"Async Capable": false,"Scan Direction": "Forward","Index Name": "idx_orders_custkey","Relation Name": "orders","Alias": "orders","Startup Cost": 0.43,"Total Cost": 1.46,"Plan Rows": 17,"Plan Width": 8,"Actual Startup Time": 0.007,"Actual Total Time": 0.043,"Actual Rows": 10,"Actual Loops": 11987,"Index Cond": "(o_custkey = customer.c_custkey)","Rows Removed by Index Recheck": 0,"Workers": []}]},{"Node Type": "Index Scan","Parent Relationship": "Inner","Parallel Aware": false,"Async Capable": false,"Scan Direction": "Forward","Index Name": "idx_lineitem_orderkey","Relation Name": "lineitem","Alias": "lineitem","Startup Cost": 0.43,"Total Cost": 1.14,"Plan Rows": 5,"Plan Width": 24,"Actual Startup Time": 0.016,"Actual Total Time": 0.017,"Actual Rows": 1,"Actual Loops": 119686,"Index Cond": "(l_orderkey = orders.o_orderkey)","Rows Removed by Index Recheck": 0,"Filter": "((l_shipdate >= '1995-01-01'::date) AND (l_shipdate <= '1996-12-31'::date))","Rows Removed by Filter": 3,"Workers": []}]},{"Node Type": "Hash","Parent Relationship": "Inner","Parallel Aware": false,"Async Capable": false,"Startup Cost": 354.10,"Total Cost": 354.10,"Plan Rows": 784,"Plan Width": 108,"Actual Startup Time": 7.225,"Actual Total Time": 7.237,"Actual Rows": 845,"Actual Loops": 3,"Hash Buckets": 1024,"Original Hash Buckets": 1024,"Hash Batches": 1,"Original Hash Batches": 1,"Peak Memory Usage": 60,"Workers": [],"Plans": [{"Node Type": "Hash Join","Parent Relationship": "Outer","Parallel Aware": false,"Async Capable": false,"Join Type": "Inner","Startup Cost": 1.40,"Total Cost": 354.10,"Plan Rows": 784,"Plan Width": 108,"Actual Startup Time": 0.095,"Actual Total Time": 7.044,"Actual Rows": 845,"Actual Loops": 3,"Inner Unique": true,"Hash Cond": "(supplier.s_nationkey = n1.n_nationkey)","Workers": [],"Plans": [{"Node Type": "Seq Scan","Parent Relationship": "Outer","Parallel Aware": false,"Async Capable": false,"Relation Name": "supplier","Alias": "supplier","Startup Cost": 0.00,"Total Cost": 322.00,"Plan Rows": 10000,"Plan Width": 8,"Actual Startup Time": 0.034,"Actual Total Time": 3.775,"Actual Rows": 10000,"Actual Loops": 3,"Workers": []},{"Node Type": "Hash","Parent Relationship": "Inner","Parallel Aware": false,"Async Capable": false,"Startup Cost": 1.38,"Total Cost": 1.38,"Plan Rows": 2,"Plan Width": 108,"Actual Startup Time": 0.024,"Actual Total Time": 0.027,"Actual Rows": 2,"Actual Loops": 3,"Hash Buckets": 1024,"Original Hash Buckets": 1024,"Hash Batches": 1,"Original Hash Batches": 1,"Peak Memory Usage": 9,"Workers": [],"Plans": [{"Node Type": "Seq Scan","Parent Relationship": "Outer","Parallel Aware": false,"Async Capable": false,"Relation Name": "nation","Alias": "n1","Startup Cost": 0.00,"Total Cost": 1.38,"Plan Rows": 2,"Plan Width": 108,"Actual Startup Time": 0.014,"Actual Total Time": 0.018,"Actual Rows": 2,"Actual Loops": 3,"Filter": "((n_name = 'CHINA'::bpchar) OR (n_name = 'IRAQ'::bpchar))","Rows Removed by Filter": 23,"Workers": []}]}]}]}]}]}]}]}]},"Planning Time": 9.605,"Triggers": [],"Execution Time": 982.837}]
